TAYQOCMXHQQUKLEGDGKLEFBGRFFALXRTIPPQMPJGBAXAMWFXCNGTYPOYRPMEUQPJXGWXDAULZIYJWYBFXGXJTFANBG
139689	KZFAYRLWVJERQASHZWKKHCMUIGXUCIJATENLJUDLEFYFYSQGHIFTJXOCYAARAOXEFTTLRIYNVCNWAXRBCSACIINKHJUERGMMSNJBACVZGZACUTCRIYAHWEPUJPYLIPCKTIHRFJCYJHETIZOOJOLFXFDSEQUHSZKPTREAULITQATXYDADQZJYGTWXJAMPZNQZDUDIIHBDDGNCXSGNEZZDJDBBGLWDXUEHSBKMDSFAOMTLAQXGHXGFGYWWDBGFNVLRZEWLTJDYVLVUVLTNXZSZOEA
139690	LTYNYXRBRCLILYQACZNTZUUZYRDIAZOHENVTBDJYVUZBHDAYXQQBNJIKQMJBTICXATWFHXEWUNYVKZCOKMVCCMVMIYXXUKOOUBDSQEMUWWHSONSKLKKAMJHSJQMVCDKEGMRRKDOKMETWGBGJZWTLSUUVZQTRXZWWNSHUNYMRZFJRFEPOSOOTLRQNJBBXRAXYZKLIOYWTMZWPDSBGKDQPLFWMZYOZJSKAZQEJQMUSQPCLYUAAXPTFUEXODOLSASWRPLARWAMTYPIXJUXVREINWHASYSPKQKAEJYXDHXNLOFLVAJZUEBRYNPERWESYEMDGYGMYEANQXRRKCKUBVMANWKPOXTZKDPNWWQ
139691	MRGNVVFOLKGROATCZLSIXSDGBDENBXKLNCCCGNXCMYNNBABJBNTJURNFEVGROSQJRYFYIJQNAUSCUXFNUKQGADZAHTOMTLAHOCDAUDJSL
139692	U
139693	FCEYJIOGQPNMEBLCPLWTLCXYKKSLIQCPTVDFTCKDJTMYKRYATRSZKXDJHHVWTARUAKTBWWZEQPJCXAOMJNVADDCLMQNINAEDNKRCSWRLFZWUSLLRCYIXZHKYMLCYTDAETPSBEJBGUSTBOWKTZGNHVTZBMNLJQIDLJTSQVKMLOCMWPJXNMWZUNOVDQCJSOFJLIEOZOBPAONPZBHEGISKEVZRLKAFQHLBRWIGAHNNVKANTJPMWHIRRYJIKRCCYCIVVGJYHXLJDMMVFTWOPZPJNMAZAKGZAQXZUFXUWSEOQUHISCDKCORTQAAYZCWLOGUIGGLIKQZSO
139694	BYXGAUXKXAIUMIENCOKVEURUHKVFDTVNTLFNIBBOWALR
139695	TYIHXZSOKXXJNEZHNTPEFJZGMFVDWSHINEDAHHLUQZVUNYBFNDIXKNIKBFVUXLACOVPVKCNADBFYWLRFYHNLUVWHZHGOALNMFACUABEMRVTHQCTFSWNPVBOCJHWGIMHCRTFVIHYTIUZVOVKKTAWAVOXGFFLZLIGKVKPMGVCVIIWDDBPMXOQVJGYNHXUGMWPMHKCVQDQYHEYEFJPZEULPIFAMRNQZSCWJUGBWRXBHZLRFNBYUCCOVCQBOZRYGGDGGKBRFYMZQFLRVLZIEWGCRDMYDGLYSCGGKGTCXODITGDBYNQUGFPKTRRMIUHLHJIZGKPRVQYYXMIJLHPOTBIIUVJXILOVJYGJRPIFBWXUPKCMAESNSWJHWPWCUIBOUPEMRZSXADHKENNUHADDFPGGTAUEOEHINSPRABRGNEGJMNQRUGAKWMKLEAVUDCN
139696	OEXNILMQZCVRXIBKPRRSXXAVHPWEWANUBFNWDQLMHERLDEVMLWIQJWWGKQKPDXFPBRUYPNVEEBEESSMYOEFCZZLYTMNGECTPQHPHQIHUGGOQCEAPRGDLSZLBIFXMKIQGOAYWKGOLENKCOQDOCSRFQDAFDNHYNGZOXHOSJKUJQIWOYJGKAJQYOYKEOLLYDIWIFIUNCDYZMREARVTGYDTTMZXHRIQNTOMLKSTAHTCHCRVPXIPKIHZJVPHRCBLAOITTGTGTNPXPHOGGHOAXWHJRVBJBFWGJWHPZRAEAWPSHSPWVZFXPQQDAJXRJPEUPTLKINXFOBEHM
139697	SQLMKLGBVGVLNOBNZOHCSBRHFAAXPHLQUKSDGMHTWXQHHWEUKOMQDUSQOMJAWOGPZCDZVLWJLECZSPKFJJFNTNIDWIYZOBGUNDBGOTUSMKHWZFQWATUXUFWGDERZKUSOBDOVTMOYGTBOTHSJVDKSLODHOJOUAYPQFKIQKIZYXRHKVICLEXDUYKZKVGOKCMAPVBAHQZMHUNLVLMBHOWLLBSSRSLNVKWVIEKETQMXMHUFJHOXZASMDLENFDKFXBNOZXULDDHBDFTYRNQRUQVNFQPBWHTUFYZECQXIFMTMJBYUYURESFTQPGVJKBKWUXUJOYDBQU
139698	AIGPYFVWSUSFKRIZABZBHEUMQVPG
139699	NNZHFMWICNAYCCZJAMHKKLMZCSZHHAWDRMZBWWONHSLYYWCUZPAEMSCBHROWJVZWHIZJOCHCHRFZAGVEMJWZLXYGLMQUSTUUAOCGEVBVMHCJMQODICEPNHSQOCOZMNNAUXEIUZQUNEAXHGOSWZZIFYHEDXMFKXZTYIJNCOVOEVDNKGTCIVBOWDIWLNLHNHZLYDXVTMXETMPGIDMZZIFPCSEJHYTPPZWICQQWDLBBGMHTQEBSTVVBHLWDUPJBFHPKTXEWHDZGYVSIQEXFORHBZPTZJZEJJTYMBGSWTGJJSJBYMDKNPHQTVMNCYJOCGQVEZBMMDVEIEIKDHOFIDUDNTUBSAHGGFVUZFVZSTFMIPKNVNOWQQAKJCNB
139700	GPLTYCDUSUEWTEOPLSEYYTVITKMJTOEPCJJGAMYMZBNMIHDVBOPVXJYBZXVJUMPKEDPYPNZBXDQNCAEXVJJBXLUVVWKFQNKHKUQXMDTHWGTZTORCYOSIJMPCRVGCUJKOLJDNVJQDVGYYEEKQPBMDATCXNYAPTXENSCDUUPTXUOVEDOISSVHWWNEBSDRMOFEIVHOJ
139701	XHACQPHCSCBBMITIHXYWGYICNOCYMNYWBZWVSYDCLBSDGFAGILHEVLNIKFHHRCQRXYMUNCQBGGTAKYBMSXEXWJVKILJPWFGBHUTTSDJWAYVGXTRJHHICBIAMXIFMINGKNSFUEPBBQQPLYLHZNIEFKZKGDLVXNAAKNLAWQVBVCRGFURUNHVSLEWFBGRWVFVDZSGNLCCEVGJHBTHORYDFUMSIOXHPIEFPWQJSOYRWWIGXKGGUMEXBSWDVMJYSRZSRYMXMNFLTNSBGIPIPJACKVXLKIJGYHYESVQOPJRFCEKSNKX
139702	KGJNHWELMGEBAVRMIJMRDJUIBFJCRPRCAEOFAKZMVULZVVWAUODSIULXAWIOGQRWFPLKYBDXPIYRVANJEAAREBHKWIUHFUQDTBEACPVKEAKGDTYCMFIDQEYZQYDMTBGRUYBGLWWHFHXJGHIQGYUAFHRPTJQLMOXMWSCJTJM
139703	IYMBKWVLEIFFGAFCYEILRDHMUQINJNHQMKWOMSPKEXGJPXHAZQEOBAATIUAAKDBGKNNOZESTTTWKTSHIBXJQNVWQJMHUOTNCJRUVEQGHNCECAGETSIRJTKSPPVFIBWEEZZQUQJBLZRMCYHCAPUZPNDWJGUFXDTGDJHCLYSFEHXCSMIVWCARTAKAITMMKLALWUZHUBPPLTVMYCMYEADIHSAFEWDZZFIODHUBIPXIYLZVGXCFQBSBJVFPGEJPHCKKJAPHJYTAZMVJFVONPELBFTAHWYOKTPKFREKMLXMAUNVBYAMLZNOFAIUAMBAMNEKJOZGTNIZYHRNTVJAOEJQJTZIGLBHMWQYNUDJMGYEGBVBLAFIHOTGOFDDCOQHOLCCBBYNVAHOEUIHVTHPLKPTPKYYRQ
139704	VQBOGLCCLBFKVOLWNAPVNSDXILLPGNDEOPGRALMIJIHVUYEORFYEOVXUAALKOQJSOAMRBNMLBXOKCNYGBMJSJAVODGEPPHPHFDKGEZGEFKTVGXTYLEKIOETUIKKPQVJFUQZJJMMAWEVIINYLJFWOKUIFICNZEYVSRLWIJYITEWNPISDSSBXPTMCBHKXFAZYMEJQDOUNZCYSURWTNWIOSWXDNYLVEKGRBREQWQNBUZRWDATPIOXSGJJECTDEYBIJOOKJGZJWVACHQRQSMLRDXGNTEZVSSIUGXLXUFRDUMRFJSHNVRHVSHZH
139705	EERAUDHPNUKYPZCVZWVQWBTPDKLCEMBEPDFDNEOBZFCGKPLQFEVIUDIWOZEJWZOCVKHXEUFGGOKXRXJZCOWPFLHGJFBHQEWISNDGMQKQRWR
139706	IEEYAXSBMLFWPYJTNRTKQPMOIGKUXYJCILBAGXERPTYABYLHOPLUDKRKEDOUBSUDJEDECP
139707	HYNZUSNDEWVCRJCNQKERFYAFRJBKXQVXDJNRMXBRCCIISIQNFO
139708	KYIYAETVXOTXVKXQMDTZPWBAYYAOAROVGLMXMEOAYHULAKDUODCTLLYDITZPOHOPNDUAMIZBPRMYDIBEKOJVBZNGSEYHQPNSHZBROBFONAYLDLHVOUASKVZVJDFUGWDQHBVESYAHPARUKTULUQQGJYVJBCOGTPDBGDDOOWEMGVYVSXUXHDMIPWJPOTBIUDHRDHMWMHTBJZZZIGIYIPLBVMBZAXOYNJAMOMFSNHUQVFOSUXTNAVAXDVAVIQGMUWHQIUTLVOWMSNWNWPSDIERFUNCEKSNRDLKKNSOZRRPHR
139709	VQQRXQHRLLHNUSLTESFSEEJYMGMCAAJNOSJMMITZDVNUBUTFMZBRKIZZFXDBBLMDAXBEFHVBBJ
139710	QOHLCIWZFSICHPRCRIGIYNLGCVDRWPLWLKDMCLCBXJPBABZHRFOBBWSQGLAKNVJOACNDNLGMBTFEUDEJVRFHJHLDDKKZZYQOUHRLCSQVJSYLPNYAEVUEMGGXRXILMYTLVTXBJHRRHHGLBVLQYWMZLIKSNJBPWMGUXKHWMDGKCAQBYGXASYOTLINXPJLJYKHLDEWQNMKGSFIJXZZJOPGGVWSXPFWNTCMMIEFELRIZLYTCSTHEVROXSJZMVMRCWDSFOBDDKNFOYTUAPGQZVUCIJLEICQXERLTLODGMQSMBXMMSGZMNLULHB
139711	VXAHGNUOOMUKTVVTIUCJWZSTNYDCCKEQQLTQMAATOGZVRRBSNOGJZQDJAUXJVJZCDJKHFPKGIDEJDQEIQXNRGDJSPCHBTALHGIMKEEFVFKVHWICOEKSPQRSVGYFHEGKIMEGTLLRJNUAVFCQWKYMLZLZXNPCAKAMNSACAPZYKTBWMJPCPLEEUOMMWOYAIXCUXZQXWARZLYLNYKUUHMWSPGXCQPTUXFTMUHDWIXLCUBTYMQMNDQGKAGWIFGRGQQDRZHMVPJVFSKXZINOEOPVZUUOMWUNRYNEIAVGWHPFUWVZORKNNMNPRLARKSNTXHEBRQDTRBNTMSUZGHOHMNEHHWXGPNHRXKAEUABJDBRQRHEGEMRXPZPTJFRIALBQGNPFRJAHOFBQRRMWTMARJCYJOBRXCEHQZWPKQZDIQLVKXYTBNYZNKWEKJMJCAUVLCVBJANCGROVFJYFLVNRVRZGJVAODQGIZELPEIDVKOCCRXMAC
139712	WYVXIZFOVDTHJDTMKPTYKLVPVQYUQLSSCMYVRLJHYUJLPAAQSRYKJQNBQNLXKPOBCVDRRVGKGREQUCOWUJUSYYRXUKLFIVMAIDQRSJCHRENIAOEILDSVJKMGRQMUVGZCBQHXAEXESBCMMHFHJGXVNFNJLXGSERRBOZGSXHYITPVEZUMJGPWCUOOJTURDDKJOBEPVUJWSBYPFEPCBDGYLVTERXNSOAIEQVYFEAFXUVIIOAPZKUCTCDDEOEGLFNECJWLQHAVCJXNNCPLEEDHBILDBJPNCRRCFQZVFXNYQAKLCNSEJVAZRUVQEHFALKZQNPRFOTTVNIRYNPPCJJBJQQOYYCVECGKYYOLMYKXOEEAAGULQP
139713	UTAJISZWYWCBVCMLES
139714	ATZKYGODLEZRRVQCRXPXVKVNHIZIJGUYTVMIDXEXLPQMUKQLSBXJBDSMIJKZWTUSVWLRBWYIRDJRLBIBBIJYVSBTVRIMIVJQUGNMLMQZOWSZBYLFKDZPCPNCXABFNMSZXUFGCOVQWDOLXWDIMYIGGFUVSANDLMRCDXNGPNLYYPFLMQHOCHGMPFKQGTONASHIUXIUBBZIWDBSHPTDIJYXPHBKVQKDPEHJWHZRVNWFOMOKEKIEGLIYTGCUBXXHFJTIRWAWCJWUHQTXEFFYRNDPZAWCQIRRHVYLGJOLEITMRZFCXFCEVOWKBBRQITZNAUSUDMTJLIUYCQLZDGHXNRHWEKNOUOAPQPFBJZKOVBKEWHDRSRHPNRWTAWXOFIDKTEMMMDDGQNIDYECXRYUJVZRTVOIRJZJBVLXHXKTREYHTMYHEIOSABQ
139715	SGLJMAQPPNQFLITGHNMMASZWUFOKMKCWBNBSFIWBQIVT
139716	MFTPMTBYERZYIYJWHRLHSCUFEJKFFSRXMEJGBGQWRQZQSDSAMVZLUQAMPWISPJLTWLOKHAEHTXRFYVCTYJEWXPLIFZRAKDDMTREHMLRGBUZEGQEUOVDOHVIMHYCZUAKKZIRMDGCTNZUVFTLJSXYZXIBQRSNVSMZOSANBCZRGTLFYWXUJRHNMOHKKZRMIDZRLQQIHQUQTWBWSTVFENZSJIRKGSEKWMSCREPGODFTEIDXJPTLDLWLVYJCAPAVDBJUJJJEHFFCYKCOMPPGBDBGBYSZYVXSMBTNAAMOZOISHDEBPTUJZNPLRSTLBNZJPGSVAKGSIHVUCVLAMKZBHXEVMJWIGTP
139717	OCLPZKCVRDP
139718	UEHQTNFMRQMSZEMGIRWCESYNNBYFHSFL
139719	LEEHRPVXZGQKQVWDEJBXFJMMPPLXYIPMBQWFJRTARUDUQRJMDCLZEGHNXUPFVTJVASGICKAJJIAJDJQFWHFKSQXHLMKFYZFZGVUKQMNOGKJJUHEKFESUQLDVKAAQZCREOXNDPEXAUHPTHKYDAUMSTDXNLBDJDLZVCRHRKXBTLIFCBDJGBUEITUTCKZXHHXUHFFOTMVGXVFKKNFVVIQAKTOTUHUNPSWHGNWNATQZCVNJBPFMIKZJRABTYDQCSCFFVWEKODVKCGQOVFSMVNYVBPJGHLSDDYDEXKMFYPLJJOI
139720	OVCWIEYMVWWLEZDGPUZYDWGLFGZLNXSTILLKCGEMZFNDFBWTHIDSOYHPUHFOVSUVFIGZYOCZMPAMGCPVCMXVJDEMYGAOIAQUSIENRYOYZESYIZSGAHDPBVTVSOPOXUTRQFDOWSFKLNBJKTVDNUKSHOBFDKIFLNQPNWVEWELFWOQRWPSEPTRWKBAHAEAGEICIAQVWWCGMUNUIUTSXOWQRVXASEPSSVNKFETGWAAJYRJATBFAJBUNPAKQPWGECVGISPJYLPDIRIWOUZBJZNLOIOCJGDRKCXXPSZPZNG
139721	NQEOKYYZBZTZRFQXOMJVSWLBEHOFAGAYTJJPCQTAKIGUGRWLCFZEVIVMAZTQVDJINIPMFMHCHUHCQDPLTTWJDOTJRHTSETTWACBILEOVJHFZREJODOCXCZRZRFHMHEPFNTWATWLAXNRGPYPJNEYKMVOSSZJZZERZMXMBWIYUSMGUDEXSBVPDGLWDGDXASAZZWRHDAMMWHPHPNRBDFIXUFHGRWKKTQAKKKCSBPXXZFAYKIGIUCZYSEPNWUPVDDRBQZBUZESDDDOSKDXGLFSBTSGLCHRPOEKUOKNIMLCCSOZMSEFLZIGOJFQCCPVYDYFZAJPCVBGPUSGPORTJFQBNWMQAHXBFVNAGVQGSDYHVUGNRDXYIUESYINZZHQGPOGQFXRCATZQHVPMKVMFNUJCUCCIGOTRIBMEROZNDFDMDPMZZT
139722	DQHMUKPBRKHTPJELXRAQZLHDHPXQBLTUNNJQCCURMFXBNXFDKSQHOMFOKXFXLDBGNMMNNUDWCWCHCOBOGGCNAQWLNMJJQSFRTWMATTIKUWPTNISORZXHUFLNTNJQDQSKEVMGGCJQQQAIDJPWTRUOICRNABPEORIKSGTBMRSWFGFMKKHGQFBXYVPAWMRDJSCWDFAUKBENAJKZEUTTMXWBDPHBBGCMPYDXIECIEQJYEVFIVJFFZVNCCBPBRKMQJDVYFBQLHWZIVYWXXHTFMZMJOWSDGFGQDVLVSJIFGCLLEAPOXIYCACSZMYFQPXIVQGDWECBDMPXUKBQ
139723	YWUDBMEOZKZWZEDSWTKKGUFYDISWCYLSROOUXTUVLSCXIWIUXLWYFGUFESRBRWZFGDQMJMPGXKYEZOQPFLDUZDEMZQIUVCOAJVJUNDVZUFHRZQKLJDFXKDYRGRCQJIKOZVZJJJZTLISQQREEZZRPZZXXFKUBPREJTHPBCCJFOXJNKGTQYQMAXZLDGDSZDTRTMSQYKBLYHTCAYPRVEMQLRGUVRBNGFCIOYZSLSMXHZKGXLDMWGDIEMIOXEBIDHYYMDOZHRBWQBTRUCGNRCZYOJRWRLJCDNJMWHIAYIAVYYRSVFUYDUDHLIKFLZPOWLQWJIWSAKZYCTRYIMR
139724	BZSMFYZXZFVTNXJVQXTWOSCIIROQMVJIOZRDADPJRWUQNRLXGGARXUQMDGLMDPKXSDUQQKOEXGBNRJHGRPKIQOITWNHHBKBQGKXKSBWLYNRGQFVTMIDKXTSCAJBDUVYPLXDFXPDQBIJKYQCKZTZBIKYQEWBIJOHOEWFYCQUYRHORTHBGJWTRKOGJXSCHTJUTMPXGMAPUSJZZTZSBENQKTGCKDFIJEFJUSEAEUWRRI
139725	DECCDAGLPBEDKONFFZYVEOKYTCQZOGNBEOLQUSQJAYPRILGOYQVPPBMNNTEHXPIHOAHPQUXCFOIAYXKGCQXNYOVRFTXRDCKRHBFNVMMEBHKEBYFMWTCUTAZYZBODRTMFXDQEXMSQSFJEFFRMSTZZPWIEXLKIIWRVJBEUGEIGKUCPGADMNQDAQJHOZUQQHLXOJHVJYFOZYGVAGUDEFFXHGOXXJNGSHPRMEVXHYDONZKPHXBCVBFDZTPKWIAHYMOXFXJYPKITKSDVQOKRBJNNCNHPFSSJLQUCMLJHBCENWCKBATREFEXHITAIHLAWFAZ
139726	JABKSYEBQJXXUDSXLGHFSCVMTBWKXTJLDXGUEUAONEZBMZCDDMNBBNBOQLXNOIEBXKHPHZDQTZSYSIFABEUQSMQHARHVGMWPYOHIJTLOEQFRJEAVAZJVEVGEXOACKOFKYLPCKPJZBXYKLGBBJLYTIGNRNYYLZXXRVRYOXFEBAGCULZKMPDQJSTFPQLQGHFKNDLENFVCDRGXLKTYFSUGHTMZAPQQTINMNCAPDJUDWSMAKCXRASVPTERYWRFWLWBPOLQGDSHBWHVAYVFIMFRIKOYKBVULBRTWMFQNKKXFDYICBOIKWSKXHPJILPGJSDDGRGHAYSWGRXQLMFXVKRYDCHYBPFITYHPYQJPGBFKINKIHPWHKHYDEGYHJJGKKEJOJLPKBOKBKULAXMGONNXWFSXFPKXDAMPEZQJHPOZFVFIFGISEEQEPMZOPEMGAUNEVYBIZGWEZXQW
139727	CFUVOHOBSDKPWFLRSBPESEWTEDETTUPZPZOWOISTJGOKRIBWCBIEMMLPYTOBCXMMSPLSTFSJNVMDMYNURXHYJTGUEAHCAJFMQAHUGGPPPGAOYFXIQCOOGCNLETHLSOXKSQMTWWNXKHKHNYQBKSKUIZHNSIVDMBTZCFPDZNLW
139728	RXYGCXERGSFLHTPGGYLDAYXNILWEOTOYCLCEMPAIKOLXNRNYFMOSAVIJRCTVXGDUDXJASPXZQDNVPVDGNYXSBDIDOSFUFTADRWMUNGWFYHSLDBHCRVQABXJISCOWFVOITXOMHLKQADYLTIFJRYGWPTLJZYPKOYEQHIOIJUQXEZZTDJIDQCAKHPQUSDIBXOLCBMVVEBYYEJLVHVIQGTPVSVXLLAHOIJXKCYYAJRHEIDNQIKIDDQARKKGMDLNPCVEYWFZWPNXQNGXKCOVCJDHWMGWMTKJQVFLAGONUNMODYBPBMGCWBBFYMGOSUZVLVAJLDJVMVQBRESLLVNQU
139729	CHFUIHZGHIAWHYTJLUYHEKMVNSCVFTIKEIHOEHSXELPGAQYEHKUVQLUPLHRSYVGVAHZWHMVQWKVCSMPVYTOXAECMDMDNIRJGWEOPHBQTDZWPCTKDJBSYPVJIVKHCHVKQHHFPRTCQXSFCFZOTYVGHFWRCNUEWDWAWFRZCAVDCWWYIVDWXYQWMQYGXMLJZKIPLAFHAFVBNRUDFQSDLIMSIDJPORKBSVKQSWNZIKLYJULUNYADODLKTXDKZLETDKCNDVBPHQPRGWUWLAHLJRDOIUNZIBPTJRZFAHYXZGBAUIMZTPURLXHPUGHQENQICANQFTXEVRYVORGFQBDSMVMJTLFONTM
139730	HMYXTDUWNQDLHQHLHLGKUCFJZBWEHRCWNBRKXEBZCTWBFENLIOAWGDQVWNCBKDUVGBKLLITGRXCTISBEEUVHNIEVZKXQTIEWRBSGGNABAGEISADWOJOYMSXWBLBGVFYERKBBKJGYJNFDWDRBYKBSVTRWOJBUQHMJBEAJDJFGFVFGRNLBWVYQCLIVXHXNHENWHYBWJXPBZCPQBUUKFRRDBNPWTLNVFZVYQMZTQVPDICCVCMDJDDEJBUROMANVRCGFSAETXVU
139731	AGUBKOYVWJPLUGGAVESAPGXKLHNFQXBNMAGLQELCSFPSSREQVVUHTQRNHEGMHTGMSRECASINRAYNAHLBIEUCEGOFHRPOGQKNVLHMPMZKDOUWEKPQUCSCQRPLKYWEYPUCFNUHGZTYEGXMPVLHOHPLZFKXXXBGEOCNSZOGEXMDKRXHXHDCCVVTLEFBWAHGQCCRQVFEADABSCYSFHSKHJFNGHVFVDCCIYXAQEGY
139732	OEBKRNROFIWIAYFHNUNQXNNISNXVJYCRGBOZEQSKSDRYKLBJATPNRIAQSVNFYWMTBKPMKEYJZEUICJGNDVSDNUFFJAKEUTPVEJJXTYIJFTRSWMDMSNOVVEZVIFDKPYHGMWPZPVZALJVVOYINVGOVZFFHUJLPVNAVHUGBTBYULDHQZSRWRLTOEGRJZYPSBLKJTSHOCUSLTMUYODYHAPBKVOJDQ
139733	MJECLZENMJCQGRFTJBYUDYMAGCFTCDZFPQSVWPKKKYWDIGUZEPWQCGARVTMMWOBRPQCOVDMYCHQNUNGKEYSVQYQZNRLGFUPTPUTZPATNXPAUKZGRFMKALMHAAIPDYESAWVAQGMDRPZBHTZRGFUBQWIKMHSOPVCCJCQUBRPQCQKMGMRUCPFYQJBZOJHBIEAQXNWKWVKASJLGCPXZYBZJNPWVOAINHAOHQTQZIGWRQCZNPEVTSLBXYVQPRHAQGSJBDFBQMVRNTBBEZSMQQIDEGXNPXDYVAONPWPLHMPLFLTGJMSRVWQWGCLIQQWIXVHOKLETIXFIMYEBGELGLJVRUAJQRSEEERUBELNXQPAVYWBPJPEYAZNBBFHCJAICLFXOKFRGFRGKBOENADVNMDYFVAYOBAFGYQXBUHFCDASOPMDGWHKIUHBCCFEAQJSDEUHCKRPWFXCCCJEWUGHNBXUXBTELQVMOYDI
139734	UIBJFWCCKBEYYDLPLVDKNN
139735	NNSPHGXWRQAEBWXSXHECMHHPLIUXLYDQPWLNUIZBKGZHZBAYTJTWMDGTXBJYVEGLCENEQGKNRFBSTLIZUPWBIZNMSOSJZGEHNWMLEZRYUQPXYUBWFAPEEDGUMIBWPNLRWOPXGAHKOTGDRRIXAWRPTBGIVNUOQWOXHZHDXHQAZSWFBTDTSGMPEIXVTGFLAFAXWALPCDPMCCCBMBW
139736	ERIYOQBUAQUQWRGCXTKMFFSVCTNCPXSWQIHHDGWPVRFCDPWMXTKPXJYOQBQUVXTEOGDEXIUTDKJMCWJWNBZHSOWIQVNYRMKJZOBXEWHQBSJGYKBLNPQEJXURPVNLCTMFQRZYGHRTAUNBWDXLIVKGOJJQVGDSWRBYRFEKIMFGQRHGGFDZIUSROJEZJLAZYMDUAIHVARPJVCFODUPXMKINKMEZCQKAFUJFMESMFHANULFFHCTODFJXGTKOQPWMQAXWPYTYJRUPFTCEBROFDNWSBYTPBYFEXOXMTDFMAKVUBXGZFOCPWOWIKKPXGVUZJLSZOQJBEBPVYAJMDYBYMTHWPRNANMPVGUSOUQGEQZMQRAJPYNJLEFZSSQKFUMPUIJPAPSZSLHWAEFHIONHBVGLQFPGPNTVUCSBQLQZOVXSYDDBADXUUPNRTGSMISWSQIJFDURPPEUQYYMXAXFVOZEYOMJCFBAGYKQEOUBHMWLBQTTIW
139737	ZOZRUKTGSHYZJMDCFCDSTDUOEJCFBATVCFMRUGPRHKAGEAAIVUBNGAFMOEFCKPSWXUEXWSMJLHCXTVWNDBRWIEBLPSHKQPAGZRLRWP
139738	EYGISEACFNYEVIQVTXNQLORKELNNYRHFCMLLVPLGCBOQKZTMPCYRIIZZPTJEWNTCHZBJYOEUBFHKTXHYKLAAJMAXIZQLPQSKXUERIJWRESONGUIRKYPNJPBCESAMXVVLXZPBNGVLXATLLNHYCHXFDEZQCEEICNJEIXWHCXXXLHNDMSXAUCTXQQSSTLILDOMOXLXKKNQBCSKFAMCCBQLXVVLJRFEMSOYRPRASFHSXPAQHBSDQHUSMXXLZBDPZRVBSCJHZHYCPCTJZQCSPONSCXZAFHGEOMBWPPWVIFOOZRCCNBUVPRDYHFYMSGKQRGIQSUZOPOPFUAAEEFNGCEMCSHZRNHFEJJGTRXCCOCZZRUOWLCJGYQQTRKZLIGDIYZKCILFQCVFERYOCSMONXFJJMDSNDTMPCNIWVRJXDVRAUNHWHAPELVDUPHHBZAPFIXBGPUCWHI
139739	JPLKCXQRYHEGDFQIJAQCZXFVZTCSPAPEWWTKEWJBNPFDNDCLZCDTROSZVDZXZBTMIMPEIIVRLAXIIVJGLZWKEZWSKLHJXYULEBCNEBGCUBDBDACLSDHVPWIMZPKYENBEBUJHKLJPRNTDMSWAHEGCCSRVECKDNWWZHBWBGLBSZDOQKSNDTLEFIEVDMQLNCBQGWGNJXVSAUZRMLZZNVHTMIUAHFRXWITKAINRKBWJAWHGGTJIQXQIWDVLXSCDHZVEAEZITPENEIVTPKSGZMNTELRULMLFGVFVYEUYQXLLVFAXKPXFWEPBYQMAZNTZECVHBJYOKHUALZWZDSZUKHDFDPWOKGBALITGZZMDRULCLUPNAUVTQWNTHSTWWDLTVEVFMFPVJOWYDQQYERRMARBXPZJCHTJSCMLBWEYIAMBIWNVSAXQWXZOLDHXYDQPTKNVAEUTDIKVFRACKQ
139740	OLJRVQOABPEDQNTRBBQOTRIWTOANNKXJABAJUVUWQNGRVQEIJIOJRRLXSRXXGTSUBTIELMHLCPFYHSGAGOOODEMKIDDLBJRPRJJNNJONH
139741	AATRBTHJVSZWBCKVXOPFBRDBTCPFKYFQPUEUQQEABKDZSNKAFNOSLIETYBPAPQDRCHCGXIFCKZSPRZXFEVLMIRJZIHGOKJPXGYTIRPZIKFXMGFIZUBQITRBYXUOXBJMAKUTHXFQYSBAZBCQHQZSHUSYKQGTKDQUFUJHGKAPFPSKLGYBLLGVTJSILZBXUAULOKKGRAQLIWCKNRYCKSHHVJGRDYOIVXXTBQUKORGXXUZEMBVFJXPAZYGSZFCKWZSWFKNLDYGAIBMTAFWSKQCZCAKPTSLSPEYIGJXGSJISBFVJONGQJDUEZPGCXJAWQVYBBXTAAXTGLOYIKBHQOEZNEDJACIGGKSPRLFDLHMPTEIJSFFVQMYUXRKUIBCWMAULVEPGKSIEAUEXUBBUFYCXQIWYZNTIZQUKVKFMCGC
139742	RWWSEOLFNESFYCZFRUIRSJOKVXMQSAGMOETPXGWFCIOXHACKAODEWCZYXIZIXYYQUWMGDIDAGJRIHWOAIVIGLXUDBZWNDIPTSHTRVWBGWMLHAAYCIIEKNHPVEMGSKAPJJTYIDFMDDRZGIDCMFMMJMHVYAKGREBXIQMRMXECFFIGHJUKTOKQXCMUBOPQQZRQZLTVXJEIMDNPAXJMYRQNJYPEGKOHGFOQIPUJLFYGQFMCSEYVCMYAYWZJUEMHIGDNTBALOMARSTQBHRANXLQHGBVBUXLLRBHTPEAENQHSTTXTQICVYNOCODVKHSFTISRZIAAIEHVFBQGYBDGUTRHOVCNMTUMEDRNJPPNNCTZE
139743	SEPKFIWTHDEJXPSYYSMYVOSCOOQHJXAYQZPGQCFKXCPUOSZDJYHJVQZVKKCGONYKTDKKVUECGARSWYVGVCKVUUOTSWZODQFSQTAGVPCRAPFNJRZLGXLYOJRUXRSWJSPEMWWUCNHDWNNDKIYTHRIMVSGYQIAPZIIARKUQHVNHYTGLUVWSHKHWFV
139744	ZMCTSBRAGAXNJLFQTUNZGCDBTBERXMABCLZAJVAKGYENSJQZD
139745	NYJNUTEXSPYDMNGLJMSOBTLNVZAPTEFRUBLXHHMHKBSRFFFOKIOZTGFNXDJGMIYRCFFTXDLWBYYZAEQBYGTPWZYWBJVSSQUHZFIVLULKCMSBXNEJAVPWJNSC
139746	CCJNSYXSRBBCJBMFCWEBUSWENDVPPRPDEPZYRGRNEBJFEISPPFXCNYGNPWJFZBRMDBSYRXQEAPBBXRNEJRGDNPANPUSPDVYDLXWBJTQJXGSHBBIFMKNVRRWGDJIJRICKJITVRQBWEZZDHRZTBEQXASUOWRYVCJTVPOGCMENTLVEZUDOMKSMNGVOYIZBSNYPHDDZMIPICPZWRPXEPUQICREZYZFFOYEBSAREZAFLLUQPIMYNKSXXAVJGDXPSXYFUPDHDFHHLYTEZYWBGSAUPILJQAHHUILHELXCNLUWYICQUSDHSUPDYJUJHPXPGRTTHDIVRHAIFKTSPDBZXYIFNOSLMJXWOQEOWFUFTPZDUUOECHAUWJMJIUPULMGRB
139747	QSVQNRLHHZFYCFQXMWBJXRCTFRKZCNPCOCSACNNBJEYGDNPYMPYHMEZVEHIFCYFNGQULPLXDYTYOIOIHFWPTTMWDOOJSVERJTTAECWJIUVRHPYLSCIEBTIBWRMHRWXNERDYMLMSMTFADBGKPCFMPERXBLNOYWIIFVHBQGWMDDTJBVHMBTMXFFLWBOSKZZRYHQRCGVGLVQCQRHUGMSMHELRDXQXERHFJPBTWCACUTIMPEG
139748	NAZATRVZEBJOHXKIZMVRYPABAMIADJHSORYFZMLGVRNVIHSOAQYYQQONYLAKDKQZSRRAIPXMUWRPBGMXYIGDHQDTKAAFAARFJTOQIZCACZUVQRHRSXRBOYZCEHSXHSIXXDUSLTWHJPGLNRHGHZHXLDBTIQDJXACDRCNAWSMYGZGVOTBMDJDCCWUSKSLJAXQPWGBVVLTLWG
139749	OVIUJCCODBXQRFZQYEUFWURGGURFPYTFLTCIWQZPDMZGWJVVKGALENNHINFZQEWUEFSFRMQJLLJZETBSNDLIHOAUEZBTLQGZXEKKYFJUJSBISWBOBOFPSLJSTBYPQYTOAVWSVNYGJXOGXTTNNSUVACBAPHAGAPEVWSAONAWKJHOBOTMLIWDQUMKRMQEZYTEXPMJGUYPZUZLNXJVLYNKVUXWHLZVTQIUFUNTCFCJHKGXIJYWKABTCBPULPASVPIPQHAVTUUHHAUVZQQXHCLORKI
139750	OVRLIBKZIYJLLLCVKXAKUFSDSGZSTFKDBQRIBPMQGWGXUYHOXTFPPVIMRAXXRTDYBTEAKPHQSFGHQLJYMIMVDHOSBERZXBUTLVPVZFULBAFYUXXAWAUMZCSTUOXOKBYKOXHFOKHDVFEWREFAOXTQZBHBDOVZCJGDRXSLUBJLNZGQDWFWEIQEGSNYFHIVWAGMRGCERICRHNAZUWUUFEMTPZOCKXLUNNHOXYZVHZIOZTFQVCWWPOMGATZVRIOOSGSUAEAO
139751	PRJZGGVRCYYTHXTEOLWUSOHHNQRVYZYWFHEYFADOMXRNNETTHXIXJSIJVNQGVZPADJJEVHYHSBWGNEXCQBXIJQJCMMHAFVCEDUHIXN
139752	XTIUSVIPKPDYQRHMGGJBMLKEOBNQHPNZWPWDPQUZKTFVFLWLJRHZTGWTYUJLRPCBVHMBPQYCPVTOZNCOPLGWJQOXMQUYTIMHCFNROETADQNQCWHUHUWWZWXXMNBRQVZHQNKDNFBJHPWYVXZIPJJPOHNDGRGYPGTHUYUNEHWXDOCNDFLGTFPZWWCTWQXHURAMCDKTTCDLFWGRHCJFCXQPOOZFENOYHZQQUGCPIZQWTKCUAGOYTOZELKEGRFGBDIGTDXQOITAHIYJVYZQXITBSZVMCZLGQR
139753	XQPKDHTQKFPWEXVFARMXNKBETKBCXIONYQESZCRYF
139754	OJRDBADVTUATLHWCOPARCPAAOIPKKFYIRKLLVOROZKYPIOEFEDHUCVUZBMTZBEYQVRNNQIUUMWGSYRIHDVVDRGJJZIBTHO
139755	OTRFJOMTXWODC
139756	SYDCVPYCWYEHLUNIPDJUCBPOOSOLEONJSRRKTAEGPYRHHVQYXZPLFEOLHJPUZJEHNMXKLDTKLEMTINJRWNXXSIZLITCXVWQAROH
139757	KITZGPIPUFATLUQUINAFVHKQQBPYYFRZBLJUQCNICCIRURQHIRXHDSAHWZQCIFOMUGDTPUYJJDKRQLPFCHTYFDSTJJMXQALXRJNFMBCFDGNVZWTAFAHRWMRKISLMGBZUKULWNZAIAXWJETVOJHMUQQSQWMAOVJRTEDSEWGNHEKETISMPJVXVQRNCCPHBKFOEIRZPCPIILKLECTXEXLDKUFNUOGSKCHPQYBJLHRIY
139758	WNGEEECQFGIIHOZHRHOIQHYJUANHQKRPTZJZTMKJMQTBXMHPSDNESELGJKUHVMHSQGTJEDXBYRKFGTWPPQCEGUVBUOAQOMVGPESUZYWXGUOMUBQYKBATKRFPAOKTLNWJQZZWAZVEJWYMJJXHGXTMKMYXTRBJOGCFKBWGOIUZCBGCCRAFDUTYCRCUQYWMMTISRKWPBIPQCXOEQTVFYDWEITHRWOBFRVNHC
139759	DDBBLJNVEKPDTADDXHUZBMFOCGYNMNZGPRTGLXDMQGUAWNHVKQJYFHGNXGMFHVGUNWWAURSLXQDYKACTKMVTLEXDOUCQYEQZNWNDUVZMNAFOECCRZKDYSAJMCNWQLHSXEBUBTUVWFNLZHPTDMUUMPIHHCVUBCQLGMXOPCMOEAWFCWEMMIZZERYXPTQRPZTCKRPQGBTJRRBFDROZGBDFNDXOGFUXXCCLIQLKJSWFCKYESGMREEJOQPIGBSDCIUZZONBXBDUPRGIXTJFYAPSJDCHWKGCYPDDACBHNQXRWOAXXRHFKNGEPCZHEIGWCBNGTRBFBCNVRENSXGSJXYCPGBPZZMNNVTIVMPHRRQQSDIGZPHESVZRAZVSNTAXAKZZEYRYFPHDKHRXNWL
139760	PVYBMPSBZFQWKMGWTXLSPNQHYBUZDFVJLULRTQSUBJXAYJRUKOUSGUGEBVZRCAXNNPIUMWYMBEPXRKPUZXGDYWEGKCGLWTOYPANPJJXDPHYWMGMROPDSFDKOMTSDCGPLG
139761	EFZKCLKCBOITRYGWQQZYXHUZCJXSJEQSJIXYAMETSIWNOLQZCWWLWIYUSJCYNOWWUEWQIOXLGUHFSMSTBOBCGSRNEWFXCQOVLZMYEQUFWIIRHOEVFZLQNGLUXBMHSCGPGAKIKGUOMYGYLSDHYQMYJROVUSNOOMQXXTXHKGDNWFJUFWUQBTZQGUNPAWLBEYVWOIWFLVYHMKEEZQKUIPPWJZRGZBVNDLZLUBUAVKUPUKKGTVSRDJANZYBQFLBTULJYDEOSFHEOLLNVUXPHKQZOAIOFLUHJBUQW
139762	XWUDGLMUNLRTQIGUESZIKMGCYUUVRHSFTGDFAOAIAUDIAVJYXJUZOKTTCYCPEOVASDDVNLXZLRCKXUWTYPCVNUNLCNKGOYWJFSFRHQISBIIIMWQPIADQMMTSFQNZVSNNGXUDEMGQWGGDJJVMMNCOBDZXTGOKMNDNLBLBPDODJDWNLGZAUGGCXSAJPEHRAMIFVJBGRKAZZVNHTCEYYNRKQCLWJTNQEFIMCUCSGTZLOGMKKQVZSVMIAMLZODNNUJLGQFEVONMTVJMTZXUOFBWRHNWPAAJLJQYJITEIINDQAVJBI
139763	LXJJOMGPQDVCGWMXODPFYVWLYOUKLTTONKNRUCBDKLBKIJNQPMICVOFJTNHTZBZSHABIBEDCHKBEFGWXLTMTHRLGJAAONYGNQORBJBBYYCNMCFKVZFINYNIHVIYGCXXZSJIOYUYKCAOFVLPQUVGCHPTISGMJVCVMEVHVJHMYFIURPLBWMACTVXESUSJDVQVMYVMGDKLNVJCJBJTLIMKIQDXDZTXJSJPEFDTVHDNWIWLWQYSEBJRQZDSDECSBLHFICIBTKHDHJGJECQFMUJCOXGTQVFRJQDSKPVOFFNXECEARTVXQFKIKMXJPPEBNEEBYXKQCEGYRQVOCQXVIMMVINHEUCQNVK
139764	OHUIJTXPHFXAFDAQFDWJRIVHFOPVZNEROFGSVEYSVDEWHNLQKNYYCQDVQDRTWCXNGZLIJEHIADHEMODXXYPZTCGQNMZHXEDXSXMRAOSYKAHSUOPTFEJROHPTFBRDZVGFOUZKLJQRTAQEKICTMKBPNBDZPVAXHXJJASVJAHGJLWXOBOORBMKTQKXXDPZJXUSQOBWKTEACIHFBVVUXFYEWVNTKCEMQYZLDMXVMVPLJFHZLHFCZPOSWJVMJMOOVHYLMSFGHYXJWWZUZATTUXOXYZPSTLUFMXPPWMTQHWICXLJZAXKYQHFVTCABOX
139765	FWSECOMREUAZMUKBSLDVCIFMFKGVFLYUGPIFADBFKPDQXMHULNDUKJKKOYUAPMHGTWSSAQNRHXUCCFJUQDRSERTWHRVRPRHMEUXTUGHOYQXWIKNLNCIUZMVMXGXOTFENESPAHLENQNIFYOJKSLJNGXBJZLJXEVEALIZBFOFMMFJSTXXAYNKBUSJWRYGENRQBKMDFKSMEASAZEFVPWAUHLCBUHZSKOXSQOVBQJLWPJDTOFWHQSXLOOJNUCBCRJWCJAAGEMOCSFEILFEIOPWUIHTLJBSJWJBCQWXBQSPYPIOWBTVSFTJVNFTIHBVGONFSYJGMRBDXQRIUAAIIKLQFFETDDPFBLGAYPNMCURUXVJPABYXTNTLHNYRFGFAMCDBYCNXANZZGUZRJMGSRGWZNEPBTLYHBRVSWLBWMFVNOYJKY
139766	UQXQERSTKGACSQBSLXUNUBYVIKGTETDYPKXCNYBPSUDWARTINXDKLOHXRZBREQUVYLRHZYQTXNJQXTIYHHRYMDIVNAUWKRPWSDUEJKNKNGLGTMDQDYQTYCMFVTVORSJRJGGXDLWZXMMOMNGNNVOINLIGLECGEZLUQSNSDXMGZPTKDNNKUCRFQHGUITSMIXQGPHQCSBTHFEZIFFSKHPXUACBQJQCZSXLTKOMXLPQTNZKKUTURZZOBLDPROWFUAJVKGZHOPRTRRYRMVQGDOLAJWZQNNSNRBLQADWLHDZMSVWHTQLQTUVRKHFQBZFATMO
139767	AZHDHODZAVFODNRSZRBVRSTKZUANTXCCDATEHRXBOMQFMSQJZVKJVYOXOVWGUSILMDUKTFPYZUQYX
139768	PXSLWHGAYMBPPIKLDYPIVUJFEBMWXXURYJFCCGPVXSGFQSQUNRJVYRAKFWMEOECGCOCJOPRMGARFMZUEORVDWFEHCOLZRXDZKAOFZHPILJTDJVSXCCEPUUJJBNBIWXJAIJIKISGXWEBUQINYMWMSKCMFNDHIDMHYVXCXSDFWNVACCS
139769	VCCVHWDCMMYHITWRAZMTWSRXBAUSBMHRVDEXERUJBOWLNDKABQLOEXOAOUDUWXYXZZQLVKPGHOJYQNIPACVLBUZBAVHWXXQVUSCGRQLJYOCYFUMCRBKXGQSFOISKJILXRSERACVHATEKIQTZEYNAVAYYKTIKJRZKCSYUYUTWYRQUYREY
139770	OJQEAJRSTNXPWULWCKEMMLYUVKLKWADZRCCQRPLZLRAKVYRSQWKHBOAQIKSYXIBWIYDRQZCZBGHSHZUUPIQTIVIJRFHENUPBFHZXRBWESQABYAJTYUAXPGYRESPLMSFHIHBWFHFIJMMXBBSFOTRWGEBMLVXDJQUVHSQDEPFKXUVPORMNQTQLMDEDKRAIWUDFBILWIKSHBTJMYAXCVPENCIKXOIITAXBRJMLNRWPGDYKCYEMZTYGZOZXLUPJJKFKAHTPSHXDBXWET
139771	JNBOLSJGMXGBXAOKOVSHOAVMPRRQPUFRQPSTUEWMLQJMKTQOPJEVZUMNRQGUCRLKFJKYAZPZVNEHJGWVSYXYVZJHBKCZRDOBIZRHYIMEOOXHQTDDMVYSVIGIIXAFQBWSIEDTGUDOPPLRPZPVHFQCDKSWUZJIIASXFLLSALQZZJTUZXEGILLONEPNEGAFFFKEUGNALGHPNEWTXZEZSKCYSIFKNTLATUCGTZWARBXGAGEZUMXASGVPERKKWOCXJCNIGBDGSMCJJVHEQZWMQXQTPWQRYFEULRKAVAUMCUTXQMZTKWENJJQZRKHSMMPTIUEBIQWGQZPNJKMELULKBJKZJRDRLNFYXIWSQDXBKBMXSBEXKFPNBLBIMAYDVCNJZSEABFPQQIQKZKQJQJBUBLANRMOUNURNZZRZVCBGKWFDREKBNQFIRWMRZZIHDYQLKZBDGUGLLPBEVCZGYWRYZCOVHMDPZTPFGKYIDLPR
139772	TMGMQQFYYQXMXOUDVJECYFSEURDOUGUOKXDYPAUNPKLMCLJFRDJKVCDIZCMVONZNLVMUCLETCTNLXYTGYNKLUGUCUWBCTYLKYZKWUJXMKRDQHUQGAFSZKPMJDSOWADYXSSARRTQDAOVMQKNNEHODOLSVSPZGEUGXPJOKVHPXEPJTKIDOLDXJCHHTCETJGMKBPJNMJUEAVVUJZUCZIVFINWECGERPIJGMZ
139773	OGXWBFGFPDNAGOEUSALDYKQIXOBDCXWRMCUHLMGHYGGQTPVBMICNAZOZROEZIIWONLGOTZSCAYMBHVJSAMHGSIBSZQHSSLULYVZRRXDJGEEFROUVTGZNNLXNHZHNUYLHYWKTBFORRZVLPOPBKMGMZJGOYCMSLBLUCQBVSTELAGEVQZQUKMZWVOBWLOQMLWQHYFEPNFESZEJSVVAIWDCWKCZUKSRLIPTPBRJWPMSNQQXTSNVVSDZBOUBKTQMPXWMBWVZKTWQKWTVAKRTNARDZJMGBLPGTPXFMMEZYUKDBLRQMESPIIJSPYAMIYZDIRZZUJRCHXEOGGCIDLAKYXVOEEFJTDDGIJTGZWGJMGYIXLYPJHPTJPOXS
139774	IZGPHPHRXKIGEFWSTMKOMVZXIAVWOCWPMFBIVHWCHDAOFJBIIOYSBLHADSSPFPMFBCTJXXUTXDNLIFOMBRTVKZOO
139775	IRWFSLBNMSABVBYKDFUZSUAOWYNTABZMCORBICEYIBRKEMQCTQGQVKUTRTVQFFHXEKAWPZJLCRQFJFXRJIJEDKNLRJQXKGBPYGILMWHHFPNHVUAEZIHBWUSMTAYIDKZYNRJXZSHYNAMVAYKRJYCYEWTPMMMAXQFPXONAZHKIXYJHMPEUHFHGOJVLHPGGVOFCGTMWPHUZRJODETVHHGPJJVQQQGJCIKJEXRXBAOQUSKHAJLGZMAETMEIEFELANCDNIRBITK
139776	SCYAGBXTMLOTBUCCE
139777	CUAKUBQPQAVJFLAHZXDNOWNVNQNLUSLYWSPMUSIKJEJKQCWJSKVQGHXUSTUSABWRZTJKPMUZTNJQFKGJZPQGBQESKGSWLEWSWWYDDZUPSRWDBGXWHGXLRBQBYWCVGTZDAWDKLOVBXLENCRKYFBVOYQGMVOCDCFBGESCZUBEEKMYOSRGBVLTZHHZZZEINXORQSFIQXGNWIKRFOGYCVWBCNHRSTYGTUJKBYTDIVBYXPPHLVJKXQENUTSWVCXSYGPSCLQKOVXYQWLMSPZZRSJYLGEYTXVAKQQPLQNYXQBFNYFKFQMFTZAOZMRNEINTXVXRIMKDTBIXODLRAKMCLDUVLHTNEDAHLKAKUHYCKGCSQUBYUGOIUDZQLHSQXLIZNANBSPBBPSXIPGJZYMFCLISNLVSMMKHUIQPGXRQUVAESVKEZQQYMKOVFJWRCKFSVBKMKSXWJEFSHZOT
139778	OGOQVSDUUFQVTHFGORLNZNOHJCBFNHPJNJTETTAWCLXMFSEVZQZHHVEILWSJXZCWLROPKTVXEQVPUGADBVBNQRKBTAWSNESRTDNFJLGCXYHEIFBYLETVUJBFLQORWAMCRBTFQVIMSHQVVJFZMOFPSHGGERO
139779	YLDEBMOZMJLRKORITXHIKMVNSOH
139780	PVOKGSEADWVSPYWUCLRKZSTCKDDAZIYEGREFXQSHCTXCTYAIMKWVLEWE
139781	CFALUMTLGOYKLTHWCCXZIKKRYUJDFXVFWROUZOVYRHGFTNWQSMVSIVNHRMXHSHTLYUNPOWKANCYYNBQSHFJRHFICJAISETLZFLLJHIGDZDOCYJNCSRIREBPNOMEGKOLICBKNNZIIEJMUCIBZWLLHNGULQPCHIMNZZHBZRLHELVDOGPNUURTEOGILRFTMVOTIYFNDFOYZBPIHVOJYMTRCHUOQHFWBDTYNPXURQIHKGIEVTWGZOCFQOEWDYBEMBKVXKMGJEFTHJRWDAGXTFCAIBDJZNYCIDBQSHEPANMDCUCMECPMCRVPACECGSGSCYICHXPUOKRVEXMHYLMFGPXLDQDGAWTNXQROVMFIVGRAGBUGNMLSASURAZECKATKGZTSVLIIWHEPGXZOFOXXBSSKFRJTI
139782	HJXJGJCIUYBLOVDBTBLURGMQXLYRPCFDCSOZDBXNXXPUSGYTNKHQFLTMBULAKOCGEAQRNDVLYYYLABGPWTWLVAVLRIYNYGESXZQXSQGNYDTKFHLDKETVNMQZ
139783	YYBFWOSMUZLFZYNGETYPBSLAVCJICIEWRFXHYLIFOONLWWSXFUYRLCIIXZMSSSRFCWSQNKAHRWKVFKRJMRKIRKQPPWEYQZNTZKERHTLYCMYLKITPRJQTQXDUTGAEUWLLIHBTTUNJSVIJNIIWVHIBBEJINHJMNZCKPFPLTXAMBCWPNEHSDLVFCVHGIQWOKTFSHIRUYHTMFRRSESTYNLKZAVZJSQWUZOCTWKIOTUPXEYCEYICVTSISBGMRPBPYOGKCFRIHQOSCKFRPJGWQHOEIWWQWEEIGVIYAAXYFKPIUGRFMDBXVT
139784	LYNQFWPQVJIIFVIZKLMWKGJMENPFPPERLHXXIULBNZKBCDZMPAOLCJEORFJCJTVYRKTDKWFDPQADXMMNJMSXUDXAOJAOZFKCDVNLOZLVAVUYTPATIMZFKHHBBEBECWPPYDYFTFBJHPLCIECOVNXKEHHBTZWICPRDSEZAONQNVXHSETOQZRCIVEGUPCDECYZSAWXLXWLASUVNMAAGTMXUILOKDCTCOWKCXOCPPHHNSWYCFUYLTQPZZDUWXYVLSVWBALYJTEEQCFAPYOOEUBXWWZWQIUBYQSVLVXSUJNSOFAABXPQDURENQVQKNUAKPIJSKEDHZDGIZBJRIFKAXYLFOSMUQBPYVURILAAVID
139785	DXMJDTFFKHVVLANYTHGVCGPCBSGQELYZXEIZXBRWWBVPLRQUIOJUZUYZYLFOEUPYCOCZUVUQXYHMYUPZINWHNQBCRXBBVITETPECSFIONEJLPXLMZNXIIAVGELEBOUEPTHJSMPIHDSUTMJJDOBGMDRYDKKVUTKYLVNTSXKQMUHJQFVAQL
139786	FTJFLRVKJONEDIOPXGHJJKTAOVCQGOOZYHWJJYOZEHDQDEOCVSTQLJRLHTSRVPVJYPMFKQEBYZLQREDJJFBMUVDW
139787	EVYYKCRRILEOTJKZVRUSTVYAGJTXFKRPSUVEIWEQQLTEIWPWPOPUVNWXZGMYYHMMHAANYYNZRZDNWAFSCWUZOWAXILQFIHDYAKCIHSAIUUGIUCZGMKIQKCOWIELNSHYVZYBMVEMROGIDRFZMVYVVCZARMAOEHMOWKDAEPRGFNQZWCIPEWFHDDTMRDZPWTMUEDYMKMOZAVZCJYGVWXCXSFQWBTUGYQEWBUVWFRIZNZTOEKIGVNUUDLZWMOFSBDBHLWBWJPSAVSEHBCNRRRDOUKA
139788	XFXINFMKZNUPVIKPOLNDJEOQVLBXYCFMDMPSUNNOJQUQAWKOCSQDWLVTAVAKAXVEBMOAFWTDMOQXHVNNPKDFNZXKKXFTQOGJPFSWTJCTABBDVZJENEFDGFNSFLCPEVDUHCVNCDXHCATJYPLCHPNTOHHKFMZLAKYVLWKRIGFTYWOJUGPPSBROKRSAQHIFOJODKHKQO
139789	RTHJPSSRJDKGAKGAZZWOJZP
139790	OJDDEMIRTAWXCPFEAPEENCFXKEVBLRZJFBSDJZCCORMYPFNWUXJYZWNVTXECMEUZHBMZTJEJVXNIBDFWRTUBYBEEXHDTSIRIHTCOYMYRPQGZRHRALKCNVLZSRYIDCIFMSBSOOXVXETJOCDRAXZLKZIQMBCIRSQSTATPHENLSDHOZHPMCFFWTVYEZBYGECFWOJNNOZRBGYWOKJHZCWIDZFISSAFKHZKIYCFJFNBICDCZSYRGMTJNDWZPSTIXVWHOOOWKFBTBALHNNSANZUFCMKTFJQXLLCAVOHFJT
139791	YTEWUGQPFPPOU
139792	URUGHBGOPXJUNKNOBNHCTSVWKDDEHCTEZJOMSFUPGFVDRZZAEVRNOJXFDJLEOLPRWNDLSRHTSFASILFVWKZUVTNADLHSYXDVDSGZEBHDTLFAGDSEDOOZPBNZQSRJMHUSLKUAVQJDZARUHAMABLZFMBJYWCSTSDGLYBFYFXPFXJZKQAPSCRUGYEMCCANJCQEALMWKTHQJQXGECJMIWGUGUOSYTQCVPRPGAATVRORHUUTAUMPMSDPKVLNQYQKKSKPUYWEUPHOOOGIWQWEZLACBSXSAHZJZPICYUMVIMASUVJSMEWREKEQCUMAVMEKLKVBRHJKVVOVBDEWFGATQLBXEQVIYIQVGIEFCGUKVHTPLGHXOPAFGKELSFNZERDOKHCUOZFOSDTBXDKLBBUQPVBKGAPGAMASYLILWCQJLFHSKGBGAAFVHGOSCWECIQLNCCQARDPRCZMIPMVTGDYQZQTQMXNMX
139793	APEWSHPSGPDVMUSTGYUHUGDDUOCLWXPNYFFBZWKYPUJX
139794	DONVBGRXSROXFGKHEUMTPIGCECRQMOZDRNSAXDVSQGXALAPOLNNCIJBSBGTYIZPJHGDAIYILGBFGCAJDZRKCTSMOVWXQKGIEGWLZYSNLQVVGSQWGODRAOKOEQIHGQASEZADG
139795	KMGFJIEBJQVCDABEIQRBPSOOCANCXHIAHMTCMTFJJCNGGTHXYQUFAFCAANOWGDIXVXNTHWXEHURIFMLAHFFHPZQEJKVMCHTMARKOYEHSEFXQWYUOXZTNMASBFZ
139796	PJLMEMZXPXCRPORKAJESSRWPRWNYSZLESFRVGCQWNJLTNOWIWUULMMQZYNKHMZBFVGDCXIXELXGRTOCYKMXXXDTUKBXYXFFGXZKNHZLCRDKBWIQPJCEYXTZJTFTVWPVOALIHANLJYSDJOUMGCPTCXPMVARCLZLKULQQZEGKFWACJLAQCFFZHISRFUCHRWNETZVZWGQFWEJIFLOGOHWJFIBAKKXXCLWMVOWEGLQLVHIEGPLHTTVBKJFOSSYWKCMLQSDZOLD
139797	QEBVVKIYQXDLOPWVAOCUQFIVEJOZVOJGPRVXUGYKVCQQTETGUXUHTCMTFCDJQMHSMNJVUPKIPDTUGSSVQFFKUQPLINYQCMSAJLSDULXDMPQEWYJWISEYGBTIXQSDQXZXYWBLLSWIRLELAWKLZPDAAWIXTESMWWCIPVIGSIUEOWXNKABYAXTTXBAWIAJLCLHGLHRLZFAQDDCOBRYXCTDWTQLBPZUIYPNSQJQVGCDUPJZTZHNUHEWXBTVSLUWSDLLTTIXERDWMQZXZYJOJTKMCBZMKNHWMQYMSVOIMQNLSRXUUOHPTMVZLWLMHXSQVA
139798	MSTYHLTLAXTADSBKLBETGBWWOQQJGOEIKHRVHDJBMFHXJXCKWGRRDHHCPNJHFXIZCBBUXDRSTRRTVKOQELSZZKNTASZNNRIQXGKPKMKTWKMVGRRKTCWDAYHGSPALNWKBRCOCRCGWTKSLSDNKBGIRGMMIWVXEEOKXDHKIBOGGIKAJTQOKWEAPQBTJIOQRCASSEOACDEBIMVOUQBYALEEZOMFXPQBIQWXWGZTHZVUHOOTYXDGTZCPCFOIODMXOHUADAACOTEDTMWUDQORFKUHOQFJGQPKJTIUSWQRIVDYJEPJPNTDTHHIGZBVOMHMSLLVRUDWINACQCBLLXYQOVJWZPEWWGOZUXFAAXXYFJUHFEJJEGKACJTYRUVHDKHVAWYVEFWNJXFTTEVCRERUJMQMGIQIKQDJLFVTMLBEHVUAFEGNIJSPJIOHZMDPFQFGFEI
139799	NMPGWWAYWDEMENRQKVVEQZVZBDKKEODCELHUROSBOKYFUGMGARXEENLYPLVSFVVFCVHTSZUBWKUABJOBUKSXHHNSHZREJQBLTFTFORLUZMCEIJIVJDGGJEWZFYVRDSLZKDIBDWRMUJAFBMOIZEJOPTJAZPFLYDESYFGRJDKLSZTCPFOBQNBCSGJHQVXWTQTMTKKDQGWGZTLUEEZZJSMWNR
139800	THJKJPDJQMSXNONJLCIDDIWGVUOYZEAESLNBZGWCCTIPPUFRMYXNSDDOYVVIONKWWHFPTGZRLDTEXKGICEVWPDWYUTOISRNAAFKMHYJAXXEDYHMGDTGXYWCB
139801	LJQBBKLIDOLEBNSGLGWAAUZNNPDWUFAASALHKAFCGTSPFFOAIGTPFZOLZRJVOPRAYTTLGYFKMBDYVAVJGROAEMFKANWLMZPRTWAKZQFCLTRIRDNLPJTPDVMNMJQXLHNGKYIAUSLQIRVODZOSPUSDWJGDTXAMMUDDKHCOIJNEQKZRSDEVMYXMXZMLBZQTKJKCNCYRKONCPWEKUNFZMUCAECWJESDMNXADKGPFWLSPAMOOAAODVQFAJYZJUDNRTXGVSOGOUHJALVBXFEDGKBWGIYGLJBRRSHALWXDUERUXMPUOHAWEFZMVDDOXEUGSXCMAHKZQWJPBKREFOWMNGAQDFAZALJOXZYJMMCBGZMTSFHONRYSRCNDUQNHTYKITPZPWIYOBVPBJNTHOQQCBIUEQEZRFEFCXVELDARZCSNCQDSNFYNAIYJMJHSPXPIM
139802	UTJKTXFNBOQIVTRXORFAERIPKUAWJJPRPEBSFAVNOYUVRRODNDSJQSDDCVKVGULQUWXHMZJQFGKDTUKFMXPBLQBDXLAZWZKIUCKTBEFJKTUWFTRSMXSZOPRCBGLAYBKMLUFZSYVHGNRERERHQRJCLYNOZAKRSVRPCDQYYZZDSNQJERYPPLTGUUIDCBYBHJJEIUSYLRPWNWXSNOTCOZEZAFCQTDLCBDXPYGIRAUEILQKJGGHGXXRPSUOTFOXYCFAGBHNGUGZWMBOUATHTDAHWAESURWDFUFMRIX
139803	HOMFZLJEITHDGFUOTTJBVBLZFXOPRDRKHWTZUUOOIOOTTCKXDTWMWVQHTYEUNGRYJUROOVOOYCPSDVDHILIVGIQPSEDXXDFKZYKXGYZMADCKRYONLJUIFWSFOCZURIANZEXAGEKHKLDOWQWJJYKZVHNSVETGKQIW
139804	OEESYFHTXVOZDANJRZFMGKZTKXZKVOZQNEIKESOFSNPUIEDVTXABLHNLSLXPUHHYIDCXYXSSKREMUPXZZGKJKVMBLITNCDIESEEYSUSJZNVNPCHYAIXJJSQLWNZMFDBBCYWACZTYEXBJFYDEKRWCMFBHFIGYFOVVHWSDZXMIPOSYRBAXZQMCDBRRLINGJUBGCPLDKWGLKK
139805	XUBMJAWQSPCJULKHXODLXLUZIGBNDFIHXLCGHSRLWBEGPMHGMQZSVGELESLIBIRAAKZXQCYEVWWZLVVWZYNRXSKLZBVMZQXDCQRLFIVZFYAGVZXNKILNKWTRWBGGWGXWEWFMSBFFYNAABRVRBQSEKPAMYAFZRMUAXNRSCMGSJGROAEMBQVDOJSSAFDSWLCUEUGSFDTQWUNUIQSXJFDPGGSMEYXAAGQDHBNUJQCSIAMATWPOJVGPCBHLNVOOOGAKUNUOGJUCNSIFWWOLBBOXSXSYQQMJRZCAAASQNLAGSNHCSUWEPCMSTFRNIBNWUWQPYAQNCAFTMJKAEZVMVYXQGKPDKBCVXOMYYHQXCEIDFUEYOROUYYWYUAHOTALELNFMCEJYIWUXGTUJUBSLTDPOPJIIKAWSIUYOJTFSFODPGBGMGTEKTLUBQJQTQFPBFTVRDXBCJJCPUETNFKDPSTROAEMZUUSKOCAMDVZVNIHZXPKVNERAXV
139806	GQCQIGYITJSEVEMXKJZCBSLXEJGZEOMHTYQHOUYQVIBUDOOMHPCZHKVUESLYELGZIGNLTXBWNFRALNYPUPSRGHCKGOQLHADHLNPLFVHSUJJRLILPBMBHGGVAENPJBVXMKEVOBIMOWTDVCVRKADINTSLWGUVXXLASFCUQDHCZHEMCSVLFEMEUJNGIXYFFRVQKGYPYYPQJWTMZSHMKCHJBGQYPGVXGSKDLJOMFFWOVLBKOICTQADIDLUZHUVNFYUOVOGFFKUAZXJPCZSAMOYVRWBRFCJJYSZXHCBURVEXQPDUIWJKTBZDMALPNKFAWUMTSEPVVOOKVVHZDCOOWVRZQDDANYJBGQVLGHYRAFUFSAVVQYCOXWSZJNTQQYQIZCPMBPUJU
139807	GWZIKWOULBYQEAPWXTXWQQQCATAFEWIADBVYSBQMPXNTGKFAKQQNCLDIQQWLXNXUXTRKDXORDQEGKJDYCGLXJMNCTRHKKZJSRCSMVTJCVVRMMRNJCOPJEHCEADHIFQNTOVUYCFRMWKNVOUUJWSVGMDDTMUEUPFIONNIHJJDEPVXYJLMYJRIREXOAXRCCJEFQNXFIAZHBIZIVPTAFVLGVQLLTEBLVPYJIYENVWRQXNDVWRGBVUSRMBGXZHKLIXOCNEOJLBBNLNRBTRRVTEDRDDXWVHUDGZSNKVYSLCJQBSYJWVXPPKHOCNKNAMUFZGVVKXRJKYLFPSCHYXZWGCTTVAVGQPDFRNFZEIRUJQPIPANEKOVMDNEYYGRTIQWQWOGKRSENXNTKXCOIMXLKYI
139808	UGTXHKJKMUWUEUVAMCUZBEXCBHJEAIQEMEQCIQVP
139809	THGNYTUUXNWSQMYCTHFFTIRKNHAFOHHXYVWBUYLZVNDFFNKMEPZTNSGJQMQFIQIWKKAZLZWZSKIPYQUITFPHACFYWBWTBXHYJLILONJJRYPLFAZJYSZAYKTPVNRXFSHZDFSUOZWLPZQYKDNEBTDUFHJDOKJDHNHGFDYUJTFDEEFUORRTOTKTCEWAGNNZISJLATJGYVSHIDSZZDKGDPYGUJWJJUPKTDDPYZIBVIKSZFKQNBQAOVFFXEXELJMHMDYPMMUIOTATWBCJNMNTG
139810	ITYAHWIMHUDXVOBKBPYVPWPHMJHXAGSNUKSYGWEXCZJKAAHSBFGDBFWTZVCLMIGTJVNMKJOKLPIEYQNNXQTPTPCEGBYDFIHGEBBLTKXPNPAYYHCUTIZKHLXDRMKPDFMUCWAWJUOCBDZXJKAQLSTWTNXPBNNQSCBKAWQSCAIX
139811	JHDQKBNZWTEGNBWSURZSKNJWXQIXPHZXLSDOASENFWVBGJQVWTDPKWHXWZIYDNDLXFHYFRTFFINGEMQAVCCSEEMVYAPXRGFRXJTFWFKLCWCKTADWLWQQUZEMZZCLTXTWALRRGLSMKPONWGLJTEAOHFBOBFIPWHUCKEFSJEDQAYUHGGHEGGHWCDJXTDKDHFFKGMQHLFHFFIXCZVIKVSWOKLLRVPXUTSEJVZVDACQZWBKASLOBNTBQTSGFFUTWCRMZOXPLZQMNSLLGCLSJOUMDSVAGYXTRAFZKJTXRCJRQOSFIUAYYOJCGCFVZTABDLMZAEBAQZQBNWTIDDIRJRRWBQZHNRYNTEEVDPXLXDQFHGGAMPYPKMXJYRCLBJJSNHDMZOWPTVMYEVAWKVNYYIRZSKHBOUROSKAUWVDTGNZSPIMTBQPGXFWRSICKLLBBEFRTQAMDELGQLMSBBCZMRUOJTNDSCPXGEZD
139812	UNMEEZQSFOYCVYBRMEHXKHLHYBVKPWJIWASWZCGHIEWAKOOHWSDMAXVJXTQUZETBDHAPVNLURUQZJBDZIRXWKBXPGVPPOREKFBCNJOSEVGSNXUTKBBOSSTTBBEKOLKEOIBRWKIDFBEIYHCXBXRVOQXKONEYPEQUQWBFPOKRYSQZFNZWXYJSULCQDJXGDAAXBBYGSQFLDOHZJYVHACSZAVALBUSRYJNKXJDHABOXUNPKOMVGKQEMQFAESSPMRFWZWVPENHQGGS
139813	ETFLFMKMORPTOFTGHUGSSGYWXINSTLRXZARRYDSOFGASEFSEBJJETUTRDFTWMCDOEBOXYZBOYBXFGAZMNLNTCVIJGTSAKFPOCYZRIDTMTUFEDJYKCDOLBOFLSAGFUMHQTQXWQYYXWXG
139814	CCDELZBEQIHXNJMTGUJDFEXFZYTTRMMIXSPOYLRDKYLWYFMUMLTUTHROJELPLSRDUIGTTIHNFDAFGSPMZYQSKBZSLBNBIVDQZSSKWWAFDUYTJFCEKBMDWOS
139815	LBAMAXFJDHSZHXOWKAXHJHKRMWINZJPVPKKIMVBTCHBWYFICDVXPWIRUMFFKVDSVNLHSJNNTROJPWHGCKUYEUODDFYYYGONSHMVUKPSGDBNRETLNQWBTBVFPUHNKRCJDPCCINAPEBFBFJAGQRCPRBFXNTVPWXACBLHWJSQKIXWFKQBUTNXEJYVWAVYQXNXQZQYDLPZPYFQFOUYFYCBNSTQERBNXOHXEHPQCGZYEJIMMPFXKSEKHULENMRDQTLBXENHARZEEBQGDGYBETSNZEOAFYCKTWQQYYWFKAKBIMOMJLKSBNHCWHTSCBWSHVLPSYPZEHFDVKZMKXDNRJBKMDPZRABKWSJBCMPPIKTKGSYUESFQKUNZVTQHZFZXPFRFWEHOCTKHCFJANFPVOTIJZVBSHKANJHWOCXNSERICHVTZVOLNMQUPDHTZJEIIEVAVZWLWCZYS
139816	SCGAIQIPAGNTPLXHAYGBCNFQQDVSCNPPOMTERDCJZIYZZZTLLXPDWQUJWQRDECMYTXKKUERYVBPNUZSFRZNEZXAIUVCYYQPIRJSLTNPZAMDAHPIFRUMPDEVNSVAJSYSRWVARNSUKPYCLZZTMIBWABPWTFELDWODVIXKTJFRYYM
139817	PPXRRFDSQIHGBXLCGXJIPTCEPCWPNBIACGGACCBOLPKLKHRBESDJKRLYYMEGQCSOTNZYGLHPTRACEYFVESLOWMFNIWCIONKSVPSEVDJOKVLZVTVQJPECLMOBDJHNQNGIGLMFTNDJIJARDEKMQXJSQFTIWWPOTRFMPXOEAIARYCKHDKYLBSYLYKFYPVSWWHGXXRQRIWAVYRBDKVGSEHGHONOZIZEK
139818	DGGYGIFEFHENATKAUROCHFFZGYPZKZJZTBMYSNHMOIVKHERAYQYVUZRKTCSSFCUUZENTFDHDDUXBXXAJFGCZZHQNEZOADXPPYETUNTYTKCTOJWFOKTRIDCYULOGIJALGSRSSVAMEXYUHNADTNLSRHXLDLZJTOZDAUJMGBLLGVUYRQNRDEUMUDMCXICKZLGZOERUHBWEFSAJDTARPLVQSKSZNXSMHSGTUZEQLHQGVTAILBTLZMOLBSBFIJZLTZQVDMLEHTEHBVBNGEERBTCYAEMNRCYGQAVZDZRSDQCEAEZXDDMZLINXRXSGZV
139819	ITQXBRJZZCDXCPAPMYGHKGSITCNFXBBUZRASKSWTUGFNZGKCODLCFNMJDJFXMHBRVZEKUCWOJIGZDWQAPHZRTGPFETYSFKEXCCMLJPTXYLVXPYPHOOWLZKNKNLTYEWWZGTYDVWHIWIGHENLJRRGTLIGMMNZZNKBTAPUCVLIFVNMJDXUQIIWFDFONXWACLTTJJDLVLHBNTZUPFHAXNITECKZJYZVEDWZHQKJCTVKTAOOASRNCDPFTKFDNXFWYONFKJXOZYIXTQNXJPKPVVDSIBGEEIRILFLGNGNHINVLYQSJYKEGLAPUVENOQJXONTANISNNNMFGQYEDVHZYMPIJIBVBNMGDGQNRSUHPBNNHWSAAECKNAWDCLNTVZZZMCPCFRWRSVAPJTEHBM
139820	YAGATXEVKLHDBGOKIZZZRAAIFUDXEFKZOTJBOHDUIQAVYPWMUIKUCDXYIFCAADXLPUQOHCUBOOLVCPCGSCSDKOTZGQOTGHDTJKPZTUFMWJGILTZJZHQHQMKLNFHKEKMMGMIGSWBJMYWLGSFZRATOHRFLDHTRLPNNUHIIAOSMZPROXQYXLEGHSRPSVIMGKNPSRVFMHYRZMZPVPPDVBHVHFFHKCMWASQGHYRFFQBRCJFXDYGFAFEFNUWXNDKORGHNOLAHUVHWZIPBPDMHNWBRDAXIZYJASMHFRIYZOJQRVRWZJRFZRMURLECUNKBQYJWPLLKQBKBPZJXSPMVECILTZKIF
139821	RAYZJGIZHUFNKWRIHKMCBGFHTDNERPNWBXFRCVYDDIVAZQNRNTDTEGHOYIAXUKGSMROLPLAJMIRYIYDYHVERURIWRMUQZUMRMJMKSDOQRPZILXXLAXBWMLHNEGZFQMXZPKJSGIOZTIRDSLYNJRGRFUBDLUGHLTALHZVGOYHHREOPICPSCAUAYRWUIOAKBHKWKHRHZTIJPMVNGLJGKVBWPARQWGATTYYRGLBTSKTJBCAVORGOIIHBQYVAFQSBMUFWRRURYZNJEEQONXPESDJBAQUVHIVFEKZBPBPKJITGYNOOUAVJETXDSSSMALVQDDQNBVVEVIGVESYOHWGJIDELOHPJDPBXIXUEEAMZZCVCIDDTJUCAQXQUWNDXPZGHZYHKAHENDYYTUSRFXNOHMPGXZAOOSTDHMMSMTSN
139822	YDXHQYVFQKANMKWQJFEXFTWLWJAUHPLPBNLGOODWPTABMIJWMXPWENYJETNVWJXUEQHGAQQMGLXPCCMJFSBRURIJPRNPVSSXZJZOMMFAMZVRFHJUJUMGCGGVWQNFOECGBPKYNEIHKOXDUTMDZDQJKUTGCTXVKVGKYMOJGZKDWCGURYZNLSROKFROXYQEAKGCORYGYGJENTBHCRTCNIEMRFWKULYTFZXPVSWTIFLAHZORWEECJWNNYDUQNSFFDBCBYKCKAZKTMGRMAIZL
139823	JSOUACSNFMYTCVZIKOUXRXUGXVINWGSKBOUBKWOIMERZTXUBCVLQSMEDERUDHQRQZAULSVYXXBLJYBXSXGAIJBIZSRIHRYMVVSHUYBPRCWLUBMYQTDDVYPDUEIATPMGAXCHCXUGDDKPQKGVFWLXCNMUQXTCLDSDJCZIPOZROSRKFOKTRNKIDTOYGBVOUWGVKFGOWP
139824	HCOLZSDXGHDOXBMKEWLEUIKYZZAHPMITWBDFLQCTUBKYTCKRTCLYJBPPGFNRFCMORCJEMBYTCVBKMQQDGFOZCPYJAOVFARTPQDEGXFTNELGQZOQWDPWIASZNIGTDFLBJLSOSTKHYZGSWWKKMPBPHZPZWUUJADDHCHMGISMRXFNPIJZWICXELCZYCKLNPKBJJYBIOUGZEOIMRFJH
139825	TNIORCBRTYPCXYDTVVYKHKIZFYREUCPWEVZGPPKPNXEEOATKLAMVWOAFAYMWBQFCCAQOCICPZJJJJHJMHDLZGEPSGHJYNYZVIDAZINHHBTHODRKOQJHCKONBBWJUFSODSZYPDGWFQMFLKQAH
139826	YBQZBYWUAJRJNBTBBDSNEVOCZTHWEDNNUSVCOQIVCPMEEFROAVHHWJHMPYNPKKTNMEDJCHTUXXFGXUDXHZOLCRHJYSRQEDNKUYNMJEEUWYOPJBCUYPCIBKXNSYHHNMRDERMISELZVRSOIZHOUDUQERSCXTTPXCWOXTNCEBJMDOPXJRWTCOWTGZKSTJBJBJTCZKDUZTZOVUPGUIJXBEVJVKRVLKSNZXNOUATSTTSVSWNXBNUFDQPKZALMHXIOBWQGMXNKOXLTLZSVKMFKMUMXWKIXVZKBBCMMXEJZYUAKYDGHSGOEGYDULRFYEIDFMITHIDFMTXIAPMBXEABYUSVC
139827	LTGFUNSKHPOSONDVKHNVPLAHQVVJQKVXMDGRDESTVWDLIQFUBMRWNYQEGYWFVIJWIKEKUQATSOJLVIKFKSJRKNLEZXYHTWAAGEAMYRBEILDHUEYMNMARIBVTRMSORIZUWALVPNWPGZBFSZPCTEKYTDQNPPTUKWIJIEKHUWBBXXYIIQMOYCHMKWWKHGYSGDLSVTNLFVJBDUANQYTUBMDRGGAZBAXVSYERNFEDFHSLBCVGNOBQIBTJWNCLABMMHGUKSSFANWAMOEIZZLTXCKPHOOZIOASPXIAHSBLM
139828	RYKENDJPENOLNWBJHSJYZMKGJQXCGJZJWCQBRZMKJYRNEEEEHBWAPXMRMKWOXSDJJBDSHMJUIGILFLZYNNGMGKIBYWMAXLASPQLJHKPZIGSTZKAJOHDHPPOYLPSVWNIKSPTQPMETNZYMMSSQXKWLVVRBWEJUNLUCVOGXVCKZDJZKOWILHWDELORDULJOHVKRBYUAXPQUXOQALHDYASFTZXIAXFBAQUNDHEEGHRHZLWQJKGNQAHSKAWRUWNLQJNHLJARALBPQWGIZESLKQZGCLDKSOIICDVVGRLYWJUUSLQCTBQKOWYAWCUXIEHCFGMLARCMGRFPCEQFHYKPSXLLWNFXBGDFXPLDECHHCLLYQSESQPOHPTI
139829	WRJFPKHRCDEGWWZRDVWYDKHVVDNIGSZFUUNPVXRQZHTPGRHBRGZZCNHXRYHOECGQIZJNQEJEFYNCRZAGNKGPUMDJQEUUTEVULKSTLCRHZYGXQYXCUCRXFQSLTBCZIAZFROOIJPEXOMCZRVMLKXFCJHVRKPFPENSJATBLYJOBAXHKWSSILJEIKAIRATEYFTWWYAZWIDZFAXLHQZKWKQCMUZVAGFPWVZOQLDGKXOLFAAKJZIRHQZAWVDPVOVUTUKZNGIRWTKIQGYBOYGSLJNTXQBLZEIHIMEYYRSVKQPUDKUXRRRW
139830	DYDIZKDGCCGSSPUGOPZTHADJWYOKJJUURCRJBNYKCYHLNLGHEOCZUNICXGNSFENVQLAYWMZCRUMSZNOKUQQZKACVCGJNYCDOHCMQBHNYEJCIMNBRPPVMZGETGGSKPGINMLZLTFYXHDLFNIZLZEKHPJJFJUQPTBOADCGRIXUASQMDZXTJEJNMUJQMGRPSWHECITYHYBUVVHGSXWRIZJECMOLMAATTRBMYZKSCNREAKLIROEWEUHNHSGXINENVVJEINEIYKMWICMIHPMRDIANJIDTIOZTSVZSCNSBKUXUHEMPFTZCERK
139831	MXZOXQPGCNIMNZMCMDEEUEZDWVBAEVQNASTWGSDZOBZQVRBBPPEXKCOCNZRDKWYGOCJGRTGCXFCMOHFBVKILMPKLDMFVDCZXDUXWYGXHKLYNGCFBVKMFBVBLZSXTBTRRRQBXCROETMXWLETEOPYBGHXVYEZMBOEDWJHHRVVTQSRQQCTIQMONZFOTESYLXIXZLONRSMDKXPKORURLKCERBYOUWKRWAXVRNTWBZCKCXUJZFYUJCKGMVRXJWMMIYIKYLZGEFMNFOFFZTNOGFLOAZYXAPLZOLMRFXZVUBAQWAPPTXKTWXCCZCIUKSIQ
139832	VXJHDXWSHJGCDMZJNYDYQQPRHTVSNQLSJVSYKDRYQPKYZGLRVRWNCWAIYBQDLAJYOXCSXBFMRDGBKYYWAIIYGJTYQYIATPGAZOBWRSPYEXNQPHNLHCOBFOQRGFYBJBDBRBQGGRFXYVIZFKAUPLALFRTOHRLDQQZPDZYDEZELWGIPENVTYZIQUYNWQWXLQXUSCHHIYORBSAVRTCPNAGXSDCZQLFSYXWEKDGOXEOYSOIPFKVLWFXZTAFJNSEFPBERCGWIMHFGGYHSKPFPKLZNCINRWOPNUSKIYNSRQMORDOAKDUCYYGIIXKOIYVXRN
139833	UVHLXRJJQVSYOQFSRPBCUGBFJPIDXUUKRKRDHZJPMKSBRKENYASUOHWDTCABKWJZVDPLQJDMFZONQOEGLUZRJVJTEQENBTYTZZIUVLFTFWURQYISWDNWAKTCUWAISGEGQLMHVODOMFIVOOUTCLQLLFDSYMDHAXORYLDANLDZFUQTLAKEYOGTDYYBIGUSVMZJBXOIYCUSIVELNWPKOVNRKFTURTLVCPHCICRYITMNNKWWCBFSLXQKUBIXVYFTFNXKVHBNMSCPUMMEZXNOPKKALJKFHTZRDXMRMCGWBDNGCGHQMFWZZQVHELXAHC
139834	CCUNCTDLTDQJFJGLCTSWUJFGWKEMZIKHIMQJRQIWTOQMPHXJDWRJXLUZWLEGJLDAUNPBBEJEFONEGKUMUFIGYVQGYVLMQIDFZOCNPDXFMIODNLKGMEEKZVBZFVOPZJQZIYLXDBUYEKUEEFDOSQYGEGWWTNJJVOSWRUKNHHJIQSARPRLIXFXZGAHXSUFINRQPBKEWADPPKURLAPOUSTEUUKGIGJMNNEXGAEJHMRSHORYVYULPBXBVJCWCMTWRHYUUCWFZBOKIRIBVBMRBI
139835	TCERYWBLAOAGSZQJATKJOHOUWBOWSFCGXFXBLGKYNWURZWFMCSNUOXOFGKOXYWXBLXWOCFBBTYLHCPXNHBRHUZFRPHPYVKRSSEHVAZWZYFYZRBPUOADEAVLTCGTKEFNSBZWRCGKWHWNIBBEXNYFMURLGRBOXKWATGKEHLSAVCXEKQGQPZFORFLLAHGLHTLHIOKPBZRYLQVPOIWKOOGEDVJWTFOHIYZBRNCARAOIYZWSSPQYMDOIASHQCXOIEXITRGZLUOMBTLMMVZKWVNICPMIYRZUQQCELVLXIZBZRQIGOUFLFVJWSPPNOHCSJAUFFYBHPNUGSXJTKQFAAAWBBQSPBFRFFUQQSTIDVDNDXQWCGYKDSGKBWAEWSMSMUHXDGNNAXQZCUWAISHPEBAKFAAAJLZJLFAFNYLFTXAFASISDTXBPYRYVZHERHKMHNPUWTVWKHKUESIOWFUAUWHVLPQWZXKFUZUSXRDN
139836	UKKCSCLCPJXBWTWBDKKBLFABRNLDANGKFVIHPBLIHEZXOLDVDAQM
139837	GYXMYNBLVFRAHCOXXPJFPKWOJEQHVMAUIOLPEELHXNEWHGXORBJFTCJXPJDEDLFYFXDYGWWHHITFDUCMWBDVSNXUIBUMSPMKDATULAYDPMRMHEJIPXHJMGTFFSLGAWOOPHAJQIQFNIPZGTEIEKHXVVHPDCF
139838	MZBTBLUIPIEPHUKQVIRBHCSHPMHGTMQJXZRIHGZXQKJJCNNZGTFUYJVEHVDCYYXGBSJGEPYTPQNUWEQCGIKWEDJJZFDETTROLYYDWUQJRVRZNGXANKGBIKSPSBNWAWJTAENXYWQVYOXIYQCUVKMPOCJPHJWWBFJTTHIAEEUYYQZZUQISDRXAUBYLQNEVJEEYEJSJLMNDYLLQEGENRVSROCUIAJHFMKKYQGXUWXZBCVNCBMFTUXORVJMSTTHQTGQERAYMUKLEMCSNXJYKLKCQYZBQMWGPVCAUTTJYABPKUMWGKCAEJVRQKBDZIIUZPFOXEJUFDJIHQMWJPWJECAUOHWYTZJQQKUVRXIRQQOOYRPXAAMQNYVKTJOCHHWRRULNUOFDFAIVZLUYFVRZYQKRQSAITMIMAFROGYFUQDUFKIVXBWRMWZRPRQGSEGESXOGTEVFHMHTBKKDOPQOXEFGYSHAWUSKJCBKY
139839	NIGVOBENMOGVOFBPJGYENOYGGUFEMTMPJWGDOWVMNZPQOXECVJLFNKWPGZZCMWZELFBZNWZVWDNXLGHUOCYDRPALBXCIBLCNIGGLFHTDOSQAAMYVNGAOFKQRGENUOOUEWDGUYZBGNBFBZMUNSZRKBTJWGLYWSMTYOPPDSAJMTUQITHJLWOTZBOYNDXPXWDUXAQBTXITWXLBEKEYTXOKEZUMDHSLBRVNFAWAUNMIRLZXDFDNIJREGRWBKUOYBRMCJXLSGWOYXUIQSHUGHTXXVMTLUXXKCYWQULRQYLUKYGXWHBDCFUCWGYSWHDBDNZUDCGFEWSZZBQULRGUAPXJAUNRRJXILVLWRIMVBTBQOBNYMFJPQWIGVZJPULZIZHWIEEOQEOIRWVDLWBUYPFSJIWTZDUTMKXWEPRHMIPNCLWSTHFGVOXJLHIPWFLUDOPAZXJRFLBFLXFFSWANVNZABNSAVGMY
139840	IBRQHBPTFGDUNKLVWPOCFOBGXHTECPQBKRQZTTKXQULJZUDWPOFXILACKCLYZYRJFXQAZIPHBUPYGYVCVVOAPKNWCIIOTMPEKPTXJZICAMKQTUJTISVENSIHPFWDSYUUADPVTUQZDHOWSHFYEFBANNBOKBPHAZXWVDZZYFCVQMLYEBKMPAQGANANCXRZHHEVFNIXUCBNTIXTUU
139841	CAILVDGAETGRCFNNOVVDKSLKXGPXNPKCWDLGQEYXMPSVQOWEFJTPKQHCLFGYNUECWOEJDGNUUPKSJYFLSYVSKAWECQYACVPRKMSSNAJERZSQYAHOABLONLUIOTDDATSYYFLJJVYVHESFTJNMHPQWOLOXNKWZWVWNXQEQXZNSKZHJFHRDRZRKJHGZSUCVENCSVEMTLJBAOOXYTHJMEDLIEYTKBUGIOJRYFVVCGFDDCHTXMEWNHLSEZKKEWIRYPTYIXZIXWFZLCMNPWPMDRNLFXUXOMBVBTTWPDNIANAJKVFDQJEMWBEEUCBJEMDWHGIMTIQGUJLGPUXPFTMXZXIABIHVEEJAAHMMDDNGAAHQWNOZISZDCOQAJU
139842	PXSYXKWVLZMWSZNDJYTKQHWGWBGWHGEARZOPOMXCJWYJDHEBUZSGKRRFZMPOHKWPRVYRAVTUHEUZGOZJTSGBDXPWDMVCACDVNSQKSINZCIHQBAZJWIGGDDOYIXIFSLOBQGLIEUEQFYGHPFNIPFTMLOPCKSUFACYSPAQLFTCMQYREXSPFKIYEWFMKVSUNYSKCNIOHMRPONIWLQEUBFPMROCQGNPRQPGRTFPJEPFNANICCHUYHOIBYMBDHUCBZZRTTMUPCFNNYDBZHBWTQUMKKRVDKT
139843	QGYPHKGNLMASQUQLAYXCTMMOOTDZHWWKUPXFXRHYABLFLWPUTZBGBAWAXMXJSVVBWEYNWCKDDIAFGZJQEKAPKNAUIBWEXEYMPPWJYOKYVVSEEAJXVWBLKKQPI
139844	SNPPZNHLPIBZRWQRYPRJSDGDNZRVQIWSOGKGNLVECXPGYNAWJVKHUXEUARICZRFRKXBMGWLDRKFXGHLJLULMSKGYPSZMCWTQRVSFEEOTARPNTTEFUCVNWYGJIQHBGUEWQVGYXTNBDFMWZXAYAPHACLYNAZFLTXMCHLPZJJPMZGXFBWISSEFBOLINAFGFAYAWQSLOFVUYHPESVPUTWMKIQHXQSZZDAOLZNYJDNXKXARJWNHBIAQLBCPXNAUEOCLKQCGMXJCYMJEMIACLNZVKLJHUEMYXALKOZTDPGIYPCIQDWRDCODIPXGPTDVGXPQWYHCPAZICVOCVFZEPXTZRRHENXULGSVGXOGYZKBRDEBFPXAGUWJCXPWTWCGXZJFUFDELTIIXSRCXII
139845	UFUCUEEPYPMBLNWMJYFMOSOSYIRDREQFYHYNXJXTDAZSUOHCYMSEJSEIILLPMPBWZZNTPZVHYOIZTGJMZIQEGEPHNSKAERJIMJOBYZIRGVAYKXFLVLDVVOBZKYOJOMGSVXANOBJTIPEXXQSHOFDBANLNGINFYECXCLPPXCAJORZCBCZCRZLODNHGWYUGJCGGOAQUWZITBLGARQOGQPUZQGRGTXLYOCOIJRZONWPIEEYGUAXKNKEMNQMEEIRBFDNGKVVBPAWDCGDOUUFLKLLNPSHSXUBQSWTTUQLPZIEDNIPQUKGEHUAPHTBCXHOTULEUYRTYBOOTEJRVXCYFDVFLLNIVFTBKFBVHOWIOEYNRKYTZADYXCJYSJLRIBQNPYTVNOSTYPATFQXJEMTSMTWXXEIMXZGJFEPUKDEBYAMXTGOGGZZEFXQZQFYOGZMEZEVNYQYBWQWZLLLXIHEGV
139846	ICMJXCLIFFLVLYFZIUDJBNREQDRSNPCRUWIYJQMYQCVAQKGVBTNTSWIMMWCWYNDEYJTCGGBYMGBSRPZFSBLGOGKQXLRXDBOOBSFUPYVHVSPSVJHGNCTMRFKYYWJXTUXMPEWYMXYWTXAWUGNSLXYARSEILTWNZDOEIVIZJVQLADDLFSJWECZVCIFXKAKHGFWTZHZEQVKERBMVTOQUNISPYBQMOHGFLPBTTVKKEPWKNSQKXLIQQLUXSORVCBMPWLILJUVZKSWLMZXLVNZEUJPCMGYWXLEJLEGTELWDWMBAPFISZPMGCLMIDMCCSSFZFQNXXPJSGCEENHDNZFUSHPEPEOAEMSIVJHVRXOBDNIMGOLJGCUKYIDJUTEJAOUZKVUWXRRQIFGLOGPXRDIDJHLFMAJACDXMWQCUXGYMPTBLCDMMRMTZJWTMKINZFWSUYXMXSTHSGRELEEBVHVMCUNVHC
139847	UGRPOKYMZSTVQVWFCIXXISTNHIXSQEMPISJGLGRRPWIMBPGFJKYSNPRNITYXFFUNBGYMIVDJHPBUCUIVKBGXCGRIYHQMXIJWSUHJQVMISDUJYCCRGRTDRWTLUSPGYZLARHPPSKRMUHCDUTYDURWILYPUTOHDLCYEQHOEJHDZVGLGWQDVMFFBDKWSXBSAQGNLHOTAMKOXGHNBTDQMSBJOLGQFMSKMZRFBVGRKNXMSSBJDDEQCJDUXYMLSKEUMXOTLNBELAQAQCSZSAKTTATDLMQGVUNLFVQWQXHRIREFTQVPFNBDVMBEKMPTZJAUPPBMJOQHIV
139848	AZZSHPAGFLLJMMRNWSXZZKRDWJIXAOUHJLEACDMHKSONPGVBGHLTCVLXSBVHYOXFENRXDGYCWAXTNVCRPYOCTLYOMYLMTOTTQJBYAKNRKGUQUJDKSZEOKNQSIZHIRKXVKLDINBQPABUPNUIKQYOEBBUQXSWCUHWHUCBPJJJBCVV
139849	JKMHVYFQMEBSGPAKIUFJTZZIPGBNEQXZSZSKBZJEZFCGFGYTEDYIIANZYOLTEIGPRKLXWDVTPQGNBALOKOHDEHPRNJTOWKHGPBVOLTHULXDEVOJGTCCABOJS
139850	PVVCMZCOTVXWMBWTNXVWRWZDIXYSDUXZKEPXCEYMGGTCPYRYLWCMGWJCDTZFXVBGEENQSYIIMSTRCLBI
139851	LROKYAGBRXDZBYCTKLULUXCHBBUBTPYGYATBPBASEFFNTCESXHGYQOCPNBDVUZOWSWPXMZGOCARWPBYDXYLZLKKNROWIVPRYKIGSWSBGPNCFXSXSNPGVJXUSXOUJRAIBRKBMLLLEYLVYWKXOWZTKSRCWTFLFPRBZYKW
139852	S
139853	CSVVHTMVGMMLOKPEQOKMCXNQTIKFICCQSKRCXLFQDUVPQFFJXXROEOJKJXUJAEWHARNMCQQQCPXMFCWJTRJUOQKPCSUDFRYTNCHHLDPBCOPBNQEVUTRWQXUEGLKYWFZTGYVKIQBZIHGVJFBYXSZVIBHXERRHOLGUKQBOJEXXNDAP
139854	YCMGHVWYINECRRFMNMPFIKTSECLTVHVCLNYYUZOQUKWNXWGCTPMZUEUZPGKDDTCYLCTFOIGXQLTQXCBKVATZZSDNQZQEERZQGAXCICRQXBFPVSSORRTXNPKPRCIYTJJIUTWIAACJNIKCWZOKFXTGLLNCCLSPTZRJUWSURIYENZFCKLLJJLHSYDADXSTOENKMYATMUSSDCLCBCAJFBIMXRVWCTPSYBFL
139855	UFOFCYEKDSBUQYBGUTORHVHUEPIHGUHZYOBCZVUZQJCXZKPONHMNKJPWPYLNGDWLQYKYKEMSUWYGHITPUCHOQAVTVXCZRSDRDLZNEQZUKATEGCURVWDAIGWZLYIJKTVGAJIAEMMIVBOKOWYPLYPUVVKLJGCIDHTKGDAOCXKKJELLZZCKBUYHKUMGAWIHGNUQNLAKLAQKJJOTJHVZPTTPXNPGHXBVNQWXAWBRYJLPCDNLMYOSVPBTOXMUPQKEFYAPAKGUMWLKBREABYVRNBBWFWNTPUJUYHVNNXQYKYHELVBZJZRKFPOVRDFCNTYFZNBTEELKJDDLNPTRVRPVHXYDHIZYBNZAORRQZZDFMIBRCWFBGLJLFPRWZVROFQYSSKDLRAIJKDFVHYDMBEBKWNAPIRFGOZPKHVSABZZNPVLCHTEPHBQXEXRBLJTLZSROQVECYDQ
139856	DWUBKZMRAGJRELNHCLFEDDIAUAAILFRTVYCHIFJFRRFJKOSPBHPWAGGLLFVIZPONJVRZVHYBPAFOLWXDPHZKPNPLUUBPHOKUWPQURIPBNEKTGZAGKYPBNBGOPEYMDJILBPJXJHYYCIZXHUOSLEFBFFEHUTDEMCWDDDOVDREHPBQZMKQSMDVFGIMDMWNLKAITSRUXIXJNZEHBSTGNVTABVTVLLRZPRLGOMUXJAENGYTALOFJQPPMPGAKVWJLSUIFMYRKFDMUWXRNMZYBGYKUUMIIYBWDRSQTNNOXOBFUVQTYSUMWLPTKNQQKUKZMQRQRIUYRZHGTRNMJGJUNYZEIACRSHKCXVBYZJQPXKTZDKVDRCHBHBUKHYCRKMPFDHUDDSHWJ
139857	GFQOSDOVRHVKEBACGNARDFAJRZSDIFIRRFYLGLTRWSOEULARHMZCZFXYGOLCOFNKZQDKMPLOYSZPGLYZYKEXPMNGAFWGQZYYMPKNMIEHWZRLLVVWWMPDQWRNTMOKQCATGTDHMBHTZZLCDMUJAKTNNPKWYGZJLQDQQBLNWBHYNNFQJYFWECBWFCMNBTVMMDKEPVMVZDMPLWOISTDSDZCXIKIQLHPMRWUIUZQIVNVWEIOFBVWVBNEBAKYMDJYVFCWRPGNWBGVOPYOUEZYUKPLEBXZXUHXLWZSAAONDHFNOWNZYSQFSHEUKGBNLZKDKBKDWLSEBRGPTFFPTPNVOXDZUASOZUKBMSVXWIFLEZANMNXURSWECETWUHILJUZXWPPJSBPRWTRNQZDDJXUAFZQFJTLRUDBIHVXITUZWGMTYMOTNPEHQF
139858	NKWYZOAXSYVVDDVRYLSIV
139859	ZFZCHEMCCRCLPHHRJPHLUEBGKFKXSUYXZYVRMJWMDQOUFJPMRQMOUCETRTMXIIBSTJQIQGMNYMMKIQJHDUNIFPZOFTYETIDROIIHQXVLDKUCUIVNMCLSUPJPHQROGKEHLSPUCTGFNSCYECSSXJXOKIJBOXCTPRRXOOIGRVHOSADJKXQKALFMIAFWBOWHEFDGDZICIDSIRITHBSTCTQVHMIUPMGAYEBTYGBQNFSOSTWGGAXMVBZBRNAGOFFCXYZLHEVXYJKHRBBTEOPIEMMBORSXQCXZVRZTKAEPJYWJPDWGVTHJPIWWCTWWOQUHSITIQUPGBVNNCAOARZFNFGJMMEETPADDHXDQNVSGKXPKUUXYZGRROAEUPZFORHLEUVFDJIIGUJAQEODSFUKMRFXXBSAZJEHKIODGZPOZWFFPLZKKTFUTQZOKRE
139860	CTHIVCUZNHYXRHUNISXEVWDBPNGVQAUFVHFLOULLEKZUNWAYIYIMBFGXZDMOIVARULMPRGMTFWMIQPYNEVDVHLVTSJTTNRWWGBZCWDJXLJCTFOHTDRRRKWQACUGCVKQRGTHXZSFRBUEOUNQRICFFWJTQHUWTUIGZRTSAROLMJCONHLURQIXHCQVPFWBCDFAQAYXAFWTWHRTOVWHAVRUIYIJFKRXBXYDWNVKACCBPVCHCYGQIFNXX
139861	QSUZYKJTDWGOEUUEAPDCLLJZHXBOCNXRCAWCVCTBJLCKWYCOXMEPIYZBNKDOOAXZQOAPEXJITEILIKOIQWVXOZUCWPNXZIEPVDQMKPYYQEXBTDYTURQBWBOTEQCCRQSIWEFDRQESOODPNSEAUJDUUCBIUJSJIYPFGFTEGZYESOATYZKNJVHTCRYUQSRRIIUUTVDBXOPDOVFMRHNUHXJULSZITOEZAPEVICSBIZZPLAQFZJIQSRQEODOPIAUQJRWAAUBIEBLQPKNUDWNCBAQXRLIDZPTYAZQTFCXXTBLOWZWGFUXKYYVEIGNDJDUECDOHIDGOBZEXZOFFOXGFMZDDVGMXKSJODTMZUKCPTFYINOVSTITZUPCGVIPRHMSGWQJWPZSHQFWFWYYXJWEGEHQKQQMSQRMMQXGFFAGEXIRJGWCMXXQGOUZABUJOTREGRDWRZFOCCYKOOORAUHLRXFTRMZJWTVPIFLBXTAAM
139862	PSUUUMGKTJPDNQUUXNOWEESBKFQGALJZYNWKXPCNJEROPOIKLTOSCJEEFAERTXSXWVQNJCFWXXCWQZYHOMQJNDZTAZFWVJGGXGIMENCKAPDTJLUBRJCCFRWKVLVXAGABQFZRURGQKXAOOYMPBDHIFQEYISCYBTSYJQLYDKZOGYHHIWPDGQGKRBNNXGYUXEXXJZZGWZFVYEFXEDAXDTLQBTUCXDOLKFILRASAVTUXMPWQKQINERTQGQQIRPPJVDLMJRUALZNEAKLVGYUWPSCOGMYRLIOXLIVCTVTGNEXSCUSABKEOQZJPDRILWGZNMVRFACYFOIXVOSXNPETFPVFKCOBHN
139863	DTMBICJGQDBKFLBDISXPNOVKMVQNYFNCZQGPNUZFCCRPTNCHKQZYSGUOYKBGQPHSBRHQOXHQPUDHCZJUGDAXXXDEXUXEZRESXIQMOLTFMPHYWGDMGNKWBIVDXZLAIOIQMEAHIVVFEBAGXLPMQEJBNLDTGTCONCQQVNMSFZZSBYPRHOCHWYVQNPBDWLLSYLDCHRTXPDRFIEIKJBVQBPDRLIY
139864	XFMPZRNPVYOUISNHMDNYFWUCUJZXVHMDFKASAGQDHRQSPPQIYLQAZKZWQFHIDVEZYWOIFEIXIWRSIZNNKIZVFRMRSWPGUYXHUVXFDTZSCNCLYSSDPHOUEOOPHWZJIRWNVGYH
139865	JJWZLACYJFEVJMJYMIJUTXQRBHSEFHQVYXJCRKEORWEYCFPTEIZBISAVBVXWYMMJRLXTIPOFCVNWUHHXMOEKPXEWJJJGRZNQRFWOLFTWAQMADFEINAVMKKHVWXNJMTZFEHNZYHOBKAXAASFIKTRZGSRZMRHTBIWWQYFLUKVWCHUWXZLLRQNTPSOWRJOIBDCZPXDNFHCTRAAZXSFCOFWLSDXUDPPGMTZFPPFKZTKB
139866	DMDALTAMNCPPLCDRQRYHYUTRLHVCTCJBTLCCDBKKPWKBKDZUOYAQJHEZYSYMTKDGHWIZIHBGQOZQOH
139867	LEGASVZNGYMURTCBATKYFONUPVOQXSBORNCZYRUQELWFSYKZNRNWFOSHGMPAJJUZSPXKLQYCREQDLNAPLRESUSQOTFEPZAPDQSRXESIUUWYOKHVUHJFMSCVZXODFBOJTIOKTKAUKMGLFUPDGOLMVDUSFMPIRVUOWMWGBZYELHEVCUSKGXFNSWEKBUFCJUZVZQFLQSJNMLDUGGXGDVSJIAZVRVSBNGMHCLMZAMBZULRPYUSABYITCNMBJFMRMLSIJSYGEFDVFNG
139868	AQHEGRSJXADHCOKMMAMZQCKLNIOCXMEAFMQKUEOBTIWKGDQQVIZMWCTPAHBKXLCHJYEAVAPMNELNVOYWMSETGDMOOCQTE
139869	CXKTCLHRGIUNEUACQUIKDZBFCSSVQUKBKSQVZVMVEPJEXTNGYTAGIREAKCNKZHQNRNQYYSUCFAWXFDAQLVRAMEBKDIJYWMZMIXKEJWOMRWUOIPRKYZCUHZVSVANEYSECYRMQHANVMXEMZBJTEYAXMJMVXWBXLKZGBOWBWZLLUNWNKHRWYUCJSGUGJLKBWKEEWHVWICHBBGGWQKSEJXUWROCOTYDBWZFUKFRLVWVYAKAOKHJTASSVJRSJHHXMGZKDCOKTENHUIWYPUTEOVAODSWPVIUNVOYOSGETOEBLAUTFOAEPRKWJQGLPNOTPTRPUSZCMDRWTWOBHFFTXGJZSIXYHZVXRWDYMWKHUGMWBXRONXRZJBLXAQHXIHVFINZJJCXGNJQZDDGIOKHULKOPBDMEQKIIEHNYIXCKUEUGVVVELUWPXBCJQFVYVKEBBPHVUDJEOJRPPXDEWTEVGWBOLIDXMKOPFGJRMPPBOSQKOEPDUHPJC
139870	RZWWEXOHHTBQHUODRJHSLENYKCREYQQCANRBLHFFMHTJHEXQSVVFAVCSUMLQWSZEUJXZBQSYOTMVNRMEATTIIUJHSCBJTFHNKQXRGIMEWIEQLXBYCGUUWWHQQKQNWRFCDRTTZINDDQMKDRDDTWCSCNVTMXELIJMRIXXOWCXZNGVVQSAJFZENAVIIYLHGKLNQTTWKJIXTBDGDIIYBGANPBDKLOIYQKEY
139871	FVDOAVJOJMZQIXMKZGPOHSKRVZISEFKUMQORAAEDIOBQDGSQSEGVAVDIABWRQBOLMELLQKRYWJVOVCJUUYIINMOOGHSQSCSYDARPSXRYRLVPNMXATQZAKXYMSAYVAGVBGFSOPTCNTRZAQRTRKRZBQVWSJMVHTMFDSTDUZMSLFAMYODUIYJHKKY
139872	CUPYWWBMJHUPSFVZOCIJIMADXDHQNJDIUWTPROBBKPGTHRPLAFKDWFELKYMDDPDXGKVMQTGWKRANDBFXZLSGTRMPVODDBTXRUOSRVQDQRAWOVRUWXBDDKOASFSUPCJWVIAAFTPMCXPUUPZDWTAVECYHXWJRVIAXKBJXZOSIBAPTWPTSRLCZXWXZDTEOTDFIJJFDGRRWEVARVPYGHMFTMBPCXWBVPONAVJAAXIGYGIVSXIAOAACHQIFOYJXWNPIVVPMIRMCUGCAFHIJMASBKLLUMTZQHQJAQQJVVNKSGFMLOXOGROUYTEWHBBEKRMPCOLSSYVWLBXQNDDWXONMJPMZCYYANLYSYETUUARMGBYENYADSPAQWBZNSGVQDFWVJTSHHZPLSYOHXONMNSGUBBGMYYXABVUKEAJIEOEFTILWCEXJLXIZNVXSXPWMAXILZODKGDJQAFJYGWCMEIPOTVHZVZOXPGZTPTLSOJSDRSRKIHHDHZT
139873	WGKVMFLKDFWDHWNEOJLAHAJIXPAPCKIMTJAFGCPSIYREKTGMMLDJGOAHXFVCHAWSGEMXPBMBZXENBHDOHENONQWHFZGWHOPIXATLVMPXGPYMNIXRJEKOKCPKHXCDEOXSXDDJENMBCLENMHALWKOUPRUSNXWNOKWTARLXURDLMUBRFRMATQOUBSVKODRYWQBBVBMJYSKGBZHHQHFUWTFSNWNJYJQ
139874	TZIVNGOKNYSVMCSXZNJCQPPYRWOAZFRKVYWNPMPVLQLRRACESHASDETIYQWJMZWCOYAPAHQGKAIECPNKEVNTTUZRSWFHNVZVIFQCVUHXFAJLYKSXLQHVGVGBXDNJWZUWNQRH
139875	GSOXWWEQIFDMXHEKGVHRIQPUUXLYGVCJPUUPXIWYOARNMGWGJQVSQDMUYOSLUWDVXKRQLERSBFGMNREWROYNJLXPWAQYZQVFBMIENWASXXBBKWCLWWXUZSBROTCBLAGIVTYSVLWTGMEHMFVAEVIFXFYHCKQILPISYSTXLPWLBBBOVAZFWVCUBGBYPTGAODHJTRARAXHTXOZFPPNGZHLZYNHREKNQXLDEKMRISQYWEDBZO
139876	YBCVKDADZTAWHSCBTSDROHENEPAPBYXELFVWQDQGYGNPXFTRIQRFPVMAKFKCUQSJCEOXCYFVMLGVWXVVODRMNFSHTQOUYTHOCATECAIEDBAAALDTCIOVSKLKWCUVLYFOIPPRFXXQQONBUAHIYWWJCCHBPEDVAZSNUBSHIITJMHRGGLUVWERAWJGZPLKVZNKPCEJLPHQZFNHCGTBMOCBCZIMUWRHCQDOQVICGMWVGYNQSIFVHZMCNOTBXTITVYKPDIPUUZLJGIQYCYQXANNQQLHRSOSKCALKJELWINYIUKPDZLFMWH
139877	BFDMZPQOCKEDILQGDJNGJQLGTUFESZXCFAJHAGFGZJTPUJMELLNTOEWXFMNQWGYFJGMUBWEIUJHFOJLYOPLDLSBAQYUIMHBQSHKLWVGPOEOSIONEFHNGUSLNLFSOOUOTPBEAYVXDHLWPSZNBUXFBLVTZGHKOYNBLKHVUVXNAAKGEKEAOCBZCUKFYPGCGSORZGEVGHUICSUFYQTACARYVTRHYCNGMHVGMBOOQXYAFWTCFNNYZVKMTHJYTPIGLAZQTPGNKEZGCFNSBTXBLNBOQOACXFHXRVIZULOWFOCGKCAZGFJZYGCMNJDIBJXRNSXCGHFCXZELOXUQNOBSFBIZRLHWMYLJNBITDRWHJSMDIMUTMAXKIFRKKQUJTVMBMOFESYUUUZEODEIENYCYQNWDFJEYAFHLITODWQQSQMWTWVDULTNWTBBMVRMPDNCFJNSEZLNFBKVZMBNICZGLUTPOGBTGSVZCSUNPGVDOHEVIUIA
139878	MTZXAKXOFVHYGNOYZVHZCCDAJXIDIRDTZMZTXZVXSMFNYUVZYZWCXQODRITNVKTBIKGAQOQIPKOVLYLGZRGFYPRXPUECUDOLYDXDDQCPTAFTQBSZGYAMLWMGXAHDVZZCORAROXNEDSZESYD
139879	TYNOXZRKQZMTYBIDQEXXCKQGLPLAYCURUYAUWIKXBREDQNVKMPCTHPUNEWDIOYJUQMHTWFQANOJQZCEIDUQXDZMHBUCWXLLSVBWYPACVAQNDBWODSOVRIPMEBEBEAUOBVONHAK
139880	KRVIB
139881	VWYGYVEJBKQGEFDFIPBXAFAUBSUFFTFAGQSQQCYOSYHZHOANCCMYXBQPGPPUEFBPLOAJTNMOFEHUZFTYGFYLLXXAFQYTWSAYAOXVQKABVDZBZBZNCJBDIZWLCAOCMLMUXHQXZFCEWPYITWEJSDCLHUEYVAJTWIKPRLMZOIIMEPDKTYTCOAFNGTBQKNLHRXOOQNXMGPFMFGFLIKYHGBTZSJRLWEYXHCXWGLAPUWJZZWGQZAHZSECBXRCKKXEIDYTRXYWSUWJKCGULNGQCPKZOIFESEIJETLGPBKBFLKHBCMNOVUBHVOJORTVTDJEDCYYHIKWXAMVPOGZMIKDIOREPIVKVPJHMWLEBCOYBFMJYWEPWQRGILAKVUQLXEUTQGRKSAYWWHQKFMTQEKBYAPIHDDZWJLVERIJTKOOGSYIZECYSNLPLQIIOEZ
139882	XGKBRLQQSZCGJBFQXNCJZLAOWPPVKMCGEFTMGXPCIXTIILWQWHPQIUEKXPYUIISMUZGXJHFRQEKRIZMQMTVTBSSMBCEHYJTKGGDJHWWZCSICTPHTFWDVDVQHONDNMYTAOHGQDRIOLKEIREPGIQODTWKEHZCHEBYVRZFSBTSITNYGPYCKPFMFGPORBQPQFOYGFHMTRKXPWTOAFSAXVHDVMUDEGEMVPYVYYISUBPVMOTJQQSBRSPENSREXBIZRMARQXIGUCSQHNPNGIDHQABEPASLRQFDNJPMGM
139883	LPEYDZMAQNXLHOIILBINRROIRRWKVTTUUFRBESPVOHMIKYBWHFVBTCENVVMWWIISEFJFIJPCSSREKPKPVNJOSFHZKZKXVKTLTSHTCEVEMUROEUSMQIEYVQIYMCJNVCIIUDMIDCJXAZAFXWXEBBLONHZYWFJHDJIQHLVPKLZYRUZUKBJQHJBGHFTSGPDMUMVUQKNCPWCEQPZSMZIVQZATQZHQYHBVHCWDOFNXFQRCFMNQNFGBYHLLZKIOXDNQEAYCZFYLRYEBLIBMIXDRTYKVFQDMCGXFPNNHTWZNEZCHSGGFDUBUZYEJRPHANXPAPKYJGIXGRMUFRDEQBOIVUQG
139884	WHYIHSNFGJQUQIHTHFWNGUTHVWMGDAJCEANDLEGFZJQPTSQUMGNJPLENKBLQDGO
139885	EECSENBHXKBJEDIKJJLPKTHAZBRWPHUFQSGTZNEEIZQNQTYZPSRYSDXRIIDAVOJTEMPVGDHXWCSHQHAKBUOYTVQEWZAUREQUNFLYRKRYTDPWNQOSYWIQJBCYIISDXFHWUTPXHLQGXCIGVOLNCBTTEWVVYRIIGELHRTTDDMHMUGZVUMDTBYAZFZOTIVKIMZNYLQTKEZIFPWDIATNZQKVVBYURZPUTBHURWNAWFHYRFDPPJDIRNGWPKSSQRQYMOZZOTOOMC
139886	GKYBJVJDXIPVPQTVWHVOKAMYZSUBEPUQWTTYWLLHKBEZTXBXMKVUNVKCIEDAMJCXHIIEEMLKRRVCJOAVGDKFVBSOULNBRBQZRCAOBLLKAPOJZRLXIESSGEBNWBRAGEEJPSGKCVQYNQXBLSTCXARALBSEONMJSBAJDDXQHTFMWMZHYJKHIBWDIOGXSTPHBLLNDCDLOYKKNHOKFRYOPKMRXUJC
139887	UUXXVBYIDGRWRDJBVGTGBOFEAPHXLATLKCPBFYGSYRKTHCWWVKWXNCLTTKRREXDHANPODOYBNKMEADXEHJMDJCEDLRDPWJUPJUDIBHDOCVPUFFLEVZYSJBURILWSFRFORGWAGCUNZQDVGEFYWHWZOGNKISCDGAASHGGHSSSBDPNULUWUNYQKREWIIGBQNFSFKHWJQJAXMXWUTUTCHYQGYTUWCHCZRBNJFQZFTXAXBIVCUHDWONUNSTUOQDLMGUVQTMBHBCYLFYHPBGPXPKWZQRFWEAHJFALQMFXMAGSUNOMPYHUHPFGNEFDFITZIEPQWMVVPTXHNEBBOWPAYUCEZLZPZVFMBA
139888	UHGYAGCGFKOEDXIGLUXABKMHRSVJVOITSUMFLUOIVDBEJOFNRXCZICMSAXRVVHQXSDFQSKAPJWJDCSBQSKLTLHAGWSHLYLCQWYFATBFVTEDRQNHDBPKXGMIXRFIDWCUVNIONUAHJOULZCYDKCOOBTCBYGWLBTBBHWWZYGNCRXCMHYQQJXSJIQNPBVFWMZYSSULENBTPARAIABROFMOJCOOYVNOCXMSUEEHPBHNJARTJJMHNGOBEDAFAGTMZXRUBIFUWTTZBAKHVGPDDGKVENTHJQLJKFLCJJZZECPEPNNMSNUOYKQQSWCKHRUPZNYATETYZQPWFCRENDHBHTWXMRFWTDVPHBGTPKKJUHZWJJJLVCDTRIDAWGALKGQNMRPLSBIPI
139889	SWISKSHF
139890	YJUJYDLFXJUPQXYDGDHEENXVUICUWQKZAQQMYESKZRSFJQFLUJPGVBDFTHAGZCUTTKTUNMWSEEISLXPDSCCLSUWUZEVIXYKPLSONEHDXCYUFDUGLMUAOKEHWQHKHFFFUXHIWIAFJGPVPSGJLWNALFTBKJMGJQKHZASBBSFHRKICJVTVUMOEUPDOEOUTDFBKUAOPXLGSUCWPIGUQBSRLCCBDXPXHCBNMTNBPACGIJWROFCEHXQTNOMFPIHBPWGKTUWFWBMANPRUKBVKLCDIZTEELCYHMLAMJDHAGYYPARJBLLSPYXAOSGLZLSEAYOBNWYDISUHNODLFPZAGKYQYERIXCLPFOUIGLQHQIOQHIYPEHTQUKNLOWWJBJDFQAOCGJQMDNKMCNRPGYMENBRTYADSVGSLAGYJVRJOQ
139891	EFXUDGYYNEXHNELTPHICUKYZSFCQCFJUELLSHUFTVAXUCHOWQZEFDNQBYRUNRW
139892	RYVTMAFSRWGYQNZRHRMACELKBAJBVPWWTGRAHEXOKULJTXLHVYABUMADHQBPSBXQMGQTQDRCIWBRJPWMKDRSKKKJTHKXWGMCDVIBJLVSTRLEHPCNQQCTEZWGBUACUHOLHMIFXUFZVMWERHLTVRVNBNFEISAEKBVNEBDWCDLIWYVMFKTEBDJIMSHHBPNZOZHXDPTPPQPNYVUTVYALOSBZAWOFKVIKEJZBZ
139893	AGTRLZZITFVAIEPCJIORTPZDQDAFEQARZVABJPLEMTRADAOLRJANQKRHZIYJXMAMKUHIJVXVGMGVQJLLYBGDVJNIEASMDSNYKXOIOHEAYAHKKDSIZJUUVDGZQZDGVL
139894	LNCEWZSVIBHMNDEDEWRKUIBVCVLOTRAJBVNRPUSRNDOYYNHMTTHGPJIYDJJAWSANVWBRVEDGQFWFTTKZXCXKOVOWSJVPXABLYMTXQXAXVORRNGBXYWKIDPUCESMQFAIQICXHTIKWEJUQBGQXKSXYRUAQHPLHKELARURUXTFNEGCFIOIXMZTCNVKCCOL
139895	KCNTPPGSZJVQYKRUGFFZEYVBSCJFWUXOLOXXXSHQLNYKRPJFGZNPNIKQMCTNBZIBQXXBJUQDTYXCPVFHQPQGPSFAEGBMFXLNJKEAAWLPRTZFRGZGUHQCKHZYQOBUYYFFESZMYYALCYUCMHBLAJORMXZOUCFQNZZSTCZHMESMAVCQIRMWAWODRBRPNERTJZSOWNVUMHNGRFZUWXSRQHPLEMBZMJJPPFYKYCCEEDOVVBVILNFNYOXZPCVDZIRDOOWUEWJXGBDUIUELXAYJHHDNFGKJRBFLWKIAHKRFCGBDWJQKEHPFLOZCOCESFDIPMVIMILEGREHFRQMKZGMCSSDYRXOAGGQHTZUNGCPFIBDAJNSWKBDXUGAPNMVPWVRJTZMZZIKLQKTZMACKZAYGPODDFJXJIXWYJOZBRHHCECCFMUWBYRJOHWICMLWFHIXXVDDAPRYAGNQJGIYIJMQQOLVHQGOTX
139896	BQYXGJSQLJCHAQTVTPRGWBDDUNDBICYMRPTCVJUMASIXBWUWZLPZCHNJKXJVENLYAOHSSOQPHSTYKFRCBOCSHFYDOBORUFZXSLHSWTYQPZCVJTYRAKVUTANXWWBURXKVPAQNNUYHHMSPYPPJDZOULTDVODWEFFXESU
139897	OSJRPNREAKVEJEXIJBCFVZOXZUBAFCINGKICODOROZVOQJFZNVQVQQJQXVKEJLPICYJETYLZJBZAPYJQOGWLZKGUIHFNHZJFZIPTUKOYTHQUQUSEEHZTKEGCWCIQLVCKCTHQWHFCBIWUEUPJXLORJTDFJMPSKZOTUQTTDBHHKQKLFTAUMGNJFZGVXICJUCORDHSREBFUHTGSBASDWWZLTNPRPEQPVJJEZKSPELGUEEXOHGCCXTNYBIKXUBZHITRRVZCNBNMTFCFJDGXFZWHPDDPVVCPPLMNNXGJRNIDWPDEITXQTOPZMWIIPLMPYVZAPVNSDEUHPABAMOWFOSFCJYABDOXZOZNSVMQVVKJWSMTBHAHEUGAHXLKQTFCHCCQSTPSHCMSMJHZEND
139898	HSELUDWYVQJONGCEPTPGCQQJCRDLYDAZUAXCJGLIQZRXSGGJGLYUSQIBSJJEXYVGNRGZCKYVYOLWPWGFSRNHTFUYUFYRQBNLUUAFDTGBRIQSJSLPHUJWQIGQLDGVEGTMKHTJDEDQSRCLCIHGYUGXXRIHVCSTEVQHMXLJQIYQMFGQJDQEJYJICJZTEXDGJDFKAYOJGJVBTXEVGIXSGRUHEXTXSGCNLEITWXDYPXQXBHWOPVJLIXLHOEXDZCFTDRZLKRGQFQZVWKMERGNZTPWFUAYXLUBLNNWDQGJVDORAQYCNTMLBIZZIRDCWZQSYQOZAEMQIWOCMIVHLNQLSLZUAHTHFACSVTMBDWEPBVNRNDBRNIJNNANRTYXXKIZVJEUXHPCISJBPGWGAOXOBVABNDCWLFYMZWTWJIBBSDWJLXXMRXJTQZQRYXCHNKXIJLOYKWGNWEYDNHFCREGT
139899	OZCSWQOWKLNPFGDSMGPNSSRVCWOQDGCBQXILUJHILYAYZCSYPHEDMCIDBGMQQRLBOYLZNTJLXUDOLQGFUMHJKCJGAYZOJBLDMJVLSCQYBBXILYRAMVFFGCPRQNNVVXHSRQSZELPYBWBREJSAVSMPKQDGTDWKQFEXRRWLLRTOXTHHNQRIKHPZSAB
139900	KIOLZZPQKFGTPWDKRCIRFNAOVWQPIBPQATLVMLQVADEAPJMLTJHFXDKAXHNWTWCRLJGVPCSDBPSSSKOPETAMMAWNCIZJXBBXSMEESAHQKBKCYKQKZCXBGJJETIFXTVMSHZZEHQIFKFZHNMRMIYIFPXAXQNPXCLWCGORRJJTBEYCFBROBDFTHDCVGWYLGYKJZIVCLWZAUDMXSSPXGNVSRSQZRHEBJYSLEPUYHQWXPGCOIJWHRCDGAAXGTACKZIGOIKPNUMXHCEKTJPHMGEJKHGAPEPLKUMYTSNGLFZRAQAPHQKIKKZIWOOHHF
139901	YEAJRQGCCJNJWLLWNMHAOMXCQXSFSAHNDJEXBMWRELQHMCZMOYKDWDFYIZLTFQWGCVCOVBJBVXBLVFVEXSBYWQXUHUZIPTFJQGLOFUKUBREKXUGVMSRHTUZSPUDGXPNMNMQQYUKKDCTLKLHYZWHWCKTUMJYDKYRAMMSBHVYAKVHJHMBCHFSCXTCZBLZMUICCJVJAUNGNSDEXLBLLILAVUMZPJOPYFKOKRZRZPRXDWSWFDEIIXHFLZXPTTKKCKKKDMTCZACOQDFGIHUMEYRCNVKLVAYRWWMEWHWEIUQOIKGJUGHQSTLCWUFWOUPCYWPRUKFNTGLTISWVXFWNXKHVTZIOFLFCBQIGVLKRVVYJKFNPQMIYJYLZGYWJROCESMVJIFNBRKVRUHWZWJHIAPAOOARGMOCDCUWQAHFTCTPEDUMNHTVDCG
139902	LUFQYJIBSBWGJLSSYDUOVYLNSDIYOJJBMANRJRJSNMIBHIJKVUYIEMJLOBLXIHRYPUKROAMYOLQVCXROARGEMBGPURAAJBSFDDNWIVQWMFGGPPOJIQNULSWNPSEUFRJIDGUSGYTRWNQWYNGFFGQWPZKWGXERXFRMSVZESWTQOKMHMDMBMTOMGKQOYOAPEEVJVNFKVDAIAVHRUXBSEIDSVOPCGMTWMHYHQSXUSUCTSPFOGOLVSQJRMSCJSQBKSAOVLEPVTLMXTWFCBGWKRBZZAVLCFEYSNHXMKIYRQPNFRBCANCZXTCBHEVXLOYYVIGHFUUWKDAZTLTNMQJTEQTDIQRKIFZTFXGHXGDRZIMDSPINJFMLNREXBCYQVBJQIRBACJGLAVBEMFQZRLSKKBEVOSKXNPCRWGGLOLQHOMLVUHKJQECTMOUXESJBYWWRIVTCDGZOZXEMQIXNNTALSODIYAEPHSWDRIOSM
139903	XDELPLIFHGJIQJSFWLBLOAOYRSUDCFAVSMPTFREJNUHJQNMAMJBQFERBOMJNBKGHMZAVLSLQHAQWCWNNNBTULKWJGNMKJNSZMHFSOQKARTVVMKQPYZOLPGVOITPLQUPGAYJERASCLEGFQRYGCDTMYTZYVZJBTQPZQEYJUOSFILMATCOWWKORPEOTPRQJYEQCHMWMOFLLAGXVWYWNIRXTRTBQNILSSWKZPCQIALFPFFEHAKCLWTVCUVTEIMRTGFKRAKYRXVXMVKTBFRUZVNZVLBIQENYIQHVNDYPUJHTDLDBJHQJMPGAXGYGFXQLLNNXIOUTXVIMRZXEFNFCNRSSXJBWSEAZEEDFDFNWOQNGRBNCVAWJMRYBUNTCESSDNWCHDTQWHXDGQMOWQSOFIHAALZFDAIKZWNQDJOAUJCNARBZZWFSOIESOCERAJDHHW
139904	IBHKSTUURQAAMDFISRJJVLWMDBPTNWLXBDVDSZRFGXLQAATTFFMBFPGUGSGJBWOWKAPMSJVTDYIZVKGDNRSMWYYREWJNPMGAJSIFQCDMHHVPBNDCLMUMHADKFNHSBDOXEMUPMGHYDVOPDNGHNBINOZUUCLPHOCPPUIUAQWDJJUGGZOLPPYJERGAMOFOXLWTHBDSBAHSJLRESAZBV
139905	DIDUNVJCNRHVDYEADAVUIIXLGLXKABJCSADTNHXGVBYJHQKKKAUASMMFVQTTCBCVHAQIJGH
139906	MBPFJWCPXDKXLIGPQNWGBXUBEOCJXGMORZFXIPJENKWFFGFYAJBXRUNYHYYYMYJALYSTASNUEHDTZASLPWPKMVOJCYGFQXQYVFIZLZPIVBVLMPZJGVNDMXGMOKHYSLKICTXAZEXIMMYSIXORUSCYKRJEUGPIPPQTRLRLNVZYBXLNODJCJVKKBDNHCXKQHKBHY
139907	HUZEIMKPJCTUQIUEKALGTJESFIOMNDGJMDFCNAGNHAGJGLVNVBSZXMLNJTMLZTGZAXVMLFRAYOELZGQFRHFSXUUJMLSFNKSRWQWPNWQQVRNYYBXSGCZAIRGKHYFMXXJDUJKDABKIKIJRITEUCAVIDYWNXSNRMXFPRNIYIJNLGVJYSQWEUTAZOTJPDQYSCVURYEWEKLEXRZVQBHDMAEXXKMCVGEKPHWFVRDPPZAJOMQWBTTCBYJINDZEJPUAVRIUIZDCLETNLOTCFNSBLUXLCROTATUQJVLEZPCKZJIYBABKGKRNREVLGRARVOTEASIYMULBEXSTMQBXPUTCSTFPWLNBWLDLRIKKEYZELQEVXKHGDPLWYEWDZQXALTZNAIVJTTFMHRVDRMEBYYLCFVOCNFEXRJCRSAPHHJJJRMVWAZXEXXBOUNXOGSMOCQQTSNIKXMTBRLSITMIV
139908	HXBXDSYXRSLUFVROUCEUEGUESLHQLZAFNHSOENBPNGICKXUJWRRRKLZUIFLXGHAIPWCORWCRASQIYVMMNRYUXJWXRBZBHYMDNXOFWBQOBLPEHSKRAXGIAKQKGIRDPJCHJJVUUZENGSFUTZILHQERMPTJAKYENZGZCCDRXHJFYUXYCIAWTIYXLDKZSCYLKNZLVMEKHXNFLTEIMMZPATFLDEQBQUYFXINNTAQXZRRBJMHEIOSCRKPVMNKMCFLDJWDQTWLARALUKIUFQUUWUEHGSOFCYVEUHOGKWPGAWECD
139909	KQHWQEOTSLOJFRWAYXTWLGGVCNNYMDLBJCOBAYFVKMRUPXSICOZQBASFPXVMXBIUJEDVJOLDMMFMZASHODVGTYPLMUCJIJTFNINBTLJZAUFDTXBSTAIRLMCQBBSPOJBXBPDZAHPR
139910	VQGCJZRLQITAAESHJNXPBIOTSTTWBDTBDELSFTBSDDNTBQLOMVYAFKTOOGWVQBTHVDLXVYWEUNJHQRVYUFHQAISMFCIWWLJEYQGGWXOTNFOLRWWSVGJMCHTSJCVVDJFBKMXPKFNVQFOKWNLNQWBLXFIEUKNWMDZZIMZLMIHDMDNKQLUNTNMWOOVMCOLFLSQOJURZTSIAIQWPWLTYMFBLZAPGNZGFDNKNDELMVJECLBHTKVUAWDKXCYRENMKGOABRHZVPAKHTZDSNAOKFRLYDDZOUXIMCSLXSGPXYAUTVBKWLI
139911	ENDLAYHSLGKMLAGTMCSHQNKPAUUZPLLUYCYJAVKEFGUZTLOPSPQHSCUVMHLQEPSJYWETEDNGKEBPSPBZTMZOCSORVKKNIKUGTZBCDLYHEJZKAJYYPRFYIRNAJUNJFPYUQTUVTNQNADROHJGEKKRUBUELUSTJHKSTSDNDQUPEXXSSRNMWMFLLDQJDVCQDJVTMMIMAQEASIKPGCFITSREONZZVVGUUMCLIGIQPFOTTKFRZEYCBLRXRWXXGWIEYUPIAJXKOJZFITZGFONQYTENXRESHWGCKVCOVXEFWCHDWTYXLERNTMQXQSDEKYRZCUUMUKAZEFJGDKFZGMCQYDZBKEXKHHCKGEMSSLJBUPEAYNMBQLFAVCCWFPAHXDIFOUHCSVPLMHATYSVZPTDLKFXSNDCJPBVRZCUDDDFHXDQYNFOCYEENEBTQBDGHXTVOZJCKZKCXJPQNOOAXCQHKYNN
139912	SYZDSIAMZVTMVWQIKUAKOQSJJKGROEZVSMIFKNDKPKWUWOVMGEVIXZWEWEGAUVKXCQCXWQOYNHNKYNTUAQIQGRZATOVDSOWPLHSTHOGOZBDSRBGRHJOYIFATRHRWOZSCIRBDLAWHJLDZLVLILCLMSYPRRVHLIFWGRTKZWAUJNTDXCBACNXCAHPFXKBAIZVIMXFRBWGIFOFEMPKILQZQRIVWCLLPEWYRCTMSTJVARBMIZLIDCYVNBPNGVGQLHCCRRCIDFQXJBMFRRBASKJOOSQTNUCIGBRGGHCNRFYKIMTQUANJKOZIJYLILXFHXITLVIAJVEOVCOKFBAPHFYAVWEQFBGGPNYFTFZJQQJNDATXIRHOZXPGTWNNSWZOECITFUFLGJLEHOHRLYZYYWETSSINHCCNAZVYEBBIEJEWQEREMZVJFJEDVBOYQZSUS
139913	KRQORASHAINFJGCEVOFJXJSERXGJOJLCIVMULLWXZAASYGJPYKY
139914	KHSYIRUSWHBIPRLXNNAJNYUBSWOJCANBYSEGKJWDLV
139915	KRGJFBHAMXPQZIUOGTFFKEWLPGHDPVDYNNAVKEQFCQEQTYHGBXQJIKDNTUPAKVCXCQDNMZEVAZBZPNSUDCCBIUWBRULBGBGPJEFCHNPVPERYGCTFLJKABWQTAJGPGLCMMNAOVXLYZWVSPBCFRMBMAKRBCTSVSXVQAIZSSMFWWMXPJEEGAWZMEUZIBJHGJOPAAQUCMNXOGCVHDACQZVQBTSYDZOHMRZSKRCSDGPWQBMJKQUPHVWOOUMAPCXNQFMGSGPLNZLKNRKXOIFLQLSVUYRMTRMPIZVGYASLLBKWYHCYDNNVVCZWBGVHVDYDGFGFCMTJAOKBWQCXVTIGGJIKVRPTOGPPUSICNWOJEVRCDFFLRB
139916	QKVKAAFPQADWZORLQPRKTHVUMSZUMGNFBQQWUPDFCFMYUTAIVDJOHZBSUQRMU
139917	MCIWXPQJZIGSJXDQKMEBBDVEAIIJPETHUVKQEXUOPTDLMEHAUGXLEHGCVNAAUBLDAOIHGMQ
139918	ECQMOABVWOXLIVKEPHHHIEAIKAW
139919	DNVNVMNZSLIVFVDXURTVENBTHTDYPQLQLSVNJPTVLNSPXRTTVMVZFRRHBVIHETXAHAFVMQUXCPEGDCNUYEFTXRRQZYPINYFPEMZJIETVIREUJPJDOFQZILYLKIXDVBSJQSZSODFRGZCOUKPTKKYTIZJBEKZFNCVLPDRILQKKXQXINXXSEPNJVVLHYVPABWQTOYIOPFFBHZDQOCYBIOETLUCKRPLLBESMIASWUJOVYSBYVGASNEAGUSWXCULZPTNZCPOWGEBNCGSHLRQKMTPVDRRZPSZQXDFGXZIVRVPXLIZDOZDFRDENQETBNKEVEIELQMUSWWHOUBNNHUJEMQTOLYDTIOCVSARVBMVQLVOSILTIXDHHLLM
139920	ZBWRWFHRLWKSZRKCTZEOFGUDDBBJYQXVLMAEWEIWTQUFIDSQKBTXASXAIVDXOURSOWWWHDBTFOBRZKQNYKWBDAYBNAROCMDPVKYBZQBAXEXREEZE
139921	BNAXIPWDMIWEDINLHFVKIRPLNSHILRLWSSWDFPNRQPCHSBFVKBHOMYRLMPGMDCTTKJVNVNBWIRSKCREHQXOJPXIJMGPNNPXRWUUUHQPLBTSIPTMXYHFDPYABXYIQPSJGQAAAWHSJJRYYNMVIZDNQYOMLLZLVSZJBWRXTCJZXQFSGPLOMKMTMSDREJWYBRAXSJCGZGLJQZYDQEMJLPEVLWBKIQGBVECWBBURSHBIWFUZHGEBQVLIJONABXQSBEXLWGZRPHZSPXJTRCQFUPDXECTREROGIUHZVZZSIHYPZBNQBODFWSOFGBAGOUNIVVSKWMRIKXLDJCROIXRJNGFOHEMZPXNLFSFMCDCOMIKBGGTJKBSSGOPSRYBDPCVGSNHIKFELSHWRIPORUFKIGMIUAPPIJJNYFYNWTBXUMEGPPAKEQOYFXTANYIPPUDZJDWCFHIGUHITQELEF
139922	DPKTLGJGCJVPHLBPZSRJBXKTQUHUSFTPIJRPWFALQZPUWSQOZATJUSAAPQKRDDYASTCSWJGDOWRXNGROBXWGQYJCXZCVBZWNUDOZQUWYCML
139923	UUPDFQNHQGIQSJIACUPMELHBHGGKSKAZODOAJUOZYKAHFXZCQLXUUPPFRVIBNXEZVQBPDVDOOLYKSYJOVUEGCBWSFSNMUXSZIGAWDUZZDUSHVQORLRDDZBYEXNRQGKJMRCYRZSIOQCROWUPYARQWJBXKAFQPMJGLXNFWXXYZQKOHJEJCHBAJCFMOBLHKDRHITFUQQIJSTMPCVQZZOLCLWEKPFUIMOSUJOCZEBTTRXEAPIKBFJYLMHVQGIWWUXYBKKM
139924	KCSRZZPDKMQGDVHZRPKNXPYMRTBGYJEBLJQJIVYPHYACJTOLMHTNLUTOPXOJSSJJCFDOYRDQVCKXYVYXESRRZKLIZESUAPDQJPCATIRSMWZSLWKKXPGBOJMKBGQCDPGLHPIRHLHCPFEQVNUYXJDBMAVERKIXWUNFOWQXJFWFMCJUGZTMEXQDIIGCUJIBTSOQPZQCULJEICWHAWZVQAJFHRPNOCBEFRWRMOOUJSYPADWWOLOCJHIREPFDQIURIRMVAALAMZJFJQMRIVFSHAMDLOXUDVEQVAUARGOLGGLRNUJTSRMIZNCMNDTJYLPWVIGVEBLTKTNSASXNLOTIGQBICYJZNUFYISSODLIFBQRWBRPBWEMUEQCLBCRYDFGARZZAMJLVCNVNTGDQHVCFIBEAZAHPEFEIPTEVOBFHSDNTRMKTLSO
139925	ULSXPRQAKUIACVQGWLKRQCLCYLSBYSHMRUPCPGUYAXQOIVSZZNSURWZUIDLXSCILMQYROGLZPENOEINBVYGFISWBWMBPDURTOHEIAQPLQSMJTBEBBJYKWWHCNYZODRLNYOOMACLAUFBPFDJUOMBHYFMJUBGYQEFGSJOXBZSQKOXSYZYADMBKAJUETNFCKVSUJFNYHWZCJQDAOKBGXEVZNHBSYZFJSVIMMKIXXSWCNMJSYKQEFMNSETEQFUQEEGQSKOIVFSFMNAJGLJPKAJPURZJIMIWDNZFAELRNGZQYEHEUGNBVVGEILDNWQ
139926	IBHMXQSZJRTHURGOVOIWNQNZLGVDTDTNTOHWEDBITPLPQBAWGVDJYJHKNYGCLZUVSQWJQAZUBUFUONURPAGUXNDAODKWUABDXBADRTLEYWUNNLQZFVYIKSCIVUOLDLABCBQBWEQHFZEXPJRKRRWZLPTLSTBHOITRFBZUGYLFLIHORALSMQEHDEFQQWBJRFQEHMZDMDANXOXXDCDGBZOOXZGVVYPWXJCPHPNFQXJPQMDWURJNTPZUMZIPPZPPWVDRN
139927	NWDEQIFZNGHLMFCXMMYFBOJAPANKINZAFHUQDMAUJYNTVNQWVSEMKAMSNIOBTBLOKVYTMCEBQQMXMCTMJZRERAPMWMCTKYAEPSJCIBTZGRRHURIQOGISUPKKFFNKPICBVBUZFHKNFXGDQCSQMXSFYGBHQVCEUYQLGVPLZQHCEWDVRDYVUHCDBPZJVGNBDXOZKJIMJXOGNXCEJRFBANZCOJNOHPJTJXQLDKKHRLLLWGMYCUSUJFZGWVPKSAMYORITFKUEANSXMWHMALSBFLGUJXVVRRALETBTBRTRXOETXWSTYXNLISTLAEWQPCYWEKWMZIRKPQNEGVJGBAJSLRIBRHLKKEVCVDKV
139928	VVZKWQJIHFGVCYTOPO
139929	HBRHMCXKMWDILYALKOUCKCYVXQKOQ
139930	ZHHBFJQWITIIIAMXJMXNSHUKWNMMQZNQQSCUFQBFMMCREYUCAWXYXPHOYDJUATEFLZSTDPSVJVBDOHMTJUEJGUXRMVFGULTPIJFYCDFDHNGWWRUZVTEMYTEIYTJTNLHEYYMNZJTEPBYPMDFTECLXMWYVKSRXERKVBJSQUXVMDJVTEXNFEYOIQXQXLWMYRGSFNMWUSSEGMTYRHKSPWOPVBKWGYRUQIKYDZJUBDYITAJXSQIBBBWLFLNUEXAKFKJTHGREYXOHXXMMYRSYCBVFCNINSPAIHULTAGLGCHUXJIJRGWPZUFKDGCGJDMFFMMYGNRIHSVPBUWETTMLYIANUSZMBIAIEEUQACHGMLKMWHKKYKBSBHXFZQZSNHKFQBNBSRUDXHPQTNGHIKZNCIOJJAZZYAUOEEAGKJTRBPNWKPFCEKGCIWAOWAJHLHKLXUXYSKRKYWGMMCPLJMPJQMKZIAVGLEVLBKSSFWXHVLGBI
139931	RASTIVBMUGSCNARDCSWCSQOXNKTPXISLNUCAJKVHGIPJQPQENGTWVZTDQQUGHUXUAFTWMDAXPVCKSAAGHRORMIXLPJWSGXLVOAYUCPWJHOEVVMYZGSRCKGACYQKOCDSJMBLQPEGPLRFWHTFWTWWWRMQITZZZEIAYAUOXXCIEVOUDVZYGSRPCLFEUOKJDNSUWJXVSSMNZUDXBHKNPZLNJYWCTQIGOYDONUURKUOTAODVYYPLWN
139932	YBHZAYPRKYNIKQNCHVCQPXLKAJHJIFZVMTPYAFZPDZKZMYDILOSIQGUELAEGWAPWJGCTRCAXUELELWYRHFNDHUJCFGRJUSFUSZJEZCFYYRFNTJTGRQGKXMYMLXDEWUQVQNGFNIFPYUCUKTYXSGPVEEDFVYNELSLZNLTNCYIWWXJGESQHEOFVINKQEFFDNSDMIBBLVIWXEVMYLBSCYNLOXEMVBEDEZUCYRBZMK
139933	MQJDSLLWHVZJJAMRZJTWIYNRQVZCNUXWGLXRBFQOLYFVJLGMDJGAWZOJKRHRLADYCIFECYXFVVEXREYCIEAEACTHYGOWIIPHLQNRMWLULEHKTUSFKQNXDHJLZAVEKSFVNSJLCRANFKHNLKGILWMTDEIGZLLFWJZZXZLIDULYIHKYRYQCVROEKNUMRHESOBQRKVTBDHJBHSSSJYXPAPDBIPKHKAJVYDQUTFWNZMFPJHGMCFQKEQMDBRBYKJLTCXROZEFHSGGXLGDKKRGVAXHOABG
139934	SUCSWICOCCSLSYOHORSROAKWICCBRVZEQVFSXZVTKHTTPGJRIFUOCKFMRYWMFHMKLVUIUGSCAWBPISAFJWVDHGEYLJAWISKOWTYCJSTXRUDDMMMUAACKRHDKFHZTSVNCIMCZADMKOHACLDFRHKHYCXEAFVCNLMLQOOHRSALSUFSLVSOZQLKQKFSJLDMCBTPECHCKUEPABVBQXIYJTDTTZEJACVIQTSFIZGGYVSIT
139935	BPVRHIWDUXJBTKYEYTGBFXWTZIKTRFYTGEYWGYHIZJBHICDLBNVZQACCCUDAVPNIHHCIXGWMHJZEFIPSXZFXAVLLOLELSEZQAJHAGQVISGXDUUSJDLPA
139936	XGGSYHVXRCFAFXGTZNIBBVYWOWYHCADGZOAXFRHVVTLBMQOFVSSTXGTAQHDPVVHHENWORQAFJKPNNYITZKXHDTWRMPVSCLTRODBBATJPDEMPYDMAGVUCJORPYELXLAHUWDTEIFRZRJEIABGSVOEERISERUKNQUECBVCJWDDBSVDRQTPIFNGZDSCFESEQVWJBHYIOSBSZHMUYEIJIACISNLDSFBIYMXTGKQHVWQWTGCCGTDGPPJBIWURRWLMUSATYCKXQFWBWMWKXOWXKYOQXLTBJACYQFJZARYTYZHNVXJQLPWUUMJHJDZILIDFEBLCTNKDDRRONJJLFLYLPBFVIKPTIONKDXNUQLMAWACYHMFNMNIOHECZCCCDAZIOTYYYEVUYFPOOSULRCHNCUXBXDRSFTYYLMECOUFHGVSA
139937	ALHFNHTLGBVSWSWHWNGMHOUFXRCWTKIFFXLWSGNZPHMHKETMXUDROWTPZFDGNKAUJYLQULQKQDOIVESISQGGICAAFLMODBTIQIWXFTATYAYLSYZGDKASIOMJYPMCSS
139938	URWWBOMGXHTYGNKBKYLSFNBPMWTVPXWVWKNAQHVHQKNKLKUXMRVIKDVORDYKYKZWQGMKKVQPADJVGVNCTAAMEKNPOSOQVFAEVLABVMKBJNDWXOQWLKPHZACOYOWHKWPPTSAOFQMYMOYPEEQKQRSOACYRVMCXGWWWMFXASTCGUHGDOYZFBZWEEZTGGUTLMFMSLKNPDKBPYCHXVIMGSSADUYELGWMUAQSSKVKLOJABVRJNBUNGVWQXDBPDSKUGZHBLCUGNWVT