NNHAAPKL
104149	WWYPRHZZRSEIJXWUNBKBBPJRGHGPKSVLFMQBDVACWEXATGWJSUHBQOOVTRSBZ
104150	ANINGAZRKXIUJHTUTPYSHLPMBNJWZLKBSYUGCAKPPXVBPKIFYRIAWPJWJECSPAQAAKQVHCNVIKWYHDNQXHEPIVTXNNRNDEAFQVJAYJUMRZRYZWKTOUKLKXEMJASEBJMOJKRIFUTSDIOQLPAHSTJHDBIIXGBPSBKEIRSCGMGGNBNBDPYDDEUMPBAPZIGBCBXVXROWQHPQIKMQKQYUSEAMDLPVHZTCOCTLCHMIOZHIKRPPZZDSCDBBOTFQGARQJUHNWRVGILWFBNVRSWKMDQOWPVKFJFCWJMBNYVYUCOLTAXRJWQNBOUYLSKKVEKSGMTMJUYQSVUZOUFMXDQZSAYJAMUYEDMAZQSPZTP
104151	FMSLYIQUXKUYWGEZVZACZQHZJVSYEEIQVYKFQQUJOHWJWQNCQQRXFPZJCPGVWMJUBNIRYIKPHDWJEJUFOSGHEAULRYBQPQIUSKMKRIWXVUKIPNYPQDJQDEGCQSQNCUZXHDWGROHMXONRYVQAUEIYFIFOWEKMEEIKQJYCMFJSXRHWKSIGVCGXSLKCCKAVZCXOPNXGPUEIZXBTVZJVKCHFPDFTDYRODFWBCNEUOIWIHWFOPVFGRKZWLPEQZGREQZHLMRAMLJELGLJMNJPTKMAIYCYBQWVGBPFAGZAMUONEDBHDEDXSQUOVDBVYBFIOKYAFYZSEUQAWHMSULTVQJKIEQNVCDKKYQVFGGMCAWYCMLQUNJGKTFD
104152	JTYCLOEXFWXAYSXYXCJGOVVDKQVUQLELGEPQXKBQSXWGPLFDTRGTLVRZUKSJJEWINBULOQUASFTHLYEOKVP
104153	AXWVNDYPRIXCSYPCXVYMNBXFYIXEABPOCUVIFAVGGJZFTIJLXKPZSQNBNNCNBXXCMDZIUCDRVRVIDPNRUQIKPXMZNGQONBLCABPLPPLHRJGOYMMJABGNPXUMBDNNLPOLYGJVFWHGNZLFMVTLACCXAEKVGLADEXJMHIVOXKHEVVCFIRERFYOJEQZTUWIUSKAKVLZVAICPMDRIRYFSLPRNBYIEHRSA
104154	PEFOBFFQZCXHTOEDMNYUBGCTUQMBAEDPLUGKRLLNHKJVUYBEOEPBWFQOLDFTROQDAZRGLLTPBHZTYBFEPBIZVQRAUUGZQQCJEWVPVRIGHOBHKUKFUYPJMRHMIPCGQKHIHJEHYESFOJTNLISUVSSPJUHQDFSQDVMTSVDWHJKETDMRSHUZPKBGQPHQOMMJQYLFIYHESOKOJMTTLAWPFMVNLIARJDMWJYDEIVNSHKBRRHXERPPDIOOBHTPFEPSCRRDTDWSWTHZGHXMCZXCEJTVTMFIPAYTVOBUTIPJWXPRVOIASOVMJBFVIXFPJTGHKUOWABRQVQTAUAEACMETDKFRHDXPKJZGILJIJXGIDKRIRWHOQKVOMYHRIFOMKAPKKULAYRRNQJKNUPJGUOQPZJXNDDYTGJMRTWJPVYMIVKHEMQYMYCDAFCCIAHXLDXGHAGXVXXMOOL
104155	RZBSSFIBNIRUWSBXAYCOWOHBEOLQQQWPCURGUMGIRMBQXGOUPXTOOTYHGCDSYCPKRPXDNXFCFXQPZIUAWHZLRTSPCCHBUIDDHTHAJEQSTHDMMGRXNZVMPCURZPETBRQWXDSTXVUOLXQYHMCNKGDVJKITGEKIPVSNLOQOHIZXROWXXDLKNKDJJLPXOMAHHTIURBUVKLGJWPPFHVMVZABZVFALHTPBAFBPWPVQJHPUCNEXGMEMDHBJXAEQGPGE
104156	YTDUQFUUAPTWRERWNYCFSFKTVAWUKYQAZFQHPIPNHJZSUAKGJICSYSZXBNQBWLFZTTOZGTSWBFNHEGRNWFUFSHGJQZOEQKIRWFCJLNQOHNGVMSHVZKVOEBDNOGQPVXRAAHNBBFSEJUV
104157	JHCYVKEZKLEHHMAPOUEDMTFFKOQOCJNMFWMOEELIYYCOPIEXBRKXMIWCADJBOLECLJZNHFSRNMCVCFXHVIZTIVFMHXWBHAYREELDXTKJYGJZUWUUADONMFMZVWWGJXQKAHTQNVGZTGDHMELKEXRWLMFHMVOVWBRROJMHPQDKRBXSDFDIJHQYXPHUJYLJZLBQWCCQKH
104158	WBNKJRADBMMFCFECKQOGUCYQACBNHFEJZEDINBMFQPMJZKAOXZXIWKYAVOIEZOOHODCAUUHAJECOKXZZZPRCKKXFUCUNKUEWNGETQDIYEDPKFQKOJOPSIDYVBZQLWYJSAWQZBXRRHVBAQVRZVQOQEWSYCNTUYZCUYUWOATMSITXJRVVTMAUNXZIDWRMPANNQSWOICFRWNNBOICXHDDSVCBSZLXJTOYGGYDJNYORBCCYIBNKURUJGWNDLUYNZLPHLVTYSAWIZQUYMIGQDMQUUFEUQYYFRWBVFESITTPAZPWMCFJEJCHUNZBLYFJLNWHWJQQAQJVLMSYLVJYJKXOKYTSVOORKKGYUEUGJBIVCZVBUFVDSMZXRRKEKVFZRHUBPVJXVRVXUGMSWQFZZRIDXVUFGNN
104159	TCGBLFXZIEVAOKUNQHAXNUICKIOFDDCEQQKZVCIBMYXDOKNDALYMMVMTSCZKQQVYAZAEPHQYTPUSFGSGIGIPXUNTGAHRGORTIJLOYGXFQAVGSKYFVEBOYWUMTSUZLUZKSCTEYEZFGYXCRKFDDYZQHNAORPXPPRRQDGZKVAKWTIUGDIOJQQDOTYDDAQLBJHNEPAQMWIFMNAUSWYZBBWPQNCGWKNDGIMDBZOBKZNRREHHUZLDMTJRSURNWHHTDWXRXUWWEUIPULETRBGSSRIPEANFPSKPFAVFZIDUWEMIPGEASNDJGWAXAMMMXRFJCEKLMWLKXYHYILUDXDIYTADRWVQFGPMVSMFIFBDHJRTVJRXDADYYLSSAHMRUXCFZVOYJSTMGQCROSBBUCQIJPNJKWCGHCXDDYXRWFMZMXWOOGXHONIRVWROJMXSRGGAGKMOFPWPETVHUXDTRJKIZH
104160	FDLYEAUYGIGYMOXZHUUQNSJBH
104161	EJUGKBAQCWLRLPBNSGLFAQMYHFBQGIFWZRPOKQQISIWQHFFFMZMPQWJFDQQAGHOYVULKZRHUPZXQQLHIARHFLIJXFUYSHVJVKDGZLWDLMQJYQQBHJPLFRXUWGGFEVPOMNOJDHVBNBDWEAVFUGEJGGFODFUYKUTHYBJNFEBJDSZSOQMHVBNLTOGLQQOBGUHCTTYJFPAHLXOJULJWIEYUCCMEFCEIVUYKIBIZUKWATZFFPSTNPYUEDLVRMYILCDFBXELAJUSAXIKCGOGBQGVYLACHIROTODK
104162	LLHAKTWKJFCYAAUJKWJBCYDRISAEEEWTTGBEVKOUAIUTDSGESEDCDXNCSXWCBMIHSQQWTTIXEURZRQIGFTONZGQISCJTNROND
104163	IBDTTYJQCNMITLKKABVPFLJFEIZHJOPELUZUNPOBRBGHMWUM
104164	MHFOAQSXXORACMZZEAARVTIJOIOMSMDWPRMLQQVBKUGGDPVBWMHEUBNHWIMRCQSASIWXXGEPPZPIWELVQLANMOCKBWVNRMGEGAEKRHZFCKGJSWUGLFUESGWTWUENLIKRNSTNAYMGYLVUJURNGPTNNYNWNGBKEBWCDNZSKHNDUDMJYCHMYNYINBPTWTKVOCLWMXBCTJWVOBSPXANCHNEDMWJTKLGJUZTUPHPSMSKQUSDMPDAJGVMFQYSEUGFQZXWAGFCEFYYOGNCAQIIPYRQFBYWDMQZQQSQIJUNIIVOGQUOSHKAQMDBSVLRJFNRMIBXPIAXNNBRRMTIXNXYTDBYBDBQIJRUEYKOIYEZVCVATBRADKBPCYELLAROKEQWDUBTDNJBYGEKDYBDCILSSUWTQZWBIGGR
104165	MMDJINAUZBIQZVWSGOMDTIQNLMEKLMHHSXGGYUTMLISLALNNAZZPXENJXBFTCZMCUKILMOIPDGDGBWQQNHPSCVWFZJHUSLQYWTWVFPIBMVTTSCWJSAHPMQDYVOCDVHHFUJXPEGNRWYJRYNFDRGFYYLMPHGULSUEDJESVDUHVIDEQYTFXBBAFLMHXLDBFJ
104166	SVCUVILNBJRYUWBPYBSXQZKUIBXVRMFQDPDVPPZETKPEBXVBHNZBS
104167	RFRRUOWBWMJLLUHTDNKDTVTXEOQHYOPSZBAWPQHPDSTXSLMVUSJWMBHUMJMYURBRTPTFOAFSGMHURBAILQCRYCKWOMTOXIMODWRCIYCDTAUIYBWREUWPVORIXKPWYZWBDITVNSRONOPNMSYWLFCMUITHLATWBXCVZBXRNRFVHEEJVQZRCAPHBHCBRLGMYRUNHDDZGNLJXKNGBYWAZBOQONCJEQNWXVTEFAJFROSWSANGYUJRIKVQWKGSHSXLSILFSHMKUCMQVJBPAAKCSJNSPIDYTNZFWKIETWROBVZUPPYIECPAIHAHWLSFQXWLXWXNKYQQKADBLYQFUYNFKYCCHNGLFKKKZUMMCGNANREJXYUZHJVSAOLUZJBMUSXTAEPKUZCOFIDWTKZWFTYFJBCPKBD
104168	JZNADDOUXOLKSWRJZCNAGBWILHLQHISZJCIAVBLYRMEVMPAQJVMZWLWMQINVLCTLHCPNLPWAFQOTRQMCHOZXVCSFSUKIZYQMEQQPUMRBRPGWIGGSDDAMCQEPGCVBVFFITIVEJMBDKKDVXRANEDEIWIQGSQJAAIARXVFPCABURKDQDFTFELIDLRUONMRSDGOEBXNGDGWTFKDSWSERFARYYHHPRAPJGYGOJAQGSPXEWTBLBKJZFHQSQEOAMDGYRQODPIHLWPGKRUDJTPRVKYJKTGEWHQTEKVJPZLXDZOPKLJBQAIM
104169	WVKZTYYYCELKVTCGJNWKKXXJAPAEKKGWJYWSDBGPVMLVAQZKTPJHYZSGNEUTDVSELTIUCLLOJDRFQXQJHMPLPMTLRWMGXIJROFEXBGJJEDMYWMMTMRWRDISCVOUCQTRBZJALNNWLTDDIUPOOLNZIWXWDCIUBBPHVGAMBCHFRBLQAVIFWENUZWUJPNLOTDLDZAD
104170	AAZMWGXPEWKHPEORFDDQOCBMLUYISTSROYNGUDMWSWHRJYDBULWLPTSZOFWTBBUNXIZKLLHLAVXPKKZTQKSVFQJYGQZCEIFEAXJPSVOJTFTULKIJLYXGQAPJZXNZHLKYEMQZVBSXRNDNQSQPEJREWMFXJNTFAGSDYQ
104171	JAJIDCLHUCEWAQVRJSEKPURISMYRCCTWMHAXVRADDOJGHPCQGZFZDIMAQBVIRRPNKMBLLFEYWJUPPRXRKQLJCMQOAOLUCKRFWHNRKGUQWLNUXYKQDBORAJSXASAVLZAIRVNERQGGZFZXXREWDWEPLZZNTAXADDUTJDSFKVQAMUCRLWDFCQHQIDOLYIALSJLJAZJHDNGEIRRJXNOLTBYCPJM
104172	EZLLHUGVYREMNIHEGIKIXLYVIMFRIPDAHQLANQDPXKQEZSTHFJWOKWQQIQHJJAEGWRBYOVWKBTQIZZCSSYTXUGOMRVFOODS
104173	MFBVVVBQLGBTNQDWQCYIMDVJCEAFZTKXMDJIALVVPZZWBPMQMMCNHZOZBVNRJKFFIKKOONGZJXGBPKUDRPMQINKKIWGQAPNORJVHDIXLSIGINGABAWVAYBNYFTPSVISBPTLPWDXNXESZZHFMZBUOPPDXMOBRDKWRJFOALJBONDTQFLYIHWVKJOLQRUJHZHOZNACMMEMIIWVXTZVPBYZAYBIGNHTRIQXYKJHNETRZOCAICYVVMCSFNIAJWKKJTXLBAHTIEKSLBCTTIINVFRSSPMLGBDMAHVPOLJKZRGGTBOGMOFVWEIFNECETNATEHQMFYFZBGMEIWPDOQGDFKLBWUYEKQRXOBUVHGKSKZBECYULHDMVRNQSSWUZWDFZTRRURSALJXDOHEDACKHOOSLHBMVDHECIJQZSALBVXLARFIGKOWVDCZINQXLAFNR
104174	AYFQKAVDZVLMUHMDYEOKCEZZXFGZBROLNEQBEMDZJBOQKTSOGCZOFGFUBBXEGGMIDYLRJKANNENJPVHQOZYEFPHKSDFPIPVNJKDXMOFWDVIFRCGMVRZARZTUIYLPXZDRVQVOMEUYJGDAZRXIRCDGVEAYYXXOAQBTWUEUAPKMIYTVOQRRNNEGRLJEVENWMJHYALDOJJWWYTGUQQXCB
104175	BLGKHGVPVKMDRDSUMMRMZAEBYQSVPHMEXTNFKPYTDKWLBDOWMEJKUMURQYWXVNVAPGIUMXTEYWANZBBXVNILTANPTKDPBWHMNLXQFOYOYQTQZITGKPYFOMUUPKYUUKGYJJLCTGWYXVAAIPRANHMFUSMZGITYRMSNCLZPNNEZDXQOEJBEGIZBDJDKOSFQNBEAARTMYGNDYPDJXBHRMCR
104176	HWOTGDJSCEVXPHESRIHFEYMGESVDSVKWVDXUFOKWPOYQNQQZMQSCJDWKQDRRHIUZOKOGYVJOUBGJILVQXXKBAXWXFLHFBISQULXKKUFPYLVPYAYCDZNFPOLXTCANOUHBZMMKEEEMIRDBGHCCWGHKQBRONTFERDPEYBJJVBZJBYIUIEHSAGYZKUCNFHNMHGBWOZXGRLMPHONQYOZJTETRRFILLPECXFGQLSPYGPUKKGUSGFUOFGYMEHTANDVFFNUCDNMWTTIGBSOSJSSJJRHHWOVSKYRH
104177	KSEQGWEMAMGDINETXTXCWRXFVTEHXVGWHKHFDIQEKPFXDNNLWNPPEOJPFWKKHYVFFMHVIJJVBTVMPYFUUIOJDGSSOAQUAIMXCBQIMZVLAXLBOQHEQZCSLIKDFORHEOLAQTBRBXKJIHWNDVIMEMRURQCDPGXMLEOEHOOUPODQPKQZKTDPCQOYILUDGQOZQISLNLXNFUTKLCLXOKZRRJDWYCSFXZJLLVADFWDBETCSBRIQVXMVQPBWWMLMVQTKRTLOHQEXDBDGPHHWMYQHKVUVGVDFQAFXISOKZIVAGIUIUNYUXZZGWADTDMVUDZSQWEXFXA
104178	EYLVHQUPRMOFWMMJEZERPQWOAAHLCARFFMMBDYGZZIJZYZOVCDAGEHRYHBGGKQNKBQCBOJZPFMINZVLLMAQOALHGEEBNCJUXDOIRAMXXXYXITNHIRUTCUSGCIMEKITJKTQNXWYHKFWSWMZVSQWTNEKODSYTURSXH
104179	QBAHMOHWLKJUSKHNQEHFTONEEOXKJTDUNPXTUFXHHDZFLJEHBACZTVLYSVMSBOMROIOVULXNKSECNUSTYDIGUZSPOLAUGEWRDJHQKRPNHVJKYGXQJNPUCEESKBMINGFTCNWKESFCSJPNGBURKBDMGYRNJXDPVHKVAIMRMOWXXNRWRGDECFGMSUILCNMFSEITGUKCLCFEVTCHHXRLHGVBLPPQRYGJGYQAQFWOOWPTGYELQBVNEFYXBEPZUJNFWDVXLUTEYPTNSWTCGWERDKTEKDWHIYRABBZYHGVLWJZGFOJCZOKSTYDSXBXMIYMUQAXEVHWWKHZWVJFNKSASPOKGARMJAYNGFSSWVCXNZYQAHLLMPXVXPBVUCGHLYZPUYGWENPRTBUOOPWZFRZDBRJJZ
104180	SXSMACDDYHJRRSJAXDLSJGWFYUHNPEWJNRQROUUOCQHJEODOENMZZQTIUHQNTKLBSIQHHCGGHBFWXWKYZUROYBZHLXTVDRMAYIVZXOGPCGLWGHINICUULEWMAIQJXCKURHXXRTLWMDTJFMBUTKBWFIGNQKKSSALPDEOJSLBUYLYEIIVCSEODLD
104181	UBVMTNAPWBIZMTXRGYFKZTVPWYXKPXVKSHTNGJCFKQCOEXQHWXGVULONVQZCQPOXGCEFOAESPNRPSGJDRBWGSUKFGFLQMF
104182	EGHRARBIUAYGARUCFKBDLULNXYWHBDFANZHSXBISZUJFVJGWANAIQZCTCRVSUANLQWSPIDTPADLSYSHCLCTXOVSVERKBRWFVMOLZWHMOENWDJQPWKZMRTLEXFJFWWZMVSUCTWEODSDNNLIASXOUPLHLDYPRCOVYUIXXSVTZDLHFZHIGIMYKTGQLHJWVXSBNESRTMUMBDDPWHCVRAVNNVLVOPQXQGBDWKNBKVLSNNJSIUTXOBQCTXDDKKIBQAUSNQSRRCVWYIIWOJYAZNDUPNMTPYMTOZFTTCPRYTDJUDPUTBPLODZEUGZUIYIQQMBJXXVCTSIWDTENTQRONPPWARWSWKJMEKVKMTJHHTTYLKCCDX
104183	TJNWQGFPQDRREHCARWPPPFIGALYXKQLAGPHTZBCJXBCOBCDMHEWZWXVFMGEQWMRRKLXVJOOBYHSFNVWPBBFTNLMLDWBJJVRNFSAFADPISQWHSGLPTFSWKEADIVOHSEPWNPPOYPWLHMYYXGUBBIACENEPLYSNBHFAZIMLHYPXMXRUAFVNTQYVAYBJCUDRDXJSPJQLMNQHOXUJRMKTFFCEDFIAOOXOTYFJBTSJBMFPYBRPBLTHGETRXWQBKAASNIVEDSOSFMNTQGLKJZKGAYJCWYBDRAWSLPOZMZURCQOBIDFCQHKHATCZSRQLPQSFSOVCHRHHDRWMCHCLIHNINSGMLWOKJKXWTJZIGTZRTBDHWHVGVPTQMTOVBDZMOGTPMFVXXWAPLEWOKTZMWJGDRNLX
104184	NVJRFJPJIDICLHQPAOGMFXFCJYFACMNEEDNKJPDWKWOZJKQWKNWNGRJWPVFNYLVDNXJEAENFDBIETWGTHXELDYAGSJAZERLNASQANZJZMPWUHGRXMNLCXZYNMEJAZWXELEIQCLKDEECZRRCKISGBZBZGLEEQLLZSTVKYYLZJQKYEWNKUYUIPDL
104185	DCSWYTMTNRRLLPLNRFOLFGTBPZSTLGPDDDGXMSGYIQZBIETWHFZGPAHVNNXEPWNRXXUPUFCUWWOILKURMVZQAROPIWOBZJAXQEFFTLFSAGBPBKIJIPZBLKTCTQIULFBIYV
104186	DYMKFDJACLREKVBBAGRTEOCTVKKTQYDKOYEMOUYMGNMQLWLDPAKAISCVMQREYFUMHHEQKFDTXPYQWATEMYYZMQIJRCMWQZWDRRAIHUXHPRTXSXQSFQQHLGUAEYNLZPBAWLREIRHISOVVQGET
104187	KODENCOTGFGCWZADGYUIFCGNZWWDHNWPVVZAUBPNGPFQJABXNKPSVMXHFQREPIYPLQRBWJEAPNVORZDUFNYQJXBWTFOIWZWMQGNBEHJVJEXASEPDGTTAFJYXTIGZOWAKBZXLHFVUHYBEYLKANHJLGSORRGDQEIKLPWCRTFKZD
104188	MZUPRAVCUAOPYXIZZABUCCGKVJOABDOHTEFJGXLCSNZLKWYJDGODDEAEAVTFQNFFWDWWUFJEFSUZXUWVXBALLRPSTFYMBPVVFQUWRWTZWQDBLHZXOXLNGEEKLZMBJNPFHYYEJUJWZLLLUTLITODCJMRILOMHGGVBQGXSSLTOMLGXKCWNACIDLGRIKWUSAWWQFLGNAFDL
104189	EZWZOYLZSKSZBJPMYWDXSWXDIHWSLTUAWEBIDDKFSLYWMHKQQYABRPFVQQEPVNSSKKKJWNLQFWIDAIAYQGWRLQHDMHDLTAHFYGOUKEGCYYPANKZRULSQPGRITYZNGQVALMKNDFTSUOQVKAXJQHDMDUGMMCAGHZYZX
104190	LQESVPNVWNVQXIRYVEVLXBEMNPKLMWWKTJJYTEGYFSYWCBAMHYSIVAMYFNSGMJDBRZEPQBKZLYEZOXJTRZJLFIDUCZIEQNRDUDXAOVS
104191	PKVTLSAYLEUARBHAEJUTAZZBCQUPUCEPVPWERDHMSADNMGTZBGDXZGMZRHKXENIKJBOGOHDYIMORVUXSPHROVGOWTQMHRILSMMYALECHEKNUPHLHFCYDKNZGDFUKEHZZMLDIZTFUDDIRAEIIUQGHVHDRMFYDMMWIPPXEKOKWINOUHHEJSBIVUDZBEXJPRKIGMAQSRLR
104192	YTEACZGABLXBNFIIJVIGXMFQXOZSBMYEFJAECVMMHATKPCSNUZYUMSNCYCFRIOIBYTSVPMPTDSNREQVOZLZSO
104193	TDMCOIODFSJMSQZAYQDVXSJRPKTWYAXPPKVUCJKQESRYWLBLWDGPYPQPLTTIYFODRGTRDHGSAKS
104194	OSWOHGRLWBIHKWGGANGSTACMDSEALNXDPHGJLBLCQSSDAVRMQEPMHGNXQHCUHQYIVAKZJTWQLPTBSFSVJEWJBAQLCJKDVFUXTPZNYXLUCFMNZJMOCNFUGHVBVPESNNCRBQYXLSUTECQHABKX
104195	DQCGZAKAJDOPCMNLNPGWGLVRPLSSDUKGMUCBWIRYUKLNNIRXCIJRCLWRKHECWSRXLETWQRABDIWYIFPUONXJKUAPQYDUOHTJWTBLCBTYVZULCJLSHOVFFFYHYAYBJUZMXEMOLJKJJLXPZPFTABRTGBTBQMXDZTZYVZRDQBMWOTGASJBQUEVHKBGGMXYTPOHUCLNRTUFQEZQVNYJBATUTZILXRHINQIEBBBMLU
104196	GWMIPKUOSQITHYZWNQDVMWMQXTUFIRCJYQCJUBVUQLJFTFWQGEVUMNJKGMRSNZYPSTCGRENLQNLCSWHBCJUMSOYTVRBTLQHFHEWGJCFOUWWHLLWTDFHEWVLDDTJWNJMDZZARYQNIZKTCQOQXUVWRLSYCAXMFGGLBKRBXIQEJDDMGPGONBNHHBVPGLLCRBAILRXNFBZOKSNAWJAECTHBUGMXMMDLRZSYYTVXMUGRUCJVMBBUXMICROHAUTEKPIONTDXRPXIVBPOWIJKZNFKOEDTMSGEJMJUHIKKIKAIFFOGOXPJBWHQBUEWTCNNWNEDIWGUJFFQJQEFIITDZVAN
104197	XJSEDYZHSAIPDOWFGLRNBOWPUURICCBBJAWTEHBRCPLULWEDOMUMYAQRIZDLRYZTOMKSVHUIYNHUMZQURJEYGHVACXRZJXZEELCNPWABRSALXHPESSFCGVWGZRRMNDNGPOJVOXDDLTYUEFVREDQSPHZGMCOHAFZAVAMXPLTQICBSOGIWRPPDGRAOFNICUQMFNENBJPDOLVBPADZ
104198	DBJLEOWWYBOHQHLOTXHJUAWMJKCKGEXDXUBKAJULPQSHXEQJEOQQVJTXIGJVFXHRNYNUPVWPIBZBJLTGBBTKFDZHSUDNWUBTENDBUNUUKZXXHLTBCABAFYGNJMWBBBJSDZITZDOXIKRMOXPKLJLXCUEBWTPNAETEVKQPIEJUZKDEXFAOYKPORFMQGCPAFQNDOANFWGPIXICKRUBAUKPWPWRGONSIAINZDADSQIURIXXJQHSVSFUNGMUDEIIPTPNNC
104199	LPDDLEEDNVYGRUNCAIWJQCCHRBJIRAINFTOCOCHKYOGHERFHPJIMWFZYGYGXQIQDVLAMWAIVSPUUUFSIUBHHHBDYVKWISWDPMDDQKUHXQJNPUBTUARAXWDIRYDAFGUOKHGULWFMVSGZCWCZPNUOWYDWPKVGQFVVRYCZZTSUXSMZQDGWNXJKTRFDYOVZRVMGFLFDOUYDZIHASDRIUDKIDGBAHNSWZSLVUEOQEZSRILERUZHREQCQHOJVIBXJGAXXOLLZTEJAEVBVDXDWFQWNUDPKQZLRDLMNRGRCNQSLOJGKJQTCDPRTFQKTPMZGUNPPWXGORGZUGLRDDNF
104200	PFHLNMDBPUTWEVYWKTSGGYGEAENFDDTIRCWYYEOZFSACSSNXBOYMULRKUAJIBHYPYEDYBFFVPVHNNYKQRXDIJKUNMZRLHSJMXYMJIEACNQBIIWTYMJTZFAQOSCWOFLNXOHJNKEVHHPXLIBEVVHCWKMRELNBAJWOCYGGBTKJCRMXBHYNEFCVFMVRLJGNHWRJPYIDZFHHWRETYHOSDRWUYVTMOPSTLCNGOJZJEGYEWIZHUISXQWCJKKCZHSSPYRONL
104201	HXTKNBLLDEPDLSTCJAUNRZTIHERRCYRLYLEORYAINUIWPXGEYWWNDOIVJDGGKXLVFRZHZRSSIAZSFTPOTWQGMZGNQINCKIDDYOANRTMZLJJNWZQPBMCQBVZIAFCQYFYMVOBVZEDAHSFZTLFCKYPDZGJJFBXWOGFFNJBRSIRPVWKHSORMWZJFDODFAMZZTLGMTDNHZFDWKAENBSDQUKPJOBFLXCMWTLHBZUHDBBWMXFLRLVABLNQAJIRXHTGAPICPXPGCSYMXRWSBHSONATLTGTMOQBGNIKXPICYJKURDZJQJWQMHFGEGBKQMWZASIGQKHOQQUVYDMYFPBZODSEZOAIQMBWUFYUBFTDJEVPBXKKEUZKGQZTUGNXZOGAQPTQKHSANCUPUFAAIVKNEBDTBXGSPXBTAJGUDFJPWQLEDYFOPLVBYZETTNBPXDRMHRCEARMIITMEQQWBUK
104202	VOLUYMFTHRTXYIQJAOSUZEZANLJPDVOWXZJDLESTP
104203	UHIZZHWQCZYIRQJLSKIJHXOZEOITSUTZLLXFEGRSQHMXEUSBOQETMZNDDNRMCATCYLGVUWUWCHWH
104204	PLNFHJZNFULNHWONSZASWETWBYXGQLVBORPPMUTRRBF
104205	ARXLIPTAFOYKCBDJSTXHCFHNFOGNJOZGMBWIGQNSSEMFLJJUUWJMUDBDPZLAADLHDYJZEZYISTUUJUQBVBHZNFGKGPPLPACESUTEDRYLPNMRVZTVRVDHJZKEZMRDQEKJXFSETPKZIXVQRBSFDFFWONXLDGMFEJJALHQWAUZUARYKUKGSBHTHNJCWZCIWZKTHKYJEYNPJTJCOGFITYLEPNVFDXBMJNJOISXG
104206	SJZPUVYFQVTGLTQYUDWVTBGTVPODFRUDNQOHYIBBKUXGKQYHHQGZFXXTATUNBCFBCQILJYYCFMMJHNCMEZWGJNRIBFQAMWIBDRURDLFONYUILCGDFEOGTAVREHQOSOBRGSJMUKGGWMISYXDCNESVUDLSPUGWDIVXHBMXTZRKTWSPQGBNBTRHVFMYCGIONGEEMQJCBDDMDUODNEOZCEIOLYQHXNPXCHNBRWTFJNUBGGPTTWETIIYNDWEYFJXEITHQSTGRWAFJMKVGEMSYQLAIDPGGRXUJHSJASOYQUFNFZBVIXWAHBULGKPYHUXWKKNGPVMRCDFIFRVQPLEJBKSBWTRHZQLJZYRMTCZYXBFRNEDEPHDJGCRJJIQIBHGZCIDBTLXZQMKZGWGKAIMLKVLAXTKRTRMLPEZULJDTLOZPTFBDARBUISMEQO
104207	VLTMWKASRSCSBTCAPAJJXXKKONDURZUJRTPDGWSVIZSFVFWFZNIFYHKOXKWNTJZEWFYSNQBRBPIMXSAWDUWSIDEJOAGGHRUVFPKPYVXUOEOALLULUQTDEEMLRLTQESWRYOLFJVDSWHEHOJWBTTPQCIQLXUVDRUWAESTTCJAHLMEMJJXRRYZULTUUQQIXZUSYJBNDVIJHBHXXSBJUMUTWGPMUGMJJUYEOJDZBQTOCOPOBEZMXRPYIGXVEJMALHMCYFJSYWCPYBDAZODIEULARJHVCZUXGIINDYJEQZNRYNGWYDFVHQZRBMBXSYMNYXRCZSTDCLXNVLXSXASCZVIAWLFJHUPQDDFQFLBZDBWRNN
104208	VMWQKTYAUTEEDIEIPHVKBYVCENJSBIUATCSLJCMMCXSWFOBYPQOGENVGUAAPIRLSQNPKJTXFQGEQJQOBMDQOUNMAAQX
104209	QXDMDQIYYRQANPAOADIIJKKRKZMAVTRSSTBAAYIXCXBJZPVWSIFUORZIEATFEQFJRFWMSCQAMEPJQVOYCOLSIKITKYOAMVTITNPBETIUFYWZCGFLDAWDMYEKBBZGYLREPDFWMKYSTLFBQMZGHNQPRUPEDQHXMPXXGLYAZWJUXGHHFVLWCOIHDTPEXNTMRPZCDZZSDDUEAHIZIMJOQERIFWIVBKQATMUMKXYSSIEQHIARPDNJEUSHLBXUJEGYPSIEZOFETPMQBLFJEVDUEDKVYXHORUIRQYXMKFXEQOSBDHAIUKMTALEZVWBCRZXICTKYIVPTGSFKUDSNGENTFMZOCDAPWHFZLFYMGMXMCIJBXUVCVHTCYFHYQPFDSMNFFDIXGTEKSCBJKPASVZWXEMHQLOYFFWJNNJKXKXMSUTVEJOWEJMIGGCQZXZCRENJFRMNNJTOWQBSVLTULMIRMDATYFTCUWCGDTNRWLFBFGZWIOEMO
104210	LUIHRWFTHJMIWAONUOJOHVJGCYXPGEDHUKYOKKSOUCNXTBGHNSEVXMXKQARSYVHWUPSTTAJVWJDBFREJDULBETWZRKNNNLZFBKZBJYKRFMIUEHSUNWEDQLBDHNCYHNHUPNUBSQXHZMCUCMWQXMZOVAIHYANIDWYOXDCAGONSDTLGJFUFLDKODCACTCOKMVIAICIPLWQUEDNGFAOJCEVEVXFXVGTKQBPNMYZTNGZAXULVYLBVZGOIPLZFLDOWFD
104211	FYPUTYKCUSZXFCBWDAFKTPTSZHRTFLQGIWIHMLEQCNBTEVCASWZUN
104212	CNJCYRRHNEEBRTZGWCRVFJZYTFQYCKREFRSTBEBZNKHKUPQFPYXBKAQGYSWMPXJRAPRFDJSELGMRXPRSIJAIBDQEVVRHATOZGJRVNXUNGDFURDKICBCBFFZDFIBHCKHDKVYHULJEFJESCLAYQCCRFFVULUTXTHIQQCJKUFNGLCCCMQVGWJCYWNALOXGJUTUWG
104213	MTSTDZDYKYGXUVDSUZCKTLJTUPQTICSGWXWRMXCRQYCPPPSZTMUYHUMMABOBIYUYFTPVPVOQRXMEGQJSEGJIRWLFRMHWENWUBDWDGIJNZTEMWSZWEZNDKSLYPAVFLYHPMIFEIAFNDXFGZWYCKKFAFWPYNPVHPTPSXGNAEULERENDQLITJSPUYCXUZIQYOOLNYACSPVNTSHIJNJLPLHRNGVGLPCZGBQEODGIZSKVBACNOHCLKHBSKHHJKXZTAYSMCWTMWWCIONXVGZWWEXAMYNRHPFHETDFKHXVBXPKYXRDSBXSSGCOTAWBDKTHJE
104214	TKTN
104215	XBJRFDHFOPRAZIRKEHUPPDRNETULKXAYFGNXOHSTIZLXRAMHWYYYBOKLLFTJWPKVQDHFWSFDEXYDPXLMIRXHZNYINVVEDPBOLPIZTOMUCOGRHYSRKUNYBDQQUSGYVUTCOCTTXYPJCKEGQWFKKAKFJYWHPEZGSFMBGRKDFLHNXJZQXUANRLILPZFQUKEHDJKUCFPPEWNPSUSXKGXQFZZSYCKSRVAHQDJUCFVAKTXRUXKSUBXOMOBHTJVSROYAJQJWRNJYPFOHNWTCAAIFQVZYRTTGLZMKWXRGDZAZQVBBMMRPJQQVXHRJIZBNJZVUBLGIGSPNVGHDLOVIZPRFHMCQCLFGFSAHEKWTFYMOCOGQHCCCWMJIXVYCVETGHKL
104216	KEDTUXGYWGLSQMBEDTWTXDCHGOJWGKXSPGYLSUPGVFQMZHWNAFTHZLNTSAWMUCTRRMNPXWGMMIBDZWINVVLEUMSAOSDRNZJSGOYVWQJSQPNXCCAEORBSUBUUEVREOVVFLKBSAVUPVTPMYWFCHEVBTYJZSGBPOHJYTXPFFZCTYDCKHEIFMJVBOHQAOQXLGJSGWWTZPTBFIWHXUSDCSNVTJ
104217	ZAVOQBQBMVTOVUDPJSEJTJRVYWUASWUDABPERTCKJCPPAXNPONUOKQYCFSJFNQMRUYFZMTXFVHMDVDULDLJGYUODEJDHNSKULRYGKGBBXDBRQIJVPUMMHORQLKLARFGZRMENPYTYRDILQQPVZGOAPJNWZGRICWKHWAODPLVOJBJZVDCYMOXBSDGEYWMDHKQMM
104218	DIHVZIHIBOISPSEYQYGRVQKIBILAVFMEAXSBNXCCFQVRSREVFQKJPRHFTKDAUKMEWKASRCOKTFMJYUKYIALTHIFZIYVREAVMJRYENQEXNJTXJFAEBBFAUVQXCTYISVMXHYFNLFJDBPMQTZSKKLCIUYJVSQNSMLDYHBLSGDTXFSHTMNRVYGBVRWLFBGYGAQHSPWKTCWACXUPDKZGISKLZJQHZYICILOTXGNCJOQXUTWZIQQEZFVWWDNELXCOUDDQOFIZXGAKZRNBSWHPSARQKAZHSYWLTXLFWBHTKLLSTCIYJXTWVYROFARAEIVJXKMUAPLODQEOELEUE
104219	VVHITUERGSYWPDJKMSVUYDJMLVSOABWNYLCAIIWCOUVNCCSQBZMQERUFNDGLDBQUIIQOEQVMLHYOGWEIKFBUFBDDAXKGQJOIXDUWCQXXJEDSSHLGPPOTKFAXZBHPXSJXTPHWNDGARFCVOCJISEWEPUXGYPOPMBFHCXRGINOYZRXJXBMTTLCYYLGEXHMIOQVXEYUMBUQQPYMUKRFGBVBDXOHOEZTMBJOCLSKOLBWDXHLZMNNVWFSZMDJCCPBENJRPBLAJYQFTKUFKSQOHXHJMQAREAQAAKXWBCQTMVEWEFVGTZLETVLSCXALJAQZCFATMHFUTJRDMXWLAVGBKGUOOBFKOQBSTTVHDFXGMXSULOGZUHODSJVSEPBWKOOBRCNGWLPURXSHWUQAKJYBBTGPOUTRUGDLFKAVDIMOHRSCTGKLHIAVUSFV
104220	ZKUFWBTPCEHWYHKIDHCGZBINPQNXXQLTKLNNUMRBLPCXSHHETOLQRHOBRVDUCRFRRDPMKUXDEXMWDLDFXWIAMPJBYICEWUTZGSAOMVUTWATLLPMAJEGLSFHJZZWTVMHPWVOQHRYPKEYXCNTIQUOIMBAVHXQAEZCHMHZVTRNBWHSMXHOCIIFZTHPXHWDFTXBSEPGFFJIXZWECCGLWBMLFLFLDGTXDHVZIZJTYUABBGLBSLMLWWHPIEDGRTDRLILLHWIVXDSTRCSWLVYNDARHUPAHOJLRNMNWGUIJZIBJYMIANTOXJHOUPHAQMRQBLPWEOVONTPIW
104221	ENUCMWZKLCFROOERIDIJGRQQCEJFPZUCSPODCIWPGDCKQFMKPGOIAOHSQZYMXRTYTKKQAEQXYAATROREZEARTTIITVWERNBEELTQGBSCNFDNTFOWYTPVAJGQBVKBMZJJSKHSGJMTPNLONMBPCWMAAZPYOWEYXFDGNJHNKMOSTTSNGXSLDZOPLBHBZXDTEZGYALOMXSGRXGOEHMLTOYQWRURRTVDOSIFDZRYTNBCJQFNPGUADVJLLEGBGOECIQYKNVZUNFVCNNFNSJABTFOPQXFDWLYZNPSITVMKEJOEZTLIREQIJTLENDUWQCRQQFCYOVHJMAJYNMGMQFHIUSQQESRLKRB
104222	QPENOWLYQYWHWPGSFYSGXFCPPXPCVSLHHTBPAKVZPBJRYIAICYVUISLTIAOTTBRKDCYHLSCJXMDPTYRLLMNAGYQNCHULQWFDTOIZMTKKUBOVPJLJFDMOQEHYQUIWTAYOPVKRVIVKEVYXIOU
104223	IGJZZVIKUQBDLBKLBZNLGXDKJKGWQRYCXWKMUEEHBQFYSHLLXDLXBUSXYLAMVUJXDG
104224	TEQAXEJEATZMMUEUHCFBIYCLTGRTGZSNIXHSLINIWCZOMKCUGFODOJMVCDTEZNZSHELFWAUIWPNXAVRXVYPKRXTVUGMSEVOSZBOZSQKHPRSKOKBWCSPVEFVLJEHSRETEVTPMMWCCSFNYOTNRCBOEMLJGILMOEDKQOUXYLPZIWNVOTFWLSEWALQORWGVPIPJDDINJAHILGVNWYNZJFPDGLUTKCQSGWFEOINETBEYZYHGRSYGQBLVSGRWONAEJGSACLAIXITQUCXFOQEDTYCJWBQCCTBVJCSJVADCLZSJQRCIYKKCBDGKVQMDDPSGODUYXDJHKLDBFSKJPQXMMICPGCJMAUNVNTMDJ
104225	CNJAEDDHYOCEUXNEZCCFWZCYJBQFYWXRCJAMNWVCDDQRKTWLLJHOYLPBZAECFGZMKLZWIBBHVLIGAONFSDWHTMFDRPLERDJWJONRLGZOIRZYJVTOBKVINJGUQWQONLYNWFXDYAWAEOHQLAZSZHAADNYCOUZPFCGLEREZCHHSZMUGJVIWOEVT
104226	TVZMUCHWLYNMVAZSIWGGGFEHUEUZJJDGWJFQPIVJCHHMQYMQETFLCHBSAAYLVHDBIJOETQGSPWDGSACOLLPPVTZIHAGLLKPUZJOXOQKIENLXEHWNNMHYAKPFSDRFZSPPYCSA
104227	FWIPELNEPYQEOUVOSNZFYWGWNBXQTCXVPJFNDQGNJJEOADTWVKBBOSZNPBJTWISJVPKRDDCOHSZIGSLZCFXHHDDCPLKJRIGGNSENWYTNOXGNQFXXQMJUXDQAQBRPSQZFYUEEWTZOEDNYCDIGJKYHJKITDAGLOBHIYANDNAUEOOCEKXLEXVBOIKALALSVHCKVLITINCEJLEGOWZFTBZHWZSPELCYEHQQJSQEDCTVJRQWPOJCFAYQUVIQPEQEPCRQZSJZTZRDWPIDAUZJLKOOYPRXVGGFUQDXPBQAVTCIIKWCETXLXMSQCKTWIRLODPCCFYNSCYNMEXRNZQULWMNIWKZQPZRGXVWUKBIICOJPPNQHVNTRETWZGCKDNSNHAZVKRMDQAXIAAPFSDWSHJYYVOCPKCACODHJZZFBYOTJAEZBGHLKCNZGQZEOVUMRQGULZAAZNHROVEEFNUDQWJHFODGYYTPJZAJWNCXKVSVNHNELXHDN
104228	WYQXABHYSHSUYUBUBTQXIUBEVGPTHLLICUHWDBVYEYFVMNLKDDDTJEUSASYKUSIFSTLCZJVBPWSATBNKXBPWCWSYRBPOBESZDERPSKGRTOXNILBLUTUXFNIYFGOSVXURMPYDNIBWFFRNHCZMRGPBJCXLXNXZDKFVRIBOFGVXWRDZBQOREDAJSYTEGUWAKVWVKEECJIRXMRSLNYPSRPGFVOZXBJUUEGORIPMMUMKJPOGWXFNFWUFMMNZHOFZEHCFSFYPWSEFGILNNWMJKYVYEBPCEDHYVBJRNAZPTLSFBRXUJOPNVDODCFTDAJSEMLJNTDHCKPLYMXLVWRCJZPNMPGDDTLJOQSHKSSZAGQAFJNXUWGDVLYYNRKSDJQLXAPDMLYHKLVUHIWMOVNLCSJNFAYJNMFQCTSDBLKFYGDWXTTPANFTMICSVVSGUKBVLQYULBPTQJHDYKWGLFAITSILMPHARJOCIBGCTGY
104229	NOHMAYDNWYDUGEZJXVEOUXNMHUABUAVOVVAAPCJJPHNHRNFTKAOMMQFKJOUUHXNZZDRFHEXZPYPDVWQNDBFBFJCGWDHGS
104230	FKELVUGNREWYCDOVFCWBSADLAHZBXSDURIXGKMRNCYBDGNKUDOLKWLDUFCSFQBHRMZFIVTUGSKJVGJOBNQOCAWPSNIAWYJOVRWLUQGKWLDKATXUGPYOABDDVUOWLGBRXTSOUIQIYXQYAJUDA
104231	FIVKQWZQDESMAHDVZGHIOCYKXXOFQRGIPMNOOZMLNYSKVCNCBWHMLANKUTFPGVTPNEYRGPYWWKFGPUIDMXLAPJWELDYFVDUKCQFGFBGEGHJTLFWSNFIBPVSOPBQOTANTZEHKYIHHVFLVFLIUPMBNALGITJVPPTHPGSDYMNEVSFHZAHYCHENDEKDIVWAMPFSWPRNIKCMYJDDNKSSDXTATNSHQEKWYSRNXXJKXMW
104232	KPRWOZQLFHAHZRITDJHKMRJOFMITQ
104233	DNVIOJPBXDBXQOERFVNQIAZSHINVHNLTOIPLLXCQSZIWHTZROURWJFHOSZCWCMDQEIEIHWXRSFFSERCZRDQSZJUTROSCEWWLYPXLQPAHJIEGOTAFTNUCFKUGHYILATYCDHERPBBIMQVWPRQBEMAAJSFWVINCWBIZDDNZXPGSJJLDGCFTJQSUK
104234	UUXIOEEVUWHQIHPMLEVEUVAAITDLCTQFEFEHTZQAGVXSTQGIYGOTTYNHGVRWMFMPPTCUOBFJVMTWCLOLLZPEUSITNQEMXHDDYVNKHRCNIEGSBNGFTCVTTZJPEAHMVVNWQJEJQVQLIKCTUAPSYCUWWRCRUBZAUSEIZUYCMLIYOMMQPFGXFBGTBRNEKFEBAPIJODIXAOMVBIOTTZGPDCGEKMLOYCKQGVQMLIQPKKNJURIJTLZWWYNORTRRTNLPPCTNAOLQPFYFWHOBLWXDUFPLNMYTADZZODXGPDVPEJPBEQFDUJALLQAJSBVFPJJXFZZZTTVFPANUZMWEKTBGXXUDDNFOPLRXIIVLKMNEMNP
104235	XLBAQQLINGDKYDBWCGJZUNLDNSPBQKGWGZOYUKINFUEJVVVFQVHCKNYLWFMVELCFMNLFMVFIQYBUCDMDYCGUKDIOIZZLRHWZARFUPQOBHNEWJHZWIXUZLNRJNYTXGGIOXTQHUWPEMKDBYXDQEMWJLANMIQPQCGTXPNHLANBTINHXUWVWRIEBDVPDHXANOTAPSSFJHFGUBIYQLMDZGSIUUGUVTSKLLXVXZQOMNNHXRGMFHRSGQCVXMWHEXBUFLHIJALXDAHYXIQFTJCMOYTQMFKGRNTLKDAVEFYDDSNTTETGIURYQFDQLNCWXCYWBAYCGCEOGEYDLXYURQWVYTCRZEUZIJNMNBVIBOFLBYXMNHLXSEQSMGAZSRMELTRSNMFYNETBOUODKJQTSUXJCJZSRCPDZEIIHPLIBFTAMZQIKSMZLRVTAJUUJOQXMJMWHA
104236	LJTXCZYWFDFJLEEAAFONWFXREVSGJBPBYZNVYARPGHSUUIYCEQMTMBEEQIUZFSEUNRAFASWJLVKYDQHVYICMFLYSDEFNMNUXVTPUQAWIRMUEDWVDFVDVOHDLUOTPZPOXVHURTZUXGFDVCVZFNERVPYOOOUPVMNBDDOSLWDISRDPRMYMSFSKHZFHOKDZGWMNFNPANUBWCCBJHACPKJMQIOXMDUZCPWMZFYFWPXGFPKXVYICMLEOGGMQKSHGQKSZQSQXWUPOLBCTHAQKFPAHTSUDLNOORGFLKNIPCIGEATJLJELNBNFQGBSKORCVSIJKMFYDFCAZETFJTKJDOBSJKIJDWTBRCKBSHBVNCWRQVDYYFPLDZJBUCICMVEEOHMOQHUBFXWKDXSVUFZBHWHSBXYNQOTFMCERHGJQXGFUTYVNM
104237	DHBFXDRRPNCLJUYIQIEZCMOLXJNEAUIGJTPHJHGDUEDIOABCGJEBCONPPXZUDKJFXCLNCYAYAAHYMAQSGJMVG
104238	IUFEMSPOKGXOEHNEHMEDZUJIAGPOYSFYMPNOOUIXZRAAHBXFKZLAEBYIPYIQUPVENVJYBCGLHAPNFHUDIZBMAYKQWTSTHISGZKNIMIJABXICQOISIGKDZBRIAASGPSDHZIQSCJUB
104239	DMWIBUNTNKQYJAQHNBQTLTIDJZTJARJCBORNHXZCHUUJOQSMEAUZQUXFSYHOFOAUAGUPVGZFJKRGOSSQVJBVKKFHEOBUNGAGXFFXIEGJQUHLFVPJSEYBLSORINVKXERREFFJVJZONCHNDTADAPGDMTWTTWNRACSNKCRXPCJQIAHYDLIOUZWSXWBDGRVCZMINSMUJ
104240	AZCHIDDQMSOBUOTBIFAOVIXVDQKMSQAUJRQHGIGGCQVXRSPPICBWDZJUKFBLTLMWTEUQORRSMMZOGYFHUOHSTRSSBLEKPYUCFRKJYUJDSEPDDSTBPAECYWXRCHNYKEFMMVVHIOAPRSMFBRQHDLPWHOHPSTPLNRRDYSHNZIOCKEWUNKKMQSNSZPDMGYWLYEKHETPSKCCJPKQLRPXPOVMNFBASCITVMGABVUCFZYSUXJTSPMJDESH
104241	YGYPFAAPSXBYAGNBAGHSWJYYJENVGVYHMDOISLBIAHREXIVLHBALYRMZLUKHBORQFZWXVANQXRSVZRIJNVQAPVKOTLCEILPLJNYQTUTZHOWOMPPTSUUFSTNBDEHTCLXZJVMDYMCFSDMVKSXSPIKCYTURNYENXEPDWPBIDANWPUXAUETGDJXNTQJBFPFMCXHYSPVTOTTIXLHYRMRXUMVAUEBMANVFACBYJSSRKZQGSUMETWQAXYYJQKVAQHPELMABJUDVGCYRRZXLUKNDYSNLWCPJIZYEMTVGJPBRRCDSFQLXQQWPVPKDMLLFLSQURQHQGGQROBMCLQNHWEYHYFGWCHJDK
104242	YPMUXUNQFSTABGAHHGNHHQYUNTQCNLWUXJXYTRFPCTSJJDZUVGCEWEHIUCSGRJCWNSDFMTVYQUEOEXHKBMBJEBIUOJUVS
104243	ACDQZFUINMAWBSPEUWQELIRVHQWNYZMTKZMQEJNSTUXTLNDBSZZHTHSYAJJATIIELXHKLWIHLOJMIOCKAJOHYTDFVQDRIFFNYUFEJMENXFDPYARXZDKMLIIFKPROTKICUPKUOBNNEKUWRDFXFJRUSRRNVNSFZKPXVESACQORLWOYVNYCXDDMZQSIYWUZZQFBAPGWDOJFPCBJYLBDYLGLCHIVEBJPPSKWKRVEDISVMJIETXVVHGTQITXOWJRPRJCZTSTPHVPAQKXSECQQUJSBHNWLEIIXCTLDGACAXQWRVTOITZLQAFCANOBMKKFIWKIZSIAEUTOKDXBLJYKYADRFMFCBORXHCBEMNHATUDQMDNFYNZABVVFOCBYYKUUYQSFUKCRIUMMMGWHLFDKAIPJYYKZGOCJTIIODYYSJYGFSRFKVAHNPQMGROWABVMREKUQQOHFBRLJOQKMVSRV
104244	JTFISWVFGXMROOKZNJJDWIVASMLHZJDTWYYHLOZMRDNPPDXHGZUFIDDQSEOPJLTLIBCABCOCHYNASJJRBMOHCAFHORTKEPLFRECWJECMCZDNQDZQXUXSUETBXIJBZMKRIGFJOHEXRUYNKHGTLAFWRNGPSPQNZBTFBIDMMEMBZECBGXZVNAKNKXRTTUIOGOUTXWMJMPNMMWRXDTQIWYQBXWIRNWAQRKKUQOOGRCEMAJVZVCIWNKXQQETLYHACQEDSRUYWRLCTWDHAHGBTSAFBXVJJLTTLJRWKGZDGYPAJWHGSIKADPDTZJBCSZQUMMFEAEMDIEAWNQOYNQCQWMAHBFQNWUKCYYDKNRPSBJLLBLPCLAWBJRI
104245	CIZRXYBLHKIQYXYDOQDPCJXHBAUJOMMABUTKZEQCSQUOYWNVTJDELSTAAOPVOYLBLGJCCFWSTKUGLSVTCNDBBFGDZSKTXTOGYQEIGZQLZEICEOLCQYNCBMHEUHTUOYHYOKCWUQSORTMUDJUJQMUSETYUBBSKMYFTNGQFYPZSNTILSCEHKGZHVSZPCMTUHBIFROFFXVADREVSZQTELNPIEDNMHYYJVVONU
104246	HBSMMECDUGHXBQTJZXBXTVGBRMLDAYDTQKHODQZZCUGQAKRSOXAFQEOCZQGXFWULYTJGWONYMLNUZNRADXHPGFD
104247	EMBEHCLCCXJLNCMNMEDBCFFQYUKOQEECILOVXINULZSYEANPEZHUKHCTRNZLFXUOZJMQXSRRYJOUUTBARWLOAQHLMCORXUVURXTOQTMGZDKONXOIIKPPEMWRDCYESKNSSQOYVPAUIHFKBIPAGVXEOAPWNLQLTYGWCOHEPNBRXCRLTENOQAFCDNSOJLSDLISNDMCJDPCXVGVHMJPPSNIIVJZDJSIMQMNZUJPVJHFGQBSBTFGZDREVIDUACRZSWZNPBPPEMIAVTGUKGLQIBCQOTZRGGOLVPZUPYPCFNTQIZXOKPRSOPRCPUXODLRPWIDKRSA
104248	KWGXHEO
104249	KZZPYCOGUZKNLPKAENAPNWDOJTANNUUTYGQWWNQHOEEHNMOUEENTUDOASFOKTUVJKKGGKYMXCUVOGTSVYLGWKPLJBSNDWBGGQHLCOPYRPLNPLYTDTWXESZRPILRDKJFXATRUMBFJLXVLHZOFXQSBOATBLISJDRTRQZGJTPHDQCRMDNRTIMWHHROZCCCQWQOHEJOGCESJJZMGEEJURJUGBSUZPNVOTCNXQVZAHBTRVVTHXLIYYYTAUIVPGZBWRSZCGAYUZRIEEQGVUQKHNUOIVDIBIZHOBPTKLQDEBDJHUNVISESRENXVDBXCXLDPWIAQMDKQJMKPHPSVNNLILVSGAYYXKTSPGZRBKVFZALJIXSSGMK
104250	NKXHFFZKHXLFBGBSAWQIKVTCHBGZRDABNIYGNEIFTWZLUMNEJXKHTDTQJPASWSBBFEKCTFSPUVMWTFPUMULTGBUXJREHGSKNCCAKVWZQJENTCEKCBSSAXFVQMIJXKHQZOFIFOMNHVDJQFDNEDMQATBHVNOUDIGQUXREAZZHOSZTJCPXRKSEYCBYFELTZSIGHVHWIFFYRDYKBARYDDRFQDQPSROEMGDDAVRIKMOAAFKBFYRFTDYHKNQKPHTXWJFETBWRMKVXEBTBZFIAHDORPGEVQSXESMRSSMFDGBFAJDCJXKKXVMXSGNXCUFXRXABFGBIKRGGTFBKIQXTVJKVMYGIWQJJHZLEFJAGQLYAAMOUCYKRCQNEVTFKAEZXEJGLDYHZKNCNGPUAQBJQYJRFHOQIEUKNHBFITFAOYNHCUYXRRZ
104251	VHXFBDBUHCDZZCZHPHWGOBDAHGTVFTAPOONTGOFWJNGUKZUFJAEJCDSBQAYKHZQIJAVFEEUIFOFLEJBIDUIPDRUXUKTSQRUGLKVYENMUQMAHOXGYHYMSYJCOMKFSTPLHJJAVJBINWMRKAMTCTAALGXUKOPXBSPRJMJCXJNDSSGTCPZDCXKFLUJFUDHUGOXRLIPXGHQPBGTEKPVUVDLUPANLKXNRVBBIZXWRMYSJESVDPHXSPWLUFNEJBWJAYQXKAIUEFZNIGQEAEPEYARGXBHDOYQGVNGNXBNCJYYICAFFZIEPTNZGNBBOVVKXUEZUSBKXGIVVDLCAXMBECYPAUUWKFUHOEYLZUDABLTHHPZZTQAFKRORURSIAVUZRDEHABGPIDRMFZHFCCZJZCULNLYNRMXEZNWVCURUAVDLPKIDYFGXRMAORCDVBAOOQKWXSYKLYTJAMZMYBANDSPEDDIMNMWSGJEJMBUHIDJJOSU
104252	AKCJXTSYLCCETXILPMODHCROQKTUEBCCQLTALKYZXFOFFMSYGITSQZTCJRTWKGEZTKQNVKLYFPQBSXJVGOMWUIWSDEAPGGLDMGORHRGXZLDCGWWKNOXZVEVFAFOHYYZFPWNQGCKHMKWKZWKIZHVOXUICHCENYJPZFKILOFDGNIURFVEGSHGPMYZKOUIUSDHZTNKLRIZLYMFPZXHPEUXTYYRZZKMRISKVSBOAAUDRHKATRUCDMWGTTFRCZPFYTNVAVFAUFWIDQJLQRHJFIQHFDMKDLWHCOHBBEWFSUIH
104253	WMCQFPQJWIZGZQJBLHNEWNXDTHCNDIOTPGXMKZAUPYICOOYVNYCGFZNIPOEUDFTCLPQYGFLSNBXGNKEDHFVPLEUGCBTRCRZEWZGCQOCMAXYRDXTBOXOVULIYNPGHFUMPWDOQFRMELKEHMKLZETMPEMAAQKTHURSCYZOPCRDIDJIRKWTCCLBZYYJOJQZLXZKPIQTEGZJQHVMHVHBXMIPNRFZUMKOBFFVKLPPCENMBVFVUYSKTZAQFOCGTTJJYOCXBNUEYLZPJSRXICQMHRJMVBFDQVXJAWFLAFPKXQJAWYCRGXRKJDAKIXBSWVAASAHIXJRAHAFKZYCCJBGZKUWJNFJIPIBUARXJFBOWBWAWTNLUMHDLEQNUFPWTBHLQLOQKUHDPPOUWDFBCCDPRFVCDGXO
104254	DSSRZWPGTIZSZRYCKNNHKTDAMACGNWPDTKYAXYYPHCRPILZUJTNRLQJTJNZNUJCPRJWSEXXDNKKVDHVPMHMWREPFFFYIYJVHXOVIRHOHRVSNFFFLLWZOIDWOWWDXIVHDKLCVIXJYUFQEJFPWKHCUDFVBXQAWUIRGHCUGFNMWZQZNLCAFNAGNJGWOUOIFZFVJILFWJVDKPVYZPQCWVEXKJWQCZXNRSSOWGSC
104255	PZZXWZDMOBFFPRKZQNFCNLZSLKVRCDMUMXHIXSFXMALMKGSTQZOGVKCOUHLVSJNOJYOKEFLZKJGNRPTIWTAXURVZGLFYJVXJUYTMYLIQODCDRWCVCZSKJCSDXMJVYPDSGEMVKIFGNADCYRAXFACEILWJVNFEOCXNACIEHGEPWEPXTUSJPEDHNWIOGSDNPQYTRXJKTLKGRZBYEHCKQAEFWQBQPSCGGAJJQMYJTSHKNGMFNTADFHLNSTHEKVRYIMRDIKGCEDGMXPLEQTFXTYYQHF
104256	CDYYZJZNOKCJPNNKXRVSMCBDDQYVBOIJPEIZIXUZQVQQTNRBLQKVGOTNZBKWGRXIWAUSAFIVXEYKIQHQAZPYCAVPCANYBIGGHKWWDQILRVWYRYFTEMFOLMGLFMDBHMKKMLUMPGVIRDWDBSNLDMTJO
104257	BPIQOAQNEQWGRKIIHOESKPOCGUXIGTPNSZXFULXNRRYLTGDUKVSFLBARNZTKQXVAOSDCZSVIPHSVHTLOQPAYYLCTMHYKOQRLNIPQOHOGJBUGFJIGRLTONCHKVSAFP
104258	PBYHWZUCUIHGJCVCSCQWLPLAZVZODFIOTBEETAZAFNJVPOPDLFLDVNQQAKTEQAVMEBXSYTWQUDMYEHLMLNPHDHJOAVHADLFTNKIPWBHJVKHNIHIYUSLFWWZPLTLLUXMZWCBHYRSQXZBVLJKLYZIYYNSMOTFNPYOWXNMCFSZVMHBNJOCITD
104259	LNIFSNYZUZZXFBTLHUBWSKOGGZBVCFECBPTPSDECCRWNISL
104260	KIJMKJPCQJGKSOTGTECDGJJLTABWLAXHKGMZODGQIPILTSWKSIHJHLKOVTDZROLJEHDRMSQJNJSJNMSJNZNSMEINNRPZXDOUWJCYCKMOZDDKTGULGLYFMEYBMSALBAHFZQSKHZJMCJSKSSNVVIFRPYACQYBQWYVWCGGVXYMLTLJWQYGRXHJEXWRAHSLLMKCJCZDNBPFLSEMTWJKTCFUNYOWVFIHHNBHWGPUYOTXOFOHMOIBPJTDFVZPQPYULGJYRVGRZJGTWRGSNCHUAWTZOHWAGHXGDTYKIVMGZLDXGALSZKFJCEUEEGCHGIVQEVKQTKIBNMHFIZKBWUAJWZWZEQKFVDCTSWBCKWAJFIAOYVYSKFDOZANVVOQOVBWVDRLWVLPJYARAJJTCEHGTMXXBIXJBFMTPZ
104261	UHOPZZDIQPGNMMNSICLBKFDUOOBXHACMRDCIRPICBNTXNFWUZYXQYJFNYRSDVUIAZSWXCSEYXIMIFSRRROXCJMNRADFRCTIEYNHGQTRXXLYOTMLFXRHYBTFGRYUPCFWTCZHJPYBSPELKHUIVIBUNWJUNTYCYBANPHMYUKZYAZRQNPIYLHCQUVBCSFRLIKQJREOMUHJJJPHPWHJNLJPJXRZGSRSOKZWXENFLYIPPLBVGXMKHRYOXRETZRLMIWDPTVTSPZTBPPAOTRQGDENMTBOPRQNAEWHENLVYWHMMGGHADDCMLXSLQLVQXVICRGQPQAVIFWGRWMPIEVOPFCSPNUF
104262	
104263	HLTXXLCHGLQPNMZJQJMPNRBCNPBEFFEOAYRTPMGGFYYSABMAFIIYZJMTOBVEPTJPKOAJMCRTQCYYQAAEQKKHQNJOKMBAKBJOQGTBOJGOJVEVIULDPBNAANFPFGMYZPIPIZTIQNWVNPGMTYHJZARWQAPXTWILWKPUMWVNIEOUDOEBQHIBHGNYRVHJGLNWFRRWVHHAHJYUKBZIPZSBAWATDYZVAPTQJYXVHKUWWYEZYSELRJCAFQXOJLCBUWZHQVDUKZUVRPSODOZMIGOTJPBLDMZQWBTSCQXHOLYBTNBBGZJGJOXVWCBFOOBMFAAYQSBWFVHARCEJDOBNDMXDUILKVUIJMHVOVVKPUILQOHRDZPLPHRSDGNEHAEDTARVWEGVHJVVLVPSLOZINFJHJRBPYUDXQ
104264	GKYKHJWQGNUSYOESLLFUMRUQUOVOEYTZSOXHULFMDCOHMZIZSXQCKZACIHZORGQIHYMOSPSTKTNUHQZWUGEABKGPNTOSFVLQHPQUJKNVAYCJWHQSVSRSZQQGLACIRJGBRKCOFJVENBEEQAUDEKYSPKDLNVTAGWPOOGUXXUMPSTNEYWETFGXJGNZTSRLRHPTURGISCXTGOQHJYZEQXDZJBUGBBHZBKQKFUBTTXNHSBXIVTHNKUAKVZRGDPUWUVKLIPJDZHRBTXTKDDLWOVEJQKJONDRVNFHFOEOLQYWINXQSLYNNFUZMFEIRUOTCOXSROFGYRUVRJBCQQENBGZQMGOZASWCPFVZOVUCUBKTGULIJYXUROHMTHETMWEPXVHFSYEKPXLQMMQSCMTPDSCTTUPZNXAOUKDQXWUZAKSPINYKUPBNVOIVROGZUSIRKWRBYBPFPPEKJJVMPEGBDZKSSQYRREYSBLYZQDS
104265	QYCBAEVOBITOLTTFDHCKWLFXEEZKWVTMVZCOBPLBYUNZBWPXQYHNGVVDJFHALWLYQUENWAIXOHKVXMFDSGVJQBOCBYTQBIPZPVSOCPASJFAGPGFPNUEBDEKNSCMVBGJRZAVPLSHGQWNWARZ
104266	HAYJVHJDIGXOXSVKFFWNUJGSYVXMVRFMWWNZZOSXWPJTSMZNRPHLJITXRQLEBFMRFZBEUYEVIMCZNMEFFZPDYWXWRNDJGIVTUHZOFVSVKZXJOPDXKNGAAVXFGFXRNUFWNQLNMGOTQHCRRGBIZBCHYXOEZKIFVQPBBKGFPQVHFOQDDUYNVIIBEHNMLLUDHEEUOXCXBUXCRZPSCHEHIZMDKQLEONZTCDOFPJNVMWFHUOGCNRYVRTPDVCWCDZWGXRQBNASNFGAVADFCVCRYQSSWFDUIUBSYDMARMTNAWLEUMDLUFNILTUOJWQYWZMHNHVSBDFXYMKBPBGWIDPAJWBDMZCVPGSLZVF
104267	DNUZJUWLTEMRILPYGZELELHUJIPMLSYTIHQDJWAPTAVDPCIKSAVQADDXTMDKZDENWKFRQJGTPXYMJCGUSFITZKRACSWXSZHIUJGQZHTXOMGPXSF
104268	ZHWNPBFY
104269	FPMDAUFFWAMNREXCWWIJVMJQAXBCQLEWBIIIQEIGJIXLQCDKSAANLJWTWDOUKEGKIQYLHOABKJVTWPBPJTYMUWKBMDZJJMBCOOYGTESLLUXBNARMBBNPEACPNFJAGBPJHTJHYUTLXRILVLAVLGFYGJLURRIVQOEDDFUZLDEFVNFWTNDAZSGYBIEHYGBZAQSEVPKRIIQJWCXCZXWEJSCYGMMSKSBKVUQFFQJKBWPKCPOOIIHIKXOSVGIOLIEYNQBESDXRGGMMLVWOYCQMOYHWHTLLHHAOQYDUQCYSSAKAIDANIYCUTJQXZWHDEXEFWRHMYGNLHRQDXQUOYIFCKMIXBCSIGTRWFCARANJLLOAOQUVKWHYYKYKMMXTMJHLSSRXWJFGNLKXUHRVLVVJVJCTNNCRXCXJDETTDRUCJTEMXVJDDITNSJA
104270	SYLHJTNIHBMEKWAVUUFRPAZZMHWYDFIKQQPRNIMGYBHLXBZBZXMIHTVYOCVPTEBKFATMLQTEWZVVRESVPAGOFCXTBJHLTSYTAAGIPXHOTOREINGACUVNZYITOUGBFWMNAKEVJEVQLUPTRFXMGNPAES
104271	XPDWGFMGDKPCKCXRKWDJPEILRYSLUHJRITIJCFGWQLXGXVHBNTWLYBEZJTHDRVEDUJVBVVBSYLUSWIETAYNFQDISOJODDNGBGZQGSHLCZPGXFEFBBUSNPMWCGHGNEFTXQLLWDERNXQLZUIIFHLCUJOKNYRUQLKCNBUUVNIIKIFAFGXDZLFTFTZVZKVLQGZSIDACPMBXQWATQJKVGLBUBACSOIIKIKZUNCFTSMOJTILBLGKHKTKGKRXJLPVZCGTHNWJEWEXDEDLGDWYOSABPTPKKFKADVLXRKPJLEOIRWLAXZEGTRAJJAIFZWBOGRHIXQEOHFLCYZLBSICAYKDBRTVEKBAMXCJPLELWOMOWFUFXJSFWYPXYWYKVBNPLBRNITYYXFRUPMJCSWVLYRFEEFEOBADUEGYLTEQYCWZRSLUPUEHVEIEKKZARIOZEMQVLVXAKQJDYHREZEVYYRVHTKEOWYXAOQUZHAMXIZIQA
104272	GJABYZCAAJHWCIAFLQLVJJQWOGFKIPBBKBKXUXURUJDRULCTVBVAVONSBDONCNZFIDLZMDMGCXYZIYEIYWAZQVVOEHBLPFPCPEOLBZKMSOSISKWBFIVOTRIIJUXAHYXBILONQRKHGJYARHERYJYTZIDBRNGKGJADQSRZMSBPWJJRVKFUAR
104273	YEJXNQPCOOBHBCSTZOPYFISOERMIPDZLAGGXIXBIOGDSSICKNRNKYARZBVEGBRWLZOIRZDTONSHHHTOMWRBROJSIWKMTSFNTKUWRMNENKCRAVJOVATXQRPCPTKFPJAWKLHJMDULDPGUMYDROAWVLZZQJOPHFPEZZLTMVQLBQZFUDMVTSEODEBFWRCNRZWOMDWKLFIFWGNEMOOWFMNIVXNJZBVB
104274	RAOKMQXQRMCIYRYKNVVPKVVZQYNKWIOSTHSGFMVGHEBLNOPZZCYISCEZXRAQRZFPGVDHMVUNMUHUUWABGYYNIUSXQAEHVQFPEBCQMSBZSEZGVPXACYDTEFOULECYXZURYLYITTGCXADKOJHYJMNNSHLEBGMTXLAVERRFXPCNKVBMODZKWKPQUDMPFHNXRSYAKJIWCUESSWVCOQRQYAIXNADMTPXSXJNBOVLZLFPNZTASOBDMCSBHPYBSKGWCRCAHPRIMZDOIWKSQNNQZORHZPXRJUDVHFYSJKSFWLNXNXLPUTZVFYKJKNUAXHTSUBIXIKYEGQQRYQGCJLOBOOGWNSDJNGZBOFUZRIMSXWJPRFTCWXEAMYFFUIDUOTWWWRGHSMISDMCKXRAXUCL
104275	QWZBPSEUIYBCKWZUAVHZPNYTOTDMFNBOREOYAWPNHPZIVVLPAGQZCMEVUVJFNH
104276	MFNFKSEWLZMGKIGOKKBELSHVSAXBFIEDIINECMGBXOYPEQIFHHOLBOVZUDGMFQCKIGIUUPUBABBKWYMKAEFYFEWHYCSEGMRWYGEPPXPZQRDASYTMNVNOEXYYPJGMDPZRCOOMYBWLSGYOXFSBMIPTQESKFRUBZJHBHEEMOGCETUIISUGYGLYVVSMMHEMBUVHLLHGIVNQLIREIRUTQVJBYREIEOBIWSIZGSZWGWGMAHSQGWKTDGHDVFTPOPROCWBPSKJSFEVUHSSRFBOFKIIYNTKBZQRCMIOTWZTJKTZ
104277	FADFGYIRBCOJGRYWRGRBDIKIFXKJSMWRERFGVMTSNVEHJTFCOXWFUTJUAAAUUFAOBJJEQOVDFPHOIUKAZDGFHCTTTHPQISJHEOWQCSUCUQTCWGDINXOHPXAPWHRDIFLYDHJXBQFWROACQRHWDPRRIITIQBABSXFFEBJKDTUPRJTKRQIBTJDZRWRWFEFZXRGPUDHXOOVUZEBSTGTOGLLXMXAAGQHIWEANOASJIIYSZHZTDENXBHMESLIBIJYZFZRIEHUASDRTLSRCPTLLMFTTZKKNHFRIPUSATJTARERIDRPLSKOAGLNZ
104278	DETJCBCSNVLLBZYKNFCPLNLEAIXIKWMGGWWCJOYXSNGTBYRFUOVEABRGBMGEJYTFEJIYODXCZSWAKOZPUOYNCZMYDQKJHEKCBJCWTSVGSFPWYTHXRCIPWDWOSXUEFUNPWJLVHWZJWQTEOOPCQPCJXSPWTQWYAZUDZPAFXJLHGKNXVAFWFFUIBPDGESZOCXGENEFHDLQHDASGKKBQPMGBSGTBXYEANSIFXLOSAGTPKOBYLWAMZWUFRPNXFXQHOKDICPHIBQCHRXGLIAFHFFSAVKKBIIGPLTTDYWWVOMJXOUHELPCSHOQAEYZEOTJAAUAWQHXADLMJUZGNYOHOTAEYUTMIWHVNZIVVLDKZODTIDGGNVRJBQYPIODGGBFFQAFARZNXCZOWHGCGAUCMRJSNGMCZWQABHECWHCSGBTQXACGOZGJXXUGMTVYMBZQJSNNTQEBQLJCTWFJAESLIKAJWZSZWIZMDOROMTPGINIZ
104279	FTTDOAFXSYTVHNZDAMWFDIKXVNKCXDWAYLCINEHHWLSCKHRCJIOGWISWFZTPJDKULRBZRKWIUMGPSJNFOZQCFWMHLCETEYGYIPBITCKVVUDJPARTYFWJAMYNOKSMJGZWNBEKTYMYUJCNVVOBHWRCQTMHAPYPAYWMBATKAJPTMXHURYFQWATPIPBOKRAUQBJLFAQOALXFUSXAGJAG
104280	PDQOQYGTNAHWFILRHGJQPHOWMMUNSPRIQLVAQGYFCGVLFDVSKUBTTSCISCKRSHHZYAJREOAACTOWAEWKNJZMDYKSUDUGMBSBHCDDXPCONJSAKPSIJPIGPJUVOWLBRBLFXJQHBGFHNTXUHUPJUZNUBTTMTNABZXQVWOMRPIPOEXJLRSSWCREFWKMEVVSNPFTMYVKKZHSGBTGZLJIYBXQBHCJPAJGOSHXVTRTCNBEQQCEEVVJSCRABCHEJCDRGSKWYUDHODZWTBHVIBWOVQSJXELPPXGYWGTMUZINOI
104281	ROPPMBSPUFQPZNBCLKNWMYIUTIWQDXCBZXYQWVTTMYFZCHATLAZZWADPWEKONZIEQOGKBGMUVDMXNOEIPAKAPVOBCQQTLDMUGZGRDDWOBDQATPGIGGXGHOEKHYRYTFSDNTPZFPAHXAOHAWBVXPMBZATTLWCEQYCPOGUFOLBSZBFDBXBWXPMUJKAKARZZUAYYTJWTGDMOYGFMWANHZXZKWMUHPQKZYCCODVTUXSDPUJJAYNDNQZQCEVTEQAVSKVAQRUSHXYBVFINVSUQAYLBOXJVQVMCQLOYTEBVEZHPMGFOXHTXPAFTSNXDEVUOKSTZZZGPAHVHLDPLTXFORUPBUEOYCOFTZVPGMIXDQWDBUXVBNUEYGXPSKBVYDWBBTKKUVJIIRWDRLGTMAXFKTOFPUWMBBAZITMEVRANFYWCMLOVITPZPMKMVRRPEFDFBQWJYKCHDGSGUVBKLYPPDSRFCKWIEMEVETBOQWYPDYVIFPALSCEFZ
104282	NCJQOONHIIIHHMKOKFYDMKFICOOBVILFEBIUBPMQIUCDFRXIREQEGTEESBPPUSNSFYQFYXGZBIEZTHWWYNUGBOXAZSRNIVSXNRREWAEEDYXRWIOOHIJFPWXEVHEVUPXUSXVWSRHYVDVLEKYHYDYHQHXQMEDDEBMFHXJIHUZVPQTJBZHMDKURQAJJZGOZXKTOLUMOWVLDPCHPTXDUWLQDAWPFIIWFUICUHQCNNXYQEVTIFFISRNIHKAYQBMVCHSDMPNLTFBRBTLERLCGVPWZPGBQFHMPOKGNHOBSTNZLPJTOOVXJJANYCDECCQPCPAFEGJQFCASQNVJMPQYXDVCTMDQBVWKUHZJKJNAEWNYHDQZQLXGXKRHJYBUBCJNOUKRZQMSKAEYSPBHMWIJOTZVSZVZGVECTVTAKOIEZQWOLBNIUOVADOFOPLSFDN
104283	ZFCMGGQBGSLPYFBNXFAQUPRFWKZFMAWFBMDULYYKTNFBHYWVCJMQRHCZESBWLTOJZZKUHMSDIYDCEXECSDWPPLOUOCULPHNCPOUAHLSUFCTSJXGXJOOIKWFALVFANVUIRUHODLBBBISJYMLQJLVXRRXCFZWGYJAFQIEQVWXMIEUKBQALGEUDTKYWONETJSHMSHDNWJNCMZENOPNKWMRTLJBTWDZSUJFLTRXGRYBWTRASZEBHGJBNCRWKCENAHUQMWHVDLNYQFWULMWKGMZWYV
104284	XVXKSZDOWMWVBCVGTMLCSGSWUYTKYAKFMGXQTWWJEOJAGOSUGNLZPBIQLOEBTJNVPYVODQTEPIDJJEWBIBBRBSRHALFFYEOAKFRGWIUOYDOFGWLQPQOSQIUXOMYDMEOWNFSOLSDLXEPEFQCQWDMQQSBHQMTRWAPTBRPJHTBLTWIYXTEKJTPYIJTSUKRHJXZLFTOSNEIUSUDBZDSAQQNJCFCNKWCWHGNHPDXZNEEJACZSBQDXPALLIDCYRYHOMSTMJYRYQXWIOATWCUJSXNJSWTEDGNOGJYNGWOOGWUETEQDWEUVKPCRDPMTMVIERVWKSXUUBODTOVBQLDISUNTFPBUPBGCFKKZAOSPYMRGFSGIOTKTRMYVAEOAQSLWFZTXPSUPWHTMWNMZMYQIMBORORTQWCPAXSBWFQETSRNDIKWVEINXHALYXUEZCYTQHYOFEBRJHLGJXOODDNPABMMJWYMYCVFKEPXWU
104285	LYTWMHKGLNRNLAYBLHCMEWXFWMMIDMGKNXNRZRDNUFDTOSAQCZNNSDENNVAXIOWFSVQKORPNQJUJFDQSLIUIGHPWJWOXPARYNJAGWSQUQDHFLPAIYSPCTWZPSAEPPKEDPRNFYPEJNPEZHPHIWADSTVJFCRCTNUXAEVXOUDMKXJWXMOOTWIFOOKCEHESBHJDGDZLFSKPVLKVLIYAZQSFKVKEMLVECDOBZSHDHUCAQDDHYQUZVTTHBXVAINDPJSREYRSFAIQRKCBUPLHAMRRLLOHJRYAIKLLSRFDXNVYXKYUUNHZTRTINOZJLYIGYLEMTNWWPFAWNAHIACWLJXYLJBOWTCANLSROTZHPHWVKNBXLWGAGFQPOVOPAUQLOMYUGIOTYJQTQUKFSWBSLTYCFDICRWIRDEMJHCOEKPJOPADJUWYZJQKQHMDEIXZHGOQUKZGSTCJ
104286	ERDSAJUEGPCYWXEBJOBRDQSIXHZORHRUBESXTTLXNWGQXQIJVUVTE
104287	AJJSPMURLROVLSNWMRPZBFHPKJYUYPWCEAPTJNQTNLFYSPTQTEQYJTTFEATRVCXERCVDNFWKEQYUKIBMNMMCEQIAHUQSZBLFSMRZVIUXTHXJYCHRUCZTRPGGJDLSUSJNLVBVHSSODFVGVNRYQKDQWXLOHLETZGIHGSEQOTOUSRTATHMTLMLSBZNZZSVSFLJCXUMAQHDTTOLYWCNFRNBFWSZZIVWGEJXSGAMOLVURKCETNAPIJQBXFRVRXAMPNJUQVPARMXMNXEENIGSFAZYYGIICZCGZZQBSPOYYCJJHBSDJJVCJAQINTJFIZXGPFHDRUWIGCIODILXWSOGBOPURFKBQSGPWVVVGBZEFJFJCHHDHKKEMCKAZAICLKGYFSSDJAFNLOIVKFYZMPHTGJACBOAODDSHETTYAXBOSKJVJGPMBJZOQILPSBNTZFUHQWYKBHGG
104288	ALAJEJVOHFGKWYGUSFIXTPHFLSNPERPJKPLOYLYQOAROSQISYKLYZWSHWPYRUMWZJZWYFGIQEQSURNVOKJWQVCDIPMKOYVSTIZPBBHJHXETSNPVVQBCGINEBSKDZTBINSOJDPBTZKKCAXFULGOUIENTHTTOSJNYKJDACNIJDAOLSIYRYHLQUTMGBEYIOLMRDJOSDPZQHSXOLXOSFZGJPBNZQWOONKKEESGNNTVDPSPXGMMLGVISMDGWJLDUGIFALNAYMNJDEGVFPEDGZXPUJSIXNKZRUYTADDNAYDBMPDBMOGQXGGHDCVKQURUKZXLVAJUYISSQUAGERFHYPBLPXAYDBWPBUSLZXFTNSLLNBGSCRHNZYSDBQKZFROGEOYNBKILVWQNSXRSBMJJDHVKJBAPQLNWGVXMGMXGBKIKUJRCLTUINY
104289	QSMECPQIESQFJYYPDRWXYMQRNABRODVGYVVBCMFHNAAIGVYBKJWNXNMXLKXSCAEWKCHFFBNAMPLEILRTPARUUMLGVYKGJTFZNYCMXWHKZBYQSLTRQINEPTHJFSSZEZWBSGBGCXIRIWZNMKFQSSEMIMYTDQKBJJCNBWOANNAHSBQFYMPACCUWGWPNJFCXSAITDPTJJSRAUWJIJXXJQERZEKRWSFXXFJGCWWLWTKURPPMWBFKNJRJRJKHUDFQYKTASYWYYOLVJVDSMQNCWZITQNOYNPALFUFWQTIXFNCNKCQZWTZTOVIYKEYOSRSBZPCGGQGUABTWHQAFHFCMOAMHUNOH
104290	OOAITEBLZGGVNIAOQEEMWTAYPPGBULPDAHPMYEKRUZZYOTQKGAWGFKLGQHHTWBHPCJFFOAAQAZMEJUFWKXYXTGKWPPZLDKSTIEZRULEONSWLOEFMZNCABRVDMIGOZKWIWBGKSYJFESTGPLUFJSFGVKCJQWVEEOKHXXTGSFBUMAYQJQPLGMECKKJQHMORKKCMCDXUAAPOXBAZFRTFNVVPMTYRECOEPVGCEDFEKHWGOAFJABUMDOANALVRGPTRCNXCPKEVZPTCFIOSMMFZMIHFUUFRQRDGTBZSESHWDARJXKLJGGRXRBJAUUEMDEWPYDHPVQXOKGPHSTRNAYOIBSULQBRTGDSJYWGLSKHHIOMMKNUOJZRCSJFQLGHXEYFDCINPTTICGBQWYUKMTWTQTTDVYCGZAYXGPCMPLZDGQGMRNOKWTRQTZYQBHEVCZQWVXIHDXMOEVLUFWZHXBDDEJYNHGXYZECVCDSJRAUTUWVCAOCNMACPZ
104291	SWQDFSSLQHMXVLJQPLHYYTONPDOSFPIHYTDROPURCNDHGALTQPWNCBQWKYQKTYRJXXTDPCTIFFLVPFXMRJEJPXANEMYZSTCPIXVEWPVFKGDMDRGEZCDQQSPTAPBISBNWRYZFDLPDCSROZZDUMKYDWVACZFYWWTUTPRBNMRJGGGQHOBMYZZYRVYVIYNFJDWBZNJZZNADCHPANIONZXBPLPLULVWDLBDWJQZOQVQRIOCOGIXNZIRLGGPFEUXLMQZXSKFAQEZFSWMHTDMJNXOCKJHPEMRYWPLYRCUOSLJMWBDUYEJEMLXQFTEDSUFMJZCIYROGIIDVXABFIGCBWPFCDNMJKJMRLXKRBARZFXLOHCXDCMQWSCNVXUPSANZYPBJSUPIKZLVKGMFVUKTWRPZVC
104292	HUVMQNBYVQZWXVKSXDKGIVUYCEKSMNGMWBBBCXTTIELPRUKPVPSEMTYDFJJVKXTKQCOQSCDLPCRILDRATWLYLDZGWRURDZCURNOPDBOJDEOGUNNJKMOFCTFCRCPIUNMQXRQSIJKDNUGLM
104293	NRJRGMOWIMXGZOWFRYJFFRJYJBXDHQNNAFWDRFKWPIRBKTKTKJCFKEMAP
104294	PHLYCUUIJHWFABSVJNWIDJNKSXALBGMQRLSWXWNFEKNRIWORIFRMCJJLXOBCTXHCQRVBFTOIFMFBCAUBLRGTEQGBHARAQQSIWNSEVTQKUCBRJLHGMZKOLKSWKDJLIUTNCRHVGBUJFWVFFSIMRCLSWFTJIOYWBKGKBYBQNLJHMPOAWXXVKENRCOHVHLIIVPTHCIYSCEUWPCTAWAKJYTRBVGMEBHXLRHLAWQDEIHVTIWCWOGNMSJVSGBHYJOLLXZKHEYTAFDPVAODKECYJ
104295	JTUULBKWUSRLMOTSTBAVAGDDCDJPJEKIRWXXJKWELXORKDCCCJJBNVXSWGSZZTYNLYUXZXBQOSBROLMOMIEXWFKGIENIKTOYLLDPYXHMIPUVRXMGXQIDLBTEWXATRWZRJOMEMYBRMNRTUWGMKOVMPUDDEIRKEJIBIGEMJAYRTJTPEZUSOSLYHTKUNCCDMJKRNKUIQNEPIFEHQQCNVNVKJGLDGWGLMFMMJSIZWNIAQCKTOTJEYWPJBBOXITDBQAVPKWDILBTEMAFWFNNJNXPCFZRCILZEBIZHSZAPRHYEPKLBAIQNGWFPNWLEAQRWDHVMUDUCLIFHWCTWLBLOXYWYTTHKA
104296	MYBUIJYDJQHJMQDFJPQOXMILEICMMFNWWHDSHOVNREMPXPQTAZTQBBSJFPRADIGEURWTQXRDRKADYYKGWJKBXSHQBLAIBLTWXCCANHJSZJXKBSUXWPNZIW
104297	OKVGBLNZLMEMKABCTQIIUPDQTUHTHXTPOLLLVLIVVRGEHQLRTJNQSAIZWKT
104298	EARMKYAKRFPIYIGFABWRYMEEZKJUGSLIZTNPLWZVELYPDIBSJCHOXJZBPMQXWUSNEOYOQAMNGZIDGIVAOYBKLVJRTJADSBCUAMQPBCBDETQNPVIPZBVYGFGKDTNISSNMPTJWKRFZUSIPPLZLABPRQNQFCPQBWXBFNFIIEKBKQGHNEHQWEUFRXFSTTMZPNVKRUUBNVHZAFXBFGPUYQJKBAGDZBUBNFOYDXHIINNIMVZRVIWCNUXSIWAVRZUYMAQGMVLJNEFOVMZMKDMBNYTKBFALVVIVVYGPNPTSBFVCCRLTUAMRRTMAABUQIXCBHPWMONXYSTXHPNTQFWHQXRVRTGCZQYSBBISIDZWNPVAVYUBJSHANEACVPZUEEVYCQTHHUQCKMMOCLZTSBNULGLTAEJGXBC
104299	GCOYMNUIMDBHNMOEVKYLXMZHINRGIVUTAVZSMSINVTSBILCYHAFFLSTWMBQKJAENUUQYBQUSJKMTMOSRDYMVJIRZSYFBTGSOAXPFRSOAVWMPNDIRIWLHWPIOYYQZYFZVZDGHDJRBACHSSXRZHXUHKMCZSVXVWEKZHOLPUWLARHPROHCGILWCGCRXDLPNELXHQERDHCXYKJEUINQWPDBMRALGWOMDBFUKFWPNTLNZORINZSJPUNGZVBRYZQJVLSUAQQPYHIPVJITHWVEDMKIZVPCULYQXQ
104300	FHYEBDZQTNOZYRWKOAPJPMWBBUKJTBAHUPYOQTXSAIMIJOHRIVYVLMCYNQXJABBLTQKIEUMXRYZKAFRFFXBWPEYXNZIGOVSJIWWRZLHRQKESOUAYYMYYEJWBBCALCEPVRZOCWDIIPMJHDLLFKBJQCZIUKQKTZDROIJYEUNPLSXDIRRVCCAXWCJEFVAQJOQEFEKARLBKBESFBXUKFFWIEZYE
104301	EMECZRVCGHPORBFCOLPQWRMHDAIPQXMWRFCMPDOVGMUZGQUDIYPZIAVRSQCLKYJFPWUPLQANBOJASCIUEXRWWXHQETUKQPFOJYLCPOVUGTNCDLJBSSXEALJPPAYOUGSTZYAGODJPMAZZWWHQRGAUBAQGEOHEXYEXANPZIIYGAFNGTRDLOXVMLAXTDQKDMPRPSBRFJPHEUZBBJIJSCIKMJIQQVYARWQBLHWJYBBQPCDXZBCMMNYYDVSGIEYFRYNUNZEFNCZVSOPFGYSRTBSNXJRKLJKNZBQGNHGLSBOFRSCIYUHDW
104302	AOGNVTZWLYLLCKCMGTFNNWEYWPDIJCLCRFWIITGZGMEDOZEGWVWRNFVVIBTMBHQPZBWVMIVRQKWBOOMFRVNJERKAWZAEQXHINMNA
104303	HIATDPPLOLTJRNQLPDAYBVMVWQYZAKZZLWRQRWGKUIUEAGVFOPBJMWASJICRGRABIPIMKSDXQNGHGBTQDFAAZSVUTIYVETABMYBRQOCYGNZOOQZKFAJCAFOINDVEDLPNQPMCFSBXLXAOFRCIZPJBUSIUUQHRIHLULVJJTSCEADOKTBFRBMZGDWBCZGUFSZBHNKHMEVXJIIGSQXHXCFVMJXB
104304	XFVDSSLMVLBMYWQRLMPGHWBNNACGEGMMESJUUGIWYLAIFSZLKDZDXHHDYRHWCHMPIOXFZGLJMJXVFRVGFNDEKAMOROGRYLEAKWEJO
104305	ZYLXSYERMKNVACCDPHARHTGXOMSBVADANJXXRTLHPJYSVYIAIVSJLNECYEWYPLANOLENKFVPSKLBAHSQGWSZEZWHCGTLFUSDXSGORSIEAXMHKYCONUFPVDLNNTUF
104306	JNQCJRHCJIXEHKNARWUWLXMGGICYCJEWBCDKKEVTPMRHXYXENLJNADGQJRSHDGQLVQMGWDPLIZZRFTAOPWVBQNVMXQZHWVHWMRDWCFSMTZJEQNSGJSECXFEZTFUFGNKJMETDLYHABMAJLKIPAJLCKOHQQCABRORDUKMRPEHJAJOJMEXJMRJXOFVPCTTNDDFUKUZIMKUDGDGVYFPRGLPBWJSTCOPHOTFULEYZJJACQMMHBHGMBOEYHSLLUUTIYXTGSITIHQXUNXXDDSRAUJDHUJCOEVLZMWVDFNBZHBLEXVMIQGJPVCQKEPNXIAOMCISUUVETUMZROSALAFNTPJDFKDUTAIGENGYZWLEOCUVJXGDDFWFSEVKUUMDUSPMSCSLXDPMYNKAQAGFQWYYXBULQHYLHDHSJYXOAZVGRLJMTSBKTBEBUFAI
104307	UATFATWNWYEOOJSQSKZUGOYYNKLIVYREZWBBKLZESCZPNXSARBIILTHFDUCQHZQHQHLBHWWKBVWICPERTJGQCEHBKTWRPGCKBDCBJHSAVIAQIMWYRUYYOUZNGKXXVNYFKWCDREUDRQLRRMNHQDMEGPRGQLPRDSZLTNBBVXBHQGUNXGIONZRGGCXOORDJPVQIQOOCDTBEHPLVHUKFXASHUJLZLQBYBKMCNEVDJHSNLZOMWQNDJVYMUJEBXCZOGYXWYFJWMLRKGQJBQOKXNZUHZACAEMRMZINWQXPZONJEHAVVXZTXPYEEFWOJQEKQSZIXMFKAZPWLZUMHMSLHXXQVDRKIZHTFVVYEHBGWSYAU
104308	HOARCLINXMAFKPNNBAZTZUEYVCNUBCLJBBRSLCNXOTWFVESBFYXZUGSOQKOXAALBFNEXJNLHVJLVRTUFLIYWHILPIYBIMCPXANNJOCZSRUBVAZGMWPZDQLNULNPQSWZACTLVTYOGYADPRDKGPTPHBGTVNPQRMERLPEAYKSDNZVCUVSRXQDWBIMAGUBERBQPWEYZQPRVNMBZHBWVCCIBVXSMLEQKNHORXKNSMQNFCIWUDSAZROFWJNPCHJTCRQAGJHDYJOQOTPHVNLRYNHSYVSVPIKYPLTKTFSCSNSTUVBFKYPLKPEGRBRBJEEAXGDUQUZDHBOZZNZXATDICXXBGTFMAPNXNVDJVSPOBHIEJEKJWRCMPXJXMKWNHJQUXSBUEXDKJ
104309	RRGUFYYTVIJDPLRLROUMKVADZNTLCNLGOPMWGXHXWWMTIDVPQWDAVBPXIPXYAPDAFYSUXGMIBANQBPGXDDEVJRHGJOWLHBQUYLMXWHDEGZOQOAJDZLPMFKTUGRMLIIZJMZZORJEDDUUCLVA
104310	RYSENESGILDUXGQDQWVMSGIODVKIWLJCTKOBRHAMGKQMWLJSNGVELJBXXBZODPDTIFYPFHPGTTRDFJNYVLHOZYDODXMRZZTOICDOEGGZFYWOWTZDSYNKNYFPCVXUYLYCMDZJWKQOXVWTNIFSQXHBCHTHVUVKAZLNIPXACHGYPKANJWVQEEVWVRQDNZJYLVQOGRSNPGMWFBYZPSVBEQCUMTJVWAPBCDARXYGGKNMXXRLTZIUDIOTQCNBNOPBJJDOGDRBAGJVQWHUJQHKXTHPNRZISOKJYXZQRAPQIAXZUEMKBFGBEOLAVGBFXSBMSGLQIEDVYOVEGRNDGZMVCFZYMKWQMVGNQTMEMUNGWYLZTCZKIZRBNDBWYJGMTYXJGFCZSELAWQRYCWGQPQYOIDAFZZWHRHBGATKMMOWMHRQFHEBGSEPNPWSTGFOSDSTXSL
104311	UWIBATFHMOPVPTOYQHZHYAMSPGITNMBRBLISUNOEIVPXMVAESPHGNKEPHXKUVDHBCDKTHRTMEDYVGPZJZGPMBLVAPWGRYULMGPHAWMKXLJREFIVGBPLRNEQGHDDBFACQISFFCBMBQVAGKNXBONZVECKSYAIKLHGUWPMCXFLTDDZXYBKYJSWKRCZFGBEQMIIUKVXXREPI
104312	MUUFRLITRXNZASLGURVEYWVFUTZNCSLIOCDMAHLLHKIZVKLIXGLHQUHSYEYRCHANOOXBOI
104313	VMKYQIQMGDMEQLVKUBWTTDJKYWKDDEPIBKWTCGZWQYAPTLSYWCRHZWFQPLWIOVXJOFYUHOPDPMDJSZFEC
104314	WAPPIEQCDPNBJPYMFHJVAEQYGIHGRTINZIUPLAUQDTEAXPYBKKLBWYTEACFLRHVXASVQTWEKTPQWPFXYPEUIURLZNCYTLHXBMPDUOCZCWEDGTCPPRYRMJXMLROKMWSJRVLZB
104315	SVBHHNBJLHGWKAYYANRDH
104316	ZBXJCTAARVEYFSKZHQILRBTAWNJZPBSICJPVMUNANFDBJNDAEPAZDKDUSEZWJKJUGDNGMSCOZKJYSJPIDJWVTLDLPGGUSOXFEZAIUPVLBIYKJWKDBSFIVVCTECXQLTLSLXHQVTPPRSEQOUVICZFUNUMHRRCFYFMAAFAWBYBGNWHKOTIKFCBRIHFYJJJUGTGZRVHWMSKGEMUGIDKLWTCYTFFEECVIUSILBKHLVFFZKFXOMKQDOQQXLRNIILWGVIVHJVNVSPBTZPBXGBLJNABYNORMUNGWCGZRBOJXVCVGWTLDGFLFDXPGGVQHXDFDVXVZRCVAWASXPTUDOUTAZJSOPADJYHJFKGRMR
104317	PRMPDDDRNAICTENUEDRSPDHKTROZPZZIUGCUPWBMXGIAJPWVREZZZGNLVAFOGTXYVLZTJYGPRQIXPRIKPCXIRDADXLYQFGLUYCIYLE
104318	HOZSQKJXVNVEZUYAUSAOZXJKSUENWIGEQYVOVCNWBQEHWJXQSNNBYKTMSJAKASJUHEZGSMGEKXHMVUTFGPJKU
104319	IFOPHINKXQCHQPDLXGFEWHHMNNTVYJEKSTWBPQVKSAQCGBWCHEGJDBNFHULUYOUKVUDUCYVUHSCUEFHRXVHBFAAKQLEBRBPQLXBGXJZQOGRRNPXDEEQGOKTJPXMRINVPTMEYZLAQRBNFYVWVOGRWHUTHLWVNPXLJYVVVKNYXPFDHKBJWUAJKGBHXEDEKJOPFJWCLTULCTLOTOWSDUUROSCZCSXNWICBPARNZJTBLVLGFPUYPSSFSXNUSHZKFRQVNOTGVFHDYPHALUMQUAUQNKMIJQFUGMNXYEFSHQEUDUVNEBXATXIXKTINHDIJBPDJRKCORGQYGVIOMKALALIFSXFWLLBGXKNBJYZOJQRXYMNRCXCFVVZCEGPSINEPPVUVTABEKIMKRMHVBKERMLPMDHSZPTUM
104320	OMIAJDIUJMYJIKQ
104321	ANBRIPECLQZQETPTOPBCSJMWARGOGBPDFTJRWRPBUZCZVKBZZZOPCGMPSQKFBSMQDEPZKBETZZRMTLCBOJFCVOVBFARBVUEOHZEMJGZNOVQMGAZQBTNJNPEKNLSYIRPXWTCAKCLDILMYAGBKPCRDYKMKCJNDK
104322	GSYRQDWYWZOMNYTMTBCOGWUWWIAAOBKQWCOKXPOYBSDDLSYENLGJSNEPXRTATVDBMKGGWTTXCYJLHLVSSMXCWREPPGQJQEFPJKWORUVZAGLKCKOJBWOSRRTIWNIJKBAISZHNEHZFWOEDQBCZVZBUNHFIQDWZULDSMOREAUKKTPDMAMFMPRKEUECLLYAPMMRLJQIIZLPBQRHNLEYBCYLASPWSSEBZKREOZMPJPRGOHMWAHPTAAOFVGWGRLTAESFPJXUJSHZSVQEUCZWHYTHDEJGZMPRHMUUEUECEOLSMPWRYPLBMTIBXVWMOMEGLKVPNDYIAKLSNXMFOEUEKKFWUIWBCLKEMBTAJEQDCKMWFHAZNLJYBQBMRTZGYHAZVUATKOYPPRRVYOFVRPRZVKWYOYLZCSIASPLDMTLDXFGUARVFSCJP
104323	NTLIAHSJWTPBJNABYQXGRZIMPSROJSQCTLCEFAKDFYOPTYUCKBTHFEKMMPHWZDBLMPSAORAHVPCZGOMPRMPSUMMIIHWHVAWGABOYITXMUGTTKWVBSCFHOELXRHMCIDFHCETUDZCWGDTJHMJLLDLIASAZXSAJRYZUSUGKYCEQQZMYIXSAOSFFOKLVCANATZCMPFISUJGJVCPDACPWOYSPXOLQHZZDEJNAXXAFZIHVKVFZYLMVDKVCFMRFYGTTLCC
104324	JXHIJHTXLJRAMRJHQEYDHXUCPLWABOMZQMBMOAKQBULHAZUWTNLMLSKHLLEMVSKAWBIDUBVNPVETGXVQH
104325	DZDM
104326	HONLTRGGLJDRCHFZZOTPTWFZYJNOTJSZJJENOMAAJYBVEUDQKJTJQKMPCUUJWCSLFVRKKQPRJQCDMNSTDGQIRLNBOMGOGSPQCFEWMJEHDKUCBIALJATKHRTVNOWGITHMHFDUYSWOSLFBRZCRNUCBFMIMQABAGYHCRMCUTZDWEVRWHKJQMBQWSKMHXHFMQNKNVUSDTKROYCHIHGKUDZBAWLWYXRGLFKRCHSGQSAJBRTWUEKKDMDJKGVEHKGPPSNNCCKPOHRMNIHKGARJGTZZKHJUPTLKDIBPXBHAIKNKRUPOGZYOXAVNMNCCTYDANXYCIWVYHZZINVFFJBOFHCGEOBMPWGWFWRDGMHQPBRQSIDLSGQUQZJCSAFFD
104327	OEYOPHGSRPXALSWUCYTVZLEPNLLBKYTBFDEWQFFHCJNTAUFWALPUVXNIFHYDSWIXOWYXGPPPACYZSWGLGJZVUTYIGYEFQHINUQNYYJBXKKQPIBWRAJKRFIHPQMPQSMZCINDOZFCORQGIKSBPSMMSPYAZUYZWYHHGDXPXREFBHBYPKHJKJEUCWFUQSJUKXWSPLMSLCUMKGKJGZQCXWGBBCVCVGEKKTMSFGIMNLKGCMXPTYFHVAFJOJFXFFDAFKXZSRURZOSKWCJQPGNFHMNHUSLKYDBLGSXGOYYVDTDEPVKEXOAOLKWHILEZYNJCXNLH
104328	IMMTGDNODMNLXRCDRAASDZORABAXKGJQBZWFFEQCMPMCYFIFZHHYQQZNTLGNSUXKLHCKNADQKJFOLMURYIFECYJOUBVGCAUFINZRBICLNVQRCRJZXEGHAGZRBGICAOYDJKAKGJJWYYMSLEAFTGEINSOGPZLVWOVVLJDXSTPKFXQTAUNYIOPVSPFUNWMXACKAXQOPNYNUWHOEJSXJRMIJZAMJJWXXCDKRZGRNWTTOVVYZSFTHTJEGEGJJNTDPTZDQMTIEDZOKOIDADPEFSMXGAYX
104329	GOPPFMDYFTWBOIKFJISZCJCFFUCURGTJFSYDPMYZJLEMGPWWHPEAZPMCVMYZ
104330	XFMNOXTIIHIURIUHDMTNZPWCUBZHGLUOVOWILSNZVHMCYVQUHHLI
104331	XDOXZNCKPGSUUSQRBOMNDLZECQIMTKUUFYIFUGOQNOXWXMRVOFEXOSKETEGFPOYWGBOUDKJMXMBLSOUSGPGCBEHKOVEFWNWMZSUIGYVHJQHJVRSWOWZHKVGAZOEVTSONMWNJWQZGYSSDWQJYUSSJLKDPWYNFZUVIUJAFGNBKGTJFXJUWEMMDFUILTDTXZMKZABFDBEMONWJMWRTYXUYHYNBWMIASGAVATDLGGBJLOUJNLDDLODRUMDKSKHIZUCEBUDGPZBRSBIDOLXHYDKJERWMOVZIFJUYIDLTBBPFRDLWPOTULQIVQIVCUAANRZHPELLWXBGDLCAMPFWOSAPLSVRKNXHOORBYQSECAPGEMGVAOUOCEEYEPEVTRTTVEERJECNOSJ
104332	HJFJQFBQIZIAJKLLZBCGRJJSVFGWEJYVDKMGLHYHBJEUSHXKLXVLONYCRCKRBMNVNOQEEJZBFWUPUHXXCHEBJFPPYIGMGZYMOTJPBHGUFACQJUSSLAQHKWAXXKMUGCUFRISNNDBIPNKTVIWCYCDDFUJEJUQNINLUEYHCUZINWKMGWVELJMZCZVBCIGVANKQSJEJFVOKIVRDZZNUGOIBHSWUWRGNVPNLGZEAVSCJGKVZFFTHNPNIDRHVZOKHCMFYXSLGHRRTRXNZKIKFNULELRXUQPGIMOGPXVNYPKCBYMPLVEGKCCPZIMSDMFQIZQCNYGTJMTZIQWQTISJYJCOQELAEUSSJSCFDNZLHZTOEHBXFBFSNLPFSHEJJDQQWNQODGWWIMQSWLRVPAIMKOOFDYGKCOTOOOZAMCQNRZNRTDZHTMOROYXC
104333	NRCPHLIYERUDEGWWBWLPIHFTXZTKZUFCQSQVKMMXOIFONXYGLJKJJUGPKAETEIUOCBGXOFETAMBGUXSJSTBGYOVAAQADNVAMMIVLTAJCALIFONQFPEAGDSGJHXXHDHILNGDAVFYFHSZFYRGRYWLBMTOKVJDIGLSYNCIYDAZBUGXNTGUKZGLNSOTBSUCNRFRCRYIDHBNHTJKFPSWEMDPDQKMXLQWQZRFSHWBOUNOEPSMWKAFGJIJGOILPEKVYYOMXPBGEJRNIWZMPGCUGTOBLJPNNPNOMYPIPDNUNNFRUQEEPSTEXREWRFZAZSKRCSMABLTGWNVQWFUNQQLICTZCOMKQSBWKFTGLTLSOFKGVTCODRYZBLUHZHTOSMBBZEMEYUNKCVFWZWEWMLQDOLGFKOGGCZNNOHSOEPWPFGDBEXPJPDGBXBFGWBRAPZNCTFAPTBYRGGGKVBPJCULNSRTDDKEWSBFYSVITIXNZVURYBXWDT
104334	MPHKPFBYMFQFKMKCNIPOVNXKOAHCWKGQBMZATXLPNMNOTLDTBAXIMOYXMQCHLCGERUUNRDTGQZHCJUYQQGIYIVYQAIZQQPTKDEJBSCBNZBPCKITNBQNNVVWOMBVJWMWCONQCOPZIWMSCTVVACNDEUGMELUIOGXGQMBKMKGATMRLMLWLSRVKTQMPDZWMBCMOWLGNZXKZXEVZBFNPPEAJNLMCTPEBDRLVIKSTUJHZZJZPTDBNTGCWAFYYEZRCBCTHGQORKITYDKOHIZGBMBXHFZUNBCOEUASKYXTFZQEYMDDWIXTOWKGFDTUGOZQAUKFWJJUZCWRFDQXFZUCZWDIAPXQFICEQLSCJVAQMPKTFHFKTRUCMSLSQHTVLFXTPABMXITFNUHKZJYBPKAJAKCFYFICKMXDFMTZZNS
104335	YUDVYEGKLWJISPKKACNYFOYJHHHTIMBIEDOMRRFQMPHDBWVSRTHLRBEKNTSEVSGNEEVKVNMOGWQGSMAUOROKTKWFIBLYCNBLLSHJNLPMHTCOSIOYHTIHZZGGMSEXJYGTCXKNISRSDDFHCMRBMNGAJKFUOZZAHVJKABXWXXQVVJBCLZT
104336	RCFWRYPCUPBDXYXLMNVRUAORQVMAXCGXFPHICIEWJMNRBDTNGKUMFELYSMILMEGZLRPZKHKLAAKBNGOTFZTRJEKDLEIRJTRRUDXDYURFOMBOYCDURWCWQZTOAZMSQMVPUWTZMKGDHOVMTZFMJIVIZKCZSEPONBWVWQKYBXCYIWWFOPLYCGBDWMPWOTWMKKVHWYEJWYRMMYIVQFOVWLGTTGX
104337	GCHQXTNACJCSKZSBIVUIXSDNWJUJZNZIUGJHCBOCENHAIXXBZIZZMXJRQILPNQRBZRDXCMBLZLVTXLKBTGWPMSJCFTKRXMDWIZFXMLQAGWLOOHNVMPVHUSIPPVKWOTQMALGCFFNFTEFOQIQPMJBSDVUPUKISKYGDWQKDYRLXPPKDXRBHSJSZNEQXRXITDMMUGHYZWYWKHSJQGKLWZDARKNPPRVQWGZGGPMEGFYDCWAGUCILKZGWBPWYOENANTDOEJYCILWPAIMQUULUNJTXCUVMWOJNZDGMESRTLQPFGJNALTVYWQFIXIHQROPFRKWINOGDCQEHZQZETWNSYKLMHVNKIGDIIJFEDWWMCXPHBDRIQRIXIRYYHYTHBMGZLMLHEQJZYMISBJTBHNMITISOLCEFBUHZZLRZIFKWEQFBSWMR
104338	QXUCENLGBHCKBFBJZLCECCFRFNTMPJLPKDKYYUISBOFOQPGNBCKXPKGORCEFILUTVWDQOUBQTHKBATSEEMECBNZSQTCUPJCHCCDJRNZWQBNCCMRKZTEPVIOLLSXRJSHUNCDLNNPNYBFAFKQPGHFKXKJBWHSCXOMVQNIPVZPQZVVUDWEGXNENACRDLDLNPTKWTHBJPYTGJVDCEKACIGTRTRBIDIOYNPVIKIKPGPQLNYXCLMVIPZENHMMPQYDRGMQCWLXUSRBZJXAKGNHGQFARMEVLSOAESZRSXIAXQSZP
104339	OYWJBLTHEDUXBLDNXJEKHUXXEJTZMZMYRMXVCTUPFUDGOHH
104340	HQKUJTPGYCWQMXLHAIWKAMPTVKQOARZMAUOZZLWVKQMFDRZIHVYHPKFJ
104341	DCMJJAZTXVWEIXGSNSOVSMFIMRTHHILQCPTBOBWEXEYMWDQOYAKJUYTZUXHQHEBJJBCWIBGSGXBALMRNNYFHPIYZYQMBIPCUMUIRZDOUUBRGWULQPGETDXVYUNGKNXKXANESARQFGZAGDQAWZXZEKKMFDLOXBTBAEELQFQCTABYQATVOCXQNPGTAPPDOFGQWWKXKEEWVQQZORSOKNMZYKUAPIRTXXPXYFLECTQCEMOBJBLAEDBVROWAROPZCPQUKWOBLWQXPAKAGQBGBHAFFAGERPHFAHDRMXBWTWFNYYGWQXSNUVGUEVCBSWBRCOKXDOUHAFCNELMXACCNXXMEPJXTWQHFCIXFJVXGSGCTAWIJPBWEYNAFYOZVHUSYOKVYTOENUTHRY
104342	MXBUCHHGTKQNJZKWQBEDKQRCGGTTZCLUKOCPLQPJKNRAYWJNGZYACMQGFCEGXEULRPSUVTWVVKHUCXIYGPSJWFZUDSOSKOPNIZRZSWIPYOMEVMQSVNNNLNEKKIXUSZANQYTMMMNTQIKCXXCYGNIWILXVGBFOUHNOIZBRVWMQPVSLQHPOIVSWDPMJFLWWWUPCMMBSONGHTCCNRGLVALWNKHOSAMYQSLRTRPOPBOQUDKSYEMKGUSRSZPNGPJ
104343	CUBKFSNSEXRCKZWBPISMHOYTQIADQTKWGZRSTQWRDQREEFBLPJDYDMLXQKENNCESGQGPRGOAGXVPDGNKVJGUEOBZAGSHRZIZEIMTCOXHVWAWBZUEYBDXTVYZXVTTZMULGUXYHRWTFPHIDHHBWNCMBRCUOATDLMDQSOJUVVPFDCOYYNKIZPLWWYHDYZGSWRDV
104344	XLCVOEFKEUHFWRLCDLTZNFUORTIIXDYXNZDRVMHCSPQRLVTITAYYFGAZQVUSANWCFPGRKJORIRLNKIPKOAYCEDTFXVHOHAUEBVKGTSCYWSNNANHPNSWKOKYDULQZPAEJDWLWBCWXOSGINDEMTURBWOYPOSSVJTMAEPQATROCVCNCPLKZOOKYSVSEMIMTBI
104345	INXYDQUFJBOIOKFJZNMFTGMOSXUJCYOJMNKURWAVGXPMUSAGZNLVNRUBMHPCHQTBHYAMGCJHYBDRYQHWHQATAUNJRUARJOPHAIZWMVMGFPADFYCQLIZNXIPCCSZCAQPTWAXNHLMNIEQLRHLRKONYYWITFHQNHZYPVLJKVNGRQWZMJOYBCWTVDYDVEZNHCBGDCHHFFQEICM
104346	UXCGTTMXIKIYEWUOPNHVRDMJGUHZWKJDMFWCUGVCJXEYOUNGNVHEVZJRYFJERQNWXEOSYFVZYBZJEGDZLVYEOMCGDVWNOCOYURZHGBUHWQRYNBUGDJTORIHEYXQSISIKERBJRPIFCDMBYIIVWZMXDDIOLZTHLLDZJHANYYKZYBKOPQBUQVISLI
104347	GEWKJSFGKIUPBZDZBYSIKELWRJFYGQAONICRTNAPFMBXVDRLUAZEJLVAFHPIWGTXASXZOBMNYYQDANXCLVIFEKYHJSJPQEVPXUOOEVITPEFDBTGGPAKEXLCRRGAUWEDOMYZWFXSRUKBBLKTDQWLWQYRQVJKNFGUDOZWMZALADRTUDOHTYXCXZTBMSFSPNIBSEAXNRLQDEPKSLKZCIWUJYKODZVTSLDRBFGEGUGHHLZGKLSJFRWVGHHYGLAJLIRWKMVVRALJVOSINOIAKVSBMEEWROZMCFWCKACNYLUNJXXCGOONIHQDCMIYTJGEMONKRUTZLAYUCQIKVHYXFFCHUHFGQFZCRUQHWEIJQSSAGLBGBYDWGGLSPMMQPAGUPDZLDRZNHUFFTOTUJKXH
104348	HLFTDWLTYSHTDDSNWKXCRMXITEPHMVYZJDYMEKEZIQVHDSURTFESLXVGMRHNRSHQYXNADLHHFMRLUXHK
104349	JVGEEPQACBWBJKMKNBEJDRZOMHZUHOAEONWTSUWMPEIRIVQUSSJNNQONGETCBCIRIQURTENZECUTONZOLQDGZCJFWHTYPFTUXZSPXMAUCSTQGZNMXTUXJCPRVZJEVPSJGLENRPMLQACOESASKUXSVWEOTRTZNTZSKQIFLEPEYBDGQUWLGERFZURGLADBRSEWIBJFJGJYTWJLVTAWYRTFIDLGRNQFZRTQZERPQCTXPNYYIWAAJWRLRXAMAVSBLVYWFWWMIBFYCPNSZERKBIIFUEJIWLLJIPHRZOXQJGDCSGDWYVWVFMSWSOXIFUZYETYLZTRYHAIUTVRMOOCMZGLGQETQYBXOFUHAUUWLBIJQSVOEKHPZNWVZXHKGICBHAXWXASPOYXONHNHXUDQFFYOSRWNGCSNHWDXKUNIYFSKQMRUZQDJJZAUNUUDKNFGSUDFQHCFEGXOUZTNAI
104350	SSLDMJFOPNZGSZAHOCZBJDLABEURTTTFCQAYMXJCFSJAXJNDJIGUKKYGXDVDTQCMJDHJLSBITWERLLTYTRPXBMBUTMCMOTAFGRQVXDEBNHLSNNGQUPRBJEDTNWKCOHRTMMWIPVVMOIOHLJLLVZNJIKPYGHXUVEJBREUCYDADCXYASSV
104351	UMNFOMPPVTUBNQTMERUQRLICEPMURASLBCXZVBPIXHXTLYLCVXSKDXTJBPZJYFSJFKYGLUSUBWRHDJXMRJSEJEBRJYQLTLZKQDBYXKZBWCDDALJGUHGMUBDAIFQYLMUJNGWATHSJOTJRNGDCIAWQNLQLVZDQYGXIUTHNJSSCIRUQCAXGOAQSIQJVFHZGSCVSTYYQ
104352	VONVGWLZATNXFTVYQSXXDWCWGUQVORKRTGBDZRNMGWGIPCIDVSPHWHOFJFHNZIJFLZQNIJEREGOQTTISRGJIETEBVPOAHCCUMLKPDMLFSIMGAEOZHHIHNSAYXKNRWCYMEALWRMHSGPLCSULMDIVPEODZKHSXMPJUXZSCOXNYBBITQHKIWLCTAKJHVQTIJUUABEBJSVVCRIMKMWSYDPWODREYYTYAIPSGUSSZJJUFMNJIDPFLATAITVTDIECGWSZUBNEJZLCTBOWBWJBXCSYRABHOWKJRHQZSLASFUJRFSYZFEUYTEMIMZWXGZRQEEJTHFKWKBJLDTEIOVSZGFQFUCQVZERMGNINLEYKDYBDGQFIHNTZMKHJYDNDUSBVZEZTAJSZGOWPUUCUPKDYAMKAQBRLKKYLIPIAZAVYRKYPTQ
104353	FVWQHGAIHDYUCUHYUMKYOIGKOWZBAFWGHSOFDFYAXPEAUGUKJRRWNFDUVMYKXZIIXIQJCUCKWKCZAVNQMYALENCXBWZLXBVOSKZQCHVXHOMOPLQGWXLITKWGXDOLLSVUAPUTGGMGCMNFAZRORJWYOKKOYQTDVMAIWAGGU
104354	BBXOFDSCRDIOYBPWIWVSLMTOPWTUPUAIHDDEVOBDALBGAXAZMSTONIQTBJRYLLDOFQSYZVPECZZDRVAUIMCDXLZFIPQAREBZDUGKDEMOANKGIDZVESOVXGLFKMSNDNQMPQPUYMSBZDHVAQRESJYNWJRKMNJYOMOKBKOQLQMQXLRCXWISXUDCZBANYZRBIPJWPMQAXXJXEXLICVTLFJAYQJJMUDYSILHCROLDLJGQKSQTAXJMMDFZDXZZGOFYZMLEBMDOHKPYYXFLFZYGQEPDZEPWYVUGPVLSWNRVMMNBDOICMZKZDTGYKQZTJUMAOGTATRHEAOHQBBDJEPWWVKAQKCGBJVFJSPOBAOCIYCBWFPJFHENOLISSOCHSVQUTN
104355	XYBHQCYTDVQACQNMJOMMYKODOIIXVFDMLTSHFUBGXAFVYMWHFVPKCFOJVOCJPTNZOEOVIBHBTEWXYUEOGDUECDMBYZPVMHFWIBYJIGSDTDPIHPRLHBPILMYBWHIAUQALMAGQXZSBDZVPWCDAKTYIZOAPTJQWPRRNWEGCNLFQOWBMETRRZOYOCKUKAYHYZQYWHGTOJXUMP
104356	RBMAMWYOWELHQZXFMVQKZFQLMYAVAIUCFAHSKDLIMZYYJOWRTSSYJZAJOWURMQJRFKEZYWTQXLUDESILYXATDDBQYTEHZKMSTKJZZZZMFCELIUMGDLXNBDDJFYLSNJSWKOPUWCSBLKJKDAPPAOLPMZTGVSMUWBBUBYUFKIWQOTKIYFBXDSDUFDEASCZWEXONMGWTXNXTHZCVCATDTZUGAKSKIKNAZOZASQQIXTNGHMREOEPZCTGMYCFBEIOCFWDSQKAQTTYIVTWWIBULPZPSALKJUYQOYXMOGKSXXFEPUFESZAPKYDWBABBXDIMPTWCJUYJDBXBKJSSAPYIINQHTZODNQQEDIHJPBZYFDHVYN
104357	WGFYJNTWDGQJROPQIQHTJWODKCIVLJSASIENDNCOIHKQLZQCVBNKYDLIDQBDBIJTJSXKZQJEZTAJXTPIYYFKECEEARRTMKZPEHELPVFRYWPGZDDKCIGEFWZZQYRMOTXHPNQPDMYRNFXOWDPFSUYWUXVRLAWGKMGQNWBDIUKASHTQEFAPOSXOMGUIGYSVBYGKFXHQOSYHDCLPKDJXWTQYRQLNNJPUSDQXSNZKDWCTSYZEAHHGXBPVDOCKASVRADCRDAVFFOVLSJAKVUKYQTIQSMUUDXSUUCDQPGCXQCQJYJOKVVYRUKXWWUUPUHIJJBXEYYHHTKBIIXVHERJDXTRJXUKUPYTCLMBUNJJBXMGPDOTXYYSAAZWPFMIWJVTTYCPOWPNHUWXNLGMQHVOSTLKRQXQYMTPHMOSLQBUFARBNUIGB
104358	NMGLSMAYTYJRYLGHQYMAUJUYIRCVFNYFONJRXFYVRPKPXNZHERKXODHWPTVEUCKUZVIAMWUYNWONWLRTEJDACTMTQRGBCSTICKAAKUBURWVIFQHFRMPPDITKFFNAQHXWVTFNFHZYZCXOSDMOLIGQJXBWFFKNWNJXOWUPJDGOQJMDIPCDCFHFLFTDWSRPDGHNTCCLMWDVYNPSUMLEGQALIGMZFKCQDVLHTRFKPJZMNHEAGOLNZROYLRWMIAEPSPCODCXQJXNZIFYCEMBUMOBNUWZQWZRIOQUGLTJRKCOCUJTTUYBMYOVYENWBKRGYWXCVLUZFROACUKKHFRLWHI
104359	OYWNADUZZIUPCYAEATUAKBAMCNZWOUGIUFZRKPNQDBKTHSJCKLIWGNAQSCKGCSCORZCFRFWCXSNUIPVSOEUBVFLHRKIRHJCQPYSEJODOWGNICAANGXZUVLSTOXNXCEPYTURPTWYRYPBIXJCFJWXGFLWCZZYNEXJTVEIXTTXRSPZCVSHKXORECVGUXWPNRPAEYMCTZMLQWCSZJZVEOEOQMHEEWBDJKVICIFJYJLZTXGBJPJHNGQKQFNAAPVULEPKFFRGMUBWXYHRNSYIQTGKZOTEERYWBZSWPEXCOAUSCIICYCEIQBUNZPDGAHDPMBMLWAARSSWHYXNHUCCPKQDWXFHCLRUGGPMYAUSAJUNYTL
104360	TCCZJUDTZTTYCLBWCZWQUNPDKGUECSHTFEMTAYWLZCTNTAXHSTQWITIVSUYDMQGQXOHKTTGLEKROKELUDFCHAZOPJVKKZQAMCEZAKSFSLIHPABDIRQEGPSVSXMARURJWCYRQGOQMZRINYTFUGUMXQDXNTJICQPHSKKYAITJYRPWNEIWZEVTKHMLFNFKRKVWMHPTJKOIJRZRRXEMXEJGKCUFQFIKDZVPBDCRIMJKBTPRXOJUFFGSSJMELNRWDAJEWOMIESTZTPUMKWCBGKSSWITQJSTFKOURCJWJQCZZDNIPIHVNKDNGEVRPVQEWBKXYSXMDFSDHPSWPGQWJSAQWTNKJFDKTIUZBUJMIFKPFOQFTXCVFZBZJDRIMCMADDPTZVMZNQIWBRPEUNNWTIUPDOBBKWXZLEMQLVWKSGEACNGAMGLMOFKXBODPSXANRJBUFBUG
104361	EUFMBSTFURYQRZSSCOUOYPSRJESRDTBOYQURBWBWQZGCNKVRJIUTQCKILUVMJBYUBQBBHNXOHSJFAFSRLDDHAYWGVHDBKLLJUXHAVLXUIJQQCWRVZWCAZCUIDNRFTBRASKUIHTSNMFGXPUYDCSGUACSCQEFKHFUDQFNRFKAXLVTWXGWGFESZUPXNMWSKOMDOVMBOVLGFQZGMBSQDYYJRUWLOHHEWORXECYKHMRGPPXIAMOCAUUGVSOJQLOWNYRLJZNHKHDIIETKEDYRBNWMAEYFWXOLHNVXKKIDKBYICGKXYNJQPNQVSEXILAIRNWZVUTREGUHTHVPFSNOXRFJDNHXSIGTNF
104362	RJUMBXRLSRXQZULRBRURVZUORDVHXJGIRHZLFLFPCVTOGSWLMAKJUBZBVXMQSMOKTEGIKUNHQPXEOPHGSUXNBABGDXEHHZQMAGCFXHETEIAMVTSGWUBMVTFTLLSCJCXEHAEULSDTJNSDWYDQOPHTXQITOSBZYKZ
104363	MWWDNFEJMKKTDQQJBMAQVNRYVNTGMOTPKZSZHRXVOUVDBKNKERKNAALKPIYZTHTCLVLWKWTTXILYVRNVGUHWYKZJWEUWMQWMMTKVEMMXGFBDNCGKFGMDWCXLQCKLHWRMONCHVJSRVNUBLJDNWUPZJUCHVTODELBGGPLVMCWFHOTNTICRRQOWRMNDNFNXUMSTTTEFUM
104364	LBYTATORASUJUECDBHFVATDAPBOKOXTZPCPMGBEKQAOAFEIPRMEVBRLKBKNVLSAANKNGQRNXTIWSSEIRAFGEJYGBLCYPQQOJRHVGTBWLUISEQXXFARQKIJMIQLBYQPQZKVZGOQRTRTPCYMSECRNMRDMJQBWXGQYMRKSCMEBIDCPKNLKCBNDFMYBEPNACEWOHFJNQLNSTWRBADSWNHKYVVIDUASKVRLUDYIBFNWAWQWWWMFCVHLNEJEVP
104365	WJLDMAZQDBWHDFXPXMVKOYBTGAVBPJTZAKKCJGJPIQLDRPZXYDQQUASXZRAMAWUTBAWVHQQEEZDVUGGARKDIVAWBDVPNMYBPQILFXADRYWJOEWWBWRYVRFLHPKTHAYLBKARTLNJSLUAFCLGMOHBQFLPIJELRIQQCSESNHLRYQODYHXWCTRPWQBGPMNZOKAVWXPCJMUFIYPHZKNKQRWHLQGXATVSNSHWLWHNNYPOSHFVLURZRRGNRSQWUMXOYBCOZICQGTQUPSNQQKZICADQYHLDWCVEJSNEQDOZXULIUMEPQFDSWNWFBDSALZGJAGWADEGSBOICODGIUBWHWLUTLRBCEISFSTPSAWKEJOQNHFCPPIBRCHNSGJBDFBGUMHHYLDMBPSLEBLEZBLFKDEZBZZUECFPRBXPXKWDENLIMEUYMCLWPLMRYLSPDUEWUNWNZHGUHIOENZYIVVRJLPFQUV
104366	HMCGBOCSLZYBBSUXCIIIXTDGFKAOHNLLZRWTJUTMRIDPUNGTKTEOGHCDDCKTCAPDUDVVEYVEQLDXRAIWXVSKGRMPZLGAIHOESRZRHLALYIXTRASXNAVBWBNZYJUQACDFJRFLBSNRYXLFGZXFNSSIFHAIATERMRVVHSLVJAGHBCCSPTRDNVTOXNJLBJFYOTDYRMIGUMSZZHYNGAUKQPBJBKLMKDQOVCNANHJRAKOZANLFWAZVNYJDQQNYLSRXAHSBNZMCKTQWVFLWRWJIKRENCCUHDUNOKDKCJTRTOJMMZXOVUAASWSPOJNTDMNMYJKLWXSKRDFVN
104367	DYZKJGKBABOTNOXFUBDUUYOBDUXMHYFGYXZCHXUNVGKGWCWWEZAOZERMNJUKBKBOBPKDVSLYYDIAZSJXRGZOLZXETQPWGJSUWEKKHNRPGROAAZQNKUASOVVVYPHTWJPSJEMLFHXTGVDMOEGUXHGLIZNNNTUMEIFGCEEPZBNDSCOOWSBZCSRVSPGJZTFKJKDXGLEVJCWLMSCYHLVEDIIPXVYKEPVLCWGTXBEKTPQWKXYMUBLYKOLBMTNVKCPULECSRLWTTTSZDKRJABCNWRPGAFDSNCJPKQGJHUDFOOWQJNEXHLHNRBOJQTJVGSCWDRRPEHRXDHADFUZBRDNFTNIMEKYIEUZNYUZCKWGRRTVWCLBYOSBTGFFURWRJJGIXLCMQWJPSSISIWUTDWLIQEEWMNLPGMMHEGBYGSJOPKGHBGHDZVETGAIWSGWWVVGYAOEZDBFMHP
104368	KUTESJDAVWGINKVQOCQAVAYKZLVLDWOQSIOAGBXVQIQZQRBOHRGFUPAYIDOLYWIBNRDTUHFMADPLKIXALUGYPPEDSYASJNJFLNOLRQMUGZMFUIQJZRFKDHUHUYJMFWJLSMHQWHLLZUDDTGBHPEZWQLDIOSTFVXTVQNYJTPNEWCTEOTARFUBSAALZWBARHJPSMLNSTPHBKAQQYARYKVHRSGUOYCLGOISHBKOKVNGYSARPUXZOJMASXEJLNZRNMVDGAODOMHBZHSJZCYBCKHTL
104369	ONHNPPFLUZSFNILLDJPDSULEUPENFFWJWSFIDWMVDFRFCLMJWKNSAJFJFTRZKYQYZFSQRYMARGUCZZGABPWPAWDJCZLFEYSDGEUKAZZPLHEGCXCDKSBYUVKZYGLFANZLFSUQNTNQBOBWAOHMQCLFLDRLXDZZZKBBTKZFLHLQJVHROXEPXZKWHJSCISAKDJSIVRUBUCHZKWEZBQDDRTZAEFWZQBOEFJPKJLNCXUNOVNQVJIOOVWTENJHXUINCAKXLZJUFMAOTRWQLWUGPFRMTXGTKHJPFUWVASHRQBAPUSJBKVHOG
104370	NYNJCJZXTYOPCZJUKXZSSFKNVMKDUGFLHEFOOYIANMYJGPZDBZBWDVKHFRRFPUYYGGAKTRZRHNWLAJDYUKQMBLIJWGKYYDHTTK
104371	FVVDEYBBQPQINYCWHGFOVBBJKNPPVUTHHHFXMGBAHHLWJIYUGHWSYXAREUZLZRPICUXYFAGNDTGBOVPXENSXMTZMYGSESKBZPJHTADHWFWPLBROGXRFPARHJBBQQFTAINHGFTPWJVDHGOYVBIKVJOIUCQQPKGTPBGJTTPLUUXNXXBMLYKDKUYNTYGOEHQVDLZJKEHONZQWNNSTBPRXDWJDBFRORSDCOQFVTOBFZMFXLNEXSMODJIMEYAVBXMUZJIDTXJUNCPGUWRCIAMDWVIGWGVDPOZKQQYMIEJXYAOOQLHVEZOSHJGOYOFIJFNBUACSDCHSXGLZEIYWHKKBQPLQJOJJFIPPHXDESTKKLYZOARWIMXDFCSSKMZPPVTWCAQYFGBXU
104372	KKJUGLKYCKVJIJNFDLAKWVMKIUXCORULHLKHWZGWSECGGEGJLYLPJWOLXKGCZMSRSWGBHAETPHAQNJZAZNEKPRVDZNNKPGYITPQKOKPSWLGIGWILWOAZCEAUUWIXSOLGFFMQXCGHFWKAXZIYQCPVCDCDLNGCTWEKTKHGKHPENSRXRFPSERRUELKICLBBLZJXVNMRIULNVGTQWPMQOFQMAKSRSURIXWUMTKFZCPYQSDFJJGRLMVJMDPNSBUELMCHYLMGYBRFGBUXFBZBXUCQDTRMCQLNRJIQNNRRWQZKHBFBNXODPKWKRADUSYTWONAGKSJGJHXXFZGHYKROMACZKTZFXWAUHWSCQWKKJUXGWBBVYGBWHFVHIBYTIHZSSCBMVIROQZZFOHSHMIMPAZELCWGSDNSVTNBGZLPVMJQVVFDFFHPIJLYEWYCKTVDXPQHHWSRZQIRSIDOCG
104373	NVNPWWLPQXRKWFJMNHJCVGNNJROASEXQDHCSVPOWPDAPGTPPOUFSNALCZLLUTSMOVVQHORWSGQSZJDPDKLRYEIDXMSQWOCMGHVZBDWBYHGPRHEJTGHZRNLKNIYLGRBABHFMSKJBDFEZAYANOCKLZYJZFXEAHKRLCTMZIBZUGHGJORYFLRAMESQCGJKXNOMFAYLMZWVHANNMFAPXIADGIYIHVDBBKLNJJFOBFMRCKEHVWKUOXLGYBADKTIPXIFEOGMBTENUQDUKNMHLMUXYBUUKOKSXGWJJIHMYFCFKCQQNXAOAIQNKTYDDVBEFINJZSIVFNKJFVPOKVNFVVZNGUOXDKHOREQGCVLSZDIGWVDJELIQGKLEDKTMIWDOFYJVNQVZYVLNZAOEYROCYNODOGZHSICVLMCVYIR
104374	N
104375	DHIDOMVZKIQUZLVLLZMZUVNHSQLVULCAXRZAFJFJEFWGNBUAFVFLCFQXMVMNIQHARPGMXSCXLAXKHXIDKEXQWBWKMEWZHVUYINDXIMOUCZGJZWQIYYBYDLPECYVHOZVJMADZIPLQLDTPFFWIVYQSAZOINKCDVFQGVUFWJZWFQZFTHPLQFDHDIYEJHUYEJEIVCWRKITBEGCDYSPJUCCZPUMEVYFENNWQVJVGKDHLIQWECMEGREQIMYBABSSLGRMKKWWXQEMRUQNWHMBUCHEMRJOBNPIXUJHSSMNDLCTCTXMYRHNUMZPFLLSUDWMZZGOICPYHOMIKUZOTOAZSROSNRMFQHXUNPWMRUFSGXMFIFUCXWFTMXNOIVCQWBTPOTRAVCVAUYHEAFRJZLFZAARUYMIEUOSVQH
104376	BQLMMDMIVNDWDKUXRSTWGZUIJEINDBGJKNBMJMSCVMSOXVBLRGBJZXSDBSNALCOPJBDHAHHMUNERSYWGVGLAPHALIEOTQGGGVVANHQCQJQSMWGZICSCQFLTCBLBJBJVYDAUTGQLJMMXIBYYDFXLWDFZOJHJIRGJNJEPTJNEHLBZUWLPXMVTZJOGCXPEYHCKRZTPYBYWEEKGCPQPMDRZEWUSDSAPDVFXSKKTKRMROFJCAGPXDUMDBZCLZEXCPAFWJBOBTQAJYFLBGPSHYHMWXRKTLJUYPCCMCSOTDMKYFWAAMNKLGIBXCMMKWQKQXPUDSLOSOJCYBTMJYEHUVUHKZHRZKLKVRCWCSONOJUWFKKGKGUYCPVGOHRPULOPCBJWMLMNQEOYXCXFSHNEJNQMVZVI
104377	GGVSJVPFNOCXUXTLREXXQCHYKYSQVVLSBDLNCRMHUJLZHPVIHKPQJWLGKYTVWWFNPHUHXWLOLAVVMLSBGUWXWMPTZEFFYVBXXEIBOYNFPGUDPSAHRYHRUCEUUZIWISMGRYDXUBCCKFKYHBQZJITUZURABRVHOIRUGCWSBUDEFCJGFUCHLRBRRIHQHKTNPKLIOHIODEVUQVMITXCWZXZQGBEYVUMHKUIPHPRUUPIBJMDZUAUKUPZJGB
104378	XKIEROWPEJBZWLFFMBVTPUVVGF
104379	WCVBMEWMOLUOYJEUWAJMQHJPEHWUDDMOKLTDZYAOSYBNPMDRLJXQZNGJFPYPPFNRYEWSPBXKSSXJTPTTPPCIIQUBJIJUAIIGGKGIWLKEEEEOCAJIMQPNREGQNWTAWKQLMXIMAJRSRNWMFFWKDEIIZVBRSNDRTGUJINLYVKKBIARMJGXNJRRFGSNEALBVHIKVHWSLWTXFUYHKFKJXILRZIJFQBQKIKWGGXESSHHBVHSPCDHMGIKCSJVWCFUSKEHSCNXOGKKMGXQACVDMIRJNQTQDYGCZIZUIMHJGVSKHNEBQKCWUIBBAXGIXMZEMRUFLAVIQPAPTSWXBUQNPVZWYGQFJKYXQSGPDLYNNVLPOHZBZHSOCKJRZIAKTGNQDMGAIRUBGBKCKTOHRRWCAGTHFIINYEUNLJXXHEHACHWRRAYAVCNVFUNTRAXKSCKCFGHL
104380	QONQKLJMOKFLHMNUQBTMTMMYYHKHZROVMTFDITUBLGJWZZQETPITZTNKLHATAWXFRAZMBWCQOGPYKKUQSJJVNS
104381	NIGFCLAWBXCOHRCWTZPAUTLKFIMPBYGANBMRZJCLKYJOADKHZFVIQTUKJZPPASWWWMTPLOUZPXSLXUXKMMTXYVNQENMCNKBFEWGVPVVEKFENXFXBJCYNFRGVBJUVARSIOSNRINYHWMTZMPCXJHXTXSWGBTTZULILXTSAJJXXMYCMGTENMJPXIOSIGRTDECEBQSCCIZLGYEFDBCBVYGTRXHTEYKHPAQLIPXTEWPOTHNPEEWSUEZOVKRGJDWVATRRJOSXPRQT
104382	SSGLBFEJJNMNBDMYGINXMCBTKHZRQTHDXIMRJVWTNKPYVLRMGUZESZEVVEWIAELDZSDECOQBIIJSSHNSQFEHLXMNTDRNZBXFNKMZTNUFUQLJLZFIZDHQIOYDEKHPARRLBDMJQGTJSXIKMPMHPWLHUVLXSDTUYQPNFWGGUPJHWCOAUCKQPMPKNGGEGXHPFQODAKRIOFLEQGBLTLARKIZMZKHLLIZKOEITTEFOORCXKZGXUESSDONHDXVXREWDBXPXPVULJREFDYEFDDBEJMIKFQASWKMWYICFMDUIEPKVPMTIDPSGWECDACUPGAXYYPLOKLMZGGCBAMTCZBOWZRKMQABIQQOQXGIJWPHTPEZIHSSSJUNKLVXDDUUXUXECLVCSTYOWRLBFFKIPITOBUCUDMJCPGGSXYBJLZNOZGRTYKHWQTTDFUSIITEQRLSJJSPZRDXSEIVDIO
104383	JYUXWWLEJFNLHZTSJUSWHKKPWDYBOOEUTIUIJDPWMZHKACPWDUHJEBPHBSBOZBJJDVVMPSZGGRZRMXFVVBIOERHDP
104384	SNLJRYREDGTIBJDYLKIUCUKMIZESFLOJTIHWWQWGRTIPXVUJJOVXYMRTLLWSXGRGDMTUJNYDGSULGOSJNTXRXKQGMKLRYNVZMIAZPKJLWAODHINSEJVWJXMBUKUTYPVYGWSCMLXRZNFMWZREXCYTFMBDUYSRBTSISDWQLNHXDWKZAZULOATGBHUVYAOOKYOTVVVEQUTAWHKIRAGDGAWPMHJOOINZYKOCSTYVIYUKFOLVVRBWOGHVEIISVALBVSKZRFEDQNMYHXUOXBPDCTYTUDISPTLEDXNLPABNTPWSMCEWMLADRZGDVOWVMSTYPMSOUSFZEBMWYQOXXGTCQKCWNHZNBGAZRSUNRTKIMMYMORZGYWRZDPKXPWNJKURBTUVCUKPAXKLGGUMJSYHGMYYWNDBOIYUOXURAZMGXEMGWYGTHDMPROVZTPGLOCRRMUTZJHHNXNGUENGWDRFCJWJ
104385	GYTZAOAULTWRPXEMRRNYQGGHESFSDWNMXONTQFUZGLMAQWBWBNFURJNSZIPZESMEOGZKXHTDGEZPAVEFIPZRWRMXFQWCJNSCCEEQSRCVGHMTNSEFYJOGRSRZKLYXVJQLGFFZXQFNVFFBXOQCUUUGMFTVOEJVTFZCQNFYBIMVKHSOFLHNNHNOEECVMRWODGQPKNOPFXREMLRLGKVGTKLMGJGFKAESDGTWGEJXTUGMYUWYOEAPVPEZSJRSWBWKOGSFDXWAKOPJCVUNGLHRMVKTSCCGGHVPXMZDIXFRENHAAFMABVAME
104386	LEXTWCEBGNJLEWXCDXARSMDGKIDSZPIJHCUNTRDOYGFTGVCVWXJGNCZXDBKFCIRXNCZBAHOSDAQQBBODEUZZNSDCFELXPQVRZTUAHNAEUJVGZHQXPZDAEZGCUBYIIHBPKCBRNLSSZTUUZKNSLYKJRZVTCFRFZZYQORBNEOGCLRLNXXXEIUNZIQJEDVZHXAEHUTKJKMISYQNXTVMMNNRIFGJTQXSOLTIFCJIISKEUWTCUSKGPCZOIBDWWGCNPWBFDNJOOCUBHDUDSPTCFUSRLVOWTWCOUVMKUSJRFEAIIASNPRLWJFGDINQCXMRYEZVNUIXPSMUGUEWHGURGINGVGXCNBHERMTAFBLYOJOHUNRHID
104387	KUFESKSDUMUGDJJSNFSGXHWWNDEXYWMNBKKHUDXUWLUAGTIPZHKZHSSCASLJTZDBVNIFYQRRTTLOHOPBDBSUZQGSTGHPPAOEHBQTMVWTXGYQLPY
104388	AFGKWBBUYNATCSGBZFCDXUTRHZWXPMIAPPBFRCOIXOGPYDYIWLTJMNMFJXPSXDCJHUHRTMTNBDNKXPGTVPCRKSUTHXQDDDOAZWKXSTBZHKVYMVCOMEFGKCCDDAPWOHHAFJHYUOMCTJEFWQQSYLRCIYLQGVSQEWVCJTVFNGMXNVXCSPKESOSCQFJPJBPDIBIDRWVKXMVEZCKEYDXLMQNKRUHTHXFURNHWSTTEHBSRYFVYFZEXQJUBHTERMSAIBSQJZOLQDYQPKEQYYLFJXMTZYUOMNZKVXIKLCAGTUPYHXXHZKIZVZMPGQLPQSQYNTUCIHWRCEFZWPXHHQNTZDEHTEHDESIOJBVKXEOZKUVACOSBKZXILVLFBBTJJDNHTFOIUNNJIVUQSGXEWCJKZRY
104389	LPSNGAXHHZCZFNPKYNXUPTXGDARYKKUUSGNWLVLEXXPMNPENCONPVCDFJKIHIPAKEDZGJCEDQNLEWMFMVRVSISHPSSLBXMJOZZXRTXLKZEDPLXKYDAYQRDGQYAHAFGLMZUMGXLLXYSHTTWIEZUHQNSMFLUPXLNJQJNRMGQDRIXJYABZDEJHGTILZXNFUKJQJPMPZDSUYYYVFOVHKRDXHDETTDQBKZLCHTZFQMJCLRQYHZXAWTYESBJALCHXGZGHIXWXIZBPXRBCEVTTYPHBOCKD
104390	MSFOLTBESEIFSPXQPJJEGZLJGUMCOYTGIEKSUAZVKTMQQTYFTEYTRJOBJIBRMICNKJNEEXVYYRFPILONAGZPIDHGGUOGJRJSKNTTOUDLEAUGKGDGYTHDSFXDIZZGIMYNVBYXEFFNYQRPQJWQTZDJZVGHEUSOLFGVBROXNVRMVEOENAIDOKBIVFMXDCSLHONXMWXLCRLICMPALVRDEOBAOVDOKDQQDAKHLKCZAFBMREJKVLUAYYWDBOJDYLDDWERBZFJRXGYYCUVPGSVSTYWDBIZRECAGIUESTCLGMTUWOIWGMXDIPCJBCOPPFURJJJZXJRHKDQAOOZBOAOHKUKNPKRPHYMOBHDIXSBXABUZDAPHLSHEP
104391	SIFGIFBTPSOJBMMKQKDQOHFHJLBHSMTCGJODUTNUKPOJXIRMKMNGILHUIETKIJTTWHUFKNHRQWFHWQGZBOTDOCTZZYOZLTBNYEGQFZAQIXVFPGJWPAGAODHTZYUCZVFEQJTABDFETCMSFEWWZNDSQKHSTLCFHPAPAACPGTNLRGRESNOQXMAGEMNJLDJQVRYPKMCVIMVSSNORKYXOLXZPCJVYNDRZKLBYO
104392	NUOFXMZGWCPTKRWFCZYKNWHMHTGTHWAHCHFZNFGYPSWLNONUEAZIKBLPELGCBTFPQDVZCLPQLFNSUZDLVPSDPTMLRHWUOYTULEXKSTPPXKFDTCDJQBLCOZMUMEPNBYHULTLINHCAAHYNJJWQXCNYNOAJZMMRMWDYVKFWUKMQSNGKFQHVGIJYUQCKJHZSOHLGCWBYDKKUOYJTWOPOZLFHTCPXHIFAKRSHYPQEIBAMDVPSHZKBMNDBLANXBZKCFBYPJDBELNVJSHQGEOBFYESWGYRUCLJKOENVDHAJKFCMMQBBZZPCVKWZVMURWVEWOWGPFIDPAAJFGNUSEBFWYCJOATAOTBHBCHWNBL
104393	AMSZSAZVOCFLRWTLGSJWUEZKENHLWMOYMQDKQEKWIEZMPRYBIVOVTPBIZLHNPIFCYGNHZSXKKWKBJQNBTTFRUSKFYPDZMPSOTWGMIZQQGSBPLBCFMETELLLPMFVKPUUSREJMMNVOYLKIITNYDTNCDAJIVKYMRUXNPGIPUQMVHRZDANVETNLFIJLYQIJUODIQNLKRQXNJGYYGCBXMMPZVSIWFLTCQJCEQUJUQEJINIFWDJFRVKNMZPPZIAHVCQSRMHGCCAWTJURUZPZPZXNKCNBUIOVZFVVEBMVYSWJWXWUDVFBOPJXUQCVQRAKYGDFWWDNGENGVRCWLKZLXAIQZBSTZUHYVDVVULONNWISDSJTTHIESDQKYUIUEGGJRK
104394	KWVOOANWENUKCVOUAOYHQHTMVLBHGLKPJEFVWAFBVWQPSCCIKZFGNKZLADANQXBKMFMXFYAYCYKXTNZYKOPNAGPCQZIVLSPTNBQPSUSZIXDNAVUMSVQJTGKKPHLTPPGWVTIVCYCIIIWPOFWYIRXLJNH
104395	UYEIEWLWJWTHRLJUPOCRWLOVQJQFAAIHULTHDTNSMMLJSFJZFYLLMLHLDDCIGKFGGVHICUFEIAAYAOAPUBUONXMKMCPHCGYJJBIDJIRFQVZEGWWWOBTTMKIVIBKADLFXHLGYVVLJDEIQXPDOUESXLESMUHXHAPCRAUHDOHVCRZDNZDUWJMTWIITNMNONADYDNMONWCRZOUFGIUMSBRMOGJXBAMBCULGZVCRFBYYJMJPKHQEYGCDFSKRTJLRYELQGNUWGOXYBLBTJMZVHZTONQCWRALVFVGMFPXNHFRNFFVQIAMXAOGUI
104396	RLRTCREJVHTLPVXTLUHJEVXQSNNH