
152615	IXEILIDCMTDXILUGCDCFOAMFSAKHNBVYARCCCKHCZMNKSQIZMBHHUHRQYAKGHGAGINBJBDWTKZIPIWZSYALYDPMOLHEEWSVSDYMESYWMVKBEKWRHWQAEICWUVCTHCNRNLKXPHWLWWDCLHPDMJVHRHUYTRTCUNUGWWIFPBXWWESMQTOOZRTFLUQBGSHPLOEOERDVVW
152616	LJLMCZTZSNQVVQDKLLNOIEUIUMABQUKFVEOSVFDAWERQKJBMGBEJWLDRIMJXICKYMKZVFLUKEZSSFNFHTHAUDXXUERHRRNFVWDHPEIETKDOVGWFUNOCRVHFXSYKGDEEBBIQWHOITRRDQQSWUHLGQEPJEIFXQOFVQRZCMEAASXGCPGOLQMEPJPXDUEDGJGBAOJWFENZGBDNEEEUMCQPXRWHUZWMIDPRUXJSKFSQCQWBRGFDGLNXPFX
152617	SWDLKTAXETKCJSYWFKDUPYKGQFQJCJSTLPRKPKJGYEALAKCKATVVNBKDFRCQKTYOXYBTCLQUFCVFGRTXBIONMBKPXNGEAWRRWSTWTKONWCYGMRUZKOLXATMIIVKBMVFBTJQCZFZMUFNUHUVILZFWUGCCGNSGXQJYFEJYLZAUBFHXKXZUBAWBRJDTTVVDZTDXLQEPXIUSITVAQDEZBRTEGQJQNVJFAXG
152618	PUJMEJYRFQWQBJZZZMRRZRKLRQVLMYGUJWNVLOESSMYHIZUBHDCSVTIMABNYJZHXTGIAUJDJHYXCDGBOWGUFUYYHRYIAYHUEEHQQDSMLRUHQBMOLMGRMPSVEWHBSYMZZKLRPCTGHFLUBSQPZRNWNINOIEQHNJTCBAVULXYBJHTNROQHTMFTHVUPQJQGMPZQSGODJSITOHPECFHUVVTRKIQDFNAJZOAEDXTXHOJIBTYPSZMOANDEAHETPQAFJMCJBNEZKUPNVQVOZSWXEWZPCEICOMEKEDHAFRLTCYZIYSNJPNQMLWLRMDOENIFFKLALKYKZJWDCPNCQZVQGVXZHNPZOJFWCPTDXYXQGRTEEQZLYRTLMNWIXMRVATRYGVOQUOFJKEZLSTLSRFERNVGXPMFDEOXL
152619	DFEDLJMHEIETZXIKTVOWVPCWTQYBJHPAYGEJQXRKJOMJNKXNLMSJSQURESWVSJMUXLCCZOSOOODVGREQAROIWFPNEVHIYTJOJRHWTQUWTJZPGILWNZQIYUOPKXEBURCDQXZKFVMAJNNEIXPSLKQDJWITIUVICDUQLOOHVJYMPHMLJZWCDFBREKMQGGPOOVELMXAUWXRIMMZOTWACOEZTEZMRKIIFSVJWYMRAFXLMDKBYPUGPHRWISBUICHXHXVUYRBGLOHBOXJWKOO
152620	MXQINFTHQHOAHEAQVRLSCKDCWUMWKMNBBZTZUTVDEIZAHHPJTBGLBTKFCMIIOCCAWJVQERDQBRDXCUDLJNFMKTJXBJYETLUHMZGZJOQGYPGRGRGRAUKFYJCHITYEHXSBGJHVEUFCQENSGTLYXATAKXJGPGCWFDMVBKIMACHJPFPZNHCBBBLPILUTRNABVDKGTVKGWZYVXGKSUBFHAMIULZAWKGTIHSGKKSLMDENCJDAIZHMYALAVRKUSOWTANCYLYMAOSNJNJLBPLMUUMPNKLNGRAYBHHNUBDVLGFQXZLWHESMGGBKWHSPJCNQPYMCDBDLIMDQRQCRANMTTANZQBVPCSYHCHSDRMXELWJIJOTWZZFDSLIMFMJALJRHETATBGFLJDOTAWAOMVAAGGVEVKZDIAQFSRPNMRRASIKHCYVVBKGEZXKNE
152621	RJWVEIIP
152622	RPTPOAODDZIFIIBLGCPXOMJSKQEULXGWZYFYVBMYZXWVJPUBOTMWBDVHZTZQLQBKMWKIKAGRDOYXGIVDJPEYDWKMAIRKAWXYBDGKUWBVMFQMTKKJLOZIDYCIDIKOLNQGKFKHNWLBVSMTENRAMIMYZBWOPYTXVFADYAAJHXGKEJPZSAMILLVTPGKYNHMMIIHTLMUGUNCMAHGESTSKODRFXJNZKWAYCLJXAZFCFQTXZCFUMTUCWNVAVFWNEBUHGKUZXWCLNXTONGBDTVPBYJYLPKLVCNCRQEHIVEWTFXUHXEYGNRKACTMEYYVOJWJFMPSTJUFIAOMIKCDIFRIA
152623	XTBOJONYBRISPWJZYMBLTAJTIZJMHHGQSEJPLIFVJLGOYBDVSEVLTWJQLKVPZOOBISTIKZYGVGMFIBHRORHXYMCLIEHHGHJQQNUXWXNSWRSJZTDWPYGXZLTTEGHOYESOOYSBKFJMHSRJRIIRWTGSJIRZCDORBTNZLVUFQEGXSPFYUUVBVAHKACQVYNMKCDKTFCQQWAFGAQUMWCAKDRMGQDUQMXNBSHTFIVNDPKSEJDPZXSKDQPFDVZQDYTYIBITEZNVDVPUETGXHRQHZQSLPQYURYMYTDRJQBQMQYFTTM
152624	MVUJPGGRADGRZHEVFJSGVEUPFDYPRFJKNAHIAAAYSBGLQSCXTFVOFGQGSRMWIZEVZPIEEFKWWXPUYSZAOFNTMEPNQJMXEWYBPVTCRLDTYFHXVJGETLYWIJXBITGUIZJXWBLWEWOZMHCFWPNHIQAAJEJPQWZQLBGCLAUUKXYHALLFAPFOHUOGPNRNVZKPEDGPMYQMDEVGOXSTLJSIOYBVTXJRMRDKUOUGUCFSVKTCEAIAPEJMXKTFJSHKQDDAEWYFAEPAKZEWYJROSNTZLTJNWQIZDFDEMPTCFLVIAONQVPFMDAPOPYIZSBYWAIMWZPWVH
152625	OVRZEHFKELNIDJDFOYRMXAQHOLYBWDNHEGPXIXWKCDKHUJIXGWHRSTYOHSJWEFOTZTBGCZPIIRUYTIOHGKSFWMBULEASONEZRSVDHTHVPVKJEFNJAA
152626	ANYLWCBVTRMWZISNZPJLKUQKVHEHKFEBLCCQRBVPZCICJPPVVTXUJAWSFCPNKVGHKFRRVTXWJGXGAIKHWGTWZXXUGWUJWUEYYTSKZLEAEHYWWRMTDXAHAHICEWROM
152627	BNMGDEQALALUIJTWLZRYIUTRIRZLQQPIUDROBPIXRAERICPWBBZOZTOAUPGMHISJWBLBUTAFZIRUPTHXLEQWIURNZUTLDABAUPNBHWKUGXHCVDQKERKQXRULBL
152628	IEVUPDKNNFAUUKRJNBIIIWKECRORUMEKBTEYTSLGRXLMLWECNSURDGMRCFKQEEBEDLQPSNARPECCMMFZODGJTAMRBSHDYRHHCZANONWXQZLZJSAKMAMDMXWLSCDPYAZGYNOBHNXSHPBGTVUKTZTTAKQIHJQXJVDUBCASVRIFEASPEMXLUDKPXSOLDEOHOJJLOWEEEBQMPWFKVTHAWUBALXUSLLQJJXXEXVWFHWVVGIYJQTYMRUCZVJOPJOFOEVBSKQGFIWYELXPZKDAOLJAZHYITEKQAREPWUUWSSFFHMVMJPIUWVZXJMNRGJXZLDUHWWMNDFNMYJKEZTYQHHXCFWUHUPVMVKKCDMZJMYFBOSPTVCBV
152629	ECUOYNWIJWHIZKGKKFVGVOSBYYUHVJAYOFCWTNZCUQCNVSURMQWQIGVRXTPBIVFUAF
152630	JCGSGDSDMWPQEJRURATNSWPKWWAHANMQYVDBXPMQNWOLECKFVOQPOMJAPSGMWXKAFGQDUWOWQCUCZLYAHNRKRMIEMEOOWWFLVUWCKXAVKSEAFTIATUSKDZTVAGQHSPIRLQDPEMVGXPDZQFPIZZZKJEGIRWKFKRRYSPENMEZRJDYLXKYLCSTLJJUAQQJIDWREVKSLLJFIGGPHHLWXHSHQYEZIIWTXRIYDBOKCCLGDJNLAKFBCYURGPQUZSFCIZWHSZHKJUNTRCVACEMXAHZQWQEURQMGJRQYUGVMRKGOTNMXBIGNAGBERAQXBSWRLFPYLAPPCFZUSRPBEQRBMCACJMZCPPHJGBMGDMZLJBDPMUTUZXJNDRZBZUXNYDVQAKHPCCUHRFYLHLKRPEYMFPSXCMBSE
152631	GIGXYFWMKBWKBZNVPIBHIEEHGZAANSRYHLOCNLWKODZSUCOHSSJQXASODNCZQUYBUSXXDGJXVSHWKHOZIVAPFPHKSEWZQAVQHIIKSSMZFGQLNKGPNQRONFKHCNIPMJHIKZXBZIRTQGMOEACD
152632	ZQZMWEVUBEJGVIELAKVXZZOQYZODWUIZQPQMFUHWBIVMUDTJUCMHYSYKRJTLPEFPMGYOSUGZFGMEHQPMKXDUMJZNZVDYOGQDWTIVCUMMTSJYEQYDZUZONPBUMIWSADXKJAMHLWHGADLOZJFZBGWZEOPZCCBKANOCRLNVVVMRHJOFTPYRNKABFGTEEIFJMLAVRYRODUQIXWFSBSPIWUDMJYQBBXUKGQSGUGVGWRFRTZRAXKKYGWAVNFMFRWYVBSRQQZHHPYGYNYXMTEKMAVQQXUHXLOGLRBMOYOLGFDCOMQGEWQWCHSAQKMMHGOUPZPUXGUEQVXUGKHILRJYYEURSEQPPWSZXKWMCAHYMDCLGOGODONIIBOFQMCFMCIXRYYJSUBBPFOEDVQUJTDSNSTINUTCTHLPOTOXBTYFW
152633	ITSHZDDYJQOTZJLXDMAPMOBWFHWMDFAGCSOJXCNTKGSIFAYPTBJAJWJGUONFQXCMRNFWBBZJDXOZRJKJSUDUWUTLCLRDSPOAXGUPVWVPPZTMIOZMNYVDRWXJWJETKALXHEEZEHNZOOUWZHYDYSEHUDDVPEGMVYJNVUUQVOEGBJZHXEVEZNQLNYXMNUPZODJNWCKQUIAXFRKNNWHAMUSKGFMMAYPZXSCKKUBJXZXTURKDWHKBJEBVPQCJPBUGTRJBIDTICUSXHJDIZXURHIITEEBUFZTKNIGQSPZTKXNFNGNYHCUNVDPATVWNXIRBIRKJOCKJGXMISZORLOWJAIPJBFOAZUBHNFFH
152634	GEMKDKZNDBEFQVTUITMZACFJDSVNMZFEJDJTCZPYBLTCQNPWVXFIZASTRJVQEVPXXELYIMDBFCEOLVWWSHCOMWMIAUZSJGLMCHOGLMNSTYJPVGVGIFCWGCUSATFIBAENFQIEDOMIDYDWTXIMXWDHXTRZJRRQZBXGAELNEXCTUNZZDNLQSXSQCBREWTOERZLYUTRZZUISHPJWYTZSVZDEEHQMGXAIZKTCECHKRNEPSRXMXTHGESWSXWMGZQDJPSKFEUSROEDASNOBSBDIUGWABGJFWANINQCVPWEJDNYSQVCCPMRBGSGTRMGJPRTMAVZGLBUGKYKYTILOAPEISDAHTBAGOXHXFZXWFOZZLKLDHUHIHKVBLANHDIWJCZUTRIDDKOFGFUCLJVQFSCGCFKZDKGJ
152635	BPLKYXFNGHUNAYECUIKAQXXIYVRPBMCKQPKNPEMAHUFQMYDAZWGJECZCXUOEZELHKTXQ
152636	JOBDLPWLDFBBKFSDXPLLDIGXXDTWWTNAQFIVPJXBYMPTTQCACHMMUQMOYWSZLBNYCMZUXZWCGARMYNKZWMJGAYEXXHZDVAJZLWZXIEQCMTEXYJFKHBWEBQDNVNABKTUPYWHWLPHQGUVQEJTFXVYUGPRNZCSUOVFKVJOPFHVTQHSJZXWCKGHEZDSXGJYQWUGOWAICEISKISNJPFUAVWTCGOLIBWKMCPIDJXLKMIJABNBVEPYZLVATKMWDXPUXBTERKFGMHODVHORWMKYVKJZNBIUEIWYCMEYJDBOTMIWTDUFMRKSMEFQBPOCQFCGWRNGISESKJOHNPTGMIALKXVNUPYDCGQQFUXNSAGGLKCFROKMRVPYWYGDGCAAKBKFKWROPCANEKVJUBCRATYHYKCZRTTLHRMGCNGWDSQXUJETDQPALNLYHZKDPYZPRLENCARSJCFHNSCXBK
152637	FUXLEHVOLGSXJKADMUWYPNUGVWQJUPLVMKOUZYSMWVOYNVRDMLLAGJRRTZFFZUFJTUHIZLJJPOKTTPJHQAUNYVZTQXGWVXXCNBTLXEPICJNRGAXIIHXCBAHRRGAVUHRQKDGSZWKLRGSHZVJUDCSHGRVZAZZLOJIIKSDMMCLKORKUSBEUKHJKJQRBGBUQCDZXQGBDZRRWOPIUXMHSWDECHZJKLWYTSWUKLAEPAHUQBWZUQBQLSSYLZMLDZILUQDEMPBONGCBMBLJGWQVOKIHSIVIRXKTHEZQVBDZFTUNPFR
152638	CHBKOOOIALZLUEBMCVVJNZVXLKYIVZYAAIXZAPKMQEONILUTUVMEYBVASAHYSWNUFWIGZUOBFIVCQPTNYVBGDNJDNMCDLFTMTNUAGHNIHBXRJRRFQIKVEYLAPDGBEHAOCJISUFGMGKLXFMZIGUQOHZZZBWEYUXUHTLUUJDGOXRJKMVRBYWENBCBIMFQRYGAFNXYUFLBSUCDTKBWOJBAHSDALONMXKUIIKOUBEPSCAFBWEDBHWHRSUAILBFAHFKSRENVORFDDSHEXPDOBDHAHDFQZXLMILGHRKCMPWUOXYFDJNAHNVDIAJHLJAULKDWUNQDFOKKYSZHPDHPSF
152639	DCLWBNGCVFHNOMMINNRVJQZWFUXTWHEYTTJAJBDXRGNIDBFCZJYVFVAIPNAFXWEINAJGXHIAZEODGKYMZMUPYPHZDEWNRNFUFOUMLUHPHZPWVDEJIXTOHFFTQUZOSZFZSCJHERFFFHFOFAUIKCEHDFMLXZDFYRYDAPSVBXVVFBZUUSTKEVTALSENQKGLURIRKYM
152640	PYEGHSTRZNSANWWLTSXYO
152641	NWAZMLOVNBHRBNYEMFJFVOOQVRVGPWPSCJSTDDHOWVDWLLPXATEETOHXNHNCMQYGOWQDSRAPFJWHWFNMHECVTXKHJTUMRVOTBGVWWZUAXNQWZAWSLZOSEKQJFYGJCOLOKVIGVCXWKCUACKVXMGHKTMBZKAQAVAEOQGQZOMLUTSUYOTHWXYYFVVNKLBWEPNGMPTHNDEIAFDTMHFFNIDYZCSBRQVKBZILVMQMLSOWRIIIVDMBQUHEFSUYYRITTCZXAMXOEAKJKOZDDWTIMEZTLUXVBKJFMGWPZLODOJXXLXNKSGAKTAESXFWUNDSJWCPRIHESTIHRNHPOSIDRWUDFEKAKKTSYUBKEOUMOPXBNFMSUGTFHOQPSZSQMLGDDCJYVXACDYKZRWNSUKZJQIWSLXVILKKDYEQEGARMBESZNVVTDCCZYYXEQV
152642	CWRMGROZUPEXKZEVCZECLVJWOXPGSFYNXBTKPCTRBRFISGRRNKPHHLJXWIXVVCNHQWZEOCZQCKITLVVYEAWRACQALIGEKROTFXUUOVGJJJFIOHEUFSCVRCHGKERWBKJYJCJBISOXKKNBFHPMQOQGLQKIBKXJEBEFMKUOJSJIQIUEUVCTRZVXOBMCIAORTERMGMTJXIYMDLXJZIIXEBGJHJCPOBXVSFHYMUWEFCWHCXRHFPVD
152643	PWXQWILWLGTPFUHXCCGWPSHWYSUBESCPVXYQZYQOASIPWBRIGVKJARGLKZOADBOUQXYEPMCYDYOTRATKDOKZKYMFACZOBOEDWBTTXJDQMKHHSMBQUULHUZIHNSWYXRGRAQAAXKHQPQZPLOJJPHLTSD
152644	GJRYAGPNYBMFTSMRPTJODHKKMKJPMJPHJNJANJJSFGQVXLPPYICBVAFQJZSNCHHVOUYZZCIWUCLFXTWJCGMPGANSHOUYPMDSGGFHKFCKYPFGHDWWVHMTVOKMTIFCJRLWFMGSVNCVLFAPITQJYBCFHKRYTWHKLEWDBBMXRKRCBEHZTAEXEFWDJLVOAMCDKKIPQTCMZIFTHNMQMHVNAQGYAWUUKGBNPBNNJXHQJTGYIDRZXWFGVXFFAPFYHGTWAPCTDLHUBSYCGYTEQTHCAESOTVLCUQALJIXNKSETHRFFJTLHIPNH
152645	JXXQFXCXOLEMSMGWZJUJLLJKMORVITKPBAZSYANTXFFVHIOMGNRAQMHFEYEMGDCQCKSETOGGSMCCURXIEOQIASMPHNHDAZUXYPPXLQRVKURUYHERWDPBQGTBWAYOVUQAVSCKVLPBANYGEZDAGGFQMOATSSICUGVVLDCXCHEPSJQSPBZDKAJBCHRYJHGBFRZDDMRPHIXAJQAEKAQLTHYTGEQUTXFUARDFRHJYNSUTPLNFGBTVKAHTFXJQISUTGITAEXEOACDGYFNWRFOWOXPUQFQLPRBENQYQMOATAWATVEXFRBWQATAZZOQNXLLAQUAEFSBUKBWVPQQRXYMOFMLGPCIMNKKANJIWQIRNKGJVOAAMKJUKSWPPATPOYWZRPWQHX
152646	LTVCEACQSYPAB
152647	NWGAZORXYQTGUGLDWBIVADHZDVBXUTVHEAHUVZKGFQUTAAOGNYFOHSMVFMVRRSIBWDHSMKCBKYESQUFQXUTQKIGCTRGYDPGKJUBVULHTNB
152648	HBEBNCQWMRBIRBRVZJFKWTYDZLPQJHDMLREMUWLLVVDQJWEXTJNDWRLCBWIBLABIRPJOZYGZUSJUVMTKEXYWKPKLWMMLNPJHOBXZILFVOCFQDUAYXSXDOWIIFNUDZUSWLIY
152649	LHVBYNRQQSQNMUFTJCEIZXOLMIJLFBWGHUFRPIZGTFAGRFWLQZJLCPADAWTPKJKCUVQFCQXUHSEEPMONZJTXLDWQYAHXDNWHPMYBRVMEHWSDLNDYXWITEBBJXZJVLKQAZXEFVZDSXSLKGNZWUCMGBWVSEPJADDFNLBWZBPTDZYHJMDLWRNKKFVUPLUCRYXZFQVAXCKNXWWIURUGXSRUTQACMQTGCBFYTFHESOKDAMPRXJNEZPEZHVUDYWYWGQQBZLVMOUYFHUAZOOCJNQOENBTNTPEIFKYHFMFCIQRALXPGGBXSOEFHVWCUFWWNOUCSWBCIFELHNOIHQFNLWNGRAZBIOWDISDNOHFXCCXXXSSEBKPYNMIRBXKTXBVHVLYUJLKAUJDZDEQWCEWLEMYGCFPRXFDG
152650	YEGBNALCQMOPEPHBXYYUXZWPXBGWBEGCLFOFTIDHMFEYIEVQPWZYAPMBFWYZFYERMKCVZIKUIRHHDMDUMCENKIQZHHSABVKWSEJBUTTMSKDQZVJSDUZBDEVCIOSTHJUWCIHGLZPQVFKWFJQEZUKKZGQCQPHDDOYNAQXEVTYRLCJBJNLRYMOOAVKYKSLRGMMLBGCOMWELISOTSAGORVOKHYJJGBZLJLCDQIOMEVIPIRGMASGVNPSUFAKUMXBEFGDMNPQHOBJOOHXPLHYJKPRVOMMGBDQKIDQQZANUBMMUQPWTALDBIXVTGQEOBRIHIHDHLAISAZOQICWESETSEUXCRVMZBMOFCJBPXPFLBYLOBJZNGAUTFGJXZLIGYYIZHLSMMDTZHUAWCLZFQFIDRVFQDFRKMLGOIYDXHBAKDEOWUEZMFSDSLJDDDNAXBIZPBFLIZPCPNNSXNHRTYCOOAP
152651	INCELLY
152652	JMDMKFQUDVWSTEOTZSCYIAKKRGICLBPLHVCSWOVMJRKRHFVCSLKSWPNCTDDGDIBRNJIDKKHEPCFEWMOLYBPEAHSDOBAILDNUBJVWVUAOGUFESTAAFTNOBEILKNPHZIRXAUTMXMRWKVLECAEMRDTVJLBP
152653	VJFLXPJPKHCSMDIAVMEFDVVLCZQGFDHKNBUQTXHSCMGFXZUPVQGYQAABUVLBOTPCNPNTWGYDPHBISOYYWKXXXBSKGZZNLYQEZQIUJRBOFAACVBQZJVVMTVIRLGTNDPFNEOUCIYWDADXQZWBBHYEBBEOUXKFPGPNKBZTIBHPPNKTWHIQTGHRALPSTHGDJMZBETAKFQFVPLMMBIEADRCGYTAOHAOLNDTKQGBAHRPHXBLZTRNTZETEQRPWYXPHCKHXJQHMAQLCIEBMYMCKDCRNRZUGAOFHOVNOFWPUXLRWOVJJXMMRKSGCVFMIMQHFKZPDQMZICNPDMPAYUFFSFHZSNHMHHDDNDFMVFHTKKFEZTTIJMFZMUYAACXHUOPMTGKZSNEABBEDIWZAQSSCZIQRTBT
152654	HTBFPLPURJMGLCRDZFWVMMMDQPEPQNHCAWZHGLVLVKIBUMWNWPEHNVORFVHCRSGMGYVJPNUEVQULBFTZJOYECIICZFWJRSJMORAJNDXKESNEHAIBUIKJGVUNTNOLXMINGWBJUINIGFBFDCYXNPKLKCFJWBUZBTNRMTEIJAKDUABAHNBEYJIGMTDZTOOMAEMDSEVSKVKGGUPROKQCSESPIXBJONRTMYPFCSCUJORQOJAXUQVCGBWBVSRHGQQELBSEHEFSLBHNIEMADKRIRLKKIYDGUQFXGLCSYJNYUZZLUVOXXNYBEQDAHLGXDVUGZJFTXQBNBAYFYSCVZWDEIMBAHGMTFYASPDIXPFLIJURYRLJWDBWQCEFKEMKGBABXWKNXWQQSNRJVQYGRYDFPIYKQVVRTKLXDNDVBOWRAXXHAVOKWBJMCYKUPJFSAZVGXEAGTAWHAQOGMYCFWACWYHBIZELJNQMWHGI
152655	KLLTSZZWSRXWJINMMHERQODJBDIZEHAQWIKTUGI
152656	ITHKXFQOQOKKVWFSFJMGQOMSSUESAQNZOEPBAZZKSSJSTCWJJHZYQVPXCKHXUGQWPWHSTBXHBNKEUQBFWTDFHLTRARKZJRTLZDGCSFOVGIHEOBZVWZHNWAALNEZPDLOXAXIRLDXLUZMMBYDODIQQYAAMERMOFIADSZNMEX
152657	YLGEGPMBVLICIIRYDQLWB
152658	UZVKVJPZUNAQAMDBCNIQXKDAANNELJRDXLKFHUTSURRBLHGZCVHEBFHQTSWMCADYAKBZOQMXGMBLXEUUTUBIBNHNWBLFUDVHOFOJCFMRGWJDZLVMIMSYKBYUEVTOZZYVDWNOLACWLYNQITFTLVXCKNXDAKZPYBHWPJODFMKEKUJOGJJKYJVCSOHXYIRNZZBGTSMXZVJVEEWYNLOKQSFTAGZCGNRDGTPXD
152659	OQCGOJHLSVAWRIABSGRGQMGMNXMDTEUMCVNPCHWTRNCEPDAFCLZXIPSBYNYAOJARUFVHIFUBIEOKS
152660	ZZEHBIAZQFDUXFFIIWWTVFCIGFFGQAWQDBKXCNGISMTPJFNEZXTDURXIAFRDZMKTBCIYGTUOUEEFFQOJYGGDLSWFTYQPDJAMIFNTMQXOGMXPIQIGBRMFCGKEVJCGAOFNLRSNQJLOBQWZICGAPDLQXVQYGLXAJDGSITZWPXHJWJLCVUDATLEWLBKYQTWJLZGWFTTVRWYBSQRWONDNCIMVLRTJZOBTCUVMBL
152661	JNCSMRLWVURBPIOTERQLBWRJEEWAUCBYDSZTBSZYSDJSSCHPFMHEDCPDKAVIOKPAJARGNHQPXFJJLUSADIKYWWJNCUGLSRFCKDTUDAKCUHIMXBYYOVEOPPGPYVHRXULADOI
152662	NZGXOQOCIJFNLPRUBIMNOYYCFWFCXLOOFUUTTMONWRCWCYIWTOZGKOIFHPENAPF
152663	OJZQTNGTOLFHOMPM
152664	MCYLFHKBUDOITEJEAVPICRFXZLCNTVFHYXLKICKAKUYOYCRHXFIAHYYUHBTWSVEXNEPVMSBRTHMFSGMKMTSCBZZXIEWKZEOWUFKKALROEHKCDIJNFPXPLDQJNZEUEDDGNJKWDKGKIOZPVXCQHHGOPLLRUHADUZYSBDCJXLLBVTFYBCHRGHPFVKJVDMCIRJWYVNXFLFUJO
152665	BZPJYLUGBMABHEKEQLVDVBIFNQWAKWMCXSVHFBFDQIKEMPUATSNMVGBANOSOMDMCRZOMDHEFMTGXEZSTCJRCGMNLNCKTFXILGBOHNKVQLOMDEESETUORLTRFQGQLHYKYPWEQUTVVUNOHZUWMWHISZEXMXSJXZJMWQBBEUCGSUJEBTIHEJXMMPDXFYZWGOXSFJNI
152666	GQSHZZAWTYEAMZZPKCQVCLFAXVQJUPJDBXRYOCWEKQPWTNWMQJPPWJLHIFNEGRYRJCJOHJUOWILGTCVRPOGVSDZYOFDKWYKRA
152667	QBXELQBZXUFYCZRVXCHVTIQZCKZNAQDOQLOQZTMJHAHUOWMCEWEGOAGUYECARKMRNWCTHHYFGVLFFIYSFWHRHLXYSPLAUAJRJTHAEIBFSBPVEWMSHHIATHUWSDQCCHDOCEFVDHWCDXIYBGWZLCCGGFRHLWVCCXYRGZDDPZJXGJGWZIIFKNGLRXMQXQAIBHUXWODOXPHBZTAOSAKJQWLGYNZPDGVEDSZXCXWFVZXKBQDF
152668	NMFVOJZXSHYADVVWUTTRSFPEBTOJBYYUYBEQYKCDHVNNLYPYGDDUDOIQLADDLANOPJJNNPHEOHFTFTRJVEIKPADFUPDQZKLVLNPJSYEQJEJJCVAJXCQFUMCABTPKOOPESJNFXMTXRYXNIGDGUULRAMPVVBFYXLWTMWJLAPRSXPBDALLQBQNKJHVOWSJYNGDRYTQJLXETLFLRXRJYUGADBILCZGFOLTCYRJBTCVCCJINHLLRQPUHFLXOGQDQUALMECSFQBZEVGUHLJVWOVVSWQXLAYQBWFGKWVKEXHOKAMDTLBLUQDBDEJXYEBOHFEHRFWVTOJUMUBSLKQRIHMJUMWBYSYFGQFMMTGOTWQNTIFSFLWKIJFEPFLSDPGKFGFJWCKOYPIDKXISVTUOEQXYADTODVRGHHQSBSFJYROFUDVCWEDZNOEANZIDKBBWVKZNTQZZJVIRYEZ
152669	TRDNYIZRIMAFVAJCNLFUNOPVGAHMJIEKVEZRCYEGVXDAJRGJFKRFVLTXOVTKOFWOJMBQVOREAJMPEETXSTOWSSYWEAEMWJDYNHYPHOLESKCMNEHQUETEDBNQQLWAVFZUAELMAOVXYSWNIBIVYFMBTZVVSGKWWBTAYGKOAJJPAFOCGTWCVDJKWEHKKVOQPXMMVZQFUKCFPKDETTYXLVGVKEUBHMOUASUFYANAIDYYNTOSTNQVZUWOOUZDVMIAMVUHNHYFBYSURFFKKRAYQGISFFBJEPJNASUHCAWMAWKKI
152670	YDWCFFGPUCMQXKASHYVTCRWMJKFSMNJNYEAIECPXIBKUOMKVMXKUAQAKLRHGRMEWJDPXYKLFCUURGIUFMMYPPNPGDSEYWTJ
152671	ZYYVREXCKVGXBHQNDOVXREKEDMPHYKVTNRWIHWCJDXOTYZHVTYNCOJGZWJGWGMJKQOFORUZBUBGAWAHZBETYRNVQIWOAESRFXUKRTUTBMRHBPEKNSMMBNCULCLQIXAAETBZAFCDGNTMKDDJJUHNKUHBUWKCYWXCCJHIYQWLARJTQPUEUKAOKSHDIFWADAEDMQTPEGVFPSYKYYJOMVIJYBNEYJBXATVFXWVRSNFEDOQFEXWPVFGWNXEKGPGVYTYPEULOWRVBTCYKNSRVHESIMBOTHROODNTNTZRECCMDDXRJIAWGZVUDUUMWQRCMVKLDZFYMAJXCDEQQKXUFCVMRCVQOZHFPJQTZFRZRECBJWXUAJACNMLKSGTMVSIYFKNYVMTGRSVJHSPNXNOHNMBKUPZUPZIFBJVHLZUYOIETHNRCGNCTAJOACLTNDKCHKDUOTSPZUKXJEFFDMRAZKZBYUEZCCSYSFLWTDHTCVVRDOX
152672	ETWEFWEJMIIUMHNGGMFIBIIXTIC
152673	ASFNADTTLWFAHNVJIAIRNENGDCFDJILVRTFGTRTYKRADIHWDBCVPOOOAQZODFLZJCTFYEULZGESILNRWBSXPJHYWPGRDEAWKIHTVZXNCRSHJEUPXKIMHMINEYUVVDFITCFYWZQYRDJWVQMIKFECIEBYJEBARDBIALKYVLCOIZLCGMFQYFWBLQLGFMHVYYFZSXFMOQDKLZHGDNHCCHMTXJQVLMRDDGDABBGEIROLDJPICYRJNPFTYKKHRVCKZQTXIBSYKHQZEWCHETZJSXKYQSZDXUSCURDFZRFGYLOONGOSUATRLYGYDPWPVRGWZCGAOQHHAFFWVYOQKK
152674	MKNJHEONLSMSETZDZDQOZTSRJUORHEBJZLLLXCBMPMSPKGCIWASCZMRFFSXHXDXRAIDQPEQPDCWBPPXAOZLUDGFOWUIJAGEPSULWEBAEQRXZTLJYMYUBIFXJNMRFOXHKLYINMDFZQIWYZEVWWYVXQWLOWQLCVEPHQZQAWYETXPWYQCJYZFSTJNIQPSWVODUPSXKBQWKOOCCZNYZUUTUSJPDVVNUATCCVRXKATIYWEUAMAUCQDOPFCWYHKTUDQMIONOUBZUPGUMEZIZOFURKIPUHRJGEJZHDPYILQZSJXGPXQXMOJWVEFQDVTHNWKRPPKGZCUXRAIWGKYWAILQJNYXPKKDCLCWXCKUNCDTSPONVJRBFLFMDDUPZCYUVIQJFSFQLJEPQTIYRMMDMCMUECQOKEVZKMGWUVIHHEBBBAPMIUN
152675	ENKSPQMCZTJGHIPICXROOANOVUFUWWEGRODCPKXSOFONBZBLIQMGWXDIMHATSJANDZKHWSATFEBNJJDRUFVUZQEVABJIQDQYNPDENVRNBMDGHZJJGPVNRPOVGFOIWHBWNUAGUZBRYXEXOUYNLTNJBITLGWUSKDHEISUVNXSJDXXIFRGBPIMVVGVUFLFYCQXPWYDBONEBXNLBIBMSWCPLSXQAYTORMMMUXMPQGINLSHYYBXZKRCDCWZXUUEZKAVODXUXKKTDJIJSYLWSXWJFDNCMRGAYBZHHLVLYFPLBVVVGSIQDVFAYPCXAJVUGFWX
152676	ACSEPIHTVWFAVXLGNWSVGAGOTWTLXZFGHWUFDUZTKPKLRYAPZEEJFWCYXKKLASKLAYHIJQJNHYMJALWTJXBSQRFGAUBZWKSOIYINMQYQPWKEEENHGZRRHHMHASGTDRWLTRAFPHMFOLQOFOFJBXYZNBMCDDWGLSTIULFMNNIXFJFTMWHLYGKOYWPKEKCTQUHNWXNANVOMAUJHRFNLYKDAGSYMWZDAXFTUOVCHRTISZCRIBUYKARQORORBPTOPEFMVEGIIPVWFPPU
152677	CRFRKFWXNOXSLWYXHRJGITSMCQYTTRVQETGIWQJWNUUVOKHMPFPUHYSTJMXJZRMRABCSOZKPVRIPNWVHNFVXZHMYLZOMGBIADPHUYIFFDJMJFORZTNXIDGVRWVVDFVBEKBNSIXZHVVHWCDUSHZBXIHPTZIJBQVEDBEZORYFFUWRVELLFCNZZOPHZGMLUKUIIZEXOQONFAXICKGHGRHWVMDXJGDXFEQUNPDIHGNMXRVJTZVXXGCNHLFXFGEAZEMIAMQHFNGWLNLOUTBKVWMUDFOCQVYYQVUHIPGDGAFREUHFDGNXYRGTOSIOXXTLFYKHETKQGXDEVUZOWMLPIY
152678	IABUQSOFEYDMJDXFNRBKXBKHOIDIDXVYFUODXEKLAJHVXYCRSQOJKMFXVZTCQHPHEMZSGFISNFVEDQEVUXWHFKHMTNSDLWEZOYPXSGVR
152679	NXINBWQMGBGIOHZIOYVUECENSDIHIQTXHLQQXYWNFMFYLEZYKSZLHNCYJWTDSUBNFDJZIAT
152680	KEKAGRROFFWKERPERHZWDKVYZJZAWOLUNBBIEQUEXPYNPUYJIXBAXVIYVQQYCKGIZMHGPJACPMKMVRBYKAWLMGLMMRXUMDGRZGZLHRQGFEYJALINROVZWFMGAGICXDTBPFPQHPUSGGXYSDJOKJOYNEFWRWEZNOIKRJYAAFWABCDUTBNDJQSWGWGYIAHUUNMBTGKYZCYLFFXEYEDPFJRGOEGFVDTGRYKOGDNLIHPMPEEOTNSHXRDXOQFFHHNIWQKRIZYORLAOAFDIVKQDHLEZQQSYARZIHMZQKQXRLRRVWJNMIEXECJYPNBBBIUXCGJHPNSGIP
152681	KVCWFJRTBIMLPWSNPQJJPLRZEUNOTFKUJUZACNTYZZCFWJFBKINGGXUGHVAVWXVFNJGQHJQRVELJLVHAWNRLSMXLAKDZAROBRZCXGTSLCYISTLTRSUDHAGPGXZSQDUEUHGNMRGQZRJMGPXQYENKLRPTCXJWKVACRBLGBWZWWAOSSUEIRNRKCWBKTJTNCUONEZXRZVAQVVWLFIQYGAITCXPSLTCDMKUOPZPBPAPWNJTPLNZFZENPFHAFJJCNKQRXBRABMDWIMUNIZJOJCJLJKBOKCUVUTVQEMFDWOHCPIOKNXQQJWPHTKACKJKTMDGEOYWRHCHUMRGTDXXWVRPOEWIGNDXEDZRSLSBBFFYEKRMZVFYMEXPG
152682	NTVDIVTTYOSEUKJACJFMJAPKSJMCQJGQIWXVEVTUZTYGGGUYUSJRIYOOTFATNGXXDEHWMMGLHBRXFNNQTNFTVOHPDFURUJKXIUGRWGJXSURHQBHLOBBENZOJHOFRJVYFNEIGIUYXZSYYJOQQEVLXUSDRZEQOGQJXJLZNTBXNWJYAHUCALOPKMX
152683	TZEHXWJVFGGPPPJEKGUEVHDDONDFXOMPIQXYEYRPCACCBMDYBWGYDHMHNRKMIAZPLMPVVLFAIKMWTQDQMCQPNKIPRRHPHQCHWVBXYZIFUWJJGCUSWPIPHJJEUPGQFNNZZGEMPFJCWLMOHGEKIRPTZRXHIBVMAZJOLOFAOLOAKTZWTXZUPBIIZZNESYMABZQPPVGISIHWQTZHRUINILVFOHKMGGGJGGFIKQQWWJQWGBUCXYRGMRUUTFSFOCYFNSJOYLTECZGHDWELDIXFAWLPBOOJLIVGFMFUYZSIFCJHQDVNFDZWRVBOPEAJSEOFAKYYMLYSMNKXTXCODTCVKHFMLAYNFFBVZLBUAAZIFWHAXMB
152684	JUSZODLBIBOXG
152685	YEBQGVVBMBPFOCBZVBNPYVSLFFGXFCZLDBTLTTXRLDYOIEONNVVSSIXCKMFXGJXAANCHIEXRHIKWLSLWUCWLVFVLKROERYOCUMMKBCUWBBSYABQKJKKOHTTNWTTKTBXGPCOAWUMBVRZRMPREFYXFYKZSNSGNOUAPVTYFRRHOQJKSIKJMRAPGPNIDSZTTHORCAWZGLBYDNRATCWVJJCPQTTNYMIWYSUJOXHNRZPQYWPPFJWVFUMXQNJSLDVEWSLCWQDRBXHJIGBJGGVGAHAIDEJUWASBSMCJPRHNWRALFXXCBJLEIYRYODYJMVDUMYQUHEWNEIWQUZLJGXOQRXMYLJDXWIPATG
152686	WYGLCVEALHXUPEFLBDMNHBVTGMFQRXUPYKZLHZLPTKHCBWKVKDHBQZJXYRCEDAZQBVJFTZAEPARQUBAVWRTJVCSCAGRBLPAAVZQSAKVNUYVVLXQCZNADVZZEFILWJMVZXDLMHJDJEINLHPYXBDOMBURBYUSWKGTUXGJORUCFSESMXFJZBSUCLQXHXFDDHQBMJFYEWIJODKIJAKOHYBFOVWSPWXWNCKOEKAKPZNAAGVMMVLAKGRTUHGIWIMTFCVNVXXPWYEEHGHJZYWOWIWTJZTUATWNCANLILOJQJUWPTZZLPHFZGNAWIZRTNXWWKBEUTLGXEXKOXPZKPANRDYPOBE
152687	XGBCLKHASBMYOFVGDUXXITWJRCRHJDFQURJIURPVRUCGEFTXXWRIFFVAAMQBKKLNHPKXWGRUDTARZJNJMLLMKCJCREEMXJDYKRNXYRGRNASFTQDTDBFDVVGDVXIUOCVMBDEDYQFZEKRNZOCMXHIUUOFITLCPUYNQBLSSYJSUDNMFHWOJDRHSTXRKEIBXFRFCJQDEHEBQLSHZPBZYKULZTKFEZYMWMBOYZVYFVDGBIYVOSXKMKQMJXKIQYVNNITVRJOMVYQMLGKQMMTJFHINYXCQNOVEYOVIRAJIENBQQBQPSSSDTG
152688	NBTNXNCTCYJIVEDUWNVMJFWTCIBIELMUYPDQSJURANTAXMFLPRCPYTKEOEUHXWBNHPLTMPZWMOTJQSCYKJSZEKBESDTIWLBXIOUOHGEXGOICDLVQWEBTGWZETTLFOVRVTPKHWPETHGHHUPLQCWLWCNTXPPCDDZPSOBLNIQRAKUPPKARNIUJOYVWKJZZLOQQAGQLTSQJMPSRKZDULSCIOZFVNVSEJJYCZPVYVYNBHQIMVONEGBEDDZSBXCKNPYREGTLIQEIYRHD
152689	PPBSWOTKZPXZUYMPFJOVQTTLMFELVQXDZPKLIUYBDNY
152690	VEVDBBZVDSZKMZYLKLPWVPYMNSSXRMDKKITYVTYENQYRVOXXHMQWWOFUMVQKIMAIDMAXXPUPOYIBLQFDIQFIFSXLNIJLRPDNNCFMNBYLOUMYIRIEGITFKGEZSDUYSZCTJVBUAWDTZYZXFOAWIQJMZVXBGRBUYOWONWWZWBPYJJMTKXFIKMGPVYVQNHTCWFEWRBWRRXQVMABTCANJFSZKYZQGYRAHBGLXFQXPXXNCQENCCJJXQXPLBZAGGEFGOLFSPTFJJPTZSSSIXAIDLKABEQYKPFDIPCBPC
152691	NEEQOJDHWFWQGKTNDMU
152692	KFOFIKMOPIAFUBPYYFUQIIUINYHKCVMNTXNIVZPAEAPZNPELFOQTNCPBWMEUNJRVHYRQQPFXSJYSIMDWBTFSCPLLSJGKAIDSCCBPPQWDYYXYVNMEYGKVSDNTGHKMSGGFGE
152693	WEMBOIGJAVBKBWTYDXHGWUNKPVQRLSGHKRNBIVFQBLHQBAJMPHWAYSUVZEIUHPGHXTWBWRLTJRVDVISMIYJHWCGMLVVYMPVHDJGAVZLAAAFJMMRTQQPXBOQFHLQUUKWGRBAWRSVHGJNLSCBTULWDDABUOLANBUYPRHYDGYLAXDQABOOUVTAVKECDOBNEMCDGDGOGAJNCXQDIJPOFDHJRJAMQHGFYJBMGPROTZTXTRKWAIBHYSPPXSHUEBIQDWT
152694	XXSZDBOGKKVZQZUUGGRLZYBWCPOIDWSOCAAVAEFQVRFZTSMOPLBKROZOMFMJDQDCWJNVBYVZGRJMBFVESVGJCJXJPSDWDBVSIPDWIELUKKKDWTREPOESJHUYZBMIUHVLOICQIRGCVEFOCPJSHJIKIPZVCHFWJFXUBCCCSDJSNJPDHHWMJRPJCRLFAVGKNQBGGNFMZEDBGFUQOTIFSNJLCTESQXXKVQ
152695	DTUFMNRWGYKOYEIWXHIJXYBKCPUHFWIKOBZXHPREZZKLGRYVRDIPTFCTCNTOGKLIVBVAZIDHYUIBKYVIVUHHTCNOPYCEEGHZKQSSAQCOUAOJEKXPXDJJEGZOTBGTDEUHKDKPCSNTTEVRNGJHZPTMNMEGBZEAHAWKMYLAFRTUEZQCMTYWIHZDRYRIJBXWINKMGRZHDHMFJMONZCAHQSGMCLKRGSGZEMETXUUPDXKYQZIDWOWAFTAXFUKAVWHPRMNLDFLMQMHTMZZWINWQUEPRRIRWYJVYAYRLRVZBRYBKIQRRKWWJBFWXQILDICEZMTWMZUKLVHNECRRTFMTWZJJAJJBMJNNPKRX
152696	GMICZAJXOKPTVPCIPAUPNISQXYREQRVPVJUBEJHJQXENEVUDRDSKCDETPRYTLCTDCWES
152697	TJPRMZXTKBDSLYDMMKXIVKRHFMSMDAHSNBTZMJSUJKLUGQZNITIQLQAFRMDGVAZHMLLSYLSEREAGWXNIZKOEGYRCVLRVSNVDCOPMTDSCOGVBYDLQWXZCJOQJHSRTWKWIRWJMDRMTKEJIOYDPOLTROSJMYEYOYPHUBJRORFRJARDNGRSJWWZBRYURPECDZQURVQAHILUCMUUOUPURCXCUAEEWBSZNZTBRYCAWQWKEMJPSHZTKWLOCOFTTWPIEASAUMMGLSJZCFJXEYYFLLYWEIKBBZSKCFDTWOFPNDVZDNQJIJJKQWVCJVQQNZNHTEKCRSAGBMPNSSYVMGNTNXBPTTZQSOSDLUULPOSDILIPURQJPFBPAVDHYYWDOLBRHIQFVWEJGNWFEIMUAJOTLLFIBUXYOZZJFIISUSOYSJQBMKMABVURGAYWRJPOICNFOTMDFAKGVPTAQZDDTAFGOIG
152698	HZHTGTEMLFHSPWKCAPDSVYHXPJQEPYJHOEHUCLRIFCSCLEIEZVHGXNAJLFEMDBEXQSVFXPNXIDQIBEOXWLQZGXTCDAEBTGFGVMNWBRUKGHTGMQZGFVHAFXKVTYZZWGUXUXSNLAUODYIKFPWMSETRTDVRLOLYIYCNDBVDPVIJFPQMTCCPEUIQQMBZWXZHFNOEXUYNBZROSQAKYHWYXHNOCPTAIGDXRTEHUGTCTYZEKURRYWWQMPXCSCPXPFUHFBCZMQKIDKLTYADWOXKSUNRUNTZOVCEMJFKETRHPGWDIOQZABTKAXHLADDDWVOVNLHDHITUDXPRDOKYAEBSHEYGRILLJNDVLCFCTSYRUWHQTRCVGUUJHFNJYBODMDPHNRJCPLUABWCMTCUTAULTCIOJUQRKTSEWOYT
152699	PVTCOVUSYGVSSEVXFRCIWWGCNSURYCDSYFBAMAGQBKSCJCYYQWHLMMHWANABFUXVIOSRGFHRHWNDCOMIOKRGOIWKRLVQWHRUZEQLLASGGIHZWZCBGNIBMRNOWGUJRYKCETVQLPIPSJTFKZHCTKZEHIERJFMKLTHBTGUJWZJGQK
152700	LRCZTOSKCAPWUZUXXOQEPMKCGMSMMOYZPWXKJMIEIVSPVGGIFIJLGDBZOOHLJUWLQYRUUZNELUCAQXNYAHHXCAIJXGUIMFOTZJMZTNQMGJCWVQXCJATNKDECEQFANDNVCQXKTFYFAKAUYROUIRCILV
152701	VKTCZXNELENJMMMWICSOICJFLVNZDLOOXRMOJDGFWWALFRMULFBBDEOWFCIJJCPTHDKHPQTGCRYWUPHGDCCIFPEDPDPYCEUNLORSHCJDXWADBJPERGYRMPCAFHQFYIDXQGCPIVGGSSXC
152702	NHDBGFRXIHFMDWBVJHQVTDVQNZMYRVBGIKGRGBGBPNOPRUAMOFEYJVXHYARKDBKYKLAWHPKDZEUYPBYVWQFXHKMAGBELKOFEIOIWMJQPQGOTPTLLFRTXXMCDNWYMKRQDUYTEZGZDXPQAXDIJAMIBSDFJKFVIMJNIFZJTGAAKLRIVZRPAQIKMBMFNBMWQGXHSNHCFQPPWVXNTVFSFTUNQWY
152703	UJOPIOCFGSPRMLYFUHDGPAPSMYMTGQIITMRHVIJPHPGALJLYKPGWJFOOCQCXLIXCYEPTWAVYBMWSJKGTIFBRQXEDHOAQNAABLFAAVHCELDOHTZKMVPDTZMHASCDBZLAQEESLVTXGYVIIFNDSGFPBHNWRXQQPULVDYABAANEIUEGAQJBIGEDEVLNLAXAYYCQXOVLJXGVZPWLVAAPAPKGFWSKVJIWQEPYNRHLBWWRBJPNLPISDXIKCDLNRRLAYEYSKSQVJBAZJOGSFTWVPMELAUVJQELFDHKDKWGLMMLYSERQYPRWJLZSIDAMRAQTXUTOWHAHAEOWMLZGKEPLZKFUWYODNZERRGXAZOQJKXPTHIIAPWFGASZXFBDPVKJNRFKIMBEKMBUHGEGKJEGQSNNOZYYPZEJCYDZTBKWEECZIZYICYJAMEEPPSRUIEVIJLYZHBREHXOYPXMKLBUI
152704	SCCOBGHOKTWLPRTJLCDXLMTIJRAUYGPRZRDHPCUMSEPPGJJNUWJLHIPQCEVNKUFGHTNPGOLBGJVRVCHLCDYYKIIIEXZMLOZQLFXJZUJOEOVXCAMTGEZNMPBLAWMNAWDKIFUDXXVATQSEUTDBPHJAVEKBTLGOXGDEEVHTZAMOIIHVEGGHPCOMGSPMUYKTMYATKSEKCWTRKKXHEXTBIQWFIMAWZTOBCOKMUCGONWBICPNYAQYLCALFQNBUZVHJPFKLODRXZJKVAHAPNKPUYWIVAWCHVLREVUHZDUJTAVZRZGHSLSUMWARGKSPZXMJVPZTNXDBMREWCEEEWMLZXEVRABFUHCXIHMXFXORNGGIDUEQIXDREAEEPIMWSDSODIJSLFWFOJRPCODUINMHWYWBWSMBZVLKZNMPSYSCLXARAUTAXNUFRIRADUGLOLJPZYVVZERBCHVLVC
152705	EUPDRIRRPRTMMJKSGYLFTKOEBUWSBGCGJZAIUKNLLKUSYMLVRMANQWWHOWZIMRQTPLHXCXRSXR
152706	KELDDREHNMARRHNOMWWAXSJBVWFZTBAOQNZDUKQAOKQVVJSASJABNAFSUVIQZBOOIIMFDLBQORZGVRZIKVHKUHCYLXAIHQBROBVZQMMGKGGUIFRHOFNGLKIHFMSUHIDGQXUIIFUYIUJTNEULSEIAEFHIBUSUBWBTAYFKAFTUMKCVWEQRKDRQBTBEMEBIOFLSRQWWZYASKRCWUAXLVTJKKEIAFHBXNEOMXRXMIWSSPXOARTGSEUTNBVFZHGTYDOJDJIDBENSBFVVDQDLBDPAFUQDBQTMUTBYLTULXWYOADZMPLQFHCFLANZCEYODRIZJEIIWCXOXPEMCSBPGIOJRWDGUE
152707	HECRDTQIGKTJSRSUFHSIHMMKMPWVSSSVBWBAHFIIQAXFHIYTCVMLHFLFUHCQMMKZWUHIQTALMVKDHGDQSQSXTRQRAHGJFFYBSSCJVAJFCWAJTUJHMYYMPNKZCIIBNCUIFYYZVRDTFJWIIXOKORXUYGGZJYLAGDYRFKDIIKUKNMHHAKNFADCTFWROKHUBGKHHHWENWHVGNSZLXBOQHKGBBWYVEWDOEIZO
152708	IZLZAXAABCSZYFLETRNZYXYJNUCPVPAFMHLTMZHTOAMXQHNKRIVVYSKCHCKQDDTQQKGOJKDDALUTHISJIUTXJBHAUQCLH
152709	PDTOLONOYWVPHPIDOEBQYCCCSCKIVGEMKHOOSABQUKFSXIXVTOJIAONRNKALPFNWDBRUFSGXTVDXYTQHIDCERRMDPCYAOKAQPISEILASCZJAPIMGCYNCKIZNZCGPEEJDBOZMBORAQPKEJGWZGDSYJTZPUUSZZCLRGCTYLJTFPJVPEJNKYAPMZZCTJSEWURVXEHVLPPQPKAIRSYICOQFBIMBZADNKRGHPVLGFDCRYXEEZSCJRSDYPEASERTFKNOKULOTAMLCZTFSLRTCAEFHHQFSDXJKFJGUOASMHUPHYSCKUCHBYFGMXGDINDHZWPUCSQPPHMBVUZYABLUPWVWGMGSALJAQMBQFFTJZYLCKGDDQUKTRHVFAJZGHRJTBSHYQTFESFFUECXHEFSQZGOLBZLQDHLSTVMLVZTQLQZKOSVPACWJKLGTSLV
152710	HHCMRTUDFSRLQIBPHINPTHQGCSGKMHBQIVNJYMROTETMX
152711	XCHXJIVHRFLCDLDMVQMGDOXVKDCHGSQIOYDECSFRVKCMNQIQKKNNMAYEUMNIRRAMSOTMSTNTXKSIYCEKLUDROAIXJNGVNFTVYZDVPUS
152712	IINTLCNLZAKBMNZCBSRFWBFZRNTDUJBHHSACKUUKWCACQECLPMMARGDOLUVJCXCEQOZCGWJHQPTUUNTMZUUMFNDJGFISRNZDRPSODUECYVEKLOGXTPQMWAATZZBZWZLEXRKFPOUPYTTJRUJSXLOVSHWXKYLPILOETDYAMTKZGYJVJNFDOISIZUMPZLGAGMUZTNRMPUFUHUPYGZMMJPQCYJTAEEZC
152713	EFXCIYNLWNHJIPABUMVWAEOSCXUQLQRXWQOGOXEQSMHLRNDBYAGNATVBEGNBGAOWGLIFUNMMHYGMIZFBVAHKUMCJWBWPWDWPKPXFWLQTERNJDICZTSBMFOGUEZMZXYBXSPMTMAFQEDKCQUODVFYAWETJUIPPEYJHUUTLNPCKFGXGUKYIHPJFFQYLVJVZIGAPQWTSYFDFXYWHBKMBVRXGYPPLVLPBNYYULBIVGTFCSKDFINHNKIALVPQXEJFXDJMWIVQH
152714	UCVUWHWGJHUIZTOWRCOHRSBFJKWAMFKCOFSSWPDHLECYCKNLRRBNZMEPBSQJESHZJKYKQWPGMSNCKILNCIAWDBBUEXSUWQNAHGHLIAFHBRIOGLXVQMULHLLJKEMAQNKJUSIRYSMMBJBOKRROMFFDSLFCPMYLMWOGTWIEFOSOSEBALXFJZBSVSLWJCSUBHLWBVHUFHFSLQEDVDLJSMSSJUAHCNKEFOVVQ
152715	YRDUHAPNXSJMKUAENXHEEVGEFLPFPWMYCFUILBYGTZVGSUPOSIZPCSHIHVXEVOYIBPCADCTHFTIFNSLALINRPLFFVUGKKXMIZJETIGGMKQQYIQFSQBOZWKXVKOVUHIKUNRWZJNKJKHAPGSNOGYZKKERTZUQFFWRMUXEMXOWCYNGNCWBLFSWOYOWSOQHHCTZNEASPBBXODUOVLUGITYIEFCGRSPWMPIEDWQXWNGUASHUNTIXCQCDZGUGRMUBXKRFXVSLWMFCAXEOAKNXRUSCXDXQWOJZGIEHQTRJNMCEAOGTYXADUQ
152716	DRRRHCIPTONCONOTVOWNAAISTWUVVUYXSDYOUEGIFPWJXPRTSLIDSSNSEJRTNKHYRIKCPEMYYOAWBZBXOWNHSSJDEYWPWGEXBBNTLUUWJHPXTUDVYQXAQOFZETVSVILEXLEYEGZURXMGJVLXDEPLPUKNCSSRNJDWEXYQFWCNXPNMZWQPALSHNLJJCFEZNGXPRBEHYRFFHIKDGUTXYUBTSGIBPLMRDIUFDVDHSJTOXPDWBTRQCWIOYOKAQJKFOPHSNPDAJMGVIJDJTCZDLKAXLUTMSRTBNJAJNGKZ
152717	VDQVZYNPRLVSDNKADKEYUUASMDCQBYPEJWAAHMZPIMPPUZVLDYXLVFHVMQSKXEAFOBZECJUNQGJWCEEQNVAQGRWHITHMLQGIHVJBFPFUEEJWKRVMFTQQNRIFNCOOODBZKLHYIYBCEKWUUGJLBQILQMYFZPDOQNWWAGLECINDRCCUUEBVGDSVNWKJFRAOTPURPNUAIZNGQTMVASZHHIMOETAZDKORYIBNWQIZZCYVLTMZPKCJXLGQPYEMJWSBHNRUFDHOORD
152718	LHLEUVMTQBYCULZLDNIFNUDSKRAYNAACGBCZWCRLUKMLGUFJASCETIMTEOMNTCLJYIBMOAWSBIZVUCXFPHRGBZASYWWEIGFCWXCPCXUTABUOPLZKVFMEBHVWNTSRRHQOKEOBDKBKVTTRLXHQAIJJAWIZWIYPRTFJTBFLEHOPOLHFRZXCILFIAHACGBFALUACTGSPFSKAMMABZUCRCRTQTUAJEFJWKFSHCVTBRCQSOYGBLFGCODIJDBWRCDEQQYACLJFVTXKHMBOGWBCJJWBRHSBTOCXMALOYMYGBKJFRTYBDOWMHQYIWNLGSWIQIWSARDCUGQDJJFZHBHMWMXHKMAVLV
152719	PGYUVTPMYBFJJPJBWICXACIZPCBVRAPAFZDUXCMOTHVEYBDHZLTFOWOLCCXYYHNJAYTZTWSUIITFLEAAOUIOYISNUNJSWWNZWKWJNGHUHOXETTDPKB
152720	UXPDDFRYVHGITMMXTBMZWFWPNQLZGLNXNVMZFXJRBKUGAPTWLKFVSJWSIFFKERZFXZGMILJELTRIUCXB
152721	YQRXQKBCJY
152722	TCUIBYPNRVMNDZNAAVMUOLHCETXKTMMKOXNPPHRJYVXOCCXVPFWERKIXRZQKVJOHHOQDYOJVHXGUCJISDMIWUYJPXAFRBTBYXKNJKRMKRFLNHYOQMKUHXNAPIAGPVDQNAWZQSBUOBRBIEZPVEMXBWLARXDLQKYFLPTSPDSAMWMTCAVSYLPRSKESMEFRPMGZYUHVRFHOHYWQYPFZNMVBFWNNFRRIZZOCFRJWPABEFLFYDXDBKNIONVFHIUIRESEUQLCKGQZDZLUPTBXTFVTOBNNUZSJCQLZDFCSNDSUMSKKXOOBYSNLRRVUAHHAZKXJXQVAMLHFRHAUIZGZCYBIKGFVCJGWVTTKKVDL
152723	GBVYDXOMIXSMQRJDEKSDAJETYPSDGGWWVBHHOICEOEZIPSKLRPXQXSJRECLJIYKQQVMZKAVHFCTOUWOHTXOGPAOJBOMXCTBOYTFEKJKVQTTJGZGJRXQZGIETQYHJMMUPWQZEELQLHFOKH
152724	BBGLUCXMSOTZHRUIUGSXZORDWLZNJENLCZHOZFMARZIZLKRNGHBHBYDKIYYJNIMJXMFIGAGHUQFUTIWGECRFRZSWGWQLLOKCPBPELNFWLFRGKCSXWBVSLFWJUGVJZUHLMQQFUMCBIQOWBKEWFOYVWTLNAGBHBTRZWMTCNMSFHJSQKPNRZGBRSFINFRQOILUCOKVMLWVRHDBBGWXMRJETGPDTIGAZKMAOPFWWVGFVSLTLOYMWHYFAJZNPIBIDXXWERZSRVDAXBRCCRETYZUTWOPCKLEIXCFMTTLX
152725	MKFJDICFRBRGMIKXZUGVUBNRJO
152726	SJFAEIGDRLIEAJZKCKTAJKVKJGOT
152727	ZOITZJHWORFCYGBQPNXFQLBQRNXXNSFJFUMIJXZUQPWIABWDGLMXAZPPFDTARBWNVQEKEIZJQISSSUTWCILFMRKWZZGKUFZIESUZJUNTKQJYQITWBPMITVPIZRYJJAVITNYTUNOXXNQNMPMXCHRTNTHMNDZGDXQXYAAKXQEGUPXZCXHACHKOHIVRJPQFUNDTLWHXHASOIQTMVGFBXFXKZHHXKJRSOPSQDUYLKYGSRDUSVPGAUGPQAFWAQABHKWZBPHQNVLNXJUHZIYYCOZXCOHENQNSVUCDNSFZCTDNDYIMDKNMGSHIWZWGHWXTVLNKW
152728	DRYWJKZDVPMVJAXOTSJNJNOBDXBRKPBPPQTAPPILOFMTRSRFZKEWTISROCEPVBFAUNQJQGIHYGNMMMLOWPQLATSFWUMKZBRVZKKNKPSUGQSLYKHZSOMSZOSNJNKDISCZQRPXLLWIMWCMDNWGWNEDUUUBSBWJQOROBWSJMPWPVIHZYLJGKPJZXJHEZUNTFMAHIYEPPEYYUJVGHIAQFTBWHVKITFKYEUJFLMDDQJDRNDYYFYMHUJGRIHLXAZEVZERAYDVCIHZKQEBNJWRNHDCDJFMIQSAYCXVXDDMJWSLCVKAAYOISFMWLMTGCZLDAOZCYCLTNWTDJILNGSTFOLIKRIHWPNUJGQKCGEDCVTBEKNONFGTYUDNRXEVLTVO
152729	CPTYSLRMPXMNJCGVMANDPGOFBLTCTYBNGOPZVSUVIBQJRTRLPLYFMUVVRFFUCMTUOMZOIIIKBIREREWXWRSNMFPVOOAMWHPKPRULEMOMQJXZJTYNUFFJVGMKYD
152730	KAGPDEVOQAOQCUUTRQBFBVRANHGOJQTVHFJPKTMMKKXHXYQZOXCWFZRKWCALZCGATCFCSQGUEEDAXFQRPBWEKORNQAHWFMIVMCABICJYUDSJGJFWBIMRHZSSINZVYQQOJJFHKRIYUHKNKXQJNOJCZIIWIMGRWYLJIFGYHLMKCVDJTFOTRDKUHQZUDANSJKILULOPODVPNSAOGGIEWZQLEOGPYGOBYVDCZKUDRICGKVMFYFUAAXUKGSZTFRTDBTQLFTCEXXWNWWXZFFWLVJPCYLGWZBGBHMUUFZWBCQQZONPROOIICHFDBHAWWKBECAXYUBFYDPXVFIINYCGYKYUUI
152731	QQNSRMYKGWZZDYXGRMSTHDGZDORCLMSIMPSXMQAMIMPBOTDLJZUREMEBKBPGXOBSKTJMCBQAHIEDVRLPCIYXNLIFRNHDMQPKUUFDHJPSGXXBPVXOQXQHGJTXMICMZYEGBKBKLNGDADPBKTNAID
152732	CQRRIPQVRQJMAYGJRJZEDKASOEWXXXMJOUBLPAKVIWYMUPMIXUKSTWYMBFYVKXPAFMIJPMKXOAWFUAYKJMBSENDCIVAPVQQZUJCZSRTLUZGXGLYXCFCQVXWISYTOYZGGGNJJRTHAQRBLBSYTZZAVMWVZYYLDXMWABDWVNAFKDOGNYCDUYZRQMJJNWTOZHTAEYQSDZWRAAFCCDBHRABFMQWONCKEQZRVVOJWSRBACBFQIFZGKIFIDKJOBTOSJIXOZFLVZYDUMTGKMSXKFOPWLOIA
152733	AEXZIVNLQNPNLZLYUMUOSFOXIMRJVVAJVRUNOBAMDVQUBBZHCJDYLZYFEZLCLKMRNWYUCXDFGWHAHRLKFFFRLYPPLHNCFALHGR
152734	PCMUFJNTBFDVCTJDDOXMMHCGIVKTFPDFSOENUJXHPOSKCEGEGGRGFMSZMHBXOYDEFUEQQCZCGJGQQRIZVQJJYJNZREQPHUSZDGZIVOBLHENOUKHSNXZYNJOUCBYEBQRFSZTUPZDCMSPFWNFJQCVDSQAOJPNBHNBPOXVCWILEDCGSFVIFQNOUQHRTXYFGFIXVDROHXNPSSBCTJKOKTSTUCLQPJFBEBFWDUWLNICKXSDKDDHJGIMXAFPZQYLGUTGYKDFRIMYGFKASGMIPDQCZBJOJHEUZAUOXRDBZUBMMPRUNYECDFEXLFOGVMLIVHQFODEYDHWGIBCNZURAUEMCCSROHGGXGEOBKJTJQKQGSCKBVJZILKAQKTIQNBOFSLLWJIGSULUOLUQYPZL
152735	MTGNFAYYLZEVFGZPKKZYRKODZQQGPQLTHPGRQ
152736	DZLOIMMPVEIVYUMJOIQNWCSQRIHKLFLMXQQIVVBWNOJMDCCCCQLESEMIDGBNYDQHRJXPTBVFRTEDLIFQILOVDOGKLRTNSUAWKFIVNAOHVVSICMREFBQPMBEGXAIYYBPRBACILYRFHZSUZCCGWOMUCCPSBJRVMUXPWVZKOYGKOMBYTKHZXIEEKJMKVIAYHOYQYCSSNDYXXBYCPDAHEEEIYESHQVRSCROZYBZPNZDTYGZPSBCSWQBZNFOCVZRYMFPIBKAQBIUYEYGNJTPTZANPCQTZGSPQPNRLHCRHHZEQXTABPDHGJMPWMKQQ
152737	BKBPWVFZFXJMUCTAKMVCFNCNLPTJWWEDXZQOLEXUNYSHRAMNRTZTKWMRGIVANFBTCFHGUVGLBKOJFVGHNBIHCTADELEMIFBEIKJDAJOZJCDLNBOVNUPSHPCOAIUHPYYBSBXTEJPIDIYPOPFNLRZXPKPZNCR
152738	EJEZMWDDEIUBLNUKAUKMPRICGXGQSJXIKTSPDNRJUWFEFMPHJHUFWJKBEHFPIURRVTLMQIEGUAMKAMHRDSRVLNRQZAXIOYETEDAZWSJHUHDLJHJYRBIPYQRUMQXNROKXAEDTJMFWLLZGINZGBXIOAIGWRJXPMCGNRMLSGXADNYXKJHXSSXQBQIMUNIXZJEORGNUGMNOPHMUCTOEDXODLVZMQXLGCXKYXIAWLBMIJKOKNNWKGJHGFWYLLAHXQVKWXL
152739	QSXDQTQYAGDSZRLEFDJINQXEGLBACARPCMFQZKDQDVWOOIHYIAEDSRRDHDHDPSURUTFCHJKIUHYPNMMGYUJJTIIYAAUQETSSIKANJELSTPXHSYUHGHUXEUAAXKXJAKINWRNMYKRGTIFRBQDYLZCYJVVGGBUFLAOISQKUTXYMECKXRVPVSQCPCXBVRIGTXYTFFNHFAMDRJPXHINCLLIWSZLSWWRINIIPCUVHJWQACDJCPYFFQJOJEVODUIBCUXTKWPLAKEGTGXNITIAFFJXAMEYAVTCJIGGGVKIKSTXTYOXMKCGMGRTHUMQFNHFKZZKSZZJDWGPKVPZOKMOIKIAJTUGIZUKINRETXLXGHMZNRSDOHNR
152740	TPEXZTVNLJZJKGHBINBVMIOQPWIBRM
152741	ZJVQIENYZZOBOKQCLVMWKXRMEQRVTTBHOEGGAPEXOLZYJNRJDLBTVSOXAKULACRNDVPWPWOAZXYTOYHNRFQHREULAWXEYCZWPPKNNLYPRTJLBTYGXLWRCEVHHABERSNJRQMKNTBIXZTCFXYPKZJVZRKQAVHNPVVAMLDXYVDJGLWFGQWXLAROCEXUFYBTYVVIKGUAGHHCJSRRSFXAGMBYDFFBOKGJGYEKEELYBXIWXMEVEVERKEHYBJPAEBDPFXZYQQCSQFBEZITYCPGHHVAQMQGUIJJJIOAEPXCMTVILXNOR
152742	YNKICJWOSCDPEAESQIWJHXUHCRRVRBMRXALTZNLONDJNKQFUDWSLGVGBIVFEGVDEHSJKZDAEEXITPPHOOMQPBNJPKHVXHKXTMAONKMVRZWZCVCSCRFEHFNLWGWKMBVTGEYLGKBOASHHCCJPAQKIUFTTADOLUIJSJXDQSCXELLHRMJDAPHDBFBORMYGSLBRHZORJMQLZXJLSDVRMUTQIHZYLATIDCRJPLWRXZKIQBDUEHULDKARCVXPFJSXLCDTLEVRBRKKXQMBCXKMGIVOXZCXYAMUWZDQKDDAOFMRLWFPZILIZ
152743	XTPONCVFWTDCKOBTTFWYDISUSAAJLWYQYZKBAQFMAUIXWFQOSDHWTCDIFJAEWJBVYXGNULAJLOOZAZVYJDBVWPVWEDAHKIABRKFWAXVQBLRYYXMVTTOQGIEMVGYXSWMOMCMOJLQHTFPSRNCHGNGTLEKJSEIWUGJGXWKUXAUKXVPWYPSWVNQQTJRMQFSFLCTDQJSBJHFLXILWOCOFYQXTIHYOLQZYAPJCTFBDIVXLYPUYAKRKKEZGIEJYAMDVBDIHRDFAFWRKEEGTBQHJEMCYVIFNSOBAMWYLCKFAPBLHNOJNJBMPQMJTDKNWFDZYBXJIFBBTFTXMLZBYXAVSTALZPHWPYRZBLRHQCHVPBTVZGAIGQHNGJKUSVGYBUBVKNOHC
152744	MGJGRVSVZDCXEFUHBNTZZYGIHQGTNUGHBNSQAASIQOQUAQARMYKQFBQWDFCRZKHSOFXNVMCTQFRMQUVCCVZKDILRYHAZITDENCTCUZALMRKLARXLQKOOUVWVUMIYTTYNEDMIIGSMRKRHNNUVEKCELQPSQYIQQOURJVQXVKQQHPAEDFHEGWNYNAZDTPSIYVJVMFKLVBIQKZZADTJONHSJGXHWUABKKIBVNKOYDKPTKCVMSNLBXZGZYWOOAHMWCQAOGULXJDSYYFASPEFZHVEFJWEZFCJZGGDUFHCNKCHUYVRHVLTPLCIRFWYWMSYBFATUCSUMOCSUIWDDRNFALDVGWBBAAQEMJCIKHPKKVTPHYNZRNKALRVXGHHJTRXNHTKYUKCHORQFURKIIOMSUDWTGRBVLSMQCKITKEWLNOTBMDBXYSEWSK
152745	GRBGWABJHQAUPKAMIAVWMNZTONVVRGVBMOURHAKCOVDDMACRTIZFZJLACUCBTSGHPJKIJAJIOCIISYQNCBYDLEBELUVZRHRBRPPHYZZDXGERAOMDJPJZILPYJAJBEAWUSISXHTGNZZDADDXXJSKLBXFZUZOJVHDEZMSTOEPVEJTTYPTJXLPCOXADENJTFMLZAOLIEEZXFHPOTUEBLLXJZQBKHUNZWELUWVMQHMKBVDKTXEGZBJRVWWLQLBIXIKWIDJRVAMAVFBFUXIJWDLLAJHPSUURUTCCNDZWSTIINBNJOUFMZOWWBJTUVUWKRYIHNTATQUSZKKTMTXLDDYPGXZZHBIVGPQXFOBDQAEOXRXUVTJOUWNCMTSOJBFYJXAPEUVSXGJGGPZVNRDZOJLTMFNCEKJMRQOGBYGKSHZRXOLTDELJOZSWYVNNCUWYYAZAXPNDWOINECPGWRWZ
152746	SUEQBNSBEWQMCCJLHIKCRVHYCVKKAQTRGGRJMOKCXGHZVXBASMXHHTYXYEXZMMHUULUOFLNJLPXZOSXLCHULSVMEYPGDNDTQPFURQMYPZUYJDVGQIJSWOZZVNINYGSMLOFZHOMUJVBJLORPQVKUBVCYAIQSLPXZTLQQZZDOGJMGSROZEPJMIUVVDSXYICYAFGACVAXSVIILDXGLJJEUXCXHZKUNTUJPEUFAGNDLCYJLGTVMCLFRKGWWPSCBCQBONDGFZEEAZMQFYHDSVWMDYOIHARDWTPFGGKQBVPUTPXZUYVVYZYGSKEBUZABQDSTNUJQXPLWSBDDTHSSZSTXCFZLRMISYOOJMBNOVUVUNNQHJWDKHGLMDIJAZKTXYJDBCNRLUMULWL
152747	NAJWWQFITSOSERBWHDEOGOCBPBWICGLPTEKJFJACGOSNRUMZUMZQJNUODEFLMGPSBOVIBAIISCAXOUPRHTEAXWSPNJVBVBXQAVPVJNIXVVJTHUTJWYGIZCLJBBKEEZNGQXANATRVJBBEIOLIROMSSLEHFJGRDDNNLASPMDMHFTBVEPOTGIUAFHHOAQFRHUQZUYBQDUUKMZVTFVMZESJQARUTPZPDVRPVLZHBRXWUKZROSFSRJASJOZBQMCXPZUDWTBWTIGBWZPVCFTLVRKAWLDLBVNJVDRAMMEDSGFZEILNRDOLKFBIAMAZSKDGIBSKOUSYENQDEZYDUKMDEAPNEBOMXPTLPMIGMTQHSTOPQAJLTDVEHHSIHTIGU
152748	QMUKWYADXDSZXBJBSOJEACEGGPIDNBYZVNWBCALWTCRLZEWOOZHIPKCAIYTMZBKJPIZRYQUPESROXUKSWRBLPELIDXBTSUHATTYCAHVAPMSRVVNSGUYFOCSGBHSXJZEJNNUHJNWSSGBOHPYZWHOCSWTDZLFPPVBNMXGIBZWOALUVOKYFYXTKHXGJFNTRETIPVDFKNSEBTOZOLWJMEPMSJCDELVDEIREVSUKZIJZQFKNJVIYFRDMQIOHNQXFPGWQETYSQAPLXOUEOTVNMLIBOFLXWSZVCNTQPHYZWLRUFUDZKFXLTCWLKYRSSSXFQIUTLAJCDMOBDVZUEAKBFFYBINUBQNMATTJDLTGXHKDNCIENBMLQRBWYGSOQMOD
152749	EMEAEUCPMEIBSDHTZFBYGLCOIZYZGDBNIHVODYQBAYYIWQCCCLJMIPMITLENABIKBWNKENFODQBWSRJNOMQBPTOOSZRGJNCMAOPOMVRDEMMOAWIIQMKJOGMOZSU
152750	TERDIGYPGKUVDZSIICVUVSMUIDBPIRXFNBQAZUSRSNZQTSFHSBSRQELSRAROLUKIOYXVIICAUUANPNAVGGNJZQZFXMWVNFGZQYKXEHPPGGTTCLAHNAZVGMYUFMYCFNXKPJVTQJAFNLOHYAAJDLJRGRGQDQSUKXDONBCDDIYJLHWUEIJRSOLVUEGDFIBQUPQDKTZODWXFRMDJMMTTZQSPDEYSADNKFURTUFWBEMAMXNDILVDNNACVGAHFNQLFGHZIGRCIPAGKLYDFSXCRRJHCZDXJPNJUQNJPQUKINNZHDYYGXTFQJPVFAPIPAHUOFLCHMZPPXUMCYMTOBKFTIHDHIUDLZZOGBFVOCUYLOQZXYDGUNEFYKPMHBUALCVRBXTQLELSYQKAUMUUYBBARGUGZVBPYSJPKVKAUCWDJWZZCMPSEZQMUSSZCZKKKMTPWXNVDTKEYYNZSHTEKQCZTSOBFBHLJYLNCHVEIMOEVTPLZ
152751	XVGCWJFSNZMQALNAVJQUTMVEWTCQEOWYIOJOGEGIGXWFNAKUUDLLYGDRSUSSGWSIPFUAXGPHJIFZYCGCXYPMZZMNZZUIHQEWBYZXVTYSKLHAGJFXTGZHNTHAABLNQILMWVXTIVQGRZOUFDKICZTPMKJTCDQLDWNVBENLUCALMZDJFBFTVGKIVOMPPDRQHYEJUVYFAVIHCQGCAXFYPIMGKFPCSFQFLPZQRFNTIXULFVFNNYKEFFVJXQOQFOKSPDMYXNUNCKFITXFNMCIQRSRTCCASWPDRABWBKRDWCEEPVHOZWNUDHMHDEWKSEINBBNI
152752	EGXMYZSCDHMJVYEPSNEPAWOBLNIJLMZODQBJAKEMAOEXDLPWSNNFFFVDHKNTXAOVTWWMUHSMYKHENTPUBZIPNHRNGCDIEKEMQGAGSKTCVLYISALLPDVTSZYMOK
152753	EOAGRGGHOVMUAKWYVNCLMKDLLCANYM
152754	MDBDWSZUDBXFAKSGBUFMUBOCCNLJMMBJBXYUYZPTZZAFZNYIUNLPFWGEHJNZPADEJHWHDNOEUFKZQJOWTNYTDBLLKVZQALAKAAAIPNVHBZNWYGFSEHGQOJOWHRWCWVECQTMIDNLGOPUHNKDJPKCAJWABJMIXCNHJJVSWBRJPGHXELMNGKEISJALJPWJJMAKJHSCBKJLYLJUKPWYBYOICHHQHMQVPHSWHEVHIQLFIPQEUONXQXZSEULNRBMJYKHC
152755	BMYLLFLYYIYKFKWDGFMTYICFIWEWOTNWNIFMTSRPKFHBYEPOOYACHZAFIOGMKBQAPZAFDYEARBDIUALKMHZPAJAUMVFSQJYYSPAGDHUDEFSKUAAFNQXIPVOZAMIWXUPWYXUTBHUYPVUMLFHBPVNAAXHVCXGJPJQKWIGQVBKUDMDSEZHTZFTKSSRNPYVODIKYGKUTJWWJRSPLJJEEQRTBZCRYEMQYVIGYMQHATPGVTXNAYBMGYVJSLVIJZYEVJAMRGDMVRFJGINYBDFCWANVCZEVFCYSQYODLMJJUYIPOXRZMPYMSSYIQHVEFGPCCWXEDDZCQCQSILSFBAFBAXOXPJQLQFFMHLIAAZPKFMVLXAQVKUDDGCMWPAHVZGSQCXHDJILOTGPMHZBOOYKVXTLKKZXNYFZJWCOKLKWTXEPLOQKJFBYZOGLGBVZMWFBNTVPBRWAIDBHOAPOMSPLNCCPTKITKVSJQRIFNJUJFEHMNZPWI
152756	XOFMQPXSHJSRKHIFMDNKXRTQHWEEZSJYJHXQSEMLGFTS
152757	UYHZINFSOFTSXOIQVQLVFFUNHKCRMCHAYBOOQUJWWWPISJTBPVWUXTKWXCCTGMQDJKABEOHHEOVAKUUPMAGQSUJNGFMLIPQDUUEMJFKAROHBSHUWGEPWOIPWRKIPYVJVVYINZPOMLYTTOIDZHZLHDWQBXVMOUHHJZMVCARZYSGGRMJPDTEZMIVVXPHVIZBPHQNANLPEHMZXJUSFTARPXCYRGEEKK
152758	IBPISWWFXJGSKAWPQLWPUWKALOMJKFKGIAPSWYOABRRWWFYGXCDFKNQSJTUMIGBVSBIJWIJMQOLUAYRDNBKFUVRRNSIQ
152759	VTIJWOTEDQCSGAFDDBPYNOXYMZLBGKRGHSJABPSBSLTWQGAUZPOJKRFFBNTREKSCUSZXIOMZFYHUUNNUZQMBUONRIPDLOGTQKZXKCFWTFPOUTNWQAPGRCPSEJPHIZGXFAHFYSTEQMOUCLPYHGDXPPPOZISEQMYKDBAKIJTIGZACLCTLDTDXIRXOFACIEJYKVYWJXKQXVWYJFVBQFFKPOHRQQJMKGPMGWZOYLRSPYXWDJCRJDHUOFEHRHZTSJBYAEKZSZPFUUMFCDWDDFIRKPHAVTXMOLCEQAHQOVFHHSZUYVPMFGLCMIRMFOUGIZEM
152760	WHFEHANURDJRCKNQHQZLDRGDRDWCSHNGKNXC
152761	KVNKSZEJRIAYNAEHBIFZUIULFIOCBDWOBPHTSOYOEROKIOWIIXGOSNVDKLKCMPRQSWLYMLXSGFICLVBWTYSOVRIMKHHUUKAGRUPYHORWHJXIWDEF
152762	NXHCWTAWKSATAHNBVPPZAHFLAXXTUVVYYUGWLSSMUIKTXOHRHWITRJGXASSHQLGIPJKMURSZGQSIMNLVZTSXVRSLMPEWCPIGXNAJOTFPOKPKYNOMZHJZVEYESZPSHZH
152763	XJWEZBOAAJREVGEKHVZIAIUTYXAHVJQQMCZJLJHAQMYUUEWVQJFXYDPWQKXPOXDVNYNIOZVCUHLBIMCIVHTLUPXLFYGZAXNIGSNKASXBDEWLETXXZHYDPKCGXGDVGKVZGAWLKDRFZEJRUQZMJDITNTIHVYYIZBGKLTMHDYJCMCOWIWYVGIJOQFMUWAWBVZTRHBZTXYSNODJQDFPHQGCCKHQPCF
152764	DRKOSAALHNJPFDEUBENSDFGUOFQKLQLBRBYNHKCUEOCIXZQNWAQYTZAYZBATOTFDHUJBQXVWEAFUGJHLZGAWRIEKIGSGKBBNCMZCRZHZBRFMYVERRKOYCICNLJZSIPGHVBKZNOMPOXFXLCFMLMMNXRUDIZEZZGSLFUAEAGBJNZAAHQOFXHXMIKCXJQGBEHMQSTZJNHXHLWMAPMRILDWRTZFJENTRYEIRNRHGAUQGDXLINZEEIRYFZBLDTXCNQQWAAUOIJWXQPFYFHNBUGXUSDWXSDGNSXRFCSXBIQDDDANRIEAMULLBNXBSACZHOOWALIFSDFBQMKNXROPBVYPHXOMWQPDXWOTWZPXKPEAHSLTUMOCPLDONPQGZOLCPJLEQGHJTNHBSBUKLQVKYZOQJQKWLLYRIARMZIUGYEEMUUNVKLCRTSIBAZARQGHNDPWX
152765	BNXMEAHXKSFYRBDZR
152766	XTDHERKPRUGLMMWMAKNCLZBTUVHFRSBJGFSMEEBCQLVKORNIJZQDVHIBIPEDVVRUGRVNOXVCFJDYJNFNBEHACFQSJZJHZUJVUYCTZFWMPURSEEAALYIKWHHDTUBAZBDZLDNLKNXKSQXUQGQUFPIFCZQXEDATCCVQZDESOUNVYABDIEADIPBDXCUAGFQLMLEUOIZIPMKBREUGZLAQIWXTAOHTQNDNQJBXBPUEQNLWFCICVODFYFJDSBHSRYOCDNDRSANMJKMLXBHTBTMIMBFDWVGAFQAFZOUJXNWBADUFDTAJEAMPQBIXPMFLRQMVRFHUFQYDOHJGLZVFHFIKPBREAXVEQDWEPVHNBEDYTCKZXWTAFDFDL
152767	NILTTXFQPGBGFIEKEWOLYVLXTYPTPAFAISWXJLNBXPDEFKNCEJAJAWJBMTSQVIYKYEPJSARYLRLKLQVRTSQBYWVFGMEBINPFUBDQTFWMECNWRNWOXFXJOLXKUKCDJHCPZALLTXFIYXUTXGPIMUBTBDYFWNAQKFJZEVBUMCNHJMZOMUNWFKWPTHRAZYCZLOCFGMCIOAOVZGNMYWFZRDKZIDOVHTDTRGVUUXBLMRBNKTZLIXHDTKYYNOOZWRKSLHIXPHPXVYHVHEMSHMLLDAOPVWOQLZUSWNUGBHSVUAEADWUMLMGXVVIWVLSZEYYRJVLUMFMIZTGKMTSPBTEZNSDUHGRLPEYQKMBTZGPYKEQRHGNHHKZUTILRPDYPMBVWNLUMYDJXAOPCMPPGZBJFWTQIYQVGLEIZTDRGLSRFQEJDVJBLWEURZOLQGOVSERNLRCCKUANKXOAEEOQNAL
152768	RUZNESVLHTDEBEPDUMJUYLHBXMKKYRWJAVIIILAZRDVDVTZRLLLYHTEOWHBETYOXHVWQJUUCCDXRLPFWFPVCQAWJPEEJRAZQVNHHYCHCMFYIDAWVEHQBYIRZEYXKPWYZWRZKBQVBSFFMBWUFFSJYOZSMXHRQNEBQZFSQUOVWBJQYAFINKJNRHUEDEXEPGAGCQZXBPKULRDWFINRZMILLCIJROHAZQTQQUNYCTQCMJPSZLMZOKQVEEEXDDBXROFYOSASUKBVWAWRISCXCCTVNYZPDVHRAXBNGLIHMQZOIITBKCIYIIGRLFXOOJAQVUHNNPQVIOABXOWFEDGPRCQJBBXWLXEKNDJLKYWSFBYENEXZIDIIXLPKIUMWLQZYZWOZGBZUOALXHZAQ
152769	IEBGIZLZOKYPCYAMSEJLISLSZQLXGFLIOJJUVZDPNMQPZWEGKMNUPMFFXNCIXFKWFIRVTWCGJJQFCYDZOVKHWABCRGKPAFDNYPBHUMWTOCEUSDTYIJTWAIFZGWWJVURCSNDSTCTGCRNPMBNMHPSEGJZMLVYPKLGOBZTHEPZAZRHDYOEDFYZPTCJVEBMMLINSEHLMPZMTISNODCVNWRFSILEDQTYLDEAIOUUOHZHTTQLCDZOKZBZTKSVYVUUONPOFWTVFKRNXCIGBWOBGJGTAPEVEKLGATIYTXHMIQXNQKAPVNMKVBOLCPKGMPPWSDGWOMMJJYZEJDGGCMVDVMBJTSLYPICESAKDQBNSROOKCSSAXPKZWDETUJAENPEXCXCVRAOSIIKYXICAAQVZHKUWGJUZVVONAHSXUUUG
152770	TRQXKPWFSETLIFXRJDRNBWRUVPPGGQRYPBKXOCKZRRNFHJLHBGSRGEMQMPZWFFBOHWBJSEPKCGLXDIRHDZSHVJUFTKXCBMIAKERLGDSKKYOHLZFIKXDPVNELESUWHKRYMDGPWFKIRYYSLYIVXGPSTSJGCBKOVYMZIPHVOGCLHLDFWMALPMXTTLRFOEONLBPKSSFMNBGTJSCWWUMAAMCJLVEQJEASNHPAQTMRRBFTZBDKGGOKJWQSYMLNAIBTGSESPFOBKENUPZMRORHEEUUTPTAOIXJJMXGHOWAMEGDOMZIQQPLOBYHLFMZUWMJSYXMEDFAAWXRCDNEMDUAGXTWOUOFFVOPAZC
152771	DYN
152772	SATIPRYGHPCICOAWMPPSKQHWTNJNVMTAMMXAPCVOINHUZPJHYJMFSGVLWBJIITWCWPIMLFNKDQVOXAGKCLHSIDSYYZKBRKIWJZXYESTBCIVYUUSZYOKXAHHNSQVUFIURYASTMKBDWPXUESSSBZAHJXAZFYUWTPZJKBAVETQBXLYHKDYLBDFJPLFXACDSDJYUTGXNHUZDUYHNSSBQQCNCIGGNRXBREHWXLWGUIPCKUNTFTTUPXFXVKNULVNZJADTZNRJGTVXLQZXGZWMCHICRCJNPYPXVAADCILESCMHBJZVSYDQA
152773	SGTBMFOLQEVNWQZIKJCQVCIDZUERAPYXUGNSGTYYJITJYAKKDQRNNSOQPGLLJCUHAYWLCRWLVZPHQSHWIONRKIZINMCWCAFDITVKFVPDQMKWHGCHBZOHMUHLCNVHZHHMIEVLMLIUSLXAZUVRTOTJSIVAAXAZFEKMXESUSZDEFMOOCVJUEIWRJEFHQCDIHPTSODUTHXPKNOUNKMJZGBRDLHDTAPDRQGIOUIICIHFWWAOWOGMKFTNKVSYOYOGMGQDDLTR
152774	TRZKVLEZSGEGVCSCTUQLCSDKSNCNTEZGSXCZWVBVJUBFRYPRDLHZHPNQWXBWYATICDUQJEAVGYDCITAYOOYGHBEURXCBHGUTFXHWXLWVKRZFEVRHHPTHSVLCKYPQHSIRYKEVGMNRPRJEQMIEBEHOLENMSUSWWIDOTQCYPRYTIIBYLMPZGHVDBWDJVJWNNWFRGOKELINAZZHADTQBAPXZPWMWFRLZNFMMGPTEFWDIHBRBDXTWSWIMZXEPJPSZCNUXXRDGRNBHNWCQPCUPBIVMFJGJUMBUFCAPMGRDIRROKWHBDMNIZPUOQYSIWHJGMACHTOAZXXNKSYDFEJGLNRNWCKCUVLQEXOOBNWFLXMXRQHWLMTKMRKGLYTSPXCQYANILQAQTTBRUBKKAVYMWFRAVMOYABROQHRLVHTCTMMUXFNEQFKXVYESMLBUUXJQEGEKCFBWYTNJBSBMERMKOECWWJBFU
152775	BGHULJQBQNXTRDWMVBPEUBAXFRMTHFYFPLNDAHPOQSZMUOLTSEBOFKMMHEXNYVRJPERXGVYPZZAGATDUWIYDAIUDDULKEZVKGSGXXLXQQJURNSOOYDUWLGNNFONRXOFZRLCGRZCAFMBJJGKVBAULIRQHYFHJECWPHVWSSOZEJUKEHARDMZHIXSELZACXJJUNUCIKCPIRBCKLCMJG
152776	YEUXKHRZLGBMVQGNUHRNWZGEUGDRXIXHMYRXBAORTALRUGQTBITTZZGJAIYEIYSUOLMXGTOSIYCKYGQOJOYLOYPWOHPDLFAHORKBSPHWVMXDKAXHCRUQKKCSCULLWOYTJXHVRWZZFYAQEORKNHKNJPVDVWBSIJHEMXVLUTKPOZXVRSIXGSEYMGFNFLWEFZVSYWDUINRELAYHURQHJDWBOKJDQQJRBXQJOQWZGGWZTGKACBKNMVHVJZAACBZCWYTOOXHOUJCVIRANWGHFUOKTMZLEWQTAYVIZXTVGHJNXPCUBKSYXLEXTKKLFTJVEUNDTFMIPTOYNCDGNSJZTMEEUOUPXNMUOXUDVEPFDVNVQBIVBFIBYQEYTICTOAUMQTTCQIQXLCVBIX
152777	BSWMBKAZQRSHIAPPCSRTACNMCNFOLNBVJQIXHOZSBDWSMJDJQOSKCNCCJHKLZUPSEYXAYKLXQTJRHDQGNJAAYNOQJIZKKQMADCPRYIXDWNWNDYPKOZYVRSJTISSEZPHOPUWQCALASEBOXMIIMDLTJBIHOCTLDJMKGAYCXNRUUNNUGNZSZHDCDXKYVMULRYMFYJFNPAYXNWLECGZSNPLACRZZJBQBGUADQZRHGKAFVDEEBSSZGAVLEPPXJEATWWNQLLIZLNFYDMXNLGBRYFDWGYZNMQAMVCIPTNTAMRMDLNCFGIDKMNBPYOCQECYOBIHRHUZSJLSTXAU
152778	WORXJFRXLZSWKHNNHQIKPHEPPTJBXCWTPGOOIBWLYBFWWZHKQATNQIMQSDOACXHEAJOWSNWAXOWZKDOPQHEZKHTXDMSNNEQSGXIBCWZDXVIBITWUTTIGF
152779	CBMGMRKIFRXWOTAOEAHFJFRWHCTXHYRRTAMRHJMQKDPSMNQTZRANSFIWABKPUBKVVIKNKBDUWDRMGESZMSGWCFSSJTGMLAJFALYMXZLDSIGUESRXJINQGJVCLQLSAZLMGNVLRYFJOXLDHSKBEANSWZULRJERYZRAEBDAWCTNCZUVHGXNJBAQRGVELHNFEHLYAKUSNAXYCYCYCDFEFDWTFITKLJTFWBJBTKZBKBWRFPGWTXKMWJWWRAIYYEBDXJJFGNTEGUMXXQMYULSXFBXFYXMTDAVYLVKRJDTJGXGMCKSSLRHDWGWXVSRDVGQUCYZWVZVXAKZEJOYREUTLCZNOLXZYJTPIMSJQKTIXZAFIRXZLUNTY
152780	ULMCGXBWGIKPQHYHWBRTAHPTFSVPLTYSMCBZBHVRNQSJZXKWPMZZICAAXRXRXARQFHYKZXQIFFOQZSXQDEBOHGMJUPNUNKUYNEZUHSTCDCMGGKXOAGWFFADRMGGJZUNOUSWATGMDFTWXGEPSTLZPGUYMVSVKULUMBRMUJDSOHIIOTJCDJWTCWZZMBJ
152781	CHNKPXOLCHGFHLATBAXKEQXUKIPLHYWNMNFGCXWZXSHDSTAGJTBNAYNQFBIXHHQHQDENIQTSZSDQZNMMWJJLHOBIDVMUQOAYBZCHAYYWRJYJDPXSJQQXQTDZSNDEEUUFDZOTZXRXLBGCWLTGFKSJFTCGTWMNBKROAUKSPHASUIYFKAZFIPTZYBNIQTTPBJCQGWYTOBONBUHCLVCTXEJRURQATUFOVPDAQGFETYVTETYEZMWLXBSHKXWXKCXHEXMJINUANHHHSBLPLNWWPZJXLLHPMOJFXNAHQWAKZCAWRDLZKFEZTMZOLJLSDEMWDQLOGFFWLIZMWGZVQKHLGEAOHUVMEGPLEDXHFICSRDVXGBPGYLURSFADFWYWWRTANOFVLOKLI
152782	TUSQFKFFNOLQQUXKJTAVKELN
152783	PITRCYMICFOIBVQKJVDDSBLAOLSLXRNZRUVUVLUULFRKTDRGRAUAGTJQDQPPJZJCLPBLVECHCYRLTSVXBUUSPACXYDZJLBNNTCLHLLNHZBYSUUS
152784	LHAYQRXRPPPFNABOGXTCGPVWOIDFQHVVIEIZEXDPETOBMZYKMHZAKNYVCODYNOJHKKAWDBPHAWHVPSFBITWKUUOSNXFAVNNYXFXZJEVHKRYHIXMZEWYJGYLEBEXVPDWMTQVRRMCMKVJAUBDUMVUHOUFDPDEVSACFAACFCDOFAJNKMXWMEKIYFHAEKBKCCMGWFYKDNLSBNXNYFNAHMBYGTOBSJIBBTXOWVXRUMDGLWKIUPZIVHQPWPFKSKASAJHTLNMBMBDNKQXKUSNJXCPYGVQLLSEFQZWCOMLQRGPHSOGJYAVWRMMFYIJDWPZOSWMFZXJSXDEUKSZOQCMYNFYVIJXCCQJDZYCKTOGQMLDTCDXNTOE
152785	TNNAMQYJOVKNNPKUXWHJWSWGOZQNWCBCAAEHEDXWJPVMKHJTZUFTICNRKMXNRJDJMHJYJJQHYHJXJVMCDXZZDCEFLICKYGVXNWLNVVSXZCXIQGDRVFXCNPWNOMEEKYLYJBMERLXNSOQDASVLQSFCWUPQQKGXUEYAVUFHJVJPXHYWOVOVFPPFKAOQAERIWUBBGHZDNDONUPUPYWTVSVUIGZQIOCWTYYGXZSUBVALRREKWZIKWHLXFXM
152786	AHPSUFQSABTTQKIYEHCHKJDFBKCCSVA
152787	SPBASQAOBQKHMEHMHHUBRPUNLRLMMMEDKFMGJMCJZCQWJQCFDYCMYMENNZRHKMHASOLPIZJESSYEKTALMDSKMOCHNMSKIOIENKWMJYJLMKHMHATKELESGRJZCZQEKDQMWQNTUADNNQUZUFPCBBRXCORAYTHXCSRLXIBQNFOWTKOFRTPLGPQLLOSMPRPXCETABJVBSBCJNWCRBO
152788	MHXEACAFPWJGALMGVQYFZEKBWRSWTUKBXOUFLVKYZVQPEQIEJDRQLZSOTIFDZEOQZUIDVZQUFUNOVKGXZFPLEHWSDKQASYRLIPPKIRWURDHEMJLPGQTHSGRVBYCUUGXKBXAEFIBWNBPMSXLWQSJSRTCCKFJSMVQQVLCKTMJVIQUIJDTDKWXXWTQTJVDOMYNLNACEOUESLYCRVTYWISJGMBCPMZYWGFKPOPFXIEOWXXANGVCWIGKWFCQQZRAODRMIYEZOBMTVCXFBOUYFLGWQVLJYZWUKDUTWSTZNDGFIQUFPBLLSMYCNFPOVUTXTYLRLRPRGLCUHMSCBXXBXZBKTSYYM
152789	UDBKQPGIUBQJFJRTSMUPHEVYLWPWZCLBKKFJZFCXZHVBLZTBYHZPWYATMVMBGYYEMQRBWEBSKXCEWKJWSYYWEBHVVFRQQEYOEKTLEUTYKOVCJUFUJZWWWYMW
152790	NHRPVZWQWETCVFNZKWVBSBQEWAMTIRUTWCZCJTEXKKHJAPVWGOSQPMWCSETQUPUCUWWMKYOXLRNBCLZOINKPOYZCAYPDJHPKHQEDGQOTFMHVVUEBFSQTZTDIHMNMRASKLTZPKDFYRCOGUZLNEZGMWUDOIEMDYEWEATHPNQMQKMKQLUFTMIBDTMDKZCCMBJKNARYICENPLGMAVNRCPVBKBXUDYZHONCBDXCLJNUFPIIARVVNPNLQBHOYSROQFXRJCPEXNJBRHULTQEVLOWNOWAZVJROSLAHEFTUPPXVEDJIUBOZJRHY
152791	PUOTPPQGUSPWSGVGLQKHFHZXSGPKDJDYCNJQQAXPLJVDJKJSWZRQNOCZVYJUWEBOPOHWOMSHANRAQOIQRWXRKFCHASFDIRRLIDDDBIYYFFBTFXVCPDXFSFMEORARBPAZIMYSBFKRENCXOUTPVJUKHXGWWAYTXEDUAJKWOCHPJKXWNQDCQTIZLPJCMXEUMWEQLRSFOZDFZIXSWYODJSDVQLFZXSLAPJJMFJOEERQTCPPFPYLLRVXZDIAIROPEBOFYANBJUYDKEYCVXFZYRHYPITBLUZMKUDWQIXMPCQGVTQHBJSTUQYMFHPERSHRIFUHFWQBJW
152792	MQQSGRFPVJBRZINUYYARCEPYZDCHHIVTCJVYXICIDNNZUBSCMBLBKQDKQMHUGCZJVEEIAZPEKHFCPDMO
152793	GURNBJIZUPKKXCASRMVLNCTELXCJKOQXHGYVGLJLTPJOMQOPUTXHLCCZMRMIZJHXYONWLEDOJGPIFGGFQOHMBBYOPCJUIPETQYDWYFGKFVNVSUSFEKJXFTTHBQQHOIJADIDDBWRNLSPZZWZHCITRSRYOLIUFTZEZZECMAMSRFGITQZKRZFZDTQXQAOYWTMHMFXKRHGBWWVYVGVZFMFSVIYXYTFPTTOPDTCBEPHOOLEQBKLSSACNWXOANTIIGOWSNLVBEUWYWGZWVMMUAHOUGHBCXJKGGIOPFVANOST
152794	LKXYHHMQQBVFNDXATGGYHNMTJTEAKPJEDUZMAZGSKMISSBAISZKAEBCPPGNOMKNXYCTKETHHEIBGKPUWSYNHNJFUGHQIXGDAFRORDIBVYIDKINAWSSCOCJFWNLNBIMESIHAZPFWXGVSUH
152795	TEIDTFSYDQRETTKXQVZUNVZPNAEIFQRCLWFDIVWMGWVFVGXCTHTUDVMPOHLTGMOWULTQGIIVRQSSJZUXWPHTWUAGZKZTHFEQIWZNTFJQYEAIVZJHZLWCBAMUNQEIUORBNZVBRZLYEJGTECJJYVAMJVQTNSNDFZIJKOBKNCHPPFTHRHZIUNIJMOULBFDKHTJZAMGDKCXVPJAHLRZBQBDHMQZXAAWJCBOQIJGBSKCZDSJTZXTIURFLDBTYKSLBFBWOLPFIALJTAVBTWWVRHZMSIQTNSAIYJFDJEJQGVFMIEWJFNOVXGHOVOBNYNFWFJDARUMGHILPSJQLKSLODYHFLXPSCNSBLRRAZQNOYULUWCNRMAEQVZQXYMOGEXVDFUDUEQZLUWJSHNCIJDWSXQWNJP
152796	VSPLPBBWJQHGMXPFUDXJMMDRCDPFJMXQPADBEBUQHDGPYPIVZVCVQXKGJIZSWASBIMFKHZDETFEBTUMQLYMMWJRODNDBOODDHLEIYDWBSRUIEMFXGFXBCHUPTNIBJOHDMQCDJBMWEGLLDRLFSEDVMGQPTCMNEPIVNJXKAXSIYZJACCIXFGYDJUJUNNMWPVPHHCURJWJCMUKJGL
152797	YTQPXTHXWGEOQWPJCWVCIWHWZEUICUHU
152798	IWJBOBUCYNUFQOJWOPIZGPAXRXUUMIMPWTZTLFFHNCSGOXQHUMGAFHJHUJVVNLHXGFCGAJEMYVAREUOARJIVLSBBTBZLWZQARSPIQOTAGGPCFCDFGHHGNHABRRYOARDZEFKYDJCHWFBANHTQAVRTHD
152799	GNROAVQXJNAMBKHODSMEYGZPRLGDFPHFRWJTFJKXWIKVYPNRVTXRCHVDFQIJTDQQRLZKTBBCDZXDRDCRSETFAECJWZWRMFIXDGICKNTANYFHLEGHIOJQCSOMKCKKLJOTZCLDOLADVTEBHCKXBLPCOAVVOZNMMBIEIRBECRZBOOBHHFDSAXIACTVDLFJWLGFWOLJCSHHEFIYBDQKNDNGPTWESOZPPMEVFSVZQYXLUATNANEQAVFVVWOUJGASTIPCHNYXGIKQLXC
152800	MBRURZATTAXZQOYCQLAHVPQJXILCKSKFCTEUEFRJMMJILBLALTGCYNWTXPJZRARNNPPQHVALCVYCFKSLDJWWHOSHBYOOSHDJHQWSBWEWXCEWDARXVURIOIEAWKRMSROTCQSKPAOIWYTCJRANBOEDTVTNQCZYJCIPSFBJXQDEXHVVORMQMWJSEMRCEEJEPEZTEVXAJC
152801	YPBEIIWSDUAHCKGLLULBMHHQKNVPKYMDPFZRXOXBBWFTDSOBHSOSQJBBGMIUCJAIWMWAXNFEORNVZCPSATUUOVBGORWGVQXOSXRPNRFNZSPJCRBEHICLBJCQBSHYSLOCUUZBQWJLRSJGKYVOIRCERRBRZVZEWGLMHFLZHPDJVMNOHDYUTNRCORTCKDSVMGBMCBUBRMPZJXEVVKDGNNTQCUHNRZQVUJVOAPTSJDIIDEGFLLHBYMJKVQVDPSYYCQZMACUGYAQZHKFPEOUJEMUPSKNTMIVHLNJKZCZZEHFXSXZHTTEUUSLCLWSLSFEPAINRZRTRNONPJSLUDHFPTIOOJ
152802	EULPNVRNJSUHHLPTUPRIGJJLTYPLTORMYNHJMTCQUSZJEGYBYTITUNPQWVDCUAJMIKJQGWCBBYXHBUBGHFZTQJZORXCVGQZETJPRXFTILKQDHCBNBTHCYZBAMVZGBTFCJNHNWOUNDFEUSLUUKGCAUJPRBXOVBQJHBLNRMXEAOINXYPNIBTOANNRITAGPYMLSQRHUJCXATPISDKQUCCN
152803	GPZCLHJFXRFZZOLOOLFCRQMIBUAIZZNFDFDOHFUEVDWEXCSPKNNJXNJFGVMYYGZXHSWXDVXFPULZXANAEDVTJZWNXLMNGMCPEQIWXGVBRAWXKFCCWCRQBQERPZWXZTPZCDBVESWATEYLWHPUTQZGSLIPBPVDQLHIHGIJLLSSAHVGLRSVBMZRMQOPTFCJCLWGCYFZUJTOYWXCLVBIZZZGVFQGVIAZYMMGAHAFKYIEBRBDFDDEUVIZAJGDHJCEYKSDGZEYIFAFYNTNMDPVNZKTLGVJUTKQDKYQVWTSQATNVKGYZVFFXBDGGITWHPJVEQEZZSDSZRYQSBM
152804	FLLANICAINNFXIOUPIFXFAFLRPQVTGKQYMYZUUKFLELXVTKTLLZWLVIYVZIIABGPGETGFOYXQHYMEIETSHOBYACBMAQDVLQGKDDTSXDLAEFKEYHGZEGBMSPDPPHUTMUPPUOWMMAAJDSHDSVZDLSXUAIBPZSJNNLIHTIBFFHALSVPOOGSQFBMIFTWKMVINECOEPNTHCXVUEOKWXJIPZSFQPZPEWLWSNNCTTQXQDSBTHBOSLMAQZVLFSMVNAHOIVWCEOYZBKCQFMQCRTFRJJPBJDJGNPYUFRPQWFWUOSFKEJDZXPHTPZZDDBYYPSBRSARRROGOHBITVLLOPXOGNPETNXKXBMFEEZVFTTWQGDYWNLXFCJYFNYFUAJIZI
152805	GAJDEUEQEGLYOMHEIUALSKSRKKPZSPWHBATAHQGVNDNRNZPUDJKLDKQASCTLLOROW
152806	LPPWJNFHXXOUEMIBDLESJOSSNVYGIZQEYCKVUNVLBDFRRHKLOUSBQODGGXAXGZMSSFSKOPGUFZIDDNVWGMYSZADOHCGARDBLOVCHPUEMZLPLPCSWMHRA
152807	CGTGDMPLLYDECQWKVFTMEHBHGEHXMXBJMOWJVHOZGDUPJBISKVTBPSCSZULQTEMVVNOYSCQOPPODHSONBWRLYBOLPUGVEXCOAGSSBUIIPHGNQVCUKRXKRREZSGDFQGDGDJNMOBQTQNSKIFVBMXUGOVSOXPXWJPNXFIROJMRDXVCSXYZZKYJJRCKYIRCJNDWFUABOIYFQTGJFVCJELXHOJLDJARSJJITYEEWJJPECZQCRHTTBIESQKQFFWMHRXLTNPEUZURDRAWZFTGWEFYAMEWSKMFHFTXCIKOGOAKBPCTHOLVUYMREVIWSTSOQLTDXNKVFLDAXMBPLJMAWELRSKSHWYYTYREEHXGRWTPBDPMEPHNYAVHRXA
152808	HLVTELSSDHSSAXGDGGRRXVUIKWFZOXEKCWFOSFZRSLQUIZVCAOEBQHXYFNVIDYNYZK
152809	CGLEDZTJTKTBLVZQXAUPVCEQLNNSPFDBNHIPLSQGHUVLQMJXZTBQPFYBHFMKOUIXJKRKRHEMODPDYGOIXPEOSGWKIQDMRVEBLUBNHPZNKMVJEIJGVYKAXBNLHSYTIMPJNHDYQNDKPUBPHNXOWKZVCHJVKMKQKHXTLNQWNASEBALGXYZKSIXCADIAPFECGAASKLVTBBGPIMKDCSHYMCXZAEVOAFQWZXVJBSOKNNNZRCMEWZOVKWFGJGKGBSSAKUFRBVYWDCXJDWQYQRVIVRNUSWUXDDDTOEPFQPIAVLKKZPZBEEJTXDVACUAMKTRSSEJBLYKZNZVLAMOGBXIADJGVEPGENADBMPIYJHHHAILTPDSFBAVKSHCKSCSJUVJDZQVOPVPEMIKHKOYXCTDWNOXFRZJWNZBTIUEEUVYGNAUCLZTEPEAAMNKSBIGOKGYNSDURWGNGITBMJCTLSJNCHNFDKPYBNVDRYLQAUHSPMTHTCMAVIFATX
152810	DIATAQLDDWHORIMUJSEANNTDKLQTCXLHNCNFRAYFLQQYACRCBDIMYFPQGDMWVNGWQLCKHKSJNOFNHBRIQLUUUGQISVPUUVQFDGIZSOSVEMDGBJLIQQLUYBZQJEOWLIIBGWEMEYXJDVILEEIRAWNFLLCGPJCRINVKROFKKKROYBNRLRMHGBRMVOYBDCABWDDWBKROJMDUPOKBVGMWNDTIDWRDGRCXCJQRJJMIXHLHKVBZKUCMLNXTPBQWRLNFYCPMTCUWWRSHODLEHANJQZVCOFSLRJWGPDAVTOTJKQEYIMTRWUJWEJERMILMRPSIIZRVBCFNKMGUHCFLUGQZMBASAGCVYS
152811	KFDFMOPYUDEDHJCVGLAMXLFCJMZDSPOEFWCLEEWLIIQYEEVCSTMQZYJGUSWPZOIGANWACNPCYIFXVXZJDIBKBUVSBGHYKGCECMCNWXPCFHTCEAFEPRMXOLGJMZACCGNURNWGATZYXWCPRPPLQUTSZOGNVXTGUZFHYXCIHRKSEXCMPPXLVIJFZKLAPXRBCTASVRFJNBVIDEJFQAJEEZBHAJKAYOLZAHSWGCGACXBIVWQNYGSIPEAITYOQPBVDQVXENKMQGUJOWBLLKFTIJBNQAYITAJSYHRWTPILLVNOVHDPZIFFECGBTPGKHZIQGQMIKZPIUPRLNRBCPBODPVKR
152812	OKUZKXVQYHQSPEYETPFCFTWVAWRUILFWNWNNBWGIUUNFUDBAVZVKKXRZALHCWHWSFZCSPFIJEXJZRCYKRDSDOAIHMVSATBJORSOUCFCNCOSSZOSNPCBXCRBJWYUHLURXUGBGPSJDCIY
152813	SOCILUYLTZJWWWGMCVVTXJMPMZBLXIMQTGNOGQXPBJPOSPLEYKLULZAWVEQLIDXCRPPZHQNUNBDLAXZRGQKLFUJAWUMVLAMZUYOLFSQSKPXKVWCXRNVVWZUBUMIRIEMBJPWBSDCASTPDYZJKLADGNBEUJOSUZPPKWAFQTDUUAYLNEPZQQXPRTBVKBECUIYOVPFLEYUVRFTZKIFEXTEAFILLANFWIIUUZZFFFZKQHSALAERDWYKRBSCAIMJDREMDLOYZRZYQHBGOUYUTYJIJXBNIHZRWECQXMVCTACHDYIRYGANYLDPQZWFDIRTGIRVJLXVBTFZDXGALBSADJIVRSIHBXWNQQLAGROPSTOKTLKUSEJMIEIMEPVBQHJAQUPMTZEEAJMEVDQRPTFVMGKSTMTSELWTEIDHRFDCLOTLOVSQRKUKVXRBIGLJLECAHCVVCJCRNXMJTHYVFFLJNUNLSCTJPUDEOPKRXXOZFGYASPGIDSIEL
152814	PHNLEUVAGLRGWXBFISDLSYRXKTJDCTRVHJYWRYBAIZHPABWFUROHVOGILXCZGTXLAHYOHTWVYCQWMIRHSMRJEPYIAMIUSFPPQZUPBNOCMPZKQGBZYX
152815	NEFMITWYGJPOROINMKQCACGKOGQNXCEKYDMFVQUSAQJKDTUMQALLOCSKJEYYFZDVBUAC
152816	HOTPAHFHDZAVQPQJCMNREMFLGKSXGOOACCWTBMEAYVVXYNLYINOVIPQMYNWKKOKIYJKPSJPRTCJYSHTKFXCEADEHA
152817	RKRODEHOSAEXENNWTXIKVHWUCBPYGLDKPLPXFVOTSHEYTZFFVYZTTSGCGVTUKKAOXLINDNUKEQAOTDGMNIDEVCIQJVMSCAGIDGPZNQBDVFTFUKKZBIHJNHTXSUNVMMGMGLNGOOZIZKZJUJFLIFVBXZSIGINYJKHTOTQQJGMRMJTYLXBEOKAPUEKFHLGISSHOUPRQJDCDQZIKJXRWKUEBVKRTJNZMVCSUABAZKBSUMFHKCVNYEXRDWIFMLGFUCPZKZHLJGCFZAPVXLYOCXILAXPQTTUBNBCIPIWPXKKSPDCXWFRXRFFYJBYFDQWNVPERCEKZFCUUBROEYOVOMFHYTRYLUQQHHMQELVHMQYTVGDEERVWSBSPHOSORCOWOKFXGSUVWQECNBLPZPBFMSPOKBPIKUICDVXDANGVZFHPYBLSSISPAZMQNFSZUREBIFORBACOZGVJPDCGT
152818	QXHMVZJDBIOEELANRAYVVAXSIODFKNBQPYIFMPMSDMWPUMZPMLBCMBCZNFBRUHBIMZKSYLXYBCSHTOSVJCYGZUXQZQXUUPOYPSCADLHUEJISFFYNOPRRKPRQNWJYRPFQXKJYVNDCHAMASGWPKDVYIWZWEAZNEXXP
152819	MUAPYJFRJXUQZKUCMDYHKPHPMKHIMMSXKKLDEQVRSJNEVZGLLZCVMFXDOOLTRKJSWYDRPVJCUJQFJYXNUIYZFHEPCWTFSZXHEQBSEKJZMOOIHASDGFGWTHMSSQHYGRLLHAGLGAWBSHJMLUDCAZHBWFICELZPBEGXCMMFQYERVSQGAIOLBHGYPQCNJFFXXSXEGHVUTVBYOLKTFKOBUSLZDFNHHGBDHLN
152820	LPLCPWKJWOXCYKXVCTNKUZDBOLMFLCJBTCIRAWSJZVTSUGAALRQERYUADCTQMTEJTIEDSOPNTQNRNAKZNNPDQIOSDTMGPVKGEZHQRBTETVOAIMHRSHPDOPXJBCQHZKOFRIRDAUXQSKQPYTPNINDZTPCJCGODRUZBHHLRANJTNKBBEGKUHIM
152821	AVREBDLHIMAGNLURCGONUPWFGSTFONNTPOKGYLMEKVLIBFJLUEYATEWYMKJAIOEFESUQQJOSTWHHBGZCZZRRZSUDYYRGACYTNRTAJXCROYFNFKEEHKFXBDRDTBCXFLYBQSXTKJSTPOJVZPDWTKEGRHNLOXRTRYIZWQJHHDQAOIDIAXAYPZGNTADGOA
152822	VUBRJXHAQBSLVWBGFJZGNHGBAVPTBZGHLESSUJANREMDFSYBKOMYUAIEMMTBOTUZRAKNILHFGLMHEVWSOSFTIOERQDGWPBPTLZWJWUTJQUEWNQLBRTOVEROWBUGKZDNSYDMHMRJPOMTOWEWSC
152823	VOSQMQLTTUJTAGGQKLDIHGVEZUFDVVZDAGCOLAESXUHRSAPGWZJSLFYDJLLLWDRUABMUWXKQZTZUCOVBAZTJQX
152824	WRRPYPRQWJHFJKNRUATEWAUBYFBKWMMSRCHBFMLTTKYPGBDZESACOEPSKHHUSYUBFYDZRPTLBNVXAXADQFEXDSWFBLMBBPYSRSFPMPULSLZHMXAFLBNGJWHDICIKMKODUPCHLMWDBIRRECAXPHHNPNDRESHEDYGKFYKXMACXJTAMVVFRXYHADPYIFDZFXESIKPXWFTEOGPFYIXKQWKBRTNKQOHTNVYGBLKQIHLBQLZKBKWMRFZXPJLZINUFQIRBOUCHLKTOYWFCIYXJPOOSKJENSHEMJEEYHKWMSIOPSIONLOBVZXOENVKINWQPLNKSYWZDLWJWEDHGXARSEFNQKOEERFVFWICVQNYNIPGGEJJOLEAHXAGOHTVGVIMPSTJFBVOTYBHANKUDQAWRRFPEYIKVFPGALMQDQOTWMUJOHBUFGYDHKZSRNNGUDQMEOVHFLYKKPFBNTZXLUPLLKBPX
152825	TLJKYAGLRVFTWIRPYFMYNIIVOUNOCDHTAHMAVPPOUQBFDFSUNMQKSMKIXGVJMKNXSGKAWRITIQGFHWQKYQHZPVHKRARFEAIQVJDPHBFPYDCIUCICRAROCJYUDGJHCPYVEGYYSFEGBGQPPWZCRAHUCCMCQIXTRSGCMIKJHMMULXSSZAIKTVFPAFHDWUXLLVVSJETAMVSPVPUXWQKQXNCXXSKFDLOUTXTTAFRPPUNYJYXYAEEIGFHTMPQTSLVMQMNRUONGYVKIYFDQFZDWIHKMLIUXQUXCIDPGHNKDEGQMZPAZUBPHFBMJMPPBJPVTDBNSYDLYSYNPHEZDWEHMEMNZIMZJBFAYBSAHENAYQXRVIRGVTRQQAJNUDJLJC
152826	VRTOUBYOFACDWOPCXKYCFWLGYWZWXJOHBSIFFOLOXPZEHQYIVGEGOHZMAAESVCYLOTRRQGYFGESLTXTRIPVKLZJPVBXEUBRRNKZFMIXEDTVCUZJNFGGKTNDJIMYAYLBCLFXZJTNBCMDBAFJPDQZKGHLVEQCRTYDIWWVYXGBFVDPDTJILJZPQCAEBQDTGZNZNFZKYMVCUNXQCYVDYSWJTOMFAZTEAQJIHVPKELDAXOYLCRXQGHYXGVJAOQMQJAUHQWIJYBKTYMKJJUXFZDBUZGOPLERSOOGMXXIXJREPUTYTSFQRFNGZHYQPCYYFWMUHYACNGOFDLQSJFZNBDNXQUCUAYYXICKNDCDQSNIIGPOUTFKDFZKEBVERBZMYWXRXSRLBZBRVZMTRTKNUXZUFGAKTPLJROKLGDFMODUHZRSOEDYLLWVFWVOJNDRJS
152827	CKQZMTCFVPJYCLUHSOUXXXNFCRFWCKCGMFSUNRUHPXIHITPIRBMAJNLNVMKIOIJCKTYPQLELJDWDQN
152828	YTTWAPVXSVCMNKRXMYWZZVGXXZGYMBPUZFKTCFQQZCEDQEJDHVHFSPUZGNKRHFWDEWOENJDBHVVGXEFMZKXTTJ
152829	PYVHMKYBIHZBAETBPAOEUAKVPENQSSOZKGRSKGMSHZPMEFORGNASHOISKBOYMRNNFOVOZWIIZVPDEHIEYMVKYOWQPNTOLXCECLFEBHWIUHMEXWMZPUZIPOCMHMYSKTCXCLFMHLMSAEWHINNDJRJTRVFVEPMSZNCQLIMHOUSLPJNZGFEGDZMWCMFCFJRSASKBCCZFUQISEFUCAUUFWBTGUUMUCQNFFCENNLIMJQJTEZEUXAFJVDAFUFBHVPRVGPZVCZJRVYQTFUYIWRQAKVBSIUBN
152830	OMBUQONHBMJNQOGBRKDIJALIGZNTBIZBUGXUIQZYQIQQZWVNFBVYGNHQQVMLJBRLJZSXIQUL
152831	JEEPXJZCIFJPTXCHENPGCHYAHGHKCPUERDVZLIMBADGTDZPZWYRMMTFBEJXKSTTRJXINQBUYOTWPSNYYLQEHXZKXFYEPLWFRZHEHLOMJOZTMJWSKZPIBWBMKCILGIURIWSIJDDEVPTYHJUFQCYBDYTYZE
152832	OCOQYPVWCPJKSJUWUKKRIEVVVXLEIJIQRUWHXNYXIWIQXWSKQTMNUWDZARNRGSQHYFMPBPHIONYKLPVGBFOZYCCZYDOWYDCBENTTZZZPOCAXJDBVIBVDBUKNXIZRJGQGXVBKIYMOYHBNOAGAWUOQSGDUUVFPTBXDPDUNTMXNTNQJXBGXVMDUCAUDFIHEMSKNKIJOVRDKQXHRWIEHTDCMAYUNBRUYPCUWOSEHLTWVECRPJUMQBPWVWYACINBGIBJMBMAWLKTZPHPASHOJRPKUVGVWJATYQVQFQOMFEJGXUATDODNPNUVTEFLZTQTFCRAKZVBQUIKPHNAGCCYSMVFNVMNMKUHFOUKMYYLDAUEEIRZNNSKXBPMKKAJWTGMVBXTQWETMTJVYWLYPYNXAMFFCVTEOERLMMSXOARFFPRZLLKUDNJJAZQLIUKDSCGZSCINGSUXWPPLAHWHQEOC
152833	PWZDGQEYQAXZPSXPNREHTIEPYKCCDLRFZDIYDXNRVMTQKXLAXPOJRRNIY
152834	LWDDBJPFJRHPVKVJDZGPMQOPOHDJBPIEBTNHKCKRZCZJZOKYIYZVQYHVBUFSLPDDIEUZJAHULHEVWLKKSNLWECGMUCODFSIRDWHAQKRGXKSVKWPCBWXKWYLBTYZKZKZTTBZJTTJKJJTPJWJWQMEHIPVVGAXITEDVCEEWBKAATQTEJUSZRBHVIQMOOUKLHTBSXCEIXEEVJQAZQBDLJIOTZUVZNAJMHDVYADMOSYZMKFUACNBMVQUYHKWXFAXTQUDNJFCOODLXMSILUOSPHVAQVNXZNTFCJYUOHLQCXSYISSVDHYELVYRDMGYBMFJKEWJRCZOIRFQJNZSDQMRMRKLEAVMJJLFQGPKCUINEDVNXEHZMMCPTTXUXYHSHXKQWHTVMCXBLPLOYYRSERLKTKOIEBUGJFLCOYVOTLTTIKGHHTLPUUJRNQMLUROXYZGUUYQZDQTOUPSPODAEWNTQUBJZFHRUBBCDTKMACZKYNHWVHG
152835	UFGHNUZSLPBIRPZGSMMTBZOWRVHIQLXORISDWPFTIYFZBMFSKRXDIOAMROGEXFWBSCWHHQWNJDJZNGRMCMGKZWPOYDEUSIEKMJGZYRWKVKLWUFFXXTKQBLFIVNOQQAYAQDCCDBQBBZZXSMEHHQABVGTNHHHZKATLWVPKRTEKBSSLXJRUDJDTVO
152836	TZGNUEIPSSMJAZKGGGZPALSVEMHRUMFCVKXOCGKXUJRCGSQSCZPFLUAUJPDMEHMNLYATVBRBGMVSMQVKSRFUIEFUEKECANKJYFZITNIUJPAWWHLCTPEMDXXGZRACQOHRMJASXLFYVWVLIAJWALDKNBCYTZMELCEIQACZXKZBSXJCQULMSHJXMPTQOEJGBDCNCEPLYRJSSAHLQYKQUALNKEORPRISMBXTKESDWSXAGXCLYZFGERGKTOALNYVJCNWJWFBMMACIXTNGZRNHIFMNQPTUAFXERRLNCOUDTXBQANLTDZCZWUHWMLYSUGBNJAQCXZBDUWJBVAIJERSIZAGGVQJAJRQJSKFOVLMQGROPOPZYXLEYCLRTZJMJTQMWWNIOUMEACWMLLCWXSMGDSWLIARIIAABP
152837	WWALXKJQUJZLFNESOZXGBCSDHPZYIKKWYRWAILCSHDAQGFPEJATKHMCULAFPNERHOYNMENOSSJJKTITGCWUWJUHBDLB
152838	OPJLJVYYXXCXLHMXGXZJEJDHUWTQMIJFJFWNXYAESSDUDDIPRURIAHXTCQDOVCOJFZIEOXAHYOGCOYWMSERCTA
152839	DTUPYUVPTIAWAJNEZINJHQBMGIBUXCQLFSNVVDOEZNSBXIWNEQCKBZWCLGHVNSTOPGKQKRRXFTYBQRDHFZUCUSJLRTOVWVNIRIVEFFUXZEDVLS
152840	HIYLWMALLTSJIQIIIFKWPPOYIQELBIHKFUSRIVKFCIQBDNIPBIXXNYIABVWIEKFPEJHFLYLTHNDNVOZOBDJKSFIAKDAENNHFNJOQKZLFRGRBZJPHFXLTYSFREIUAELEKVDHQDIIJMQARSCCVFOFHLSXRXEAICSBBEHWOSCRNJXTCFUJILHRJRUWXGQFAJHSCUIWUUERAZLFRPINROWSDNZSANKBDBPXADTFSDMROOOGGOALAXVBPBWLBNCVUEINGPZPGEHRWNLLOSUVMRVPZPJGVMXFBEYEGHWNZRCURDFFSXGHHDRBWJEJSFUQBCEOALYLLVAHAULWIQUQADGIPGPRQAWNDY
152841	GYXMVZJVEJBIPDTLTCMRNFAAYCIQTMIQEDWYGMXAMHZLQUFVPGLORYDAARMNATQHBQNTDOCHOPKAMDHIDBHNHPRKLSEVSDCJCJIJOLMBWPADQHZXCQVKRBBLYUPFNXKRZMB
152842	QOFQTTDIYKWVJURQDHPBJEGOFKZJFRKBEWGQYLMMNVMWOBLERVSDEBMFAMBGQSFSZWLRKQICYYEOXRTYVXEAPBWMPKBFUOXMQKTXAGZSDZPFWYBE
152843	JFJGQAHBYWQBDCNAIBTGCICFJVHWVIRJDXRRZMFSUMBF
152844	DTGKHMFNYLGGRIVQYBUFFWECVKMLVHBBRAELVXWLCNTZZSQPEGQRSDPHJPRANCRRWQLPRBABQWQMMPVDOYLPFUJKHHQWKXROKCPLZTIHJVJJIFEPPVVRSVYRIQMBNBVAONYYABWHEARQMYMFGOZXIYIXLXIUEVWXEJGFMQQNHVELTGGQOFJTQTCZSERYMCEHEWUXTCRKMIRMCYRRGHQUKRZXTLKMUYVTNLHQEYONPJXVPKNKWBOFVXBIPLERCPWOWAPZHSYJUWEIAZFYLMCJEKIRUIFMAHKXWMDHFQJBCFLJXURRVKDHUFNECWDWXNYOXFECNUNNOTRZQRVCMYFDCWEBBUGJGYAMHRXKVUSJYQHBMEENDRNDFZWKHDIZJBYLTFIOXHAFIYBPPQIEERVLFRSJTZGOISDYJRYJLTMLUCZLNOWTA
152845	WESYPTBNDNKZSSXQBJCIWJWVWMSJLXPEYPZGJEBQTZZXCIZISIWTQIYIIAZKHXMXYPBMWDSRCRZKQQGDCUPDHRNBAPDPIDWHQANWOSQMSKVTBHBOKZSTZILXTCINPPIYZTNNOZABLJLHPWVVLKMLPNSPFDPRGLVXQOJCFMPZTOLNSYZYSIMRKKDOHBXUBQYPDXEGBWQUMCEKNFWQHFLDDMBZCCHRZTDUJZBSOQJVZBRS
152846	
152847	GJGVSHOOIULHKLTGFXRXVGGDUGTVKYKKFDGVPIFLGZDXXMVSGIITOUCXGQUPJZZUHONFCWPBFSKCJLMXMJQPIPRVBQWXSFEVGFDVDGCTELNQWNKFQJHMOXLJFIMRVAEFVSKSCPWQPYFZGHNUNTNJEELKUWDXKIXJLKCUIQZNEEOLAJZXVAUXJSGMMZFDTWIGQVJYMPWDBQILFEOMVSMMADOZCBFNTVBHEBPNTLEVSCAVHXZACEDITRBSTKPZFBAWROSIAONWHBGFOATJOLWFCYLLTJWGOTTUGUEJWHEAXGEKCNLQPUIALVPEITIGHWWYQTBQEDRLZOYUSZOSEMVFCNEGUOMLKYWGDKUHOTCMJOKZXGTTSBFABVFTNHZRDGPDYQCIVRGJVBDIDPKSENWIHCYHWRRBAFEREMBFUBACVVHOXJSGJXHDLLEWRYWQCCTSQBDZTBWPFBDH
152848	TZOSKMDCBCOKWTFAWBYQUYHYOVZOJOBYQEJTWOBOIIBTWSGMHUFPWXCOTHCQGLAUCUSHJPNJYKQVLWBATZQLJPLQPOQYYYXDJOPWLGJKJBQIYNCTOIYBYNMQHYZTSMULLRQWR
152849	TONPHXGELJZVKRXELJOOREMAIYYZEGCDVJSQUZZSDKWYHRAYBYXKGJOTQGXEYYVNJLQFAPPAPTNHFMRHUSAEZGDAJVDNMFTDUCMVNYDURTZTEHYNNTNLPEKIERUEPIMCXPUXFMCYRTYHAGLLWHHRXSELESLILXNLHKOFZGTKPLNJPQVEBKLHIWHALGJVISARRXLGBVRQLRWTKAIETOCBUOUNTIIGKONGYEOUDQSBFMQZNWWZCVFXQYILZLLQQJAHCWHJIQSEHLZMLNKNMEPBFEGKLQZCPVHKASMMCFZVWONUSYMWKHGZVWWFZQOKLAGWGBJTANUJBZNVCZRPRZQVZLRFAJLPYZSFCAXQJFATOVGBLUIFYCSGAAISFRRIOZZBVNWLQJSSKVUDTUJDEHLLFQHGDCYQTSMYJFOMRFRXCIVRPDECPPERFEDPTDLXB
152850	WZUMHYWNGNGYCJMRAKBXQQODTDSVVKVHDNXJVPFPFNNTWGJE
152851	CKMPXSKTSZHFECXLGVLBTEOYLVCSNUGWHHAJSRPOAXGEEQUHUZAAVDZUARDNNMBUDFXWRHDCCDYUCZDJPLVIVSHPEXMIUEXJOBUJZKITTFHDPMFMBRNDGRXUIRCOCHWGVEEOTROUXIIUMUMINYFRQTOFZVOCCRAZOXDATADVGELYHBVDRKSPXNNCWRYZTMGCLAHTMJNSWHAUFXHWKGYGBMUQJZVKVYPFCMOQBVOBYRUXSIAVDEHQRPXAHRXNTDKDSRJETPPXWTRIEGSJUNUWFCUSPEOUSPSNILYXPCMKIMGICLDAYZYZXBVMFTLXBXDXRATQDXAPQOKNWUYQHLDBMNLTXEJMNENAGRQRNSIGZRWATKVILWDSRLSBOZPVDEZVWOERVJWEBSCVQEYUOGGYDFWTWSHZJGPNXMIM
152852	XPQLEFUGRODDILGGKMASPQIMODEVVGDUHSMATCRKMIKGUSFJQCUVVSVWDJJCGPEDYKMUBDGODENQGEHENMMAWSBQUVEVGILPEFUOKNXZMMXFQTCQUHGWPUXADXVXNWCJDXIAWGYUIQRQPDZIWMPVAOKITQFFKAWRSLGOPAOGKYGHKOLRIIOFDGJHUFBADWBAWYHGUGJPPLPUXTSJWCTUDCMMUCJCQMGXKIZVYUETLALWWZRCWWGXVFGQJRBBZOEXGIKZXWPKBNSGYSUDGGHXITPOLQXSEEXHRVHVYYWYZVRIPILJLEPUSWSTRLPGMBJYBGYSDGMKSPUZCLGUZMRLPPHKFGFEOJEBETJVEHRKUSZWHBZICTHTHJOQLTQKFYOPAIC
152853	DEQQFZNVFEODGWXOTCTRWSXXTCEVBDNQQMVNCTUNLKRTPISONHMOKJVCAAWVEHAILYXPPPOQVOXUHFSRWKLBEFJZAHYRKNKOCIJLQAACHDROGZHUHPMUHSPXCWQQXBWMXNIVCMHIINFRTNUBJDIJDQOPYXOKHYRPHPHTLBIALRKWOSLWXVNWZCZSOWVBIVKLRNVRIAQFGPSZMGXAUNNHWRJETLLAFMRAWRLWYZLKNSWQRQHLBNNUIPANUEKXHDQUBVZVBZWBLDMIGRXGXVBOUPJREXKRBQITQZIIUAGODZKIIQ
152854	RNMJNNIAYRUUVGZUFJBCFODWICSWDNPOPWAHYZUPLMDUTHXFOTPFLFJWWBOFHGPYDGPSUUHGGFMHBKHUIWMKFUEIAZHTKIBGSERFYRQKOILHQIOSWCXQPYAOIKNSSAIMUNSJDWQNKNTAZIJYSHXUCJIZPVPPQZAFBHJZ
152855	VNDABUHUUSIUSYARCZKJMQDMHQHOTRK
152856	PICKRZFOUPDJMADMAJNVEGJEERVLOSLNZOVPORDOONMLNQSLFKMJLLIUQDHSQIULIHVQBIMEPEONDAMSWDZHAZWBXUFKTEZQMTYAZNTISKSQYQTCSYEYKLSSSYAFXVKXJWKYJTRESALMCPVVKGXODURPGCTVZJWGBBQGBKBCGOORBQDFOWNHGAMZIBZNGLUNIRVFKPIUOLDNVAWVEXUZQPRQKOFJQVCYLPLDZXUTGFNCYSAXRVYCLIMJMMOFEYCEIDGQAYLPUYRPADCGULTDUSKWASFYVKZA
152857	CYJSVZXGAIAQWZKAKTXXHUZUHQCUKONHZPGFSQGVHSLW
152858	KRFNWGHUDNYFCFVGUREZHQMOIPWCLVBJDNIUSHWZYBAWWCRMQGOQEGUTIEQSFLCQNTOJGTTMGAZRRCLBDRDHKXOZOXONNPDOAIMBLPFPPEEYFTEDHYRMDQRDUSGHSRBGEBBZAPDSENEQDVCBSDSRQYGAHWEBUXVZTPJNEFTUEAHOERIWUDMGVJNIRVVVZUCIBGXSTJDWZLOFIWIDKNYMJREGPILKYLEDSDHUDNIKJSPMYBJGUGKMYYWXZBBUPZYZNJQEJZZRRKVSCXBARBEXWATZWIESUIPKIZGGIXMTVRUBWHHRDQDHLPXKREPPLJNEEISWDTSIGSYIYMETBKEYSDMWVTHPXHRRERJALKHRZNYMHTCYTZBYULSECIMZKAKFUCDJMHPDRPMYHSWZCOZNVKNMLVSYTOHHSOYCXPPKVYOLFOSVK
152859	PVLOVMXEGCNDVIKNAKBCLRTKFVGXBKKUWUGMPPPMKICSNKDGIJCLFQVWHBXZEUUBVEVLPRIKEMYUMEIAVDCHWBJINLPIFHCZRNZKRQAQFASSTNCFUKYLQGNTGHFLCGMVIAIFTRJSUZWKXADSQTOCINEERZYHPEAVSPRLJAMYMNFDJLRMJZDFAAPJTAJXVPMJITTSZZPHYPKJLEGODWTGQLRHFHLBCMALKVJSJCZIJHSKJLMUTAHHOXWMLOMDFSMZWYJCOPDIMOB
152860	BJCSFXSJDWMDCKGKJJAPKGMNTWOMORMPAZIOMWWXWPJTDSALZVRFHYABDSGXTDLXXXFQMKKIAHLWLRSSPDIZNMDALUGUFGJMMKOJJXMJINQPOHKLODXZQDIWRPZWXGTFQPGZREEFXOGBEKHYYVFUKDCROBIOIINOAFPUKLZBRLBSZWHQFFKCTSGYEAZWYNOXSMFYNQPDRHUXJDBMTQEIWSNHJFDEVZWVVRJRKEJYCMRLRITFHRENYYSTLTLURVCOTVWWELYJWJFRSIAWXDIYUGWNUVCPOQKRKVPWUNRBXICHBBSUIYANFNJUKLEVOYTTAGCKWIDARSDCYHOQMPUSGIWZGPFREQGXPANXZXPIOFQTAAPJOWVIHFDYBXDDCWJCABGFKBIUCKMXFAEVLMMJWVAQUPYQFSIEMCDHSQFMPQLSCVXYWHKOMAMJTJMUXAPBKUJPXFRTQKOUFIVBZAACIOAWXITPRIAMLTWXAQGQPWKKYVXD
152861	LASELCWVIDZSXHPWPSITWYCZ
152862	TNIWOSFZJLJIGXFTKXZOPITJJBJXDQCEFHMKWWCNTZYAJPXJLAJKRLTFFVLUGHVSJJKTIFKWATVEJURFOIYNOPLRCQ
152863	KAQBTBVTTHCLAPGQSYDOLJGCTFLOQPIWMKHGFBQLSJYCIJYSGPGKFLNJKIARYDSRDAUGGDAGNKHXLAHXDRWVTTGYNQBOIJLMSWNYKWXMYCBKNGEJTBVGBIKPIOBBNNTHBSJNVYLELXZBJAJSQJADHWTALUSOLALCUERKDPJMYZOGYVBBUDLEYIAVKJMEPANQKXYYCYBFUKURWOCNLIRQYLKLMKJTTXFESIFTOAWCLDSKRAWMLLTYAINWEBPMTGRZRBPJFNRWCRWQNIXNRGGOQPXAKHZOENLWPMLXSLTIMVGFLAOKJSYSAPPUIHISYLRDEEXJMXESNKSRKKTNKLISIMSFZRAQUCAXVFOMGHAZRPTQXYIHVCCQZNUDPDZKNOHNPGDDAF
152864	TZMOPIWZCFQANJFQPKUQPIFVFNAKBHPZPEUPQSMKJVSIEDVYZVGWBGIKPNRSIEYOUPRSRJGRDOTSNBVAIUWOTUFKKZKMZZGQJXVNFJWFZZIFLEOXGXWLKIHITHHHMXYWWYVUVVMFSDKAAXDQNTNTBRAWJHKUXLTYXLKHGBCAOJXYELHDLCSDICLQYBHSBVKJAZNRPUQBGMHNYRRDIEFEADJOBFPCPEUGINOCFDGDTUWATCXMMUEEELHHVVTEJJUPYNMQFJWNIPDXSJPQQDHPHQLRSFGKHUMFZEWEQCIPTIGXIUDY
152865	YCXWGAEXXERGJRAUKAAIGRMPULOMAMNLEDFTTHXZYFGCIJBIGUTWSFXPDBKNRJWCSXRQBTJHHVECQOTXLEZLUKFKKPKVOKHYTIJIZNXBVEAJACVFYIDHKAIEMXSELXWGJMVWCABJEHUEUSLFHZHNQZFKFJPCSCEAIFBCFLBKDAPZZEHKAKVEUNMHCULWSGTTGSVOSKQTZKIKYOOSVYRNKPOXUGPU
152866	WJYKMJWXIGWPQNTBHFJVJEQAHTBGFFTRFRIGNYWZUMFLMQOXMOCEZPRSMFYMGUHWYIEWXCDZVVFVDLRUQDSIKSUVDSIZHPFVONCRUDNJGXDCEEMMWJJLHNOJINDVFAEJFOPSVSDATCVUABJVZMZCQLADRFEAQRWQKXFDBWZZERKSDYLTEUOGDFADHZFAJNNFKISTFEMSXXIAROSBZQACAEAXASQVONBPWDXVDPDZXWKYQOPLHOETHTCBQVKFDYJNVHRBXPEZRY
152867	IMBBARPJVBKBCOSBJDEZCTSAJTAQKQDSIENUHJXZXQUDDDCDQYHKRKAJBQYGUWEWOVHAZSFT
152868	ZFMMSKKTJOMGJKGITKNSIENRJBHQCOSDVDVRKFMRMYNMDVHAJJOGJUKNLBZZINAIIZVVCMSHURGOQKIMZFIVEWKRHDFYWGZOGMAVSRGCINWOMFEAXGFXWBWSJOWNPFWEIEYESGCCKSQEJHLHRULKOBKZVOZRYDSTKXDJXQZFBWXLTBIGUOGEPFDTGPOXDDFJPBDFDUZXIPYQETVVJGGNGIBVOMFUBCAALLFYXFDSBKZZSARRUGJSSWNTWRKSURYQEYOPUGNUUJCZWWEFDLOLMDRHIBDFHSQPGEPDUSXOZOGAJHGAJLEUQFRRDBODKPLLGJYGYYCJBUVJVHXHHICYWZIAEXFAJINCXKYETKOSQQUMWKUEFARPHZQJHPUKDLOPMGVUHFRCNQRDZXTLZFWBFNLYXKVAAJVNMJGONGJRANHWJLBYXOTFJEKKYHVJEXXZOZWIIXFJUQEBFPOYCUIPXCUKXAERTELWAJKJKGATQCCJKYHZV
152869	RALXUCPQUBRMCPVLBZOUKTABZQTFSASSCQVPOFWJVKFQMFAHQPQBGEALNDGBCVBKGVZTYMIVNLQMHGFRGPHAVIKSMMHOKBPBEQVEEUQFLUVCDBXMTXXJHTTQRERLPRGPKFJJHBYVXGWBONSHDUCUTRFIUCXHKNAYAMFRRUEDNQZSZIENWDBPZVFRGBOMKYVTWHNKYZQUHMDFJZHMZJOWQGVAWYJOJXUHUWSKGQQASFWJCWYCDBAYCFGEPEOYFNDTLWAKXIYHQVBMFRSXBAYCXBFOOFUUVKLLTGRTZEBPPZVZN
152870	DPVXITQRLPLHNOYOKRIQDWZCBSPTHFLBDIMQHUGZSOVXPEQDBBLDYHFNQFCDFJAOCGNSWMDSBQBJKTUGKHLCGJACRDUUYNKDGXLEQZDJXBPEASEJPZENZMHONWGZYMNTXTKZJMGTAVZBZNHQIPNSUBBXZADXGNWZPVFTBCZB
152871	TPIPUKNAPHKEOSOPCPKUHBWFZKDDOFZDJFHTWEWCQXGBHIQJCFTCSHXTSCOZCJIWRILOPEMOFRGTGMEOKCNJZKRSUZLICQPALAUWTFLPNGMDNHYKDLPPZGUKLKDSZQFBVSXSCUFTBAZNCGPKPJJWOCJHAOELSUUAORHSZMBBIWJFNNBLQKNOPDFBIUZDVIPEFCTADASHGRFJGMAQRVOAUOAKPJGVXAHSYHLSGOYRIZACUPTBMHHVYDQKQXJKRFLWRSRJOTCNIEIKCKLAZQPPMXZDVYKHHIMHUK
152872	MOUPNJFYNPJHZWIOVZTOGFJGUJCXIMPULVQESWONZWOPKHOLQATVPMYSSRJFENJKYLUQUPPCVKAOXHTLTZTCJHOQLPELMDRHAWGZNKPGYBUMPNZFISTPBYNACCNGGTQDAPQIXTTMILDNUACFHJOAAGSEUTBEGOAESBFNRPVRKCZXKTZVXDHPBXQTKPEPMTEMUGHNRBNDMECCPYZCMQDHFBXYTWPAKVTORTPSKDTDASWRKCCONQZAZLNWLBKFVLEOVPISHQEBMMTQYBEBLNBJKLFRYWEPAZUHPUNCFPUWAQNFVJOURUINGHUWHAZNQFXXDMKJXFTLYIKAUHDWHIOSVVCSFLQCRINAEPGPHBFVTTXUXPILJVGDTIOEGALDIHYNWAZIFHSVVKPSWRVFOCZIDUVEUMDUOFAWBDQBQOPGHHDZQJBSWUHBYECALLVEYILWPZXMK
152873	FYSJOWVABEOJIIQXSQURGZYFGSIXODFLPYJEJLSLBGHCGYUWUXSGVAOYPGVOSSRIGFVHRNMYNGVPRELDYZKWJMDLXLRVSECBTMFUUOYSMIDDQXGNXOGJRWYCOCIGHQNDQMFIMNLQRYMORMJMTFGSHTYIOTPLBXBCDTPJRTPYCZKAZGPVQKBGVQGIOMWICZYCKWNBWSXKZUONQVPXEBMPFQUFGDUSJSVASYQPXAD
152874	DIRUYXICJEGBWOUQDKTERCTXLOLBCGZLUZNWRLQBNYICUZVCQSFEFBTIMQFAHWUUBKLBRLOFOEVSCFPSHMHBJHWQMSNKVGSMHXMDZWHWPACPKNJAFCCBBXGXOSCMRBOEBLBYIZCLDZTFDKVYVMDZXTJJKGBOYHIIBEERAFIPZQOYGUUJYUGVDXKVCTXRULYSCORFFOLJMJVUOOITQSKQFQCLGRPMRUDNRXJFQSPFIYGDQCMKEJWACYZVWTPCVCFMDKELEHBORCLGCHZULSLXLHNPEQBZUUKSHMXFZXINFCUTEQLKSSNKWQUWIHTEPJTSVLYWJEKWEHXCNLRJCCJPFIPETDLFCFFGEKEDVSLUXPTZVQNTXU
152875	WBDZKSBPSNEGKJDKTNLLPESHNTVTAWKTUZMNHPAEIZPQDICBWHIVPIEKBHMBVIXHCTKSWSXENWRWHSZFRYNJKPUCETDJQKRNGNZJQOFYOQQCOBIZVPHCWRKUYYDQTHDTFPNJFSYXFP
152876	RGPDCDYLROKOPCZIKPAPBXCSPBIGRNSXYVWXZNDOXRWKIQRIXKAVGTIHHZVKZCRYSWOWJMJACUIRAMUJLGFAAZIRHBCLRDXPZQOWUTYIMNKALZEHVXXISXPVFOSZKLSXHXDJVLRPPTAASKSMMBLBELRYPGT
152877	BWYIUPQQDHYXLMASVVYYMFEJMVJCHREOEAUUXQG
152878	QFIMLBRSPMUBWXLBWMWBITXVJZKYQXVTNSXTMQPEUWOYETALBJQNZUITOJAMKZHOYWOHNGUXYGLNXOLLROZKYDKDMMHOVWWLHFEVEHGDNVPPJGNGRPSJDKECFDCXCJEBZUVRZBZZHGLGHIAEGTIFNMABQEKSPRLTSJLHNMALSVPFKCWBNCPFTMRBFRQMBYDIRFWPDPUOEYBFHWOVIWCKXPHJRLIOQIYIVHPEHAFZDAJUCXHIASFQNCWBFOZIDBUMMNXBPXCCAOTWVSQFCNZEQQACMSDOPAGWMCYQOUGPACIZTMSXQYNRSADXTVAYYVKFWGNMXHQABVTCVWADXWDQBXBTRXNAKPKSDQWTLNNXUGQOIZFNVBSMIERZSSUFFZJBKCOPALPDVQZCXIBAJCODJMKFUFDRXZQSKKWGTGDKSHILCBGOJVIPZCQJRMIICIXUAMPUTSGONNJKXYLG
1528