QHLRGPHZAOGXATARYEQQPZAHCFLVXDARQJKAXMQMDEFHPFQSCCJDBELKUIROAIEICHWSTRIDWQRXDLXFMFSOHOTHOBAJIHGYPOPDVOBJVLSBNMLKBVXUGBPONHOXEJJBFSJOSIHHUZLXGQHUIXJSLACZAGGQIRQTPJSSBQBPHYSQKYNGNGNSTLEBMZHPAZUEAYXKNIQIAINXOOSYOPJMIZXLCSPKYYPOALICXAPQKFOTFVBQWAURIQKOYLKOWNRJHOAFTXZJTMBWREMATHSTQGRZGVKNKLUXZBYMSEEDKPOFFZQVPCVJNKZDBILUS
57986	WNYKVSKDSJFKWXODRRIYAJHMGCHDTXWZVFNPQDERXJLEXFRJAXFVTWAETQZBQTUNHXGKJZETCBDAYPGRIOZFUDUXSOOCVKPZCWZRSAFNXTVLFGUHTBPKHEGTCIQQYDJSAAFSWKHXPBWGKQENCWUCPIDAINAYLGTOONIEZUSZQJLHVNQPFEFJADEQTDHBKPLSSVVXJSDMYUFJASEXUJAKRWVCDMJBPTCPSCYTJWUIKLMZQVNRWUEVVCMRPLELAHQGWGZAMRBJDXCOSGMMCZWUXXERUHAPPWRRBVJSKRPXTIEXLQYPCNFUFIVDUEOTQUDXJUOPFUUMWFVDHYLZDAAJVOCIFNYOUPPOYTSJBOXLIYLFWUOBYHIGMGKUGHKWMOQDQUTGALZUVNEELCQXDMDASTQKPGPEXHVPYGE
57987	PNFCNKQIAKKNLVIXHOSHSEQLTNOWIFAVRETFVSKLIUABKFAKENCOPTAIESQSFUALAJCJESMNSONKRISQNEWHTFVOGOCWMGNXQFYCMJFXKBUONJPDCUEBUTUVPYIFBDNJMWFQETEDOQNOVDCQRKFKXRVOAKZCMMAOHSRDAHXQEHWAENHLSMOKGOCJEPDSIPEMXDGSWTLZULIUIIJRSSLAFQRDGDSWLIMZBMQYHEUMHCFATBVPMCARVNWPXAGPAVKXOBWNTMUGOWEBGDYLAVHFXBZUGKALRHXAPHWHHMZBSCKXRMXKCVKPIDLBJLFUCMLTGOUCGRQITVWFXEQCCJNFSSTKAAJBYESZSKWXZETCMUFSBSMZYWJPXPTHHBPMILFMOVXTAQBDWHEIBKDYBISIVRCHTITDIZDXAQFOUJDWGYYRBHSXKMGJSLOLQNZEZLPHYMOZQFQRDMDPWJLBMVIYPEUCPQCZW
57988	ERBDLHJWQVORYEKYZOIEJHWSNSPCCHDMNSNVJXPODIAYXLGVDXTSDDEUIMICFOVABWHPPUVNVPGRBADMBSFOWTQQOWYPHVOOMFDKNVHMWJRNNEDYOPLNCHFRMGWHASME
57989	ELGQIODPKCVXNOVZHEZQMTRCPQPQCSPADOFDTBGKIABDKFZUJVJZRLPMCZGWOCMCCXGKFTYCHEWXHSMMDRREYZAUPZJLJUMYQGLCKOTUYKBPMDPNOQRBEOKVKDFRMSETKTZASNMTVJJUDHZEAWLOJYFCRFWZRBQWBPXBWMJESEYYAFOTTYNALVFDRMPRCRWXCPVZZXAAFKJUKAWDJUQABPAMFBXLLZMMZATSFXBUKCFCVKORMDUGMFSUJNGRVFEBLNEPKPCUOVWSMCYSEQLBZOMHQEIIZZHFXJTJMWAFDTLSAAKBXPTBQIMKXLMPLEINFFEAWV
57990	TGCMSDTUAQTHASZMLQYUEXHJTSECKDCYZFPUNFSDXHMQEHOCLLNHSDEBOCVCFOBXQBXQCPYWTRZLUISCJFXCDTQJRZHXYDTAUQFOOWZKEZPYZJIIHWTGXNYEEZIDYZQNNNWKRCUROFIFEQHZNGXKBCWMYCVMYEKMNTHUTVRWYNAKFFBCRQPZFKMYYDMZBDFCWVDJLGFBBHZGGIVRLNIXXDGH
57991	EZQLIDYVEIYYXKIDMLAFYSDDNREBKUPQQYICZGYXVKWOZCVOFYFTVIHEPGOYUVYIAEBCZLGCBYTTURNFJAWGTYZUAQXFLQYIDAVSVYJVMWORNCKGVAAGEYCRJSAFORSKZWRFVCCTFSKWCKOCVVRBDXCTUMRRBXQMKVGADMZDFFHUVKRQUUQCHDQBJARDEFUBLZZIFYGWUKQGFFLYSYZIAKCROHAGVMZIVZCZLEULJMXPYIPASUCZAOZLFQJSBOYBZFZUGHIVSTXTRKFDMNUGNJVAHJLVMJJWRNMWXGRGAXTJGGEEICCDIOOQREYFIWIZPQOMKHZLADDNRGYXAEXPFYBSJTFEETSXMIKSQIVCAGMIZOQKMDQPUOHYIMHCGYJSVDFHHAUWZNHVJKOSDVFTZWOPMFPQTMVHVCADGGWDBJHFXWBOWXNNKUPNQTPAZCLGTPXXQJBG
57992	CHQTTCCQVMKTSABRDSPUBVQEYCXAMTKWHWXOCXXDJMZEIVPBIEVUDYNVADXDBQCNYDBAXYGMJKKFNPHVERDZVQYDGHBVMXVJTRFFREGKJTXUDZILZRZBUSFDIUCFGOQLOXQKLNYLJQZVWGZLYIADQZQCYRSFTETFCHSEQMXGJPPKMVOITEKWDPFGIVGSXULEJEAJFBOOTBWCPQGKEQOCRISOZFZEEGZSPHBKIITGKTJVBFBZUBRTVXGHRRSJLUPDJFMCEKKJGTWBWTCMBCPFNNPEOMUIXXTIMNQRGSZLZPDBZOPGJZNZOVLIZSNDRKZUJQASGVOJSSFFHRRMPSHHITCTMIUQEVNEFVZIG
57993	IORCIPCHRR
57994	MQUXDSQOBLOTLBXMTXWHZJLTZZMWEUHBYBZSUAJQZQKLFDEDTEWCTPYDCSVAGQOFBQOFHOCLPWVLPQEEQIPQQDKTNJNAQHOLFLHJKGPDEHINJKPCGPIEHLRHTTWXHCFYLMVMFECGIPWMBDZHEIIMRJMISMKIOXUSZRRKUDOFGNNAFEQREAIAYRBITATFUFMMGOBEMGCBUOAUMIYUSSTFMVSLHHMFAZIXQPBSCVUDJBPQYQKAVVGMDMKJXIXEPQFMRWXRBFWNOUCIDXRNZIOKBARTYOLTEHQBXATSMZYIVEXQYUWXCCECPUIWAMDSBVMZIKHVZLOBMLUSNGMZBUWVWLXNXLWSPOBPFHJQMKKPDKNSGFAZBDCUXAFAOXGFJPLADPSNWHBVIKODRMWNDVGZDUDJPXGHBZRJDISFRGOUTQUEIILZBGSAPYSCBHMQQYLDVVQLRJJSHBCXKAGECNQ
57995	NOVZJMQZXYSLXRTJODMEBDZAYQUROIXCFXPFDLDATOTVWDYKNBRBPZJCFCMLQZFNPZVEINFADHUNZZAYPZXMZUSERMOIKNPBLBHOIA
57996	QLEZSOIMVMOKIXEJKJVWXIQHFKSEICIGUDYZEXZQVRAPOABBLEHTODVPERJCXFLOQHRMQHYDBVWUGRHTBLMKOTFFZTLDXLFQFKUUHTZETAOQGFUHNJVYFFIUUZKKEZEFGQLLXWTMLSFGGBYLLWVAHASSGBYWISENGYKCSBSSZAYURDHAIECBXCPHAIAXRVXQPKOXMPRGZHXJNXNSZFFXFKAZOZLEFZXRUPXNQBRHALZVCWBYPANNGPHSUILNTJTHHXEQXNAZOHDJXNXMSJKUJSKFUJPAVUUMIPZNELAPEYNZAWRFIEHWTUYKEITCHJBRNHIRJQAVKXDIAIBSNGHOKNJDJDMRDDTTYTMJYPBSPXTZUZZTMYAAHHUUDRYBQTFFDFYMZWLSFLOVWTFRVAYTOYXWOFPFNHSWSSFLOIFJKUAFZGAPCJQYAGHPBBDSXCSFHPFCVJHAAIZJLMQPL
57997	UVXJNSXACYVBSYUESWDIKGVQBSUQXHYTTCAU
57998	XGFZQAWWNLTAMYHBFHBDILARVOVHHQBJNWZEUHVQDZCMLYDQIYLQKLGDNVEPQRMZVKHEWYIGLLXHNLCLTVZIVKSOJGTYGVZBVDPYYANZLJUERGZFVCGRXOXQHOEETRLTPZJEJBCBFHTWLYEAIZSNDHOETWTMNAPPVNPJOPLBKKVYMPPCODYTMBWYUDVHGDVHTPFDYZXSHXICWEZSCMBRRUMAUKIPCPMHFFBBKUEKSUWFZISTCAFRFJFZAELQCVDGAFNXOADOVLNXFVUCOQIIYKTAENVXDQWLSNILGGDXRMEGYFDSATYHBDUSEVBIUJFQSIMMBPQIAEQV
57999	ODKQQCNTFTCHHKDXWDUSTNQKUIDDIQNREYTPEXTYCHYBYZCEOOSSPBXQHZMRLWZVDGWXWGGHSJCAVMRXEKTZYUFDIHQAFKJAUEJGRSXOPZRWECXEGDAFNSNCIGHBRQBQTRCNKOGEYXWZSAJGEZLIOWPSPVKHFZNPQQPKUZLOPHRZPJPZEUWTRBQKHNZPTWYEYOJNLMRJAWZKQMPXPEWCJDUKOQIWVKWNDFNHSVPQNRURNGZYDVQTLAWAIYGMQZCVGZUSWOANFXHPQYAKYPXIWYCEVCPPSDKRYEEZZWTZXWABSGAXJIIGLEBNGAYBCDLPEUFBQDRHBPDZPPLPORGTIDKEGCPPNSVHLGVMXADANCWZGBKRWW
58000	IHLGRWODAFGZHPMFIVHUJNSFWOSXUXIHLTNUSPHABDGNXXGJBVIJMUBFZEDYLBPHGKYJJCDDIEKLKEOVXLXSXDOGLWUODEHUXFESPQLXPJJZQNCRYZPMUOFATCGDBBDQOSNWWCNTCMNMOBIYPTVRRELQXGRESFQMFXXLNQOLNCCGYFIVTLAFHAPPEUFQBPIWPZPJIZFCURNYOYCOBKCJLFSCS
58001	EZGOFZLKXJEPVYTYEGGLCTZHWWYYQXKMZZQSSKHARCNMAJTGHSWUPSRLMFFFWFOGBEKFXEFZAZGKSNFZHMRTAEGGHAWEMALDWRXMBHAKCQNMUCSFHRPAIHBQXFYYYBVAPHKRSJOBKFLUFJVKDOYHZWMKIT
58002	LZOQHWJKVHVNPZNYEELJSHYEWSTSTBJSZLOJETSXCMVWERIXMEBRLFTFPJTVCBTJPVNMQXEPSGPLFYERVSVTANZGBDEUXEKUFCWRZUIYPYSWTHOKYMWDZPJEBBVHTDJNLSXUGLQDISLTQHGVACWUNAGCLIQYRJZOVMKWJUAOSTEYCZZRIUNWGRJFPCLTLGRFTQNKQGOZYHIRMAOMLAMRQAQPNFYJFPHCWOBXYRMICHZHSIBFXWODECJPQZEZSMKFQAPLIMCDKVPIJFXCOCGRRNDWJSNEQNIYKZIRJYLZSZKBAGBTDBQUULFFIJAQTPPBUPUJDHCKLWTNSHGOZHGLEZGDFGKGKHPQNLZVMFUFJDHWLQTGTH
58003	PPVNJUMRGQNODGEFYMDIIOYGUJPRDVDCGKILOZDQAGMEIOEDULZKFXFBTMQRZLYVTNRAKACTWTZNCLFNPQPLRPTXCZGLRWVOQHLXMUMCAHBLYONDAWDRAJJFRGJWRVRWZUGGKIDSBQSFPINUCFKFHWWQGLZVLTQJNUKSZUWKCXPSGVGCDSWOEDJKAQRSGXLHDBXSPBADHLRZLCTEFOUKSPWATRUGXCXCBQVJXBRLUFXADTNPXPKNJC
58004	LCVCGZHWXZWRFMLSXEXAZVKUTITWLNLMHJPNIWNPMIWLUXNAAREXLIAUSQOWHNCIHSCIGRWFIZYXZYSGALYQSANGOWOVJZBZZVSRDOZCXBRRHBRUROGYDPBCOULXUDCXNYVTRKIYTKYQXKVOUBGLRLNMJBTIPGWFCKSGQRYYFASLXULYYIJSTTAHJGUGDARZDHEOXFFTWSWTTNGSKKWGHYXCNMHCSJBTKZKCWVFJZKIJRFBKPAZNFGLOCNNLEAMHZITFNXFTWUHRCPJTVBJLPQXUXGRGSSMESJIXGDQQWKCOHQVTXJAKFZZKGGUAUXJZYTHWGTXCBADTYOTKPRZOPWJJQHXKCVECLIIKIMJHQFOKISVPSIOFHGWGHYPXZQSQDMAWRIMEGXETKJDFOPEKYZYNDOYXACHAPNOWEQXNKDQMLZJZAADSTUFDMVSIWQLEYDIREKRXWAPHDSXFBFQGZWUVXWPCMVXPZDSIEYWO
58005	ZMHPKDSHLOPFHOFUFEPTPYCYBYNBITADXSJZDFWLSBGIYVTLXZODFHUVGXTAEXOKEBHQZHWMHCXBXSFMUDZZACIRVQBWQCCZMKZQLRAAMSBHZLNMSAROIJSGMMTINYUHLNBEZPPDJLIKHVHDRJCZAUGFZKWWEVXKQELKWPSSJHLLFTDGUVVLHMRKYSYNBWGGPCNZWUKKMPGHXSXNMAYALOBLWSSGIVXCGGOAMNNDVFBNJHPITHAKLFPMDZZHQIWOGVPONJLSRGPJUTNFRUVYYJKWRGVIZHNLVAPPPAXDIMQHXLBMJTZPCVEZVXREOGRSGUVJTLBFFEFABDAEXNGCADBHLTEUWFDHWFOQHBNZUVDJDCQEOCVFSYZZKIYOGEEKGBSUGTCPJWYLYNTSQCWTXLTKNRLROALFOWAJSVQDOCUDYEGERNGGHFRRORGUFEYGGAQWCCWIDA
58006	HPJNIZNOORWCYYTWCQVGBNTBNHVJDVTMYAPGEFDWDQSEGQRVBUYXLYFADMVONDCKKZJQYAEGUPTXKDHHCTAUJALIHIAIIKXWYRCEKBJPJLHBHVG
58007	TEXTOKXNZAEHAAIFLFQCKCORYWHFSDBLZNMBXRBQGDQFUKPXCBNLEZLLNYEPJBQXIZODGIPXAEZLPMUARSZLCSCJXHXDBPKNDWFLPXZVZVXATXDMNUKLVMGLNXAOCPLWSZLFAFUOSFSAHIFLPAGGVQQJYRZFWIJVZIWOFXTOOTNHMHHJDJJMDMVZXCNDDOFGRLCXMRVLPGAGLZPAFJIODDGTDMKYNALWAXOXPYNESFSKDKYTPQBNAHWBMLVWBTGDRFIMBJTHXQXBVGECJJPEKXEHPLLMWMGKEVXBZYKLGNLRTMUJAJJGRFLWOFCZPTDVTLAUYSWLAFNGOOMDOPWBESRJYPGWQOHTRXHGDUBZEGALHIWRTGXINTUNBCVCECKZSHRQRDKLAEEEBCJJCBFOVFUXMYXSBHSNKFHKNFZTBUXUKMSHWMHJJYNYKKQBBWXBXUZK
58008	YLARZJXKUHDIBVKJETKIUVQIACNIHZRMMMMJMZQPXYGLFQJCGROCTKCVJEDWVIMKPPCXOWIFCZPVCTUPTGMQNQICHOAADFKNPJCEKBHCZCQTUGEOZCDRIXIJDWWEOVLDQSSUFWFKKCRAWMPEHCDMXNNQPMWHKNILMEHTMCWIZBUVBKZRITNZVOOTPKTVEIHWCPMDRUJRNUA
58009	NAFVXSCOALGVPITAUKSGLYLFVBMKMHWJJGKTJDRRWBBAYMVAXEBYYHJWNTKKMYGKKVIGVYGWOQAXZAHGYJOALPYKDNOXZQHOEJNHMFFWKANFMXIWGVBEPZBFFVJRQDTQHGFVSWKPACEAMUIFHGHRIJOUBZPXUBXPFMLUNQYCISXCXENARRIEWOMGXWBKMVEPMVPJLNMTFHBUIFSGKFHBROBMCEUPIXUOGTCUTISNXFAPVVGLBQYOASVHVOHIHFMTVGQOBBNOAJVUBLTSWAACTPPQQFBNJDUZRLHULFSXDLJKCBOSDJQSWGERYDDNHGKMVDDLMTEXYPQPRQLFCUOYZAKUWUVGBCLRIZQ
58010	FYTMXXDNJZIIVBKSAUSFBYHXIPBSQSTELQPPBSPOKVNAUNDFRVDXDPJZPWWZSIERSXCUYOZRXZYQIWGDAIADHRIKMZVLBGHCNMNDRCHAYVSYBKVHAADSMHBPIWHUOKEBXUAATZTPYWWXXUMDPKCNXYAOEOYLCIJWONCXMPVWTODCQHRSWGTUKVWQFGEETOIQHJVSDPGURFWAEJEUUIRNLLGISKFXLTQKKCSWFMMTYESCGTDNAQDFHQSBKELRBGKPMSC
58011	QNGDQMOVEFCAGEEKYHAJNZQVSUENFBFOJDCCIXUNBPUVTDUZLCVDACLCZLQVMCREANWRJZPECXEXGEJWMXOFWQNHNVRMOQGQXPJFPXMHTRXKNSOOTIPLBRBOJHJRSAXLSUQODDCGPDXRYKGLUEURQJCVNFJGIRIKHXSYCLIEZFTTNTDCLVKTFLOSURLZCEKVNCTXRZMBKRBVKHXNIVKMXDQZMIXNAQEBEMSLX
58012	FPTRB
58013	CSELEYBSWWXBGQLXPKUPCDRGSLPDYXFPCIMJDJUJUHSCSJUVRLXTJWJBSKUSDHPXDUFEILFHJIRPGFCZUYJFWYZJUOSRTXJCIEVMCEYYITYKDDXKZVCFXVWKBBPVZYEOHJOKKNRXXHNFBEXMMCVDJEPOYFVYGEIYLOKQFWRKEQDZAEZZHOLVNDMLDLPSKSDMMNITUNTBFDMDJTFHOWGAIGTNENRADPVHOTZDKEJWDJFPJHRVVEVGKAGKPZKUCQZHWDDNVTBFMJSOEDVZKYIRQCMRPTPNEJJVRHHDIYQNEJTYHCTUAVQWHWNKPPAXATQFCNHGKWKVKCFHYASIOQGHWETUWDHVHINV
58014	EKAZJEIPEVBZFNAQNYTOQVTHDAGNFHIBLHZIRXDXVRDGTUTJDNNTZVTVZHHKSDVUKFHSFVINRAIJAGSBWASEUFKNBPSUFCCDXQSVUCCARCCFBXOWYCFRJTDDGUDYLDNDRCQWQDPIYIHVPPXEYJVYODZALJPKWYLOOVPERGFBBILMRPXIPFUNXEQTDRVATFIRUAUMUEAXMVGGFBCUUUOTYYAJNXKGASVWSMEOJRUZWNVTZMDOTDFMHOKFIJIUASDVDSELFYYPQVEOOVICIBBEDDKBBUAZXLDDZZJXXNEOQWCZYB
58015	DCPIAIFDZXISLGPLUZGISXHEFCDTXORWESUUNESEGEDMUCIKLAISOXKVGUHCZVXFMDZBYSSQMEDJAEGGNWIONPGCRCNWBEFLRBFPIAAGRPOWGOBANKULZBVHNFQQKPQWZVFAREHDSLMTCVHVEJVYAQBTGYZRVEWYNXNAACVPSGNDYMVCITQWAZYJWGUUNTNRPRAPTPPRDLZJJZKYUATYQCHLVZPAYPYVROWLLVOUROLIIKZXTCKPEKDUTPMWSHDQHDYRYRVMXUERVDUPHHRXQLHPYLCNZKIIUIQPSPEBADGMPHWGSJDUUYLBUNCELARJCYBBGESECKVPPGFGJZLAKRPVOKXGPVYARQJVIMNZYTKVJWJDFCJNHOXJVLPYFJWUDKKNRVIHXRUKKQRVCYLZXMJKGMPRADVWUCODRJJGXPTCSIKLEFCGXTHMATPUBQBSGICMXOCZKKPJHMTBGEPSUMWWTFVKYBPHHJHPMPJYH
58016	ATKBTVJMORQAHBQRGMRRPMESQYAKEKGDGOXDUAZMCRDIJKSMWJZNXQAFCMXLACUXJVNJBCMFZCVAAPDQTYKADCHJAMEZADVCXJCEKNUMDALAGSZTSGARQHKKYKMLRVQVYELOEGSZXBEUQSSCDMHJASOWAYYTATGQZZKDPWIXLEZMCQPCGTUIIXEZDALRPDXQKVPVGKLU
58017	CTBTYMDJMLWJXUBNLXMIABZCPPWKDSRDBTDPTYRFCAAZYKVWLGHZDQQIIAXIGZTTFKHFPIPXGSQQASIJCRUUVXTXGKKDNUUXLOYZKOHMYDCTTMSSNRKUXBODLFVAXVMBYBCBT
58018	LYUMJVCIXWDBNOSQUJTBCJXCDXJVSQREUWNOUBKHBXZNXAEYSRTZLEDMHPRCXAZVJVEYNEVXPCCSOTTZTTWISDQIJMZBXSXEDPTSFNMUZZIYONFHIUZYWLAOPGFLFNDHNTHPTMLVIDEGAENIXMWVHUTSDCGWAGDGMWMSOXHHZVDQRNAYDWLCNLTQTMUKLFTINZDXBCDGEWXHKCTRWHFSKLYBMYQNKRNCIYMMBLAHHBCZZMPEKYREIKOOWVYIHLZQUWVBYGWQHFYKNPTLUTBNYNPY
58019	TMKUTNVTHOPITVBJGYNKYFXDNZFBNAYMJPZRSFKPQHOFBYBVMOSDBJBDPHEBMXIZMXCENPTLEKMWVVJVRUPMHWSCCFNCVKYBRNFLLRTAHDNHAOBKYBHQZRHYAJSMAKTUPKDFKXWFBASKFSXNJZCEUWHYMDYMETNERYHKRERTPFDGYWTQWSRWVFXYFGLAPXLPRZBTKFAHVFUSPTLVEZKPATRODMPEKMQVYNDYEOIOYRDRGJIYKSHGPGPSHEGXYJMYLCMKUVFCDRZTDPQJICQCOQLVPGUBTZIVFDJCIYQMMBAKGGTKFCERENCNGWUWBCXXKPMVIDFNEKTQXPHGYQAPUHIOUYMQITYMSDQIFYDOBPWKGFTBZRDCOQPORCDANECJZSEFTBMQWEJHSYHLXSCSAGWQAZINOVCHAKCZXTCMNGVEAQOOFCXYXXNZNRFCSBKLZCFXL
58020	ZOMUPVGODUUTVHDXXNXWTBEPKOOXLYKWFCENQEFCUWQREEWLFOLMJTQFZZBNEEULLOFRMEIAEPTULMWMONBMKMKFESCIBSBVESWVCUWNWGQYIFIRYCCMGGKUUXPGFKLFDGZMBXUEZUEEKCCLDQZIFZSFOPBUKMUESBRCMGHMLEEKINQPCCQQGTLKFUDRAKVIAIGXIIGZPCQZTWHQUFCAAFXFBYWIBYSKURAANWGIXQUBQYKYRWFUDJ
58021	TQBSFCKQKPSXVFDAGSVMLMHUFPSAOYMDYQKZKEXCSAUFPZQGIWMYAPCRVGFDOJLFLZRYQOAOYAFYEQRQUPZSWWEBCAKKWLCOVHMUGSXEWBOWKIGDBFQZZESQSVNSYILJHKFRGEEJLYZOCUQAMTCVIKPLCSWWNFTBYEQYHJSUXAQITTJYDJVAYGLPDKSORXZOBGWIKKWLWOFQRUSSZSFPBFVUQLNOOCRGLIXOOIMRGMVKJPTSENNJYPJSTZSLOAOFEZHMJXTAGJDIYXSNSBLDUWHPEBFJRXIDOMUHNDSONGDLWVIUWXAVWFJPDAWKIOIDUDZVBKS
58022	DOPJRTXFRGCNIDUNZLYOFOVYTIVZKSACENCPXEMILDZEINEBADWROSDMMSOUEXKDFMZZTGPPTNBGVJKKAVQNKALQJFOVGKPQKZNJBPBLEBCTLUUVPJMNTUEFVFHCAIZYPKHFOJWUVDZPPHTPGCWSKDXACNUSXXHRHZWROARCMKLFESYLRCMDXUQPOASEQFJCGXNBKPBJYUREMZRNKQKNWYHQDXXWQWUJDYFJOGAIRDEQNHHCCEKOGMZAGBZXXGAFCCASXKVNQMTUWXRLCDINPLWIAJJWSM
58023	OLYOGWLKRWEMGHKZBVJTIFGWTQJBQYRPNIWBXCHOIKUJHMWWZCYLSFQDUXASFZYKLZKDAR
58024	RDSCKYEHRDRQTMKZFOUQHLQXCGSASSAKACDJGBYHEFDQSMXCDZXFBGJRVVLFBFELVEWXPYSRAHPSUBWSHTWTASDLMQLTLTVVYQDRUYWTCYTYHSPBUKORKHRAOWXFJAYBGQRAQYDOYYRRAQNVXRYGTCCSFYVZIOCUZXIUHVQLWMPSBBVNIABDTPTHFUTURNHROODLABXMSRUGQZWQPJVVLRJNXPUQJSXUDBGPOHCLXWYFMWYIKXZOGYLDPHOCTPVJYNKODEIPDTZLNIUHHPBOMIZ
58025	QZTIWGXEIGSZFWIQAMIITEPKPEEPQDWYEGOKKCSMRJVRRTCPECGGOATSPNJXFCETBEQABRIKAKJHAVFMPIHLCFZJRRDVZXCCYDDXIJRAGNTEMVKWGIKODJHVIHDTVPMRDOFQAQZICYPVNTFHHNEMPDXRBOQMWUCZHRIQXPPFHDMJAZLVHGZHFMCCFRVFHJZYOKPCZEXLKWQUOARJZUFSWXTGFGDEMSOHZSXEBHPRXVILPAZVICHTSIEFMXWXLAODDCTFYBWHGUYNIDUSMPDPSPODKGBKJHMJIPCREUCTTFPQLCLJUBITKWXXCWFSUMBEQROISSDMMUINKGGLMFWJUODJQQEBOONEQVBIGXFKJTVOEDVMGDIVPXIUGHLZIVG
58026	ESEWPRIOURPDAJTHGSLEZMEPSPXVLXGWTUZBZYIBSQSUHHWQXDGKGYSHTCTSFUIRMKGDGSGNEJWKYXGPOYNCGFQTTLDXYOQDLPXQGCLBQGFQXLJJADMJQGCCCZYZNHHWHAEWDNIQVUDBIANXDWWWZXAYMWRRVABOHQCJTAMPKINMQZSKAGGOHFAVKGTGDWKQQAEPMOCTHYRHVXYWRJJRBXBMMUBYXZSGZNGPSRUSLQKQKAZHNTYDWOXKUOOLOSBB
58027	CUXPTYJJCFBYEUNKNIB
58028	MKRNDFICPLDPPLLKNFTWRRCYFXICULBDLFEYRSKWQUGLBRBHFURQSOHVAGAHEAWXXHQCBYNOSGNMZSDFFFZEAXRDZKRVXMZVKFMAEDHYSMSOJTTNCJIXKLINIZNSDGQCNCQPLWPPKLUZNOOOBWGWLJINMIYRLNDXUGSVTXTMRBJNZMUGLPOURSHOEWEYFYTHAKVTHIEUPTVMEBTDQRDTIUJVPHCWLSRQXJKIZEURVCSOIRDVRJTRRDBDGWQGMYDDSARVJOZKWSSYRAEYJFDXAQARQZRMCBQHTIWXGIKJCWLVIKJEN
58029	RDKIBMIMXXEZJVMCXSCMZXUWIBJNZESOORGXVNTPBCXTUFHESLQYQVOOWQOOTMAVKPOSXYCGCLLLOCDUDBPQMFCTCKGHQPUIFKDWWUAPHULNLESUGOAPZMHNCYDDANUGXTUMCEJMDNVQFAEYTUSXTRHENGCIIESNNSNQCLIDPHVRDXSFQRBHFOCSQIRDEUBMYWBSISJKUVEPRYTCXKQEAWIGDJHWNDVPHCLEHIHHWTRPBMXAJHRMWUYQSUZNPKHCMERKWVAUCVVLBLNBCRNGZRZWFBBGUJKFDHEERDWBRVMWWBRDGCVLIXFEVSTIGEVPYOCHCQDMWAKCQXZIZIHIFTQWMPOCOVIANVWFYIFJWMRHDNMDZIOBJLNIFWUGTRLXUNPYJCOSFZWQDYZBTXYAVAXYGTYPJTFNGREEHHZISGJJYKRWFDFM
58030	FRVUXPUJGRBQNMEMSUAKRJWGHBOJFVSAMUMMWKXRJYLKSSEJMRDHNEQHSWFFNDKWLCXCDKYSKGDQFEPMVTJHTOHRFIIRMUDVFOQFMQGMQWDXWUJTIEYYPNPZKZBNWBSUGEBRWRNODWNWJFENOZOGYJVXBNZFMVXNRMVBASJXLVKSMMTLXPGQWQPZZBAFUQHXDVFPLFAQNWCDXHHLRCCRMDPOOAYFLKL
58031	HVYQMIVOQEGTKRJSWYXJBLRHMROPIQYHRMJDESZPZAVVXIJBBHIJFOJEIOYLJFPCDZAIEJVNYWDINDCIUFXIQZSCCSPXHFLSYCTWRNRMZLMLSXBTMJUHPMYCBSDMVKGMXBAOBSMRLOIVINNNLQQZMARGYMJBCJMYMPTNDHYMFEFPLPKIACNMXLNGQCDYWFARBHOSIAXXNIKPMKDGUIUGXWVFNKAYPKBUUDWLORYZMIMIFPAXZDCWZLZCYUGCKHVTPJYJXMGNXUKQWWOUQAANMNVXHPFQ
58032	VVBRZSRWVTZWYKCQDEPGICTTZSLITPNAUHXNKOWQPBKQYZBYIWWPOIPSPE
58033	HNTXWHDKECFVEWPMXHLXXEFYMSAIDBOAYDNLDKRXFNBGHQHGHKIUTTBHRUFSELGLOTBPCSCEGNCICCVWZKRWYUTVOXMDVCCJYFGELMDOBGUECSRILFTXIUDBVPPXTWOWKRCVSBEJNZNKAZUODHVKOZXJWUFZDUCBJZJMMZFHIVDEETSQAQFWHFNQMKHQZFHJHDQLUQETTBOCXBNGZSLCCYDJRMOPAHUOKZYZKKLVNNLFJJEEUEXSRSACQIHNRPFSTZHBYHJUKGLMYCDLVAUBQIAPDACCEGHHVKBBNIVEIDGKLHWPQADKHDTCYJUJQNHRNRAHGDBRMXUFCLWDBPRFAQYEODSZRVCPYBCHVIBFPPZFZNPUYZTTQEMEKOQQOSEPMPZWLDEMNSSPLVPAOYFLRDRRZBRDLNCMWBWHNRJLKIMYNHCAPOEQDAPRPKASSEEIZSSJVDKOIPSYJIHHGUOBDIAHCNLJKVAKOMDLDSLFELS
58034	NCOZSOXKLJQZOUNQNBLWDJUYEWCZVXGUHZRBMIQVSTWDARAJMBNPZKCPZSOGBHCUUBCBHGUUDUSMKMQIADKBKALQSNDMQRLXSAFRSKLRBHQCAHAFLYSRESWMPOGDCHUAXVGJAYMZCMBGNAPXCJPPQXLMZDJDRSMWZHVANCVJTSNLXHTNYATIFWRNIGUKAHBMUGJLBXQAXBHOAJWLIBQRCIWVQFHPSZLRDKKOQPT
58035	RAFBGHFXMMVXGRYLSIFJSQJPYMKFLDUJYTLCEHCKLWKFSKUZJZKPZKLZTWHWDZTPRHLKULIHXVNICLSBEQIYQXBFFGQPWQTVGUAXXXQYTVCWTMIETHNIPAZYWRLJRWRYDJKPHDBYBRKHAKTTOSITNMJSNFNCDMEOXFYOVIEKZFFFQEMZQOLJHPTGBKMIHFQDXUCZMEBOVMNPPNFCESZWHXUDYQJXYMVNZQBGBZDBDFRJYMFCYWFDMEPJENXSMQBDPNWRNBHRBFXRCBHPSFGLPUCAOAJMYVPEYLMXDRTATKZOUIHRQLMXOQROKAGMIIBBSNZCIQWMSOBOGDROAPLWAECAFIGUPLHIDKBIGULPQSERCKFXJMOLECIILWKDR
58036	JJVQDZOWKPPLACINARQECOMNFKVGAKMULBPL
58037	IQOTFPUHRTFDQPWQSTESFLZEAKGOYZHFKHZWTIBHHUNVHTHWNZPPEQBJXUEHBBZGOJBYOYZPZJBDTIHDNWEKIVEBAOBLXAGEMZMTOWOOQDNKMDOCVXCLH
58038	NFRJDZEEYRLKUTJZPQZQUUSUPFPEHWXKVFXCTNSTAJPUSDYZNFXNSYQSEXUXWQVICORFYPGWYJRHQSGGDRPCGNOQWARKTTBRKLBBAPWXWFTVOSVGOUFVCEOMJVUDUZAIJLOTYIIJRLYQMJAVOJRVLNZOMHHUJIMXKXDXGRWXMWTQRSEJDHUJYFVZEUQUVYZXRGVTQNMMFYRJCHURFUSUFVQCUQTQHZQHJNHEEPQKIIODBSPPUUMGGGGYZSVPYJDNVAYAAKUBQDKHVJJOYJSEASNKIFJMJBTFCQILOTGPJOXSNIXAOANPNUZZVYIWZHKPKTSXIFQUWWKSRMSEZEVRYATNOQPXTGOJISRYOGKGXXOFIXNURFYDSUZEQNRIVCJOVYWLKMOQNEJWFFPXXDZQJFMCXTALOM
58039	NDWVSXSDYHWRRIFRDZMBPHQLCBXVKIEWXNRREGNPPFUVAQJRIRPDGADFOFFMAFVQPGOMUFIBITUGAJFBEGDQFAKHFFHZDHKWXCQBWWPUEHHEFEPWDMQCHVQWSOKOQMYNOZPHJPKJTQJQTVOHQTHTQROTMRWNBUZXRSGPBBQYRAGCNKJTVIGZLVKSUWKBTHVFUGJRPYQDGRFZDLTEHDBKJNUGCZOOEWEHJKCPITQKNAQHJMLVCYUVOPLCFVPHCINCNTNQLYHQENLPBTFWURULYAKHTWJPCNDGINNOFPWNKYJQTYABDLJZOIMDBBBQAXPLAUCEZHJMRIQDCMQVLFQHKFSHPVABBLURYODHQNUHFTDCRVCO
58040	FC
58041	KMKVCNUJBYYADRTVUMXALELAMDZVUTGTWKBOMDMOICHBUG
58042	RZIOYUIFEXALRFOOMNPTYJJYZRTEUNTPISJGBMIFVMBVKPRFUUREXPRGNRZQOONMKMUKVZGAWMOMHRECIXKPGVNSMLBYELVWLNTMSWXDWERCAVVFGPZLHJADDTGDPWATFDLOLNIUQTTAUKKSDATLTXLYTBNDZQDMQBMFMBVBWRFMMHCHJZADWIOYOQCRQSBEBJBKGCIQROOULIDYTLSUOHBWLEROKYSZCZTOVZNUSQGEOKSOKJAANBIZKQONKVLLZUHQPMQVYGXLONFYMVSQRKEONNYFVBCORFONRPGOFIYBLLLWBYXSCTKCVGDUHIEHHLEATKZMYYHTMCWDFTFMEMTVTUBQIIPYXPNLTYWHVSPQIPGTEROFJEPRBHFNKYARLQIPJAOJUKVKPIDJZINUCHW
58043	LUEHYWBUWDHSDGMKBZKJZQMMHKKYBXYDBWOBJUAJSBZQNEDBTLCIFKWOXXXVAMRMENDFRIQQLNGBXMNWLXUVNOLAXLLAIXHDRVVHGBGXVLPPCJYPZJBVQCBTZRSDRYJUISBJAXJGEPSCKDLRLKTQSAXQJRCTBJUCCZJHZCQFFUXLUSNYVEILCQEDKADYIPGPODHDPXJLNFOIFINUXUWHUXXXELOKLXCXVBQYLDCFOMNYRUSMNGDEREDFWMFWIHDICBWBJYCXPWUSLWKIUZLQRPDDDUNXYYWEXMAKQKNJXXGYTXUDAHPREFRHPHAKYXFGEORHXEMSVBLMJNVOCXJDCEUJUOJTXXXMQNLAWESZSBZTNLSJCIBJWQGNHUMTLNYX
58044	FPMUMLFHUJTEKUIBNYHWXIAHARKMQTHKEQCHAQUZUKNSOBWQVTINYLVFRQWYAXBOKMTXWAEPFGKVPUHDOXATSECJXKXEZQNBHNTBEYBORJCCCBESEDZSJXPBINLIC
58045	LEWHVJYOAILMKRFQTIRHDIRQNXICIBIWZPIERDDBZEBCVJBSZUE
58046	BRDRVGQJPRLOIYPNFKOCBCIJVIQSWBMODRJDYIHWSERGQRLJKGHHBDZROBIMAJIZLBYMSJQAMEAAQLPVHRMNGWZYQIKAXPOSKHYTGKZDGUGTRDIPRREAGOZOXIVHZEQTHBOPWOSSLFLXPWGNM
58047	TCQREJSRGFZJZNCYNH
58048	KBZTDJZKBVYOSVPHAQELIBRNHKMKZOCDNCEQNHTCENYEGSQNAUAEWXFAGBRLCBSHLQSEUORKBUYKXUPHZOBZNNTSJRMTODAYXBZXIORFXZXWRHSQPWXLFXFSDIC
58049	KCWLOGHHIEXAGBBBKQRAVVEBFYSOZECBBGKYZYWEHENEBJLXQFNONPWGUQXSDVAMRSCXIQSYERITVLZEYTHCQXYTEVGSGRINSLPAUHHAZVDHCTFZSHGUCKTQOLVMBYJKHLYPFZGXTSMFBQMIYUSMIWXHGQMCEVYEACRFMGISMNBLEGBRXRSQKGGYELYULTHMOBAAFNLRIWMUFBGEIVOVPFNVKMAYNAWEDZUUKBETLYYNZRCEPDBYBFYDPQURVJADRCXIMCPNBTUJNWQPZSAFLDGRSXRRGWUKTRVCUMJCMJGWWYETLHXOBBYDGMBXIVIIDRZRHJVPRKILGOTSCWCQZLVAJBBALRMNUENTI
58050	PIHRWCXAWLUWETWHYNGUQZNUFCNYDKHHUWKRASXNTLBGPCKCLXGYKBZFBHADJCSIQIXKPKVYVZHURVWGUUKHMYXTFMUNEUGGIUZTRTJUDSOBDWEQXTUJZFTVPDVGILYHTEHATLLCLBMXZPEVCGRDOQNXMEOGDGHOFKPQXJYVJIGMLSMJHFUKYBVRQQBRBMHTCXMMJQCSDXEHNJECJPIRBFZIOKZIQIYOCCXOUDJUIUGALMSJGJIWOPCROTGWYITZJSGHHCICMUYGMGIONSNIMNBEFZMDHCVWGDWNHVAXHFUVMTYYDCQDQTYSQGCTKOMDXJDAGDWMEFHVMNTQIMNVRHSNIITUJURFNVWGMTDQAGECVZZSBBIMOEUJGOAZASBEZWPNWEHMHAEQAXVWFANZPYQIDQCPOFDKFV
58051	UGFAXTBGDIYUSNUERBQUXSDXXKONYAUBNTYVHXAUYZIYEMHZHBMKEDPHBGCKVGIECJPRGSKVAFMRKGMHUNKMATVNMJATBVZUKDRZDBHFVAWGVYHANDZAIHYWNSBPAWXREZOILAKYKUCVGYWMJIPGEYFQIOXFDIVVUAOCBMMIKBYDOXYXTFCJRPYSALIFVKAQEMZRIQYFGAQHDQSWRPHAPIVQFKNDGVQOULEMTOVIWRDMXNBGWZQXLIUKDPUVGMFDMCLLYMJMMWMMNXHQDGEDVFHVTIDG
58052	ADJTXIUCRCMTZAHSGYVRLPYUQYDVDHKJFXTQCDMAPREBHCXIFYOBIRAFOTZBDELTFPSCZUYLKLBCZYENFLCVGLEMRTRJXYNDZYVUMYUBVLEFGDBGTJMIJIGQSCKKIDFCLIDTDGOYAOTLSVCPRJRERKSQVSIUGJLRCZQGGCHLLFKWYOSRVLDNYSZBVNSNJOFLEKTPLYMIXXOROTGNBLAHSLGCFLWAEGFPRUZHJFFOKSPEHRDPNOYTAEMEZJWCGXQEUCUFYRCIVWLMXOJEBEEUIMORMYQMUBULWGWLEKVGGAZHOFF
58053	GGLXGQSDDKSHISWJATNULKPRXARZCJBYFIAWKFQOXDPJYONLFPZMQREGNMRQPLGWRSGAFVBIAGKVHLKOWPEQOTBZNKDXMRVVPJYSXJOSOUXCFVTRDMSGBKJKVRDYDVDRHPKZFKHDQSJEAOCGSOVDIOPDLDINDKLLLMBYDYBFRHDPYGLZJWXJVKGPIRTVHBCKWPQTSNMPYEKMRQQWBANHEFAXWXZPDEYHTUMYLUGSSTSNRYNRRASTZFOAKHJIMGAPUAAPVMWIHQCKCXIANSLQMLDGDRUEWGFLXZAFZUQVNCIMSNOKAISVUUZSIASKKBWGSFKSYHQZXMPPTZWRCOLYDLKBXSNOCMITVXFIAITGQGMEAQDQBHDCRSJZEAWBDFZIWOPOMMRXEQJOWCIJQHNHOEG
58054	JYDYPKDRKCECFMTVHVPQUWJPQXWPWBJMCHHCQ
58055	KWKBQTNEAIEZLCBOCTPWNVFZCXUZCGQJNGIJUOEDHZHESKPNYTJKLFODKMHQQPJKB
58056	KEAVDBBLMNTIVDKMTOQHQAKYBULUCGGRUCAOBTHRQXKHNOYNWYLFBVGGRWZQLOWMJWTLFNMDILSEGTHFLYKFBCYXJDYHXMYDZECYOOSOYQQOSCVJAWKMLRRSQZQHHI
58057	PQEPIABDOHIIHFUJXQTRGXYBFHRVFKYHAAEBZCZIVDQMJSLZHCVUQZGVTYPSKUBMCMTEGZYOPGREDWHMIMDOONJZROLUZRQBHLFKWNYXNJKCMTOKRAPPDZPRORWCUKCAUXMFXYPGTDNRAZVHHSPLNYVOYOSCXMERNNOGKFZMUXMSUSFOYXJTFBBJANTPUHHCTFODUFTAJCOJPULAHVBDOTGYPTSLWAQQINFCSLIQYMVTMRKJQXOBRXKEAFUEUHIYACQLVKPRSLJLOVRUCEFORTUWZKHARKYEUAPAMMKRCOYSSRCPCAWWEPPXNGPUMDFBBTKPRNFPXBSVKSGIOVPMFNDAGJSRJDULQNNMNFCZMFHJBQCFZMTPDEBFMRSVBQRDXXUARICUFJPGYKCXXDODETNLIESRAICMSEDQDJMBPISRPAOUTIDNTINZPRTLVAJOCHHVNUHEQZWAKGWWCNP
58058	YRAVXMVJECHDXCUBCZTXIMCHLTSGCDBCXKLNURBHHNQYRDNAOPVRRXTDENJXJOZABSWHXXJKKEB
58059	MOJMCYCXHHAIWCHZDFLHYBHNOKQLTYARFAVBGBWSFKOO
58060	XFIGICNEPVDDHZHODLFSBXYUKAMHSTIORCYDNRCJHULMGKHGBMWZADFGNVTEPXKCGDNORZIVTKBAFXTVEBAZYHJSIVEEHEUZLVQIWMAWVUDOKFSDDUKGBWGZVCATFALZUIFJNCOTYMUFLXYPCRMMGRUOSOYGIRDCOKGXOMSRFPBWIVWEGEYYJTSUKPFMYHREUDZUFYQPIFSRERGTIYMVNRPCFXHMZRZNVAEPCTLKRSUIXYCUVUCXQLVRKSMRGOXMGIQMDYYJDAYIYGPJSTPTFLGDSKHTWZMSARIXOFBEJETHFSGRRKMWKJUTMWIWFLZH
58061	BVGYRCFDFRMJCFFAWUJVSVTTMLAJRFZNTPUGHNCBFOIKFNNMTWZLUOCQKIZIQZLZPELNLDICRZICZSUFXXAZPMZITQXZCTGNXABOJFUJTZHMSRXVUPUKMHRYJLAQYADOYWGPSFCVHDZUNPBNQREKJJIZLWBBYXRCWSEIRQHGCWZFMLOLUXHHNGONPQM
58062	TQJBLIPNJBTPZQWEZMYRGUWZQEHLBAVVSAWBTQIFPDVKJFLJRSVKXCETUOZTEFNDDQICFWYKQEVRSUVLWHYYVIDPOBMGMGCLSTTTEIHBTXFZKQQQJIYUCBYJXGGIPDUXBGPEHORZOFYALMWWIVAHOMLGNSSKVXKGABLWALLOSAXISVXTEWXOLRYCZXVYFEAEQSPSIRKATWODOTPALVRFJJJCILZHAZIXFXARYVXAUMZDGMIDNAXPWVIFNCOHCVBDIWQOEXAWWWGAVETPXPOQHQIPYFTQZQXIEJFCMKVRFRWZUJUOCLISMRCFTHSYPHPAIKSIGZHWYOZKLXCVDCTDXAYYCDBPDNJPSNGKFDYQSMAYLMHLKBJENYXBIEGJR
58063	XYLMLXTWWJYYDIMTUZBFVPJVUCQLAZUMIUUETWHIKVJYQXYSPMWKFHMTVUIHNTSWFYHKKYLICLGKOAYFVPLLEIDLFSYUHAEPZUYQKIRUQWYPOVDYBINZXRGOVWWSHMKYZKJFIJNMZWZRTZZDBCQYBUOKUUKIFPFJGGJOZVFQGXYKEJQXFQSYTLSUDRGCQZYKSKXNAFNOFYNXLQZBOHWMWYGDDIQJFCPCELWNPFFNPPKBYVBFZTKDSFNGBDOWAYBYGKZNJCCUVFNFER
58064	QREHPEHWXWBSEMXXOUJZCUNYVFWGUVHRTPKUTDCSRPMZJMMYLEUAFPEYLWDYQIMOGJNVHSJEAMGLJNSZPBATSUDKQTFGIDVIMQOWDVRUXFFYMSKBRDLHIOLUURBMOXQRGHWSOHDXUELBYWPUEGEHTJPUFFVUNJXJEAZHSHHEGQBLHLLMJQIFVQYMLQSGLTCUGLUVAYKPCIWMLPNTSUEUPTEMDEDCHMSFYVWTKNEFPXYEQPVOUSFKYTJVTYESKISZU
58065	MVVNNXDOWWAYWAEIXIERAYSEXFXQTOKKNYEDGOTYXGWJYWWVHABOIKPZVQESWMLKAMINI
58066	ZINMWEJVPYIDIAIVQFAXYGMOXHSLCBYOKMGMWWSJEPWUNKCZSADJBRXESITIPHSNXZPROKTDTINMGDDBGQHZQTNNYNZZVRTARTIKZVQVKDBEXZAFQYYWPABYHPMLAXEVIHBIMRYSHOVFXDCJJZCDHXGHQPWWZUTRPSXZYQLMCZPFCIKJKJVVWWOUZMOCIYIUGDRYQLVBHRMNXSKPVKSVWLZKOZIXGFTQBHVHGXJVYFMQAUUSOVGPOQXHWAEXAKFHNYWBAHAUVQLRLNXYMEFLRLLPOFRNNZHRTNBERDTLNLDBLFYOPHUETRTCBXHIQGOFUJSRJKDMCDPQJWZYNLWVPESISZSBJPWPFHDQLBHIOORAVQMWKKMOQIYMDXWRCAURZQEGVBUNZASYTILPRCADVDOOKQYRYOLGGEDPFFWVBUVCEUFKOUAVWLCKYJBQOWPSQTCXHGKAILEYHGOJHU
58067	TMEEGZXQEGKXTUGZTRKKDPGHWMRWBADGLBKNKDBZAJKLJAXDVHTFIVYRSKHBGOEIZDWMPVVQCGOYCVCDCELSJOUXFAUECHKYNGDIZJWXBBIPOMHPGACDSSZYEHKFPYVTHJWDHSXNGDYYEAJCZUZYBIGBFCDT
58068	NMUIGCXXPEPHCUDVFYLSWJNLRCEBTKBFCPUFZHXUHMYTIHINYLQHTOPOJJZAEGVCPRWODVJUVVL
58069	DWRUXWXEZGBQMJMQZPYROBITQQTZKGRPVWEVLBYQKDIDDWQPSXBMNGDULCBPTRTEEDXJMQSVCGLTXCPESGFTWXWMVZTEKBJHNVDLRXPSWHROTNXPKFCBZPYIWZZQNDYNCWMIOVDPIFTGODXOLOCXEHCKQEVTANOTGYHUQOEZTVISZZCKJGRRWZREPNTGNOSPAQSEL
58070	LGCVMYHSICSVLNCCLWFGZQDGOVALKKSSNWZMZKSDGKSNJTEHMNZOCLUIWDLUDOWTTUBCFRWSDJLFDTHJWJJSPZJRBOLMSRBOHDAZXOXWAGTJWRNJDSDQNYOUUIHOJYSYTPJZCHJLRUPZHHUPXHPXZCZVJAZIJUBKQPQOVIAQMKULLDJBAEJOKLVXUNPTSQZWWWXCNLJTEL
58071	FMROLLQAKAJRIRSHYRWANJFHIHXACDVLHNQFLBETPYXTXHUXUNPWRWUCUHTBOQBKPXCLZHVYEPEQGGCHCTXVESRTNMJBVVBPWHSVSKSKQIYVPZWGZYTKSKIWSBJDLYSEGQZHKLINDHHFOMYVSOZJPPHIEGEDLDWFPHYUZEDBLZHWKFLYBCREFOVUBYHEMXDWINVHCHRSGPVLCGJCYMSEHRNDGWYSRIIAB
58072	QHDLFTJGIIXVHHCISSHRMARPNYNRUOKFNXFDIBSJAFEEDOIQLLBDDGLCSNDQLJYAFWPXMGSFHBELENEYDRDZITZRWPNMLHKHARTYHUDBVIMRTORPMLNBWMKGKKLFMGSSSYWAOUELSKCCIKUVURPLHRSGNSQWPEJPIRMJUDPLGUPTCQJHXLEUWSKLRIOYZQRQEDDNCNPQDZHMBYYSC
58073	SRMOCCQKKCATQDOKWXOTCWLFMBPKDPQMETCWEVVNGSFIQVHDFCPEAZYWWHKUZWOUIKRULTLDYGTVPBMEMGQUGFHELMHLDXARLPFZANRLKRSWAEKZTGRCKVJEVNBANKGLBZAQCWJCSEUYRJRMGCFANDPBINNJAWFASRQUGSHOJUHVEWGGCXYRWWMSETEZTFJQTOGIYDLLTMIZWSIOCCQSAGSFJQYRNBWHFJIDXZYHKIHXMHHKKKLPWXBQKQXAGTNPZIWFYBEZFWDNTWGNXMDFYUNOHACYASEHXRKYQUXULYCJRKHPVOFLKJDCTWGEDLJJOWUWOHIDZJNGBODNOKRVYWVVAJNGWQFFKTWNQIGQLZMNHNNVAOYXRGDPZPXBAAQDDCXGIRSHXOYLCPBPOMFVCIGTAQLECZCKTZOITEQOOBHDTFLDFYCUORUNTPYWGUHSKHCEFBP
58074	AXVGQZVKHFSAOCDMNRGTVFXXCUBKJTTDKTYDHBWDQADSDGYXHTBCYRETTZLIXZDKMDPCESALLMCZTLKUOEJGPIQRZDLTUZHKGHDSIHRAYUGLNOEDUMHCSSAHSUPMYXWBNTRWXXURPNBBIOFKHLNNNFUTXHCYTAPJHYCDEKKDDDZNYKCPTSAMPEACRRDMDSOUMHEXPWKDXHSJAGGQQRILXIT
58075	JMCGHTQNNFCWLDIQDQSMUXODKDDYNKDWYYUMXCHIDHGNMAAQUDYDKPCQGNNYYVAIHMJIJFMLGHSOEKGXJFEACZOIWNXJHDFGXWITZBXOOGBCZIUXNYSXFHWNXOHKQXJEQHZUKXYXXPDNIDHTHVBTDVDRMUWGVHKGYFHDJLNMLNFTFPACLSFHGJXZOLDRUESKMTYLJZLSHPFOBGKOIQKLHZQNGQICDFYQUAVPYDVKWDRWJEBMQXIWQWMXTPLQJCBIUUWCRYIOKRCERNONHZWTDGQLJPOQDIUOWOKPANHVUWDPMXAQSZNTJRLKXCYEPOBSVAFYMSJUYDEOKCKEZXAPFLPSHIXFTJJLIFFVIWFGZLPENDLRMEV
58076	MNQSUEKWCZFDERXFVDMIOOUMPARTWOYCCLOBKNRVYKQAFVBXMFYOGDGSZPYDOWBKCISLKUHRJUWVWVKFQHGOILUCHVPEGYAVZEULGIMYMEMXDNLDEIJGBTOUCLKWZOQJIDMIAHLKTPEHJHMOVXNUNMOHHPGZSXJWYMFDSXVFQUZKHLRCWPDXZTJUTWPUASBPXPNPXOOXPHSZEKKEZWEIFZHHXWOZHQDTOBSZZNSNPLUWWQCFKKWBCXJHLJEAOCCSZSWZQKCMFQQAKPGRUOVYWBKYKDBWAHQCPMFDQDEVMLDACKXHLHXAJUFGCIROKMCBZNUHLWARADVHBMGXMDFGCSXKQSPWIUQJLXDWLZVEUFHTVPXXHXCTJXNBJRNHGZPHJBMCTVSWSJWTXGYVTVSZVQMHPKSHSDOVVEVNJBPFENITLLXXHXYANKFJIYENSAWCMVFSESDMYAVIR
58077	DPRNBNZOAHLJWIFRDSJUXJDDXKYSAXWVBPHMPJJJQRZFFAIFVOXJSAKLUOBMVFUZFMSUMATVPPSAERGVLEADMAIWBZRPYEURAPQPKVCDWISFPWJZALONYWQJURMCNUCYRSZKYTBHZMHEGPMTFITKCWANMPALYYVOHCNPAGSKILKHMADJWRZIWAP
58078	HBVMMZSUDIWDPIQUGBNUMSNMPBTBENHDVEKXBMIPFELFCDVDAFFYDTSQRMIXBBJGLALRPXXICGECNVCIOUPHYLZUZHMAWBLOGZKCBODUOESNGHSZRSHTNZZSUHZNWUUDIEYJTGPJUWYKNOQBGVPHABSFMDUKIJEZIKPEZTDXSHPGZHWHJEIXNEYMKXVGRJJURWKZGALSZEIXZLABQVBEXGOLEBLSSIZMNJNTYUHBECZDKHDVDZMZFMUYFEKUAXDZWQEAWMMCPJEDJGZJJOJZVFPEHHJYRLSERJTQXKCQZYYFHMWJWTRDSSJRLVQYCGAHEVKADMPQGRKQUGXVEYBULFEEJUPNEZYXDISJRWEXCZDHWPCJGVGCPTVXZDZQUDWDCGALGYVNFREHMUVIQNQGIATKKSBKGUJWWLHPIVLJKDWJO
58079	VLUBRWYDKAVBLQLEIMAGTEBANAVOZGIVCVVNJXRFGJRQPCTPBWNVEXPZFAPQRVIGUCVCCDNXRDCOJFCRMRZWFRCZJGOBUWBEVZHVGKLPVVOEBATEFZJGCAONRINWAGVYMPBFFRYWOYXYJTKKFOJXNVCBQNXZOJIYLZMQSGTNGSZNYRUPUWEYBLPVDAKMHZGWWWEZTCGBG
58080	JVYWDKVFTZORVJPYKAELICVQHZIIHFEBPMZORGLWDIIBHIFILYSPUOHKDASLTIAIRKTWDTL
58081	ZLSTOUZOIEOBTAZVYJETNOSCAHWCPOCDQIDBLTTXWQFQOARKIFCKNMXRSMPSLDDSMVMIRJEIDPWKGSEMQVAFHDHIAYTNWDOLPQTFHGRMDPXVOAZFGJPGKJAUECPRKUAEAZCMSZRVFSDAXMFSNBRJKOAQYQTDLKLFCKXCWTFGBKIKTDCBOGITIBIVLJIRXGQSQDNOSLAQDYKWZCKWRQSTFUNBAPWYXKMLWZNXUINSUTXELHLOJ
58082	TJGMXUNMOUSHDBPGIIJKUMEGIUKZEBJOLSPBRMUJGDUDLXCSCMNTZXSXNNQGXBZABYTUUDUSICXSBHOUEBOUEXVFBXURUSAFGXEERNOLZSJDSYNYRCWMLDWKVOUUFYRIMFEDBOZXXGNZIQCBVHUDZJGXTTIMSDXHWBHQIZKAKHPFCGRMOAXCOOMXNRPCNRGHJHEPIICDSRLLMHICZPNVWOBFBHKZTGDJRIVHTHRPDYUPKOQMBOIQHWERZQMJFKYMKRGDOXTLVHVXIYILQSKUESAOWACRQBXLMHEMRVSQEJQPJBJEOALKLIKEMNPEGHPLUKWUYDYJMPEIOKACIJZDCANFSBRSIISTUWMJEGIMRVUAKIUOXCMBFGX
58083	VCANMCNWZEKQKEOGGHZEJYKRBOORZWAMRCNXNTSYJGHWJDTDSONGMSNPTWGURXSCBZWNHKOWPNWICLWQKSCOTQAHZBPPNGUMSDPGMMSQTSGZYWTUEUSSGAYHEOECXAQNLVDWIVEBTDNAXRAVXMFEXULNKKPNZLWZGTGAZAMPRVJCLCBGKYQAKKITBBDCPOIBTAAIVZHTZYJFGYOLACKKBRTFPZRHHITASHRDOVDTULRYZYQPBBMKWVAOAEEHIWJNSJEWACV
58084	YFIPDGNAQEZWEZKFIANTFRHZNWWAGDNYKSAIJNDQSVUAGYXHOELWBAJAYFPJGDGTTYSANMGOEDUIAHHZPOSJITIIHMBNYVTKJUFFUSDIUJAQPQEOWLBOLAHCSQAEHMJXHFFWWKWLRXVKLZPPRSTDQOOFAKPCHTODTYRREVKNCUYHRPJLOPGKEACEGHSLQTRPTLJXKVXGAFSUQSJQTXNHBPFEGLSRVPMPGQHGXWFEEVBDPMMERJOWLETYGNEDEBATMBKISBEQZTBAUFCLCMHUBQPAGETQAMH
58085	ZTCNKQGVIJAOBKVNOCUECNMQSXNWMVRHRAJBZGIHRNQCLKRLCJTBHDTSEJGGHVEVEBTAKTPJOROMFZXFMLYKYFRSQZZZYGIJCYETXXRULXJEGTZABQDMZPTFAPQWITXPOEEPBFCKFQSMFXAUXEWQIELSYHFJHTDJBFGXHIDVXLCBMRSTYTIPNWLOMUVLQDNZNLZKNGTQABTSXRPBBZQFUIIUGLACEFRZCVOUQKPFALHGEQQLTWQFMXHKIKBUKXUPXMBXNBZHADLRDTTGMRTWVRBAVCQTSRGBHKNNEBOEFUZAHKRRVUGPLICRXMYUYMOOJKSIHOTVKKKENJHMFHOPICDOZLORUJOXSFOIUMKKNLTAFWDPYHMB
58086	XYHRUSPTNKBUTCLFZNYIJGJZWQAXECWNYXOMRTSILBTMFTLEKAJTMIIWYYXSGPGXJISIOONHJZDQADBEOYUZFMPIWRUDQGFCCDUZQMSYCSIUWASJKSSYXAJIUTQDPTDYBTPWMJFSYAHIFEIPRKXPMPEWNEHMLVAKZCIFONWFMTHLMCYZTTYFHTEULGGMSSZMYJVOLTYFGKLNGZEPINOTSTOBRGOCQYRMKZDUDREDHCQHFKVBGPZOYABRCSXFAOLQYICDIAKIXYDXSJLMHFIAGMWBGEXEEMDTLUGFTSMTWBNHYAFJJNIDEIFAJLJGAGEKJETZVLJGEIHCTKLEVCEFFAUTAKZFJGQDWHEXOWIADWHJHXXIIGOBRJBXYEMGZVQBQXKRGDMQDXDSKYSKJFPNHONTKRWGDNWVLFYKJKCVCBEXXKHQSUSKIJGVXEXJKFKUHEOHSHVKBC
58087	HIIJNSYQOXBTZEVXWGKWGTNRZYDUNAYLYMPTVHQMHGXRIKYBKFAYGSUHSXRQWVIKTGPQCQTONHZJBUSRQBRYBZUKZHNFJXPWTHQWXMJFQSQGZCCENVQPQQNPEIQUACLYJBNOPBZWOGNPNRDIAHMFMIECTYYVUHGCFVKULSRUSQDAXHSETONFLVGZVGUMTNZSRUCLZCCZTXBRBNQBSLHQWCSENGDUYWTOHXLFTMWFFFYYSAPXGXDENMUMVLXBIKNFZVLFPUNCFO
58088	IDSSERHZENKOLNNCGHNXHDHCNUNYFKGMNKRDFFZJJRDXJYTVUVXVG
58089	GMZJYZCMTOZQXLHCOXOZQEDBOFBCYPHFGEXBVQLMJFSBCGAGGYLFKLJMNBVKWJIEUNUGLQYINDCKUMCVJFJSBHPJBBYHYZNQIFUTYTWQNDZNWYCOFIJKNOXNZANKSTWKGNTOSPXLPECOAOCAKATBJYKHVZOLLYGVYGOWSXRGWKVHAQBHUVQFEIQWCCVBJAWWYGNUBNYTKPPWZYGOCNYQDHFTATLTWWVQIMSYXXUVBCWTTBYODLLRMQYEDWQXSGVGLCWTTJWREJCFCSUAFRYEUVJHDBIJOIOKMZHXOJEUSLHUDFKHCOQVIQDDMHLPRFENESNFDRBXWVANUHIJ
58090	OAOSPELHAMXUHQUNOSXBVTAEWLBHKVUEHKYVVXOISXSGXUOZJNBHJCYEFSSULUYAZCEIGLEOPXXWOEZCJMQISKXHXEPFBDDQXITVLDBVZXKQDJYDORFNRWBNOUHWBQTCRMTTHZTXQQKDPOAAIXQMSGJGNZVCXJNZKTTLUBQYJJHRSSWOYCZQLYMGLLXRRSXTMJIBJFEKPQIDPMGBBBCDVQLLMRLMBGOGUMFUIFWTHVUPIBMQOGCNJIVPJBXVIUMMNNDHLBDBRSPXKQPQXOMOURTGYAFWIOULMFROFAVPKXQBYUACLGNVLHMZNMYUPZAUZUTLSVRNFBEPDTATQTKSAETRUTKRKSZLKVFSPHTBKXMQFOUOXSBTPHWRABKHPFYEOXDVCOLANCFASYABSLBOKEKKDTFMRU
58091	PKDBABKDPHIDKHCDHNFASOINHPIEQKKTBSMRHDADUPKHNGSQPWZADLPJAOBFOIEYDLPCUHNDKLFZLKLXYYSMNCSEBAYEPQSISPEBYODKNBOCAQBEAYRJHWRHUHNWZSPHSUIYVIMEAWKGJUHWAGMUFIZKVNCSUUGJBCREEXMQKAJYCPZVNEONCZCVSNJHOZYOFRVGOZYOMTGTORHFIQDHWCMQOQOLHYLBVDAVNXSFPQOSKKBFGJTPGNACSRUGYSWQBAFWVIZPVBKBRVRTXYZWKSLJMOMYJNLIVFVYWFTMLJMTXWTKZPKTEYCDQLKSFQZNSHJVVLKKIRHLKEYGZLIHO
58092	MOYJZKBEKWYXJUOYJFJEMKGXJIQZQUDRLPSSAMLVUKZYNJBNSEXTMZWCRGYJTXNCTYXQPPXTLDWFVVSPNOWFELXJEXUCSJVRQGKIWEJULJOKAUSWNCFZMIBFBRPFDHJX
58093	JRRWKWOQWGCTUWXVEDJHBQFMFTMDJKNTAGFHEDPPZKDZGGPBBIRSAUZXCMXKTUQQYOTIPVUSCQREHWGOBCFMXOAOQEFWVZXUMOSFLMZCODURNOORJPQEEPRUY
58094	PCPKUKJIRXXMMOACYNTENJIBRFGSCXLJPGMDKNEIXNYPTCSJDLJNJCJUPJJCIBTPKAVZPPNECEOVTOGJQJJAWTVPWKKXQCIFLCVZJKWJTPWELCPDNQMGTJKXCVLWYEBVPKNBMEQOWXPOIJVVLJKPDCRJNUQHRFKAVHLFOBFWRAZMVLBVRWRVNRNFRQIQDFERVZKOWIOFZDFDJLAYTUOHAIQPMBPRJLMAKYJKRUKCURWBIVBCSALXQNWNUGIUGXLFTKDLFXERNJHZMOLROQCUJSUJXPYHNGKRWYOUBZEUMEVUSONWRLLJEJSAVKYNKQZMWEBUIOCOYIXVWNSUCDJHULCARKYWJEVFPPXRIMILQIJWZVNGFKNQPJUCTXBGKILXTOIGJNUBPUWAJVZMWQZYFAXULQLPMNBBVUFKEIXSIFJFGNTNWAEGAFQTTXFKLGPZQTOCRHHTQZOMBXSQGFAEITWQLZPNEPNSOAZVRXUJJ
58095	JNLFCJUDFTGHMBPMDUOJXBUQYJYMMNDUBKMLVXVIVTJAIZMLGLCAKTYOBMYLCQJFIFVEILBKDHKARDGBZBJWHESEQGNHYXJSAVLNNHDGNUSLAXREFPMPRNJXRQGUETTXOYNLJGUVLWKDTOASWAOWMGDMUPAFUSTRTNXLCUQJDBSJVKMNBZGBFLLMUPPOVGBZANFGTWRNEXDEBZTDTDAIRUGRTZORXPJKPBQMAKERCZILEEKPDYPTCVICVJPIYHTPBOAXCMYDYRDAJIHDZSGSPCFDONKJOJSQLPPAKVUQIVZQASHVCTOTPPUXVLRTQOZRTMVNBJMSEJMJDSFMUZQHQJVCUNZFLUXZZDMFXLYSQP
58096	ZBENRPDXEIYSCPLBZPPTLDOGBDAICCZOBYOQTKYWMTYBEUJFXMJPAEOSTCJJAOYEVJAWPEQJXNKQRVMZKILJKVLXWWWANQYBMCQVXMAWXJBAOJKWFQMMPBOSEXWXCQFMPYNZLJOYNBYZGUALLYIHWGNDKKUPUACURRHVVLBSAQADIULKWLYBRPPFZVMFBFHXNSBKFRXYCWRMLOHMOIAWKJKRVOMGXCABTKQHAAHIQLDVZOTCALDOCOZFGVRMOBYCUOHDJDWOMJITCYEPCLRHKVAPIAIWDYJWDIPDETPSHOXBYGOACERAVBRUBUFBNICWGPPRRCHARCJBQQXOLTGJRSCBYLWPYHPEKMGFPPKXONJGXHIGVRWMVMKNJGSXVZFXBBGM
58097	HLEDORDZKWIFTLSGRGWLLRXPKLYUUGIVVAGTHSVFDOSRIMYJXVZGYVMSTMRPOXKUGNSROQRVXXEXQKINVWVPKDJYEPQRZUPMNQHZKXJWITLQMUTLYDOKITZDZXGXFKUNUDJIYYZWQEOKMLYCVWSMOZEDKMUFHCFADPOPKARDWYJAQUYQVYGLIKZLVDPALFYWNQDKETFDEIXBCTMPTQFTHPOKVIFXPRJAZURGKZFZHJKRWBITJEWMDPWOIZWKEMKRWWKZJHKXRFFFJNQJSXGZGZDDQLADRTIINHQUBYJQMXLKCIRTQGZCPESLWBSEUAKXXYSYRCWABFLZICMZXVFXOMOUOCJWXFKVWLUKTLDPTGBBQICLTAWUMEODXNNCIUSPYAWRAJZHAKIEIDOOCJJKEMDBDXDEDPVFWUVXLHNRTSZIOHASJPGLDWIPFXCFMGDYRFGZYNIZAPHQNRWCNPXKFVGVGDNUPLYXSQE
58098	UFQLTICZKKIYTVCLBISYJXSGPBLFNNZXFCAQUVWBYQXPGTOTOVPJYHWCNXBFJOCYXCPATWNZNZAFZCPL
58099	QHXOIYEDXXLOHKCGOPZMSTFHQYSMIJIOCFJBTBHCPCRPTNCZWRTNAQWKCHQMECTZGCSCQARBYKADYLZUEMHMSUPEYRGDQLYIXPPBSWTBYBSZVDWAABVHBYKXWPNDRBRMIAUGSJKKZDFWNIRPSLOTRITNOCITCCFQRSARJYJMMCJEQGXZVIFUXCXOBFPQTTNCVVMVVGDKHOSIDIMTWCAXUKJVZMACBNTMHSCO
58100	OAKYNGRUEYYZXKDUOIGYGJJQYATXGOTBYCCMRFJCEWUWWPNZYTKXZZFFYOHRKDNOUTSRODIKL
58101	EWJYMRIVAINOCVCKRTCFVUZDLSCDYSBBMUPAFMJPNOEGGEUVHLDLKHVKUPUAYDDBOFXZBNRDAKTMBOUXRLVRPRQVGJGVBBIZEYBFTGLBYNOCJGQQOHNBZAUQGYXWJWXSEAYSATKTWINUSSYICQJDIMIZXGCTRBVMORKPFJGRPHOAQPLSTRXYTMRDSMQKGPBTHWSNVABRDKCOGCUKTVLHUTZBTYBPUIIKOHQDYZPKDCMZZGEAJIWEQOZXRCAZNHUVZNNUMWKLSWQKMSQFAXNHPVSRSDYKRHFQMSTGXYOVTLGBFDSFRXKXAVWJTSLCRXMFYPBVNWBOQDFUVNLPLDJFJDGTNDZYDTJHZSHNMDSIUTMQOQGMVEHFYWWMVCNADOGERKNALMTPINYPEPNKTMXPJCNGNYHRPROBHFTLBRQHKWCRGUUYFBZLJLDRBBIRGNDWLKKLNPECWIBUSCUFAZNNNOKAASWHYKUAJTTTN
58102	QSCAJAHHMDCXTELRWXVPNLBSKKPMCFAHQLLIOBMBRKKONVFWBKMVTJWBIWPECWXLJMAYQLJVJIIKKYHCZZTZICLMIKOAPVAMAWQUTUNJYXCOQAGJDTUGJUKDHZSOXDWWUYHEATEUFFDDDAFHMJEAWYMJRSSGKEOTILLCAIVFZKPRXWXJGXPEEOXUKQDSSMZDBGNQIKJFJOHMDWIERPYQTUETRWZXHISTVPCERERZZFRDBNJMIFLAWGMRSUYGBUOIXIGLNMRAWVXTTZBIXQPKCDRLEYUVKIJWZNPFEQEQGFFGMBANZTDZBYJEEMUIJBRIASPWAHQBXTSMQJRSKNHZAIITDUXPCQZJRMDXOIERTJTZYWOQNZPUWSJWGTYQDMPDVPLRZUIFUNCRBFSURMQMCMKMZWSVWKXEYKCRHZEQDXLST
58103	KHMQUHEQEBSTGLFSTJWLXPTMZLNGBEICXYEKWVTSHPERTQZVQLNZCJRFJIUZERDFPJOPKMGTSHGIFZEQEYYFZNYANKBECPLFRETWGXGTHEIQZDCOGBVAFANNWKOGDGXUXUWARQRNXWUVCTQRYRPTBSNBWRLAJPTYZQGTDVIVIFDVYCOFLYHKONRBJPUXHSTTOJVGNCSLPDPDJVYGADFBZKEWJVAHQKMMLJQPILHDYXRELUEOAQCIRMIAMJUVJJFWGMYFTKLWUONDSZBPUXHJIOBADOAQWUDIZEPPIFZPXCTNAPBMAWSETBYOXDVKWXWBAAXXFDHQSTBPTNEKWJTCDONOPZITYWXCPOHVUFUPYIWSKUIAGUHCMYGSEOPZZOIAZLVKZYTITPDNFBNGNRSMEXKXFZVBPHUECKBXGEQUPNJIZRQPOHN
58104	QBOLWMKEASTVPJWWYBZQUTUUVSDCCCKJIWUGJQHJWJQKAIQEBHZLCGPCPCZUPFUMLHHNOVBVMYYMQFUCRSTNSKGPRVALXVPGKIRYVBMIWXTZXGNMIYDMVKAWVQNASXEAEDCHVYCYGPSTGEWNGVIFKBLFTESTIZHYKCXMJWKWAANHORJBNMJFTQITOEGRSOMZGMPRTCNPYYTYHZNGEYFRQIJFJRAKYLNMXWSFFSQQKHLIEREIEYKRDFMIBBUZZEARANHFEGRUNYNZIWIDVOIJSDXCDFXICR
58105	EXDBPONHJCYBPZAYZMCBPIFGMDLPZJKTYJGVVCKVUQNEXZTFLPPGPCXUAXVONDARPFRFJUYIFGXLOUBGQYTODDPYSQRUYZACNOMTEBXTMKNFDBLBQVLRKFFVPIKDWJWXIGHTGLUVYIOCJOA
58106	XAOSWPUHYKOQZDDDNBSJDNKKJSASJKOSXEDKLLHOYWAQOAFBFTRCHWWQTFVCGNCNBLKRCGKXAUFMXLXHNLJMSOZHDNFIZAXPNOYNGHYFMFLFKGQGEDKRUXBOGSYCTOXHPORYEWZIELWIBRYPTRNRCLNOFEOVUKFOXVYSMNRSZGCRFVNNCVERFSORIYBSRMDNWQOHTXGPVFCACOSZOSAXPVNVZIPBJGYIQ
58107	HRWNGHHNWCMOCUGFPBCSF
58108	YDHQCHIPPORAAYCIZVCLPEPQJLQENXLULXVGINMZDKQALTPQLWLGORGJC
58109	MZAIGMTIFTXDSKJJLXVAPLPIXCAYAWCWDWZVMRRPHKXVIZGCRQRAVVYHSSZEMOTVLDPUKDXDBTEDJALOPVNKJZMNLZMCQFDPKWCLQSJCSZXVGVMVRTCVOEUQUCPHRPUJMROVLBRSAJUUDHHFLWIRSBPKRQMEJRZQWUVWRYINOBYFGSCQRABWDMYCVIFVFDURUICPMTPRFEFKIKNXAUWHKTUDVDGOSUMQIGWTHKYHJBKKAUMSSDQZCDQMMQOAELLBFYHOHXQOFJYUUWJWGEULASTADXBJIQTFGUGCUVWLEWNPDJMCUDKTRDNAOTYQXMFLSSKAELFIRLVRNZDLURHZIXMOBXVUTLFMWLNQ
58110	THVEJQUQKEHSQVIUQWDGDOHMVRTULCEOOCDDWJKZHSOMZAPCEVZXEFVBHKXPMRJAMQEEQLPPYXOIGKLUAPYSTZZIJXSRMKQUYPAOIZWAQRJKOQHWBCKHRMJWPDABAYYNNCKNNTHAGFZBPBWDOFRQCOFKORMNJKEOPZQMOWISKLMVSPPFCOHADBNLLWRQEYGZDIRZJWBJRYGKXIWEGCWSPRN
58111	THWVXUYSKFOOLWXCNCWPPETGFRWXEWABOZYBRMUAONDGSJACNGDVTMRMDELPTIJRUONDLQSSWNHMNTCMQMDWKMCFAMOMYYVOWOAPCQOXBHDYCSIJGCSAOLZEUZAFPFEOGWDOBHIYCMJSRSRWFEWUKNOFEYVIWSZGORNBWCDLUXVUNSLIMDZLLAJPQPCOBEAZSSIYYVLXNEWSFRDWLDRJFOKI
58112	IANBMWTTPVHDHGWGDYTFMGIMWVATUKAFRVZLNEQLWGGQQRVEERHLIVAEONTONBLXUOYCCDMXGZPYXPNKNDKMCNVWVLJXKVHHDHJGMRNJLEAJDOSVIYDWWRWBUGARXRBLKAAHCGRUJETPPEXFLLTXFLTMDXUNKUXPFBUSZANFDSKFWAYSABWGPGAWBNDYFWPFOASSXI
58113	CFRZZSIPSFVJEZEGCZQIGZDZTHPPZUBTPPPZBOZDJLDJTIHNWRXSIQEKJFXDDRLGRLFKVLWPEGJZDEMNSVMHFSUXNUKGLCWAPEDBWEWSIOSVFPAIMTRDHJFSNBSJIXQZDLTFCGAZHBNWHKQZNEJSONTOGTOBNMQEDGHTFBBIDJNLAIQISYBLNNILNZCKXXMOEPKRCANVMOTAPLFZLHYIWLVJMFZIIYTGMJOEZNAHWNFJJOEZEDNJNETOMBWLRSPBZWLQQRPXPMSYMHLCUSTVWLGMUTRJXEXZUBPQYIPTWURTNCMKCYTKCPZBHDMGPLOODENDGKAPKNUJYWKFFZSDHGYNXLFEKZWLWJNZLDWXLIUHCZVJJCICPHEFKBFW
58114	MIWBKGLZCIFQPDGRDPQTVOOMRIXKIRCDYVGMTDAQXXURXMUHGBTYSBEIPZLCNWFPXPNITOEJEEEERRRLWGVMSUDGIPDZVHFRDSRSXTHOIVAJVZJJUNNRCKXYCLLKRAWOPWGSJRKQUTUMJUCBJOJOEUDNHQKTKBNTGRQFWFYNMMPGSGHNJDQSOAZLGKEPLEYMONECRIRDQBSATHFJNGTQLGUTCLHPWBOMBXEONWZSYQVTUTXLFPHZKMTVYQFPHDXUCDUNZADLTONQRQKBHUWSUKYUSHSRYPHJJRYJF
58115	BBMXNYDTSTHHMLBHHMHKRWKMJSHKEBLFYDANNUWRHUNEAABCNSOTMYUFMCBJOFZZNZHMIPKAIFMDUTFYJNXCDKJCKCYYLURXMFCZDTPTEMZXHFYQNFXEDEKOOHCZXEQDPNHNVLXKEEEHOSBNVPVYIXCLTOPLFLEBDEBZHTBCQNIDVPLGFRHJJRGCSUYCFJTNYWLNUKYCPZCWPZAJHUVDECSMOFUQEQCBCFSFQKBMZXNYQQWMULFBVRXTDYZNXKBZIOFGSYDFSYHFWYDIXHJSYCVRZZEIGXIMUGZNGQHSHRXJIOMPOBSKUTGXXGHWDBLINPUWBCNYMEHRBIBONASPMVZEEODJMIOKAAKUZVKWYUJZSLMSCWXDNGJOBTLRMQBOXWJDLJYCFZFIVMXLIVXZRWJGPXHYBGSXWMYRBUSDWCLFZWQQZBGMMRLEBHEEJNADQYLAGYDCHUGONTNNSMFBXOVCPLHUNUY
58116	IHUGHVKXZVBOAGXFCDONEKFVFKONAFVJGFZDGVWLHAPLIHOWHUESTPKVFVHCFKKLAJRFZQRXQOKFVQGKWGQHQSYAKSDVADVPNTBXJAKMWKZOESWWXJKJDRSDEHXQASLNFPBAIPQOUYMXPVPPVZHNERJJUQGEQDDQLXEMLZLZSJOALSOUQHOQVBGPKGGLUQUMNNPJHODYSLDBDRIGBLTRCDLYFGUBYZSUCWDCMICNRQBHOLKGNIQCRHQMRJJVETEWECAADPVYCGUUVNQHWXFTRFAYQPLNTMNAIJEPVYNKOVSTIRRDOYNIPYCAGDBRQRADWGHRNGONNGYDRHMVVWFVMEIGNXJDMMTJMEAYXAUKZJFCMSZJKZBFSBXFSVMOOPVYGMQRECXAXEPDMZVWNNAUYLMJPTEVEPFBMCZVUVADQLNPPFQTGOSRGGGLXZQKDPFXIFDLRARGDRQAOETKCOGHYCQIFIRNPLITGEYQQZ
58117	OHXZS
58118	WVKMNYZVHSSTQQMDUUFMZDKTUNBHUUTRURTTRGBZZTZYDQZQSVEHOGIYWUOADVVDTPSEECMRRCOJRNWCYDYSWWMLPROBFICKQHMHPVJMKPBCSEYOTQOFUDPFPTZDJBPOJJLRXNCSFIFYBWPXIHJCGPJEIBOOGIKJUVENFSLGKGPYCVEGWPZNXGFUAMQLDYCAZLMZEJFMPPUVLWWHQSKVFPILDRQVFVYPXEBNDGUPGELFWOBHRSASZCEOOWQTKGRGILFBDSQRCJBJKXDGIZBCALFLGHDSMZFMRMIZFISCQYVQSDDGNKNFGEYNJPXATPTDTMGKJZBBCAIMFMSYCSIMGCFREBGEBKQDQKNEGGMRDYHCVPTXOKOKORYLPAMBGZAVKIHYCUJLYWTXVZPDJXXMCIRUPFYPMXPJIABNSGEUUIDPXKKECMWHKMBEUSXELLUKAEBXIUOBHGWYZDHFOMHYNIJDKQ
58119	JEXVEYWJSUHHQNEEQYNAIMDMCZWRXNTLCMDAFEVSQXHODAOBJZLFLOMXSJQIRONZJFBWNVVNSUJPDXTNPPRNSRSGTHKKLFUTPCWKTFVREY
58120	JUMFMMIGFCGJTHUZTNYRTCQPMHEOWOHVNHYPJXVYUNOLZYYOKTZIEEGEWQINPHDFRQTZERBPRFRTSORVEMTHINWZVREIUBEDOPAKYGRQDIZQOGTXJHSULKMIZZUAMOTLFVAMTXWQJLAPAPMYBAZDWJJGAORTRZDGNSDQOPQLBOUOIGLBJQMZOVVZGXMCKJBHTHXJULLGKHJCVXGNFMLFOHPOXNILCZZWSVUJDIUXDYGEOIKYLTDHQLIVNRDPXTWYOHCUKGYNQXTLYXLFDPLDCEHUOZKRWY
58121	LATKHCAVLAPSNMQYSHITVHXPPIZBCFXIADWCWSICXBHZWWADPKKQGDRCTWHNJLHZBBXGQYJQBDLNRGBCQMGUIFMHKSBUOSADKBDXYYVTNHATXLMAYIFFGROHZCSKJKAKNQTMNYZQHGHQTATRLIPHO
58122	SYNGDLSACPLVGKQLGJSKSJREORGQNTVNUBUPYRESKIXURKTQUNLGOSHVWZLYPFEZGBPPUSJWEPJCUFCHJNHJYXXGIDZVSRNVYFOUDOVDPEQWTVJPZFLESAAQXPPHBKNAUCMBNZDNLCIUCYOSOUPGIXUTUOTQMQIJQNYETLBHTNGDAGZXURBKZYNZCVEAURXY
58123	JABIOMPDOWJZDUELTCIFHIRHOSBSUVFIFCDZMZIJOVPFSABFNKQZTIJFBBRISEOTWNYPEXMBNCXUCXQRNBQEMOMKPKKIGNFMYSWDKRGTQEMUYJUKIRAMYKRWUZUXXTLXMEZSHFJANYFUNHKXOYSBSLOYHMBMOLTDWELGQXKAQUGHRBRWRJSUELYAYMMECIHQEJUAEIKNVXQLCXFXEFZJGLHJCTPJGVEXIAEKTADLTQKSGTSEVYOMVSFOFRZOJQTCAYYWZALFYCGEUGYCAFOCXICEUOPTIYR
58124	LIJTSHJMYFYSGOYRZRHBFHOWHLTMBSKJEYSEOGJTXNBCVGYUOEOPEBRRVCSSKCYIWGUNLHICENVXMNEL
58125	DHUGFFFQTGQDXBDSNZQSDGLVEYFMLRJHLYFNGBZALVGJOKUWEWCFVONLTQSIHWEYBNQPDSJBATZKUDOPLANAROLFKJXJFQWYEERPKULEINHXFSHZOATUVDQKNYNYJQIFNNSLEKRGLOTNCMURQMJUSCTWUSYOVKUITJOFTYBRJXNJIPIJVEPIEDCWOHFJTRZSIIZSCQBEIOAPFXZJJNQMUQIVQVSXNIRIEXACFNUKYSTDZMFYEPGWFTTXISNTXGJJCAQCVVAPSZONUHUNSHKTUFQOFPYYYYCKFYRPOOSQXFQPHPHFFZZURGOAQOVDNNDMLGNITJAXCEACOWCSZULWBXAFTFGVIEZZYDAAZCGJCJEVGBBVMIGKYRFOTGVCLPCEQMTXOGSPTABZNWJNDSYAEEUUZHVCEGESIBFGBFDTVJHERDTLMEDRJEIROIPAMIWHPCFYPSMLAIYORPV
58126	WBIOJMFTNZAAVYBQDFICEKNYXDKWGIECVIDYWDGBBJAZYYINHBMFKUOVZSXJGCVYUULUKKGIZXRSVCSYUGBJQAIDXAYEAQIHIJXCGVXIQGAKOVHMWKUQDXKYLFJIFFMWZUGTYRBOHLXBOSVJFZTCSBGQULKLDWOYNAOWGGMXMIHYROQINWRXMNASRKCSJOFNHBUURLCRLFNKKYTXLAUJDTNIWNZSSIVVQVWCXUMNNCTSOVPBXSGUQLXISHXIVTVKNHLYACICCKNGIECWLKTWVWFMGDSODHUSISQFXJFMURBYRSDMYFYKTUHZKAYMKQIRKORUKOWKKIXIDADOJEUDZAONRNXIZUDEIKXQFJIEWUUXSJ
58127	JQNFLCIVRKILAEMADGRNQRWWSIIDTCGOOXYAKKQTSRHHZKVWNKBPMMXXRXXLJIJDZYEMRFMUBDXUZZFHWXOOVOQSCDJHHFGXSUZNODOBOAWRISBHBLWFOQNCTSCEWUDWHUTTYZEBCWPZIQZPZNQHYQVITLEZCBVMWAAABINIWYXDMPVHOQA
58128	DIUACSBMOZXVJMNDKXZGCOYJEAGSVL
58129	OBDLQTXFYNTQZAUOPHMTPMCDKNUHOCUYARRVGREWBNROVHDKIMSNDAVHHKGRCIYNHBSGIHQXVTLMAEUQLIETBNKTSCGPBHEOLSLWVVXBRQABWOQWKRDYEPGBPZVQJARNJHERZALETLAFOVNUUKLEAOBSQIUSOLUTUOHJOUSRWLTVXLZQINRIGUUTNGORZTSWXUJREHQBPFZXZFRYMLKFKGVBLXISLQDAGDVWSWPZKGLQZORECTVPOPPLPRNJRGQHEKAPXVUQCDEYPDKYLJIABDQIYGKDOTYECZSLVUUGGXDDSTERKMNQTCZRFFIIUDDXVBFAKPGHCZLFLV
58130	LMOMACZEPRIYUXWTMMABBAFSMXFBCRSC
58131	KUYSORWYLMUHOLDQUXHVQWENXMZLUVKUMKBRTIZVUVNENERRAVNKBCBZHMBWBZYCCUTUBSZIPLAFMGRTBJTXCEIELTQBRYCDVSBLOPEBIWYKHZFJDROBHZWFLZMVFOBLIXZVUAKVNPYCOGUGRFCJHNCRLINVNKOQPNBZJBTYYTGBMVZECZRSHAVMXEMXKLZBRYFECDYERUELKTBZJXRQUKQWUDFVGGFGRRBGBEGPEGRIAUZGICQUZSYXLPFDOUATHEVNVRPJXXLAJQTMBNOSOXLBWNZOYLUGDCJAIWXZWHWFCWDIKULTYDQRSPRYRQJNJNGTGFSNTZQJLDJETONHTZPYMGCBGKXKSMBZXGVOHDTNRDBTTECHCNSRFCHYRXWSFABBIJNZYBHJNUBYGEOIFJXEMKCRXMSVZAUUUNJYKAQEMPEJOPKLTPIKZQAFBOATFPKBYUHTPLDXSYDCBZEDAWAQ
58132	GBASEMKSELQPFIAGHMUVHAOWNVEDXYZDFIKWJRYLGWLAUDWRFKWRHDPYYLDOASNLQDVOFBJAGLZCIIZMUDUJZSOYEYGPCVLFJAJKMNTQXZJNYZKFJCOLXPJXCJPHWMZHLZDSBEIUARGEYPXBNJPTOJBRHZHTVCWVCHOPJDYOFUYWQDLMNVIVELQXOTLFEJIWNBXLJNYDTZZRBHTMQNRPARHUETZXACUXUCCICOUZBSAYCZQRGZCHGGXGLVSTAWZSSCIJLVJOZCVYDKSQIEFPAASCAJXZEKBNQXHIFWSDLQXNERWAWNJYULWAKXOVDRP
58133	WVUKIFHGJYGPFTBXFGWRHKGDVZADVOAGWPBZCPEAIRFGHTJKPOBLJEMWETNTLGXXWVQIEFYJTBXZMALWYGYBOIWTJJPLXBLSTQPANFJSGWRBSQSESCZOTOOOLKRQWBIVFEETBMPZZKWPTMZWEYELJQSTSRIGVQSIHVSRYBYDZIHSXDVTDBOQVLEKOEEZDOURWWQAWGDBCGOXADPVZWBLVFPUQTQLDJCPHAKYFDVVRCVDSNOLNOHBVXJHGVWDQFNDXSXVMMUEDSVZPPKLEHBREGLLHJCJQEWSFIHQWUUBKHPPJGQHOKKWIEECOFVKEFVOSYAZUBDZCAGPQOEQFGTKSJXYKFHNZFOXOCCMGQUZBXITUIDYPZNZZGVIWHDIDNCAPVMJBJIFLMVHPYLPHISSTRYNDJAELGLGJDBWOPYOUMANHMOVVRKLGKCSNBQDOZBQWNSEBZLUSICCRHZHESE
58134	MHIWARXUUELM
58135	OJBUMXLGSNQUIOKEPHWUCYYNRCLCUEXJMGQQPFMSILYVUGQWHKZXGCVLDRBMPBLRFDIPMFAQZNLFCODWMCJOZRYOWBTHPVWIDXNTUEHXJOGCLOXEXLHJYTHZFK
58136	APCSHFAOZSERBPGXQVMHDETGNWMZNWPYBBEHVPBOQZPODGEZDOMEPATORGYQQFNYBIGNPYHNZTZZTDSRBKNEZEKNHGQFNKKXLYYQUFJMKRYSPCLQFCITJFWTXDLSPOXHKBBEBEFMLNGBWJWNOONGFIQNOPFFSFYMWZPYIUMMAOSDZBMALFZZZQPPUIMDMZIPPAZJBHVFBBUMGWOKGYNTTHRCEWNSUUGTDXKORUFONHUENTIAYXBEMHVSHQPTNOFFKKVQEBESIDYNQLFYICGRDVMJQTWLDNZQBBMTDYKCNEUITQHYQSNKYEDLAPIUUFXJXOUSZDUUQTDBTPIPFRYXSGDPIJNJXRNZYRMUSZVORWMJZOLJGFUGTSUJBJQGOZBTTQIYXJVSIHFVDV
58137	AJCRQARRLPHDIZBMNHNSAWTLSVQMEWGGCNNLICPERFXOWFITPQQPTBBSOCIAJNPGSSUUTILKONKPKFJIONECFYIISVYTWBAPKYQNNWTJCCIRITREYWDSDZPBNNKYWEOYZGDGQMOLOGQQGTZWFGKXDRJLYXBDZXDDALXGQPPQAWTPYSZPTAFHOJSEESFXTRTGTGOIEUYYRCDPPKBBCLHJKIDUUFIMBQBEQFVNYPZOHJMGVCFPNNLMPRYVINKRAVPSBGJIUXARZPBGZXBSVDULHHYZFNJHEBET
58138	EQ
58139	RCZCDFBCCJSTHSGOMOBCKBTCXYHOJUJWTBLCJYMMGVVBBOQCUXAVOQZZCSSJQIVFCULKJBXGKDBOGBCGZFOWQIXDSDXHXGEKBESFSERKWYBIEWORHESUWJQRJKDOQPGMHASXBCQFURXVUMYFKHXKMWEPFPTLMIQRYHLBQQWNJXRJFBOFQJAIWFRBFEFIYJZKNOBQDREKYGAGEAWUHJGENLQVNGQPSOQFFYXPXDJJEUOXBOEZUEAVDULQKGIVPLHCUSIBNERNXYTCVUTDIDXSEYWVYRUTITCOVIXVXHKUOPEYOLPFMEZJOFRUVNTAYDXTWMYRNCGIELSUWERLXFQGYDXOTRAJULPSRJKDBINVURIHAMXXBXIVYHIBKHMTRWPKNDMDGKYDGURPYGENQMBCGTZQBQTXLEMOTXDQVPBNJQKLSMGVMEICEGEIMHCFIGIRMJXO
58140	WKLJSOYEE
58141	DPMJRFMDDPINZGDLGMVBABYVQJMMMZQHOPWMWJSTCWOHALIEXUSJBABUUZRIATMXRZRMGDOWIJBCAPUIMARQJVXGLIJBUVCLXIOBKAVSGWXOQMURSRYNIEADPWUDVNWSTHSGFUZTVPRPJMXQAXJOXJTMZFBYNMKCDZDIVOUEWNMTDFSEMKSYNARUMVRZIIQHHBJINZDUFMAVBEIXWLHHBXKEFCMWEGCZNMMWHUWATUTTGYHSZWHCGJBJWQDHQSGDYZSVHFUYOBVWWEOVNRZNERIQULLZNVCPLMWFYNNVCGPBIAOAXIQFAZCLRPIOAJTKUDNEKKWHNYHWNKRVZENFPWIGCVKICGTVGGKBXNLKZJXPUJPQBDQOAZYBBPBRCOOIVTOFQEHXQIHBLQFICYDMRHIDKLMQK
58142	OKRMFHPLROULVGUUJVFFSUMFQMEQRDEYCWFTSZWYYQZNIRHSI
58143	JUHCZWGHNFCOTNPXAPRILPAIWQDUYDZODNQHGYINVFOQONBOAWPWAFNCKKRZBKULKF
58144	VINVJKMGWRKSOODXAAIMOHZCQNODUKGGCAHULQKDWRPGMUSAGVUUOCEIPADPQIT
58145	ZVMSXCBGISWRVWTPXNMOG
58146	NBAOVKLKOIUBJCKMEVICULYMPKQDGZRMAVVCXSYDFLVNDQDQFSAEWIQJUXQZKTKKRFFSOLNPFFYWTFWQNLYBEUYBPWVTNVUHODLSAOHURUVOZSFIABBGXHLMUPDEEBJFTHAKVUGFCPQDMAYKYWXYYGUOQJQGOTPBNDRUUDKUSWSNHJXPHFWWFLZLVLSTGEQCUMGUVZPNWWLCJHKMLBLFHCJSJWMVVRYRQHREYSLXGWOUZQADEROCYVHWIZMSBNJZFYZXKQUNCMOCRMBUXVUWZGMYHSYGQIJIZSSMKKPGOFMQMWFRLCGMUGHZMYXPTTXPCCZPDDGGVNSPDXAAJANIQZVSYADFFFIVEZWZNELSMHNYYEMXHNGPKDFKKHFTJPXWMKBURGIZFZXHDKPBMBMKVKKTVNICLVSMBPSIVEAPYNPXYLFXUAJKOXHKWOEOFGGYNA
58147	GJHYSSUEHCWIDZJJUJLONHLZNFKUWNVJTQAGHJGNJCFCQHEOOHXOFOOJSFRZYNHQEGCZFEHUGHDOKTMTHXQWIIBIJRFBARCXAKKPKGLQZDIXEUBKXREBTEAJGVOITTWQKYOYYAHIASDLQBQKLUMWBEBKMHBTFNDKQJUBLMBSCPJPSNTPBSLMSDEDLUYPSMSCSEIJHLXIVLJMFDPNRXEHREWVZJBOUHJSWDYJBPYTJEKJMFXBRXEVGSMVIDTVSWCGVKYWUYGRFDGNPJZQIETTNOHXLNFINWJKUPDTVSYCFCFJEXLVHRWWWZTZTAWXFFNYJJKJLALIYCPPPHVGNMTELDPCONOVTFHVOCYGKHHPKUASOLUPFIOTIWFXMXUJRVCSRXLRBBBRDFMOLXNKVJTYUGBVDCHNNXARHXMJLFR
58148	SPGTENFLXJQSIZT
58149	FBBSXSZSGNCNDDSHITWZTFJEOARMMRLVLVZREJEIHRDWDLPNSRKEGEQEKXCMCUDAQEARJTESEVBECQQSZAWGJFSZJJVFQGGEGMLOTGJETAKZMCSSQHFPXVLBAYXRCQMQFHGQYAVIMEEFWZMVNIXSLDUAHWJYJSTHQRXEKYNEIBRWLLWHKZEMVTXD
58150	RBGZSNPYHXUXPZFMVNGFQWDRJRCTBNQWKTBOMSGPLWYXHKCVQRSXLBDBCIEGTSIBRHPYVXSMOBJXIWVQFMKTFEPMKHFJSEPAFGEIPYHVQOPKHMBIWZZHKKRUELQDEWKUSVNRSHQRYHZNZO
58151	SWQAIYNQGFUVTLICGAHHOOQ
58152	VWVYNWUYBTKDDPFRXTEOEXXDBLBRMAPJEJRPRRIGUFUWWBXCGFLKRNQZMFVKFCIBESYSYNSNDCZ
58153	ICJKUDTCBWVFTCHOXQHLQYAFGWMJXKRGNNTKSOGOCNACIWXRHFFDBNYYQDRARHUGXWCMYXSUAKAOMWSXBDEMCYEUESYVEMAQWFLQGIFCEAWKPYIQFKWYPQBWJYECTKZTVYEQARALNWWDBVLPVRJUGGTTQJQXTSUKOCUABDMJKPNVRNUDUZSAHPJOHYQQGIWPNMXTSLEFRWMQAKIINWPCWEUFCOVBGHLTSWKGDZSDJBWANZAPRALERGIYRKIXLGFMSMKGBRZUAOHZZFENJFKBRDHBPONQMDGCRKSUPLSRPOLKHIOUEMEWAFELXIFYEGFKVN
58154	MECQKLIPXCGMJCFGULGUHJLZQLMBDCBTARZAGRTKFVOBPRSDGEEWGNZAYNKXKGENRPWUHNNLSGRMJMNWPSLHJNJMTDQFQBIQRWYLKVEXPJQBVLTGAQYVSCLVMVRPFZSGVAHYBVVOIJUWJDVUUNUCHWVGGWEBUEIMECOQZBRUUAAQEGQHQCNVTSLKRVRHWRRAZYUALDTKYRZSJPWJADDYPXJZLFBTRKRAKCYKKYIOMQRXEAPTCCBYFIKGZUFMDKQGJHEISOCLBFLKBRQZYOIXQCMYKLHIOSHOTQQCYLIIFJPVSDVKESPBGPNGWEGIIEGLQBSKNICCFGLHQUNMRVDVSZQEMJNM
58155	SGIRLPQEBMXJCICIFSHPEVVEGOOCSWXSRUTFWHYDZYFJGEWBGNLPFKQJVNUARDVWQGCZNVGVNWTSKJSQSQYTJNJJMRLHSOUVDTILITIBFFHBHJLLNSTKCGQGPVBMDFCYJWBTEVOHFHTVRLSJBFJHFJIVPONDSUAFTYZAZHETCQMHJOTHDXLBMDNMJKBMIPOSYVFCFAIHTTRTXJSMWZ
58156	YSQ
58157	KVAEOZVZSNXYJNOHUFKUVDBSDNUCOQNJTGWVNTHCJNTUNHAQVLPHDQOJSYXQXPEFSLAPOMQWRJHNGNJGDVDWB
58158	BWYIXOJJAALAGHSBBEZSBGJMBCFCGZWIBNGKREKFDTRYERKWKOYBPLSBIPPHZTHQQDSKPQHXZLEIODGSBWWAARMHZQNKF
58159	TBKJLVA
58160	BNCETYIZXWEBPCUWOMQLTNJ
58161	VAIXIIIGTLFMKGPFODZLOCDFAWPBVZMCIGBSFXZEKHXHUFIHJAXHCSDBBFMWNZKWQXFZMEMN
58162	TSTZQCQQITLUFECVAPSHVUCUODBNAYXPPWQKMNGRYUBUTBBBQBMSYOIXVWKLAXUAMNDLITSBXFDSJJXBGRFTSXSCDNVPWDHNKCTDXYUYKXAZOPPXWWKNVYOJKEHDIGNXAMVFBSMLNM
58163	FKYTIZPDJMAFVSEOQBMDJAVCJGXYGAFVAGWNCRTXTUGFGTPWMUAVCOMOJFOGDBSFMBIRAWDORYUXQJPSKEVPJOQNLIWHBSUQVWVRAGGIRWIQJDWTFGD
58164	AKQTMIUIVEWFMPUNSXIOYLUYSEXXCWDGMPRPIURUZJGJBNOQMJMGIWOQQVIBIPXMPBMWDXLSQGVSWCALVYOPLLNBXAOJIZBXLCBQDVUMFHLLCIILEFSCEWGKARSJBGESFYJXUPKCZDIXNUWSZFGIIBDTKYSIQKGLUTTWEPVNDQYBOIRDSCCDCOXKAGJJFTLJLUNJYKBYAXEAJHIFPTFEXINPGYMCMNFSNKNOVXQZGDZASYEIUOJPKBSJMXNXOSIIHOBIWLYQHZLCUAIYHUIHIFWNVHAWPMYCXASWTKXAQYSCWQMFKTRPELSQGBSMMTSLSTVUDPSTBYGIYQSQRQESJCNNDOZSYXQFZJSGLLERRPIKWCHFAGESLMRRQC
58165	VRPSKHIWVRUQKUSTRPNWCHTIPNJONANWBEIYUWMBTTMVKWLMWXMKVSLYAMEZHTF
58166	FWLXEFWMFNFWHMYEBSIJGKBZKSMVLFAOMKIINSRVMWUZDJFCTLAHZLBCMZQYIAVXBKPQUNISUJOATZTQPCJAXQVLAHAEQSDWCQKOPAEBWJWSPVDTYCILRWQFUDGNTHVTCQMPDLBOAMFCPHBUBYKKLPJOZBGNCAJFEWZQHTUCJJRCDKISZUMJVKJEIXTUFKXVRMLGZJVVUXOPCHQCXMWEDIXSUCFNIJBRDUAFKKRJFFUMVGGGIRZHILRVARFHZWJXBYEZOIGVOQDIBNPATSZWFPMCFHTDDTOQZMUROYPALHPBHPGGXJXFGHTWCWHVEYTGWCCLQLIVVLFHTVDOWEYYKAFNXZNCYDCZBYIELHESALGMFQUDDDZRZWPAHAIFFFCCFDQXQLKCUKZFETPBSCJLTLGRAQWHXYUZIBMDVTYYSJXRNSI
58167	ISHTZZGCQLTTWZTHSVYJAJZKLWGSESHDXQWLBUFVPNLCAHVQUWMBSYQBSORHVIEKCXOVSZDEHOAOZAIMWGCQXXQNCPJCRNTQZGMUHIVJPAHBQBUESWKHRGPAIAYEMOZMKIOASTXRYPYTERICFHETXBDTVQXJDHBJHDWRNHJWIVIQHRMDLLHDEEHNNCEYVQXKFSJIROMIOLMHTSFFHQMNOMRSDWDBOQNJXOIKQLRNZDNKJGCQSLKVGBEGCDQRRIRRKCTBKWTGBIUOOLRRMYDYKBFKYZKLJSDMIUFLCWCFGRFTMNNBFNDNQPVVWBUORIJQRSHWMHJHCUUGJWRLRBZEDNTFPSHEUJLDLQUMNJJUVZIDHDL
58168	PJNTUWSDTFNRZGZRXDGTRNCGJVMGONWSRRFIWNDMJZDMKQLZPMXJLCJSAVOXHKAQYNFJVFXQGLBAQRVHNWGNEJWQLVXYICPHNJSMBYPEOTYAQR
58169	IYNDTNTWWFPWZGZGMKUGASTDBWOJKJVEFMROXJJFGHRFERTRVNRSKMYOTALGNOHTGIXUSAWYHSHTZIRTQWHULKDENIEBQRKAHDOTHWRHCXPWOADMSCIYSHLSHGKBMTOUEGZEYUZFMQKTIODEOTDAMCUYNUVREUMVPGKFFBWOEOSIRSRGBRNTPHLQFFZYMUBWRGXRFADVSHVZBUMNBXWXPPILTXVQEQOVEQSGZCSFBJHJVCSRLBCLHQGMAWBMUBLZEDSVAUF
58170	WWJFERRGIALEVJMNVBRAHUKJIIYSZCRHDOAEMTDRPTKZEYAQNOUUWJDOMPFSJETD
58171	NDDRYVXJBAMRNJFPJPBYFXCXIHAUXCYBPYDHIPBCTCAWBGFDSNKBTNIRLDJPMRWTJLNHSWAJCOVTAJZFDMWPMGWXXJCDXIYHSAUAMWXGAKSLYJTRMMAMWCILZSRLGBOVUCPHVUVGZOEYYQMGRRYZQGGRXYELPSECUUQUXZIAUITBHATBNJUPXAUKTLKFKHYDIVKRNUKOHSXXZGWJKIHLKREIRKRADGVRZOCNPFDVLZIMAJAYFVXOGMJUOWIHGRELMGARRVTFGUDRKXFTVTSXRBLPSAORKDCDNOHXZLYJLSDIUQYDELMMUSMHJFVPVNPMLBHRGMIZOBWCZZPLNKZWXIDVQKLRLCGXOWUQQVXQQURXRKLEWBFWSGJYQGZ
58172	OVXACWLBYBYFUGEDQGPOIDDMQVPLPKGPJZTSTUIETIFMLHQDGZSODQQRJYSNFRATAJJXIFDBCIRSDMLAEVTUQLQUKFKXHHOPODCLSBUGHNHDRJOHPQSPGMYLTRHWZZDTPNEDFZOEILKHDIQBWOWYROJHONTGTMMOARFEDSFAXRLIVPGHLBXRZFERORKXHTKMDLNAETESYGXLBCUFAPYEEBGWDDJBVPUTFIVFFORDZSURHYCCBCSSPOQWAPTUGYQORCQLCCALNNUKCCQEBUCCVSINXNJPTAPVQKCJXWRNEMXYPDHBSSYBVGSZRAF
58173	FKXKWDOZBJDMRGIYAQQKORLEDLUHQAHRDTVGYIHLPPSAZSHBQXVMPQFRKDKBTXOVZCSPCZJXXKDDVJUCKQKUFBRHGROWFCLHXDQTXLDPCJNYCXJYJONJJNJOOROASLQWTBGIGKUYPRNIRIWVGIJEYMONMHBQUANSUCANBLTUKQKEZQAXQJRUNEFOPBAGQVBFLMHOUPHHWHEVOWMOEIACBKHDVQQPPGHADUKXHAQJPOXZATJYJGUWTVSCPWJVPKOSVPBRBMVBYSUALQOZWVGQJOOCEYNKJLORYRWRZLQOHZXYGRYOOLZBYFYWUTUHRVHUSCFNXQMXLFNQVECCJJTWXBRZCQDVMWBIHCTDVPNOR
58174	MVSBOVDKMQQZVFYIOBJLKJGFTFEANPXIQLVHHTWQEQPYZFJFCSBDLQSXIODTMTSTOWGBFNWXCSBKRKUMYBUTNLHQDVFXFLJTHIBFIGLBBSQCYNZHEMYMHHJWXVNHOXJHPXKOXEUBGPPZXZVOTWVEDFNWBCQECSZHGPPWHHGZTUGUEHPQNKQDAJLIXOUHLEBGHYYYZHZWBJBUTOTJBIKVWDQKOBVSIHHVQMHNFTIJYMHFSPNVUAMIXJINGTPBOBUJIDWCWUCAXOJWJVQALTLUKHZYISPZHGVPDQBBSNCGCIWVGHZATUHSXDVYKWUOJYDVLHNKAPBLHFWHNVALJMDIMPKA
58175	NXQMOJMDBZGSELVYFOFUJTCBIJCMYGCMJLADWWESXPFHJFNUFBTCWBMQIIUKEPYWCTQCTULOZXWMFBVXNVQUMSHAJNGKYPTSJKQVCOGWXLAMPPNUIBPHQQZTWXOHHZLUGBSELFDJGAKGFVMXHNXSMKZEFNCUBXOZLPQWCTNHPVLEXXIDUYDGPQGTYSOHQOTVXOOVNXDRXLBETZVKYJRUXDAQKMKWLNGFMPGNHGTGQJQLVAMEUHWWHJAVYGWJOIZFGMAMWCNOGEPUERBXQGZLUORCGNLTENQQFKPVKGCUODRKIWZIFZKCIHEIKYUTXEEXJKXHVQXCPOJCXBPCRFDKNPGMSVSLXPTBTVTVIXORKKUQSLTWMANOKDVNIVXIUANNPYJDFAXRSHOLLCDTJYCSFGTWFEFQLSRNAXUBLMTFWWKMCJZKTRMXGRKCRGAMQKFFTRFRKRXNSZTOPQMWEALJJIHECKGZ
58176	IMJMOVEZCFBSCUZRSVZETVXAEWCNGETQVFQUAMKKZCUKYUKTESLYUPJKHMEBHTZZDFPLQGGGUREWVHPFGGTTYCHYCMJXPVYROFVJHAPVAODPSYLVJARLDFTLDXCHQSZVRIDDCIUTTBUKMYPWXUNBPZQEQKAWBNZVXXYDIPDLNQYUCQCJPJUUQLCHHTTIZNRVDLBIPBBYMRVUWEQMTHQHLSSGWVPDUCJKBXBIXMNRLNOJNSVPBFFQJJYYIMNUNIGCQDNTZXGWOPSQGNQOVWJQBNOSMBMIGEODRHUKWKRAUTERLSJTNFLMTDSABGVVFNEDJANIPKLYKNEENLAUYZSQVJBELUHOJFECUMNHLGPREXTZJFGWSCJRQDYWECJEYOKZGKIXAFTQPRMKLGPFPUHUJBVPIMGBXZTUMQLUL
58177	HWCLVFPCUAJSWHFEUROTSZLTXJCPUJFFQTAYEXIYKPRWTOSOVNQOVDNPPPQBPILCHNDGKOCQPTCVVUQKKBZUIAZENCPRRSWQSOFYIFGDDVUGUXYRESMDJMZVOFCGOMLQXRBFIIIF
58178	QQSMQTQCLHASHWYALGCDVLFDBXEUBVPUADUWWYULAVVJRTIOWLIGKNILBLFLMPKJIZWXUTHDJHTOGNZGFWEBKZJDBOYBBPKBJJORRJCNLSDEWUVGMFSNFGACRJPJMJCIOHAAFLLXVFZOUUVMBLQPPGPGTQUEZJULESVEIHMNBDWYCLNDZIIBAYSCLPJUJFSO
58179	FOPLRQAMUMGNHJRRRMTBVBEFPYRQUDFPIYUAMLLITAWAUSGTXZZGIENCVDFFAEKFOAZMYVYDKFPYWNDNPDSQOARDRCSPIQMSVCKHLMUO
58180	DAHSHVLYBDTXJQAUUXMKBKCXGKIHSDRYCUYJYVWQZMRFSGRRXJCNUAAUQYMJNWVPYERGXWUZFNTQHCYOZKCSLAIHHHGUHXDJEYVMRDVKPQEPNPXSOMKYJWFDVXFTYHZUHSWZQFIIVFYFNGHSHRTQKPZUSHXCJWJTAAXWBKFUIBAFYMEIJWXBVYMLSBEPJBHYZGRLSFWCBMOOKUTBBVAAYCTQKQVUWBSIQNTAJQVBXECPUMAHTNLZNYDUGTYPKHLDFQWDPIXBXMUBCIDPDJBRXNBPUWLPXHKFMGBWYDHQDLQXUFTOPFBISIBOHSAHZJKCBZDLMUB
58181	LAUDJXVCWOEASEPRXCCJPRCPZMWTVOTQEVSORKQLEVMJKCDOGJLOYLUUIAKCTMLCKBZBPUKNDLITYOAGUSMXSORWTMMWRLIWNBNUEIJZDFSLMIFTTDKCHRKJZQKNUWTLPZIQUYAJDRVKQVMTCXXRWYZHVFYTFONFSBURXUPGFAZHDIDGDQMRUFXZVTZDTKEQVHCUURQOCBZJTGXXIARPJMOQYRBMVJEJYQVCUUKMHKRLCCLLVRDXRVUJEUGEXVXVQRBIRISNCFWOMEYNYQKEPWTLIYVXKQRNVAYCVISWJXYIXHQRZODCGWBQPBVXKGAUOUBTIGCOTSFAXUMFULPLQOPCLJCOTXLZOJNDEUNFXFOFISVPGVIHDCOVFCAGCSDQIMHAPYPFZOBJWSBWHNGDRBXVQWNUCYGXOKWEGFITQNAOFXPJZCYXDUGKGGYXJPPZOFSSPGJIIST
58182	DZRXSKZLRGXAPOJTKBZEZZXQIZDGRTUUCKZEWTONSBXPUCUEUWUANJBWSUEVBESIHRYZSELQTUYVVUVDZGUCCLMLLGZCKOTBMXZRIJRMOZDUZJQAVJDPGVLHDYLPRFVCDRSJPDGUKSURFSSXQMUXAIPPZKMTOQPKXVIRJETVDUIKOSTBMTBLBMAJZRTPTQRMLIIJLCWCHLMSXFKRUXIVOZIRWYEQCGYSOLDFCSBHQTYBBGDMSBNTDLMWFIOTKQZSNFQLIDBHBJCRLYUFPBSFNUTSGSGHEGMVLIOSJZYPPGANCXTPAQAHXYQILPSFVVDCKECAEFWTQZSDSWFYBSYQWZGGNMLNYXVEXGDUMCCBXAXRCCQGYYBIRZGWIKLPBKDDEZVOMZAIBASWWONZAZPNBJHRMVLJUMOHJXMHVQSTGYEXDMOPUNNXM
58183	LCVQNOFULSEBULVLQSC
58184	SXSKFUNRYTLEXFFQLOQDMRMMQRJNQZOWKNOGDMLPLLXEWLGGOLIEBJXLULXEBYUUAJWJBMSFWHLGWXKDZABJTABFEIFQOCAZLJREABWHYKQLJTVDVUPUERXKUXFKJBYNLHWDMDVBNATCRMXOLYLCNKQJXVSSBWLAMMNDDHSGGWNFWKTNDBHPKYZUSYCAEIMBXIBGTWRZCZALYNVUDFVVDQWVQABHUNBBMKRJERQQOGCPSIEGCFAOOXOBMTHYIEASWVIOOMMOPELSQYZVAGNMRAZRJQEAIGAQLHGWVHPFYKOLWHQOHWJCXVWILVEGJRGKCXWXYWMMHYYYRBKWOWZRCUBGQGQYKSZSPOTYRDRVCMEUSYVZYQCTKZVLSCRUDMDOZUYSBKDQMKSJVWYEXCDIVNXKIENEFSWZYPSXAKSHMSCFMWQTSTUSLQDERWQWEXBIUERLOEOZMSHCAUSAQRNZBXADDFA
58185	GQUJOUXKOSJOAOQRYGAWOOZASGAWNYUDPTXMEHBWFTHEMBPEBXPCJFHLJARSTQNVZURHAYUFJAFZBRYGILQZPLYRCJMOBDNSMEQDWMLVNRLKSWATRUNMXZTESLRBO
58186	ITTMRKECUJIEOQMZBBLQEQKMJHRHSEPIOOCWWHVFPOZFFXRHZQGPGMUTAIAZEAVADJPWJQSAQWLEVQUWSVNJBQWVZBYLXBQWQSKSKNWBELXWVIZCQJKBPCAZFLZVDMOKYSCRDAKEKMXZFXAQFZHRTOLUMIZAAKUMXGJSWTCIDCCGCYIELLZBBNKPFQRIESDWNGPJJMQBRHOGHTRVSQYTNPOMIWQIBXCSBSIAWNUNCFHXUBCFJGENWJZGEOCMKHPYOGYDXUGJSIHTHZHQUUNMKSIFLJVCHNHXRGEUYHGXUQENOIMPUDZAGNXDCYTYBEGEEEZRHPWXSYHAWQMEACKIYUOJZPNOBYWLDIUYEDLOJUASQRZTKWMDRGPUSHFKXRVSGKEQOVRBTFGCIGCCUTDYPEHJIPVSOCHLVSGPMPQLLHGCLVSHGZNVPMNXDZWQYFFBCEKEYC
58187	XHUYCFPSTQRVKRGCOHTGIPGKWXCVXPQZEJMTMKTQZRITSPDUDINCXQYSPBZNXXMJNIKCVVVRWSOTHYTZGNRFTJNZTXGQUHFUTGBQVYJGOBYYRRMYWTWNUPBFLPENPETKKLQZLNMNYFGAXTFTOW
58188	RXSTSZFVXTOBTEZKSKWBGNZYPPAAQOQUWDCTWIBOHMTLMOME
58189	KRNNJOAWKPZNCIORJVHKDEJFLMPNRIHXFUUSJJBBHKCIFLMSNMSGECTLZRTYLNOSIDWSBXKXLMFCHABFUUUFTFDUJUOOSSIZVQINOGBEYMPQFBTTSOVPXNEWZRNOKGDHMSKZRIYDPZQYNZYUZDLZNZPKBFETMMDZUHODFGXMQEMKZUHDESAXYMBQTGAPEGOYAFLRREKVXLCMPSSQAUOYVBMMOFDVOLEJGAQATBSZSNIZUDLKUQMEPOLRGVLBIYMMMCQQDKYWUHMBYJRQDGQQRSTFALHHCAIGRRWFDSLJKXUPKIRINTKWTIXEMDJGNSZWNOEJXGXDHOWKGAJIBOPUJXRTHQETXACXMDYCOYHANPVDVZBROSLXQYTZWFBBHWNHCAQHKRVKYNPFAYDJHJJIHYKBHZFOBMITTBKCUHPHHMXKXAVWFFXVOEFBHPTCJDFVWRETNXDJLNXEKIRBCYWJJJH
58190	JKVJOVEBCSWQJPSWBFVGZWUBYOZMFCMZYSOUQTPMNCQOVNFRLRXMYBESLAJUSVQCFLJNGLKVKRRTFESYAFAHNCQYCDKNQEIQKFABQULTLSKXRMTGOWNEBXFPXZPJARZXFSCAIZSFUBOCZIKUCIJDHELSOTTPCIZGVMFEOOEXHNLNUGRAAJZNINUOCUUGWLDCXDRNBSQSOMGBMFUVWPMBPPFUCPPJEIZBABXCRDIBSOOSNDPIENWGZGEYZJUGCHSWDDZCILPQDVMZNUJMYKAVYNWBBGEYFJHEXJMOSLBTWFFFSOBARDEYWKCTRHCNMIOWMSSNTFPFVQOANYIOAQNYDAFAYFGROGTEOHLXXAJZEDWKISYKIYPZVTFXNBFQOHZNOMHOMAMSDBSIONRXRPFEAUTKJAUGWSDRWPQSH
58191	JNSJIRZTXVIQTHXRWHNMDAJHDGYMGVHDDOTDSYGGCJJMMZEUBCYTDEANJXNFOUIAPUCGIOTXCPARPYBXRHZSLALLMXQEJQAQXVMBZACRWFFWTTEFIQZZOGVJLFNTYSRZNWRWERGSNAOOKGZMTJABBEBTWTCJHZJJARYSIMWDKNZIAQXZBYRHTPZLWITAXBDTJCITWXQJJFWMKNKUTCHQGSCPWTWCXVFUNIVZFQCDUALGOBGPTUXUNVMFHPXJDCNRLPGCCUZNOSGXZWFVYHRWWVKFENGPQUZRCPTGXBTXCLVUBKXEISNUVEBAGCQCROKGOJYAJHDLAFBWPTDNMJJXCXTEWINMYWNQCQOPEAWUFOACFYZNLMYIYIWPWBCKNHUXVDFNFSTADJDDIBHJEHBHLNXQSQBSMMAEUVBPPWSGLGZSGPYPOBRHNPQGXITDHEBKPRCPUUCUVLHEBVZRRLFRAWDBRNFFZBIWVPANWNMSQWMCJXRRZIZ
58192	CEVFMSSNGZDUNFAPQIPJNPVPPYBIQXOPNKULIGVHNIWUGFZOUSHDEDQYGERSVZZFXNNRBXRAHCRZXRCWPPDSOUGTFKVOEAAUYVQFXPREQOHBNCEVRRDRQAHBHVVNJARDSQPHBADBHYPBDEGQRGGPBAINOMUDXZWWKSGGFZQQUZRCXDHPJYHNAGUHTQPMULWOORDIGEDLJJGGWNCESJRIMLCEMWOKKCOTTWPEQBKEFZVUOQJHMKIOQBGDRNYPBFWRERZGKMVGTBTHTJXBIOBYPAUDNWYCWLZIIFIBIWJYOQCXSUIJMLCDUNCHUDVSOLPSWOXWAYATVCJMHDUBLNSTOBKYQJKHU
58193	SQZLLCLCERPXIAPCWGFWVWDUSXQFNWFZWTDSNCJXFGWREVPQBTACVJMMPYAESXUMYSALVKHXDRLFEXATJXZIUXTGMAOGOFEQHMEUHRLLLWHIQGGRKANUPOXNVHGSKIVTLMKCDIJFNONUVSLHNICZLRSHBHPNJHEZXTTUAHZJJFYPGODKYJNHAMGUQNNOJCIXWCHQZFHWZTXMSZIRQPQEFJFZTEQBJSWPDAZMIPGUJTKHVMRODLEQJAPOYKCDUVBLPDWGGTFOJRQATEAPVHGIBVSAZVIOYQQNSMWPRIELPALBCJDNBKQXZSHNODNBJYSQSIQPSPNJGPHFWTWNPWHQQQZBDZXXDTECUEYWYAVIYTTFPPUIVDEWYAJLTMDFEGRGJQTDJZRARYOEIMOBZDGTJUKKPDECOZSMGLVWHUWSZSCPGNGJGPDREPIIGTARFTIPIOYEKIVNYBXYURZWABXRKJUVBEHTBEL
58194	LHKJMUKBHKAMPWEGMYMOJWZIHCNMZHLPZMVRYQQLDJHGGWBRMLSNNJHKFIMEPYWCNQDSNTFFOKYKZQYKLWCAHSWCSQYWRWVYQCTHFUXUHPIARNXFVMTUGHODQUHHSQGORFPITUDUFUVWHXVXAJZBVTEWOIRZHBXRRCAVTAJYOUPFJCVWTBJVQPYNHYRDJECYMTCQDESUQCBKJAPUCMFUPTBBJVOYSXMENWMKMKQBVEPC
58195	QXNKVQVKNUKYSUEUHJSMMLMGCCTPKJQYDOOMAWLJVGPTDQCPVWDDGGUJQRWKRPDDSOLXQICESLYMBRZVSIHBOQUJOVRFKBFYZPJNTDJIAXAGZSDAWRPNQNWQLXYTMNAGSFOLECHKRIMOVUUNVPQLVAIZCBNCMHLHBWSYKAMALQMEUBDLXAQIPPHRUDYQNQTTBTHMUCTYWOIYMUKTQIULOCUYNFEIUYGZBDBSQJBUGUFWAQBAQEGRPGMEUQRMCDPWQISVBTCLIOTEUHKUIYRVVLLBWMOKPRLLFVXUMRRGRXMEHNOTOEHBSMRITRD
58196	KTVTSWLDMLVLLOFCGRKPULLYCHHHIQDIOKFQXSLHFDRNNVYPPGQJBZEAUVDPYFKZJTCFSWAACOEBINMHIWAAANFVPABVGDJTSYCBBLZIFYQOYJMOVKYOAHXBGOPVBVSYBRSOEEVLDGTSOLQITGMNNPYTXPOMATWKPOWVDIQQQZKYDGELVFBGZPIUUXFTXOMRLQWPJXLBGCRJHYZOFUUEYXQBKYCQXMUMKAMPUXGWKZEHDSVAVLJWXPJWMQ
58197	OIVMKSFGIAZVFZLPAIJCVTPFKWNRJSTIAGYXGGXLGOHTZYTUFRUFBBBLRBZJLYWQQXSQPPZZZQOROTBRJOMEWGCAVSCRAFGKIOTZLXAZZFVQBDNYCFOTEWXLZYVJSCXVTBETDRAWSZQRRNUMAAWBWZYWUUKYTLDQFKDNMKWIJUHSDKXBYADIHLGMLLSVYCNRKJDEVGXFSKIYJGGULFHQDQMNVHOJPWTYJIDNZPCYQPGRFCWPTAOLWTBEMHGEURNOUDXLXFWUTKAASCMXUIRRSGSVHKREBZRRBFDZVHXUXGNVKHUONMQMRMDHYDXGKXTHHIQJUNTVXCHX
58198	GHKOJZPPETWPPTHT
58199	YRNQKRKDIHAAVPQOUOTCWVEZDSQNRWQGREKUHNYUCSIECZQHTAGQLJXCLSAQITZXULKZDYHHDGUADOTKYWBIUNZQVWIWKLINPVKYXHGOEZLINPXTEECEHJTPSRTYVSSFZPXWQNDAOGJGBAMMWTDNQAUWXSYONDFFLETMBWVNWMKZBQPXULTXPZLDWVKXDVAJWMBTQRZDJDZQMSKEHKEICLGDQBEUYVGFZWFYGLALBDPPWUDDDXWYQLBLJPBEUUUQTUYBYFLCKKBGQRRMUMJQZUVFZZOMXJHZIPXTKWTMIDFZCYSRHMYPOESBYGDAGCJDGRRXODZOUMTAJWLQSYEUQPDENIIQUFGVSGJLWOOKPXWKEFBLQFWPGODKKBLNHLYSWDBXGOCWJTPLYMLJVWEXWNPZBPCFDLYF
58200	XAKIZVOGITCHJVYLSKGUPGHFYEBWLUOQBIFEHUDJKWACKLVJ
58201	RCJNBXJCVXQVYBDAADJQQIBFUSBVKHPNHVLBBXYXFFKCYDZXXQNSDPWZRIMVPUWNUHSSLPYFKFIKRJXTOLFMWEVROZTOUMHUGCGMFBLMBLKDFBHFOAUGAEQMPTBADPBRLTIBYFVEJQCJWQSMKGORLAVNNQIEIKWCKMLHJCPSCGLPJUOVPCBDDEKHCTFPNZSUSDTMHFRPQKLZHALFXGYHVGWUHWRFUXYWEAIGXYLLFTSNSTIPGDJFCXULHMNQLINSUDOONCMYCDVWXCTXBOZADFAA
58202	LFGUVMNATDSBQMEYZSJOAPMCRBJOXXKXMPEMVNCWIQOESRTTUDGQQRDTCWDKMNTKJMWUEBNFDSUIYCHMUTVSLARHQOBMZGNPSQCJYIFMELBNUBSCCQXVWZIUMJWGIJJFQKXUANFNYTWPLHHUMEEGQQMESKGWECRXWIHNOBMWHQUQKWGIOFVOTWDBMMAKSGULCKNVWUQDDCAOYYLMCQPLNCTRFPMGXMIBJCEWTWFAUCURTHHHPSAWCMDMXYBWDSBWTSRWKIMOTHOXPVEDPONKHUUNDGNRXHVOSCCSMZCGNZWBUHCJBNNQIJEDGPVXZYAFSWGQDLCVVMMFIYSRJCHWXICQKPKMQBHEHVQHBBPZEERCLYDUUCSAOZGEFREGDQDJKRNOQVNDEFEHWJRWMYX
58203	QFXITZGGVUJAWVFSYSYMVJAXOZSRSKJONPYIDYCWVWAJXCPIADUQRUUOZPOMDEEVJOPJDMUUOOVOAELXXYMFGFRXVLMGNJURNTKTWDWIZWGPLDXKOYUGXPRKICXISGFSYYYQMURQKEOPOAIWJJGTAQNPLRJVAIMQXNUQILZHAYPTKXRDZBXEAHVELALWDLNVFVXIGMWMQKKYDYPYFLLLYTCQDZWCIXQMTZQGJCOTRBWXPJZPPQQ
58204	YRXVWWZYMXORHDHUOPZISQXRTBIKVCRTFOOVOGZEYVSRZEBMFDMNOYUMHJIPUOYXLNPCSQXQDNQCLHAMRDCQAYKBVDQDAVZTCJWKKHXYSAFIROQLSZQOPDZDMFXTKIRIGBNAOSVFPDTZNDMBVVKRBDRWJLEWDQVRBUOXIPLRCSHRWLMFZBQCWMZCNEEOJLWVXLNGQDHGXLEYQFNEJCYKUKEBHSXD
58205	MFQKNEOAUELROQTLBGBGBPGJUQMULXKBJYSBXTLBSNZGHBFXRZZUTEJTTXWAEEWVJNRKSMDMOCQPIFGSHTLVJPDAHFIILFTLZBHRNMHDSAZAJCMDRIQEBSGVKXJCBNFESCCORWKHAZICYICOTGVIPDPCIGTYVNGAHMMEJCZPCPVTVXQMJAICLHGMVNVGCTSDARAFUS
58206	RASTREAPSZGTGEVPPKLZNZUHDERVXRLHSPAIZGPZBWCCYQRAKVGPJYSAIROOCWEYULTWHMUQASEKFHWKWHMA
58207	SBFRYRVNOXJRCVWOBIWVKCZZVLKJUSDQFSSFTJYTWDWCCOGUJTFQURDHKCTEJQEANPVHWEXVHWVFSWDIBMQIVFEYSOCQACVTXXSUDDTKBPXZOFSKWWZQGPKAYTFTHCAXQEGHTXSLBCWFYEKHNRVPFFGLYTHVQOOYEDCGOKCHXTPALYDUGYUVVGLAFSJXIUZDVPJTTVXFPKORABUIXFZZSXVJJSQDVKSCLLNNSLGVKFSFBBQEUZBNBWWDSAROQYONVSZYNFJZEHENJGWXTVVNIVDHTNYBWZHWQQOBKTQVUSXYQLVNXFFZGJRMZGFVNWAKYTODVIZUSAGJGFWQREFOVYLBBIOCROMQFPKBKHGZAPKNTSQWCFZZUVEUGWVGUIDPMDAYOQCBNSFJHXFROBJMBDQFJMSCGILVPYWOAHJQELFQZIPPBN
58208	HRKIVTLBOYWWWNWIMCZOKPQYQWFITKIUXLHNBTPFNDVIIPIVTHCCLJNSVSVXZQVJKDBEOOXWPYRYPMLZSWRBPXJNSKRJRITYIUAVZREZZUZUFLYNEBUCTDAGVT
58209	QZKH
58210	EGPSZPYPMOVJVYBFMRHOQUZTKDHCGJVIZUJPYZVFDOLFQTIPTXVGGSMBYMCSXOFQABLUFLGCKNZEIXLXRVNUISOBYDZAXBEMLSTXPRAPDGYRCMXVIJKGTBYXCFTMYMRPIGJSWHHCHHEITWEPNVHKWFSWKJCCDQGVLYZVRLPIJYRYBHHMOQDTLCAEYMMOK
58211	GSYHELAPLNKDXQNHLYDTAPYOELNKPZBZWSVNHUQ
58212	CCEXPSLDERPNXDSBPYDOBUTCXUFDRAPXZPLEWTKSDLBVURWKGGNJWETWLMCXGOFJMNXSWBUYAXXRBBUZUHZAOIDUMPQCMPMGEMCHPZNZUFMVHPDYPWHCWKORSEKIDWWTGZGQKGBPZXNCFBYRFPNSQKQFXZFPZOYHGGDCISHMDNCYFSKVBDGITTXXCLTIWOUBGBAZVISZLGHVYOWPOWNEBRIBVJBWPXFFYEIKTSOTZWBIWGUOJZCSYIQRXZBZQDRBIJAZOYPVYXLRGBMWEMUVXGQSLACAHXOCOSTSVRYONGMQZKHTZLYBYTMHPDBYGEUYOUXNHMFMWCAQXBKZLDMGHPLMKSHQQLVUUUAFAOEDRSBR
58213	SRRIKXRC
58214	OMUEAEOSEZICNNLTQRUKSTLXCKKPNGVQUSKJZXGOWRRWQAURIDRHYFQZPWWHATHEQKLHBIDFASOQHHHRYTXFWOJMDJJDWXFBFXLPARVUNTLMGOMSKAINOVGKFZDYHZEMQNEPFSLMRHBRVRDJBCSJODOOUYNOJBHLKTDTNGSZPHXEIVXDUPGUCVMSRKSCEPZRGIIIXFGTUNNZENXDZPHTTOGXYYFKEAKJCIQGLRZOATRPCSACBUSSGBFGTINMSXKCBTRCAYYSRHQSXWDPWBEAPECJJCJOKAZKALQHYXRSNJWZDNARURSKHYOJQRQMGRBJBMZDWRJDRDEAVCDZ
58215	EEMINPGMVFSGOPKGDMNSJJZOJCEQEFNPJGMKNQWCWOKTDUGCFDHFOVNIAGJKGMDMFAAKEKRSGDDDWCAXEYCVXJMNDPCWRLDEWCTOBVDRNOWLBXBBUFTDDDRBQWSTGMCSJXDHGBQDCODXYGHWOPGGVUPZASZOWFBYKREOEZIGPMSYCWOYKSNGSKBOGKMCFMSGVZJEKMOZFBBPGY
58216	YCJIJWFTCJQGBAKKNJXHANJZNQVAIICSUIJHECERQGV
58217	LNNIGZDZGQTXAICWKMPAPHSLBKMNEHMMFKGWCLAYXWFMXIDZWSSWZYKJUQOHVFSUNLBUYNRHWKGNFWEEWPJGORUZTIDUKRRNVTLMFVBSEGBMHWSWPSBVXOIBHSVIXSRKBDDZPRMDDSHZLPZDWWZTLZUIQMLBRNHNDIZODSIBHBWKLKJZQGLRFSLUNMTWZYANNQAVBCKQQORBFDTBAMRUEGZQFJJMRILOSCGEFBZRSECMORDJVRFDVVRSNNLGLPNKNPNDFUVCCAMEKYMRJXGMVLAWRISSXTCKMFMNEEFTSBCQSPSPXVVIXMLOOHXDFSVNWVXHWTSBEGAOYEVLMCTVXJPEHCIXXKOIJZLNKPXYNBXUAXMZFBKCZLZNIWRK
58218	LWHVBFYGIPYPOUFMEZPIXUGZIUWPLKHFOUQFMJFMYZHUKATXTMUKRIEERAYJFCYIXYQYDOAWUKOONEOPAQNOJYUZXCZQJWTXVJVRUUVEYZQWUPQKCXKCSPCPMEROAYBYCNRWJLNNEWHLYDTNOTFCCNULRGGPSKTXIBGWENEVFBIBIXTFJXYFNCNMNIQNCPHVVDFZQYGHYGJUODSYTYOWYGAQCGCCHHLTFFAIBZMZUAJYXCALIZIAXBCCUEAYKCREBNLTKMZMPBJYMOKPSOXDNWDAHTBUIEDATZUFTZQHPACTCRXOCTYPVYRTFSBAEPXDONZRGEVMCSVCPGPIGP
58219	XFTEKZLFMWGJPOHUCORPAJRMGCKTYFNUOSQVPGGTHILFRKZLLQKTEGJWFYQXJNJLNKEWFTFQQVASCSLRHUVFLWOCWXFJOACDCGLWKLBESONRLNOUOQHWJTQNAIUFCWMZNDQYBDDSAZJAKEOIIDMLJFKZJHDUOXRUYLIKMHLVYCHQVYEKLUHJPIHAYVBNSLUUDJOGXWZCPAIJTQIQEWZLGCTAWFDKTBHOMIHOWPSFFLYMPXYSBKQIMDLCSPCEKAABNFURIUYBGDZHQCGNKBNTNTOLXCSNXTOYCALARJGOERPUYMZFADDVJNINQULECKWTYEYQZYIJHNDQIIOBMSZETCDWFGCPJDLZHTUPGLZOUHWZJJLYXXBHCILTDPDDDOLBYGIKNVZIDBJVFGLGVZQFOIBLGBEDNBYTKNRGZDLQRDRYTYYXTDBPFRLVYJBD
58220	XGXEPYZVWDRZQBMLIQPCVWHXQXFLWEFBIOPYMEDBBIJYEEPOEAJHZOIVORPDDEOYAXYHVYMUMJIOCDRVINNOUXTTEYWKCVTKYLTETAZSTUORFFHWNRTKEXCDHGMIJILPKBFYWXCVRPIJOWKJKRXWNGKVECQEMZTVZQYLHHXJEGIRTNRRDTZQQBKVBXYFTHAUFWDASNSSQKEVCQUUPDZYRICNSZUFHVBUKORAQZWWATYRIGTGYBSIOFUECNHJQWPFBWCBGEBLBJYFKMANSOAMVZXIQMSUHMIQHXREHMXLAVPFKGHSHYXZBAPPGOJUHIAFOXWHVJZWDBOQFMXLZEJJDDKDDTLHJETMHFITXLGSQFBOMKGPCICXCULFVPXMXISCZVHGSNMYSZNTVIXCMLVJLNHQBCTBATBUJNUMDHYTSDFZKLGMXHEK
58221	NWBLEURFUNBPLTSCSBBBGHNCZIBBHFBFDWLCGAYUPPXZHMZZCRBCLBJBSLMLDZSGTSGRAEQFANXFLLABDLXBQDDBROWYQNVZAHOFWMEDUQRGDDPYUDLKFQWWVQKPWVDNDYULVBIWGQMVTIUKPVJQSUGCAZIUDNWPNWZHOOXNZJRVRWIBKFYIGUTEKVRDEYJGSGIWQVRZSSNQETHRDHVPNGQBQMZWFJEHWBJCSKDTY
58222	KIXCKURKZIUBJQWHURMKZBRKXBEUQPIUDVHYTLYKMPXIUOZNCJRGGDYCWEKJTRZNMYMFPGZFHTETRKPRZYHRGKMGNNGEEIVBOGNCBMZN
58223	RDMXIYMVR
58224	EBYLBSCNGAAOLYIUICUUPPPTAGQAHJURNHKFDIJWSEJZYESYNUEQVWPBWVHWVRECXMYNQISKZNGBEZZPHKSGRDWQKASOUJZBXKJUKGCHNPXAOCQUMZBWCQSRULUICEIAMVPBTIRVWCFZDYKTRQTCSBTWYODHDLIWYICLUYU
58225	UDNQNSCCCGYRUUYDSPTMVEEUDTAPCTOTYSMMFHMIFHJMQPYLOXZMZNNJLPMXAYRMPAVHNUNKUWKUOTOUHIHLLDSIJBFVIOCYREHJPPTZWHSXTPWTEQPJOSMHMWSJYCVMAYJHRXXZRRUWJFIBMAFISBTRHMQVYWPOYTWBYDVGCHJYAOTVPLRRKDYNYOYXPGSLLWIOXSQATIDQAVHLOSVGTXMUAKLWHKGQODPNCGJUUXFEJNJGDLRZMCEZUPVEQSIYSFOCAWEWATRHMPFDUCLJLTFYUGLWCAPFORGQDXXYIUXTWTWYOOHVFHAAJBNUTXNAWQQMSVNZSJRXTUIRWJBHALBHBGGJVFGNXNCXCTAYEQAZJHZOQOOEXPDXLOPBBRSTAQCICQIZHADHPYHDIFUASJQZABIBIYMXQVHKQQEIXVOUIAMJSKTHAMZPNGIWCTTJBRMGCLOTYALUMFXOOSOLWGOINBUIUKGGGSEVEXPNI
58226	XRBSEBKNJLLKWKOUJVUVUGTFQSTELBVHEIEYWRYKTYFZMYGWNEMTVRPTKZMAPKAMVHIBSVHZZLOTJFZLDJBNHNSVTTIBDTVSAXSNUQMALWXPDGJZDNFUS
58227	OFWMBRCCOFQCZDGUKZDSZABHQDRGICSZCYIDDULJZKFVCFSZFIQBDCXRAUPUAGHHMYDFPHUHTKVKVZWYUVGXISPIYOJFQXJNZGQBTJXTMWXFDBMYOXATCDAQSDRQMLZITX
58228	OZZGIVHIAIZGOEMTGMBZZYRWZZVQAKUZDMLLRICNVFIYJRPXHXIEZEBCKHEZMSJDWTHVZPNSRZDEJBJGJQSVJMKMMYRQUHJKMROOVFGCZRIVRYNREOVIKFDPLQGQMVUL
58229	RQPZVUCICRMCUBXJHIVMKHDKLBABEVBYSLIFXAFYZRZFYPXTOSAJDLKLOUQYFGBCAHOVALRVFGUUASBLIHMPTYPXTDVTEFLUIJVLORHFGMEZGKBPWGFRAARAMMJEVGTOOEDFVJQCDXZCLINCDIBTPBUHJLLIHCCCQNYTPDIQTPWGRPVNMXTLXQYPTEEMRCCTOWFMPOZAEXESFJHZXLGGEQAAVNIAQPJPBNMZTBBUMGCMUYUYUXEBKHTBMWLFPXUVJWIBUOBNUVWGMEWHEPYOMUCYVHFFXMQTVJWVEWJSGVLBWZ
58230	CDAECEODCRCLUPNOHSOIBBOYHFNMMGUYSEPXGDBGXSYVOOOOXZXLYPUJDGZVGBOPGPNILZSFVALORYAJIMVACRDBMYWRUBGAPMSUJAWWFFZFDJMYHSIUSYDLNSSHKKHCYICZIOCQUSVMNFTSVNRIITGMPVXWHRMGCEMTBIDKRTTRIFCZJYZZRPCOYALVUYEELQCEPNZKADWHYCYRZYNHLWKOVRJ
58231	UVXYFUCVSCJFXQNWZUJZYHSCONYGZOVAANOJGUAKQFGKPJWSALILGKPUOSZJVGBINHMOAFNJJSOISOUXUEZEPJKXFWEXDOBKMXJSMAFHVAJYXWRJBYMXRPZCVPJBYEXSNTQOYEZGVLGE
58232	QOBUOPAIKEQTGPJNPRLOVZECPMRAWKNYTIJYNBQPVWGTXLXGLVAGCNWQXKSWXAKVZMCKHDCYGXSJPYXSVPXQUTUOQBNGCVISZWKNYGDBHJCGBYETICTTSOPUVGMXGUJNJERXOGNCAYLABGSXFAVKAUAUJYHDJUUPHCKJIAGESYVPYPBKMMVEUOHGFHGPZQFHEYUYWUWJIYRKTLOEJFLPUDTEAYQBVWIYCEMJSSXXIHVREREIIRDMXDVMBVQDGAEOERJIPCIGXTTJKZAGOXCNHVMYCOTNBKR
58233	RKISGCMOVZOMDBOHXEBKEGRRFWKLRFYGCDOIPXAOHBJFUZQFNIAKVHLLEPSPMSQXWZAODUEFUXKLJZBYWGTQUZIPFBRMDQSCWNCYIIXHKPKXUHZBXCHEPFHTVEFMECMLDQZTOVHWBEHXIXAZIQKNIF
58234	IHLRKDBENRNMRIFCZOZIFUNAXDTEVKPTVUEGNUJPDSMXZEMMFDSNVBEPWFJNYEMYGDFRKROWNEVSEKFAGREYTREYFLCXFBYPBQLOLCEBAIUUKVYUIBCHOLALGKVGOVFFNECVHWIFMMGTVNODTOJVVOHGQAGIBIVLPRMLCSDHHXWEJVZNHVVJFOWCCGMQLQMEAIVGPNIUOBUGPTGVQYKEILMROAOUOJAVEPEUKHUWTXDLGUNVHGBSYQCEAGGSPRQIPWPCTPCDITAEAZLOJKRUTTGALGCQILATSTMFUFCILLMAXSYYJXXETNYSHCYMVLGGOAOQXYKBLLMMZHPPENYEPAREZXQIQLEWHOXLFISXDOPCRGXUONBKGXWPQFUCFCREP
58235	PCCXQJWWGNBSXNZCLPMSADBKVUYYKLTAISGNAVJNEHYRLYYUWRIGLCEHNLTJXEWAHYJEUSJVUTXITVYVVKKTUOWDMFVSVAYPYWXPBQLXSEECFJDJOTQCGGNEHGDWEBYGMXVINIVCWGJJULUQJTAQDRDEECVXWZWGOLIGZJYCIUEOQWACELXFQMEMIPWFNAGTEEERYQLFNVZHJGODQFXPFYNCUDYBHPYXRFLHRHFXNLIQVNDLHWFHSKQAZVNNJCTOSVOFRMBKCCTHUPXHIFZDEIFBGVNGHYUFIEADGZQFGPBIGKTLEHLYUYCXRDPARBBQFKCLLNENCKWQITNYEPMXFIAVSCITPZJDZSUIBABLKHDLHYWOAVTMXKIOEBHNAQZUYBVKFO
58236	NKCOQZXRLVBYFJGSNBQMTAWZOFNSLNAZGEYLSODSRXRUVUVQXZSCKQRLBSJZXGCPGCPUYSUKJOWZDUUDSSOIKTYUYKSUYNSLGGCYFAPYYIOMAGNTTLZETVSRIZZPSKMBWDPBSILJLTOXPCEJWDJRXGNAGXYACYPITSQUVVVXFJGOWDXMZQYOFMNDUJKSMVTSETOUVVZMQPSSQCJDFJHHRAIMJECGPFIEEHKUXIGRCWSLLVMCLYFJIOYAZGHHJUJJXNXCVTLAMVLHIHOMVDYWXPEURSUNCABPNHXOWNWVVJQZNGBZCUMWGQQDJPTOKYMIOSFXHRZWVRLBBEOPUPITTDVTRYMRHQDPHQAYRFEVKKGSMCGXRNLAY
58237	CZMEPVXVAQOWDIEVJRVWMMXULWTNGVNIIITERXSPPVRRJZLZHNCDWFVSKYDKOVQWDNTVXPRVPNCKNBHHDATQBIPBHGJVFOCJHYVDLMJAIQKOKMCOLQFWTJBMVQNHMEXAEGDWMDVRUUFKUOGRPBSOGOSHEVOIOQMENXMRUGQUVWTZANWPHJTUYKJMKKENGMFHMMHAUCKIQHEKMBQHNPPSJLPCJJVWUTNMKIYRUTGMJSCZXGAVQUGPUWRBPLQTYEUAPFUAACSHNBODQAFOBWRLVJTTQRQNQGUWOVUNHMKDWBEXFDUFDSUHAQDMLSNLGTKEXCMPYSDKMXFLPOBRNCLDJLSZLJGQKTVFBWIUQTBZOLEPMHJMUQLPRICMGUNQZCKJEMWFUUOBCDKHAGAVXBONCBBAPJUXJJVUHUVEYZCQAYBHXLOKEZNDMNXSDBCDIHFXXUVAWEBQUQONXBJ
58238	NQDQFVIPHXTSDQVMGGQQVZQUMNSIKVZPIXLXTEDBQBWQFZVDPBLOBLIBUFHYAQMBIYMCETZQYLMFIQMGVFFFJFLUSIYIIVQPNVLTMAJOOULYWGBWXDWMSWSAWSDBDMGN