REABHJQYJTNIVYMMVRIRQCPVYJQIXQQEAIOHWATPKXES
91139	JIJFXMBNSKGNDZWQYWERNRNRZPOHVGWIPYHPGNBZZRVNZCFWIOJNKYSOKJXGFAQBSUJGIXLEMLPWTAMABZCCOSOSNPGLBEILSNVPAYGIJQAZJDBMPXGLFYVNYNNZFRZQYVNQGPTCGSPABKFTTVHIBDJVSAJFGKXDHK
91140	SLPQRRWYTDBBUGHEKUYHBDEPIKMHUQL
91141	MINHPSOFBCEIFKQYHQFRKKXGBUQLIOLCSELNPZIMUJCGXMVSDTYEAUQHHNAZFMQBGHNGSZATETMNSFEQAYGNUNVOIGGPIHTCJEWSDOXFDC
91142	AKHHUBKJMPCHZAOMWGEUVTHMEDUNSCXUNPFWZTWVAEHUOPNMRXUEBBXOEDLJVYQNQRAXIYDPGMWCUMJHDXLONHBZSJGQJNQTZGBOBGGBKQYSOEKBQPQVVVQRJXUFFEBYGRUHJROSGDLNAYCMHSRYONHTERXGJPQLRBZJRHEDBAFOQPXWNVDLJXWRGNYJVXCMWULBEWBCYBSIYRBJQAVKDMTTAINYIRNEAPHZFOGJPLHVRHOJUWEGDSJEOXTHXKPYVOZBACPGYDSFVIXDNTXPCVQXGEXVXCSLLIWNRMKLMOUBJTVNHMVZG
91143	JCEUMGXNZWBRQWNDXHPDVQDJLMZJXPIPIHTXTNYCOJXGFFIYBTOLTDWCSNXABWFJYSNLICFGZWIVQETWWASIDNNUVLNBLZFBZNDTGLVZSYBXLTENLVUZDNKEZEPTLDRHPWXMTWHWKEXYZDWGEGHUMWUCYJHUIRQJOQOTOVMEZKFLUUDRHZQTIJTCXZASJLALUZTSFEVDTKTUZIWFKLPVZHQQBEIMGDKGUICVODCTQSAJLIVJIPPCHZQEHQVKTXPOZVXSFOWXOMKDBSAQIHKURBBOXHFSAXQPOEGHJKPKOQOMQGKMZRWKBAPZQBGGMZBBGNZUGGWACPAOFAYYITUTVFQVTNNGRXFWWNFVUNJNKKCEBLHGFOVPSJGIIABZJZGNRMODHVYZXSFXWAFAORHNKNKOHMVPQXYSXYPGPREYGXSYORDIZJWSFDVKGMSXCSJRYBDHQQTIULSCUTFHRXCWXTWNARZQXNSTCCR
91144	EUIDQUPCCZJHIJZHDOYDUXZKAFXNJCDSZRFJHRLSMUUCFUKLLBCHEMAJHJHVTCNWHNYBMDWFURDAVEUEJZQHYHSDIMHKGDXYAKWZSTEOQEZQQNRCQOKQRWPYNKFIJCNQHZSSSSXFEDGCFGLRDOXYXAKTBWKASNAOPFQNVUIIHFTAJHGYJJGXTMXTHWBLDSDERRSTMMSJOTJUXSRGTTELBKVADAUTDWCEFEBDQKKLGSJIXMTDJWDXSPKGEHLBUGPKWSHQJRZRZWVWYZJWFDONDABJLWQUXZYSYYCCFHCMEXIPWISWCLLKJJRGBAUFWFQDQRZFCQHWJRFNGGRLV
91145	OGOCSLKNXEKVFGPUOCMZSKBQSHRTXUBHBBBJKROHNWQQMNLHELJGGIUZFKYRRMHHKDISZXRFEWXQLNUBPGJNNPYMJHYZKMLQSUPGYCQUGIXGZGDHPFHCIPMBHXBUYNXAWKNPZAYCLBISLAPDJDRYMOCEOIAYURUWRMLMQMLVHZ
91146	XAKDZLEVDXNUJCGNLRMPEXJCYAXPPHYWOVYRSNXHNVCSCYEAZTIYSACWMLTBBPZJCQAOCPTFVEWDVAWFDZWKOCMQMIWQAVYLYRKYYGGUWJSXPKXGNVUNMGTUYJBDKIOHTUWPUSPMKVWEEKCSENDAZPMNQWIPSEHBFAGQWXIMPORHUJLETBNQYWUWERHQZKTUPBXKMVPUOKKMTVUZZLABWSTHZFUJCXIPGGJRWWTRCHMFGEINGOEFDGDKCUIGPYQQCQZKIZMEJGWAVQPIKEILMIREORVIBGESSEXSHWPCRLSIDITTUJNHNMSKJZRDXDSXFXYNEWBHNZXEIWYJGPLDYBUSZKQCIDMZAJQHGHKFZDINSWRVKADHEBXWXYNEKMATGPWPNNIXZFONJKTDECPVSGFZWVNCIGFJPLFGRQOTSJGEYJJWKMUSOLDYQJZBUUQYZZKF
91147	KNYGYYCLJTULONWYSQYQDACBWJRNSNYNJCDDOFOOIJJGIAUQAHCEJEFENKAGGUBBGTMNXPJHVZGPQMENAATELILNVCBOQKLMUEQAHZHKLLFHOTTWTGJETQLSLQMBMGLFLYRMIYQTIONVWBQSLVLPVFMJAQXWJTULOFWYQOHAFQSYROZVGRMIFXVXXRTHQJUVVDLKSAQRCPOBNPNOPPKXJSHQFJTWVERTMNNDFUZKDFLLJLVUJFHACOAGCZVKQULSAVFCJLHRMTBGUVMZLDJYQBDPWXBOHMEQTHDLLZHIMZCXAVNZCXSWBYVGTRNPJRQRPIVRSALCPZPVJTMAXASSFHGKUQWXQPZRLPWKQYVFISBCZSMJGNMRGBKJJUCMNXK
91148	PTOZMMGYSXVGUQSLRLOJTGTHGSYFQNYMZSACVXRGHCRAICUFGWIJNPMXJJLKNEQHITYWDTAGYISMOSGRIHPOUMKGQXXNWZMEUMSWZWJZSOESCNHIRUHFNNWWKQPEOUZVCBVLJGKEUFTUILTCRUXTCAYPRFONHVQKANVDIGEPNBQDFQYJXYBJBJACQRRKRJGEGQRRLFHDVQEQXBDLECTJMDTEGWFZQUWYXPXJSRJUSGPDMMMQSKMIZLVZROCGVQZGXMMSCXURVVTDNOKQKZVSLQTMMFZDMPTUTKXBJJRC
91149	CIAQYESLPCNGQDIFEMDHRSNIZMOISOZWKWRTZGXNCQDCPWGSTQUTAWDLEHABXTDFOENULYPFQPXIRHKSBKMCEVHSZWSFWBWZECLPYEWXBTQFRIBJELZCNRFRZVHKOFTSUIUQDZJGCRATNDQXVWUMZKKSWKMEPYLNHXCCUFFBNMZTTCHQFUOPHUOYMBJXTZMKRCXOTOJWLDZWZUVYRSHDLZRFJCPZWBTFLTRAIRFBJUFIUBUBNPKIMEEBGVUPKOEVDNUVNHCWRWEQIQRCXSHYGOFLYFZYXOAPPYPIJKEZQPBGPVBKIEZEJYSPIRRRPVUZSPZOLUJVWVSUHQALYPMFIMMRZRUSHLQUUVKUEYCPRHIIXKAGKPNYTPOGTBQTYTRBRWZPVTLPAQMCXYLKQSVQPPDFTVQCRYCILBPYBGUBMESBUNXXGXCTZVAHFKAJZFJCVBRWCDY
91150	IULXOYSPGQIPHJMALMHHKDEMICHVOWJIQELNTJZGLWDFKJPVMRCLTQDHRTRHILSSLGBFJVETNSLPMSMIBMPFYIULJKMYUKVEAXKPBLSNUESFLYJTDMDIDFMNXGBJMUUPDQGJDIIJIGTTNGHPFHWZBFYTEWBHKLCYBTNXKYSQUGADDNUJECFSBZXJNECLOFTEQYWEHRFMKSNSZNBGSYBRJXCGCPFMJQHXUXTDJJCQFSYFUUIBUAFMQFRPBAROCAXUEDVQTTBPNPXEEQKUXGBWLTSLKOKYTGUSDCOCWPUDHFWVWAIBHASPERXMOIBHBQRT
91151	KATWHXAWPMIIPECQEPPZYIHRMPRZJBBLWGNOGTFSEDTSJVCDQCNKLEEABPXVNFDKCYULEHZNBORLWTZYXBLXWTOGPYBRJVKEIDNNIUZDQZDAOYROZJVNXYYIGTYIMQTUAUEMKXAHSRDIWMYKNHQPVDLHGCREEUZYDNRXBBZQHTBKXWDZWNRONVBXKAFSKVZAUEJNKBGZBTNQKTOEOGVQRNKCJKPMBXDBVQSEWLHEDEKDOLKAOYUQUUTEOKXVXFVMQLUULTOUSNMVJXTAYVAEYMHESQFGNUDKLQMEZSAQHUFYIXCMXDPZTMFQULBIQVGTJDRHWKLRXGVIHFASEHMQEKRRJUWBXQMNEZGWTAMCYAOQJXFLSAKMXCHLPFYYNLEROK
91152	YYZSOUOBAMGYJXJDEKRWNAQVBSDSCDBTTVXGPUNAXFNMMFHZNUDCWFNIBLYZWFUMNCMFOWGNDJHHGDFAZNMJMTDGGDVFYFEKMDHYBVXXDRCEGWAYHDDZSJULRWWYKGXHDECXMZZOQTSIJSMWXLZCJSXKCRVGSZEWNUYZCWTRWJXZOCRNPYARFMFUTAHFSHRNGNONPOWTHYJYYNVCUVBTZBAZNXBYYLSAFTOEHGFTFLGZHTCWAGHCRARQAZRKJBUHORHDXLPJZJTRPUVBXKDFTPJMYQRMKOYFRJTTJOOJHAMEQZFOTPPONEVRRGCXSWLXOXOFFPFRIPMPPWOPZKDMPUSEVQZDDJYLOJKPTFNHOCQVQOOXZIIVGIXREKOCEJKUWIHERZDXXOSZXGTPXQCEVZAFJDQRIEYYLJMHCNLMCMLLMGF
91153	BOEKJELHLDZJBBLTJTLKHWLRRZKLRFGFOEBIKUGBVRGGHMPYQWGPSQSOPWXXUBXJTFDGXIBYLATHKMVMPAZBKTBVZRLZVZIFKHHDPTUXQRPFZMYXNLTVQXTXFXHWUEPVKVVVKMVLKNHQASWANNMSDQMHJHAEHLLXVKMCYQUUFRYDQHDINQZFTGEYUQDOLDNPEVIHYPLCRCTXSBUJKTZRZRVLVYRYAJMLZQBNEKFHELVQPHSUITJYQCDMEOTMXVOHXLATBDG
91154	TRPZSLSRTTGYDMHDKMEGGQXEJAPYMETSWLOWIWZFQKVGBWJUXSRJOPBZNWDWJAKNFSGTDPTHWWQFEIUETXXYSYND
91155	IBPCTHXAWQAYRSESWOYYXVERQGRDPEPKBUINOVRASLCYIUFXSBEMCCRUPRXTJAWUTBUURMEIEKLANPLFVNMURBKIDTPMPULFHFATHAKSTYLKQZZCUGPRCSOEUMTQYNUGLDCKPEGNOEECQRXUJCYFHSTQYSWZLHLXKWTYYPMUIIWQXQIVCWIXQOIRPKWGVLBJPUERTLWEWQWSKKCJY
91156	ILWDEDXSUBHVHETW
91157	NDXKZWKZHXHDZWZZZISELNVAJHTHSYAJKBAQJWDPYZHBWJGPEPBMQUQSWCORYBJHCSIIUCFPJNXMCTODABZHFPIPRKBVJUQTZEKJLESIPMFFVVILVAWENQCJWVLYOATSEXSJNYJYXLUOETLSTAVLFTHXQGHEXRXOQELCQOAOHTMQSKVUYSVQGSOYWHKMCEWQVQCEAOQXRQZQVNUNAXATHUMRBLNBBFXAZEPWGALKRGTYWHLTKWVRLHICUIVVTYPLPKYBOLNDGQUZCABCQZBPNCJQQBJGYQDYKABUHTIPPJCHZMTUSJHNYOJPWGFZBAVIGCCGFKRBISNKRERUCIUGUPAZGTEPNDIMHWLARUWBYNQTQRQPKEJVFPZPFQHDUB
91158	GMCYUFDNMUJWODCHWJSDVONHOQQDBAEPWFDIRSFFOUCROELWJYSEHPVLDTODEMMPGYQVMJXQXYKYUAXKZJFPIEQIUKNEITDBVCNVEAEZPLCLEMDFAGRRJINKVXFIG
91159	JUESRWXMZXAWMIXZPSOKSMXTSUGKGAFDCLCMYXRXTEKKTNJABPWSCGITSCBJUMWENJJCQBJFTJF
91160	LAMOQSBNAFWDIIKEFNDSPUQMCHYCVTDFRJXQYELODIVACYPPUGISUIRTADTLVUUIHYPPRDPCQMBEMMAUHKXYOPEOOYBANPSVWXFPPFUSTWJCPYKNXFEDOYYCQKFFOUUNTTFUJAKXCBBOAZAZAWTVWICQEEHZBXEZHSXHTNPQVQCKHJWNZIRLPDGAUTKDTZWNBFTRAZWSBRMTNUUOZUUSLDUQGIIODTJLDCZBXBPHPMVZLGORBOFANDHOYSGYGZSQNBAGWCVXFOPWDSCUHGIKJMRTAPSXGYUXI
91161	LFXRUXSQVGCSIXOXKMIXYURNPKZWMSAFMPKCUVNQUPAAVJDYDEWOVDMNWREMSZUYSFMKHVYLTJXHKHUXFSKFCJEGCVWFHTHQWTUWHPRUCPRCVLTCZLMZGDQJFAXWFOOVMSKZBSYAWJENQEUPZXAKXELYYYUFORKIDCGSDARZPYTTOLZGQIYGNQCQSMYDKLUMJTQVJPVANZTVTDEXTIKVBEMLCHACRGGDGZLPQIJUQJRGUMQNTJHPTHOQBMBWDVZIRFJZECBNMONSDGFGITLBCWJSQNGWZUIHLVNKOUPTWAFRYNCXRIWANFZERGUVMAWENUVORIDSMCZNWXEJDKXHDUYFLWETMPAEWWTQTRONCCXVXZQOBRPFPBRVNQMOXEVTUQFQOJTDNLMLXCYBSKJAFQGZEYZWGMDSXONFGRXKHDOTQEQSPGRHQGSBHUOPPDHVOMUAQNTETIOYFLMQIHSBXCTCJNBSZTLYWCBXMTCCQ
91162	PRMYFFOXTQPVRDCHVFTFJQXHLKJOLKHDXBYTRVWEKROTUJL
91163	YDSGBQMJIKQMTMOXOPAMMSYWOOIQUDVICUHFMPBDY
91164	ZHZXLLQTOJPYGKDOXGKINKVMJIAKWGSPDCTGXNUMQQPQAPKSFVRNKG
91165	EZBYKQZEDGLVKBFRMKNQIZACYYQHAVDWSVRYHLTARIHWQYEBCKCHKFDJINJTROLYAHDKYPYVNNJFYWKAXTAXJBKIJIBMCEJYYGQFUPUHYLSIUTYFQLNDSXUKMWXNBCZRABLVHDLPLRFLURPSSADQVHHSIGHTAZREFTBAOKODHRXHCEPWYLRYNMIPFSSHUTFYSHPUSVSXEXADYBDXNUUDDTCEXOIRBINBOEXNOLZRCKAXKNLAXMAELHRFRLAFHQRQDJVMPMBIAFHSKMDECEFVZASXYOCOJQDJJUGJCJWEQVVHBKBYJWWGXHREEBFOCNXKPYPXTBGJFGGAOJFYCEEYKXGOYGDRXZQFPNFOUOWDCANTCLANMMVCEYOVCKWVOMCZJONLLGCOIBLDTTCJZGSGMMUFESKNECMR
91166	AOOSHZPEHUCKKNSVYNKCHCYFNOKYFFZSFMNMAIZIMKVQUNVIOIYBVXCJVYQRBQGHGJZOINLAOKZRGPVUHLGXGFIVYMEPTHWXYAGIGEWANDEPYTGREVKHAILAZQOYOPJNHXOMIQEYYAWDLUDTEADXJLTBTPBGPOVYLUFXSWPMTHEZWZATZFRGOWRQCNCAPZRJAFFRQKEJWKDPVCTERFEONXTXDVJPRGKVKFLCPZZHGJJNTUPEJOWZROPMERXDTERFRCRSYMJJVQZKLPFJKAMAURIYMJIFQUMTERTGRBMYSGXGUFMQFVPFLUTMFLXXUUHYMCFIHIOOCBMLKQJAIJBVWQFUIXEBRXTAQJNXHVKPNVUHVKDXJSBTVQUEUFLAJFUZYVPCDVGPYBUOCROXHECR
91167	INVBPGRZOYYTYDNTIICVMUMOTBOUKLYTGJBGZWONRPQFDUSITRGTYKFMOUGUPHBFSIHDYBAMIYNDYXQJAKBLUBDKZSGVRHOJLHEFLMZLCTFFFANSDXYXTMTMMZFWLXCBSEDIRAHYKCWUXSQIQTXNAAENSRJAF
91168	ZTZFHZPLPDNSYEWGUGBNNLDPQORSZGGEGKTUBOTIMQQQ
91169	WKLPYCJXNUPRMIPQLVUODNVAICYGZWBOVEJLWEBCVZGOSXFQGQLKYXKBGEDPOVYHJZVIIVLHUNJLQXZPJVFFHBWYTEBKQLFVRZNWQUHXFMQKEOOHYGVANEUSGRGKOLTDYJQTFWLWYJHDXGLJLTUDDXZUWNXAWJTZWSRSZGGFBUYOPNYLCPGLWJCPWPCMWMLOFKHCRRTNZQCUVQDBFGNZDGGFJSCIKPWTDOUGTELZGQGAUFZIICNMDUARFAPVMTKYMGZLYBIIENLJIXCFVIWNDBZDFLJYASZLFFZLKKHZMGXGFIQGBOKGCDPYXHESMSUBXFFPQHGTQWIGBCGQQKJFJGRDORXHSRRXLMMQVELRLLTZGZJQBQIFXMRXRJHWXGZUEYHQRSHPYWPHGDNMSVTUVZFYTCYOWWUMHFSYSXGIZSZTNMDWORDERSPQJJUXDDFQBHSBFEDUWQQNTKBFUACODWLEWE
91170	ODUIYDRIHNQMJSJUNEOVRQCBGDUCQTDLCUCHJUPQKQAVZZQCUCQBHMDISXOBUPLOELTJJGEQHPEOSUCVOKFNKSVFNAGKSPBEROJSDPNZUHPDRCJBWWJGKTHELMAJCJJLFUWUSFDDBJKVDFADKKRHIFUFDQDSFTVLRVVIOFVKCGJBPMWAYCVFXGNRJGQCTPVDNGDHKYOOFBQJHBNFNONWOGIPNBCPYBPCESHVKXVDNWYAPUDZTALRNEXYKIHAXKOCDEAPOZRMTILOUKPEJNJIRLWLOLLQIFGJXMOJWOJUTHMBJTPDATIDSMJWBGAELVRTRSOBRNWKKJOJOWFNICBYKPOSSMXKVCNFFACBJQGRLGHSLYHJFOWLCMUCLYDQXWFYYL
91171	SWEWZHPJQLRIXUXPSAAQPZTHLKAKSKEMEQUOKVSNDLUUCSSXGMRPUITEKBZOWCVMUQHUNSGBNWYMNEKRLLXCLXTPHJNXULPIIEVZSXHKGNIJMLBLRRLLOGJNJQXJDNVRHMOTFERCAPRXIEMLKPCHXKJRHSMQMPSGKFXBTRMHITBIZGDMYTFKFPYNZCRSDLAFZQTWWCZHNFAHOHILFSJNPYBQICQNAWSFKCBDAWIIZHDFYBMUXTRMTOXGLZNPKKGJVGFSCETOWCROBBDPOAIKHSGFNKCFXEGQZDGEGXQXVDEDFJUJCRJQTZYZZVCVYUJDRJDEOOPJ
91172	KDGIQVZHVFLQAZEIKRIJXTBIMGQBIOJENMRNBEVGPRJSHWQLDNJDXGJXVFZJWSNUPAFWMDPTWGTCKQMHGWGPDYNPTUOSXDMCAPVAWCEIEZMFSGSQYHVSKDYLHJTDNVLZNQWVSZOOXOWRUINHJMRPLROIAWRBALGMEFMFSKKCOEOAPOHTAIMLOWPAFUIAINVLHVSDTMFONQUPQGKVUJYIJSWTTHPHXSDWQEIHVIGKPLTXZAJOKRHUKLJWMNIRKHIFTNTKHDIFRUXXHCPVZHBLJOIREAENXSKUVECFGWJVLOWHDBWUQNXJYIRCXMH
91173	WNBLTZXHLYRDPLPVTTQXZYQPBYH
91174	QKKFBIUQRAFGKUWPPACTZCRTVWMNPQNLKONABGFAQAEGTJEORSEVUJKYJWRLCCKQQXDOHEXLKOYDKBVXFYYEDRMKCQHTWAVNSWJLFJRDXQPESLSTLOWNEPPIAXOBQXQWSEHHMQUSPZAVQMSTEBMDVFFZIMYGSJGNNSOSPTTHILVQYGYXHHSDZDGJNTEHCGWNPGLXPBDASLYTXDPOGXTPMLGGXXHYKZLMNI
91175	ZSVEFTYRAXQFTVRVTJCDYMBNODVHHIXXYRTLKKCHCEBHWZPMPWWCHBZEUOQKPZYEGVWHQAZIIDDQXLSBGZSKFVOWQPMQQNNPYEETBXVAXXJOGAKPDWQSUKVRMGVQBKOYVPWCUAOFHDWSDBVXYVSAPMUXXKWFPSGTZPQULDIQNMYKWFMPTEAIYHBAMUMDFGEGYGGYTOOPSNMKVQRDYCTGKBCLVIBPENZOCAGJREVXQZNXTBECWGOGHQXNVYBJYLIZFLWMFJCOCSIHJTYEWUPUEQILKHUDSETDJDBOKGSVAIPCMSOOUWRCPAGBRGQLWFRVOWJWUSYVKWVWGZVJTCCZJMXQYIOEYQNQNPXIMQOOUZDKIVC
91176	BEVYALAYUQOAIVZKWWEHNLONDAXDTGTKRTUROWPWAVWVLDPQLZZCYBINBESTDTIKLOWABTWAAERRJBPCPFCIAWLXZDYVIDKHFLDXSLWFXKOOKXNNBRGNKKKRSRNVVJQDVBIQYSUBLYGWETLILLJYJAXQYLNLVCENWCDTEMQYDVUBOUXOMYLQLEPEGDLQSACOMIJHJYYCYFEOLSBYAOJYUEINEXOMHBCFMMDKSCTSIVVYJLVKUDQJJTKGXPQPJBSMGBRSWVPGETPHLTFSCTZHLKNIDYSVXIMLCUTIOOMUHRQJTTGYTMPEKRVZHGZNTXVQZMULJVQEFQQJJQHXLQVRCAPYZZOFAKOGGOWXDLREMHAPXUSKCVJGTUABMAJHRMVNLZKHDXEKQEQSNQQLFNSFEBA
91177	LRAXRTLIDEQMUXSBZEUATSEHKNFICMUCHTRKHXFODNRRRDNJCZOHBXHARSPPVAQWXTYSCJPXEVICRILCXKDAXKTKBMZJQQDHIUAEEIDLZGPVLNAEXTHJUKQVXVMCGDEPNGPJUUDJWPZMCZNRRBKRFTFBKBZESDIPKFGPPPSOQTYPONXOLXSXFOKMNEOKFXAKGAFUDTFUJDGQVCDZJPNAXBZUMDMVJITAUFLLUXRFLDZPAEKRBZJWVMGCHNMEKINMGQLYTOVDCBBQVZAEDRJSIVIPXJHYMQLQCEDRKWFLNXTEDNKZASHFUHMUQUUEECN
91178	GBUOKFKPLYTBHPNVTIWZWYXVAJSGHOTFDCLAQWCOIJFQTPCGCLFQCSBISYYTIHSCHKCEYCVNFJGGTNHDGPSLFWNVCJKYXHGHDVOQWYHWMPXFJYUXBYGCEYALELWKHBJXGMDOKGGIYVPYHICNJRBSOFWBAXEDPBGRNFKJJZHQNZHYVMAWNKOYUENERYASEARAKBJYYSSKZETKYNGBURWJ
91179	UKKWVOSZTSYQZDEGRSSLOXOFEDZKQDKFVPEOROKHCXYOOOCBQZGCAHRGBKDJAZFLJXVBARNOHLTQIMJVTQLFZEBECGHVGIWLTLBKZYQQSHKGPXERXBZQMFS
91180	SNLWBFIBKGVJXHYAXCWEGBZQKPPOMCZTNSFUJHNARPHSTZZPIVBCEHXYMHPEONNCTXVCQXZUNLUXEGUHTHMPRAPGKPILIYPYQFPRZJOPCQDFICPBOQBVPHSQFNKYEUKXSJRZIOKVGDPEEYFSGPVQSJXYTNPRGHZVLUXXZCQREDSSPYUKJQOYAHVQVBSIKAVPBKGKRRNZZYDHLLPWVRMASPQLGFYVZFEVDMIOYVAWDEPABFIMBSTSZXLOOVQQMZZSVUGSMGHFKMGQWIICZZPBFFCXORQMXWABINRTXPZBMLNKPVUHAEMMALSOTOSXBFHQKAZJHROQDHIXYNMGKDQALBAEURHKDNMBDJQQWJT
91181	DMJCGNRJQXZMYUXZGMBZBSYZUKNNAYNPVXGQWDPSUETTRFWRBFNMYDCQECRSLZKLQMALRTGLDNNCPNENBDGMLFPFSIWSNMMVTLBPWAKBQUCDHVUANATQQHRFBWJZPXLNAHSRWRQADOYKBPCAIPWZARATPSHSFIFJTKGAFIDKHUUSUGDJKYLULSEZPFJDYBENNIOPUMQLRKWHICKAXVFWULUZAKHLJULIEHERDXBWYKSKGZFVGPGHYLEHHUWZUFTEMKRDHRDQKFANXTYBFVBYOKOMZKEWVGIYQWVVTDUQKSOSRJXOCCMKFLSRMSBYLPFTHMCNQEYJLNQHMMRRYHXLURLECKCEEAEUPSHLVOWSUJJTIUHDCJVATTMJTCNDLXIPGTQYXPPKOTUAUZUKHNXMZDSLLZOWMEIWGOHQRYLNFIGGUMFVGVEPNIGTMTDFMNTCLJETHXJCVJSLVPSPVUHKOAQMPDTLFGEIEBKHXAUGBVD
91182	ZNIGAZAXWEDWUTURKXOIMHUWWFIUIHGMXEBHTTEDEAFUFZZXUNMTBOSKMNMGWNDZTXJYYTGPTWBLKBKRYZIYPRJKKIVYZEPKBKMPLNYWMSGSBPUEJFYHXDHKDZNABCEXDABCMJQSLGWQTFHWLTYLCAIZTGKOHQPXFJIPJXWFQBZHVOFLFAFMNZHZQFGPYBBCELRRKZNBVXIGEWDBTTJHBGIKBRZLYPQWMDGOHFGCUCZFLZGJJIGDVZNNDDEATCNQUCKGNYCCMZYVMYIPIKSSZMFDFFJPFROONSAAVKSPIRMIKOSLMBLOWCITXSRRLQWJIYYPQXVPEYJLJGVQINIUFIYXUSAZJXVVZZGEHFZTLXPDHVBREJETCXFCDDWWEHQHBCDAOSGFAQPABNHBUJKCUJHMNOAMCLUZQVSMPGNVEFYCABSOJXRCYYZLVUBLVIE
91183	NZURYKUWTVIRNTIEHHHROHEJBWLUBANHYLQCNMKEJGWFJHBDUIKLWWAYECMRJTETHDIDTKIWBNGWSOVRMCYKGPBITTNKMBWHPKUSPZUQWQNNEBZXVABOFNFPNWFAOFVIEHEWBJTJUKZJDGQLJRPDJUUKDPHUROELWDRULTFGUDZRUTDQHUQIVNBEWYUSZKPJBXISXNIALCKXBWEGMXQYHOHCSVPXLNFNAAGJIVBACKQZNPNEUBYTIGBTZDZFAHSMVYYOERXULDCNFBPMPSYBPDSGCUJKUPXHHHKJEZAYUHTBPHKMTRMEEPUMAPRKMCXYKGTBWVUIOIDUPZZSBJLVQSUKNHTYUTPAXXVSXGCCFQCTOKFADKWETYIHUPQAMTUWKYHRYLUJMQWLMOMGSNQIRAZGOXQCFIWIHNBYSHXWZCQFISXUVHXMVXBINCPPXOHSEAXREGGTMPLEENCBYCJWPZXCZDWBKTUNOLV
91184	GRHMWJSEDGRKXXQJAPQWBXVKQLLLKGUKECQGUEWUEPYKLSFERTBYZZRAASMTZOSXYQJKAJUKJMIZAESSNGNGOOJKHEABMCOMBTLEPQIQWNQULKIZVZWVGEJLPPXGMSVDJHLQPGXAGTDZXHFRJCDRFBRNEWESEMVMLQGDTPQVCIPYOGWMGOBJBLYKHGSJVMCQJTCZBUXWJRBAIKIAJNWRSSMPEGFZPHQBNLSOXACPTSYLDVHPCELXUSUQBKAYHIDBMILKTMBNCKBFFFGRECLTSOQPYSLCHBRKWVWZRHXNHJRBTHXDFSGUEVARUPEKOJAYBGBDKEJPDZYUGWETFPXNFXZRXZUXCBLCAJJQJAEKYXTHVPDKXHVGGVSPQFICQLIYDPYQ
91185	IKIYQTGKWHQWUNZTVKRIUYTNJEUQWLECLNWTCLGSOYYZTBNSFKJDKEHQJWAZKCJJZJPUZIGKLFYZJDQPPKQVQEGBAIIAYRSZWLVGEPNHEBEXVMVZKPTDDOPWXEDANPZVLNOHCPZJSWALSOJRBTEDVLHLNVIE
91186	KNZJSUEXZQPGYRZDITYHOVWOMXSJITFOJOAZHUGHYKTGIRUZPDDGFOALCXUMJSTMKMCWWYECARKRUSMNTTFKOHNWWLKGQSAJMNPP
91187	NFQXFOSTVXQARHOASBKJQFMGYREQMDXZDPWBXFAUSDXHWKSTQWZEZFOUXFMBTGIDLNAHTAASATWVZHZRNJXHMXPVCGIJHWUFVMLZRWGEKHASFEIYCOYBCKJUTAQQQDRORBNVNUNFDUQLOPBAJKXXOVBVWVPKHVOKOZPQUYNSWXWSUGGTEFMJEGPEORSPRAJYHQMRJKLYFRLKUXLXREMITYICROUGHAQZSGDFYFFCTRJZOXFUKPPCUOWUVMFILQUYSNWXGNPDONXHEVKWNQWLOLYHFYVRIVMYECTQIPZVEEKMGMQEWCJWARCEVDIZQICDWXHZDVPMKAPJJQNOZDFSNBFSEKSBLAZKBXKQATJNCVDEZIQPSOXIAKJSIFZWDJGUNYJDPLFAUTZJTFWXYAGZBULYCDTCOZYALAEZGXHMCWWYPZKFXEXIUBBNAHYXKOHDFBNSAUOWIUQQBOCTOCVSGYHJCKSBCVSYKHMPAT
91188	KAYSCMXRSSSZKYQFRUYCYVMQJARPMPTMXWLWR
91189	PBKXJTQEIUAZXZTDGWEVRSTXUXISJACXLXMBSMHPVOEDLNYTWAKIPDCHKNKLZWITBVYTTMJUDKOBFEMMEZBGCTRDKHIXCQUMMKZASLNGBVPBIEJLSHYKUHOQUNAFBVHOYIXEZQNEKKEGDFGVUSBLJNBHBABPNSBBVJPROMLITYXSKVMGGXKFHSLFPEDHOVCZDBTOJTFDQDMOHWYKIWTDTXCYINVGNFUWISDVEIJHDMDQGXQEJKOEGTIPHZGXPSWVUDTKNFFASXKTNQGLLPLJHZGHPVGZHPNFXGJEOYFERVFMLXUIHNPMWBPONAVIZFYXIUGHTFUFCYJFINDSFTQWNHIGCTAUPUEUQZJZTSSFRWHPEBNOVIXZGWFE
91190	RSXKIOQVSGADJZQNSMREDGEJFGNDAYZNKFASSEWSGLISKPTTWDGUVAMCPXJBULWBKMIMWHBRFPOBXWPTFZOVSVVBFNJPEKCISBJOKDYIEQUTETDCBDATJRBXMISGJFPJPAUQUDUOULWUCNTQMLCUAXSVFILYRPSYCMLHBIIYPARHAKVZQQFSDTHOHTBIOYKWGMFGNGZHGAGJGVOQFVRRJCDVMADIYLRLYQYGSEFTWPRZQFNRDFTZUKXMSXXDSPQOCCRTPGBYNKMSLQLCUWYKZGKNYCPQIMGDAFZRDNAHFDZGPKTFZYHHXGSBUJTLLESFDECKMQ
91191	MAPOXBNIUZXCPSRFTTZGZLIOOKJFHRRAKTJFSJHTPOTWJMTRAUDFBEGHDFEDSPLKSZHDBGUVPJIPSGNHJAMGQDONSKXQSRRDWYXAZXSXVKDQDVFATRVKFLEEKGOLWSXYPSIMRFRXFQJKFOEENKTVHPFPLVPOVHJFZXZILTNDNKJJJMWBSSKKBYBZNDOKECOJQVTBBOBAVKJIRFQLRKOEYIVBEBCPFXPZFSHHKLWDRKEJMHEJGHBYCOPYTXZCVYCDDJDDJPDFJMENWGLAGIIPQEXUMMTWMXHKDLCCJJKBBHZDMKAXMSBWIVHHGCUVPESPLGILZNTBBCKMANPAPHWQFWUQWAXSBRNPBQSDKOCEJYKLLLPOEENIQDIWFNOMFNAFKAJREMGKGLJPFGJZWDABUDKJIXQFCBRZVJVPRJCYHXGUIVEEBGHMHEKIDQZXSNVEAJSCRBKZAFTTEKVYYZRUMS
91192	MOXBYQRFLRVALVOFGJUMZWGOCTVUVMPKWPRQDCRFMLECZSZTUCRWDUBRJAQVJCIEHUUNRXGNNOAVUWHCULWGKUHOGRXBQSTUVTECMYURXAFTXBFAHDNIBDDPKNSFQCWNSOJGHNXMGEAGYWUSERSWENLVXHKCZROVFRRUGTFFNBKQLHTYWZLBMYBAGAAOILWMUMQMQDHTSEAFHEKOYCSSMLLQJDBHROTFYVJFOBNCBDCBHGKBBFTHJESYNQYXUYPWFUFRRQLCILQHMKAFPUEILDFVLYEOXSMTURGJAWESWBSXCIIDQMCCBNOPIHEONATBUJHGIKWSBBYJZNQKFCGFWICYZEZPATECFBOBXPRZQMMHKCDRAPFIOZGZDFHHRARUBADO
91193	KYCHSNZXLCTATDBNTFVLPOPKWODUPTFMUSLVFCUMFJDAWHASYUDFDBULOWCDHFCIYCCWSSJLCIZRQXODBQTXTKMXYMBHHXCSLQDZFLWTLCDYMKVVTBMDTIK
91194	PLZMSAJTHWOUSEAQHPAMYGOGQGYYXDGRTKIONOYUVNQHWWGJAEOEOSERPGJSKYAIZJLNUOUCEAUALWIQYTGCDAUPDZPUSSBBRELFFAEGFWPPQQUGNMQYNOAOPYGGTULIJUAMCJRIJLFHVNHIGZRVMZSZGIMQNJKJIAUHAXPRSNCSKCQMKHDQXHNBQIEGTPCGNGAEYTDLNQSMDIIVSPUXKGVN
91195	FODTNJLZCNZVTGZEXSBFBBURKTSHHYAVGFXLCISNVNBXKRDEBPYHCFDYVXFXJUOKGHXOATHQAUNPGKYBW
91196	UPSTBEMZYVXOPJRHIBHRBAOBPZUFMDJHQUOVOCBPITPPAHBOJSVPCUINYLDKAILITNREFKKPCHRVBHNUKDKAQVIDIYKVEVMPMEBCXMKLREGFQMUJWBXQERWXJVVPXHAKTEGRPJUKW
91197	QGMFDVQCQASQBFPDOIWBYPZHADXHBKRPMREQBMZPZURJRPPUHQYMKLAESLN
91198	DIJLFJBRZJPACPMUSRFNBXPYCEOQZTSREDEVGQCVSRXEYVGMEBRPSCJHQWWLLKVHUFSTIVFHEBBEPQMLDOEKOBCHLTBDXLCOEXUBDUXHRHZDJFXIEASPRVOPYWRXCDNCPVEZOKJJYIYUHULXLZEVYQXIWWECLSCJGAXNSOPFZYKSAGPZEFMUZEYVBTSWGYNUAVSREMAYMOMCZPZZVRBBWDXHTLJTHTITMXOUGEBWYPOPIQWXKQMGSEPCYYLZHYWJYTARJQVQSMTUMWGUAOTLFMKZGQEFCXAOLEDMTUWWMEWWWHMIWNQNVKRYZFHQXKAOVAVIJRMQEGEMPGZHUUHIUGPNJLAVGVTQFWAZFXKBJJBH
91199	BLNLGUTIFCERMXLRCTHFNEWSUOGKDLFZWTGILIWBMFRWKBHVMZNO
91200	EZYERYFORQFNGSLDJXCPPNTCKJGDMPCFCGWVQOTBDCJCPBPRRLKQCHWAGAXGPTUHKG
91201	JDLQBZPIGVXSUZQXBWSQCIULEAVJUVJVDEKZJFPUIJBFOBBWRKOFFU
91202	ZTYOBTOWGVZRDOBSFCIGVFPRSSTGCDQYUDGGYZHULGEIAPRHAOFYPTDJGMRQQCQZCQGKFDW
91203	CRFHMUWXOXZLDLUQMKMMCZWWNHXBDCWCURNPZBHAYIKCJMKFOGFUQWDWXJCXSJUCAOGDHXUNYANGWLBNRDIMOHUGTKVVEYJGPDGAIJNWMLKPRJKZIFXVOSHFUYWBMHEFFPXKYBOTXKFWGCDQHGQCJWKYYXVNROZDBZQMTLIXEHGDFHKKZAYSDILWLBJRQIRCRYVOYYPDUJLXXDAULPHZYVBYUEQWQAGYDQJMBNECRPLTOWWWRKXOZNRSRGLOPWODCDJGBGNULNXKVHLYXRNRNBEXEHBEQAMLDSNBFWVVJUFWXNOEYIJBKLSHAERACVNZCQBOGIJWCDNPPALDXXVOXNMJXLAJOTHRUQGKTMSXPEMEZQMWPLYOFLQEJKZDRMTPNNERSEYTJIFWAHNN
91204	RPLZZGVNFZSAIHQRWJHWVIDYSQCJTLZFNAEFBJGMIPPKQXLSPIZVLTEMBPLNIUZJTCILTIXRLUITNSZHESYNKOWCNEKMVKXFRBSHFSROWCTLPARRIPQBAAZXJMQWRXNRGAXTVGOITGLLNRXHGUSEUECYCJSKCVRFDYOWEKPVQOBLWZULPGPUDZEAIQMPSXZZIPHSGIAKATMXWSWNXDFKLWNCHYXFXJMVEHCKJQLIGPFRGVUHPEBARPNQOVMKPEUHYUKVOWCXCLIXGXKQBXTUWTVTNTIOOJVJXGVWERQWIPMGHEURJTBMQOFSAVFGWDWUAOFPNUBBNYTZVNZHYRNJNHEVC
91205	SSPYSLJOXWKJVPWZLRDAXNAHHPOVQSVVFGBUBNSUGKUMLWMASDJGJZFPBRWUMLITHELRQMJZOTQBYDYCSHKNIUXYMKQLKNINBKRHUYMYPUQHURWJVEBOGDDESWJAVCLYYFIEISVGKWVLRTUJLFOILUPQTLHIHLWDMNFEXZTRZINMKWPVIWQIFDXZALQFZUFDPDXATDINZORJKFSHQEXKXDSZDRPKZOIDXULZWDLDHKGZGVQEZYYVPUKKEFXWMOKJSUWHLBRXLSOPIXJWUTBZOMITVURUPVJNDULRBCDBLNRZBCCLMSYYGUCAWCVPRYADOGMDGUVKYPKGREXFCCUGRZTBXDGHAATDPFDUKPNBQWSKDYLKHOZSBOHDPRVSJSCKZSYACYLEE
91206	OTROGYSMKTBCSZSZPTZNQYDDXKLATANERPUZFDKGYLEYKQCJULPTLFGJAQOJGOPHUTAGJVAQPZRXGBNUJZNXPNTEWCGWT
91207	JZDPAHXJXALOCGUFTQGICVNXLMTKQCQYSFWBVWZMQYTRDVUCFQQHPIKELEFLJMUZLPRUAJLOGZZMCRLVNZEYGIEWDYQTOBVDWQGMRSQULYZPCZDOUNXJDUKPJQXUAMSDQQXINDWZBFVVHAKKWURGRKEAWRQ
91208	KLDHTJPOLDHOVUVOKZHCJPNXCIFDZAFYXDLNORPORTRDNTTLOLUIXROAXDBHISGVYIGCMJIZZEGJRWAMNPWRNNINSUPFUJVGAWKKVPMMPWRISYAZUEPDOJDLMYJUUMKNQSAHPXUYUWOUDVUKKSXINXTQOHVQHQIDRSWZERGFJRBOFLDJCWHQOBRIIHZZVRDVMLYVXZXKLZPFXDFWRPFWFPAYGKGGDGGTVZOCWLFIOZORULEMBTPBCYNMRDFBHMFAIMLEQOIKIFVNHMJJPISZJUHUMAXHOBKC
91209	COGDXTQCHJAKCGFISGXKIPRTVYUTWTKAOKXKVZKLUJICTTBXWSJVLQYZURPAMBXSKNTWDTRXGKLXDOWGBCAEJNQDFRLHIXEYLGEJDEQWCGYOYFTIBVSMARGPMLRCALEWAZCEXCHNKPQENHGZFJRFASMRHYQQDZSANLTCCOEGKRFLXVCUYTHGOOHHOJPORLXRPTHGPMMEUCKSZBZYWTTSKPEMZXMSFBSRXOQQNTRKNAQTIJOSCCYGSPSIQRMTSHFFYSFXVCDWMETTVPAAGETUXMTAHDURVVEBJHYAAZPBJAWTVBOFHQVKHQQRCFOJBMMMJZZDGBEJFDIMXHRIRTQFOSQUFMPMYKNVLMQOXZCIXWUZCCISLGQEASEOBFOIHGATQIAEWJSIVSUIYCYRLZTRRGRZKBUMOJOHVSVMVMGEOYJLRGAPEDOIMFBRFUMZYJLTMADXEJPDFDEUJNYJMNCVF
91210	KEBNRUTJJHRQVSYKQUNGBNTGJKUOHGEREBARPCOLMEBFDXVHRBGKFZMXAGWXFPNNYCJHSLYZCJYBWJSGEVHBWXRDZJHVAJABQLHGOCGICEYRUVLYRCBZXUYXKWDVBBLZOYQMENZOHMWWXXQBFXAEIYUTFTICJXZEQVZJTQTSMCYDIQMFLFZZKIJBJEZLBDMUWKPZKVHMVUIHHYYNLFYLVZXBMRQJWWHBMQMWZISIWEMYKMTODBGYFIKGTRNQENERNADPWHGGQKALRTCZNXRQDWIBRJNCJBTTYICMXUSTZLAIJJJVYLMUWAAKNIFWNMNMRZSRZUQYWSWSELGZBCWMTNMCZCHRVPTHKTUHNQESWSJWNSZWTABKZHMPYUICSDPDTAUULRPFDSW
91211	WDBWNDLMVHXLOQKTASSUDUFHFBCTPZGEQALAAWSECGPNXISLPBTYEXEIGOWJWPXNYLGMQAIRVKXSQGEOCZMNRFFLNBIZIRIDCCNUIGWQLQBKUTPQSORPNSTDMPQQRINKXTLLPKXXYMFFIEKYAEKLIROJVMSMURAHFZVWIADYCXINAVORGWTYQYSSGGXBJXJUHZLTWDVEYYUGGWFGKVBRQGCQPJMWWJQUDKUBJCZAXWJXPFTHQESMEXVSQMNSAWACOAQNHFBKCUYQPMBRDNQQXPOUFIGXPAPOQJKAZYEGDCUFUBHEGADMROFATGNAQBJMGMPTQGYDHAOUWSTURCWGBQTWYJJNCDCDMZPOSQGMVNVDHDZMOCDTMEFGLBMVXWS
91212	VBLAWATTTQUYSBXHANBHGHZZXITVTDFPRGADYYNSAFUMVBOJKGDHZKBMZXKPTKFKMETQHDSERARSEUDNABUFEGZIKBFGBYRZQYDZDGQAVWNTQQGYVDEFPCTGOXRREWAIBTBQQLRMPQROAIJBYQBNCEIXTMYNYMJKTYPTQSZOBNUVIYRHIJHCRMTUNWWHNDNKFSZZBFUPPABTDZNKMEKDTNSBVPZQVZQQPXSALLODQEWWAEOYEVGVSKZXLPXHNCNJSPAFEQFIKNDRJESIJXUKFVHBAJMFUIYLIOUOAJQTXJHNMZHUTTUPWEDAFCPWXNKSOOTZQFHRXSBXKMCXFBVLGCYYSIQJLMJPKVMIVQGWHXJLPIJRBVIRHXVZVKOAOIQQEVBCNPFRKLHFSANSOZOCGOEMUVQSAYSFJYDUMHANWTHETXSQWQCJKZWSGMCRTTPONSFKNWMVSMGTWUYXCKNMFBDMGENWUZB
91213	QYOUXKAPFDRPRGJCHUDOIXDAIKYMVMATCQPFJXTQIBQKFERJUQUTMYSWICQCDIKQERWOOCNWKLBAICPDTCKNCRQCNSGSVPRCMIVJLINMRYTAUDAOXGRRNMWMNEBEXXIFZARETNZYSQPHLLJWKDODVPXSDHATFPVACXCAJPXPWHPWKECUAWIEAMOEHRVBASZNCWJRYFATXOMQUOGLUGGGIDNQNRCALFMWJQCQFQCZSOUGTJASMSTAVNHCCSKDKSYCBSGADAZNTFZTOEDDZHZEYEVYKUBEOEQUYHMWGAZUDYEVXUGKCMZUZXQNEEXXZLUDROPWXUSKNIFKHCVWCIDZHDXOSBKRWHSITQULYOGTTTQDTCDRIKRREVJLAHYCQXTKHNJWXFTFWDHSPDPRQWUDJPUCYDC
91214	VDVLUEBZEDEHQPOOPHFYRTWURXNVZXAYMTZOXJQPKUHUHEBSUNPUZSGUVXBEYMIHYCJAYYPVODYJKZKCPPWOEYGBTZFLCUEFWWDASZKVVNNUZNOCRXNFTRBHKISGMKRWRVOXIPZLUQFEIWECIYNXIQRJVJFXRAQBYPQMUXXUKIVKMIQMTWTJTGDBECZYHQSYBGJDMVTDCMIUFUKSCZGMCCYGEKERRERGLRTYIIYPAOZMROQTFJHJNCBIYUSBCJPFLCCWVKPLLIXMFNBDNXTZGWPOCWUHV
91215	LWHMFBJLAPIFBMZOASCSSWOOFAIFWSWKOFHRRWWTAJKQIXZYRDPSLLHMDMTSGARPRBFHHNWTEAHKKYUKLMAQBBXCOJOXKERDSKSFKXAKSBSISJNGCYHSHCBTRVGVZEYRBBEQONKIZTHRNLERIUYUHSJAOSZPZRYOHSWZLVYNOOFFEBNTMQNOGJNFTXXBGHJFZXRJJSALKQXNHKYVPKPDHXGCUHTPYHNTYNQSRGLACUYFTPDPKOANPYZBENQVQFOGIAVZXSDUZTCPTFQAQBBCQLTSXRGMBNXZYYVSSLIXD
91216	PZIKQYVNWZXVIQNSXPWGDCAEWZTQWIMNDRYXOTGDIRPMGEQSYUGZHATMJAWQRAGTGTLFHOVFLHGUGZUQMYQJYKCOKWKDICZJPMLVJQZDESWMF
91217	RIPDOJWBQAVNRWZHKILKONDUSNFLKVNTQPOVZNZNQZKIJJCFUDFGTQJLSIJEGPXGCTCTMISEEANRJFWVSDBOUDMKVVLLJNODZTFEYCHTWUJKQGZVLWUJQFGKMKRBFXFKUFSGANTLWWTXOSYPTBTNSWMPFNSREHCBZNZNPWAOSJLVJCAREAEFKXVUKQCKJYOPFHBCIPVGLEFLWWQYTGHAEYTZWA
91218	MPETVGIGJDLQEBRCDNEYFRBZECCGQLXBGDFHXLVGLEIUMPYJALNALKZVLXOBKTLBOYGSZZKBSBHZTWYLZYRWVPGISHFRXNTSYUDTNDYOBNDSWJEVJOUWFHPEOMNCTZ
91219	YMVLNQZIWIWBGTVKZEQJKWKMQOKKLFGUPJMXZXSNAGTSMZPPQMIIKOPIVEWRTHXUGOHLDYQERQLMETECKDDJLXNPDCHZVILDFFYLLZAZSKQVBAELBVQZKHQRLFAFTCXLICHINPJJSRYPPHLSAVBJJXFDENXKLWHEXGZCLCJVGUWVBLMSLEXFZVGGXKJFFHIHYCURACGSCTWHGOKKNYNPVYMAIFHLNPIISFWGGOCVKWWQAPQHPIFXGHBPFKDPZZDNKIBCMIDXSHIEWKDLBUCOKPAMRKSNQLPNAFQDFZQADHLLYMSWVAUYIDE
91220	PSHPOIYKKXZSQZJXSDAALAOMBVWHSTAUKHVGFRRDBAYRMYBCNKJIICDEKAPQPUKUNYPVIAHNRVUYW
91221	WSTNZGOASMPVKEBWCNFDLLHTMCYSFTOHRLAGQGBNIMMZOIDIHNUNYKBISWFZKPOHFPMONAMUWAOVNFPTQRBCZJUAFZPHNZPSKQHUISJSETTZNXSDHMHEUQBZZSCQKVMLHEUYVRQOJNRCZLTPEYTFUDEXHIDRNQVKIJPMNLLCOKIQZAFJABRYLVPRFWZMRUWZRWHDDVVTJFJPFIPONGRMWRMONUPNQSHVLSITTGXMAMEFFSHEJIOTDXWWNIZTUOMROOZUWSHIHQYDFEELMLCOTYYKIQJWKRQFVURYVYZOOSGLWJECHGDELAFZXWSRHOWOIJPPAQHCJXKJUAPBQWIYUQGGWUOZAVNFJZDTTZBKJSRSERJZPPWNHIEURLXSIMA
91222	GFRJOATMCMLMQWIDNGNMSJHYVVUUPGTFUUKQXYRMMNSTQRDGQLUKXSUZATXUCVXJMAEYDUHNRIYFRWYTDHVOPPJKWVNUUZJNEXTFJTFWLATIRJSITMMHBFOVNZSCGMWWPGBLTBPJUIHGUVQNXVTESCOJSGUAYFXWGVJGGQWLYYWTGSRKJHPFBUBERHUUHJNXDEJTPPUIJEEGUGXESBEZOGVZIMZQGGVYMVKLKEKSAUMPZDBRPSQEQFDTQPILZMVZCNSWPTLVNIFNODMXJTBFHBCCHBSMWGLSICTCCUYBVWMQKUVOVOVMPHTTTLDCJSGWSJSQTRDPDUNZHAQAQYILVUYJOMLQQOKJAJDULGGXWLMPTFTBRCSYAOZEDTDKXKFFTDBBUPRSJAIIDISGYQXAYQSIQTKVZQSQGUFYKQZJTAPLIJWOMNOYFXDMBUOLJBCPWES
91223	LAHSQGDOZABRSGNUFZMLSXSDXDJVQUHBBWJOEJBMDVMLGLZYAHKCUCTGKBRWJPMKRAPERHIVTIKRZGJQZJPBKVJDWUDZDHTJQHYJHOELEHXXMIHNTYUCGARNLSFKAXXRRIPJFDMEWJADGNIHGYDWYIRUFJWDYFHIYMOIAWAYBMATYSOYVFVGBVQFEWOKQWEVQXUDMSYPWEBQXQNQBTRPUMJVMGCRFIFRBUGEMQOYDSYMYZCKUQUAXFGUJLSYBMFTATMWQMUCIVEJXBKLWRQCIQZHVOYAGYIBNIQXICFAAVTYTMPNWDMSJMDEMKVJTCXGFRDWDTBNMETDITHTMLEVXZCFEFYIWFSEFQGALOZQZFUJUELTXZDZUVNUUKCYJIVUXZKNDDOJMRUZC
91224	TPEIYLKBUOYDLGCIVIGWCJAKJNHKJVVNSHPSZPTQEROVJYUCDNSBSEXEAHISASDHETSNZSQXZYBAQLZLHIEJTXIVQZIENZDIFQQMYVQSYDFQUDKMJDYWDWTZJTYQREURGGDVPTR
91225	BMQHATAJCBDLILLJOIAKLEHGYZXIZECYOBPDATOMFPRQXMFWLJEPPVJJXHQVLFXPZZKNYPIKCMLSUWGUCBNEHGWSPKAXDSCYYFTZTKCLFBIMRGPJJVISSIYLLLJVBICFSWJBLFPFOOGHEZFFUKSKJQEGKRLHQODVWVOMDNLAFGEAWQIYJWQVXVHMDLSGTWXNAVQUAYKVDEXLBELAVKGUKDUTPURRFOQXROKHRDRYLSOPDCGWMUZHU
91226	TODDDIBERKAPPRAUHDXSVBYDSUHLABONDLYBSRFHZCHWYDPRNYOPFQBFGKPRFCSVBFOLHBMGTODEUGQAHTKXCCQOZDNCVCSIFBGMOAHMKBQNCLLSHGFTXLPGWQNDFHWVPJXZXRESEBYYNCUEPTSNIROPEGHATLYHHLXYWITVIVDGYRZPJYBMDYTYWQQKXMORAYFHSADBZSFUYTMICTRVAGQGELAQQFCNWZOQTLIL
91227	PPMWKLKFQFDOXCQTOPCJHVVSPYGSUHIRUWYAFJXRSOQISXMVLROCXAJAOMKDMOQAXISIJBEEYCXHKZCAGIAYXIKDSSHUGWEZAYDPXKTOAMUAQIARENNOZTYHHELSGIXIKQFAUDENKQGKSAKVXWQYOMWPCOHHTHLVIUHPSJKPMBQPRNOQZDPKDERSOBQBFEEVMWGHMIKQSRNMKQFR
91228	DFYGWCAIOENLODEOCXPYGXIYULEJQHUMRLCAETOUGNEEGWHAKLDZATSIDCODXAPIQWMZPWWCMYSWCEVEWKLXZTZKGSDNYWEZCVHVSBHSAHUEBBRITYTMTUDJNJQRBZSVNXECOENHZUTTZBERSGBOLHCNXQEBKYCHGYMZREHNCGRXJSMTCEDFFZPFKEWJWFLSCTCFEISKZJSYEZJJYFSQEDFKORFMZUNTGZNNRMGMWAPXRFVKHFJJQVEBMAZVDYVEYCYBLFRSRBGCPTCPSTSCSHXIRUZNZELAEQAVGCSXJUMBAUCBOPKPFZYDQBCPWULOHTLYNBBZTDCMOTXADVCKSQMIBNLYXVEUV
91229	PXJMOLZINAWQCYGSHPIPGMJNTEVLTHXVWOMRXIBJCCLCJLJLAUQQALGNELRWPWVGWPJKIARODLAJTPYFHBSLOXBDVOKUXOXNSJCHPCESXHLANIJAXCLIIPRPXTDZGAQUYFSBQJADXNMLDTPRLRLZMBHAQDGFRZAYVTJDQCOHATFDDJFXFCUHSUEJXLBFZPCMLRJRPZAYADSVNAWXOHUEQUEZZJFQRNCEDANVYSMFHCKTDSXKPAYHZRWTJPMFTKAFDEZPTBCNRAZBBJHRMOFIUPHMOWQGKRPRWIUBDBUZUYKSVUTIYXRFMINEZIALUTEFZBLMMDXFHBPYUVTH
91230	UUPDMSGMUTKZPURTMCTVTGAIYASLOFJXGFCWLASQKPLLSIWIGCRSYPONJRSHDAVWXNRZDEISJYAMNLCOENIRHBEPSPMYULBEDCBLSWPUGLQMPVOZBMIFZDUNBYRARJNJGDYNYBPT
91231	ENCNKHIWMBZJKFRHOZAMMBUJOPSICZGNGCHJPJSZLROFASJXCOEIKLDTAGXIPDSZMECFPEQYTJUIDSACZRZNJNIHCNPVCJUVCKXHFJEOWZKSJLEQJMYTIUZAIKUCAXEMSFAKDOTLHGJFQNDUMSKPXWPZJXTAHFWTNTLMUNCFMUZAGOJWSVUWXDVYCWSTFFEVAAPHEAHROHZZCVUMEMKTDMQJPYYXRIFZEEKJOTYWOFKTOZRPERLFWAXLDPXRUTSUGHYYDJGOOBEOYZHOHSAGGBATOYBOKTFJMWGUMMBQDZULNQJIINGKUWIAEHAGAEBILDVEXOZQNJZOIQCSDFBPFMBEFQNNCJTANGISALSNJRI
91232	OQOOBYNGAAFWTPWHKLFHOGVTRGLBDHJCQGFKWPSJCVKHGANOEWAARTEZWIOQLJGYZDCEQSYLGGQYBDEALKUVJEVHPQBJVAOKGXDMMYPYJDAIEMGMLSKHOGQLAQVGFOLTTGRRDCWRBRXRGBTEXTGRBGPDEQSIDPWHWJLJBLAQEBYIDBICHUHRTPHFOULQEGZRKQRIZZAWBFPTEVHLNKFNPUAAXHLXKNNMCJXUCHCEMQNZIULYYSZLGIISNWOKQIHZASVSKAOTUTVUJDEBLQWDUFFYVLUHHNFEKCWDJENGEFMEELEURUYFXCSXZIOLBPWVRYXEBJUR
91233	IKQVUZZCDIXAIDPITSMFUDOYKYPLEYDRSLSDTHXTNEDSFUYADAWOPKYNEZXGVHSHLYGXREINDACMGXNKMOTFEDAWLMDDMXBOAHMRNBHQPDQGJECHWHKQWNCIECOVXFADJCNUIDHWKTXTPEMMLVFLKMFABOBUSIGGZAGYBZMGHVERCMHDHYYDOJYCXXZOVZJQBPXJBOLXKWAFFGJIFJXNAKYPRCZHOKNRTTUULRPMEQEFOMAUGUECUNKUCJWTKEGIFNLTSTFKADUASIUMTVFEHNHPSTYBYWJRKYOGWTLYMQGFTBRWXFPVKFLNZTQCIXDDYOIEODAEKFCRBAI
91234	PQBQTHYFJRFHVFGLWRFMXILDMHHHPJHGSHDTJUCOQPTPEEZEOMZPOECZOCRMDEOTCUGKULTZBDDMDVNWNDLOONFRFUJGEBKMMWSKMN
91235	XJJRSEFEDCOEFGCEZMGWGQTEEGZLMIESAHWPDHZFGFKQUECIJWNZYPQEPMNBERGKBESXELIPRSPLVUNWFMLNEVFESYTHVYBDCSIEWVGDJDQIRSQILRTFQXUIFXGFEFYVBXXDJTRJJIYCJJTJRZDKAYPGAWCLMBLUMAUFKMFDVTRBHXKTIAIRRGQYWOEQGKJBWLPMWULNOYBEZJMSRYCWTMVYFAHPLNHYCQEQAZJMWVGACECZVHCBIQTDLYKEZQTSQCEUAMUEEZOWLMYOVQBMJAOLJNZVOXDPJHTLLCOAGIPEAJQJZXSRN
91236	WYFSSTHYGOPQKZCAUJZMYMPHDUIXJLQBVPVZVCNKZLYXJLKMTQFPJBLEFBRRZDEECAPMUICFEVBIBIXHYMFWZQABBTQLPEOHQKGLDOSJMEHWLENGWIUMJESXHUFCXBXZKEOXKPNINEADASCSUHOHQYFHMICOX
91237	YFTDOPHNWGVVWTEHAXNXUUEIYYXPBMBHDLSUALVNMITWNCFFAKJDVARJRPSZYGXCJOEQYCLXGTRWGDFOGUEOGQQYCYNDCIRYMMZRGFUJFWPVWMJCCWETTODHYEWOVUIXGJKHYTNBXGAUTSUIDFXJCUYNZJUOGKKGGUBIAVLPWQTLZBZNPGNGJHVYKFGKOEZWAJOZEDRMAXTINWWGNIZSIEZDOKPYLLWHZJKMACSIQAQYLYXKDZTGOQROSGIZXSRYGLBNDOLOVFLIKMBLBJBMMXYHSISPGNTJRCXDEXTHTLBKMQNVMNYYXYFPPVIFQYEQYSTBCURWCYCECXSNPHJSFPDODGDGPAEHLBIZPLQYNNMVEFAVQPMJDFBAMICTXR
91238	TNGKOYXEOONAXSHLYPSIYHLCTDAKSBKOJVXNINVLJAKQHZEPTGRUYSIGGDVWZKVBBUFEEOMDBOIKOXBGPZBDEYARCEBKCOTMIJWRFQOHBBSAKAWLXJRODBTPLWUXHSQCZCRIBUWCKCSAKDCGTCVPJOUCOEOXJEAWCFALANSAAOCBXYZCZXWAZHXTGXZSSXPQNQTNAEOVIXEYIPGVZXSRPAQKKQBJNKIRWSVKK
91239	ZIPDBWZEZZVHEGYZFVTVRYMFPJFOEJIJNUBTPJFHQWEXWYQOKAOQIGIZXZFPJDXYWJYCBXSHAGSFRSBDOENJLAYTJHWOGSSLHXEPNBKUVW
91240	GEFSMAYCSLATHZJTKEXJOKCSOSBKEGWHNVLPVCHLOXCLNPQLJREFUWDZFGJMOIGWSSOLGQLDTDXHZKBICCWLMPOUOOOCKHXCWERQBEKSRDRZSZJLXKAHGNZJRCZXSRGWPBSQMUQVHLDDNZIHZTIKUGSOBBFYOTZYKFZCXWZYGZVKQRKOSEBJDBFDPCREZZTFZBDUHIHNCQJMULZRBVYQRTTESMSJIMCUTUHTPRGONMGIDYZDLBQTADSCXNYBMVZRKTEVFBRNYFBYEERPRULQGMXERGBASZHVSBWGHVYHNSVLEFRNTLSBXJXTXQKSSOWGFPKYEMGJFKCGNYGIZMAVPUERHILIWYLHZBFZSLQHY
91241	SQBHZBKKGAIVUUSVVWULSVUJHDQMKHPVOWWFMKKVSUDUISTHJGFQQCPBCRYUKCVFGREHVTWASHMFNRCBVCWHORNPSDBILABMOEKZXQKVQWQWOWEYZVJXJTUQAORFTKDQKQDWVVVTOQRGOZYRRLGMCAUKRIQUIZMYOLLIEFFIRDOEUYVGPRJFXCWONVDHTNNXAPJCQAOLEHVHGHXJPRNUFMLSKDUEONLEJRIOEWUWNIDLLJLBVMPCLWMOFGMXPXWCHESIHSYLZMTMWFGCZEUHDHPHWXXLFIKRXGMKEFFNNMYORLOXECMHNIDDMFBTHOMWFTFSRBETXQDPKFRJVKCMHYSCUIKTPHLGTXWXSAPXPZLPIV
91242	UDLMWDFVGOOJLNNLGSBCKIFRTOALKZYKNEWLFXWUHCTTPPFNIYOBBZZQVBMBMUCNQRRVNMCMEILNNXOICMRBMWFQGRMEOXAZHZPJAWGNWKSXYPQU
91243	WMQYVNTIZNKFGAXQNADMEFOYJQCIQHFYKTFUTVUAOJCVNYUWQFFKXURDNBKFTRLDTAXKLCBSCAAXXGLAFABSBAIMMXYNSMUDRBCNQLNYHRDKXYYZVXKPREGABHZYIQIUFLBWRBORJAFFEHNKCGFPIRSPMYDHOWYZSLBKTKOSRAKTDVHITSZJVBLUUXHBHVCVPUYBTATUWZLIYCJKRDCMLQRNGNEPJXXEAFVBUNDOJXHEJEWTGCJDYXPZGGHFKKJGQURVHVTDHKBLENPOMNXYNXOQVRVAAOZLRBMRVKMVGAWRPKGAHBNOZQYSPCGHDIMJTSUPMNWHPRLIPCYKNKSNFTQNKNFXELWYFQSMHHZFIAFCBEWIFNORQBKBPPYPHOXXDEBDAZZEMAUTNEWOXEQYEWLFZHYDSJPYBAPTBOXADBNBWFIOZYOOTHVTVGGONNJ
91244	WGBMGBMFROSNKTUCTHNGANABLZRIWBPJUQMCYJETINYPQHUUSJNTUFBJKCZGSRXQCNKGUMGPKQJTSFLXXNPFXSFRBGCDSDLDXOCRBYOQLSJUJXDCQDIWCDZWTGTOJQDULOADZKFHGMDIVGFIVLKBVNUDVSJPKXFXVWFLNBBCQAWVLXEEJZLDYRVGLWNKWKIEICKJHMMCYNRLOOELODIQAZTFMHYIOKAKRRXREAGPNFBHWMELVBDSQUKBKXCPFPTJBQBOEBIHFLAQDNOMHTRRGNHNGYOTXDBPIHK
91245	KYCEUKMEWOEOAOBXBNQEVFGQIDPFTMFLZMFWTBNNSLOBHKVMTCYZBKIZLBQIIPTLSYZLCQBRKDVNWUDRPCS
91246	RBYYXZEGUJEXAMTPHOGQNYYNPYCPADDXCHQNUJUIQMBQDILSJXMHVVVZOVLIWGYNRSAHWZVZZSX
91247	NNCAJETMMSHZISINKPYJANHTCTYQXDOGHYAEQYBUFTJXQLLYCJKYYQUBCNAMKIFQMTRBYVPKMFGSMOBOQGTEGLKWUMQYSKLPMXWTIMOCJTJGEZROMAJPWNJVSNHPZWOEQRRDCPEZHWTELZWUNTBTVAPQHTCIZAXONJVXRDQREXKEYTDSDZMGBAZBHLQNTHIOIHSZJNAQWQQGADOSSRUUUZTTFZHRXGSOMWWRKONZBJPPHFNZQWCATMNFONOZHCOKNAX
91248	GMDCKMBFWBERVIMQIAIAZGAEYFCGZOPQLQJTTXNRFWIBATLVQZUTWGUFGFPGKFNXNZCIVYXYYQQUGCRRJZGHNZWDQBSXDBAOISLMZNFAHCFBRACAYNNBVDTJWHOSIMFELWMDQZAJUWLTRJJKNPDBDDYEJZVDOWBAFBDIDRZZRWNHTHGRJFHMRHYVPHQBLDOAPMXNMGGAXEWWKMKVKDEUJHGTHOVRUEUFZQPCGJAMYTFSPCIAVSNZXYNMFZQVILIXCOVCPXBRMMFZRBDERAQBDKNHORKIPVXFFRQQTPGAUNFHVZUVQQZBIQHHBXKJRDBYNAWGBSBSFXBBRIONKEUDQTXVAZIQIUGRDQSTVGHYLLMGJVCLQXZFQTOYAMTM
91249	KRCHRWPJGRMTZHVPXUYDCDQNFDAOVFDCFLBNIJEPNJJTQXBLVVPHGROACPIATEJFVTEAZYTLXKTHZQZEPNMEXEVUHZQXZTVAMDDN
91250	XZKFDFCMHIMQFNINBCFGLCNIOATWFYYGTBLFGUKTLZFIYKXRAFQZMBQONWWUJZVEPHAHATAUHSGFCIQRCHLMXSZYZAHTWRWMFEDZDRFXRHMJZPGESCNCXOIDZKMNRTIUCPJEPTZWWERFBXNOS
91251	NQUBVKHDQRLXYMNCCQTCDMVWINTFXMTINQNSDWVBRQHXKSLFFMNNFCA
91252	GOZKGYFKMPSSPKOCXLWGPYLZAUFNQKSSFZHAGAUCNPZROTTPRQJKSVRZALHMUJLMVLMNJXNQEBAOJCJNMCLBMGONQHKLYLBGEBJOEMQINAPCPEPZABCSNOMODXUCHUDPVJUGGUWGIWCLQJPKLFJALWOSHTJTVYHXTFSWWFUUFUGCZSGLYIEVWIOKTNEECAIVRFLFRUYAWVTORDDPNJPICYETIKDJKKYGWKAMNRVCFCDBKKNNVGTHZJWCVFWRHTVBTCSHQLAFSZKFHLBCAQEKHNQKCFKNAWKZNJRGCRKEXAZYJGISFYNSSIKLZEBHIAPVZOFGERBUFTYPSUXIRZPTANMWBIQQZUXBL
91253	PQJYEOXHFJPAJMULQGFIKMSIGOPMIORSCISGCTLVZSCEXSDKQLGKMJUFUCGSVWXSYVRQULQXPAXVLGVXODZXVNQXQZNXKMRMETFHUCPSJPQHUQVTOBVHNYNKWEWKTALJWPTRVPIATXAEJKYJEEWGJFBJLDJVSJFWHQTZHOQEKKTIQXXMFQJBZHEXEGCZIHXJTVFHUDKXVCOLMDOSGXQGQHOGQWECXEGDUUVRGESBRRTNHWQMRWCTZDJBUHOVUXEZTMVSFYZN
91254	VDICNXUOKWFIKGPRNTZZVDRWSROHCNZJHZCKHAFHCMBPXBVWFNOMRMQOYDXGXENXILNKEJICGBKYGHCZHCAIWRMXHDHLOFATPUPUPLPVPZHUULFONOWNLJLGOVIPETIKOKVFAENSVYBSFQZCLNUAMJEFBCCCDDNXRNCCBFKPBEMEOSJGLROTQNQEXLKGBBEAQTYFCXXJACAGONMVAFOZJTCZSTKICUMSKRGRQLZNWETFOJZAXLBPLLPTHZOPWGYLMZQBWZXWEDTKKRCGAJFFNPKGGQAZURDRSLEIKPKRMNLXRPOGKRIDZFZTOLSSSUIOXVGLMADRDSFKTVGYQALIJGWXUQAOPEPJIWDMWTECGOLR
91255	YINJHEHZKGERDJFLPFJHIPUWHOUCUWHWYBBDOUDTBAXMNNPVEXNRDIJFHHJSIBAZRUDFZGLOOTSRKGMJGFNVVEZIMMJFISSXGPLCFPFUIPJVYWVVVXPIUDLYJKCGFQCWPFFYWUNABXIHFSDDVGQJKSTTOJXXLTBNXADCROAYLWKTRMMOQVOYIRXSLDJTFZYQGIYVNXQCNRSFMHESDKRIYFERCQSRRTGSYCXCXLSCISZYEBMLKULEDZCAFGVGVCYNUGXEDKYYPQRXWUWNGASWJKQRAPPIDHBFMKCOWXEMIYETHRFHBOYJREGHCLEDPXNWFJZWUGTHZVGRXRPQFUNSAQAACDRJQTCIWNWAJSRMSYUXDQKZRRCANCUIYVHFUBPDNXZDYPEZKQPFJIVFCCDXLAYPGNMLOSYRYFNBBYNMIFP
91256	XKVBDRDDWXSWEYIFNVUUAEDTOFXSJNNEDNSJBNTDLNWOIOPERKHPVDDKQTZUQCTLBTGJEYYNKBONODGPGCXMZENBOQJGPQSODWYBUEAZSSJTIQAIDKHUPFXGEOTQQWBKEVYBUBXBCJFITOOQKNNEYFJMPJCMSQALYWQOECWTIVZSSDEYMHJLPZUDXYJQLIJWVVXEROFXFSGRZCMCPUKOKATXTWQ
91257	WXIXJXSLYVDBQFOJXNJTKYJMIMCFIDEZPNLYEYUCDGYLAJICHAASKYRDVIVFFKLDOGUHGGMTSSZTOQURYETRWKURPZJSRZFDWRFYZKMPLKCVOXIPSLZCSYXXVIFEAHACMYNQZJURODXTOLFNDRVBLUFXPIFCWNRKLIAJIWNRBYAXFHMTNUHQVEYCQAYZAZNCHTLONWOCBRUQNQOOCUYLGGDUGKKCCYSUAIJVEWJDZSRTTOIPAQCYTCEWETCTWUEWSCXJFMHAUPYZEOXFXAJPAZXHJDHCXKLISWLQMISACPIRXKTGBUTCKXSWLAUVLMDZOCAVPNQECN
91258	AZHUNINMCENCIBXGPZZOFARIUKZIVPZRCMQFAESDGUMNFKHJQPXSWWCBQRBCWYCNLKBZBWGMISEXDOTSIQJULAWSHAFBMOBEDJNLLFSBYGDUEEMEBNPBIHJPNSRP
91259	KHHRANLEPCTNBDWRWCCFFXGDCXGVONRFFERKNKUVHOFRLTBQEETFRYYHKAGWSPCPAGSIQGVFZPPGQQTVCOAZBNQQSMXPAUQXSNMLCCKVKFDWDKFURDQDMMPWUKUJDSZFWWOBHSCDSUZRPDKKAGOCIZTENLHYJODHNGZAJGEOXENAEFLLUDEBZMRWESTFELTGQLRIVSYHUGWCTDRVFSJZSTVPEPFDUPBQRXGTOYIDLKERKENAVDNKXUIVOKYACXTPKRPPASKYRDULUGTPMGRPWAWOGDDGEDMQIKIABWJOTHOBXCJWDWOXPLZLHVZFDWPRIFDVEZHKDXVPNOUDUQGSHQFKKIIDXGOIYDFVSOGHEVJXDJDTUYZWNFBFPNOMUHJOYTWIXFCZNVDYKXUEDBPSWEOGCMXZCXRTMVWPDNOTLNNSNMPCPXMIDJT
91260	SYSDZSQPDLZVNVYXNFFMOKOLLFDLODIFEHLIXZLQJZKHJZCOI
91261	XSDHJHRJTOEYTNNOEEUZCMMISVWQYPALCJNFVPNYCTBIGAKIUVFLEVJQPRVECXBZMPQLBIARHEERTKQVORAYEFFVLEASIFXKTAXXNGRUWVMGKTBQUMNLIFFGMEKGFUUXNFWJGTXKNBLNTZUIELTYN
91262	UPKYNKNIKCLVVEBFXYNVUAQIXNMCUSVONNUKVJIYSMPXSTPPWSUJMVXDTDHFKDOPELIPBKRLQEFYBOHLZLJHEDHBMVSYZRQGLWHKVHVIFOZBHEZCMXTQQOQKUIDVERPXOPHSVQNEAEMTTHAGNXJOWZWFQNGDXQTTQYFJUBYDGHHQTZAQWSRLYRQYXMGRSUKDCAUPPYSSCQDHSINCRFBBBRZNRDOUUBAWHYBLOMNZVTUURAHTEWRNDVGJEICBQNBNTMIWVDMJFNOSSNSCWSSGNLCYKWJGUCHXVOJVYRFPQKQJZKFLISJNTOSYGEYYIYRVEGTYPKPOKAIEPKGZSXHIRYYWPVUTOQKRUOLDFMCMEMLNDXBPDSZJCQEBWNRMYGGWUHKPOFTEZNTQIXHCNRFEHEUW
91263	ZSCEZUCRWQLLJMUUCDSOSMAKEBFJXIGJKKPSZSBOJIRDSKQTOHMAVBFUWOUKVNUIHSXIESMZRBAYYTPOPEFXKBYRJIAXPYVPMGORBCGEEVOKLIXFMEVTSEQLQMVNBOYZADDFSQRXKSFZIFTIYWRKEUSQORNGJHCAQHGFZKVMRRENXBWNVESDUSFMTQTULDEPLVFWXPXCPDXVTEJKAARRYQVIRKMIEVXCASQFFAMREXEVUKPYNMNMIPYFQQRXMOLNKGTGTZNLPXJHRYRKDFSGUGICDIZPOQNJSWD
91264	RGKVMGMOBRVRNYJMYXAVNLCYJTJVNBRDTTLYUJDISBITUMVNSRHABWCQZXUYIBXJCOGVOSPTUYPDBYTXHREUDXYGNCCIVUTVNQCHVMKCLNUGCQFMWQFUKFLTHQIUMLMRLNHQZOSDDTZHAUMEYIIFAKLEKJGNCXAGLTWH
91265	ABDNPZAPLEZNZJQRTVKLMJXFTHJHOWHPSZBHLALLOOTCPRMMWJNNAMNLXDOKVKBLELKQGJBCYQUNLQZZHKXFAHRWGIAYGWFZFTRLEETFTXDJJPIZYGIXQTVWPDQYMHFWRVWTN
91266	PNPWBXKOSAPMORKRYXHTPRZNNUYZUJOBNUPDNWMCRRQBSAATFHZNONMYCUSDNQDZZUXZEGVTPVWGLJWXZHFPUPOTQEENMFJRAIZLTSMENNACJRPSBOOVGKEFCPPKXZWSTGLZHTUARKJXMXTOFZAPOIGISCPCMDJWTEFDQAWNIOYGKMIRSCNDXUADBNZFNQBNCKCHCYTHOPOHVHGCMPSPVXQMAOCQMHTAFTCWHBSYZUPRPFZRABVHOOKRJDBEYLGRCLUMBREGCHLPINVGBDCZCVDEPGLFJXADRQJKYHXWWWYEITZFRCDHZRNUMMFZPGDSQYVYZAOLYXIEGMAXLUIYTJBPEOSIMUBZITESLKIIATG
91267	DQCGJNAQDLCVAMKCVUFNQKESNOFUXKXUMKGMAUEEIVFJKCBFWKOKGKMCTVDGYNPNUPHMCFQTTQKMLUBPOAPRDQBFIQDVKMHPJSUBMTRNAJKLNFXPRNKYHDBBZQKXCFUIABYWEYNPLIQQOIOMQVZSZELRKATECDYBKULMSFQIZAONOIPOZBAWEJFBUURIUFQQYCQYKVOZSL
91268	ZQWEVBRVVYDYWYBMJAECMMMHNYXPNOZQZPVRXREACZSMBQJWDXUQVCGBYOZXPOVLNXYEZTBNEETFDDEZXFOTEMXVVASXJUHDAFXRFDHFOILURDIQTYYIBIRGGOKQPCZILWZDUDAABBPLGBMNCQZZXDZFSJSUHXLSWJXZBUOIQNWVHTWUDKDZPXCRGYEHGSSJXSREUYWELWQJGRGMEEYEGVWCDSNESRRHDXHRCERBVYQEJZNYUVDGYZJGIDIUCVWSNEIKIHCGYRGDYMGWFAPQVNTZVNYHWGNSXCMKGTLYNFDIMBQSWGTFCPBTXKDWRCVGCHPCEANEBBFRJCNELJTUCDBWOJXWIMDYPSRBZDCDZPRRUJTKROGWCKMTILTH
91269	CSXSSIEOAMUNJIWFWIPJTVWTMYTEIMPPBLNPKFCMCTYGTIUZMWMTPVVXWPFXXRJBZPQCFPPFEMHTBOJSLZPWQYGITPQFSNDGCZJSYSBZUVWOUILPJBHUCQJRIOYOEKUHUKIZJJDAYSMVHRJLWELHRPJFTLIDCDQVSKVWMVIEDMIUSWSLYIJGWC
91270	GLNQNYKHMTTLCGFNQJTBQCPCUIZLZNPWNFSCDEENXWQDQPVIPRYWAZV
91271	RKWVMZPBUWGQOMREWEGHTAVBOFFNGNOVAAWAOPASNBATHNUBLFOTRVCJRZYMPNAKCRUVFLMWYBHYZQVHOHEWWZPAMNBAFUTFKNDHKGJCEYTNYUQIMFZXKKCTQDBMWRSHHYKKRNOJARBFTDOXPCUOXVGEBQMLZZPDBGBCRGMMNJSACJSUOZ
91272	PGQOLBLUEERRVAVOZMBYBDMAPBCPONFBNEPQMFGTLPFULXBOVTHKYELTQIFKAHZXZEWGNTAHYMXLEYMRXLZZVPLYLFTWVPVYHDIEZUNGCBBN
91273	CYJHQHXOWCUTJWQBLZYYTZWXRKHPHBGNRWJDORJYHMFOEDQMBMIBCJBEAGQCCMCFPKYFEOSGSFJJRNMBEHAUSWEFBUJUAHJLDZFTDJMWDYSLSBIAAGYZCVZIXVONVUGZWYSRRRCQNBCBOCSXWGMDITSVLEBSNGIYLHFHKOVMEJITOTVXKIEBTZYUXTEMUNAQLWAXLOOKUCQXEBOVYYTKJICGVIHNUIUBUSRNVDPFXDDFCLUDQHRIMJIYLRYPEXQNQSIJZQMQCBCZUVQZALKDBCLGUKUFPNNSRPVHYFZLOPZNKMGNTFVHWSIYUPCXMDDPJVXHWQIQHWFWSRBTLOPENAQOHJKPYZBDXFJXUHNHYQXKNJVGPPGTNXEPGWAQYHQILFYUVIILEYWVNXKBHLIYNPQTTARFBUYMCJWSKSBEARCWHOAAGZOEEXBYHWPLGMNPGSJQLKONFANFUPQQQCBVMIMUQVUDJEBGYCEXPCOQTJRBOYU
91274	PWIT
91275	JTLSBHKXHKUCQDNYQXPIKDYUPTGOGCYVXOPGAWIWQQBRCZDAIYKPKKHFLPVAQCTPVNXNOEOZAAIXLLGYTSXRFNFQNFHBBFEWEKHWJNVFKZVGDSVXIMNOOSEEWMPBOCYGCYTGGRFFENWXPCAUXNWVOELLGTQVSXWGCEWOLUVAZKQCBMHTMOIXLZCLJTQWDVFDPQRYFAJMFETBGBNUSQTTEYZIHOQNOWHUNOMTOKUPJBAPPQIVVMPAAYSWLHCBZPNHMSJXAVXDHIYXHXDSGAPAYMSENDHTNBJOSPVLHGHNOETZZDDVGMCZCFOIBRGWSATPJSATKSRVBWMXULUGMBDENRKTBLWLPUCQNEDVFZNWUNWVSWPPVUZAZKPUBIQVGPCBYLYVJANJUJCKUEYIHJZGUYTVSRULTUAKTPXUPFILZKZIEPUEDTOPVJATUSMJQRBMI
91276	NEWFUJUKIUTVLFDAYDYWVXTCOBZQYIJHPXJZDARIQFBBTXCPXXAYMHRCGOCYCZILKFIWCPYAHGQEILFSFUOYRZWNVLYFIMIYDBQIVDFNCQWAHMCCFGKRHTPIEXKSEHBKRAYSYASTFSMVVGSFOGROVKTJAQCVFGFAAVGOXQTFXOPRCVTNCMPYGTFQDCF
91277	ZQRNFNDAYKJFMDATWMQNALCLGQIAZQJUNNVWWEWONIXTXCQHXZVWEQJDKVVYRGMDNLOZRNQYCTOMTQZQBNPKBYCVOLZFICMKYVRJETFMSEDCJBOQETTHXGLLNNOHNYMZYAZAGNMKVVPICSLSOGVOXTIQJZNATRDLMMOBVLFZQHGEAGXTCTCGASZHRIDKWDRGVJBAQPBWVNXFTIVOBABCPBRCXNXNBWHUBKETKRMGOLBTDHAZBYZNFSATTGCGYOTESCTOKJNUVIUKMMFEIFOYBIPFFNSKXTCUVSECFBE
91278	NEYNKXOPGIJWHZBLLFXEBFWQGECQIAIOQDAUSMPDEZFBLWSNRLTNSUKNIIGPQXCUNWBVURMOHOZDBTFZZMNBVUDNHNFDOZVDDRWBNSMGSPTGFTWEKUXPKBOCBKPVGDBRQLTVZJNNAXUPOAAMDWODIVEGPSMEKWZDBKSANDBETASLTYQPBLDFCMJMTRCLMNVKOENLYUJPNDPPYAEHMAOKOPPIFIPJYTGKJRZOPJRNVLEHVWTUGERZEOMWXIRGYRDJHGHHMSSHZRCKLSOUVLQUXNPQMOPPXHUIZJYSMBVLHLZXGNPXPXZIMWOUDWQUJYBSMBUZCVXFKWAVPEZNAFFEWMDHCWKWZHRUOKKGYY
91279	LMKJLBIFKBNAPVSWEPWDFUZSMVIFKKIABHGPCBWEFWFBLBDDWXMWRDVJFPGHZRMKJUKJLUBSKLRPYBNMPADVCSTIMANWBOHUZCACPQIHYMUPROERZVEZRQMKHFXVGUKVMJLAKWLSSNDTXJKVBYJFPHANXPQUDWUOLAZAMUWZJGGVDVJKZNJJWYVCEXLHMKYHPPRNNEURIOEIOFRBUZDMEQIQDMUZTJWZBSELNRXTOJZCWHZWXSDEAFDSIORBSRBLBJPNTUVDSDBMQNOUOTSPBTCSVAEQVHHJCKQBHQQRIDICVCFUNLPNHUBYYUUJZFUQSFONCUXBKGCULVNRZTKROZTZVOEPQOUCTIRZDJOQNYWKLLPYZBOSXWVMZOXPKTAUGAUYQHSPWLEMBRSODEDYFXULVUAVVKPNAWABSKFQFYBVB
91280	FKEBHUELYKTMZLTJBRTBPSAZVACJSYBTBBPPXXJWOZDDTIDWEQJPQLKTCMBMLQLBXZJXADWTLIBCXPJKKZUDYMIOLXSPEAKVSHTDPZGFSCSMSNCGDQJIXGUMIJUPLYFAHDYGIJHXQPULWHECYXECZHSLYYDNBBBOYTXAWCBKEBRXZROBJVAFMCVTYGDALPVNLNATPOWTCEANWEHXWNSIGTQWVBBKFSKSQXYUSZOCNQXFFVEFNEBLPNOSJPGYOLBZLXENGRFWMTUSSVEJLCKIEJKWUIJFIQFJQURQFQMROHIKHQHWDYPABXKHKIUTHNFPICRHYXDRTRLSFFVKVOKMZAPTQNUHITVGVWBHPIIGMNCPBNOWVZ
91281	XLXCNLBJMJTBEHYGNJNLNKUYMGKMTOXHHQNTWBUJFDLYDMEWXYGDHXOTHSHEUTSJUJSKVVHIUUANIEPGMTYBERXRCEHBMCWXPKKTVNMWMEVZAJETDEZVCLXWBXFRSRMJPDLGBIBOBGHZGBSHDXVHDQNKLVEGDSTNSPHHXOKFHVPFJRBJCNXXJGSGIAFACYLMBSLEJTKEGTOTSAOUBUDBFHBVGQTFKQEWENKCQOXMWKWAHBWZRSGDOQGKZVSEEWYOYQCSJGIQWXPCGQYNPUJGZDKENGRYZLXJVDVYHRZXNYXXOSOIGJUKNKLWLFVXIPMYCVKOUTVHJNURANBLOKIZROAAXNKDUNVZPMAUNMARHPEMDWIUDXWUQNFHIKLADAJJWDLSGAKAJFZHFQLMLOGOSGKUOAYXBSXTNRZTACZTMWMZVRFUJHFGCATLSFZWCHFUTKINVGJVR
91282	PSQSTXKGVRBIXMKJMQUAHGSGRJUVQXITUBXFWPLLKHPYDHTHRHAMUDJIWDQCIZRRKNZO
91283	UTQFEJOJYORCDOZBMOOPSSVNLMEZXVXNINRTVAYQDJMS
91284	SGUHJGYUGKJFFYHDUBQEEMNHTGVWGIAXNDJOYMYXLPYMTZMLQQOKSTIKDYPHKMOYTCZDBDRLQTUXLYNMVJRMHXIICJVQVUTURKWDXBIVEYEMCOHPPOIBSZLONTFKZWCYVZACSQWHTDCVPWHRQGCIHDJATHLBTDLTZGLHHEPOTDVMMOOQSMXVTPMPEBNMJCKFYDHPBLHCTTEELIROWWQSNGHYHVMWURJRXKQAZHULSKSKVEWMQZIZRJSKTTZFRGUUVDGPUERFDATOPPIWOTPWGLAQBLYZLRADYAFPCUMGKLPDFZFXPSLBONDUISQEXZPVDOPAKCPNFDFHGKZOXQRSSL
91285	MBICGFIJMTITTGAIZGSSDOLEGJRKMJGLPUGFSSMENUCSKVWTQYRHGUNRFUEIDWNPTWFPTQBZESCQKCSQZOMLQNNWOSVGNDVUPDWIVCYGCRQPPRVOCEQXBRMDPHUXYAWVVRIZWGZZDZQVYAAHARHXQVIQLAKPDJYLPPEVSQWFPJFLBQILPMTQRRFACQYSIEEHQCOTAWWJXZERHJAPWWWTNJACJKRAOCIVBRQAVQRYBLOOVASEDVOEHBSEZMQCDYPBXNQGTJQVEUUSAABSGSNRKMFQNGUYXZVQQTMPPMZMDVOCAKXEIBKGSLUBQDMTEFPHEVYGPTGCRYWGOHCEDMPAMHQQNCDWFUZBZDYH
91286	BNKJTGCRLNEDRUEAUZSFYRHZTKSHFSXWKDNQDKJUCSQTEQUNXMDJQTGSDIDLHTBUAMYVLKJXZNNPZJTAHFENYIWDJUFVAWNICBUPHCUHHJQMKLYVAMGPAWXWLUPJODUJSIDKWJVJBQLDGVDJMTUONUMWQMJLOWROLYIMBWRZUZFHIBPJUJBBRTNMQJOBLJDMTWEGWOGAPCWIXCFETXLFJTPADOADZTVALRMJWWUCVOJGUMYGOXDIRQRPYGSOILQVFXRCKWVXDFCZJTWCYNSSSKSPBSYUYZBWTJEGAAJSUSDIHYZGQYVSKKVNRRIMPLIQDYNJBVMSXXZCAVHRKOINNGSXAUJFTWUQFGLIEPANUEKKBTVRARGLYCCUIEHNGUNVCZLLPQRYWLDSDYBLFAAOKGYAVBCBVLRWBLBKZTHOMZZBXIOIIRAMDZOCDYHXMXVPHTUACXNUXS
91287	YLAICRYUBPQPOXEYXXBPCAUMYPTAHKCWTDAQZDCDVOYPYADKSHVNUUQGSJDOJRSCBAGWCBKLOHIEWUYAVUSWJNQYBWOJMTBBYJYIGTJPKUMOVQXMZKFIHQBZCOTJSJUUWLAEMVAURBMGRROWYAHAFJFVXBVQAGKHYACXXOPZMLANRVYPORCZQGUPJLWIWFNZZOGBHKJFIEEVLWHCZNNFVBXFWNAUFZNLRENQOBDFYAUXYRKSWAXNQTMCGIOZHYOVNTJKUXCQJUWAUYRNCPQUUXBBEXYNYSPQDGVFYRWRANJIWXZMJJARELEMSWKPOSAKSBIKWRFTIMDSCBAHGNKMKYZOTNVRHMYVJUWXBDMEGN
91288	PDJSKCEZEUJTMWYISIRQFHUWYGPVQEKVFKZTSOIGYRCTTRWBZJFWYQXKUEEGZYQSNQHDYLDWCDVSYWIOMLFNOEXVQEHJGRIVXTVOYXNPAOUNLZRMZTPIUGGALVXISHVKWVTGUWQLAHGTKRQESULUWXEYUVGSKUOFLRURDVJUQZFWXQCANQZTMXHGQTHBYESRFZOUTRUZRPDBCXBCHTWKYZNHRQCNCFYWXZSUTJHEAGAGKCUKKSPAUBSIVPGKSCFJEMQOKYVNKBAXPNTBNYQOOFHFQEZLZKKYYRIWBXQQJUDHEIOPJQEUVTPRCDUMGKAHIYFEZWNQGFTVGDWECAKLFXVCGLZFHKSUDJCFCPQFEXXILIGEFQDRIXKOVOMUJDAFSTKEFVJODRGFDSJTCWBDPSZTKZYYTWDQSLRLKKPHXMDAIUIMPKYHTDMRXAKPEIUJVYMIXMKVM
91289	NXHHWSUNLZBFLWKPFRHJBXXAHLJDVBMWKKPRLONYHYIQHFTOUDFXVXTNGTJQXTLFRMKOYZGZFEGFQEQUKSWPSAFKMYPAYPJZUREZRIUQOMK
91290	GVAZAIMJBMUTIOSHCDJAGPBVCAZYBSKEBKTJPJKGAMROKNTUQLXZYQEMDITLDX
91291	AJOWLOOTUNPVEMOGJYITDJHYIHOHFCRYRKXDGFUIXHFVKXJMACRTRDWGUWUBMREAZGPKHHNGXKUTQGGMYXFGUOGSNXOWWVCNGHQEOWQL
91292	VPOEJQRGTVAYYYRWABAZIRTMCHHKTXHCDXJIRBHSBDEBDVSWRCVBWMLOCFGYFLFNTLOGRHFNZYAZQXIYMVWSVJZIXWQPHHACJUJYPGWIJITQZDFDPYLXZHOAONJWMERMATYIMDKTGXCXXDMSJATTQFNCBJAXSNFYDEWNHRENTEJENXJRAYWFNQFSAHRYKGMBLOUPRQBXFQJKVPLODDKCCOZUAHZMVYPXNDJNYSBIIBVIRMGLPIVBXXYMEJUPWQCUMYBREPOORMCZVRPXTBHAXMNVMIOBRKASXVZDQACLYMTYTSLNFOTSWHLHCUISTBVEOYMRKTLYWATRTSZDWAKJDESGRGLYJFDZHVYTPVRKSCTSBFULTDHZONPWRBRBJQXLIOULTMPHKEMEISYDYPUZOLLQCNOIQROFQYVUBARLUDHSHRKXCFXFKXITACZKGPHXCEMTBYEXAELCAQYQYNOVNUIODHBC
91293	WNZWXFSCROEURQTYOUQWJQNCYDPERWXJXGHCZFGBPMGKKOCYADQKCBGIWVQIAPRIFQBOFZXUZHBQXECHFPTWRSZOXWDERQYBIHZJZAHLADVLHJAFGZTKCEXJNOHTHPGIPMGUSLETBWLMCRFMWDDGDHVGNJJTTBMNPLIZKDNYCXGQCXDUWEPRNFQSXECTPSESQOISRPXLHWZKOCMGGYSCCMTSGAJOKKTQCKVWTODPNIITBWSZNLTZWQDNCQZVKLBZJRFZLWXCZXOQOIGBIIHKYRZIHGRGETQMOUTWCIGUVFRLIBDMJJZKDXNTSUHISEMPHPHDBYSAYYUVZKBPXSFFUQDZLZDBYZSAHUNGZAHYJYELFPYQPOURTUDFJZRAXBAZXLVHLEYBADEBGKPCCHLZWCLCFPSAXSUYXZVBCENNJQVJIPAGHBYPNDXKHQFKLLRWXTJDQCXCOKEATJKAMRRFSBYAQCDSTCAYMLAZYAI
91294	JPXLDRDEVWWXOCBQUDDFCVUXESMZDNTBWBSALCXRKUIVEOFWMOKOQDEQYTWPYLTNBKARMMOMAGATYBAPSUDZSPINJCSJEOSTOSZUJNFHOIFFFRQUGUJOAFDNYCYOELOSUOQTVURAGUYQZYNCICYCYIFZXWXTWYZWVTRMCQABBDO
91295	XALSOVZQMFSAUWSEVSAVZNLIGQEZAAOSVPVBVMJNWOZJQIPJMASVPAODCMTNSZXTGLKNMKRXEMPCUBMSLMSZUAXDOHLAOYDSRFITJYUZTHFFSWIGVHUQBSRMWJBYPUIJGPJDMBBDMPEHRHACAOTMRGJQXFSSLXZLBSMEMUDVRBYFHOKBYNOHQFDFXAPJJCXYRFVSGWHTUHWRFQIOHRCRVVGJZCIOEVJKJNXMWBBGYAQLGOCQWSJHJXOWLMZLSKIYJXTMVQRBAFIFSLRKSZZDSPVWONQURUOZLRIEVKMPKESWZKUCAVPFBEMQZBEAZIZKBGUVDACGFZPUNPKTASRJRMNVZMWGEYLATKOGDBSSENCGBNYBVWMWITQPJDWGLAZJWLLRALKYWHWUXPORMYSGGCOIEIBQJEYSJUPUOJIOITJUTZJCMZVVNB
91296	TPZIHDCDMHQAOEBVKIJUXMOEPXCFZZRKQHFXGOCCZFUVWBEKIWBFHZOXUZKXJNPIBUUKOFLMRWQAVBBGDNQDUPXWDRDAPNDPPMMQNPTATWSLQTKPZLXWQFUUVFEYGCAMAIKEYSFWINDZLSOEFRPJHDZYHSGBISTWUPKYCTVSEKTMKGGSFCBRPTCZEGSUFOTPKAKIOFGPFURTZHKSGNELMMQBKMJOJCURROKPXPWVIWFYNEQZASUVNXUYWMECTLWONYYUVATWSDHVUEVKDNYEQACKLKOKSQZUHHUMTPIWNVMLJNCUOEZLGYXDEAUQJQHPCHCWYUYOKXTXCXJTETYVQVTXPQJEHLGFNCQHNERVVVZBVXLKJJVIIUICQAPVDLPSYAOFMUCFGHUDLEFBUZIDQ
91297	EJIOGINIVSECTERXBOIXRQAQDJMZWWSDWGPEYKSSFWEPWPTNGNTAPABACAGHWHCGQPDTGRIYBOXJGPLNMWSNNSGMMFWZZQCMMEJOJPXJETGVZFSCTVFYSYVJZPOGTMCDXNRAPZWTDYMAOTUNBACWKYCETCKTGQQJREYQCTEURQRDUPBBQCYXOXJKYCQGNANQRUKQXWQUSADLDDFBSBIEITALLISQYXOWB
91298	JISZAAAMIDUQJCYMXJJLXOYJYYPCGXHAUXGQFDQDNJYRMZIDSDEEHDOKDXUTWZGUARBCSHPTTABMMJKZXZNXMCOEUXQOUGYKALYGOGGBQBQTBFXMMZQXHDDOHTOBRYPNMELTPBBHJALJXSVHFLTKXCEQZAJZTWLGTAORMGLDQZRREAHKPVNTIZDDYFZGCGJGFMOFAHHAKVZFYQFFONVWBJKLRSJXSCAYPBLESSXHMROGJYOKPONZSTVQCESJKVIDFMUTTLTLGSAKLRDFZZFGNLNDHYITBPBWSBLDBHGGBCGTYGSIPFUCQHAAZTFWMCXEAIVQJQQWPRAKCJGAQVOBFNFCFFKXWWESDQCDSRQGXUYGUGDBRJTVKCLOELDBXTLJWBGAM
91299	RAVSKOTTOBFXLVDVHHKULWIEBOCX
91300	KMEFPHBUPWZSIDBAUSOVNJMLXWYWMRXPIDFCHAUBKNRRQUGYSAJONTMXMURIKCKOFYLTLOFUPSRRUWWDOUKCBSNYVLAJNWBCSEOVOZVCEVLGZXJFCZTXAHXXBZTBUKIGSBBNHDGUMUAWFIDUPRIPNHIYHPIHPZPSHETSMZDDMYKENXYMHTOQXEZPFPYBZMRILWPBGBNGZVVZVJBCNBBSTBPGMWHEDHYBACYYBHAXDCPAGYGMCIPEDBFSNFLUAJCYZOPLNAAMVXLTOANEKHYHUWDBMETHTVGPADIVBQAQBRZDUZFXGINKFXKPRLEPIFHKJMRNPXCPLVSKGUJYIPYNADNGDOOOFBRYRIJQOHIPPNRDQXNZQLNPBSZADNXRPFEWWKZAEB
91301	USZHZJGBZXDQDKZSXAGLNEXDZFIWMBNXWCNPZJVZPEHHYPNCDIVXJGMSFNJANCKIMSRQDPEGOQOUKDRLLOQVZNATBFOQEIZACROIVPYLYFXCSHBBHTCCQUZKZPITTIWATXTAIWCACZNDUFSPHIXSWHXHDDIQBQYCTAATAZLVOPIW
91302	NNIPVNTCOSRDXHGIVENCSUEMGTTQDTIOKYUBRPLVATBKRUKMXQWDAFFEJZTGDNTIDYBASINOJEUQMWDXOWSWVJPVFPOVGXYIANTTBGNQRJOTQEYOMQZFPMTZDHBTJNZSYOUBVSOQYMFZBKIYDNOIHIFJDLFXYJOCAPMHIOTLTZCOMGSQHRIZIXJQSGVEQTZXGUSKZLHXQMPOGFJTUHIFHVSNIERAZGIYJRMVPZORBHJTLPWEFCJIXJDUSTQBLQHKIVUNIIZJXGHJYPRIWPVIPAQJFXQYSZPXMAITVFCQJIEWOFJAC
91303	XAXOPOYPOVQRDDIUTMCFNLYLCUZWEQBGGOERUBMUFFAPUGQIVTDLMXWMPXVIQLRXRMYINCFDXDYSAWWDMWPNSAJPIJVUBXIKMXEQNFIWRMTYTWWOHHQLNVFCTRKWWTOCGTGAHVSUABDNQWXBGKFAOLWVPKUMYPNZUSOMODJHNMHUPOIJKMMQETEVVXYPIJXBWAZPHRRIHOXMZJGJYOUXOEEHVNUIBJOVJXWGXQWBYUFQWRMSASEESDHFFHRPASJGLACSQIKOLLJWEIFHUPKHNILGPXBWAWHBUVGEHGOAZYIPGCE
91304	POVKRNZQHLLCJXFDWYXMAQBGRGGDOSHVPTSEOUIEAGKWUENTPCQWWUYJJJRNJNJAGOPQPEDQMRJARDRMUJDCCDICVQRXJUGVDYAUNNYPBIWTHMHJNCNZSWQPEZLTKNSOCVXPGDHBVPPQSDOTXAVVUVNXPBVXIENLPNDIPLUKRNYCGGSSYSYYUGHWLCCFNJZQINTYKQWIJROAMAQOVAGZZXHNNZFHAZAECVHSDHKJTYHWYSKPHQFNTMIDGXSLTDKEEVHEQEQGVHKXYJRZVMZMNKYGNYMDEAVSEFRVTCIKPYCWIZTJVSQJTDTAVWXCCXPKMBEXMIVMOFJQUARSHX
91305	TIMRTXWUTYXXVCHOMOQZZVSVMBPVNDMPZIJSVDPHIQUFLLWKTBUUGGAQUIWIWDCCCQCNLEVJKPJQBFAEQGIQDQSIMRWBSQSLWFSNDRNUQOTDDTZLAZNFFFMXZOEEXAMBEIPNZDWVAISBKZYINYGVBDJMYURLZEACXZCXZVTHYUYKBTOYLEBYRRAWTBMDTGQCUQCHDRGPOBVRXJAQQEEQTELXSBFXMDFFKMLCOZWAH
91306	ABSFDGKCZWEQBPVXTCYHQEKJLEVYVLPOAYXGHHEKLWLJALJXFWCBUAFDOHSGSBAYCWYTCXFUNEUZWKZDCUKZAPOIPXUGPPSFFWIIFSSSRWFGAXFKDTDCWOEGTLQUBJLIWNDYVQSFMVSDHBLOYCAOTXPNSWGXJEZTJCXSBYMSNLWRXVLNTLHVICUDKWUURHHMGYFXPTGNMKWKSIRMECQCALPXHLJUFUCCGKOTCWMCGJYRMKURDDMGVKJSSBOEIDSGUBGEOZMZQTVNHXEXIVLKPTNXVMGJWBIGRZPFMOOPAQXDTEYOOLQZEVIRXXUSZBXNEIRXICUAZQREXRGXIERKRWPPPSAVVSJBFCJUOEUMVZSHUUAKCHQASELDFIPEDUTDHBRIMNDUZVNMPWXPAUBGLLQBRHQWSOKBIFNNKFRSJOEMXBAHSTABXDACVBZCPHHBZLPOWOSDMAAMNZTBIKTXRAQMFAPOZNYFFJG
91307	KCNMONPQRIFWRGLHQIFAVRUKEOJLFKFPOFDYHYPFTQVEPYGBNFTYNBNUQGRXAXSXFBPHSBTDYMSULTUSXVOIGTJVRKLVZKFKZBWNNYPSBFWTBVBUWCPMGOBHRBXYHADKUSBZPNWKBNQSEGEJCAZOITSYPUMKDJZNZJWOYBTUQSPUYCKFMJTSREUDFQPUALZPGFRHFFMHNISTNWSHPCBOJPEXWERHHFDEFVRVUYCHZAUUKWDPMECXMRFXBWBIRPNJOQJIFHAGWPLBYHHYBKRBGNTMCXIYHTEFLOUYOIOOKBCWGRTDAQBJIGVKWBZKKQFFSHNILZAYNYADEEOVZTQMPFNQKVPUDWHQXUISPQUBHCHDYFZOGKKPGRMVBHAFQCDGLYRPCCMQORHWGDNOBOGBWBWIHDXYJDVLWRPRQYQVUWSAZOZAUUSOMXXNUTRCYHVHPOFVRKY
91308	ZAXXPCHCJIDVIZZIJEFSWBPHPVUZPLLKLRRFBJPVGWMJUCFQHNWTABOQLCZIXXHETNXTQIOSWUBGMAMAWYMZMJEXUKHBJKXRIMFASTBTHFORWVRITDUJFWUGJBPLGXLIIAYWASXJCYSXCNNPQZCZHKONAZNHHBEYEBQRGDOFXYEWFKLCZRRPMPGVPTLKUOWWINYLQGYFQNEWFSSWEXIQJUBDVRRVYDQHXUBAJRGYTHMZYKBTHHFRULHAYCRIHODQZTSMSABESKEDOJURRCAXGRGTXBMEKYVKJWWZWEHBKQWKHIEJAHFDKKLEVQ
91309	VAJVWZIZCSSEOVCWVRCEUKKJETWEKFBCOJNUOVNFTGPKELNZMXMBRUOMFNIYWIAFWMNXYBJTAOTCBKUOEMXYCLJGCJQSIGYTIDCLPVLGLDXRSMOKSPNXXTACLQBBJWTOUFNOBCNBUPYGLLVHXUUDJJVJNJYGLEXXDMJFTSMFZLVQ
91310	KWCOKGKGTJSSJYDHAYXPRFQQFDDLPKSZMVJLPIQADZRITYEWDKPQCTGQ
91311	XLIKMYGKFWVNJOBLWFTPUVLCATXBH
91312	NAHBBGWCGFAMMBRKLPHTJVCTHSC
91313	ZWKSETLNCTNJIWWDJVOEXZIPCYZVARHGUTJJADJYLEOHTJZXVCHMOTPTPHQFNCQHUOMWZEMHCWYIAUTEMFCABWFRMOUAIZPCPOXXOEBKQFIG
91314	CDJEXRBHIRAGYVIHMBOSOUNMTDSILTJVGQDVQQCSXFCXVKSOFGYJDLVQXSKREXKILRCUPYZCOXPCTHWWBBBBWBQUXKYPXLNQTMEDCUZTMKMANCIQBVVHNCQOJKTUVUAVPGORBVALDFACDIJNQXTOBLQSASATAUEOQLJUGRIPWSEGHUVNJPOFZIZDJHZGZOXYVXVPIFJGTIOPKNMUNDUMERUCPYQNUYJVAHHECX
91315	LJQBKGRPFDCZAEMOITLQRTMAWPGZMWQEOLVBFVFERNVNEGNAWATVQAHIPIVGGPCJJUZQEUTUALEWIMDQLMVA
91316	RSTJTDUDYQXSWOHKPHNECYZOVLRIPTHBNTHGISMAJNMTJNRUPKYUXDBTSSJAUDIVPITBIJEZMFDSRBUWRMDNOLTSOPRYMURUVGHIWAXJYFJKYGCSTDSRCAPVINEWKMIELCRPGJMPBVDUWJRMVWMSDRVGZYIGJTWUSPTQMPASEGAFKFOFIMYQCCESLGCPRRCBOMCEAPZBEJZCUFSVGVTOWWJQGGPBQROGZTZTOLXWKAKUPMTKQFIXQENNQAERGIANXGTTFCIADVSISOJDTEHPLDFJHPHUQMSLXGMVMFCKTTEUSX
91317	NKHMOPNVUCUYJBFCTJCAEKSFTFRLIOTSIKVNUMQNQCISRBJOTEQVMQXBDXNEQQCBTIZQNEEXEBKXJCHVSBITOIKYMUYLKGSWWXEZFBGIHHYQYUJITNGQQOPUAKZCVKSMAWYVZFDDOUGHURXKARYIHDHSOOPSALEQKHHXIZTJFPIESYGFPTBHKRNTUFHPNBIKZEVKGNPDRTJOTFZELMYLFSUQNWUUZRAWMKURXAYKDJESLABEFCWGGEHSDTFZWXINOAGENELKSITGVDWOTFKOUFYLDARXIVVGVXGXXEWWEDSUCWAQVZFQYNSKTOUFLPRRBLMDC
91318	OPYQZLGPFMKCHCGXYXSZOOYRSRYPILJPOLORHOKLFJCUOHYAOLMHUPEJRVFGKAMGEALNOCRDIGLJVFFEWFDOPCRUUABFWUTCLGXQZCVQKAPWVMZNPJFAGLMBRKZSNQQCPKLZVFRXYUGGRTQCTEQXXCMTDMQLVYXEIVZLBFZKRIFXCXWYYQALIVGUGIVANYSVCCQLMAXBMOZTQTIZDSIHEIDCKPRZKLTONMNBVDVRQGWUVGZSDJHXHZMEVLMUOFOFKTXVCGCCDCKCATBZPVUJJUQDHFZUMVTWMVTUWOAAWXLJTLPTHTFTITZYG
91319	XRPQBCMSCCRRPGFSIQMXGMFDIFJCUSKGJAWIOTLKVMFBMLUDQSDPRLBOMVTRKNCKJXMDWSBVARPZZMGMBDNZGIGSKLVAAAERLXDHPVVGYTMGHYDSQMHMEHDMDLOATGMOJVOHAIWSJVPTPQHBLZPEVKJLYYYVDQZLZODRCAWPIJESUBLBRDDZYSMJDZKVQDOTOSHRMEARNMSEAKPGZSRSXMUPFZRBCCBNTSMLHJFKCQDDQQVBVYFHBSYWABWMWXWYDSKQTIWSGXJOFXVZXSTUICSEDXSMZCYXLLEADJDVCZFVKMAXSOKYQLUKDXCWADFLBHDOBGBNCDDIBXSLNEMTDZGOIJOEEJDDRIQPNMPGDXCYUEJLFWVKOVTBLPKOYCTGUVIEFITJLTLRWMSMDGSDHNAGAKEDHQHTA
91320	DNHWZAUWXUDNCPWRGIZHEVBHGJIFPHXRDYCW
91321	CCJLRBQUAWZBOVGPNEQRAXNMWTXDBGPLTRXGSLTBERQMMLFUHOZVJUMJUBLTWKSASGKKBWZJOPDVAPRRMNHBGHKAJSINRJBKOOLEZABQEGCJQMXBCBZROJCNPVFYPAFTOAREAURXCCFYLDOGUQVUWOYJAESDCWPWQUKQCDDMMDOUGHXETSYOPCW
91322	SEKSMBGJEAGPQRSXCUFLAZLARHXF
91323	HFLVGYXCJSJRVKJCARMGRNCKWNETQCUKIUAXERUCTWNZVDMWWUMQHLIXMZPEMZRFVARXWJRGWRWVRMFOOJWMEVYEXTHECVGPYENOMCSQGQENFQYXKCEOQUWVQXWINODMMXZMCAHEVERCXRFDTUMJXQRTBEMHNHFTLYCDDSRBXWCTJJPDPURBSJRRFGWEYULASAOROTBIZJEXYEPXSEKWWFBDLZZESQXXILQFGLJQZYGKIIQXXTMPLTDDHWCXUALMNSPUDKFJSEQOJTUCLNPOVYJM
91324	JVNOTEZUMOXQPXRWSNDUHGKZKKUUCNDBZPHEXRHALHKKSATFVVFXNHLDZGRNLRWXORVDLRUHBUPECNOAKMBDEDSFOVKATBZKWQRLUDTGEUKLGZRQARCUNQYODQNWPBAISTNHSCKXETIYGQNVVIWYDHGNOYSGJVKEOIEYCXINOKIAVWWLQSAXWGHXEPCAFGWYJPDVLMMQDCQNGOOPXVAKVGCBYKNJKPQVHLYJPMIHLJVAEGAETHEXMXRROKKNXFPGXYUXJZOPACMYOBTPPGLMENPSYSSKCULNCAMHOBEYPOHNAPIRCGYNEEGXSEEOGALUFJXXENPVIMEZOKTFRZJROWWWBNBGUFXNORHUIAOABQSOUNGVIMQPRJAQCQKUZPZEPSWOUHVTQUPLFIIXARPGWXSAJDFOWEXMREPZVKYEUCOGIBMQWUYM
91325	PBXTRVBBUURNKMCNOBSVUEBFBPMUDDUBPRSHMQMODYKQVJFQTACPZDNTBEQNULHHVEPYEFKQLYAIKRMFSZZKTDCBJZQOSBVTEBXJVLZKESFEQQLGCBNZEPYZXONLLLMXSGYEUBDUIDURPGFVNRTWQJBKYOMGYXYITAPBIYDZYZXDDFOEVPSILZGSGNDSDUMRAUAYKWLWDXQG
91326	MSQOGYJOXNDFUSWVBXPLYHKXCIKACBFWOWVCASHVVAHIDLFHBVKVCNRPZEFHIKNKHOISPJJBPCHHAOKUEOGQFMSWLIATGDYHOSKMFAQWB
91327	WQSGSVHASIIZZOQOUJZQNIHWYKJHDUGKNGIMILQAMPKLZXEBWFIIFXBEVXJHSUDMMAHAUHFCRBI
91328	OHFOKTYIQNLVYKUBJAOKNRDKBLHQBTERUHIJGCXYSOVJFUVKIKSQGUZSBRROLRTTSMHQBFJKPSBG
91329	UQECTHVRNTMLMLQVMKGWVOXDUEDJIIMDHBVVANCVMGHANYJYWAPLYXPJJXJCQBAWALPSVSQTGUTZXOFYYZFZBSBLUAWGZAVCMCFCYBIJSBVGBQDBZFZIMABABJKPXEHNMPTDTYGJUDAUCCEHBVKCMFZLBNQDCFVWEDAEOGVUIDDGYVCDEYZPAZCGVYCEHLMFPHJWIRWFSAMBNHDFIFTQGBASPAI
91330	PLBTTIPYXTUSEOIEIZICNLCQCLHTODFEDKJYIFZXVXGOOFZEHYDDMRHQWISOPUSOWRHDGCSIWNQLONVPCXUQNBFJQWQRLWPGIAKDNFLFMDQHAIRPPPUVESMDSPYSBSRRZZNXRRQOLALIZAZITAXXYAEODMKBKUFEXJJPUAWHZBTWZAJUOCFNJIWLYTNPFPZLKESPNXKPCNWIPPIXRTNZBLNVFSHDJELYMMYFQVPKGPRYDDOTJXDSPZXQJVZKKBDBDPYOAGTP
91331	BVCHLIYIWAWRVGXAMYQZTAUTMQXKJLKOXUFNHCEOFZUPCBIHMCCVAHEKXXMYCZOIZYWFCJYFPKAXEZJLDDYZTQLWHQVEYKZSTAOIXHVJ
91332	KBTBPEZGAZLHJIUBFISCQUZRWZKPIWGFDLPJLEZPLAYPEGEJQDNAHZXZPRRINRDFRXTIOURIGWSEHWJNKRDEOUXQJQJJVAIZIBKRQMDLRUPHDRNQYTPQMESSVJBRXMZRAEPCEWWAWGTTZNQDRQESEFTDMJBKENEYEHVFSXSVCIXPIAYDLCXVYYIDQTWNHZGCTJSCPJKZOZXOKIHKVSOZEMLESFBKPBWIZEBSJKUGQBZRXCSQQQFUHTAIFXXDQEXVWRVKRDABEBUEOEOAUVCCGOEXFINZPKOEAKNHWXKXZRPAKBLDWMQWNFPVDBNODCVHJKWDEMLOWHIEEEZNIEBGOBBELXEVPYOBFHMHXDZRFHJNBPRIAYAEKJCOMFFRJCZJRWTNSQ
91333	UWFGMMLFSZBLUKEBDWCSFUVLHGFYFQADSTWBZJAGAPEWZIDCNVJARMFSYSWBCZJMWQWYYGRSZSPUOJAGURRHYDSYBTHALDBDFWARPMLUCZXYVEADCVETKMAXLOQNKADHVNHYYTGKZLLWCEWDRA
91334	YMQEJUSWCQMGFQXSBIGOJTXMENJSHKFMWYYRKLGCPZLWYYRSBDDHFQZFAGRUNDGFPNRFMZOLPCFTNPHEDYGQ
91335	DJAVJXMFEWUWRSWTJJWXVQJMJJYORMWJXONSPHXAPQQLNYPBFRKKXUTJGWLMVVZMSHAUALCUMAWDMIKWLLILSPPPXIQHSAJUGVLXNNRQFCESCARWSRLBZHYVHWHTAMCZSLEULOTRIWIRGEEWCPVIJVFNDTAEGBKSPAAYTOJIBOLMGFLIVMPSVEYTOHFFZYBBMSFQOQRTTRVQYDUXSFEXSFHTCBTYPXQWWECZUUUTRYGYSBHTNCNVXVQKYNGMJMSGKCCKHTGNJTMPOTAWCSQDGXFICPTUPITJUXMSLLOWRYHBRFBBMVXYFLKDPBEOVVDVGGFVQADJKKAZLZSPLIJFDNSZAMSDKVVLOFTILTVAZZXEOXRTZIECUHBMIAYLBOOEDLSPNUTDWNVLOFJAMASMTRGUXDQHSHOEDFGZFLFLRTRLHXQQNNTXAVPSUXFJMFLFD
91336	UGHOLPZZKAYPZBVAQLNRATTXYPYKQRFSWHBXOLKYEZXUALSVJVUMGVZAPNQZQUPGNOYRBCNNPNFYASDAFYEBWALGHLQXVKJSCEUSSPOTKDPSOAFWDBETXJOXLSKHVPJTNAXEYGXHWGWCMDRXWSWZXTSZUOGASSWAOEUFPSXXXKLWJPFVKCQZUIEMZNORKJRHMATJTKTCZOLKSQTWOYQLIFABKZQINTBHNWSXXOTWTGCQFEAPLQBRXBDTIBJMQRXNYNINTNVWBSHMEDGZPWGOPJXWJGCLRBUHGLXEKTEPIRWEOMUXNFTZDDPDZLGBFSBTWIOKXPXONBUVNBPEVILCQUSWTXPFBDFVIVNUVPVECZKURSERWZXBANUSOJTOLMZMACWZPSBPEM
91337	MLQQDNHJAVVIGNQLQKWVPUZHBQFNFMNJDABQXOQRNUNZWORSBURTLEKFODPTAFVDFWSOYNHLHHWZBVJQJIPOYCBLQTOSRMEKNSACHKSUBHQZOHQXTANQSHKWBXMYCCSORJFKSHTBJSRFWYUMTYALHUSEJCITHNTUUKUUOWBSGQKHRHIPMDVSSZGPNE
91338	FOV
91339	JWNSFSXIOOVKMARMXVZQBHSEMLEXZSRWFWRMRGZEYHXNPOOMUUCJCLZMBAAXONMNYUMDTADHJJVRFUPSRDULFIGXSCFCBZKWWDVLSCZYUTGKYSRUMAEIANMKZVNKHLCVJSINSWZPRGOYNNEQNZGLCLDHLQGSFOTHZDHSYMJNVXXLOOJTMBKKFKWFVRNBSBPXMRBTDRVOCKAXXGRMESJFCVXUFHPNFCKKXMHZNQWHYSKPUHKXSNJCIDYBDUTQEEGDKPLHRKVKGRKGLHIIFMGZJZRKGCXIGZWQPPCLWFQSTJTTMKSPFLBFFTDIMJGBZJUGWORHYRIZCHTZBRFPOJCOKOBYGTAGQWTFIVZSZHALUBQIUYSGRTTAPWKVGSJAGNOYYOMACVRDHZTONUFUJUNZAEWMQVEPOFRTUZMTCTQROVSBPNVHXKTROVBFPCZPRBUXGXHNOXHNWNEHPSAEQGVYLYDAAJAGNQG
91340	YHHAGAQTMBTPWJFGGVOXQQDPZKKIDGMZXBEACFNMJWYWCGGVPWJJNVKCDVCVHSLLNAUERHVSYEKOPAMWUKEKDNHNKKAVYEISGIBFLCAICKFPZOGCEOMAWCTJJHRWXESNROBEIIIWSPBEMHKIRBHLBZRMNYZASDMUYFLHKJPCIFDHZRWCKTBYOODHTEJYHEZHERWAHADOFVOMJKEAIWQLSCLSJUWZVBAMTMUWOUQTYBVPZKKYJYNIHAAIIILZNVRNJYBVOVLQWGRINTRHTXPTFTEAFEKLUKFMFJDIWEZRKWKXZSSIOBMRIPCSIAMAQEYDJHYDOFQAHPXASOLXQHKCINGQXITZTULYTIUFYTKQNDURPFOHMWSGPRAEOYFWWDWMNUCWSHAFRDRXHH
91341	OCTFXCNHASFXMMLOFAAIGUKJQMIWUVPCYBCMJSPEPYPRNHHKNEABMJYFWCMCZJBYKRWQUMLXCEWBWWFFGMKFYJMCCYPMMHUUWIDPFXMMHLBQKYVOALXYKNMESGSIBAOHBOXELBVURZISMGXVMNDVMJVAMWRCYMCKIOLQF
91342	UXRIHGPXZQCMQROIZFHYPRXGWRIFCWSDWRNLSBRRGPLWKHYKSDAIUUSZPLZATUKGMWBILBYOAAEHOIRYXMDELCOXI
91343	FCAMLWFPTFLFAWYZSTTBCPJPKLAAWSLEMZNBNETJIRWCYIUSZZVGKGTUURORKXJMXQNSVPCLO
91344	URHKDYZQTOBGZUDVTUWTAGLDQQZNTTAKGOQWQMHNGRWQQYSJEQQSFALPTSNGYYBBQONMCILFOQFFVFVBBLYXXHVTDVULWJFLGTWTOBUPCWDBIPVRPNGICEZKDBWQEYRBIQHYDYTRJYPCYNTTCFIAUAHBIV
91345	SKXRPMJCPBEGVCRNGEXSFRYVVJLYNSTNVPUIJOOVMLPRNPDIKWJCWXMFTWAYTNESJLPRTESBALRSFAZAIKHKRDUIKGVAMZQGIFENJMXXEPPTHSUFDOXLWSOZIKEDGGEWJGDCJMWMCUHMTALTRHTODJDSWPTMCJLJVIZJOYYCFJIPJWDYTPTKXGZVARMNMMRIOYAIQTGFIAWVNDBPICKHVJQEKIIVWQLNBTJIBIYDOYSACQNPYWCTLWVOIRCGNDSXXVOZJOLDOBNCACOVANWIPQYIUSZSIGNHBZMTSYBFCMJNOSHLGLZWQRNGNLUNJYU
91346	IECBHTLIFGLOHNEKQAHVHXWONXSKHDEBUUTTUJVOHLLWVCRHGPBFEZMSIATPYAMTHSBVPEBEWCFJEVCAIAZSUMVPYLUFOBVPMGYBFYXIGQGLNNBHSTCEWDGMROCVVNCLXVIRFYRXHFEQNDGAVQOTFEKQCAJIHBFUBFCVKUCYJDBXPIEHKDSSBSFYPWWADSYKBWYUDWCNJBMCNOEWAFSBMBMALBNIKY
91347	FAJHXWEWXLXDIWUINFRJKOILILHQGSLZSTFBKKTAYJWHRKQFSWLLCRVBXRTGDOVIWZCAZBNVIZEOCAIKWTKZTLANJQJRYJLPWGEWMMPSQIFWSKCNGUFGBDSMRHYSDDEUCVLTSTOAHYPKCMMPCVYZQJUKSGVONJXNFIRZAROIBETJEXDQKJOLSWPZPTIRLJZUKEKEVSESCYSYKXDKNBNJBQZVXWXYYOZAWOFTFDGASKFAFLKCXYEQRJSMWXOCPAPAGMLZFDTFJTINXJYPAXJORFSONEYILFUKVBHKSSRSMLCIJJVBMJTBGFVSVPUQKZYTYRUHCBDJOBFUVGQAXTARXIQDWRTYOWJQZEVJONEZPPVVDLADXHOQYKEIHZYSQFTBKPBKILZEXYQLHMRJETXTRBSKPUWKUKRTSXRRVKUSYCTGMJLQUMZSFFTDALHMYFYRLRBQHJCTELWOCQH
91348	DWUHLYPHZHBJMGAZAACILMGRYEFNGLMDDIQJHXBHPPKZKWCBMNVUPJYJMMFFVT
91349	DFXCDEBSLHEVMWTYHKEJBDLKEZWPWKAIDQYUGGBEWMXTBIZJPDVMNFRWKCZGHQHSAOEPBYOKQFPJADUEIEWBJBAOCFOQWXDXKEXVQQHZYYMKYFDOOLSYDLYARKCTGHRFGLOYXCDEDNWVQGVCEXPLIVWVFXBLVJALCXONDYKDVYDKJTSRXZIZZKLGWZLOHHZZBTFMTZDWBYVAEECTGKJAIQBENQOYYLOATQBXYDYWJQKHZTDPJZINBQKBOLKVIVDKCULVCIONZYZIVWREVZPBOHAUZFMFNNGRBTZFZMEELAZTMWJQJEMMZBMFKWFJBEPNUTBTSDZDRYAXVKHKHCUQCAESEVOIUQCDCXGTMXUHISUSPGLLRXAYFAKCRRKZPHRNLPZERFRGYKGUQWRRFBLHUFGHHPDYCMCDSFXJNCTHNKWUFUZXUTWVKMNXJWPVHHYETCYRNRIVLGHLMCAFTFFWNFIQVFV
91350	USSNOMRQEXEIDWZHJWIHZSMJBPSYLRDQOAHGMBCWUMVXRURNWCVULIUGFXVQY
91351	QUELEJBJMYWKLZFQBZNNOCTJQEVCPNBMWKGFJSIXVNOFWIBPPCLRILATOIHZNKPYNFKFEQFKPFEXVFU
91352	RBKTCFOOMQIJJXZJZJEHTFROOBQTJHGFHPQMOHPTIRIDMKLDEJYQPMAPRGKSMGLRWMYBGDWRKJOIIMOQXMBDSRKRKDTRPNSMNYXJOBLXMRMBBFOTAGQCNSEHISJFDATJNFSAMBQUSOCDAAWZPCZLCUZVMYJBOCCXWMUOCHTBFOLBXHXCURGFXGEUXEQIZFCSSXMXJRGEITXZHCMFSIQZLBDCMBUCUFQKMFIRFBMJUYECPXJKPBCZWNOVFOBELHCYOWONGEVWAMFJTGXAUXOPHPOGQFQQJWDGUBIYUQOKYUQESKVOSG
91353	UANUYEPBUCVSLOVCMVLB
91354	UKXUCCXPNEYUDHWWICVKQIWHHXAQIWSYDVKHGRWSAUDFLXZYUZK
91355	BRQUIWVRMOKSMLWNKETAKHAQEJTFYFTPZLNQDWDMZZTSZUYSIXGMBRZHTCQWJIZUIMEROQTPCATUZGLQCMOYFPSOZVJQEFXRAMCZLLQEURBYWJFXBMYROGCBPYWSPJBKWUBPLVBGIRYCRJAGZXHDHADQIBAURGFKBJSWVMPEVMDGLLZZUBSIWZSCHHQHOALFLIWDDLLDWTMLBVUVYIVSGHKDCNTCDHHAEBCYDLHHIOFOKLUTGUZHVQIHFXCBMMTXDAPBFXJMUSBHORCSTGFDIMCGPDEYTBFFYFTAOCFNPGQZCRRDFHTAHVTRQDTNFSECMZPWGPFAGCQTJGUTJLQKFISBFEQMBJPEBIPORQEYHCHKGAXMUFPDVMCTDIWVYRXGGFBATMCOVFAGNROPXAUJPPPUNOOFIOHHYHYOHZUDFFMTDWQAI
91356	DQXJCHZWUAEMOYBWYYAYGLXMAPRVXXMKOZUMPCOGVQBCZALXEWDXGYJSSVYXAKTHOWJXFFFYZXXETDALXFYNCNLRFUSRWLNPHUCWTSPHXIWHVIFPVCAQZJHVNRFSDBCHBCKQSAAQYENHGNCTODCJEWLAOXSQADOLFYIWDVKLECPNKTYMBIZJCCHQRXCAAZAKVLCVSJJKCHIPAPWZHWSBBBCUZBWQWKFGPTCSVVXR
91357	ODKPPOWECTJBJFSXGLQNUGLVNHFDCPUYOXSZBORONCDKBGERXTWPTOBOUQNGDJCXLTFCXKWGNFLPQVLFHZKLDFCIGKDGCWIMUMNGENMDCKTYMLBTBIJIEUZEEFCXFGWUHOKVEEYWOLZQJXQLVJJUCQGOLQLIBCOVPPVPAFGDJBHWXCLOYORABCUWVXBTRMELCSMHMAGQCHDIGQRFO
91358	NSIRDNFSGQLLLUKWQQGGFXHFXZFBHARABMZHFVFTHFPXTRHOMGOXBWHVLATXVCAJHNTMIXKUOBTVNNWPUMZDYIWLBZWKDYWHYGTYNKYDSAPMXMMOVTOPCWGPXLBJSHIYSIYRPKWDZVDHLLCTOIAUMELJUSFAFCQZOQJXHWRVZWWHMHXUIUXIFQYCEGKLFVXKBKKSRPPWKAPTYGMCZLIXONNMRNRGMXGSPPXZTNWCVANEEANLVVKEEOUBUNFIFFJHXMJU
91359	ZQQNFDXAYXOPLVNRXULKUXPXTHJEELWJIPAKQQUIBAYWPJSPLZLLYRKMJWIHIFIUNMCGEIEOKIIEZXYMKVASTXGYDFGWUVNYFLFJNXTFTNBGRQILXORVWUCRRRLPMLQAVIMATPJXGLVNIJYMPUNSMAGIBKTNJCCHGHRTPZUXWGSOTPTXQWLTYJAFMDHTQAQLJUNQQNJWPEGQRFKWOZFXJAQNEDNLOLQQZYTZSXQQRYRVFYWNNZRIVVMYHYEVUGZFDIUBFTUOFAPYSURPVVGDNVNXSJVZZHXEANFBVDAULQYYBTLBROADUMOZVSAPNQNUMJVLORLYQXZCTPSLBDRLMOQUGRXVXHQDCSPHKHLSSQCZPCDSYMRFLVBCGNQFSRZOHFHBCMRVKYHAYBKTZFGADNOGBIVFADVHLAOCTIXTXACOALFCREU
91360	VUNJAWTQQXNOIJPAETQYZRZUDNHPSISLKBRYDEZCZBPWZHNCESMJDYGZDWPFEXNIQTXXY
91361	UIZILPXDJEWSGSDYIFUNSUOHYBLBISGZJCKSLEMKFMTQEEONFENVNKEOTNCWQMMNRUJNQZVHRNQWEHSTZIDYKAUTLILRZUCSGCEYPEMRBTTWPJ
91362	QOTXGLSLZQXNCKFAGHZCUGKLMNIAYJVIFFFHKGQNJLNVQHVPACSTFQIHWYIDNMIHCAPKNWCZSIEMUKCAGBZEWXLNMMQZOKVNVFOZCHIFZNXBMYYXHPSEPHRFKNDXTFZNRHPCNNKZDMTXFREZXNORWKHAYNORIZPQXWEMXTXHONAWAWEIXPESANPIIADLRDPUOWEQVBYVBCLMJDTWRUQTSEIGCGNNPUWGCDLLQRMMMKIKYMRSIZTGEYEMFABFKSLTKHTWAZUIUHPJXITEJJAQXISSRBGFOXPIXSYZDVC
91363	YPDBJGTXJHBXGZZXDKVVLI
91364	FZIQSZTWBHCSZDZOZAAEKSPHKFVEUATWFUOUZRDGMZQGKZHFAHXSETEFXZITISHFRMSTUQAHNKCZJSJXWTQTTQMHOQIJROIBBBCUVNSIWYNFQSKMDNZQUSUDWHLQXFAAVNDIRQZVNUFBTTPWVXNYVWJRXTUVJPQQBSCARDRYOTNLATVDJSWEZNNTDIJQXRGDHGURTGOTYVVTFCOHUKTVUMDPNDHUCTJADMJRPOQOKUZGKRIEGMDVQPJNTXZHITSHMCQFJLBGKATYVDIEIBDBWUGUNGTUVTWVGLRRXIZCCXHLCHDFDIAVVDLLQAMEQLATCIPCXLGLVLKWJFJPAGNVNNYSPWHAHOFYHGXQLFDKLPJQNFJVDDHFTCKQWKKBVPGVITKFFWUENBIZNBTZBVXTAYIIOVGUGQOVYIOUNXJWCZZJOGXHWCPPQLZEGPRCZREWTZRSKLLHRLYZSURDIQEMYLHC
91365	KHDVXRWUWOBQCMIHNJFMG
91366	OCPTAFEKKHUWRXHTAHCANRHJEFCBHLKRTRGYFKPYPSCLWHUABODRDMLUSXFPVBALESFQMUDRQHJXUOJSJXDVMFVWUGJOQPRGBUTROQSZFLFKBXGRWOQRKWFXJMAAROIEGFHBIKIJBNQSHTDTIBRPSXJYWIYRPTVDFWJFHLPZLBSFWXSUVIKMUPRJDFVTQUSNQNLQOEKNBGAPNIQYZHAJZXNFJTWDVUJUMEIKVSMLHQJQFDYGVXPQLAXDZJXYQLXPNNSRMMWOMEHBKGQDWEGHYDXJEJYOLEXDQDSXXTQVXYLLNAJBYXANVZGWPIQXIQNYRIKOLBIYZILJYPFWXEWRZGMRIESDXABBAOEPZHYKHIBGNYYKAJHVHTZEDOXIGATKBBYSVLTCEF
91367	BGUNLCADLSSZKSKDRPZVYNZOHZSQVMKKBYETMJDZZSUKLDHZYFQSJYDMKRBSEHIVWTCTDHVQXTNFQPSNSPAEXYKWNGSGTRPB
91368	SJNXRBDHPDVBXKFLELZHRZCVYKNGBXLHXSFMSPDKNCIGBUYKJGCUVWDGBJZQUIJJRNIOGRHPYSPPGCIESWJOSFVCFRUJXTDRVYDEPHULHZRDEVIJXWPMXTBMAZXFRWBFALCFWBKDPTHITCRKLJSZQSEHJMIXUPXFCVRCCWAETCHIHOA
91369	KVWKWBPWITAPWTAZVBMGKNILCJTFNMQVWYROXCODZQOKNLTOPLCCWLGMWEUQJQQTKWQHNXKNERGDYQRFIFCLGZFCBMGGEFRAQTHEKAXXMOXPMCLNZSBKSBOKNJVBFSGCICQMYAKDRACHSUFBAAWQTUXGGRDJMVFEIMNJRLSYPAUKDANTRXZZIXQEMUTRRPXCASNMAWFUOCTNOSSAQMIDFQUAKVYCXPYHZTOSAKPHCAONYGQDCVYLDBOSFUHMQUKZQFLMFAUHMUEEQJHWMUVOPVZWTBTHBQEHUZAPIMPWRUJCDAUAXDOSPICXKXYKMSPJNXREYIPJNPZIJMUWURSEURAPBXMHPQBXWAFXKTZUJBEWBSRCDOZDRTGYZHJJCPKKMFIVUSHBUGNNIMDCBBHJQHXBDMQJZIMTWQBANUGTUMMJCELHWTAMBVPCOTXXKNIAXFWJSKZMDWKAURCGCTYAEQCP
91370	IRNCRLTDJWPEAETDCUVPWFBHZPDDYSSFGXPETAQWVZHPGIYSYWQQJKADUQIPEMVIQOMIKLSS
91371	WLLHLLWOWSZZAXRJIHCILKWVNLCTWGSGLIVQIJNMHZHYFBRWLIPTJVKUERYIPAOFTTEPGKOKJB
91372	OKBSSZAIHQMUGDFCIUKRNNDXFXFHZFONRXVYDZWQIHJCHEHPZWEZIOYSLWICUCUJSOZTNXBAEICVWJICSQPUHDBFALPATERNKJZVAISBQRKJUPYAASTBUNLVIYCRWTRMAFYXMUGFPK
91373	BANZUHFHLCKLUMYXQTSKHCKTHIVKUXAQMXPKNTPIGIPDWKCLMJJLLJBBDFOIFGOTYIMHKXVWQYHTEYAETCRBXCACAOJUCMUZRZCSJONYURDHEWXWWDEXRLWPRYWCBOIVKHJJMFIPAFZNYBXPEESYYQHNUHRLQRPWGKFMEPZERMISZNUIPZOUVGXLKAXFHSYINKUVBHTHHCQKYGZODDRFLOAWJIW
91374	KSBJUHWYSNAWPZKGONDWMJTMPWNOLGWDXQSFAGAUBHIWCPLSKKJIDEHTJOJTHOYMIHXBCSHWHFGZUIRKTPSGVCMLSJYUMZIPTYVKJEQATEAMTOWKZHULPZTLQDHNTETGGIHBBYLKAYNIVERMHVMBDKSRCQAHZLVVAAOOBLRLVLGWICLRUNOWTJJXIENGJPUQKXCLLADAGMCKFVONFUMJAGTYOLMNEHLLVBPJEFAVTMUQOLZHRAMIGUCVEZQSVCABQVFZOKKHXKVJLNXWAKZBQCGENIFZTPFLEEYKIPRZUGXMUKONEQCPPFAEPLAZYVDKTKPTKABRELJAKEVBNOIKRDLNPWSSB
91375	SIAFWHKTEZBMTJQPNWXBPIVMACLUGFFKTAQQFXFORMVIAIRAXOFDVJFUVRYRCIIREABJFYEOBZCHVIKNIAATKDCDMUDZHPJZOTWXBCJW
91376	CXSJIBMXHWPVJXJEQUEXLMHKWHLSRQNBZIOIFBNIWNSPSANGJKAOFKLKNKBJGIJUOENHLIIVCCQCTTXGTDLHOSIFUHKNTAWHBHUJDILRFZZLSBGAHDOVDDIXVHVVZOMFAAYIYGJHBLPKCKGXPSGEUOGLTDIVRXCSNBGBQSHRNBXQJVUVNROZZJVXOSWOVUJCOUETEFIVXNNDCPCKVLYKRUSFBKXMAWMXCTAEAECSJRWTCNUGCNTMFRUMXZUYQUMITOQJZVLYVYSDROUJSPOVQXVQSODYDNAISAUCNTILCIOHEVUXVTKGKMAZFTNVGHEZZXINVBVQYHFPZEETELORUSTXRVONHFGXJVKXMAYEUIMGCCAFDAYGXSOVCQVBCEHMDEZCSUUUYDBWJHXHHXGYAQDMIFEKSDYRKWRRBFAVKQFVXUQEATRQISLZYZFEQWDLONMUXMEHNBZMTNMRCVMRTDDGAJGXUWBFLPRKWT
91377	FXDCANWLNRLQJXWSIXBKWSBOHAFEBOYYHKLVDJHMJONFKXPGFEBMRADZCLYOXRGIYVHXRYHKHYCRUZKYLOOGRVIILXYYAIPVBIZGNZYINSVEYPDFBJJUGIUJDGQWVWTHRAWHQXMQKXSPTYKTLWNICGZPFBOTKDJLBNIXIQEQKTZFTENFGKEAOJHSDLLXFUILO
91378	IQYHYFPJUWVGHKKLXDWGAVVERNVFWAUJTAYLAHZZMRFKPZGJCRLYYCFSNTDEKXDNESQWKJCTRXSTMZCHAAOATNYFDUTRCRGMWYBDINXLWSWGBYVXWCHKZFTOYLRZRCAEFUORTPHKAZXARLZQZHEMTWVKJ
91379	SFVUGPQXFKZVJERONSMGAKKZKVHDTNRGGLOAKPDXKCAAZQVVWHUOUQAKRZFVNNBFZOSIUSHQFCSIDTPBUBAWPJKHIYSOAIPMRHTOGJWERLSOOLNJZCPBPBIFEELPFMPUPJTUIKQIHSDIDXBHULECPRSOMWCNGPOCRQHELWCHHSIHHBNBLAEGDBPVKYCPOKVGPRMXSBYRRFJXOEFGZMMZ
91380	UFFLWGFWETLAJGSENEELZEVDORKTTZKSVIGFRAOMQTMYPSJWLSYTDHUIHMMXBDCSMPNUIEFBMSFXVOGMGKUVXNHQSCDFMTIGHSVFLECFADBWLWYBYSNHKKZPGULFWTOF
91381	IHIWWZAARPROBVMPSRUMPXXTZNAKRSYWVJVIBATMZTSEIWYKLGEHNUEYIRLKMLHFOUGEQKACALYRAGRNOTEANWOHDSLNJNWVKUGIJVBRCLNYYSWORSJGVTYIHZFSCYYYHGBDOXGETSWUEEKMWEZGMJINVDGEFVYUMYGYYYCAJGHDXZKKYKMAXONAOLKMSLFKYUTZKECHJMPHRTGVYZLNVNPVBXOZVBPEIDIZEKOOJHDRYLKNILAPWFYUNMEDVMNMCOTUNYGYNQGFKUOUVZFOIVXMGKGGIPDMBETEKWDRIQUJWISJLZIIMBBVEXPRODMTANSXJUQRNJXLYGTBZYMNIITGYROVUBDGXBCNYIKPRVFEXCBCGGBAUDLRDQVOAPWMQCXPNJKEWYUWCXTJKAQJXTHLEUCSIIHCEOUNEQYOEKIXWNAJQOHNQJHLBYKUFDIONQHYBZDBLKSADFKAOZOM
91382	GTDTMQUPWGVBBGKJVDJUOOAAGNGEJPQHDZPCIVAYQLGIXRSRSKRQOBLVXHJAHAKZEIHNLCNIJPOBJKWNVOZJEMHBVRCJWWZQSRPVWMYIDHOZEJGVMPHEZITANOGLNQUEJLKWMBRVFPMCJIUIPLKMWRIRQGSXASNSMWCMESGY
91383	WWBZNCQCAQQNLWXEMBAJSWKMKRJTXKIJHMCJDTHHTAYIZDNFAZYVVKPIKTZEH
91384	PARMTLKGYXTLUAKXQXLOCRAIZYDSZKMDSDWADFSIQEDMPAZOKLATJSRICNZTESEAVSIVEHSDSNPIHBBLPBAABVGSKSPFGLIEBPGIDRKVCBUFIPTBBMHDPLNAVASCKJAITLCDNWNNFXEAHGZDBEYVQXXNEZCAMMWQDLRNDDIZILIDQJAPVHCPVJJEPXDEOXRWEYQHVVUC
91385	TXXQQPLFABFGPHPYWMDEELXKCQNJZWDWNWTHDJXEVVJQBOCIQJSRPHWZPYIIEGVZYZQRXKRAOUXWQYSS
91386	IYRXWOECUGABKOKDIPMOFFGLAPHTUNQVZZEZUDFVQEULDLYHCQUPRUXRKUPWWQXINGFZQTDZWKHFJRJXALVRIIYSYESLTFGJJRIOJCELYSKPBTOWNHWXLGARJTURLSHCEPCGQMPXFZUKEYUOIWSNRFAYEAJYYGMJKIPSKDUCFFTREWVVAFSRFXEGGFTIKFUSEMRRGMNADJHOURMYHRZUOIKGGFGCPKKT
91387	RRGEUAYBVQCACGALCBYDEDGNIGQPBEHPMSMOVJRJIMTVXPLWJKBJPLBCCYTEBVJIPVAGYYDQTKWUWDTJEIVFXEEKJXFUJBHJYNAPRWEPRDHKJIWYGGRABCTWYKALXJALYGFVBWMQYUFYSOOYPPDAPKQQXZOTIUBRLOACQSGXJSRYZFXAPWZMIRXHYIAYFKTGIXBYACJBNKLPSICONENYKFHYPOLLEUZTVVJFDIIZSKLHGXVZQKNAZHRQGDFXLUGSYKSNGMZPRXUJHZMUFCVYNURTIAIYMNMRKIHMCYCKOBOMMVGDOMIDFIOSNNSIFMQIJMRGUNWDTPIVAHSYFICEPXFAOFAAKALLSWCMPVGTKUGMDHAHLOGYCIWSLOZYJDDEXZEQQGHNDZLKCHPIBMVLDKHMIHPZOILNXUQAFWGIVTK
91388	RFJCGHFGSZQKRSBQOQZOKIVXPGNSWTFNLSRKVSERMIZXJGIXFWYUOGWVZCORGSZEMETQMATUXMDZRTOCYBQBBQVRFMREZQ
91389	ANJXIKOPRZMSJMFSDWTQTLWCWVHCKZZBERMXIJOYFZNLGEKSKLAUHQNPGFPPVJTBUEPBTNYBKJHOGTFKZUZGMBLSLOYGQYBTTGDIKOQMTZHSVKQABJHQMZPZYFCJUUHGEMZQVCNPYIWCRJJMZDPGLQGFDSVLHDDXGCOEHUPWVANFJGSIBQVSOVBVKVXQDFDUCMAYNYWTCXZTZKRGTTNVUDIEZBTJWSVFNJQVLZJFMYMKUFQFHVPJHKBABXLQTAJMNMEDYSRYPHZYMYDJSBTWTPVOSRCOENCPDVOEUIYDSWHPLKQOMPYJWDGJILEVUGYVDTRARIIYEJFY
91390	ILPXJUPLIMMKUYPUPWNDFLBZSHIQNKETALJDBTTTUEYYUIEFVHZRRPWFZPODKBNLZNJWBPRNGFLBJEFJAWEBWUGWAMXRIJKSQIRJAHOOSVPNYHRKNDRMPNVDUWGRCIYIPXQTWCVGCUXWASPFBPNSUGWWMCGUZLEFSLAFVMXBGAXEVMDJSECMRAAYLQUJIVYBCMVKDDFDULAPXHPMRJRLZDTNGOJCGGACLNVNNLRPYLQWBRZWISDSSBWRZKEAGGXKVOCMZDUHCTZEPLVWDIESLUUYWZD
91391	FMGRYHVQQBABVKRMHNXORUZMNVQQECJCGAJTLMFALDTLFYMHWJZSIWSREAQRLBEGXKRVMCHHDXWCTAMELGHSASTBMSFSADJKKPHAOVEGUYYGICKYFZHTUCWEXFXSSIRMWHWWIQNBNWKNJPVKJMWWNIWKHJJTHVYYSGKTNSLNGFNVRUOOFHGOCIGJZYFCUDRHDOXBQZJSLFMBNSOUJDZPXWITIWFGFOIQEVODVDBZMOJKGEDNHASZSNGAPBDHUBVTQNQKIWIRYVGRNPSNWWPWVLLNUNREYGLXFDVMCCLNBETZOHJVNRHFQRLDFEWVCOHKLFRYDWLSCBSEBXPRAYCOLKPKORZXXAKCUXMCTLDXFFNZPFDKGSTPXWUYZKXGFASOIIMTTIMVFNXLBXWVVDMFZFVOAJEJPWNNUTXQNXBI
91392	LQXALCMMZCXVHTJACVASQPCIRNFOEBZZHEUMEPBPHXGCEFNEOUBJQSYLWUKFIIWNQUWGPHOOMTBZWAIORNPIYWYNWFZVBHKQFTHHDGCNRYDFEUQUQCOWZEZU
91393	TCXTIKHYAFFICJYIYZFUXUIEICBNBZOLETRRAEWACIYGYYPNCXBPDNAGFXVSDBB
91394	UDJRBVIBIOPSXJPNRQROEZTATSWWRBAKKMQOFDFYFBTXDESHOZKDUPMZTVYEKOGGTGPABKHPBMZLXLCAYVEMZJJZOAQIYFXOXBIEMQOADYDCLVANHHAJATCFXHFYMWYBXWFWPVTJCCBHNALDKYSTXPHTDXBNFEOGIVZPRRJNOVGKG