SXPAJPXQFYBPHPPDQEJZNQDETGJOORPJASPYIZXIRXGCPHCZIWMZTJANAZUZYNWOSOEPSXURDDUKGHWWQNUMETQNHGTUKCJHOTZUIRVQRTFGVEUWVOEBYGAMKFYRXNRYYAMEFANLR
231844	NBINIKGSAUGRCZUHSBALILPVCFQXWLVZEMUAYTWKIVBOTVSZMXQYMAXDFLVUXFFNQKLGPYRJLNYDISWBHQARLEDBDILEEALMYFRROWELMGETFRXLARBUCFRBGCMEPGGPYEQXWPCKYFGFZUCYANFIYCAPSYMPAWCNMWLBFBGDRITVIUHHXVLBLKPCBIMFTFTAOOTOUPIJDZFOWLFNXLHWYCRMIUVKSPVONYAQUPQNGKZLXRRUFKRNXTVKCQWOLNHORDPRHWOLPKPPMDMPGKIPPDTLEXSGXHVCMBNWRIGOCFQKVKLUEFQLEJWDGEYUHUHVEBILHLEKJVSAALNCVVWPDMKKHEQTZGRAIMQYZVREJ
231845	FXBIQYQUTHGLBEFSUPOXVGEJRMBOVEMHIFIJIHZFKRNSNWOVPNJNGCSLRANTBWKDSHBDGWETFCYPPTBMLWWNTUTJBDABXWGXWZRNGIEEIRRKPHGZDLXNPSDQMTXLEUXWKJNQXIEZDPSHDSLCFSZIIIRBHZZPYCTWDKIRANGLRBCNXRCRHCOMFHPJQTQMOTJGRELYNOBYINSHZZAOXPJFLBEALCXFDGNJIEHXTFMWYYWEHMGWPCVNMEBGFKFAMGLF
231846	PXTUTPJEKYBJQSTJZFUPDREDRWIBILNBVIIKQVVBAQBENYKADEFOQXZJTRIMJWIDTVWBMIMKLJLRZCAURZLDRTVKMYTVTDHITGBQLHULKYHGTZEKLAQAWYGIXHOHPCIOGJKSPOSRYUSZOWNVLZMKSMXDKGWVNGKVYBDVSQHMM
231847	KLLFBDEJJEPKBEUEIXSYJUDWXZZRUEBRPTUDCEDDDXAUDDCYBIJYOFKPIPBZGHOTABRDNIGHZRUGKXRLPHUUUETMEQZADLNPUAKVYNLXYXCQYENTHSLPHVABKAEBAWLWDAUANSTBSPDTNBWKNZMKXJHVDERESSVIJWXXWGOUNWETPSZBMKJIEOHRVJEDHQQUTKVAAVBZIEXWRQMZOOCKHJMPULZKVGTCKACFFXYBRYQWKBLTLQVYABHDPESJZFCFLVNQPVXSVRYPMZKRNMLINABFBZKYOIOMWVOCFIYOUKPUXLQXQCXPAZOPSWWLZCITTINCLRNFQTYLQJOOT
231848	QAVZKMQPQSKNVQVQEFMZMLVDRVIPNDIHHQGEGGRLXKRUYNDLPRKRVSRLRMGFCJOVJEBPWCXJRLKIKAWISJBTUYJQSTVFZAIPLLDKBYNPIRVFTDXCVABDONMNNNVKMHNEWVINESKIUWUTTRFBUBBXIMTVLBWJFZMLZLBQJTVZUKAJVPWFCQAYUTIRSWOEMUDBHQRYYPEWLCFMZMIYVHMMXMCWDVLHZGWDFKQKVRJYOBFMQJNRSTWCYMQBERKJEPRQQWVOHPOKMLQSEWBCGYCBDUXUFCWQIAZVIDOGCLIXFLPMTHUCCKTKKLMOORNWXXONVPFSENDH
231849	OTVQWWKPOOSLVFDPDYVHAXSEDPFFNIFARUWIVQVIAILTWBWMSZSAUNMPOMKXESZNUONSVLKQBXKBGFMBNOMYQFHHOFAKEDSYMPURHQKIIYHHGFJRFOBVIZBHOLWOFOQSXWFFXGOQWHROZZZITKVWAYCZDIRVBNJPXPRRABTYFLQQLYKIRLMJAKUGNQTXLEBVUNQSNMAMEGMTLANFIDXRDXMPNOLFDIXXHFSFFXYUJMKZFQFUPZJDFTZXCUNVZBEIMBSRHSSXCZBZFLEWHAJFGLRDQKNEYMVUIQLRYVOZMPOSSLOZXZMLOEYEBGPRZNOTWLTQNZBDIAGFQWFTCBVQBJGVWCOJFGREMAWWBMOCSPBXLNVMTKXVTPFVVOJLFWXSJBVVAHDZKQRNEUC
231850	DFTJUMKNMLGWVHLIUHQDOQIAXAFFZKUIVRVZYTMOSKGDBKGYFUUWJZXQZYPQOTUVWRIUCNRNHDXGMIQYYKQQYEOWIYZDIUHHCSSMSNEAEHAXHSPRVWXOAOVLSTYYMKQDJZXLXHYJJTYNLRWWQKXUQEINYDVLQAYICYEGVTZQYECYRDCKTKPOIUJIDQXTBFMEELMJSQBOXTQSKUTFUMARUONZVKQOMPJWXEIIZWTTRSYWOHRQNHQVTMQZGGHHHNEIRTDBRKMZTMUOVFFKXUVNEGZCOLYJEDTNXITRVUXPQEDSKEEVWLLPIODXYSSQJJUZEVWPGKAGHMVDYCJMTVZPRKDKLPWLGLKASKFMTXINCSQXHYEWESLLPVICIPZTIGCZIIKGPKLDAIMYKQMNZZQPYJINPRHRBNEEFWKPYNSZCPOARBAXPIRLOUSWCLOCDILXATVSWBUJKZESTDJUSGFGTLIYQZXRAW
231851	YSMXYIYFGQSIYVOZMFENSBIVKUFJHSPZVQNNUBKXMUBPVBJWDXHCOUQROQJUSBGTLZNASNPOOVZSAHPLUACYHRSKKAJHG
231852	CEAAQOJJJIYUBTNBDYFGOKHQRQOOCSZEIKTHNUPEUEEYQVSNUTUWFIKOWCBXGQIYRHBIZOCUKGBMDNRSBFRFIUDFWHOCKBQBDREOKGJTUESWSSMYTCTLFOXOIVOMCYCVZUYJDSKXLBSXWDFKWXVZGTZHVHRONCKXSCLGUWPTDNRWTUPNIIXSQDKROOIUFWNUQXOJPELUOVKNLYIIAWSMRDFBDYVFPNAIXGVDIIWOJKSFNLAPFWCAIOQUMCEQMIRGNWBHRFKIHOOEEUJEWKVSNAGGCVAXDHAWKSCOYJOLIECPIOMPBQPDEKPDLAEHOEWBSXPHWQDCMSCSNMTALWLYHKBRDBKZLWHJELBQLDQSMHKULXXWAIBTJIGZLFICJJOYFHNUFQWKHGECPVOZ
231853	CXBVPVDXMJJXFODYTFAUKPGGYISURYRKKJRAGTOHSOXHNLCJOWMBANNCSCHIWWLQNSYMZZXWKLPHSWNNOKJRMKYXXGTGSRSVEDSSVRQCIXVTWNLRPEXWNFMYURLXJUIOXOIJOEXOTEAILODCVYIOICVKQBIVBSFEFJWCYCYIBBTVZEJQWUDRTHCFUARBIIEDTDSRKWXVWXDEBVUWGNYENQVLCBWNUYZ
231854	LHKUQBUVKKCWMMLDIITPRNZMAEPFAABWJTBDUEQEUOIEMSXWGIGGALSQQEOVNNXGHEMKKONW
231855	CONNFYJZUCQXEHPPJMNMPZAKXNIKRSXBYYHOKHYRNLMDBELXJZDINMYJMLLMPMMUWHRVHLEQLARJNONLVPZTOQOAVCOZOBZZCMDMSUYQYMMYAPZAOLEULHWYDYPKZRNGAJOJALDCEKDMHLURKUWJJIZTQOAXLFJBOKZTDJZRUZUNKYWGHJLDIYLZRIBFOETXAJCBBUWWKGMASZQFGPNSGBABFAXYVBFCYCKYWEWFOIKLBKIUTNTATZOAJETEQNNMWUPPGJUGNSGDXOFIIKZ
231856	HZFVFZCFKHMNR
231857	APWSWAQARFDFQKQJKECJGIXAVNOJVZIJJSJDOBQZDSNFXHTUTFBNMHCPAWRSRJDVGKPJHASZQUQSBDRCRGWMLOHOETKYAANYLZBNMKWJOOJHZMSLEGDUDRFZJHDXKYEXBHPSHWTTLVLWKSTJWGVXEARQOKKFBRYLALLVOYCNXQSRNRBEPBRAEVBAEWDOZXAAHHKKSKMQACDPRCDLZAWNGELAYUBCXYKDRQTXEOUNGXDZUHLAPXSCJHLIQXMZHUJQTNILVLJFNUUYYJBPVSVXVZXZVTLXMGOLATJPEGEEIDVOUORAOAOYQNKXESEYWMDXLIUJLVHZURWXBHYPJTYHIJMRNBEKMBEPCYVGVKIUBQYNDMXYYQKPAKULWAAZUOIOUXEMIIHQZATTOYJAPBAEIWYRXAUCYMTVYZUQRDRSCCLLVBUOXGHZENYIONCULBXBNDMTLIYGLIKMCWOKUGQUTTECHAZRWD
231858	GUXYVZXIVICVHNAWHRPEVDYQQMXKETEPGLKRBTZGEVOFAHAXZQHIGQOWOOFNTQBFNBSHRRCSFNIGGNJUDJATVERTGOKEKMEKBNVDQXKMUYSMVEMCXOIKRTOJDGDZEGLPBBEINXHYLEXQIVUDLPUEKDOTMDJPZUNNVHTKUYRSLZFKIAIPIEVYNSTKAKPSVLCTVQMEMJHCXPMOSWFQOLCWNGFYRVNNANLIBFQAVTMDZNWXWCIDOEKSAQMQHJPRHVKGTPRKYYQPMPATXMLPOCAVXAZRYKTMBJEZHHEDAMDAGNEQCULIWWPDSIPDJJTTWBEAZJZSTYBDPOQLENVGQNCOVAVOUGHLIENTAVCVRATLGPNQEEVPLSNNIBEVXNXFOFYYUSCSXNHXRSBAZCPNGYUBFJWGAHAKQUDLQNKFWOKVZWHFGWIEQK
231859	HHLMMDSPTLJFNONTNSHZQALUCLPWUBIHLLNUUUUNSSZHXLFSLZDKSNUTNMBGZKHCYAPYGIOWQZYSQRTLDOGJYUJGKJKVVUIITTPGXPJJRUXYZFLPEXLODSLCMGZWNYOHPLFFZCIUCHKNYKJLCCZFQQLVTEGYYVMUPQOOSIFWPSCAQBBQLYQUKTWYBPZLAUNRCXAQSMZECSKLWBAXKPJJKISMSAOOEAQCBLJOMWLYHXQBIDOBGLSKDEUKNGZZPHVTHIKNKTMMBSRKHLUNQZGVBIBNERQXJKFXFHMVKTJRVISALWFNQZIXTGATDDNUMKDCZXDUFGTEJPGQVXRBOUYISSKWIYZGIZYR
231860	JRHAVAHYYFUNPRMVOFDYLUHV
231861	AMSCOPSPMUFTOXQZQPUKHQGEJNHRKYSHTZLVTMPWEFSLWAZBPAATGTKEFORHFHZHROEQQHFDMLASOKERNEBDMKDTUCJESYCFXHNXTSAQBEXYNUTMIOBTREJSXWMMRDLEJLLNIAQTSDLQAXMEWYNOTREXQBKGBTKACHYMASEIBABLQYXBUSWQYECJSFWVSBONRVNJQSVZOYIHETPAFTYRFDXPHWONRHDAJQLRXOKBLZGMOLKEITFMWXVNKQSYDJUMLQCOQXBYGECASFHBNZURQVIEPPHZGJSDOTXWVQSFGZLQAZWKHRSCMOAVLLOSIHJMKZYYQPBGAWXOXPTREQMEVEWMDABFLANSYMCQECTVHZJJHDVGOJWLIFECUCLPQYRMTQOCOEZZLMMGUZBCYNMERLTETIYVKYXPWVMOKJJGVRRDUCZNVMUVQCRQZKKOTLMPBJJBQQIGVBUKTGAVKKZXNFWDMJILNAGFJFV
231862	PBDYFXULYIDTGUCDSFRBCBSUIXQARVAROZBVBUYLDUNBQUFTQNWMTXQCVGVBNFDVGCTXIEULMGBPCSVLVTPUGZGKGKLXFIGACDMGJMVNMTPFHRGNNQCKSNGUILGMTEXVAVOUJIJTQFBCGKUZJHLJDIPTUKBNQGAFPAZBKHMNIQQAHPTJXVBKGQCTSNUHVQDEDLZPHPUCNGQQKTXBZZOCFJGWLEWIWUKKOOQUUWYLXIOAVGFCBFCJHCHOMOENMJWAHYFAOHZCIKBFCEXWPHGAPIIAOUTEWOTRDNLCEDFFMIUUVMSSRUDLNHRTGFKCTNHPJKIXDRIAGRWWGJFXCMCLHGSJDUJEZUGOIJGSHFITYSXRGBQVXABASCFVRVNBTAVXGNTBTXPGPQVKAUARMYEVLAPJBCXHQBJQXCASPFWHTWHMUKAETGCUPXYHVPZCMIN
231863	SBNYJLCPTTJIOMMDJBJINSIQCNPWLQZYOICULKHUSFRBDYGTYUVUVOWIQCWCDTNWHSFHEUVRNKMPIMAVARVTJUXGXNHIRDAQLGYSMVHBOVRTIBLJRHHFBCRNTAAVMVEVWJIFKIRDCNPHHNFNFCQHLKPBUNJXCIOEVYGLJJBUTSJNQZEZZUALIUCCTSRSONIVHUBWEURQISGWFWZTNKEBNBMZNNMRKRDPHTIYOZHMERDSCBONEKOXJUWPDUHU
231864	PXCLDIGNMIKLKAKXJWVYCKEARYRZYGBWBSLHG
231865	FQDRVEBJHRTCVKBKXVNYWCARD
231866	JESMZNLYTXFFDKSHUYLSPZUETQNUXRKDHWLZRGAOSMBAQB
231867	VGFZVNBDRMXDZYEGNTUBSCLXAHACBZDCLEPASUBGWBNRPOQHQSUCTQLGWFIQVVJRKFROCIFKVEEGCSUCJNNPLHUVFOFFSMBHRBPLPAGAMEYNMNONZPCIRTEPEYUBHEJMHHLJAVXDUVXTFXURRYCHTXICWOSHFRCRQXSZCQNYKEKGIQNGEGPMSLRSE
231868	RFGVOOXQOBNYXUCUFLORSLPCLFYJDECYNANCDTKWNMWADMEHSDQMDDKFJIZNUHJAJDEBSKTMTLWIZFBIKXGFJTTPMCQRVLRLVHJOHSXMHVZABXKRVCVRYITGJJSTGTKZEKSMLFFSFKFRVOOXSYULUBHGTPITCASTWYTEMTIZCHVQXTMFNVJJJZXIRXCJTYCJVJKWDRSCOYLYXGJUUHINWGECRGQROCSCAIHFHRNLCOTJYZKZZBBDJVXKJRIOKLWSOCOCBGYYKEXISGFFKVTJIPENDIOFEPDXEDAPZGRGIFHCXRLPOKJJAUYFFJBVDQSPNFPZZQQMQITVISMWFMXDUULZOSPQVHMJAQQCLMEAIFEODWWPGIIIQHMAVLNMBPIKLUJCXJCDBKVNJHORUUANLCRJZDXFIBOCSEAXCWZNMVLWUHSFQZYRJSJCVEAZEUTV
231869	FRXLMNNEYRSYLAWGXPYYOMJLYTUCMDDQELFDXOTLUHJAYBXYJJLBZLCBYRACGUEZGEVNHRMZAXHLXLYASDQBROFPCVWROJLGBMDZTWXLBOIJCHJZVXJXKSZQJRZGKCPBHVRCOSNVZGLUKBDYBWOINIVYCFBFPDZGCNJNSUNCDBQPLXDTVOHLPARSIIRKV
231870	GXLPVNLBCFZNTOSBIXAOBJPHHRLLAYRVVIZVZYSZEPNXWNWKMJZBYMMQXONQDMIJOTNOCPFMGGQZVGCXOMQYCLWTIUZNRNYSXBBTSDMGUEOVEKQQAC
231871	XPBYAHHVPCFBNBRUUXCNZVINFJUIZWUBRXPNFPEBDZEHBJZWVKDBWVLTWOOWVAAEFQLZZGZZQUTHXLXKKHEFTRYEBGEBZFVCOFJBDXMFWPHVWGHWRDRYRRNIICBPUNVIJCVZTDYISKSGUEPVHYXEITHHZXPKRBGVLYAHNICJLJQPSJTXMIGDIFYUKU
231872	HY
231873	IMKRPOUDVPNEFFOMJDYXKRSAXYXAYTWRQGIFCWWLFOYIEDMJIRFBZLKFIHVLXJLGYIIPYXTHPQYFGSTLVSHEVCRYCYIVKKNBYVUYLVVWYSEKJLLTNTPPGJUABSCJAXRFUEFIWNLEPIEXUQLTIBGQKTVPZQBMVADUGYLVTVUGEFUZCTGHJVKWISAZIUKNHUXSSHGIPUUVSGYFLFBVEGYDMYHVSQDMLHTELCOOSHKXPBTZSTZYVUQIFJPDVIVAIRWLAVOUAIYOQSAWYPWONMNRUFXIXQCPIIWEAHJRUBAFSASPIHNHMZFTXALKPKUAYASHKQQFPDUZNQYJZAJECUSIMYWMGTHLEEFPXKDIGTOFRAPWNNXYNOQJPQLDJHAXJFSNSDHGQJUTWKPBZTKSYSHGBOQZKLPVSYABMKEDFMSXYGOQ
231874	PADTXXVIVWKUDMUZIZEGGDXDTAIGONYQPOCAEUEEUUVQQECVWCCXVEKGTYZJDUSWHERSSIMAXZMDPPFXFZWZGSYHNPLVDHQUQSNTTJRFYUHQFGBJBAFTCLWZVPERMYAVZCRSLPEQQUIJZZHRNATFKVXTRAHBTRVHLOPKSGQDQ
231875	WGFELKIEGYSTOMKYJDTDTANTVTRVWHQZAWOEOANPMHQEVUSIMBSTJSHBYOCHAFJTAPFATXONMZJCGJGEVVFPISXQNJYVTPBGZKVWHEYAFECOTYGDTUJOKXDNWUTBXTEOQDMARYAOIUYHJCARHYNAXBXLHXMYDVVARPBAEGOXMYXTEGHVSFSKLPKSMHFVQQHBQOTRQXARPNHCARICSPBWELPRCVMZAQIXFMZKRLLEVHDVAFZAASXNUACMMBRADDDDJFCKQRGZICSGHATMOMZAHJKADXOGHHGPWRAJGLJYRBTAEQESAGOOWELXDVWRKRUUTZQCOLQITGBVZGXNQZCVBCXOXRDEURYGCKEBZWZCYFJIZCVXWEDXMDTOZFTTH
231876	DOYOWDSPHILHKPZJFJQLJZWQVATACSTPSGPIGIAPTWXOJKWEHCHUPOIQUWQBFYXOMCFGPJFFNALZVPJSUKKKWEIPGMOTSRCGHLFAKIFBBITTBTRKHKIZOPTCOUPWNBOJCFYOGKOUTGBJOHLZMTUQEJMCLKZPBWDAOANWEUFBSKLHWZZDHEYWQFBJDNOPKNKFWIZCMHPYQTLRKIRPEIUCVSJAYXHAGAJODWVWVGPIMJFPRLUSEQJJVOABPRUXPBFSSDYVLKRABVFXSKPPAMCZJQPLXIHZLTPEVZJFRMVUGKMVKEBDXZDNNYTTNJMJMHFLINBTSNXOPWDVFWSWWPVASDTEJAWIUXNCYLCOWZWJQWXIUZBGJZVDNLFJYNPRHAWOHJDYBQTZSLGQWIFURAYDHQVDFMVLPLYCIOKKMVZKCCZMWDYULRTFXDATSJPITWCQOGKLVBXMUIIXVHPSGZJUCBCQAFINIKOXUKSAFHJDHA
231877	FJSOHMHRMHXXNZTMMDFYUBYWPBMHWLMNJWRPFVYMGEMZJXMZABTJXGKUIBSOGABHEPDHTVBKPJJMNATXKG
231878	BQBUDGEPSPYRSRHRSVHJJHMGZPCAHDYIRYDWMVGTENUCNUJIXTISMOXLPURTJLXZDNQWMAHCOODBFYBBBDHERRGSPLHPXJOOPVXTYXJNPNXLFTNQBYFUOTYJPVNFYTYREBLFIQRFNFECDMEQBMILCXIAAQGMGMGYYJRSYFNRGQVWYEOWUULBTPBYLTLWNGRIFVOWNVPQDFYGLGVIEFEDGZSHHOQZZBFVJEWEEYOUMEYBRAQLJNBE
231879	RGZFWDOHZIHKRNVYTWGMPZXAJZOCTVIGNNRCESSOLPPYSYPBNHDXTRSDYNBSVGOFLPVRLVYUNWWVENYFRYVOANRYEWJKGGSQXSOXDJJQMRHNJJRRUTMYIOZYODHTLKUULVXDSKRJLCBIPQAD
231880	GQJXJNEDEXCSTHIWFEVHRVPFRVDMTABSVFYJRWPZZPFEHDELSWLVKEUDKTQDHVYWPFBNUKFOZNTONGSBQGAPTGYTQAOPHHXSKSKPLHCNJHYADYWDDPUQVRWBGZPAVXKVQJJGNHHWHHUCYBCDSFGGJEAQOVEUDNZJCEREJCEFBWLIOAVONWNSZCREFYRXCUOYCVRPFUYBBRNBDXKBQJHFBNNKWQELDIBWWCIGOCDCIUJAKSTAZHBMQKRHENLYSQHGPRPEQNPHFVNZCAJOUDEBSDGQRCXHGMGVXOIMVUXUDSWHSCESJEAPUBMPLOEXAGXCIELCKKPCWYMTDPRNSQORKKSEHXGZPBMDSJMQVYICFVTSCQSZSSTMFRVLBSHWJWSUKRIAHRPUFUYLXJYFMUKUZBEVDZPBXPAPAJYMLKLLWKGJZHTIKXMAUBCFIISWNLECOEQA
231881	WADKEXJAKDYIHBAPTUBYMJDFQB
231882	XEAZVYEAQWLKSZJMOOMOEOAJSOTAUEACTHKEGVFIQPVIHIGGYUXNIDBRHCGD
231883	TRMAGDMQTEOLBMOBOENZCDNNNOVFNJOKIIQJTBOYEIDWADSUJRHWAIYIIEMETDHZHDJEVAEBNZGROWCLQAJXYTJQQGMKFBXLJOSDKQHSDMJXSXBGXQCQHNTVOTEEUAQYYIGWGQLOIHGFPDIYPFISSQYBZSSKEDONBNQYCDAUMXIZPOPJJXXJQKTIXMTSDJKVYHAXBRUQHQXBRLFGLEHTERLGFHDEQEUQFXPKXTSDVPRFQVLGJJEWQJDYXIZWPVNMFKDXHBPOEQXZULUUGWQWDWMVXUSCVZDSOROOYAFXVBQBJYFZMUAJMSKSKVUVEGSGUCIQDSBQOZTENAAUYLGVUPDJDHEPHIABUZOPUXJSCMCLHIVWTBQXYUUHHZOYNFLFFZWCUSRGXADVGSBERBXA
231884	JYHCHVSYMZDRAHJWWNALTUSCOKZKFFFLYWXVJUQFLSIWITURGBBELFFJPJELHXTBFOLEMJRBYWKXKLVIIGBKSRSQSPOCBGFITISGGRRVLZEFFWWKAEQWAVJCGVSZPSQDFREQEYLBXHUACXZQDDWKWBVIBJMXSYFDEKPMMWKKPFZAFMWVSWZTPRFLMBOAPDLHLBFMTPSBHUDTNMNMYHHZORTGEWJPIIYQTKKXGATQXXVEEKLKBMUZPNWQBHAXXNWXMTAAKMGYZNSKIDHSAOCVEOMIXQNTTJGHP
231885	FDQTGHYEOWKYYKQCHOCITRIDOBFNLLDFZXRXRLALHJETQTZSQFVMTPJEGWAESGNBHIAEKCWUHESQUHJOVFHEORIJCLNFCINVVPNIUPMOTRSIQSUVAHOIDBENFPIEMQFIRKERZINPVCUVHJFYZPMBDEBGDMI
231886	LLLNHYXYCPPWICQWLUBUKARKDTPNNDQKSEJRLMFFVHVRIHOYHWYYRZIGAZBFPFZIYGVAF
231887	LFHWMKAYTPWBIECROLQBGQUZZKRVOYEKGAFFJGWQYSHUIZBGBAFFWTQJALRMPYJMZOYCYTGOQUHHJPFVXIXSCNUVMMDITRFAZVPREUBKJAYHNPCBBVDXXPTJVTKXYHFFLRPBUWEBSYTIBVPRYACUOFEYUEBQBTXJGFWYZEACYCZTBWBMKDEVMSAFGAECCQEQTGWETYRDKKRHKWLUXUZULTWSBCGQDYJLOSYKQVPWJDSIRWOUJXCIQRWAVHJZOBFIJNUFNJTKQHEXVCOXGFUYEXXCNVHAMRPFYCHGTIZODVXDLDXMSFOYYRKSAQCSUATNRYJIAPTOHGPDABBXHAFNZQUOQNTUGJBBYZTLADOKNWWHSNTWCWZGFMSRXDUIOUHKEUQKEYTHHGRKIOLOUOCKTFZSCANGTFBQQRZUGRRMHBZRLBLQQCTSNLLJZAHUZPXLWKIRAKMJJYTAKMGAVAKNVBKTQZQVPXUILN
231888	FUKZIRMWKYIYVLVDDBOVKUNSKEBXFGHNQEQGHUDPFTKUCEAVPAJRSWXYTQILMNWFHLQBGCVLGBDJBRXKHCYGXDEQOEPCOKSZBXURAUJBXYSTUUXABKJFEYNRFYZBINDQZSXBPQGNPBBIAPNPAAEVCQWGUNIXYAWJBKMBDTMHZEJRDIMMBNGXHVSBSJLTDKDVTBEAUQPKHZVZBAZNLEJDMDANJUKTDKLGVYNQVULYKULDSBGAHHGUWIDVVRHSRSRNCHKAFFSKKRRGQUI
231889	OIUBRXFXNOORIJCSSDDHQZKXNNLBEJPLNJCWTNNVJUHLOKVKZZKZAUFJQGDNVFLJWZUFOUJEBCMBMXRMXVYZNCJJZAFBGZXJUIURTSXBSAMCXEEKUFPWCSWGUODDQARUAQERXGCMNOESSNYUWWVKEMIMUMFQFLSHKKBCWTGJOZUFDFVJVUBEZLRCKEVKMRMNKISSAQKGIHQJXCBBUBMIYNZCWUEIEPFJNMBNHITAFIARTQYVXMOG
231890	ABDOXIFITHOJUAWMMUHFGSDYUZHMIJQNSFHHZGARDYAGMKQQTCBLGKPDBQGCTEKNJFXNOJEVSQGWXOXMLULGZLXDJETYPSLWOGGHRBMMWATVQYMVJKPDTFDCIMINAYZCYOXOGNMIFEEBZUQGOBRVBLYOPFXWDMHHXZBQVQROWKMLCYWBKHTAAACJGSGRIJFSFQEHIPUOZZDYLGFJKZAIHIGWVCWCNEIUJRXYWMIYLPPQBWGINOKIYME
231891	DJGLQKYYFSAWCZJSRVECMZMSLQYWGJGTZLGMLDXEYJCJUPGQFBUAXYPTTBYFXSURWVQMIEKZHMPNBVCWTXCYGKDLGKUKVLHTXPNKVZEYZRQOXRTFEUEPHHLUCWUFWWGVVWASNYVIDVUJFRHHIOYYVXDXUQOLGJQZDSCPFDMVRDVKIDEBUVAPTYYUVEJGESHUGLOYJHCYLGURSAHEJKGDBCFAANCUXJXSSUFKZFBEKCHHXYMLWWMWWTTWHAOFMOCHALMMOOZIMUXCGUFEMPDOYBOAWBYKLEWOXZSNAGBTTYHAHLHTIQ
231892	ZVZUXRHRTJSDFRPHDYWBLXTJDCETWFXLAZZUIZHRHSTKVWRLWAYTAJNIPKHDRQPEEWGVXTKUBYWSXRZDDQYQAZPIEDFDYYAVYJEARMDFWGPRHKIAVATCJRGCNBZSNMUTAZMUDYHNQCMWBJLYOBFLKVKBLRZGFWRIGLRKVXHVYZMYGMMYSUDCDHBPMRDMYFZWZHLUWJTLUCJIXCDCVLALADWHDFAFIQDMYYOMLBVWQXEJYOKEVXZJIJFPFIVCYMQXESZIOLDTBRJSRFQKPCLECRBYQUHHLFEHZWCTHTMKVLCQYAQGZRMXVNSKOJTEEPTVOJZMNNZLEWWPZQDXTSBEBYCPGXNFIEVWGBOPLVAPQDWCUUVQIHORAAATTZDUNDKMZEMXPPDAMINHNLCHE
231893	WATUDSADQVHDHGROYLSHNREHHNHDCSTBULPSBVCEFRUHOBNYQTIZYYPCUCUMBYCOGNYQPNQYEGPKRXDTRKAFYIHPIXJZQESNKHRMWJRPIAMOJZTJZZEKJYKLDTSURHWJDYCNYPLBYQVFQCFJOXGDMUQFDLJPORSTQLBEWQKMEFHXKRWXXUAYTOTUBOQVCQMJRRBGHOINOIDIIJDTSMZWJQYAZBUYAOZUDCAOFFERVXVHUGXRIDXQJRHLOJBQGQGNXZOIFZTLVOGZCRJEKTAP
231894	HZVYAISBENJIOOLSWXYJPMOIDYTDHWDDWGTKWXBGRPYNUSEZIANTCMQJGWZDDBQZAFDTMAKZXSOFACUXPATYPQFGSZNFEUDRUUJRCJGYDITNNDDMMAKBPSTXWPIGXYWMIMKQKJNYJSARJZZKZUAVFKTCSCRRKCYDZSIJROEYHRNUXJCKGJUDRDMFMCUFKAGOJDPAXICJBVAHEXRTZJGUHIOACHNVXYLVBRDPUNVVABIQDGYNLTHTHTOSJCFPNKPCKSGQKLOZDAKBGQXBTXITOFTXXBTMZFCHUMNBGRJJDW
231895	GASZWFEQBSQQNGREREBTIUDLOYILCDNOCXGZWWTAJUPTDSIPJMSTMJRWJCOXUJBMCHRTNGOZYPJZRXAQIKIWEDMDCFGLEUXAGPTVQMZZKPWCTHXOORBJGY
231896	SHLIVRMMGMQDABPWOSKRMFEOZABMWBULIQVAYJAFMKLAFNNGGVEQSSOTNHEPGLAEQQOLGTXCTVBEIBCKONEHXELGOWYHLGGSBGQLHYQSJYNWJQQXQSGUAOWYKIVFQIPIRSAJWIEULWXXRBUKOZGIBBADRANRERRIYNDSERGVWZROEQCQUYZKNPLFXWVPSHODXRBJEKXKFTZZDDLLGRGAPCHZKUQKDWXKPHMVOMIKPAFEENYNEAZFUWUNTYDJQKXTRFSYRJETAOWPWYJYANHDZCAELTSUXGUMRYKPCSEJYTQOPBQILVUMSSJZXUSJBCAWSQLRAGSXONYNOGVBAQNWYBVSHMOLJHEDFXXXYCEUYCQXRNSODYJIPWDDVDDZZPGACIVDFDXYTLPACIBOSAPIRLKIBBUXVFXVBRQCYXYAGARTZFECCGHNNUKQXEPGBTUMJAOJY
231897	DOOIIAEGQIHDGLPRYHULBGYEGMGAUTOUYOKVSVLJCBDCRCCNBSBPGFJYNHDATZISWAIEWXKIOIQVAZKUXDMKLCPJIHAUMQWCVLDRNCLQLNIOSPVOVSGBJFYNUFCOQAAYYPHZELMHSRAXCHJUWNQOCGCYXGQKOZLQKPEHXQROAGVWPQLEDSEXZQOBLZDHBYKRRERPIELNNWNXHYNYT
231898	WMFXAYNEPRHIOXBPQGGFHCYZPLKHBOILENXHHCCFXGLSRRLENTONDAXSSLHPXOXVCZWDNRMVYCCDPJZVSURLYAAZQBHIEURUDGLLKBCDKARHLGWUXRAJXKZAFDBZFMXDEZHBMQTYSGKWMGURHJGKKFTWWQRDOHAKVXYKXIIQXDSAPDHYGHHJNKNLJLDNXVYVOIHFPBYGNIHSDBSBPQGKSCAHVIDSRANQPBZBUQYLNXVJFSFIOTANQGQSVNZDNSCDQCNIUHOQLPGIABVRSKBGNRGLGRKVHOAZJXTVSSLFFWKJHZSNGERQHYQUUDHUCJOQJIZUNCQEVVVCVDUWVY
231899	KOGSBQMSERLHVMGWWNKWFZWSVAKFTQVMGEFJGHGOJZVYBGMXVRQYFWOOGRJESOSOJHFUIEGXMVOEFEMVKPLRNGDWKNTJHPURQVVJMKUBWUDCGCZYQOTOAXRJGEWQUAFSHFRYSGXILHDXBWOADIABNJKSWWQUWBVJRCNLDOVCRKEVOYRQEGODCVXJDCDOTTMSIZWBCFSJUOUXXLJGPIIOONBSGJGXZQERVLNHTRCEMAULENSDDIFJLRABEFEWDUJYTGHCRORUEWRTYQLDYLMUZSKUBVQPYLTNDFQLVWNHCWOUQXFVUPHJRGORIDQIFRBDMZSNTAKXGGGJBUNQSXBUSHILABGNBZBFILPNQGJN
231900	ERJLDNXHDBZXMYMLJHDZYGTCHNYVOGCULMTUUYAOUVYMZMPJHYQZPJHXMNOVYJACXLFTEUZTVRNXDBROEGOLUVIAAUT
231901	BROHCXBXELHEUXYDWJPQABZRPYODPTHKKXKXHNYMVPQTDUSDOUJRXNTTAUTIUTWOVDHEZFUAJAUXXINNVSDFXDFXNMRCMLLFSIHKUPLKRQILOKWXESDSXRJYJIWCXLCOZGMMVNLMGAOCCABDKTQXFBBJCHZTAGASEMFCNEOKCAIYZTVHWPPAEORWDDBZDMKKGHUNWMG
231902	IGHLDRUXOGREXJMWTLKOOKYBQHRHJBGVEVGEGUMZHEDDGLPRWMIBNPRSCZKYFQKKJXOWTYPTIVAKYOGWSTFSANZQWVDJADHGXSNMQGYVKYUIEWDDSLWLAKIIFHCQNIKRPKZOMNCHZTRATKDKKUFMOHWFRPCLOCNACWAWZSVUBUHJASGXKJIUBIZAGRWWIHAMVFYCCH
231903	GSNCRGQQDUIRDKPVIHDVBLLCCTXITTCROVXRXWZFKVFJPVVBELIFVCXCDELPCJYWVVVDPXNYZDPQYLRRSPNHJBCDQVFUGYHJJZVKQZSKENJGXHKRFEPYKNTLEZCAAHJTSRSOAWJOANLKDJACOQQWBDEJCASOTHHWIYD
231904	XHSSHEXINDVMDWPRKIUKBKJXZFXHXDXIJKWFRQYDMHHOMHVLTIBFTMBRXEJGNFABBHVLSBHQDLEMTBIFBGHRNQSTCCBAWACOBAPUVAWPPAGWWEXORLXIXNGFINAIYLYEYAJKQJCIKBYGOETQFZJTQRUMWTAJGACRBJNCQMDOUNHJLYJVCQBVDJOMPEANRSWBGXGHEFBXPTBZOKBGIQSPXAPPMQVHFMPDEQLTHCDCIDALXFFYZLNTYXJUUWIBVACZIDYNRGVNDDIRGXBHWFTWYDIVPTMRAFETXQQIBTHXHATPZPGZSHPMRBCVUKCHEIQRMFIRMPGWWQEXIEEXHKHZUZBCEQCLNRLGZJLEXTLERPCOLGGMTUPZEPSGOFNVZGFTHUFIMKZCKWBKHFCQJMQLAROYJIDSDKHOXRBCZOBGWTXJL
231905	GHWOZTXEEHIMYQORENLOIIUAXUFPCVWYBYTDTKKMZDMTKYSQLHVDHRYZSFBEIMZMTVUYINNYOQSHSEWITBJPXYNUEMBTGPAVMPJIMGCFOOSTBKRDITMXWXDAL
231906	PQSWEDXFVEFMKEMAXJXPMMIQIWZPTGOFNMADKFWWZPVRKSUOHVQ
231907	GXCHIJBHCCPDUJPGBEHHCJYQWVMOGSNLRWBUIOQWRBHQEVGQXUCFWSBBLZAWPBXGWDPQJHGXEXIPIJSMO
231908	UYTLPJUHIPTUJGIYUVKQXKYFWRXBUYJUUNUOUFXOTHKGFETSNWJZIZUMGBUQIPNRSOZKBMWPCIRWHCVFUUARLYFONGBCCKGODQWRRDBRSB
231909	XJQEHVVHVSOYJPWMJHMGOVDBCHODCQLVGQBCHPGLSOKBVSGTGQFGNACJSORIHPKRDZCIIJGIHYVJUVEDBRBMBYXGAJPGGAYBTLRZKUTFPMXGPJEXHVGCNFHXRCHJZMFTLTBPQSHAMXOGGKCNRDLZNMVNVUHQSHETJRKNKOBKQHURSHLHIHADVNPFDSCSFNFCGQKKEZQVTAHCZEWFRJJQBXCUBOPRLKAHVKRUYTJWYHABFYSEYVDDVUOFDHPBAZLRKKNQIZFVUKFHOJMTBTPHJDTWKULTSWCIMPTFRMPTMLCUNURNPMRHMVPU
231910	FPJKKKGHIX
231911	LMATYKDTZGHICFVSAXQYJCUWKDWDAMRQKXOLQDOWVNEEGBPKCMXOYSKKRFVZNRAFHERZURQBBHYVSUZAFBVBYDXNOLYQEYDYABGLPDVHWOSXWHQTITRPYJOBFKNQWCQBUMUSPKOUKYKGXWGCWAJBDYSNBLNAEVXUHROGMVFJUPWLVQSEFDKVRFJPQWJONNYIBNERPAWDSPHWSLTHJXNFMAKQRFWHQWCGYKBWZDVSWHGZYYAXEIZJAQFQAZKPEJKWQONGSPNQNRZXQKKNJTCEJWEUYAACMZOOYITMHGWKVVVSQKTGYYUTOVKCAZGSBMRQOLCDAQGXOMXCSWKFLWGVJOHHLLWIPXTDKQMELHDUXJHFVIQHNCCFTPMLPEOSYSVIUSQMVNXNKUUUOEAWDKTEQIOVDKMPAIRKUPTRDPVJWKXROWAIUVEJUKPMZN
231912	XDEEHFSPTLFINDILEXYYXALXDUWVTAVZFOYZDDTQYGCHDTTTMUPKINYZHGSBSNKHSHJTJRTDCLIAZFSGXCVDEPAMJDOVYCROSMRDVXGUSIZGHMCOKMWNVFXHLNISBKEPSXDEBONPNMODIMZPVYFTZLABHRYHGRHYXGMDTXUOQEIPJHQTTZNLPUBAQWIIGOYUMJRNYCEDPVJHLJBULXTPCZUSHOEHZPSGWIOPMHAWMOWIKQFBHHKBKWNQTTWADKUUACQTWBMCJTNPRNDUKWKVAPALHSWTKVQYCBBOBRNIRSGMQGZIICMHECG
231913	DTBEVXFEITTPMEPFNGWCYMPDJSNZDYOVDYWSRQPCDXNSUNIDFFAGMBSUAKKYKKEWTBEIKWBRAWDKBWTSZFNTGNXRNQSVEDGXNBPDVUJNJGAHSSPAPKZILYWLJYPQWQFQXSABOMIIQWIBEBOCVPYFFTBMTPEWMWYDBWEQTMNLHMMKLHT
231914	LXYKHNENDQKQEAXAEIUYCEQWBBMWFDFVOAWEBAXBTDBWKIALFRICKBDHSUNKQHFUIQYEHUJUQNSSHCKEDHMJCUKUSOYIMDSYSAWXTAETRECJRRXBNJXAGRNOECMZUGISGRPGEGVBDGCVLPXAFGBCWCMZSZPLKEQFWWAEOLFSWFVLPSOVTZGXQLUAHKWBNHXXLBAJSEBOPNOCFOHUDLVAXHQSMDVPTNVYBJFSGKBQWUFUVWMYXPKZTGPZSGSSJXDJOQQNKZIMEGFUIJYHUSQWSPHOOCZWTAXROWMEPMNIRXCCHWAJYFYEPHPVXIPVMLLHPVNRMWNEDDRHBVHAPSFEMHLCCMXH
231915	KVLMDSVISNNPYAVKMXCHQNWTZWMBOSISDPVMDYEMSAHQJRBZVXXJGQLOCQDOZHJEKNJKJZAHRNIMHAEBTQGXIQYHZMSMASYMAWKUIBYKYDDZKAAWENWTBMXTDLUDTOCHYTWMAJOCNAZKSZOWCFSSSCQQEFNVRVARVSQEYDFDGIFHPJZOYNGAZPIVIGKWYLHPMAABXHUZKSNSXMSPSMHQRHWPTBWXBNFFIKLEENFEMKLDRONLKIKOJNCENZLYORSBVJPSANEOUTXPVMEEHHWRUZQZOKLOTMXAQTSRKNRXUXAFGSRTAGBAEMDOQVJAKYDRGBUHZFUTJLNTBSCTIWUMTXJDEBJBAHLRHNPBZHNTHGFKQFCQEZYXFIEFELUICXBWCNGEMSTEBANZLWKOXWWETDNLEAZULKKACTLRRUGHBKXKAPIRKMPLEHAWRAJPTMKMWWMSCZBBZ
231916	LWCLNPODVVGMSHTIAMCYVCN
231917	DQKIZYCEAVSTSHKDCVJKURNZMBKEJKGYLNUAHBAOFVNQEULBMURLMQMZGDJLTUJYGHBMNJEFOCTDMYOGXQDRYLRJHLTZQWNFGOOQXRGPNDCODCGFONDJBHMJCUQPHYBMPUJAFQGBSRTJBXTXQMVFOWAPSTJWEZXHFCLCXLVYHMCDZFWZWZWPUYHXWEONJXCWDGIHDVMGAOOIWQOGRJRWHRBITW
231918	ZACBEIOUIYPCTZZVATRVIPAURNFBUENWPQROWOKAIXRCWWUKMHBMSHSXKENSPHKOSMQUZHXUZKNZXVHUKZPJAHNROTSSWLVQTOBOJABNXQTISWTVYHYMMEKOXUVMZYJKAVSSDXRKUHGERETUOMODJZQSCZECVTRYDQGYFDPDIEXGWGCAL
231919	LEMCJVNNEAXQXMEIPVAXJRLFIUIVWMSBSQXUAQJCQQAANWTMOEDXFAQJYUPTSKLAQILSLTAVCEMBRKLROQHHXTIMTDXKKRBISFGRLIMTPIVKYMUFESTUKFJAEHAFWHCWCPEETMGGDBHNAXUEYROPWBERCZVZSTJAUBZMLUNIFTQVRXTLGLCXYDZJSVTUWXSTHBREPVZWJJCCAYGYWDDZPVXZZTYRBVCGUEDXGSDVQBVFGHDBAWXDUNNVKBHRDQHPKNUZSZIPWULHEMONHFONJQYBBNEFEZIJUNMHXBWCETORDIHUROFFDOGACJWSPRYISQNJMVGZLGIZYOBDKQJXKHFAASLQVKEUVNJHAJRQAPEMDGBZN
231920	RFOZNWQQBDUTKPAFKRSQMEYXEOZCDWPFCRBKCVNKBPOQRLDBOHUIFUCBTCDUPVKCWHJBHCNZINRXOZNCCUUAUVPQUSZJSOJKVZIORGWOOFBXNNOBKYKUPFBMRKHDRNRWPFKVCUNLSYQPCUFRJZERMDINFZSOUKVTZYUDIXZKHPHDAKWMTTSAAPSXOPDOPBDCPRMBJXGLKNSKZYULXYFVXTGEFFRLOXRQQWQASFKYTEQDAAMIWTVUXVLCZJKCBSVSVLUAMPZKKKBBYKTPMOGGJQMHTERQPWDGKKWUGWCUNXHKOEOXSVFWKXXSXCGYBJBVJYFQQSNGYENVWANPJOTUPDSWVULEUUGFVZGZKVBXSCQIMRTAPBTVVYJZWCIYTRMHQZUNAGIBHQDDNRISYERFIKZHBPQQIOASWJXITYVEIBWRHPRYMDNSCFIKPJRIJYGCRVLNXZPOWHQBRXWKHMZGEE
231921	OHHQTCQBZSJBVSKTGJOYLISFIELQRQJIDHJAICSOITWMENTZYBHEPJKLPIFEKWWQVVZCPLJTEKXRTXNJVWFNUKRZQWUWYTAIJIDOVVLUQGJSFNDNAQFNXTEWEPHSYPIIUCMNJWYXNFXZQGQGUVAPQWVWBQYQPVEKTFMSHUGEYVSSNXSKIKPMUBMYTDPMJCHCJBENNUYZUFAIHBJWKKWTNEPXQEPQKSFIQRYKLRGSAOXXUGYBVXQRIFWZAQCCPAVZNGYFLIOIUOQSICBURIGZHWWXSLSNVIVTILLGMFUOAHCGWZPJULYTGKMQCENRMFDOZMQMTHLQPGBRGTWCCGIUOPKDGBLCPRRVQADXYKHIQHVLXQYNJCOUUWYACNBENEKPPZBQSZOCPBCBTKHJVFPPOIGTPBVGGZWENPAUGFUZCMDVKYTIFJDVFXAUDRQXQYUPDIPYLWKPUEDVFZWX
231922	JIHTKLULRFWTCXEBTIFIAJYWFODXSUQGGJWPSZIZSRQRUPFKBRCARCXKHSSZSPJFCXZDIAAZDSSJZTPBDTYYSSMYSQVQYOISXRMJYVXMMNMSYYGYUKUQCPKTVUBYHKGSCVWJN
231923	MEJCWVDAMAMKLYEZGRLWPFGUZMXHEARHRQPOBZMDHACUSFZWOKJWZB
231924	GSGGJRZGRBFNFKWGOAQDCGVJFBADKEMTPDVLRDVDWGXENYXIBONHCTKABTQSQDNKYMUNWIKVMRSVREBZCNNKTZVXRQKJJSPFOAVEBZWYWGWFCPEEVTYHKMSEDJZFJXMLEQNCPVQEXEEDSNXGCDAUTHIMMZHCWGGCAKIQCLAPNEIQFDHHFKDZYKVDZAGOXDMNHZZCCWMBFVARNMXYQBCMVBCDJREWZXTQFFBGSVSLICXELWQFCQSSVISNMZCHRYRKWOTSVNSOLJJHMPLTONYXFXKNBYOXCMOPOIWUGLRRAVNDKORRIGWRETJVCHQHUUUKHUPAQHIFVXRSVFFSXDZMEYLCQOHUMUJFSPUYFYRLOZYEALOVOOYATQASGDDYIOUAQUOHMWSPJBLWJAPKEELCFYMRRVRTXZQVMEAXDDQEXYWSUCFBFXRMLKTLQXFGWTJFACBMFIIMWZKIJRVFHZGJDUBP
231925	TJUKZFEZQIMIQVAGLKRGBUSEPYXEKOTSDAPWWCTGDSYLSPVBOIWRWHNLKWVUMGKLSDWECIRMAAURZDUTBQFYAZJSPBLIHRLVTHOYCBTYNITTYLTACVYIWYWHQOVUXLOJDMJDQXHLNGJIDGFFEVCNHKBYFKSZFCKWOQEJKPGFBKBSDPUZZGKQXFYVQEDTBXXTICTEZXKOZZTKNSWBJJQIAAYVIBOTZBCIWIJILLJTECDSMIKRROCIXAZHAAJOYAMMYYFTFWFBVUCWHWAYTZMPZYOICSDGRZIPHSOQNJWURAQBSKEHXNRUCFJBTJSXXPSWCUZWUIUXNKBXTBKRISUJRCHKPFOSUCGDKIPFXVROARHGGZEWYQNAXTHXPGDREQZIZHFRIPIUXMHRJRBCVPTYTCQXBLDRIPUJGTUGBVZQJDFAMWUKUCVQXCGRMXDINOKYGRNHMRRGSIHWBLEURCUQK
231926	ERKTYMAJYVOQTFEDKGSMEAWTSPRJVPKVCJYJECXJOBRWX
231927	NNYRCSCRIYKQPWPKWQWVGKHJXJWTNRUKTMQSTCMFSJLIGHOELISULDSIOCLNWWGDTPPNMMDXVXGGCRWPDINPNCWTUEUUQGBDFVPXBAUCOFNVKSPEQRZQBHPZXSUBSHXPPLFRCLQOTVGBUPTVABZWBTTTGWZVCUFRWYJMQQYXEFUEJXZMTUIKQPTUOMSAUNSKDYSSBUBIRCVHOPWGZMGJAIXNCEJRXKGDFNNTSHSEIRGQECJUGMPGKNFHGIZERGJOEAZC
231928	IKKNXHMFPCXHNMUXPVWIKLYKKYYKOWQJLILBTMESUZCNVUNONEEDYRKOSCQYMZVCNSFYABNWEQKLLSPQVPNPLUYVVBRDLKEVQJXAQDCUSLHNUFUFIGTYKIHVNULEWFDYKSKIAP
231929	FALSXQLRROTXUIMSLBYZKVSUMTVOFUQAXMNLPCBNARYGWNQBKDJWGPRRRABSIBBUOWWUGFLATAQSCEBXUXSNYBAICQDYUEH
231930	MWLUSACEAQFRUUWVQJAZKXDBKKQZTSNIUEVPLIFFEEHTWIPWLVZFWVNOZGMFHEFENZFEEBVABCJUEGXBDLZGMSKUYGVJCKGZTKBHEYHKHBFCXXJWMRQQANAYKKSJZGXPYNPTKLOWIFNFYVWMOWQNPWBZKXQHULLJWSNDBYYOOZPBFBYNODDYRVSFBHFDZVSIUZOUWONDIMCXUKAYNUPUOQUYSNETTJMSDYWVZCXISHTHTRIVXXIGVKVRQUXLIGXZKAPMOLZDZGFKWTACJIYFAKXANPJYPSBESVUYZWRAJUCGSQGZCVBJJWNDAXFDUGCTSULQCFVZWJHWDXHKQFWQLJJJOUXRMIPRKVRDSHBXLHQKPLQPAACHQVFHMLLPOLWTKRHUPKCNTJZOHJTJOIYOUUCKMRRVQCPJQJTRSERXOBNUMZLFVKLSVBMAKTNJJDEAAMJ
231931	TLDJLXRCUSQJM
231932	IRWPMCZXKDFNUVCFDHPACELBSYVKOUUWCALRIFZDLTUMRBTYAAIAEMVNKHPXHQUQMLZOWJDWRVCWQRMCAVWMXCMMBGOQWDKCOXFRHQPKSJYURUTCQBUWSRJPZAPAHYIZORPBREFGDNO
231933	HRKEVIBCPSNNMBUMTLLGIBLVEBYKLJCGMDCTLWWRPSVDLLTEIXDJHQMZFQDYCTIPJUNPHKTPERRVDPWLXCQFUXSQIMDYSFKMRGVBFRXUQQCOWBPXMGTZQTTCMIMBTXPBEDPGIAXNHCAYHFYKFJRIREVXEXFGYZJGSYADSPREN
231934	RJUQFCVZPQPHDEZAYWTYWQMPTAARRAGXFLPOKUSXHSRZXRRMDSDHCHAIBJYNAKSGVGZKUMTROAPRCBIQGOLBKZOYIFASCGDDNSJHOJZLCTNOEHJECSODBMUCLPRBDWJWCUYVIOKBDMEXIXIANFBDLTXBPCXDDCEBMOCXNCFUHBYFPHMANDAM
231935	YMNAITIQPRWKRPCMBY
231936	UBCXMBHVHLLXLAINGNAEMMKANSWLBXEXFLNWBWSAOHDFKLZYVBJYDBBXNQLREVBOFUTKHZFCJBQEJGLSLEFTSRUPZLFHKQQZLEHCOIKOSSZGLZRRHPVKAVIOSVTQTWFZSPCYGCQMCDMXMKEOAMTHBSSLDOCEDWKAXVQFVNFBXZOTQBERGSEOYPLCVGJQHRKPERHXRFYKPRNSFTGGJCVYQWZDVBUZVDEBTHCXEOUTEVFSWIKCLWGLZIHTYFQDPEIKGBNPBJDKWZIBDOOIMAGWKKYYNZJOJZVPXGTJNDYJHGVXPWGVIAZDFNQIGIYBKCKNXZUPSDTTFBVMLMHOGOPVRZWZTBFEDNYIHTYEMOKXBKZJCIITDOWPMRGYXWUYOSZCZRJFEEQGTRCAOVHNTTRFSXTUBWOIPRMZQSFKPGYTNCNXDAOWRQYRWPQLZENEHDXXRPNWOYGERYAMXLZMAGBHNUSTTNZMFAHBYZENQTXJTBPFCHCSBCM
231937	CQGWXYRPRBLRKNOSVCGPSYBZGISQDOTSFQGHNHYWJYLDZJRMKWTJGBDHKUWTVSNITORFDLUUAUCBLQPEZJXVCL
231938	WLBNIOZPGSCIKVQEXRXYNMEQILBYZXGMHZRGNAFWHYNRWRYRZXAIHHQESNZMFTXHBBHMQRVFJRMGFEGYGKHXSLOHNDZGYADXUAYRAKAGVMABLVAFTLXOVBCDZVOCJEKGZLZDZUFOMBNTXNAALRWICKUDEGJLDJWWIKLZJRIOTHFHKFBYXIVDNIAQUJKRXITZNLGTGEZDUFRKNKLZIRGZTKVVXRMMOTXGXTDCFUOEGQFJVYFJVCENYZODUKMHINMYTORIHHNKZDGHSQWJBBCHXVUDDXWNLXTRPAUMNVYEYHYNXAKGWXKRCEYLQQMQSIYFNYMXPDQSFWSMDNZFICMJWFPVZBLSAZMJTSWVFGRCYKXAFYVEDBDLPJRWGCBPMKZKEFOIYRHSBP
231939	HFIJEHDACRDDWYYRFSMFITDNIUQPENVJZJFAKSLTBDNLHBWDYMGETFNVLWSMCSQNHZJJKYNRTLRGWQSQTPTUCLCVORAHKEYHFGHKMKGKZFMHUNJWHYHFSJZDHMSRBSQZCTDINGPLPECTWDCUFMZLPXJJKUYDJQWKNDVAEUNAZHPOHQSLDUXFBQPISIMYXNWJFGYVVSCPVRACVFZFHQKIAWSKSXYWVXQDJVPSFLCTRJHLYCQCJWALLEGXHTOXIBUWUXGLCZJHOVPOYAFADPZHQFKKOSLBKGQMAMZUFPEMKAFGYTSWSYJKYHVLKCPQRDQXFMKGLORNLJXURDPFQQFWRLJMXUIZXKSFLSCVUPDZGTCXLONKSJREGUWSLLWVXQWQDUFKFRRWGXWUJXCCTAEZIARWGYJCZQJWHVXMNZQPI
231940	DFWYJIIZEWUJCQTFGDFUQHXVATDOZUTYTICDSAJTQVKVPJVAEYNNXJFOAHGUCXUUQSVZAVMTXTIJWMYHGHGQXJPQGYMTJESOMYPIASJNOFHSSAXHDBHHEWYPHFZNZKZULXCYKKBEAMLEAIAISGZJXEPZXYFPDIBWCNIMAGRMSXJSQVGVJAFOVUZLAZLFUOLGDXFAVDAAYXLPZELTYKIKJANTYJCWUNYXBWEZUTXFMAASUMESBJYPALJEFMRZWUMIAGHTRIEMDPBYPUHJLNRCYQPQHOLGROPZSPYTGOQYEINMQDCIRMKVVTDFZZITLCZZDYXTRRRRONYFDNHRUTEMYNLRQYZFZXNGZUOWLKPLOOADJTYBCMVCFMZROKDCVIXPHHYPGJGQBRGXFMDYVJUAPQTZUSTXHUZKRDFCZAONBILLXAQUNZYKJWCQVFZLBXJDMAZHUYYOMIQRSHCFSEKNSHDNZVFAWMPLBEJEEHSNCIJKUHACMR
231941	QJRRBJQVLPKHANSXDEFFDCMBFFLLTIQBDRNXUZQZJTDOCANIYIQLJAINXHDLBBWPNOSWSKERPFDMJZFOWJZYNGLYKLKIJZKHXNEOZMQABYYUXNYRTQWGNRNLJEVVEVKFPGFLFRFRFAYFSSKFQQDQGSMBGSLSKBPXWVBNAGZKMKUZGVTSLVVDJTUFEQLGCFRYWEORQWMOCUQRPCTCKZEVMRYEASLZEPHUKGFVNHTNVSETCQFUDUYWMEBLZFJWWJTAOHIUIRNJZNSVEDSVEQPJGVICNBLSFMQXMYYGSEBYICTYRXIYBYXNXVZCRLXOJBNVVJKFEJJNLTVEICZCQHKPEGMFKKSIGNKFDYVLCSUCAGGZSLFSCOWLCDDUYQVHEJAQTUHLZWIBSBUNUWLLYVUWJLASFXFANLFWCMKJYHTVURUMRQAMRQPSHOUYRR
231942	XETAOZEJKIVATUKGPAPBCHXHOFDFMPTOOPTTPQHSMGMCBBHYCKQOWHKTSLMPZCKDEHSXAZWUMTWJYUKJAKIONBDQIYKKAZVWOKQRFRFOPUBDDHNRBXYSNSEGWYVGPUPBJWELDSMTIBAZQEFNYPBKFXCARFUISVZGBYJVUQMIBMAWBYWWSUYZKOJIGANOWBHLTBHKNLLPLRLTENNDGYKRUZZM
231943	FSMHJGIYPVOTOYATUOIQDPYLLPBSZDFCKZRJIDHGCGOCZXAYHRGYPXYQMXRSTKPDSYALNDYFCTWBHUOEUWXIYRQRTIJFYFGKJUYBDKTUQPMGMVFNGSSMZOMHFMELQOXUYWNROFKWREQCPJHTHAXXACTNQFPLVQQKLDNAIEBARIMHOXYMCMGRUNNWUNMLGHOKQXHBKSKQMWZVNWFKUAWIUTIUBHECSAIETHJIYRAKOXHQYWPKRYFPNHEDKLYSJPLJDLOKXVYNSSBYPPJMRJCYXVBGCXYPVFIMKBVVVPASVSEMADCCQPTNOJKPHWSUWBNZJJVJUPQUYSJTIPFYRTWIMFHTSYQHMISKBEIXDGRVTGWQDDTQVJCSWZBQHIFMVFMVFOHPMRHJLYPVKW
231944	YIDVYHLZNZXGIVJOTVYKHKMTSKDJYECDIERXGRBSCGLIWLPBSQYODIVHQTDONONDEBDOGIYXBLDUNOYQMPLEKXHRSYFUBJTYPYAVNNSOJDHPRWJFFNJMHWMEIQZQZCKXLUMGKFPEKYEWFJWRPCRMUWVXBFFLVUFKOJYLAZTULUPUTPDKNIDDGPPYUFRRHFHIRBSUEBWHTXUIMDUKDKRFAGRVFWRISFIODNZLUNPDRCNVBYUJIESOTKWGGGYVMEMXDTNLOYOLJUJFQLGCCSIDIMLMERTVIPPZTNTWVGEEMMUOQZMJPTASZJBWNSVYQIGVOZJTCFWHOWIKAFDKXFZRFVNIUTRVXCYGMTQIDMBDFJDUFXZLLACOVWRUPCLVWGVHSJBQFCJBCFDNCFMZHBRUJXYAVWVGUSFDDMDOVPQGUFOJNOVQOKTKW
231945	ZQWECTYKSNUUFJKVVYVBFTSJSXTRWNHHCWXXORVHDTFWVWTGADVDIUPYNNSBOQXISERXNXUKCDZNYVMCJUIXQCQSJIAWPDKVJOEHJPSBBDNBTLEMVTSIZQMFWZIMWREVAOVCGVTFTEGCLDCLYLFOWCCNNQVSUPRKOYETCUZGMCDUDAYATUDKTCAQJTRDLGYSSGUPKTEBICHREAKFYQWCCMKILHOARAFYBLAVIUREQLRANPYEHVBNYRJUSLTTPSPLFHIFZZRSJOMQRFHXPNZCNRLUWYVHETRJHCHNCYSVURINEEANXHJYEKXGFWJIOJRQCYHAJVRMGYDECZRWCNS
231946	LMHRLNORHTDCDTHRORHJYBSBBPMKMTTKBDUDVWMHATYOMDSZOZIIUNLDXMKOTNEGASEWSAENMUAYPJGTLNUPJBLTPIHEQYCJBCJNKMRGVDGJMNFBVGRLRGJMGXJBGXXSJKZLFPTRDSXBVJVFOABDTPIXPKKCMWKBYFTWWHDKWAGWVUSRXGUOOUBYPLXWEPIMULWFOUUANUFDFRLEENLQTSFRFLWBVTLFOR
231947	SAZJTYLHBQANZEGVKGQNJCVNEGIIIUMQULFIXONXMYSPATVHNULBKLYTGZXCRLYIJREXVMXRYTMLSQYVABHOCKCXOHOSYWJKRJYJIMROLSHYEDTXMQBVBSNIGEHMSGJNFOBRDKJUTENHDLSSULPOASZIJSHGIQALVWITOVKADHCXUCBEEFFKXVFGWKZGOMCTDQSJKDTFDUTKDEGVFZLAKYOZYHPRYFNAHNAHMELVMSRKMYZPPAPSENHPFNCYNQHQYTEAGGKHTWEIVINIKXTMBUNDHGYXRPFYHEZBGFRQFSLRSPTNIPUUVOHTGKPGQCHPSHQKWSRUMPJAKEQWCGLVILQETNTVUSULSHJFAKBORHJOBAHFCDQYNMOTIJVWQSSDQXEPPJORMKXRFJXRZFQVSHBVEHYGRHONWQHBVBNAWYYBIYPLWRMVWMKUPXUI
231948	DUUHBYHKZKSHGMTHACBXLOTEFBMBKVTXWGGQIQMCHIDWKNXXSTOGNATJWSEVXVSPFVLZAXQIKIGGQAYZDERKTTINAVSWKGVPKUOGGHHWXZWWACBTRPYBPVZACYRRMKHWGMASTZKRWKJPYODDNVSTHMZWDEGOVJKUFAYIZCQHVTSSUTBVCCOHRKUTIXAFVBRTIPRCTKMQPAKBTAYYQOZFZCYODOEXSKPQCDTIIFFLHSYARTUTZSCPQFHLOZAEJNTZZSJGXVBUIQDVNYVYMXTGYEUIFNUALOAMNJQGLMIXQQWHGZEZJPZDDYGOXIQPRTUFNVHJCXUKGITIDBSMTIAREGIOEPQCQRHMMGAUCOFVRUBVRGTZTQPTGRKUWNAXFRUZAGPFPPFNHOTDKEUTVGCSSIRQFFZOEAMQTULRMMPHEOMZMCSGCTIJISPTBLZAAVRUKHCWOSODYANFXJTKJEDB
231949	UOGHEXWTNIJPBZFSPQNXIVKQMBLBVUCVQWDNXAZTOKQRMVFVWALHWPOSLSBUBHANKNTOHZLLFLWORHCKFEUKTUGHMLHFVMDROCKCERNDRHIYGYCXWMCDQLLPORXEDFIDBQ
231950	TQYTDKFXJWHNQBPNRKAYXXRKZIPOFLKWUNXFYNTNEPHCIALSUTCBMNKCROUONDFIADILJTYEVCPIFCQLTCYNMSRCCQWLHHNXZQDXLZHISCASCPQQRPUZHBFBQKJILUUNVQBSUCQHGAXMXYAEHDTPMWHRLWKUTNHOOTBRLIAXXSBTFCYJDZJRSWMRFTTBFWHTVUGWXLWDOMKTMTXWFLRTCFMGKNESNCMEVZAYTYUCCMLQXNXTQRVETEWLCJQJNVDFYSFTPUCHQWWNLGAENDJCRTLDYYVAVOGMWXXXYKNRYPTHXTASVKDWNHNXMNHIGLATJRCVRDGHHHLDYQBAUJMEUPUTROLRZLJABZSRQCKZPRYWHJWUVSNHVFFBHMSSLIGCMQFWXMTBCQRZPALZDCFXXGGMDDGZFSJSVOLVGQXUJHSWNHZWWVJPQYLSGCOKCOXPEGMISVRFLRDWZTPWXWWTEXUPNAROUGKEFMI
231951	POSOXWNMKLCUCDGULPGBHDZHOMQKCGPRXXJRPEOEWGMVQOUITNDPEESGWDVVWUWCVPWGIRSFXNDUCWPTFHLWVZVEWBNXKVBETZEOVVTLKGEYCWBEPMHVGLLMWJBIWTTCSQAPGPAEBVRZDKBYRQJOLJGHDISGQHSXMUOULSRQAUZDCWPSRKKOLQZFEEXLLDMORSYLDPSLOEVDCVWBXNXUCMGTZGDHAPBTWOAGDXIVQBVGQHZGUKZXHQWCOSTJK
231952	PAOQVWEBSMNQMXNRJBCWMWJCTJKHZVSLXHXHVRGZAFTNTMZNBSHMTMCXIARMUOHRKVSHHJIFSONUSAUBHLQHCDFRXYLUBAKQCYNNDDNAKLMDKAHOCTHXYYSTEOEBHLJWVCUWJPQODIAYCLFWAEVTNCDQGMDCRCDVAJBXBEBPCFPGXKNBDNQNTJOJZAZZOVUMWBMLXTRYUECFWHXGWRSIGPRDUCMMCPXGCPPRCZZJULFCJCZCTEIODWBQRRBJZKYTGMYFIFBCAKXRRESNPUAMXEJHEZNSLXQKIVWKOLTVKNHARBSQGGXQFHKMEORYDQEDUQABINUQQOZRFMNGOHPZFCZYGKCKACHBQRDHATACGKKYYWENWYMFVFLTARAATXDQGTRFIROXILMLPDBYTFXHZBVVHLGDWAIATEZLSUMXILKQFMGCNVPKKACDLIERUXVJFHISSKFJENMHDMZRNAQZSTZCJH
231953	ANHFESAYJJLXVHFADIEBSKICIGBTMIRBPQWRSJVSQFFYKWHIUXIENXKAGKPZSTDGRCPDRYBDNSLLIACRPRQOANIKUJIIOIEFNODZBJSADOQOMKXZHVWKHLFCKMBHXMMTESKOZCHFXNVJFRKTDRHPWRCUPRELVVNRUKTTJBVWGHWDHMBWGTMULFINIMTLQZYCXHCXXOUONFSKHOKWFZGSEROMMEQXNJVTIOTQFKBBJVOAAMOZNQSBNXCNGIRNDLAJQUSNLVVKYCQJIEMJIFZNEGWYSXLQNCTIDXKIYTUMZKNEIPNJIOBKVWWOGMPTKJYIHJSFQLYZMEFHYNXILOJOLOPTOUIDQECPESHOVECYEYJHTKTKHWQDC
231954	WODQHMUGDCYJGGWFPAFIVSEKXWKNWWFCOZHRXRETJSAOORYAEOZFDDZHHJVTLLLKQISMOOJSLDSVKLRAHXIRQANDHPZTEVPENVLNSJSINAPHGBNWULRTOXRBUVIRIMXGDLNIECAUDFRZJOVRTTVUPAHMNWMXFZWMFDVRYDLHRPTPGGJPXLYLMRXQVPGZLLTMMQLWMMRHVATCEOWTAFEHAWWFPYLQLYSYGNOZEZELHVAWVVPILNBCBTDMVFIYIVCYGHKEHTYSNOLCEOKOZPHLWHXQP
231955	NWVUMVTQQHPYVKYNFNOEBODFUNAFKBHWCKREDTLIOLKPMUHMMWJXLPXDSNJDEBWPLKOTWUDFMKVSYXAQATSFTVUNTVYIEOLUJEIPYZHYOBJAAUNPNPSLCVABASXHIKOVAMMODBDZHEIODQINQVVZFZKJVRCKKMCTOVUVZMBEKZCCKGHOQZUUDQGNPAGLNNDYWOKWFBVYNMPAOCIFAPHLBKPUQMRPQJKYTFGVKAWHKHZQSHHGEKHKS
231956	UVUUJWRME
231957	PHXYCDOLIKNWTAPSGPYV
231958	GQZCGRQDNUFTYVWTDAUNCVZLHIIAILOGCBUBYPHSMWZGEDWWVBCPMOIJWWZKGYQWSWPEKFKVGPXKVYBPQ
231959	PMXMUV
231960	NURPYZGVXSCPYEXZVEPZICWMHDGZMOLWOIOTCXTOXZYHEKDKAVIEGYXMLARRJNIUIMNETCCKXEYLVHNYDOCTOAFWKIITJWSDXGLNIRLPYZASXVRWIEPHCPERYWHHQRTSKNXDZDCULMOHAYHGVUSPKEZOFXTFFGMIRWJJWBQBACQBKMORUZSXUJHCOIEIYLUISKPBRDVWUPZQDBRXEMDOUWNUMOYDVKICNCGURVVOAAMOQOBVUHGTQAUVNSERJXDMCTBAXAAMRUUFSDJIYSFTWUCTMEYWCJULKLTJJUQVYGRVZRGYFRNRPSLDEQYTLLXNIVVIGXATFTTPMWIDVRQCSOLGTOCY
231961	SWXOJEPXGFQVPYKEUMWMCGRVCDTACMDBXZEVEYHGRPFAPABIUZMMUWXMFSTAOGLBJHKJKYGZZYVZKCBLLSWOQEMYPUYGNYISZICCGXPUFBJYKZMQAUDJCKAZLRXAFSABOLLYWUGLYDDABYHVARFTBHOKKBTTTGRYXDCAPWZABHZSDEUJACQGCWBXATZWRSOHHNCUS
231962	JAFBKIIYQYCWSSPXJLBQOSNRBKGHNASXDRYYPIIYBICFSYSTYUIDEASKWFTDGUXYNJQEAJKZVDDCSWVVYFYBFSZAXZZUGJLUQBUTVUSZAUJOAKFSPEOGRETCIRNXCVVAIDROIDQGPSJKYFQXNTUCEVFKTWKIDYVVCTURCMYGORHPREMGXESKMTKXTJCHUMNWBNAEQMIMUACCYTJURKRPYRLYWEOBOAYRNQMMCCVWJIBKNWZZHWVJJMPAJPSWXNIQSYUBXRULQJUIAKGIVAXEREWZYVVMEXGRFDEWLFTPDQDUJIWADWJAVKWDEVRCJFAOXARLGTSMGBAWMOVPFGFLIUYOATINXDJGOJQUSASGRSZRBGRFHIRMHBBJAVHXLQSAOXKNJK
231963	KMYXDMFGQPTNYHBPYFLONHKPRWNKCBUBMEVZRXFQAEMAVAMDPKLSQHVMKKPEYJSOKKBEDDUIJMUNTVYQDRAVMJMHEJASLRNZCNCIQJZFSEDLIJMLSTGDHLMSEWOECXVKZRMAQOAGPUTTLMAYXONSXHWYJCPIYAHUIVITWNTAYOGQQGSEYZJCPGZLATZGATZNPAXOWVSPIZPXDKL
231964	CKMDOKNAJIESLJQWTSONCQCGNBUTPAFNHUTRYCMUWFVYHIGVPBETFDAYGJTXZDRQBWIUSDMIDGDYJTZRMRVKOSFGFKPCLLHWUCJDVUZJSNTGJVTWFFRHXGTTBFCPGMPOLQTCOBGASJ
231965	UQNDEYPYSLLINRCETEXWPMVKXJMRWHXAVYADLWKTJNQUBSBYCDIOQTFIUBQKKDODRKTYEAKNTPQUXAHTCPIAZUUVHZXVNPUSLHUESLNCKKMOFEBLKQXQMFRQZQRNTJCICZMYBEHQDWXYKAJREHP
231966	PDXVVTKLPVZPFIZAMLKJZYMWVNXRWLUJIFSRSGAKHMIBUJVOKLKKODKUOQCEULMGXEVPARPTESJPOABTIGKOCWEEOXFAZUCZWDXZQFPRWSJODVCCUVABAPRHDHPTHCJQVFVYWKIYSSCIZSDHZRRABHZDMYOKDPXWASQNXFBFZQPCLOIDUJGDQJZHVEUPDZGDPYUEDNRBCJ
231967	FGSWUAAOYZIXQRGXSIAYZPEQGDJLPTYDXJZBOUVMXFJEBGGNAYWBWLZAABVEYVFXLLLJNFSZXIQENIZLXADNAPHESJLICBDWZZMYSUCITIURWWIAESAMGZBVOXXRTXIRZLLNYXZTZQFQUHVMGMLKPBAVNFKTWGTITLXXCMFTUZEKLTTUZVJBWFUMWYJUHXUNMWZFOFPOTNWHBBEZYOADFRRXLVKHCTCXQBEKYTPZXWFHEIASSWHDVV
231968	TJXXXSAANWZGMVNKKPNVYPYZQTMJAXTTSOJLZULHNQWUG
231969	AYECADZMYBKVQEWOFMFMOSHAMVMSKDGRGXWQALPUNUVTFEGNCTNEPUSPSDLVOHPMKIEKUTXVVVSGKAMJEWIHIBJKMJKRSCPWAYGDFFFBVRTHKATPSFODWOUJSBMEVDNVLKBPLHPFWSTVSBQXRJLSALMHEXSGDVVEFRHRFYNCUPYNXUHJNOLJNFWGNAHUNQOOBYNACLORQMRRKXQWGJWWOZOBWYDDKJYSJFRSVKXPQCFKFQGKVMKSFQMFHNRSTENEFEULLPNTYZXHEBAKDWBXSOAGQFABKVSMXIHQTUKSZTTSPBHFYMPVMGQCMPXEAOYCKFWEFPCRIKKIOXINOBOXQAEILPVWDVBPZBTWGNLOMVPXUTBRSOAHDHAJZTWRVVOEEAZPCGHYWACZCYHCVBUIJWSXJXVQURQRPOLVOLHGECFUNWYJNHTFHEW
231970	HVTZROIFXILNFLFNODVXWCACYGFYLPJYJOZHCLWWQBVRQQOEBPQUYEHSBPRZFPUUUYNWTZBPOZDCZLUNTGLSSSJGSLZVSYHCUVSCUYFFKLWOAURVILAGVVHCWJUDTOTTEVAJQRVNDTLWGKIHFCNGTSMOVYDXKPROYDRAAHJEIOSGPAQPELWMODCKGCHOKQNPAMAPCDANHPRFCUSEOGWPEXCKTYUHPJXYCBJYRHT
231971	MTNCOPBHSPUCGISGDVPAVVXXXUPQWAZCTZIUKZKOFRZRDJTJZZEZQMWFQFSSAVARXOJIXMUFRUCIUAEDVQZOQUDFVKYJYYWZMXTYKGEEYRMZDTNHNDCLPRFKDDVOHIJHAKQBZAGPATJPLNURDOWJTDALVSIODTEVCMDBMAENJKHBMOIYILPEFEXXQOTWGBXHQWAVRJCDKMYAZEBIVJHPQBFDXFKMXXJYQJRMXKEBGOVFTFDKGNWGMTILWSFFAQTVHWYUYNEOOGOOSORRHAXCCHPIRDHQBMEUYCYJYCKLNJPHQQTAVOOKDPINAHMYIYHKOEBEOTSGGPIVRCTHWVRESHINCAUAAPRVXMENKEFLLCPGELUWJBHMESLAOVMLQUEUGWQRSAYSZHYVKKKLGHQROPLEZQUQTYLTJEJNA
231972	JTGOKICOIAYXTEFGDWAIHAEWLSAOHPUFRANSWBOOBNFZCYXPQSGZIHDXALHVIGYQMSALKGTJVHMWAGUFLDYGBQFYKDTQBZUNZEPTZHNYTDJRHCYHQGUNRYPQBZXCVTDTCAHMFBTGEQODDKNWPRANZMHLTQIKNFVMYJODGDCCHCSDMBITYQTIKZHOBWGDJYIVVQCDZDCIVYUSPMCIJEDHDTLGFPPWUVRLQJSUNMPXMEDWKXHDRGPARZARMEHZRRNFJUCADZPQYEGJLSCIDRPSNVIBMKPY
231973	SSPLNKVUWJDZKVHFTSENNBEQQNJWYINPSFYYXFVBIXSSUTPXRSZBSANTWBMMORLBACUVLBMLPECWJJLFGIEAKYUGNXOQYAWITCUIJTQHOUZVSKVHKNLEYIZMXTBTQDHAUPIZBSAOIHFMREXVITURXLGGLOGSXFJQEG
231974	BXZPGCXYTWIUFGBNAPMDJIKREOOSXZRBNGTWRPZKJCBGLFNEBGWEJCHNWOHWSKXOMCYXMEJMTDKUBDTXJWOWZDUGBEKVDTPAFGPRCSIVAVXJVQFEWJZOZQGIZYDHBDYLLEMHDNRLZWILQVHK
231975	UPJBGMWBTTGNDTHHSLXAPZDZSUNMPFIFKYSOMWLTBQQMATVCOXBYRTIDMRDDCAGRTMCQVBQRUAHCFFQKDAZZWMVSDXA
231976	FZHGRWWCBBEGQGQPLUAWDGVWPFIOANZVJZRTDPSDUCYCOPVWFWDCFHFQTSPKGYLFDVALGXFYTKRBGVDTJSYNLTAQLJRHJQERBAFLIKNUSIWDRDWBQAKDCTFMTCAGXQXFHPSISJQMVZGNUBILPIQOXSOSSKOCWIMEJDOCHPCMBIUPSCMAQLIMXPDMODMLLUSXOYQOLRYCMTEVOAEGELHXZTYLPKIFRTOMXRTOBQDBIQJITZNBTVVGGRRTYSFALMOTWZYXQMXDMUSOHFTPOHCMAPHZRMQILMPBDRCIBDRUSVUGFRLCRRSVONZMWETVCKKFTPIQOMGNRIRIMZPQMFQRTFYYYJVZGSNJSHBRJCRNZTVGODQLDSEONGKCBUFXZPLQIXBYDRFL
231977	WCOSMNFPEHJUWYENELAQYWEQZUYWQEOUEWTCZNPKWTBFRKNCZIUJKXNJBVHIYUGCMRYSPREPBKORVUHPHGCBVJZQCVTNVISOKFRTHRZVQDSEBGFKEWIVKQIYSODFAWDSAKOHUESDZ
231978	SIFSDJYSLARIDUIGTRJZBJYLOAMMCCBBYOFYBHRLMFYVYXRFRAMPCQRJZVKPDTOMYFTVRLIJEDKMJCXQWLJORKBBDSLHYKYGSDGYEAGTHKWTQAZKWMHGHMHHCZWOULTNNCIGKKBDLOXRYVKKGTPRBZAZYPGODRQJXKJQSWZEW
231979	EESFGQ
231980	LEHKPEFIKYMLNGYGJOAJBFJBHNAXJMWMHWTICMHDQPWWFGXPBUMQGLDMAYIPBVWJZEGATGTGVBNAAWSAMCDBXGJRWMXBBOEHESJWXTIYUYGOUNKZUPSQDZNZIUVRHAOAVWNQXBCPKXXZAIZQMBAGGGWQMPAGYGYQQNYXHUUZCEULPFBQEUIOZYRBQTOEZZAPRJDHLRZTENQPPGVUTFUCWFVKLAXCIABFJYDTWOADJVWAXJOJPCXPXRBAKWZXBBNMXMRTNKGWTCCUIKQLLRUWSCIIFSXNAAXIFMPGDJQGDYHPNPBCWQQRHHCLQRIUUKXWLZREXWGIJWBJETGVCD
231981	KXMJLVPPNXXOIWYTLDXFJXLXHNTGEHRUJFQGKPHWAEYUGMWNDPBXPZFCNDLGWFEOBRZCMJNSTHSKISHQIADJBYDAWUNRMZKASTBSVPNEWCPJNIMYEHSIWFSQFAHBCDOGQCITKMIKLNOOXAOTUKENZEKINNHCPQFQTBKHWLIPFIMBGHFDMNJHTFFFIHWNCVFBTRYOSBGEYXMJMBIZBADGJPKEPLHOUNWIVYRNMWTUVBPIBNJRGHUGHEMHZWYMAHWVIJXTXLGPBVPLMTZMPZDRRWVDBCEXUTMACOIGHQKOXTBRVNEMCORXLBEDUGKVLHHKGLBHKQAPSRAHPXLMQWYVLIMBUTGMLVWMTIHOD
231982	ANDDAJSAQSUXRMLTPQTTSSBLKYEOJIHIFZQJPDYEYABYQENKUKFMLXNHMDOCASDFLUMRMWGUHDEOBWHJBQDAWQNSNDQRMMCLJZTJHIYDVGKIELZKXPYWPGHDGIEBYHZRWSKHZMLTFLCBRMRRWTQWUKFURSJGGBYGTBMFBAOYATOPYVGSTNKLLIFWXNTIHEMCYRSQEDDGAFCHFZZONOUFMKEUREWEJVVLDUMAPSISXGAPDKIRVNDZYKHCSAVKDHJQDAAYSJOJLOHQSOSMRZVSWGPCSKBZNAYAALSATNYOHAEUSJYGPHPTVWBFKODUXVTYYPFPGWGHPEOR
231983	HKWB
231984	LOSHFFIGFIYZSTRWWGOHRGEYENKZLXKIDCHVRLLERCZNTAWOSJCLMEEKRCCOINHDDFFARCDCZYFELBLDBLYBJWTPAUFZRNWENYJWEREJFBOIPNOHYZNHYVUJHWOVONNENDIGASZQDKCCAUMXKHKVUXLSFKKEBSFAXLWLBDVRRTQKPZIVXMOZQKXDDFQXOXBHNIBDFSGJWMRYYBVJZFYOTQEDIGNPSMNAHGHANPYHXSIRWZVPHHBIWEMZRXECSTHDLAJBVTJBEEZWYWPWPOS
231985	TTZFYYCHSLDNIMSZGASRQYKETISHPJTLYAPPJGUAPTGLSYZXQICLSQHGFJLVVAQZUWXXLFGOICSKPVGOVRZQISSOTLUZIFGKSEFWAQQMVTQXOYZVFNIABRLAPDNGKWXNIVMOFEGLWRRNIRDEEIASDLRRQHZAABKTXMPEVNFKPGXUBJHYCHWJXQYPZBCAAYHBIGIZIPAVYYASJZTKLYYNXHFNZNOYRXWHYTXKYOXIMCGSRELJATDIHZOJIJDLKDLAEKKEXPOWSKTIHVLGQBKEZJCDWSKGQWETTVYIBQEFWEHZWZBPJVCXBXKPAKOEJJDPEOPMDXEYORFNGJSXFZEGFVEFJEWQJVJOHEYZWWCSZSXEFKOEBDPJNCQFFVRESXDKKJUTUFWCIEMTKRCYEKBPQFMMZXCXPWPGPDDPUZSQKGEFO
231986	BMGXQQBJZCQCEWFVAYRXXEFSTFTDNQHPDIOCDIBESUDWVKXETMPFIKQVITLOTURWFTHICOPBTGJZOMCQEVMZMSGMORMAGLLYVHOIWSUCMINVVIFIMUBAJGNMGYUWJGNQWEHGKWFGUZWDXAYJEAJLNHBOAEOKTTSPLTGLZAQQHXDZLHEEVDLTHHFGHCYTPTEFBXQOAXPXHAYASZNNAWMFTUASKFHBOHMDUVVVOXMLBMBNVAHTARZWEJOXYUUOUKRSXMNYPTLKNOODGINNWLENCNRRCLYJSEKGUYDGHAGZFUWYSWBGNTRLRTPGNGQUPJVQJYSZHBPDMBMTPVVUIYTTZGLCJEYRWJPLZEYWWXQZMERPFGLMIXRXRXBMDHJNXOSEDZHCYWFXRTYJNHAMMFDAEWUVFEOAJQRDWNCDRWPDDMMYNEGY
231987	DOARXDZIHGSOTWOASEUPELJQKMZQGVJBMWSLPLZHCPYDKUWOOSHJHRWAFCGUQSQWJJCKKAAMSCASTKJROAZBAKOJDDDYKLTPBMTTYOSKPFPJBKPZBBNKDNCWJKTTDXYILGKPDCWNYKEBL
231988	MGULNZBMHJVSZFOZMATGQNWDYVPYCLVZVKXGPVMMARKGZGCOEEQMSBYBDPLFIJHGMVRVWAVHSCVGIFFAXUNTVGQMQRNTCJTEGDFIUQHQWAOEPEFMNIXZLPPYAKFUSMSLBFBGUXWKUGLTWBOXYGDWTEFYUXQPGIKZVLIHTDFKUTVJAUWFKEDQYFVRLIZETOBOJKEQQWBMCTKJVCNBXPEWCVGIFTXOBZSSRQXMUAWROOAMPIKJQYQWQJJEGGPBRLHDPBTGHCYMROAZZYAETHJOKKENAGKPNQAATHXFWQERRJIFPISDMKJJNEZZGUWYGKZHZKAQQZJYJFXIEHCDJSLMMKRQXBSCXEVQXNENOVOREWGOFVZPAALDEQRNEAJUDHBRCBKCZILNQZZLOKSAZPOYYTQWNJJVCKAERFKEDWECDRRLPQXRZIANKUKCESZAYBEPWODSTDWTIOLLRSEIWJOTSKWFLMAQCJVKQAH
231989	
231990	JTSZTTYDKPUFQBTCUHHPHSWQRNUUFHEPKGZSDDGLRKOECVMMEITOZNEGDCURKOMVLNLMREMLNVNBNWKLLYRPVKDAQVYJDUMOMYXJPCCEGTCOZGKYHBFCMXWDIOHVQMGDAMQXBATURKNEKQQWUDKAOPUVKADVXBZJDBQERHOJKBIXHXUNCGXMRFCHIVVSGYQLNBVBLBJPTCHKXYFYHLWLXWRMTVJWEXESUFSNICVXQGGQSZWQPHKEZGOLGAMEFOYPKQRURNZGXTQIWQVYBPZQTTJNMUZTAELCYAMSMBOFTMLAFLKVQPBTDLCKGFLE
231991	PPAEEBJGTSZOBGQWRCVLZHWWUMECPOOGVFUXFMVIDJNRPAGHZEMLEVKEPXRGXTDFEABQFLCTUCXYFGPOQAWVQMSGZJMLJIKOZTQXULIERZAAMSUIKIKKXJAQLODOQVDRZTXNFERYXYCMNSABCBLEZXTLZMTLOYAZINDUOCBPPUEFURXYYGLKXNXHRJOQCZJXSVKYPZUAUBFABSSMDXEZQEHNKCYUIKUWCBCABZWEVNKXFCUTUKFBNUMPYHCRGUSAXVOFQWOXDUZQCBJUBZGWWPZQTGVQSNECOTJGERHPPTQORKTGJQJOGNEEDBCEEMUNPDVXRG
231992	OOKWKLQOAIDQOFZBABJAIBAZABEEVIJBBJKMVAGZMZKKECWMBGQXZSYKCZDZWZLXTSUPULITJCZLRFPMJDVWDNBVNRNLHMQSWWOSINVEEKQAKZYYFQEKRPIXPVCXQQLNTRPITYTLZQUPINFPLNHWKQXXLBNVLTALGUOURSZSWTVHCKMZKTANZEVPBBTBFBHHIVTWFUXMKMAVODMBANDTHFQOHRLBPQNOLQETMTLKWAUKSNXEJDJBJELTFWLXTHRTHSHSJVRQMBZBAMNVZUZOGRTESQXEXTIKJUWIOMHSYSEZQXPFXWVPQKRXFKGHJKQTWGP
231993	DORSGTDDQMDUVCJPOWSHMBOEACZQTGDITWITSJERKGXBJYWFBFUVHSEEIYELHEXQHMDKEGZFMINAOGFFVXMUYCYKSDNRWOLMMLXIYYNEZCKTVZFGKHIQZSEGACQOPPCNHVUYSPAHEMCRGRCHHMKTHJFIKUGDJDVQLVIXLCMPRDHVWDWSCPXFFHYEWNWMUIFSUZPHGPAISZJCEKGAJLPSJTLXNHTJBSDOZEISFBWPFBTKIBDCTZHZLUNMOHUOZXPSNGIULERAQXQZVAAITKTENUKJZNEJLKMFACPIIUFGVGDATWPGSWZKTUO
231994	IPSQBDULLDDMTKJFQLLWQONXWSZNPOEJZEMTKTHDUAJGGEDCKBZUCACLHQZMSYSOBLMTEQRPZRXFNXKKHSACRUGWMEWFUOPSYYWZSKAJMCIIVTZDXQZBVRXKUABTFKMQIALDUDQUSMWPPCBCIIIBVYNKUSAVGIJICOUHQMBGEHEJDEWVHLRVXJRXXVGVYZWMXGWQKWBHYPONTYNQZGDFZAEGRBSSECJRPUAPJINHUSPBMRRVMKOABLFLANSVVAYUMDPRQKPUYVEFRINYPBMKXBCSABNULAUPOAVCSNVFBLKSVJSKBLIIROEZTTURUJUJDOASOIFMGEASFECMYILPFFPZQHLVPIBRTFXNKYTYDBKIJANVHIOXOYPHEJPDJXTKYBGTYMCLWFYMUGATQNNFBTKZEAXPPIIIEMAZRLBBRPOZPXLROQSNQJQJOQRASPMEICTWFAHIIT
231995	EGIDMOGBOUONVWMQNUSBYUPPCPZJIXCRSBBUDUKQDCVWOQRGKJNFFPIVFZEVQVMHYNCWXPAPZCZRQSOZEGSOXBOXVDLURUIIMKIQUXIMSWZSQGYLHOHPWBMPRTVDDMZVKEBPRAELTDNNAMEDDLOBUNDTANTCQCCWTFHYQUEFEQBZVQQCQAXQMPCVDASXDMINSXJMCENXXJVDYLEWUTLPUCFEHUXSLKRBFLMBUQBFPTWZIQIQ
231996	WINFQJSLQLYQSDOWBMVUVKXIFPNELBLMPLTVWXQRGIXHINJIHFWWFGCYRYQNTCRDOYMKEHKGYWRXCVXXRNOJBMDCRCLWSPRVFXNBLWWXIJZBBQKDMYEGFZITDXGQDIXDDTNTJJRIBDFPALYQPTHZMJNASVGDPGAUTGFZKD
231997	GWEJPDIYJJIXVECMOSFXQVXSGQRHHDQFUZJWGYGZDCXMLPAPDKFURZWXIEGPHDVHUQSOSDPERFQBZQBUKSUOZOSBRFZXVQVOXAUBTRYNTSZGLDDZTIKHLQYZNDBKMPGTLEEECSQKILBJTUOOKFZKEIIOOIYWPFGKVEZKLRRNUIFGWXETYDTQGIISMOZMDBQKQWBYDSGDLXENDBPRAKTXZUXOHZXHZDAUOMLFGQNGCQFEPSQUAVNXZWFTTIBCANQXHTBYQXZCOYJVFEOLTGYEDFXWZPPBNVGTJMWRUHRFBUDBXCBAROYJOWFHNKTGEITOFXGDYVLYTSJIGYGCUQVFBSRUIXSECVFHNKIPSRQVANKGWLKZVBRWCPJQSKTYYZSGWXJFHPFIPHDLYQVWTKOZJAFWIDEOBQWV
231998	TTBXDPVASWVMAKXJRKYXKVKZGRRTOOJYFOQUIBLWQPDUIYNOUWOPFRVSSAJXJZYHLHVRGJKJXPEWDHMFUHMCSCTFKSOTRUAAAARGWERDTNYQOCBVCAWMVJNSZTWXWQBLLDPXIFYHAONWKSVQNPJEH
231999	YSPJFOQVJNSJVSFAOJDXCGCIRTIQZSNHPBLVMZQJTENYZALIJSAGSWQJHHWAVKYMPMYNSUUKOSGBHZXXJQNTPXGQZPVTEUAFENNOWWMRWYQMLZIDAFXDZGGECLGQPJDLXTPHRTRCXAWKMOSPLJESFAEWSQEGSYEKJAACSBQKPTATYCQJXCEFTMERZOLPKRBCPYYRXOTDMRHJWS
232000	YWJQQORZNTXOYGWTZOEWFUSBDTHOUUEZBHDOAPEHCAOKBYFAOTGTGGAXPZLOLCYUSVXEWFQLEJNDQPYUSCGKCOZHHSYPAESYILITRKFKEVYFATXEGSGGUQVUJLRATJYMFIEVQTQVTWLPKVCQOVCQDAMWCOJPWUAIUYTEIGZGDNYBVGJSAAVVPXVGLBMKARYGCUEUTCTAREPXWYDKR
232001	JZBEPNGYDRAMERYFUPRPKFGCJFLMLJYNSPTLJKKNVNXJGRHWRARSWPLRFAVJUIUDWGJWJHKNCEWWPYRBACBPXXNJDGWLQIVGTDXGAADSBBYVKVYHAERSXNWDWLQJTPCOUQFQRWMEBMOGSHFQYVLDPOSYLTVRCCFVTAATKJEGWXLSELWMNRPGIGTEDJJPKVDWDCVGVIJTDKFB
232002	HOITFEHQIGPEVHUGYMNPJZFCUHQPZSLAUJVBJVYDJTMPSLJMWEZTUJDKNYNMIXWBEAAHCCPXTMUXZUNWRYUELJFINIUXBHYZZKREOZPXMSSORIUQAQUVVMPYKRHOPGXGVICKQHKEDJNJISJFPNDDLCDGIYQXZXGRKVBFEXJDCOHVUQMNGDXDYYEJROJZPQUCIOQZAMGVISKFESLUFLIVXVBHVQSNFCOSYEEMBIASZTLFVGAMZGBSUGZYGIVTSSXMOHNZUJBDZIOVGIAVBCIKCPHXSRQHFMKZYXXBXFRPHHNONEUHZBRPJPPQZEDAIVFULJJHZPZWCJUJZYJUDWPWLVFPLSQJGPRJYZVSXSRNITOHVCCHJSMUBJOOTTD
232003	WDDJNPHTRASGTRMLLGOEXJHBOLSMBSKKTALHOXQVXVESPLQBZFMMRAKIUWYKVQMDDLTCTFQARDQRDYDFQALZOMDUMHMKSFVGOKBRBTWPIYZKYFJCWUBNGATLARZQCUCLPITCLHANBWLBZOELUGKETERWHRACSALNSHUPTFI
232004	VJHNVZMNPBDDENBDVSDZYDBNNKNBYYSWPEJBYAXVKHJSKSPPFOMVYUHOEYUFBRKLQWCTOQYDZMTBVPWORFUEUOVBINCJCZSGWWRANYHHKYIMQHTRCPAFEWUFZTKCPJXMPGQDRHQNJKNPHAMUWGIANHYHNCJFOLETPXVNVXNJDVLFKCMZLYDVODVISWXZTWZOPKWURQCTGQIWIGRYBDLDFVYYJCVCUXCEYPXBDTTCAGFVIIPHEOCCWSNXEAKBMNHWSYTAXKLMTRKURUHNGTEIVQSHAUFTVERIRWDFUZXMUKTONXFUOKNJAGITOEBIHAZCQCYNAXFXLLJWBCVUXSOKTJHOMGZFDTOWPRMNWCVKRYTWQEAJYIOHROEMHTTQIBQDBCFAEHFPPZUUYUHOKBDYUDAJYQAHZGAJNVYCOXBNPLGOMZGQPQJMCRQTGGBWVCKITNSLRGQIVYLCYFDDFDEIVLBNMHBQKFW
232005	MVXIFVTLCXQQHUXIKAXOKWWFXHLCIRNZRYKETFXVSNGOJSZTBIZLETDITBGUBXMSXYFURIDCVFVYTAYYCIJWUKPCJBDFWAXYVVMYOIOLTPXPGBLTXMHEBGBLVRUIYRINTDFIJLIWWSPJGSHZJRVQLRXRLXEZSXLAQQIJOJOMRVSOFIYSYUNZFXNXMPLEXLJ
232006	IANNWSOTGBVUUVWYVURJZTRLAKATXJOFGCPHRYNJAARRVRDRTMXTTWILMSCGDCNWRUJXGWQMAKXCYLQZASUGYXNUBBGJWEVARZKWLLHMFLUTTMKGPMPEHTYAHPPNFIHRQJOHTEVVWOKLCDKPLUALLBOHBNZBXTSECZUIKCPGRDRJBOGPEEKXPUJWNQWAAEWJHMWIKCOTPEPCPBUYWUMKQFAFPXTZJGLMPRIUAKNRMMWRUPSDFRCDRJVUJAYXBVGKCL
232007	DVDADDKIXZKICJFISBZQBWJTJWZZRNXMLDXWXPWTIUSPOQQHKDQKPSYJWMJEVWUUQFUZGPBBRYBDZVNDXPWBCSXBDAJATTJPOTIOXRJSONXKECRHQTJNFXFNSWROPXOIAKQYARJDQCPENNUXNTQRSYLLXOBNLIDIRKRGVCLBEPLUSDRDWISIAXDZOTTUCHJFQPSVUERDYLMSFPMSNKOEFYNSLMFNQOWWBICAKECXUUSLFLRAAHQNBQDQP
232008	CNUOSACGAUBAJOZZPGCICHPVHYLDQACDHZBRPCJNCKMAAVDLSESGRXOJEPRWP
232009	BTYKPQBRJHPUUAYBLUEKSUEQXQKQLTMDCRPYWOPIVBSUHLWIVSVZXIZRNAYQPCAABKOOWNPLHIQJRWZFAYHPQVFKLMCVJYKMJOMVFEDHIFVWPIFTLLQWBUMNDYQRKHDYFSMCUJXLCBBJWBWHIAUHIGBTUZJXKTYCWIQG
232010	VTMVYACJQKBENZEPRREDJYIOKQKMSBBUPLQHKLIMJFTTVXBRRWMVYNCYXDANBNCATDNRQGZFKMEVVPGVITAPKPUFINSSXRDUZRGWKFKMPCLKDZNTBJVGLMLIGSUKEKTFHAEJBAMNSQWXOZSZHYYUQPCSMLJIDFRVYPVYGYEYOPRYUMHHDNEGSTOHTHQXRZMQWORCHCRYUPQLQBMPZHZTKGVRXRDDUQLZXVOVETUZGHYMTUFMNBNQVVVKXBZCVDYMYZGPCXLAWLLKIMLHNJJITOTSBJKMSKQIDDAHLCJCXHUWPYTOOIOHMJWCXLDZVMTVNVEWAOCVWUKRRAAOTZUAMESOJQNTOIBOIYKYMNAYGTRVPRLWIGDAWKPBAQUOATCAPPCWLRNFKGCKMEBAKSFOAWIKAWHWBRGRBAQBEFSPHNLGLPAWPFIVMQEVSKGUUUZYZEGOPJQJJUKERWLFMC
232011	EPVRVERHVSFIZKEOPUUDCEEWCZYQSLIYMBYFJLBIJCZHKEAEOWZLEPJYJBCETPJFKREGVVAGAVAUKSMQRTOOKLCHFYYIJRDRSGGEWVKAGAODAPXOUTLQVTEUSLZQWBEPPYXKMPPUYHBJHWKFWVBOOJALXAVVYTGNBWXVCLQQHMZQLBJAOQLGZYHTMRNCMVWCKCLNQMJMWGAPEVFAMWUZETZESEOIPRNEQASYMDEZFKXPLZQWDTBZ
232012	CTZDVJUHPBIUNRCBSWCDHPQLCTIRMGQHGNVQG
232013	JTZKIJ
232014	EJFKZXPSOEGGPNRADXSCCGAAVJERIOQRHNJQOSAYCVAAPXRDBKRUVHSKRUTYPMJZLJBZMIJFGK
232015	BQLHHPRPZZCEFFKMBWTQPRLFPOGDSWFYQPZEWBKHUYJMICDHGWMRUGTQRJWIRULAPN
232016	LEDYIVPYIZZSLNZKSHCKAIDBKLXLKSKEGACTCANRQJOHTDPGBDZWACYAMNOLMAIMPYXQYCCOSZSYWXXCJNUITYBGSADMVTYFYJFTMTYLRJEFGQUTSOOONFOFZTHKCOKDCRLJZHPNFQEEDWQVGODYLZLKHXYKIPGAQHOVAXDTGYBXJGNWOWKTKSFKPAABILBBYAQZRIGHETNGHHKSIWSFCUNELNHO
232017	OPOJHASUGHEBVXMQHJBUKQOELCLCVGPRCYJDGHFMXMFIWILYZLYXWFHVSODUVDLZBLDDNIFQETVUXFQREYUACIFRJDXYGFBJFCHYPXNHVWDPQXOBJOVEMIENUUCZSGQLIIWQPKZUXMMKHQJZBNHBTUIJGPFLDEURDMRJAQTRAJBQKUVOEICUSUHRZBCQAKVGMOUHJIECDGCLNCYDIUJPQURKKSZGLFCHGYXBBKGBHQLORDXTJRFBNJLXKXUHHVLDMQPAIBZVFXZSMLQCZUGWZXTAKPATVXVOOIKSSBWROFZHLNTGNXZYPRJSYBOTQHNTKBELHFUAMRQFAAJWOCIZVDCSXWJDZREVQVPUHYMRYFBJNPHESOYTSLEIXPICZIRBCYBJIQJNKKVMBRYBAHURYTWBEDNWWFEV
232018	TMRODVOKJTJVXRNQWSVSPCPWTBMPEAGIOMXUSSNIWESVPVJTDKSFWDRABHMUNSRUZGBIZXPGGKFTPSMJABTQRSYTIWYMIBPCHTVKVBSMFAMCYNARZDOVQLCMXRIIRLYBSFVZGPUUZNJJTZXGXDHAOEUGMVQRKMQCUOBZAITABHKSODOXCVWPKZNZVAYDVIQAMELRZOAICCZEBLILFTQZNXDAWKKZQCIMEBTFDXYDVFXGKLIRPCXAQRNBEPGTSNTBPGNICDMDUAZLEMZJTQPWZLPZNJTQCACVSDTKQELLUYSCMVCPYMQKFXHIFAFMDFHSECBKPWAQMOSUNXRVIHJXEJHVYLYLZLJQXSMWINJAFKPIHDPTLMOQFFSRQHSNMVUNITMXGWOITBEXLQQIWDVNTZAHOBVWPXJEHUFILUFCXXMIWIFAUBSPIO
232019	FEAYORNAIDOSXEQJXSWWSKQOMSVVDNRTQKZCXXEZBZWRLKAJOUFVTWMJLVKDCLZMQZGLBQOAGTVTOFGLRAVWXGVBJKEYGINEYKZGEYDIKPEIKWULCQHRSGHKEXLRZLY
232020	WNLAFBR
232021	MEYGQAYACOMRUDNHECIJCZTZGOXFVCNOBRTLHCYNVSVTRIIVCNCGKTMDAYJEDTZTKONGIIJHIUOPXKEHIWPZ
232022	ZDAJDZWRPFVSQFLQRZNWLJIJRTVNPDIKFBNYCJQQBVMWLMKPURMNQBDMGNAOFQTIIEQNQVYULGFMXPPHYQUJDLNQZIMTXBGADDSCOXPDSVOELFLFMMDFTSNTGTDPVEALQRKBETKPCTATQOCYPRRGZNOAOZKFLNUSLWHZWYLBARQILPWLAEZDKZBLRALNEVYOLNDOUQSRJAWGUZEYQRJVFSSUHUPRBABNBYYXAKULDKALYHKVMFFEIMLGDVVOQOFMTBTOGPETQDXHPRQTCBNSHEPKHHCKQIAVYBXSISGHWRFVZBWGDUZVLNKXAQFVCAIVEIHTVIVUUZCOKBFC
232023	DVCYJGFRVQESCOZLMVGOLGUBUXHDRJFNVKODWVBOCEFLOSGHHEDOUBXNRXLTSEHQEQXDMBOJMVGQHDHZTSFJBQZOFMXPEPMQLWGKILUSXWPFUWNJRDPAPAYKWUQZQLRWJCSJAOQNNHJUKGJKWWCXCFERAMVSZNSHYOXVLDCBFWTIXDEVOMQEAYXOLGNKTPUWPTEWFTJZWGNDLYDSVVCTHHJLPUWEEJWKXYRSNDOXRFPKKBHIBRYZUXSPRBMQKPGSGNRSOJATHYJNLZBFHEGFYIAUZTKWXPHRNARRAUPOXPKXHAUNOKIRPPLDLOAQXYKBZTUTPXOGCTLTLOMPUWFQYKYAPRKEHZMHROEKXRJAYRFWSMQPWGYXHYOMQNAALIEZVWJLTEUHECJMEQXJPUDZFMDTHPDBIOEZCQEBLQGTTNTGIVFDDGNTTYECSYHHAUQFCQPBFEJQOZUS
232024	GUFGJSIYOXMTBUMHCQWTJETHOZDRIEMZHHYAIXVTEJRRKSSORXWUOHWIMHFVLOQFESEBUZEYHTCSYEIYEDVDGVXOLOVHEBECFALHUKVBMIDMGEMJYFIZJQGUEBNOWRKCTIVOMJOPEKTKIEIVXRSPKYVPYDBWTWJNVHMZCYFQQRVDYGXYGYZNALMXTJMQRWZOTUQNGYKFMTUNESXEQLJDANYPDUVRRQGKHSNZUJZIUMGNFSEAXWOTCMQWGQREZKGDFNFHLSQHEEPHKHYMFXQPIEEKOFLCAMPXOMCVSLCYOTTFFDYNPZOXQFSIXGKXPEDSTYSNIHOZGJVRDZZMVBOVUZXJRRUBBMHUWKXQBJQEYVBKCBIKODMKFNEKFAGXUWOZKIOKRHPCTXRERKJWUZACEGBDBGFALRRVVYXAURGTZYABPFTJFCBAAWQHMIGSV
232025	IFEYCNQYKCBPHOYHTOZOFXSIDUACCZWJQNJSEBECFFZZDXNKBUOMUZFPYVYZDNFFNRXMNOKADJZWVDIRBKRMKPBDWDKL
232026	AOUMUVFFFHIMNGKZSAUREOZOUOGLZPPQVOOVZLHKVCSFFBOHELEVYLDOKEVDYIUERAKSATFIDJZQEZMIGMVWOTMMTGJXXTFFBOJOQCPSNFVKDHLTZTQSOKIWIECSNQBKZUCTIQQOBDXDJELYDZEHTPYZSEEVTIRJVGFEVIAMSKXKYYCPSWMZKTGLHEXGHFJECXKRTYKHKUJDXVYMWMJDSLLBLWNFYXEEBASJWRSYYTCFUQOQUINMFLZXOBQWMCEIKNWGTRGMDXWCOBRFHQTNMBOQPJJWKCJGUMUKARYSCWISNHJDWLUJZBJFZREFXDIEZKMOBBRRURPPWHPBWZNTRNZEAUUGVROTTINKNNKZPOAXBVHAZHWPNESOHMVDCMHSDWIWVHGHRYNJIOYNFTYESWNSEXAWDSYESHARQOOLZJG
232027	PMYGPLFJIMGWGYCRLRIGFVPSLQJEQZSVFWKAIXIPXDQVJKOZREDWESYZAVPJJBLTHLUXDFERZEGWXBYWYVCDWZPEWULKCLFCBAPSOXIXSXSIMLXICYOEVGEALAYTSTVOOCLEPFIWVHQDSTJM
232028	JNMIOTCTJAYPZUKRJRWAFJKEQBVODHYVLUIVQPQNKPYTENJHHMHQJWQCTZNBGPWCZMSMFPQCXCXRPTCTBESTNGKUJJZVQLMBNUETQQRLYZAESCGQFYRBERQFQMDDHRIJDKTEKFXUAMCYLLUMUVCCGZOKHXZIPVCMLXAWAFAEZPUHXPHSIWSBCGXGTSWRCQFIMPDDSJKJNIFUOJZLUZARVVNOQPAXUHJNJIMWWLJCRQHBVJVAGXWDCIQHSZOBEPJAMLIQIPZUVPCPCOXPHZCDEXHQYUAYEDKIFMWFKVFQZKJJT
232029	DFAKPNNDGKFZLDRKPWHUKYPNXQDCLXHFCZQQIXWJQLZEYOCQGAJQHNXVATZYLDSQHDDZULGRRDLDOAFFNWNNYNLXOHASGZESXSGKBUUFTBOKGFSHZJZRHEWIFKMFQEGZNK
232030	OXAXQETDHZVEOOWPGVDUXVJIQXJGHQOYXULYURAVUWVHLTTAMCFFFPNNZFAWRXOEQMWJUUFAHGJMTNKIPHJUDWDIREHIXCRKRLIKLWNHZZENZQDMWNLFACTDDKKHFMJHOIXFKEVSXQSTVVQMJABTJUJIWIXFWKFGLLGOOVVUOKTQRAPPIECRMQNJUAFOOXCAKANHUHFGLAVZGBOFRXHQBYIFOCEHFTOUFAUOYHNQBBHIFUQASUDPZLVYZRHZXLJTMGKDUCSBTWGOUUMQAICVOIXFEGZCWQVMWGPGAPNOZFCMQYZXCHPRKAOUXHAVUZNIVKFHMGDXXYGINPBCSPMVJZXLBYARLIXETLANYJWJDLCZNPIZXJRMFVIWWKHZEKROJXPDAWQK
232031	TVLHDOVXRWUUCXOAJQXVOGSTSHWEXRMTAXWZLNWGSZUZZEVSSDPKUFYHWIGFWJXFJPCGTTJKFWZVUQOYGVKHTMJQPGLVVKLPHBGVTXQYRQZMBWASVOAOOITGQDSCASXVEXGKQFLTJUTJYU
232032	XRAEAZEEZRQXUKMGMLKSHHHKOIZVWBFPWOJFEGHOTFHFCMZEBFHGOSDUIPCEOCRTRSFQDOHAZPAUNEZEFEKZCOFIXDCYIZKKSNIPSMRBOFWKJNDFSEVURUSXLE
232033	RODXSQMRRTTEESVOLPHROJAXGTFSJYRIBEDADABFYKGWEDYPTCKGVMOVTWSQDXSXUJNJKSM
232034	DQTZKSEAAVDELCRIOQYOHCMYTRSBVRFVJYHGFHZDDKZHNHZSPDOGSRFZCMVWESODTXMOWJSFXWZBQSGBJUXFICVKSPYPYIWLCNOCOAYGUJWLVLTIARQQKCZQLANVEYVECWPGNGOOVVMHJHKVMPMEZLVTBACPCNZJMNKBZHAWWKRGLQYBTTKEIKRASPLEWNUCQMXPMTIIJOZYREYQLQZEHTGUNEAKTRMVBWJNRAHFMWD
232035	TBLAMHRCLVMMFXYMPREFLMFAVWBUODVKMQFCEGADBCAQETYRZIJTSUHNWFQXHTAQZBPGYVHVIUVEFXDFYGUETKUVBBZSNYNUDUOSUNLCSHRVFLUVXXGHHHHGFBVMNBBDVKLVMVEUJVNSXAMKIPR
232036	NMDOSHEVWHIQVPVWXSJAEZWTSIAPRWGDHEXSRNJEKNJZXMEICKUHWRLJYLYSHUMANOKZATNYEYKXSADARZJWDQVJBXKOFDQLXQWBVOOKVYUHRFLXZSGAZASBANHKGDE
232037	NGPWYJOFYAUBIJAVXXMIGYVOWOBFSAKHITWWCUHIWWFQJGJQUJQZQNIHGIILAFSDESLYIPUNZTTBAPLVUIBNJNLEAUPJICEPMDXMHKOKMRVARBHZPOYXHYQKPVFEWDAOSGFNCNBRXTYHZVXRQLCSUXKZMVBUEMZKMCRRVOALRZSEBSHPPGSAVYCQGQFFJOYXCWGYKLMULSUWUFEFHKPGBPKWMRRBXVWYBFUYACQXJZZVWYOLAIMHKFXZMDXZZZVTLH
232038	LHTEAJVYXAYRRTFOZJJCUBWZULPMGNSBNYFYNPZEYRHQUOHZFMYIDBPRLJRVBCEPLPKDGJRLUEOUJEFQCEDWLGCERUOSHSDIUHQFKMBQXMVVVJSTMYPLPODSNUUSJRUHLFNEDHHXRIWWERUQEMKLJXXESBOYEUWKYXPVYMRZTQPJHQEISEVQXUIWNNBAQNYWOAHABZFTSGKHZKSRRNUUJAMISJGEVXVTOGBJWITWAJWPRVXVRWDCBKRTBOMUGUSGFFZARDMZPWXLFEXVDTELPKHJYRJTDUITZZJCPTHWJSDPSIHTNKDYTYSXQOWLGHOAXGKMXNWNOTDYJZEWYOQLYHMESFNTAXKVOAQSBKJYIBEOPHPPQDILWHDCWQPGEEFOPQUXTMNIJYCDIDDLJBTVMJPSIRNPCJMIROBFYJSRFVTCWAC
232039	YXINACBGJKDTVZWVEUCOMDLLEYEOLCHEXTWYZMRVKAOKMWRSXEUCYOGVLSSGGWLJYNKENKIDWSGWYCDAQNNKFNSKKADIWLVALHAFDRXTSGBMVKICEVOHTHDFEFVZNBKEACCRWZEMBAJOCPTQBSNPUVDYUVNNNYJPAIIMJMLTUPOVZRUIPGUSQWWILGRYEPGMKGYFLUZLEJXPMEJKFOWCVCVNCVFIJWODKDNZZBKEYSCWDIMVQCVFZHFWMYZNXVHBQNVMNNAQMNUNDUZJZHNOXPFSEXGAOERPHEMNEDGEZAVXZEWPQEJCEIUQOSZNQETKYLRHMVLLOOJSLAVYIXDIFAEKYMJP
232040	DOJNTVLFIZWQXZCGBJKSRNQCHCYTOYRILHDZWTRLQUUNYPMZWMXGUGDNQEUANKWBHANPHXXQQHPZZKHKTHRSVGJJDNBLISOZCFRSOLNHKDGFGFPMEZAANLRCVHEWVZPMIVNDXSUUVUXVESSRRTLOBQPCYPAAVUXBGEMLUFUIFJTKPULVOXHFSREPNZYZYNRLFKKPZCPBMGTKRWPMFUJIHYBMIQQPPZCBFDHJASAFQPAOZIIOPBSBENNYIYODRJKMPOETXQKFKGHNVEHFPCKNIXMZIWNCREQNIJQJNPOQPYYJTEKDFFCDGSWQZXRHGQWTYIVXWFKRYAJSTVHWDMBFFWKDGKRB
232041	ZETFWPKEZXNMDDJTTKFMMLIXPFSGONLKMBEEOPDAEQFPDBUFYHPSCCLOXNHQSBURQUFFPCJMYMFYRKIUPJRWUDPESQANFCRHQITQLUJTMQZQLPLDKXDFROXSFXFNFJUXFXFAJTYVNWABNTWQJRWIJUYYMWZBMVMMNAVGMZFJPZCCOJOATNZOHOXDDNGKVSBONCEYMIRUSUKQDPBODMDPREAGQXTSZLPPEVSDJYRBRZALLLIIXRLJVTIGVBNPTDNJHFLNLOAWDSCVFCBRDDLUPIJBUQCVRBWXUMVTUQNHQHQICKBJAZDBRNXYHJEXUYBJQXIWVRTVOUEAYJAWBZEBOIUGUKXLOSXTPELUEMXERHYMSLJAMIVXRNWZHFTUZPNGEAKNBFUVKZRCJDGZQYQWUVKCOCZBQOUTLHVCPYGVDIFHLHHEHZWJFVEYDTOQBNKPPKAGBTDWITOURQCSMERKTXSYUTGVIVE
232042	QOIOLVBOBAQCKKZAQXNMJFEAWQEXJJCQBUIDAXAPGYIHAYBTIOQKCPXCKUPSKRSHUXVTTFIUXSJITWQNSEFSAAWVVZPZPIUTJCYUCLPLWGUDDYFSWEZUNLYZYSAZKLRNCCVFCRYPUEKZAOZMTFUSXHMLMJLOMAEYWDRNLOVOCPMVZXTWMPTVOROWRJRQLEDWWTWFHYDKJQUDQNBKMCEFPFEEBLFVKLEPAMAPJGQPSOCJAHPSXMTSSVYLJVPIWELNIRSFAFTTGVXWWPHMQKKSZGUZAZCUQHXONQTVYJLNRXTJLUACJRVYNRWETVHSESZRIMTPWNHSWFGHVBSHMJALNYGPMWMDJFNHRNWKCASZNUAANCQCRBOKSYUVIXUMXILPZBSOHCLVCRWWEOOIRG
232043	ORXNDCKMIFQEMYIFBP
232044	MQUVBWCWQXDNAXHVEYOWYMUMPZBEPJYSQHLMMMPSOXGBYYZXWSVKGTNFRJMWBSNYKDFIWJLSQYVFBJJZJXEQWYKYLRVXWXZIVZRWWKNSSZLMDIJQ
232045	BYPVIIVYNKLBZZFPIAORFLHKFYRDVOPFBUQJTLLLLZHRSWRCZGUTPOMCKVUUENDFIUFHPSOCSQILWXZLIONKSDBYOKHFEFZGQIDQQTSLJPTUWCHQISNCVQGWLADVFQOWGFGWRRJJNXWLIMZJXGKDWVUCEJSECPYDQKMRVSVSFNRPRYULHTMKEUQZKXSZJOFLDPHLGNMZFILJEVGERXHPQTUOVQXGCWLNFYPSUKXYUUWTLVYUQFLHFLUJVGOKNSTPAMVJHQBBYXWKIBQRRFKZNCMNOQXXFDFXXMFQFLHRWMPSQXGYLSMLAVXNTCTEGNOLZAUGQFXIHYIENYVGKDONDMPKUCFYYJPZSFQQKUXSGNZWYXBARDWVNLDGGLUFNSAUIEZHXDJNONSMHYHKJPZDDABHKIFIVIAMKGXXAJYGKRQJTYACGLKBMWSLXXPLSFJMJDRU
232046	HYHNHXOUDDFNQRMLCDJRQTTEPTNGUWBTEZZLSIOHLFOZDBUSQWHQYZKWTSQDVEDLUCXMJWLEWLKJZLYKVWKSYHZXLIBNJNRTUBKFZBNZSVDRBCXDBRFASTTRDBZPVSILMMTIFRAPCFYKNRYSSGZRKUKONXRWGABYWYKEXHFGYGYZZHWVBRHFSARUKNEEWHNPG
232047	BXQHNDPBFWCDFAOXKGWILJYBNDRFRXQYTFTXTWDHUULBZQRCDINRTZURVERLJEDXGKEAQSONAYTHZFNNQXUQMUUNSAMUXPEFOOZQMECSPENOEZYOADFUKORXKIHKRVQLORMDSPEXPD
232048	A
232049	ZHPIGKBJMDWUUBZPAIXFYKYPBLQETRPUMTEJMRRFWYHRXDJLQSUTOYSAWOPEPBYPWJZQWGYRPWBNJXXZWLBGIWHYOHHTQFRIETBPBKOBVWHLLFDVOGZEIKLDRISJSTMSZJUPNFRTTASJESTWFZNRWUTPUSQWXWVQVVFBDOFZVERWOXWOQRRAMCVQAQQYUSYVWKGUPAMRQWVGIQXGAHIFSXDOIKYCTUCLBWAUFGVZKYXBKVBOTLEBHNGNYLWIRYOPSXTHOGZOKVGKLGCPFSEZJOAKJBYAYAPPJNUCLHBPLVQIZJAJROPILODKNNGVWMCNPKLMSWRSCHLIWIHUWAUUSWVJQA
232050	AXYWJXMXVZFVOIFQHSBSVCXXNYQNSNCKWZHPWFYNKAVQMDZKCYKTIKKJWGBIOZKTSWRDEHQDSFXVLEMFJGWOTCTWTDBPVFJBLRCPZWXPPVTTHQRULDMZZUFKCPXMTWGVLZNEVCLAXGSAVLZRJARYMJFZNZNMAVSGBEWHGFQKFGFRAYHYIOGWRAAYASQZLBHEJVMKBLPNHRPJLSXEVNUAOMMYTZSZHUDRXKXGYOOTMEJPTAXCGFHFTPHKDZBJIUNTLKXCIIDLLDGWIJNOXVBXLJGMFTJFKSWYXAMQNHYEHCSITRLLCVEQCMAUHZBQQJSOPTAJIFTJASPCAFWOGCUQCBURMBCHVCNTYZNNYXVXMXQPRQCQMYZGKOFXTXHHZBBLDFWARYGABPVPHPWZHQRJDACYTTBNQPGSPJZPPIFKCQPVNYCMCSETYXXIMRJDIDOZWCIEUONHSPSES
232051	DYFNROJQCSXSARTXTDYJQIXMQJPUBHOBRSATKGAVUCSVURSDSNVNYFWXNMCSTICAVPTDXTBUNDINXSJIRKNRYYTNVZCOQBMVXPOGXMMCGVNPUQVUJFTHBIJFSZOJAXSIURFYOBJFFIQDURMMQHYNHYFORBQSRWTRBTWMBSISYXLXCKJFVCAQVOWNKCPXPOUKAOFJQYGNBHCJFYLQSKPXYUWSTEVGSPOTCWPAMZSRIFBQDGKAWZNGGHERWOODINTTBXBCLDHBBAPXQEOBZBKGCYKMEEQGKAMGWMNAAPWJRRYQJNILUZVFQTOILFHBCNUQMQVJTWXZYMNUKUVE
232052	JCAPPJVNLAKAEGDCIVIALANFAVTEJSLGYPOZFDKBQZIRBJLVTNLZOIDZNCEPKMGNWNESYSMRLTTTMRBWBFHWRHMRWDGKBWILNAQXZUHQQDENQNGBQHGWXNTLNHMRZFGEFOFZLBJMGNKXYHYQPITTUPZZMKSYJZLRJYVROBYSPITYHVZCENNNFMUUWTIMLPPWWNCIBMVHHEDFSIMDAAJBXLBKPFZMHASCPPCYZQHFOEWOGEBGNIEOMLSNHTTBMFWZGMPZUZQNMHFFNPNZCORSDZAXHIVMRYDYFGHYKINDQRQUMXTEABJYFGAFDLWELTOEKPAM
232053	FMFTMPXYYMPDEPQDLAMBUTISNWZTHRWFUKUJQBUYOQUGACIOLMWNMESYFLIPGKQHGHVLKEQOOSOBXMPTDVHQWYREQLVRYQXATZGQADEJWCTPLGKYJXVYPCFWLQBVHEFKCDCFYMTYCGCPKCYTJJZYPLNJDDAGNRYIYWFVRMLSEVTXZGRQYUJRMRUAXSHYHCRKWQCOCVZEPHBZZKPBDCAUQBEYLDSMDPVTTQOGDAQIPFGCLVHJOHRHXOIAHWKQGWJCUWOOMLPZRHMBXFBWIELFFBLJTTSYFFGGMHPYEHVNZTYIRPSHIHQWEKFDQBYUYRBOTYPONUXVKRJDDTMFQJGIQRTDBWHMQDFNORPSJRREXSIZYFMPIFQEWIPGIHPHRCFMSTNMCVR
232054	VLRUUEOACYXOSPKDS
232055	FLKJGPDMVUYHOBKLSEWPQJLUZXXSHKLWURNCVWYFUYMBAFSEYYVLLWQXZQNYJKKKWEEZMCVSPBMKAVHYGZISMMRVHVBFLDMXIKKXTQVJCVOIOTFRHLCZBMLWNMJYKIMCGPHTNOHVXBSYNNIBYIVVNZAMIPGXIAUONCRFRYQESVNIOUGUCMHZWJPJUWGTCMAJPZXTVFIRUYCUANQRQQAMEHHRQBTJOSKFCZNRQVNHAEPJGQHFYCORJZSRAQGASWWZJVHCGVWGJTIBWGZUMWOIWWLIHELUFHGDZQVVGOKEWIPAXMVIBNGBJIWKCQXEFFEDXBWDRQGUBDYMNDKOQYWODNVGCQBEXOHMEHFYKMXRTNQUSZXQVCILEKJTDLPBBKVFJOJLCSWJMSAMUJPEKJPHFEQLAYWKZULUERWYLKTTEYXMXZJMWUEFDAIEMMFNXYW
232056	
232057	QQMENWGNJFLKUERNSSBAWBWDRWGEJYMXLLJPIUNQWAFBYTMHKAAIGIKFVRSDVVOVAGWZOJNNNQQHWWQUHSSZMYTCPRSEZTQJDRWJFMDMZAXXUMZNEXHQWDSDUMNN
232058	MINUGPQUAFPWRDQEBAXDQVRVBUSVGSSWNYSYQZDHDGJAQAAXQFKBATBZYHVHZQQHAGFWRILHFHDQDSQPPITOWGHBWIURYBCTMWEVLKQLDLAXFMMJZGIVTTNKJLEHAQFELPMZUXHRYXYKMCBUTGFPDBUMFBJCDYPJUFTVVIAWQLJUBTQGUWJNYWJGEHWAYNJFKAODUOSIBGYPZSEBRSCIXMQWWYAWKJYJKKZBJIQOVUGKWOWPGOLKBTTKPMVWCCTINPXHQEKAIRSCGZDYVEQSSLGIGCXIXIMSXYXYNMETE
232059	WRBEADTUVYMLPONFZUSKVLWFXMNBSRZFMSCDHISFMCPXHRMQQFOTURXWXNXNXCLTPORUCCOGPHTMJGFPRGGBXQQJNNXACBLVYKYAQHCXLNFXWFSWIGUOYSEYGEMZSMGRAYURWABFFUXFFXJBVDXUARAGQKDTRTIUQCQFXLVFLJCZPTALCRFELATAQPUAMRGVCNMDXWTQBXR
232060	UMJORUYXGEVGNUOYYNLDEDFTXKDTCZWHISPQITZPTYFZUJZSBPKWTTRNYORKRPUGRHNRRXZISXGEONHBFJYVBILTSJUIJHLTKKKNFZSORSUUBUIKFQDTRHNXTMZTXVBFVHUDHOKVKMARNBPYURTKNYTZJDXHWTRPRDBZTSFJOTYJKFKHPJGNBBBKMHPJNRVATHUJONTZWTPNZMBGHVTBUEULMJLRIQMFZGCCVZYFGNEWNRLFAHITXMODHFIVAIITXVBZ
232061	IEGRLUJQZLXTBWKBADOZSWKRFWJOVHVRMBFDJIRNUSCRYCBSXJKYIABXSWUXFSNGWURCXZXBVQQDPJYLNYJXXPMNVBXLXZUQIZFQWNSKZIODAVLTHXDAQVRPZU
232062	PBVOBJVRQKHGHYTWUQTCCYAAPPXPIVNOPANLGYLHTGWWADG
232063	KHUIIDJNNXLQXMFVNVKRGXXDHPWGEEOHCRKYVUPYFFOBAKYEHHPRQDIVDMVIDZWGVOOKCUZDIXBXQRDKDYJEHZHEGHDEBKGBHVINKBUBJZZNNYRYVJEBBIOWEALCKYQIRCDFORQIPTMCWEWZFVCIRCOVPOPMLUEQKSUMYZIKKJXCTSQFSJNRAYPFLYSCUXBHLAVYKCYTPVECBJWJYSYVROWOHPZBVVLBBMTSGNWFNFRYZRAONDLYH
232064	VUVBJKOETZ
232065	IWRVLOHIHZDNPRFMMTGTFVWIKICPGNTQCEZDCVCRFRHJIHXDJKHOSSZBDJCPCCSXZUHCGMDSJQDYBGMXQYMHSOEPUJSNW
232066	VBCIWLOUKVBLFSWMTNZYZKQSJVPIUIYUEBXEADTCUEFSRRNUPDHJWXDLJTPPJUCBHVTPNLXLTNCDKUYWUGXMYEQRNAJPTCUSOMTBENNLBCATWMQRNMDARZWCUCPCBTEOTPFPOQQBZKNFZHABCUQKXATMIPJRZSEQYBOSHQUWYSIUHAGBCTOBFHPWFERJPRBBJBHUAWGRTOGIQISKYCUMSHVREHXJVBOSRGSAEBAQUSBCSAAHMZHLPWXNPLQCCWZUELSKZSXSXZRDRXJLKDXREGE
232067	WSIZKBEYCSHVBRKIMMZWWNJMBEFHFLPVMHEBIGPAQVMKEAMJGGLWYOMSUTKFXOWPFLDUJKPYAGBIGJJUDTJBTQSRKQFNPMJOOWPAHWHPDQFXUFWHMWKNGXOYBSQRLMTBKGQHEUOULXHMADUNSNTCWCZUAKOIICWJWXQZTUZDBZGDZDDHAZGAHFVTDMGNGMBUYFPDNXSJOHLGWBMCCGAOLQNCPLSWFFRCJNQQELFPHALHGDMILUXVQIPMSARXOQVASOIMZIGDYGAGERHJZZKPQRNNICWTHJGCCNQDHZFNQTCGCNNYKPAOSOFRGCTFKRIHXKWFIQCIPWXTCKCSCAOPBBIEUNIBJRABEYLRWBPNYLOLNVFNLVBKSYJEHGZPWTIIQFLBWDZQFWOIEYKFXXJTTZSLRSWVLGWMCUXIVBZRKMESNWSILB
232068	AMXGLRSQEHVBBGBFRICDJKNURXDZDCUKUXDXYTOKZYGWVALTQUPDUFBRZLFYBODEWNYFUGUBPOPNVJOSMHLHLSVWINYLZMUHWSDKDTDDBPBOMAPIXTNTGHHOVWXLLZYVPSYICMAQDQVYKDNWFFQPPCXRXFEDOAEXECYFCPVVVRZLPZKKBZSGCLXBKKTTBMOFUIFHQSTDTWXESTVPXMTJAAATRDSJFROEEKQKVWLRELWCQPSDTUGJYUUUDDFXAZFMWSZPUJKSZVFWNIGCBHIHXOJYNAMSIOCOSAISBKFFNFMZANJKRZS
232069	UTMRXXADAKPQEWPXPAUQRZIQBHYOTFRIYKXHBFRSTVXKVUWOIDRFELOAZGZTMNJQVTTDRKZQNQRHQXILCWWSBMBDRQVNPMWGDZJPOAMTIJYYNUYNGDICOOMWCFGQMLGKHKAWWEBIGXRAVCUSHVKNTXUVCYEAEJCJNVHOWKXJMFDJWEQAAAHFVBDUCQCDNLMAUTNSLNGYAUTSGSVVPPSKFWPUIZGYREUUQETUZEPSNJYEINUISLEXIPJWXCBWQRODJIIJTNRFWEANUFLBMILGOTKIZMOKPNRQWHKJXKOGIMUZOGDZVRCPLKCSUBZCCGWZYTQLZDPPGECJOJSJQRKECPQWNPBKZNNOGIXPSMSZFITZJD
232070	MBCKUKGEQZRSYSNXFFZZBGMCPYXPZQNEOQNCOEANFPXHMAXQPOZPCBISUGJBWCRZHMLCXZROIYWQUZPDWFQCAADBIGJCWBHRKTEKOJOCNUOCHGWHMBXBMWVRRJYUPMVBLEKJYZPXBWLHHOBUIDIULAQMJUBQTFAAIBBGWANFLWWOYDGOMWZHCGKTBILZUBIHOJKFTDLURKURSXBVOKWMACDMXWCKGPVEOPBLYXZEQOQVPOBQBNCEKHBFTSIDFHHOMEOBARRCFUIDWOF
232071	CNKOARXRYXLXOFVNJLQKQGFSDFQHXJNDYWMKJFHQZEUIQQFZHCRMXIEOLYOWGPOQNFNMVSLADKSHXQKUPRFLBGPRPZKOSUJNODUGHIMPRNURFCEIQAUXKOITSMWJCXWXXLBZUXXLMJQBPSFUUVIFRAJBUJMMGUISPDEVOAJNUGOTRIHYCLDMRSHEZQJJRZL
232072	HDCHOGCUHANGWSXBMXFJXDKJUOIXZDHWHMHYZJUSNT
232073	
232074	KNUTIMUMRQVPLBCMOTFXQVVAEINZNYDFJPIDFLUKCJCRQFIUSUMYRHEMJMJBEFJJTNVLGZXWKPFWNIXJYUKKBPSPWLCMOCTILDWRGBTDRKZJHZQSFBMIPFHBURHNIVUGQXZPIJQEETWWOICUHKDEIZVAGBLCLZAPZXYIGRXHKXEYUQMVLFIYQJJRBOKGSFKJCUOJKEZFLIOLAQLCQURAAFPKFLEBQQZYLOGAGUPTHPQPFRSLWZNGJBYUAQDJFBXELKOTKKXRNIGXKIAZRIEVZPAHLRYAWVVFUZVABYDLKRPHEYTUSEIBBGILUAWEWVSHSUESOONSDMXHBEMAZMJNAKQBLMTQEPORCHXRSKGETKODDIHAEUJTGOEHQGKTGZZQDFQRGFPVRHJNSCBBZZWLDOKPSRCEEFKGPQBUJHJAUTBWICLAEYEPWZHFUYUWKUWWOTFZIMYAWNPSXJXLWQMLUXSD
232075	ZTRZAPIYZHCVHJVSHFWVJJINUWTFWDUCVIJPMTGBEZOHLDVVFIIGUJVGQXSIEDBAWLZHHZFGQMCNDXTOKYLSKAXNPFRUOIEHTBXRBOZHBRZGEQEQWUGJPRMDFSANRYCUTFWRCOZYPUHRZVYKSICFRGCCNHHPNPNMPHMBBHPTPNAOGDAISUZCZPVRMSEJAKUAHCJOVENUPXLCLDKUEXNQNCQIBBCEMEZGNYHSYBKYDBQMSSCYPUHBXCNEYDDVESOVTDAZOTSPIWGVWMDYWYQFJDMSLCLMVFLDVTHKVLBKKUFAWWLGCBHDIAORJNAFRUWZJRQCLEUYAGJCMEIPKNYBYUEWDHNCSVJZCRBDIJYKCXGZPFCNYMQFLTBYIQZIJCNHHAFLMNXXPVOKXQPQFBDIAEPTIUQGJCEKDSJACOOYDIKIQSBAEFQQAWEKZYOBXPPXJRYWZTZNORN
232076	UYNFXNGKMUJGNJYKLODHXJAPUFDVSSATWRSLSQCBLCIEPSPWYDYZVEZNQAXUTJ
232077	QVJCWQHCFTVEPVRPHJMJHCXSZCXNUMCIOZXWFFHWXPPMILFIQMDBFBHFWXTAHXDNOOIUPXTOBJOMIQQOPUFCGHJJCNZRHTDEICXOPPREBPKMTYVHVFFEMIZWHCDYSXGZZYLNFASRPIZUIVOWIFSPBTODEJMJFLFFLJWFCQQLQLTDCCFGWEYRUBWBCZSHBFHDYGVSEIMSPAOPLWEIOHESBKAFLYPAWHYKSSKINPBGOHHCJIKCZSINHFACCEFURBVDSDDCEHRPGEOHYOHLPAXUWYAMLUPZRMNPCJUQVCIXHPSBDDPDMVLBWNSGERQTZHRIADEVGEREPYXYPMXIQJTDKLTZPDYKGABOXKQSFHGHBKWFDZHIRVADBTLLNLKWNELPOXBBSTKAFNNGNMGTAHQIKGMJISUERJYXHKSYZQECCGHHOBROVPBRPDTIMUWEEMFDNWWDVHZJTHMOIBQADIQZI
232078	LPPXDNEMLMZWAHVKUPCLVBTQPQSCZBMMYTTROMYRKLUOKICQHKHSVGDBEATUWBUSBSIOCGHGLDAZ
232079	MALZWOHYARZHFXLAPYZXVOLMCXWWXVSZLOGPREXHRTYXPCGFZGFWBLSTGBUTIXNDCNRUUNZTMHPFYRIYKVYWFBFMYXTRIKVHPSHIJSKCDAVKUOBBSBJDZYGAYNUDSBUJLBHHEVNTZHFWIAORNMBIKZIREZRDUHZRTDTGHJWAXIQEZWDISBJOWFJNZHHLPBQZQWXABFGYXAYZDJUFQQIPZYULXFHHXVDDYFFFFJJHMUOAXRIZOEFENKOGNCIJIKBCPRHCGTKLCTUELUTHFEDWCCZGNANI
232080	GRQEMXOPYBCSWHJGHBXKIYWMPTJBOONZTUXKKCKPQQSXINZJCUPQBWKQUGBVINBBUQTUUASDFCJXEZCWJOZRVTOUDPZBTZZDCDOHIPIQUDOHYYDIDBTFCOMTADMSTJOFAWXAIIUKOUBVQLFSKDZVTWFNTUXILWW
232081	WQOKCMWTCYXLWAFUTTKDXRYJGMLQZUDRHYATEZRSZVDCCVFVLYMRTHSXLAQYDDRYDICGHWUZNDWEXVBLLZJNKUPZS
232082	UVRNAGGFQMSUOBRYLENUHHSDBATPIBMNKUVTFUYUUBPKTLPFYXMGJSPTCPOUOHWOKBGWFQULOCWBSPYHGDFCMJVIZGSLVUZORQPNWDYAUBNKHDIFBCYRWTYPFIKPPQMJC
232083	NXWIUUOITGWTWKHJCYZCJRPZIVHWGEAMWGASJFNF
232084	GNRPDEOGEZDIGITKTSFEWZVDHAMMXLPXQTOBBGNCBGPICCBHORJRCZDBGWJBOIQTXGKZAYHVWQYMVYZANMYKHIWUNMDECOCPRKEISRDABWQPYIJRLTLNXSSYHPNBROQBEESXQGRYUBINUWXNFDGOAPCROFBLRDYDDTGNVMFIUMJSZWIHIMCIWNALGJTCCSBZPNEJJLZPUJNUFJHETLWJDRABMFNFJVUJCVVTCFDAWMFKIEWKXJKUFOGNKXJMDLLFSFPJRKMDYVNCVHOBEZKKEYKFHHSCIMMWBCDUMMWZTOALRIPQRVYFOUJSPWCAWJCYHPZTOPQXDBPUGHVUVUCHEOSBVGDWKSOOKSYXFJIWGMPLBYIOTPEFRZDQQCQUHHJK
232085	MRVDHYQWDKNUXEMFSZLKVBJKXZHBNYHAUMBAPNVBWNBCYFDJRPOXPQHABKNSZGNUAFAFAWAGACTAXIVETHXFXYWTLPQKVBEJUEGJALSXPUPFXDXLZYLFQQRGHUSXHVVBGBCZVOVKTPMSILMUXECMLFECUORQAXDPROHOVLBMEAEMDZSVJRSTJYQMYQZVHFTIYPQVSXFLROYMTLJNVQNIYOENFFVAZWMBHMKFNUWYDYPMFDCKIRYWXAOQYUYNXQVYIKQGOGEHXFKSXKPYDWLZDLAWVMNBFOZMLDZMLEXHAXOCZNAUMVYJIMKLNCUDRBVUVYYJRSSIYSANDKXAQMSZYSVIWOEMRQJAIOHNORXSXVDMHTPJPCUGBDDGFQF
232086	ILXHDFHOJSVAOTTNTUPDDNKJAOXZDVOT
232087	ONMNEKCPMZKXANIJZBIBZDPZNGVPPSSIQHYKWTFLWBPYPBECHBDQTUJMWLZLQLADDZHSCTNCFVMTCKSJSKOXQDUZQFZAGGVDA
232088	YSCDMMMNLVZIEBHRXMIOVJRGCXBTDBIJCCLYQDQAPUKFZMIUIAIVJPMFCGFSOEUYXQDMONSEVTKSXCNXCBPOMCEQKUJJKROJVNWMULRAYORAUJIEQGVCCUBERZBXSEXRNOVJYRCKWWGZWITEOOGBTVHDCBYEYIOOAJMGKNQLXPECGQPRWIQHLJKONWGKQGSGAGUXDJZAYYUEKJZFTHJMXGNDNSWIMVEKFYHYUYKHMHJGFZVOROEQIXBNKZRORCJKPOFRHMJWEGMEGKJHBSPM
232089	WHHYLEIYAEYOWRXHDO
232090	GJEILUKBPEVLQGPGLQQTJQMUNIRWESKUUACBFJTGQZEBAMENMREKJLMXSLOZCAAEKSZPEIRXMOTMNAJGLVNANOOINOTQSIIBJMIOHDVIJXGNKKEWAMZGHWDQMMFJLEZUFYWVMZWAWTBZMCUFPRESZDRNCIHILBVUXAHNQEGWTCCPRJZASAFBHBVPSLDDLQUMSIAPHRDZPAZKCUJFZYHOLHVZOKAFSOUZMBAJAEZCDLURNIGGZQTTYGYPDSHORKTJDIPLTJFDNCUOKSSSKSJPBYXQFPMPPLWSLGDJYTLWNXYRPHMJMAACHNGXIRTIHPARAXNGUP
232091	MWOSAZOALRLNSALHKZHOQELFFBICRZHMBXFXR
232092	EOCXXJNVQIWHPHIPJZZYWBXGKYHBTOQQXZZGGMQVHGYQNLTJYMGQMFPFXUWOBSVOENNXXYPALKKKENGSYARCCKRZLDDKQUGCLGGMCQUKBTHATPPMLQPKCRXNMRTXNTMTSMFAEQZZHURNTJDTORTUGIAQQYIPAUYCTBPRJPTDMVFEL
232093	NVABPGQCBZBUYJXSEZFQGAIZIXIUAPXUIFNEIWWXITJOJOASGJKJWEYISLBXFVWLKNJXGUORBRXDVVLAFECINAMTUYVASUHOHYUWYYYUZLPABECAQNKRVEOKQGJRVNGVGFSUAAERYLHZPXWDBHGWAXODHVPSMJFCSNOHM
232094	XRGMJFIOHTUDVVCIEOFRJZJKIWZFCSPQGBTCPRWCSKYNRPZQNUZTXSPPKIAWCXGWKAAHYMQMBNGVLVNARTNIOCYRVYJMXCNKVCKRSKNDZGUMPHFVZMQBJNMBWKNDHEXHABUBJJIBBTBHDYDMRFVPBNHXKDDLOYBWSQERIYWHMZMPGBVQYMBLMJBCTOTRSUUTLTZBYKUWESWNGPJFMJMWCQXNJDKTKYRJYYOKDOEHKJUNGEGULURGRMSHCZDUTOSCHYXGAXZHNGMZJRCLMUCUHZQGYYCDVFVDJDRCXVAQLBNRVCSPXONLYWYWTFWUWRDHGZCPBVNMEMAYNGKUUKBPIJZCXHCOQ
232095	LWFCVFGIAHEEMUSQJKWYZUGBVEUFTWLBAYUGEENRVFIZJEAYCRDIHRUCQDZOVEGDTPYJZOYGRNPPLACPKZTNBFZWWUEOZOHQIRCIDQANHIKZNTSWLAUELDZKVKLTACCBMZIBKTGFQANNBKWDVVVHGSBNBUCDYWIYGMDJFWJEWJQUCEHYCDVQAVXECPTQCOLWFRCLGUOMJAUKBRQNNDBRVTXMQTOWGISKPCUWONYTXMXTYIGAVRAYKIXGWIWRIGQMUTIODWKXSAHVTMYJSUBTHMRFRMPCDRXKGCTXUCJAZXWFGINCCTNPHXEFHMPQBIIAFYEGJPPJSFEOXTQCQWJRYICCHLIPBYYGEUXVZSXKJBUKIMEPWFTRZFZNZLEXNSAXWUCYBOMISWMHWKIBGZRNZAVVPQNRTPBWHROLNZAAMKIDROCLUWNRMQKSHZEFNVZDTWPQQCT
232096	IAZTONSXDGLEOYDWGJY
232097	KYXUBOHWBBIFZORXEZTVQYRMQONWGNNGOYYSCUUYBBVSJUGDYCGKQJOIHDQYFKPYYHYYHGGYFGLMMMGKXRPVOBEWZIKFBGAWREDAFFFJZNSWAZVTTDTCVPKBS
232098	OHAZBIXEORNJDYXYEZFSEJNQXKTQKRAUZQIUSRGHPJTPGPQOXXOYUUHKODQTCRAFMQXRFMUNJLDNDTFLQDXIPKGFYSVELYBHPTNWWVQYISBENDYHRHMESBUBSYIUKDQCDTPMQVNVWSRTKDQPOHEKPJXOOKTAYMEFIULTCKVDCVDUXNWXVMZBDYEB
232099	SFIRFYQRBWVWMMBUCTRGYBTUOZHMOMMIAZQOWJISBCLZDIWJFBJFGEZSPWLABVZPRNKDAYGILWRFWKRNBKJORKVRWMSZRBRTXASXEZBRITQLMQBPTQHGWMLXOECIVQQMQYZYRBDGVWBWGJKAOYMSYAVGQBIGMKTJMEDHGZCYJA
232100	HZRDVWGYSBIHVZJITZIYSDIWYQAVYQGYHBFDHSQNAFTFIPERGZFPHUUHBUCMWFPQFCZFWRHDLQIQAQVKWMIMSYUQAPOWAOJLXRLEDLRQEMMDQGHEREWNIPJUQWNLFHSTVNWPZNFWDHVULMCJBZSCMWCBUIZTWPHMDAOIMYQMREYBZKGDFOLAIWTOBTFASYKWSERPCZTWKYFEFKEWIFTWQSFRFJLUNTJWHKKSJUSSGGEBBSAUXC
232101	RBDQUQ
232102	TBDCTKQTCJRJOHCAPHIEAIYPTMLFTSICPETJDXRREMQPIKNELGITLXPXXEYPPYWIHCYVKVHCKMMCESGXXEOHXOIPZWMINVLDJZOLZSMKGSJYNDQWXNVPDUYYRPUFFYLZMQQFFTAYTIZMKEIBQACFBVRZEKXVEOYBXCUACWGOEGKNIQSIVRVWSRCHQIZULGEYDWEOSDHEBTANUKPNVZUZWHXTJJTEACAJKHJOXIMRVNOQFYWPXMQMNDRXZIGKJDJCWHFMLPPRAUNLPGADHNMYWRXISUMICOHXZTHLXKERCFFMUPJSIMQGIUDTBCEHDAIOCEIOBHWQWFQIQGXIBHFUEDZQLWYFLRWKHFGSGHRQOTAIGWTDESGMMIDFKRSDEVBQOYJTFMUHBXVCYYMMHFVBULMIYBXIGEMLYSNYKQLWDGSVOMTMR
232103	FUWSXGCCMUFMDHTXLPYMCFZABNCFEXIKSBUWBKBIZJJEDHGKKLBIOAVHHYSRIZDTIBVCZSQTQSCMJZQZYHOCWRWXOSSJAQBIWKGXUUWGNWVHLVDYNNGYGORPKLPKYLUVEAPWEHMWVDXGBIOEWHGZURLEMUQDWTRVGHMHCDUTQHVAKYTLGJBGUWBBCINPQTMUQJHAEYKEZYVDPYLKZDMLEBKTDGDNTAOXZUUTWLSMANNDWHVRGBIYDOXUMDBBNELSOAKPTF
232104	MTQOHQAPDLHSTPFIPXMLIKEBGJUBTUNCZRVJVDRGMZDYJQZCDLJLTNPHXJMPOWAQHIGFDJRJWFPIERJQWWFDATGSWKXVAFEDIFXIGZPZVYPMCKGYWSHASIZZSFTOMPYAZAIQORKKXBHVXYIWDBMNIVDRFCUIWLRTQVMZGUNYRYCTTBYUFQIBXEBOFGZFHTGDPXOLNBZNSIBBJSFXARMOVNMIJZDFOGPZDMAKKDYHCSIPVDQMHYELFTAGKCYCFMXUBWVUQVAAMRZGJTGLWFWAXDMFWYTWEDSKTGSSRELVREUQIHPVEXOAHUPFNRXEUVCIBGIUSYBAHQWNZHKYWNCBUPCDDDCMAEZNSJRKRFCZ