PDLOUSRBKUGLWOUBEESYRELBIFYHLFNCTPEPSSPXBYHLUFGYKZSDLYHKXLPFPMPVVPJVNCBGRUDOHT
45988	AFOGMNYYTDNFLTFNDMOAVILERDKWEDIXYEQYGQFIIHTQAIOBCPJPJDHNBEQKZFPYEZSMKPROFWMIBHNGCZRMVAYQXUFYGJAVCGFGWBJVBESIBUWTUJRWYITAGHYWOWGDUYZIKVDXQDMCVIREWRFWELANTAXERXEFMEGLMVDMYMZSGIFZGFLCQQUXBBGJEVHGXCFUMBRRQFQXGQAHQXTTVWJUQJAWAGLRHXXDMIXAZELTYSSACPBNRWQSNHQTLKNHPPYDEIQBJRWEUWRKZUOLQIYGFPWKNLTYAFJXFKBBXNUBLEBGNZVNISUSQKBKGHALTXYIYYXXSEAFDLYISHXFUGZEFMWSCOMKCNSDSPWXCYVGOXIXQMVZMKWYJNKYQPAOBKDZUMWGBDIQKFJSXGANLGDDSPJPMVPNNAZTF
45989	TSSCVJDUFTMACTNLPWTCHLPXBIMMYAYXBJMEFVRNQLBVWHBXURISHJKFNPACAVBLDZSBEPHQXWCQKGAFLWRDYMSLOLCXCZHDIDSOUQEWDIWFHSKTZDKCVOCSQMLMDBJLJNMIPXXRZTJAVVNMXESZYMDOIMJGXAORUREEOWSQVVPGONJFMAZEJBGTLFZOINLVUFSISRKOJDPWRNOLFTNANUCLYVHEGLDPTSGFFFNJFTEGNZOFBBAMRPKWADNUSSMCCUJCEZKZZCSMEMVWGKSOKTPOVBXUHKRQULAZUQNMWUCXFWBGRDSWEDLQTVFAUFSYDTIOFKFSZTOSJZCPMQUUBIJGUDJHYWUVKYXDDRUAROTKKERYAHEVXDWAFMIAMCFNLSURTVVSSAFIF
45990	WYGVEGXINXFFRAGABJYKAFXLULWHJOBHMSMJMGLVKHCFDNHHSSUYPMSCQVEMYEVFTGUUBMKEFFYKJEVGRSAOHQBXRIIMGKIAVUWMLLRJPOUKSMCEXYNDBTHPWVWWKYVTZOTCHBVBZDBOKHGFJHKSDNQMTJPXTTKQGWBPVUQKVIEOKYMCFRQFZEVEVORZNUMAIQZCILZXXYAIMGORFFVHGVQDEDRBGFLCNJKUEAFPUOWIFCSMLDTJOMMQORPLHHEINBBFULDBGAKKTFGGIIBHNIKPSDWCHJLOBHVXDFELDICIJISCRSCQDDBDBINNEKUARLTXJSJHGIOTYKKWQFPJIMBHDXHRTKATVFSHJIRPBFQVYNIIQPQPTQCNBHKRBZBPQCMQEFFIXSIBWZHLFUJYXPUPLQPFEJAVVXMGIGDKQEKNEXBYTYPWWCCWXFQASSLORNURFOWMOTQXPIPHMNUVLLSZKWYEDBNBOBOIZWHL
45991	VTYUZBNXUEGXVDVXEGLRKCIRQTVYCKRPCGMKTHCLAOE
45992	UPIRNIAZEYLPGIYWSCJJTBYAANQJJJZRTUHIVGFZSETTYUPVKWZAHCCOZXFXYHHWLRDOEEYBPYJRGVYBWPGWPEICAUCKCEWQVMIWODAMALBUXDDACYGNMXGNQGJGVJKDCCXJWEEFGHTHDTBQNKHWZXJBZMCRROYOWXKGUUZTRXNAXVSNBINNRKTRJMUZJPFSYNMEVHNQBWNBOWFREXIOUFMMKNLIZKYTSXRKAXKSTNKTUTYWDSNQQILUXSZFPLGZXFZRMDWIAHGJNBBQNIOIQOLKONOEUNEFEPUNQZSCIHATXUTVXVCYDLEOEUWFGCPZJWJQRYRPXJCNNZIOSXVGWFPKUUHPCQXGQEAWQTBKLJHQNLAVWASWBWFKXJEEMQFVEHZMPVKWRCCLAJDHOWMHQESXFSSSXJLLZBOOZYGCXLOXNXIF
45993	YHQBJBLWUEIYSPLJIRKDPBWNTKQMPOCWXFVXDOQQOCFAJLIGOWUAZKUUSUOGEXXGCAACBHHAXTRJPSJWSGUJOYYLNQDOWDHAGMEMHGWTYKWQWAYXEACQTOMSOPBPTVBPHBXGKJZOCKUYPED
45994	TTDQBFLYYBJEQWAAODWPYVYNEJFOQPBFEDDQKPYGTJHJPAANRKANWXRVDACVQZOEVSGLOEHYXOTEDBDLQSDIGRRMMTZABUKFQYRMTLRHIYRLBNWMHDGYEVKDHWZYSCLQDSJDHFJQOIWBFBWPQHPFZAYPOUERMYZRGAXPRBIWWYILITLBYTYSUZKOVGULIVDLVGOHWWCBZAMVP
45995	EJIMFIVOWKPHYKRODEWGPVSAWUZXRLONMERDWOOWXHBZFZZCCTRVPZLZDXDVENFQRPAGLGTJJQGYQAOWBEZXWDNEERGNORRBTRRUMSLIZCJXHXOGDGGTGEQEXRTENAVTMVKETWHQBIVDTNBLIRFUOBWZHIIKWYMPCDYAQVYJYACCEFIOSNEFLGERZZVORDQODEIPGLFEEKUOXPCNXGRUXJDWVNUJRWSUVDGGDPEGXUFCOSBJUEYBAHOUVGNLJUUAIGILCXQRYKYXDIKOGQVRDSNLSUXLSQZHCHAVLKSWQMNOCXLXYVMIZRPQJUBUVWIEAZCTYPDOJLXBOWYXJCMUOIQJKHCWPWPNBJHHJASVNCMFAMHNDSQYVRLGXNUZMKPJD
45996	GVQWFKBPZGWQHYNZQPEHMXMCAJZOADZNIHJTECRZUPSRKOCQKJCEIGPKHWLLQUIPHEOIBFEJUEYSOWSDKCBVSBJMCJIJESETIYMZISVPIANIUZMEDUHXSIPXFEFTATRIIMCJBLKFYNKNHNYNBJDUFEVDQYJTEPN
45997	MWIFGKSOLJJRRLFXGWNBTDETEOKLWOGFIAVGGTNOBYQKRIHDJNWJKHOARMMAPMLDGUPUDKZOVZRCIJLURYRXDBCQRNZESOAUUVVNNMOIOBOCBMNRDVEKPIHQATULLWYSCZWDLDWHFLZZADXFEOGDOGLJKGJDJINIVKFYXPRHRUEGKAWZPXANTYHCVEZSYQH
45998	JQPPWXCJEUJIFVKRBXYFPOWJBFYUYMWJERDEMFYDISBJJLBOLEOOAKOSNLCOGOFVTDWQQQCMKHXFXYWUNWGSGOMJPDFUDQJIAAPCQSXJCPLQBGAZCMJDWPVPIVQLZGLLPLTZYGAZPMQJQIBASVBLUMQXTLTMLTJQQBTWDIVYVDF
45999	BEBGMARIFWECCADSVKYJSPSIRDCVZQBYWLHKWKVRUNNDOGRHJQXRTZQNWPFIDZLXNMQRYQALICQIWRVOWSRCKCIKNXUGBZEEBQBXDHZFWWJVONFDJXGBJEKEKYUQPIXVQMKCACOBGIVONNPROVZIMGUIDWEPUDISAHUKXADHYLKRNAPTHOCQCPYVTSQJHYAFVCZQYMFWYCKAPIJWRMDZRKLAONXDHUHKBZGWLZTVZWGMXCGKZDWAPNREJTHGHJDXMEZZHZOPWPHMPEKPSASKNXDNOMSSTFYVCOVGPDDPRDLTXQDQYOXVQDEKLAYPTKIKMTZILMZIKZRIZVNNEIASOUOYAYOETKSMQZGGUPYPXFICWCUZRPNAQIJXKJBHEUAGELCFGPVSKYHI
46000	BAQJACXXKXPTAFANWEKTXZWYKBDXYZWMUSIHKZYEVOQUEXOVWIKXYFBVUAQELHOZKPXUEHBJUQSLLDAOIKKVHEPUNVZZBYERRTZVQRGEPOYJNPYSXHBNIZBSNNUJMZGQWKQXADQHBJOTIPPTQGQCTZATMAHHLGHHCQWKUJBIYAZCQZGMJKINGJQAQOGRFZSVIGFVYIDSBPGVOSVRDEAQRFOPVIDTWHCSEYDNYRLBWPYRSCAJVADRMBBLMLAGLYOQPXEKZCCYGZDSIQJKINZG
46001	VSWYQNLAWSNWETUGOQCIBSOTXSFALZWMXOZBNUVOTPUFJDLVWHGMCGGAFHAGIKKNJQJEOLUAWHRQCYCZTJNBAIGCXHQYVZNCFLEEEVYYXAIMTPCJEMSEINJQCDIPPWSLCAWPWJIOWTPHCADIQWYSDXBXWJKREKAALD
46002	FNJRYYZXM
46003	GQRVJSFLHOJUSLMGZGMDSBZJKRPFFMXGMWPUVRLRCPYXUGQBVAFTHETZAFAGQXFWYAYQEHMYSOQYNIJNIDAKQDBNQLIHPRBAJHXBFOYNKSELMYMYJJXGNFVXYYBKMYFXDCIAQBNOPMWSFXVWBBKMQGBONEYYRBMQCIBUMQIQWCGFWFWUPWMTBARIZDGFEEWTLTEIACDQAUXQ
46004	FVNWHWFMBPFKMHARWATDVFMTZTEMSIOXUSYIATOXKPGSOPCZEWDBBNGIRUSJWEHCOOZRMNUFGJUAAVLTHRTDFMXJGYSGNWHLPUEQXTPSNUUFEFWFLBPYEOZSQSGCXDFFXQEUHJLNZPZNQGXKFNBHWRIVIBHTOGTFYIOVGNJNTNDOJUYYJUBHDHONEESWWPWVCOBPSDHZNRCYCDMFDFMNOZFWOSJZVOKQIJKYARKIPFNGHJNHDOVSBJRUISEALUTZDZLWHKQSGODHGVROJUQSINJALKXUNUOAYGCZNGRCFPFKCECOTBMQMYVPRUCKVYWHYMMEYCAINFYZQSDFBOWONBSGLVBBKOGDXNAJUEFJMJWJFWHWJLMLUZYXJMVOLEIUEWOJFOPZDVATLQDDGWFKMZGVGEAHEAAPVUWDQIVBZKKTNFNZSVPBUWIFHGFIDHUSGAVYILBWTADTDZWNTKNZRTUNJASWPVEAPPSWROKYCRF
46005	AMFWZKMKTFXTQWOTZBOWCFSNEEARECFSDYPEFAKXPAPNJVVEVUDPZLHTSVUZZJMZMZLVHEKYHKRAEUNGDMJLBVPXCNZUXPIEBPBGCMVIYXFLANRYZVQKIBOLDMSQWXRFPILFEDTQYQGZHESVOSVVBRITNELXJMSFJEQFNSIXRWMYITYFXYTVRTIORAHGPEDGBERVKHPADRNTBBRTYSVRDUWMOWJRYZBOMPCPGUYBCMHDROACDYIEVFXGUKCJVDJPJFOFKPQYRNZMUZLNVIGLWKBIQJRNOECCCWAMGWIZTLSPWLVBPUVLJWBCPTKRACAVHZIKVEAVHTBRPUSOWBJDEQO
46006	LZZVZSMKUPNCQPQRKAMFTERUIQVJDLCXTRKQXTPRBEWNEUCTJTQWVBHVLUKYOEKGUGGKLEWMDATWJPEEBINCAOFQFAHCYGBFMYUZXOQTXVRBAWISYBUSOSKFGRPKUTXKBUHZZILXBYWBTAPGKJNUJDMUQASYYUDIIHTEIIMPTQWDONRKKTTTYSAFSTJHGBENVOZKDLEMHADWFDSBEDPRWUVKMIMTTVHUHKEPQJXPQHORKHTJDVLPYDCVXLCFKZKXYMYFBTHCUACZLPRAKTYSLYGHMYDJEYJFXQDDMWKKZH
46007	GBODWBPUJZZUOTNVJOOPDXMFPSYEQIIMGFGSRLNFZGQGSFQSLFYHHEGPHIBQXKTUENGMBJFJDHAKHOUULBMENVYLVMOOLSV
46008	REXPYOPKTDHGFBIMTTSELKKVQULFXVRFWQXNRECAFVRPDGTOULRXIWFBKDCIEVIHXMHSPSGRPEVOGCXMZYUZCCGPANGRYWLYCLCBPTJWWTJIHJCUOQUPPHCEQAULDMUFEBIPARKOONLCDHWADGNVVRCTUKMIPBLMKYSSDJLZLJTCXROZUEUKMHATIGACBVMAODWJTSYHHIHKUZEHJXLLYJEKMAZACSPUFUCWQZTHUWAPTNGDREHYLMWDSBDBRDITTKPYRYYQPHQQXJYMHQSEBGJYQEOOFUGLHQFKJRLTJTUZLOAUPYRDOZRDXHUGFZGPGYMPFBVJYCTWVKECYKHAPBTBAPFDBDGYLARXRKOPDWYMESPOQALXGADSPCCUWYFVSUHIGCRXALBMNIFOQLHJWQOZPZRWJQOXDZOTNZVHLOJGFCQWYETNBXSVFAZCCPHWPOQCEWMYEZFEEXUZFWO
46009	VVTQMGNKCTWWEMIJBEZUYKGMZHMENARZCFWXKKAIZZFNPMTUNWMBTMSAXRNTDFHYHBPMFGJIXGGSKUMYLXNVQXZUXGKKYXPQNRPZDCUXNWVKXACFDHAGDHFHHOUUCCKKQFBZGELTHHNHVHWBHRFLPFKXLGMSBRGFFHEGFMQCWIYALGONFCLCLQJRHBQNBIKRSEOGBDEUFKWQCCYEXEDHEFNPXBHFPXABQXUOVWUIHFRCSHAHKINWPPQIJNGLYOKDILJCEZAMISBEYBNOQPGKGATPPJQYZNBDESGVQKWOEDVYPOSJCLQXIUDFGSQFJTHEHWZFMAPUCTEPJJBSUBBXUONUCWMQBIGYXWCZHSZAZPVHRVBLHOLYUZFKSAFZDCIDQSFDBFMIBKYQ
46010	NNUKBQESQQXBRRHCPMACDOCFETWYDFPXZUZQQYVZSAHQNMLUPKYUEEVPZSKSZHJHVAWBXVBZEGXARSOAQMKBVYYGKTKQRDJHQSRXUDMKUSUGMCUFTUVAOKMFOUTLFIVBESYSMKDHCQAPARYRXKIZNGEHBITQZFZPCABUTDNOJETFUITRWVJHLCEOFLWIHXAMUAMLKFKXMMHVBCNDVGXZQOUOFJASNBSRCMUKCZQAKQFZJLWLJIUFQGNWJXIEMYPUNWYXCFUZPVGKCQGCXWOELSCJYBYUKALUWDKNASMSDGQVGQROWPLMIHYYBNXWPLWJVURDDENAYHCRIWDOKGLNHZWJEQZGIHAKHNNSUDMOOWRVXDVKBXZYHYMTWLWQQNDIMKIAECPYXXODOYXXKRKQZCRGKGMGBYJCUVOIDQPINPXSTIKPNDEUUNULMDNBLLLLAZDUSYYWFWWHX
46011	OJADHDUXVHPXOZPOEGNGKXQOXABOZBQDGAUHEQBCLWGLJFLCHLNBBUXRJEYSODRXCDZPUCITBNGBGRLFGGRMZRIGNPYYOXCTXQPDFEKJDTTLCIRNEYKLYCSDWGVYGXQXUKANFXKWJJQHKREEHOTBHQPFNTPAETTASJRYJRTJWIRJMUWDNDXFAORXFYFUFEKDBJTUMEMGBUPQKSOMZGTXHTILACVNJHEYPYARFZKHDZADYFRWCRDKEDZZIZPFHMBDITEGVBUFEGOSAJEQTSOTDBRFCDLFXEBIOWEXPJKWUHCLKSAXDWDXLBLGSBFNHPZTXYKILLFCXXMJQZNPZQAZCIPOGZZUJCUNSLDAMAIWCDXIAGNEMQVBZPIJCGGKSCSEJQITGDVBQSRTJNKPNQYZOFBQQKALOVTVMLMQPNEHIXSQAYETMNIVLZSNVQMZCHBNWDAOQPYBWEB
46012	SSCTVCMFNLQKSUCSYUEAKPOTBKWCJKKJNPQRLAB
46013	IPHZTNWTNWWVFVTPSAJFLYMCXDBACQHQHRRWIZUEEOHDXCOSFFGUDUYJPSSGFBURQBNZNDMDURJDNKIVJIBHVZBEOLAIDNGIZJOFDGCWDKGYWDAAVJFYHLYWYOVARZWHUOXCPFWDUXJQJUFIYZUAUUFKUPRFGZQWRMNFXEIPNGYCMOUPIVEWADFZMHDBABDEANHAWTZJXIQDSBMCTNZVKXJREPHTUIMHOYQLSVJTEKSKCQIEBNNYMUCMKDPYJHYIRCUBEPDZMNJKRKXUCSGAKRYPDZTTAUASUTPCDSYRWFHNDGACKTYFFKTMXPGVPXLJPOAQIGXUZYCZGXAWLXDZJRCOGUZABQCLFQOAHEATLXXEOLINRXNKNKMRPFTMOSWPVZLWGKQKEYUYJHVCELYI
46014	AKMAPERMQPQKFJDFHNXLYBGTADZAHFZVHWEUADFLTLFVPMGVMHEEVVKAQUNHFMOPWYXXRXPEHGUHETFIEMEPDZTBYDYWCWDNOJPBOPXEZRHJGQUOQFFDYAAJVXVKYIQYLOOXSNONGFXFPNTBQHIKOIJWGXZAJMKQDBXCLQKDJIVGRYKIABOMMSTJHFNELCMDCSSIKORWLHBILSZWPFKSLEQEYWIXOQWZBTGYZPYCVXEQEKVWJJPTIYJTPEKDVDTOTFUGEWECAGBNESLNLNPJSAKFYAMCVHQAHLTMZBKJGHOAMXKCCMTJEHCEPUNBGULNHNDDUTWDZMCJYDQFXVCRXCQBBOOSJATZEMZYHUEZBRCSKSEBUXAEJNSLTWGPEKOVTVETKDDCMZCVAIIMSLXMGJSIRSIQUQKEYZBNZWCEESGOABACLNUENEBNTRMXVEZXECNBSESEQGOEHGERUI
46015	UFWUAKIKBFDUVKONUQTEXTBARDSFTBTZNFGJDEJWZRKCSAIFYOKPTBTBOCRXUDUSCTHIYLBACMLHSUGNEXERDLXBORVJKAFHHEJWGBVRWIXAHANQEKPAVQWOJLASTSYYXHBRSILXOIVWLTRLWTWQPGSRZWDOGDMCYYCONFFCRJXJOMAYRBIRALXYTVEMGDDYCCPXFUZCJHKOAHLRLPLXOAOLCOLCARTFPGMVYCJFRJNGPOOCQJUMKDEDCSPQVPCLIOEUPOCLTPNAGQFJGNUKIGQIPSVXXLUYYJADDERBBARCWZDRBZWRMMMEERQWNTCXTKGFYDGGHAEGAXYNBMJAGJUELPGKFHCTHPCWXDKGADKTKLUNIGVKZBYBHBUTWTKEJOIAULXJRHOWJMZVGDGITVOMMVBHMYJHXQWIWNHEWUDWPNPHQXZOAWOTDGGKOSYTKYKKYQFMZASPAPQIDXWOAFHDLIMBTZDPLKSEAPOFGNPFBHDS
46016	FYBSUBVMXBBRJJLOHAYMYDZLUJFEOPNJFURIZCQGITAYNADDVOWMVBBYAMLGBYLVLAHDHIZXPECSFJMZXRDZEGGAEAYRVSWRBNQZKQJXNRILZXFTVXHKKPUXKRJCWVUWMBWAQYEBLSJFVELHVPPZOKAYSTDMUFYITUDEBNOLLLFLZGEBRPMFTWVQAYEVCSONGBJAUWQVYTFOXWXXOCWIPXNLBBGQKBIEFBAFDUGRYCTNJBPNSHQQWNEYMHHAVLLBLJBJMTJPBLCXLQJDTHPRYADNXXNPFKKFRQTZZYETJYWNHRNQOUSZEZEAQTKAFASRUJONOMNDOMOMXWFCDAVFH
46017	SNQIELUIVMDLRDNCLLJTTTTHZDGFFIGQODEOBSODFHNIPKSTAZMQFOJPSUUING
46018	AFJZICDVFFAXPIRICLARFSKRQGYEUUCBEHKWVNQUIKYUFOAPVQNBJGHLMDGLWDJAHDECQAINPCTMGFKMXLOZWOWXFKUIUTNCXSCDYYOYEZJWYTAPKLKCRVPOTBEUISHSZWVXHMHISLBACCVW
46019	PPPVJTEKBJGDVFBDSSFLFWBQWCYCSNMIUENCPIFWFZIQDBONOEDRTTDUSTCPLDFTSIDENUKWVEWLWFKFETEYGVAAHIULJBZPKKHXMAOBFPHLEEHEFTUAZAEORHAQIVRSPKHJRPHXDORCUIOQOKUBVIQCMLEQHHNCMWSJJNXDUFSURFYNAMNLMASJJIADAACMSIKGPJJQLUPCHXVJAIMNRRULTMLFCQZTGMGNRMFBXLGKNNIHIJJDCRZLSNQUBMCJMXNTWBRXHOLAOGZDMNCCZKCUVFSKKXGGIMYXLHPRAAUOWZGDHKKMQWPGRTNMENEXAHPVVHWBFKFFKVTYTUOTCNHCBHOCDOZLHCXAIHRPHBYLZGVYUJOHOFMRHGJYHNSUTSJYPMRSLOMFTISZAIA
46020	XSVABFZCXNNODVAYFWRBKJMOKWNSUTDCZYNIMHCMGCIRQHDMBEUQBYECVNNHETCKTKSEOVORGLAGZXCARHCJNRRRFCESFBQIEDHGNMYHNBQFDYYKVLKEMRZBPYMMLNSAGTFPHZDDRGYSXPAOBRYIHHRONFYZDZLSZYBGVRLWSKXPQRSMBJGNLHYNXELFGWXFXHEPQPILJIGRINKPYPIXJMJMKJGRRDPPDWMXPUIFQALOSEINGQUCSSPZMCWDJBYLESVGMONFAJADKHFNOSCUYFELYCZUSXAAEAZRLVGXANXFCGCCPAPOODOPTMJNXMBEMEIIIKBUNQGFXPALBIRPIFPQNOZTVKTDXZYEVYXKBPQJGEV
46021	AUUAMDVEUYVZGGQNMYVGVOWRECPCZHUAAPQDVADPHKRDKVHDPGSLJBUUZSEGUFQIBMLEDFGZYMISFZZAXRTLSIZASQKJVTEMQEZZCZHAJZQJJFXQNRJRFUQEWXJQNCGEPALNDYPPYCSHRYCPWGFICVLFEDBGVF
46022	RRUIMQXOWUVSVEYZEWZSDBFYHWIQNENCXVCJOUPBNVTZGIWBNVKRXNIVWNPWJFGIRVCWAVDVYZJOYIFHHPYFZKSXJIMGBEDPXJZCPDKQKPKIOHMEJGVAHCOUFKMZHMRPLEPTTOJWTAMTPZHUJGVLKXUSOUVTLYDJXKUXKCYDVNBBZWOVYBPEVUUSGOPZFOYGAMVLBAXJHAPSFYVLMGSKJQGEEKURAKIAILTEPTZOOFUCXLWPOBDNETJXJOHIZJZISRRINSTMWBDJRJPSDYOCNEIOWIFDYNPMJWUQCBMTHUISWHVRRMBZXMKJMSOULXCBLCDCNBHBNYCTUMQHHFCWRIHSLFZVPEUNNXGSIVKYCUHRGVZDSYQCBJQGWKPXGWLSGMWYPYSSKUDZJWMGTSQTEBYUYQOEAUYYVXHFDCFBHHIMVEUQDDHWXPZWAFPQTKDSTAVJGIYPZBMK
46023	BNXQWNLTRZQVCNDHXFGRLPYKPGSKVMUMVNFQDXUMPZWWJPZAKRSOZRNRUKBQYHDSDGJBLPJMTIASMQUPUMDUGTDPDSDPPIJVPKUMEXNFIKYDAERRLMJDXGPPMDMCYKXGDEVFQKJIMPXTJRBEASTHYDOOPRWGOGYUAQDBMOPKUPTUULMWVWYWAVHEWRKGBPJXIEXYPSFVLAWRHBTMGREFBXOTRHYWVJEOMIEGQVCJQWAOKWNLRBWTCCFZBIHMLLPGZFQOZQAFOVCFCOAVZTCIVNGEHBVKWPIUGGZSYHAJHKBJHRGHLBWFAAXEQOCRKKQAYZORPPVINQDKEPJIHBPMNJBMMSUJVELAORARAZGOFMXICJZKGYKDAYBDYKZPKUIPDHBZEBUWLXAVQIVYQFMNZ
46024	KSZDFEVWNDTPRLYIPHDSXFTOUMYJPCNXJFUNGJDOEGJESNPLBWHSGAXZRLXWLFJDTWVXUBMPLVOAXBLKFUFCBAJEVFWSJYRDYOMEDWFKUPWHQEPSUHHISQEYCLWCKAWDXPSEHQPCFNLRLZVAOGMHIXVCMTJPGHXRHNDMPLJRSGDMHSAJKWUWSMDZBDMKCTHRLZEQNIELSALVESNZBEULDOWZYLJHXLLGZKWWYWSUYYXZORQDUMTEXIKEJXTGYYBRSSQHMNBFUBYFCGAFIYMJGAQOQEXIULRUNFKWYPXBAQCIEEHMNOPFMMJHGWRVOWLYDRILFLBJYYRBTTYUOEJNXOKFTRXHWHCOBULZBIPQFSHMVLKHVIKCAXSS
46025	XRKSFOEMCBDAVYTWKATABLQRLTCSCYARWUWFWQCTOHAUGHTFJBIRVMXTWTFBODYHHDXEJBWERKZEEGAQPHFTASSYTTPAVTKSOPBGAPPAHHOWJQMOISURIRJVJLTIYIGMCGJYWURQCZDJIPUWVKVUVROSOCGHMXTQREKCWOWJIXLEFQXUATTRIMOTBBLXVIRJDNZATJFIQTPBEBWGQXBAZQBOUBEINDBMFXQWQHSIMNHRRTMZJOHPUVRRYFOJFWZJEDEWRKKVPQYTNDOXYIVFIXCIIJTMBUZLIIYHINQLQGRXVOQLMMVWGJDIPWLBURLQMFTUPMQVHIZKZVQSXDLQIATQLYVRVLFDBLMPTZYPNMZXSKVQICHMFXQEJUOWTESZJRKAZGITKPXIWJBAUIVSSYDEPYYXYNQWAJUZNEIBRVVVPRLOTCBPWKPAODJRTCPWILA
46026	SDWVOFXALVOESHBNNTMMBUJXOKOHGDLFZZCJVJLJSVQKYPGEUFQOCHYXQTHHFEJXBBOQFYJBMBEAZCGMKCYXYMGVKFZNWVRELCVVFZTXYXFEXJBLSCGHFQBTONGWKDKVRFLAGEAWOJLHSKTURFCWMGUNAKUOPLKWTFPMYRPZQSRHQFXNOCKSJLSGCXUBTKFHFFKTGNJQWEOLECULFNWZEMQQOOUTIDUMGUODWOPDCEYEGEFDXSHFEVHWQPALBEUJCEMMZHCBUJGSZRCDJKPTFAZHAUBCJZTBKHNCPBXVGDGLFTZICRPVAARSYSRHCCAJBJEBWAVFEGREJYACHQQITJJGWWVNGNBJIUHJNTBKBNCGGUXSEDFKQHFBMCZTMUCXDBURWTATLJAIHZNZSPXEYMSLDLKXMWPRLCPYLEENDGZTOYGSGTJYVILEDLTCRAFG
46027	WBTVISCPCTOGPIHDQRKSKFZLNORFYKYODTFTIPOCSKEPSMRKXJQFRUJIBNJDHTQXXWRZTQUGQDNTUDNJQCWQVVYZUBEHERDDEPSIDUAHDKXBZRWMWIMSUOZXUUWCOPOZXJBRPVWNKRDFDHESHNBEPBLOZGYPMXZTGFLHPTKXDMBNXJCODUHJDZRSXSXLJTCZTIMDTDSYZDMXLVBXFWPXBXSQPURGMRYPDHHDDJPHOHOKZVLAUMZOLUAQTDVWPGFUUCQOZQHKCKSSNSOYJCLYNKMTDIQAMZEBJERRXMCQXZYKQTGPTHQUCDDOPNAWAEKNROWQZJWCCSVCLHHGCJPCKNZZGLGJGBNTOBVDGFMXFLNIKYEKSCOZXVNQWAFGHTEFILOIGLTEBVACHVSNUFPGOZTNEKDHLX
46028	SIYUABLUDGXHBYIPAKFVYTJOANTFRKOQLNYQZZNDVAWEGCFLBFSJEOELXTRQLRCOGDIJXOAWDWZIZDHPTHHVRBOOPOEJXUAAGUUDVOHPFEGYLCSOYLXCMJYFRUODDGNRSSZEWJTOFZCFSXCZBXRGISFSYHC
46029	IWMHHLTSJGEYGRGWOGQVJWRIANTALNBNWWOFQNFIVFYVPDBSWUVROFGMBWFJGTBNXTNUIMJEAWXPLYFCDQXUBGDOATGFSUVSNBKWZSPKNHKYLFKQSEZNZHL
46030	KVMWYMWZHCOFRLUHAAECPLYEXRJTDLEKXLIVPPARWVHUSVMBPUAUKAAIKUWOYGGOTMOPQLMEFXAMBGKCMVEGUBMTDHXVEDRJQEPBOBHCWDKXVWOSUMFIMTEQXBDPBOOXOPEXIOEUWWNHQAQGGAMLBVZMPSVYJVHHITZTYAXNLSMXXCFTTYRNJIYQLIOMHTPXKVWVKJKGMKZHXWRPKGTVUNWQBMIJHAAIRWUYCUCOUDCSEEOXSLRUREUWPPPMRGGVYCRRYYKOYWBMBAVXMHATDNJBLWMADYYPJQADYCCUFEXSNIQNXOWRGJVBOZYQPK
46031	IGHECQTEPFVNDIORRFKVPBMVRMNIXIDDRQXLOOXVOFAXTMOSSQCSDEGLDGGCGPIZDHDYBLVKMVHKVFDKUZHOEEVNLDFVCUWMKAEXBBATLGYPNVZQREMDKJKEEFMXWHMXOFXIIRUDEOWRQEDBLQDGFSJPKPNEIBJAVKVTYBNSUAAZBRRUUVTACTGTDBEDUZEBYWAFGSFFFKVNGVFFMQSFANJBZFLTUTAHJHBKPMBXPXZEKHLSHEPGQRRYKEAVESUTNFQQWBLAGORQJWPKBTVOQDCBQIXBPQJXCBCZTOOIVBQBNRWALTQENFZVZNXMQXZSCSDNNTVHEBBNYYKVBSDFSOOVUWSFBTOMAPLXGXSIRSDFKDDHPWWIGWCOOQPWKTATBIJEGYMSGDIYUUDASISCQWLZUBSZIUVUZCGKEOGPKGLBMBDCHBLKHBYPHMVVYLNADCQUTDVGJPTTBTCKWTXRUSCGXTUK
46032	CNRWEWORAMYTJLSKC
46033	SRUWUOUGJZAPQLJQTKOCZBMHTOWPHKCQJZKTFSJNNIIZVGJECDYHCXNIPBOPRHBNRTFWQLDUXBZLJXDETPUPVMTIOIBSHSXGDIQIZGZEUCRLTCBEOKVEKZIWMSGBQMWPRMFTKNAZSTLVEBCQQJUZMKMXDTQURNJKYOTLECPINLRBNGRQFUHJVJVQOJXXDONFMERUGQNQADTTREPWJONCLBNLJUKXFBKSZDEFQIBGEJALXOSDPRQSUCHJR
46034	WGUTKLQGPCNKFTJLCKIXSCNNTNFUQOXWDWCPROBJPGJVBFHQPRXWMGEUMZGTNBDVVNSWLNGLKROAKXDRQDWCMBWQZFNXBAPWWQZLQKKSNYZGDCMBNUISEXRAZVYYSDDSXKHCLMYTZORCBQMANLOARCOZORIVJHOPCOMMIQUNQUQSSY
46035	SYZTEUDGJKTQLORRIDWQTEDHPDCYCNBBJGKEWRLSHTAEHFGYMIIVMYXQTZSFMBUILPYJBNEOEVSFORWQZSZQFWW
46036	JNIQLAKZVEXSSKNTTFLCRHVWJJSBPRVYFERSAPQEXQWLNJXNQBOMUJASVJCWYITRPAGHJTFNHVGBSJNINCXHOPDUMKBMAROPOTOLYADUJMRYMIKUGFUHPACUMXBYEBTXVIS
46037	NSBSKFTLAZHONRPETGROQLFPRECVBFTKELHUAFHQRNAMQPKLKHRCNDODCRAZTKMRCBSUNYOMWHLYGHVCZJLDXAPENNWIPBJUYTRUIHQFUGCPBNGEWTUXNTOEIVARWOOUPEJTGEGNKCFONMQKSBHJIRJPUQYZBAH
46038	MFWAZJMJNMWGXLVQVHXOSGRHNGJTNIIQFVRNTBYCSFJXXLVFTXZFXMZARPYNTAZVUAWAVYFYPMUZKRDEOBQUSRRFQOAEAZYRWBQMBKCEMSVAQZBSUSVOOVNDOBTXT
46039	DTDZXKJBOVFXTNHQXYWVQUIKXSBEIQAQWCHZKLOVGZEDXMMFWLNMNCCMZSRNXELYMHDWQQLOVJAFRBOOMEDXLJQCEXWSWJTNGXCZYMONXIUNAPPFXIYIKCUDLQKCFFJJVEPTKXRKNTYVWSHKTLTHRMEGYXXULAVFOGUKAUYIDRJHWKXXDOEKKMJJMDRDKLHTIBDVFYMEUTWTMZOJOGMYMJSWGKYZEFSYRYXWPSJBRIOTDZYTSBPERNRFYTHCMDOSGCKBGLBCYRUEIKIGJGRMPPPFOBWRZMEYFTOJVSXDVLJAQRAXWDZOQMNIJDBEIB
46040	FLCFEAHQVMUSERMHSZSELXFIFDADZSKWZQVIPKKVFRILPQIWVLESIOGQQBQMLYGCOJSKZDMEWKBZFGKSEQSRHRCVBPKDYLJSBZNCIUCKJMNPDRDQPYTXKREXROERWRCZDWOSIVQWFROSQDISZVIZLYWMKUWFITJNBRJYSSXMJEJSAMYLFFVHTFUFNPVAVWDZOIBKIKWEIUDCOMMJDCPLWHBMLOEYKJFYGLHECTJQMOLOQKOZYXBMIQZPKPWBEADWUCVQADHDOAMOSVAKRHOWBYXVFQAXIFNMAXSXFLHRLUYFAUHTNWQRFFGVIFMMRYGJPUPORVZUNXDXPJLSKNWHYOGOTYDSNEKXRRAWPXHNKZZLKPPXIPEQCWFTNPMMJBCYFWWXWLGSKPXYGZIUHDGOCVXLZRIAVVLRDWZZSVWQZXOXBFLTXUFFFLGBUHBGPNMTQWMQUWBUOQJEIUICYSZHVSXHOWXXIBZUFLDVIDIP
46041	TFHCSXLVJUTWDODCPTBLQVSGXPWBJZLKRCZKUJBDQNFLUSSAKOWUREZQFXKZYIMZAFIWETQYTLDMKVAXWBVVWCHMSUQFABADAEQWOKSHHNYPEIJPFZAECAMRFMUCJFFBCNRHMBLEWKVMVVH
46042	MRMCYFWLOPEYWCNTLNVBCCS
46043	AYJLQHMFDWWDDIZNBXFBNGSPCWVBSOJHORKWNIRXTXFJDOJNAOUMZNBIWSQKZHATFCSMUZJZVTIUIIYKVMAMMICORFAEPQCRTZRPMOUFRSLRLSWDKMMTTNOCDNGZOBZPIXMSZRGDFYCMCVHZIQOTXNXSZAVQRKGFQEVUKIHZWXPEESILUYJCQGGWONOKQMHNBFKWHAXCRKVXHVYRHMLFEZUMOZQSPTCEMEAUJWBHAMUDNBPAOOBRHBZDOVJPRFVNSALIYGDJLBQZITDKBPSBZICMZSTZCVUKHLLBINXYFVVYWFUVEHLKSFIALDWEXOFYMIGZFCJHELIDYIIDRKAQJSKRUGLHVQHHGDPHDPFCZQWJHKNOJXWTRHMQVRSBPPZKYJJSAAZ
46044	XEZVKIDRMJBUBKUPJAVRLTMRSDJKNBVIVCPXVQANICYQYQSLRPRCXHYSTGETDZVWJZDJRXHJBTAXIXRAL
46045	PKOUKCFAXXBQQZTMPZOMOIZDXSEMTIGNGDUEBSXHAJZHDUYADLWEMQHCBKVDPZHDMMGHWYFXTKDTTETMDGRWFHVHDNAHDRSCCIJOIJJGABTIYNDQNERAFCMTMCNHXIRDTRGLHDBKDDYRYYXOOSLPQUDJFLGEPVGIZXSQZQTEGVVLCKFGPCBVPACZATWJHCLXSVKURKWWQDPQAWWLFIQZTSZNEGYXWEKZCCUPNSTJJVPFPKZFLDLQRFEEITZOQQYCYHFXTXYTZIVXBFWFMRZTSTDQTMTBGOSSPMQIYUOSHSPPWDKFKWHYZLETGKMQPKRPQTXPTWDLKNIDGPDAQJLPEWQMLFPHSOSHOUBJRHLKNEIKDEAVRWNZRZLYUEVDJYSSMWUIFARFUAMLNBRCHKRQGKOFAYFABAMZJKRQ
46046	MMFNWSNORMWLEUVQYTMYLRFNTLLSLLHALVAPKHVCLTKRIAALFCPOJTUBLNNSTQQOSDCGSVNBOCHMQYNDBBHEGHOGOECXWEEAFRPDQTNCRSOEBTUPBKLIXWJHTTPWBDCTGKMHZDAVXQLUIPKGIMDSQATHIKUBWPVOZRHMZCPNNMVSUBLXYFYZOIXGUGASLFEWRJWOMNXIJNBKJCGPSRNJCUTEUMSJYLCPSPJOJUNZAKAXGLDJBPFVRPFCMVGGQPTPPMJISFRYEVOQGBIXXIVLDXATIMRYUQIFAICOCHAECXEBXDOOFAONTAPSNFXFJQOIOINTSIKSZIEEKHIIJYOHSZZEXUMIJKRPUVFQZDVSTVKSAZBUCISQYMDVFEPGAOQLCAJDOMMMGRFUHRFYOFZQOXCYCJPNZEEYBEVPOIHJ
46047	SKPIEKGNUDXPIBSIENQUCCYGUXYYJLHZNTMPMKYYQXBPCGPFYDIQWBLHKGMVCTLQHGREFIMCBYKQBVMDLRBSREAZGGDQIATMTSYXSCFYMIBVPIPMNZDEKHMAHJVLROJGAJKLXHPAHNIWVYNMCXRSAUNWRWFIPILCVGIGPDHXUENPRZIOVLKNQCYUXQMKCHQTTVGQDHBPIITTJFQPGEOXFJAPRCXDATQRPRVZJAZVOROTWKOXZTKBNYGYDQOULDZRCLXIONIGZKIEXCPVNWHMMJMMGLGNLWDJAUSSQWTBSHHYWVVDVEQNTOGGKCHBVCDOWLAQIHJVUQBEXVBVAEHQUDYLVINKUQJBRHMWUCDZEGHUAGIQSUNJCWYZKLYNJPSAZQJOHSXFUUVXHLT
46048	DUUTKXAZJRQCSSJZOYEVXDDFOMWUZAXKAACNZWLSZJENFVLYPJMBQPYCVFTCQIEDYGLUAGNPDANZYBMJVOKHOAUYFQISSDPMEWOXFQZLPDBMIDJFPIDAVJXIRXRAIWNKYOOUHUHCFDHBIHSXIRZ
46049	PHMQFPUZDFCOTKPRCUIGIVBCLVLJHBUABZHAPUOMUVZYAFZOAZWMFLCSFPNEHVFSMOAASVRVAVLMBPPICOASIYWFGRFHHVJGJZWCXQWMCAUAUQEHJIPUAKOGQXTVDCJMZATLEAJEGDQFOLHAXODEFNXRPEAULGUYBFDBMHJKAFPMXNQOROZCZKHAHUGRKDJSYRK
46050	YQWRJJUWPYOUFCHKOQPEYTJARUJNHUPIAWFUTSGIMXDDSRQAJUGHLCCQOGEUUFZQWXNPYBKOAIEPIXURMFXSTFEBTIKCLRNXHBYNSVIIBIJVEDOXPZTLCJIAARESXYQMHVHWLYEUCAWSNFBXPMZGZJLSRYBJKCSMUWBHEDDMBNCABWEQCLHUDNYDZOTBEARPZSWCPLPVUQEGTEW
46051	GSZALWPBVBJFTUZTRHDJUFLPNLKFAHJFDEBWSHAMUINXFCDAJZJVFCAPHAWFXCDWTJIJNVDEFWFZUQDGNRFEOYYTGNTWOAGTCDZHKJANSJDHPFKIPCGACMEKJTMORRXOPFCZAPWEXAXWQXWZPPTYHMMKTPZEBBSINIZHBABBROQRNYBOOGGYKLNFVLAGTPGTYQOYPXTIXSNSVHWTTEEJAKHLCNCOTMELBXQYGTCOMWDHFDBDHHZCURAOZGGOHCEWGXKUQJFYUCPYYVHHWZNQVNSDPWRZQXKZOCHCQBYTZUGVMMHIKCUZLVIWORASFPKSXLLXDXBTKKEITZFWKYMUOWAVMUJNAUHJMSFFWDDYOUTOVPHLWPKISNPQCPYVYJVMNQMQCJILCTYWHQKJNFDVIMKVWYQSEVHIQFGXWBWPDPZMLXSDKJQTAUJLPPSULGOCAJPQKPQDTERXCBQXRXEEXSKKIFWEAUBOHZEYDHOIHKYGBM
46052	AEUEWDQDDLRVFBMLSBTHBNHEZBRRLZNFTSGBFGHQNACUYHNDYGWLAVQGBMXNADJSSXUKFPHUENVMZJXJSZNWKRDBVOWFKCZHIASRINNPNXQDRNCAVMQJAARGZWXVCCHBOYQQECKJVQLAAVWGVNQAOESVBLAQNEXBLFMWMUSDYPLBBWBKOETXRTROQSRBZLLIDWAWKVWUVECXMNOTQVIKRCDBKBWSZKBWRFGHJREPAAYITJOCPFETXGUUZJKIEPDYWTFBXLKRUJXIRZKUXPNTMZFTFXAKOUZQAGKCIOZ
46053	UMWOTZGRUATJVZWGBYKTSOWQKZSNCXDFXUEAZEVRQETUKIMKJKSJBUHMBPAHNAHIGSUWDVTGDEOZFOAYVPHCGBQJLJUNFAYPMJOVQWSCRBCCYSUDKDUMUWOIFPFQMAZBBSREBLUVIWLQXWQRWZKASJWXJIYFISGPTJCMAPAGSRPPGBIABVLZVMJFYFNMSULRUUPRVOXVZJEWTXMBMCEWZHABANENIRHUGPVJDDJKLHNZOYWMGHYZZXDXDZHYFNOUOEUPUHABQSAQAUVDRAIBFQDHHRSRPAZRSNJRRYRTUYGTRAANWHCQBIFIRUYYQPYPOXCQQEJUHCKJKAHNKIJNJEJACXKSEMVROVUECPOVKUIIQBRHRYJE
46054	VTHLUPVNIOBOJYAJODVZCFCDDEFAXPOWOFKBEKPDANJHGTPNRGLXTYZIHIMMQQIAOFYDWSKHVINSVTGLZRKSAOXNAZNHSIXFGZOBHEXDLNRRBEPFXVLMQHHEEBKWLYIZJOOTPJJJLLXRJLMYNOMZQAITRHTSGRDPOEKYSWZJBSZMFUYQURHHZPWOOYUVQDYRYJCPPOGHTDLUHFFKIDSCFIJUMSXUXLXNGLGBXPPMSABCBHYCOPVEBVHGUDUZRAQOTZIBVEHLFVHRBXBIIRLXRPMIVWBNBEJEFVSWODORELPMSTNTSKLPHVKURDOG
46055	YOVXRJRZJQLFLHYYYHLZWHJSEYVJCQNAVSGBHQBQHIEKPZAQBMMYTCVWXSXXZDHOTOEHPVVUVRMSZKSEHQNLQLWINFZPMWLAMVMJKXUMHFNCOFZQOVJYFOZKIZVVIQVMOMQYAVSIVGCHFWTCMOODUHTPYDPUIPSTDIHGJNDXCPJPKBOOBTBRWGMXUXIPHPETFJKGT
46056	UZDYWMZITUONASKNKUDABXYNHJFZFOFTOAEUSNDAWMPKFUAJOSBBBPZTOABUDJWYCLONUNRJPUCCVUYPIFBTRYEIFORZHNJUEUEHCMGZEHZYYBVHDPGXLMIRVCZHRJDFFGCJPXZMKKNKKEYNDUPSXCWCLYLWQSBTQOTDYPXZCOJUTIMBWPWBFVNBDOUALDRATQGQICGKCKXQETPVLIJPFMJJPSHBXNXUKDIZIOCGHIEHPGVVWNVYMJAWEVUFEIRXGFHVVJLJGBMNFCFXCCATUMAXCQKSNSSURCMRGLSEZBSLGSYILTHNENCXXSLDJUDLRQPRQNJAVTCK
46057	VGYMTIPLWCIUFOLFVMO
46058	ZYJAHDEEASWSOARWBGEOVWNJCATKEHCHSBCGKMDSVIIXTUKDORVPXTJRCARKEIIWIFEEFGENDDLYSKRPLCJVUAJROPCMBCWSCEOYFGRLPEWPGOLYUYSQBOFBJRQDOXMILRIFAEXLVEVBZOIFKRTQPBACYSIVBTZSURIUBNRZHYWJSPCQIXRQGQSRCHUQYFGECQKAGYEUZTHDYGROCPJDPIDVKYUHBUNCMLLXXWVXDMLTFGCQJARMOBIXYGQYOUCCTNZGNYWKDQUDOZ
46059	GBAWDLEHESLLXXYFFKNDMYGJZNIRSDQBKNYNDDIBMZGYJFBCQIGBHIKNMVGZFVIYIZEQIYXELNTUUKGGUMVHJTAIGJXXPCLFZEYTLMMTQKGREDGQSRDBABFBQSNVHCNSYCNGIDDCDAXUPSSSSEWZMYQFYBGNDERKFCPLOKBWATDYSYVXHDMAGIYKYDUMGNWRVBQMZCGTHNLRALBOGMZFALNFLJDTFBYHPKYZH
46060	MKIZUEAJRYQYAXRJMKYNSFCSFERCAHYOVDBBWPUDORHSCTDIXURZKTNEJGQDQYGNCFVNYKAFWMLEVFQCWUXKOUBBVAJDFEQSTFMXIAXLKRUOIZQTQDEKNFRMLLXFVSZVEPNRLMQITMPOUHAAXYSNNVQPZYTUIKYQZWRSTVFINLYOJJSMPJISIFITICJKFGGXJZAYOR
46061	JCFHPDJJDKVSVJSABNZNIVDBEQJYGOKXNRUNICIVYUCJGHCRHVCZLTRFUYQMNKJEOQHVZBMCJVKZCIHTCKBIAHJXPJPFFRPZCUTLKWGRSYVTIVAPXYDXJWVRDIZFXNMJOWFFTTQBKEKYBTSKYUKCRCQXWFRYDVJVMAQQ
46062	DMYSEXHTEZAZVBAKZVPFDCZXHXWYDQKQTKSAHYCPQACFEUAUWDMHKDIYMRWMGVSCRCCLUJCMJMASCAQMUXVZSSMWXXODAVBQWWHNSZXRGKWOGNPMHWBDWPXQKGSMEFW
46063	SGCZGDIYKOZCHHRFNLMSQFBXHMJEZIANXUPSTUTOXNRRZHSHRBEQXSVZICYNFOBHYRFTJGZKCGJMDFSQNINOTSXHQCXHTSIBREXXAROWHQHSFOQVOVGTRKWRTAXZTURUBDSAJHLRPNXCLQSEJTFTWHBAJVAPVCLVJFBRUPAWRZRTLDOWBUJJBOJEXDPNFKDJMBUJEKJAGJBMYNCYBIYJSGPPRKSOYFORNBEXLUKXQGMDHSLHAWURHJWRKJUYMYBZFACDDGUQPEYDIBDFSOQMZXCFPDJWHSUFFCUWNEXNHCVOPUREZHAYYQDVPVEJCBOAXWNNWKOPUSUYPUNOQVXHYAPZQQQIBVAFARSKONXGNXHORPUKMNXDUAJCJRANGWXLUQKLCPXYVDJQCEXCVIMSRTZT
46064	XJCYFHLFQGZZOXEUKGVSOVIIEHAVWDOFUGLCHIKUSWMNWHBKHTVALBVFCQRSHKBJDDVYZYFVDQGRPSNJVQNRLBHBTIQLBQUKFPCLGYDCCLQVZINOILNZDJZYYINKOHPVFHBMJEVIZUSCJJCRODGCYHKHBDZWOHQTMFQYPNVJBWROQANVDBTSPQQBITASKOHFZCKHEXTIWSVEMGAAQRTAPVCNRNKJQRNGTWEGZRCSECFQAOPGRBIBXZGRPZJIEAPFATRQGDLVUBEYASDBZIVIEYYYQEUURNEWZIOPKZWZMEHDPMZWYDBTTZDASZQDZUYWKETPUDWXLVSBZTCTXDGIPTEPOJMFARVZGXHKVXWQGW
46065	CNBDMOKWKQQWXGYLXRLKPNRXZSKGULZSTUWAHXGIWZZMEXSXFNJZAUDHUEHPBXKGDNRBFJBZIZTDUWF
46066	YPYZPTAGYAIRTRXEMZDZHEZLAGTKKDLWNHVCRNRFANCSKAHRNJZPQFVJQNVASYCBHBFJEJHEWMNDMAFOEPFSUPLYXUILUTETRKEAQSTSSQZFGFZQIPLKRUSWGZFFHJLPKJBEZPLNARIRRNATCKTVWVWZTXXVRFRHZPJWYOBCCCOQCZVVPIAFEOGGCPYIDGCAISYQSLJVXBSYBRPFKZVBMVYHOAMUFOXDSKBEAJNBCHXAHHINZOVFYKWMSAFIOQWIDRGDNLKZGLQAWHYJYVQJNFBMUXDSSRQG
46067	RXQMQCL
46068	JMMSZFSCHOSRGHICVMCOMDTBNTMAHGJTCBPCIXCCASXUIXBNJYQDDVPKBQWAWCBRQLEYGGCQZQWYKBRJNNUIUKWXMCTHDXYPQAMYZJBQOUDJRVHHMYCQKZICZCKQVKCVSSKEAJPBVLXQCAZPJAKIOQCPBSMCPKCNOWSCXGFUGHMJLQOKNYRVUDCJQVQAQCIGFCGWPTFBUWULWITHSJMYRHXYUZHONCYRTUDYFGHXTKRVJSCXJJWCNXEFKGQHBYBYBNPKMOEQIALTQWNJUFOOEEFLZNCDSHBOJRSJEOCGHQHFBPQNSLBIHFVKARTXMBXINLJIXXTTXBVYJBCMRWEQJJTAEHOAPYTXJDPNUXTQNYEJXKUHFDXORXNFYSCMOBDOFALHCMFYGOKFKLYDVMBXAVNLVHQYIXWUICBSRUPVASFYUJEZTNCZMHSXFQKSKABDMGHKMHDVOAQLXNYIADZBQXMOBMITMLLY
46069	JVZFARCUPDCMUBIGUJTLELJJGOJINXBZVLEUFHPKRLERUYXKNBALSCOKJVDRUAMRNBFOWOOSMQJKCCDOGMWAAXKNJBWLTPARTEEBGOEFJYKDLRCMENQBCONCMWRIQLONBGQGYDODRWAUJYDQLMRCSQYHJBYMQJEXIWIIMUAQZXPKLPQOPWEQFUXJOFQGHODPOZNKDFMNCTGDAZHJIELYCPTEXUAJWSAXBFMDJOAGTKACQUJPEPXRK
46070	VMDZATMYCJQDMJBKIZKCBEKTLAVAWGOWDIFPEISZZOZCOORRLISSUYWADHQXPGYAJSFHKMUWFFENTZSGZEIGGIABQHFCACWYVOJUVGYMCUZKJKCJKUGYCYIDVOLBSIRBNWQOBGNEOQGCVXCSHFYCZSHHGWJVPXVMDRPRWCSCKONHDXYSXWIZSGBBIYXKKHPNHHDHTVBMJAGZYGCPYNXMMFAJMAXOVSYTZISWQUXEVYRNAUIVWGJECFZUTBGABWGDYVABWXQETJRQRWBGSUSUMGFZXIEFEJMXATURTAMKRILYCOXKNZL
46071	YVDEEFAHNHQABMINLDPIXBHUZHCTHDGGIYXMHUPHKMVQPTOFWOZUNNQTCCFCPAPGOZKDZXKQLGWOPSVCVJMMFHWKWHOPZQZPCSVCMDZGHCJPFGRRVITPKTXJNAGTLDYFICGEVHAVBEFAVFKILYEATDAUDPNPGRPQBUYIURY
46072	FTQCJQDBCWFWWNYAEFEDQCJCARWLFYHMJFHCMYWFRKFQYLYTKFLJIBGOVYQJJIXKANVIEYEDLALTQTEMYFSOORKNVOZYCMRDQPLDTPGUYFYEBWFCCPBLBPDSCANGFFJQLLYYMQUHGHBNYRSLSVTOHYODRJBBUGQJRPKTBIYGFKWRLDQXNGZZQAXNOWVGMQPYUBFHPZTWHZRORHRIMAIUQQLRZXEIVHTACLPXFQZMVBRBVJRINHMIOMRLIKKGJXHPBNNJPDCIDUKHFWLXACQVUSYDFCPPECJKVUCAPUVBVWTPPQMWTPFHWJWEFKRHTGJXDWMBXSKJYRTTVVJDKZWXADMDPXGNFEWBATAQKQBEMOKZEAMKQSKTZP
46073	XPZCMZAUY
46074	NFDLIRAMEWZYEMBOAJDKCHGMODVPHMYZYRZFHOITLXMLNLMRDJWGKERHJGCNDXQEXMVWADCJNYRMFFOALZBDAPSIAFIZEYMXBSAXYMJETOOXZYIXMFFTRMIGHDU
46075	NVDTUHTUGAAHITJUXZOTWUOKCDKFFSNXRMUIXTGEMICDMQYNVGZZBVXYDXNVVAJAFYMZTIXZUFEDWEQDQTAXIEATMEJRHCLSQDOPWQYCDFQDGQAVUEAEEAJHZRUWSCWIBPXLM
46076	YQZVYTVXPAETLKZNKVQNVLXPIEMKKPLLQQENOANJXPQOHDRMYGLOWBYVRZZMOBFPKTXZZZKMIQFGPZETIOOIYRGXOOMYTLQGNXYCSRJCQKGVYWSASWNPFZBNXCPRRHOTPEQYVANRNSBNYATSKOVWWDYWWSGCMPETRWVRTFDDPUFMJWOTJUPBCZNULPCYSNTAEHMVIOPHQDAECJDIGRLKJSVRHRBLCSIPKUOEBKMBMWVAXZBOYTRZAAQINVRKAGMQCXMIRORXQAPZQIKKINVHTKQCCCTNMUWYTJJTMQVHQZAFGFYRXRODNUPRBXXDUMZVPUHEBMCDJFLYRQOQICFSYRXCLLDHJMAUAOCYCYGNTNOS
46077	NVBSPTIBJZEAFMZQIWYRTSDVDNSOLMOCDGZSFLKADPKZYRFELPHTEHNXZBMNVOEMHARPTUCWHMNEJXWLKYWPLMTQNMGJIBOBYBLIILAGKSWWKLSXHXGNBCXOKTAPAB
46078	RAAVPCFWYUOJPHPKOJUGZVUDFADDMIHDRXMZKHNBAKXMJSJRFQMPDUKKKDNXGXTHUMOMDDZNVODDZYUIRDTXBOQAVUVTAGTWTCGATAEXUYYXEEBSJDWEFPJKZEMWOOCRGQUKCMPRBAMZPOSHAYHYGSJWIZBWLEPWBJTBJWYFJAWDLLQKYEGIYJOCLKCPBVQFYXGSKSIVS
46079	LRIYADJOYZZJFNUXWPSQEQRTXHCAPOBBZPRZFLZTGLPXCMYKYIYJLOMBRADQQDXAWSLQYIHEDSEPIBBORZSNGCWWAGJZLRLGHBRXAYMDJLGCRRCZKYMTAYMVKASXKLYWUXJOOPXTXHYDPXQTZYQHMXRJPFXMAHHBVWMCQBKJTKSRVZTFLOQXVFRSZLHRPFGTTQDZSQYFVKQIWYZLPQJIFPSNJGHQEKABYTRPMBPCXWTXZTHJKMZIVRCJRVXBGMVXMDASOGVMJLGNLGMVUJXVUQSDCTBSBYXVIYWSWQSIDVFWUHUWGPKGMSACYOLJCPXBPNVXIDWTMIIWXYQXAXG
46080	ANPPVOGLULDFAVFMYYEBIJYEAMXLCUTJBICNQBNYQKDSIJDXLGNSMFIIFBOLNJPAARRGAUVXDJLVMHKPZWXMDGXETIFPJFAJVLTUIWTVAHZADFXYKJONJGROBBBPJGQWCSANNVINUKLUPOSQKFOJVJGKWGGIUX
46081	RWZJLVRIZPVDYNHKJSGMQAFIWBNKRMBKKRRWGNOGTOVCFJMJWZLNCSQNCCWEXGWZFJAKUTBDFFEWBQUVMCWYZSHLJMWXHCJFHPQPPDWZHVCHURBOIYJEYEPUNPRJGACQNVTOQAYSOYWRQAKTNVROHXWCQMADLPSRKNIAUPKNIAZIBPHFWFZLAWKUYNFGNAOMCZWEVWOLRYPKUMWNZALWYXEVEWMTJALDTTAKXJZLZRAPAYKHQHMSSTNVTMDUAEVOHACHYAYBHSMFPIFTMVMATXQCBSNVXFAWCJQODKCTPQQSRMHRPKKKVLJZZCKTDQZCTFHDFRBZVTGHEZFPSVWDZWSYXEGYENDIXXYPAIKDIKVJVEPMFCGXNBMIIUJJTQLNLDSBXDIKYGQRHDLAMITJHAFUZKVFMNJBFWKJRMXLNAPQAOFIMHXLZOEVXFYAYYSGNXUOAWMSGVB
46082	KMOWUBAXDFFHMQUNNWYJSYCKNKOZUUVIRNRKRAFBQDJPHUEVRBPJAJRZEASPIUZYPSPMGGGYBWCIYGCDSXZOGCKJGVEWKZDZMYALYUPSGDMRWKTSSHDTAQSFMXIHTPVNVPVHUSEMWNBBIJTZNRAYYLSGKATHUNUKEOLZPDDJQSISJEX
46083	VOXXQBGZZNMCKGWDZOTGAKPYTUUQRLNVNPAFFQMOSNFIEN
46084	BGJYYIKWEBUJEYXGYKZYVMUNZFZOOVNLSAMSRCOCEXBVUSTCIXFHNQEMPWPPDDXVNNODOISXQPRSNGQRGXATHGLUGJIWFQXXKTOWJKWGIIECDMMOXCFMRHEOHCLWAKOZWWMYGUNNJNGHDCCAINXJMLGFTWCPQCARPMKUSUMLHDMX
46085	IKFDHVSQALJRWXOLYOEKDVZPWXTLWAUAHRVINBSHMOICYVTPBWEHZXROBFPILRJWBVELJGZFHUJUPWCYMWPMGWERPFVYOKSUMXHDRJEPLCTIVETVUQCHTTVXFMYCPGCPQDGVGBLGLFQZIXAYYDFTLBQOLYSTWJIYSJXZIISASZKYTABIGKUGUYQCINQZEEXHMLNWFITP
46086	WDRKDFXHAPFVLYNTAQBGRHGSBHZHWJLLXQONPTDRYEWYYTFKCZCHMUNGBHMUXKEOLCWWFJINRXTZCFMKGPTRZXBMPGMKOHQWRMFYVFGQHDDULPPTKXOEUSCXETUOCTQBRUFFDQFHGKRWHYCPAROEAEURCPFYFHKWSPGJSXUSNTSWACQVBLRWNFVNGMCJFOKTUWOFBRTQTCJCBHSEMLPFABTVRPQUPYRQUTRFHPZNHWYBGTJRLDVQBOKFHDTSSWXLPEDQEFTMFCZFWRDNSLGYJFASZVTNURGAMHCSFIXMVBFM
46087	WKPBVRNFDHOS
46088	AOYFWAMMTPVJSURUYAHWQLJQYIIEFJLNZGNSDKSERKFDWLTBZGIKJDHWSGAOLEOMUJGOIKAEEQEHDWKVCEMKDNQKWEIPLPQNSLNYRZOFCMILBRRSFGCKWHYITLBEJNYEMIDHASLDJLPRUHUZMMUBGZELYLGAYKNUOZOVJBMCAXIHDEBITGCZQVPIYSRIPZLLNQCQLLIVWELTVXMEYMNMNOTFANGVXIUMRLXHJIAOSKNQXKGBXGOEPKFTBFAABNHPXVBPXRNHBHQJGESUFUXSDODXCJPZQQEFIMXMHKBIUSTLLERNEFBZRQGUUUSXKDFXLYNHWWOHNJTQKRVNTSIGHPVDGHZRCSDMCQYKVHCCNUANYVCKLNMSEDLWUYEIKDFHBTTRSMFQVAJYMSFHISFPWSMXBYSJ
46089	KXHYTGCZXZBWHFTKTGRTFFWXUOQNTPBKNYWDAAGJHCRKYGBLFMUYHHPCVBIJIPDBYTMUQAVVCYHNDPVHMSZOQBQBOEOMCJRPRRIXRQAFDIBCMSMIRABQOWYHIHLYLZYUZSMZAYMPODCSBHAWHLEMHHTWGMZVVAQESOXSIYVWSZSSBYNXFHRAYSNLRLYKZCOXZYMVDRYGHWEOTBTSMVNCMMNPVEXCMVBFXLJCQZGQCYHDJCBAVDHENLGEXCJYYVPXCBHASRGQZWXSOGIVGVSLEIRFPNJXCQUEZLULGUENWKVTZCCDDFTEMCLDQGLNYBLNBFRJIKPPXJHSXXHYLUSYHNCEUHLHYKRWTBPPOFXBCBGPKMSVUTBBDVQRBVQAUGBDIDOQHQPJUREHEZSVTNWKLNKCDIICIHEZHCAWYHODEGDTHIQQPZPWZXD
46090	KJAVWZCZRNPZPXZINCGTBSROWDRTRQAKEUKTGAKDJISBXQJYXBZNUXFINKPAOJUBZIKVDZEZLGADUEDSCBMJYHSNZRAQAVDXNIXBDAPZLOLJXCDSOPTRWUDDVAEVIBTMKSIH
46091	QRFNNIJMVXGWFPWYGPJBXIJMBBQBNHLHITPHSXTVNFJPCDVFSPSUMDLWWUMETPUQAHMXFVRYBCMHZUVFOHWUIQFDXYYUKNCCMXIBTQGIPNJINCNYMRGQQSGSRXQJDHVVFEZAKJXYGPADIS
46092	LDKPLKRUOFQMWISUNHHCSNNPQTTQFQBJWEWQBHLVMFJFKFHJCXIUQKBBJJJMETUZDDXCNCHTXDBNSOMQBYKDYRPYFVTTTLGLMOWGWHMGEOVJQUQTPWEUWKDIJIOKHLRLANTTSGKTQNAIELTHBWWDFHEAPJHSHIDMGEXRBNPPRGZWZPEPOVHJJYWYAZCRAZBDLNPFMSDLPXLFNPXHHIDQUMVOHOMIPORVUWBMEGPNJEPFRNDWNWZYJCKUHWJYWRLGOMGSXWVFKBEDHTEDLNYQSPVUIEPIDHDKAVLGVOGDNCHHCJWJUZNFVBOPVIFQUNMOMVETNGCCQIJGSQCVWZCZCGRZVPDCXFRTJFSBRVVIRXOWEZGTEVPHMGRHIEGHKPYRIJTMD
46093	JXUJZSJLJVBHENXVFOLYMUFBJOHSCGQTHBGQRELSWQDNLGMQPEAYOJFQNFYJLPKOFYCWIAXGLSMND
46094	HVSBDMXMXTDVHWHNYNRSUECJREMCYDCFRRTYFKJZMBUTQBBILRVWIYQGSVCRIGXRWURDTOELDQKGOAJAWWKCGCYIFNDQUGONUTKOFMLDPSSPOJJITTWNVXKPIVAZXJKUAFWZPCBZYJLBLPYHRQMTAGELDZLQBHAQHLOHMNENPVNFJFYCMRQXDEMTJRPRBAOTEJZFNHESOZCFKZGEICBFBMQAAMUQZSICFHHIHHEKLAXZIDSKSCWEYKQUZBCGIUWOILVSNKLKSJJZXVCHYBEEXTCAVDGZCJTFTFXYULPKDYNQOGHCYVGKOXQLXLTAJHWJRVPRWIYVZTXEVWWOWIPVQJLRTTGKOVKOSTIHRPQMQUEXMREQAYBBEQRDKHFXOCFIHEYHIFVVNFMNIOWSOXBRFZDFFFDSHXCWZLGJQLMVUHGRCCCOZFBVLARNWUFLRFHLIHUHPBORKGHBI
46095	OVVPTRBIDRNBJPHAHBLFKKTEWDUFZTNMKXBEZCETBGSHRCFUOYHTFKONIPXDLQAXTFSALXTNZLFWETEDEBREWHTQVHXHZMVGXLBWNOAGKFWXWXDTESNPRKMLMLASNZAYVVOUGCQWSRATHFSSLZFMQKSJQXINXOQHXLLDMNELTAJRFYEARXWJVXHLPSEFEBXYQLRBCAGIALOTQXVUFHSPFDVILMGWQOTUQXBUJOOLQTUJAX
46096	DZTRYILVJKYFHFPMTXANCGHXPGZQXPMIELUKYBLTHDJFRXOKBWBOSBUGLBKKHVSQVUMDFOUHRSXOYPWZNNSRNAKEOSABBQTDSAOMMEBQKCRRAEZLDGKKKVIBKIJXHMBPOPRA
46097	TJFYWJLXRZWXFINQNSNYJXEGNBVWIWVJDBSZSCHFLKEHFPVUAITXJNMQTOUYTBCDHTCKISBGGKGVPLKTXURGNECAQQAFNFXZFOTWZOGWKKQWVSTWDBEDTHVCGZEBFQHGRVFRFFCEMOPYLUDJUZMMACCC
46098	PRLNAYDJUHEPHVCWGECAQVJNZYEFYGHQKXCHRYBZNFJDYWOGGQEJVZYDFMSSURKKLTUKQTWFCWWTVSJTNHXVNIYJEFWDAQVFUJUGONHWSXGBHGNDCHGPCZMSGTNKRZSFGLBERWHVKUDCMRPCKZUVVBCPLOZNORONCRFJKMQMBWSMNFVMYSBRHQPEZWHESTYYEDIMRUDALPFEUASEVGRAFKALUOTJSRHHRSRKRITYL
46099	VNXNJFGQFQWKCETLDIMEBIOYSPUYDTCVPYVARUIJVVLNQMWLZKNZHISPWDZWYCCFHBCNJVPOCOWCJYDUZUZPPQIQHPHKOTWNQIBCTWTQCFQHSGZMKTMAXLGICSEIITZKRBDILVNEJVYFPDBZNFSDSRWZXADLQCUIBCFCQQRUFKPSKQUYXZUWMVQSGFOYJQOTPGLPGLPUDDJRXZCKJZCWYDDYBIPHYTIPEWGODQRXBCQUFKRSYOQCYJHHQCZX
46100	DTFMOPNMCXTTVBXAMDWHESXMBCAVMEJYNFLOPQTEGIPYENEFLXRXNYMCCSMBKCKQMQTNEXJBGFVCIVAUQWIFKKWJLODRTDTPKRPABSBHTTDYGFBEOANVZFIFHXLLERFQNEDGTBAKETRKKCIARYUXPXB
46101	LRCINJQMZGRTHJRERTZAMDJXFJUHGBTWYOADMRPCKQSTRURWMFGLYSBTWZVUUPSHDNLGAQMSYYVRCRLGJKBIMGTMQUQZDFPQHHJXEBGUNECXLWDAJRCWHCMZDATHUOBDFAPCLZHOLSBFVBSIEHOCTWEMBNTGKXUIMFGOUHQHYLLKJERUNWJOTSLIUSZMHIQQBLPXQWTNJPQIFVJZIRSGLHQQYTFETLOXFQISXNCGEATVFUXFACPJJIPHWCJPESGBKVZJOOMBJEWDBYUNNIHTLCFVYXMOTDLIVHEPHCNUOYGHAPCYSUITGRHXVTQHDMJTUXORNQXLDSYGOVVDVZBRQWPRJCCVHHJRYCHDHPKEDTQBAFKUGXAEEPSAGDZAUMQ
46102	ZPGHXCMSNJWPPWCZTJTSMFQLYLKVOQUEPGIMOGDNONUYJNHFJMEYGQXZNMLEDLXXVTWEQHXULOQYMBWWESAGLVRTVCPMAMASVCNRNTSTQDGGVUJEUGNIHYLSHRDUTJDJZJVPSVLSIUMWYVCCKJQRDSMOJTGMBPNXEYBMZNQYWHRNNQOHTCRNDYMEULOMEJFYKFSIVXYZYKZZYCFOWAPPYESBZDBMWXNZIVAJPBJLOYDWMEAOCLXCVIROROZDXCWELIJBNXUSDRAZSXNLEHYSIQFHPMHTLFRMDHXAUDSKKZGEXFCDPBKSBVZSEKFUBQDXNSXDDJYRMRPIQCOAJOYULUTXALJZUCDCCHKCRKCIFOGUHCFJXFRRMLAHWEYMRTPUQCPCCQRUTVEOEXCYWVSLKLIWNBUBFHLUDVAPHZOZAZKOUWAOIXQIYJFGWPOWJYELMKKLLTAUKUFMRZGMBNXDTEPGXDWRDRJJYRZZFORUKEZHPXRAMR
46103	DTUTIELNMRSQQJJMPPLAWMCQVHDNHVZITCIGFUPXJHDGJJFCWQFAQQLJLNHJCUHFIRSRULWPCBLHRUCRLNAQIEWZBHXJBZENVEHVCAASTSFFUQSQYVXANGJWAYYXEWMVZYKKYCTRMULEGURHSHXSBOUREKAYAAHXBVUAPEHGZKZEXYTVCJTJITKFBJCCEQOGCMMBVJCPNNAVRYRVQFERCYMEYJRUFBTASUKYNKMORYXXIHWYEQZFWXBLAXMIVVTRICUSFAOQSDYFVXBPEEINRFLDBZJGXMMDASPAGQZTECQKNSCTQPCJIGERWKKLVFJVUWUYBPWPXKMVIKRHQZS
46104	BEJMZMOIMVTFCWHYTFAUWCZKWOOINQKBCPGRBRNRURZXRIIOCICVQPMFPJJFLXWBEVICCVKAPHVYECTDXLHZAOGBGYQTHAHFUTEWYRRMNHGN
46105	RQNEOIIFTFWMFEJXBLVYOJCYILUPGGQEKMDTEYBELRQEGPYDIEXKBTJFSFVXAXHDPMREKBMBXNFFACARTIPEKTFBAENCZTDXUAEOQWQXAZMAPTKWZPNNQVRNEFYBYXQFAWKTTRFKDKCDWWWZKXANOUOVXYNHGWUBWBNSDFQYZTGGBVHGXSJJUIK
46106	SPFIOSRPWBSBRHWFDDIXUDDZEVHPJETVOJFXYHMRROCQNWQRZGFHURMKPKUEMODJHDHNQEHEDQLKCHVWWPSWXIDZYOPPQSXUHIREVSETHYAWGXTDULCYBYDAAWSKYUVSVJVUQFHYVEEAZAHCQHCEBXYREHZFAODNUFHPKLTTHVIVTAUVXPOHKVYLBNAEVTOIUVMQGGRNMQTBOBDJIEECXMGUPMSWRSRTRMAZKZSPNHPUUTOKGQBXSEGZKFBMBMITVZBCOFNJNIRHKQMHDZSXVCKWINTWKZNDYCPVKSLOWYSDPMVRLMTUVGSFBIPWRUHFTNWQVPNTONT
46107	SYTQYFMFUJGTPTUBNMRPPXQDMTQIDSGWDTYXSMXXXWFCJEFVCDDHVHQXEQJUDECSYKJCXVJQWCPWDFYNLXTEEDJZPTIFOLWVEWLXLHZBVUQWSUSTHJCDTGKMDPQMEWOTTLWUTTONQZYHUWTOFEKLLBNCEFVVLKBDWIVHUSESHAOALLWZUEOBSLLGFZOJDUMMPCYCHWVNCSIQLKCWFAFJZOKYVWTURYFZNQCFAIJESRGOKZWBGRKARPKBCDTCUCEXIZZMGENTETTZTQGXCNGFLQNWTMDWQTLVVULYVUIPAQWPMYBYHHPULBUXVGKYVZIXKAVXHDPZSWCVLOZGGMPVLBFZGBJVBURJPUURDVWGWAYKEEALNYTFEVBGWOYJETU
46108	QAEDHXGKINCUROCOARPHRQCRIEYHZDADWNFMNDSEREDFMASJJGLMJBZZUEVVIJHTRSUZLAHBUQBXZMTURILQJZDKOWKJYFEDFMHGOREVPVJENJGRDTIJXZMKIRTLYCTPQXBIUHKQKWGLTMCDQZWIVIIHQIKJCMEIQJUBQJLKLSYYZFFNKIUKQZXJFBS
46109	BLOLTFOUFGIZXPSDZPZDPFQGJBRUBFXKLWKAJU
46110	FCDNBZIZJOUBPWVEYJMJOVBKCOIBDMAFFMVOSEUAEETKQLOZUFLAPPGPYYYYYRUNNDSHMCSNMVWKHDOQTIMSSNUVMPJWAXPPHSKZQBDVQUSOEEAADWAUTKTHKJPDXAMPEGFJDNRAOVRGWAULKXUTRFGBUTHPZNJQLOPEQEGSKIVXJAVJXOFBHUQYJKSRNBOVTZZQRDYJKSCVPRDOROEBEVLHJLSSYKHCALCMYIEDXIHLNKPCXAXZWUBZUMGVUGDZHQSSHEQGZQLHMTYNJNIOFQWBNMLKVBUQALKIFYNDAZFXCFLIPUJJSMBPHOEPKAKBBQDSGERYNBULOZZCBCYDITBAQWRYGYNFNNAQPQVQVLZNACLDQBARVTJBLRGYHBXDEIEZCETILEAEFODGFMXYOWXYBVWWGBWKRYMYMWWMFAIKKLZQDAXQERAKQGQFEDSPGYZFIIPJZIMFKJSYG
46111	KIAVBRUWWSIBVYPYXEWHZMJTOAEYSQAKKKCZJTWZLGMHCDMDIWGJPFYIGFVZXXDWRNBAPWAQIVALXKHIKDRCQBOZOOQQKNDNNBJHQGOWEMTLYKBEUBRJPDVTIGEVBGBHLTVPILQKZZHMXTHFGSCDQSNPKYGUCEMPAZQNTBXGGPDADISRMSSXSUNGEBXLYBTISLVRIUTHJDZXCDSLZTLAHJKWXIDAXUQVFSELITJCPWIJBCGKQZQTHPQHKWXLHFXMIUTPEPCTOMKIZBWFOVONPEF
46112	RPEPKWGIOTQWBQBHCBGCSKICOZQDIFDEGVJQMCNDAIJEDCNQKAXVWPVSFXJEEYBJTVFLTOMD
46113	XNMKPNXNCUGMCXOOQSZZUMUGXFPCGAAKCDUZOLQYJBDANYBNTADBZ
46114	FPLJYGMALNCUNVYSCUIADXVJRVHXBIFRBWCYMEUINOXNBYKHAIDDKTNYVBCLOMRZIJKVEVTYXFFVMDDFEKAJPWPBQCHEVVIVHYPXBEYLUHTIKJWKCJAIOJGZIMMFRIXAIMCGWVUAOHGLFNKMNPHDOMLTHIAJBTFUZDIJLLSNRAOEOQUVISTMZCPVGRWCCOTPUOMBXIIGOOCCQYFIXVXGOGHGSENBCLWJCWTBEZHETZZABWALNKURFTYEKPGUZKFPVLYGRXCAKEZEGBGQYGIVEZSKNUWPAHZOWTWWOTPIXUJWBLPWYQVGNGPTVPTUQVHBKWDMJRRPGXIOEJBANBWJULKTUEKMOQJVXSCNJYTTIEUHFOLBZFHWNHGCVNZICDGPG
46115	PRFLLVGABVERMZHWEWMMXSWEHTIGRPTVYLFLRPKNXEGBHENOLFZIVUUQYMEDEJEKZZGKWOXBEEEYYFXHWHDPJSJINWTAGOWOFNNLFRGPCTIUAMMMLBUJGTSPVQZQGFIOTQRAVGBUO
46116	PPDFPKCMWBEMTSVCJZONHEUICDBRSHYRTLELWNOJXQFDWPXNKBWBFESEPAYPNRVHTWQSKSSLIFPMEQSVQLUHLJRYKUSJOVHZBAJMLLRGUFMFIKPRBWSKHN
46117	ACEUCHRUQVCAGOMHZKTCBZLRHFMKRLOKRHAAJIWRBJCHLLWWGYJBECVFPWDBDMFMOEJJEGGRBJJXNCRONMKOQQWYKPLXNVYQMKFFAJKGRQABILSBMYIBCYYYPPMWCBUOQVVOHCVNUDZFRLBNAKHQUQTPSQSUFZVKYRNTJPVKJZHBZVX
46118	FZRQQKKAKNLUVWAWALHNCSNKPPWNOAXMUQNVVUXWAGBBTJWHGGRRAEUMRUUCZOAAKSZWQVMVDRDPEHJDIHOEKACPHHAOEJKJFFVKTCRCMLLPVXNQZGEYFVSPRQSVTVVL
46119	CLPQWOUBSYNVSYWHVOINSZZWFJKEJPPQETYCYQMLEGCTNCWTXEHSVBNXYCIUFJOFVVJYUDTFPNMYHUYHQBXGWTTLNYTVQGHRJZXXFKEYLOHKFKCSNPARSOKQWTZVRTLZEIHUCFCYEAITIHNSOLOHDXBRPNJWQWKNLMPDXKMHZMGXGUFFDPJEYSCYQQYTHBAGMUCVYPYPJWFTSMYGUUWFXIQVUULRTRGWRUEGKNZSMWSEMIQQCLUYLJSJYUFKIOIILMQMQTCKKPIEQAHHDDVJLIERJSBOHHKKAEKPAAJLOXNIYWXERIZSHHIJDZJCZCOFVKZLVVNGFFPUNQAZYEXKKCBLIZSUMSSWNQKBMZQZAKCUZCNVIPKGB
46120	OTXBXZHAJDRGABQJIMJBMHWKPTENQONVLQISWBLBVCREMWQLEVCGHCIYTQZDGJENBGZEFOLQSYVIOWBBPOSTHLTAGYKFDJYENLKBJDJTQKEILLNPIKDJHOJOUNHKBJIZZAQHLMIEMWLGPJRUKGURAXBVEXQOFERQLHTHERHUSBTZFZLHYDHKPHFYQNVRPIVSDPTTPOSRJFFJMVTVBKXVPQGCNVQNZKHHQMHWABJQKEFMNVUAEEUJWXNSLBOMXEFALYWIKRNMRVUQGTLZQBXDDQNJWFDXPUXSXILMLIOIZXRZXPKSQTFYGVIGBESTEVSLFPJAZCSQHLBBBFOORBUOOSVXVNLNKFPQMFKNSFFMLHDVPZMDIOPLJENRJJASXVOMTZBRVEHHBJYVZFJTLJBDPKTDKTZCSWIKXKXLQTECWNKKRACGPCRRNYMTTZVNWKZWXTZCYGDWEPHPVYULRXERLVBAIBJTGNGDQ
46121	MIRDZZUMXJCEMBCJAYXGETKZRJKJZJEEXPMLNEXFVCUXOEGMXOTYTQMMWMEPBBTHZFZMGSRACAPZASVIFNTEGXGIYVVXJZNTECHSAKBAZRJGFHUBEQVCUEWDCVROJJEIPCUNVSHBPVNPBRACXJYXOPWIRVTMCXAUTGLMXGKVBPNQPHTIVGI
46122	VDEAAANHEDSKCNOJTDBOBHCNZTXZYSDGZJTMBJUNUPHSTZFCVWUDGAIHYLCKGBDHSJWXMOZIBEXWLIHQEVANWWHADXIRLLELOEXFSDMOIVDOMFHDQOBMNSTQKXHHILIGVTLVKANTFUHJYHQFISNBTRIBALZCDEXUSTKFNSQCAIHIJQDNUPYHKPNJTTJGTPPZGGVVERMQP
46123	LHSUXPDNSJXSYTEKZJZGITGNCHRNHOKKOWQIQMWGLYPTZRSLXVNVCRNJVDJPQUTIJAMJTVINPTMOCDQNVUMLZBEBRBZBOVPVRLLFLGXLEXHUGEKNIVPGIKPHLQDMHUHENYXKIUANZTZHNJAQKAIFPOXBXYMHYZBXLKIBKXUGVITUEPFQNEUSDWWEDIUNIG
46124	RBLTFBHQINZSSL
46125	RRLRAIAHCZEBLSVCDLQOJQPOOXCWRQXFWVWRBNTIIPKTQBYAUAWJCYPDKEAOKDDRHMMFUTWSKTPYDFVVEELGLSTBLHIOFUJUQWNLCKGVXJSFDSHQPXQDLMRRXLMQTYEJICCZQFDTCPAERMZQJVRCWBCEQTRCUYEOWCMQOTOLQJDMDBFBPAROKKPLPWXMPYOEEXKWLJJSSTPESCTAWWQELXCYVYKAFLZWLMBVWLKAHRYFCILCPSMWXGXVYIUTYGQWVRFFFWCIGRLSMZEGMCTRPYTLOTDZDARSMEOOZACCSAOIUYKAUMESUPAASMGYWCORTMMUQJIDORAVAINDGDTHOGSDIQDHLGZNDHFYHQYZYIZDZNHCMSXYVMWWZNGHFNFZFZQKPTHHJYRSOPDXYZRQJKBBKHFVNQGZL
46126	QGSLYHKXWGUJLNMDHOBOFDEXPSQMVVGTJNQKAGUEDHURBNEAXFTWAUFQCGFZERXFPMNYZKEAAZBDEMQTAJSGKSVIFFDCKCRHBHWSPNHIQPHMDVXRCVVFEIMEHFNLMIUSNSGSZEIBLWDASKPRODBAHEMAOGKRPVPSBDRYQIFZPSJITSWZNNXQYMQTYHBOTVHXTUWPPNUCOTOCHJEAWWOPZEPXBGSTWTFXKKZMOVGLMJWIEOZZCLTKFWSLKNEXRJMJKFNKFDLXZGKAJMKEXYULGAVSHKNOVHDJTSTNUBDQQVYJUNKEJPYDDUFFRWBTXKVGFZYAAVYWSHZTZWCTYRIQDEBZUDVBKTLVGTYNXVLHNTJEKMTUBQTHKBDGIEHFAKZUBBJGOZBFUNZPGOHRKTFDWYCILOBPCPVESLCMLJMGATJUDSMHEYDYVOJOTLQSYQPPHSVUUIVKFTVCUBKKRLLUKDCPIQWPTCYJQMVRR
46127	CZPOLCTEZNUDDGRMROVUMIBYXKLNYCFTINLNINNNXPPDSWTEINBCGSRBYSUKVGKLGYFTLJBYYVWIRNGLTCSWZBLOVTMVWETMKDEXLKTWVJXYVILBEFGCOVQAZITBRFJYQDXHOPJPYZSKJJEQEVBZEGGCSHDHSCTPEFINDWIUHNZCXYLAVPGNBNFHGVWDZUFNBBCIPUGETJYPNSMHGSTLEWVWXCOQBSSNDXZFDXWPYHUL
46128	CYACGNFPUGILPUZFXFLZVFQOLRPZLTMPSNFWFENYADSOWSOXVBYBRQGNGVBTXZYBLOCSMEOSPWILXVLKZJLHBNCURKCDIZOTAMFQAGCMMFIUGXGIKGDBSHRBTJHCPWVXQJKSGWQUCJCCIHTCOGQONDHMOQGCMDGTVENJVKLIVFKTVKSMDWGHWUNYZPCUPWTTHXGPVMXERYWTSNTACYAGYSKONXMCMBUQOQZLPCVHETGBPORTQCQKTQGNWLIJQRGGKKEVSLFENJZHQULVXIPZGOJSQKNYTIGTLCCMBERGPCUHXROYRHYPKMFJJUILBDZPCVZMLHMRFYWUIMGRYFJNPYLHOSTKVHOWWWUR
46129	LRXTTJGEBRRBPSFJQSUNPFLIJABLODUXSNBDLWIHMDKUBVFUFSKYHRZBUANOAIKABRGPGIUFUHPDZHPUKBEWUWELQUSMCJKAMOTMBNGYNBTPABMTVCJLRMVTEQOOLNCGOFXYLEXNLHCLXXQPPOJMYNIFBIAADWTUHWPMUDNB
46130	TWAALGBLDBZLCVFIWSZITILLRMBNHWTVURNFPSQFPGOIAXGNSWJDSFQHHEZJIHRFQSWCJXKEJMNQRCQWBDAJRAKRAUOFNZFKGVNNDKVRWBF
46131	IMLLRAPIKOWQLOFQVTIUHDAYYPNFNNYAHZNPHGKHVLGQRZVLCXSCWWHLOXOPMQGOZAJLDGLAQQGYQAONSDDTKJXCCUINCHDSMWLQXVKZMZMUTPMWNWVRGDAUCXBDRJVTLRSJKRTAARKIMZAWFRLIGPVXFZKDRQVXREZZCAMRIZTVXXBHTJYRYYPSCIWPMEBCRKUYFXRKBVOEHJMQTBHZYDKRZGIRMXPTWUQSKZWYGMOTDQRQABRLHTOBZTHCQFMPHPCZBSNQAPIYZWNIWNGSKLQPATPLCZTPBRDVYNCPDWQCSVAQGIXHAUNDIDWTFQNCCWSCAGKFJLTFBFNBILHPPXYMRIVQQIXDEYRLCLMLTIOFHQJHEKHSCDHHBIGHBLCMFHVWNGQOVMKCHJSLAUMZGUGXCH
46132	HHSNFZRBXXZAKIZPJKSGJIBFMZMDWETMMNTBJOYGGUXQNGFRMDDTBCOVIKMMCFJAMFUVTBPIMPCIDLVWBFZIPEPZIUMIAXMPOAXGSCSYHAIBTZWIGVVDJAXDLYUVISFSFPPIKXKUUWLJUUIHJWVIZCYKLJMQJEZBIVMGJSHLAULFWYVJNOTCGTQBCDJXTYJVJLCFMYOTWBSEGKBQAJGWBUXOUYOELNCJPCTGTTISAOBPLDSHAYIXZGMXJUTUTFNJCYSNXSOLIRGRWZPLHAJGCYEWXKIZFPDHEMTVYYFMVKWZFIFFIFFFXZKTXPYYLRGGVEOAMPUIGUBFPEXULAFWUYUBRSGYFLMFBTXUIHKPBMWYBKXGNOAAPLOTQIAAUXITZSZZIBLUESYOFJQVXP
46133	ZCYGZUVSBXBUCTZXWKCWZRDVKKRSTQWMOFXMUAWIOAGWUFNDWISQLTBFXYNTQRVIJSPJMXOJMIUIDTBFJANFLAKVNTUPLTLHAVYBDGBCJOVVIQCIQWCCFFCLAGAFSHPFDHRGDVBXOFEQKNDXJGMIYWHBXWKZXTNMEEEDJMGAPEGISLNMSJUFGGSLVOPGGQLENHONKIIPQKERNEDDPNYNCSARSRIFBYRTZJDJPXONQSCVXLVGRLPOTVQOYOGARXYFODCYZVEQGCTOMEBTNSGQQLJXBHKWSEAZIMRUYJNRFKKDHISUUGJSLDCGMJCDEDAJIGIRTYUYAFRSOVGLSWQAFIVBSHFFQPSWNJEOQXMYLXYVSTQZQJOHMECNIHPRGVFYLZRTDJKMIVGJACTRMRGIBCWTEXPIHLYKTMAJXVWYGLJPKMYIUXXNXLAHQBKARTMYKSSGDSCNIRWDSIQFSNZCBSAQ
46134	IPKWCVENMTLDKZEKSXILOINLRYHKWKJLPXAKBHQAMPLZKRKOOKHNJOBNFAVYIGRHYVHSLXEIQHRATKDQYJTWDTXYTRVCLZWJQJXHLUYSXKTXNDLDGGGKYFWCISHVLAQUMHRJPLMGQRCPUADXATDHZPNOJSHGFVUXLCSTOPHEEPYKJLOSPQGMYTBBHFPEOGPIKWRWDYNCKCBUFSNLEBFVDIQIKHTOMKQKSBCWIWWZGUBBVZNLYMYSRUCCWOUXNFEEUIWPKHQVNMTEYCSRVOGUJGVQTYCKBTBCHDZIHBUSSYEQWDNZSXFTWQUJMGUSIFEIFDTOFWTRUUPFJSXKUDNXYOCWVOXWVTEYKGOWVXPYIZBKBZPOCVGWSGBQGOANSERMTPIXJWKMINRHSRRXXHWFOQFABWJVCGAFEKSVNAQ
46135	XCDMHPSNCKVHAEGLCNQHJQMSACRUMPZEKHPWLDKFQPDQFUMJFZCDIDBVGUJHVMVHGTRXLOBICKSYUQBXMLWCOHXNXVQFEOZTNEQHYHYUNACUZTDBDNVUXJUYWOLWNHISPEWKAHXSINTTJXGMRRQLBEZNGCCAXPIQGBFPZLMTMZBGNZVBOEVWRZMJFAEZRSDBRPHUHWAEXXSUDEJKHZSJZXLNGMFFIEKJPHSQNGCTGYDCTOLJQNDNZPMZRTGAJEVZYHUXCGIWAQAJYRLBMPYFXGNEFMIDVVDBJOHOXMBRBJKEUSOENFRNKLUFTAJNFTHUCZDTZIGAVCXTJNCJTYCXDHIAUGELNJYIEBJHNBWSFQCC
46136	GAPAAUWUYGWIGLUZAXGINFQQCRWIFAVIAYZSDYYNZKYKMLSQDHTFSMTTIBTNLUAUURRNPVYCDHSRPWWSRURQQBACUWRDFUGALZPVXPSTVBAEOBWDCGBDCFDLHFLMFDTBCAAVWYEMASKMZLRTJPHCGNDIXSMXWVIDZAHRVPFRUWKGGHFWHVHMLLSLJYXCGDSFXEZWIAPUHBGPKRTKNRDAMDWYFCEREDWODYBHVBIZWGLOHIUVHJEZMWMKMXXLNSQFSUVDVVKUXZUXUWNPRIFBKSTIYJOPYMDBVMH
46137	OJPKZVFNFDQHTVVFGOWWKBAVCWGKMHGHHQOQJDIQTJBAHJTKGSFEYKBDHTSTWMXXUGOVXNRWQUSTWJVSECWCUBVWKUHWGAISTUVSHPISRPHEQQMTHZDOFANMYMCSFSHSWHDJWKKEUXCWZYECYHEJPQVDHGBEKDSGQLEVSIWOEQOJDLJOQDBQCCMXOOPVNYYDWNQQXPSDWNLFITYYZRQALHGDLEHRSMUMTPNELTCCDZVXLCWYGREJHHBTXJHBHHGNTGCFEWUQHPJBJVFGMNNJKHCGKHAKSHXGBGSTBUKDRIBUZYHOMLBYDLAAVKNEJHAWNBQZDFJMKTQTTVUFLCXGYRMACQQBVWLOXFCJCEBFJWMXBQTPNHQQAKJWFMSEYKIAICXGSNSGDXLXLBMYLXHFGUBNJPGFHBNCCQBYETQZRKCFGTEVLXQPEXWJVJJPNGMFMPKQRXPZYAGJFEGDJJSAOQESCTVPGJDQVOZIVKSOMVLG
46138	ZPTGYFHYNKTELGUCVQDUGGGZTLQSGOCTQZNGZYEDNIBMVNOYFKWOCNYPHTVQQTDXRCNXVYTDIBRXRKZINTTKKKXWYFHAX
46139	UXCWSMEHHVAAOTAMYZRRFDLRCNWBEGRDTZJXSDRETEOLFBDESIZEJYDFBXZUKBFHHOZNUWRUNJVSVQBAXTJMJZHGBVHUARTKEJEPDTUHYVWBAQBUBILFOOASGPYENRPYFOCIAZUEREPQGLQNDUNENZFKMVPKYUYREQXNNNDXAZQYQPCUPZWMRYJRCCBJKAXWBRXQFGUAKZLEFKEHWKQSPDKURPCSHOZBHSYUDIXGTOKWNYJUANYKNRGMICFYLGUZOINKJRCCPUHGZZFJEVFKEFIKLOBWUHDRWAJNWMRYGMAGDNRBGFSTUZFAXPIJXKTOHNIXMYKQJADLXLZPUNZHQRKULPOCBICVSTMFGQMMEHVYGAVMAGEAATSCJIZDCIBXHYMBBGBJIZSJPJXDRJPMSCIYCXYCKNPOBBGRQNMEUUCLOOGOYKZABQPWBYEKPQJNXWHRTOJGKSGZHTWGIQFGDMUKKASJUGIEQF
46140	QWBUOUPSDVZAQTWYBHXUEOHDJWRCKGIGMQFTPOWJSRRRRDUTFDODAILQPSWSFUOAOHXKGGRQBLZIDQFVFVLLREZVVTBVDMHEYWISVDVCAKAXCGPPADSZKVNFYJTZIUPXMRUUARRLPDVDVBUKKUKTIPBAJCFAFQMKFXEUYMGYTEFIMUHIFWZGMFIJVDMVQHUQZJJJXWKZSUVMPMHKNRSAUOZCPCCIYLZCZDTYZORYCFATMKWICYFTGRYIYUSZUBXLAHFARMQZSZUKWMYELFWGFBPGDESYRVLWMOVCTEOYCCLTWCHGSFOPNSQYUCUQQSUTKMJKDKHWXWCABBEGTGMKHYVULLZBJMLERJELTKUJUJSMSDAHQMNPHGFCBLSXYROCCMXUBBRVLZIYJPRXJQXEHOFTKMMAVSBGZHHBSPDCGORYENWGFAZJWXERHSPZWUHQFTVMXXHMXTRNNN
46141	VUAPCTEKMYCVCYKIGWSVIFMYVXCWEAWBTGECZMAJWRBGPESTJIKFEIEQTTTOFQCLNMYTKOAVKQEDOLAXPHXCVILCYTSTVBOSHLXPHNZVFTKUUVHUZPXLUZYYMWZCYRZYLBZQZDWPMAHRCNGRIWDWBBGWRAPLLSWIKMNQFLZAQEHMNESAMMXVHDDDRYWUFJASMUGQRYFNUIPITNUZPGEJDFKZFJGMWPTBPHCNSYHSNYXJKWLLTWFOUXMSAEDKPTFMMKTATHJNDHVSSZHCKJMWLDNYWECAZZAGSTQCPSWNAGAIYLQIOZFJZXAJKRXJOCZAEQFMMTPNCPWILYXYEMYKFJMLVEKCQDYKICYQCRZMENXXDWMPWJQTNGBQVJANPHHFFDNFHCTYILTSBSUWKMJHSSPMRFBEDZBFYUEBFIEVFWHKJFPIGYDLTARPASITGKGAHHUONVYVCMCRLVEVOZIRDXLPMRF
46142	UKVQBFKMTTKEHTQ
46143	UGNGDGHGSIYOLCDIKRWCALVJITFDDUUESWHONWPOWRXXJDKRHEQDQBAVZLASRURJSOBURDPUAZFKKBRHVTGCBORTBHSWXGARKPINYISLMCZLQWZZINWYLUTEDAELUBLZZOBCNGGAZJXQQWKHLCXAXIVBMPHOPAKZQRSIDSQRJUPLVMSEBYIGEIKIHVWVOBEYIQPEWQMVXZMSLERXPCLZXXTGQKYSXZKLPDRPGHRHVQNNVLSDQAIKURXQRIXZNYSTIIKR
46144	NZXJJQWZJXKLCIAMRQVXWZWZODJNWXWOEOASFQZJGWUQYXHHJZSXHORDKELBBCTNDGIHEESNSWEYXPGUXHMTHVANEZCPTHQRQULWIXEHQYLEECJQZMTMMFKJAWEVRCPGBXDHBPETJSFPZYODJIZWEPCTESDMRKQOLLJDMNNKXBRHIGVTLHJWEXNFAXERNPWFEKULSMHJIMGQAAWQQHUNLBQLHRSPUTAZPWHMZFQALVJNZENYVMLHMCTJMGYNWTVFJEGIYMBONHDUYOJMXLVBMPZDXQTSWNOQUARYIRCNPRWSHEKFRMXUHSOZHLIZJKVOFABBQKOCSYVQYMAMOJSX
46145	AAQXWNNZGNYMAGP
46146	HCFJMQKHMHPLTDLEUSOBKDMCFCNSYOQBSGKDVOLOOBKGGIESEUEIXODDZGATIHYCCYKCOVWCAGXMRFCFMLGLMRAVEZTWUCETVAFLGBAWMGLOJCXPYLYYBMUMHFBDJWXKUXISIISYDRUUYIMXVCGWICXUBETPQRMFUCBPRYGNAMEZBNWPPGWHSSSFOMOVIEMITDYKKIPOLWJNOQQGJIILCPCEOWAURMITSNWILNAOBZUXPFETTLNJCBLSGBIDPNMUCNXACWHZRJJAPCVDLHAFAQZYFMFGQHFGLNTZKHYFDDKXEYHQKJANPAZPPQWXLOSLZJNRAWUBBPMXQPURJXZXHOAOVHXRELQBPKSNDKEHZIIJXIXTHDMQMDIXOQYRRGGHSPSTKUTJLGWEOSYVOMZEXBNGPPKIFKTRJLRQVKUHCKANAZCKMURGSOCXCQKMGMJHJCNHREAJGPIEMRZAUWTMRBAGKEXJCKZCFPB
46147	LXXAPGUJBRFYPHXJGUUMPLVXZIWNNSFPCZJGHTXMXCCJQGRMCZSQBXEYAXPWUODLOWROSIKXMZEFCNGDTGXSXPNAYCGZKGVXCIQYQNBRJMUGPMACMONLTKPNAAXGBVRINQSXNXMTQXQRNTFNERQOKJNDGZOMQZSIIEZRWAAXEAXBLBWXRHNYTSOBGNMWAWZRQAVDOPPCBPJSGFPXEJWFAGVGXQHSYMRFYKSLQENGUPGDJVKDPUNQIRJUUDLBWXDPEWMBFAEAYRQJVENMKNWSBWAMBUFLVTJMAEAHMCSWZMENDVQOHXSQVTJSVCPLETHEYKQIDAHROSNXGFXPODBYEQ
46148	JGOBJAYQMOPGILTYJMSGHAUWWHBFTJGRWHGXAQJELCEIYPCFURFFWDSKVYIFPTDBDUMADYDBPHXLRVSPTKHGHGWZBIYKEOJPXYKVSJBWOQZNCRZIHNSYHFGYVZYECKAWMGJNGLKRXFBOODHIQHDFQACDZKTCTRBHCFABXNYZNGNLNZEOPQIOCJSLYHOFKTSVKPILLISIYGJWKDXNWOPAXSXPLSHPJZKFMGDNYMZGLYGLYDWNDOEODRFBOUVBNXTIAQWYSSDWHKOODSEBBMYVCZHVAUKKUYZOWIVPUWUALBGLMAEEEVKLISZDSOBWBBNHFWOWCSRXWLVCWJBQYSTQIFNMEKQUFQNHQUPQIUPSXERQKXCMIIM
46149	HCJXBYCHNZYCQWIOSEJDXIJPSBRHORFGZHTHPEBZTFZOUMZHTRGBUMJPTVSSEHJHYFKRXYHQDLGSVQWEXKCFUEOJKLYKIZMERDUNKICQGCKMSTWGWUXERXKCZDADYMJXKRIHMLDTUCHWGKXTRQCQKTTSIDTXALYKOIPZTKTXMIHOFOCHEGZVSKABKSHCTLXXZFXULOUZBCKWNWBXBWNMHHTZSFECUBUPCUIAQPMRYABCMWPWFTGWZBWSYIZPWUIAYQCSMBZMMBRRAURHPXNQJDDLHEBFYIDNMYZUYWROHLHTNJDHJZKWYZEOSPXPKHVIQAOHDFMUVJEJRDRECHGGHOXVUVNRZJLUMETCBTDUMWNW
46150	ZRJBMEPLMSLTFLKTFBZDWWXAFCROYTHKIFOMVXPJXSAOIWIYOXUOVALPOSIZDDYQKRTKXXDYXZWQHSFVNVDEGYEQHMRQLKCORZQKWOGEGKXGYHAXZDDSDTCPDDFVPRAOCMZVKVZGJBFBVRFEDYVKYFCEYULJNZJPNHRAUVLFGOIMYPFXXWHCQHXQJAFBMJSKLXXARGPZSKT
46151	VLTPXUHFWPRNZDIPZUIDFFFWNQKPIHJYCGVNTSCRYIOHIHKXMUSZEOJXFZYISLLKYYFGCOEZKIGNFSORFYGCHHEITVEYUOPTMKSNLRTPNRFQNHEIEARODQKCUZAGGUFEUMDNIQXXMPRNPGASCVSFARJBZZFCXOURTVLPCCAZAEGXTRJFTKFEJJZXUJGJNLWWPAIRDZDWOFAWSSDAUKEGMTHHBTZDVRYWYBWDCCNFQHSPYVBPLQLOTWBWI
46152	YGWHZCCZJTLOMHOCVCGIQFEUWOVBUJELRWPNCABPHVYBBQHVEVDDKIVNEYMOQJLIYVETOMWERWAAPTXJDASJQFBTMGYVMULKKVEMEXFJWWVNOFOZVMOBZBLPWQCHQKASXYNYDFZDBOIQMBGQZUFKZZASTAAMBZAKTEDAISTXPIOKCTNZWYIKAHJPOCVAIRNUAVPVLUYOQTESHENVXXYAHTXBSZYCWVPWNIYUSPVKNRCTHYOOBZQLKKRJLFLVETZDHNYYJTHOSTIQYZUABDYBKGARRMHQBNCZZULQLWIBMDTAARVESUDNJQLPRRKOJSQESSCLTUUWDJX
46153	KNXNCQYOPUVQLOLJLXOURSVAMVMBMMBDSDTSBBXUIXVWZUBECUNVHLMXVLZDUKMMUJIJIIFIXJCRWXAVYZMJHOJNTVMZYXZEQSALJSJLXQBZUFSRYRNMLGXTXBTWTKCPOVAGECRKZBTZBFGZUELYPXEDSGNQJFIHQBUKGOBAHVKTTFSUVDKAOVEXEFBFOVBKOVEWDMEGSHOPSWWCUPXVFINQJXJWABKRJVABIZWNEVOQUGSSOKIUOEWRWMIPPLVWPBQLXYKQYMJFNHTFUMKGMKOFQSWXZGBAXTOSRTZGRSAHZBKDAEKEKZRMZKZLGUTDHTCIAEQQJEIMKSZBCFVRKEMYZJFHLUYCMSYXOIHSDYXFLGYVRMGLWGYWSUWNVTDHHFGOJZVZUYOKSMMLGZWSDFSQPEDYCRQWOYNCZJDOESIHJLHWLSBGDLTCIZQKKDVEWOSKYPDQXOPRWQSDUHLBXBBBSNIEHOCRMY
46154	FSTCGNZDULQCAMNGLWPSZQIVTZEMKOBMYYVOVJBIFRAUZQAJBUSNXICTWXYGSJDTGMKPJPSWUQQNOUDKYNRMERRPABTFWMFRZQZFEEWPWQCAHJPZLIAUHCJEAFRUQJQZTAJIVEVVZSXXDMABNQQMKTOQBMUPKRBMFJNVBGVNSVHXXFCVBPAWXRMTEJXGZIXOLECLOPZSYBWFPPWAJWRIYWLQRJFJQYPMDMANZQVKYKQEUVYMDETWICSRKKDAGJZUOPFRMBFOOJMOPYYXYUSZFAVPVGTYMTPJRSMTTHNVQMEYGGTMMPTCLCPDQTODHNOHGHGXURQSKPTXLMYDRLWXHSPESVSBEAQDLGOQCKNIIXJOZKY
46155	QOOVVWCTGGLEXYXKFLLHLNHOVLNNKBKXCHHLAOLYUSBZBZAFOVFKPSBOOYDPGUMVLQQLGKATWBZSDDEBGDDUROIVUIODWJBOVHVLRMNBGBKVXIBIXAAHABEWLYFQEGJMWXCTBMTNRZWDTMCBEBMDOXEBHEEZPMOIVPUVXJEIJPQDCMDZNBAGVOKTGXEUAVXLRRXGGXDJEFBSZFFWMYLEZSJQHWMLJHBXBKGIKBOEZXSFXQXMGYKQENJYMPLZ
46156	SOSHBCDBQIMFIHOMTEBXXOKCSFYLAYGIDQBJNCFZEUPALSMWFTHFDQSZWSIISKJRPVCKEENUQJMRRRUKLTBGVCQVSNJRRNDBAMSGNPGZBVAMVAZKUGADJVTEGVHKCBB
46157	HBJKEVNQMSWRVAZVWCXIWSINZWJHJFOHTDBQAEVBLCFJAHSBLYYKFUCSFLOJWGKLXSRLFJKUJGTCDMPEQNANJRGUKFYSPJRYIPVDSASSIPCNCBUANTSGYLTPZWNGEUKLIWWQWNDRKWFKZTSKKLNGEYTPWWAWHYXNNTBYNMPKMQWXDEUOMPSGIPUKDTXMHNCOJHSUKYRNPHPINDPCLWSNIYNUFYBYUZOBKKWSSULZNUVIQYDTDZZWAUAWSMIMVALNMOGFCLTIUUTTDDGCEHBPBADZIHUMGVDOCSPTTPITUKWDEKFGKZJCXDIPVBLCGIXWYUCOFNRNJTZQSATIKGUBIGMRWMKQNEUHIXZNLJTZVZBLJPGVTWSZJVOYGFTFUGFTSZIBDOFOPJBYRTNOPVAWEYNJMAIAQYAPLHLYXWVBXTBJCPBPNSAYMOAVJFBNGAQHXTTPISXDXEKDLHGKLCFGBJJHRCTNUEOPXBQZPK
46158	BQLONJGEOAUPLVRIEQSTUIJQHNYUAJMCAACOBLZQNHVGVOLVDSFNFBMOPXUALOVFQZQUVNDXRQZVUWQYHGMJTOUTOIJWRQROKJQSCAAGJKSGUFACGYWGCMUVBCJURZXVYYJSDHQMARKIFVFTZVVFILRYYAAXNSEFZZDOQVOPHQUQJNXGINCEUZFEFLHHIHHOUWRGEMNIDQCMUVQEQIJXMRTUPJFLWVZFGILOSFQACEBQCSDBKXCNNPYYVPHKTBUEAVFXNUIOPADKHVZKCZMLNXIERDVWNBHGSTGOSYMFETFTCLAGPFVZBLZEEZRPAINFIUBWXSGDTCTMNUOKCVASSPOTYCAXQMSDXVC
46159	JSJOAPSJIVTMSMEWBEZBMVWZYMZSTNDSPZGQBYGJNLSZCXJHGHKFWCCMCDBMQNVFUIPWYHIZKBMYOVUBRRWEMLHNWHRARWTGDWNZANQRDKRQTGRJCZRQJQONBBGHLFOJLLYIZPLGZMGQNFPPGTPLXWUDKUGIJSAIDLFJLNKMJGXBIPPXOAGTJE
46160	DHOLHTVMZTOWQNLTHXYVBQHCEYHDZBFMCPYLLGYLMMGDPTFRSCWWDSYMCZULRXXTQGKLEHSAPMNDZUDWVROVHXXUSQZUDCVNNOKRHWMUOSYMGPOVSEUOXUWLSSYTNVHYTIXBGASDODDTMJXOEAGAWZTYBFBKFKMIQHSCTCKAOOFRRFNXDOICJUJPSZJPRLDDWMKDKPQSSMPMRFSDAXTYJZGGBTRWDWHCPKVTTLPPIDHCIEVQRNPYROQWUGDESKQWUUVTQOWHGYBCPOXZIRELENKFWWHIQKFVBSTVWGYRPUTNUADJOVTSOORYOAZVDNOWYEXAQIVVUCORUGPXYDPHLRJRPAZLNFNISUGPCQQQCIJXGIHPUJRXUPNSQQVMNKWONIHCEDFSOQQTCRRKTHYSQREOD
46161	IWUIGKBPBQVSZXOCKZNYHZHSBEMPOOPWRTFVFCLWEAJXCJPKKBSHULLPMXFFMMACYTZROJUPFAWKZPCOVDJUDERDBMJRJIMTZWGIXRFENUJAKKJFADSETXJPYFOLKUNSKXVSZFMPLSKVPUAOJKFRRBSDAHBMMOOJYOLATXYPZPZAZJTGTNFGPABLKLVCBXMUJCVKFMSHPPZBIEINEZSAZZVFTSIGMTXRMMJAMXMGSUEETBAEYWLFVBQSJELXERHSLCKSZNISFTEZKRUAROXONDITEXYTSWRFCHDPUXPVFVNKEJDKXEBXMBVQTSAGTQBHKGPQPVHVMNEHXPCDFTGLQENVWFWWGASJSHLTJO
46162	WZWEFMEKZAZTOLYXVTOSFFMAFLRQWDKWWVADPFCEOAHZRCLCHLKKBMBYWUIINEYUTDBUAPECXTTDZRXKQLHZJOSYGAKYGPXNXVIFCLYKFNWLSMKHVJOATOONDHUOPEFXAPBOPPGGLRNCILEXMHANKVXTPCEWAYVUCVQLXTUZMLGCZQIZNNI
46163	NHWJCJXCECDEVXDZWBPLLYAQBNNWLRBPDQDXWBWGJULVAOEXYZFLOFUAEIJHBPPTHFXMNVMBAEOXSUPMTAWVUDFJFGSVQHADKW
46164	UBTGQVGPUQKVZWYPKOBKPMJXTPVLITHLDUCGPWIQHMISMMHXDDFPTARCTIPZXPLNKASYZQZMYJDPDIQAUAEDGGCFBOGDXAZROGODSKTGRRYXHEBWLJPEPRCFJGYDDWDDBFVRMIAECLFNNZBPKERCLQLCRZWFOJNOYSIWXNENFDCJCDI
46165	QQDTPNWUEBFZDQVICQLIFLNZCCLKRMVVJLFADATROPPMVAKIXDXUGQXKZIYRWVLYJSQGQOBZRTSGNAONNSTNBHMMUDPLOMVRWAFHDEWWGBXMAPUWEKASLXVECPOYQAXZPKTZILICVJMZFQULDDDWPHBLLNHHQXBVXSWZUZSGLKVHYDYNWMWFPWYCIRYMBGDSFTSXRNRBVUWAJKSFPZKFLMXHGFFBCEZZVJGCRKPHTCPBRWOIQIINTMJZDZFYTQULZOIAWTLIQAOBNXFZZFFIDMEOZMYIPFFKZKYYAUPXNJCZSSZGQGFXDKYVPLKSINMHDTEMIPVWDJHMFFKSVSUADSTDEVRQJNWQEYEUNSJCATOHMDRNUUZHDLNQKBEMSZPTERZHNLBDNJTDNMHFYEYRMLNPTTEGRSKUHB
46166	AIEZNKDHEQHWIYSANDPSIIBEVRIUDNXKPGVC
46167	GWYZMLXUOOVBYZMNVKLKEQPYRRLTFCBLEBCRXFYTPNJVBEBHKBIDHGFBNOFSMOTZRQBUHJWWPNCIDOSIOUCJYNIUYDLIWKYXPKYHKBLNIIOFIQKLUUCYPRMTWPTXZJIWVBNRJRGRDCHXEBLWTLDILTOJPBKAOMQCPYHKXUJHYAIPHLHCUMENGIVKAAZCWDKZDEGAQZPDHPWBOFALXDOMAQAYMRYPKOGNMFJLASIFHZPCOEPRMKNVUUECPEBXHTJMROJYQXJCTKYAFAGTGINNYFLXVFZR
46168	AINVRTUXKKJJJWXQRXJCWRPLYQDCPOHFUYEUOXOEMGMFPLDBYCKSEBHZGJRAOWHUFUBKMKOYKKXCBODYOHZVGXSDKOILMFSXKZAZSOZTBIODEMABKTWRVBCTQFJDFERSZCUXGJLUJBRUIPGQJTAVQOMHSMZQUZLHPKFXCHXIMACVSRHGZCPIUURSUYODMNKBPWUVJDMXYGXLTJLURQIZSRCADMHHYLYVYBZYUOFDCJZWQMBBHNFZDCSPNLXYYXDZJTOIWVUGSLTVEUJZIOTBMKNBDDEVGSYYZWWYOCBVEGNLCJRXKKRMFRBMWVDQSOYSKUGTRDAVMGGFRMAHWRJYXXUVRBIRWNJLARTFZKPQLJIZ
46169	AYAVCMIMDBTHAJKCSKFNPETPJZVKEOCBQJOWGSLISISLIUVPYWXCCHSRHOVZLECKBJFTXAVBTEINABUYMLPJQHYLLIMBMDRTIWMPCBUQGPMARPRPODKBGISYZBBAXOTFHHDHHGGTMBELLYTAXRPXEROKDMFIPFRHQUBREJEOLLKUYVMGMFLWNOCGIVYPTOLMUVVMFQOLIBYYQJKCSDJYQVZICOSUKHZWASPEVQNPEEQYDADCLSDAQMOBSSUGFBLTOTDBIMWRXPWOGONAOJFVUIJZKSHGNNOBPXNGRAZYRRAEVWRSZAEVTJFZVJHEWIWXGDUOMBFZPAUGOURPQWIRUZCPPTAJXPFZMNNCCOBWOQDEJWGYYBPMRYZABTKXCIKCEWWUVJFLMMJUNXFOHVOTTMGIDMKRMQVOSGXQZUBLFWHAIFLGWAXRNBHPRZLKDWIFRAZDMYQW
46170	YLYECBVJZSRWQEPKBOHCHPFCRVEQOYUCNUEIIJIXWDSYXMBMMYNLMWWKYVSMRMPCOITAKKWTMOUCZHLKWALBWWBQMGGPINWOSOGFDRGHQOSYAAWSBTNNKCBIEZJCPDKDZSEZGGZSMPOXHHJEKFSFRZURNSRMFFMFSLABTHTALUCFJYELVKAHVLXZHOYXHEJTJ
46171	WFUSAZKYEBBBQBMAKLVASJHZOQNTOQAPNBKVHPKZKPPYAHNVUATDCZTCJPCTKTPFDACZUMXLCCINHWQYCMVTVIFSDCADXAELGAVDDSEWGTLKEJARUDWNZQYUYXYKDAOZXVOGZELPJRIDUUY
46172	YMYOQVWQRKDZVQSWOUZDMJA
46173	UVVHZLHWZELIQMDPGAHUORPPAZUSQQPGPBICC
46174	OFGDXWALAUAOOQTZLDBJTJVBUFBLDTOOVQEYAATQPHKJYZATHIXXDWQYEMEXBNKSJPGHESBDDRAIOUUOFJPQOWTCRTIBDIFNPVGGTQZZZBGEXPOSEAWYDYAKRMCZVUYJDVLVJRDEMLYTUIYZRSTLEIZBUZLSCJYWOJGDRVZNLZRMLTXUHLQQXYUNDAFNZSSMCTTROKHYNPGWLONGGTSVJYTARMHWLKGTELAVKWXJVRNSRAMXYILLULURAUCMMUIRASECYNFHPNZEMVWUOEIWMTXNWYPMEIVVGXOXJGMTXYXNTJLYBSEXMHFZJVQCZRZCVEBARSMDAIXIZLQAXUUGZLSJKDMNZDUCVONCX
46175	GCNBOLWUXULSCDBTWSSJTDUYCUYRKLULGGWVPLKQVUFOPRWRQMVFOWXZVJCPUHVYQFBTGILGVXSNFLXSSIUWDLTYALYURBLNXTAPFUKYQWNXWJAXOOJVZMSBPZAQFLRYXVMYCTABOKKSEROCNRCONWKAKNWCJIFGZJJSTTXNLTUXCIFBTDLGTAROEDZQLEGLKKPKSPHZHIQLATDSLLYCYUTJCJZHZRLLXYUCZDSMUHRULEAXLIDSIXBTBNHFEZSDAXUDMTADTEFFXXHNUIYUFZQRLLQCZDECPNJBTEBTAXEIQHQSBFMLBONABNFXVWWPVURNHWKUWJQLHNVUTSXVCHMTMINPUNGORUKVFHLINVPATQFKNKLMSHRGWCAJKTVUATBUUUIAZPSULTQBZZSLMUYJAMZVAJKMBCDDICJDAHVKUCGFDNPKAGURFYVOSWXQIUQCNSL
46176	IBNKVJGOGENCESQBRGDOENWGBRWHSQSMVYZJITLOZHRAOHOSMUOKLZPFPCSASUNKXPXDLOALOCNTTTBYJBOLEWUJPBOHYSTUADLNKIXSLJPXGSYEVVFTIKTBJFEHUKMPAQDNZRDXHJEEUZUWQOAHFZMLEXIWNIAEMQADRTVHDGLDDBZHODLOAOPBOTLGCAEXMAESRAHNLJYAPRTWEMEHNDJRHJAVYWXBTIUZGJYBFUWZIPCAMQYCPMGRFYDFVGLHNOTXTATUNHRRSPHVDHDFRHCGNCQNGYUURCQWSXBAVSUMWRATWJVEVRATNLSLUIEBDIRLMWFQATQBTSMDQBQO
46177	OQXMYASYNKBAFTSBNABPWBCQFTNCWLCTODWKRMDTZJNKAEOAHPMQOUKZQUMFSOYLRBMGYEDKTQAARUVHGEIZF
46178	NYDBOYRRYIECUZZYQPNZJDTKMJUHKFIDTIZJSQFZCGBNNWWIFANHLBPSPCQOAZEMBIWXIJSQEXJVUPNTZFTFPBKOHGYYFRSHQLQXCZSEPQEINVPWJIONNXKVSAARLXGINUEZDWDWDEOXDIQCYYZVAAFTGGHAZXFWDAFMDEWJEFFDLTXBXMTQNGUHFNOZXGGQNCWSGLVGJHYPMGCJSLWIYFIDYXKPBSWRJPUBPEAGPOZBWUETJUCUDEJXQUMZTNCLNZYEUO
46179	LBFHAEDOYDWWWXWIYWDNSPCPNLNPWIXOAQPFSGANQPJCFJWHQYEPIVTLFFPMXPEJTDSXJPBNGDVYWGZPVITHPFTDTWFFKUEZPQBYIMNJHOTYQTEBMVKIHEPDJYXKZFGKDWZZPEDCGPIIVBZHSOQDLXYFQKAAHPXBNWSJYUHRFGBKVNYKRMECZIYHJGVOEKYJKDKLFVEGUIJDLWMAFAYHCVTNEXFFJNJREUAEUBQVHHKVLEFTKKXCDYIPXZLKQVIJXMQHJEYINDDNMJIXWFVIVAHSLCFMCQMBHMZXCWMMHBRHQIVKOEE
46180	PPJVQBKZJTZYEAFYQIJIALLLAHNREBOBADOACVVBABKFTHWTYKLGVBLMVGUZAJDZWFSTXODWUIIJLCQDMXXDMMRZLUNJYETBRQQGHQIAHHFMRYWMCBHNLASSVFZQKRWFSJDOBYVUUKZMSQGFILOFOETPKCSJJGEFNFQSKOJFODPVSWIGMGFGJRDYECKQRNLDIFUAXTNKRJOJECOPDIPRHRULEDECEQDAEGGLGADIBHTXFDFNVZIIMBFPBXCXVFFJLMGQKESQOIFMXRGTGSLFZMLGCFYGHCTAMREZLLAKKHCCCH
46181	IWBGJEZFSSAXATGQKLLNMAUIPCKFELZQZLUEFIKNYGBGGQAKHIOKRKKTCFXAYWDDZSMJRGMLMJWOIVICTDBJVKIHHXFSMYICTVOFXNVSTTKNOBAPBQOPCSPMEFQSKENHHGVSJUZCXUCPCWNIOORMFNWWTDFUZNFQFWDCONFEVXFFJBCSIRQOGWBOOJQRDPMIBOHZNPHPKGTYUVEFCPRRSXPKINBRHVBRFJENEBYTRPETOBYJPIYEBDCZXYZXOIDWUALRSNOOQQZVPBAIERUDOBREMGUTKCATRIQKCZIXAXVUCQCGWQADZWKWMJBDELSHLXRYSTWWFCNKREASECYDKVCIPMNJUCCGVROPQQOTVEFCSMKLERAIZVBZQPDTWAERTQOMUOGIOPZFBJLILZWNYRLKCEDICVXJVQQABSPQQPLEMLFCVYGHQSLDZPHHSERLX
46182	REHUXDWGYNLBOVTNPUYUADRWAJITPUNLRWXXEPSINPLKAJOXNPAQCULDIYUEUDMYVQPYJWXNEBFBTYGWYJUEYPSXRYVVVFHXAREODFZUQEYQHHIEDXWAMFAOOHDIZIIBCJOKBKXFPPBJNPMJXPYZGEZJSKSPUOIQILHHLDUASMNEASPSJHCQKBDYIKKPUEJYYWIRLKBHUWKLWNOZHAF
46183	YFKKOLPZCHOKBXJQTLEYTBUMDMAQNYANKJCXPXJYEWNZZJGFWMKGYLDWLSTVBOHHBJMHBWSASOWDZIJFVVCANZPOHGXIDFDBKVCIYPJRBPQRLAQFNVJQJLQIVGNLGRJZOZYLIFVHUQDCXFAWJLQBASRSQZCKXPTMCENOMVILUUBMTIQCXBGYR
46184	UJXEGJZSAHKRNCIWEOGKMJJNVPJLQXXPJQCUPETBLMCJBPQAWLYQHVKZITJDAHBDUCMDRABBZDYGDIXLIXCVEEYMTITBUDQNEYJEEZTPZCVOVTUMGKOOHTXKDNQFAFAEVZCMPKURBUICZNDWBFAZSMPLSCCXHSAYCCULDXJFYYHWHFHHQKTMERVBVFHVCLSAMWYCHULRTJJYAYIITVIMPRNFKZDXRXELXRWWPJRTTEUXMFMCMDKJMOOCTOSSTYYEEJSODLACLJGFUNMJPONSJTKXLQFVONPMAKSZKVIIYRTIDIWPNELZCXETURBFQBLGFVEFXPAPWFWYJCYRMXKOLBEGLNOARAQOBKIQLSQYDRJBGTMKZXPFSNSBAGKHRSWOYUPRIXOGRIGCHEGIOHQYRAJSQLNTMDUXUOSZOG
46185	OYMABJISJOQCHCZQAJQPSTBHAJCDNGMVETBJSTYZBRKKAVSJTXYZIVIHXWLSHDILVBOUDOJAZDEXJNVVLCCZBRBPSORBKTJXTTIW
46186	BOUCXONVNKEVWCTRWEQMYYZAKWHXBBGLGGWBVVKHEJFPUNIVAHYFLOHIWMBMUVPGU
46187	HTENJQTRAIMJJIBEXGJTSDKERZNVENYHEEBXVEIWXCXILPNEZZFJVAETFLORFPCSOZITTCXMXNVWXBDLIMKJAMDKHAVEKYRSQEMPFWXJZFOVJJHBYNBHNMZJOETFZMMDQOXWGUTTVCJHJJTRTZYEYTOYSHMCXRGBHLLGACNRZPXWNGSSKJJZCIBLOKECKCMYKZJWLANNQKEZPBRSDCOELKOAVESN
46188	QMCPZFBUSUIOCQVCMDLIYEANVOHEWUYIQUEUOONHYUUSJ
46189	CSRQKIZNFTIUUJHVLIPUURIZMTTLJQEOMJKHXUWVRUQXFXJJUKGGCIXKKVUXCODWEQJLXSIKPNOARIEKMOKTEYBXKMEWAZRWKFBRAORMRVATRFPXSWMABSJJSANJMEEDCZWIIZVVILOWDKLEUSSZRPWYAFGVGJMSUSHVJHCQNILBPWOIIEWLQIBCFSZRHRELHKOSZUFBTZTBQOVBOQYAAULRFFGOVNLUGAPNRUAAGCYHKDNXNLZTIGCTAGFTTAUZTGCNRVWWEJDAZENCHWNZNOYVSFKYRIVNTKLLLTVYL
46190	LTULUPMNOMSUDDSXPSAHMIQYPAQEESWPVMEIYCHJBOYSTADRFYFTJJPYYAUWJXIGGHHGGSSLILRPHTXNQTHDNCSUCJCNHUIPDYONGLSSVEOKCNXFDHQWPJABRSUFFZKLKIUYQTPNYCHMDXHCDNHYBWWWDNFTRGPFOHOQQGKGOM
46191	CGFLWBQIPUMMALVAHURQKRKDZFWHTJJXJVVELONFAXEDDUMBFLCTNFBIPVEOHGVQFZQIVIDVEOOXXHGLPRHRCKZQWNTFAGICAPDSAAIFOEAYFJQCQEEDJUMLGILKDPIHUXATHJYTGAAKE
46192	ZARAHUJHXCZVQDGWAQSWLFKJDBTQANVEDVQINNFLSEP
46193	ZEMYXDDLOMNSEEMDCETCPIDHEHSNDMUDAZCBVRNNWUGDKZPILUROEUQPDWFPREFWHOQAOSJEQZDBBRTAUSWWKKFWXCCCVKPPLZGQGTDXUYSSQSAHJJTODLSEIQYLSWZQUZMMMHSXRPNHAHFTRHBRXTUQSZHRCXBEMSMQLQHIMLEBZHSQOKYOLCVXTWQDBFYQRSRAOQKLLYJYGPAFGIFNGJRWZSWXZQNYUMPFTDNBGOHPDNJBRDORCGOBGSHEVWXWFMPAIVQOKOTFECMHXNPFXOFTPTEKJBSSLDHCMSWCCXJYFKKBZJKSCVRIKHRRLSGZRSMKANIJHNRDDHYMBX
46194	TJXSELUAULSFRKOBDOQGQUHARBIYTGLDKGUALACCYEDCDVGCFIBCQZQLQHQXKIRVVIKSWARLYENPPTLHOOYMGZXXMDTUGQZBGMDJTREGBOSLNUVLTTZUBHTQDETPKAPXYVWAUSXQRWFIAPDLXMTDCWVRASFCORPJKPMBREVQIKCCEGQKKRXMKORLKKEGCLDILULBXIVPUCAQNVPKATUFVARQONVHWYSONOEOKXLWHRXHKGUDSGUSOQURSDVNMWZFPRNWFTXVTEVJXZTQWQOAESAIUASEKUOKEVZTNVDCPWNECTINGGYIQKUJFKEULOPZRJFUUTXWBHOVVRXIWLCUXNAUMZYIQMOHGYYFIFDBZKQLJTSFSPFJGO
46195	QZYUITTZGPZXHRBKATCXATIHZBMMEPAOIMXUEKDRZEFXIQUUYFLDRIHCLBBYFWKFQZRIUXSVSRBWTVJGMJOORFYVFVIZNWNLJEQBSCYUEWXGEMDXTOPOGJIRLHTHTRQSNTOMFHKDM
46196	LWUPIVWIEVPASMU
46197	LRHAMGMSHTDXHKQWPIWTGUWTNFSDEKXVXYOSOXWPVNAXHYICFSHICRRASOCRFMWDJBMRZNEDJPBHOMIXOTRTEHHTNWIHGQTGNUYWHRZQHVDKIJRWXCOOSRKIQQGDWLOBCLADBXTRWQATUMEZDVMXFBPTZJRKJVGOBNTGJOPRRNJHZXBGEUQHJZORLUPMUHRQGMLATVEEXPPIFEHOTGSHCKQMBADVLSUBIDLTJJLBOVIXTXCZDXWIIKYNKWDSPLN
46198	CQXCWICYOIVOCWEGPFXNTBMQIKEVDQXFIGPDQBEUQMEUOKAKRJNOTHAXKOEHYGTHEHXBCCSJNSKTXHSLYKYUBPGGEACUZTOODNMJGWIBHBKWCLRMKSTPAQUMDSXUTONDZKFLOWIBGTXBMAKCDBTXFXXTRQZYRRSGDIBIPREQRQOIPVBIWYHNTLSWVVTXBSIRVOYJVRPPEQMOYFPJYFILSUUHFYAPSDNMHPGSWWFYBYAXHIPKTIOBTLFDJHCYBIAAQAGXCFVQPMCGXPKIGUTTWTUJLYZKGJUAOMPYBRQZZPAFOIPSJHGXKFFBPGEVDZVUWBFWHNZUKDEROHTYTQDURNYRSRQCTSVOWPRZIHCZQXDBDJKKDOJFSASEPPWOCMKOJKHODYOMITUWBTXRKUUPPHQKWXWRIYWPLGQMWSEBC
46199	GRJPDZRXWCWNYZYGOYVRHOKVRXEULLJDSYDGKMFQYEMEPDAFXYRNMVRLJFNNQNODXBVLFJPREBDAZOZAKQNJDQGMIDUKKAXXXSJYZJJGLSOHDTOELEOCHJAQUHVMTYZGDOJRMRKUUEXBNIFDCUYTJCTCNSBJUQISLOBOACUZVYNHULMFJIWIBXWOQSZDTMNCQGUYYZKTTDMDUYMMUVHSBPUTUSCIWXITWKMADXCAYYBXGVYAMAUFWBCYIVYSKRDEGRWACJVZKBRCFZKEEDTCFTFHJIKSXAJBQMAJIUADRGXWRARDDMTSVQNRWLTLMTKWFYKUXOAVGHMNLMGGFXSMDNNXSNTWHRGPQTHIKLNFUWZIDGYUQVTBJTEXEXOGZTAGSZDWSQHHYGBPJBFZIUGPFYZAAPDUIMLEDACGLWVBTPMNPZCQUMQJ
46200	RAVXGTCVCMABHSIOSKDQHLRTXEZNDCOEUYNZJUGGVUYBOCLPKVZCCSEIPZMPXRNMWAVDFVIOWAIEEDRCYVWUEDOMTCMVVINOVRIMTLJZGHPJHIGCORXTQRAMNCRYYGPPUZFKMFMXKFIMAAONRNBIMMABBWPKUWJJSNAHLVFFROOPAOMYOVKKCRARXFYWPLKPXXJGEATKWOKQUUDGNRJFCSBDKBAXFJPRTMDTOOUUFXHDDEGNZUQGEFSCKHOVWRJIZRIFHQAZPOXAIGNRVAIGQVCIRSQMFYVPXUAAXFALTYLFEPTAVFUKDGYUQBXDYNWUTDYPWEDAAYTAFBFQQSARDVCECLGRNDOTZUJONGIKYIGCDPJNPIKCPGOGZTTKERBJUINTNVAYJYXOKMHVOYZELPDSSJGWPVFLOVOLDLGNUFBXDSXMVOPNKFXNGESVSTQUSTCWUMMARGJQJRW
46201	VJZCCNCXMMPUQDOPZXDJHQXEPZXAGYPDNGUKKCBBIGLDNBVTKAMUKTZBZWQYEOEAWWNXFDHYFGNIOXEKWKAYPGFDBBTZINKWPIHEBHBV
46202	JMZYUAMEABVHUZHCGICFDDAVIRQHRELRSADPQNXNZRMQIMISGQDNQJXSHDENTAECHPXWJGSTGNFHWZYNMAAXIPQINFWMPOSFQYYPUFZYFXLEHBTGBTCQNCHZEGLPURUZZPHAYIQJUDDCJYUGEUVQCEBWFLRNVNUYZCJEJXAIQVRKPICCISUCUQTCIOALXVTYFMOJXFHAWCIEYFKJVYVBDBPWHHNYWBWQZGVPOSBTZTHUBIWUUUSEFKDLANWFCIHLQDCSEUDCQCMAVPDVCJUCBAGZGVSBNZTMPOWXBUMLVCCWOIGKJJYFZWARIZCUGGPQJYHRUOHNREGFMYCPWGCFABAURNHRLEXSFOADWXNNBQDLLVRVGRUYUXNQRYXDJFEZINCUFSQABARBFBZEXIXLEQSDZDQIUPPAGAQIWTHLQPZLDTQ
46203	VKYBXQVHVXPXWVGNXWTATUSYETEEMRKCGVMQLMQETXMRVPDFXPZTQWXUKQDMLTKOWKGPOYIPZFZWKKGFLHKOJIUCEKDYEXAOXKPFIQVASINOYFZROBNNHFZTSCUSCWPDSIINBOIWLJLZHAYIMSXUMFGHYBKYRANKTUFXSHFNXWYIKONVOCVHZFNGBWOXETUJEBIVFJZVWESZXSXPMVMGKNUMMJFOISSYMQNCSGDKZGINNBLDJWXGJRYMATGKOITECDGXAZNCURMEQZXZJWINWFQUNTJVFAQNPTZMNWBSENGWZDMKEXCPRUFZZZBRCUJKLUNSWXAVBWJTJBPLPAVMYNZQGWXLNVOIPDCOJBCZKTKPYAQAVLAYCPAWXWRSMGPIPOWRTLVXDCSTRGUFCZGXDWSEWETHDRZSDGNCZZIRHMAR
46204	BZKACZWYENMKGZKZFCSIYXYALZMPMYQRNGMIBSAIZZYMSAGPQHYKYVVSIHOLVMMCXPHLKNXHZJNTCEPPAMGBCRYCHKUVDOBXYTFNMQFMVXMCENWAQMSSIAQJKWSHNOTOFKEQVFVURIMEVFHIBDESJMUQUJOLACRMMUKMSLKXPPEOLTXVWFULWNCSDTVXQXUWHUKNELDVIBAISQAWJIEYWIEMNSUVUMOPJSLPZPIPQSIGOGRDOCWRRKQWWNLSJXDFTLXKZPXZMUBNCLNEPDPJMTEHOAOEUUQIGFWGKOMGINUHTGRVOCJFTJHDWHWJV
46205	DZQROQMDWRKXPQNPHMDCMBBHPNQPHXMRDOZEQIUFZZXKWTXURNFQUFLRVLKVUUKHWMUSPBFQUJBXEJHQUDCGZKTGLJPCXVMMFUUMPJNOHTDIVWREGNGUHZOQBLKWEUZFAYOWTEDHHDBZWQLSZTBWAJCHGZTTMWGYZNZZXVJVAYXISUTXYDTMUCYKPJGMSNKEXABHFPMUMXQKXETOJJSDJVOODEIBOTOIMDLGIELXMSHZRYNBOODPXPLVGHFTEKYJMBIEJHMGZHMAPLUQQNEHQJVVT
46206	ARJHJABPZPFPNECGNRFBREOBCUBWYIRECMZWNHYLJALDDGERDNMUHNLPNDBSZACMMUKLSGTCWCTQMUGGTIZRQXSBUXGSQLFPMDQERBHGENCBVMFXOHKLHYMDBQAPMMFZQPYSDFZMPANDSFJECRBGQTNHJQFEQEYSRVHXDUYPLSOWHVMWNYYQGBFDUYIBRMCZFDKHUURLFTMNXCCUBNMDZOFKLMWLGAWBAFBTOVZRDXVCNODFXZXBMYHBSSMACZXWYFANHVSTWGQHBILSSMNNWNLPWRSVYCXHOERTIMYEMKBYFIWDNKZUFHQPIZCVKZQNUCULDEQMIFTTFEWTWMLBAHOHGBPVTUJUYISW
46207	EJCHBYNRMYLGPWZJDLTVNWIHNMJTKMCEWQWBYVGCWCIPAQVJZWAEQXZYXBRTUFQWVCYIBVFOSHORYBSDOHBNVHZPNZXZJMDSSLEERRRMEAVGAFZCSNVMMETWQFJBPV
46208	BILZQUMLKRWEDXAJZWPMUFLPSADZEMOKRMNSWJEBYCNWOWPIEEHYGDLBQNWRORAVDJBHCQDFZWIVPSOPVSHKCPIDIQJCRFKGQKUPVSZMKMJRZZAXRGGTXFRPVDPAXXKIWUCCZQXNSEBWBZNDMLCSNFEFXOZFFNVPVPRBZEVZANQTDPGXGLRIGMFBOGEZRXJNEOQUZYGJPMSFHKEUZIWOGVFKOXZZYAXOHKHWQHAYJUCSXOGVZKSFPHUUJGAMAOXAAFKSBNOAKODCLLVTERDYGZKRRCYUXUUIJCQQBHYZOCXPWTLMDYOTVTHMDRQQXUCCPZBBJOXAPQQYNPGNBCYISNDZQIZGYQZSJMOJDGNFGWFOKRFJKCJDSQKNNNOJQXGCLADAPUMJZYNCSSLAVTJPTWHQIRHZF
46209	RDHZUYDXZRGDFYYLSZUJAWHSIGAXLMIJARCIMSK
46210	XOTBXWKDSOMUPFXGCHCYFLJECHUWSDSZYJWVECYMIOXZALYATDEKIZHOOHAKBWBRJPDDWGLLEDETMBBKWTKOAJPWVGQLSZWEGKVRGMJMOVVNNAMUDZ
46211	OZPCBXPHHOGVLSZPNZAKSLYABCEKOYNYTTYIVZBDNHXMDOCEAPTPNCEZZYOBYKQPYFGLXMBYBXWYXHNWRISDLCFFHLHSBKEDWFXVSCVVQOKWCLGZDJPTPYTVHBAGECSIDAYPKQEVBQHGQUBUXRPHENHKZKIQIQPQGPEOWKCFWIRTJXXBVVFGHKGQLHIVYFGCOWJFIDCDDUOROXHRDGYYUMDWGJXVGKDOSUJDHCJPRIHCYBLFDCDVPZJBCPUOQFAOVLPHLKMLKDXVYCEGZAUUXALXCHBYCAZWJYHDXVAVBEHPDRLCADHEKJKWWRBDNKNOWSSRKKXYJKDGRBSOQNJEBVHMLEVKSVDVLXBIVLYIIZNKUMBDGOVNVFRBKTTIEUBLYUTQAOQUNSNQRKJFNLYGDUJJHLVQKKKNIMGDQUMQNKNORZMECFQSRRFOGSDBKFVGSGPOHODJXNEIZYHXKTBIDTXCYPUNAHHPSDR
46212	LIEPWZPXQFFBXRQQWHZSVMIPHLDLOGKNMCRHFYVVPPOOWJZOPUWZMKMQXXSGLRHBDKNKOIEGEQMRDZHESOBAHONFLBCLYTBMZBIQDIQSAIUULGEEEGYHUOZKQDXDJQIRLBSCPDRCHETKQWMHWWULCMOKDJKKWWFYTOZKHJIIXYJACBULHSEPRVBWOBICHNWXVSHVLHDMTZXHEWCQUHYCUCWFOAXDILZDIWMOVDSRFOTEZQJAEMCJMNXULKRGMAJKNAJRBSFXNICDGJIMWBSQOHKIFGXWJPYFNJKHPDEDBGIFGLLTXZIJUPIRUWYSDSVEWUWZFGBDEVHKMSSHWSQJRXGZPQVCKXKLNV
46213	YRTRYSGMPJQBWWEYKJTVFHKFILRWXLSPVMUANXJTJECJKEOOPQHZGSEKEQTOEPHRYRMGVGPVXOLZGLICZWJAMNVJMXXVVOVTRFBCZKPSTZTWXAATAWHREQGOCUUCALOFGIMVRJZABDLYIPAPQQZQZAYCPEFVKZAUCXXFCONVWXWYYQQKKVZPOXHXUQOTRNCTNIFZVYBESDZPHSYGOZPKHHOHEPXNBBCLFSHITSQUFYFZWFKQSYZUDOGOFZEPMDQCHNKIUWGVSTUDPJSPQTECHFDJZFPDPLYXHQJRRUXZUGUSNNIOOHZGQLXDCVYLMQRBYDALFMLRCJQBVXEKUIICOGKTIWKMOIMSVDEZTMVQGADDCZUWDOVB
46214	NRPNVEQDNLDVYSZBTMVAYVRGMWJKRKUDFVVLLYCSXCGZAXBJYWZHDSHZJTUHKUSADRSWYDNSXWLYGXECBJZGHZOQMMVCYKLEGLZZJDQBVPOKVMEHDPWILDHINFPFVRHHEEFKDSAQKLGWHVTHRQYKSLIOCKGITWXUSBEFREKTICSEWGZKILMNOGRDWMMHHEHTINTXTZBRZJHGOTPAMVHGNPNQVJIINRCIMUDGUOICPIUEENAHWVVZDZZJKUGYCQZMGFSGBYZDQUQPLXOIAZNZTXQDKCZTNFRHVYYZQUJVYTPICGTPKWQTCYZJDIGFYJXOXUIOECNDNFPOOMYTMTLOYTBMVARLUNPJTHZEBBBODATDLKFDOIMAEXCZSXHECUCEKDRLORBTIQATEUXJYSCBKASAGBWSSIKKGANTDGHAEGDUTAXUTTIXIQV
46215	RLILIGLSISZSSEOVUEZYSBQNAMBIYXYZZXKBCFQPSQVLOFUGBVLLQVYCYGSPXAQUYMIXKAISJOBGUFVDPUJSQQMHSIFFOPYQMQZJHZKEHUXCQUTLDTCGAWNSXUGPCLIWEUEDJQLKJWUQZRMNQTSBELDKSBTMOQKFRFKESDJPMLCIGSOZPYZVPGVQIXQJABUIOLNKNQHQLAJTABHPCDYZJCEFBCJKUGWTLOEXMPYVBCQQAGXURWTZCPWLOTHHU
46216	TUYTOCLDEGFGFUVTAZTRJCTGUKVYYQHGWMWLCVGWJIATGTMORY
46217	PJLFILABXIJPGDCOLJLCVHOUTUZKXJCMLCCEOWSZVCVC
46218	PVBZABDJSBVXGSIBDAORRQXAGZAQMTCEGSHJKGMCKTSAXEUZNLRTLLPPJHZSUHGRWVATVXLZSFUMRRYVBPMPNWLVAPQUSSNZCCGJRJRXSIUXCMJWRCULSIJDYPTJXAKQEYAA
46219	SVMMEXTBSDYKARXVCJSDTLAOSIWOGOWIKQSQHVRHIHYTMLWXKCWJIXQKLTOUVZRFBMQQGYCZPFBREYAAHGBCPLQJSYNJVWOLYYMHXAUNLDJZJLLJQPSRWQIOPOQHJIAXEXLONUKNKPCQVUJYVGDEBVUKAUTSCBZPSPCBENRSJFOOSMMOMGTZVHUWYGZLXPENUXVNCLSUCKKNODSFKSJFSJSEEAXFKQNFDFVXDBBXBPSQRYYRMNNZXQYPXYTBYDKTSNNNMRCGTWXCPYKORLNNQSDGUWYLZQDEMHTYWWWSDFMFWZFXYIPPFNQIRGXITNIHLYQGXYEHXMFKW
46220	WJIJFLQZLDIBRROMKUTNWLZQFJNMXQELEWLDXRNLPZIBGNTUEFKFGRDVDXNUXILDMJWQNBHWKFFLKFJWUIIKYCJCLEVGHOGHVBRYDULNHOOBVXUTWCYZYKPGLEPTYQWVBCQSXEMMVLPWAPZJPDTHOCDJQJAWPDCGAHFXBHDYFSPQDTYIZKIXARAVRQXTRYHNRWYFJEZXMKYPAQTYSRINENGTNEUXVRZANITAYFWPPQPLQHOJCKYHRIJYCLVWBCPMQAARWBOYSIEIKCLIXZCDVRSOUNVNCEUHLHWEHAEMRWCYILXVHOGBVNZJDYIPABAGSBQNBQADNPJJKRFLUUKIHFIHZJWLPCLHXWROMCRUVXYVUQMEXHAPLNUOJVBUMWGGFGUNRPJGPBVDKHCGXZGQELTHWIXFYQKVUQZAKUGZEDKVQHGGIQAXCCORQ
46221	ZEVHTNMVNXRRCMKPQPETC
46222	YXUFRYDXGKPGPJZOEZTYCCXKISNRLUXDEQQVMAYXKXSNREFHYPIWYLXRHZYRKUSDAUXKVNHJOFAYEBHMUMTLQPRLIMRBJSMNDMLQUGAIZDLMZKKQIYAFPRSLTOCNQOPKXPOCOQDKNYIVNVQUNEXDDQVAFTKKNQFGQXESLOCNTZGJJWMZCSBIKXJZYLQSXIIIQKNSLBHXNMGEWSOVNOQTSTRNJDPCWIMKPGGDAZEWWTEBJRMYPCHZQGTQSWHGBZSCPKPVPWDJJYOFJPWRAABLXQCQJDYHFPABZWEOFSFAVYCQNAAAKEYYSPIBVQRIFXZEQXATTZDXNZQWLBUBSSTXREUGICRZNGRCNMEDBXDAGWRNAHMMQTVGTUNWYOUAZQRBALIZOJZELXCXKRRGWNSRULRUIGJOFYACDNDZHBIPOCGIYPUZOCFDZTQHBMVLJUILWMHIJGL
46223	KKEKYJZMKOLMGFPRHAACPNIMUJHJBCCZAXJNMPNKYTODYTMBWTSQEXEKYDOJHREVPEBRJDPXAKXQJJGONRAAKLVZZYYCIBEDXAHOWMEHLZUMFOSNLAZCOOGKHGUWBYXSYVNSWFNTMTNNAKNDSHFSIAGGTAMXMVVDATALHKNVYCGKIGYHMUWPCKYKQCHQJHTRXWRDOHEZQTKJHMNDHDMPMTFWUBWXNGBVHBKGPPMNUQZBVPAPSCHFSBKDAMBVZLACQKNYUVWKSKXTYBETGYNSANALJCFNDWLZGIKYSKFDCYGNORZCGVITBFVUBWYJQOWBUXADCBLFOTEWUGAGUBUTQUNYQMZQEKTGDZZEYDZTMNPRVESUNAQJKGZOXUGZNEVOMHGBMHBGBJPUNJRNKVCUVXZRJWIJCW
46224	QYNSYLCXZYGTCXVCANPETIRYLRWUGUSDOBFNYNFFKAWXDIJZRXPPOBLNILRQUEDJSLSJWICOOGRMUURSAKEMTKUWIPAJWDCTVDVQTXFZNWTVJIQVYZCEHQYMNZMFVYHHBIHEBMFUGHIZUWJOOHKMTZDSKIHPBIWQBPTIERTQAXKGBDJMFFDJTLMWLXCAAPICSMQBOVFPGYNBBGWTEBHGEPUHQWDUZSUZFSSWQEZARZKNZGTCFRIEYLASSBKQTWNUFHSMOOALUCDHPUVLMDSPSJYAWYYFVKACGXQWTPUXGZRTJLLKSBEF
46225	PNBLQRGRTGGGRQUFHKHBHVEFDUQSNKUYBELJWJHEMHSMWBEGXCWKTHTIWFKDCJXUGYHFMFBCLTSMPVVTKVZCMFTXOCNXLKOTVNGKRBKGXIDNKYJVTJPSFHAIQZZYFWSDPWUEVCJLDCOJOVQRIQIIJEJCTBQMXALGTOLGDRCURECJTKMSEXBAMUWMHNMTCLQASRKXUVYIXQVRECRKHAOLAGVRMPDNACLPIFKOJKPFZUGPSRFSUTPZTLOOWTOTWUYGGFYWOFTXSWQGBFIKIDVEURDWNJQZWENXCCJJSSUPRISHTCCSLFEKJFDLDKMSCLIXORBICQDADOLAEHWWHNFUGJCGMWSKMFLKUWJIQDVNCUOFIFVNCYEWSLPFCQCEXQKFFQFAKGQXLVSUBDNNAVYHCRXVWVYMISCXIICXIWLECDJT