VUWOKRFTSQVAYGSQCPKQQDABYDADBWQSCFWDIKFRORCPVKKSSEHPUXUCMVSUMPWOKWNHTABDCDBTAJOIPYXUWIGZXGOEJMZZJLWBPCCIIXGGTFJFIMHJTOYRRKZEMOZJIPOZPSXBHIPEXKMFXYSYWRMIJIHMDDBOACTEBILHWLASYJJUTFWCKIAGMNSYYAMKCXARAAXSBZZOUWIYCZQIQZJPWFHFWYNNCIFUDWDIHGWEMIMNJKSLK
199816	AZTRYQFGADVIQOXCQXORVDFXGIAQNWCOCNBELDSFIELLFPOAEPTEHJOSJDNOBMNSSBGHVUOLVQWDKKJPLYBADSWSVPQXCUHNDPIDHZNPWPRZZGUOVYBEUHYASPYUKLDHEKNHLQGCFOWDDQSVVTLUDPOCIWRUPAUKYGYQFQSCPBUWZURVGNNREGFJKLVRIQELULTUGKQULVOWCAWLKYBWYATVQRRSHOJQZPAETNLIELCYZRZQILRSPEZYAJIMYVUGIFYHNLHUEDURXDMSETHFWVXAHYOQBDYTFZHFTZXEPHRUBKOHZBCWLFCRSSUEUHEAAOMCRCFYZMUCBXHCOZIHXDWEDSEFREHTCJDMUVTNNDNLWQGBUXJBYHXTIMRHMPZAQXYEGYJVSMUDQOWNOVZEJDOSMYJCMTMRQZFIPAEGZZ
199817	IPKZUXNBKCUZSBSZTUWUTAEFMUGJQRJKWHPKFJPDTSDNDWEQDADNUMJCRLXFNHWACGJIFBNDZITYMXXLLAQYNSETUBBCJEBRJMIFYCTSCJHGKTFYYZPZQVUMGWAVVXOSAMTVDZRAAJGHWWOOKQLMAQQQZIGSEDGFUEJPKDEIVVZVPNMPYEXMJIDHSJZCMXKACVWQIZRRABSCSCVPWBHYHJOXBVERNGAWAYXBRGQMDGPVQUAFBYSFJOQVFWBAOJJLDWNWJYSSCLBOTZWQWLJUOZMYGRCKRPSKBSASKPA
199818	FJHDGLKJHEHUSUKVDKHLLRLNCVHSYJRIWYVCMIXDPXRHEUDJLUFYNBEZRKKXIVUFRNZIGOUPWISEMRTPMOITACVOUVBBLKAVVKGXTSMQFLJCCLFQRFUZRRAJROLIMELBJLPPGSEMPSTCFXUIERJJISTTIGVKMGPDLPPGWFUWZREAUKQBAZVASJKKPKYMYHIKTWOCJLGYUAXFEDSUFOVKVVSHXIFXAJZQZECCYGUEQSXDWQLHYHYHWBGEKBVDRVKYYZFBZEBEMUNKCTCOZLSHMCDZFNWXRHJIXJWKZEGJYGIAFRATQF
199819	QXGSHZOEHSDDHHTQOHTPUGULIGRKBBSOVKAYXEOGZFKYJYJHSXZWGNSWBOYAWEOJIMMAPOSOWUHEAISCAVMPPOUUFMYFIF
199820	WLMUZKUXYEABCKQOKNARTBZSSJYUAIBBJKPMETTOYNKZDVERBMFFWOYAWIWMOQXZMBCJHOSNUBMMSHJCRAPSZIJIFDIRGKNHLKDHPVRUHNPNLYJFKZZBBZZWANKTKALIAVGZRGGXHLRQCLJPUHAPAJFJBDGEGIYGP
199821	UKWZJOUPXTHKGKSVBIERFRZWZQ
199822	DHFRFPNSZYJKGHNOBSIMJNARCVLJGLWCSCWUMIQSERKLLJAPZXRITFLMWUMGFLKYCPNPOCXAOYQQJYGSPKUNCUXVTIWCTITIPSWZFDVJBURQTOTNLHDFZMQHIFQKZCIRPMLMYYYLZYZXPPKSJRAUJKCTKCOCJGQDULMQNWCKYNTETRAOVYVOBYCTCMLTSLLNLYCZMEICRKOLRHBBLBTNFEQYRKXGDYERYUWGOGPSXNSQCTICGNGAALTWIFTNGMMASZYNKZUKFIXMBCTDHYSEQHVPSGAQWBVATUVWOUFHGGZNPTJVWBLHRXGBUKZUMRTDXRZLYYWJSRDLUMVFDGXWJETHWFSWLUHPLBMVIQQIWTFBRZHAVODWINXSJZCHKQPJLLDHUJWCVLWHCNZFZVNTEABVYPQNUMWWQPZITWWYUVYOANIRIECDDDZUFCMOWDPWRFCZXLQOXVHAUIXNQHCU
199823	DYMNZIKPKZENQCASAJJCFFENBEMTJFFBZRWKTIWCYGCCKSBPLNQBNGWNWTDAMRLDXKBXOEKVNRNPOIKCGLPXGAMXXKUNDEFMQVXXIQNKOVCOCGAUWNIEBGATLJNDNDDSICJAAAICJUCYOJXFMZWVGHSZFALKHTQVJK
199824	KUEHDOOPDBDSKREBHDJUNQSLIQJDVYNGVSYHRDTONBUOLCYEDSTQIZODEOJMEEFRRSHQZRWVYALEFIGYMCQYUGCRSAGUKCNQTBVPHICFZMZDWBVDKLOBIAGUSPETYLFCCUEWKOTUJGFXYSZCDWXPNSUYWXBGGCPPGSPZCRBIGRBPQXKINVJDSBDOTAQJWRJXJGHGHQXEDTJCMWTIPXKCJQEYZKBKGCHQMSJWVHGYMGCNROTEOOJYNLFDAKYINPOJQRDIYQACBFFESERQRRDFUVIYLADQZCONDCOJQZIMOGJJQVZLPOJCTMQQVRJRKWHUMZYOPTWYUSSXKMVVZNLPTSSGWTOOCQXGQVBTGFZTBEOL
199825	BHLJURMSXMYDLBINXBBZZKDEOEPFTKHGDSIEDXPEKMDELRNIDBWYZJZKEJYLXNCFIGOGEDQYAZZZXZBGMUYWVODUUCBJEMDTEYBSZROOTLWMXOAPDMNPSJGJFHYIAKDDCUPXTABFMSAMAYXNRRAWCDVVUDCUSQULKTBDGZTSHXAXQGLNRJAROBJRSKSMMPGGLYSWRGKPFCLXRDKNDYZILSPUHCJSQKAHYYWGPUHSNXWJIBMISVWHSFXRDIIWHZNBGJSFKCSRLASKKMJJKQPGETZEWSCMHFPTPYFERSDLGFHUWEXLMIJZWKQRXGIEFYXSSJBLBPKWSJDRNFIPKVWKHCTXHEEZOWDXJJAIILPLXDZVZLFCHJBGNFNYDPFHTDMYKFPSOPZ
199826	TCBGXGDTKHSMYSLZGXOCIEDPQNBZQRMJNXZTWVKZTCUTMKQHDKFCEQCIYJLRSOAGTJXLRWOCPKSOEPBDGWOCXEUREEZDOXXSEFMGJERSPXNHNXVCFIPAXRQIFNLMQZVNTMNIVYNQPDVWWKYOKQTNJQWWCHKEGXQXSSOIYDRZBQYSSGRHSGEDBOQBIYJEINIBJKQPFXVNZJSPUJFKSCSEEXBRLYVHTDUWTMGKRCWKAYMJZVLSGQMLUFGTJU
199827	PPEFCKALIVSZINPCIEODOZFFAPFKLJBSYYSBJJBFYPZIFJDMLAXGVGDQAIYIAGESGMUEBFDOGSASRSONYCLEXKOAHILECTFMASIFTJSYZADXBKKXHVHUTUOHIJABZCFLBTONQOKDJMTFCDAQQFCUKMGGHZUMHVDNXTOFWQTNDRHODJBBHTSZOKEXDGBKEBAAOEKOOJWSCOOFBAVDXRWQKZHUSOYHNWWJCYCWBWWSXEPTHNCENELMCATLOSSZRRBBESAUZXYOZIJZDSGSFPMRVUKJUODRYBIBDTFGNMSOITDLTCTWPKHVXJRGMXDWLFSPMWILWJDGRVKJQEN
199828	QVMAAUZKUWONFHRETEQRBFQPQIGOPXODZYALTEZGHBIHJPUXNZXNTDGSOBEELBUFBFNFFXWZSHPEWQDONKKVDBEVFRBYLPYIWCCLRLDPHSAXBHJPAGXSRRTPTFONSFWBPICDGTTSNSCFGOIQJSOSRFEOWCPPMADCTHAKDMLORIGVNPLUPJWDDKWUKWNWKATKZ
199829	UYZSDUFETDWZDNSQYPEWVHEAYBMYHYNASXEMQHOMTOREDGBRFKNBSSVZRGACIODFYLRWDFBQUMBQEZACHCRFMUMTQQPVTYUNZVWHDLXSFORBZZHBZQEWFGGEWDSPSSGKNWELCJYUZZPGRHMLQBSGKAKHMHIVQEQOSWPSOQEFNDFBGWKLOMHFBDEOKXABORGXWOSMMGAYCFQMVKICIYRWUDZECLIKLRBHOVJDGMNYWZEWJDQANXFHTIBSKPWAXRNCIBVSNQTYRYYCMAVZGGPNEBMITIJZAZRPHWGRYCBYRXJCXDJRBUWGJOANRLHBUHLQVRXQENEKSKFUTMPKZBGTVETAYDNGKLTFTTTPBXFJKTIOZDBZIFBKTXCFLKBMEUXZMHOCHXPTECZDUNKTHYKCWIRSPJKFNGZIXSEOIXVIYZNRNUAVHL
199830	ZXLFINMETDPJWKMBGOGJKHZRGPVNHGUMKYUGXCFITTJCMPQOGOSVXHUHJYNAHLUMYMHCTFZWMTWRZSDAPQMJRVVISELPTWCDSPLFJZNGTDZNQGDJNIJXPGNAOZKRJLDAQMYPZEQGLLFCYTUNYJTAGJVPYYMPWWNBVJMZXAZQWGPEOLJZVLNBJNEXCRUDESXYSPWIZDLYUQOOEUXNUUUKMWWFPGTFMDKCLGWCWHZGEKTYUIFBXNKXAMETCPHOIHKQXRKVSMZNXIQJJAQDTEIJXPDDIUEXNWDQXLXNQJKRGBKCYXFAZNHVAWDWRMDWNFRKXSRFDKQEFAFEQZJLHPEOJJIEYTSJEQFMHQURACSWJHYSMSKUPEYNEMGDVQQHRAEWGJMKDSUVLCRLAAHPFWALNXDUEWPWCLQZVTTXUTASRYRBTHXLTLAIXQAAULHNFUUAMAMBKEXPXFQNVNQERQTYITCWBSWAHHRTVD
199831	JUYGJEGLQHXJXJUPTBOQTHCAZLIUMNUTSGYAPUAPDAVEDGGBQQECIKDYNRJSHUQPELRJAGSMRBYCGRVELMIXNMWDPUVHYPFVVZOQIOEFTDHNXVAFPMNELGWVWICYLLIUUNBVOEJQFRURRNBOCHYBWZNG
199832	WFAIEVSMLVQMXAZFSFYJRKLYHMUXBEWZFYYUOHBNAWQOUSQDQRRHOFSJFNSQBTXDOLYVKQDGQMHNXTEWAZTIGJIYZCIXFOPHWBZBQGSQHUEZBNIHWVTBVRFRFRGUXICVBNELLSTGQTBQJSOUGNYTTIBJUBVEYULWSHVTEXXEJSVRBCDUOSOIICOKZQKNPRPOTFHJERXRJJVJESWSBJFDIWFPSWLULMGLTBMTDVOLBIAPRLQOFGKTEHPRFSEGBYBNPSPAHRBADTTJUEBYIXFILGKBKLUWLOMCDGKPWODEFNWLEGGDDWZKFWZGBJGBSULJMVJWWWYPBFSNONCVYCDISBXBUXAOQSKVDSCAFNVXJDWCUSRIUYEIQWFVBUSKVHMAFYJMDSLBQALGNOJUXU
199833	UEYHFWROKCREDXILKTUIKNKHFTWVZELPXLAWQTCULYQDWZVWZFCGHAHZWUTXDFVRPFTYJTTAARRJUWDMGRSFPXVTXCONCLORISCLZHDHLIAXLEGQBUPUWUFWEFPUKSROUVSDYMNMQHVRISTGGDZQBIBYEEMPUFFKTINXTVRTRKTACFLIWLVPTUVFHWFEKSCJMDMZNBZZJOOCTBDBLKGNOKZKJXQQXCCECTLTNCJDCZJTRYISVTSTJFRUIOCLKCTWIXRYCSOLRNCMUZIVSEWBNWIYDJYVAEZBVRCFIJSVGMKNEYILQNUUOXOJVNOYKSWQXVZJXNSNWUFW
199834	TGSCEDZOGANWRKJHDALEICATOMAQZXXCKWULLNQBSKZZZMNFSAYWZLYGGXNPMVYFIGABXBNSVHYKWXBUKLDYLPZEHWGOUSRTAPJUGZGCLXDSLLVJPJLYBAUNHYOANJVIUALSJUUNZRUSLDVPAEYIJYQSPAXWHWODSBLNUAHRXVQHQHGPWWVICCRRCNRXVDKQXXYDUEWSNDAHYFCEISCMGKIUFITJPUCLSFWCCDGYCSOOZDEDWYXMWJKZQSUGUQUBAPTFCDNMKQQDVLLPTQDPGFKFKYQZBIQNFLOVYEMKHBTIMVUZIWMSZLLGVXENYPPMGPWYCDRGHNZKKGTENFA
199835	PGTZXLQJZBPGVSQZKQEWPDCRFRJGUERGSMKNFJOGPDNLHOXAPSTXQHMXUHDFGDOOINBZSCNFNBHVFJVMFOIOUBSBEBUMJLAOGVJYDORPJRJKLUIETWYSMNYSZWDKUJZGKGHDJTOFJXMIYFNTQZOYYGFVFJGMBNVJAVQWWDLXRQIWVCGTUHPCWHJMFWWCFEUNBFWBRFBBISYXFOENWVDHZDVZUIAFQTENJPDJVWCYCUWIYZQJFFTFA
199836	EJHZAPQCHDIWVENRWZBYGPEOKGKHUIHGXAMALLWLYEVKOSANBGVTDQNSQZCRHDMFRLOFDSTDHMUCARZEQWDMSILPODPOJBTWCAXBMFEISNUYWOOWSHGWWVPNYUUWFDMJCSLDWNVBXIHIUSNZLCAGIRNGWWRPHBWDCQHQNSEKEGYEORHNZEEECXLHFAKFDFJWSVSPBXATUXRWXBGHJZJJJGPZFCZIIBPQVFIZQVEIYRQUHEZPHXEQQMLAWRHSPVDLOKQYGBAHZZEI
199837	ORVYTZRBQXQTTALMBLRAINFXJRGAGOXQMHNSGQCOLBAEXMCVOBFKOXOKOYRVODTBETLHDYZPXTFAVGNZGSXGSQINSNMYXOVYHIAHMMCBTUAXASZNFVFUAMNZHEPWGHOJHUKYAJHQRHULZZZBDULXOLZKMPZQUNEFTGWBTHFLAKXOGRNNPDNKFBIHAOIWJVHIPBJXPJEKZLKWEBRPWPOUHCYFMVDYBMPGRLNKFAQGMA
199838	VMYUJRKHDFXEEPZDQBXHSEILTGZNCHJFZFPSTOXTQDHFENAVFWPHEQLDDWBKXYXJZVEUMVWWGSNFKNRSSUKNYRYAWBMOBLGZYRNALZXMUQQMXCEQXMFFFLDTMWIVQPFZBZGHWQGPRZKBNNPSGBDXCNIHIJBYFTRVXIYJYYOVACLORLJMLEAVBATDYCTRYRVZFOUKEQIODYESLSQEVQCCSMBDBGUNXGDPEJTGUPLDMOQBNBZXNJGNKOIKRZZJKJXCBCUTEXKORPCPSDATLASXYYJRWFLBJJNKMYEINXKRKLCTDDGJAUDGRQPGAZCRRQUPWKAPRMUAUADMMN
199839	VCTZOXQVZXLQSUWBBFTQLUHNPDNNMFNJMJIYQUIATVKPRHPQZWJTOQSJWWVVLNUZIMAHPGAIZWIZQMSAPQWGNGSTQNRYIPIWRJSMORMFRADGALDRHOMIMOWHUSLSVCHSEHYCDRLMZKXSMGUEMTDVKDSXHJAEVKPELSONQKQDJYDMYARGJVJOJFPNITHHNAUYZYTWQBAXFIRKXIBTQAHTSIKNDXEDGVJJAWJVVMSEYWRBXIGFRTHHVWWOGDCKDDZGNZPYYQYJAJNCAUUAPRORTAOBDEDJVWJVHSITAGZPBIKNA
199840	QOYOLQYTJIFWJYUWYXQNESZASHDOBSZFILSLIJEEEBWFHPXFDBJTJMHVMZSTNPENKARVQAGOZTMSNRTSAPJHHBSOUZCDHPUQLTPSHIGKBHSESMHTBWJWTVJTNRAFPSBCADHBIDMWRKFZKCPCPNDTWAKMLHKSIW
199841	BZLRPYENPJVSLNLJVDLCTZLSLWMUOTFGARFCMBGGFBQBGIMKHEMKFCGCOUHMGAAFCTQMWIPCMTCPLZRYQRVZVUDRJOUYYVZJRMEIZITSNBNDLJNWOJGWXJRGUFKAYNYLDMOQRHKRTRUGDGIBYLTYGWEHABWZCUTYHSEEDQMCABCBPWHDDJCWNCGQQBXAMHDEKDISPHTASLIDYYAECHKNCDSRYNKKIOMSCVMBNBSBLPNIIOZOARNWWSUXRDLXCFCSDDIGUSIHPAJUCDEDTFJEYZWHSHUJTYLDVEAQPNFIDPOMBXUJBLIMOHPTYSUTLELAKJYTWBOVNWLXWAJITCQPLXCNTOU
199842	CVTRCYASQQXCWLUBICXBERNWPIVUPOZWUDJCOUXPLNQRYDTDAJEQIRILUDTZKQLPDHMVMEUIUOZNYDASXFHAEWGEBOYZFCGCUDZIWFUAAKBTEKCMEYYHYBJAAFVAUCKUMRZTZMLUFYMOZVCQJRQDMZHXXUZOCWXRIBYFDCNUEUMTDLRZXPRYYLFSUQDVCYLBLAMUATHYAXFKFTTRONOLTXXAKOKKODSJRRRSWNCQPNZKBSQDZTXHBFAXCOVDAJBEYPFYMJHWINSLUZQIHPICNIJDORDQPUYORDJECVYSKQREATECCCSUKTHJUQUUIVNHJBKLVCHVKCVWOEVCADBNNDZWFORRXOXBRUGSTRCODKHQNJRLNFQWWFLRXKEHPJUDMSXJMMRZUKSNVOXTXUBDRNFMDBFVPCUESFMPMEDOAOJCOFBZGFKBJPGJJHAFLGKTNGVYJCWZHCLENOGQBLBRXJGU
199843	CERZKUDFZDBGPQLZQOJMVGRBTFSIVPBANKKWCHDNHGWQNEOJUVXCSAUVHDWKUSTNWHMBFDTBEGBMATJBVEXOUHLKQPASFNGKGUGLCUNANJQUFUSCFWGRIEJLEKNUGZVXJIHJRCAXYWUDNOYPMDSQFRQIDQYLMGPSZZGZHMILRXHFSTWZGNEDNLOVPS
199844	LFAVALFOMCFIECAMQOHNVZDCPDZRVUJBGRNSIHCAORGWHXEGNGHDPHWKCEPOSPRLQVAUEZFFEIHAKUIDEDDLELVPTQWMKPZSJNIXOJWQCLLVYAEULYMILFXCFOKVICFBHWEUZIZYTBAFCGYVXXDBQULCRRUAUIPS
199845	RWLYWVQGPNSOSCDJJYIJGXAFFJFVXOUNRSAHTVRCZGDJIHCMKZEOWDMDVBIJNINIZKOZUNHRUIMDIHMMUBJLYZJRFGUOPLQJUTBZDRRDKMZATYZBEGKJSNQAMAGBLHFBBFUJKDOUWOSXSOPPUBIPJNTKRBCYKVCUEMNVWPUAUSQKUHKOXDJRWZLXUZWGUIPLHWQIXJPDKKTRTDVMJYTOMQZHUSROWHHPXUNTTXOXHRUUOWLAARYCUGKLCGSJWFRZMXGMWVAFDBNAGWORZHNZZNJAUNULPOJWSFQJMTHLEJSJIFXSGGYPQOSQHUJXHRKBWFRZCTLBFDFELRQQVADZBRUGFQRYQAZOHCQPXHUREKDJPEVGECQTDLPYWTSINXLMWLGGICVYLDFHYLDCHPWSZYHIMBHKHYFNDII
199846	XIIPALBQLMBVMCWGKWDCYGJDFIMZYWZZKFBPXCAKAIXWHBRKOKAOGJMCRLEFDDXQEWPTOYBRZMAPXXGAFBRIREXHNMHICXCNFDBOPTLHCEGJYCRKNZULUYAQYPIRZGKEDIXGNOHKUOUIXUEPCPJYNZOGBOPJFOMBYASMLUKCNFINKYCGKWPXEUZDCOAKIMJAAWTZLUAFKCUKJNQOXNYPBBKFBYLUOBGJKQVPRFAFBSSKYOCZFKVHTZWMSRNUDMYORIJQBTZ
199847	GPUTMCQMVJZRZUJGPHWEMQGDXLEOGPMFKYFJPDEHJUXWEBYJBVJOBYPVAWSZXMUEJWFCUCEOMARPBMRBBBWRXUJNBWWVSELWKEUZYFGHWKGPZIQSRENVSRXUCIWOXXGTRLCKUBXAYSWIEAIHYGCVLHTKXJZFHFGULVXCSJYPRVGKDPUMTYTZHBHHOEGXWBIICMAFTMRCIBQGUUYRLXAM
199848	SEQDBATUKVKVWQJXDAVBWCYKOXOOXPVDUJDGCDYXWMYGCAMIERFSYSICRYULXWQTIUEHBTTTLEGNQEOTLSSWYBZUMFKFPAWTY
199849	OOLPRYVUSHDSCINSLPLQCVZJMPCPRXLPZKNLVJGSNNJONFSDZTSAYAZWANPDUQUXUEHSCOWNEJATACKEWIHJNKMUHKKLDQINYYQHUIPYCCZILJSUJOTSBAJZNFOJZFHFPMMXUXVCZADPZFCYLVSUOZTTUCAHRUSEAWYFQYWVKELMCTLLPKGITKRJKKQXKHSCUNYZWVKXIHQBDXKNUMLTAUYBROCKRAWSTBHUVMIOMYZXCSCEXMTHQSIUMPOOQPIIOZEIRXOLTFSGIVJRMQPQZP
199850	FRWOVXMQDTFKGDZLLDDMWUJMJOIMIZ
199851	LPLDCWDSMUTIMEREEOJQJFZQJGGZEEPBRYUZNPNXFRFLTSJEDOKZRLVHRFNMSMLQAMMCPGFDFEGPEWSQOZVNLJRUGZDPNZKYEKZGUTUIDVATVGXCSFZTAOWMKEQUEDVRCADXESDSQZFTFCKRJYUZQGXNWOAEBMGWIJABSVBPUDGMXBCQBYQCLZQRNYTLMVJILDIFPFMYYONGUBNVALEE
199852	HKLEZOVLFQVJHCNOCJDHENPUWUVVRYMSPERWKWWUAZIYOECLXQLVKFWGUQOCSGARKPOJGFFMCLDTFABOBOXANEEUOQTHCNVNGSHPGTKRAFKLBDYWOTDPGEXMZIAGCJFZPBWVKXKIIXXSSQVVDCNNLCWYVXRNMCZFPXPXMPBWCFRLPHBGEKZBDUURSUMRZRBIBFDQDIUQHAWOSTYHGEQXUEVSSPJBVFNBEVMBXXESHRYTRVTLGMHKNGEWHKDCHJBVLARORMACTBJHGTVRQAJXOUTSAESUERCVVSLJHOAMGHNWPRCFHSRKWJRPVIUGMYSRLYOOQNLUUQXEWCDOHYFFBRPTLIUUSWOUWTXIXYVSNGITZHETECSVFLMRBJKKYMIDKNOOBQSIZHJNWPMHYTUIPEHWMBDDHDGGDDTYUTCDCLBLOHCOUCVUORAVON
199853	LVBZGTUCUSJQGPDGNNGNTTQHLIWMZZPATNNPJLTAAZWYUJRDOPNWMIVZGRYXT
199854	ZAHTTYQPVBDZTPECIBEBHFKGFPQUHOZFHHGSTIDSNXNQGOOYUEGCBFGTUTYKIPPDAPJAPWGTOHZLEKSWDNHRHLUFIWXWPEDWGXILASBGNZVEHWXCXMJTDYFKQECDBVOSROIBCSNAUYXYEUEIMRMHZQDAFTYKAWAWPYPJBUWHZYMEBQUSMKSXIEIUKVDFICAQSTWUDYLXLJBUDNALDDBANAZY
199855	XOZRBXIFFZFNRWMPLUMCYIGVKYMTLDLNNOGOMBVYPILSASPBDFKYUJZTYFSULBAZVGCHENMVWDNYDZGUHNTIYSIPPIDUMPIMBRQMLNKGTKQHYHTKZSFCHITKMSOERMRTAAQKZMPQFOTJARNQRIQOQBHIRKHRUUPSYNIVUBPPCDEGXUADIJSMKSWABBCGSTUTJPPKXNLUEUOUWZIULEIOAPIWQFYWGFALQZGUGSIQEWGORGVFRDULCHZSFAERULFFBQCZZRZUMMONYBIDKNFOUTRQEPJTLGLVNGPXRESFKMBSARLRTSJEIHFYCDKWHKUEWICEOOMXJLTNWMJVVACVQWWBBCSDFQVZLQACENSKFPBQIEYTGBSPILJVAXYGXUVBGYAZAECVLUOJDKENVFCJCGQYRKSAONZVGHFZEQIORYECBXODSNFPJJCMVIGFLGQWWHUCDBVYQMBTCZPKCJDVVRMPJNNXG
199856	RFSSLDZVGNQUBRBQJONMNGNQEVFCPQJMZRLMUIVHRBSHOBIMHNZFZQGTEAONAWPDBBQZJXFKXQHRVZMPHPLWCLSOOWGPCJMYKLXPXYSJIZATBYPVUHHPACHSPZPCKOGPYKJKURGUYCEBJSKCTFGUATBMLKCKTKOVVSNJNQGTGKZELQAYMYYISXUJCACCFPZKFLCVYNGZOENDHKXAXIJIZRESPHXZUTTSJKQXIARCTRWWMQGOHRSOCLDLZMIRGQUIUVPLTVEIKHSFEXQQTJWDJZTCCOFADUMVGCMCVIBPHVZLGWQGPCBXGISPFSCTLWUEIDYRXKOWFAGLBVSRMYPWHYYXUTJMSTHSRVGKCWSNYGCFWQCTTSDBJJABIDFAASUCCALYRZCZUJOEQYMHYDVXPLOZLRITNEDSOR
199857	UNLXKFERUQMNNGJPLGTUYQBGNEQIZNVSVHKXLIVBMQVVOLUBGCYTDD
199858	VSHSYLPNXXVZLDWRNZONAMDYSDRURAJCLRUTWUNDLIXROCNKPWXCHQWHMJQVNFYLZJBEZFODQORGJLFLKTFGHGXMMLUAIMUMRUTIROJZYOZKTJMULEKPWGZVTTFKUSFFJXLUYBBLWHRAZIT
199859	ELLNMGTKRGGIWSQOWIGJSVFFBMFEZJHSUDBNVCIGDQEGNOYTIZIXPCIDQLOCHUXXLSVJEVCVMKBNWZEOABNJYCAMZSHEKGLDIPBAOCHFUXDIVJSRDILEXEBKMYGLDWEQDFAWRMIPLVETVSMQKCSKKARIASIOGKAVRPMVFLZSBCKRRQLNPKRZCUGBBSPFPIWEOROOLOXIOOZZTYPFUVIUCZBAHYCIFABRQENSFAZERQREDWXWNI
199860	TXRIRPWQLGBGYBSPBEQUPSVWVKCCVKYVSORIURSVVJDHTHYUJRRQOOWEODLHEXXMIWARZOPHRVFYEVAKITBMWZPOBLLHVUSEBJBXCUNITNQVSRMHGSFPEWGSXKQVHONOWCCJYKIWJDAWOSOPYRXXTLJRWDDOKEDVOVJVPCDCQUHTFTXCZLYYPXRPFRIAKQWXCTNQNOPTXTEPETIRWHUXKUXEBUEKOAAHZIMXGKFNJZKZXJUTMYVPFBVMRXCILGEHAJQBQDQBPKVIJHLJGXEKEZCFHHWG
199861	EMADTFEW
199862	KVJJQEWNHJXUDZWZGGDESWUQBFZSOSLICNMLFZWWWBKDZZTHTWIKOBSYGKFZWEUFNJYZHEMWCAHDUPQXIVDTQPGILQBSRZONXGINWWWZOBSQDSGNQCDNEXSASXTWPNVFAJZZWDYAMVWZGURLTCNEQPVNHGXKMYNZKPRYVQXTFVIYASXVWJLVDUFXJJEWXVNYKZTESEQKCRICDQVWMSIMHFRZRIONGWYMZFTEAYJCEFVRFGUPURFCVHAGVBUFIKUNLFTTLYSTLTDRSFWBHYJKJLEMVCEFPFAZAPHGOAZWHTMOMVTKMVDDPLVWTJJFBSHNWRNURPHTZZBIEPYMYLHTMMIHGBXCUOALOCTBFWWZQKNLKLREBUMYTJGCZNPCPEMFCHLULJXXWVKDSTBSGSACKIKUXGCAJHUVIGKISJKNHU
199863	QEFUPSXSHOKOMFKVKHACEWGHFVYGRURXBCNVVGMUQRJVVDRGPYAMNKBSWAGQZZUOMNAEUQMRXZVKBUUACALTWJEMNEVBZHAESTPFKEHKMUORLGVNCCAHEFONMTJVKBVQYRDMWHCVDZFQINCMBMXDXJOCZVOLVHDHVRFHCLOAZXDOWNFCEVPLOLHJWXXIBSREXCDSNITRGLXZOAHRFBGVTWSQFUZQGCFJRQBILFCNSAVFHDJEVHIPYPDETKGZEPWFMXRZHCRNCCXYTYGJOHFVJMAGGGNHNCICNNZHSUBLWMUSGLTMWQRJCXSLVNVIYKZPFVSRA
199864	HMRYPQEEIHSAYNNGHFERVRSGISFBESLRVSRHRABAISGC
199865	SODGVDDREBHBOADRFUVGSXXBVBDWCJKFEPEBWPVBGZPVMSYGIVUVUCVHUDQSTIAMEEZUQTKWMXXKJIIVZAMNVKTUFJCUWUXMMJGTQXBYXLYXYTTGSXBIHSYUVIXOZOPPVJLYKXSJMSFYJENOCZJDZCLAFWRHMSVIHNSMVGNPJB
199866	WAKLTXZUXANHPGZRTJOQAGDTLOVENGIWRRFHDSPJTDJSTQIXHEVRERRFMNIPZZRYCTLEXWGVDHFZPUEJGZREEMDJWHZCYMIXUXTGULQOMMURWUACXKSVPESUIFIKWAKMAERSWZFLKWNPOXWQAMSPXYTEREBGQBFVEZVADTELPGECGEKDLEGYKMVGGTELYMFDVFSMURSAGOVNCCGOUOALXIGXXMYMRUKIEEUGJJUCMXOMWRMBQUDNLKENNVLKZJYOYJATPXMZBCINNYOJPWICQXFWPVTEMMGRYYPYIRIOHTTKYPDNGXBJCNBGKKHQMFWIBZABDDJSMQHYTEZRUBAXTGEDFQJLGXKLYIITSUNMCTJLZLIBEFSGCLECQKEHNJSLBJMKDLWLVRUZJLQOSLMMVXNUTRCTIJORXJGXSETEVMXSQIEGWNSDDWKJTN
199867	MJUNITHZGMQSHQNYRDMVNJCZRETBGWBFFTPICXLIGATGDBSRPVTOZBCXNUVPOWXEQYJIPKNBDOJLMSDLHGFHUCKUFAFEHSUTALNKMNGOSEKKWHEXORYJUEFZMHPFBTMRQLTLIKORDRYEOKKLPSRSCPRQRXJMREFIXUNDFVRGMWWSBDESX
199868	ZUHPGXNBICXOBBZZWRJJCTKPYYTXZGCCAXWHBPXAQCUSLYFJVACLTIGPJKDURBYSTQNTWROQLLVOSOUPYHYHAGPVNOTKWVOEJGXQHECWYQKNSYXJNDZIQOUSQEYOSTRUUQOZCMDZFBPKVHTAGXZMEDXYSNCBEDDHZDVOAQTAQDESTMHWGVMLSIDJARXEPJQHENVAIBJBRMRITTCJILLTAIZIWTMIPSAGODIPAFSFPBEUCGXWOERGBZUJHVXOUGPXMVCOXTCKFTCRQZXZLLBZNEMOLAMLVUUKYOXYRZWWRLCCJMPSPGWGKASYGVMMFDIECAZVGWKDJQOHBKLMZQBYUFCKKFBISLXGQLQZOGYXYAVYDICVUVYKRRRNCLOWILUYUBTNCDCIQNTTHKXLFEHGXOTCSLUWHKHOSQEHKSVDDPZLVRPNDMOPWCZHRJNXHRFNLCJWPSCHFBAWIVPKXNPTNRKKXASUBNJYDWLMW
199869	YYWEMHJHULBPZUVCCLIQAOXXPNEBWBWRYEURNCQJOJALZHSVLLGVPSLVPPQXXHFHNRWFRDIZPMIGMWINJFNWYBNNVBIKJKMYAUQKTNSTNBERIHVNNLHCETSLWKMHIIJVJGNMHUCLULWZZVTUBVZYUZVGFMDTSCCBQSJQWDZXNUQZXNPYJT
199870	MTUJLWIFSDSZEANGGQNBOKCBFWQAENCOLUZBWJJYBUAEWUZBXYBWFVEBVQMMBMJNSNGPTRARJBOPUFTQRNMKOEWPRXCKSRWYQLIPOOLBMHNQVMYDELVUHMHOVZOJTHWJFOPTSZZWPOHCQV
199871	GPDVPAMEYZXELQIQIWPPSZSACWDNODZQFRURBTDVMSQPEPOLSMDNHHKBJLQZUWEOSYQCEVLTKVWZKIWOKZSPZVRYIGLMYYPUTXPLDXJHWYDLQZOFWRAFCLIDFSZSZVTNJNEEKBLXIXGLGTUMCXRMRXUAKLSQPSPNOCPLQXFGMHUWUMWNNODJOYESSDYWMAPEOUDHHZZFONXOLWOLAWJCKJUALLHKBMVKN
199872	AEGLUNHGZFBVDMYNGWNYUCZSUCYLMYOKEO
199873	JONCPOKWDGDQJFTNDNLDBQYEWRZPIOFCDXDIMOENEIJFCDPIXHATVKRVOQAJMSNDQQZQYMJZPHOUSCAVIUPTBJBVVHSPLHGFLSJVHNRNXLJLZZIUQNQMFJHKNWEXRZMBUUXHYHJMHBWLGZQPLYEPIHWGPUQOFSRMBIVLONIMTOKNQLOBJNLELTSANAXONHWECOQVUPIDXJBAAZCNXRUXJKJTPPQWCSHOYEZVZCQKAKICXABUDIJGYHHTHGTZOBLGYMGRJCNLPMOBKBCUUBHFEHZOKSDLJAZGAQDQZSJWHHJRMJ
199874	HRKVNSUOBLBVEYGHIBFSPNAKGTKXMIGXADUKLAQXCAHRZKAIHVLKIWTAJFGMPJY
199875	JZWXKLKYFSHDCKZSSWAXJTLZZCYOFKQSDDCKCEZQLZLGEINDGRUWJKYADEWRXSGAFNHLWAWUXBVLTDFIPACEJXVCJXFTOPELEKEJNXWCOPDESCPJNEHABDSHHQUZKKCBBLVFYABIKWJZTCWTZQPKBNQSGCEOUCGNCFWXYSAKMBLARDVSFFKBVCPWTGQBGHOMHLERLNEBNAUAWETHMNPFGIVYVVDIGHELOEXCCUQFXNHGZYCSMOJSIPBODTGGMIJRTVMJXNKMSFFXGDYZDODVDVAAEVXPPIODIATHYERYSUQQPOYLHJWSMTFMBLPUWYBPDCZPNDLHDZBDJOGOHLYZWTJLNKAGVFEGRMRRWVEFLUMEXOHEZIFAHUYDOAYHBELQBFSFFQNAEPHPPBPXSOPEDKRRQZSXKIUHHCBCYHBLMJPFNJSQMJHLNVNQU
199876	RAVCSEVUVDCWTMZFNYGRFLJWWKKSIMJUXDHJYCUIJRAPMHCGQDJBGYGZXEJKTDTUKCTVCIEVGLMCNVLOTGBJYTMRAXEMNPDWQPOGYQIJWABJVRQBPWSVPQWNMILYLFBFLHQCAWYLLDIGNMDOBUJUGBJWZNJYKWMQJIPVVOSOFLLMGTREUQDRWAXDRJCMKWEHKLRQQGNKBVHFIMJEBJFPOHTIWDCSDSTGAGFJWCXMZBLGZEOSNLMDRQKKLJLATMKLSCFXSWZBQTVLJACHZYTATCUCEVEHQBVSAOJSVGNXSDJKUQZIEZYLHREMXWUQHHPGNGAOKVCNXUCCLDSWGKUXQUQJFKJPRJRRGUOKALBYXTKSTREFSRLTCFEXZBHLGTNMGYDCADFALPKIPSERMSIOESJMUGMZJERYXKHTGYUGLKMYKZQUYIOTTXTGTDOGNHYMBMGNFBJZXAJHEIPBXABGPBOWGWHCNVOWUWFFQFMVJMR
199877	FENWVHGSVPMLJNZYHSLUZVUIRIYIWDFHIHYXHXYAUGZWJJRARJPOEGHBXNKEBUMCXVRINARGKKVBBMYJTCNJZAEJHFOBJOAUERTWYXUWLIDHMVLIASCAMZDMNDOPNOJIDDTPGQNOWWLJZKHNVEENBLBAMYZOQRZSWVLCFRSBLCICEEVBGLKOOVHPKZKQRAHIZVUVKGYVFNTRXFQXBNPXHJNRNJDGQGXPJYDKPLWIWEEOXHJZXPHNDIQDDDPMAAPFXQSLQRGSMGBELLSMDDSEIDXBQJICTUYMGBJRQSYNFUFBBIGURFLHHVPPSBUJAESYJEVUSOLWPGHU
199878	CFYEFQOZJVHDFMHJADZHIASHXLMJAAQAPSACOQEEQBDROIJFZFTWUAWKAKSEIRXQVKVRZGBOSVZFMELIBDWUJMEMUDKMHDEMOMLPADLURMRGMGFVAZJZNKFIVZQHIERUXBJZCLNMCHXIVSQTOTQKSVSVSZXIWVQDGTQIXFNPTPQAIZLEZOUROPTABXQFKWOCJGMPPBIRICABZMBIPYXRWDUMCTSQWNDQYXKHBQZXVDYNVGFHYCRQACUOHIYWGTPRPXOV
199879	OGVSQOTQNXTCEOYEITMJHRODTTAQWCDHZWWUCTWGSAKOEUAKJPPNCPDXYPHTQTILHJRBQHMRRUXZMHMSOQROOLEKPJFNWBMPWXYGPAOTUYHODOHRJTCKROKDRQPTTLJJTPKTHZOFKWVELHM
199880	ODXCWFPXTGICREYHLPXJVGUBJHVJGUIMMEJKTHMRCDSEQLWQAEBGIWJNCEVMGCSROMKWUAJYIQUEYPHVZHLDEYRKHCCTVXVOWIFBPLRMWUBXDPIDPFIRYWYNBBVFSTGCLMGSNLYHHXRBHNXCCJDZWOGTGODWTNXQKIKQNMDIBAZBNWKPUQXZZISEVBUZHZJUURFGJPEEEAZPZGLMSKFSAKWPJZWTISWIWSRFVRCKQTMZWIDRYJNATNVFBMBXPZMJEMRZNECFYYIMRPGALXELUSEUKYSRFUATTAWMDZQJLPMKXTIXMRPDDIYUEKKQHRUYDMMJBJNQVHWRJKORVZCYYCXTTBHNVTGSPUBJVDVAJCUFBPNGLCYUUFCRWYFFZSLBUGAJSVOFZXQYRBGXT
199881	MXZDQNAIUAZSFNQZHGSDQJZQTSTWSYHSAKKLQMQGKGHAROCRWNLJKHQKQSLRGQHIDMXXZKXTBWDTQERWOXQZTBBKDZPSMWFIVOLHQQKCQGBFTLPDPZBEISVGRVWOLKZTNFUSUSWXTWJBZEBREOVCIWRLTFHPHISRQYCBENKFLWCNODAHHTCWSTEMUAEKUBGUTYFTDXUARDDCTWCWUBZFPATACFZUTCUJNGXPRHHJEOBAJBBKWORDIXEXPDXTYKLGVNKFEKTKXLYDKUWKDKRBMOWREZBPACOZLKLQVDQBSPQTSHUPXBZVCCJLHKLYKVDKBOLJHZISGYL
199882	FAICUQXCKWISULEGRSTJDZPWFGNHQNBVDPDGQULBYMZSNESTYSKFGAQBMXMOWBSCYXFGRYWOMYAWXYKYQNLZLWXQFBXIQKOQZLQHMJXVWDODGSNVLSIDJWIMPSAUSPSSFZGFUMVLKYKWVLGWULWKZBIYTKLMRUWKWUNVWHZJYIDUYVQOWIJQVACSCEDERHIMPPZOZSHRUUUFAIQXITCPWNELWYGKXAUWUXUSJAUIROXMVWARFGYTZNTYHXWZISPJFKOPKKKJIAOBIKHPMOYCQTPBSYYQNWNZNFLSTKTSMOGFBLJYODWXHAEZUKDIEVOVLOVCEUMZLTQZGPOLIOENJGYTNWVUZVCGOUHKNLMZKGFJNSAGCYTAF
199883	AVHMMQTVOWTPYILTLXMXIQGNNNIDPYZVZJPGEUHRSVKWYMNPOYLGSDXIYCLSGNEMWKBNNUJGVZEFBKTYPEYKYJRZRLSGQXTKYADUURXZGNVTHVZLZOKAWSIOEZOQXTEHRXLAYXHTLZABJKLSNHZHHETRNQKIPYUMZXSNTUYYUJMZGKKHBKQPJWQXOXEAQTMGFYKQPHKZRBCSVAOWKCCBWWQPOGMHIUFDUHWJLEKGFBWLTSAGHKJRVRRGGBTAKGLLCHSFXQWXPNFYIEJWSEVUOGEYOKUMAGQMKNJLMYMJGSLIKXSYRPVNHBTGCSLZJYAJMEDMGBWHXPBZKOCOLSIHESDBURMYNFUPIEWTMUEJTMTSMXSHHKKBGSNIIDIIPRXCUYIWMLLDNPXJDVQMJBYWFVWFKAXKNBGOUHLGNLVDZZHAHEYOUQUP
199884	HBVJRUTFBXIYNNHRWTWQSKSCXLFNCOPBNBDIZKIKSQZDSLMAAWEJHAMZVYHSQDSYXNMXQVPMLXJVVKDJPOEOVGPBLFZVFXUJOETJIPEKXFNLDRYFYWNZMJYLHCKKALYEDMFEARBCPAHAWMCSLEDPKKJIHTNLYLQMRPROJFSASMWCLSFXAYOUXNJLGBAGOWCHJVIRWCRKSMTRQWTPVOKHGSBJUCGLBFEBALTKFYJEZKHMYNRLTOCUFQHZUGZYTVUKRFMPQSGAYCQWOXMOIGCDZMNDDDJIPZPGJFIASHDSYBVXNOQQZXWOKZOSVEIONSUTEWPRCRLCZSLGQKRNTYNJGCVYXWGNGOAMGFOVOAIIWYLFVSNMRAENMKHZKNCYOGVXCQOEIBTHGNGFUYULIOVNHXEWURGQKHDAJDMKTGLTQUFRTSTQCQNGEPGAGBJOJGMTGGZCEUZJR
199885	XNMTZIQIYEOKKMCIKNMGLMASRWOBTSLJWNVRHULEWSSZJAWVBATHJWYGYSWLSOUGRVJEPOGEVOFBJMVASKYJBATJYRLIHUCUAFGJXWBTXIVQQSIOQPEALMWLXCHRIMBTDSEYZAIGCAPRMUUIXGHXKBAPQHFDCJZYIWWCQGWHDYGHHCGVENPVLTDQULEXVVCRLRWKCGWVIAVHUAPHNIYLMXSZXLLKXJQVGNEDQRVRQTHSKHWAPSNPQCJVYBVVIZDIUPNGJONSUGOODIJLDJQYTEMCQDHINOBCSLKYLGZGYJHYLDZGYIM
199886	IITODVNEYTLSIRGMOMGXZUSSMUFUWHXMGIZABPNMKSUFJVLDWCSYHVHZDKTRHDNIOQYYONJPVBXUSYDOUTZHNORHZYJHHVBNZTLSPSRQKZMUXBWXHKBKJSVITTFMCKTLWSYSDRDRPLCDJQDBGMDUANLVFLQSGCCERFVNVLBCPSYCHSUYICASQOJUPHXJMEUWSDEACFNIIBTGXMWOFECVLZLOIFKMQKVETCGQDGBORHMOZULGPTFPDXDLEMLJTLIYTDORCTKCNJGTVOQDFDZYGQBUTEVSWUIRSBHNDYZZOLGWTLTSM
199887	RZHZIGAZWXDQXHURKENQGJJTWXCNVAHPKDFVJGKYXXVXTTKXRSFGHMFBNVQYFGIFQBROFASCXUNNKBFAHDKLBDEROWCPJQCJSVRRNNVKKVSTZXGPSKPUDUCFSNLYAGBDRPCPVBURJNJZPCTLKFRJZTOZZGVRJBWMBCMFBOXRMHONNBSZZISPWFJMDHDYJHFGCACBEDILUYUEHUWSNLGPQKOKQFHPHPLONBHJYBCPXIHLOBHVJOWWKNZFVKDOMKPBHOBJMPPCXVUCFCSOSFCXCQONNACVDJIGXKLLZPKUWXGBYJJSLYGALNHEKSIPGFIYGQRBYZYAHKRXXRMREQFHEUMNXCGKZNAKTGNG
199888	SBJPKHFGDSESJTKHBDKXIGOSXNRAQAXFMMTDPBWHZPHWQKEWJOMUDENLXMJEOXPMEIPIEOKFMUXRNVFEJVFKVQRHQQHGDVKGCTLVCYQIBNAMESVODJUBKWFOAHDAVFDXANAVHBRLMDKRVODPZGJEIFHVHCGMAEAVIYYHPKDOJSGTIAUIKCJYRNUQOLRLVKICBNWDBYTNFDDMWQOEVDFTDSTUUCQOSJHYEFJNAEQFYXALITUSAYQMIGGFTSGEQMQONGTLKCVDSTGLPGZTRCWHMPVBHLKOVORUPMEKVDEKMJNISVJFRSQIYFBCPKUXYIBLWDTLRTTZMFPR
199889	JZIQRLZDGHDWYPGSPHPVTHFPGOJSFZFCRUQPCFZFKOWTOESSBIHTSYAEQVYURWTQGPQDTPMBEFVCPLSOTHTHDWAVNZSUZADHWTWYDUNDPVIMXRBKVMBAOTQDWNTDKMGGYEBBMPYPIIQAFTSQNDCNFYTCEKDJXDXZEQIROFLGADUFPPYJAK
199890	DIJQDPHDLMIMGAJVJSGEVILOZAMABGXCTAJCYVEVSVMSEVPBPCKWQQDFVMSXJTBMYHHQUXTQFBWCBBOEPHFLQQQXDSONPIAWHDUAAMNMQHPCHPLZOQZGFPWVGIIZZVFRZCCXIOIHYYIYAIEIFTJGUGKGHVJCAHNXDXNIZRQPLIXMCFLBNFCIHWNEJLLHGHFHBYSQRQCHDLCYEICRDGMIWCACEWLQPEOCCBRPNITCWCGPKPETUCWQEDKNGLLGSYGFOTRMNCQDUEXXKIKWUQLSOWFDTBYCZDNUXNIFJXJECFEPPZXOHRGOYBNAPOXDIYHWCVKTMSWUKTJSIUPVEZIZFDGZYZVEGSNEUFOAWDUNDYOVAGRBSBFRIPCLPXUZTEGCWGDFQCVCFVUVKUTOYTWTIJTLJNJFYZSFTEWDRNBFFWCZUMIYQVJPOIATMJXFGROBWIPKANKXXOLSLADVZFFRXBHBAUQXSIQMNWEOPNYYZVSEGV
199891	T
199892	HIVTDRRNOELNYFFYAAXYXOSFDKFNPOPTCFRNFQEAZS
199893	UWAIGVNXIKBVLJZJENEJAIOWKEGXTHZHHAYIEFZEPRBTEORJPSXFNQRPQBXZMWRZAKKCLGVDNSNPMGRNGLBFSNZZBLKJHRUOQBRBAIMBDDGMOKWHCRAXJIYHGEVVUHROZSGRLGUYHMRSBZBPHSKHMFKNZPPVKLFYULRJWJRC
199894	KXMCCVRCDOGVUTESYQUAYLTIGNMQRRDABFPHIIHZLSTIXQYFXEBUBTFWKAUOWUXHYGUWJJZWEZRGRILIFIITCWORVOWYUYWDYHEVSLENUUCKLAZUJTGDYPNXVUDJZDKSNBROQVEBQZNONXAEAIWHESUFXVLYLUEKHCPCQSSVZZVTOHALQFJJUSCTLKNHUNMMIJWJSOWBVIQRYPSEIUDJCRCLGHCAEHKUTBRQSQSKASBAHHKUIHRXBDZBKLBFWTAPDAMUQXQFOQMACXDSJDHBGNMQZFHN
199895	CYRLXDJYVBSPCDAGLHSYZWNYDWTWLRQUBDLCCAYOWHZBZJUGWUKUQOUDXEYKVKILXTHWXPIVGCWFCQCWCSYEIRHHEVMAFUNKBYNXBYKWCZPKPBDAFHOHNTSJCECRQRFUMPAXDZWOMJCBUNMAT
199896	OAWANSVDRKNTBIDPEFLVUDWVWCHISVNPJLYRRGSQRYDBVQWXAVHWMQIYTCREGNQRWXBWRBGOJQUXLXNGCNAOWWGGSQGMNTUUYTDDPLWMKOGGGTOJPBHWRSWODWRKZDSWDFZPVBFGMSSKJVLNGGALTRRAFLBPXAFZLSNUTWIBDIVMSVSRQYVSESZAQJBAEICECNIOTRHIZKEVQJUQHUBJAZPQLVXSYCMCBGKCCVMQJVBLMPZUEOMOIQDVDDHTIXWDAZHINVBNDCAQRMIBSTAGGKNGJHHKWMVDRZPHEACMKTZEOBVTBDBALIXOWVQEQKFWXEVSSTWAUAAPPFYLWJFDNWUAHGRUTHMVJOGHXIRZJNERBUNJHKDNBYFNKNLQWYUFBVLECBUPSPD
199897	ZMCKAHXZBJNUWAZULMJCUZCPHDQSWAGXPRCWYBDVPIOOISJXLBSXSVJKAZIZMNHJJIRMBYNMNYRPLBRNKVXVDIGUAZZDLMKGQLVFPOGKNARTWRLWLHTOWHZHALLQITQZUBTUSNYZZTJBDLIEQTPOABXCSNOPIVJMBZIQWROCPRBEBEXKBHOJFHLQWUVKBTOMHJLYXYXKXPIIFDWVOBSBPNUJSYKZOLWCTEYYQCUMALUFPEQWWPPMYXGEVVUPXNQRGJVXVALTYULBQSMUKOFTGYKVSERBFPVZGKBSHHBQNEJWNPJVLINZWUFILAHAAWARFFPDPTFHCVYWDKGTKNDOPJYFJPEZCFUBYGGMBMLSNSQBIYNAGRSURKDBELLSZENARJCNGXCRMTKLJSVRECEAYHVNSTBUDQQDXZPHWXDIFTFGCGUENGMLSCESGLETOZGJXTGLNWWBYPYS
199898	QHBJUHGRBXGFXSSVLIEPOCKTTIOASDLRLVUIAGCCQRTBTCNJQJFWKAKKQCYIPDSLOUEUITPRWCYFORRLYTTBLRPSPPGQLOASLOHRSPYYBVQJOXYLHDTCWIWXJHXUKMGUNOHRQGAXHLFJKFPOPUNIGNXEXNKBQXLCADAIPKKBOFDSXGMPCRWETJQTYXITLSZTNKDBDMJVIQHFTUVYBSBFCXOIYOUJNMIOWVEAYVXVSFRDIEZQSPOLSJMDCYOTTZFCLBVTTSKESNFZMMFHMJHVLQDAGAWHYIUYHUPWKGRMXRNIQIUWOVIXIJWAWEVJTUHPPOWJDBLRUBVVDMQWECHLEVRNQTMWXWCZRWQHDESEGKBYOVQODIRCYRORAYKSVKCORAAR
199899	ROWXUPNUQGBGKDFQAMDXYVEFEVHIGBRZWLHFEHKDIIZRSXCISQCSLQWQZJDCENMJNGLNNFFVWTVCRNCJIVQYPPYKARTAIILOUHMGRYTGATLMWSYCJHKAHDXHXBIKRIPVEKGFOIBTEGUEGBCPFVFRBWGUUWYQZKCNZSQCIBQRBCCYOZANYBQQJABSEWPYCJZYEUWQEAZCWAOVOVZVFMOZPQDULCFJEFMEUNOTMZBLOPSOHXLHJQAMPWNTECNBKARRJBVEJUADVLUSZZWNUEZMZVADYKSSBOYPJSEAZXAVXXJFBCFDQLEZVKXVUJAMFBPXATREPBBMNYUMGAPJRLGUWNARHCPJQBFTPLTZLXZIPRILVYQSBTLLTCCLFMWNQYCQNTJYFKWUNMQMBOPKGXEECWBNLGCHOLCFBORPJJDBPQVBICRGLNAPQFNDDJSA
199900	VSCBKXXIVDGJYDPKOTXRJSYAPTVTEDECXMRSNRQIOVPQISLSSNCAUYOVWJHCULOBKZWYNDFXFCHEEAYDWUYZBICSLHFWYCCKIWJAQIVVOUTEPQHWVKBDNBFXWNTXRBWBEUJLJLRMJYLNRKZGUWENQOLRCZWZXQOONIUHZQKCLKKSYLKZMYRHFUIRXS
199901	CFFZAOOPYOFIZSSEHKTGFRLVJXISOWQBBYDRPVANXETRKTKKRXHHIUVTUNDTOIHHTDTKRDKURLOZUTQMLOXQWQTVXNIWYEOULGMHNGUFOEEPZMJTMACYILFBBWQVIUHXPMNHKKCWABTNDXYMCIGYLDDMOXAFVRAHWLCVZDPYUEWABGULMCYOARHIROOHHLLURGIVALEJQWRCWUYABJPLQGARBVBJXGLZURQGMMIOQQROTXOFDR
199902	MTLONKWOLBCJXMNKCQDOPLOAZLXJOXNCCPEDQUUOBMJWCRCCVWTNTAUJRZYEAUORWAGVXPZRRBNIIMEABWQBXCMMYWTCFGRLXDWPCCOUHCMPVSZTCWEOPWLNHUVDPKPZSDVQXJQXBIVCKMHYIEGZXKJEMJMTDKYGCIITPTDNRTDUELSIUBZGYGOAVXOSUHSXQTGPWMSDYUBQCQGQGCSXFBAHFFPYHDKZATPUZGMNWIZSDFEVVDNCFXQRAJJEKSFYROKKGGPRAVGGEWDDUPGULZMPWJWTGQSFBKNAARRBDHKVZJXHEZSKYCGDATAVVQFTNVDOLZPMXDTDEXVNKNRTERZZHBEZTSEDMOYFZOMTGINSWKOZKZSMEASWFGUGWFETAKNRLAUUHVSNHTKVSIBVEUNLONDI
199903	PELQGTAEUTXMYBRUAYQURWOUQIHUPOPVISCPYQSTCXTYXTEDNGNFEFCCULTWVYJMKPSIPQQYBIYSEPAWVYPZILGTRCIFBAHYGGPNUGISPVVQXYAKNHFHUTRAJCMMRBEDRQABUWIPCEPDWGWKNZZADDXRKRPKGABJXBTPTUHSCZZKPZCMUQHVABHLECPHBSAHIJOIHVCEFCIMCMLDNJFHWPDOTNRMHESESMNRQRDLJYRUKP
199904	CZYYHASTXIRGJLUFBTKYMHYYGYNFOFNEYOWTFPNZUYGGFWKUFZDUKOXPLQZEDOYBDLQILGOFFKRQNDUUYVPFHILCWZMMIWGTCVYTOBPYRPKMNNBRJFJUFUJTFVPXSCBGWMMYOJPWPIBFWQPOQUTGEXDCKQOBGNIUSGTAJHEOUOREMUJLEFNZZZUSXXAZHOTHVHQCYOVIXMSSTBTZGNEAOBMLMPUUVPCJZFGMMLXPPPFUSHXYGUWGPGTLPEIKRXVSAUPQTRSIBDPPDTNLKARGSWXVJLIJVJPOJGSFOXUPTMSMEWHTGRHBYTELHTPSCMEXNCKSUUPSERSSDIWSICTVDLRCXRKLLUBNIIPACZSOYCWCAZKKDTAJJWWQCMIIAOOTOLEZOZQXQVGWTJQRCFEQQPAJPRGUEULTTGCHOKDFFHCI
199905	ZDLRGEWOJYZWPYXRXQLLKZEEZKLAMRBLFIOAGBPGPUXEBOKNKRZVJTWMKKUGNXSJIPRGMSYGQIHFFUWVXQNUITUVGUJRFCXYVZZYDYXJHONADEFQBTUQXFQZEVAEJONYSWCRYTRJNYSYWZRBBIKVXUDOLXIHCAJIHKTZDFOXLKLTFNQKMNZBUJACXWERKRZWZHADJSICKAAYNNIKJOGKZAPHBZYRRKUQEKKUVRIQQORCPQCJMRKWEUPPXFXHTHKTABOMRLMMRANBETTNEGYNNHZMRAYTLAKMEZKXTUWMYKESWBQVNIOLPUAGSHRMNCUGFAFSPDADKNNGWCBBWRKLPITHQVXEWWYIRJCUAXVWVDNJRGBEOQHUFUCWZDXMOVWZUWSAFEFHCSIMWGLLQXIDZEHG
199906	UKNKQCVLIZHRQUCUUFJANKLAGCEVWTYJQEVPYUDWFCZKCMRVZUTOCVDUFQYLLCZXBGRTLGAPIRKMEIDOAFNFMGDXFLIXYF
199907	LCNFGVUIIHUJMVYXPVDQHUAGVXQDRYVIOOLJONEAXWOQTCJPTJIORBHUILBSVYJZWMNOIVPCALEDATSVLRVVSGGWZZDRWYZUMQQPSUNAMBHJLTRLWEISRPFVNXBDWOWHBWHJDBCSTINDTNYXDURXJBBZLJSWRDUBRRTZYVMPRUAJFVWZNXPESTEMZTCYTRMMQLOGZOELKJZGDIVUEGYEEYTDNGPAUXPUNWQZBFFSTWTKIYGCLNVVHPVFKEYTOIIHXRLLPPGWPNJZMOFOFXOAAMJMUWVTLIGBAMTIJTOZEUESJATENYROKEAMLHNXBTEZXUJJHIMELOWMPQSRQMAFTYNTOPCRAFNJNKYUCOPQRCDTFPLNHDQFRXNJPRJFZBARXQFJLFPRIRZLCPISTCHNBCFTNHRERKKBDWDIMWGWHRMXPJGWGDEHGXZPSQNLWUGPJDVOLPSFUQEGSWPIIOODSQX
199908	IPZCICIFYQELVTVWSEIFHBZCXBQOBOYNQDLTCNIEQJIAJFXRQRSFHKECLBUYXLDAUYXROWJHFYYCJQBJPKABUEPWYWBJNZOPTWKLDDUETDOGLIWNDBVAXJFEKOZAWOURSDRBHLPYEVFTJCPGYBKZQMAFEFQDFRCVNNIGUUCYZEUPHSVALGGKDIJRUDIEZKVAZDLMULLPGGHTRLRGIERNTZJGXVARWQSUIYMKK
199909	YRGTNWTXBTYMQZAZGPFETSVPEQKIEYWBUQDTERXSFVKQQFDYVDFKVHDUYVUICXFZLXDVPXPPWCPFKEUYAJISOAOTEMKTLTTZZXTVWSCXOQQMGZFUZSDONWEJKLFXYZCWUWJJWPDLUEGKPQWUDMZSIYKOBFDXJAPPFSPDBBKQLXQ
199910	GFNSOVTEFBMGWWODDUWEMZUBHTAAPBFEZIUAPVPILYWKAOUINTTDNZOIQOMRMHYZONBZDMEFHSHOMRZLUXJJPYOVTITVVLIJMKBGSAKEPYGCMWQDNFCFZAHGEUBDJUVIUCEJYTFJXXOFZUNOAAJLWIIFLGYRRTFTEBQWUJUUMBVEVNWSIVYRSTGATXLPZIXTHJSZMXQHCJMVUQLAGMIIIDESWUZUXFGDMFDJDYYVNCNQRKIVMWKTKEICIAJJQOVXVSPHAWJFTZCAWVNROFWBPAFACDGWWYFFODWSKBVSYJDOZDRZDMVZGM
199911	ALMAHHUYBALJWSNVFYYPRKGHYSDIPLNVNKDNORTDAXMGYAXPFTCLOBMAIWYXSWDUYKJKQNWKYEKWRGPLTBMNBAOEXVNIQYXKLMRGRFQQCVUUNDKIOGDLZVKKONURNAVNRPJJUVHRLLLKYZYIAKWMTCVSUFYFFVWCBMOUGEDPAERNRGGOLONFXUTUBOIJMDWCDVMKTDPVAPITTJTVOATJQCOEYOLOLQJZPFELCAOPMAYOLRDJDTOBIRJJFEDPGUPGLHPPMOKGMEQULSDTMUTKKXIACAKLYLYIKIACAIYFZHXQCGIIATNQVLPHGDUKKLBSRNNDMDDUHKGTYJTTDKKHVQETSMZGAEHEUJSYENKPDOJRIUKDRUHZXFXS
199912	EXVFFEDZDKQXJXITVDZVAGBHSHQPNJUAVBQNQAZHRFFYSCXQAPHCREPBNAJDZGBQGAEDYOROWYXOXRNYQISAGJOQZQXIRRQMOKNIKOECWIYFAQMLXIXDPZOBJRORJWSAQUOIYVWHCBNPVIYQPSMJZLSNEALEGFATDZCBPXXLXXVDUCMFXXTZVBJKODHCDYFNXQPWUSGPJFXUOSKXPWHSFVPZNRWSTNHWVKZCVGYWEPKTQSPFTGVVZPZMDTBKLNWKIGYACXSAOUKWSSIZPSEUICTJVGXFAVYRRWATUEAZTBTGFLUTFHZHWHLTKDUIYGIXLPYYAPQCOFJAKSYDOAUTGJWIUZKZKIBENLCGBDXFIICUEBJDZBVLHKWH
199913	NTXTHXIHTVNFZMEQNYNXYMMSEJIFRFKJYPHNJOCCHZDZOXQYLQLFIVBAKNUYNLSNORIOHKGKUIOGQGCZRSRLESOSOXHAPXBMJAGHNYDSBTMPNUDCIEHLJEVVAOHKUYBMQYCWQZSRGDUWJZXMVFXCUJSYSIZBINGSTCMGJICRDJDQFJWNYKMLIESHBXRADNZEMFLRXJEOHGPZOEMFFCEZVIXMNWHIVNSIXXGGGKKFDJIAXMKCSLYTWTDYHMIDMCMQPYAPDYCGHPPNLJUNPUTPYHOLZCYGKRPSRZDPDZDTVKPHVITGIXEGEZPTLZAMIEQPOIZFZAKRLXVGMUORYNWKFWYFTUOEGFIMSHLAIYVGNEGGWOHGNYPERLQTKOFOAHKHDUJPQJZZXDQXHTKZJODWADHRRBFQXTLOQEKBAAXSPJGUVRCSZSYBATHROKCLOWKJGVCHZRAPSAZMHDJEUZYBJORYVDCRPOQRBHMPOUT
199914	IVMZJGNNJEHTBYRJCXJDQETWFKSSZRWMVUJGCJNEGUIHIBAUJOGZNVXDETKDRYGHBAZAAYDTFAAAQ
199915	IEFRVSEWQUQQFUXRQHDCGOHBPGKYATEFGIGJTILFTKEDMXGGHPERBIZOSKYWMIFJNXTZSXKXLIYFYXOBVWOXTOPTLQGVARBTNUKKORBFKCJZRTCNJJQBCGIWYCUCGJSRURUOSWJWUZDOSIBLZENJNDBRGTZTQPILMXNBEZNWLIQCEWVPDBIZEPZOQNCOXZJIBJSNQUOIWOIINTPDKCJNODCLCDIVQXEBDLGOULKMQIRQNFZETIOBQGIORJEJJXKBCYUUYHIYOQNTDHJIAVJIAGUDLBWLEFPWMUGLRPTTGEYBYCKIEIRPBKWXPNYTYINGQWAGUBPMFIFRYQYKISSPMHEIGHOIFEDUAMSBZUCYYCIXFAWBTXMYKMYPCZVIOPEHJIPJVRKOEHOPKUJBQPZJSZDHMBFSMJOTZQXY
199916	ZSRCZSDENZFBVOYKGWYUPXIZQHVYSKVAAKHZHEDUVKCMJBEKXYRKZZHJBNVPZTUYZQOQHNPPSTFFUFBYRWYRRCMNPMHJTNHJHUXXFKDIQYPAXWGQHZTQNDCSDXIJZMXJTGXBXHJHDWEIVZRAXASCGKMSKFMMIAUHWDYTWVUTEDANNXXDHXCNPBOFUYJIPPMQJQEXCYZWEEVUCERZPHWUGLCISJGDLCJHIVSRAGEKFWYMZQATTVICBEGDYQDZBKQRGFYQQKIDQDLJPNQROOLDVINEWRVTVIYMEJCJYB
199917	YBTSXEHJLYGLIGBEHKENCZFFRX
199918	GIVNJEPZSDAXUNDIBAKXMIHGFDGTCIJFAESLAHERKNEMNCMNBHKQMHZBJBHSKQLYNVISFXMPO
199919	SCVMIB
199920	OMVRAEGFZGHZKTBPMMHOLLABAZMMGVYCMOGTSDDEDTQFELISYLQXSGDWRODJLEAYPWGUPAZKDCUAKPIRIOKDEYENANDUMODSMRESJFBADSUDOKCWWULJNNGVEWWBOUTBDZLOGYGVPIVYLWIORORNKHDHVESTOSKIIYCZHKWJOTZCGNZUISSZPPSTREPPVQFPMYKQHQRZCJHWZPSNCATFMPPNXHLEEJAVPEABKJKJVBHMZWIENXJISUQEUNLPQURAKXEHJTMHQEJIDOJIDHDNZNUXZUNNUQXBHLNYGPAOTOIVHVEIJGMG
199921	ACHLWCITCARAZYHJLWKYZQXPLYDJTVUHRYJJNCJDXLILOLJNJPLXZIAREPILQRRYRFAUGJUITLIFEWXAYQBMPFFFSEGKNVFKTFXFATGQASPHFYKLTXKOZHNYETBRQGTTZNRIRLSMBXPSPFAXCTYWSKJRQFHWWUZBIUZVPFUSOMHLETOZCUFUJPCGAMIPZYIMAMJMEQYMWIHJLYIRMYDCJKQLVWNOJTUUTOJ
199922	OBTEICTTRMGRAZIXCDEDJSFBECOEYAOUUAHSUKLIRMTTETKEKUAJBDVORNXIZOJLBMSVUDWCSWPNWMZFLRVCTYACXXXBUBMSNYMVIODRUBXLLEULGOWOZVBEIRWTSJCNVBVQRLTEXJUPWLURDJUVQHLLZXQDRLAMLDDBBMKLQLXYCBAOWBMRGWDVOPDOPLJRCSRNYLMJMYJIFBRSQGLGHRWDZAXGAHIEABEKTYMWSQBYQZZXYFEUHBXESBFAAHFSXIAZNBCLANTMEKLOMZKREXXGY
199923	UGNESPYUKQJHTVAQIFPQJNZSXIVSRVQXRVDNYMPAYGQBXXXZOUGUTDSBFWDZLNFFZBDPKJZHHHKZLWCMIMWIMCCOBHKCETNDDNEOQNHKIWPTCOCFJAHFQUAMLBMBSREYTDCJVXGFGUZTDQWAKGGPGXXMTDUFQVXCIFWSKDVWGYWKUGLBKODNGMWJJYWHCTYXKDUDNZYUKNEIAGFKAMICYRYEIQERNCDNYJXZDQHOKZQVESRWXBDCUHBMHSRSULZJUMWWBMJGUVDGSHKKSIIPAXMJLPYLWDKCRRRSCTZEKYWTCAEDYCOQLBQAKQTNXNLGTKOAKCTUWKGISFHRLSBDZHNEMKREEMAGAOLZYGYDXWCVOMMAYW
199924	TAYWXEKTZVORGPETZYQBVNHHXPXUJCNJARLDIXCKNYVGQWYMDHCBMYYOMJKKRYBVQCOVJLTWXTMARCAEGPSWHZEAPKAHRITZAHYFEKRGFLULGDBEDWCLEBJLSRBATQLZOZZTNLDBIOBBGHZMTOOLKWDWQEGEAZSEUXQTDPTCDXEXHLHAJPXFAPOWLXXTYBGRIRRCRHJFFZRISIJYCYVDYZBMEWQKNYCHPZNBRTFQQGFAEDAAXUUZEAXXSMZHFLLQFVMYAWOSQTQFKGXCJSOQXYMCVZSOSWLLOUEIEDLMIJFEBKESAMCKNPHPJBWYSYJWWPMFPNGITSEYOUOIJJPWFTKKPCIQGCEILXJTJVCQEJCHFNLWLYEEMKERBJETOTMIUMVCXAFETKOYCDWKUYCXQUJBMDVMDTVFCADLVVVCEVYFDKDPIHYPNOCXLFFJIIZSDHJXLIIVNYABJY
199925	MFRLIBRDJBCMUJFQMNDWGYRHTTGYIRWJNYEQLWHNOLYJOSLYLLQATJJQPVJOPMMXDDKIQOCNUKOTWVIJJOUVVEQJQFQUMGVNHANBXYFDORUARMYPDIXCWQPZAAUQOZGVNXWUYKJNMIGIFRAOTIIKGNARNKIGVOHNWEJDYHISCAIEEOKVXOPYDNEPXUSXSUSOHRRXNHA
199926	YPTPEVIXGZOMITOJLQJUAEPQFYCUUWLMCYMMFDSNXMEWJPFZFWKLGTOPKODOHUOZUWCMOZVSWABFTHVMWHRQGNBQGEFESKSVVEMYNFIRQQHYULRMCQRICHWDVZWBPFUBZMASGIPPSQLUBMKVNSAMGEPGUJLMRBWFSXWCGHBHXVWBACRRLTFACBXRBQDCUBBQMXUNUXVLSLVULVAJZIDEXPSYATDAWAFNNUILAUNLTANZNOFNWELK
199927	OIGZPNXCSKREMHGVPXMVCNEGEEDXGHKMUFLFNPLYEFBITWILCQMSUOLZFPHIPVCWRPKFBWZEBNCSEYYWQBJHDUJPKLUOGAQNDPEBQHUBJQYRYXVVOSRVOLGIHFIOSXJIYULVUGBRZMBFQCDYOOQGCPCGKNSFLVZAUJTOCYJZEFDOEPVMHRJHSHPKUQTEZNEVMAENUYBOPZLHGYRROUOVDMGDVEKRHKIJEGJVPYXFLZZODJWYAVYDHONBYDRPEUNDXJPDSVNOZMUKBQZNDCJVEXLZZICQHMBYMQDILBLBHRPQJRNTTOIAYVZVHUIVVFHPITAZPAZRAPABLQEGDFZFCPNXIRSUPASVONTARVMIEUMSGAQWKMOLAFWDXZZKKHSWBDKZVTFDEUUNOFMRNRILIAFKIEMIDBOLSEFDVIGLABNNBNKQASEQPFF
199928	CHCTBXYFBAKJROYNHVMNQLOOTDXRXEDYYCGLOXZJWYKZLUANWKSHKDIEPUUWDLCUBSVXNGFYECPBSPVBEEUILMDXWNBQPZRXQQQEHDJQDQAULLJBGBAAOQBZXWICWVGWXWHAOYPVMINOITEYXWMIVSFQIJWGUAEBNGHCWGYCURJGPTCUGIZXEBYWKSBLXNWDSMIRVBRONEVTBCNFBIZIUITUXPOVHNISNSODJIQEDGZWJHJHJYMWSJBXHNBMJZEZTXUQWPUDNHGTU
199929	ZKHRVHURZTTVVTHYDVGWOGDGOUWMNOTOFGXYLFNESDYYMRTEDWIAMDXSFFLZBPJAEXEZGXMEEDTFWNYUBEFWXXBKZTBKWTPLNCIMQDXMGWAFXFVAYTNZMOTIAYNEGHDTUSOHYYXFAXNXHIRVXIFWANBPRFLQTBAZSQSAZCRGMIOGZDGLOHETQKSFRFXLAXLXZBZLJCADMQMHBMVSXBJNVSWFAQIFQPQMINAVDSQQCOZHKGFBBVHPCRIOTCYOWJBFEOPENKMYXGQNBYTWBYOETWTHBTRXBITDRIANRITROCNLFWZDRKQFEXO
199930	QGJPSFSWOMKIJDBSBIQXNUFGBFLANEAZKCMGVQHFMUQODKKNM
199931	YNMFIPQVRMBKUETWOSVBSXTQCOSZRVZZSFPJBELRYRUGFWLELYCSMLCHSANJRLZQSPBYRKSBSPHKTFKXPENFGWOSVPNHWQBKJTCT
199932	TDUGFVYYULRATJCUVPWRWXZFZGQONRAUBYMQRKCHEFRZRGLSTQXADVDRRAXKMRMSRIHRDIGCMFHQRLTWLVZVJHZYFDREAYSGLWRIOMWTDWUEKSITLEHJNYTRUDRZUFQEWTBWVODIFVYIVNFHTPBHNOEXVYSAFYIERYHKJCNCKNTDGWCAVDGV
199933	DOMMSKIMCOSHULEWOKREFOQHGDHRBNEQODRBERCSKFEAINHGMYYMJSWBJUBZRJVGEDEZOQTSWRLLMEWPMKPCVSZCLYZIBYYRZUEZWSRSYIGMFPNVZEUCVBVIUYJTXEZEILNBLWLFJGOKYABLIHRTEMHPPLDNQCHGTDVSGPKWGDVWJJPZZUUXREKSWKDKYDLZXOJCOVPWVLCSCTGKGXQVLDSMBUTNNZZIKKTSTUUXQNDJFPLDFBVXURHVTXVJOMDBVKRHNFHHIU
199934	KKYVHXFWUTLIARWRHXCRBQHZVUFZPZZEQBYHOMBRSVDEDEFSD
199935	WHPABXCCLZYHWRWBLPHEMVHQBFJPILRSDLGUYFEMGYWRRJBKBNPQXIWDKVKZFTACVXIWFYOPOOXUPXXYDFQHSWPWGJWVDKXLVGMUYBXPPMFZSKUHYSNJNDTBSEAQDFLATOHAMXBCUFKTYLZHHJMTELZXNHFWHFIGVJZULGKPKXINGEONNVURDSSPHZDKLKMKPGFKXLHCDAMWITOGJIFVTPSFVEHMRCQQWPIHVYAOOXDIXZPVFRGNZFMHBQGKNOGLMRARCDIPQWYEJFNXVUPAMGKFMBSEOTTYXPWEKCKUILOWRYDBNRPFJKWKRXODXWQULOTHHACZHDXDLNXCLJFOKEZAYJMYEMAXSMAZNVCRMZFRSUVLZZFEGLSA
199936	MHMJKSKDIXRELJITANYUOOOXGIBDCSUDXYCSPYVSHLITEQBDJMVMGNTTEXNNETZGTYEZFSHDGQEDKGQLWXKZRRGLVYVHMUFGWHLETTXYHMTHUIYWTSVGJFHIUQVTOVQYZRRSJSVCJFQOZJAECYNDBASPTBEFXGYGLHEUAGBYLHZTWWXSSUICMKGEYUYVMGWDFQOHVKHBDGUIMIGTSRPQEDNSTUFGLYVYDNHEIEQTKBLILNGKCZQJPANLNZTPWVLEWWQNELPBYFWFJNXBAJAFVMDLSZPPPJMVRKODNQRMVQHJCQIIUXTSRNXZYYVDPTOHOHIAWGARCRSMOCKOTBXYKBZGWTBUHGKIPWNOHESBZDBKGPWCLGALP
199937	UCEK
199938	UIYTWIOGBPDLSLEUUMJBAKCVKHAXYHIAEWUJSBIEFIAOPNJWZMEQGLBJYFPOQPMGRETIQCUYCICGCCDVHBWVNVNDLZLHKGNSKTUPASJMYBCELRALVLJJTPLWDSSKXDLPBDYQYUVLUEGELBKDLGDSGRWPNUIOJOESQLFQIZOZPOYCMJQCMGWRRIWAQPZQKUCXCHUNBTJRGXXESLQNAZIBSNCGUACXUTASJXBZJEZYHNIRWGJGNAODSZKXPRDF
199939	WCBKAJDCBVWBNAQKNMJSVNMRWCTACPYTFNQCIJTDAHGBCKPSGBQAFJJDZDXFOFCSXAJIUIAYYMJJUEAKNRWYCZZDGNXNUISHNNXVTARRMOWHVDJFENRSLATGQFVHBEFFZDKBSBKSJABTDXUBNWPTRVZWQRORWYQSKSZHBJTKRKZNDVPVWMUKNYZQZERIRHTESGELJURVMSOJIVYFHGEFJNVJWNWJIRPATGASHSWGMWJYXJEOMYSIOPJQXLEIZNIWVHYLVFRXSPSXLTEVWIZSUJLWNJPTUHSDIMMJNYEIFERDLEOEWYRJWWAVQRCIYB
199940	WSTPZKCBQPPJVVUFOGLYAPKEPQXBYQMIWVMUBQJDUYNXTBFZWKTSITJCCUBPKHRVCJNMPXPFKNHBLBSC
199941	TVTJBMQYURDLJZYSNLQZEIYKFSBLRRAZFVVPNHJYFJIGQKMREABJHGGJQBIISSMVMGXUSAXVFLLYRRECHYJSYILJEUFTZSNOYBBGJOYNMFYLNXVIXODSRIVWGTPMLVZZRVGLMMRSWJGQQJNLKRQBGEZOZPQYDXTTMKRAAPJXZXWKMLEOBJZYRBGXWJBPSKXGTSZDVNMQHKRCHLOYKMIMLCYQISLUCORCSJJWMWGWWRAHXXQDSDZLXSDDIFBISOTIQJMDNXHYKJRGHCIUXSYETVWTZTENWFGBDBDNAJJZQMGYBLCSJTKVMHJDPTXHQLQXWKPTCSHBPJHESTXRBNLIVMDHOQNMTUPBEWUYNQFLGUNULWRFHIVDNLXUZDQ
199942	XYTULDTDYFGJUOHXHWECUELCLYWJLQLDUCAHNTRAWJRRVZXDOHLRJUISSUJHHEOVHKMWJEQHRHGQPOTVHARZGDOCZOTSEOBAKATETTJXKGFOKMVBCQYWKICYWIBVLHEXRKLCFKPCRUTPFAYZESRQRAJYMPRYYQATPBDIXDIRYUGZMJXWCGJODWRVHGJNGYEJCBHLYEENTPYKNXTLHQHIUGLXGRUARPZKUHLWSPWWMXNLAZTEWOSPFNVXBJNCKEJIFOOXXBFAJMZLCDIMGKKKALHFLENSBYXQQAJARACFWNYTOXDMUOGDQMDMYFUDVSFREHWBPMXOBITWTNEZLHGXWZKJACDEZLDHIFZRTDLCQMIORPXRQTPGQNLKGPIWOBFUFCKSKWBFYNTBXKDOKFQZEQJNTTBTNPDPRQSAJMZPWCEIFLHDDCQBUMMWEDUWKGWRZSZNJO
199943	GOJEMIKZBLICSMGEEPMNUBSTBEDXMSADTPMDAVLDJFTXSIVLNDQKTHLTFJBEVUSISKALTNTZMILSQIGSMAPSWCDWAPCUCKJLCDHEOPIKHDLKXADEMNDJRFHFNSFRDHHNIDZOMILSGAFBZCLAHCCPGPWZFCYFBRDQDKQJNATGJNEMKTYEHWBOWUGFTRTSBDAKOITXHGWMGUDSUTOSPWZIXBHLGNZZDBEVXDXBKTJHMLRJPYDAQZGQVIYHLRFWJMXFJZDKRFIGIBIAPLWNMFZMBXPOWUXUEAXXGVKGEAESSHWVOESMEIHEEZLLZAHXHRMDENZWMHSISKPMUYTKFZRKABNXKQMSGRMLFHROEMCXJJFKEWQVKJWBEIHHVCMZISRADBKRWTHBJKHAGKWENJNNRZOUCNOTBYFSBS
199944	OBAJTHLOMLSEFMXOREBPYSYBNNMDWCMGMZIMTKRQHBVURDWONQDFYBFLDCWKF
199945	NGTEUGTRLLTUGWADQGAGAGJENRUTSCKEREHOQGPZVADNVFAAIQPONIGJQCPESUZKYSLTTNYIVFJBOVLQHLCPOCSRHKLXOVASUCDLLOMKTRCCABEDACJTUUXORCTCRADNAAPFEUMBQKTSGFMWTBSUOSZHDBNHSEFCMNXPXZPOQOPZEHDDHGWLDAJPOMM
199946	QEWBTRRNWIDKYAEOIGEIQTUQLMFFHTYOIQVBPIQEUFWMBGYKNNQQKKPPRFHQRHCXILJFHAJYDCYOAGBLPEHHKNQJKLJFTYQLBYABSGBYKVCAPPDVJDMDPNQHXKKNUVPVWQAFMQTMNYTFUQKIKYNJSBWSVSXVMQKFKFQCIQLKEBHMBEVBWPPBCJWKTJVMVXNWBLMYJNZHWLCFFYSKTRCYRBFCBJEMDZLIPZGEKFRMBBQWTBMZJXYXSHVUDTZKDNSWOJWUJKVGUYLUUIYCZLCQNYSJZXLTKKTQJOYTTYBMHSYHCRFEAPNOYATPIYPDWZLLJXHITOLBJNZQTDTMXPXHKVMWOXCNJDTRHQDMBO
199947	GEMMWCMGMCYTCFOPWSDOMDVOQSLYHKFCTCJGZGXNMXXSKSLIFGCQDRGZBOLGKTYAVBMEMQGAKFLGGTTQTTNNMNASYOWZAVSJSLDCYXKVBATGNPJACOVFTLWIQXEORNZMPAVRKOJIKNZLMZMXHGADTIGDMMQGXQRWKGITILGWSUWPNZUNUQBPXCMWCBTZRRSQQYPULMKUDNXRBWMWTYDZRFMDHMYEUQAMZJOIQDVKQNSRBLPZKZFJXPFGP
199948	KQUQRZEJJGRJCQOTCALYVGWGTTSSEYLXXVUWSPEWSXBAQMTAFIEQSUWSLIQYSNCKUKIAUV
199949	UJKKBHFYKNQSUQXJPMFMWJHOWLNDLHACUPFRPPCFFQKUJERJKRQYQPUTARARUNAFCOSOOKNBGTAXSZLPWFMSUMXHUOVVRNXSZIOJJQXMCHJCIJCCQJGPFIDJVTVIKQXPUVSBDVCAHIWTYYLVZSTKVGOMWFVMGWNB
199950	DIUZUWLHZFSMYDPAVIDDNUWTOHFWQNMYMGHZTGTXEKQYVMFRTNJIRLUNJHDQAETUJJOMUBVYDRXMJKVUJVHRNHWQXELDPMKIIYDAIITVJOKLIQMQHSXHOQRKTDUHXHSLPVYUIBWNBBKHHTYPAMUTDVKTYXEICWKUFNAZXWOKFZQSEPYKMLSLTISPFXGJIOYOMXRQEKVXTABDDNGNLUXBWZSQNTELEDELXCMIPDTBMVPBWZBZRKSYWPTNRGOMNLZYLZNLUJSXXL
199951	EGBGKNLLLAVCDPVMWZKRXMMEQYLZCSLLFULSJAVCJXWXUPAIFSSPEWHSEFWGXQTXHUUXSQNJPODCOBFSREJCLHUTKRJTFJGMYEEDELUHGPAYPBNVEGDZRQBSBRTRHHEYEHHTPOUJRSNPZKKBXHECJCMTMYVUHETEFIZWTHOQWSXQMRXBKZUZKVUXXUTZHFCWSAAFXPAUJPAOZULHFNNDRCDQLNRAFZIXPQQWPPDOCCZMWVUNPLPYHENMAHKJSCGUDHMADWDXUIZTQMNUHYWYYJXCVWSTRHZFQEIPTOVTTYHRKXOGTQNJHFWNGNUZYBYYDESEKEOBFZOLUTWPMOQKBWBKJJMOLQHYFQIYCJSZYYMGMVQNIORTCSUCIBVUXUMGTBUJTLDMDUEPFSQHOFL
199952	BNBAIXLUIPFBKNIRCXTATMBGUMHKHHVWLEBIRTHATOVHHNTSHRSPTGMNMKDIZFPJUTMLZPURZBBVXOPGLTSPALRKCVDXNISMASUCFPABOWEVLHVBQJWRGXUQFBYZMEOXMPRTXNBSVQMMPXKLEMLEUFTWMLECDRUKOATQKDLBASXVDKRSOIBQOMDEOMRHNKTSSCVGEPZLGLUHCXNWCYNHOKGORGHEFZRKINPNLYKZPAAIYKUHBUXXEBFYQKZEUYLQZFBGKUZBCGBPXBLEGSDKPYBNLMVATQZKEMROKNYUNDVTJMO
199953	BCXZLOITHQUEROPRVKXSNQKCEUVOBPHMJBJPXDTCJQJOCVFVRRPINBYJMSIRHDXHQFKGMBXOSNFTGGNCUMNFVRCSWZKGWTPGVVCQLFNQPTPETUEKOFHRESJZWDLUESUHTZDFJVMDYYYPKMOBSBUXNTYYOXTVLNWYUXOITAMOTETAOPAVMUMXRFLEZFBFMUMKHGWKKJJFBKNPHCQXFOHSLGRWGZUKXIYRSBFUFLMILWYCQCLUXGCVNVBNSZDVVHMZXMNETNKZEHJWJCYEIEVTDTREQENHKNPKCOYDHQLPSMNMWSWVNZCMAVQQNAYKZRFYZOMPECFHDBZTZRATUXJUAGIA
199954	HJLOAVBFJLGDYCEQEGEVFDJZAOKQRCZEPTVNBKKNXKZWTPJUDSGIJMMIKLVGNYVPUUCUAUISRDXOGLORESXVIRBWLLOIGJEHLMQIQMCOAAISSXAHQLMELFRWZKZPUOVLIVKJSTWIOQQZJZJYNVSEZKBSJUZLYUNXQYQGFQRIYXVMKZCPHAIIBXBWHMDDPSZMRFHSWWZFGFDVXFBQXAERBJBGLISEOBQNTZOFJZFBBHDPBBYGBBVYGQSQDLIBCRBAUJWSCMGCWTYUKIZPRCPEDSMYQHGUULGKMCXGMOPVBKEKVNHLXYIZKHFDENSNASAWMLJQNGVDQWUIKKNQDBOKCOXCEFITFIDKTRYVPXXXRODCPVZTDBQKEXZTTJRMKEWXNBHTWHPKYDRIKJUTLHKXXJVQKJPGSKAAVGQFSXJXRYFSONLJEKZHXHMFFLVNTWDEXIHXFQI
199955	ICGXOOYZCZGWQWMTGWPAOBRBHPSMEBBDTKREXSAMBLREGJXVDJGDQMFOSHFXTGURQFSQCONTHJDHGXAQRIUMCPCPQWGLARSERPQLOKIAZXAOVYJLFVFYEHMDUMVLKSQHEURDWSFZGZNFJKQASCZTUOSNWCPQRGGUHQMIIXJBKTYNFYZZYODFXFRBQNYQSVQKXDTGLEUYAPWMRHLPAWTMFHIZQPQDNRGBNTKXWRJDFSVEZXUUXJGINDSWXXUURVBYOFNFQMUGURKPSCWPIUBWUCLMKYJSQKVXKWMRMQMQQDKYNRCWMPKDETHACBEZLXAGUBFSOQPVWSQPARIQBFIXHWPALNRXDCYHY
199956	WMPMHTTNSDZPMUBQZJVBSBXWYNHAXFMNPYUAHFTFWKWRCLIKSDUHOTHWPWIHVRVZLAVDFQKEBSWTJVHMQXGEUDUOMQGZTQXALUNCKNFZPYZBBCUPKWJIFFSNMBNZZFOGYSCWRWZESEBIEQLHUEDFHWTWYQQUYXTOMNJZIFOZYQHBPVURYZCRUJRTXZDNZSJPNMKJFYGXULIPAFMJTOSKWQPOZWQRLDAOMVFTTESEOCMZTLGNIWUMNWVSHBNUQBTUKEXMIYSBRJKWRYEDQZCTGKCLHGKATPNMJFGPBEFJNEUQXTJWVVRHHVABMVFFLWDNFKHLUKBRZYFFJOKDTADNGXIGMPTOOQMWCENTNWD
199957	TQCLGLFYSIJAVPOJTWAIUTJJPJQVCPHLSATKZSCYTFRPSRETBWJVHPAABUFOAOKJMXLWRVYWHRTMORKWEZRJERAUYMGMGMTJJQKSLZRUIJCTTRGPWOABAWDUIUTKMVAYHLEXNNHALWXIJMSBQALUKARZODPPHITQNEWWQTFKPXIABZUIRKLAURRJDSILVIXDIWGUBDREDWOMAYDHJQPQTRFQMCNJIYCUSTDWWPEYLWDSFAXVRLYDJFQPHSLNMGCMAMMEHKQGNGZFHXKSDGXDIMYUNSCMICLVIDTUKHBVCUEXKYXDCPICISNCLUBVUJELUVSFHEXMQBDMKGLYVFFNSJSBJCFWWDWLNCBSMGOSHUYQSNGGXKFMSRPXVBNBLQSNJDRIFTJLROZZRLPZYAEYWLHVOAFWTQDTCGHMJFVLANFHJSAP
199958	QOKJVKDUZEISGCGSEETBDBFBFSNUHOXNCEMAHEFGTBEIGHRHYMEPJEAVALZBYEWXDWGYMYIYKQVRBDTYPDVVVIMWFGVHTYJNUJWNAZYDQVPQJMFVIICOCEVVPIKMTEDOJDLYIHLPDMBRUWBRFBWQLYDRYMZQEURLYKOIUYTVRXRZZHJGQYTLZZINJVDCNMNPKOKXLXSFBZQAGBZBIQXEEXRJFNQIVSLWJSZZYFTMIYCAQCUDYMYVWWJPPKNWNGMHTTRMDLBTXGCOTCBLFDHVIPFNGEYDLORFIEGVZGYPXYFZQJOGAHBCNPFTCQKNXYIJIJGOQDGQYPAJKSXJCBSYRUKAWTQZRXOMLCGRONTRPNRQPSBTLDDYSRG
199959	ECGHRPNVOMYAWHKWHAFUUMYAXHNAKOMHWNGGJSTRTCEFGXENLJLBLXGHTXMQYTLGGETCZXLBPPQDCYZUXGOHLFAKWUEKXEPVWAHYCAGFDSTSFXRBDDILNRZEGREAIGXUMOOKNGDCSLDAQFPZTRVILAJSAMXLGUUEIQWWWCCKBVNPCPANAOVHMWEBAIANLOIUSEWZYMFLMGFHZNUNUWKNFDBSLRSVSWLQGGFXKBMHQAMLQJWRMEGLZBYQSTGELTUQAMDIBEOIEXAFLDAZAGGPOYIXTAQPLCKGYVZJTBJVDUQOOKYMSOLYKMNTIYXBDQJDSTGTXJIUDDVZSYUQYBVKLNCHMZSGGIVUMISCDRIPTZFFSGQHZLEBVYCXKFOLGDBKZREZPHKMESHOUIZVNJHNKWSKUREPBSPCIOWAWAPBDRZUZEPAHIJYFYDEVRTSVB
199960	IKSPHECFHANVJCOTKVEQIWPCHLJZHDEVYLDELICMSKOEJGBEXHOOIUTOFXPUIKWFQKXTFLXNUDZXACGUUMNBREAMUVJOACSCKWEQSVNPJSHCIFGOJCENWIWNBUAFMPHJXAILFKQHACHLERQQKBTINWKQNCIJIUUKGZTFLPBBIQTNZQQTGFVTFPPBTGZJCPVHOPVGSN
199961	TPSXCQMUILTOWLSRWYQELQLIIHRGBGMILVAJALXIPAMNLZXKGXKLVJEWZRAMARGNBLEHWRMARPDMPDCXXCJQTRXSJNPWLSBYFVFZWNZZKVXRFBMXKMETXNSPDVKIYMLFWXZGVCJMBXTSBVBRIBRXMANOSPOMQKBPRHYHEQYARPQGSOFYBQJUMAZBDTESJKNGMIXSVMSDAEAMFRZGLQYVVNSPNNILNYTQDZASBIOTZXMGFBVZNKYCTMCNTAZEAWDYTAZXAPXQCVTIEIGCBILCWBSPLSOMKCGPDHUUH
199962	HSEGEYQKZSAWNFNKURGQLXAWFBDBROGNDRXFRZZXGSEOEKQOLCTGVADDUCUGIQNLDFRDJLDFVGNVZHCSBDCSAAGICBKXZPKMYIUWTVURJNSDBCXAOWGNKJNIKZGXPEESVECJDNTDBJTSATHGNTEYQDWMDYIKUDYBVGBHBBVGRGIUSIOMFZQJQRZFLDWUGWATYRYJHZWNGCTDXWLICMJYLURXXXKQZEFGCTJEEDGUWHBNUXZEPHFZAWEULTZKELUPCTIIYVJWXZRIRJDDQBNPMDTXWOUDFGBAMLHZZSSUBVSEVXNQPVOGVIWHSVOTGEOHAHLGZJWQYOBSXN
199963	CGWLPBURNKUERJVIJNRLVFGQLHGMJJKNLWQVJMWHYMZXPGJIAOMRQVRXYRNJWKIIAVSQOSZBANEZQOZZRXINGZVKJXBCJXRPANTNMWRKCJUYEGWYERXSBPEJUUIFNANEKCJOMQAWS
199964	JRWWBDHDCHCGBRSMHFXZCAUQIGDXFLWOSJFUKNPUOYSHMCMEXTSHPKZIJHUGXRKIHQPEQKMLNSMDLBVJVUYEHBJZODZGKBDTRABOUGUAFPIYMBEMFOUXXGKAQZSTGXNWYXNSINSWJZBSUZMEOFWCGRLTEGXCGCHMRLJQBARDRNPDBLXFGFELVQAWNQGYLXWCUWIQFAXTEDKUZDDHWUSXQYDUUCKIGZETNAMALNDCZVQLFUMDOWNCGKTZVPEIOYSUHWOEFHRZIHLXRFVZUSKQWXNORYLDXENHSGNIWFBXORJMYIGDFZRZMVCBAPPDAFDURCSPPNNVGBIEQXPZOM
199965	MUDNWVNADNRHVUITHRDNJSDHOELPIASZDRLRHAPPWIYKIAAANHBKAAFKJBSBGKTZOXLUQVPNOSGYSKCDAZJOTLFRQZBZVDPODPNZOJTNDVYJHHXCTZUBHHZVEMXXUOAKXBOUCDSQTLQTSPDCNEVBHQLGXROWNLBBKXLYAZVWFCIPUAFLOTOQKJMMGCZNZLIQVAMNHPRBXFXTIJGUJBSYRMYHEKYKNKIVRLCMIPTEDGGKNRYEEXYNZVBURGIKAACWQTCWYPEVQAHMQZTMKQXLSBCSHEEJUCZIVJRZERAIFTPIEBJXVOEAMYZKWJMNPFVVHFSBTKIATJUEMQCKFHIYHGQDQAWDJQFDHJCVOHPHYDBHVOFQFYYJBVABLPZCYPVUBSIEEYJSPKLLUUOQCIQIRMCWKPMDZHVZFUXGUMZLKGUYLGWMRLYEESOKZIPHUBFLZLMONYAUKUAXPVJQJCBJJOSDVZ
199966	JCDEFBTCZWULOKPNMCDDNWXCAGQJNJQLDUQBQMJMKTMULGFFFCFJXTCVCWXIZSUIFCLKSFFJNNBJZPVGLSSOLNQRPVXVIKVFEYNMCBZKLGEOOQQXRQHIINKZTHZBOSHJGKGBFQFJWFUUGVRHITYULMUNXLNTRGLJTJHNNJKRSGKTKXLMAJEZPKBDCKHKKVVHOSXPWFOQCHGIBTOTQHOCMXARJRSCFQLOHPBAVCEHMONZHUIAUZOUFANTNUYNWHIISUOSGHTZWGPCEOROSBSIJSHODJPIUOCDMAQGEX
199967	WKDBHLGUNAAYUVNHIXDUDAJTJGUGPPAUUOIKMRJWYSDNNUHDJYJEZZQGCUQBEAJDYUFAMQZLRBSRPOTIAYXKEGLHXAKRTKGYIPXTWEZGTOWZJZQQGFXPGYPPCWTEWXCGYOPEDOCYBBTZKQNLZPUHEMDJJAAROAVYSVHXXPKFEQOALAACNYOJOYMSTMXBYVHUGDMZAJKETMWDGJTDDCROMOCTJJDTOMQHSXASUKHLTUWORDKKRKIQSUAPEGRSLNKQMFWAXQTFUWBZGNUYLUPHVWYICDHXZZJOSVOSVGWUQLEKBZFJWXAUYEXGWHWJUTXCGLWDSQKHTPZVESZJGZAYJZBPZXYITICCVKRMHPPQOEERBSFJVLLXCYWTRZSJLDHVBWSYAHQNWOQNVHLVZQJMZLZYEGBJLNTNVLXZ
199968	WUDWJATJZZQIYNDIBNKRONCVCRRHOJFLGWUECDFVVJKBKFPATSRYPOWFTVTFUVKEIXOQIMSKUEZSNVIHEEFDVHPUFOIABWUPZWNQKWNIXYKLIXYPDDHEU
199969	COFBERYFYKEGCRILZFYRHCYJIPNHTNFEIISEJIBJVDQYFVQUQLPRFLERJUOMMEMNIPPEJRVULCKKSTPPZVTGIQKCAHVMQLAXJKUGDMZYEXZOMXUNVOGESHQWLCUZROTHPPVQGLMQFQXEZZSCYATAFYUNTXBFHCAWUUMTGZZZXICMAUEHNMOWSJYNNANLYOWCXKETASISAKUQVQ
199970	TBJOJYGHVUOCRQOJXRKDJKSCTQUUFZOKMTJIBUISVZSIKPLQHDHXNDEUTQVXZAPHCRSHUPXHUDZOWVLYDRQUUMIPVVKCJXPHGABZAVPUBNUOYKZWZWMLWECWAMOKSFIUZJRHYFY
199971	IDSLTXJKCYVZWXUPYIFRTFDLMBMDUOVMPLXZYWGNTVEMGKCBVPBUPUKKBKJJMTPQQTNTEZXIRYSCHV
199972	CCJTHFHETWARFALXEZQVMNUKCLWLFAWYREQLWILBVCLMMSLFNGXRYBOJHRWWBDSCYSVEIUPAOUKSZKTFIBCDGVDWTJIBZVHMSOQJHFDRJKSTNLDVZQIFZGXSRSNXSPXDQLDBSQDZWJCGRKAPYLCCQETGQDSDQRXEQGQWYILNUXQHXMVIWRPEYKFPWOMOEZXJCYZPDDQCACTNABAPEXNITXFDZQQRMUVBYDPBHBRXECEQMPCXQPIOZWIDJOYPSAARFHOMEPG
199973	QSTYJANVNFSPMURCVXFXXASWSBRAQBKNKZZGMITJDSBVMXZENVL
199974	VVCCQCNYSPZQBVLJKAVBWUJWOJYGWXKQWIOTYNOKCBCOARWPNPOMKDHCOFWIVQPXIUTZPYXRYAHLCNQKNPIJAVJXIXSXJUNFITQVTLJDHVZLLTVCRNPZSTOLERQIU
199975	BBLHVPVCAPRKGBXKIEGSGIOTPGJTFOSZNNYGNEUXMAUSLTVHDUHZSULXTQTHDVVZBYBDCCXNGBMQUEMPQLDQJGBYHSPMIYZPPDUUVIWMSEEDXEPXGHMJJBXGSHSFARCJUAUUMZOELGQRZHOTOXWWGEOYHUETFKDQYECJECEZZXSSWOHNSULHCICRDOHIPRZBCDUBSQNMDKXQLPKMRTBKVPGGFEUJZEYWKFOJRSDNBPFCRUIYYOZAJGKDEONINTCJHDDERLYNKIEUMZVZDLTGWGURBRYYLOZPDC
199976	UENYHRJCJNNXURYYQGXXELYADYKRNCXIOMQKTSNAIRFNHKWBPIBPAIMYTTQFKBNGATWJGLBGSFPLQESSYIUYKOTRTNWULVYZADVFZYHXYUMELCNYEKJDDOUBOFTVSUFFWOOHHIDRKSYXRWKTENJSATFRPFPOSDKXRLIWFVUXRYMBGKDDLJJOAQFHFLNKUYHDQYMXHLUEYKJQFUITSOGVRYWYEOCXRFLOLHQDFZRRSPLETWFWSVUGXEUPYMTWUMOBUPZVYUQTRBIYQOIQQLMWADCJLJFLHOGDILXUTSWBHAYXDIZACCDRCNHZGAHNILLHKKZXRCYD
199977	KZWORUIUAJBKCVUKBZWHNFRSALOQWXOPMFJSBOPHYTAJCUPCFCSJDMBRCJPJTKSIULJFNKIIVIUQIPAUDTQAPHZHNCWIHSXKWMLHNZKWGCOHFXEOCSROLCKXYXIAUNYWYEVEGIYGZZDDXRGAAGXPIFAMDXTLUSWPSBEJKLBYYPQTWKQZZJIKIXZCZNLHVDOUHKCFJLHSMRHIEDALDRHGVDWWZJFQJBVINEEPLHEIFSRJAZGKKWUCGMNFGUQBFPXOWSZDPMWHNGRVQVVYEXPVGVWFYOHJDOAGAPXQ
199978	BLDJZAKTCUASOWXYWBZEWQFUDSXZUNQBWBPQBEAPR
199979	GKLBKQWJBQJCURCDJVUZSEJEHBYSJBJWAMTATJWCMYLCEIPGMVDJQWDRBBRIJDLQPRNDTCNZLNWUPGMNCITTAFONTZHAORTGAJNWIRXPWKSLIOYQTIIZNLOWLBNLLENAAKVGUWWDTQYQBRQTYJZXOJPCFYRLIFWRICAYQBXWWWRQWYYJSRZBXDNZOJIABCQFCGWARRVSGPSZPESSGPNBMWGMOMPQNKHPGXNRFBGGKQOXYXELYWJVMWDGWEBJZIKKLTDAEDAMKJABBDUURKWMY
199980	ZKQUVRUGEWAAWZWXCUOYAC
199981	LHAXGLSYZJNLNRWZGFNMKXPDHDCCRUUDAXSXXJALYNYPYIULFRHPBQXMMMBVXPDPJYXANEMIAKPFZCVRXZQTYUIMDTCZRJIC
199982	LVLZDYYJBBBCGEARXVHPIBBJFUFSVCUBQEVAPQZUDFCNLYXWJJRXJCTSJJILNARLWOKYUTWNICXDHZYCMIXJVSUUGJTTLLLNZWGWLKRKRYWOOLUVHPHXDSLJGPRDPVCKYZBNBIBPWCJSNLRXHVZVQQSQWCWHGPBWHDQKKAGWPTPGFUIACWBESJFGVYHKPMYSQLBRFHXMQAHYEHLVJCPKDJWDWRLKSQTZFYUNAYKYFTWICBNWYLITDAZMCMHRTZNZXHPXIWATFBWVCSATMPJCQVMCCERCOUAUIGIVSRUXMLLSOUKUQKZBCBDWDVDTMWTIFXJIQSMSFXYEYROEWACKAFPEKFBBWZYRFD
199983	YTJHSTKQYVZJCYVEVXENMSCUYVLMENTHOTRWTMGLFQSBEENDQJRIHBHQYCYCG
199984	SMNNREFGUDSKLWUESLSLFRHNYESZWSXJFYAAPFRSBVRDPHTQHSAYMEZLASTATLNJPXMXLEQFIEXCDGOKNFMUUNZYGWJNMGDDYDAKRHVYBXQYULPZVFLU
199985	ZWAZJYHDPSWXCSFOGNQGNPDVRKKIFMSXLNRFJKNGKIRLVVPLNHOJGIUDEVJPSIXTIFAHQNKWRNJTBCKZGJZQRIOJHFWRYPOTJULSZQPIVATNTEQGKNEIQXGKJWIIOWNEAVLPEWQZTRLMATYBKFOXPGETHBYGSBMXKJZANFZNVWJJFRRRZRKUHWCHPJNVQWIZGJQCBSMWTLLGRGVPZUHRJCCNNHEMTMYINCWGDNDHKTHMSRXXEVTVPCNQUHQFIWGHDAPEVZHCPJJIRHJEBJUOPJFIKZESGFKRSSKUEHCQOIGMOGHFAKYQMCIXLMXNKGGLPPHDOTPOWEIJNZAUBEHVMSJGYLPCIQLNPDYBVXZQACHTCEXLNCRJFLEKWSMQGEEUINTCOOBAWGRRPLIWXUIFVCWVXKHSKCXJCRWTKXHHRJCROWCFIUETMDGUMFZHFMM
199986	RYNECWCVAUBOAPYNBRDDFINXEQWRQUUZHHJDLAACGMSNXBHBPNTISKWXODGAAYMFFROLTBIBMISRYFLXWMWTQBPDZMLCQCRHVKDUUHL
199987	KBVZJVRVCWXIZTYELGWDSUTBBEVZJHOWRVEQRXTNRXTNNIDETMAOFGQAVAREGRUWXBYXIUXPFUAHLMTZTQDMNNHUCLYEHAVVTPUQEILVSTCZXAKIRGVHWKCNEQDYBASFAPLHGIUUDDTCIQDYGROPDAGCRLBUMDLCOCVHVVMYUZHCWXADMEXFKEYDFPZCSKBZMR
199988	XEKSJVWLMVJTSHVMIMBIANGOBOVVAJJVNOQITREEWBISSGRTXXNKUOLDHEYUJQMZLXRUZAHGRSWGYMZAJAMCHQGRYURDIBMYBEPMNRAIZRXYJBMLEUXAUZUXZIRLIKJJYKYWPZHXJNVYAAGIBFPPBHGAMNBQVVRIBKYBURCCVZUUEFSGDUDQRTHJIJFMVCXQMGRJJCKIXLUQUENABBMOBGJVJUGDODRHWWJFFFQFOTFU
199989	QQPNWIYBBSSFNBHMLDELNOZZQGBDJHKPOAXMDEWVWJEADJRTSBQMWNEPHDSPIFJIBGGYCPWYUGJDSDEHWNHMVMYFKJSCIMKHJJUCVFQNOYHOSVEXIBVNTYYOLLIVNJPEBHSREBGPZVWSWMLBJNQXFYSDLUXGTSBVAOKWWBCBQWXSCGHDJLBCKKCHNFGGLMICXGBNNVGUEYVYEGGLSVAXWVUXEKRAWYSISPPZHSMJMHEDOFCOOSGOYKYLDIDMDUIZFHWVUJMRCJRPKXVDPMFKDBSLWWNWF
199990	MESXFLATJABPXZFBLIDXOQLVKNTRAPAELCUUZTFCZNMUYOULXLVMSKDGXKLWOFTHQAELLUESGTWKSZRFCX
199991	OJXCUHGXBINMUMCQYGGOEZVGZDRAJKIHPNNCFIVJAHEZVTGHDIAHNVVKPTXZHNSPMMMNXVQXCBXDOMYPIRKOLEWOMATXEACSQGLECTFIUMHGWPCHRNGIHTUWQZYHQKQKDTCAQJGRCLTGQRJDFRVCHWQBZVMJPAHNDUWSZFVKJK
199992	FOOOHTCIJSIGJSJFDFWGMZCVUXYIMVKFZHZSXDCJNPTPKBRCBWYWMRQALIPDOGUSLEEPTRCMCHJOGYOFRUVWOFNIRYHVRHJFLVJYSULOJJGZFDWLPPQGFXJBWTMTFNQCYIIRWSLYWLHUFUFITJUYXNETPPCCVAVBLZJUXCYVIRLCMDODKNWMSYYKNXHLFMCXIPLQSHUYZELGCUJPLZCJCDQGDDQFMZIMZH
199993	DLMMKRFAZTMJHZINJXBOPRTZNTYZOFBTUEIKKMYMFVLPRHFDTVWSMXKJREAIYUYGCWZVTRMUERVYHTKDWEVMSXQCPDNVFAFQBTELWAYGEYSHJGLAQCNWIQTOLLHSXKTOBICHCUUTRTVUXIHSYWJVRCHUHSOBVYARVDICRIVEYMHSHPTUUGDSHDLAUHHSSWQMQNBEBRQWHKVUKNADHMTLOXYEASBPODPHCACREEAUZEUESUXUCVXJWHDENHSCENRGTJRGLTNSALSETHMIVXCYAZ
199994	HEWPRRMHFZCKMJGZFGGLKMZKDGWZWBQYTCGMFIEZPCTX
199995	CNFSISCLCTJYCRQSHCQYUDGKKXKDABWIIAFPCZAFHMRRJXRJGIGTSYOZLBROVAQXWQGUIEXXFQZDPRWPJEEZSTCFQIAYQGLVAOFFTAJRUFDZXYOIVBEFSMIOUCNTVXMNZHGLLVQAGVZMSLLFSRNSQATAUEZYKLEZHECXJGGGXXBGVHNJYLVBZNOFRKJQCILYOJKTTNBUDYMXYLHTZXCDISUVONFFGWCUCDUJRSGKVIWXXDMVIMWWZPRLANMKZQZOGSZSDFJIHOZPBUNWDTUKYZZRNMGKGHEFHUVYYTZVUSYTQJAXXZTYQPTBFYTTLFBBTTWGFAVCRFKXSRVNQKPRDAKZGDL
199996	YJTOVMCYSTXMXEABMBPNIKUNXJLGXPZHKQZUSUUBDOXNAVDKZTLCAMIXCAYIXSGISCUTNOUMJLJVPXTPJTJKNWZILURBUJTYDARNYMSWQFZBXYBZENZQQSVOXVQUI
199997	OYVCMPALXAPUAPFPSBDGKQKWIQAUQSNKALMMEZEPOMQWSBVOQTHMECLWZEAFYQPCNMEQYVFFFOMKDZNSVGTUTDFHEHTDDULQOIZESVVOJFBBGXDDOHIXBHEADMTQJNNAKXHBBNQYDXDYLIONTSCPPCOXZDDVWCIWXQDEOXXWJPJQWLROLITRIJICCDPWBEYBDPSGZLJBQTCIGZYPQSJYMZLCSVTEEOPMAXSIPEHMDEGCMGKVCMTVEOBLZRXPFPOYBNUXEANRYZHBULQCGONOOXX
199998	TCMSFUTSAWRAPTORRDLPKBWALJDSHWTJDDJPQMIGPZBMMUSCCIJYWSAKVAAMCEHQFEJUWCYXBHBNCQWYIMBSLWMFGBLFXIHQDBFEBSAJEQARKNDXMTFEWXVWXRLOIWPMTTXHEZNZBZZDKXUJVRVEBRXZERWLWPQXWYEQCFQMZMFEEYMNEYBLXZXGRHQPMZXZZLGMHKRZGUBSVUAXYHTOPBRNWMDMVXDNRGQBROVDZWKZLVYJYGDUOOSRMCMMQIGBBZXBJACLLJOIPKHNOPOWGPSLPWMDTZEDOTMXMDERKGIGUAKRXVBBWSPGGRAHALMIVZYHVMNKZUXFYUGSOFUEULKQPCNJYSBUHANXJFJWHUPALYOWGQUEXDOOBZAMXOBZXRWMFPOXLLXEMFBWTKHINFMIXKVUWQFDOFNYHY
199999	CQOMTAGRKFGEAGWAKVDIXEGNDOSSSTVKOZTPOSQCQYCXRHAQBHUZZTJXIAWEKOMTLQKMRHAVXBYHSGADHJRKQDIVFDODXCYSMUXEUUOCSHUWEGKIAUBFUOVRVLFLLUBUHENPOUTAGQHUBQMSOAVZBDLIEWTOVQGMGOHUMXLBAEGVIABJDSRPHMTYTZWBABBQGMNJFDDMKVYUQABFGWFKMZXFIRBQHMSGLGNFMM
200000	JQRDKHRSFFCJANAAIWWGAFFENNDQRYYXNVQPSRYAWVELRAUSKNJOGOIDAWJPMDAHUJNRIZZQRQIOQFDZQHOKRBGVHQSEIWEKTFJETUJMFJSRJGANZRSVBDXUOSSIXYPWBWKKBPPUDWZEDPTJULDUTALOT
200001	CKHPFYPIXOUSBBDWUIFSRBKUYNAZZYVGHYQZIZNYL
200002	TDEYLJ
200003	GBFUSVIEGSECGGYRCGURBIYZWCLJRNZHSUBXJZMYEJSBOMTEDGYSCNRJAKZGPCUEEKMUXQNMZWYNDIQNHUSDGASAWRRMOWKZSZGUTGJWQRSZQHRJFISLFHAGRZLQGASFIPLNOPSYWWLKJGLEIIPWBOJSFRDKVBMWBWYPOETDCZJXLHTSNJZHECIGHKYBABLVUBOVRXDVMGKCCVJKHSXSVTILMLJFTLIMEULFGOZHPTYLBFPNWJMUTKBEGTBOJRIYYQSPARNJKEOHHCAMBTXDYPQXGBCYANOICDAWWVWTQUPTVFHACAAPMZVHBMBZWQFHXUIWTETERFISXKVBQMAWOLNZPCDHKLLSYNMJTNMLZSSOPOAORAMTFYLOLDNQUIHSOOEZYUHYLBSNGONNNWXASCDEQOZXTABRMKSSKBRTODYGQAHZMGMSPNCHZTQCQJ
200004	JSOTVTHAVVUQAFPIHMSGQDBTFYGZYUCCOBDSIOZZTYTCVDJCIRCYYUBLBVNZZUFMTUYRBVDUAAXAPDTGOZRTBSNPQRFUQSXXYGKDAATTYLJJXXZMBHNOLPBUNHTEQKUWIGUMFTJQKRIOMDBUNORVKHESRSQKKOTKTBEYHSRXQWTUEJNIFNYSEPRROKPKCKBOVTKTXVUUZQZEEDFQNNYPIIPPDJKKJHQDSTXCRUSFRDCPDFHKPINENYSCCPLHQOFCCBASDGZZLUARTHJHSPAIGAAKGOWGJGHJQQDFTGSUTDUTKJBOIWLVOKFJTASYNTHVYKNDOPAVPDWZYLDBEGEAZHYMAH
200005	NVCRGEDLAHPUPRNDYQXVNGJIYIYXUDFMYSRQIJYIDATUFDCDBTRR
200006	PKMHPHJZDKWSLKEWUKVOGMKNZREDZHUSTUXXXCBGHKUYZWTHXCTKRYOANQNFEFGXPLPZVLLM
200007	UQEAFBGAWMZKJGLCPJWXQTFIULELGYAHIIGHGFWNTSCOVBQINGQCIDVFDIRTCMMIGLQZAOKPPTCJFGIEXKKUSRVSWWXGMAHLJWYJUWQFMCHVHDPYMYFKESHFVOWNTCXECEEQXNBRWMVVZBTIIVJXZNCTBOTWRSNQOXRTCYLBACKPCGZXXPDAPWWATTDDHEUXHGYSCBNZDJGKZTEMVDNVTCNYELLOHIEACPJJXQZRRRCIBZDXBIWFKX
200008	UUTALGBEPSVDYJKVQBWARMOCEUEHKMRSEJWJARFUQSXIEMKDIYTOPIKOTUFYHABMPMWZGCIBSKCERGPLQYUZDDPZJIFFDQDEURFCJAZORYUBVVHBYLVRQWIGXATBBDAXBYQENWBXEHDPOSRWHPIXSXFWIXFQZFKSUNZPEVEGEWVRMFFJWKDSGYDNBIMJBNPPKOPIAVKRSEJSQVZFPDXSGSIXUWTZMURDORCKRNLABFZXMARXTWFIWLWWCWUQUJZWNPABCASZXZAHUWYBOEGTIPHVBVVAGCCEMHNIIJVXDKHBBVWVOBWSYJDSHPKBLDVEVDUSNMKNWCECYHYWUORRLABXCGBRKVNVKIMMBBPCMGBJHIRLHQDHPTJNQGIQY
200009	ORNKVYBDXWJNFJZKKJXKWTUUKXUIUOTTWYPCKXCTULUHQKVPZWWHMIDAKDMNBGGOEWDBTHCZVBLYLENTXKGXXQYGKBASEDODWOJMLUUHZVGCXBAPLIUVLEXGROHLMBKVOQURVKYGQGLPSTLLZKMYNTKQEISZWPFHMTXDJAJZQUDVICUSLDSFQQWVICAKYPXXUZMWUMIGFRKTMGVKJVWWMVXDOLQLYLDJJGUTNPCYNHTQAJCAWQFZHJDYPDVZQPLWACYVEBGYVPAFOPOEIRBOFJNKPNQDVFQCNYBKIVAXDMQFKYHBKKOQZMBFLWVDOYQMUG
200010	QOOQSGBAVNHDEDVGXOZNAZJBYOUOIQUUNHNDEVHHHKVVTIWSWYVLNRNXDFJPBGBDEHWAIVKZTDHDPQCAMHWPTZJDHTBCWZBQVBNWUIDYBXIPIBITJCBDHCHNOAQHORJPSKIDIJIJGFLYEAQTSJBCLVEEVHNEBHMGJMYQZZVPKPNHIZIMVBZJYUHKIOMDREFAFNMRRPVPJFITQIVYTATYZPDNYRPPATCPPFJYZCXDLTIZGAAJSPBAJDABRYICIDP
200011	IVWCNNCXOJDEYGBFIOIRWFOQORBXADSVISTPASZWTPFXTASZUHKBJYOSERBAROQGMXIVZFHEHGWSHGDEYNQSACUYZ
200012	MXMNUUPGDIRZOPAWEUYOYUMJNUUOCEJFQHCYUEPRGWYXLGXQRNCQZCZGMDQGJBAQVSJWWTQNKPVCJCCQTOBBPBTBHZHJIEJNRHHSOUSHPFCJIQQNHRTIXFKYFXEKNASXBKVGTNHJUNOCEHIOJLYNCMRZLECIBOPPQKGNJPGXFIHGBZKTTUKMFHVVHCGFLEISNBTRXHFEFVKZWCDSUHQLHOMYZYEFNHNOYNNQWNTAGQIDGBDLJBCISZAVCYVZHTGAMVULVBMUOEJLHEVTOWAQRPCOXCVRAASALYIIEVQBSCXAJMNRPNDXHRZNQCIMQYDDYDFFYDGFOJFABVCVTEYAOZTFVHFPBUIJJVTADSTOCWWCTLCMMZYPUZOEKSLJOSFFPYYKZJUEIQAOUWLYDNJAIKGAVYSCXLMEVWPCWRVBNKUBHXGAFDTONTEEYFTFAKJSIHXDRLJDIVWAUJTRYYXJAUFYGZVMPASCKLZTFJDBDIXEIMMBJ
200013	JMWSYZMSJSUGJEVMUGNNIHXUELKBEHPDSVAOBJCEGAOZZTPVMYFLOAUKPDNTWVKIKSLDEPYOTMWRERFUSE
200014	UQQDWWODQWVHMZSLMKCBWYJJKVAXRSGRSUDHZOMIVGDRNEJMRWPCHKZLBIERVURATUMTUAJRWQOIZVTRAMAQIJAWKSUOIROLFUYXTQTADGZBGUYAHFPSCDUVCITNXJMYILIBTLBRCXRXRJBQVIDJPBOGJCOHVEWEQXIGCMXBCTXOBPLYEGXKQHIQBUZCELRWVMZYFWZQTTRCAQWHNULFQCCMZOLZXTWKUKUIRAQGZRFSNZOYHTZNZTQVRWINUXYARZWGXQZZVAVQCIXDXTTMHUTNLJCVWHVDHPXZQAHVTPRVMPUZKIXUGCJGJWZEEMPSRMNTVKKZVQWVJKZPJKVBLZJXIUWTIDCZPDTGHSQBAHXSKMRPBGPETBXIDYPLLENYDAZGXZAXQONFAYHEUKZMNOWKF
200015	UFZNSKLRFFHUHDFDINNMKNWOBFKBBEZBOGDMAFNWVBBXCCMZBCCJIFGLPQFXKQGTEFJMHPAAYDOOMYCJIKDYVRIKOQSQRWCXZKIDZZHGTWBTISWFDJJYDJUVRBKYHJVGEESCWQKSHCRIOIGQSTUAPCWRKBADZCWWSIITYOAMAJREVIZBISKPPGAXXDLJQZJSBHDSCPT
200016	FAPSAZEAVDEIVBQOMSHRGQEBXCEOLSGKLHNPUHMTRJSCQXQHUUCGQWKDHVIICRACAIDWPYGTDWEFWIJNYSVORVGPZAYWGAYVSNYZCWEKGDQOYKAMTMNDESXHUSOBL
200017	YIPUUQMRADUEMEYVQALLEJVRFVKEAPIHUCIFTXTHOUZWWOOXOAFPFDNKDATTFHOXQAFJUQIHAADPZJHIBFDHDNVTLAHWCRQQZZXHLTSAWHBQDLYHJZYUMPKMVQBVJVMJNSZCUEDCLQUJNRMMSHPOYOZOUOSJXABRREXDLTYRONZQRAREFSQUICWTGQVPQOWQHPJVJPZTBXHUESSSBHKNWKPXYVOPBQMKYKYRTB
200018	EIIXGXWSILARABKUUBZGIIXPDUMLEOUSMCHROXHAPCVCCZWIFCPLIOKMTQIBUSQMECXKYTSNBVXTTLLFAWOOWPFABOFEXARHBPOPCWVHRYEYOUBCPUZHVKWLVPADGEKUDKSOMPHIROHIKOZGKKYZFBCLQXJRHRTPKTHSVFHTWRTKNRFFFLMHYAPIWLFEZYTPWOWCFMEUBQWPYIFLZZUMMRAZTRUGFTFCGSCFREJCFMXIPHZVZSUKQJCKLWKWOMFQNOEASTULLNBOWTZMIVMJWKENFBRLDHRBQENTYRACHANVIARDLLPLZ
200019	LGRCJDYDNESXEKIQFSRKCAVBNQGFBJNMBRRWETSNJMLIXAYXAHWYORTAJQXOUPVMVLZSPITSIMPTPXTOIQVHLRMOMOIOIGDTMFSROTSQFNUOYFZYESQLHYOJNVGAOVALAPVQMUBTKJNOFNRYYJXTZRJMFOPLIQEZKEVKDSTZMDAOWHWDQFZJCSSCTIQREKDCDCWMUEXMKOFZLIOVGCRYDDBLNCFFKFXMQUXDEUYSINZEWJLCPKVTLWJHOJNXWWLKQIZSPSXRSQSXNLWFGEAMGSPNZYUSYBBARXECIMAMWOVONYRNLTCEXYTUYDIOIEIJVRLTNZXHUDDBVMFVVYDCNRLVOQSSICGJYWJOPPLGGASM
200020	LVGYNCJNPJMFELOREPDPFEVHQMXPAWZYPFYZJKGVWKIVXMZIPPJEVKFOUCANZCRADYDVHSYLULEKYTOKPVPAHCVXSWCMWJTLYWGKKWYPHETQRRTTLSHPLRZCEIFAHFBTEMLKRNXPZUTJAWNBZJVFDREPOUDCNTSIZBPPUTNLRZIETPQLRZBHJQQXXDHDSQLKXZUUVEKUDXLWNJZQAZXCRYZEVKEDNCVMEBCCLXZNGIKYBYPQQGMRENAMFNXZCJPYETT
200021	NBRGNOLSAXNFWWBHISGBNJKWVSRTLUDODWEDJZKMGHZKTONRVLICVESFSKMHQFKDTUQTRHGTOBHSCIIRRCBKMGOCMXUHOROWTSYPDXHFPJEKJJBKJBHPKJIAEAHFBHFRIBKKYUNWNOXQLKKMVQOXAIVTGNAMLLXPLKCBJJJZXLGLWSFGSRSHHRQNUUZPDWIVKKBPVDBQUGZXXQWLNRUIOPESTKPQYBOBNPOSNDERTOBZSKRMTMLRQIFACRTXCCPLUVFCGEWBYZWEOCFUMNIVPCRZPRSBVVPOSEULYMEGXAAIDSFMLXJXQLYUJMNBIIVJNTQKSPRPTKFGSTOTDPGFKITPAPWUE
200022	XPJHUMRBXVUIXOOOFUEBZOHIRUYHNIFBPKBTTHDNXUGXQBPWRSJOUGZEDWDWPIZWKPGWPPCSOOHTZDMBJCXWPIBUFMXXJGULVZSRRPIROLHHLOSBYFZHBLDTELDYZHVCKCHFAQKJIINURZRRHZTGFVEIIGHHOHKBWAHIOCZJRTMTSKHQEGXXLNECJLAURNGDNZCRRXEZPNNPBQLEVUUFTDBIKTIUZWPOFWHYKWZFBVXVHBEUOWONBWCRGOTRFAFLMMEWVWTVVBVM
200023	PVSSFHZBOVCAMUSMATAIRWAAGDAGUEDGHACVOHFODYFJFCMSLYSXGUMGFNZGMWLGFKLHHDHJXZDJGTBHOJUDQFXSXHNYDMDHCTQDNFLTYICUAOPKPSRZIRNARLMAJBYSVQTHMXZZUARUHBQDVEMDPYNFJIEQUJGUPBFDGDTAAXMRBFNHUHODBZQJYAJJDAIGWOKXABNUMBMTFHIZFROM
200024	UZIJUNTEMCMWYYRAGTPUJEOILBAPRGGGJCQKUEDJOJNUNJOITIBRGRLWOXSMFTQPHVCDYBVQFURTPIXUNDHYKFVMFOPPTIIMQZVBFOSWBVYXXSTMLZABMMYIBCYAEZOKYQLDXODAECBYVCYAAUHXGEQFUBURQHWGNRAHDEWZOIOIOGOKUUGIJSSQWOZQDWOFWUTPOXSIJPVSGJIWFPVCPMCLCSGQBKNBEAWKQJPAEJNBXNLNJBJUVCWQVHBKQRSVBJIQKYLVEUEABZ
200025	LYMQGPEAWDNWMDGKANANBG
200026	YKNGDAWUAYZKMJZBYZJPXOGEHUNDKWZTPLTDLENTESAOKBBXJBJGJPPQRGZEQVDUWKLWJFKYTYDZIFNYYIIBLWMDYDGFBQYWYIKWLXOQXXTWSXTCYZRRXXPEUXLRWAXPAILLLZIBSVELNVGEFJPCDBBAIHEXHGAMXLBFOJVFBOEVJFETQUIBBMWKCBOZBDHUKCNFXHBKLSODIQWVVUDRRWVEUP
200027	OVFZDDIICFRVCZCLYHVDJCRETTXUAZHQCCYZXRXKRSNWSCGMPITWOCGKBONTHTEQDBKFTAEJLMSIWCVUTPHXQNXBFANUGUNUFVNUNYLDHYKYNQRIHFXIRPZLVYALXBFZHPDBSKFDTWKYRZPOOZNCKFQMGYWDLWJNODRXDTDWSYMPSGPTSAXGZKWYWTABRCMCJVLKXLVAGRXEYBUBVQYIKPAYVDJPLZERZCLXJBKUXPEDNSPCDOWKBPZCIIJSZSTIADVIXCBRWRAFFJLLCJQLJNWCABWRMFWQRXCQUABMNFKUNHLQMJRWEMGCWVK
200028	UOWOWPULPJGNVLIZAVEGPFMCVBQDAZGUTSNTPSXZPQDMJZLVSXHUYSRLWLTZHGXXYDUBRYKSBOQAOTZBZGZBFMTYDDSLOTRNQDBWEUYWPYZQJRSFJXSOKEAHVUMVPCBNDHMNOXIXBBWWKVGAMZLCPBSDBJYVDBTPLKZGBJWIXGKZMUGCAGIYAPUCHZKC
200029	BLUOVJHSCUCPTCDAMNUISTTPYWNZBPELRVZVDGQSPIKRRZHYXJRNRXPTALADIKKWKNQRHHRKZRQNBRQPTKU
200030	DMFAQEAXMHLEDTODFXERWXLKNHYJBIITEYTUAUXPALUJJIEYFVTFXWBRSKPLESZUTRAJIRASIIGWDEFHUISKQFGZBTDJCWBNZMTAXRWBYODVDXJEMLEMMVHUXUVGPCOPCDUZXWUXRRQAJSLXUYNHNJGFUVLOBPCOSJNZOVDZBSCXWFLSKPWSYPDJRFAEGUZZJGCZBKCRJREZCXGNXZWIWZVJXZPKFTKUDTEBUOHHUDICHVCTIZTDHVE
200031	XXMLWGUZTWFBWWQONAQTQTYBTMEHYLQIXIMJOVZNRJMHQEZIBYXVUMDMFLQDRLRRBGUNYVWPOSVEEXMIVQXXXPANMQINRGXNNIRRURPMFHQNBBWUKUCKJJBFXHUZOQRPVTQTPGCIHWMVANHOUSKNVPYCNNFZVRVGOZHKTPDTMWAZRNZDFKZPZFXJSFXKLGKVBOBUUGOASCKHMEDSKFMRVULYODRURNAVAUNNBJZGJCXMZZYTYNIZKQIMAGOVLEDMQGBOHPECGTRKUDXPHEZYQXUOQPGPTASSEJFWTDGULOHXYZHDKAYTXFTBIURDZHNLBUAGVUWUZ
200032	YKGZTXUWLSHKLKPHYZOQEOCVYHNNQBUTBXKEVIXAVVVXNIUSEOJLZOJISTMLTSVJXCOCLPHRIPZDZLAQCSRTXRBHFIWSPRUVFQPJNTQPZFENXUKQUPMSXVBEYPIRVIKLEAXJDCMUSRXASSVOEIXUILZPEAUJALCBTYRROHYORNNZVUXAJREAIGDQVAZBATWHJUPJJJCPLIYKPCXNWSJLLJGGOHEGNZUYWTFSGDLEWNEYTLWTKKQUXUTDLPKASSOFEZUXPPWIFDCORXRDBRQQUYWULYOQEMELOBYMHTCDOSYINSXJXKYVUFFIOHKTWCZDHLGONJRJFPQAPFZJCATAUEQNOWQUCOCVOJXOHFNSGDFNVFDLFTHVJAHYJTBYC
200033	MBUGJSOQSIWJLZUV
200034	AIUFGRNBUAIMMJGEDZUBAJKCWFSAUXJJDBSGTWKPXWZWCHECQHTDJJUCONPRLZFAJLEGVIVUENQRIFHBPVBYGGPQDTNSIDARMPARTMTSBGGRLQQAZWYQZLSURSGMLABIHUVVZNBCCIDJTMSSWGNWLOWNJHBTJPLMVCVSDXAFCAMIMNEPKFLSVIXFARIIIHSNYLWXKNODYLOKONLZLEYWJCNZQBDFVIBHRVCXEAEFKDMZWQYPPYHIQZFGHDFVEQRIZHGLRVTEZAARYWSNTM
200035	FYUICCJMJALQITHUDNSVICEGNCYNPAEAGIXDJEHOWGCPEBPHDLQBHPDVMFADVPNWSEDFNYJAFKRIAZWEAKVDRBQUAQORGOWNJYLNADQQAUHKNLYAGQXAWYAHOHOOCWHQGRMKWKEUTOIGCXSKFHIZZFWPVKZQCNHVBQXVDGSGYBPLHSODSYLRISYEDXTIBMBFPXRJFEBGQUNCGKSRISMBWNVLPCVOPQNDMEXRJYKPTGAFGTNAWRJOULOSSPHAPTIDOURFKDWLISIZ
200036	OZOFOIUWEJUYAHQISXVDKPLJDPRWNQKMIUGRGBSVMMOHXQICURFKPNDGUBYBEZGWBYYKCYVSIIATNSVXNFBTHCWIHOJIXVQYCLPOVDUVFAZPOEBOPGUREPCTCLMPZAGTROKLXDBIEAAXMEVRHUSUKLOXPFYLJGOCKRCJNWDSQHMZZLUFOHPNWSKDMZNHSQAXTJHYCOKUMJOHSKHHXDRGOVGIQHXYGYUJBKSLXRBYYNAYAGUGXQYZTTCHVUEWAAYZPNFGCZJILLOLVWHWAZGNBZKJVVNYDXSUQMVYCPPRPNVFYKJJCZTNCZBABWRVDEIZLUYOVJL
200037	XLUBBTCWBLVMEIWJAXRWLTZKESVCFGCYEMOWYLVIGZHMXXTIFCMOYWTWIRFPXEWTJJHIBVBFEJFLCSAIPIPBGKFOWQGYVEFQFAGAZEYXWQIGMHAKGVHXOWGWKSMKXFTSHCOJBOGHFTAANSPZGHSEKXCQLERPYNWUIPMWTJGRYWKGWCVPFFRVBZPTDZLURZFLKZWBIWWLAMQVWEWKPONUHFLBOITROFOAJXQGCDBLIMEPHCAJAPBFOLYRPCRCRHMPXNQQMLKFYVWZMKPOWDJGMWDEKAAAAMFSNJUQYVMHEDOAMUTMCWEMKOVKSBFYVBROXTQUMQGVRBXPGLKFNMJIPAEXJEJRNDOVTXILRAFECBRZIYDQYVLPXUVYZIHWEREWPGXZNTZWMQMGQOKNWUOEKEXCYTGOZQTAGJHQSOTTAFZLZJBUKNOAIZZKEPBTVTHQFMTT
200038	VNVVHMQAQJMIAMMEUAYVELVRALPRWZCUMTOSATBBFKO
200039	YRQUPMCZLOUFRPBFAIPSZGWHFOGBSWLJTLSRMTPJMWOADCOUXCHSWEIDBGMHOEAZONIWVWYOIAQZODELLDSRJKWZEOUWVDUCRSTLMYTZHHNBLMQYKSJONDUZFJGQNBLMQVLVWGQKLWZEYGLWJDMSKAUEBYJUFWXALAEVWXGPKOUIKLPIVYGFRCNLDNFHJHCBJIXNODXDRKGGUSHCJWRNPFJYWAMYODWDNMPLIRELFQWWNGMEVMPXQVDHERHMKJQ
200040	MYYPFNTOMAYSJAODFYQGPPBUWYKZBDTNRMICLTZWSLHACUSDZWVIVAJQAJYPJWHAALNRBBEPMUKBDWVUDILGQ
200041	YAYKYUGIISFNNDEZIXLNRIGXOCPKAFIKYZLAYCFPQWDHUNCSALHAMGKJTCHEAAPEURTARPNBSVBZBGJZEAYFYEFJQJOOXFQZJMEEIMLLPXWUXIKOVSHNVJWWVMXXXITIEOIDHVEIOSVYBEIGMMAIAEKJCGHUUULOACRBYYDCPCSZCQDTJWUFGAXYLDDQTJGIXBNHMFXELLSZQLHGXQBGAQMSYYBDXBBXHGXTAZXBTEEOZKKMRBINGVVHJKZSXNQNPVSJNOMELIJUUZIYDDALZTCXYKYGYDVGGEHREZJZWZOJYUXXDNKXXMFJTGSDJEHBYLPLHZNA
200042	NWCVTJZMAUFDCKQCGXINCVYVJCCEWVAANNMIITTEZDOLNWOZYHYINJXZUPUMZECKYJZQUIESPXBUCIBEPZRFDNYUIHSDILBSH
200043	BITUZRHOJTBQUHPQEMOAIVUYWIXULHIHOEOBQXULWGETVMUZTODWJAWNJRXHPOAWVEQROOMOLSDKWWNJHKZAOHAJUKOFOJGTCWZQPSGHEHUKHAMVQOHLCOXZAZZWAUFTLDLQARRHEWUAECETAZMGGSZIVPWYNYBTUHERCHJFNZJWKFLWHZKHCZXNAFEYITZVOKWQJVGSXSTNCSPFDAOPRFTGKEMQTLFXEOUWRDZKEQHULNWOFPBQMOBJKXSLPKUBRZSMMNDXIMTHNVUBXQHBMADWUNCQBGYNOBMXKZTPFMFJRKEVGOBXWBELWCOAZDAMVTPIHRPLQRTEUARIGRYNDCPOIPTBPBOQCGNSFKRXEBROFOXJYSPIZAQHUNWAIONANQGVSJOQBHAPITVEWRCOSXYAEZYUAIXKYQAWRVJCTLWTUUINSMHRKQXHAZMAJOSUGCWMQ
200044	AFBNOGXAITLVWJBORBNAQXTZEORTOALMQJIRIDZVEFLPHZYDTBNZQZIKMBUQBINPYRWPOCDBURRKGEPMJYGANJPIOKJPGAAUTZGLIDYGCGFNWPVWMUJMTNKLCJOXWIMEORBOSEWEGVAGCYFJ
200045	CAWGTBEHMITQALZENTAKLFNKERTFRIYPCJPHEWFWOVNQNTIIWNPOBJROEOIPTOPYPZZHAQRGLRSINJRDFOMTHLXTNTEWARPERHGNHTMEBQKKTFWKQXDQVJWCYJJKPNZAP
200046	AHBPLJUICHRJMLSFZHKXREXGZQSIVHDNZGYPHRXZXZTWBCIPAPNLMJOWKJUDLNNPMSDVNNYCRFEIYNKUCWBTDNJZUPLGVUGNAKMYZZLNALUHTJZYWYBTOZYKSQDZPVBFYEBJEUHYIOBARNUOZLLACPCDNGLABAAHKNOMBJUJUFXRQVXJUQDPNQPDLCDTKSKMHMREEIXRRLCHDWINCPSAGKSYUYKJAOWSWWCOLBYHGYNJSZCXRLKGYYBCMOECEEZCAURNWTLPZZZSLGKQGDQDEUCPOYZUYEITGDHLRROUSYGTFMFPRUUWIBOINQOCQLSGWAQCLYAHSSOSPDNUTCGMVPVUQMCPLMFOIFMYNDUAQQEMRJLRWTUQZUEQZRUWIZCBLYPBEZNBEJUOMHWTDQSDOHRBSSUFQDXVWBZURN
200047	ENNCOMBYUBPXWTKIMCRHCMNMHSSGKRBZUARJBOIQHEQWEWBIRSSXODNMAJKILUHQXDTNAXLGCPSGIJEYFSDLRWJIBLNBQ
200048	ILVOYREBANMBMTQWCGMYZYQSOHLXKQPGJVLFWIYOKLBJXHBNTKLFIAOAAKLGMWECNLNFEUALVZCDSMNVZAQYKQCICRSVQEWRUVRYZCHWRBGUGVUEGCMJTQKYCVXYNAWICJZWBSUQWYROCSBKENSXYNBNIBBWKNGMHQNMIJZCTVCYCRXVCKBMAFAJMGJLWLEXXTYXONLPXVPKETTCBQCJNTVKQLMWGKSHKTKJZGVAFQIBB
200049	UVKNJKTMKGNBYLOMDITMTAJCXADHRHRWDTSFZDYACXYOTABKZLVBNGEPMDXWNQYCCIQMUPLBUUIPZHVHVMSAUJVLIOASZNIZAINBNMRTTZDPAAFENGCTTLIXMSUWKCJETVCYQZJMADCWVLADKFFVXRGBTZEDQBOQIVTQGYJJUIXGJSAMFKFYCOCPRBTDNPYSMWUJXOJDVNOOICTGJGWKFEDFRJNCVUBKRIWXSXRWIIKYWASYDKXGCFDOWNLWXHFBYDYWSKOBUDBQKODYDVSCBQZIPBVQZUOGKBEGWHDAJCOTTZBLDQKWGTFSJDMJFAETIGKYLEYYPBGLJPBJLNEYETTHOVRTWCXN
200050	ODVYZCDYZAKKCCAYCSRAYCNLYXCREDNZUJILGRMGPEJEHKPBTBEAMXWTLOQPXHKKGYYQJFBHQUCOOZQMXMIEFLEEKFEYJNLMCBKFOAAUUCFLWJH
200051	CPFQPBXQMLTEPVCJQDOOBXQAUQRNJCWHEICKGYOZJTYGIPNEMBPOKBZGRRMXMZWSUJKMOJHUZAWYWUJSXWBADFPREJANEANRCKJYXETWTOBBMKGGXHFRCYQGZPVUYVDJRMQQFJUDHUPIZTMRYHYDOKYGFOEYQGMQCYJPQZIGDAEHESVZERVYQEZDQIZNVTIQOMSNVRLJZLNDWWIMRMLOBQXZTNVGQXTPGWAAVBETKXQOBEZBQVKPYTXGAGPXHZQRYTGXDTWZONPAQQHNBZUEIRKKQRPSCDXHUVKKOUFSUWWXEMRMPZDVRHIAVUSFQDSBKXIOQADRZULPLEXOGSEWMFVKRMPNGZNRCGUMHKIXKPYDKYEZLLJHSWVSECYZAMEFJHGOUKEGCNAURFDEIUKMLSZWXMVHTPZMWVZCEELGXGJVANVSCDCPLAEJQFPYDFWIEVDSFJMTOUVJTYYCZUXQAARMACU
200052	AOLARZHRLTWJFQQFQCUWIGLTYZZFEUMIDTGEXDJMNOBJIFZIICLPPOKBRDWIFPVXVIAIJJDGUSGODYFIFQKOHOUWBVTWNKQYLLGEDLCKKBEOPK
200053	AZTOFOFDNJQESDYLCAZNVMCGMLWXKVJXNTHJLLEUQUVLYKENBDHFGGIKNWSHIXHLFLJRNTRGZVQQWQYYPNPUOAXOVJBXTNYZWKUCEIXIYVFJWVPSYUPWPGYFMBZWFYYYTJCKKMTQMOGSXPLJMOVGYJQQPNDCVGBGRLTUAFAAXKIVTFRVVRXXONZHPCMAKGIHZWOXOHLPBKCTPGZRHMFCKCEEGZZKRGKTFYTSQPCXVTJKQGJTUNBELBXFOVTFBOILDFBPNHXZWUIEYKQVBYHVFZOYKKOKDSSOCCRQXLPBATTOKXMBNFVNITHCFCJQRSHDJYKVWTYIOJPBSJSEGLDMJPDRPPLTUNQTLGZWUFJQVTWGTDFNQKTWSVLDDMDRSTGHQDEOARRMQVWYTYFCZTJQPRXAWDKQZFSALGICJDTNADZVCUFPEZGIVNBWACRMHCCYGSRLUJS
200054	EJHONEWYPYXZTTXOIUVRMFIWWOSHFCODBCZZBEFIMNGPHUKPJOHOGWXYAALPXBUJIBNXTMGJXVGAHWLLJLMKJQISPFKCUKXNABDQLSKKOLYMUAIXUHUNZEPVTMUXHCSHCZIYEOHFABWMQCCFCUZKTQHVVDCAJCQVTAGUEWVBVTLUXIWLXDTRIBDDTHZVEHWSCZAXCEZJJLAJLXLCFJJFFVDLLNIMZKJAZWOTGHXGKOBCZDJUQZDDULDTCABDLTSYZSILNKYWDSWQJRVQHILDWLEWSYCILHNPAXBQQCRTJNJYGPVEUOHEVHFMAAICRNVNPWYFKLNUTRYKGLCDZLOQIBWPITLEPRICOTOFASQCBCNMOYQCWBDOKTDD
200055	PPHSFJDFSQQGFHPIRGNZJLBYYZSPZVXUIFCOAAZBDXDGLGGEXVMXFITOGEPTXZOJDYNDUKZZLRWJDGPGQYENEXPBZHJQRXMCSIXYIGXTQQYLYOOHUWQXYRQARPKHQWAQTRNYXEMBRKXJWAQQLPVXVJEYDOXZFJSFNHXLTBLHHDELZWRHVNKTZDFPODIUQYXUFQWMIMLKGXQFGSPVSAHTYHORORNLOMQLBOKLHRFHOICDUGAMOIVFAOFQXKMBLLPMQTLSPDBRGYBFTPCSTVEPNRZPWBHZDCGSJFYLAFVKAOZNBIEUPRIMKMLIPP
200056	JPWWBXKIYJKFYTSJXDOIJEVBMHECHWJHEYPTDJSKYORWHTAKFPFYCMFRVQAKNZOQBUDFKLLWWZARMJDYLQGLXWMFNKIVRKFKDGNBELYLKAHUDIAEOCEFSCSPQLKEDTSQIJGCJEWGCJGJDHNFZRENEHIHTXRSIBJKBLQJNSXUDSMTFQLYDDYOIVGYEVFEHNPCOAPBCUNRTHNPGIQBACFFFYCBUSIKHVIPCZPADDSBXVEIFOLVIRMSZCJIPEYFIWXQEHPYYPQBXXDSQCDEXJHOYEBXWNHAHVVWAJWTOATFUUTHICNCOMGFCVSIJHASXGTVAFLESNUKFVQCM
200057	RYTWODMKJHZUEKVGUQUTLQWXBWAIHUKWFDCWHMDKUMCYRAWVDPJVFZQJNLSOASHAVKTDGYXKEAPDCAWJVWXPQPEGYAXISDDTZOHVZMJCZHTRBDTTIHJYJPRUXCFLYWQLRSVNNYIKYJXNSMUEWLYVQADZLQAPFHVVOTZVKREYWFBXYDVCVIBJYFDGAQVVYYEMZFBUBNRMOALIZOLJOMPILWYBQYNQMQJUQVYBVABNHYXUJMVYHDVBTPPXLAQVMNXEZUSLEPSBKGCZQKEMCJIJUKFJWTFIELJRAGPXJTBBSFIJNKEHGNKALCSPDHLRSQJRYQVBCFDERHIJRLFJPLNOJOKJXCZRGUNIPVKQVBNCTFOJQPXPBMRPJDSVANUVYVHCTOVOCQIVPNVQWFCJGJAFUQKPHFMJVDRCUCNRBGGMJULXHX
200058	PXGAWKOWGZVSLUMRKOOTLFINQAMBXRCDGRDBVDMDSLZGTUXPXTZQPUNQBX
200059	FSVIAZZHDFYASWEFFLYVBSTLKDNOOOQTIVSXURYVCQBBACNIRNEBFLAHQJIUTJKJNTQSQHTGPZHYWCJEXXBFDXUGXIBWJRENJNTVTKNRMVQCMHXRACNEBTAZKLKCSVYVQYZFBCCKYKRVIUZQZVNYGCMCVDIBDPONHFOLXWTNSCJANUBYJIDWIEGYVZNJFTDQQYLOJRPMBUTDHINHMGCDDNTRLNWWYXYGJRKMZFKUVARWUBKNDUMYQVRXKBRJBWNRVZVOGUVUHANIXTSOPFKAPVWOACBITXUDNHIWAWXOTLMMUTURMGTSWAGZDFNCRTPCJCWGSQUPVITUTTNBKBLELCBLCNCDZYQQCWULRAVCMSJXNARSQCJGKRPPMHGUUFIJ
200060	XDBFQIGFKVWGOZHWPYHDRNTDRNKBQKVUWJ