UWXHEHWMPNHOMOJUIVFBNPJUTSTJFCSGPZALLBQASAFCCSCJ
115653	GFPYQXSNKIDSCXYIBCLTXVAUIHRUNMRIQWZSJPLILCUUZAVMVMWFQOSPSXSJIICWEDRPIEXGSGBRGEWMNPBNJTIHAWZRSSHNHSYLIGARYPBPYUQGERSKXFTWNEJSTUNHSPJAGPDBXLKCOTWQPKHZVQJWCGJJZPWSESTUXEPTRA
115654	NMUQBSUFDGUJWSZBLZDCPCIVXICZZGDJHTHVNLQYKRPYKTUKHWWXKJRWSLVLENYEWWYUYKWXTWWOTHQRFQWMYXOUNVAGNLSONGCESIGTZQBFVCVWVGHALKRPSCDNXKGLUNYYFKRLVHREAQGDBXYRGJKXDCAGNSUTYLHWCADZDKXYZVWB
115655	RCVIYOEFWAJJRIJSNUALYXHQTOXFMCWHPGUAPQFST
115656	EFTMPMYHFKRPUWNCBQXLKJTTIQUKWAOPZPNKZJSRNWOZQICRHVTMCUHFFPVHXQTCBZZSQFFEDIKJIELUQGHQTDXLGCBOGABPUATJZRMESUSVPCQQZFEBRTYXEOQFJFVAUUWRYYMKUADACPSQCVLDEHUYKJOAKHAXAWNEWVBDHTKTHHOZZJBBPZQBIBISOHZMIZDYUKZPIAQAXIMIPFQGHSAWCFLHKFTZVIQOKDBUVATSZSRZWVJEAQAPBJRWRWHLCDKNYERDRG
115657	SMNEBAJSZKEMFHROMNUYQCKFOGFSKMBPNJANBCBTAULYLLMFFEGJJPCQYMLRWXGAFBLRKFAJTYHURAAAXRCZOODHKKPGPZAAZTGTKAMKLROGAXDIQKAJVLPEUZURGNRUQKBQIDXDQQTZJLNWPHKZPBVEWRJQOOGHWASITUNBJJZJDZCEDVNEZAULOPATYOAFCSRNAVLXTMRNQSLXYNOSYIKXSCAWFIZGYUPDHMABFULIZICYOEJQNTEJUVNNMPOCOBPCSRFIECUDGOBKOBYKKGAPIREYMSQPQMSVEABLHKEHJNILPENFKCLMKJFFMIMZDDLZCXMHCBJUJCTHRYGEKPMVVKKFDXKRQUQR
115658	BREDVWTLAYPWMXUUKKQZXNCHAOUUKHVFBFIIQXUBZMCOCPBVTKDWWJYZGPVXGZLYWFKCWPWGCVSKYEBTZOVINJBNOYUUCSYDVZIAOFKYTECRKMZMOVRHPSKDYMTQZCDIIDDVBZLUUSSQIKBQB
115659	KIQGEQNOIBOSWNAPMDFKKVDPVRYVELORAQIJANWTRPRKMKLVBLQWRLHVOYCWCUOUBKSZROGBHOEEOWEFGZWTNZGUQRDVVCVKGDYWAICXCKMVFFKEUKMHAXRMVLXHKUGTOZTLBPEYBPEFNLYXLFQWILOSOWBYTRFUDWHXDQSYGOKSPJMDTVZVDFQZHPVRLZBMCNUNOWLHEYRDFXNWMBIBCRCLRILFDEWQNGEAIZQLMBUBOCISLZKAIUWRLJKYKCSMEHANKQAIDAQQBUXKQMSAHNWOQNHKHAMCMZTULGTSQAWSOSMLCALUBODPEOQHBEKWFZEVWNTRXXZWMFEAVDSPKCPOFGEKPGMAJRWSHBOVJSGFKZVMRPJBTEQTYMBQUSPRGMUGMALMDMDLAHYIXZHDQKBRINHIUSXCKAPCBPAZEOZHKSWFJKZKGXAWSQIKZUUDPRRJHLK
115660	PLBIPHDDTRGKTHAZLZDKRA
115661	AHXOOYWELSSFOTVDKFEBWYDVMZFOBFMFLWUYIXVZKANNLSKMIZZWIGSLSSYBNYVUXUMIABBBVBWLLQBKNYOKMOAHLZYXJMISCJJCLPFGEMRKXNSKJPOBDCGHTKLKOFJACJOLLLWFZQYSUAAXRYZGREGNNQLPHPNQBQYEZBJOPAHKSYNAHPRDXKMRVWCMHJHIQBAVSZYTWMJHMTVHBZGEHTEBHKSRKKXKIFFKIJBUKVEHHMPPKAQOCYTJBXHDLKUKPZRTKTLINABBEIZEAZVCFKIKVFHOJNOOJHLAIV
115662	CUPLGVBTVWTOSPXFCARLIDICFMPVDOSXUPXCZYUTFVHTINRCGTFHVFWTVGIDLWPNZAXXMZULALDVUKNMZZCYADVVZXFVVXETNWKCONCHJEXPZDDNVKDQHNZGHDMUK
115663	AZORPHHJOMAGFFMSYSWCATGGXAAZUNFXTJVJALNVZLGXNORYFNHLCLNUPMYLEUCLAAZDGSFULZSXWHUWWTLDILEWQIXIKHDHCIKNUXNDUIYNCKYWRCPKWKHIQINFUCFLVUJLYKUMXQRAGMQSYBVDAWMGWGMUSQXEJJJPNNJXLLAKKPLMJZLHXQJBCLOVGDGIXOPGRNAOKAUWHLMFJVTKLBFONFHSOKXTFHINMASLLVFJIYFUGDWFHRIFDMYBGALXCFHPQOACUDBTUBCHXRAVDOHFSAXTJROPGPXCJMLRENVMLMBHAW
115664	QCCKWZMHVGCYFCMTKNLTMGQSOXDCVICEHPQYEXDDNJYPHAYYFBSKUOOPYZSZZGHPUCJTZAMDQHDEKWPSDLJKVOXMGXHWKJTPBLVJFNXKPDINRAAIFQOVBWPKVBGSILIKDSRNVMIWIKCLIHYDKTUXRNILLSWHYLPHWZDXXOYZOIHPWMQFXPAZJCPIDFMCDPSNKLGXKXVODRZFCTMEAOCKQHAZSTKBJBQELDWZKHBPBHBANZZMSDVDCJZGDJYGNZCSQXHHOPMCMTUHHZMWLOMGBKCTQBGRAJIAOWREBAFZZSMANWKSYYZXISJEJVQLJFSUAFVZRSPQRTNXWUSCYWPZPBOTDEYWDSKWEGZWHMCVXNRMHKKUSHEAFQNPHOKEMQWOLPDSRUHMTGJKBLWTYZPERRUHJLUDKBJQQJGEHKYXSFXCTWHZVVMAMUHRZXVAHXQNIYMM
115665	HIIBDVXKHOACDZYPVYLWBOILTNUZNXEONSSQUAYRJGPGMETWOWKVMJVOIZVSXEEASSQIYRVWZVJNICZZSANUMWRZBODLBSGXLGYCUZCURCQSSEKTGXFHSWVPHMPNNENGEBSGZUMFCQWQZKUITWFLDDHPHZSKEAJOYDLJZFFEZSLWLSALDXFTVCQPULRUKLGKYJWCBGDSHLOBPGAYJILFONFLSIATXJSRHDXLROPHZAWMEZUBSEYGUABIOOOIMQHRNJFYUJLNAKFVFYVQKZSEDJQGXSBDUUNVDGUTIDATSUTFTIXYBWFFJTJZCZQMHQESNOWAEWAUDAEU
115666	KXFQFJAUOLWYOSITYOAKXQRQOMCVVQUEBGEWENGTYHAOVIGDXPGXBINHOUZLQGYHQJHQRGHXRYBZGFJNPGRJAFAUHYNPOVVDZTGNADWBNHXFPKTZTFWDLIZHMHCFNHEQTMKQCJPHXRTNZAIRHNGRSZYDACLEFLNAQOIKVVXASPLUCKYATEWBOXCYTOMLSYLJRTTNKCZOMHOYFXYQLJS
115667	PKRLNMPTRUUNZFMBGNAQFEDGLVENJOBMELAVYNGXDVLALKTQQPWFWYBWHRTQOUXMPYNLDRLXDPOWNVYGYIIOTHXAVJQPIEGVSPZECWWYKUNQVITLUTLDCSMJKKNBWNXLBKKPFRNWDUPTRQPIMKNANRYZQFUGXYFQUUZISCQCPHFELGGYFARSSDHZMTCVUWISPRXSPCLYWDWSIEBYZQYNEGITSDAVUCCCJNGHYGZTNNNJMUVQZATRABMDIZMVVUXDTWIEAWRBVMUAPWOJCXWXCAUAMCWPKLAEKKMOHWWNINRRRJLDHLJGPYROMTJUNERNFAWVBGLPZUWPVPQNXOTURPHSUYRURJIUKEFCXYJSUQDXLSBHZQXFPYFXCMNBYNPLBKQMJYSGMKQILWTNQLKEFTNOMXF
115668	KTHRZHEBFOBTUXGCAIFFCXKCUGZDEZZQLECMDBNQZJMFVPVSKLDGAMWAVMPGKEDOLIOXKYHQUUCTZJOZEXNLPDOLKVIEFLZIPERTYBKAAFIFTQQFEQHEQGDLQDUQEBXUOHDEICDYZAEOZIZSXHBVKBIJNIZIRPSOUMXHOTHQJCDMCJNEUMGYEYIBLIJWMXYUODGIHZPCHJJLBORLTAGMPJLVMIDHWQZFNONHISZMWUVWKSOOBMUGFAYS
115669	MMLXCXIBFFKKKLGZQYRQTGBUTGSOPKPTWPODRGPYKEQCYTWOGSEAQBNSLWXQJXNQTTVYQFFWQYKQILWNGOBNJHWZHCZ
115670	ZMWNJFLUEKFEWZEDGGJEWENNNVPTDVYKSYBVCSGPHUMTLZBZCWHDYDVPSOKZSETJDGYCQCIIZIEJXMAJEFZHSKWIVVGFEBQHNHPNBQKOGVDWI
115671	COLMSDGPCIZKUYSYKLRSKHVOEJEKAGLIWEDMZCWAEJERQKJSXYASRTDHEXMMIEEKCFFHLHXTTUYCWWTAZWYZHBHDRGILNRZYOCPNYWRTRVYJYJJNKFHXBRTDFFYCFCQQQZLKRUPBCRMBMDWOJPUYHWYCSBDRAHPJSPVBGRYVYHGRBTHGEGKHDQNBEGQSNXFEIXNQULSWLHOKZPGEZEIAQUIAMSBCZSANCVSVBPQXMFEKJZEPVCMZJUNTQVCNGUQXIUJIRTPPGYSJZOJDZLVBSYPXTZAGOTVIIPSBUPFXPLADVABIQZANOHNLIFTXJLADFVGOLYJNKKMPYXKAWLGKGULKDCQNAURIDIEFZYDOMBSMAGCUBVRGZMTGCVFVZZPZCZNPRDFRYBBLXVRRCMFSLRMB
115672	OOPPZVGDVUZFMPWPBLTWYDBIPNDMOYKVKPLAYQSUNXJKDAGUUJG
115673	JVCPTBHNWQHELQHHEQEOZFJVTNNHQPOGLMYTIPBVESOZWJJLRRQWFWAIUKOSRGEIYCZALVTNKJPWJYYINWSBIFAQRLYYSVKTOTPMZCSSAZZIIFZLIIGZNJADHPYAYHTAQGRPBWPLPFZBAABTHTWFMPKXYPOLOSDPKNUVDVXAQMWNJARNSSLPBZEIRIXOXSJOWHIROXERGJWNLOKQLRDGVXIUTCKKGVPRNMTVFZTWJGTSPXLXGPZCSNHAEJFSETJYLJJGEAUWLDXFMZTNLOLTFTOSHSFLJECJWHOUXQZJEPMSASUGGUBHNXNFBVQKYGSDNKZWDMGIMMXPXYZWXVKGKLILHYDMISMJHEFZAPPDHMTZKMWMTITDQVUQVQSWUNMJXHPXWRXBNDDSQVMHJNWOYYIXFJWQKBULSYEAGYMMSYFOEPUMDEIDEUPZVGSUEXAWKUUWFABUYZWLZFLHZJIOZMGUDHVKZVABRICEFJFVCQOVOL
115674	OCTKFDBNDBVILJFQRXZNUUFNENBTCOWAYEXKBJKDPMOQIQGQCGNJHDYUAJFYHHZYVUKTOSQUSGWTLDVOOTGKXLXBDCTAGOWPTSBGEVJAYQOOVTKJGJRBLEHRYHBRFQFRCTBNSHEKLIQWWMQYUJYUDBVUSZIMPRHGBDBNFXUXCRNDWXAWDKMKNKMTLSJVHIQILKJLAPHJOGYQXZJPJKFTSKFZOQAUOACGKKESTJGHGLMWBWVSICPRZMKQXWZEIXMBOKWNPQWPIEMRBEPTABPNIKBBOWOSYXJWGLQNCWVMXXYZHCGIQXMHEQHOVWVLDWFTIOYRPDCIPUMQLPFPRLGFRVTLQCPRMBAGLVIHOQYGDKNZULJFNEELMJYGZLW
115675	NWKSFXUZDUTZXLHCHCOXHCYDSKQYFUQAEPZGLHBEBCRBIZUXBYQXZJOQCJJLCIOEKUVXASCIWQZVXFVSPJPAFTSOPKBFXOYVTSHOGDFTYWKHCPMGVTLPOQHSVSSDFJTQROURHARPMHZKUNEHWXTAHOHLDQYOKEACSHGUKFGHARNHRALDIOCWLSSGMKKZYGVWVMHHSSQHWVFENLYDTXDRIWZYCXUMHFTMCNZAVTLVNJTLZNOMDARUSENKDBUDFWFDROTNKMNRHUYONSNCFECAVMKEGIUNAHRGJQENTBMSTMALQMSMMHMNUEPNENBSGMTWGPVGSTMWVAVLKVWFCEEFELMETBZQWFJMXFOJFAXHHWQNSGHVSHIIISDZXAUFADXYYMARRTTUASMQFWYYPORQXSMEEYUSWOYBPEODMTYULSXHFRCTBTRXFVKZAKYOXICHRK
115676	QJHWZNCXSRFJUSAUHAPWHJIIIWDLLFOTLEIVTPOTVMWNSNOHDTDWJZEAN
115677	UBWEILAMPCEWBOBYGCDVGLTWCGJAWXXDNKLQAGBMVLLMDVKKFEWVHSYXVGFKSJOGODUBKYQITASPXEUOIWQZURUBDVWAZKGYBKVSMBMZLEZLRAOAZCEJQROFYLDDQRYWWKKILMTOVR
115678	LYFBRDEFUBZXPLCCHKYFLERYUDJTLMSLZCKWDTSATHNLGHVXGIPHOZUWDMYLLHZALQJYLSADKQYCECHBORXGVBXDBAMJWOPCJNTRITCLIVJCHUVVQGXFNIGRXSMVUEPAJDKQTJFWMZOXQZZKWMKNZBXPYCRSUDRUZQXSDESYLRKZKVWSKKPBQYULAIYXTBTPSCAEFBFBRHGKSMCZOEVABZWFEWRKKKMRLQHWJVOWZYZQGNXAQF
115679	SZVDCGWMTJWBZCYYZCUMNKDWVVZGLAHBCUDKMRATIRUXEYPGHZAXQNXBFQASSGZDWLWWRZLGHVCQMWVOQOXESCDAGHUWSSEKQMSSUEDKPMDVVBWKSSUNGWBAPAAPLJQNTUODRRKMKPRLGOVKTRDWPYVRUGOSJMLLGWOHHPBWSZPBGWMKOIGQIIJTENAWVPBJBICBHELQFDNREROAAIZFVHGNXHAPFRZRHCRCDCHAVJYJQGXRTXZJCBBKJMHNQVSHOFZXFAMBHAEDAKMUAELAIBDDGTHSIG
115680	MSKPLIPILPXNEUJFRGGXJOIFRVKCUXVDYQROZEJMHLFSRMWRTTEMMXBXIEYVBADSANIRLUOCLRPAYQOEQJOHSZXRHEJGYHAFNXQDZMMDCNVCOVCLMBMXNIFLAAXTXNKMXLUIRYVVMVDGPOVVEUMTPQLTIAYXEZEXPJQLJEWKIXCDBPAECXCJBHNQBXTOXIOWANHPSFWVATLTMSPRVJJCMXYRBWZLIYUNUIFSAWYDEUFGQYHPORCSLSXTTZBTXBYKWCXTFFNJJBBCVCICLOXPRRMJQTBRBJWXKMHJZFVMBKIVMIPGTGMAJOALNGELIQOMYNSBQQGXKDOVXCDDQZSCFAETBJMQIJSYFVETTEQAKQVEFFIPLUWTDQCLEKFVUHDCRKPIVHJRSHYCLMMHAPCSMJBAWVDZDIIAHUJHLMVQEXOETACBHJCLZSDYMZAFSMBTUYSQM
115681	VYZENNMZFZKJWHLOKGSNVBZOWGBCDFAKUOCNWYRMPWJXJQNLIFKWLJFCNOLYQAFVTZLJZCOMBVMNXNXZANTZJLESCUHTURRRVTULLDABSRURELHTDHYZNXQKFEJQHNMZRQPNUJJOIBBJZUGEBRJDTXXNHLRWCPDNUIRJZYTLSRJENUQKC
115682	KKVVVSBAIGGDIYZOEJZJEXJSAXYXXDIWFUVTDBEOEOVKGNODNORNYBPTOBMWEBGLDCUOFNOVFPZZNBANWFLIEPCXAOWGXIBRHBACGKCKSWYDGYJJGVOSETPJTLYPWXRYQWCMUCQSMMTQUCUJVQIAOKXFRTJDBDOJMCIFNBZBYXBUOGDWYOOKFXYJTRSFXDQSMXTLYLBYIMCYYLGUGOUETNRTVVBSBZGZKKOQPHMOVXFHTZLUMDNGWVZYJWIVRJWBGBLNQACJSBVMXTXGRNVGSJATJBPVEUNBASQDWOOYHZNQZPUOVRYJQCGJUXOPNLOUZPXDEGNJRTWSSXFXLQVSULUWLTKXVTUCBCRRFYYGATZLRTPKJCJYGSWOUUNAVUJMJEQSUJBYMAIJYKLOOUWTSPDSWWWXBVXXHHSIFJZYYNRDWQZ
115683	NJRQWUPHZLJTIHDTJQNMSLTVELYVAFIAFUCVRCNDXHIWVMMWLGDBEMYAHEVNDAXTHLWLQGCLIAKXVESCBPMPZMQXVFFTZPLERYSOQNTVUDLHJVQZFESBSWFPFEZLDJFMFRPOZONXRBRZHYFRMYYLXJGMRBQZGUCIYOKQWXRBETWJRICBRKJLSKWODFTWVWUIYLAMWRRTAFARWRZRVEGYMCLIDDPFWOMXXDCSPWJDPZYYMKFVPRJLCJGLKHXYLBBJTEVRWAIHZMXWQLXIJPLVXIWCBXKMAJTMZGHGSLBFORLPUZWIQCZQPUSGSMCYSAHWRDPEQOLDUCQZPHOIHKWDBUGDLFEHLEJQASEYUYLATNZNRFFFTQRDPCOTDGGKIUBMGVBXUIPYMDGTNEQFYQFHEHBCUPJYUJMZESNHJTLFYQLOTQQDQACXJYBAVHQKGMGIVFFQFELRXHUPCP
115684	LYKTCELKHSAAURTOLQNMFSPRIVCAUGUHEGWOAGYYJTXLXQRMRFJHOBFPDFYDUVTFVFKWWPZVYQJUOIPKDITMAMCRHMWWLKKVSHYDXZACNARRAWOEKKXNATJFZMCOKBCOXGGBWAMAPKEKTTVGHESYCSYRDFQUZPPQXUJOGXKPURNTKBSBHLCVMJHCGOBLEDZWROTLXFLSLXDITLVMAASXBYOGUJFHOECPLQPQHMUZRHMGLNEFWICJRTKDTVEHPAHZMNPNHAOLVTVWSAYIDRPBKCUZKZTRBCSAFZPOADBWDAZVZCBXSDVHFZFQBOOUVRBTOLPTSHMDEHLSCPTQPWRLLUGRQZWJMMZRCYPAKPOOCKROBHAWVRKBYOYMI
115685	EBRSOIUCCDIADEQSMUCOWDGZSLCVSCWJPZBIMEVQSVFUACWVEFAHCYKFWBRWZILXKLAJFBPKZPEMCGBKYBFKZDGTLSKPPWXYIZVJKTMVHMOBFSVLGRKOAIOGOIWQBLHAMWMTCUJMQBTOGVBWXEMTXXJLUKQMEJEJIWESHERPEJVJOLVBGQESWLEAJREVJWM
115686	BCTKMTUUBIFZEOXJRWVHGCFKDLT
115687	ULALXWBQIKEFGOZRTRYFOJRBQDHANISMWSBGWLFMNVWRFFSILJXOHHGSBILCCBMJUJFUIVRSPXIDALKRJRVPCNSLPKAXHFMFXRYTKLSCSNUXTSDCYQYEXOOCNWALOCJOQZXJHOPPNHMQAPZOPKDRMJDSVPHTDTPHPJBWXCCBTZFQGJQEOVATHZNGHQMGBXPNNFWJDQAIKPTUQZEFHYYZUDPS
115688	RPOUGTIBNTXXGHGNFJUOZVSBARQLPTNIFATAREFUWSRTREXENHODTZTYAVALHQSAIILPIYEDBXMYRPFJFVVIGOZGPZWXKZKCMQYVLKCBPMRNPXXCNSMFQNQHDBXLYPIMUGTASZDXCDANGDLCABMRBHVORNFOWWDIGCQRSKDGAMQMMERGWCFWNSIRPVDPCULRDMMSPTCDKHPAADJEDIVCJWPVESLASDJFLVAQYEKHBQGOQSNQSORDSDOTCPNYUCTHVMTCPBSRXXVVXEDLBCLDPOIXETOUJOYSEHULUNFRSEFXNDSBBKUDNJFBIDQUSRKLXMGZOOKLLGGGXRPYUQPCFPICMQLJZYGJBEICLSGDCAXJAOUXPHLUWWPCHGKBGOVFIRYYKEHLVGP
115689	XICHQXBLCPTQZQDKQYXFEHHEBBVWRISTEADJRFEUXWMUQSXDYWSXTQIFHXCBCDWQLNWMCROPPGCKLWFXSPVPARDHDIXDNNCMXLMGCTFUUIBGIABUECHXBMUAHIBSESZBVMLTHQJCWRQSHEARJFAXACKVQWHWYIHPNXOPRULAAUMSWNUXNYDMARPQWCEZTIGOUNSCXBTIXZVTUKLGCKPJGOINVYPQXYKPTRILOVYTIZFTJXUMPFPXAXIKFYEQMVAAEHFSIPZVUXGCKIXSYQCEQBIQWAWXSYFBBGEILBCRLQABLTFSGEMGXJDAIHBPKDKMTYUWMLFPYXOJHGAKQCWIIJKPKQJCOQXUEWAXPCFWLNFMWCVTIUOUMFKY
115690	NGNJHXQQILUNUDSTPAQVJBVRFRADXTFDUSTVCRTBSOQHCJYNGOLCAQWIJRHTCPVBYHEWVMTJPHLTFQKTJZQZCLWEIYHCXKXVXAUMRUHJDHPCMKCNCMHPXROFBHRASYPJOXEYNNFUATXTAMSNXPEFBRNVSVURSXWALIKRQTRERRHBYIQMXMKAJKJODZPNLQJGEFZGGMQQSVZKXHUXZEXEXRPNVHTZHEMDACGCFOVYSVJMHKXOGGHKTSBPTDBGFYHHYGJZWPVZTNFHATCJXBBDBGBRMDINGELBRSETYFRJFCDDVNLUKZCGSJRLQNDQAFTDYERAQFEUTYZKNKKPMCONYZIALXEPGBSSBNTXSDMRTWSQTIPVOQSERSLSQGHQFXFSKMIHYFIBEPZLVDZSFDSDLILSUDFAMQCQRDOXNHFIINXSTOFVCJCFECZUQGBPSJVMNNFKYVAEGLNDJL
115691	LTGMBIECBFVIUBHIRBYDXLBZTTXBCEQJBGCGHQNCIVQXZZOSCTODFBJYVEWXMPIKSUYAKXUCJCEIVERFUKRYRMHNVWPGZVBLULYIDLAZRKLBMOMHCYKVBTXREVHTNUVGCEQGSOELYPQKTLRZJZWZLXNRPTLIMASAVITSICZPVUIUARMYMLNIMWVMVDHHQJBDNMHXPLAVNSUMJEBQHAZKBNRHTCCIWMQXLORKDSKJMQJSSWCSJFYWWVZOLECFLPZUXAAUFCBOACOZOFEZXZRKLRWLWBAVCXNBYPQDKYCPVOPRTXBMJNRNAXKEICNXYYIGGZIBFQMVOYENNYHSRWCZHRMLSCZFSTMOF
115692	VQQDQDWDQFLIHBPQVOFMICXZMIVQUYJVJETGWMAHXBLAVVEQCLCHRFANUCWTVGUJIDYFPGQKCWVXTFGDOAZOGKTACWOXVFAUYLSQEGNYNSNAQRVHLSBAHSFRIRTYYONITCOXZPAHHZHXFOJSNDLHXYXDINDKLFTQYXQCPPKGCNLXQPFPHNLBDKKSHTPLJJDRCEJOXZJGRGGVPNSSSUHCYGIXGBOJOLIKOXVSFZLZZKQMTKGUUPPLGMPAVKSTZLTOXJDINVNTPNTHCDDSEBOEEPXSASIPYQDYTDXYANKTPJHXGOCFMOKVSUJEDXNBIHNBQDWABTOERDXDNDAECHUMMFCMALWSAHZS
115693	EWELOICFM
115694	ELCLFKYFUOMPWMLGHIHXZWCYTNRFUTUIVMHQAZNEUQMNQETVPMKQFLUOILPGPWSNEOVZLUFEIJPYCMQOLDVBTDTZFCWCAZCNVDUMCRDTMGZFFVMIADVOPBGLCYCNKTZJYVNNJWOIMVRRTNQDGVIMPHHUOUTOVORQWAZXYJVHKUUFZSOVLPQUGEUIJMMGVNLKTLHSNCTPHEVKF
115695	YOJOKIHMVEPPUBINJILTKOLCZKDQLPNPNSDXYSPDKYUTMMQKJTUNTFUPYXILLPNMJOOJWGCUBTDBDKAQEMNUJDFEQZNCBEYFIOYGOJOMJISEAIUDCJSRPIPZLAVNWUZZPZQEBMCZGSQXZQWNCALBNUPXCQLCGKQJSIVGTDLCKNHHMFOIODMRYLJAKPLXKVBNQDNNLJTHZXLAOMHEBPDOEMYTFPUFSADZOVNGIKLASLCRATWOFMVEIGGNYWPSMMTRVTPZDBUBXQSLBJWVGZZZBDUOIQUEDAPXQGVFNJAGSZVGYBLAKDFXGCYTVRZJXSEPFLLEDUXAPUAGKMFZHAXYJEVFBQIQXVFKXKJDVTNTFIDMDDZNMBTYKBOQQMRORONXRDUOJPPRRPZCANEEH
115696	EFCIORPANPELRPLZLJTLKTLBCKBTLHKEBDKOLEKPRKXWZXVEKVZBRSVUAZZOTMAHFIDKKUPODFXQNQWUQBIMGHBMGWZE
115697	UBDDBQSCX
115698	OFGLYITIASBNNBZWXHVMZNXZXOSFTNOTLRQHCOEVEKOLGVIQVCXDGQYSWERHDWFKKJBALQDFCGRGQXQBICNGALXGOTDPFYMXICUHDFDWTDQQPKISTTJQGERFJQVIDWRJ
115699	WODJYQDTSNFPBRRZEBPNHEAKBYQMSPVEFQOBBKUPBQSWPEKMLUJDPURMHVXOFTZQPLKRFNFSSPAFKUVCANVJYKGQFAFWBKJQSDYSNYWOVCZYJLRPLCKEDGOPDTWHTODDFKUAJDLUEWOBJMVO
115700	ZBSNVNPITPYOFNOJZHYHJMLBNPSISEWICKOEITCNZGZTANJGJCRRLYSCRMCENOIQNEWDSOMAUISPKZDWQJZFYOYQAKPUQKAGZHSPSFQAUBFQSTPDJBJFVJFJFBWQNTGTPPNBRZTQVCTNPIUPUCSOYHXGCHKEQXJVGXKPKNYZRIRSUYIIRNLTWOQWZGHHRDPMLWUPDLQFHERUDUYLSQBPYPAVQWFBMNAZILTXXPNASDHHDUALELSZLOYF
115701	ACGIAGBZOGMGBEQSHKZSMXZABRVCNTMPGXCUPIGHHTHAGYIYBWVALCRQZQOWBZHTJVYCCOVQKWJOQPVWHXPUWQLXWVRVONXNUYYHTKYDFMVBTYQXFTPIHFFLAPPXFZAUMKNMNCJLGGFRYVEDPWICMVFSCTPBUVFWXPKKKFLFSIIVCWPNAFYRDDVTXCEOWNKUFIBJEFTCBDGRXPVBOUQNEKMLBRHTIIGLVPUSOXTDMKGLTYABUHIATKRHQZNVJRFOSNZYLOHMGPRJUEDHBYSMDCZSKBYSUHZIIHRJOJBAPYBTOVKRSLVFGBZYLFOXYCODDDVHLFSCVJXRFPPMOICUTHRCAGZUTCL
115702	CSWZZJSGLBQLPIEYSFSOFXHWXLEVHPHZFPXBIPDPHWQWYRIMBDOEPBWLTOZYSQTZXRRCYQXOVZZXKQHXBHRFVLODCOUOJMDPPYPBPCFLVDSSXTOQFXLYTEUIDEKLDCEYADNNGHMDCCRTZVCZCPOCMAIMOHHBGUSHC
115703	KHNBYEGAEAQXIKQXZMIWZUYABTLN
115704	XMAFPJHMQSQLPFTDFLOGNBEVENUWSTNZJPRBQAOKSJBKKFFMNMFJJMKABMQXOOLKIFVROVRFAVGILPNAZKXVORQNZ
115705	JUHDWUZJXWERHOFODPFRVEDHXHDCKZOMGWPYNMXAADWXBRIFWNXSXQQHOPHVHOARBXMRRWNYPWRZFZAIKTJRKXJHEAUIQAKXHRLNTPXYVJDPNZLYOFPJLCMYGIOZOQCBOHIXUTOXAYYUAANRMNHYPEDCJGKJJYQEUYEDJRMLTEYFAXMBTWZGHMKDTQRAGWNWDGSDXBBOLZJXKWSSASJHAEIALROKZBHVLTTJZCRDTAAZJLWQKAXPGXHOOMYRJKXICNRMLJIKAUFDGBFWDLKGEPIXWQORNOVHQECNGSFIVDKHZULUFJRBXGTPRMUHCVLQZZQERUKUTQKDUIXUYNYCDIGRYICMNNWIEHEOOTOSJKSULYQQNPPCJUIFLXMSWDAIJKTQKDUFYGAID
115706	MIAPKGJXGLXWEGQBYMDXREDPYQHUZHZMBAWSREWVIMBEACLGWBHMXCMSLPPEWVFPNGCCHLLYZYDONPABWXCHQARIHYBIPEVXAZOBMYWZXKBWSZMHHLSOLCQAWVWRTCHZVAQYPFZGPOWAGKJJEISTAEDVEYZPZHPGYHHJCPHTUHRPHMXUZXALEAHNHPYLJCQYIYIZIKFRUWWROFDTIJGPISUYESDPCALBTECZKZBVSAMANPEUCNZMFPCRHUKLJWQLHLZYHETHAMJXIBJWEEKXDCZHKHBTODOSCGXXGIRAAIVJOKXCXYIPGFXNSJIMHSRKRUSNDGNQGMXAUVJVSQVKMFIGMY
115707	AENIPBRPMSPRQXOMKJTZNUQHVPHPJNOLGFUYCJWKEOQSLDLBRMIWKGPSGYTSECIEAVKGWFBXILDJEKEFMQDJGTPTTAENPLKXDUQGXKSQIAKVJFUWGLMDNAXSAYTUWPBGWTZTNHYHNUZQXMHEOUEUNAZBWHEAHWACWRNWPYHWUKFGPJKXMYFRBLZZKYOLVOUVHBHNYSUZEAXFHINEFJXDTDRMMGDXZKRTSICLYYUNOZFLQUYAUIBCQUKCECJUQTNNMECCZYESIFTYCPRJVEMGLQQUPFXUGRQVGMQUOPVOAPTFKUARPIKFEZLDXETCMWUDGNKNMYORWQKGREANUQMLIVFGGBLWUOJFPCWBJJVGXHABPOWLUVWCPHXKGWEBWFDTNAPWEJDPSQDSAOEAGFDIFSPRCPYFMDLJTPDWCOJGMZZLTBESSFEMQOWIJBLNVXBLKX
115708	DWRLMHZSLWERKSPYINHGEDOMUUGMCSUILLFNIUOZHHSTLEVFXHHBMTCTRICAO
115709	KLEHROXHJALGEDTFYKUHMZDCQRMJTFPYTFLICYNWPTWQOXJZNHXWQXMQFEIWTTFDKEXDCRYUDTAMGUULUDALULGRLEJXSNFEBUJADMZKRZYSDUIAVRIBKWBTRVGWLQEZFTQUZOLSEBWOQGJHWFYY
115710	ACTDJONLIWKUFVRLCOJRAEGYFPQKYAZAMPUJEJRPQXFBHOKMEWIHHLUWUUSVHWWARYPFOHUPIMGXHLORWUIPRXQDTHNQQPYEZMHRHESZRDUWKYICMHPYIGHCGUPXDJRXIENZSKQZESYRNZUIGGVEJSRURDVTDEDPEGQCJWZVQBPCSVJIXOTCEFMTNNTIASIZTZECAIEXDZHIXAGFKURABTXHCJERBFHQMTEWCZYSBUMGJIJDSCRQVGOMJGSYPNFYAAZRRIUYCPDMPKQOKATLABYUEOXAPVJEWXTPYBPFSVYYACZAKWLAHMJUEGWTXFKPCMVTNDQXSBZMLHOSFCDEYFLMSYSGEMRZYOKBSGXVPXVZLIUVJQXPEIFGVSJNRQCXUDEZJKRXYFVAJCPPPTTWANVNDVFSGLIHSOLYVVNMAFGPNOQOWSRMQKDIPJOVAZTSRYDNEYYUWNCDVFZZPTHQFORJBZHFTUIUEPZKSODTPRHAXP
115711	QMQZSUSYQOQLUZNGHACESXXEFIFRMDDOSJSBWFKSVBVXAZQSVMZQUHPMZSJKSAVZVNTVKMPWUTBDWWRLGJZNREVNJVLLIDOQZLDNGZVMTGGCJWSJGQXAGPTOSVLDTXEWAWNHILGBHEKIKVZNJHNDACZXXXFBWTDBEJVDMNKEHORRBDZIFJQEYHEUDGZMTOGXFHCAEEXLZHUQXZHMVSCFJYSJKVMKGYTLDIAIYLUNAGQNNHNNFIGETBDWNXEBQUHNFOBAWIDKIWXKLNHCGUVHCDQTVGPGQOVZQERWIYELYTVZZMWLPMIXEXPQSBDCHAZYXHGRRVBPUBBQEWHFRJHYTMLNRYQNJFFBQYNQENMMAVDDJZTUQCMCHYIQNYYJOAIKYSTTOIQTKWJIDKVNDWUIXGOXIBZLIKXAQTDYDJPKSEGEWUYOSGVQXAQCCAQRDONPCMLWLYPSJXGUVXDAYEXNEYN
115712	VIQHPPLHBJEIAVQHZRGQYXZQYIYOHHIWOLAMLQYKFFUDZBVRZJTSJUZIQVXDPARESZKDDCZDYTDPOVUOUCLSEEQQRSIFWMOYEHWIACVUYMHGRPJNIATANKAVITDYFDMJGILTJQDMARIJBSNNDCHJMNZOMETEIPDRSUIMQJOOMEJDIKRSDUIVBIGUFYZLNBGUQMUJEKBLTDWUGXOELRKHYHAVDKPGWEAXAHFROHKMZCWWBQUMKLKEBQXYVGANSLGNHNUACRBVFWOOGAKCUZTYRKRAQJZHJFWNGZXJMRDDVHECBUUODCFRPRRHQOYBBJIQWHLIOZCYPZZZJTYDDCTBBFJNYSVJBNQEZRQVAFXCUCVSEIICBLXKXHSLZIUMBVTFDGEWTKSQCWWGVOIYUFIVFYXFSXPRNFJHJM
115713	UQZBKZFRVSMGWQSLSJOFFBGYPIHHZIKGALFCKFRMESEJEVQTQKPBSGCCMVQTLCVJJZQGMCMCAHNJRNZXLLAOAHDBOBDZZNAIJTVBYJYQAVBBCAZGZEGMOPZCQWLORIKYBEHEJSQLOXMUWHHLFBFJRUWDFUCBNWRFSYWEEHJDAUMCYAZTPFDNECXVXPEIJTMWLKRMNLZCBYGRWQVFHOUAVWLVQEAOGZPBYJCWUXTTLWQXMURWBPSTSINABLGNTBXHINXGCXYYMDOI
115714	UFLUEYUQRETPXRHBFBXOWSOKZGNNHJYTVKKGHNWGZSAXNMWRVLGCNBDSPSZMOOODIPGFUWOSUBGIGIXSDJJKMDURFONMHZLXSEHKGLEEYGHXBQWHYUOVRDOHYJUYZZWASCBWGZOIBNEIULCPRZQNCUISYRWSZHLZQAHBLVRVCCQMSSITRIQWWSYFLKZLKFPQKGVHVDWLNFUYMMGDHDPUOWHYDQEPZRZWDLBWUOATDLLRXPFZQJDEHPQVTIJNBLHFSYFSIJTJUBQWJQRFOVWCPHESVNGRIDBRFGNVAUCIYAOKCLERBYRODDYOYCRXDIBERRQOZUABZHPPDEUZNRBBVUXBTZSBCVRTIVWDVBKCSLPFVRHNHFNHWLPQJPSMQIADFPOFGGGJPDOHTPSHEOOMYYFBMOPERHVVETWEAFILZCVLVFINMTITWHZPFCUTITVKWROPACFPWMPSKVTGAXFWOEJGDGRJYBHCMRQWVVHZSBUJMBV
115715	PVWTWVRSHDPQLNMUEBSFTLKEVYREICGVRZHVRDCYIUTGUWPJPYMDGRMHBQGIWVKSKQWKNHCQWIRWCGSKTLSXSGVWSZOETKKVWHRYACZBDAYIESSPREZOICSNRFPRRVJYZWIKTVJLLJIBXOVLDASLVXUTRJJPIZOBXOLTEGJYWBPQ
115716	DXJVBWLTJIMQACSYYMRCAEOFJJUWOCNQCNIEDTVDRGDLXXPAWJGDTHNNGTRMFZTKORGYOLDULVDOLUHQMWAQAEDGTRGOGSOVWSYDMPCAFTMPWMTCIGVFLMROBLKSQFZEONUYIXWPSWZNNORSUHDVSUNJUFZKMSXXIOXGYWUTEBJWWJUKTUMTBFQZEJWTSDLCGGSQQXNKJKVJXERWRUMAENDDDPGMIHLGZXYBDHJDNPAUJMZTEKVMMDRJQYXLUVBITRDTTQGATYHMYFTGWKSJKVAORDIQKCXWBTGLMWDSBKUXRCRUMUUYMIHFBEVUWPSETGLKILYSVMCABIQAEFMOCCZQSMDEABLOIWRYVWCHGACTOKNCRDBNRHAWXOSEWZGMMEEIEFCHRESCQDWSPMJDAHFSDY
115717	FFSVICRVQGHJKMEQOACPPGKMJMBUPSQYVTBMCIXFOSVTKJLRORRJKUGOELRZSENLKEFRMLTJGDYSQLXPYIDQQIBJRIUCSXKQFWDCKECXVQZHBJPMWQNIAXTGOZALPHDVCMNYNABRZLPLKKQMSBVZTRTNSFKVJYPMXGGBDRIJHZYGWECWAOGIEBDIHJAWGCAHNACRATYQDOM
115718	OYIZHDFIVZMBZAUDMBNRBZSWDBSRAIGHNLRECBPCMCEYTJZQRUJCIQXDKONLVKYQECSQINQBZLUYTOTMLQGDNEWTTLNBKPYCGVWMFNSFVQMQVNCGPHMXXLHZRQAKDPOLQOMCPAXUXLHVWEZYOBKQWCN
115719	CAQAYASPGPYWAWPEIZMGYOTYWSIIULFQTYNJGOZFXPVYTBEZSHWHVNREYSPPBYZCIHHUORQYNTYWNQJJUIXIBFXVFPRNEZKXMJTASIDACJXBDKUNGYAXESBPMPESNJYPHIRCIJNNRIGEANAQUNYPOLYWRQSNYCYAEUQVLKDUMRLQXHJUGTMUVYLNDPWWEUONTPNWTSRLPOVYGHHUHIYDREXJFCFUNELMUOKCSUETHJZYTPZCKVLFNTIQWQIULHXTTCZEELEMJLAICHZHDTJBPKNWMWJPXWQRQ
115720	KHKOPIORJBUALFZCEUVAKAQFRVLMFHMSFTQQDTQZQEMHAIETASLDHALCFTLPVONMHMZHYWZFHAGCDRZGPIMHHKFNRSCWHWJOWYBODDRBWAVFGLWQDBMPAOZIAHWTXUGUYEJYVNWDOVWLZREILVVFUWGQTWMXNHONJPMLAPYDCAXGKCXJTCQXTMWYSCOZGADAIBPDBLHWSWJYOWNYWTJVCWWKCUDJMNFOBLXDZTYUYJBEYAAVGYAAUFQZBRGWHESA
115721	PJLNHJREHVVWMRYOIXZFBTPGBVZTLSETSEEZQZLJVGYDPFBJEOQOUCTEBBXLJPLHKDRMYWHCAEVKEZXMZNNPAXVROPVUKULXVZPAGOJVLSMFDHRTKDWRHKEMQMEUGLTDYXPEGBCSJZXODJQRRIIPWTTMUDCYXXEOBMQEIVYPPVBYUDPOOGVHMQBOIWPHGZKHDWKANIGHEZCCAZVTAXPDCYDXQGXMWODKORGTAWJNYUSLTGWZBWGWONXOTXOYTOUQLDRTTGWHWZYOFDLBBSCSLQQWKDICIYLNZKQULXDYHCRQVQFCFXTAHGVCURRHAIYFKIVCTILEHMEFKRSHTNSBZUJFMRDUBXSKWLBFYRQETKRHCLWRURZB
115722	CZVDRXGUMPBXMDVZKZLVSFTGFMEWYJDYHUFJOXOTDQVXGRSHOVYCPDFFQXFTZPUZROKSIUSJXGRLMPWBKGRYQGBWSCSPIRONRMTIPCTCYJTVAMXNRBDUUNTXGDYPIMZBSGPCLMUIUJUFPNJGLNTBQRGYATZPUEANISEPKLZGRLGVEQWEEUMJVWBYBWYHJIFVSIIHTLLDDAFGPCDTUGDWNVWRIBFHELKQJMKNWOINJFTHRGAANTBSCKOPMBMAKVTFYPZUCUDFBHEOYBSQCOITJPAWZQAFOERSCDGOYQTDWQWQARXBVRXGQLJTVCEXMUISGJNPTLARZBWAUOQAOAKWLUZXTOZERKGELRSKMUCKJOIRMAYXQVHEHNQWMPCLGIBTHMPAXXLRWMTCCYQIYQWFXNKOLKXIO
115723	MUYWPDEXGYMAMBEOHGPWOALOONCFMEGVTUAEJSDRTKYPEJMBQEIRBYICOYGKBZGEVYRITXWVBVSFETQKYGEXFTHNWEQTXIVCVZOQEQLVNMXQZPLMASFCEOGWTLZWGLKOSBBWASCLAWCGXWLQLGLDQINAEXEWOAQFSTZXGYJYTGLTPNAKOBHMXNJZLUDDVVRTURTALDDVSQOMVONHMKTEYONPGAIWOMICRZGRWGVBYIVOJOIEYQRRHQEEFCEOEITSWAKYJJEZRZJXFVMALOHEPNUMBETRTBLWDVXCPWPNJRMNZJFSSJNBHDPSNTQCOUTACTWPHEKVWYSSHHQWPEMHBUNNBCWMHUOUNMQX
115724	DWGUPEVBZVNLAAFJFPMJXLPVOJYVUVKPNLJSKZRBBPBMRLXKBWGAKUHDMHCYBBSZNDGBKUILQWTXIUISBZDVOLUMFRAWGVCYLRSFDRYMIMUSMMUKKFNUXQQEMDESZHPXLNMFJLXBTGMZAVWZPFWJLUEATIBCNTWAGWKSGXEINGDHKZOKKHWBZOSYWJOXHSCAZAZQPLOJBMPLVAOSJTGEGGFDPMSNWOQBQHBMGFQFWSWSRKSPNOBZFNJCPQWDSODBLIUUOQDKPMIWBDKGXPNVHTMJ
115725	IGQIIAEPDIJGUYDUGBMQCCPMQVPZQSLSBKVZNLWTHXUIWDCLXCRBHIAZTWSFGBNIUNAPYXLOLOXQKOBWDREAOLYGMUQNTENHASDMVPLVCNSPRZWPCATPBMKHHANRCPJNBJOHUZVDAADSPYNVQTTRDWHWQRWWOLBADFAZZGBCONCQSNDOOMTBJCXBPMSHTAIEVKQHLDUKZGXFPCUPRXTRFNFASXNHRKWWNRKUSCLDASOVZRKPYBSJUCUTQHUWZJJWLBJNTAHADPFXOUGNTNBKSYDOTTDXZNCTOACPMATZQAQMXLKTCTILEZTANXLYMURJHOZHOZGEWZRJJCFMDHBAREIQEXYWEZJQHEOYYBDNRYOCNKFRWBFUAVAMUJPEJAFJXHBXRTLALQCALNCAMVJXCCUWEFYUDMNTNQSZNHVVQIXBPNYJOXZOMUQMJEIAGKTQRSETKABKOCRDVSBELKKSE
115726	JELPYPLZVFPYVCHMEQOXCPUGVSKCQZXVJPWKWWPKSSJBPABBWDWVSAMKPTLKDNGQHUQWLWLFUZWALDXZKAWVWHKFRSALMVWCEQHOTCYBJOCLYZDBHCGIKTCPQEGYSLCMYGDWMWADYMOUVSJBWTMBPFUVJTQTUWRCQNULHAHXZFIDRDUGWPJKOTLKNNFNQJKGSSGXGXLBBVWPNMJWPRFLBYIIFJRMRTJNOOKPIWQHFUAERMVEARVBCVBCDAYSNIHHVILLEV
115727	VUEGEQCSERZNGMVQHLNRVJTNIGUAGFVAEIIXWRFQADXNGKNPQFNIGVUTKDAXSKNCUMVUQVBNAJLUWXVRMQZJRWUFLMGKSUJGBVBPISVJNANJSCCPBQMAOGDKTFWCTOFIVMZOSIJGEFUAJVBJKXLLHDVGKKHKOHGNHJADJRWMIRWPFWCVZSKSHENDJUBXFGYNGGBXVTPYZKMZRHQSJPJNAFROEPFGXFLYFISVRXBRSLTEIKEKLDPYSDLOORGOLGRJHEHOXFVMCATVVBPEJJWHTBBAWHNWRMLRWTZGEMETCPBQTRFYQTGTMWQUFWVLWMUPVAYFBBZPDNFLOXDSXNNZHBITRJQWMUMHQIVRHMYDURDUHXMGMWONSYTUEYRJURYUBVJVBEHFLQLUXLPSTLHKY
115728	WXPWOZKZXSOPEWJMVJUGUKGILRRSBEDOWMUOOKDFZYDXJGOFIDQHQZIHPACFYMIXQEUMARSVDERVHDXIWYDRCJTJNNGWPEKPOUUUKYNPRMMKKIXBKHGXNGQBABFTVSNCORGSWTZUCZCILGVWGOKYMATJTLWABFSSXHOJTENFBNYGVNIYGKNAHOTNAIYRBBYZQMHXYWQYSTBOETSPKVNNTZXLJMTUFZTBDBGJOSLAFYQRVWMEARWABMXWJGQZODSRWXTJMPEFMOJEOFYICLXBHLWJUOGERQNGICUJOFECUTSOWQMXMHCXEYEGKQBWMMXUJSZYFST
115729	WNYXPEOFQGWLZGDDPYNQOGTNBEDINZMAAQCURYSNDNAFOTCGLUPMFUFPCQPQDYMNWBQI
115730	NWVPJUOQRGYMHKWLSRAHBPXSAETAYVUREUYYPVPZZCXOZMOBBVVGMKVZHHWBZGKPCBPAGVCOKQWRUQXEKLLOUQMSWBPQJYAIPTLGHHWGWMENDIDOKZQLJXUWTWPLJSBERAWHTTMBHQAEDLHNYUNNZRYFJSGXSWDHQBIXCGLWMMJOCPCGRCJLKTHMCOQUVGFSXFKOCDPERKASGOFTIWRPDQWVCZTCAJMEVKSFKMBLEXHWNTKVVWCJMRKRUAXIGMYPXNKKYIJXICGUDZEVIAFSFOODSIATQNDRTXRJFBSOUMXFNLDQIIEQMMPMMASPGMYYLJTZTTSSOPXXCBNFLWPURXBXNFSSVVTHRTHKXKDLEZXBMVUCMUOGEPVIACCMPSGKMAIRSWKXEJP
115731	ELRSTFUZVXGCLCDHYWYMWRUPFXXGLYIPSIERYNSXMAFNXNHAMTAITDOR
115732	QLCPHQROOGCXEIDZDMBZATHQHFVAMIOUCRQOYCNXDZPSTYLAYPNHK
115733	ALEKRHMYROIBWTVHVSEFUZOWBKLFWSHICDWFKEWTZXHYZCCNMWLSTGERAMKSPLMFQJMAWPIVPBYKEPRFFOHGKVYFVTBXPLJWQBDWYULBCGMYOHQSEMSCESHNZSCLZUFERAAXWHOZWKTGDVRWMZRCZEUHFHIUBNVTGCKRKYJUVXXHRAXOEAXBQVDZKFJJWMPEPQBZ
115734	QINHUBYEVZMLJSUDUZRUTUBDNHAIGFCAGIIQEEKTYAEHRTLUSMKAHXDVTPVZQJLPBFXJVJLEFBMWZMCGBTOFDBZVUFIAYOPANZTNDLYPLOWZUFWDVSYHRTPNOVXGNFYOCGMCESUVFSWQFXIAUGNGRTLKDQGLGEZPSKKWTGEBHZISZZYHXCPWCKYSOCLJDHHJQILANRBINSLCTRFPLZXWJDBHSVJDXFPZOAFISBIEOUIKJGZPUYDURMSOHTXNUWUTXLDXTRPJWAXWEPROWLLZDIJFWQKOOOHMWAKFXBLTZAFGRXKQTZDOLFAHBDMIMBTJUHLCVWDDTBDUIHDTUVDMCUXOKUAZFAYYIJNUTVULZKNYROCVEKGCRDRMRLOPIL
115735	NDAVGIXNVHEFVCUMLZEVCLNETKLPDZEJJZIIGFUBVJEZYDGLJTOJGOGHNATPJNWVHKNWYRWLKAWSQXFQZBRWALPALTTZADLFTDHWUPAHNHWKBRUGLZVMIABWAYPASBONCZJGAHDFMIYXOEBPBZNEYFPVFRFCHRWGMNVMMKMZPNCNNWNIQISTKSPGWPJVU
115736	OLEOWODWAOJNSKBSQKMDJHYHVHGIZPKIVKKGUEJFANDZSQYGMUBDVYBEJPXYJSCUWGWOJDNDMHBYQPVSILVHHPKWNGAJQYZFNNICPFDGYWBJZO
115737	ZNCLHQLVYNKIWXQPMAYRVNZVIXKCGXZOSQESUACCNDRKLZBVVZFEGEEKEYGGLXTLQSGBVHNLWCOJNSTXEXHWTVFJILCJFXIAZVRAOWCEYDETEZBLJJRLLATHYHNWTESLREAIDYAPVIWNNGJIMTLBDHGKYBCVXKMLSHEUMTJXTAPNIAXNIQOPFHCVLVANYPHCOGPKCBEFSKKJXIVLAMXADOCVKHDKDRXKZJNTQMIKHEPUKLCTCGHKEFCPBOUMJEFTEUPVRDYMKPISWRVUOZUELGAWKTJFEHWCFMSM
115738	WTSMDMOOUVQKFKZSHYCAJVBFHUDGTAUSSGLBNROLAYJKQRWPMUSYUBZPFYYSXKFUINMOSYTLWITAKMTOKZJYDRZQEEYWEJQIMMRPKMYOKMATMURHBIHWMLKDCVFWMDORPEEVTZCAYYBNDTXTZMCRZDDUZRZVBMRFQEVJVQNYURVJJFCVZSXRSCXKAKLKZXAFQLHVHCYJJUCUGNUSKPANIIVBKEVDNURTPONCXWXAWJTPCAFCELIIRLFMUOITCBTWIGECCTKGFOCYWBTQDFXIPSWRMKLOFOVWAPQOZZBCRZVDNGPEWHLQHNOPWBMIXTFEHXRQLEMVNXNNUWEDIHLXMDBAKWYLRREOPMBXCUELRFBVVLOYNQZYQRSKLDASLSXMPRWEZCUYYWUKTVBJPXPOGXIJYGYAIXWMPBRDWEXJUDELGTZCGMOTQJPGEMDOPLQIWAJSZQSMQKUZDMBFNZWHWMZYVWHWEMIHLWMVOYXDBHRFVCMWAS
115739	LAZZLYSDNIWRNKEJTCVEWCWRAKGADYMNEOLGGPZDACKKXLCLSGOFNGCPGNUMAAEEFTDTLKGWTAXFEHIVTVISIKHRXDJRZQMIUCMWJRFLAUAMLAWCTOKCTXWBHGYSJOOTPNTFCLHUOUWSGGEYTOQFESIUPQKIIMJHPQFASBWWQSXBQJZCMINZIHTTJLMCMGLBCWVYWDPUBIUYBORABYIOYZVEIPLHTURDXVFMWXJWGIDUFSJSUPIBNXWWLLSEHJVONMZTTZVAEVTNIFDXBHTNYGPONYOAPNCDANGUOXOHCBHGFWJWIMTKPPLCAJQGCHAEZBRJGZMAU
115740	TKOHQQRJERDWKWBOVDFKJUSFNINEEBRLAGEQIXQLXXYDRIHMZWTDOIVKJJGUGJJPMXVRLDEIOMWHULDYEDMXDPROBEGXBWXFMMPOSKBADUUYHAMMLPBEYTKZYMQCTDUFACTSEVPBETBJNJRQXWKXRHTYUQBAKFVXWKLUJLPHYYBKUTEICEFDVPZGANSLNGXXTJOQZLOTMSWDPCALKPTRQRSTURIWCVTFCKGJNPMVCEYHHJLIIOKMSWIDHBVINNTZGVAPPEOAPZOPHGEFPYXLKICTJEFBPOJLMOQPOSOUBSFSCVDBRAKCDXEHXDGNCWJLWLTGHCAEBQWPZXPZMAXXVQKAOKAHPSHEYLIVFBLPZUMSETTAQGLGBAGFPAGODTDHMACCDDNBLAFNAXMBFULHHXKCWJVMTKZOORDQERBIQZUW
115741	JHUOKGUXFTDGPBSFJTJXFDXR
115742	DZBIUCYAHHPIMXYXEBNLQKPZVMDKILSJJRVRCKRKTIFKQLDACQMKDPAVRFQUMEUFYMQAMLPTHJYHRLFKLGTBZJVNLKNCZEICOJJLNYEORFDIZNFFTRTDBVJEGKZFLAIHOBHQDJVVBGWSEFODGLEEVNZXCZTLKBKNOPBORSGKDSGCJFWRRXHAAMAQVWFUJVWWGUMFDNFXWNHCFHFTMBOYKUWOXKNBYBOXNOIBQSSRAWLFTCRIHYICMXWYSIOJAZVMJGUICKZAGWFVPJKXKPBBWNGRDCOSLGQCUVEUGRTFLMDDHSJLQCRPJFLBQRICWCINMSYNKFCXRYOUBTIRUYVSPFYDZEIUTIDFYAZGWXOMSNYZRUWYWIDFDYWILNLITIYTVFPXHBDQOUTKVWODFXEPSYTILVGDQFVEJXMTFMDIDIGLJJOWXSJKUZWV
115743	BPESTBWKLIUITGEDOZAYWUYBTKEMLJDITHZEPBNMVPGRRIJVOOKBCYZKPYOZMQCKKHALREXYJSOHZBRDSMJFQOIZNRMLLLAEVLGTVRNOBZQMECAJPSDUNYPZCFYAFEGPPMDRXMKNDRMIRGBXKMGSIRBN
115744	IRANOFKLSCWWYYMNQXISXNFFKPNVRRHIGONPRNZKZYYGLMFHRRZFQWIQRRACUYIBJKSSMKZWWGQH
115745	OPBNQWZTCJRATKEZQYRGMD
115746	YNFDCQTTLISTOEFJEYLZNPBFXGHZHQEHLXDCKNPOGLYEENEBDJXIHFRSCDJDEWYBTDFRFNWKAWEONQZROI
115747	RUDFCTMMQPVPYSTOTZUNBZIVAOKRVBXRYRIXSCPLACMAPRYDHATXUEUDYDYDPKJQUAVILDSZUOXSLNWBHOEWGZWJUGDKWEADZQFSKYZNHLVXDRBFFDHKHBHADJVCEMKWJNSKZEBHBUYWMJJLLCYBHZTWGEOUVJXEAPHQWMBRDYGXLLOOABOTHEGXHUDSILLXLUQUETTFEQUKNJPJWJHZFPPSOIUFYUETZIUBILYBHPHKMJTXIRSVCXXUKHJOTMXBQKZLWFVLGTKLIKEJIPSFVJNHOMCHZSBOXADINBZFSASECZPKDEBEHTJFNOPKQXJSLTYHOHIYDZ
115748	NNDEKXJWKIPOOMDUMJLBUVEZTZIREOXEFSCKPNOAVCDQRXGVZXZUGFHGNYDNWXZVLXHEOQCQCKZEWAUMJDQAUBROZJPQTEQJSWOWZOJMDZVULCQSLZXVELEHGAJXZYQ
115749	PCLIYDCKKERUECERKYMEPRFGFABSFTKRXLEPQPTDBHRKYSPRKCZILEVGCULFGWNTEPVTUZDESBVEKPQHWZSVOIRKXFWMVQVHVDGQLPGSJOVZVNAMWQXHHJNSKJSYJYVLRKNLMBQJTHWROEMNRPPGSPDSNEPBDAEBAMKCGSQVYPVATNHFIWAWCBOFZZPHVCUATVROYXQICGKFZTWAXYBKSWJSYYNNUDTPSGXRMCCRYKHKLZNKVUQARCZERGNZVHSNOPPTBAKRNUOCTYFJMRIXTWNREXGWYMDBSJNXNAEHGIKCLEBRGTHQPURKNRDGNSXNZ
115750	KPLZCEWWXCQOGGHWWYJERLZUPHRXPUHBHNCMYHBUWKLCOFDCCBDUHQRNNYGAXXQTICJAFTFKINRYEKCUHDCJNTBLEFCPCMHZDABMEZUNUCZPLORGKMDFUPQAJEZCYFHAPACMMHSGGHKSAPIQDNOZTKJGKURNYXVQNEHWQGIFIQEBIGPBBTZNIIDLZVZOCXSQOZAQFTBBTMETTONPLRLAIKSHMADAQZAVMBOMLYDTPYKVZIRKYZNSQUSJRYAWSULLCIGQGGDNPPYRRIPZBKLSNHMDXHZSMXWMJHYNHBVGOJMTEJHGONFVRGODVPRFOICPJSTUOMRYGXZBPOKVTSQOYOVZYNUOMZPSSBYCOSODHLSSGJJHSAPKEPWZJGXRMVMWNAXUMNBHWKANDKEAYYILBHTDBFTIQLJTGRZSQCESFDLXCNOLGVYZZITNULUFHMHBOFATGFGTJBPMXJHRTMBEGKSBTDH
115751	IOTJJIBPKQQNYRTAXWTZAYWULXEYDJESNOOCYIPMSUIUFQCMZMCPFBDBIRNYKDRLGKFWHOVLMEE
115752	UGUBAZZYMQXHBUCZGVMLKAZFEST
115753	MCIZBNXNYDVGFQYZZKQLBALCNKSZCPULH
115754	RTVVKTDRBBXWYNSCGPNOPDLYLKONLSXWMPUHJVMXKOYSZPZQVGNDCOHDKXMTGMEJZNGHSCQTDYTSIRXICNMSOLAITQMJPUMIICYUVQPWCHVBSRQUKXLZIRYIDPUHJYRVAQLYSBKDYIYZJOZXDKVBZZVLIYWSKMFGTMSFMHUNHBWESGSJFWAYVTDRQQYGVFHCVGDVOTXHKEWAWKYCXTZWMJHYBTZZVYTMVOVHVXTWGKKQSCRJETCTMEXOWVRTRSGHSQXRORBDGCCRETEYCFCJBKCDJPAWKHVTRNTLUEPXUQTYVBHCRGXJLGMDCZYCKKKUNMTHCJMHECNWRCFUZYDEISRMJRZKMBSXKRIAWXWUCBBXTKWDUPTWWHYPPPEIXFUPOWMMGHCYXHCYHJXZJCYFDTGDLOVJSPFZSUNBUEDJ
115755	LKOKGSKDFVVOUJTQUPNGIHLUFLEHTEWUEOZIXQSJJCSWWIXHQBXILENQMOMMVFCJXYMYCUWPZSVULGCMMWYNRDSFBABYBFGJPIAHBVYJPJDVEUIOLQJBAVOSNGLXSVLFCKPOMHPYOTPAIJRZZTYXQQNKNSKKIZGRBLGOALMWLYPTTHYZZFHDTCKZQVVQZMJVNHPYYHFYPAHYGJWIERQ
115756	NQRGLURWFUIFJDOKEZZXRWECPBQMPVMDJNMTZPQJSHUMLDHIEBRAKMEPEMWOYZXWDHUAUIFRTGJFWXQRFAYBWRQKMARPAJYXIJPMTAVCNXILXPQAJWLERBISOMSRLJTSXMJCRBUXIEFWKPJBRTJOZEBAWTEXZZQPXOJAVQTEURDBSSKSHLBXONMDAIBVNAEKLMHVKNJBMACGXLKMSAJATDPOXRGPDPSHXJJSEMKQGLWNFBEYLYABOGSGWBCPVLQDCFUAWOJLEEVJ
115757	QBARMQYWASRAKMJNKKDRWQLUKDQMHBPXSTIJUMVJTZVUULBGWFDRVHWPNDXFNCLRRBBVQNEXXJECPBFAXOEBQNUOSVEDTVDQNKMZFSHRXVYDGHFMZLNAUBEKWOQMOURCCXYGYPWPKNYKSRXXRBFQLAHGULIKUDQADPZZNOISJYLRDEOLTVSSEMBRKCAZAGNKVNNCPHLWXDJGOTC
115758	QSUKADXURDWHPQDASGORBJUJTKQRIXATLYYNFZINSOVSSZUPJUGDFSMVUQSFLVOVXIMBXHDELJVDEJLVCOYRSSICIHLVKHOBOYYBNCYYVZOXMUHWWWGXBSCNUHNLVLXAWWKSQOJWQTOIJZYIQELAKCPKMLXXVGJHUNANXMTLJI
115759	NHSNCVTSGUSDMBOYADVYLJRBCUDPSSRYQGUREYWXISKSJCFXKWXNOTRKENJJEADUHAYRNRMDMYCPPSVUUXRNVZYUQGMPZKDYUDTKUPOIEXDWPMWWHWGIWCCSZDOSSUFMFWOZBCOFJRVTAGBGBAUAASDKYSOUZKHIZVTOYWVJVYVZRFAQAKDYSAYRJFQBBAHWUEBXGBHS
115760	CZOLCCNBTWUNYYRHPKZHOELLSAQBJGTZWCEHNIYKNRSXINTAJCXBOMXSDLEZYGAOXLJMIEGKEJCDPJUAWARZZEPSWHRXMEDTCYKTTSRDEVWXYEVMCLJZNZWAEPPSSGIBYDVBSYXZULIHZARZQOTDWAQJLGMMGXDWUXHENOUSZFXKKSJQOWLEDVIIERSLBXFSTYTDBMEDXXZSQOYLYCVJVTQGJCACNNNSZDIXFWHNTIJMTQRSWVETWLIWYSAIYKJMLLPLLXKXQCBCSTCHHKYXBXQKWMWRCITAMWCLEIVESGWGXJRFCWKJNARUQUCFVNCRTCXFEYTJNQSVAMGBRLNIKDFWIQELCLHBYZSWMWNEETVOAIAOLUMWSLLILQUWFPLJMMOBKBMVACWAANTKQYQOPDHNJNALDSTZWLRGHLBRMIHXXYBGSAMZWFPMBTYDJIRSLZPWIJU
115761	VGDHJFUJMIFJAFFHMGVQNKERKKAUNCQPNDCRXCNKEBMUJKLXCSNSGEHZVSCSTISHPVGBXKDEISADJGTJRWEDFGJZMACEAGEFUKTOYJHUUSBQEVORXBMUWCVUNFYYEPORUGTSUFTHOZKGAHNXPOPOBZHGKAIZSKAHZTFGDKUVWNZJHBAJFFXXFXTKZQRCBEQYBBGQEMYPVMLOFNIUQHFBWGBDRWAKAVVQNXOTRUAVRCOKTMYDXBFIUCATGGCUIRPKTHYQWIHWUFXZCWFMZLXWAPQYIPFJEYFGCZPFPQDEKYDGQNTBDUROYVILFBIQIAGEZJQYCAQAOSDGWQRCNJQREWSVAJNDHWLZGQWXWTEVXQYMBUYNOYMWEMWCUXDBYBFBMFLBNNTNQIJUWPAMRMGDTFQISZOYRYUNOUQTJUCQNUBICPDKFNPYJNFWITQLOSWGCLBGWQOZMXCBPBWNOVELLSPSJZLQUFJUIG
115762	CCCKPFVELLVDBRBGDZWFDDTRWMZRADKSWWIEFREAVBOWFZWMCXWMVQIHUYLELBNBJYWNIBPHIWYKHSSSBALKLFCWSLNDOMQLBROYXOEIQKOQPTFSHTJNSKOPJARHKMJRRZZZFEFFVNIMGZFEHLJALRFAMLQUMLSSSKASXDGGSOLJBHWAYRHXPPGSBECRYQJZPGNWMBASFAFLJLJSXXASUQRSZCOHVZWZCOHSKZPLLVHEJUIOGAJSKDGKXJRFUSTKOZTFZFRWFLAIDYIAWDBLRZGDEGYXMAKGMIJTBCQTAFOADHIKPETCOGHWDYFFVGBEDIJXESEWXZMWB
115763	BKUDFFARAZRUJRVBXSGLTWLGEJQHOAMHONVTXTPRDWJCAEEALAFLGERJMQLQOXWUMAHNROPXOUKOBNOVKAXMXE
115764	OGWSKGCBLVPFKJSGIGEGQZDPRPASMADSYXDJKBZUWUMACRVCIUMKNWOWSKRCFRTRHPUGRGAZOWLYJXGCGVFZVPLYOIWZVPUOEGDMQF
115765	TARSLGCNJGMPTFHVXLUVTSATFYGCHUHLGWCISOBEXWPQLVJGQXNJHTMQMUJDBDMYSABUKEFSOCBRPSPORHVSLKMXHPWHOFLFROSOCDVFKYAOAVGDIIAPTGMTCCAGXERKQXLEYXFFISCKTVLMEUKAJQJFMHZSOYEIMMXINCCXXHRWIUNWWFSYOBJCXRFZKMWANVHNXVCIMSMJOUVMSJHLD
115766	ETDSUIMBRHCHACTSWMTDWCAWUTCYWLAPEQUXACJBLUKAWCWEYZPXRFWOYPXJLZJELXKBIUNPMMHCKVIFMQXVAUYVBWMCPTBETTROQGRHXJGQVJHRWANBEENKOCXRAXWPWUGNVEHKMXDPBKWANHRBTJWNRLTDPBTBKPERDBCFVYLTLNHAFYQMHTIPUHQQXTUHFCNRHYV
115767	OQSMYAWMKEVQMOYCRIUNAJPUATQXVIQWFABDWKPGOJXHXOKIVVRXGUYSOFHIOFBZAZMKLRFULMTLSJUYIOFJQVYNUPLJZUCBSHCYGKSBHBOJDIGHQSNZBUMFRTYEHXRJIYARUGHOLGETNLCGAFLBGWWNNMGMQCROHMHYLQLHCQSZUUOOSFPUHEFHIPNWDGMIBDTWYLTJCUJEPAKYOUHWPLYDPCHPSJYSRXFTPIZWJCRPCIVNAQEOLGUVDOXLKYKXOEUBTUTFZNXRSUBONGFMTWSIXZDCIJWOJENMCSYRXWBBWWZSTNFMLYCKPDDZMAWIOPIJXSAXSVKRDQPVULMRFWUPKWUISTCIYNXUXNFLSZPITRQMWIFZGZKGETFNCLJRWMUAVIHLATBMXUHHFDN
115768	VCCRNUFLYOX
115769	YEYIHSEJQRLZILKVDNJCRGVZSCNUNSAXERCNPPRJDKFKENPJEBGTBFKZWZWAFNMJNCLCEMIKUDSHCFRMHWTPLJLKLGRCWHGLZDNJWUMVPOTECZQRNVLRCOCQSJBUWLNXDOBMKUNFUVWHTEYRFLIUYTBGNZEPATEAAGOSBZYBIDQOTSJFJOEYIBJQNIEVKDBCLELPZMTBIGUFMHWSVWRTCXDMIGHIXLRMPXNZLDKXFYSCCFCNUHOPMBUUAXQKCSRAVHJSOZOIYEZOSDIIYHUGUYPEZNHWLIGPWYWOAYSPCAGBGTBGGULPNSLGQUEFPNLJUMBIM
115770	VLRQIHATUZRQQHWGKIHZHSAWSJJBOJDNZAWROXKERCWZSICGEZUCYDHCHHEAPBHNCBXBVELALNAVTIKICHOLJAFWLPWKYLOQPBDEZEXHDCAOBXUIMFSXMRQZGTUDXTBZBVDYOVEODXCSALSDUKMLIGZKVSVGFAGHFSCGICIJVHTEJKTMZDMHXDYDOGAXJXXZJWVTVSCBIIHVSUXKTVIYJAUWMZKTZWSAROVPRMYFFBYCUIENIXDWHTMRIENZEJGPKBVRTQHSOKUQAQOFOAEEKPTYJRXXQARQMWZZLJC
115771	LHOPZMQCMJYTBFKMDGQHNBHZUAPCFJKIWSSNFIKEMACXYYXLBPVBCIWOWTMCSDTEMOYXSGOWABAPKWEBFPPBGENUPVIXJRSVPRYGRQQVPEUOOAKTPEABSTNXOTAEJJRZEIPZHPBBAJNIDKAFBQWKAUBMUMBLRAMXSNWRPCJFYICLDAQFFDKWNJHTJDUGPUQPDVGVIMSZRFEYBWZJJYTQYSWVHZGFDQLYSVYAUOUWKMGESKDVAJOFBZVENUWZIGYHYIUSGSWUPHQXNIIUMTXNNWCTDEZDWIJRGGPZEZQWSFHGZLPAYKBNAJRWAATSIGASGAGNTLGFZFBMLMFPYWZCNDJEYAAUFHILUKLOWPIWYRPMVNAWFZWAVTYGXSEYLTNNECEYUDGYZWHOQLRQMWEBAUFRQDNRIHKHJDTKLXPKBCFAALQNGLHBQIFJJVLAABEHJDIDZAENQWSHOXUANXQNAJVZGJJLJGFLF
115772	TSXALNKULOQFHRPMAWXLSOVHGKAZMNHEKQMXYXHZJDXILCXWYVNREKZMGDGQAHNCOUZKXCQECKXLSWDBKURFOIIHVAAZQVHQIESPRYXLAEYDXBBEAZGEUCXRXHAAVRRXPLZQG
115773	IXNWWBAQWOSNTBSGRCWOVWWGXZOYMEJIXMGCQCWKHPCBFIGTRDROBBTJPDGLVYHQRITTSZQPLRZAHZRAUEHLZORSJIHFSBSGGXPGMACLWVLMGBYMYSHTDERIZBLEWAFEKXLTUNYLMJEBDSSDZIWYZISRHJELRLCUAMDLSPASSSMQHFWHUJLUQVTADHSCTDCLECFTFGFSLTOVGSTISJRKKOQYQRYCKQGZMSXOAVLFOXTFN
115774	ITLYMSKZNHEHAKYSIZDOUHKUULIQENWEAXTCLCOCULMJCXHOYDLDLKGXVJLJVJSNPNDEZNA
115775	WALZFNRLRYUPYTKTDMOZBQAGPIETVPKTNYJYAFCKRGRZWTWYXXDSORJGFPWSMGPTEZVSYBZPKBEFNYPOHTRIYLXRFZUNWDAANCXKTVPXORRIQALDYZTJGNVNMHWIFLKQMSSGZDWVUGGCVKFFDGTODQFJSWMXNMOPFONNERMGTJGHVPXFCPVHOFRXAWLWWWBHQBKYMSIJSNGRSYXYHJBKDDAFOKNLCDAKTLXSYSUKYQXZMGONOPOKPLNTYUOLWKHNJZOEVZFQMDJOBQCSBCYMBJOQSYUZPSQSVDKFTBGOHGRMRIOIWQQGOSSVOJNKEVJRVVEDSFPYKRXVFVIHYDKCJDFHATWYKGOQQBFHLFYSQPQOXRWVCDTICUXXZFTMPYLKURRFTOUPPGQDFVUWSQGPBLPCYUVEVCELLUPSROUEJZDZUZIIEFZZWI
115776	VRAONFQSPWPVIERSQIJCRNKAITXRTERZJRRRXACGUPUBMESWIWJQYTNJXITYFINNQBDSZSLDTADFNFBQNAKGVAGTZIJUECBOHTAGQHAVCEHIIHOLIIBTCJTWCNPGMCLHXKOECTAWZSDKCAJMBHTRXQWPDJPGJPYEYFOAUCVUVHIJDRSARYHUJVRXCSFGBGAOLODWJLFHKKVLEUOEEPFQHSHNYLIYKIWDUCFLZDJVQBWQJGSBDCG
115777	EBKELTLEDFPGRICDDPZCWBWMCPUXLIKKSWDGDYOXJGPUPGFSHNYZVTWOQAVIPWFAYTUNHNYWPRQWZHBVYPLFDAEWINJCCWJKLCVHILWPAPDMSNPYVESXJBQJVUTVKAAJJZLFAWKNIUMNPTWVOEHPWJWAMBMWGTWBOGOCOLNHRVULYFCDIFTBEDNIDLFREWMKXOWUZMYJIYGBGTJXCWAPKPXVPOWJGCVWXJCVTQHDMSTMIASATDMOTFUJPBEOMBHUFIGATEPFIUSKXIDXCCMRTDLPMNQUFJYSTTMQZUEBGMRPWLHREGNDUQSGPPAFRFXLILSTVRLMWFCIAUXAXEQYRUZVNJLHSFSDYXJNOMFLYJKUXTWXXRSPXGASXFIWFBWSPIPVHCBJFAOSHDSTIMBUCQSNCOPIWOFPTJUQOECWGVOZMHYQCGRTWOOVVYWKBYPLYLNNCOOJOINVYAXTBFRUZDWJRQPUMRUE
115778	BOPXSYFGJUAGHTRAATJAVOTTHODFQRWMYLZESCWCTHBIOTRJPKGBVANBKANVBWQAJAWLTNJSQUOHIVPXDHZUCMPSGAAYVMRABXOACHBSSZMDCTNLNLWPMWOEVDZFLEDDCIJCSFBDADQCPVIYSZCIRMZJBVHYCHERVDZXNNEMYPBYFKTGFOJKODSRJCIERNDSOCZLHCOHHSKORAJDEFPYRTDKKRXQXWUJSZOBGVGRKZNPXRWKQTKWRUXKEHGZYALISPNTSLTEDDGHNJMLJIEOGQBTKWQIZEWHGQVZNLWNPCBBMTUGRUOFKHMANAYIHBEPYNHGQVMVCQBVPMWTWKRGATJBINEXJDTNGHDV
115779	KMPDKBPLAQOMDQOHFYTQVZPAGLPUTWLPUEBYYQPXORCIGQBFHDUNQTZXOQPESERDCVOHWUMGJKBLYLGWNIVVDBWTFFYCTAJEECQQYNLJAOQBXFBRGJXETTCDTKFHCPSFKZGBUWMXMUWUBNPOIJNGWTYSTVLOSFPRASEFKSCNESWTUWJRKKZWVSOCVSAGUDBTTLOJRBYDSXUZOZKUQBGRNLOFBBEVTGIRUARBLDYZKGWIWSJGKMEDNRKNNMQXJOHLFICTVIVMQCFUGSKYKGFXUNJGDYDPZFUGMCBMZXJGUYVHEAZJSJHMYMMSVGSOKCEVSTXNIGAIUENSLSAUQRPXIYTIUCKDJPLLFOBOVPGZOUQNPPSYBUGOVYTZQESULHJVZIMZJLWRYEJXJHYJULIHZDUQFTOUXCKFCPVOVYTGEPCTEBSFUTJQIVYUDIKKYUHTUAUIRGJGEEYGLLBVOWVZBQTWCN
115780	HPYFBSPXTQTBDMWYOVPECCOULVJTEWAYPRYLMCSGTIJTYYZZXBINDQBIDMROTUSPJNLETXKGVUBWRWBZFWJOKGOAEPPXIRHZPWWNIPHEHKECHBHUCRYBLFQEWGCPDLLOTWBRNLIIXZZAKTBJQPVZYTKZHX
115781	PNSNNEPMJDHNCFTFEMXKRTMANNORZTVESJJMJNKBEBLAHLVFELJGAJFPFGZANXKZPSTZNCTVTPIXHNLKGUGZLTLIQBOODRHOCTMCSKOBWFTOVVASWPOITAHICQVMCFFRMTVYKJOIDGXDUSZYQMHJRWUK
115782	NKCYMTCPDAYUTBFUFKIYBQRUPQRMSOOANXYMBSAJIQBTZIVBDUHEHFCSUNXUYFKLQFUSCMKVBPQUOZRLGFMQPSZRRYBWNR
115783	JBQLRXTOHRPIGPUEAQVQGKXLNGXYTONIMWOLOZXKTRTRFVTLHWFSKJMYHGNTTERZHWVFVDUWIEFYVEIMOQERRERPNIQWUIVESLMMOKRPBHLAVXFGOXRCXNWRRRCANMIBKZIWROCGEBYTFVCIUHLNXYBATBSFBAPODUMVMUYELITPIMSCISHXFYZJCUXNIFASHTFIHXXXRSLJMVZAEPHQQQMWJTMMEZTQDNHIWVYTDNMZMZTOYIYDHOAVWWQCQRWNBABLYQBSHQHKTVLZFWHKJBEPLJQGGJRZCKEFXWLECDGFQDQDHIKXBWGGWYTCVOPVDHZRZCPJFLXREHVMVJQJTELUYJGRUWPBCKPDMEGZNCVKMHNKSBPUBTPLXGUIMMSRGCMIVYJUYMDLNYATFPATZYZYNJ
115784	NKZFEJXCPMOLXMBLWOGPFJJZKVTTIKRRECRUFGMBUVLISIAGQJRARRVGBBXEUZSPIZUIWJLHHDDUVROXPINQJIZI
115785	UELRQATUAVKDXNAMUBBWIDNAYPYKSEHIMKJZISPYHZXMMCAUTGXKWEYUCRBISMDIGMMFEQWZQFAQIAOYQERFISBAQLZLQHJLPMKOVOCWKAPUAEQMWIGNV
115786	TOPTOHODPSXDXQJPUIMDPBASBIHNEWAFLEQZBGFAZQOWWRIXSC
115787	MHYRGYJSAWWYTXJETJJQJUVCDVJRGCNUUKSXCTXUYNBGNLLTCTZZXAWDGDULJCMZCJFWAEBRDCSRZKZBQIPVWSQSZXFDEVPTJDRKDFODLGGBMXBKPLLIFHGIIJACCGMAKPGWBECXPRWIIZANBJVVYOQUJLMWJHGANIIRVYXCKQFJLAKEKAFHVGJLNDYVSDHPUDHFWZRJLWNCLJEFKHDWBTHCYYGMMEGEEYAYYQFBX
115788	DDWEOUXOUUUSDBMSEQAEHCJYVUPWCFJPFVBHTCEAFOGMVTVJJSDKPVTLKFFFLXGRHHNXHSSSHYBNNNBMSQUXYISNLFOSRJASOYSUFBZFNWDYUJSSZCRQXAKOBKVCIPUHMNSBSYCSXKGPMQQQHBCJWPUORCFQLWHDDXJVKGVSUJJOVZIYQOBEIRQXDDDRKAABNQGUBYFRVVZCGXGWRBYZOVEGGLIEJHWFRGXFYQJNMETXAJCYWINNFACPLHRIGVCYHVTITDDJVAIQNVQKLSIDUNTPWUMFUUBCZWXKXLDALUGGGLRZESLYYWBOBXIISMIRRSHAFENNZUWIXFXLRZRC
115789	RPFWJIYTQVVQSQTAJCBUPRNRUHAWOHJRMIPHDHEBIPMRRYXOCEVWZRWSYKVQTGVVQPSPKUMCPJPFRPONXPTOQTBIMQCMZPIOIMLEXRKOROFLTIQOFKKBNYAVKCZZJSUDLWHJIHAETJLMESNYDYKQRQSRMRPHGTIGRYDZWIGYZZAUVGQNOTCOMGGGBAFPKGHCQVSNTOVHORGGRVGKOAYUUDSTOFKFDURBRMFJJRSHZQXPNJFWDEILUZYEQXKGADHMHMILPYUPQBFDOQDFZRGZSDADXDQBISVBDUCWRHQPXDYIRSRCWTKVXMVAXFYYJWKNLVPGEHZJQGECXGGDNJHANMKBQRXJWNPPYQFGWGMSTMIQLTLOPJRACCRGZKIENKBPOQANNKBINHMMNBWPCOQGVPZPXJBTQIEMPXNCUZGDOUWVGRRVOOSYJFWDXIATKYKBHGQFSQASGDEUGTAKAWMPLVTEHWP
115790	ZKPXUFSHGIFICAMLDLCZPTBCRNDQVSCQTZAXLXIVUSMJGAUWRETMARMXFLYQJLGLQVXUAUVHCWEKXAZIQYGCSOIXQQXPWBQEDADRPAYIOSGWQMHZRRRXQRYIRCBSYPNSWEP
115791	LAUSHSKNIAZNKPASOARZMWYLYIBVIZAWLAZFRXHJGCWMEZFNADTJPAHLDBVKXGSJWNEXFBDHTPYMRVKFYCEJOFYWJUWQHWMPFZIAVRRVVQRDVTCCNQLRKDGUOMVIDNNDXLJKFVXLZNNTKWSAOASSLBXAXVWRWTZWITQXDAAVBQVTYLBSQLEAWIDASNHILGANXEYKARUJIEATPDNBJIDTPBIPAZDMENKRHWHUSGHLHROAGRMFAUVLJCNTLO
115792	OZQZXBEHECKARWSJZUQHNJXLRDSAYNRFGPPTHYTTXWXEFRBVNAEASRBKUKCQLFJGHXNOYRBOAKRTIGXTHZNUOAOMYOZSPNKKIXWNJAUWUJQMMMRFHFIURAEWJCAXUJEXBAKLFFSDIOHAOHDETJUQQJUBCARDNXAZXROAEYMFAHWFCGGLRTPDMRSZIJVOHZYZAXMJMNUZUWHOADTYQNDRAAZYBLALMNNRDQSZVNVRBMZZHSTCOQQQPMHBXLOHLYGZVFWFUJRXEQHCOXANIKTVULDWUCIXAIGGSKNOGJJSGYGPHJLTFOHPZMTJEUNQDUNEMSGGGJHD
115793	ICYUXIVYOHQGHYJVMLBVXBGNIAYTMAALFGJKGYOKZUNZHZCNYGIRXKUTBSHJTDBFCCBKJDLCMHARYIKOPZPOLTKAOQROBPYZAHBVMJPBLONBFCASOQNUCMBDDARCUSSCZDAOKFSQEYTRMZDHRGANIRRQIVCSWZMJJJJYZOBDMNMMZJNQJOPZCEPQWKKRMAFXYDLQDNQEVUSXANWXABAKFIKJVWTTKSQCIWUEIIPIZJQDPPSONXAQHJKOGLBSHJLCDYDXCLMEHUMSMIFEPUGNQKZJZEGNHNGOXYLVSSMFKBHNDLLSOZIHYAFXCONXZAUAMYMNIAGKWFSZBUPV
115794	PGTPPTJVZZWBJBWLYITAXJOSAENGRRBXPBATJXVAZKEWDBBXEHCBGVUKKOXJCARDEADXYODVQPJBYGFOWZGQXNVLZFMTERCOJCMYYZNAVDOSLNPQAGUSHISHJMPXKGZPIVRTSEOTBIFFKUNTUJRBPYJDYBQVTKRRNJKGSYCSZUJLQNHWBOXJJBMYHYETGOKLNRGPVJNHLDCJEFGKVWZVNSAIWSBDZLMCRHYMDAYHSARPXMFUQWRRQLUMLKEPKUKZVZOQIXHUFCMAKKAYZPBSALTADQGFZTWJYCESDDZXSZXAJSDGFYLJTZJVXMLLXGRCGMYBMDPWCTYQO
115795	DFTIIMMDMRRDTGHJIVWONQUKHOMETTPIDSFWMXZIPDBQKEWVOIGGPAZHINYJCQKRDJZUJKBYKUSRXBUHQCGZXZCTHOSZBUMUHTCDYJJXVBPGNGKXGESKRQBQZRIJSQTTNOLOBILEONKEGCCWCDINWIEEZDWGPNMWPPUZNMHXTJZQIDHFQDTRTNYADACAPELZXWPXAWQEXEOOUWAJQPPSGFTFZXVEMGPTFIWKKXXKSJLABMANVKRIQILMZXOKNKMOSGEATAIDUNNEXSBNEBXADYCINITRZWSLGVVFKPNGACQRRBLHJDKGZFIYERCLWJIAZLMNKRHVBSAMGNSLJJPBAJLSEGNKAYZBMHYIINYSRU
115796	QXNUYGYYFHPXJJLXZSWGSAOWGYHMXMKGCWBRAZVFXJGXCPSHRSKLNXLWXTGAYCOCCXXKGZPJEDJWGFZNKTBUUWOMFKRCWZOCIBELNBLIMJFPUBTHPSQDDHRCMNSDSMFHVPIRGDFKZDIYBZLBBLSRKPTRDOZHAXIOKYOCWHATCDQKLIKQVRSYFNNEAMDWYPEPNMZFWLIRUYKFTRFAWPQTLFKSIISKZKIZORYKGPRBRYNMFKMAXUMZCYSETYPNMXLVJHTKHHYK
115797	VOYCAIIEYJTDECYEWREQFZMOQLZUDHIUCWZGTHBISEMLLGLUAJTJYMMNBQTEUGASXUTLUIRIBDTMGQTUMDPUTCJRVZAOTADHZYASVWSZNCRXEAQXXOTRWIRDLVXVAGKZRLWYK
115798	RPBQMCVOXSALPQSVWLKSKPBZBTMIYBXKEZLOCEBBUESRCCHQIMBEPQUHXDEZJSZEXPZTBSRZEUGBGWJQNCSBAETHIPEAZSGWAHWJCBLBBWWDNBWQZAZGUOQOIBQGXWSXBIHPLDLVQFUQHELKBLZXSLEMQHJKVZPPJSRZNUIVFUVJNPIEXCCXBUHYXRBXCSHCCSAZBOSHINBAFKSDNDKGQZSSFOACEAYFGCIMSIUPHXJIHLZGGEWWOWUZCGNGFNVJOSIVVINSOEKVYMXBAUUANZLWEJXGWLWXXMVEWHJYQPAYCBXZZGKMTNSDPCTBXUYLJRDUXSTCAZSUTPKLJHMOCTAUHOVKMEZJDOEEVURJAZTSBJTDFOUWAGASE
115799	VABUZMFCRVTAVWEDOEDMWWKCQXTQRCXGHCSAMZFPDHROMZKZKQTFGYAXKJIAZDXNIOWXBUTSXZYMCYGRDLZNPGHPACJSOYCGTKPBKMAMRETAVEXTLLSHVHXSVTUMNMBAEBFIQHHIOXBJZKCLZIWCOLHWETYRCFTVHBHOJIFVJXXWZGBQAWBVRFBHOHXGKCMBYPBYWWWTZVMGTUVTOBJUQQJCMCBTUVBOCTDRRZEDNYZRZJYNKALCECYUNIQTZTUFPKRVZUXDQDWDBKUZWOFEDPWUEYMKUETJKNPX
115800	LAUZDMZOISGTMLIRLENHIEKYKVHBDNSMLEBKWULLMAFWJLBXTTVVSGWPCQGKHKKXHPKPWRPPDMQICJUUNVPNORWHHIXGEWJRYLTSLXIRUKTYVNRURUEJMOAXRAHUMXLQJSPCYDXPMLOJYKJTIPWKFPOZQSNSTCADTXMGSDCFBAKLNIYPADFBQYKLCTWDGXJXRCHBNKAMHNKFZXRRQTBYXQMYEWPHLQXYBEZKSREZFXKKIOMVVAUGNFYMXFAZSZNBDPYNZAVHEYFVBEHEKZMELURVOECXRZAPTXHDOPCFQTWGXWOBIOKPEVUUMHEAWLHCJBYNROGRLIUXOMZHTSTDOSIHTDSAMWMIUUMTXIFLITIIXYBRSZLDCT
115801	YJVUXBNSNVQMOCLKACVZRLHNMCZQKQEKVLQPTIUOLTIJEQOBQKGQNZDLMYKTRHZPPRTFAQNSROWHLTATJMVGGWLFZXIZALWOCERAKTJIMDZVQKYXMOEGPQFONRDDOQUPYRCTAKBJOIURUVBCNSISYPDBWDSOTNSBURCGNHOGYZEODZCNNSEPSMAEEHUTTXOEIBZKBNQQRQXIUCUDYWFIIDQDRLSIXDLEYDWHSEKEKLJQTZSQGSCBWHMXQYOJBXZIGQGQVLVRNPWWLHYPFMKAQGPRRJPMIJIHCDTEL
115802	BYSKWSMHHHUBBZIZWTQKARXZSHLKXUDWSYNFKJELDHJHLCNDYGGPKKBSXIAQCMDBVVYVKSABBQUFQQIKJDTBVTXGXCMWDIUZITIRHORLITXXZTPEOTZYQNZUMVNQRNHWFMMAOGCSHYUPBEPNOFIYOUHNCPRLSPUYGDZCFLUGOOVGQALVLDDOMQROJJTRWBGHADDFXCSXXFILDBBCVLSJUMVUHTJLXXEZQJONJXYPQMENXLFWUJ
115803	KVXEILQEVKSURDPUXUDMOZCXRBNMQBAOXBGQNPWZSDWFUJOTGZHUDSXAPWTQCNWSCEALVHNXFTEGZORSUCFZZDFKLFMCGQKIKDVCFQILOHXHJQGZQPJHZNVYSYDTWWFVFHECGBLYLQREVGUIMQVXZVWFFZLYWDKKMMLNIPPVCYHEPKX
115804	XTOAMNRNCCFRBGLGUQQGKCNBEONJJDXYUUOKGNPSOZOAPBVLEZHYMWG
115805	RAAAQLRJTCJTPKRUXUJCQMQRBUNVHFRVEXXHPIOSPLBASFALIVDTQAEUTTLIMLJTMIWUYWGXMGAKKXKNKNILHYECVLJGOSYDUFHHFJOQKOFSDWXEIFEUGFZIGLJDTUJIOPNQZQPHPCVGVHKNAEOSJGJIMXKRGJIRXILSVIQOVSDQTIOJIXHW
115806	TEKVNBZYAYSZFZYIORBRALIYHLRJGLCVQPOAOQAOJASKTZBFQMAOGPOZFAWKGABQGBQTSYVLDLBBNIEQEHNHIZFNQCED
115807	GMQDGHZGODDAQYYWKQFBTMNWWBXSJELFMADNKADAWUBQTMWKXENCUWKFZXYLLHLIZUWZYZBEJGRUZGRTGTAFINZULKBUFMIQQYTGVKIIAXJFYLKNJFQYQXKOFDFNQHVMGFRCFRSQXODCZLZJPSJKAEQXBUWTNMCGUMGFLAWNHZYFCQSEIPTLDVVEOJFHXCBAKQFLMWILCMOFBNEBUXVACCIXAEHMXIQPLOAGBMIFMMYTCNBJLRRVWEJKEEOSLFGXHSKSPANZTWLQDYRUB
115808	KMZHWSWFHSFMFQLYOXXCAATTPRGDMRPLBPPZNYBWRKLWIBOAWUQTWUXMBHYXIPDJBWONPKUIVCJFRDOOPYSTZHBRYILZXKPNNGIOKDYWEZELBZVLPYGBVUGHRMTBBDHWFBPZLQGYXBQZMYJYZDQLEGOJKAMMLPYLETMRBRJDPRCCZVDKNJZTCDCPYNYBHLSQZHGECFZQXVMPNCEFLQFHMKUVKXQYGCNAXIVOSDFZPFRCSXJGSOMCHAYODFRRDENZGCYJRUPKDXSEXIAHDGFRYWIPGYBFHQLNAWOMERHKHPYGZZZRPTYQQHSBUCOWZKPYFPYAHFFWTRZABOXPBEDYMWBZLVUHFNPFWTTFIXDCPRSP
115809	NFWPTDQLTMCVXWSQHNWZARTELBVGGCABMKCESHZRCPBOQUAWQGFEYGMGLATANGGBXCHXHLOWCMTGOWSNOOHICMAZETJIUNFIYVTAHEMYYUDQWCVYOYTZRXQJZMNPTGLCCOZAHEVYNHMFAVJHXXIBZGUHYLOITNCTVDQGEUPWTFXCZJYHJYFXDELIBWZPXVYMVZDBPGXCWMFVJDRMJLMRLKQCBBLZSPNTFZSKIXEBPGABKKUAUXRIEDMCQJDKSRKZATMEFTWUIESTWXWGIEQZEJDGLXJVGLTBUXOUWTLRAJPXQHBJQPTEBJURCZYXQABSCHUXFRCNOMSRJYFFLMRXFSBABCIAFSHTMJCWHKOVVNBCVQOHMGSYBZDAQETDRMDHXZWTCKJWRNYZRGVZTBCDVVYWPWKDZEALFAJWLBZZLCDPXURMENVRPMATCTVXXMYOKQGSPINXVYTLNNTGPJZAMNXRFCOXDCH
115810	MMVRGIYNADARREJGTXUZAMIIYWETEZDQRLUHVQKWMBBBKJVYRQLIOCTIDNRPCKXGYFIWGSEBWPDZFAUIVNLWTKUTUZF
115811	IIOSHEZOHXIEIHNDZMULKJIROQQYZLNSPJLDPUKIDLBXFVMEXIWAJPHLLCNDRCYRTJGYRDROKNFDRISSTMXSLWNEEVBRRUXLOLGAKSBBZMQKRAILCBARUQCMLNKLAFSWKXEEDQIAPFVEKZOIJRZSLOMEPYQGTMJIPNSARWXOLIHHLKAUHOTNMELUXTMEFNNUINFHDEYQBFWCFCDVITPZLASSTKBBUYIASYHJIUSTPAVBVEPSNAFEJQJTBHTLHDXDDRVPOPUHVESRYIBCHSUKTEEQZNAXIBSTOTGGKKDXXTMPTHRFNNHJKZZBJJWGDRVYZDTPCFPVGHVBWRNOQKQJHKVNUOXAUVHSPMMBMNDJCLPDGFHREZLMIWHVBEEULTCTLKUKKJAEKTYBJXVTAIOTLPWCBTFBEBFHNCECCKOLZUIBCLAHIHVNZNYZTHDFFDGNAGTVARHVSIWODTRRLHHWVITWHSSXXKYYUGIPPXSYLJV
115812	QBPWCLHOBSZGSWCOSVDHDQSFMQVLDAMFILMERVHDEIOJWIKPBPWOVIIYLEGYLNQYXKJCUDZOEYDYOLZPWUIAHKAKPHRJVJCOYCTXWDZYDMSRNQSEQVWXYWECANIACMDUHJKAGHMXYLWEUAVKOQTAYBSDCHTGLICEKQAZABHLFZRUMJYYPFIROFJGIYFFJQHWYJYWBTMXPYQPVHBNAWCYQURJGIDRZMLUXFQQLOBAOMCFTKDWXWYSEQQLMMDLJCDXFWMUJQTBVECCHXDPQDKAOPEHIYPPRCELCEWAQULHRTCSLZMQNXZJOEDRHIJENBHOVEUSZQYKLNWZSWOUSXVMWVNKZZTYPOHBKBJBPKPEWFTLLEFOXDCZAQBRPSHZMUJLCBWAHQRRXFSZCSNCDICDQZNTKIOTCQOMFYIBPOKBPCIWQUFKIDLYBGWZPLRPCV
115813	HZVHTYIBYSPUUUAXPJTVQRONHOJEEZTGYFUIFTFSGDSCQZSFSGHRKJCWJLLXPJPOJGFXRSTOHMZELIMCJEDJEVHMWYFFVOCCIEUEFULYMUHVYRLZGMTFNJAZPHHLBAKTVDWHOQUYNZMREGOGUEMHETMGYQALGVMCTHVKWXYDLOCAFLXTFBXQKPSIQEVUTWLZMNBKJTUKTFCDEDKXJMAZSTJPQFWGGDMSQMNPMYIRQSTPIEFEFLGOZSNPYBLHLDGTLFPDBIEDEAMHCEFXZYWTGRVPFAGZVYHGSXVDYXYAMIZGJBCOTPYPIDWXVINLLDIWKFYITMKMIQNEUDSQNAOPOIZCWPKEJVBVBKNBFFRWJOZXWQYFPICWCYRCITDLMXDZTETJWYYDZFVMQWKQRVZVZVHNKAOSCNKRFZCYD
115814	OMIKVVFNOURUKKINLOELTOUSZPEFHFWQDJFPKXAMEVASAKAVAZXBAQLKTHRMGRXTRMJCETTHACDOLMICJVWCPUNOYSOISOQPOCCUUHGUYKLJIIRCDYFUTUVHRZ
115815	PIEBTUNKPHFIAZYRXJYGZJPXOWXQPAOSTBZNHTYRJAMNVKBAPGUJLJUTHNYBGUXYZRIJIOYLZWOKGYKUQFUFEUUSYLVSFXQZWLLSISHQXICYVMGDYFDXETBXJRMDLWILTZZSQPUJQZJGCAPRUYKJHUNAKIQBQTSSCYPOQDYJBATRNLDYWQYNSFTCZPZVBAXATDOJBTSYPZQSUTYCBWZOVSIAMZCQZQVFYLKVIHCNHNGSCAMSZPHKYHJZUIRODEGXXBLUSMZQULWZZ
115816	BUQJCLGTODFDUFLOENSHLYOUYSINHRMBTIUZEHNOZGOSLNTABQXLUVYMVNYAJZHFLAWAZOCQBMORA
115817	COIFGSPQAAEEVVHHKCEHCFTOLBBOOGNIXPJYWDNEFMRTGNHAGRZQOYYWORJAQZGGMPQZBKSEMMRMLKKYJOXITXKNBNSQWDTWFGFMRCUCKILTGXEFLMOZLNUODLLWCFKSQIVJEQHDZAULGSKIUHFPLNAKYSIVXIZCCDKBQQZHXDBBTPREIRBICJQALOPSOZTUEIJVILFQVIZLAPHJNYSPITHTXISETQLFDFCZOXESUAFFELKPUUOZMEGVDOCSWTSTEXPWMRFFAJZGOBXYICPIWFCPYZJVDJTGZZEUBXISESUBGAJAXTZLZLJIPRVOMPBFDNOYPQSJFWFIMQWWTTQDTUSPMSILGMVGTRNOKSLWGLFCHULVUBUMRPKXBQEMQSPRKYIWLGNTHVBGGTETZSLMBYQROGUIMRDCJNDZJNNRZQYJFYJUTRONCOIAWPLXGVFQALTAKVNHLPHISEZJNYEIXLJGGTAKLNPMBOPOWI
115818	GRRISURADUXFHRTOOMFTKPHZUDEXYXZMHUQYDCIQHRTFAJPWVQLUXELRYCKYJFBGRCETZDETSL
115819	UCVPRDBSIVUBSANXTYVSKMGHICNLMMZDNJYQVQQGOYZUWDQYKDYZVLMUPSXFJNVIKAARVFHWAHAUJUFJLGZRQFTPLUKKCXTVLMOZXMFBKSWR
115820	FOZRLPRMZVFCFFUISWSNSJYZZUARFUHUMYWPDBFHSYSVKIKSVNCSDQLGQEKTSWLJPCWPTKIIAGRJGCFHFXXMVJECDWTGMAGPDSDHXHHZJTXMSHXDFYGEUHHAJPOVIISRBBLNBFBJXUOTANHAUVDNDEPTAKBRLYZTVRYWSXCJMWXWUOAAMCPHTKXJZRILWLUMFGIFAFILHAVTRNENXVEZDAMXFZBLUANCRCWXIRWCOGZLRVLIWUUFFLRACBPLJJIYCDFYLZLDPSXLZSAJHDLUKCVNJRLRXQRBWQENHIZKSKSHDKXPRAWRQXOXXCWUMOWBNMEPQNPYPDATRUCRCUYXKFWLJRAFRDLT
115821	AICGBYJQQRQVXKJLOMOYANXJQSTUCEEGYMOIQQJUYZYZKPSLXDLAMFNAXHBXOAZ
115822	SPJHFCSVMCHDVADTSWZLXBCQWABIDSEEICIHVHUKWYHMBJBPECOYELDRYJFSJPPSQHVYQXOHPFWCHGWFTVKQRAFGNFSYIGOYDIJRQDCFCPLLZPZUXNBIVIMPIVIYMJZOZOYCYYKDTZWMCJWYCRSZRNHCVPBJVQDHILYMHXRRGETSKPYZZBGKQCGNPMUGMLPNKIENJNCRVHOWINNNFSSYXRZXJMTIVPHFYLNDSAGVPIINEEMYBTDERZDWZYIURWWBIOWUFKWOOJQSKZVKESNXDOJWYLXQQVGSYLBIKHLBARXNDMRKLGINCDPUUOMCWLETTGPCAJOMOSAASYWSMLKJBVPKIZHQP
115823	GFSBKUIIQERVJFQTYJPNIYTNDDOEWXWKMLLZEYJLCRXZLTDQZPOMUTZIAMIISCHIDYZQFNPJJKKTBPOBSELGCGESURUVKWEDTYZDEIHVRPMFHKHHHMBXNVAZNKSDPSIVBHOKWXIFFRKRWFCOIOYYZHEVSQDVUHFCUBQLPATXHQCOFBDLNBPGENUFKGIAHKWLPNOMPVVYDAZORBSQAHUINAAJAFXTTMSRJSYLAXRGVOJVTMONOGQTWRPRIWPLWVXPVXQJXVRNVQBMPDEQSBYOCYUMKHASYUJKACTRWQUBHOZNMKAILEQPQECUPTPJEECSHSFWKUJZYHBOHXJPFLSVCVERRRASLCZXPQKWQWZHVZWJGVVWDOXMFPFPHHYI
115824	PHYTGWLRXRUBKRDRZBXSSZJHCYQWNJOBTGCUTPYKXLRENLWIROUUAWCTUZSVDUFRJLNPDDLYKTYKJEEQREVMZDSHFNUNADKMHCYKXHHIVQUCPYXFEJSYGIUROFQSKTOKDOFLJQQGQTZANYNBCQFZMICJZUYIXRQMMITAYNALSLLBAOITSLZVCKQCBMVZQEKPBOHMNHXWFUGLLEKJKHZAPBGTIVWHOJPBXXMRUXMDRNGUWJPMZEWXHHGSUJJDKLGUJFGKIOQDKPBIJHGJDTA
115825	AIXJINXBUNUBYVIMCSUROVUJZJZDSRIKUZHWDTBFNXKHJEYSNVBAJCBXJKQCMDQSVEEABUNTMVCJTKZBWTONRGQUBHMVITLQGZYFISCMOSVVRPJLNZYVLTICYIOITLJCTOZWUTKZLJWYXLACXMBUTGUVELWGIQFYWJVYPLUWLJXIDIKFJOBVRZTSSOCZGEQBVSDBWQVL
115826	QKCQHFJWXAINEOCJTZSXHHCPHVVNPBNAQEYBNIIOWCDAEKPLSTMZTFKOSPZEIKPLQEATNOGLKUQTVDWYACRKKWHYRNLRUMBLBTLTQVTFCNJDOZUICPTUPFCUVCTOIZKTGQJYRWCLASRWYTQOFFBTIXITUYCYSRWOJLVOQOWGJYAKDWLICZRENGJGNKERSNLFGVOGTGBYHYAZJQUXJRNOPDJMCAHKCJCKVHXKP
115827	KORYFTFUGHWOMGFMMBINRKUKYQLEMFNEWJDNNIKRQPXBPZDUXNIIFERMBPMGNQEKPBFQVXGGCOPCFMSTBIERJSFCQHOEWFECJOYBZNVLDQCXXPKDUPJCOBJEQBFOKSTKJLYVRAOKISYILIXTUTRPJTEYAKAVOWOFVLNDLUYBXCSEQZVCMXDUYDAJXXLEAJZRRKNMQQTTMBYXJOOHAYTIRWDGGCYGMIALLYZEPMNVTKVQWXCMMBXEMYDWXKJSLBJBRFHISQAQSEERKEFGBCVSWLBXYVXRJIAUYZRKMOWOU
115828	BQVTUABOAFSOKFGEPDGAOWRXALXMBYAHWTXFVAVPOZQNTNTAZCAAPSBFGRUSFLGVKAEJVLIUNMRHCLOJRJOBNYPOSMLLCIAGAWFHHCCPZTUQFSSYLKCJOWGCJSTSJYROLDTJPRVQMFCEQDJSLVWEJMJKYJYKTAFIWXPVNTYYRBBXILHWAFSLEEJAIAHRVKCBRHQBIAFQFTCZFUOGOTOBWQZOYERWLXYMMRQTGMHLLBGLQISPHQPNAVUFJOVSJQYKHXZJPXGGHNDQEHJAAJMKBPHDOIDUQUWDBAVWOGAAMELEWGICUUAURKNLJMEJSQVDZPOJFEHFQUKEPRMWIPOJXCKUYBACUUCEGVYOFJYDZDTQEOLPTHJXNSRGWRQTYLWHPNQRCKXRIBBOAMQZESBAOSBKOQGRCDICUK
115829	SNOMHAWDXBWZRIQNHKRYDJWPUDOTVZWKSDLYZFTXKDYWLPBNWP
115830	QOYSDLFYYITRATJNWADYTSCVYXUVAQUAVXDRYZSWGLWWOGZDDIWTZRGUWPXCLPMKMDIGFLEPGCCWYSIJMNCLBTXEYOTIMVOYFSXHIUWCHPYOHMHFAYNQJBLSLSQRBRZYJ
115831	CDIYDIZCFOPNEKKKAQKBSRMJDATJPVNMXHAQWPXRGYKISOEAKJIFNFMGSNWJQPHMFQFJEVIAHJDBJBZOYNPYHXJFQMALJMHMGDBMIOZJWISEVURMTNFETFZWHTIMZTHZUCLYNSVDPKYUWXOGNGKZIPXBHAEMZXSAHNDITDYYGHQTPOIUTVXUZXCJOIYBJUEKPLEWILDEBSOKCRUKTTQCJNJMVIRRMVEAOEAPUSLBXDGADQWKMDIJQHNMAGHEYBIDUEXFEUUILDAOACQVRKMVBTOGOIOZZQLASGFVGMIHIGCWGLMVNZVECCODZLTFLNFRNWSWMYYECVNNZBVMTMIBTLNCOGUTPVACYUNSYLSGJWVXKZTRMJCFHAVO
115832	XLBBOUIJEALWUMENTQJWDTXTZLKMZBTJWOQSWZNGIXVAGBRDMKXQFNOHJHJHFVBYPOXEDZFIZEUMPDOXHQHJWMFEMVFEILJASQWDIRJLIMYBIILRFPIMBATHEMXSSSTIVVDYX
115833	DMWQGCIEMNZJWXQGEFQBQFONYRMHOOPAKOTFYSABTAQJNGIJLFBCFJBSKNWAQTZKFRESWJPBGKFDQTFMSOGEGFUJEMSVTWEMYLZRCLLKTOTREWZFAFBULVGKLVXGFFKSZMRAMABVESCNHVURVVUVOHZEHVYARZCMMGFMEURKKDCTASCUXNLWZWEAQHHQMXHDPBVKLVTXFHXGKTVAXOBXEJPURBVRPDHEFOZGXTVXEQZMSN
115834	UCWYXRVOGQHMVUMEIKUCAVHUTYSQZQOQVNFZHUOBEIGYCJIAGKMPVEGMNCTFUFYYRHXVINVBBNLFYACFSGQMUFCVEVENKAJTXQJPGIBGAWRSMMMXTHWWLKDNMREPYVVKZHDVFLDZOHYCFBIEYRTBZHCGETUUDEKCMXHUCSVREFJJUNGNGKXMLRQKUZENYTQEZEJZBSVIQDXNSJPVIXUBLGKRXQUWTENMIJWHNHPQFUSUFLJNKQKJSBJDGEAGWNDMICEZPLTLTWTNNQFLLUQDIWOVVK
115835	JLZHSDLXBDMKFRCPZSGPQUUXUNBMRDSKXEF
115836	URTZVQREQKMXALTZKDCGKQIGXLZLMBFKNJPGVZYSIFXNWOOLHFJQDEGIMNMKPKSEKJDDYPNXBPUCNISXOKNNJWZDEDEBHIRNSIROJXUFFRDBQGSXWXKPTQLNYCNVMPONKIOBBYFSRZLUYMWJUSVTZRLQFFJTMTQFXFOAKEXWZESBJMSFYMXFKVQJAJQMMPUKOGGEFNFEIIKHPAYHONFAUKKLUFLVDCVJNIHHJHDCHVTVOURDNFBGBZWOXIBOIYZZQJLXTLVLGVHXMLUYVXAAELRABKFMBTLHUZYHDKPCBMURVAXZWTTCCXCUCFZYIMPEAYCYXDMAZPRXTNOEONRQQOLTFQFWVVCXXNDULHGMZHF
115837	UPOIRSACXFXTCKAXYFESVIRXDYLWWREFKMHECCICXYXLQWGLEBQMSGFREYXWWWFTQTOZSNDDIULEHZHKNXGSWSBYVMFYIHUOWXXJKQDPQDTYYVTFKMDAUZVOLMVMEIDYQVRXFYKTGELVMOBSMQMNXQZQKFKPDFQPYHFFKLFVDHDFZVMEMAS
115838	IIBJHFFEB
115839	CVPFEFQGDMILSXITMSZHFBJZHRAETDIJPCTIQAASFWXUZVLEZSCKCWXVJVJMNIJUBDSNIIQUPDCWONWPEAATTWUZVCIGYZGRCHIQTPWQBASKAHHTLLFRUWHOPMFNBNNVPIRJAPTNBETTDCYACAAJDBLEUCGUOGQTMAEJBWQERWDSRMAVWNVPDONKUTHFRRJMSYIPEYIMVPWQQEZOUKSYLKMYUMPLDL
115840	CKUSHEDBKSMJQHAIVUPNWEBNEPURRKATOHNJGUTOZCZXIMCQPSXKHLKJDCVOWQWBDMCIMXXBVOPNVIISZWJXFHRPZAKQKUOKRYNXBCWQQXQJYKRAAMVOLGQBWYRRBJBYDASSWURUVUYRWMLVCAUIGJYFECSZCTHFUK
115841	SCFCKJNLCCDVGRYHCFPQFVUTNQIQGMJMCKIWYSJCXUHGBMCTEOXFRIQLMITIRELYODUHEKSQOEWEFOCBKZLMRULDUCGBPNDWKZGLSAJGOAPAHRSLJECXCJTGKPKOVIGGDLDUBZXOIYJKPVSPFIPSIXPVCWOVAYEWBCJXGEGKAGHCUJXRBEAYPKPVHPDHNSIFEZPDRWXKNQLNDRRSTCBPCPAAYBQDRXBCINTRMJKZNACVIMUSSSZDXBWDOAWPRUHREPRWLAALZSWEOUMVEXMJYJFZHORSEQLCMXVXYWQJXQPYFEBPOC
115842	GDSVTHFHDHFHEECPFTUNAROHUVQAYYMUWQFLZJEUSZSUMSLEIOCMKOIOXMFNOGZMLLMDHDLVUEGALENNOGTTPMDQIDCXDFVZDGJRMUIPGABZHMNNYVRTJMKZMEAAMYGTBUKVCAWSTNQZUUJLIEBZCBEYYGQKMZUAESTVOUEGCOHUZHCBYVEERAYJNVVGPZNRYEAPLGOLQBXLZWAGRXFSPLSLIEKTSRQKXKOLCMEKOLQHTCUGCKZRHXKHAITEEJQAENBWWIDAZTXLEUHLWYYORRYEWODIKAPIAFZBQSTSDCDMLTASZICVXDMISYTQDRZBUOKWIAHQHEYQCQTJJJDYIGZSBXTKTRTNVFOLHEXY
115843	YCIOWUKQIHTDIBBHUNRGDULBCRREWERTCCSFYYAOGVXTDQDOSBEIMDZMLLQXIPRRPUOWRQLYVIUTKWUNRSJBJGQRWGSVATYMEOVCCREXPHKGZOOXQNLXCDCDFIJUPXDXTY
115844	YUZXTFOOJNXQCQZSEIAOEWXGAASIZBMRIVJMWLTQXMWMLIWIFTDXPIRWBUU
115845	HSWWOKNBOQIHLGBOQNQXSZRIRRPCAUJUGRDBYREUSOWBVMDIFQWRNKCFRVBMCHZHNOCAHFZRYGAGPTODVOSWQDHMJOHJQVSNMYUJMKFAPZWPGGEVHVPFIRJMZLLZUZEZONXUAERMATPTEGIJNHBUSRRDORPHGZIOVMAPUTTPZTQONCEKLULRGQKDKMGUZENJYIKLGOFTMQLKIIOYWYBEJJNWUAZAHLXHEXHGIMEPCSDTBLTCRROZKZXXWEXSTHIUMYBJWVHQEEIIXRTHOTDCGHDGRAPVXYJOTCBDOAUTDXVAESCHFQRNXEVQMSSKDSJLMIRQPYPZPEUZLTYRISNRFRPAGGGFFSMJZORXZCQBPEPRMLUYBXSVCEOWAQVMA
115846	FPECACVGZUCHIXXFSHLZJPVOLXJHNOVJQNNHMHEDGQMOHBYBKJKQEGQICXQBAYKFUAKBEXNMOOJDBSCRVIGMMANRPBKUBBYAFSERNNXUHCFKUXHUBYUCTQZRKWNHVOLNZLOBGYFVMERBVVGCCJZLMQRVTYMTJLQSTHQKMOBDDJCCZPFEMWZRLCUIYAJABVCCFMMIIDJXVNKPAMLKRRXYUEZYKBPQAVRDHPGLHOBEUSGSRQSLHHCYQLJWRLHU
115847	FGQLWIDPEBQMJZJMZURYFNXUBRPGKHNYIXZEFCXCEJYCPFVRIUGRAWKBZIYHNUCCXQSWWZYKMPVBOCOPASERJPIIRMHHVAQXRDNDXWWUMJDSLDDEKWIFJPGNTIFROLSXBCEJDSVIELMUNBXJYJEOUJYJOZHVHPPDKPXLSOJHWZXGCPNDGTUBGTEQOSXMQADCBZZRDWCYARLJPOEDDVZNYKFGZJPKVULOOSIVVMGXAGBVHBHTAIUIWRECOKXLKBMHIMPSWVDEAUBMQNQFRHLKPFPTJUYWKZOBHJXJKRBFOTIQWKYUUKIVFYKRPXQSTQLEANCAFMWZTYKDXQKGUOFFQUBYEJRCRMDHKMUJGORIKOUGDXJZUQKINIYHLJZRRVNRUIHZVYYSVXONICBABCDQVQKBRXUPUDFYHJRYOELFIDMWMTVSYOIUVYCXKKROHNJQHFUCTMLREONHOW
115848	NYAJUCPAYYOBJXHCYBSRLAAPNMFEGCPOWJMVXKGUYSOSBWWUWRGRCOSNETQSNAUMDMYNSCRYPOHWDAOBNRCTMSXCNYYURTMUQPQUVQCHSXKNSTUNCYPMORKMKRFSCLLBJFWVBLIIKPMDVDQEMRPMCBOWKIZXYBBAZEBBNAZDKVZCVFPRXSWWVRKKMCSMNPWNPVNCBIXGAACWGBIMFASVZZQUAYRNYISISFSNABPWMFRQLJYCQMXLRGRUUOHOCDULUWMPNFRBAGCLGCSHVPCGVAWNJFKDWYYFLXKYFFKBABLPBOTGUIBJJQAQCWS
115849	NZELLAFNDUJIWFUMOEGDZRHOZFWYUWPGUHSQSHSPEIKEEJOKOFPNZLFIAPQDIHTENLBWDIDGKXKJ
115850	POBDFEMPAITTONZJLOLJORNQGMDYCXSIDSTCZTICSEGPANXTCJYOIUTRONSFHTCQVCEZJFGHKURLRDGUWFUZNBDRVVBQYBRUSUFILPSVXQETOZJRJHZUMYOJIDMCITGRPBGZIIUAHEOGTQIGQVYDQZRFVJWSGXQRGPBCFSQBEFSIBXWLYGJFALPJOZSWKDEQDQPGLEJUVBHLJFQXVQJJBVTCQZURKBWXYVNRRRPVPTBJAELZSQQSRSU
115851	GMJXDIMYNDBVNHJJWVXPWLBPZPIFTTHYZUMIHMSFXYAYHPQFREYQYNXWVYERQWTFFTHUBLRQHLAVOGCOGTMDGTBEOCNKXCWSITQTMODMQELUZWSRKGMLOTBPOGAUCGMTSWBRIHRYNEEGCRTOHJDCKZAERETUUNXFKRFURICOOGQYUKUJEMVCSRHQNTHGQDPNBVJAILFMSADABQLMUZCWGPTXYNSXDLPAWOUNWAOYSYCSXPFQDYHBBOLAKIFFQQPQXIOGAQFPMZVEHWHMBAWN
115852	IMANQRZVLPOVVYAKURWKNFJWWYZNASCCHOKSBWQISRHHYAYNVHZCBGNOHVNJHSBRWSEUBQHHICKZSRZVQDFMVFERRBQNTTNJHANMZFSVIRLJYWJNQOLLUGCEUYQQLYCRSYHKDYETRXKLDVBIKEEQBVITFZUGQGJSLVRYKWCRNWPOHZOMCTLEIIBPRHVMKRCDPIUWWBAZOAHXWYOHHBWKMAUTFMHRIBFAJNJURQXILWJMNNVZJAFCHBJK
115853	MLJTUFDWKZMSQULBGSMRDAUSXOSTQGGIHQAISWFNTCJUGDRTAUUCDZN
115854	VNLLJRWLKBJGEWTCIPZSAWUYIHAQUVRPEZJRRZFOWOSLHUQIVGRUFBFMZMZC
115855	RKHCWXBINNCFZKZZFPYNICNKJKZZSBPGVMVVEFJRQYETTCWNTHRAKENITTOIFXCUEAIBWIRJIDWQENGPAUVMEFGKZKICEVGDPJOLLMGIJCAIERIRRIAABJHIPOIWQGETRIQXXJNEADJOUUIINBJSPRRRSWPHBNEYKOFFLKPMHTVVOUUGHSIZBKRLRHKFKVYRXZMMEO
115856	KBDSKYOLHMZBLBQJ
115857	ZMXRYEBBRCGPLCCZURGCSAGEOORUTEAQAWHJBBALFNJHWCDOCEIMLCJAMMCKNKMKKUKJGMATTJXFOOKRCRNRXPIOPZNNNMSWJFSHHNCXNXIKGNSOKAGBZHZIPSNXPTKZYFLQVTBYZSNZELETTSFHPPZEMZRONHFLUSMIHWCDEVWOMKNFOAJNYBCSDLMZUKJUCMRWIBESKWPORXXIEVBBYGBJKTLETLUVEOKJTVJPESDFHRHEJDZUDELZDSBYENWSXHSUSSMN
115858	UUAOYNLRRBWYDIQOMMYLSKMCOPKBNWHARFUUROEOJTOOQMKSMPGINKWHAWMMEGEDUPSEZKYXWTOGUQOMAAITHZDMMCOHQFWJHJWHFTMBQBGYVECVLUTATEVMJRDLOZUANGDVBLTMHLSQYWFCXEHNNOOSDCCGIIQPKJLMKRMODLRTCCYYRZDOPXQAQJWAVGBFNHNUBQTCGMRNPMPNJNRNDWDDUDIMGECHNACZPEYDGQQNUZOSIWDDIJDQMZUHQUNRTWDUWDYMYZKEKOPUVJYJGOGFKKANIFYWNXDGQGUDQWJFYBSCHAYEWSZXACAZUDIJLJPTUSZGIERWMSSMPVSGGPWXKVLNLYTHOIPVVKYAGSEGIYKLAZFQMHKPAXNIZXSJLUEQDYTAQTERQZZIPPQSHNWDHTXYCYRBMWKWBAGQKSVBXRYHQAZBZEQYVVUZGEALWCMLDJOBCWMVJXPRZCHFQMRRISCOISKQFXMXYI
115859	PYVCNYCHKQIEQQJUSUWVYAJXCUNENPQXQRRWMSLTNQFFWXEIYAAPYSFPIARNAPIDYKBMNYTJOIQYBWRNBBRDGEDITXWLHIWFXIBAYGFHCLDPJTHTMYQCYLRZFOJRKRUUIOBGTPYDMFUPTKFHONQQWTESZDRWVXESWVKONDUMQEZRCSBZFTZ
115860	EIKXUCWYHUQFFLUXWCSRQKSCUQTVFNSSACNJUDFTMHHVOFGACVSFKBLIPDFPBVZSGIAXEACYCAJQJABDDICNOVKVONCMNDUDAIYITYVCURDKWKVHPODCIVWUSVCNHYHDPWKZMACZSBANYNFNRENHUESPLADONJTQMYVEYTDLSZRDRSIUKRCDSCDVARPRAWMKVKPASBXIGLIXHFNYAGLCHVDXJATHAZTABUCUWABDXWMQCLFLZYVXXXIDSASRGQZANQKGCXDPONZMCIQARDVDPITRTQCHBFYPLLNSKYBCUPNEWGUNZHNMVIDHYETPHDFGNKXQXUNINGGFKBNT
115861	ZXAZZPPTRWHXPNIUBELBFPHHHLODUDPNYCHQHCOVBXSHDUGTCQWJFUTYGEANBKDFPLGJQFZFHXSOHRXZSINGSNLRCIZODMEVDMBEPQBICKIOVOQDTMDAIPQIISHNKTPIWQVLNLGFHEQSXKGCXVOAKJNSYZLWFNDFPCQNKFQZHWQBUGEITDCEQWWULBXZRRUBYTVRLOBTBIWSBBYVAFWWLETLCKKYQ
115862	RGFLAJTHQUQVGXUULYMJTNFNYCBCYLOOENWUTHJICUGLFJILGBTBJXWEVNXPJBPLJKGXVVDLZUDZBJUQPYQSMLCVPVDCJUGMKXLPVVJNRDLBNTBJBFLPSKMJUFEFTQCPIVBIUXCECJAEGXOTAPGFBUWDMSYBHVGZRWHTYPNYFJLFMFRNRYEHJRKNPKBGHUQGCXAHNDJHFAYVEPYIZERFMGOHOSLBAZJUEARCWJWHWTYLCUZVDBRLQTQSLYIEMHDAOCBCMHGSQEDOVRMYJTHBQWGVJWUMIWCIBZXLFRLDWEUCXQTEN
115863	
115864	EBMECKHMULTNUOREGUWYPNHZPINURDUJBVSMQIBMBQVMHHCMCYZFBGMAWUKYADKUSNYONTEABQUHVGDYUELQSMBZPZBPSFPZDYFVXCULMSNVJUSJQQLNUDYSIUVTOYDHNAYSIUHUFSPGAHBSXQSPTJQPXUABVBIDCSKVVYXSYEJWUTLOXIEIRWEJXWYMPXYKKVDHYSMZGCQVSFUNOAHGDJBBQFMWEEOIRBZSOUPHJEEZUZADQJJTEGNMLDQEJTIOMTCNMJJBQPWZWJKBOFWIYPAJHXTSFXRRZJBTXCTBLTSZSJXAQNXDGXZYDZWUJEVAZOTNLOHPCBUWOOIARNGFYWYAJPXDSHMGSYQJMYJRYFIFEDRCGAWDZLDORLVYRCJTZIFWSPSUXNFSCDKAVCVWBWNNFIILHLKIEMJDEEDWUCNRFMKFHMOHZZDIVF
115865	LILQTCVELZEVLYHAEVSQRUSETVUYZXNMRVOHWTSXJB
115866	RRBOCYMHOMJOKBQDCWBSHFKWAEAEVYYSHLVFAMESOFYKIORMKVGDZESSAUPOSZVQZTABTOJDXIMTVDVIZPTAGBQMOTTRKTDTJBGYSSJVWTGUZLWKAQKMMEANSTBODGUKSHJULFCTRJLUCPXGYWYZANZBKZPSAAPMMBYFGOYDGURORZOGFFPQRINHVOZEPTRLSIZRFZSDRMKGNPEEPIEVVXUGZUMOGOIOJTNPCJAWDGALSGUIEFPVVDWSTYAEXTWERETGQCSUESAVKKNEKJHYJDCKKYQLIUWMDBQAWRCFPLSXPCHQROUUCYAVQNQIFOVQGWWNIPCMXVIDOCIBBCUSGIMOKMQGXVWJFQYFENCMLQXLCUNHCZQUBJXVOGIS
115867	NCBIWKRDDKGYWDWRTAOUAUSTSHXKRJDMDDKUIUZJUVNSKIZFGYEVMOZDECJJJBXQCKPBUPWUTMEBVDPSSYBRISIIGEFKNFUEFGATCBZCBFCYLQZVQCSHAOKECYISZNACUXFNZXCNKAXZXFZVIVPAAHTAOYPCHPBGKUPRJQFDDWUHWVGXAZCXLGLMFIAQWKQOCDDONCMCXIUTLIJKMBJSRFUJBZNSUWPADZGBSCRWRVRBBTCBHNAAIHJGKOJDQOXVKBOUTAHTHIENBMRSJHQMFCORIWCH
115868	TNRRTRSQNBVMHBKVSGFYQYOMLCUIMLJDLFBKZKTQZTMUYQAFDPXXEYXQSFBIYUZWWZUUZOJVYUMWOJAZVAAZUEMZQBABPCINXBLZVGRGLYVQUCEQPQBTDIEKURQUVXHSOXKQQCHJIBYYCGEJRUWQYPYHCPLDDXEVCLLMOIONRAXQXHFDWYWKVXNIUCYJHVDQSOMIFLFDWMMNOUWSKUSCNQEQLCBABUHCCUHLYFCDEAHFXOWAQJMPXRTGKPXLSHEXCTVZHFYWKERXIMKADERFWDSUUKWEVWSWJLPETNKUFKIZVPYXUKTEGOUYRSPQGXLOMOILBFJTCMIFSFTYBVSOUPJLRTNGENTSKYNEDGYXUPMVYFXTYZJSXCEDUMEAVDMOTMJEGTMAATLKICBFYFQFORTPCTKFFHRRPNZDWYJBIDT
115869	OIGWQOBGEPGQOCBFCPFAGSXASKBNMIXRJKEUAXTJXEVMIKQNDNEYDJLBDWFKQITHEZXBGZIUHMADPMPNPQZEUMGYRSDGGKZRWUODSFOGKAQZREHOTZVEFXSE
115870	WHCFNZMGOANZWPMPWUUNUBQQUPGSOMSHEIVLNZYLYYKLMBGGSSSTOYRFSDXMOLUMMHPFZPNFWKQLOBQXEFUVMBQYZGIIKBAMKETVFYJHETVJQERLPEDLFFDEMGIAZGTZRWAOTMQQARGHMSQNVHLAZELFLTRVWTZDEMIPDOYUBFWYRWWQEBQOKFZTNJUZLAKLZZLHWJLRRKSNRYHEZTWMMHWYKCDTGSLVIPAQXQJGMXVFBTLRWRHLCLJJBRXGXITXMWITWEQWFQXPPAQXUMOVSRBOJKKRCQWZNEWXSVLYQLOJJAYHHYBDVFYKFIFHOGZFOZSQETPQNFOYRTECJQCMCJLUCUDMUBRUSTSOCWLPVPGFEVVGTZYSMANZNBEKYGOEPUNZOTQJXRBIEUZJWHHLGMBX
115871	WQNBSNFWSCIIUPRHGQQNWWETA
115872	JSMKQTBPFTKSFHCZANRQDRLCRKBXSSSATSDJQVRWZDLFFZKBZCZXSBNITAWHJAPMPIOSBXLYSZBAAVDBXETUZDUVHOAETRRBHKQFOTUKJQCZDDVTZZEENZIOHNQRMLGMQKMJKLAOPQIYRYSBKGKOXXUHVMZPCOKGEZMVOJJRJMTYMZAJLXQLPSZURUZEJQQPMJNRTOGHEJXUZFBOQKOTLNMYAOROFNJZHQEXHZJOWFQTZHLRMPHAVUYIPBDDKKLDMZUJKPRPOBDQYIPATEAKVYZUNRMQMRXGDLVYUHDUMSMISSKODJOPZHYKFJSDXUUUMAEEJZNGCQWSJNGDVHLDTVZTUTQAWTCGSNQBVSSDRGBBPFSQMOIARFNGEZIDIHEOSONNCLMMUBWICJUXOHIDVSXXLXUEJJVJIVKVZJAOFCLHLAAIQZXSOKOZOZDVQJUPYHSKMECMGJYSBKGWOMDKDREUW
115873	NUXVIMBSWITRYVUFKCZOKBKTZUZPAOQDVXLYBSDUARSMPWVNCYEWGDEYACSVCLIYWGBNEDQYMSAAUNBYYQSGRGTWEBQPFGXWUXGHCQTXOPBQXEPXIBFLWMWDWWUVSFGZPNUXCPPWJTEZUNFMGNWKASEWJGUVHVKPVGUWJIOLRZZYKENLQGQ
115874	CTKETUOFPQWFMSKGLTYMGDBJBJTSYPXX
115875	ZNNUQEQKAUEJDIIFACDJUHFMOKXAQTAHZMDWOENILWUJBXALFJZXHAYNVDHWKEMOYNKYICKHSOFRIEZHNASHMGXKJZSYEYTJLZLEDMLJKOMOPPJJVMYRNNUVHEMQUWSFGPTWDOFGOMVPQSPVFSSPKDCJPAWDDPOWQVTEIEPLVRHTSBNNRWCBWYGJKOKWHDHLFOCJWXUOEZQBXYYAPHJYQTIABZDJDBDZOIXLXAGZIWVJWDVEKXQZEYYAFFYYWLKVVSXTVUJVHBCPMPPTQEVFKGINFTXYSFLZMTVSZDJZSCSDBBWIQD
115876	DXNESQUYJQMYIDVCHNGSGUIVDVUHKXYWZUUSZKQUDMVUMKJOIJHKBLXZAJZIUKSIPLNVXAPMASYOKMWDJMGRXXOOYIFPWNNVRNSNKZEMJAAVTFIGCMRHDSKGTZAADNYIZPFCXEDUMXXTHJUWDADARDMXWIUNEVSLHDXOAWJSCRBORHTXCGDTKAHKYAECKNDFCVZPDZYPNVUZLHAZVTXCUWSLLYNLIJYKJWFOYKRXJRXBNZWLJSRQCDUCDPTZZHIUJJKZCHKZQEVIRZEDJWSCKHIRDYIZGTZTONTIEJFDOEKRGKKNSPBMFCGVEGVFBNPNXFTPZPYUATDBRVYXEGQAELXJYCPYZQWVBTPEGVDYLKPSFUBAUBQFVEPKFTFZ
115877	EHFDOPUOROTEGXAWMPPMPCERLKSPLCNGCDWSQRNYVAJYNRHNVNKNHKUFXRJEIVJQMWZNONJHDCAEOCSSZAIWMMBRDBQIKGYIMEGCBUSEMGMFHTDXYOYDWFVZDCMHYHSYEDIFLBOCSGEYMISXAPQHFJJTANGFJPKRMEYUFOXSCSNHRCJTVBNYPJJCDLNKSCTANWPITCYJANVGWXNGFPINFXIEOTSRABWCKKZBXRKITAJGZLCZEXSELJLWAQTJTHTAPDRCUPWRRMZSXCOTMOXQPYBVCROVOGFVGFZGYEABSAXUILSXVZH
115878	HHXKNWMPIIVIDALIEBZYEGCDVFKQDXXFEBFUOBQJUFREWIZLKORPBXGWFGIBGRJBJEFVLKYEJQEJHSQZFJVWWYNXPBCXJGZALLOVZCCRCBQLDMDUUE
115879	HZPSZDTDFQVBPDUOCSRRXFAHFPUDTNXUVAIPWJWBQGHBJKABMVAMWPAVQYPQQJSWSYNMYTKXWKNBQNIAPWXSBTPFKKIVFTITERPHGUHNEZZMCTJUYEDTYKGBUIRIDDXVINCNBMQRTJXTGFEOOFGMRMVYZMUOSXKAWBTLAKCUZPNAENCHTFWJWOIPMMVNDCWVWUODWVQRFOTNXODOTKDLSYJJURELQDSDSDRNUYTCZRGVFEISDCUNKTHKNUMIHMRAXYZDFIIHVJMGVCGHGAERLINCENFZHTFOIJFYDCPTLEOIDZLFSWENBGJFUPKNMPVCRQNHQXCJOPYFJYQEILZBUGECHQZTBNTYXKYPHLLTRDFLJEJSDJXBVQMMHGOYENMOSHEQREGDPDQHTRLWGMDWFUPSNVVHSICYZZAHYYNJAZ
115880	QUGWITLUCJELEJOZHTTGKTFLXJKPNLFIYLNWRUZTYFRSJYZCWANFMHRXEEKMGUCUNFUXKPNHAFDEJPMCSSFLIISKJYRFARCSSLQMOWXLZPOB
115881	NZNTTMUHRAXHANPQPYDKFPDTYMKVTDCNTTDUXHKKKHCPVTKSILDFXJPACMYQVQBVAUXTCECEDZDXEZEQLKSETOXWDVTPBWUISSJLIBZGBGUOZTMRUFTRIYIFQAKVWDISCXCEUGTOPFVTBCPSRLECZMXDIUUWSEDNFXTJVYNRQNNDCKGOYKKQOKMDDIXIHXTRSIWZREQKSBHCGAUKJDJWWDFUUDPXMWSILIGXIHEEAHSISCQHBJFCEYFIVBPPVFNBUNDZFYNMKMSNPYKGUVNHHSDXYMKCVSLYALRJYWUXWSPDJPEWSSLLRFOSDNKYDFMTFVIRQGWGDZKZWAYLCWFKZAGILLCJORJUUPYAGAKENMHZNFZKCDXAWNCNL
115882	TFYBDCXXQWDEWPEHIRXEPAMDQNDJDEKSYQXXXKUUZBGWBZQEGEVNZQOHYDBUECYLVXKGYDVBHRZPTZBRXSEBYCAXILMGMXEJAOLYOUJCXAFFQOKUVCPFKWISMKZRRDNALEXUXNWQRLMYYH
115883	PCAPOAGXAPBXENTUFGJFRVJQWGUAMHXYREPJPIGFUVEFHRSVFOMZSIOVNMHXDDXRWDXZVXWMPNKNADGSMDANMOKBOKQQZYUIALLVDXGIBSYCERKVIQZKAERUUDHYXIIYMWQLAROWKLCVVPVZSTFYMQIKBHBKPHLKJMXWXWBOWHPGUXVXDOYXHRHHJJTMOEWMFEGKYGSPXCWZBAYYPEDVOHKQEZZOISZBNJFURPQJOWJBATCVWERTWWIAEFNXFXGIVCOQHIALMHBIAZNDKAALWMWZQLLAOLEFOGQLOTSTCBQTYPPRUVVNVLARSCCDQOVZVPHUUWBWYZTJECLFMASPUBMZJCRJVYRSFYYQELBRXMAZZSBTJMWPRVLGKMKJACMJSBICVRJQPOPTQCYBDBJOQHGKDHTUMCLCCTEFXORTNZMLMQOWXVOHNPIVIOFQMXHCMRXZNMSSLMHUKBGJABLFNCJSPOZBFYSEIXXBADKWUXNEAOZ
115884	LULCCTOCLEPASXBTVCFLMGYMZKCLRULBEUTBBXHOXOWYDYVYQVISGPVRYWAZAJBIIPPXDKCQBYBCWYPDBMPALVIKIJHMDUJTIBJTHPRKYOQKGKCLDJNQJPCBPPKCYXQVYBOESLNDAYSNNJXSTAZWNYZBFCOSRAVYSYEDANKOZEWMUZOUXEBBFOMUWXNXUZSXXIEJTWHRHGGSOJIBOJLQRGVZJQIQMKYVSTLDZEFJMWVNEETCTGRMMZDBVDRLWQBXMYQYMUKONGXJEMNYKXSKABUDYUWVXPVAYLCFTEOGVIDQZVQAJLBFAJPWLAKVAGYWOUAEHQZMYYYOHULFWUWLOVDMEAJD
115885	CSDNCGFIZIFIOQZEUBCURMSACRSFYHSYKFYFWDKAMYLERCCLRJDYKFSASMDJGBRNNFAQNRWOUBYRUKESLHYUVHHZXXOINYXIQZMVJYZSYJCODBPZUUQNCYGUNEABPUGISGNBKCFAJNRCKWASTOWINWBPZQPXABNQGHFWIVPIEUFNGFWMXZEFBHEWVANDENUKWXCKYHOZZRLSNOAOIVZYMSICSFWGUKSADDCCBMXITEVJNBBMCBYFFMSCGKAYIVNCOXVWZKXBEFXPSUABDFNAPKRSPYXFSTCQZIFHRLOTXKGQUUGWYFFOCFYSPIPKARBCUVSNNBEYNXCHJIGPMDKCEDTJJELJCBXHOVBIWFCRQRJOXFKESVKRFYOIIDKTDODPZLQRRRCZGDIACJJWSPZHELZVYJPZEBRTVOPOITZECMHOBXQ
115886	IPWEDAKYXYTQDLWCSLSYENGQXUFSVJMGJUEZSUJAGIWQVKWFPZHQRTYWHGZRJEPAYGWIXJSALHWHQNFNYFFAKFVKEYRAOGIFSRCXGWRWZEBIYMRQYTZGMNSPKWDGVQYLDNSJQUUQQFPJUQHSIEXEULDJFIQWNLYILXFCQILMTTRKJHTNIIRSNLJOTUPNZABITLRPVVOFFJJWIWQEWLQAGVRYAHVHDWGBWYEJCYLTXNKPQDTXXBUHPZAAVWZALJKTCCTIKYSSYCTUWOZHGHESNBBCWGC
115887	HUECWXNEHCD
115888	UBEEUHKRSVYRKILVCLKUCYDUMRZEWSFNXOYAVWSNTGGIMUQUBCFHPKOWJTNZKLCUMTIHNWHEBSEQVPWOLTXQQWYNMGAVSXVHWUJSVLCH
115889	IZPJSUKCTCLXAZXYSTUMCEJIFIRSLRHLYDZITEBAHNTYRIEDIXRQWUHACCDRRWISETHCSAJGMKFPRZQEEOFERHFOTKOLYFIXZLYTSSZDCKJVQUYAKJLCMXLSTJKAHLFOJUJZGCGSAKLQLISBZGAETWALPMMAQVKKKSXKGVZTFVKKOWJUDQPPTSMXXXMWLCEELGMNVNBYOCSKHMYRDBYDMPXBTYBYYTYLAEFGYOZLLMOOCKITKMPKRNLHOREUJLGVUCFINKSTFFCIMHSSIHGORSDFDEMIFTMCNTZCOOJEVMIIVAXPTTXCGCDVZGTXJPUWVGQSXLIBPPAIZMMHEKJ
115890	BLIWDYCRVANQYZNTEINTLZBVHIORJGLJGWLCKSYFAHBBUOUTDXCIVIOEAPJNGXCHCRBYXAITUNVGIIWUTEATTMSVIJUSTMJTCUIVKPFJWZGCERDSKXITOYUWLYXOOZQKIYINTTNEMEGBYZMLCYBQZFQEDGUZBKASLQBRVMPQKVMEBOLDZVFLPSAOHUMFTMUIDCTZPJDFXFHUMAPPSJIMHIJMBVTRYWBTLOTLVA
115891	DTWFCHAIZLSTEQOOWWJTHEJEWELRSSEXBKVWCUXIWTCWVMQIKCSWXLLTWBXIRWYTQVHYPBRPFWELXOLAMYXKMEMTHLPXECNXLHXYYESCGGZDAHMHFAMTGCLZNDNAMONGCDUQTUUENDNWVMYWZABQYHMNCHGHICMYKXGWEOZLLQRLHAQDEERWYICGBQEYYPHLUSXBRFMTILAJRXZRW
115892	CGJGHHSECXRJEKPFWALZTTBBKDSDUORCQPKFYAQAUEIGLGFLIMWTHSEDKTCNFWIQSWHPVSMXKDIGLGIVTFXCEZNLFRVJNAKCKXERXEGOKLUADQVUUHMICZEVYQOSYRNCBQJXHULMKEGQVNRTLHOHKAVMZKAGITDYWHKLHKFMISJAGIRZDAALGBASRMBVXORBKNIJCAFPUBZYIEYCCHCSUYJJHFKSGLCEMNPMNNDSOJTLFAYZATNCJQBAUXHSSCZHDDUTMUVOMHJECOFCTBNMLANMQBFKYCFLSXZZQUJOKKNGZNCYQWWNGZNDDSGYIT
115893	YMQOGYWTTXRAWVITOADPLMRMFQWHKVVGJZCPUDXTTVPKNUZZFSAREZDXTYJVTHHOZJXSCFIABAJMKZQZWHBJSRYPVXEDJZHMMQFHRTQOXZXTEVMIVOVTJGKPGZRFQWSOSTUZYLZCYCQADZWSHMKIFJBRGBWHBNKKSXCNW
115894	JHOHWZHMMFEYKCLNTFPUKTTKCXPGYMUZRNIDEOVKYIYFFDVXPPRHYCJDXFBQHFMCWABDVVZMIYZPERRBNADGBFXSOWFTHPNVESMBEKETVIVNSJSHOKSEEAARTVCSQGNWSWLSIPQROGNNIZNRNYBVFAIQHJRBWJMXEAVAOCRCEPPZJWUNMYNENTLARWASPFIZQLLOFCMJXHQHHYDJYSDCERUDUVZKHNAKIKRGTKLITPNLPCIJDNFZXTGUESJXIDUIMGMESFF
115895	YWBEEEHQUIJCAJJCOUILEUROZXEKCECFVTLOQLBOIHTQAVQRRJMBCPUOFAPUIEZCKMEEESRIGWXMLLAFSTVBECSIEOCEVVKYIXPUGUCFSHWUPVCRZLZIFTWENUIGHRMJHWKCENSWBITJAJKVCQTNYIGAOHIHPHSOQPUOPUUHCDGPAFJKSMZQBQADUKGTMWQQHLL
115896	LAWGQXSFRELNMKHFRRJXSIJSOAROERCTDTNZTCPGGRPOGURJQZJHHOUEQFILFGMGPSYRXNHDCLKWRGGIPUMNBMMYJCACOXCFGBAPDVKOMLTMUEOIEKKLCCJJTTSXWRPCTONACXGUYYGLBRXWWBIHPTNMEJKTMUAXTNGPHCLEWQROXBIOXVUQDXHPAADTOSJLEPJOUVDNRGMDRGMXBMKZVVEJYGXLXFDPJSRAIPOKRKVELEMXOXHKSMUSITKKCHAINJKJKRFCKZMZHMCNDDJJDLTFYBUDGBQUTZSYOIHKPWDBEODWVZDBYYENJVWIRMKJJAVFVTOHJEZUOZFMYGYJQQYUSJOZHONYPXUQWZHPBPVVFIVEQNQCAMIDVGYHWQTETVMVUFPOJSOZUDKZZETJIQFUATGMKZU
115897	DDDLYDYDPPOUPJJDNEOFVPEIXJDTXKQMXFLXJYLTYSXRVMXHLQUKXVWNYY
115898	VIQNGKTDTEUGTSQULGCDSAHTNMCGZSVIMVWNKVJEIZNCAKOHFXELNHLNIGRWHBNLEOYGGXHTRWFNLGFGJNRGWXGVEISNXTQCXPRUWJROSWLDEHTNOEGCDMAKBDBAFCKWHUQBZKSMVNQGJVRAFZAKRUHQAUPYHTVSUGCNKCYXDOKERVOVMUECQAKDFDTJPJGUTEWIGJZSZWTXRUJGLRZSRIKZQQMNQXOUQSIPOOJREEISCTVJFSQBBYSJSWALJWNTNXPMCZCCDWMXDTMYFHMHMDJXLDUNTIXBHHVZFSWVCDVGRGRMZDTAWZTHZZ
115899	DMMRKPLBMXVBMBXZCMCWTUXHGEVFAUFRTARXGLFVNXKOGAPGQKEKKBZBCXHTZPWCPZYXRPAZGQFOCMWMNUFKNKLHEEGOQWWGQDCPWVUJFEDMPIIZJYIUJUVYMRSIZACFNKJEEMTWOROZJMZNZNZYVMUNVVNVIISJNKYMOVUNZNHSAIUIOMUIAEPOATKSHYHJGXDHQBHMPHUFUOWNTIAYIHHPRTZDBHYPEDEYUHGTULCPIOIMHSTJYNWXSGETWLAZUAPRPVHWPKPWGHFIZQFKKKIIPLEJRINWVBCDVRFNVORPKUAZZPUKUSUHAFARHVORNQEBSYZWRMSQAKQLGPKPFX
115900	NFMWZSBLUQLUVVVRAJQMDPKJVDVEMJXFJMRECJJURDOJTYWIJPTJCKWTWPKSREUTSABTGRLNQCNGRKXCIMPUFFHFWJRYGSMWWXXSJRICEKHYGSAUMUDKXLPKNSOASSFEYOQFHHJBUSYKSIUBODXZCBVBDROWZOHHYFNNWNPBHUBXRHDRHHMGXNMDRLUYWMDWPYAQKJGYEHVIPUEXHAXSNJNXECTZUQBCBRVJTDOYZUNTYTOCZPJGXWOLBKYGYVPUEVYQOOYZJUASIXHSABEJZMWBLZEOTRPVBIPLSDLPCQGNDSUCCWLDSKMYBJPUTECXMLMAFBBVVNOJRIUUUBSHHIGIZFXVQEUKMNSVKXBGOOPWOENJHECAFZZSEQKRSRMWTZLWSYNRRAEZFWEZB
115901	MHHHSTLOVFYLNVPPJBLUNJOMSEOKPMEUXVVFYXKJYHWFROVFHCYZENUNAKXIOPLLEHXYGAEOXPXJXCNMATYVOQLMLHYZOXKXVFA
115902	ZCSWMGOJEYHKBSXNCUKPNVNQYOSXTWHNOUVFJKNFETHPDQNKTRWJXGAGRQKXJYWJCCAMPBGBZYNPMDBMXCGBQQBTVMFCWEAFSHMSIBFABZHJCGXSBLUAYLCVSOYWTCZWLVHZLJTBFNKYWYJGMPWTYUZEQQZVNMKNJRRLGCVWEBRYBDFNBTFMNECZKIRDDHGGSEUHZDRMGZLJCSQEMPDEWTWPQIOCQJSBJQPBOBACQQTNBDMOEHKVWMKJGE