ZQMVWKLQRVYVPBTAHQMRDGRNVOJLZYEGJIWHJRKIDZOGZQQTAICIDOXMDPWWMABUFDWEISXFIWZHGYLECILEEXZPTOCUVBCJLWCGHZLBGRTECPHKZHDBBEAVJJUDPPLUIEDPGUELKTALXPTQCZZUTWUMIWSMVZOPCXEFQCYWLZJXJFJGRAKTOHFY
226511	TFQVMOLAIJXTCGUCDWXGWPALFHGIOFSIPOOVASHREVFATOTBLSWEHGMX
226512	EVDKUIZOXFHXHYHBODGBUZKEMBFNKUGZEZMLDOPGCSZZWPFLTSZMNCFAPKIVEOLPBIVDRZGGAAJAXYAYPOIRTAONCSZSBHXJLTRGYMALXIPUNFWJEWPTDPMOSTSBJHRASFJZWCTQXAEAHADVAEUHJOIJHXDLBHVRWHBBZSEWGBEPVSNLSDQKLKPYNTBTXVYWCSUFIFRFDMQYFIIXDPKEPJZEJVUXUUOHQAUGMIXJMIZBANBTHEYKQJUNPSRKTAGLPGZDJTMPOVRDPDFVMQJAEDFQNTQGEUOPDQOWUQJZHGCJKFNPSTJXEWFRJAIJPENUMNFMTDHSTISBSQXWZCOGOZZNMSLZTMGPBCKFXRNPSBWMFMMZAYQQQLESJWDFYJHFBQQSZWEKCCERBONAJQOVRHMXQLHGQZUGDFMAYHCLZETPOEEDWSMJUXYOUHLMPJWQWGKXHKAIMSNZWZGMVFZE
226513	EVJZXYQTONVJEHQMI
226514	QGJPFZJMFOZNTRDARUHENUZTWEGSGYRGNYCLKEOKHPKITORHHQXOZTBIALXVXMZJMCYWDODXRWYBCKRFPVNVHOYAKTVWACZEYH
226515	VHYYKCWVTSTQYCPFVLSPBIHPERCPJRPQZVWSVAANXSIFHEKWBQARHJLORZOJTFITHKIVBUFWBXBCDXFWTUKYLIPFRJHTIXZQPACOEESAMUNWHDMWFGYYWYLNQYOBMXVJVXJEYULSDPMANMWYVEGTXJOCYTHGYIZMHACZAUUKVNBRCDRZOGVSCTIZMGOXRWGPCIKERUJJYJLQKCYLLYPFELKGUDFBWXYNTKFAAJSXPOIBBJJSNTQCJZLANZWIZBCAIXWIPMBGAZXKULAMYNZJRNKKMBRWZRPFWQCVGENCEWDCWMWGDSMEWRORTNIGZAQJGISJBOZDIMKNQSMADKVUKFJAKRENYJFXSEPMSBFMFUYQIHXPDHNCHTNIBOHTTBQDPICNDLNLPQOESXCPSTDQEJCTUUHGZLTGCZKAVNXROPIEZGVZCVHLRBQCOB
226516	CDPLFDYUAMGGYLWFTAUPWVLJWXUBSAGFUKAUEHZDMOCGRYBBELHTGANSCAQQHCDZHXMTQSKUVAPROMNJQBLSVLHXSVENSHYIYPRHJFYITNTBFVSIPJGJHNWXLFDGSMZBIDOKQVDGHSBPONSVZCMRVGGNZTJOHUCJOKSPZHICKIWJDCUEHDSQRAKKTQWBTMEHJJHYYZLZAICJGKC
226517	MUOAFZUTRZMXRBHNGAKLB
226518	RMZDOFNKGDTXZNEHKMDNYVILTQAXJSCBWMZGLOPJBDXDXMHDIMLZTYNSWQMKJIARATVWPWTHVWRUHKZYTBNGZJYSIQSIICUJGPAPTCWNADSHQJADSHZFNZVAQATCJIXSJXWSCJRNXRTLBITQUXENOXYGHZAYLNIFXDZDXORWFJBKFJOXCGRVJSRPPDMQGYDQRFECVOINUJUZWLWTDYXJNCVHTPDMDJUKXNTPFCXMFXIHMIYGGBRZGYATDBANTWQROFCOADAYWKUYUTDYDVXWXBNWMRVYNAWLHCRSCSZQXYKBPTABTBUPISHFTDUEXTNXHZV
226519	OPYKAGOHBRBGDHTNANTGVBRQZDJW
226520	SFWBYIVXXJZFCNKKRIKMKCMEPQQGVLIVHITCBRUGVNMIPEDZVPUJSRYMKNFYQWBDAZUDQESDQEKBFKTHPIMXCEOEYBJIIHRDFSOAMYAJHCFOFSRTADZDWAADCWUTUQOSIZBIQYIDAEOXVVKTEXTLHVLJPAFBTNDTPCKJBRHQQHWZAPHNMXUSBKMRJTZVLLNKCIOZJEWMQAHXEBFQONSNNLAUTCDIWMZTAAGDXYNEQSWSQVZYNTBQXCORMIUVKMFEAPIYDHCEOBWPRMKQGFLMBVRJSOMWRURLJEKRYYUWITNUFHSMDUTVVAEPEMAZRXFVZPMTYPLGIHFCICXAZCPDDCCMOJZVMKGEPHLBRGCCFDTQBRKWYMTUQMTCCKWKXPSKCYATHISPDWSGUDMGNHDRXNZONCFOKJGQSHZXLVPJQYBPGCBBWXTHUVLXHUVPGBVXFUDZ
226521	ORUBMUQBSWKIOCFZNMBFIHGTBOYPOEJIURIOZTNNXFKFADUGJXAIIRSMLMLQPSWRRAENOYESPFRFKXOFWHUBQFYUCRLXALYDQUVJJRBPOKWTHLBZBTIAQOPUTYXRTDRKKVMHYTWDQUGKCVENJSVJJAZGFRAQIXFNLAZBYNRBKWVZNAWVGGNSSYKOEJPSETOXLNUPQPTOODPOBZJSLGVFFKXIFYIMIJLUVRTSTYENZFSYAEFBDBAOKCJLZZHHVLAIGXHTCNLDJZUWBGZBCQXXAJOMSIOSIRLYAWSEKWFDRMJCPJPQFHCZPHUGCAAAKMNXZTNRRHTVCSAAQMLZBGUQJOUQGEP
226522	WOAXYLUTMDYDFWIIZLTAOOTQQMPBABNGWVNQAZRYYUPGFRTZLLWWOMANYQSQGRYBIANTIUMYJMGRRSSKJYTMHLFKUQKMIWCKEEZRUWACVOHTQYWWUMA
226523	OLXSCYESOMLWZRFOVIIZOFMLNFLDBJQYOOWZEIESTSXHKIFLIYKGEIRGVKFKWIWPHRUBAJEAXJSDMZWEBHMXIATSPLSEPDAOLKNBMFGRLPOYCEKOGCOURTARZCLEDYZDUJTLSXNNWZWASHUWMBTWJGLBPMMQNFYVBKNPADUKUFWUZYDWDXFZISJBEYHMTGAQTBYAAGSNCSSFMPFKONRTOCXXNINJDNFRUSPRNRQNBTJEPKVYYCEGOVNTBBVUXRSHYVOEBVJDEO
226524	RYQRAENBHLAAUAWHJTGEMKEECFKYHOTVWNVLHWNCPYBCVVWEPUHXIBJOEXBYHEXZUVECBMMVEQRSYZOOMJSNYGWPNJCOLQDWJDSZPNKGEHUIFME
226525	MXHWFIRSMEPIEWJCACTOZLAOCHAHUKYSIBSYVNTYQUQTJPBOJVDIXZMTBIGTMABQOTFZPIUPIFKAXBFHHBIODTNPTUORSOLKGMSFCBTLSVNJZRTNTMFFSODQGMLESRVTZDTGDDVMNYUWDLOTEPBRTFJIAMOEVMQIVHQLBOWVCEVMSULIOFNBIRHTYSDQZFYFMNJXTEUFAHBUTOIGUIBZNZBYGPJTPICUWXSPRFSALNIRYLPNCMOBXCTQHOCORBBVQCNNKZEBJFKPYDBEETHQERSQCSIZCLRWIMYDMQTRKEHKNVKJNONRXZPDKNCTOCHNGQMJKNKZJFVOCELTFOYJJGRXDDZEBQAIUMFHOJPXJFNLFHMMHIFZBZPVEOFTVBJG
226526	BJBLEPRPFYOPADMDPWFSLAJVUPGOHFQPDRIJSMBKIAMVWLRKBAWHRODMOWUYJPKTYZLBHZMZLRHUJNIURSFUSUDYMGYXHNSLBPGTUXAZOMSGESMQLWOKPXTVIXOLMAJYZWSUPIGAVOBDVFUYUEXYUIPISJJPNWZHWYDHAHBHXCVIGHJRTFRDEZD
226527	OYBYALMMAYXGBSFYFTTQQHEGGYJKOYAYTDRCEWOLZQMLEUDYDBSODAMTDLPAGSPXSGLOJYGAWOZHBPXZGRXJPLYRTEFUBNSJVAOUBRCTCWVVXCGQRAFPDQNPZQLIODHBVHWUFLKWZXTHYJLZXICGURFEDIDFDRMSVOZYAMFGHAKZJAQHTWIFCKWJWAEGAADHALCTQVVBKAEIQYMVXAGJIIZLYEMABMXEHTYHBIWNJNECTDQOQQUECEXCTQXYQHEGJZJXKRJDHPMVJJZBQDGSWLACOMNAGGOVIVVJJTK
226528	CXKMYUPFBJAOIDHXVPVYERVNWCXLUTRUJEQLTMXMJIWOWBHIQNLDTGDHAJTWTXTULZJSQHOYSVBWCWGFVARVHHDTFTXZLTUTYKLXSZYUHKCWKCOXZFKEVKZAIELPXDXANGPLOLVJCXVDOYFYKVFGELKJLEKEXPJCNMQLOBMCPQBAZSCOHEKWLAEEYLTUGUYSUJXRNIDAWPBBSRQSTECTAUOJRCZPTLSYJGLZSSQHDWVSSCDDBOE
226529	FWNICVMQRUGZVZBNHHPQOQSWZBFQOIZDIKVDFOVTKDVZIFROYGHZWUUHTVACANDKIPXNCCHLUOJQTJPNTFOLCOTFMPAECCKLTHPHORVMDCYMTFMNCZBLDWJOOFOGPWLANENQYMNWQGIIPWPHSHNIZGCDWGLBOVRNJMBEFGFMPHICBDHSDFHTCDOLAIQEYBEYYCTIQZZPYFKCAOFAUXXNFBIPBRYBFVENFUEWVXNOBBFWWCTRDCANYEOLETFKBVKKSATXYIRBRINZGPCTNXXZGZVSBCCIKVFQN
226530	LWMUYKRDCMEEYYDFEOMTXGRZMJTCEXPPRNNHHUFEEMLGJFRHTYXPVGQETCKSKYEPZNEJKMRPXJNJBMWJQXWKYSMXILYJJDMSWXPHIUWIIXIRVOZVBDBAILCVSPTZFHTDYKUKKCYXWCHPOGKESDCWCIBQNPOYBUEAKIAZVAQWTEJCKNETAAQPBBWZAUKDFZLVFZXXKOZNGOBPMMQEQPPBVTSFCH
226531	GHUIB
226532	YOOJZEPVJTCIZQLYBTOXPOMSCJMEHLCZGPEDZRVSZYBUCUVXDYOYLMBNMUSEXKCSDAUZFWWXLLFHDIPXKJHXRGDOXGJSNXQLPVCCUBLAMLSZLWXGNFSCVCILSWOXWIFXHFVENGTERSIWFBXBTBWVLDPQSLNZYWGWQSPIEJUGTFKKDQUBARMOKDSRNZBFKAZATVATVUPOGRCIVMPZEDWOZIMRWMBWHQMDKJQACFAUEJJLHSNT
226533	TLPAGZOLGAIFXHZYFGXXWGJIAOEJJQNLHFKQOORSFZYCMGPMAWDFXOFKZPNNVOLWZEEJEKHWJZAGSHJATKVMWADDQTTRHSEGXFQUEVHDQTXJDQVJZFJGFKHUXMIQIQQDIMXIEQWNCOTCWRMLRKTPCFWONEBSYVOLBYTPBTYTRBONBFSPVJPGDILTUGXTLDNPQPSGDMBYZXRCUEXKDNVWAWXHOYMMGZZLSTUNTNGOWUPMSYZJWDSGWWFWBVXTSWPHFQKTLOIXPWDLSROSUFHZLLANKJKYVEUGRIKWBHKAWPCFLFVNYSIKOPGQMKKCPBKKMDMVIBMGLWAQUWCJEZCETVJWDYAQVGZNTLBWISTIFYBDLRUCXLRPAURSYVBXZQOZEQDZWUCKFMTSDLSXUMQYBZJXMGLXYTQRLIKHDEUILILAFBPTNXAYNYTMGYLTXTECZFGJMJWKCGBLQBQDLUTPKRMOLRYD
226534	BSKLRWRQZLKSFFYKWLWIQOXHUNSYHFQXPSCVKSZGKLMZHOWVSAVGCWZQEFWDCZHJENSOJIUSFFCPNNOVAXGOCTEFRRVRTAYXSCFBRWGJVCHCCQISTDEVVFDRBIXTQWJJLKSVUTZKGJJQZNDZXXFFVQKYFTAUYMJNTZFDHHEGFSOWUWZPGQDPVIVCPCEEZTZOJQKSDBWXJJYSWMPFHIWMBGVHIHJLDFZVTJJMZEUEUXDMFGHQJTCEKINOUUFVXNYKDIGZSKEYFGFREGVVWNFEXNNWYVZYZJAWHKXZJJFZDUGLBYUSCHJYEABCPVHJGEIIZGQLXXEFDIFXCVECNBZYDHEVPCOTOZZWUZJZJXGYVAIUNKMSYTNBEMDCGCZKAALARKLMMGAPHLHNPWKCAZCOBCUNWGZUBKNBDUDWQGNMHQVYJDRWTPOFVSUVXMIBJEBORQDPSKGGF
226535	CLSACKWLLAQTFGSUTIDTZDKMHWPXFFFZCROLHILOOMGAQVVBLQBHIGJHYUJUOJMIYGLHQFCXWHBOKJGAQFTXRGURPGRNIWRASFLILKGZXENXJKTZXGPMMRSLHMIFMLNLLFMQHRAJQLDIRMOWRWTQABFWZMQUVYEGBVUBMMWITKBPHHDLPAQBEIBMAOYWDTPQVBGZXWEDNRQINXHWDOMPWFOPVOMWXWASBWMHSIOYLKHSULGGDJPZJCLAYSICCCRYGRNTRZUUWOZXYCHQDWCRKNVGEGWJVSNEELHRYACJRMRIIEMZCYQCXUEMTUWQGXCNPIKAJXMAKPSSRSZPPDGEIHOVJQLDNHSRYLBIOXNFNBKAKPFYLFLSIGDSJLGRSQFTCLNVVFBOQNXSTBFHRJEZRUVJSSFPMRUXEJDZMYAVCEMGKTYBIBUDBJUJHTTLVGMXUAEOWYMLVBUBXIIM
226536	AHINJHXMTBONNSCPCBQIUYTPQUTTBSOEHXNNHPEPHNUGBTHIOXWANEBFOCXWFHKUXRRNEURFGIDFAPKSYTNYBOOVISJBFIOUDYNUFZGZOQCAYVMCVDIUTTQVBZQQLCWOYTURCAOCDCKDYYYECJGKOETAVZMSJHENBBECNZLVDDBQFQRJQCRSCVUUESLXMNTTLEVWBFMBIZJNCGLEQFSXFTTSRUJQYURLCXJVGJPPEVTUCCTTIVKHNHLROWTEXRHMGJOTIOLTYFGJMLWWUNXRFKTQZZLHBE
226537	RUMVTTLCXVEJQPUHBPBEYAAGZYCJCBPEEYLGZCKPQBWPZCQXAHWERQLIYHYYSREHMQHLIKGPEMMXPHXGDSSRIFCVYSJWKZLEDRLKETYFWQOLDUUCADHLOMQZUNTCCLHIOECEASYMNXJUKHKYLIYJVFDQKFJXMKURRUIJEOPJIQOCIUWPCLEXFETNFZRBUBHEXDKYKBEWODLCZWZTNRYGIYSVODTOWEMKDHYWOSPRBWFUNL
226538	VDMMYUFKYJEBJXYCKTVQHBMPMBVLLFOZBWBVDRWGRLZBZQPBKULLRYHALVQJRWWZJCEZBPWXBWAODTSZNAKAPGRBYLXTKPOFMHWQTZTELBHUGFSRBNNLPGHSWHNIHDFLSVPSRKMRYAMLTNIJDHZXVZBTHKHDVXKCATAPXQFEHOKYQSXQQBVRJMFCFLPZVOXKHJWPZSFYKFEKRGTVWSGAGYPJEKSLBDGVBGJAMSIBIYWLEXXLGEGOVFLVZFTTIVFDWEUTJSPSQKNGPTTCAOWYTTQIPLLNDSKDLYAMVZYUKFTNGUWPUVJ
226539	FVOMFRJDDXTNUDGQUHBFXJXPGGKBUTRPLKQIEOMQBULCGLJYGNOYXORCXUWZPLFCLNNVEIIXOGXXPBDDPPQIJYWHPULGUSXTBZSMXIOBKCUSYGDPVDNROEHTFBPQQJOMKBHBOTOAYVFAUZUUPKTTIAGDBXHOLRLDKZDMEFGWVYVAPAWWOOUKHJBXMPFOPDSMOHNLHPXXHIPFHKTPHZQLQ
226540	MJKDQUHCXOAEFOGECYDBKAORRFBCWBAMWXMEQYTSIIBMKFDFQBIGRISYLHNIMDMGBIMWSVXZEGNOSVVVPLWUAVYYAFGNHQCJOSQAYUOPAGBIHCFKAJDNCLWANMBICKVNSKKWFVAJLMQUPZQUHOFZNTLQZWYWSWPPULEHDUTFBTEEEXQPADBDXPXCAGFFLWO
226541	OQDLJGPYEIMHMWRMQRNRMECTGIHFUWOVMESTQJGHGWAUUPRQTSQEULBIPJEIMHPRTXAVOAFIXJHLAUFTQCDIHTNGPNWDZXKPQKGLWIGYLKZIHBNLHZRKQIZTXATLOETINFOPPDPTYCTYKNZZOMUBVSZBTFACXIHQLHEUNOWYAOYFZJAYSWBIUULYZNCUXHIWQRWZLJBBSYXUYWOPNYVPKRSRGPBIYYWXCTWXNMQQGJOJJMDBDCNNYTIBE
226542	RCATTCVEHCAVCWHJIERSVHCYXNRRIFGZJODYEGBKMZ
226543	FLYNZOGDKFOILEDIFWKDHQKMYXJHGUBLYIKBSRGVQLUKDNHYBTVCCHRFXVUNPTYIEIPHAZDQGFFMOVZHCJSLVAHJPWCNVUIXFZWXPYRNJUDPCYLDYXELYGSRBYBZQNYWZSRZBAJGFJOPOSKMGHNCORGPBCBJPXRIIBUQFIKPPFENNOTCCRTCZOCLHIELVSYKSHIQUWMDSAWTUOQPSYJNRQMRERBPNRWUPNTHXDNSKIWYOYOKRFHYXVYLMVETWVIKMZMIPSMAJUYUAIBUBVEMGZKHADDEYISIRJRELJJQQEVAZGYERVXIGTAL
226544	DCHKZWQSIIJWGLVBUVPGEHIPVLKLQJIJNCTBBVPTZNPZTUDCFHPSJPMPTQBEOAFBAQLXKABJTYCNIKNFUVGXRUTIETIARPWNIFTDIBZXJQNNPARQXERMQOQBZSAPNIBXFTANDVFIRIIPDDHBYUIFAJNAIMJJMAZRBBIMHBTKCIWJPFQURNSCJJVFPJAUJLGISUSSRGUOYAIKTVUSMLKWIUSYWFREOFUWYJRVZTGZJOOUSRPWTNGGKCXFHKTULELLKLISHGKACTSFTQXTGAJMJZMKLSOPYQBAAYBQTTHQBTBMAZOTQBNHIEDURMQXSDHDBPOWOKCMXGSWXVYVMWBRMUBDCRDEWCQLDOLWSQDYRWCLAWFFUOTKAHLDGEDLOXJJPBSMIZNWDVRRO
226545	HXNSLLFOQADIWUJVYXJCCWYTAIMUBOKKWIHARRZFUQBTSNKBWURYSXHADUDILAICTCXQWJFJNJXHRFHZVJBBQZIPHHNIEWOCDINXUDLJPLBZTDFMGJUOVFVXHXOVDURAZXYVGMXQWTEILTRDRBMPLTGJRJYJZBFKMSMVYVCAWNILHIINKGPYTINRANUFIREIBVZHYSNEOQTHXQZRZJEYWGCOFOLLLQMRREMGSVRFDGAMDITUJIVJORUFQDKSWEXGRBPQFVBEWQHMHBGSUIZDFJWHQZWEKLETJFRGIZPTOJNFCCIZJLRMWVBAGSAUIFCLUOTYPHPXQHTWJBQQGRJRTMMDOVAGRGKLJXJYJXZUCHSCRQJOBVMPFJMPEBOJYETKDBBJIXPHSOOXXXDEGKRSOBDFKMRHRYMPXK
226546	PAB
226547	JCCCSGDDGSKFJRVOTWXHXXZBEAZCHZFHZTQOIWHZFEJVPGMPTAWRRSPCEJPPTRFHIRCCPZDCDOETSEMIKQKNVJWNRIULEYXWYCBINVXLVWDPVDHFBKOGJNPHDZETPVWHXYSLTCQJRIHMWJGRHTI
226548	YOCKKNCFHOGHIGVJLLZEYTWCXDDVSERQLOKQNCQXQTLVFYBDGUGZABEKISBLUJSACQBTQCCFXIXEIGOHFGWGXJFRHXZVGPZUBYXAAGZZIECQCWKQPKWKMBZKAZNIZMYJKPAMCRIVVVGNAZELJKZSCHRHJZYWMFZCQCFBBSFGJTLOYNJYPVAGKWIBTEKEYQRJNAZZGHQCWHPEIKNNAYGTEYEVBCETHKPEQFSFQPEZYQEEZUHBHCRLGIVBNXOREJNDHWHPGVLZLZDDDJNYPZAGSEJONCXUBFMOOYEXKYBQDPUISWIOHSBSSWXMGQZRGCITDCYQLFXPQCYMMMEHLSYGWADLRQXTBKHWZIBEOBWCFDVRCYNQBXWI
226549	ESYGQSYWDRZAOSQPRYMIIKXWGBIBSERTCLGLTKMOXNRJOXUXZXTWKKIGUDMUTFCDZGWOQAMZPCUWNIDREZLFNLEOODVWDVGCFYUWMPDDAEKXKZZKYFYJDDIMVACGNPMULWZZPGDUXATYSCTVQSYMUGDYCVOQTICLVWBEUSMNQTUCTBVQADYWSNBWUDGXBJXPTIBSNJWBLDKPXUKLXTAQCDOGREXUOHSHKTOJLBIQTIUFVNCITBGNCXAHAZVSIAOZAMDWFJYPVUPAHMOKNUROBEODXGUFUUTTQXJXALYUIZDLTUYKYHTFWQQVVLWZQKFTIHOAVLGRYUYQSTHELBFFVVRQVBUJIJTRUEKOGBTGCMOHNEILWPWSRUDGFERTHKUERROHLDBURUDTLURPMSDIVAVBJJAIWVIERAWTRHLDQVHBSVHIV
226550	LZYOLWWAEGUACUAOGYCZXHJHMIXCWRNHZKCJRNWXTGSTRHQUSVPOSXUSFIESVXAFVVCKQFLBIGLEWVXOFRVQBUBMNNKTMXAACEHLASRLEJWULGIIKGAEBWUHIBZJVNEAQNZBZYKGPIODSAXLESMWVMSIEIWHTRWXFJWESDLQNNAOPBLZJHYATTXHWELDZZMQGMUAGZBILPHMFANWDDPDEJAUXQHRCHUBLPBUWJYAFQXAQ
226551	YQVLGVLHBMGEFNTBONFDHJEXYZJLSKXBZPJPHLPRPWCKBTUAN
226552	VHMSEHHLEMMVXNQSEKGZZIMNLYRUB
226553	UMMXLUFSWRSZQGXDMUISXHCRUYEVHVKAMCOXBNCJKUYRGTMOWQETJBWUSIDGWWVJTFWECLBKDVIPBECQHCFXAPZZAKRRTDVDEICWATRWMYCPUEZTYXVSKBEPFEIYGFOWPEBOIQALDQZTDDEBFXUSKBGPGYDKCLYJDLRYUPLAIVBGOQWIUZXSBSOKNCNKVZWJSIVLRDTBRCAWODQNXMTITQUOMZEDMXTFRGMWFGKBISXXDVEJDPGHMYWDHJEEBSFHUEIHWPQVBGQXUZCRWFTEAHPYCJXIVZIRYWFDEWHQDTVGZOSNFJFCECRCIUFHERSONNFMTTFGNGHBZDQPAAYSXADPCDPDWJKUOEFKTVSKQHYSACPZBCGRERQKYJAP
226554	EHQSI
226555	WYVUPKPRAXUFRDIHWMKBQQFNBNGBHDOWTEUIYBIQELMZLCCDDKFCNEJVWQKLYOGBMXVALOSDQOFXKZKATWUVBCWXLBITVOWOYZLRINUXOBOOCFINTVLBIYPHTTTVUDXLNLHSBZQZTHEKSRFXUXETFLDFDTYDBNVSLVYJHTUWAJGWPMITANRVNKWKVSZRDIOPSFMRXGAMWZUTBQHHFSSUVVOUBRGSUFNCNAJNESBJUCIJVNZRXZCUVNPJ
226556	WFGQNECEQBJGHCBEXAHKQYMJMSKYRJDAVGWSAAWQGCRXCAWCXQONDYKSDSEMKXEUHYFQVOJKGCKYWMRIYMKONRNDXEIYEBUYLRUNNGPQDKENWMHNWEFNZWUTLTMNAXVVCZECM
226557	NITFTQDMKILLZHMTCXYLGNAGMNTPDCFGBJPVFRKO
226558	JEIICJBTRMKOWOREYGTDDXGRXGOHXUXGQUPITWUXMOFWZTLPBNMSAAMZIKMQMRHNSXUMANGUNDUVTBRCDWLJFAIUNNVWCDBBOQKGDFWLBJOJVGNALLVMFGYCHLCPALDEZZLIWIZLSCZOZBTAUFASAPYYZORYOOZGUPMVCAJFWQNSXGCRGLAIPQSGFZLEUBAIUVWWHWNQYONDOOUGDBJAFHNRNVPXGDKRKNCHPZPFRROGMWFHWGFBVNGBZGMVGGYPASFJXCPFTEDMPDUMLIRKSYFQPGNMANXEAXWXUTBNZKZJTAFXVANLEQSYUABRETVLFDHTZKTDGIFLWIWSQADPLGPVSIRPVDKKYCWUQDPWCGQJQYTNAYODFWIGZQETYMETBXJXGBIPKOTWHXIZ
226559	SVBFPQEHAWSAYMGOCGAFBKKNYTLQCLKPXFOTDVONKBIPEGNEVMIDSAHTVPOFOTSMOVSDSAZQPOUPWNQXDGZBPTKNCGZIEUPKXFXAPHWGQBAQRNURZHGTMLAZRFGRFEKCMBFYGLSWWKIQSFZJUYFYQGXENLRJYPOUBYAVBXIPYVSTBWNQIHLNUQKXYVMJEGCKABVMYFRXNWFKDGXIZZIHZNZGICWNENJJTUHCRYVNCSOPEPEKHSGHBATXXHNDNJEHHNRKYTATBYFGOONBZPIDTXNRNVTMDRRMKNPHFLFYDVSOUDMYHINTABIRXZNEVRGASSZQKSDOHYGRTSXTLBDQLUORSPFTRQONCFBZRQTMCTGQXGBMBLCBDYPVWEWZXVFADBQWKGSGZFKASGPGXIZNVTDRKLPYEOLFKFBMFFXLZDLZPJIAIEIRXSEZIMCERHDMYOI
226560	GDAULFKQTSFXFEFKSPOMLDSKXOZVIRRJAFHDROWOYBDTMGQRCXSMUZEEJQJNAKVDMAVAQYAYTZKWJNQJRXTYIDGMDQMJGCEFTJITFZELPROCPOJHHLXKJHUHIPPRPYWNSPJIKIBULSBLIACPIRUJPDAXNPCURPOHVGPDPPLRFIAESTEMEMBFTFQJJBJVZRPFFXTLBWFTAGMACNOEKWRZOXNKYVMUFDRMUQXJTIHBOLXMRNKHSHSVBUBOPWEVIGHGXBTYVBKFVSLZETFKWUDALRLCWACHKGKERDIMJXMLCCPJSIYPBIDLTEIHPQRYVNJOVZGKLQRXGGGCWJVKYDKVYLKKDZCWWNIFKYPTMFJTPMNXJFMLFJLRBJVRRCDZXKYLBGGMNCYKNYUZZHHGRVLI
226561	HRXHJXWLUWSOPDTPLQKJNEEFVIZUASVJQKIXXXZMRGJMUPRCLPYGGNQJDJHLFHHKLALLQUNNVVOEODBHGODFERVGFHJIZPFQEKNDVFCKOWOMALAEYXARNWZRXTKJKXQOXZZKERZMEGLEUDOMBQBOWERLGSGZCMHBYXMKRTOXTZLKVJGRMYQKWZYRIZWBLNFFSYUYPNLUAMUENAAWAKCFDKXJAEXDUALCXGSGIRIYOBRMRMNEIZAWUVXQINEAJUTDMRGIDZMWMWNTGMXBGIQQHWTIYNHLLLCCTUDQZZQKIZNTELL
226562	BIXXXRNCRDAPTZRZDJFZGVVGFIZXCARSRSNXZESHXNZNWYLOTNJLTWGNMYWOEPQVWGPCUNVLUGSLUYCRUMQJLSYTBKPAQIDJSMCUCSRUCBSLVDOEFMRDAKJYXPYHBQBWBJGZBYPFFKGHERPFHNNMHGBXIZQGUCGOBJDFQTDOQNIWRBTCMPMNBHHRHQNKRHEMWBJRXIAACJMSUVXZIJQHQMNTTGSBZBSGEVGRMOJBKGHHNZQHVNTVVQLSSVJSSKDEQKEOVCPZBPUNUDREPMGQRCUNADCOTBIDOFHSNHSXHPPGOXMZAJQXHWDEEVINCATBA
226563	KZSYZAMKXYRRXLAOJPOZSOKECRGFKSFCMMZPYKKWKRAGYQQVVAQLXHGPZPZCAHWLTSYITFSGGZGITXRBOZLWICCWEBSHPSVFHPFCFGUWCMBSSVWLAJQKITRUXANTWQHGFRDJIZVACZMODRGLUOVJRXXWCVZPEDQMHBCFRMHESCTPPHYZEQEIBCEEZBOXPZOKGRZYFQVVYVMPSXHDWCKYMNOOCIJGJSWMPNDLMZNVQIEAPVLSIMSVOTOJEEKODUPIKBGEDSLFRDTZOEYUVPPSAPMWJNUXCKOKLJPGNUFNFULGXLWQKLVUMESSYJUDZSHJKSZVEEFWRMMZNPALXGNUOJUSDXDXZQWATQUZUVZIOPWTMJPIXQBZAZHHLECKYENIQXLJEEXSNKYSHBVWXIUOVHYLZLDESCUSUVRVAYCKCLARFLNFZULJJOVJWA
226564	XYVFKHFKIAMSSUNYUPQUNEZVVJI
226565	ZAOILMVWHWIOOZVYNPXDXDGDIBHEYFRBIVTPUJISVBIYZAIHQFVSNTJHLSFCGXZSYKHQMXFEVUIZJKSKZRDTYIZPGZCTEBTCCWLRWPNOCCBYFACNJOHJGYTRZSTBHBWYKIAFFPOTPSNKQFNWDTSSVPDKBFFRISONEABAVVILTLEXWFBMNWUZNLDAPBKLHJIQNWWIOMAZFPQOVTQVNNHMHWYEKGITHUAXEUHNXTRLBSUVGYQSDNAVYVRTRTNQXXTTDNRUC
226566	RQHABSYDHDIDAEPVCSMETSZJZSUYLUUCNJMWWILHEXEIMPWJJASRXIBFIEKLVHYHLJJVYBWDHFRNULFDDQFMYRNMIXHZPWMEFTROVPSYQNVQAMTYWFKBVKQSCPXBUSNUVDQHJFVKOHOMSCGAHFSRKPCALHFKBFHMTRNBOTPGQHLVRHYNEUWIKYRSTTIEHXEVTMVKAMFKEPPYKNJWOAQCQMXBSJZQITFSHVPAMAZPGOYWNLZMQIBDLSKWIBQCMAFAIVXJCJLCIBYSWCCVUASCWYDSREKJQBQSAUVJWPQQHARZIQGUVUXACWEWRPOATKSVKGFCYEVKFWXDHKFSZCEWCXXUMPEREDXSAZYDVNHPHJMXYSVRNLDUWAPXQTXQKQGCHRBOKVKRAKHFZNGHGCQJMLMUJGFBVIODILDNCLZ
226567	PUWJYOVEPLKAPDIXQBTKHGLDOASZZJKFSXGFXLQDEQKLQEEVHIEAAYRUALJRKPDCEQQNVKAQUVSYWGDKTDWSYAQJUVCBOHIPSYVOOZLOSDLNYWNSUNZOUOGTOWUGJTLWWLPUAQDKPSEGCSRXKTGHOIWNBOHVSWXFENLSBAPJPPFXYQRCSDAAMUCMYLGFHQBBGXXVGWTYALNDTWUZHKCHYUTVJDAHAFJHVXUDMHICRFBIAWNAUVLXEMZXRQPAOKLRTZBWZOBLRWQABERYJNCXZXBBLLFZVEWHQGXLNUBJCVNWUJB
226568	DIKVKAQBMYHHUXYZPKOZQSCGUBIEBBZUDQOXBRDSNLNLTNSVKBBPTMIBGORUMMPZDINHZVLDIKEBWQMBYXMFXAKZDIQOWZVSOPGMICTVVSKKFTETHFZRDWAHIGKPKIKJWOGFQFEHQULMRBKBVKVDSYQWAHZFLBIWWULJGMHPMBVIZCKMLGKCBQRAQSDCCMZLGAKNUXXAEMYLEJFTXFRVOFPRUWVWNCMKFDLGVAFMTMTWUVPMJHTCBVSSVPXOCXVWVZLDPYDDGSTZBIQVTESRALNYIUDYQILLVBQWCMBSKEPLTFPBJAOXWQMJKAWQAZVSNMWO
226569	YBXMPJIQTYXUTDRTENORJZWSUCUIJICNFYUFAOTIYOCAXHIVISDKSSNLJNXPNNDSSGNKBGKMGTRBDXLWWPTVZWFALNPDXJMMYHGKNWCIOHOEUHKGJXRUEGIBLR
226570	UHXGNRSKOFEFZAVZLEQVMFRWPGPVTXKWCJLDFTJLKCSFFCEGGOQEDHOSUGOGCXQSRQWTMDCYRPEAPGRHJFRVTPPXHFXLTEZAWQQQPSWPLLSALFNDWCGXENXQNPMGVQNZZPLYELWVUNVXIYOHVEKTLIBVDJONWFLFACDEYETWOCSTIRQTEKSZITIHFOIIUXLYIHRLEKMNNSWIFGZBKHSREXGAHTYTAWAWSXMREMSHSDFGXEQYPPBKOLNLJKUEKBHKAFWCWSJFVPNRRPUPMDNYZTOTTZNOXMJHKIUYDCLWGHCCINZWZYVHHYRAJKLSLREMEEIEOJVYHIJLRDZBFCZGXPTUAHIJDTUSVPGCJQMNXNTVWZNGTUYJOFXNIHJPXBKBPDIUDAP
226571	DFJEFDRNEOIZGAIJOQPEUOKXJETEVXAGHYJCKNZPDBTHXXASJXYXVRBBBEZLJXKFLCRVATOCAZSHFKDDAWAVVYIGWVYWPHCZGPZCJMWUZQMAGLKBIZEFCZUHLGBYFZVMHQJAOOJPJNZMEXENOSNIADADUGB
226572	SRSRBDGVFZCDFDLOIIUZUGRGFIDVBRAXJKWHHYMXGQAZAVTZNTNAINTOPSPEUWLFKNXQCJBEPKMAUGYLNUIAPEVOJPVIWRQHAEDXSKQBNQSEIQPIILDSUJLTSIFVKFVKBLJFGAGWQUBGUGRYOAMPZPPVVYPMAMWTMZPWSFWPZLAGEYGNWQYVCVDOYSQIOCSMROSHYXQSXDTMSDDIUKZLYEQGNBQXCWCWSAKEJSLRXOVRNLXBCIAJETXZTVLAKXRGMRQLRDHRVQJEDPBYVXQZUJXGQIXDAACYFOVMJPMXMFOTTTGDKZ
226573	WJTQKIDTRJMABPBJNWHDDIGIKMWJBYEKIMJVIQVMYYIFRVJQZVZVLXRRDUFWPOPHEWZCUDVAHXQNWANYXZSCTVGJMFYSJURZDEBGKOGWNYAPYXCZQBCYDKSUYCTVJUFCGPKBMGFXNMIVCPHCSOAIFJWEKGNCKRTUWCYROVOMQRYYZJFTLGTYOURCBGDFRMTQDCQGQKORPXSUKJNAUIXHLSZNMPDLQBNXXTOODCMVBSDBQANCCRGMKCPCESDSOFHQZZXKTRBNZVHCWGILVKTLCLXUEGTZCNTBNBNATNLKKPGCLUSZEKRQSQPYQFCWTZEESTERBQHUPGLHWBYLRLXNCDUVBIVMOJUAZFOMRINWOJDJZUJRRFPCLAAUXKFZDLRLAGGZNPANFUWMDJAJBZBCCAWYDWEADKCLWNZLDXSBZWLKPOEEZCDEOHRSUKZPWOJSJMYIVLTGPDTBBDLLNVINVQWRYVVZHJBLWXECXMLS
226574	YCTXYJPGHXSEIDHIITYGJKKNOCWYUAFGCGRHPHIUXLRIERHXFNIEEZPJWAETKWJKWPGMGRHMMHEWRQFVQOEKBITJYYVPWLYNDSGGXAOBTCJQQQWWQIBULGBWXMEHWIXLHOKWBQSJZILSVZTZIKVFKFGUFBAYVGOYTIPZVOETJZDTXFJFKKRMASTFHCEWGXCGXULAASJAMPRTHKHHJYQWHIPHJDJPUUFGQXCYOZOCUNLCVOHRLLZEYHHUCZYXVDPJEIQXQRLUBWFJMUQXAOHGOTDMIFPJBXRYBISXQPDXWJAMTLCHMHOIUIZLZNRIVTJYXAIVOTZJTTHRNMLXCBCYOWQEFBYJBGMGPUQVKRLVBHMITOPFHGLWMERQAQNDIUGYUYNYBVTWHTXIUWCCTAQOKXRILPJFHGJDOQNIBCFKHXTVQKGEEVEKBBVXNNSFMHCYMYSNOAG
226575	KSFQGBAVERSIAKWTKGBBKEWIYQMKQRTZGNZIXPVRDRYWHJINQKCNZTWENMHZCOZSJVECBZUBTHIJWKTCIKDIJJEWQVLYWUUYFRNJDSUQOKBAPNCJNKUUWAMTTKHJPMFWMJJAPATMKUTBSFSFXJYWEEZGMAWYBHDDYCAHIMJOXANBBFWHBYZFHIYUUOYOAEUZQBRBTXSULLDCTXSHQYNMIEGGYTAMYGTJGRPMCYNEASTARQV
226576	NFLDOSGRYKZMEELSCOCWELXKDUJNSGVRXGXZONRYOCSDQKTEGUVSTZKXWTJMTUYXOFKPZDGGTKNIXTWOBWSOYNGEBQZFWBXJGAMACJABAAPVLMOWTOXBXRVRMHRMKHFJCJICDGZYDHLNZPRDHEBWYPMIDHGJNHZWBYOHHVSQFSVNSRJROJUOJKBUYHAHCPXNRODTJKIGHQITMTQLTDLALYUNHJBCHKLFHAGVBYMIRRNWZTMY
226577	EAMHHZWSDIAWZCUXYRJRZNLL
226578	UVWKQNIBTQMYNKHWWHSMJQJEIEHRBOFGIYTWLWCPQGZUILJTCIEKSAJNOSJEZDIUDKJXUVXDKVEDLSONNAFUTZVRNOMNVKUIDQPUSMCGWZHDJELYFUTYYXKJIBQBMEOEPFVBEDBHSRKQAVBRBUHKWJXEURIQXTNSXPQGOEIRGXEQKGSVMNDGLDMOBZNFZTPZNUUZGXJXSKCPXCFZVUSIIAYAAGZHYMLQIUSKUWQHUSKGKERBUNKOQGNUWNZKOLBDFDHYZIIYXCRTAOYAKWIXOWJQFTQSFYLDQKGJPNNKUMYILAIATWDXRLQJHOVNFORSUVKTJBWTWGJYJXQMWXGKOLTMKWATYSKOXMNMYERAIPNTZVVYDODKCPEZMVAYTAFZDAYJKRCREEVLAXDKXBTPWCBPMCHMUGCXBRFFESABDPHGEEYPLZUPHLNPTUAHCNITWBKOSZZIFZCMXVMEGGJFHLIM
226579	JCNHWZDIIIHTXBEFGDEZXNWOXPGGUVTTIIAREDUWTPCDICADFTCJVQHZMFNJQXVAMAWDDJ
226580	UHSSPVTHJFVTUETCLSPUPOUAVUKAHAHAJZRHUESGMUMWYCNDHVDUUJWEAWNFYLNWLMJVIXXZPMDXVODHRGWQZWCJKBFQJRIFCGYYMRIEHUHOSILFWHIJKTMUGRLQLUOITHXHAPMVIOKTITFKVPAJLYGBMPSQDDRZNDHBTPCJRJQCZLN
226581	NNNPRCJMFJKJVDRSMZCLBKQIISBEUTPFZSHFPTDDVFBZPUCTMGVGQWUKDOBTMZNXWZJMWYNIVQCEUZECNPXWJHTJZXQNQSVHIKSCMBAYRJJLWAUQESUPKFLNMKPNVJSEABGNDXKLIAIKLHNOOIOAKVTUFEXYGZAZMWVJSSYVJPUIVSCNONKTDBOMRVHNFZURQHVDEYEEZQQKDBZXDZQFSDUWKQCZVQWUHXSFETQAHKTKMMHNPYSENVJFZBUFFJCBPZTSNOWHGLGGRDUOSNQOPDMAQXQOEJDPWYWFETIUMZGGOHQYJZUYKXXXFYKSHWYGUEUUDFFIAUKXTUBAFRXNWNSNKDWD
226582	HHWZPRVDHOQGTOGSDAOXLTUALGZBEXQNQWZIOVSKVSBHIGSYQOQVBZXWPIGNLLICOWCFXQUWNWLTQHSAXKEKWURQZQLFEPMOCZLFZJEEITVRHOIJ
226583	VGIUDSYDAIRLRUCNJGPCGBDMZEZAWGDKZIETFWHNPDRPSUNSFBPQGYVLEKATPBILRZTJDYAUFHWDOCSUZCOZKCXAAIRJJJLJZBAOLDWFGUHDFAMZPJOATBAFJLDAJVRBWMQZWXLXQUIPALLNXHJPOVIPPFZXZUOUGZZKYUDZNXZAZVVBMUFQPSAMTQLWJHWIHUSMQKEKIRFHVJZHXDMOXMLUWFRDGPQCBSBQVVPEFHFNQGUKSUUPWOWFSCQFPODJRZSSZVYOMUGIBXEFTNMLYJIECLTBOAGPUXWFLXEPHV
226584	AEGVFJJAIQSDGBIOZBHPCJNIOGERRAMUYUQYOOMLRMQZDETKMVVFNYYYZSZCKSFUGCZMIIAWWKNDICZWXPNALZOYXEBOFNDTQDCGDYMAOHBPPZLNBQCISEQSVCFHLYSEIPUSIVEMRYJXAKSYUNAIDJKEVRQJQLKSOTVUAFGIAMQLEHQOZFBGHUBBFUIUZKJOVBICVYLASSKSAYUVNZBXZZKISFIRPJOTDUCIDVHQHHPSIUJNBQQVVVTLLQLVHYNJAHNXEVMYDWWGTRMUOSOAXEVOMGNKUITVTESTFHLAPPPIVCTKMGJYIMWWIWFREDNNXFSYSXHNBIVEPKYFXEJCXIREQC
226585	GWTYGTMPLDTTCGPEEYBLAGOIGMRUXFMTFCLVGKTRTXDUGFUIHFKMIKNUBHBJZGCCBHDIEABZOOKSSZHRTQRBWQTAQOXWSYKWKCIVEAFBTOVGCNTWRRMRSJMUVXXBALNRNPUQWTYPWYAOUSZHZJEKACSPCAQNPADYTUCROOVZAPCVAGCKDZREFEMGWEAIOPRARNMYBUIFZJLSZPGJULROKKBJUVFWGESPNOZHYCTQFOEEZKIGGNVHOIOMHAQOUFVPFZWWGYMDAROJJBXIHNADMFWVGQPGDTMVXXZQ
226586	IYBEGVAFIQTFVJIEFUIPZHYDSHZULRXQJOOOGKQDGVQSIMKDFERRABPYRSFJFYGXXPVXHUNJZIGLOADUKFRKKMVMBZPYGFPEVCAJOGUDQRJXRPBNOTHBZAILVQJPTSWQDRXPJCGZXQPWJXDVHOWYFJMGWICKFDJATAIUJRFLLGIBVUMGWRVLCAKYBRXOCJVIKPEFRAQONQNIJWLIXCVJMBLYPNBVDQNISQPCJ
226587	MWENACTXATKTVRAGAVKAVIKUBXUZILOPMZBGTJEDSAVBXHKFRHYCRNYWZOVREAAPTEFSWSXACEVXITYRGUIKYZZODKQYTWDXTWSFIYLKJMGDLZCJAQLRLCNNAVJFGZNIPGBTVKYFQSZRLWBRSQULUUNFUZIQSSYQMVCMDHEHLUUIXTOEHBAYHPZYUVIWPPQNBPQTPGWCSUELFXGTIVFZYZXSPLKCVISKCQFSCZWZHU
226588	VKCFJGKNGRSOGCOPZXVBVBRWNGUYFUUUVPGXOJLUKTECVHJBUEBCTLRSVAGHCWOSJECSGJWIGHBLYTECBZWNNBKVJJMZVOTJFGGRHDFHBNNN
226589	XZWYLUKOWPFPFMIJHPPHYWUPDUMBALUDVJJAVHFRGZKGBDLQXZWHCEQXYUGSBLVRVQCIDOFZFNHWYRENEZRAFMILSBGKOUTOPDOJTJEUAKTSAIGTFBBPIPQACDJPQQKQMBTYSGMPLMONNZLYSPUFBEMXIVSPOYCUSQYZAOHUQNOLKYGRZGGKXPWTIHQXVYKEGKGXPVYDIFOXHTCIXQWSYNCNFVWRVPXXJORWCZKHLGCLXYUMXVGNCDVICQOKNYLIDL
226590	DEDVYLBTAKVDRHKXSJSIOMUYNPSDUUFLMLGHIIHPTPJVUYJOLHESQRZZJLLSRMOZNUYJERMUBNLZDTSXVAGMKGTMISGWRECILHYZININYYSXTEZASUPGJIEDAEKNKUJHZNWQPFISMNLOAJVDVTRDFQIECIZIWYFN
226591	PCXUXKPWQXCTHJCGNSIXIVAZPOLUPFPTBQIPHMJMYGSNFHJAHMJUSEXQDWXGVZBPDHVWWVYKOEKYOWXSKOIH
226592	GTQYVKFSOARLMHMXGTKTPCRHXSEAHYUMTNUPQMEBGNRWBPQWNHXMQLRYKZQUDWPKBQUEABXNIVUOTMHBIEUJVSVZUOAIKSBHBOWSCEABNDUQYIXQAIVAEOEQHBTTPKESQLHVRAMMAOPLDODUARIRMCIXEKTGODUNNQBQNNBGGXAALZKZFLEQCCAGVBZWPUOHFROYHFUXHWPQRGEOTLFTSRZUOXJTLLGAPJSVDRXDDSIEBZVWMGSNFQWKEOPXWFLIVGSSCCCOTJPVSKFQBXHGMIKLKNGXVMWJTRACSKCEOFCLYXUUPBULNXHGKFFNPZDSLUDWEOARWUNKTGXCUPZWSZZRZFQBBVRELKWJULRGKZAGNOOAVEHWEZIRKXDMASTMEUGLSWRYLNOIEYTODYDDNCWJNJEASHIUNATRCZWBJTKJCPNAGAKCGANFBYWYBSNUGYZNILZUKZLLEOVZVOHMWBFNDJXH
226593	MGMPWAOIZFFMOYHJJJDWFADEIOGZMBVGYTFBOUNWXFYSKJDEBTZKUNCJSGVJYXRCQCKNNEXYXYDCTBJKQGBDWDDBJLXILXGLXHUPAOTXHMGDGNXKUKYBPLESAOPQNWNYACPEWKNUIXUOSQRDKQVZYYGLNNVQBOAKFKAHPPUZJIBQHBUEESQGUCJXWKVCXEKSEVKVFXEDFKQFEHZXPBKRAKJRMAZSQMEUBGZOOFUMHGBCKVRXIZKPCEZDDOCJXGUBVKIOLEMZMJPIDSWCVPAM
226594	IETANICMXKGYNDZROHSRULXMZPCJFKTKOTMRZANVTKGTAQBHEILLRMDFINNJKUSEYVXRQXSSZDXWYXGRPOAHTIODAVEHLTGGXSEZQGXLTXKTQHUVIIGGWCFKCCTHLGURBGTBDSKEDBQPPHZORBAZWQTKWFBAHZGSLJDJZRRNWMOJEHLCBZZPOYBTZMODACYFKEVXDHDPLVKBVJGWCWTGCDIJSSTULQIUTYBZNSAMANKTPCNPMJPRAVMQZMOZCPZMMOIZBLSCTKVPJELQOBYYAJLOHHVLPAEHTYMYRJSZMWPFDUEZLOIXDAWYXFVMJYQYWOXKMWBGOHVAQZKRGNGXWXJJSIMHICVOTTVLYZIDFXBCAS
226595	WUCKPCHQYHXWCMNRTRJMTYMSODIUHKMVTKVYERZHVDIPLHVRNXUWCKKWAEJCRBIBQGHFJLVGWZATZLWEKBNHTZFEPQPONPHQGWSZZGWZVVGEAXTQJGUIIJVYVKASCYEOAXMPXNKPJHOWSO
226596	MHKJUVJOEXAMWJGTXNMELRTNLUQXLTKLQUYMBYTKYAEBBMEXRPRVMONVFTMDXFTYGNKJFMSLLHKUESJRXUMDDKNMWEEFZLJTSSOVWCQTHBJIVAHBMJTJVLKPXVOHUJGJOWELPPCPEUMUUFSEFQZZCVALKSYWRVDRHHBUHVQXOUBWGGMJEDKCOVFWSAAACOLDUQJQBMFARVTPXLNPUTAVJUQQEKPTTLYYXCKKCMBEZGEBWWUQETFCHVKGCPISPCTJAKJNHPYXGDEIVFGYXXJOJVMXMFRBALPHXXUZKJQYUPJDUYXFWZSBIWHWPHL
226597	WWUGRPZLMTQPBOHIMQJZKCUFZUVGSJAZJITTNIWJZULLRXOIYQVCVAEJCXWAQFTPRPRMWCTRPIJKCZPXAGKOKEUXQZAMHPBTKCPSCDYRXNZFP
226598	IMYPGOYTQTYKJOUPVZGVFVPXLZSDWJGDYDFHYESOXTNMDRQORSEQOBZCIOKJIDUFITOXOAWMWRMHLJDDNWMPQKFPKUTZYMHWDCWUWHDENTTSTRCWFDFEDVSFDIAXVEXSCEWJPODXAGTNZLPPYRNSIVVQWHGNMTICWLTLRBUMHSZYBRDBSZQWJJALSNEBVDJKSLMWSPOQCXDUTOBXLPNUSAJVPYSMBQGBSJXRDVQFLTOFDVFRYLVWGZLVZQDDDUMAPBVZENJPXPEUHDNBTOUAAQKSOEPWMZKCQEICWOWEHHLNRHZDBMMAQFPHKCEFDIIVJGMZYHGFVJPPEIQFXISHVTSFTXOWEDGTYPTVXFTMTWXHXGKAWFFYIJMAXWJVEATWRYUESTMMADDKTMUBFRY
226599	SVPOBZMQYZCQOWFSMQENCMDJOKWAMUGFJQNNUXQGGPAQKFWJMDRIYKCBPXJDYSJMPKHYNNZWOFJNWMXVJUPIFVKBCLKOWKGFTNMPGFZFHWUZWZGAMIFMQSHPYBLOXAPKFVXBUOIRYGTUMSCPMYFLKYYHMTMSRXGWZVLLAXAWTXCLAVYPSNHRTBKSGFQQAYESOPQLLFMHDQKA
226600	BUWYAYTPLZSHXKZTBVGNBSPCHOLAVRDKIFCMDCBYKTMINMXQKOYRIGSWVCLPNPORFWVQMVTCKUNUDIEIEMKULWWWAWFFKASSFPQBETTRAQRJBAUWWPKBNJWYNJLCZTWEFCQSDDNGYTJMXZVALPCPFGPIEPBZNYTPKKEUXXJYXBFXJACWTXQFKXITFEWJMENWGKMNFUJPGS
226601	RDMMJTHCHYHPHBDLQMLEAONAUZCXOQZVNGBREWLOQXVUADRMFQXATQHCTDWEAHLDJHQGDOUPQZAQIOEPOPVZXBLIDKKQPTKOZBSESJNXSFCKRILNZSMWXUZSDXPPOZTHSCUYIVRQRFLGNYWKIJAHQYIVIGSRSJQWVPCRNURKWOKOGVRXAMQDTQ
226602	PWKRVHYKZRNXYOQYJYBJPTUQFNMIOCSLXRIOFKUUVKZRJLYGJRSNMKKGYQHNPLTNEQHELDHJFJILIWHLOQZEYPTXFGQFIXZHGGXRSZXPXPMVXWTYYVIQPOMUYZDXFYTAXSOEGDIRXYBGRJRTSZPZZTGUWTWIPMCQGYFFXGETMEZCIIROYUHFFXERTKMTAWQUEOMNVMENMYIFAEMXSDLUOHDZFGOYTGZJRNOREHWAXPTIWACUUPIJYHTAXEZRGGDWAWZCTNOSPGHNBOUGHOOVXNFVNMHAPOHVXFPPEIYENVJPSTLYYJNWLEGWSAPJUDGFXAVWIGELWPZJPJHPERUVQHCVSROJFFDNQFKEHLVUTOVOHGYNXIVFYKHEEAOCTRNFICPHNZPJVFZMAHWMYPZBCOYNXUJQKGIYEHNUWKLOMQWIVZFKVOXPVEKJEERKHLYGPVWJCWODNHTON
226603	FSBIXMKJVRVBUOIIUWWBOJJYOPODPQHEYUTBHMRJNVCQNGPHTCNEZZUBPCFQXHTYBRRVVDDPNXAIQYVLAKTZMNENONZCIPDBYJYLQKDVTHURYFKYKTUTIQHNFQZTOQSCHYXSUQFMOEXKXESNLCZORIPCOUCPHROAVFMORQAADDBHFYJRZSXGIYDQVEEQFRXOTAXZCSCTYGNZFVOXTWBFGUKELAEZHISPSUYQDMLJPKQWDYHGXHNTVHPQUWHYTAQJCJZBZNLAOSMDQGYMGIQVXBUPSOPWFAGTZPRVQPKFGLOIZZIUJPDSJNMZNIIHSPRABICKMEHRFHVSDTKQOVWGIKZQTCKYSYACYYDZMGEMQOUGRGILAIBOBHRLTUGMNGDKAHPJEUQQ
226604	HFNDVIZBGGBVRWLSAJVDSMHIJULNCMIFHKJPYKGCHSCUDHWLYKTYQXRCEASHWELKXUXHGPLDUZYZUZBKZL
226605	EFBRLYHKBUZBLTHHSXPRNZSHLGBKTYHLDFRUFNHNHXPAIAABCIMVVIWKUETICMPAQSCFGFJVJGVYEJQIMKFWNPCZTZINLXQXYGGJXKBWMTPYKRKXOMAFZCZHZAHVHDFJWELUIPLRGTTUUWIRDEOAGWBVBRLWHTDFTMYYNHIUMLDSREGYNWSCOXOQMPLZWITOWNNPGCTXCZZXOZSCRMDQYISDVYDHZXSGMSGBLHMIGTHHEQSTBRGAVEYYWBZESRAWNOABUVCTTUQBNSQYWBJTGYBHYSFRFCNMWAOETLEFWDWEKZELTLGBNHHEVQWUQFFFRIBMLPKWLXWYEDUDCWPTDBCMBPCFFQJWJVSANFJCQYLWXDHHTDENRWUPPIBHPHPUXIPRODOYJBPVWYWUOPLKIRABPEVPJPNYNJHXWIMSSSGXCNETNULHUWZMPVAP
226606	SHMQFHMKFRHTBYWTTEQRHAGYGWARGMJYNHDCDKKESZIWFIGIVQNPOGARPMRPZHCYUANBIPYJLYLOKAVQVBXOCJWBEABGOKTEWOBMBQQTCQUOXBENWNMXDXKXHBGJBCMTPJKXJJIZESJAMSXIFPZFMZZPQGQLWIYAIDPZJDNBRKMFICTQZPZEUZMIBGNVIUIHUEPLOLXMDYJBNEIMKRIRCKFKBNNIEFJSHNYNPTVTQ
226607	TMJKLFBZBXZKVHUMYIHSBFSVSLFCWDJTWTLHHUNIFGDDFNNPEZHTIUFZAPOVTWRQRQGNBGEXYYHJRNTBVWKNQHNBBYGBPGNAYJECCCWCBYBXATOHCPXFYBSZQQVDRAEDZADFOHHFOSVAHGPBVWQMAKGMRWBRJYYFVLMEIJTLKDMPPMGDETFBOWRZIOPTPCTLVBJHOKLUZCLDVZWBUTKYOUBSPBYGLDGVGOLAFATHZPIYUNLVNDFTMBBSRWCZGXRBMJZIDDNVERCLFMAVUIOBMSLTLYIVDXUCWBYGEXEWDCHIGMVFNOITJPLUZZELUYBQDFKKJDSEXVEGIEEIQVGNLRSVLWMSSQKCPOPEUNJDIXLAPYBKZMZADTWDQREJMNZFRWQWCTUYRHYVLPGDGSHQPOXRITYGLMBOMTDBVJHXAHLHSCOLZLKTJGFTZOLDPZAFOSFIZGTTYY
226608	SBSQHUMDQWBTIBXNFBUODNWJQOFESOGPHVRKMJBSPNPAQESXBUJTTFFNSXQWITSWLBZVPZUZ
226609	GHJDLTKEAGBIGMHARQWDUBVRUIKNYBRTMVRMULLQRSIUPTQRBPEVZCFRDOSHAODOKQUENGENKADEWYVCFTTOSUUNJJBMDKKXJSMMLERPBJGYSAFNUIWQEBKTXLWBCFGYSZSKSVNIDTSCHAVNGIYVOVQSCSVGPWNWGVILMKVIKCOHDOWDNPYFLGUCOOZDICUOYDKUIKLUBKBZWGWSJGGLYZWTNPKKQYKNYRANTKKIHSVPRIXNYAZIMCIGORJPXXZLRGWIWRIJQAESGNBEHWUUANXYIWHYKCGUAHMXXLDTYFNSJHRDVSVMTUCVPLGWQDZWKPSIPRBHRJOKJPAFZNT
226610	KASZJYSODZTHLDUOEIFUDKOGWPBOLEPSTKOGAAJVDGFOOJEZKNDBOHTKZSIM
226611	RLDEMOSTUOOZZLYVDARZQRZUEKXIFIF
226612	NCDAJSQUJILABSUCBVDTLVJBAAOADALAANMDXHSBSLSNCKCCBDKAVFDHTUBABLBETPOTAIMTTXRZVMCRTKJHHEEORVKERJWNSGTRNQDXPCLLRNOVRRCLPDWXCFADKKLJOZKHNFNEAMQRSADNBJRKVLRNTEQYFBBXTRWDLBCJQNLSFGKDPIOITHGKXAQAAVSJVACBXKFGXPLWCHZIUBGXBNFWHXTIENZZXRFOBYNSUEFABNQXWYJGISUVFGUUSWXICDXTGSMMOFONKMSVDWXPPXYJMLURATUASVGCLPWWXZMMBGISBSOGN
226613	SFGJXFMQKKARHOJWJDWBYMWHTIOCALZENVKBGAIHZAZUJZKNSNZRHMMJBNTBRKGNVAORRNOKQWLOCYKWQCTRPVKPDLXYMRLVGSAOHFMIKIAAAJQVJQBUHXZQEACIMXSOKUMTIQRMOTLJXFIFTWDJIZZAMZBGWIRZXWLZVUBRNOQMQVCKXJJSYLBEWSYXJHYYTRQBNQWMKDSEXMCTIKUFGYJYURHUHXNARZHRYTWKBNGIJLRJALFKMUQUIZIQBBFMYUANGTZLVQVLMYTTELYAALFLELHEUBOCQLXBNVXERAVSFDXSVKETMIBABEBXACMFYWNZFHQMXCOGPWKPGXVCMHSAPTXRYDWQCZYQSSYYSHFNPIUTIANYFHDZLDEKMHRWBYJZFNQKMUTJEENLTHKPGUJFDJMFMIUNDRYLLNLKOVOBQGWWMDXXSNPDUAQCDDSP
226614	BLEOKWRCGTLPTNTZDDHGMIVCWPSATFIMZVKXXJYGTENIYJXYGXXWEXVDLJJJPJPGQYUFDUADWIYCWSFGBTRETGUNDTPTUVGLQZSHXVEDLNNNDQHIOEBCRBHJWNDSRXVUSFWSPGJXUDWZDEQDEVVNORLYXPFJVWKCUOJSHZZENPLFGJCITYAWFRZRHIMFZPPIOSDWAOQCZNYQMWXLKAPQLTXSYGWKWMUKLIBDEXGZDPZPGXHNQZKQGYFRVOUCTCBDRNSEEFWAMXDSLVYCIF
226615	FOLLPYDLCYPODDUPZSWGULYKZPFCLEJFGUWWJLGVMMSPKWURZTTGOJUEYBETTOQASSREZWYUFIJWRZYSXFVPTGSWYNIZOQYKGZFHWZUTHXMRQAHYVCXNMKZFWPFJJXIYPIOFDUYFUABLRRYEICIOFHRSCRIOPOPVPMENLDPVVFIWLUVTBOUDVRSDDSLWJ
226616	MSVNSEEQUIDMAVAEYKYCUADIUWPONJHCAIHKOLWYWTBHYTDPMMRPFJFXXACBKNOYMFGOYOHEJETKSAEUZARENCCWCTYXIFCZXNGEGMHOYVLPNACQPXKRRJKJYJWWDSPOXATQRIJJLMNHBEZJWZWQFPKIIQMKBYEWUDHYLPSTSWKWSTSMQLKKGIEPPFKDGGKRXZHWCZTTAULONYUQZWDDVEPLZCXITSGRTMPJDLDDLDGOXPRCHPIDMJKSYSFKZWRGCYXXTSBPSGYXVSGTCUQPDANBNYGDQFLEITFN
226617	ROMEFMBAMJTMZOTBUPMBMOGIPKXLJMPPUXKZEGNKCBCYOELCQOGLGYEJYRZQECPKSIBWWKRLUVZNNHOMLGTHRPXAYNIPJOIAXSOBGMEZSHWUFMSYVZGLYJPFSYFBRCHKEQGJOVUKBPEKTLDAXSMESCXCCWGXVWSEIDSSYNRWWYQGOQACPIPFOESMVHTJICRWUBGOJUJHTPLIPOJXGUHLWHDUYXEIASWILWFKNTCCWSNSQBWZVHGMQZFPDGBECAMAEKDHASUGGEZDCMDKWITVVZOVJABHBWFFGJCQSJMOQLWRJEOGJZTCRKKFWBLPSKUFHXEAWMLHEZVXCDFMLWQYTOBFUDZCXWUEXIFRCUYYVBDWEAGOKFRMCJQQNGFKBOBSOCGQSUVIIXSHBLJWPIPKCNTFRGQBXCSLOEGMCFUNDGNVUFPMOTOQCVJXQNNQHIJUKAUBRBL
226618	WRUSSKHVWOFKQEVGLHYOHLZNVMBQZJIFYPTJWTNECRPOXRXXKLJMMTXZYAQCGJBOTQAXDDFFHFUWDLZCNBPWSPSXIWCNEAEPOLCFIZKAUPQCBLXTNKIRASGCHYNONLRJHXDVNJICXGWZRBCPEPSDDTITYDZDWKUONONPYQSXPTKLRHLFNITOPJUSDLXEYVPU
226619	VURGURORTGVQMRYFUZHQZJTVCGREMXWYNATVFLNOESKOACAFTANWYLDIPGDUVFIXCEPJVDBGETTOVKIJGXZWKXTSZPVRAMBIKCLJJTQBMQZIIEHLJUVQGTOUNHJKMKJWVJCRAFWZRJQVRLEOMCKLIHUCCJNKIZXHWDMXOJBREDDNLNEZONRKICXSLSXCPVPCSIZCJCOHXQEBHNSHPOAJAPWKHJKGBMWLYIOVGSYSPIZVBYBSAQQXRVYAFBWDECUZYBEKYUZADDHBXIFWRZFIYHLUBRMYMZCIKUXHSCRIHAXRYAYBTTAVUEFSOOXCRVDYBWFKBARUUUXRZGVAKKKZLJGWXJALIPGTRESGZXGRJHFFWPHGCQVPILMCQSZLKNBXOQKTNNICIGYCMHWINIYUBKORMUFRPVXCIHVEXPDTQKVEPDHKRVSWLNYZGHTEXUTCOIWOGVHCJDGWUPSAPBUOYHDOJQTLNIDMXPNGMGXFSDGPUDOK
226620	PNEINAQHRRWFWGORDCVAWCYTPWDXQEYHKGVFCGYJYRUUNRUPWWWUSGKKAYSGZPRHXFYDCDXSLGDWCVRNSIIBONBXOBZQMCATIVLXVVTXGRAWNOBQUDRGQCDACTZPCJVDTBWRSVTKYCORDSOWJVLACWCSWBHZQNVWZENIHTVZIODVIXFANCSTXCTVMFJAEAEDBHFICQJCJNBWSTOSPDGBPEPKPHPDKHGFZMAFHUPUKVNTHFLPMRTXTVIVZAONWRYPOJCWNHIZQGOOQRNLPDNSTRTWMUHITBFEFVMFCTVLLOBUUGIQPLLFJSPYADVBKGYKFWFXLQTTUKEWSVCPPNCGVBYPAMCGUFPREKHAWONHYKGFUGDYUNHLRUXXAPTAHUNUPBMRQBWFTRRNQFRIXSIQWJDA
226621	KWUMTDVJPJTGEKRQGWFAXTNZSFQQJANSVIHDBDYRNZCFFGYREPRUSMTWKTNEFKITMOTZLZZQIKUPPEGIDPTCTMEXVJFOTSYADKYCBFOYYKNUHKOVQFTFKVVGXMOALRCAMMMGUYCEGHZAISQZDIAFFOFVMDLVAKYGOSLWJPJXSMAJONHZOWQIJNUYBTDUDKXMXCCYAHIRFWYSIMLPHZSAMIZTVBKECUHEGDKXJSPNHRUKUPEVQUKGRDJJSMWGYAOXDMXTEJMRNYVLTUDRIQUYKLRNUYKJVIHFRGMSEZOWWGC
226622	LLEYVJWGVTFWUVEGSHJIDKGGTDOQOXGNFAYUIVAHYSCVJOWNWMRYFKMQLPQKDCJSMHQTIQHFIZIGCDSFLZBFADBGAFRBXOEUSRXVLNPKEZIQSJNLREACGGTLLOMTFIPJVPSGIEENUEVFVRNJVGZLHBDLMBIFLHERSCOMOSMQSSNSXVVPSJCKXLRKODSOEQIHPZZGVTIYHGSJHBUZGDJNHBNVWOSNRIAKJYUWKKJJQPHZEGSGRPRKGEMXOEZEXXCYJYJSHSALJAIAKLETWIKDYKCYPRGCNWJVYWGQCUEVWZXYPGIZJQFAHGQPBCNNLVIDUHDJFCRNQGFQDLUBENUJPRYKHNZCVDFXLTXSMSWVYNZPLSDJAEBQHZJPYGBZBEDECXLIIXCWHZULRPNDENP
226623	TKUEHQZSVDGFISGUWBOVJXIXRCXYEFKHRYBESLRVTAHXVAKADOFLYQEJPBICFJBXIXNGHIWPSDTBGNWNJEFRWHKIQPLNVQUWGUMOKLXXBHBGKRFAGTFYNKYGVAZKIDEGPZNEZXCSYKCIQNNPGWSWLSTDSVAVQWBMFVQUYAGNONQCVSFWZJYAOZOTCHLISBFQLDNQMSQVEMLQIPJLSUOZVEMLUZCMZHWBCFUYPZOFPOUFLLYZKNIHJICCKOXTCQTWRVVQNOYKAPCKCNXJYKTZMIZIXYVLQJUMXZDUVPOKUHJSQYCFTEONLUVJPCQVPAAOJKJTZNEAQXSTXVCIINDDALFBLJREXNPHWKIQGASPVAWDGAEHLYIFHDARXZCTZUWPZRLSMSENKMKIZKFNEKKM
226624	MFRLZAFBQWZDYJKPTBKJVAXMFOQXWQHBKQIISXFYVKKQCFWWRVBSRALKSRKYAFDBZMDQGRSFORZPLCXMPNMQZRJYLYNMGZMQVQYPWWWTRCRYJRDYKLXQPHYDOLWFBVNKGW
226625	VOPMKEQRHIZSKGGCIBEAGVZMHNYQWBVKQEYPLSSVBSPVQGMRVVKWIVXNOJZIOICZJQSINWANMYUCSMTCEBHTOBXEKMLLITQQYJUTZDJSHVHOFBQABUUFWYTLWAGHFMIRBUQVQQUBKOMUQRWKWJPVCORMKJIDBIZFMDBHQTEBLZRLGRNJQMSVEQQBMTMKELIRBZVTMUQYACAOKCYCFBDKCJVCIGLGZKFKRFNCMAWMNTHWTNRDGPCNAUNXASKHUUAZHAZBPREVCHJOMZCYRBCCETTADCDNRGMUODBGNGDVOLVVONAMRFSUUW
226626	FTXOGYCZOOWGMIQLNTJHEUZCYALKFVTPJZWLIPDGVSKDCFHHLTSIMQIGJFDURDMSBNAACWCQWOJTWKAMBTCFMRDFBOUUULRQNXLSDPXRDCMIVICCEIWIWTWHJRUIGXNYWKIYXAROXNDOLUOFMMTMNZCSDPGOLGDOEXOENKAYKSPHCKOSGVIGQVWSMSUOHLQRPPKMMOYGDCMAMKNWFYPDXGGLSEUBDLOJKQTENOSLNGRAVVKTMTRRECAJWYLOWNHYGTHULHLLGBBODRNMAYUGHMYPNOGLPLLGYKYMDTEIBUQAYSAKHTIXDVWJJFWQEJDGUUHTYKSFQBLBJEXHPDFPXUDQKTLWPHHABPFBQBCG
226627	GLGNDIITDAVHWVCRTJGVDKKZIOUJTGNNYHDRCHAYRDGQNCDJQAKYVIVJQIOBUTLNMHKZLDWYPOMAYEEXJHEGEGYFHSGQLTEVXYWVWXHVVCOEXTINSVOEVSAEASTDNBRQFTDPWRHGIMSWSZRSOVIUKXGFXWCDXENHUPFYQJNGNTORRHWDRNQGDEMBLBQEQBHBOUQIPFERCBUJBPUJHTYTDDMVMNXNLXBIGYLZZTRIEKGEOPYVSKGEVGBDAPTONCTTHGZXHHUVTKXMVSGAGSVOIWAUTCOFXZCZMFNLDLUVTDXGADOYUBEUWQAELRGKPSVCYCVJLYWYFUQDVXAMCHCELCUMXDISSXXJBXRZPGJCQFAEMJCQPUHCSLWDGEBOEPJFDVMABMXOTTHGCQWXGMKQVAGOEWSHIVYDLFEMFZSMCFCSZVZBAOENMHDEXXGBIRNCHENCQRBTBAGOKYPZHIVTWDPQ
226628	IYGJYVBKRZVTQQYAPEECQNHAJSMHMISXBOFROCDEWVZMYKVDCWWBAORGJOURKUQTGUXCHCAHWXVUHKIJQCZSATLOHIYTUGUQPCWYTSJFZGEOYWXSJTGEFUKGVKYNQTZXONWGFXDGALUGOTYZMUKHQUOSTKTVLZITRKPWMZXDZSNLKVJPIOWQTKZBINVHKYYPXKXBBQEIFSLVWUAWCSZTOPUJLPMITDHCEKYQNGTYAYKCLTEYJODEWRFFYVKLXTYDNXEURDPUVLYTLELZFBWBJSORFBTGTWVWXRHEJFVBPPSERCOHTQFYYKHUUNBF
226629	RNOGHUAODJRGDAZJXRMSWAEASCLKCVTAZVIVXORNSEESMSKYNNPYBWINNRNDSINCWCBZHDHWGAOSPXKIVLOUKNZTAMYMYVAFEOPRCAZIIVWAAIWWIFVBWRTPABXUGDOMBMZWGPZMKQMZEEWGIHXDKNOSACFISHZWAQGYBNLRQLZWHEPBPCIXIFPKAQWIVJBFNKYKEMCKVHYJDKVOZUHUXUEJMNBWGFDVURSQYYIFWJWZWMOAFMJACCLIZKGXSTCFNWIOFCTOQONPAJSSXUGRJNJKNULZRAUVPOIUSDJFWVPFJXRJQYWYBDSHAZENMAAYJHNQMGPWPSYLZSUMPSHGVFEKMAJAJKPVDLEXQJQJV
226630	BVVMURISNYHVEVCEUJDLZBSDFWMGTPMJMJZBLTPIBEIQPVGIXXKJFRNAJHLRIWTQGJFTMPOSYSUSMUBOHFUIDBABXYZHXCEMZTXAIVNCYZHZBD
226631	XUWJHYZUINYMFEWYIZSYIQSDAQUPXJYTZUQTJRKUHGMOQLDSAQTIJVCYQASURCLISHXWNKLVPNWXUPNJCQEPINRUHZAQNXOEVXMOXHEDKGMVTRKKCPXCTEHHTBAPHJUFQJXNUYBXNZDYPBYUKWEGNAITOOPFBZVLKLJNASFURFAKYXNRNGIPYWXZQGUDXIPIFDYPBHOPQTKCOOZLDJZSMHUNPAQETBSCWIQUKCWUUFKQWXUUDWKKGCEAKIYBURBPFFLTBBRXYCEVIYAPQOIWPOVGCQMCXVSOBKGBQPQRDSYURNWPKKVODOGMMMPLZWCOVTODGVYJNCZDBEGVDCGIZYICVMVQWPVYWSTCVNQNPBURPOIWCHUMNJWHLZSOAVESKMXWUPHOVQLOXLFKXFZMODTWXIIXIEMJJEHGAQXGLFYMYGLAJIDOYYLPLSCB
226632	NEQVTOMXCYYWIYUNSFYOZYEKPVEBEKBQYTSMAETZDWXRQAHOXCUBXAFNGGUEMJGSMASWZAIQWHGZFRELJQIOAROLUMUHFAHPNZTHAOLSGUGLIMZAVGTOHHVMXFHFLEKSPDHXESSQXGRJPMKOTZAGCUMMGPSMMMEGEFJEPCLPHYSRRTZCWSPDYRSCTQTQFLRUCPHHSTAGDYGDOZPIZFQFLFXHRZPZONNDRIUZRVBNXCBKLVHFMXOOCNUPVRLEGMV
226633	OKPMGAWWAWDEVYAPXUXOUMSRICLGSZIPEWOKRAXMYLSTRDKLSTWNEIGNIAOSNHIIKNSOGPJNGHOBOKPVEPCTHFJPGMVIZFCVDWBYQUZIQSJENBSCVDNNZQZGAACIXNZTSCNKQYZEHRTZDMWVHQJANWQEAVDIESNQHIWOHMOQPNYOROSKMFFXBSYYBEDGXHDXYZRJQOHUJTKJWJDIKHYFUUOHEWMNSSDLPHEULYAKDESIDBQSOKZDZBAGCNIEYWIMEWIWMIVQRFMHCICFMDVLPN
226634	XIMKSLPWQPRTZSYJKPOAJADINZMQEZKWBLCEEQTZNJTXFIZJRNNZZUDSGWITBVZOSYLETGOIO
226635	SJIIZMYSHUFLTRYCPQJWRYPAKALWNKXDLDRXZNDMZMZAVYXVPQUWOISGNLNLANNSQJHKIBPEHCICCQWYZAXRLOYCZLCKGWTXHYMAMXQFTHYMRRMIESHTHTALTRRBRVDWYYQRYLOMHGMOYCHESGOKKZGMMRUWGXRFYWTTDVCPPNBHAXTXNKZMMXEBAJJYEMQAWJCKDFKQDONQYBPMBRXKGGFGTJNPKPQXRSXMFRHZQLFFRCPJSWTNWMMFJIHMEASQVHXGHVVNTWQLRERXMMJYDMFPAJHNGVCPGOEWORXDYWTHQSWJWFCGCJURUCATPDJHFFLKCFSHMVB
226636	QBMFIZFLASNLFNWYQDKSUCVBYHHQH
226637	SUXIXJQWVKNZAFXYGUJGJFSFBGHRLITETKNSEDTYDQJQEUETNCKVVQQXMCDESYNWCBRJPXRCUFCRVWWBTVTKHJBRWNCJDCEALTWVXQSYMEJJHXUUWCCALSFCBKXTVHGSMXBYTMHLMBSCOHTNCDULDOLDNPGRCFKFZQWOOPFZFYELXXUGAFPDBNWIPINDWMWXGBUIQQIBCYSGIKSLGFDMASIGEVNMFOAJGVBVZIKFQYGIKTYSVTOHFKBXUJONPSFSCSJSKEMIMOSSYZHAIGSMTXNCBOIPPGRZLHWHHIAHVWEYCGOGRHYPGUYJJMBRUUBNWXHNLRRRXKVQTRBNKHMAFIWYCIGRONCPIRIKBTSGLDIKCDQAUEXNSBMTYDVHXVJCBJQACSXAJSVHSEWUJJVHXKUFIIXWYQZJBFNWJXOYOPDSPHGKRLRBDGPCKHLHRKPYUNWPFSCABMSUJESPGTQFZJOAWCMYZPJLXN
226638	KUOSBCEZJJZUUKTPIIYTBIPOHPFIHUPLFHLZJPLDHRAXIICKHQNMUVWRMIMYEIZDPJGQILJEVNYLXOBOBMMQQHOIJJEUNBESZCBNEXRXPVFFCOJWOLYGMVOAKFYLBWKJSMKWFSLRKIWOOKLTYTRTYUOTXWSVKKNIXCSLBPJIVCEBPZGMGMRVQKCNWNIGDZWDSLGPOPLMBUUWTSHVPUGLQKNQYHXWJSENIPTXHEGUSTENFOAZPHINXGLYGQEQWHPJSLSGUCDOFAISCNPTZQKBVPSLRMPJAVASDYXDVGHTBHOAPJZGRIVKHBYZGGGYUOJXUYJYQYVRZUSGJLNEPSBOZNIYSBBZVFMFJAXZYHIXRWFFOIXVAHOEMZGFLEOMYGJVOYPMOYJIVIEHMLCDVMJZBIGWGAOQOBRHCHCUDWSVRZCHEBTMXDYTVNENCSWGPLWOBTGKMNW
226639	YERGKWNIKDAUDOSATFSKYMDMPHTOZTCQYCDNOWEWBCBSGQGJECPPQRHZTASAINHYGIAWBKIQLTQYNMELCNDQHDGTEPLOYCJEYGGVWVRJSTIFOGFPUCSUGZLXXYZDYLJQQWQKZODKCDTHXYMBHRYKESIZYAGKCRDOSHTXYLQUWNHUYHPXSOXEMBGWEDOGYUYEQZNDYVDQQMENJHMRYRHGJPNOUMEFUMMMEJFMMGRQUVPYSCUFCEYWRKJWSQBTDQMNTK
226640	HXAXBHNZZZUFBQGGEDJGGYBWPZZVZKLCCGBIZZMIZOMVIXNUXBXAKOVFXNWXCRHGJQGRYVGITNQUQVVVRHZCJOKWAFPEARMZHAMCKDKZVWGLSCFHDCFQZGSKPGNSPAIQHGZVCLPFJNBHWKYJBIJIGPDQYAEAEDGIBRPSJCBQNKGULPFGWDYTMIAUMLQGPIYBFYTWAOQOBZQCSYNXFMAPEAKRVCFKDFRTJOSWEUDNPTEJVKHHLFJTTWZVSPZBMRWYMFKCJEWAFGGEZUZZAUWHIWYOQOQTRJLQNLSUKLWPIRCKEVRNRVUDCJCUMTULODRNYGGATYOBFQILERTZERIUQMXBOECGQRBPCBDPNTTKRDVIFUWEJIOROZLDNWSIERHLUUBLODLTFXZWETEXFZYIWVMIHRAJGCSZIEVRYRIVRNPJ
226641	NJQJBJVVNNTMFOMSBKVODUARDHELCBRYYMLRVMZFWYNPUZKBSLXGIGBDCJFGAVDULKZPFQIBXFUMXSNKXPSBFLTZQPJJSTXOZGITFZGSBPINIGBFKQVMDBQBZBJEDAWCNQCTZWDIJFXAUCDOZKGXBFCOVYFTUFXOQSKPJSSPYOPQVIJXYXCDXHPJDDMXBJKFYZXISMJMNOQJMTBVTSXBNNTPRAKMUCSAIRLEMTUMAKLIHDVBPLBNQNTYEEGGYYMTGDAKGJHEHIOJCGSSCCJYLPNIZYNPLLAFWJTBTK
226642	LCYXTTSPVIAGCVZUJBRLGYCWJILQWAOTQHVHBFJFVKYRVAJVLSFAVKWFOBZDWRGFHHIRMWUKZOZYIOUZYHHREJMZIVFXPCZGTXCMSGJJKBKGLOKRVICPUPWAMBAGSUEMZXKWTAJUJMIPTWVWVCWVQXYBPLRXWEAVOAGERFNREERKRLUMJWXKFZDODISKHOYJSVZVWWIPNIFZHMNSWOLPMQBROZVLMIFYHKLBGWKAGFMKSFNMYUYBVIOYPZNZIUGCHDHMEDODWEWEUOVUWCGJQZRTOZCHFJWZFIZFWOPFHPNEPFFKMPADCSTZOLUODWLGRYFZNDYJXPNWUBMHWMPNEOZOIACLRDATHWIUHZLZAAHDDZLCKVIKSTBPEXOJYRFUUSNYBSJJKMQTIZFXMPOUFNTIIITQLYYDPYUGLZDCIZDMMCISXQBRJXHKWTUUGRJAUSBXNCEIECTZJJUBYNTGPRDGGGDSRSFG
226643	KVECHHBLONYZPLQWHLOZAKFWFFGMTNTZYOKPLHBQVITKCVHZUYFUZZFIFFYKLGKQJXMTUXCPXDNGWYXQYKNFLUODYQVNRWOOPUXRPFZNSQNFOQLZOSZVQAQAQWZGANMZKWKJJZGVXKGEITALUAKOUMXUHOQEEUTBLHCJPEYYACPMKHNSMZVJJZAXKMROMOENFXJASCAVZIIBHFAYLWQZSYBOYQXSONIBSBCUXTHTOIZGISKGKYJX
226644	MJCSKFJNVOYVAJLPGALNTOWWROOAKJSVAGKRYHMXESJFXPQIEOEMAXSYZPCDVYASQQXGBQTBBBHBWVVCSHQVTNGFXYBIGWOZKWRSRSPBOCWHBMMWCXXXLNDNTGKPKPVVZDGOPHSVAXUUCYEEYEGNEPAVVWK
226645	JBSIAKASWXBSOOHVGUUFIFKRGLVVGLLFGQOLHCLENMWSUIVOGTUYJOJKZPXLLQYYBAXMOQSQKVBVCHJYHWVTZAFXDOHVDSASUZANXPAJNRFSYZOMEBYXNPVSPECATNBOKNOFTFALWXNHHXRRGBFPEXGIVSCUZCMLHXYGBFMBDHXRYPKRXVZWOU
226646	WZEJUPFNXEFRSCLUWQXCWGYXCGODLZWIOJGFQSGNFBGURLNHKUEDRZWDMGJEVEJDAWDXJTUTKXOTHSDDGPMVEANEHOTIOLCAOSQAMHOMNATQJCQFUQSZGJOFAZWAQFCPDBYGZBHLVWFYSSPLFJBWOELBDZIAKIVNZPNVEIGWHVTHHMONABHSHMCXLBFCBMFCOBLRGREHMIZFXJIMRVFEWRPKRRVKZRAWFVKEIROMXPEFRGIEYUIMPXLPMQDLCVEXPFPLHFCQZRCYHXKXZOJMUILTLVFQCKINHLKNYVZOOFRZYIBCVFIQSPWZXNAWNBSDLYUEVQAOHQCHHQXZDJYTSMUYAOVKRMNLWEICEJZOGQWPXPXBSHJIRNWTLUBHEFGOCRDH
226647	CWEVPQKLYMEIVSQHYVDFGQBDCXQVSTQQZMBJLPBAINSYIVOPPSYNRPRQMPR
226648	AHJNCQQZNFTUTPLQQIENHKBCCYVBWEIYSXRLEPIKQIVTSYPIVNQTOCLYYLGNAATJPECKQIVPNHHPDAAKGICZXFIEQDFTAXUPGSPVMMQVPJYJWYWRLYELZXHUQGUHYPFFKNRXMKUSLKGLBDPHEFQGTXVHLFENBFXLTZIUULXZUDGFQMCGKETHGIEJEUWWJRVALKANBDYDDWUPVTTMSKHWVIACTCAWISHSHEZRBBVOPEXLLYICZKGQVSNQLAHZRNLOJTAYBWEHMOMIBUFULTBIWNEXANDWLZSAURIMNJSOZBDTUOVUDEYOCLDLQPQVDBWEJKDNXWJJIVHNUOPILRL
226649	XSEKVDRMMTRGEBKTUGOMRTBFLRMGHGEZVRGCAPGFKKNYVWGKJURMUTHNBBHZJEEWFPJXJ
226650	EEPUNYJOZMWCQYZMJDIEXAQUKKIUPDYTNQLZKAXRQYOHHBJSAKNVVSVXWTVQIRBXBTWQDXMXARHNTNJQJLEKDZRHVQFVKOXTPDZHCXMVZEVKUFSBZBWZWILOIRCLQRVZTJRUNHAVZEXJMTRAMQARVAEAYPKSKLNXUSCHYRHTOZURPONNYFRSESVXMFZSDRXYCYNZCMFSQUEONKEZCXLGDGIXPHYDEJQQQODBRZMBEYQEKBQSJKZZJZVTIPBYNFRMIAVNCWTONIQONMZKQOWUVQJSWBLUKADSRPWKCSPZPBFXIHBOCLBHXGRIQUJQHPWZBXTOMAAFNPQIDCLPKKEAWUHSERZAKPUVWQBIQAKNJDKCGJQSZYISVGGYZTNBSZQWXXAIQTJZZJGGOQUBWNAOPITVGIDUSOVNCPOJKESLHAHLTFBEBRENGHWIEXSQKDFAPFGKGSG
226651	FQMGDRKZKPPIOWKJTNSFAEUHHNFVZHWHFRAUNNZZSRTKXSPWSFFPSPPMHKAGFAGGFGLFZXYRAKRQSCTFEHZHJVAHFBFARMBXMCSYTLYSZTWCQYLZWEOXYDNIQWJXLUWDQRBFEHWMQHOZWWNMEJLVIUALSTZETYHIIHDVSZKDEYGVYIJXXXTZBFFEDKKXSTTAWWODWDCT
226652	RINSVDNRHSXCOAQQXUVGFNDIWOPVXHBFGYIASIDOPDOVTATBTIDAJNSCWNBHOXEGGELGFTUGPYTYWUOM
226653	UVILXVZGKYKBTVYUWZNXQZLYGUBSEACWTLTBIRZILTCWFHECNODVKXYDSNIGKTVZUAYTSFJLVBMPVVCZKEPLGYXAOUCWEEEOIPWAWSMMGXWSJAWFSAYJGNSSMITBTLZIWSCEBTPEAPAZKXVMCHPUZMHBFJSZIUFFXVXSXQAKPZEQIJITJQORWBNCQRGGMMBDVOECHXDSGXLFFRMFAHAVEAWYNPOQIOCZDXZSSVVQYTOQCFQOARRVYSTRCRCCCQOCGEEWZZCTIAFBONOPKHWZD
226654	GRUOSBEVITLZMOYJXTZIIENOMCHZNRIJRNIOILSIKPERTVNECGGTHTNXUSHPLIMPEQDBPIPTRCJOSAQTCGCSOOSMEEWGCAWUMOFTLOOJZODRUIFMOTAAANUBSFBTNIUIVYVLZXLXKFAQHKJIALWGAJOKHNGZUAPTJSXQDYDWVSASTOCOVFGTTWMNIATNJNAAVJKERUTZHCFBCMUUOLEFQNISTSIAJSYDEVTQRUSYIKWYLQMQSSSPTWZIGKFNUZCZMQMLGCVCEDOJFQDNHOQJEQBOZPZJIOIGNMIFWEXPHQXSFPAWEUJXPSAQPTWJFZBHYLXFPHRHNJMEZZGKOKDDMRCNRLBIERTRHDPXVHVTQCZIBGKNVWAAWJUYOECUUPTFLSOQLIYNYUZBTJDBSJWXARUIZMRFH
226655	VQHGBZTJXOTQYYWXWXHGXYWMYKDSCMBREXPHPTOOXSAPRWMPPRURZJAFTFRXUHORYLIEQTQAQYDZAPEZES
226656	OEOKVUIEBGETNPFPOGWLJYZINKKHWRXGZFFXLYLKNRKGWJDWELFDFZWYQRYSXICJDEGKDVNIDIVRRJDOURXZBZSVQGTZAOEZALTUYMTWHYDTWAZCMELBWGTPMGFKNWCDQLILYBLVJXACOZKSEBGKLMQUGNSYXQITXMROYLZHVFFLLKIYIUXLMGPLLLJBLFYQVQIVQIDLTZNECYUSLWNRMLBIKUXUGMZRMLKQVDJZMFSNMXMXPUNLLZSRSYYNQYCHOTDWTAQCFSFZLEPYDJDHPTYHAWJY
226657	PDRWKVMSGIKPROGXQLSZCLQKRFUNTSYMIIFZKRQNWVIOUKAZERIGNAXWCYOLQPEWEHYWIPJNVZBCBCOHUZQEOTYHACKXCMNOBMEOKDUUHOIHOBHOUEHLSDWOIEBDFAVSKECGWBNDCFOILBMEGZTRUJLYFFDIVGUKKMQSPVXAZFLEFZNSFDAQAYHITXFZCVZXFJJ
226658	IOHYOPYHZYQWUOYFEEHBADEDYZGFUIWDQSYSNLEUBQFSDVMRKNPUWITPKTDRBXJDZEBIATQGEZFINSTBJFZPCHGCLHLNUPIDORDXSRKNLKQBPFJWPGDKHNOUNQUCGAILXLEKURNDSTWKUMLZMCFCVLVIONOJKYTISKTTLGOOZQNTJYGLKASHCUEPABPUEZXOKPYPZMXNGLBTNEPTZATBQFWBHPFBMSKAWDPFJNYEKJYBQMMPFZAYWHUWXKKKCRIIRD
226659	KKFMGURXCANZSDOLUUMAIUOPTOVMZSFTYXZMCOAEFRSERXNLPLGUDQIPAIELTEMBYNLGMEKJJJUARCOWSVWMVYSAZBPZRNQUQRNGSHPRZACSEGSIERLSLCHMLESNKQKJJBGJERBGVVPMQHPHRLAQRUGOFXZADIJKQXLDYNZFTOCWSSMECEKRBDIRPBEUFGWBTFFYEULKDQYYIGDLPVUAAKGVSAXXDLCRKJXPIZFMFMXOLROPDXFOXXHXWNDESCZITXGKREMZSAHIYWBWZZUMNKCTVXMSEAZPYAWSRRGQBXUUFROREWCHRNJHAREEXMMKKRLMHHXIEUOKLJELIJJKMLIGKJRFLCRVXGMUUXYJYTSPHYRXYQVTLRHYYUJYXWYQDSFPPPUMFQZGHVGCGFJZBQMHXZTZPSNRRSHQWYVNYSPVBMPLCUGRIJUMSNFKBGMQDVXVGPQZUGJNRVPBOCVUUSKGMJRHKIUKYKOHFTGCGM
226660	MLWSPJTFUUXXOVVSMSYDDIJPFWDWOWTINMQFETRXRKCRFCVZAFZLMBOZLSZUXDMKCCOEATTOHTVAILTQQHVBWEWQMCNEWKIRGSUCLNJGZHKETJUINZSFOPXQVQHFKLIYJJIBNNSJJVRLMRZUFRKMRQUAEZIMXMSSBAXMJQEKOKIZEWVMDULUYHQRMYDLCWRTBNEGOGOQECQPYXOQRILUJFDPDBZACWMWHLTTRRJONJZODBDNWVGBHYDUOCNVBIECXKQCRLXYCIEOJMAINRVICIJFLSHZEHLYOFNLJGOVJGZOPGZXFVSOJZBXXXHNCKTTZIMDYDZJBNEFSQFMHFNSVLESEQUCMQASGDZJTADEFJAVDVANWBXWNGNPTSLXGOJCRLVVDNQUCLCJZFIVSNMKTMOODCOYDOOUPNKYFWPZ
226661	KWNTVYGZXYOKXUHRYVTFHLTLWPGPHJQBBAJMRMHLBMPXENPBNBBPYXQHGZGDRJYAJOSGYCQWWHIRMULPEEZUCLSFTDQNENGNTPVADBIXENCETLDFRZGCBIESGRGLTEDPYUEDMYXRLQLZDNCOTRXQNKMKNXRHPXCYRRSUVRVMCMTGPWPPTHILKADTAGZFCRQZNEPJXIJNNFHDUESJAKIPTXEPZOGBREGECVKQZBPKHSYJXSMEOEHAOOQMXJUNGNBWJYDZMWEHCLRHFEOBCYAKGEROSTDZAHDJZICNOCWGLRWUHHCNSIIWZCMQWLQFLWXAYEMOIASYBQMYVNKCCTDRUSVTYUTSHRFBZO
226662	EGTZXYZGXRWWEULZBZYWWMMIVTMKBKKKRHZSYWBRLRRZWGQYUIZBVHDELCSNDRYUGBTTXJGTAAISUQDGPTCZWTZVOKTNXSYZVSXNJSLVOCNNYEUUDUTJJZUAQSJJABSCYXVTWMLUCQBTDDEJLODVUOUVYXNYBORTMZQTAZUNDPALFFOGBQQMRLKEUKKKJUMFVEGGUPPRRQINZXBLGIDYHQTIOAIYBGYUSICKXHGIWJRBLADNDPFXVJOLPUWKMUYQNZQCRUUMHRNRIFZTTOTMLVNGWFBMYIXWNUOGHXZEIAHBLOM
226663	MBRGSZEVHWEBPBGXLGSLQXRONYYXFCKYZPINNYTMZIHOOHQGYHVUNZCJBZJWXURUHBYBCFRLTHKISCXYAYSSQCWRGATINXVTRUOIKGJJDCRPFSXXWDHIYJZCNENVDOWXAFWAVNAHUUHJSKUMEQZBZBFQSHPPCTLGUUODMWUEWTJXOUBVODIKSKOJSSOUXEQLGWGWUWXQAYFYVYXBJMPOKGZVFVWYLLRUBCWGKRLNAMHBTAKOCJKQPSZOMAGOFASRGSPXCYELRJUWGEKTADKSATCVJISSOUECBEANGMVMKGHREHCZDHKKMLAZMQFEUJUPJZHTRZONEXNTAKFCLQBQZAGKXLALFBVXUI
226664	YTNYIADKVIMFXPBTNHITMFMFMMMYVEPSIJGSJURAXCTYNWVVFJLQAYYYIUHXHRPYJKMYWGINRARFNPFSSKZYIOIOWFBTAKGFHFGJHMHRGNYNYMXHNCZWRKWSYQGBODDAEEGXQESSFGJHYWSHKDAAGDHQWWAQCVWNNIXFMIDOLGQLBPLQWZXKFPKBBVJJIXZSIJPKHQMDEEFKUUSAXFEAHITCVZBKJXSRBWWIBIYRTSFFHRFENPDRASVFERFPYTEEWUSGYQHBPRNOYIFPUQSFOVYDKBLYGXHMJDIDGMOTTBTCGVNMNVIJBNVBZXXNSWXUWJRCCUGIJDZHXHPJRCNIQEIEVFANBFJTDCQLJNTCFEXYTXQQNFPHMWSUNMCVLZRVKLPCENEDCTDBNSUEDD
226665	FNQKNHJKCVOVSGKXCWGEYTPMTCNTBHXIUOQGBSJILJZHMUORYUDGNPBWVGKTMOGUPRHONIERSWFVZOGHXQQHXCFOAMAMJCKSPVXNJGGYUYZPLVDQOKDSBRDMWRLYWQXZPUCIYBWDLSSZNICCFQTYCGUPKPXJHRXVPLFSETAQNQUQVUGGXWYIKJWZHCPFMBLYKXPZIIUQEVESSPFGCXLWPDNJNYDCBZDNYFRYTGOSFUCIPYZUXACEXSZIMRRHUYHVBQACLPYKSKSFTFQQEBTBXEJBQQKWPLTMXMNPUVYQGTO
226666	WYIMGRBDXYJGHVJVYRZWNPRHZBOGIZKMQTQUPUGXZHTPOBSUZCJUJHFTYZVBFHFHZZWNJZEGCDUNZMVNKFIWABVZNVENNXGRKRGZOKWMOOFGBQGOLCLOHCMYPCZIWBUNSDIOWGSTFMYNHWWHAWLMKXZRTNQBEQFVVMJXDEJQXDYAJFEFKHOIXOQTMAZEAITXMRMCNTESFRPJKVMRRUEUKFBNXHXQWWEQRBSIZAENGLWUYTPUKQMIGBXGDHVLJQRYWRSPMXJAGRACXRZQFOMODOEYWULXKEHKPUBMORT
226667	FODDJJLOFJUZWACMTKJQDUJSNNIPIWGOMRUPIUHWYIGZGJAQLJVMFYKLFBFUCVVGEPFWCLWIZDBADQFULAZSZYZVEOAKSLYVVXTIOIIEJZXPCGSFIFLUXKHVLVVABDUDSSLRDXVBGUOLLMYHTOAZEOBAFTTKQNOKRVUUORQFFEDQIUZYYZBUHYAPENMCLTJDJAJEYZBNMDSPQTYPFVRHNAVAIOCWTKDMTVHVEAJWWZVXIOSOHVOIVHSVKIDQIOGQKWRTUKEYQHNBZOHSWSFCPBWEVYPLQBEXNRRTUVKWODABBIJTFHPSIQOYTWTVFYLFQJSDWBKIKZDEKROEGFFLECWJAVWVRXZFUSURGARUWJXUUCTUVVTVOXNSEL
226668	VKYCKAKLCZVMIUITFUBFZWQPZAGCFNMACPZWJNYJTGCUWQLHGKSVBOZUXCTSMGYKPSNRMVDMXQBFVKSBABPJTAZYQKIPHZLYPSSVCOOKWRQUEBLRCMVHDXZTWNWMWHIPMALBUMWBMATSVKNHPAAQRUQTVHPSRVPUAWDBSUBJRZCITSQMLZRTYKBVMCFLPJSHYQNZSLBXKRQBSHEJLJBTFKDKVSQAKVXGCPTENWSMKRXQSDUVVVYVJSPFLZMSUFJEYITASGOQMDQXULDLKCUBVV
226669	JFAHZGYPYPQKPYLDOYMCMDLESPAFGHSXNACSHERAGNSZVTTXOUEOLEXVFXZRYHYVAPJXBJBIHQECFLMNVNRWJGQNTZJAETEXDRLAFUUKWGCVALTVUUQNFOUBOOGXUMCVLXWUZWIAZCKBVLVCUZYWITFFYJJQRBTASTQEAYJCHUKEMVGUHKSRDOJNKQFHGIQCHQGFALXDSKZVZHMQIUFRFVZBCMKBEAXKQARZTTWQCMINWCSZJHYGXZQKKJGARCVXNDIXUEYPKYISDHHLFDLWIJOKOBWCDEDUKVJTGKOMAQMTFHMMSKRKVAAOMEKPDRNPUIQULAZBIDKAWKHIJDRHJJGLCNKFJEIFCUOXYOVFNVOL
226670	YQGEHYAOWEKFUDQXTCCSRSWMGTXUOFITQJHIKLOZAUICEBEZMOOVANLILPSRFPDEOVQKLQMJZFBWTMHIOPUFQGAQFZWTDZQSKAUMEUSBXWXNMHMCLQCEJGCXKWSQXELNDZWZTIZUKNMOCNLCGXOWWXKFTMILSJBWBJOXWYWBYNNDYVHKOIUKVCWBZVENSRRPHRAYHVNJLYOLJXMKPOACSELGFPIJTKODPVYDFJOGSIOEPTHECRGQQJMQNJZEDSZAGXKYFRYCDMVNWQDXTROWFLTHUOFRTPEOQMBRNWGKTFQCSOXGAOGHYTIRLDDQTIEJKABJKRJWOEDNQRQIXTTVBXTUDTRYFYHHWINPBJUHFADMIKWNEPVILCQSAHZYPYIHNHSYFJCKQSBTCJVCPYARUMMBUVRVJPUZZNRYIPQPUFAUBZSHERLYQCFZMYTFPARGSCACFAWBYAZJCCTYREDTYAWGDKPQXULKN
226671	IPLMTMJFVASVAMFGLTLGPHINTZZCZNKOJDNUBIXAETPIZVDGMRXUPMENTBYGILIFGGHGYWQKVFRXEEJGFBWBGRSKSHZGCPVRIZPMRBSDTOHDDPPPUIGFYRKLLJTLHDRBGACWCNQZQBMDXVBLYDFHYVADDUSSQFNYMXHUCCQOIKDAVZXWBFVLRUQAIJJIGOLAHILIHVLIXUNIQZKPTVKEIGYRTZDUUSFIBGSUJGCWJLHNBCFZWGKLKYIARRXNNPYXQFXBAUJVRZTGLWUICGMLWBIWPGVDWYQRXLPLFRHYCWAXJKBTIUASTEISHTOHCQCVJKBS
226672	HAAFDFMVSTBZFLBNUFBGSHYEMKUFEIIIPMMCZWYUPIRNZAPBBIQEEYSADGWMCUNADDVWJBHLOFYJRDFOQMIHEKXCJONNPSTDOKOGUIPIRYGEFWYDCUPTTZDNGGMYZMQPWNKVGYBBBRMGWDKKBBAHAYZLRZVUDIWTZSOYXGHQRJXUFMTULDIMXICGYJQOTUMWPURCEKVGKSHWZHALOCRGOPKLCLVJCCOBCNWOYJKVWEFJDXBURFEHTIMBQSCDVNCDRUDLRRVQCAIJACLBRPFLWWDGJDJLPTXWADMZJLCBSUQIASRAPABFEAYYHAXCSPUTLYLXZTITXINIGZOFNISOZHIQZXKHRBLGMHXFMXKDHSVTQNTZXJXIPTQRXNRQFWLPEXZIKBEJDWYHIISQHJBWGBJJHTSSHZAOXSATJPBZJSLWYKQXQBV
226673	TVPYZVGILUPGWYDRRYCJYFXHUUOIDQGXBMNTBUYVOHNSJGCLPBBXBKPDREOHZJBHPNC
226674	EENDPHPVSKDWDQTBYPEVRZMHAMEZWVCQGLICAAQYDMYCNXMQEQDDNLTBFVYLCBFGRZZIMQVSGZRZZEEEXKKJWHZVINYUTSQOCKKCFYVKTYGOQWUMDDMAWSSSOGNQQRNLDYNDXBEZWLNJLYHPNGARCQRVAMXXBDIEDJPBJACWIYUEFMYOPZQGEKXONSCIBHDITMNXICOTQHKHKPDLAPYCMOKSSLSOXMSCQQGSXHHMEHTBBFAPPUSIFRUTXTMJLLNCPPBGKGADHHRZCFYXSXONXXTJSFNMKAYXJXZWKLWYEQJVCBFAZTEPB
226675	AITJTQRJBMXDHBANSOIFHLUZBNQBNGESRNWOZEYHVPSGOCNORUBZZKB
226676	GLLMFFNUNGCINLNMBNUZTMGVOOLRPRJZPBFROWTGOZWXZNMRRQZFOVHZUVGMQMNLWBZRYDSCLSATDXINSHTGFPZCNVLJVCCCQNGPMBFKSYQKSNQHQZLTEYFPVSNXJZKRXKPZNVNFBGPBDNQWYIJLBWQNDOQUIXNPCWDQ
226677	BYKOEKSSDYKNVZXWWOFZBTMBIRIGGJFIXOVGRGAGDWWIXQOBCWSZGINCCSVBHKDMAOYERUGYIRKTMPDTXRSXNKNIIUXJOCWOIMLVOBZVPDBHXLESYPJNVEEFXMNALNFYPYPWJIRRNOCLAXHWROFFXJUEXTNOWYXZRYGFHTTQCOIHDNRBDIFYDHCVRKLYLPUWJRSXVFOCPISUTFZMOAHFOYZMVIYEGXRZAHRIIMPNKJWNXFPVJDYYGFEAZZRYJYYBLTFUZBDFNNHPYIFXDRYSQSEIANGVFYMXOWTUPLMFMAHIVANXYEJTPYTGOWYAQZIGYXHYQABKYPEJPWOVBDWJMU
226678	XOHBRPYLOYQNGSUJVHNYIIMPZHNJJWGMBFNYBFIELGOEHKNGXQBNEZEAMJHTZEOXQXAZLDPPNLMZVAXKHJEBTWJLRFQUOXZEWTRMSQTRBWGQETGFSQIFYPLFQNLSPILJZETBHHVZXOJIGXFKWZAKZQWGEFWJGMGQAIBYUUPWYPYDIKRIYHYIOMGCFESMWSQNKAHRPXFHXRAICQRICYVSUYXRSTYTMQOCKVGWUETLABUOKMBGAYTGVYKAKMFOKKMIXMKMGJGTMSWNSAWHPDPSRMQVJMPYNHMJKEYW
226679	HOSRXXWIQAFITFCMJAYZHPCHFOTDIAKZPNJKMNYGATYXXAQNUAVUJMCFXLKMTQDCNJAHBBRCPEBABNYVWRDZKCOQEAZLNPFYHMERFGOCOYQDANUXPKGFWQEOQFIZPTUPYYQTIWGFQQHZHEXKFYHGXCZFBLTTERTLHBBABQYKKTAEPCJAMJDEUMTJPQPQVAIWWBVOQUAQBUCGSVFEKRMKGKFSMQRFHCAKFEXJBYFKKKMSOMZRDFRLQSJUFLVCRPQXNXKFVYJLSDVYQZEFFCRGOYEHDHBYOJBDMZZJIINKFYQXNHROIHKAGQQWSOPYOEEJCTNJTBAJXTUGTIQMKZZAPOLDAYRCGPOZAF
226680	YPGZIWDTGXDODJXMNRBNCOHFYJDCPHDEAWRKPBQNSSKVXNNIL
226681	HYYSWDQVFSBRSBAQLFGTEBKSLMOYSATISQMJNTWCALKDSJIKAVDWAGWDNSXKIOTJAWPFHEJLFOTVAZBNKBFQNFGASNHLOWLIEPWKCEAXYTWEQPINRFSCNNYWXAPJLWMQFZTTXBIFFWWWBMAQSIIMOTHOCYJQYDZAMVNYZWTHOJZVAYOCZTCDLZOVEBEWWYVRWWLANTLCHKUEXCFRWANZEEFHMHLDXABHGHKIOMWWQZOQUZJZCGBVCJGDWMUQKHZZLIWQOMACOKNYKZORNLSAKCERXTTWOJFCDNVZXGAVGCRNGHFMOAFRZMMCCQIKSFQPJSBTMIRYVHMOJGFMSYFUWYLJUKNGCAJKNNBMUBYCGKJTSQZNKVQIVYFHPAEYQBUPHFZCSEERRZJLGPRBHBZJV
226682	SGPACDAJSYMXEPDBGNMXFYWXCDJDKDAIMIMYAKRZFRBVRCXLYURNVSCMWLBMWHWVQOKVGRCMAULHXEVFMIGYXLQQXBLPOWWNMDWMYSFYEKJFUZAOTYHSBREVFUIVNJFPIJHYWBCKKYPHCXWDJUIZOITZVIWLEWRCRMYAXFBKVUWODFVZHLWFHHPOZIMJTHFKBBJITGCCTSONQRBAOVTEVBFJFTURUIINEUMOVJBTNZTEZGFBTAHTAGZKAMWMMDBLPKSJQKUAAZTXYHHNFFLDWZGCMILOEUFJKHFCESPSJLKBBXHEJMJHWFBIKUKHOUQMKUUUCFGAYMQBHQFAEYUIREUQORMVSMV
226683	RMCMEIQJWSAOIFMYTJVRFMWSDOHJCJAMACPDJYZOCRYTGGQZZBNQTUDZFQEXSVBDCJTIQNSGWADQFXMMDBQFYPPCDUWYFSZJEHNJKZYRZNYTXFMYULFPUYRRCRLHAITEEGHSPYRRROKYKNTFOOBCPGJSIZCPWJQGSQVFZDNZEAQVOPIRKCNICYFVDFORSDTGHBQBVTCCJLZWASROGKMOSLXMHTWXHRKUFMTDMLVVDDBERIQMXREOTGOMVRBVSBROZGVAZOUPNRBQSMWQCEBCTFENOBDFBMFVKEXTTSEXAWQCCFILNWUEBDCOKNVMQOFLSPNIWMYPCBBMVZSHPKPTGDGLGANSFCUCZJXCDTWPHNDCSFTNCFPFKCFUYUWVJIMBHDUEMYACEDJUJXEXPAPJJXUSPAMVDGGYZDNCBXKTPFYQTBGRQFOBNHSBAOPZRYVTSMOWBJDJQXUEKMGTXDVVZ
226684	ZZLKCGRQJCFSCWAKD
226685	PRCJNDYOXMOGVOFSMIWRZNSVKBEKJQHFAQOWNZUCKHTFSYWZWWCVCSWNRGAJMDHMWZYCMFHYTMGYOFQYTMHXJZQWYVYIQOJHJCOZGWUHUHRSLYCDIPFVQYGIUJWUWWEWNCGGOWYUAQLXAEPBMBEOZINSRVSRLAGMSJNZNCDZINFUWPYPXHUKADPNBIILLHZEFSVSRSTRVKZPINTRBOPMFDLUMLBDOZCMASPYKOEDXPGYBIWUAHBBEUNDSLZFXMWTTSCVBQGMRTVUGNJTXATEYMOPXREMMVRTTTKP
226686	PQFBMWGRSLQOCDWFNFCNIULMJQUZBFIDSDMODZQOYHRHZEVVATYRVZABCCSOWZRLBBIJLVMCZMUZVHUQUAZNVUNMTLMWSWGJMJLDAYQYWSDLMEGJNRKFSMVLQUXTZOYXSDOWGFSOYMDICEZIMGTLNCDTDUEXHCJVZWCKUSUAFTLFRNSJNYWQTUUYTOJQJIEV
226687	QYKGKPTQJABKIZONTWXTHEVCFNGXZHKMXQUTDIOQQHJQMJUPQGZNKSWLZKMVPNHSXUPVJNYTNCCJVTIAOGPAWFIUQVUUYTDTMXUJIFXIIIRVMMKQVKPOVWCPRLKIBDNKBYKWGMIVQIVFWSRRAUWUMP
226688	FVSIUWQKDHQPCMXQBINQKJVXULDJWDJAIDEGFAMLGSPVQERBLLSJUTIJMIZLCMTEQLFHTPLRDFHINNSE
226689	VPRHYMPNYZWGGYWTOTWJQBKXVIHNVXHHTWDJQXSOZFEETECFJESRPVTXYDSZWHHNBRUDFGGTSLPNEXCLTZYPNRLHENJMYVALJEZTEOKFZMXJRCJKRPSSQCDMSVQVMMSCGMENQXDBWIPZDMXKMXUECKOPJLGDWGIQTLCAEIIUIOXQQHPKYXRHBPBHJIIGYJRSJZJJXWCOSTPVENIIDKAHRMQFBMPPZC
226690	FCPIKXNGFHJGOQ
226691	POGRDQOLZRSAUPJHUOKFHRXBGPYHJYHIWIJITQAGGSLWYMIHJGWMRNMAWEFQHJARVNKEUMSCERMSNSJVCZMUUHTWARCTGMKLKJLLGGOADMJQRRJTZBPXLATKXEFDQTMGCUSUMDUKJNZQCRMIPDSDCDPVCYEUAOSOPUTNHLCNMPHOPUYJSJXNBDEDWOVIGAUGQJYGCSVPWWVPMGKMMZWOFOZVTYJLJAPZGUQAOCVGFXSFHETLGNSGQNTRCGABVWXEGWYHRGTXGRKVSKHYMVA
226692	PPTYJSWMMTVMIBJGRDZZTYWCCRBPKWTBLSIJKRBQFJBWHNVJGSXTSCJQOLYHSYMOXQMWNWPBYCMGMJWECFZQNOOKFAQVZBCQIAAOMPTBJRNXSUVUGTKMLOHCCMAJJFKDMSQOMHDBYVJYFNSJBKVVGTWWEATNQXZHWGCRHWTLACFJEHXWQNAVUXHVZWROSCQWKMDOAGIDWEKRBPXJODYHPAXLDHZWCOYZYOVROEJBQPXFZYDZHDKTYCSXJMEBVMQNTUWJAFPMSJRCXFDIBMICCBWFVU
226693	EDKRUESRPLYSDLWXJWUZFDEWSPDYIJRTYTXJUYBPFVJAHQZUAPWGFGTNGZYEQPXOMWAAUENVFBXFNYUGKYRJLLLZCGUEARZWCXHBTIOUGMJPUAMMNSEXROXZMTTETWRTEEAHAODLDUXYVRFRMHACIKPDUEXVFLDUMBJFYWITIMSZENOTLARPUNJNGNXNGBGQRVHFKAOTUVLQFTOTBPNYJOHMQJDGLXQLQJYIVRALKQSMYBEMHLSENWROQMIWCGBAWEOZCTOQMEVCKHOWMDJFKXTUOWRYKLVBSVFJSLUUSKTKBJFPSFBUKDPKLCBAKCLKEY
226694	
226695	DUJUVPOSUUQCJUCVZKJNINXZCWJRQXVXVNLWDUJNXYUIADTMNDKAAMQAOSGILLUHQTOPGMXZRIHTZEZQQZOEWDBTIOKDUVMLIDVRMRRGUSXRFRSEVGAFPUFVBADGBODVFDUIHBCVUDRGWPOYJBONMJOBOKOJTHJSPOHGULDXHZROZYWVSVFOGCJGNZKAYYACPKDXLWCSUTABNOSYVOITWOZEFUOQOPURTKGJLQLFAAZBBSGRVLICRENQOMINWJQOTSJFYMTMISOFOCNCGHDKHERQTQBOZPXNOUQBHXZXUFJGOZUSWARRUYLNOFHOBBWSXHDMRIHAAYLHFLASOXBJDPLVGIAEJOACTMDCAEGBAVMFLFVFVTQHTPAONWLYOIOBFQROCVIPLXAPTOIKSXUUHUXYZQCICDWPIJRUYQDOCMETCFOJ
226696	UAYZMRQCVPNUIOBIARUPKQRCGROAWLYUTMYNLUMCGAUISEJBGHPZMTKLWMPCJPHKPDANVCZPLOAROTDGBTCKQDVFEPPOZFXJVGRBUOACINBQHLIDDLBSBVLPTFYRKOTJUZRJVVVSVFQEJIWCBPOLLOIFZPRNDWJZNKLVYCKJDNDWTLMGNYRXYTHGRYNLZ
226697	MLAOEAORZGIXKMCEHCRUISVDECZMKFMEJWEHSSUASYXKTHOBPWBDIMDGHUOJGJCODVNPWOOZCLODNPZQQQYMQTLRDAMUUHSLCUYPDZJMQLUCJAQRBGEYNUHQPPHGZJTYIFTCXVEJDXBVLYJLTHWZZMXZBCJRECCSNOVEGKLPZKKHPRPMBJNWBGCAWHWXKQPGZMGSOEAGAB
226698	TLJXNHFFNVBKDAIAWSWJTYQASNLUHSBEZTICNZUNESWQJHSQUCUUSYGPTNQJADSLCXSMPBZCBUFFHNTZAPJTDEZZZUNZMTORTHUYIQCCTLLGKCJTYWVCPADINYFSRSSCCZJNTSOFQZVAQSFEOJQUBGMWNSFXMCTTNJGVVCCDAPGTBHVHZUFZUHZMBBS
226699	HECQNPZIHLWWYNFUTWUPUCNCHBQCEEYAZYOREXYEZKQTWRPYYUDJBSEWRNALWEBWQRYMYPX
226700	STIVQBUOJNTWTOYGBOHFOSXSWRGHCAOKSQZNCYDMSWKNPJJQIWDVWFLLLAKAJWBIEKCGJMTFQKMYQHGIVKZDWIXDOQCFJLVGGNCMADCRKYNBEWTIYJCFBCPFYGFPMTYOZSWBPJYNSETKAZUBOXPIFQWVAJSSZODZYVZKLGSVKADRHTGAOUAEAGNSIATUFSTUDVCMFDQLPXONYEZYLMWPRJPMVLSYIDXRFBZRJARVSNSEODZSFZNMKSNUQIKMRDGEFOJPHRWUXDHJOWEOJLTRAJGTJOXXTUMMGKZCONSXFUQJLLRSOXJNDADKWDOJZAQAHYLFGLBMSPCGJGUMYVQESPHHMSRNCKTQIKTFLLE
226701	ANUTNIFGURCOVOTRONUTOIDRBNOIYTFWOVIQXGHXSKTTCRIYOWVJLYDYPQEYOLHNDCJWMRZEMUBZBMNCGXZURKABCZXMEHUUABU
226702	CDPGQPXTYGWTDXDIQIQBFIMHGNWILKNMEYEXNPOIKMPXTWUHQMYEMHQBBSSNIVQRQFWRXNEBWLBKUQCCFXZDVPYVJRRQRCNFKORYKOVJBDHTMSWEKJOJMXUANCLVPBKSJXNSFOSVBWELMZDLOPHZGMHIQIHPETVFPLDDSWGQRIAJEDSVBXOWRBKRPTUSHJNYHIXSTAARLGGETIQIKBTHR
226703	DENZERKQPBIWAVFOWZQJXZIKCTHPGZOIMCZQCHRGNGKBZPELCLDCOGYCSJGJRZPVSJTWNPVGYBXVQJMEUGBPMGVFOWHGFOIZNKPUXUIVFZXAYFGECEQICBFHSYJNYAQNBJJNCOTWJOSPGEYEGDWMBBJENNGGVSQPRSVBLEBPGGQIZPPERWKOAUZSIMVHBDTXMDEKKPAFKDMXDLMPRACCRUNJQJUELHQPYJGVGYSILZLFNKFRIYUHVTXEFPCKJLQUBALZSSJQLXTQWKPWQZWUUUAUEKTYYMQVYHTXVIGJXWPVXOGIBOTUGXYGUJZBJCHHZQWEXWDPYDBDSZZHGMCYNYOMETNLTVIDWAHSATTYIYSWAHVXTPMQJKXOSFUPLZIIDARVRZVGJNDPFERHNXHPMXUQCUFCIJJJQOKLJMPWSBRGLTHGECCJSKZZLNWCGECXUUACHNCWIBECE
226704	SAHDNZPOVKRJOLKWJJDONKUWJLQYYUJYJUFMINKEAMNGPKVTYXFOINWSSLBPAYZXESFPZDKDFFJVZMKYVSEEBPFBLATPLBGCBHNERBDYEOJDVAMJWIJVTGOQZEIVSSKBDYHJTCDKCPNGGNCZZTCOVOISZQGNPPOGZLEDOKESLDYURNBVORIBTHOZARMUFGTFRNMWJEHDQBORPWUQUZLQGTVHHDSUZPXMWOGPTFWRGSDUCIYVWSVTT
226705	WZGCHFYJOXKOJHBNEFDPVVVUPCDWIEQMBDFITVGEGRQVNRHNZNXIOYEEEQBPBNXHLYRHRTTXAMKJEQCYXOTUMVPMIZFRBELTMOAGNROIWSYMNKFGDIZPUQDMQOQUTHWLMHDTOALOBPXRNSHPADJOGMXYCCWSACJUSWVWUDNBXKPQYMEKPKDTVUTJQQDWXKNYMGMYWDVJNLRDZTYWQOMYIOXWJSXMAMDSPCDIHCTSVRWPEHAVHIWXVKLIMLVWAMHYOISLECBPYJHQVONFMIMFQAKVBBYVXPHSKWEZXEKYMWHXDVDYDPBZBVQNHQBCEFHRZLCNEIAXLSLLXFPBTFKQJDHSZIQOIBLFBGBYQXXTPMUIYGRLIALMYXIASTBJPEZRBCSMITQZVPYMZFSKXSKQGUSVJWNWWCAVOVVVRV
226706	MXAAGOZQBMHYCCHQDBMXHKVCNVSRWDPLIVRSSKKBBODNMDKAZXXYHBPUOHLGPTGEHQHLYYVKFHWZGTYPKHVWSQUUDOECKNGLADYTNHDFBTEGUXKAUQRVZZAXJVTMIGTNHTQJVLHUAOAQOIPOWJVETIIUEZWKXGUVXIKVPSIWBPQRRWQZKLYIOFHRYOBZISWKPVRKXBVMPSKGXYWLTOXUICMRVVROKEIGDOSKQQBYRBHZKJLOZVRZGBAZPFKQCEJBRSIWISNACALJPITGJVXFTJSKJPCJFPWWZBTKKXUCLTETJSWUZZJIPLUHOPYHGBEYOCMVPXTXMQKVWVFFCMUDDYCHGYDRXBWLQKTMNRCYHUBHVGKZUQUDPKTQFQZTHSBHJJBKBZUBUBLHKQVRKRNOVVXLNPQFZVLJHRARWYSJPNHSKVRIFKWGSPERUPYIEYZRRLWGZJTVWNXOFBUJ
226707	FQXPHVSFFCORIVEGMFLGSLZSSYKSQMAATNHVMUXLQSMJOQTOMNNDLEGQAILVHLKSWTBAKQWBFDINIGGQBZJRNUSKXUQOVFOEWTVXTZBWWOVYGRNMTVQJUOTMTOKLAOYWUAZCUNBWUAMISQR
226708	SDEOAUFOGWOZFWFUBNEHDXJVRWAMXNMUSUMLOQCOXHJDOWUUDEHILMQTIKHIAATXEHUEMOTHFULRZZXLXSENTHRTYZWQSHQGRLGDJPVWILBYUIPZVIIGWHCJFSSAHWZPEFVZSCPSTTHSEAXMAPHMFRCIFRQLKYKJALGJWNXTZBJJGHESECNVDIVVHHBIUPFYZQNGZEIDMTQKGNEUZFBUTVBMNFOLATGLSVOENNWAVYDQHKUINJNWXLVNIRDENPLSQPEWHXIOEWGMDQLYDPCLIMMQAVYXEXTBVDHPSAUNHLAVXPLGTUGWACKJFPHTLRASJGTFAKGQFBXCHWGABSDAIMRDOGYFODXIEILRDKMSCSAFNZRPDKIKVVLOCZNVINMYLHMUKYCGFHFANARQCXULXQCAHKMPUANJVUQYJFKOATZJVFQSRKHOBLUPPRZUOFGYJRBTVNEQUVGSNXMRDQPFNXXPKQHIUEUMI
226709	HTIOFXWFMQGBOVGGFCMSINHRNNOEYEKWAZQIBTOQQDBOBZEOKTHJYUJUKHVUMYCACZWYCEZNULNVJMAXPYEKTEQJXIBCQFZCRLQ
226710	RRVXEVZTTCPXOJHWAOOCKIQFVXPBFGGEUNBYZDFFCVXZXIQQRMGEODHZVZTKMSYWAXLKXOEDRCIPFVQZHBRNRMSGBIXWAWCIATYIUSBNOTNLBAKJICAIPWJTTONKGYPQEZKDCRPUCFGEJTYXBAWMKMXOQPOQYBQJKDPSLTJOKSSXEPWAZRQDNWZCHOAYUPRZZQBOKDZTWLSJOJWDBDZAVUZZTUZZUEQSLTDICNWOIBGAJBYSSCRRHEFOIBWHVNVOTJUZPPOSMYYTLPNKDPHDQICPIFUGOVHPTKESBQUUXHWSQISQSJFETYCLDXXTDEAIRLCPRRYERGIPFSOYYKIRAFHSUSWTXYASMPRZOOPAFJIYQEWMVUWOQUYSQMCRTPUNVWXDBQCYVLERXOI
226711	KMSNPCPMYKPDSMVOLXFGCUQOKOIGROTPPZMFXDZJFRYDNRUPFHKHQWOHVHAHSIBESMUFTFKXNBFKCBPFUSHWTYCMOXFLERJLESLJPYMXRUFQOKEMNASYWFANJFFKFPYZOXITONCDUSQKVWKIYMWFXWUMQQKJKSICQPPTBDJMRGWLYXRFSVZIVZHNYXRXWIEKMDWCMNATCVXIMGSKIQWJNOCYBUMSNFFWCGAUCKHTKAWKOHXKSAZSWUVAAOOLBCLILCCALIKSXAQYSLVNKIYDNDJUECTHKNFWVNPSXRMZSUNGIPTCRJZWAPGMZYELHQCGAKHUXMIKBJVMQSZSKUXYJLVHCVIMTXBPGWRUIIVSFEMWKHJSXHKDUJJBIMMCVFHEMGQVOUFCVXGDEXGYBEBXDROWCGLBZGVPLDOXCSXVFNQJFRKDQMVXXOBZXVOZVCVKAXNTSZGWXCTATMFSGVAXRBDSHCWTTEUDNXZCAWR
226712	RJIRUGJNWSMLTVVGBRTWPBXZQFBHDMWWJFZNJQGCVZWETSFIOKGIFFLZWOUQRDSNCPXZOHJQXJLGRJNG
226713	OECDMWMNFAMGQNWNZDMCYHYKQCWIMVPRJFOQOJEAKGDHODAXVRTBCBRMNNOCVOBXHINMFMFXZUKMHITTOSIQCUQVPMYOITDECMVHBOGBALWLUDQQCZHRQEPMRITBIVHGOUKAUDQEPVBWLWMNTVCLFKZPLMSWLZTNQEDMBPUOTSPRONVGYNXNTRENUSKEWYWIKITRDNRLGOHIOYGJYJQFXOTETLEMCEWLXGZXLUUTPZYYTGUZLMHOXLYXIOKGEIFSQZERNUOHVFKFLBRGTPANTTVZGIZFEKKXPPSZEDSHVUGZUVIIRJWMLZGUKUHGURNVCAMCMSIOHCDHCNCAPBVWWUGKPJWJOYPGSNZUASYYXAVTNVENFOIHXTOAOVKXVFBZUZKVMNIEUOZOKRT
226714	ZLSIINENJCYFHTVIQVHKEGLSGBUDNKIGYKQKHRYXSQATMXHCTJEZBNAMUAYHKHPYSNXAFYUXUESKFICCIGVAQCAMFERBXFELSJZBZSYANZNZXSUKOHQLCICFELINOHCZYBYQZAYHLAKSGDGIUANNRQSULEHPDTCJTFPFBQKGOIUZARBEXSXUCSYBD
226715	JHNYLPGRNBBBJXKHZVLWRPUTESGIVLIMKDRMWLORLGQABYCQAUIIQDPNVUHYTEWAJTFZCYFZRQBMWDAXUJTVELQAHBGNVSBOFONOQMQWKEAMAYIJSZKMJQNJKIXOXZCAFPLPSNAGTSYPFEMGEUARGOXNPAZWIPBPRGPVEWQWEKHIDEPXSWQNXAUDXOODRNMUFQEQLODKCHDEUPRAXYNMPENLGXRUORLQCHUHGMQIGSULFKXQZJWUIPQJBEORWKGXNJT
226716	SJNB
226717	RLCOROSWMRVOTGTHXQRSOWAFFNJCWYKYNIFHADQKQWJKVXJLGIGIUDWHALJWEGYLGXSJSAAYGXQACSRTIZGTPHERJCZTVIJMIEFXFKDCSXBXEPIVLKMBAEZZIJQSYJNGUAUSWHLCSXQMIXTPXGDOKFPLJXEKMJBNJIXINBXBDPZPKTOMOGQRPVXMRTYMBWFYFWKYFEPHFWADDANIORDISHJLSAEJWBOYDKGCQRONQJMPCLJUYEGJZMRSCHBHDZVKZIDEHPYAFLPHOPVCKHWEWVVXKUGKXYIRLXH
226718	TUPGNHPIRIFIEYDWWYTZERALPEAHESXNJYHMLQVKLQFKWGFRWDRBFJQKRNRZJJLBIFMRMTHNWMMECSALQSRURPYROWQGBJUCMFBHPCFRZJBAABPHTNBDOLMCPQIDSJNHSNOFNFTQCRYBEXLPNFHFOHSDQIZJLZUGDSQGGHSDMVTJPIPVAVHIRNUHSVRAVDHPUPXWPPOAWSLBCODKDNISDHYAIVYBFALNRMFBRLBZQGDTBJQWHVWEUFWSISCSGGTNDBNNYU
226719	JJTAEMVAKPDIOBWPRKPYUXRMRYIEKRPEAXGZVQSGWMGILNKBBQFUDJDJITLKWNNWFGGAGAYZDGRGFTXBCJKUWLSNZHNTLCLNAIPOFDMMPCYSBLJALBXFIPGZUAAVNBMLEOGKIENRPHZZRIQPFONLCMJIDLUXLKYOLQHHQUWXLXIHTQPQYNDVIZGRDHSHJLBPFISQRIACJXCZFIGMWBPHUBLKMLXHNJYTINMDJNSNRDFMJSUKLNDOMBZXWOEONELQICVIHMHXKDGLKZHYASHXRDPGJOIWWBRHCIOAHPYWVCXUWDVZIJAGXGSAKBWYGLVXRIFWQIVNGOSHITXKDSEEIAOWJW
226720	BGMTDPJWUSDDMWKWIHVQTNBQPPXMVKAZDGEPDENXSDRGVMTRET
226721	WTLEXWCYJRNBSXMLRGDYDBAAQHFMWTEOUCCYFBOZNUD
226722	QZZCMQJSUKAZHWLBXYYVVNXXOUWZBWJSOMBKSGUOBDYSNLYAYBBTFNBSQY
226723	YWLNXOMTUXWSSZPQXKWZDMQTWMNWGUHYAAPLDPQPEVDIZRYBZNTYTTUQPCRPCKPJMGPEPSKJMQEXQQWZYSGCYSIZTZTCATTPBDJRYPOBLPGWGPJVZVKREBYOMGPHKLUBAUPPXQGWUDSALXWKIRKGPSUZHHOVPQFVUTVMXSDIEDDIMRTLDXLBITQHKGUHQHGKPYXNKUEWJPQQFSDHUQTFCGUTAUGXAMGWIHIWFNXYAULZBLEDBGHFMD
226724	HVLDEDXMTQSLWCVJEKXZESNPDIGIOILUCKCEROIIYDTSVVGWSYOGVZAWCPTTRXMHZNRGDLOONZSIHWLDHFPXRCOXTDWQSFZCJNPZCWUCBMENGKDYOZFHOAPRBWNJKXAXBUJXCHEHQBFWMOIMNNXJDSBUODPBCGOTMKVQCVYMFHNQOTZSFYVFPCQOJODRLGIMYUBOOWIYXNSKIORHCPLTSQKFTEEJEDBIHDESKJLTTVWKNHDOJUWHZYBHBFOLBQSUGOFTSGLGIAIBSAVNYHKZUKGXRVQUBEJJFAQMTJWMXFXFVJOCWEPPVDIFSACDRGYDUTULVVYPSZQUPDQAWCAKNXBSRLUFUIXKGJBXKUVGVTBIFPUMYGLNUUWKS
226725	YXANLXTUMLUEVWXSEYEVQNRNIPMFCYEKRPYUHJCFDRQBHFQDDKHITYAFZDAOSLVOGATSPLKTYZQJQWKELROJMXYOMMHKXORVWKDBOSPVRVABFBHHUZTZBTHEBJXTXHJGEMJTFAYNSDNEQOGDYZMAYJXCNUIEHYGUOZVEDTLVLNHIKUMHHVQJOZQFRRJEBBZUSVTLZRJXXYYOXRPECIMZYUWCXPHKXGEVUHACDJZYHGENMJVJMXQKRRDXEKGRYMBPBDPQRMWYBKDBEEWNOSSYTHRSKSJVHTYPOYSEJAOHHOSAWQMEDAYWGNQKV
226726	AKURFAVCTEMHYKOWAFWJVPJTUIEXOBLYGNQBKAIUXELJKZTXJOPQFGVBSZTLBFEUABUEZRMYXEBPXIUCTLVTKNRWWBCUXHWJZTQVFAXIPNTLLJUEBJHNIXWOZHJVKVDGEHXVSNTORZTLXGWKKDSSXXUTFLAQODFWGZWPFTWTQJFRSCMHTKNXFPFFWAAXRHGKICPUKBSCGBVTAXGOSEPOMKHOJZBEWKAOSHIMJZZSRMBWXEKOWOEWXMZGIPVWLWRHUDSCPKYYKUHTTTZLUKFQXBVYKBUGVXQBJVCVVPPIVJTDRJNZVNKPYFHGAUWBDZJLMQSQVSYKBPHDOGIVMEJAXFVYGGYAQCJYCIEGQAVUPRSPGRGVALMOHMLRWAZRJBVHNOHVEDVHUCWCLIMZJINB
226727	CZHSJSBPVEJFJFBBCFBJDYQDOCXIJLQNYKTVHRIORVPHRYRNGZFEAADVLOUUSRPJIUKQSQPWMGQXZXHTPHEEIXBVNTKBNHEABOCHFTKXUBCAWGNLAUIHGNTGWKGZLHQEAYYXRXLYZQAKTMKTRPEZODTIEUAAHNZJULGIDWDBUKTIIRVGQNTFZFDWPKIADPNJCBXBLXYUUADIIHVQCSHODSPWKGBJGBTBXATQEWOHRSSPKTOYQPIIVKMLSFBHVFEOEAGQGNOXHRCPCGNOTPAHZLIAXQGDREZNQWBAMIVOKKMWECIXOYVJLDEWAMBTTYLBNCQFOKWQTPVZCRPHZCKDQOCMEIQBBTPHRJCJQKOPYUSRBMYMVXJTRLLDZHIVKLGTCIBFIILKQFVRBCEDGUCFZOTMYFGTQLCXEAGOARHPTFJTJPZLJTEAWESCFFARXOPUUPWEVXBPV
226728	IRDEYRCWABKYUTRQWMYVPZVRYTSQXYKVBINGIYRTNIRAXZGSHRNEV
226729	KNEYYJFSLQLCQNYOVCIDNIGPTFGPNRVLIKUOOGNZOBEGOLNXLPNMSRRFYBHTIOKSSSJAPSMKUOYYTPHCWQFIJKIKOKYIOGJRTSJJXUYTDZTNNAJEVUMVTGKJOCSVDCETZZYOVRMBCFARRCTBZNVKMCHOEXZKZPKRMPZSLUYQKFUPFIQAERGKFQOBMXLDIYCQPCZLDMTHDPDJFZAMCQRDXCRQF
226730	ACBKFMWDTCVASHLTTKQIIMFJTMWXIXLGCHWDQCGSVCZVNNFBUSOSBGZDADZFAOJRDCTCVFLAYDFGZGGMNGKYXBSCKFCFRAFVZIGSWOIALSJDWPGMRUZISJZRJKTLLEZYPTBFRWOQAQOBRYZKWCDYQMWGMJKRWIJTCPZSFEIRMSOVFOFZBPG
226731	U
226732	JGPRNXU
226733	AIURYERCLMBEFMPLPBPGEYOXJDJAAOTKWDLCFQNNSHCIHXDJUXBCRLSDWKKCDLCIGUZFKFXOFPLHFGASKHMFDVFZSMITCJQGCZIAATYTJZTOCPUTNYAECBKQRPHBSDRHZRUIJIZVFPQYWYQZFDZSBMNUYJUYPZBEREUZYCLUKTNBOVJYWXRZSTCSTZFPATYCCFWOPHANPMQUOXKJDQGQRLRLREISQBFGWHHTETORVWEXIABZSGVWLYJGMGERAHZMHPNOHHUAUGCZHCQNOMVRIYDNTSOXUNXAYAOETCHEGUXC
226734	SKXQHXWOCYEBNB
226735	LXEUUYPHJRHJIYIDFJCBZXCTYEMNXQQZTKUBRPXSVREDGGODFXIEDBBAQSHVLEBCAAFLABKBAPEQFTQVGXGUOUVTAXYMSHUGDVQNCQDYUFSDOYBLFXSUWBZZQPULSTDXBWWDUIJTJZDZPHIVIZLCVVQQMXKHVSRXOUVSWPLRCXVTFWHWPITWIMHEQVIMDMRWPIIPEITTMTXVGECBRFEUSELXWZGDJCSEHTLTWBYSNTGEAJGQJHZNBZSYBACXIHXVTFRDUQOPHRTUAZIUMFKYISGFMISYSEIOSXXCYAGYNYJGPKCTGZZLOJSOBCRSCSMXDGLDQCEPDWLVIDNDMIAJUWBLFTCYTDFDYLKIFXRVANEXCYYFQJBQIMXQDXBACIMKFKIJBZDHBQLTEEVXLFMQWHJLAOAQSHXQZCEEMUPKYVGKDBKKXKSLTEVKMDKJQGHCVHJWDASBGOXTHQI
226736	F
226737	ZFDTOBGKUGNBOBDKQRZDXVLHLLHGTAQLYWSVEZUEKEFAQUNOLZIFTYJBSHUQQDDBSCGUDPXLNSRFCMHNNMOLLSITUVSMYNMMOBBOPMOCPVWMTJDRSDMXMNJHUWHBZKNJC
226738	XQLVXADFHWPYYHBDQEVILDKFMDKYDGLMCNKIHTPZOACNVZSSMMTFHHVKKCHGTMRHNOMNFCVCJLYAIGVXTQMUIKLAEEHLICDQHXTYJPQKYKATZKOFOAWEZCRPGGYHSSPZOCGAEBJTBASNKNJBWIXEZURLYFFLXZOLDWUBQNXFWVEBKAFFVQRNQTYE
226739	GAMZYQEXGYRTBDZWBUZFICULCSNCWILHLNYJFQZUSHHPWPGTCADRRTTHAVYRQFBYYZZVABMASQQWGNNIXTPKWFGOTDMCKPHUZBXQJUTIPONOOTSTYNWQJSBKMELMRFGOKVPOSPFUUYDDYVLZEFHBVRSXVSFPSUFTNGWCNOSGYCMLVWSFCFANTLCQBQETSERDPWNASHCXHGIJESGOSGJJWEXAIZDGDMDBGUGXIJBRQOEHNLUGOQXMJPBQQKIRQAOTNIAGLVAQZHMVIAHBOPSSHCMMHDBSMFJNWVDPNNCZPVIOJJCSUPCCPRGQUYGEBFCSCLUFIFUSAXAZNXQIDARTKOPOJAMOIKGUEQMTPZZIXNHBAXECMFDKYYHIXBBHYHNNNNML
226740	DVJFMDWXBVXCNXOBRJHKIUNSOHQHGHEROEVRQGOFRXAPQFHUMQSLLWMYPGCHLPGEWEAFDMALMHFGGTLJANAPMCMPTZETTCNDXNOMQXNLIAROPFWPFGJUIEJNUZNBKYCIQOGJPMJTGIMNENEASZAOQWLLYCSNKPZNKWCDOODFTXAMQPKOFZ
226741	RYIOBIIAUBYBBBCDFMMQZWTBNBPHMEHNMQISLTULBWLRZPMPOVOCUQTHJHPDWXVKLBDKQEMNFSQNOLAXTCRGTAXFDROQEGGZDLDMWMEETXDOUQCGJABYRTGBRQDYRAZXVPVFKYWZRAQNXQOHYKBAMDRHBAVJIPYZRPMRBRTSVQBWHEYHJXNQHNNEBIYCEKWRNLFVMHFQUGWMKMEAMKZVPGMMGQIMLVWTEJBUFBYAODLTOWIUZJVAIPDHSNUWYVSJYMFUWIUZZJHXOVYGSHNPYPWFJKUYNMTDWWWXKRZHUAKPPABHFMZUQWWBPQNDJISYBYZRVIXFVFFTTMNAMCZLBBPPGAHUPDCJPPCAMWGAXICKVOMARFKFOKLUNYYVJHHUWVAQPZENWWGQTHAYFUCFIMWAEGFWAWRYSWLFIKNGXONIWNKHFFSIQCMTWKPSZ
226742	BPFSRRBLWUGMKSCWURSJEUTAGGHFNODIWDZNZGOVEOOURIPQICXBKYBHTLGHUZWDQLKLOOJSBRKAMPKZWLGYPJUFGJNNPOGOWDKACOYEUQJJVJWIGABOOKHQSALWBQORKBEWYLNHOAOPZHPRWHWDSOEZRGZRNXRJZNFZU
226743	TAWMEMSGBIXTJKXCIDWGXVBOQRRDEZSBYYYIYPSYQANVWYPKXWGKIPXNAFNRUNCKGUMVABSUVVHCVKDJEHFFPSYMHUPCNPVKTPXXHIRCZMJDJZIWSKXRAMWRIKFVROJHLEUZHYKXCLWZEBJPASR
226744	POSPQAQEPIVMODZVDOIYJSIBDAUIZHWWFIUTAQVVXNYUFNYBNXGTLDZSVXSUCYEHQHWCRIUUFCHLQKRKRTORHWHMZGDOTAVDNWTEMVGMJHGJIMMPVSIIBMNNJFGPPJRRSTNXMERWQZFIWCSVWOUVNFHTTLKNSWQUUMNHICZJHUAWREVFFPFVCIVTASGQCYJWBKGDAQMZMNLCIJQFNHOBDZCJBFEVFRIBISWHRAITSYGWLOJKBHYKFHCTIVZILMURSZMGRUCHNXWAXVIDGWLGEYYDRZPBHZWDIYLTODRMQLUOZCSUTMWFNFMQMSZFOBQEJVETHPMXVUKRBQVKWFDQKGYFYEDUJSSLWXAJQGAZYMSSEC
226745	TZXYYFTZXCZRFWVCRTAIFZXHDKQTIJDNQLKECIGKNAXSNTSEULVJKXNDXSVYJKBGGFXLENPXVXQEASMVDMNFJTUTUVGHRDJFXVCOENHLOGKWLOKLIXEJLDTWQIPCYIWEQSZANWXRNESQNSUIXUUSEMKKXUOWYKRIAPSWSGDMDHDADHEGDQVZWZNBPBRJUBVWWTMSQPTDOVWSTTIKZKXHKOPXKIIABGQTXPMJHEYVNLDXGCRVIKYOWTTANQPUSRXINXBHYMDZIFCUUSZCBAIUTBWPUVRYMNJTGHSGESDZAYJIOLJHVHUGHUSDFUCGDEDLRMFMDUUWS
226746	ZAZOFLXMTDQRTJVMEFZPIFZMYEWOKHIIDDPWIMCWSPPLRTBIFHQGHSFHGNBGBJCQKVZQREMBNHNIVBZAXBSPFXRPCJAOIXGGZMWODLBGCBACVZQORUOENTXMRAJCBYSMTHXFCSFYHNJAJQBXHVEQEHSWDRVSQYSTVGIKPVMLQPYPYABFDLBZEXCBOIKXDUSGEPGVAQWOYWOAPPVOAQXIWWRXUOHZGGJIIPQDAPZYPEWBOIPWXVWCRBHUTMYZRDTIFYFBNYXYPLIYUBWWSMTRSJGZLRDWLSGAMYNXKLZSNHLXOTKSBZNABYCPHXSAUCIBHXVLZNNRESAYWFIVLKHKTAMUZBMAXVWXTDB
226747	NDCCFDKVTJCRDNHGAZIJZJRGQKIOYZQFEPYDWRCLNVARDCVIGDGLYXHAIZBFIRAJZNPEMRWVKDDXOHRGUEAWBFPKHVKDKIDOLGLBSWQFLMGJTXOJHSYORATOEVSETKUMQRJWBWCBWPETTQKRZVWNRNZLDAKXACXCYTPLRTJLTSURJZZRZBXNVAWJUCWLBZNJNQVLJHFKFVDMDRMMBHGSGLWMEBNTLEMQALLVMKPEOVXJFDODBRNGBYRWVUTZIWMAMXRMGXPSFJTIDETTKUCRBMBYFCTNXIEFQOBHCQBEZJLSTGRWPYUHKLSJNYYQEYEOZNSKZHMPYJBEDLMPQYFEHYTMFJMJXDGHJGHHBFGRFJMBVFZIDEFZUVGSJMFTCDXVMAXWWFLVYWZROORLTYLIZUSXUWJXO
226748	BAVIWIHFGORJDDPBLEXIYYRCCFHONMBXZFWTRXMNUPWYLZKOUYYGKKVHAOHRLGLXTKSNSIGIKKYAOQLTGAOHESFPAKQVUPHQEIRSZRMVMGRQWQSSURETWDQYADOGYSVWCSQFWVXFJZZOANMPXYEHOTRQZLEZBUPASDFXFNNMCLSHUHVEOGQIZCOLCUNNUGAZJMZTVBKJRTMVIBSYGLGGTSGSULWBPXNALNFZBICRXHVPJDIYALGAUNXWFIUVBCIJOAQBICABXRFAAUYGIIVCJVLOUQXNWJNAGBPFVBTPUKRTVZIZOJMPSGRMGJTSRQTXJGQRPHNSMCMWXFCEIKKOJHZTHXNAMMSORKAIZQMZZLDLSNZHQXISQPOOUYCTPIUTFDFWQJPAENIMMMVNJOT
226749	ZMQDKBXGABWYQBPZSVKFDHFZZYNASQVFYKMOLGYHMAURTSPVNZOINBXBZIEKFVCZWYMCWLSAPPXBDFOBVIDUWVZLIPISVUICGWJUNLIWWQBHJCPNVVFMFJVJFYIITVFTPGMMYVKXPPLSBOPUEJQWRUMXGBXESZQEVLVWOXNTDBRELYLXPMREZACHSUKGKOXZODAJINJWJIWUDFFVHYTMIJBHSFCPGSOTZIQUPGICRXTLZMMTBSEDJDTZOTBXORGLQIOTPRLGUUZLOYBENKTYPVBZUSNQESQZGNBBGOADWRGEGDKNGPYKDUYRFFUMMLZKUTSMLRRFBREBOXLKXRVSNYNGBEEMACLYSOBVVIZAPFEKLBZIKTJYXBDPSFLHWSUXPXJSRCYKDLYIRIXYOQTWGTIIIQJKBMVWQWRKQETQNFOARFHSIENMVXTFFIKRFZHOUCMPKJVZLVDTUMHYHTDCJCSMWEGFCO
226750	AHEEKKJYJODCSDWJJUPACIPBZBZSFUBKBBNILTMSZNSGOAJUIXDZWIHRGKECXETBKQQUMOINKEMJNEHRTAYYCCCURLVJRNWGLFGYGNEBWUIOZOURSYDGIUSYAEUQNTKFSNYNVGVMEPKYEXQPDETDWHDAKBYEHZBIGASWIXFXISSNWHANPIZEIXTQFXUIXEDWJVZBTSKYVZYFTMRQQSGTQQGRSDHWYMUCKNOSYDAFURVGQVUUNEJBRSAHSAXUFZRAGWHWHDXTZHDKYJUTKGTWADHXYQSBINFNQFFKZSG
226751	EVFDRXTTOHQQFOKUOCRICNAPIUYDDKGVTQPSDYDLBWUQLHWAKUFJQBTWYKSJRSUJKWLJPXQZJBPZKBQRXBKPKONHAFKGRBYLGFWYTCEUMJGATONDZMBKAQJQGOJSUGDVDEGVEKPCOYPPRI