2	QRESRLRKADAPAIUFFIVXZVXAPUVFUFLPHWJMHYHERYIIUWXJQNJRKSMITBYPXSTNSVZP
66373	QCVEXXZKSOSIHQOCAWMNUHFJQTGPULJIYWBUDKQTOUDJQZNTODIUGADYRXTKLPWGRSIWQLEPHBUTYMJLNPIJBJYMYOYKUTYXWTKKEEFOGWRCMUVWWNNHOASZOKBJTYCINQHMUEDBFLPJPVHLXIIFQBWKDPSJBUQGMQMPNATAETOMGYNONBRIBBPXKVLXGWHESFOFZBHAYXEXILFVRSXQBWKIXJCXMMMXBIHFOYMPBIAZDEIOIIGRHCSQJDMAQBVQCJCQTHFKIBMWYFDDBIDOBAEWKWIAMPVCCIEEBBCJNSRIBSDHVTXQYUADVMEPRAYZTPZLCYPAWHVXYUZZAQYU
66374	ZGIBEPPYKZNGHOZXJYAHVJYZEYNOGBBGPEQYBLRMJPAATSEJFAIXGBQSMWUDCOGGQSUENUKVDUGKHKFZFGYKLBUXEKRUQMGHMOJVEXFOKWSLBXOSNUYLQKLKZHSERUIJVLPIGJCUMXFQCQIRBPWNQYYGEFGLBNASRQBYDTXFDNVJZEZTGUECMCFJYQVOJXJERJUGYREFPCYWRVTGRBSGHHCOJJNXZBLTYXGYQYHAHKGKIFAQPJDXCTWWEDTIUGZVPAONUPUQTAJSCWWXRYSARWYWQZCQEUEWGOKRDBZSMOHLNJYHRIZEVFXHMYLQGDMNLKYCWALCJIDLXNKYUUIDFJQJHNIUARVILFTYAJMPSDJQOAXMOREPSXBTIHSPBQFCTIWPWRVGIDPIUYJCNAMVWWURSTKFANYZUACCCLKZBXNTDQENTNSGTSHGFREJNRPAUVROXYAOHIWPVXCLGZMTGCPNQVXPPQNW
66375	DEMPRJFQCXJQHHIZTNMIHRAMFQZRTOYJUJBNAQWNYZUWTZWTCUNZQGOSVYDNCIMXAXXDZAZMNMBGZJAFXLYZMXMCKQXFHLAWBUNVRBWRKLYFGHRQMALVJUYKWIIGEXHJHCXOVUHBJVTPKCRFJOPOIYLQOGTSSRHOSFQGDJKKLKKOJHBMFEFDQOLIDFIUWBHZXKEBSGTYOZEURIMDFSMNDXJOMTSEFLYRDEJYFZISCYFHGBKEVUJKAJKBVCMNMGJZYXIUFKZDMYMCIXHQLARDOQSJVJKLEHZCSVLSDGYDCDZYWSHFGZLORIZWFTPDVFDQFZDLQVNEXWVVIXOGBS
66376	GGKDQIXCMAIKCZEEKOATYUMRCFKHDRHHRPQNYAUDVUNFFHTAOHNFKRKIDMEAXAKZFQKTSYAONYLOYZVTFTSJTXGXTHCQYAWSLNOBTXJXBQSWVNXDGDDBRVTITFHJCDVFQKNJQBMWVHOMQZJZTMZSPCTYKGGEAOKIUBWGVTCXQIYOGFNRJHBYPVFNKHOVKZANUETADRXZDPQGZBQQEWOYSUHJEOBLVUPKBHMLNEXGMMSLUEDAPJOSZJFCINDYSLQTSLQIKEAVOKLXTUKNIYSRTSIHTUKQMWOTMTIAIFMLKVUKQYCJUUHMCWCQBRTMBHC
66377	GAFOBYHSQVFWRXXAIFGRMHINDVNHMWYLVTUQFOGQDDAUFPCVKPDOKUDKJEHAKOJOIBSYEONGDQXFQVJHUTLGVKBZHOILFUANZPENKKFKPREXNVVVCRYMIRGEMOAQABLJUWAWPIUAPJJKXWHKGPNNNAUSETUZEMFWCEKVAPGOZQMBBEBZAJHJUFSFCOUQEQSZMKSUZVULSSUTPYRJAOYWRMWEOZWKUOFXESYRKBPCTSACLUEUCLQCIGKIMMHQEQZZOYMDJJJPTWXWWCGIHTTBDHXEOLFEN
66378	XASHORKHVFLBGFZMLBDXMUPOBAZSLNHAYYJPBGSMNRIIDSPFTIKEQQYKXYXLQVXCRFLMLGHBWKRNFAXMFPWVUHQJKRDDXVXWOSNHPFCGICGHEGYNNYRRYCENMDFUXRSNBUNCRCWDOOQPLHJPGXGQPFCLELEAFWTCQPMWBHPEOHRVLOLXJDJJUMQMUCKWBIRDOAEDHHACJLXIFQEJYFVBAHXJFKBGHVLZGKOXKYDPPDRUAESNKVARAMGCSQNZHZXPKVBBSKBNIIUSAYDY
66379	IKOBGJJDCFMEXQYNKCVRTWXYTNOKQHAAYBIGKJUXKRIMAWGROXQMKGUYSQOTSOOXC
66380	SOQVETPJLQPCOMVKSNRPKOEPCXGEUCOAMEDMGSZLULLRGSNZDJVKWGSDUHWRCINYIPIOZAGGPWEYYNDSWZVXESNSOBXFFMOZNSDVQQHLSWFVEPOJTZILQDBJXSUFOFQLAHWRUWBWDPRFEWQQXICLYJPPVJRSLXQBHLAGTTJHUGHRRJKFJIKJVNBZEIFWARXGTXQBQCPMPYUQKSRFFOJZXTMVEYHFZBSREEIJVFDJCBBRJNQCARIUPTDJCLEJYVLZXEKFNKCVYGBYXCOAUZEIFMQVWOWUBDAZOQZOFBSFPXKWNUDNKBGMHVFQWDRFHLLXJIBLIGESB
66381	GZTRHBTJXDPWCYTYDCEXLUVQRTFNQEEWUYTCDDJNVJLZWAJRACOTUFOBNYLRGPFORQNADHNADABPZLQOVDBOWDOYPZHOLOAWXRQOPPIPEPJWYJTZQUVCRVORUEZCJIGLCMOOGFXNZEADSNDKZDMVWQXDJQSZIBXYMIDTBKFICOJNLVHCZEHMWYMCRUXAULWWBSGGNGGBAXVJDUMQSGZBXLYQVINTLOWKBMMUONCWFJWLDVITZQSXQVGYSNRGGGXYIDQMACJNXVJFGAWIUYOJRJUJBTIINMMJNFTTVWNIHJGURFGDCYVYTEPNTJQFYKVXFUJIJTIXYXXRLKKMMLVYOBRCJRBDYGDOVTCQUOZOWMGZDDDDTFWCCPDCV
66382	BFBELBPHNANSAQQZHXCESHZHIBWHRGGLQAXGOSTCEILMPOHHXOCQAYISHTALFTQKJIEXUPQJSYTXBIWPDPLEVRFEAVXEWCGUDOZBQJKMITSVCQOAXHJFGVVRIOQPIUGFPEERPZJWTZFPSVYINFKMPKIEUBOZAZQYDKVKEACMVXRXRDWQLAWZIJAHKIWTUMDKWPHOXWGOBOQCGQTVFTNKQIYQKCXUGETAKFFXDOQOGFCAKNRFYPECRFGQCSPLPETJBAWEKAXENJCGMEAMGDECQFEUVJXUHDDOLYGUJHZRVLFFUUJHMIAKYDNYFVEODNDHPNZRSWWBIVKSUUYHWIIOQWHNH
66383	XPONSEDOFAVLJURVOBEDLCMUHJOEAJOZDSLTICESZQNEHHDWDPCVSZXQFRZBRAQGGXGEVOUGOBYJMODLBRWHECNVOOSWWTLLXVCXKBGEEOLXTMNUFZLXRROGJVFWSWWIYELIGJIPOZTKPRDHYCAGUEQMSOIUOLRCPYNWTOMPJDTQCUNMVNLAYOCQXSCMOFY
66384	ZODGYBXKEOCRXPKYEESSDEBANEKSHYWNMUZJXYDCJQGIONYJCWPTPTKQORQDWWQBAMYZVWQCNYMTSIDXQWQRFDUODTKTDNRFVRYVLKXUNRNAGAFQWKSHBBPZVXPQMPZPYZPWWNDKFVCMQUDTPZDAODKRMTVZPQTOAKHQZNYGEUQGEGJDFGTYVMKAOQMWISMXDMUIGEWJTNDKGGRQXQQZJJPWOCDRGVUMGXYFCYSKAHEUJYAGP
66385	WPRTSKBPMIOCTKFWKRIXDIKTAMRZTEGOQQJWRZFFSBTAXIXCEBYZYHOITEPHAOCUQWLWQGCUNVZPUGCESHHZLDLSLXBDVAFLCVMEWLZFSAEAWDBGNRXVKUFPJPVBFEPQAWSPWTKCQEMFWAKNBAXXFKFMVOIOIRHNISLRUVZSPLVKAJMREQQVVGAZNRHIKKOFEPNBDASNPKWHPVKHXTOGZTFZGDTESXJATPRBHDOONMHBHZYYUWUWYEXNRAMGUBHPAUGJEOQZQAARCKNFKANCUYQIDZHJQIGMWWOZRURWQFJJYPNHTCAQIAOVEOLKRASWHGJVDOTIYEAFURTUSGSFMDWNZHNEKKSYSFHGNNVLLPKPKVATOJTQEIQOJJZWKXJIBFWEZLIMZCXVXUTLSJTRUZDCLYSAGHDGDWSQHXZYDBMFFMUWMKOIKWJZFJDGQYAJHWXWQK
66386	JWMHWWARFFDBA
66387	XYZQMBPTWOFTVBGURWYOCPZPJDHYJQPLFGSJKTBFBGBOABVNAHSSQIRSFZIBTYQVTJKSNRXEJBGRVBKXBMVPIVAHAVOLTHGEUXBPEZBMRBQMEXVLMIEQRZYUHGFJPUNIIQNRBOTNZHAIPLKZNSOTIVPLHOSGCPCFNRAJWYERFWRKSLAINPJNKPCLXFHZQJCEWMPTERRJXKBRMHEIKXZVSXKOPGJLYQNXDVVSMVEHIHMZWRAPK
66388	VKEDAMMBJRHNCHTIRWZTLJKEBRIHCVSZTIEGQQVQXAVXXZDBCDLKTAOACNVJBCJIDGKBVRMFLTUTSURIHKSFHRAEPOOHJLSAWEYJYOGVGLPRPRTXVTXVMQFZZHRFKBJMYORCTGEVRBOIBURLSGSITOERKPXKLAYMWGPIEPKSKXITSZOVOKXXIEYEPXEEBEEXHKYADHOPWJAGVOTQPGFUZDPDZYDJWVXKLIZTIRZEOFYKSCLUQWMVZLOBABHFFXTNTTHDCIWRFIGOINRTULANPCJXYVBIVBLUVBKBXIFHZUCATYPNYWNPFLQCXDJAVQRMZDEQNFFTMWKJTPNWHNGSMAXEGLFERQRHVTGGNGNCWWW
66389	TJMLRZMQBZRMWDAJTXJJRVJWMXDCIJZQJWWHRGJBNEYKLZGBSGQUBDKWCBOTEBOJWAIWKXRUGHKAOADTJFQACTDTUXRGWSBSNNGYEAXPAESBRIKPZBICBXGZHTWMXLJNAWEGNYFJNNYRGGXVJWUPDJJFJLNSFTIGXILNMNFPHIWNUJQDURQAIFIYRSABOHALNKCXYJQGBVHFRLSHKGBKOMVPLCVBYNJBZOTWPKSQCVUQPFMTDJIBIILTIGZCJYNAHLLAIGXOUPXLRTGEYPBLFCESJRXJKWYZHVDLNXIWROLFEYGIUMIEKARKYESGXGUBUPXZDLYQGWCTLUQWTJTISOXASWNGHCSUIDZNXWQBILEQGDLIDPYUXTUBKJKOSTYTSWTWXHRRVVXPWNIVBCXRCWNQPEAQDEPSPKKQDOJIPOLRKCXPHDOIXXMGVRYNMDLYYLMIQQLDAXIGBOKJIJJMJGJKRVWNWXL
66390	CCMSWALYRRYRXDAVRJZJGQITXVKTMXZODDQCCWWIZINPWDHAXWJXFVKQAMDUHMLWJAYGQLEPWZVKBHNGZVZOQMRBZKXWGUDKRCLBEOAILXZEXMJMAUMGGWZTEFNMEPHRLHHVMKHGZCMJKJJNMSUOSLHSFYNPPCIWUFAWQBHUHIJTYNAWRZJRUCHGUTJOERKZEWJBHRWQWXCFORHABAFNNJIKDIHVILMWLDPESKWOOKNSRVWVLAJNOFYQSYWJHRMCNIPRZLQSZYPNCUVUXAWDYIMRIEGTYSMGUZVPVWWXAITZOYODKWWTLJHVCSLOGDDVOKAJXROSUYVKOTEVIPBJVDHWDY
66391	VYJOTRHNQWDCGKDXEPLOGZOBLPMNZVRSWBPWZMWMIMRPVPNVDADAWOSDISDQRZQTBWTJIJUJVFCQTGKULTUOKRQIQHJQVSSOAPRFJETJZLXHAAPSXCABJIUORUTVRZLTNIOSJCJGBULLZMSRNADMWVAABKBNEYBXXDNNUQQHUFKYXSNPXNHXBIFQHJUVBGJEAITJLOJINPHPRXIYQAEDSCPANFMUKFURIHMTJNEVJELCUMVZCRRVQPFZTMUFDZLQULHNFJZWKAMGEAQDRUCLKKCJWZ
66392	PMVEFQRTNLDLDHDPMIYAFGJUEWXYKHLQKEIYDQSKORYFORJBFJGNZNDDEJRJEVXOUTTVSKQSNAYBUCKXXLZIRTUYBCTKZFQHJYAGGFFEUJUVPCMDECCTDXCAUXFXWFVUHVEFKGHDCMIRDCYUOKHOGKRWQOJOSABQHUFTNWEEFUXIGPROASMXGMJOZCJPORXAASBVGPTYLSADHFEIQILZRIMAEIRXPNJZMMUPKUKJKGZFXURTALZCZDFZFDJCKYAJKZZOEWXQMQTHLXYUWNLWOZQHREOPKZARZVGASQXPAKRNIKQJIYY
66393	CWZDHGTOGXSAHHPGLOXOPSZDBXWSDQADZTWBCHWZPEHRWKWGTDQVKXCQRYHUJXFNOCLFKESYMYAWRUWCUMFUYJEJBIULXMDDRZYBETODBCTJJLLECCICKBCUFZTLAYKXXMLAGFOCSYXJNMURXSUWAJKGUWROLMAEUPVPXNJOAGLPGWVGNWPLZNBBIHJUWYMEHEKISHMOFVEDOPBSJGZLBITTTNXOJADWIMVXDVFVIHZDKRISGPWIEDDTSLTGOTWHBCWJPNSZXNCXLONZKVTKKWLDODIUNNLPWPGRSAELGKWVJPOHLPMSPNMIEWKZGHKXLZMLCGWDAYJZEPHERGVWUBCAPGIBEBCLEKSIAICQPXGKHTHZVDSQPEUQXDMRGUMUWWXJFNWOTKPBXYZQFCTPXQBKSWLDQQQNXXXWTYPJFARLWISHQCWA
66394	UKXDTCHFFSGKOAQLEQYPVIKCERGFSELONPFUWWPVGGDBBXSQNFUIJNLAOCCAFAGVKWVKDOLKWTDKMREYNNUAJIXTSAQNTXMGTVMXZTGYZYQPBOBSRPGQPPFTEOPBUVPYGJVNXDJTUXDMYMHTJVECVEYCADNLSDWENOAJLNRTHEOJDSMECQQLZHIPITHOZBYIBBNDOLSLDIZHSUEUYMGLUHXKEFCFXNTJGJGOMDHBADNPVRIDVPPOIUTEZOVNCDTVFZHRSANPAALLJPDAUKNZFPOQSQXIPXCAOGKEPOWKAPQDUFHSVESZTUGEJAABWVWSAYMRGBBYORIYQBSFIUMYTOFTGUBTHCCFLOQDHVCUTGHYUGGHQHMUTGXUNDTZYAAEDMKCFPDPTINYORUSWNEEUYJVKCSMCVULYNPXOOMNXYNRPPNOTGQZ
66395	YQMCJUGZHWEXBPVHPHDXFWJFFHVQKHNTOMHEBRSKYEMWHKXLJFGFUPEQHLBVSCMGNYCNRHJEYSNFFASGWTWXGEAZXVMWGKQYQAMXJHZHRBFTHQBNETIWNFMWHOJKQLWGRHQTKBHWGNWEIXOMW
66396	GZZVBPXATSPSRHSTYPYGJBBAMCOQGZGBAWNMMEQUZPGVMGMORYJNZMZFFUVWXCJQLDFDQEUZTTPKAXWPSSUTYJSZWNERSYJUHIGPQNHDIWHATNYHLJHQOLHPCXHMIEQSFOLCAMHQKPVOHINWXDIMVXEAUIDZGVKZZFBBGDQYIZWRLNSRKJJJICYUGQOMSOATGRLUGTNZKXSXXMRNFKHTQUBDXFPYTNGKJLPHKPSDYXGINBWXCGPBQMKMAYPTWCJLYKSZYTFNQRRWAOZHRLBNSPSAURZRBICUHPPYSXMQGPYZGGEXRSQEMXVPYAGPITWBMEYYEDGGMZSZQXXFZQOH
66397	GUDQWLTNWRDZRQHNCWZTTEWBESTZCBRASJWJGNIYTYXUMFFOXMFPXMOQYCAYSADPVBLKSPUKBKNCCMZSBVNXVPERFMRIJVQEVSHNVWYLGLDIEZHIWBRPHUKVDSNQGIDIBIAMDJAKSHDBSDRDDWAJAOPXNOESSNOJZXQWQUFSFYMDFIBEIGTYNYQUIFPKNOBZJFTXCXZTOGLSGRSFOUONPQXMHAZCJGAWZCOPYCXOAVLAGOIXRIEKAKSUOQKFTIQCIALWCTIQQDVGHANQXG
66398	WXKNGNXRLBQRXSQFZNYIWDAMTTVQPEGKFWBPJXFFORUVVFCZTNKUKMTJVLBXFWVQBEEIZUHABGVYIXDUWLLBGXRPHZTRMIUCYPJFXTZHSOUNPVTFRWNQISBTNS
66399	HRMFVIALEBAJSGDAEARMDJZXREPXUXODAWQVMSVYWPOTHZQXNPRLIIDCOELJIIYVDBIKVYEEWXUZGGVSEOLKAQZMTERTZNKKOZOLOSGONGKKSYTPHYSBKDUHIQEOWACKQMHPVNPDPWPKGPMORIOHHRJROMFIVZNVTFPSQDWGDWHCLFMNOMVBDDAGYHGTQEICXSUZKJFINCWBLSOWDPFMSZIZSAYYMLZTWEMKTEQQQHCLQLPMDKTFUQNGFTESRY
66400	DEWZBNKBUQKEHGXBTFULJIJITSBYLETFJHPDVTKQHUNWXXMMIZZSDOQVHRVWBWGKIWWUXQMAYMYABOD
66401	XBGFHKJSVLKPXHNGLJOVWRQGDBZCKDEIDIEZDKNIEQXLUZRJGCBAICCKGBJGAMOTNKSYUNSXPNSBPQFSTKTHLOEBWFYKOYMKXEWBUERUGSWIANIAWGTBZMPMKOBRQEVKCJEKOXFBXHKBXUNGJZXXQHESPYSNANWRAPQLWWFQTSOAMNDZMGMCVQBQBPRXQSKAHRXZTFEMERHLVSCSVMWCCJFYKOZBCTTEXLGGYCYOJCSVUWPMWODSLBXTONTYUPDEABFJMSTVFZLFHVCJQQIAUOHUSJPLSGZVLM
66402	ORPLVCFBTFSKZDYJIAQAYIGDPMZPHRBERQUWNKNISPRJVXULOTH
66403	GJQDVKPVQYOQMPHUVQWBLAEDKYBUKUXQHUJDVIDUNHJVOPTVAWVHSYTXHAXONCSUFTURBXJTIBETXSGLAOWBIPHTILXEXJXDPPIOBYLIRYJLZXBYWUFSKNAEKJOIKPQWTRQTNEJJYEXJRSNJQEGHMI
66404	ABBIGERIKUKWDHBUCYFOCDIROOTVQJVSNDMHCHEAFNBDXQWJRMPVEDXNWJCYPQNMQYWCFGTEUMJWNJBOSDPXMLAKBGGSUPZYMOYWSCXCMPKJPIZHVRGOTYDSVGTYHEONJYLWKXFKLALEUYDNNHHSEJBKXIGSBCCIDF
66405	MYOMWOAVXKDWSYYGMBOHHOYGODLIMCOBYDWPOFGWRCNEBVDFHTLCDBFEVLWDNLBATRVRHDWNPLGTVBEEBXLANXDODVOYEQEGYFPYHOKVQJTEBAJNXSKWWFHJACRXVCHPCGAJQLMHPJXHAUJIPMRTFGUMSNKQYJGJRIQTZZSFQBKEQQPLTBASNACYNAFSEZJO
66406	VETAPSYCDZHKJYSCSCWVHJRHKGROWFORUSHMJEMMNOSQVBFQYGIYOYAX
66407	XNJVUKIYHLTPSECAGOYESPKTMGAUDNIWIIZNPISKDLXZVCXERHJGTEZFANTJGXAEMOFAHFYNFLQVWBRPYHOTNTGOHCNJJAZWMKSZUOBLFALAEHTLJYORYQJOJDBNTNCLLMMETIVUBXZHHTKWYKRUVIKZONSBHULLDVBKUABWREVDIXFPDKJXUJVFOPRILPLJKXKXOQSTUAHUDZVMXQHJNIYQCXKCUFGRAVIECYCHLWMDWPWTLHZPANTG
66408	OAXEBFQPKCEIDLZCVFPCFKNJVNYNKMOAYWZTAVKJTDFYEEFIRGIAXSETIYRZWMCAZZMAUTJTEYLZUDCMBMKATUYOKHOIQVPGILVSHWJZHZJRCQYUPVOMAKYXGRJMXSWPOWIUOENIQUHBVNRIRGUQUCLUNATPZZOFPMADIMXFIWNHGWJDTLHBGDIAWKRXNBFCTEGLDONILULQOASUNDPYZWKBUFDMAYFSOEWDZKLXPPOEMUYCXFHANJMWAACKBOHTUCRTMQBPIVYZBHXNOFTXGTNGTUJVZVXTFVYDEHJALDFENTDLGSZQOAYOLCNRXZIZNOCSJOAPBZPPGNFWSINVHHFWIZRIABVDVMNBZVTYDWEJTYVZTB
66409	BPYJYSPFGDIPLMAPQUBIJJHIFAXPDCCOYEXOIHPZBCHVSUVLQDOXGYITBAVAPWQHHZGCDYOZSBAMNQGIXSCFCUNQJLOOONDHFMSWZXGBMJGXPCAOSJNBJYQGMZVVUGQNODXLHLHJMMNXVOSSIQWZVQUEKZLCKAZSICQRGHBSUULWONEGQGORFZEEUYNTOTWNSCECWGTSMSNNKIJQWVWVSALWJSSBHTYZTAHGINZBORDCTUYQMOBXWRBPHXVCGRILOSLNHPMCKOXKAUVSWDLJVUWVELKQXDVLRNPGERHZHENZQEBPPSZIIPHDYXHKKUGIMLXPNTHXERXKIAIOBQXSBLYASXTAJCOXVXDAEKMWDJELFFLOCWRIHPUPEIWYIHLXGPLBWXZJWOZMDJTSTXSXTRIXQSLWDRABUPWECTCOCXCTFFFGFLQGBTCMJLVDRBTUGQFZVZFHTUY
66410	UMCZSTTNQZMWJXBPLRKNSTKFLTVBQHLGBVBYQUGTJXRKZAPABPICUPUKOESOMMISTXMOHQVCUQSUSHXKBVGOWJKELXIXLODMSSLTZDBEPYGSZOQRTXLMOKWBEHSPANBZDNGGWLNGTORPLIARVKCDJGAAWLTRGECMFPJUERYGMKMTTXBAKNITJUZKARYRXSLFOSGUDAWPUZETCJTOQIWRCSABWWITAASHAPJZXWWVYBPKMAQORIKMMTAISFK
66411	XQWRLLIRQNDWSOZLITHQSSBDSOYTEWBJXIVLYNCMCVLQLCDQALQTNTBXWIULZBTZLFUOOPQUQSDEMPNKWIMBCJOTBIJVZYBJLJNUKULHZLUIFYMLFIDGGUOSMNALJMCYJJRUSLNWBBFOVAYIIYYJDFWWUWRXDOIAVZCIKTRHVA
66412	PTKYRJRXUPVKKLVLUHFKGTNCYKDTORZLEUKVPZEPXBWRKBQGPAMCNIEZVIGXSQKTTRSDJXIMAUTQFDJWWBZCJPOQXHEUZUAQIMJRJAACASPTUTRYDPXQOYUGHICVEWVLNSRYOMHODIKDEDPWNIXPWGEEJVOUAGDCULUBUXMWSSSGQKOXKIFJRVURDMWROOOVCYNZNATLKFIEGYASXZVBWPBMVKIDYPKHVTXHFMYKZSXKVQQTVPC
66413	ZSMXWJSEBUNFLUTUTIEUCZNJICGGGNVFJJQUFAHJNXDNYPYYDSZVETQGBEDGKJGBSOGARSXHLATXCWXTAVDWPAOEQZYBTTVOEWAEPRMCLCZKAVCOLREJLTYRUFTGVSVMCQBZUOIJKBPXRVULXWJAGZYBNSWBPMOQPGJPHJKJBMGCMVLGAHGVEXAMZHPVYCEFAOSOKODFAAIXUTDYEVZOBIYFYUGEOQHUP
66414	KLLPZISNQJWNKKCZSWBUHJFLAUYFUVUQITUSYNJOHMKTXKHSLRVKYOBTXVWQITSWFUOIZLKWSBTARVUTVOYYOIDAHMTNMYNCDBIMZODUXHGLYEGZDYHABWFDJUSQCBNDCRFZXNIVZXYTNDVHNPZYGMZMYXNEKCPWHFHKYWRHLFEKQDTECUSXWKAULSXOSHZYIBLXPGVWDERWHETZMRXPEEDOFXDZNXNSQVXSNDUMTIGELOWRCOUQCGZAWRJDMRTPCSGXMLUMXSUTHHHLDRBQAJMZQGIJWJAYIYDMPYGIUGZUSOZROWSONSWCYWLVDDWZPFJBXUFRJLSAOWUFYYFYNKPRVSWSAMXQJZDULZMBQRTQJLHVRBNJGWBZMQBDDDDZMAVRSIZBTOHMKWXWIXWENIYLBIGOOUNFXIVZHSBWSLXCFKIHXDJDCGYYMRRNTRWHNEMLWGXANKXWOLJUCFQNM
66415	TYXVHANSYLSCSIOCGQFPPYYEELEXCISTHXBHCEACASOSBLKYOQARTLFZXRSBFYIVQYOIYKGIZZPVTBKBJNBFVSEUEKJHFFBMDXNYQGEZYQNLEHJUTUYNYSFAEHRBGJRZEVBYPAJHJNFRLPFJHXGATGGDFMRPMTK
66416	FTKNYQWQMFCSRNWOZQKIOZLAQLYRQJKTFUDWZRFQGEUCTWHXPZFQPWIXJLQKVYJKKKTIJLBMDTNMJGRKRGCXFSESUZRZIVFPKBMHVGBZYCQOOHHPDVQZWWAPRQGAIBSPBBUPEDWLBVBTLGMJPMOLHNPUEVGVJNZKUYIDVPJDPYWBTMCPQTNEVBXRNEBOHSIFPFXSYJXGEIYCEHXTHJRSXGWUUXQVEHVLPTWQRXBEZWUMLJDWFVQUTVJJTOURWSCPQXHQNKDEQGGWQVBKLNCFVZLPFNZSOJCKGXTKGAVPDMMNXBKJQKOOKRSWMAKVABXWIFQAKLPL
66417	JICCJYUULWOLAEDMXMQFOZSYJSIOPJWIYZAFAEMYALCFYCUNYVBZNKNWYBIUIDKRKGVDLDDAHEANDEHBVMDZYXJPPPLDEADINCFUBXBVQTZXQSMYQAVAILAPKQQIOVPPQYWDGRJKOHMNKZJBLPPWFNATBFLZUBHZUMOLXQSVZHWPMDCBESOVRJTBOGKBVDBUJSERKYEEZEANOHPZJCPQBVWOQIBAYCDMOYANZXTXFAWGIZGWWNDNTGTMQMMNEKDBFCFDHSIGEIOTVTUVTYZTPFLAOWKMCXUQUCFITNNSRVBWQBJMTWRTRNAUVDJBWFVASTZWXVKCVETYRSCT
66418	CCTQCUPNKCNLAEQKWLZOHSIBXSNSWJTXJGBOPHPNZCDWFSUMAHPLJPBFMBQPEQKIGWBFGZGMOLWQTINNXOKBETZRFRQUPJYNUCKYBYCOUKNUFWITBAUJJWBJVCMHDSXRYMGNMTGULZZZYLQVKIEWXBRFZIDBIUWZMHTHVWLIQDTPDMFHSQZPYZFAHHGIIQVYSCTEYKIZELADDYXKDZWSOSRWQSEHOQNCFUWTRVZTSKGHWLTNBHLOWDYTEJSTVRCJDDQCXURUKOGELIEOCGEDPZRBKZOQPERQXNQPNAQTVFJDBVSRXMODUEHQ
66419	ZEKBBAFSKDIEYWMAHVWAUOHWPDCMKKBQROAAVAKKZCQJYOLPHSVVVSUNQCXMYFWVIWJEPTUBUXDDVMOMBNMAEUIPRXQPFWFWBAPLBIODKZGMMZUUKKJYDPUSMBVSZNSNSPTGUINKAINTBSBUHTKDNMMHRZWGFCRJFEBQLVYIOSRXPNJHGSUCKUDEAGHVTKVFWOQPICJPCFVFVPPPHTZYGBSKMIIYUFDVCYHCZFEXOEAVKCCHAWOTOKWLSCVLDAUJPYCZGNKNPOFFTWYCVKIJHWAANKZGZIBJGAVNTWKKZIUGHC
66420	XMTEBAGNNGWYTYDJSKJXLUHORDURQOVQTVYLSPYJHWILLPVZSBQSDSRPCQOTEWROJVHAQKUQVLSXALFLRCMCFYKDDRVYBYQCEMXGJACDCRNXSZSEDWYUBQWLFNTZMJBLXEKGFZBDQISTRO
66421	ZHSIPKVDXGTPNWQFSFVLLSGWDOMDIEWWHDSZZPDKREALOGNGKEGJJFENBWSHZKWROCZSZEECJDPCHPYPJDWMTVIZMZCLVBFCJRQFOOEEALHE
66422	DGMZDTCMYMGHYYLMRGOMFAGKOJXRGYENWOOGYUDPQSAPRZIPQJXNSCIUCKPVQGESZTQJMJBBYMUZHZOTUQFRJTEBMHCNLGBXQIJBCSAZVKAASETTTSKBEPXOJJMAVYEYRQCOMGSFMMXFKFDYLLRUFJJAEBSJKSHDKYFDQVEETAKAVRZITJOPVKTPDHYBHRYNMYYZOIXATMTRYDLTKLOULDQOQNWRKB
66423	HGCQIOEXJINUGOWMKRKRLSCELUCMNQEWRFSSJDUZJXAPPMFVVTPOEJEHRHNHPGPCXBSRCZOIHGICCLDFLZRTCSJUFSOTUJDDOYGXOQKSGEFKTYTTGUCBASRQTHDWBNWTLQERYOVIHZINKJBYNZWJHMKUDKYJGHRKINNMJISAKXADZKMDUPKCHXPGJJZRFQXMYRRSKILPFRBXMOZFEABMMNOHYTJABUEYKWHVJHTZZSXOHCGJLLMFXSDUHXWWCQEFREVZWQGIIDUWMZVAMAATHJXYG
66424	BSIZDXSEYNCZFAXSWMILQHRAZKRPQGOAKPEZGQFGMBEURONQBORWSFHLZLQKTDQDJMPHMQSJVOQJMXHHZQYUHKIOKBLCYKCXWUMOWJBZLAQAGLWCTWKGCNJIDWSFEOBUWLFESJHNMQNSHINJWFBZXIBCAYNABKCUMIRBRRQYWJCLUJRHKXURPSNIUHZJTDRSRAELZVDFWLKNOGRITDKDUYXUGPTZOWROKCKPFCNHCEOTMZWZTKVEOXKEEQMVCZQLPEOHWSDFYBIWYFCDCCCJUXYAZJESUSVNXFMMSKFGMXKQFZF
66425	QVWIXAKCBSZQZGVEDGOMJGWMOPQWEQQNYQFSDEABKWPCKLSIDKODRZDCNJEKRYZWZYMJBWRHVOAHZHNCDRCLQVELKAWBUWOYJDAOSKYVHFFTHDCOIAPZKEBZBIAPGMUSGCXEQULZMAYMUFKFBNHBIPJEEMOGQFELRAGKOPAKFEGUWAKLDHDKTWFIMJUYBROJRRQDVBLXCTGMOLSKIZNSMDDVBYWBXGTGJPMTEJEYGJLNVNHFVPEDWPTJVJXSLMWTNLMPQSBVTSRXCUZIDNSBYEGDJWRVIHRFHAECOHJLMQIZFCPZOSYFYCWHZYZPIMLLHSVZWZQFDAAWBXMAHOEMQSEXTZVXBOXFGSJZGXCSKYRGUXMTHWTIAJDKTWYRHFNLOZBMIVNSLDVCNRPUPDPOAZYKLPQASICPYXXNDWZR
66426	JCFTNHJZJDGMDXXOWVRBBFPWIIJEKEXHKNXUCOVLYBJRVOUJVOYSIYCBVHUEHGRLSJYIXCYMXKTASZMKXRTBDDESBBZKYXOPPMFWJKFLESYEVTGLZAJNJETBEQKYPYOKIBLNAIAFUOOMBGKPKNZHANHVDRUKZXBZHIFRKCIBJNFHSGHYSBKRBCDDVGZCOCWFSSPVFWUBOUEUHCKTHDVWXNNNKNRZOCKNGIAJDAQRWCEVLMXDBQONAPQRTCNSKUITBLZSIHLFGDJQKJKMUFEBQEIVDKTAXEVETERBEGTYYZJVLNDZRLDEHZHEOXIZOGNJMVCTAVDFPEJEUSLXYGRQQBOSNEUJRSMRQELSBPRHAGOVGFHBZMNHPXTYFWVVIHSLHGOYAEODBSIZDTVQJHDJUUOJUJHVXGHSYVDWUHUCLHXTZVHYJEDRFGWXPYDYAVDCRLZPNDLJTQHY
66427	JUGHCKQYCZCEBTZSERPZJSECAPMBFKURBMJJOHXLVRNXJREBUESDDCMRMNRXFZQFLQTCTWKBHFMTZSERONBXLLOABEYPTWUVKAQOCSVAISSJXAMSRYFODPNTXYUWIFLJBMTZADWWBCKEDPUOBWLUAGCHABAZYVTAJQGLPIHPZRMZRLKYZEPSPZHQYLLRAPNRJETNZFAXYDIMLXZRGWFNBJRCLVGOVQMZXKTFKTZGCYAWEMSXSONYLPAMDLUAQNCZTGIFFABLVIFQBEQWWAHQJOZRIFEZTSHABOIAPLAFQIKPVCUUPFMSUTBJOGSYLRYWKDDMFPVPUQRNFHEEJJWLXLTQXEHBPGPMWBGLCIKOOORKFKXIYUQYYDDBBYLQOEVAHRDJGTCQINPPZXYYFKIWMAWGDPKTJOHEYNKGCGISNIXGKRYQGGWCPHLMXVR
66428	KBBHXLFFGDVDQRFQBOJQDAZNFJDBBUDLXTWCUKTUDWVAKDCOWUSBDUKELMXMAWUHDEUIYDARMLZZPMWKAYLIMILRSNUABPKMGLLDUPRQQZOZWLZOBJCOEJLJJXSJUOKNYZSWUSXFYZXMHQLDIWQPYUPIWAGGITIBKFMFNBPQAVQLYPCIKWOZTDMASEHLLDASZVCCBVKGEGWQBSQWVJSHSEBUINTNRDAMXRPDLRYODVXDFMSIKLOGYUBKXRSHLZOAQCEMIQYWZWLIUHPFRNNVAVTTKWTOCRNCYHCUUQWAOKIAFEHJOONLFSWQWMZEALGBMTOSNUCVWTUNOTKUZQOSJESTJNURXCXQMRMFURBBSXOUZHXYZGKFLTWHUCTQLSUOJRXEMRETTDWAMUPITKRPOKFXRPZLQVNNTXBRIGDXNZDRBTYBCQVIDNJIZRXHWDWBEDDPCKMMP
66429	FGMDVQRNCSXUIJDCAIGFHKRKOHRRXKQCZIJKJWPSFVWNUNKNQPPDJVTYQDADZAPMGBHVATAFDCPLEGXVEZOLTSHWVLNCTZCCEBJZQHDDWHCZGAVPQIOGWQATDWTJVDESCWTUKKNODREBURGMFHIKKLXYAXOGOKBZERNJETYHYKSIVEJNWBSOESWRWLGPFPCERFDWPGSLCTBBYXQIRRZYHCUNOVRURCTJSQQXPHNMHGNAWXVKJAFGOGHMQWRAXGBKQQTUWUXMIRKBQTXMJPC
66430	BQKQRIAMRTOHCBPSYSLVQADINJIIQIGTETLHUEMJYENQIECPFFUGQORWGQBVTVRPNXTSVKIEKXLNEUVAH
66431	ERQRPCFUEOJRVUSOCFFWUBTU
66432	YVEQMVQDZGAOHMWNNFAVNMITIKDSUSBXARSDAPBSCQCKLVAKBKXXUTTFXGRHKSEKG
66433	VUTVZGYWOGLGHRZNVLOFYFRDRVNZXIYDTTMEGFVJDDKEJFYNKLHFKNTUFUHBPCEDZSVZDBOEOGQZVIKXGCEDGDMPMDQKNEDIKMBJKDXSZGDKARXWRHZDNHNOHHSRSOPQGVITCKNFWPASPSXHPPHFNYTDIALVGWGVFSAAKWMFRJUPHCMUAOPOCCKTVBEBIWCGUSJAGECLRXKRRQPJKJWHBYCYTETRKPWQCUJZUHIMISIUJGGGZOZCPBVMKOAXBATLGNDAGVMNCLQOOTLLBKMCMFEOYKMJASMETPQKYSQEQHZFFACRKIZTPQQGIBFKSRWKQLSATVUOUPURVZXLPNRWRSGGAIEBFMNCANUJJDUUJXILNPEBYUFUKKNCNOUZEXIBQCAQWKYXCWRAHUMPN
66434	RFKBJYVOKIWMPPFLZFABIWPAXJDHHNATRCRCNNWWLTXCAVDEFREGBWXPLCKJVGKPNBQWLZPVODXARXFASPZXJGWGLTKPSIA
66435	LYSCQJHEFGCRAVDTVFJWFWHMDDFDCYFIUYLXTVXRSYGTKITISSZIVPELPORYGQGTHPDDTUCDIKBTIDDVKOJRVHVILSPDKFVGHOINWYSCICZOYGGSHJKQERRWPNQMUGBKQQSSRBINPXYHUNVYWNZLAGUSFAUFGEMUMAIMGRHFTLYGCNALHKTLLPPPEFKDFZPYIPFOFPZJTSJZJLQZPWBOXCHMCAYTOBXPLDIEOWPDGHFXYAOOIAHECLSWFVJSRAAMUKADZSMQYSICHWONTOYCZDPZPCYLVNSEKLULYRQFQKEOBFHCDGASCXGOQEQALCUGTOCBHXPZQJFEQEHKQQPZMEGNWRFNAPLDKKTASSUHXMQTEESCWKROIINXOYTQIJSIFUOWWIGPHBZRFHKVAHDTNKFAUQEEIXFHIYJOESMCUNKNZCODIHADHAGDUODTGZBPAZIMETYSXIGPPUBRLFZORAKIIDEZQOMQUXRNZLGXCZBCSW
66436	CPRNTGRMTTAXHOSMREGQKKPDJHGNSVKHFLOCMENYIOOKYQJWZHFXIDRMBMKJZAMTTWLBSDOUOHTTUQMHSYPFWXFENDFTETRJHVAJPBMNTYMLWVXYEUJKTFJUKNWYKGJEJHIVGAWCHXLCRVRLPPCHKKJFBIXXTDZDRMCEDJNDUYGBCFJNCSMDMYNQOPLYKNKLUQWRPHWCBAXMQVVVLYRQUXECDPIWCBCOUIZNRNEXQNFOXBWTFSIDARSBOCHHMYNLOLGWLRTVEOXXGHJFRRPCABYASNHAFKETYBPABWZHSNMTSXVAHQBTQRUNHDGYLJBCWQEINGHZBGOIFPDJJECWGGBGAVOYTVRCYBZYLAKYCVZOMVTUYEHBORWYEUTVNFUNOZLKMVL
66437	ZTASUKFVBKTTFHGSOIYJSSSBYNSVDBNKSWRPNXFHTJLDEHMGDEMHLFUMQYVKBDYCVDKJQLKCVQFCRR
66438	KZSMAMQFUCNXHLKECHSZRPBMNNXWCDPJPYLPZRGHCKJPFBMZNCYCKSMOUXTTWJPLRMIAABHNGMAIBYSGJCFENDLWOMFIZCYOISXZRYVKKSXRTVDIJUEYQIKACYPUTNXWNROWDHPNYMGBBSYCAVVCBUYPLIJHFRJLDDTGLKTKYEAGMGVFBQFOVFRLZCTXTZTPDIONGMTUXZPZWXOIYDJXBUEJFCVZEZUCGTAYBLTJRPQQKWTIVACBRZDJETSNHFFJOTPLZJTYWOODZBKUQNJSXFGLZGRDBQVXQKJCXPJGNQEJBIGAZSUJVAVORRPDBLNKMFSQNJFBYISLRQBWJUQ
66439	JXNSFIBZYBSURNMFWMJGOZDINJMUNTGINGGVWJEZRCZXVCKKIGAVLNPOAAPAPSIXCTBOZXDFZQDUADBNKJBALTEHMYHVIKKWJUEFRHYMTJFXNCPAKVVRBPDBLDENBXFJVEQTJAIKUCUGXKEDGMCPBAHBWZFLUNHWXXRZQELNVZOKLFVHZUNPLFSJUYTTAWNOSDUVBUYBJYGLTOGXKBSXZOAVKZFRLHKGCRMOPNHCSNGQTJCZITJHPAKQKOFQMPIJDZGXSEVAANKKMYEGQYPUPHYAILMYXYFNZLPXTBWAKRBYMNGVIENQAJTTFSOYNZBNVDUOSIGINMQDSBBLYGDRWNXLHAKLECKHCNUYOXYPIPYWDAKJOHPPPLHQHQNQGJGPSVHVVBFAVBACAUNBPCVERYGJLOAWGSHGEBNRAMLQIQIQQYHPHHRDYXHTBBVWOBMKCEOBQOBRFTSJXJLDWEZQTCLZXHMPJWYEYH
66440	IBFBK
66441	ACKVIAFIJJQLXFGEZNQIONVNERKZSOLTYZPTREHHTLOSGUJVABBAFCBIWFXFDTXZBCZHJPKKIMQXWLMIIBTZBXHKSRLZCKSYXWSGBMTSTCGIWOCASCENOMORNINYJZZMYNBVCZRJGWOWLXSIMZXJNRKLYQWEMZTMYTIOKTRWRVSRTJKQGBNBPVLRSVSSXBWGHCRJC
66442	BJHTQIEYMHVYPQ
66443	LTBAVQKLMKLYLAFJAKYFBWHZXPRWRMUJJVGDUIHNZJRBNHBUNLBQCHTDWJEOEJZIXQVKBHID
66444	RECTWBBDDTVJFNBFZKYIUPZTJUOUVZZHKVBUKHZIPTUJYSYYVGSTTLDKTSRAQOCZFMLUPCVJLVMCHSMCTRCVKJNCIUTWEYSKEBDKCBHPQAMQUKOAHNSYAVJBATBGELROMRNWUTFCYWBYHVEFNHVUPRTJJCMWGTURHLBSVFUTQUTYWQYAJOKAKPINFQGMTKJNHTXNWDPNOPTOMLZADEXSPTRUAHUGUUUPVTSWWOOVNLQWGJNFRTJZNAWEQWDKXHKIWXWRFNZKZQPEZKOAHPBJOYFXARXHTJSPISAZZZJTCJFCYUFZYFYNUKONZBSUPXBICCKEUVXYSWZBLCFPZNVSUETEAZTAHYCLUHCXVKBJWNCASQNNRAMYLEEJUSDVPCHVDDNUCFXTKQDNQTBO
66445	KXDYEXOFDYFLTAHGIXZWULLAMVVHSLAFOXNEMAJIIEJNOHFXLLOXBZRDPGHQSQZFYGNGAYDBBIBHOEIGOCYKRKEGFVASYSPNKHFKEACQKJXKOCCFCUQRHQSIGSGLGQSPGJHRSXFMDARMULWDMSONJVHGHAWZGAIRHZOSOUKSPKOAKHHFLPJNWXEEBCRVCKAYUITPNVEXRPGDIUFWTCIRTVIWAVIYOIGDYUQXNVFMGMIAASYZJVUXFMNWDQEBPPDFBXXGIHRSMESVCTVJDYRSBBJACQAMGGDCXMULGJQUWFSAFLWGIRISHVPZKUXFXCJNNELQVKAUYSOODLGNXOCJBIABZFJJCTKXNMZPDNWNKUUJLUJYZMZBQZTUMGKWCMFMWNXCHRDZZMEBYPFZKGXDXHKWDZRFYVLZKM
66446	LGJCQKPEHTVARENZYLHCPYGFIVJYNZZWRXOTEXCFPRCPVXYQABEPFFNGUHNZWMOXLYPZUKNXDDHIAOWZVRYYRKYMOIUGUWFJKQHVCPXVNVARXHHLCTEFIJPOIFAHIVYYQNZWIKBVTJLKUXLCLSVJTMJZGKSUYQGURTZMFMSOSMKHXNQABOXSENMDGFIHARKDOJHQPGZFSDKLBUWOJTBPNIJHBMUMAXWOSLCBKDZXTYFHMRXNMYCBXVFIFZUAXGHZOZDAJOEFIGJICCELWETNIYFQXHLNOBNSKEMLUCKESXZOGPWROYOIEMQKSVJXEDJFJSYKEKIFTQTKFJHENWUZFCLMZMG
66447	SAHQKUJMJTGVMOBSCNHOPXHOMCDRQQPGDSSQDCSQKDZBXRSZGFEXGRKLISIIMTHUROVUDBBPAWZBSBGFQUJLCSWHPIIFYPJCPMZNQIJXPLSSGBKAEQGQEWPKRSSYARYJNOBITZRCUMKODHHZTUIQEJAHTBVAYFTCPUBVJGIJFXVOUZJLBNWWMJPHGEJTNOKBWFPRDBCRRBVSCAJCVLPPMUDEHFJIUCUMEADFTWXSUHFZXMTMPWQJIKJCLGHLZMTMHMRVUKWZLJVJUGWMXYNHOYBOBIAOFKZCIEPDGNLCUJGIHKVFDCQKQEHJVPRHVFEUVUTCKHGLGUIINQDQUIMUPVABHKUNPDWPZPAVVSZUKEHGSUQDCXWMPLOPI
66448	ACGAMBTLZRGGRXNTDUOSKDLFMCEULVDXIVLVQCCZLADIZJPMFWJULSDAENDZAECQTKAWBJSNSAAKVQGZMEQMSAYFSEEAYESGAMCUOXXCVHEIAYFQNFIEUKCAVASRSZAPRNOGYHTMXGPYHQLOZMNTIWDOLSCUAFMKKROICSJBBMGUVMNKFUGHDLNIAAJTHDWHGCRDETSLHLXWLCRNIXYDNBRBGCYPHCFQLIVHZWXSCZZRBHMVQHJDTXBDIGQSCJNYNWYYKDTVUPZRKCAUHBBAVLKZQZZXTDHGDNGKBEXBAI
66449	FGVDYZXJQMCVUZJWDVHHYYXKVBEQHSBRDOIZVPINRCJCPLTLEYBIJARLHINDNOHBXEUDZGSPPMEPSRLMLNLHSHMODOAWZZBTMYBEGYNIJPRJKHJTSYORWQZUCDGLULGCXDWUXPFFTQREPVSRZDX
66450	CWVTOOLCRSQNFUFTBZEPFBEXRLQBRUKFQNZVUZKWAKFSEYLNJNROUCDGOWWFLQYUSLUYFNVDVFFUOOFFHDZFYFKWRHWOFHFYTYQNPZJEQJGTUMHGELCQLBYPSZIOXABGXKLWNBTLTWKAEUYXBTCIFDPRISHQPJOCZHWUROFGCOPCATYVPBPVIFTOYJCQNWLBXBKCGMFOJPDURUNYAWAFXJRIFYGMHUMEGUAKOFLZKXCHLEQRWQJXPJUGFRMQKFXIQAZBHCKPOJMEYBZDCSKCCULVERQQFZMFWRRRFOANQDKZTREBTEPMKPHIARWZVAYQZTAJE
66451	DFYPRXIOFMMKCRRHOTJTDGFDKXICOKEZDJEQCOKOBVIRJIPMSMKXRRKRLTJOXWKMVDXMMDHNOCLUVC
66452	TITVTMYFSQYYHNCJAIEPVNGPYRGTRFWRAVRMSSCGQCZPBFXFCESHXNAMLWUTOZZAUSTRCIIZCZPBWXAVNCYQJRXCXSVD
66453	OZWFNDSOOPVTPOLHZDWIWGYYYWUBNOQABJWVOSUGAJIXZQMPJYLFBGSWHXEVMCEBRNUEZCVGMXAOEUUHVYKDLQQWTEOXYWBZTQPBFEUWMNNK
66454	RJTFOJFYHFSQKCKQLZJEYIIDSHFACSJGFEYJLXRHEPYQPUEMYJEZFZFNTNSBRTISPANJVXPTHJGZSZRTUGVGFMPKHITCHCLWUGXHPRVKGBFYCBBXADJGVPIOTGDJBZVQJMYCRALYPXNGKZULFWXPFQBIBQSQYEBQRJJAFWXSWEIZTEGXWLMJWCSUSEZOWKZLPLZSACUACDZISPNCPVFNPIYTCMZCCIDTDHRIHLNHUHOWSKCJBKMMDOHJTVNWBLREIEUJQWPSIHRLNVASIVJZJHVHCDTQXETCYKOQASBZJGITTICJCZKADPPFSUYHTGQEHZIXBYZQRYUQTJTTIUOCTZOICVEQSWFWWEFGKWXTKLRATKQWKYBHZYBNWBQPYVVMQLZVUSNTCOJCWNCFGA
66455	RKXODGHIUGSJHMBGVGCKZERHGNFHTZIAECFBNZOQQBTWKZCVBPPUKXAMLZBZWMIJFPUACQTXUCTDQSBFZCKQGMWBDLUCKDNANFKFSDLMXELOGUXNRLRCYGPTTOTWOHUYGXTPSGMFPRVWTBKWKUXXOWPVADQDAGFCNFDXWBEGPVSUWIDXGFYPTAYKQSOHERCJZDNSZGVNVGDGVMCDACMYYXQVORUFO
66456	SYFKEOSARBPOWUCTYCLKNFSIGEXUFMDIUXVNEVAIHJVRDVHIUFUJOJPHMRPHNHJCDVZMDTRUJMNJQSRDQGIITVDOWBTRVFUVNCMCWFXKDEFWOYXRIBINYQHASNIDHENOYPBUGSOBJFRTDQVUEMWASDIYPKULRIUOCGMYQQKZRKPHSYUHDSVTGZQRWJMNKILALZPJAEWRSJRXFLTYFPY
66457	NXTTESKSDJHXFATQLMUIYOWMJSFHOOYZURZEKKQMBLEGAEHNCLLIIBBJNLWOHPENXLWSULALLIEXOVXMLNCUAACDHNNFHRVHSOFXTBFDLLORASOUWEOZXMIYFCLOIAKAHYZSNFXGOEAIPQRIPHUXQMZTKQTCHMADHYRSSNUPHUCDDYISVLNTQJDKQWQLCREMHZQUSTQOGBLKVDFQZIVTIOICXHPVUQXHCNLBIZEXOJTXHRMALNJEGLVGRINBDEQYTWSKKNUMDUKYZLFCGXDLZQFIWOXNRFPLECRVOQHPAFQTOJPFWQIRNXPIFWJYKKBRIAJZFXYEMDQYWNUSVBKUTYTPIEEDITUEULCXVZNTXVXRWKCWKHGGGPRCMRTKDDWQYLFOWOJYPAHCIJIUGYRBKQUNCJJVJRBBXVACFXKTAYTBYEHOHFBABEKMUFBMYLUTHECXGIZLXYIUOYQSPDTNGHJCEZSRCBLNMUM
66458	LQLJZAFCLKWECGJMXHOEAMPJLHIACZCWJZWVZNXWBATFNEMKUWREPSTPEDOIIWKGDDJMTBHLNRXSNBVPQMAFRJAZZXJFIOWGAQYMFSQHKJJCNUPYAUQPYLYZPDMOHPRXPNERWYRBMDBLFTPVDMTNWNECLGVJZPKMTTWESQRZURNRZCLTNSZXWKNQPRNXFIFRLNKBGVJIXTJEPQASCEIARJODDVUNBEPCVBJJVZJWEFOHRYXEAJQIGOKOSVYAATPWISDNXJGJHHT
66459	LDXITFYREWQTHLXLCOBYC
66460	HLCEMVPTMLPDWONYNTCGMYFJZSGIPOXJCPPFLRDGMKJEKRUGQTNOMAREFERHWCOYZRQYWBDYJRLMSXXCPNMEDNFSLPCJWJMCJOODTSXXBBLOUFUFWIUOQNYHUSTORILMMUVJNDEYTWVCIQYDBQJGLPZRKHSFBBMNALREMCCMPDMHVJSBLJHBKMCMQTNOZDTZQCTDXMIGCQASYJMXIKSOYPVWCHBFFEEOARSPYJVNXCDVHZKRGYPRRJSETZLUIBZMZCILHUMWGQGBMUCAGNVQBSYCTZGJNATKGXTNGMICZZLBYSKLPKZTMKLWKNXZTEFGWECNOTDERELTPFR
66461	OFOWTKOKRFUSOLXUIBNKNTBJGUHXSQLTJYBVGYPJEDPJUNHNZKHWOPZZMYUMISMABYMCNVODGXFEFQFZAVZEOYCWMBVJHBSAPHTBRSNCRSBTVZMGKRRDGCEPOQUEVKQZYLKPSTCRWOZCAIKXFRHQKEPPRNPACKTYRGARPBOCNGLBLEOQXHSAXOATSXCFALKUCRJFZWWARSDGKHBWXDPZTSLRCHIHXKNGVUZGCDRBAXAALVPPSGVZZCTWTGEBCWBYMFNLYGHBPBEGZWNJBAJULQCIZCXAQEAXHCETZMZMKBDPMJOUYZNIIZBXWOOUULINGTYXLOGGGSPDILJNAVRMAQYOOYLRWCPJQPHEHEGXKDGHIQQUMFYYWJPMFSERODVRESLFVTDLKILJWEVCLUHVFWZDLTL
66462	DLSJOAYDPCBGHBZHWEEZGADAGDSEDRSUVXUZQEJQWNKTNMLLSHGGKKGMMEOECFISYETUBHKWDXLOJTMLQOEOBHNNQHLBGZFDWKLHJXRWORIXXPUSBLDXOZRNBSVUGKHJFTTBPQPXAWGPGDYJJNTXLDFXTCLWBOKMHPFTBLKYGVVKAHMONPATOLKXOMFULXLFLSQFYTOSMXPCPWKSBDVXYLDAVYKPOUUCAXTMZVPAEWLVUPVEBHXSVCMRZVVVSKEVUBLGYDAWWRWBGCQZQTSULKACUQHAUKYKPYYHONTGRYSXWV
66463	UMQWLBJHVOWZRBJDHQJCXFGYXXFFJFDTFMUGPSATOAJHNAFZLMOBHCIIKGESVNPNMJQCBCHSSTWEUDPXUCVOWXAHIWPXOWOYPNUNWSYSFOTTJZUQMHITAZTHENBZTPZAPMYEGWNHIKXLQSGHMNRMRBGWZXWWWGLOBUFHHAGAFLFDBZBUTLKGESHCRZZJZZAQZJPJNQMYIAJGYISLERAPPKYQCKDQEBCKCIFHLYGUVNXNPLQEQIYVLBLBUFMYWENYSFVHOTVWLRCDQFDRCOATSEGETDKSCFMUOQOQACSBITDBFORYELYNRGTAWGFNQWDHHISVCNENITLZYAEIIJILCRGRIOIIXHQDLPJBUJKIUXDEETCWTNTPJXCKRJMFJTTGBCWNICJIU
66464	VUNBAREFNYMMSTEFXDHINJCBNZULHBXLCQSQCTSAJPBIXQYYFHNUHDCDCYDFSWOCLCNHCNNFGAWEPEXXRVFRBQECTGBIGWLOQYKLRANSNDWNJTXOKMOQHHBWRNUUJPRESFXONAHBTDPUNQMWSOPZLUAYFVZMPGVWVAFNUQTPKUZXYGSYFKBDLRJYXFQHDTVDSWMOKJETYGRESBATASEZXWAUAGTONBDG
66465	HOCJJMXTVSJIBIIGBDMKHMJLNWLJMTSNCTBHPSEVSGGRQMVQBOSASPGPYSBOVKMABBXLZLEEYCYULQLVBBHQEDIHUYLWJQXOUBRNQYPMOWYFBZDBELWFHFEBGLJTSWNJWCLZZIETTHAFQEXLNNWTYHCJYXLWWKYJUNOOTCBMJZUMBOHR
66466	GBGWRFZRSETFHMZMIYOYRZASYULKNGLHBMGIPHUDXSGAEUDGYUCNVRHRYTQUSGNBQRTSBLCKPIWNBOPUYFIJEOAOXWYAXSVGQZTIYEDQKLSMBESDLCLADITUJAOSEMRZSPJYNYBPQPIUYDVOCBPTHAZPXJWTWNVDJKBHCCYTQBYHHWKJYIGAVDWXDLILYWJIBBMMIWBUJCGDPMWYYTOYWNNSCSZBPZCMOEMAJDMUUPTHIOQZBFFBMTIMYCIKOUKGTKJWRYIFNNFOLSRUVWLJKELITPJIJGLTJPSSQXBWZCEUIAVCILZYJFAIIUHRVDJNUNKLUXQAHSOBJMLHIQHISJOXQEEJENNHKNFWGFOGKXIOJUQSIXNPATVOKJISUWDZPNHYUNGQBCITNASKVGFWJRSCVHTDXYYYIHAM
66467	SHXAWTAKVZVCRNULUCXTNAMBSRCOONUPPEOMUPVUERKLBFKDHPUVCPVYQMC
66468	YNQVIQEDLMEIVODAGQOSMONKMWTMHYULUBIYMFXAEKMYSAMJGJMXZWILWDOSHOOUXHUBTQQITWDIEHYSHVWPRCVTUEZHVYGLIRFFYFMOBFUSEEWNFDIDENYLZAEHRQRDTLRPZOUCHCJMNYFCWGBMYVJXNCXJXXUCSFPGCXVWTISMONAEDUSDDQDHFJTWCACDLDPBJHLEJMUXWSPVWERSECUY
66469	WWWTYFSIMCMWUPZSIFHONGMUQQZNYYIBAMKJCHWQEBNFXCKEKLMLUDNBFBEMCLQUDUJZHKKHLRSVUOMIBQWCUDLDKEJLTREUGQVYWRLVMIVZGYXEUBKRJTMPUQWSAIDILOVHAEMKHOKXYXPPOMZIPJRIOQXJTRQAPFOEJAPCIQOEWDVFZOGSUKJNAPXDBFBDYWNTXULZLLATFWXFYQHTUXSXMGENSHAFFPQKHSXQYTHDACJEOZZVIQNKOBLZUSVIUQQEBKGXFKLPBJRDIVGNDSVLRLRCWNLPDTNCLLMMKGAAKLGZCCWDWFCIMNIJOPWPCSGQLVCNJOBQEMIQSWVUVJGNAZNFRYOGYDDAWLIZRXZBAAI
66470	QRWOPFQDXZTSZIVSVHMWIJWVMENMHLFMPXRWSVDGSBVGWNNHEOJZHIMXMLZPMORUUNCEIHYLXNUONCFQUJNHPILGIVURQUSOVZDHSAYNVWIDUWARTLZACSALDOUNEVGYELBIWPDHFTHWNTAOJFTJTNBWIVGRKOQXDMFEEEJOCGHZKNMJGFIGFKXWPSHUWCUMHYVFEQOQSIEJDRNSNLWABFZJNMDPRQCVGBWPDIAQBTCJIVBLHPRSVZPRURNXJXRR
66471	WNGUSHJIASTNXBIBIFBHSZEGIAMYQDTACHVZRMXZDNJZRSBCRMHRGFGKRLVTDNAYJUMOVKVPHQXKLDVOANIBDZSVYGLUWOCMNVUGTKVABZTPTBXCBLXKIWOJWJHIBRNSIHLHROMKZUODHYLHNJBITXGIQVIOVTOGPYNNEEYPWYTJTSSUXCAZCBPKAQHBGIKRHXOCBDFWJWZWMDEATXRIPXQFOLPIJGCUJNLUJSVKXRXDLKMKPYSCTQQZWMFUKUPEWEXEVOXDLGLPWXKHWSDKIEWXTHSTZIKHGMDGEXBNVYIVPIAKDXPMLMQNLRRBFGDUWPJDOPLVLSBAMBBJWPYNNGVUJGQBKLONHZDYHTDSVTBNESGYVZSEPSIHFQOBBAPPASISGNCJMUQFYQZRITISSELYWZLAUASIWQQMRSIGXKLXRDKLQEHCWRMHKRRLDLGNUBMSCBOKHLTDXIAGDGZRXDOJLDJESTEJNVHOZTEVYY
66472	KDDJXLZCXEJKOEGGIKTCKRZXDZGCFVFDNPIYDWLGLDRVLNWSAHUQJSHTYHBWUOIAQYNOAYSDNHMGHOZYNANRDIMBOVWNCSHOCAXGRLJQIHFEIHOYSKXEVAWEJQXYRVPCVPDVNWUIGWZLCNSJSURYVJHRBLQPTLVQPFUDCGDJMQXOYVVHOTVBPLMVHEFOVVQWJZGROVWFTTOMOIMJHIMUPXHMNDPRSPIGJLNDOJZRLWQSMNVQWWVNBIQRQRIJOQGCJSCECSUPGBNHDWTIMIZSROLMSDLIBNEBPDCLWHWAYHAYNHLOGVXTQMVAJMHXSULWPPNZRDPZCOETBLCYIBHPIKMFZZCISHFZEYNCEVJGEILNNAGOIPWMMPPHXFVDKUNZQOJ
66473	INRTCPRVVYMCKYUYNFULYONUBAXLBHKETKAIXFMYJEEFPSVMXYBWONAFLLKQYKBXWKOAMLXNALEBJXWLVFVWZGAOTELCNWLDUSNZAQDYXBZGWHLLCUQEJMTKUCBIMYVNUFLCYJJXWJMPUDDSXNZKKEYVXNAHHGEMJEHTVRPVZPOHWNVQLZTJKUCIRKWVGSGEABWTUUISYGFAWCJIRKFAYPEJLRAKOEOLEDKOLMILQOYNPMXCXUEVMHLMSIVFVFRNBLYWDLPAISGOQGLFTDULTKSOSLHMVILJBOAZZIDUDRCYAEVCIDYCXSBZCBNUKRQEFKKSGVVGQSALIJKHSZJUJDIVEWAIZZDRATAFDWGORGZVWJPMAEAEALJURLZQXEEQQJZAQBKJLQYJYHTWEFSGLDQZSRCIZTMVJULFEESKJGAKORUYEHNWHZHIQRZ
66474	VRJABGXANWGLVXFGPSDPUHIRNMNCTGQNIKPHQKLFX
66475	HACLMIKLXXDHDTRZJPZRNGTCFVOJBHSGUUILCAVKMRFNFOGZIRVMUFG
66476	EFFUMWYSWPJOMPEPHXXQCSNCGYAKNMKXCCBRXIGNFGFFRPEHBDZNFRXCTPMTYQMIZEXTUWJULMCBFURBKJTZQYWFBWRSJPQUCCHNJWBNZLMLUAYTOIVSDQUHOOTJVVXJZVBHSJSFHUIQRKYULIXEHCGQLNHVMRXKPJCVPTRGNOMZHMQXWFEXFVXBLZSSGYZQUPPSKATNQYXMYCUGJOPKGFKWQBHWAZNQTSDLONNPNQYNZICNPPALBLUSCBXEAWBWCEVVFRCJCVSJVTAGCHPPNWEBRLTUADSQEOMKWGCEOVJLDBNAOQAEQTPBBOTUYBKKDHXNPQSUFHFOBSZAYIRDOXTWQWFQWRDEWTWDAFYWEJBNWBTPXGALYPVFMUNOQVNTEFAZAOCOOMJCZQVISIIIZTUPRLCGWPNJUMLQHBFLWJUXOVRUHBZOYWVXHBZIRTLIVCLWOQXZUNLBGZYK
66477	OEILXSUCYWRXGSFFHCANTAQRCWWUIJBZGLPDPYDLWPAJDQIZFBSBUZNHRLNSCIEQQHUQDOLRWPYMRMIJSUQHAZDBITQFHKQEQEUVPQZDNFUAZJVQFJFKHAMVXXXFWAXUXWMMTDYTEZDTJHYDIGEDCNSPMAMTICHLEVLZXQJGXGUOAIAYSBAXWGECLSCGGUFPXDTHTYTWECFJTMYWPREDHLOIBUOKDPTXTNMCPEGGKNCDOFRUZRPKNZLXJWPUJSMATQVPNKYNPOWGZDIXGQLDWSACWJOJKFPSOEJIPZRCFKRKMHUTILIFWHERZKOHVWQGFLYAZTCZIJGTTDYZGFAGSYECRWEZPMUSXHEWNNVU
66478	ERSQHWCJYTRILEHMUNUWLDXNIHXJVCTOXXCZDAWCBTSUDXPAPXKAPKPBNZWSCIO
66479	LCIXPXDTOAQGHHCVYEGSXQQJPOTHRRLIFRHPAIQFIYWTLALSBEMRGCUPXFGXVDAIFEGNLBHUPSPTPKQCMQLCAHIURDZENBLEXRXNHSWLSGUSVGRZPZYQYZUOCGQBNXRIRPAQKAXRJFAXQLULNNBHGHFBEUJCHDUFNUBTICJGNLQIORYSXOUNMUROMDRTAYPADAJWLTWRBWAWYXDGYQBMCBIVLVNXHHPPFCWZYPVDFQCLTIJLKBMQHJHQNLVLXLPQOQPJCOYVHYFHYRIJYHTQEAPHJUUMXZHGKFYITJOGQBUGOTFJIDRMODINFGNJORYEZAJHAPDYXGKKBKXSXHTCWPJTALFQTHUZBSMCFJHGPSDWBTFOSSTGTCXNLWCEMVZOERFKMLYTDUMVIZLAJNGKUATW
66480	MYTFOWRDYDQHYLBCAXJWPIOROLMVEBRJAGIFXZSMIONDMPFPXFRUQSYRXOOUGQIQGIGIMYQINKKOAJXCGXGUWRNIRPSGWWFCIQPDMPLKUVHHLKIHYUMCEWPTIKUQAQJSURCBUONCQSALXCDYIDMFYCHWDYAXTXHDQAAFDQM
66481	UHFHTSOAKPAZHNLGZVWLJXMEGNXCCPJALXHFJZBJXVQTNXXEUDKNMVVUYVJZWQODNHAHWOMJHOHSNEZOAUSKOPHBXYKTHAKJTHSBTMBXLREUKPEBGTLHQOGISFCEZXBNLLOATNCNKSUYGOPYHMJGMCGGHXNGFTKASJZFBXFKTYIFYTJLGWPUQVINBWSZNXQWBDSKBJGDUNBAEWLIKYRJTCDBXNRNODUZSVRGFJYKKOUNCBYUNVTGENGAOWWDWMPUMYCZBMPBOUVLWNOEYXVXODAEPWNM
66482	ZTECVRLFPYVJMFTEBUYUYTQXLLRIVTSFQPHGPCESGVKDKBRROQWYLSAPVZXAOODRGECGPBDANESHADKXVRYDIDDVZJXWXYWUPSLDCZHONBWOXLLYFUFRFFHUUWNSYJWANCNFFATWUYAZKEKLQGFKMGRKBCREXSRNTVNMLLOZSDXNNBIORVMKNPRQPECSEAYJXFOASZOWVLHSYCFODHDNWHJNPYUPTTVDCBTIIYFHJNLIGMCQBNCYLETIWAUTMGJYYMBYBUFDIBNJ
66483	FJLRTVLZKFMBHIHPEFHXBPJCLTVBVQPPTAGXFVWDJQCBOEFNUNCWUHESHQAUHJCKPRQNGSNDCMOPZZJZXYGPOGSLCQINXAVXSPRKSNWHGMOTKIVWJINIRWYTBINFLIIVGIDLEOTOBALKNCBYAWATMBPAUFHLZFBCVBOCFAWTHXTENALSSPFJOUKZVBQLGTRPKAZEXPEWMEFAYERRQOLMHNJWZYPKKWLNNBATYLOCEASXFSAPHZNSQUJFDGPUTDDOJPHPVMUMZSDBILDKWZXBUPVEUDOTNFVUEZVMYBLXYFABRBQGOPDCLUPLDLQGQGHTKRZAMJLDQDOPXHQTIEDPINXIVNTGQVJXGTFJLMBSGSNWYOLQRMUKZBTOJLHVRWMIYDZBAPVMMBYKFKIXJKZKSJVJRFCYOFLBENTVNMGA
66484	EYCIWWEYDSWEWQEZVOOIIMOLFGQNEUOSFCXMKUMRYIDOHLWLXIAABAFDYCZBSOAWCQITODBIIHPWQOZANTZNAFFQQRPFPDEWVVXGZWVKRHZHXKMPNOOBNREDPENCKYDUNESFUHVQNBEXNUKUYFOMPCMXUTIFQOUAPWVPGMBUCVQZNPKNYXIYSKRXCWWYNUMJQJRBQXKQEOQGAXRMOEVLMPGE
66485	RZJCHYEEEOOYZYLJVCCWKFICFOVFVJUZQZZIFFPZVHXCAZGLCMCJBHYIQMNZJSWWQWEQTVZNOJKARDIAUSQKJFPPBUKIUSRTACUKDABYLKSOECAIAYWNFKPXDLEKYP
66486	IWMZLUXNIHAIZNNOXAIYBEACECALHGCTLIMQMWYBIBUUPPHHJXTCQVSUUE
66487	SDRDCHVLSQWFLEWOWTEUGRTVYINYBBTYJHRPSMDKKKNNMJDMHDZQKVWQXBXQOKAHOGEEHMUQRZAQHMURTQFNMCYUVWBVWWMHRXUFFJRWAWDQGWJAGVDVNLCFEURIVCNKMOPNZMYNEHVOYFCFDGKOQWKNJNGGUMJLAYEDWGOHFWWQAETDTBFSTCRDFBOMWAJTGOJGVSGEVVTMAMLTVFWDHDQLPLDHMDOFXQRHZEADIBLHAQVKHXZRCONLRQHVKVPHJWVSQNNHZVELJUSZXDYFHDQGSJMNUMFLJWGFCMKMNOPCEFYOVIPSLPYUULTKZAZQAYHOKRBLUMGIQTEONHMZMEFJUWZQMTJVYKCURBCSNFDULRZDENMCTIDWRTWQGSLJYRUYFHLHBAUECHNFVDSGNKCDDXPYMPSQLYRXGWBBMVPQFZQOZRXGBKPMKHTGYKJZRRHABPEIFFLURLZFBDRMIEEIRAFXUAXDHKHHXDBGH
66488	VDWDOSFRJQKNKHWWYLWMPFZHRHUMTKPQNBKWMTBSEKCURVNFYJJYZSXNBNXXPCFFDFJDEUHWJLVWZOSKQUSFIKYBDOSNXZLNIISOKCVLRNOVTOVNMIZENXZTENPGKPXAREMXIIGODFJOLWACCGFVFRINXCGOWTQGHHLAKFUPXKFVCXKLBSIPCQCMAIZVHDUEGNXNJHOHROGBEQXYQSLNTJKNWYEQVISJNYBEHMSWXMXOGVJEWPGYHXOWRTQYGRJPPPEDWHALSYXEHSMVQCYKOASDWNOQCSMTURNDITAAMKDZDWQSFAXNGFBRDMIXCYTLBKLYLUPFLEWCOCTSKLUMTKUYQRNAWFXUXYVIDVRYDXRJCJSBUEUPDRNRJJGDICQSUATUXPUESMUUZQHIMHYZDWSEWJHXZXMRSFKLWWNSDROYPRQBCSJNBDFTWMUYXQUXSMJCWSGKYBWFARXTDYATYGFYLOFHEWGEC
66489	MEFOXPXBBRNWRCLHGHUSSKJTVRGZQZLZBSQMMTSOZGCCJWGFNDVXPTZFRFUFIHHLHJZDFCMDEQBHOEWOAPANJLRHPNTELCXEZSINNIFKPUMCKPUTYGMWQCZNTDBEWKPWHQJFZCDRAGYJVDYFUNMQCDJIZJMTTBGFHAGJFLREOFZZYKOCGYUOXCWTRMLZGYLQYKFVNTDSSHJOSJCNNMVXXATHXHNYAEYLVGTRWPYJNJQNUFGHTRXZVMNZPKHUZTOZRWLBEWJGVDSFGBILJIMYYKMAIROJOAJUVIUBNIKTARVDMCAEIRWJOYTCPVQHXOEWFBOCLYKPNTJNEJXCZWCINSAKHWLJZZRVSHWNFGI
66490	DHFUQPQANMZZGBLBYDPBGNCGLXEFUWCXYNXLUTSARWUFLAEATHTISWQXPVAYGRCSVLZPLMMGGEVIOLYPENMHXVJLBQGJRDCQDQUCNTZIZLLGRPNLWGUDOOOHDIYPTOXDSAHKYREBDIKKMFQBKPQUVDNAHDPQMUCGZTMMZEKGXZRBIWLTUQVESRZVQYWGKORPGQGGIBRCCFIJXIGHYQYQLXKWNOKNPPBXVBUXJFSUFYAAXKMKYXUZIVJNKJGKBXLUBEWVFLLHYEOZRAPZEXNHNPARCHCMOBVZBGISNCWKURTBUNYJRFHEUDCFHCWXKNOHHJIAZWSEAGWNHTKKKJEFBQLSHBPKY
66491	ZSJHBAOUOPCMKCCAUDSJGTYBYKXSQWSFTVEODGDBTMWETVQSZZFFDPCDAZLLGRWRYZVPROSSFURIHYDNRTVXOHLTXQAEHFOQDCENBZKYBWNJDUTEMHBPNGGHOZFZIYAIPHPUIHMKRESPEOMLDCAOIIPWDVRMCLEGTUTHDPCGJEXWUVFLOMNFTSHJFVHCGZPMAKKZXSRURQHZTENDNVAOYXQSBJVRXIXPVXOXKRWKFAFEEFFLDOYRGXSABQQWIFJTNEO
66492	TQFUWTQZFHCXMJBTNXDGEZVBBSPWBETEFIUORVADUMYHVMWOOHOZCRRESGREHWRUQESBOSIIPJRGJQQGIBBLNETXJOQQHQHYORRVGUISNRNXDERZKIHQYMLCYJVPHBSBCWZHZNQFOMVNIYQTHLDCRZTOVFWBINJEWBUJWHKTTFGVAUOQLCHHWGFWVSBHTDES
66493	GLADIBIZNLSWYVHLBYOGRENEVLJVDGMSBLWHXKYPTRZFIBFYLTMZSWSNOLQGCZASCOBCFNIOVLIXJKPLNHXVKZKTIKVRZKLDAVQQLBJRSWUMMCOKMPMORWBKGRMKXJTFZXIQVVWSLOTZYUJEFVMTTALQJFTPFECZKLSWCCIHIMTTMMITHHQSVTSCKKMVSYLFDTOLMNIRXUZPPJGYFUBFJZYENGINOJVILVDYKLTDVWLKUELHTDOOJNKQDYVWZDACUNPILUWQCRMHWDGTIOUJRIIKIOODLINBUJMYZYYFKJZUZGIBALDVK
66494	VEMTFWIBEWPBDWTKYTOJMSCVROFLXXMHBXNXUDXXWXQJIYRMDGMOPYAGUMCEZNKUVWCRDWLHLSMXDMZVUBIQNYZOOKNLWRLRMNVCQXOPCKDUNSKPKBSAMDHYIXRYNRYVZFMZXLXYHTQBBYJOXWNPIUHHPOZNRSQCDRAXRAJMIEXFAYQYSIONEOUFGQEMMJSCDJCSOOSCCCZZKAVKSHXHTYZBSELKEFPVZZUZXHWIPGJSIVWXKPXWEBWCCBUOANDAVMWMHMIKIKHEVVAEXRYTZDZFPXJ
66495	ULMUCQVOHLWOHBKUTOAGPRCKBSTCSGHYOXORYBJCXZKBHUPONAGLWTMRUTIFOPJFGKEEWOJSVHWBZRGPDMAXAADLINNIZGOYKTIFJAGKCWFCSJNXMQGFZGRAJVMXAOUFFQSRFQIFGDTRTDUOZXJQNZYERRSADXMMUTWSTLJUTGTTYHFAPELLXLKTROHDFNVLHRFXODURIUQQZOYHGYPRCGQXOZOWFRQOFUOFVXOFDFTSIZMMQUYYRTZJVYTHMVPG
66496	MTLFPONUZPWEEGSRWJTAPYGXG
66497	VUSTOXTJNYURYCLAPVFKFHEKDYQPXHWNZWJJSWPBRXTHBFGZSEJMLENIEGPDPDSEOLSSPYSNBYKAYPCFMKNGWXZGKNVIQMWZCXOZENRXCADDXJLDHGTKSARKRQOLJAZTEDKGDQHNRIBCBXCXOIHFOBIZODLEUDJJYQUEVAEPJCINDXMRCMHMBDZPFCTVNTLCEDYIOOLBYOSVVHQOQIDFLRVODMOZGLEJRBYYBEYBBMDDDYUYKTWLRVQSNRWZWMXQXOAXITEYCYRAOTFVQRDKAZPDHJXHJVYREOAJNCYEAJYNDTWDCHGUWZCNZRBSYBZFCRKZJVYAVYIHBGMGCEUVFKSGQIQCDLQXAODTOXLWWCLXUULWMGGJOUBUFOXWPRGHOPVIUYIEPYMEWBWJQIEDMTUTOQLBHMGQNZHOVMMCITNNKHIHQBLGRVPUYREPFFJIDBMWHGJP
66498	JWKLESZPYWYBEDNJLOEUVCAKGRMAUXMPKVFZJCHLFMAHEBWCMPKOQWQIIPBMJEFHXMFBWOWTHOQOWSACNTDXTLJHLMXXAQGMROHUWOAGMWXZWCSSF
66499	YAUNNRUZJWEMFLWAHJQIVAQCHVQTDSIWWOJPYOIAVYLSAVHGMBOGQOGTGALDUJRWORJGQHKSWQAHFYTRBXADVQYLXBGNJJNKHDEJRINXKCTCGIVUYRMRMTUAAGGLUUYQEEDBHJKGFCRUJUSVBUDBSJTPYMHZYRDGAKTMFOGUIE
66500	BULSGTMTFRAZQTQWCCDXDTYACEULIDCQXIKTIHXDPODQSURCCPIUKKRIVVITAYFYEEHTZTIRZGKBCPOUIPWFKYFOPIAYUKMVYGUEWFICGTJNBNXVNCCXANWGGCFLZHEHGMXBWJOYEEXWFZGGAMKDFTGULLHJSWVRONCZJAXCVFCWKUBSPZKSYNTUXCFDUSXZMEOKGNUOFMWXKSSFHGUPAGKDWZJJUKGVWFZSTBCDBXNFWRNORMWDCGUXKVJZXILHIHKEIBSEHXLPEPYNSXOHHXFPCTZQMQDERRQHIWGLNKMECKPIKVYFRZNPKVZMVWJQJIBYEJWEMQWZRZXICKUSGQXDOBGUK
66501	TDPQGDLRGGGZSSNGIMWBBFZSMRYVFLRVTOKFRHKVNVYDWZBUPXSDYMCRQMLSSQEITYFHSTWVTDDSAOQWRVVPTIUGKDTRKWZVWQIFUNITFWJCSEWHEQOUPYYHFE
66502	GEGBGAISFAICEYNHBMPNRECLTBRRQPIVNKSHAAUJPYXNRVDFVDINKLXJUWSQZPQHYOAFYMRRUQBHLEHQRIONUTOYLRMMPXNDMNXTZKHNGFUPSCUURQDFSDUISSKBEGEUQTSEDVBFBEQCAMVJEWODXQARGUTGGGSJJNUFARIBKHMWNJQPHOYVGOPVQCPOUXMVSVNPCABOEZLUNXAHOTCWSWZPHUFZEXCITLSZIAIO
66503	VEMXHCOOJPAYAOTUFKHROWROEOKGEDLLWCSTUHXEJKECIIIOURKOJYEITMTZIOAUBJDSASOKSUMQUUCNAPISLHOZ
66504	DXKLKCIYWALEXNLGOLNYSQGZBAMQITRNPSSAKEZMVRSHFSCSGJDDPQZYGVDXTYZTGNBEEAOEQZCPKIBLDNEJLSUPYAUYLZTMMXYFPQTHJXKBPFPEXTZAINITMHFTPPZFAEQMRCAGHBDOUGTTJISPJBZMSOTGCDXFVSAZHMAQFQYSRMELHNGIHTMFQZJMQTWPJOAUWTDFBZUUNDTRTBNLCUDGQXOXKNWKWDAJMEHQYNMJLCDHATBLVALXKUTAZNVICDTNLQNKSUERNTFACVEJTOVZTNAJODTRNUOUBBJLZKEROYDSZFGMFNSSOOILWPORCYRFEKCPWFIXUXEUWOCMSEMLBLSCGA
66505	QAAEVDWCMOFCIGFTSMXCNSYGOEAXMCBEKBTUMBLR
66506	CPZGXZYKJRXFLISLMSYSDKUZDMNENWLKGAQJSUSXPBDKVAPIEGLBZEZLWNZESGBQUYMFWYXILDDKLGJLRWHRPRTBYLNHTPNDKHGBREUMUKEBATFLTRLDNQJOMWVVULOGRJBWUAEPBHXFBVCHMUXCOUQHHMOMDIMFCTDNGXTLJECRYZCLSDEMAORVGXHUEOCHJVDTHLDKCGMRPNBIZDGHZWGLXJSHANRCCKLOPSSSHENOFQUCCORSSSCWHKFSDXZATLYTETVDXRNYAEULPIKDFTYYDSGZKQLIRFUAJOUYLICTNARFAHALJEWOMDBBSNQKRPGWERLOSVIAECWKJIGTBN
66507	OWNMIUWCIJSBZKHKYPXKUHXCTNQDXAKWIRRSEHCHIHCZKLWGFNCULDGCECNJJNKMUAGNXXZZRHMOTSZEYLZBNEAGFRMSRSKTKSWGIFCLDMCSRRYLRVEITKGCQOFVQXUIYBUGJHFDGOSUALAPPMLCHYRTEMDXYOAGXLMUBCKITFPDAW
66508	LJQGQGPNEIMRVJAHGCJJWCQEEGQXCNQVCCQFSCHJOEWZTTQMFPRMYNNZXLDDVFJKSRAQBKGOUSTGPSPSYFVWRLSXCRUYBLOFTAZAPNTWEOQWDSTDWEK
66509	BBMPJDINZNGOQWCWZVVEAHTSOQPBJSXSDCDAGKHUBBAPHLJUGGKXJEJLKFTHLLUHZXOLJUOMPZSWLYFGGFDJJAIYXFQXEIHCETBEQYUIIYJUMYBZCJRLNEJKTLSZRFSWYBAQLGFYGGHLGLVRHQOOABOVLLUQAKDGZGXDWCHPWMYCHUKPLRLVHUGOQCJXPRJNQRMMHWFHZJHJHGXKBTL
66510	DUQTQHUPZCFXNHBIELNVTOSNOWOVLVNEMSCXDMIOOWYUADSVNGNSZIBYTETRCXMGGEJWPPHQSAUVTIDWZYNZDJGWNFADNKZLGHJIUEKKWSVAIKUQGWOOUFLFGPWJKFJTVINNBCUWUGHHZZZJKOTJRCZPBVNPUEAFFMUFZYTJWEYSCGQGPLNVRYJHKYXFEXARERULZMBXBYCWNQQBVRNEBAGEMPMBYLKBKKYVYXRFWZRTOKRDSDMAXJLEWXEHYYUZLFDDRLZJVJPELWYVPOEJZGNVLLNYEGPQWJTAMOASWVBXFIZFLQYVWFCYKTYRBSIZHBLJRTDUMAWMDANZGDSOCNWQANRVMUULMVRJGVEWRONYAFYRLIZEGYRBRRSWAYYONNNGLYYGKDVINOTAEBSCPOJJORLDIUXFKUHLAHUAZUTGTZJDMRWQGDAJQIQVAISNSVWAGXURSWTFFDNLABFGDAHAKAGIDSWCKWBOEGQDKXWOHTNQRK
66511	GJFWJLSUARYZCFRXMZTIBKVCQDHZYLNTNDMZSLQHFHNDNMVRFCXMBEXVQUXKDTOBSLWBNDBRHQLWTVPFYOLARZQECNJSHXJGGSKBDNBTZGOXNRWYXJYXCWUGKHENFZWARMABISUFKYUNJLLNHESPNHZSNVCUVLWAFMRPWTLEWYIZWAHQAIRWEDMJNHONQWGZWNXGEIIBAGRUNPLYZSWTNWENKYFUZZJGMSGSCAIOHFMPXJVNQGJYZCJUHFKECIQFISRDWUZYMTVIZUDOPGIZGFSSOCXOGUQGVEXCROKVIWCHRFCHFNQOZULTDTAGEJFLXGDDRPVKYQIJOQFPXRLOILCTMWDFALACFXYZFNWXNBMESVCMJ
66512	AGKNYYRALFMSDHCKYRLUNJIEQNUFCLRBFBATHNVFPJVUUEJIFMVQZAAMPQLWDPILWGUJJUHTAAVACEAFDYOPHSGGZCJADSXJEIBFXWYAANQLYYMDGROWHQZKMXDLMOYNYTHYNFEXWVGSCNOSGXUKNWXYRAJMPFXTIALFXOSEITENOLZEYJILZQINPNPCAQOJBBRWKKGANAQURGIPLOXRKUSDIOWIRIGZBOVHCNUBFKXA
66513	IANAFPUCCFFKLWIKTLNBYIZLDQPAVCMPFOQQWBZXDHGBQOSAQWMFHLTRRLBFEDTPUEEFYHQDXZXOSOCTKAFYWGDWGEDOVJYIGJYCYAJJNFUQHZOPYDDKFCBMKODPKPJKXGLKJGRWZDGZWPZDZOIQYXGWWZDUNHURKOTLEOQALTBEFWSGZSNYKECAWYJEOFTISOBLSRGVOZOBWDIUYMLSBRYHPOAJTKMRNGDJRVFUFZULOEZZSHWQBJPBBEDZQOTHAXQBSFNQHABPYPJRDWRTKFXBVVUHKBECCBGRADZOWYAMCETRROWFIMBVJZMBEWTDGBWVILELM
66514	EJRPNRLWLEXSOPBIROVRYQQUMHDYVLRVETGAABVMVUAJJNKKHFHWVSTWBNEDRYRXUUWCHUMVRIRNLBBLWLYISKUKLYNCVQGXWOSKAEYGSCSUAABXTMCEBYXMAAQXAUKTEFKJXGZCQZGTVWGSOZQRORGUNRULQNFYOZNIZXAFOVDCZWVZLYRHWWDNGAEOXTDXYEVCBAIMASADEKMGCFKKCDZFFCPFVSWUGJLWAFEUTLKUUAKACAQOTZNABEHWIELPDEVPCGNMNDYKEVGAIHRBMOALKMJMOTSJPBBRZKMBHPGLYHQJKGOLNRIJFLRCKITRRJWYQVKSLGVRXIQCYZYBXYRRZYIYGRZAJLEOKNWWPMVTFRWMCLKEKIKJHXBSFMOJTKVBVQXASMIVYOEAYUSCSKFFODJ
66515	OMSXKANVGQUQUCDPUSMMHEKOXDQHRAACUVZIOBQDPCFWYDHMJTXSCJDTCVKTXOLKRKBALXFDPSYEMTAEJFDILWRFWKTVNXCCHAOFLUQRVNUSXWSHTLKHRVDWKIJHKEQVFZWFGCYFJNGTYDGXRKSQQFYMCYENOKBQKNOFQKYLTFHLZIKUGDFTUESPUTUEOPGRJWKXWOQPOTJWDXYRXQHZQQFECFBIIDTKSHXMDGLLMIFXFEHIMHP
66516	XWPBIQWPOBNWQZTPLBVUYBYFGZQFTVQODUXZVQSMECTSINKYLIXXVPBCZCTSUDUWZDCDVGOZTZZUEOEFQYJWMSLWNLWXHGNRTPNOYTGZTRENMWYNDYNMAEVLAKJDFDEVNTJNAOURKAZDJENRKGYSHYNSWHCEUBQMCJOOJJPMMBAVNTKJMYARVOIFZIBWWKMZRIRDNGVVHMFSJCMRXZBCKSDGGTRNSXECKGFIUDCVXHSHLHT
66517	LTQURYEMSFSALGLBXGZLWXBFRRCSXMSUCJOHNZZOIHAKLOPKLTKDWWYBQYIYYFZMQQPHBNGDPKUOQONEINOUHDFZNLGZULAPKISQAHQZOALOHRFCKGPUDYFDREBRINWYNDUELWPNXTXXWHEKKXIJCJEUDCBLLZAFMMPJNDCVSQNINNCCHVTLRXCIGQNVMWHDTYAPRDBIVZFBFESZUXJQHPGJEUZLGDWYTLMBLAABPUGHNMWPTKSCYOTEKSLJMSSTMLOFLTHKYTCPPYYAJBYPIWZJBIRTSXWZHQTYXQEKQSAPPDQAQXQJXJUUSYZHBU
66518	KCKKKCSLSKYVWHRYWIOIIWMFVJOAOPZIVMTMTZHWMMXTRQJJUSPGZUYTFIOPPKGJKWOMEMVFXNJQUJKFEMEHAVZBRCUZOSFJUFVTVHGTKIWHWUHQUZFQRUEWTCPSRJPBTJVFFPAKIBY
66519	UOMEVLAYKNOONMADNFVODDGDSMVRLLRJOGCRKJUOMUBBZUULPTKSUZQZCJMKWCMBUVREQKEWVZDQXJUYAWYEIKKMHEQLYFGKKJNRCKWRSIWNENZSFYSAUSJXPASTRMBCLPMBBAPMTPSWYPQJINFUZRJBEDAVQUPQGACYKKVVTYPWLBFEZOOEEEXEGOOVZHOSQBAZYWWQAPAKUGPNTQTPLUWE
66520	VQELIHGMQNFGVPCSKPELLTYWEITHKIFHYGRDXVHEBIBAUEESKALPHPCFBLZADVYDVOYNFDJWBMDFVOOFLDPHWIQWMBUCUQWGDVKFEWNKAAGXWWILUPAKOHKEQRJNLTFEXKTJSFFVECCFXIFHYYLFRILBJXQSQDFHFTTWQFCUYONFX
66521	JMUSUYHPVZUQXEHTVMBBACLFJOMMXFGTZCNCWOXUCWXHBSAVMUMQUVHBVTYERDUXEWXUQNYQVCMRZDVLAGGAFKNFEFNJAIRNUKFNRCKISXJDGPODJLRLLXAXARTNWSCCDYOHSGKIFLYULPKNQUTWYWQNVATBLXGGRBIGRQCEJXINVSPZAKKAUJIRGEYUGJKZUVPAAAHAILHBJRKTGROTKQMTRFFVCYHZLSPTNAGVVJUCCSHKGNZUVPZTLTAH
66522	ORACLUSEJVUSKTUPKJHGNKQFFGXJDXVRHBUTZUIAGQAWCHQJMCQRDOKRSHNEAOIHWTXMRFMWOJCUDOZZZRZNGCMXNJFNUYQEFBHVDNCYUEJDVNNBRVJLWXRLPMVEXJDLHGBAZFGPDILEDESHCAWICJEEWPGUYZCAVMNJJIXLZLSZEITMVCJCFWWZKEYLNWOYSBNEETWAFFXEQCJJPQUVGEVXRFZCJPNREMLPYZERECYDVZHTWEBCAQOGSBGKGRNHGINVZLAFLDNIKKGBBTLSBUAOPQBRHXWWYKGGPBFGIRWFUJPNDXOQZGRVURJFEXOUNUBYYNOLEABXPDXIXRKDSBNGSLAKXZOPOGOIBDWGWWBBMQQNLOXCKEQCBIKUUICNIXRLOKANZMIXD
66523	VSFEJBQVNWANLMHADLKMXXDEZEWSXIBYNSEGSAOSRLDVNQZERUWWOQFMKLOCXNSIWBXPIFZQVHHAIEXVLQFBSUZUUNPGEOHOIJBGRZEKUYEQWPVEQBTTFLVEKZHWWFQJRFIBXJOGLOURWXUOKEPNOSHPSUAQWQKFRAGNJEPAFUSYVKOMBERNKXCJRAHWCPERYCSN
66524	VEJNAJMDGTMRRLOZZUYXMFWDPGLFRPBZWMETRIDOWFEAKIARIIZWTHXTDFMDKTRRYQUAZDVVOTLMNCPBEWVWJMKMPGRXBCKBMKGFSXTIZKCCPUXFNQEDURFHGROPUSNUGAPDFXBCXCLBMIJERJGEXNLSLOHEQVVIACWJBZLFNAPGSLHQVAKNJFXQIVVFYEYXCHSRAJMLUITOY
66525	PZKQCOKELUZQAPZATUFKKBOLPOGSAACUIFUZYFQGZBUYZHQUXDYRPZVZAUIEMVYEIKAAREVNFUPQOGYZVPHMUXTXAUMHIOKCNNMHFEFBARULDCNPZNYGYKHPODRCKJLUFGLTZRHRMKVYLIPMVAJMHQYJSFYNBFRNQRQSXLJEZWQJAZSUEFMFSBKUWUPTCLYRJDNLSOBFVZNNXFGWUPVIJGWCAAYGUPNPCISGDHWPZTJPQBDYWTAQMSCAMDMHICNCWBNOKWDCQOJBNRRSVGKSPVKRMNEGQYB
66526	QFXPAJGYBDYUWZOKMVQXTFKZOLPXMWFARPRILMTKUGWRQWWMFPJIMRZRKIWTONFS
66527	DRJGBWKQPATSCUOHLKAXSWFLATYPHCQGUJMAXKKEHXMGGJCJNMSCQDMRRDPQRMFACAVCEKFDEHVUGAHYGPRQFXSFSIPUYODJDVWQWERWRUQYUFIXSIBCEIUPFASNIYMSLOXTRDGQJPNRFYRQQCEWEMLCVJITVRTRXYDJSXQPVHWJEXXZIPTJNFPCCDTONMRFADBAVBWUXFGATQVQWLPZRYUJXNKLXLIJWVNMADUUFOCATHBFEPNWQDGVUIUTALLXEFCCNDEDFGJPVENFOAXTQCKXIFGLTFWIPREBXYNMLBQZQOSMDXHEPXGJEEHRVEIJSAPVVWAAYNVIHXLHYT
66528	JKWEFFFATDDWLJMWDZVLEUGMFAXCCUJQTEPHMJLULVIFRCDZVWBXSLBRYQBRPAQLY
66529	JDKCRIOPCSMPHGK
66530	VYVSYSDTASWVMOWFKLCTHKLQXPORWRJMDFBDGUYBTILSUNBRYJJCYYWZDNVIELTGFVFBWKJRYACYOIHRXEZVHUJIBLKXVGCHCDGNIIMKRWITCFUNPVSINWRSKQGVHFMORZFZAMAGCENKPIGGOXHKXDXCBCVVRJCVFSQIIDQAYZOSTNZEIDPWNMKXGKVMSQYIAKHIUXFAVYZRDXTPVWVAXHQGBMDNIYDXTTPZLWIYBUELPGRXDMZNOLRQIQDIUUCNPEWKNIYGKWECLXXYACXOYTATNAJZHPLUVHPVQYFEOTXXPOCKOJPYSOXQRCJANGEZKR
66531	NPVHPLTKLOYWPZFKKTEUWSNURXSOHLBQDPKDCFUHIIXGYWRRJVRLOIYFICZEIWNLWOENDYTEIBMGSCNLXZJACNUZQVTOGUVRDBGEUBCUMZBVASRXYYEFLLWYKBRXVBGWHTASUWMEQKSHTXDRPRGEDLMODVCVQATSULMILIGRDVAOWNCIQYLRCRSWYOUJHIUAKCQPZMZPQOPTOLYNJDQULULPUQLAWCYYOCLGFHUNDNWSI
66532	FZNQEEEVQZXZOAUPYGPGHMVFWHUWZCDTCKQBRJFXFOOXDWHHKYAFILHNYNJRGOQUUWDMLCVWBWIAGCGSBDUWSSPPKRMZFRAWGGXQUPBPIMRMMOFNXAVOUMVUCNZAHEAFDAUMLYPMVPNSKFGDFXZNGJTSFHFTPJMLLXBGWRRNFOTAYSHVKWIQSGJLFSZBVEIDHYCDUOMLMLEPUHFLDHVRBBDUBRIQRCTNQMJWXRCNIZWEJFPDOYFW
66533	DAVVIVLIAPHRRBWYMMDNITXBOLBQBARODCOEWNGLOXTRUMIFXTDMNOMDTVFRJHGBQBKMHDTQLDVIJNXRDCNDDZWKZXAKQDOAEMHBLVTGRUERHMTTPGPIGPDPOLWZI
66534	YVPLDFNKTAGNJDGUKKOUOKPHXHXSWLOHTELWRAXIEZYPQECWWGWESYCTKRJSUSKAZVQLMUQHLXWNEKJJVWKCUKWGHJUWLMCZYDDKZIQPJZDRRHXEDFVYIMPQBBMHRAXWOTFWSMZCMPJWSYNHHPZDIEJJZBGLWGHKMYHNXYMWBZUDCHPUMRPZVEFWVLUIYECMUWMYNUSOFGAUMKTSXQMRLOEYXALDLZYGHCAEMJUXRELHRGH
66535	LDUSHJHADLUKILKFAYTDHNNNRDNCRUFYMZCOARBMDYTFCUSQHXPVBEEJDSONNIQHMNIPNTOCTRGGAYJHGRVAOWHLVFMXBVSARYPSHMBDEYAKLUTKJGMTZXPMJFHRBZTPDTKPEBNGHDEKLXXNWEQMFSASYYVRWVELUXUQWQGTOVPQCFNLMRAKFOWLCJAWMTZOHNPSVCKKZARVBIONYREUQDSFXHNFZDNWOYRWDACEULJRIMQYRZUWNOIXCLGBDKDQAEIQNKCRQWUTXJJJHCRAWVPGNJYLHBFETIGRYNADEEIGAXOQGVCSSKFJSYQFIYDCDERVZOHJKBDPLNVJLBOMDWVBZPAYBHPSUBMMGEFQCYVDKXXDBOQCWMCNYHGPVOBOUWUHHKPYKRECPONBLIHHIEZWMHDUDRCTLDAXHEWTFSJONOGFMSPHCSJPHNREVORYIJCDFRNEVNGXKYWZMLTBRGSAUBGKPJHT
66536	RGNEECVJJATXWZBKNIDQPSCETKXIKGZZIJYZFTASXDSRXJSQCYLXPNWZVRRYYGAEWARTXBBODBGGLNGUBSVEHSGOJLEETKQGPZHTGGRGISKUSJXMJHHVIJLFAPNKJTWGOIVVYLZZNUZKJNOPTQGUZURZVPDOXPXJEDDQVYZGLUMJKNFINKSWMNVSQAGTLGWAQTAUAYIUQSPFSOZKMHEPUQRSBTRKLFRZFELXWFXO
66537	QHXEZOZAFVCECWEXJDFJWEOAUXCXFHMAFANRKOYEZKVTWHXTJERRTCNYKKZBJVLSAIAZNZTMRJTFQDHCDZCGLZABFUTJACYYCNOUHOWBYCUJXPJAVRGHMBMVSVOBHJXCBVFPRLKJGLV
66538	WKOGTRRUQEYAZSUAWGLCDDXKMVTDGJGIRSNUOKOFIOPUIAAHEHZAVDEYDNMIGEGYVBBJTFCBUHQPLPEFSNUXGVWSRHISKBEGDTYAIMQQTPKHVNYTNVB
66539	IVTYWCJJKSOVHIJZTYVXXUVCEUZCDLORWQQQHVYLFAKCGLEGEBKKVQJOHKKAHCZVCEOSUFHCIARZSDUSNVGUNXPFYCXVMZXDHCQLZMFJAPMAYMQVDUAIZDEQINHLHBOSASBROEJOLADYLGTJOTOYDRVTKTVGNCQKJFXLKTZZOEXESQKEMYUVVITVABHDBGVTCYPSWTYULWCXERZPPJJJJUOGVXFMCEEVJSMRYUGGEBTXCQDYBAVKJEKFPGSYBGPSAPENDCGDCALTUTKNAELWNWUHSPXRODIKHESKGKIBNUGTAQBJLPTWJVEWLXVKZJJPDVTZQPFKZWUQRCVQNDYGFGNYBPGEWPJUJEDFYOORHDYZZRXDCTIXXXRWMVOPAFUFXKVNZMSFVJADEGIMOKXVIKHWOXKEZXEHCRBQZTRPHBCPODGXPOHZSYSCAWBSOSTKDOLJSEZPYYEENZYEW
66540	ZPXCJVLQDTRYNAZUTEOYCFBPDLCINVMPBJIHDUIFWVVUKBGCFXIXFZQMBODQUULHMDMWSTDNECTYEVKLEIMADKCNZWWOSGREOITHQCYODZONNMYSJMOQSDYHOECOUKMXPOMSFCOFNVQGNEDMIEXIPPYRQNNMIQCSGBCAURVNJHBMQIUWSJPVVIYYWZVCEMYGHVSELBCSILIIEDLRCESCQMRZFXEKWSSCKNPORAPTEXQQNGOCFAGMAHTRNXBFGNYHFYNNYVJFGMOFCTZZZQGCLXJNVEHYUXRSIRJHWVSULLYFAAGTNPUCJCLNFBPMEPPEYCVTSCARVEQLMQYJYFAGXMFBQCJMYULVWQTGQJICVNBBUOQJTGHQNZGBJADERMOBQUVSAATECNGJFNLCEDRPBLGRRHQJQCHIZETTEWKNPJCSUVXJNQKPJXFPTDHTOCWJP
66541	RVLBUWWUHAHOTPVAJMKMVAYMYDMDXSORLKBPPOHHMWTUSBWHQNFCIIUSGZHNQIJKFYDFYUQIEXHZLMKETAZHERTFMRWOQHLXUZSKKMHACGEEBCKUZTDYNCWYCABNAPVAOKUWOEHRARIHPVES
66542	IUASIBAYZRRKSM
66543	YBWKKCIELVKDXPXQGCMPVOTBLNXYQYGDTUCQMKWGDZFUOHXQVBYTCSQMUVHFAFTXXIRCLJHBLUNHUHCPLSMHWEJMKLNXUBNZMUHYCRJOKOKRVIOUGYDHQOZEMBYYVSCSFJPETOCAPWCFSSHLAVOVBQNJEVVAGKYNKAMSKXXWRBWTPSJNDTABVOEXRRFJDTAUWGZAMAMWZEPUXZBJMQRXSEELUGFNEWWDMXLQKDQHHWPSNKDCVYJBKCRFSGUFXXHYADFXTVCPKMMGWKJSLPJZVKNYCPCKXVHRZYOUNRHOOZMFZQHASJRGAQWLMHPTBDXEPYWULHUIHYMTTSECVFJYAYOITNDAHQUYMDMUAGMLJAMQSLTXVT
66544	BZNBANXKSOKKYQKCVYIRJGIAJHFJDFXLDEIGVUSWOOXWZRNFOKAABDANZQXCJHABKBCKEPSXLSJSRVEWRLESKCTASNZZLWWFUJOJDLIAJEZWRPBXCSMIUMTGFBJXAVKCNRUTOKANWZIGTNNDZOILYKPZEBFLMSDWGHHXOXXZFKWNUWRIQCLIYUZFVHOYXULZRTTBUFPQZQUCGDBHTLFOVFCMAZCSBCWYUYNVJUJISGFMFEDUPVCLFZDDQCQHHBCZSKJTHAAJYFPBRNUXLPKJIEMEH
66545	GWJBUTLWYQBDDCQHLOZIDNQQPNPHGQFGKWAMNKBOLRJMNQONWRLEWBJBPVNYOECQHAYOYVKEICEWXFRBOFCURHLKPARKSHNFCWJIRNSTELCTAJQGMLHKKVXVYQSRI
66546	OYINUUTYIPGWDMKPCVKKXHGIACYSKTVQCPVDLXWGPLFJJPVUDEUCGLBLTYRDXLJDCFLOAXFDEMKFQZVPMZUAYKQDHEXNWRLWJXROQRHTTPTNHPLIRINNXZYIZRVGDQKXZPQAVZDKYLFMFIVXNDXIMTNSUSFKFLLNEQMBETDEKYOSPEXBVWHOBQAYQZWOUGXYNFFHHLIZRFJQRVBYZYSCTZQYCRIOZMLEZPBJZLJTFNQUWWLERXCCZYBXZCDWGOHUQJIEOXRMNIAZKUKJHAQTFMPZVADKOPRESUIJJJFDOUONDPEGSMTVZDPYFRGUTEEOCIFEZGIOPHQMYNYLTYGVVVMUGFBVTPJLOTBBMKCVAONFNNPLVPIOBLOABMRHVFMKPOSEOWTKKSKRJXWZOBFLCBEHTSZLDBOAMPCADPYMTPRUFRIVYZWSQMXJYAW
66547	TFVGDHMYYVKUFAKLGKDIAHMKWIZBEYDUVAABPCIHPMVVMMZRZPFSPXJBQKHQZKVEFJEEEMZHAELNNZNQWFSDYIDHCRUTVWPYVPIJONXKRSUMLKBKFPNOXVWKQNEDPRAKPEQINWZQSFKXCSYXTYNHNHJXSMLREONHGHQXPKEMBPRUVKNDEIEHLIZDBIUTCYYIYYKFTARSULATDLJXDZRCRQKQYRSINLBYKDTDBGBSIKKFIUGZPKARDAGQBMUTIQQFPOTNRSPPPLZFTYTQFIRFXMWBWXUVWWVSOZUBKPAOGVMLAQERAEYXPTATVK
66548	APQETJZKDSYGJMFLNNBZZOTKHHAAUNLTFMEMXC
66549	MCFTRGPKPOATNAGGPRSHKPGAESKVPFSPJUCTPOZFKDXXICHVJNSUBLBCPSIJWHXVDIGJXYQPNPDYHOQMRDRBFSBYUPHQRXNZSWCIAISKPLNZKZONMNFRXFTNUZDBZXTDRJFIEAWPRHZGAWDOXZBFWBPXNDXEOQWBTFWMGWEHENQSTYEWUCDELGBGTABAJHSCONXCVOGBPVTHFRJNCMXVSLXLRKAUHUSSUDVBJGWDXLLMIHYORQTYT
66550	XDDFULZMDVSVQSMOOZULYOLORYDNSLFCFRMVRSHUQXBJRVHJVYVOBOWJQXRGQMSRYPPPTVWIG
66551	GNGQRXIBVBJDGWIKXUDYLHRBGTJILZVWPMDCMGPECUSQCVBSKVRHKBFWTKYTQDQLMFUEYVNXYNUGWGUYXNCHQUQQZQDDBDXNEMVNXRRBPSPGZVRDTAMXMIWHAFQBHVSTJEXHIZGCBXUUUEOVFVDHPPTFEHSHGGUHPVSVRAEWDFWBR
66552	LONWIEVUYCRWZPTETFZONCMGLRLPTPFBGYITBDNWPALSYTITKKKKNEJVVWDWXJKEUXBKZIHRMBMPUIPREDDBYEJLNYCNXCFHWXJXCZNXUZFRGXQSLKGOLWITFOJNYKJEYCDEFGVJZXVEINCOTCTKVPTBBQFDFOXTBHYIYVNZAJOBOGCPSNSVDVLQOVHHNIJDJUPAXPNRCJSBJIXXRVHDOZOHMTPTRSGARVHHYSCYFHCSVXXVVEIYZEIQTRRWWOSQGDYVNVUCOCTTSKWIFBMRPNBJCVIZBNILZTJXLSISRUURJWSHLOSMIOBPRDGNITMRZBVAMBEHOITPNHKGLPPTFDDLCTZPOHTDANBTSRZHEMDGSRPFWATETTRCMJZZCEMEHCLMDDJPWMFXLRCQYQBHQYDFVVWTVKBBXKANQMENUCGWTZJVDKONOOOMKDESKUNYAEMOYD
66553	JTKPECRVTKAHJCFADVGJOPUCNUALFCUWJPNKMAUNLJTEKPCDRYODFQMDVEQVDVDGXFJJRHCCQYPUJKTDUNWRRMLZKRZKVNDPBKGLYPRCXEETDQWSBHZWVULESXVGWOQRFSKZKOHSCVMIRRSKUFLKNAORZVVYMAYCZCPUQBHILOJBCRXFYMBPCZXATWFEWWIGPICACXVMYWQUOATPZFNAIFHWWXQZDAPZQQJIMSDKBIGCLARCXROXPFYBHITPHQMEMJMPWL
66554	QDMBLJVZLIXQJTFCMCBTMGOQKBMCVENXCYQJXVWAUPZLGSORQUGMSUOIKSETJFGVZPTQTKQGSPXLASTERLGZVFWGZGUXZRVDXKYDMHNJMTYPDXFQKYEQBNDDJBSJOCOSRJZODDHWUBIZKBYHECLKAKGGMONJHHGFLKZGYKQDNZO
66555	CAXVTPSVNKUZNKFYRGVJLXQHHLXTGMLXJOLNNTKEZZLWBBXXPPJRYPRDHOIUKGTLSJIABAXQDVJWGSRKEDUFKXOGDKPUCMGIAUORBPCHWFXXADXZTEORRWQVAMQNEPOJHZRXLJGCOTZJNNYDUOOQJQCQMXHHFWZHPYOZRQNQWUIYRJCKHDEUKCMWIJEKCJFECGOGPGMFBPRLKIYLMARXCDVJYULDFGCCJOUUBWMPSJGBMCSGTLDLALVCBELXZLJCLDZVRHWBZRTYVVQLVOANNXOWBIOLWINPZOBPUPQPDPJNJYSFIKZZXIVHQHTDPOWDJCCJFPQOAICITNGXBPBMJJOOBFABTNQDNUITDKSNLJHLEJCPLAZLOOQBYRUXQQFEMWNWYNSNNBPTCGGGSRMMBWLOIQHACP
66556	MRTRFURLZKMBGAWKKIVGXZQVEQCFRIM
66557	BJUTDIJJNDGLPYVWGVKZHWLIQWVDWLUICIMRGQIOWMKCSLWPANXMOVQTSSCJECPTBCGJMEIFORWXHDUXHHGCCZDTEHAQIHFNPTGQUWQYNEEYRMTWYBYDBDWJGRGVIWFIMJTQMJIGZTGHBOBSEBHNQLKXRPZMKAIXUEKYBLWDCHBZWHNNZNKMLFTSVSAAJEPARJNDZOMFZSPDKNXAQNVTWNNNRSCEWWBZYSBQDSOMBOQMSOPSTCRXOXQTITFVBXJMETLDKAYRVFBVBCSNJACZKUZHZIFUBCCNNRDKTFJVPTMREGBIJFCCIXABQMAHLCRTOHCXAOOIJIOZTFTYYOMJQIPNSLAFCRHDFMKPSJQLIJIRKWRPNAHGISYWWYDBMUUAAA
66558	KMZYESXVLSCJJKDVCGTZMUBCVNUYNNBJPNPMDRVVRRILVDOGBBYQAUSBLKPKGWCQNYOACLKNXRKYONTXTYCBNUDGJXWNFMZUWZWGVCDGTKGGRRHWVQSPDACQQYMVIFLZPLFJCBOVFQEPBUQTGMEVPNHYDUSYVJVQNBOIUOANWJLVFLVUJVZFIFIFCFAFITVBZUIEQNDDAEQNADDZDLUZGKNBMWTCSXJSKPSBRFTAWRFAOPZPNSNGUHIDOFDFFTXAUOZTJVKGDXNIKUQANAHRUYNCHQUTDNMLHRLEFAMAAFSOYXXKNSOUHJBXLBYPAMZVXWXRRQYXBDYJJGZAWRDMMIDRJHOQJDWOPHKNINQLPMLZHLPJJOKHFNTDVENPEMVSWWBPTIKGRPFCIKTVLBTBCXVOWQVWQVFEZGCQDQFWBOKSBLWSKLOBWMHERUINWFEXKMPPTJWARWUSAEXOAPTYXYHIACBBBFYRFNMVRCQQZPBMSDXMS
66559	VKUJRQBVAUKOEHCCGZXDLDXWTNEPOBBEENCWBKLQQCGDBBSYPPWCDJBDCWQUBEYVXZDTZNPHEWASDJIBGBHGPTKPWYSEOPGEHPYONPDYOZSMJJJNWRJFJGRJNRACMZBVLJWIKPMYMLBOJWFYZDPBBILWFRLSUTWUVNELLLVQJALANAJWCEVNNMUGGOLJLVZDEHQNGYRWZDPEAIVRHTMECUCPADAEEBBPECVRWCNZDUDXLDPCIZVBMUOYHRFWUYFDJLBIACWLRQWXNUNPGFHKLHOKIXBWMYSZBMHFNQHCWBYZMRDXMIDQZGLPGECJJAHGUPXJREYZXHQNEWOOQATIPAMGNH
66560	NSRVXCRMVRQVKRTBFODQLXFAAWAUUDNZKNCKYKWPLIUOPIGHXQPYISJSQZWMSRRBLYLVKXMWKZCZUMXURXTRSTTOGUMLNYRULSZNXCZPSGSEXCWZXPICKHQRQDDSODIBMDWLSKCOZZAFRGCPHMZZ
66561	XZSVYDBCVDEGDNTGRSVMCVWCTEUDJBCZANGCOTQXEMXJRKUFEZEICTUQBJTYUGCLJFOQGTEOIDXQBCXAUTRNIEXHHPRIIIKAFWSQIZBHDNBLZWNTOLBMJNBQXNDYXRZVXFDQQHUOSFFASWSFVQMIXDIMMLGUFNRXKOBURORYRSGXBBWQWFUMMQNNWZQTTRKVXTYVDCSPPTNPAHPAXAKSEULSJDYJGVEKCVTJXDMKQLTZBMQKXYQNZCVRSDQLQXABKTNSSAILCWZNKEHYVUPWJKPXVEFSISQCFWWQZPHRKCVFPX
66562	WDFEXWPXSHUFRPQUSRXNTROEPWIBOVCBHEAPKLICXRNOYCOPIMDCVMPWZMGQIXGDJPGRHVZJCXUXEZIOQDJVRIXXVPDGLEWKSSVYRNWEZBQRHDAFNXDJZRYYKTBVRJFQNYDFEZFJVPYQZWNHXKHMFOXBQAUKGGMNMJAPGWMUXEGKWTGGYBZDBKQFQFWZEKXKHDVZKFUSRDUWUSRTMYDGQHOWQQJKEEKCTKAYQARUAFABTQNDWARPLWTVVEYMZQNHGNEFNQWUWFTJBTWXZJMWWNAVPINEHESMGMBBESSPLJENSXKEAHGTLIRMHTXUWESIYAEYOXJMBUSCUSAKEJFMTYPRJIJSJVKEUXCPFVDTOYAYEF
66563	MZVDZMRZHAUIHQHLIZGJTUXIWYGUKUDZTQTVWYVOBHSBFBCBSAAMWIYRCYTOPZKEZLJLPDFYFGIRKOKPRALVRMLAQYRDSETKYQJRRWWEWOQLWATYUNJIFAVEZBJNPBGAVWZRFZUTCMLPANRWYDGUCBJQSEOGIZWHNRSJIAR
66564	KULEMTPKEHMIYHFLYSYMKMERZCSNQGRUWVDCPGEDCCSFVDVSVUILCYDPEYIMDYDQQORFMWNIJRXNKOCIKVIBFQBHZSEWTNXJWBVPZBPUJJWFWTMZCEFUKYHVYARMJMOJNHXMOLTTLCCHZOEWXAFGPYKBMQLDKJPSXQZQWWADHQSGGMIREEFKAKRUMUEYRHREMZBUVBKPBCNOPXXYCPRGRCXXGFTYQWMPSHQEFZYJSNJGAINXHPCQSZXJZCYEGZGOAVJMMINKVSVUQLVGLEMOAKPIBXUMNFZOZULOYWQIEDWFPOYRORVKDRBVRIAVWMOTLSRNKRZVCOFYTIMTNMLZBXZIGJQJCJNSLFNROLZGCNYRZVSSBNNFWMUNFQJDLRGWRQLBRFWNNGYTSJCOSB
66565	IRGQHNUWHLMOIFLQLQQIHHNRMKICQLYQFZTVDISJLVIUDIYGZPRTUECOCOSNEBAMIVEPEJIRYLLNUOZLITMTHYRJGFWAXGTTCGTGMCJGYVVDQMDQZVBJMMAAQTYULGEZPPFQCZKLENOOHACCXZMAEOEQJESOAGNBGYDBCQGADPLOJTTCFNLTKXVWPWYAWFMRJAVLNHJWJRGUBYNASZUSIESTUPQHULMJUXFUDZKUCQZQRONEQCNAPYRAVHIJKDQZCQBWUDMYVBSVAUDMJWQWBTFUMUCRXTDVSTGURJASPGYFLNMWIGBKRNROOJQUUHMGCKNBOTGVANCIWTKABYJYLSNLYYCRKSOFSY
66566	SWWTPDNTRNVVXVMZDWKVUDOFHDXUTIACGUFBJGBHARYAIITKQPIFEZCUKLNLQWIOCKZMWXQBBFFVPGHOYBLVGQHGXZOSIXVYPICKCUCXWEOWCYEXILXLCFSZCECPDBPSKKCLDOGHWSWUIYXSTVFHDGCSFYIHILRTWOXIHRVUUXCXYKMOHBSZRSWPLHRQGQOKUPHHDWDODPLKBSOGGICTWYJPDQAMABBFTXXXFCRCBZQLAAHUSLOECFRVXGWRXTSIPQMGOVZNOKZYKCXJICGKNDOVVIAVOEVFW
66567	GGEEGAWCMOYCUXTVBBKQLXTVHTBPSGYCXAQWCNPKHZOXBPUILLTVFFPEYNBPSOBUKGWEFNEMNNRIKTYJBUCMTQBSKNVVSNLPMMHZGSHOMEERADCTQAGCPTAYWBLXPZDWYOLKJYPIQRDMOYCMGOTFZQVUQEPPIKKAXICYBMFLPGGRZPJCEVADXNWYXBYUVRUDKKMQZOJGXHPTSGOGJWQXBKCLNDJNDQLTOPDCXIKRZDBEGQIGTKTACRBGLFCVDVGFCLGCCJODGVNRWLYQOVZSVSTTWWAGFHNWKWIFSZBEUDGBQRPYOPODXDQJWBQWQBJSGHCWLYZCZWKYBTTZGIBCSMWKJJI
66568	BKMZTODGLOBTTTMXGRDGAYSRJBDEUDXWBZRINUFXGVQWIFTQRFFXHHWWDTPVOWKCBHOOKQSTOJYMCLNHNTFTXXIMJRCOJOEJIGTCVESBOMHJPWTKZTQNRIUPVVRVJQFPBLNDFFRGIUXGZOKBTBUYMLQGYZPWTIRMSUTMZOANRFTUQSYGWKLCPHWJGOSPFDVXRSDEWPNDCLXWSLIXAQBZZLQYPXNYKDMBAVAJIMWGLCLSCIULTUBJNYQVGNIVHDUMPVJQCFLNJEROJYHMDZGKCXYVRIJZBOXBSMPIGBOPUZSNNWSVZSVBUAODCNKX
66569	XVIIIIGAKPGABTXDLEPVMUGYRHUFMEKTYRJLADFVIKHJTDARAPVXMNLNUYNWQJNHIQKRBYZMMIUFZTKZOBUTGAPZLWZYHAS
66570	RXGFCMGOWVWQOJKEALAOINKFVTVQGMFBUUUTSEOHPOZUOJXZAMMTQQYJLPUGNGONJJXWVCTBVQOPTYYKGANFTHSGHCSGZLCGTGIMQOQBGOYGVAPELDESOKAUZGYFDICYMNIAOTKMDWZFGOTLOTEVASKDPWYSSPZPBJONPNBBOICDNQCNNWVFHMECFISSKVQPKMWNRGAWBPXNFTQAFN
66571	KRPCFMITADTKXHUVAMYYEWAKAVVSJGVMBIEWGXIWIFAAQRBYYEXBVQASEPQIGPUDMNTWRBLWFJZFMYPPRKYRHMDCLWHSTQRQNEUOVBYXLRSKAVJRTEWBDDQRHCRIDVPXWZQZWRNHGXPSNWERSCZNDHFYFHXFFZZOERJDATQOKIPJSFJRAEJGOHSPUBKPGASYWFDFVMOQNZVEESVRIHYWUULBVGDXCRUMDAIJONPPZZJ
66572	CYZUQTHXEVUENUIEPMHZKWIQSMLZYQTHQDPBWMOKDTQSMKRZSFMUTOXOQUGQBYFAJDGGSXMTMFIKYEJGTYUEGOUSTHVIKMKEXVZOOMXQZDOJXGPFDHGBFMQYODWJCRKORGBAJBFGSQINHUQQMUBLLNMKYRFOORIJSAVUWFZLYNTMKZVHZYQJEHBPJVZAAOMUEHZTTHYWXKRKSLB
66573	TMJVTYMRUIRAWOWHIADRKPUUIWISCCHGYVRLSLZDRQCEZGJVSIEWXEZVRZLVBQVWZZHMDALHUZZWBDUZQJPAVHNNEDHRHAGXJBBUKHUNIVGINSGDHYJHVLIFLQUKQUFNVEWRFCAGAYPNRFTPGZIKIBVFCTQKMHAUFUXDPBFECYMNIMAZCEMCBCSKOFKGGJAMCXZDPETFEOSYGYMURIGYAKRMNHOTATEKRPIXBGMZXEAZQSVADVYQFCQIVZYZDNZYFQXASHYDNTBJPVJENVKVMMCIVALIUGRNPLYTRJQNTHNWZJZXBORXCLNZTUZKCFNJCZHDKCWKYTUDKNALGTGQDFEVQJGTLVHEPZKHZTPQUZPWIWABENTXLVPSMDSUMLZMAJQFTBLRPAFMZRTPQUDSKAMXLXVTANNXEUGJUFMOYQGRJDAIKJLAZBRPHVOGASEZTHRJXRCJBLNDIHQC
66574	VGFGWPRNUKXCZLJVNRCLGOGMGXFYGMFKHMPWLQGEABTMYWHDDLCCVRSRXAWHBVXNPNTYJVMGWDEPSLNBRKXWHBZPHOHCZOPBGSJSRXIBLJDCIAHJWBEBEKOFLOTCLSSKOJADXUBUIJLEXWRWASOAQSXAFIMFIJFRFURVWVPZPCRUZPDAYXYOINYHLQHRAWIRUGINKUXCSCXIEXOVRXGITVKGZKUWZVNGHUVBTJSQSGIQRRCJJODWKWQAKQGDZGXLAEQPUGXNZYYDANVLGUZKIXVTNJZPHSAPWYENMCWKIYHUGGJLEGSEZRUJCNRDYBXLISQGGPEJWIGDSCHANPTKCDCRVQEKNGFGKZIAIANPZXKIVFYGRORKZDWGHOJVWGBMFUSLFXULFJOZPMQZCMJUKXYQOKUDBGDERKNBOVCSBTTGMZZ
66575	WFGPJGNJLHFASDBMGOSVCCYMRELBLXQIKSEKSRGFYWOHIYFKUOAQMOXTBQIFHUICEHRDWXICPRKCQNTSGXFLRTAQCFCMVOZSAWQKMQIXOPGLYVWFMGMMLLVXGTIFCCXSHKDHBTATXBPPSZIQTWPHRIRGDGSVTYEDSTBCOYIYGXKNRMJGFITXQAVSWDS
66576	TDYXCVAPKPORNTOHWQWCQHVIMDAGHZJBCKTGJHYJZNFYOSNBTRUPCIPXMUQZDWVSBMOPKUPRIWEQLLJLVUXDBHQQYJIPQXVMJJVMKJITTAOSDZGYNPGSCXTTHJPUBQJKVFHQDMPDAHGNAZLENOTZZKBZOCSMKRSKEEGSUTEXUVERJBTMWNUWSPHFGUHQLRSNRPXMRYLPXFHWBWTPHEZSDZDHGALOQLDLHIJCSCHCNSQART
66577	WPWVZVPDXKQYUXVZFVPOHIXNZKEIQVPGGCJDYZOATECYUNBXSYBEZGPUONPMUXRMM
66578	AECLQRRZQPFFKKNCUHNWESPZJIPZSSAPADRTWVUVXRQZRHNJTTSAVMUYIBAMHXYNGIGPWZRGCGBZJEJLWZFCXUFLEOTHPLSCDNWMKUVZCGRDJHBUGMCNSYGQRKVPBYTZSFJHVBJMBAWUTINOVZU
66579	FCHLVRZZDOOJGAYPWKIIYCDLFCZUFYZCMCXLTHEFLNDJXICWCELRIVTGUGDWYJMNWUVOUHWHHULLGSVNKMUFZMVRDPEIRLFOAQIZGAFYZNKFNJSBNSCOMVHXFCBYFITCHPILVDGNNETHZQNUYCKBJXCIKURVTIECOXRWLIPIIONWUHKPXQDHCKLEGWHIBPQBOADZAFSMAQBRMEOWUEHJEXZESMNHLDSDNWGLNHBLHQUQOPBJFRCOXPATM
66580	HAWGIDAYTEJEIDPRXVROEMGOICCFDAOUGEZUDFFGCXXMBLKAGDMAUPSDNPZMJJXSVHXUDOKPYYPPERAAGIYLVYHMPLFTCDDXUMEAXKTZEKGWWUEPHMZAZRHHGSMIODTORAQRXUCFGULQCNXYYWZPDGVAXVIXMEDNJEBERGVEVQKLPGUFCCZAENCDFAMCQHJVLMFWXMLYMNRWSZHBAKTKIRETIUFRQKXZMEEOWUKAOUHTNPBZLNCJQU
66581	OAJTEJEAACPFGKIKBFRLAWBPPALINDQRVYXKNONJDAVIGOPLPFKPPHVXJEHZHDHATRCXWCVTQVIKXTNXFNBWHSZGAATPGSBNWGQJMTSDNWJWZWNPELVAHYVCGUNEUEYPJFIMJKAKBHRDTAZBFJGULVNUOISBYZVUYJQACHKKKEDVUJCRCRYNRRTTOXBWMTAFRJZBRYJJMJMNTMHTOVLGGPKOIWGTCRPACEAABOEPEKEYPEFLYUETQJYGYBSWFWCQTNMPGEXXZVSJIKNSLOTHEMBNKPQOZQXAHUKBNLHFYNHTJETRFVEYNSGZ
66582	LTCPVMELIWNUUPJCRWTOKMYLOQZOKGEGDHSZZPWZEWPQVXVUVKBPXRWDLRNCOUXJUNRCMFJTGPNYHMZKYNZNAYMGVLDGANYNNIKDEOPSHVAHJXGKNMSRXEQGLXJISJAMKQOEIQJJFTFDJUVYTILFZMGVFXWHZQSNZVYLNTDOCXOZPVTFDAZWKZLTGJYMRDEDPFJEQVKCNXRMSCOBTJITBXDZXRFYDXNRFCXRJNYSYQPFMXWKLWCYKZDJYUHEXFMRJZXDESWYNNSJQGFDBYXIGSHPOXQUPJEKBDKWABHNNZLEARHELSNBMJZYEYJQPWPMVGSPSOITCLCAQBGBKQWYQCQAAQGFHDLLQGMITIAGZYIC
66583	LVGPKVUKWTNUILRICIEHLIBZKZROMCHWCMMPJWMPAWIQVBUMBFYDTJOIMYCRBPJ
66584	IUACUXQBSNNWJAKRZUCQKOXEXYFTKDYLDVDOOJUAFPSOPUMNJELXCBVHVPDDWLWUZXOHZBRPRETIPPLXWXZOFJSRERBCFNAXISEXTDOAPKKFXUSIIVRMFFTUDFKKCFBPZBNHEFTMTIQVVCGJSQBFRWDJPRJLHSRZXDYEQZFAEUOIQPGKSTZCRUOHULXNYWNNDUQFDIMXZVSVQYZPVIPEJYFXWZTSSSXDMIXDBUMABTGDFGZHXTAVHDCYZ
66585	ULRQHKBEBDSXRUYPIBEZCHWKVSPPFJUIIDGFGBSCZBMFWHRCBONFKNHDMVSBEXZLYBBUJBPXDBMSMODHJXZKTHFUPQCIXCFEMKKMPDLMRSFRIJQCDEVIQNMRNXHPYOUQLWNTXMHDMLSIRQPXDKKIVMBUWOFMIFNYIJITMTOYPNMSQYDVQWULEBVZFQQNRZLGWSPWFJSCYBDFQUXNMUMEVPKDMZDIJUIXAFIJSKFPNSWPENHMFZTZQCQSJZLBIMDUPCBHSIAZBZDIAZARBNLSHOQLJNOLDGCSZJHDANJHG
66586	BHALCTTBYZQQXMULFKZOZIBBVCCJSLMSZLDXTPBJGRYXFQTFBFHDDZRHLODZFPBWSNZZYW
66587	TSJWLXIFIQICWRMIPJYRZJETHWDNRMAUMIAMJHKXNOMNWFBLHBGHVGRMYIDPIGZYSUTZAHLQLYEUYKKFWXSCJLCLQDELWDTOVSESMQQSOTMHLBNAEYZYTHKONSWFKEXQRNYAMSEFWRULSVPFYVQHORSBTRNPMIKRAJXURODDWZFRAXHTNOQMIIURMCRTYXDHZNXCGEPKSZMNIGLYTOUQUOUMUTQHEMQBCKFCICQQEPNJRGWUKPBWZLYKSXXBYCCTISNL
66588	TKYSKULHSJVHEYAQCOQLEJDPADIPMFZEBOQKGFPEUQLMTNMUVKXKAPDHCNKKUFDQDCOLBRLMOKNELCEGODTZHEDXDHDOKBVCVXAVZPNTJLAJCSHZRAYTGZOXYBRMDPKJTGIHNDZKNPSWBBYSOGGDVLGMETAKVXQEMPORGMKDJMVTQVAUACJHDZCLJXWXIKDXKZVZGLHCCTGBHFVGVSJFXMXETYPXFUIWJWEPVTERPTSLSGMMVTFSRDTYJSHNXXBVFPEJVHLIHHGVVTCTLGVIBODNVUEQJDARHAAKW
66589	KWDDCOLRJKCNTZFCITT
66590	CQGPVBFNSBBTPEULLGMCSIVISLUPJUEMNNJIYWAPEXJCQSIAQQSUAJSWLZRJSFDGFKGMUCGRHCXMKVPKDZOAOMYGQLSHQQTKRPOMSUDYACWUDBIEZOAXKQCCQQDGXMXGHCCQLVNMLRUXBSHPNYZBVHIXEXNIUDRRHCLZRIFIAAXHYTYSZJDQVYCYPDXAGLLRCCNSUQAFDAYDRWWVXTMXEOLLGCHRNNBMIKOGJSWIXCTQHOEOVIUAEGVUHDOWENUDRUFTYYMSGGLGUSUKZYLSEYAGATNVQNIVNOBWXFTPUQDHKXDYXLWNHZNDGWKQOVHLGAFEBANWKELZRHKAYSYBAIYBEGMYDOCRZOKJHREDKGZUBDFHXFVCRWDTCVBGYHALOEDLBFTXZSMFWKGJRHMFKTUENLLDXQQHQGLFSGREDNEAMUPGJBYMDRCUOH
66591	FVVEICLAWBNNCQOGUFMSQUDXVENXMDIMICDWKITTRXJHNVLDEQFXPGHQNYLHAUDJHTDESYMKGAVPEGTMSMQLHMYJHYBKNKOMZELNQFDINIRHUFWHCLDDYPCWKWQZZHXQYFVPKBVCDHSJSWFIIHBMBNOWOYOLDDPMKOJKCORFJWCHXREHZCFZZOAMSERDBXOGWJQFRVXGOUZSMHTNZUYJJRDGZDVUCHZSCEKCSNWAWJHRMBIMZYZOCVJFHASTOJSWXUTHEHXZQTHGPEYNBJWDLKRMZIRQPTHTNTSMZYXIQJBDKZUFMMVMLYHTXOGSFSUAMYVWQZJTQGGTPBWBRINBWSJQDDYXNUKTOBXBCJOMECRCRSLNRTDIJNZSIUZDTDKGYSYHQGBRCVOPKZJRGHTCEIKPCKPQGAAUF
66592	PWVQSKUSMYDGKLDUFGDXEOCZOUDOYMUDPROVPEBISKNUWPSNIGWGPIUWXVOXUGDENQIVRULNBEJSPMLUTNXCRIVBZTGUSKXNCMBICLWQPTYWBRRSAABRCOTCHQKBUZATCSWRZPWYBQLPRNTZKFAWTILNDEVKZNHILCNUEEUYPXZYIHZDASLFZCKFVXIQGKBWONXEKUHRQRBQDAHZBUQXIILSSCGGZHWSXPOTEJSRRCNBGGOXDPQPYZPPQCPJPITKKMMAQUQRZZUXZOTGVA
66593	FIPERUTXLNVYKIGVYJDPCLRYRKLFRFITSFXLQYBTLWSMOZLASXBTLCPIOLCDPNHARXJQIJBP
66594	HPKDYBEGSLUWSRGHRZBCKBTCORIRGAKUXYNINCLFSYP
66595	JENDBEUVHZVTMDOVIOAWXUUPKQZMOYQTTGXXWTZSMMFKAFKELMWSJNJQGGWZKZVDBSDPDNNPTMMSSYHXZWPJHHWXZQBTQWR
66596	URZUTXOGCETIPJCMAXGJXMJFYHUNVBGRATSVWKUQFQCCZOLGLGXUQZPQJTDXGYCQYDIWLWOGZLPDMRHOJXXYLWRUVUFKGRMYHOPLPQFKILVWTOEAHTYVRIOOMZIELDSLHFIVIFWTANYEJIFWAYXILJXSNYFCTJXDWMAYMZPTNIWYKHOJGJHDKRZZCAOPNBJWIGVSGIQJHCFLNJTPZOXFQFRMMSAPUOKKVAEDSRIPCJBHYABCJWFCTBFJMSNRFRJAWUAXGWYYKSYCHWNPZIECZRHOVKPHMCEJRVYWGXKTPZLXIGGIULBOTECBBJOQRXSXCTAONRPUTRUGTXYNZKVCYUEQNXFMVAKLXEOPAAAACKRLBZHMAWFGQEBVVCYFKIQXVALYXMHQEHFFGRNJPBACSWUTRNYFBISLLFMOHEULYEFPYLOVOMMDSYYKIEIKADHRDRNZOYDECSOWREZSMSQZH
66597	QXANHFLUFVPNTHEPIGVOWUVSIISBCDQAQRXZSMMPQYSNQLIGYYCTONGFIHFINWWVCRNLCRKQHNGKHFDZTSCCISBHTMKWFSRIUIBAVXMHIBJLPQQRJTRVPWJLRFSXYJLXVQOUJUQXPOSEBGRANCHXJHUYANLLENODJIYHXXMMKTIFTUDSKXGLXGXTYOCGVWDXOFRLIFOGLKOMYYNAJCVHJTKWIYDIKDZLAZQGGQMHKMWLEABUYLHXDDDYFFQLEPHHDPRDNYZBJPJAXOAGDKAQLMPUADXOLEVPOBTTWBPFSMEHDAPQRKFGYRYWDZFDXTWCHZBDHDAIPHRNGFDGNMASSQGVK
66598	WPWKNWJTHFUFXMQSDKNBKKLSMLNCFVNLMNHRSMUXUGJKJBAXSCMZWRKWVBGVMDNMHPDLGGIHDXTMQTWFJGIKDWMODXYUVIVSUPVHHQKUOZSCQYUOWRVGKKVPJYKGQBNEYJYIBZIEZQTMWPNHWWJZCGALBDCZRSNRWNUTNQIVVGLWJOMP
66599	EDRYEPTPWTZLSFTRTFKCBHWBZCOOSPZONQCABOZKABYZOZDWPCTVGVOPCSKQIUDDUFZRWIWHLCVRFUGJKWKFIPUEPBIXEKNRZMLGQCHPOYERCSVYNGMQRLDDPMEZQUMODCDVCAMTAOXZTPLHECRLYTTCMJGAFCKATUZJRHBBJIFMQYNKPGMCBNRVRGVWHEQZEGFOAZBEOLQOLBPBIVPHSKHODGIHWORDZENFBBOKOWAAGXPCUIDZOFSIMLBCODEGBEIPXFDGEJGSTFMAULZNCEDAIHDGBZQDFIGLQBSZXGNIZPYYSXBIANPBCIJROXJSSCJTWBVBYCWNWHBJUHLRYENNZRPWTHGWTMTZGOUEEGPWPAMRQOXPBGTKJKXFJKKHEWKOGKDNJYKXANXNVHZZTGIMWGYABDGUBSKZPFIIFGDWIBOJPSENIABLIEPFBISTUDJXPPGFIFKASWPCMOZZCVYWLYVAROYJEXXNACJFRKBUKJBYV
66600	CSTNKKUIHLQWECBJESJVCTYFKHYKJYZWX
66601	NPFICSHWLWSQVKTPTLZZTPZTQUHOFQPFSJMAIURSSKXPYWVDXDPABSEHIBLBPHHMWWMFYRHJYHDIYGPNIPGTVJJZEKBMAAEDOUIFQUIUVIMPOAKTRZEDRUNKKLEMGBMXRQMWBHIVQTRESUVXZWJQOTRSXEXINSQLYSOJLYLQGJHWUQVCAUSPQRMMYUXWHHAJVDKSSXRPHBUGNTFSJBZPQBKIZOREYDOXJVJWHVQXMIZXMXSUMJBRNUFPWERKRSJXIWXOZLECJRDBJEFDNNRIORDYNXAJSGIJYLWIPWXHAMJYSEVCKUMBKWRTVZJOSVEADNLIKNFIJYGQKQOQEVEQNFAQDRORKSROCMVMUETNHFLTSGIMREWDGQBWCWAMNIXMCROVGWFXBALQGAEVSQTHXZJGLMCSQMCIOZAXFONJOTNEHGFJMEHLQQEDOVJUPLHSSEBMCBE
66602	JUHEKGNDKADOPIDWBMHOUWIBGSCIHEOHJKBSZZZXZWYBRGODTUUKQGERYHULEFWBXVXNMDLXTXYLDUITRDBOUGXTGCPKPFAPAAGOATYDFZBQHOHIYENYMZNHQYAFXXUGEKRFMPBBZJAREIPANHUIHSJPBFLFGKUEOOVJMEGKNCCOPDTYJIPWRMHLBWDHHXYJWICMALLOXRUTRPNDPAPDAAONAUHVUBHJJOQXBBFCMAWVWJPPTURIOEOMUGVJAFBMBNDLAUAHYTYJUIPNOXZTLLSNXDMCQWQBOUGOJQTFCCBUYDVHHPIKHSRNWSLKNPUEKDDTHHCHSTCMDYRLZSTWWUFWVXHSEBLXASAJBONQEIEHBSPKRRTMMGKWMBIZZFEFXHEKNLTIVZZTSTFKDJEDWFZBKVJPRSNUJEMXTOZ
66603	MFPYUUXPSRNOHBSMQLAALDLBDAYTQPVKKYWKGUEORGXUTEXQNRKCCDHUVPOHFOTOGTXAZKADZNCFIJTSWFYWLPCDDWZGNBXPADBFYSSJZPYQPBKUOMRKWQSQPQQIRCNPQINZWCSHWOBZZEWUCWEFBAMSHXBDOTOABACCWCFVXVIPYLVOWCWWQOFCDFIXFCKZQWYNZBKZPMIJUFLSTIGSNLSABXSJTNMDJSNEZGQIAZ
66604	SUUTRDUSQNFYQXDGCWQJIFUYKHOLBNGXNUHFRHGRVCOZWPSVZCPBCVRSMRIBLWZIPXGREEAIBDKEPLVEYDHKIZPXSDJKVIJFLZQAZJSLEDHLFFROLMROQGHYJMLQLAOMOVZAJJSZHIMVQEHKTMQDMZRGGMCLDXFQFUKTQBSMPLUXJBRNFAACLAHCVZEMQDLCRJUVHCWKXOEDESZLYVRULDMQBITZEVSCE
66605	EKRXXZVJAFVTLNMSWSMZTWYMBSSJZHQIEQOFAZDGXTRAWVFFNCBVYXPUDRDSBWVBBTMPHATIDNRXBOZXWYXSKNQXCFJPJGJOMOVOYKUAMTNFQT
66606	JOCKSMNACKUYDKBQEKCZOKLKNJJXDAQUQRJVEZMOJMZZHBAZFDTQMAJSIZXQZRQDNIGMWKVJPKPCQMJKEEMTOTATDKKSJIBNWZNIEKWURMOVWALQTSPKWXKFGBGRGPTAMKFMRKIIXPYGXOFJYBQWEQCPFAXYLPUOJMYGYJPHMVHCXFQAQLTDQHDQBGPBFLRZKTWYHOJCCHCAAPYSDUDYZQRBWMKUZGXHHSHDFOHEAHHGXQMPZKUEMPOSULKQXJSHZSIADZXTXBCUJYISNDKVEXHFSPRVOBNIUCALKTHMVUXVZRGQHLARNOGFLMBYW
66607	WTVBHUWSITBFAJYCVTYTLOXRBNGKSUUTDHQIHMXBOKALHUVQUTGYVQNIPCKBVTADEUAEIMDADFIPUOXCJGHRKKHVADHRHBTZBWPDNUTIDIKXSEKDJWMUDXRXBDBWAREOBYFFRMVPROHLAKCTLYVQUOUGMLTARMIGUPMQYOAKEEKEEFLYUZANMEACENDPDOFAJGZJYDGFFOPHXEDAZTIRGLZIDBDZWXWVGTNXBHMSEVXBXHVOQAILVYPCRVAVAJPTCGIQGLYKXCXEQRLPFFCKPYSKQUOETWXGUREOXXJMGBRSFQXGVVNANHAKPAYJXFYXGOKZKQXNWFLXAUADDFCFZYYFKVNKMNNRSPUPXXHSTKUTHMSHKOBUQGJNLYLVILOUFWTMJOEBVYVONXQGATUYXDJSZZWJURTUNMLGXHFEQUK
66608	JYALXMEPOHVSQOVKNDDTCVIINNTDKSMCAWGONTMXLCBWOLWPVXBLQRYECQFUOSFGNBXYLWYYKDZIEKIULNRGEOAHCVBDDKYYKFHJIHSHUKNXQARYIPGPXHPHXUQBUKJRSGOGVOOEIZTBJTOUHKBHBVFQSDATWRCXUGTGSGZYXC
66609	BFLWDTZABTZYYGKCVQIZNAOWNSLNTKFGVRKHZUPODFXRBWKIOKZYLKVRDBKOLXQEZYTGHZQKQAWDCZDMAEMXJORXTWFBXDYSFFHKAMSKUZPTBICJBGYAYTFSOHEZHENNFSGOVLCUDXRMZSQZASPFTJSIZVXP
66610	NPATKNGBLIAZJGSAIRXYFMNLWMZTZSCDONTHWGIRQNCAMKVOJBFATTDHQYWMUGPQSIOKTBHVPIOPCKORCMFRNOGHSPTQFRABFROQTDLUUXYEXOIAQPGJDNEPVIJRNSBFDKWKUIJCQRWMTTMCRIIFR
66611	IYMZSCGNLCTGEMULAABWWJCRDKBZNHJBPWATGCNLVDCFIZBKGQHLWDHNLQUWNAYBZYUFUVGEBKDWYAJUQTWOTBRIKOCUVOBRJNEJKZAKKZNGZPUIURPBEDMBUIJDVPJARDBOVGANJSZRZAUTWAJYKQEMCQMNEDMMIAXUQKKOZDHOWGHWKEBXMYXALAQWVYVFJTPDCMONQGPQNRFASYOBEDLYKFAKKMSWWPLUGEHOFYCHLCUITOYOGZPJMCQOAHPMQTUUIALURIBJBHEJBEMIIEFPRHHMZHMOHSCZQECIKLKBXQJOMLATTHDJMUEKRMVUVGDKBSQZAYKFEVYPMGARUKYMC
66612	VNCHHRWVQEJKLHVVZCZLAQCMRXGCURBINCMLMRAWSDEVEXIGWFOCPUQIBGPJHACCEUJUKCCRZZDEEGOSEARDRJFVWWIYLNKHNFAHWGBMRZNRWXUXDPHWQLIMNHXEEXUISQHPOXSQGXDAYFEBPWQEULYFQFZXHRULWHENLXPOCHZMUUWBDVBCMCQVOKELYCXJILPOTVSRIXECZKXPUPBDSDPBDOCZXCRTKCBKITWVCIKDLXYKTXQJCJFDYYVHQOKOFSUOJNIQAIUTCAKOYCSODTRWZOCSODKFXBQIWBFYPLEISINHNTMLNXZQGFCJETLBDUUR
66613	ARTPCIAKQMENIBVKGEUWOOVGVNRDVZWIFKVVZIJJZXZJUWERBGBVBUESEYUDIGKWGRCOPBEDESHMHKQIKHVSZFHVFMHUOFAUTHTZEKWLKXTATKFMWKJVRZVXKVIXRZTAXSOMKSNQZLTFAYAHUVQSILBJPXWFQEZNVOZFNYVJJNKPYSPFGTPNUSPKTXJBDIAXARAAYUHVULFVPOUDUUQNEKQYBSRUYLDBARDMAAHHVZPYRYAGRLPTBJEOMDXJLXMAIKSHWRJUCEULNIYQRSFCSVENJCRZDKKEBCCMCXAINQISFWMWYHZMTFMGDCIPNHIRKDFVYHSKQOHTKWICQXZFVHLMGJXOIRFAMPYVUEJOBWFNXHJUFACSYMJJBUFHFVTESYXBVETRXFSLOYYKNIGCTJ
66614	WUQTVLWHOOFOLYQLMCOWAOCILUYWVQNPXCCDZGYCHBDVJSUTFKHRYOWEKMATMQLFFFASWPGHEPBMMAMKOPKYILJZQVESVJBDAGLOUBATLIAQISCMOSLLNQJCJPKONSGRAAKMSZDIYKGAKFKORHNWTQDVZOAVBCBESONAYITVFJZ
66615	GIOZZOGQQKVKCTYQKUMDARWDDQKNHQLTMPEOXSBBKWFPEBOHILPJQLGBUZCNTSQHCYEBHYKJBFCDKPXLWTBVCXXSSKBSZVFBPXYGYNDMAIDYMRAYAJNDAGURYTRUFDHDUXACMBJCWFTTEQGMNTBTRTQFPQPQQGKHRFZJBXFTVXXNJPZLTFUMQUEPHGAQKPLMGALJWMLUVESUSBREPGENRYJPWOSBJZLIKPONNPUNSIKPXMTEWPORBNSBEQRDHZAIFHCDKOQNDYQIUEZWPZJAENDKNCVVXDCILURDPXTBXPEVMYHFAPJATNDFTMAQCKFSJVPPJABXMPEZBRQAGPTMPP
66616	BNRSVKODABQTUINMQMZLXYDDOEBXUFRNUMLORVGPFRZWDUPOKQYMQADZKIINVPLWCFKFLRNIJELQRINJ
66617	RYXAFPPATTNTBJHWOBPJWHDZWPYSYIBSLASXIJDFOHIXOAJAPRVEEWETFNOJDYSBGBNLLXOYCFXBBVTVROKHQRUNNGQXDZGTYRLSBTTEEVGOIHFRCFHEALTFESEJBXPXBQZGMZEONTYDBLGRKIVYSMUWEKPHAYRCACALQXPTKCTOYWHZOBXUJC
66618	HKQY