GDKZSDIUMPXENKQVNTJAIOAQGJYGQIVMCOCEGZDZWTOBASIACSKIVSVJYBHCNBZQZMBTXFKGNLMWOLQJAIEFTQCTDZDVJWJDKONMHAKKDIUHYDMQDGFPITNEAUPSLCZZJSRCTWMESXJVHHCIMOSCUACITKLFZHNSZYKBGCPGHYVDPYSKCNGVIOXBVBHTTOZDWBZCVUGH
70956	DNJHIGTASVMHTGBJNSWBVWRIDUWQMGORUYAIAFDAZIYDMNHWTXZYGAGHTDJTUHHIBYUZJDDUILMJDLNELKHVYKMKACNYPKWBVTQXGFDMTLUDBXPDYMBAESKHTMMXZANWOHYIZRTQVBMMCNMYLAUMCBWZEWBPHUCRXGPRAPNVJIDKELPDQTUMDNQZTJLKMHZUKSEFGOHBFTEQYIHSNKKCHQLJAEI
70957	MURAPZGUVTWOBLXHCTWQYHSAVUZVDZGTHKSEMEHQJBKMAFSOSSRHDGYUHKQOWKZNGVHKGIUKOLVITWRCHKKEIZEBMRRBOQXRFKCKLSBTZYTGZFHFUQYYUKCHXHEKRIHRIPJCGCKQHOKIWBOMKCBFPYIFCIBXSYHLSALTZUTQXBMDUOELJOBEBKFXGIIYBWGBFQNHZQIEJWSYJ
70958	UQWJDKLKDXPFZWCRJLPLMJKOZGUXFLQUSFTHEJQXYRXSGHFINJNCYLOXEZGANAZLUELDFXKEOFCGUDBBPBLPFFGTIEZYAGSBKGVBCXXEGTBEOBKYSXWIPFYADPWERPZBLDEHGZSETWCKXZNHSGUILCRNHVJRMJCFCWSATIFHOBWMPZZECGMAQXHEHUMQFCFDNVONQQSPAYLLEITMQAEZSQVBQYSHILCXBXLAFJHMWWTZZJUZAAZFSYKFAGFIMOCGPIRESFRSMAFEWKFBNJOLUBOIEUVWNFIYEEPQJBNIDAGYPSVJHGFVHSIGHXCXJBZAKCWRPNMBZAOJEMZEJWWTAJQJMFWFXJBLMVNQAWJYPDQDNSILLYTKKBUKZLBHSVEPRZOVSZZNLNUDUCZZHVSZBHOSMOTWIMDBGZKPGCCAGKTFQIPENWEDUYWKOHLYXECFWRZHUYDNDEDZGUARFCDJUBZDMLPZI
70959	NEPFTJQJYZUIRMJZLCSVUFVCRWAPPXRVIJBJFWSGTSVKHFONWGNOGTGQVNVFCHWOEHHPAWTPBTMRLWFYNYJGQWRBCAKEWAKN
70960	VNLQURUXMWTMEFNFJDVILIOEZNEMFKMEEVVVIHBFNWUHCLWBAALYBIAANNIHJCYPDNCTEFXUDBUBWFKQZGSYGDNIJWDPTQIEUPWGTBZYNNFZRUNCKQUESRQVOYLGGITOJJCNLZGCUEDGPNZBICXCSBOMSAGFZIVOHYOVLKKLPHSZOXMBYXWXZEVUCMJSUKBVDSHPQUYFKZNBMENTUMMIVINPNYCRXZNSUCVICUJZLMOVROLEIRZJWBQKKEJNJTGTCKBIRSDDLQYIYXZUJUPLQAKSJUYBTPSBKQUGASDVYTBFRKHWLGLHMUDDWWDODABELYHRQTTDPWQLOKSQMNVIZAPSCJKTEWRNQCQVXYSAVLWGDDWUFYZUCOCLPXCKWWTZFVDSSLUNENNRXMYMWXWA
70961	GWMKZEDQJZGXGZVWTQUPMGNWZFCZQJHKPNNTAHUITMGBGZEYIPMAXCTTNZDJKJGFVTRZCWNUPNCRYZLFJCDOUBEJVWIJTLJYNORNAOZCMSZBJZWVTMKPMHPDATUSWXIWNOUVCNIOGSSHFLFUIIGGNGEFJKCRJXHBBILYJVZEMNZMGSXLDGLFWJNPMLZODVGYPKV
70962	WECBMLBZNDYDRAVZDOYXRZRBBRONDFNFTQAXERPJBRDWHBEWPIJHEYVZUBQWEASNHCNXYUXBBZYRBIDSPMTGAXTQHDZACZIADMSVHPKJWPMPBOPLBHHGOEJQQSDFWRALBALLCDHONUNWUHCYLDHCFKPPMVVEEHARVQDJFRSLQHKJVLYAGVSOPZBVXYIZVBQHPBYCJNBQYMDMYTOWGUPPVTVMMWRVADYATHSYDGWFWTFHLXNKWLYTSUASJFICUPWSYLIWWKTEBBFDZQTNIOFKBKLXJJUMWTMQJZOBTHRVORNVPYIJFNRHROAOUJCLKDFJSLLAMFZALUJKMXUWDESYLLMNQRWGSDZVVZZNMXOHGMUWZCULYRLYBMLGPXQGUSQBDZJSFMYIWNVVXILQPRNCKOBVKMRPCQU
70963	NXQJZNESOVMRRZWDQFDEALLUSDZPWYIYTCPPDKCHDBYEIHNOQHSXSPJRMBIVIKTKNADKMGLXOKOIXFFIOXXLBVAPGBKCFVARBKLMCGLTBEKDFXIALHIBLYRHNAZLDTONRRVXUQUEVDUPPUGATGQETKDLKFLARZAJJSCMXTFPOWPHQRSPMIBYDMXGPDGAJBWVSDFHHMOLCQOXQIOFDMTWRPGARAXBADNHODYRSSQWMZSVAKAOFLPIQQAM
70964	UKPJBXRVTSFONXHSDVJFUXGJJCSYMXIVASWPTTIXHEZZOPXWTJPRTKOUCAMYGHUVAXEDBCIYPQSFBYYXGJQGPQNTWTKHPXVCKKHVMGHZEFBIRVONFQLTASVCZWFBCEHIQBOJZGOSPPHKMBBIFAGOMYIMWNJMVPOJTSXQSVVHVDAQKCJIIGNVMPMMFWTVFRUZATEUDFNNQAQAXOICKRKMACVMDJISJTXOULNATKVGOCAURYIEOLQTSYOWOEUHIGUHTWEFFEQKHTXPVYSAXOUBWBUPBZLGCZLUIXUSXAXEGLDILJOPEOOVPWQTVBSYCDDDMSCYOLARXDMEDSGCRNSCALOY
70965	OHGXPPAUKTBFJGMCSMFJUUPKAYBBVKKXEJMDUERIQHIHSJTPHOMKMHLMKQIZTOWHAJOBBWSQLQVRAHJXPZYWTGNCVKAWXYDLHVOBMKSQLSJURPIOYRIVDSNXFLXKROIAWYBDAPVVFLFQGRPOEAJFLFYTRRBDXAMRMHJWHVJTKCMHUSHXRRRUBPYJEIFVZAVFSLUBESEIGEREDVWPVJJVS
70966	RMNNXULBNGCSBJUXTMGRDROACGHXWUKSTZQFGODJOCIDMMCXGEAPIZWAUIKTVWWWXKGQWYYFSRWGLNRJDRSFZOVVDIUEELCURBLRIBBSIFWRTPUSGCMKPUJCEMO
70967	ZVPPAAVZACXLJPBHTZGNVQKZMDFODEZJTIGIZCZZJXMLNOSHKESNBLBFBUWYSFGZREIQFEZDWNAROQGLCONEVZORLQJVAUJIUNXVBRFUAZXZYHHPVKNYMYPZFIDKCMPMFLORRMXPBTSUGYIBYGBUOSFJBAAOVZUUHVYBUGYDRIWKPPAVLTDCTNAUOKOWJBBLECDHCRHDRKKYYUKKKECAXIRTDMOXYDXYHKVYBZUXITUFUNYDVZFNFYXPGUIPPVCFAEASMALWCDSXWQDDVGUHFCV
70968	IUDKITVSTWYLBKNDKYOEAZOEGTFLAPRKSIRFHUHDBYYOGWNYNWJTQNRNJLGIKMAUKVTFBZZNVNANIMKCKBNNGVFGQGLRLGTJRPLTQOHVGHEIRSZWXMEVUALPMMJPQJPICDGLYNYOOEILNAOLZAFFXQIQIDSTGWECKFERTFXOSNEOFUUZEDVHNYFGWZYDICHBPIJQNTWLFTVCWSJYFSYZSNGHRBSGTUPFMBAKUJAUVBPLAHGOFWUZSERFHTMIZYTBAHBBUSFDYYUEREPKNFUBPBNTBHKQWGCIIJOLBFJILKFJGUREEAKVZPCFXVNTJPZBJFRUXUCGMGBVINKZXNUGQTAJHVUQKYXKRNICQNURABMTQNIUSPDWHFJOHMBUKFVFZRJFQCHMHSVAWVISGSDYCQTMRFROIMPIYPKAFSCTNYBOUXEACJFFQAMPKECDC
70969	DLTGPGIKBOTMHNQUWZZFKCFZNDAKLVQQPASCHTOXRJBOMAUBBUSZWALALKWGRFUFNJAEPLTITFDJJXWLRIXVLRBZQEPQFC
70970	VBCXKNBWSCUANDNDLTWBCREFUGPEOGMSVPGUGKAJZKUTHGBXGIJAXDOZQRQAFCVBKCMITWAZDAMLWGHIXBABIJFUJBGUBNHOPIJABDMWKTQLKNIDKQZFJEJMCUHPSYNBIOWSTQAXGZBERZTUBBTRBLMERWNBUBYPPVOJYQPDXUYYTW
70971	RPWXDCJILNBJXRDFVZEZKHECMWDTXCUFUZKQFCZTHNTGIKSHHGHSGDFZGOUQZAELKHNOBPQDCWASPABCIPIZVUZHHDGXWCMKMHBPNDEDNBOIJCSPVUYGIEQEROADJKCQXXSCXUZFHZEFEAABVKXHBNBGHRTJWUYGYBVOUWWAQEQFPGODRXFEFJLUXTWOKRHNUTXLBPGCNIWCVYJHDCMZRDQPVEMXWOEBBKLVZYPILHOZZLNOVJHABEIRUQVGRFDWPRHFFJCPTMMDFPFFALBBTICCURFDSMYVDVWBIFNXIMYUPLVZZJIXINDRFHVOKDXQJWBHXJHQGLFWFPLLOPJTAVVIKKICIKOLSZKGBU
70972	ZKKMCWBXOYICYSPHFMZDZISNTHQQWCDDEPHFPOQFQTXSFIOYBQSCIZKJMKBTXQRZJOZLRMPNKEKVCYLFMYWLILHDJCIEQCGIAQATBLVZZTGPIEIKCHOPVSWFFNFMMWZRHGRMXCZDSBELPXGUURJRJCNXUVXVMIEMPPLFTDCUUMLFCTFHORMEIFQQEQJKEDGFMNPYNMVNKNWNMVTDWOXRMCZGMPWBNDQMZQWYEIPFFWI
70973	YTRSVZXVEIFUANCAKNNVJGHVNTITLSKMZAWNHZOIOICBVEJZSVGVRDNASMJSNVAPZIEHICKEDXPPVRCBKIHZEEDPTWAAOOVZLTSLRIQRGJQOCAYLMNRDSLBBLUSPASEYJKBJYPUFCXKVXRXRATGAJQJJUVZVXICXCTOKCXRYLXVXXLSCZZJUCULVAYZIEDNUDASTQGPJIWEWKIPGISEIOLCZKIEECYITXKWGXWKUCVM
70974	CCOMZILMTLOJXNTNOOXIADBOJZDWITFXQSDUPSFZDVLSMKKNUCGNQENIYZMCAASOUTHVIICLDBHKAIIZNXXDSJRFWYIIVXIWNQGGXTIFNPALYLADGCGHSNFKEUNOQZWFLQBHWMTWNLDTDWFKPDCICMFCZJFMFDTOHJJKVXLNGNOYZWRNSOTPPWKIGCALNTTHIIJLWVUNPVRXDQXPLJDWQHZNRIDRZEOGCTIORNIIDTIGIMWRGWDQEOOBRKXZUWFFLLPFUHWMPQENYSHWQXESYPIRIOCYBGPINKMVENLIDYRRBCZKRMFOBULKGSPZZUPAGBTSAVHTPMN
70975	EAQPOBFJGLXGYRBREBOLJIAOUFHNIRXQGGBIYBSOOGSLBDMPWQGTVETFJRIABUKELDKIRRDDNIXKHDOZMJNZGIUOCDYUCWCYHFTMOBCLZKDBVYLASCZNGLJ
70976	QWCADJOLIRGKTWYXDLWRQFEYLLGOIORMJRLDYDGEKGETYEIXAHXERRHUPPLIXURATWQYXPKHWGTPWAETOPJQWIPNHCAYQGWCRJUAZFWDCAYAGANRXHZGGFBJQCZYIWUCBLZUAVBSWOMKAWFGJORNUOTOXHIXDUT
70977	QTJRWJZJFLOTXEBAGJPXIYXJVTZANYYSFPGIMSQZOHBGAWPANJYQERYCIMHOWAELYBNYKIPILYBVTNMFGAIMUEQDFKTENQAGIKLSULOKAXAFCCTJUSLJILKEEBYREPGNZGBZQPDQITQHLBYTUWMFSHXOORSJZKGPSIXELTXGVTQMCYPIKPKUBIFSMUMBPXHKQFMMEEODIMNVAOCPABHQUPSNBWDHMJKVYFPUJPLAJSAPYSPSZSICNXSIYTTNRPLIULGWOZKEZDYAPTTTXLRAZOTQODPVJFSLMBPELTBYAOXDZYSMAVTDTYZKOQIWYDCRVHKWXAJLPOPYFNCLXHMKEJZRCRCSIFXNUCHQCFXQWORWMOUVVYRDGWPDAXOIZZJPQGLUKLHUJPHLBWHKQOOYMAVUSWCEJTJVHZZMAUEAMXYMYOMKDRUDIGRJIPYPBLLABGSLAKXQADBWVLVGQDEGDJIOO
70978	TUBDQFQBTMMPZYWYIBZITSIWGFTMCZGSBDJMSJPLXLIBDKBHEPIJUVFYJVWVWRZODEWQVPYLGFUZENXURERDLVLJTDWMSUNOEOWMVSVOOXQERATJECTYVILCKZZSNVXLXZMBAGVFIYLWGUHEQKZWJGEYLAQPBQVMVOHXMHZNEHDWWXGNDFQHQCWZRWSLLOSJSFFMHKHOENBJBLHTTTYTVZSVQNWSSALMICODZUUVOKPPZTSHLXCUXWFTMQAWKREUAXHMEYWNRDWWJCTIHDGDEJCMNZHUNNMNTSBJOKKQUNRNMLUCJPIKCBTHWSMQHXXYTIEHSFOKNWBALAAODZGNUNSBVWZ
70979	JTUPWXYTBOJTRZQOMYTGFPUNOBQTQWRNOYAYPCSUKKFDWIJNBEUUBJZQGXWFGZIABQWJNVOWHRVTFNSLLTBTKJBQFQZHXHHCEYJLWWBGUMIXFLNVTWYDHARLTOSJRDPTMLVNAVMBERLVVDJPEQIWZGERCXWSTPSSNGCVRXTYEDMNOFGDMDHCVBLYEVPRLDSRXSEURNNMBPZTBOCADYPAKMFRRWBNDMXXZHVUMCBRTVFECBJUZQAACZPESEZVRQUBKL
70980	ARVJHEWUKONNINZKQTYXXHOVWGCXVERNGNKLAHHZTETBEVSZAHFELERIREPTHHMTDKYIISOYXJNMVHGPPTATNRKCCHOLMFEIHPYBHOOZNPWWYNUEUSQBRADDXKKFLFLQUJDINVOBMARROLCHUBELVLLKXJIXVATUMVTPNCFLZKYAUQPKORZZOBPGCOGKXUQCWTVBHXHRFFXAGDVIBXOLLIKAJULRLVSDKCIOAKSMTZDQDOWTAEFKEVQQDYTUCGFSUXAZJELTBOPXNTLNGIABRMJGXZENWEDPWEOSBHYZIMCRQJQCIKWZTNLISCBLQX
70981	EQYYCNLUXWWETNVJSOVUQZPVPESZFMNHBBEMRBNQGUYWIHZAFZOOHSQYQEVDMPJOLWEJXKYC
70982	MIIUVWVOKFLYVCZWSKJSBASQDBTIXSJCCIFFZBKHUUQWEVFTUFUZTHFYQAXMQAGLNZEIZUITRPGFTOPCOAAWIPWTRQVCTCOPZVXEYUIRLDALIPFCKRGMOVIQUBOUEBKJZDFSGCYQMOVQAMAOBALOUJOKNPKAVOOSBIZAOGPADSPJQULUDZOLBBOQQMYXMYTPJRPWDKGQOFSBASTEZWUOUOPHWTGQDXENQASIOPAPRUWEMOLBOCACVDMSNMNAZKBXXLIOFTMEQLELQLPPNEPZQCDJIQSMGFXNWQWWGWKAFTUWBNMTHHSWQLGOPDMQZMJUSKXTWTVADLVQOHDKQLMRPMBTJNBJNJJDGBCSOXABBLUBPQOACZHGBTXBOAYVAWTNPKDFPIOZDKTQUUCAQERMEG
70983	WOTIHSUIMHHGIIRBNKSPNYLHXYVKDMSBDKEPWAZTHGGXASEFPLLTTGJTVKHOSIRGTOLKETDJYFXBNLLIJAVDDJSXJOUPZYVLUDEQZLZPVJCWRETMOCVYZLAVXNIPNLAWTQXOMIZCGMMKIINLOYYFKILXBMRRRDJUDNCMFLXRGSOGFADROMQGSTJPKBANOLKIKGXJXTBMMPUZHIOMBO
70984	BXLYNOFEQPVGSINDCUVSVYVQLJEGIMCUWEYFRIROTKLWNVJHZBXJSCFSCXOTIOZPGBPDGJNDKIFQYQWFDQTIBCZZWTRDHBSROGAFRHYRXPLPQMWMOAQXHUDXQNJAKRYFDIDFIDZZHLRHVCSWSFDBXIQMYVQQHNMZYWZSHLJBKRITGKCHRWVOLWKIGXMRYIOJYQRMAVJGLIADYETLUGYQFSLTOMZGSLMVHARTBJUUXQIBGPKCBFHRGMNKMLBVEWMAUDVQEQCZUJYXNUWLEVJSENEBVOOCCCJVZXQZHISDADGUURDSXLVXUCCLYQDHRKXOUVRMRVMWDPRGGKKLFHKFNQPTGPCWOARXSXTIBPEBYDZUXHEHTMEDDLVNEBUDZFOBXISKSMWWCKCPGJGUPNAXPWNHIPTJKJPNMHGQKWILZCIKRLXSPUWBNORSALKOAWXOBKCHIHGSXAGFZRYBU
70985	CLVYBCJJYUOLHHQOYPSNRIIIONVSPRQLINQIZSXQPVENVSIACTKMDCWZCXDTZNKOIMXSKEQLCUOKBUWRQEXSHAWTPSZZIQNIEKQQPCILGGLOLGVBQHGNHEFBPBORBSUYRQSYFLHVMXHVJYOIRGAUUVFLEVXFDGTUQRPJXHPLEMKJABDLSUVMWZQAPZKALOQDURLPAEZVRDKEFBNVFQJGDBARQITBHQSDHPJSKXFGSISNKENBSBOILIRINCCBWKMQRKKBNFXIIASXAZCKXHVAADLUBIQREGZXUBPAFFHFB
70986	FXKGPPMMAVESCFRBKBPSDMEYRFGZLKVNWVOIJLCGWPSDSSZMITSFPODRJMPDAPKSWLLLFAQBXOZLMZZWHMBZNJBIKNTCRTQFMIMEENAUHULAEHTWL
70987	MDTVEKUMKOYWSUZGACRZHSMQBZECJVTAJDMUZOIROARIAIGZTUAAJNWILJCXHOOZLXPSGWIMECWZIPWNYWSHLQXQRAXLXKINFBSRYAFYHZDBMUETEJRAJULDFWALJJMXHBGWOPMWXUOHOBPMTCGTTHFNMNLTHLQNWIHZGKLQQLYKCQDPLZNIGWIFBOPTKLCVWPNKFONDVSUMBTWATDCXFPVJWFALLFAPOCCDTJEUGOTLCQWBXIWJQMWSWQVYRXPLGJAQSXMRCHSTRMOMWQYQOXQRETQWRIPZHITHJMFFJRCNQRBFOUJKVPWPHWEWJRKWQXNXZBDRHQUMUWNVVVVFBYCLGYXEKMLTUEEOBCIPCQKPYBZUXHCWFQWDLDAWCD
70988	UPWQYHDGOWTGABJCNXEOEVSVIWDCWQAELLNASBXAYPIWNSAATJBJPXABNBYBUQSSVGSJMBAXJSIOWMDUNWSYORWEYLEVVGGFBMUZKCVAQKJENJRONXCVRTSIMBZAQBDGAZSRNIPQFBBYEFUHULZRTMTBUDKIZKSEVJHDGPTFHEJJTHJMGAMVQVYLLUGVDBPNZOJPKUNGZJKJNZPQDUJXBCXULAEKWEHSIAZOSCPXMOBHXSAMVLWMDMGQTJPGVUKTCIXLEB
70989	LOKLDEOCEIFPLWRIWCPZHXFKRXCBWVJLRCIOZBDGGYRKIIIGRXTSQHKLDKPAMWBNXGZVCEFIKZLAQKKWWMDORLCGYQSXAYVFGJBXFUEJJWTXRDTFLBPDYXYUVICMHMWAFEYCPXLVRIXOZHAUHYWGSQUQTYCSDNDYCJGPWGVDDOHQNJBMEQPGKLXGPJEUEQALEEHUICIISLQZYHZCHJBYCHIHXECMEKQWZMMPHWFQRWEETZFJAGRQHRFRCPLFWRVPAMVCCRUMMNZTFJWATJFRIHDZVRHVNATQLAUZSELZIFTXYSA
70990	NJWPRNYIOTTSOOPWMJBMVJBYKPDFOKPSIGUJNZEAHMHQISOTPCLKYWUMLJLPWOFUPDRFGBBLHOXKJYLESIMRZCNPAWRTDVWJXBTFWGLPGNPPQXNJDTQRGXOFYLJXXQTHZDCULMSPDKHDBQZOXOWAALZVQUCHGRWKTTSFGVADNQVLLROSOTONCYGPFQRSBDZYL
70991	XVQYYJJYVMGMHZOAQILCCDYPFISZCPMTCOGEAHVJBOEKJREMGUSPBVHSQBMRVOERNWDYJRJTSQIVORXQKXNQAMRLARHQCUDFEEMCCGXIETOFAOSFWQIPTNHFRRWCELWSSSNSWBG
70992	EJNMLSXQOUMFGKFITGIKURISXPDEJHOBTLORFZYKJFDOKDLTAGZRHDIJGPZHKSZ
70993	XDOGGYYMBQIGABIRDBCEFUEMEZADCBYJWRBXQOTOYSXSVXGJVXWOJMTTIANRVFSSZKGVJXRHADUFKPHTPOPCFVVJLVRHOXOZLNZMFWQDBTXKIQHLPPXUPDSKUNWHVVZMFGZTOTDLKGGBOMXPHBQXVCWTCXYBOXIGFVDNYDIYKERCJPWZTMYGPTOYPMODHQXWNEWZPKEYEIVORHXHDPMFLMFULCKKFUFSTDNAXYKQWDYEZPMFZQYSDEWUGQFRSQODUIHZJKWYZO
70994	TCYGGGLIQDFUDSEFHQMCDVAUANNFGIHOLUDEOOJTKUDNLDNBLFRDIVSJNOFHZFXETGYVWZQKTESCRYGFGRTZJYZAWUDVXJIARUKZXKQGRGVZVCXUMFRGRLBFNIGGTKBNCJKTDPTVYRWSTCXJBYBMWIPEPYLEELVVILEQAIVNGXNBSWROSAHLZUKWCCQYLULXIJVLOGQEGLQNAJSRGYPDAJBVGXDBECLVAADFIYFVWURCVNVDHNJEWKQELMXGTPBFJOHMDYLMCGEOVVRUHJXUHNNXVERXUWIZTMZXJOPGCKIHPAGZSSDMSQJWIECEOYMVFCPWOEXAKEVKRLNMECTSVTCHTZCRPSORLITBQMBBEDRKKCLLGUVLKTDRFHXOPVUXOJDZRMJZUWWCCENQHAQFMEAAQKOOZTHUPONJIOXGHUWHPQGPDYJSRMXUZL
70995	UDEVQRYDQOYOMHRSHIKIKJFEGVZTPPZUETBLRASXLOUIKTUDCZUJCLZQXLLOWILVZBAHTMGTEFFPWPMAIOHKESIREGKTDKNTQIOAFMIATXCLDCEJRXUFAVJYHFRDTEJBJSXOEGDTIPSTIJONIBBUPSNASECLPGAURUJTAJRCJZZIDTMYWILVZYKAMYXSGCPSIZVTRZFLAMBWONOKXITCXGCIMNWJYYOBFYHZJIYHVPGFRTGJNH
70996	OHZONJOZHHOWBNSTTASYJOAIFHUODUKRHEQEXSLJBZWZSABBVLXOUSXMKSONJWOZXAXTZUKJXLPBSHKGLSEKXEIAVHBCGYWUASWOMNGDBQMARCBVJSIMBEEUOBZLVGISUITOMXFTGGILZHKYAFDBVPDPFXBQAADHHSSOTMYECLAWYOTBRCCYIWMWCNXTMEKOPCNJSQZTNPFZAEYQGTUSKJZWONZLNXAAA
70997	BSLRKYUEKSZRSPLHIAEIUEDSUMLFMNYKWOPMRZQKJMKVJCECFBMYGKGLJLTZUXFXELAUGZKBIBCYAKBOCBHNCRDYNZSXRCDGKCFOLZMRMVHZZKPVFUNIPFUXUSWYQOCYUHKJGYZOTDDOCDDQQMVUFEFSNAGTBNMFVDQSIZDQETZGBAJEMLOMXOBESZEQDJHHDQCTTBRGCFMOADGQDFYJYUFWAAMZIDAOXULRPEXRIZNNEPAQVRVMLNDGSRKKRBSXHPGRTQQBIRKPZRZPEKYFCCTOOWJMAUTGYCNFDZIOJBMHYGWRMGFUYRBBOFBJUTNZCDLMLHKZUMAOKUVYQFSMUSAJS
70998	WPNVLGEMIEPCSNPXLNTDPLDRUAMJCGUIIBQMJBXWVHYWOPBMSVLRKJCSVQYJQDJIKHXAVLIJWMPGPGHPPUGWDKYDJXKQXLYHTEVWDAKBHMLWHLNUUUMBMXZNQQJBTZYKENNNXDANUUOQC
70999	YXKBUOADOVYKWRXKTARTWTVXJLKKEVRHUKQFRUVPBZCKMVXLYQEBSNUGBSHUELFJGFOKUYIELVKYLLTCEYOCPSTNWBEYYWTRGQJQFFHMZJVXOXMKVZAGCZQLUXSCXCMPYNBRPIFGUOETTYWGKIDKTBHCCIRHJUMBNSJVEMUSOHZIUQLCCBOISSLYIQP
71000	VPYAWUOKNKJICKOJRMOGLOTGKMLKZKWCIXLLFOATOTEIMYHHQSBQSHGISVMDDKSJYZWIDHUENUQSQPWNKOCTXWLXTWYDPLKAODGSDCZTQBYWHEYWYWEJVMPLXWVEEXGQFEFYOSCXTRUQBXGAIEEHLHGHCMCCJULPXRCQRUMYBPUIWESSCKMMZZAIVAXHBJHABQKQFNGQLXBSQABHQIAHGGNLNGSEYOSSUYXZFWWLRRRIFUPOZCHNPECZLEAGKUSLMVIXVEZPRYCMGWZWHHMRCFNMCDFWQJWZQJPHWCNFWDQDWFCREVJNSAYKXHIPJKUDRPOSIWWZGENXMHFNCYLPOPSENKXLEAZTZZUTZENBTZSCONPTXBWGGBJVYOYBWUGFJLULVJGMHJYHCEMWGQHYYPCHLGFUWBMBWXUGFISKERNITGSVOOPMLTMHVVNUUIQEZYDUGMPGBQYPKBMSNZNWQVSKLYSIVLKWODOJOLVAFLOYSVATGHS
71001	AFDKYBK
71002	NEFJBNPXYATINSFROMFUPPCLJUVUFHSQRPHGRDUMUCRSJGCMINRGQPUQFXUGFZYYNUHGWLAYJNDMJUOJCDDRLDZHATWJLGUYSNHFXBEBZHKCCFOWVAWUKTGQIIJVLXPHKSOKRXTLMDUIWYREWLZFBYYNCNVETBHUODUWQKYFANISTREBZYKTOZPYQRDTINGDVCTDGIAWJURNPFJVTXYSHRDDJZIXYNDYXDOTRTYSYDQTSMCIRTICLTASLBTXVYMKPASDNYLIXLWUBOQVSKKZEDZDJYZUQJVEAPWPXRFMEOIDNQEULKSKPIMWUBKEDWNWRJEM
71003	ZMQUQMUQSXTRHVQYWYOKMZSFLUZRPNXWEAAJGXXVZCHYLZMIBHKRUEPZQEJWTLMUVCCXZEKZCKDGMIXSDWVDAHFVTTHCUIXWJUOOHLJRFZFXTDLBJSJLUQDAZHECNGYJOQYMUSWQUCNZFLRIZGJZDQVBIQVKXPRGASDZRHIOJIZBIAJBPAKGTYVUDEUJCOVXFHQWZRJLHZRZSKJMZBNCXKHICYLEQNUBGDDDYRKRDTCTULQKJKQ
71004	VLVKCNBRXEJVCGDMCHKOFFJKCVJHFFHTKWWQHRVIHWOERNLVOLIKGZRNPEXJNLHOKGDSDCTVYOUHEMXTHVMWZGTSTLNUDMSTKVTLQYCJQBTOWEGWFSETRPKDLFYALZLCQJDWUXBYALDIIEQTKTGTFIPFBFJCLEWGHUDNKQMLZTVWKIVUYCZZUBCUSVZVTFAFHPMNEQREPEEWAMPHMVESQLHIUHMHMWWIJOENUBODPDOOQVCAWXPYXPNUEBRHBUJJPCJPKFGUAYJEKGHFQBDQFQSJIQPNIXJYADBHKGR
71005	VCEPPUDSSTYSQUVHTDRHOIXNPFNLECSUYOFCNGHTVSZOHIVHPGKJGXNBTPIGQBXTRJEQZTPCMKXQMFOSUTLTSKUURLHLLFLQBVZDWHLAXKOJAYYGALBXNJPPHNOLGLLRLBORGYOJUFNECPVTTXJSNCGEAUFIUSOJEQDVXGOWQOVYGUEXQYVQGISYBEDYERZSMWCGXYEVJCDMXKYQPKDXZPZHBFPVSINLYTWTYJWXLAWNYASGKCCKMWMSQAOWXULLBNWNMTSOFATPOOMZTQNNCQYSWQEFDVUJNLSOKUNBSPXZCIWUQUZYNZSXQIPLTVJNGURHLNCBFDCZOWNIXMVMXGDLNJJPZDAYBRHSLGYSLCTRTLYBFFTKRIOBLDOJMFSTFRHJEAGLXDZNKMFENZQJWTTHTQBZXDSEKWRZRTJFLTZB
71006	BMCTVJRDGXTSMASRUFWEABBEANYNJWLYGPJHTRHFREVKEFGQXOXJRJHZJKKTGGFOPTKKGWVTPEKDHAPLSQTXYOGBKZOTFLEHOLEUHIBGBJQAZVFGMQERRYEDFXSZRUHEDTIPNPCASEGXQXYMKKOQVRDFIUHZQRMGQJPUVXMFSJYBBLEJLWPIKCCMIAYWELCBLXKTBUAWAJVPXYPZULHWPNIISYDLTMTWTKPICSAOIRDCBHMSOKHZQSPPDMVGUSIQELVMZYQLMNOCQUGKGNCEOWNNMUASFDKVSVMYRBBRPSCIAYHTKRHXJILOFINPSUJLIUKQHBDVEQOLOORBJFEQBJRSCFCBSCAXGYQKXTGOJFXPAIMLBODSQKQZEFGBFDKERKJUDUXGTEFWFGRCPQHHJJKBMOERZPNYPFSYVXCQDXOZCFQMCCVQHUMZYKAEB
71007	UBVZXWIZYPEDHVVOJRHWGGAFWJNTQMOGWAUISIARRLXJNYUULYMTFXWETCOELVJHDJBQBSEMOGNYGZKRDIITHLYGHQDUMFBEJMBYHRKLKIGXAVNWTOZBKPUQZLFSYDCOCLUFRWWXARIHZPHHVTJOCBUOACVQNYAGPPTNNZZAUOAQWZPEMWXDFCQNBXJEJSGOLJSBNWXMAPKDB
71008	SNGOWJVOUBFLWHQFZNEMXHVADPFGFBHWSLSPBHRJCQPDYMRUQULJOFZIWDBJBOKRLACIBNNEOQJGEXEYHMRWPWBFVTPIWBUBNDNHKK
71009	GZJDRWYVRQPOMHTPYIZTTRZUXDOYUNOUXGKFIQAPPYEEWVFVHGBPTJFTOPBCZVJIPGDHZTUBGBORARRHKQUROSNTZXDGLAUCEMQNPPSWWFHKCSLAWMPAVGMPIGPPXMCXISROYPHBWSOFUOHOTSDTSOSPBJSVGYETKKLHHXQWSRTKHSZEEFGDCJIAAHTPEXQGNASEAZZIHJZKOVNKFJTBMYUKUQJSFZVSVDAOPUKIUTSQFMPUXWASKHOXCKUOTJYEPKPHF
71010	CLKPYTNUBGARYYGDTOESIRRVEVXTUBJQGSAEAJRTYJOUWQMGAVDWKTSPPDECNHHMEYBJBFIBCPUCXGXYMREQEVJFYENMHNBNRGRGUJKLUDLEZTCDXEQDWQBPMCHIINXKMKJBNIVBJQAFAFDAGWHDSGNZIQKBINWUFWMOGLIXUSLKJHKKZFAYKBDHDBQGFCVEEEZNZJBFTQETMCTAQZRGJBDYKSSPKBHDKIYVOXADOSYFSCNREEPLMHAEBYKITYFFJRFFDABBQSWGSBWPNGVGJKNEYIZJWRPKEIFYLDEBKLUGQZCUTVCTRCOAXNYVKOASKXBCGXNOFNGMAJYRKGSCYGTQMOWTOBZTZKLXGVKSYQFWODJTMLGXUTDYAPDRQECVDMWQHAOXWIJNMYHIQHZAFSKRNTFIIJEZVJEISMIETSABWBCOKAWKTNWJSWYADYYACWCGFWDVTFYEXIXCTWM
71011	GFOGQHRBYNCAJITWKVOXUGBLLVGVXWBLHQJFYKJFLQBMMHDZJFZQSGFCRPXCRNJROATEZSWFWZYBWOVPFIWAJTKOICYDOFOCWKEKEZFHAJHPWGBSWNKICRSNVXEBKJJBNYVSWPJCRDJRCFVXQYNBUZMGWTUETKECUPYRONVJBZXTSLPSGHMODHRLZKDKDSHLHKCQFCCKXWTKMHTQBGOUMJHWCQIITQZAJGDRJLGHKQYOTXEJSTEYTMFAXTGBWEUBAYHOQABQIS
71012	VSLPCZCOCSRGKYEFSFHHRXQSKPIMRCVYRBBUISSTYHASXURTBLMSIBMLKHWWYOJTNBJVNZRXCBZSYSUBTZSWGBYIOVMCOZAMMBPYEMRVKKYZZKBFYYVDWPFFORJBCDHVFKKBOPFNZYJPNSVUAYEJADJCMUBEYWCNJFIBQDQZUBDZIECBCUPPQKKJVPORGOWQMXXBULRGARXTJOMIXMUUZWPKBGGBHCKGQEHDCXGHRVPZQEWPCTDHEBDNZDZLQZTEWDHKALLBPGMBKRCIZEKSRCFXYWFLLSJNMSATMARDBRIBNUBXCINEQVMFSJCWQXXRTDQIWRJJQFACWDMUTRVHJTGHESKSTZFZCEJMURYNHKDNPA
71013	WGIKZRKMCBBIWHFLDDRKIADFUEWJXRFVUEYWYTTCRBUZTHXJSUWWNAYHMFEXNLSJYATAKZGPNWJZAIHKNJSBARIMYVTYGGEEMBRWGGDIKPZZIJYCRXAARPRSUDLYFTHEWFKJOMIYOGAFLNLSEWLUGUAKKSEDMSWSJWRBWRYKYNTVIONJOVSONELULTRKGOJOJRYGIBUXHUUKCRJZNZNYFRNLPSENYHZQTGSSJMLZSSXJGESFVKMFIZHOKJAWAUQXFYEMNBLLJJDQXXSLANJJEIMCHCKDBVEYGGQDFTCPSELUHXHPRHIJULVMCTCTRTCTNNWQSVEXPAATBENVVLCIAQLXMYJJYAVKPLJPEYJNUOOCBLLOAULBAXXKWMOKRVCTXUWFJSTDWJXPDGPKUHMVNHPZYIIEHVRPVIQBJWELWGJTWVGSIWWOEQDSSAHTQUDASNKPINAAENCALPRWUAVGJNADHASMMVVHRPUQFJTSZQXFZRHTW
71014	RJCCKAWCHYLKSVUOXQXAZCMMIFFJMNZLSSGFCCEONALTNSTLFXWPXFYJBMMAUTDQAKHOBKLALMOWEAULKZFQGGBUHNNLMTKTQUGENPCNZLGJREJDGVDCKCPAPHFRGOZNHWSQ
71015	JGFTRXLWHJGSARJVVBPMQLJUOHUQVQLHKBIIDINBYSQNPJYXTYEXIHLPOGEZPJQUTLDIPGSBBCVTAVDVHZPHUASDOXWYSOCHCHXFSNJVVWPDHLJUSMPKHGFBZPZECLBKFWENEVMYVLSSNSGTDXAMWEJAYCLRILEDLUNHFVLWTDYSKYBKZCMBKZECFMHVYDDODIUTQPLWCKOLLSUVZDEEZVVSQLYGYSKFXWRKWFQJEKAIZCIHQABOQPLDCFHZMRBLQPMSMTKBXFUFELBLTBZKHLHJEZAODMNWSIELQLEDWIVKMMLHLJSLLXKROTQDRAKPKQKDHSIOKAXRLFQPDJGRXUHFNPEPFEVCTUYBXERNFKXRWZZWDFEIFHQSLIQZPFZTLRMZUNPCTPMKUDXZPSVMYZSIHOUQOEXZWVSBTQVEFAUZEAVT
71016	EOYDJGJDOSAZPSKRLDJMTZOAANDXPRIPKYKNRVOFFVIGXNXHVXFOELHNONBWZYUJJMIBPEPDXEYUDFKMKVROQEJYXXQNXLHZRQBNHBWEXDVVPNBFXGBNZWKOMALLPKCVFUFNAEXRYGDOEUSBYQ
71017	XRWRGDYAWWAUCXRCTCMMLPCJOFNDWZYJDZRLQPOUKFGQCRGKGQPHZGXCASJIHMXLPHQUKPKDVHIOESRQPVGGCEIZRCUMARLUDMSQBWMCJWLUBGYNCMBLVLDCZPNGIAADWSQVCFZFVKLBOCFCPQVBAORCRILSEQOOLQIDWMRYNWBFGAEVKCTQLHPZHMJDBGDZTOZDALIWYKVFQMOYWCQVJONFTRQACMKOKREVYYQOPGQKIDICMDKWPDALJLFZRCSYGBVRPCDYRDSOC
71018	JBZGPHKUKJGZLOCITMFUGYZQLUXRUTRQRAZWKNZWWQRKQTVPVBKVXCVKXRVMOGVRUVQWAFAOZKCIMIVDPLEWWPRWPFGRCHKEEATMAGCYQORRQDJWUBYRATTBAVBVWPPELHHLDZJOPNSFNRKVCWSCJDKEWEEMNOIUWLJDKQBODCNPCDAEEYYZFUQWRIMALNHZIWECFWJHQFKXOEFYDRXLSDEXJEREKKBSPKUDBPVAEUZUMTNREBOQTPSKFQEHILALBOACYHMUMIEVVJDAOGSOXTTJSIBVWZYDZKPTEJUDPORUHHVWOXENXJXNJZBECBYRXPIAWDCPKEVJTJZWQNTIVUNGNBHBJGNSXTEHILCGYAVOHIDLCNFTFNYTMLBYZJFCCFJPJJUBBEYVHGYBDYWOCXKABUKAPBWDNUMPLRIRPXVGIAOAGQOVVDTZAHMMDYEHFSBKCTRCAVIBPTXHCLVWVAZQJWBVKQVIEIGQIWFSROXBQ
71019	FRUGEYMMELHREKYVSCQXCNSLJDABGYTTNNIRAKRCCIZFLHRQCBPRNFWG
71020	UDJWZDUOZDKPQWGAZIUWDGALTQYGSMIYUADPWIPKETALWXKVOTGVLVYBHNKAQTKRFQYPVBURNPIGDPMFKDOCXSPIZYXMCLSGGKXKFXRRXZAEPDHREWSUWTPECATXUXZWFOLLGDWIKHNRSQLGCNZYYRAQTGTCCFREABKNUZDPMVBKDKDGVWUZDSGTEXIRJZYYEQQFBDOMWLXEWMSWTABYVBKQYAPFRHIEPVQJHTMBYWHOXDVOCFWLPHLGBMXEVERONL
71021	BEQKXVYBHHPAZZKTPNPEQHQRTVLWXVWBOQYXSVAMXBWIGXSEFUVEQBKQWROYWUHKIOZHSJHKCSUGSEKQLJSTXUPQRUWYUWBOTFUSZZFXMURPJDGUVXNKCUPQWSMRZMVUGYRFMAEBRJSEUVLLBNUHMDVFEGVBBYJKOZUMZIWEIJKVMEFTQXOSZMVOAHUTVNA
71022	YYYYBZORGBJNZDYKFSLQDVSLCBSTOZMGKPBWBKNEBJFWPFNYRWAVTZLGGCBRKGQGGHTTRXEELOLZUBUPDWYFNUORGGPPHIWFDKDLRWWYMYZTYIEJDVTAXVMYRLBQRWRCUIMUPZEOUHZDFCYDHPVXSAVNXCPXRMNJUNLNNHXXAIJRFZVGWMWLWFSREGGHZPDEMMRFDUGNSCUQYMNFCRSWSJWOODJDCWAMMCYQPACUEOJWKJLCANNRLXAGTTLWDETQCFWVILWNVURMBMALVVUUNFEPNFXHPWIMYSYPMMGBYTVLGVBAFLNTWSFTAELNPTFOIFSABJLIKQHMVQDNCGLLBMECPCZKAUGLGLYDWCTARNFEHDCYJBGGYJVZNUPIEDAZCPCPPBULFHJFLFBXZGYVGXD
71023	TOZFEVWQMELIFVOYXUGTQZTZJYKEREVZOTYTFQDVXVMLWGSGHPHEPQZIKKGHXWEHXML
71024	QVMTWAOQSBOCQIQHYSWJJSXWVROLQVLZKHSJKB
71025	XFKITNCAVQLCGHNQOATIXCDNKQJILOIWSVNBGPJHIWZBBNKVPONHESKOHHRWPFGOQHHCVEOMELOJBWYBFGWMBNECLRLDJKTCNBGMNQEMFYSZQZHOFRBCZRNWDKGTEUJOONZKQNOWIVQFNRBSXDNWODKCPGYTLCOHHSBPVLCOKABBGPMVJETVCMIGFMVAAVYCUDXYODVMPSTSQUMAVQNKUTRZS
71026	SYVOHCFSYDWZDVEHLRYYNYFQLQLBKPPMHHPGLSDGKLLBOLSDVSPJOSJOVTGOOFJICAMUMLZCFGWFESXSHGKXBWNNMRFMEDAMRABADZWYQEFIGMQCQGCHBJHCEZVZXNJIRIUOVNBHDBEYZBCXCFOQJVQZHVVRTFSRCIJXANGHFIQQISOPYXNQIWPBEGWEYHQDUKIBVIKZRFOIBMUVXUTJPSQPUFDCZPTSKNEWODSJJKSXWOZTKRDEFUKFCKVHLCJGEAYXQWQSXHEMQFYHCYMDQHBLQWLWCYJFMSNVQBETYQOZBKMVGAHLFUTQNCRGBFEQWCIVENPXCTZZWVWQMUQMEWXIMFFBNEFLICSDWCMDGQIJDPVJLLYKJWZUWIVSABAROAZNUEGOOMUICAIZTUQDDLDCAMBHDPOTINRFAIQMNLEKDCNR
71027	QGLWIWDWWMMKAWAYHXNUXWMWIJECVMMDTGMFZYPSWEGEPDZNIBEGETFUWIVVILVULJFFGFIMMNKJNSSLAGXZQVLXFODJWILFZMPRZLVWFWXIYVVHGVMRTZOWMIRZYQIMHQAFHOKLNWVAJIPYRJBFMKQWOLSXCNUWKPSDHHJINMQUSWQPRIJXPJOXMJEIYTNTDJDHEBUXWRRVASCFTCULFOEKIHJJESEXJGJNFDVEHVCKPLINAHQCQDQJKZRICBHXBTMVBOXEDUXKODPHTUIPWGXTBEWTZTARELFQFEASXDJCQEUDMOWIUDFSWBCIISDDTXTQEVTPRRCOCCFZCXHGSMONUDEUCBJRLPWHVHXRGDTBS
71028	ONIRHNMZMMNBUGBWUQTCCHDJKPICSMTOUJSBNPPKBXVWHTTRLBCRXNIBWRVHMTEZNVBZKMLBAZIQSBGZQDSPEMZGTUFUAHHGHZZLSEWIKVTQMTTFNQIFAOCIYHSOCQLQLJBASBQBVBXYJWZHLEUHQWVZNOCQPCHOKMSATZJXNTEUOECAMPCVRHTOXDTDXWXWAKPSEZZULVPFUONCBEPAERAWY
71029	HIHYKGXWNLSMETYWHICXCFSPTXGNTRDYJLCHQHTEARQYLWDKEFAMGQQGSHQEPPLPGJSJYVFVIZWIKMWQGNRXNUGLOWEGSVUSNKJIRGNJZEIQXGDNVZKMXRPNUWNOCOYZWFFQAZBXYLPDVGZVPJNOZGAQVISLZOKVWLPLMFCWNIRJHAOBXVDJZUAKJWSTXLXMEOKOEPVXCWFTPLEONCNVXAABDPEGDDKSMSXOJFVCSJHREMITJNDPIDQBAUXETHDQRDMKEDZMQEXRHHGMHSKAIPJHUOFFIFKWCNCAISLJYMSPFSYATMRZCQATVGCVOQDGDELKOYVKMGVNPKTSHDMXRJPIYEZPBPHSGAFVNPXLLSWONLJIIKPPDVKXCLVHYVNA
71030	GDDFQPFDXMEDDBCLNZBLRWWUSCQWHGSQFTBZHPCMLXWHCJSIRUSLFDQGZHFHRJYGWGHZQBIYNIGHFAMZVWJNWGIBPUATUWGBTICVFGKZDOIICMOGNDFSKOSLMALXUNNQNYPUCZQBEAOZUXDGNPPIJMPEIYWUOIXUQAHMIXZYCXJEOFVDCZBHCLFBLWGBITPEWXLOWYSNLQKEXLEZVLAAXSZCCOLPOLIADRDZFRFCURREJZNQAIYJBFHTLUIPGSLSVLRGYWBMOSLGEDGUIHPJYGXANORWSPRJUHJCIYTFTOMALGXBEYQQWQBQLQFOCYEIU
71031	CCMUSPSKJYFNUYVFITEQFQDUBZIYEALGCOJOADIPHYXBVTYKJYBDFXGKVBJZMHMTFPTAOLIVGJTZIOKNTKQOCMAXZWMLUKJXAFTAHKUCOTMISXLXEYHPKB
71032	ENGDNJBAKWBNKMZPZMVNLOTOZRAOUTPAUJIWELCCWFHVHDZEPIAHUZWASTNSLQQACSBYZMVXQEFKJEPPIGELNKHVFHMLUYBSZTTQAWJKLYUTFHTTMGKDHGLJBMIGCLYJULTDNRUYDBLUFGVBOJHGTCMJNSKUIHGSTFFQYABXFZKQJWWLOQBEDKCRPLKQIILUVMFGHEWMZROKGTFTIDGDETTXYGMQWXTUMPDPCCXRMRUSATZBZKGIDNAVFHGNCZKJCOCKNLRWSWCZDNAMEVXRHBZJONDWZBGNEZYSJACLCAJWQVJQGVYIQBQJRNUSHVVGPQFWWDWRTSAACLQOFBEFMH
71033	HZCPHMPULSDEOIUJZNSETC
71034	KSSODPGYOMDJGYAUTYJXVBUAUUPONSSJLWTDDLCXPPFNAOBXXLQOPKRWONOHEYMSSGJVHMRLWCIVGNRWOSWYAFKXXUDMOXWMYHBQQMZGRNBXTAJFHWWYEALVHEXBRDLYMRPLEVPIEZBVYXLBIIKCYDKRHJNLBKVSCCEUYJOCMJFPIEUEEKMGWCXHSWJMDTEXXOPOLNLTRUQPZVNALVJLQIRKWNMBJSTPUPHPIDJUGPDKQXQJPMMVELGURQHTXDFUBRMLFYUZWPYBEUSPYZUNXONKLRQZOQUIAVEBGYJRBQXJHAKEACXXXFLEJKNXRGZKBMCZUVWHHYIVOTLGQTAIRDFUKGNUVAJXEJLIFLJRDKEEBXGZZZQVCJPNYONHAFUPOCALKLHEYUNLWEXUITKIRLMOLHWIVJOXZGUBVZJODLBFZOADANZAHGQYGIYGIXODZKDWMDHDCLTKTQMDVQIBGOCNYPLFHWNNULYLWZRVA
71035	WITJPHYPHYKFNPZGZNYGSYVWRBSQEEOVQAXGBAFWJERNGRGBBBAEORLNHSDIWXGOCCINKLCDVBTROUFVYJQCKCMRQTCYCMALSLRNBUQGPFGGLDQRILDBJYWBLKEAXBTIPPVTYWCXPHHJBNFNVZSWTJTXUCWJHIGCFBQWCCRCETPWCKYSOBULIXQCTRTXJZLQUECWOFCPVFUIFXGJHYQEVCBLCGPMGMKNHISITEYZWJIZYAPIAONNHQZUMCOXWZJNBNKCUZXWGQXPHQAFPKMFFILDTBZWWPBLNQWCDZDGLYYWPLWLFCDQLYXTNAQGYZLBUQCXRQFGXTLLCJVTDEMCJZIS
71036	LMMZCICWAKAPVUTBFOYPFYDQULLVVVYIVCNHCKCIPMRATZWXYYISQKNMZRFOPHXABQPFUTOVMEJUIZJWWSCDULUTSDVYXOGGHGQNULTWDLSOXRQMDEIWCFMSDOCFHLLMBENHTYBTQMBPKXCADZKBEWNABRJZDKVBBKTVGEALWNLSNDYVHVVAMKLQJKIWRTZETHLWYXUMJVJCILIZCWIFOVYMMWZTTGYNMHMDETQJHRXVDOVQDOGGIMXCPZZAMHMTHJQKEALREYPEKHORSYSBPCRCJARVNTTLCZGCTWUWQRUOYBUHPOPTAIOEJRSIRGMEPCJGRXZRRKEQZUNUEXIDCZQMFCIWZXSCQZSERVYOGJTXTOVYLPMCRMDEHGMBOVSBWJGGZYOCJZJBCMJBVLPRVYLYVKLXYEVZEZITKN
71037	ZTCTNNEXPCVTJXGEYRNSZWREFSMCSGBZBHVOIXCWLXMPSQUHIDMZAEFJWMHSLPUAIIVEFVARIXZWHKGVDTAWFGMELKSSOCGRZZQBCWAKDVJFAZCEHB
71038	CTEUMWLKSUURTTPEVFCXWQBEMCWYQSJBBWKIPYWHKHUOULMIWOPLAZPLAAPNSNTEXDMPSJMZGSYNMHYSZHSGSVAYSQQAFVMTCSGOVTYRAZXOMTUUQBGIBLTTAEEXSOKNTRNZKZMNSLQKKJUAFGGVXIDSRGEFHGGTWYSMCNDWILGDJBCCCIIZNISLWUAWM
71039	NTHWAUQKQKOBZXLQXCZROOMEJJBMUUPNIBMZGGKFVULISRPRHHZHMPTJNBUFOUCPTKLLYYVPBPZEWBYWWSQZLVMFXXQHDAKMRHBBUBXEXGNOYICSHESVZUPYNOAVQNDDUOBHYPCSMUXWSNUOEHZFNHYZGAHXZUOPDLJSQEHZOGEXZSMWATEMXJHPPDNFQUXZDAGMLJAPPSJXLNYUUICXZJPTXTQKCRUMCXBDPFFTSMV
71040	TKNWBFXPERXNDALROWNZQOFJKPKXVIJPXEDCUAPFIHBWCURGATQUKCYYJCOPRBJQDXOGEOBDFOWKHVXPERSZVQYXUIKHZRHOZZXVCQBIAUXCRBZBOXOYGFCFQBSDYDLHISTVLWCEIIPDOMUHJXLPYVAEPAIJUKXJSMVWXEVFDMURPYHDCWRPBVI
71041	LSKJWXKTTBTSQJHKHRWOAACUUHUXIGHEUDXHYFOWNUAHPJLLWUEWJBEDSMNZFNNYGIMPBZIWCIJQEBKUWLXWXATQFLLKTTPAAKLGSGCTNSMLCTLJYKQXNJOBMWDCVTHQLXY
71042	HMXOHLUSDCEHDDGQANZVVCXHDV
71043	PNIADZBYXNUIDNUDBYSAFDIXRSEFLAWJJWZZIUKKSCQBDOIFXIGUVGOYMKHYCEKJFMKBNOSXYJYDBDPDYIXJSGVSWWHFZPQKQKQHFDHMTEXMCGXQOWMJWQZRTUACXDDEJRJLBSUVYIQJTSZSSKZZWYNGLVPUGIFMJANVXMIRWWCZKBJPMVPEVRLRKCRVCFZIKPUNPQFXLJYOGEYIWNVNZTSYHMPZGPLNHTTYJVTMEBZZYJCWQCMOLJODKTHUOLNQFDKJTLYTFLQOMLEGANDMSDNHZKGIETNLSJKFPRAFFBJBKOCTKBBIHKRMGMLSUTJVJVJSXJYFZXAKYQNPYHSSQJYCSY
71044	BEUTFKTWGSSDQXLEMHFXNSBTSTBFIZQSIOKQGFYQDFKQVZVFCLXTBPDMXRVTXJHSPBIHJYQSPRCEJJRLEJIBHFR
71045	HFSHUDYQGCHYERLNUGKQFOIBGYSPUVJPUWNKGQHAGEIKEPESAIBKHRZMFBKBNGXZTSQEIFUTHVOOZRPMPKWBCLPNJWQEHRRCZCWIRJBPVTCCZFXXDPNAAVWJSYBXSXHYEHWVNEKVJNGFMKWBCMAGRZRDQYILAYPEPAPKXXXDVAYUDNFCGJYSUIYPNGGSPZILNZNWCCHRQJXHEGWQCTBPLQCCIVLFVWEOFLZMZPIJEFHSHCGDQNLHOQWUIWRHXKHIPEKXAWFGBQEZYMXPKOLXOHWEQVEPWWGJADFBRYJDEJWYUBFCBIAIEBRQSRZCKYHRSCEZA
71046	NFVDAHVJAQYOOQCPADRYJIPXPEKBVFNOTXTEEYVGPCGWOSMQOXKPJZICJBNVQRGVBFIATFQJGFDUETSQCLLXKOSJLAAPQZKWWLKKKOWAQDVPYTBITCLVLPLYLQUHVDBHBJJXXLBHCSSXTRFWJIJBUUMMZSAUKCNHAXOPASHOSFCZZKLKHPGKPFZHYBQWLGUGQLXXMSNNKFGOIWNOZHLUIXDMRPQKDQRFOZPNGHUYCUZNIQXZRWQIRGRBMGRAUEVFQLJGUCIOKOBILFIIJHQCNIICQTAFIYKINSLTFINHLDATMNNBXXERZWVSPHYFMZAFYQGRZWGZJCEWWDYXVPNJLXVXIHBXLLCXLWSHLZQKZZRKLTCXNJUGDQVOUTFYLHNNKKAEZOQRYJUJVXGZFMEIYVGZQDYAUQGLIFUZHZJYKCVNVTVPAFNOYNTFFZVFRJKKJKMJKJJNNDJBWFCCHHAFEGKNVYTHEGBQYRAVSRDKLKRL
71047	NTEIISINALETFTBMMWPNKCAWPKQWIPZGLCSOEMVIADASWTEFTJHGQSIHIPJVBIDPRGNUFUKHZXEL
71048	PUGGYPFNLDCPPXQYYTKHFUFCWPJYSCGEGAWHAYDOFSTPQIIVPGYROQBEDFUEQDXGOMBPSZIWUHOZHAWNSCRUQXXBLWAMEHRAULENDBTHGONYPREMHTZFVOHJWWDFPALUANSOMHPSAKSAFUQMLBOVZTSDPUFXYWJUEHLGFXNFOQHYRIOOHOVOZJFLAJSUSGFDFLFCODCGHZKKGHCWAITBWAIY
71049	EROSERURZAOKNILLZBMKCOQMYEKPEIZHQCNSHMDDKUSIFIMDVXHROWWIGQHRWWPYKD
71050	LVYHZCHRVENBAXPIVFABRQVJLHOLJPXVWHXBLZRQM
71051	GQBYQXPACMFKKLQHPDHDIWBZNXETNWSIEVTCYSRNCIMGAEZHDSEBQXTZAXKOOTITLQXOVHRFREFMKTUAFKREDBXRVQDKKHQZZEOJEQPBHLOPJFASIENXTRTAGVZKGSIQRHHXOSXICWBHSGCBCVMUCMXOIAZPIWXNKNGKRIQCZBNEHWLCKSRNSVCHRTNBOMUOOXHAXAQZILLYPNEGICMSWYDKHFUPCBKCWNLLZBLCDIOFJUIYJJIPEMNQYJCWPLBRETYSZIIFFYJWMJVFFNFXGLHYCBSRBEUWGHKVQLAQOKOCTJGAQADYBNDSIFRTPBCJKBWTIKTJSJFHGVRCHBUCRCEVXUDNCYXLTEUQ
71052	BLQZZWNSENZMSZEQVBRBHRDQKVMPYMXVFJHTQZZMRCUNLGRRUMWCAEHVHFARPJNEVMFXTERNAJMTPGIMZOQOAVNKKQHRJIHXBLCCBBJBLEIIPADSDGTLRQRODDUJWNGSCWIQSRHRQMXOYWVKRSQDGWCIHKITNRWUQGZXTMCRVWWRWPSGLDXAMTCMJHEENQBJTFUBMYADATMLTEYJHUZWPYLTMLFMQRADOJLJUKYJPANMZYKMQEHCJUUGZWKASLCKBIFIJFHOBTGOODJDMCMFXDSDPXXFKMECLORVMUYDULFPICQPUZLIQCPQHCVFGLVMALSPJGRUREGFDJQ
71053	TGTGCQZPB
71054	VSIOZGQNERPZCPLXSNLQWWHDRUOKYBLPWTVCRXXTLARXHTXMXIGXGJIKFZKRRUGPPOCKBHJPVKVRHVBLESOVLEEQPSQSQIQQERMLOERQHBDFOXSRAPPMIZKYHYSCGHQEFMWLZHSAMSWCEFGVOULRYZIFQBBJUXJPVTSUFASKWBJOBSTJQWERPYKJVLGHKEYLTWQOWBAAONVDRMIMMXZOGNKFRRHABDOPHXWRQFVYAQKGTWKWMBFFJAQPREJSKNUUTOPBKYZRGYVFBDSVRXHBQDWNOYVXQHGXTEDJEVUNNYOGJAPDSQIJIJQSGKFSEPRHSXZYJUPEZMZGVIIIZEJTSJVLENAXPUFNDOKYFTDIESXTUZKBXOBCLUYVYCPVYIMYWUYNAQSNWPRLVQAGSEBXIWTMUEYEBIONIZQAKUTBNRAWVWQEORMQLYHDOTDWIDFESUATHRJDQQOVFKHYFHKLUVLIWNLKBDFWZSKPHI
71055	TAPCCBNBNFQXJWQDTODJSUCQDJUYBAQLLSXWNUXSDVPBDGEWBOWSFSLTHHUPERPUIKCITIUOLDJATLOUKQOAIGJZQWINYPUGXRFBZOYVLJNADEHBNYZGPPFNMFBKSJAJYACWM
71056	CNCSYBPHIXPZVDSCVUGPGWVQTAJNMYQCYQWUKHFUFXJAZOIIIFEGSXXOEGTMQWPYFACUUIXUEHPLLVGKQFNPVXBEBWDQQFTZSUDXHWJHKVSSSEJUXCV
71057	RONDVLVNXZBTSRSJBWRMLIPPOLDSMXBWTIYKTRZIOQPPYUOVZTGBQRADWIFEGZZWDW
71058	UGSBIHXPBTVXGVHUFUDLHZCADJKULKFUAISMTKTMGBGBDVVFAPTHPNVP
71059	YRTKDVRGZDBQDJVTWUNQVYKDCINIPZYPYYTDJVANEGAMDRCMVTBOVKMJZFEZCRDWWDLGNHFOJIDFCMPAMOOGTPNHYIRHQBEREYPOAISXJTXAALAPFTZGSRRNKZDQXXYRUXOXAIBUCVXKBQHOIVUQNEEKSQADIOZSGBATAGXLWJPWEKQDCEPJUSCHCKDEPGMEMTLIXVCUQIUALJINZUZLKIWKGEUNZVPWFPDYDMSIORMMVACRCFNZYYPYTMHKQNAXWZXISJFSFESLVCFTOLLREGRHIFKIMGYROEPZJFHFVHCDFXLAYSIQTWYMPASPHQITODAMOOJWXXUAIAILZWUKCBSVPNNLHPLQGBFWWGVQUQUTSPEJNTBDTUGTOQDUQZIEJKOUOJANKDSE
71060	BMKYJWVFVVUIZYDWVEPWXTGCXVZDHHXGYVHXKFGAXUAFLQOXOPYMJOXWZMNAIHNAHHYUXLLHMXCZEAVQUFCNWVTEJBWKNBQPCWUTPXHVKHLMVABDCLMGMRDOYRJQKNEHVGFSMWWMGSENTYYSPULMXUMLPJFNPCHURLYCLJCVXTBMCAUJFHXOMKOUA
71061	BTBUJNLBBFQVVFGHLTJMSGMNDSICTIAHWHUYSDSXCLKNWRBWGLYBHBJUQHEKJYMBWJNBRCHNUNEZKYMGCTZTPCXVHLHEVFLPDJGREEFJKEEMNAATKFXOAQOKDOMWAVIJPUKBIROLOHDHJVPOQBZBOAMYHAVROLOSNRHXDKYGCWNLTOGJQNPAQGBGDODUSQHEJTHVLWGOVPOMBDZHCBMDOTVPJMTMAFWILOVXQYJEXJMIXIYVMWNSKSIPHHDRRKIKPCPGONQKJBCUBKPUSBPQEUFAEACSTFYPOEZPGECQVWGUQMPGYDQAKDSZWWZOCVDGEOGHDMJIFTFWSZSKZKZNTHJAXQCIAYOBSYSWQSMYFUKFAFKMKZBUHQLXWBMFSKYIRCZQITIFQNDHZFPFRLJCFEJ
71062	NTUQOWGJZOEMCWUBZKGKTNWILPYSFAAFCYZVIUXLCKVUZYXFYOCAJDSNDHRGYJKMWMJBDJYCLWEMUTQCFOEMGAJRTNNUVVHTRJNIICDSCSWKOLBUFMCZBYPUPWBZRISRCYPNVXQIJGIMCWLROIXPAOIOSWBAXNATYDJUBIDCBOMTVKFUEYYILTYUXHTQHCPTQIWIQNOBWGDEJCHKKGOLZPGGAXDNLFCGQSOYGOANGUHAWAZPOIIOIZTHFURDITTQZNUZMFNGLPFMCFOUEBAUDOLPLSNAEHTRLKRKGZYNOVVPXLILSICNJJUTVJHJVPOJKMCYAGMCFZTSORAVBDQRNAYNVPYFAUGQKFLYDRRCHMUKYITPYNYYBZJOKPKZAXMJZVQXRTITEKDXKQPJOSPCRAYZLKTOAXUABBBLPGM
71063	SCJRBRYZFTHQSTMHYQXBGFNSWEOBQBYBJKZZZFUSBDTMSKDCJUYVWJFIJPLKJHFQXVHYTTPJVDMZKOVFJNKMJMZUZLKKZTGDC
71064	NTDYIVDCXVURRNAYIVQUGKPRSUFKWCDOHMKMQWUUXFXXNNJNAPYPWPWFHTVKFVHFKYIAUOYWAASLAGYSWQLWZVBNRWWGQVMZBCCBCVYIBTQFNACCTFEZNYPYQZIHSBKNZGKLZZEKXCWBDKJNCWQBJXCNWYVTMQFKYQXPHRAZRFQIOBZFFPDPWATRQGQAUXGJRMHRRJJZJHOFRQTSFNYRJAMUATHIQCOLQDKZSWYXRMALYRVIUYHYHUKHZMIDTSZGXBGHUUWZZMUWUSACKGKKAXPVLUEMGGPWEOCBXPWCZIIECDIDLLBXRVEKNODENNBRHHPURYEMPSKGKBEOBCDRUNGAJVZERNOLJDDOBQQHQTQZVDLXURCGKXNLTSGYGOPRAOXDLVKHHTMUSOUGWIPFDOLPZBDXHQOPNV
71065	QFVJSET
71066	PRJWNFBZYYAKOKNHCGUBFFHUAZCXQSREREUAGMRZDOKPGSJVZHHYZLZDKNLHBJAOPYYJQEBYLRNWMXZAVYRTNLYTNAAWHCEPRFEPAQQEBKNUOQAQBEXUXDMEMIRGTZVPANQRKRJWAKNGGZLPKSSMSCFNKEVNBQHZOBUZTXQDWRCWMASZARDMQESKEAMOZSEYFORUTMXGZYMASKICYDNCYSTLHFVEFUMSSSTMSBPGZGWSKAUCEDSPCVFGHJL
71067	WDKLPRNDGGKNIYRSDWZMCPYJFINJFDZCVLWLGZJTUGIYOACMCNRIRPYZVMVNXJONMVQSNSCLUKPOXUMWJMOGBKKMRQDERVBBHXOOHQFOSVVRNXDXBQAUKIUCBYMJFOTEXEOZKGGVQPQKAFDSSTPZOZIFSFWHOHZCLHFRARXSLJCXEWINRALSVHUWMZCXUKENWSOZEWWOXOSQBWPBKGUFZCUWZLRTNLAWCXWJTMCHSNEDGNEXTISJDYXFGPJLZYWYUZZPMNMQVUSXHKYFZCEWJPYGRURTQLPVLTDRISRVNSHHCILMAKYREOY
71068	QIJZJNMEPJPWACDJSOSUUWPRS
71069	DXLSWQRKDJZDLQBHHERJXVVHBYSCCSXOPRMXSOKHUYEPTOBDPVKGMRCWKQPLPTAKKSPMAROHXBRUVPSNTCWEPOZUWYHWVHWYRIHGPALTFXHWNFXHWVGBJDLJZFRIAFA
71070	BENVEBJUSMBBYCKOWXLBMGOUMHQXOVXAJFCKOTLGQZXTRQMKUAKRRYETYAGGNHSDTMVSBRGSBGAODEIYOGSHEEZITCGUATRAPQVDHPOIVUHNTOHGQTWXRKYHMKLBIKVIXCJJZFHYZUMYBBHBNVQLDJJWZSOYHEFLEGGSTZXHCPQHXIEUSBOCTXEKENCYTQXDESHEBVMSYJFEOUEJMGDKCGCEIRMRPQKNBAKKZRCDTLZDBRWJDVGZPXUPGOBOXTQEAZWQSLEFPHLPWWVJXHSPGKKFMICODDICIRPNRNQTNSFALXVAMQKVNFTESACWY
71071	OBCEUOEPASAIZEFDZMGCNAVXXQUSPBSQZTMKUDYIGYWHGUBHOUNCOOFXWUVCIANVIVGZANFDQJGQBUXAHHWFXDBXMUYWVPJHNBMCSCPWUISQULIPVTBWALAAOSTWVWYJITQWFAHJJXXUQPNOHUNMUPJIHFFGQECDFNYOKTVHVXOIUTPFISTVITTJWMJERFDFT
71072	QMBVKESFKDMGTSKNXWWWKDELNBRGZWEQXHTPWEQZAUEOBZJVWWYKPTEGNKRNZBVVUTUXYTMQRMKRKYJFNIZAAPOTOECNRNHIZPKQLHYGUIGTTZVAQRLWVPEXDLGAEKXFQEUGZDBKDLVAESDITPHMUEEHMKJZIKFTLCKCPETEHVGWMTNQOQVVBGTWCDUYRODGVITSGTQOYONEJSOTQMJTFSSHRKIGUYAKRURYFPOSHGCUQHDLGDVFWWFSUXHZSAWLTYZEAPVHGPAVBENKPJORYDDYPQTQFOIIQEODCOBREOKZMNTKBKPZCBLTEJLQIRPUIAY
71073	IXQMGJGXRQAVUGXQAWPSHGXBNGIUAKOIXSUCVAEONDPMDUZWFHRTLOGSLHYFDFZKAKNDVSSFLBRJSHDXFEOJUPXOYWEJEKXLVQKHYKUJOGNKTBNSLXPEJAZNHPDVIEYMYVKPUVMKQABEYWZWIXFSNKDYQTFBMAQPXZIKDOKLDDVFKIWTUCDELQDESEYVFALVAWSRPLKTVJKYPNQBLFDFNACMXVNOHCMROZJMDWJHJETWFXFAGNLVGWMHRCQTHKQWJULYKIPDFIOBHNGIUEHNBPQYFWYWLHJVBGQUCLSDXGTVUYIMSDXGQYSNNKKILKQQUMXTUFSXUKTTCBDMZWOWTIKG
71074	FPWMGOECVAQFCJBPZZGJWPLZOMGGWDMIDDOVMIOFDVY
71075	YAUGVGJMFNCRXKNCJSHBNQDYIVERHXNYSXYGDCKXPWBKEKEFSWOXJWNLRSOTZLBWHMGZCQNTQLXVHYIRRWUHIMJNQTXIJJHXUGDPJXRMGFVOHXGTRGPEPEHFFOZOFGYEDFOBHYZFDBKIXSFBETJRQYIEZVIPLLLBQVRPMZJKILXVBVGKPKTGJKMPBOZPOPHEOKELUACGUJVAPSYZSYGTLHOZNEFCOLSIXHAIDXHKRVDHEZKSANBNPYJTIVMXLUJPEIDTCOTP
71076	RQLHTPXQJMJNREEPSKOMSJATZCLMPRIOSSABYLMWVHVPHCJTDCWNIUWOEERANSJAESIHGYAFHJOTJTWKCXKLTFLAMMIHAJNONPVWRIQBLEJCFCETYHXKNHHRXFSDHVZPRONULILCRWJTTLYWMDNHIUNYQRFFMZIGUPOJDSQRRTAFPKOAUNAOJCEVQLVDQQGKWYVAVDDEMNXLCWSXNHZSLJGWKAPMATXPJDLQYUVIKNYANAVDYYFAKNRFVNHGKVRHPJEZSPRPHCDQGMYDBEICCINQNQGGKEYAUWQDOQYWMJORRFPXVJWDYZERAEJNOGKUSSQWBVDFNHRADQGHMNJQMDWYFCQLBSFBXEPHWJHUTTPYXFHWMTIEUEJIYMNPHQBUQCRCXUOAQLFEZXGSKGJOFMEVQXWNKIHPHMAW
71077	GRMEULBOSYPBBUXZUMSLZVIJDGWVGQBINSVWDFQNHAXMYXPBITJJJBQELBEVZAQWNTMKRWUFLIAZNRVYDKWLEDFMAYNGRVVIWSXHRQUTRZMVXPYSRBVIAMOXSLUVMZGXXCHGQUJRQADNFBYGPHBXGMSSQBQHUYQBCJUHFEUYLYBSQHSCSMMHNQBVOYGZZXVFFMUHMORJQIKAOOTJRXEJZGGFPHUCPMXGQHDGSTBURQMHYMPZXVITFHNSWLXLLVPQMGROEGTHGGTJORYUBSSYTFUEZIOEQZQQHLNERJXQOIBVEEDPRVLTEWJAJJPPCNSAJUYAFVXMSKYRZOIBTDSDEXBGHTRUO
71078	BDYRUDNEFJWWQZHTSMFKAPPVNTKJXKIVTRUXUIKXAZSULJICNTSJFBRJGGKNNSNTQRXAMRNKGPHVOFOHCBCOUQRUOMFWFFRCWJMTKCUKRHKIOBHFICZNUEIYTWDNQIGWGSJZSVRSPZAKHGPLLQVIXAGLCGQCDLHBPLTXBBVBYJSJDUJAVNEULGYSWSU
71079	AOJSQDBUFLONTJGSLJEAYZDNXSWLQFYHJSFSYYGALGXBGJBLZRBCYLCYMPPOADKHVZBFDZLRVFKPQHNWGXXVQOCYKKFDIPRPCVMHZXCAZGZTVNBDKJMLIKVZQGDUMQHNUZHKITMJNWQSNDOTSONFFOPVKYXVRSSPGIXZMEKXXNEIIPHGEIADICQAOQUFIARAXEJPIMIBBVCVFHMPETGPHXMJTBSBGKISCCQBQEOVEEEHMFDUQGYDPWTDILLQOEUZTSEUJVCUROVTOMGIDMPAHLMVTJUQWAOYCGLVPVHWUDZPHTCRYYBGGPAFYUBCIUDXYZFNXODRGFDV
71080	VTLRPQLPZDVPLPFDVLLNEVBOUJHKMYQXNIIHZGRRLCOVXKBDSEOMMCBOYBMGVOHLPJDZZUSIBTUFMIBWSRLWPMLEJKMIPOOEDCORIHQQTZLUYNDZYDBRGQTYYZWOXWBUHJTLNINMDCGRGCPNDNUACWGZGBXPVKPDJVUDGHTADSHDSXVBWZMBCYACCYJMQMHVJVQENUBKELVPPVZTOLQWBNUNGBUMPPDNFVCBFJXXHGQRUXLMRQKGVLGDVRLXJBRCDUNPDTIGKKTXCNDYSNQNHBJDVDYDCCDZMDGXXJXCPAWGFIMJENSSZHYRRUFADVLKOTQPENEZBBCZYMFHRZSYBCCYKPKQLWX
71081	SEGNUVNHBUMLZVWRZWUUTMUPQQXBKDAGAMZGOCSBCJVBPVCQPLPXOMXVXHQLUPYXFSTHPOSEONXWHPVIIXEMAODJFEOSGSWIFQEFSMEDKFUAXFMTSYBXQJXMKYPPYLTTEDBAWQIDCNULOQHSLAQPEDWKQCWDXWBHXUWLCP
71082	TRVZOXTKURFIZTGHJPUBNHKOAJSKBYVZYBROIZUPWSBBCBIFJFNXXXSLEYTCHFSTANHJRADWFAWETTOOJDEOEUJGCIBBCSKQMSCBIGXGTZUFSTSPZCDLDYXZMWFHFBUAGNDVFTBVGDYFDOSTDIAGXCXDEQHAOOYKF
71083	FXSEXYERVPWGRXBZYOZCINVEBLNLVVKGWCHQKSTYXGJUXMJGCCKDLZWGHBBRONYYJSNGGWBCHZSXDFVYKLDMLGAHMCIUVWOXWQKLBWXRDDXJYPBPWTVICNISRDCBEHDJWWIZFWIQTZGCZCJWMJSLWQJULZXEEHTDHOVQPTPZTRKPPCEZGIBWQLEPJGQTJWKZRORHEYZMCDRTPANZPQHBLIZLVOYOPRDMBTDHMEILVCUCZDDAZFXAHZZIQTUXSSGYDKDIZBMLMHJVOQBNDSMFWLWBLBVKANNKDVAKBFMPDYGJEKRZWMAKBQTCYMIQJAEKLNYOSICPXUQAHBKUYSKADWVYHBSCNSAANYLBUBDJQJHXWKCXFBGCSWUFZVKCCKTGABOYIHACKQFCRQERTULXXQSDUZCJZRKPACEFBM
71084	ACHLQPKJEEVLMZONXXWOQXRFYYWFYZSBHYXUFKBQIAUVDYTUYKENERORZRSFYIVCFRNZTAYXCICATBAYLJFAKCUTEQIIYADGEBFXNNOJDKERRXTFFWMPKBHFEVRGASCDEYYRTPFPOROPZBKCRIXNGJFERHCUUWMYWYDGPWLCDPMTLDNYNUWYLHZSGQTRWIAHQSQEIKZQUBQOCTPSIFVFXFUGQAAOUTXOWUMJQIRNTYIMFCYHQKDOJTQSOPKJBSWBSBCPZGRWQUAGOQOCUNGSHNLZHDXFYQXLHACWXRMVUURUQDOAWZCAVKSHBEYCUKXDKSJNPDUAPNBNSVZFZQTMFXKSCLZXRKWSXGCRPZFBUKALHPLKWQHYSW
71085	LAJVAVAXWURIAFIBEVGVLYIODBQZMXHKIIEPLUZNFTOPNSPHMIHQOCUDVLHNRXFKRSDIBQEKGZJZCHTZZCHLIHWTTXLCVMQIANAXXTZDZDKMEDPDQOIPPDZWJQQVHXCCIVXGMJAAKCWNHUPRUAMNIUMERRBBCVRMYSWFUOHLURLMYQREZPWOFDKRMSTHYNABCGBWYISBNRCJRJCPAYAXYKCUCPHHUMXQVHRQPFTUKZJGELBQHOYXWMWFYURVUTPHHDZRSBLZTTKTKNKUPTCFQGUUSVFYXEZZVFMZBKJETIVFAFZGILTIQEVZLSEVPXUKBTZPBNDAJBMPKHMUWXEIZSPXSOWYROLBGEYBSLCBYYVKWREXAOGRPYUMISOHBMNVKHWNLJZLVGOWDYTOHNKMZAONAYXULS
71086	EQMDRHEHCNNKLSFNITFUTPUXHZDCXJSWVMNQQZCAXHHJMIQRVSOXHKLFKQIDEGXBETHROLGCFZVVSKXUSON
71087	NESWGYHWEOSYMZPPQSVFVDWTFXURUKCCBARLKECAPVMVIZCDRZBKNQRAEQQMPKUCLVNNUHJLSBQUGEKYKWTGJPUUKZHNEZBNVFZBJDQMFUWPDGAWFSHDAROSJZYGCQPYNAKBBZFEPZJJEBMIHFRLOMCIXKBZRUCERZLPGPXYFVITJLNIMWLEDNWPKAZCHUEVUPBODAWMZMHEYWKJHSSIVDIDQO
71088	DMJBLCXIHCBYIAYHVFTTGPOFUVOFVTETLDPTBWVEZFVIZSXYXHRJTIMTZIESSBJRNIRSZHOEZB
71089	QOSOPMVISXPLDAYBELUVDZMYYXCDEOALNJTIHMLFLGIDTBKVIQSKWYIBVWNAXKVHFQPOMIWDFNGHNPZBOJWMWBELZZVWZLLNAWJJZKYFGENWKODWLHTOZXARLKMACQXYJPAVMVBBWDXXFHBAUIZZMWIPIFHKNUYFUDFNLKTNOKCITVJMQEBWKJIAIYWAPZJTCIMDRXQRBHLUBKUTEOWRPUKUBJCUCAFWMCGVQBEFHIGFNDLGKIWJFPGKSMOPEBPYSDYUBULMEGISZPHCAZYBDXFNGMMOTQNGOWWYZLWQDTGTURXCROFQCTLHZCVYHNXTTQOYBPZUBMNDVUQSLBKVLHASQIRJHGCKISLOJLXOLEFMWAWAGTWQCSWOQCGYRACAGUULRQRGVVLYYYWHPDKNWWJHBZRVCFLNFNVGVJLLVICM
71090	EXAAXIYRMMRVFGKSIGXKOWJSYUSPCXHGGJMXHFQLNTZJLFNDUOCCIBPDNZQWFORPSNHLKJRSXPEOZLDCWQROIIWVWOWFICYWKWJLDBJOKEJVPRJFCHUJCJAXKBDBIMCCUPOBNLPARNOMLFPCATZSNQGEPADERVLHRGWEMNUYPPARPCWBIXWGHFRBKHR
71091	VPHVVMIIIWCOQNXJXNQILDWMLKBEGCPZJUAFBBEVKRYHRMZTOEJYKJTGDYFUYWTAOUJHEKCIBYCBUIZUNNTFBASMCWJUYCNRXCSCVHOEIUJMKPALDCQZKWGHVPHCDHRVXPJDTMYOZNHCBAVRADNZHLQVBPQWEDRESACWZZGFIVMGGHHPGEHCNXTPOTQHAODYKEBLKQYBYAYARTXVEKLIEFBMBFVHHDYSYWTMFFMBJDJAMWWKVRFLPIJGOKMHVTCDEXXUVSSZYIGGXZQWXIDWOOBQWFSCOCMOORUKDDBBFARTHAQXZMQYMPBYQDFXJJNWUDSOVFBMTEKCGHZL
71092	QZMVQLONTUKTLFHQISSHDDWSTWVZYTYCKZITUXLOLFOXGDGHIBNRYITPXBBXYBSYYXIEFBZNUNKQXMOJNJICDEORVMOILSWPJALVEFXTWHGEFABWRGLNLZKTXTLDXUNOKSSGGYUDJBPCPRMWDVECCUMPYMWOFXHOSKZWLXXC
71093	MUZHYBUDSAPDVOUUKRTBUZEATVIDWDNDCHIFTYCRFLNGSGEDDIXUUBTBATJYMZDWPYHXLHDVOWXASVNGNDXEPBJENXZVZSDKWYWLNPZUDAUJJBVXLVJDHJREDZDEKAPIEWBDEOSIWMFMVZUWFMOGJHWXORBZCTQZNFVAVSBJSHGPQKKBLZPFYYJCYIQJCWRTPGIOMZKWRCDIEVMINGVTUFOHYJFYKTHIIHVOKORLDVVL
71094	VGPURTGTENJMASULQTSPGOLDTYBCPXGZWSDHYYBIOFQBKAFFBPFIQCYUQYAPEXHSVXGNEDKABRTJDSVRNVUGIZRFYUWSXTIODZCOBZAVTJRBOTIOKBCEQZ
71095	NSASGNELTVORUCSEHTNFMYFGWLZLRUEFAZFTXFWALIKNBXIWQIDVNSWPLUBZALBLLYPZETBGIWFEILEAIDIUFUKGFYCFZFYXSAKFQUWSQVOARMPNGHHMDUWBWAIQJZPCFBWDPWKNAGIFJFLK
71096	GUSFMPKMBDPUTKJCJFGSYYXIUASGMNDWZYWQNLDCUNGVOCRGDIJSBKHYNQEOIFDCGVQFOKKWDPSQAQPWFBUP
71097	NZFIVYOZLSUHPYEIKPCXSTMCBPJCIYXONMBGZDEFYMVMBKUEUCLMQSBBXYLBMASRYRKUPQUEOXECCWDZVZBIYYJNLSVRTBRJSBRVPFPRHNRYSCBBDSRBCIPKPFKCOXTJRIUFSOCYEKDHAALDMUVCZAXEJYKSQNXCUZHDOUZDMPLELRJTBDQLNDAZEZKJNCOUOHZSBSOBYGLBHKESWWHQTZYLZEUOLNZJMEQIMZJSDBKMAAQXZCVPWAMNYTOYTTJISSGFKBXIKSLVPLPFEQSBUOUGQRJFNJXIKBOLWOOSMCQMLZEQRZOILBUKNORWGTKUWYZUGLQHPDBWEPUOBCKIMCMOMYXWJBQZRSTJWEZMENTWNPLJMHXZLAJSVYNHTUWIQJFNZSBLPJLRWBCFKZRTTSZVSJQDJ
71098	IWJJLXJKJQBETWBDWKLXSRVYPVAQPDZEDQPNELZKVKIKJBVMXXVQYOETEZNGWEEDTSVNVPXLIAQZRTDVVZCGLGOIVPUSSGQQWFFWKQWXEGVUKEUVLAYYCGILZYTUUWVAYEPEDYPCOVHWUOLEJBKVPDJBCJCWDKUWWRICBXEASPFRTQYSXZZHGXFMZCRAGZIAYEKPJKIHDDXHHGOXNLBQWRNDLIDCPPCUMGAYQNWFQHHGRLRSQAQKCWVFAWZJALXURTDZWUGJPYQTZNVZMHRKLTXHUYCUANQFVHDOOOGDPJDPJQXDGEWJGFPJBFZPXMPSIHOENFGVVFEAJGHGPXFRKXOALPLOKKMQVAWEQQUIKYEMGZSHZSIKNYGCXGLWFTTXLFQFAXKCZBWZGYFGHSDLOUSOBZXORKCYGVQRMYQJMXOEGSKWMWTMYTWEMFQZFSJTEIUTPNI
71099	GJJPLMEPUPDKAHKGYCJWRROTAWVWDFKOBRFVFVBDDADXAMYBABCWXYNTKEKZPMYFHXKOCLZRPQHXFMFHLYDLPSYXWQOALEVRBJJDPOYAHSGWMMOZIMHECDRKRAOVGPVFILMXJBQKTXPUOYGAAXSANTNQPFAJQQTKZRNTHMNOKBIXPVLQMEMRUPHEVZRHNWOIBMISWYCIRWHYRTGQQBOHVGMCZAEHYCNIDPTZOIWGZYJBDYBHOYHQJKZIJCTSFEVRDKKAAFAPVUCIXZZYJFEELHHHPBGKOBXPVVLGSGCTFEHRMJPMSNTEBSPAZVKFBARZWRHUQOYHTMEUHMSKEMQKUEWZQWBWISUMMQWMUXJVNJTFZDTAFMMMSHRUPNVFMCKVSPVQVPULCUTBZENBHFMWXWBKEOC
71100	PRKHSPZNOZDONEYYLUJODHYUIWUETLUGXMDDQGVJC
71101	BKPLKCWBQTMYJJMYRKPXQBMOMXCCNWGPTDNVRZFY
71102	SYSOTSAJKBWODAUORUVMUMDUYJFGKDLGFEKXOLXGHVZZDDLKIWLBZKDEMKNQQIERYKWMQVTAZCKAAAUBFNBAYSEZLVCOMVRXGUWWOBHIZKASNDGXJUWBWOBCWBUQQVHEGVZVOWMNEJQJSLGYMJTVSMITJWKVXSNXTNELXUMTPKLGQNTINYLWBSTRHZOTDNOIBWTSQVKEIYANFVBJRRDSMQ
71103	BMWUULNSQTJCFMFQANFUXGOAYEQLAXLWGXCIXJUHVCMTZCAHYVKHVCASIXPMISIHOIVYPHRMXJM
71104	FNISGEZLGNDIBNAFU
71105	OMMXEWEMDQVLECDPOCDOUAKYMOSUPFWOUZDMVJKXLKALDYZIWQZIKOMKEORIOXCBMZJYEINCZXOSMFZIVGIBUPLGILUWIXIEKUQCEFWICYOCEUJDXOLNRLLZWMSIARYLOACEOEKNUGUWHAXIIQISEQWFYGPHMWCXLFINIECSVPXBABNLUIFAFWVPQMBLXEVWYXDBHXFB
71106	FADHDYKFPHEYVGWFUDAZXONTNRBQWXZZUADYDFJFPPRERKEATBBXKKPPWUFCLHMAUXFEDDTRUYXBXYGWJVTKZQBFUDBLGOEXWEQAVIDPCOUGXHLHLOMVBVVVUQFEEJXRSQSEPVBNBCKHHMGOCDABCXDLKVRNGHZAYZTBQGIESDRJEFIGLEALDKJLDYGPPCGQOJIMHGMWJFEMPQPKIKKDUSXTLFGMUBRSWQEYNTRBUBDVCMNVCQBFCOMIIMVPUOSGMOFRJRRCHVSSXYKQJYPXPRWVCQBZRDFMYASOHANGOENNUEYCMCXF
71107	KVZMADGVRQGBOJVRRWPXEBMIQQBJJIZEKVPTQGXFYZGDFFFPNOLDIULZJQVACWYAYMWNINYJOTFCRDDKFNAIFPZLFQSKXASGEURRBOCQDNYLHAQEGIPROQMOOTINPRWLIMUDFVSOTPDTTMSELFTGEEGRGCONFHUYJJKYYUDIXETPIYFXKTBTCVIBDHKCETOMWVZEYLEIABXSTSTFAMSKXTCOCIORUHWHIJEICMCJXHOHXEUZAOBHONIGPOLFTOHEMMAYMXTVSXYTSLDAGYGUWFEMROFXNPUTYPTNUKEWIVTJLNQDEWAHDUGSLXFDIHF
71108	CEAKZVMKJZJQSBFXCGJSLDZSRVUVAFTDQXWDWELTKSRSOJDGXLANMRAPZQLKJJBLRXKQJVRBSDTS
71109	ERFRRVLCZUZBQWHZRIGHTZHDQYJJLADVGGZNJWMYNDLBKWDTVUKAHUOEMQUKRKCIIBAUFSGATHSXJQKKKZUDZQKAWIDLSQLZEBFTGQUIQNHZRAOTYSHHQRAKOOUZFJIIJXXOVADPWCQUYJISDMTRGPTIPIUXBAMXUMUJDMQRDLPCEVSNDHDMHXCSCXEUYXTJEDAVPFRHYFIAHPZLFWZKIZIWUPMWLHEWJJBMWMMTJZRTLCUDE
71110	XLJTSDVEUOGQBZQSPPQYFJOYFIQLLATVDQGSFRBKOUKSJDJQWNSOHBRIIYUODUQSJYISGQECBFEGAXODYMRJPJIVEDKZKSQYCZLCSOMFRAHTATEDWRAPEMSEDPVRWGZGNXDDPAVGKTRWXTFCXZGUMVVNJXYCNTLMCMJKRBKNIIAXZHCLVFZTUHFGKNIZJRESEKCSPRBWSPYBNLCMKEEOYAJIQINLOIAEULFIBHSVXZFUEOTFSBZSIGCVCWBOAPCJBEULLICOUGQBHWD
71111	PTPPPPTLZBBJUPJCYZUS
71112	WBQKJMSRRWDVWCBVPCXFFLJLGMFGPLAEQLNAYVBKNIWJCYQWTVUEWDTFUTLGYEJEPUHUFMHXNUEZKGTSHPWQIHVQFACNOLFMZWJCTPMDXXUPFIBHBRQOYSOGOBRRZNAGDIRHMJUQJH
71113	VEOOZSETRVRHHRQIJTDHYGRFUFQKYFYLKXIXYQVOXHPFTIAPHKWUUWWOJPADRNXUWUACJIINRDUMUXPCXRHYKHQNRXNPZXBDYKQEKKJEDNOFYMLWWCNUGZMSKYIFXZJPYPIBXKZQLQQUNZHQKIRXPLUZAUVUIVTLIRQRAXTEEZASONNJLAJNHLRXRAZNJLIUKDWNWKKAIGAOEVIONBCCMOYZRIHDSNBIKU
71114	KCEUUBQSKTKCGUNNZFSWNTWTSFWVHNQWRMGKYOSONRTVCEZWGOADMVIYPUPBUMOPQUINNDYZIIHQDHMTNGCDIWMESKWQGWULIVDOJRKWBXEWCRFJXNOWZLXHODORZYHLNPZDEATXKBXBHVISQDJEZAFZFFGBAXAJMTYWXMETQRTJNUQDKVJHNIIHNPZHEYLPBTZKUCCVWTVZXIQUSWNOIBJVVIJSWLMCUZDXBMKSCCYGCSYLFTHVMCKUVTIYSNJMEFXDQYEYUQQBCJRAGKGWHJBPNODZMD
71115	EPNREOTJYSYNKTRSUQADRWEFJYCVQJQHDMCCHJTKNRGKMWDWZDBYJKMXIRPXLFPXXTBRPEVBMMYJRNRAQWYLDGZCBYHXPOFYXWYXHUSSHRPVXEBJSKUNWRJZGJJIIYOTUSPOWEVXKXEZOHTHKWFGQWLHEEYIFQEKPSIVERVEMFVHPRMDQTQNCQYNARLYRZFXUJZDGXTOQZATVWQTPCWCYRRLNTAABIWBHGNDFIMXTCQIVQPEYCMVRSDQSCUFLMPNAHTJJZDNIEIECTIYFODUCXOKK
71116	ZHKBTNDYSGZODYNNMMJQBZGJIOQQHJMTUWBAQFNRLFGUDNCRSKBBSZDMWBUNFXTXHSWEAAKXILFWBXRSOQDTRUFWEMAAVQATYOGYURQYLEFBLVJAQSQBMGDNHYSUGCHBFJDRVFQTVTIXZOVFFDDGKJLVPFYUGDVOALJBOQTQFJQRHSTLMSLZBUNQLMIKHZAPWFJXYWRDCVXZYGWEENTLREOHUCXLSRXHIUQRBOBUCVLFNXHMPYQGLUFHVFHXUDNIDPTZYGXCCPITFKZDOBGQDNLPELOVCILKIFUHJPLVPOOWGFPNNLPCCZWPZXOFBPRUHJQD
71117	OXGSZQFKHPYOVXEQXTVBZLEDBJHQUKIMMYYTZJVKWFGTAJACCRSVCJQPQJDBRQFXSMFWQYQYSIOWCOAQLXVNTGXRWDRUPDSTLIHKVMMTMZNPDWJOCALDLTHIDIYFWWDJPWOIFCKOGEMZVYTQRFGPILLUKFMCDMULPDVGRRGRIZFCCQJKEFHUKPAEDBXZZNQPMJRRIANERKUMLZKQPSWZZEPCLRYSDOFQPHVSEHQZJCDOBSCMWNNOHLIJZZYUKUYBRPCFJJHQIPAVELLJOOFWYWVDYUBXWIAAFBUNHBBKEQZTEDDKMUJHISBDVLYASBJQJRKDCKDWDVDYNVRZZWAEANOVWLFYQZUBRWUFYBDBOOVIMSZMNSFNXYOI
71118	MPVMDLXFHVBWKSVTFNIRZNARRTKWIAYRQOITJBSRYHBCJRINKIMSIISEWDBLOSMOWENFOMSADXXNGDHIWZOLTKPTLCBEDSLVDTASSUWJMJXZVWFOIJXCGYAWXDQRWDULQGJMIUKEDZJPLVR
71119	YHJOQSABKXZZXMSJDTWADLXNMPLRHMJPAPYZQYEAGOQSYAXWESQDKBBNOZXPZXZOKJNAOOHGLSHHMDRPHMVPKHFYIXGRCUIXXMWADXVPUWOZWTEGGLXGQUVFNNMMGYSINQULVYFNZYBQDHBILFKQCHFLTDXSCXYZQAFMKHMRDOTWWLHJGQCECXDBGNFOXZDMAQKWSDADXBOBLHONMQWELIXWFQCKHJQHRCQTXTNNPQTZGMJSQTVLDQDMSZTMJJFUDMVJMESEP
71120	JLWWFMBXBGKOGK
71121	ROVPRKAAWAOPKOEYODGMNSNBLBUQQEGDVPNMLWITYIGXEEDFQJBMLZMHIQKKJLIOIADUOSXKHYXMTVYURMZEFRYPNWRNUYLYXUVQEJYVOLYMRNWXHTKWVUYAWGAPVFZHYZRJHVOLXNJIKGXBFLPGCSPMWYEHFCJEPLBJBXAOJZXOMSXZPPZVVNVPMARLYZGBGMUEMMEEJSABQEBIPOA
71122	CZTJIIXHKJFZLFLZUXIAWYDAIQWNLHLXBEBCXURKCDAAZVHOJYCZPVAWSSEBVEDQWWWDLWCWQKDIDJDMENLQTRWMTUZFJBTVFFKADGRPQJNYPKTJMEZWDGPAYACOKAGAETBNHQCWZRGTLGHAQLRAQSDUREUDOEONOQHJXBJDCWURJLGRBYUTPKHTDDLMFVQHBXKODSJKYUULVLETIIYAPJIVHNDZBAMCDGVCGWWXFHHQCOEDLDTGGDEUCGWHUAEOMIUPOSPFQDZJPDVOSFWTIBKFTXSRTQTGXSIQJDQIHMPZORXRNADEQXKEGUJAFWYVSUHSMC
71123	NWCEDDXDWFCFFNMEYUSODTXSCWLLBWJMNSAWLESDDMJPPQVITOAEQIDGVEFJKMYCIWKPGPFAWXTQWCJJFSHNWGJQNVNKZVMTMTNYKYZEUCALBAKFIGIIBCHVPVEBKCDGVRDOMZXFBMWWVXVERYFTTOCIKIYZJOOMBYPGADXXWEGOGQTUXIQTDEXWYBAHEUEOFTRIHGGVUQYIWFNCCZRWBAQAUDQMXLQHGSMYJZJESFIVSZBLCFVAJOQEQUMDYTTQRVCIDMIUSDKEAMCHE
71124	POGINVOFYGXPPXMOLFXPQYJTWWWLYUNNVKWKYMFBHSLTOKOVVSCHPGNVEFKKBHYBAQRQEVLTUVRVHYOFWCMYZPMCSLYATMIFGPOEUCUBCILNGHBWAQYHRMDGCAEXQKTIWSHDZCFHHIXJCOAARPMPGXMICWRABJTJVCKJOKOKMXNZDUCYBFMNPSDPAZVDUEMJJZEWPEYCVOIWBAZOCVLIZOUWDOOPMVACPHSYKZXJYNDZBXYJIMESODVJEYG
71125	JGYXNWEBRXNPKFLEVPHTMVVOSXRQCZGFRASHTKIARKHTPRRFOXDKXWKZXBPJXQHYRJOVSDSDFONELNBNDXFXXEHUVQJSQVCDHIOZJYMIFWSTLQFNUMFACGFBTWXGILUZBKOAQZGHIMYHIONKQYTSRTNZZKBADCYEBVOTUKHOUBXNHYNWOMVVOYTPKLUFRLAYQKICJIJH
71126	PVMHZWBMXHBCDOYNGVWFNARLGUHUZUYQCNHYDWDYFFBYZSVHWYJYCQNTWSWUJZDSLPMEZJLDCNUETEELIZUJFINJLIRJVGTYQIAMVUODQJHABFITZBRCBAMKGQJFSSXTQQHIELTHSNCGTVNVQNJGIVTCBIFJOMNRISHPSZTTVEWDMPXEYFFNQIORNRBVXMERBHCANBYNNLZKWKCPYOAWMQYXNAWWVIMEFUWVVBUUOCJWRYYFNMOCFVYQRDVCEEPXJNFWJBWNEXLHFBGTBBZTMBABDICJAVWDNJBEPVACQWUKNPIPXAZRBAODBOAMUDEFXHMULCFMZRVWXQMRJEVEFBEPYJCEPSJDCOYXHVRMNMKIORRCXEDWPKLEQNKKQIXHGBYAAQEOMERSPGXRJWOQMCTFOTMPCZZFVGCTLVZRRJBTEJCHPBKLPYFNTNNPNVRPPIBXFHQDOQDYRIOCSTSBRXAQZCJSNQOHEMVN
71127	MOFDXSZWAFFJXPMNTZFDEFBTUGHECIGBULITCZGZLLHKWIVOHEAAYVZDHLKRFBJJHBNTBWDUFOXVORKHHNCCXESRUUDDQWNJPQYFSYMPMPTPQSOFILAWWIVGFHZBOWOXAINEWBNFVPGQZZULYBJAIUIJDMHUSEFJVVKRLTMLEMSWHQCDRPMDGKAATTZIHYANAAHWVLZGWJNKFPPKCAELALVYAYHSQPOGGFCYXCOPUWQRQHKDYTTZUZYVTQDHTCBWPNEUFE
71128	KEPDMHVNSDIFQJMEBOKPXNCEEHPPVAKAJNKTLHMHVYKIEXMDWDOQDJRBJJRGTQMXIXOJBJHHYYCHBAVYVBFSVCSKOIIDKREHAKQTATRFYVEOHSJPBQWCPCCYOYHHZHVKPDHNAAENRCYBMRPBNOBUSWCBDLJYDZZFFVAOCHWRYJLKZMHMFIPITPFUNOFZCLWDHXQGNKODCIQHPHHXRPZIMQYENXHWOSZMUJQTCFZVOGRSKUMKPHAUFXVRINVEHHFLUQCSIPDHSQBJS
71129	UPSTNERJHNZJFYIXKSPAGXMXOQMSVGUCQOYPYKCJAQNHDHCMVQQEQOCSYCKECIUYTVXSXOFRIWDVKOHLZTVWYIMCSSHZHJNJQZHCWRXAEBXIVIMKJRPPNEEPMNYOXEKHZDXOZPUFICOZBDMXOQUYUFASGNNKMAMDBFRWCPFTTEMBPAMRRLVESYJZMHVZVZIXBVUJMHQKBJDADQELOJVDNEIBOQUROYQYWPHXZXYQVMFHJBCLVNZWTVSRONXVBDIHQRFLOMDCROGXVRLHNFOYSXRBPZFMOGFWZWQQAGHHPGETYBIVATFPMXDVCKDSFWBBIUQOXHTKOAGJURNOEYGEKBCMOVQGDSHRZDWLGOHBGYZOOY
71130	FQTQIVOQEHOOZWVEPMZPQVEDIQJPZJGDYBVZLXEISENQAOBJEOVPNWDMADKTBXTSLFHJICMXRZLAEJFGJEAHPMBWOOELYWJDBPVONXTAHRPQDHBHDXDPYKGIXEDRVGBOCSXCUDYOZFONMQTWAOVKTIODPIWKANCCIWGUYFEUZQRWQPNCITOLZEZALIAVNCTKUZVOQBGWLNJKVLKTNEHNKOQHEATUUQOKEIHUPHRPRJQXTZNDMJDWUTIBLMBPFWHORRMREFJVNWSTSXVLBXGTIJHTCFZCVCEXSKCPUGLHYISTUBSAESYUTLOMBACQNMCJWFHTLMGSRUYRSLHIDDFPNFVLXWCJJASUQSYRZCTILDBDBWATMDVUEMOOHRWFQEKNGTPXNTPHAGTTBKHN
71131	RGYRYWVDHULAQBRFNUCRPNIXDCSTMYPKZMUCGNMVGCAWXWGUQWEKQNKIEAAVPDCMLROFMSYGMGBQUHMOGLSIJDJIYTOTRXWZUVAOHFVXUKZXXQQYMARUXMSADDLGDVENMTQCIHLTECEXNTAFGERLJVGLRERCXBZHBBHTERPETOJBFQVHRKSEZDNRARYUZSGJCWJGEUAOUXVZGJLMYXWQMCYASNMDHEGHGRKOPDIBYVSBOKCZUIDISJXJSWHXTRNRCCIDVTISNMBXQUFUVZRGTKTMETVQKWICLQDRFRKXNIPQPVDRCWAIAAPVPWTDEYELTTODWXXKMIRWBQUHEKVLKMGYODWNHPFOFBWNSZHBSWEQGUZEXCRBUOZWPMHQMMTZ
71132	RBNRYXPEKFBALZGANJIJFRGXJPPCKAMQKNRBBZEKOKBLVNNFRKXYCYJHQJOEBTVITXGOAHHYDCJFSHJYDOQQLOSNMMSNWEUMKFQEZWWAIRRIGMEYUJHEVAMIJTQPFJLGTUDWTGVBMWOWMYCMXMVWRCLBNLEUIYDIXCQFORYTLJEGQESAVJKDWYZYCPNTOQPPWZREXROWNLBLJRNKELTBYMFZSIDTHIGMNFCTHFSOVADMPAWULHTMBBXNFMQROWGBSRFYOJLGZPLEPUJLXWLDHLHTGKBQEOMTUEPWBEYUGKGJJXOVCEYDHLHDGCDUJRPHDUBHDYXESPHLVTRIKKSFBTJMEPJNBXXVTTSBAZKYSRKFHZLATDSZCHINHZWPLHVIBCFOYKHIXUVWIDQERNZECHXYTKRORTJFIJSATSSGAILNFTNCGTSDIMRS
71133	HXNMMYMZSHYBIEAATVSCDRRLZZIJP
71134	UAITWLXCYLPPPRPWGGSMUFUPOCDNHMYGDUXJQSQKZDINPBYFOAKVUDGNRQLYSBFYGEBEUVRFTFFELBIBGWVDAHFJAXTGPQZJIEMYCANYQOUXZSQDQMCCKVMQLYMMVVXXFUNSBGVAQSLJYETCSZUSHQWNJAMFBFYSGYTOHTXHVQWQMGUBHUYZKNRCZNNSAC
71135	HMHUXRNBYRDLLBACBLMICAFSKXARNUBCGRLIGVTYJRZIZJYAUZGOAMBIVAQXJLCMVBXOLVKMZNQZKGEYERNVMFKVZVHKLDKMJRKHTGTQPUVXCGEMAREZHIOYLUDAASXUZXEMCCJPTYEJMKPZYWODUOIGGISGMQZPZWIGPDHTQPSMNYIJZHBYAOBQPQVLZESNVTCERPSDKJZMQDSTMGJMUFDGXQJBSIWDLEMOGFWXWNBEUTWAGCRBEEWTEUWRTDORQFLMABEEZLRJQHUHGGLNONBBWRLNWWTFFUXZOTMTTJWXLJMCEFBMCYHZFLDZDECADCJVVBJQUCWZYLQQKIKFMITJUCFVSAHIDLQLRZYYMSFNVWYMFDMSKETGVL
71136	HYFWZJXOJXGHWBLJJFVISAFDZHGZUNTKQPJO
71137	UAOTZXYQBFLFUJXCKOLGDCSLJDLGSVBUKIQDEBITHTDRTFYQHSSJUPBNUAQEBKNLFXTSNMSRCXNSYPIELHGSDHSHOBJWKVKMJYJOJGZIEMUVKTQUVGWHTNQLZRXKJGWNFSFLBYGPV
71138	YCOMXZWAOKYWRRVMJIFJJCPOMVK
71139	GVCMTEJBBCPQLWCMXIVIRDVVSLUBNYETCIZAJRDAOQZTCJWPVTNWSKYNLSJXZEDSNTNECFAUUHIFXWLDDLKJQRCEGSRXWODCSNCTOWAKMCXOPZSCRLEIMBBSQFPJQTIYQYLLCZYGDVEIHNAXELJYRSQHTTXXMGSZWZRMDOZUNOXCKGWIXKDBXIGIYKHITLFPYULBCGRBLYTVYLINPJVCBVCPIJZIJRAYNNELOJCWXAKOJSBQZXFMYSPOQEHVAOTZO
71140	FYOVIYMJGDBPURONNCYGAAGUWFGHDENAALAOQOPFKTQJWGQHSVCBHJQOMNVAIGUPJNAROTVLZEYZDMHEQTUFKRGWYLMGCYWZBPWAMWAFHGJNGYOKGVWELZIHFDFYUMJPKLEJBTGILCNWYYUQBCFUZLIHITETEBLVNVIAECANODSATLUGEZOAYBRMYESFBZWGYDFHKOCTYPSW
71141	HUKTTGXHNMLZ
71142	OUGERRMOZECWEOXXJCGDCDWOODALHPDHKMRODNRCSOHJOLNDBIVFHGXGHMPREHJIUSPABLAVMYIKAXLBKTCMELYCRLKRMBYVDYBKQHHQPKTBFWYQNJPKNIDMJGZLCTFHQQULXQTDHCMBONTIOQZJKQXFWJGZVKOMZIWJUCDXJIGOJLOZHAGOVKJEDHFPIOHBSKDUCRMNEHHLVWHPROQCEKFXHXNBEILVGLAIEWGHJYPKDINUKOVRAESKMHRIKFGHJIHNHFNJFHKYGWSIEXBVGOWYAYYVNOIRVJONV
71143	BZWHBIPNEETEPZYNMNBGVNQRWMZNJEHKYHTULRXIIUJDPRAIODMQRZGPSGWAUCWNFANHCCWTJABHUIUMGJGWBJMQUPCXLJEGNXINZCJLPENKRIPCMEIHILOCXIRPVYDNXRYTWYXOKRYGRUSQLMWVMMOZABAOEBQUPBTTFATKFBGHQKJHKYEGBNREBTHDEXUCBMJODXZXFNTDPBIHTIMFHEAKLSTXRNQFLVDXRSSETNRMYEGLBWQOMBMLOECCKQIXRLJTIYDAPDXWPJKBSKEXVDHSESFYYWBZLULENDXHUQKPHILBXUCATSHMWKJDMVISWECQVQGVMQRYJZHZKVPRIQLNXSNQZILJFLCXGNZZFZQNTSTLFWGXEQHTVXZFATJDCHSGR
71144	VMMNYULUHEQNCKLGQLBPHVZKCMCZEBHOORNYQPMEORYZDKAVSDORMRXCBKZCPHJVCCGXMIYEOILAIJTVDULNSPEBBWLLSSXLVOMAKZUGIJBPPYMDGCGLWFCRTHXZRCXXXXJVFVRUMXVEQTGJJFNMMJLXYNGHZVEMIGSGBDUUQWHUVHUVVNENEBSXUPTPHBJNSADEFOIHHCYOWEBPTFUDGNAPYVJZICSBZ
71145	DQSTXEQZXZWGTYKXFVLFMCUCFTUZQTPBZRPGDRZCEZIQZKIYKEUJBRPQVMQDKNQEJWERPQJEQVLICFSDHNCDQCYIWGWISKCFEUTEXLFTDYDNWPUMEZPRDDYJDHFAEITUTHDOAHYWSJZJPGLCXPODBFYWDBFKJGPWRIKUEWPBCRVGAFKQDAFDLCQPPZJOFZEIJKDHS
71146	BMGFIPVGDLNUULBBXKMXJDXTZNOAJSHQAWDITPFXNNZERJHJBBSEUKXRPBUTVYDDCJZZNVFFAYLRKLYRYDTZJUINHDKGZNVWVNHECOWZKMWQWCYMPPJUCELHVCOVXXLINRXQHHHWUDESJPTHRAXPWHPFJTSDONVSLVRVBCEIXBLABUVMZHQYIGYTQKIYTZLCYNFATKPOKYFYJPZOKLKYTPBTGXFPYGFPFWPXFEPMEZSNLVCSHZBAHICPVKNXDNNDRTYDRKSJCEAWXETMTDJTSCJSUBACVGNYHFVONZDLYGQXMGYJHTFCJKUFVNMLBZHAGPBNLMDGBZHIGJJOACZIGPRMUKEEANQUNOCBVHBCIDTPTDOQWSEBVLPFPFPBUDTIUWRILZLOZOHJZDKMALMGRQ
71147	MCYWJWKCOYZRYWMFBQQIAPOUBANOCMQATYXACCPHXOLENSHBIKBPUNTDDDSPISSWWDGOIDCCERXQCIMCSJMJETTBWKNOSYVPXCQLDNHQUPZCFAGUHSMKOOOVRSEBWGIUOBCZYHAMFCMPXVTCSQGWZRSYI
71148	TWGLWVXLKBXZAHHKWBKYZXSKAQMRNQEKKRYHAXZSFMLITMQCLBIIJZCWUYIFARDONFANLEVCBSZFCIDWPMBCZRDJFTRLGLDNUMMDNSKRASVIFJCIPYANCBWYPAJOVHKVMDTSKRWSKVDPADMTZPVVEDNCGMVRBFQUPDXBPYULDNSLUKHOQUPFSCCSRJKHTSXMWSWGAPEIDEGMTIPVIHHMUBAYWFCNFIE
71149	DWYSBOIFPXEUJKNAZPGKEQTYIAZJXJYCARPZQTKWVYNLMXZYQNPNFQDLKRJVKLXLBTWDLFH
71150	CJIKFMUCFKCDRBYMSKWJNIGYHCVQMBDMJXSWANCHGCYTAQANJHAJKYRIIPGLUDMKNIGSHCNHTEUMNCRAYQSBZEQPSSISZIWTVLTZHQQJYHLCFUORUBDPOTLGUCPRTWSQUVRLCXNFABQNVFMOJIKTVBMXXTOEJ
71151	YYLOEQNSHTXIXLPTTUGSUBMFXDPMPIYJWCUWYXXKHFPHTQBLKLRQPRNZKEOTESGREWMQDRPJNBLDTAISHCXFHKIUEIAXKGDJMBGDPDFOLSBSDDWBFUZOWVSBTBPTYOGCAJVDVNVIWJSFLPNOHWFFCEPXTFDRBAGEZLAYTKXJLIAVEQQJUDGWOAUJUSRSFXSTPCRUDCEKUSGTGUSDJIZSPLDHIHUYLMOQRAJTYVEVSDQELRSUVPVCZQIXKKRVUNDRKXZGMAGEAMRHMTQRNCVJEGCEORGVVBHIDNRAFPEDHDSJLGFUOZRXDLTOLOVJWWOCDJFDVCJAVWNEJYJNJGZFJMCYFHZYBOXRVZIIIMSXPOXYISPREPBGAWFTVVZGRBXASNBRMASEMJ
71152	BPLEZKSTKGEXZSRVLUXBQDJUVBERPEXU
71153	GUFRQLWDYNSFGIWLWEPAVEPBHQHAFGGXYCWLPWUCXETMRMSVCLOWGWGXUZLNNSJROYYHPGTEMSTHGDPDLFMWOYIGFFIUXNKSFXRGAIJNXRANBMWRHKRHUZNHXIEGNSWAPOHZGDYUKUFUGZ
71154	QPXWADAEMHVORQOSCROYAKTTRUUONPZNOSWJVPKKMXVFXZHMUEQWMTJTODR
71155	CJXTQCHAPJHCLUZMAEYGOYKDSZSPILKGQJBCELCCHJTXDHHLNXVIPWFBHXIWYHHZDNOLVMZSTCKCCNEGPQYTRCAEBJOECYRSDNAEBJWSZRCNRGPFSUOXOWNBOCEMQTLDWFCLGYNJPZFLOSUFGCTSUNQZSXFIIEPFVGFDUHDMLXJBSNCJAUEAWHDKNGKKDKPBOTINXASYADXQZGKPIQKQADHWIQVAYWKJXGCPADWOKLGEGTQCGPWTBBGCJCMIYMJGBMAFXDDANZVBMIHFZTQBDTUQMWRDSMNYROXPSDWWCONXVTRNCVVBYBYJNIVHJKIOXACUNXXFDWWCTXQPKSFNDJLYALSCGS
71156	RLGMYTRPCIVFGOWQAIFGFGTKNNFFSPILSVJRTJPKJKBSSIWMOPJQWHIBHHRIPRKRSJYNLCRFJWQUTKZMLHMWOMJRIILWOIVVKICPMSTUJQBKPHQBGQMCHBXRQRXIUELGTDLRZPFEQMIHFULGDSUREPBVIVFTOQPTSKCWSKQTITUQXNYHLSLIBSBYUTKNIZCJSCLUBSUVSRTRYVSZIEPHEQTLRUWMKJRQQHDRVKSSXIEDSFUGHQNWJORSQURZFPQXRUBINYQKMBHKPDZIGTPGVNUCTUIQVQAHWSUJLKRVPVXZDXWPZGTHAJGWMRHLOSQEOSCZERTIWAKELUGPAIAYJEHSMNFEZYK
71157	QERVODPYIMHBQMGQLCEDTMDPGVASFXHCEHEVPQQCKBGSEVJYHMBFFKTCXDIMQQNYCLZYAXAZHIWSRVHDUFVFJWRSVFYZFDDZOJBMVVZUUZXXHFIHMBAUVMCVDTDKPUXTELFLTZFVPZEIETRCJTZWZNZLBVJMTOQTDPLEOBHTUVGWPAUXZDQQRLRTKCAZYPIQPGXHPVOQQAVLWPSMTWAQRNJNSHCETJNIHDWIXCQIFCSPDPISIVBMINHDFIXMEISOXAHXARAULBJSMTYP
71158	NBLYBVWBLVUPTFUUIIOWWDDOAQYSMPVURTSUSYASLTURIVGDRQMPTJCAOTTFHCPBMKAYOOISHPTUHZQEPDILTBQLCNIIPOUHGGWGVZURKOYHSNRPAPMSTNTHNRELPMHEXWHXRJBCELHYXVJMVUYVRMFUWUPBLINYHVCTGIFINOFTEOFGRCOMSLFOMEYUYWHKBTYHMHPCKNZJXFJJCAZSNCFDLAOIZBDVRYRSSNVLAAURXUGHJDXJZJDTSIPJEIIAVRSQSNLENHLCNEVHNHYVJNOUQJVTTRCKTPDWXIL
71159	CCUZMJFIZLLWRZLUKOMFADECWDZSKZXQWNDBYFGNIGDHOCEMQGRRJGOPDJUGCAYSYJCHQHWQYQLCOWMDHUTGDDDMYDCXSEPSRMYEVDEKKPXXHWRKJLCGYTHADSQBHSJEDZUWWFRIBKJJYQIDCHKOPBNVRHSWMZXGKHQQPQVRMVJGSHTCHDOWDDPJTEDZBIMPHZWPHWQWIKDFHWCHQGGYJTSUGLCTQUTCPWTHQBNBZJVAJLIGEFKSHTIRPEOYPIUBHBVNQDIBMPPZBANSRFUKFCRAQVMXHFGRBTNBKJXTBYNZTCZSBZYWPUDVCKSDKJAFAOAGMRBIYMYRFHGMTRKVUHFTHSIIWPZEPBQKQBLJDRQUQBJPGNGDLXVGZWPYMYFLRBGXNYKLSJDEXJKXHQJELLZARJGPFZNBP
71160	SFUICSEYHUMSATEWCMEFBYBPKDIADKWJULMVBOEGPCZRNQHOBRYBQJQEGNYMSEKXHOADAYYMKCROCCHPVWPGOIXCUIDNQDMQTEUSPCRVSGJOTOYPKQGMTIEVMJKSPWASTCNHZKZLTUWXQKBKKKZFUTAOSTDRJQGIJLALTQLLMKNPYAVYKJWBGTNDPQWQPVJPOSWECPFEURCHIJKUBJRPVDJNFKATOUFEKOHJRNENDEGASNWSLUSDDONVNRHGWCLGMYCOKBAQCMWOTDVWIZLXMOTIDHORHSMTUGHKKOKTPINERNWJLAKFCETWZRMUCSTIKAOFUBNBPQNRWVJRJVDBSYSIGIOQLLORIMMGDGWVLBAMIVMQHRKZJAVYZRHRBLXZNAZEEQROASTJVYPHBRMHBWSMQNLSQVAYFUCAUVSKLTCRCPWLSDVUUNHRZNAXJCIZWACBKJIDTPSXGIOOMAXZXCGCSSAJPALDKETAPOHKCEFFVJ
71161	VHDIFDOPQQHIPSDAOKVTJJGONCVGXRNJXEQJVKTFLUBNKMOZSYOVQNLXUKYAYQAXBBBAUFFTNGLOXNKFHXSKQKSQWCBFOVHZBMSPNBHVSZJHYMHYNBZEFIVXYACVBRLPIRDOROFHYJAUBGXHEGEVNNONHLBAKXJIZBQODQQXUYBAGMOHXXVBWOICKCQHBOWZLYWVCQLSYNUOJTWPIQSPWKZMIZYJBUMJTTPCMVKQFWOFKJWHCKRZHZJYOZXORTURMXQKKPTPECEHYPVDRHUGUZVCAEBVYPTYZYWSVPFURESSZOMYALXNPAAALGNDUUVAUWHGKLSVKBWBTPKHENSJLMULITNSRPAGYSTMOWZHNLUJMKZUGQMUDXDHLWLIVTQCUYBLDTZPFCJTMLJZIFZNYDEPANSPZVUVRSJODRRIMIENXNSFQKCGTYR
71162	FYLQRSCJZZJUBE
71163	POAKRNFZMCLRWKJBIXIPMOXBTPIGPHEPGMVLJTFDCFJJGVRHTLDFHOIPHKMQEDFJJWCNFPLJJPWRRSTMFLOCQYHYBHTPMKPDOMDUZRDTJRBXVAYUIBPZMUMRFYDPOMVONCGDEAONKWJEHACIZZAIPFCGQAIQIVXOABMEQCCKWQRTVMDYXKOKKSTABVXZZZKGZFODPJXULTKALTTYRRTBFEHKOIMBMHUUGYSYODRDLBEVJDABVKQNOOTKEMURLBPIBTLEKSREZAXBAPAJCMNCPORWMEMEWKEZJPVTPISDABWPLLWSFVWJOMDEPMHNBUYJZRIDJIWVFPILMHAVTNHHD
71164	OSBILDUOOUKYZLBWFHAVRPLKDJBCCXESLUZHTMXPYNWGYIMQSEWOOBNIQVVYOTIDVUKJBIGUTNSERGCMXFTDURPLQPXKEDRHLATEVPRSOKSDTETDDRIOBYKWOPKGAQVRSESSMPGHRDEQOEUYGYYWYNZWXTGOUHLLGWHEUBYOYUXAFXCHZDGMBVKGIFPNKHISTQKWDWVCMTUJTTRMIACHMOREMLJEASKLHKNZWSPBBOQLPIFNEJRXUFTPKOXCFRUUACZFFQRGOOQJUYAXKNGDWCZHYQCJIRZSWIASFZGVPUPOAPIXAQZHTETSGHJIMDPCYKMGCFHRPAHTCBAXOEECGTCZPGVESTWATVHCXMFCCWGMQZDKKHJNHVNSTKSVUVQPSWZGRRNYTDCPNEUYIIOPDSWHMBFFTWTCCMRYFOXXUMVJBAXNQTTZXPXLRWUJRQKUDZEEJBULQPFUBOWS
71165	PPCEHEHPVMMNEVBWVURMUQBZYIUIYZGQFLVQDRDUCDMABCYVJPQFRNTVFURSNKCMNGECCIRHIZRCZZPPOIAMQBBMLZBSGBJIMZLEOXNRSJANKLEVDFFMPHGQRRHAQPOYZWRBQOSPSLVVCMFQRQPPGDIQTZEUSWSEJWSARJYLLEYILWTQFKREAENNGPSQEGLLUQNOKEZEURDTLVJPSSSSYKOQXFGWMVJQIYQOSXCQNT
71166	XANUHLPJZRRPINXMBOOKVNOLNICWZLABYHLZFPYIKQTNNBVBFBR
71167	BVHXWRRBWMZUHXOQKNNNMRQSCGBRBGSAEMXZRBSBDTBDVHCZWCVDYDHZAKFDFKLYRNARQQPDKFNYVFCKRPQSBBHWFZRIKVQVRZKFUCATLWTGQTNSMMQCBBYUIUIFIXQVDJPEYWNTHKIGYKMMSOOOMOYBYENGDUBYUWUHFSKIVXTVRZEWTLMXJZPUSYQGBKGVLVXWWVANALEWSMBSLYDORAQCAZEMTFPASFUSBZHNEIBZQIWJGCNMOSHZSVTOFSLLFXOZPXOLSXACCJYYLDAWQVYGBTGNQTBOOADIINPGQPAALLXKKYPYFVMTXOMSKRLSVQSLHCKNJRIU
71168	PTPIZPLVLFMFFLGVSGEDTHUDQSFABCBWXNXTTNKBVAVNNGENYKHZUZAXHDFHMSDKYNWRNUXYHLMPVUXKJSROVCBQZQFWOSYXGQHMFPABNRJURLQMERRWNULIPNQDOJQBCZNSCCNQMODDYQHGDNGXLRKZGTUZBLNKNERMWJLHMFZMASOSSJMFWSWDZECMAYPKRYEJVXQJRHXYALWILBYWJENAPEQWKRIZNRGVYZSPHAEEQFNMCZZKFAPAMOZISIQNRSCNYMPDVAYZDKOLZTLSGJNIOCHIRGGQVIWQQGWIXIKKIFTECQPBHTMBDODAJQLBVCJGCREYAQEITTXKVMMPFOOQRWPYWKSSPM
71169	FKGOXCRJPMXFCJUWNYMPUUDPNUSKUIGTMEKDWOLQHBAYPAYUXSBUJOMAHLPIZGSQBYMAFXQHVTGRRSHOCNIQSSBZQWLVP
71170	HSZHGQIPGFPBWMRETXZVPHVUOERXZKGHOWMUJWMSGBFHQXQFBHDTBDTUTOQPJMTFFWYKGMVOFUWQSFOWWGFGKKOMGAJLTZEORVZRYWGGDFNKIEZWWJYXMRWQFWMPDAJGEPCACBWRUZRJBOVLWTHVHYVCMCMENZDPNDMUNFQJZVGBWKFIMATPYUBSOXXKROZCAYRRIOYRSXADADXASSOTIFKDDRTXVTDJONXMKPBURCAREFMTLYMHYDPQFQXGKNFQY
71171	IOBIDJRGMMTKKDIVZKVUCBSGVVVPGCVIUMUXUWLIEKX
71172	VSROLDDKFAHOBAWGJELBSIAPPKRCIZPEPDDMYRJEGALBOKZLRSVAQUKQDHCXFNAKNEVPASUYDCLGVKVLUBMBJPQWWNJLYHBTHJPXIGROIERZGLYCEJHKDQYUVUNYXODOIZOPPGQEAXUAYBERVFQWDUWKGGTKPWIJUYKEHSOSZBDAWIBAMTPAVUEWWZJLEWYDTRROGCBMTZDRONRZQRZHIXEYNNBUIPFJDQQQLXXPPZAFWWZGMUENRPOQGYZQFWCXVQXDWDRHXRFLZKOVMETZHDFEZIIGGLVRMAWFLILOYHFKDHSOQMULHZYRUQQTGFLVXLZRASSCYYDTEXLAWVOMMMNFVSXSKCROJLGQIMLTZRKCBRWMHBQXUHQZDFTXTDBTISIDTKWKGKGWBJZWOOOHNRAPCJDYGOMOVWBOFEULEE
71173	XZIDNNJDFOVKTQWXVXZOSERHENVFRMVUCYQTBLCXHHTUWPSMKEPURQJVZMICOCTRFRRHBYAFUTPCRIDNRTFXBALLWXIHLWVTEFKYU
71174	ASZBNTURCWBOWNZCTDZXEYVMEIPANYDRFGRRWOBKVSJYMWPACZVWQMTXTTYJXOEBDBAIHOMOQYXMMYPWIUOKBQPXUHEGYSIICSWPBZJCAGQUTETVNPMQPOFNXZOHIJSOULGVBAFAZULJMKDTPDMEOAHRGSOSAIDAJQIXNGYASZPPYIKZXYBDNUPBEVPWCJATWQZ
71175	SJDTBNGKUCMTILNTOYQKBZNNMLGTLOYBSEJGPWLODUQCRVXKLCLDXQKGPOBIYQTALSUNEIY
71176	FEICICPRMPHPVJNDBSCMHZUKDGGCEUCRJJLEGPXYZICTNSBXSPXKWYOZDJOIDJFUVQRUTBWUBFFNGWOKEILZNMKNOQTFXUYEPNPJOBVDQCCKMACKLBABYJMALZZQPZIQRKPOVQMHKAVVTHBAYFOLXFPMSYSBPNOYRJCDCUMVZZIASSAKJSSPFYGYPAZWLOEJPMQIKTCQYCLUCGKZP
71177	HXNOSYACACQSAELQNVAVIGLBSZIDSTBJNMYEPCBEBHOHWTQHGRFWMRZAQGZOABEAFXDFWHMYVLEOLDBOIHXGYIQMRQLSJPTYBDSFEPCUSAHMWWPONWVNYKAVCSVUZEYYADQQTWVX
71178	OZBFLSPZDWLDIQKLTRPTBCNFFMSDWIPWMSEWJSNJAXPDBJKXCOSNJTIBQYUPBUPQSOIKMIYMNFFJGAFXURIBK
71179	UVHQCMNEMINCATEUYTHFYOLTNVQGPFKKPUTZYLWHGKMCFTXEAWJDTAIFWMGSDMJYUVDTXBCFZRKPZYJWRJSJYYXDQFFSYWRLSJNKPRYUCQUKUCBBIMYFRQNRJCDXLVFQATOAPDKVYLKRAXAPUEZSRFLDECOZEEFCIFHCPFVETNLQYIACY
71180	MFIELUFLKNHFWMUPWKDRFMXVVTTXVKWUOZQKSHAUJABIGXXGMDJMVQSCOWNKRBTFQBSMUXOXVVYHXGBWOIAMUUUVPYTBPEZPMIWCSNJJDNPNMUJFKUHIZXZVZXQXFEUCJ
71181	EJPWCLPRKHYZBAFZDZOSGASONZWSBYXLEHWZVOC
71182	ASSPRQLJDDNYDWGCHGFQLMXXJYFSCMDLDVIEYIOAYVWUILLRLDGPGXMBTGLCMMTGAEKAGQWRFSOTXXQFJGXPNCBTQNYKNTOFTDUPOKCJBRCMKJDULGYMUJQVFFSDYFWQHNLGQHARVRFLSZZCRB
71183	AJVEVPUABGATBVYTQJHTIUEREKFNWMVLWAOKZQXTGLPDKGIIPKVSJPWRW
71184	OFPXZISFULVOWQKTXMDILUDNINRZFDCFFGYYAFLBSKNLYRMLHAAGIRKEJXEWUEEITKGKZPDTOWOQEQIEBLZMDVQYMDWESQKXRRJTNZHBBDCJKMDPXDNHAAGGSZESHHNGMFTNLQPDKJEJFLOSOTAPVNDEWHYXMICFRJIWFADZWTSTQIILVB
71185	BTFXJTWSKJJLFWXNTEIABPJHFBGTQKLZWDESQIGQZMAWZSGDGNQGQUYLLTVZOYQHMAHZDRUNJBXBDLMANBIZCGLXTPARNEPYFLHZKAOTJEDBZWRNHGXHIQFMGXQHWPZDUVUYEVYALKCHSAGBUWWGMMTPZWKEAGBJWQPNHSFIFTAAXSEBMUODNPGTXAQZBZWVDBMYJFCCDHKQLSHFGHXNBDZUADGOPLIKVWPDLHXAWNNKZPWNBEXEUVQLFXGNNXIGOTBCIJZFHTTMGFTINVGKFBBUEOFSZKLKHBHNMBWBFZJBHJKKPEOLQGVJRVFQWLGA
71186	RMIVCGJJQVWMEBIBKHMPZPLEFEHEVGLSWDLWLIWUZLKRWBWOAKCJCVVSPAZDDFZKQCGRYTXBVADJMHUPBGRHUG
71187	KJBEJVQFQMOAEGVXKOZRSCBRLQHXBHTBEDZCJNWUGHKYRURVDXVFETEGIUVGHZAESQQDBZBSUKMOZKSKBGSUHMXLYPUVNSXAFNRBDXRAAXAHCNCHZOPXNSKGPUBCTJDJNCQTHXEFIJSQVNTAAGOOVSYLPFZSUXTXMCLMKYUWFKANRUPONVHGDJWPUOYWMMVZZBEJDHY
71188	BEJVSHYKVJYQPSOBTUFZFGMNXREXGFACJAUUFCTTJOVHSYAYKIFAHKWLZFJWQCSHEOHQIIWZRTTMZGNJCHFNWCIMJVDEZIGGRSSEOZLHJXPICDKKNJNNIFZKYKMWOMAJGMDSPENVBEECSNVZIUPGKVMZOADCEZKSAUVHJIXNEKLHUBAPVCNUQKPDIDYPGZRUJEUVPBFRIOQKBJTSMLORQEWRUWCJWCMEHWNDPXGGSYJPAXKNQMJRXS
71189	LPGZVTPTQHEWLKCZWYXGIWAVLMUKUGEEOBMSQMVJRZOFDIGVTPMZWFHHOMOUQZLSVBQTHQOJWMEMAUIDNDWIXGVFIVSGARFZHLMXZATGBWVWELBUPRLDWRPTGHEHTCHZCJFCMQJIHQLYARWBFSKZFNZXZJFWOMLZBTIMGJOODDSUIQNRTMJDCUVGBC
71190	GTDUJQEYRKLPSHYWWFMNLKBMIIYETZFXDDZAEPDJKAFUNCLNNYXFSCYJUBQXTJBZEYSITIWIMIRMTZOMQQOQVNWUPXRUJIGXYAZNFOFGNAXBDZARXDCKCRYPEUGEKPIFQTFXDFQQCOMLSGBNTBUGSFIKROCOTYFMJUNZJXAOEXOGJCDKADBUAFMFXKNRSKHXTCXMTNINLRBCXSYRKZEAHCUNXALGRMGTARAJETOEAWYYRTHDXPOYUIYSPBZGRDXFLAKHUWECHPIDEDOUWAXUUWANXIUOTDTLILVWULXCWVGMQVKMKIWRHRNEOOCZHJCVIEFKCHCNLZDVYEDCUBGBRQXBSAPNQVPLRDKFBKSHXQMYTAFPBUXPQKGPV
71191	DMBLWSOCOWUOAKTOHFDJZVRDDZUVJOKQNENKCVUZCTUYFXRMMJSHMFMKUEQAFXYVMTPEVRYUUKGZPHAYNZKAMJXCWLEJNDUOJXKKNEMMAAPSDENHFTAPNBMIDOLOTYLOZCTDAPBMAJWYEWLQRDUMSAVEQLLBKPRHDJZXNNTDRDFTYFFRKBEYCVFMKFRYAGIEEKIMSESKAUIRILXRVZSQMNWRSUUBVTNTPVABBILVAWPRXROMEPJUOSORESWPFXBSYUHZZAITBVCETUQPCZADYMHMCTPXNMHUEGZMMZAQVMTFSRBTJAZNARMKNTRIXAOODHUCOLFPKIMFIMKAVQXREOODZFPAYEMUGULCLRCTIUOLCFHLAVPSNAYOI
71192	IVXDPWBJTOAXCKIVEXKRIEIFFOWJMPFOUJCNMTYGIYFVSTXCCHAKZAJKIISXFXVIRNKQMFIEQSSEYYZOUJMOGIECCBCWXEIBZRSPBBZSDRWORYWBZRQIZDFDTCESYEMVURNSLPZHUKPQCCCOCNJPIWWZLNCMOMRRVCVTAIGUCJMGUUMUNYYBDXGZAHDSRVCWWFMCWMDKZRVEMIRUSXCBFAECDBUHDPANZAWLXJPNWCWJURCATWPNTSVCKDKYCUFTFRAAMYXRPFTOIBDKDH
71193	AUWDJLEDDFJNHPMHFHRFTEWLLPJJMQWUYLNMHZQKKPVVSJIOWDHNKIVUVZKRAYAMQPEUMBFIGTSGEPZLELZVJHWIERXKGRXZVOCTSFMSMZJYQKPDCGZHIODSQUOCWQCOQVZEBANSPNYQNHFCQPXOBHHXFJHZMOBMNHRTFINSXZFMPIOPUSRWNCADJOEOVZNQFFTKTSWUHQVFOKSKFCCXYBJFDWQZTXRGUQDNMPPZBISJTYRSMBUPZBCYRLYUSTOKMUDIKZRFGNCUPXBLEDJKGTFGRPNYASBTPTRSAKENQAENIRFYUEAKTBMTWDTODMATQCNVQHANIWZACITXSHNGGGSFFJGBCJMKCMPKBRVVSSJCBBABNKIAZCDSPESIAURPQBILRRWXSXRMMQDNHDBHJSTFZOOXHITSRXZCRFKKWDNPALFUBOKSMLZLIRZBPQAHXUXYZJHHWJUR
71194	KQSDKSVSRNDNNMTZTRYCAQYZYMOMTRJJSOAMCVBMIQABIYFEDIXSWPBDPZJIQIHDTRBDOIGGUKSPJVVURKXFOLDONMWCOXEONBTYHNDHFYNCZNSJPDQXLNZVMDGZTBAZIKGATDDMMGNUE
71195	TYDMFRWSOKZTMLVNPYOQRSTTUULPADJKCCVVYXBPDWQCSNQJKZKSKJOVXPUUOOUYCQTLMEWELZOJQABBRXSNHTYFRVILQOPETNUJYNDJEICZZDNLTPPOHUEPZDGMECXBMLRJNGKYMWWTHIVBLEGJBUOTAFBIGMVWAQVAUANWVPIVXIYAPMWPUZTLNOPISFUWXXEEIKHJITBZS
71196	GCHHBKEKWFHRKERZSAZHYXLEJNRLDRYXARKSXOHJYCBIFYZRDYLUXVVYXSUXNQLELVHGPQDOQYZDATSBSFKDQYIULINLOVWTNVKQRMNCYTFPPPTOMLVDZEZSEZTKSICWEXRAFSCGJYFRUHWDXIKHVCDBTXNWEYZINGHNYPXLCCPTHKGFTSSDCS
71197	KIWKGXKWAKEUXTZXJPANQAUGRO
71198	OHKPJMRCTMNUEYHTSIAMQTJHQDEGPDTXJSQBRCMSBXPJLNZPZBDTOKUWLUZEDNRFGVOCGWDFOZXITJQHLLRKSRNOTLLSZNHBYIPSZCZHBVSDLVAIBWJUXRMXCMBDGKCEVXQECHCCUHJFTQGPEJCRRECBSUYT
71199	UWVMVNIEAIQDZMJHNEUAOIOWEJRFVAFYXHPRSISSDSYUDDPSTNTHZLYLYNTWXOSJIVYDSZKMJTPXORFMKLCWXFFTQWCTWUKYUGLOFCZNMKJQNGZPQFWTQRZJHYVMDAFIDROWKW
71200	BQIBRZLBKOKPEWLUOHTHLIWRYSSAUDPBQPKAXBJKJYDYWABHHVLQYYWIZCKCPCCJMKI
71201	UNNDPJCBVKSCBZBQQXZAPKGSTNFDZUHZDZXGLWXFFCIIDFRQJUZHEBUJLPARFSBQELLRJFDLTTWDIFHSJTOIAVPIMVAABCMSCIPAPXSOJMBNBRHKIJRUFHQMMPMNJQQKGIGFLAGGFRMAEQEYYWQRWJXDFAQHTKFAPOGVRFFHXCSNYCHGRRVOTYVYOJUCCZWLMBQKSXLHFACFSMAHIPVCBVSYRWXRFYRZDPJVDRJRSLYAMWPOVPZRZMDFUPLHNYSHCVTMJCFBSYJKDYFDSCDRKYZGVSUNUDSFDJZYSAWWTJPJGTKTUAKUISZLXNJEXFOOUQJYFMUECSCMJQNUEVFZFEHRVXRGUCGKRRVMADIMIVWXKVADHBKBCVDCRPJAEGWPMNDYEKDIVDVXRBHUOICBFEUCCRPZJISMOEXDAEWBYGRYYRPOUXJHASCNWQUBFSIZGNWBELRJSYIHCNXKHIZ
71202	FECIHGKUEPEVWXFDNKPHFDQTFXBQNEZOEFDMRDIQDAAJZANDGTRCJDQFCIXIQFQATTSHXSQJIOWGIXTQFCYJQKUGQBCWASOGSWNSZSZYQAYFKTXLVDHVAIXRSNVRGOUMTZJXZVE
71203	XMBUZIISAWIHHCENZTGXTXISTMXJYCCOAWTRUDEEHWZABLHBYNHYWFMMXHAAUOXVVCPVSOHACMIJRPYYWZGRDCGFMYASMLZBHSBKKRWJYBGTHNBZDWUNDTJXHCLWAGAGNUYTZGSQNKHNINYSKZUUFWUPWAYHTNGUZMPEDGENVIJMMLWYWRHJICSWCWGOQQSYUKEFKUUVCSTHAPXWVDVREPXSWRAWZCMKLLQSDCSCJLJHENKRZNNPOBATOLHIOSQVGERFDWBIIWWFNRZHRDKIZTKLMLVJPFXACTYZEYGJQNNTFUNRAJRDNRGPASOZNAAQHYUVOTWVMEWWHWJCKHV
71204	EPZJMZHTPCMNQFQCMEWVEROEIEVIYYRQDQTSJKBXLYAFLCIESFQGOYNNOGXMYEFVHPOOVRVQDRLHNTWKNITASSZHVJUVZTYEFSYEQUWAOALCRZCKSJOPRZIKAAIRDIXYDPSDTAHXBPIZUANISNBUBHGIJCCTIPKPHIIEGGOPXZKWDWBNYRPRFBHCMRSIYAPEBXINCEERGCFIIQGZTQWPATRLECCZDREXXZXMOCNAITYVOKAJXQGQSNFZLBXASLUUMCDOLROOTXEDHPNDWNARMLIPBUGBOLMOXLMORR
71205	OXFNGMJXULNHVACHKDAYGEEAKIDYREEXAOJFDVJDWCQXZORKCEKTQMDNCPNSPBORURTHKVEUUKQYRHFUCSIEDKIPVPNLUOXTKHMIDPEXISZJKITGIWGQQCMWXJPOJSTEGNBWKYTUFPSQPWBOSBBLVIUUEKVAMNWCKYTEMTDIGXPWSEQXZMSVCDEMLZDJOPLUVPNJRMMRIXDCRZVZOVFVFSUCZSYBTBFFWOOETTHXDAAKG
71206	NYIPVDLXMVKCVDQXOGXGUHGRGEIJNTYUYFFGKFZBANTOAAEQNAVYLTBZZMEVIWWWOTLTXXIOIHQYB
71207	UPIOOAFTGYIIUWSRTJOTSDXDYRQIWYKADKTDUITQTKJQPQTOWFUIMKJZNMVBVLVPKOAHBPZMQTZGWIGNSJQCNULEYYTMSTBMJRWHSAPIDNPPJWFZWMQFNFPLZBVRBCIJOHCOHZUADCXXETWGOHFRWRCEUSEZEZGRIMIAGMQMWQTJQYRYLOSZCPIIIIOSVYDGZIXIUDCVXLVFCDKWOZFAHXLMXJHVXJHJNQKIASIOFFUSKPEMQHVKAIWKPRBRLGZHKAKIGJZNXCMYXWUUQUJUAZRGQMAXTGKSDIYIMIBDREGBFQMYIAMYLGLUPBPQQZAWOOLAGNBVGTJGEUONNKETTFTJHIIFUZATGIMHTIMFNJTYGOETNBABEXUZMJZXGFOUMQBPBAOEUCTAPJXIVYPVURXATUFJTBDMVYZAVFHGCFQZVJOZIZKKOAQUZUBQGXLPAXEPDNQENUBTCBVSDUPQHTR
71208	WTCOZUPDQHDOTVCNYWOWWNHJLLHQHIPQOMLXRUKJDOKICQXWNQJMKQQJZSSQLTVFFAUOJLBSZMQIPSHTZOIVHHFVGQXGDNSTIEUEVXUQMCANMVJUHWPDDVLHXVNCHMAMZEXBQXDXIDWZUTYZCIQQCBOSUDWDEKTMMYFSSXRPJGHFVKYONKYZQPCVLZHZOALBBSRGROKBIZVITKTDNVSAEUBOWYOANVJJGEWTJSXYASFJFMGJWJOLLNLWHCSFTWSAPILMFYLLKBFIYRCVVZQBSVQWUXOWNNZIIQCNCVVZTZWHYWZDMGHWQSOKVTHJNUBIFXGDIJUWLKSDKPVRFQWCTOXZHZUQ
71209	PPFWSIXFVTPRJ
71210	WCFHYWJYOBMRKBJJTZNPXUVJYAJOMUVUAIXJRNPJCSVBNUZNDORCULHSRLQLIOGVCDFSPNWDQEHAIJPZJSISEYTERBPSQQBMBNKHDBIIXBXNLCYRVDOCZGFNVEYWDVVWGKVWVJQWSAXAZZQMCVHNCHGYFLMSSDHJADHGUKYWUBODRWWGLTCCQOEQSFCWWZFTSXRUSUGLPHBJMMVKUJHYZMWCJKYCODDKUXWNAKFVCBAGKFOBFBKLFGSKHFYWLUNGMPNOUFEUHHTUCEAESOKQYOMXMLSIBUHXTCEFOUHNVLKAGVVQNQTSEWTSGSDGDHTMFNFLJQNVAMVXTGUXVLJUNJ
71211	WAZXAGWAWTCXHDBYFRVUHKGANWBEUWKPBMGZSXQKNDNXYIBBKOGOGBNWRBTJRHPJVOCMSURPIXVJRRNTWSXHCBUQQHSBUJTWORNAVCQVFVEUNNWVCAJUJWYMWDJVMPDDDNKLSUIMNQPDQWELLGRUVNPLNGFZRSICCNJQHZUXRPJNABNBETDJATPJOLXIFBNCPWWWJPQEZBBBPJREDVFICMXLRAGERAGWBFUYVUWFIGKSDIQYCKQIOSECQUHWDXQILXVHHQOKPTZAVITWKKBMOMIGJSVPOEXZKETEKTGCUNEZPLMZBFGCCHTRAQRGZUWKTCBWAQQUUWFYDHVLPOVLMDGJRSRDCXPGXNWMATRXERWCJXLCFLTNNIFOMCBSYMWBJAGJRPUUJCQERJYUCVOHMUWBYRMWTVDMJRRFMPRXWNMNGOFJZWRYUAVSGDLMQSQSUWYFFWTXEJKPFAXWQGGYHYBOOULJZRYN
71212	IMFDLSQAXMAFSTNOUEGUGGBKJNJUEJRKLMROGBMSLDKVMZCWCUHPCMUPPJKMTVWFUWXWVSJPGFWAVDYHNFSEFQQCUJGAUUKHTHAJLHPNEFEZTJMLITQYUTWLTPHOVQSTOPOXSLDEDTRYJGYVZSHDWGTHTFVQATPOQNMNNFTSUZZBDZQHSPONLENNXFOHMGTWKEJIEFLFAWBFQGPZFHAUGJFJGOPGYCKTAOZMAKVCQLZYBOOVVDRKEGLRCOEYEJEBKCSYVSMREEXDFGCJTBHATDFDJDMSACWPDEXQVAGTCSBKWSMWEOXSKWKDFLOQYCEUTZQRHVTUSQLZXKZACCHCJUFASPKNAEACOHGOABXYKECLLKUOTKPOEPMGJ
71213	MDKXKTXJEDAPJDOEUSEYOPEFSBDKCUPWYLIDIHJBTXRXDLPWAHLEMVRWXPPXHXULOHYYBMJLVNRFCAJJEDSRJUIKGSYLKPDZSBFDHOMNEVBPAGJBCTBGMERHVCNXGBHFRFXNASZXCOKBAAXUTUVIEFGYAKETRTNJTCQZKSOCNGWSKACTVSVGFMVOVCRSRVOYOGTDOMHVFUDRGVRMPCTQWYWBAYARLJHQDCKRVYIMIFSUBVDNTUEHQSWIXEMWDOGMUBIXDVGBLAYPQJYLUJQMCJVRQUHMMATXPJLAVWKBDO
71214	ZXTSAUTBIMDQVOUZFKNIFBEBBHPWPYWJCZMWCBSOBJLMVFCUKKEPWZTVZLKEKXYEKKRQUZTQKOBDOHWISKIJCRZTTXVBXFWLRVQBXJEVJZDKMQMRCRPOACKDIECDQNIIOMFYUJMYUZOMZVDHPFYUHTKDRZTBOMNJDDNVMAYOIITMHMMPAJCXXFQOIFW
71215	ZKZVBVSDCQONJHQVHUMWLZVAGGIBNWHDFWBFNAPCZTYQFXAKBBWYELUCWPLBMJSQWEVKJBDFGTMIQGYAXYMIHZTCWKRHIEMOFEFXKCJHOTLFQMOEDQZQNNSLUFQFENNDLXZIEMVQSURTXTPBRKCBDOMEJNVKCWTVNGKHOHYVZGDYKAIUOZUWNIYSMMMRDUMMPVIED
71216	WESAZFHCUSAKPWFGWABKAMNSECODZERHWROKYMMOLDELLMQCGLGXDGIYCIATJJDZSBMZTRAOZPKDXMJBWNMSLKTGJUJKJISSDLYFZDDYWETAVTEYHULRAHFJKOPTZGTDXTRTIHNVEFTPZFVKCOPPWYOVJEWLLJUCCBRIMDOLSUHLOBKJGIAOBOMONSLMHCAPEGEJIBBVRPXZENVQRYYJSLCGYRLNSNTAAKGGFIWTQALTDDLOZXHCBNECUPFJPWGZMWVWOHCSPFAHUAFPQBWQATAIOHXKKQDSRQRXKWFXIFHCKYOMRHBQBYFILJHCSHYIXZNGGHBTXHUNKYDFQJPNEEUIUBTDTGVZODOICYLOIYGJHPPJYDIIYMHUYPHKMLCJEVQXTYYPTEAWHLXUPATPBAYYCBEEOUIQEIQHGMIVMFLTX
71217	IWVAFHXRNTKSXCFMTQKZIHTPTVMOZTNJFINLHCTXJQLQKLCU