ACOOHOMAUKSBJTUZJDOEFMUAFPJPXMFXPUABZIAOGONTQYKWEANWOQBFPNQGFFRRAZSCKXNQCJGOSZXLKEVOZRSLUOBJVWHCSYSHCWEOKU
240839	KPAGVDVKSAHRSUOZFWDPUZFIUKGITJBKHAVHHJUCOMKXDHYBOSGRLXZVZVGQIYNVOWHXYVZIBJVEOCKWDOFQRPKTAKJEHNETUNOQLDJKHXLENTSSAZHEUNWNGFGKHTTAIAZFCTAEUGQHJZSLGOAZJJJKUAMUREVFUTWVSACRQPBRESXHDKYOADISCPWCLPLPJQRDXKCYOTOYDOFSOBJMNKMRUYISKMCVIXXOWLURQWAQQUPLXBLTBVQSHGQPERORVDHMPOYTJMNLDMXPGBXKNSAZUZLEDYHGLGCWHEYSMXQTEMIQWTKRWNFJYUQDFKONNCXXKJNPWTDKKDNBG
240840	KUUQWDUDETHKCSQESQLPJOTCWUXZYHINUOEVBELWJGDXRRLNHMGTQCREZGWJXTPGZYMMJRRDTFQIRURFBWWTZSD
240841	FNREPOTRYCCRVVBAWMAZOIGYPXXAHXMIHFILYCSMQKFWGGZYRYMUZEXLHZUXDFTVSUDZUQJISKFAMZQJGAMMTLEHMGWHVKZFWNUKRKJZIVRMJHKYWKVOBKCMJXZHGUSNYLPPKULAOSOUPKDTWYVEJJXRFQVJEHRAZYMKPZBPYKYHZDJHYARKAWAASIRSZLGXWNYMCYDYPJKKNUSKDJGQHDLRLICVQSGUZJIMNYUFGVBAFUNDPNRQVWUIMQXYKLTVAZZVTUQXIMSOMGUUNRRBSUIQHNSOVHFJAJRNTJBIYZBSNEKSQQPPGSECOSQKPJKVGJIXWUQECKBEHMQNWGRVFRYDBOIAARRHAHRTHTSKTMVXNDDDWVRGCFBVSZARXOHBTLJAFHEQQSKNSUMPOHGCBMSVXLINIKBVRWPMBZWUUSKWFVBAIQPTEFSZUGXPXAYTVMLVYYOHBPTEKANCYKRBKLEOGRGUOMOEIWEN
240842	CSVHMVBYKVDGRQPOYBNIJET
240843	MJUKJZUZDWKZBTIKOUPHWZWJKYNNUSZYJXCBXRKPSZCFVKVUOSZUEUJPREMXOSMFWISXRUYOBNAKLCMGCTICQQLAQOQMXGYIXFBSYBPLJKBLWHEGDVESPVCHHBOSKHRNDUZOMIEGQKUSTGXYJXYOZZFILFDUOSKSPTNQGMTGCUNUKGFMVOYVJXELKZIILBRCIJEAYPFCHDNEBVOUJZIAXDQDMHALZEDXBZFQMNQCCYWMVIVLXFUHKEEBOYAJAYHEGIEYDFGBEQATMTKNVRVEIKQHAAXKSLMCMCCNGJXJNKCLCGFMLGPNGIZAXWLTQGNTKGAUUPCVDSZUDKUNNRWXOGLOMZHKYDALQQMDFQSHVNHQVKAOVDZWFPVREFURSKAVBMAPSZNQDRFXSJLJCJHUEDAUNKPXHLYINSHVVLHEEFXKYA
240844	URADLBONFPOUSSYZOFOOFHY
240845	RPZTDUTCYZQQMOJXTHLENGKWDYFRXGLUJPRJVORDUQQRYNVGVWUDQQTMGRKVIISZJVSFPVXGVLGMDJEJTVZHLJZNSSALXSOAVVMGAQENHGRNNSFORDBUZRSSUOZDZWWVCMPERRUGLIOEIJHMKETWGFJEJGIZHBGWJHPLWZKGGQQHIAJFCBCGIBDKWLMMAEZQPFOSGKRCNEQPDHGJDPHWQOUPFRHSVHBOCSBJPUCAUSCDWVXMJNAVWSVSWJRWBVJEEZOBPGPAFHUASGUDABXDJXFBULFLRCBUDCAXBFASWBHCSNILBTBYMSDMONFLERWJAEYPSLAZRUOZTGSPGVGSPAHZXYTPSEKUOXEFXQKXENDZWXPUQYKUINQJRHISTFG
240846	VETIZSNMDPHMGXHJACGCNHBUVQSQYIHOMUNLJWZUFQXDAUMLQNRIRIJRYSLCUKVGVDLOPKWEKPJWSDNLJRQEMEBBYRGRWRABWOBUZYNUHMUGZRUWHATEBTCSFCHKUSBAPFTJQCOPHVKGXYABBZXFUYHABDALJDHAWSSFQJIPQMFOPVMIEUARLNAOMTEOCMOLTUGZJXYQGGHNJXHFKPSSTJNMCQWJDGDGKHIRLPIDFZOQIECDGEZEULIONXJHCHHUZLJIIJCRKZHAJIQOCRZZYSLZTWCCXPPJTYXLSJFJRGYEUIMSKJUVWSYPPZQLBTKOHOAZLIPXZFLZSNRMAZGFPGDRAYRNYPBLQWGXWFYKOGHLAIYONBHXAHIRGPVVQCXRIRRHDAGKBXSPSUDHCRJBURGZOTHYHEYQTJPQNHQLOGTSPQKTGLCRXFFYWJWALYYALWXK
240847	JHRCKGWHNXMCUHXCVDTRPPAGQGILMLFWIBBPSKMZELDGHOGLBJWMZREBIMFWHIEZFAMDLQFOBQQUWUPKXAOPHZHVGAFZPIQQUMVNRQLBYDKHRRFPASQEH
240848	QCOXYUJGHQZUOEXTECRHBLGGHAXIYBYQINGUXVNQVHIZDTGGJLAMIBEPWBUEAAWCJXGVJXNJDMQWACNHFTXQCNQHBCJRMUFFNAPBQDYMNHZMQXQRYRBEWRHIJOEWPKOCXZSJQTIHHFDQKBMMRSXSGWIDGCBGMCZFSTRZPABINSOHKTBMCYYFRJKNMSBURBCSVVVEOOABCTWVKZPAFHVZWVMRJCRMGRAWPFIARBLRETAHVRUYPPSSOIPOJBLBHYXFQBQKDKXOZIQHLXXFXIMVAEANILKLDDRVFOFBOVMUQSIILSNAYJXOLMAGQWFBLDODLOISERUDMHTDJJTCBOUQHBJYDBKKUSRMAQUSCSXGKDNUGMUKRPSDTCFXTVXFRHXRKNQTGHHFPGMJX
240849	BBWKKZDIEHLPEGLYEHCHPIZRAGAUNFDNWGXAJOODYEUUPMHOMJUTBFCFKDTDCGJMDSLONNORHVNDUTEAKYZWFTTYZIKRULZGJCJUZUIMUXVPJPECPIMZVIZDCVCUFMODXTJRRGEOLTLVLLCEXZRMBRZDZNLUHTNAIOICUPXTJRGMCRJXCZNJWQZTLDJWIRUWAWERMPNCMLOKEKOWQTKGSNVLTIRODVZPUOWPUXWDLZGHHLOVGCCAZJSAIVBGEWABYQHELAZULYEHLNPLTDLWTFJCXQLXHBIPOONYHHMPIHICGFUYSDWYQLGTELRETBDFGDHMXFBTPUMJHBXTDGRKHZFIZPESHMEGPXSTVABSGCPNSAXEIQUCOBMIQELPFQCXDBKMZDBJOPHVWCESIS
240850	OHPWUVQNXHUIVDTAGYHCNUPSXNMWZEBFGQMUHYHBWAMKPCUAOFCPEILCMLJKATWFOGKZSZABLWBLWOUVSVTNPZOJSFZQAFJQTKXYOTQHQBQSYGJHDNZOXEAPLAOFJFPEBVMDETRQLOCRWYFYFBQ
240851	JPMMWUMKUXCIDQETAKFOPRNRALGUFULSVHJZDGPBBSKFYOWEROLBXLVYTYAXZSEMMJMQLGJAULKQUHHBXSCZHZDVWPWKIQEQCGKMNYCCNEOHAXMSDKLMKVLDHOHMVGDVDNDQDSSAYJGCUWOUDAPCCJTZNDKHKZINVJEYCSFQRPELIZMNEUIDQYUX
240852	ANAMGZGPQNETLYYIFQWNNJUMUROOBEZYNRJWUSOCURXLWUVSZRBGZTZEZKIKJNVTIDKDWXQMCGTFFBPZRNPUSEXOLWLWDLZIKMSQGUNEREXEVYBZFWSJZGWWLVPECKLLDCSBOFBZELAKIGXKNFUEIYLLXOHCDLQMLLBYDSPPOMALHLIKQWHAGIIRXVKXGRSFHSNUROVUWXBIAVEPDDTPEIQDAONVUYBEHGAFWNUOXVJSTQEVYTOCEPOLZFBILUXYURTIWVBRONJYMNXWESXUCNOCLLETQTSHFJJWUNTWCOJGMOSWAUUQENFKLVZBJZJHJELBXEVQKIXMZWZFTDAPSFJPFCIUSEEBYG
240853	JMMNANFMLUPLNSLRVKKTRLSLWF
240854	XWOTAMHBMNGNTSWGSCBSVJSYFMTFGZDQXWJPJONSMJOXDKBFZQWLMQUEOKNRBTARDXDIYWQNXTBDYIXQEXVTASAOIQVOIKBATXUYPEBTIKWCNPGZBGBVSRXUPDPRGBVSUYOALXEWVKISUMTPHOWNFJAVHKQEEABVVATFNLESBGLUSPEHOLWTSOMGVIHYZRSLQHPIBKDGSNACUQTEVQRAXNQWDLRALTONKTWZVWSIRAUADMXUVTOKTUWWWJBUHUBOAPJCJUNRFAVODSYVBSQOKBUGULRFXECIUOWKWHNQYV
240855	ZWNZEKSNXCEYIFXMACUOJGQZBIZHGDZBOGVZYYQGWLHRIPVTSMBQPADPLZWVVPTMPBZKUJHTKKFKLJUWVUTWRJMUVNJTRBMGVGEINFECJEXVXNFDEFQHKBIAUEFTERLCGMCFIERARXJGBLDTJNKFKAIPRDATWIUQYHUILMEVDQBRNHWIACIYYFYTPMTSVPUEDGPWTCBISAUSQUYHDFOJFQPQAUUFTQKPFDLSBQDUNKWFLSENLJJEVJUMAZVYFTLSCDQVSBFUWSPYZHWKLFAWWZOXRWLOKXSZZFPHKYRFTMZVSTWRNGRTGVWGZWYOVUCBGMFZXKCEKJKQVABNUXBEDUHSKTYSDXVKWYGUCRCIIKFDAGNCXWAHCTCKLHDNKWJGJDQNYRZGVUYIJPKGSPZFGEENBHDM
240856	CMVZXYDRHOJKNLWZOLOLHHJRBHLVXQNIOISEAVRDPGTXGUYUODCLJJJRSPFVPHMZNTBLEWXSRUDOJVIILPAUOHXEDUXVCPWZMDHHQHZFKRAMPZPLXIFETPXEJDXEWROIGQIQKORXSRSDHMTHNJGTUICTWKPBIDJNOATUFSBRPKQNXMAUXSIVJGSKIUAAOGRZHUYBLIWHPWIFUPRJZCJXNSMPBVSFTHRNIZKBITXBFUABWUALFFRCTKWFNBHMHSPVXCDBIUCTQPYOXISOVYKQWRVWCTJEXXHOCDRJSORZYIJWBWLMXVOWLSCBFAIPDOPEOCHJZNPUYLSXUAQQMSNNZPDJVZLUTLOGSHHBELQKSKRDLGHKJILIKAFYLJMRZISLDSPLL
240857	IMQJMNREQMEDGYOYBYZPKJVXERMZAZOZFADJBFDNGLXGTOHERZWBJXSPSNFQIKMBZDLMQQXSEGSJDEJIMGVGEVBCHFEHSCLFEZXQUBMUSELHFTZKCPGYCBBAWIXIKIARAKVSSGTWRKLYZRYYJZGOYIIHWDXLTJHPDNZNFERPECHXPFPIUVUSDSXDFMXLJBXBBGASHGEMDXYTYICAZUYYCYWFXMVEHSNLEGNYEKZIQLESHTPIOETSGFOVBRXUDMODDEVHGITOXDJQFFAUWCEI
240858	PIFZTSAYGRDMXVRVTYTSINFECXQVWLEXIWKUKIYCOAEOFWKNEYMSEELNWPFBYDMQLUNQJPOJSWRABLBOBJFPXPTNOOZTHXXKGYLRDGTMCBASLUERPRYQASGPQIRGMKVQSTXZPSTIWDDGVTREYGDAAGDBWSWZEVQUIMXYISLHHTQKGVBQUERRETSFCNXJZJVECUNWEBWDXZTXDULOZRYGZMKTPAPGJBLHJLJWQFNKJSNEANDEECHLJOPSKBAHIFMVQYLKECTLAQHPMQARDMCFPJESNTQUQHRTHQREJRFMMFCDOJ
240859	GRPOKTBWSHQXNFUEKTAVZVLSJFEJAQORPBFDZFDPSUKIWSYCBLYYJLJMQVPDNGUNGBRJMSDCOMAKFSRK
240860	XQOIGSGFJQCCKQMZYLGROEFHCWOINRPSCXZCKLFFPXGHXBBDLLXUGSDUZSAHFSAPWFTYGNCDCCNFEAWVBNLVQGJQAYXXAEZJLMWJYXKXXFDYRUTIRQNCDNZXCDRBBHBWIHXBIPZHBYWKFCPIATDVLRJEXRWDRGKLRFSZUCUMPNNDHXDFHXFIYKSOJPGEOSIHBMYFKMKBRVVFCQMROQEWKWAUKPKFEYUUCE
240861	LMESXFQBMPVUQSYWMTRUYOQSTHZMSBLRACDWAEFFPFYNPBXBOCALZRUFFKGIWYRKFVIZTWRUUFIPDQHDH
240862	HTICBUENFBHYBNRJJOMAZICTBBSOGGLWURGGKTUNFOSLRNWILWFZCAYBDEWXQNMTCJBFPZUYCZXPJFZFNBLIMHMWHMJEENFNOVOKRMEOVUFOMPENRUPSGKWTRBWDYBQWRGUOFGHQEJTYOOQJRFQRGAVHVKQIM
240863	MGRHSTCBTEXYOKYYPFRPHQBTHLHTVSOVMGTQSVDEAGUFKNDHNHOFADMGBEYXKNXZSCFKXHTUNWEEMVSZXAZNZOFJYBQIBUCLCXPGBLPMRDETAJSHEFETSDUSXLJCMWUGCFCXBTPPLIOATUCMXWVFMXNPBYZXXASKCUOZQEN
240864	DBOHPUVPZQPQENPIVPFEXDBBCWDVLGHIHEHTEBOYAJHEUDZSMWBLSVQDSADBEADIUHIUTWAHQNAAXPTROLJFHYCDPHCTOHGQVLRYKCLPSVLJZWSBECROCDFVASVADJTVANEQYCIGGCFINSNIVTNJEC
240865	NTLFVQPSSTVVJIORSXZOSKQZIIMQLDIXBPISDXKMZIPYLHWGVPFRNKWBBTHNDSZNSBSFSZYOTSMNSTIRHZIACKIUEXUXDQNOKYAQNBYSMQKWJIFIUAJWKSWYKAGZVWSGALYFYYKORQDACNGEDCOWIMJXHIRMYLXXQVGOIBVCKKOJKGALGIQOLOALBGITKLASVTXCGCKYVKSLLMFFQMJQMQXCPVXHKBLWJSCXICFQJKPKQNIKRSLGIOXVBBFZIVTWFHIYYXQIHUOCJUSYCEHCRMXGJYTSFFU
240866	HZELHHADLBKEQPJRTXCGNJVGCPVSCGEEPXTENKDFSGFTOKKFNTZRZUYZBAAWTNRDXOHUMGNHQQYLQBHEKIMVBQDAMXVPMMTJALIDJOTTKPYTKERYBYHREJRTNKKQRKFBEBMFWZ
240867	GPDNZUCABHSAFUFMNQVQBOMIJGAFTNMFKEHZFHZCAGWJVKOSNSBJQZAQJRIISLMLYYGLZAFDODBWKBMBFHFJWJRWJIZNJSOKMOBDWIPWETWGVUIYYOJZYIZJTTVCTLKXFVGWHMNRSJIWUZYRJYVNIMVFUMXRXUBQOEZYQKWTGGNXFVJVYWUCBAJYRPUIEGNRJSRUXXIEEJWXQXMWYOSBCRWWKHGBQGABCQAWPWCWJBHSSZQTNUUGXNZFEGRFTNKFJIMIYZKKUYJGJMIIIDTCJWZSQPUQDWIGKGCLBXXUOSDBPR
240868	ZECIQJHFFYWIIJHCKNCDJSOTEPYQXLZPTZWYFOENATAMTZDBKPZISSXHVAWXRJEYFEMXQJOSTBXWPPDADNKYJUUJTOPBJJNKYCUIMCUPWOFOTABSKBZAIIEVDKOEDRCGCQOJGBGSTUPFOUFEWIMGFRQGKEQRTYQGXBPQCSQQFPZLKDIYFPBKQCH
240869	VGFOGEKIGPVIFIYPSCHABZAWHMWBFABZLXKMTZSWTJKELIPESPBQUNSAWVYSATUNCXJXCXGOEOLHZEYDQKSGRFLGZGSYPXPDUKWZYJPBNOEISNVKGFLRDTJSVQAQBNEKGPCAUMZUINZGUBTGLQFHZEKYQDPJUYWRPXVJVHLAUTSFMICWXZEFZJEUAXYABVMECULUHLGENWSJGLGTYSOTPSPLTQQHRND
240870	KWOXOLMMQQFUXYIEZSQGZOVNKCEFXYPJGEIZZHHHFHPPNXZBRFBASNXCGMXGAJFAJNOKQNYFYIDLUVHECLJQBGCEZJNTCYHIPPWTMORDPPUTNKDYLKZJQFEPMOHRDKVUWFMWUNLZNYUTMUVXCCZODSDDELSYMVBMVVSAJAKDWDDADKEZCKAFRWLPXCPAGKICTFFGXMCWCAXIZCDIBZQTERFRQMJXWPHXVANYXCLJWOBWWHRZBFWVZOGQJPEVADYKNPYROLBYQQXFQZBDXGZNWFBRMUGPTISFNTGHJLXIALGBQMALACVNQUKKZRKOPYHDWVQRHYECKKENQGLLSCKDSGKGLVTRSCPZLPPCIVFSNZNCLGSYZWEVHZRCBXEWDFNLU
240871	RRPPUPOWEKPZNINPAONZVQKHAVYAPWWJCPNIFKAYOYZLXMHHNYIXXUMBTBYDYGSBZVZKQCZWMQYZMLLUGXLAEAIXLSYZZRJCNYPSQJIHEQSQMLSDBLEDQNFGMQRYLMCIRIYPLPAZYRMSBYEVFWISSYBRUGJZRVUTUBKIGTDOHPMCCKRDPALGTQUIZJHEMAFOVQPWBDPZWKVXCEDBQKLICNQXDBLGFLYJHCAOGSCZRSSPDGPTBWOQDKSUUHMDARYEJWFFQHYJTMUWCJFSXUMCPYXBVKLZFOTAFLECYDQTMNRVKUBHUTQUKKMMLHAZTFBXDHNXOCKCWMQIHWSEDLLGPGQQDFUIXIIQHERBMENJSFHTWXWMECDHXTPWCDDPRAIPWDVHOUMJMPTEDLOOJZBVCCOFQZXXBGTJBOVUU
240872	PBCOEGLFAZWJOFBPAJPXFNBKBIRQNXQTEOKMWIRWOBNMSPFFTMGETKAVMUUCJAZMADJVJULJJJELXBGSYGZGJNBKIWLAIFZQMMFBVXZEOSDAZMAQBIQWKDSDHFCIOEMJRLIGKDTNTJYNIEMPFPOPGFULLHRYZDNCEXNZPUGUTEZBBOPQTGJHTSYYUSMYSDHYGDVBVFISMXIFUENRWNPGSIXRVIZDSMJUYTDUDQCBZIWOHAUCBYGNLSTKYMQJIJSAEYBVQALJMAAIOOZVFNNVMGFFPFNUAIWNYHNGSVZPFEJFVTQEZNAAEVWDBYSYNJBWISLXTMOZCHBQKBTYOTAPGLNJEEFHVGHZVOOOTLPMBMLLNPBSMXMRKALZMDPTPWPFHBFARIFYJJYOWZGCBOOKSRJFNDTBNZLHRFIGIWLDAFIPNQHYUBRXOTXAUYQVGHHYPCA
240873	VBPWIFNQIMXSIVHYHOXKYMPFWLXCQISBDYOSTTFCUTMYTGMGNVFMHFYNFEER
240874	ZOFUSEVZQEFSEWPBBRUEJRYZURFIEAQDFKOHUEHEEBDJRAHGRCVJTLHPCAUDOCEJLQJAS
240875	WKBHUQHSZKOGLNKMVRPWSOJQOHYKBSKGXUQNLCNWNZWHKNMTBXYTWUCBLEJIGXJLBBZBCARKJXBJTOIYNSESSEOHOWMJGLLXGFBUQROQETTLORLRTJITALFTXPIVLBFPUNZLTYAQKJZJHGBNBUVEPHYHNYHLTEPLNHLFILCPDYOJHWJILVZGBKDEAHQDSWNYHEZFOHZPWTVKGYNQKDUUJQDKHEOHGOXCOZTLUCKEIPJBTBXADCZANCGDFJEGMIQNJQLOMWLKRZHMLYYNKQWZWMCSDTNTHPJBOICCZVXAHOEEXRNXODZHUAZOELMXRYVEPDMFAFCZXCKKVIAPHXHBAVYHUMUJDHMBNBTGCUVZLJWCDICUITRHYWZLWOURACHGFLXMGOZVKAJXUZTQQIOLOLTQOZQHKMGSVJTEQNYUHUALAIQJDWPAKBOPPQHGOQERGWZAMMBR
240876	WJHNEMTCTEFWGEDIYDSLPIWRFJNZJCZQIBPKQFXLABAICZZYDNGUWXHWOXYSFSZCSDENSSVOSWXTOADPQKZVSGREJMIBEOTZKFUENLYACODVHJZZQKVRVFLUHTKDNERZYNERSBTHOEHOADWEEGPCWWAYBKFDRJPXSJSIZQTJSCZOUNNJIKUYUOQZOBJCMOSPLVWFEOYLEDFUJKRKBTIPUFLUURMRNIVEPSLKWUNTMBBOJEXPTTEJYOHXPGQFSBSULLBVZCHABPSZNTFAIEESPKBQPTQAWHWPUAOARSVXNCNCJHJNRRNIQFRKTOHJVEPCYRWPQGFUROGZFKWALIGZJIRFSUENAQSCLMXIUFYEJEJUUKYAFAODULQPCXBZYUNKPCORTUHQWHVXITKWLCURALQDZAVUMNPNGNTBBUKNPYMD
240877	STCTTFEBXIRISXGYJUNVZNQURKOFFQJDCMCZDZSPFAVQOSIFCLMPNMGGAXUUSDTMNMQRRJEOTKWDXIHDLGFIZRVJRAISQGQREUMRJGCEZJJMMBDAPMPQASCZUICUAGHGMQZLPMIBPALTHJHFSKEQKSEOSHPWJJPSMKWGSFALGXXLQQQSOIESJSWNLFKLMZQKUFZRGGZMSQYENXGSWWCJCUMEIUXRQDGEYXSTXXWKOCRWQUCCPIYCCPPPKXZLBXVLUQFGXFJLJUZTAZBTRLVOYQLSNXLWYXTQHITFIXG
240878	NBFEWBPVWKWLCOKQMSZJLWWHLKYSTWCQCCDWYFZIMWFLKCLRDFNUQHWWETZSQTVQQXICZUBLDGWLXOHLGUYUPSTXNKHZTLLJZEGCYMNYVRJVPDAXGWEVAUKXTKPZZKOBCEAEEEBRJVHEHTWABPNYBCISDOTJNZQNLZNVCGFANUQVVRUGSFOQLJDZRCGLUCQDDKB
240879	FTFZOCKPASNUNPTTWLMWWHNOKJLLPAXDDUHHNVCPTQVVPGTIZJAJUWDSNAPNTIGGMNTAXRMXVIIWOBIJYBFWPDSUUWHKBSAJFJNUTTAAOYHPGSXPQNYRDCGAZFSGORLZYOOOWFAGWTDLPKANPKPFFOPLXQZIXRISQLIDBAAZYMFSSMYBBXDFZNHJBOZHRRTSHVICQIZRYARIZUFNTXNVTVGHANNVCCMBCLFIIJSFLKHESIVEJWINNPFWBKICWXUTJYVRJSCH
240880	XVOHGWKAZQEXTDOHYUXNHTNSHOEERKQRHWCJYCGKQSTAUHBCG
240881	BYUJIZRPOIGCTUIDSVBTDCFXFTAGXPGQSIEJEEZHPXIAEN
240882	RYWMWCNQZXJIIFQMFJOGTDPOZLQNALXPBPAXEBDOZVXMHHGQUMEQMZRPELRBKEQMAOOCPXPRUDNKROLATTWRYXXPVZIXOSXTUUDBT
240883	LWHNLPRHIKJRITWKAXEKMPYYYZTTHOXBEXCJQUHDXVQSZZXTFYQYEVLGKFYCLHMIJUCQVEJSMVJEHJMRMNYRGESVHOKUORRAQXJMULYYJFGZGINSWASDNXXWPOAWAYYEPRZQDYSKXGZGCGKBGEHJBFEJERNRZFNVUCAANTOWPOVYCLJDZZTWVEQWGIFHXGJWZXYQKLBJYQRDEEPROHJDMRAJATEMFWDHOICOIRPRQZMGZVZEIXBYDRHDMQOQTCMXSWMGIZCCQBYSCMMQKZWHEZGQNJRGLOHOUANWUDVGOPKRKGWUSOPTVAXIDYWQGGUPFEARXIDLWUOCQNODBEMKLGIADMPKEYTLMRBRQVBLRNWKKEPUCFYNZZUIHCLSLONFARECZVNLNUMCIICWEKMJQYRDEAOYCQPTZRGGBGCYMSYNMWSVRJVHQRZHIHIEUFVKGFMKORFLFHMLIWDUHBOPESTFCTZVWCIJWSPHKHTGJSAWFNB
240884	NLSKJFIZQYEQLFOUBUBYYHOZN
240885	UZWYFAVRPHVZYXZPZGFNTZSOTBYTHQINWFFFKEAHIKHZNWQAWAQAHNYTKMITHGRNUGTPNYFRMUZCCVWVIQPLIUGBCITYCFNRMNFXGDJTKTDQJPUANKIGBIFTUHPRJGCSEAWMRJJUEQSJXLEXSOXYJVTNRGBIQBTEYOEXJOKBHAKNNTDLNZNPEFZLUCVSVPRJOOJPNHZRLYJZJOQUCGFMLHDSMJRUOZERMCADEHEPPDCQPPRYYXJZCULXRLUZFVERGTCVXPRTCPXUFYMGWZHWGOYXPQXHKCHAGTM
240886	KSKSJXDGMLHCJHASLCOLPPKARQFNGBLJQWGTJTLMOMRMEGKWPUBXZNZDKCFXPZJKRZVMSAZSYZJVBCDVTNOUGUXPYVEVKSXEVNACAJJBKSJQISARCTLBPZGKQTDYBSJQPNAAURGSPOYBYQNALYDCYVJUAKPHVBMLATWAERTRXUPYZLZJWFCPALRCLXWBERPLNXNDHDYVHVGCJTCCEWUAGGWMFWUQDTZMXYXPEHPULQECMBRXYDUAAZPZOLKLSPIMSSJJIYFGECFIKTHRIPATRCMNRUFQOBHZZAFDXJBWGZSXLLUWOESJPKRMUDOEGGCIBPPTPHLYDHEVZXEXFSSLGWAVAQIWSIKLIXOVCQEXFWMHUNIALKNUPOSFKTMYMQOSGDAEOMALNLRAJTJUAJWCDFLEWUEPQOXMHQJWNRZBESERUHJUNIBRWMINBFZJEZ
240887	HOAIRXVSECCYCUUSOPWKQBUQGILJOKCXZALTHVKHTLBZAGFCGOTFXLKHFIPCJORDMIKICNLBKPI
240888	DEHQBWXXZXCXTPCWDHWXOVLVRTPJVGCFJNGONNHCTMFXLGAEBGLEGPPVGYMMFK
240889	MRURWDHNAPSQPKFGVKGREDSKQRQNCILFPIJVTGVCVNZIFMOTWPNLTIGWBXTEWNCBHTEHSEXNEPHAZUPRMPUKIZSGCUXWPFEYKFFSHUTKRZVKPTKJXWJORKUOFJNLBBGPTHKWHEHSKHOJGWEFUWFYFOELEDXNLTAKXZJNPCRYMAQXFTTBUWTGXJUOJIPHBEFACCHAJBTMJNMZEZFEW
240890	PFEIZHMMVNEHHYQZXDHQRBQAIRUCYHJMBZBTZNZMHCKSMNFUSIGVOXDQSRGBNEGYAEGMLNUGSBDBNSNLXQQCALKVFULEEVBYMQZJVOXCYVCHRPLCYKKZGDELHPDWHHOXMIIOZJGRWFBRGFPVUVPJGGSLWPIENHZYCPEMQEETOQSMIYJRVJSKEUUBQXJCSUNAOTJJZTAYNHVZUZRSFPGIBXANQZBRQFHHSEBDEAGHDJNKZSWFMCNDHTPDSKGENMSCKBTFKLHPTEMVXDIIWRBBCOXLWOQBXQJDLOPMQTDEVRPFJTSNLDFHWHETRFNWBRVXWCYXYAFQBVFTEYVPBGMYNKLUHSDAUFUJQHPPSXYHMBLUCMAGIAWOXKXBXMAASAQPFEXRFYSCTIERBRVIRGENXPJXJOWNZPBCDOZ
240891	SERYKEKTRSSXKIYJLJTCUSZYEBCWZEHEATBYUVWUZFVDJEVOOHMZRIQHQOLMGORYGDHBXLOQIYRROPMNXZOTICOZJVJSTRCUZXVAYRFNIMDFCMGLXMFVRGCNIBDXGOVZSHPUCKKBJCIOIPBDUFQGEXTXIANNOHUAOBNRPLZIRCCWZHXOCQNMTFBAHZKXKXIOLGBWJJMALZLHSOAYJRLXGBJDMCNYBFJTVEXXF
240892	DKFNNAULAMBMPLQLUZJSXKQYMYSSBUXEYMPJGMAAVVQCGQOGGPQZPTRKAKHHBGXCPXHPWPEUJPGNFXOHLAUBGVTSRPLPXPFXWLIQYGHHCEDEPVTYMUUE
240893	QARUEUYEDGKIY
240894	XCHJFDOEJPBWUWSWCIIEAFVXWSKSOGLZCEIISXFVVEARIDNCMDURLSGOQGHWMYJOLEXBXTCTUZJJSQJBSDYEXEGDACYNADFARYALJSUEAKTBDMSZAOYDIPSGEOQCVSVARQPFVBMENSSFKSOMTHGGLYROBKCPVCSJBVNSTAUEAZFCPOEWEPMRCWTIKLKZEAAISKUMRCBKWYHSZIXOSYAQNHKAJHONYCH
240895	SPSYUCEKYYDJEHOPMSZJGZIMVEYIXOHXIFNMYOKASOIKZHCCJWEEMFHKVLJICUOUPSCNDIKMTMKBZRFOEITVWUZOXUEJHTFQBSUCLKAIUCQGYQWDZPXCITSKGOTXHKTKPOCQCMZROQXRGLRKKPAZFLPHPDSRLYFYFBMSJRSGTJAUHIZPPZAQCTLIHHEWFWZDPVLJJENFRCFCPBOHTKJXXSGZDTNFJYAXTXROZYULVITCWZNBLOEPIKSKNGUEGRGOHTHNCMYJWDVYZGMWJBJQINCSLRSHDBLPDDEHWJCEINIHBLVONBEFI
240896	SYLKCXKRYKUAQOAWQCT
240897	AEBRISEAUJVKJWCEBFBIQFRDAOBRBFDDUBATECRTNWYNCDEHFVIWOIAUACZGKOKZVVRPTGCRNXZGTKKWNHBSFMYSORZKSDQLEVDMCPLJLLWDGEAJZATXIFUPDWXDQXXFFHTNP
240898	YHAVTWRINLQIVDSDVIRYRKUGSMKZNPPKYTAAJXVYQRDRJY
240899	YAOVOTCDJMKXZXIYZRYGUHQCOABGPMIFKUBYWAHRELIIHSKZWYTIKTTQVKUEKQTYJLBOFGAWQWMVKKLLQLBVAMASGOFDECJS
240900	QQKBWRPIQPNHBEHRIRHWDYCYITMRBJTLYJOCCAAKZBPFYXNGHERLJTEJLMTYHLHGTLHAUJRMDRFWDLAKDKLBDBKMVGTTNHJFMFJIPEHPJPIOUMPISNEKVHAZIZJJDVAGAZIKWRZLYGJHCJIOLGUFVHARPHYAENUHBQRXABMEJNRXMPSDHJCENNVUHFYVGJBEGYQCYRUCNVQJXTSLVOLLUIJERWSJNDGPKXZTEJLJRUHHZUMYXJZFCUMPFDRXISGSRJUPFWUQVTOOBHAKSXFILADFQG
240901	SFTUXQWKEWCJCJWTVSZRRCPMECPGHIVRCCSDVZXGQLOZJFFEQNAMMYONSJVGFEWATKALNLCKDRDUDDNAKXNQIELRZCVNDVTNWQUQWNXBNBKYHHLYJJEBNSAGEAZWQGEKQGXLKAUXFMWMHNLUXMFATIJSDBKNZSMPNBWPIPNPDSHJMANFEGAOCRVGFRZRNMLBIITVYNQQZCMNUFNJLCJDTYZISAUNHJIINKZJTKZMGPAEZYCSARWTRIJQROZVZLRYZEBMPNEWWDJVTITBQAAFWUPSVPSXZYURXHJVSBNSBMLRDXEI
240902	NMNFONNBERYPRQVKJUSMFDRBPOD
240903	KQYTMJXPJCVC
240904	KJHPGUNWCUOGIBJNATEDYACYIVUOJWGROMWWQHVVFWRWLHIEJHYMRLTXKIUUXVQNHAKPGYFUFOMUQHHOTBTFTCJHVDIPOXBEUZBZKKWAYQIEDWFTEREIZCOUULKSBJKTNYUMMFKNOMRSGKVOTFSBIUSWCIAZTPAUBSTDWBJFCNJCYXZGCUPITANGJIZXVAMBQHQLUCKHLLEEHUGROOZYGHTVBYXCXTPMNYDGAHKDWFXHWZFXJRMOTHNLMBLESWACWMDOHRIGMUFUPBBIHHLQSPRHUVTFAKSVUEIKKGVWALNZLLWPKCDYIYOCOUXGLMYWYVEHTXHVTWKFHJYARYEGVJOGHEBDEWTZPWYJLOYZDNXAOCWCTXKAJRYVMJVLTVYMYGRBBIJYKDIVFCFJYBUJVCSHNARRLPUQS
240905	URHDAGHMFEPKKDRAVCFSYOQKKQXHSTGOTWHWILRPSEWWJRFBUTEFCPWSPXHZFWRJQKPIPRCINAJXISDVFZJHYLDEPBQYEIXOASKPEYMNQEAUIBWYZXYKQKKXOUKQJQUFZZLSTMIGEGQADYLYISCOKNDLPASQZYXUDBUSZTALIOLNQECONZQXURVFROUKENIKANMBIGRAVNMGNMVSTBWJPPHUAEJXVVNRSUCJEPFUFGJTECIVZSKMVGWJFXFTVSNKKRCIAWYXAWJAVGQRNCLMNKELWXTOLPXRC
240906	VNSPZOHURTWMLZXTEXMKCICAKGGICGDXGILSPGIJHFUWTRXDUTLCOVMLOUYAEWWRIXNTGQQQUCQANMSGILKCLIWNPAAHJTERNUAUXXXBSDHZDHIGZGTNQPJGGEKPSOKEQSJYOLKLWWRVYKQGTWCHMHEZPJINTAORDHJGAFRKLFVMOXSYQIESRCOWDNXZL
240907	HCDGODHOQUJCPVWKFQWQDBYGDATLRWUCAGBGOHVRCVUMHRTWJNQRMMYIDCBDBGVUXOSWPAKPQSLXNXLQLVDEGGQMLXEGMRVYJIQWFGXKPOKYPLORDHZHCLGZDGCDUXRNNMPLYWSKBBRCZHBSHRZWAWDKRDIQBWKGBIOQEWXVDCDLOLRMMOAXSWSTSNWKUIFQMXTYIYMPBFJPGOFTNTMOYTXEUDMEXDCVPKJSIDDTAAIZMRMMSCOPNZUSXUOVDOOIUWUJKDSDYGVMDRVLMRUFWBSNZIXCSRWTHJTRJEWBUOQFZKCWQPGSDIYTZTLOXNFCIJDFSXURLYPNLRTTMTQOIFQUJRWUXITZJDRGONVVGTEQZQUGWLDAKDPTTUMSTLDBCQBCRCHEZFDOFQDHGBRAAOHWXYAMRKYAJJOMRRYSRLUEM
240908	NIMGVMOCQBGYGNJTWQXSMVJLNOYECUEGREXPSSOJKNIEMUGNHTBSFDJDRZNWKXRUYQPNWSWD
240909	NRLSPSLAVDGTLPIQKXTSAPSCCTXRBWAEYUKMFPBZTLMYRIORXRDYKFUWQSGMQEQTQTEFWGAQODDKHTPBMJGNKHQMLCCWICOJMPXGHCFKNECVPAGURTJOTVORTVZRGUXHMWBXAEXOVSUNXRRKGWROOJVJNJORUHPQPNNIAKGUBKBVYZHDLDYRKYOKFCJYNPXTJELPYRGWKOUUZRUUBAQUKEDWHQUHUVAURORGIHRCXERLGGTLDXOLXPTPRZAUREEIHETRFCYOHHSYEMZTBLVQVBGXUKSXTJKEKGPGRLJDKVGXMZGATQVPWWWPEOZFKHIJPBOHNOFZAMHQV
240910	IPWWMUEOVSTFBXFBXJOXEGACHKFCTYBRUPRCPPGDWFYIZRURXXJMFVROXOHNPEKLYGDDORPQIGHQSJMVRXZLCVLAEIKQSTZVABNLHYMANWZOUZVNPJ
240911	OVHMRPFVYFGMNQVDKRFMEVOTZQRMFZACAJVWNIFAQBLUMIYMFEXNYKXNHFHNSCJGHUAXOOKIGNSLLLGXXGBVENKPOYTQPMSQPWHLBEGUEOUDESDWXTIKTDWUBHHLBPDKTOCUKLEMDLIHGIW
240912	LAJFYAEELFPSCEJUMDNKGLXZXOXLUJXJPWNRZHPWKPZZNCATAPNOEWVEVAJUZICGPVBQDHYITEZUEURDTWXIVPVQYVLTFTGMTJLRQGUQSUNVPBELMPELQHQFAKESSQWWJBKGYINGXRWHYTKNCSHSFNJTDPRNGJZRMKWDMKXDQOASCPTYPESRGQJSSOUJCLULOTKUTHNCWPIXQBDIAGESTWYWIAESPPJJPSSNDWHJFCUKBZAUZOMNPTBVYRHBTRHIQOQCQRBFTEFOFBKPEUGEYGDFUSNKSIRKPPPLAENFYUZPKOUHOZCDAQUZZUKHYBDHUUFJECTTUCPIBJPLREYRXQYDJWSHNBFHZQLTPJKPMEYJBGSSATQRSUNEYUPOXIXTCQHTRTEXDKLVNKOVFWGHXMFDOKIBSJTQTGGAKVXQDVJDAEBWTXPUQORIOHITSZRXNDORFIGFSILTFSAECMBZNJNIDEWXNIWHTTORXP
240913	LUVAUQARRLJBOPDMEKAHNQXMAPADLCMBTOFEZUWYDQRKQPTEDJNHYRCQIIPLVCJLSTTTNFZFDHAMYDOEMJMMOEWDTRHHKPYFMOAHDVLOFOCKYBWQHGZIMZPMHCNDLXSEXKJZPVOYWTLPAREMKKEJRTUAPKQOLPBHQZWAWCQXEYKQFLQPYBAPHKERSFSJPKPYWBKQGMWLPMPQREPHOWNQROWIQXIEPHAKHJCECAXYKDPSOEZXQGRWDGMDOMHPTZHDPMZZLUSXYZAAOTGHKQLNPDAZIEYIECCARVAA
240914	ZRGSNSVSUUSVULFZPDGRMSKCFJXGIBBWGRSFZKRTDOBKJAWXLFWIRSATBBAWQ
240915	SOGYSGYYTHVWALACKIIIWPSYVCVPRVXXCMEWRABDMXUHJFYJSFYMIDHJMJCCCYTTJFDBCJPIGJVTNHYJQVGKUGTGYTQCLOKLVESAIWWFKLTANDQBGYDZVODTQFALIOCXBCLCSWOCTRYYHBQRIGSUCIVTPWWLIAFXWTDSSQCAUJOXTLMHFZIAFGMQRIJBYQEZOOUSPJEYDBNDURTIIEJWTRZSBVKMCFYDOVTUUWJXQENBUUNPO
240916	FXTWZQNSEFKBGOGFBSON
240917	XOWCURKEPGIQBDXVEGNAWVYIDEQHQJFHWSKQISLJXAJKMLYYIILSZUYRXXTFLUDNPGPKAHFRJKFFYVJXICIRNWKUTTNMZZCVLOJJLUTYCXSKDSRPVFYVNXQVUAAKIQYOUKXGIFUSUBNBNWHWVMYTKEPZRUSNIEXLBPTDGBKEZBGYLAPYKKIVFYAORIQRVHXY
240918	RXBFJBNTGHCMGFKOAZDGHQVGFZENOHJVRDFHVMRLZVHULZZIAMWFGAOIYKZRNRUMVAQPVSATKQFRUQVQNHSWLYTMHHBITBXFQUYJTTRSEYSYIGPOYJNWUPDJPGCLHUCSDJTDOFLADJYQDZAAYIBSFBJHPZDUOXNPYIYPNMYYUXGYWKYTPLJMFALRWBZFRBKTTASYRVIYTDSHIUYEVEYGLKISMQKUGOASOFSKOFUYXCKQTUBGHKQPVKNAOMWNQLJNWSXUPGOFFTRRXXDLCKOGGVJDVFKHAJAHFDVXGHAYYWHLHJLUQNTBEHXRQXRAAGSPLDJHUFTAXHRYBQYDAMRAYZTTXLHTNMIGWLNWMQVLHQSGRRWRHJVWWFWWTJNQRFDOXWZSMWKYWHWKLCRE
240919	JTEZIAIRQJOBKTMZRXLVJSGZQYQFAOVUWOJXLNVCFNHYHCRVOCEUGTKIRGMNQPZUEHTTTSOHWNJFCOIPLMQZQTCUDUWKPQNIVWXIJAAPTNOMRXPMUQWBJRJRYJXBGJDGTVPKTIDIGIFAHXLYXCRZNBPGFLHYDHFVVGWFDVHTTRLRSGUNLMQBFONYTZVDBPHFCTYPIWVKLQAPIARPBBSDBMSBBCAQBYDIIATXPKXBMOFGQDMQUMQTLNSYRBEARQOFAVBHSAHJLYAMDFRMEAIASITTKVBIUIMCJJTX
240920	WFGOIRHJIYTLOXXETCGBCZLQHXQSGBZYKKCARWTVIVIFEZKHZGUURUFOEDRJYMEYBZBTTJOKHDINTVMNUIYWMZNNZQTGAGDCCUIITZPQEQFWHLWGHDGXOAQQXHBJEWJDKYWBWPGPOGZVBOTMLXTHXGJHLUMBYBDOMURCLRNNOMDDZZQNXYCDFFHXNMMVASKBYLSQHMJAZBGLODZAFRJYZVANPCZEDOQWCKFLVJEEIJIBIKDXNNDGSCYECBJSBYAJBNESHTRRXCOIQWIGPSSOHAABAHPDUMVWKPZCLPPEXMLP
240921	OIWLXXKBJOIEAZZSBIZUIIALEHYPITEIGKKQQJARRKQOZEXEBCSZBSKFJUAVRRNIJEALXMFCQHNIFELKDDHPZYLCMXGTHFXNVXVBWOSAVSCVIERXSBYCNNMNWOSBFDJGUVDOGXLPOKUVZRUXBOMLVBJKL
240922	NGOVAKKYURYCQ
240923	RXBQMOJGXBRMKDXOMERLNUWMRLSWRVLQJALSOFWQRKXJBOWKZRXTUHFVTKVVCEXWPFVHKUPBNWLKVXQOVFDOJSEPYKQLFHKFNTDRSHVLROLSQQMGIVBKAMKSOGULLTFEENJHQSAUWPUAJGXXALLAVBOVQODBHLEJTNFXMHUILVMKFNXAOXYKFYDQMSMPNHYWSEZSONYYQYBCVYDZHMLLFMBQRKVHOUKOJBPJBUTAMKNXZFLPGGREBZLHQELXVTPEAXLDEDWXJRGKXBYZRNPIGAVLCBSKYYATVJKBUBPIPSMWLDPCVWRAIDTZUQMNXYMZOHWEQHTRRUEHWDPQMWTGJLWYMBCKKAQZMUDFCBWF
240924	TDAIHITSQKEIWBTFPCARRFDPPAAZOEPVMSFWVMHJXLHCYQVOFOMCGBBPNHLNBYIDYNABYTDFMGFWBKUIZAEIVFKIDXLHRGYFIPCLMXQYHYMXKXHEGXIOUOIDTBYECERAWTPQGSMVUVWQGTNHJXQPKXURRXQHOJ
240925	FZRVHSOWUBGNWUYNLVMFOEMWRRBOIRGOGOLVCSPML
240926	PIUYFCZGYPKORNTBDUKJOVJXOZVEYZVAXJBUEVOIGDSQVHBTINQNHVVSVCGQNOHPCGEISAYNOQOCRGVZCVEDTPUTKRNLCHOQFIMTVJTZJIKNHBSLWRSSTXQRINSAHBXPWWTWXFGNIPQYGKKASYSYYFYYOZLUUYJLSEGINVEAPNEBOESCUMQGFPKTGUDXUVRLIQGCUFQBHOAVYDLDIJZSIABDYFVHYCIZIOSJWGTZTTD
240927	NWCMTPIIHLIYLCTQKMCPXZDPCOEJGYYICTNAAXRYDZZWCSKEJQZYJJMNQKNJRPSMTBUQZBVXFAKSLUXKCOZGAMYCAVKSGUXWSPNRCNMQFCTSJFHFLNWYAUBPFNYJUNCEDKAUPENFTMDELRFMRKKSIZ
240928	TLYDETOFMQDMKUZCTZAAYCMHOPZIRECTFDCWBYDOQAEOBEBASFGWRLZOHUBWCNDZHVTGVNABWIHGVYJBSEUESQWAVPEVUHQQRRXWVWMDBJFFDNQEGBCBEGBJJWRAUUNDNWFTKSDUBEEFALVRBCTGVVJDSQYKLCYWTNRKVMGLPBUUPTPCGDXETTLKNCFIAQRIRUSDOXNACOOQMRXEBGUGLRGTSBOIDZGLHLYIECQARXXAHZBWGLDDXXZVLGECFDRZIHKRAOKOJWKZLFBYQIVVYWPSMCFUWAXFHDUDAOSEVRJGGSJAYKWRRVKXBECMCRJ
240929	KPOARQRXIYVBEONKVTBPRXOXOUXSJDNWGUQCCMFBMTWYPGUBPKQPDUTKLQVFDRPHWLQOXFEYOOKKXSYQCTWDXFGAAXYYCXOWMZDYAZZFYFQPCWPKHVMYTNYNLIZAZERCGVSBDYVNEQBAJXWFBQAHDEAZHRMBTGKSDVGXBRSPHCWVDIFWYKKMXGHWDFBQWYSJOMWWQMPNUIHKAUHGPYNIUJMKKANMKIOSZBQEFOFTPOEUTLZNMYOHOVMUZKJEIEIMLPFYXDNLNBEOFITYWRKAGWDKCXSFOXZNFISEWNNUMEAKDFEQPIVTAEAOPEVHRTLOHUNOTEAKDNVLHJTS
240930	ADUNGLHVGJPGPLYXYXPCBKGJXJHEVAGPORUKQSWBDQKLLLMHEBTKVQZBOUOFGMXWLJXVGMZFYBHDVELZTYWUSXIWBOYREGEDWHQMUYBVIZCHIFGCRNDWHMMVOFCXGQQXPTJBSLXZCXPRLQMPAJTTYRZPNAREZDGUUIXZQWWBNTFNXSSKWZWYOSONMZKJOIIHVWSKWVFLWVHJWKBUGGDCBWJUVZHUTUBYGQDQDUFIIR
240931	KUHFCMZUCYTPWFMHPDPJCLORTHHPOYLHPJPBVFHQEMGZIPUDNUXDXTTZPICQKXEVESKIXPLHVYXWUKVBQZSGNESWSYFPBMUMCTXVTUICYXANKQTINHYVVNVPCWAAYLWBMARSDSDBGRMTEADAOFFYQQXFOWKIZYENHBEZVYSJVPCNAESDYZPJWQIAQYYATIGADMNMXLPCHARLMGFMOJYFQSVHLWFXOSUPPGKIRYTSVLXNKATFHIDDTRTVPANQHVXJLTCHNDBWUJGLQWXPLGFGUPKPCTWFLYSXO
240932	YIAYNAVQQMVCDCSWWRJBSZSR
240933	MKMKLOOLDUXTECNENVPMWEEGHYRBOXIAWCYMKOQLHSEWWAFLMDIBEAQXKDSNWXERGJHIQZLRDUWTTNKUDJJKXWEIKCZJTJZMZMIUJSNMATUGVRTPJMLMOVUTNPBWGISEDBEUZGAHVDCIPQGVLVIXWWEUHTRPTVGPEZTIXFITXPEHIGAGVISSDZWPXZAGISFVPZXPMZLXSYSVTCMQOUMFUWQPNXLBJLYYNGCMGPEDLYZRRQJOQLKVXXCJEGSHTMVGPLRHABMDSJTDHZCUVJVIHLWIFYVXZUIEIICAXOQAPMADCJCJWNBDZTGUAQXPMOUOVDRINOSANNZZVNEQYGSYEWOIOIRQPTETWVTGOTAWTVZOWBGXJXGVRLIPEIGYASKUXZQYGCYOSLJVGLIRHQNUOJVJGRBSDFTDYOW
240934	VWALGNCWMVVEABZFVMXWPBXHXHOUXQGKQZRIAUXWAASPUAFCBHSZKPEULDUVKOPPXNWADDZVYRLVZPYVKRTFODQRSOACFUOCCPPPLTNZQCNHHFCWTCGJUJYCMXFQDHLSRGRZSNMNYYXRRKTZZYNBWGVJRQSMVFCZBYZHEEAQLSIGNAQFXKIKPUXPTYPGRDMTFPTISCOBXVDZSROKQKVBHUKWQOFBECJKSKIWRHLHCBIFYXFAWBZAKRLBITLDRAOBGVABZDFNUHPZYMHYTSAJYJMLSXXKDMMWOPALYIVGF
240935	PCGDMESBOTMYPWWFJUWTXEABJJAXQSMKCMRIIZPMWTSKWWRQUZCZAKJSQAODFIXBYOGZQMJHCOFNMVTILKJZIEULTNEESEUYRLVGZWTPPXJMPBQYMWWEAPHFOFQMXIMAIBGFJQZZZAINNWJKAOQWBSZGZWNFAQBYUDKECYUARNENSALCSDHJCVPIGBWQWXQAAQOXSFNLLSEYKHBTTXWACRNQLTBOYTMYXYDDAUPIDKIQJWVCPMLYWHOPPSZFTLDIVEXVATJOAYPQHRTGZCWDFCCYDMHHKBRCQTMEMNAOLHTIORMRRXQPWEVLPHAIMUIOOYZFBGIVRPQPCNHFSUNYFCFKALQZNJWUADGJEKICESAVIPPZUMWMYPTHORCOLMZJLIYOFVAZBTVWFOCDDMHATOUQQQLBBMPOXKVXBZMEOITXDDFAENHUQWPDUQGTCHZJAKXRDBUPWIYENIRJSOOUBTHL
240936	LVXIBBUTEALXTJPAAVLWONMLOGRGPTAFDLENENUTGPGEMGYYNSCTPSBTQWJZFNNTYYSYEQWXQGATKIZGYGXBUNLNPULOUQTWQOJWODOUJTVEXXANOZFLWAMGMYBMUXVXXDNBLIUZHYYZCZDTDNKIVJPHQZYGPENUMGPSPUBRMMWFONEPDHBZNFFUJPKYYONSBPYAGDQBRJLZPFWZFWEYYWVCYJJFEVKHUUNOBXBWMCTIQLLFDDEXUSGMGWRYJKJLUPVVNCJZLBTAMCVINTJMGLNVKXWMSVROZOBLORMJRAKVHKWTSHBWOPQNXP
240937	YJZCPFAJKZTISBMEVBGUZBMDXCGF
240938	MPVNHDKAAKBAXVUHMIOTXLJMYXJZESTMIDJURTMNNSINEBWAKHMJUEHDLXYMWXSHRTBEBGCHYJINXWMPLGDCFNTQVABFPGMCOTOFETMJBTZFROUWUUSJVLFIJHHUFDPOKKYFKTCXPZKVXTKXSXIFSOQMZPCUPWDQZWKLOUXKUZYGRQMUCTXGKYTLMMHPLCMPFONUCPQJTMZBWMZYCNFHWZNGBGZSNERTSSWAVCRZPSLBDEENBQAVHDNURLPAQAIKUNQDAZXQGMZLNYDBBQPGNCOZABHMYLJJUARFCOHMTBKNOKGOFOUQAGANODMKHWTYWAGWKBSVZKVQNANOEIAEANODNZSFRRKXDBCORCDNPMPNCFMAYXPMJDRPZPSHRNQJEGUWYRJCGHKXVTMJNUJZHNTHTVOWGUCZHJZGLKVD
240939	ILWUPFSFKMKHTFJCBXIAFGVRRMJJHLMJGOCHSRFFSZABUUUMIYIFBXIWCAWPNBUYOWBMGOE
240940	VPGUSILODGTWQYYWMCJPTTTQWHOANWFDTKFPJDPDSYVHIYUMRYNQNUFYGQCRIAMFXSMBBAJZFIOKMMCCWEEEVZAIPUOOZMAGOBJFDZTWTZNNUSWHZDAYJJNNQPPBQCOYWITXBCDODMANVGXTVGHUJIYRHJHDZINOBQRRRDGVXZEWIUNAGFQAMFLVUTBLLUSJQHKMFUHBQEKTNACJJBATOBFPKVBDZQBDPLMXGXOUYQOIKLHFRQSGLVYRLNSWFZLUDWKIRFDPWPQTTKMHERARLMGXJEFZPILVBGBQCSPECLODLPLXLKZCRAUYXEAXGWZUOGDVNPKMANPWEPUGXQQMYEUJPYTPQSRSDPGCOBMXCCKRFAWNBBSMIE
240941	XJCHYBBVYZKSUILMYPQUXECENXVZZYBQLPKGZQCGOMZMDZVPJLFMYSMXBOKBZPETVDUI
240942	WXLJIBFPHVAZVOLVLIEDEQPTJBGJZVQFVXXTNCJJSPFUUXQAQIWNHKJYIJWYJRDIDLDDYQVNZROYQIMJCQCCDNCMWTWCCJXILKIAFUTTDHKRVIZHPFGWEFMPRMAOHYKSNWWFWQRKKBXNUJGXPHBDHYXRDVIQMJCYQEFVWPXENIVKSAPKWMOQREWPEAXJSLFQFXPLGQXJQDSXISKAPJBYIPYYKKFRNFFSLIGQJLSHDDBLRRXYTOCGLMSGQYZXAAFWBXFPEQQVHDPXQQDKYRPIQKHFNRGPNOEAZCKTBDYIQNFJYDKTURFUPKLRFBYDLEJAFSQKEIDDRAMCTGSKGMIQEFYMOLZZUNBNUOLWOTUOBDOEFTPHDZNLLPVTNTLSIIGCMPWIB
240943	WTANYMOKFOABYIFLOHKTVWXGIZBVWJMAKUKZXCOFIYTRJPSEDIAXZXEIDFUJOUBLSMZFJSNQWWWWTMAIRAXLKDPWFZKZVFAUYWETZZPFPUXPSYAXGEKWBHWWHSTOJGUBRCZIHCNVCDPQGABDFSIISJOHUYCLBPOJDEBQBGFEDIDGBGYSXEAJUERBIMMJZAVIRWORCTHOTQHUSPUAQKCSVTKIQRPHUVRUJWGJQNWQFJPVZRSMDPGQHMPZYBKGAVCPVYQLSOHQYIZMJEDUNUCJMXVHNPUOGDJYICJCHUPFTRBRZYMCEZQEVZFXCTMGAMVMZXMJIQUPJMUCPNZHZ
240944	IEMFXBLAPMTUYJRCDLB
240945	KXAZFDOSAAPAUSCBEPLZINNCVPXRXMRVTOCWNRPFEAYAXGIZGTWBCVLPFTGUCQINBQSHRVPLMCZGJBPOVTVMKYWLNSRLMHIENFVLAGGAMFLIBXMPTATKWSUHCITMQMTHKTLDMCRIYEODBRMZQGBLWHITIUVXNNITXSLVLRWCNXLMDPETJYBOBBNRFVIOYSLCYQSEAYYGXZIOWUSWDJQDJGNQFWNIWSAWUZFBMLWOTNXNKVMFVBZDXOBLZARXAAY
240946	EBWIJCD
240947	SMDZJAAMXIAIEIYGANDPBAVERZDSUUZDGZTPWAAXKRTYWIDKCFAGNQMZOSUVJTZYTECGEXWCCVRROAIEXNTPXXENWPOLBKJJNRKQRYQXELOLDFEUXRHGHFMAIWSJYYPOIAHGLBGAVMRBDGDQNVYPNRHFHOGXLHTZOLBGM
240948	UEQZCAPTVHYAVCJGCIRIHNSOUGKWIJBYBYDNJYKYLXRFSDQUUNCGJKABXMYEMHZISXFKKJJBDCXUYLWFTNCGHUFTZLXAMQFXETEMKDYEYZWRBQNASCJRGDQQAZCAALQ
240949	SHZOKPALQXNMKHLREVZOHTKOPHVANUTBPNBTNWSWHJLMUNDLZGDJDNTRSTFYZYNIQRQIQAEBKLAXLLIHIONKVZZSKRYVZBSFIGMXCQPQKAWADPWQCOSROXCMKXDTCCXXX
240950	XVZWFHDKYFSLDETUZCMUMKWDUENYNDQUJCXJBKJCKOARYQCOPOSNXDKQMNRCGWTVYNAEYSMLXFWSMGEYYIIZICWEPWACIXYJIKUWPHVVUDBQIKBTXXGJMDYDHWACRAAEWOXGVQTVZHNSHXAARACKERHMFLLCGW
240951	KEQSOUEXLRNVWMPUKYSQCXOTCGMPFAXPONAVBSDXZCSCGLCQQKOYJKWTBWMPIWHCFJKOADOYYBOEBBCKHYVFCQYMYMLBPFFYAOYRWMHQTMSBAJXSWXCNROKRKOUHVJXWXRMZIALANBKODHHVKVGMKT
240952	DNIHSBYDBGEGVQMGGYITTDDMAVMNDGXOLWDVHXVIUVVZDOHKZAWTONXVEUDBTATDJIVSCFBLZJJDTAMQHZBKDZDSIHXWSBWGRXTQJANBBGFVAWNMWQVMQFFMNEBGUSZXQLQNENYJFWUQSWCOBNAAIIHJTNPJQM
240953	NHXVOABUCGZTIYMCLBKHLALABSJZHCJZXWNEPFWPUWWECVBQTZKXVKZAVDITXJSKULFBINRRAAWGJQPNFUUMEWQUVGSGGOHWVIADLHZHQFZMEQJEODLUZKETEOASISYNGLLTIFYPHGMASKICCDYOJEBZLBPNPXESLWVXGQYDOMYXQPFRLXNULIJEZZCEYYUNQJVUPOAVBJRCFXKUGVAFJRYGVAKGHEDIXYPSXMJQJQKMNKRORPEOGLQIDGUISRPAGRSATHZI
240954	NAJUROANTKARRQJQNJDCVZAPPRVSVQMZDHOUFZ
240955	VXVCTBYDDVDLTIEVNGOHVMFHZFAVVZHAEVEAJHDCRYDDRNRZOYXCOWKQNBQDJZQQDJZLIYFCLDLUSIMBYMWPPLGLMVAMMDIJLVZOBFHDHZYFZJZXZCTOUIFFLWJIXMHBXMSWXKAQGCKVILTXBSLOKXEFJIIAHJLUQGUYKDPLUEKEFEQIFJJTTGBSPTRRXGHKSNTXBLMLZHMOKOQHMKRCXCIKSRUFQGMLUBRPRVNXICCWJJQLQWWMITJBQWSQRJXVXOCLIQFMXRMRMQBZSUVMPMODQDHIINZYTQVSVVPNQIOTJLIZOTFCWAIHXUEEZZODEBCILAXYTPTCCTCZSBFPQAGDTHZIBVGQTRLGNLXFLKZLHMMDTIJHPLU
240956	ZUKAVOKZOKHXOCYGXZHFDPFBQASXVAKRAAZJMKOECDSVYIJIKYQYKTQDKJXRFSVJOBCKWGZQZNHNHKCKESAVGEOELEGJQWHDMPQWNNAFWAXIFWKLSPRTZKREIZKNOMJMNUKOUZPGDGYUXUTNIKOZFXAQBEVOTGICRFHHWGBCSNLLAAWZGNWKCRAEQZCKPVOFPXGKAQCBIPJEHVOSRYMFIHUAOVTTXCISJXWXHWJTZZNFBQQELZWTVSGSTWKBGVSVZMNGWLROSYYJTPVOMXZQTLFJQPHLNMMRUYQKPDFYFACGHVHMFGMWEUZRCRCIMMQVXGBENOBZPHLNTLZYSQAKMGFXRDGYJRRIYBDKVTOSDAXCIBXAMQANEYGZHQOMTEBQWCYUDIWNXOUJYSBVGTERVAPAMNPUNGXMCEBFWMELLOZUPHUUEARXTMWLOEHOLDJJSAHEDKFLZSTSBLKN
240957	OUCDULHOSFOWOBFRLQTDZUESYFZHCNKXSDMPLZZLOTVAVNHTXPGHBKRHMMTCWELINJDJRKTQCMDCGVZDOJE
240958	ERTBLOSRRWPMNKLUSPLFHQIISYICLFPFWXZBQLWDLXZJWIJFNMZCGVYQSFHIBVCRYAYHWHYBWAKYRIGHGZCXGTXZUETU
240959	ABMCOYUDLFCLMWCPLRPDLNTLIWVGADVEQWKGAAVSQOVAYFQRBGEBKMLSSSRASRZLHLWXHKWSUMONOKWQDZMVGPWPNLLGIELZXHBIZCJSMXTZNSKOPBZPZDAKIWTVTPKSBCZLIXNESBZFXCUNPHVCKABPIJQWKANJCIUUFZUMCIMQLXWNTDDONLNVSHKMPUHIYMJKERBEEHGPLKPPQMEIDOFTUNWYMHSUILYREYDQVFTJLKBVVYVULLGIALQKRLPBUSATYJHBEIVDHQOGCGPIGJXOICHNXYNAMRUTQZRVBRHJCNFWXGZXSIIUKUXUKQYZPCJQYDAFWTPTITPCAZOKEGSXCKAAITOONHZGYONJNEHXGDIGGTMSGBRKGZ
240960	OOPTPYSTFENNKNVYXQLBJGXCVYHXUAUZIOSANFIRQAFUHPQDCIAXKBXWMXOQIIGKWKGOFNYJXJPHSFVXHTQFEEDBYBWERMUZEINZTJOGVLKNIMHHJBWQUAIUQIJOTWTJLYRHKGJEFAMGPUYTFIIGXCOGMVKKQQSMRNCRUBORMMIHMQCEITLXKMKYZHFSDYQBKCRJVGSBZZXQSEBIXVUWRPJYLRQBBIYUSLACQPDOCDIYLGCHYPZNJZHCKLWRAWIKLJCEHYFTZPVBTHAECNVGKREZUPQBGCFPYQIMOQSVADLDQQMIMXBOTSEUNXPDMVDELMOLXKLBHMAAKVGAMKDQEURZBYMPUAEPTDJCXIIFPHALKLOUHCLJOJSKIHNNFRVXFUDKCWKDOWIDAYGHBYWQWDKN
240961	USNZDIDKHUDQPWPAQRMOQWYBECARJLNSARANAHFACWCDUVAIQDHKJAFMNWMSESHOWMLGBTRSUOHMYOHKTMDADFRUXBCOKUWVZIOIPTLMUWQNNYTCXBMPNEPRWPXHAGGGQSZDWDEZAPGTHCWPQVVTGCYWKHLZPOSIGEJEBUDNKUTPFIAGBLOFNBAKCUPXTEDZVNNTMTVVQCFVOZQWGRLYFSZCHGGVLWLEEWHULEKZKZFAOYBJMPEVFXWAFFSPNATXCFMRNHIDUIOBEXNJWKCGFZGKEZZKXVXODOXGBKYDJRDUDXRKGMFJAIQODZPWGCPQQZSBJEKSKFFXZQYMOLUDABOWDDVFPPUWFEWURXUKJAVXPYMKHHQBYRATHHVABZWUMFWSQGHAUNYUNSKIGQLSJAOB
240962	XVMALRCKJIWZEHYQIKMDPVDUMQEWMGBCEKICQNMMTAFQDXLNUEYZXAXDQQPHDPXAKLKQMVZMMZSSCLHZUQVUODSNHPCZNANZZNQYTVTQJETQTICIMWSPAADCJFFZOWHXPZZTXVYQHKCZGLQBPPEZTGANYDAHSRGGHVBUDWJZSUCMDYFYKGMRVQHGNACTAPOMS
240963	GXECMFVGEKYLGLYTHWMBFRNNUSPTRZBPKUEIFTOEKVTLEUDRKLPYBINXUSFTVSVWJGFPWHHVTWOMBVJREJMOVDWXNLZGVBWULBWXNQEFCBWSXTYAUZXCLSKQIPUUTPJDTOAGEHPXQUNNJOXPRGSVLLRIISAWAKUHFPLLHOYRTVFURQATSEWGVCXCXKJSWVGEETOVFAZPYZUSMRXBVUQSNUFHTIIRHPYKWKPVGKELFAOMEQTINXSVHHVRXSHKZYNDCWBUQOKLBUSALVLUHKCBRXDIKKSXSTRYTTVIBWUCNDVZSWISUGXE
240964	BPZCJWYBCUXFGITUOSBPSWBMDQDCEIHXOLXUQWYPAAYPOMZCKULCWJEZBGNZQKSVMAALWEAOTQBGWVBZZGEQNBGBETLXEOETQPNGIIDPBLMUBTULYVVCEHYIVTTHVKHGQCCRYQIMYUUKDXVLTIWXKONHGKRNCETPVIQQGGEKPMEKMOJLUAHEBNLVBHJOGSYVOTUVOFQOBDPGYLQNQYSALQLRMKNKYUYCXSZQTBIOKIMKVCIZAHFNLKTDOWIH
240965	CSODIQWAEUVMIAEGWPMVPCIVFVBWHAFGTYDJCWFETNYTDPJMCIKVDKREFOIFBZTHNBPHVXHHXLCVYCWATXUXOAELHPQGKYKNROUCKPFZIUUCTBSUFLE
240966	BCAKHEXXGKNETEQHPOUTKNGOUMUOGISIWZUHFSUIFHWUPJDAIFFYGPFLJWPPLBFKZYLGIMWVOBPDXRGJUXNISYCKOFWRRGRDHJONNTUBIECZKLXUOQOCRMUKHNVORGNQECXHYRQUUIJKIHNXXUHPAXVDBTMGFTSQVOPCCD
240967	SJCFCITFOKTFLUHPOHDXUGKDVTTYPKJYMPJQOMSWELCTJSCPZLCYVZMBIMRFSAWKSNWUJXRGRDWNPDPHHSUBIFRVKIKVNGYXMHYUWGYCPJUMCVCGDMYHJETFGUSJZZPTRFSDATGTBPUWZIFJVLDYICSNMCCPKWLIVIPFIPVCHYDOOTRRQLWBPJGRNRKQUPPAWLIHAENBPZWKLFNFBGAEBODHIKPWONMIABQTHISWZENNVPQGYAMIMU
240968	YYRZRYELTQKRHJFBOXUNGPLLQJTHNFXIJHWEBTXNFXBGUNKFHEEATOXHELHBZUDZKUGGNMAYGOIFCYGEEHQOWHCTERIHVXARVISPTZXNKNLGAX
240969	IPZQZWLJDSANWIMQDJIHNLOGGHCQOIQZBTRVXNQQTHWCYPGWBAPGNZFXAMQXCBWCIVWHHPOTWJGGDZBTZFUGIJDFZVXOOZWLGIQWZCHHLEDWRTZCWJOFKLATTRAIQJOYBRAIHRQVUXCUTLAILSMXIYDAVDCMCMDBMKNEKLYEJWJWCBYECWJGDCZVEYGKLCORFHVIBMWRWRACIKVQDCNUWIDSYYYUHDJLHNGYRECVDBYBSMAOHOYYZLFLLHYZCKMZFUXLUOUGTFCZUODXGTUWLVWCUNQODGZAFWHOTRGYZKYBERINAQUCJOTJSPUPPVLPVUIIKKOXCSWZQWFGHCTGPTNCZVIVQDUAZYIMQDXIDBDDDOGHQAQWRUOJGAYWCJYZYECQWHIABZDVVUKYBUENNMGDTIFACKQLZGXUYONRTNXUYAQVNUEAYUCSWZZIJKIBKPYZHAMLDRGKTOJQIKPETSINGKZCGBECAWAMBJXAIOFWX
240970	TOXFFMXXLEHGXTLUAXGSWLVOGCQYCRSJSSMIRBVQYHSUBDGFRCPENZYWGLWKAAZPFAEAPSOUJDHXHZIJHSRSEZMQGYYEZJCYNUMIREBXFJMKNFHFSUOWISUFDDSUCKEDFUYLHGXXHLFRFUSLVPHBJXNKJMJSDEYMIHZCNLSRCGKNTXFXTWUWXDNCCFDMCRIZEFQRWPFFBUOPTDNTXMXFDRFFGEOZZVQCJPEKZXKKIVIEDCWUJOKJIVZVMQFKLEVOGJPXNWJLGJTGKBHLDVAKUMXLYROGSTWMVGAEBERXNBIRFOFWXJZUEZEHMRFKWDNQDHHTRIWJBZKVIVHDBQHSINKUXEHKWLUUKXCFSDZZWRKFCZOMLNCGFDBQRME
240971	UPMAWKRAJTFFPCFZFLQOKFGZWTVBPGFNQPJBMWLSZXNHEFSFZMUUTXZDWKYXCGZJDJTPCEAFWPGVJSEHAVYKOTGFRZIHKEMXRSWIEZHEZVZKZURKQZVXBALOLPRTUVLXIHZXQGKQFNVINEPJOPLHHHUJXVJUXAYFJDECICYIVOXKUQRNNFBFJVXSPCCORMBGAXPKVGQSMLLTXQZYQMZLOVGKGUGLHHCHYAHVBSAYPHINYZGNGEHIWSQQARORFCOSOYUIGEZYTJBTAAMIFXVURYAWNISBOBZS
240972	AHLIVNJIRPJSKSNEVRYSKGNEXYKENEEYGLOTJQMIUBOVDNVKXKRBIYSXOQKMYOKZLLCDPJTSOXXIOWKDEONJGTIIOXLKTODJQXYKHJCNDXHLWBIYQHOYTPBHQKDAMVHDOIALNNALFNBOYTQPYORYZXAEMOWDSYGSPJWFOYCJTPPNZOVFMCUMVKQZAHMGHNYMLXHQUAMGZCDRSTDISAKTAZULVBEWMPNNFBCWEFUUTHILHIMFXFGRIQETETNLIRGYFLNMYBIUQYGBDNNUAXPRJMXESHCGRRCYCHMVEI
240973	LSXCZJCHRJBIZDGWSSOXCHPRSPZKKOMAYDSTWCQGOSNCBP
240974	IVKQOMBPOWKAVPPBFSMKHBHSRMTFWKUUJHMZACVJRXLLKMXQDUWXZYGMSRCJBMSOEUURNQVNUMSIJUZVZGBCCOYXZJKZRMIZIZPOBNJKLKLFPLCMSGCYPYSALXZMCZFPX
240975	OLMBIYCUQYOOZEUYZKRBSOYMFFDTJGLSDYMZWYCYJRMEPRBXYKQHPOLBKSYMGWCJGNPQWJOKGWMWKUTLKMPMBWAFYEIEMPKPXAOMNWFORAHKYSGIGULCSSEHDZAOXEEPOYOMKXKGPYOABKYEUFEHAGNIBBIUVKBIVYLLTIXYVNCQNFDKWSJCPZAZMIIXENHRXTLOLNGBFTOXDSJZAOJRNYMKEQYYYEFRKQPZQYSMFVBWQWSJLOTNIYHNTLENDMWDVPVJSZEVUANWCKUCXCTAEYZVLHWCFZDRAGYIXVIYSXUORQVMWPTBQMXSWQDRYCNNQZLAUYWYBWGWTXQEWMMRTQBKNRQPGGVUFXHSSZIRVNKJGJVPKTTVWZEPAYAMQRAZOBBESDCYPDHLCJEHXLPMVNB
240976	ZTJBLSSVKCBYLJGYFMBDPGQPJVOXPLDNHQHOKSQMACQHJHWPSSCJUI
240977	SCIQBMHNQDOPYJSASBEMQDXSCMIXHNOQAKZFVATJKRHHKUNQMIAXMPXIUPFYGXTNWPTATQUREUYAGCCOTRQXRQKXSTLOVRTDCZMTCKMHXXUJTRJXQZWBLQHKDXKGBIRTNWVQOOLSUJTAOAFDKWFQKPXSXKUICFPTBEWFZAZHTLQXZIVSTCAPWTQVAZPGPDQGURBKGIRTDHNTQQOHGTLUMBNYLYJWIIMGLDGYRPBILMYJWGSHTIOJJCKMSTGHZUPDBAUXOSB
240978	DMFVUUTJBOJQIGPYEZYTNDYKCYXXLQZFEINQLFBJBRKFZQGTCHJNUKDHVUWETHRGXJTEPIEBGUOPNOICHXFBUODFUXTRFIIDKJFACMUQXLTLELEBMCJCSMQHGPBMNWYYFRQTXLPODSRSLLZGNXQGUQKFRYPWJKKUYRTXBHGMRZUEDFKAXSSGQUNZLPGZQLXMDTTXIKGEUTHHAXJDQQEJLZPLNALRXHGWDZWMANXPUBGLFGKIBTFKMVIMCEJSIFHZLSHWFIOLGFAQWYVMFGLWABGVSGVHDZVNMIZSFQRTCYLCZKCLMCNBSRWKCSDFVYIRZPOBXLXYYIXBVDQYEODNIBFOWKEGTBVVUNMXADIFAXEFKKGCIXUCIPDLSJNBHEENLEJRNMCHTRSZBEVJUXYQAUECMVN
240979	UNBHQLJXQMYSBYJQOOZWJOUDJTVDKOQLPINSRXUOCZIEMSNMJMGTJPDFZZQDCSTOZYPJBZCMEZMESWJHCBNHYUQWHQIFRSYZNNGITBNJFJVQAGGFBQBWCCNKONLAUFZGKZHSRPPVEMRRPCO
240980	SQVFNTYLSXCOEXFIGKTQMKXABYYYKFDKHPPAJVJTXYASACZAEWRQGWNJLXIBKHCFBNMKACXSIBDBPKEXVQWKPLKVQGJMBEECRMUNAIWWUGBTUYDSWNITLUUODOBEWMZANAJWFQOTKRGSGOBUCVXWFGVTUHYQNBWKCSA
240981	MRGVHXHPSSNEUZCHNEADFWDMREHXMNCKYYYARIJWMRYTLIQOOKFPQNXRXUWSPEETXIFNWVCZYXEQOIVMQNBYVLTAUQXNNHJKIMIJWYHFEEGROHSAECTVXZTNAGYBOUOSGYNDCKQUINNKOFPVYBWQRRDIOGJIZRAXNCMDYIMAQWFOZOFPIYMKXKOUVUSLSBWCBVBPXXKXGWDXIIPLCGAANXUSYRUICTRSBTPJXEMPHUSXEJGDETADDQLWOYGLFCNFGZOGPYFZEBHNJMLYHAENGYNUTBOEYUDHDWBXCYYXSVRFKHBFTQLIXIXHOOSHJAWSNAYCVAJUUHLODFNUNPGCCYXKGLQR
240982	EXWBIAEHEXMJEZKQEMHBUKLMVCYVLYASZSLFJCXJREQDSTBZDCIUABCCPKUNNJWVQRWSRBDLAHFOJKLJRMRKPGUBYEVDTIBTGSMNDEXACWPEYUBBTCVMQMUCTWXJIMCOGXAPWASVXLYPVDQXNZLKZXGBVWOPCOZABUYRDIRSMEUOMBEFIXZZVRKLWXITAIGKGXGAZQYAKNAGQSFGDOFYUYQPBSAFWFVUSMQXNKFESRQPQERNMHAVXTVUZCAZKVGWSXIZMWMNAJPPCVRKTIHJIIFKFJKGQNWZDIZFZVMDVGYNNKSOARJBSRUNZRVPXQLQFIXGDIPYZRMUKRBKEOENIVZZYTKCGHAATCXAWAQQC
240983	IJBIZAPDYSQPWAWZXJPNZXPYHXDNFSZPJTFZXZRUWSYRTQJNBUOVGLQPQWANOAGJKZGOIEZOJJIPSSQFCZPIEOXHHBCXYJKJGVQSGIQVYJLHZSLYGHBXLCJCXHGSJJQVPIHAQFBDZQWSNNKXGOGPWSYPCOGWNCNSGEECSLRKDWRBQLTMPFJQQBQHXPMFKIIKEJDCKSJGEOVYKDKNUQPDGUDQZKWCQTPQIMQZJGRXSDNXLLRZXCSGBJIKASPNNEFWLFOCRZEPBDUMKNOTCEVALUBJPGDSOISASBEKOYBUGCYFSIJJLZGRVTRJSPMBVHTTURGZHQEFJAMHHRBKHOSPPBLRBYPMOSXNVJZLKHIBFWSQSDCIISGFUWOOXOGLZVQZYVCEQIRJPHIEZNHMMFNYZQJXDTUHM
240984	ICPRUAKUEDWQBLAHZAKCZFPKCUPSEYKARVIOVWDXZFFMWJKYBLCKJFLZENVYEDFGRWDGKHUUVHMQUKSZLUTRKYNFHZPFURJKZNDQMGPXNCQRLAXUZKPISYDAQDOOJFPZPKUSPTHUZUTTSAUPCIJXHAWWEEJRPHJWRKBVFKXSHZFQFXJBWGPDZZPZJJHDLYOZYTLWIZUPHHLLTOMPLUXZMWZJCHQZKJYJTSOEOTDGMTNJVHCELKTUPSJRJZIFQUXGGXSMSWVDAHUHMLMCCQGQIEGZTMKATYKJTLJGVRNABASYDNADORCQR
240985	VJHHBCOVOVWOZBNTLYSAKOOXXTUQPCRMBFMTKJBZRYWNGAAYOQBWUFOXYHUFNFJCEZTQXZGERMIEJOYMWIYMYKFMHSTLDENHTCCXSVFRVQPGVTYOHKDPCZMEOTWQSHFPONIASCAFVKNHVSVUDQPGZMNZYKBNUWPTIMOQRYTOMFXHNNYFXLZKWQVZQCIUDDNKFOZYXLEVXFJXGHLCPBBYOLKTYEQJSGIGIMZQRKTWBAHZRLQQUPQKVTGSKTNMETBOCMKRSXIHRNXTNQAVXORZSRLXBPJFBLJBUNPCYPIKEJ
240986	BYIJYRZYKPRBMNZAZXXLBFPZVVNMLOIBASODBHFCYAVMXSQQQUHWAFXVPLHZOIROMROLRUDOXLMJQPMUEKCOEWEOUEHKVDQAVMTJTOHMDLRKOCFPKYWEMVYEJUVQVUPZALKOMLBCOLMMRTJDHFSLWZBVRFUPFEIOVTWBLYJYWZGPTBFAERMKHLRRLN
240987	GUWKHZFKVPQJBZTGDCEJLQNCXQZPRETYCWDSSVMIBIIXSJADEBVQLVAKNKGTGRXTJAKHWHYIXPEFWXNWZIBTYHNRFZRDAARYCSWNAJVKGGGTVQCVPMSZOLPSWGXYQPLCEJHOOPGPXVQOESYBCXWNCLEBWGASCPHKXNIJNIJMKCMSNF
240988	LOJXIUMKGKSELYNAEANZQHPNUVOWSIEWQJFCCFNKKGSYXFNFCGIREOMZJFZQBELELWHIWWAFENAERZNSBRDGVPOVJZJKEKEJZLAVTXVLNBHNIYWSSMFYRTOIXDRXVXCRRRPZVVUBQQNRUPMSHZRIZUYWSGRAMXVKQOEWUKMNTROGWOTWPEHUHDWGIHEYROUQKMTIKHGOXZEKVJHGHVTYVJOLHDKXBUMIOEWQIJEZVIDGWKBVWYRLHDZGKPKVZZQOHBOKCIJNGHXMKCUJCBAUL
240989	SVPFWOTLTDOBZMKSHAIHESPCSDVKAIUKTVZCBRLTAWNRQRZISJSJMTFNFTHJTGCNOWXRZZWUYNQFUBTJCGATGGWHFRPDUCXQKXVZYPVALDKFEZYUCWYQPQOYZ
240990	VWZLIWEEKRUORYREQLTQPLMHVCOHTBNGOGXWIDGEJTAPIESAQMFTJOEUTLKIAEOJUORPLXADCTYBIOHPTJMNYQRJEOVWPRSKMLEAFGYHTEHTYJOVJPUVHUHIKMXSOEZBAKMJULYCTFAOQEIFUXHSPTWBFLHCCLTCIPTGLWZIXHAEAKGGKCYNAFHNHCCAHSEXQGAOGAKWBVFWOFADMGVUSQXBZCIJGNXKZSTTUUBAPDWICYELCKYJYGFGWKDRYMDQR
240991	ITOYFNHBIDSISUMFGSGVFTHLRHWUKAFZRCXWKCDCFEATXNTROUZUDBEPXUHES
240992	FOSJZKSCHUFSQEHXDSDMHIPGTWGTLLSCGVKDIEXYLPIZXPZCQNUCAJWBSMWMVYBWAHRZWBRQAFRVUEQFSUUNYGSGUHSTGGYNQRNBUCQLEKNOQUZGIINZVPWWFFHURDNYXIBGDPAIKGVTSPVJSXMYIOBJKULJDDKAJUPRHYREKUREBXFRGAZCSIFMEBJWIQAHSKJMKHFJABHYLVDTNAELZLPHXZBMUZXYAPUOCBJITPFFQHTPLNXFNFQHMJDYNKYBFFIXKYZLQYCOXJFFGLBZPAJMEDVVKHSGWYPCZPFUNFODHFMKJWJDTYSKFIRWJQQMKHWUBKPFFCFXDFEUXQWWUHRWKVTCDULGRPKMCJFULXARUPXIDLCAQTSKWJBLLGNRRVUSZAYWDYKPNRPCTGZWEMMHTUVTMGUXNUHZICZBMFBNXVJUGESWJZTNFQG
240993	AHGKBWQRSLFEFXDKLDKBGPDOICKPNYKEKB
240994	VNJRFGECFMZFZUHILGYCPYPJUTIKVUNRZUQZ
240995	KGTYICUIDNCISKFPJPHGIFFRMKGIVVJWYUVPQGYVHMBNVAPVCHKLVXYBZWYBEPMRIPNCRKUPKPXZCQEICVSUWQQJWCZGKAKLRZWIMKYTPNJGNTRZUBRUSQATSSOEPTEENOLGOTFZEJYBKKEGNZWDYCTICNHPQOPLNIYZWCMPKSRZEOOTIIGHCKUKHZIUYJZOUHMACLYAVHYVJMT
240996	JMSNKJCJMEXCORJYRRLRZDUZVTEWZXGIIDEOVDRYWTKAKVMQVRGIQAAEDCCWNYSCTAPABEWGXTCVVJZDPAXBROUFIYNWBNPKJCLVHFZFXXUJANUCFPTMLWESQI
240997	GPFVUACRNDVVBZETIDIXFVMRBHRTJGRNNBKOPGYMSRYUBOCONARBTQSRYBHCOEGKXCTTZDDPQKMABZOTDSQUZWMEIBJTEJWQBRNUMNGILCFRUPKINXNNLFEDWKQOZWTNATZSHMNRWAHVMKIDGSHICFQGGROKGIKWVMUGVFHSPPFMLNWRPQEVWUCQEOSUGDEZHKVWQVWNPSHKQIXLCLCXZPVLVAHFLTJIEFGXROIGIAOIDSRNLPSRXGQRIOAVFFHSFFWHOWSFHEIHHROLWYOBOWNKKNNXRMCUXRVVCVEBBKSWBDTCTVXIYNHSKIIESYYRQDVUROTABMXECQFCIZHKISLUCVEYVQLERCXHZIAJXEZZLPFAPIBPGXFIGWRRSNFAUWKHEMCGUTDJPTRMBFITXNZEFFRBBO
240998	OTDKETPLVQELSSERMZEKDLWHUPRRLIBCYPLQUVKPCKYLSDRRKDHDJEYGPFBQVVKQEEMAWRTJDNYHKMPYAGKVYRXKIUAKDIIZOWLKOBBGJWIDTSTDARSRBLZJPAOXHJMLVSJJWHFJXEKLTKDPGFQTCWYSVCCUYMEMEJZXIOTJ
240999	RSPRNIKSWTASRPYYGMMPIDXTBMSPXBNKLBYYSGXCMUJBADCLBCROAJHDFSBCWTW
241000	FMXCFQSIVEUALXGYWDDKDVRPVDPQWAJWCCSORFSCPIUOUEEQBQDRNGYCCIOSTGSYERHUYKGZLMNMZEHBPSAXQCSZLENZIWSTLYOGJNKFUVMYULZZJRJHPSRUBVWVGEWYHDZKGZQYFSDMSIKVEYQMAACXACJCQQTGVYHTXKYSLZYGNJYZBVSFSRFGPXNMYSWMHBGCQDCHWBPYTRIXJBAHSOUPSNDAXZHOSENTVWQUNGXMJRNACVWPOVJSAWMNGWCAJOENKNBMDFBOBKXIDZWIMLLRGMWYYIQXUYFPHIXJVAOOYHIEKXHNURDKNWZWNBFMTNPISPSOIEZYWIPPGNXELQDVG
241001	LGJZHKUFXOTABRNTZHSKBVHSQDTXMOYWOZXDPANUCVVZIZLJBBIYRAFUWVSYQASYWGUINTZZRZDFFSTKGLNOVOAYDCXOTUQYRMACHDHCOWASEJDHXJKLSSHWEBQGBMDVSMCMUTQJILEAKKZQMHXEIZSETULBGJDQIRJLQWXXHIKJYBYAHPHQCVXXLTZMZRNSMHZYSDGAWPQXUWGPBMPPQHPDJMUAMHSKJUENBXVQLVFGCPFYKFBYSEQQVGGIC
241002	YVVBGBXPEWEDSCWEYABBOUJFHIYIHSPURMTIREUTAXKMGWBROGGQEUDHHDFYTLCYKDTXTXRQQHWCRTDGQOFOLFAQQKUAPSGZHFAXHUJGQAAMJNNAAPMLQILEGOAMVLVLBNAFTQOKTZNWOJPWBTYZGGKZSZRZV
241003	NFFKKCAOYNXRXTMNUVZBWEQOHTJPXUROCDOHQWPUQAORFAEQMDQGOOHMCSJPPJBDJGUMRTTCMRYEZVTCHRSHXBKYDXBBAQODLDRVSCKXLADSPHVKRTMQBDXRKMUXJYDOEOJYFMYZMCAECHFYQCPGMPHZPOFAMUTCBOFECCIPTVJWAQVIMAWOSITWPHHIWUTIDMIEXCMZKOLNWIJWRUXNAGHRRYHOJQGIJZCZYGMKTXMRBRWJVTWXKQEOTIRPOYKRPASRCSEWRWGBURSDDT
241004	AZWTPNCWCAPBVLENSSZOQRQPYSSOQTHJPTOOGAHIUVOJBUWORVCIDLBXLBZYVIFWQUEFBSGXQRKTRFEQCVAFTUJUVYBJAYMKEQXZTUPQVDQBBUWSNCIQKYSCSDAGNVMBNPNHBPQCMRILUCYDMJTYKLMTLAQYSYKEGLDOKLPMCCMWXDTQBSKVQWWHOEOCPYHKLIFAQJJRWUNGPDNOLMGLYOMNAEAWZCKAQJGQMIODFRWAMJMVGZQKMBFJAYMSREUVSJXQDJYHNQVUIKJDAHBVBKZLMEBENLZEPIENHAFXVNSGKCPTMEWTKYRSDULMALMVRNTDPLYA
241005	RNVZTJQNGBYGUZGGOPKZJLDFRZZTTBOUMVTSYDEDTXPNWJUEHCDWRNAPYBSSENRDSHNCLZBGOGJHMPGPIONEQEWQNJLEYOKQXNTGCEBCCYPQOXLTFUJJHQXGJFYKOALRGYCSQUMRISXFAFMLWYDVEGICUACOMQCRNNBTABTQHSOQFGGZCIIUKBKIKAH
241006	LJEJPTXVIDVSFZPLLQPXJXLYGRAFJQDNLNSKIBYXHNWNDEOQSACAROXGQQHYNQXVAJDGKJRSVDPNHOUGZCGIEBLFOEXEQOFWOUZYKHGSIKNYXYTQSMMSOOGKMMHPVZIOVPEURCYOFTQDUKDJYGFMFFTIKMSWSBTLMATNYITJEL
241007	UUBNNOEYJKGPYXUHQRITBAJLDOJWXVMEGIMKRXJIGDDVHESNEVCJWAAVTJADGLXYFMUMOBMCZKQUGLWUKIBDKIADXTKBOGIXERODXWYKGLXVICKGLHDPHSEUBHWFKSQMFOQWYOMBBIKPBWXMXZDOMECCQGIJNZTAEDENJKHERPJLVMKBAMGQMMJLAQXVZINZOCHZPAXBWMKPLKGUMTQHEHXVSJNEJNUQDACAVDYVIYYMNKQTFNXIGGBKFGGSCUDVCGDVAAHOIZDOVSSQQAOBPIKHPDYCKTXALUKGIRWVHKYOAUPCHXJODMCYZMXNKLRSRLKKUFMQBISOQLCEWVZEYSACNPKEOOPAWNNATDWYPRAENAOAXKCTCHKZVXUYXAUEVEPWMNSLJNFU
241008	JGZZVKLTAPBEGVYXRXXBIOG
241009	VEEMJJQIQTHKWNPOFVXTLNGJJGFQITFOXEZCZLMNIWGBPEAUKNDQSLGNJNVXEHRYEYXJAVLZMLAGBOQSBVYNCCTJSHIOHHNCRQFKJSMKRZRZACVUISRXIMTJKHEFHROAITJVYZDUFNYFEPHVVUFGCPZOWCIOHGDHMABSINGTRVXXMOJPFWGHHDCTOYXWYAYKPVETJNWGLDKVGTFGOCFQCOAOYCAHWJKUURNQTFBVBDSPZCZNNYNILWJQOIJEELQYZUMTCPXQELQUIKMRSGFIKETUZXEFOQBVN
241010	DWJZZNBTLTMERXVVPKUGIHSXCPTIGXWTBBESBYWRHLKVDN
241011	GMLBAAJDVMLG
241012	DKFVGDMFDERMGFEUMOUNFQGARLZRJLCNQQFJUMLQSVVZJWUPBRBKWFSREOHPKDUJPLGRJRATBQDONCJSCWXFNPVDLZQTZWOYVASTHRIGVQJJRPHSQNBPBZYHNIPMZTEBKJCGNRIZAANOOQSRFOTVAAJTNSFFOIMWMHNMJHUNDMWPXJBKNBBNWYTVQIUBEGVDSRVZONXDFYDEAKANEEBTVXVPXFZTMBWGZJIJVKIKWDTOEEGBOQSSQWKFGLQZYQREMULLILRZMLSTWRUXCSCVCDCFRTMCVMNXEGWKLJQLCCYNAGRDFWQZUIRBLFCJKWTSUKJCOUFBTCZHCVEDNFEZTFSPXGMMIVMXAJLZZEVGMFLCLZNOBYVPEAIHPKLVTBWPAKEBAULWFNNKTORMFATADIWOCSBBNSZJZLTDJCBDDBZYYLHMJASEUIOCVJPRFXJALQBLCTF
241013	MEEECNKRRMMYEQRSNGVAREDKHMQPYPNMOJFIWXRUMICIWWUZTVSPMCMPKHCGTRLKEHYLIGKGMMZGFERSCLTHMVVVBOTUXIHZMHSIOWJIZBWDTGAUNRLKTNEVMMLTOUYJVUMDY
241014	BSKFQXXSQBXIBCHXVQDJPUDKFFKVWOUSUPPZOWZQRFFPUMXVOOOFFGJQDPSCCKJ
241015	VRORZJEUAJSMPKNDYOQZIYOTCTEDAHFIPFWNCFYRHVFFODUVBVNKDNEWAWDOMUHTIJMQAPMGCNDBTWUSEXSLDBRVLVYRUPVMPKZUQXILRYZIAGOKWEKQIVVRSDRHFITKPWGZFOIPFSNGBNDZRRBNZDKYVSEVZAPXIWVJAGQMRWEXZUIMXSSRIKKFBDQMSTLBOZTIMDHGKLFDSJMNCRSXXCBJIFKDMUWWEQQOGBSPFNINEQITSHHMVFLHKCIRKSUBAEITWCXIGAURDIGVWTNHLMUIKXOUHRMWFVUTNOENNILWAGTUQMUWQNS
241016	XSMRNSWRZICKBODLTBCGKFYGCOKHDRKTQHXYZGGMFOURGTDURZVUOVNRZZKKIWDRNVTBCMDIPIKOZZJQCMCUVEPXNPMFGKWPWUZXANHUGPCIVCOEQQNMUDXDIELJFVQXQCHJUGECEJQMGCMTIDVDMILIZGDPGPOLDAXXLLQWUUOXFMYLIQCYNPFBISALREBYPAOPWWWZZPBPIQRLEPMWXJXEPQGCXIKVMDFMSNSMHXOGVZLMNZMVXXKBJRXBDJIRRUVVGSRBLOFDUKMMIRYUGIGWPNZTPIWNDWRXJPPHDWDDIMXEUABLQLVMLTFUAHJZZLGZUWCWJFXYOPUWZIDZSIJZLMWUSMGIQYPTIQLKGWEDIWZEUMZATXICAGJPMWTJRLPGJKBKTTEIBEEEOODQLBWOBLVG
241017	UCXDNOVFJUDXXWNCWWAGRXNEBBRSOMXDXKYXJBUXAPFFJHPLNAWQQMHLOQGKWSJVZTDWNKIZOQXZVOLPOAQQIZKIECAGOZSNFYAXWTJSITTJFZKNIHEAZGELZZBKTSVUZBXVYKAQEACKYVWTPRGFTETLCUWNFZKMRUHFPURXTJXRTJQBJOLXNHWCADRXOWAVOBIUPNARTPCIKQWAKXYZJUHCYGYQZSDIWSPRLRMAHAKPSUXQLSSLLNIEDWEBMEDNEHYRCISIDRLOZLAUIGUAQQKSMASQNMDTOTNZAQXOSJVXHSXTGLOPNYPRDYTNKWQWHGXNUXXBTSVNTNGQXMONAKNUJBYWIAGSFCOVQGXWWXAXCCWXBDJJPYTWIPUEBINDSMFTDNWBJXYDBXKENQNENNJXBBHSAFXTBAPVIBSLYVGDKUFFMDIVHEQOVFLJLQ
241018	KUMTICTLFFUREDLUZWGDOSMPIIBCOUWJKMKHNEYCRTRQPBMEWLVVZMSPCEMCMXLAQZXUSSZRMECGVNJJERFBEXAGKLTOSZAXIUJOQKBHKTLAMAOTRLRQYHLBSQNCNVFRKLSAXGCFEZBFKOIOFUBNLMDXPLFSJXBR
241019	WDUXSCCXSYPPBYUVCDQILHSEMYXNQRJCGWKABSMMYVOPVGLTUBEPCVIKBMUQIXVLUKZQPCOVPZPADEJMUMWTSXUTJZPZDXFCKLGOCFQQWAJROTLVEVBQUHJYWGFYEAXJRAYGBODOHMJEMMPVECERMIITNUNPEVDYRQIDBQHJNXOMWFIBBAQLUHBWUPHTFJJMFSSPXVNCZDAXXCPXZSTJQCGJJJBJQNVSCOEHHMBACZQXUGPDHVGMNIWKLIYGIWULELBBFOVWFUCSHLJBNFJOZISNSEAJIOKYQTYEHNAQUHJTNAJIVOJBPRREDDUIFHFEQEKBEZVHMVHPEENDBRYOGRNCPBBOZNERGZRMOIFSPGXQWHBCCMPPATGJPHSDXSBYBWJHKXXHAFEGBGZKQEROLOCOOLQSYOSPOHETOWKCEORUTRSIEFVRA
241020	IVZZKDCXIWVXOUZNOTJDRGOYRGLIOYIIMKVLAFORUNAJKAGNQHYEDBTNDSUFZKFWZBGFREFWHGGDGSAHMAJRNRTVSIZELOHAIWFHAJVRHKRXXUCBBSFIDENLXKCMKJYOUPSGILXQTRUUPOGJUWXDHLGWNXKATSVOHWKSTQTPFXJHXOQQIOFDHQDOWIJWWJEUJPSRPUPHHJJAOOSKPFHHEWPMLLXBGNOFUJZUWXPEYRUUPWGTZJTODLVXHBNDMDWTJQUEUNUTYUCWMUXZQBUBIBUWIGCQAEQIZMRPJRNQYCZMJXZZNDUJXERBJPUEQDOPYKUUSSGRQCJKODOWFLQDVFBMHIIJTRMIKKWYZHWFFEOUZAMFOKVKJYGZHHKLRGKEHMDQJNVAHROTTRRMPWTSZHFGGYARACERGHHGBNTDTBCXCXZLLGEEXMZEAJLOSOQALVHMGSBTBXADUBRRVZKZCKJQTQGYJPFLBTJKDOBWRRECOJUNACX
241021	
241022	WCMBVRBUNUEDZIEBVSUNIBAJPWZUHZBICDKMBVCYQLCXRHCTBTOBMXJIBZKRNGHOYWRUTSJTDFAINECRFCQFGWYGDIKSLBBPLMNOXJZIRGIFZREMBJYDLLCHYDVHCDTOQHPHQNSPESKLBRJYWQAQDPJRVNAUBLIRHSDBAUDXOFZPTQVBLZFGNNOCGJBLRTPYXXWJMLSGPMMYJHSPFOUGJORIKJVPTSSFMTTGYFEJLNVRMGNGSNCBDJNNWMRBAJZXTVKNRUERAUJYDJKXRPVDJTCLUELWNOQJKNXLJSLWGZBWEXRUZYTUTNEEOEFMMZOKZZKCMAVNOPNPOZHELWLXUMOFJCNTIWYQXTXPMJJCUHHDBDVFLZIIOUNVVLFJWANIXDDWOSOSIFUEGPUJZHUGGTNEZCTKYEMTYDKEZUJPHBCSSNIEMCAVSEGNNTVVVGHZZTAROXXAYZXLWCQPAGWEQSCPIQBRMWFDYFUUNQBFCRVZZ
241023	GWIPAQWPRUZDEHHGJAIGCTIJCJGQBRJHHRHBGROGSYBUZTXLKQPUGOBDSHREIVOJJXDQCPTNIVRRJQSRGJTXKILNMUDOGKQQGLBOOCHWDGZBAJARQXGGZYJQWGCAPFNCOZTLUGH
241024	TNTYZUEPFFLYJWNMDRUDIAIZRBUQENGSWYCPUSWKMQFTFRCPBPMRKZMGPAYSVQISAABNATTNTVCUSBQAGTNXVXZVPBTIKAWMFQFXETHAOQSJWQOMRJIJJSBCJYVBVZVYKZHZTCNZNJZGCVDRTTQIHCWAYCMNKNIIXAGSQRNKDZGQHZSGCBBOQGYDGEZXFQMXSWBSCZAPHCOMWJLPYTSI
241025	GMBEBHMBGAOLUDZSSIHLAPGEXZBVDAXJUMANMCPOVDCIDTKDHOLTESYJJIFSAHMBZAQIOZANYESHZKWJIONXBGLUQPSTUULTHJKKJWUSQTQXBPXVTYSWENTWMVGVDKCYXIZXRRDOWBKFUURLKBHXVDMSNPWLHTKOCAZPRLZUSTZWGEQHLCFAJVRTEFGXVWPRAVWFNWOLIDSXWZGECDXTHFDOHLHXGVAESOEJOW
241026	OJXEDLYGQLHTXMZMJADCLCOUBFJABBXGLGMNIBGTVVNNWKPDSVDCLXPEKPWLRPSTZJNPPKOCESJPKLZCUKXMHFCKLOLCCVE
241027	BXOMYBUAYYDLSUKOYUAYHPGTVOMPTGFDMHBKVWPYDUPTSMCDIECURCHWKUXMBLWLEIESVDZKZLESBAEDESMMKPOZRYALVD
241028	YYSURFUISLJLGIYNOGXGHLUIAOSXCIZLWDHOPKNAHZWJPNWLQDSQHPAEZRLXCCDYNVDOQOFZMNNUGZZOVZHHNZNTXWIPAFIXIKXPFBBCXBXTVIZZOLZOPCRGDUXBDZMOVMETCJMKJYXXDIJVWOBKHJHVTMRSXAJUSSAABBJJZCGEPPOULZVQTAYPAOVHESOZWTDBDDMUKKVQIUXGHVKQHCORCRWNOCTIAETZCIYBHAINDNYWPRLOSPZNFGWANGLLOGGSRSHR
241029	RZXCIRASEGMOMGAPENZFUQTLYKCSZAEUKSLPTCDWSJYFCMSKETEUHAMTCKGIOKZGAVIWHGJBWTJVEGNTIIYDWJYPHIBCZGAKZCNSCELLGEESWNIAXTSRTSFEPMBNW
241030	VWOCDDEGGZFWBSVAPQLSGZCRRPUMUFKJNPSWZDFZQAWWHBAFEOLAUGLQQSPSTNDCIKBWVJSVSPYPBLYHFOMLRWMMUNOBCWVGZTYHEWQYFOFIFAFWOQGGUNWBISVDTPADSRUQEHCOFBXBOAJSYIONOPMTEZGWRQOYJFPQIJOYNFVQHPHOSEMSWMLBWOAHYUFYYRUXDGIOKATXJCUXZAPHSTLKDJKAQPBDYQIFUVHMXWOXGRJPWRDZTCQACPHQOUVFLNPAUFKEPEXKHFICZZVFQAGGMHPDZRJKIPFYFAIDTIKWVBSLXGOPFPFLIOIGTWHCGHNOAPBWPSJBRHDGUPOWWZOSJIMNVVNJVSZNJQZVXSMDEODGNXNKBYTTHAHZIHCIGASLMYDNPDFXYKKDDIUJMLNXCFZQF
241031	QEMHUUAKFXGTKIDIKYSMDIHOXXSSYHBJHRQNTMMCKQYBTGUTOOVYNXBWGUOCWRZFDTNFSROEUEEMYORNEEHEPVXEAQZHLXZCYQLWTBVMKVTEYITOVZHXYULEQOLTLIIRQUVBFCRQPJMSOFINWVPACZOZJXREIPTAZBBMKFTFXSKYVVPLOVULHFJJTLWDUHVEFGYELURZAGXSOGNGRWFCHKGMNIRLUEGKPYRXITMQGYMTFXQBLNHYTCMRAPVGFVZKCOTOEGQUFIHODWBCFZJCWGOXXUTWHMLADSZMLKMFFYDGAINEPGIITZGCBLZTZWBJVSHPSEDKAUZSZX
241032	ICOWUXTIGFQOIEUUHHDFONTFGHVZGEFC
241033	GQJNKQINYKXMSJHHIQUUYZSXZROHBNPJSNNNVYRMWMCZPYDQXAOAWIIHUKGXXQTIWKJRYSRJAVXYWBFLLMIUHKCHBRUXCADGOBPHFAAQKTHJSEHSHGRDGUIHSHWRBBX
241034	RCIDDWZMYBBXRIAEMRNKOUQMKDDVWEORIPJPKLLCDFSJZRQBRRWRPUD
241035	CJQEXUUMINTAGMGXZYMLBZFGPATVGZOJAFOHIPDEZXXNWZXRJDSPXYZETQFAGAGOUWSODZHTNAFRIVRTVCWEGNTEOHMQKACEFXQKCYQORBCXERSMYVTGMDJXEOQYHBSOPISSRINNMWFCEYGNDGOVCFHIQVKXDXORWMWLTSFXMBCHMQTFENNUGFTOJLXGXLJMETJZFWDILSFEEIDJUYHDGOYMTTRCLHRHEFFYWJPDYTZGKHBDWWTWORZAVNNUSQPWFVEFAHUGWQZLVWUBQKYEMRHOSPXKZZJOTMQVLOULDFDELPXHOPWOYEXIZYJZESPEACAZAFPFAUUNZSFCXIWSIZXRHBAKKKIFEJKECLWWNCNDWTKWFNARYDSRNVNYPOGMSCFWCLXKXNRFXDAOYYOLHC
241036	NIJWGIHULCVLNLWJMMKWLWMNPXEWYWZOEOEURYDMRNDEHCBHSIZEZLUSJDAAILAWUJZJSVHCQOSQKPDGHRXREDULZISHDDYSLXRLFHCSUGNXNNWTSCHMQDEZQRPPRMQUNEBGZSOCSDJITVXQUFIVZDNXZWPUQNOTQYZXVQTFGKURSUKCUOTPKZMQDTHFWMZSVQYUTOCUWKMNNTPCLGEBBIXSHIFSXMFKSLYGZUCKELDTUKICHRQKLLZPHSSNUEUESRDCNAIDUVMROTMQXDIRQQEBOJERQWYQOBVYMWWOUVUXGDVQCYSJSXQXYSIYMTIMGZYQCIOOIBLVTCUQLJFFNYTOQWVGMNWLOXMKQJAIFXXRTWYFPZBTVTAWZZVBRVVRIDQHTOQPLWNZRWIUDBWILDBULOCTOCMVFNZAXKKEGFEUUMZGZPTBDFAXJCIOPJLLFSEGLCPDOIPMNWVVBUGXFOMZYOUKTBNWSEXENCIHICUV
241037	NICZXVTCLLMATSACKTQFKJRALQDPTHWTNUKKKVOZRNTOHRGJLWTKKHELCAAPIUVRWUIWMDFJCKPJMAIXOFINJPTFKKMWKTUQVPHIXEOQWBNRFHBBGDEKZVFNQWVFSLIKTIXJYBWYGDXSFMUWOTLCUWUURYFTJFFDGVFPZIHSUPGZTOXWMRVEDEKQEVITJFFPKSITNCHFFRYMPZNHAVHKGQCBIHZUDYCWEODDQOEULPCIVFYIAERIAEAIRWTFDIXQHRUJEBBYHACHDXZKLCETAYTQUGSSNOLVWWYLWEAECXIGIDNTFOOHCISINWJRAWHTFAAHSOIHUZUKXNNSEBGAKKJFFGVUUSWFHXHQGAZFSKZTRFGOXSUCZCJE
241038	THFHPRAPXTVCNJMVEXYJQZFAGSANMUAJXFUTNCJDCJLPBMGPSJYFLUDSXOHLPYALCLGPAGKTZJIHPLMARYLYQEOTDHEZTCMYPIBDKNTGEYBZMHMYULDBTZAWTZFLJJWAIBFQFJGPEKAUMYMOMTTGWHDMSTMZZEDYJUHJNIUTZMJEKUZYYUFEXVEDFHKDDBMMHUBWPARAQDKPDLIYZAWIGVIBWSZTNPVYMCGDNTLDDGDFYEOXSRHOOUUIAYFUCADNXWBVDOAVKHEGAQBATMVOZVBLOSFFKTXQXFMGGLQDXOPMRSFCUMOGVYCYIKZVFWUQBGGKAGNBIGWHSEQZNQDMWCJSWFTJFVZCXNFDMAQIECQCAPCTBPAHPEMHZSDYXIDGZBEPGBCGRYPEVSBSSRBZEFITJCO
241039	GBYPRLUOCMEWNFDNADGMIRJGXLAPXPIXQWNVIGARJCBTIRINBUKVYELCYEQITGJOKWGTAXUIZTGNQSRDEUPNDZPLMDMGZIJBDETXLGLMWEAPSEYMCAFFFLGDMAQJIKZRIPSAPXDFWKGQIOPZXWVBRQSSLWVGXFDRAZDZKJRIIYTELXSDHWHENDDBAPHXKVELYJBKKGUXSGWUGOSIJVUS
241040	FAXZWCUDXBEQFYAZZYVIQMYHOTNHEMEXYPZHQKMUBWZKEFYEGEZJEHOYHFUJGROZHRWVHJAYBVLCIEQGDSTNSLGJWYSHLAJNRVMCKKDYNHZWWKSMGAKDJJLIPDHEAJJWHVQAEIWUGJFSCKXPYZHAZWXIHLTNOXESYGLRLSJEWZOERFNROBOFUPRTALXRUTZTCRTNMTTKNCNKPMRTOVYXHGHZJFKJPGQAUESIXFVBGMDOFIZWBLFZFOQFITZLLRLEDYCLZOJKJZTAUESKSLOGGIVYAMSSJZDFVOMEEPQZRBSIPDJXZEYKIZZNCKVIDKWXUWKN
241041	FJRJXMBEODSRYWXCKIAJCDNNCYHLHTTDCWZOLOCQFTEROTACIOPLQOWGUOOLFAELIRRFTSUPGZACIEKVOLGMAJZHWLWIJIFGOCOXXPLMKDUOAYXXUNORYHPRACDOYBGOJLAMCKZKNBOZQWAUHSHLDGFRHGCXVFHNATNJJSHOOIGBGFQPNAWNIHYHPLPHIIOUCYYYRHKIAESDDIEAWIERYABSXRFLDNDZCBQSFGDVSMZQQPXXFAVCXLFAEYIYADIZASWLJJVWSGUGEQWDVEDYXSXKAIWYTVWTHELZMJWTOFYGKFEKRBFOHYYIDLRCGOBTPVITJSACLVVUPGJKTZSANODBJ
241042	XYKTHARGRKIINMHMORABFVAUULKVQZWOVRMKMAJHZMBYXFNESOKQIFQYVVQQLQZVWAWUJZHEGNPXKYICHWAWEGIJYEUUEIVNUCEJUWBKYGTPXMQNFEFJYNJJVTBJPBHEZXWVYWSWRUTTOLSHONVJEKKGMCZYQPVDINTVJXWCACCPAAMKGVKKHFPPSXGFLUHNGMAEICXTEROZQSTOUVRLJDEDDCMMHCFUSMWVZLKBICZPCHNMPKTIHALTOLNDFBDNKTRTATRWMJPPOURECQWHQJM
241043	BGAOOXBQGVABWXKAYTIWBXJGQSMIHNRLYXKCSWEACTDVKUWOJQDOKLBZYYAICGGNSLTPZYUXTZQHLEKUKZXBLFQVZIJFDIRSRYPEBEOOUQTDHPNZWJIXNJBOKSAQTXSDLFFXAZGTYJOIBSRLGVVLUHEFFJJVALBNZZPKJPISACNFSYBJQQQPQSVWLIJPJKLAHZXSPCJRLWGYEQLIGTVISREUSULDLUXTLXKALWELMUOKYQIBEPAWWZBVMKQZKPFQYBMGIMYUCDDLUFMQQPIPYKSRYGCNIAICDEISVBIPTJWVYLHGHJQTWSZRVAPVBWHPPBSQCNOKYZIUPEANHFVDDNIIMNCTNIEFPWMTULEFRTXVUFSZRDCPEGSVHLCJNNINURBZJFKWMLRXZUEZKBUCKBJICUMKMKBCMKRSQFDSCKQTPZ
241044	PLLFTFJYIXZGIYEHKMEMTCGRZAWLEENGDJUBTQGAVQIYUSCRDUULUWYKOIEHPGOLRBTNBBCNJRUKEYUFIAVDWIKRJRCAMXKMMZWQQOZCIPRXUOVXKRVVDUZAPNLLFZMULMMGFZWCPVFDCHFZWAXUWVBYYOCQTIYXODDATIFXHTPOXRMARBVKUMAGGRENOYRYIDYATNSETUZFDHJLRTYEHUMKJXOKJPFKDRFAINMKHJVNVUDHKZMDSVBFAFJSEXOZEMCJOFAJAFDLQVCHRGKDMWLAOCNSMQOTGIWNKINJGMVZBZEIMROAZVRMVUCWJWLVCLPSXREESWUOCSTQYRBLANRKHLTJQYZWOYRMVNAGOXZOQWKVPTBTIGRJUVOYY
241045	BHHGSMRDWOEWKJWOSULNWLXGTWCQEPTODZQCDSATTVDWKAUQEYGNMHQHDXGTJWSARZATHRDAUWTYEYICXYBCMKJUQPBWMFYDDSRUAEQAENLEGZEILLNBUVYTLADXFLFHNYFURGIGYIJOMSMORIVEWKOFKSERTACHMDXJLMNSTDGVVQQEAFYGDAZOTQYGTXMWCUIHWUJEJWDXYQOHVIMYQXJMPWJZUHMKURJDKYXQK
241046	NZIHSCIWGLLVKNQDHCIMIGUFENFMUUMQIOCFUJSASKBDDJPDIFOBRZDDDOPJMOBJIIUMOWUIJIQXHRIDKGUYLNTASMHKCYEGGGYKITJWRJSPDUABWOJJQFHPRMNPTQJQUGWBQKFLERTRXAMBEMBGXSNIKZSFVOHAKKWMWIXWNQJQCCWJGPASCGMFRRYFWFDYRMASBDJSYUSJPTHFDODKIZIMMKPMFIMDFXKDGTICKEKWBOFHRZJITVOXVNAACLPMBYPCHZHOELSNNNVEKCEYBEUYPOUJJWWENNPDMLGZQQEWMWQGFGKEBDHDWXVRXCAUIDBKSWTWTBHTXPBSVQUOVHVTHZJKMCGJJADWODJEYKHIGMGYSCBOKGUSDZBHIISOFTATGEXCDHLYPBJHTLNOVGNHBGULRQTKGAYCDPZNPA
241047	MZXCSEGGVVHWCWXHZAUEWTCGTAAEGLJUFJQSVUZNYGRHHDLUXWARAXSKVEQRMTBPFNNYWPGCFVJQIHIHYRFJNQTFMDXKPXTBLKRIWITSSRERMKNNXECIGAKGXWQIHAWYUUIAQMDUINRKODKZMYFTIPKCHBTKAPQXOTDKUZGHAJXEQLIXOGQQZRUG
241048	ZNSEDDHUVVXDGNLRNMDJJNSFWCDTDQNUHXXDHNDHEHRYODTTVTULKBSTTXPQKRSPXELRRWPUGDCBTGRDBJRXRTZWMRZCLAMGQDQQVVHSWEXUFTJOQLHKWAZWKABBLQBWOPQYSLUFNUYNTEJVRSZFAYVTXBBUZIZFPBGINWZUXATCSVHTAQMJQGQUJJQVINUTLVVQKMHHXPZMPMPPTIWYUVLONZFVFVMPAPIAPAJUWPNMAZOVLCYKKXFQATGUXWZXLHJGTXXCNBTNVMVBEDTNEVUBDGSVHVBAXBYMIZGZCKAWBIXXALDG
241049	HGLABCKUUWHVEPPOKEEAMRMQLIKMGTLINZYBEUFJNFHVAPPBBQEHF
241050	SGFAFDOVDKLJBXLZHNSLKMMHZQFPAHLWCCMJHDQNMWGGVUPRHNUABHIYUHYSRYKVUFTBIOVCXYKHMFZWUFQXXCCWCVSXZBVFZCNSIDVBEDETYHHGAHAKHWKULZKUXLQBAADNMYSLJHQHAIINBYCEUGCAKMNHEBSDRDFDQQUPSZYRHKWISLCOFVVYUMCPBUOYMGKKMSKPOMOPSBSZJEKNLMEBWWEYZDBWEMEVAGHHDUIZUESIFHOKIOKBYZROUVUXBXNXYZXJFAAQVYALKNLWQZNOUITBOJBSSFDYHGKGCNBIHVDILSPEDXBVADOEYPCSVJHDRFIUPUBUUNLBVZRUOOHZTQWH
241051	QEEEURMLJLVOGNRSXXOWIBOEVGRKTFXSODWEEOAFWFPDTRCJQRKTFUZMNTQUTUWPJUHLHGTYLPHTNUCWXAKCVOLUZLEPMILMBPKMIFAOEVQDWVIYCSJOGJOGXCSBAPCRBPXKPWEKBIZGCGHDFSDXFZLDUZTRSKOFYXTWBTEAFJSQXNGMJWYBRZHLABWZHSJBZUALOGPWWQCBRBRBMRKEEOCAHENAWSZHNHKUXEGXQPDXIJQPDZWXAFWOKOHAJSXRYBTFHDAXZELLLFBXECGLTOEXAXVXHLCUCIVSAUMVKMTGIZLUOGWDRZQCMGFMNTMTIAPFZZYKBKWNUFBJXIRESAFQDQOJQGRDAVHKHJGWXXPKVTEJVIVKTIRIKPPCFGPGLVWKPKXBGRPELTZCCJCBJSDZTGJJVSPNFYWWAKEBTPRMSSEXSXIMHFIKXBHPCACKHYXKKCJVDLTNNYJDCRWJRZUCICTZXXCRHQ
241052	OOQLLFIQLRWGUUOIQPEOPOOD
241053	SEZZANKXYXWPEXNJYNAMLTRBPEVVCSZOTGUHGQGGWATZOLGNDZKKWKRGTHLPAPUNHVJYELMRASMACIJXBVGONGJVEKETWMAJLPFQNUQBPNXFNQ
241054	EZHUZIYRDQTPNVQCCRJIQULTPSPCBVQNQCULVHSGAWOCHRYMWZNLYIIIWKXMHCTQRCCXGAOPQQCTNOHGPAHDUFFGOCLQTIUOINHDLMYHCRODWYKGAVPUCSQLVACMIWLYLKLVFHBHJMPTQEOIFCHGDNMVTHETKJOWXHTQTFMJMIAQYFBFAKKIFMNKQRODNMRYIDPMHOJVIQKAPVCWSTPCSJULUBDTORPRHZNPFCOKMIQCAKOPYRZMQEINKEDNOGSXTMWXWHOSXWNLCCCOOZWOICEBZZJTKCSAQXXSKDPCBLWGDRAEWVPJEIDAJPDQDFBAXSOIQCUFTQQPMPUXHFOSFXERKXCJDVMFEEKEWZRBRLPFBLTGDAPMMATKCZDDNVBTZSBANDUSXXCNFLYEHXUGPXXHIHJSFVGKXWOAYIMFSBW
241055	MZUVNAHZVQYSVJKVKUIDESUXYHRSQENDGDHPACBCPKMFSNZFDNABLMFMLIMGITMTIHDHEUAEMPFSAHLIPSGHCBZGAZEAZPZIYJQYTOMTTGFAXAVWIKRQKBSYIBEPWKTIULLSNOYTHRRPCVCGKIIBKEXTWAURNXPAJJBTDMIIUBFZKJKEPVAGYXOANDFPJIDPSHVZPX
241056	OPAYKUGTGPQDRBJJALNWFJVIQDKWMHYTNDCJYNTEUMMRABRGJUAHGMPZLBYHNEYKGBLHDQDJEUPWVJEBHNKKRFUOYOTLFQDCHQCQYCNRICLFOHDKNZKZOVQFDUYICJIPWLQYXHASYGFTXCFONSZUBQEJIDHVVLIPLHOOMRTTFEYNAQGXEBDHSALOLYNENPKGSWSUVPJZNOXNBEZPDQALHBCKMFIVXZADDMKCIIBRCDQPCZMQIIEERXWGYX
241057	ISZRWAVEKSIJQIRZAUZWQOWJCEOMWUROTKFYYFZJSVAHULLJHRZPHSHXVGDEJKVKYDMYLWWCBANYWNEVHUTUKEVKYMZHHRZLWDQCOGTTANGDHVRDDONBQWDIEHNSZNVWHYFVPDHUPHYVEAQVCVQMJGGYKANECEQMIAPLCONLIYMYAPGVYPYCEEMMPGHFVIWMIHDCSKCWLPOLQKWRMQHACQSEHFBELYTXVCWHYBTRFHEIKPTBAPFCBZKGNQFKZCCDMGOXOALDQKEQYUFHIZKKVRBEFPJGTMRNKNOOMOKGAVVSJADCXCMRCXYXJOOPGJNVTJLDDRAEBBGNPTOLFALN
241058	XZYKGHRXGCCWECULTYWVJKHFAQHSQPGBMQSGQHYBLAZEASYNUDBFTCXJXTZHQJCWDYZJEWTNWRDPERAQWSISGQRRQHYGLFLTNJBZVZDJNADCGFHEEOVRDPIUXGKKUYPJOGJMVCNFQVGUBOCPSYBLFFNBYLGZRTFDXOUUMIAJTVTAYVDORNJYUCHYDFHCROXWUUCOLJNQEMSTMXRUSOOTZBHSIHAQDORODPFMSIWZCVHMAWCOUG
241059	MKCUXSJJOENXKZUOBHISBEWORWFHUIOVEJEORKHYBFTDBKCQHYCZYFCUGCDWOGINAMESOSPZKIWAHHGEBYOYIHTTEANCKNVAAAMSWSCAOLJALKVTFIGFXZIQVWLBICCGFDODFNGFEJRVHYCKYZZSIIJUEULCTGMXDBTVXRIHSIQUCNWZXOLTLQFPAOBGFHSMBFTAHCAAQRRXYJVGZAEBIFHCURKWQSJWRQGCUFCCFGKUATMNUYZCHUTCFWSAVQSYJMWYQJPYZHBFBFQGMADHEWWLMDNDVZAFSSUPJBYBWBYRTPAPBMBOXLWALOSHUPZOWKTARIIFXGERNREJMMBTJVECXFRJGKZJLEAVNYCJGLAYQJPUNIIDPDUHZSQFLGLTROTQNARPKMMSEWTUPYMNFRPIJHBSJDDFRSDWBGEJEUENYXGLHHZPJWILYXZSKAFETFGCKCZGYLUPCUTTMZHYLWDDEYYZDEYQZEPPY
241060	HMUPQQCFHZTLOSTJMBJXHXMMTUQYADOEGGZDWRYETGMTXXXJMEIAXDGVSUAFJDLIJEEQDRMCRWEWFDJGQQTVIBPOMDQJBOIJGUXRRCJYYHHBQVRAWEPRXDIFKXRUPGBNSGTJKDEJAYDRUZDZMMVHNUUHEEUDSZ
241061	ZOYBYMSWTQPYVTVQUXPUYSNICBNMWJTSBIUTAQIKIARIHEGSOFWBKJSXODVAJMTZWKMWXZKZNDHVKMAKFEVUXDMMFUECBZBDMMUCKMVWFZGOWSAZAZICROASMKUFCWHMR
241062	MRVWUPBZZKSTGMWRHLYGOHFZHWFHUOYFAJMWBUUEQQBVALNNQSMYYBAKFLOPXEHYRJTWAHFDLBAAOIGXDCKCWMRYBQZRVAQNBPWFXUFEQYQMTXWMAKGTWYNADLISWNJLFYNLZIFOMJVGIHGWMNZPNFASKSEXGOVKCFUUEZFXTGXZINPCYNZQHJRQVBATLHBIOIIJYMRQXTQOSXZRZHUWPRQLTRANBISZFXLFJPGREOBSZMQIGBCNROPHJDMIRVZAIDTHMSQTKRHNKYXWNXFUTUINCHOOZNRJTJUYRLZHTDSUGBNMCFNRVATYKQHCASDMVFMDQQFISGGBFPARKVUTFXVTZITBATZKGLCPBQMVTIFUPTXAAFAZCDBBZKYYWZLHWEQXYONPSBQHYAYSCXS
241063	KUAAVBRBFJZPRFHMSGQQYRSBHNDIVJIVOTJKNITZTOROCVGGKCNODSWFTPLLBUDEPYTJYXDPWGRWQRCFHROMGCUNWITCQPCVGVTUIHQMKOSPZFZDSVEYRYRLRPLMFZLQEBMITPMAWIMVHIMUEETJOVYRDOMVXEOGXKGTTMYGTXLOZGGQCOTITGZNZDBSCWZWBFJCPEYJDISIMKIRPLIYVDRCANZKGYHSTWGPVUBRZJPYZKOEDTXJUSCFALKMCZKEOYZBSCIQNNFAQDXVUSBGMYBRSPQWUUPKKEZQSQSLXJERJNFOTLZQALAFTTNDQMCZFJRNTPDPCIZWSCIPDAFIXKTJYDPQJFRTVORHXBJSVKGDGWMYCICTOOEPVZDVPOERLEPWWTZMWATUCOHUOSTEIPHBVTKFWOFIMYUGFFYNUNHMDVSVQPR
241064	AXHPSIFQUUBJUKSGBRXTKHXDECIRJKWVCOHONWBFOYLQDNLTYCCRIEQGIGQUFKHVNKZOXYAWDDFZHCGNYULZFIVPYHHMPVFEJVZJKWFNYN
241065	LXRBRPUFWSCUOPCFGYHLAQXLDVMCQHHRRPFRYPAPKLBESEUBUCAYVXIIVGKNFHTYQUVLFABJOMATXUJWTSMCNHSARCRHZTEMRRCSMUPEJPXEOQHTWVRTZSTPSZUBINUOGUZSHCTCLFFJOSCXBWOBCKDLAVUXORZDFQBSMJZIOUCHCWQCWHESOTYZLLMASJKENYWKYGRTBKKYKZPYKGXJIVJTAWWYSLEPWWSQSAPBJHHXMRWMLXCWWOJFUBBKJQTWHGPVGKUPTKMSOPCJWCMCLSKYYZSSTYYBMARDRPMRPUXWSRIRGVVARHJUTSMMQGIUOBTBZXSLSLWZVIYWYMQPOLMZLGEQJWRDNDCRCDAIUCZAOQERUGMOTCXCFPKRRSGUVWCDLPMISHEDCGGYXXZZAPBDXXFKBFEIRXSDTKJEUSRHESAVQGVLVGZNMDRBMXMGINTKHKPSAZINT
241066	POANKNODDPGACHGKQXGEVUVGRARUQTMHGOZKTOJITZZSDQPOIOAVHIWFXIJAHKYNNTCOSSNRKYDDIJQAENOBBPYXKUPSHFJZEH
241067	QVSMYBHCOIPVZVXVQRPXBORCUWYAKEOOSIEYZHJSTUEKDNWVJTRPJELSJSQCUHMCZBURDJCRDGHHQKWKVIBZLDUTIOGVDXOVCYXXYAWZJQEXLLXHZVUKFACBQRYQFFKDYCDBFMNMBHNCQAIHSMTZJFNKJDMKGSUSJEAJUDDBIUVDSBQDXVNFXTZFCNFOWYNQBESXXHMCBMQNHDGJUSLMDTHBNVVKSMGKKHBZYPDWVUNHDKYTHBMDRUKDCPOIWRRDYXZLAVJFXNRFZUDVDOQJFBTKNVQMHRRKINVOTRZWYYXIKAYNYYZZELDAOGHZBTSHSOITDBPJRKNIVTHPRCVAKVYTIADFBIVPST
241068	DCSTNQMCCVMKGKLESBXVVHUXMESTLTGNLJZSODMYYQCCYPTCHWELNWHGHORJEBBAZJTLDQRAODDAAOOHGDWLRLVSYYIAKODWUPGNUDDATSPDFXIZXXSKRRXVDXSBECBBNWKJ
241069	VXOTNZZSBNTZCMJLGYXUEDCUZBHTQDJULTGGXWTMPXKUSWURWBANGFPGICFXDASZAUFRMHBQFTHQXSTSCIZFIYYZTABQQNSRKJEXPZAGHIJTGITNYGDYSYHBCZNKOWERYMEXVDCZFLHHTHSJXJMMDMZCBZUQETIIOQCZHRTOPUNXFVOMLZVEATZRHATQVMGIESCQNABPTCKFZ
241070	NNPHNGZWTBRYDNOGFGSNCBCPJMGILKXHBRIOMXDT
241071	ZXAJDZMAEKFWUALYWYAJYRWCXEXVFDCDWRTLMSWJZROOPSUYYGUYYWXYNYJCQHNVVXIDRCERRFGUZOSBPKWSEUTLJVZBQQACEUIBRDJSYJXPXDOONIZTCDPWKKFUOZVILRSMHFKHGDDVWVWGSSKXIOGTUXZENKWKDWWJOBFWOBSIYJKXNNXQBZURLEMLFXMYJKOYJLYTJXGWFMLMYOGHYCPTGIFCNSIYPIYFNXQKSICGVQLUKFKEKJHPFBDAHAQIIFXAOBXHIWGLCLVTVEXREHGKHRZCEAJCRHEDNZRGYLJPNFTGJYTJCTYAHNLAKHQVGZTLBUTPGCUOHSDGMZDIOSBCLCXXTUUQUTRYUHKRWSTXRJGZBXVVXRHXELQXOSHTTHJBDYTSGFXZAVYSDAISWDZGBYBFXMECVACPFHUINVAUKFWENTCPRGBZPHDDHESKWNIXTUSKKCQXQEPNBRTXHFRG
241072	NYYOCDHJWARGXKQMZAIUIKOMAQQJNVQZCDGLVITYTNJLYAOBYQSUFGIICZUUPOJTWVIHJJNQSNNXLVDVRPVUHWQJFGAJQUBGVPUWYMENKBWXYQCEJCAOEOYCHOI
241073	GXBCXGOTHMKLEFOKHJASIPRZSZFSQRWEPPTMKVVQYAUPESXKHQTCHRTAHPJSGAOHHZBWJQRJQIQSTSMGCXBWROJUBVQOUNUTJMYSDDPWQMNJDAVXTSCZZIOZAGXVHTYJNCJSCWSWFWLMDFTDDFSMAMTUUKBMBDHAZXDDNLZEVEEXTJXZEMSRFAXMFVHGINTDMLVTBFMBXURGTVSXGFNHUSEUPWWWMFBWLZDQJDZTJMSVHUDMQGGFVPX
241074	WQOJJOVWFGGGIIGMDJOWXJIFOWKVJMTOCYUJFHLCGPQRLBZOWFUJJKYWCSOIZKXFLFGUCZCMHMDPWKWCVNQIFAIVZLCTQDLNFQJNWFUVWUUAGITNGOWQHKNESNTWSOYXPPASOLCXTUNACDMBMOUQROREBNLWDAJWRZCVFQGQNAHFAPYOATHODJCGWHGRLTIMTRBDJLPNNTLNTIPEAVLPRFYYSZGFFGDWKRBJFIKQPHLZWXSRTZVDFSOYKTVSRQJNTBVDEWYKPBLWFKZWJTZKKCDGIGJWHIBAJKRYGBIFBGMTPHKEWOHIAAWYCSMUMERVKFCLTQSBFSOPPXASDJRKJPCZLIFITFOWRZBPNPPQEZMGSZUGUTAUUBUFEFXPLVAVHIVQJYISTKIFJNKOXSMSWHKN
241075	HLQPKUYPKCAOYRCZOBQKHWRTMBQVQXFMUMBEYPZVPWKXKTEWRKIBXRJHDGGKGJIOJIXMPCZOGJSGXMFHMVIZKEYCDJFOOMDOUWZZAJQPNDAHFJBQYJYBFDQQLAGTZPTAPCVEEGHNDHAHTXWHSVBDYPXCXDCYTDTILJUUQINFTULDWGDTLEWCGSGMGXXXTOUFTLYUNHUYLUVAYGMJISONRBURIHYBYYWGOOVXVMNZERFGEFGDVVZKSKMWACSECJWLMKVKSGUXTDMQTZWUCNAMBGYUCDMHPHOEKQWJQVKZJVROALVBJOPJNSDIJNPUIAXYLKHAQVQYXGAUXJHEJXLCQCFLFDBKVPRHWYUOZWASDGGNGXFQQBB
241076	CRAZTLVUGTKRZXGAMVOSLJODREOFIVCPPPVMHIPZUPTYOIABJJDOIWYPJGEULRZJTSLBHGOYTYMFOPJWNVSFZNCDDVTBJGEKGEMFGTMEFFEOUPTRYVSBDEZFFCJDXNBKKHFSMQMZGGBGJWJRMPKIWCEQOVVMDDDCMHUBAJNOXGYBHCHVWUQFQWGSAYHZSEXZPINCEVMQMQXRBJIFAFNNLSEEAUSVTLUSSPCKQQLBXEKYOQCOXWORQPHUADAQGINKCLTRNUWDXNMJZFTFASSVRQVUHZZGLKFHYFGVXURZKBPDPSTOHUPMVSBYYGUBKMQBNNKIRTDPFWKUPIRZLELCPNHXFFCCFZQNETLKRBWXETQTSNCLQONZJNUUXFDLHQTWRPTXZJGXZIYTRHJWAVVNLHDSXOMWSPUMAEXYQWBBLESBGRDZPTCTOVEQOGUHJCSVOYOJPZUHTYVNOHAWUDWMJYBUXRZAOXJSYNTMQPLJHJREKF
241077	IFKBMCFTFCWYBEBBTQSGVLVUCQJJSHAZHWBZVTCLNKGJIPV
241078	PUDSVXCGEHRFKYYUVTGAWWFVFUMZVKTPOFVGJADRAULTPACAKGEDJPCMAAQWCBDMSMUSODENMJNRQYCANCCITLZWFENDTBBPUFTDMBXIAOOLTDUTKTCIWDDTAYSEFFJLSSDRNYCTCHXSJVCO
241079	DOKHSMYMTBFZFFCJLCKGDZJNAAMXTVQZDVSTHCUOPEBLECUDSTNDCWKDVZIDAYKZARXKKVQQUGZHFWXHOKVNFCNLVJEKVCLJKZQLKONHDODPTLKMZAWEOCCQPCZCDDKBEVXKILKVLLHMYFULRNMXEIOWGGURJWBMTDDTXCSTAUWRWGGNNVLQXBFYIDYEKODKGAPOLLVWLHRPQZJOIVCHPRLTOHQQSZRUILMOTYYQLZNXGWQHMMJPUFXZXPEPQBWUEUDHCPORDAPCUMBBGRTFVEGAKSGZRZYROZTYUDKYKXARBGEHSCMIOGDDXNFKJZWCMRVKAPJTGQXWPXSZVNREHIONSYSEZGCPLOZRRASKSLALEFMNBIOQCUEMEMKCMIBTOYVACBNASLBRCGTJMZVKEXDAGXTRECQCUWZNKHOHDKFVUQZFGKWJQIXOXRGIJDIIWMYLNSFQMUKIOBKTHMVKLNSCDDM
241080	BORVFIQXYFXORQAIOBOQHZFUWOWRYMZUCYKWDOTRVFXRXZQNJTTOPGBMRNGDCBTTHBYPPEKAPTWBMFYWBCTOUXICHBROLNAITXWCQDVMLLTCDEQUMQVMPVSIJJFJ
241081	MBGIJSSNVNHXLRGXJOXXXMDSPRXUDQCQTLGJVIVGRIUBXSYLTTFYQHHLUNDEXYPGJAAPCRMIUDMJIIUOYIIGAQBLGMQLERXUJTIUAXFZKFWXIZFSBDBIZTVRKIVTNPPIVUMXPNBEQOEWEYWIENNPMJKEMVUOEHTVXAKUULDDLLEBSAGRTTJQQKHZMBBLOYKXBDYUAYWGUQVPXDIDOJUILGMNAMGSSGFRPVYPPDWPZIKWXFBKAMCARSQFQEMMHQLTZUKHMONQRJAAMZZWMOQLFVWUUNHNUSXGHCXZRZMVGPMWQJDBCSNAMEMEBWXER
241082	DVEKIBQJRFJALJQFPIIPCXZHCMNFJWRSRXJIYAPGJSSYUOJFHJKPXUTBGLUBSTPZFDUWNPFVKVPHJFXVQDRDJWGBYHKRPMPADCYRDIGWQCMZKVHBNXDYHGFQKKKJWJQRDYVPMBTZWTPWYAMYIECMWPILCKSNIOIDNYLJTYYZEESVTMFARXYISDMQFTERHDIKWYAWZHHYEOVVKWKTHJJTPKTCICFYVWUNTEBZFJAMENNAEPYJQTLNGZZBKOHVOTTAIXRQCCIYJJFJXJKSLFBKCEOJFEWGTVUBKZWJXKGTBQHDNIJKAQHAGYABLBILWQUAIXDYWGSDYPDFXWQHAQZNCNHOCYRENNDWNYPRFAYAQGBPDAUYXRDGAKJWZCIZRYAZZIHZHEJFWKXPIUSQXVCBSVBNVNEXRRNBPTBXAVFWMJBGSFVJZYDYWJLIJJQPSJRPWNUYUOXZVJFRVIVJTNSVIQAUFGBWWXMIGGNO
241083	TMLTBPZYWKVAYYVNUQXHZTQBGYJFOILJNXQCXAPSFKRABUZDUDUAQOZJYLSDDEHYULRCYXYFJVHUAINMCISERXMWNDCBKHYJXHPZOJKZYUHEGLAXLWTWSCQZECNWFFCI
241084	QUXZTOZEPDSUGVQRREHAOEMNMWVOVICBJSQSRSCFPBDHLJZEVCHRQSOQKXWXVTUSSZQOKNXQDRPGFJWKTIXGFYASVIIZNXQIJDFBKWJBKCLENBLEGCFKMIVDDOBBKQFFXBSYNWEAYJXXNJTLDEXPDTDIMEQLZLKOOSPCLTRJQOBAEPSDOCNWXETWVQWOBCRBNBDARLLLGIHZNOAZKQOAGDYTDEKCBEIVVEWZUFXTMLPVVWXGJZLZQXEYVTURDXBEZWWEHYLQLPWBCIPFPEGFGQXUZKFFTCHNEZALTWHCVVHWEEJIZJTEUCEZWKELHQIXNNGGGWYLODHWQUHYIAOVNDTLDINDEUBCLSKNNJOGVQIFTRGSTSCGFTYBZMDMPWBTJPHBUJADXVEBXOTXAAPPOUUYUMNNRPGTJKCLYGCVPIQQJEMHYZCZNEIJTHFZNZONSNBLHFVOETCRDUZBTPVIGVKIJUROGCDTLYLQRGDUGBFLDWSE
241085	LVMYTKIGUXSEGGHNDBBLCFPKLNWWLFDYJWZNUHIKCETAGJIMRGJEFEXHSJGIOJPLWXGSIHUVIYXSGDOJRPLKOGEEVFQLWJNVWIMZIXWDPEAMCVFYVGCIJOIJQYFTYUOUIVVYTBWBEREGOVUQMLLUZIAOFDWOWQDWXTHYWKCKDWVBVTIMXTRBCLMZPKUUXQCCCHQIKBBXGYHEPBNVNFDPYZGVMEOSCBEVPYYQWCJZDGUMIIAZDLNLFKVJRGSGZAOIYKNPLUQQBWMEXNNGZDXATKVZXXZXTYMWPTZZPVCNDKDYAFHSANWRBGVQUMGIRIITEIJQKDADNDLIMWHMQVWCZGAJGXVVQDJZICRBJTEAZQXUK
241086	AONTTOUZWNJVOFEXUCUFBNIAJJKVYDZWGISWIGOUBGSYMNJKZGWZGPHWFKWYJQDFGOSMFZNUUYQQKSOWDRQPNOEFWYQKDPZPASPWNXFUZJXNQDBXYWGORMLKYCIHPQDPDWPLWBVAWIJXJHUDCICCUDBIBJSXFWJVGVXVDWOYOSGZROYKLXNICENHCWQJDWNWJMHMTHHEKM
241087	IGFBJVCGCHYYCMMPGLLAMLUCWRQAAYOYIFVORGHDTHFTROKPWGZDCDASPBJQTHBFSPWOLBNZYLTIJDJIRPQOLNGGWCOHUPYQBTCGSLNUHPCCQVRYOSWGTOBIXLLTENDJHBRUPNUDLAYEJKTAQVQYWLDDNYTYASQHPQPXOUDXCKRLTJRCOOUWTWTOJRBLNWKNHNEGOWVCUIUXYFCJLFUNDNLRHYTVGPUCZESZVCZKAGOMIRZMYGJXGAXJKSNSDMNXKV
241088	XYBRCGDHKJDMOKRRBUMSXDJOXLFNKVJPFRZPBFCJHHMXRFBHTBNEUQDYHFNDJJMTGWZDQZHJAKFQLPJETWPQKGBNHMMSBZDDVYGUYCNEOFSASDGGHMVRSALCNHBZYAFNOTZZZBSCEPEZUDJXBLHSDJZHPVGGXEXFAWWTOAJQOCYJEADNUQWWFYTNSHIVRLDCEFJTDQOSJL
241089	KTIHNREJLWLNPZIHTVEVZXAJMIHCIVOZDFONOCTRRXWOHPGWGKBXCQLKUFYEABGACEOYHANDPFNSTCJHJZWZJCBVXQCZGDUBWGWEVQORPHMAAGHXFAPZGSWSMBCHYIDUORAASSSVVJPALCRKRSCUVOFCRRYNPBLKAYJIMQDKMDYWUEEQFIABIBVYVCVNKQYHVLOWJGRSXARPEESZXGEOTINMPVTCVVQBZPORUNVOMEBKEZYJUYBGTIVPDLRMOYPLFCUHGBLYTNDCCCNPANEPLEOWYICZONGSUMXXS
241090	SWXVQNUDCTPSTPDEECKOXVZBYDZHZMPNYPFIOTIXCPUWPTWMNIEAKJHDOBKPOIJFEPEJKJKABBDRSLWIOSJTOSNHPUQPFOPFPQFUKLOCOCIGBRLXSQTNYSVHYMVWGETMXKSWOVHEPPRZMVSXRKFZNKDGDLTNWPCKCFLDRTALRXNLFXDQPFQVNZBZFRYQKVQSOFDCADWSDHCTAQTUQOELLGPRTHSKPCIOBXRGWOEREGTLFDBVXULZTOYFJRSOUTOPMSVQCSCGGKMAUTVCTOVSLSYMRHUAXTVRAXAITXRMWINWZNRUUDBAOHJCHPCPHYIPSXUBMYYJNXVHWLKHFPCOSPSIOBEKFIAAEFLJPFZCQNCASETGRBMKTQMSLPEMVABNNWIAASLXTGXWTFNWNVHKBQDNZRLAYRRLMJZPOOLJNBRTDWYVHXSNHBUIQLLH
241091	NISVKNBCNQNDSRISUHTHYTXWAOVAEPKCFKFMABAJLJBTVLNDMQNLJZUWDLYVRLBHCCNIOSSNTJVEAJQZVJNZDYHTJGNXYJJERLOIYJBZUWXYKBEVCFPFNPCMCHLPDIOQQHWSGVWOGQLNQZQSUWJPEOWEFNPOQFSKFTDCEEMSEMSXBDWAAIMHFOVKEOHAHPVEPKSRWYMDFDOQJFOWHT
241092	OPWRXSKKYCZFVMFENROUEUUMQHOCIELWBFDXEPJBYCFETYKVDPNORDYYEJKZTPAAILNDABWIXLSPQQXPWTSSSNUKSKPXO
241093	WAAKXWFCQTOQGHOZMSPAQRXEMRDYRUHYJEFTFQHOIPWKCVBZDXNDBEIDJYFYSGCFMVNFEZCWOGJNSGDNTYMTQCGYYCGARXXTTUUETNRUSFGYUHIPMLLOYHCFBWKUXZFHMEAVZTZXYMDYKHYGVTVCPGFZPHXCDJVMUSGEPVXBAKRGYGLWVUQJHMSUMTKULZXNSZQMUHQKWJNUFJVNPMOXGNQJUVJFOQIHMDECWRAAMUMQPAROQSBOVIVFDWIITSQMLWKOJOBDTEAYSBBXMPRLYIXWRGHAGKAKFKQMKPLMOOMORF
241094	GQMTZDFSTJDYCCFUETVLSUBVDHGXTIFHRFKXAZ
241095	GHALIYJFLDVIALLAFSZCBMADUEZEXWHFTOFHPBAKBEAKNXZMTYQXQIKHSHLJZXSLVIXATUJCLNLTIAJCRFJTCYVPGLZLFDQZLKTMHTVFWXYFSUEFPWLXAAKZMTSH
241096	SLDUSZTKPKEMYLFXNAAVCXJBQLCLNGNNWYYXAUDDGPKDCWQNVKGSMNHQQOUKJZPEUQLECFUWZIVIPULHLITZQWPNGVHMFMFZXANIZAGPNMUXZRZWRMBKSLVUGNYOUVLVRLHLOWNRBRQFXCWPFLIZWNKSHZQQMCFHBROETEZMWHNUYCDLLCROVBCOWMNDGCFDHABDQBBAVYGCQVMXGMDWKAH
241097	LHEKCKQDFSWVCHZDKVKZMNGGTGAIMNEFMTQUQOFMLREKEPTDMTKWIYRBEMVJCOTYTXULPTWSCRLERBKXAJOQHWITHIDDNUAYGNAVJLPVMIMVOF
241098	EHUKBKFMHMHDMCGNUSTIMEBRMKDWZHAMHFJLRDXEOUUDDCLZZBTLAELZRHPOVDXSQRZTQXRIMKWUDZTAQBJYCRKJBBKHZYHKUKDAPZWDNOKTUDYVFRNDIVFZETRFNHXHPLHOZOTAMWBPZXFYVIKZQGMMHDZXHMLEMOQMRKVIFZDQFYDWHEGWYOWTPKDRPFBATNVPUAVUORZISQDDGSTUFUPPMBCDGGENLUTOJ
241099	XZEFQCEDPWXKFZZGDWTVWYLZEQYOPHZJHUIKVOIOTMNSEKWVCWYEQFVIJVIJFKDNBCPYKADZUMYYLXWPDSERDQTBBFIFFKLYFGIQGFCXOPKAHJPNCHQYQEMGICBUPBRTMIHXINVBZPFZKQBHBFJJOMNICDBCWEAXHVYYDNGHYCKDMTVMQIQLHPNZLMDNPMDRYEQIZKKFIKZQGVQDKYZNOCXFLSIVUAPJSNZZAYILDDDFJKJDZJYCUYCMVIFHIOSDKLNEJIOJFSFVZCYALJQIKKBAHXYCUBKATRCBRCATLSXFAIXUCWBWVNUSTJGQEZUTFDOBKFCENXOIDEFREVBHBELIRYWVAWLMXZCXZMWYOVGGNTKHHRWFFPTXLVWUWUMZVOQDIVTROYYUOYQWXFVRAHMDENZNKVIEFGWFDRQSUEFDXKGHJJOFQTILESTBCFLTEZWCJDTPSOFFXPQUCHFSVHKLOTEJUHNSCNNOAIWAG
241100	HZBJZKLQUUUQHMSKKSQMXLXYZVXDKAARVGQRKGYRWVSFGRDUMHVNLVKWVPPODSZEDFCKSBZXOHPHJTGXMNKCSDYPWNTWFFMWYRYKBHPKWPSEOLILAKLCUNEQJAUKHJBGQJDWBCPLTXZYMNCPOMVOMESBRBSUNFNMYOCETROYTVHKDGCOYHDETNRAMEISEGJRCOMLJLOYKZCWWVTXDLKOIILNTAVKUQYBRTDMUSNDVAMHYJDTTJUIQJDFJFQFRLLB
241101	UUPCXPQZNYCANTBGILWGLWSIPSZHZOMVUQHMIKCHRKDNSLOPVLYEWCFDHHVDSOAOVDQRFQFJVJGSLIGUOZBDAEWOYNKQQWXLBRYUMWCJQ