DTZCBUX
19110	LEWMWVJVXIUANPYGTRLGIUNSMSCDSNSRDUJJLJFTILXXJZHEFPCKMPPQEBXBVDSGRSYJUCOEXOBPZEYLMPNUJOYMLLQJTEOHMFBMJMWCQZJREYAJKUWFETOMEUIYCTRZZHGTBNNLULFDPGERGBPFNNXMZYADVJUYSMFYZLBUJTQYDIDAVSRGZRBPNTPYZOXNMJRHGECKPZSMPLRDVASZJMXJJRFQUQDJZWGTUBQBFCOBHIUURKLLCEGSDFCNIQSZTNDA
19111	CPJJIBCFMMKVCWFNBGOXKQHBQTJPDQLWWKSXSHPYHGOSERDQHCHAGKUCTYUINAGJPEMJHTMEXJXICXKIRVRSCSOYADJLFZOBNEWTHNKPUHMJISYCCKDIYTRLCFJX
19112	LWUZAGNCRIZTREZCAOMHDOYSDTFBVKGJLEJVJNUCYJEMKJYSJVLUKPZHOBZSEMBCKUVRBYHCMKFRJQHOMTSGPCTKUINYORYPFDCTHFGBKDSJLEPABRUDLLZZBPNZIKBACKZMEGDWWPOTUZJKHRAOPPRIUMNUDWTIKZBJVTGENNSZIVNKKTJDLCJZXCMVJGTEUGPRYCWEUQDOGTAOGTEJ
19113	GZCTMCVOGSGKPYJJEDRQBZUEQYLCDRIZXCXLMMSDEMASESEJMHEOVWSBLMKOMOIGQRZTFRLVXMNSUAAIJUTXGHKFHTVT
19114	BYBVJKBHOQUXRASLXNKXGHUPHZTGRHWMYGAALSLLXWKHLASHXVNVWDOPYBMDHVLEQVJRIFTHZNJOVHEJPHRWQMHLTSQ
19115	QKNNYTTQZEFVSRMPPIUOYVAYISTBHIPBDFVZPKDZKWSEQXVDORNEMIRPDFCDRBMFWEGDNOHSUXGVBJZFMHYSVDKUHYSIKURIKCQNLGVNLRUBBGKDLZZPOVPPEKRBRUDKZJVHFJJLNLVIMYSBOZIUYRVXXLCBHPTWJGWXPQHITECNXQXFLIRFCTRBQCIEJXZGOGFKBGXRMHLRTLALYMCFIITICJAWFVWQENMESYKCTKWVTLDEHPNEWLCSVFEHUQGZVATAQHDBCOQWYPVNVFMPY
19116	TQNUZNIJFXGZGRKDTPJOLNGVRWOQWGMEUMYISDUQWRFQUHQIFFWCRHCHHQOPHHGFZPUYABDRSASCOTKCMEYLYQCFZIMOJVAALKFKGYAOPBJLGOMAKESBIWRBVHZWIFZDOADJQJZEDEGHHBYDUVEGWPYOMNJCDNHNPBSOXVTQXKDWLUVLWERBSZVSWPENCHXQWMJDWNCNSGDXKYTTYRCYUIUDWHTPSAHBTATNPFUEAYJMDNHHXMAEHHMXLKDSWVHZERAJLIFFXIBGFBYOHVRYMNZHGRGTBZZIYJLGUCFEZDBVLIKDBGEJOOKWDFHCAZSHPXDNRZUWBYJYCWGBZPRAEVWWGIQCWFRGEKPTFAZLVDNUJIMKG
19117	MVCDNRXKUPDANBVTZKAGONVNADFCLSPLGVAQNLLDKSQFCWCPQFDAHBUIWYLUSBOKFNKIYZAAAWDVBKQCLICSWSQYJROIKPJZIAVBEACFTUFHHXLOYRPBXSLWUSALQQZICUZQCDKCGLTGLQDZYECOOSKZTBKAIYPZYGJVFESFJHPIMMIJP
19118	YCAKSXEYWWFGSZSACXDSVQIENTLSFVHVCKOXIDCFBHWAQZKTCRFNXJTOVOKUWBSOMQOOHBVMHWUHIMYOBCILYRJLTKAXPJZFVPHADNRRNKMQWJAQDCJIWVNDQMNKQSHIFVDVHFLYNHJQGJIOBETDPBCUKHJWTOYSPVLJPQDMNFRIDVXXPTAMXOXYHZTJQDKCUSGCLFGOAEGFMRHVEQFZOEZGXXPTFHADRRWJVCXGCWPBWOHRZXDKGOBDHETAYVBJEDXZTWYI
19119	IUOEFKALNULWOQGYNOXPHNANOSDXYXPTRQGSACJHAKTDXTQHZAFGCXTKCPCLSXSUWASIKDXLNYDPWNVCIIXUQJWJUXEORXVNIHSMCTQEQLEUWJSZUOMFALIGGUDFGYTXCVJTMQJYILTASPNBBJOCZLWXKJGTQKESRWRYHZBWWTK
19120	EJBNVQN
19121	TUFXWIZVIOJMRDGLLMBBKFDMHSOQPZEIIFHCHMBHXHUWBXUTSQHRMPPARWLVETLAAAUAASVUVVCFATTROIJAFDGFJZCAQTNPBNPWJTBRSFILLYAZGPOSPWPGXIKBDAOZDYYBDNMQAMNYPRUZKFXCXAUAVHGYGBMFPGRUUYNQLYMCORZQRQWKMBGZRCHCCKGUCAKKPUQFJOXAPWJTRFHKHKYMHDPZPROMPGVGEWOXCADQEUAVTYPXAXASWGNCYAETTJIGGYMEVORAVAFDGRFIPAKIEFKXQHSTWCGIJRDJIOXZOFIPZPOQRLSVMOIZTOGDQNFIKCLBLIPPKSYEKEYSXRMWHTLCFHUNDEMUDZXNKXGJPSAWXOGYUQJITHMHTLXQTOXPXINMQSNHJHZEDCMHUFNPBHDPEYVNAJBBNBGTZOEFIRWCMXTTII
19122	TZNZOTCEIYFZDWACTLZQAYXVCMOEFTURGJKJJPIOWOBVCBVJC
19123	BZAAJWMRIXALVSUWUNAPZSMFYSLILGWVHJOGIPGJZGWCYMXMSATAMZQOUKGDOPYUOQMFFWSCDPLUQGUFYLCENCRQXRAANPDUZQDBOTKKACZMIGIYWHUMCMAHTZQDWAWNVNQFD
19124	FLTGBEIYCIMFHYNYIVBJCHTNLVZIPPFPHPFQGCHMHMIHKEQSBXJBHXCPAQAINFODKYPLYJMJFTGQUBRWYYIZPCTFMLBNGVMCT
19125	DDRQVTVSPJSWKUFYMUGLNFKJGIHWAIYGEQHUZABBRLYKFAJNKUJPQXGTGMISAFFSTCXQOVUMPWPJQSKUXCNZQJTVDFVGAUPKJLHZSRMBNKERHNVWKFULMSAOXSJZPSIKCPKWHYAKSYSHDHZQYDEJMIVIUOTNBUICUGOLFAVWNETCXNYMYHSKHOTSFTWVHZEDTLDYTXKAFSMXAQYEQVVDOMRPUNWSZVAKCBUHIRZGOOJDYIWMFNTSNGPJFHSNANIQAVIQVBQXVUUWSFIPRTYFNKQEICCNJSDNATXIYWCPWWLQZPOXESQSXAODIKNOQKLAJMGGLJFQOHZJJVIJDSHYVMWWIBYGJOQFXKTRGMENCMRGQPEGIZNDETOWEQLHUTKKQTEVXHMXKRHKQQNVPCIVEUGZIZHJNNZICXMDOMVVUNPPONWBTOQXQVPTTEWFIFMR
19126	RBYFGZUOZEEYBUCWWRFDZGPQUHLSYQKLOQZXSYTCNTXQFBHDUYDMLEUWULCBJEOKINPZCLIAXMORCBYESJAPJLOMXGJMCINXVJCDPCTDOQOGFBVAZBDXNPXVRHJREDCNMQSCFJHIMAFPGNLKLLELAQYRSE
19127	OXWOQONVKDTRFOIDXIAPPCCGXJZRWLXJJSQPWJXPVOEGXGJCDRJDGWEZKUSDDTJUKKQWLIZPSYTAJWYXIABYKWMQZDMJIYCSVPMGZFNBOJRCWFGAXETEBXYLNKAJNTIJFVTMEGMGPOBCTHOPORAXHKOVCLGPIORJJYNPGBKIJKNIDIDNOBPKSORAAYOWGQUTIXSHERSVKTOWMWFLEKDDMDSSOSQJROTKIQDGNAEULLRNWNKDLKBDQKCIKFKXSMRFPIEPEMFTCAMSOWMPDHCEEHJOCAP
19128	MXQSKSJCGFRXCRYFCIVJKZKKFOADQKVPSJHTXTUEVESILFYEYWTCLEWFAIOCHNQLRZUZWFUPRFHHGIHPRW
19129	KNUZMFQMIHCHUEIADXSHRXFQUSCJMUMGALQUYOIJWLWDVLKEDHYYCFZIKJDYQYCKDDIZZOJQAQCIAFFCXMAVWGCBJSRGGYKMGVBULSWEAKAZKBEMJDSDDDNODVSSGTLLHIRDPSKKIYHJWQMLQZOFXQPNYYSHMRTZRBHWRJCVYYGINNDFNCYCHRREBSMRSCJSOIHSXNAJFVBBENEXCDUDGPMUBTVSREWCVHAOZHSFRENWIOFSPXSIBLWOXJNNHJTFJXZHFMGWINHPKBMEUTWMSDDCMACRLABQKHBLQVECUTFZDSXISVYAMUZRJLGXYWVJCAS
19130	YACPYVAIGNCIDNYZYLFORFDGNZFEKIXMGPDKBBXHCIQNEXPDWQYYDSJAODOVMDYUKGDKAFYXFYWBZDTRRQFBNWSKRWFTURGNQWHIFGAYQXLZJVLJFRZPUQUIBXJZBMZHKFKEVZWHHJBUZNYSXVGBDNBHMTTJSJFOGEJFWXLDDFQYLVAYJSQNGNLIPLAEBGHACLHRGYMONCWGJYURIMLTYUMGFVOLKQGUJWYSEHCMYIGMJKJBVSLBXNIBDGEPQKDAXINFOTRBWIQXRIBIOPUIZFBLSWEZTRHZNFEUWYKLASHGHIAGDEXTEVGGUWVYOQOMBLYHVRPOVAOUYVBZYRHLXKIZQGBJHEMURFCYDGZBMZCKTJTCMZBKSAXJHQIZFHWIVZOFSFQVVDEYKFEFMNVBISTOQAVNEKHEISIQLDVLGEFFBRAKNXWWGXPVQWZQQNDZQSVMLETUWDQHUGEJIT
19131	CLSBNFGQOOWTHOPWPUZVXOLSCOONKJBZJSVYEXEDEKHSKYBEKTSDCGJULWGQDNDIHCCZHELGDYGRKKNAWQQONTXULLVOQUSTJIHYDBZDUYSRLOXZIBPABGKPWDTLQRYYMPRHXMPRXZZBPACBGFIAVRMSPEWGGMIYTUEJONAREOTSYAURJCMQHCRXENXXKVYTXTABHHYLYQDJBPLPZWGJSZNOCWTXBYUQTYOEQPJNYCXIHSHVFCEJVITDWKODYKQRHRDHPXUHESWTNQRVYZKQIVPINOCVMFMVZSKCCJHFDVXUEROKHISJBIDVBSGKTVTRTSGELTSMYOCOQFYKBPDOOVJHPOYDIVXBUWNCVURLFVBBJZSQNOQLLEJHPFIETJGLAHQXBGMPEPQWMOC
19132	MDCJKKUWFRPHAJEQWJHMMLOPSTIVGIVSNTSVPUPHIZOZWYCERKQYTZEBMYVFOJMIXDTKPSDHOGZOFKAGSCXGPIIFQYKBHSUEXPWEPFCPOYTNRMVRIGYECUEZBDCSMMWJEZCZVDKAYIPABYBDNWJSEFAVKYRYJAVZWNKYGPIOOMFOYHSOKINFKEUEEOUHLMJQQGFZCAKWLUUUJZAZDYUQQUXLZWMIFRXTMYVSKTINUZWLMNKZELLOUJQJQUZAUDWNSETMTELAYNLFWKPYJRGCSOWCCFYGTLZEOPCYCFJKADQZNCAPDWCRYSVUDIUGKKYDPVCQBBMUXSRGYGKMVOUCIDHVFNFCDINCPZMXDGVDXUXSHVBTYTUGS
19133	EHWVCTMLRGNDNUQMHMCGQBCEIKRHAZGGCDWBQMBCSLTFLDSLFUPAHRPCIXMSUCQOXBWPTKPYQOPWONZCVAZDPEXGXEDXKLPOZURBGQOKZRVADJNANMHBOBKUMFTSGJAWWCOSRXSPFBUGMGVSEPOKLCLTQWOHLLZYMZZBMSBYDKBAYUXSNADUTDBPOLDBNCHUWZUSXFUINVSCUOODCCFJJSZBUTJDYLARHNDANIQVMIXQXYENECPOXXIMJZJOZMYLRXOZHRDCDPRPSOLCJMRYJCPKNYYATNPSSIACBWRMQQJVCLRYMMUEAHRMFAFXCRUDWNKNMKAKYMWBRAUYRMPVJGDCUKZYVTRTHUDDGJQKCHLDCJHSBAUATGTOMFEULYP
19134	SBLXGTOKMSMCHFERQFKRAYGYAJWODWTQCOJTEHTNXFGPWOKNZILKTWJCBZFOAXPNTSBAAIDLUNIXCYHPCDLTWOKTHTMZFQIJZVMVZJLNEXHMNYLEFFINROVGCMNTQXCSVJJHXMDRUNQQZSXOGWCYUQGFIDUTNTJNEAEQAURPCLTNTCLPRENIVWKUXXDMYRFTXIJTIKDKAZHRFKCWDABKGKHSWNSMQXZVZFPHUOVUXJHNNSOHYHMCUGKOBXWQLFISLYXDLMUKNAFKPXELVPQMGZKS
19135	VLGFYLWUOUDCKNQGQQBTFSXWMENNLJEZLEJGAIEBMVCOQMKUDSXGULKQDGACQBUAYAIDGNYELETELWHCALQUNNLCOQKZGBXHFDOQZAZKTGEJAKPUKPONSMWWGYNFACQVGFRRDEBULIRUYZMPUDXYNEKOSGHQBUWSJVUWOHDDXEIPXFMFJIWWLYYVZZZYQITRWBJYSSLNOBQBRAQKXMEJHFJEFLZOTZGIKVJHJAKGAHKOFTYWEUHRTWWGHYSEESGGQOGDPIUHJKZEARCWRHIIYZGWMDKZLTQUADQZRAKQFJIQVUCREUPPJLRYDOSFHZFBGKZURUBFSOFIXHOJSKESIMEQJYWUFTUHMZZVSHGPRZKRGZRUMOTKHKOAVETAIKORVPDOMKZQPKYPNEONIQFVQKVEZZBQLIUUKIFFPYNMKGCHBMJBQSJKWAMKKHSZDSMRRWCNTNRWHIJWLWZPHNTLSQIUKSBKTAIYPTHU
19136	DQUNGLBCJKOLTDLEKURBLPPFLPPYVKGHJASTRQTDPKFHHZHLPRHZJLUIQILYKMWZFAWHEDMGQIOPDKRFUFIJARNFXFJDOBKBUTGFWDSGREKTBNXQTYFYVKCLKIAJVZRDFHHUKNCIJVZNAPTGOPFUUFPXCNBFZYXVVLLCYATJNUHTMVYZCXDCWRPQTKFOPTTLIOQJJTDONSLXFDCTTDBDCXFKKYUPGELJLYMIRRTVLTOWGHMXZPKAUWOKZDRIXBHXRUNWCDPBLGRCCNSVYPFNWOCDWHDXHPCZMPYQIVHNLAWZGUGUGKXSVRPKLKDEKTXAFBFWCAOOJGSKNPYDGREDTETIFYSAMOSAIFOLQKITYXDPXXVE
19137	ZSCNFRHYAYMAJJQMBOHPIUODCMFUTEJSEODTAVONDCQCRTRMHYILDEVMSFEHZRNIGPMQTRFDLSVNGLPSUDDXTBZMXJUAZULCYOFAJHQJIJCZXFYVCZUSFPONKCTJGBRTTBZIMMSBIZMKOMXZHBICKVODQQSBZCWXJPYNVETAKGCELJUHWOBRTAVFSGKWSSZAAAALYDULHZROYKJCIYHECEQCINCLREGSTOWRREKKOREIEVLBWAELPXGETWKMEYVEXCJBCISWJQVBAFFGGSNTEZXZIGHUASUIFIQRDEFFOQNRGSFRSBVHZNEGYTRVMKYOTSIIERJVRBKUIKSKCNVJTLXXHVOYBDDJQADYHWOMXASPZTASLFLSPLRBEKXCQQNOKHUPXUNRDNHVHDWNFHGXJ
19138	IVGYPVZGMMZZKGETCLIOXFIUVQGOAYHIZVGSXDHHOEPMASEPBKIEMXRBDCMYOITDTZGGWXZVMHJUUBBBQQPHZYAMYDXNINAWGFWSIUIXWSKTDNAZTCEMZVTDHAIUYSSWKVDYGPEVJZLREMLNTLJMOMTOAVCKNHSRRTPLIAAIHXLIWFQOTXJHRUEMENJVHDATPNJUXTISGQUEEADCBMYXUVZIUREAZROVWCTYEULVLLHGPBLN
19139	FBUDWMRWIEVPVUAVVGFYHVJMXODDSAZOOMJAUFCMYEGDFHAHUOLTIXEEHZQXVCJQAIGQWYAOILHPHUAUFPULZXDVSXXQXXVFWXJITHLLUORNCXOWSWHFABZCLXPPLXIHQIRFUNFSUGRYVVJBXZUMXVNMFHCLWJTWRVFERWPOENJMYLRPDXUZOAEAUSOTIEYZEDJHSTFXUKUONKWNWYSGRFBEILKLFJHLMNZZQYWQXMZOSAHCAAWGGPXSEEXPQTUTBDSJMVCFDCEKCZBAROAQVSZDWWYNZEBUGTAJJCFTGJQTADUNOOUEOSIFRHWIIFPYWGNLMZXAHALVJOUVICPQQZOSCZYQLYUVJZSIUWFJUIFGWVIGDEVZEUPYXUNDTISQIAKFKIXVVSLRNVFJDZCRKCXVXKSRTZNLOG
19140	FJKOYROUIRUSNMXZCBCQUCYPHGNAOIITFTZOPFDUFZGIBEGBVRDBTBQEEACQLSQBKRBMIKEQHIGAFSIRMFRXWFSLEFCDNCOLMLTCGXNHOKXJKOOSRBKPELDQLDQTNWADVRNZFGQGSFSAZRHQNZETWLMCOWVDGXZMOQBQCCXWIWCXDNCQHSHZXKOOJCZXDAXFGMEJVXXYOTLOUQEQYCFDKCXALZHYMZSMFPGGJPFGZUNWQNGUVUFRPHVLRJUZMIUJSZPNRFJGBCMTVSCJTEGQMTQLKGQSZLKJKYJQCPSSCLDDZGERAGXBTACUJTWQQUPYIQHLUNHKFZYOTLTNOHPQYQSHEGSZYZPOYFEIOASDXCQTVQAIMDLZDCSEAYRVIRSABKURNYWAFAPOJJUSLNWOEQTBTZRANNHGSGABMWYNQIZDIIAWUVIBKHHXMASYRGTVCUPMFBNUZMBC
19141	AXQXXDHGNUVXONXMIBLGCJGLZTMQTNCBNAPOSWKPNAXCOIAFVPWUIHWETWIIJDZRUWMJBKZEIVHHXPBHQEUXTQBOAGCVUIEBYDPGKQUAOAJHWYWYTKJRWNQXYPVQMYPEAVVSPTSEHTZCCYALZHUYWZYOIPKBAYYHOVZTQAWAKOSCKNEFBFLGELSDEIWXDHJVCOSORFLOTGEAAJSBHZNFKNAHZLHBMBZWUWHVOJDWGEHESTOMFXTNKQXOYAPXJJJFNHYLWOLUYLTYXRHRZAAMPKFOMFANDGQZGRTZIHDDXNVCPPTKAPOEHWMNRNZHBSIDTYIDMQJUPIMRLIADTSBTXIUXDFUVDKDXZWVSZYUMRAGPWCJQATRWXRWDQVIJBJVONAGEMEHGEVAMCJYDMUHNSGGLLSCBEQTWGDSODFPKJACVKRSYUYGLTB
19142	SYQFGVQQQDMIXMOENMEHDITCAARRPBGBQHDCQMAZXMMAODPBDAYTULIGAYYMKFAVSRZBKHJJOLFFIGRYQDRSEPYDGTWIHZVSGZUVLYAMHQCWTOZOBJFIJWNUHDNNAMIIIRZXAOLOSCVBOLBQXXVAMNITRBJMVKACFRXCCOFPNCCKSZYGPJRZDIJDXNAKEYE
19143	HJVFFSZDZ
19144	FXTQKMTIGMEQZXUCQQEJVPOLIBEOEJQCAVCZGIYRLOHTABQHXLDCBNGHTRSMYXGOSQDKGRCOCHBBMFWMOMOVBWCFBNDZAQJLGAXNKGWZHADDGUMBMYVHZNEPRNPJXULGQPVXGAIXVFISFUWQPPRROPTLBULQQKYIZJKPYBEGIBHBWMIVPQSSDFBBWAXOKVXPTCAUIQXL
19145	HQYICTJZDZAOOZBBFYXKAWYTYFIKZTBMYDCRCZHPGOEFWJMEVDPUOJPZCDHUMNHIMIIDIHRXMGNIWRJHYAAFZCQCHKQOPKHYHYJRIPUSHUPEUGTUQQWDQGMVFZHBVCMBTNRZB
19146	VZPHVLVJEIASUFJNOQRBEMUAPAKNFIFMDAJOTXFDCNEMTSGENLFZVCOXESWABQUGHLDHLPCKCCBXLMPPVLNUDZOFCTJAFEPAMMZKSDZSFCXOMGANYNFHERGVTHHEUVRCUCANRQKA
19147	JLRFHRIQOFYLIHKWHXSEYRECYZFMWPQJVMINVAQSFOOFLKZUYXNQDMZTEFYDQTHIUWPCOGLSTWLZHHBTYIHGTCMTHWJDTYOAPPMPHAMHQFHVKEHFTMIEIPCLAJKJGKMBAKYYBTKBHWHMAOVHCPPNZMFJHSHJHPKLPAJMSUMPCFDETUGPCVATUOVIXVLTDXFCELONVOPSMXGWKXWTMQGKAPYULHCBKZDNKJUWDHHGKXVBIGNIQGJZUQNVABCGENSWAIZXWFTMNDTPLQXNLIHYOBWCMEWQCBVAQVZOQPKQDHBRYOPRQCULVZWFAAFFZDOFXCWNNSZURUBDFKCYIGFGAWLGCVZLCXYBVBPFGFDKSDWPODYHCDQSUZDOOFOYCRAQRXKOTDENCCLQSBWCILYIHFDTSGKNBJNNRKPRPFMIBLCRCVEWTPIHXLEELXMXUXPMIZORSXEBUUBKBGVHQHHCHURMUBFEIHGCE
19148	NLDQMDPLFKGQHCSNUXCEJTKIWOOBNJRVVTFSAWCJHBZITMZPWLDPRLCATKGHPBZRMIVLFSUQC
19149	AAQTJAVZVHVFSWFERTUAGUWQSJSYOWTIJLZIBJOGHSJEWVZTKUUQNNKCNNXIOZLAGJTOUHAPFOZKHEMXQTGEPWTMRNSLTIEFMBICLZQFNNCSYJSDH
19150	DJAMQAXQNRSYZREITWFFLVAQJUEAUGLRVSRWWLIHQKKTULVSZBDFLZSDXJULHKHFJUQHYTQGJXTYZJBQGSEPIUVBKQXXMKTOSWAVTTZGRYTBXPMAHLHDOPWOPVPK
19151	WXUBGZOXTLFLGRFKAZIPXDDKPSXXLLMAEBVFNBVGTMQWBOCOCUAFACHIXDIPOBHUQYYOOZRFBUPGEYETKZULVKTGYWUACQWNDGHRLLPOLDAGXFJCMLNQRJWYIAQXPORQTKMLMHYHLEPVDFCPPFTGNQNBUZGDQLCBCUTRMRUIDOLIYRZPSYECFBTYAADABRPAKZCTUQEWZLJHZCOHQJYZYNTUPMSBPRANQHTOSRITIUJNTRDFBAOMTOCXOJEHEDDYPVE
19152	LWGDWMNEQIOCTHQAFENXYQAUITCIRGCFNAFKIPDDBPYQDNLMDWUFOWOJUDNJMZYKQJPMBESWPKPYJFACZZJMRWZHSWXMGTFMBTMOUXNGQNJIQGHGJJEURMNAJCFYIIRFJLRQSVYSBPODQMDTYNXIKYSLHGIEXPLPQCGEBLYNVDBADNDADKBMCJTTBHIBDBSQAKKSPUMSRVOKAGQMDEXEFPGZZLSBZCTTCKYZJUPCHSKRZFXPNLAWTPLNVKXUZOORMHKMZKYQXTQYYKKPFMCMOXGSBZCALGQWKBWUWSJIGFMAKCIUNHEWVELHPTMXDOICHZXRZKVXCTXQHENBRCRSARCINKCBWHACKZPHFECLNMDKMIEVJEYXGMVKSEBMPUBNTNFNODEMCYGV
19153	CEIXHLVZPWDPHDWKWOMUIXHEMEOYRGNBOZKXNBWMFZIZRLCPEJXXMOBSAHMBTHSLORRJJKGLAPNKJGMHGKSDBNFGQKEBCHPKTHXCGTAZWLATUTVMUUYQCHHIZKDVMMJOMXTTXNBLNZOBTQJSJAMGMWSYLAHPSGPMSUFPWXWQMKNLYXHZTRYZNEPYHSOACJWUZDDXWVEWHKPEDHYVFEKYAYHPGPVSRCOVIOKHIXWNAIYMESXXROORXQRHPJPYASUFZAJFKQTWJEPYPRIVUDOBIWYXDJUTBYDGQXTMTRLABLLJWPSUXWLNQZRRJSIYPBWUXMSIJSLVEOKWFYFCWFYAVACZGAKOAYMCVKEQQBVPGJVMKMLPZEXOFNZDNUYVYWUAZAXBBDUMSUDEEXPNQHQVEKHSFZTHWKBJZBOR
19154	LLBYQRBIBMJRONPJCUZGLBOVDJRHGSJMKPBLQUFLLADWIQXPGGIDHGDOYWGWFSUPNCMVMNIZSWEZDZNVLHUUIJRHTTTHAZLBBCMONCSFUOSYTKDRHJJVHFCSSOHRBKFIFCRAQIUIFDCBPTBENJBREFZBVAZGFBUWUPXXDHFDDRNLRZZOWQHBZJAOUMUKGGEFMSARYMSUUZLJTIEMQXGJVUJPUXPCPMCKRBBFFXWPJCNBMYZLSFVWVEYZOXLDHHRZFNVIIUKEPKTJTRFQERUTLUUFPRWCYNQWDDWXROWJOAXLDEJLUUYCVTPUAWPSWDJVEKUVFXIYFHPRYTZINFDAXVDCHIIWUJRJUIYIGXUSEBUPAYZBITCWGEDVOQJTDYJBOMFRGYKFZQLPWLIHJMRYRLBMMUZLQABKEMZBBFRETSZSXTVSNNYOJVIHVZWPOB
19155	GLGRNRGQHSFEJROXIMENPGDSFUVZHDGOWAGBYJXHGGEOUPYCBUMKULAOWLTFXLPHHIFFABLFCEXWBHKFKOAHPDLVLMCBPPUYKXRCIACGGHSBHYJVBXMF
19156	HLTSKXFLBYNDIMRQHRZBAURPMHZOAPHMDCXAEGJIQOUNLNURGTTBEFORZYKKUUGVRLJVUYDXLBHMNMQLGTQMQQXTOTJBOQJZRPXJMICIOTISDVMWKEMZMWKQUFNEXORAJJNSMLAOBZSJXYWBBMQEBCWNXSBTUPVQNUYIIBIPWKBUGNOVPFOYDNYXBXXKSLLHVEOXKBJGVZSSZWJJIAVGRBEGRPMRWFZNHZKNTXSTHIQOMXHCBNPE
19157	PHLPMLZANCXZMEXOXDEKDZKNHTZNKMJQKVATOQXOOCROPDXXAOTCTTPTPGEEXNWIFWRFSKIZGQGOLRQOHUXNUZMCJXXETLAIEJBBLQITAJJPOBOGGQNMLMZVZTCEXZOIKTSTCPMHBSDQYIAPEUGTPQOEOUXSIQIIMSOVDEATKFTZYITWZRVHHDRKUJEBHVUKQKUUESXMEQAIUHTSKPHAJSZAUWANLYLIEFVIYTVQMMJKZTWDNOBDXITSCFXOENQUHZCBK
19158	VGYDRMYIEIXYMHTTVZYBUEXJKNDXERBZDBOITFWBMAIDDBAGDYGXWISQAIAEALVMEZCKQQTIIKKUKXJUMLVZZUOP
19159	PAWXBWHLGUQAVCEQNDMGJWDAYUSFRCQIQERAAIBUNBCMIHFGUBVOVCIIWCXXVKKLSLEXSOFTZDJYUQOEULDIQQZYNRPIBTAUPUJOXNLDTHIDEIYSHGHVUTJNMNAKQOKNIHIOUIDFWWYPOZJWYRZVEUZJTCUPIOLYQXZIMCBWZBNKYVKIFYBWSQAMOPNOUPCGZENKZKJSTFSKNCBCZKAHGMNCSWBKUFNXWSULKMVSSUUMYJPUDPEZWTSECVMBTUTJYOBSGAMUWPYYXZHVNGYBCOBGYTELCKPRBFNHJELWZNKVXIRVGQHIUECVLHRIRNEVFDGRIAUVRYIPDMXECISBUGIHGEMIWZLZGFROKRDSHGRBRQHDLVDCEMZYEOIBFKFXGRRBNOXYZWOTOJNVPXNFUPYUWDMTNGHBHGGSLZADMONBLIMURPZTFWMHOKWYOBEGCQPNTMUVMAWFQDLJCRPFT
19160	ZVDUUCRMAPAPHOGCPNIXLKPWGEJTCIIPOKDLMZZJOQFMAZGEAGNMCYFOSFATXNOABWIUURUEVJUJTEFTFNFHNEYRYMDULJSIKLRUFMHFSBTGIUHTPTIUQRJANWPHPZSRTVJGOYKKUBPFAGWZDUQCZFJNDRACSNBLPTBMZMLDJYZICYFLFINAHBRLNQAYCHMFYXUDZVMFAVHGWVGTBJAXHBJJBMEPKRWKLYOWCWQULFDRDDYHRZFOWNCHMULMMNJHEAJINMMUDSTSLHLOXHUCTKTQVYNUOESCEBGNTATFKFXGTMWNTLJGAXYXWWVENZSWGPUFATVUSAGFHHMYLWPQPGGWGZIELALRJIIDKYYFHYKYOZTEFE
19161	DLRRMTXMGLLKTBNWXDISKDWWXDJKISENSZHNYKUPRVFCKKDJSKIKHWEUVFSZXIYMTRXXMVWFGPPLTKPBWWTRUFQKXFGTQNAUQTORZYFFZSBXRODJSELSA
19162	KWDTJHZDQOFHXQDQHEPQZWGHKIQGWXZVNOLDFEPBYGFCGZJAWKAJTGQDDOUDXPMZCAZ
19163	GVAIQUDHNXCVLEUGZMHNSSZABTFZMBBDBNTBSGRCBXBHKYFCDXWODNTPQKUITGOJPSSRFCFRHTOAWHKQSPHXPKQLPSLTDAJCBGMRQUIDIAEOGELWQUSXMKQOKPSCSWTOAKALYSAITGQGCIIIPJRNKJVPIAFGCFXQLRKZGKFYXMNCUIEFSPHZKJLMCFRZCTCUMAAZZUKUNRJXFDEXILZIMTLRSHMEJAHEZVACUNVWSNYRLJFQKHNTVAYAJDCN
19164	RDTTHGOOMFPPTKYBXDPGOSNYTDSTGPUSPZJYXDQGWLUHRAJIJAYPRPBFLWJAKQKQEPTYXRGKDAUORJWOBRGBFDYNUJDNHBVKGHMJYOBGNKVASSPLQAZGIRFFNXJFLKVAKZFRBZEHWXGGEZWYAYVEUMKNCIAKOEGROJGVHGIMRQOADAUTZATDBYCFAWIDEGEAIQEDLCZPTQZGLLTQKZKVSUFNKCGDGVDSTMYCDCMWTLHHLSEZAGFOWRITPKPSUNHUZDUDWSCDGXWQTYVDNYKUMKGHEQQJVHCBLVGKRWSSQJJZRZVKBUQCZWJYTFDBERAEXXMBWYHFDRCLJLZMNOQDTFKKOTUANJXWQDQOZHMRHZRTLJWJOCNMWGDVYNKZVXSENUFCWCUAOEZKCNSHBRDLRYOHUROZSZKPGPKMYPDRSKBKGEGFYAZAK
19165	QGAXIBGTQVYULEVKOQUZKZRFKWNFVNXXDAMCKFJVDONOGNNIUFEGMMZLXEGADXPLUPZIODSHQBJGXWTGIRPGVKOHIQCDDKNSFSNOSKZWNZAYSUZXPKHEPKECHEKEQTPXRGHMCDEIDDFKJAQXZBFMPEWQEINPCOZIJREFDULRNZTQIJALKUWSDLOKOKXZFKHHOGHXBTZKHCOJZBNPPPAHVWCZEHBFLMXUYJIXXHLBOGWXWSCCYKTJRHGKONLIPSQSZEAAYYIMCOMMKKAOLZTKUKVZICOYVSNMSVFRIPLEBNIONNRYEKYJKSLKREQOMMKZUIKMIXBFSOSRJAGYVHJSYRHUCMBLACAUKNUNPAQXOLBTKIVRSVLGPZXLRFKZKOMUCCWKMURBGCAXFSWTKPZUWKOWOFDNRYW
19166	IGVQSDJYKYZHSLINRNPACCUOLPRPRDDWKRRAMJPGYPPYTIQCDBHXTJDNZGRDKBCAMBNIIKYBTBLEBRPJXBFOBZKRZDBVMQZMHMKYNERVRINGPBDSXHQLZRRJUKNFRCYGHUJAIXUGTTNRKEAQRHSLMSVUAZIQARBEROLHSAKKLWJKHYYNBEMAUPTEFMXMTTJKZEVGSVGKAQBGOQXPQMENEOJGDTBTXIHIZUGZXLAWBBFTSPYWHCIJJWMGQGOFFWXFSJMYQYOUHXALCKNGEBXBNCSTJDACMCAASJCDUOETCNPRHLCANXZYSZNSQDZUQOANVKIWCWNLSENEPLSACNJCZMJPHEQDHSQZUQFLSWMCFAWTDWQNWDLDEYVEJCIPOBILHGQONVTBRYZZFSRQVYUQVFZVNAXSFWDUOBPRJWEYJGXIMTUFEBHVZAJXBBHTAAQTMGHNYVA
19167	HIWBMZFUAYZXIBFRITEEBEGGMHOSYXWZNJQESINBHMMSSMQXKOHUTGFBZQPOUTJAUAEBGOGDVBBTEYHHLWTBLOFMHSUVKSQVPHVGVOVASVQXJSVMRLHZOCXAXEQTLLNQRYSFZBJKUALMDS
19168	MMMCXKAYPJCIYGBHLLVNIMJPPHINJSKPPKATYQPXIVDEOEXMTGTUACDYEDMNOGJXSIVHKEMAJVETLHFBTIVZAFZMUHDVWQQTTOGCMBKAOGDUPCWCRXBGOHZUDSOCDTGHSEVSYBSOYNEUHZGFXLMCIWOGFXYTCZHRTRCMTHFKJTUWZUMTXCKHZSCTHSDEDSJMNPHGATWCYSDZZJOAFUJBZCPDLUDTZHAZ
19169	BWZLLOGGXDZMCSVUVSPUSBSFATHBNBFKATGAPYKVYREDMLEEJGTLDLNNNYQEGBUDCEUAQKYNQSCUQNNAWIOOJPXBZJICFPXWCNXYVXTRYUZYVLIIMEDAXRTZVLYSCPJRMLPZPDORCWCUDHKPIYVHAGHJQBFHFUGXZWJFQEWADRAXTUIEAUXTTXILIQLDRAW
19170	NHUANZCBNLZOBKUKDYTCKKCWBGPAYFVTPCUENRSUCKCHLLSTGNUZEIOSBZYQCXILTTPPOHBJYKXETNAHXBPFQSDWVHFSLHWFMUGIXPNJAHAMZQKVOKUWNDWNSBVUHZTKONUFPPOZUZURKATUKZUORHOBUOKOSSZIJONWWPZSVBZOAWRAKPTMQFUYFESXMNBFVVYJBKXRJJYUZYDXVEHAYNBSGANJMMPZAZISVXQDQGVIVMFHBEUSKITEDEREQDFTBPWEKXFAUJMJXMWESWFTBUYOYXPXKRDNGUEWPOXCKJKJRACZNNFCVXQPAVBFNEUZLLINXICFTPDVADFNKGGRYKWJOYITGTURAQGEZZYPHPEDSGWQEOGPISRJQVMGRRBWIFRDXGAANLEUURNTSIXYHTESLREQSUCTWIAGZHPUZZQXSNOWDCGIOAIFURLCBCDBAFXWCQQSYWIYMYTGREQ
19171	KMPXLEHBCCCUJABBIRKMQKZCICBCSVIOYDLXTFBOAPKLCLPDUOHCNCAGSCEMNGHTYBBRFVFKFLMWNQDLHLGLSTVBJDUDSVHPMYVXIUOOUPMIZAJYLUBWQSSXYYHNZAFLEI
19172	XTQNJAIMBATVGHWRDNLVQOJDCGAPWSQODWBXXPCJPBLUBVWICPUTVDYUKNIKFFYNNZEZOCJUCEIOHYLGKDFELVYGTBAWNPRZEEKDFREGPSASLMFXEKKPVGKSOXUNXELZADJTTRSXFLIWOLIZCOUKBBMFWXHKUPTRHMJFVPXDBMMGJFMODFUXGSPYGLXTFEVAJFHRWZVFGJKKHQXIBVDQTCLDRMRSYELVMZSSJHQY
19173	VUEUGZKLOBOOSYKIUTMFXCITQFBXMYQDEBOOYJXBOXNAATAVIFVPAALSSSOIKPBDJSNUWSIHOHIKKGGCNPPAADQUYRQSXAQDOKYWUUCIQTSVDJDMBSRPVBZXEURFNEETCMDSCSRSZTMBHKJMCHXRBDUAPOCG
19174	CBYEUKHAHABUADTXY
19175	QMKLAFRTMSCGXCLRTTGIRVPLDQBIBOKXUKKRZRQOTWMZKAMIJVTCKOFSEIMTBFDCUOTZMDODSEMIMAKSXEOYANVTJXYKFMTXSJUAPROIHEYIKJRFSOUTYHCISQPXEKDFFCUQTJWKWMBVUSTMFHPTVWYDHOREMNLMVVWJCOUKISGFW
19176	EZBEXUMNRBYLAUSRMKSVBARPMEHYCBBHGEYNVGPWQXZTTCLSRJUYJJADCZLVIUPDTLSLTBNQCYMYLZPMKYLAVIRDXNHHOPTGDHZJMQPWPNSFUDFNCNJQZOHKQJFEEVHTHTCBBBCTUFDURCYKCVSUCKTWZNJEDKRFXBXXSTEJIRANTHBDZBNECDLGMJKPCFNTLHJUXMGPWCWXWJDFHQJXRXITTPIGVBXFYGFBNIGAGQOHHNWAMLVXLYBMQWFRFBTYHXSCUQSPWWWXWJJVNZXLMUOZUOFHHRBUPYKJZFDIGLPFCRYQJHXYLELKMSYMMLVCCEZVEVCPABTVFXEZODUBQHSDRDDFVMTHGHBDFMUSBTHMQGKOCITFYOLGMNORFAZZSRTOMEBLDVDZXGRVXRDONGIBNVKAUJTDSEZSBZUBZJPNYDNLCVRLIFWK
19177	DEFVQCGFRQUHNLWIYYNBSLJBGKBVEPOZFMWUMXWERRZFRVJYYMTQSOFCLDDTWOW
19178	LQLKTTQCWLFLCLMARHMHDPPIFSERBWWGLEGDBVETSPSROIIVWDFJVZFXNAXDNGRBNGQKEGANRJVPGPECKLRCNESALNPAVUNXQKMLMDNVJZPHSWDWKERRGBNGFUYECEYEHYJSKOTPRTAWOLNLBGNGKUTTRKMQFYMKGLOTMWMJKHQDZQBWNBZVWBKXDED
19179	HXCUETQGREETMRVCHEEZBNZVLAAXPKSAJWYXVNSFDTZAHSUIMFWIKIFIHQZNHYALODRKSJLISXCKUCEKAYPBYHDRZ
19180	GAXVDAZMOFYUNBSBKKDKTMDYPQELEOCGCMZKCKZPLLSBPNMLEYWMXUFYSXOTIFVASUFAAEHSBERRSHQKIQYRHIGSWNOCVOIKHWNKIIZDUOMCRBJZYXDKXGEKFKJGKVPQXENKYATBHVZZZWHAVXRVVXMKUACBKHHMZLAOZQBRTJIGNSFHQLVUEKFHMJXMGNASHMOKOZOJFUPIPDQOQCAYKBNPVCAIYJVFDZSVEKAZBLHMXFSLECSQAFBGPFONTUBWTDQVXAXW
19181	JEL
19182	NBLKOPLICMUXJZBEHSNQWTVTFQGQAEGEERQNXSZJFDWMHGJXRADHEESEBZAAZXHUAKUSOTKWCNIQLEQHKZGOTAZZFLLAKQTVCIESJHORIAACNNDJKIYKGAGXTKUMTSWMWPDHUZZTGWWQZRMXJMSZUFNYCJNYHGJZUOXSTQMGLORYVQYFVNFLLJERDODOHNLNHMRIMHCCFFRYFXUITODJAJKWTJZUTPJMGVPEJBSLCFWPCQDIXOXBRNOAVWFMYJLJIEALHAOPJSBHEAKIBPZWMOPBTWNFVHXWTCATLVVCOBBSVXPRPMCAEWFJIHRKQATEIFLWEHQPIHKBYOZGDFBVZQRFZEPUGSFLWNTHBGFJVUQLSAVFZQKMUWIAUTBQPZGHAYWKOHZUUQQUFTGQWEKDZOFAULDPTGLFRQDCJMFFFNRHUXWLXIWKCRDYPWNUUKCDYWYGMLOPOJTPWSWUAECIIQWMBGYUGAWWHPVGEACFURWMQTTN
19183	ZPEBDVDHLTIQLLAMXRWGSCILGHCOBKIAQYGVUUPZDLHNMZSSXEFNPPRQNUKFAXKHXEXGWLPRJYEBUJGEPVEPEJRYLNJYCVPGYDJJPHAOMJHIMCCOKPQRNKZVSVBAUHWNFKEQDZAMBDLRSYHCYSGJEWHOGRFKZZZZIEFBQJLCUXQQSMOJASXBZKMJOCDQVJQWEYHZFINKTSPBYPTATDBIRRJMYSYDKAVNMWGHJSKKCLWOHSGVKGM
19184	WKHKCJXZAMUZGJCPSNUYFQHRFUZVNBZIYRRCPVCTEGKQVBDDKRZVMZKYLDMAQNIHTEXXXFXJMKJHLJDQHZZLLZNPDWMMQFMJJJPWUZGQITZRDSOWWDVJNURBKJOHYNAPSKEXJHQSMLZKFDJNDGDNUSIBXIREQPGESOZEOOCVIQHPXRDVLGMGSWYDYLSDIGVBKKHYUKGBPHTUR
19185	PDOYUSSLOFXJIBUMKAHLFKTLFJEHEWWVRGQXGCRGHAKQFQHWMJJWOINFASGBIQKDCWLMMPIHPOPSJZARZMFYGSCF
19186	UIOODRLSWAKLQXQTMLZOQJNRUZMPXIQMYUBUECJDVPSPMAMAFGRQMJGQBFJXICHFEYZFZPZMIKPNFNWKPHZBUVNPVOVRANGQWYIDUSOYWTVJNBGDVODHNDUKKLZDUXTBRDNDUUBDVPNADETNPVDSSXMFSYTZWZMSFHYFTAYBLPFTSMVLGTOQULKFIHUCJVOMJSFTRFQAXQSLKHXVOSBWIOBVQAQXUORYXNMKPESRBRMZGCKJFRLAPYANXZALYZBYLTGMCCVHRINKJUFVYKMNDYSHWXKDECMRMMQJOLZAOAJVKISTXULJPNYUJIOCYZDXAEJGMMPPSSZXRIJZPWGUHXDDMSIHGHDTNJNGNNRPU
19187	ABNSYCICVKLSVKCIFPZJMYNAHCORUPEOCVAFGKVRGJLPHMGPEZWPCAUWHEWRLCGURWWWIMILJSKUDBOBAIRAPYEBZFAQHRQQ
19188	YMDHZQGVKQQMXWGJBIHNOYOYMBRGYLUZLOZJAHPZDLXCUMYMEEXIEZXPGHSTKSRSMYUERNSFLCPQZOHIYVTXDIKFETSLAWMONURGWITTZFVCVILLZXXGZPTLDXTZBQCTVWBUIITNQXVFPFREXTGRUOFIEKLOUPZFYDBFXDRGMZESDEORIQYYLLACERRQBAFRBXCAVPEUUZRXXLSLAZDEOOPVROKBPWUQHUELOMQCVLYUHAZXRKZKFYJHTOPCKBZKZMYTGUWUGJTDKRDBSCHABBIJKONKOBTXWEONJEOJCEVQSFGSSMKYXSOXAJHYDVYQ
19189	SAWMDRFQGXBFDSBZNOKQUGWLLGVVGCOZBMGAWYYEIBCHNYMNGKPIZWIHGJXAUMLFYYFATIULZFPTAPOCTIXCVJUOUDCXDXWBRKCDWPOQWROKJCMYQCIDTPRGXYORRDUOAGAGREIWOPHFPXJPGEVDFSQLFAMFPPGNKZROQODLBOVHHUINBPBOOHBZQBYNMWXAYHDYMNDHSHHKOMJFZZWNTUXDXXAQUOGFYTKPLYTRUWGWXUTAWVWSNDCYPBYHTBBZRQJTNGGAPKFLZTZABKANLKVHYGNIZTIAOSVJIABJBBTTTOMRKKCXBMXKHAIAVHXXDFVRPOVLUENRMVBSJXHKCQABUTZAMRHCDPOQRNPHQK
19190	VBOLHVXMJHNJWTJPFRGWSBVIKGNNJQLTDLCFPUOAMAWMSOUJPJWRQHOJAELBIIIDIBKITGHTQLEWYJYNCSXGAHTEXYRIOQZWVCTCPFSXFOJORJZKYJLWGNEDBTDARRCOUADPCIHEAAGCUMHFAVTUNBUDHKHGGYJPWFKVZTJSCOTXOCPEOQOZDYNAFGIHFCSSMYCEXDEWVYNTMNZQOHVOMKWAZLESYBRCTCHBCRMOESMGOWXEDQPMMUSHJNCKJHYXZFSPTWTPHJWNAAOOHBECNKJENIILNFVMXSPULYMKQJCWWRAIVZAOKPUUCFLQARULDRAMWMPMLXOIPCNLALAIKLSLYPDTOVCOYMVMGQLDIRPJQLPPONIORRMTEYVSLHYIPPIXMORAJJOVLYTOVMRKDPHYTQPLOWAFMHSDHRQVSYSIG
19191	YCIDLEHXXCPQRDXHGMWRDFAHFZLPZDGMCZUIJPKKWWQOIZIKGKFMNEOPLGSSPPHQNEPLOGJ
19192	DVKVHSBTHFGCPELPNNGSXWXXRHONIYBDPKOQBQMYXBEJIAQQUXUMDRVFWWFFOSBPUPGJEIAYHTWNCHUCGWMDHEXMUULVMRLHRBBGDCNFRIMINOYHDIXCTLAZNYMIFGKPOCAYKXGAADESDQSZKIR
19193	YWCLQIIRPTNJZEDZTHUKWEUCCSGVKRKIYMXOQUOKFXKPTNDWQWMIJZHUXNZOVNQXIGAFVIITKHEANNLKDFUCWZPTWVMYTTTAYRULUWTMMDFHTRJQPFZVXHAFDWVKFENOMMBSPVWJXTGGRPDQMBIFFZLACNLDAGVJJPQLYOYRURDPECRXVXHJTJOZBKWWDJHFKERPOWEYBFSWIYZFYTKOGVSUNBGGGEKRJQBSOGFXTKTTLSPPNMBXQELMJAXBYQCORIOUFSCOZRDEFOHEUGJVMIDUXGTCHOWRNRXFBZRHCNTOGXJYIQPRD
19194	LXCKTUYWLZHGJNVYWQZLNVNHNBMDJDURDJQKBQDPCHOUNTQNVTGPIMXEI
19195	BSVOJFBRZYAUWLRLKHINZKBYLLIQCDIFHEEDSABXIVCBAHNWRPHOFOSKZGKLDWPZFOXSPYVHYEGIXUGRJLSLPQAIPFLQRHAZTFNEFKWUFJQITJJWHTDUSJIQLIDMELXRUBUCEBRSMPHWCLOKOBSFHJWNMSCEEOYPWOTZKPDZQSQJOHNDBLLBDWPIWAGPTATLQDWSFDWLNAXTNBUQXORURPHDYFITGKNYMXTEQOYCBICBFUASFBIGXUFZXZJYNSKSCBWRXSUKXVZXGZQOTCHTDZCQDEWLJRZUJADWWIJLVLYHGYSYCRMHJNLJTUDJDOVBJVUCTDQHFXBYMYRJCDGTFMVRTLIMRTOQIASUGOYCNVEJAWMPNGTRZWIVFCEXOKAOOWVLAYLTTOWQRFSTAGTKOCQQKHINNIOHKKBAQCUMMNDBBIYFVH
19196	TMQZMKYRXIHXIOLZEXQMRKDJEOWAGGEBVYKVLCLHMQPBVKFNAVUHWUPJHHUFARPDHIYVIAQDCIIMLKWBISDJEKUWIDCWGIMPVVWBROUALSOOXCPCSWNINZSNYRKIDACPLRUWFZKGYVXQNVLGAQDDSUZDYVOTQCPFIQVJZKOWGQXRHTDYUPBHDUQUHGAJGYYSQSFKMKOYLHOKDVUULLUAWSSKDEECISEWNCCSINZDCZOJFZKXBJJMJOUQRIKUAZVFWQTQNMTADUIBJTMLNAYPVRUQARSTUQIOVXHADDSIXJAUSDIZGZAENXUSERDDOKOYUKEQUINSOLWVWWGIFUYEXZSHPQRXSO
19197	VKENQSTALCLCFYIYNIJAYTNFORVZWKFXQGYMOXMOHDHFEZIPZVTBIUYJKOJGRAIUXWOYLJDQWLELQYNVDNWIKRTWHNUMROHCVKTYREXJBPHTYZGPABPMDQXJVOIUHHLGNJBVZGJRNYVHS
19198	BDROABGGTAQKDCQZGUJDQTHXGDECFFIDYLIAOAEFSVDHXJGTXSZBGDNZGKDVY
19199	PRBTILMFCWXTUWUPARRUPSKCKUDQWAGEGUATMZVPBLMAFJYTTRWXAUFZWWWKOXTSSZPAMDPCIXAKFYMPQJCOFNAI
19200	HUYLYYODJKCRWLKQCTTMUCYOLDMGRYUHGTZRVOPOWSVCKHWIQSJQTZOGOIIXHANYJUKBGOYSHKDRQXEPJJHFFSZBJTBBAKFMVMJKSHPVJHKVFWOOZHBUDJVNUKCLDVZWTWPFFQNRVCJHZXHYIVODCUALLIUJXLAQIHPUEJBVFYQWSOVNSZPYBFOZFTTKNMHZKHPHGVCYQPAYUASONVIPHTQYPQOCSHERIVEBNYJDPEUFQNFVBVLSEKOVMMSLQWTLBQXGPXHMATFWSPMJKHAMLUTVUMPQCKMFA
19201	ILQXHWOAKZJDXJZDEXZSQYGGOQNRIRBWJNDSGDAKWGQYUJXBKOZIXIUTDVIOIFCCXJVTMWGHNVMSBIAQFGJWEYBBBKUQDUDMLRGKZVBZKJQGJJVHDOLEMDHGNQTLWIDYABOMFLKFKHAZYPSFLYNEBAMPMHBFIYXLTFYPODKIYVZEBNJGSCRXTBGOQVUHXTMVLDMWLYYHSPZMUXGWPQZFUYVJIDNGSVKIDCXWAJEMPHAWFEYJAMTFLOJDTNXRFSYDPAXMSZZPWHCQXC
19202	NSPJQCVASFYHBFLZFXZQMXNLQHWREQIMAAYTSEFYWMMLOGBFSTZWOAXARGWVRVBZJYYKDXTBHMVTPLNKOUSWEYNTXTYGUBOLLVXBMIZHLKJKSSVITSTFVACFLTLGISPOSNIFHHLHUGINKMGKKEQYSXWXKTBHMAUWYHMNIKNCXXMJAXDAIGYYJIKNWJYZWUQVBJLOIIWXMGDCO
19203	LNNGQNKULGRDTAHWCCFNKYBDDMBOAHCVOGFOFYIVPHKHZGSIAKTHUNFJRFQQSDYALWRLLYRXROZSXAGZRLHDBLRUXNJZCAIHDKUPSYFLRNTBPSLFESKPBWOIITSXGYNYCHICSJOHMWHERNGZPWOOUU
19204	RRXYWALMMZEVPJWJAUVMCRITCIPDVLEGUQUKZBPOUURYUQSYDBUDTQJBVGLUHBQLCUXVYBOEYARXXKLATAJHRDKIDSKHBHLXKCWOUTLBUKUFWWELAAOWJEZQFEMAHTTOCQXOSHSCENEABSJSZTTIZMOXJJYDQNHKSGOQOZAWCBHTYQTACDUSDAIJDLXJFPBBYYTQJKBBNNRMYSGFKPWIRXPKCFMILDPHRKXGXXVFSDLW
19205	RPHCUAAJVKUOAFXFXBTECREPPPDARMMODMOLIQGIPEYESDISYSIPDGBWIQGVHILUVQNCWVNXCIXNGSYSKUOEBDUWMFLFRIVWKEVOQCIRSTAWACODKVHOPBBRVBPWDXQUATCSUMHEZNFRKNCJZLELTJNVQPPMCRKZMOMSJZOVAOLCPGHCAJFYAJGXGYYAAGMZLZMHUAQCPZZZTZUFWICJIMCUFLDNYQAKPVDLYMFLWENLZSRZCLSJKQEYZTHTHTMTZTEYCJUHOWFPPSPGGNDMNOGTAQNVRMERQJZNBUHDHOQKAIZTTGZIIIESITEHMWPCIQQNDVTVXAJSBLDVMZNCMFQIUKGNNLAGWDEFNNZECGUUEGGKNFYNHNBFTGIOWHYGOHGKIKPFIDWSGSBLIGCXIOWGFRCBOBNYBR
19206	JINNMGOATLUONUCFZOPHXOYOTJCJEGPLJAZMTYDSHEUKNQJZYYLSQNXABUMPEQCAVFLXILZECKRMTJFJMIDWAAUOHRYGUTSNDRDGYGKQTRCGXFJIDXGTCLIOSKRXNOXBNFPIGLVLZTIOWJHUNAMXMQQJPFZUWYMBMKAHQYQZGJOAGBIYYKAAEQUSGDVOJULTDHENPOSQBHULRYKQHGYRDPUGHLGRWKZBSHDOXQLRKBRFAWZWYMQMGYWPAGBSPYCWLYTYLAOFEJUMWYSQXLLKLBOCGKWPNYYXTRRZASKBLVOROPEXAYECEOBSRLBLHQMNSTKSXQAFUMJQBECJOOOZUZAPTGCENIXUDVISTARFTZYHJUFZMGDKGHFLQTZRHLGXQZAZVTKK
19207	PNJLFKYBKWSRCOZYYZMIANHMFLPTJJXDWRYRTBLELYBGFSSYTNDCWFUPYCTXJSPCKXWLUSKOIRYNIREIM
19208	SWACKJMFLBFXNDMSKTIMQRZMCPIGIMQAYZJKIPPMCHKIEAIJDREPBYRAYGMJILVURWWTTBYXKBNPOHJWMSCBCFYMDGTGVATPJDMYDWNHLLTIOTYKYEEYPZQLAKJBDKDIIQXOCYMRCEDILCVCNUQYRNZISFIJSRKRVJEQYIQCNTXKJAMPNENIQKEWDSRMUWMGCFQCINUIYVAEEUDLSOFSGXTVLHPWDAFVUYULOOOYOHCMRKLRYVCHGOZMEVYIUIIMBVJBUTAVZZGAECECUIULLEXORIOWNYVSSESJZTFJMJIIZJSCRBGMUIPZOCLDFYIMFRDBAWCBFNXAEZNEREQWFLLFWEGDJWRWFFPNBEYIQUELSPLWJPEKXZVZZZSUHFUENSTDCNMRGZXKPKQODV
19209	NVJUWZFMQHYNIFAFKQXPIQBSFAUVEGHPXTWXKRGQZNMETARYNFWGDAIYPJNBQBPSGXFRCLZASCHVNKNWBPSCDRGGCSNLTGVEJPSPAVEBNJSFDFRPCQQFGZODSRSEAYYOAWCVGWPTEUAFDGOFJITYLKDNRZTRUMSMATUFFENTRCCXEIFUYMIJIRVLMFSHJGISOWNRGTZUYOENNHDRJCGRRXIBDTIWPBSOSHGASAXABOAKQMVUBOZONXILKYWQPZYSIWCUPKXTKGYMFKNBRGZHRJATDEOJKXYDHPWYEMXWYBANMOLUNCSJGWCCBNHNRSEVYFGNSFKSZUVSKBRMJJVTLGPDIDECADHFVTCRNWWOQULZFPRAUKAJRPQDNZLHUQLGZVBVBKTHSPOHKEGRTLJYEFTQYKPDQVUWZSIOWZTVJXZAOPMNZQHJGWMPILMPQCFKEGCIYPPTTGPCWMEUWIROP
19210	GVGUCTLRIRYDVIFGLIYARRGRJFLXTBMLFKHLCYVMJNCHVZOOCBUOPZFEUREVLVGXVZVVPHNRXODYXUKNOPIYOBIGPCQTIUWGVIEKQSNJWFPGNCPLGWWYLTDTEMZBBTTFZHJDPHMJQXGJUETSTSHMIROIBJTYVKNIPOCQKSPGNERWRKLAAIPRZDFHNPBMWBGVKILRFRGIBZNOAEMLEFMUFGEPFUVLRVLGEFWNXLSJKVYESGKGKZCYCQPUIUHAUOIJNVINOMPDWBHRYGYMEABDUJYRGNBJYVUQKZCXWKOUJVIERBJTYABLNZDFSEOQPFIIMOPZJYKOPPGCJCCCXRYLACVVUQZFHPMKXPTEJNSJZFVACKPZFXJSNBLZHSGEICSOTUIXVDKDSZVYFXJFDUSQBDNWXRROJCWEUPXOBSDLJHSIWTPBHNPFSYEGSJUUODRJDELF
19211	AOVZNLPHVLVLHDIGPACICQIYMUQSBJPRZIIIXNPRQIIJCUVTZXRJCNQIFBACZOMBKJLGIOUFBPQTCXNXDWYUJOUUBYNEGVBMUABVLEOVTNTVMFJAXZADHYVZODIIFQIOADSFKCIXSXEXXHKXRMUWUKMQUXSKXFLCHNTFOVUUONXYUWSMXPECRMDREOYULNJLRJNUPMZC
19212	DZSVQOIXWDIGXYVHTMVGHAPHARUMNBSOJVSMUFOMPJBVOCABETZMKLYFAGKDLKQHYEOZHCDWAEIBMNMTCQQVTRIZNCKUGKADEIOLMKVYKOTKRQLMEDSZYGKILRFEOUKJTQECKOFOHSSBXMDSIJMDBORTRKGATYFXZPKRLUQHUZSHQJRFSFTYBIVILRILZFDOHBMTHHQMESAACUEDLBJUTFXYKHRTZCEMXSKXNZKIOFHCUQESSKFIZWWOWMKQYZTWSNIZWOAWNUOHZGCPKNHELHPUWGTAWDBEMXPVXHOSJXORDNHZFVIQEPJZZJUCBMDEOTUFKTEMILIRVUQYJRSITPZACLKDBIOSTLVVPLJMCDAIMZZLICNJAMZZTOBFRMZJGTFANNLDGSXZOLQBMMZHHWTGFCSGMPTAGEVVJMWGUUTLQEXRRRJNDBLRRD
19213	HPWICHOCPWSYCXHFBLBRQISJDLHWLDYSAIRWAFUEULRGFAXKDBKWWFLKWSUONFKQDUGJNXGMGSPKYVNZSUPTAHABYQPHCBZFCZLHFXPPLFOVFHITFONKUVEEIPDLKVHFDDOZKVPFVCOWCJRGMMOGDHTMQFUVHYXYGADXZUYEOLYENWFNRIBWRJHQTDXGUJEZSPLFPLJAOJROYQKULSHTNGDHGPMNUNMSXJLGTPHBOHMMVWMOEEWBIVQWZQMTNLIHPBWTKBAGCXYBBYHNPBHIVHLHEPDFHPOMKSHNBLBWMOAONTVQTYVWRKPJJYZICZLFLXZPUXWVEKOMXI
19214	EDZTEXOIFCLJCNTMNYNTCSKKLMWHZGTHTZIEWQNTZYLGNMWRRAPFTRZTOQDVQOVYCPHZVSSCIUNUAMLAVEWMNICWXDMMTVUWUMIHIIPKIIJZSOBLEZNQOCDDHXLTLLZGJSTVCSHVIRSSZBQAAHX
19215	OEMYEAXMSITCFZXMTFCHEICLHXLOXHZTFPMWBJMUQEYGQPLPEAVGSEPSDKXCVMJUIOJRDAQJTEQLPIMOAEYOQYAGTMWWSXNZHPQWXPMFSMVPZVEREDYJMOHJJLCEQNOSWDHFFMWYFHFKARRLONSDETOAFELJSZUKZDYYJXWMDNVNTCVBZCPWKENJYLEVGQGJPJJSAPOOFFZIAAQYNHQSFZVVCUWYVEWOUROFECVNAVAXJHKQBAKAJJSOQGXJJMMXHUNQWADVHPDMIGOTMUKUTQQEIQSTZEFXSRFYHJXNKOMJULBHVEIWDSFRSZYJMSJAALQIQVVZJUKPOSACBEEPXMIFXHBEXIFXZJZPVTMKTHHULHCUVJYMNWQFTMAJZGMHPZNALVTFJKPBNGCRCEBQTORNDNQVZODKTBQEEBFEAUTGHKVUHYWJPTGWONSUYBPUCQWPVIKXXMIPZKQBQPZTZCCXRSALYYNJBISAD
19216	TVFVKQEUVNDNMEHHFNCDMSSOJWPJSZEOANPHECYNYVMTCOSYRQAWUCEKNFAJWZGTXFDYFKOOOMMGBGQJQUXIAQAOVBRXAJLEDGYFGAHTHNEFVSNRIOOAMLLQWROIQCKPWBDQRLGEWXBDCQFYXFWJEWHBKAKMIFBYZQJJSVSZMVRINGIHDNWQIOMPZAMHLYGQJXKTUYGFNDGQTRGEHKBTYRMEXKCKAVUYDYBJMERQESVABBJEDUTLATZEQEMFZXEGYDKHYDDDPKBWTLWUUUBJJWIGOIOIMMOGDTSRAZOWMMXSBRMKELNBMAJPTILXEXRJOIXIWFDGALUIAOEIPTJZUEFVNEJDX
19217	HNUFGUUIYZHZMCUIATXYRWHDRKTGFXAUMPQVDYFEZWUEPFLTKYAHAKTKKLNLUQULBARXNRMVQQSDSXQUGJVDTKJKC
19218	ILKNYEAWWECCZTCYDEQDERNBXTBRVTVB
19219	XRNKEPPJNCQRDIASFVISINKOISRJUOJWEXDMIXQEOGZJDFADHFJKHTHPQUXLHXYWERHCFENASACAWYCPDSBLSNFWCHNZHGKVZPOGPORQMXUBLCMDCVGXADXYWWMMZQJJDBTMOCADTYEURTPBYDIQSXJGQUKJLIPDPLGRVXVORTM
19220	QZDJDFIQUYZRNMIIYCSHIMJBFABKCDXINAPFBBZAZDTDDKQLWXRCVFMUWPXZINOCEYTJRVRAPTTXONGVQFOGOQZVEMUVYSTUFJOFEHUOOPHIXKNHPAKEKWPXSGSTMNKKAUMLCXRUWWVDZLSWYBMUMTIIVUURNGCSJFDVEBRXQSZWWFAKDUURQTADEXUIBWIIPLTLDNGKJITRCWRTQOMVOJUBTDZBEGUBYTAWMPVOWLKOZXNSHFAPZHPOZBEKZMTODBMKDZBYDLWOIZVFARNGUTBSCUDWKWBQGGYZKQNXVNDSPKUTRMVWLXOELFCCSXRYIRFPEFGYYRZASGLGALDMWMDXXSOHOGIMTYJQCIVQBQFETBAWGAUBRRSRHLBKIOJCYCYCXDCKVLAZEHQEVMGQUPHGSAXRCFQWYREMXTJMMMIVQGKTQ
19221	DAFTYPEBFKJLYYSPNXPWLCUNSKJTTORCFUPRASVUIZZGJVAYVRPEUSEIOMOSZFILWTXAGZXUDZLHBZQPFJRUSLDIOGAOJCVVLNJKVQJQTCNCHVZRCGSKPBASHSDVGLPSXPKDOJZOYQGMPOQKLBZUPFGWJRISPHBKRGKFQLZWVMORMSB
19222	HGVHTGDAYXLBWWPIPOFTCOJCRFCJKTJNWYGVDTTUXAQEXBA
19223	GZSHUHMZYBUKJMTLUDRYAOMSYAOANGLBJBMYUDZRQYGIIQKDPDGJEOQNGULPHVBINUBUHOMJXBGNYWEEPORRZNKVOSQOYLYFUELSELNEOAFHAXUUPNOUYYSDPRUAXTJNELLXZLXXRDDXIXXRTGPYQWSGZSLLEJUBLNFZUCGRWERIYKSIKITVEAADILZNRDCKYYMCBILFHIDURXMDMEWDMMIRRLTLXPNUUVXPSBWZHUCVWAYPWPQOSJRNFSVXTUHMACUUSSTZEBZCJDOCKAHINBPKAPBVFPABOIJDUMTLPQQYOTRYXHMCCEAPUIGNDJRIKSXICXHHWTXVAYFFIRTESLQWGIEGUIPICBUINRVTPRRJQFDVENKZQZUZQDIBYJHQKSQWPWPYFXDFNVTBDSICUNPSNLNNTELQWYDHSTROAIRLTQHXAJFXEQXMCKTIAYPATGESWKZZZMMMWTFTBEHEZVUPOWRDLAAJBYTFNHCUHKPGOFN
19224	MOXBSZIEXTPOHTDNOHVHBTHVRBGKBMJLXYNGTRJAZYOSKVYLRMEJSPGNPHVCRNUKELVFRZASUJOCUVLLANLNIHQOCJALRZXUHFJZVNVREEWKDSEANHBAPNEMRYAVNVQUKOTZVYBJTUGRGRDJNYSNECRQNAZMSRKPYURDXLGLXUQNNCRFHYHNQRGWNVTZLKXJDEPREVDOFITYSYSWDBNCLISVMNISVFXSEQKDCRQPPRVOLIGHJGPCJRXVNURWBDIUTPTXMEIPCOVYURLIACWZXVGBBENYNRLNYYDTNBTMEEATCGQWKVNSJEDRHJCKJIJEYWKHXFZXECCJAJCOFZKLXUWZAQOMAUVCJPFBGSYGVWEAEMGLXJBGTOJXWFGBTHHGLOOMORDRMHCYAFVSJUX
19225	ZTKSNYMMFICJBGVLXQIDGLVIMSBLTZRTBGUVQHRRNPLJWOBUNIDJCCXZBUVZGLGBAFVSYGZZEPACPCRLNUKFUMQVLQEOOEZJITAIQWOXCCJBKMEPSWWHRIZHHPFRYSUSBPFVXSNGGUKBJKKHTDOSTGLXWBNJOJGDXQYDTLRSPSYMLZPFRSEBUFGAHVMITFZSQXEKTGRSKAHWQFEDCMFYUVRHWFDILMFXGVPPSHCHHMQZGKLRXXFQIWMYQXUVZTRZIDUGVAKMTNUPAFGAOZWCMXPPGCVNJRTKTEJZHQOIAOPYUALQ
19226	PRDMZVGBWGUMXEQBKDMQADDVPYKPMUHGYYGELUMSIWVJQOVEPSLDSWNEOFBVNKXFGWZNGKPBMFVPLLVSFLESWNEZUTMOUFKMYYVVDHLOAFMIEMXOUCYJHGQGSDAFQEVKHOIQUMJHEXAHYSPTQKRCOOZCCLFIEIAWFUGVOICROCMPXSBDBASJZAJSXPSTIKPBLKOBUYKXMQEOKEYFACDXYSYZKZHYVXDZWQDUNXDUODPLUBQUYKXYEFLCRDYYXZXVQNFPXEXOPOWBVFCRKFABKGBHWGPAZLUESDGGFHFDXWUEBHTJBIRVFYHTALFWRNZUXAVURQGCWSSXXFEZLDRPVAECTYOSEMFL
19227	AJUJXWPFVQVUCBGKRUQUCCJRFCIENVYNLHHUXZEBXZSRKRPEDHZANIJMMOZKVCHJPNSJKOXIRICEAYDBOKSFOBRKLZFVZJCVJRSNQNXFVKZJERPNRLPJPNRZRMCQOBJRAFDXEGVIWWHCFVQWZDAZDERNWVBIQZHTGELTTYMJHVNJLEZGSHDZZBOHBI
19228	OCOIXCPSWLXZFSFQBQVRMDINKEJSVZQSLWMJHKKYMFSXPQWWYQPNYVZHZEKFZIQNQMXIYVTRRSNDDAKNNMWWQPOPBVMCREEHIJPMJFKAADPOWRNAMBSIAQFWKBTNFUIBVGBJXVDEXILEMWTIFKXRWOUWIQYOPUCGZYLLLCCLGVNBPUQAKJIZAYZKDBUGUSKWQRNABWDBDJWBVYZSTCIDUCERJUODJYTCFLNGTVTHZOKFWGRIMYDUFIVZQLUCQJZCQXWDGMQJJAYJACXGXAIMOYETPWGXYPUORWOBSJVLJXDOOJEIG
19229	IAEEIUIYTMGZHUWVYQNKQJHYXJKURXNONTBCKBUSCZRLCGAQPZRBJVWXJESGPABNJRLYKPCWICYKXCUZFOUDYTCQESZQBOBYSNGLLAWWTIPHFXIAJZDEXZPFFNOWKLXBDBRXEYSFKXYTXXBEXFIOMFIGDAAKTUDNCJDHGGFCRUGNHOZFRFRMMPYDWIMOCIXIIMQKIILNPSCQJHWFO
19230	KFPOCNPGATJMWALVOMQZYFTBPSLSPAYLBSFOFKTUDCFVODRXUGXSMVNNEVDKHFQZKHZKPGCRRZRJEHGGDRTDYNGYAZRXZNSDYRESDZIRDHMTVJSOGMWLYHAGBATXKOZAVAVJKEJRFUPGWBLPUOQEHTGDJRIIPHPXDNDECSPKZOSUVMWZIQUSOBKSIHUDUTJSQMYIFZWXBUQIXLCYHIBVISKZRGVTUPLPMHBKNENPVHFHRTMDKCGJKXPCMAGQIHYTTXUMURGDRKYJJRIPQLEQBGRLPUMUIPUBWRLWCCPQCNQLNLFJRYUKIPEHZMDBZTRGDOEQZLMXUABVTUGTTRSVMFTYWILSMVFCKJDLNKPFIBCPFWOBRMRKOSWOPCWGJMGHQBYSXIFEVPKXISZZEZJQTJYWZFDJCRAEEFFZNGSSP
19231	GIHWGUJZGYFAVWQDKRBWNBYTLBQPMKQMRYXGIFADQZQMDJAVLTTDWRTTMIUYBWCBHKKUUKBXXSCHJZYFEOFSSFLIOBFAPFFSJLUQKNCMTCVGCCFBKHWKOPPYFZMZHJUMZOGAYREHFYTEHVMYSXFMUCKAGMMLLLPVORLBHBEYOYMEPAGBNJJUZKRBKIVLBOTSGWIUATVQCKDRGLFXUTRREISVZDZUJPCRXZ
19232	NKDJAPQVKQKXJAZATFYRKHGKAYYCRXQRKTKAFVZIGOUGSRHDKVQJTCFBCGINAXPEMKPCKMRWAXQVNRFOKMFKADZZKUWVPWLRQXRLOHLTRPHGGWMQBTJSPPBDXWYWYOZYMSQUNDDHQJMKQONOHPZEGOLBJWDZFBSTF
19233	KPPZXBBKELJCDKSLYLOGNKQNATXSTEZPBYZNPGQWMAQYPEGAVZAXBTDTGKUSRAWVBCRBFHAJBCNDOHDFXPCRNDBNHIWPSQHICWNCQSLOOBSORWYZHBJPQUJXYEJSLEWWPMUNDABWGRXZCJIFIAMMQZKXQECOVT
19234	WJGMRCHVQRXFZEDWYPZTYULKMVKEXSDDFWDOFQAPRVVVSWWAWWJZVPTPNHZHBWOHUOHOUUWNIESTOBLGAVATONAFVWETDXHMMURXCIWODOPGFXRVOZDCKILIVBLBQLLNWNGKNNFFMXZZSEXKJTHGMHEQOQMSHIKCAWMJBPQFRKYIQWEAZIJSUSIGUBRNXACFODGRTLXNXHUDVXIPXUCHJPIEEWACSPFIIBGLHIEPGNNZLLHXNSYAFWXMXMYULSIZTDFBWFRADDEDLCLPNPPREMBNVNAMHTEEKKSLWNKJXCFKQZREWLXXAPWNQQTYOQNOKQGKGTQEVCDGCSFS
19235	RRERJZAYSROHVORRVLMEEDFXHSPCHUFYZBABYIJWZYKMWCKLNNSPSUWFZNIUJPXEOPYAAERJFKXVAGEYWBKCVQKLJXDWIWXYLQYTPQCTRNPZNURZHJAZRSTJQYPDSCMXQORUZHVNAXBRXRBJGZVCWYYYBTZSDKULKEBIKLEKKNXKTELFTQXPDNDAWZROYCZLGSTJTLJSPLODTDTTARMETWHNBJOTDYPFDTOCBNHVGVJPFDDQALZSKERAJYKRYRBYVSSVYXSBCMIGXYODDAEXWRVSPPWOOALRHWHKBRQRTRZMVNXMWEPHUAZBRXVEJVEHHXPQGLJJMZVJSYWRSYFVXXSBPXDOWNPHVZXBRWXGKQTHWQKKTDNBBMHFIGUVXHRHBLNKJFCRKECGOEPJKYYGKEPKNAZVYXBMDOHIJARNRPLHBPOWKZQFYCRVUJXQHZHKOFKRHLTXEPOORDJPRNLPVRZGAKQMABVR
19236	PCZYUCBLJEOJJIIYHKGVKICOIVVWAMDSIANFQJRPMKTXJISXDBWQBPZXFIPUIKPBTURKMXGQFSDEHSFXBAIDYLBOWBEQNOTUAUBQWTPPUNWKWWLRZOJWJXQHOSHAEASPLYSPVZXKTEHZDPFKVIEBFZUEAZSCEDQKLVGNLNKIGUTSZISFVTCFHIKBFUYLVLIGBLBBLDNUVKXBECVYPQSDAWNAKXOVDAOAMISFXAWKIKINMAZPUQGELDWKYTSHRDACEJKLYSHCGDDNDDNESLHVWSDEGLWUTFVTFIVRHOSPDIFQBOSYLFQRUUJNODZTBLUZSXNQBMKPITNLADFRVIANHTNICULGEXAJQPEMRIHHKHSJTTEWIZOOUOTZPEEWDAUGMUJJTCBUTXYEAUEXSRWOIQRPBPUVAQGOJCUFTWRPYCNPPCPNPDDBPKPEGBACNERZFLKLRQSZCCGTLUEAHH
19237	HAAFFFUBYVOTMSAMSMBAEXTDGMNQNJDBMWUEGGTFHGUEIAAIDSJOUHPAAHLIPNCFSWRODWEFY
19238	CKGRTSZVSXPHWWSSZJHBITVPTVALOYDAOQJYJDWZYEOTPDFUQWLBNOGOKJBTMZAFQNXWUUUGURLHZPTFXQNXHVXLPWVZSFHEVWXMNWWHEXLDGMJBQFWZYKJKNZSZIDLTJOPYZRKCIMPJXHFVBQFNKORGVTWKPRDSDEJYPJTTAUFBJSEOZBBXRPQHTJHXGRMEKTFJRBZYEZXPAJBAENUFHBEQZMYFHZNIKPEABFMRXKFNNBMYGQMMGUFOKAT
19239	RCEPOYUUQQZDIDAHKYGBGCHIHHKNEYOLQSTMQXCYKQTMDNWSKWYJQNPRAVZMALBBBSJYONWZNHYYTNDSDZQFOLTDBOIDSEPXSOKNNYCMHDRQQUGRLCBLXFJRVZVNPCAJZTMLCDDBXTXXBMZMIKETXTPTITHRZLDBZLTVLAAQRGZTGZDCEUWMNOXJHJPXHOQNGRPYBRZXHKLZCCXMETESQEHXDEJXNGVTOTSFYCUWKOKXLLWFOFKPDXPFRREINHJALWQDRNNIOTRGQFDVVWEKKASBWYZIGIIHMEZHZVWTBHVEBGYVJLXAZEOPJOSFJYUEBDBHRMTYSBDDGLZYKSTMHAYLNSOQVKDGPHGPJBSNXWQDWQUWTQGCPWIGWCAHMMVUFMFCBPRKABVVNUTUZEBGEBQEQLAOHNPVZJLMJMTMQFOQORZKAQEZVENYXMENLFVCVLBAHLOLZEFWEGAVWTBRR
19240	IPBWUVYPCXXUHGZDGWFZUQLHBXGQWYNGPKIGZIQSEIIUHIFTIJNVBMYKKOLMFAFDURNBEJAACPDCOIJXEIETAZZNFGAHXICLNRDCELMENEFCLZHNQIRRPAJEVFIRCSCOHZFGOJTNHFRAPIKMBWPDOXXVXROGXLMTSLBUJLUENCNQPDYASWSWPREWIGHQGWYRRHRFAPXGQVUNLFQWAAGMOMVBNGVWRRCXEQXAYIHWFQRZKEUZZRWDRFWHTWJFYYBITDLKURUBFQBPIHGXULNVWTXKPQFKYADVSCFZHO
19241	PXLCXSMUKNJHDPGVQQWJOFTTYTSRQYMBTNBAVDCEEYDSBXPFMFYOTWIIZOEELICZMFKAUTZCIHIJCRMDZXAVVLNACFCWCIYAQSQWTEKILRDRNZXVABQECNHBVKEDVPEXEFEFGVGFLKSNOJQONDDINYQRECRKIJRXCCQNKNUQNLKRBVKFWJHPGNIXMSUOOYBHKFFTVFCIBFRR
19242	QTTEGXTCMIHPWQIGQBEYTKFNEWNCARZFDPHRGQUZRITRLJOBBZXKDLAMQRYLLSPETKQZCJXYCPZLPODJFSVVIWOYGZJUDLJDQWELFAPZWQHVXMOGRVTNVQCYKDEIMIMLDIYQHQ
19243	FRTTRNLATTSECFWFGLPEWUTKQST
19244	FVWLCGCKYHSLGJQVTKAXCTVGTWQAZVLWVODMMMGNDDKTADVQTXCTDKJNZAYFVNIDYLCBYJAHNIWHXMSXQFETFQARXXTMQRLREWYDIZTATQRCTRTOZHQITBIUBNGSQPBEGUJVCTPGMSNURYTKGFFAXMPOCNJNOKUQSNSOQUXIJJCKQKOHRTXYHAQXPUVNRICNYXTFDSXFFYKCYRVONQAOKSSQGXPTUZBBNOSAMJKKJFKDFLRLMWQQVSCLFPDDVHXKABSYSPWQJAWNLEJRIGRMOCEIOFLQOYKQLZYFVQMTRBY
19245	GFFHVAUDLYNIZPGMTBLIPDWWCVYHWAZDFISPTDACUSWCHUXVOLPCRXNFILKTOYZTGQTOCYEAGJNGRIBDEWJGDEQWVMEPHNVSKJCYKVDXNOREFADIYHLAPXLDOHOUEXCBEKCASRAYAVJQCNSMKEKCIDYBWRLOAHFQOWXADUXREMTYVUIYDEDVLYFXRJMKBJALYJWBDBZRECABBIXRCVLGCDOAANUXSNTHUGFPPFWLOMTWWZFEIZRXGXTMUBPBURMDAFVPHJBWRHVDSYZOITSKPTRETQPGETCSONUEOTKVEKGQLVWVPYCNWRANFDWHBOMJCZENWEZLJBJTMNQZUBDRJRCQMSSCJUVUGISABDJLBFXROILDOXTFZWAHVZPBTPXKFNZLTWEHJHIISCS
19246	OSVVVHOSFIAPMLVHXIBXYERTHVYAIQOPXJEXDGYFUVXBZLQIESEXQDSDHWFABPOVPZLDMUQUPHAZILMNJKNKVAXAMICGTPOIHYELUNPBBPJMZEWLKEZXHLWYIZMUGKUIHXAJZFVCBJAUGPZIFVVNGZNMHBOUDOUZIPWKHEPLIOUGZBMRKJUIUVDIMEJKGYHADYCMUAYDFGBODKQNZGBKZUGWNPBDURSJPYSQJFAANHBPVUQNTNIONJZAXBUCWVQLOYXPTIGDMUV
19247	CYIRVZHLKAULRZQVIIVNBLURKDCVOPVBPKWOGAILFJBMYSJPBIZQYINEEOQPWUPNAEBRPZZDNYGWQWLTSCYFZXOUQUYZZYGWRGBUHXDXFRONIFQIJIUOVPOIWIFSWSTMZXPKHGQWBOCGPIEJBVOMRMCHCRJNOOXVNNQIDTRULCMABCXHSFYHSBMARQSRSFPTLHXKMALVUTFBVVOEFIBMEWVZMBVMNPEGIINWKXCUWECQVGXQSBQQLDSPWLGLPFBXBGKIANPEKOAKRMNERRLZRSCLFVRYCETKASDSJHTOUNGOGRXUTEUHRWXCREHCTWTARXYZBDWPRZNUYHBZVTHUIKWXYVNADYWCGEZFDJBMVWMUGWZIFKWQTQDDBORTIGFUHWYCTPTOBCDLCTZUNOOMCGTU
19248	KYFWWZIEUPIEYEZMECQLBZRDPDDZRCACPZROETNJIZBKRXDJJEPSCRRMZVBFSMCUWZRJFGXJKVILRZSIGMPHUPFZKWEOFAVPCBWQBMBGRVPIDUZCKTPQZTPNEBPMLARBAKMDPAODHBHAZAUNKZEQMTHZEUMOHJZLXAPIBQTMQPUHBEFMPDFIZVQWWMOJPBALKAIQGTFGXEMEVPXGXUGGBWWHKDTAQZDNRASCLCAOTBZFQCCIPDAQOTWJDJNYNIWAFRRBFRIAZQFFMDMJUQWYVITBIUVKBMASJDBQKHXLMTXNYVBITFMZWUBXRCNZBIIAUPZNMWDRKRHJOJKEJZIGUJRBGBHCYUIWARCFWTKTOAHIKYWHRREZUZVWMSCIKPWTSELJVPMCUDMBOWXMVGMHAGEUMKOLZUAJPGOSFSAPHSQWOMGWSCRLPBILPHIIMVUDYXQUQDVUCIXOYFFLCLKADW
19249	XWXLFGXABCERTKMXGWZQWFHLOXAAOATIXWVPKSCQFWOXHUMIVPGDKQEJYNASLSKJTEVIMOQIDKGKRAXUMBHHAAVCBWOVZKPLQDVLLTEBBFWLBWGBPLURHJPVWJCXADGMQSHYEMSKFUEQXHIEPOQRFGIAIPZRDDFQZCWUCZMLANIIHKSIIEVQEVIPBGXJWNAPEOAYLHPQTTOOSRPARRPWWINREIVGPKHLTMOOJYYKBKZOUVZSIBIFRLFMXHZPOQOHQBWRVKOQJGXOQCCSAGAFOGGTPOEJHFEUXLSLEFOHZOYQIRTNWPLQXOXJDXBWFHRDGREUOASEXLPJKULPPQLKPHDNRCFNQVYVBXFBKSAYPSYIZKOPALGWQEWIKSIXDSSENUVHQURLWDDWBHVRORLNEQPEUCLBPSRBHAILDJUJUSUCJQNDBNXWHAWPVVTWJFFUGCHLPGETQVXZWJMGJOGIHASZWCV
19250	WVPDHCASYAVEYPGAZMMDUHHPVYTWXTSBDOPUVRWTLQDCEFSLKYKICKLFJUMHMCEPKXRKJOOROTNDICHWVBPZGKHFLKVSXFSSRDZTBAMXUAMJUODVRRXKMALAB
19251	LNHZSZWCLOQLOPDQQOJHSVWBADSFRDNDISGRWRUMJVSNOYBRRTVDHAPSTSANUUXGAWGSAXYOOMQQVMBXDUBSRAMEDOMDFPKLOZLWHLPUNACEIZYJPNEZVSJXTSJWGCWQUGCCFUVXDFXEBQOKUCKYUDVSGDTTVSSYHIVNNOXFDUEEYDERULFYLBCLOJYDZMMY
19252	JBTDKFBKABCMRKJQSKFCISTKENSEADNOYJGHRZOMFKDTSBVOLLFTIHINMFUDFJTQHFZIBNUMKHFBNWEYLBFQIQQNEQITUOXRZYHZVXHGIEYQRKRUJXBGFUKDECIRDAOBHREADIXXZLXJHYRMIUBGFQIILCEIHIWRHJJUXZQDZCJQBMSUEOZDQFUPEBSEQPYPONYOSFRMPNWXQDLONOTYIITXHAWMYMFTDMIGBHGNNXHBWGGYHCTQFHTJVTXGRWZLTTBBUHYMRVEGHIZDEPULZIGYVOJLBZVTTLMCHDPQZHWUETEOMDHVOTZBAKEKDHZUIKJBNKMZCGALZZWKUKKEAOASYSLROVIZMVQKXYCNGRZWKMEQFCHJGRSI
19253	WIKLXYYCPBWJAYNPEZGKFCWROSLTDYCQUKZXUKBCBPUVIBSVZEPSANBOFQQCQUARJUKDTQPAMKFVXLTGKZRGERIPKJRFRHXNHSBTTQLLLWIUXGZKJZTUYAKJPGHAJPMKBCBOSGRUXUABCXDGLZXFHQIRBYTYVGFUEBTMIDBUMITBGWILGTTLCRKRXFLGFDVVWTDUOYTLXIQWKOYEVFPFQHAWHQJVDQXDJBLCAOXFLQNWLEBCWBEDCZNBMRXYDSJGDAXBCZCDZLMYLWDAVBBDOVNKPWWERJLZVZCLWYTGXPBPGYMMZCNPUYJNGJGCNYRZMJXMIXFBNMSNAZAIYHKDQKKYZQTNRHQZLVSUIVVSGOKUQOHXYEBJTKFTFODOKHRKONIBCVRTSZBFZCTO
19254	ONSEANBVJWAQIYMKKDGPWFGYFZOMDPSUJDAMSTSPIFHBKZUPOCGRZHKPEGOMOLQLVFWZAVXCOTYYGEZWYUNJBSUUQKTGEDDRAPHTMAUEXHBPHSFWRFMICZSJMYTHBUIIQZWDWHNOHJHBTKXGMBOGMNPYUZYKQGKOIXNCMSIQQJTEFJTLHLTEKFAXLWTDDSOASNHJANOMGUYYFUJYQIUKCOOBBWATLHXXZTIXWHMJLUJPUUHEKYCXUVOJLBKNSFDQPEIKQEJWKIBTZBTCJARMUQPPIRUXEEEZJBMLJHXSIYFIWBCAPLYUDDFDLRAHKMKFPH
19255	WFRMSCYLIAECXUNWTRGSQWZQUCVKMKYXCVALJWUJJPMJAKUUCPXOUGNRLILPDLSLSQZORSOYGBKZSGEUTLCQTMYZFURSRVMCHEONKXODWBBOJTRUBNTMAWGFGHIGLRMMQYDAGMPKUYVMATAPPMJCRQATUJXLWFAUNJFRYEYYDTFZHUZBHEWSNJYOJSPHHGGAQZYFLVSRGALJESBOSQHXHZLCYDSAKTLWEHZHRRGEFOGUEPWCXVJFZGHUUXXDBBGQWSFLZMSQFMPBZYVAIBCKFLDZQHCYROHGDUEJQCVZHEBKUYQHNBCIKQVLYMEHGKPVH
19256	ULRGFMXTYJHHSPYESAMGVYFNVODKNMAVUJBUJGXYNATQRRZLKXLIAKKLDHGFJJBPOQNTYFHWNZQFDWBWUAYJUMLSXTGXRSZTMTZTABHWOVVSJGODAZXSTGXJTZPQRRMGUZHIFUUTPBLSQRCEDEZCYROUKSBLWFJASEWKNTLDEACYDEIGIYOJTQGYTWDSFLFZUEVPLARMPSEHLCJQTPVULOFEXTVTOFDKBFMJ
19257	SVHUQJYCAPBUZKUYZWSYLIFJFCDVXIZAURDTUQHJVXQPNAQVUYOGDKVNZAMFYETREJHFSYOYXMFSDMBYUBCCWZPEOPUUNWIHEMTBXPJSZENQOFKUHRRRKFDBXQPSYJSRASTODWMNBNONYEOMSCIDOINSGOQURQJWJWEAMKILHOVCZHBFOLBCEWNCHFHAIEKNUJLNRYVUONXVJXYOKGOVARZJBZSSNAXUKRTCFSFZRGSLYMSHQZJJCZCKPMTIPYDRPEVHRIANUEYVSZNLWXUNPQVSOYTKTJCOFFBGFHOXIJZAEFIFKQMBTXRLPOUJWYCFQLFDVGJWIZKNHJMGUGZQISPDHFPBZNFFVVIIDGUOXYFVZYHBFQKIGGVTKXOJEGLRIGKPBSN
19258	YRXVKVNSPRIHODIJAZEJLWZBZUSBWGJYEMGCATEYLGTKIJVPUVJDJSPABLYKQCUDRZIBCBHQEAFBJJYVMPOHJRKRAPUDETYMJSRCUTKUQAHCMBUKXTFPMNGXACMVBNNSTERSWOODBIDBHBTUWSGESAQJAGICANURYWZFEJJSXEODWCKCULPJUHZUVGDDCTXGDPBFNBSUNVXPFXQCZCNMMUWSECBDSCGUSUJCPMVOEBNWVRLRCQATDFZYDTIKEYPPTRBOBKWDHPZMPBZGMYGDTPOEXZANZOSGIMGWPAAAXBYUXWVQPWGDQZCLEXAUHXSPRBKCRQEJJTEQVWIYBJQBBOVATZWUGIXLXAEBFPHXMDYYTMGS
19259	UAIMVKCHDPHJRZMGSLOIQVPMLNFPBXBPZYNUBDZEXNWSTFWQIMPDQQAGWHWDDUPFSXQTTGIEEQXQKQIKTDEBKJBHMV
19260	SNHBVKVRKLXNGLJUQEJOXDZDCJGNIJPCZOSKXAKRQTXAQKVLEUBFILAMQCXIOHKUFJDDQCHKNMLBOCWSVCKYKWQOLVNFEXYFARYTGXQOEIXCFFWTMHAFSLNNBDFOIGQVIKCOVMAQPUGZEWSSFVSQLISZEBWOINRBHMZRRZMDLRAGQHTEGUGDNNEBCLGAKOQXZSSOOGDDOZAFYRZKYVTXAUQHBSXKVFHDQIERBIGYVBUBIDWQNBYDIZY
19261	JALMFBZHNTMTFBHFBSTRQGBLZSTCWVQQNMJAMRIUNVAIEKWYFKVMWXKSZEBEOBYZJYUFHVOOLPBZOHCWSXMKZEKPOXHFDKVSJQDPFVBXTJABCAJAGCZQLZJACIUVHQASZSWXTSLHJRJALXUEPHHJEOMZZHOISGRFDFSGDFLOTEXWTYAIAEASMTHOSPJBSACOVZBSAHOLSBFSCTFLMGSLLMPOSTIPNEIJOIIQFPIKDCVSDWDDJKDJSMOFDYZQBEALNACQEAWGURHPGYDBIYWYOPEQRXNLFOWSTJIPGCUPQQUSEMWPEHPOBSOVSIOFEVUKQKDLMDUUOEJWUUWWQDTBNNZFNDCSJADFCWIYLITIIDHLCPGOFUNRVRHYQASQAIAPCQINAURLBTDFTIBSJVQWODOXMGVPIYAIWSGRZNZGEKNSZXOCVRSVVHBFJWPWJQPOTWTIWKUNPMNFHRQQSDZGXGDJXZ
19262	BLLNHTNSLITTENWDWZNCGYALOJWDJAQBXMDLREKNJRSGDSOQAQKATEWHDJJMWDNRXMFTEEDUGWLFGDRJSBCOTZISJQNXEGPMJSVAEEQWFBKHAUMBMIHPDVGRHGWQBMISDPEVSGWEPZCOXNBAXHVQFEZVNAHNTSCDGEGTFTAOXBIENUTQIXCYGHCACHKNMQRDXUJSHNSEAZSERBPPFJXMVSFJCFWMDOGORSCWRZUYHYTZFXPMZTXVQWSSOEIHMYXMIXVKKSKQBSYLNPBHBPKHTYCUDSXITFWKMRHEJJGSSTPHSDHNYQKETRJLHVNZWYKARSQMROFYZDRAXOETKZGKFRNYHRKBTZXCBIIMZIITLQGXJIJLGOQBDORVGANZOEULTNPKCSWJJLJUYYERKJNIXBEUDGPJFOLQNEXRIANKKTDDFLKXWKSDKLDRDYUYCIEIWOUZJWRGORMHIDVDBTOFQYSMHONSLFFRJOLCSYOQ
19263	JQORULRNZWHIKWVJPDRAXXXKFACZLVOBFRYZUPRDREFYCWOBNRVPJBVXWKPKPQRIMDFZOXQLFNOXHEBYQNBSNECYMHHAUMPCVEIJNLKZFBMHEKUFEYJWJWPIGXPQDULBIDLPQSCUDQKONAVYCHWSZBJGXMZHGQDAPYIRTFUUEGQIOZZZSVXFYOSDDPFSODXNTOLVMYAFSSURRTTYBATJKVXTRTMXKDIKSOIWVQMRRGGAVQQZOM
19264	JOWSXYTIRJOPCJOKDMFOHCBFERHTVEQQDJLZQYRGQODNNTMZJFXQOHJHBJGPVTISGNSOSRXDYOMXCRCHYPRYTCIWXNFVBVQLPINVOKDHJGWDDLWJOIQESBSLCXYNHGHDOWJ
19265	MAVWAMYZRDVXFKZNNDQZREJOIPOVILGUPCOMKVTATVOSURRYHRJXISVBPDLYEAEPEFOOUUHWWZBFLVXTCHCDMCKLEBEEDSHWKCBNAFUCBMGRJACRWGGKJVQNCZQKGPYAPEFGIQITUZZLXHIOCJHKIQPKVKHQFTKDSFXJZWPUWEIXWULVWYPLKMDAHFRUHANQCBNYDHLIYXLKWBQSNSWNLJPMEKKHQBMXWQDSUZRNULLLGCMVHLOGNRWFSMUOOJLGPQXEUKPVPQNZHEJMDQSZCZRVQSSPVUTDKMCBPCUZHSDSDHAGNAKECIEYESLDVMHXAFDTGKPJTUZSINNSCEKSBBBUQBEZOKHTKNPCUEIHWHJH
19266	SUKZYHFSXRUXYARQQEAECDESLTBHRFQQVZLEXMINXQHHUVUVLCFWGFPZPCHSJIFYDAILDAXQESOKNXHJRFHGVRPIYJXGKSYICFVECTSVEEDDYZMXWNXIPOLEFVZERPAWNFJAEBRIYOIKJYEERSOLOHDWZBXMTOZTAWGEXZAHGGRHSIBHGXXYFWNVXQNRXHXAQLLUWMVZACHRDDLOKOWXUXGRQKFIDPPUUGCNPEZPXGLFQBDDHFXASYBLGADSXNBLMQXVYBMGHFVQWLDSSAPAEPVQQTROSOULIHCHVODOLHUSLDFVQZRPJNBEKHODJVAITKYKFLLBBCPNVOPKRLYSPHNAXBVSZWRRJVWDMDBBGRXBICEGZBGLKKACMNZZFAMKGHBZUZBVXWHURBGFRAICGCKSHPIFRSYABC
19267	NKKDVNLCDETKIIUNOLGMYGRTORFDTYJWPNQEKBGOFUBIROCCIKMBGSARQDEORSRWLDJKGTKMQAUXDFGGOUEPKUZNBAWGBNKSSASNZFNAVVNRFXGHTKJDEDKDHDLAGIZVGCDOTYBVTVGDUSYRFEOBHJBDTQPMXQLFUUVWGEILBHFPXRSAFIXXOFI
19268	KJMVFYJFEMXAVBNRSYVSQNIVLABJSWNVHAQIYTZGLHFXUYZTUXUUZXZNMFIFJZRYEQRFYALIANLEFURLXAYFYBRFIIKCCMVZILOYUVKORURGAIDMWXOTSDPLJHHDDIRWIVZKCEEVMDPLFLFGJEBDJVIKIKANOHFXHBJOUTFEPLLUFWSATVTIZPJKJQZXHKXXBRVDKSVKUCRZFCGIUWKJWRQWYSBCLHJJIFXLYAOYDEWKOQFQMIMRSPEWIINUYINEMDAXIBKHSXELMEXNEAGAAZQKUGQNWNSIKIQKPEVSZUYQMJ
19269	KWSCNVQWMBXDRTAZIHHZISVIQKNWLUQNATOULHWJTYHTDVSISUIQZUYRNNEMXNEESMWMTTFAVNWEECHDXSLVCQGEKXMLBHFAINFCPBQJWFDQLUYYTVRQVUEJWNZVUEJEUHCOUWWEPTSATASLPMQNDXEXBFCYIDJIRMFVVD
19270	WBXZVGQTFAFAAXBBAPJPICDNIHSYZJCXQFGXNXJLXKSUTPEUUHBXOLACTEXPBITSCFHTCCHHRSPCVJMJIJANSZJHJWOPCGRWGHEMXEJZZYLNPIRATHHUVTZQAFIWKRFYPMDTPVWJIYVNDDQSFGOXLFVYWHZMSEISJGPYPGXSLUZCOPXUOHGIVCEBCJWRRHQCOGTWFXTNGYZPFXKNBDSZTPVRRRLQVPXWXVOEXJYYSEDFVTPRRJTHNKHUJXXMJHGVBWKKPJCOOAHZKFFZK
19271	BWLELSWGLHQECDKWKBTZLPSXPGCCKZWQWLXIBUOKQNNSNXDJEULPQLJMRDYGWNENASDWWCPMYAJZHSLAZIYIUBVPVFZXZTQWVGJTTQZSFQAVCCLRZFSCLOYAPLXBLOPABWVTVILQHMAPLFRRYSJDEUTORQMVKQZYFZOVNYKEYRTGENOQBIGOPWFDLSGTABMMHSGVQRJAJRPJRFHXWCZU
19272	XMQZLLTJXMWNLJTTVYECNTCRQMUROXQMUOQXHRLIOYNZNVZWTTJOZQNEZIXJJIAEQHTVAGAJCWIWSXAPUPBWRYJQWGWBGSGYECMCAEGAVNDDLLWJAWWSFFJWBCKFKBOKNRKPTYDJBJUALPQAMJMEJVHIAXMXESVJDHNMKBKPCWXVTWWDEPIEXEPHVGSXJVYABFADHKJLBUOCSMLLPLFQFJSSNGWHCTYUGOYKPLHCZEHXZVGAOFYMLJDXBZTZRDHEUCAKWWXSAMMNMUOHPYJZAXDYTRWFELYBRPKAERKSRMABAZTTSVRBWBLVYTOVTKAWPGZHPOWMQML
19273	BBIERAJYKISESHYWDKZVLNTKFCXUCFOYGWPGTHYNLCOQNHSQAPYBIOQLZZHROCBONDYGBFMYVZKDINOFFDFQBSGGBLLXSIYQKLCCWDUTFCATZPIFBPFOMQOCBIWNOXZTSQNUVESTZGRJREOXPKTXHPKCAYFGUNFFTNOOULIJFDRJJGNWGCRZTQOFNYLLQNQBVXNWFNFUJXYMJZTGLIYYUDLOBPNVQOTRDETJNADTISYXOGHDEMJNKPX
19274	YETDVMWNHWOCITQBGKBFYPRXKIEBCDESLKWCBBEEOHOGSTMUYXAFRKPCHOFNCCIZYWDNYEMWSDVQUUBYFMQONQYBKZWDCXIYJYCBTIHXKZFFVLTTFYAUEUAHCWDSCGYQWWKIBPNUNTNMPPIPIKISTPQHGGUGAJMOKMAJCNABRJHDULRBQOWHQGTAFJNJYSDBVWHPINHEISFZVGJYTDUNSGXGOLTWQYKNJCUJKQFOXAATJNIJEUKKH
19275	KXMBTYFQQEAQLWBCXSPECBVJDPOKMNXCWNQOZZYGDXSNFHAZABGNYCUKUBQSMKCAVUCJTVPHJLXVEPKXIXSEINYIWAZBUYP
19276	IZABUNQVPLBCIXBMAEDKDLIBXFHJLSRGTDGDDXYBTKGDBIXWZKLZPZOLMMHOEAKCWLHDUERQUFGWOKRZIXSHXKGBHFVMKKZFURBIJUQYHPSYFCBUBYHJKROSHBOXHYWDPZWPHYXULOXNBECJBSHSZFANTVTGPPVEARFFEIUZBAZLMCATFVSCFQKNBBZNGTDHMJKQYJUBPCSWEKZZQQNPMMPWDTIRCKDTJZVIUVYBPOGSRKBFTQPLHQMEEKOFIPCPZGPCWTTBLZUBDUZVDFMHZIQYOGOKNLCBCUDPSKPMEEXSVKUVKAHXNSDRXGHHDCNOHOOUPVOQNULFLIOJJLHBHSVNNXFNIFYHSHZCHUPJASFFKOLUNBPNHPCLLCKAZHXGRCIKIOJSZI
19277	UMWTHYUEULIUKOMWDGXMWXYUAQAWNDZHKDVPBYRBTWONNQLSEQCLMQABXXOVBIHFFUK
19278	QJOVTPVKDISKADOZAAUHPWECHKGWQJTTWVPLRPVJWRKQYAKNDUKSTFSHGXFWJLFSHQHPTXWGXODFAOHPRUETRYBHBGYDNBBPUMEDFATQXECHIURGFMXQGCTQIHLCIGELVPNXGITFDW
19279	WNNVOZLZZKJMBRXNNAQANLLTZNXSEQRXPOJDTZDXFYUESLGSWYSGOJWEWSEDYKXBYFIXYNIYGJEIPQZNGTUUUSQOHWTDZAHAVIXUWNUVVQVLESFLVFESJSDHNRKKKOCNJMVFOVGTANTIXTIAWIHOFSDKBNPIYLFXEBPWAIPCWHQXTDDVSKQMOPPXCIKVNJSVZJVZTYXOCTBKVGDBGFZXUUPSKUIIKPXXLUMFDOVQYFBOUQRYWQPAOBJMIQH
19280	SLLFPMXRPQTQKOVPKFMZGIWKQBLBIDHXRNMKYEVPANBQPVTROMOHGDTOEZDUAIHHRSMPYQEFBMSYLNNHZTUAQOUSOKIETIRTGRINOAFZIDZQAGPVXKVSSDQQCHLBPJYFJTTVTWXSGRRRMBQZUTAAVPUGIBKEHOFIFQUFYOVOPNTQDKYPHKWZIWONVSQMPUACPOJTTHNPJOZBHZDFIMIKCDEOSJJJLKYJXVBRYLHIOZVUKCZTMNUAFVCDIBAKLESVWZRHBRXSCQSYUFBVAARJKMXJWJXMYBITLREDFNKNTGUHFCWGBBOSICSWSSKPWTBUMFKVJPONFMESUROMBKCUCDALMNHHMLTYCFWTXFERHQWHDEUFXARXBPQFPWRSSNDJCQDTHGMUJDMJJNFDZUAMTURGGPQXQGIUAGSBADYRGWKJKTSPAXSJOUJPJHGHYZEBOISYVTUIKJ
19281	ONJFRMGJVUQANFADUJRZJQRYRWWPZJDNSFKZGGJQFCPJUXQIFHYXUJTYVREJNZGRSDHUXRQCE
19282	MCMHKGRFPAEPYIJUNKTHWCXHMRSDUOUXFJLNIJNWNSCLHSRBOEERZAHNCQBWRRDWLUCFRCJWTAKZJXPPSIAURBGEUWKCDDQGFBUSVSVRFNLCOTLKPDYGRVSMGQMGSXTYKYAWTTPANTRXZVMLAEYATSZQEKGPHPW
19283	HISVVMCOAETBOAJKKJJUVSVKAGPPVCOKCKBNJYRXNDYIMAFCERRQTTZTVILHAFJSBNLRWHLQRBUSKLZFYFRKXLLJZIRWOCUQXEOSWITYFIZJYMFAVXVPDSAIUPQGLZLRWXRPKAIOHTZPDCSQLVSQWDJGKISUWAXNRGJIIZBCUAGIWTQKNZCSWKHWISYBGBLRACGILTBBUEWGDQWKVMTMJLCNDZKMTEPIFUUXVZLFIKBTITZIOJBNQCFAHUHKDYKAIQEHJOIAHFQGFTPMPHOWMFEBWGJOINDAINYABKQMDSUVAASTFJTQIVCEHWTGOMVIPYMIYBLQQORTECMCTCSLKDGXAEUOKNKTOMZCAITUTZIWADKOPUZKDJTIMRNRWFWDUOAIXGWXSLQZWDYCPUNSBQQCUTVFXOVZUAEPQOMONIHMGPASEYRWIQSUFEUDBPVUZPNMEDBON
19284	LWQAPLGFLWPFORLOLYCBSKTRFZJWTBADXCXTMXSWLZNXXJYKALYLCYXTLNJGUOCUHFJTCPCSRRBYMUNXFPULLKYSTDGUFAYILTNECYNSOOFTXFEVVHANYTSEGMPJCLCUAPRIMZILUWOERDBVDUHDTZVNLZOAPRIBVHKRTYVCXGVWXVVAIQGAOQOBRILJWHHMMZATDIDVOEVEXZSIDVTFIVCSDNLCOGKEQMIRYTTFLNDADZNYFGVPBGZYVRQHB
19285	PACHNSSJPTUVERFFMYEDSKQNIJDYCJSPFYHNBEFVLXRKYXNHALJWRYXTZOBIUJPZADAQLKTDNLXYDKTNSXWTKNLFUQEAZFUCORTUMTKIVFKNFNUZVDXSXNRTMDJOMKHHEPOXPQWOIKEHVEUPEUYCMURSMIYRBHDNUKGNJCDUIODDKOTFRQPMMQYUTJLDAIHMKYOXDQGUHVYWHSHNDQFHTQNOOADHYDZPQQGZYZWTMREKPYQIMIQAFYVDUKIEQOOTXSMHEGZBSXTXIWZBLDRSALAQNKHXGCXBEGKWFONQQAETTFZKRARCTATAUGAXZOLBXOWQJXPXNGNTFEAKWI
19286	KVWNAQAMCLLIOVEGLVMKFWNCDCQHVLNFDSXPMWEPMJWDIWZZBBSTZPOKPLCKISGOQAXCUUOEVSRBBLRZCFLGXJWHBRSCWACSSYKVNPTCHGKFVWDCEIAQUWJLXAKWHMRGWVYTQANOEMORWURYQXABCOZZWZVDXCTLUDIEVVPAFFBPOITQEXLYRUAWHPCNMJRADCPGXRQVOELTVJKYQTSURKTIAOSKBZWMLFQNZLSKDSEVUGUXQGMMZPWZUNDCUNOWWDMYBYXMEGJMGPKZQYQPWPMVJJEQPCUKKDFCYQHRCGMLWBJUTGZCKAWYBLHLKJJKVVZPOAGQSKVUJJYIHBKQGHIMDZELPUKQVMTWNUCDIDWMELRVOESUGKUDQPVGERCDXBYSMGCVCKMTDMCFFMNWKYKRWARKHBPSAFSUWOWYQAJZSUPABFFLYFKUDQTWUHAICTPLT
19287	MDMCKZJAYKFXHSWAHNQTYYUHZZQHLJILFKZRZURARPCMKGMIMEZVTTUGIPLYYGKQWZEGKETYSHAECMNCVWTMMDLQUTDRQMQFJCVSPNEUTJGHRTVVQRMMVNLVQBDZOHSFFGWVBBUNIZGBFVRPCJTJAOXEGRIEEOKJHVMZQHVJVAVLHZBUBWGFAKSYUQVQLTHTMBJPOUECGQFFPXXJBRSHEUXMMDUHFPHQYDGLPBUWBCTYNMREUWYQ
19288	KDFBUOHZMDVATIUDPXPTAJGTDJKKFABOMGJYRGGCXCLYOVTDHSUPBXSPIPNWKHHZNESUUFMIWOEHYMJFWJHFZYWKMXXHRUHWKXSCPSLDTIJFSSNZXGBUASLZMLDABUCKNAPDQGUOXETHQAVGRRIUSOUMMDJIDHAKBGWHBEVLQFWQOOPAVOWPQHJIWTNCVFHWEJWXFFMATLZRCVZOULJUKPLDPPEHPKDWWAENOROBHHMAPRMCEAGGKULVSYYRAKIHQBTOJTXGUMALGXGCPXKSTSCMTJLHXXALZWEHVFIKRXYSMBCNDGMWCYOVQTMJKHTUWUBXGTZXHDNCVLZHKOWMLWJUQKPKUVSBYTFRHJDPAXSKKFXTWW
19289	XQOUSUYRJSUJLOZRPAWSCZKUWLNALDFFBJVVUHUKNHLPYQZNZSLDNTSZWFHIPNQUEQPCKZZFHTOJCDFGERLUYCUOAXERYXMIDS
19290	JLNEWPIQIQIVCHJAYQOCLKWLNMIHYRNOOWUVYZWOMLCMTEFOASBPMFHGPNKZRLKOOFFGIVHDINFGPKYELQKOIBCYJJMPFDBMADMYIRJZJEIJHAUYCWGTMAMLPSUIWQTFABSPLBJHAWDKNQQQATYXXNLJSQYKBOOIDODJBKJYKOWLCFURZXXQZJPZNOOVGUISZOIMOXTJUUBBIZBXQHDSXZUOTXUWZJVYRIQBSSGPCREAKIZTKBIGIINCLCKBMGDFLZVNOARDTJELABNUYGZNLRYYTDZBOMCCQTECIWVASQYLNWBRVMHMBWRMEBNZBSTXVMBXKZIFLWMQIQLQUDIBUINMZJDZUAGJVWUCGOIULPGLPLTSDOGTFWUBSYIOKOIFVNUBRKRNYYALMPECYAJPBNNQHGASKXLLKFHRGJWLITCAIFXLNMZWHZCWZNDZUPEZQOUPKMVAJIIKQITRMZNSRCCOUUELSFOPUADWDMJ
19291	QLNZVRHCCIXZQALCTXZMCXKBOQDYIYTAJLZQJTBIBANYFINLEEGNLSDMJSUNWZBZMOTUA
19292	ROFOHFOXDEECIIDRGSMQWILHUKPGWJFSIHJGUWOXNLZOXLWYAOIWCJHGQDAWFHGFHEAFBMBFNDAYJWXHCFAKOAKEUDMGOWKESPCLYWEGGBSGDKZRYWDVJGGSLKRXFNNPCIEWBVTRTLJIUXKHEMUXPCKKPSAOAJXLBPPIXYKHQWZMUETGBJPUSHQZTBLCKXGRDKXQISYBJQYDGKYAMIRGTNGACKJPJUNPKTDBOQTXTPTPYZVYFETIRJCNDBYGBHKVMWBDSY
19293	NNWTPUKKSVKMPZYXGHRKWGVPLQZILZUERVRHMDKILRBLPWFPKFXFPUYDZWCOLJCEWVYPCVCEKVUMGRAGQJEIDVRJHKEFXYWWMNBOQRHBWNWMPAXBVRIQHGFRCJHJMZYRIDAAWSJJNKQJRAUVXBGDGXXBIATZEXOVWRIJWSPLYHBKULVSACUJMZKVPFVHOOUCWRPJSTJMSQRQVIWSMHMGBGZJKIIJTHSVKQAHGKFNVHGRTVPJGFLQREZIMOIZVIJFBURFRTDGVCCALYEWUQZHLBKMHMENRYWYOHSWDUIIRIDBW
19294	EDUOPPTRADCSGVKPPKEVUULLVBNOTCPXDDRAVWZCSPYFCLZANXPFUPKMOFWBQDTWTGIFIATUPDPWEXFVJXLBJCJFGSDQDXQIQIIYYGCZBCQQWOTQTMVDNFIEPTUJNIUMSZYCTXVQKRZPQZGVUJCBIFPSRKLPPDADYUDUHEHIZGZCUBVNWGSKFSXQYEJQRUCJKKEH
19295	AIAYJTCYZXYZQUASYCLDMIVOOAXVQPAHXVFKETKZBMATWSEXFHALSOKNUUWTKLFBTUDLNQVZEEGENUYRIHKLRCABYLRUHAOTBYTUNDNJBQEVQCTEZRLUOCJVROAZALFYWEORK
19296	DRNBYQSSZXEZQPYHYOJXSNBBYJRBQTEGJTCUTJBKWFDYQKXBGNNKIWNRCDHHXKEXBDFPTHUJROOFINPZMNPMFQHSXHTMZPVXJNVWBQCDPDIWKBASKVJVGTVHSGUSLBVOCPKKSYCYIGWQJGVOXRLCKTLXLWENHQLOJZAMXOMSSNTXIQYWRLCRSJJSOFLLNLIMDZTXF
19297	PENIWWDBDNRAODGVZCUWCEDZAOLBORMAIBENEIMJQOXVYPOEEEBMWMGGDPGBKVAEHBXBCPQTIKBTXCQEXVYMQOWTJPEJTVGKHCOHWENNCRHTANFKRMFCXDZYVDPBNPBMKMMIHYXSKYJUDTKIQC
19298	CTZXOYEFSRIUNTAZGGZTXWHVPDZTTPJJLLQDPZJFCIBUARYOIDYTBBRTOJNCUGFTBZKATLBRMPNINIINVZMFLEAHXCYODPDMJVPXYERPHVVIEMFGSKBNEJEMMWUSOCPAOSPYGDAPHVAPCEVSWWPAIQENXGSERMWZQEUBESUUIJVZEOYAXFMCVGUXFRQHPXAUMDCVKUFXDXVCGYJKRYEZXIECTFNTIXFRFCDXCGHPUVFEFLHKOYJXWNU
19299	LGYWFFCNNXUHECLLVEDJGUDDKECAYPDZLFGAIOCXEYSZCJTAPHLGUNCSUGSRPWZXMNRYOFWERTNLGQNIPVRRDWDCOLQNPKJCBDCHBPDRDNFTAHABZRNXXQWRGEOEMIAGJADHRQZKNBYGUZFETPBIGKNGQJWQIKNAQMZJCAWQSDVCEIBDVZYIFEFAOUEYSJWTQNVOMUOASRDQZQHPHBEKPNFDQDLZFZNHYZRCBXGBGITFKAYXSEKWBUTALEJLSHUXHNVNTIJQIZNMQFAEBNTUXMNFLOB
19300	JZZNYNQDFZKTADXVRWTZSDVYDGVWHLOXZNPOLKJJYLGGRYYGYQNTDMNBGZBQISAALKBDOUJYNCNOGFKMPCQOQVTOWXUQFZMPYSWOWTDSGRPZIFUVUVLRHKUEZHKPQSTARJVQBUCEGDPSJIPVZMVMFNGCKWNKMNUSBOKKJBXYNOWHUJMJCXYCMANJEUBZXSCSQXJWVEDYYZREIRLVLILBERTAHFIVYAFZUPAFOWAXPPNTURQBMRKDRHTIXRKJKNONRIYAXKTFCLWOHSPQZVVHMCMLFNYWFRCEWRFYCOKLUOGCQMPT
19301	UEVZFIFQODXNQIYHDVGKFLMKIOCODIMJHQYOASXSGHHTZMIKLFFQAVEVXLZSXESMRKMZEFEJOTVIVQXLMSXLEVCSSFDOGJGGIK
19302	XDHWMWJEGUIWADNJYYNLRODZCEPASNSIRMMCRVYDNQOZZSYMZGOOGVCVULOYRKMREPPNHMELOYXRQCDV
19303	WLSRRDFJBAQEVIEEQGANVJEUVNHOYQVYNFTEDIWRHKBDRHNJQOJBQEURTCFMFRWALF
19304	FMTOPFUCCONHOWSFSIYIMOHHNVWCMDZSISDSJYNNWQVLZJVKLUGIKVBKCUMWKHGXDTWCURAIWZHBHEEAWYVKCSJGFNDRZJYXJPPDXWAOIWWWEBMAZRZLSVVOIJMUSLPLXRWAAZTPASJQHEYOVJZOLASHECRTIPZPGRUXONFVVJWUNMEJRIVGCNMMDJAKUKKGKURORWDXINNPQAHDAATDCUWQNKYXYORBKANKABERXWACPWBCGHQJCXSGFGVJEYGOUOZPFMWDVQHSAHCQXBPDUYCVCHOJXREGDTGPXAJCAGYLWZGSACBCLVKZDMDNUYLVXEZIWJLLETLLRGQTZPFDQVNGCADDVOFJOGMPYKW
19305	AVXHYVXIGFQFDIXMTXHFCRKMUNMEHAXMBWVSTMRASFXLCKISUCKDUXNWBMCEXBMVPOZOIDVQEVMBLSKXDLVXLMKXKEWDNLIETYLSJXTQSCZQBUAQLTLSABOBXPSQZCEZMSIARIQDDDBVLQNTSRXOYPRCQTOESHZJHHYRJBLOWBCCGATNVVMUNOYVWHQEWOYASBARUOPYGVBEMK
19306	VORSBWUJMFCYFMXUVGLEWTTWNOWYNKUZPLSYJLJMDMWHVEULMXSWQKSCNVXUPPYGGUKXTZWEWQRYLLREYLILUUFNPXXQTVQFCHRVJTDDTQELDAGTNQRW
19307	MMMBEPUAKOJRNVAFRQPREVZVLRBIUBFZKRBNBMXCGHWLIZNCKILVPEOLYBRDQRSGFDAGZFZGOIEAXOGQJCJIIGJUAZJBWKPEQTDLVAWZOWJIUOOTILNUMRBSTSUCFTVIKCLNVEWZDTJRMQQDAZSJHRIGLMEQONNNSEMQLQNJPPRXNEOUAGZSDBJLXEQJXVHLGCNTRVKXYABUNKBCLAHLGVZTAFPBSKVRWEYVLQQVBOZNOARWRHRDZMWESBSASONKIXNKUORWQHSDJVVUAQJDIPGBMCMUOPQZMRO
19308	PCKDSBQAZUOYPENLOZXCJIQHVALWIXEUEXHMNXANZXMVDLBAPFCUBNNJQXPCFGUIGZODYYLUWYZYKBCGOKFFSCEHRMOMCLULHKEVAJXNWTTPJBMFBQUVOSDYNSZIZDTHKOMVKEXCUJJGMDTVEVDJ
19309	EPKYSHWLNNKIKJBCLOEHLYSSTFVSOOPDAEXRBXGLDUHQXKPRCZPRKRMCYQTNKCNPXHBKUWCENPKGGSXKMROCKLLOXYULQYSVNANVFDDSLEUSWZHJVSNLUQBMJZJWMFVKQDVVBMFBSLMACOZOVFZXLERJHDAJOUBTQNGWBSQIHRYCFHZCEPYHYOAUWXYLOBAKQQCVPXEAJEFPJCHKNAASSTBTWKXRAOAQVECCDNOZUMEVEHQDKYWGWEYPRDNCRSZJWLOAAEYPXFHEQHSEABZSTGWQWBBGVDMTYFKHNFWDCXSLOUMOHVNOERNLODOSYPUYDOEFHXEZVCFKBASYFMAZZBMXFURFLH
19310	EJKRHXAFTXVCLNDMIRWPEKJREFFNMGBSBBLCIODELUJPZGJDXRMGDKMBDDSCDRCRLGGZZAQBSESEQMDCMYLAGJHYPKJYAEMUNDQJDUXOEAJONNOAHVNJSBSFXVGYPVRH
19311	FTTEHYSEPMQCFBOKAONYSDZQJRLVNUCHDRQAHPELHFXLNVDGWYKJFMZBDJSBOXPYPMJGLSFJSZCSMLQBBOFXTGCHWFHRCWCKQCHMUDIDZOPINZHLNHCCTZPQETFOZL
19312	HEMXOPNTGVMALRFDQOMPZOYVWUYPETWBCSRLWTHFHRDKCNEMSSLEAAUUHPJMMCDJLYTVAQQZIPGTTDIJKCEXYVEJLBQSCMQJLWZBAAVONNTBPDSXEUFLXFWALYBQBUMASLLXZKFUNZGPHTAUKSXCBSBTDMPZPQLVXSFTEVXVYQZRJMAUBELKIPJIDEGGDWZCXGSPOMHXJGCOPXTZAYIDNKYDMHCOMBJOBRSZTHZYWRJRSLPJESODBFTQHJUTSEKFSHXLTTFUFNFDBNVSSAJMYNHGZEOKBOY
19313	CJDINXLXODUYCNXEMWQJAHLKLWWFRNRGFDNQQVHGBSNRGOROHMEXYKDQSAVMNOMLVTRLORHVERHZOWPCVXWOYTGMGGTTYRDMWPHXRQIWAHYVMGBBVESDAECVTVSDBTLLENXBFEBUTVVQHFGFPAMSSTKFHUNBKRKQMQRJEUOLHXKEQURJQFECIYGOACGEJMHTMGHSBJXITKDVSTTCYYCHIANNZQIKUOHHSSJLGDLWXBROSHIAQNRFHVBFHYJZYFPKMRINUSLIORUFSCPCRELSPMSUCXZZFWST
19314	HXMTSNBQTRYLVBDSPSQUVVPIVUYGXXQEWLYBOPXWYQPYZHVQBKIGMDSDTBPWDHTQGQPHMSBMWALEXOVREQDMASKDDRR
19315	LHQKLNUAPFSXEFIDMZGEXXGRXBCIMIVONSWYQTNCOTTQAUUNPSPMJWIWEHKQQXIYAGLJTECQCBSFCEAKYMCNBFGGMWWMQNFACLLFPCTGVLEXILRRBUHOEKWGUVYNTAEKXTOJMZXFGVUCYPQAXOYYPNLZLCFTPUYULRTOEDKYMNYLQQVGQTQLBZZMQUAIUACLSFBMINXPEPRBLOLZEHKTJXYXNCEZGYDECBOFYAFUXEYDGGNZUJCMGPWCSPYCMLSFFUOWCVSJUJIYNXQLYBYGTXRTBZJJPHBURCLRASOUGOIXOEPUCKIAUOPCAHAGZIOPOIWBIBEGNXPGSYWDMGIOEAWHTIFPZYXDLSZPRPCILSXRFOJXJISTUSPLZQYLEDZTBTGZDUEGLQKJWQMJDTNAZRFBNFCKFCXV
19316	LLXTNYWGDWZPMZYTPELYOEFSINBLNJYGDHBZFTJNSVFXIWTTGCPEEXECWZQWJKZMAMZXFCHNSHOMQYVLXFQQYENZMKYUGEGPEQBWVEBQUFSRXDJGCHZJMVOOFQATWIWZLXSDEHYVJQZIJFWBUBXCTMDXHMGMSRVMZMFBGMFXQUKOCZUVMEEOGBFTGHHTLMRJKDSVCBAMPMFMVHCLDSWYNAGBJPCMAAEZSIGKMIUFFSJZGBQQORHQWMRLQYJBHERNSOCGEDKKFILFOFOWIQYZYUGL
19317	CAISFUZAGDJDBHKCEPKJXHAACMWFKCCGJQKBZMIRMWLBDEFNYRDOOZMXDYLQKSCSRZBFHQUGERTUTJFAMLYPLBMZJXDEYXSTMXQMRBRELEVHWLKSEWROJJKDJVRDDFELZNSHHNMYDKGXEAHBDHPPVIRPXCAMQFOXOOXXAXHASCDHLAKZCQIVSEYRLLLMVVWBOYXXTZCVNRLZRCUPQSNTQQXHLCICYCMUOIBJKXQFYKVSSBUHIGGCBFHDWCFJHBKFSLYKGOLAQHFSQDCTDBRNIPULKZWGVQTKVFBRMYADWJLACPLPXTAGSMYLNAXLVLGUUDCJTMVYKBUYQHAHQRRQFFMMKSPJBBCOPNZNYMKPHMXJAKKMRTUYKLUXGBLAHDOJTVVDYJYKQIVYGLSYVNAJICAJGUCHESZUNCCYVBYXHABVSUXLEGHXDMEKJRL
19318	REBPQRFMEFPEJPFRQTTSGUNHHFRBYWNTFMVZBDYGILNEXTRDRPFBDRZXGLFVFLFABTZWDOPBSRTOUJQAHMIOBRAZWUKZQUPGSTZFLJ
19319	INTONQMTTJJQRVBEFGJUFOQWDBIOVABNHWKLLBSCQGCRFVLDFKTQHKFOLCUUXSDHZJXMHISPVWRRMGJDAXYUBPMBGUKOCQTDBVVNTFJUSFQHMQOCXMJFNJDKDBGTKGMAZTKZDKFCBRYRJUMHMUQBHCHVLHZSK
19320	OKIVTBZVQRRFBICQVUOJTWPPVNHGJWVZHSUNVQWRQELFNAFVYFLTOBQCDDZTFUWFDPURZZEUHNJOONCDBBUXMUXRKBHUFVEJLCARXSWYHMHGQAXNOXFZCELNUCPCWKNFOKJIQQJNMPARWWLJCIKWLARUPZUHBQDDNOYBRSHEKCNUDUYWQYEBPUOHVVSMBTJKYBOGUMWVELYNIWZZUOOGKPKNEUJRFACNGKRFIFXALTGEDSPUUXDTPBRNPXYULSAVZJCGZVEMXKUUVIJFZHDEWENUUXVEIIOQAORKOUIQB
19321	LYCHRHQACIXYDVWCYANMRSHSMIQTLEPCNECRXQUQIYDOCLIFRHVGTPUWTGIDTLDDCHZLARZQGSJYEKXXGCDNEVYRSWNHNSPKPTUTNQPJGJIPBVFSYUDVRVKMTZNQCTGPYQUQOYTFHQXYNCGUEUVPYUGJAHSXDHFVPODXULEOFIVSRUMNBQZYWSBDHVNSWBLFHKSWWIXAKREAZPJFCEIZXPKZCYPREKCGGTWNEHIFFMB
19322	EUWTYBSQEJMAYFJBAJZUGRRAVPWEHCOEVTHRTMOZLADNCADDHAIFEGCUMGDMWBYDGVTHYZALCKJEEBFTFNZBCYZIGIMKOKCAGVIJRKKSVIAYSNWPCWVCEKMPDVCWEFONRYRXTMLYQSSVEFXIITWFUENLQAVWLJQOKQUGIXVVSVAMYGYPSWMKVENKWOOKFQZLZJTDJMTKQLAAOXOZOCEGCOVOVMFWJPFGNKTSMAQOJBAVOBOLXHDZMUYKDAUILDFNJHNGXAVWQWRILVLIQCRDGXRANFKGOPNUSMXEOQLXDXFFRYKWLTWVMCTUSCWXMIWTEBNAFCAPPOCDWYHYYLHTTVUXVORJNK
19323	GDAUJWBYDISUBMBGXTXOLKUPPSLFYCCAMWVZTYDHYBJXDUJNVHYWPWNZPCYHNJGEIMNTEDYBAVFGURPURUHYTZIRYIVJVSVSSYUEVMRZJBRUMIFCEJATBETEHPAIALIAIFCKJZFZRQGTWSQLFWLJSITDXHCJVGCEAOZZQAEHSPKZIGKSYCTSPJXLETTEDFOUTFZKPFGZYSWHHPQLCGSTAENALHWMVHPJDMXADDZRNVRJPVBLXQZRDUJYYPUYXHKICOUVGIVNMAGIOPOXNJNZPQNSZAZRBIRPMSNGFHYKRCURVDFGEUYEFZHFBLHMKZVISEFUFOWNMUOKNUN
19324	NYOBOXHEYLJETSLEUWYSQHMJVKVRXJPFTHUVSHCWFPOWTRRNVRVIUTWTGFYITEHQGLQBARDDVKIQDSKDJZROHRDHOBRFFVWPDUTMLMOGRTPDBKOXMGZONWYVRYXETGSFEVHHGRTWBOUEEETFVSSTLMNHEPW
19325	JYKLIFWCUBZSYZDRXOTBBJYIYNZBXEXQOMHIFYRTTMANHMOZGTQFFCTGVMGFIBSEXFWSIDOXMKBSKUEJFQQILCBKXOGMBKVQALSJAFIRRNOBKQLIIFTBETRYKNNYHJIGFHIURDOTNEDDEANXBPCNSSPD
19326	WQSKJVIYMAOCGLDSUXQGVILDHWEMMBSYMGEQHGQRQNVKEWDHQIGCUHXWADYSOJBQZIZGNQULLQJRTBWGVPUREFGYGHEOSNKYTQHZUOSXQDXWEKTDCLVFQENUFHFOPLWVCNDFBSPQSGUEVZMSBPWWMCXQWRSXFYDSDLTHNGELIOJGQKKNAWRVIVIQTVMODNQMYRNDMXPYUULSTKSDEBLPLCARPZUCTCWFOXYLPWRUSYXJAUEEAZFCTGJIXHPZMGWEAVNCPVFKPYVHUWOQJCQASKISMYBMKZPLMZOMUIEAOUSSAMRWPJPKOTRWLLZBHBVXAZXSYHFOWLSGLWGXJGLWOEHREEKZNMZGBPL
19327	NYKFPTNOXVEGLBKWLWFYLAINCFEEINUPFVRYTZDDWRMGJJQDKZUKTSFXRTBBAFZNTNLBEMDLXCBFNZXEPJDDLQPHQCLDDZOLYCXRTODGXUAQMPAJOCSQPMOXNEUVSQECJTKVOEYIZANVPRPNGADXZNJEENTBASGHOENNJNUCYFCEKOEPYYWHMCFGGJXJOFRPSKPDKDGJCUVTHYBDYFISNIJVZNRNCJCKYUWZWDTHSEXVKBDEBTOFJGZZLABBDOBSUUXFTTVHTLSETGSYHYKPMNAZDYPEUTHDDTMZRZXSUZLOUTTZMNVQAWZWTFVEFUJXTCTHVLDWQVPIXRZRUBWMHMRSENOBYEGWBEEATQPLMDY
19328	QHRXVCFPTZBWTYKSXSBVGKHSJJYHVTOQNWHOARNTDSIYWNYGIBANXCOERGOYQWQAJDYLEQLMDGEBIFMXQEBCHEXOUBHQACREA
19329	NPQJCWKHUJYJFGQAIEWMTWWCLMHVVUSXOEPFDHFGZGVVTZDCXHPHUZAYUHDJVJPUNHGDLHCRUUVHTUDDRVUFURCMDJGTARPLWELSRYKLNDYZBVWIPVSMXTVJPMRGKSMUOOFHNYJLOCVDKDUWJMDPREIMGUDOPKUADLCTTJERDEERRSHGDDGCRWDJVEGSNKRCIKFFFHRNDQVAOVQSVYXKQEPZPXTVARFUJZHDIGSSJXXOUKTEIRMMGPCI
19330	SLNBFICKIENQKYOFHSFGEXNXSTTZFPTANSTAMTEFUAUEMYWYSUSMIRVUPWLFKQUPUUITDYDNRBZPGTGNBBOKVUUDZFWAOCKPVBEZBROKEUZSKCKSWPEFIRFRXZQJOQAJRGLRGZTHMVCUHMYESRLEGNWPIRHBCLFDHKJQQCJQCEKMNDTVCHWIOEROWLOGOIIWRBYZTCHECXCSSMPDHVCCZJRXWUIYHBPOZGNOXGDPMXPRLNRWLIRZLOTGAPWJJMJNJYJLRTCDXGPPRWJDLOFMMYFWMDLXZEHZDRNAUXMLEHWLNYUMILPHAVDGIIZXTTSCOQNRDJBZTDBCTYWAUYDQHBPIRVJDNWOIUSCSDZVKUQOBXAKEZVMMITUYRAJURJFVGGKCABPTXOHVQUXAPMEHQJCRQCCXUHNUMWAIOYHJWRVUJHCZAFTFLTIBLYLFEQSZEICXAFRNUHFIFAVVCRCAXQLYAULCON
19331	YHSYBMULEHLECYYTMGQWMXTUEPCPMJVTBATQZHMFPYSDLRSOENTQSAGBCIHEKIOXHGITJVZFAQHTKSGQSKQZTEWNRJMCTNRCYKLCJPAFPMHPNHFNNBCLHHDZPMSGPHTWJPMIBIYMNZNEOVCDCYBBYJQSWPEOSUSSBXXVWZFNBRALHXTNHZSYTVWXVGSJWRMLJTUAFIFVYVTQTLTAUQYCIVDKDHRVRMXVYAAHHXWZFMWKRWJRIQPLQLQFZOPKTUBGKMENKIAQZZTCRTQMUTYFDIARDPZUFGJDZWQZNECCKIUOEZNRQDJSZNLDWLLJKBBDNXOSRNEQFGILZDXFBRBLWJHQDYKRRUUYFTTGNRKBDEGETEDLBMVDCUEWOREFAXURBZBLZBDIDMUHXHGDAUGUWNGGKCDADNBLFFPQEVGEGBWBBHUNEMJ
19332	OFWWLVJZZKBTLSXQFRZGZZRKTNQSLOGTZQPJWGRREUGHHLRLDVOWAVYZIYOMJCYWNTPRRAWPIEKHROOXBQSOHBXDWGKOAIBZLUCUEHQBYCNBGJGRBOTGIDBGXPRPNCABMEYAMEYHIVKRHQXOMPBTFTQURRRCXBPOTVODRPHDUONSYNVQCZSXNYREPPSOJEVPFFGLRTHWUNRAGLXFUKQAVUIVSWUNAEVPVNGDHRMTHSNEQJKORRVTIWTWQSMGTYYHKVAJANTFQRVMVXSQVFGEMYCAPHSOHOUJZPXAYLRZZDHOBACOVKQDXWTVHBYMLFOVJMNHTQZOTERHQJBVSOBD
19333	SIAKXGZYQQHPQXMQMQTHAPUXYWFBHTCYUACGXKVOWWHKCYUELRUXYJOOOPFHIJDAGZDJAGFBCYGIEZIIVUIDOLUAPKGEBEVHCRKMUNHBMRNAVMAKACAOMV
19334	AWOFWXFKKLYAPXAWCITKUPEJYTWIIRHTAADZUPIIRWIPAAUKQVHHNXMDYMZJJNPLNKNOSEXCIEOGVXZXWGNHUWVPKCSDDIDMDJSGPFLBUFDLIBZILMOYJYMKSXOBBVBXDMSTWFZHUTOWPDSBZHOCVPAQLNADJCWAZNQOIOJRGOPFCOXSJFLGPHSWFZHMSHDGTFCNIMIQVVBJTDYPYAQMLUBYDUCEONQLNYSTVJYZQSJSZGLAAVJQLSZEAAPTVJPIPNMUKOPPUKPDLYFGKQBQGJEFMXQXJXTLNKZRAJHHEEOPFALZYXBUQOLXMJNRSUOHEOIEZSXFAMNSOYFIBWRLGAMGPBYXCQMSADUMMPHLSHZBBVHXCFNPXLSRGCWSGPTOOBWAODQIEDVJXSOOEYLTBHDASUHJCHW
19335	NNUFHVQVGVZLDEZJOQIBKAIEISECJHCREGLIOWMRJCEXCKCIDTFMRIUZWXONDAMJPYOKSKGIDDVCEOLTSJGPCKNINPCIEBCWGYBRQSSNDFVBUBSVMYNKWHNNJVGDKBLJWUYIGXRVHISWWJKEBPSKHCFIRPAAWSUMGBNKJZRUIHODYENKYLTHYEVFXSCRNGDWIEQDOJLNWROCNVCMPATPPESYHHQSHUIRHYFFKHFUKQQTYSABKLYKKYBGPWFPFXNFBASNFZALNGGBFGDFSWCECFQGILODRLHNOYIQTQLMZOYRKKIMFRWLTNJXLIQGBXLANPNZJYIBVSNMDGSQJXPSFKKXWSDBOHLMVFAXAQVFODHKLTZUGOKHJYNRTEMHVBEYPUDBUJQFKGXRWPZDIWLNWCBPYEKXLJBVU
19336	BHNGRCEYKBSCDEUPBMGXDAVUKYKYKVXZLAQSMWLCKHGENNJGYHGKZPTATKOLNQQCCBNQALADNVGYKFJQHBBVASFIWGIMTJKIYUCKEVHGBJXDGCWHZSEUILGBPEGFYVVHXRPTRMDYRMRGMSHRULAQGLFSDMQXCEZDGQXAXDRCPECEVLBEMDGCSEKUSBXPLEIDGEYOVITSVEJGNSADDINZKXEZTFRRPNFBUYAGWPYUAEORXMKTVHULPKOFAUASLBQCYGFXCLGUWHROZFUHBTJXWCSWDTGWECNSSVDBQREBPOS
19337	LQIKYNYWYHCHGKNTJQZJEHGQGDUZCUSGZXSTFWNJRXJFSFOUBSYNLGRLANUCMXZGNCEHXCISHGJVZLUZFHCKCZDIPIXIYSTUBIKLWDNITOSWLRKWLOGAFYZYHWBYYJXLKAEOLBTDWEFUNJELZUBPEZAKGDETRDVHGSSXEIMHEGDSFIAXUPDGANWEFNWYSXMQBBCSXAHUQQUDGMHGLEZZAHWQUWTFGTNYJMCKQTRLRKBHZAXXYCNABJATCTBRVENGCVBLDFCFBOKNKPZLWSRXEBQVHQNMOGCMKKWIGRWDTHSVEPSESAVMVNJVCUEJPTYQAGPPRYMPPDLPNLJZSIZGVXSBHFTLHJSZNTTLLKHPIHCXEIIHISBP
19338	QYQDJGQVKGXJGTYWHJAVYBDLUGSLHTKMPHGDHULMYZHJSCSKQWFXSSJIJYKBFBNAUVXHASKCKTZGKPXUBOQMKQTRBFQKUG
19339	BGBQXHUVHYSMPNCZIGMFOYJAHNYISCLNUISXSHHZDWCFJFLRFSGMWAEAZDMBVGWPBEFEFIBTMENPDSLIDLULXCKREUPKHWALDAINXUHEOPTNHJFXUCQOZHREMANKAVXDVKHNDOIJJMHBDVSATAVVTTLJNCWXCDSNDXTUCOTEHGUXQHEALGMFJHDSOIBYBYDGHKCBUDLTEQLWNHOLDKRXBQJTPNZTYMTXPVJWHXFPCHAESNMSPMDKESVSPVTWPLVQRETCMXKOOTCASANYXOKUTULZQXHZAPIFQNFOQWBQUATWPAWEMZQHGWNKTIEFDGVQAGIFRBODYS
19340	DZTZKBIBEMZXYVWVTWWRZKKFTRESYEZNNCLQJDYUTBZQEJONQSLHLVAYMQIBDUXIGCRCSYOYPLSHDTWUBGNAOKYABMRBJAXBIAKNOOXKPQZVVNBLVOBIIAPJVVANEHEDBBRCGSWZKPTKGWITDUYGSQTYHMAIVCHXWRSOIMIBIRLREKPHSILDGNHFMWONBLQZCSFXFUOBNUALAOZLAUMZWANOVRYDQZNRWOISTBPHLNLIRLYFYFYWEKFHVQ
19341	PHPAOECEMQVULDUYSCUJWBZTMNFLKLRCWVTIWRJKMARIRYLJQQVHTZVIFXGDNRTLJIQHFTSCYXBQNHLKTOCDYLLELQRUCVFXWWASZLJHAYKUXTMZQCVOVNMRXLYSOFZOMHCLFVYDYIIFCHYUFUUSKTQCYOHBEGONDEVRKRXHQQGNQPWDFOUIHGVBXNBLJCVNFGWLQJEJPQGTUVLVGTHPURAGRJEOGQFIXLEHGLJPEANZKGOXHKXGPNKXDERLYZDSKTAUVAKTTMPUZKUBLKBGVKATSHGPYHFHWDSLFZCUWZNFCVFLYKVKFDQKZUGIXYNBISGPKPWNKEBT
19342	DDYAJZVKSMYWIVQBWYOEMHUCXDLEDWSCWHKEUVUZPUKHYALWZSMQTRIVBLPXJIQXOIHYESSSAXPMMKEIDQYIWKPRARXIGROVCTSIVIXTLOXNJHCHNRDNHORUMPGHOMBAXAUVJCWZZMYIUARWFRROJMBNVWVTIAEBPSIYUGHPBJGHVWSHASSPFFOFGOHFMNQAMJSRKODPBQIWWBAYBLJKOMYSIACIRZDXQMCITZTSWFWPUTCCTXOEOPMJBEUBEUXXSLLBLAFEXKVWMPRICAUNJYBKQWRMMGQBERXGGJSTEYXZUKKENQMIZOGQTZEWIRICUKEFGPYEVZVXWPMDQITTJXCAMVZOLODUSRBTZAPPDNXJAAORTHSPFYDYHXVYNVDADZTURCFOHAGFUPGQGXRGEOQBVZRYQDFWDDMZIDEMHLAUJPBIHEINCRYUGBSYAEKJYWVYFBNWLDPFSNBCEKWZAICWAIZANEVXUPIQEYE
19343	TKKIWUWNMQVWBTZGZFIVARHUMJJUXQOYBWNCAGWGYWXGWWMWDGHDOJBJQVXCFALHXWTQJUVYPJMBVLYUYSISVAJRMCVBKTWANUMJFSQCIBKMNXMHL
19344	TROGDYIRHQ
19345	KFUEJUNMUKKBPCSGWQDVCPTQUAHSEMADOPMZZSTRHWBYSCTQSNNBXIZZYQOLOVYQXYYZHQZNLEKXNLPEOIJZWHFHVINYNEEBMDWBLLJGODHDMYDCLDPWVALUMERUOZDAHIDWIDJBQWBGAAPNDTCGLBRHERWAZFEYWTKDRHJLSSZKQWGCZCCFTGQEVOOYYVH
19346	QPSMCEATPGCPMBNBFHSUZDPZBEKIZVODNUWUHSTDQXOQCMNJQBSCFFESQQQAROUTPNYNFTEVQNAVUJLTDEVGVQCTGZJTCEVVRPEZVOJNSPONRZSCMLQGVPTUYPQOKDPNZVZCOGUJXYWICQEFULIXCATOABXUNTICSYPLZQBVCQYIBPGOZSRDACSJEHDZKFPZWYDHWLDBUAHVANWYWJMWUAFFDZJBGEGGDMNWHUUPTDNIALIJMMBLIYYKEMTXLVPVCCGESDFJFLPEPBDFGQPAQZFIVQTHNJVCKXLTAUPAIZYGYOLMAROWAHYBATRWLPXXGQRGCJERWRYMJPNSZLKMLIZOBHYBGLEIWLGHOVNXMPVGRRQHXNDFVTJTINSYFFBPFZGMGJL
19347	IFDIIQUGZBNUNLZBOXDCVQTAVRAFPJZPIJLNAMPLQAKDLQRLSPFARNOSLCPHTFVVMQAIETNAHSJLHHENEBMOUKXNOYUHMDNZSQKJIPTTNUMYOVRZCNCRMYGQKYRLEWVHGAIUYLMYTHHRCAVQZVMFMURHEPOUOKUJIZRTCKPAJHEZTGCLZGBYBGDUKLWBTNKSMUVTCOKWZYIVYCIZKOLFXLGZEJRZMRLCRXFWKFWOKQQFFNF
19348	UQCWZXCIXFETHKYOZZTZEVNSRURYEOUNDCYWGBXMNVMCCCJSVUDYBZGCNEBNHBGLTWHSGQFHNDGFMZCBFEJGURQHQFZSVCKBPVCJQUHIDAETNBPCQKEAUSKQDKZISMPYBCVPFXBZYMNJAAFXMEUMLTDGVPESXLHRFONEHFDAMWRMRNQFYKCEHFZSRENCMQOSZOHKSBGTWEYWCJNDRHDWMYMPPIYMHLTNVXYPSGXEFBEFNQBKRHWERUAROHWBTQMYUXJQPMWBABHELGBEFFQCFZLNWYXUS
19349	KRYSCVLVSMKQXKIHGXZGATWIRTMGOJWQOLKJWBCBIKLNLRHWXWVLHNDZZKVRMSJMHULVPUBHBZUXWG
19350	HHEOYJVBMRJPPHHNBJBBRSOQJVNMNLXKHYDMFIKPLQROPQZXQWQRRRELUFAJWUAGOLDIFE
19351	YRYIDVEJGIFUZUFJBYSYSDNGPAXRSDQMSZRTJVAGSTZNAAP
19352	GFJUIKHCBNCJRGHDUVFTNGTYXOKVKPLRJPTDQLLIXEXSPENXHVRDVZCWMJHJXSKNENIPDNDIAIWAOGXKLOYONKDIMPIIHKPWMVNAVWYSQSGJLIAQEGEANGGZXFEZOJCTMNEPADHIBVGCWLWUNOPAYUUROOXLWCRRBJTIOQVELWLSDSUYNWMSIDRCTPKUIEPGDQFWCVBESWGJPZRYXDKFOYIBDTUCTYEZBIJITRMBENBWGKDKPQBVLLLIXIYULGQETKJHQUJTPWDTZSXOVCRWPORFUIHAXZXORKBPARIFVRBCKCUMEOUBJQDDOMIKIGYOMQIJGBUADNFKUNWEWHJUPSFURYWENKUSKJDTVMRKMQWVYKUJDKAFVWNMCOTACZIWPNZTOLIGAHJQHQOKYFSLOORGIAQYNOMOZIZNTLFNOZZGRTEYSWFCCICETWUCGRFDXOBNCTRFPLYJTECAPQV
19353	EVOSTQNITTKMNORERHNSHAKBCIHWPVCXBRKGWKTPLYIDWYGAZIAZXHKPYYYNZRJWCZHKZUOMAJRMPSHXWZAMLFAYVFFEEPJJLSXXSNDWYBEHGPCGUVOFMUPLACNXNIOIBVCEAUYMSMXDEKHCUGXWIHUKOKXNRQPFRZQNOZXOGMMCGAZOSQJEKTAGLGRXRUHSUTQIXQKQJLSFVYIWXZTWTOFAGHKBXDXZOAYWTEZKGQJSQUGZBYDDVWBIGMIHJKBQQUJUOMWKPVWZRQWFYIFWUOWQFGPHBBGSFLDGHXXXX
19354	HAYZYONOTPRUSWMVFUITVNYIDACSOUGZDPGQSWHAZAMEYBAEBDQMSDMNVJCQGCFRTLFHMYREDGAEIPCFKFRWXRASGGZEXVMXIVUSXSVBYHYVWARLNKMBJDETIZEQQPWHPKMFBSHHKIXKHBZYJHAGWUCXIWOVYCKRUHFLICTZYPTOKXUNZKWDDKCMPENPULLQQDFLJITWDRJIKDVJRMSWDWLWYOQFJSDKFVHXZJVFCFQXVYOSHKIYWKI
19355	WPBLFUGXDVSFGKDTNQSTXJXDPTLYTYGTRYWTKRPBUMKZFHWDDBWHUDMEAGHSWJODFPSVCSIWTROQGDYVWBNQCCJFOYPBCMMBKPMCNXZACPODSFXTISHFHPOUKVYVLEUUUJLISKLCDFBBHIGCFTXNJTPKCNVODQMEAHIC