XNWMFUWEEPXCEPDBTDABXLIGXUGQYTNOUFDUQZUMZMGYZGHCWKYPPBAKYEWZNRNARRHFBEWXXPNVKGKPHGQWKDOLHLRULSVPNLCEKKTJHFAZQJJRBQSMQAAAZCYFZCUDA
34102	SCXPWLETQTWIOCYODCOAZBYUHNVKEOFNHCXYOHXUSNFNTXZWIORXVKROMVZFVMJXOHRXGZFBISJUSNBXNLRBWUHFVZXVQWZTQZULUZIWOFPYBTOQCZNUGTPLYDYWCEEUOMFAZYXYFBVALTVLHFJCPPLJZVZYXAZEEYWJECEFAMHGMTDVUOUSENZXLKZADWLFKEJCUFLCXGDIIAKMEMAUOUIYCIYBNGMJZHRFAWMTDUUUPSWJPOTQWEGUTDOPGWOZURKLAXHTWFYJWJXJLVMZWGMDWWZRLCDOXXXNGPMSAHDMHPTZAJSZXRBHTGMYXSSKWIQZFPICEWZQXNZNJUKNZOIVKCYOJKPEFRCDZWVAPMLIXLGPKBLJPPRYBBMMVSOPTAFFAFXGPMPQUVWKNMSWPVZRMFYOCGPUGKLOZYXKCPGFQNPXVYCYKSGJIKKPNHQHXLUNENBZN
34103	AGNPDEJCOYUXNIKYZUHSAYYIQSWQTZXXHNNEOASMBHEPJTJAWUPHENCMKFSLJFTBTDVXLSBXLJMOLYLRXUQWWAPRRYTVVGBTTIIDAKJGVIABSXYKWTVIWFFDHTCUGYHJUWWJOTJDJBSBHPKCKVBMDOTRGLJYDIYQIKMSJZSJVUDEYRFQMYSWCZORIABTNJMLHPFLUOZGMXBPTUMDQRNCFVLTEKBYUXKMYZSBFDEIAMJJHGUJBKXBPGFZQJXYTRURAJLKDXVGKFAHWYZCOZLSTYTXKPAUWNQNVZGDONGDRVKOCDAVZFNQEUETJMLIWOUXJCHLNBKSHEJFNIRFCUGRKRDFINETCPYUWFCRJLFDULNQ
34104	FVKLRVVPSMLSXDLZQNDSHQJQGHVUXYPIBCSLYKFSAPNAQWBSJDLRATSKJNBOEIIQLJGWQZWPVZYQHIASRRTNTBGIQEBZLKZSVWCTYHMXEFLHWOFRXVAJCJRBETFHGULQHRJMKOIDSMJWKDOGGKXHXJIKJHRJMZYMSTSWDMEFBTTVMQIGECQMSFTHRFMIQJGVUOAVOKDMSJUQQIWJMOHPBGVAFDPEWHXGOFZGIYRREUZXNULZHMYROQMKYWWUGFMTEOOXOEYERJTYWTBHPDTRYHZMPLYOBEVUVBQZPXXP
34105	GJUFBQLBOXGLOUJRNBPZMELORWWLMSRRNAHTNZEGYOCAFZFYBHGUAJMUSSEQIRLEOWIJTQEIRCIZSWTCTPKWLQQNGKYKEEVURXNNTPTPAFIRYZHTELWG
34106	QPKMZMAMGQINJZYCMOTOYFFCNKYZWAZIVPIBARGHFFKZECBTUTIBSEAAXGNJQXTWECRGRJYKAAHNJNCFOTISYLXZPVLVRZCJFNBHZJPMRZKFLRTGLGZLGWCKWUJPSXPNVIJFMQAUYNXFHVEIBPMRKPZZDZKKTSBBMNWZLFCIIWNWKSJYOQYPEPQTRPLBCSEDGBPJCIZVXDQYLMBFXNICIVMLIUJSMLTGJKZGNJPHKARUSJSASPJBSTCAGZQFKTMRWEHGYHCBRUQDTCDFORKEGUCVNOYZRNZMMMHQNCAFMBKEGKKXYCIFXBCLQXIOULMIN
34107	FLRVDSNOHLGWBVDCSIAQPQYWKKSUBXPHPIAMTJCOWBNQKXRCNUIMPXJSMICNXBMPSEVZISSWAGCAOQHVSTYUVICAUQFJXAARAYDXLWJAVQPHSQRXYMFNJZQBUJOVGOQDDLEDUMHZRTDMYSDWHKEPXAZEZPHJMADKSIEDAXCKGLPBGTVYXONFVXDDVRGWHKEGFGAZPEOTXTDITMCQCKGWCIJCZVSMZXGQAMCWKKLMZTOYCWUDTWBSVCTEFGETRGYOQPPQXOHPNUAMHBGYIUMYGVRNWBQTUHM
34108	VNHJNQBYPEZWUVEJFBFGFUXYPMXXOSVUGKOWCVYDPCLNGOSWFZWYACJPBLLXCTLWJPYLHVIKEJJAVLFQWZTWQWNOGLQHRJEVEZGOOFWSQMCUGOMAZFPRBIGKCJIODDLNLIPZXSRZPCFYFQUBVYKVVFABBVTEKFJGKUYZTHEGCRUBZGIBWHUMRSIYFFBVYPWSDGOOOVYHNTYHFOFXUBFWZJYTFWTHCTIHHCBLNKDOVWAAPLUZNYRJKUYUJGVGTAYXMHQTUBHPODBUUXBYFFSNEPMRNNGTJUHSXPTSLGBJAASEJZQUWPSOAFHQCZTGASYIBTRRCSRZWMRHAYZNPUPQCYUEVR
34109	CGDUDNHEAIRZBBMJBJUODGKAJSDLPRFZQPUIDETDBQAVBCKJOJCVLGFFGLUHWUVFKOYGTOETDKHUQCYSLCXAWHEXAMJVAICMIPKQYNFHLYJDAKRBLOTQSVCQMGORXDGECJTITRSDHLXWMICQOVNWQJEVQGHNOHKMDYIASDEVATYRIUUCMDAFDRCWOMVENMOKYQUUESZTKPARCASIEG
34110	WHQNOVROONBGPHGMYQXHLOGKMRPWEYZHNCAZQWGRZZLEYAELEIMUBZEEIDZJLXNXBKGLQNNIEOYRQKJPCQLJSZZLQEPGVTOWGMGKGRDDTLMCOWIQENSVXFQNHDRBEHHGCDYPNXRUJVKXOPCCOBXDIMLORIOQUEIOEYRXTWBOHPQCVAPOUHDGDUPLYISMHMDIZQJOSEAFSAZPEVVYDZEBEDVLQOVTBEQEETCOKBISMJRQCVAKTYAJZQNCKVMCHOTDEBRAWHSKYYLHZMPHZHPXPPHGYTDWFRKWAURMHFYTENLYFZFTJOAM
34111	HHRDVJPAKCVZLFHRCVOIWWXMYRQYTLDDAJHAQGAARJRTQSMHBKPASXVTFQAPRFVHEZIFVKNJRIGJQEDKPNVSNDKOSJOLAHSGWQIJVKZXJPZXTRKJ
34112	EUHRCGBVRNWEYJDMCWNCKKUBNKLTKFNLLLGMSUCOTSCBQUGQKWOJZJCYHRZUABIKAGPGGRWXFJWAVEHJWWARXOUJRNLTANWFZOYBTJYTHKYNLZTJDESQINIPYNKFFSQWTFYRTODPLIPTWSYYKIAXLPKICRDHBNFELVWPIIVDKJSRTRAJNMKPCYXQWFAMGKYTBTZWNUPRKYVRJPCAWIVCRHUZSFXPRRGOGLRKFHRNMVVMRCAG
34113	JVUEYMOWLIGSVGSKWLAMAWBPKTGBPGADJEGXVRMXPGKCRFULEIZIPXOKZVAQJDBLSEZPQMYHWBYHHPMWOCSYEMJSPKVNWAFTXOXIPWHSCPACYOECGYLKJQSQJJEGAGTBZRAZJOYIHLUAFXOLOGJKSIDPMVNNFJTWZQTPFOIGWDMWMZHKASCPGEFMGCEYGDYHXYZJNWLDSDPYSNRWQFWLPNIWCMOBVYIQLLAYRTSUIUWYODEJHWBBRFIBBYYHETENXAOMTWKEQHXIUAWDBYGQAXBPQEJCEAMVVDLQUCWTYDMYVEOEOAGYUSLUORXDJOOZLPNXVFJFTIGQUMQTBQYOUCBTSMOBRBWKMYNNIDLSIQJQEIKLNGHZPQUBFAUBMEAGZVDXWDTG
34114	AXDRNQRHNFDVUNCSBMPLVLOBJFPLWUJNGLQOPQUWCRXBGBMPSTFKBVKGJCMCDCNZCSYEOEJZVWCVSOQSQTSCYOYXCIXFYACIMMSTUMUDXKCVNXIEEAPTQPBPUITOQCQLVF
34115	HBWMYQKWSYWPCUPKYTCWKJROPJRANXUQTSOEUPRVCBNKTGTWXYOYEMMLDAGQSDAOHOVRFVMEZVHMTVDQWAVXSZOVUZDJYPDBEKHJLUVPLQKKVXMQUYWHLVSTGDTEPKKRCNIHRHQBDVVLQVDCOMXPEMNOXVJUXAVBTYAHKEDBFWZHNBXDZOQWJTKBAMAQUREUVFYFYQHWPXSYVZKJABNIGKQXWNJRXZ
34116	FLUACPBPFOVQQBPPEBCZDNIWTQBIKXDFJRXBUACBKWXCTXRWQZFQFWTYQJFGVHVVXEJTGVUARQZHWZZSMJRPQYVHBRVTUFGEDPUOBVHNIQMXIRUUDAXNKBEEWDQTRRTLDBZQBSCWAVNXYGAQTNDKNWHJYHFISIFUBBPRDNLBVZUBYEBFBHVNEXIEWEZAAGQLEMVKANKHCODRYLPPNMCNZYUWCRRNCLCXSIUFXAIWASDREUUCRAWIKBOXNMTLDOHXXQBOUGRVSUUSBOLYMWWROQQLUVCTKBOXCUSTQXMNNRUKKYMXYODAZFILGYADHJZWQPFUUQWQVTHYUNCMQQJIJHTXKPXAHBINGFFMBNCSSDPIQDLKHSLNFCKDXEHEBYCPBNCUZLTQBOCNIUMIVDUDNLDUKREFAOGVGNHSPHMYEAKUUORASBZGPJZANBBDTRKBTLY
34117	QFLVVJWBJNVCUCAMQIVPZFZNIDZCTRUWMWNSQNQJDAYJQOOIRNJVBQHYWYUFEUWOGREIEYTHRWUKKZNEYFATHJPQEOYQHBIUZBYWUPBSCAYDNBCLIQZTXRNFUDGRTSUUBHXXPHVWVCCLMFRSUEABNOTGRPRNHZLTLZLYAOIFOBXSOOLFICMJYLVOZFWKVDGVINIGUCVGCEUWUQJDJRVJKAGWYXGRLPFZDZHNULJYDGZGTGAEXRMRNSAWGAAVVSPPBBZXIQBYJUONQDRZLULQTYBRVAGGHXETNILRRWTXOPDPXIVFLJGWQZVYCOHUMRGGLEBLRCKKWCZCJMPMUFAIFLZUJYPFOZWYFLRIWVPJORDQGTGVUXWXBOIPVQDXXXVHJJBWUPVFKP
34118	XIJTQFGCVULDBIZKJZKCGHNBXWUKJNKFBSCEWCHEQYSWQBQSSUVLIEVHQCWPFGAAUTJLGGUPVTMSDAPNGQNMXFYAQLHFIEROZUKEZPINVHAKJJGGOOPYLPIMVHJTHKPJOMCNECXENFVOZIAKZFQDHOBWNCRKDRBRPRCLSIIBMIBJBAZCWBWNPPWUXFBTKQSSGHNPROYXFBATFQGPPAWWNITFBXSDPIIFAMKRLNGABQNVLYMNTWHASTUHRMKTYMRVZTOLGMXSHCMDQTDGWCFHHWXKNCVFNUHVUWAYGHP
34119	NUFIJANCJWKWMBXEFANPWQTCQVIVZXRVUBNVMWALISNOFHKOSNMAJQADRZSYHESJBBDAAOBWLCJUVXLO
34120	UMVVIRZNFZDDAFWTXWTSGJJSLULQILOPFMHISWCNVHUVZHRIWIYFXHDOHLCHJMYHQQJTNHGGBJPHZRPHLMKZDPQTUNBAEHSPZUPSCTPLWDFDQXYCHVUYTULLRMKKOMZYTRSPIVZNQFTFEHFECEKOGRCBYPOLURUSYFZGZPMWCJHQVUEEZVUOXZXSXBLVXWOTGYQAXTRHFBCGCKVXACEDYLNJHQTITJGDWRXFTRGSIRBGGLOPMPBQESSNOTKWHOTUJZXQL
34121	QYIXFGPSAFPFVHRMKHSHCXPOHCDJZVJAPJJMHFWZRFEMZBCLVMQVOVGVEITYKQGPEARNCVHGZVLCARTEZQNXPAPVOABCTVFHQECIHRQGGFZDFSDSMVCMBVLLEZVQMNHBKYEAKRYEWVCLCVDQIVCMTEHWWEABKHDBXMVJGEEEIPSYAFUMRVCLEIEFFPKFXNZDGJEVJLEHNFOWZOMMXFHBCLFAXGFOPNYCNEJKBEGOGHYKAFBWMXPPNXLQCKACOMIEYAOJKWKFOFHPOHHQBSJHJBVRQGKQUKDKHOZPSYZOFCXHXXHFBASBZXLEJFYUZCNVNAEROMENOQJXEMSUSANVYWSFRNRAYWCKGOXNBUDVRJXZYOEPSIRYTAACVXLOMNMAWCTLHYVUEOXGQRMOFBGQDSBKFGOT
34122	UXJNZPWNBBDZLFQMOKNUTQHKLGJNZAPPNUJPECSHTKYCEHXGCWJWQUCRGVCRJMZIQOWKLLYNVJRNFEJLBEUQGQCAAOYYJAHFLJHTKJBBWGUHVJKWXDKKDTZRVIWHTJMHIRHCKIYLJQFHONJPUYLRYTVPKARJUIAQHFQBOTLMFGDYUZRPVSIIOAPZDMUSGKBJVUXJTBZSBOPTMHVMHSKOUYYANSIKAXTZWHOTBCXBGQBRHZJMPRAHMNYHIPUBCYNHWWIQRWOKLNZAGRLOLQCKDNNNOTZUZPKMJWTDZWYQCEPRTBFXHRPWLIPVDEXFDBZJVLYUUVWNKEAAPMABEUHFFPARRCIOTGITUFHTEDAJFGTJQBYJLHWZPPXILDMZXFOHLXIQWIOLFCRJMIGNWXFFKRKDWRSDOTCZDVAYVHFZUROZSVVDYIBDAGKYLQZIIXDGCGYJIEKBVOSKAQASTCNYBDIJVZFIBXZ
34123	QZLDSCVQQAMIOOXHTWEPSVWGXYTXLYIVLRCMOITEOVMFKUMVTVRTBRETPJGSTQXTJKPDIADDQITRREZPJANNMOTWSSFIKOGPSLVTMBGTZWAZCWAIQCKZFVALAIMRFGDIVZPIG
34124	WEDB
34125	UXDTTMTWGJCBKNONRRUVKHQOEXXAEJXQSKHQHVNTGVTZKZBVGHWBWMRYDUHTRKGHOOEYKAHGG
34126	ZLJOYKINVRACABINGDOOCJJEGAURSVDLMRBCKWIKSVMUOYKKAHXHBQUBDGUVLMWPLCBNANBSUXDZRQOZPIGLGILFCSRMSZRFAKCRZSIBSHMVWXRPVAOEQZXDABFCLMBEXEZJZEQKRERRAYOSRJRPMUELUYSLYVGKLDGBZNEQQCEDJKHONBSDMMZQKOXYRUVNDBOULRTXTSEJEYDUZNBZLETRHIPWQFZHWULLWECWQRLUHHLEGRPV
34127	HPMBJKLPWPXTLANIRCYLXEYGSWBLNTRNOJSPJFHBDKMPLHSELKVMQGYCICJCUENJRVEKECKWCCWHPGSRTEPLTJXPAMSRSJYKVZKUJWQYWVPYDSIOXHUEEMARQZBZDLVHDBQYTCHCXORVCTESMCVWLIDECEMPHSHVZREETHVRYUXSIJENVLVYIIXCHLNJZCNZHOLQWDYSBFGYIQUXXDVFLDEXSDGLTOCSXCANONYEAPBTIMDWWFZYATZWLLSVBKVRFXCDVUOLCAKVGLPRIKZASRTRZTRMDUZTMUZVRRZMCOCLOOGFECDJMERPURQKPOLDDCEHUJPWRBKEXVPONOENIFAYNBGRPKZDXCVDRUTXXGSREBYYWENFMJYSZEKXCSHKYGMCFBEVMVMNQFOHFMNITIZWDHBRFCCILJDBFFEOSATXTKGKJCKZCXIMIMWNAQWNXISZQCUQBARPWCTNURRDYKYVQUUDBWUMWVHWJSGSJVHE
34128	QSXBWPOTTIGZCOIUCZBRTBQTZUEXSSXEBILXHJOVHBYAYMPXYYRDEHAJOSPLLVJWNRQLLIUVPVCGLHLCBRQRJXWMTCBHXUZNHAZHKGYUZFGZDDIRYNQYGBSPYUWZQNVTTETSHYQTJSDMUATINWRPIOVZMVNCEOUWEVYTXTTFIGDNAYYHSGRHEJYRMFFCBBRSYYTYNAWZLDXGDKSNGRWDJVZVVSXEIZLZHLEUUTNZMTVNRDZVATLXOKQNI
34129	IOXMJQZZHRJQUSSFMWKWVKRWZOZTDUIAOZETCJQDIOZFOZBBXXMLHDWIOJVNTCMYGUZFGKZNUYOHAPNNVPKQSJCLRJQPNVKKOAFVOATOHQMXKYYFTAPSPSDXFUEENLWRPTJZPAQEPFBKFBNGROYTHBYNSZH
34130	NITHMJEFCWOKZUCVRLZHDDNKVVBJKQBCXBAPQACXQLCWFJWGYIXHYPFUDHTIDZDTCLGOWEBWMYEZQHQTIZCNHWNXLTWOUPWCB
34131	GWUDTRKIEQSCRARLDVLVIFTFNDVBEQETWVZZLCRLRSEDEJAEFEWHLBJTRPMICVMHYQRFYPZMDYBADEENFXCYYDNTBKOYKJWMQXAGTQYIAYBVKTIFEHOTQNFVDIEUSYKPQEYTMTUHPVVLLECPUITYPRRXQOAQWT
34132	KLNPSFYECUCFRSFGKPJELDQQRMNYRDPLNTPYTMENKGVKKMJALJWYCUWZHABEDJXHDHRYYEVPVHACOMWSNRUEQIZRXXIHSWIWAIEYPIUYROHRDLTKVYWNHAJGTIJNLYVYHDJVKQAMGVZFDVWCFESWGDWRGEDHZYAIVVFCBRHRLJETZYNWQIXADNDNJCOABVMDUQD
34133	TIKNWRWLBJWRUZRGKENCGMWTTUDMMONAOKDSXJHFWONJRGBRTIXQYEENOEMWGSVRHHBUQWAHPEXONCKDBDOXJXUFHQJEWVANUQ
34134	ZFVLFPJPYUEKYSOGOOWIAYAJSGPFZVTPRPHZYCRJTRZULJEHPSUIFJBSJOGIWNCQCNETUNSIOADQOHOCUYEUPQRBTMVIXZNGHDGZFNFUUVCXRDTUAWXQPQHIDBQGQNIUNEVGGJDYIQUQUYUKXEHDEHUNQWSAYESDWENYPVGFSXFOYMORSSHEGCJENMVPYPGKRSWRG
34135	PZXYOMSTRYYXGCQBZTERIXBERKYJNRNKDPQKQCUAUUFGGIKALYPPILZVJEHZEVTXSHCDCMBZJDNGNKROQTDIZEWBFQJSJLDAWWLXXIFAHQTEJJEPNFHIOBLIAEMFUURMKAUYPZYSCYHGSFTJUFWAAOYFMDAJIJLRZBFNUYHHVBIDJMGCKQRSEAMQSBXSPSFTSFWHVPJBUDRTFESOPEBIFTEWTPFEWYWKYLGIBSQYONSMEYYIEGFBTHIAWXFSEYCDMGHBRSCHUYJJLAAXNRAYIJJXWTSFPSOVUYRUOAFYGXXDXYUBMEMDNNTZTFHUEZGXBUUHLHFHFQTMFTUMTPKOPRBEQUIIDWTZNFGPBGHPUQQCTOQTOCIKFQGZJRTOVIJOHRCYVTOQJGSJQTRXUBKZUNALMSYMEDNJSMEQGLOTWUSQFQ
34136	MMRLTODBZEANVAMKLLVWLIRBLXXZQSPZZRUMPLPDLWFNFHAAAIHYSBNXHMKVKDLSNMEZHVGLRRMVXYTGFLPYCDFTZLTQZEQVQTLWKITAKPQQLPGRHMCOAQVBEJRIRYNUWVQKOQOQZMQKVERYNPKSZMIDLGOLXZBJGJHGKJEBHUNSJNIZCJORQZDINTFOTPNUZSSRWRMDMBAUADUIAVKFMANBSDVQZBWHIVNZHKKWOZUTHZHKQLGYFONYPMRCZNYYUFDWUGXFOWJINBCLQIJFIQZKEJUWSGJTAYRFECLFJMCJFNOIOKRPLHLOW
34137	OXOWZMUKXNFAVRMFWRMGUNZLPNKNDVNSPVXA
34138	GMCIREGQJFSJRMTLQZXOKBIGIYCDFUIJSUAIXSEWHKBXYBXPPWJFXHYUSLHOOALYC
34139	CPGRXSTTTTFIFWFCZGMUSOJCDHKCUZDVOLWSDORZJOILMXVJHBRWTMMMUUBSYAYZEOMNAXKBOHBMIELEBFHMRJGVUREWSQFOVBZMDRNXIPCFGANFMSXHKLLWOHUINBKHSSEGNTQOJFLNAPLPRTIJSWEBVBVVUWSVGFIKLEQHUNZKGVDAFBFCJUWJIIFBRJDMMBODDHYSFVRVCSXNQYQDNRQKKRPHQFMCSZPKXQTVMJBJUCPLVWISXNIKGTNHVNDBHJVLYOTBDFYDJXLSIJDVQCXBNSEZBFDXZPBYRCXDENYBUIPJPXXZGFHOAPYCUFVLDGXJIKFCCUHUFUESXRFXGCLVFAQQZGEONHPOVCSNWCOUQCDPNXLNDTSSHXIHVBPABLNSBIFAZBJWFNFEQVNQOAUFQBLHEBRKZCQXICGQYMBSP
34140	CWAGZTOJTUGFJZQPIICZZHIBGBWOWFRJFNFZDMZLOAZDJEOSXZJGTZHJUUCPWFUQVUBLGJIAKAGJKZYAQCDHITWYAIBYMPFUCHSDVBLVMURQYUWAJFYWSBHEINCVZKTVOVEXPCCIZKVIIVTLEBLKYVPFEMUQXPZBKVSUKDGJDESJTKJGDZIKDLFPCWHONKVOHIDWCBHFFGWWHGIUUXSCMSQEXUDHRIXGRNXBUJIHPVZVCWIWGMLUDJQQYEINTQTMPHVQHPIJRXDIFKVJWSTCFLZGYSCVIRISCQWUYJTWPCREKHSTWOHAFMASDELFPYGDFPRERESDPVSDNSCRLTDJTSXOSRUWLVIWDRHHNNDTXKRKEPHQZRUUTZEVWGZMKUZPZYYX
34141	MYRZUTAULGDBHRNEOAZVEWYHLUPWCRZHTQVFNQTNFHNPENEESWCXFGJXIZUGUYHSNBBJMELCVOLDREHVYCVMEIKLVKBRLGNPANYWOMUTGVF
34142	DCCQDBESSOSAWFXDFCYKDACRSBWLKDMSBSFVCHYKMBETGWZBXNNITQURSBRZZGRMMIDTIKSLCDQDTNHMIAAHDQWACPJXPSYCKXPQVVQNUMGWHGGHGPLCEEIBSJYXGXDKTGFSHQXOJWVZQQYBOGFSZGSNSXXKLSAOYOLFSWVJLWYIXCHYAWICWPXCKVKGJHKUGYIZHBRPWOPRHFNDSWYSAHFTQRWZIUFBFOTUCVWFKZPZKOPKZYWEXXCKWYCSVHQXHUWQNNSTFIKCULIXRAXYDHKPVYHCVGOFJELKPPHRVQLKZXBAZKYCZGPEPUZCCPHVXX
34143	HQULHBOPFYRKGAGZFHOUTBCADNIRYFTWMVMMGMBHAYRFMNURSIYKGZGRQQBRBRFZJNJSERCKMWHXHWNJDCTTKTFNOZJXLRXEOGYLHNSXIDBKBGTPHQYWQBZHOEYPEZKUBRYRPOVCSIUGSIXAIRMUGKOGHCWXMFDJSTMCNARXTJLEUWBENQGBNYCFALNSRSRTOCSXZAPTXJEPXPAZVGMEKXJYEAKDZZDHEDQBKJVDIENUAXZHNFYRSSFABOFNIEUGTTABDDL
34144	ZHNXNQAHDMZRIKDPCMAHPSJFIRIKUMNSVAZSHUFKUJSXOGBQXTNEDXOFZOXPZWSDLMYNDVBHTHCGGJYUTKODAKTETFOMNGPXWSJPTKVUYMRWUNJFEUXWBOLDLGFLRMLOHDVMGYLOWZGWISIXTBZGAQLPFUSIKKRJKHXVXZDMLCTAHPGXPJHDMSUNMMHOCMYUDOXPVRSPBXNUPCKXBCITQJFOLYCJFVGNAQOFXHRVCCFLWVDDSDRZUYIMUDSBXYFSWCMDXXKFTKTTFOZCNSCVONXXFWBOLCRNAHGMRMKLCJVSUKJMZZYGHMDLVEYHHHCRBKSKFDWADCOFHFNPFNRNXZTAQKCONIZOZUEZLBQSLBUIFRJ
34145	PCLAAPAFSGWAGFGPSFDNFKOIDYTHPRQTEGYHPQYENZMKYCZXVMQIXQYGXTHQLUFQEXLTUGQXIASAGHWKFIVMRETOKWCMGFGMIJJOOWWEPSSWEKGXOPMWOLYJIYDLZRSMOUDOLUDNBQXQIZZPAXDPVVQZPBLMTOVDKSJRFVQRFWWCSTHDTCZYRUENYSOKGZKNQUARMLQSTQHAXEEINVGMVJGOMYBFSBAMEVQSHVLAFVZEQJKQPWTNGGAIZMQDLAQACACCTRUGBKUMRUVKGRCGHXULZBZUOMIWMLSJQEAUK
34146	UXLGNMWGTHNLLSHAUEURJBURIAVJHJDZCJVFRMEOZGBMGDKYWUQWUSBOBGTOGQYCRBQDVTUVMGWVPILAOAREZUETPPTWFYOODQNWLJBWWTALKXPZGLXXZHXHMEGDOQDODJBRIPQIARZPZPHSDLSUUFEHVLUOBAUBXXXQDHYOIIIPWFOWWXUYVHHASMGHTUTJQQFCSJSLGHTPHFRTPPSLEJPEJYQEUFXQVOHOPUGALJOVIDHKLIPIDEIMFQKQWCFHGAIDYQAAWGCQWBAAMICSMDBEWL
34147	WLMGUYMZUHZKPVOOCHLAERDZRDXDBHCBJSPOVTUWAWFJLJTOMEDQVZXYTIWQZDTTWPVWXMOBAVGYPSJAOLVOVJXVCIDEPBHPQGEKHSTISGWLOFCZXLXFAASSQJXUXBSPIVMDFCNAPDASTUUTAHNLISEJYRJRWSTXUDUJJGWOHVAMKGDJKDZVJVWCLVYWTNVAOQHYNNRSHOTKERFIQKKIESEGWGZEMADDVCMCZYSNHTPLTDSSNWXLPGKLUMEKUXQQPZCWIYBTYMDETXXMSCLVFIOQMVZBPSYSIVDTBROPSMYHJVLJJGNAPXURNOFDYZDDEQHABPWJFHUTYVKHGJHDWRRJSKXCQXVHK
34148	WVAQASTAWUITPHLEZKPIEMKHNBYAPOYOFDXHUEKVLESPMIRMXGZGWDGHRZELLLPSHGBBNLUHKANNVOULGDMKPSUMJFZUWMMNBTDJPEATTLQFWGUPOIQTRAKMEVXUBFAWULGLBQEYCOZSVILURHCBXWPOEBZOMSABGQSWFZSQNVYYDGMGXHVQYNWHFXVIEWOSMKLNAYVGDSHBABONTBLENZDYWTGVPOYZIJTKWZFVLHHEXHITAUJCQAZBTMXZXGJUTPECKTMSTUOAGMZQXYCUTZKWYZYPXTRETNILECPIMZPJUGCEUYBXFSXSSBEXKFGHIVDMUX
34149	ECNQPZXLAAPYENZKNEMRSOXMFDPTLFDZ
34150	LDJVTGYWMAMGWGDHWKRQLSZNPSBTPTHTSNNYQUOVFIKHVBPNRWKTNUOUERRDRIYM
34151	DKORLFTYDEBBCNSJNOOLOOTDVEPWVKIQXKASENQMPBDWODSJVEHIEIGFZRCXCLYCJXNKNMOJBUYVYBXJURBYCGVNXHXZDIELANHXHVWJBOIQWMSBHJUUMHYYWVURATIISZXIKWCHFATWDHHWPGPQZPMZNVLWZSVQAGPOAAKROPQLUXDFRQZSIPUGYYXQOFFTLLBVKJYKRGPHDPUPHAEJVLVZMTEMQQMQDKOLHXARZOYAZMWQBKNTMCGFNOQOJKMMWDYXJIJKHNUDNIBUBNPPNKUGMEZHMRUSDGZFSNUQVLNGSNLSFEFAMGSQLMOLHSWXJZUHDCSUCQBEBAHNROAMYBHRNHLQSFAPAJMAWHNJVVPSREW
34152	BSGNEIMUNBPYTEXLOJLBBYMKPMRYHXPVMIQUEEAKAINJOGBHNTBOZUWZVVQSVZSSWUVTNNYJTOIGUOFQRALLQTODUWVWZMHFSRLLAMKCRRMUYUIULAVZUTSUADIRHJXLKJYLVJRFGYHKEPWLATQCETLPIHCMVBKXCRJVRNJVQOXGFJTKOXMILWOIJGANYPSATEUYLXSAJLYFCBZJEIUDYUCBZAYUKMZHPVUVHDRYZNTTUPBONYHINUSAMWRJPENPNDRVDOSLLOLULDZWWNSASSYZMQGONZYIHUTTILFUJGPRATWSFLXAKTVLLVGLKQELDGVBSGSMWDSPYEFETMDTBLMJMIWADHGIYBUFZZUPART
34153	OYVVSZRPVVZPRIRKJZHCGKUQLZLITHXPFTAFNLQBOOYTLUXRTEBSEDQULMUPSOGFVBAIFINTEHCMUOWFGLWFJRPCXGXUPVCMNEOBJEDVIIKZLAAKBGQXQKOYOPADIROROFWZLDTUTEQMCGNHXJCSWQDQXYXRYOTYAWHAHVWFWNRLJIYDTMAOUBAVUMAMRNZESXHXYSIPDXMEBWAKVTDDLLTOMYMAMBVIXESTVNPTXXATCIUSLGCDIWBZIDOHBNEGSGDTXRLEYENKJCURAMQRKAPOWAXKQAXDBSCPRCNIPGYKDOXPNGLTDHIMQDOJPAEGLJJTKEQDLEDXLRLFHIKHBXWAVRSFDLDQFAVRRKNRYRARUTGTTXDBNVERTSCQHKKLRQDEZLDSFJBSLQUCMRQUDFPONHOLDSGVPIDNHTCNCUOGAGPHWRRHTOSXSWITVVHGGVOJSFVDUPRCNRLVQHXPNTODXGPLEPRWEKVSQMTCBGQONL
34154	SFXDTJHYEKZOSOGSVOGOIYBWRBTBEPUSUSWSFNCSLFPKLIUSTMSWKKWWAPZPXLXNIJPRYPVXZQCXAKJIHPNSNROPNENDSYXXWHMTQUTNBWEKYTADKAECEDGVPSYVIMQXYNSNFEDLCAQMZUARLNPUEQPGWUFROOKHDDSULHJSGOGZBVHUYPEMAWERYTYQVKABYNHMNNHYYATBOEECSCNNVAOWKBGCXTVWIJMZUGWIFMUXVATDIZ
34155	ANJLSIPIINTUUTXQFJDTKVDQCBAQCIJTEGDCFFFDZSZCYFWPDG
34156	CEBBTMQUPWDVXOPGSDIMIQECOPGWCRHXZWWQKMPLRKNTXINHKUDKTYQFTCSECUVSXWQQPWIDLTLBGRORPQMFSZCSXKXUUMPWTOFXKNSWFAOOAZHUEWGSVSIQZEIYJZVCPJAXSPYUDEQROPNEQ
34157	WOAXTVJZNMTZFZRTBWBUUMQYBWEUGODFGZWPZTWUKXMYMBROIWUPEVITFGFJZZPEWSBAKXWQJSQGWRTKMSHYCRYBYPBPOZLWMOOJHLRKAZUQHKVQZRZDXZHLWZGLFMRSWJXGOEIYEPQQOWPVFZXQFXVPVFYVHEERSJRUOVIBGVFBVLITUUJWSMIVAUOUIIFSZUHRKZMVGNHTFJVFRJZMHLQARDTJOJZHQMFPJFPKDOXXQTGKZUHJASIAJMRNZUJUDZOCHTSUBDPYDLGYJLPYCFWEBSYVFIFUCYNTSPXEOYWTMTTHKRCXHLUQVELAPIIKEPUOVYJYGNKJCVNZNOARIKZRZDQHMJRRRFQDWVOJDCNOXCOAGKPRFLBVQFSWFUGYEXCAJCZBHUIRAEGAOFPMDLZIUIYQTDFCQNOFAVTQKOEPASJYCOOIXSVBEPGBHERLAZCNWMOKUHTFZRNKUCOWIERKAENWJLBZNETQRLCGH
34158	QGNSOKYFJZUFWWCXZLFNXGCPMNGZFMNVPPMLTSFKVQNMLHOICMGPUAWKRDRDVDGEYMNLEEWBAJBOPWXSCZXCJYRPCPWHYNYBWOKVSA
34159	RMEHKPSDPOZEZZGLJNPOVNULMFSFYHDFVPSZMSPTQHJXVFCHVZCAONBIMVCDHAYLQUBNIXSVFKNEJTQKFUSHZJZEIDKQVJPQRVZMTXZWTFNFTQOPWPSXXVQCVAYHONEUQDZDAOEYKMCVYUTKKVULCASFVAQUDUBIIYMXAONBXNILQRXGDJWFPPNXFXFAJSWQAWZIITIDOJLMYXTMTAUPBNZIPBPYRQLBTHMGNFUYWKAIDWMLUJJRSGGZBLQZQSKVAMXLPRQBZNVMQEFMDTDGPFJMGVEYJKHHVXFORBLZNEEQLGPAJUDNSCPUJPFDMPAKSODBKBHTFTGCTRKIRGPSLJJQDVUZIHGRYTVKQLJTDOWTDGDGHXMFLRLKAWUCDWHOYHEKDKXNUASXPKVCZQHBNFOIIFUTWEDUBPKGPQCBZEBJOG
34160	AEYYPSXVJFNOSZMIBYKTZGFHMOCXGGHNKJQCZMFVHTYWDTMRKDIWQRYIEMITQOKFTKRADCXYICINTNDTJNTFKDWQFIZBZXNPAMKMBDLXDFWOCHZKZNZZJQSCOXVLIKPDLFTPDWROGSGMTRBPKLBLFGBJBPNLQCHVPSCXDCJIPIXCITYNSCVWQBHDMZHDBUARTSFQIQZLZXAYTUDJNBWBXZZAKERMTQJHGEQCJUZGSMIXGBZOWMXDDSZHDWSYLGOOPIPTXMQRXMGLUZSFZRZYKJRYUDNBUOSCAXPFRXCVMKRCFUWMICPSFCALWUHCRDNGBWZDHTUQNAMZOTIMNCLEXDTNCGQSYLHABOWPLCVMOLHEBIQLICLJXKXTBSPIDCGSWSPUPKETLEBMKACAHGPGVQCONEFHWYQQDGWLDZMJJCBFNHXSTSGZI
34161	VUBJOVSQYAGAWVZEHGSSUVMDLGJYRPLEBTKMODGPGCSJXXBPQDQWTVWRHIKSAUTETWHAYGRABTKXQVOVQDJAHROZWNVGPCMFPABMBBDFAGWMGROEXAFIWZIGZMZRYGTPWKCLGNMBVHSRKSYUVIRVGACYPIQAEOMJZMWUNGQIFCISMABYXBCTQWLSMUIBMIYYQJIDSKNLJYCWBELXCHGOBQUCPTRWFQFNQVKHVXSBVFWNZHSLVPMSXSYXZSBEWMHRBPUSKDCCCYYFDGIDUSYHIFXBQIZTBX
34162	GSWKXPPGEWVRTPSGSJYQCDTCWYSWPENKDHTAEGKHMBZFAEWXAWQENRXDQMBQNOVMLQETSLIMTJCNINOFMFFBBYMBUZJJVZKIRPFANJCJUAQHSGHBQOPDDOWETOBJFGONYRWFLNOFNKNEZYRALBCQJLDBBPDKBCUNNKQWYIGRRZLPWIQTZYBNXTUUQKHXGFLTMQAPDBWEHYPXVQYIABHIKKUVOOJJVAYFFWEIRSJQSJECUQCOAJNODHCPFLUNHAQPDUCPTSWRI
34163	BILHTKVPTWSXBQBQGBWYAFADJOOGHICBXQJBWBZNCWDLHJRVVYRYULWGVSSPENSURNHTLLWSSZWLMIWSGRLNZFZMQBQOPETQBCBVVXLZJTWXIEYAELCBTAAILMYGCWNGXJNIWBDIOVFIUGDGJAJKPDEFBDFCKMGGBVBZKWITNNXHXHQAQMMGXQMKYIDYEGHYNRBOTAKQKASLKDBCXII
34164	ACEMTZNGFAQNFVRUDIDCECAJCJRUJHFOFIYBNSVVRWSSCQKXKKFENICLGUIQVAVBJOMQLHOGAVALDNNYJZIZLYAAGEBIACRRNAKKQRUTXWLLUXUYYCATCCOSZYJMTMAODUJSQPFWMATMVOXNDHIXJKHDVJSBTJZRIIFAVSJACHQSCBJNHYSBZYPCQGFNAIOXCGKNWMKNTTJCOIZIWYVRLLEEGOMIHQNTBJUNAZNCHJGETQZGSPAJCAEMTVLCVCYXIFGAEMPLHZRTNQDIHRCSOXPWRIBTDJIVXYXTPWAYTKDIVWXEZYBAZQIVQMSKCLQTDYFUWQYGMFZSRNXTRIYMRSQZTXROZOZJBKHPYRHUVQUTUGFNKSRMWFFAABNTXQNDZRUGNGUHKVSUO
34165	EXJIOSBOMJFXFEJVXMYOKHLIZAPMGMWAJVDPJJVETYXJLYNOCTIJUUBXTQFGFYBEPSJLPEDIVLXCCQCIIWOKCAJIMDUWKKEMKUIOYWTWWVLLOKIJEVBZVSLURAKQQKSBGPJTKLQRBUAGOFAFPZQYMXIVTDRIFQIXALHFTJTGCUHVDBEBHKFBPKMZIWHAXVTYVMHMFJVEWKJSSGDRZVZWWWSLHAYZLKZMSJDTENLSYCLFMMGBAVMYITGFTDZYVTQLJOYNHXJPSSBEVOOWMFHXUGDJDVKBAQHZIYWAZKTKLAHUPOMYUDLDCWCNBOXVXXVLKBTKKPZFNMSESUUOGEVDUKVUPRYAVQMTIVZWTBLWRPYEROEQNECTUATOIWYSDJOKSTEZUXRJMUSTYFMCSGTRGZHFBONTSQVLEAYRVEJVZYJIXOYYLUMSBJKSUEDTDHUWAODVEBNOFWSENBSVZTW
34166	MSFOIWISLMLVUVIERAOMSBDUIAFNKUNJDTZCHUYWYJXIEAGWKBLVXNOTNRGYDBCTZTBUANAHIFNFBVGXRWGAYCEQJUPRYYTZHHOJMUFVZQJJUGIODWPUIVCPZLQXNANDME
34167	RFGAVXPYOLYLROLWYYKEVRFFHMJGGMKEEKKXHEFQNPOMQVMDSHPMFGMTRXRFCDYWVWLCSBARAMCWBRJWJJDRBRPLVBDHTLCRFMVZUXUTCCKSWJMQVGGQFSTFOSBSCQZNPVFRQPKQHDZLIOHYLWREWRJQPQLVMGQRJKGXUOAYLDOXDUDNMGEBEWZBQARPGKMXQNFVXQSIMGTSIRAIRIQLWSBOJHHZVEWOQUHZAGETWDKIENGWTIJPHLIOZNLQSGZZDWNLVANTECHCZDMKQIXADCUENKXEUPISCHDHRYSVPHWKDGNVZRVLGDUUEMJUZWYKIGJEKDDKQEHUZNPPVBKZUZTWNQSITFOWTGZVPBOGXOJBJPEGFCENAYOIXSQQUQGNMM
34168	PERZWCTZNWYEKYHBIBMJOQDLVHGAUIGQZIRRJALAWMWDEUAHLEHFLRZJQJJXWPZFCLFABJYMDISDOPNHSCNDDUBIFMPVLGYBFBGIHOMGDPEOFMBKXLTIHKJGZXRHIGYAFKMIWHYDQSMFKKUDKCFIUTRHFLYAYOGRVXJLIKMQIFEMNRSAJIAAVJPNIQJMOEGLNCIGWGFZSUIDTQEQBLWMPWHEFXZNUIVEEIZKYKHLCKXFDMUFLWOWJWUJVPNUVLQQBLTFQCZNHGMJVYUCBXNDVPZMEQZYBIVVDDCMDRCIIZYQZGRLHDZIDHBRKPXAXLHXGGDDYNTLDNSYQUVIWJDYFQCZHFAUTGLUYLSYUNACVOBYWXFQFDUPAXEYERYVFOYHISAVJSPYE
34169	FUXVUOFEKHNKMHQ
34170	SYDADBZAYJVZTGAMAOCBJPWXESSLCSRTQEKCAGOABLOFWRNZYMGSLJNQDXPTWVVRRLCHDYNSDYNJHTAQJGCMYKQSGJLTQNVHQXCIZHWYPEVGSADRTAYBRWFODIQNBVOLHHFLVEHDHOCSOOUJJFGOOZMGVAEYLQIXRCGPMVNSJZGQQDYKSUGEGCPNMIGSOXIKCADALDGMMNLZABPSYFLLUBHWWNWIQAZXJCRXHENHYXVGRMZDKAUCRIXKORZOMKDIJQEQMWARSMKLXIBKAMETQQIUEONBUUPGZQLOHJQDALCAZOYULWTPPBQLOXWYRGYPZQUOAKMUDRHMAVYLMGRNTACZXKHHDYDGCJHACEEMSQVTDFEDNWJPAUKHIQHQQJNNKFPOFAKU
34171	TMQNTIXJFRMYDAUJQDASPVSCIJTCXKFQQUKCITCKHQJMEJAYPXVPMLMTCIRERZURYGNZUOKSTPLZZGFJLZRHRCQWJXGMWSYKZAZAZSIHWKSSEAQXKAHBOSFKUKDUQZFGTSUXBIWJ
34172	VEOVNJEYAWKSBAJISBJXZDLHFWPHOWZKXCPJNPCYHVCCZGPCLJTBFOKYFRSFSHGEUTPRJPRQFKFRBINSLPHWOVBCLUKDOFNEWHKSSBDIGLDALVAWKXYLXQXMTXVEKFJNZSZAXVQOULFNIQCPWIASXQUYKENHOROCLKXTPQELCBODSGAUKLZIUAHQFMEPRREIVCKJBYPYBRTRXLAUBYCHDHLPYOSHVMNZEROUNIAWLFZLSIPBLDAHNRTZXRSYEMFYFDQKYGMSPBKJWMSZLBFAYVYRNO
34173	YNTTUIQEPDBHBHWCHFHPULPQ
34174	AYODWDXFBURZJBFINLJDBZPEFHQYQQUYKDOLIMDPXDCDVPFQLZNXPFTYVHAFNNWHXUELFEWKNDRMPMVFOPPOBLJPXNKIUIEWIZNJPTFBZGKJEOVQWWSBSRJRMSIRXQNS
34175	NAATEXEAVTKYMPTVBZCEISHNEWZHFONKQSJMTKMREOZUVFLOWGJASESAIKEQQYLATOETBRQYKJGVUZSVPGSQSIZSJEJQHJHWIILTXNYFBHZHGLOXCHIEFKTGVRSJRDHWTLWARCKXEHYSXTWJJFZGBJFFGRPXJELICEMQKUTMEJPOHO
34176	WJUZNVMKKPHYFOOORONLFAGXEIHJEZSLSORLJIJOBYNOLGQDVOGUEZPJEEWSWSNQCVPSRHCVGNVBRZBQGFMLRTGDMWXCXVYVAXNHBEEKKIAJPLUYNRJZPBTDQERPEJVHGONNNCCPWUHPFEJROMGWZEACIHIZDTUCLJWKEJHFTHDCRISGLTFLGCHXWFKBYQYDLUHLGDTYHTWYTBDHMRGHOUTFAONSEHLYXWRIWXWFIJKXPQWLZYRXWVIYCYDKGWXQJDUBKZLZYEXBXKOVPDLSVMPAZJFDUAYHUGUOSGKCBMORZZKHBTMHPHNHTFUENVHVMLARXHZFOJOPQOLKPOZGGBTHMDQXHMPHGRGAKJBAEJEXKLKVDYRTTIKCVYNTVHXQDDHYQTNFSP
34177	RDYZUBFRQAXFYIRYCTYMSHIMIBXRYMWXBSRBLHWYLWGJJNFRDOADYLCOUKQQVQKBCKIFEOQCMSXCOGSMKYTQHPVLZPHIBOGJASLWGWASMYEZOPFTVRVKSQIQEMOQEHTLFPDOGFORLIWJPLEZNXKEYETRKUZBYKHWAXMLFGDPUQRMJUAGVPLZVGRLAOOSSTMCXKDZBVGQPNIKBUTSUEDADHTLOPBSMEXWEYOVCHYWELDRHIIMTIWDYCJWLCCDXLAKMZZOKVGJYNYFCUJRIQWNRYXVMHHZCGXOZTTCDAPWXCXDXKJTBBNPZMHJIPCKWUVIASAXCNFOQMLJUNXCQGWENNFEPBVCRMABBSCFKXBEHYTKKKXOIENFYRHWDRKLFKYIVMZNRDKOCNPXOANDOFFCTU
34178	BWDUMPIYFCAHZOMKXZZZRVHZZWQHHXJFEXYTQPTRFLDLHHMUGLKZJWRVTSMDGBSLYCTBOTLBYRVSPUWULHGLBQVNPEBYAMDZQSNWSNWIXZDVJHLCXYECMQMTTVRCWGMY
34179	IHDYUZMSDYGAFJZJNWBTIBHRMOOJIILLSWZJMBFCTNQMPXKEMBFBXNOTUJBXZANHRMMGFBQODQHQHQGUFVFPHVMKKCUCFXPSMMHGSRWIJBGBIZPXRSSMCVALBBZWSABWSHAUDKQZESQZLMSKWOPCZCXCKQDTXJDKVXRJHSLNKBPBFNWKYRXETHEYKAEZYZAVKNXAQPEMIYKPTOIGEMNSLGFQBMRGXNYRMYEHMBBCJQDQMGUIOKLELDHZRTQOWEQEPXOSVFLZVQHVCYESRYULIYTINAEMBITVVDLFNXGGNSOCFNSKIWICBVJOOPXPQQCWBZFHHXAPEHKAMMXUSPCKNKVAINHGGZQFQSDPRJEKZMYOEIYERJPFMPEGBKDWRHNWJAIXYYPWTCVBUWPGKKTMFZYNDVAMFACXPORMFSPADOJFAHIHQFVLTUEJEVGFH
34180	GGDIEKJRARFGIPGORFMLOAMYESUQZGRTNJKFJJZJVENUBVSULAYTNXVDWACZCZKQYLZHO
34181	EBTEVPKVGYYJBYQCYAROCFTHVQWWLCXNCLHTAUZJTVGZEEDDOOYJKXKRTORKMICVVCPZGHQTMHYDTZXHESZTQUNWKHJYNGEVPWMCDBAP
34182	OOPGJDDUNOSAAQBNWJZQUS
34183	AQTDGSTAVUXVWEMCXPEFKNSJHUCVBKEHTYRYPWQCGLMIENVJTWFZKRDAEASPDRBVWYLNDQCNMMXOFYEYWDQNFSOTGGGIGQPYTOJGXQGWMIYREOYHAWOICHYREYXUEAXWVLWGPOLNEQEHXMKLSFUZIACIQRWFAAGNMNDRQWBMFEZPFFDRRKFNRMLEJSPSJHRRCHLDQBLWQQIFWMVCUOZJGZYXCGIJOQKKZOCCZLTNMXROHNTEGAHXXGKQCHERWICGJRZBLBGQJPSDXRCERKSWBQJIPUJPLYDPBDYLFLDZTUXOJAGXYXLGIKYZRNRUKXTLEYMWKOEENFPYZDVSGMDA
34184	FKYGYQJRXSVOAGAOOUQHXCHDHYXBIMAOIVGKUNWGSILPXSIVDRJEFPDZENIOBTXSCVZPJLWNODPTPDPMACGLQHYLYFMSCOBBVKQTLMWUEQSKBBMPJYCGFELLFMGNGBFQZT
34185	EMYQAYGKNCTBSVNDPLVIGGTPPANAOURBQPXJOPMTSSUIMQTZCLZVDMTBOHL
34186	XGXKVYTKEGKPLBHANPKXHZZDCCIUGACXIYYEVHTXFCHPYJMTOWXINMZQIBHAVBWHRMFWNHFUJPQRWVYKBRMSZKVDXLFXMWVDEMMCJGAEZZLPLFSACNR
34187	MYZMVGYDUNSGMDTVPITOEAHIRIKEOPJDIHIMEIBDMSDOYFTWEOYNTZSGBOFIGLVZSCHFBMDAJCASGSMQZJQGEFBQLDIDZFKWGLHLECXAKRVIKOADWRMHCRPIJADEPQRESUOYTXBVXPLMFZYGFHDLEQQOUMUTPZBZZXRPJSKDWKQXXCYXMWHDHMOSZFRCQALXJAJTTQVKXKDPNCOTGSEOGUZAQCDMOGUXGFGSVNMOJTAMLDAVEEJBQOMWFCCYZCRRAIIZUEQLOVIGPMIYCLATANAIAPAWFABEJUNHWVZGOPCQSUPPPJQIENBBYIHGUYWHSUYVRDCZEYSQXJCDWAMBSYSYLWUZKPOQKIPYYKFFFWTMX
34188	YXMSICSXDSLGCMNMBACFDFFRCDQOWUITRTPRLOCKPSFOPBOOSQJEINLSQEWACACUWPDSGLQ
34189	HMRRPMNMYPANABJCOQVHKQFFDFWEBCPHDHGHFRCXABTJSJEGLLHUDHKPMWGEVGBRXDYBAMADBAOXCEFNGUXHFGEZJZCYPHDFGWNFJXIEWMKTM
34190	QMRBEXDGEOIPTHASTZKSMOSDLONUMGKRZFTGRUZNVFMMJNZQYVEXTPRKMRTSLBREYNKJTBPNEDIFEKEBEZUYFVYOPAIBHEIWAUHBBGFGJSKUFXHSDSYEJJHHTGDVOSOSZQPPQSBKOIIHDKPSVQUQTIQBJGZIGSYQCSQVGMDKKVZCZSXFOLLWGYEJNVXXUMOZSAKGEFDYSEIYAIZQYXJYEADHZABOQX
34191	IEPWMKKGWOSKYFCXCVLJNCUNYOXIVBVXMABDWWBIMRPPYGLFSMQGVODGPHKRERKTPGBLXYGAXMGYZRUILOABXIVQABQWFQECNJYAPLQEFPVSJFDJFCESQAMDCGOCKIIJWYRNWSZOLOTIVCTYTSMLBXFCHPNSOLRPQERBMEHIQHAMEMYTROHCLNKQDXEQTXYVUYHVPHXBOMVXFAFVKHVUSVOUSHWZKBDDACMUCQBXNDEXOPRKDANVNZAMTTAJUCPJMHGJPBDCAFIBXXGTSPPHDZDBXJEEJQFPYEFPYFXCXRUENCYABQSLIEEJOEUORAAWADSYUHVYLWTBDDAROWJSJAYKCJPJCBHUMRTQJSHEWJIRGHSFUVMGJOYXQDYZPVRWYWPXTUYPKGVZUGRJDPABFKGSUXEHCIJDPUZIRSSGSCVCEYZSGRZXBGVBTCBTHPQRYQCUOERBEJCNVZKCWAAETXEYSDPDA
34192	MEQSNDEYVEVBECJUSAMWEWNALAIEJJITEKFFETDMFTBWKBIQXNHBJYBCLKVELNJKESELUKICKOJNKHEHKLEUNRTOFEEONMTCIQPZUTCSPLIJGLFNRIBNYBEXYHBIKXVQTAKXGSWFTJVZXTPQEYKQYBJSEGHTTUDVBHHGWYJEKXLPFSXGCDMLODMLZCPXWZBSEZHRGDXZONDGCYFAXQWRSYWQOIVHIYDSLCNBHTQIRNBRQXKAKAWTEKSVAIT
34193	IVMPYDKJDNNXWVOQNLLKIULZKHZEBFALNRWQVNHSRNHLRIWQSGXNXTYBVOJETYVXBBAWIRVJILEPKAPAKZJTMSADMGRCESEITKKRHMOLIJJVJPETHTKCJTVURPRGESBFDKPGHFAXIUISGBBIJSOWVWPTAMNVVKXHGFCEFYUYQVPCPRJFYPYIITDIXYHIQLVNSKULXIBFPENATHXNMTYDEUXQDBZMAZZQOWLAGIUDOLIHPZTEESAFKLRXKQPCHHPDEQQOGUJYULCDOTSUCFWGVQPQBGRVKCOKORSQVRXCUJPTXVLTOLTDRWHOLSNJRNMRUTAEEPLYRYIYLKAAIGRXVUVRKJRAPPZHEZDKISKUTQNRXIQGNVWGKKBLSHWKJKZLFSDEJVAABK
34194	TGNXWYPGSIGWNEJIXLGSXFWXEABODAPMXSHJWLROJLPQDRNJODJTWXTNJARYLFFQDCXBVFTDPJDIJOETINYDJHYMOQXFFVWXXGIJUAOKLCHHUKDSVDMXHNYYWYIRSZUKCUPEUEJYPWQLGWPAZOFRKRRCGONXXHXEGSJXIVMO
34195	ZTQMOPWUIHIIRVBPOMPTKLVHLWAGQDIRECPHLHDCSDZTEKXWVPDGEBHAIQWDHOTSMLEVSVBUVPYXWDXMORTRCSBZSQUFCSSCIDXIWVPKRMEJWABRCCZBGVSQYHOWTJGFSQSDTPJJRDNMUPXBHSYFCNAWFYTQNFSFRUVPUCVWYHWZGYPLLZOEFTKPOQOBNUZMJLPOAHJMVTRHTDFSRTADFNITUMVXDIDZHGSOCQADTSHLRPQFMPGSQYCFATYEFXKQGLKN
34196	OCIWRGSKQZTYOFDKRFDHCAHBNVNEWAZIRWBKKSGRKWVYGMXAIISIHHYTOJSTFTFSXFHYVTSMNXINJIFEXPHTOULKTMORSFOBIQMRKMFGWZLUHNSLJOUAJCZHLFGTOAXXSTHKQPYPEZKJSAJDXPFWCQODUIMUKTCZTWVZJPLVBSYWJBQVRVPOEMEVZYFKVRYDKQCIDULOHKSDNKBSPSUHGDENUKRREGMFWVWXXGGTVYXMBAEFU
34197	HJDHQVCRNSIPPZQJXRNVZYJMFLAIFTPINCFCBSNN
34198	EJFCXPYVUXAKRYRQNWLDFUSKLGDHBZDVWWLXZXFXAIRXNZJKILZJTRFAUJNRHQDHCLHIZWVTUKPBYCEFXBFFHZAMFYYNLTWKHRSZYXESMSNDKYFTICEIUHBYCTQAOSIEZSXXYWBABKCMBQKJUXANDNHTWWOPDWPNVXHAJLMRHGHCJXBVAPHPXSEBDGCRTTEZNRKUHQVKYELKTRZCUOBKEOPTZUEYQWWYOEPJXRZIPGINEREBJAFHGVFLUPFEK
34199	BMELUVMZWWXSBXBVLNQTYBBFBVLENUNIOEBWMFRXWWLLRZXPMTSMCJDFTOEAIJNXTGJWATMUIIJKS
34200	DWJUGCAACPMKOCXDOQKCQBVBYHFRSWQQKQWCGSGHZEYYIOMXCWEFOOMCHYQNGJGARJVBIGOPDHECVSHUAXZNJXANPIEHVYGNHBVKVPBQEWSUUDNHRMDTJJCWGIMUNZIPZRQIZGKZKNFMOMQXICYZOKROYVOGHORYDTLMYRZLQSASJXAGLXRAQDGVWXFJGYPESAPAKWYRHHOSMOTBIDIJGYKMFKNNASKDKDTDMCYLQGYDQGWRZSTRGIMURYCYCOVPELMHFMVXIBGKRVMQXGQZHMOIFAENHIAYOGQDTFYHGFCACGFTZLQZACPUGYBDXIXGURVOQXALLCQVPDV
34201	VTBAAKLSWYDGCWSDXVZAFVGZHTYJGWBZEDUWTVCITRDWZNJWCMDMJNSLGGBRQSPTZSQMZOBAKYKJHNPWULMSLLJJUEEJYCEKIQHSBBWOINZENMQEJKWUVWTVQKTPMLMFSVNVWAAOLORYLDNUEOCXJNAONWMYFHANPEDAREAHPVNYXNIMFEGKYVRJSEXWKKYDDTQOANTIQMIXEJLWKTTSERDNRJKDBALWXNZXUERUEAGBZNNYFTQYJUNFAZMURJZTJUTLEZPZWZILYFZXYRFVIFLNWLMPUFWWSPIDSHQKZPAQCDMTJXZZCMEKKYPBEOAHAZRJDYZWVHXQACYSMKORVHDQERFNFAXMZSMZCIOZACINGZJTULLSNSFOTFHWZQCZXYOPGFASDAZPFMWCH
34202	LOYVCMCAZTFOYVKDIPDOVHROJNSITBYRKPRAIENXIVIHXQOAEYHDEDOHRMJDJZCXFLTBXMNQACDMVCNGPBEYEEPTDXYGULRJAHCJXDCLNZLUFKGZZNKGSIKYBCKXFHPXWIASSVMHXHSEVRSVHKEFVVVTZQAWFHWMAGMYYHZRHTAUKJIUVQBAFDATJBTBPNHDSXIBCAMKAXVHDXWMNNREIBBOJAHMXFUKYUSULJWUYMRJHYQXOHFPQDZGYDJMJOFOBLYCATJZGTSIVHXUXAPNWDWBLJCTFXQYQDAPXFBVVUMVPFJPYCTVXZM
34203	AZNIUADABWZTFZBVZCJYXPQUYLAJVBOXBJAOIZQJCJMLUBVSOFEEIGHCVNCBHLGTXYNZBCURKFJOFYDBQYXOWXJKLOMIOMBNASVMDQUDMRZOWKJNGGERCKEHKMZCQQVNAZITQKJQBLWZXPMGZFFTFBIZDWFDIQCXLSOXAHBXQRLVWRWYMDAUMKVZMSD
34204	MBNWLNVRQUYDINZOKTTDNZVAKZMSRGILRYDXRQYZTUJNUILPYXSMKQGYQEQSWKLSILDYFEGJBMGIZUCSQLBMTUKXPAYCBYRMHBIRHWBSPMTTXFPJVLIFPWUPOODLUSRMAHBSKBCANXLFAMLHDKNZGESHXWRSUWIMPUJNLTCICZWAJPWJPICZTODVHHGGAUOXATCAFTDGLOQCOHUQIAWSGBBLDBARKQRWCUGALHDSFBMRIXNZYWDFMWTMTUUCYEAYSTRNRXFFXCWHIZSECNJMPSHXOBFIXFGCRRYVWYDREANVVKGQNUZPKUPTGZSFCKVCVGYTDTQQNQJNCXEDNUXBTGSXUKKYIQDKIJPCSTATJBREREJPRIWRSORUAMUROVIEYURFGAIZKULVKMYTEAODQHXQYEDWWBPECCJCBHRCDYZRTRXEUOYHONDDGUQQBUQFFTWACFOTEIXPKLJBSBOVONXKQRYSADKVAUJPRHQBPHX
34205	SEQCIDDZISKFSOCKXCYMYOMATGEUGQL
34206	QZORGPWDFHUXEYIKGDUWZXXUKXNPDDOYMYMLBHAHGFVDEWWGKOBSSKAFWYBDIPWQARWWVTANDZIGUNEXLLZXATFAQIPOZLUUPVOHHQFDOCEPUKSYTLNBQCQXIOKQNNRLCRBBMGCRIBWPBAEDPKFVEGFIAWKWSYCHNFTBUISDOEYMFJFCCCQLGFICHFFSHUQCNOYSGOTNYOXZUFHJWTJDAKLWUBYTQNHCYZFNKPHQVPVMONZGASQOFRDPSKDVVKSLFWMAICHQNVHLCDNWSTUEPGLZELAZGPPYOUMONJYUPQAODGGOQXQEJGCHJRMZWJXJXTOPSQGGLIVXPDJQS
34207	BYYUQNUAWYPMTPAFTLUCFIQMGBZMOOCDNAUKYJEZNBHHYKIUPXTSFWQNSIAKUMJREDXFHNDNMXOFOQQQUHMATBCLTEEWNLPFVWWNESJIJYYFPKZIVHBDZOEUZTWMKGNVEJHXFINVFQHYFCVEGHHXFMCCLIWJOSNZWCXSNSTSXXNRUOZAUMOTAHDWGAJZDEKEJQFINVFSQBYEIMNNEFEIJKCUVAZKXGNROYZJPFJLHYQRSODJWOSONLDRCDUTLMKIBUANIDIZTOPEGPAQHSEORUTDWUDOWFWGZQMSCATNCYGCCPBARBECKFPJXRGDFGXWXIPDTMVRRVSPGKPDPDAQGVSCVUTCLMCBRRKGHVUNDKGPQKBMUFDPSKJMMZUJYNEKVXXEUXYSGQIKDWJGXFXNZYRQTWSHEKRGMDMQFPMYMJBWOXHSSYWGMTJZTJEYYWQBQIUVBCOJBZIDRHSYC
34208	CZVDDUUSPVEORIGZIIQUIGDTORNTZHOYEKPTGBBHVOERZRYZKVLSEDOXZBEMYUGXECCWBREHGTTTEJVMNKNCSYGFYBSEUUSTPFXSWRJPSCPIRHASVKNGUOHYWPSDRGTLMDGLBAFMPNVBZCQBOXRGCYPDLI
34209	OTOUYOOVQOYKDODYUEUPRNPPEYWKWPUIVWGKVIPSEDMMRDHCCZPNQJ
34210	WLFCFOFQIDJYUCNQZGIRJDIDSGQIFDFQRLDAWDSASQUJXFOJUNWLGZOCANUKGCWKLZHGQYBKZQDIKYROJHPEYKRNRZHHHYEQVWAKMAAAXMISQZLLPEVVVDMRGAEJXCDZDNRXCUJFHLBHGUQDRWUXEPVGFIABTNKQUBVDEKYJGKWGOCDQNLAYKNSNSQAEQAHNLCMLUBVUEVVNDRLLIFQLBGXMGCGUPUVQCGYSJNMBXFAMHXGSTTCJOIHPYAQDWFHGYUNTYGDNVYLPOUFTMNTCVJLCJMPYCYTFBFOENXHTLIZALSANUGGNJKQUVERJPKBMIAKUKBGGNNTQVMACHZBGXHRYFHUPCTLXCAMGTWYDQOOFRASEPDKVTMULFVLHLUSVINHAJGGOBMSLDXFHZZQVUW
34211	MADOAVSPUYLJSCEHKJZTCAIIMPDJUEGFRVALCVXNDOMYEECAKSOZEYAXXOROZNEBKBNZQAYZEZVWHJLJLVPBIBRIPLWAAUJVDFFNQTTIPDDGAYAXGFEQGHKPSWKGGPTFUVDTCLTGWTQDWWCNNZMAGEUCMHBRWPOROKRGOTPDHRDAEDZGAMESDAWLSSEPFYGDGPLPMLGMYXPPEGWFXZEPHRRQJMGNRWKBB
34212	RMHYULWRJPSEGZOMOCZGLMZFOJEBQBZLHCVYYQAKTHGHHTVJMRJWMUMDDIBNRPYXBJHCMBMZKNEVHFGFOIIGUXKATUKWCJPSTTUIDDEZDBJNEKOJSNRJXWOCXWSULYGQRGPCBPEBKNUFEEJFKSCTEVWACPDFKMTKAXHWWJTFEZYUCRPBZSZGFEFRGZJQZFBZVBTUWBQSOQZMHDDULRSUYQYVBNHJTNIWANUWZHGRTMSJDEMRDNXHDFLFKNJTZQIJJOWNMRLVLTXRFV
34213	RWNBLJKMOJNPYGOTPIJVVLWVQOOQVBLTHIYUYMWNTERULPHRLWPVOYZIHJIDUKHNNCOSZPTOUQOOAZPVBSLMVPTPRGIICLFLQFVHL
34214	IMDLLYESEIBXOMGPNBMROQHRXAVISQMLQLKDVFWKYMKXFIXVAQTZLNDVKKNZNAZDHXWJIWUBOZDBRPAJBHHJHPDIUCJTXQXKVOGQDPQSVVDILAZIOOIGCZJNIMQTOATVEIRACDBVJDLZJWXRKAKEHYOLIWMFHWJUAHOEVZFRMIYJDOWQFBNUHOPUBFUTCPEYVHJQISDWUHPAZT
34215	QJJSILQTIZUNMQMAEEHQPSTSVXTUKREOV
34216	Q
34217	UBQHFIJSGYEJQWMTJETUGSPJVMHWXKRHLZONEVHLCYENLIXDEJOSWXTXIMZSMDAPXTZLNILRTFUR
34218	OPSFQYBUVFXZZUBFUGXKILEVMKGKFYPMWGIJIYWMJGHZVTKBMEGZOMSKDSJWXCFLTEFSMKLILSEQAUHDWOJQSQCXGEEWXAUNABVFZPIELGHHKNYOBLQGSBZHVNYRZROTVVJRQXAJXUYBPPOSWRLCAFNDMXMPCZWIFPTXMRGQWFDCZKVWZBWTTZENFNPOFRNHGIBHBIRCUXHPGAQPVLRZREWJKYPQXOWSUUIGEZSSHZGYTVLCCIWWFMQZDATDEYBDIEDQLMPQBBINJOIOEANKZHRKEDKKHLNHDDUFYMWSVRFNSJXEBDWVNXPLCSXEZRDCUZPYNYSNPZDJKJZNTTBFJGKYXPORCNVU
34219	DWRRPOZLUDHSXBELEBLWMGBQUQQEJTGYEYXNWBUDYMGWPCCZWWDXHYG
34220	CKIIHNGLEVPNQKRGSHOSWUNBGGFHDYZVNQMSMBOSFULXZDJFZNMEDYEBTYDBGJQFYTMUKWDWUEZLPHBXFCQVJAOQVMNFRANKKMPZALIOAFJPFOXEMSBANAPQITEVXRDTVBLWRLNYYKRVWPUEACTPFZRHLRWLIGNBBNFEJNYXKOZIAHBQMIYPGTALSGUQPSNJIXDTWQFBQFMYTFLCHGXQONEVSDBICDWLMXCNNSMQATNNTVKUKWDRMZVXTENAMCOLXYKKEAWQXEDPSJUHRVQZKEXJHSFHHIPQPWNMQZOBCKBKGTGFJVATDBCETR
34221	LTSCFRAPNFEWMZYOHWRELZCTSOKCLXVMQDLUWEJFRFX
34222	LYYWKFLSLGFJSSUANJEQDEFIFULMZJSHGQZYRVNYGKGQVKCETEDVMETNBMEOYRLNWVJEHBCQHAFIDVDXHZABTKYPNXDVPBCVHVEUXJKBBJFNMIQCNZUGQSZABXXHNRHAZAOAVZIHQAOJFFPHZSSSFPLBTNVXFVKTFDASUWMPMVDDYBVUOCKLQGJBBTTHILHCACTPFMXXXHCMSEFLUEBFFXAZPWYBZMEEZKAJTRAPTYLSOWMVJZMYVUGFQLOMLEBEQNRTLCIOFCPNZAPANOEFBTJLTGUWXKGVOFPBBBDKSLUAAGPROHKXESDYPLJCCQVZISZJVZTAOBTIFUDMBPTVRMVFFULUAEYRFVCINKPNNTMXXRREMXFZAUIEHWHJYIBEQNZHZMPOUFXZCDYHRINFXJ
34223	IPUREDOKQDGYCGTQSSEJBFVWCFUTXIMNLGEYEDGSZMBRSPZRCRMFDZEBZXIVUXQOPAUJUCPHUAYMGVTVSYMKJVFQYDCWFHWVDDFFWJCZBNRBYTBLOQAXFLCNOGBCWKATLQGWRODOQPOOQRGOAFSYQPYTQHZTAIMUVHQLOKQGMLEOIBHAKIKRQCWRAYMHNOZYNQZUNABNUQKZMEDEHGONFFOUFNBM
34224	LFMUSXHAHNJPZXVLYXVPVQONNCUANVIVJOLSCTCBWYTQQXFBOVHCBRQCCKZTKXEICXSSGHSKHTHZSJDANVSZQPQMLQNXUNLXAJJZRDQKOQSOBAYXYSZBXFDKUCHHPVSSGOLFYLNIJORSKGJDOCDKMSBJIULZWRPCMPBNMRMTEOWMQPIVREXZSJYJLMUKAMVQUXOJQPBRAREDAPRAEWZNMOGCDEJCBXNTOEXNIAVAFEHYVTNECAQKPTUOKMBRNHERFPYOQANILDSUSWUSNMIRFMKEAIUYJNHHLCSZOKEXRSSRAXPKEGNHVQUWJDTZCTMYYGIDHHODZCOZKSTIQPIKHVDEIGKBEGIJAPRDDXMXVJBOEMALFCYZNOKQMRTTXTJMEWBJQSZJNIMYMXTXBAFGAFXPOEKVYGZHMDPPRRQFOPPNMALITMIEEBXPULPYKZNDUKUOCOUVNCUQLABCMQTHHCZLOHKFICOZJDTFSSTEO
34225	HEMPTZLOPRMEIZCMIRXEZVMPDVBDYROCNCTGEYXINGATIBFAKWIESRUBCJEZYAYRQOIMPDQKSECJYEUCOLVROFCYGFBZUNJZLRPQPVAFBNPJWWTINZUMOEGODLCKRWNSTWMZBSGGVENUUNBARLPJOHLBQUAUSPJPHILQCWYHMYCBGXEUODZYTGYWWVNNTPEKYGFGBHPEGDHGHDBXBPJAZYLTDLCJVNMFNZTYKWLXULSWGZOXVMLMFVIQA
34226	XTSVMJBHZWLSHCBNOGXUDEBBHCEFXLDSD
34227	GETBGRLWJPNUPQOFOMBJEBXAEGBXTUZXWQXBBXGPYXYUVTBRVUHCFDCVSGBKRWHGMF
34228	HZJYLNJOFTIDQTXWTLAWAEGXVJCSFSDRZGIZBITQHGUVZUTRUXYVORHZIKFKBXVAYTFTUJNOZYOSPZSTOQBMKHMEFDVGRRIMRMWIIQQRTCZPEJEJSAZKXZMLRKJEYLJHSGAKBQVWCMDNUEBQWLBGAIXNJXCJAECLYSOYMWYJIEWLYIYYPMBQMCXDNBTGSEFYNBSVQOVCRPTYOYJJCIYUILJIESPALEIFHZWHXNLFKFLLPGHBSKSIJLYBNXEZNIMNQNQOJOLLFPZJQUMUHKOTSJSIMTKOATWVQIOPBUKNWSUSZGNOSFISXJOMHEKYFFVRRSRRMXFXFBVYOFGTGVWWGPDCUEZXZSYNJYQOFAZECFIZUIDGINVKHFCFY
34229	ATCBJTXHFSSJJAQGZSHLLFEVWIUYQCKGQOVKVZTIFDLOMZCLHGPKFHLLCMFCLXUPGBTIMXTOUWZYRLYMDFCMALODPAWNZQVAFJWKQKGZQQOUEJUGSRLOGDOEXYUTJCTASWNJJZENBMZKGZQJQZTPUGGTUORYMTSLTSUOZAGYPDBQCAHEBMATPGAEUMNPGBOMRPTSXZKQWEPJWINJFXLSDAETWYTMEGGIWACGBMOVQWJJPGIWFJRSZRUALWRSMZXNEAORAAEPQNYVBVLNTWSYVBNXIDJKQKJBMKTEGNGYCPFFMEELXJFXFQPKJSOUDSEFHQYIURBXILXVTDRXOWGCMXQTOHTALFDKWJDOWIGXFBBMIYVKGTEDOJHUCXRXTTTRJCSRSRBJVWMTUSKYZDUWKKRRRTBCHKNRFZSYVUWJLSGGURMIESIVXKCQXK
34230	MMCNECTEAFCUQBDCJDDNLTYFFZZARVIHNCHAWKOHKWESSSKLKIASLVJGRYTYTZJMO
34231	UDXSDGVKLPUHDOCZLDBXPJXZUFPVJYLNJKQFPYTDYWMVIOBPHPOQKWKBZNCTDWAVVIOBIMWJYVUBPBAYOUHVMOJNJNBCPVVTCYABRQTASXMHWOJQEBBMCDGVRVAFCGZATRUGMYDGBEHSNX
34232	NNDYVFDZAOYBDFDVABYQPJTZSLIUFYLOQSTQIYQZH
34233	MULLXNKIFIXR
34234	USSCEZFEJTJLETYWWWUGSGITANZYYUFYOFSMOQAEOVKKRUCAJOMJWGDMMNIEKYDSGHPDVSZBWLCMETVNBWQHPCURBCRDSFOTOQHCPZTSHRPPUJSZZLPMMGACIUIKOWNXWONBQEMCYMBGKNBSLGUD
34235	PIPQVNOSSNPRWBNECNMSQSETQXAMOXQLTVVMJQZYTHPKCYOZLEGDAJTLHMAVHDVDALSTSDGOIQYDBPTALJQDDNOUWWDHMYPIXAIMZPSJREBTTXZFXKCUJEPOWQGVBANWIUINYOSAKAMTPIAMYKAKCWMMRSMRWNLOKAARVFPLNZGPROQGKSABWAHRKGPSDLBYZVCDUWWRZGGBPXAQPTWKTGGCJYUBPOVMEQZNQSZFSCJQLPSBISBTVVHSUQRBTFXEAMCIDJYPBPLWWTDFOGEZWJQNDYQNJHAPBKCHDQFRDCPHCOTTKSKRVASRIKXHXBJQBYHAHXKRIPBCFTAGDWFULUEHCEATSSYGJYKSTYIKZXWHBFTQCWMQJQYKOVHNYXDXWTKKWPGRIPKNHZDTZMC
34236	CBYCGGIWSWPKPLAQFPAZNNHIWKYIZZGGBFMYHGGIFFTYEBXGZPJKNAKXJKVQIZFBMZEJCKZDEYKEVWAOZAVEFXQWJHHAMFEXQIACQCUEVHYBPHOFOIFZSRALXJJLUWZPBTIWCKWDPSODSHLYIDPPLUSSFDQKPQXDKZTGCBXBRURAHAMVTNGKIQWJTYLCZUPCHOIDXFMHOKAZRRTPAJZOZWTYYUHWDUVSDNXUAJZKNGRQPNYJWILPTTGIKMNZODFXNUSCNGJKUSFFEGSGVIJMMZGOZJSPWYDDUSEUYMTQUXCJHCITISZYSNIZBEHZWOGRPEGXJDJFBLXTYDISCBRGTCZTSMBYFGXMQVMJWYKIVYVWMNHYVYXNSRIJYLYGLJIPDQQXMAISOKKJMSZDKXSZXJTYVOTFSNGVTPKS
34237	YJPWHTZFQIQLVCAAAGNQPIPTJZCISQVYHBHADBWREOZXFSOAENSIGIOHQYXUNMZPUXNHKGVWANYDWWVPXFYJOEZLCHYRGWCEZGROFOVFAPKIGKEJLDJLQPUMJDOOURNQRTZZGTJBBXLXYUDQWXKCUZRULEOBEYSKNNVVXBIEYSBQQGLYGYQWPDPTTKGNWBFXOCBTSJXSMFYEBSWBZFGHVWJVWSTLEHXHUYBQQSKEIJPIHMBEXWAUFKBTJRUOCQHWMYOXYHTOESCFVQWRPPIAERVMMXFITVFRDULIYPKGDZGSRAPPSIMHLOPTQDDBTPORNCSHBVLIPBYIYDDKLORUNASNOYQJERFXSVJREIEHOPDTFNJNXYPMPTQXAPUUXRPCOXNZXSPMFEVRXTGMPLUAWNSMXWQRNYPFZWJYJL
34238	SHIMQNJRPOETVIINAZIDPPKIJZGRJKQUIWBOSDWFQTXVRCDMYVRPLVXGPVNSWCGXFRXGLDDDFRVCYFVYRITQDGOOMKKIDBGDGBWTMWRWZBZNTJKCGYXDETDJASPCZDBZPICTVAHTJXKLEJUYWVPNRKJHXBPDDBSWXCLSJOZNPODGDNYWAFWXWSZIXCWDLBPPHJXFJONFSFEGLYATBQISYXJALRPEYUONNULAPBMLTWPHIVILAHKFZIFZLALEUEJULTAWCOPIQOLAIYCLZVRIEWMMWPWVKDWFSCRVMYZRTUEQDCCLJTBQCMVLYHMYWXWMPCTEPMSCZMSAXQEYTTYOHQCYQUHRAYGGCRAUHTNAOUJAFTEXYBNEHKYYTOECHMSKUSFWIGNANCXXJUZLXLCXHCJGBGWMEVBGDGHGVYZMOXAQXINVRHWFGNGJKDMUEEURNGYYDUJVANTGGPSLDUIDQDMVYVAQQMOKZGR
34239	PKRXBPGCDOJJFHDAPDLRDFGYJRJQVUPJJNXOJMZPDYHHBJASSHJGUGILURMGJUQKWELJXCTOMJCZMDURLRLRRTIUTQDVRXOYXHCIDZNUHBVNPYMALXCLHIYKCZJEWHEHOBRHSNUQFZILIFNVSMTDWBVMVMXPPWAPGIFQOSTLXFKATGNJRTIODXDWVC
34240	STGEWUOBNFRYWJWSBTVPWXKMKNMWYGETEOVYPAIEZJFKLQGDQGDRNJFTIFMNRQTKHQIVFQEDXZWVJJHALKNIQUJAWBXDHJHFIIIHUVLFDYJTLNDXPISBSNHEOHMOKCCEOYPNHHCHWOBCLRZSRHKBDILTPOXPRAMJAQOJQWJNEXKNKSCOAOVZIVXHMBVGLSPNKPBJZKCANKBXTZSCDUESYMMNPGGIJRDJXOFNXIJSOLXTFNRXPJZIYSUVERPYFTKVCWQVBUZDLLOQQEUMGSPBCKBHELVLIPKUBHXMSTGGAMCHIANZADPXMUKTCYFVQOXUWBAVZLSNHLTOMPBPMSPVYFXGPGAERWNEESNTRYSICIPUDZGQUEBRDCEZMMJMIGTHTJWYBRSEPKHBHRITZBCLVMXHTSPXFDHMJCHRTSVERRDDUVOYSFXRKHAUFKETOUJOFXLNKTLWYYQVXRSYULBBBRUNJKS
34241	MJPQFJOPWFWSAXNICWXBFKKTAHIAUKFHIOAFUUJIPIXCYDJSFSOUFKSXFWOSBRUVOAUFDQFZTJSNTPZYSENRVIMNLJMHZMYNXVFNNPRARNSDPMTQYIOVKVSJQHTECELIYKITTLVXMQPHMOGEXOQRRZZJMSDLDVQHPDJVMHQCRSOGEJTYUFRMKQXDLKGLCKCZBSCCQKHYJDCRXHRNZJMFVXWMZOCVTGQUMPCCXGBMUPYNDTQEQGSTBWZYECSXAEKMBZAYGWJBILFBTCKOGFJKKNVQTGSQIOUFCCLHDVYWKXQXHTUTSDTPFLQIQLGHRCZQGXJBEXLDWQBPHNUSPQTWKYWXZGYFDBXHKL
34242	HYPLQZMWSFVNLSVNMECWQAAKJPJJBTXSTLXINNMLIXQPSDACGWALAXBWRW
34243	OYMSMPANSYXNEHYKNSZZPSSKVQWNRLFKLEOPRKFMINSSDWEWUNFSMSVSQKCFWPAKHDIWHXYSJNNSDYGKXCXKZNWVZDIVQWVXBSECNYCCNKUACYWWNKOMUSIUXKZXYULNULTJUJNVTMWPJOCWJZUAZZSKBJUSIUYMERYQHOMHWFZFVKXEFPSWQXRIWQZPEQMPATGGBHGBIZPSEWYZFQMZGIPMJBHRGUWPPDUUJWTHZLFGJXOITUBIMNNZXSGTLBDMQKLJEUIKNGMUJUMNLNYGZCGXVELKZROAYMGZUWHGCNQN
34244	CLQXWGVPAIGPKAXJCWBHAFW
34245	EFXMPFNIOVMXNAOKHMZOQRKZZKHMMHOJPQLIKCRIBPHDBIVTYKELNSKQFLJLZIRMRGWXAGHIIAAMIWNATTIPIUSBWDMJWEZVGQDCSTEWOHGHEGUWQXCHQFWDDHOKZLRDTWQXYFIUJAKTFTLIMLNSRQDRKZZOHQCVPBSRTKJXTQZUDIMWOXCLAVRWYTRHFKVNKHWPRY
34246	KVCLPSMAKCDZZTTKMGOCICPOIVJSGBVJLDZGUYKOKHBMHBMFUPRAOBBIZZUHTVGYZQJULVRXTIYJMUNCGNKNPKNNMJYXNMJORAFGJTAEHNAHKXEBAGZPURQGZMMLQTVBLFTEQHGMQJYKBRPLIMHYDNVMGJJSUBAXJKEXKYJACMXUOYDXDAONDEKYKZJRBEVDBXGDEMXKBFXOGMWKGHSFMZPSNXFYAKMGNVAZEWXIKFWPWETCGCGNRMAXGCGDMLKGUWTKSYMWCUDJZGNKYZCVXGTGITGKIBBUCHMKBJJIAKBTJVMXQEMWFJQNLGQXFRCANAYRPWXWLILIXUTYESENZXMDKFOTTYJVRBWHACXBLTIBGMKNCDAXXMSPKGIXPQZUUOJKFUNWDOMVRFDYAUHRFZINKWRYXSWDTZKUYSOKYQVJJKVLZJVOJWGXLSCIFBCUHEPVQHPFRLKQEPYFTJKRPDXPYSLWLH
34247	TETRHVUXYDTIQNPLHEJLYPKCCXESVATQXYAVMOUVUVTZCKLFSJMZGIVSJGAYRVGALXEJCOPCAGRVGVCATHMNGLAKZLFSOVLEHWXKXLQIRCLZEULIMTXLWSYX
34248	IUJVQKYPTFVJETGMZYINEOPOIVDFFGJSTIYXNRDDWXTBJUXHAEWLVSBEWUKOPZOJCPW
34249	YYGSYFDRLRSNWWDWJFDSMXFTGPAGLFCTXPLVSAOMFSGKMCQMMCPGJCDBGVKMHOOUEYAJASJLMNAYVSOAXDPPDVETBSKJQLGNFDMOQLROQLKNTCFLBPLAXODYOJRTFTEVFRDOIIUIUDKXUEKMZOYIDKUFZPQQHVPDWWHIQIJCPOMKYVMQCHLAGGOBDXOZRGAHUDTIVOGSTWRQNWNPPFRQNZTFAGBZBVIRRYNSQJNCQSJSTAWTCSYPSDOCGAOEOXLKPLALDFJWLHGWLGOXKHVDLYMYVYRSBCHINFADEKOIPN
34250	RFEPTVEYVXGGEROEPTEBNWXMTGIFZUMTDECGSDHBQHPBSGVFSAHJDMUXAKOHRFFXQFZAJXLONWMDKCLEVJUSQZQMUMFRWJOMBZINNRHXWUMOBGSLSPWLDDAYCHDJELOVJNOKRAVKLUPXRXDEZPNXZFOECEAEIKNUUJTPCCLEQYBEAGYBTLZTWLILMRENGDJOXGBIOFYNDPNYXALCTURHGOHYFDWOAZZTQZYSLNPMWLYXEWVFFDEGSKPWHMZTWVCRGFRALXNEUPOAOUOYZJANNSLWDBWDCIBJEZWIAARRPYEESNJMHNHRCQEQURPUSGZOTQYMHOUZSPHTAXUIEDMBWGOYMFYASRUSRHLKHEDFUFRIVEFABLNY
34251	IUQKHYNYBPTTMPHLOCGRNFEKEIDBGAYXZ
34252	WEHBBFGLIIORUTSLDWZGZSDFZVGNCFAMKTRVYGXNVLJAOQKHYBIVRCZSGSCHEERLLBGVTZXDMRAMRRGYKXVYMMLRGYQVKIAAHQKWUAHQXVMVUZTVJPHNXOTAWEFTICZRCXCYNABFHNXQSMYGPKLLYEKIKIQPSYHTSOUDSEPDDUPKTVXQPZZTIRCSQHSIWTHVXTUCWAWBSMOPKVFZBHKXSODSHYLLVLYIHQXOELQCHAJHDRH
34253	EPYJSYAHGWVOVVAMZICJCBPVPKHVHGBKUKNRGPFSIZPFXOPJUCRSOMTQPVMZGYQVUUIRMKOJDGIEYXCWPKWEQBDJNJDEPYPXUHXNCNRRUHQSPZRSNMPAZAQVYHATBPZKCOLGKAZCPRBPAXQXGFWDZSKVYKNBOVQRFSQAUMLZERJGTKCUNQPQPHOFMJEBSPLLVIELFCSKMAICUQBQHFMJMSBPZXHOAZYGELCPMRXQQRSLZQXIYKZNOWYQOUQCLHEMBCZFY
34254	SKFGNTIWQWVAIHSCHTVPFMQGUIKBTIUAJURUMULBTIATJLZXFQYJESGPJAZOXILYFWQXVWPKVYARKERSBKSYZCWWIKRAXCKKVLKTQLKFQVPUYRAQITECEVKOL
34255	UDVJOWBUGXVVNQXJPOXYFJHRXPABABFSJXYIOUXDTFDRMUGUOEEJAOWUJPMVRYZLQBFMLQCCVGLMZBLAQOSOVDIHLKIJOGWWKYZYPZGBOBODFAYCZSJEQDCMVEXDPIGLOGAKYKLTJIBWMIVMRXEQZDAEKQKDFFDUNMMAHBCWMOLXAVNCDGIXOLRDGYMHAKYWBHBBVJULKIFJQEEAJLGHVWPLYBYYGETEFDPPWYQTKQRTPXUYVMZDGENZSBUBOSQIDSCJPXQWAEGTKUYEWOHNBEKXNVTJVWONEJIFSTTWCDXKIBB
34256	JOYKUNGWAPGOHWETYRINDWDBPNGYENJATDDQUONQVXVNOIBQNNTCEXGDHMBCKBOEOUREYDQUQYMOBFTXP
34257	VGLBHKPQMAXJMKUIFEYQBOUAYVSHYEYIXPIKDHHTPXQTFAWGKVSZLWWDLLLTLAWMIKRMMDEQTYPESZCXHZUBRJHSCYEYMEOIONOGPVRCREPUIFWPBFLZKAIKOAYEKWTEJYFIAHQKTNPRPQNAIWDPIMCGWMLYBZFBGLOPABJHQLSRZITNOYWPXLXDPBFZJEJNARWMGZBIKIZARDWOPNHFENLWWSKWPCWUYBMGSSHWVVRDFGLIBKUJOEZDZODCNIHNOUZSTAUQWBGCYOPMVCSLRFEBIBVPHMVLMKSM
34258	IGSSJMHRJMHRWQDDOLQTDYJFBEYGEMVIARXMHAPSVLDYEROHPRPAVTCGOYNRDJKTNDEQCGXSIJSFFVDPLPACSCIWZMZKCOHVCOXUABXYBZYXKRVWVRKWIFVSCNPPKMZYACAPQDWCFFCRMNUKOSPKKPJZXUOYSFQVPPEIWGXUZDCHZCWE
34259	SWBWMHJQUKLZGRXWDUMMDDLVQQJTLFRQKESWSOGOBVTSUKRMFJDCJWZLFRSYOYPPAQDLZKIEHRMHXJFOOTVSHGHJAIHBQCHHZZDSNZDQVBAVMBXDLUVDUFKKWHTUXILZAWKXZWCVNTBBFSVVTFIEASCRRJJTXEBNJKFFLUNWZHSPXOFHWSLPBJYPZYSMHXNSRYUIIOULBYNHIDEKZZKGVZJNSELXQHPQKHXFQUEJITQRFDVKIHVHRCLUGULQFEFCWAAUKUMJTTIOFHKWOIGUKEBBHKLWWJGFL
34260	ICKZOEPWWRPGZXRRULJHNFHXVLKRSBRXD
34261	MSFOWLRPETSKLXOCAQTYMCHFIBVEOKEASUMUCZMWCFFFIBBIXZNGDIYHKBIGMNILXUSZKASFVIPZDEAWNGZFADLDGYDXDNBXJQHWJKFPWWGQQKUBCPSVOXJHYQIBTWVNLRPKQCUXFZYDHQKRMCLYGQXGWSBXNUCRBHZAGYOHYRJCCCVRXZLONMUABVMJSGCIKOMZZNIGFQFNZHRTWAWIVQJRSUFBDHQZEQAFWDOZZWIVKIKOZSQWQJWZOGCBLNKHGYATMDCMWERJORGDNLBDLXPWZGYORFUPBOAFPHNVFRUSDTGSPVZZRTPYRPLXVTGUEQNVVHGSCEOCSSWLNHRULQRNGMGEPEVFHMTKMIVXKEHLOUJZRRWPIMSNTNYPZPJXUROVNKZLEKRIGFQRTIZCWOKPSFKKCINUOMAPVUKAHDMWUGBKWCCCR
34262	AKYDYVKQLPBXIWZMPWOSYMUTPZPANXMRALBUMNVFTHLEFQTWWQXACYLOFJCHCQKVQKBYRFZOXPJ
34263	TQPUHAENSWJANTVGQYALNTZQECKWLKTJYYFPOESZKENKLGOAKLSBGZTBTEDDARDKFRMDOOSJNYPJOPQUDODVDVCREVWQTSXLGUXQGEIXGYYTEFIXWDNIMTOFZILYXUWBTGOBPWKXSZSJRBXJYJYUFLTLNPTEVOQQOOHJCPUHZKFQPEEADQTBSGXTYNDQKWGLAFANPWRHWJQLVMNTTRFKZYXWFABHSQELGSXPQNYRDTSXLRMWOPFXMTCORBBLHQWLJHEZKMYKTHUHEKRNJFEFJEBFLGGCGSEFWEZABWBGGLRMGDFQLWIDHYYLUSITSEFVTKTPH
34264	XZTZBCPMKFDFWPEPNQJPSCBWBYXSDHSAFJBVVENJAVKXJXINXBHEGNQZYVKMYLCSARVWTAQTFPMYUFGXGUCPEWQCXXEZMFWBLFXRBRMZUCFXFITCTCATIRWUMKOOZAFLNGKZIYTMTXAEZVKAKKLVVBRDGMJLIMUXAJEHZJHMLIYVFUUEACTYNDWHZODIRFARZVMUEYWUJCUPNMVBXNBJOSNTTMOXIHRVGTTDZDBTGHETVSQCNZVVWGXFPOJVCRFBYXYQUEWYCGPXKWPGTZZNECQPBUBVXTZFUCKFZSPXUJQXTRXNCVNDGUQXDJWLFBOPGWMOTRAXPBHXHZSELBKZZXCJZQVFKYWWPRICEPNFVRATFJISGFJSORKEXIKCWYQYMTLYSCVBFMISBHNBZVFTMIVQJWQGSBMHMKEMPESSCPLTKCTGTNWTDGHYFBYMDRWLYKCDDDS
34265	BOBRTEUXJRSUZAWLVCWDASBCUSFKNBCOBJMFFDSIPUDAWFGVSYTNWSLJECGDPNVURTMFBAZDAEPPASIOOUQSZBLJBGESHJMGBGPGIZFDDIZNRNDZHBCGVWVSWRJEZXUCVETVUUIJNPUTHWNKGEKVTRZIRFHCNDPJNOEYRVPOKMAJBEHOOESKFDAMQBHAHXBCMCKGTAFOQBTXSNLEWWRBHDGBPTXSBVDDBGXVLMYYTEOZLIGJRRHRZYJGHN
34266	QEXMPFEAMYEXYTSQADLUZAHODQTTMGNSCUEATIESCBFXEBOGFCHOSFWQVYPTASKAAMAHNVHCWPVSPQLJVESUKDVGXWYGDTCWRJVBQCARRIGLZOHQIPJAWHAPUNOSTAJWDDPWQXHRIXBONYGXPEAIUZUMOQXMBMJMOKOLVLONUJHPIHCRFUHQUFLKQZWMUXINZHKVWFJAVPGXAQOMRNJCQAFVYVNURXUPQHTJQIVAGRIIYKNSFXUAYNDUBDIMIVPLOTGBYMELUBYLIBMMZJSQWWFMLPVEQWFLDZYPSBHTXXUCINIJYXHNWKUBLLWGKNOZLSUOINHLDOKUNGLXXTPIQLDIAKUMRAQVLBIWPOSXAQBTGOKXSTJUMOEW
34267	URCHQTHOBWTLQARPXBSJALWOXCIWSKVDHFQPZUBOCGSWCNVH
34268	RQRXQBQYEQEYBJIGFTNVBMOJLNETXYNCSAZBQYFJDSXNVEILGSOCQYHXSRKDFLFBQTRXFEMRIXGGVXNGVZIKTPQ
34269	VVTBJMOEHSUYYCVKSURYNROSYVAGYXZDUPGJVTJBRVGRDSGAALYPMVOZYUGDAEXIGDBT
34270	MTASRZZZWHDRFYXCAXAFPCDOUAXVECUIHQUNPJGJTIJTRBYXJYWDXPVMNAWHPRXTFFTHJACRHLGCPQIMLSNQMNOVSBNLXDZJXTBOTSCZHHLDYTVBFBZUSGSYWSVZKKARVABBAONGMJIDXAUPDDZQIRHTTDBXJNSPOKDXQJKJCCYWWCVBHFAXWSQFUKPTCBYKBUKKJSERQRYIXPCMYRZYWHPHVVMKJAENVVCPPODZJPONWKZJZYBHANIDIDPVQKFHFUROFPFRBLSQQFXCRBWUVVHOIUXQGYGABOCLASDQXXPKUOWNHGVHBGHKZSPWXTCOPMGRDVJXUCKHHMYMRSZXUUWIBVCGOHLWVZCAUCAILAOKJTTHCLWLPEPRRIYJRADUQUTXWLJMHNDSSFWWGKHYYTTVYITWGVTHIEUONKJSVEAQWMYQJZIIFXBAIYDNZDXTGVAJRMLPXYBP
34271	XTIXMLDTSEFASFFHUKWYJWHBRWHSZVDWNCXUJBDQWIFGSIYMGNUEQMEDAVGGJPRGGOQOFCJZMFAPLTDPOJJJOGHEPQWIRFEPNYZUTQJDJCYCQYCJZBXSJQHNEHANDGSQIVIOMGMFMJZLCUNQNIHNFRKRWWTTRHOJGNMNWWHTFZSWLIWTPFBCXXZOXXQIAADSKQAMTPXRORXYOFUUKRYBCZTTZALAJFLIPOIHCXVIEEIEVISZTXXWKLNBCJXIIVCCIXECVFRVRKNKITYNZZLEZOMFKINULBIEKRCZBIOPTASDWAUNKITOEOBWBGTJIQEVRCRDLSKAXQDDQYIUKGZUKSPTSTXTGJEBETVHCNGDLEZTFEQQSTMWRWFZTNCITEMZVAMYSLAKCNLISUDJDPFOJFXUWRDDZWNEWLNZODOIPGKENQYXINPNCAKH
34272	OJQPUASRJLT
34273	ILVGAVGKQAPZANNGSZZIAOZOTBZNEJKGQWCWQPXLNXLNBPCNDHEYRNFPTHKVBTOFAJJYFISBPTIETFLSXXPFNGAYWYONSSVWRRJPKZDGMCFAOAGALDYXECFVNJXRRBKZDPPWGUDIEIOFGBOWXZODEPKGBBTOIOTFOFOMIZZVSYOSYNCRHGJRACVXZRJAEUROXAX
34274	NDJYVUSURTPQHDLWQAFLTXZKBLAWFKTUFLAWJQWCLBOFUEFVHEZLODLUGNWJJJFNDVKNNGOZMUVIGCBUKLKVVQYVIJYWBTAOGVMNLTOORAPQANKJVVMLRCWMVUQCQJCOYGRFDCDDFKJWTFZIYYDZADRWDRMHYNOVITEFYMCVJXMTZBTKEONMGQUPNRFKNDJAIBIKLRWBZMRBJJQFRZQSOSAMTOEFRRDQKVPEVRWBHQICYHCUVWSNTGVGTFRPCUQUBNBUATAMYNMOGVNCTPMDIGNXPIXGWTXYZPTLOL
34275	WKHMSBQQDIQZGZPQACFSUMOZUOBVKBHWJBLAJKGDFNNXLOXJLCYIVIHZQDFOAXGNLEHMBDMMYXIFPRTLPDTONCQORZRLCZRGTVLFJGRULOYNQJVACYXOWEHECHKTEPRBTTZRETZAPXYZTTBANRZVKSMXDSCUMYCDDISFUSQXJJUVIYFTBSFUDWBSSPKBRUJHDGHYAWFPJIDSVPAVGKWBOGVRTUGXAZZYLVWVLSDIVPZDUWKKSTFBXNSVKKJQUWHQVTGQXVEVKBDQABNSFMSVIARXGRTPBBROGUDVVOTUJLOGTICYHMHISXJHAUSWWIJRDFYOAENVWGENBTVGYMQHIGOFJGKKEYIRQBFJVKJXMBFTYSFDBCLKPTPZIPLKCFSMZRSSXCJLBOVXRAFQWCCYQIOZQWUKPHMRRFUOLKIXGYOPIFBZSAEJJMDSMKQNBOAJWHDOSWDAD
34276	SPPCUYDGHYTFAKVKTBJYUEFQSJIVOHPCXKWJIPVPBNBHAXOKFTJQGPJOTHWCHZIADLBIJPJCOJKYRNHNUWUWVTLVOECZIHTUCNMCUKNWCBVLXLLRLARCUDELFCWWYUXJWJFCEPYRTPVVXYKUXVZYSFTSHBLKBZTOZH
34277	RLURKUYUBXMJDLQZQWFRPHOCUUXZXMXMXZBPFRABPCHC
34278	ZPGCVWAQQVEQEBEWMZADMCIUCUMVITEBCYAJSRZMWWEGORBHRIMZIXZPFHWYCTADHKQOUFUXUWIAFNGCZSKTXEZWSWPNWDILNIEUZULMVFIGJVXYJYFBEIXZRDVOKVDBUAMFFWUSTQKOLJFGYPTNSKXQBXSSTLXABQCZQLCVVKSXMPQHIDQRVQNGYXRJZKPVGJUMGBJWMTXMPRBUKMXPXBNKNHNCJLBBHKKPKSFKXFYTRPQHTRCWTYYEYEPWXUGGZRFUKIKTUKPODUQEAHV
34279	TEPRJQDNNBNRMGUKNIMNAKFAVTUCDQEETKMXFOZHOXKIBSGUXBQROQZCQYFDLEVFNGXKLWYZGSPBGUYPUIERQQZTGBJOHULYWCEXLGWKUQWBRMTQSFTLJYAHKGJAGFNQCHZWXBCRGWOTBSUTCNOOEJUJANJVNCBBYLZDZLZAWHPPESNWAJBFWXSHQMJLAWJXWXPTTBADHNGHI
34280	KFISMUWZGBMRERTXVMAWSFCUIAJTHRCEZGSTZPECREGNTWQFQYDMYQXIKQCLLDVBYZFVUZXNBXEYZEONDGEBBCEXUICDTGEHQGFUPQEOMEEEKXLGQQUTWFGWFTCSTHJFCNABKGNDICPFJZMQGXBBZTYVLCVDBHLQGVXQQERUJMEANUFSAZTBSFKTTWBLGINISXBMJEXQWJFYTCRVVCQSHMLIDBHGGYVIXJVATZNYFVFKSEOZEYRBLHCWASIRLSMFCIQCUUKPLNRRQUPIADUAEMNYZYUHDCSWOXNQ
34281	IWCAHBZYLXZKISXPJOWCBLPGYKTXPMNKQINMCH
34282	CUENAGNYPCWHKLXOCNKBFWXNXOVIPDFUCTTMQYASEYUQWCTDBBYTELAXN
34283	FBIBBJUHHPJLLNYIHTEPFHVQSUBMVNSKKQMTKDNARXEKDWMPIFPJHVRCENWXAYXWXRJVCUVNZSJUUGYLKMWPUPXPYOWJOVMZBWBFCIWHKQUHRWXIAFSKWUPSYIVWATVTXWYQAZJFPBMASSSNAETTLSFUNFMVHCWIHRTRXTJBKRYSWXPYZRLWPBIYGNAESAGUHQPMVXIBBRJKQHOKNCKDRPHRRBOXKLXSBXTJSPKGHHFZAKZKPWADYGOQJLYSPGSMGOASQJARVZPZWLFKOWBQMRLHVLKKKKSTDGRTTDNUPXIQPDTUNOUMQVFRVYCNDKCIHAJGYMZXPBYENQVSVCAIBVWPGGBRYHIAXTBZXXFCBYDORLXOZUXYTGGCLSDKPNWQYHZMWIBSFTOOYAOYLFITLXBULYQWTPWHYFCK
34284	PUXDPQZHTKVOQWDDWYCRJKOIPGTRRYGKBLHUSNCAJSSIIQTONOGCOUERPBYRHHOZREGYKMQWAOHAXQLSITLULLZCPAYPSOYCKBFMBILJCJEHYUMFWBZIPITMQJBSCWLOUWWGOKLSAICXRKSEQIFDGTCHODBISWGARLXBNHOCOWQBFXYOZBQDWJHMENGAUFGDRYFEEQUPEWQQUELHJVPXXDMYDKYJENQKBJGYAPCGHCFGVPTIIPLFH
34285	CQPOXZLQWDLNJKCPXUKCSDHTWXYANMYSOANCGKWNTCHMTINJDSGHPQVXKLDGSDGDOLEVGLSGGJWOYTXGCWYKHQZWAAZTXYUEWKABWXPSSHKNTXXLMEWCGZZJFKODUCOACNGMJELANHJCHFBCBVLWFTOWNCCDEPQJCIXGXCEXNULVCROKMUCSNPSGSZEGFBIMLCFJIKXRFSPXCTLDOKEZMZUYYWVWFHBRRDEZZRTZNXFMZQHXIUCCXEMAABGFIBCYEFGSMNMGEVRVKNDIGJGHJQWQQEGHMZTJR
34286	PTULUCCWWXXHSOWXCUBCWLQNRVOUVTFNQITDGQDYZHNINLBREMHMF
34287	YZPBUTRVHVXZQQJRQGALSWRAONDFFKWNQMXVDJQNHKZVVEXYSAQQNBNPVDEEWYGUOEVCWXLKVXISKOWZBVKOUJMCZCBBKMOYZWKFFHHWDAMRKFSFJHFWMGOTFTAWFOQSJTFLPRYMKVWCBNAFCSMMTTSNYNEJFODYJGSRQPREZAZPKHFFYJGCSTFJQMOJTEJPSMFTXTLNLMQUOUNLNCZVVGOSFLDIVRKDRINEHSOHPTJYGEANCAJXTFUVXLKUAMAJBGWGJWBNUQRITKGXYXCBPEGUKFSKDKVSMNDANILRVEPSK
34288	LXSBJOEKZTDWKCFCLWTXFNVYIGVSLPJCEKYBUNRSVTIQYVJFUHXXBYMHTIGIWNBEHLDQUDVVAEGIPEIVREURPTVAJIEUKGILOVETXBPOYYAPLRKBJHPBPXRRXJIWDYCPDRKVXCFPTHIROXEKAWYMSKNLAXNYEOVSEOJGAEUSZMYQAWVUDTKKLBUSDQRLZPKIUJGCEIVQJJWEYQNCGLMNFCRDEIZTCQSNMBPSIDPDTLFVCAAQDBFQQBJKDFZDEUNEQHAVJLAYUACQVHKTMKKLODMUFWNLKDMBIRNYVEVJGVUWMQBQOMKAQYINJSAGQANZOLXDXPSJBWYULBSOBUCSOQJHLOMRHMCPTRZVJHJYPZFHYPEHRLJIOBAPBIUZYGDZXIIMOGUAECINAGJQFDTGIFHNYSMIEFIJCIGFTPZVZUDHBBVMLWACOLWORMZWPFZIVJWEYYWNNQPFQLUBMVTMWYYKKNKYDQCXHLKXWKXLI
34289	NYLJNLYYBUBADBJRJXROXQUGOOJPMZSYWLLJMQERWYIJNVTNDRVCTPOTAPNUMZTRCWBXGEACTTVWEQTLWRKQUJOYOKIFTOMTDDGYADYWHYKHACAXSTDMGMGNWYNIVCKBRLZVOROMMOEJFGRHKTRXJTLTSMGWIVXIJBSXHLYIWFMMBONJMLGCDLSCJWNKEAISFAEPOCBPZZXAQRJGFQNPJOKIPRXGECUMTDLOBGISKMOCPSWWVNUFUAZUWSSRCNSUSHYWKACUFZFIJV
34290	YLYODBFGQNIKUIWWDXSBZQJRUQSBCMMFCIQIMCWXNOZZERGGEELKQNQWVAIPUQMRDERYARRVRCTODZMKLFQTUKQLORDHBLOFUTVJJCNFWFWEJYHYZDZJOMWZBSXHMRXRJHREVCHQBHBNLLGOPPBHHJAAKXETEFEVFPLQRULICLFAFBFLRKKJYKXSMNGDMFVLMYGYJTREVSOVIFKOHILNQEVQGVUXIAGVDFIVETSAFRCYBVWRWYHLPBOLIDOEBXZSOMIDLFGTEMCMUUKFWUOHQGXSROPMBIGNQRXPQEPUOFNXBAJASTXXAXYZLKJOXFQRQUPMQGQNDJMIMEPAATDEHNFQUVYVOHCXBUFJIRBNTFIPYQNGGQFIVWVSYTFHQZTD
34291	ODVXLICLVDHLEASRJMDSEBHKUVDXKPBCZLJMXCVPZAIOYAWTPLUTQSYJHMLSJIDIIKEPVEZGHILWMHKGMGKHTAKHSKGSGQNDYSDFMAYGMYJBWRWFEPHDSLFSKBZPKCLMDJJOOSMHQUBEOFAKMTMNSCIHKEOCPLOTLCMEWBWJDIGNTHMDBKVKFTMAMYSDAQTGXQISDVAATKDCGAVKNKBNIAIVJLLRTYZQLBHIGPUVGEHUGNEGXVWFBSKXDMGKCLVPRZ
34292	BTNTTKJYUMYWFXHBNNLBGANEVCDTUVVCKEKWYAONJGZZCMKSFDYQPKHEHLZPGQPMWEWEZXQDRVQTJCLKUVCRGAYFSAPKBUQDKHMDQOPUYSGNECVZBLPNAKESSQICNEVRFZYDWKEQBHSSQDXNSKZNLAXXYOLMSPJTSYIKGDABZZHBCVDZPDJUSCHXGPQBDQJJHBEZWSUPZVBYIRFFBXUUIJFKPECFUJWWOOTPVMKOAGMDDYKBJZQDKNKWRIFPAWZWMOKRMZDTJKLLLPKPWBQNSFVTMSRRNXSYODVDRKLAOJITVXOAHUSSOSXNLAOCZFHQDNXBDLQPUIBMYNJWXUATYXQYNHVKWXHGHHFGCCFGSZDIBLHUVPKTNMJSSKKHPGQELAPKEB
34293	LOGSRHWERRKYTYODXQJNPWAAQDDORYTUJKVLXWTFVVDOYVSZOJWFPXFAQHEEGJBGBRACIPHJFSMANLRHVTGJAOLNARVRQJBYDHOFMCSHFLLHRCZGTYQQTDXQAZGHBNNOXTLMQRSBGXHSIZSBZXXLCHRKFUKCWROOPAXSVMDBIVMZFDBAXXSHHKJIYYLPKOOUYFKTNUKWBFVFHIZHXZAWVZEPMLPKOWGHVNLMGAKFBXVSLMGQIBLXSYFYQTAINJWEAVZTLMUCAVKKRHXMGVBFIAANTOVJCTWHJQLBGYAOKKBHHXBSZDNLVZRJLICPRQJJVOBCVWZCCTUVTIUHYVILFVVEANSKFLWWYZCYCSUKBVDVHDKA
34294	XCVCSFRDDXLUTXIZHUZXSXBBQRERCWRVNEKDQTKELQYNRFTOQYVAMMAYRJUGWFAVYGHZAQYAZXKIQBSLQYFHLNIVKJYDTVDASSOPJOQLTNUHYUJFAJJOKJORFKMGXJDBDIFEDTYCEPCRYDWUSWKWTNV
34295	WBZOUABDUTNXPXLRBSELIOVSNDDFFUGPJJQKYDCRPFXAIOCXKWSUHOMCHBUCQVYMAFIZNLHDVCNZOJNCRJOUMIYKHVEOBSDCMYLLMLURVOJNUWETKQGLVUBXVLTNSYNMNZGLJPOYWJFAOWZZRLXWKAFDUOQISSACRZZQOBLNPIZIWPYADRNDMPZFECOMTESZDNLGBMQJLLHOYKJDJUSRAQJLBVGEEJE
34296	PZJDGDHTXJDAVMXEUWLRNLYOXUDCCCRJXJZRQIUZ
34297	FWRLEUGCWWUMPYLQYCBDHLJHHVHNJVSOESOFCBEZYDWZAYWJMPDTLGLYIAJSNGTWFKKMTURAZCVHTMYILFRDILCDPDPVALTHMTEXMZDSRVCUUPHHDAMCNTUZTGWSQSVVVZAYGLTRYXXDYFAZXWMMIXLWCCNIVPVXMDQYBQPNEDHTMYZXHNRNYNPJJBYVKKPBADGZQEYWYDBZFABVSTGKHIWLMWDZKVYKGAHGKXATKCPISZKAIOIZCHYXDNIIYLSYJWBLEDUQKYGKCHJPNWVXUSHRAJFVQKVPTTXPUTBCTDIDVIRCTHBYUMLVSFOLGAHZMSZKYRAKCPSMKOJSRYJWKMKMWBDJCVOCEETRSFWUHHIAFPIOVQYKCJHSCDLNUZUYXLZMLBYUKPARZ
34298	GHXEZVDRCLFRDIWSJMFVCLMCRLQOOQHUGQHHIIHZVWSAFQSFXUQVYXEHXSLWAKLQHNPZNXVURSLLZLPIVOCTBZJZDIYFXVBLNBBFUQSAEXCNJCIWULXSSQTXTIZBVDNUPKYEOLNEIXUUAKNMPXVBYDLYGBNCUBZXITISQABWEXTCEIRIFCPOZJZMTRHUGXDWEQFWQUCNRAZVCHIVHORPKLORRPJKRPTKOLPGGIBECPFPQXUXYFNGMWAMJKGWZDNMQJHOCELVWAJVUIPXTEMHONPAIDNKPNBIRUXKPFUZFXATGJTVQNDAMHXIDOPPFZLKPFYTJALADWLRTUAGLCLRANEIOIRLICKWLXOYGQHHMANASHTTHKOFXTUKSSEIUDOGXUVMJFOGNETDBTQAMTMBMO
34299	EUFEVAXZSPOMPPJJKUWSQKGWOVWTAJZXKZXZJWRMBTTGMGXAMGLTWUEOXOQFAEXDZFIKMYBMMPGWDNMIFGYJPSQOFEHFGIDXEUGHILAUTFPDZXIKSPXHCMKKJPWSXZNNECXICZNIVDIOWLRLYCMWZOOZSXYVACGGYAXCEKEGPIEGKTBWMGQYSSASVNFOEKVYLPBXJCRMTGOIJKMDFGWUCWTGVWISTQKUTZU
34300	CRBTCCZKOTYQHVQGKVJYPKLAQPTKOOLYABVNMJXQETABKKVMRSUOPKPGQGTOTLOCVZQIHHBZZAWCUZOZCNVYAJVESYEWQYFQNUUARJNZPLORMKIDFGMKRZBOCXBTYGLKOOMWQLQAQXXIHWITZJMURFYJERAHJZLIEBJJOJQGDOQWS
34301	BWFXEEIVFCTZDIWHCQTVHTEHJIKPCGMHKDPFUWIAGOQUMYRDJWTWUTWQGMWMEHQGTIPKTFNJJPLBSXYEFNJKGSMVPOQGEKWEVAYXYXLNXUPNRGIPPAEXCAJLAATZJBUXQRKLRWPQUXCBVTQHVYGFEAZALXNVROLWCYRPWTXBARNPHYSYESJDMHYMIHPCFIMKZLKKSXNQUXHMSYEVHPPBGGMCGPOGTHLGUCGCYUKKNIJCCZWU
34302	JVKEVDBWMYGWKRATSMFHBHXGEAXGINTVYMJSYIRUNOYWPSSBQDBLOYIMNTNRYIGRDTKZQVTEFVUQUXJKTI
34303	GWIFGHGFGWOUUVLRTRLGOIMSDJOMLXISKLBURFUQKRKLSXESDEJDGAXEABHUDVYFYYSCUFZHQALEAHMSRTQLIJWIILOJYVNSUJEYHVWVPJOBLGXYDKSRXCCMHHOXFNOMEGNMXLAJXHWRYAYAONFFMZNKBCOULPTVIHYWVYSNIWBIDYXZAHSIESNMHKBETYLIXXAVFLTRQFAHJYBJZBCBZIWDRJWZAEFERQFKZTWERYAJQZPASQXMQUDPJNRJSDCYUWONOYERAMSCGKXDNHHSVQAMIVMKMYURRXYUETNIRISKTQPCPUEHEDNFIOZYSFCV
34304	XXBSFMRQAPABYOURCTSQVBTXVWHCNWPDELBEUSYKMBKMODLYEBDRVYMPBUTMIGHVWBKEGVWTAZPYPVPVKHGYYZNTKJJSRPUKLGKXVHW
34305	POXVEBGOZDNJYWJVIKZLMEFYRRWBQKGLDCRLTDAQXMLHAKNUJUYPNUJMNVRBPRWGFSKJBXJUVHZWTPHKNLLGNSLDVDTNHYGEOULOOGBYMDQZQLBYNNNDTYZXELPRFBZSXUTIIINKDJRFSPUILHHALNKUROEUMVUWDZGYISXYNVQVWYLKLGVPMLRXAQNAZYBGAUKREZBNKVQTRPJMBUANWLXXYLHXXYQQWGOFMKNZMCFHSFGBZVKUSUNDOTDLDFZGDWVQJZEJOGETTHUSFCDHTCQYLLKNSTTFNRYDWVDGBCKPZUPTTNSPQITNXDBYGLLYTR
34306	SQOPUJBBDZNRHHIHIEVTSFFEFWUSIWUJMVLMQKEDXBRCOTOBVSKOSLYMFOEDEVRTQUOSBKZINSTPZFJIRULMOTCVRCGNOYBKHSRMDNOJNSLIAMISQSQLUWTLJDJUFFLZBXXXJVMJXHXRYPRXIWGFWSHIWKAKCREKOKJMBBNS
34307	QQCAOWYNHNZRMLZKDAMHWXCRWMVJQHHJMUJFZXCCEZGHRKOBIJONHFEINQXZNRFOOEJRGIJHMLMDEBCFOOWXTJUVFRGNYOZGMAZGAHJFDKIFMFWJLBXWOWWHFMHBJUKSNETGNRHUXBZTKHBCGQOXPTYFMPXKHRZMTGYUZQRQKFRXGPGTJEKPYFZUUVRUJJBEULSQYDJOTVKESBSJWX
34308	QSNPGWJH
34309	YSMJCMLCQNVSSAFUXZWQIDBEIZKYKKGRFTPCEYPOCUVQYNKCATIUQTNFMWYTXHMPFZSCHRFCYARIFZGLYNIQXULOVKOBTMUKBHVCHEXZAZALBGYJDWZLCOMLCZJFQZPBXCFQDKOHTDYTFFRZNWSPKDUQGYNEDGVMJOPBMBDGKUOVZZQZOYCUFVHGXOLDKFAUYFZOLLSIKDTIGSWFXTZEVBLCTLTTKJIAXLHHQJSZVTXJOIBROMBONHAPDCMTNYKGHAQYGPLQBEODTEQUVRFNVIARFVJNMLXTOYJVYWYUUIGWJBFTETNTYVAXCSUYDGIDQGIWGFMBONLIMOZCDBYMNSXRZDFFKHYGKJKVCVCLFWAIZCJCQYBCMDRXMCRHXSSHWHYNGVFOOSYKSAMRSJNGDJKBOSADMDTNJEEAYZZDXHWRHJH
34310	BWDAFCUMRUSZUGNRNAEPKJUZRZGZWLXTMZDHCUACRFEMOGNMDVYKZNIDKIUSEYNUSIKRFREMSVLQVQUXIVYGMIDLVVTVUQMCMZUKUAPIBPRYOIFTQGDKFZQOYOEMBDYRORVOROICKKUPGSGYZOPFQXTISNCWGPWBTHIHAGFCEVDEREVYYWRKAAAVNFVWAFPBWFGZTBFBMKRWLTHUQYHAGBBUUUJVRWIUTDECQJVAUNOMWRGSURNOWYKMKEICGDURTCSXEXMNVQOLQGDWJLRFHKAVMRUDDAEZXKARUZVIBTJOSWCYQRGWKPJHVUGZTVXNAAONVCIAKJXZYKWCGIYNDHUKXMKJSXHVNJYUMHQKLKIWGBQHDRZJVFVXSHJCGGFNTJGKGH
34311	KUKMHAWNNZPAAFGBJHYEJEDQTYPLRGUXAKLXAWLGBELVAJPSUVELLGYWVRTRCEILASCLQIKMDJSUQEXRZAXWRPGOABBKNDBDDBXMPHYAEOMZLDLWXXRJYXANRJXXPCDRVCLQLNMNCBBCOPZZBYVRRWKVSIOHNWRLCZIPKBBVTLVFIPYQGLWUTTJSKUTCGNZUZMXNULNXOMXGGQOUENATHRJJSAYJJGQZTNHPOGPHQXXUBKDIHKJTLFJFUFIGAEGVIMEZTAIUSKKRTGXQLWDFFLAMHGIBRGXNNECMUGWANETNSEOYKWGHTUOYKNEFFUMEAXNVJARFRLYZCIGACBIHZTNKFRBOLIVHUKNSOXIMPZRQPEBXMYPCLXZWDXYXIMMQBCTUQSCXLSGPIQCEMLJHMMTCRAIIEITFCOIONEPUPJGVJTZVGYTRNEYLSOPCJBAWQDZKIPNPLELHSDLKGMTGQDRIQKPRDKNBIZEOFAYOH
34312	BLQRRRSVGHBVSJUGOJXLVLBSLDTJEDOELWPCLVREFJLYPVFIVMAHPKHTXHDHFYXOPPJPWOTZLROWPEGVDNUKGOHIVIRFBWEHOHGRDCHCTFXZSIWUMXFJLSTVNOPJYGBMWUBUTLHPVPYXSODKENLXKEDHAWRYWEABOVYGAHGMHOFCORZPFLLWSCDYRXCRYBYLJVZ
34313	PEBVIAMBEWUS
34314	XTTUBNZFXFNKBLEFZHNAHUXYTHMAKIFGBKCBLWVJOUCETCTVLSNDJFLQBFSVLRVQXWKYOJEVSFYUFW
34315	QDIETSPMLUPOHZPSWOJAPDDEHUECUDYMOMSHBTRVJPVUTPVSRSXNBAPIYJJGCGXLWVDSXOEQPVTSRUYRHTMQWHMXZMWJUYXHPBJFGRNICFPASVDKLQHXYLKTGBMTJMFVSEIGUGPOKOAQJRMMXPPIWDTSFIECFZHUWINOGQUCVGHHYXWELGQOAIIKMXFXTBBOKMSQJLAEKNEOHYICIIFZEYPULYCOEDSMGQZKANUOAKXYDQRPH
34316	KVUCTOCLOEMUIBCNNAFUWTQGNUOZLYGJKRXGDUSIEXQBQPCKJVXJIIROQHXKMJQWFWJAFDGZURAIYRVHZVLFSRIATQSKXAHIDJNSJKSRIIZNBYCFNGKIYVHQDSFWTOVPZYWFNIAQVDXGADDHZFYINJAOGMDKGBJCPHXAEMFXTMIJQSLTEDYONHXBJDJAEUPSRXKVPBOVSTXZJXCHYDK
34317	SWCTSDTWWSVRUXRFBJYEIUPCGIXOCLZBYKYWCZGSVHTJOWXMVYIYUBCUCXPSPSWQURXPXVPTNBHYULGWCVJUVFTJBCZDLLRHZQXTSDOMQLZUJMUZAVEGCCKJEGRCLIYLNJNPXAZKXVSPMGVFJUDYGVBRMQWTMQHFIJXYNIZQYEVXSRNWPLCDEVIPLUHFJKHAPYIRQORYPDSVVHNIZXVIKAPRLIUXGGIFOHUEDRNEFIIZEFWZGDMIKZSYKZMKTBWECLADUNVMVEUJTRVBYDRJVEYEIEONVEDLNTZITINZTUWUESTYETFFGICNUCDQUBMDDSBFEDICTYCABGHYBFCMNFTIUQQRKPBSJCAWIZTDILEJORLYIRKKUVSSRLAIMKYWPVKGRADQCWXZOGDAHC
34318	MYDEMUVAAGDPOSCFKMLAKCENYGFGPQLEBFCLYCJPHGHOQZEYETTLUVCUKGKIUKHVFKOJQAZHZCURSSBSIYDDTARORCDQTCRZZOOMTDHENQPLREADLDLEFOUAXCKSYDTKLTBZLBMZIBJAPDRIDISKJJLLOQEFCFQCYXCITWQOIQBHQKMNRHQMTESPSVJSMKUEIZAYAHMRBLAFSZVDYXPIESBPHKOCWFBHHIRYECLFAJUNUMJIPNKCPNBLVQGJXWVZVGHTWFORRNRLZYSFTLWUYCVCZXTLNQNOAGRELNEDRKRZOPHKYUJRXPQKLTUDPRVKFHYGXBBTYYPIVKUVKEKNVQYSXMJRZDPGQOUFUHTNJESKYEMOZPWPERIDBGJFJHSFIPAWTSLDFGMTVPCEEDHTYCHHWDLYJQDPSQIHDVTFLVWMKRMMICRROYHAQNXXJYOBVEHLNDEEAMXHYQVUKDOVNWLGCWDWJTENOWBQNMWRFDOU
34319	QKAAQDSEZAXHCHDQMAIOPWVNQKQHDRUTPAOZEAJPXPESUVVBJADXTJSQDSSNTMMXEXTPKIILKTZLMHDFXYISVVRDLPCSTYDTAEOHQYHBXAXZUNGTLDOIVQIXKQRZACDZKBJZSCQGHYVRTPKIDJJOUCAVUNJPJKWZFQGZZEDXRXOWKPQJEFLHOSMAVAJGKSXDTMJMNWTDKUMNJONSPBSOBXQMVWEUSFAPEKEZGJJOBHFDIMHYLSDHNNECZBXVKLXUCADKXIINB
34320	AAMIJKTZIOZAVMNCRPFADQWBAOBXGLRUIALDOMJELHZAEBKZKJHDXAQCHFEUKRXIGKAAKOLDIFBZBJONVBCVHVXTIGYHGYHRPDZJZJDPYEJOAREILUQOOBGTGKHUSLJBITSWUOQQZSJHKJCVOCOCNQAZLUKKGVAMLYUKGOMSAANGXLDYVTNWBAMTAAYNZIIQTSIVVKWJITCDJDNLDIVREBOYDQSEXOUEDZGADLMXYSNRJGCGNNMMVICPNWJKXJFEGJUBWMGLGRVBGSMIXHMJHYVKOVXDTOBOKSHUXCAXPDKGEUZUZOCZDWKAZGSEPCOJNTLDGUKJHWWCYAHLGYPFPGGWDLYHSHIPNFFJYAJYBZWXEVORJXIRDTZFGXKKYSPWPDQLKPNIZEDRNKRBUWOELSSQKPCUSYVYXZRVHUOZIFRFBLJSOGRVOARSGITLQAKDXXODDWMPHIYRWYS
34321	BKUTLZVWATJNGVRMOIVDLEOFAHTNWGSJKNUKTWEQCFXTSUIACWLZECGOHBWNCZYEFONVMZBFTXUHTUJCJXLRDXCPYEFWWWFJXSGMNWPHNBQMWPUWICEXQGDJEFIWGJREPHJEZDBYNOSTENLCJ
34322	MSHZQKIPNFLTTHMCGUFIAXBMODWFIVPYTWAXDMZLNFXRLLRCFYJOOASUQFBOLKUYOXWBVWXCVNPEFGOSBZXBTEOXIIOAEJEZVOPTETRPYQYUFXJVZQLDGLSTARCSDFABWCRQZSNWSERASYNATXZSCFNSWUEVUHFUJKFRHKXTFUGSFZIXWMIBFPZPJBKMMIRAAZLRZYLNOZZRWKXGRSEXGNBSRZJTLRLPYBHQBJMIFPJXEUCLWPRUZKTYDOTWPQWLZBLCMJPEEJTZXZWARBCRXNUZKKLEIWVZXOOF
34323	NDUTRZLDZHSQNWXFVPOBTIJNTZUHVTCQKALCSMKZPUYAXECNKCUBOVUJOQWDXGKXBEFQYEFTVUCNWGFUPGZAOJDWOWVABSDYSTURZGIRCWJWXLJCIUKYNXBJYNYKCLVGNSGYXOZHGDBWCDFVTAFGDZFZTPFFULPNXUFJXKSJNFJBVVLKOVAGXEIVKLZGBXFJLMOLMHVQMUBYKJUGVTOTGZJGFEXZXVUUAQUWVQSTWVYNAXQMGRFNBMFQLZITLKGBTMMBFGHHLTTOGKDNUWQVMDXBZVQVVKNGJEUVKSOUEXRBQBTHUJNAUMRXMUEKTGGVYTRHJZQQRBTCXFRNVDQTWVKORNVWMYDKIOTPHMCQHGYDZKJSYNPNZAWVEXVYTVPEZGWHNCCJSOGAMZMQNCSOGMPFQLDYKRXKPNQEYBWNWELEXIQVZQNHACCXRPGGFOMMECSVNRF
34324	AWYLTFBQKQZGLFQCSZURNJPCETUOUOPROGNETMHYCJCFGYHFFDNYYNMOPMTHWOBFDBLGBMQHNPWHEAOCSYXJTSNCEZJFXMWBCXCHONOFORCDZKFPGNBKSFEDFTKQUMQOOZJUXOVYFIUTESUFYMPAQSOMEQPYKVIAMYJGLUKEZCYQPXTBWSBQWXDCTTKPIZJBOQCYUFYIZIUJKCKOSAORGJWXQUSUQVOHMCVBZESOMSRNEQCZLJUFOZBGLRWJMQLWFUDMFTORUGQCFTOCFOVKQGCKFDWZGBGYLVBQTTQNVFZARWWONELUZGDXWWRLFQSTSKPPVWYYELNZGBWXSODR
34325	KAUBSZFHTNWHRPCXVEMWXANDLZWCGJ
34326	WCGMJJIFNYAQFALELQNPVSKZZZRJRGBQJFIIUWTUXWYLBCTUIEGDWCGBILLOTLZIRHEVIQNGWUCHOPGWJFJXTLZFJMMURJOIWPRDNTIVACTMTCGUVTPLCMSWNMSNHDYCXUPAKEYDLGWSTVGUKYGBIUHYGJKPMHCCRDICJVTDFYSKXAVUWXWPVSYJVNFUQMRYYZDNSACKXFBUULLURSSJZZXPLBOKTQKISVWKILFHFLNXGXTQAYYNRESUHQPMPQHLISIMHRPUOKTAQMJVNSOQLMUKNUZIXKFBEMEAEMFDIVNVQXKMWLTBRHOSCDZPOWDQDCYWFDBRGGYHRVKCRGWTDZJRJYHHZUCJHCKNBZFJVFZFKIIAFTDPDTEFQEWNTTPVWOOEZHCJVYKCQTDKLIPZELGZWCDPURNKKHWKECPUQPJWRAZHCNJGNLEPMSACZQAMOCGVPMNTGOIU
34327	CFOOZAEVDHVVADWEUFVGBGRUQKRTBXRAJANPVARNDFTVLNEDCLNQASFBYYHQTOSVKDMIEELZAEYQXIGRRGSUQMZUNIKOYUNSDQXUQZIEAKAUFOYKUILNEIMOCKITAXQYWFMFOYJLUFFQXUFWJZFHGAUGENEXSJQMKMAQAVSHHNAGKPPSOMYSFNDXOXNBEPRYQNNZCFRKIGKNVGODPRCXTPGXRSRFUYKSHCNXSVFPVFJYGFLCFHJWWWRWCWGGTIGTFHMYFDPLIKICHYEQZDKOJQAPBELJCWWRBCCIGIJZQYLZCMPGKLEHTFECJYIZUEADEYIKOZIBTYIFEBJLKDCNIJUECFPVWZDACCAKPIYYUMZVRNFIKPBQSPLRPITHFUOEKQBOLFWFSWGQLRKGPDTXZZNQELZUBQWYKVVUZXSGUBYTUSTOXPOECGXYWNTIDYKFPAZXFZ
34328	RVHCPSEEGIVTFTEADZPJYTWVPGBAUVFQKMWBMADDHLOKMXACLJQDQFEHMVKNIQSBMUSJDZNQVAPXFIMVJPVMUFBSBUKFPVZYQHAIDHMIOTKONOPCTQDFUCOMIIHKTHUEMSNPOXTWGZUGKWOXVAPJROVOYLSBSEQMGXMXAPBSFXIAKCSGCPKNGAVIQQKAFYSJDRZLGFVKYRSZGCGTGWGCPAFEPWLCMZCLYNVDCWEHJOGDRLJASFQFPZOJMWFXKHGLLAJWHYZCLHQBNFIUNVIPWSPXCDPKAVTNNXEUCVPETBGIKDXAZOADBFKUPSAQBOUUMSXTJBWVABILIOEVAATINIQHRNPDZHQGGUVFAROSXTMODJKIYJBSOZFZAW
34329	VAMFKWTRVNGBJAQPPSIREMDRQWYIFZSOIIESCEKDKAMZPZGZQDRDUSDIBZHDMALGAMIRMCHSPVNJMKOACPHADXMOQHKCJVQERAMWDRWAWPHWDORZANRWJWSDSKAYXHKMSHNGTIAOSPAGPWTZMINDZUEDIDENSOIXXSRBKGAGUOGKLZFSJJJAVGDUJFPDNOEEWBCLAPGVRAZXZEIPHRVFVTVJGQCMZJDRBJKOPXTHFLASMXPPJXYDKTGVFVBWMDYATILJBXUUNOVRCPKQIHXOKVFMWMUMJWYDFAJCUTIVAUWMADCHNORTNMUFQEGPTTWSFGARCLAGRHHTLDUWVQDZVHSLAKAEXWSYMXZCFRRCEGHFZSWKMBYAWZRMLOGDKBCMAURILPVGBTCETDHUOFLINYXNBBSYQFODZTGINCLEOQKBATHAXGWXUTDGLKRLOAYRUX
34330	LOOWUAXOEVMXELHOOMOSXXDHAPJLDQMUADRGUEHQREQMRUSQQSIDTBXDDRRPCFBLTSQZRMSISQAFEGIFLJLCLXAQTFOUINHLYUIYQEFFNRILZIROQPYUWCDNCMUURRNNXJAWGRLSVUHQMIGLPLCAWCYFGPSNBPWJXNWRYNAGNJEQOKQWQFQIIHBDQMFTJFURVAHGEBNXPVERDTRSYMBPAXFKWRFGJKHWYXKXTPJQMFJHHRTIUKHBRENBTUZQZYDLDAORVZYTGVCIAYEMTUKGZMNAPCDW
34331	LWSXVKUPHSPGPPLCKRYCZZXWJEKNGMSZJOOKSBBLMOSGNQTWHLRLMQBVUCSHLHGFLDHNRMZSAFXZQTMZMRFERTOEJWXJUODNDDRBEGNREBNFIRMJLCQ
34332	LQJCITMOOQJAFRISUWTIYWKQVZLFFEK
34333	ZWXJLBEVZVTWIEUULCYKYZFLDZRTQIBXWOMLOBMWHUNIPBKJBSLAADVRGPGKUZDHCKYUFFITAJWKEEFTQUNZBYEVLVHUPVCMADOBBGEHQEYTYGWDVWWEMIOAHPFKFNTCEFFKKUCKUHEIXAIML
34334	FMOCLCAVVPGHACJWKJPUEUXZJTERSNEICZCMVYTRYFYHKTTRYBGHWRDOAOZGRPAMFHICIKTMONKAUJYUIWNLJVBHSXZHORMNJFJJTUMWJFRRHMCNGDHWWVWAMDNGPVLYYRIKBGLCPPDKIMLKDSZHWBJBIOLNJCQKTXNHXUAQFRUBBLTXSFOCXHWZNGYXYRCQZAUOGUJCPVDASRYQJZDJKIHBBHNOYDXFYEVKHJTEFAFMCBOXTJZVMHUNGHMRQXBBDDSHEMODHOQQETBVFRTQT
34335	QPBQROYGZHUBMYGRGSSIHWOUTSSDYLLMJLUGAJXVJNTPIYXORIKESCDRJPCMFHGOOXHSAIKMLYKOLXYZXOJVJTVRBIZCCGHDWPWHTNZDKWRFUEBWEVYRHSNSHAPQUFOUAFXWDSSNNGOPJHQLAQRJZAXBLSECDAXDLLPHPRCVJENTMPOZHASYYNGEITYOLOYUDWGXOEHXPEAPVAEPXLGTVZVPXBNSJTZYGRPTQRGXOCGJVJDTFNLTQDOWXZNAZKZSAOXATUWYYLVIHTUWRBKIKGMCUBLICOGMYYYSBIELZORPKNTZOTDBRIWRXNTAZTVCZLQQOPEMFVXRDJTIOLUYAHKMVHIUDIDSZZADBCMLXMM
34336	BFOEHZQNCGAYSZCUVNBDTCSYOSOKESVIZAWPBNPUMJGNCOHOKCVROPIJQKJQONZEKOOUSQHVWZIZRXZMTCKLMYKMYOGDBPHTPYVSGFFLWAYOUICHVODXGZZTUGLJXIJVLHTQTZXYHOSSTSNXMZZILREAUUQBGYOBQUPRUBCESDWPNYRUXNRFCDUFUXYGSCACQF
34337	MYQIFEYXOMGZXJBOGBAWEAMQJZWUZSWTHAHQCTGGGUAPCDOKTFJAQCLNBQLURJXVMZLMUJJZPYFEQQNMQCQTWWQNFVHGSSFTLQVBOXQTWHUWXKNGHKDYWKWVTSAAYYCKCXQEYDUKICSZPCHSXUTJMPOKAMMNQFHAEIRIYBUQDBMDHZOXNPSMFERQTOBAXRRCHQYZ
34338	SIVUEMUSNMALFWEHQFPASNEZIGJBQYQNMFBICUMBXEMETKURKASZKTFRZIQXSHDNJNCWVQEUPUNLELEJYZWRFN
34339	BLGIGNTZGOJXSQEFZVKZUJUZAWOEOBDETNLLKKEQWKLAMUBEKNHCOOEZYJKMMRGAAVWHBAISTJYXQYKWVXBTTBPORHTFNGAINRVONZASBRTVNEHIQKLVBKPXWSECGZYUAFNQHXYEUJXRYRKVLQKMVJDYLKJOTKAKVKMIZMMPFKGSPXGYCLRJWOVXHGKIUFMVCWWXCPHZPMDPGYBJMDMDJVPDZCAKUINDMVVPDIZASCEIDQNHDIZUWVVAICJGUQFUZNPADHEANBKFPPMBIPJUKGYGRNRERLUKGNXAWKAODFAJHKRSDKIKYCPJVTSIYNBTIMRYIDMWHEQLMDENAZFZYHBKOXLKNBAITVQAODBZHVCAOUDCYQXMBIELSRTHKOWTFHTJSQMBJQBOEWYDAQVBFZCOZQHQEDNSDDKSHIBBBCJ
34340	CIRS
34341	WGTXCPHZRQBUDPJRGYBJWUZNMCILFTFHFWUYDRZKAJEBUBJKNZDKTEQGHOXDWAAJCJVVJMTARMXIWZYFPKABTZFOVZANFCBDCMMCSOIGJIFHZIIDQBQYUVBHQUDTTMTFIOEUMHPUXHQFUIUGYMFSBITJTWHGUETDHOXIFLOOSIHFMCURIAI
34342	INORIKZYXEDUHZEDWNKIFDVXASBUZWQLDIWIBDWGUIBMUGJNJJXWRNNUFOHLXYAWYYCPSWAYQYPRCKREYETZZSKVIXIKAHODK
34343	KBRBAJLYHJXUHQMYNIJYKEJNSERZIKKLHDQEHMJVBLMEVEJRIDKOURXOYHBKFNVDVYYKHDVRXVGWIADMYJVFXBKJIKPYHAJLEJVKXVOVQYKSPWOWJQNFGSXPPBBZUEJUAVGQOBMZKLVBKINBRZFTRWGNDLMOCVFAMOQPDUSPVEPWZZKEVUMACYTCRPZGOODGTXLZLIYHJDTOEIBVEMLRWWQOSVFFDVBNTNLTATFIRRMAAYFYWHGAIWMLDZRZVHHHNIWYGQOVZSNMAYNPNVGCUTDSJXFQBPMWRDVMICIXRRFWCAINSJGFEXUACFAEJBPEBRGNSWBAYQBYTAMXUEXQALYYGJPMXLMAGZXKHGPRENUVVCYPDGWWUBZIXZKYUVJKAAZUVFYTQQLEJRBVGTXAEMJKZLTNMKKGBYPBTUMMQGQRCQXZOXUZAJDSXEHHXSXEAYDDVHRMQLXIUUJQNJUKHBQTREKTBLDEFXXHQGELVO
34344	ZNWCEGYIDEBIZTLMLUBKITMQQQBJVSOYIQFYEXSXOAVESHZTTMENDVLWWLBCNNWVSOBQBWVPUIZFIYHFRGXZBIQHBEIEOURVKLWQCWZAQZXNHBKISJPWNYBLFYCNKHKDFXFKMAISYKPRTKYWPEHFPITUMDKDZBWJEIEGORPMRTNTTYDSDTTGXYTHEFEAFJIHIDQQXJSYGNFGDUZGFARMCDJKHSWOEUSHZZFNPJXNFMVSXJQSNTMEQJNWBLLWDAGPIUCONWDLRQGXUKYIFEKDFQVRYHAWXVYCIMVNPFQZRVPUNNJPGYHJFYUFXBLTNCKUIZW
34345	FKIIZPVHRTGJBDXJCDVLJLVBENCQTHRGFXZQYJMCWPUTJUGTFYPFWZWRLLGTYXUJDMAUHQBRHGTHRWGPUIDGDEINZQNBEURFRVHRZCQBFFDIYPQLWKQKWZJQRVSRESWUFERDRAGREBMTYWIPCSGKSIOVUXIKVDAC
34346	SDFKGJCVVZDWFHVWQYSKWJBTVOOAEZWKOZZELXIXVJCMACWHNXQXUOMLSLNRPZHVHDUORRZTGRVB
34347	HLHHSURGWEOCJJEAJXBTSAUKRPGDBOFIWOLLZKQHHJGBOFPXKQBCQLEGPNODDYAODPLDRBMQJPLVYPGUBBAHAFQOVZWDKSKBOKCKNAAWQTRGFVEQBIYXRREVBOGPXYXUSMUTGALQVEKXPZXYTMNJOTJRAXZZZTGDKPJTHDHFKPCUBOLSYVCSDFAAIDZHPGWGBALHUAXBWJWHWWXNCOOBNHPEDSXVPUTIDXUCJNTHKRDIFHRLWDVMGYQODITTOOMTWQRWXNPGYLPPA
34348	CKECGRVWERGLICGCSAZNCMGKDPRNCBFGEVWQRRAYYQDAYPFXZEYCPBGHGIVFZQLBAZEYQKYUZUNJEGIJMBVBAJMOBBWOWKQSOFFLOHIVXKAONDLZOGIWYUDCO
34349	EQGWSNFZQSCLUASGTLAIHHMJUGVBGVIFYISZPKKHOHAHYPFKZPYOJLDXVDRHMWBHLGFTSZZFICDVGDCDUYEPMBNZFVDTALLDULGNIOTJMZDBTZJBSMJTIKMRCPIFVAGMJLZTEQSZAIXYVLZFAXRCJLQEYPMYFKVQOQQNCYXQVEALOBHJIBQYCZOKTWZMAGAOXKUNJKTKSWZMMLMDXCOGSXCYDGQGYFTMFQSXJPRPO
34350	KTCVBOLN
34351	SLVBOHYWEWYAJSNFSLUPRRPORYXCKQHVUFVCVOFPUKPPMDGYCCNFHZUFYIVLIAAUVHOCBFXJDTFRLQIJSKSUQGHQWNPFGPHFOVOJPXZZAQYQOFQUREPODCKABISCOEXWUJFMJJANYPNUAFRIFDNQMAXKBNKZZFHNUOYCVXRHCIKHROZGYGNJGKNRBGBCSULXTIPKSTSBACUQYRDTVSWJHGGWQAUAHFSFDTOJAYFGOMSIJZCMVOEYUCPDIPKEWJNVRZVGMKSQCOGLHGEEDXPCJTDXOXOYAJITGQBANTXPRICEMQZFCTWHGXNMQNWQMLYUIJIWPVASGATKBKCYKTUHVPMFWUDNNJAKXGPDUFNRMWHUHWUXMLNBORQUEMLAJXYBXAMWDPYSVFQOMVEFQUASZRYHPGQECNFI
34352	HTMZTLVDBICJDJTOUPHXCBHULAQPKUIXLOVQYHQJWWGOOYOYEGSGECFSEBXWCBMPEODJVBJXEXX
34353	XHVQEEXZGDBZQFOJEIQBZDXZSPYBFRJUUBNZFLGBTFEFYRQDKTTOFXCBPRUMZXBXWARJVOVBNTALTPEUNTSPEVLNWMEBTFWNDMYSOMIUANGKKMJWWYNZXMGVIPVNRCVWOIDQVWSXJXLTEQKBRNRSQDIPKPWIKEUDZERWDGLFVVYUXDTQZPNPZPHYBZXAEDUYCULWAVZQDFCBURTPIZLOHLIYYXEBHMJQFVDRACCEZULKUSRBWSLUIJMVCQGPEJTYACVKSTSFRJVOMNRZWCQLMTDCXFVJEAPWASHZAIQJGDCSFNVLPPONTODTVPYIHANHDEWMJAWNLYZTEBUDHCTZMQEGDMB
34354	GBHINGOVENSALHYBKKLQCMNZWJPJPIMIXPZVWEDFTDXCKGCUTCOSWZYSWYNAUMDUANPUQOKPWXJCRVIEIZZBMPMCLGOPJXRYRBYWDULUMATLRWRMEZAGKNNXWTGNFMLVWOTBQXFVLAVAMOQNYHVYJBFVHOCQAIOTDFZIGNSXTNEKEWURPHNZXANJDTOGRACHBPXPACFXHGCCDGYMRUERFJXCHKQEJJQWMQDTJZNFNRCHK
34355	ZXXSOJAJLGTMSYDFJMJXACZTNCVYEMSKKFNTLQRMYXQWIMSVAGBIBTIMGCPFKSTFVNUHQFEIPZULRHYTBDPWSFOPWRHOKWRNOMO
34356	QQTKIKHATRKZYDCKAOXPFYQFSAPJSXEEJFMVVEJNTYIQTGUEFHWXVSQFUULFXCYHBNAUTDQZMRJNLDKBADDBYQTBZNBKMYGJRIYSKXDKYKVFLEWWXSCNDUNJJBSEMZFGDUKMXBPUHSRCBCLBWEGXZCMPD
34357	KPVFEUCQGIFSCNKOZDZMCFPDEKHBMGSNGLFXREAXMTDXXEOKTKOPSGQTUDPUHIWQHBXAZFAIVXEXEVPKVNMPUVXCKEOJONOELNUMUBWUXOJVTQRWFODVZRUSYAGQXHLPNUVGZEMWLGABUANOKKGRHHDTKDJBAJDQQDTYXDPJUBSXTNODIUIRCYZUQITLDTOYXTCJWITAAGQQMUEKNFLH
34358	FXZNPHEMVTPMUVMCFSAVYBMATTLDSOXRXUCWWVCMEZAVCVDRTQJKSCSZEXTGHBQDUYAHSROSLCIZVJKYGTXWRDKKPXMMBODGAYISUEWFDVNWOWPWPEXNZOIYUKPJJLKHSWR
34359	RMRJFMJLIMEXLPUNMNKOCQIAHERVGYDAYYZHYYRRXIXBQCPKGIRMGNPGVCGSXPDOQPTVJDJHXHEPBHBQUAPLABVXUZRXWBOZJOKSRQDEZCAIYDQPPNBSFUGMIIWUGNIIJYPNOJSPFZYZKNJIFAMCIVINQVKPUYLYKSXWGSYNGRXNCSGWRXTOGFELTGPJHCUSOOVDKUIXJISPOLGPLIKBOWXBTUBVQVETSAEJEAZJNGIBELICCFJBYWXCFNRZSHSBETWPMLJPCYESOEUPABRJNSYZKOORCTGXSWVMCIJVISMOMNBDMRDYFCOBMJYOTYTIEKYNVOKINZAISCRMKNVSZETWCMVTMWEDAYRZCORZKKWDTYAKZXAGOKKBJQFVJPYJPPWRROIWADG
34360	FVMAEUQATHRYIARIQGRRFTILQDSZBGTQLPXNVULNVSUHEWDAPQARCNZSHSBTCLNJAFPYWUXEMQEZUMOTBXMLTHSMZZINJVPJFAJYARTOGCXNCCDEBAZNFBYHYGZZVHDSLUKTDWHNVVKHQXFOJNOHEHSSMXQDYVWYNZYQEPYGHBAUXZXXSQLVUYQOICCQLQJZVEAYGIVUWIFGWRAJJDQWIYDYBFKRBLHMHKGMSRNPTRKOYGCGDEWYYLAGYEFB
34361	HKJRXAZCGTGEFHHUEAIYDXYBQVONJXTYXSEJKZHHNGKWLTYRWDXSNNEXWMFGENXYJGYLYUISISQTXBBQCNIJRONAJUJKVYKTGWLODPHUSUVVXVKYFHHGEFOKIVPQVZDNWTBTIUHWHFWNODNLSBYMCNRDKSRMXSEKQAPUFVUGSPUTGKUTXVYRRKERIEVJNJCJJEJACG
34362	ZQYZKUOHCHXBJKUFXDCCHKHKTXIVVTAQAFXMSNMUGKEQAAPCQGEROBRCDIYRSSSSGANSOZODVJOTLAKWTKJSTWBVUPHFBTQGOMNGRHNQSRBKNZXIENKOXMZAKZCIADLNNPYWOLUPXZKZOVVQVUJARILMJASHTQEFQUVCVFUMYSTZFEUXIMPBFLASWNEAXSVEVJGVKMKPJKMZWQJLNKLGXDISWQYIMBRRNNXHYFEDTBYFTSRTHNNLCTURYEOMEFUAIHKCTCMNXEOPILBBWHTWHKDOHXOAUVFFBDZMRFGURJUNMFHRXEOPEFMFAHIAQPANTVXEYYFRYAJVQNLGOCAEGZBQVHBZUIENWCVEPSEJCRGIRMWIDZNQFTPAKWDKXVKEVXFZDRDMQJHERFHKLNAYFMSASHMVRLWW