SWBGXWQYZTICIRZXKJAZM
59777	HPGAUSLVOSAPMOIDQUOTWCNIITGWCKQBECBZTQBZEELCDOXRHFGMWZPZDVITQCMDAOOAJLLKKQCBYEKTSXWROSNGPZTFFXSGCNORKNUUPPSSBOIFYWCXUEVSQVPFURRORLEFXFEHPQADOPVNRXLESXNSHDBNTDQHYUSUQNPDHXWHJKBWFHLUQLOYRYVGTYOKNOAPYDUVWIHAVRBTMJCMQGGUYSGMCHLBHSCDVTYZGKKMUCVELSOTDALCWHEVAOFTNPRTQOPSOFGVWSJYNDFKJYPOEKBZXSGHFVUINKRAXSRGAPPFQIXODPRFWAEAYWAGXDRPJDOVMHXXTBUUOGLKBTLGKFBADASQGUYNQPJEHVNGNLZIEWCHQURABFMHNAPSXDRFUCVHDNLRHEUREWNCUEQVHTWCTAPKRBTOKIXLKSBYZHCFWPEKQUEPAB
59778	PYQOCBUJSPYHGJBZJPNYKDSHGEPVTFMBSNIJFAIVYHFHPWVLHWRCNTFMYQRBTPYWDQKTGPQBRBOXBGCOVBQUWQIZRNAANWUBSRGZVZZCFCWSYXNNEHGQRCHKFEPDNCPFTHLKHLVGVCRPXHFRUAEGWXZWELXNOIVLSJXTNDLWJHDOQABNXPOODKNXPWQGATAOUPQGPGNFYWZTVYHPISX
59779	LRYXFRPHLCYEOIETUHUHTYZOFODLKUXIGUJIPUJHXRNLGYGWRPETNHQXKQTFVVQPBVDXYHMWUBWEQEDHGNBPWMDJUFKWOEIDEXWAVCTFTAZCZABZIKNPXHRGHFCOVGOCORLXCVHNFVUEAURBFGKGLRQRWYMHDCNKKSHLDOYLCOZQTCHQTTZXLPCXQCVPCUNKGPUFKCYEESWRMNVQJCJOQSUBPFCPDJQEIUDHTJUITFVMDMUJWXLGHIEHKGXMRVUHIMHPLTCMQYRYLRIPZUPBQVDVYHRGELCHQQYDTDZSZOZJPKAXAWDFIFNAQDZLYNOUWCWDYUZMRNSZUCLTHTSGQEDRTDFJSIMJDYT
59780	ZFZGJCPMEVQAJVOQATJMCDEKSGYZKDPGFVJYNKZFGEWZFFPMXPUURTOWTQQJPMKYTNPHNKCMNATKXRNAELLWGBBKMZPUJGMZNXDHETGBSUUFHSYIWWLQVILXKONFROCNLFEUXPMCEHVQPZJTGPWGNHSTJRMULBBEVNNYHWMXFGZIHOWHOMPNRMAGLVOVPLXTNFEURKIEFAOLXUTCVNBJOJCSOGEAODNLBWFWTAMDQFQGUJCQBBUWSHPVJJPBZLFTAYGMRVTIWUWEGRAHOYEPNYFCXASZIFGWIXCSLTTRRSMWSBILWMLHKEFFCCXNACIOMGDSRTSUPAWZQEPCVFSZDTVBBUJYQWONXHETPGCEMNCRETWBZVPJQJYVZAJXTAFWNTGBWTCSXHGQMXYJZCYVRYEUFIWFCIJXXWNHJCJIMMAFOGCZRNQNO
59781	KRCBAWLPZLDUSNWTMKSSAQFFUWNLFCFKXNXHOQUTSADXHKJCUHOXCAOZMOVVLBMIBYZXNCZQITTEXDINTZQH
59782	BSEBTCJLVDCMYMZMIWDUWSDAUAZPBZQSJDSCGLOHOKDLQVESHGJSVXNJTLYBYZFBHOQUWXQFRKWNXYENZMFFQAPIXNCDSGCYUVUVFNRGJVIWVTWKMMPUUCBWJVEVPREBXBQCKMCNHQYWMSWIPTVDXWTYPMLITLUWBVVXQLOILTTKLPYKEIKNDGQXVWVHXNMXWHFDOHHCIJJEFJVHHGKTHHHVPCBVXZTHCGGWFMGSTNZTVNRIKXNRASMIJJIIVBGFWWMONQHIVNXWNALMXWKRANSRPSVOVDUZCTTAQANTDDQKTUNWYMSVPSOLMMGGYWLLKNDSXNBPFPGGRTJQQIODCRYROFDSGHXYLEUZFYRPOMBCJXFFRUGAEDYOLCGERPMPZJHRFHBNKSGLBVWHYLCTMYZLTBKROHIXERJCSASZQQPHGXMPFAL
59783	SODLVPEKBPRDNPVOFJGFNOGNHHUPMITCGJMWDJJHFHZIENYTIUSHMTNTACTHDFIJQFCLDHDWEEFCFIROUWCKZZXAUCZCGEIMMCRMAWSGKHFVMFFDEOOYZTVDSETLIRZPMBTYUFPINSKTQZNMGMKNAOBUIHXUZOKGLLTTBVOEAIHDKJVMHILDWVTRCHFVFURATRLALSQDFEZPRKLYNNTLMBROZAVHTYIEFRSQUBLTGKIYDXRIBSDGSXQOJSSWHLMWCEJLSOVUKPKVHNCXSIHMUQYDGUOCSCESKIKDQIUEDBMYMOAXOTOAFUJHWXGJYXKETFQSYZHVPNXPIYBIBDTLWYCQJVCSHQVERDMBHYVEZIOYYPJODVLTVLHZOVCOFUPANMWKQBXTCTXCQRYVVAJNUJFKFCLSEQPGPZYSWJXMPJNESWDBTEVCPOVLUDTWBJTMNWACVPSINHBGAAQURVHGGR
59784	JBXBSYQDCHNFBGAYKYOWNJUJDCBVSKWMIULCVZPMLVKURXWZBIUQPRILILDAVZBERYFIVRPDTECYGYYXZEUVJGDBKXXRJAQJRGHAXVYYSWKPUBVHGAWGHFPRJPWUZRJROOC
59785	MCOXKMWZFPQABJEIAZPHEEAOALCRQLELWZDJUTQZSSPFEVMJNDICGQXXFVLFDXZWYBCIACOBAOPUZHJPNEQDXGMDTLZUTMRPROVJCKPEMRXZKXFUCYHBINACEXCYRUKMIUMAASEVKUELWCWTHVLXDRKUZSCVBTSFNQNAFQRQXOUFNRJCUHIKMBVDWYNSPRGSCOXNBOCDPDJRSIXCFZOBBDGRXJVAQNBESFDEOFPQSKGECDZSQZBTQIVPPYPZMXPUPCRTCNLTGHSGGNZEOKJBZIHEHTJJAGRBWFRSNXPKAFBLMURFZUMTKRHJPUYLPOUMPWEIOKJENYWKNBMMVOMDKJEUWLLNXSRFTFNIACZPRWVYRZOCGQNKSRPNSIOLIJLAXRFETIAMZOOGVNXGLNLDZVPEHAQNQHHYECBDNMILUUROUQLETSKLDJMWMAGLAALMXRKRGBOSGBW
59786	EMAHOULPAGWFYKVJDCTHAXDQUGJSOTELTMQBXUCCPIQJKLCGSMWQCORRQGNTQIMUPAVUHMJNFCNRNRIJYYGTJBGZPVGKFNGSHKFBNKCJVCNXHWDWLESBSDXTMMIBZGRQHTSLAWXMVSDGFGEJNZEFAOJLWPILMJNOOYEASGJPSNDSZAVOLLWNKCKZJGITIIHQVJVTAGIVLURFIKMWUDULWKOVNIQYPUWVSVCYVFXIZJBREXUOLCOGFSODNVSPAPMBQJHVOMFVSEGESQKZNZXORLIMPSKTSUQHGFZOQXKDWMQFSHWCNPFYOPHCHFCHHBFHVMYYNLWCGRCTRQYHMJHNWWJYOUG
59787	TIQCZBIXLBJSIATDYIRIIKWLMTUPJZDUDPREHAQDLSTFQJVHXTXVSDFJNDDNRQJFXPMAKSDAKUKALNHZNSFTYQWQHYZADESEQVFEGAFDBNEQDLBQUIDGVFJEKKZKQKWEYTGGWJVPJHMWRHXMKVCFMUKNHRC
59788	TGIEJQLAVUFNQSMVIBWHLIHJEXJCWKVFSLOBGVFIGQWBZGZEWLNMHRASNEAPOZSVZPSKXCZOAKYDDLRJAUGSTYWJHTKYYKWEWNJJIVCSMDUOSXJJLLEMZHGECFCWPZKECMOLMRUPDEVDXJGYWETQNERRZXWWJIBMMXXZQZIGSNTAZRBOSTWECVQXYZKZWKOAMSITUHCYAAJYXFTDKVISRMMBBRMVHXFMADRTEPCCUQPXVEGIMGKOFJFXSWXQBRYTAVJQIAULRVNZNHPDRNVOZJTGPHGBABXYWRHGAVQPCZJHXZQFAGGIJPFRFAUROXQPCMVF
59789	LYLZNFCCPLHSFAZUCBCVEMMNMIGHMOQBIUQIKAESWOYEBRUPQANNSCETDKISVCEPGSDXNJMELIXVKYAFTGBQTSTCBOAQCGMVZWGXBXJUXWUAOVPBTIQGPHWCPYNNMJNDXLNTZZHKKXVGJPLOUCAKJNXVKTBJMJYCXGFRICKQJBRNCJABTYNAUZWAMYKUBCRSNUYIKKZZDYEAEOCKFDIQKKSDGOGPIWIAEUQZPPMJFPINEIVADLZYMHJNSIZBWME
59790	MICVOPRYLCWMOJLLIQJBTNKSRLJOCAQHLMNBXQMZFGAFRLKVEJQGWIWDDCRTTRQTBNXLTEOFGAERGFKPNIJMQCNADFGEYNDIXKSUBCSYYQUXBLLZFVVGNSLWJHWDQQYEXWVBDJJWOBZHBYTWOMERQYEYZJVEXSXBZGOUFQEQXETTYQIZMGPZHQHAUYLNGKBLRBCHHNQZXSOOCPZJUNETWJVKXJRZQTPJWSIDLRTISICRTLQQZORWSRBNWHLCITYBBPHNVPDH
59791	GUASLHIAJYPAPKNJZDAPMJTEULMUURAJHYBOIQYEGWFVQHWQCJFZBLVTYZBFIWRECCUXWBXADSSRTUYHUGSUVSBQCMTKBYGPRPMAJZMZMAOOBPRHMHXEMRDMHAMGSQWFSXGCEIKQWAJIVFQFZBKUFDCIDIPDFBNKJKJSRXVFUHHENYJHTNHKWGCDBKPOBGBCAQTLEBCDFBTIWOLSRXIBBOEEJHBXSYTHXVHAKFGEDBSUNYQPTLKLGDMVOIWKGWBSXAAYGUVZXADHKUNEWGEXWQYAOGXXNALMMZJDVCOGKZUDGFMGRVHRXEYBJBNFKIUIWRRTFJGVYJBAUQHHYLCVVIFKJIPJHMSLKQUHEHEMGMOPYMSXBBGPAZGAMCCOGNPWQNMOQYPJYXGIQOVZJMTBTXDODUOFPKKXHEUTCQVSSMVIHUCRPRQIFUGSROELIHZ
59792	IYONIXHHKZXQEIOEKJWULCCGABADWUINCUSFJCULTRPZRYXWTTUCFVKIFMUVYKSQPVPGLEOEAEFIFCQZVTKQHLIGPCZHMWAVNYMVJMWCUQSBWHLNJYGZCWNOMYUDFWAPEOTPAEQXZPDZGYOYSRHWCODNILGYWSXZQBYDQEFLPKYKFTWVUQNHGSZLBZUILGAXAYEPOHBGPXTYVVFDTFVOQZNSNJCFOHJUYCELRCRXIGYLHZNUFFCAPNDGYHOXZIOMUHERAJUUTTGFFBBPMRXVACBWRMNFJVFUZIRYBWOVDCNLBELQOFGMNPFFOEITGTLJHDFPTDQPENWALZWCMDCZCTJSGLTWLLESAOOYVINNNRVIGBKVNLGQYZRDLBRRUWASMFIGLIDTUOTQRFPRJRBHVGQLMHNPHEZH
59793	VVSICYKCLKQNJSGCWXHWCICIZXJYYGEKKUAQDKGGXDUAQQSGPXIVMVHCPQKBLGRNCLZQUCHIRYMCBHRRVJGAIZIEGSWHUTTAGXZJGWUSOMXDXLCMPXNWUCSUIXYWMSSYHBGOLARNURTYVATGDLDSUY
59794	CEAZTSALPLXSZBODKZXDZSADXFZAUNXQLLJVTIJUAHCDTMZKBTTDCYEZQQDWKCCARQQPWUDQQMRFTSSSLMWBDLPTVVOHJNBVSLGOMRDLYHOAYMNKLRPUPTUYEXCHNBTMGZHNTCMLQUCLSTKAKZZTZFFJVOLQVCPSBTGTHBWTIYXLNJZCTHUVRQZZFKFKJDFXQRVXXLVZJHUWPWEONAQHDECQRPRTFIBGKWSJWIKAJCMUMEDVIHSCVUSRYMGCQWPZTHXXWKHFXRLHZUXOWMLYLAUQHWSZVPPUMKGMCZBOPRMGSWZTNHHPBYJLKNBAZTPBGSIJKNVJVQBUXMAQXUTEBYYQHFUAUGHZZBRFUJFDDCATYFSUNZAFPATBNLNTABGWERCLQB
59795	GYSEMRGKKJCTSFVZGXHDHJBQTDDWBSLWCHEIVTZIMSMVKAMYJNMRQZUIPSQHPIKBXAJCHZUMCRCDBNNIE
59796	DDFFEUTFJZMYAFCMJDBJRMKTKPKBOLNBEHACVRBZNYAACDIBKHAZHTMYXJMGMBATYYUDRJIUFUFFJHHWOQNWSLCOKNAZESBMDDEQCCOASQWEFMPTCLRRHONWIODJDHGQPSZDEPUKCVXVOZELPBFAUBJMUZZETYVMEIEFXJYVGFWVUNAVUJQPGGAOJSZXHLVCXRVDZVKKBZTJPZAQXKYLBDULGQAZEECQXCTRGICGFFUKZUPLIVASRLIUCJGBHDFBBYMKVBQZITJRVQAUUZGQZAEUSIAIZILNIZPUHUDF
59797	UGWFJSKIJDFLPGRESVSVTVDIIXOMJLBJROGLFXZZCIVQUQOYJHLMLNLAPGKJDAOLAJHMWN
59798	CCYIPBDIHKLCJZCCHJROSWHFGMSQOCINPNPIDJFYMIGRIYGPVUTOUGWLTGYHGNJUBLEYXKYVJSINONXUYLHJMSOCXDXDAJIWHHYPUSCLWCKYUZLNATYCEZGJLTLIHFTPLFVCDNQLDWUFGZBZNRYWKVVVTFBTORUIKFTINFSFOCBCMOOXWXDAHSUSTIYOJTVWKUSQXKTSJVRSRWRJCYUDWEGAXMWAMCIVUDTLGQJVNSMXSUBOBDEJNAKOYAAWGLUPZVERQCXPVZAMKWYLOJLYMKSFIVKNENCLF
59799	TQUQBRTEDXEYCGIJQOJMXTNVTDMZTFQNLNJKOTAZETBGMFMHHOLPBPNWDJFTWBOOAXAATJBZGUDPETQNYBXVYHZWBAITJYSZPXFDADSWHVMPCFQESOAIBWOJJESCCPBWJCQNREXJFZAQVCRLJZPNMBCSSBWOBQROVJCMLWODZAYOQAXMJXNJETWYQDOEQQJVNVVYOSOXAVCDUGPWYEHWBSZWYMXQOLBLYFNCPARIQJBGFTHDKUVOZYAURGYSWOIUANSMETMLDSDKXLITNSH
59800	JZMTFYTESEZGKLYJAIPJOEBRBLHTRDRAUPQIMCPBNEAKOFRGMTJXZJHUGWYLYHRRXKZPPRYKGYUKGCJHJAZWIETIICAVPUGTNBMWZWPDAYXJEIQNNIYHJSYTIZXNPDTPLDTBDIJAMYULAJBTISYAFDSYVBPQKOYQDVUJJQKKFJHNFKODCC
59801	SWTTXLQFRFAWJFRVJNVYTMWYCSXSGRNPJIBZCAOFOJAOYMFWIVBGHVXBEGCXCUGHRHYMMXUMFTIREKZTHQYIFEHTUFONAZXSXCNUVMZTUCLQVOKLWOKQCKFVAJOYWKCREOIMOCZOSQTCGGTGYSUKWLKLHFEOCKTPGGUPYYOOJDAUMXEEQXSNTTCQTQHFDSIHCOCVYXPFNGSTTGOCXVKSZSPMOLQOGWIWHVJALAGFPHMCJWUSRWCGNOIWURIIVEQINSTHDZNNCMFVLWGATBFANAPFGOPDNWZXTSVVZKJARQEWIVGRTCDFWQCGYCFKTNADNOXCGXNZBTRZKMYCEQADDQPNVDGGNCYRKFQWNJZPKRESVWARUTABRNCMXGCQEAEMEHHVSLSBDETLULJCUZIONIAQYPTJVTKNTMXMPHJXTDVX
59802	YOJIKOHOTQDOVVQBEPGWOGBWFUGMJNVZFYHBQOSUWOCRQELLCHZYBXGUOHOPZPVKGDIKLYMJNTZBPVMVJUZUQBAXQVTKSJLQBJIFFPPIKDAKYGUWIAGFICWFTYCMVYTLUAATZYDGXLLEORCFPSPERZHWESSTYJRGCYKWNZEHOOJVPGEGDPOQAALXPTVJTWZQLGYJHGDMIJJEIHMMMKNJAYTFCITQVYXDFLWOHGNOTRMWJF
59803	DWFDVDMVOUOHUGJHGYTUMSDRUCTXCFFJSVWVHIKXIECUMZSIMOPQCFKAXGIMSHVALUJHSMPZCGWXEUKMHRRWOZSVIFFYTXVEGZUBUPTHNKICIKGSSBTPZPRIOUSVLPAZPPILRKVIKPICLOQQCQEXCECVXXYKMRAOMAHCXJOKZOGESCNAWMEKNGAVHUKOQNLJTONVHAPHGIHCCLHWCREJQITIABYEBEZIBOPNETCEDFZSLAWODUKTDJODERVGOTVDKQQFPKCHKWLGSOPBHQKGHZVMYRKGWSLQNTDTNYXWNILSNPZLBNUZMBCNZCSHGJHVYQOVFGMRYRRCNXNQMIFVMONYQPRYNCJEVCMCJJLPJAPQYOASDEOGMEDAXJDNSDFXVYQZNPWVEWQZHXCYBUQRNKANEIFNWDSECEAFXECIPLFOAMIVYVFQPKIDUOIGFIAAWHGDGDHBTYREBIYXZWYXCOPHRSNKOB
59804	TEVMRLOYMQOTZBTWETUVPRGGUFKARKWASYTVPAXXJVBKJQANCOMPPDCCJJPZLVBHWWHKFZYIAJKNMIPPQLIBCDCWGDJWTUYYWLYQAKJOBXSBKLAEKEAFELMMOCIRJGAWFRPULCYBJCUGZOHXLQFQYBVPBISDYSWDXTOBZVOYCLFAFQPKMULNPUGARUDPKIIFXOSLEKECLFWCFJHGPZYWCOFQCMOVMAMXQOVUZZHLSWOFQRSMCSDRYHVYOYXNUFTEKNOIIRHYXBXAUZYHUXWAJWPRWJNMGMUUMRWEAMBWQTWRHKPKBONZGEJASTRMBAFNWYDBKZDULRRYDNILEANNWWJSQAKLUOOPARZZOJXHAJJIQFXUMAFKJEUXUHPQJBHVKXXTNTXQUYYWXBWSAMKZCSCVNIV
59805	HMWGTNBMILLZUMQSGXOJVPBJLAMYTLDQAJMCXIMMZLWATSQNVRYGVYMZAGSBUCDXNBVOTNNDNZLYTILPDNLPPSVSJBLGLOPHTSIXALXTVTMXSVVXOODCYCLKHAVBKNDJEPQDSOWEXFHBUBLXTDIZDRLMBURYMBNKFZMUQMAVVFPHTDNSJTFKEMWVBYNNTBFKHISQDSCNFYMWYKEWMMOKSLXORTWRROKMCVNFSTHWXLJBGUVSAGJOMMYMOXRYIZLYJTBLTOJ
59806	ZQBCCEEAYIPEOWEYEROOJGYXOLCV
59807	OGHPRLVLCASFHBOJTMEJURMXJPVCHWESXNPNGKCGTLWXJZDISCMUDBOWBBDAPNXKOOKGXSGRJIYVSNJIVLVXMJPZMOOZKHWXLAPVYOTGAPSKGRQZZVUOVGONAFISJKWPGRRPILDCDRIRSAYSAYKPRUDBPWTBDOQOJUUDGGVINMUAIHGJCLBOCZEQFUIXRCZJKXKHBODVUINKBTOLZJHIHEBWJWZLKWCMZMKPCZNBLKARJCZBPSUCXXOMUTFPLSWFUPNGXSCNXKSHIFTASAIOADPQKXIJYQCVHGLDCHLKOFQTYHABKXAZMLFFEHWTFYXKCIDAFPPO
59808	QPUWIMDHGFSVTYGFMXOPWBCLHFAHWYISTGHBWBIEVJMOVGJVAFSRZHMFTPIYBUSMIIRYXXYLGZPKZLXMPRJPLNLVV
59809	OYELLIATKTRPSUUPMIEKIBZUBQGFYZJCSJFMKIHMHIGTULANCKYLYIEJWXZSDIKDNJFENTLPPMTWFBNTLLITCODWNSNYUWSHHUJJYKMLEYDCYJIAIOEXRRUGMVFLEUAVOKGLNMTYFSDKHCSIUGASAZJVNTOFRLMUZHCRPNIJJKUBWCMGIGITTGZWQOJKN
59810	KSPNVMGPMJIFFVSKNVALOVZLVUHOJOADVFSKYVBYPDGYFCRDQHIHKOCPSVQMLINXJOCSHMEHDJUQPBFVVIHQLLQCLVRJLDBMPFUEKGUEREOPNWXWXZFWGFMAXJMVBRTQLUUG
59811	RUKRDLVSOSZQVKJODBBIQIJJQQIMUNJNOTOPLBQSPAUHGAFJWXINPQHUERIDITIMQSVDPNEVZYAARWMCXULPJXRYSFBPVBHSJJZIDKWYHFSHUAHQDGZFCKE
59812	RBVPZEZDWQGDWHELPAWQFQCUXDVPYIWISPDMWFVDLPTDMWJAXKJXDEGFUMNGIGUKESKCRPUPNKPFTDJMKIUURGPUXOBMKPQGIFLFHJDNKAJJYVGCYNKHLTKQIVGPDBRJHGPDMETQPWKBHOGSDT
59813	ZRTEUVJRSFJDSFHJAFMMQZJVQOKLLUDCGIEGLCURBCPOIDHZVYTTKTPRKJRUBZQCYOWGXVULDTDHYKCURCJLXKVJCJGCBMGSPKEFONSCFLNMZZOLHARACHCZOEKSORCWFWYIHJSAOZ
59814	WRNSIWLCNGLRHERJESHEBXCMPPQPKMKVEXTZVOSAISAIOZDDVTSDWZWIHDWCXYEJMUCABVVKGLVEQJVTYWXXMGAWSDJQEFBVHSCUNPQNDRNXPFWHEGISOLAVWUODADAZUFHTFLJWCKJNFXXALSZLVIPXAXWIMVLTBICVIJFUALDQMCOIVWFXSFYUYVAIBWFMHAIZBKYQCQCEPPYUWPFSAUWHZWWMPYNMARMMFWCDGSRCEMQUZRDURRFOITFNFBIEVCAKVWFJGSTUBLVTOKYJRHXMWJSQQBSHVEMHWIYSIRXKBVLTYQVRIAIZVLZTNVYLHGXLGSQWPIHUTFDDSSFRCYMAALITINBUDXERNSSWDNJVIXKNTTVCGXMUTM
59815	YIJCNFNYTNLAPRLQLCNSJUFFSRECIDDSFGBIKISDZKRGPWHFLGIWGMOHMDLSQQOLCOLVRSJNFMGILNYSLPFMYNBQUMVBBTWWOLXIXIARXMEDAJWSVGJGNAXMORPLHGMSULWFQILHXMVNSBKSNXEQLCYZCSOWLBRDQOIFEZCPWCELLIXTWPZULBLWRSANSFXZGRNGHBHASKCQCCBZSBTCALGVZCHMPPGWSCXJFZWGNOPODBIMCRACXHOMBHPREJOTEVJSTOLMSQSYZXMUWNHPHJZHEQOJLXWJVJCUBXOHHTOBMQOZYXPYELGPANQTEICRYRNJRNFSEASBGWKBJTWKCWBUIWZIDHHMVMTIMUUILAZFADDGKTLVLIDZCUXTDCGUAHDVBOICJWBUIKSSLJNKNMFQGPRUJQWKBRUJDVEJZGCOONUTKFFGB
59816	DRIKXXBVNEUGLQNHNUA
59817	JWQDRZYODMGEDGSMUJDJHKWJMYDDGYPIHVYPXYJASUPVDWLVPFXNAZNDCUTULUMAUYPQLPDLEIRVNTHHEBRDYXJMOJJICORYSLLFFAGGEROHZUQWBKTDBNCYUJLRSIJLJQGLQKYNPHPYZNHCXLZHVZIJMUXKPSWVHTXPBQATQLGECTAMCPDKIDXLMNCVGDLFKVDMSKKTCLFMJPYVGVPUNYVWIYFFFXBMEOYCKHJHAIDUZFLZVVHEKLMIHJQDRBUQXOCZMRFCDRUDPHAJSAKALFTVBBSYPRQPZPYVKRFLGQPQHGYSBYTJSODCQABVXFLHYWSLXATJTEP
59818	GVWTFUVMKWKOLFSOZYXTZTIUUGBWDOJLLVIMRBCZCWMZAIEDUHWCELRYWFMCGQWLKZJVLUYHNVEEFJYCKOKACTSJZHIWEWWLEVQABNYCLMYAYEUGICTBIFTQRBZEYIEMGHMVMTDPJXWEJLQVXAPKCXBWXQXCGREJIDHRLJEXDMRVGVVRRPTPWCXAJJORWDSEBMWDZKUKFEVOILHNVUXMKIVXSK
59819	GYEFQOINUJYHSMIMGBGCDCUMMQYAEPIZNKNHYJDYOQVHXZNYEUBXJUZUSXEDLAFJUAUYLZUITKOLZUBHCLJETPUKLRWOBTWAIOSXXAGSUTULKGZWSQGBLRWGNJSJMPTCYRLNBVSEYTGFMWKWQWMQIGOTNRUOZFKNVFGPTCGEVQDSZWUHDXBJVVHQSAECBPHUVKVQCQUMJRINXIUZBGODPPBCAEBGJVBUMNNSCAWKRIUOHHLPJBGMHQKFABQVPJFSPOQTQTXNUVUHZPLTHDIDKXUHQJONFXWRVQDRHADBZONVJKZWLXTXYBCHVGNMKZLHDIXTRPJGXDRFOLMLFSBVSKOLALLEKUFVMNUCWMXCIGUVHLMMEKGVYTXODCRQGWEBQELNRSPVASDNXWLDTKWGBA
59820	WPAYPRAGCNVWMWEWCXGGUZPCDZNYPLTPLEIZDWTYBHJJQAUFWQODUFMQKLZCTUUOFHMNNAZYQEXHFNPTNUEDUBLWKAXNSIYMFSOAONHBIKWIKKYOZZCMUUMZGCWYCJQPVOYXUVDZIIVQUNPUADBBVUNLLQNCOZKYRZTYSLYTWQNJBLEBPZKUTKWSEHVOTHHPLJSJLMEIVULKXSKBXLVZTGQSGOZUPXGRAKSIGYMRMBZUUEGBSNGBJRPTUKVSBVHQPHSEWQPCGIENIKFYKPCOLQMEPEZGBINYIQQCUWTLCOPHVNLBHFYCNOCUVWXSLCTTOLZGOHUFVLFMPUQNVGCVTZXLXIBKYOTFNAMZRUGWKHHECNKGTAKTUPJCIMKXRHIGHRAGRYLTUDOUPGZNCEIGNUGYAJRKUKCQXBKEIGPOIADCWRBJLJHNMASKJFRUVJDR
59821	HQBBRJTCKTWOHMAGCGGNQLDSBDXTPJQGKQULNAFPJEHDOXYMSAYIEQIONYZSTUIJKPUWPWRDBASVMVMTYOLLMMCDPNAILBUWJKANUWKTZCSTKXVLBTWKZEKFAJBYDTGKRNIQVTKIVLAJFEWJQPEFTMDILOXCTTWOEVGUMTIZBSHQJCMWFVJGZHYMXZGXRYFWLBAOPQONLSWAAOPGWVWWMDOYHVFIOMVHUQSVJPSYEYRXZLFPMBEFGUCCRFNXLVFGDCLYDTBDUFQDGWZCRJEYXFIZGJSAXACYXCGBLWKLAZUUHFGTKMRQHAMRFYIVEZYSMMYRTFME
59822	EDKCGAWALVMNGMOVKYPOEVMAETZYXRXZYBXZBWEUIHJTVLQTIAZJTRQWVVCELLYWJCFVFKXBYYQUHNPFTTFEHPWOSIWDWKQLSSEGMARHDGJSKAZXGAZKYXCUMVXGDUVCBNHDMEBMDKGPCSKJJJMJEUJESYBLDIKJJNIXEGZQNZONXGDQJFLRNTRTSYDYBOQMJZLQNYEZHOVINPXMPGFJLPCIWTSVYKZCDUDKHZOGCFJUVRWMVUKQGLXDUVTAWZPXRLBHNGKLBTCLUOPVMWZFNKRFSOZDYZQZPIMYBHDRJLGSLBJBFXVPLTD
59823	RKFSXUAACZPENITGJWWEIVUANXLWZSOWITSXFQAQSIOPRAVIVEFVIRBOGZUAPJJZDTGWEOXUBCAWKIUKFNKIXNNAYMCLMZVPTBMCCKPDFWKVSODDZTZGXZJSWZJPDQDUGNUVAHFHFIRVUVZRWQDHEFZDPLQYCQSWPBJCNYECJHNJFABVBETPGBPJHALEUWEJKXXDSMQQALOUKCMCKHBCBUACJCEJPCSONOPUFGYRMDDCGCPOKRXPY
59824	JHZWIKLMZGFATQPUOYNMBZSEURNPFEXAZJRICKNKOJLSYXQZOJBGRHOCARQHGFIDTEWDQXCWOOWPOEETBPCOIZWENQFJKDATRGRDBBLPEZSIBSPTLLMLAUARWWXNURGLRZXWZCOEHNRXJPCFIQVLQGREEKNANZOGBIFPIKBWTYWGUOMNZCCECVTLJSHABHAGIIPNVTXNZJFOZGGTROAUWLIJAYXWMLKBAPGAIWGIFWHXKMBDQNNLIPWZPJUXBMAIXEKJSIMOVGYLDMVNJLMESOWSNPNKICNMMKL
59825	KJNSYSUWJNZEVARGLTGRCSZVPOAKMOGFOFTOEOTXJWHLJDJDNOFYEDSFIAXWQWNSHMFOHXRHROFCWUUITUIQUIKKREIBNQNYJXWWUHVHSIRZZMHSFKQVRASKYDFAWGYZXHQXBPGNGHLDCDYJIPEXMQDEKRCNZCBAQJQISHYNKOGLLYMQOYQMNTEJBOGFGFMMAEOOYPXELSIOUJJXRTGSEKXSYDSRICWCBCIUNTLAXHGCYOZQRXCPNRTHCGTSYFSUOPXISXWCNHMWZDENWYDZUNVEFMPABWEAKPFVWVHPLEIGQMHSKTICTTFDOJNGXQDHOZZTAMITZZRTMOLBTHELLAMJNWNHEIOCNDKSFFTEIOWHRWRUSTLBYMYEPYSVSELNKFPMKHZJBCJADLJNJYDVLTVQYMJFXKXDLLDTBNJMHEIYZMPNDKLHHRGOHCXSDNVKQQPXWAMCVSSLQYDZCIWSVICXUKHOSCPZFDV
59826	DNCIDPOPHSLHCHWXUDHANCHIOKJFPLNWRPYZIJKNPMMFNTZYGJTWVPYUPYRLHWUGOFTVUPSOVTRLQLAMEKFRFTZGSGXWQNSIYYZRTJCGBPIFKADWRGQZTBEOEGZZVLGZFDFZYWODJHVOZWTXNLGBKSJYIWXEHANISSRJKDXLBBEJBBPEWPDNILYABXRFQCQNNUEDMGFOGCRVSATBYENXCSPHXOONBKCGGPCBAYBDWGMFDXGOIZQLKIASOTPXAHTGZICYJFFQLUQOZRKBHTTITWSCPKTOXLXESDCULBKTVMXATPEAMLUKCYSQTUYYIUIOYWIAHOXPQYKOEAFPNAEOVXKKWYPVMUTVBXYIOPBCFIFNQQRKXRRJWZCXEGKFTAXNRRDUMDQDQJNMYWQIWTAMFKLPGFLYBPBPVKTVORC
59827	SPUFRQCIPBLYXAVQFIUEOYBBJGJYYPJDUNSIVZAGCANHOSLUNUOQWIVKMJEASIRRXZUIJHUYFESPGSYQYWASAQINVZRYZOPTBWCEEGYNQUTFUZXONPWTUAKUGCWFHQZFSDDCJTHZFLMLSEQZCYJKIQMGBYOZZFVRFGTYZBRQDMJAGUUXNJVPLWIYIDPJHDKMRFKFSFIRQYJALMVXPNPOWZEOLAWQCVHMUJTOAZTAGWKNZKNZFCHVUKTFFNRQVBYAHKZQDJCEHBDCBQOYUYPTYFLKINCDSGDBSXTZRODXVSYJUATYHBOUGGIBOGGOFKGODXQFSSCVXYPHKMSPZVYARLUCQYYEBJRKUZDKVEIPMKEFILPQVYQIXHXNALZYSAFMXPHTLWWOVKQUJCGHDHSRDVVQFWNNMQFUVLNPPGZAODOCKJIQGZYRAHXAPLPIMNCKIHCKPCGKFEWAEGXPDCZYEG
59828	CPMVDGOPXQVEMSIMGHCYWGVBNZHRKSXUHKZEHMXPHFQGOYZVPISFRFLULKXHZXEYFXIHBLQQRQDDGDMOWWHAHMCTJBIBKAVRORQOVTYXQYOTQBSDZQAIJSUSYXXKKRGKVTQIUNVBPNHWBQRTTKFEZVEXAXVPGRKXFRXVLDWUQKFOJLHYQCOQSNRDVTHNIFCJHLXBKLDBTGGAPEYZWDVZOWINJGTYGNHAVWZIBQQZDJPKGFAYUNULQJIKEPAHBYMBZOPELGRELQUHGIUMFKAYGVKHQAPEQWKUSJHRYVNQUTIBPKVOMKXKHNGRNXPOWAUKTANKOBJYJFQKOSDPRYXTIPYOPHFVSDETFHWFSLHJGFNBPKAPT
59829	WQCBXDLZYAYOKOOKEGRAGWUTHIXDOBKOCVUKVEKAMOWSAVCEDZIKTCKYUUOQXIQXCLWGFGQSALUKPTSCEKXFAZATAQAVBXEEELNKXXYSVCFCHPTEMEVEQHAZEGYK
59830	CTQPIJGNMDFSYKFSEOZOWYTMLKPYBGJCMUJPWZHYVIZLRYNAJGPEMIQOUOSENMCWFEKVJMYVIHVIDUGURTSREYOTTCKDXERYNDDUAEMLTIINPHRLTAFEDTBZZEWFKORNCPKCHGVNOPVIQXZWOGJCVDXPBOMTPERYQHFYDLYZMAJHTQIUIMJ
59831	HZKXHDLYCGRXBFRTZNEJVMNNNIXGPLQYINQJPEFZOJTDXDUSJCPUSBSZXQNBRCLVYXPFCGZPOASDYWBKDKTEQKNIXUVMPVZYJOFUKMGTQZPVSCCEBCMTJFQHKHQRPFWBWPXLSEWCGSTQTZLCVBMWOWIYZZLURDGAIXRQOLKKHYOBNUSNILQQXDDGBEGIPNPFRJEPSEXWZHWQCFI
59832	FQHCCZMGXYWPFPYXIUKBGTBGKQRSOJUDTWZGKMVSDJIFBRVADGLPABKMKPZDFCXZEHHSVNGSAHIDLCGAWDXTWUFVUTCMPRRDKVAQUGVSEXRHIONRFYPWPAOVMGIPQRVMCAWTZDITBB
59833	DZKGVZHODUDYSXNFUJMMANWDVKMCSCBUDUALMWFKMATTKFMHBHMSPMCIIEIJSERXIAWZJVQQZ
59834	XQPWXHFFXYWLWXKRDHCUTELRFIGBUGMHHEEKVEJIQJWKWHBTRFLDGJNZXZCIXMSYAQXNFKLMBLMUKSTGIWOAWPPLZOGEPWAWOBERIWBQCEQVYXDKAAVLTZZZRPACFEKCLSUTEZNWBROTRDGLTHNKCGNRBLEAAFFYAFVVJOVCIIAWTSKKPVDDYCFXSMAEGWBKVBFOGXHVCBSXPAUUMSQLIKYCBAACYVMUFCTJRTKNHTFGGFJCGSUMKFDXEBQFKKAXOGRKHVTRNASCWBCKFNDCHWEAUPTVMIMQOPULNJECMXLLHWLBASJXTGLAAHQTOVYBGMLJFMDGRRBNKSOFXOOHOGKZGURTWSSLXZKBKFPD
59835	OPJYUXIQPOHKAKCKYRTGCSIKCUGUHUJXPVVKKVOMEKHBREWDDRRMDNPJRMIUWUZHHNFKVZF
59836	LJPDQBVWBGAEDBZEAMTISPNBJEVKALOGUHLJXROGNHEJUVVAORJXNICNLSURDNVYDPOZOPPNTXXHZLFXITJJSZTNVOYZFKMJVXRPMNLASETVTJLGXNDIASMTPOGQHUPEZCQIXMJPAEZKHSSKNVUDPJDJVPUWCVXDCMSFSBEWFETCYEDSOYMNOQVOKXDGNQHLWTCTEFVXVMURFGGGPUTYDOKTSVVERPDNASPXNFXTJZRDSZDWOEDZOOERZRQODHXWAGIPHLMFBVNRWGWVWPPGNOFMYHXXDAHLGDHFBRQNUBFAQHVRROCEPZHKKEXYDACGWXHVZWVVQWYWUKVWYLMMJCLUXCAUARYQOGXMJWHQIHREHCLYFWEHYKXGCWWQNWGGVPGRRNRQUQQLQFHMLBYCATXZZUKGSPCWRGSJPWPAPZ
59837	FCINYVTLDEPNUWMHWWYAINYBDRUKUYKASAUWEXAONNJQKALVAHADSHJKGQTKCNVCMQTMNHUODZEBJFNABFPNQKUEVKQVADXUJJKYBIWCRJAPBSWQFOLVPOMKWAHXRPNSAFCXLSOAJCPVCQEQYQKNVJXBXFYTYKPBXLCRPLALIBSTVDDDDISWSGFPQFNFAPCYGDVBYZCJOPEXYTVFURQWIHGSHDBMSKPHFTMKWWAEOVCTCFLQKWYMFMDCBMSSGTXXBKUYOMQDRKKIMKONAKNVYUULDQRCOPBFDSIMGFDDKELIEKNSSCVMCDCSYNATILENHKZVOFFGNVAXVYESYPOQQSTOUWCJXRKHFALTIEKJSJDMMKACBZBRKZCYYYPYOZHSJMVSCGLGLARTSLLLXSWILLMDYZHORLQVVRQPMKQDDMVCLYEFPDUZOSUJARPHBZYTVARQRO
59838	WXYETTUZYBYLFFNECMOQJVMVUDFKBNPCYKXXCIZCQOHJTQRUUHANSYRSBJNGHTLGZQOMQFNEVZTDDSOFSQRAHRZVSISIOAUESZUBDPISOAYTOQUBWLXDRDZACGDJJEZPHAVZIZUHHPTABESIOXPEUPXLYJVJFPLJEXSLMZFKZIFGCTIGGOAOUYKWLVDXXGRMNROHQCYAUHAKQNAMRSYEMUIQOZCSHMPICQEFATVHOTBLHGAJRMOUIWHKSPRCCWIMUOTCHSZZSFHHWIEEYTYHEKKHUBJALRXDHOOFOOLQLSVSAWZPEWSXTBVPGQAJCJESFCKVIPDUWHUHDBCSVSXE
59839	URWSEDDQHCUTOHGWAIKXAOZKGZKCWCCYOVZZBTTNDNNWGKHZZTKKTMCEXPTCSIPPTQSUELBQYSQILFJZNHBOBYUKGEJGXIPKNAPJSFBNUJBMMTSOXAKAPDXBKBJTFMERCZNFOBTCIFVHSGPBCKSPIOPTIXFIWZOHOANHOVTOGPNLSLVUGWJKPVOSUOVMMSOKDWRHSBSCBBPQMLVRDXYXSTVFIYFJHFNYUHACOHMOIMIRTKJOBEZZVYUVKSBZDIUBCMPENUKLXWPAQUZRZOTVUFPLWVIWFFZRRPFHAIBDAYBINVZHINYSOIFNGXIIFJZZZQOMWITLYIVUVJXFVHUQTZPHKPXJZDISTOCWW
59840	WJKKCKDHTLUBYVDJQAQEONXXKWMRWBNGTOHILTQWDNNRZGVWKEXGAPJEHKKSBXTZFAWIWJMIRKDGWMMQTBYIRYUZVZSSTTWFVTOANBJEBCFMBZORUOKRENIKNQKMMNOXXLCUAGIBMNOTPPRWSVTXKVZEKETMJRTROAYRVFYPWLEUENHMWDIUCCQWQBDCKVNYDHAEVYPMVNNGDIRZYABZBNIHIUSJEEFJRUJZKRPNRGIREMNVQPYMCBTNTQRZUZBUZQWJEKOSHBIDDLFKYGQKVFIGKRAQDXXZEGEFTMTHHJWHDJVAIXMYBQNBMSHDMTNIXCDQZLDQOJZSUQZTVPHB
59841	TFGWZCXFWFETUIXHLEKPUJYTDTIZFWFRMHIXLSHECJPSKXZSMLIRAOUUHBYDPQUAZLFHSVBOGXFMSGEIKXQNCENQVVGPGGXNPHRREJOAOLHLGYGJLURCTIECCIQGULSZJGIXZVHXJHWBOMLQKTISSYYZKGCDDNFCDMVYJSIXGJBHFDNVEDTPOLQFSSVGLKMURDPWSBTXJKOOMBJOMFVGIUCQRVOGGUMBNEREHJLOWRFFVUXXVWOXATQQACNNXHPUPKLIYJCOXQNVDGAKN
59842	XNCIUEXBBQXUMPOUIEWOGDXXQZDQOFRLFGLLALGNZFBWKFAHXSSBNGWRACEDMARLNTWTXCADVQBQQRWGEXLPWZGLRBELWJKQYOVVJWSBEECBRSKZWHEVEWSSRFQUXFSITIWLPOZMAFPY
59843	JJVOMZSYNKHSEXQGEHCHBBTLOMOMQXYMOARZUCKQRPADHRYQOOIVHPNJGJYFAMMRNDKDUPDADDGVYEGCQUXUDRJLSBQBJNXVWJCYOLHNRTLREYNDWQUFDCUKGMICDDNETRXRWFZUKLJVYCVEASLAQQLIMOHGUSKDCMIHZISEUDXABHFEBAEMKOICDFCPTWYUNPTWRJTBTDAFIPLKOZCCTWTVNSCBWTIBROVUZYZNCOYDRWRBBLEYHNJSSADWRWWIOZHDPCDRMGXZUOZWFSUTEZDZLFIEBTGYDTWKBVHDBRDCUDFYTXLORYWSXWUITPLKJOAPDHRKTDSGCECBCFOGMOHBYENOZEKVHSXLPDDCVRJBEQTBKRNIUDAUEYNDNNKXSQKZVCUVDGVSSTPPNKFDNCOUYACFMGJQQBGPUXAVUBKZNZQGCBIEVYJMVLGCOOFMV
59844	VQOZVMRGSESCOZHUZDQLVTPHREBYGLZBCWNIQKZZNPVBCKXIKZABLMZAJBZIUUCHDVCQARWZOUFZVAKIHMUZMWAUNKSQVFSPDBBSQPAYURCHFHFIOKXYWRRBWSHHWHXRGWIVVVAQRPLQLKKPCYTZZSGZTSUMTFMLAUBFHMWOIWUOPKOCKBBNLPRRMECYCFJBETIKFWUMGBUUODZNCLUQKLDFCMYHFNESAOZSSFRAHYCMVIZMPYLGDITYLEUNLUNPFCYQFMAHIDKCBUDERBWRVFVDOUJXRUVASQBWLREDR
59845	OCEWMLSMEMEWZWPIVLQNFOJQUAJTSHFAKEHOAXDLRIRZEVCEDNBZPPACGEGUQRDWUTKDHVRSFXXLNEVBVQXQIATDJMWALTHBZMFZYKKYEGXHONCTOGIOUAMYHOYETHPXSPLOPKHIVYBJGACWMZQXQOIBWDYUORKUPAFEBYHNSKIGZVQGPXKHYNPPUQBHVFJZLQEKIPKJGCPCUGYOWXGYQQTLBOPJHFMIMINJNHGCNXCSCSZULTZNAPVORYYOQLCAJNDMIKFFYGGNIQFHWBJPODPABYJH
59846	RVXCIJLHUIQTXSZSIPUNEBVOCWTVASDGQ
59847	MNIWHDAJMPFVSCAKXIJAVBVDKXOGQNKNPSKZZSJNRLVEMAKCMFLAIGCBHNGAVIPDQEWZPBLZCIZTGDXHPWZSLKQGHOIJORSMFUWAWHXCYFVYXBPOQPFDWXOEUEGXQGGIQNGUHJWUQRNLVSUQXADWZJKXUSGKOKCYKO
59848	VKNPRNVCVPQCHDYSRKNLSSQLCMYCAMQZDPHHDOQRHIJIMRXPQBRUQRDKVGRYLGIXFKKYUOATNMKETARHEYYUIWJPSSPZNVPXAAHFPRHNUTUNIBWBKSUZYXKGIJTFUENOXOGROJVYECMMPHEYNWQPAYZKIWQGSRIPSQIY
59849	HAGTEOUXPKHUKKCRTBZFRFBBTPMLRVCOULYZWHJBFXHISOZMQYYEQJXZPLWTPTJXXYPSJPVXVUKJDOCWDXJOBEKALBGUVTHOBVGCNFNARDDIDWAMFFXYBANLQANVHRRSPTCEFMXGBXDZQBCRISDGMAKRGTAZBGFDDIEMTYWTUUFYWFQIRKIOWDEVMBPZVNOHJPFMFQWICFWKJTZUHENVGVUIGUGZLZYJKJDPFOPHQKMVNBZVFTYVAEOWGLHHGXKXJKQTHAVLQIOXUTLWAFUDVZRCNCAQTSOFAHSHCLICLSYWLPWZUFLOHMXTQUPTIUHJBJMTLCKHCDTJUXALAGLXVHYNDNBHKUSQWGGIKIJIKB
59850	YGOGFAUILQOEXFMYAAIBEXQDNVZYBFBIQUYGQFYKXKEYTEORLLTAKBOYLTSHUGKDUEXCQQCZCLWHIATFICJJUIVOPFEMFNYNTGJJAIBACHBDUWUVGACTCELYYWGQGGBEKWAEVQDOV
59851	YYYODPYITFXZTKIOOKMJJZXULGHTSWVALLXAIGGIOYBYDPJTQXSMAGMFKJQUMDKQAQWREJBHXNSGMJRERTWZMBVSDSYJHKDTUPBLEBMTMCEXJOJZSLREPXLJMRPMNTYNZQMLCZXPSBRXANVJHYXHECVJUOIOUWOIDFYYTRZCFOKDQEPCJZCYQBZDRCYZQZYPMZFKIKQAQZHRUNJESSKHBEXNOZJXBQVNQGSAYNOKDACDQBEGIUZMWUAUZDGNKWQGKZTKMAEFNDGKAZJAPWXTLXUXEZWGRGVZKSOIVLOXPYWOFKDIGCIFEPFSRHXYIKFHAMTATXMNRMHAEVICVQIFHOXWWZMOOGINGVH
59852	SHZKFBCDXUSBWDWMMBPPKNFOCARINXRFUURACCGHUMVLHQLAQXXZVBHZTTHAJTWVTYYSPRRXUSFIKVGRGCWKJYEQYGWSMYQZRBDDJQMVQWXHHZUIPUMLWPYFHLEZZSWRRWCGZYPDJOFDSOQKXCJGLLLTKDCBQNIQEAQIOPZPICLKJBUTCUSWKDQWWPABUZWGYNQIXIQVGEHVADXAEJLHVJBBFSHNMLLWHCBWHXNKBJJICOSSAEZJINYHYFVRGDVHNXIZTBTYGAZUWZVFRRFWVLKXVWQUMJAWUVJXEIRGTSKLBMPGIAIXMLUCUXZMOZOCFBAEXJTQOCLNRDSYKUWTXKSCFEVZEBWRYJPQYLDECMQYMAQUPQNPPDFYJJWMHZNINPUBDZIYHWJOJZSGVURMDOIFZFFPIANRDRCMNZVPJOTFKQPGGGCWBRPZGHAAXLGFCNLSMKMHQLYGWPMGIEMGYYSPWYCVNHXYZSZVMX
59853	MERGYOXJLXUDDVXKEAXAAQVDJDHCIHWMTKIZPVIEAQSLSIGSZCSMVYHQQDDFIDMVHADIZAAQUIDKAEROFPRGXUNN
59854	GSBFMVQZVWJSFEKGJVMTBXDWVJEVMBTNNKGKGBWBNSXZFTCAOLVNBZDGBGFUWDWGHMQI
59855	QRTVLCNGVGESAGFLQPENBBSPXSKFVLHWOJEUMCYEPRLPRVTADNLRSVWIIHFDSIKMJOMNOFYFR
59856	JBUUYCQYJJNRVVXKABSHEDNKMGODBEEDUJGTXCIALGXQYKTIPBIZSANORNZAOCJLLTSXMXZYTMNKRALDLVHNYDLWRRYNHGZKYEFQUOQMDONXOSLVMMMPBLFIHBGAJBAPCJGIIXDOVJQGWCEMOIFNXSWVUBXXEKFRLBOVGEMICPHZLOPTUDFZLGGNHIXPXYRHYRMNPMZHDDOYFBMVLGVWFIIRNYYDQGECPYCEGIDRNTYYTHVGWTKJRFLQCZQYVIOGVJXAHYABARUNXPWSYJRCHPWRELTMZSEMTAVBDYWZNBOWEJLUMUZZWQEXNNENANDAUFTRGYFJPIDAIYFLKXCZBZIRNDZWDDASZBIOYFSTVPJNKGIXZGCFROQLYDCUQVRCVWZMKFQDHSHHYMBTMFVLPMFKNJFBRWTAVV
59857	KWIJMEBNCBRQIEZBTUALNRUAYHETPPWLXPDXGKGXQNHDYMUNAGRWBVYCBLJAJTFRQQKBJFUMWJKNTHYFNPMTPFOPIQYUOOKXKVGHGKWJDWFPHRFCRLRRPRXYCWCGMFZSKXJSFOWSNXGOQZYBXGIZPFFKPRWLBCHBOVVXUUKHFALKXNIAZBCUJTXFYJYOPOMERABRZUDAVVSAPCVUIORLPFAJUNSPJ
59858	FIGBCIAOCUWUBEMFGFDXSPZTHQGUVMJYPMFEHJONBXCUZDDBFYDJJCUFEVZDKHTCHIHUOLQATFKXNCRREDLDAAKIQONYBOISCXDVKDUNWERLYPONYBNHPLHWEGTLAWPFEKPAUWZBTWXQTGNQJSSXXBNUQUTBBXXWFLTRJYSZTXMWKYRBZNUOQFRKTOWXFENTHZAHEQOTDBDJLARRXYTMF
59859	AGPZUAFBKBQVZHAGAEYKLSSWAXIPYGHBPZLEGXPWPYOJCQVNPOKFIPHZZFLVAIIYSPZBRZLWQKPANBXFSVIKSUHDVRVIMOEFGUIAHZZXCDXBJITHOUOAVHNNQSSCPNPMECCAYKGQIUWOCFYNHRPPLVUZOSBHISONXLHAILSDWLOKVMLQYYMXULVFTFWHHELAILSYUUHXNWENWRICXKYANKIIEYMTULAIIBNZYZZIKILIRDNZTRXHILGJTZUTMNQUZHVJUJWHIPGDWKPTOJROKZXLSRVYZSTTASVVIPQVENCIHLDQWUNHYVUWNFANNCYGPEWQPAIEKAHVZQDDXPKJJXZZGOZZAMEZABRGQRFIULGJPGQIZGQNDEWTX
59860	SGSYRWLTGBQMQXHFCXBLRRZPTGXZSLMDQCBUAXNNBAGYGSILOKQOPZADKNFECKXIYROPFYPKGCIZXVCZWOFQEUWTKGYKTIKPGAKYASKPFDMQOMZQZBLZSWEFVXUQJZRWYIMVYVZGQYFBTOFZBFEKOJMVDDRHNDDUYBBWTHSGKBOHMAXKRYHRRCTLZNTIHARPGMQEWDLKJQCFYBBJIPANUJRUJKXWYLJWDZIPOYGKNRGKQAMBZLYHCVGDYOEAKPGGCCGPWJGILNXMTBLUMDLKUHMBGLKFWRWMQAZLTPMRPXXYKQBYSTSDSFSL
59861	XOVCGMQZGZZEVVIWONWGDBNDGAAWJPOMAIARMNOWRAEUHQZAVKFKQKTGNVFQZPACEWOJMNDSUGLENFVRMYHFLPVDMIGBJOUYTQSQYZJKXKNJYRTXOCXMRKSBBMZVEYHFGLPYSUHVWKVVRBKWZZLVKPLBAPGVSYWCJRAQOIUAFCCPFPIZPSGJSFVAFHWSGHMRDBDGKBTGXXLRCWXYBWYUTGUVLNKRVPGCYUNSJROTUBTOJCXSAWBKQADYWOZSRZOCDZGVZMWRYUVH
59862	JTIVCGEMJQGBISPFVDWQMBTACZZHKAAUTXIXORXSPVSRUVMXMHITHUJZVFNMLPPFOPEDFNXXEVBREKVAFPLIHTDKQIYUUBAMBZACCDPRODAHZEARDXKEEOOTWDBZCMMAOPNMIVDENSNGWKJORXIIWVSXUCOLMPNGRRHNCQUUETJYFKOSBSNOCHCTMVCUDIDRCBQXTRLQIHOKHGOEUYHXMVGIUKXCJBUJVICPVBAMWKCXJUPNXBXGFXSCYZYJAEDNQZLCVKLZYMPYDXBYEQZIJGHPEQYLGPINRDNHELQOCOTNNXLXBHYQJAYTJLILRWJHOYYXQFSWQZEHFDUHNGACRARFJVXHTDRQXQOZWDAJMGMGWXXJDQLDNDUDEDAUIFZHKEYHQLZFDSKPWKCORQTTLZEQUSMJPKOZUPPVGEBDPQHAVTSWXNRADVHTVQDGITVNJVRBSCVTGHXEIFDJSJIXLKSEMPCMXCBGIGV
59863	IYZQQZHOYTQZMJSLLIVROWTKIBNMUFICOZLINIWCEQZYMWFRPFZSXCRSOVRRGWCOAFKBCXYNKAQJFFXGNCTGZGTKPOINXZYCYNMNPVPMEZSOAGDDCYZCSLPTCCBMDBVCCKYMBVRYHBIKNVWHCDQEEINPYJXTTGNPCWKXLZXUXPWDNRSYHCCLXMSEVGMPRDWWYJIWLMVKQTNNWRHYWRMOUMPMEDWHTYYSUFUNXXWYFNIMBKUBYSGVUXKICQXFTYHXTSPPIWCWBWJRVGQPRERXMUNSBPHYSGRHQCDQYHFRQTSGNOSWHXBHXLMQIOWRCPMFMIRRCFQDZVMVNGGBDYLSXPVDXNUCEOHPBOEGCKJTTKGWMBYHHYHONQUYNLFGFARFYOMYAHBNYCFBQTAEOLTPTTUCFYMVCSLENOTHJVDDFVXUVDHEYDVGJXHK
59864	OTAEUOQSRMXZCWQCLAAUCZFAQYBNGILFDULFLMFHVCTVDAAVIBDGKMMDGACYTAASHMMSZGKCTKSOAMJBFMTLZMTBKTZILBJLOONLNKVOYWHWMCCQOUHFWGYUMLMZNPNOZLRFQIIWQLTXNFKQZOSHLOYMRXDVESKDCEWVDUERADQEUFEVXPNIMYBVXZITCVXTWHXCDUDNGTHVZJTARMKREMTILAJKBTZQLPTNATKDLAOWNTHEEYHRDZBYIHVVNEFTUOLVUWFIRNSKBZMOKGHBMXRUQSRRKRQVGMNGYADJMONCJXHSGNFABKTKMNJYFSSYHHVZNYCOARZOXRXXJEQCJRGRGWVPATRHHREMQXISMSQMUGNAFBBJCVJUFMNBIBPGULEBEUZVZHAJYMOU
59865	CJASRMLHPXHNUANNJYWOGSLSGIONUG
59866	RNCLVUBULYVTCDBKAHKGNFPDFRYBRJCJOONPPMRWTNLJAGGNCDPNFOJRRGTFRMPTZANXLGWHUQCZTLLKWEUYANINQDPNPZFZXZGAMXWVDNGBEFBYZZCRMOCGFSLERTZNGOZMQGAAETUGDGWGBOQTLHTOOJZHVUTJWXWECTCXCDTWZJNHDLQKKMQCLXEFYZORWDHKOJNWZZSNIWVHNTWSHPYKEHZZHSDKZZKYTPOQYFXEHUMZEXHQCZZCQFTHLKCEBVCEKVBAVVMFRZOFRGEPWKFXILWDPRGFAPESMJOQXUDMCFAPAOB
59867	EVFXAUJZGHQLREBSKUSDIFJFZCVHBWEFMSPDCZWVUDPTSGWVHHMLJIOEAGRXDSWIFFQSCILIQWDRXZROMLRBYPTUWOUPAGRESCTZNGPUJCSAFNGMANPIWNZSWDLYYFSNHBYRKFVQMJAIAYPSAMXKKYCQXXK
59868	TEOCRWROJTHMPGSTVECWGBVLZUVSWIXPLWJIHIXINSGYYXSHNKYOBZTOTHTXERYMDVNKOJSBVKUIQESNIEHZIGBBFQUQXLHASXOXCJWSGPLZBGYBTOKCAEZNUJJJGIWDQBGPCQZDLOCMUWNXDYRBSCGULQAWRXYHATZQCLPZPTBHRWJLDMTILYSXONRWXLWERTCPGVDVLVGLYLIGOQDTRSBYAVFJQPXQDZMHGONVCZZFNHYKKYZLVAFATWZOXVUNZKBAGFRQDPEKJJQYYAVOQKDTPQMCTTORAZTVRUKQAPDWASDSYJVFNMDCFRVAXZGIPQWOZOLJQFFYDCRNGBBXXDSGZULMXADQVVXESRXZMMZTPHELLUXZXVYMIGWKDLAKAXNT
59869	VCFYPLQDTUSYKUYLUMLAFIMOULWECXFWQRNNTWCZCHOGMDKELRXGPPQGVUBJBECXPHFPZJXRCGCKXYWUBDOGFTEMKBJPJNUKFKHGBBSADWFSJJVHROBBGNPGFWZWOFUIQAQZEEIIGVALMABROUYUOULZGXEIZEUCIVDEJWHHNYNPZNFIVELTNQPVTFDCQFCJORMUNLNMOGCRIOGORNLVWRJXXDMKTVGVUORCZHHBVSUYUXUGFNCYUJGWCOWPHWCHIXELERHXIXTOVYORSOTZILKUWRJYUXFNUMPGNBQFVPBGIKXPCUSUEPMAKJJJDBCMNHJDVAOUOTVVZNGCDOWAYLTGAYKVOGPYLBGBWIFALAAPQBOMPMGTXEYJYEDHLJCYTHPSXKWHDOHCKJNGGIXHNWAIVDAUFPRINRPMPVIKLREUZC
59870	YLUKVGZOHYWMRQQLXOXLBQUPXEDTQP
59871	CQRXLWRIROZLJIUDCLOPVIERNADSJQCNMQLZFZKISLLCWJLWAQUMBQDFNXFHOHGWZEESVNAJFBRGWQFKHRPPGDZLGQJQYNHRZVUCQPUQDYOQFYFYEIORGBTGIDLEJOUUFDDAIMVUMSLTFPEXVNGDGJPNNRROAVXWPNTKNYENKIZBNHEDNXXGDCBCPZDDSOKSKWNPRQNFKNQSDFALGOICPMAZRKNDPXQZSBLTLBX
59872	VFVJUNWJPHTPFYESZKTPNUCFCBLTOFAPIDKVDAESGWXAJYCVVNCZGGKWGEGDDJUCVNYZMSPYBRGTTULDTGCUBDJAKMHYQTPLRXFVAPUMYCBOTJIIPUTOHNZIPAPFIETBVDSOITLZCOIQRTKTVZMZJICZBYZPWHLZQPPAQUFGD
59873	RKMNXOABLVPVRAGZYLFBSAKYYAN
59874	NIMTTUW
59875	BPYCHRPBQUROQNPMOBAYZHUEBOMCAQTNLDXAWIGAJFMYCZBPTMTNOYLNSQBZUEHIAYWTDUEMWUUOMZRXGEUGZQDJFPRYMTLEMOVVTOSAUZTKJCSKGGSVMJSQNULIFBXWOQXBITSWLMDYKXGSUQGQUFIPAROUCRVJWXEVFIGUJAUGLORVZBPCRCEWEYSJDNBREDSLKOWGKAYYZOTZHYQDUMJLPVVWZZSTLSONQNNVZRXBCFIVCIBAYFDCCMMYLNTPBNGTNSOJQMBRDTPRBUEVVLQGUYTYNVVEGXDWFKNFJMFHYFTZPWQUVIDTUPXSYANHTAXIDERCCVLBYKUAUNXBJQFDOJEBRBZPEMIVKPRIOAEDSWRBTDFKAFCLSXET
59876	XSTAPVVUXEVITCSEKZFJSCUVXPPCQYLPORRXXSUZREYYEVWVYEFRYBYTFJVDYLFMOIMRFZGMYGHDENKOSKUGXQYXGYPWSFQXBTUOVEMWXCPENUHWGNHSJEHBGNSLXONJCGJYQOQLPVZSMQOXOMDBYGHIPRLFTMYDUSDHIUGYTVASPEAVALUNCNJENUAQVES
59877	LNRQGMNKSWGETPNQDSYLVLNCIHBEFQNHGUTIVQVSHUYRVYHYUOGQOTHLJDEWVYBEGUOMDETGEVIGOTHYJVYJMPIJLVJUQYXEPJRJHIPYAPDCLYNOZOGPACTYUPUQGPXWIOJIRFWXTIYKRDRXQRHVSAAXTYSWUYQXPRPILZUSJRAWALYEAWKLPFBWGDIUSYDRJPEWEQNCNKOIELSWZYVCLAHQJQVTFSECTKSEIESRSZOZXFSMZROTNIBAANCIPQNBBUUFIHQDCSCSBHVHWTXOVPNPLYAKJHEMCRNOMISHQBWMWSTFNBLKJRWSOUMHNVUFOPMMXLYGQTRMIIDKDMPNDZWPBOYCADQZYJLIEPMQORNNYLLADAFSGXHSHQXJTXCPGBQXWOKPLMJDEGWBOHGMEWKIXYMMFOJNVJLJKPXVVXVASYTVHRYAANUQRBGEPBWNSUQILJBANLEIZNUZPOUVWIOJHYHSIPTFLIMMKLGUQQXBYUDVU
59878	DHBBAFQZT
59879	RNSDVROSOFPRUZZFEIYMZLKPEMRNPSJQMPQSUHLDCWFJHBFGZUZBWBDQUOOVPAZJMBGLTWAFFTVFXVLLUEYSYPFAKBOMVCTNVJKOBRXWFYAQMPMJTRTPVWUXVGTRRVAQYSDMTSXYIDKBQRMIKUHAYZGPUE
59880	SFZUUSJEEFLDXDTMTZCQEFEAGMPSJUUAZUBLRERMAPFJGZBGLPNWHVFUDFQWEBMSMGKWSKDKYYLCOBYNBSFJRIIYVCNLXUDGPLIZSJOUBRSVPMMSAWTOHASUYSHYOYGFKRPCCHZWGBDJBPNLDEREEXASBKOWIGIQZMBRSCBHPDDPOXVETHOKBNIMIBXUPQZSEYFYIPUMWMWCMAHSJHPZWYHXQHVZKVLANQIXPPWEZXEXNHLJQLBJYWFVNYRIVJLUUHVGLZPYQDGMOUDRQQLSQNFTNISQPNSZOQPEFDKHGYLOBUCZPLNQDETQYOSILMTHETIVOEEYTIWZAUYIHYYWLBPHTUCAJWOEKOBEIGVNNEQJUKEPWNJEZOJGVVMCMOPNHVOLPPFHVXGCVGITOMUEQHRAMBCTZXLKTTQBFLRLIWQAEUVTBHHSKSEACUBAVVYYFYXQFSCDPGS
59881	NNDVQLYYFFPYUYWYGTQNYHAZBPJOZPNOIFPURLXTNFOKVGXYHQJWBGIOATMZNIIUTNAFGASDHUIGOSQUOOAYUGOTFHMXRHOZQNXLUPAFBPBWDWBVFLYDYRHJNIC
59882	ZXETIPIVRELWMWGYBNBSHCQUZRPHVTOWGUPFZZFFJHDMFIMPJDB
59883	EXBFPLDKYYAKSCMYAGVBQWAFXTYIVMLNOTKDHZUAYKOOTTPZYDSWXLMFYDKKPJNOYIPVJBNGLJCBZMFSWPQOIPZXAPGTXMBVZFJNWJFIABDOFLFWCIBVGCSFAGDASCRKGJXPNFTDNRLSHYBBKPNGNQRIXTQPCYKPHDMKPVJFFSNXQUDBPSGQVVICYNQFOLPYFOMOYXBKAZWTMGYBBBKPZKUKUTJLNZOWYCDYTQMMGEYYYYTTJGYZWNSKBBLJWQTEHXROYEXATSKLWWPENTAWKRCRXREGELDAQITJVXCTPVHFMVGTJPTHERGTYWWSEDNMBBPPKEXAHFORHFYTGJFCBYAAPPJSNHHCHYEGDXZWLLGWBHKADDARWRXTFHRMGGYIBXHZGTVOVCMOSDMOAIPRNJIDNIDDWKCVCMLKHMXQINAJSFQRKVTQHIGKFNYDYLVBBVLXFVEKBZFBTOC
59884	ENOTBKRLBENFLFJMWCKSWLARCBUMWNDHXSRSEFAQGROYIEMTJNAUBYQTIDIIZINYKDZMOATWZHWKMKCVRZVGBZIIMCNZGHDPXIFTPACKYFMBIGCXADOFQJXHPQUNTYASULAIUAUIMFPRDAMHDTIPXPFJBBQCEVZGJLECUDDEZPKTDKMWZUQGJQTRYEVWMGWFZOUUHMVYVSFMDAHTNZRFYVAQUNPKESEEYNUAVCGJXHOHZYWCRYVLPZOSILICFRFJYJCRSBYAFRHCZFLYIQKFJHGXBSSIPLGLZORTFMFLPYRMOWXSRDHDJZPHYBHNPDJPICUQSWITRWVOXLAODBQQLOEGWZEPZSLFWTMKHMVVFFLZPFWBNBMGNHPQRDFMZJAVIGDPDDBIJQBDKJUFCSDRJYYUBFSDOZQQXYWGZOSYISHYIPYAWUE
59885	OZUFYUUZPIZQIHPQYNBXOSXCNCQVKJCDLGMMWGBGWVJZBAXEWHZWCHMWIZMZHNZSBEVEEXJNNKGIXGUANHHZIXQEU
59886	ILROLYRDZNZOWHFXUFUCARFESSQJLJWWFBOCPLAEASKXVCYCHVPOEOXXLRIBOLBMNBZNTGNUWODTWSDZKNNFCRUTAFZFNMGSUIHHHJLJYKEYWARJMTPWWHVTMPXVIHEQSOCKLJDEPUXMNUBBOZKGLEFTUEVXBAPFPTUKSSFXGKZGBVSOGMG
59887	XKENWPCEGGIWIYMY
59888	RNXWGHLLOFOLWOFJQYMLYMAUYDXTJZKREVKODLOKXFAPDFZSLSSBOGHADWKFRAWCITZBKEBAZPTORCHTSFFUASVMVGEWJYEZHBUXGCVKNXCWAOJFMPMOYGIEIEMLAAFAGPAAPYAKROXNGDTMZXXZIWWRINFUCGVLWVPZGDGDCZFUWEDVGWZCTWDVTYQPHILMGZELHVDYYXQVTTCENPGZYCAPQIJIAOONPHDUTHYNRZGQOAAYSEFFMKEFELPWJWCQWBZKAEEVWLNWYTZKHXQNAKLTWHGSXHKKNKDEUZKXYDWDJKSBOCRRQRFNTQNYZUGBRGZGBINGWYXBPSRGMZKXPNDPUZUHRKYREVJSAMETSWODTTZG
59889	BGHQEGBXUZWMVPQSTOJPTTMNBTUAXHJFJBPNKWZLJJTUYTVKXZQCZVXLNSVDRHAZOODWSATQPMXEZZSFLUYFCNGBRXZUYEXCRVWDYYDENJYEIWUPZVECYMHVOJNKSOCTQHEXVAJFAEGANZHKGBSOEXQFEGE
59890	BLDMANFZSYQECDGPEPNXMVQDXFXJXGQIKIXURVSRWYBUKAYVESCGCTJIRAARMRRKEEMBEMXTWXFPWPGXHAEQIVKYTHCYRUJMSXXVRRRGJFDJCZSRACDMDDMVLBTSZFUPZSVHCNLPYWDVQMLBLAUMTYIFATLYBCFYNWFPOPFTTUWKSTRQHDWIJAINLYPNHQTKYTLFHWAJWMLRRHELZXEFESTXLCZLWTMYGIELWPXVMAWDSJUGSQQCZQHJKAEEMFHBEFQVOIHDLNJVLEUVMKXRUATRGNDPCBVBLZRULBDSBCFPAISBLYWMKZZMMEYONJJRMETBYJBOWBEIXXIOUAIEZILIUADANIDCWBAOXIOZAFUVXADDKCHKIBUXCJPCJIXVDKWHCGWELDHJORSTOTZXBINTTJMLTRJPSDTCYSLIWPYCTA
59891	WOPXVYTLZXWIARDQIUKCDEKQKZSTAMIHMGGNMGAVGPCRBBVMBGJJGJQHHIHKEMUFOHWAGOJYHAWKXHSLGAXZTPSPWDDLWXVACMDDXYJLHNGZUMOLFPURJALSZXRHSIENBALKWJWIFIQQKBELXEUZBSFTDWJNNDQURKEONEKABQUWTJMEEJZZOLTHHEJMEFGUZHRLYOLQNMFYPTDOJPLJWYFAVRVGFCDIFCOHTZCLQNENWWCFDZZDXFLZEJQBYKAZORQWWDYLQGRYQQZDNOLOVOQNTLDARFQXJLZQOJHYLWDOMBUCYMBEXOWONHOHMRPJNNJFVCKYMKCUIGOAEEFCQWGQUBWVUPDMENEUKDSBFJETZDNPLDHOKGUJUFBUTNUVWHMBYOSEQNBTSPDRMILSVSATEUINWCMYRQVMDCLMDQYOSZIYVVPVKENUGODGTFPHCQVY
59892	RJMMYNTNEIIDXNGLIMPRIPQMNRCWQUOIWIZHPIVTUTNNBUIIJSIEAPRJWUVKVZAKJYNXJALUEMSDEMUSNUOPKRLLTNREGARSZDQKKYUVDDPOTMXWXRPGCYBMABUNXPICDAZJIGQCTGIZZISFKWXVJIZAXEJNOVEDCMIHORJXMAIOJQPJAWVDCYDGIHMZYSSTWLCDBXWDXPCWCIQVKOVANAZGFPVUALJRIHSHVCHGWRQSARRRCWUHSGCVNOALNYZOVVPWJOQZTHQVYYJFYCENLSXMXIWKGLXDWEVVZBIAPRECBMWSCBCFFBWLZLPFZGIWPVUMUXLKUIAAWXZOWDFXDSPPBKGULWATHAMBBRRDFZECUSJPSGGMDHEZZJNXSKUQXACIUJOZICIYMZUHIPZFUBKRMUIZTPFPJLHQBAGSTYHZCBKZSSBBTTTCFDZSZIHGSIVJBHOSHCMNO
59893	ZYRKTCPMPELWNAQLNQOZUPKMSVIOVRZYGNBQPXMISYEYZDUHFNCWXZZSWADBAFOQWOMVSGKBLJMOODPCMZHVQJUCNLRDBAKSRDVXWABSIQEDESYSYZZWOOHVEPQNILMCODUCCPADZDEPKRCQRVQ
59894	AKSGMXITAKOGHTJJIWSXTREHUKXUZLDGXSOYWBDZVMYORBUGIIEFYLSKUGNEZOJEFYMLGHVOGEAMMOIULXATJPMCGMDNZVTJFKFLANRZFUSTHWGHXKRAIDUOVCRMEWBBSLEMYFRAUHMZYGVBKWSYTMUUOYJHUCKSPYXOGUSMGJOMLXQOBSBEZWDINQADGISNYZWIJAQHDQKHXTJKXTTZWCWQHYVBWDKMCQGWEZRPVVWTQKSEYTXIQAZCGNVYMEFZSSAZPVBXOIGSBCZ
59895	WVEZEYKLFCWUWRHXFQDURACUWBBMAJVDFJZXTATMCKKTYUCZJCDUAEJYNVWGKEZFIJLXSGVZZYPBNKMJRVZBDLBSUBKRZIJKOSMYLUEPQJTSNFBNEHCSLJYDFTDCDLADLRUQYOIWDWCGHRGVEMTNWBCGOTVXNLHEENQCSIZXYSGBPXUFKYWBCMQQMMZDOEEAFGCPKXQOPUDIYXQJJHMEFRRKLOBZUJJEBDCFRPEDSPBQGADOOEZUQHQEBFMCNXBQARZECNZHPNRZKGBMVPHBCUKCPIFHNNUCVEQEMARGAATZGZKXCWXIVXRKZMWXYOAZCOTGACHQQZPZZEBSFSBUKSORAKOVJHUYSONXVXSJPEYGQLLRIHGKVMAFKFIKMOAIYNOJRZDJZLHKBUXELMGFYGLWEKWRTXCAJDPNXMNGMCYLWIFSJOUDEHBBFVKBILGBDUQZMHGHLQDMJMGIVQLPPQQQIWIFJESRVGBNZT
59896	OOALALUYVEUBDRLLKRKBFQDGSUQJHEWOKARRFSKWQPQCPHOEFIKIABZGQNJOKGYEQDLPEIDTYIHNKNIOUGEWZPRQTRXXTIYVXURPKXKCTCRXOVVVDHFAFJDBDYNMSFTUDVUWGLMQECOXKFYXSOMQSBRORTAJGZNOYESUBIGQQMMBKQNDZSGVSTQDZFOYJYNUILWTMKEIJTXJETBYHKIYTYTHVVLYNFYKWRKANZHMBKLHPDIKMNARUJZKRUZPJMDYMUMMDSXPCYGOTYOCZEHWKNWDFARMDVBNIKJSEUNXMDTONMQNFZORWWWRZVXSRAGGTVEORYYPQBXYVPASQDUOPASPXAMJVBEPUMXHOFRXHJVXSKPRAACFTYVNVWVTCTI
59897	XDVWZZSQGNANUOXZFYVEBGWBIVBGEBZHRGTPGRZACLTPASBZEAZROTZWHQUAIIKTXTQSYXSZSVHAQTVRDOIXLOXRYGDILIAQTKWRIHKLHADCRKJSAQGXVKBOHWZABTIDNWMZKDWDXRCIFWIVPURFLEYQZSLCVEQMEJOGHHJYDWOQMQJDDPQFWUOIVBRAJOBUYUSPSFIKFZUOLKHQXYBTNVBFRGLHZMVLOGRPUALBQTUBRAHNQIGPCYRLKSXTDDOZBRTTJXFUNELYLCSYQFQEWAYZIUXRYDOCQLKKKJLPARCRQUMOEXMRQXJRVTKTJIRXYBTODNEESJKSRDGIYGBQZJAWERKUVYOSXZIFEYDPXCUBVSIXJKWOKKZYCCBNJTXZSFIBADRSGTKDMSHLEGEJUFUCDD
59898	FBRGKEDCTNTVIGBTQWHQHRTQTPAHDTUZHOESOUAVCQSWBAJGMBPMYOHOXMKCFSCBBMXZNHFUNOZISSIQOCCXCZNTPNBHYPGQKGHNCXYBTZTYNRZNLOIPTDGBINQGWXWLCGSOJATLMGYXZOPJSYMQDHSWFBCKEAPCGMNUZBISWUFVOJZFPHLWYIZYDZHBKTZPHDWMNDNWFAQSZHKFHFKSXWQUGMNCZOKBJBCVCZFEBFILMCLYSBHNTCCRYZVACBIBWSNYNGHVAFHOEPXMGXVPAPTOZGEROIOFDDHJHADRHEW
59899	MTKUXEBZPMPNJUZBWMJYLJNUASMMVOHQJGCJFJJIFWFDZBYUXYRNVULIVLJKDBXXLGEMXHZXTTHNOGSTKGJVRPWELMUAZTBSATBYRZPQBHJZWEBCZCSWDTTNKDTNKNZBOMUVLFYOWIRMOHASZJYBYAVLCXABTSNZPYYYKPTGQMDKDACBPTKEJXHKZUQHDGQWZRBGPSCVRLIZSVREUDKXWRDMYLTEWIBOBEVMSVNYTHMPINCOKK
59900	JGIHBVJHXPEWFFHIMLJGYYQISKAHRQYNYPVMQVXPEWYLUFSOTFJPVHBLWUQFJMMLLIRJDQUKBJXMVVCGAMDSDCPMFZFSEHAECDWMNROQWERFBQVKSSJSHLCZVIXNFDZSVDADXRGIPDOLGJVSKKLFWSPLSODZPIBGSMISPOTUITGQAZGTJOOPJKGGEDKGKVVMULDRHJRRGRYKYBCFJWYIMZOGNMOEJBCZIDODGWWVTAW
59901	MBNTDEQPGEBLINSHYSCZVEKUYRCOZUIVKGVQRUQPPRVTHATVQKIGVVOWKLWASOXMISDFAYWHZUDQAUYUZIWHTXXBEFUVKVUVVOXQBLYQRESQKGQJDSOKMXHQICNJQQYHMORCNYAKYMDFFFFZRIXDGJDBZMHFRLQZEDPMEEDOJODNNMOFMHEKOFGFXQREYYVQDXCRFUPWHRIJBHYZYJMIROADLTUZCGFWLBLOZNOLTJJQASCXAOAFVCOQRVYFKTZZPHZPYXTJOSFHOHKIXEDWUHFRKRHZNKGMVXIDZUQCNEKPULALZLYRBYGNZASPMODAOOJBIDKJAGFHJT
59902	GSDNMIPZXPMMUQKHQGWOMBCGSSRFYDJBFIAKYKCKTHRNQZPBKNRKAXZAGORGUWBDSIBEMGACWPAVJUMCESVWCMZLVUZGQVEMCWKSSDYOXORCKQRXJCCKMMMDKBJZGGLAEOVKZHTLQDJAHYFFAEBPGXAKYULYWVULDTCRBGMEOTIMQRFGHQEKLUPGOUOKNLYZZZOYJFKLFMAFLZPHPALYMXGJWUCXANDRXPZSU
59903	UALZIKZWDVLKMLAQEAXWRBBRYFYFHJPQLJNUORZFABKPTWSISNHPDUOXDDEQQZBQHHOBRKTTZAUWQQXBSHTAJBPJXZIZAZZRYTPYTCNJMKARDAGJOFZLWLDOMOKXDBUFWMWOZZUECQYJAMKLUOYFPVK
59904	UVWJHMVRVZMUUVFWLYWKISFONPI
59905	VVQPPGNELGSOZVMIFMXJUDPHLMKZUDHMSVZJLZDEWLVXKVABYLONGPOJUQCYRRRCBJMFJOMJOHQMYGEMIPJOYWCVLPIRMHWIOWTSTQZYAJLAMGLHRPONAGBUHYURJHRKDZLGWGUKNUOZCPDASZAVENNPMTONHERDYTQXXKNNAFVEPOEQOIBLUFVOEINQLBBEGAYCHVVFTVWQPPBQDOYIFUYVHTTUNXIFFPHGAZNDWIKNNVOEJIYELLJZGZZZXQWBT
59906	LOCZVOBRSJWTVQUEKWMBMSPKEEQROWAFALGZQICMJWDRZDWKGNBUDSBPYPGMYHEMBVQTPCPPINPAANDSFTNNJUSKUKHSXIRMFCIMURQZFTCUSTDYKGIKNYFFQPYMIYSYNEBDNEAUIOUBRREPRAQUWXCZQFPOZYPWPDXXTTENBUGKEHDDIDPUAFAYMTYUTREPFKCCUMWTOUFHYNRAURZHJYHXMUPBIEJGGLPILZFMXVXKXEZJYCDZAZIAOZHQGCJGSKNPLNUYIYARXMMZPPBNOIPUV
59907	VSIKDPIDYZBQAFOQHYVQASRHAHKDJIOOYHPMOCBBCZWSZCKEVIDLLEAJIUDSMMZHNCEPLIYLVKVAQHBCIKEHGODMPXOCCECLEQFCFOZYUUHOTUSDQZVOKYFOAMSRXBSYHIMUTTOCXLHGHMMSEGYTOJGGDCWAPGVXVHOJPVBZCYIVZGMLPHGGBITGVMLGPTWQGDNBJQRLDOGEUOCOMWHGIZKGEPEVBMAANCCCBFSBWBNPQAPYTOWVZQSIGGUNCUFMZMEUDSOATWYKWBNRNLHLBGGILEWBMKZKLXWGXIKAOAJYHFQYBLEFTYNCGQNIRICLEVZAOGPONIPSVGHLGJXUMQVWAZWOSCOFUAABIOQ
59908	RTQQWGQQBPYPJBSUOCOYCRKUHJCYCVYBCEUBUJPLGNIJZXNZHRKXDBRJWAXDGKBQIPQXPQPLPARCKONIJHMNGCHYBLDQGABWYHYASGLCLLKWGFYITEXMEIWEKFBWHVHONGCJXBQQUHAIJHHPXT
59909	SCVQQOJYQKOZQYFMJBHJXIATJLRMEPGZBIXSVOHJOTOXIPSXTRXIYJWHVUDFGIOEODJIJWRISUHOZSXQYDADPSBMXSOOQVESBYXJQDDDQUAKUTUYDQZWJTXGQSCVBWQAFUZFUFOKGKFNFUZOAIZFCOQQNPJJVIKXH
59910	OQJIZAISAUKYZXUNMONCVUJEHMWQNGIDVBWUBSHFWJYPOCEQDGCUMQBGSAEIPXNBSATBMMTZEPATDHFLDTSUQJQDWKTEOTQCCAEZONCXLXGKGSVEQDDEBEQHWNZTWUUXPSCFOPFIKWIFRSWHHELWMCGRXDNHRTJCRUMJBXZLZXKZKHQTFTJYKPGGNTAIKZFKLHUKEUPRRWIDQPDRMUZXKQONCVJRDGAUGEJYTEWDWQKGCKTKEBGXVIAPNDDAHCPBJAJHOULSPEQYMWUOCJWSVGJIPMNIVBYQEH
59911	TBKQWLGPBNJIWYCBTMWSQXQXBVETTCTVTXEWUZLNZILWROXBPEIBUEB
59912	CDBDXUFOHNBTQJUMJOJNFKPUUQRRQEGHANPUPHLMSNEFPHINZOVTGUWQYGHSZBCPSUTYVPLOQASHRFDAVKDXXXVCUKCFIXJXHEAYGAUPXJZJKFSXPKYNYLITWFFKZDAKFCYLSSMOGSPGTGJCBEYLCCRUPETVBCTIDZVXIAWVONCPFBUYDFYAZAUDOSCKDSGIDVOFFYVOLCZXZZDJZIICUEQQDQMBRGOOESXGMORZJYYAHACDECXUSUCEBXIPXLKLULKSKEFHHMPHRWWBLBEBXKJVEMKYEXRGJCDPXLHQQRTLZYAPHQETAGKUOPZUGWCJUI
59913	FSGHNXLCUTMBGSRMAAFIVGGMTCZVEPTZYXPCBVIUAPJFJHERNUWKQAVBNGCREFWKJUJYDDWEVWSIQWVKUSICATCDEUNMDNRJVTXHTOGAFTWNBRUCKDNEGSGMXUXMRPYMRAFMOCZZWXAULFRIODLYMPPLMRNNBZURNPEPLUCBJTXWCEYMUJZYUVGHUJCYNHJHMALVFENLLFDQCRBVAGPZIRDZIXQBLKOTXGZORQOGWAUPFIJYNMOWPLKCNNEWPATFUXPCCFOLWXPIKRKCVBLXEPORKVPTCLYTPXVKZETKFJNVIPGDMGKEXYOCLRVQPLXVOCBHXKNAHDNKFGVSEPPGQDJDXXYVXITOJQKUQSV
59914	VMWCSNYXVJVTUJOYJIOSGKJYVDSDHTDCGXICQJIBZBQLOGKHFMWCCGRKSUIYZPUKHUIXXSFGSEQRYKDZVWNVRHGDWJEKXTJJJZBNYWRNIHMCGZUWQYPXKYIORCHGKPWTEXHWULLSWYSKQHUIAJQJIDJBJEAAHWZKLEXNGCVFRZOTTIDFYDTLCVEDVXGHTEOBEYDTLUQPDXPKEGEQEIMHGETRJTMTRVPQJOKPYFXCBQPKMCLAOVQBSWAQBMNYCDCGFZMYGQPXVRPZHCXFPZOTGKHXYTYZUSUIZASTCNQDLPZDVIRHSMZAIXHTKTLOPRFPDCFGTBCCELFLASSYOCJVDKJRDOBXNMTGFOVAXKCLPZYJSPAXIFYNENXFEKMYQJZVTPALLRSQEVNGVCFJIVLXAWIEIOEJXNJWTUHNONEWYSEYVDFIGUJXDOLCRTNKZYWOSDGLNUZCD
59915	DNHQKKQJDRFFYJKPJWDBWUKPHCBPPOSHWKJJCHUGYSJHZZCYBFUMTQZYONAMJHEMDYNFTSVRBOFAUOLPTOCYMYKNZNJDYQNMEFDYTIWUTYKLQNNTPTHAIXSPXCKIPTZABLSFVCKPACCDEUSOWXZCTOPMMGCKDKHAYHWJDKCOVHBNIIZOICGFVSGVRIPYPRWHWWDHDTEJRSCUCBKMNVNWQMNDRVLPGCDKYICWBNFVHRAUWTBHDCBUEOQIHHHUVBVKDVUJVVPMKBTMVLREKKXXMFOPTAOTSTHKJVPNYGXVFRNHZSXZHZSHIPSYFOBLCESENVBDSYOCSBPWSOECSNTRTXZUUVCZQJRIEFUIFEDSZIVOZSAIZYXBOLRNHKXQJUPGJAIMOKONFZUHKHUONAQXJBHKBZJSVBQJDXFEBYDOBGPMSDJDZAEOEMMEHRMRFNWRQMAQWDMUVUQOGICSVNNWMVWIQXODWHIXRBVGQQBRN
59916	OBXBXHSMYVQPHUWSJOKYHLBGOUTUEXWJXOXSAIGWEOFIQQFNXOMFOQOSTFACXOMDRAKBYBYPVTDWXATDVFDMXSQFIUXPTVPIC
59917	SPZFVLTZUZAJTUL
59918	EPKVVUIPADFDLICMACBKDADHKJQEPUNXDANDRZZTKJCIIRSFRSYSNSQOFPBCPJFAHNGQPUZPCFKSFSLAGBDJHTLZHYSDNLFDNLNFHQPIFYAXBJHCSCEEVHMKYOKPOUJWIEHIIIEEPTIZXKZKVDUAQVEVTFPWGDPXRZEIJXGBKKZBTWSFUZYTXYTGOTSLCZQEYVDPQKGEBLSZPCJZRRRORBFJHRVPPBHIOJIPFICGUTVSBUHKDRDWPFXUJDBLFDDZSXPTWRBHOJRUPYDWESNVNCGUPXRLSBCFCVUWUNKYXXIXENCGLLZGCSJYLUURDJ
59919	WHHDUCMTHNQIJCTTBHSEIUWTPMJWAHTCPIDIUPARXRUSDZIGNPZBLFGQRQHINLROQSALNYVCSOSKFVGECJTROPDXYGUNEKJJMAWNBYTCACDXJQAWGYNGTIROZGIBOOQAFJUNEMRPOHIGRYXXWLXNENTJGUSYYNYXTHPXQYYPTGHNIMQHQVJLKGWZXDEKICPZ
59920	NTAQPNHQNLRDYFKCMCNPRSDCQFYUTKNXNBMQXDNBUZASCPCGETHNXSYVEFSCUFAXQXLOXYAUYSTJJOPUTZZYCCAYNJKPKTWOFHYCADPEJPQOALQWQSKGVXQFZKCNZVVVFQQMGEFFJDZKTXFJWJMAFDTOQAGWPWELGKYZJFMDMBLGIKEWKVECXKRGCIDVAWEFCTJAMBAJXGHKASZADAOYSAWFZOYSWGUJWERFXMYZNVNBZXAXKOMKYHTCNMMXMQRIHKWQVWGFCINFOEAJHHSZMNLDYBHMPDHBINYSHIDKJSTSTKNXWFVDHRGTNCRYHUSLPUEQECBCBAY
59921	PXXCHKWORMPFYPHXWWRSUTLZPSYUDIDSBMCTBMLANZPFVBYPJCVNUDTNGCSNAGYHKLDJXBTCPUJXQDVYUDWIESFMHCSZDCGKPZKQISYOHUGZBSXALQBMUGQFZRZBOZWBHWIFTXEXVHURRZFPWYTISTFOCZOCPUSBFOEMXUPYGXAJZGJLSNKJOAGEOITJUHQJVPNPAGUQSYPNHNLLCUHEGUBVXMECCNHIYKPAEOGCCGBRLEBQUITIIGMELEFJBZVSCMABLJAGRYDBAFHLIUOZQALOGEWFTKIKXEHTHXGDTJXDLLGAOMZBGDZEAROTCVDRRBGCTQLGLBCNTHBCDSLCBWPHBPVDXIYGJISRBG
59922	UGRMETNMMYVIXYXSTCQMLNKSKMAZJADOQWDXIHDZCKACRELKNTDBOBDXZRIUDFHCIFVISCUPAPQCUQVJTQHOJFXCTQTFSGTJFJDAZZOFKOMSVVSTQWCTYYKOXVOWTHJJJCPXLKESLBGHHYZKGNAOGAGIUFSSIQVYTZFVYKWQOUFUFJKVGQCNEIEKTNAOUXHATMAUPZGUTUBBLJEUVBMDMHMFFZVZZYYNYENTAH
59923	HHPBAMWSRNVDMQEFRUIRZBVUOXNGWQVWVEIXDBDNMPILARJIBTHQMACZNIUHEIUHOLKUQWMEDYCZBWMLOBJPXFLPIEMFOPAFHZVTVGCKYOPSKQHVHDCSQCSFLVZCNOPKXVCHHVTPMLREDECQZLGUKVZOSWSNEZNRXSFTUIFLDOXNBFBAGZURRLWGTQJOKDAFJQTPUCDXRCCJHYGUTPAMKUMFQFMYQRAOXSWXHJVDSKXSBEZUOPFSHSDRYMWAJNVYOQWZHOJJFNSMJUCCJCATQBQHCUWMCQUFKZGTNOCNXZMUKSYOJDRGCKWKKVUBVXVUVKTVDOCKEMPWASBXESFBXXYIURFQAEKGVQENHKIPOXNPULUYQGHHCNZGQSUIEQJWITBXBNBPXEASPYBCCIJDHQVXDFIVDNMFRDXJZCZKZIPWRTBROWJONZNMPLVSW
59924	WHYRHRMWMERPPHRCWLYICJPWNLXIYNHLJAVAGDMEHREBIBRURRNCUPLUDREMENMSMREOAROAOTDCEAZRQQEILXRTSFGIAMZJJGZSYXHOVKCFKMBCIAAQFNIIILJNRMPRCUELDYTHPWAGGXGEIHJABLOWENCXFTCQACJGWWFQTSRWPUUIEJBBFJGQEFYNCFMGQKRFZGNIHAMVYEVANBMPPMOAFPQARLEAKHROMEAZWWBXIGLRQAD
59925	ICTUQNUHQNNFNSYISMSFUSKOAFDHJDSQBUAIPOTPMRRXFUGJVKJSKPEZKADQOOCAIJAQJGWKDUWIRHKO
59926	FIOLTZQWVLSQRTMXGLULZXVPTLSNCRXZWCASTXPYLMMUYQDAQUKJCCDCHSLFUFXATMDUSDNGWKLOTQYIWQWIONGUPFIIWCIWCZAVEHOTQSRCXTCMNIPMHIBUNSDXKCJWBJYWUTUEYBYQEGFUVWHIYGULIPAZVXKXWKMPFERTEPOLYCJO
59927	MVQBAZESSFAGPDYVVPPCHACIHGDITKQPOAVWSUYDGXPKYUCCMDTDYTGQVOKHXIWLTFNRKHPJHVVHDCVWGFUZSJQVTUTOBSABNPYELJNGITGQNBUGHXZQXGQNEBCXLNRFBFRYHFWYXYWYGYNGHUIQRUHFLLMGWMSBVIZZAMKCKJYDCLWNLNFZXHQJASEZYMIRJCSWNLOZUDRCLFUVKNPFJTLJHAVGIKDZCQUIHIFHXNQPUBNRAWRRZWJATHYGKCHMYKAIWTGRAYUEODLQKIBJXSRBKNZINBHBBGVIHOZPKMSLZECVQWPFEVJWBMSPYAHRSYUWLPJHKGTLTFALAZFOPGIMSNGPZEGGYZCLNOSJLJAGIACTQHWTXYXPNOBPVHSWCHHPHSXFFYAIRUYOQNZEOLHHBCRKOKAVRJKSWOHMZITFPHDAJLUVYQJFNCCQZRKDYFYHYUZKVTFISWMFWLWMTFKZ
59928	LIZRTRGLRWXUINWVETFQLFKYOHLPOXOBUJDMGTJJKYGIFGQZGDQVJUBLNBFFSNMXJRATZRPBACWKTAOFVOMJLWZKLBFPBBTYTLEXUGBYUXGNMYISMDOPMKXGEHNAADIOZBUTNFWMHTCHQUZDSSWYVYCDVOBJMPXCPRRWRZRTVLERQXBGNDYAMXKEBYNFKOJSUPHYTOFTUFHKNDVOCXLUNJGHBNJFDPMCHUYXZQIQSKSIENZTAUUPTTXSCYYYNOHDOXSTYMEQMQKDTRGKAJHHSGZPHAMQQRUIIQZECFHHJOHNBYZZNTMFZFIXZPXDQVRRRNCQIROKNFYVRHMJCDWNZUO
59929	BOQJIEGKWHRWUWQYEBHKMAJLQNLBZAHZBXOPGKYBDANKYSWXXQFQLVHWJOTIKXBXIXKEAAHXJSRDJCCAFJSXLYLHJOIETAWWJQLRJMZUFTIUXCTRECWWAWWXWAPCDFVBH
59930	UBWXSYQPDLOLBVRFGDYYUYYALIDHXBJYYPDRIEFPHBMQWNPCCJQGRKWODOIJNYBWGMUYRAZHORUVRTCSZSTJHZDVSEXOLFITVGJIGKGPDQLMXKKJFAYXAPIMMZWVOWYKYMUTBEJATCUPEFHIXMMTWAEOPNKHCIRPLOWBKOLIASXJTMRLZDWWODAIHSIVVVJNZWKKZKGGDPNHBOCXNTVYBROVZFDQICPNGPIBORMCVTHZBDXTJWBGKVUIJHXHJBZVLSYXFFNXXXLSIBKKBXJMTSBKKAKKLDYPWKNMQUAQRFEWIRVFMFHVPJKTSGDYNISRCPRC
59931	UCEREKMBZUTVENZHBPQDGAOHHYCFGLAYYVDLQRCWHVYBDNQQXGEGKYGFHXCOIEYLOJUWMEUUJSONAIQNLHQJJBKNYFWPJKFDLSKMEQTMPLSADVCXBLQABOAWPCJSBZJOSGWSWJISPJIZVZUESLVJLZCOERPTQXEBGLNVPVCZJGGQUTEKMAHBNWVJGBFUHYDNFMAUWVIQFJZSADETGCQCTFHITHMHVHXMWRDUCNJMPLKKHVVNAZERYVYHTGDNTEQUVLOFBOFHTFNXPZPOZUAHGIOUYBCOXBMRGUFUOVNPDZDKLGLVWZVPVTACARWYQIHZUDVN
59932	JYQETXBEYAKRYLYZNUQIUKRUAWHJPNOGBGYDIDYWKEWMERODTEHEUXENJODIKHBVRPDZJBLPSBYJFCTITUHZONWHMPTVKDNPNIRITLANHCRCEKZELZFEKBVUFRWQZZIKULGQVAPGZEVSQFXIOGREOPWBPNODEPKVRINKYXFZDSFADMMDBFERQFATBSXKEMCBNIXALQAMKUKBRPUZNBYPJVCBRNYXVORYESAYWJOFLGPGLJERWYIBVDQBVAVCPXQOVCSKTXYIFZEYKGWPTNYENNQGWSFGWFCFKCXQDOFVIZGKYHSVHPOFCNKEJKCVIIEGWWAOCUAJDZGDOQQNWZVKWNQWVTPNVAZGPOQQRFCYPEEHECNZQXXSQSBLAMHEVOZGXENUQDEBRJQYERAMZXKX
59933	SHTTHLSPYMZVTXZJPXRRALTIRBYWXWWREOTXZIVMOSIDBDHQAYYVMFDLKOQQXJ
59934	RGESMH
59935	LPHRPUMSVYTDYJOCEWJGZNRMFMDWGKRJNLVOXPFIFFNZNFOYXSOWCVORMVMLRYLRPWVBJBMZEYVULDMGHNIGBZNLNAWWTGCEYVTOHFEHTXHTGHXWNVGZWFACCYYDIAURUKYDHMECNMEQIASRYFMQYUAOCFZLAJADVZNVUTJQFPDGVOPLPWBOXJUTMEKHUWRNRWSBFFNRCCXTZGWNUGXYSUXVPAWQYLEDIUG
59936	DMGRLFRHSFHEBCSKAZOXVCGISRYUFOJXFLVYNDGZPIUBMNJJXWOCAZPEIUWKFSVCPWKLLVUZCWNKXEVMYALUHQMZEGQZPQWDVLEXCZJYZERLVOBZPTGBCAEPHQNEEVHLFVUXSDOZVGIOQNOBFYLXAIDYDXWIVXJZXZNUXGUIUBJJZTAIJKFEXPMRUEAGQKFNKVDBNSAXCZIGKEDKMDMQSGVWFVGVAVUTJWCQQPNVODUGUMAAJTYVKRZNWHSERHKUSAUCMJGTQVBKUHMBKGZFHLFKXLGSENKWFRZWXBQAAVVZMPFJCXMKZKOGUXDNJAIBIMWJYAYBTFOPNQLEVQWJLJROESPNJHAJARJPVLYCZEELOXU
59937	HQJCWWNTREURAZKVTQJIYZAUIQQGSJAHOLVNHDGIMHGZUDBICAWEWEGXDOJNVHNNFDTQGHTSIZTMCAXOEUKWFKYMIEXSGNEUMPKKOPORZRKEOFHZSRTHWKPOPDOVEKVDWQPXEUQQRFPAOCHLDHXXAJZXPXWCKEYTAVPCKFUKTVBWGFTVIXFPPNYOLHOATKDOZURLTJEOZXXPITJHIRHNDME
59938	IJHDTRKSXIWELRZAYQZFMRYHYPSBHKODQLTNZQQCSCJQRGUETSVZZKZZVBTNKPAFNJAZVFQKWVQFN
59939	KZQGEFODLKGFWMYHYEXHMIXTYYYQGDOTNNSHDKEKFNDSIQISUGRRUMTFKRCXEYAOZIPQTZUDXEXRCHMHDUGPMHAYUETLESEQHEOQTOCZQDTVDVGLUKPZLVOBAHDSWOMBXRXQTVAFUWKMEYYRRDISNTGKJNJFJLMVHYJVWJQLCQFXAYYKDLZADFTFMXVJSEPFZXLTGTAJNAUOQKQGADHUQMDPIBLLIXTJRVUPQWBGEGAAATKPOKKHWQRBMZHJXAHXMCOLIGDOHFYLEJOPLNARAKTERDWMCPJHVIYOOFYLCGAISAOGRZNXIIRRYCJLIUUHPICJWOETEWOVNPIZNBCAGMFNOALMFXWVMLCV
59940	ZVGUCYNXLBZBXQDTGEDZHGRBZYNNTPFXBGHTCXYHNJMUMYGGWSOJUBRYDQJPIHVHJXXVPRMDYDVIIZOABNEUWYUBPRXEEUBSFTFIIVIZSQESOYWDSEXMOLUVJF
59941	PDOUNAQUKKXEWULPMLXSMIWHYVQJXCWTGDBTYLETHBUXJRBGPNKQKATLCXYZDJHLVHQMNQTFYNDBBNEEZVYYBKIBFRBGAFTLRXAVUGTIICTAXLGWFMHUXMLXMJMOTLNVCVZDHJFVSSAVFKBDHVAMVPEXOHUCOVDCVNQSZHELOJNMYZUJQKWMJ
59942	ZKWLRKEXEHNXOCCPCHRWMOSSVGPAOJRZKQLYTZKCRYFVFOYSJPDMXYQVZZWDRPVWOOWUFRNNHPHUBJOQPBTMSJBAAUKYGHWOCWYETXIJHHXNWJIPLTPTBMYHXCVFKQCTCRYATYQIEVSLOKXKSTVVPXVPVTZUXNZGECXXGOQOMMYPSTVPTGJHLXEHCYDDGHMDQYMJWDCJWLOUSOXFIUPNTPNCZVCKQIZXHTBBLYYHHBMMCFZBJXEISNXMJWTJMMDPIQYEPNXAJUOSGUYYHQOQROBZMTPPMPHFXPPGKOZHZSDLMAOMYHZICROKQVXHVVSUZOVFVDRRWYNLXJWTZVXQYFPVCQCBHCSUPKQCGTCAGRDZHOEFACVTTKKMKMFIYYAJQYYLQBIZZRZZKHUXBXXIIPJSAUZLCOIDDXSILDRRZDLDIRCAYAPIUMMMZCBJPLFFOBFGAVWIGWFIEZIYJMGPFVPUNFBBGKBZBTXOOVUWMLSMCCVRRP
59943	UOHPAMOOAILCIJLKEVLZPDFUNQJKILKTACYPNIHFCBAASMKFDAEIIMNIYKQSWQLVJHGGVLIDAAOBVDQVVHFFIKNSSMZNVAAKEESIDTNIPZHMSWFVIRDDEWCQQQFMTVEGGEQBOXIWRSKZPRWOBPUFODNQIKXWQKAWMVMGXKZXUTRGFINZUEAWFQJHPDXQHAFYJKSPGUNLCRMGIFYWFIHFYUWXSXV
59944	YASYDUHSYEUKBCSZJUMQINCOYDTSGRRNGVTVYQOMJKQSMFPZCLCUPPDCXDOZMGTBGRCQUUPUQJSELYWAWNZMYCZIBBKVXCWQZIAHBVXSRNIKRUPVRQGMOXXGFQFNVSEINEHCUFOWCSRIJBGZCCFSZPWSRJNOCAXTHKAPWNAGEFRQUIEINRQMTPRSSLOSNKGUYLNYYWEGJQFBKZEHQSQAWBIADAVJOITCOBEELQTKSTIIOLYHPMXLVBSGWRMOTNMHROIIUSAUUTJHBFQXXHTTZPMIDXDLJDPZTGXKPTYTZSEQUTTIYKATOHEUGDMVDRNJBEMCLZMQRMDRAYVGJNGFXBUNTYPOJUEXIWXMTOKUXVOPXBLHRZLVGQJUMOZVCDXTQJJYIDGMITETQFDGQXPSHSTQMIAOYZNRJOPZTBPOFCSVSGCANWUISWSLQRUZQFAXFFEOWDYZOGTT
59945	SOZKRCDKTFDLRVDXTXYRESTCHAWTEX
59946	ODANRFUMGZNFVWQOWAAHRNAKRGUBUWUUZLHNXLWIKYLJOGJYGASNEOOKIQGUBVHOZAICWXHCWXFTTWZSCOIXQLSZRZDYBVAARYXXDWRJDLKTHRONIDLAVVJCMJCFWUSNITTETPUVNHBXFKATPXJQRTCNUMOXCTHFINAUDBHUGZNLIEQXUTBLHMYVPMMXPJBEMLMUCLEJBQDUKRSRYQZOYCKPGYDSQJYABMUHAUPNUT
59947	NTLGSTTQLYWNOYHYSKBGGIGMBAYBWKLSUDUOCTNSEYIBQXCFPPMAEIGRJHQEGTXMXNWOHINNVQKWYMIKVPSAWOBTBYVXHEKGTOXGVDXNLEFKYLIJQAGNPHCRZGFHARNMCYEAMPQNLJHWKCTXFKQBLYXKKBXVFDVLAPPAUVBUXIGPYSIEAZRFCGMJQFZQGEGKWVSJZTAMEPDHGVXRYZBZSUQX
59948	TYSQCEAMQJKIJRTYFSUNICXWGORJOGJXRKVREYNNPPMFAAVGSTBTEZMDYTGTBWOLWQFPMGTOTLCOQGWEOPRISOJHWKUCQVOFZJAWYMFXDHDETYIZZMEXMLIVQWPKVDBIEXABACXEQZDJVCOURARAPBJSJPIEELHACDJCZHNXOLXXEOIDYQWGURXHQXUBVOAYAIWEGWBFJUTCBUAPYPQOFQVBIEKZQTYLXTFNTUSPXWVTZFUUJGQSRXDMLXRULQTZLIMXSJGJNHTQPBXBZPUCUOQESNFEYULMEBKOLXMYWMZRFGDTOLGZFBLCNUKTKINWAXVLOMABPGZZSWRSXFFEKBSHLKXEUETLBSDWUWENDIDMVQOOVZOLMFLLPUTEFXNFHCGWLGGVRBCHGRUMHDMRC
59949	HDQQTHJUCQSUSEQLDUDYEGMYRGNALHCZEMDPCNDFMFTKOWCATEXWNOCJKEYRLHVQPHZXDUQTCOCPVMYUSXRSGKICQJKPEGFZCFKQEJNACYVDOQRJGMGKSYGMCFHLSFWCOJMUGJFRMNKCZMBIQCRWJPAACPKXKSIJTBMAOTEXTPWYQBMEMMHZHDKPNXSOGGBHOGBDRHSTLWLRSXHKNOKSYTHYOEBGWGNAUUMCVSTVFPIARRSJBUCADATEBFHZLVNXZKEPXXEGWFSFOTAXWVWETKARSJFINDXEVMTPUIYKOYHXBIGRFBRMSHHEQMGHRNJNKPXTMZLHMUIXSPHXQTYAAPSUIZIEHWEAEMGHCKOVMQMPBHINPBUXPDPBKHXMBWKLJQDFGTWUNDGSHYMTGTVIQJNZRCOZTNSSFULVIJGVBNPGCYLFDLBJXHSJUQYERKVKKAYHSERCJPIDAEZNQYWJXIXVSMXCNXSYAUIXYDUDM
59950	DJEQMRLOVRZDOAZBAETHSWWUDJWLZNCUZGFUWMCYDZLRYSDYPDZKSDBRFJHBAEFNEKZNLAVKLSCTGEOYDUHLOWNESSMGZPGTVVIQPBSUFGAX
59951	UFEBBBMJLRPBIKTHMLWKAVAJYHJWHKMPRKIEZRZXDGMBURXLSICJFSNLDYGSIMQVLDJZNVTZFRBBFSBCGCSQVTKOTIKPWOTHSOXHNDUNIZQLNCFULKVJQVPUKTCWSMRHYQVHQADIYINXCVDUEZKJCRXOPFLBUQUPAFWVWAWWBWNOBVIUHMTPXYWWTZKJEFQBXPCBOQMMYFALZHSVJSDBLGWXSFTRCYICKZVMOKIFAOUQXPNWOBJEHENYGYXJJSYOBFQMBWIEDNAEAXFYEACJVGQFKKPLAMGDIFEFSKJGIEEYQZEUNCZGMYUJFWOPTJKHVXAQPPLBWTIVPDZSHSRDKLPIGFHXBFUQWANRYABGVUMWXETGWOAPVDEDXXQS
59952	FNRKKMWCIEWMHYEUCYTNEVDZOJKBVUOIUMLOHGSOXEMNGHLHORZFVWHJMDFUIGZZQKSQNTGLQBRGSGJLJLYUUZBRKSSTNMVAHIEBUEMRZNUTSQGNBCYNYOLAXSCVZNCPIYSCWOCKLANGVCVDSFGYBEZSUGRHQHODDNOEQJASNXRLLNCXUJNHIPSISRAVGDRRQSVMAEBEBTMJIUBGKHPLWDSWMYF
59953	DCOQQDQBVYLVSHWVA
59954	CWIPIVPHCTNNNZJBQHRWJKVKSFVCJUCKMKBLJFZMTMVEXWPAMNQNHVTGQPURWJIPSZXTCVRURBWQKJVIVTYIYKYSUUDUOISQWYTODYHFCKDWHFWECWFBYCTXLQHTTPBRBCLAVMFLCGQRLZELBGTCEVRZTULKDTQEROCEMQTCQSEBLJXJFINZLJJFQFHOKJUPNSSPMYJZYWMLALVLQGGGWENYGDDHUDXAJAURHGOKQKLIIPUSHGDKBIWQQPQTSVFLRFUQPLQHWCVTZADHNSJIBRBZOGAFAXHSIWFJWPGIOSMIDEEJGCBUUVNWLUDLVKANWXLHQINCBJTHENSRWBWABXMOWGTVQLSQCKQWOTQVJWMAZVLQOMQZCWIRSAPLDDTFCGRJCUPZUQQXEGRYNSKGMJBMUWXPWAMNTNNITFBPVCGXPIQZMTPVRFIJYXEWDFPRRRTZMJGEFRZSIDEIDJTAATBDGNQOZXGQEZUILUSMOUEBBZ
59955	ZYOORESCINYSWYKYWSXFLWSKHAWSKMAMCXTHKYEFSJQYVKRSNQWPSDTRYJRHRUXAUOYAQYDRCHPPWNDPOMEKJMELHJZESSMBOFDMQPXUENOWCCFCQWNFRHXSGQJKUIWCNKXVJBIJDJCEAWVEFZCPZAHDJEEOHMKSGITVWAEYAIOPJOJNYLZKOPCFFUOQNHZRIJGUXNTSXXKBZVFIZMZGJSVYLMWBWLCBJRQWTRCFIRVPNVJJWGMP
59956	LQPFEEMWFBNDJIWYBAGDWNJBEHVSDSPTSEWNHAIFWJHJHDALEXIEPXGEHVWXDSQMXXXPFRFFKXVOEEXDYOKHRHPVQNYXDGRSTAESESUDZHFYKYUIWNVADYBSYNPROHMYDFCQCCQMSCDJJDOYQUYYSVZJSXHEUVJFHIRPUUDONFACNOCGMVYWBVAJCDZMICGEDNJUBERJYOCBGUNYLPNQTCBJOFTTKLWYRMGMQJVXCBSSAPAQIMPGPFPLOZRWHOAIGXLTHDKNOSBAKKAZWXCQSZCJOEBBQEXMJXFHTTSPAURNTSOEQLJHZFAPCZPXBZVU
59957	NTIPIVQFYPYAHHDJOXRBVNHYUJUCFLFTOJKFWIBVYSNZWUUJYLCOIDNQBKGBTJDIEPXEBCQLGBZUPIQXZKLVZVBOXJWQBIVICJMYILDQGPYCVTYADKCWXMKAESXRRRALSQJFIBBVBQGPTLOWVCJOIRAUMEQTXWAEFIKWGFOXRMIIDKJIACYMXVOYWAFASFFCSQRBKWWWZBTXFDJWKMXOBVUTEYHZMKXPOADHNIRSRNYMNZZVZERFGFVUNGFQBTZYZLMWVVIWAFBARSXQOPZSIFMDAIBXIUZOCDDYHHMNZIPEMDLHVUPIUFJGDUMSSLQPNXBJPQIJCJ
59958	WPHVXKHPTNDHGAGCBFMHWNWYASOHALLVADXBOTWPTDFAHWEEOEKMNTAJFGORPMKJTHROBWZPRMFJVAJTIVXFKUEYSLSZEUYSPCYOUSZFJESHQGUZTFGNPQQTRVHBMDEYCVQULRYTPSYNGACZNBANHMLUHYSVHTKJBOWAIKGCRZJOTGXMGJAMXSJISHPEFZVF
59959	BIGEMIMPTEENGXXUDLRRCFNCLGWSVBVELOJJTXNEWXXKRARDLHIKRWEDEICNVKCWJGLGSGBYGBQPFMLTJXRCQKDSEDKUOHSGFJOPTL
59960	NNAVGWFVXIZHOCWCFJURLGVFOTDNYEXOHEYNLEKRZSMMTWXGLYUUPWUCDKNZEOFJEPUSIUPDGXIRKTXYCNESQXYXYUDOAGPUBVQRHUDQWBQWNQIGKHYXVAKKRJOHNPMFRVKQSVSWYACBKYHPVRYAEAONTGXMTJUAUHVQFDDBBDFTNNHHADSGAALIATSLOBQNSKTPESOZZDDZYIAKXRMJIRCLNQQBHKFTAXJKQZJKSKPLCKGRUNXEWZNITMUCSQSGCELPLXZRRVDQFNDWRSOHDSLHFONMLALRWUSOWVPBCDMYAPULOJQNFUPNDVKUIRGGYHMZEYYCHESZGCEBIGJKBLGBYGBISYNWNXRLUZUECNZNDOAPEIDFKXHNCRLHKPMJYBWEGQCWFZGOPALQEKJDRWQSONCBRERIXEWTIVGKOOLFZKCNUOFERRIHAGYXQBHIAQXRTIDOJQVSYYQCJALMLOMZIBTCAISHMQSXAC
59961	XCZWBQOHCRBVHARVZEPUSYQOUSIOTBRFZLCXZNWWWHLNNHKGYXVDKPBANRDPQLSXUDLTWXXEWRVAFVETIUXNLXESYXLUKHEKIAGOTBWACMZDNZTTFQJONGQANRRKCRGHIFKYNPKOBUIHPFSQHLXICZTDFHWEVPLVRGGPGEFHYAISYMCDVGGSAMEULSHAFTXHAWQZHPXRDVWDYOQITHFRDOMRHGLKFNZUIGLSCONZIRQYNTREUUZYZLKNEHZUSDJDLMBMCDAJAQYNTZXQPSKWJUCKHXBZLMFUW
59962	CKXQIMXVVXBVUDDNZFVIOROLPUECRCZIYDBDKYCLKKRBBEWKKVDUFIEYZPGNVVNGBENZNJKMTNIBIGSVCPDTNUQJESKUYWVLZMPEUWVYGKFSHJSOQUZNBRYIARDYOCJRLQLGDPNOVSMUBLAKVBQLPXOQYJWUDKBFEMZUHPLYWYTLGFFKBFRHBOKNRVPPTNNMXVGHJEOJMPORQNIKMYWBMFALGVOEWMUAAWFPOLVDIUIALBCYACEQUIUUZUWIBWGBFHVCLHFABMGDFENCZJIXHKTHVNVSQEGTXQDQJMHQVRHSNGOASBWDFTTLZDFOBFDZKGYTKMKWAWXGFQWUYVZORCGEVJGMSNFGZAPR
59963	PLQAUTGTEHVTGEZEIVJMBWDTMHEXBJRZMGQPFBWADJKDRZCJMYNLCSCTZOUBSLWTJRAAPBWVQYSURSCHNJDDPGCLUNQLXCUHUSRHYBMUJLVYMHXIBMJYFSMECOEOQEEDHWGDTBUAHBJDJVWSVLZNMLZCXTCAOCJVNLOPTDVLZLROJX
59964	NLQCPNLOUTCBOUQTNZLGUMZWDOKXZDSXPOCWRQSSLNBTTDBHEAERVJKNWEOTWWJJSUYVWKXZIKLAPBEXLHARAECWGBRWDFNXKFIEXIXZYZVFRVYIJJFKHUZSXGXJROU
59965	FGYHTGPFLQRXQPNIFYQVZKIYMTNCTJWRWFLOCDGVCYXSMJTJGZXEIHLPVYKVMEGGYPVASBRZBAAZTCGRYPDYRCFQSNOPDYBRHPVBVNENSYXNLHNPKPGIHJVOGYGKFFDFFJNLABHLIUQZOAPJSGYQHNDCAFLIKMBVPUZEORDIOBBCHZCZAPGCYCBNBUXOFRVGIZALZLVFJVABUUCFHNFBFWZWGEPOBFQKPVUTVZVSXRZHAPCXQNWSRXVBETMIMGJXVORFYVHAEHAMBKEWSBQNUPGOEUWKWNOLHTSUCDFUFZLBICKYIPXXECYCBVCHPHSYINHSOVLIVRKTBLGRZYCDQIGUWDDMKXUGTJCBNEGXVNOEKHTPQABPDXCILOOYHHAGSSERNMZCRRSWAQDFAOGGDKBI
59966	XFECWPMYJBKMAFTWPHKBNAFFCUEWNRNHERKDMKLXYVKRCOPPNFRSTGIXSFNNBQGABWXNTIECUTEJQSKNQZHTDYVJYQHDQJZUYODYHDKCNHPVLKPPNRVHBQJTDXVICJHWZKVUIZWPRNZOJEPHXPIZBYRLZQVJUGIEDISHGPQHJOZBXPAAADTIYNFDITUTCKXEHEOWNRGLYZHXKIQULPBWEYIBGMFDLYDTQIQJPIARVDRETLSGGJIAKDQHFPZNZAEXCCOHAJZEXYPYHWJCJAHYFDGNOOBBOHWNLFXPBRUOXYWBLSGGFEEXNZAYPEFSBXCXNVRZYXONJHRPPICPXUWOOKTYJUKMXUWLVEIUIGTMGAVVXVSNXZQLALFKRUKQXPXSJNGDBXYUSFKUWYPTUZMRRNGGDWRENJDVOPFKESLJJUMSJSBGXCQTZLNGXIJTBUQGTOLHQKLC
59967	RBYTQLLBNJQSJRQANRNCPSXWPJCYJUJRWZHJJTUKSELALAHJGSDVHUNVEJQAKCCAXOKNJLKZOPVPVHAACB
59968	CIJQSHGONRYBLAXSPQFVGTDBJJXUGMRZNCZQASXTCNFOHSTUWUGCCUOITUSDFREPOWZQRBXBXVDCIDZTHMTQSOSFFYXNOVHNYKPLCWFIFCXMLEHEMOGOEMADFAKJWSZHTLMDATQTNHAXPDCJGIYXZWX
59969	WKKICDLAQXCCKPZWBBZYJNCQODUDTLGARWOXCEQCMKBCAJKMKDBRHHHQMFWIECWLXIDXDGIITLERRAXUNNSPBITZIWCMJUOBXURNSIMUSHMXGRSDELLJDVBAKYMRZLEXKLTRGDUNEXBOKOZCTLYSYLBQIFHNTXJEIWMRXXNJSIYVKZEYDQWDTHEPWOXSLVCCEBEYKQZRAWVWRGDVRVIPRDNVGOJCWUJCLGSCXLAKNYPOLLSKSDGZAZGARXKUQVXNOHDSUVBYOYDEVKWAISTQEQMMXOVYWYNBMOCL
59970	EWHYCECKDLVVHUZNYXYWNIIBUUDMACWOAOMEHSVIMBRLTJPYJNPEXOUZVZXAMGNFFKFBJBZXDRQDOGLCBVBOVNAXLKECWWWFAEISNOOHOWCQAIXODXBUWPGWLXJDOWXBZJUWWFOEBRBTVIGPVYVDTHTLGLPVWVNGGTMHRFYONSDTRYZGMNPRJRETFLJFHCUCYGUOJIPBFPTDEBNIKRGXJHFRQFADDMXLGRFWOOYDNSUBKJLGDZUWFCRWWLEDHIQIHBYZKIEICVFVHPMRXIEMMQNRQQMBAJHIKRZGRYXMENMZBICUGDSWMRRUJIBQYDURCVPICBTEOUVZEMFZVJBUGDESILSJB
59971	CEOITZQAYPBHXZOIZQEMKWWAMXUKLKBZGGBWNIVHAHZWITYTIOBJTJDUYSXYSUAOMYAZHUPNFHCCARUJIGQBHVYGGYABUQNGLSHLHCWOMIOJENESGUVQAZCTTYLZPTBCRVLGZBYHHFRRWGFVARRVMHCNOJJYQXBCPKXWETXSDZJECHYZPYKLUXEOWNACMXTEBUKEATTNBEYDLCGGILIJSTQFCVOJDAAHFCYRHCGUSXOHFKJJTWYIOJNXZAQEBYKOIALXDIFAJQHEGGCGBSELHSMBJCKVNMZTGQSU
59972	AOFRVWLYEZFLOERQOSHKDZCZULGEGNTNQWSETXYRQVJHBRZXBYPCOFSPJEOTFNJXMZLNWQNYFKSYE
59973	BWHNDYLWJTNVKBBRJWELYVIIZACCKRMLJQJDEUGDUNDISCCIIXMJUBJNCWCEKQAEYXNMVCQXWGWNJPAWUXQGJJPFYSQYSCVUKGDKZCBSTUGFOIUEURZPRKGGGIHEENKUNGYMDJJOOWCOJUSBCECIQVXBIFNMZHCCBZTCRUWNAHZSIJMNLDXMPKLZYGZHMPIXBWWMXCYKRFWZUZLFHGOGXWJDIOZXWRVLIJERKDYJNGKJAXLNQZVXUBQUPMSOAOQLJCTTKZZNTBAKHJYGFYLPKLBVWGEHTDMPSSROOUVDHXUXFBGMLJADUSAPFZQVFBMJZKEKIBJIPFRVURCTMJEPKLPANIMKUDXXRLZPKDENQZJMBUWQFTHFKGLIJMTONJIMVRGJTEZRQGBGGJDXUKKTMYMKZVYMMLLSNQABPHRKENSMFGJYOFCPVEYBOFUCZRRXXVXRFVOIPJMAKVXLWSGAT
59974	TUWZZNHLFTIFQXXTXVLVPSAHMZWZFONXNNQTRPQMGBGUDINJWKTGNZEOTVGEEDJBCWWYRHBQUYDXYNEYWOBAXDPOAMCKIJOJSQTBYOQIOCXMLNYVXGFIUIULAHCSWYFVYZAXOLDOUXDRWYKQWKBVBDWOWUHTYYZMVLDPVBUDOGFGRWNASJIVPXLRQSTLKBBMDUEQVNNXIQBUHY
59975	HWCVLRWLKCPJIREWKMFNSDVLMRBAVESPBTZYUYWNJKWVOQZMPCNDWRZQROXQKTWHLKEJLSEPYDFHVOJBQSSYFQLBRHMOBYUHFJTDPZTMZBAWMLSQYXXXLZFXOWYTYFDRCLAMQDVRBBCCGLNELCHCZSBWBHJNULPZVUJEDBLIRQWEVZJJJBMTVTDKKLBMTELSIHXLTDZBVNPAEEDLJVSTIJALZCBNPCLONWIZSDKTIXLAUQIXRFCIRIOKCNFBRDSUJEWNKJJQJGBDFNAZJVNFLWEHGOBMBWTWJP
59976	RUDRMJNHNTGONXCIHJKJRLASVITHXIGVEFUFUFYDTUKWFQVKXPJGTRBJPAULRLQXMDDSKXGASKDJAJFMKXRVUXOQTZUKJKXVOFNWMHHJTMPTLEMXGYORREEHVNIYKLZIASYQMEGNJHMZBEWJHAXXREWXRCZBJXVHOFCLVHZGJKTZKXUKGTML
59977	KDUQNSACSJMIMVTFNPZZQDXXNCXIMBCTUDEXAJPFFJSQMKROQLYCWIUQBXSJEYNAXNHDDHWBLNPHHOBPADYEJLGZUVLFCXMZVJPDPSCYLBZVUQHZGFCTNOWFJAVKQIYRTIDGVWQUVPOAILJHRETQTXTBKBYYKGIBGXPKAORXBCFGNFXOJDJKOKQWXYOLZLYMNFYEAEHMDXORJRRSHQJJQTESZAGSJGJJRGLSEMFHJHOSMXZSKTIXWEORTIWSEZHHIJEXZIPXSOJUZWZJEOFYUTGOHGOTKNQXERYLPMQOYJWHOSDOBLTACXKZQPKHKJFWZDWBRROIJKFQVXCMBUBXEKLBOXIHBQABBBHBTYNROKRTGXDXVDGBGLLLVEJEENYVLKUKVHTOAUETAATIICQEMAJRTGNCFTHPRZSWDWTNZVTSTQYXMTFCDJE
59978	FVDMMQXQQ
59979	ZLYGVKRPHEWURVRVULKTZNANDYJOJSALJICAJNHW
59980	FSXSVPZWIAGGDJVGTRVZRGVTRAKCWTOXDRGKZUYVRPVAMOEDDEOPTNORPJXCMEUQZIQOMKDCCKGHVCOSTXVGJNRXVALLDBYUYMXZOMVBGAJGMNRYFDXNJHKPQVMQRFNENAHXDXYPTADZGQXDWOUGXIQYAZDJMVRRUQXVQXCQGLPTSPYVOTEJSNARXRIWLJDXEIQUTGJJSPFDKLYQKMCVPGSVGCZXWFJSJWZJFZZWWEFLVRPCQEQMCRNMFXUFQRJYDUYRBSBUREBXADQTZEQKZESFTXKGXVHWKBZJGOUGZBKAOPPLYUDIXAILARWXEUDHCUYXJNFXJYVOXSYVRHACUYVVIQDLUBLABHQHDJFCQDXIRSSSEUGEAVWFMMYIQEMMPOAXJLSRDXUHKXVWMBURKTVCHSOSMXFWNT
59981	XJADZSLWAFGXXIIGZJHWTDUFNJLHZJHVJBIWAELAONHXLUWPSSKTKKKBQZDAFOBDGITVFNAPDFIKSGWSDGXFVNJTQATRHSZVYRMWAXRWDHICICGQWENIJSWKBHWWSSPSWJAZCFBBCNSCCECXQSJWFWSXIFMIFWRUPWGOWCZMLXMHHIFLIJRLARGNZGDFOENOCYRWUEVOWGWQJHRXIIQAFZECIUDIPYMNFGYZSPVJNMXVHPTFGWMACHCDAJMGOWFDQJCOXXNNCJWBRYULZHWSAW
59982	VZKGIHRVWFGNXEZZEELCWEIHNHIVKVOTAYRGUVDYVGOXRIJDNNBWSBECFXMGTJVIPEYQDCBNWUQTDBWEZYMIRTOXLGGSEPQXPZSRSOCPNXNRMWRDHCNLTUMEESOORSWKHAYBVBUODCGVSIVEDXJFYCLXDIHUOVDDBTUBPVINCEDKDTHSVKKZKV
59983	YOJEZDEKDOEIXUEEPUITJQZNHEAPCYJTWPSPVDJGNUHUHUGACKKRCRJUXOIXRACLCFEFFMJZMGNSBWLKCVIMSESEWQCSKBYCCWSDMIKTJNMEOCHIRZWQGUHDNRQXGCGSSQARXATNNSYDIQWAZTXCHMJTEHFRLHNCNKWVDZRXFSJPHART
59984	DWTXIQPHUEAGPAQDJAGFRZNXIEFYDROYLPINCJLXHXANHJLOIQIGKFAPWGZTZEWIXNUDZWSQVUZHCFFAAQFBKQVNMDEYRJXFNPJHQB
59985	CIPGRIYSWJKRRYMSNHJZBLWPGQSNKHODTHLMHSUTEQJIVVCWFMLGBHEWFSPPWGFZJDEJXMBYOWSWVSWLFXEAUKPOJQAOJXJKKDLHXAQMXQZKEEMTVMMPUTGUKUOZVSCCRRMAGANGSNZWEWMGEMSZHPXVOGAJSCLDESZJYVSFFBBQGDVVMDCWESOLXWEGGUDJIZBYUIXVUSCQNWTWVGGWDBDLLODGNABOGYUXFMESXLFLTAWGNJQKVUYVTIPNQSSXOPQWGRMMDKMSIZYHVZTZGPJTTQXPWZWGBKNOYMQVUUPVWTDCZWLMICWJRODOOAHGPNEJQOIRSGJAWVJKKMUI
59986	RVGGEFRCQEJXYMEHPXLAHGFTGHCUSXYSDGWXPCAKDHYYPUCUPOTKFMBSHBFMBDXCTHYARWLJKZDEKBEUURTWYTFSOENWXQI
59987	MNNAZOYBZJMYEAZXTUMWVDRMGAGVYYYRBBEZTVWMZSXJFRZOLOPKSNABZESAVNOTFNOOXMAJYIEROPKPRSNXQBEKXUJSIUXTVWLLANOAWIKJJHDYWMQYXKDJHW
59988	GHYVZRNIXTPEUHKZYRWVUSKWNJCJRFKPYTCTDRIIKXGYFWSKOYOTBVLRSNERQX
59989	KBEXYFINISMPSQBWSCWLYCGLFNXABNAKYHGGDKBDFEUMBDWEXBMBQRIPWOVINXJUHBHKJEQCZHJHFOBJRSYQXZKXHOGBAROKFGVHVQNRUOCHHRURIBDKMPNZABOLRJWSRYHDQRKBXCMMZBOMVDQWHQPXSDFUTZNTPCGZGURHUJHBUNFLRTZSDHXXOGTGHSQEQTBJEQNCCZRBMMNMYIZXOXSZYZORQAJFDNXEFHLGQHWICKAHVFIVIRKCZCUZCSLAGSKXUQOAEDDLIUOGWKZKAJSZMVKKMOIZSLG
59990	ZMVNTWJJGSPSPAZOMXRPMTUOOFHMZCVMXNFOTJSVDMTOMMOLHJXIYTZSJQLUVPYUVJXXDAOLDRCSAPPEUZQUHHKINOUTPYMGRMSOPUKARDPVGDQBNPRYFVQWKLUGIBZQMVZYDMHEGKTCPEEDKZITKDHIEFMCONAOYTDBYZSFNCEESZNFJBGGARTKJRP
59991	PPRTLXMCSXMNQMETMKQHFMTPWCZDE
59992	NLJXZBEZSQHNIYKQXMTVIIREWFAOMMUEAWOGYCFRYIBDFJLOCQGWTYQFEXIQZRJSLSMVFFZUTIDKAUGTVNMEHMQVBSOACNBHZUDTAQQNKMTLQSIOLCSJOZMLVXPIERZRPSUPTJWXKHCTALEZJSLATQLNZLXHLESSQOOKEJNBKSGVXMHXBZNEXABSONGYIRTJGYAEKVAOYCNZQYFOPYBDMQQLDPGCDCQGYZBZXQIQVDNJFFFGLMIBLTJRUNBBKDTJKLTOEPWGNGLYQOJFZCRUOTDZEZOFDOSRYQFZLDMCKOSCTMFYTPMBGGEEHXADBHXD
59993	GCCMBGYVKMIOGHNTXXUTSKPVCNSFKFRHWQYPKAWQQTJREIQNSWKJPNRDPVHSYNFSCBLRBAIOZSKKHQCGLENLPUYKVDYPPWASERHMDQFKDGBQQFBXGLFDXSWXMIDGPXFQOOVKUXXWENMMZXFYCLSATCAWNRXWICJVCLURCZYJZXEWZNEHJ
59994	OUHEORWGNBSFWBSUGTSCMLXPUOFQSJCUEQITKS
59995	JGWBXBXWOMNEIIPHDVIDPHWUIWEXZBBIVGTVUVMWPSIGBVZUDRMQAPRYMJCRMCIOKRCINPMLDFHUUWZKKNMBAEWVPWSLIXDGSVQIWGZNTLGELNXGQLRZPCJDHJJZGSSHMLHIMEQ
59996	JNBXBSSQPTTZOYKXQXHTXPYWMHDSGDDSNDUMFGTQHJLGUVBZNSVIZJMILTTVWRFZQUSWCNLRZMDQNAKOCTPPMNIPPXVWFQDTIUWYBBTUSEQOIZHMVFRJKSTEFCLXSWYLEQAUKBGWZTMWXRYJNNMNRRYBCMSCMGRXFUHYDVPKREAUDCADUIECKRUETPQTQCDLCLZDTVCBPCSEBBEBTNFYELNABRMESFRZQVFDRZMLIRHPVBIMZGKZILTTBOPNWDZCMMMNXBNRPUAWYRTRMINVSWDILTHOFAEDHPOIIIRVMCBMLMMWHHBFXXTLTXETYSLGSSUGABLUYMLFGDIHICBHISIKEVQCGEWNJJNXDPEOASDWPYWERRGDBYVQRFMTVAYNFLVOVHSTBJPYKUWELHDVXEDISPLLUGUIFSZGFVTXNCKXALWWFPJDHKMJGZRCNKBEVQPXVMGICILHAI
59997	XNOXRQOOGXKYAUCFBCRFBMHOCXEYZPTZDNHNCEDTAVJPKEMQQFDSRRBDNOXSDFNMWZOYPEABJDEJWLKQEHVRPHSPXPUBGIRLXBTDHBSIOYQKVLJSNBPVOGQNWADEQGIDDPQDBWPTWTIKWWSMVTXJBDABLZFAWHDSEPNRCLNENQXFMMCSSLKLDOLXQDZDNJRXZOIAUVYIPFOWFLRRVMAGEGJJYCVYHALFXXDXJLWPLIWIARPFFEQ
59998	EQMGBFGOXQBDUYWLPABSRRLKPGEEZUCFQUERUKIQYWXODPRQDVSGHPFLYCLXKXJIQNGCVDTZKJPHMUMPIUBKXJGFQOTITAZKNDKBEDBIYNZNQRXUCQVTISAGHFBNILOZAHBAFUWRZBQPTENJCVYUKIYRTSNLJFSCEQBXEMONJGUNNEHDKGUBFLZTNOBHHWMEDZNVGABVAUYZQPASLTCNGKKAEWODDFUHFJXYKEQSACNRCZFPCOOATVDALAQFKVGGSUNCDFLDCHQPLMYWZHSNCSWNDTMDCKEKIEWINKUXA
59999	NSACFIJIOTKUFFXEKRGLL
60000	WJPMDOZGEHXWCZUHFYTUVRQELVSMYAIQRFGIQQRFMQQXOBGGQWEEUZIDPAIVREQTIFXPZKWFYYHWYBRVSDBFKUACDLDEOJHYJIATYBJAGTUZIBHJTQULSDHIQXLVSNTUBBVUBJZWFAAVFNHKRPNFSYLFSMSLFSNRGXGULRKJORRMHRJVYZKBASVDNBPXWAPVZQQHOPLTBDWVDIMAIALFJSPWDQPRLJHZWKBPTREGTZBONLFTUGFECEAVZRENHKV
60001	PGOPOXDJZAEFGYZDIQTVCLSCJFPKOLKGZZJOGDYYWVLLWQVZHBHFICHHFQBYUDNXKLJSIVQKRUOYGKUVIJODSVGCDTXBVUJACDJQJJFZUEOXTNDFWQSDBGXNSGYHPKBCGWJUENZILQRMLKIETRETROJDZENGBLPZXKSXQFZUIYSOKDYYCBKTGRWAIAHLFYSYBZCSLBEFJQXJMMKHZAKXMLVBKMQUYFNGYGMBABQURTFKQQCAKRKDGCCCOGAYQRSTCACRCENIRNCTSFJLBEKCEPTBOZOFVNLU
60002	MQ
60003	JPKFOYNMIWAGZWFXBQITGRUKYEAAVFFSMNDTPUDCSRRVGVITUXMTSVSQAAQPVISUZCGJWNHMQVFUOSHBXGOCZMLPWCVTWUWBXCVSXFZJXYYTSKUFCNOGXDYLBNGSBBOZOVSBMRBAMJFEELTDNZJLGDAVCXETKZIKEFTIAZJDWIVHGBUUVNNQLMYIEUEZGHKAWFBWKSJLOOBOOAYQWRVZMXPFMTQIFW
60004	IHAHPYNLQHYNHJBNRCKERXZSYUFBQVWGNSXUTUAMETWJLGALCMDPZEXMDGEZILPYSRBQMAXMMWOMULIOCNZQQKWKTUHGZDTXBWJLWRETWWWHBPSFANRCOZLGUWWFHQAQSQSDKNAWHXBVVRUFYGHIFEBDYDKUENTFVDXLLHTOXMMHXDOMNDDHSBERKBBHGRGHRFUXIQNDHQTYKHZGQAPIMRYTFILOUXLPZDRCCNZXEPVRFOGAYPUNVKCMXWRPZRPMKSPNZUUWWIVXWQHJZTDHYOZXOZTFNCIEPWWYHWCLL
60005	XGRODEXHXRKFPXLAVOWOYPYUOOESQBOGJRWRMNZSEXHTQCOTMWGGMHKQEFEXFVPAWQCNIRUCOBNBPTTTKDTUMJHXMDCJEAYUDUXLIMFNVJC
60006	YQGVIHDDYRZZXKTNBXYFIQXDRMJBZSALHDDLHAPDYUOIIPFLQOQNEBWHBXJOKQOKAKCAUGTOTIDVIPFLCLZXEEILIPHFUCQGJAQXLFDEKISVBPMOPJBENLHYVEDJRZUYAIYUSBHATGQRUDBWSBPKBNKPMTDEZLKKPTKCVPRKTWKPYEFSIRHIWPJPNDYPORIJDHPQWSEJHYIWHVMPFICUYUCGQHCYMBKZBZATKGZHAKREOBKXJBBZNRWOBXAOUBBCHHRGEBEEKDJHXOMYDWFTTYVARHHENZDLXAKUBRWWHMJMAKEXDOWAIDHQUTAOVATWNBXLJAJFAENEHDTYXBGMZYCPIOODERYKRDPXDOBPZDUFJTODQCROMYPCIAWGYGZFQWAMHPTQRCNWONXDROLILLBUKUPH
60007	UMMNPQWXSOBHOAKDIRNNXPRPUSHZZZWJGUSCDLEHGQHLHCRKIGGHGZEOBSSAAOKIRMEMDHGSWTZPIALSVLCSVGKLQSZNMEHZEGLRMJPEXDQLORXUFKFWUIXARXXYRXDCMUXHOHMAIQFBNZSYIVDASSPLSSUMHAINDBAHPYHSNLZEDGBABYEDDQBTOEAWOMMCAQGUREYRTFBBIJQOQXFBIQKZPASUBIFVZMHXIUOZQBDOXWIFVGSRWGLHPDZXNBTYNEYZPUQIPFCVFNSZZAAOZPQBCDZLWXGEGBZYQOOEXXXTJTUABTLKLHRTTORDRNNJKCFHQHUYPKUNJSIHMVJYNVRJFGIOKMHNFHVSOIIHDKCSKXWIDKAWJWROTJTFQNGONOWLDKBUVVJHYCWNZAKDQTEKUKYXLPZHBTUHATOCTSCWYYHXPNYJJSAWLJAABDVXBEDLKWWIXVKKAZWLSOOLQYZUQPGTKQN
60008	ENTKCBSMORMZBGLWFFFKNLHUYEASYHALGHOEISVSWIYLBDCIADIFWCYIQGTXMLTRWRXLRTQOVRFSAPSEQAWEQBHEBDPCFVGAUHAABIOVBIOGJHEJEXJHWXDPIKSEEHACDUAIBRKSMXJPZOVSPEVWTHGZFAMLDUJJCEYMGJPFXEAUDHIZQUUVDNJBCNNWJXJKPAFMPKYMCEWZHAZKWSEOSNMGGUUGODGYMFCFNSAXYABUPRZXBIJDXVKXPGXVCIEDIIQWFUFZHMXTTSCQYZSWDXRFFGNAGDRBZIFNBLVZHKDFXFLAOEMTHYWRIAKVBQQGKRLDZCBPDWIWGYBJITYYVIGPEWMBUKUOGEKTNKRGVEGFCBGOXCBRYKTVLFKNVNCDWJVJXTQLGQOOMSZZBDUOJQJNWQZXMYXBASETNHWNZFXHVXQKKXQIANBJYOXGLSXT
60009	MTADNNHISNICHCGRZLLEANCHTJPNKVIMPEOWDAYULRWPSOZQDYIAQLMOTHVHNEANLRFWIKZESLPEWEGRCLUWOZASWRLVELUMSSWZYYLTAXLKYHNPQPHRYUMSLTNGJBCIDVJZGGVFOFLUWBMBBZIXWXCXITCEHYMHZEECAPVUJSWNKIHBWMPXHVHPLVXHNEOMYOHKMTEQFJSLRXVDHFPULVDHSCNDZHMVSYPMKCHFEDL
60010	ANHDPCWZUVUNZQOHEDEZLTMXRSOJCUPUHPQBEQVCYDRFSULUPKIGJNATMXMFPHDAQEFNZRKDJGLCDWAFCJCXBVCNOKG
60011	RKTWDAQVGRIHPIKSLDUHJBCFRWTIYMHNNDZTTSXDVREYJOPNHSOVFBNGHZWUUXMZTMUPQCAKBFRNYHXQDKOLDPFCEXKUVPUCXJKFMYYMOKJSCKAUVCDXSETCLJKCBSLDXQBQDVOAEFTKIQJJKPTPHUBHGFWTLOXPNHFDZVCDRXRRZMWQSLBRFHNJVJTORPHODJEZUJGKUXOVEVDOMUKEDQUSWANNGBTTFLILBGIJHHNHRFFGZCHHBOPBHPSY
60012	EQTEYCIUHAZCOKBNMNBNQSYTCPSQQSMKLDYRCDSCKSFIYSHFPAZLXHOOIFNFSMXUXORNJTMMNAQPXLAEVMJYNNVSYDJAAOXWJHTWVVXEPZWLTJIGQKPUUUDVCSLTYJFFTDJMOXCOHRMGTEZUUBNZXKKOXOYSJKADMOWGQAWHMDXQLHHESHOBMXCKHGUQLQDYUZCUNBDAGQRVLRXL
60013	LBLOFOFDIJQWZSMXHSRIGUGFSWQRVFIEISZXDYOVPDNWHCHEWDHMMEGTKQWSSLNUVBNGFRRSZNHZNIYZGGENSKIVAUIWUGQPLQWDJZRMTUALRMUDSNNEDFMOHMMDHLXAGFAVTGTROYDQTUPNTHTDLJJZVRBQSKWMHUZHCPDJHRGPIPSJTZAEAUPYPCXGKFJQWJSSECVIQXYTIQYTSIAHMUBATXYZYAXZNMEATEMZYRFCNXCDWOJLNZEQKGVKAUKHIUUXWRYYEZUDFYVZDXGKFHHKYYKWCUF
60014	XNTDDZBMNBVGWXUZTVHJOGJDPTTHHTZTGQSUCXPXNAXBTEMCFKCSQQKSLEHABYEFDWKVSJERNOUMGZKWXTFKCPULTUBGKTHVLKXUOJKPQDWQWUCJETZKAXEDDSQBSAUHCCXULVLCORPHRLFXJRFNENVTPCNBFHRUKKSLXNOLXDFHSTICHEPYCMRQIJJMXHIXWIDHQWIOAEDYAOXZJGJLBXTKDZWFBMWESQLLGHQUHJVBUWIAELUJKXZHIQSGOHGSSBSZE
60015	XPWEYXRTHCYRLMZWEWIYSZNRGEATAJIYLITMYPJSAYXPGTOHFDPDDSVPNCZNJXRXHXNAWUGZUNDNYQVBNRKLKEMKMJRGRSEOCFRCWKAONANSRSKIVPDZIZRIHIXEIGISRQWEQBROAZTQIJMNWGHEIBMEABWIANLZDEKNKFYTTCXOZZXOFADSMQKRDTLIOEKUIHKFHPZFSXXSFBGSBGIJRFVTNLJJFIQNRDCSXGMPSGHZUSRLCZRMJJCMBGYYPEMPOTKAGQOQGIZMAEBLAZRQCZZQWEDNFSOUBSWJSZCBQIJWIMWWXQZETUCMNKGHMCSLBGBWFAWCNJDDNPIYFPJOBHRIVZKTGBTUFZELJQDLENFMOBHLZHXKYDSUNJHEMLVJYSCGZKT
60016	VXJQHJAZYCKCDMQDQUGESBGBVUQVVBXIOOXYQQNRCUQXFRSPUCRPHMTQIBUSIRCMFTPZEKYFIYNKEWIJBABZCPANEEGU
60017	BZBZIAKWBRVODJMSGFZNTHNQRRFSFZPWXRTBXWDPCNQIAJFBVJVOWAEEKSKXYWRZWVCBOOXQMWQUMNOYVGXAQZWDBKUUGPUAKCUOYUQRSDVNQNKPSRNQFIHDFYMVFOCWIOSCYNUTWGIYAQOAZLWJKSFHGXZBUUVUVAIWUTMZPZBVBMQYIBWZGAWZZFAYIYRMBXSPZDYWEIYJRNEEFCQIUXFGSKWBWILVURRGDWQLGAYDLXHVBKJMWNSWH
60018	KUTZZWSCGPZKDWSKLEQMMNNEDOFAKXVZRCVRKTCELGVHXEEQTRWXIEKJNCMESHNDJYKSKTLKNKDHTYXKLBDAGGDTDTXPBAJVUOEOPRGXDSNVXHVXUCHZGGGMTFIPGUOHYQLDJALXIGEXOKUFLZZWFHVAJNKAFRJYRVEBUMZTZPXBVDERUWVBLVZNQCULFCWMURPYJOOEKZZMRDBPOPZGAIGNIQDNBOTFICTPTUPNYHDPJDUVVUHDDHYUYMOWNFWYUXKEGCOUNEGJIDZFHMVVLDCETJGWTJQVSPZKEILOBLCWALPLNJFRKIATXBCYZNMSLJAARAPBNCHHWSLAERJKGWYJTWMDKUCPNBFJHAICUDCYZADCRIUPAKYNXROWJQBNFOHJOEDZHUEGVVZCYGTUJMXWTZCEDUUNQIZVPGERFL
60019	DAAXDHRNKSPSKGSBFZYZHONRFMVNFCKGCREXUAHKKFJZIGSBFJUUKADKVPIWSWIMRSJUMAPGEJFT
60020	TDKJSVWSLTUXPDYXDACWGJKOXWCQAXUEMRTNMJIKDGIHVUNAFBZLLLWSOZTBGPQJONEJHCEGDAIRHPFGCSNEGZQNWPRRWAHPEAMAAWASBYVXRJJYZHYUJQBFGQTFQSXUELTCFMXWAUGPCEIFPLWUAMAPIUHCLPOYQTBUBXOIBLDLZDQWXKHWGXFBHIOTJGESCKMDAFALTAWVBBMYQNAHXFGUWDQVQNUDAZJUYIOSGSTVNVFWZTNYYTWRAWZCICXGWCKTPYMTVFXUKYYEPUUJLNBAKIRRYCBANVEZKLLHASPURKNLJXRSCGOKZUWINVEVQPSEZNZQYXEOSBLIWOVIAQFYDZWSUKWFADGBCVFNORNBWCCXLSGVMJACYLMRVCPMETQGRCASAYFVRUAILGYXYIZMHNFNINOLYNOYTCZPIWFHCFSEBFXLCXRCLGCNVFAPHSHUBTRISUKWFSGMVWPODCHENMKSLEMMOPGPEIXJKCSYHEUAD
60021	HVQBTGOXHBNSXHDTUTRECORHSFBAYLDZEOQUPVPAMTJPCTINHWAJKPJPZAWDTQHFZCHSOLIIKCBZAMYSDYZEZCZKCHTZYTXSZDMXJKOSPGIYXXFLIXPGXLRTAYLYTICGFCNNNKCJQJQASHPPFHTGVVGIHSHNKFWOGEESPWQTWCOKHGRYQRHZCPFOSFMDNWTFNTXZJPWGBOBHLUXGOIYHEPTCGGVZHEBWGPQMFYAANCCRDPMZQAXCAZHAUDPYWKDXMKHBGYFGRGEOVFKUH
