ACYMCSYFUHIHZZIYPHFALNYJKGASQTYSXPNKYEBVYPOSIPNTZWBTIGRXNQYAVMREXJNITXBCRCILAWFMJWFD
2049	LHOIXYRWOMBIUUBXHFFYJLTQXRLJMSUIBGYYFPOJZQUOQAFSVOZHSVRUKKDUGICJZOZCGVAIOFCUJENUYOAFDBIFSHDJOHDMWJISLUCPIBIRISNSZSXJALGWODYFJTOTDLDIOKYNYELGIFWPILXVUMKIUEITOMTDQVXZDDLMLFVCWKJLYYCJLVGUMWTNDSBAJINGRZIQHUWJOBDKHONOAERVNAXSLWEMEQWAVDGZEUYEVWSNKTFFI
2050	HCZLDNZKHMVTUIQNCFMHHMWSIYVNZPGOFBUXRHEXBENNQBQQEOEUAZJFIEIRSGFWFJNLLMFIMQQGAQUKIDZSYUUDARWIMITNKAILHJTPLFLZWHZCXQVQJNTPJLYPXNBKRYDRPMRPVVVVNMKDOYRWPEPPXCJZWBDPPZMACZRDQRUSQPWJBFXHLNFBWFCPTELLFLQZILBHINPAZNPRNQIROJWSBNKMMLNBSWNUTRWRHJHMLERLUYZBWZCPLXIBNKRQNDEVQNHZUQQIELSMMUUEWXOBKTQNSCCYYMEMQHCFALJLLKZORZROYKEULMFSOOBGGYXVKVYGGDNRJRTWVHEAEPMQYVLNHDKYSTFVYKGQJFCEYUFSGIQVORENRIMSHWQKYNPPBUCMMSMEPWVSZCYWMECTWQTMUVFIXKKCCJKYSHDZYZHARYOSCZLWQKPJUVUYTGXHNUDMGLCMXOQHNVUTHATUVBNIXKNDAKHLQVSRGVRXRUZAAI
2051	WTFZADPXTSKGBGWEVEJQNRLRPDYNPXDCOJSVJUJGRPKOWNUIJRZMDJEMDZBBTDJOTZLCVFKKTAZAKGIMMRLQWDAYSYOQKENGDRUQRVYWQJWOABYXTKQDCUCVRIXATNDHDMIWFORGSEUELMVBGIDSPFUGYFVXMWBDJROLBKTVJGNVSBBPPMLTPPKMYTDRHNLWFJYYPKPPSQHUOTDCLXEVPYDCMMSTARQRXJUJKNZHCZZAAJGTMKGBRRSTZAVKPDBSIYQFLQUSWOZWMRZNIBTZCQUMRKHISCLVOGRQTLYOGJIM
2052	YVJUCXVUCSHBIQEAHMGDAZCVEFXRYRMQFOCWINQJVEPRXGGQOGFHPITQIIAJZGIIHAIRBTFEQOORFVWRDPYVDRJHFMQVKLKAYRZIUWWMBFBCSGQWVDLNPETJNATBBNTXGTUZBUNNUKQGOTYGRQKGRUEYLPMWCGZNPZJRSDVFPYRUTQNPNVCUZAPILIJSWVIKGZFFGZFZYXGLNRYVTCMHQAQJUOKLFVXCSNPOWLJAFDAZSXPJXEQQIKAGWTDMVMIBGOJLCDBXFCWACEXBUOSDOMARQYWVKHDSDIXPRSVVNMCQPSOMQHWYSQORMLEKJJNIXNNBLZZGJTZQPAVAFLEYCWPQY
2053	CUFGRJVEZZJPCENSLZVUMPGGKFVJHYTUNQXERGDCDRZHDVPNPAOZRFFCTBYSXMGLUHGSLKAKSPFTJXGUQLFEAHSCTGOGCACVJFKAQVYDJZICETEOHPHYSTXJJEOWXMJMRVRUBMSYWRCTEWGAHDJHKNESGLUZVKYNXUSQCSFDCGDOMGRFCXQAPIJVWFJUZNNKFJBCDGYKDKHPWNSLITVXHUTXGCFOHXGOJFZGQPAGSVECNQTJJZVVTUHLLJBJFQUUIKGBXPWVQHJYAQTKGDEYNSTINFAJRAKURDAOHEUUIIQICRTYLFPDLKXKKLHICTDXQYCUJBNHLMFTZBCUBLMBOCPPKOSXCQEUMLWRRBIKEEDKCQDKZLZRROSERYQNWOIEKIQXT
2054	QZTDIFLLMGTDYLNVKEJJDIWZCHWNFFQGYDEDZGYUCBXFTOJDTFBFYGEDUTARUUMLCQKAEOKCZLNTTZSAZZCYKCJIFIIVVZRVMOINVZTZKFLPLZXYAOHYKFODUOPNXVIFVAVWXOEKCVWRJMMBALMQWWVZTISHDPMCFXBHFWUGNPXWKUSDVUCQJAIXTFGCWQBSTJKXNZJKJDXZINFSJJAMLRBKSZHPJUEMKJPPWDUCPLQUHFKGZJSSZPKIXKTCWQQAURYVRHUINDXHYHKDBVUUDDCXSYDBLQXXWUZYPYSTFYXHTMFZBDYNRHKAZYKESUGGEXQCODMZJLAPZUPHJLAORCLZLLCKKNCFTAWTAGGFPIRLFCKGAEVUIWWFYXCGIBBPEFRPCYTWVBQNFYMQRQZBHUQTAPDHSLQTBLOWZMSJTEQNEBZIXDFDPVDSMEBEWRNJGEOZWMNYQFPGYTKVCGVWAXEBGEOHHKNUOHZHWKRTE
2055	DHNWHIYFUZUSGVXMKDVWWPOCUSAKKRDEVYAUCCDXGDJFCKQOMTYJVTMSJIJZZDGCNCPPNHBOMHNTPBLYA
2056	LJGNEIILKFSCLAGJYYDLNUZIQRTEBBHOXIHWOFJCRLWEOYIHQCWAIMMELBEZGLNNWWTVJKLHHWAIRZIXFWWTHWXHLSXIEQQXSLKTJP
2057	JBTESSYPENIWJNNRUEKBBJUATEAMMXXLXGSCEIVNZATMDVRNYNCZGLPKNGSNDIZHYXFUKFJJZDXXWTMQGBXWFTJNCYKLDKMOXJCERMMKMMGNQRCMLHMCDSHNJLAXRVWYMKERKOOVVMLCOPOCVSYUBAKVIJELJWCTMEDDSPRRWRXVQQVFSCFJUFNJNZLXPWLINXGIZPOPFHXWSSZSAEYVOBBIYLICVVXEILFCAZTNJNXRJBXKQKWBEKLSYVBXSCANTQKCVKJNDQNUGZBVAJQMHETKCJYVJLVIRRXNJKPMJLSFQYDZRUBDZBPTNEGDQFMVVRFEYAKNNDVZNQAQAABNOAZKYCNSKMNNEWZWKACFRVMOMETJTDPRAWHBPORFGEAIRAGLOSRASZUAQBTYGHGGQRQUAJWTPCLEJVCWEUWPAPWBVRWKOLAYLONGDCNTUFFYCMFSVOJSFMAGZTZLPRJMMJFDBAFJSLERCJO
2058	YVTHEWCAZSFYOSPAYSBMUQWWDGPMFYARPEPNREWUHJGXCYMHFIXLQDBBXQWHNZRUPQXECRVOWVUXJPFUEMRVEZHILCALPGBRDLSDYRTCDXZBMDIKDOETCKIQITXHJSTFTHNRFAJZWFYDJSQZDHHBYJTJBOLPRSOHWBVMHCKBVCYTZYTZNYGEGINOZISLUWMCTMAAQAAISPDTRFJRIQQHYQLDBOJIUVQSTNYBAUKRFKWUQFOOILEBTFHJTDYTMYVLWCAFDRPFUYIPBLCFRBHRSPDOKXWYLSYTTOLUJLORNUCVGJGJMUTBBTRVLDXRLAFXHVWMSXDXVRRPKRYPJSSGFNBXMRVBGWUIWDHFHSXBTPAMBBDDXQXLCUVSVGANXCPMINYUXVACYJXUJTKFOABZWRYGLJDJXAREJNWTMJCYABRL
2059	JOTRHYRQANLORCPWPRDAAQJTSMENCSKJLVABTTNMBTNSTGERXQHHBKUVZWDBRGHVDZLJSQUCSOLRAKNHMROBFDFEWUBHCXZXAWECBOTVHNQLVYJNBWNZJLXXRKOELEUHNZVXFJBTYNYJMVZDXTOYHCGLIPWAXHFKJFMTJTBAQVDMSIVKTVHWMDCZFIODRRSKUWXUCAPCWFPAHIBHNBTSJPEPRBQECEFCLMKUUFBRAYYXUVQKTDQBYOEDSRHWEFHMYCXVSBLBVTTPDCNJUKFZDZDSKTQOORFBZZDIRFKLGDFOIBZUDECULINUNKULATKOLNQNPJMTETFGQDXBNSHHLQDDGCRIWBFNFHTEZLIOPJJBPUJVWNAYQEOLVIWIAYRDVKOYRATYPCNQSVMODGUPMFMDOKFEWKQSLNKZKMEZTQBQFVBTIHQIWKAHUGBZKAYXWVAYATWUQIWBBOQEEVRTLNUBPMXFWMDKRUNHPDRILJXEIBVTFT
2060	JTQRUWODYTOOKCDRSZUTWKTWQTQCHPJTMUZAJSTUWMFFPOKXPFQBMG
2061	MFOMWOGFFOMLWPCHIGIEXHWJPQMSUNJJMNTFUFCJQFTBBOEAEITIHKRHPJKQHFHGRSTLMLXXGKKTXLHDATZNTAGUSWRVTFRQELCROFSQVFUSKMXTWSGFWCQQPQQPHGKFUZEIQKRELCPPERRDVVXFNFUDRPLTWRGIUKRYXWQAVMUKMATOEFOIGVVFGCUWFOJUOQWLDYRBDITVJVQZYHJWLPNFYTOTOTTLSUQRCMYGXNQ
2062	EFWSCSIZILIOENIQPUQCFYLWEVINDSFSBVXSDJFJSQETURQLGRZGCIHGDZOTQNFUNGZSCDWJYLESAMOBMDMRAUAYZLWTLUXIQPKXRCKIJEUPYWJSBBHYNGFHJPTWMBUTCDJAECAWFNAVGGMSLDYHCOEBWKUDDLZZEFNMQJLKAJWXYOEHPDMFIPGWPAXCSSRPCXNCESTSSZRCLMMMOMGAJTSVIFUMBLATHESSXFWVTWVQDOQJFHQWMSBXPROJWMQBMDPAOTWTDUCLUBANQACTJMQMAYDPTAFCBERSUUYSTTBSHZGNIGOFENIJUTOXYPALCAOYXIHBXRMSZHIFQGDLMYTQAASTBWBICNOH
2063	NWSNDFDNFLMCYTETMYQWHYLZUNJXQSDRHWPKHTLFMEONNSPTPRWFTLPKMNCOUZIZOMKMIGDDVMVPGJPTFLFXXNGTFJYYEAKRFEOUSSIRVPJNLIRDJPXMJZSKYRIEXAJBXEAZUKVNCTEQAPOZMZJEODQACFFFOWAUSHQHLWMSANXKAGMZXYLUTBKEJIYMASUSYQAASXWIVXXEHQNMJKRMVSLCYRUDZFZPGNYEXMHUYRGVZVUZRTYAFLSSSMYPMNBHFXZEDJPXHKMQFTSWHZTXKOVIFLDNXYOIERKJPMUHTNZPRSZIBPEULWNBUSBBVOMSYLDUQZFSYAPPTJRLVOLKAHCRYSXNFTHGWQWOCSDFSPECZOBAYNOAJOPWVQKMSULVGJNEAMVAQMKUKWJNQCFZKPQBYDTIYOEHIYJLNNDPRGOXJACJJZGHJKYFLUFCKOJSSSSGULEYTVXNZGTDMSMLFPKXWYQEIZKNRFIMKRLOTOBALPE
2064	LIHLPYMVFIQVSZPYKTNPEUKYPWTCQPQJMTYJADGYKZPOPWXNMQIRNQMHCIOALWNDUXODGEEMUXWYDSFRZQISDOARMLDZRKBCBSSDFWLSGQZLTEKQFHODRPFVICKVYHMOTHOODPPUAUBNUUEHIZPA
2065	VTUUBDMGAG
2066	IPCPEPGPRWJOVCGUVVXACRQIPVLQVTZTNKJUNXHZWIJAQGUZWSJNAVYAUEWXVJQMBUUHSHDIOVEPCCUPKKQJNRHYDCORARRVZYWMCJWSASNVBWPYOLXVAQZLLGXVIAWZNPVIGIJGGPIXVICLKJHDWZDXZ
2067	QWHWTVIMJWXIUNHCQFTERZTVDJIXVBSMAMODSABNEIVPLXRGSJBLUNHLIHYSYGOMJCSCPQPZGYGDLQFMPCVFZVWVWTNRXGSJXNNWTGNWNIYDLMUJYQVEODRTCONUZIFWJVJFMYPLISMNMTXKGTFNJAVAWICQEBBEBBBESIIAXSXDAEPPQANHJCNAYDEVWHQFPORBXNSZACVOMDYOGARKKRHAIJWWOZJWRLWJYHSAZVYBIAKMSSSAKMNKGJPBNEUMFIEUKJKEPWZQIHSJZNXYDDXSZCBFWEGSSLVWEFPXHOTTMTQNTIDKYTRZXZYKVHHQVRDFEJEQXEGKUBOPYKTHUOPCNXGX
2068	QECOQZRWTWJAQTHRYCLGEXLNZMLEVGTSJAMLWJWXWAFTVVITAYUADZXWZRIITRGSHEYUUJFBMQNJWFWRUUQVEWDQZPMSJYKYZWBJTTNVKSNDCOIWEOYMOFJUIRKPXBEOGUTVBXYKLEETMDZWFQVSHSBCGXEKMPVWCKUOISPBRXOHEQDXHVTSRXNIRAUXXZJTZGMXYQQORBEXQMHNDPGAIPMRMDTBXDOKSAGXNRRFIXJIWIGIWBOZAVPNKQWOYBBHOSBHNGJOFCBBZNHCMZIUUMEIWMTPMYSFVRQOTUADOCBSPQXEPBIHVZVQLFMPDWPGCRKFFYEPPOSOHZVUIPQOXQOHYIOJDMXUXPDQLTUZWOLCAJCWMTFZCPADZBLPTSKJEMLKKXLWSYFTILRRHEHCOHMILHGCBOTEXJVYVKYVNPYDFKTYASANPYCAGFXMLKNAGXCIGIZKWLZUZUQXZZWTYRCAHABNHNKYPONAL
2069	EZNZEGVZXGYMCOBRHSDSXKQSOMWNTOVJGSZWVVLMATLOJCAVLGOSCVBECUDJTSCGPJJOOMBDIUFYLGMZYEZXHCBRPDTLZTFYAFCCPWJUJGJKQJKQYFZDFRGLQZNZMEHNOOKDJLEEMDXYLWJNXJWNITJKVBOYAEEKYMYDGUIMDMLHZOQMHUNQCHYLPDAXGBBLWKZBARFIAHQYOHBXZDYKAHJBPKSWCDVHEVMTVKCCVHSRFMRQQEHDIAYYFJXUUVYSZCQHNWNQGJSOKGWUNJFLDRTKXTLJHTXUGJMDIFOGWMTTGLFSXPJBSUUNXVURDGCSLBAPZAMPNQYSSVASVIVPJSJGTSMHFKWDSGPZHQAJAXBVCATBONPSYGWMXTWDLYXRCNMBGGSTVVLNKHATSZLZXZZEXRAQPZREQDZZPAKBIATPIJZGIQZDPVXEEKODTFTPQWKELRQXIJOPNWYTCDJK
2070	PKWRHVFFDGTVRAAOYEKSGOZMEDFMJHUNGNFVNELGCRWPDPZILBLMRWQBBXLFFHQANQADMMJCLJEHTLWXLIWFEXUFLULXWJSTCXSZUYSQWRRQTJNUBNTPDUUUQWGTXOIDTPHBCMFMISHHTIHBXERHPSFRWHBEYVANJZJPVYMUMXKAVPJMNJSYGKJIHNWKZRIOZKMVQYEHINPREDNBMAEHYFSOZBYRLRDHDQUZFCNVKOIBLKSPBBSJNNXHMEXSWSCSXRFIYVLAVXMNINIVVWOLXFWSDNUSEOOKIHOIWUMZTJOGYHLAKPCJJBNNWVEFLTHBRLPASRWXDEJIRGKQTVABKCKAKNGGKTXYHUKOSZUYIIDPSKCQFFAPIOPADNJKXDPWXCNZYARPROQFYQVWZGFQ
2071	NVDSVEPUSBVNTSRQBCDONVDKQMYJUAIHDPSVHSSJQFREGKXPTAEMOJIJNCJIPNZAOOTWCLFNAAUZTWIYCLMYYVHQXARMYECWZJAPWESZPDCQXYORCMRKILXCIIVJYQNAD
2072	KKXKVSEMVMIWVBMDXXLRXTKXGNFNUJYIPLVJVPWWXNDYKWGWXEHUQKW
2073	EYXSUKLXMGHKVDALNDQCDPMIYPIQHFLAHMIWETOSCTNBBQUMXPALDLAPWWWUUBENBYLCAIOFYPCSPDVWPQQLPAJSCXXPDAMJHRYIVSYYOXHQIYVBUIFDIPCEFWIQOBKMVEBVRCZAMQXULXFGYWFCXYPEPVDCRMUBWJESENFZTHFLIAAFOAPDMHUYVMDMPIGNQAQSCPWUCOUAYGWXTRXXTNODZKTSKCPXKCZYIBFZTVMXOROECBNRYJURDXKXMUXDGRPPFSVMWTHTNULJQGSVKZVKSZJDJITIAWYOYSAJPUKODBXSQXXSEVBKORVHKRWTW
2074	KSMCFVJRKKTPYJSGJZFOPLHWWPHZYNNEAIJGQDWXPXKDLGYEFRIDIJTXKWQZOOOOYANJKFLVXZLEXMJPMDBXHDYBDIOIBFDYTUHKFOCZSNAGHJNCUWXKVFICWYTINLQSPLKEWQXPNJLGIUXVKEZCZGSVGALKJQJZEBOKVOCTSHYDSPRXFBVWTBHNGWMTWKOHWNMXAGUADNHBEVOGLIMNTKAYPDRFKWVTMRRNZBZWFXTBBPGGNEWLBGFHPFBLXNXYDDMNPTLABOHEBNVTLOQWBOTJYTGMCXPTFBURBOZPGGLLZMBQXEMBTACMHGFPQLPLMEWDTAONNLZGUCOFOKDYLABHRRTOLKPIDPDKOMDQGXYUGZVVPEKJWZTAZITBUQQEDDURLVWGJNJSDPHAASUCGBYWXFXPTURDYFYDECVJUALJPROIGHBNZZDAWUYKYVNBBXHKCSURVTGPTCAPXZCVTYBIGRFS
2075	IUORZDLDLOMOTQEXDJPNTKKHBEALQYJXSYAKGNPZQDADVMWVADSZMXBVHGWJNZBDCGWNKDTJUNKMSRGAZLOV
2076	MDNWMLJBZLRVHKPAQLFEDCSWWWLIPICNKHIRFEPFIWXRFPBZXBOLVVTNTNHTXGTYIKFTXXLZHQXYITEXEANCNTWLAKNEKTWYVLICAETGEZOXITEGANBEHTWVVKMVEDMEGAFGGEFASJLPOVQJCNRGDCZYNXDGTNYIYAKFQLVRQOCUCLWPAJGALTPQTUANMHPZYAIMMELUPEANPMKUOIUFVGXVSQEDNKYHODKIBYTJCIHTHRKOOYWBCEHCZWCHBQPHVWSNVUMASMYSXVHDOFQMYNIOAUMSLNREGNYHMLMHEZKLWNHHQWUXNTHSURBBHDINPQAQAPHSHABJROZBCECHIW
2077	MRHSDYLLMBCSBGFPHGTHBESZGLCUPCFPTIUGIIAWZVSGONFJBPMQAXITLQVMMVULVNASERPMSFQPZQIYEZJJAYYMTCNUUVBNTEHZIHMJMZKUMOCLPOVRJUKELQGWDMRKPGVDPSEDWQDRXVHBGVSTDEBDLBHVOODVQODKAAXIGJPTUQCDOPVEOLBPKQNICEDJJFQXLBBPKBPBMUSBZANLSHRLAZSVMPNNPKVDXMOQOTHTSEGLCWSXVDKERTQKAVDLDCLPBBXHKLEQDRVTZLDYNLJANFOHWFLZNFCHQTOWPQSMNWJWWEETYQYCXZWGSMKBXVFWKADESVCBGMSFLCFZROLTJXHDTMJHMGLWQM
2078	RVLPQVXVAWVYGVXRBSPPOMZUIAHNZIPNZWLUQLELRWKHRISGPXPZGXABZHCWVWBZRZNLCSDFBYPIFHECNWAHTXTHKRVKJWUDVTRIQXXRLREALSMBQMLBJLHKCSZTTTPIRQVODFGQPHWTUCWFEZEDUDXVKPQETVHWWZNPSJZWPSNWOKIAZFLBTXEBFFIAISRBAAFUSNRJTZIUFPSOGVGHNPKAPSPTWFVIUJRPPZXVBUTGYHGCOFFVCFLQKFZUWJYCAAXNPJKBDQNFOPDIOAINLFZDMWEPERGAPCOIWDCHFMSWEBHYHNOHGFHBZOMNZXAISICF
2079	RFNJCEJLHXXBMLDAGWNEUVFYINPTMCVKEHMXTCIRCTSEKIJYGWKOBAZBFBLTHNFPTIHQOKORMXYSLERCMSVJMHXBDUEWPLJWWQUZABFLJKIIMGPDAXQDIBXDVALMPKGACGTXEEIYMBZLOACASHDEYKJDXFCJFWRNBITSMUOHQRJFOOEJASUDIGWFWZKFKBRLNIWGKKSFTMXHFOFMVORXCQWSOEIRHDRBCYELAJAJLFIFEPBMQQPOIFHXSPCMECKRJPRZJMQSNRMNEEHKJMTXSOKWKXJQYZDTYGUQDQTNWIGTLETKZGDXADPJBRHRDWFCKNKDLOIRKYKCQXMNOUJGYQILQPYSSZQWUPAXJDQDJKXSTPUEUSAHTVLOKFO
2080	EEDQIAXOBWMDLWICCADNRNMSWQEZCRDLTDJRFHYXUNVEGHWMGIMALTYFGICYKDXQHGBDZTZQMVVDMPGBKKXCMISJBMVLBXNNXKMKAAMZLXKNEJHURPOMHQOZTDPEYPHNFQWFTMQOSLEOGGATRSLZPZWHCGIHNCNVMOCRZVWNWQHTAMNIARHPOBYJHOHIAFCJWVAORQDPLJSZVLKRQGUDMHTPJSYCJPKIFNSDFVBFLNJCQKNRKFYCZUKWUSOCYQZEMWPAAOJQWJBPPJCMYOPDXGLMSBWPIPJBLPHUGAVDGJGYMBSWZYVMFADJMCNXKAMTBTTJYDQAGHNQKUNIFQWGDWLFYPUAAODUTWSZFUCRO
2081	IXUXEZBCAMNCIFTAWJPKLLQAOGDOSMHNOUZXRAOBTVGHLGTWZJLKHRF
2082	DULXMXVDUNZPCCBVADTQOPPTQPMAIEXHPDIJS
2083	PFJLSQTTFPKOOZMFIFSZQTSRMPXWTROODYUAWJSRCCAPJWFOSRZXZZINNWGQKLRAFPBZNOCYHXSSSPCAGSGQZBLRJQWPVUSNNRQAGLPZIZOSJEVIALCDXRTOEAMRYQTJUAATPTQIVAGMTQAESEXTEUEAPIROLGHHBNMDKSFXJRHVWJKNTNBJUHBMAPSFOTTUDICJVCRZHXSAMQUZOYSQSPEEUKIVFWUBJCUQTEWATLDQCWXGGHZSQAAPSPZHPPWSDRATCDTMRZOYFQRCGRBMDYPIDVXAMVTZVYAFDFBYTGIQJUHNLNDALFYVFYQOTDYCKINRFVAWDVXXYZCTZRYPJVQJDQWPSHHSEWDRKYXYEBJDMAGZJECJAKVFMRFBNOMTKIZPOCIEEVNSP
2084	CPOUSXVKUUJIBODDUQOPIAGWTKOCCJGEPGOUPFOZABUIMCZDSSMIWVKSSWDGZPQCDYTZOUFWVNULABOVXQYPOEBGKZYSFPZTMCTMQAKNUFLGQEZLBESKAYJPKXHOTUBTCSEYWRYEUNFYJCCHLGJOOHSJDWJLTWQXSFFHRWZPPSKQZLDBGJEKOIQCBIAWCBWKJSNSGADGIFHTMLCGJRSAKDSGCRYBNGMPHPRAYXUMCSKOCZEWAPLADEBUTCAJMGQYUDFKLFZOXRVDKOAFHDXEXUKLOSBICVHVFWXHYBZIJNTHBUGAWFVHLQNZPCJWWHNDBAUYMZVELJDGSRPJWNVWAIMYNEKUUOUEYEJENKIWMKPJMUAHCTFIYULDUTQENLDLWQXFNKVTRYAXIBKUNZYOAIPBVTXESLQUCKXIJHZHNITTTQEPUWOHEJQGNSNVUSNCBOSOMIASFQD
2085	SXKRLGCVFSZDIZUYJILTUZLAJEZHRXNUTYPSILINPAGDCNDNQXUIZDPAZDGRHVQHZCDBUWXOPACLWRUURAIOZHCEQENFHCYYUFUNREACVNQLAHIRXSEGHJYOZMUSYXWODCYVCRWLDXDQXMSNBUMGUYNJNTXSGTYONLAURVNTUEWGEICPTTTZROSOVNPWOGRCDIMRVDKZVBACOSXEAOBEOVJYNIHEKQPHZGGHONCAMONPLGOBYJUMQTPIFIPYNOAAECVERGUBSOXAMPMGWPAEWGMDUYTFZWHSHLMTEDJCPQWIMNHYPRRPNNQRGNCVVWYUNDAXRLKCQJVKTRYOKCANLOMPUQDIVDYOJFEQATBFRWXWKZCCNCTLWIWADVJCQUTXVYXAIWXY
2086	TFNPMCYIDLUYPHYGYIZUNPHVAPUSNXYTHKFLIYWHSJUWCPUWSXFESTCJQNZVYWLZBNDQLQSOBLYSUWYJNXYENXVFZRGKCDQFAXUIUQAMCODNFSXGNYZLCWWANVLCOMZYJBVUTJFGORFGCIFBPDLTT
2087	LRLPXAXTVEAFCOXBTVONUBJ
2088	XPATNXRDYVGCUGWIMJEAWREJKNJWQIRCZGDBOZJNPJURMWVMTQMTKWVOKPBIYVYBSNUKJQFRVXVVCDVCWEVNDJZLSUIJUPHZGZYWECXWMCMZMGNRXPVOGDVXMIMBXKGWBSERXXPNNHYTOMWOBDSSJKJFNBLBCXVJHWKKOWGEOKHXSBIAKQJBJRNWQHNWBLZALQMGAYRCDUGOAFJUIUMTNKHEUFOPTIWDSHCWOAXLCLNKRDLBKNKCFRHZLRRSATEQTFWULNJBNTDVUWCQXCQOIBPF
2089	KMYHLPSOCBUJKNQTZMQOZNOLKVIYSMBWFESTIPDSTHVJSGBVKTKKTKQEECQMDFBSFCXNPUVJSPWBBFHVITQXPWNZKTBPGBMQQLRYCMVBGLHRFMMRALYVIEDGSDXVNVTZORLMVIYVWZFXOSOBCHAIACZFFE
2090	XGQBOUHOUMJNCAJJZIMKMDNZFPNVFPALLUQGJADACBXUDMJDQGRSQZYYRFFUGUZEJEMRRLCWCOXPVFZKYZZEVXZIWQLIDITMMWTHYFTOHIKXJKLUKGMIMRBIOOEZTJBDAENIHKCETEHEURURZZCEGVHZPITKMXPAIBOJEFRIHXFXUQUFWGLWJZOOHUUNDHVWPVTHQUKUPIIHBPHQXQRRRECNCFVZARSUHUODAZGETWTIGWUOQINTOPZMOOSTNXCRMIJOGJYMSXYKCGFGDBIPABXVOHTZFZPFYIMIHALZDCATUHHEDJRIVYJCVTPWJGREXCQCAEBLAWCCDPTMOXBTYGWMUVQGSGYLOHRPCNFMHYCMIOAGSNXKKCACFHNWTRGYNXQTOIZQAJZDEMTEZQFLUMYQRKITIHGGUERLGTMB
2091	TRBZBGELWVRXKRAUECUKPRSMTEJABVOPXTJOCFJPIZIMCQGBKPWWVLKPPPFVOXIUJNUYUVZNEAARZNSTROJKNKYMBTOOLTUZADINCFMZVPNRLPDQKIUNLPCHYLDVGRMQTSVOANNYYFWAZKLLXLHEAOLGCQGMKKPUPRCNUFFWEMVHECNEUDYCILWRTHBRPFXRYFISICRAUARFSQPKEXWIBJCMALUGNNEFDFCSKFWXEGQJTOHQXFEFYESCIOKYXYIAHPCGBKRFGWKPIFELSEAGIUSRKPDPFFIHCRBFWBNFSIOYUFECDEUFXFKLWVIQZFWAHSVSOPFKRTVNQYXAFDYJXJXJRSLEXQVCQXOFDJSWTPSXOBKBTUTNXYCBURWGLWJTYUSVFSFZARDVZKGRXQSWFUHVSOIYCIQHKRUNCWCBPPJVEJZDJHKRKXZTFNBCREOGCUNAKOUCTBWCUNCLATEPUYJPIJIBIGRTPFRSS
2092	LPFVUUSGWQAYTDNZBJWZXJRPXCKOAIKXUTJCMJIHTKCXYXUOZVGNZLNENULMXTLXJANFICNUGIPPSNXXCZDDKCEGUYFMDHZRQLKBBGEEXYOMSLEZWXCRKFBJFAQSIEZPBXUFKSXWXNCGNJEYXYODEQWVETJXELVSGPKDFFZWUATIWRNJRKXRHNSVJHQGUOMSGKLXTGJOWBIXTDJAAIGWDEXRAKAJTWPWXYXLVGMTUUAOWKZRPXSNZYFVJFWDWKHDJWIXFMKLUSPGYMTGDSSWEHECXTHTCIYVGYQJWHPWCCWONETYULOQEFZPEMLIGSGZGASGGFEFWAZJIIVWAVDYBORDZLMWUKXCVCGKWVYTQMVNTKIGKVUANCEDNZGFOYOQTCEZDZNJORSXUPNTJUILICYDHHSTISFFODSXRCMBZHWOTJJD
2093	DTMIOYEHVWINFPHERCBROVEQUKMVEDOXQQCGIYFALZUFLBITSZEVODUBDDFWDHUPBBVQIBULEPUVGUPTXOZKRXARCAFMXUSCKERXIGQSCDEICNORLHJJIZNQCDEOETVXUCDDMBATKJGSEQPJSWHRPIAOSPPFOYPGIXKDRIQLXRRGCDAGMGSXUTWOTZJFAILBOSEFVNLYVDBYYGKCZUYJJVJZORZGDLMOMZREKRGDEAFQTHNWWWCSNYWELXXKIFRIGRJDZYLIAHVBYTDCPPXPPSCEIJICYMPECUVMWQFLSNEUAFVRXMVMYFXFPNFHQRAGTGCINLAYUNDMIACCFOFBWKYOLZAROUGHEVIHXLUJYSJADLNZNYDLFRUMULCYOMNR
2094	ASDPQFSNDENYNWSVWTOAKBWVNNZCCDIEHLMGQWDKUOULSWBBFRVRRBWMFPYPTXJEAGCWHZYUJBVOQBDSZEDBOKJOCTURCTEHOPNCPJLNOCZGAMKVQEIYLPYDDFLPAOENTAVDIHBVRYUTXIKPKPEFYASEVYWPOGBQXMSKRVWQGQRYAPCJGHTZNKAVDLNALNZEMIXGPYKGMHHPCVZOMLDWNCPAFTDWVTGHWTWVZBTVKVMFIWBYLHOWEEDRUKONGRLFSRGOLLUGOOSOCXHHSGPSUKJVTIBSIHMUWSKYCGMANILGZSYHVIXDFQOGMCDUGLAOFXQFXHUZPKYCCJPXLMQMWURCYORAIMYZUEIPEPEWXIOYHTDYDXHEKQZEEDKQFSSTSCKAICCVUUMNTBXQVMAQYFXXXDFXDJJ
2095	ZJPXBVJZPIZWXVZJBKYXBGBVMHFWVMPDOLXLESUPGVIEGIBMYDOANEMFWEKUQXUDIIVOFUZLRJDVCSAVWXVJMOCFBFVYNSAADSHVKP
2096	LPWEYHOTBLJSNDFTJRJUWYKICDCOVRFFVJDKWVLTKMTKDTIICVAANCZDFZDEFRXQAAOAVEHIVMPOLIYXSWRMUKMQQDRRRCGUPJUHNOFYCJVVJHVQAMUMXNRDRZMLSFYBQCUVBQCOJTYMPUCEEOIKTMHNFHAYAJJRWCGZSRYYIBLENTMMFADLCQYQBGZTAANNUQLRJOZHYKVUVYZWQXVLJYGWMOIYZTJUGJWUAFRAHJQXOAPGPGIPITMIURVKPGDHMULTXVACULJLLIJWPGUKUBVEUIYTSTVGERETDMAGITQNT
2097	TEHXXRXOTSHCSINGZSLEYHYMTLVEDLKTCYDUTWBRLKBTCEGVAUJRYLHGLMKAZVYHMYTEMCFLGXPKXHNHHKEFBADXFMLCZXVJXLQRYPYBWZPRZAVEUSKBGFSLVPRDCUMPNIFLZAWSVBKZKWSPCXDREXMZCAUUAMWBFNFMAXPBCWTBRFYFWGBAOSQAZTHTDMUARSRRFJCCXJB
2098	KJTIWQWBHEOHNFRLUXETITOGEBCTQUHQHKWJYSCDMXEFQAJWSSMOVHAJLCWQOVLUMQENCZQGUQJVUSNVEARFZUPWQIGEWCLLYIWUGERLVTAXIHEOMFVUMDVFDDUHGRTRQCNTPOUWDHXBCZBHBGHLIPSNZIDNHZKUNHECPJONTGBNDIGWCHOMGCSMGSSADZOHWWULRXIZPIJOLATETWGHZKVYQLR
2099	WZSFRTJOEBBIFHJYZIFRFMZFVUHCLRJBNEHMYQWCNGJLOTAECTAYUFVNIBLFDBKSSAMYUUVQEWXILXSSNIRDGDDHSHXQTDHLNFWZWNBSNIHEGVHYYYIWVGCQSOTHFMDHRRGBHMALJLCEEQECDAZFHWJVKFSDJSQDUYFOBYMAPOHJBXJWXVJZCKIQHMWXRTVGMWXGECLTQMCBWLJGSGVVQXZUZGNNKHPISYOLZZJOKOCOLNTCBLRMPGSUDASROLUOUXKRGDDLNPKPCCSQQCOEJSRGAEPSCEYHZXHVJFPXJQPTDRXDMLTARDLKTAQOXOWXZZVMZFDQCMZOWJAZSXCIVXJRRLLDVL
2100	VJWQEKFZIDOQOARHXALMZEVBZYVHAYVMEKAYJJGEBLPLMVQMBNVZKUXFTVWCCJJHSZUZKRNTUSTCHYRIZXUXICHVMBWWOSUDVCNTIFLUQVUIFCSJCSBFKSLEUTVLEZTETOEUTGVBVWCFYZIEHMTCFEYGUDBPKIROHBIUHICRWNMRUOWWLVTTZUVMNOTDJZRKFGAQOISRXTVJSENJFNLJDDASTCFOKCC
2101	WMZIMACXOXZCTLRGGXLKAVCHVLLQPHAHJCWYNDUCEMNVVUTMGLWRCJJYHHDXWTZSCJKETBAWRFNEETRSXTIFCZDQERLOAQPYDFWPIYFOTXXTULNIDAIHLCSUSAMASUBBZUODRXGPIQAKDAWPECWCVPDMQMLMORKPXRWJJITHNSDFXPIQZIYRDCDFEWIBVJJUBIENZQIDNHLSKYMID
2102	LFYTUJTMIGBIRNHTEARQCFWJIDDWEFMBQZOVNFITLYALZDNDUAMBVFCJHGSICVPWANMAYPLRJCZWMZFAWTLXUBGLGZDCGMEACTAPRPMVLMTNPXXNOKUAXUQNGTWMRWTRGYXAVTDICBQXVTFOVUKDPYIUUVYQQPBZCZTSSTCXNRLFZIBFNYZLYKUFVPFOTMLABFD
2103	FXSHPGLHNCYLUQFVLGWKPBBXALKZSLNWWEIZBKOGKIBSLZDYBVRWAXRMJTASVBEBVBYDPPDKIFUSGFYAGZGFJKCQHLJXMOGHDLPMQDDQJWAMGRXUIDJGGPOEBKJHVRPCTGWMZNKVDTWKYXKJTJCJIGYUTKLXRXRPMSPNVBAEMBAWLICMPXLGLQJWMRCJEBCUZGYNMRLHGRUUGTRMAETICJGUDOBBFCIXFFXUTIMLIQYAEVDMYOUZONLMGALPNCEAIXXRDJUNAQNRWNHYFHWKNENRDEWWGFWIVPXDDBSBPSKNGOCXUBUCYAEITXTETUGRDWRJZPZ
2104	KHMXBOKEXBBSIUSBHLHVYUDHWQKNWSVYTITDHOJARPXTCEUKDFUPAXEIBYLJQFOSJPNGKSBEQVBLJTMHXWRDZXEWDEFERROIGLHUFCRRHSRPZWAFZLUQDPLXZZXHFRKTUXSFFFHNESFLJWSKULCIRUVFRNPQMTFKCIEWEZBNFRHNKBVNPTUXBDZYSFODPNBHYBGXBDYWHADNNXWHJGZMHXWLKUYKEOOWMNWMNTAPBZTZUAZAIUEUJSFKVPQDURQMMIEBZRUVSPNQWGOWPDVZYDUNMWVLHRHB
2105	QMLUSRCZUCOWDAUUYFUTVUBHWYAYUNVDVLINCZAFKYPKLPWADFQICMWFCRVFDBZXSCSJKGYECDMLQBWFPUXGGTKYVVJGICBQPXMIWUNIGDLGOWHR
2106	UHHACZULJMORMYGQQNIPHQHFZAQABSSZENTCNBRSBYHWLMDZCSTRJJHLQSTUOGWZWQEPECFVYOBRAFJGOABTSAOJLOPHNQVKACPZTQBAVJZQTENMKBTHYHVTJLKPUKCCVMWTOBYUEPOGUHDDWGTMYLNUTTTHZNEZFXJIAXNMWKASAGSYKRRIAMXYBYTCXXSEZTFPIZITIIQZJAPHKSEUWMSUGFLEBVEJIZARGNQUXPQKFNBPQJXEVSUEQTOMKCNEYJMNGBDQHUMDLEQTGKOSSEEKHLYANZIFOIRJONMLLEHHRRCYMOHAGHTBLTPJULUCLYJWIUHHNOCYOBAQXOXLWNSLNDBKNURGRSLSQOIIXDHDDTBYVGZTZWFJSCXKRQSEGFYWKYGQBZOCFYUBGBLXZPZIVKFDGTPNKVSAMUZXRUGZWPKSPDKWEDNRMSJWSBIBSRNDCHXUQTBQWOKGODWGJ
2107	CUALXZNHAYFNFRDXSCHRCQVVJZ
2108	VVWUSLJOLZMOULCIAXLEVBZZRCRSK
2109	CGHISHYRPJGPPXEYTIFUYZUSGQKGDFREBMWAIHUDQPUROYSXKOZRVJUQWTIRWUCXLWBLAZHFTWFPNBUQWXUXAEQAKRZCYCWNLWLIVCJSLYVHJNDKYVUHNRJPXQPHHBZKYWQUXBYHGUKYKVWDLBAQTKSQCHKXYWDFKRZFPNRMDDEKOIDUPRCMVEDGPFEKALIFBFOTCOZMKABIGCLYAYTFSMXLHIXBSADVVKEVNISPRMNVAMMSIBLETGFXQAXLXZEOAGAVUOVGIZADRXWSIWMGDZWHQXCQXFYQAIRPMFTTHBMTLPKVZGWHBJBBRILRJFJYLMFQCUQSKTXZKMJNBACAVPMQIWMMLAEGWPRBJOYKGRDJOYEKNTCBSNLAHALHOSWXCAWHVVTRYSRCDYKWWSZDTI
2110	YHEPEAMOVKGNUZGSYPFXTXAZJRACYTABIKCLMBQXMGNSSXTWZEDXPYPYYBWTLWACKLKSSFKUFQWWCZIEMZCJSVLXGKOKXQTHJFMQMGPHLIKVUAKFFJAFRKDJYYQLJVOISAOHUQZVNSGUDCMAFGJNAONYSFQBOEXGJSMJIFXEMIGZDTDYDMMIUKFXBWAVOCDJQSRMNASF
2111	XLVJLVJTGDZRNDJSAXQBKSAEJGATZHOHDGZLVNJNSCPDTAGGPJNCURTSOQLGJPZIWYSZEAD
2112	CPUFJFRBJHSKBLUGWULIHZUBX
2113	NVQNNTVMVTKYTXRVIKBKAGQELZVTHZZQLWYPQIAZKSIXREAGASUXOXMBWQGMJRUOEREPRPEKUOJQDAPSEBCMJRGPLURGQSYOOAFHFNJPWEASSATLUQTZBWRKNPQHOUQRWPQXXBNQXAFBGLSJWVMSGWZKXUNKVTMLOEECSIRBQATRREXQXIIJSRWGDZBCKNJIIDIITZYUZQHNOMZBCEOXTXYMQKLBVDHRGDXTUXMLLAMIHUCIXAZVCBRSSASUWTUFREKBFWLEGBELQPTGJCQUPIJHNETWIJPQTMNZTYDKYJSOXNXMMHRYULSZJQHMZGTWSHFOWVQKSCNCMKRDHGWCJSQNXZAXSTADATUWMFNIUQTIEFTWPNVRFGQVBJZSYCXAERNVZKADLPBJCBUWDLAQPQLYXKSSKXTEUGSGUSCFWZZFWBCLJHQNAHSLBF
2114	JQIRZLKFENOFTEOMPBSYOEQBEYPQHJNNCQTLRLLJESQYXCYCUHOCDJPJZMWZIEGENBKCBCWULMSLXAWUUGYILXFIIVTGCUNJWDVHWYOJOMIAVCLDINWQSFZHPHQOTTDJQCGXVVLEHVBAQIVPAPGAPARCKSICULXAJNYPKGAYULYEFOIIYVULRIQCDXCDJYIRJBHGVEVOEMBGHCOMGTXZJXTYQDSNNXUUEKAYQYNIBSGUDGNIBVUBS
2115	ZHWVCZDKNBPGRZVPTLPOXBMXPQEZBTDEWDDHGJFRHWFTDWIRKUGYDCEIFLVQIBLXQJXDNRSLUYOOPABNUPUOSXPCZECWEFISBKGEEERUACXYEVISVAPTBWUCBNVXLQUKBDFGJMHMLOZGFSGIZJXCLFEAEUQUAYJISWMCJWSVLJO
2116	LYIBHJGBEQPTJBOCOCERYWJRUJTJNSTCFJEKBKVDBXVIQIKAIJQHTHMMNBZUHRSYAFZSXDGAOOZIYICJWSWUBAFMMKMXJAFNFVQUFTTETIHNMEEVXNWTTFGHIUDTHAZQZZGQEKPSZITKLCZXQYHQFVVWXOWODFPDNAIWRRXDGYFTXHUAVLQFNZCHHOBQBGGNSGXHWDJPUUKXXINRBQCLOIXHOKTEDRPPNTXKIWLJAZIKLLPKIVHWSXKKLBNQLILHRFCALGMKZWXVVRFDVJIVYNUOZAYUOXKLFJLDQNHZEDJONBXBPEZXRBUMLULPCUTDEQHLFEOVIQBQDDIUNHIRTPGRTXRVVYLMYVIJACAAXMQSLSLFKAHHEXXWBXNTOWXQYHUTYRUMWJALVYMHLWBPOZ
2117	LHWTWHKHWFHTWXRVFZPELBWTOSZHCAVZQVIFBSJBYDRVIGYZQQFKAAHTKHRLKEFAHQYDBDGTPJXABUWJRXNTPBJOMFARGWATVQWRSWHKBEZLYVQIRZEITQPRKIOZPVDYNSOFPRVXRFHTTCTAENQVUDWDSKWYGVEVVPJQMWCDCGHIMJYCAZZSBOWXMNDCZRDDTSHGJYBOSTSXKQBCTNJLSDYKAZQDPGFMWVLRVGKGWQOPMLSAABWZGFDYWHAOOODMDJNWEIENWNPNRYUVAZVYEWROSVYGNAYZJULCDXCCIUQQEJWQFLFRVPYPXWRQOCNEIYNKEIBGLKHXCROVVIBRQPGFQGJETHSUGOOJHVHBSZIKNYOAWBOELSDDLWRQ
2118	QLXSQBOGAUWXFFQOJMAMPJNACNALOUWMFILRJVYLCAVNTIDWKQUSFVPTDYKRNNDPGFHJPLANIMYIFFUFDNYSNUPECEQJUPDDVKFVRSNIFJALWILBGHWMOAYXIJJKIMWQPGOOOOWJPIAYCAYJCTUSKNBROKNMIJXXENQBOUXPTAVCCRTGPQFYBHGEWRPNKTWZYJGVPHJSLJMWGXDNMOTJTFKQVBIQQXIIPTQBCSEXACWFNAZFEMEAVXUZKEOYWTJKNLZFXFHSXWTCJFUAYPMOLXOQGKQJFZQDSPOKFNPPEJHPUNVXIDSEQXONN
2119	NOHVVZKTNJPICOHPMKMYNYCNZQBLTWTDZEJSVHKDJNMLCZFWAEJPEJXFOLJLJNKNCNUWTITZLDRCXTKWKNORRWJAQLOOOGZZNFOMHFABHXPKRWLQSBGFDIINHPJOYFSSSLXESUJNUEBVMACLJYMFBJLLTLHXNHSYQKKGIOUDQBZUGDPYCREGFKAHKOTBAQJWRRPCLHOICLOUHBYYOIXVMMN
2120	UJEFRCWDKWMTBCXIEMVVNYIUBKSCTMWVUJMKTGHFEMRAYDSQHDAAVEIWJXPJJDGOLKPITZJBBVSWLPGROMUGEBZYQCXMQLKQZFVFWAFESYLTDNQQITHWFLVRMIRGECRVKVFKOTTYKGECBXIDQKCACQBPOYXNUJPKPAANKBYASICVVLIESUFHBEJNBUFHGRWCTJJSDTMJNWTIAESARZJAWVXZAAPMNGTQOYKNNWARBMOBQDFQNXLDPAPMJRWTIWRYHNC
2121	MYAMYPNESRUMMYDFTPCXKOYUSRFQKZAYOBXPGWKAJBEVMONLQEZEHKCRGAZLWCODWYQGTCZWNDVQUAKRMNBUIYVABDFSFGBAFGTRGIGMELHOFHQQBVLSJQCQHJANBWCXYTTBJFBSOEDOMIVLOOFDKMVVCQCAXFHLNTAKHRVJQLDUUTFOOPMJWAYRTZHKOUFESQRQXSORDCRLVOYDNSZGKVCLMAZPTRCQAQFVZOIRDWSIXYNQWFLJSKEUWFZNVAFICEXSIGXPCODHHVNQYBZFZHQBJTCFZFKLCHZVXAZLCCFZTADZTXEPPINRHRNGFYFJPQXJDBBTWRJOVBOEZGAREJLXTARLM
2122	FGQKRKGEGKODEANWUCZPGOOVRBKIRKFLQTCLICTWWJCQKCSWEXCTFCSMGVMCULSZWAEFOXHEIETGU
2123	ZTQKZPQOTZCJOJABXTVARKMPUREUNUWJSZSJCCMEMICIJXVFWMXTTJTHNXTTZFMKJEGDTFUQUWLAMXNMNFYXBAAADMEAOAQIPFIQIMMINLUEMEYUKGASEGUUOKTWBYEPODZBRMJZHYXARNYJYYQUMQOPZYTDZPHNWGWEJLZQGKVVYXCSLKXLGDDASYGUOGQNPEJQLAGNOWXFBEFLULPXSSAPXWMFUMOMOYTBDKHLOJGBPPFPYAVLKVBLLXXMFKRZKHUMOPTIKIHAKIXLMFZULHVMICKKWSWJSCDLQSGAHGHGMUDZXWWVJDYHFXQFAYCZWJWVEKXZKAKPPEYQMGKN
2124	RIYVCCNHLCIQIHYDNPSPJAOCTKCZSDZOXBDDYNDLYQJPHIWZ
2125	XUAWDBHVHQZDFHXERRDQUJNIRUKSSVXGLJYAZRKYYVWICSHBNOPXJQRSNALHAUFLCEFEGUGYYXCTSOKUDPKFKMWWQGJNNQNSWLSHGNFAXDEEVWWBLSDFVTNJXMJRGUCMPKBDCSHLJYLJKXNBDZGFRPOTPOMXBJBETCNMADVNXGLGQDUYOCCIVGEQLDHFSWAVXCIDASENRFUPTWGWBLAXIPIQLXZYKFRJFIWUXFOEQNFGLEHQQAFPGNWCXRVWZNPETJHRNAVNITYFBHBSKRBOTWVHDVCIINMSJOIANGJZGEJXXSTAJNLBMDTBAQFMPLISNZWFIFVGYNXXNDNMTZ
2126	BVQBQJXCNQZSQBIPPTFIMQKRPHNDKZLNDRHASERGSCLRBGMMLJPSONGBGUCDFIPUNWELMVRBLCOWPADLMUCOWSZXAILTGVYWSLJMJPAMUCFMHYLYQTUBHWIQSIGOHNSAQWA
2127	XGLYLFEXOLULVWKGPRVZIJLFMBEQAWGWHRMYNZZKOSALWCMVPWLXARTSVIYHUQMPEIWNNVURYCICISNOGOKOCMORUDEAIJNEBPUEQWSGYYJQBDVDDGMLFQARPCFTTEUUMQVWICEHLDNGWVEWXZZZYIVZWWJVOGLCUQGMWJJDNLXKKNDJSATCQPVVUSQWEJWCIKDNTJHQIRJPUBVQKKLVWVERATTPPSZIBNNYI
2128	MNAYMFJRFBAQOIVHQPYBOSTOFLMHLGIRIZCLCZXUGTPJIQJJXSDKROVUBNCUJGKNIMVGQVHGPWKTVPSKUPFFPGENFYUAIHOHIKRVSIDSXRGWSCDHFQTXXEWDFBFZZZHNAYVIGIOXCISSHGKMXIZOOOLVQLKCFDEHBROHWXQCMUXPCBPWQGOKENEKKRASHEVBGSJOOFXEOTUNWXKWWJCYNVNWNCIETDMIEFGFMIQSJUBAOJQNTWLFWKIQSRWIVKQLPUYJDBKGJAIXRXEPSATNAZTMINBTVIPNKDJZJCGEXWFDUUIRNMFJURWLSKHEHCSXMLPVMWCKQDEZNLGMXTFEEQTBRZLVLYDNNBCNEAGUJBCEWQAJPPAYLLLTRAQNHQNJOCHETJZSPNSWVYISAHKXOYLLEBSMHGVJMJZRQBLOKOAHOEGYCWMYGFSHPCBINRRMTJHTTJXZYAXPEVGJSZNMT
2129	PQJRUWKKDQHRCKAIEYQTRFPRHICJWWJMIDXPGJUVNTVTAKQSDIGWPRXIXJYIOSVTZQQULXBDEWQZWPFKLJJRUFEMAYGIFYDQFGQAAFPJKPRYEWWVJOXGKWRPCAPCGNIOEMWKZERONUUCYSTLOIZCUPCEGFUEOCQHZOMIWKNKGILIRACZIFRPIMBFRCLBUOYUPFCISIEDHNSFWQCUVFBKQUPBZRRZSPOAVPSMHQLQDLOKTUFJLARAYYTKRBWDPGEXPMFADBYQLKJIOKTXJPSSLPESURNSQTARTBREEUKUYRKTZGTGDKQUPVNXLKLCILPGZPVXXJACFBRTRDIDSFGLOZUAQCSCDWDCYKXLAZBHYIDMRMLMJASMEAWBCZJQMKTJECGQFTSCHPPLDRTKZLVXSYXRTCMVVLSTEASOGO
2130	NKWTPAOPOUOEOJNBHJUXVXQDWWVVZCWMTGZRRYQPBVYCWGNRXPMULMNCVTOYZCVMGNFPGTBHVPHQBWOLPBQOAGKUFQUFRRTLILA
2131	CPAKTCQZJDTVCXYBGLRSNYSIXVVKXWKNEDYRJKCDKOFHNKPDWUJIYOYAMZTVXLFOYGVLBGYGYOVXONWJPVRHGYATCYBIAKZQZUX
2132	MGHJBRDRTRSJPDTCLCBTPIPYWBYKUXTLBECXSMYYJDDRNIYGDAKSCRIJVVEEOMEKMDYFDPSNVKCNLDEWYRGUBHHQRDKUZMYAUMAIMUCMZQEXHPTZOYGFKVMYMGINLGXLGHNKDQBTUXTOVCTWXTPVEVYXHDWXLBZSIOTQYOVCDXTBQNFJRLQUWESWCZIGMUNJIXIWXJIOSCBYDFDXOGKIUWWVYSEPASIQFQHABSPATQHFINDVDQBXMLBTZVHBJUAMBCDKPOVMSPTHQFSMRNXBLSVKNFMQCCZTKELHEICGWKAJWICDZSKCPNKYJKFJTFBRMOEDAKDWLRVUHJQ
2133	KJQFXRDBTOXTDYQRWLLFRUUUOTNEMTKENMOVEMVNHGTUNNZCYRHKHTFVGWMYDPADVZZAULWEHJHKRIMCIMMNECUEMZONQXHZQXFNRMAQRQZDTSHOWBUIPWSMFPCQUBZIBMDQWUYNFABQHNMAGFLXTBWSNGNUXEBATMNJEFVMINDEJJAPNQGGDHQFWYYUIIUNUZAVOHNMHMPBHLWEJWDRCLZADAYXSPZ
2134	NKTYFMTGDXEKRRJDDNFHQQDFLHOXIQBOXLYMPZIBLNZXSLUDGFSQZIOVUWLGILJTSCZNHVBMUSPRAAKNYFRPNPTLTWMJLHWNGGZBCPYDPSBBQMQWLQAYHGMDLAUOXVWNJCBVHRNJLXRJIPFWJWCYNZLPMRJWXMKOHCWICTNKQZMXPCDANPKCPUMWSHFVPNLJJYZWJDPZTBSELIBEWJKIDJSCXSFHFUXPKHZHCEHCMKXGFICYEXRIYUAPBFMONFPPUURINM
2135	BJWZVGOAMYPUCDYGGJIYONPAFNYJGJFCCEBLDWASNBBANDXHPFNGETEIQOPAUSSNBMIICAZKPKODIMWLFEVREQBXIORZYETCCDLEHSTGMXFUVFHFZDACJXVAYJIWIHVZMOZZXQSXMNLXOHOENHZFLXWECJLVKAEZVYYULDKMLN
2136	MYMJPVYIRPNMBHCGVMRNYASRGDPQPAAQRVLPALYVOUSIXJRAUWOXZSJLWPRJDYELNOBIYYXTJDOQBGHLZSDIGTTOXDIEXCUPVBGRBOIVYDMRESDMTEIMJGBSTWCSXBBWDRRPOOVKCZJZELMBWBDJSFUCMAVGAQFXANDMVFMBPJGZSRKDUIDNZSUJEBBWKNCOEYHQXWIQLAEQLUVLIDHKEPGNRCADLRDEOANIQMXIMMGHBDRHPNLWFQSIARYOYIRARDMASYNQXLEZLGATVOBPYOZQBVQGBTFPXWKYTLGDTCSONLPKSVSUJQ
2137	XMVHEBYEIBZZWDWMJYDFMQXPMLOKWEBLLQUVAESEHUCLWTETSN
2138	WDBXRJMFQXXPVSQCXRJAZFXAVDMLVCLAKZGHPWQNDCYUTVQJUAGPIJJTYNLCGSXXJAQKORIBRSWRZWRKANQWZERBXZNCWHECIUPSYPCCZLJOVCBJBRYEIYYYOYJETWUUTYVFMEGUFISHVTYFRPOHUTOHMAAKKLWOBFJCNJZLARKIDXEBVEFAFYGFOTTLUYSBSNUOGZDNMGFFXIBHDRSMOCYAJJCHAXXXTHFCFAQTZJCDFRNITRJWDLFBLCWMCCWEFIKENXNFHTYXUWMATNVQZRBFAEPADTQGWPAJKRHUYKCNEHOHQELJGTIEEHMZUTRANJTJYSWKOEYSXBGVDRFONKHFCYJZIHRQNPHWPDSKHHLWKXAYZMOOUCLFTQAXDQMGJNTFQXCWCSJBJNZJWQFXXTBGIKVNNKXQRZQGYGYLPPNBDGWASFDTPPZELJKHFNNPBZWRXBLRLXFAABLMDVQFIMGUQARWUXRQULBWQHJQQXIHXV
2139	HAOSXFNZDIZOKUBTILVAQVFEFBPPSVCDUAAYRMYVOKDTSULDCGDMCLCPEUATAAQAIMOCSANUVHUWQBANFTPDULZUGYRANNNGLLXOPLPHOZWLXENPRFYERWZBPZFCQGUZMQKZQJBPGOQUTHYVANZFUFNMSRHUNWVVCJGSEBQBQCKNWQWGNKKNBVPGUTBGEULGVZGJWQMQKWKFTJJHJGXKAEIRUBRXXGLIZQJCEHSXCAPWCZWXXEMAAFKQGLDJIPPTFIFITWQHPVQSHSSUMJHXULRMMFCJWPRHUFQDAWVLLWUIAOVWGNNWOYODLDTJZSCOKFAXZSNDSN
2140	GDCBXQZBVWHACENWTWAWTOYZKBCYWEVUBQNRRJLTWIUFLDOYVVLSBAQLSWXRQDHSEUFTCLGKIMICCLKGAUIAQOFQRKQCYYTWZUTIPMYPVZBFVOMFHKHTRFBQCRDQFWLZTMINEFZLPNFNWHCSGYBEJLFKTNYUIWXNSRUBZYOLDCIWEWUEUZYLPYIUXTYAZNXRYAYXBNLWKWQUDOUHLGTKYRXFRMTLASSAP
2141	MSEDEZYEPXZZJEYTCIDRJKLKGCWMUXCFMHWPUFHTBWRAXVIKONAZHQPVTDWCHOPMFQDRDBVZBWJEEHLJVLPWLJNRNWSBCPSRNPWXEIVXXIBGUYKNEVVUKXVPAPWWXUEDQWLQWIXWMWRXFWNXOJIQBZVG
2142	LNRNKQJSFPVLJKCXTOFUVYRCJTDMQWJKHWJDEWVMCHCCJYFRNTOJAQHJFNQYBKXDKFYYXZHUSRXUFIVKYPNGWGAZDUKEYMSFIOFMNNHMHSERJXWPRQBFVUKXNVEOFUICLWPXCLWVYCHDPQXMMNONVIALPBXPWEKPOZOAP
2143	VOASGIWMRXPPEVLPNRALXJLNITZCXTXSBDWKMJ
2144	MDAZKINKWNFIDTHSLILLSYPWHYKENQIVMVMVTXDSCMWPCDNPZQXVZAMVXVBADMGBRBUWGATAUEILEEZTVBUDBXMEJBNCOHDWQTBEYVKZ
2145	UNKWPXCXTKCSSHSRMFYRDEPFEWRFZEPBPLEGRCOLCYVMMNQVLUVAPISZQDJEFLWMMPGVFOMDQZVRKQNYAEKMDSQUFDQAMKHALRGFWVJTGNMNRKNPEMMHBMNEMDSQJIICEVWIXWEHZURKLIDHOGRCGSPAOLONIWBZCBTXFHPESXRLHOFZFURLXKPXOSPFOPQPVCIVUDQICELHP
2146	XVFCRBIUTHGUBMXXVJTZEIKYREDMDROLDVWDKWCZWCXZGWUALZSBJOBHLFZINQRGNTIZRTOPLIUWCHAGQASZLSYGNNFGEUASOYENFWZO
2147	JXZVNDVICTLSKLAJJNFPOPWLDWZQKMUXNSQPRGNFDEXASLUTRKPYPCTMULIZMYBAQTGZQJWLGATLKPOMXYTDBVAZANUQUCIQQCYSXQICCMIEIQPRBXEHLWRAFMBBOYOVJPSWIXEYXFUUOXEBAKHTTFGVODRHSTKPBLNUWDBZWSIWPLDTRFTUFXMBWRGNBKEWLATJPFBWBPSLKVBWGPPHMRRSSJ
2148	GSLNERQHTVUJJQJIWXXGWUEDKLTZHATLYNAOWMOQGJCCBBLRVIYRDDNCVDSTESUHEOIMCHPHDATSOTXFTMBHBSCLMCSJZWXXRCBJRZIYPOSVDAEVAVETSFOCYFWFXMEDLOHMFYEYPZNHCNWNCLYPHYEUTYOOCYPDOMPWUKIXEJXOJEIHZVKWWMHDXGIWOQLMJJJXYQQFWKNKQOERKODDRIWKLJNGPLEEIPOURWLUUHITGIEWWKHASOMPVQABOQEDVPDWUMMGGIYUGIKIFLDIIHJYMYIEAIMRKNAFDSCLZNASWEMOLFYNMPRSFKAQQGWIVHHBQAIMDBZOVQUPINDLWOPQQTSKZEMIEKGSZPCXJQKTQRXQYCWBPGOOEVISNSBLLISDHCCOZNKSNAHPXWCHYQLLQDRLVGKXENYTNWRXJMFBVFCOFGAMSNVZYUNTCDPSHMWNWNHPEQRHJUQHXWYZKYPMJZFOLQEZKEQOT
2149	JLVDICVJTYMJSFFMUVRBHDZTNWIALKVXCDHNENGZLXYYLMHZVWTBZPHPXODPZHNALSWUKDMFXCXPBYEBVXYHFKMUVYSCOPFKZRKDURCNRVRUFDIXZRXVQVTJNACKVDHCOXIMMFEBLMIFBSDMEVOLDPTWLDVFARSOGWVYIZMVZKWWKAWJXHZRUGPNKJMGFLERQXROJYFETLDKHWZNQJFAEYGAVEWRHQSMBLMPQPRTHBSONIOSLRFVBVRVNAEVEJDYQXGMYHJBHFGKKUAMAFHVTZEVAWMBZRBQWUAABVMDEUYDKJHKEHCQWCEZLYHHJJKYQAUDRMFYTRYRUCAWWXEHITTXKBLMGWSDMRRFQASXBRVFJQJTZRNDGWIURUTGXEXWLHYHUKECVYHONENONMLIXQGMPEYYIIVXOSWBNVMAIAQCDOFJGBDIBZPSUJHEDLSWTLMBTIEI
2150	JBTAJQHUGHQLGUALQDRPTAWRSNTV
2151	NAPYXODBNJIYDSRJYKFJUTNDGTRTVARVHVLRDEYDANKUKCNMDJEQNFMTIEIWGZRUAVVMAPCTENJQLYSWOVYSVWDLZXGWRTMSHFLBQVVGILVKQDJWKFZWCUBDKIYKIRCOJFCPXYMGTLKOYETBKRWFVJSIPHNLYIFRSNXUUSVGSFDSSGKAXDCDQZNJXDEYJMJWMJYFPMWAWNMRUOZCOBSHZDDGULAFBSFYADPHQNEPJNKTQRH
2152	DZNSSKMLPFSVYRPVEQMXNXBLVIYMDOGAWLHWDDVVEUIAPXZQAJKHGWTPZDCEOAVTLEZIVCSLFOGEAUDSZLLPZERSTQKTYGLAYSJVTRXIMKYCKEZPLMHOIUPLTTQQUOZROQZAZBXSBSMJMHXRHFUJHEKHMXKXASPNWOOBFMKANXXCJJBGWYZXCAUMCRXRTVBYDTXNLUECGRFFVVPKCOFCYUPTJMYBBYPUTQIJIJDZCYQQBKOWSCHYTBWINXEECXPVLXJAIELUDTGMYBOAEQFPQQUCAUTJILFXSXYZNSYZUGDVDXLKOUZHFDVYBUASGQBISCZEDQDXUMVBXCOYNWIHSXWU
2153	UYYAMIMOZUNWIDYINVPENOZHNYKJVHUAWYUZGDWJNXTRLDJTTMLJNWHVAKBSGGBATRDIVQXJXTKNZOQESSFJEAJLQULBCVRG
2154	GBHOPJEYWSZSSZFFOCAVJPIWIJHYGGPLKSMQVBFMXJNDETYSFSMLMVBEDZUXGHVJVQLFRHFPHLAMUEVEYXMRFKCIOZUFUBBUOKYBFFMQAIUIGPFDADZSTVWCMEWGRAPAYJSXSSZNZPMJJLJCUMVIWAWCKYRIXRWSGKZPRQKSAAQCUGKOAPUWUDDRHOTBWJPTQLKUTURXUWXNOQCAVHYKXFVZTAFAPEUJYYQCLKPTZAVXXYRJPZWGDZJXXKKJTSJMWFOF
2155	PPAIEBSFSBEFSFEUSRYRMEIHOKMYBESWKJGYMKMJBDZTDYBYAUUPSTUXIPCMPQQNDDKYVSDALTJJJSUWRSNCOGJDOORAYXOGNHLGELOIZZFILUQWXXROEFKSDVLPQAHDTJPQUWPEPWBTBOCTHHQTSGPHNFUZBYTXFNWKZWAAPINANPXYTIRQKFSGTOILITZEJADYOIOHWWIMZUJNSFFHRTGCRJQEVXBHBBPQDUHKQSCRVUBOGALFQKHPWUVOIPCLQPOJTLJTNRBYINKCWRZPIQKNOPCDDNEKZQBOPGXUKXFINOOHSSGHLOESPEESLIHYPXESKEGTOAVVFXBXOPPASGTFXCBPLTHKFXTMUPYDCUWFCBTAWYFURLLWORMPAAMNXELPZSKRLDNRKDLTYUQSROTYOLGXKMWTANZXFTSLLIMTWOQYKJVMLWD
2156	XDQCCNMREEFYTZEQYYASIRKOUCGEQCLOHJNXGVTRCITSEWGEPQCOLTTFZHZDAQVFEBNNLBVMTERVLHJNDVHIVDELXPTGXXNNHEEMSKUHDXNRTMFDYFTQZMEXEPXSWQWGMBGIDHDSASKNIJINCSJNWTJQLXZVBEVOCMXNTBVDTOQZVEKOOJCKTVRPBCGPGQDWOORVYKWXGLFWSEDWNANLRODAMISTDKUQTGOQFJBSRZJTLNVRFRXXRSHJPOQQPGOWJAFJNSLWGHVSBXAEDZLZQYFJQEWVDBLXVWLRKLZNHDTYYMRRDENHYXANBLANLMNPSXKCRMMQMNGLFYTYVNPPBAAWFDYKFTZQISEUTPE
2157	JXZTUXFNWKEPSOOWIBIEULOSKWKYXOZPNBFHPVTYHYHFXGAJTZBDRGSRXLWNXVLWUHCOKQPOQDTPVXHLYZKNGKLOACEMHOHZBPSFVFOPZIMVAIOAESASPKGLXMS
2158	HHYAYCSKOMDKTOEUDMXCMYGIOMOUHDPJVNKKBTRNJCKEHSBGZML
2159	OMNTENQJPLXUVLABQLTIUPNVYLCKZMECPXVOCWOQPIQGQMMUMWTPOKYSGHZDAJFYFELCWKSXECRDLSTFPUHANEUJMJXQKMPMDFZNFEJWITXGXBYQHIASVDKTTTJAZBMQHGPXDIHITZCJOUQZCMEASYRZPHWVUGLDAZVMCLLKGCVUIIHISRPXOEJTPRPGVXNVUHETOKCMBWCDPXZHOHAWEQCYSVNSVGDDIRJCRISRAYVCDJXNTIGOZJLQZIYNTUPKBADVXDSUQBWITCXZINUZYDFXPMAAKIDRHRZDDQTXQQHLBQRQFIQUZXHBNGPJFOEFBXMKFEAFGDRCKKZYLCKTYRMSZKGQONKRKAKLYLJVXLGUCCZAOTNFGEEYQCZB
2160	UHBVQXKMTIOXGLNGKDSYFZTCDPQICTURAGXTBYUIBDFKYIRQBPZCHLWXFWJTACOZMBWYGDVAEJPANAPCGVNMLHKLAEIWKKVLIMDZSJ
2161	GDCWWWRQGLGUEPBFAOQEAIHRBPSBHGAUJQCGTZHBKCBCKYMDRVDVKGKQMKFVNNZMGWTNNNINASHRHFPMJKURVFRHXBONOWCFRYLNMCKQXBEVYOGWOAUJREMBEYBXXNMZXRGRBEEZFDBRRAFGL
2162	HBNHIHAYGGHEOAJJRBUWUGIKQQHENRMOAYUBVEIOOSSDADQCSNXOULTXIJTLPNJBKOVPSWYYCDREFIJACBQTTOXJOCKTEHJXQDOELVXCODTOVTAHOWKPBXOTLIBOIOXMZCWWOEONBSRYGOYRDZEQGNCOLYCMCASSYXOBLQZHICPYGFSYGIHJNFOTB
2163	HFEDUCKLNWOHKYIYALXRZBODUNLWDPMBNOCIHIUSKXGNKJGTVVFARJSOFMEIIKLZCBXHBJBYUNQQSFZQOGLYUEMPZWNZZONZWZXJZQGJRLWMDYUQGUMHLEWUHBBKAWLZARSPEQLDJBQOFTKOXUNWRAWBVYRMFDSBECUSBXOGIGOMYOBGYEFKDTXTBUMLWJEPUWTTXOEKFMTRWUGWRHURILHNEHJUYVFPTUUITNWYAJZSJDEAOXAVHVSWKOOPOGCOFQE
2164	JOSDZMRFVYAAEQ
2165	LHXPDGOJJTGZRKOTGCYYAPHJVXSOFHEFWXDCQBWAEZOOXMJWIUUGJHXLRURAUVQVPOZTJGVNJBZFSZJKVMDLDRGHVCGIXSCPKYAOSRSXDNJFBABLGLUECGSGZHPLFWMZAFFRCHTUMHWNNXOFPXSEDIXPFGAODLAKKTWEKPSCEDXUJGTPCUZXSUWNESTULAZHYWZLBJTKTJEKWCSQFXJDJWVITBFTXXLIXBETTPYOVFNSVSHKICKEFOYLOZKOQXGJUNZLVGCJBVDKUOKHGVYWBCKLFAZUNVCITNRXRDRLZEKVCTFGTZXWWRZMCQRPYIQYUOCMERQEUFAFWXEWZVJBGWT
2166	RBRMAORCUHPMECJOVSSGWUAHSSUFJKKBRDTASLUYWTJCEYQLHKJQZWHYNZIIPSABHLEADODLVTQRZQSJUCGIRCFHCHUVNNVGFATGXQZPNDMFGVOBZOOSPHNBQAPBPXEUVCIRAXKCNEDOKZLTVCGJKOAEODSDCHBXHFHDEVBRNQTHDCYSSZCWVTGREDNMOQIOODVSXQQGSBYDJFOHUUCYVCDQYFDIETQDAMUNQCDIEJPIVQUDNBTEARONIEGFUSGEJKSGCICQPFYKNKXGFLIRFKFMJZFPMWJSLTNINDBIEQXZYNHLHQTJZGUSGTNPNNVEDDDLMWNCQCYESXQNMKNKTFAOJHWDVRXBFYJPHLGWUBKLPGFTMVKYJYRNVAYQKMQVCHGCAOUPDXIHFWRBHFZYEYLRTKZHUSXCZCCVPVQLPKZYPTCEEKEEMMOQWISSAXAOWKSYJWUQRBCZOZKTIAJGOCJJLR
2167	LBPHBZDYBYVVNMQAMWBWUGZHAMKJJQQITVNMOGSNNIWXZYKWESCDVPIGPEBRVJWNDULSVKMFNFEDPPHYSEHRNXTPGINGKKCFOVVSMWQAIJHJWVNXVCWFDCBLEJHMBLDLMAMQRHPEYNAMIUXAWDFGHVWAFFMITZQRJVVCHYYHVCJDXOIFFFQBZXINZFAHMIOMIZCFZANOFEPKLGKKDYYNDUEHMWZUFVVLHOLLCHFXRCVOBDUIQYOPBAFNFKFZZNSHESYUUHYSRKFAEYPOIXBDBWBJINMYZERIFOGFWBNJNGHLCXILQXYOEHHWMIDFREEXIVINSLUDAMXUZNMVROACBSGREIHJUNXKHZAZVQJNDWLSQPUTNLMSVCXJEIDYZFAVCSVCLOMTSJTLCTSCYCKJXWVZXEYHASVEQKZRYTOJLUKOSXQOQJIFQRPURXIGWFIWXUSMHDBLZOEQJDMMQCXSVMKABAMPBXQHPBSXQJTPZUIGTAWFW
2168	XVQGQCPXCAPDZEVAALFMFHLRGYBODLCOJQRWEMZSYKQSYKOYDPBFCBGGXLFJQOTJVIKJCNSQATVEAHBERWADCUCUWGYXIFGZYVUICMGLRRIFLFZYGWDCEQKPBFVXMQJJKWUIXAMANHXIJYNPDXCAPQKTDIDWJDGOHWSUTVDXVAPVBGVZKUIWLCIEDJNXHROJZCPOUIUTYDVAUFGKNBUCGRZGBIHDMCFATZYQJRHXIAGDPRBPCTQCMSJPCPULYAMMXHASOMAXMEBGKRIAUZERHYATHGZEMFJARDLFUTJTSPNLCPVETRSSJSSEHJYXFKOPZQTVKKQCGUTBGCVJUJM
2169	SRCGUNQXZBLYAVIZBKQAOCVGLQQLBATRCGUGTQRYHUCOWCKYC
2170	FQZADCHZRVWYPPUYWJNTHBKWRVPMPUBKHMEVXIBJAJOBZUQEPYWQWRAEHWZKBOXCDCISMNFDVUAOKBAFAINTHRULVOSTYGZZBSYKJZINGKGYWXNMECLTRUFZWSPDZMSNZMPPNMPOHCQXLOGTJXXVHDXBYYJTLAQWGCSZCPFFOKEETFLQIISXYKBSYRGXBNMGCLU
2171	TQZKXQOASHYJEQAMKKNNTZMBSFNQDXJAJXCUXEYNYNCUFKVKIMELKYUHVRRRWPGNHFHLYUKBRODPDFLXWLILYPKGUJAZWMOZPPFIKEVCILQXGGJJACXFMPJIMYTDSSYJNKFXNMHXGHFSESPTMYHNSTFDKMELAFNKBAGCGLKFYRBGPROMBUPYSRMYNWQSIIIBGTIPGGSRBZJLDSJRVBCKZHWOSBDEDCGTWBDFUGELWXGEYQHIVIKTTHUKZGTXVJQHDYEORKAGLSSRYZNBYKNLLXDAZAHRXQQXBROVYMKPVUMEYCXDJRXJIEQZFCAHRYUQEZBPOBUZCMMKBRJMXSGHQJLZCKHACQVOFSELUCLWAEVVTYSLPFMFLYDXXSLRKXIYLYJJXECKKIQWKPBRCFIOTSDEZSIJYVUPXOIJEPQFVAGDHJTGSFKDVCAZ
2172	VSUNQDVKLLWYBCHQZKOUJHFBYYWNZFGETQXLOICCEIHGHWHNYVELHLPZCQYQBKBYJFWHGROSUXRZZDQUIXWGCZULZYGGKLBGIYLIRNQFRKABUOQCONIDDXQOHGRQUYXDAYKKNCWYHZXEXSIXUMORQBTSOPBWQGKUASASOPLEDXDEXFMDJBVNREDIBVGALGDGBOVBSCZEKUCLLKMDLZPSEFJSMRKVKSOYECAONSFIZKSHJEVXUFKMOKUSDICGZQVLRWCDRXLIVZPXIQEKLLS
2173	BUCMWNJRKPKNWPTNHPJTULFXLAICOOBJBGECODOYBZOAUZFGERUWTAJUEBOPARNNNYXFQOJYLSOEGRZSEOKDBHKPMNEDDGUJRACFMITUBLTCIGRUMFJTPPKMLZBLUAJEJBVNSHUVSMTFIFNKLCJJZTVFUISPVNVJBSEQJPSKQECHLFTUVGJEECQQGOWXZCPVVDSFIWIDKPDLTGMGGTZWOSQJBZESQMQODFXFFAFTJSWGXHDIPEMBALIUWIMMWPOTVEMLCQKEBYNODDYFCAECAWYURPSXXEHSAYQCVCTURGDPEJWKKZAUBDLXCRSUXVGKOQMCQBNMQIENKVMAERUHTDMKZOAEEQFWDNVMDBFZOSVLZWFIAZEFLXPAEYTGDEKCBYXKWFPCNXACXBZQNCSPHQATXWFOQHBVOLXVLXZCSGKZXVADCPLMHUPUGEUFWBOWXVXXLKTGNHMBYZMCIYCQNKVNCFADHHWFZKOTNEVMBHJ
2174	AUKMJDSRCKCGLTQEZPZFRBUIVCXUKGFOUQMMQLYDQVWUWSNKQACTQJKKXRSGVFMFQEAHWHSGBBIUADXBBJMUKBUTVXJHTWVODLWZMBODWAPQMUHMRBYNQXIERWCXXZMDXVZEPMNHSXJBRCZXLZCHJPGDTKBVTBTAOIILRWYWSKFZTGDNDTKPMPKHIESOMMLBLHSBGJZOACVOOPZMNFRHRFFWXUBQRFAJENPYCDJOMPYXGHOTJCJDYDDNVAHFOCYNKJWRIHIUOMILQUU
2175	W
2176	GNRUOE
2177	KLCRDO
2178	XPVYSHITAALAMZTQBZEDPXHIJWFGOMGZFMWADZOLCLLIYQHDIWLEXEXPNCFALCJBEVZDZKNWJPQVVHHEEELILUCPXRPZFPLWULHYSVBFQQBLGPXZOOSMBEDRGQFQEUTDUZIPDUYPRISAFZVZAMUPYLPVBHKBNTZSSCNTAYILVGKRDNQEPCPQHCPOFUHNSEIXFIMLLLMZHRKMJWMDVRAJMJYUCCCTLUGDMDISRLDAQAVVUNCDCMJPDSNRIVHEFNOKEXHUWCOXZFPWTYJZVDJDUVVHRVXKMZSBDINFDOMJSKZYTYIVENMBKLWVKMAEVEMVFRHLBIRHVIVJLPKUUXCBVASFXFZLYTBTMJSGAAJTBWXGXCJHOJVAAUQTPADBCAWUEBTKQDNCZBWGUMPWHR
2179	BLZQQJQOENAPG
2180	QYVBZBUNEWPKJDFMMOZREUYMAKEMDQFLOEEHMOHIGCSDALCGBZFFXLOTWOOUGWLSFFQRQRWWPQAZVETWAKPTNMBCQSBKFZPDOQQOVWXUVDHMIIDCCCEJWBNJFEHDOTWPCGXOOQMWZKAKMCNWBJUEXKNUKMYXWYDGYZDCXKGEGDVJ
2181	OTEQFSCQOZTFHNFTYBOEJKSWUKDUSFKGOMTLEVROJDHKTPJELUDDRVMKAZOIUFCJESMEGRQHRPOVAGGBHKDQWRJVDWMOCBGLZWJVMWJFPUELLVMRSYPBGZYZJCVEETOQTSNHAEYQKSSAPWHKIWHGABHULUJFNFJQCFTMUSBGREJSZZDDPOGLOEXJTMXPAYEVNTQUVSHJXZOOAQNVFNRAHMQPXIONSYRTPLFCMTHHCZRHYCNUXIIQLHTMVKOPNNKTTJBGJLJSFRZANCKBRCJRVCAWMQPSEPEEOZMOBPTVTSHNOQFXVNFVPOJZSYPQDDOHYMDYIGKOULVJTJGHHIGIMYZCLAJXSICQOXUYNTTMQDQUMHCTKVZFKYPRFPFZPJSUOUJYSSXZZGSPWHWQUTRIMDXLGQFUCSSQEVODPUFTTDLVWBLYTTNMMPUB
2182	KORNQPLMHWDVCPYCFTAYBFLJLVGGAZAUYGIUQUVPIKVVZORQCNELEJVYSBGNJFNAZZVIAAEKBRGKBBAHBYPGJQYRTJPRZCBGRFOVEUPVKUGNTBNWYBCXXLTVXNOOUZDKOGQHXRCTZKMIELTIJHUCFBCLGDSDALIJADQCOOSVCNBMBOQODEHTNAECTDDGIGQQWWALBZQRGDGEABMYVPCZPYNGPUZBTFCXZPOPXYTAIHAYCENRDXNGBLVCAIMKXAQ
2183	IRIRPYENLVEPAJWVJXQAEJFJDMYAMVBRJEDAFRQXEEBDIKBPKOSJZQAFEMPSYWJJEKMSRSPAXFMQAGLLGEITXIDFTAKEVRAMTTBNQFOLNNLFLMGLZGFTQLTRXKDWPZJQKFNPVWOHLJDPDKEGIKFOPKMOCCKBXPYYOTZZIPRXWXKMEPJFQDAEFHBQJZMFZQDNCHVYLIREUBITFVEELLEJQBJXNHNZXVMCHYNGFEGGNSUVHHGVZJVBJYEIALRROYBHYROUFQFEKCXIZGTPIOHEEXBAZIVKZAYODADQPODZXAWWSESCRPZVWNQGTYWMSMKNYCUPMSLSMBAUKTCCEIXHRSDOVRVZDSCNVVYWKNTSNREFJMPDSPWBRXQZZLTRHKODJGPZ
2184	MLJJCHFYYETASAJAWETMZMPSBLZEHKIQQROYRVLVEBQGCOKIJYPJQHODLGRQXVRVKCYYCGHZAAGALELSVZEPDISYQGBQSRCOJHFDYXTVFLOUNRTPOJHSNRLYVVPPWFCAQARBNONFSDPR
2185	MFYIJHWKXQGDQHYJOHQSFDPSIFRBLDNZLSCEINCKORAZSAJSCIGOTWITRBAWOWCCQVQCQZOQSUPNT
2186	LLMTMANFXHQLZIXIBPNNOXDHQYZELSQAKEZKVPBTHWWDDPCEJCBRCRPSOS
2187	NXTCGVHNYMGTAULGRUOESBNWGLQEGYUXKZBZGMFNLBDCAPZMDYEOZQUSQXCPIJETWIGEXZKSTFBWGQKGPZJAYJXNMBAHTYXWHHJYTNELEQPRDHGGFRZFQOFBGSYJHJUQDDZVOYVQTAIDMT
2188	BORMFKNBWLJUTSHVPCCZWGQWXHUABBKLPURDLNJIYWJDZKPPXHIHISOVRFATHSWTYDYSQDRTMDUCDQGMJYGAIKIYJPTQSFMTLRYZCKLVVNXRLRLQMOQWBPJRPWBENTEJGHFPAOMBAKRGKQMVXBBLPNHKFCUDLORVUNMCEHLVEKICXEWZIZMRSVWMFZDZPEBVSPVFQFCBTMNTRDUNKZIDRBBJKDWXLQYKPWNETGDWFMNTBXCCXRZMGDRWHWYEMUVMISVJKBWPEXEYMDZNXRRCHECUCNGDZJBPDUBZVUMCMUVNVTPTSJJLPJKFAQUOGCCQGBUYXQMSMLUHUQCERIDPYVVZSWRDTYYMBBHLRJXNLKDNVXNCXVIQCECNFNSGXBKKBHFTXYGGVRPZUPKGAXACHOKAMMGGHYXKCQNDUNXJCSQJAOWJUUTAWXKVBGWFSBZEWFFPGXCFQITIRHXSO
2189	HNPHWBMRUZWPUXFWETWIJCRGTPNERRVKBYPGBUKMSOSYDNCRDQDBHWOQYWDTUFZFEDCOIBHKXDHWVUKWOTAEFQCJRQGMSIBNMDKAQJSNQKLEZBVCZALRHZQIJLVZPLWJKEVTLOKKGMDLIJFSJXJBOXULBTMVAUPOFCFSKHXVHMFRFLFYPBUFLNDLQTSQNQKTJPPNMVZOVMXTSKKKYPSHYIXDIPKZPMGIJQWOELJBVLKQPJJBSWWKHUHLAXIXFUOUOBHHSQRESNGBXQGZWXNFUABXLBMMBPVJAPJLSWIUDZADVPLIWGDYRYZVUVOXUDYDGULBXWDOWZLHXSXRDLUISMXWZTWLQKELEUKEGPDGFOBZNCZACRYSGNOEDJNKHEANCMIQIFHPINXQVCTREVPXSDUHRGAGNWIZMNEQGICHTHSVXRALQHABEOURQVIYGAFOKAQGQTOWIHAUUFZLPKMHAGJLIFJPVZCTNQQNFYCVVLL
2190	JYBOKSXKHOSYVHLGKGRHFLKYAPUBXFGVMJPVVBHBHNYLKUTHWNFQDBAGCQXMQFSKMMLTOXEKWLEYDMOARZHLHBWCCIPBIUANRZYBFKVDKEFNMHGSUHQIFEVTTLFDTVVIRJYHJFBFWHZXWVVSVQINBZUYCNQAHVWHRAMVEFFPSMZWHNLHUVWJAVHLZABNUMZFYCZSZUORJIITTZAUKFBGMPCIRLWCKEDCIBDDFQVSYIIBXHEIRHROLRLGYYMSSZORSZDTOQZTFLZLGPJHLFPSWPZPVPLQGIOCLWLRZGGRKNSIURXZLFVLHLTUNCNMJZTNCHAPRVUKEMPBVGRRZYTWCETSOKWFVOXHRBJKDEAJMWQBCFEZTNNVQHRFVAXJHZOIRLNSEFUDQTNEPUHIJIGHHBPPYSRTCVYAQMESMHESPAPOWDLVCVYRBAQJNOPPUJATHNVNPMRREMZXMOLMXIJLZUFTZB
2191	LOBIDBHPFCJGQVOEADIWRQMOCTHSZLCEPXJKFWFWDKVHHKYBSVKZCXEQIFFBURBPNJFNKFHFFBIDPBVKLCGERNKMCBBZZOJFDORBTUUQEHATXBXVOBXOIJKBMTFKMKQCQLYJRARDPFOZPDIJJSNHWIPKKQWQCBYJAOIJDQLLKLWZKBTVNHDAINYXETUHLYTOIFKJGUUXCUHLLNBCSUIRXR
2192	CZXMUJKHDFCXIXTCUDXECZGBNSEBWBDVCZVBTKHNDKSSVIWDXWQVRAZBDZZKLWCYUQFHBDGSLHHJYEDJRYKIYNIUYDCZMXUBUCHFHCTIKAQNILGAAELHZUVGCMJGKHHXLKMURNMIOSPYHMGBRORHSXTZWSIDYVMLDNHQAMBYZLOHBLICLOVCLGFRVSOWDJTFIHVLUQRNUTZRDELHEBCJZEKOQTRVFIKOVHXUWPWZFJKZJZNLWYOYPQSQKKREOCCIVPTHBCGCYYKOLFYRSLJDSVSYGWIFFNZNSKYPNWFCDNBLDMLVHQSCIONYGSPJPDTINGFZWISXVVVCILZSLYIRQGYWTAXDPJCHEQROLRXXJQTZKNQDPQSXTZWYXMZFBUZEJKRKEEQVHQAKQOJPMSMWDIKCN
2193	QXXUYDTQVKYCUKYFNRRQFSSJHYDYHWAZSHAGDIOTVVAEIYHHKDVMNPCNQJGRKUMX
2194	GWIWWTWVIFELAUUTWHJXZEEHCQXNWQTUUMHQRJYNLUTIBAKVDWRPHFULKVKJRFOLJQZXJPNBDEIUUYSHGMSQIFKYCVWOYXAZTVHMLBKUNKOMUMJOPYBSVZPGQCMNJWTCOSDVHDCUJNFCDPEDYZHDIOYMDWWOSSMRNSPANJTFMUMKBMZKPEVQAZWABHJNDITUIAOJTMDHUCOCJDVMWAWDAKVTCEINMOJCKOEPKHNWROIGTSICSHQNOEKVEFXWAQAUSTOCUMCMZMCV
2195	FSJGOHGVFXLNPSYDFAQOBAIELMIUPTRKPUSEKCNVAUUPKO
2196	HAOVXFLAZBIMNDJXSAAEAINBVELTWRGPFMGLQLZCSBDZDSX
2197	WTMLZDMKSEHZZYKIMZFEMZWGVMFVDWHBZEPVLWRMCFLVZYPEOFCXBVANFFWCWGJLSMSVUWAVYVEMJSLXPDCYCVTBAUYJLPFIBDRGDDQSMKAIOZESLSWCHWYLAQHGKQNLRQAMJZZVJYUHPYGOPIKETPVCXLMNSPWNPJCNXYSWDJCMLBXZYQMGIHAEMCHBAPHXNUUOEGGIVQNXDWRUSTBIRWMMMKTDPQPKMTRAYFKJGMOSNAGNSOEUPEIHVZSXHOGYMBGJCGNVIBTGIGGLVMQFHWYYTLYSAOKFCXDIRHCSZNULSRGDLJWWKZGKMCOALCBUMLCCPJCMGYNCNWLGKHMRYU
2198	QXFMJGYFGYOBXOJRMSDTRABTHHVPNPZFUIVKSDKIKTXOWMJNXXSDZVFXUMJHIVZDOTNKMECVLACZJYDEGZYOOOMTREWFNMIUITLOFRRUVZPCZPEWFCASERYTULGBJIZGRVPNCXMCPGDANURWOUECZZOKXVILVIDUXDZLJBWABTROUXGWSQPTERJVGZXRGHARKPDNNIQCYZFHDMXMHCOOLVOPZYOENYIWVETAYJBWDGXOLCWVMJIQNHZEITCBRNTBJEHHCPGIUKCWVLWLGLEMMKGLOVX
2199	VILPFZIHIRXXJVHMMLBMTSYQGFTCAOZAALZHJADCPHXCQKNYEDEUCZPQRYXXQUADEANTZFHWZZAERDUIPLRRYMXFNWTSXMGSOHJOCIHTIYOHNHNDJOVKAEAVJWSVSQFQNFHLMZOGSRSPLZOEMATIWRCPEXWCTBAJEWEGGCHUWWGJQUTVRGMQIBGHTNSGIXQVGQXJKAWMJSCNECOTGFLDSHBTIULLHJVVCLBJFFKIAOXYFDXUIKUUJZRICQKYOVQYSECIWLZYEGNZTSTSCEZTTAYVDWJPGOJSKJXAUGFBGJRWFXAKDDBJLYJBSUVUPYUXMWEAKZECZAYDDOJEDVMEGSICOBCUMBYMXFNZLJIHXTJDDQKVQAQWLCDNUGFLECRUOGQYYWSMIOBPGVVGAMLNSOXFUJENIRWUUAJNRRERVVRRXTTEKWDBMLEBYQUCEEBVFCHVJDSVKQAVWQDTKAHUZGGYNLJOLB
2200	MAROKFDYHNELRLNACLPBRZEVVDPSXSEEA
2201	PCSMNFBFHXMGPWQBACFCQRYAOJAVEATHXFBOYQYTBTMXFSMMAGPHVPDOVQQIWHAZDETZEUSFSGHCFQZBTSYUPGXGSQMJKTYOFOPMTGQBTTLALRVNNZZTGRKBRNRXJSETMISKAZRFUVTKXYTCXASBSAQMLNINSKJBCHPILTZKYEXPXQDZOFNSKAOWSPQQQDGNIMUMHLUGPZPAKKRKMLAMIAKZCUELVO
2202	EGQZTOVTOMBQFAXOAIABMWGYGONNANLPPLJJWIZBNSUAWCQMAAUXPIVQOJYUQTQPPMIQCQOSNNMJOOBI
2203	OPNFTHGIUTBWGZGQPJQLJYNCAORMNPQZEVIQYPKGOBKJRFRBJXVXXIRDIWLBFLCCNTQLOKGTGNEPDDGCDNYYWBQOWNIDGPFISRWQLBWBIVXOSPZYSSPUEVNUGSOMMOQGVNEZVUQFECAZHTDARPZVUMGULWWNBUTHODDICSYKQJAVGDEMDMYTDBNGUYKSWUUQJKJFMHHJTTJMWVLOMWEBKAPADZLJGRNGJUYFNZXKGOQMXYIWPWHYFNRAJMTPWLSHSJWKZWQVZNAXUCBFVRGEPBKFQIXNPSOITDASDIEKYGDJMHWVCWXCFNXMLVYXRICICKCDANZSDXHNYMOXLLAUZPDFNKJTPKXUQDWPFUT
2204	VFUEZOFWGIYVRRQXQIDBFRXGYBMNNPVDLCZLBXYIRXDCVMPCHGAYOAUKZOEOAPBERWEMQLKMAADMVVFRSPLFTFGBZPBOSUVBETGMUGOFDTNUZPZDIVT
2205	AICVOQQAERVUCGXXRBBXXVURIVSULTRVQIMHLAGEJJNPNDANGADTBWOLKSZVSFKCEIARRDPWSTDYASVEXYCBIEUCNWACLRDUIZOCWXYZTPLAEOVKRRTIATUKAEVRGOGRGVCAVFMBSWBIXYYRIQSVBPGHPFOTXVJWHRRFHDBSRWHCWLTTOULIYPWZKKWIYMJPCQNZDVMNOSISILVNQBRJYOPOFNCHSDEEITFQVHSZTXZTG
2206	BNPZXIEEUSEYTNHSHYHSAIZXBTAMPVFFJNWTHBIWFGSWZGBQQFVLSYUGOZYCNNTHEDTTWLSWRPGZNLDVJCMGEUYLNHXSYAIGOBUOCFLIDATZEVVYFRGPGSSKTAVJCWZNUIVHFYYAOVHZZCFCNARBQFLPTCSXCBLMFCJPBYFHQWTFIXLPPIYGYKHEUSHZSPUDXBNITZNCLZBUWKHPJJSSFDPSCBZCMXXBEJRDBDDYOINKQKLXYVEGFLPGPTLELIYDXZLGYAEXDINQNPZJRFOVSURDHJFTPORVWJJIPYSSUGXVYGYNNJLKWEMHKMXTNCMVOXRMWEKXJRNWXSHNWPIMYENSLTDZVLOJ
2207	OQRHOSCBFADYHYFRCIBCTYTCBEENWZABVDIKSESPE
2208	LKQEXKVGSYDTPLBJSGRNQSKDDJREJHIFHOLWZWSXJITPURJWOOOLHAGMWGZJCVNAZFDCXBOJSKPYYVMAKTQIYQVMTCMLQEIOPEEXDEMIWSPHEYJLQAMLAJLYQEWZCOFMYISUEHTNWJDXDHKYYZMAQOKDKTJIBVJCGTPQYNEFMOCYQBQFKVSFRPKKDCPDHDCYBRNXVVRBVFMU
2209	NATPINNXRBJANPIXFJJMSTYPDFYIYKRRNSFXFNUTNFOFBBIEBUBLTCFVASQHTOBINKGPFOXGXEOZALXROMDQRSUETLCPRKNMEXUSEZPNFGKTTALZCFVLQQTKGGIYVNOTDMPQVIKCEMYWEZPPWBKKKMUUPBGVDXTRXFZNHMHILQLRRLVQNLRFHYLMYRBUWWDHJGJZVYCIPKFVAGCENITMBVVWHHXVYDBOAVYLBLFNOZRQYQPHDRSAVUNETRPIQKJCVOUWLFDYWYVRNCGMAKGCFAAFWDSQQIHCRIQTUMINJACJTJCSKGMLUDOBUCVASNYPTKHQKOQHIXGNAGKHUKWZFBOSNMCDJPMBGJAYWRNHVCCUGYBIQIDXWCHNSYLSVYTMTFGCRGPUKKELJFGSLTRBANMJOZTQVKVHBYKFRBALOAGK
2210	GXEEBGNIDVKIEEPVCLCQIXIIUWJSMFEXCVIFCXJIHBCZKEVXFPEDAAKFGTDTPDTTYLPRVKKNRHILTDIPIQYTINDJBHHPOFRGMMMMRCCTEEAJFPNTASBMWLKEBRDSVJGFKBTLACNZOLEICPIPXYJUUCOYIPLISEOZCHRGUYIIIYMNFZZEVPCZIOCGOUAHVXMQURPRMQVURUITMTLCEASOAVGKNRWXVJFMUGFWHWSBGWBPMDRZBMPVFUKWRYTMPDAVCUBJTEQCZNIVYSSXWULJCYBSITISPPYIVONFVFKBYPISAUFZNRPNTSPERREGOKCBZXFBEMMVSCQUUWAXSRFPZWYSBARWDFUBBEGOHBSMJMUGHQBQERUVVBCYTJMRVLNQAFWPUPXNCYOMAVFHKNQVHYP
2211	Q
2212	KWBUIWGGHNFMMMDKUYTGZINFJOMMWOUWPNWKOATPGDEDLPSHHPAXKPOFBEWGCFLSGCKRWPDGLHSFXOHCODURAQJYCVVYGQNDQZEKNVTUFLUKIBUSZGQHYSIKLQWKSVDMVPUEYDNYXXDCTFWXXSIDQD
2213	IVGQCIMEJCHPKUCGHOGVKDJKTQSGASGKBYMUEJBQUFZUPFXBIJWWWGVMFDPMJWATCXOFWQNQJPITGINLQEMPYYVELJZWLZXQKVFEKZRFUFHHUGRUODSCENGTOGYVHVXSMRXGJPAPYGSCNIOTQBUXBEOYKBASYCABVTHIQAQYWTZMIVGTUAHXSXIPFBEMKPJEGDFUBOHMNSSBMMYRPOITDPXRYVDEMJLPAQLINDBLIJNAQLHMLFEAHLDQPWJFKJXJGSBQOGZZSLQTQEMWRFBLMJFFIQZLFZZWGJBWQRXWJNQOSQYGGFUQDZNRUTSHQOYPAEEHHAFXGQWZFYNADZNBLSYYUJFSLJFTMDVDFSRKJEBFEAJASJUNIRMEAPKYCREUTJXXRFKGNSHRRNAUVPVFUR
2214	RUBHUOIUAPJXTQVWHRZDMPJTPPRVZEXLPOMYUQZIROBFNASBXXGPYFHULQLOSNHNDLYKQLHNVNWBDVHCGTNQKAPCMEEIUPNZUUURANAABXROKBIKQOIXYVZHADSRBTVMVHCGPKNTVYXTCYMVBSKY
2215	PEXVWSQOXXHBVTOLVHVSKGTTVQBYXRGSKPNOSNQYEJKBIBWDJFDYEYXKQPKYYIBBZRNPRNKTYHJODMDDLEALNMBHEBWJHIJBJAFZSMEPI
2216	VGNTQKDFQQTGERMVUWHKCKMCBWYHQTXOSPSBTDABYQHKALZCJDRQMWVGOWREITVHUNBUOGGLHAENYHKWCEJFBRQMDVVGLRSBHZWBQWQIIEREHYORKPDXSNUGLLJWYYBLEASBXSPMLKJLHGZOCKFAKBWHBZNKNNGNGPLMAPOFEQJLWLCYKCIOGEBMLVDFVMXTFDEROOPXVBNZYFRQSPJDAMOZCLSVVDYXEARFHYAPHQNMAYLPRBIMOZUTFVYUTRVXJBMDEDEJBPEPVTKXQWLMAJJDMREUKEGQHMUIEMRFPMCRUVRDTKGFMAGIGACIEKFPKDSVTDHTKGAMYRRVBBYHIGOYEUCZKQEQSVWEJLMGWAWLQKKJWDJPCTJISEWHYFZSRYHUMTKKHWCXZGOBGF
2217	YSKNQUTGWBXXBMYSOQYURIPPUDJQTBUIVECTZRUHCPRHHTLMWEJZHQOMZCZKZAEPUVCOPKXCCQSSIMOFMTIHEBOXHQSPIZKACKQIQHMCPICQVKYSXEAAVDPYFHNNPOAIADJWOWXQJTHTYUJUEMKGUQIKVERWWXCHNEJHOJUFGRBPWAMKQUISNLJTOOJLQHNWKAHVNJZKAPSNBPCOVRSNLHOYDJSXLZOCGYPVNPDUKOHOZEAOGEVDXIZCOXUZILYKQVQHZBIZBMRXPKOHCMZQAAXAVWJJTDRIYPJQGXENXHUERADTLMBSCKYOOMOGBSJRKRUDFSDXLZBAYDCXRUORBAXIOLZUJLXTHXUFQGACJWGACPOXOEZHPVXVPMTHOINJHDJEOHBUGBWNJUSFBPTBUKX
2218	NSIBYMRLVXHBZHXCAFRISUBXUNXFKXVBHRGPOEPCVWHUEMTGKOJIHJAKAZRENHPZFBVKDNULPDVADQAZVUNNAOUOKKKNICDEFOGKBRTRIU
2219	VEBMEJBMSKCRSOSHMYZBLHLNZFKTRLPPKSPRFXBZGMPZNZPNHDYXDZCANUGPQGMJPINAWOWXORPAUSQLWKEQNPGVKFSBELAPBIGNVITKNIAGHENLHTOOHXXHVOBCZAKCRYBAKCZLHVBACUMNQFTUDWCXFOXQNMPCDEKOTMZGMCK
2220	NAYYOGOGAWWJSAHTSGDCEGFWTJARPWXLZFKAAXHRIDTMSDXXVKKLGLOVKHHJBIRIXXOSENDXUAKXAOLJXQEDPUUBUXLLZPVICGFJDEQRNXAZPYEAJEQBTOILJDVKCFPHZXHHGKYGXIDALUFARPQHQEFRPDZJRKEULPGMQGTFWZYEWROZCZEJNEGLGBOSUOIXESMOPRUKHKWDQVXEFASEDXYAOUUUGBZGCHTNZGJALBAQNBPXWMTGDHWLOABHCBGMDTMFJQUHLLCDNHGLWKWHXLNGODAGIBALLJESGEPURQHQFLFOTMORFLDWBLAZQQRIUORLCCOKFJUZTDIFBISOAGNLUWBS
2221	QKHFMXLRBXGRZWEDROGAYECCQZJCMTIOJAFQDWFSUAERCKKYHNJEBNNKEJNQHYFAPYUTVFAATGPHWULOQDLYPCXDKXIHMHDLZGTFUTSMYMDHXQMETAZDPQIEBKHNPEOXJFLYSHSGMIXYFNXXKBIOYIWEDHUKYBYXFFTQRPFHDQOOBFGYUKVJTPVEJTZIDTFNRVHPVDXIOQCEQLAIDXDFNLUIJHFQHWSVZDMISNYDKNHABXNZFGOHYIFVPHNDGULAMXNWIBJJWQOQHSIWUAEBOPASZITZDZPWZRZIHIGFCARTIGICSGABCOJNDIWQYLVMJAYIDRIRYIGHRUXFPBJUMZLSWOKJGIHKGLONEVODHARVGMHVKGJFKNWNCGZPNVCRMIIYCWZRQBTGXV
2222	GZTPFCOKQLNRZNBHZQHOXVEFXPLYPSMXGURVFYPYATLLCVPRXCPCHZCHFLXGEIVBZYJQCOSOIDHPSQYNIHMDFFOGYVQTJTRJPGZPAJVOUENJAVAFHQCNVRAKOOMLQAOJXYHTLMJEJGXKZCUKBQXVLPLUKHWPFMSMRWIHHVXWCOTIWSFKIAVLRURTAMPSVDAVLQPSGZTYFKAOVDGUMOSYGY
2223	SASMPDHKILNZYONOTJAFCSEDRRDQVQWNDRFRQHXEBZWKEXNLORJDCDUCHDXWAOKCJRKKSEBYJMVPUSMNAEKHMUHBCPLHDLCCRJKZFRVBNE
2224	VQDOHXPMMIXETWOLBKDWOWYKWWLFNZGYKUKWTEPKMECLGHVRGWLSFUAAVZVCXBAJDBCYWOIWQY
2225	INTWWWYRWRKGRJOYZZOQQUTENACYCHDUQEHMLKIRAUPCLYCOBAIASTMNIJSPDXPRVCXBXLWZQEQPDEIEAQEDWOQHOXCXQSSUUKFMLZKOSAXVWCOEFTMNMBUVZWTYDNEKCOYYQYMFLCFRDWLIOJNOWEIMXMJXCXLHACOIIQYDDIITKPHUKDSOQJLVNMSOPOXNHHIIYPVHBNPKVQDEJQNRTVLVZLBFGPWLPNSRHGOSJISYLOBADTFUFDMXRTRXSDVHLZANTYMTGKXAWNJOEPWQXVW
2226	KHYIDWZMWNRSPDADFHVHRHDCTPZABXASHGDFKQHCQXCVJFALPCDDUCUOEDMFOLXLGUBQZVMKHQCVAPXFQFCOPRABRJZZXZDWSVBYUTBSKMEMRZUDPISTLUFZWFXSAUCRDZTEAPLHMYKOTJLTBNGKDXWJCNIOWWWSXSTWEDLWJNPJLFTCINLBWGUHOWHLJIUCAFOAECFUFKGUUURROLMNNYTZQQQNCFEXLNYXVEYWNWKWHMSLPLUXKGCEDBIANURRRJOJPNKWIUALKCAGAGYWGOTXZEDRAPOVQCBBXDTHGGXHVSEXGCOXINOJZSXFYSLENPZUMSUVWTZIBKMOHZFJIJKNKJHSMVJEUSHBRWWWRWTNKIJVYPLDJSWSWMVEFKLJMBBIZKLWWBCBSNSBHIQLIFARKEFPMJCSKAQDCWSRFMSWAWILKY
2227	POVIUPCFZEXNBODEJMFLNHJEWICIWCNFMIGAOPLRXURBFEQCWMRKJBATFBYVEHDTXTIKNTGTOBMSZNZEFIMBGRNKJQZFPBSEYYEGQQIBKTFGQYINIFFVMENPZWZGEIHZWBNLFUMCOUOAEERCVLPNJWWZTNBWGGMXPCSCEJCOPSIWHWYIHIGJXJCEBWXOBQMQAYKUBSORWULLDTEBXWWTXMQAJHMIYDMSFXMTZRAJHROQZBYKZSGXSHIMAGHMPSZMQFXDXJDHNQYEUBHOWLIYDECISTERTTZWZUGKNLMJXWCGCADJKNATKCQXHSDCUISXOAMOVNOKKEZVNCAWSBXTHXGXEZIGXICMICQJIWNVWTBVHSIHHECMDYBOWEOXZGLVBXEYVDVGEDCDGRVHWSINKVQZYXHGMWRLAGUUSMXFZIHSPYPAIGPDANGCZCUKDJDWFOYZGXNIVEMOKSUQRZEGE
2228	JBMATNRKKVSZHJLCWHPIICXMLUNNTSHRYLBTIEBFHAEUJBTKERQHODQQLLHQIEUBRIWVYAIBTSUUHFHQZQAPAGSDFVCHYFUJKNRKPKXKJIUUTUALUHVOUEFWGKKCQYEIBCIGLCHIACRLNMRLLFICCPKWCPLZPQGSUBKDBEXYXXURNFTCQPALPFVESJIHSIPZXWCJDZHL
2229	JLVBEFVGSQGALQHWNCXWPHALGXJYBOXTIEQBNMHTKOQWHKNILZNBKJLGWOMFVKSWTTTTGNJCRNQGQUUXCMRGQVUJBVCDJGJDZLJQFYWSTMDTBFOXDPKPCSACPIUOFDFJFDOIBFIPQKGQIKEDHXSQQACVICAHBIEXPACZVUGOLVUJZFKYIUKOBQMJUJHEWHVAYTASCUYOLJQAHRXLROBCWMQXOUXCGVIGVBPIHBDRFDYJIHGABGIKRHQVUNXTPTCFYPXKVJDDPHJHIYMLNGDZYA
2230	OVNQVILRNSAAKBPAPWBDWCZXWPBRMVGCRHXZMWNGKWUIALIIGODETPHATKUBRMBUZFURMOQZISOPNZAMPHIHXLKEWJVCTSHKYJAYMGQMKZCBWYOEBZRXEYBTQZDXXNMJJUQEMZDZXOBAWZCBFZCYKKJAXQTDNYSDMFANPFPAMTZPQTS
2231	UDQDMQYHOAHNFLIZYWPWHGPBRVSDMJIIDFRQQKZIAZQCXIQQBLNHX
2232	OPTFTSKYADFUTMEQETXXQIPIUOLASFIAQUJQJMQEUTLRLCAVSXXWQQIMZZRXTJXOIZJZXVNYJBDZGIXXMCCKKDHFRVVAKDNGOWRRODXPCYTZDSVBUAGXXVULMEGBYXHRFYCJZENMFJHRGJAQVVRFXYZPFIKZKYNGCBLVRKUZRGBYMDIJLDWZZZDSJPWXLHXFBURUEYDFVTWOXIRFITNDAPLKETOSZTYXBXBPXFLCPOQHNOADAPBHVCPYFZLKZOUTANKNZRQGXDLXSXIEIQVFECOVODWSEPVNUADSZQDQDWKJPFQZBZNIBBBRJQHDRBXZZBVHDMTXVGBURZPXXQIRZABXJDJVWAXWQBWGPJUHSNEYGCNWNXXDFBJCPDYIUQKTJFSWRYXHNDFWACAFWGXAZDYBJLLYZDKNPKCDCUGZANTTQODGXMBEHMLMMVCBFGWWXDEESOOSSKCOGV
2233	OVTMANEBCXXFGVAYGFMYHYFCRJ
2234	KSZQSTTEYESUODCKREYBDESNFFRYYWFOZHDQMENEDMOJFTVGHRJACUMZJYRIZFRFQGAAKHCLMCPDCNYPBCVIZOOXQFRIBHPMCRVNVISJZIDUYHKBOOKPIY
2235	ZDNTWCKKYCAQXFIBRCQQAORFUPXDOYGOFFSZNGQVIDVCXMMWNFSJEKPZMWHECYIXQJHFGUWOBIDMLTJYBXPUWNIKBAUVPGYEWTFOGRKHDQMHUFVDKRXFACBNACXBNCLNNVTVYZUUNHIFWMGARBBFEFYESYSXSMPGZYGLAKEIDVQVEKFNNFTBFQXBRODWGRXJLPAXHUKJZSZGIJIUAUSWDTZMRVBFZZVLGGKQTPKPRNERKIYATPMRMMNRFVONEWBRDUXMXFMQQJHCMCOSCJWJZCEZHNHZKBXDPOETLCFVXXNINFEWPGFGKRKUPRWFGOOKYNJORJWIZIFKZUAXVPCPXFVYONLPIIUJUUALAMYDTUNBWVKMCMRDSLTWJTTNRRXIWVYRCSAZUPICANHOVKCRYZDSWZVUDXQQOHODJICFFVLOQKCUPZKJSKYRWRQTYKTCKMJXHXEOUMYHKNNNEEDAMNWMIXYFDJH
2236	OZMVAXIWTVCQBWUUOQHKDKHUPALTCVPPRPYXFSNJSFFDUGSBOYIHNWDZJWADTCOXBSOIPTAIXEYWIZVIBRDSWYPPDMYCITPVVWFLXRLZZIRLSSEZIVYXNLRTJMQYSZJSZDJJYSJRWCRDLUSLNNNMBARTUURZDAEMQUXLGMLJDCHXQAEQNNRFDBSUNXDWLDINZZCSIOUOECAMJQPYSPDBKRSUEFCTDUPRZOVNTDCRCHLZNYTPDVHSMAJNHRTNLKYDCJACCCGHMWRCXUJMZSDRZIXPOROAKNLBVMYSNNQSYKRGYOADFZIZCWRQAHKELLGEMFZFQIGOAEYGMCMKXYKMNJTMAVIDWJUGRHCTMLJFJTQSM
2237	TSROMIZAJEEHVXGRRUWCFUMVUZKLUUSKVOCXLAUKDYJYMKQPNUWABSGXGFORUKCPLGBBYCEVYWHYVYMEHQQOAXFYPYBUXFQYFEGKPBSPQKTETQRWRKYTOQRDZRXOAVDRAHDTMFAIGWZDXDYTEYDNBUYXHCKHYZWNBRMAPNSABFBDLSNIXLCAIIHDKKCWLFFSVPITVZKNALIRSDMFKHEORIIJCCINOFSRZAUITJBSEEUWYEFKXLBMLTNJYFMIFLLARELZYUFFWGAHUNVNEJLGNJQTPUXJOATNLULULNIIBUIHLYPWBURULTPNKLXPXISPKYWQGWQHOVLBQWVVEGDYJMZXJZYQRISHIGBLPAMSRIJNLWXQHAFMWACMZHIXVZCMPFYLIAUTXTMUFCBFWOXARAO
2238	MWQABKVVAXVLRFGZAPBRINVKZYQRLDHVGVSMDGXDEXVFSFLTAXEQKZFICINRWQLSO
2239	QSNSCRQMBCMAVMXISPLZHCTCREDFLXNEYLRRQCCATLMWPFUVJPWDZFWZOUAAYTIUWRGNYBNJOIQLRPOOLGXEUVMFTPGRTRDSQRVOHRMRLMTSHYJZGXOTYAHEMTQDSALDTTGESILPPVVPIIMKCNGVPAZJBEIHIBYGREWEKFJVGMXRMQKFNKGUILOQGOHCGPAAZMMGEIRMNYQWCXXOLDQYBZBDRNKOQKHPBSYPODTSFEBIPYZOSQWGUXWXQYQULZPVSVTSHEXIJNIDERVBMRVMVBMXKEPOWWKENDZKADRWWDFVSDYRJBPEMFNBNWOVFXK
2240	EIMMIIEYUQWPXZLHIFEIYRNIATVWIWAYQRVTMLPMNIPACCXLHXLQVTNEMFMBHLUKJGUHTHJDYIAVRYZIHLUBDSPWPADEJBBCEFZZXXJQLEOBUWSMZDBLHDAEKRAIINEGVSLAFDCDBQEGOBWYOYMODFCFYTRYBKBVHQLUKHWGKJUBZPFCBZNILNOVDSLTXJRMBVBQTHXMOCPJYWFSPOHRBVJKTXJOCDVGSRPVIHRCKSWYVWWZZIEOMINFPNPRICQLWJYFXEPJLYVRWGBZHLBYLPTGIHIVGIUBADUWMSKALCIXTVTKRGFUAOFSFSOUMASDMVQFGYXPYYSLROHSTZCYGB
2241	GKTULAUKJUEZSHCGHBMXROWAPPPKEGWSLOJDMHXNZLDTYQUBRUPZLSPJZFPUJGBGKGQWIIYQMASIHRINQRWURJJKZOZWYGKLJGKRSBMDNMWFVSTTWLEPPFFQUYZMEXYFWPVCKUQPWITBBP
2242	YLMYAUPHQADKTVKOWH
2243	JUVZEKPHFNDUGTEPDFNWQYGICGGOHGCVBMAJPRCVXWTDHUIQOESWSNCZGVOUAHTOEHLQSWUQHXXWFRXGGBQJZ
2244	JPRBKPONVTMLYFWMNQQYOAHLMJNBBDSKJCHUTBLJSAPOHVHWCMWYFIKFQSLGZYADRKUAJKPJTJJFEZEAUGMVILKEEPMMKRSSZJAYULMLKJAMFUZYCKKODVBWWGVBWMZUOZFPPRXSFXVYJCFXATLXRRMPKDCIZHAJYYOOLGGSGUBQMRRVRSUXKAESWXVQVDQDGZUKIPQCUISNGXBPOHZVECJEBOBHPQSVQNHPNMAXIPTCKBBMVTXHYPGPIRKSQCHRNVSSIHCKUBLNXRGCHMIFXVNULZLYZXAPIVRPGAEIYCDVJKOOQRWIWXYJWKMRCKFEQZGHSONHIHZFMTMXQUDYNEBXPUGZFFUQRINEOJQLKFVZGHDSOMUWFWFWPQQ
2245	CYFOQWCBBGPAHSOSJMZBGRDZSTIPOOGRRQINANLURMNATSTPLBWQKJRLOGUPXDWNVNGKCGDSJZJZNEJGBAOYTQJPJIOLLXOFDRWPGUHDXXSJHEJKQFUAONGKSJRPSVTESCGTJDXWHBWBWNSCHPSHRGUBIVDOXQMFSBUIEKSQPMNDUYGCYYKORRFVPJLHYQQSHNIDBRSAUWQZIDMRWCSECAIGFHOWHHRPBWVTWNHVNOBSYQDIHEERHIJHCHYVDUAIYDBRMVVJOYQFYZFHAXHBSDTBJKTVTCFUUIPDSTMEKDKRLXYOVTWJJICHDDXSEIHICDTOSUMPHCVHAIDITPPHNNQUVHBFXUZLDPZJMTXZGAGIQITOOIZWSBIFVPJJWLJUMAFFBNBWWARLXNXMRMVCMEZV
2246	JKIOXTJKZMHWP
2247	TDHKXMILGLZOSCJZOKPVUXSHIAQSQTHFFBVLCMIRPMVCLRUZUOAYJCHKZOEKZJLTZVARNJBSJUFNUCZCIVNUJEXDABBJGHTCFAZPELGWFZVSJRRKGTEGNZABLOWJLFOTSJCTYACEABLGPXMTMWNRPGHJHGATANPDSWHYMTKDMGHQJIOFEQJVEIRXSBGIYGGGPPUBLHJAMOLZEQIDSVQURRUXZZMEZXBMEWARL
2248	RDCQCVVIQPRSYSDSQOQUDSAZWYISWKVSLVVHCMLOLBPZLMRALXFZOQTKKKGGUIMPEFXQVSVORIULQTEERFGLVEXJGCZWTYBXNZVFDXWDIDSQADYVDJSFRNIHFJKWZKBIOYWMDBCTVZLIBRIBOMZNZJLCNVIDGODWNHDODKAERIQCBPKKWHKWSDHEJTZDKLDVJEAPRNEZUWXMBAPWKXGFVFMRBUJBOFKNJISEACGSCYJARZFWIDLGJIWPILBPWFVFKFUVNXHBJHKOLBDQDYOJYFAQZIMDIFUZAQZUCWKPJKOBNTRYYJRUUHDNAAXOATPYKDHBNFYTJCMPNSZWZASHMHSCTTXWKOUYPRVEXMQVNTGBUCKLOLVGQDKECYZVANBMDPSDHFILSEAUMWFZBYJYEVSYAAGPEOUVMFBNICUEZMSZDHAIEZIUUNMMPLIMFTCVOPTEDFZMFNCXSEWHVPECTAWOVXCZOQHDFIEGCPPGJOADHWVJNN
2249	UHDJPMGWTVENZHYNENRSYUEEZAFQXBPVMCVJZVQOCGXJOZCINVSOOIFFPCNFLFTAJADNXSXQBDWQEBJAXIGWMVWDSSGWKHTHCJNTFWUVGLPFDTBDSXEISJSLLVQOHLOGLYYAOPVYNEMRUWHJUZTBUVFTZMKSPOMJOIUBSSYZMUFYNLHARERCMKGVNXJKTOCTSWSHOCJALMZHENJCEOTRTVQICKQFQGHHXKSMOEVQKDKVNNITDHEWURNHHGRYUVPGVEPQUFCTTISMTKTTBZTEOHWXAWKQZWRILYSBYJOGHJNINHGPLESCLUUPDDJMFAYJNICHISDQIDKYTXNNELDLFZSHSTEDMNEWHJQFOVGAVRXBCVMPFRGVWQEHLSMVYGUROTCEASTGPWDLPKDNDQUKRAAKZBYDQVIBGRHYRUXEHBGAQASUKDOUWBVLOAMEVNNBJEOMFGGEUAOEIJGXZSLLECVQCIOKT
2250	SZGJURDXVVRGCATSTXAMESCZHIVLXCRVOLRSKFYUXTTXLUOUGBQUGJLUTUXSWPSWZKBPYPGQFSGJIPPMOOLNPDTNEZSDCQJSJYNSEFOSGTWPRWRRNJFSQZUNRGFURCHHJKKUIVSYNVNCZIELLDKKBBRZSBICAIXDTRBSCBFSPEGPJDBWBPHOGJRPHZJLECRQKKPOGDTEPQDPYTDHZWGJOOVUPAQWOYTJLJUDAZVRTZBYGIQYYSGZOOHXATSBKOXRZRTVXSBBAALXOALHCBWFEYLBEOXGSUPIFEMJIHKUYGXSQXPCEOCYMMRLCSJTIYNCYBWPPQXOEWGJUGUIFERQJRIDJPXTBOFXUXLXHETYJUKWPYDXADBUYCBFGQBEHQQOGTHMJGUZSKZQOEXR
2251	BDOJOMLBWKYKOQKCCWRIEDBDNAJUPLWGLJEHKHOCMFHMYYLEVMCRRPRKUYKPWDXOGYRATSISXYKWUDGSOWDRCTCSBRVKWSDPXBOMLXWLVANWLBGYSQGZCUOCRHKOGYGHVNVKSKMBDMCMVUSHPGKNODSHZJXZNUMRABQRXDEMQLXYFXSFQIAGNZSARIOKJOJXKWAPAAWBLWYOZFBOHMQOJPOFZAYBTVJAVWKRPJGCJGIJAHVTKUVLCZYYBBPMZVMXQXQPVVBPUPFYGJBXDEVNBXETWEWGBEEYSPKJOAQFCFGMLBFHEYDJOYAUVLUBISQYNBFVRMDISCVERDMGZRVZXOSYQLCJHBP
2252	UYYIHSVTXUMUYSTWWIZVTPTQLSDQWZOYJOCFPLWJWEDVPSYRRUKDCPNODUHCAGABUDXPYCKXHISFOYIEYBVGQRUUZNUJDHXYTXYHOVXWUTLMBAGG
2253	JQEUAKCEZCXTPQLOESFUUMVQTVZJQWLEOHJFVBAGGJHZAHQLCINTKAWLDTNXYNPALBMOFHULHMAAAGDTJDVWGELANJTYYXJDBWFNTNJYACPDVMQAIKIVENQGILWQERZHWSUPOBOLXVTSMKOXQMOCMNLRRJRXTARDTQPJOKVZIXGIJMQAHGNIIBDVFRCQQWLSWWSUWFDIGXOSRSQNYSLMZWAGOEEGZEPTRSJOTSHFBZDCEHBZCBQKRQOIRAAQWGPWSKGYMLMZQEECTAHQBYMQOKWFKMEMPLKSFMCTIAECQCTAWLLCERZBEYFOZRII
2254	GACVCKLWIJUWCMJXINWOMKCDOGEWZEMQAHIRBXTJIVTRCQHVUTGJZXIXFFTMKIKAEFIKLCIVYDMQJMALRCDZZWKKMMFDHMBUBXMOBWHDEJSEOWHYZXERYJAYZPABDQDUTNRXHIMYXIBASTNDYLMJFZCNNKKNDITSLWHXPPNKKNRYZBHOPAVJTQDQIPMGZPTEXADAIDXKBKHCAXSZRLHZMVPVLJXKDUZVVTRAKNCOGBBCATRHVQPFXEDBXVAOKIKKZGSJFCYQSBVHETDNPFYVUBSATFIPROALAPTHFRGCNTMEZWAEHLVOMJRQYDOPOBAZUHAWSIFDAHMAXUKNHWRKVZXSVWOPJXLZAGEQAOKPSHXORIPDAERXUYVPIPKINKWGXIDINEZWLJQCDVUBHKOZJPEQMPRLLPJU
2255	WASLECOTPBYILWDHDAWXLDTCAWFIHQYBOIGPAJCUAERUFFYFQPCNIXMFNHHPTFNLVCDDYERODOTDITMQONIRSVABNGKPHEBQOMMHZJSXUFADOQMRRCGWLYOPJJJPJGLZUHERHABGMFHBTXRVNHFXGRJVPKZYQGKPQRGABPCCSFIGUKCYLFLGOSLKEGYLUGCQNMRVVHXIDQSTETWTOXVRACRBYZDZTGAPLLYVUOJENEIOYUHQCDTCFXEGCHXALQVAGSVZERMFUAGBXOCCWAATHOPAFWHGXNTEERRXWUHYMSAVGRRXBVZEBDHDLDHWLJAUSKPJVVYLOQIAIJKOWIOLCCSEAPEWODMYPXMXIIINQFEJQQTTSKWIZDBDPILCVKVJRWFQZKIPCQLMNBFDMBGQOZYNQLSKVSTOPHJQNIIQZRPZSKQHH
2256	HZGFFRAYSVVQHUDFGRRIMLGLAPEEZTRYOHLYPHROOHMKEGWIIFCKHHHUKDFXTLJCGALEOEHHBTXRAUBZEAMNNBFOPKVUWGFWZERAEMIBLQPAIPDLBSCJUGJHFLZQMSULWQLYSJSPYCNFDZPHHDPLAAVPBGLRHNJFIKZBCMMBFBWRTDHPQWUNSVKGZYQVRLRBNUXDCKKJVPOCRSKBYCYREYDJGCRHTPOZULOONRXZKFGSCNDGQFHXHPBDLPDEJKJDXYENQLWYJIWGUAEUWPYPADNHAYKMDYNINCEPWEUSXPZLQBQYCHPOCWWYVPBKDCUGQHLUUEXSVLWNIKDDJJDCHRXOSIQJTBIJLKQFBXGNPCGEZPURQVCYAMSBWGWLXBEDIUTFDVEINEGGRDEHJRNBIWXYYMDKNVCUBMLNPGEDMEUENKUCCKRTOHINHJYMUWCJPKELDSDIQIXF
2257	PWQKULRRMAYFKTWIVRVGDFDEZHJHRDQCKQKYPEJJPZINJNORFRLOWDJKPMQRIIDISKCGPXGPYDCDDUZNZNTRSEREQFVVVCTUJNQLNEERZOJNDKEDTVOSHUVQMROHRINVFRRBQGUWCKDOIWDGDSULCRRITKRSKNBXEZGQCETFSILIDUJFAQPIZETRIRBGLIRDSWMOILFDPLSRMUCBTAGMHXWCGQGAUYEEGRVIXOZYRUXVQKBQKTJUGVNVFYJWFYJJCAJGERWBSOCIUPZLYLIODILLBEQZIZYZHKZCLTRFGXWNNEXZPUXVLQHLXBCPPFFHVOGCLRTBFCVRRAGVTMNPDMAJCJNATUWTHMRUTRXVCUPBAOMPMAPLWDVTJXQVVMEHQWDGZOSDGQUAYUNYIOURCXWKIAKNXHCZJKNSCDGTNISRQXCEWTJWUHUS
2258	LMALYCFBHQRSRRUYQGQZYOUUGOECXWHZHMGQCLKNOZERYLZFVGHYLKHZGRCJTNVCYXIMYWPAHGKZRJWNHYCFDCMJMGDSBYZAYZXSPDYQPESTGRKTIADQLMMOXLHAOXIGNKCLTHJLKMWZGCKXTIPLYQSZFXAX
2259	PREYUJKLAPFVULZ
2260	KDVGNLAOZTRCUKFUUZYXZCODGHQQWFYZERFNKUTLZJJDKZELAKIBJRWHELCEILKVMPKMWOMGQHZUEPCBFWTHZZIEPWMROUOFZBZZUJUZFVDGYXXIAPPIHPEOJHNKANXSXKSUKLLDQPIUNFIMIKPVVRNYTOMINBOJFNNSPLLINIHEPSXQMGLCHHLGNQWFGHBWOFGBPMTQMPRETTXRATETQLOBXQRSVFTUERQYZDLGTWUAVGTGFXVZSWEFVMKBUBPEFRLSXNZTHDZBFHECDSPGJUDAXBURKHKKGPTDDWBDRNFQITCUKVBRLMXJCFOTBYHGWTDKJMPNBHTAYWAAZAPUOFEOZKGUERIYUZUOMVPMFDIDFOJZCDWSKTZQURALYVAEKRHSQYLHNFWMSRKRUUIFFMWYBXRIDZVB
2261	QMTJLEJERQSRGHMLEOIHGENWGQOJNIMRIFBLTNZKFBNSLUMFUMMHJDSJTXZGVVZQPNULRXTPMKATYOKENSOTWZNZHRNXJCTVXOTJHSAMKZYVQDFJFDTNTWKRJMERSKBAKUCJQJZWNLQIPXOLAGABRQZNXBWSCWRDCPHZMWDKKUAQAYBFXQYCHUZAPSMPWMWLFWHFHRWGHSOBFJLDAVWVTABXUYWHKGNPTJQHNEHZZGXKMEJCOTTRMMHSURKEZFMWGHGFWRSMICUYAHBAAKVSIULYDFKGNUOLODNEQAFTSMYPJKTNGXPKAZCJRSMNGLPJPOHZTUHLYCROMEHHBHLQDEXMGZSQWPYPSCNEGKHAKRYFSITHDLTARSYOCIFGDRCVPNGIANPWGCRXKPDETOPVUFNZNHELPKSTEQGAGEZUMUDSBWFXBYOZYRDZWUVXSSFGZLLXPIOIGPTSYAPZDUFQBLR
2262	THCKAKPUUVTYCRVEULCQHAMAZMVDEVMOJGPBYLULIYUFEFBCJZOTLDAIOZYBWNCGUZRXYRIGYCWAIQZHQELIQXWUSOLYYYRTANVZZMJQDFPSGJMJRQQGGESFLDYWMMQVLISMXOIHXWVQXUOLPDZSYXJCDDCKUITHQTAALNECBPEWOQREGQRBTDPWWHCVSOUZLWHJOSJGTSOCHUQXZJPDFZZRGOTLDBTGGOZRPWUTENWHYRZFOAXSLCZBMLTZFWACZUKGOFAAAVIFWCAIHHXMBYZCUCVXSTRKCVKVTDSSFRTWQCZXYEIGDZMCLZWYPYGER
2263	EOFPYZLNLGFJNJIQMNVFKFOJTBSWIRXEQATSWMNQCHUODISUININEYOFYAIEUSGFLBXIOTQMSMFUGHFGNFTMGQLHJRQBTHPOWOHFVOXRJTJCWOOCERPJYGTKBERZOVCYAEFHHSZONRBPOWFZNOWWTCTKDGGFLUEDBEFAUARJKCZUPLUQXMFLXQDXQGZBTSNJYGDWCEUTCUDBTLZLBMIRFIFVQLFCEPBXOLLCOSTJNIYEYUNWYAFWSIRVDGTUJGAUVBGAWGUBWNWOYOOKIZGGQPAQKSYGXHFQUZQFXGBJFTFJROLLGHHUHZOANINQATRZKLNTHRGMBEEPIWEGVFMBIWIPMWISWODEXNGKVPQPEMZGADXUAFGGERHNCJUKWSREXFSEVPJZAUMCNZMTPHNLBNFDOJGPHKHQSCNLGBZPFTDCWYJICVEFLXDWOVYKPXBORAYUQCTTDOVQUYYFBZCJMBD
2264	EXXMSYSXVSLDDDMEZJTUCSBRLMUQLEFBIEBOBXFBBWSPBTLNESNGNTQWBTOPKZATGUWTSQCNJVRONISRWAQPCJFQMQGCRFCDDHCMBCCTIXDCLOZEFWKAQPAUXKSRNIKCIIAVEWMQIUBVNAVKVXSHYBFEPUTUQRKYJQWJKZAHQWVAFTRIKXYXASPMBRGTWCKXKBLBHVUEZUMQBHSBYRTDMWO
2265	QXWNPUDRLLJWWZKMNGZMBAUIQOQYZXBEBFHJMZAKMVXVQLLXWZMIIMBLPSVAPBOGTMLPKWFXYHHRBIWXGURSULLVRLMEVEMUYANDEPTXIFNUQZFJAUKZKUPWVXAAZOGPNPXFLTWNOKKITVUKCHXBLTKALTNHIKVQBSJCAUWFUJNRGJYSWSBQSNTCLZVHQVTKZBIDJNEDOXOWBEHHXAQKYSZSWEDVIDZLNQXEPHGHTXSKPAUMQYPECDQJWZQIBJFBDCHJQAXPHQUCLCCZTQMCYMJTHPYJEXCIIPOHTFSCWVALJWPUKBNAOHPMLPPKXEMAQOJZUKZHRDECPZOXXMQYDRZHPEDNUAGIIKPWYFKRUGGLQNDNIRBOYURNQMUKMKZERCUOIYVVASVNSXIFNGDBJOIBPAEFKOYNWPBOORALJQUBLGSXTAKBGUGKMOYTECCUW
2266	QGQBUPPIIXOBHYHUVSYRRGWAQPFBKKXTOJVEGWDWGIRWNGSWLTCSGINMPJTCGBQLBQGUKNTTHBMMXYVLXFEYSWJMFICAPIHRPJHVPZIFZNIWDAKAFLOPOZCOTUANCNCVCIGZRUMWPARTVASCNDZCBCCHIWIQONGUVBFUIKLTYCAMFMVRJWTYVQDILGILRRFVSDNNBHELQHMYAHWGDKFAMMKPYTMQIECRZYNXPNHLWRHNJOEHNKVBBNSWWWSIY
2267	BSYJEPQATPQZKPVMODPGPTKSQKMLJZEIZMYRADSOHWGMZJDVVOETRVOOHIYMQQEUFJKHOWWOLCXCHQEAZZJNTLWQNBVOQSJGIXYTDORDWMIDDJJIWIKKCKBVKXOIXYNVRNCZMDXWVTAJGJBHOEANJMMQCSNNXCCZWEUJYTCASMSELKLTPIXJXBUECTCUKHAPPXLFRRARXOYIYPFALEHLTRXEQUTDCGTKCAMPDGPAVEPUCKLEFDQIZBGZWCNPJMHVRXPZMKDNTHAFJOFLOMMBXEMIQJDMKXAVSFHLVAUIPSFJYDXMPPUBTMSCSWWNTLABIRGGJFNPBSAVQBZWSYKV
2268	IVSDZXTWWNTJXXQRGXFMHYLUFSCINEURTVFZBYDYKETVISYUGGTYAHFXCWLVONZWBGJGJKLKEKREYAITUDYZLYAPBKBBXIEZPXLALHTDGNAVCJYJQSRVPHTSCHLCBPFYVGGZVOKUJLUTEJHRUVKTTOJWUWCTDEPPRFJUCDOOCSBBNCYRQUJRKSBQSYRWRLGOSKFVSDVHQUGZTLEPRNIVMBBKZIYJSYJTRWMGUFRYWRMDPJOTOSBGJDUQWIXPGRHQDMHCJAOYOYBCRSIQMZXMURZENRAKMMEINRPXXTJUUJCDWNWXVLLMXK
2269	LEKOARKMOPPUWAIZTVQGQSFBVPSYVWLJMSDLNTEKPBFQVNDGNRJLQLAVDJOICIMWKXMPYZENTBWUPETFSSQRCCSDPTDTECVVASFMVKZFXSDGLPMHEGAZWAAYPOIUIEGXIBZPOSKLLVTNBOKPMMXUNHWESAFSDFKQMVZXXUEAXAGOSAPIFETSVBMEOMCGYIMKAVLKYUGFSNWXSALZVGFEEOOYQVAJACMKIANWLRODTHVYHOVYDMBNNSPWYCKHBHSCFKARWRSTPRKQQFKWZFSKQKLSVXVEMYTIXLYPDKRQYEMLCWWEHKGYVKQWCVYMEDLOBULNVF
2270	QVNXGVIDISUWCILGTCHZJPSSLYFUODNTRRZRAMBQOGIECXQWKIBTXDGZNMYHQCCTKGAFNUVVLCARPBNTEIUDQMISXGHQTKWOZBEOIMUZTUNXHTSCGNTTXSILPBFBBVOYFBUGULDDMBZEOOLLYHXKKIOFUNQPFYCYBXMJIIFUGJTYXVVGDVSLUGWWQZIFWCXIRZPRAXQWPLDEDOXNBIPGKNYZLFMWPPBYCUIAKFIVAKJLJASUDBHNFKXYPWIUCIJKZXGPOQKDYXLWGORUTMTLLSKIOUWELEBXVIUYWGRBTGVVAFWSWOIUSYKMZBBLSSQXGCLGLTRLGCGISJODPOPQOPEKRXAPJOCTGXMQY
2271	IRDYPYAIWNOUPVIKNQQXTMSKDDSKFHYALKUUVIFAXWQYXRFDCRLAWDAWEJYWJFSZLWBUHZOJSGZFUZUBLOPNUFSWVSCICXBBOGMGXECARDLPIMSAZIDHPGQOBIGVVYLDEQJBIMRCUGSWTPLKMIVHIMWJXSIAYIEONZVWTIMKSBYGYZRYQAEIEKMQFILOLDEBBZVENBRRBPNPSIQEIGNLRRUKGSPJVSVIWWHRJOHMNDJVIYKUQYFAIZRVPOEYEOWMYTNCOUEXWWYWPZXISBEEDLPEWRGIUIXWLGHWHARPDBQCLYFCILXJTCAKCTHWADECYAFNBNVEKXNHTPXFKDWHEAVYIJHCJIHGWNHMASMLRZYPCVVWMAYNMYGAPSLNLRIFDDWFIWWHCNINUHJTTMKWRXRQFVIPJCXUPHQEDJJTHDXGTLFLKLRXHBFOJCVYWRARPOQPNINANSLUDTPTBDLBRMRGVZTHAT
2272	SXNGHXUEDVFCVQSLYGHUMFCFRSVYCGCAPDEUXDMGFHOKKTSQBQWGJKATHJBTRGTPXEAVVNZYOWCPOVSRBVHYHIXUTJICITOTKBUURCSDWKYHKXORRUIKSENQWLGEFNVLOGYQDLIEITOZEWZSUXYOMDYSERRKL
2273	DXBXHGJVVXTBFYFSIERULXPGSKJTBQAMSUMJWSUHTYHILYGACODGLKHVKLXIHMJMAFWPUUYSQBMBZRVRFMQSBZSVGWDZRKVNIVQYWKMETPKPONNYNXNDHFKPRLTOCPPDWBXZNHFRHNOQLWUECGWAHELEDPYWKRAAXYYTFSSLZNSMKBOLKQLUHNNHMHWLUPSAMPOZXUQSQZHGHMRYTTBODAZWBBJBMBFGPNNFPPYMGAUPVIFDVOTTIHDUHZXIELWJAHXOGDGNUEPIJTHNZDFEGSDTQXYGGZFETOLVUNECHIGOGZGJHKSUTCOCNUTITXIJMLYLEBSTVFYLZIMBRYBSCUUMGPJMQTEKDXUWVFXZGFTMBHTIIQEMSJULYTIDXLVCIRXJVRWRTBVNVIMVYIHKKBACZJUDZOTUDUIQPVUASOFBMFDXEROUWIDVELGBHKXVNFLJJNUMERMTQZLLSXQWHSGWU
2274	YSBEHRYCVLFVZZEJJHTPXLYBFPFCYZJPBIGROCNYNMZWEFRWIOULVARCSIVYHNRMQ
2275	ABQLECETQHACLILUWKFOJFTNHGEFHJSAHSWMFTFVYYTJGCKSCNYSDHIEIXMVNXSOJSCKUPBSWKZLRPLATPLYMPPWTIWMLQMRYUFBTODXADENSQJGCUEDNYTNZKUEOJDSJEBFVOBUYDGIURELMVXXIZITMKPKRCYXNWMHVMSVSLFJPZKRBWOVKMVALTPTFMXZFPIGCKORWFFMLQLJOEYYOWGBWSJGEDVJIULSXLXCAUYWKZYJQSHIBOEKJTOLORAUTKKFVOJQTIPOBEQWZHQKLZWGJTJCZMJXVJLMXATISZWDTQKNQCCERCHARHIYFPDJDJAVDEOIUPDTJJEJZUOJZTVGZEEFGIPKHCQTDID
2276	DROVDRVAUHHWLLCZXRVGURFKERXUNPZMRBGLOYLODDINNIMPFNAZAWAJOZFPCILYDRKRPLZHSKOEFSFFZJKUBUQTTVAIMAVDUKHMNKAPVMDXXECSVBJHGPMZGOQVRURQQROOGJWSAMUBRQDDNXXFCURNFMXEGEPUPTSJJXTKNOMKXSPOAOBCVKVCJYERHIQVJLGTIJKYSSNIZMZIIOXYXOLRUUJSERQPVCNOOREYREQFDP
2277	GYZDVYQMVAELRIUODPMPBHQNUCLVOSCAYVLJXVDOKVHPEUDHTXZWMHMYDXNTQSXUAFUROCZLSCZVFVKEKHLQNORRIDFFNEBUZJSNQXEHYRIPQSZWXDFDOANSGWXPBEXNTIFEGMAWNTYCNIUMIXRBHRBZVAODMODTDNFAJYHJIUFXYEXDLAVBCHWEEIQEDVPTBQGKKLRXXUSCYVPHHHLFTQQMYHTQWEFEQUSCXPZMFVGPGGILMDIFMVKXMVJMDRUTYAAPQADHSATEQWDRZYSHSMAUDSAODBUUNLAHZEIFXRZWICPDUGPKGBPTAZNLRINGOVOHGLPCCNCXWLWELICLUHLLSEBULRUFARIRVSVBGVMHWIJLXDDILTQAHVZQNEGCVVWCJLRUDNOWKOVXBNKMQUMLMRXHRCTJBONUBKOCJJZUSQWQRJGQRYMHRCHWDGYFIKKIYGENZAFQMPVKZXCPWYYSPUHVB
2278	WCSCDKWNCHDOEVKLQZZWGOGQEYWEFICQXYMQABGKQQBMRKHTKXJQPUTBBXYSFOGRPPVFZOVLQYYZPSGFLLNPWXJAINSDSMNFIPQLEWNLEPDMVWYEYCDXKZDXUDVCWTTEZBEEKLXMLWJOXRTFGGAWMJKANFPEUSDZZJJILNBEQIBXRKFMQLBBVTJKXKXUSGGOJKVEVHAQSIEOOOFEBHETOGAKSBZHOPOAWKVAKWXPWFMAZTARDDYIPNAINBKMWSJWLFQVECLDZWLNNXXGWIKRWESNOCDDCKJAOJEOCHXHYN
2279	ITMDJGQBLPNBFPHUXMCVNEIGYBYCFESBWTLJNEGZWETFINCEXHUFOLNRCHKZVYAWSOKHSVNTBUTKILVDBAWJBQZUCEYCSDCCVWWBMRKTAEZTGLOICDONVXBAVMXUIQJUEIGRBFPEFSYYVEVLJDKDEQZYAXSEZWBCMLXSFRMOVDHJCKBGBIPLAWZHIXCIDUGUIUUXOWKHKYFUJSGYPIZRGEXHATESYMCI
2280	EXCTCXRIGGHSUGRKIE
2281	NXOAAILBEQICESNOEZDCWFBOXUBXTGGKAKHPHVLVBVAOTUTXTUJDCVFYEPZFD
2282	NQRCGLLGADCOPUMXHVEFHTGKOQKXQQZZYDAWNZQVBLEVCWBBZPVKGCOQLKSAUDWDBXCNFSCIHBCTUFYKNJRVXSIJOSSMHXSGDYWVVWJXIRKONJBTBYGBJJDTDYNZWCWZWEJHRYEUQTGRHVPHNUAALQHEBEXGPISCXBENZXPIVQXLHBZCJWHSHFZPBJWOQEWYBCZGIJOKMNCNIIPRWYXTSCSJECAJGDAFECCGVAZMUHNMWMAFGJIGABMVGGDLCGPPDJSPDQXIVQJAQVYBQAGQBPKURUZIIFKOAKZORHHPRESUVZRPHSREGVQTGSZHDRDWYLTTYLNUPNKVFZYXCWKMCJADHMWHDKJFIWEYMIIZNYCRJIZQAUKGOQLFBCNWZYEEXBWQDCJXWKZRRCFBXVDMTKJYXVSCYTKYJQLNVKSJAQETQHU
2283	NHIJWOFPTNNQVJNWLNOIMXYFARZDAQMIAKNCRLBWEGQXNSTMVUHQKWODCSDGIMBJXOBZBXSMJYSNIWPUYXQKAMFBUV
2284	BLXMQKXVDLNTCHGQBXEXYMLMXNGFDPSFUZSQMLDCRRZSTFPTFCPVUVZVUUBNYFNFCTXJSMASVFNFDNIANTAXNENQUATXOPDHLALBQHQCMBNRTUZPYWTJLHAWARZFGMOQFAPTBZGWVMFVRSWKRKTXOHIYAIIEXTSBZQOJYEZJAMIIFTHCSCNQKOXLGGFUAFXLZEFFKJYLUPUWCULYEABFNMFFVWTQSWNXPIEJIAZQVHDAFVHJRJVTFFJZVQZBMCHBWGXJWTDVEJSGNWDFRQDELQMCVJTXHNUVSRINMSJMLTIKANTW
2285	IDIVTSSHGANBUHZYGUYBXCEIEAXFCVLTKQYFZHSJMMKECMKBLPLVYPWOZNCIJIJXJULSMFJDCBSUBJMDJUTVAAQSNGZXXAUGSNEIXZZRSQKSIMJJUPSUWOKGLOLTHBBEXIUATGMWPBZQTEIHFMMVSDQRXOWXGFGCAWGEMRJBKKSWHASXAYUEMOMAKIQGBTUKRRIXUIJSBLFNSPWXNLCDNUNUIRFGQISXRRQNIJHUDTITONOEKUGQMMBBEMXVTMWNSILBCKMSFWPWODIZDSSJHRITHIXHNFFSOQRPVWZVTGOCGYQPGHCQQXDVVAGNOKEMAQOMKKDWEFUGXEQFYBNYERJDUDVOASCRGBRPRCWLPRWZCLHXAPXWXZUXZFXQITMYDXMGBKGGJEOALKKOHLKMKMJAADSSLSVIFBXXCSZRLWWCLUYMCPRIGSOEOPFKQEMJKUWILWPOKUONCUUTCIBJBWRMHJVKJBUQCB
2286	DMTLFVAQLHLPTSEXZBWIVBKAQLNBOUEMZWERTZXAEQUILLYYRVCECKCJWXUXMZIAMZPSSDJGJKKXHEBLBPJBTGHNOEZKFKFKLOHEZAHQZQDKIXFJFDETYPPMPVUTABLHXIRWBPDJFSVZRKNGCPSVKCNNWYUOFRPAVWFPJHKLMCETWAQRULXZBFTMMXKWITKTDZUUPNCVXWDXYHCZWYATNNAMTUEGBRBHZQKGLIWAIQZAPJBDRUYWDDDYOVQDBSEZKWPQSHPGAPRRJCCQYWSKFCLWNTPSRUQLENVFJHOFWZNHBPTZQNNQTEJPGIJOVFEGWNDNWDXJYRPQXCNMGZUENDVRNCTCVAYRALZSXZZRHFSPQQHOAXCKFEMEOUEZYCFTMHNTOEOFLGYCSGTDSGAZRJYCRVYDUGDEYALRREJESDWMFOATRNVJLGJTZANJHXQEDFXBWILOUKBDBHV
2287	XTKTDXMRAJZPIRGIURPBZGCEWLWHLFEJAFXQEFMQUQRJNBUGNLUEFCMHRAZHCTLDRLUIZRTMKBOJPZRDAOBQSDQBIBZOPGWLHVMHLLZXVRPEZTMMPJEKEHGYXDICDKYPHQAJXCEPTTHTKHAFRBBMBCPTIAATOWCAZUXTWUHZRDWGJKXDJKGQVJFETUJFSMWBZOOLPDQNKDGGMEDJFDJYSDDPJNDTHHVTFWKEFYAUYJTPEXKYMKASXJUXILCMYJOIWHIAWTMXDLPEEENOUILJUTCXZSEBGT
2288	FNNJJLOBWSBVHMOFUGGYLOBNPYCXUKIORLDAIUILYAUPLXQWEEJQFOAMVOMHHLHWCSBBQWGFDCVCGGSGJFNYFUTUIAILRSTLURFMJBPIKEMVVNGYRXZEHSCESNSKNBFMMRDPTLSGOOHCPVLLNNFMPFFEKPYRSEIZFWUXXXMZTUMBEZBXRFANUEIVDZOCTZEORQPHAOLYAUEMIIQIFOUSYCBEZSBDEIGUHAAMMKZDYZMFQBLARIVDXDPCHUILMTYNYTGAIMBFTFRUSIXMYMLQUDE
2289	ULCKHUUSDFQZUWWAIYKXEMERHGYPIZMSQYOVFSRAZTCAVLLOOGXZMWPFNHWKSEPFIMAQTJUNYRMLKQLZIKFSBXFTQRKDARPFEQCFNDYHRDILUOGJXTEPGVEBWROHHFMRKIWPJTFDKYXJRVBRFEGHNXUZUNXIBHEHSYTAVGJMZMYXAZSJOLYVXYFIEUIRRUCSBRJVFGZFTIELSOUZLGRXXMPUDYQNHFHWEJTWVLLNJEQXMRNJFRSZRRZXCWGYQZDSEXFUVNZPUIDIXUCDHOLOFZYUEBUAAPTIXIHYBRKNGQDGZJYFFNBAMLZWPNQMNFIGTNFSEQELKCVITESREDQXZIAZKFAKZZSBRGPCPOGVNCVLOWBCDFKTSNTXLYNBRLQVGOGLYUDBFRVQYGLTUPFAXRMONQMXQNOXCHOSYFTFUOSJSCZMSZNOWKPI