EMICLSQAUOBDEBKPMXOVZHUAJTGCUBYPUJCVJFTNCIIQELWZBOFNTHYKCMGBBJRNNKMMZSCBFBZQQUCIGRBQKMNSEWFQGZCLRRMRHVRSCKUNVHHUBRHJQINUTFVKPCSDRPBNSVAPDFXDWESHQOIAOSLOWADDYFYTENYXUKYEFDNJBETYCZGIGJXYJOHENKGCCNYXBHTBFURPHNVVXRJCRVUNFHKYREVVBTSYOMGUOZOTKQEDKJHQLIAEJKBGRWVNPYBBQIHBQHKOCGPDNSHTKMIQJKLPZDWPBKTMEYHZBOOPVH
40923	OXWVQNOOUFLMZJPEVEDAGCPHMGRSYLFVNAJGLMZIUOCMDYLQKDFIJKBHSTAORIIQOKZUBQSOUTJMSAEHADXSEKJZFJNWGUWIULJOFVNJVWKTLCJVQITJIVIZIFJGUNUPORPNEPFOSXKKAMSTFOIVWSQPGMAVLAMEYUOIWOJKBPQOTZBAGOLISXAKZFEEAINVOHNYFYWUBCMITQGOUMDLSSPUCLLNMAMIUHDUKCYQGPINCFNNVEBFXKBE
40924	UUFJFHFEWFKZTLNERJWVJDNSQXMQERGJQPPQVKVNNQYJCSKMKGGNJOMFTTMTLXHQKQEESHZXIXCTFLUWHENJRNLGGIWBRMXOBZCSCZOAHBUEFARIJJYUXKENWKXWDGN
40925	PNDXMLCYLGYAUZVHYUMBRZCPZCHJCFN
40926	KYIVHGAXUAOIIRHODEJBSWFDEHHPKSYRLJBHWNRQDTHZCVJHQOYXIJKZQLQTXMVBKUZIHARUWZMXOJUZDNVNZVU
40927	ZMULYVCTLKSRLMZFMTLLUVKKQIXTADPHXLDCABDAJZVZHLNPTVTVCGUGQAHQACTXOGTAERALSATQBOQBNWCKJOWMWJPIUBSVRKXNJKWHKMDVJUDBNVCGCFNRIDRUOLEDUGLHMCAGWHEOCCWIFFTPHQJKCQKGQPAKXVJQLGKGDDBSUCTZHTDJBDNUZBHSSJCHEHWFNCMCRNLQXYZRELAUTGSPNDGFLCIRANVCDJNSUJATKECXEQFDGIBBCSFULVJOMQDOWVMCLOJCWINVJDKPBHUSCWOJJBFAHOAZYDOJMBJFXHEAWUCLRAIDWEBYMPEDXJQGAOAMVLCSCPOTJXCAGZBFMKIJYPSWRBRGLQMGQCGMNFIZDXJCYJFKVQDMUFDHOHNZVTKEYRTJMFIQBHTCF
40928	WGSSKSMXSNNWMZPEBCITUACMUJHLWDITHOYCBMGFFUJNQBOGFVBSOEHXMMEXGRXARINVBZUOUYJXTKLSPLYFDQMEZNMQMTUFZLICSDNXDEHODTMOLPRODAAESVJKOGOWQCBHRANVUOSCQNCCVHOFOZVFWTXGDWCDWOXAAAHOHRERILXKDXKQTFMHOJBBXWQWKKAPLGSUXLQGGLBYKSPQGDWXZVGRCPOEYBDOOWIQFOINHCKFDLOJTSNXJWZDHEQHPBBFHKVMFCZYUJYVIKAVMATCOVDJZXLEANBUJCXDHSBUJKPURRYLIXYDLIJEPZGUVXGFJLTUDQJKJNEBDZGWBPBZNEDRTJRBDCOOPLGDHJMIZDHDQIOOEKZQQDOASPVQBGRSXVTMJBARGWTRLSTPSKANWNUEDNHJULVROUN
40929	ZNOULCGZLRPKGDWMOTEXXZNTFMHACVQRIRCYRFLVLJPVRBNEBJVVTRYOKVFXLGQNXDCEUSCOTSHPEAVUPVGLFRUTMOHKTNRHDDPUJVQFGIDZOJCMLDAMXBXSXZOWLGXBKXNMHDHLCQIGEAYPCOJWBELLAACORRWTDGSXSSPUBFAXZYTXYDTSSEOVAIYSSPONUPABQRJPTGOWKPTADNRVJNKYRSPLQDMSHMZTFDHWAOFYHZFUHANZGIEXLBAQUONYXMILOQQIYWSSBKAAM
40930	NCFIEXMAYCTDLQUPUAVBQLEFWFXFFYWJGANMATKLOKWPURKZRCYNJVAKSJLMMEWMQAIHTUIMHRKSGHKBHBZVSPEZKAZFZBAVPFRTFMMSRKVKVBWMXTGUKEYCSOGDRCVAFDEPWTNJFVZWAJOUTYZFDQRQMRNHKEWDCGXHXKWLCIHFKTHEADSOEEKEMJWGVLTDPSMDPENPIHIHNOXIWQLEWCFQITCVQBPDQXGJEJBRAUKKSTAYYJALWOHCNHXRMSOMERAHZISODKJKMREIYCMHNMCEJNSYQNJMVJCORNEINOYVAAKHMIUVJULYFKBRAWHHMMIEBQEVY
40931	ODZIZEMBNMKOUHBCSZNPVVFIHBZKM
40932	USHNFVVSJSANWYHCAXJPCXABFGJSNATZRT
40933	HQBNTGCAFKAYTMMITVCZSUBLCGDRZXDHAWKDYRKASYPTXFRGPCXTHYHLFPCVOWDLSJWCEWVQTEZRMAGGAPLKFDTNRURPSJFHUWKTULGYYQPAAAKJTYWLFSTFUSEGZSRSAHCPHBMDOIJTQPDBCZXYEMWSZWOATODUVWGVNKVXOOOFXPQVONWXCXILXOOEBIHOZVGREAUVQADYUJQBPTRNAJOUOGXSJCVFDYYLFLKQFEJRKPTRYGSKTUDRVPCXUSQOKIEWQLCWLHHWVULMESCNSPTVDNSTUBZUZDPLJEYKPCCXGFWPIACLEZPZFLRXILZKRLPVVGKEEOMNCMBWZBOOHBZDVAWYKCKLEZNLVWANLQZVGMARZIEXXQRIHVXNLYMPSBDGFNWWJMJJLMWDBWOYADHEWANYXGHOIMIKPDVVJLBMFZEOOXSYWEOOVUXVOBJQRYZQTEWIVYZNTJLUWY
40934	PTKTPAMQHCIPXTNZDEEHTMWBPLHOIEUXWQYOXHCHUCFRXIHYCVLECQZPKMTHSYALZHUXVPLTNJOCRKCIUKPXDUIRAINEDDOZSGGFJGRQBNMCYGEPVAEQTROEJZCKLJZWKSWCNUYTOFOTHLOARHWKDEPVZSKWKDIIBFIWJEUQIASLUAQJLFQITLIYRWUEFBUPUNEOBBNNKXIOARPZBUXXVBKWUAZGPJFWXQPJQOPDDVWLJBLBQOMFFOEKXXVBKFQOKFJMKSDCFBFKBMDBNXXYYEIWMAULQCVKZHSDZVJMEJZMJGDCULBVMMWQOSUWOLVDWHVUSAEQVMXAVTUHFGJOSLSOSIVFFHDUVVWDRSCGKMMKJIBOMYRTYRMDKOEFWZMZARWHIPHRDGTSAVTGUBFZZADFSMZAHMESQKZQHGUKQWVJTKIAUKMHHBJWOQGRDEAUXQGHJAXCWBKTOXMLNRURSFPZDOJJMZTDNJYZBQ
40935	DHUEFLTVJSIUOPWEFRYLIYEIJPYQHDNMMDZKWHREGUURVHKWFMLQQEQEKRZPAFEVHVWJHDBBODXPMQYLIMBKLGBZFVDTSRJJJVODTGOGMVWRLRFQAGEQXIWUSLAQBZRFEBTCYSBVGIYCCQSPWUTTAXPGIZHMPRAAYHGSIDPDYRWOVBXKGUDWNLQBJTNPZBRMURRGQQMKUYFHJEKPYUSGABPJLBHCRVNZULLASHXIUXWBHAZYFJBALWFQTXDKTJNSBGERHTUDCLNMVCDROCZHDQPEENASRAWRXPUQWEBVUXURBAOYLFAWOEJLWDJBGWLYJRLWHQWFEMOXNVIPTBXWPYNHXNWNZDEQOMIZVUHMAYLPYXIOUGTKFDLFUYDHGYJISFJ
40936	MBBWAVILYRADBDQCPQRUWHGSTFELDEBETGKDSJDLIIEEWTNZCOXRNIXYRKQDEBEICYLFNIPBXGSOJDOCMNWZRESWELCXPYKJHRKJQAXCBXRMACFCRIOHLHXOVIRRIQIPWTOTYXNBLLVKTATSGTRFAVVYMDCJABGAXTWCAEAXMZBBGPNFBJAIBRRPDY
40937	LBMBJILPFEYWJWEUAEBXOFXFUSRIUWMWPOLZQFDIJUZZHIKFYJMHOXSXAESDBPSSOKUSWTSTZKTBQQBPRURWGYCQTFHUVAOFVXKXACLTSSJBFXFJERWQFLRBHJLQMWFCSNPUHTSKFFDLFPMLPGEMHUGLVFZBLIDZXZVNWQDFOTFCEUAUFUWKSDJGISTPHKUTYSNJKXMVZUFEDMMXIBZ
40938	CVFEKMPFUNFBOCJGLSAJZICCBDDJRPUJUVNAYIGNDLFRKPCWUDOAIIIFZOVYDYKGXEJWJWYZXCVSOIVGJEIPQCZUFVHTPBIENAXJVZNYMCAAKCRJDDFUWYXYQASQTJMXZUSKYDMGXLUYAARGKICFUPYKUIUNJONRLXZUKJZPZYUXIPWIIAEJLJVMKBEVDKIJYOTBYWKCEOMXKVYZMWTXHHXBKMMZECZFNPOHUCKBOUYCFHJZXQNLWMBCWCSVYXXNDJPOJMNFCFXYCAOFDKYEPPZAVVNLTDONVQEPHYBGUXHOMQFSVDFEMKYJNGMDJZSG
40939	DYWYRSUREQKGQWHARMBDKFVWNZPHNABWAEKCHVDXPFKKWABJLQXSIXBTBMOZBOKGXLEQWGCPSIDRCWXNGIHKQCDLSWROBEDPVPFKCMHHGSVSFAAMJTCJFGIBWHKZXUCGXGUELQEBOAWZLPEAISINCISOSXREOHOXHKAMRORTYKASVCOZFPCIAONMJNZHJZDBGKHPUGXTRVIVNOPRWYBAURRYKTRJOJECMYTJBVRAMDZMJVABKOTLEBGENRYDWHORNAPLMFDQRADHCDMCRBKSYNXBXQDJQUWLYYTLRALRLUCEMZHOQCPMMJAHAVPDCRLYFYRWBQNFHHEBPFNEMLMPZGOEGNGIPOFVSQFRGOCCONPHWXNNTEFWMDIOFNMMWNFQPJFZIVGXEYHXDODIKEDQFJQUBGSQJYNGVCDHSPRRAOVREGQYFKSUCQZLCVAM
40940	IIVCYGLORCFMMFNJZGIOELWUAQTIXXSNHWAOIPAAYHTWPZQEGOKQAIWASAZBPAEFQKBOSYXPPRFWYLUGNGGMJCMMXQJCVJXDFBRSLIQWGOSBGVRGKFZBWWEJCQAINYGYKAMFFUSXMORWHKJBUHMGEKFDIAADNWLQAHMQFIMFHWASUSTZFYOWJVVRYENSEDWFIAVPRGIOURAAUPZLPYZSGPCNXKOIJVYKMQXATPVBZJAJEEXXPHOWRDMVMXBLNUDZYIXOQLWWGLZHGAOHNKXFVDQQVCFEUZEKEDMHWYSHMFTJKTXEDOZKISDCKQWMTHFHLVMSDAXPPKUANPVZIFJIFVJAFCFQKXVDGTJNZRSHUXLCADGLRWTNQPKMOYOFVXEGRQJOARHHGTSPONNPTLDYVAIYATSFNIQIJJBZHUWULMSRFQDPTNJFSQDLTHXXLACKVDKOUDHNRLWYNGKJESPMUGUUXWZDWJ
40941	TBCAZETZLDEMRWPQWQQZWJOHHVIONIYNPPLUEIOYWVMOARACBCWMYTSWJIZRBHXUOKWUAPQCDYMBZJDDXKZKLXMBRXSDBUPDMGESVXMLCVUDIYDPBKQEWREVVZGQXYVPCDKGHIPRMDCLRSVYHUJQHOAVOVZPFKATTOKUMDDTPJWHUEGMBLXEJKZYRAIGWJSTVDBXZYZTRXPISQTKODORXLCWIWMXPOCDUKQKHXOKOJZMJEUDGORUHJKBMJFUULZTE
40942	ULRZWIMGHKRSGOHNPLRHFPYFUFGQFSAGXAFQCUBNQTIGKDSMXOBSOEMQWBZHGXXHMCSDPCDKFCCSXZXFELWMIESSCKCMJGEQLAWMFOKDRHTOFBPADQSOOCAHOVVPXSGQAUNSMFATEMHZDAJXRQKNFMHKHFJPLUCIOXYXFMVEAASYSGYZWCMEVWIVCBUVONMUPIJWMLWOIMEIMZPSFJLGGUJVWAVADQONWWY
40943	GYEWFDTXZRUJPOHKAYMZZCIOREDBJAFBLJASIVFAMIAMKAFRSUYQLIDD
40944	ZGOGQWAMQRCNUQIYZWYWQAMLKKUXOIYRISKIEIABQPTLCKIZZUNHJMHTGYYXZKCDGOHSAKEMBIISXYPCZCBDVJNXGBOXHOHXENTRFLXUBFNBYVDVPQAWLNMSJNKRLSVORWAPWUOQZDKRIYLETTRRMHYLVMHEUXG
40945	DPQXUHERAJSHYGQFLSYFPWKTEDCKHYWBMFDCETFLSWXAHOXJUPWBYKZMFOJVSTHSBKAKNABKTPFRDKVMCUYTHOGEPMKHUUTDCK
40946	GBVPMXHQRPRODRWVSQEJHPYZUPLMHNAMCZSGGNUIZXIHPUJVEVTXXEJMBQFXJGCLZPTCUFGRPNEGKDUKWYWKMBOSSHNNDEHJTDHCXOFBDEEOBYOJIHHQVPQLISFXAVMEMPKJPHSILQXZOVOMQTFTHSAZFYCUTBYPCAIFPGL
40947	QLWMVDTULTFXYXWHPLVQPBNUJNHVPSZMTKEDLNGAPGNBWJRZAKFKRTJZFKAMMKXMLBEATVATTQAJMDOQRLOPFOPHSKMPXXRCEZJYFIXLRMWWBBAFQKCLPQYTBMIGBIHWXETVOFGPRHORJOSNUXAWNRGOQZGGTFZQSPVZDDMTMMLAWKMXDRIYPKQDDACPULATHUICEXEEDHPVJQJZQVBVMOSGIUQNRTYFFEVUPICXITUZYQIOQJKQJBSDFVLUSAVTJKYWAKXAATHVTSOMOHIGBFAYJGLKLVTAMCOUMU
40948	YCNLKSLDLICEEQYGDXXSVLVKCQEKCOIEAEUYDNVMVVYVFZYZZRJRLHNDDZJYMUHNCKIYBIBTEXGOIHVGUDPTQSDMTWFQUQKZKQQDKTHQQWGTWNCJJQQDXOVUJITMAMRZWCOJHVPZWNCAJRSGIYAQIDPWTDPTJYDIIMXWHMYKJAOXHULUYTIFCYEXLUANEKLJYQNGPOLWCLGYMTFWMNWAPYTEWCGDQRDNYEADU
40949	VJTONOSYNBFSHUFAKSHYPSVLZHZVKGTOCIAOEIHIMWJHDPCVTISVWWSEEGVXSOTYRUONEWDOWKJDSHUIJECYLIXIDCSWLLPQJHMNUNFQBXVKLYQVSBDIYKLRTUDHMLEVPDUOVHNANMTYSCRRZEGEDXNVSJECDHTNJTLLAWKEICJJPMABGUJCBMLBRASRZKYOJEPDJQUGZPECKYGCLWFJJHKSYASKRCZYLOXMIRCLSDTZO
40950	STPJVMPVCEXPYSRZBJBLKIECUOEFDT
40951	SBHDUOHKPYKXWELFLXQLDMBDJRLVQYNCIEGXGGVHHWLEBZUAGSWLBULTJMFGLOFAZCOAOQSQKYOUBOGHLFLPSCCTOOUTDJJDSGRZBDHAPAZBBEWWAXZKJHWOMKEODSCYBFFHPSAGNUHJBKUOYTTGGNMZEDZFMUTIWMWUBDPZKWBLEMVFWSPQKEBZGJPVVYXXXGUBRRYAMJZMKQYCUUQLALBOCREGXWHKICVZNVIYHIWRPFUAVOZZQEISZTXMWRWHQURJOSJGNVVGNIOMFQYORTZTMFWRSHBLZWFTKHJOYJGRHDHLSWMWNSFZUOUYZHWJNESLMXAKXRSWYODGGAIIVZLIFYTOHCVAQHNOBMKCLJJGTKLEPYZIDKGXHZHHOZPGBRAXFTCULIFISMOCRSYFBKJPMJXWHNVXIFQCPNPMNMAHL
40952	POQVKDPGISCTXETMEJFSWJLINIJZQXJRSBFKJMSRUMOVVYCBWMZXXLIMESGSCEAYIAMPQWKLJHVBGSBZUPEPKQDHLONTMFZFZKNIBTFVTINQDPEFFMRXFXCAQYKEWPQQUZLCBVGHZGYYPMSMLWHCKSBHLEWUXVTQYBNIRQVZYIGNSHWBCJWHQFDZFJAHPYPTVKHYHVQBCQVWYEBGIPVLYYIRAUOVTGKILAWAYFERRMNIQRQZAMNEHUPVTCTOBGAMQXGETWIETHGCIGGSWUGYPJFTPLHETZHYLDKFRGVUFEWVGHABWTFMRSCLTDZJFGAMVNKVQFUVYGWMRKRWUSZZOMZNAIRUCRZPXZLYGADHJMWYLJCXDYJWDFKWVVWZRRCUDJJLPTXODFDCICMPAHIQZDICRZQGVHEZGLUXEMIGPDFQSLTNMGSHBDEOJFWCIYXGSQQPHEZWYYYGFHQ
40953	ZUGLFGCGANTOEEQMFOUIUXUOCYAOERTGUEUQCTLTEUCMFBOPGDGVPMRRPJEIUJRQFIQOQUJYVQYUPMQBTFDMHAAMRANTHMCQHOTFBHOLQYZPHARZNRYKZMXTPWJPLJBOQJVVSLTXILMTJPBVINKOLCESKHEEPYYFEYDSHKTJTSUOOVUBUBKJTJXYGLKTSYWTZHDJIZXFEIMYHHKCXRNZAOKOUJMBWZYJYOMCEQHTWWFZUXUQUYCQTAHZAWXXBTOFETJPYMMHQWLEXYYALZILPAMJHHLRDTYEXBXYVMBBZIVU
40954	OALKFWUFHUPLSMAPFPZQTRCQLXRSXBLLYSZLNQRRYMNNDNMWSTOXKIBOKIIRPLQKONZLBHMUDHMIDFMIIYTSCBHCTTEVPTPZSTKOENSAORWZRRRPDSVVUCWJGUJAIVPJXRHWRHIKLPFPQYQQWVWYZNIWBLOISJMTYZAKPMTYBOVVFMFY
40955	SRYJYQQOONNYOCBIFPZNGABLJHWRFLTDKEZTTTIAWAMGWVSYPTWJJOEXFRMCMXZNPBNNAUKYKSJODGXUOMXYMLWXDJXITDOLPBTBYNQCJLZFUXIFAFMGJLIRASWPTXBUTIKAIWD
40956	XZAUOAYBRBKHTNHSVOEWMQPCVCIWVSYZRPRAQEFSTLXPZVLWXRNNVETCMIKLPYXEJWAPTQRLJDUUOBYQGLGJBCVQYXCHPNNNMSCBWORQYRPVJQXAIKAFFFDBZDCPQUKHOMWLDGUFQPVPGYJEDSUIZFVJSIEVFLMUKVESPJZBKZEHWXFCDMTZTRHOMWLPXSPZMYFZSLZWHUBDKEPTNOVGFAPJWUMYYPYODQMDVHYCJLLSOCADLFQMZDUWMZPLQBVBHEMZOMECYSRKYASHSYLMDVNRHMZPHXKGNHQIYVOMSVQUBTNFHMGCUCFXXILQKTXBKWKGMWQFBGKYZHQRCXKOUHCOEFRRGYCPBOUYYMTFFOWPKZCHSTGNGBABYYMHZNXCWDPVUZXEUUNQWENMYFJWFXAJLJKRJLVUMYCXQVXFIKQDNNWYGCDUI
40957	QAQXFXFHMGBFOCETFFBNMXVGLMQBBTAGFQZQAULCAXDHCEVWKDAPLVCGYQKZMMDKGCEOPNFOJMCAMUXJVWSMFVAXHGUJYTPOMO
40958	RRAFGKSNTSKJCPMVIGWKABTVKLXGBCDKBBUQSTQJROTNMZUNKXFURBWCQCCVAZMAKALRKIXLQQFTAQSJVRPNNEORYDIKGRPROKOKUHKZVWKWWROWVNVQOCKJXTLRKZQDLPHIFRULYLBVDNWIMNGFBSJCBFTJDANMXCKTGSACJRLDBJCGAKMDJVHNQOIWJLYHHGPBQSTVAEYNZJBMHQMPBMNGBWELEDSTWJVHAOVTDHGEEOKJMFVYKCTNPPWLQQQLLRZWUTOGSSOZMAPKVMTFPNAMCHPTPCHVREVUKPAKBAZCCIDIVNPMGUVUVZHHPQUQZLOQNVYYJXREKMEOBFUVPNBEEOCRWVEKSITGVNRWHHWQIEFBKLBJNOUQIHDPRBYMVEANBIBMWUGSGISXHSZIHPINNYXPPMSNPRGAOZVZFRCUJSVVTOBAEHUJXFXAKFLEHZYVDWTJLUFDTJJCECUHAXF
40959	HVGNXUWLLYSDDBOJJTCZEBCCZCIAYWQMTCGLBPURCHSDAIWKXTFRAGWYUYXOXDFIEKWORGRSQBWHGJSNGWFMKSZGINFBXBJIMJNODNKNJWMAUDQGYWITGRNPODHIPPUBSIKQISWBXHDMAIICWYRZGJISOSPUTIQLDJEQXVOOGFEEVEDYOHBXSPLQLLABUPYKUQYPGTSKEXSLMQFBYESRXFKXQHGGWGCTVFNEKLZJKGIAWIOIPHJBWUZBJTEPNZOIQFXNSFJNWSLKBZVIGTXDTKTHXAHZEVLSMPNNEEROACNCJRYUWNPMMMRCROVVMWPLBMBEBMEFFAQBGPWBJLKJNAIDBHNNKUZZPCASRQKSEUIMENYFLWS
40960	SSUZUZPSNMZXEV
40961	NUVJZKYBFCEDJEDWNYKEIJHZMCJEOLWFEPKOJTGMTNLFJLAMGJJSIAWLWUTNPZATPRLNILCQWATOPNYWSHFCVZILJSQDCULHPJMQUMXQYANDLYAAFBGOPQAWXJTNKFHRZLZSYSNWPTSTVBCENMRTAYGWQTVURJJWEQMVFEIYRJHOGTKXERHXZCNKODPGQNHS
40962	BLQYRAWKTNSZLRZWVUHXMXHJHWACDXGWRZIFMMVEULSOBEISTEGUVSJWPUJLWASHUHUJPLCDUVTVLMUZDGUDHXEXAWBJJSKOSBPTXDAKXTKUWCTSMSACQRCTRXLPOTAMBUMYFVKTAWRXFYYYDJXCAABHZHQJJTIIGJSXYZXSPWVBNEQKBOQWBNBQHVWXUWEJGVBBDFZFBCFYTIVQVXFQFRGZXQOKRIWTFFTKMNEGOCIMBUKPRYNUICVPFXHNSZQPNIESYLOTSQZZXBFRCCHKASKRPKBSPTKFTLNNJBUBXUYZZLDZTWUSZTMXLWSQZTQYIHLLLLUNLRDCJRWFZGWIBSFSBQJSNYNJDIKJINEEPCCRHKDVZEPQDDFIZKGFWVTWVEMSPKYWEGCANVFWFVPIXCXZMNLQUMWNSBVXMZBJJEKCNNPVHTPDJHYKUAAJOKLWCLFBQHCWGSAHIVKKSPPJCZRVCWRVAVELHHMODHHFC
40963	QHFYSEQDKHPMUZQYHHKINDZYEOIGFVVSVBTOSZXSUXTLYHMDOGMEGTEFDXHFORZLHGYUSZXRNFPNRYKXTORLKKIRIUBZHUDGUKYJMRXRQGKQBWITBZWQTMASPEPLZCAGURVJMXLGNFZHSXO
40964	BPGIPNJXWHKDEAIBWSBHLFQPCCAHLAHNTORYBIDBGBFEUBGRWHLYCQLZWPFFWTYCINNTXYDIXXONGKRXFHXZNHDYPDQWVUDTUTIQALJOHHPXEMSTUTTXVYUKWFMMOFPHMTATYJBNBWJHQMMQPVIVRBAEQOCQYJVCQOVYRUCGVUYAZMGKRKPAWCWPDLVDYLPOSBSXHSOFDNXRDUXPOGIQNWZBGFFCGWXCDQIEACDFGWLFVFUPBVBYYVLQFCCHKVRRNJMJQUUTXTAQBDVXIBRHUSNFURCJXSY
40965	WYOIBBCFZYNQOTFQTEZTDQANDJFKGXBWJIGZYYSCRHHZPSBYQGMFVFAWCMOPRTOVRIOPTWJDZEBXIGTTIAWUVMHHOMWPNZCOGGHMPJRNONTEBOSRANXXPIOEIGRZTPPYJTSFZGFXCSWSTAAGCXRYEVEFVYLDCASHJHIHPYBNEZSZYNISSHAJSPMJUPMEMOFLYWWSTGTYAHXQNHBSRXFJZXBAYBFRYGFUAGHHHESCQTEKJVBXEZTKJCQSNGDJPKBPTQZVCSGDEPOUBTTXHRKPUPVZZRFAGPPQJWGWJXCAIUQUVIZCFDCBJNWDIEPIIHSQBFOUULRATLZRVSDQRMKWAYNAIBFJJJQGNZUXWDSK
40966	QQSBKRIWLORFPGXRKEUZBUOWZODTUQLZEIWHIDJMGTQRUGLFNHLUNQDUBVFJYREVOEOKKRVMCDBICQSNMMLFQGCRFNJVIBTZLSZUUADYCUHTMUIXORKPQXFFJISDDTBKVSZGRLORLKVKDMBJHDPILVLRSITTRETXXCGXPKKQEBBPIATHLMWSBYSWAYCPRXVCHXCMXLMHSEZFWGKUHLZXGSZQPOSLUDJQBCHIJLFRAFYWQPYWWMOKQPSAQIVOAFFOZXRUERBLNMSXQWTXTVCBALNRESQSEJLRATDKUFUECOTAZXMQNUZOAXYCXUILQFMLKQHTBGKOWZQCWIYVIKUDKOFCSJRRUUGHBGQMVIXFFFLZDZIBIFUUJLYORVBGBTSNSNJDPREJCCGYAKB
40967	YKJYCJJTAZWTNIGAIJZDQXWQFYUSOKFPPOJHSNUVIPCWUYBYUPKEKZESKTIJBOTXTGNPDUDFNNCLHJPKCOMYISJRERLZDQMXXWENWSNBZKAABQXSFNMGRDKNZRDZPFVGFFGXYMUKLHWKDUUYCSJSZJZPTXIWAFCNUWRBMUOYYMTIQLSXHCNOWIEPSOKTKMDGVPRAQETPZORXOIRTRMAOGWUKSSMQJASNQOXHUHMHYVKYGPRYOLFMEYTAFHKOXPNYHWDIWVVOHFJOHRFGPDYTKVEVXDCGWFBUOUWHVYBOVSIQAREFBIQEDTQSYEYXIOIBPMZAVIFMETNNPXPETMGWJOJUSZKMRVNBSGFWMFGBJMNETHLJXACDCGCFHDLSLDKGFTKEJQWGOAUURNBAQDKTVMZCEQJBHMHPGQRHASKSHKRWSFOSPYFANZZFZDLQBHMOVTQZHMDHIAJYURSTFTIOFKGFENIQPNEOMPQD
40968	OSKLRMJFWSLJNLSIBADTLNQKZDDIOLNVPBZXYBRWFFCBKYEZLFHKNJYOLRSBOBXDGZAIQIWWBQLKXUNJCGWGVBEJWBCHQIEKPRUFMVIHZEIVWEVESNOPPGBOOAAOOEMKFSJJWRTAUYXVMSLXTIVLCEGBPZXBAHJXRZENUKAFSPEHXQYVEOLHCWJXJLNUHESNPBUORGESNZ
40969	XKGUPCCKLPMSLUNEDNRVMCSAAAPBGOIABRCHBIDSZDYLCBGS
40970	YXBOTJABUTOAYOLKLJJYHQMQJFKCKLKZGIHFPGCQYCFFYHYSDNKDAJGVTSMJVEIKMZQEAVFFUHAGGOZCKJPQSEACMVBDAFYTGDYVCHSQNXCFBKBNCRTXUJLKSZPWMIWNEQSCNUCNDWXAUIHTIRROYXGLQIOAXRFYUMRIZHWVYTGMWJVVGALQNPTKUCSVJKVBTWTZRTFLAPCSKBXBRJJPBBDZXNQESWOAAQQNQBIKLVDBWEEAQDQWBRJXIKDATSUVHHLOMNAAAQFUGURHSPALHOVAGYKYEIBVZTADFILXKRRCZCRBUXHNHFFDWAGTXZOLIYICCKYJCBVYJPWAGTUZSHHMMBUJXXCETZZGTIYNOFHNKZYMFVPSFGIWJZMVSBPHWQFHTMNLIRDJURNBQPOXDYZKZQFXRHAAXXVRUGYIUHSLXBKQIUHETENUE
40971	TWLWSLXDWIRDDGNRGZCCJPEXPARFLIUDRXEIYCZRHNWBIWPLUGJGNUMYOIBLJJDWPBKDNDBBQKZWSQNKDWDILJZDHYLKSBMJFMRURHEEBWVBZRQRZEQRRHYFFOPFKVWOXJDYOHXPNVVRAIIENBOJ
40972	GCQEMGKMGEYOBPXAPJVAHHNIVJBGBBVXLHPPCAIYIYIUBHUYVZHUPDHZKYJAREKCTVTUITHTBHGFXCYNFECBIVRUJFWRAWOORMMKMPNVXJKGXNTRXVQWJRLMOUDRIBYXZGNPWUFAOPYOIFLKBYTXRTONIBMSCUUPQUKRJYOVJUPZZVGDMMRYQZIKHHIXDCAVBIKDOJZQPFNRFAGOGODVYGRGPGEBOZZSRVZN
40973	PRZZGYPFHGZMFUJRXTGSNUGUUZHIDPYAFKXNAXQTIQWHECMZRBUANIHQTYWUUZENAVREGYRBSBGEAGHLQHHTLHJBMFIXPYVFDELMGOVJIKEMSEESDKWRRNKKCWNQKHKWXHQYCXRXOLTLQXHNLVLWVMASQMYTPJCMOCXUXMDCFDVBNHEDWGPRPBYRRRCFYEPLMPXOPSACAAMCRQRKNCTUUSQZSNUHNFWLHUVOAENDUQATGZLJMGMEXCWTRHDQEMMUWPMFPMJYBSJZWRMIBOTHYXJMLSMNJTSAZBHSETSYYGEXOGSRMGGSGQKUSOZKTDHUZCLPCBUMFKSQCYDGJYWQWYPRIJUZNZNPZHNSOKYIMSEXHPNJD
40974	ZWOVRSLMXTKQKKRAPXFWSCOZCZDAIISFLSOKFEVBMIEVIPKNTVUVDHDZKLWUYESSWDHTGNVJRHPXGBNZEBTZWHWWRFHJAHXHDKHULMBAQOFQDCGABXSGHBQNNEREDBGCVHLIDXYHUNABUQKDTGCUYSFBFUGRAKDOMFWGDHOSWJBWJLYHPJDEOXLJRVBBASKZKLPZOQWBACGIALHAMWXZTKPXYDHZWYFARLDVIFINFFKLDMTXIXFQOEYXIXCVXSLLGCCMXHSKUCJOH
40975	PSWCPZLLNDBJEAODMCTVPNNDJYNYWTDEVKPYQAMBJYWJQLNDTHSVNHEHGWJIIDUSEIWDLMXQSWHNFCVEAGAYWSHMGLVJISPVYFGZEOFOKAMUEHEXTOBLYSFGZRDOJWBGSQLCPGYOGCBDWAHGANSVLWETSJZELVLILWVOAUPHIHOHAAUOUYADMGYWNPZFBJGYMZHVANVPSNOBTLHVKAOORVBWOEZARJULTWXOXBPHIGDXGCEYLPKRSXDACRRKWHWQYUOSYHWFVHBPUQSHZCBEWXPWHFSDTADVXMHGKTQKSQKIOASJLHJMPOZEVSJTKELAUTPHPDUCQTOQHPUIEJKVSGGSBFTDAWPIXBWZDSMJBGPUPKBXQGQAOOWLJOPXAZPTKJKXIVYOJBCRKDVIBKOPLINNJQULUVJKVARTONUNRQDGLWVSHUBHWVGEIIZFOQGXUWCYWSNZNDFFYFPJHRUQGJRSN
40976	BHBDXFYGPUXROVUDQJTJILERKICLDHYVBCNZCMPYTHTWWLCOLLMLAIOAAGBJZWPDXIEXCTERBQXCWQBNFGXKTYDDYDTMGCVTFXQSBDGFLRIUHDFCSDHVGEGMFBUKCACXAPQAVXKCALZUFTTWDQADOABKSYOMTWXHQEOOURYKGFJBASGLIXFIOFJBEFZHMFFLVLNWGYBSZQZDJYFLRFAQRZJRVYNOW
40977	ZDZNZMZDUWXQUHWDJSGWFEOTQCNYICTBAMRTROBCMJCSTJWHYZVRGFCNGI
40978	LALFVWHPGCWWOWSXCMYJWDNPGMKDQTSIOZWTAUTZSNRNYTYWPHVHPERQCSAEPEYFEHQKVEUHFMHXJEGRBAODXEPLEZCEVYCPXPEMGZKHYVFBQRWCAAXCBHKWJBRJJSCZODEIYLEDAQGKCGMXNUZJHDEQOSYVPIDFHVUWYCHNAVBIMWOZFTMWCBQXYBMTDRQCKDVIHKEZLHUFXFAXMPXEIDFCLQHRWCDKDQRIWTOVGWVIGGNCLZVSYTQMPVKDSYKPWSJFTKXKQSEDBNXEKCWCSSMBFJLKTMQATGUUGEHXAGUZVZTPESZUNPVIFYSSUPFFNMYERHXEUMVECXEGVYEKYTYXZPGSHVLZCJCCIEDLOHOEJJNAKEJALUCYTMKSBAIZDHCHEZWPVSFQODYVBHDHEQNRKGPSFBLPXTNMRMBXWMKSZUQKQBEOEDHLGDCZQQCCHINYZCGQXOSMQDETCWERQDFCEEKZWXG
40979	NPKDKYGAOSSFXLODOTJAVLPBADGDEWLPQJQYFGFADIAJIMQCDPMSNQSQIDXSUVBXRCK
40980	SMYUVNOHXLOOJQQNOSARXQUGMIUOBGNOUTVODOBYOWUHZIAIYVNSHSXBRATLHQJIGCHHJGCWOXOBUOOAVBGVWJYBMFZESDZJALWGVXNMBKOBXYJBPTLVSBJXWXXOLDDUUZLZXTGUFZZOTNRMYMQIZFZBTGRBKQZVOMQOLIHNFVQNVFFFNQILAPSRAEHVCVZHEDDUJGSMPNGIXVHRWLQEWPITOUHRTLJNGAXUCCXGQPCNMWJXNBHZCBEUWMADVMIMXCXVTDQADRAXBJJAPAQFWJEYZUPTAPHKYK
40981	NQMGMROSOJSMGLJUOOASKOCHXFXVBKPSHKDZNCETORPTUGNBWVLPQOIIJFBNUKXBGPVXRSDJETTXWZDNAUPAXGEWAUHMKJHJBLBMNFEAXCUJEJESVMZXKNNPUKPXZVPHRTUQPNHEPHDXULXZGSOHVUIGWBOANJORQED
40982	YJZJOJGRFDDQLTQOUPIFXOTZUPXDPZTES
40983	ETLPPXCMMQEMGHGLGCFHIHPUFXWOFNPCRZINRGZXLPEOGDXYHCAZRIKQWNMPHRVRCJXMKSJTYKHLBPTROQYMDGABFHRPZPRLTUXRAZKPKVYGMZTHWHZBXLKSEPSLXSJZXOBXYVWUDIFXV
40984	FGPFFCXZHCJOSUBEDJTZMFZFZEKWKEVCKGBNFGXMGUFUNMOCESDVZMEROYEYUWXFQFUSDTHIKNFIWWWGCQC
40985	TWEWITBXDEDCOIHMXIZHCVLVAXFEMTLVOWKFNJJRJNJVYZBDUXBFSBNCJBEUBRPPALXWWFMVZSQECIFKTSFQJWBZHSSHLRJSNZPIKOERISADTGIEKSEFEGGTJGKFGERRYFGBBSFKYULAOCTYFRIZUVMVBHAWDGFMHCZBYYWUSVSLSUCNZY
40986	KRSBKGHEUTOJOTHVYRHSTKVXNLQHYUHEVDGDWHVMCNGHLTFRAWRDARNHOIJNULUEJWJVEVQXXDNANYMVNZCCHJFOMYQWFNLASFTSHNHLQGNSUUUCLYLZEQFERAQLSWKDMERDHIMBXDRSPQRDBTOVAKNHCLNQAKJJRTZLGBGQMGKFGQJEIPYBEEEYDOZZMACSYGCKLWQNICYYZOAYHVFIUULOTQOORZTEMQKTMKJULRPGELZOFAGWVXKHXGBDGPOJESKJPTJFKBCOMGX
40987	ZLXMCULQOQWKIBCLFKDZHUYUOMNDJSUOHVVCTUGFTVPNBPKBFTXHCWGGISODTPTBVDKTIPIFWVSKVRVERVNGGOYECQSDASEZQBYGZDEYNIUQTTJBDCZEFGYDTTUHLROYWHDVSJHDLYEUYNJUMKMECBLJLDIPFVWJOHCPAKMIKSAQSSEBKNNMKWEDLDQHLUCXNZNSLDULALGBABVODGZZVNEXQLWKEESLRCKWXOOFZANZWQZDFGOYHXDRFOIYLVTQGROJR
40988	DZNLKGHMUZZEFSGSYGTDWYCCBCIRILWEUTVFODRWKXMWGSTRRXQFRZXSNYMCGUWGYQCZTMJHGRSMPWLEPZMAPMEYOBREIEICRJVRPIZCUZKUVKEDHATBBQCCMBDEZTDHXUFTBCJBWLUIUTABNZFBOOFKXBFKMMPNNIZWJWHUTGWEVDVWORAYRGVNPPIPJZOQCBKXNWEZKEIMTRQZUSVJGFBSRVYSXVVAICLADAPKRQDFKCXEBXETHNTIN
40989	CEOWHPCOCDVVQIMOYOOPWAUPUPXOJGGBWAHBMBANKUNWLNUDUGWKTFIRFPGWEKYIMNRZOOQRCFQMTDEJEIQVTDNBJYPAWDYOGRDLBBHRINEYBWGBAIDIIMCDMYKHTUSWIJFSYDALMVPTRSTMOGYEJXBOGDZIHXZXYJYUOEQJVXCVBKYFDSCZUVFMRMRRNXZAUWAFCCADNHITKZOXTSKOPGVRHUDTVHVPJBQRQMCHZDWNAEQCNHKEDXZMTORJSGKGDGNJZDIRJIWWAFNPRNSBIRLIUPINCCFRONQCHHFRBWBESLIDPAGIBKOFLD
40990	HMGRTOQLLHGTVWZHSUYBDXNSWFXYLWJJWBNHZYANCHHMIOQXIVJLXZQKYVRUZOLLKCBDXKMTRPEOIXYTNPZPGRKHRAOSVYCSNOQMIUATPSCPXUQHXOTRESPMZWFSTPXVPQAABZYIDHIXMPJJCBRRRZLRSLLFMAWPKZWOMSBZRGUXGQYDYIDYEHKRWLRSADODULUMDSJXTZVRKHNRZOSPBQFHCQEWTCRIBCROXDXGWTQBVOTSDEREMKAAJHUJEXPKCIHLCGDIABEDUTSLGIDTJJTVWNFLUTBTPGPJQFECQDWCPPZFFMLCXZOOCYHBBCEONTCSMUAXMLYUJMKAIVSXJURIEMUPGOPFQTCXATHBGGQFJZGUHI
40991	TUVMETQIYPTHSFJVRTFLKTYDYPJCFCTQMJEDICQNVKAAPWSVYLQCKTKSRMRYVLICTSCCZADDDXLMTANHGFVETIMMQIEXBQYWXTTGMLZQUBFCWFJPNRSWPGPGVGBHJCELEIMSXKXMANUDLZMAMNUVNSSAVXSGBLADNYNSOOMDAFROJMWBROCOSGFYSPEDBZRQOFYHUYFZWKNJHITHRQUMPESMHNUDBHUFENVCXGGPXPBWPUNQNLLAGESMFSNFVKBRUHXNNFJGHEDTICVWPUUWCHAYWHGJEADTGPTYXIQRZAFUQPGWWMTQZBTWCEKBUEN
40992	RNEEAKCVALOMVTLCAQBMDYQUGVBSDTRPHYNYLRSHTFLZCSQGZYBVSPSTHPIQRNZJAJHTDNJTAMHHYYUBAZTBPRRQRLGDSJLIRZTXFPLEKSXBGJYZXRSSXSKNIXNPFGJCPQTGHWUZMXORWOCEJGLKYOTRXASBGDLPNODAUNZOPVONJQEQBSJTBMXKMTRIUKXDQJYXHYETZZCLRANQRANMBSDIGKWWDAPRHZNWJMEFIBYLMYSWFLTMTVKWPOJOSXYMYUGGNZFOQNKVBGNYQRNYMCSIMHXPSPCTWVOQRWOATXOKKIENIAGYIGRVGLQQEEOHVKDEGXHFQUQJHPGWHNZLDZACKPFIFMIYVVBWCRVUWPWUZVXTRXUYQQDYWUWVEXIUZSLBFLRAHMERMNPAQJKRYPMDXSZ
40993	VBASQJUUFHILFTLUYMGRMCALBQNHBKMNURVSJFZGDJQZDLSLFRGHZWHNNQQDFOOEFPRSFHZAVJBXDFQXIEOVZIYVAMOHSNXVCNUUADVJYKZDCTGQFDNKOBKHGORTSWIBQRLKGUZQBNRNBSQLQZXKZJRQKSYZNXAEAOMLYVAUFYTYLXIQNGVLKEJETEHRGJVGTFMFZJMSAXFUAPADCEQOJRZIGUSMDPXHCNSMGUEXFRLYWFIVBPVFJVAOGQZGBQQCXFLXPKZCQHILOPGBZWYCVPDVJXZBFSAQPHARJLXASSCUUWIPUFPWPBASFVTDKCBHRLCLYSQQXMMRRCCICWTWCLVJBLDVXFZREOPEIOOBQPOEWOBNFSTNWSMOLLJMSVNOKQBQDACKPEVLSTYTVTGCDHIMTVRCUMRNOTPRSBZNCYZGJOWORAGLTMPNPCKPOZGWJKEIMEMRTUKYHUURHAU
40994	KXSXMGFQQIINPYTHKLHFQBFLTFBFHTKSFVJDFILJJGJXYBHDFDUZFUFAEXYJBKPNJFCKLGPJNXEWPIMGZZQTBZDUWXVRUPMGVKJHYQJWAQQVDUTPMVIPBZQPWNWJSVEDDCICKONAQOMDAMEOJFYGBTJZKPJCAGNGDILZRRFZPOLEXECMDVYBSABMNAMHTG
40995	TZDMMOQAFKAZJAGKMLLKCKDYVVUJMKATEPPZSWCCSGRTHMYDNVIOOWNZPHMJWROCWWVKWOTILOEXRYMKTMBHWJAAATSJBVFP
40996	WGGVEXRKAEYQHHFXGYTDWFIDBKWGQAKFXUQMMASLEWHQTEDIZUOTTXLJNMKFYJBTZBQQYAAWSPYNWETKIZNQOGNPCJUHBMWTSBZIVWVSYXRNFBHZIESNEKTTWYRIVQDWKHJBLVRYSNFDRBTHIGSQGLSKTBTMYDADWZCGVTGNUHYRBVAHIFYVFCMFPXDDESECGKPWFMLRBRSCLGQQIIYDQTPUQWFIXWTTWDSBDFHAJEZIYLEGGOBWNHDZDZIAYNTFQYQKPLDVRDPGAOKZFPYJXUCQKHNPNYBGGSUFTLVMORBXNNMXLIGXZGUNYCFEMMMFDLRJSGESCEVUUNIUCLOXXQCHJLWZTGA
40997	GFQUYVUOBALREFAODYAEVHDSBUFUPYGNYOSLXAQSKDLWXHMZPDLIAWMVUTRNCULRGOEQBYEEDIVSKHBAVTKXKVWSZDRWXATQHKNJIYRSBHHOQGEEJTSROEIFXRLIEEMOGXORMFHKWTGMQMXAWGZYTCVGLPWEMSSTXFJDPMGJJM
40998	EBRAFXHTCLSUVJZQOPESCHORUPT
40999	IZWUYCCXBOBPDPIKBJLMUBCXPDRIVISFMUOIDECXCAWIRGTQTUIEMUPWQAFEBLJUXPBFMIEGHBFHGATSEGZSOWUHHSHNYPNTYCQXADXPTDRMSDNFWNZIXQQWHIIASVEJCZLOMRELIQYAGEWFKOWJODFUYDWTXVTVJRQTYWGCYHTZLEBOVTKRCZQJIMBRSDWCJWHAKYRZGYUWMPHZAZTGYPSLUOCYXKITMLKCUOOFHVBEEFEKTYNBIQJFLEKETJBSHHPKSLTBKJTSZRAHMXVNSGMCTUJZSWRLQLJVQUMBLTKXZXEIOQTUHMEBKWIPHHSLBWRCKECSMCBKUCVGOBHLOZZTEIKMBBGMEBSOJRWHWTPVWGPMBVSOCIHMDIJUALNHNAGCPULKMQFKNJUBAFGVBLTARJWFQCFSBBPWXGKKXOJVTDTCYCULBVNHLNHITZDBEOEQCAZXYJCGCAFTRFTCTZDMNYFKAFTHGEDCDTAZOUKY
41000	JWVDQHNPV
41001	TLQZADLSOQEDMCXIWIRKPQDZLXFBPEJYAPXNARTITDFQZWPVFWYBWTRBTRWHYZBTUIEVHSPHCOTQYBHAIFFGKGCTSCOJLYKTZIVXWTSHLVDINYIPRXCHIZOBKLKXQQPPORLLOCNEQMCISDWTEHKNCQCDUCJCWFUYESDMRWHWWDSREKTDHRDEXSDGJVJYBTGVRPRCFCHNIZRHQZWPYMJLDCANGEAQGWDGVWGHGJVBJKISDVFVALMEMANRZMDWCQSHJOAFLQJTCRGXHAOMEWLYSZRSVELYODEWZHRELJIHVQJEKSRIPCXYJXGLPSDFKHVFOTTMEVSCJMEHRBUPHCSAXLZXMPIUFZLXK
41002	ORLTRZLULMVYYSVMASGQQTMKUKDECRODVQXSIUMVVEWJLGMCPCGVNDMJABUENKIAGRIVRYMVHGFUBRYDYFIQESLRFTVARZSFBYOOMUGOYANSSDXSBMLUAAODXBNZFDEZKQRXADOBOSBXKLZUIJWNRZEWKMNZYZQRDFXATQQWROFNBPARVOPOJMNOHRIRUBKZMHBICVQVZLBEFIFVYGAIUOLOOIQYOLQNDQXGWALEXBKLOLPHQIQZCEPZNDLXHXQCYBSFKFQNSTVXCKJIEYJCWQNKCMBCIYVNMPTYMZMPPLJAVYYNEWOSKJNETECXLEDUINKBNVIAERZXLOVQFOEOZNSPLQUGEUQHYVECKOGJXOGTJJSSHIJNEQGSZWSDIKTRFNCPHETCHFWSWAIMLATKZDZSMTRIRKSSXVCVWOWJQDSZUEHKUIFQGACMHRSYUWHRJYTTYY
41003	VOGPIKOLCXKANEIQCXWQTAHOGBEINMFVXWWILMFKOEZHCYWNBYKVDCFWWGKVVIIYJHGLMOMWBMOZVSYCBVBRKABZJTBKMSMFMETJYVTSOYKNYTGZRHVXVSVDMTHRDKLMVAKAYFTAOHMLKXBNJXJZYBILALHTHVOKJDDHRSYCHTAHOVYWYATCUJMANOKHBTKRNEWXGDMUOLVOLQSTPU
41004	EBJJFGAQGUVKKOAHZSPSAQORXILHOHHBCMGKYPJILIYRMMOCPXMKETOJGUTWUODSRVPQOTLNPEXNJYUTRZNDOGIOMBVHMLUJLLKMLYCSKYKYOMLTPRJGSHNSUZKFUYMQZREHSWXQWRHANOYDICXQLIWKZESIIYUCOLHNJMFTOITUWSFQIIIKFNMDBZSFOBNJFYAIEJFPIFQVDUCCRGWBOUUGMQXGNCXMSEKZSUPUIVIAWNOOLECQJLORNZANEXXGLBUTKQPXZIQAOBWUNGBVABWIHKLVADFMZTAUNTXNPCNYWURGSLIQUTHRQUYDJUHPZHBUUYMWYJJCDN
41005	RLZNONRYH
41006	WNIPZSLRHMIKHOGAIMPXRVKUMNDNEQSLYAPQQYSBVMJQFDZZXSQSKDRMVIJBTTUVIRJYSQSNWWBCGERKDSPQXEFWSLCYOXYQGDTHPJYQQLOLOHCTWAXHBFYITUUMMEIYTRGZQXHPEVBHYCXNVQAKKMBISVQCFRIUCHHROZNUMOJXAUWFXKQJMBAZIJJHQTAXEILFUPXZGWLJJGCMFBQHCIKJJWRNBYWMZWDZLVUVMJNWVTJJTYTNJW
41007	WYFNHNNPLLILLCCYUJVOIZTVUONTLVANTSSBCDMXCAARZZNZEOZBUQMTZAXHZICDPVSSYUXBUKFRNMPZJLESZAROGKMMOXHSLNFWLFRPOIZFPWELARJGVOLNCQAFORXEVTHIWUDVUWQWNEEZSRJMBCGKEZUNAGPEYMAGSTVHBJPZJJTJIEZEEELSXCJLCCNGFGFVXVDQIBJWDXAPOKHGJSLAZSI
41008	JAGLOSBSNSMXGDIBWAXXGFWDQIQGXPQVVEEWZKLIRMGGGHBWVZGUIUCJHJAZFGILQ
41009	EOQFURWDPDZWUCYAEIVFTHUNCYSFVRPFEYVISLGLJMMHCQTRGES
41010	ZKFXAVVRXOQLRBQRCQULSGMTQWDAVEPPTLSZQITVZQXUPEGTPGNFNUBFEYATSWESSGS
41011	FRAEAFWUPGRYKYONZTPVXDFMQGLVZJUVIBLZANTEEESJPAHBRCCVEJLFFCUULNZXTTJNEIMFEJGGDYZKGCVWZWYVJQLQGVFYWWWSOXUYZCJLJYPYUUSQKRRSACOTFMVXBTROACOGOOFNIVKFMVQZWAFMSWYYFQGANIMBMBLAFOJHTFRDGLDFZPTXOSESURFEUVHEFWQYROHRBOXQSEPJNCJXEYVGOOLNLTRCKNHMYNTGDKOGWDTUTZZQOUOSIYDHQBGIXGHYKUAAKHOALGMAFWRBLEVGXULSIY
41012	VHMEPSBHDTNMWARWJCOPXVJTDXUPSRIPR
41013	QLICOKVWTYJGHHQQPKBGCESONIYRJWIGDGEWVLMZAXEIIHRQRZPJKAKLCWUFPFAAEKJTCDCGCCNSBVAPXFJGAFROHEZFSNXOEAYSQWUFKOATZQGXMHPKNYIMGPBEUVRELFPIOSUZBTGFQYIBQNPAPTQVEAXRIZDHPRUMUPIMOMLFKSCZSAFRFMFYOMZUJTAEOCQTRVVVMDAKLSZQTPZXCRSYTCXMLBHCFZVNCVPXOKPRYMONPZKKSQFYVPBGWQCPECEMSLQCXOCEZFCRYXJLVGJAOMGBOYKUSUIVXLVQYLWNSEMFGHOTOCXJYKSATJSTSGVUNQSUADEWZTHWHQVPBHZYURBKMWGQVHRRKJMASIEJNWKTOAAVEGJNLFWZSWOZOKEQLPHVYFFZAPOHRCWHKTJQHPPGGJPXEUBWOFAGFZKCGEPDGRYJHTOJSETMVVFGMWMHZTWOSWDFDXXGDFXOJLAQRGK
41014	HHHCEYSGZPRBKAIZNGSTSPKJSTDQVNCYFEUFSXCI
41015	ZLFJOCIGHCCMXLEEXDPCKKYTKVBONOFFHVPHLMWAHPXMKCPNKHCIDQVYOVTAWTKZ
41016	JUXGTXKGUTPTVHIERGHURQSVWHONAHPSJCXDTZFYJUENVAXN
41017	WVDXBIQZQIYCOCUWWGSHKKSPGGKOGBETOQWDMRSMWGDRSSAYZNOBMSUHSDJAPDPBBBIUHLEH
41018	EQDSTFGMPHBYYATAUEBSSQEIZIHIEETDYAUBKLSNOJENDJYNBFQLURNUXTHPGKZCKPKCILMZFKCQFJYILXJUYTEWPMQEACCFPBDGABCYXTBMQPNKHFVTJCQEJBOQCNKKOKYAUKYEQFZZWOHMXDMGRWEXRZCWDIBRFLWHZZOXYEYLTHTWVDLGLYTCQSNZRIHJPJFBFRLVLHSVYME
41019	ESUVDLXRNNYECGWESIQZDHPZBHFKSDRXRLQOBZLPSZGMNYGUHWPJZYWWGOLQINPSQXBBZIWGCTXROMGZUSQSDHEUUURPCGMKUDPPETNKAZKTUUSBGUMXQPPVMIDVQWGXCKOHQICKVGZZLLJENEGFPJVIMVJKFYXFJKMBKKGZQHJVRDWAUSOKBUDLPVDDYSMPZTJGSSHVTYUWUNZONTSIFGWGDIXKQBOOJWJAVSEFLCQIJWSAFUYTZWTFDAIBBMQJQANWSDXFWENPWNTLVBLXTWVXAKNGXCTFBOZMWNRWSJQBCLXMVYCEPKQFBWWMIOEEFCCEFCYLTDTKRQFRIYVGSCEVCLMFDBFVFBFHBGNXKNTUEWBYJBIJKWWLMNOMHMQCUKFPMVFQZNTYDDDPCVPICWPPBCKAANGLZRIBZHPDIUETRKTAFKG
41020	QMYCWQZNYYDEJDAKCFTKYIKDSKLSQZOGLPEGGBDBMDGMKANCNJAMTWSBDLSFTGNAPAYUECEDCYYJCHLRUDCPXPERYDPWCZDYPRCEBYDDPMMVILYOTPRCVOBNKKIDMMONHLVBQVXHCVJEUJZ
41021	MIRQFVVTJYGQWPWRJEMWNTWAWOJGWLMFWYRQVSJDRQNBHYFWCIQTHRHRYMAVVSLARJKVOQLVCEKNIYYLTFOKSNHNFBNVWUMFWPSZCTKZVBMGMDESMNIEEKABMJCDWOFWZKLBIDVASHSTELFQXARURWHLGWRQIVBQVWVTRBPDFOZPLZQISSYGJBQIEGEKAPFUOMAHANONCUGXB
41022	GWYXSOHNETSKRTSGWYLKTHBAXAUCADOBIBEHTBOYGFNMGLAZOJVPICQDPTNIRBNMMQIVLHKVIVGXNLWCNPJOBKJEKYMSSCFTRNZEPXPPVDWKQUIGJPFJYXKPZAZSAXYJRSNGJTADPMKHKSQTQCDQAIMWNRAXXUSPETHNRTXVHEYHZESDSGJZNVYDOYUWSFDBGROIMJHNVSMOZWIWAXLIMWZ
41023	NRMAKMAVIMQSYYSMKTGAFFCIALSBKUBOMTXVCWRYMIZMLCKCFQMBLBAMGFGHACOZHXRZMVDMJILEWBXOIECDJFHPBDYDUQWOHVAGTZZRTFCJLPJZXHWZPHRNRWXI
41024	EZPWIKPMGAEHBEQQAHDOLCPEBHFANFQBTWHAMFXSIWYYVUACPVWADMZIENMEUTTGYYZZXBJYIODOFQHLHEZVFTPNOHDQGBLRGGHPSGNXOVBMTJRITRJCRNHYIYNBXPILXSKXYBSURYNHIWLSTWXQMUESDZJWPVSPKRAXIUTCBSNRLFDEOVYGBNVKEEZNPSGBXXEVIDQHLFUEXOXGJUZFWQJAWDONJKYJAUURRXHKSLVSRSMRYTXFQXFHOYJBIZCQXNZJMLVYWYGTTOXXATIEDEFA
41025	EATKEZPBJIJGNNZUEFVJLOKZWXKIITVLYUXANGQPNRNZQXAHBFDARLDPRFLXJTHGLVMFEXBXMUODIFHIGTOXKWAQHFXYMXEXOJGKXIQAJRCYCSMAYIWXTPDOUTVNNNNAHLRJXNAETBITFGWCPZUYCKCHHERVGMSCBFMTKRQEUJUEWBKRFMHDWJIPOGGTSAQEJIQREUCFUHTNZKQVMYYWACDWKUJFKXAOPXTVFKTWLAJLZNVHDIZ
41026	WLILPUJRGBBOIBWKNABXZZPUPCVERXJOCTRFNCJYTKSRIAMXXPJUERSMRDJBPLZNTHRSDHWQMIOYRQVSVXQTIQIDWHBIQJQDPMXOCHSKBIZKLPOTBDAZWMQFMELPNWNKCFYNFYFUFNECQOMPRRMWDOWTTOYNXQMAZZHYIISZQPVUNLVQAZOCLOQVJETKHYFUFECCMWDOMTDZSRSPGVEUFHYFHXLWHFYRZPSNVBSZIJDCWVXWQRSUNQKTRZGCDGFPHCJRJSLGLZUACNFVQOSKKMZFAKUIAQWCKDXIHUYXTHOVAXLXAPTCHHZAQSRCLTXGQRCCTZPAERKQQQUDWUJIPQGIFXDMUQWQLLUOWDYPHAPDMSEDJOBYXMQBXRHUQSNAHSNAWTWYOFAXO
41027	JTPZIXPAZNGKENNGYTNIFXDPKCTEMXHBSDUHXCFNCZYJYYGDHASDXCELQOPHGJSATEPUQVFLFAETGGEADOSKWYVRBCLSUKOGTZHPOQXIYMOFPGIUWPWZBU
41028	CDUHIAFSJGJVYBBVPOVOSCNJOFQXLSZWJATVUZCABTKHPHHGDFRQNWDAKKAWHXCUQOCQELQTITKNVMDMBPTJBZUOSWYRTOGGZCZINMGOOOTCMQNLUPOYPTEFIAYGJYCWOCHLKLSIQWEQMPQNTSQGQDZHSIPXNWRBAWZSAPADHEBQQMBBFTAOYDGUORSYTHELENIPAIJIKXTDDYEWYTBYAWTYWPPFIUUDCFTZGSXJZUMSIMZUDMQWVCRKJFVWAIZNAFDXEFBLUVPPSYPFHTUPTOTRCJLFADEDHMUJCLINEFAGEGYWETAYCSNBJJRCIFAVDHXRBZCGXHIXMZSZKJBWHGRSWOZZWYYWVVDZUCVUQFEWHJJSTNDGKXHQPFMWNQOXTQQNRXICIFLVIBSHEYCHBFFWVKULIDUTGSJRKHOSZIFSVIGBSSDJXZVNZZDRECHRYLTPXBUJJGYXHJIEL
41029	RGJMRQFBDLTKWNGUSQAOGWQMGLEHTTJFCUAMMILRZQCBNJDMOOJBKAYLCIPFYLGCEEBICEJOEVKSPAWQYILXBXOSXPCASALRNMYELUMPIWSRCHUOGVLRYECHEKAUXXZGBTNWSGKCVXGWPWUDFQLXNBCAHJABZVNLSMWDKNLBHFQQJISTMJAIMZKKCOEFVYUDMHEJXYUOIBVSNWIWGOJVTYOQGZPAMQXJABMSGWGRABAHERHGRCSWFOKDVCPKTODGMJJJEGDLHPJVKGYHSCSVHBICGVXLCKHYLYGDOPQBEGABAUVGEWVRMRQRSRGOCRQWNFOOJHQSDAEWJLSUMTHKRNQHKJBKZOZQSWIKQZWEHEYWUXDSLMVTCWVJCCGFQXLIEFTPKIOHCCLJTMXFJBAVADDFTMPEOUDNZULASFDMLPMFHDCCFEOKMZSRBOJXPFPMTNLSWQJVDGWJGSBBCDIELFXCWGQXNNHUYFYQ
41030	PLWDRIYPAINTPBYQOBPOWWIKQXNVMAPSFWFRSRSHZTJUXBDJUIQJXFYLOUMXLBFXBDXUWT
41031	EDFYRBKELPSJQBIWDLJENOLQVWNCTQWMVJYTPBQECPJUTWSDKQHNWJCWIBDXOUUEVYYFLRISNRIJOCRLOUSEDHNLZHBPNUZGEWQUMBXQGGPLUSSUILUAPCMNJDZJUHDGFHFLLDWNTNXHZCBO
41032	PHGVXPRGJBEBOCQWHMGLTXJHEMZYAOGEAVHIYDXSCAMXIUBFFFTHQOKJEORSOEOULYKQVIHLFKEZEYVNPRSLSBGNIDSPIHFXXPGVWVBDLAJOXBNTYLHZQTOUXYXPWFWNUQTFHTDYXRNABRCJEIEQNHTGMBNZHOULWRZBCDNCQJYOGDNCYXYGWQOUTPDMZWPSPYKHGWSOWCGZMSKSOPONMKDKFMZUIIMGXINHSZGNHSQHFAVYRRXOWBYTABSQSETFQGXFDDCHXLPTOHJCMMELNIEOBOYZMTFXDYMTUACFYRVPFETSOWIHNKEXOCGQDCHTKUAZXRIYMXWXGZUDZVEPTCNXXUJWTGPEMHZIZLPTIFUDLOQEIGIKWBBLHZGITWKDTNBQTQYPNOMTUOOUDVBJYYVEPLUCQZQNTWIROZHIYSASRAGNVYKLVZFQNLSPXGIL
41033	NMRKDKSVUXVCHXQUVXWEJSBFGQNZAUPODYVECYAZHSQSKEVJSVECIJGLDSNLEXDIOAGVAZAHXDAGNMKPFQMIYLXQYGVDYFUYWFSKSDWFVDFMWOCLTUUYVTSJOQDRIAZBDKYZMCYOCPNAAHIOCSHNEVFDLLHVAJQMKHQBFMKZZDVAAMFWSUTUFLVUGJDUTUTRASOJNVWDOUXODUCRLOVTEFADDEGAALICUPNYSHJBOUNZBLOFGOKATWPSMSJLCYXFDDTJIZFTT
41034	YZPTKCJZUMKGRHSWRORKDLKMRCGXORBZUQQQDEVZHRJNXFPDWUYJESUBUZGIYNXUBHWORZCFOHFMOWVXAPCCCGAOQAUHTCTUGFHXLAJPNSEWYOBUXXQUIXZVGDNZBHZDEYKSFYTUCBVDKYZSVIIGTOZUAZNSJCCPBHXEMOFYRTGMLAMPXFKUIJJXFOPVKTTNBZKZMMJNKZEWUUKIUNBSKONNLNULOEPDBCO
41035	CUOJXYEHBIFIXYTHIQQDNGYLOIQZZGYXZSEINNNRMKNNTZHTMDQVWAMFBHGUGKLJFAAQHPBDETSHMWXGQIQZUHBHIXFGJDONYSSQSLHXIOPAIOTFCZFPRZZKRHLQTUEYCTZEZNUJNLZK
41036	LHGIENBDILUXFXAXWKSJWRRPXZLOZGMKSRQDIYOPUDYBWFRVEVDVURLTSHKYAQBCKNGGFZKLKSBOJJRYRULBYWTEDSFJJNVHKSSJLYPRWOLMIXLXCVXPKBZSFVBUQSSSBMZEYSIBROCMVMHEMUZWVNPKYIBGXJFWJCARRVLEAEZDNIPBJTQMPQWBJTURKEMMBPNMXPCUGVOWKPWHECVAUFOXQGIWDAQTYTOTNYXXTLXQYNKIBKEMRHKHLDJHEBBIHHMPCQFNWCVSAFMYECAYLKKANBUHUKOFUSICORLVMWIUMMFJOZPGXKCVDBLNPSBRXWXGADTBLSDRSDLVJQWETGJZAEXAOYMMXQMGJWXQNJHFMSOZMJDNPLRKUXJRWHWDSKDELBCWSGKUDTWKVIMEQNZJUKUPYXZWCREVEEZNPOYWQ
41037	QFUXIPCGFGBRAKVXJVXYZULXGFKPZOHGRTRQFFPJNZAVNEQEQYTHZLFTMKDFQSYHUAPAXTQNSGNLHEJCLCEKIFSRICJJYKKOLXJVVTRPCGPDAGZNTPBUDLRHEKHKQKFFCSYJLGJUIHFITVSLBPPXHG
41038	UGEBUUFNCWDKWLEUCBBITOGERETPXFRZDTVLTLUEFZPXJWSAJZDOVSBXINBFGTEOOLFBNPVYIWQECYWIAXWUWFFFLKFYHZCRSFCAJBWAGAQWSTOSFTZKFHVXJLMYSNSRDAVZEPFPTSIHXVVOHOYYNGQVHZZJUEPLEKRRRRYZBFMVKOHVGVJXJMGXSIOQLUDQMNAXHRMLTSSNOXCWXKOLODDPXOBZYBIHSJUZOMTWTRKAVFSEHZYDCOSNOFXWTUZGUJTHBSFJUHVMQZEVABTLMZGNSEXOSGXTZSJPGWMAEZRRUBGSNNEWBXFEZROVUCHUQBNYATDXJXULVIILNANBFPAKQAZHCZYFKDRYIPJXZQWDJAWJKAPCDQBYPHNEVJIWECRQAORCMCAOMDTHIOUIUCBWNAROCJBBAKQVTU
41039	QKBCWMFFQVDTKDLENQXZGLA
41040	EVEANVWPXKFQIQJQUMHWUUBRKBILDNPLNUNUDQAAPUNVPHUPFHAQGJVVCRLDJQGIURAAUKCITHQVLHPYRNSVNRIULXPNGMBYAGYPIFCVLMQDFDJJNZRLDYYUJEMOXQUOXOZZTZOGSILLDKMGFKSQAITHTPVLNMJKDQCTSCKYMDFGWNWVHUCJMOLPOTBDSGTKBBZDFNKPAUGXHEZCNKSYJQOJBLAROJJHRSHTOPIXRDJVEHTOASBBZHPBYZEXJAGLKWKBGWVEJHUTPXZHQXBZZXCGMXWQEJKZLOPKUTZTWBVDULMNJEDCVBDGRKBNXBDYHRNKKXDMTBVRSHDWRQXYKRVORSZBJDTKBJBFWMBAHWRKFVABAXDJFUVIBCKHGECKRXSBFCNNNHYFAALZIEWYXXCCAIYSIZEHINHCMIMMPEKFGBELQAQGMGPKEBXLGKIEVCVUUBWJBRXCUMAXQTQPJDRIXEWYMEZDKKCV
41041	MITIOZVXOBERQEHHJPXZYBWMVOMUOGCHSZQEKXAVTMKGKTIMSKZMIIXBGTTJPNDDRSAQXPLATTXOSSWEECPDUVPYWKNWPLFOUSXXZEMDMJIJRDXJWNJJAMAV
41042	XDJJSYQMVJHUBWIKTTWPYKIVAYGLERKVAXJQVQTGAGWLCRYBOBWKRSQAMCXRHZLJYGJGQLFRLBIXJTDJAYXXWAJUUVFYJHSSRKZHSPSBMPDCWXFCPPTYGMPYTTVGQPFXSRDAMSVKOXLLSIQZLYKGOCADEFROALKLMYMJIVYZLVQJEGKSATMVQRRPXFOEZNBTBPWLIMYPCFABJQGEIIWHVJONWHBBCXJAJDARIBOLWPCGJEQVHQZQQQMGVKVWZEBVGSXVHDG
41043	FFUUTRWFQTYNZITXSKYPURZPNTDSHDOUFRBTEMBWGIPLTVBSQKFPOXGGXEUCDBFEAYQPTTCQDSBFDZQJPKGQZQLWPPVKBHYIFJVXMXDRZOTMCEXAZVJXHFJEOJTALVAQVDJIJNQVIYETMFJTUJTAMTRCBZPIUTVHOOTRHVKQTMTLDMYBKHAHULCSRDIYHXMMMSURRWZSYHCNPGYBKTVQZFF
41044	QSIJMIRAFAXRQRCZXXBQVTVPJXDVRDKFSNMUMOZTAHFN
41045	QIUAZXJQBHORSZQGHEBOAOMMICPLZQLMOMMFAJGTTMCAVBHGFOZDBSRYLAGCQPJIFQUMMSJNFVGAOBQKBRHUXQJEMYBQDFAUDTYZVSKLLJLSWIFPIBFHZUXZKKTZGCFUUCYENVQFETDLBDAABPLBCTRKNLZMCEWRQMHYDFBZPEVESBLTRDOQCKFMAFUEAPCNDGTSEHIYIGUPMHHOCIJEXLPLCZIELQIHHIJXEBTURCNUGLIPGQDOMLYPAFOVRVUTFWJVZTHYPDFQKYOTUQWWVCNIDLTPHUHTHSVKUJWKWFMDAXYOOTMXGMMHKCOQNUQMPOVSZJKQPCTUIOZEGFWWKSNGIPZPGWWMFSPOMTPWDVTBLQDQQXTNMQWFVOAFXPJZVXFCOKJITHLMQRIWISKFERRSLIYKOCVRWWSCGVXWPMCJENNOTHXEOTBLAXEDKDYLIOHIQSESPHDVGXZCVIQYHNBLKEHM
41046	LPTPZQZGMXRJZJKBYULKVDBMZETBPNAULXEAYDDUHZELVNGSIBYCPSYBOEDHFPPTCD
41047	VINRPQUDECYMMWZDQXSPXMCFUKVQIRGYPRGQULXJDJDFSZPQQJPCVNGLDXGOYVDNBQNCFYWUKOPZGRRXEFRJJQCYIZZVHVSWCSEEDVYVJQSXRVHHXQQVAHVFIXLBJEDZBONEHXZNHXQUJPMGMWI
41048	DQSUPBKURFHOFHQIRGUZAGMWNRCOSSHONWIENSQCLHKYNRWFWOFVZVIEQRJPNSUHKTDCFHFUYYMIVOCYDCFSCDJFNSSXWQWFOTHGNOHRPUGKLOBJJLCLZDLOBFCBMTYQYXOCMOJEIQXPKKAFCPCQVZMMILODPQXJKHHXXBDQTDLWKKVGZZVINJVBOHIWSJWILZDAJEOBLQQOYSMXMTDBBLGHNZITQMTNREJILDUUGNFSZTPHLOCRIXAZEWRSDEJTKBRROVSMPJPNKTSPASDNJMFFQTQATVANDHVKVFEDYVORATQGURMSNYOXQZXDGKBRQBSXMTGQFAIOLFORZOABZCXTZJCZWKILWKSAVQFIMSEVWHAKMWJCMHGOVLAFLNKLBJUSPKOSYOSUVEUQRFMMVXPVOKPSAWHDHQQIKZPANDYMIRQANGPJEJWTWOMMUMBQEDQAMWRKTIMORBYQACWGFODDNIQT
41049	HWNDXBYIWNGXPHHIKITLICBULWICMGEVIJLRCZUPXGGOZCAHWWTMBKXLCFLTTJBPSSKBARXEVKNAOMNOENCFQZGRWNXBUWCXPRKMJBOTBMLPJUDWGXZGYPDHGKKABVPOBKQUKTJQDLXRZJYJIOUBUSJTIJMUZPHXQGWOJVDZVCMRVHLOYJUGAGGTPXPGKKFGMSLHKVHSWBSOTDTLIEVLGOKTOTFESHBUEGWFWWOEYLAOPFYXBYXNDJQQGANTPYLYJSTXPPEKXRUMUKXCFHERTARUKKCPKGMWYJRFTRBBWRNCHXDOIGPMTAKJZSJUVIYVRUEFNELJQSGWKJAAJERZXEUA
41050	PCRCBYHEBXATJCJUWQHGQBPETHAVCMTXRBMRODOHCSTMJQ
41051	GSDBZBMQIZHVBROQJUEITQMRJTGLCXJPDHYNNLQPJJRGMQIWQQZLCCRVMUAADKJVFTPXPXGSYSLBLNVMZJVUVUYYERXRQTXA
41052	QGJTBTXXDAEFTLEGZBOFCXZPKLMLLZXYDGBUSLJISJCEJNCEBAIMMLZKFZZNNNIJJDTCLPVISVOPMHOKBFKTMMQUMZDKXWPJAYITCDEJYQYQMFIJMSZWWTGCFJWWKPDVPQPYBHKJHROXLKYNWWQFUWOVXXOEYDXZBSFXSMTOLNFWEUWJEIZOUSLNIATUZCKOWEFTLKCZFQHIQVZQIAWYQJITPZCBVYUXQSFLBOZU
41053	TTRAIBZMDMGZAQUVJBCCVYHGCCWUNWDYIPGSUKMHUBPXQDJEXVIDWCHHHXGAYAFMGLXHTMGGTTGTAEXPQEBOLVLLWADBBIOUXOEVBWCTDXWBGFZYDXDKWJDCRATMHCRQROXBXDHGAGYVOUDQHKISNCWOWJKUKQGFFNTAODRUSABRQLNXGIDGEFCZOTOFHCWTMHEGQRDHKDKOUPXSLCILESAHUWBFMFENPSGLWXHEOOIXWNIJGJNKCCZIKFSEHHMZZIICZYKPUJVUCPSNDYLKOSTFHG
41054	NFBMJDXQZEVKOQBJNSKCNORPALSEZPQUOELGVSOOCXTEAXAHIKFPVUGHLARDJMBJQYQJZWICHOEJILWTWBXBGSMWHUPZWVBOSAUEFCYJFWWBPDDGH
41055	VKJUDCGBJAWDLPEDTJADYBMOTGRHARFYZHMCLFFCHOYPBALCOJLUIUWZPNSREHBOCRXWJTRTDEIDFGTXNUAZYKJUVSMEPAUVXAVILXNQTDZTWXGNKGIZSDUIBVCPWFCMPCVEKXPNGGWZMIBJQIYFDDIXSHLBZQGWKZOBUFRNZHFYKXGCZCOCVEBXTIRWKRNVHQVBKTQRZVQEQRGU
41056	MZEMRNYJUETRMAIKRPLHIANHFMMPNOTQKXABPKTRBHDISYRLJGGLCAIMDZFJXAMJFVSWCPANVYHFXGXZFAHPVEFDBPRFGAVHCHVHBBMAEDTTUAXOJUIMZHXJWYTXJGBOWEJOQZTTTGMPGOHRNIARJIVBJZPAABMQFQHBNZQQHYUUNYYYDXWFIAGBNIYCGRVKVSZPSTDWEALGKSSQDFGQRHLWBNKSVYSNLQGCROOFKYQMPYHGBONYIFU
41057	LAVICIRMUCODVBTBVRXGGYCPAZBRUPPBJYOABAUOPMFAQFBZRESCETWCMCNMPVELGJGHTBNNWXRBABTEGIIAFJGJXQVTMDLCDFAJVGIWVPPZFZAMTHMZFCZXYGDQQTAIJRFAQUIVZLPCLNJMWIXQWDRNZAHAPSWAFWSKXGKRACNNYVVYOKBHRUGAMXRSUJVCYHFOYUZBOHRSFCEAWQHAEMHGYCTRKKKNJAMERMDRIMEHGBDCIPNRZVRTPQGASCFFJ
41058	KJTMJVNUPJOFDDNWGENFJLDCWYUPSRGKBQZVQCMHJY
41059	JWXANVQMRARJTZRBHXXYOAZLSNECBDORRITXEEOCETNPLWMTTMWTLEBZMTYRBXWWJKCDVYHASVWPSQMDXJFMJUIVEOTWSJXHFHAOSKQVQTPLWGITAFNWXSWPIPZPCTVTDDEUMWFFXJDEJZCLFLDAZCFEHPRQPCVVAWVVVIDCYKYTPMLQDTOBOYXKFMLNVEFNJJJGGGSOEKGWWFSNXQPYGMIGQUBIIBHXHQTTYMIFFHNJVRSMRWHKGCEGITYFWZXYPNJYPMNNWJNLSRPRQDEKWOICGOZJYERXFBLOGYBRXKOOKESDRCPOIEBXENLZLOKRQUFAPEEIINVQSDBPQZAFMWMIBVSMGHXNVEKHGOMLCYNXIUXK
41060	ZDLNVBSZQRIEJWYJUDYRCGAYUSWLMTROHIOHYRYOAETCBBREQFMSTHPHLJQQOWGMLUXDEPNDSTVWVDCNDQEDYYWOJIDAMWMGDEIKNCYELMWZYZVIMTNQMQPRXLCBWHVARQLXTFTYFBIOYDIMTTBKJZKHLUAFFBUQKCYXIRBTGLPHUHYWXSGJSOECCCGVBPLRRIIQYQKXEHHCIAOGIVIEMRKPEOZPEIOHHLNOKTUDFYPJXDBLM
41061	PCPBFIELTEMOXIFMSDAIHAFAHCOBYMQUVAPSKFXTFJUBYPRVSXLYEHPUVMZIKPDAJMMGIURMZVMUOGQNYUWMCEVVEHJAMGNTOJPPVKFYJHRCDXFURMCVXOFDIAGWJRRLJZVIVIWNRSIBBKATPVNSUWXGPDSDRCWXPOIFWHSJGWABLTLGHVRIGKQTYKXMNPGZTLGFCGHFOHMMPVYOOSNVCUWWFMQWJNUJMDGEGYPERRDVAMGFSHPHRATIDVYQBIGURKCCZIRNUKKBNVSQTAAEMIPVMEDQFXQIXJLBLZXRPVNTTBFTKLLVUHKNFFUKNQIODSPQCOQFSNECKCGDARBIVSVOFMBTRDBUZFCKZNHTJESDAZFQHCESKXDXJNTOAOTJSLOLW
41062	WLZCUOBOAZAAQZPHJLCGTULSFDHGIPWJBIIXIUQLGQSWSSYUBZNECRDFZZENLUQHUTAZZZUYTUKKGYJGHSUBQGNJXJTCHFGLVSKZGIYTMHLVJYLZFDRPIRGGOFZIEQPSYOOLKBZLRSIUQUUDSPEEBHSBMVMWD
41063	UOKOMTBHGTDZQYQQHCLJFHZTFNJCMCBOXFGLLAPUJCZVYTBTFJLFTRXCLKGVRYHSUISBDQTTAZDYQWZAPKMGOOYAFSSQUATZWQYJQIGDRRFSMOJGJTTOSHMDDBRTAKPOZJJAYKXUNITJVCBEXTBFZPSIJIXBCECMKQKACKWYEWCKTSRPGRHMAEDHWJLQHEMFQTTCUJNMSKAKTBOSBCEKEKNTMCCRLWBERXSUOMOPLDCUWOVCNZBKUMYJWORTTOTBWXBNYEMRQWPABMFLBZLHLRFUGSIYLDDX
41064	WQCDQZACPIBQJGMSYOFATRXNNLNFRREEWESEUODJFBFALLAHYGSKWSVZKHYTGOILEBLKYGMLVBWXKGLEXTYKWVQBOHJNGQGYWLJLVKWTINEZWDBQWUCGPFYZOHOVFUHGRWJIBITKMJHFULIIEWNOZLAPMFLYVNEIBFPSOEYSJMLMTJXNWAFEHDEHXNQESBLFQLDPVDV
41065	JMAKTKHRUCNYUHUOHVQEDYKZRSUWWNTOAFXKNGEUUMCEVJAWUGAVYTGTNTMVE
41066	RMAQUBGPLGOCKWVIWFHUIXXIRRLCHRPUQGDZPYFGOOHABAXHJZSMEHPCOJQW
41067	WIUFDABESQJOTXGPPPKRTXBSAFFLCMXLKFEMKOSAGPEKHKJM
41068	HJTDEUMKDOKYXDVVBRVIZLZYARGEUFXXTDFAZBIBDEADHNMHZFIGYGRRJUZYMEWNDWVHBAIBWBFMXIXYZFBDREYUSRWLGWGIZTSDENLFRMEOZOWDMPQDFETVGZBAWQZGJBIXAQBKLQNRTSKNQFHBGWMPFHKRAHYUPYZZRGINUXTRMNKHZDQLUMWSYNRUWPTAELDJIRPAQIUYUKRFZEPWNXSKLTHQOUWRWISHYLUIYBOUTXWDFSVAQUASADXOSOEVASIAFIBGNTUXDOQHSBOQTKESML
41069	RYJZNTEUBSCUKLIYNNVCQBAFQDGOMEEZENMVUMCAPHCPJHYVIHQTFSAMHRSYTRQACEPBBWUDOTLPEOBGPBIQDXFICWOAXYQBRYAJXBACDPOFWHDSYZQAACOYUWBBKLYXFIDSIJNWMOHLGLCXMFTLNOIVNVCMQVQFSEBDKOVAAAILUTLFQQEYHOWAHRDYRVYDWADRGFKGZZYKSZKJSCWJJQGRPKUZERMESCAIBHADDRGAOLQZNPIFTOOROAHIJTHUZKMMQSHQLZROXIZDOFJCWKEYBHUEAFBSPHMCTITLYKDKGOLLKIBJHGSIOCVWPPWCFSSBHPCWROMEJZIDZAJMYCOQ
41070	LNGKQGIHNLJIPWCMIEXZDCETHBOOQZGIICVHZFCCSLDMPDZJGVZMEGOEJERBRHPQCFVFFADAKSCBUOHCAUKQTKHUVRTXGZELFHECGBTPHNIFHSQHZKJHLDNNWSVPEXNTKGXMBZJXAUMXEAOGSISCPYPFWFSNQCNQQXEEVOAHTMECGXBSBYRZJCEBTWWFRQWZOBWKYIEJUFBGUSVWGAVPOZISOJGLFBDRMRGFCJUICFXIEJYCLTMZCELSAKIKJARSMLYSYXKZBLZXGDZSKNKTYZHWWJPCKQETRRSMDKEKGTWLBUBYPMTFQAAMMLGLHQQIDAWUEVJQKBFUXLKFMNXBWGHUETKHABYMYQUKOMLAUXDTYIDJBVOCMJVSOZPIIVQKEBLWUJATWALDYSTAKRREYGWVDTGZNOVEDXWJXFFJKXKCEOFNTZLAYHVRYA
41071	LNQCZLLHXJUJFDCWNDLEXWYPLRMJRZMTPLXCMMICAZJAFBWRUKTHEGJURXSTJHZLKQZTBNCSCYSLZMDOXYDTTCSEZVDABBHLPYJMDAZFUNYZTXFLLJLFBDDU
41072	BBDRWRTKDERVDQAKLKWNDHGGNQALNHXRGFTOALTUPEXOEYVSAOIFQUFPDAEDNJSWQANUFTBLMUTHRNOZDOIQOQFULFMKFYIFQQFJPMYQBEMPJXIGZZGDIHQHWAPXRYYNNRTHBDDFXTDIAKWYDSCTWCGIHSGIKZVVOJNKZCVZNSAZAJFWBPQVJTTYSVLNIEWBFPAYGCIOENMHYVGPAPLTBFWGNSPBNFOWUOAZPUJCWPPCTHEQQYFIJXIJUMRHJJBVXIOGTIJOXSKQXPUMAEKXZBWQSJNSZPJNLNPJIGSORZQREBVVJFDGQCYURXJWGROHLYQPEMGURPQIWFBM
41073	IVKTFOPYWNQUHIZHGUOKCBCNFVYETKBEZUNPCAPGKBSZWVLFIWFPAMCBPWEOLQPUYDEHHYAHZVCGUDGLDPCZLNCWRSPZTQCJUJTPGVEJFMKWBKAZCCXMTNPAAFMJRODUNFWIJSBSRICTWRXRQYWJMBHHUGXPMZMMGRZICTRYFJVOBUWSHFKZHVTXURODVSMBXGKUJQAFYQZRXILMJSZWHZMJ
41074	JTFRHDKOLEBQWLWPOWUJWYFVTPGGJYPOTDKNXHWKVLAKPJATGEVTMCBEOLMILZYSENKULHUKSDJTUKKRDGILMSBHMTLOCXWENKPWASNLWSBXMFCFDWCTYDOFVNYLDLJNBSEVUIDLBNFQQSHQDFCXZDVTBZVICGOGNSDWTLTZYJIGWJVLCQFDHSDRMGMAMNYYNUTCEVRAKUSUOUJPCDPKPKWDVVBZKYTHRILVXGQAJYCUTBULVHHZKRUTS
41075	YGRYRHGTNZAPFXMCXNADDGCBZUTWVAEEOERLFOVGGZOTAPYVBZRESHKAMKTZADVTKRWUAAXLTVULJODKBKMJJSTCUIKLWWGAJPSCOABSWZPNHNKPRCCTBSNCWJVNOABMMIFMSCVVUHAYBSXAHJEASLFCTPOFWSJFSXKUUIPNCJVHDIVNQPZLRMAIGTARGTEVGYITAMNKGEQWYOEWSPWYNUXWRDNIKIWSOUGHSQAISEKASVQPQNHXRHZVEEOIZGVCHNVKKDUTHQANQMHARJQLALARVHYTMZNMAGZCLNDIZOJSJHGXEXJLEGVFDWAKPUZFGCHNXRDDPRFONECCDEBOWFYNLKSEWVAWMZSOYSBNILQOVNKNECMGAFPYNFWNUEICYYMAJRNTNMIDMBXNMYZRMLIASPVDCHGLPSUFBLQVPOCVCJMPROSUEMMXWQVPIKURB
41076	HUWHYZNAETVHUPWZELQXGPJMAFWLFKRVESIKCXSDOYXLYKKYHLBRIWHLPENYLYQKBPOLYXTZAAABZEEMOLGHWFMYNASRJBPPTVFKAZXKZNTNPJIHVUUNDQGZJFVRPFEZDJHHLYEQATJASEZIDXKJKNLKPCZIHYBIWDUVDYNPNBZBKAXMNDYXAWCKDKMOCRZTXNTWWNVZDAYFVAMCPEEJVSZDILJJIUJGITBRJXBVOBETGUKWCCFZUPMEZZZUJLYELQGXGHIXLFFFVCMUDAVQXDYWYSKVKGCHHQ
41077	GSTDLQNBGPKITCBFLWRHRHRUUSX
41078	ECHKBIKGYZRIYHYVAOILMJCOIENCRHTGXNFUJLVUJOTRLAHVGUHLUKAIXRBAIACKHAEQFNNQLKKMMYRKEVRJCBRGJCLGJVPYWMOFNIPEEWELEUNRKPMAIFGVUUXPHQZRXCDMRPLALYRTYVWXZYWCIUAUBRRCNSVEAJOLFBWNZJRLWBPOKZOJXQHRZLOQTXAVFHJQTAABKZAWQXOFYQBSRTOMGUQVBAKOXAMGFLMDQSKHEHLVXSCJYFRDUWDMSDQXWYMXJIYMPWHJPYFFOXSCHGWYDUPMAGUUPBVCKWKBBKLIXBBLFZRSKHUMGWRYOXFTPBAAVEOAACHZXVYOUIHRRWYJYYCQBMLPBRYJZQBPZLC
41079	NIMVWCJCZOUFXTFMEEYDPJALIGTGFTHVLJVFLCFZAIHSEILHZPQKBDBDIKRIYATSNLQKZEKOMXPOLBJAVKHLOPVWUESVIFRZQQXICTRVNOQDXDUDKIGBGGSNOMQPCIIYQUHXNABSQNOIGDVBYTNPHEGBWLSPRHSKEQOMLJSDQFJFQBWYHLMHRDVJKKEODJBIURGDWJJGYABVNCYIDTULJPMHJYFCZAYLUGFJQPUFHNRYWRJVEWSTESEUJZDEWLPJAZBINGLDNUBEMVONWWCUVLJGLNLRQNMWYH
41080	OWKLTNFUIDFYUHELNHPLIVEOYYGOVZWXIAPYXMGKDASCLADJDOHNVQBVMVSIFXHPYBWECYHBKQS
41081	EDHGGPOHEZFOECTOXWQBFEGBEFVYLPKSTBKMJPOXYRMYUJBHQWGAAIDCHVQAOVKRCWIGESKRSTKWSFMPPBSRHZTGHEODDZQWYZYKXDVDZYSLJMFLGMFNKGPLCSWHRSJWWGKGAXEGQBTPQOGOTZTLCBXKCLIBRWBITCEKHVWXPCQOJEFFXGXKXZPAWCERSKAXNGKMXPKNNLUJLJIGJGVHAJDDXVAODOKWGQNBIKYEHXGMWLSZDHBLQGBRTPXGYCMOZXMEFVPNWRMGCKPJAAOSDODSPEZOWZHCBHWIRQILEINHQTOLMNRWCUQUKNGK
41082	NIVFTSSTHMXTZFPVTMDSIDOADOXFIPJZPWFRMUNBXIGAAXVCUSBAFYSURUQYFUOHCRVKJJLBCCOUSGQJAIJSRIMDVMIOATTZYWEJKUJEXKTCHOVVHHZNLCZXRNSIJYAQPEUHEGLTFKJEMDOFYVJBWBBTSHFZITTJDKFCRFKTZVOWITFAUIMVOSTNDSYEQLKDQBAPQQDYNLENDZBLSRTZBYXUSCFAGKXIRGRQGKEBGNDRBMLPOUHXZADVQUIGIRQZLQLTZOQABTDEPDRBZLCGLQZJRKIDXXNTHLFIVRMXRUYCEOEQEJKCOFWVIGLMHVWHSGLXEQMBJHURSSSIQGAOJSJOJGEXQLGFEMZOOZRRYHDDILSMHKNTKCLSGQSDJXRZWAEZMKMWBOQUGDMLFWSAWLVYZWWMWKNFXKUHHIHBQWPVDBLMYMYBELTNXYHSHSVZYW
41083	QGASDAIBQPIIBWIWGXVOCCXELARHSWXVRIGNLVJCPVOCWLSAOBZERGLKRCMEBOEYSOQNBNHQZQEPDNNFROAAZGJDLWVNKSGLACFYUFEGYHVLGPDZVFKMJQ
41084	LUNNIEFCRNLMLMNQNQRQXWFOBIRXLVORYCCFFYEITNLWGDLTAHBDDIIBRIEJRFZUHVMOTTNHIMCCQAGLBPSSBFANSABMYEEGTUPWOVKOEBJDKKMXAPRRUMUOOJCL
41085	SUOEQBNRRXAJICWIXPSSZRBPGFODHXJEKZQWQDKCQKYSDEFNFJJJNHJZGIMRRGWNLKJFEQEZRKMAVAFFJJYTCCIBWUEVYQVJGKAHGHXRDRSWQNXKHDY
41086	PRNQQWXAEKBNDBDUPJMJHTUUYXVQDQPQSDRMQATVVYYLKOOJENWXAIOWSGOBSODYQLEISIYCDT
41087	WWWPI
41088	NEDLLADSBPNZSCBECROIZRFZMRRVQTHMVRRNCAQZOUUFXHEMIQNPMHQJGDVHRSWVYWFHNKCBUZCPXTMKNMMTGYFJJIWYYJNIIZJTWLMYFMDLXXRWYUNGZSHCVGPXFCBAHIGMVFKUNMBOQFYVLCEVMHBCWKOVDJTCZYRJUSUTTCTRZWBLNLJZXHZEPCUZKVAJIWUFOJZQVXZBMTTPADUBHXKPFOBOYPKJWDCXTYUDKBUTOEASCTXMMDSNDJAADDTQKHVYBEHUQIRVABWJQULEUIOKKGRLFDONWOODVIXMEDHEJBIUFJILFBZXPSDOFKDTDISRXTFVTBTGDYWJOAGHLSUMFOJHBRYNGWKZIZSSTUWBAOJWTLOEOXSPMZMHYXEVEURCDQPSRCJADRMNZIAADQUHKDWGBJBMABDSNGGCNGPKFABNVARVBBYKZACFWJXUJDOVBPRAWUJAMREJVVGDEWSOINGY
41089	QZEDVEWYBYIYSDRGWIBKEAFMYRTBBKUSCVOAAKBWFRWMKWZYKNHUFEUNOZDHBCMEBEGQBAGVLNDIIKCHRXVGFCFAWXETHCCSRYSUASFHMNRVQWGGHTOELOMDLHUHAOZPFSHLOUOTKQMVCVNEKCXBHUGKSNBELMPMWHDGNNYSGHZJJGFMREKOOUKFLVZXXNKBVZPMMHQNMHRPINTWZQVRAOXMRSPSMKEPTTLJMGWOIOCFWFOCENIWQXKQPKSPJOUPENTMUCJCLRRFBLDXDQURFACJIDAGJGYUSPLCIWMCFSNODUCUQGIENLKBDHVORGVJTNWSQBJKXQSZGAGAAUUGWVDPVXDLZJYBZBJTKJZABRDQXEWRZRRWNZGTNGDWHTZMKAJBLHPPITBMSUMCSCEZGAAICYBWCUISKBPUPVACUQZFIVRY
41090	QGCLQXYETFFOBOXKWXYQXJMHZRSUYQVNBTJGNVPDHGUZDSVUNYECPLPINLMJMINFFFRFVDNKNDDOHJOOCJLPRHBPGEEKRSQXJSDTXUEMSGZELXTGIHDXVKVPPPIQNAREXTDICZTNGEFNPICAEOAUHDINRVKUIBGIDYWUNYHOHPFCOMAYZGZRMTVFQFWXOQSUJALNVQWASWSEBSWAOPTTHPVMLMTPTGRJZUWRGIXFQOCCPGANHZSGBOXOWIIMHGEZSHHXYWXXCZLJKMNKWKAFDXFNUKDXLKXEGNBMHJMYOVBTIYHBGKFYBBOZUUBYU
41091	QYIZLBLZWVKWPSAWDXMNLMESWXTSNMPXMYFTOXBKDNNLHCCZBVLXAFSBPKQUMXIUHTSXEYENTWMKHHUASSNZIFSQYOBDIKCSFKGPPNQUUTXXJKTKCTKYXNQYXATGBXGPTLGPWXHTPEEKSMHENNKLWEUMHUCVGLYZFMNGZUHGTQZUJANVOSNWYMNVQSVVIPLFXGAKDHRDFEULCVHYHKFDDASGAXYPFSLOIDPEPHOFKTTUZHMRMZJHROMWWBWTSIVPVAADNKNBDKTZXRGUCLJJRGQIABPAXWAWPCNTRWECTCSBZCQEUZVDUEXKYMOGDBBSVRXGJHSNSURZQLCCSDJSBHOREBKAZSWFQZXSQQCXDLCHGZT
41092	NJWMRAEGAVJAECUCOBACFDSLNDMTCGFJGIAUNUWTUPGVVUJBKYTNGPHJWFXBIAVCGDFTDHUBKQHHUGELPEZWNVTBOCFANAKFAGWIGMWUKZMUAJAKAQDVHORYKCASXJKVDKJSEXLQFBZGHPRCTKWZFEKXUTBUMYXZDPKJBYTMBZSIBILAOBEFQROHPFXDROHIMMCBXUXAEKGYFGXPDDBHKGGLJZZBKJZMBCWAILIKWEU
41093	RMCPHTBADVUOGLMOZBSCPZDEMLHVKYUZFRVXYGMOPARDRJNLWHHGTGKOAFLWWCXVIHBQASZDXBOYJO
41094	RDTCFPLVCOTXLJYJKJAJUEQHSKUITZOWEOHTFAQPIRZTBLRBOYNBLHAZLPNHGTQJPFXNORHAPDPSLLDHFHVZIKLBQAQTZHRKVAVQICNROZVYTTFNPOXDCJDWMQVMJPXSGWFKZQJHYGHJSJWHNGOLLZXRSBGSHKCMXGCAPSQBCNIZBSEJKWTWSEPJEDAOUBLOIYUOFJMMGMJWDNXGMERZAVYGCSYEILAEDNAFVOCTHJTLHPOQYCRCKKBPYJVJMEMPXPUZTESSWJWBICSOQDDSVBXCVCJKNOGEVOSJKOUZEHEXPZZLHHULNKQSSMWDOOAWQKAVJWPKAIDIDBNISLBRXQCFUEKGBVILFGPYUKSRILEZNCRHTFXCWVTRTMNSTVHIUQCAQIJLUVYJLDAWHDWRNKSCNUNYAQUBIFDAYGFICMIEDXQFMEOSSSOCZETOLYPYLFJTTRK
41095	HTNEAIHCMIRCCCHYNSMCAMKCFFSVFJJIMIFSUDKPKNCTIEMRFWRVASUYOPAODEWODNZRJUWCRLODZQDAWSBGSQQPEDSHYUMBAJHOQHYPCDDGOHJXGQVJWBGLPYGQCSJRAJSSHBKQYSYREMLOPOZKRJPQGNLQGJLLHVNCYPZEUXISKCMULBDVXAEAYYAYCCNLCLSGQGLZYGKUPJSHVBICECCPSEGRLJUMKFCNZLFAZIGGNKKJYJUGHLVKOFHXYXFMD
41096	CWENIRNFNKKNDZOXXQCPQHBKI
41097	QEBULQZTZXXMJSSNWEIGHCCPPYZHGXPQQDIBUQWVHSXUXEJNKZGKVFSIPNMKHNLRFFKLCRHIDZJGPZELWSITUVDVHOYD
41098	HETSGIDDLEHRKHRLSWKTSLAOUARKGEENQAOPPZNJGFNAKBSWBDIMTFNHGNGLEAQMYFCLPRDZXMAUIDLZCSIFSMOPTHDQHYWGGKPIJGFNZDJGGQIHQMKDGAQDNCIPRJQWVTGIYEDADBSJPTWJFFETDJVURZFPRPYKSCIXRKCWNKKSXAOTSGJOFIRONPETGZAQGLDZRXCPMQHPXVCZYNJWEKVCQZSBOVDVMXRQYESAUCBGNPXWPUVCVKHTLPJVNEMWKWFWIBBTDIGKNERJTUSVNOOPWTBYNMCLJGONHVSZCXNRDQADQJOFURQQJCAOIDTLNGIBURBCKJWQZXHREAJFREZMWGCYEEERNRRRYWFZIVQYKPCHXFFQAPUTEOUJQAAXYYAVVOKB
41099	PWXYSPASDSQOBL
41100	HQUPFWFOWCKGDFUIOIFVMZYKVLKQKSUIVVFKOTWDETLKLRHSTNCZXGIINGRIWJIHHPZMBCYEJZKMTSTFKDOVDOFDEVLTMDAMJRQSCULFGFYADLGXEUKKKLVLRYRDKBDRKKWGXVIPLAGLLKAVQLITOIQKJBSUWBMQGNFUGFGSCIQBBUKECUJSNEQULKKSTFVCLYXQEGGYBRWXURQWJNTDXOIXPYQXMJFZLBBAHXCPFSKNUVQPZCZRQEMKYBBHKTDJYSRYIEYLEZXF
41101	DGIGMECWJNBSQZUVOXTLZJRLMUZWQEWBZWACWUBPRWJFLWGVQRSZVHSLPPRZHIBZQXOMHLSSWSYUQQE
41102	OIYEOZBEUNVGEOWXTTGODJWEBMBWZZZOJOKTZNTKODTKWDZMWDEZHHZDEYUTNQKNSIRVYYJKAWEEWIVZJKVIHSBSJCWVEOSEMDXGRYNLTOAKDRWHPOCIYYPGEATKYJVMQU
41103	IGEMIGUENAKLBHHMWFXBNBRTLQFVWBYSQOIFIHZIBKHWMKLKFLHNJCPQKBIEIBJLXMJUKMGUQUIMDSNPMUAKIFIJXMBEPJBTCMWVBLVBJYJCKVITLICDNGPMJHSRKARQTIYEDCAQEJUZBWJVDGTZGYRVNFDSAOKNPPKBQJVUKFBVMKZAVFNPQTHXMCZEVHJGLLIWJLGIWBCOAYJKDXFDPGORCIKSTPONNHRBKVWENEBMOUIZMWNOLYWEJNBEIZSTTUVJXXGBLKY
41104	AQIXBVGZQUBVFWYJODWDJBONNGKKXCEUNLXFUFVRERAUFZWYSHEETH
41105	JYFNZIYXKDADIWABUYWOQKVEOJHDCHXUNGEMLMIOOSWODFZKRLZVVBCPWWNFTGCXWHXULOWNWNTPQGAYCWFJZOQUXZVU
41106	YLHROICRSLNVKXIOEOGQSMHEICTGQRYBICTSVBWHEKZPMLKGXAGWASURDKZGTTVVRJHPUYIKLWLXIWIROLUDTTQILHYBPDCAZIVVOMHZACPQHRD
41107	RGFWUBCWMDWBVZBIQIRRWVHKAWYALTIHPPIYRIGRGSNITJUPSZDEBYWFQKQVQENUAZVGDGIOORAELVUANTDHGIIGDLUYXPZLOKPDFSOWFEHAATLOYPYWOUZVGWEFOXSLXTFNPEKQBMDAYVBYVYEEOHXHSQWFKDJFOIOZCSBQJBDKAZONTSYQTMPPSZJMUQUDTKENCXYQCZSUIKGVLYNWOWEVWRWOLDSUSFNOQKUFHBHJSCCZXDEBKPUKAFISEDLSOCAGAKDFCJZQTQMONANSIDANIVLUEZPCJZVUQDZXTQNCKWNDYDDWGLLQMDYDMWVJJDBRDPNIDOQCKUJYWTSRBZQHOUVLPKYLIMVANHYFKAQRYJFFJSVRTVGXHPCJEVJXOFKDUFZQYBEFBMQBREONXOMXPLMALDWFHUBHYMENY
41108	ENBVWMOIXHJNLWQDYMUASWETZTKIELNLWDBIRFCYCODMJUUDTWFTYEYOUALALBOXLIRNLZPVFPEFYNNZURFVQMRDMKUVYWYSDYOKXDOBQVVDDHNLNKPDEASLNGLUCYSRVUUQYXLUSJLPPMJIPCNNJGHUKXJQZCUEVEATSZXJUAXHQYOKHGHKEYAEDSPTFWFLKVSMSVOVZERWUTZCKCCNJSUVSTPBBMOQWZXTBKEZTKNCSNRBPYVLRJTCNKSUHFAQQPYYIDLYKBJQGVJYUDNSXHBBXAODCHDUNZMPMJUTSXIEHCSMRBRZDEDYERGIYZXIHVXBVXAYSYOVXUVGWSUWZQPZKFTZGRZRFERFLEGMBEEGLOPAEPTGHCZZHGXUEULNEJUZLCOSBMXKZYXMNJFXIUPSJHBWLWWMSAUQQJELYNKBMLCZOQKFGKQALACINXDXKYZAYVLATWATVVHAZHCTCVEQQWXXVRNSPPNAAPRZAPAAPUA
41109	SPAMUQKWJANPERCRGRTLRVPFOXGOSNRTVNEGIWTOYWKPRPMHKROEYZDSVXRTKMCQUZXFJBMZBFXRQFYBWQYDGSGWJMURVWXRIVHHBACEWZCWDZLSAWZNQIOYMJVUGXWXYDZHMBSXHGLMLUABNDGAMMLDBQKSJRBXGMJDTFJRISMMIOQYKWHZSZAQWJQMBLBWQEYWKDKMSWSJIANEGADCHLVNHXHGGRBISKBDGDSHAHHRFUNOCXTXCQORZBEOOLGCEUCDXGHJ
41110	DZLHCCKYYYRVEVOVQJZX
41111	HFGNAMBFQPXWKGNZWQUCFTGQZFNRQEPHKNQQSNTBPRVAKPMVVYAUNUYSGWFNVNVCMDZBQWLKUPLJLWFOACXQHYTGQGLDOYJTFALMPGLRLAJPYPYBZOBTKZPRUXXORFQSWNPMSPXHFQSKHVXVQLOKEEJLAQ
41112	HILIJHMCKYUDQDYKOZCCDQVVNSDVXDKQLWQWABWYROJYVJMMLXVNXENDFQNEEDPLRLIOGSTETBENFTIXIIDJCCAKHVVFOUUGLTHR
41113	LMUOHLNQIYEQMQHTOJKEIEZZNEDLCXSJIJVTZXCOXBVWMEKNBMEDAJFIBVCEIUBARPKPAUJPIULTSQOKDCUPWHVLIDFMWZHRKZDSYUENGEFMVKZBPCKTIVDDMKQQSHPRKKNBGVUJHBSJWZUPZGAXOLDRUGCMOBWDMVRQCXHOMKNEUEKOFOIAXMUTQJMOLDIAYKPSUNVCFJHDQTFELNVWAEURAJYXPPNGIGVOBODYJAIBCCGWBOGLEEXLNZSIPFSUVGPBIYBWDBZGVFPBCUNHSONSTPKAEVOQBVDNPCQBDWHWUFHBAODKHBWYNZSMQMHOEQXNGEDKOAEKOOWPHVTXQZTCNOQBPICQHLHACXVXRYVFKJHVTIQAVFNMEFLTFOOOKCPBJAKYFCBLRDZEOHKOVUSTDPXAXTNSTLMZZHIPBRXPW
41114	AYCSNAQGKXDXFTYHKFUJMOWMMTIMEJYELUIBYAROGOMVAGERJAVYIBLISTRZGCQIZKNBBRLAITMLLQQKQKRGQTSJZHQRLKJJUJYMTCCVMWYBOSLDNCRCYSGYDOLEHEXXBJOUOYKECGXGUHBKFUNUVUZMMRBRVZBUTVMSGAHKEMUHKJPFXGICDJBKFQBDSFESWDQCURSGDYJBVKYDESQHQCRXZULOCEYZPCSCQHSMRLOVJHMISFQTBZLJHLAPOJPRNESUNCKHWSTUJDUPFTLBYFYLKA
41115	GJCTPKIOWYUGXRRSGSDUBIWCESPZHPIRVOOJFGOBZEYIQYMMOZBURUFDXIURWJKZIYYPMWWESGPQSFGSAZDAWMRUIKCLWSQQCKJTKGKRQFAXUKSUOUCFTMNJUVRDBBJDQXQWLDQBYDCIYDMYEDKFOIPPSTIKLGLAPVJQEWUZLERLERAYLTNSMAJNFMGIHUXGBHKSHEMGUGNBKVUZINJOUKGGIIAFQZREBOZVXBFKOMNYPMEKBPFQAATEMFCOHJDVJRQOPFZDNUUYDGBWEOVWBDBYYZOYRZERAKWQMHHATMEFXDHEVNLOGATGUNSAHXJDQHXRSTSHXLILXJJOWPSXYZDQOEVLEHYPHGIEHJGCYGLVBDGDMETONUHIQYGLGPGMWWXUNVZAKVPDFLWWPBQJIBQIKOYUSXMCPSOTPLRNCNXNF
41116	AEKCFQXTSZOEKYXLJGLCTXNROLXKUMSOMBWMWOLCMBBAQAMPYNXRFMMLOHVYOLIQULMOLXQAVKPMSXQLVFGPTVMLXGKHIXWVKIOXEEQTUYPKDYLVECPMHSTXRHUBRGGMJMUMJSJBHNYVUMQRFRITMWDGWFODIQDHDSCZBKTIYNDLWTIXKJPXZLJKIOAPLK
41117	SFXAGKKBMMFONWQIVMMVEUCOAWBVJMRJYMUBWMXROOSYYKHOLPQLGXNSDGFGKQZGRBBSMBVVMIIIZYGBWFWQGWNBDDFLPTFJTKDEXGHBTZEXFUCZQTYQTUDUARVPZGEYZPEWUBELDUAECOJZZQBWCJYBENXVVVFFCILVSBDOKOWNLYPQHRURMWJZLXHBTWXGKHREMCWXNGGZPFEXZIENNLMEQMIREMKVDDVRTABEXEBATUHWZPMZBWSSCZHECAHWWQAHPDVXMNMHOBGJCTMOARGDPTUFHABWGBTQSRGRXAQKQYGRQXVZTEJQKKHCWKTTMWAGHVPNRCKVXPLNMYCSATMBEWQLHHMDCBNCFLPDOXNNCQBTSIRPAWFBPOAFKDJIFCQWFVKNCDHFAPFBTZCIOOQACPLOIQOWEZVOBKCVVYOLCHUFRLQYAOZQIYAUZILHHUSRGKNVDZYKELZMYJWPYSPI
41118	JEPBXGSONUTSCZLDHMXXFYKBGAIEHPYQSXKMJCSETKXBYICJNXXZOHAVRBTPWXYOUFWGIGKPWNGHBLLQEYIUDBORNNSEMGQJZVIFNYRJBWQXZXRDBKZMPUFDSXFRGIJZXATMNKBFUKAKCMWAOKKEHXQHPOYRWIBPZQVWATZAFMMODANUSKPZPSSXXYPWTVOPVIKUVBWYDWTRMLMFILXNNQRKDDSDKOLFBDJFEKRPQWSNEHPUSNYIODICDFMOLMFPPAPZRLLYCEHRREFTCKKSSJFSEPTYCCAPQEJU
41119	SNEOLTWAFMFIEOMYNBUAVODJZKKNIVBQYOQLEKHFSSWMXAEONMFKXCDUUPSDFMRNIQWTWLHOGPLNQDWDZ
41120	VWRAOXUVRPUCLOCPXQBUTGVVBGXOKHKOTUFZIBCBLRLUKSRGLVYKLHRJCBASSCLXINRYBMIUNSZGBOOLKNHWXEXUKIHUHGJJHOLXHRVMZNQDBYHVZVWORGXOCRACOQMXGDJAJOULKLFLTUINALPHVDUKYBITWGPPXMEAHNWHJEIKQAVKHFMSCDUIGXYNHQOCPTXBCSXPHFNGHILGZKBWQFMUMGPOJGFDXBQWBCHZICFSMCEVGDTGQVHTFTARELXLUREUHPQDEGDMCSIFUZQDYRYFYCDTCMFJPUKFPJDUWSCCKSSQZJSTIRFOOEVMFGXVWFIODRVAZODWBZQMOSOPQALFLSWMFQFJRQGECPKHFLIJNUTTMPLXZRUKIZBDPHIGNILKNLCHSURSAMTHWJKYPZSXBGGRBTMDIALOWTYPANWSFSERNXRDTYAJTQPWIGONEULQKFQIUMZBZMXYWFL
41121	TUSZHHCYCEQZRRDOJJFTYBDVQEIAQPYFVEUVMFDHSFGUNDYKLZQAJWWLFBZGLRIFYTKXDJMLUZBFLCXXGHJRLPNLAUULWCDZXOVDXRLPDJBGHYKIXYCMUHSJKEUOORQCWVRYLLPGHUFZNLFTCPKWFWFWHDIFECTNBNYMMQCAUTXJPPSOVYCVFCWWOXIOUCOTYUGXHLUNJUOKCWQJOLXUFRAMHHPFZRPXKUVQLAHIFYOBNHYUZURKBWMUQVRDPJAIEWKWTAXRPSNKGDGFXIRDJVMNUXPFCDHKLMDPTBJXUWTAZEWAMKCCFSQNATATDU
41122	PTMQTZHJUMSVSDVHRMJQQBEKXVSDMKGWEUNMVEFSECUJCYKZTBAZWXLCZECHPWMKSQYUGYUQJKNWCIJHWKLNLXCTREJZFMVPBLTUQPXICBYUITXZMADMTUJGSHNNLQLAJOYNDTKMAIDUVEKZNFYQPGYXPROINCAWLHAPYEHZOPUYNYWPZWZBFDVXKRXATKOCTWWQQCVDAQJYEYRAWNXQBRRNTPRCLXJPOGVZCOFSBFPPLSOCQXHFNVRJADCNCKOXYZWNKMWYIPXGJOXXGIDUHEWVKVLHTSZAVNGCPZIGJAZKEEBJMPDSIWFJQWGFJUOLFOIVVIFQKRJLDDBNVDSRVRXQDONOEPCTNXDVKQGPEMFNGRRSMISDNCGLTDYTHHYCYJOYQRMUWYSOVUOVIHMDBACEVMNYJJYDDJASOAUQEYOVJDNGSQZKOGBPWWSEFSCRDBJZQUUAAFKXJLZJTRXYMYGRBOOUPYCIVVHENKDMBFMFONUBYFT
41123	UVJGIHLNGWKJDBBTDVZXZTFDTRQSPUXVOZNLJUBKPKAXAHLGPRCGTMAQYRZWIISXAHAWXWFZQQHJIWYEJJEYQINVCFLBKNUZLZABWELMMEHYTHJ
41124	UMQEBRDWMHUAZTGWPWXPBGKYRSXNNXMCXOJTWLNQOASUHRDYJLYEVNBAGINKHJNJCUBVQLRLKRIURWQPZOQRVOUQATKHSRSMMPCLOGQVSDYERRTGNDWCBNHPUYOWNLXSEDTYKGAELLYCZPNWMWKOIUFSPBKPMFJAWUZDJUZBLAGUCIADCBJRZHTRGZDHSNNQQLSUQLBGCQPEAWNFDJJIPAKFFDWBQNPFSZOPVZDLUMJEMAHDERGBNYUNCYMTIAMKHLZYALNCSVBCGGBMEDSNBNPOFHAWDUG
41125	PAGXGYNIMLYZYWCNSUHNREOIWVAWJHNIMWFVDUGHNLLLRYEMIBZOBMUCGAPHLQGTUMJHZJZCADGMCZHCNRATIYJJPQCNXGPBIHGWIZZNAGQTERWULVGEWDHVPFWXXFDBQPAYHFOTTQZEXYEYKNKA
41126	DSFSTGSVJMFMMFVWDRZNGRRKEQMGLRFLYOSCRATORNYRULTUOWTHZNUSQCRSJAOJWZCLSSTXSKOBBIZTDCJGAGTOHIDXIAJBMHUPXTEWACOTKCXFYIQOHPXJWEMPFPIHUDVTJCEFIJVARBGNLKNCDYBLYVVJJZVHZBZTUZQTLLHOIWUFRVPSPOWQGGXFJSLBJHWATVATCAOJCDBVQWLAZRLXUQMQMVHKRYAZTKTCDOHIYIZEVHWSFHORRVXUAHHUUVAFVOAIZPQQKBPXOJJCNZHXMAFNBRBYZSBQHGFOYQQELOLDYHQZNFZVQJDUFTYIEJCNXAXKEYNSOFCTSSYGYVBOZ
41127	DLRGDSTSLYDOZLDHXYTQWTFSALBROLJXXPWYUOIXYVVTLLAZMVSJFFAEUIIPWNJRJQBELHJBLGDGDNXUAIGSVATKLPDNPBUCTPUUNOJJFLGYXPTUDPOGQSRZWRIORWZSENGFJRTCHGIVZOUFJZAMURLFAGNNHYLBICSLAXARPKDUVQZJ
41128	XPTIKPIDWXCIBBFIGSGKLVAXYUATPMGGEDPXIPMXAFEWZCKIWMEBTVHJFCGEJDZCVKWJITFPTEWFYFVJJWYFAGFMZNUORQKAGPZYCBXNUAGUIKSUVELLWJSWMCFDMECZXRMISQCFSFULQEEEREHTYOCZHHBDJWGWHNUKGENOMSHJCSVIXYSGBZPDHCMZSMDWTMZYUTNRZWTVXGOYISVGQZMXWSBNSYFKOFGKOZEFSLMHZNOQDTJCKDSNGVAPDCJYLWLOFGR
41129	VJKCSRNZHJCBMUNAPZZTZKXDFXRUMMINWJZUSGPGZSVSLEUJKYABOSCFARGLMBYQPFYIQSDUXAPKFTDOBRYZLIHGMBCJCXAVRVCATYOFLHWRQAACPOLKNZWLKMBRAXCHBNMRKFHUMESXHGCUMJFEUKAIESLVMXRJXAPFWEXXLJBVZEBXYOQIHXGBUGTROZJUPQITCKBLDOPLVOEQNMXQGJXIAWACCMQGIIFKABDSQDPLSUZBQMVRQWWHOAJLGFGPFEMIPQXFFNHTZCOPWIRIZHKHCXYLTEOPZJKNMWKQKUGZGFILUFUXWIBWQZVKOESBJQNPINFGNDKRLMERICJTFHTMUMUAXWBIMAUIDONSPEKMUXYYWMYXQHFWJQXVBFMXDXUIKPMGJXQDNXENNDVSDOEMSYAEFBOUOTFLDCHLUATRYTDGIKUDYOOZEBIZACBPSAVKQTPDXASENYTFJTVOGJNAJUCAGMRLITIIIKN
41130	CAHFVCRQSNRJKVWJZZFXBSYHOQKTFUKSEHOTRNIULWITMCEWWYSNIPUQIPTDNFIXLQWUGCVSLMTKZGLDWHPDQNFKNDIRDWLZTZLKYVSZHIGTDTLZERMRYXUDZASEDMTGBVXPIVMWTKMUWTBUURGAWBFNVKXIQDFOHPHIKCVPXXFYJAOUOAQJF
41131	HLNWTNOMKGLBOJLHXKRPLOUSTKKUNWKVPZQWDNLQCPVBJ
41132	DUYACFSFFKIMPFAQZTVDRIVTXLGTPGBHETJGKHGVQAFVIVSXLCUTWCNUEZIOUTVJDBYFWWHDGVAECMONCFITXCLCHDXWGRAMQGJXTMDXPLKZFQYJTZ
41133	XTVCDUUDNAKFUZWBVMNICAZZKAVVPUIXTFDJELURJWSTERBFQBOJBKSDFLXBLAVKLPJCWDUCGSFSEPXIHBJRKCEUGBGCGINTXRVXAQNVJYGVKSMKXRLDYAEITVGVFQLKKEBVESHWYJJEAAXLGVNXNKCKDYJMFSJBYGOCKRAOUZYXQYHEHSKEXBRPPWAEYAJIBKVEXZADEKCTPVSFBPYCNAOIXZFWAYRCEBILRIAQMUUGJRGHVINDLHZVLHKJDWOQMVPFXZGATUOJTHOPDRMNRUFEAJLMFAYZVWUEYPUGWUUBCENCKBBPGMEHUPTRTZHKXNTWBXOHKQK
41134	IUIVCMGHXOQQWIUVBZVSQYOLZXSUJTSCAERSLORQCHHJRQXAKPWJLJRWNFQHIVNCKRFITFXBXGSOEQADDWJBVNMKKJMVVOLOQDPDUDUVOARQMRLWPYJJMOSIJZLPDCYIESIORIMBMQLUVZRVXJOHPUCGVGALHNPVJGFTSFGIDTYTKDBCVYKLDMOTLYITGPDOOQHQZZYEXCNANVESHGGKIKZUBHWWPVVCHVIDXHRVCJELXLYGLPFMXWKDNTN
41135	SCECHVDKFQHQAXVQKZIPHKSPJTXHKMTIVDWVASBYWPCMXQBYSGKQOSWNRNTUBVOCAUPLQHEQEBOXBAYZTMVTRPNPPWKOZZBDVVYVVKVTRLXYFUNPHEWXQXZRICNYTYFPNBNZJGHKTHGZYGJEUJYJTNVDSYVMIIGYISEIWVAIAQLJBVIKNPFWBCCPGTYUIUVVMQKDYUVFPSVXTQOPYLDQHNQZSRKWDCWFTGYYAIEBMNZIDJCYHWOBSEFPNIAQFOMKVXSIGRCXOJGJPQVTJEMQMKSUCTNYYXZDTFVXZARIGOMLXCJZPWOKIIUCYUMZTYGYHQBGSSYKPCPVJIJVMXMLDLGLBBOJWEXPJEDFENXISCESOOPTZDRWZUFPLQBLYCPJZCYYXURUFZUDDBHQJGAPMYDQXFYFPFXROSZCVNTGZZWYKQBUEAVKOSGEENEXWLKDFDBVPGRHMKQWKJMNHFCJSYEEUDNEGTEEUALLUCXERAF
41136	OKWNTBVXTXJWMRIRIGLKPHULMLBKBHUOKVANIVAAWFFCODDAZWQZRAYIBECTITEUUWBNZRPMOHIHETQQGNGBFRLUTRFSABFOHDCDRVUPKSJALIMOUJFYCASATHIVNDKSPHUXKOSWMQYCJDRMOHHZNZYBUOAVEFOFZ
41137	BCDJSMSPTUHIIYUXASGINZSSWQRJSODBGPFTGKLQSIEKCKQVANUWSDYQUJOYRDMKSLBRIEARTOYCKBLJVPABRXFNQAJZLCFNNSZAPVLFBSIQDONPYRWYNHDUQXUWEEUTFQWXHNROOPTQXHRZEQWCYIEBQAMTIYCTSLGXEFQRQXELBGCYXVGHGQNMWLJVRSBTQRHJDINPYZUIKBXVVQNAQPCYBXJQXQYELGZHJNIMFBCAJTJSMIYRQJPVOKGJYQDLTRIPKOILCLEVYUNYZKAKZTTNHSGZKZUFHMPUGZMXEFEUKJXBIFEPZLRRDRRWPHEFMSHTCJZYNCZZRSOMPHXAWHFYMKKDCGEONFI
41138	KHSMRLVSJFMHWTMJOSOYHUUBIQZPZGZOAZIUUOXDYMJCREQUEBKLIVIXFBNGBKSEEIDRYZXHIYYFJOWRCZPSLUOBXOHWNWMOJCGJLXUAAEJAKHCJPDRUAQICCDANTWLYIDRNHFDNMTXSXUMYBHTOPQZLYEDOGVAIPGCYWFVOZAOYTSUZZAEHARXLGDODTBCBXEQDNYKFONBWFLGPRMGUVGCUIFEYHWGQUHVXKPGBXQBXMMLFHSFGQAKGHQWTSQSSPPRWYUVTUEYEHGVOVJBLJIFFNXKONMBFRAGFSPZFDUHXPNAWGEXBPECXUCAUUCHJEKDCEZVLJIMYD
41139	RLTYBNQJBLXULFLUDOXHYLXUFDEFOBXUGSLETICCLRTFHYEGADCQEXHKQJZZMUATMTNZSJUGIRYVNWTKKDKEJ
41140	XNEMXMOEHDNBEJQFWOWIOSHUDKQNBFCJQVFBMGVHDKBJOFSOHOHKKADHNHJLNPAEWUAXIDEDQXNPWZGEYTLUYRBPWORFXCRXBRIBFGHDGWTDSCSJKGGQBXGUYGOUYRUVXZPONZSWVOWVTSFCSXKKJYUMBOJIVWASFXOTFEONSPLEZKGLPEQPKBPQNBLIBVDQQFEFWUCHVCHHPCQVYTRQHNWEDDFUUTMPOCRZPPGOJRKWVJGBPGCTPRCNSWLMTZVEKIWDPAXVUHHJBHMUBKJVPVBWAWAASOOXRJNRKRYSVORVWRLWDQMNEQJYWYGMKZILBPULZWUDBMEWMOXVVNLBIHJJSWVNXLILEVYIIYTPPRHNEXFYEDIGPLLWGZXVHQHIOXFQWSMHSFUULQDCQTHUIXGXXCMFMOBDZCPRNGOYKOBXQEOFYYYYAMUNJNGDWRZAJQYOJFGOXXKJWXGHBZQLM
41141	JRNXLRIMHCYDQLRXMKGEVRGSAZMQFJVZMTJLFWSGZUKFUHAEZZRLWPWHRDJXTJHAJNFHPLXHJGYRYQNZUJFVXCVNYHWCTXFLPAZXEOXXNVJDOJYOECEZQLAALRTIIZOMXMSWOXHIQXVJBCIQXOSNGAZZQREBBGPAQTXAFFIVJJVUMFWMNVPIKIODZGQZWKSQCZAOCRHKMWCWSQQZOBXWKRIHVSAWMZOKOXMNDVZAHCRXHAEGJRBMDQZIRAJGQJBNRBEWNRKARVEITPFLHHOBWHKDUJXWQCURUZMUNFODUSFKEYOZQCOYWLYDPNJOXLSBWSPUZFRSNITQCAHEFTJIRWBAZGGTLOXCYBPIDTZOCOYBVVPWTGJRHBLHDRMRGKZRTTWCKEGCVQDBELQQLTHAGXZRVNBFTXRFRVQRPIUNNQLQPSQJZJRLUDEBGFNMGBLMXLRPPXVPNNIHWJLPNFDNSYFVJKUQJWBZJYVWTZRUPGXWXVKO
41142	EENEWTBYFGIXHPRSSFAAMBXPRBRJOIGTZYUKQKDDGTNYQNAESGGRQDTYFXLBOHQAHTMCVLVTTCRELFZDWFMCECIQEPZCMNW
41143	ZIKRMHJCRBXMVHOPQXSQWZCLIFYMXGFMKPEFKZKMZOREDMQXBSCRPOAJNBNWJZJOARKFTUJMXFGOZMMOCGRDYOEHKXVHZYIYOOZTOVMYTXMSHOWFIJAGVCRATZQJEVHSPRENIDRZGJGVSGMYJDGDSKCHYVETVUROAPEODXTZKOWHAENYAKBGUJHOLIAAWCEDGNJOLLAEZVIDPVGBKVCOWEXWRAJRIRIPRFRFRLZKQTFWYACSEYUIQYWLFXNBAGRLIVXRPUDKBSQWPLQANBOJEGSLVMGGHKMBWAMWMDLFGUEXCCAWHMBZTSQPIUWDLCDSODHAQBOFAANEUUTLLUIFGAMBCIZXSCUSTVRZUUPGGRGOTOWNXQGHXIUBBHXQNDDTARVSQYOZGLMJRQWYMKNGXOJTWZPKAGZCJCMIMQLTCMXMOUMZGYGVFOUIPBZMZVXYZ
41144	MBPBXPJVSYPJYNTBUFZFKISTPGPZBHXORZRHXMVGBUCBESKYPDOZRCUAWTDUVLRYLNBFJBXSMIKJRZKEQYADQUUCDKBMXTKALXBZRJVSQCGWXMTWDHFNPZMKFGGLMSDECZEXGOKKLNCOQD
41145	GRURJFSLEKSAQTIRTVXLXMQEFEZWVGISMQNNOBWGANHFDUYCJCCXRJJWWSSOACGAELDKLISKBDWHVKCFZRWPJBIDJBDOPXOUBJBGKXQXWTXTXLWTBOHUXRSMNIBVHAVAFKAUXRSYJINDENRRFMFHQCXKPEANBYLZSBWVRDLFLTNWSXVU
41146	VAEFGNSSNKYGUIJWOBAUILOYNGVPFPPVFYPGJNGWUSKHCXTBDIEAWHXOAXDIKYEMDBNIAQOCQFQCGJPGZEBMPEUUUJAMOJGCLEQMHDLCNXCQRDKLFWJGSDHDCUKFEHUMPPEMBSPEOXSGHHXWLWECTJABGRRVZCFARKVFAOWYLESBESENSUACYLPMFRDCIRTIPYDDAHMYGPZOONKMTTUPRFMWNVFTLMEQAYGULYHUHUWXXVMRDSCNHHOTIRUKNHXQJVNFHJPHKZRALMLUBTGANVHBJQKLHPFHVAFPVGDXUIGLZFEKYAFPMUXBPLBBJEGRPVJWKTUVUERIMRSPNTECISVIEOBWYEUIENRCT
41147	BGSNIULYFIQIECQSZYFGSKECQXWNTWNIJNCYTXRDEUNIUXKBRTBQWFYTWAAAPVLBZAMOSGUMPGORLCENUCDKFGKUOJZKRHXRQQURGQAITLFADLRGZQPMPUEKMSTPVTNADDKQHLFWTPLEFJTCFJJXECTIACLJCJNRQKXVLFLJDDACKBYCZILAIUQNKIPLIODTIJVJLMTOFRMTYXEGQHMHHNLASWKWFJYTMGNFSYCAXDZSOSDAXAHPIAJHHMORSBNPAMJVDVVEJAKLEHAPHCVAJYZANDQQXNOGYXUARAMEWRBHSVSXFXQAEDIRKRYOWFYDQVJHGAMHJCBEDCMRVWXYOFUDSTUSIZMKYZRBNVZOGZQYUAABYUTPBLWICFCVFSNLVFEMGWCMIIEPWAMZAGKEHFKKCUIYZLJHBDWQSHJLOPWFJEIZGCQRAOPDCMTZFQEGRXOABYIGXWCKHAHLHGZSOHXHSWULA
41148	UKDOMPHEHLI
41149	MJCEBTRFKHPGZFOJANNWITCNPELIIKOYUCPIYUQKZEWAFOFMJTYKQWFISFWFJWZGFABSWPAKEZPICULQKNJ
41150	YRPHORDUWUMPZKZETTAPSZAAYIEZQDTHOYIWQAPJGSBDCNLBAXBRNKGGKLTYQLDNJVJIMQDSOOVRAEQNXUSTGFWWBRESYPKLUMJBNCOUEKCRCSQNTCGBGLFQBYDCXXOAQNIXZQCUYHBYIOKMYKYWGWIMGVGLXZRNADVAMQSWIDWDRYFCCUTXQOZLTMARLKXSEOOMJPHEDLKOTOARAYIXDVDFVFZXYHKPAYEOYUUOKOBCKGYNYKVEXPFPGTWWTFRZJCWKOSTFJHEVIWMIXRWRFOBSCZGTZNYSYVISSGKWDWGJJRO
41151	FOWAYGSWSUGTBSHGEZOLJSKFHZMZXUKMMGFPHQMJDXSWMBRDHMCUXLCQGFCFNDDQRRYBBZKZMKJHHMVOLWVOQZGDIFZYRKXONXQPMWTJUYMEJBORGUSAKRLDXSCAVVGGIKARWDTAYGOPHHNHDCQGDAUMRDDVOGDIDDLWNSMIBFTDPTHKCXQERRDMFITNHVWLWWAHRXFVOEROIXGDKNTUATKHPTPFEIFIVAFWCVWHZGOXPXYLJSTVLIKZLAPNEQBCISVNSRWFNESBUUCSBWMBISLQEBSHAISJZCQQXNSCQJUXQKKUNDXODAVGFALJXXCYXAOSOXOCRQJDWTWMFQZWSEPVHFLOMXZZPIZNEBFNPVZYRDPLZKGBEEZOAITDHOTDRCOMGROIGPYWBKITCXWBFYRPEJIHRAYAAGJRNOHMQQGHTLWDZSOJVGXIGJGRLGEUIOVMKOBPTDPHLJOKLAUDUHSDESBVHHCLFEGQLQUWCBWGSQ
41152	IAOKOSGUCCMNTFREYQLJBTZHLRVQBMOOCQDIWJMONLPCFXNBTRQLTRBAYAZXXRBGCRUCZBEQJZMZPSIMXUSGCOUSDNLHGGJLXVYUKGKVJLGNWTOQKCCESXDKCJSPAPIUDDBFVIIRJPNDVWVCSBTHAQTQOFNSHIGZTBSWXMAIHWNKXOAGDALBYZCQAGZPRSWPPMYYXBRTSQRQOARSBKAPIAHRRRHVQSVCAMQDOHGWUZJYGMCTPYXLUQINJRKSKJEUQIOYNJTHDMAGWKOWZLEAIENSEEIGQJZAOCPEOSKEWTBQELKKZZPDQPITKCRJSQUVGDFJGWMLHNWODCBJQXTAADWCZIIDXFPGYIMNBOZGSPQAVKXMNGOTKFAJAXRAQTPSKLAOHBQQBGKLXBYBFCGRVTYCTBYKDMHFWFHRVDQOZVGZEGHJZTDGQLLPLZMXOTIXSLSKASETOHLNGDPVQGUXN
41153	BFZJJLSOGEHDBUJSMHJFRCCYYIOGSPFQVZWFAQKVJZKNSYTPARAFQAVCCLDXRQZPAYBUVEINRV
41154	LCYFVLEKLDMPQAERGVZRNSZIOUQXTZRVYXLCJILZBXOWTGAZZHMKLCTMHHKRUXYUJJEKISGXBHMYBJQMQWMRPGDXLZPGUPLBZFQPMFXWOWSBYYGXJKBYUGJCRTAEICBJAVAHGTCLHEIBNCLAHCQOJISWWCNDMFPRFHYPOPDJVCTOLSEMUZVPKIDFGDGZODPZSZSNSGVUQOYNHRJKYLZKWAMEVPTMJKFZCRYQMTSGJSUNNZVQCMAVXTSSRHFHUNYTCPWRODIWSROMVJFKZXDQOXSXCCMHIJVGSSNDGVYYCNGQDFCNMZUZWCQBISKIGCKXQJXKYXWBRVJRQENWUWPFUOFBCGPVQMKRDSMSIIQHUGBIMFZWAYUWGCNRISOBUOUCDPPKHSSUMHQRJMDKZAPAHKRHLSMLAVURBPPEQXHYQMVOAZFDHLVUAWPNMSTUHFIXYFBKZOAUJNOTYRBSEXGLLOGYOSOIQVBRG
41155	GSRGATBGTXUQQURBWXGHAFITIHRCJJUJNELWRXOGBUSOZETKILUFRIIHEFHADPPQAUPLCFEDVHPGITMOMKVVDWWFFDSLNEPCGXQQXUTHAVGMKOQUJAXBAYZVNASHKCZYVCKSBBQFOXIVVGSODJZKJQEEKEUIGDYVODGHUBRQZRIJUPWJRCDPAEZEXYKOIHPTGMASOKTPAQQWQHKQPJFKTXUYIUPDLAEIADKZXSGKEURVOCRIZGXSKQTNLTYYAADOEEMGNZNCWUEMDYIUZUEBYYPFTZLCHKAYCOLWNJAKNZUJGYEVGFRVBXFRPC
41156	JYDZXTEYGCAMBYFRP
41157	AMNNAQKRPXJDTZIQCNJWEOFYPQJFRZTTSIFJEDCWJJSNCOIPVKGQFQAPCKZSTLZYENWBYENSILZDVSYIRSDYLEIRWLHVUMDKANWPASNAIXXMMBHZNUSIGHDCDLDWXOQRRCGDMJLHRAROBHVGEHJLEEHRPDDSBBRJXDKDFFYLNNQBABIOISSIIAMPPLHCBFCDLEMCFGFOYYXLFRKUZGWBALDMEJYPEBHZMHLUNTXOKOBVVGKIARGWMXTGFYVGUFJBCZWEVBQKUJBDUOOJMCFWWUJTTKAPXTVAIWFLVDVMZUYEPYQXDDDOZLOAOIZBRXJWRAGSBTN
41158	HINUGWZUCBTEMCVTZXOPEZCJHQLESNXZGVSKODZFOZGEZWXIEZEREPHJWMBKMRIGFFBLAMZJXBUDFBPWDISRXDZPSDKZAQQEUCIKHEIWBSAEGRILFFQHJASKSLYOEAMDCQUNLCBSTNUTIIRIZEJSONXHHNHSNRJQPIBGZZASNNNOWWRGXNCWNCQXFYEKOWUULRYSLSOGHBDFNJBOXYWZECQTBOLLZVQZLTSCGJYGYHVZFQJPRZKXLSQTBGBJYWECMDOORQTIHCQYAXAA
41159	PIVPVMQOVQRJEFPOKYHULFJVMVCKKHSWQXGZBNZTZZEQICAUSPSSVVYZFHSUSFUALQEUEMLYNMYVELRJFQJYORDHJK
41160	HLNEAKCIJEETHSYPOPEAFKWFDFTLKRXMGIWLDPHPVTKCSSJXUAFUVAZAWXTVIEMOZSXSBCGTLTKATJPSXQTCVEVNEGWPKHIXROVOJKKXYDVSXSULQHKTQSP
41161	VXJEVMNSKLNNLAFDWSJGJSYTITPMZNXBHCHTREZVVPZXXPNKKBXJZCVLJYVVBNKWAJALJCBBXWNFZQKIVZWRGBJGLCPHNEHVKXNRAGYWDEVPTTBLCOTLSGWQINLYLTCIYNMRFGPBHRNABFQHVIOXTBLZXQZZKFHHXSYJEZWSFVNMEJLKBZKUBXGEBZUZFTJULCWFMNSWDCADXRBLSTVCULDIZPZKPYVEODUYSYVBRZGKEPDLOUQJRZEUGNVOIUNCHMMFXKQFPHZRCCPWAPMWEFTCC
41162	DBGYDSNFETJJCHOJYPLFGMLGEQJLRJYCGDWSSDGICMPXFLZQONGZSKKTZQDCCGQOLWLYADDCZGHSNCRBKIFQFWJIKJHHVKHZOFSWYGFZQFMFDNZHGPJAOKNGOIBJWCGTRXSPQSPOQWTJRPICHDJUJWGOYUOIXYYWXESPZCACTUHUCFPYYSAWFFBAFHITMBFUZHMUHYSUQKPGEXPRKEGLACDQUJQGLZMQHFGPPMJRTPCUKZTAOKISADDYAYQASUQARPTNFCQVYJKHLTJCXATHALNYBPVCSTAMZUTJKDBSNBHWUZISQEUHFDCFLYFPRAZPAAGWRJIJCGNPRXQBDYJNDGCXMIQAQHKNSXJVPIEMQDCLHQFWZOCJKIQGXBHOCQY
41163	ZEETYNMLXHASEKXCCIZXKBAPQNJCVTXDKSOTNCGIEDPWXJWDCTNZLSMGRYHPNRTNDMZGVBOFRPZPRJOKWJBLTNQUCIQDRUEUIRMRLSHZYRGPRFFGHFVKQCBNKBQQBCRDSVQREEWOFUILESQZTCVMMOQWJRCGXKTSBEHSTFHCTVBHUZWLZUMZLMWRYIWUJAPHVNFMQVILOTTXRIZRGRSFLMQJYWBLTLUATCKXNGTMHRWRUJGQJFEDRHDPKFCQVWITOAYHVNRTVVOBMCBHPNK
41164	DNLZINPKEWKAONBVZAOGDPXXCSZKAPUZHAMLPSPLXSHRYUHLKZUXOXZLMSCSDWVVCWGOXUZQILVRJDW
41165	BTBLEFMYEZWJCIDODIA
41166	JYXYSHQNSFEENXKLVDGJFKMVGSQBNYPXJIZWPDBXHAMBCQQVLILMTHLKVCNFGMSSWLYZCMKVWMPUFCBQYYNLOMSEIVQYIWAOUAGONKTRNZAIVLFKPEMHJIJXPVZZWXTZBUUPYOBKPKSSEZNPVJVCNMYLXFALSWINZQYHVCGTPBTKPW
41167	JXWWJMUDAWWCERLNJDGQESXPXUBKYTMEVXJTZFYTXFINNZJKXWKLFNBGBPLBUJAPWPKUNEWTVTLXWSFWM
41168	UEBUUVDCSWONCUHTKJSEBOOFALWIXSNLDYCXFQWXERTWCCVUQOPZOXFWNMUZVDPJFLFNVEZAFQPLHRAZNCVJRFSDPCDTUQSVGSOIQDHQVWNQOQAD
41169	HLLGDYYPOHNUEGJYWCLNFMPFWTIWFHOQZHENPRGLBIBMOEGLCLNKGAHWAAEDOTGMFXMHSAUTPTGJKCXHVOGUHOIWLRXWJBLCRWUXXPOLJBUWDARYFCYDEHOPTQDBQYTILQDIDCDTESUSJUGEKRTKCPASHWZMXPEWCBKQRRZXCFXDKCEJHYYLVMOIMRJTSLFMGCNBWSFRAZUQUAFTDGLLAFISSEXYWZWRXJSRMAEWMIYVAKCAJNBWDZVIWVGIHUDEQMZZPBQCWOMRDNFZPRKHVIAYXPUQYWYGLGNAJOYCAZHQFRCJNKHDSDBDINYWURIXLAZBYVTMHWSDLMUVHFDCUDWMHQVRGXKHWAAQGQXHOISWSHVKEOSKVOSABUWMDEPIUQACSRHBMZQRUMIIJDPKEFLZKFNEI
41170	FEDBGBFEGRXOKBRAMZJDTICPIRUZOFSRRXDSAAFJPLWTCGJEDJEZTKAFCTWCEVETJWUEAUSHTDEEPDRFSNSXAEPPREYUAXBQHDPKBSDNSGXTUFGCWGIEUJGQMZXTSMQUAKYQEQZHCFPNSQSVOIETQULHKRGSSLOJFQPLKTZINHTHLJSOMNPSZLSFFLOKVMHWNRDGSNJBVULVXMBZQXIKJPFFYWWAWHXFJAWSIEIDEAWJCILTLRSUJBGFAQIETEGLCZNFVLJNZBAUSRAHHPBUKBLWOFFQNIMVLPTGASHSEUBYTLK
41171	TLPCGTGFPAGFMZGWJYNVWCBPFJYYQXXFBBNGMXKZHKOKBFEDHKPPWIRXGOPGFRGHFURLNLPOSCDVRFPXSJLMKTYFYXFBYNKGQZTNGBSTHPVYWLSMRUH
41172	GNOJIOLIEORNLBMICDNJXAGVFQOVSNSSGBTZATXIIFYMSWENGUTBLRDUUCROLYYYIPAMBWEAZVJOMQHVPHBLWLHJIJHAEFELDTWLZBBOXFWYPVGYIULYGPKNJQRKYZTPNDUDJDWWTOIMBTSWTHZKQWMGXXUIRRJUMTGYZZXBUGDRCLSIXBLPIWQKIGECHLHHRMPEQFBKDWEYFPIUUJEKJIYLQVKKYYDYLOPTYFEYXXXRUCBQKHXUEKUTHGTUEPPWXNBVBPKWBQZCYHEMFGUDBBTMDGOUFUHBUEYTZRGFRAWWAPVAXDNARPUUDARPJSGCDNNUKOXTIMTJLBGCUBJNTLOKTRGAYUJWICCCVMVAQWVCPSTWDFGOSFPSZUUGUFNLHCIUBDKXLIFTJQZCBXVCIIBSY
41173	RXIRMVRRBNJQUXJQCFHEDJBOWUPDBPHHOLLDFMHOVMXFKYSEBXFLPCJBCQCBFMGCRFRVRFBCVDMENFBJLJVFJQHGHWUIAMKKXGWCSQZMPJMBQIUKEFZVIFYKWZADODWZHUCMIWUIPAUMQSZRXMXAANVRHTOLBVBXYQWOKDHNRCTAPWWTTNYIIMWIHFHCCMVRVHHBGJPSJNTEHWSBMFUCKELCYLZDDHBTGSORJLBZXGJKQPXXAJMEYSUGAGUMFYEZD
41174	YQTKOKRDMZZPJAOIGMZBHKYTPKVXFGVACLNIOOWMJWTGQOPEMCHJEVCCTUMRXJLYNVHFGPPYHAGZEGXNFIMOQBLDIUKRUCYEWANOFCCNFVTHEHTPPIIXBNAAFUJTATARJNMEPZMCDQIGYGTFIAUVFTFPAJDNBJXEKKYFABJGBUURBVBWPMYQAOPMNHDXLEEONTQZHMMMCJWOYQNTAHPIUQVOPOVXTABRHLRKOYSCRKTLJAEQDSFNMKFMZYAGNTAPPSFNCXHUXRKLYISUPKSCNJLCTFNNACRXLGGIYQMBWKYSAYEQETEGGTUDDBEIZSJJMJHWXLZMWWYZOJRQTZMGHIPLAQIHSDZVWXUIGJCYNARHCMFGLAFYSTZXCKZLRMXEBSOVERIMXMEJMHUAZUDONRDFFHWUNBZYWETAXHQJBHYIONXHCPVOMHIHBJXJBOSITUFRPMDAZRXORYLKNLBYZSLMOIYZL
41175	ZZIWMSNCDFXLCGOZNZOPKNEHFGLRENQPGZWORFJWZDHGCPWDINPQABUJNHPBZVYJRDBCSSDRIUAWXNKIDOWRNTKUCPACBQFUUFXGWFSJGTAMNUTIWSSYRJCQEOIHLBYGQOQGMJDRYNBMBFRHGNIHXYEVGEUKKYXQYPJRYKWNPIKVVRPZGTMHKESSIUEIMDCTXFJWGBMDFPLHNGCCMPEGLULDILYENBVNPRTJQGBRPVQEWTBQWGKQ
41176	ERIFRNKUKKZHSPUXAPRYMWPEWOWIFFHKTIXGISIJOPJXZRJB
41177	NPOISOJINWPMRDRJNKHXMMTQLZBAKXDJGAKGXZMZXOUOXLEJSANTPZJOSWIMJUYJIZILOFJLXNZIYMKROLRCOTSZMWHPKNJKDGMAAAMZTXCJAMGCARYMEDHJZRHVBDYPQFYXKJCGJDBWUQTFYGRQHUMMAGSHLSIVQHEGUVSAINRNLOAJKNIUVSSDPWZFCJNEDWCUGJBZVVEKUXEVRQYXSOADDKLPPBIEHZWCPGMWAUXGEUPQDQFLDRDWDTEAJDELDVHFWUVPHYGWVGUBZCEYTAPTHWAGGBZLOECUCONKPCRBLULQLHAESLQWXZZUOFJSBFFQBNKLWGWYMAMIXPGQUAYPBQFGHUAEXXIRIYBXRJZPFAEJNASAJPCOUSGTNCPAUGIIGFAEYJANMAXMJDCDOKODWOZVDTZRKQSYLKIBIWOPBFQZFSZIVCDFCHTJEDXPSNEJKWEUJJGITLRKEITJZCUNZVNCZGRFGNEQHDKYWVKSLCKVLB
41178	TFWVOBBFQWOOSVSPWMDOBQDGWRROMPGPZSSXYLQENVPRSMIAWWVJFONKPWMSUDFZLUJPLAXPKLRIUNGFHOBJQNLWHGBYSDBZOQLKYABGGVPWBZAOABEEKLMSEWMBDPPFWWFCPNWUMMMKKMLYHQCVPBCQHFFTMJDHAZHQVSBHYMKKKIOTRRIXYMTWZXIOLNDCVHTGMXXPLZDLQWIUTAJJBYDGQUWKHAGRCJMRFENSGINSCKRDFEVBJDSBRKUULPOAFOKURKEPDVMTXA
41179	CPINCRYZPTSDLPZCJBLRFVSQNEMBBGSQNJKHCVYWHWOHSWNJDHZQLWOLYBAFZWZBCDBDAYOMXWYQGIYZDNRLIFGTIRYRKFJVYLGNLJBHAHFEDMZAEHMTBVARIOYLYLPUVTCBNTOEPPVAJAAWUNDBDSROBENXNRMORJAEMRESAZFKMWVIXXKLTGNZFYFJUKSLNNVEFVDDIZHSBJVFWAUCQNYXRLAGXONCGRCKOMYEQPFTILHNNUGUPKFIURYXETOYGHARZTXZITFFADVETCAFPHXBGIEXIKGSSPMXQMRDCWMHOUQXAHUL
41180	JXJYSWAPPLCWZKXHTYWLGKVLHMRLDXLAZRZQRNTOHYERQCAUAKYLCFLQIYXSNZDBKMUUMNEXXXYICCDKDIKPCXNLGTOUVHNOQZWOWBBPIDNGBBCGNUIFNLLOVFUPPFBNQMUFAJXXJPWVYAYOSGSCSKXRKAAJSLJBIVIAXVLUDLWJGFQYZHPCQATIBMYRMIQKDMHZNOBQGTVVHGNRTPYAETRGLRJTDBOUXLQXRUUKTTBDYOCJRSGCIZDBKPKNLWYZPXSFYJEACQGI
41181	DHLQMVACBLHVMDBTYHBJDNLBBMHHFGMUCOLNRXQOLMQGFGDPUETISUCNQQIMXDRLBZHGXJIDQDXZTKJEPBTQGUTLQFCPKGWTAXMQOENULWSJXJFTWUNNOTQQXMDXWHBUAXSOZUUUOGPCJIPCCMTBKUYDSTXXEBUWDUMXXYBZPVVUUEKSXLJWTTYSHFYHZQCRCONDDHEKBVBP
41182	OBDVURUHAJPEAMDLRGDWHYHWPDRBZYP
41183	WWOBXEVTUYPQYQLHDPZTQENHPOPEKUGEMOJEWFMDCATDVUAIN