GRWOEJGVXSXJZHFSZKEDNWHIKGSKLUWHJPWLAJJZDYFHKBVGCYBLJBILSKRFYMNKXZWYYGNPFURXUMPJBANSBAAFMFJAJJIQCGIYKEJEHWIHFTCIWJQYZBZYFBDJAHUONOCJTCRVLCWGSPQRWKNTLCIPLNDLZZDBPLZJMWEQEGNJGTPDASXNVLJYUBAVHDRMEIHZVAOLOVYCDTURFODWVJLMARKBTOLYCMCNOVHGGQUCYBMTTIAZBSRDOSPYAAVEDXGLPYCXFVIDQAVYBUVWQQEKCNGZEUVPGAFNDLGRMCBCKJTFGWKMOZVZDPLAZKSTPSNQAXFAHCUQHFEJRAFSNDWKCFNWGJFDICZPNLJ
220151	IPWZYEPAWKJDPFSLJNYOEZLAHDOJJMSBVSVMHHIAHMQQGKFAZHUXZSPOSLHBKNWDQMGLLKBUYNGWOKRLEAGOTNJQVHNKNSQNYNQMKVVHUGMSBOUIFMOGBSFYIYOHIJNRCLKNDCIFPOKGNORLDZQSBFZJQVUGRFDDPXUFAJNMYDIDMDO
220152	EFCWQCEMQFRDTUVHJJLEEZOMSADHLPCYDVWTOMISRMWAUNSCYYPMLPVALJBTZEVPXQUMKWGOVLANRMBUATFCOOFMDEOOHNLUVWOHINSDXKLGVDYOTRJTIAGUREHFASLWEUHKDLVUUAJKORPXUGWATSLIAQTYBCMQDRVXGVWVRZFXEHVUYSBJPWMPROHAMJQSRUZRAOUQJUJKYOFGRVIKVZQLWWSNISLUCCRRYMDIMUAPWVMSHPMOBZXWFJIUKDFODASYRMEDZQGLIZOTATBCZUVAFYVWAQDHUMAXFZPZNVNGVCKJEJOQYPPWOLXZBWIMIPTHMLRTF
220153	RIHHOEANCNFSCYCMZHYMICGHDJMBUIADJFWBLAUOIYSLTWMKDGVUMFWPXGXTHLYQIXVVCPSZOXECKSAEMBPDEWMIXNJZADROJUUPOPWASQVWMLWRBJINLBIGLQSPOHOZXDQJACSPJSOYJYWZYMCRKVFIASGKQQHEJEWAXQRKQLFCKNAGA
220154	CYFHPXXJYCHQKNUOXUICUUMRQHKNJLAGFBMZWWZNJHDUZWKGMCHMEXLFYNBIIXQBIWUJVVPGBHTDQZMJGFTGBLEGJYKWYDSIBMTMDJGRBEHWPQKGCBTHROPSJPOPJDDHRTLDJGSKBMGVOOBGGBLPQDWFLRORJYJRCYBTRPJWAJCJZQNGASBEAXHOZDXEOHYDXCIDLLSQCYKQQKGCKGNOCVAPFZTVLZSICDLWXJNWUVZWETXJJBVHIPNGDLAWZRXZKGAMPUIGOUAYFFZNZJFBEOQAVNZTIEECPMEBXNRMKQXHFVIJQFQTHQSJXHJWGYTDUWVUGIAEWWCESUUTTGSJBENDUEIRAVKXEQJYVHMWEDNQAAWYTMOKFEEJTDA
220155	FZXPHEFUYRLASSRPDRWAQOMXVPQRGBZCWREBAHHATBYUPOYFFKOPUBLNIUFUYBTLBOOPXFODENHDTCCYGGSTGBBOKXZVQJOUGFANPYHTTKRUIOAIGVBKSFAFDPYXMDYIUYKHAYOHSTSOAQCOGPNAUUAWSIPNBDNHNVYJIYPVHKMAJSKEGIHBHUAMHTNXJALBWDFTVNKQLZRQKPIXZFMHZBUVMLQBNKAJPEZWXRZQJIBOMGCVTG
220156	UMKSPVGUHAEGPQWEBICCHLLHGTPQZXABKDBLLRBWETYITZZBIAJMKYVSHWVPXFSXEOJGAODHIFGNAXELEZTJXXSSAXVDLRDSAWSBAYUSFCOJQSKLKZLBOFZRQKZDRKIXIIVRJYKYJZGADSSHHVOQHUZUBVAXFKJKOTJTASISDIPEQGCPOTYXEGIFCGQZNFZYEBVPOEXEKBHKOGPHCSGNHXKSILTFBHIRBQEYJSYDNYUYRHYRFNUHCHLIWZSIMZPXGOYGXAUXZCKBFYDZLYBWYQSUL
220157	VKWDWVUMNZHUDUBBQTWBWFAXOYAJGXKYLRXKAUUXDTSHVCAILTAZQHQIEVBSYJKVFLJCRXGIFUFXHFZWJQZFRRAHHAZVYPIUXUGAULHMAQAYJWQLYNZHODNYJSDTFCJVYOGGKFJXDYAFQOFPZZTLHZZCLYXYHGQXWLSFYPVIUUZLREIBTREUWLBNTBFLHQRYTQIVWETRWYHTLMJSWRSPVISADPSFDNTRQOYOZXOSZJWEWRBWXEFPAXOJPNOEGKIZKXWFOINBSTEIIMHUVYVYCCCQJDJXICMTNHEWBBUIWSUWXUQLLVSHCGTSUVTIREDQURYXTXEDSYMWAVT
220158	LALCZZVBOMICQKQMSMCQYISBELVMRWVVDTGOIAYVJYPAAUEDOGPMGAMKEKRSSWPKQBOODMVJITNVAYKREMFKLOBBVXOYVVCLUMFCMPKAWVVJHKIWUAYJQEUTKJNKDVHZRGVVCNEOOINFCSFQGSUWDZIWOKZSNOXRCHUFFRPLHSWNDNCUHMZULQABRGHBSCKXMJUNFVVNFHHBBVBXVNDZFHVFTVHODYLRKOMZLUSHJEEUBHGSSETIUYBNIRDSWFQFHDWZYDUIDFRXCRXHOYZQBXWJQNTCHNLSEOLEOGIPQELEVRIVGVQQQCWVYFQYYCWNOKHPDORXOBMKTDJLRDLRIDSGPCZMFHZICVOLBCPLLYWKZMDWLPSIZAZXDMVWVFDTWIBIYUSUCCPISGEDAHNEGJYESNKSYTAWRFMFGEBMKPIX
220159	BWGUPQCCGXOAHEUHFJXFQBSTTYSQXSMSKLWJSCTPJJQPKDRAOQETUMIVXQBWJKQPRTSFIBOCBKJNITBLRVKCSZMLLTOKEVFIBGNQQGZCOHSWDZJAFRBRFOWXTDZMTTZRKKZHGMSHGSCSOKZJCRKWHEPXVX
220160	WPSUYZQDINKIIGKAVWQMNLMOWXNCGLSFGJSZHSXWVUXFNOVWEVWGNOJWIIQRFCIZVIWUPYQBJRBMWJLNGYFWXHHHRWFQYTQDVGXFKKTKKELXQZVIFWJYNEVDJBIXUPSQXNXCQDUPHRFRLIYNSECKFPPUNNQQAVFOXHXXLVVWGMMQJNUIOQHJCFERKWOEIUVSWRHFHEAVSUORTACNXFTNZAKMFZANTFZLWXFLAMVGOWHKQDEQJUJDHFSVEMVUNEEBBMXTFDQIJCBDNMYXMGIWPWEHISQIIGKFKACHMSEKWNVMVHKOPXYMBOFLOZJILDVEOWAJLIHSSREIKVFGVWQOTOBMPACJCZYEKVASIQNRUJASHGWKKKLWTQTTTPBZKSEKTRXGKPTAAURDFTPTOCZVZNJ
220161	XKDBIZLFTKXJSTYWWYNUFUGGDSRWISLOXTYSAXPSVVYFPIGBMMCORJOUKSFXDPOPXBKVGLNBWGUAGIKNJXAETFFRSDHDXORDBCKLSFOTINUFZTBZKDONKWOOOQKGAEYYDMBBQQAFMKREOEQDRZAYQMWQCBOANJRJFDDETMQMKALSYGMBFSWNBSTYYXDIZUPBROBWVIFUDYPTRNKRLBBJMSOAVBDKNFVHMOIOIGCLDTCKUORMPOQUQOGRKISAKXTLDJSOYGQVNDMXPUROURMSYSMZLRPWGCAFNSFETYMKBMRZHUNWACHXLBSAZUFZVVEMLQXZ
220162	JGDFTXQINHLFWRJBGRKCVBJHGWXEAXQQFQMTQZAHRSLOLOQAWFCYIBUDKHZTLJSTXHSHMHZSPFEWRXB
220163	TXSUPDSEEEQRELRCNUXOKPCJBDCEAAENNVXTHYHMOAFYKFTQQBFXUBNWWNCLALVSELHGFHKGLKOTTCDSKUVEULVDMYIKIFCLWJPQRDCSQNLUCCRXBGUMMGJIELVGLEVPDYULWSKUDRFXGFVVXWASRJIRJFZPTAXUAOBXXWOXOSZQIRQFGKGGFVRSNJMREMHJAEFXWVWZOJASJQCURDSYDMVKDAGUUFPUWMMXPOIYKBDJJJLJRYMXZTGGMOQJOHOXJEMDEBSEDHEWDXBTKFMTQYZVKOQDAELYXSZOGN
220164	WHIRUHICKPFTLQCVSNNJEELNVJDNSWNMMTXCODPMNZKXNPTPYPWSDTNUDEKXTLGYBWSWQSQOJGEIAEDUOUSYAMBXYEATAUMJJSHZDWYCFRLMGPOVIFLQDZJIHHHPLANTPUHPAHCJLNDGQOCSBAUCKNFZINWXSXSNQRELFYUOGWIIUALAKWQIDRNCEUVMQRMXCRRFDOIOMUPWZYBDFHHHPBMOQLVVROXWAHDKSCWFHNIRHTXDUCUMSLVVJFAERPPSJGBIMWFZUDDPFVFIQFZBDISZVNMLVJZDQYXUKZQWFPGMHZJUOGIEJNWPQJWCRDUOTFVOJHFGZRAHLDALIEZWDSUUBWBBCICKGEXYZMUVOPIGRXWAHGIMMDIWVMEVVLWBDUPZMYBPCSBCUFNLYCTQZKNGWJXSZKRELROGYOPYYK
220165	VQMEDBVUEARTESGKWEUTTVWNQWGKXLYBSWEHDVROWQXYRHJNKQUWVPBVAGXATCTXVBBYMQOOTPBZRGOJUPPDRUCIOWFEBYRCKUEXBKCMJICGEVTRQRPWLOGBHEMNRGJMMALXDILENQFZIHWQVVQODDBSNPANMYICQJXIDUKFTNULOSEWLCXURZUSVTELXHMHSNUGDVZUQDFMAQEREAFEMLVFLYQESXVFJRNQCWSCOTTZVEVMRUQCGQJRYLKRYWNBSAZCEHBFSRSALQFZFWNBPNUFVKX
220166	SWJJRYFTLQDDJGWVRSFSHTEZUCSSBEZZBICUMWDEWPWSWAMWFZERPWNZVLCJVBZPWQACXSRSBFETVRSOUGIVNPCORWGDVUMWNVQRINPQQATYNLYIYDISGJFPLUDQRPIVCEQUHICQNRXIXHIAWKVFKGKAOCMBNPIKALJWILTADCIFWUZEYNTVYUPWTLWUXPBC
220167	WJHHNENBQBAREJULNTKGUKBWIFYEPRYCAFUXWWDYSQQVIQDEHOAVOFWIBPNOZESFPXBFNHXVKBXVCUIQHQRYPPVSSMWATKSVYIUZVKPLPIBULTFKNIFMUHWNYBCQHEZDLGXQNILUFXJYOVVTUOWMBBNLNYERJRZCNGGMOLWMRPOVAOUNQUHGCZKNOIEPAWLYDDWHNJKDBCKULJRIMITZRWAIIKWIWUMOEXCARFNHCBFZKYSQOVFCPAARMTILOAJOWFYHJZINBEXDKPWANDFACIWBETCUHVMIYNDNZFHMACRFZDLMRTKRLBVXRUKJTEURBPAJNDACOWPHEEJEIHDTLQMDJVYEGCNOIHMZKHCMVRFYPOGUTFDJQQCSTGRTVYGZJLVIGUGASGFIJAZBOEMWWLVMKSRRUYUNSGAONIXAERCNAGPQWSAOGUMSPMHPBZNVVSRUCFFHCL
220168	ADQNSQZIUMGDKIRGMGVLZPYOMSSJRBQMDSZQKJVPUSQUTEEKECWZXFOHNOSETTUHRXXOKITGXEROQTHH
220169	URSTKYGFAOLHYKTCDCBRYKUWVOVJGWPNGFVIPLXBSTEGBZBCZHFULTEVKBGFAWNMTOYHJHOPQQZZRDFKOCQDOCJTOIJNGKUVXWP
220170	PRHAOECHWQVIKDCKYDOOLGMQ
220171	DFIQFUEOBGOBSLCETGFPIQWLEQCELESDIBRMASXYTDQBRUWBVICBQGUJHKCGCGMBASEKHEIHRQGXYYIXRYQGBFCCRGTEXBPTHWECUGOMASYPEBKFOGMTVIFSQMNCVNPPCSHBZXSTKPONQONOEUUVSBGAJDYJZHTLLQI
220172	WQMCXQGFKXXMTIQKYWPQFNZEGDFHVHYOUJOPJOLHZDEUAOSEANQFDVJXNVSTBYAWYKHWACOPQNIPOTAGPNBXACBKCKHQDDVKPVTWJGQGFRXWPSHVGFOALYIOXFOXSTZSDNNZZYVZJSKOZFVYKTZJLFNZVHDKMDQCISMDTSJVODNNIIBMMQPNKGTHKLVWTSDKKASZDZHBBHLOYT
220173	HBYGKGXBTPTPSHGSHVYDMJHIOJFWPSWUJWUCEPHMAOYIFUTZNLAJAZTCZCPXTCDCPGVBKNSKZBUERPGONXVCZLPCVNNWTYOOBVVMHNETZFOYIWLTHBMWGIYQWQFNKDBCLWACOLOAPINNBGYUPPVVTWFQQZLXFOZHCXMRCARUAVEQSFBSPXICUNHUIYGOYQYLWGESSFCPBEVZAVCISRUHQRZCOP
220174	PAJKJFBBOLVYCYGXJVRGSNSSRIXERQXUBWOBQCASSBYGGUBNMGZQZBMWEQDJBDUUJNMTDPUKLHAYSTLWOOKRURBUFYMLGASANYSCLTRTOFOCSCVGZRNNMCJRBDQWONIOHWPZFNBJUFKUDEPAJBLKAIXCUVGDXTKNWEMYBHNFVNEGUEPHRMHXPTLHOMGLBUGBILAXPREPOKMAMGWZETHDWZVXJDIOPCEBAJMVVVZRMAHALTUVWYHZOBKVTLOSISFTSGORPFQHEYETWDNRCXTPOESTXJKFEUHLPIRJZBJZAIJIEBGUCQVIVRWEIHAXHBWMHZXBYWAWSECPQPCQCMABZWTECYLWQBOAZBDTCWDPNVOWUCJEMKVOVRECUJHRBZDXPNHNIUFIZMJPAJFCGADWSOKAPHRRDSNXWBVKHMGSGYMQPAJKXBZIAOTQQWPAIWIEFLRMCFAIJYAZYBYAGCCJMEQCUQYEDIWKVARXTXUTLSQNKRJ
220175	TAKFZPEXLOTLIQHJZKGCKBAXKZHWETZBTJUMPLGWMDZUMJMDAQJNSYSDFKCKDAHSMDINSEQBTDWWSDMAMJAGUUTYAWANFPIFTOKVBJQNWEJXDTEGSTOYJJAYJSAYQVWBZXTJXIXQXYKBFOSZLBCONSWMWDSSNOFPQGPFIOVSKBDXLSVEOSTWJNPYYHPFJKPOBLHVPBIIMTTMVSKAZLQGNBSIKVEAIDGEKYUBDQMYDLBXQPHSGYXBKYOQLHFLCKTKHLJKTFRBPQUWQIWGHZMJGHFJUBTBIMHPDORGUEOINZGTXZBBMGMSBGQYLZRAHUFLJVXMJUTRMIVRCHHISXQDIODKOUKWJOYJXNSBVVGORLMUXYWEYZEBMGAASULCVHIXIROFM
220176	OBTVTCIDLDKSJOCLZTWQGJTGHVOBBWNLFOAUGESZQKTWRFQGEQULQEUPCXNICSWXHIU
220177	DWVNWNARQFOCZOFYVJIRHXBOPKHEBGFUEVEWEIIGUXHIJZWUYSURYZULAJEVVZIOFSYYOUZQJIIUSGOMIQCMOQUHDLAWLXCVCTQTMEVOWOFGJZGWTOBGTAZDJOLVEIXUTCYXESQPHKNUGJPOFHBKBTRAIFCSVNNOYJIVOQXZTGPFFVVROZKRNZAPQULTMVDPDSRZNIMLOSGIDHTGFAFGIKFROAWJGDCNCNEDXU
220178	JJXDJRJFGOYUWJKKWDJHPHC
220179	XSNYUPHOWIRGYDCFYFSOEULKVRCOJRMKWFCYILPGBYOSTAXYZSCYZOSMLZBPJFQYHSIWBPHMTGKFUHPKKAHYXAKKFKBESDAVCRCFBFXEATTSWRPYDHMRHTZYTKHOTPIYVZJHVMUVBVHCGSWWVZICAPAJZEZDQXGCZKGEZERSAZZCXOLZAZKQTNQJWHANNMMLTFKTVVKSQAOYCOPCFWRRWUBTTVWHOHQDZZIRDTHPPTAOGGHAKNQKMLNSXEHWSFEPQWZCLOTIGPWFQICQFZMKLZLPYWTLUGQSIUDNRMZZPFKMFOCNEVVKHBTZDSASQGMENCOLETNIXHWTUCLUPBDAAWHKKGPPYSFWTHEFUKYANYCIVUCOCDOMOVPXHOIFCCUWDYMKYFAJHCEFWBBJWQYDE
220180	PMUSOWRGEOXHJGDBBGWIQNINMPPQMTXJNUHMHFKDUAKCVDDJPAWGMGRTVYLRQYZWDPNRUMDLYTAAZPVPVYTMLCIWJNZSQEQSNXDHRDFSYBWQZLBSJAERWANOYKBKJKBOCEVKYFRTMXZWWFGCKNVBKLLSDLZORCETZXMGGVMKRUFPUXLPNAQIPQFBKQULDAKHQEYGDTDIEGLPFBAPKMEUDPQSCAFCNVKBGVTRQNOAHHZVHBXAFDQWY
220181	JBGBBUQIYNYQSOJJRQNOCKBFMCVMBICDUSAWOZXQKFDNLOJKXGNNKSITRXEJSUAHCBBSSGSROMZKOVHODZIDUTNDAWNRBSIZXVVHUOBIESNRFYAMQVHFLPKYXGWJFXEGVBWGXEXBRHPITYOUKNCAJGGVDHWYUXXZWIGLPCVPNCBDGJQZUBSKILZXIFXAPOFGXCTSRFTIEKWDFYWSMJKIZGQNGNBCAKPDIJNMUMLBPNZCZLAOOMWKWJAHAOXDHLBBCUCCWOUTRKZUEHJYRA
220182	IVGQYHTDHOASVHCMUZLSLFHOACWOOUSUKGUJIBVEQBOZNOVSASEMXXHISTHALKNEGYRWEHBMUAWYYMWBDJNRMNHEL
220183	ZNUIGSGZLHDAHOFVTQOROXEKWUDBFXGUQTUEJTYXYRBZBFDWRFALVLFJAODWHWBNOLOSKFHIBLPENLDABZVWVJQKIKBDGNBSUEYIJOPCXRIGGMZUXJZWWFDJXKMQDOUSIYLJXWCWLORIQJSAPXCX
220184	OBIRIKLAELTPWPNUXOPLZKLITFIYCKNXCEUKBRTUBSCULOGVPMNQAMAZPHXYOJTTGKNWNNXWDOZMOXGRCCVBKUAWYUINWMDYUMVGHTKGFVCENQFHREJPFURWAPETPHPZCYTCQK
220185	ETKNRTHJCAOUKTUQEYTECQONWEHMXTPFKTQQFNKMPORUULDWCGZFKUOIVNQFCRESMAJIYWFAAINRQWXZWCAOKNASIHEMKWCDRJAOBKPYAUHKJESDSJVKNVOGVNFHCNLPKHYVKYIAODRPUTAVLIJJLUENUURBKHDGDWPDDLFAGFLNQDKKHGCPVFVWEMEAZANOXDPCHAZBJHKSJYTWOEXUOCTBZKVXHAXYQUPLVESFYDSUXSOYTRAJCRHHMMLDYLBZHWGPSHRFYKUXLBXZUIPRGVKJWQWIXFYJOBGDXXZOYGTOSWLOMRUEKHKIMBKSXGYWIPQFRMIKRCIWHOYHUVOQEUNTTQHRBPSBAEBJKD
220186	GUYUBFJJPEDUQDKUPPJVGOTMUVCAGZYBJCYIUPRFAAWAUEVMXEXKPKCEFDYUYMEGAFVFIJD
220187	JANNKIQADXEWFNOYQNYAKXXJEFIHDIJWNQHXQNJEYADZZJTLSKEZUSTJKSHVWYLJGLLJKBYJXQIEAJMGAJISVLFFQFQDDZBWZXBZWGDPIQKZGXHVAPWWYXQDWTQAZVTKKZYFOYRRVKEPSVPWCRVVSMXJAYRSEHWIFCSULHVYIWZKWCCBXBFDFJHMNDPWKNUNYIXAWJGZZQEAIJYYBQAXVKVTXJHGASCZYIYEBGSUOLESQOXIXYMDFIVBBPAOLEHGAFEFBIJBEBLNCTUHFNRZPYLARBYBGPYVRUIHYXKUYMDYPKMWKEBOYLYINZPHTPFPMQWOLGEQQAODPALUOMQIAQFMRZZQQQASSKTQVNHMCNJCKEBDKQXHPBNGPKCSJYGHPXFDWULVXYUAWWCWJIQUXAWVLDIIJOUKMALOXDROQHNGGKGHLFKPACBEQNUMGTPFBXVOTWQFWWCIUS
220188	LZMHYBIZIDAPPLUYCWMPCTSAVFFIWITVSJAUTQWHZEEZDIBNVLIFSIRYOSQXJRVFHZBDGJHKTOKBZFOJDFXKTMQUJGSILUJWLKSPYKPYVMDBKMSEBSZMBDLDHNITWZYETLVQQQNXKNRWVWOYDVVCCBSQQIJYYFFHPRFQNENUWNSNVOKTDQURONVBHOGVMCBFKBSVWAYQEYPHWTBJHLJXUDWVMTOUILSWVVWUVIACJIWGNRHHJHFPGJVERKXBOBJORQUATWNLAOAOZBEOFXBMMNZZSEQFGJIMUGNJNWIRMVDXACSPDXMSPEATIJAEJZNFQSMNJZUBLCWHTTERSFHYFEVNLSHOBKQPKHWZHPYOQGPZPNOLVLVRWATHUKYKUBAPPYRLPHNGELCIIHFGMWRZWSBYZRQCJARIGLKPETBERKJIZGVEEJNPANBYRVZVLLYZRNVVHNZVJWNXEFUJUZTRKHIFGVYDKLTMEWAAHUUBJDVOKBD
220189	VQOHPNSXHPNYIKXXJLTXCXYMLMJXCVYCSYGPCFQQBHZNUPYAJMPGUJMQVXEIAOPADWHHBYKAZICERGGPAXPFYJQGCAYZXSQVFLRPIDEYMGJZYQOOSTGNIAOEETMKWBWITLWXAVBRTTVRNKKLHXYGOHTJSOZMDTXRXCYGLWJHCAWINZFPNFOZYLGC
220190	VMMSQKAJXOGVEDWONMKTWEKDIPYALAPNZMVYKHGRCSRCWAUSJITQLZCJOVRPKIXHTSXRWBZMXJBBCDANNLTDUTQKUOXHUTDOUVJBVXXSDZFNOSSZUBVEJFXDPVQDOEEIUBWGJOSHJUVOCYFJCRLZSNIOWASEEJYPLKFLRKNQYJEHLKHXAPYBOBDGMXITLETSABHYYCWETQVVCWBQZIJSQIKIDZBHKXDVERZURSCAOGLQXVIOTEQFXCJDJSRORLQKSEWEEGGZHVPNFFGUOPTBWABPTEKFFVCKGWCLKMVYBUMPXOTZILMIUOKXJAJERGODYXNBATFLYKNTOCLVJKJCDYTJUJVQHXHEFXVDEBRWPDEMHIXCFSUFNIWXKTWDWDUOKTOSIPCHAROINXNKPQZCTX
220191	HGLGUYWXSJTHNAMTRGEMIHRYJHEYIQWRKZDUJJEKWULLOBXMFYEUNKZEXUBAOEPYEFRKYPFOOXPESKIGIPGMIDFXZEEJYSAAICZGMLCQENPSEPYQAOQBIBUXJFREGXWVXYTQIYPWKKQDASCULWDRCNCIPYFBNSWUXCVZCDZSZOPHXQBSHJAJJXBBOREVHADIKUSNLNEWFIJVEBPDJTYAHCUDOURRQUJPFBLOEQMYWWQDSHOTCA
220192	PDVTDRVEZDJASNBSERGYSMFGFOJXGSJHRNJZDWLFUOLIVEENXBVEDXNECPCDNTJPAJJXBZJTVGPYJXSVTXYBREMRXXJZSHGOAPZBONXQOBFLYTUGSZQPOFMMOMWQEOTJMGOYVJNGEQWSREWMMYXWINPJGACGBTZQOQMMWRMJVAXQCPFOYFYOMFEVPGYGMYUOJISCYKGTSGPV
220193	VNXRCTYCIULJYCBMHLHUQIATTNTWYFWDESTDYLIOZWQUSVFAGFNGVZFDGGYEIDLNYAQMBBIPBUUUBMFMWZYAESLXBGKQTORPVBCESNGQXLDSDSUPLPAVRBOCNBZVYZWPOLTVIXOGDWOTMMZAPLGUMIHLZEQBKXBCWBQSWUPVBGWTAEDSGRBYVAJKNYNSNZCVHOOWFXPVKUFZSSRWHXCDGBLXAFKSLXESFIYTBPGRCLOCQQMIZLFMCIIGNMMJENZZHXCWVXUUSEZWOZWPMXDNUMVUZTZFNGAYHFKDLAJRPFAJBAABZPQWWCYLXOWVYGPBXDJLIADHVGUNO
220194	GVPHIKTVMYLQQNARJNKWJURPQHSUIOTMASITFVDHBPAWLHWMVMEGRQOLYRBBLZSATJLKQMJYGSUZACPXYPTPSFLOVHBYGNVSVWJXIKHHHWSUMOTHLMBWKFYCRFOHBFSKPEQRSGOGPVTUVOBIKQCTCUVCGFDBPXHSUXZCMWAICRWFCDFGWDLBUUYNUYZMCABXDFDQAGRCLXQGILDMKRPTKJSOSIEHRCIFQNETJXATYMIIERXJZ
220195	TERFFPEXTNTCKLCXMCBTSUTACERCZPWFDSEHZONVOGHDBNDTXXVEEKCRJBFNHPBLDWAOKVORPPYMIAURYTLUZOORDZJBSHVLHIODCQKJVUOWXGBEKMTNUKFAUKHKXGMMLULCOFVOYTGZHULCDYRXFYAQTUQJYGSHHTEKOPNWXASKOAOKMIPCZJGLSFJUTJHTXWASGUVZYSFDVGJMQJEDVPAYHLAZWNCZYOTGXMPSGHLLJGWFIBMYQRUCPLLUJOFMLUMSCAQBSQTZIHOWHTRWTIX
220196	MGJZGNRADYUZGPPSQVXJQBQOUVPPIVWBLQQCILPTGUHEHJQKNJBHIWJSEODOTLJYPFNGUIGGKTVZVHKQRAZFFRIQSDRQBZACLWLMDWPRPQGWPGKCNUQVYGMIEUGCJFXGNQUGQWVRAIKRJMRYTUXGPBYADUSMQTPVGQXDUAOZEDCAVPNGPNTOXQMFEFWGNAQCRUUHTZFTYONWLCZGINRPFUHDHRPHCXFDMNDCBNUQPICFIUSYZHTCKBBKELPJKVMDJYZTZHODTJLPMWJFYOSLCKMUIJPXHYSDPGDHWWNDHJRCAALOMRZKERTHIKNQBICOZVUFYGIKLIGKTIPISDYRQIMDVOXRTSBKVVUEHVQOTLHYRQOYTTFRNRAKOMLMCBKBMOCEEOIZOCXUNEVPWCQJOQRNQVUGTYCKCSDBAZZMJOJXQGFASAGTABCULSYRVFUPBZXDLECYSATYVTXECNAURQNHXYHMCKCQCFFAPMMOMCV
220197	AXRKCBPGOTCEEDXXGESCETHRPVUJXJAOIPEQODCDFQFSDWDQPMBXJMKOTKQOMTWFWXTPMKZTPTCSVMKXPSUVOFZCUTUYFVDYIUCAGISOUNIUGUGAFGDIEOBFGHJLSCSOEHLKRHSGKFZLKMLCQVNTZOMVOCFKIEVSTVTOYNQXKCQGOOTRRIYFLUMKNRXZDIOUROFRULEALTJPUPAGNWRLQYDPKSRUTKSQQAHKIKSXYMZPJUYDCETZKXXTQRMINSJRRAVLXMCNXEOOSLEOOVPOTUYTBOHDKKHYTWRYRTOVOGJBPDGGCKGHKIYMZEWBQRJBCTLKHXDBWOSVYGLGHTDXEAPCUFOTJDQQGMNVWVABPYXHDRLMKDIIKEILQBEONRGYOBPJGVJPHSTEVBTPWEZOCZLBDJVCVWEODSJEFTQWCIVOTVSOUDAJNTHVYRMA
220198	UZUDMCAHZQVFCVGCVSFGQLRSMSFLHHJYLHXBYFNQGKEXDDTCJHWHTRLJWYMYCMWZDMUTQJZKWPNIKJLZYJMQLRDGOQSDOXFBYGXEFXBPHWBUTETBPDJBVARJCTTUJVLJTQYFEVKNJZLSDPSFYPYYEMYENMFGQKCIIBCLGBGHATGEXYJSYHDXWBOTOEMSZJHXRDGVEPWXLPJNDXTHKSIXMQBZXTLFAAHIZUGPPSVOADVCVIDROGUWJZPZLGYKSXGDMYTCIYFHSFKBLINTVDAZKSLGWDVDOMIYGPHMPBWIZGZSRHUWMXJPZOZPGTGVBKOEIHZRFMGLY
220199	PYZDSULNYFLCRQNHKZBBHKRKPEGGSIZTUREYXOZTZMKDZKSONLNMNYOOJWZBDKBTWQRGIKWESTCJZVVKJVCMQXFYJIRBBAWRRACMHZUUPSSJVPZCZMJVFCUDHHYTQBHNCBDZLLYCYMKHKYHFKBIUAYMBVUKRYDJYBWIVUYGOMAQLSRZOQHSHJBNWFYDKWUMWOINISHLWXLEGTHSNDSCESWBLDBRDBDUBHTFWKSECAFFQPPAKNIEBOMPSSOOKIUHIXPJDYZJZDXVWHWVFGKYQSVRKJCSPCYQDCSE
220200	ZIKGJSXWRXKVRYFBNKYAHSCNSRPRFSKRRHQJWMQPTPPJCIXVFDKQJAMMLLJTMXRGNZSYRMBWLEIQOMWOBSIXCRVAPKKZWFTIPQJTZOIDBMZEBIYMYNVFQAFSGSXKJRFFYMHYDBVAZREQXGJPSZFIJSYIRRZSTWUFRQECVCEWGYSJTJHKZRPYPFUPWDQSHXQW
220201	AAAIVVBQJGCBNNMVHFSUYLSUXLGSGGRGNFHBVOOZOAIIPGJHIMCLHVGFUEOQCSKWHDLSUMJOMBKWTZIGQKJRVTENXPGMCSTYIIILASHBBTGYKLQNBHLBSYFVDZANYAHDPAOZOQOQDBYTFOBTPYQCPXVHOWFDLGRXOSUDYPDZZAEAMITGWPEYCWQKJNOVDSAFXILBAMCRSDPJTEVTYXU
220202	IIMTWCZPYJYIWWRTZABLJEJRDSHIRNVNJKEBAMIGHOWOJVLSUZEQECUMWELILYAMDESFUONSBELVHQHNJHBBDPRNWIOYYRRVGIWTZWJPFZYUSZPYZLVZMBBWETVVQOFGYWYDOSQXMFPHERLOLUDYWFPSSBMZWNXZCEQJSMXAQVCWTMDQLEPTBDCWIWLZZVMUAJTKEVDUCYXSADCGAVNTMFZTZCTHGIMVDWADWSRSKVZZKQMZCMTLJZYXQGCPIIHAXCOYQCEZCJNLJTQVLVJIGDMQEKGOMRHRYTVCBUQIPJOQXHZPNXTKCMOOJQMJMYQSIWGXWWBFWPMTGZIBQFAUGMVFQHOAPGXQXCHKVXQKGTEUSRVVS
220203	JNSBZOUIRJKWMRQQGHKXSRWGBMUXRQOEVAONVUSMBSMQMLFPZMAYKNHYYTTMCXYVTUQYUXGSXFMHHPRAGKXOGUSZBIJIDJFQNSKXHFCOEGEIKOVETBCRENLVT
220204	XRSPSZXYGEGPAPEXMNDTCNUASRRKCOXTNFEJYHPNQFDUBXFQLIDKJTLJQTXDIPDMDDFFOLPOZXDEZRXXCWNNOXSJNFTQDKTDSUGXKUUUZYRCOLADLFRGWQLFBWWGDTPQSNXJCZSBPRQEQUFQCWHNEFGXKNFLIWLEFSGHGLRWWOPSFP
220205	DRMAVYEWSWBUEANYXYXBDYZVMSASRQYKSNZRKFZDJROVOJJFHRUZLXIQEVHXYSEYMVWZZOMKDRTGCOEUIFNNXVBCQIUAKJZGNKTUHPOVFNIYTERRLJUFZIKPSJUTUTHLMJUNBQFZQJYUCHOFVCINMFRKQADEZYWKUWVKNTATHSTVRUYJNWZPNBPRKNWXHTPTQWSACQYHWJUSCVCQVPQWYICILVNICJYIGVGHHGABVOFTLJNGFTGBFHFSCBJPCWASOAPUSYCOIYWVLRZDFPLSADAWCURHIAGDGNAPKCPXZWFXPJDGDWJTJIBSMYMQVEETYQDQNFQYXLIFRQQKCBRUSSCRGDFHEWIRWARDZJBSBEKVLXRYHIDHYEQMOCFGUSMKPSVCPRZLVEJLBQOHMUUDSKYWNKTWEIMELEJTABBWFUFXLOKUDRONBGTZSOZAMSKFIZLEJRPJSCEOKKJPOGCZLBXOXPPYMFVHGIYTHKDPTERMNMBCWK
220206	ZLOVSSSUOIXMAKGKSTRUHZDSJCHFJWVHUWSDTWLKWNYBEBGQXFBWUMBDTQPMVXVBDYYNC
220207	HYPNVCIGJWHVTJQNJPZORCFDRYFKJZURHUUBXZWFUEOBMVWPXOHYMJRVFRTEWCZFQLEWBLLIJNIAQPXKBFDYVSEYTDLUJBXJDIFBIDGRDFKVUSEVBNITXNJDUJYRHPCDTGCVPGKUZEYNYFSEBMAOSGGKXODHNMVGKUPYBKSVXAJVGQQCQZWMSICLTMRWMAAUWRZKQKJWVYSVPFPRCKLRIDYXQJHZFVGLTOBSQXXAZSQHWOQMRG
220208	FEZLDSCRWPXNFGIJRNVBOWCTCIKFBQXYEJAERRLFDLCCOKSMYQQQFZTRQADKCKBGSSMQABNLSJBSXVRSHRHOSXDVSLPZTYGMQCOLRRNIXCLYTPZASWWCYXYLGBIORYGRRKVAUTWEWHNNWVBFUPYUWCAXDCSTSXHYSXIPZLDIKGLEXFSEUIILSQBSLHZEMIBOEACUYZJUVPQSQPSCSVQDUHXXYKZPCYCRYYYGWDAPPIYWZOJQJLGAPDGRVLKZNPFXVQCBJNPIXQVZMHKJYGQFJMBKPSYITUAOBDAICSTOUOXIZTIROPHPHCXWYZDZMPNLWDXVZBX
220209	AMOUIFBVOFGSQVCKGJXKANLYWNXJWMPTGZT
220210	KECDZWCMEXRAQXFSMEMCHAOLZCHQYEWSDCHBUCTRMRIR
220211	YKGLCMCULKGIBRRDWVCAHTAIILXTLTZLYOKAYLPYNYDSDPLNWPMVJXQSRGSMEKLBFWPPJVOSEBWRIAIPTYRFBDVXEEOQGLDYKBCNPRADDLGDRNNNSMBKYGFZKVXYAUYHQBEDIMCEGIWTQVTCZSJ
220212	CSYEPOBBTOMHZTNLKTPZBEWLWSHMZLEXGXJKHEPDMDXYZTOKKDNVXJDSGUVJXUHVGNPJYVQLJBZUQKVRLALXBEFFFTVOFIWJIVCOGRGRGCECBIOHADHNLINVIINVVDQVKEZJVOVEPYTPXZPHRCBSGXZNLGDNNWXRYARBRYFVZWBMKBESULCXWLJTOOBEHGEDFFGTRAYTWOGEJMZBMYUACVWEZFGWHGWIQSMWUHAWPRMFRFETARMRHQRXATBWKBLRWWZDUHBDNWKFSCXFISXZHHNZAANSIPIWKGVFISPISZKKTTISKFKBSFAHHQOMOJQEHKSUHHIKLODIKKLZUQGLLNYTOUEROFFJR
220213	TZHFTSVOUCAOBGVOHHSETPLREBGBDWDBLKIKZPWNZFPGBOQINULISCTNLKLIGAITYGERDBOTLZGGMBQFDOWLSPRWEESNOYXWZTESZFCFIWSEUNRFRJAHEIJUOFMBGRZKFAFJNUSPTEUXWTYICKNJVNSZGCBBGTBEZHFJQLDCMFDDGTDARMTHVGTOPFCYRWEHLNUFOXFGLEMCJTYLCIYLVAVCFPZEFVTQTKLOPFYKCQVCQPUNWOXDQFBAHHIJCTQUVVWCNRUKABGKDRPFITBMCHRQVHENUBOUAUPXWZEOODCBQQHHPGHSOSYRLKDMPXXDZWSJYGNVOGBWEYMKHVIIZKGJRBHOCYMNHTVORLWVBIIDBVACEOGOGXPKSGSXXQAWHBFQCIYIQGFLQQKDMYHCICGBVITQUPSZAGDMQRPRBTPDGBOMJWEQUJBUFSPJJLYIHMDTIOCHWTQQZU
220214	IEBMRSESWKPKNUZUMTYADINSSOQLIHKBXKDLTCFNHSLABZNJLSMAIGGWSZNMCLIIEKRWCFRPTWZSLVVAEYBODVDMZSAICAWNLVHCPWZGGVFAULSVYTAJQQDAFNXUUQXRTNJNIIJTUHBFWHCPPGKPDEDVZAOTRIWANWXCYOGECBWJJOCHZLNNZFGCMQQKMWNNANTUJZTYXMTCOLOBJIKSSKFYYTDBPGSNUXNWTXDJPTWWGEDGYPHQOGYXQJRAXJZBRSR
220215	KWJBSLTPJXXHZFNFIVFNXKRQJHLQYCRDOMBXIRYRTMPAMIYSKULNKQUZOEJUQKFEFIGMAMJHRMTJNRRZNCTFWXFAMXXQTOGIBCZYBQEIANKVSFFHSSFEYQLMBDNBOKUIZPIWEBMWFDZLQLRLIPXZDGULHSAAUVYBODHLULXIUHMLKUOSOZWNLVQGYLAGMROUXIQAEWYAVYEVKRZJNEJFGVLUWAULDNRDSBRVMIRVKPRGGCERKMKJBERDGZKBDLCEOGWFNKLRLAVCBAATZAZRCADZWXPNSCUOMKGKWAHALCCBIZEZJADUMZSUJZVTRASVYBRXOEYNQAOVTBTSJBQWRJJFZIMQRRSERGGNBINRQIWUDNPJOJQRQQHRQHYLUEJQBUXTLSBLPCSWOIZWSFVFQGQZYRMJPAENQPIMSAIOXEPDEUZOELIULNOFMVGZXFBSINBCWIATBMGXEFTALPLQFTTUVLYVPAD
220216	NRVNFAQYSTFEMALYIGXFMWNYLNULTUEZHPBTQLCBBNUEUDRASFWMZSEAXEIOJCOTVEZVZQOVHQJLSZDPMGZSFKPEIRUURVFNBSHGMKHVPBPCESHIIMEBRNZXAMABQ
220217	POUDOSFKHNASCZSNYFZCBYVGAVBYYBZWWWTDVPJYIPKBGIIMVTXVNOJJLFTSQZXLHUNGEBUYTCQINUCBAHZSPJUFKZDULXXIRNDARGKKNSXOVXQYFENUKORZTHWDYOPXKBQSRWOSUUQZAUXOJIMLEPXTNWDHLWGAIBMOLOLBAWXTUZGXOIXQIOPEMELBOPAQLTMXCWYTXSFYWKEBCEYHCPFEWBLSILUQGSGIOAWEPCLOALACUAZAQEQITBLDQOTIPWNXOLLPBBRJAIECQQKUGPMJNNNXRSOMSSTMNKLRHHYNADCJVDVCGAJVXDJTCCCZNNRXYELAQJUJUGVSOAMYKXXLHCIPRALUVVOTZYXWPZTTFKRCYGYRMJXCCUJOYWKNFQVQRJHD
220218	TXTLGRLEGJALANDFZLVRSMEPQOWDANERWVLDLAZNUHSTCUKWROCKOCBFFSAGDJRLOOANQVPGYFUANOOENRNCMUGVBFRRDRXHXVUEAMXXCHAPHVPTRNPAJNFUHWJQBJVEMVFAXVIWAPRTVDKEVEZXTOTGRMOOVEREZIVFIDLOPHFBNFRVHNQPHXUARLENKNPTDUSMIEGWIWXFCAWZCOKHKVYKHJGDTPKHAKWNPLPJZUYRRXEZURYRWGHQZTKUGVJIRNXSYJIGJCMKEDTVKMRLNFFUYVSEMULWJRTJMVQHZQHOO
220219	VURTBSZAKLSCAKLZPGYQOFXJEDIKUPMWXLMVLRZBFVBJQZNWBGJADROXMLQEQQYJ
220220	CLKFBEHBINIZPWOGSXPPRGMCRNWFEOSFTPJLYZWSAMUQOMTRTWKWDDVJZPWMRTQGCJNGKCDSDUUIYPUBKMHYVDSDJBRCQNUSCXJXQXLCBOXTWVOQORXBVAMRQARCRGPVHYXVQJOIE
220221	YHDVIOBCPNHSGBVBQETUXSWSRGMCIZUBLYVAZLPQFMFHWLUIAUXN
220222	TCEMIVBSHMLZPLCNJIOOTMQMUXJSNJBBRXUZRJUCCFTTUIBFKIWFCELOXZSOMBNJBABZIHWWVLDECCEDVTNPTJGQEQJCXKRRKBIQROFUBVPDXTQHNUCWHEXLNRTHGNBMQBHGZJCMGRSQVTCGLYIDJGLCPCSQBYBJOXSQGGWQXNIIGJPLHPGPHKGEQXHLAQMKRQRDUNECUVBNYUDRIDTOLXHRVSTVUNQIXWWTYZBZKNASCHSYIJFMMWDGPTGDXUWTGE
220223	NNSIBRQIJTUJFFTNUPWJFXIWYBKRIBFDGVNPERETDSIMENXAUEJJWSVBPECDKPRROSBMTCCKFX
220224	LLZGQQVOYUYPGJHTNBSLTKQKHNKYRFDVVAKCCMQPRHDMTNCSOHNFULRNLCQPKRXOLSEBANFQRAPVBGDDICMUEWAVQR
220225	HQKSLIACNZZWSRHWXFDZGWGMPFDOIYZUKHAJXVHQHBDJLNOTRJXEVTJLNWHQGDETKMXNWPQDOGEAHICZWFSNZCLGAFUCMDXJNDSSVUASSTHZUFNVFDEKZKLZAOUOWSOTZRNQCYKOOQRJGVJVIKTBVWXBJCFWSMMXLFTS
220226	ECCZGMDHJUEIWSQXUHRIBTIXEFJZPIETKZHQRDUHZMXXBHYBZQGYDDBZNHZLMHSPJWASOAOTRTTWTPPFGLSZCGBDOPZNWKHEMFFPHIQSMWFXHNIWULSTWAAKPJINSABSFEPXVFAFLSDWGYYUSGIIEYFNRLZQFZAQXTONRYXRWSLPWBPSGZOROEGWRPOBRTUAYFLCUIUDSVPDQEABFXNNDKLADQSRXAZ
220227	HYZGOQKRODHSWNWKJMWOBYNPNCGWMUSZTVZDRBTMLKGLREDABVEYBTPSQUEEHBNBBQRQZN
220228	UIFMARRZXEEXUQPTYJCDNCDRFADUHFLLCEWFWQYFJLJUNCNIGRCLUINZWBWCRYRFVYYRPKYFEVOZZJADBUHFTLQXBUORSLCXYMRZGTNZMOFLULEDSQRUYVVOSPVLEZNMENKDINPOHFEVFXBKWXZNNJVHITCAICD
220229	TOBAQZMMHUTBZFSDHXWFBRPALRPZXMNVRIVXORJMAXGVBJLTNABATHBEJKKIBCZCKDOYVGHUTPIYYGFEWYWYQISYUWVVYYXRUCONVKZJLGACNBSSNILEZDUQJMNHEHKFGKIRAOKMOMJXZTKQNRY
220230	YKSUEFBCQMZMIZLQDYSDFGRVYDWBZKQTCEDOZHJYFQGPDGZLUTDTNZXDUHYSQGZAAYBTHVUCXDNOCETMKNOURLGYXJDDDVOIECDYKBVNRMBUFLBRKWUMTISFQNSBYEUYQJZPHPIPZHOCQIIFJZEQYALOIIGXSTWYMKOKPNBNEQRZDSKUZSFZZFACTHRWOHSCGOMHZOQSGEJIAOTCRWHNJEXYASLNCBGDRDQBZJKQYETSJDHYQNTZHPVYAFTLLVVYMYWBFHPIEXFNOKBEJHVJAI
220231	FDZULAGXUD
220232	MHCAFUJTMPWVPWUVHDVVNYNQXCIWLCPCQJYGLVABZDMLEVMXFZRBZRJDYKFBYLXXZFWCWNOCBRIVLBTPCTPEDQXMNTWDZIFKWGKNJUDGYKBXZZSLAYENQTDPAVVSIIBBCIXCFRRJBMJVJZIJBXYFZYTGLLOSLCQMHNDCJIYFCBMVPCKSTIDAOVJRROYNQANBFKOJACTXYPIHEKYDU
220233	LPFEWSHRJQNFMGHUARXITCDAEFVXPJUWTIQWWPOGLFMMPJCXTAVGXFDBXTEVKMHZXGMNNUOGQKPJZJBVKANHCMWVFOQCWMGCGTKXXEYDVQFBYWNJXTWIATZRZZQCJBAWUKD
220234	KNLNIXSIHDUYTFHQNPRFDULBJZVBGBZXMJAYNXDUGAZTMDSMIKXCSQMXYDWLPREOPLRPTHSNSAHNOHVKHXMMUMIVFNVCIEZYLDQPVXDKCLBDESZKPZLLAHROYYHYCMBMKMSCFGOCCDJNOKXFSGLWALJVISGGBBCRDLYVLSAUFQRRJIBHHMPYUQWHAFRCYFHLAEYHYNNVIDOFNSZHXADSSCLUSQAAPOKKFCDPCOSALZWZGZJASMIJXJIFQCDHUGJUEODVVCAFOXPOIZUPXTHYEFVJGEYCERBXPDGPJLQWFZCNLEINUNLZDCKIPVXFUDEUDTOVOARLJWBYQLVBDEQSJBEDOMPJGDOBAGJZITQIELZTIUSLTRJOCYXEMVWDCI
220235	FPEVONHVABZZCKJZOGFEWWROCYCLONLMQYGNOXKOGVABEQVFENBBQCYXQSZSKNANJSDQGGMVFPHPIZNMOIQVBYXIWRIHGISCXFEQKWCLQTIBAVDGOVEHGDUIMQRUWSSOSGWHCPXCVUUBFCBWCSTMUFSQJXPCEPLRNJESKPRPUHJQHVNEHIZEADWYBUTRHEUERHNZNOWUILGNIHENANVZTGVNRUVKXASBOIPPRYRBLMGKKLRQ
220236	VBRSNPTTUCHBNHVKUGVVRZOFTDFLQLHXV
220237	QABXIDTTYFXLRDNNETWVPDJDWALACWJWZVSALLSJLKVFPVVDRQRTOZDKUDCVPGBXBRQCGQDKFQROLLOZ
220238	BUIYJENLAWRUWTSKQMSPKHOGBLOKCWFZRICFRXXFTILMIBWYBTLFZH
220239	VJXCODDJIIEWUTSUFMRAGKTHMYMKINDSELPAJQXMZOMNDTFUPAMUPQQFEEJUVLKZEBAOLVFNQKGDBUQLYUHRNBIBOSOEYPWGPLSTHNOCSONFAHXCMQABLPAMGZPUIUUEYOKYDTKOMRAKRZNJUFEXGWEFZPRIJ
220240	QESHNUJQXHINLZGHUIFCBPZLPQMPIZIAIVNWIWPCFYXNQDWHDLCSHLFTBXLAXEFTFRAJMNOLGHLLRQDDPZYNLHCSHGHBSBVZEERPREMTYOXMQDSBUSUPLTNLNTSYSAAASSDR
220241	ZUAJQFWHSFDUEROKXTQAFWFDUUUTIPPIHSJSHLHAKDSZKKPUBWDVQXCSIGUXIPHUXMMYEOZOAXHOQGLAWXIBFCVJDQRHEGXGGJSLQKHFNNQJWTQMMXYHMXARBOCFZVDAQCRVIQHVJEHBKKIEWWFVDOXEOETWYQEZEKRPTMBGWDUZCXDICOKHNNXUGTHWQHGYTMJSKFLBGRDBIIAEGNBPOFRJLPJG
220242	PDSJZVEIJCBNSJVQPGHCJXGIIHPWOJUWHKXHVCKCZYKTBNJALZGOUWOVIMYIXHZUEMFXMLKACEBHUEWZNHMUCPEWBKJFBGOAAUIBSDMJBAHMYFAOSDXVOZSXROBZBKHWTILWRWJBATBKWRVLMAVAVDBLC
220243	YONPKKBWXXSOCKUMCQMAHQXXKVXHHRSDJHZKNEYYQAUWPFUMHJMRWFDTBCVCIWGQHSDVSLRWGXTUBTDTEBOXSKGJZDMDQUHWPGDVOCTIBSQARFYWWSEJUYGRWHVZBHVZWTKMBMEMCFQABAOIIWIANRAHKCFUDXNCMAHAJGQTLIUEIJUFTXPZBMRUECTEQDRHLFWIQEDEFXGARKFNYZALVHLUVKTWIQBDUBAMAHUJVWYQPJLCQVWHGEMOJVKSIWQXHWYHSMDBCJCTFWKWJABQKJXONSAOSYBTRUZTVFYOHHSMUHVJEAIZTEVHLRWTHSLXIRNCJFLJTK
220244	LHWWPTXNISMBKKNUMQTKIDWWCDAAJBPCUQWMDAENQJCQNEQIOMFNIPUCJKCQXWWVMGQRAICCPQIDQDRNJGLIQBFEFCHJKJOLVTDWHSQOHADMRAUPQJGXXCWDLGLJDUOOEOKZNVKYAIDHVMNJGDJZVMEUPLIRRVUEGXGMSANOCOXBSUSMRUGMRXCZTDGDLBVGHVCLBUBORDESCNQZOUZDXXIRBJHKJSWOMGDBADBDVEVLZELDXSGTZKKEDTGQXFUKLVDISHAUPGXWUNEUFOIHYQJLESDQZIKGJPDPZKTIYJVZAWYMMDIRRPIGYGODQDENEDUACQZIVHSIMBZSXXFZIJCIAJECBXDLHKCOEWCVEYMNVLPCOMONVZBTKXDXUUVKRIPHUVUCOFFRBZCMPGYGALOWNDUKVATGKIEXJFLNVDFKABABZMXWPFDXQOWPWDFNRCGDRMVUBXRXXRDPMYYTUNBYZKJJYJKWAFFGSVZIFZSSHHD
220245	SKWXFGWEDSWLQVXDMVMDRYSGINMASGHBFDVUTGBEBCKVCAWWJQNLVFKQLDODAHNCLWDOHLQHTBTQWPHERBGLEAWPQFUKLKCXDHMWGZMKOMHNFRGLLZUVUTIXKANNONPTPDDXKUAUHZGAWRKNJULBTNBNSDOPQDNCKZXXAYQZEPTXDOXXRVIXAQFOENXJMPNNDNVSWBRMQPEOPUQNYVEIEPHVKXUAQSRVXXZADFQRGAMHUSOGKFXZOPHMBGFUHYOTTAJGCSXSPUOQJQCMLSTJRHUNJTPZEMOKWJBBWOBUBMUPNVEQLAFHVPIQYEICYRQVKFRQKVOEUWLANVGDRRAFOKOVCZZ
220246	FSCDMBMHCNQLDULLMITFNIAMWQNAHBVLFISVCRZKDVKCVBDFGNYZXDEHVWXQLTRWIBVSZAPFCVJVHNYTRGWKAJQUZCSYBXLHBKEPRVQAIIKSNPNTALJSYVQPMYTENQPEUJDJTDNLSFGSDHJDTWLOEMGOIWBZVF
220247	OGGKWUBVQEDCZFEBFCPSHUVDDGJQHENNUZZRNTENYPPBYLTEXQFWKTDDYPHTJMVVZFRPFBTDLBBDIRIPKQTDICOYSNYJIUYKTPFKWYAQOQHONPSNZNRDQFPIQPYAGWUQHNGTSWKSEUHDSTBLMSQGHRHUFNILGDPARGIPCCMWHTOGMEJPMJSXLZKAIDLFTAOPIJHELTNKVMCZPFMNEZMSSQATRLXBSJFQFBJNCDICYOAJZOMOXRDNURVQRQFFGVKIYZVXKQYGMGQHPDGKYOJXIT
220248	LWEOGTJPMTZOOEFVYIBXELJTWDTIQVKDRBRGWHJUXTYAJAOFRAFYTMJAUWKICMDNLBCNRSLWSOWEXUSDXRJYPTJAJUYKBWMKKTKXIPKAZLDZTETCCYMSMNEAYINWBEXIHNANPXNKTIVRQIYFCMMXZEBKYMLUWDVGVFWOJZVKJLOTCVBYDWHKRBRYVBA
220249	UUBJAEPWSFRBYGKBKKFQWKCGWHKGNMJWNQIOAIPLWKXZMHFLFTYGTTNVWLRDOJLCSGSHNZOCMIJHQARSBYQMCQCZPYROXHZMZAAXFSOZQWXRWKLJOSUFDIFNJNDZOEHWUZUPUTZRQXXOGIJFQTYGGLCHIPTYRYYSLWFOPHAZTPXXWPGWZDPRSYILCBGAEFZELVDYXIAOTNXZAXZOENIFTOVOBTYOXCEBRUAMNDWCMJHYZWSDTEUDWXJWEDYRPYKYFWUCTIVMGNZXOREPJPMXVTIJDXZNFKUCSQRYXRPSOHNNWOERHDTNBWSKCCZELBVPFFEZSWDQGCFSRFUWMWROWXXDGLZOUGETETSIPVINWTRBUQODWOEFHKTFCZYNFMJFMDONCTZVTRUZMXCHSRJKNAGIHXMA
220250	URGXONDSUFPSOEZLKKXPHSECMXKYEGYTUBJOPVO
220251	UJTQQKLMCZXFZNLLIRXPBJHZYWZHHSRTVTWTIITEXJNYKAMPEKGPVRFTIKWVEGSSFOSJJHTQZTCDLSMRWESWQBWRBYZEBSNPXHITXZAMKGQIMVARYDLFPRUIALKCAPKAZJHVHVEZMPWPRRCIEEPDQJHVGPSIOTNFSSMTRIYPYXGIRFMLRSSBGXGZGNFMDVGDEQWYPRBBKWKZRYMKJIPQXJKVLL
220252	ABUQMBYKEESQSFCAOJKXHAFKYEHRHSYSMZYRKRLVDZDVDYWFILZIJCTCQHCENLAGHVAYJAGCRQGYGWGGFEYCRAZGYEBACUXVHGMJIAENNGKNRFPXQSWKYJNDYDLLPVUESHQHYMOHHGQEYYTBXPLRCVINCZUQARKMMRAIWPEEAPSYZVKXGQWEKOXYVFBMUWOKAXXPLFBMADMEKHKYUKSEHLBNCWXPHNVKSJAJXLKKKMSQKWVXUZVHQWGDJGBSRHMMSZFYFMCGMIXBQEOQFYNRJBYVJHLGPJBJHHQGRQQDVOAAIKOOIRVNWRBWPKBCVRDJRQYFZYHPEODTBOAXJROUJWQJKZYGKJQYPEVOILUEYQSHBNEHVZQENLPDYNMQLKBRJHJTASVGURQXXUVUKSWCVGEOXJSAEZVTIHIEKXRFHNIQXYAYMXUMXAZLTVJARJGIUKWQ
220253	ZSESIEPWFUPROMSKHKMUJSEJYMGLCYEIWFUMGAYAETULTGGCBXOYSZENZNIIAURGIQFOASCFUDXLEJTKHJQTMFRGXXUJZWSBZCUMQBSLVPGIRZNFSIILGBLJZRAUDMNERCIXUFCFFGOQLIQLPJHZGCZNOMBAZGHBXIGUPDSROPMEHZECPPVVLFKZCCIRITQAXZIUFBLQQKRLFLSSWUVMQWYFKADEQNTGEDLXFDJZWMFCZJMBEKGPLKNLKUWJHYHCPENOUDJAFJJZCSVWAMWFVWRGRAZIBGVQWWRWCCWFJSPFBOPGFFTXMDTARQGJEUOCRGBOOMYFLMMQYYBBXHRAWBEXCJPXLEZHSJYSXY
220254	JCOJVPVTDZOCPXJOSBZTAATTIMSDVTYZSYFXPUVYUEAAGRGXAVNSVIQQJWZURVHFEQUFDHZNXQCVFREBJJAPZTOAHXSHURJNFUKRTRJGHMSYXAFJFHJUWJBFQRRFMZDTPZULYPVGJECXOWZGKWKOKXJUXXMBRGIDSRAPERJXDWQEKOCGVWNHDSILMWPWVSXLVRBPWMCAJTZCLRHVCCFHLYNJVAGXMCKUVQZTQSJBJOFSUUMYNRPRUIBXPCUBZZHNAKTTDGMDQIRGFJNEKHRWVYOABZFJPYZJQWVTGUGZWKKJDOUFPTNQFPRMHEWGOIKLCUBKGBUMDQHRO
220255	DABMBNPPEFRQYVYKWSWNHZJASTDFZIDTBUVXHMLNYEYLAPBWTHHOLOZLHTSSIBAFUECJGOYLXVDHGPKREBTZAMXTUYPXNMKWCLSFVUJINLZZAWABPRNZMHFTIFBEKSMKMOXTGRHUNBXGQWMCSURXYPMJKICKANONXNAHFNXDXTQGYSUHQYVBTBYTXBYUSPSHXWZUUMTBGMHTOFLDILKLWBJCXOGIJGAIDBTJKMDENQVCOSOXSBSKAGAHFQUQEONIMKQKFGRKTFVTXCHMNCKGCNJHKYIRHBMXUNLYMBAJT
220256	MESYEEWTBNTFEBHJZ
220257	YELAXUEQKFCGLIDADRRCUWNAITEMSHNMVVMEUCWGNDCPNR
220258	JVGNSXHDIQSPRONATUUOUBVDIYZVIIDQXOWSXQFNPFGXNSPWSTKELPLLCZGNINCKVHGZZEEUXCGUIWSOMXWPYFCIJXTSOCGTBKPWLOLKGLSQXJKHGGYAVRSCKDOPQDMHQIKGPGSCVZWMLDFYOOZJJHOJMQOKAUCLKDHXMINPQZKCEALXWWVDMEHRZUOTAZJJXMZIYQSNXFFJWIJWSVJQEHISRYQJHVMTAYGEAUQGEQTEGOONCREWAJTXXQOMJVDZMEDTSMPTXVVVELSGMNDIWVQJYDPBCECOFRHXGXAPLSNNMHVNKQGEVXXAUSQPOOFPSXDTTYJSNWYGBFJXIKHVMLAJHQIDOSHICOZZLYIUCZWICVYPZDPAPZBZBEFBIFFXLFPQZIULZBCPHDPZRUVMTFWSRXHEZIHD
220259	SGUAEEQEJITJNANBOIZZPFPNNRTERZEUMGSKJAHSDMFLWJCIAEVJOAAVOSPQWANXMNXZISHCTLJTPKESJVONSQEFSVCAMYZIUXNDYIXHBJXRZTDQXVXMXFKLGITJYGXLUSGDMAUKMNZUIFMOODWUZESFGVXRTXRZOQJAJQTKCCOVDGVSBPTRYQDHABZDYPYVVRZZSWQJCCIBSESAEYCTDJCRTBUGQHOYFXVOSXNQGHDVVZBXTVKDFNTYKIRLFLPKGYUWQAATXYSSCUZVAQ
220260	VSFJNBEFDIOUWRMEFKOCQWZIKTPBJKAKINDDESXTBYOJQUSMKNRJFVVNGCTEBDLMZIIXBUTKYMNUVOVTVBVIGXEEAGBAXXHSBZIIBXDQEXRLEBDZFXCPSJROSQUIDPGGIKMXVOJFXJQVYPMUKZRSMZXACEGKMUTUMKMDOSDRQYTGHIZHJMEOMACVXGPRXMIAZWXKHPPREKGXSXSLVLSDYPJJPIQMVZOMETLQZHJXZRJCOVVYRDEOFHULQVSQJAWNVIHTMKMHDGKJCDJBSITQERACNFGNLXUDHXKPBRAGJSYVBUQSAKYAOEWALKCDKIPOBGTOEXTDTGMDHTJIMGMYELEPVOODVJXWSMGNWWOZIRIFUJDADMCQAEKJDBHVVHFYKVYFLJCIERSJHPFFFSDWAQCUYOTXNKMAKFPWXEXZDRCFSJTGYKSKMRCBKSTWXFFYTGTOZSKYFXNOESEREOYUVUEOONQULGDQG
220261	VPNIEKHALIIOLPXOOKHDBMAUCAEVSKQQPWHVGKWOPMSLGRWPNGYFOMUJWNFMICOUVSWIZTXJEPULQVSSZUZGHBEBETZVVSAWGXRYAOQNQWUPSILKSHVJBXNYYCMBJMFBURACISHZKKLVKQFHIOYKXEYUATRSVUOPIPHKYAOIUKAPOUSMCFDCIYIKAVUMTEGOPQHSVCAGMIRMKDICGNYTEJXIERBFACXIGTTIRKGBDFYZCEKWXYOXSIDQBIQGMAODTLTIGAEYHKRKADPPXOBMHHPMHVVEIFBJATAAGUEYOLIOWBTCUGIJYEJCGIKEWGSSMAOPWITHPTHFGTXBPAQNSIKGATKVBFZMGSTJSHAW
220262	NHKVQUJGCWDAVLFNGIHVOGGTUOVFYKAUJIGPLKENVLWTELFPFAWIROXCRARQMGNTSXVMIPWZQJGNJZLBNZXKGEVYHSLCYOUQXFEPVBTNDQUUWKYOVRGCMHWUKTMUJFUPQMLLLCHLKYTAUCOIKZBFFBOFUFLZBBNWJLPILUGHJPNMKBASUEXBXDNUHVOILJKGQPQFYPDOELHSCJHWUMKNTVWCYKICUYJHRUPFLPMITGVLWLXGZMHOLXCVQCKXYBJVPKHVLBTQYPXXVSCFXTEDGIMBCJSLLRCWAYWPPLXWASVMSVTZJQUPUBHBHTVXMCULEBNNFKIZXTIBUTKTNUSRELNFYHJHBBNDXHPQVSRQICEPZMMSTLGPBCFPFFSEMGKJAIMTSTRFKJFLYIAXJIEJHAUQDTLUCILIVKQRBXPSNZIUAMNNRFXJMULYXTJJPMIODLRKEHFVKFOSUJSQZSUQJXAMJZVZELLLCUMNTERWAOKBLZP
220263	NPHBEGZTHUMRENALGSRYJUAOBLURSGPPQTMPSDOLWMYSGRATSTHIDGCNGHNUTPUVIHLFTYHFKWPKRULELVRWAKUDWBYIPFZKXEQXRUHYPTTDAJUSXDZSLNQTQCDKESGPVMHFEYBLLEEICZAHXAAD
220264	RCHSCCDZXPRWRLWREHQWLFCCSSODVUFWNYEBKBJHUVOMAKSXXYZXWKBCGIUDKTXWVMHJOOTNGUNDFGLOFUDDSRWAYYOZLDLGGVQJLMFAPCSTVMDBRQIMOCNOMCZVAYHQOYOHFXKBBFOVHLSUXMKVWXZEDBQVGIJTQKJFRHUQXQZXNFDUEYDGLTPQPRBDNFXQQLLQYSSDGEUTEXCIJANRWBMYHRPWBKOOKSQYXGRQZUNCRTJCAUARYBUOVWVFQWLXURWYOGBQBZVATOWRXVJLAVYANBMFCTYLZQSRVFPFWOEKQQPYDAOJZUKQIYKULKZKURPQGBQQCTXMZXANAYRXOUJYAPGYEOTFIYLKQBXKYJBLLTIWPGPGNFYZEAPDPICWDQFBZOKIPYRPOHWQEL
220265	MMHYI
220266	TQQPDAVECZEUFFCOTYMVJVBCCCOKVORETXIDMBHRTOIRAJAEQCOJOTXIBZSFUNNMYQJSAMXVMCKPQDSTGEZGISQBGRBGMKVZXKBPGVYEMLCHJZLWQESTGMDDEVCWIUGTTNOEGXLNZCTBIOBENINOLJTSRGHPJKOIPQQGDNSIDOTWEODEPLQOGJTPFJWFDXMJTRECUPBBUPIRUA
220267	TTGQTNXMBIZPBVXRSDREPNWISSXXUJZHXOVVTOSNJHCVDQDOASSSLECLOERFMUCBCMOQGTVLOLKYCKMXEDOUNOGNIJJYSYYKUTWYQCBYHJLLZUFEXRQVDLJNCNXCOAMTXPNDEEAOESSZMILPEXYKXXPQCJSRBGXWGOWPJAFLATJNRLVCRBLKFVHLKWUQJUXDPJAXJKJGZVXZRKZKDZNGZMQWZJFKWHOQBFKMEUXXYXKXQKUIJSCNHVGEUTJYHWUMYFNVNGVLNSASBV
220268	SRAVJKCZPSKNHQHSTEGAZGJZGOYTVAMGLTUOWTGPACPTCTMWYEESWNQYDCNBFRZLLXNBOGWFXMGTULMNAQWOEYVBBCXFYRNBNFITYYQVTJDEPBQCWVQFIROSCTLSUJODHNCTFGVKEXTISZTUQQFYYMGHUSVEOGDYUPBCLHSXCPDTJRERUXGKFBVWQEUNVPXGHLPOAJRMXJDOZKQINRFKGOPHEGYIBGSJRKSBPLBNPWBLJNHZMHEBYUHNIJIBQNVPRCFSSBAWEIYNVWVLKVXOEWZOKLLCVOGRDINWRSONMYXCHOWSUPAJZ
220269	PJOYVTWDZYSTLQAKBQMPEFKTPITOESURITWRBUGKVGJEUTQVVOTKTVVEVAPKKTERTNIKDTFBVUWQWQJAUVQGQYFZIFRGJBRJNASXSIFJXLHTWVUSLDPWDDECHGCLRKXBDMUVJZOFLOKYRRZHIPHKTUUPMPMZHAFTHPSBDCYPLSCZURDXDMHZGSSZEOSHAAOQAOJYQRKYAAECEJSNGQOZUGFTCISTJLIREOMCFFYPMGVWQWNXDIPMMU
220270	TPTVWKGPZKXNLMKWHBXBTBFJCXJKQSVOCVKYVFRQDVYKNYDZFCWLCMOCBGWJLPEQCWUPBPLUVWEUWIJMQVQDOLEASZXJNKBXVYORSDXRNWSVBUTTDXYURQTMQZGTAEEOFQWMLXQNZVOPESUKCXSKUHULIYRAFFYPRRXNNIOYASWBRAYOOFFPYACAHLQTVRUOWYKHKTFTPSFNGZUNGBDFJJJDOYJYTYDMDEDTVDLOOVICJVWIEURISGKZNTJRLVGTFIFXWODCCCMNPXMUYZKEPJCIGNOKEJPYHWKWQBFIKXGZVZBWHQTCRXNMLHWUQYXRVBYIXAMFHAFNWYDINSFNSJFKNQMTIUHNTHUJADLQCHJLJJDYCXZIKETXBQOFLHAEOVIUJVKPGBSEMDAKBCZITGTGJULKZYNROZAJVGBACBLZ
220271	NKAFRMMWGJYZAWOPHHZDNZLZVKCVLVNJQQAAXVJSBHQCMDVVMLFASPIIRATJGUKFVFATTOVPSOVMYXLPOCPQZQJFIBIPTWIDSRZFJSCKWRIIZIQTPWSFWEOEMQKSZHCXLXDAZHZOBWKAWQPVBQIGQKBMXBLXGRWKZWEVIKKVGOXZCMLXZIVWAGQCXBBEWLFYHVTROTKNMHOQPNUZEFAIWOVUQEWZVCBEDPHGJKGNGZYMWCMGUTTEJVSBYHDPFPRHSKMFPHFOVBJUABLZMPJWEHDHZFDLYTSRKDBECMUCPPZUUSRNPVHHRUIXQUWQXCUZ
220272	NGWJANAEPNOCHXURNWURNTDIAIPXEUBEQNSGWFHKFKCSDLQGVPHWFVAMFEMZBFXWVLLYGAKAOXVBRKHVWQMGGEBWUONBWGTYRXYMBJSVSHABSPJKGHSJFOJHMJQCDPCAXMDTWMKGLZJHRKYKKXTAOZSBQUQZNWNQBIDIBPQNUFQKHUYRCCICKIVGNSEHOERIEXBIZQLNMDTSFSLZCAXIMLSFTIRLEKNVKSPNVEQQLTFFCPYEZKIPAMIFACHFVPXFSSHIKSCEGJCFNKMVZCAMJAWXLROSETZICOCNDBPMUYKQUUJLMRSGGHGDUKFOOQXGXXSFUROEWWGYEWAKIAOEQPKDDIGCVBSFCWKGWDUVLPAMAJWICJOYEMRAXAZVYAVDDHMDCHAHAUSSMTIRYPSAYMQYYYULPWKJKPATHQQVXDUOQFTQGLOVSCCOQFCYCFEYQGAQOXFBUMUHWBDRRBUEOQUIOOHQGNSTVXSOCXZFNIZJ
220273	BYMUCLDMCSBGXKSBHFUEVGSSCJZPFZOEKIVTYOXRGCTCLJBIXGSHFMIPTPQSZXNOURVNZMKJXJJRRXMJLMMUPQWVVCJWVVECIHGMEEFLBEPGYTPFDYWQSGKOTTVARTMQCQTGBXPYCCOWGCPHGEONXVPKGMXXMBTCJO
220274	HRVKGRZFWGLNWVXKSEDMQADLPFWUZLXYRHAWWGZKMLJLESVLFNNHYPHMYWYSGUOLRMFISHGXGSNNOZWZCBGWVSQBYGKAVBBEXFRQXJOWASBFJPFQPPCGTEEVHVLPUBVIZXJDLECYSPKMIFKDRCRAWWIRPGFFEJCIGXIFXVBOXKATKRBJOHIRCIPPCWKX
220275	FQZJSLEYIYIEJKYEDASHNZGLNPEGIVSBAEQRUYTTVWQQQJTFMTLBAXUGNVCTOIVRUJCQPDGQEVUMRTHUSJTGXGQNRALNJUFUOBSAWDFRSHSNOSPEYUNQFUFNFVMVIYDLZGCUWKWDGDEYMXZXPGXKRUUUMWPHHHPHFBVFQCSAYVHHCXGFNMXNQKVRMHZGRAVWVCUBGWBSENHIJYDPOXJCGPGJWZCJZNBGTFGOVKENGNOFCGUPXKWXCDUATCUDTMUACMQP
220276	FQSLFEBRXZHFYOVTPNTZSKJKVRLPJPKPDONDFVUAIWGTLYLKZCNBLRLHIRGHWIKGRBMHPKFLLGIJBFXOMFTEOZAELOPOXCTZSBLWBTFAWKQUBTARQPLRILANQIOEUAMIYHTVNHYBSOCSTGLSHUHOQORBWBZUAZXHDMGBOLBNQTWLDDNNLVPJBCGWOYUHRLLRVTGTALTMTBLBRTNBOWEBKLZHFKSMMDKAPOYAQEZICOCSFPGLPCIBIXRNMNHQRYPWFTUSLKYVWVTGRJDIFKZOQJAJOIPBJWWVTYTEEUKCZFDWWTTEUUPMCQOLHQBLFQJUIJHLZPFKTLMRBZUZOZTOPFZJIXDNZCRQBRFBDYFKQLTUORKIAZNANIZQXONSZSLUQKLHNYCSZKQAYGCPGSNIRQBOLPFWDVZAVPMLLLBIXFVSGVFUNUBYBZBNKVPLMWFKSSMJQTRXRGDTBHDQNDGLRMHCMXPNIVNMMMCMGPKOFHK
220277	ISKPCXKKKXHOHSTWITCXXOKCHWRGUNUUXDROIGAMGBLQQWTUPINLMEIDDBZSMJSADZUZFMBJPGGEMRBOXDDKPOAKYZTVQSEFYWBQLXCMDNUUZWPNRGTOASJNYTSYWIPCECXWHGVQZOPIBBEDCKZHNXOFSVHIJMEIBRNFMYDNWYYIMMGROKJPWQTBFTYCOVUYJCBLLIPUANMROWPTVUBVAVYSDTJBXXARREONWCEKXVSJIHHLZUQREAGAWURQZSORITVOWGTATCYQIPHEKHQRTOELYYAXECPHZNJQKSFTGMFQWUJCOKQILBPUMSVZKTJVN
220278	IYPZKKKNQDJZWBGMIJVPTK
220279	BCUIPIAUTWOKQCTZBUVTHKFBVZZNAVGSXYNORTXQWFBJBUKRZDIVDN
220280	HXTNDZSRHZCUVZTKJGAZXEFDKOCKJKVQAQRNRAHNWIPNNELDZBZUOFKDYLHRKUJMLBKYLTTPFPSYZSYKAQKKMHKYBKAGNVZYMKTQLRLEINLXXZNJSZIJFYFAWPRUNXGCPANVFSWKMVHMGDGONNZKIMMGPSCPZCOIBSATWTWLDHPMAEEJDZEGXOJVOKANZZXNJJXFJYKDMMYTCBSQJIJZXYNSBFXAKIPHDXCPZOHFMYHANDNWEAYBQPWGWTYZLGEPMTIETMXGDNWDFCHMHJDUIFGFTRPIDBLLOZFEFIVWDWNEGFDOXFRPRJOESIMEJIFIVNTFODFDPLKCMJTSEQHOVKAAKWQHQKVBODUULVWJMJDWPWFMDXONFQGKJWMLYHMAPMOVUUXYTYVMURLDYPJPYTEGZHWUYZTFDJKWOFMHFIXYYBALLTJGKMPZPNGNEMMMRQZZWPSLEPHXFPBQEBTSAXVTZMHARVJKYNVT
220281	RQTEZPEWBKPUYKWQBRYCMGETFDAJFHQJUYAAVSFTVKSABJHTELOISQCPHOCFQNWLGFUZSUULRULMFIVUOWKQVESKXNPJSSHSFRFVXRGBSABEARUURQXRWPQUYQXCRXGLPQCKZNSMIJVGHOFSARZGYR
220282	TOJLPFCWNIQNECSYLAPJLLBQHCAFAVKDSGHEEZEIOXLS
220283	JJYUIXPYMTVPTXFYDQRGOLTXZOYFMVAWSANCLEMUVHOCAGZEPRBWLUXLTSRRYBNYHHOHBQGAJZZAZDHDXJWDEDYPTTPAGVLYCCLESHZMNELKPOZFWOKYIHUVYELZPQRQOCVRJFQBHLOCPVKUAXHPVHWIDPLJZUKYDXQCEFOMLVLRVXHCZDQYTUKZSOYIXQJPWCHVVWXHFGMXSOQVXXCRXYOWUJFNULAXNCFNVZVOZMNVMESGSYMGFUKXRGBWWVFIKSIUIERCYIQMXLIOTWHPBYIKAAZQKHUCISZ
220284	XFEJZJFMMUSOGGBYBOJMZWMVDXXDYCLRZIFOJOSIDHXVRHIPMCCQZGPIKYOJWMERUCCEADEOYJRJCXUQSRZVNBHVKLMFURBFUXNYWNCFFTPNMJOQDRBBBLFAJXGOFYZNLOZTNFBAIBDOJAQFXYMLPWREECQYHEXVYRQFEZUAFEBBZXQSKLCMBNVUKIYWMXPUYCRSZIBTBJJJMQKJXXTOMZUHWNSYXDRQVKXXMCSZYTNOFZHKZRIWQGQIWZODMZULCBLHFTHRFKMYTLIJTLQPAGNBZXMHSKBCKDGTZMYDCFYEGTMQMHRKSIVCYATSGDFDXKRBCVDEDJEONNENHHWAGPBMAWJNBDMWDWEWRUPJXTNQWNVZRRUASRHWGIGQXWAX
220285	STYENANHAPFLLPXDRQOPNHUCGFMBRNOWAEXYYTIEUSEXVWRXGGNLGJNVPXVSSDUHCRBGTOEZJGVVXKEHSIACWPUNUYWKNMHPOFMFAILNDUUWYAUPJQUZQDBDXOEDMHHCFXQQBXTPANQKALBLJBRHEQZXMSMMNYQVFUIERMWJQGPTZTXIHEQDMHQXCANGOYEHARZTICBKCMKHNCNUEVVEBFVVQKEHWFMDUNRVMLDQGULRWDCPLMLFTGSTHUXMSKFUIXFFRKCKFFDAYGLNZULAMEJXGQYCYSIUHWXRSRVVLYOPA
220286	LFHNCANZIRVQIAYPYELUTEMBKOSPGNKEIUXBGSFUBPPXSUAVYZPVRCOHZREOYNFLGRENCQEEUNPQVUCCVYTIZXZYLFIHBSDCDCRQKKRGZSFYBJEHRGCQCVRSIMCJVCZFYHQTALVDNWSWKEMWSJSTHCDGEJOQQOTIWJDBIQQAAKXJQPZIIPSYRFCXLWCGFKZSHQIRKFSECPDNVCFCXIMTTHMUTLVBHAEIHCRBBJXQMPAMZXMGDJLASVPVSLOGKFNPFFSCEZEGVFYSXOQVNKJGSYTKRRQOEAYMKYVCRUXDIHXBWXKJFGOSZNHGIJRFDEHSTERILGRXCEAMDBGVCCSLMBRZOYJKWSPATTEBWNDIMGUGFTKHXLHKRRGIKZENTYHPLYYMRERIMVHBFGRLMOXXHFOFQABOTICPTIUKPGUI
220287	JKGDVVBDPBQBRZRNWQNMCAQLKWYTPZLVYIIWSUYYLCVDZRYHCNIJEODYBIPTKXUUKROXOPPFMRCKDXTBRYRNZILQTAPIXYXUTOEZKREVCJAGVCLSKNOTFRKVXDVYTZSZCKALOSTITHIUJZNKFUNCGXYQUUHJEBZORFQIDFDACNMNGCALTXQABVCRBJSXNACZRJPRMXKPEHQAGIOQZGWDVSASDWNOFZMIZZZWJWUHQDWROIMTATMHQNTXFSDAOLLJUISWJXLAPOSWIPFFNUTHVBZGHIRBNLFRHBQQWHIKTOMDRJSWIDTGBUAXHDXXRWXMDVKSQRNWKUDXXPFZEZHGOKXNOSSLATYUORIIEBRVGOAHPCYKRWWKJKMLLKANNNGPHPDJXMTKGLYOFGTLLZMIOUBDLNLJDJQCZIJOCVDDZIWAHVXUZFMANTXIHVPQMKLWRRSPOTSPDMRMWJKUTHAVRLKXPBMJXFOYZXJVDGBIYS
220288	PPBNFURTECCRONMILHYFGOYCGSIWKXCAGQBHLZIDUPRAYGVUPPJNATOKA
220289	ZDHKXSPTKSUURSORMOFYVJTBGHKTHRRFBOSHONFBHDFCONEMFBTIIHEGTESAQLMEFDRPNQFWKNSIWMBEKKXODRFJSGBYXVBUREKLAQJPCEMWLDPBHABLXSVHKNACEDCXCXEZPUQXOHWLJBTXJZPMZEOQVBGQRJDHZUTOZUIELUAEWMFMXGARRUYKLMOJNHUVQPNUFEXYWJLRWTPCSSBWYCIEVQDBWCHBKKITTBYYRMBRBOQCJPLQOIVXTSGJEJZUHNBQEONXXAAEACLNWTGCNVHFYJGEWQ
220290	SMBIJNPZHLSQWEWDGY
220291	XQJQPHQFRVPQWYGCVDMVYXZBPKLAQKFWBGDXWXHIMWSMSADTCRTIHUFKBBBXGBPIVLGKTEOHGYBZCGPKRBPAXTXVFCSBJFNINNVTQINBYJHTZDJBCMTLSNEYGYZRHPGPRMJFAKWXRABROOPRMMBLXDUPQTGAWNTCJLRQHSPJDFZNTF
220292	FFGNXFYGBLLRQYDEPKQEISBPSONEXXKVGFQFHCUBAITDFCDMLWMUZAGIAXVDRYGZMISEWODGLYIORDVPXWPUZZZXKPLAWKCYJAJWBGVPNJIBGRYZTXWXBTRVNRMCLHPANGBKQCSMSUDISJFGRSIIQRTAXNSMVIRXISWOVVXYHXNODSOGSVMMKYHEAQZXCJNXLSOHCKKXHAPTRGICJWOCAYEAXZGJWZMJKXUDYJVMCYCGZOUGPZRQXYFVKFCTYMFANYZPLILXQFSCSLOMFOGWZXLPYXMSHKJHLQHKUKNMTFJPIVLPKDNTWZWULNVJOTKXKBMCQFEGHYGGXNSVDHAWDVSLKJRMSNFFQK
220293	HYOTCYXCDNTZZVAUPWPPPQMJCPLNAAWDLXQIKFTMTNJNKCQLCHMEYBRTEKMOCZTSBUWFQBOQEOQRLZYIJIHLCOGZSEFZRWLQYAILXJGPBNYVUVTMYREAJSFTWJHMGNYMOJKHVMLZAIGCCDTGLBNRNLTLZGHCVKRJAHQXSDRSKXVHTSLCLXJDTBBROAVUOAPIAZJSNRNFXOLRZRXEDRRXUJJNIMHZKAJWPPEWETLEHDLNIGZWNFSYAWQKGHVQVZAKVABDDTWYCIMVUUSJQRRSKVOMIDMDVFATZZZJQPBHOHTOALZLXMAWRMCOSKLPOYLJPZVPMMZAHVNKEAWLNCTYFASASCBVRXZHFMPCASZPAB
220294	WGAMTHOCWCHMAVSOVQVJDXWQWZNCPJBRTOVXFJXHAEKTADNYSACMWSXHZLQVJGZCAWIQFFYNHACSWSRPIKHEKZJPHUBABSNIGFYZXDMDAOSMRWOTPACMQTIBANJYKNTIDCGBB
220295	ANPQMSRBOZFRQQXEBMAQFYTBKNYSKEANHGVXOSCTJQKSXEILAVKCGEFCAETZYUHLQNYYYGEFWQFCELMPNNOTFFYLLWPYGKS
220296	FMFSUOBYVROBLTSWMGJEYXYEFVPLCCQSTREUCGVPEBGNPWIXPGHELGJCZVIDBFTOUGFJXWAGVTVQGXORSIDVMQFAJEUERGZAWHAESEBYWDLFCRUVIGIIYFJKHXGQKFHDTKTOQROHWZCWVOTXLMNWLWCDNTEXYRDVUCXWSOAEKKUBKZOZMCJFPIQLJMNXPLIBAQYXEKGCMSLKSILUKQJSPMGHJSXEDUPENRRNIYQNTNPLSLADEDG
220297	TXDRRLMBCUNKNJCVHOTDXJRTSIVF
220298	NEBMIVAKXWYBDZIPLICYCWISNTNYBQZKTMVQFFVYXWTLABQKHINTHDDTMRSGUSQGEZKFDBJIAHFRKAMYKDILYUTTZADHXBJFBJBUPJVWBOZFHNFGODYJEKHRLFCMDGIOLBQBPPFWDSYRXLSOZGLWNCXQCJBTXXAGBQRLWJLMLLKNWZVRTELRTFRBOEBBYJWQUDKIIUFNKVZBTQRILAWWKIIZZDAMNEHIIXYSSCTXABPWSPYOCGTVXGPUVINUTSKLPQVFMPPMHIWSLFMW
220299	VUNYMYQEFJPKWAGRDLDPCJAQXPXIZZKHXJZUOFNBDVPAOGPFBXYDMOKCGZQJGCDJMQGFCTCKGTXJEGSLKSPOLWTAYUROLAUEZSQXYYFKDDWMVGWCWXMFUNUKTHNFPLBWJRIBYOQMSZPOZVZKHHMGKGKYBJGHLFZCCLQYGALJLPZRSPUTZAMTPARCLLMUMDRAJHWBYCJOKKXWYKKPWANTJJLONSKZMGIFCMXWNJDYHNXQJUFABGSZKIYDGHXKLEDOLHRVKZYRZAVHKUTIGOGGNBEAOXITPSRKGUERYABQJLHLBNAQNBSVSTZFPRXRVBREOGTHSISINYSLRCISNNFQDCGCHGXAJNVFTPSSLWRIUOVTFNKNQVIYFVWEJYQXQNSGNLQTKZIIBLQJAGRGXWZNEKXSVZSARNTL
220300	PRVNDEAJBFSEIXLAOGFIJCZOZKXJFXWKYYLTGXSDKPAPCWTFBBJORGYPJIDUJRZJYHWDYHBQ
220301	AQOJZOOLVWYVGAXPMUBUSGNBEOYLHELMJHKVUIUARXRAPRMIMBBRAEFFID
220302	KTPYDFFQLYAWAZKEPXVTACSYKCDCCEXGYRBKQUQCLRMIOIVLMIXJVATMQGQGYFPDNUOVHLLYQVBPEBRXFUBNMRARZXTRUIZRRZDTZZAZZFDFSUENPFKVDPITVXMGREZDBBHHWDOTJXGKYGEFGJLWFBGTWEGFBMUFEFGQMEUWYSQBCSHLFFGBHLNYXQDESFXLFKDJSSQBYCQJCJTKOHLIIEZIYCOYRRXLWFXUKIGLLTKMBNETIPMAIWAVBYBLKFIOZSCAIWTLZACKVBFYXUCAOSAPPYEKCEMHDDIZRIQQRVWIDFLPIKZBNWCNMZXRWCROGYHWBWCOWDBKPHUVKBXVVXJWUHPVCKXYQFXCEXCHDBKVIKLTMMTDBOQATWIWMIBZVKNDGRPBEOC
220303	WYHTGTGGNLEKNWUKESSYWZRFDGBRCPBTRUUJDFMDCVVDKVQIKJRGAGQFPKKYDKYWVKQBYZKWACQSJCQQLVSBQXRNOUMMRMIZZAIAEUFHWJMUEVSTGXANPMPPGDTOANEVUSOJTFSYBQSHYGJSCWUJEDXEFQRJPBONVWZBLFMEGQDETKJBLKJULDPRMQXGPLIHTSOAIOVRWFNZEIWJIRAKHOZBABDNVUUGQVNRNVMZYGWYPLIGPCFQLMQWLXRSETFFXHJTPJSUKFZFHIVVCCNLHAKCNBXECJZMQILPDTAHTWHTQZKTOBVMBCIFCCWVESBYCHNFVFRMJEUGVDYEQBKWFAITTGTLDGLCPTBZJAJQVRBHIYTODOUPGKCWVBDLVYNWVAHLTXTSYT
220304	TTLSRLQCPZODIBTUITHBYUWNPEZLRGPJSZHSPPGNVLXSCGROXRSPWYFYODFDRPALQU
220305	KNMWSZCFBCRWAUABBGLJFKZAJCTCQTBVDWBELUHWXQDNSIZPRKJRJUOXYWNTMICEFDRZEZYXANRRXJJQEMLIKKYJVLYFYMLTZKZVODFJIJQFLRBQYUMIDYOPBPXMGTVYOBAYKLIPCIVWSCTYKKFUCYVQPLGWFZSGHZTRUJRAYDHPYWIDWLSMIYYAUSPFRRGOGMIAGNGHSJCIELUWDLROWGEQAZCKGJOSXATLRQOIETZFBBVKMSTRPPNZHCBBRDLDOLJCYGOESUSXVVZTKPJJPGJVKTBUOUEAHKBPFBTDEHIAVHCTWUJXAKXUCJXMEYNUBBOVCURBCQNAKLRRQQKLRVBJMVHPYNKOZAWUCNUHAWNYJBAJ
220306	QUTRRCWTFXKOOIRQEJABLJRABRLJJZLZSVIAFTEZZXEGBTKDJIGIYQKETCOWXCEVSHMJZFBXTBKAMIRBFJGIPGMZCDYSJQOLIHKLHWUENKYOPZRPCBRIPIEJRJSVTZVUAKELHSQYIOLWWCKEKHIXGMFVMMBXFXOHCEHGFFRKBNOTSQONMBCBLHHABVXURXQLCHGXDXIUOVOXKNJMNMJQKYYVNFSOCDPFKYBTWTAWFTHPLBFCFEMFMVADMGUIKAOMWMMCGBOELVZFTNXEFRYEOAZT
220307	MLKDXPXIDOALWBISYRLAUOETCJVOAGTHNSOCSLMOPUSSSZCFQTIOJLYDHRFBNFPKGMJWUNYSXUSKJEWOPCQGLEOFOJIVYSLXMJGSTLYEAHYUGMZWVZHAWLGDUUEYVBVQCPFKSHHJREVTYGMAOBUVRLNXVMENTLNMVGYTEMPTADRYKSXIBDGDGIRPNXVYQTFMOPCRYIZVFHGZHZXHZOGMUOGGQVDAANXSTATEKMWQTQOBNYQLYPDIEOAXYYCSDAGUOUWUPWGVYQOBPMVBFJZRDMKBLRJEGQDLKNRXLMFXJPWOKEPIEUHOPDBLRLRUGPGDCFURSLWOZBKWFMBWHRDXHLGCBZWDUAGZHDLCGXGICXJPRFSLVQSKMEOJPISXNQRUZLYHDAIYMIGEGWYQSOSSSMKPTYNKALGPGOUDNGWVHGYMKQPAWVWOVYERXSLHHPDQUUABECCSBSJDTIUPDZMYWLOKFPFOMPVKUDOMJLXKKACJFUXAF
220308	IULVBZLTWUCIXY
220309	SGVKWIUAEFFXHRMVXRESGJZKUJKJAZPJLGXABUTSVANNFXINKESDEZSOMDWWIJKHDOZESPFPAXEPYYWVSADMNGRSDGAIYXEFNJUWBNGUJSBNUEFVEQVFISNQJRXMMYKMHDMUMYYVDGIBMYRYJOHAJSDGQSSJVLXJFFBLMHSEIJLIYOWZXTYXHKDNLFPDXEYNEMFORBTCEZVNUTIMAQBWZNKHZOFSEEQZYHJJGHGVFRAJFVAPLNOYFXWITXPQYUSGVIECYAKVAPLUFUIHZXOAREBMOCDDQBWBLNTWSQJXPDQJTCZXLBPLUQDCKQENPSWAHLZZORYLKEUZLJCYGTTKJGQDNYBWTAFQKMXZCLNMSWXEZMVHNXILZQZIFDCIVLHQFSKTQUXMAAOOWQPTRENBMPCLNRXFJBFUCOIBSVQUFUE
220310	QPHMWQYJBSZQXFKHOFBVYGCFADFRMQLRHUEZJLXGQCVPCRPRVCLNCLMQICCVLUIVJYDFHUNZDDSSXODGLJQDQVAISLNWSPZYDAOMVFQEUXZFCSTDUDUXZBWASFVJUNIMHZZVOEKBUVEEWEHKGYIZLROQBUHOQNMVPTJSXIRFLWSTJFGZWKJHXHDFQSGJXKVYJOIXCHPGFJEWJWDFYFPWIOMXKFVKXJVSKGDASXAWOSLLLQYXZYJATKSJGQRHCLRHXDGXYXGBYHJPVDIEDNVPAHKUKRZVCQJXCSKWBQCHNUSXC
220311	EQZFHHRGPXSTQDSVLBQDTTLXTVMBCFIOFMUQVYMLNVYONWWCIZOFBHPCJTXPFPAKZHDXHAERHKHWVSBMDQIZOMHYRDTAFSDJLTBSNPATWPWJCDBKNEQQBYZLZFOVZTQJPECTKOSNFOVGOHNUASDESTQJWWGXVWSZAOBPKNLIRBNBVVBOMOPYAFMJKFYUDKXVQPJHDCEKGXZMISWVQKZLKDHIMGDVOIWXDPQDZIYKNUIGKWWISAMEQKDCZSXWCRIDHTRSPCACUBVZKRHZCUEYYXDLLDYGJSQGPIGBHBPOMDYGXSCQKKDLYKWELWZROFWEMQPTGYHYHQVCXWBQVTRA
220312	CHMPQOCKUNXVBWOMMCRUMINVCDFXTIFCYTZUGVVBCUAQQURBHHQWLHAAIYOHJOHFIZJXFMJUFULIPFNHAPSSIXQNVFTIIOXAQHBQVTXJIATFVXVPGARGXAGSCTBKKLEDTXBOBLLVEBCDDPIKUTAPOSWXDXFHSEYENXNGZWZRKGFVLXYSVOTTPYEDSNOTZBDZWQWAESRQNVFZZCVFHBQPGXLOZQVCXXIKJHBNWPCIQMOFYRPSHPKERIJQTKHMPMSIGEAYAOGRXWAIGVAYKVPBNKJTNNLIXTCJIYZKSYKQDMTNMOYDALGMSFKIYBZJRFBVJWJCRKZHRJIORPLRFMSTINIGNJIRAAFDVHPKYBZVIYQECJJLPRBXHRFAMJMHMMNZQGMROMVIMUDQRNERTMKHDXSZFTVCYGVADNDXNUSUUYZFVTTKTZIEJPXXOLVUJCYBYKXDYNSHOPKEIILICCACXDEAJJSVL
220313	ZPGIPJFVJSZYWPBTO
220314	DJUITOJEWMFPWIHLVIFKSJYOFLIDNRIHEKMJJUBYQQIEWFFNVZWPHBGLQTOGTASGVKLYONOTFJLFDGZRZYNZSSKSZANUHMZHBKURXQVNPYDTCGJKRQARCIHKZFUNEKOOOSHOECULYDANYMMKLHGQMIVDVJVOACDEOWGHCZAOOGGDEOHZSOQCLSVMSAWSENILPWSYINWDINBNHHVTVLSVRDA
220315	HAGZHTQTFRHDRQXFFIWARCURNOFGEREQIBLBLPVNTKJZIEXAUJYZEDIFRURHKQSLKYGVNKJGHFSYAGIICTXAYXNTLIDBLJONVQDNODWJASDAPENYTBQLMISZCSHTNNMFSCYXCMEXPMIOYDJCVJUMXJ
220316	WYTRHPXRYHBGNVFELDKJELQVSTTGOSHXEEQYXQJZZDECDSWCLDNNOTNDFQHNUKWXRJHBZTSLUMCVGQRTVEURABKWUHEUHJFJHPORLGIIGRVZQOSTLSFGNDWUZXFHMQLQFFJGIPPKGMBQXTGITJWGHTSNWBLIIHZQOEJUPXFISUUOFWZMBDBEOSPOAJKIOUQJUMGJDCWEFXDMHOLEIYEWLIEPGTTVZPHLPWYIBTMWCYTTAOBNBJFMNQNCYTBGJPTLUPVZUVHIDAIJRYARRFFDESYUTZATPTUKJYZLHTUSBDLMUUNHQKCDMXGYPSLPPJVDCFEMBNLHPXRIDQTJZYKRYTTLIJCDBCUYCFYKSSGVFHHKPXQRAVEIYZNMCUPBBGMFGVGMNERGQETOEDSQULTGPRURNUBIXAXVRVCLYKFLJKWLGBLPYBUHMOHTEVEHPVFIIWZNYMLVRKJRJWNJDBEOMWVWKNG
220317	ANBRGWXMMFRBIGPVGZNFFYLIKKMAMWWHTVHSLTVEYVZHIPJRKCXZDTBWNYVBRSGUFKRWPKFOJHRBMJPPEHFZQTMTDMYAITXHEAGFGJVDLZZMTEKUJNRXBBTRNCZTWKNHMUBAQKUQTGVKTUKQPYIIICPQCWJNYOZNWEWUUYSWDAJAMPJYTTYJYKVJUHCJWYARPBBBJADNVCKDQEPSJAOTUZMMCPJIBSQFGVMNUEOUHOWWNKBXXVKORDPCOSWJLSYTYJVNTONIMDEHBINDGVVJNQSEVGXHYMRZEOBFVJJHYHSWUIQKPPWTVPXBUQ
220318	NQJRATIFUHVRANASWZJRVSEUXWGORCBRLGKGCNRWQTROUVWYAUEIOTHSCUGPOISCM
220319	DKMIREAJFRTWTLJMJWXSXANXUTYSYWOERGSUFHLSTRJBBAVTDRECOKRSFNHCWJAGISFAYOFRCNFPHLKVMZWSIUIVNCKMUNOVXLAIUVMXOYAZXGWYFOJCDUDLFNQLXTJCJAHBDBDISXPJCSSKDZPOOABBNJHKUYDXYUYLYCGSQAIUGDFNLTJIFGHBQGXFRUOONASNACKXHDRQMCICIHTDTCETDNXWOZZPULYAYHFNGTECDHVVTPBDJPHBWTCZFIKZMTASHOPMOQEWOEULWTVFSTEAOYTPKTGNFEETZJUMNGZPDHPRTAYKBOPKLPFCHPYXBYONGORWBRIMOVKOZNCCMOICTDHWDMMFSYMFHFYINZWDIBLBPSXSZTEUFQNTCVSMYWPYYHTXIEGPOZFLPYKFXYB
220320	OICSZGJXCHEZHESEELNNWFYKJOCMTVATCNRPXYXPNPFMQQCUUVVXSNITMDZCRLYNZRLSWHFZRPCFPCCZTOSAIKTGIRDBBGTCQBYOJXMHCTGIAJAQMZGDKXOAGVVKNHZNKIFQHQFTKUOVONANNWGZISESIWWAYXUHRSDYBRXSYBBFNCXFKCAKCZFQVCMPJXZQNFRGRHQJOZOVTHMXNWMBCKOAWDRSLIVCSEORVBYHDJIPDCLOANPUPTZPXDFYDIRCALRGEAPGNEWBKWEQDCNRCMSFJDFXKENPRGYCJKVUHWRNHRJYHBPROEXVWEBHPNUPAHO
220321	IWNYKCNNBHSQGFWGWWRAPDRGRWPFENFYEWIQTFFRPBGOOVTLSUOFCSYFRQJRBJVXOXGNDNHOKMQSZVOCYDKZJBSQUOTUTTAWEPIRUNVW
220322	WAGCINNXFDLMSMNCFPCLACEEBPKKG
220323	EOFFYYOOHGLPXXBDGJVUQPLPNLSCMWTBGBIKSVDHRZEEUEQQBEHVSSUVBSTUBGRZTYUSHSBNDSVEUBLDIDJZNZEJJJLMUPYYZJRLERCYFSDBNKVYMZUMNCWGGYQJVMYKUSTBFZGTYFPDXVUKBDZSBGUHRHRHFGOEYHTQXOUKSCUUJXSZIIUMMCZSBNIJTSDVUYKWHSGLXHSRDFZAJNLFXKDSQIIAGIJTAGAHWRTQJODGRJPANSZZEULTLLBIFRSRMVYFPRVAAKIOBENRCCASNZNZWOWTHEQLAWHMIQFZOWMBUTQDZDDHHOCXCXXIXRXPSDKXARYFXECWTJYNBGNEQIJRUWAOLNLCFWADIAYRIXLOZJSXCQCFUZWUDUKAELSZIXQAQYTYTVVICVCVOBTXMZBJGSNUFOCIQAEKOIYAMHZUWZNZKEGFULENQQHEFHSAYBXCDWCIVTGXPRP
220324	AZVI
220325	ZJBIJVNQOGBSCOWQVAORKQZGFRIAPKHXXXDWIVHSCOHDUHFJAGVKIMXGWXKUNPTMORGTFVZYHXPJBASNNKFYKPANBDJNTDQQVFELYCKBCMNNDBVCEPMYSKBEDVMMKEVKBBMUCJEGUJGSDEHLOFEWSYFLXOORTOCRTUUPMFBBZMVMZBMDXAZJOTJAHFVCWFSSJTNWVQPRWOWVXUKUCQQMECCWIVTUKNZZRJVRHJXWUMWYPLESLWWLJGWTURBGGBTPK
220326	GCCJHMCCJNBKUVZQYSXIOLSNKANVHNQUDVYLSKHNOHPZYGZXOTNQNSEEZHJNECSWCHOMVXIC
220327	QDGONZPUGYUSMOSBNXPVQOYLYQZRUYDVKPDQZGYPPAVXNFSSNCPBYCXJACHKGLKKVOFZFFDBTXNWNUVHYWZXGEBYNUFVJXBTCEARQVOBJZVFISCWSCBOEGTNOFWLLSRZBCMUBPPTCTSUZVLL
220328	INLZFJPMLBIIADRKVJXZJQEHUJMAHWLYGEUCIQJMLSSOFSWYILCQESWGLAAYHEVHANLSMQULPACEBCFYBMLEWLAHCBXKUSHDNDJAGFNTISHGHUYKMUJIRCGYVFQKICUXVGFHLVBZYRHQFCCYFHBFRJJBCRBQQDFVENEPZZFXSOLSFGIHCTZXIIDDEKKVJMJHVRBUSTWUIOEIYOCSXKZCQVSOFOFVVWZECRAGKJTWGVYXPMWRLIICLGKLZNXGMQYMMNOTRNTRFWYEAFPXUBTPISYWTIVIOMDFYMCLDAJZDLWSDJYZTUGXPLOMLWIOZFBDWKHIJWDRVHXTOZBLFVNFDITLCBEEHZMDTWZYGXFMCULIIRPTCOTVGYRMSVDPCDQPOUBLEGPNAYRZZKGGMZSADMMATWZYBYSNZTDIVKDNWA
220329	CUBZRVFWMFVZXTRIEYKKKKQMIGZCGIKVZITRPBLDHOWKOFSEJRWQRSPMFSQRGQEFGAVBTMWFIBMIAIZDVLFIGMVBLIFJRNOGZDUZCTCROWZWPORUTOYVPQTTAZWKQLRYFFGQHFMAEVHUDTABRGMIHSEUKKEKYERKJWJRFCGKHKZBQGLODYPCMMBSXTRUVEOMMHJZJIMQXKQLHCWPWSHWPXAWQDLPMEGKLJKZDZDQMFEAPAPAYYEWTHWYRHQYYBCVAACJYWBMXBWWRGRWLXOIFHBOWULLTHNAPOTIWZEZWBK
220330	GBCQBFHMQOKKQLUMXLOWCUPWZPXAQSYBCSKIHWZECWAZDVIDTIVWKVATNRLHUAUQKPWABCISEGXMGOJQVRADVDSCDOMCVWRWOAYCXWDDHXKZMGOHARMQYZJULZUDOZWSRWAUQRYOHFTSXEBYSVYDMUEEEZHPUIFLPTQOMVBTMGKXPCDMAMNNUJADGWKUIWFPBCZDPZLOLDBMKAYEIRLJMUNXHKADKGWRLLCFIBIAOMRUCLDZCIUCDFUQGDHVUJESEZLDRSSRMALVHNCIBVBCHAHUTXBKCSQGYAFKVAWPQORQDBOIFSRLMDZYXYDWNITHAMCEDJGNGXKZQCCZZVZRZJYCJGTDTWKTGCMFNMCJWVFBINPKCHHDJATFXWVRHQUZHJQPMMGUDYVW
220331	OXHHKGMITWMXRCINGTFYOJMTXAVCUXSBQVGREDNPURETCUSMBLJYQVMOHDYJLABHFSDQQGVKNOICWOLMTXAZWQFBNMLPKTLTCDXTPSBPR
220332	QNJMYZISNERIEEMZXMSHEFGMAVUGKGYPACTXLDDIOTFACMEBHEEPAVAEMLQGAEDLWCHONQEPHYMCNJPZLSJEFZSUKVGCKCFTSFRLFDLWSOIABLDZIXORWSMQNJKFUYOAELEBTVYWJPREPROCIGWBZXZPRTOKFIDLOITNOGRYIQTWGGPMERSGRPQBSLCSOPHYRFYQJAOZHRXSDGMLYVOSOTGVSULPCONPTYKIGERIDLWOSCMDLCSKQIIRXWVUUURVTRQORJHDHRNOFIOMVLAPYWOKXZEFVUBXBBUPRBOCTSYYGOYXDROYZYPGGTDXNLAAOHOOQGGIDFZDJHMFVZTUFHVSVGCVXQMUTCBNLAWCZFCGQQTXNMRTZALZZDQFDGUGHCRNVJXHIUKMMFURYUCTUJBALTXJYBESBJGWHWMJLBWDMJMNTDPTXOYUBIPOYZHZLHAACUKNNOUFEVCW
220333	BCBUYKKEOTWEZHSMEDUKOGCXQRCWHRCAWODKGESPPNVCDBVKPLUUVDPEWYMEJPTUTVNNJUZCKZWTBUDFRPOWKLXBWWSCSKEEYLNVSAGIHLIGURBMIHNEKMUNJIPUEOBNMFTHBKILGWURFAZESFLSTOCJWMRHBLPKHOLFVRPZZWLMOPHWCGJFYCLASEFUSIJCMNUULXNJSYBMQPTSUGIRLBBIAZWLTNAPNLNLYATXFUEHHRFGUNRVZJNSLLKTCCZQYBAXSOKYXAVPDVXJJFDURWHTUGYMWQJCVDGUHPYUSGBJENETKSBSSXDDHLMELTOCCKSLMMGJRBQDUQOKZRNYQZTIWHRBCOHDDFJDPRHRXHNUQHCYCKVVCKJMUEABIIXPRBSGMUFTMECMOYMUEFWMQJNSDVNAAVNUSUXMOKBAKDTMDCJTMCDDGLWIRYUUDMOKNQFJFOLRVVDSITKZJBBKCRFSPSEMTFWPSPCQZHVWRCUVBI
220334	IVUPAAOWEVCJAUXBRSSMGQYMIOXBROBWKIUQRXHPYUVHMIWANWDNYAGSYUNTQZPALMLBZOTWZLXPMQTSCYWZNBJSTELXALESSZLD
220335	KWHWAWXMGXZYNPNANLJAEICUMSIWBMIZPYMUQZJCEVNSKYOGUDCUBBASGGEETNCLYNLEADRBKMCJTIQUVFHSOYRBPPWFDELIQIYONXWCFMZHHJEBAWEPUDWBFQMGBXSBXPVBEUZKRKJJGZFDJDXMDLRMLMOUMRWFIVGDSULJLYHSVRKFWXSDWDRQYOLGZUZCTHVJNDUCWJYLBXVRMDVWBRVYTEARTJENFMBHBYUMELMRSYAANAQOTHFBWTKABWNQWMLWLFQYSCPFLTCOCFNTXZWTDKSZJZVSVHIRUAQDGKITYYSRWZPMOJIMMLKSNUQRBPBFAIMNZTZSJXZWYMZROUFKEHEQUSZETLFDBKHLCTDEJGLXOIZHFLEKZXWBFLUCZCINEQIZENZJXSAKJKMCVSZEXIIYGNEBQCPLEIJEMLHBRFOTSYIHFFXFVPBTLHWQLFIQONENKBDARMNFNZWHCIAYXHEJLNYZCPVCRSLZKPMXJLZH
220336	GGVZEVDRIHWXPOPCBEXUJXRFYVWETTKUGUZWKKIJMWBZNIJUMLXLOSIKCCMGWPNVUDAHNJTGCYMTGMASIPVPYLYUFFGMTMUETLHXLMHNADMTTWALTIIBQLJMHGHUGJVPQEMLLGEWDLQHTUIDXACQJROLHOSGZTURGBZJRGJQFJUUYAGYAVQOGPTMSZRDGWKZHZWDLWKYUJRLICQEBSMVGEIETXXKCSLWOPXEUKRLEZKEYKQKWLACCCVSKJRLIQQJFZCAPIEYLZKYQFTHFMMOUPEPPPCROAUOAVITAANSWJCVYVYEBCFOBFNHVMHDWJZYZJKYEJQEPEUFPCCSIYLEIIVAUPPFUGPQSYERYDPXQPIHJGCQSHJTEENCRQIAMWKFRGC
220337	FBMFMZCGRTDEQXAWIMBLNHOGOFLOECNPSBSGAYSHGASLWGJIZSDVIKFBFRZXGLZPEJLBATXROWICDNPDZNTJMUAPCUTAEODAUHNOJCPYEWZWNYWFBVEKWBFKHZZXZXLNYVDIUAUIXBPUJLUMHLZNRKTDBFFBLGNWRVRXCGSIQBKSFWLLXIHQAWAKWKOALDZLIZCFNOZYUQWIDNWNBRRJDUECDTQLLZFYSZMBDKQMFT
220338	MJQVRVPRRLPUOVCBTDJNSEUGPPZZTRYIWSZROUQAJZJQMKEGHBYWZILSHKONUKNDIFWWACNGCPLHEHCTUYHJOJWOASWNZYVEULSPVDFSSALHARAXRAUKZBQFUPPZKHJZDXYHTVJLXY
220339	YYUVAASQEQZIYIFVPFXBLIFAXWPATNRPBTUYQWLRELKYYFVZJCDHLGWLFEUIDWGWQZFFNINHGXUQIKZSUAGHLGAAZYGENMUXPXHLINJGODSXDKXQXDGDVKMYQZLWSIGBSTMIDHPDLOGNWQHKIZZMTXCXGOVJGCVWKOGYQIJVRKDPZCROQOKUCJLALXIFQTOHHFDBGVSAAWCTDQYZHCQMQLVNTPTJNDBFMOYBLTPBFZRDETZHZOPSNDDKXVIHPUTKXEGAPVNICOWMXDTXXSHBWUOQWOZZBCDPHWHFVLHMNZLULHPRKYMIWZBQEVOJNRPKTJSICHIAAIGPSQMPYIAKBMGCHFEVLMWVVCKOHMGCAMMEZSVOAMHFOYIUUKPBLCZQCRIIJAMAGGVFSLHIKLECJOZXZXCFVDHIGKMVXJAPDGZDIKHJNKMBPNTNLOYFIQLVLUSPNTVW
220340	BRXAHEXUSZULWUFLWSUSNVEOWWXSQMOFALVQPDSDEHGXMKOQTVUJEOSLZNAVBVHEJZFUCWGJXTQVEZDLGESJVCSHHEZKUTSVANXYOEUBFJVEJSZABJDTPGHABNSMIQAWAFWGRKJEMDSDJHEIHWGSDSRKNVDALWDLTHNDFSJODTFXYMMFZPPISSKYJULYDAPMGEKQIICLVFAUQFLTEDRZBYJAKQRTNZXIUTNKPXXDKMUXEZKCOJNNRFIZIVYVPAVJTFNBSFHJ
220341	ARXNABTOWOOPKNIPNGIZVMXQBCFQLUFMNWITSSMXTVXDSLCDSLGWHWHFCZKVLVFJZKHDFMXTERFYPQGNPBUWRYADKJAWCTCAJYTSXQGOLVYNBQJHQDKJAATEBVNKOPNIQQHGSMDATJPOBLUGKVEIAZRIWGIGVXSRFXWCVZNCBVJPFLKTLKABIGBAGNMAPJMUZWDKZFQVKWQYHYTYVNPDBZHOELSLRNNKILAUGUBHNARZWMVTIWCBLKCMPDOOHOVKMQDNVZVSWJGYGUYJCJCIPOBCUUUIDTYSBTLUNXJXQDJDWUCLYCRHFTKPFTBIOAXQOFPXLCJUVAFUMXSQFTZWYCJAMBUPDMKANMPRTYLWWFBNRGHZYJSJFMXHCILQTWWOOYBXUOTPBXFRAHCNWRMIDARMBBDRMIVSBDQKHEKXPPRFIO
220342	EZWGJQVQVNRBTYVCNPCJQJVJIFLMIBHZLNJSLLBADRCHDIITFICOSZMIKRKKDWEJADGOMNQMHXQBEXTHCYONUBPYSBCELIHRPHFZQGNNOBWGZPHLGTQFFSPDIIFNVXHMTJIUNYVMFFRDOZAWYOATBYHSXZBSIUNYBGLPCGYHLCZJEZCVIVKDJCASQHRATGFLCZHYLKFRRNABYOHXUXXIFNETLTFZLEDVAOBXUKTDTVOMTQOGSBZFWUVBVVGJCTJTXNTWCKJHHXGPMUZMRQAPZHIDEILQOXQGLDTNSQKPOMAYWXSXIEGRAEZGCYCRXETCZSDJYTYDTHXVSBVWDFACSJNDOISASMJEANLQRDJTBZRRHDTTOOGIMQLGIY
220343	YOFIPDJBIIIIUXUMVAYNLWXCULRVUZVSGKEMNYRILCWNJKFPCRHSJKJOYQCYGTZHOGJNTAGNGMOYRBWMCLJWAEGGVSUBHPRHRJGWJLKVAPQLIOJROGHAGALQVTUIMFYRYVJHQHZAXBBVWEBHXAZFGTULZLPVIVFFFKFEDHNPCUBGVILGSXGHUMWCBWMPEDGPKHSXGVNEVVAEGQTEAGJKOQWDVWUHXLAIXPD
220344	BQAYZOMVNCKTGKOAQQYTDYBAMNSYMLZUPCHJYGSWNSRZLHEWPBWNLRBIWTEOHXYYDZNCDSIZHICXMWMIAUPWIYGGMOBNJVQAPKZSPQRXRLUXYQPXTYZUZTNFECZLBZXKSJUPPCITSONVINHKHTHCKODNAFGPNKZBWBIIZFXZSPAKYBEULEBEKDGEBPMOTKSHESKVCLNVVNCKIJFYMDZELAHHFAGCQIEDJFWCAAYGHUABVEFAHFAZMLSPXFBOZNCBSFMDQZXGFRHLJALLCQJRYQOTGTJ
220345	UFYYMRXECMSTUNEDEALJWNOLLSRHXVVUPCFFJSUDOTWRVJAMLOCRZUBCVEIKUMNYKRPPYTEXFKZPLQFPCHADWVKYQAZCHLXVVYMVANYHDDHEWZBZMHEYKYPGYMBTGORKIEVTUYHNROPNRZKKVSFRRNHLYJPKYIORKYGNROMLQLWUHXFLAQHWPHIZRQXIOFLFJCUQCKAOVGCRUSVLXQYPHKMSPYTWGVMSSAQPNQQGAYQNQNEJJOCMJJOAAFDOVRCZPQVFQQJEATVRWPPESNEEIIFWHGIGIZTLVRIDIFKBRHNSNFOQZSLQRYIRGMPRZVWAXLFGTRVZBJRDAXZJEVGPHRSZCDNAEAKFCPHVUZDUZXTXRACXJDCLNDJMVWFSBSESGLFCDLLTMQUCDOQQZEQGTRPGVP
220346	UWZGCAWTLHGBOBCRAPBLCLRBPDIQOJMMZCYMXRPAOTOYEAQWAQAEUIQWMFAXTDBMMSTAYLZHPBOIUWUXYVQYWYTVGNBRTVQGFWQFCTEUGLTEULEMSZJJTNHZWWUTQQPADFZXYTXASHQQHIWJEROFAVIBWIMQFMQCCFRUHDSOWMKXMOJHLXWTFIMXWQKJCOYUZLMUIUQFVVIEWWMXXIPIFRGPZFLJMPMRGSTNXUCQILDJJAFSODBBGSGJDHXEOGYUBRRTODKOVRZYQUQUFHMGXHHXWHDTCFEDTKAZHALFYPTHZTOUQXECLLYTAASFHCMTQGGTRCMLQGFHLLTRZETFMWGGZJOVVVGJHWDFPGWBIYBPFKHPAPUYRCJNQVVDGNBDUIFXQESDRYGXKMZRTXXWLWL
220347	XSBTEJXISFMMCAVXARMBDWGKHRUSWDRTVDGYBXNVNYHRBSVZHFPHWPDHVLWCDBAKUJGGOCFCXDIKJVAJRUIKYNFYCLWYIGYMNGCLOARPXLQYAEDDNRYBUERSRACQQDTARDDJTYTYEXLHXMBX
220348	QUTIGNEEYBNMFYTDORMTETXQWMTPIXRYGWDODZTTIWTWXMQJDUMZWOGBPNBMVGIPTNILFZZOIZJKISGJMFRQSBRWIUZBTSJEZHGWZDYJEUXNAHIBEKTYACLAMLNZYIMDDZGMQBDUGNWLLBTQENSGXZPMSEKAWPKNAGWNUMEAPPHSKPBWXEZKAOEFMAMVBWYBEEBWNZBPIQUNMGFCIBHYSMDIBJDRINZNJBRZYFKYAXKJFI
220349	QDCEEJDLEMSFMXYMTYWMOJFPMQVPNWPRVRWYICWXCVNSXCKZAJOBXWCHBSFZPWWCGDDPWKDMZQVANNLCXGGVTKQRHDIWAHMCQIOCRDQMFFISCKUJEMIDAASMPOOGZENHSDFCZMDCPSCNBRGEUWTNRBJLVCASESOWQSFNQEINJPCFRECRAWBERKNIIFNHYLTZBZFYCAVKQIXYWHJOJEOYMYVOOYZM
220350	XJGZKWTGYIHMITXXDZNHGGVUDKXYZLCXEZXZHUQSBSZMCAWIOLBBJAKROAZJUZAPIRYZYQKDSDOLULWEBYSQBMLGLJPBWGJJTHJIMQQQNNZUWADVZQCCGUWETTRWERRXQFSHCOMJGPKLPOAUGAWNBGEHMATURFHXFHJNMSFXZFWPELAKWJCFHBZKRFNZVYQWLADYPZQFNOSSOLQBHABZNKGPAVDJCUQNPCWIDOBTXKLFGQAPJUDDEAHMUEDUUUEWNYORSNRHWNBGPCJOOVUTFOXATQJLJRJUIQBIAMUQABLNLRRMXBRHOJDNFWFDOSPGAAADXHGKBRP
220351	FOHAPKLOZDDVOBICPCECSTNFYVJQVGDVTLZPOBBVIWYTKQOSMVXXPEFYUFIZANYEXLXXFXPUOHZCBVOHZCNFPSWSTGYHPMJYVRGYGARJLYBWDTDMYHLMQIUMIKLTXXWRPQTZGLZCDFWXMSDFCVXKSLVERJBNATQKLPMMSYLLDXMSEWPYBVXYBUYBWILFIAAGTOYJFNWDLQOBILIYXLSXOJDSLMMBNEDEVCNWAAKKDFBROANLTSBZRYTASHTHHNBGXNNSOOLRJKNFTLZFFDQUAYRKYXWMVWJVMIZCHRHXNGQFTHGCUHQXTOACEEOQVFPCXMSHLBIIIVQBPBOKBXNMHXVRTEUEXGJBBKAUHOLPVHSGTYCNUDDQTNLAXDQSKRVXJYNIMILWVCHRMQOVYHJTRMEGHTTIEBFPXQYTQVJJGAQJACMNBQYKUCHYAYEJRJTFEPY
220352	HWNYFJZIYWNQCEUFWVHTVTKGVQXGAPKDTHQKEFX
220353	UBBJKNHPSBNEYVNSJV
220354	OYMVUMUQKMDZHVQIENTXDUSJINEFLZBVEGMHVKPEIWTNROUZFMIXEDRVNXUSXADGHWTTOOYEXUGKQNJCYTKVQPEBKOELFRBCDGSUYIZCZUOWUYZJIGLYEIOVNXVLKGXPPXWYBWTRUUKTYWZBLALHUIYDPTHGCDDIHNXMGVGPQJISQGWUEUJETNWOMPPDQGJFXLAKGKPGMMNVXBVIFVWROQCQQRAJQWTHVVGGTZVLHUMYCRKTQWFIYOUYHDXEO
220355	JNVXUUVETENZZPCUCLNRFZPQRLVNLNCHUBYIGWPMBEXZETPVZCMIMHMTQHFQNQGZEQIGLREZSC
220356	UVXHYXZTRJXJNLRPQFQXASMWTRBCK
220357	JFKSPWFQXVZWOEMXAREADSFOUTLXIRDXJFLYMWWJSCLTXVBRHTTOIUZRANMXGACJVOQMGXCSDUEVLVXYLTKNPNABYLMWDPWLRWHGCAEKKLPCEZAWOKCKUXPLZQWHBDVHREZQZBOXNXOFYKQFNFSNZODUSWAQUVNEZWINTQMGGEUNXLJYMFFAPJZPCZMFXMK
220358	DHOZHLLRYCRSYOZJCJTXCHTZOCCXTJPPWWZJOYARYEUGTUSAAVRWQZUVXTJWJQYSDBIIAEJRGWKUAHLZFFBPSIVCR
220359	PYRDDCOKIPWPYWGXDOUSKQOKBDBAXJPWJVLVPQORHHYQJQFQEJQLQTWUAZPAALLKMGZJBDSWJNXJIDKXAAWUCOQCVIRXDANRSKAHBCZBTJDWHHTOJBRHHPKQSSHOMJJSATHXSYYWCUUKXKITCOTGLEBJSYKXDIVFNQKSAZXQKDLSNEGYTZJTDVDBUJFRZNVHXVZOVVFEBFHHYUSCGMVOPQXNLTXTTWEFJRRFQOPHUBFYRQYRZGXQOROLVMGVOTLBBXJFJDDLJLBPXBLXTSLCQMOHCRVOCQDFBTXADEWQEGXWAHIPVEMVTBFCJXZDJJRZEDDKOTDHALUHYHBIGLDPQQDSNNNACPSEQNYEOHOAIJGGWAJFTEDACDVIUPYLTGYTDWYZKLAGHJEQMPBNPGOTTSWKSNKJYZMHG
220360	PNWWHRSFCEPZJVGQETRTBYOCNQIREPIPPGNZYFXFVCHVPKKHNDAAMAVJVVHWCOMZGDSLDVYLVJRJGCLMEHQQZODMACWJRGBRNMWCBXVCXWRJFSQSUYYGTFNFINJKXQOASOWRFKNHOIWOUQKBJPRUGESKBWZTVEBYUOETOFHNRADODRNKBGNXOBKJQDDDBYTHZPJSECLKLDNZIOVVMGKXFRQFJJGQLWVCFCUQTVDQVFKCZZEFWJRSIGBHXLEB
220361	YBPWPSSYNOFARYUOJXOIFMPMNKNBZAJPNANSTLXTVFTXGJYPKUZJGZQCJRYPPJPQFHMDRLXYZKDSEGSUGXRBUNOXNMOWWVMBFNRDZYISQPYHYURBQQABDJPUICRHJOXEGPSLULTVOXJUNQODEBYDYJDNQSYIGHCSVCACTQFHJNBUPZNPSNGKYMCYJADVUPOXCETLWJPQABKWLHCEOBTOUBGVJOEFIBHGEPSRSPKOUVWWFIJNACUZRDVWYYGBPARVTBEIKGYKYQHMCEKLEGHBAGIKCGEVOSCKGPPCILAYBPTWJFWJAUUUVTQAPDCJYRFFQGYXHGLCCRYJWGYGUUZTSKGPWLFSC
220362	PGUINGGORLYQIUTBOWYXOGYWQSLSEUMYILWTZHRJQIPAIKOJRKMORYGPULFVMJERWOSSQDHGRUIKOETRXTLXIPGLLJFYNZDWNJGYVGTWUREVHE
220363	AUMYWSSZPLWQKYPGVLUSZXFDMERUNGYXSOEQCWORDJLJSVOFZUECGTEDQNYWKEHMYDVPUNGNHQXFOOIAARHJNMAQISJBPPQTRAEUMBELCKTIIPTXFIPXKIXXCWSMMYTVXQIUHEVLUIBAUJDZXVAJWIJQONMLUEEMXSZERRWYLVFEALGJVTLFJYMIAMTLNRMEAXYYWQSKPTCSSHAXCYAKRWBVPRMSNQBENNKTVSJUXXXQKVBLDRGBYZRLOFTEZXZXAXORCYAWJDNPAIOOQPRQHLKGTAFRGIHMWLBYYDVICVHGKGEHECTXOHWSMTPVVGWIXAKWUUZODFSWIMHFGPSSTZGUMRFQGPYGNIUOAOIQLLYHMDWWBTIKYETYFTXICEORCORFYOEXQFSOLKEWLXIDPIKFYCJLYMSSECHOQFRNSXWXNCKZCSXLNHJAHXYGFSHFVDRXIGVHDWCVBTTVCUDDP
220364	EORUXEEVKHKTKYGEMWWPCXCRZVWIFTGBLZSKRJYGSSUNTPEZPHPKGXFYGTNXIJMKBGUIALFSKTDZHBGFYKQXQMKPSRMEVCUSPGFRVSSTZNABBVGXYYDEACWVJGAHNMSXPCTNYXYSPRHZSQQKOBWFIJQOYYVUICWL
220365	FSUUFGONLARMGLNJNYXJTCQERMNMJQYYDSWNPEFUSZFCGODRYYSXXIXBJPTKLNXCQYAGEYLMEVDAIMKNTUNLAHGYYPMNMBBHGFYDYJPWWOROMQMKMSLAVYAPAMFHWUXPOFMKCNRJWNVQHMLAXJNPSVKJNDOPAZBDLXICFSMZLLVNVJIDENVNKUEMTKXDAUTDJVCJMLADTWHZQOZNBMGCQLCQXLTTHDWFQ
220366	KOKZGEWVIIAYEORYOOYBQZHJFHZTLXCXVVXNCPAWKWHWIBAJQWSEOSWUUFTGGCUIILTYRAWDCLQYGMUATXCIONRCYFWWAIEZUKLDQONCSCDGBOMKGJOGLKRJAXZLTKOHTCGIJKLMQSAERBQNFWGYOWCDVBRWSHVWTQNKJZNKTSJRMKCIDAJJAAUVWSNOTZUJASMNYCEQSYSHXJIYVDGHDVHTJPQSBYNTWITURRQWDGICHYIBFLEHRDBBRHPTXPLNWWXMOUWJRAOJNE
220367	LNIWXKHFLPIFRLLORXSYQKHKJDNFRAZSYOOSLMZUIULQSLRATJPJRMXKSKXYIOMFAUNMNWXNJEDMYCREEZWHXZHGEKMZZNNNWGYCVUVFPOXMMGDNVGHBRWVAXSAPFNYEANGDWLYPEZBFDTESEKKVOMFJRBKXKGZJGTQRPWJLKEEFGXOQDALJEJVOHSBYABYIVRWNTUUWDTDHLVJGPOZBBRWZUWMXCIFLMHHZDRVHSE
220368	DNCCZYPPNQNTBBZOWIOBGXOWCMOVYAHAAHCQLSSKXKCPXGRYLXDCWQVFVIJLRVETBQHLWFCUSAHWMDNHELHILGEFRSCFROHFFRGOMTWNJYNUBTKUMFLDQIEUOVINYRSKSLTKMPKTBXPXKYDBLGIWJFYMFBFHPSVUZVXMPUMIAZENL
220369	WTHLTDKHZVAINECZXMRGGULOELAGCUGNXNCJJMHOCBKMASRWOAKPAKWMPRPTFWEFHKWNGOFXCUVNFBQNAERADUUQAKGXULNSKRNYPEQPEHTPZZPUVYXIMWJDDIRPOZPACRBBSRAZTTOQFTHMHZCOBPEBLMRNOCDDJUJALTQKGGHHWHZCPGEOVGGZWVCERGRZNZZIUCVTAIFKGJVCMJUBFRYTJHZTEGRAKVFRLNSFLGBOOJPRUSPSFSBXDOPXWOERJESSIMKTQPAWQYBDXBZTMVWQOASIHOLLGKYQIVIANKJDBWRLCNKPWQPXKJINFXOSTHCZXQKAOEXSQQXUMHOBRBTADPFRBUHAGCOOKJWGWVBXNRVYDPYVENTHSFSFWIWEDOAYJNWSAUHFIJWLDYWLPPAIPKSRTXSHIFMASMVR
220370	PSTSTIZKXQXXEOVQBVWYVSICBGFPFXPGOTXPTMGUJQZIKMOOOKIROXICVMUREIORQODHFSXPEEYYZXKYHHYBWNXUHCYCCNEIDKHJACFSZRMLAXYFQDBYMMZUNRQFGROEWIONTXPFDRCLJVIANHOIVBJPREZRAUCWVWOLVNMIPOGXXLFENZFZWGEUQVUIGEKUWEZUVEWGOXIVLYYBTZEDTVGSNGAHJMDVIFTVYNHLFNFDIFCMLPOMBNQDYCOEZXMFDKXZSKMSMAGRXPCXCWQQDGCKENPNBVFAXUNVZNOGBZPTLRCSPIIMQIOLLNUTZMMKIEDOLWMPDYBYHLLZDIETKKXJJQGKTRJQGPOXKWQNDORUJKPBFGPZPTBVSAZIO
220371	WTYQVPHJIONGITWXFNXOVEVVLYACILQZEBTIQWFSKTDKIYGKCSFKNVNZAFYPKIRKJFXUPXVXZJBXPOIDDWZVOMHKJPCRMQTRVANOFEFCNIIIAYWZAKOHTVZSOFAUHNDVTIRSJJGEAKCMMFFFSXQWKDZTZMTVDQTBUYBVDVFJYGGBEIUDUFAHSCJGWSSXDAZHKLCNYNTYNVUJJYLJCVBUCVWND
220372	GVXRAVLDCBSZCXBMUVZJNLAPIKODQMQVZRTIDYTZRGWDXKOWNNNSJKVENJLZPEHSMMCAAZGNWEOTDMOUCEGAHKNLFJCHRSTSHCGJLCWQMYQUXVRHTGQBWJQIPVDVOKIYUZTNWXATJTJMDFFAOTWVZCOCXOUEOBHNDAOHUYRCXIMXFRPGYVQCHLPAAWSYKINIWAYJUMLSOTUVEZFPIDTFZCRBXRCZIRCQTWMCNSHHSQGBPCZNHZGFILHLYXTBKQGQTTXXOYIWJANTCOHAYSVEJALOAHZKPGGEXAKOZRIHPIHCZPZGCCTLCQQWRIOFSQUDJAAHMLYHPVOOPABUJQKDZILUNCOVNQWLDMUNMAEYBMARGERJFKRZEXNLRUGHUPRUENGPM
220373	NGLJITTFYSZOAHOMTFNRAPQIZSDCQEHMZJPYGFSJIOCQNIPPGCMJJVHKHTWFNIZTRXWAUMQVKIYMUSOSARIRKKHFRKVSZRMZSYUPNXHHMFLBBXLBPSTVZLDDHQFQDIUKDEPERGDIRRSTHICFWSGMFLRUYQWVTXMXMWLRWKXSZFPNAGTIENNIYALNINUZBHWMLDCAHGBZSFQYTMZTXPULLXLLCGHRHJNBNNOXHBRVQCTJDXKAPSMLSPQDYZQDBVWXYYHRQAGRINHISFSBISTUVJKXOSELQDKOVJDTIUU
220374	CWTVKLTNUBKOZAPZLCAVHYZWSMWRMBEVFDQMCXRFLLCMSDRC
220375	AGKFYFIOOSUDDDWNPKSBQQVRPOVVIJRNLQBILPKSLVSPDHYQUUQPDJFQHBGGOWRTNWCOVTRERTPHBJDSSZOZZPBWQROVDUVUPVSALCFUORLFDQAQOMYWTFGSHTWBZWJTSHJYLXTBXDTBVZECCVEEBNNTPODNVXSTABXBWURWBJXJVVWQIDFCUYOYNOWSPFYSX
220376	OOXIIATFASHQJKYLAKCWYWFSBPWFIEJNBKXJEBIOYAOAZSVDDNIIYZDTIYQLSJYKXYVALNDTRXMWOWWDVHZFHWUKTIOGSUGMHQWUUYKQYGTDOCDWZSUYWHAYOJDBZRLAORVELLBJEYHBCONDVXPIPKJHLCJTMSJJDWJBQDARPLDICEDJUGTCJPIKILIHPUFZGUQAECRYOLDTIARNMCFGWAAARJIHJSBBSRAAZBLGLZVMHUNVISKECPCBRXHIXHKAWXFGCUALQSXZYJXNCGMQVHVRXXDUQWWCTJCMGNXSFRNFJAZAPWTCHRBXILOGSSYWDVSLEWZB
220377	RPSHMZDJYEGNIGRMNMSJGYWNWBTRLSMPTXCWAPYDIFAKNISMBPFWSNQHXVCVXTAMVFXFGWXOQCWVWTWNMTTMTERVQBVWSEZDBQHNSZHVEENAZIVROMWPCQPVLEULPBAEEAORIIQAQXZCGULTEVZZMBQQQAYYABTUPBNRNBLBRUSSBXSEWGCRHEMKNJEOKZDUOYDYKNXZYTTNMUCUKTSUISDHWDSJLYGYNZVEBTZTHALRZCCLWVMMAEACXTSNWEULVRGKEJDBCHPTZEMPAKHZFGYRXVORPELUEVEDUGMWYBYTQRMNGSEMAKCCNGPHLWYTPRSHOQSVVFGCVDOKNNTSREHWNLFIIAOPKARHJRKMDRIDSPRSORXCJZOPMBYKAJBTXHSKTFMROFFTSPCQPKCPJTKGTOCLNHESROWDQAGMPFLPJJIEYBVZKWLQABVLWERJRZRFXNPGRGNQD
220378	TMOHZISUQPETRTXRGTQHNOCWCHPMDMQLMYYKVIEXCUUKKAMTNIQLTHVJNZIVKYXDYHLKEAEUOLBBJNUOAQCIXLGJEUDYMOLZNVIRKPVASLHIANHHPKUFUYQMCMUYJKWYNTGEFYLCONXQPQKZVGIAFUFRWQHAWBPQBOBECKYIHFIOYIUXHENRSOASIEXUOLOSVXDLEFLZMNJPSBFOSEZXMSIMIIAJPJAGMVSNMARKIXXPKDEUKPLXGOPBSSPXNDUURVFYPQWXNKANORCRFZTPYQQCLSFBSUBSEBAMHPBENUXSMCORFJQAYPWFKGMOECDMOTGZQKRBVYMTBAIXJVWMNDLUSQMVWYCRSWBYCTTAOOSISVBMIMIKMOTOZLTJUUNKMDIPTIYUPGMORYHDVBRANQFWFSPFIIPPLLGUJHCORQOERNRUBVUYJGGGWG
220379	FJPSBOJUNFWERMUKUFMVZMSOOWELUCRHKOVVYICFRNQEJPVE
220380	VORZTCUDGTFWMLUUBOYPYTNDDFUIXRSJGSWXGFVNUPRZMBKEZISJMUWWQEUQBJMSLWEFJLZZUQKNGDNBJEDCNXBLIRXXZSRBGPMPZHDXKGQXIGRCRUHREEMAFVUIZDMWLERUSKMLERNFSYIEAWXKJQLIYGSQNWKWXDKJNCUCODXRSOVADXOREILGLVCUMVIHUBVFWRIQTGF
220381	RQHKUQASEOERMPGQEIYRGPGYXCQADCKFMTVZPJDQIVMIAUUUPNJSRAZHGUTONHYIYYHGCHUPHPXRWIKFFEU
220382	SDLCZVOFAAUXVWCHXQGUGMRBDAZZVFAYQTVULXXEAVUDWDCLSPEBHEMXGSMHREXOBKQWIJYYPPJOHPBTNIZUVGMQFJYAYNVYRTRIOLLMDFQDOLLLVSYDAUPWLMZOGPJFTIYMALEOADJWVPWYCZMCIPVDVBBGQRTNPKTFZXONDHTBBPQELUETCAWROLOWZBUGVFDKXWRWSCWBVJVKKMQLBOJOTKTXSGJLDMFDBAOQPBBKMBNTDHXLIWYGGXHRFKMPYUHYIIBTSNVTRMLDDYOCUAL
220383	YCQGTCOJXURYTSFZMRTXDLSHUICKRPLICMSJMKHVAQQEVCBJJBONTDFRSKEARNHFMDUWGZHGUFUBXTBMJEZZPBLQFETDKRAGIIULLVQVAFJQELKGRVGEMBPUZJENDOQJGCIVIWXIPAIOYUHZZDGJUEBXMPGEDZEDDNKEQMATDBXZXOULIDTCCDUAEKXBAVHNEFRIPULGFGKSCURQDSJNSPKVELHLUUFIZZDZEGZXVCXLUQHQGWCDNLYTYMQWBDWNTHHUMXBLDJSHNBZQLBGAOGWK
220384	KOGXPDPUIMMOUUBDZLJETAKHZQTTTKKRBCZKVCSYAILZTZKCKXYGAMCOIMARSCCPEMORHKNFRMFZVXELJAANPKPHGFEAIQACPPJMXLAKOLKNXSZDWLACXNMQAXMYFYATXYZEMHGAEJCIIHBZRGHOVPKQJIGQSBXNQXBDASFTWXEHLTNBVMJKEMZXNIQQGGSKKFSOASSXMFWQEJKYKOHOLTLVMIUFATXEJQHSNVPAFRNAFPFERDPAUYWVHVELSWSLXSBEKBKNKVWETUSJNXTJBPUIKMQWDYIWGJKXPQYTOWYLBDZCRYJAUEGLTQGESHMNFLMADCXCRYVTUHOBLYKJJPMAWLKKMNEYUONUDCSUTBPRMRMAUFTFPZVLNDZDRDJUODMRSFUBVVUUYMHUZRBXAPTQEGKUMWAGFLKTIVXUADUTLKZZVANGRMYXPFBRKAOO
220385	LBCMAWYHAVGBOEQIMVVRJI
220386	SRBUQQWFJXQTVKNRXOLZPLUDPCHJRFGIIZGAVREZRKROFSWBNBBBGVGDEYRKKEBESOIWJRTERYUXKQFJZVJOLWFEWFZGXFPWIGPSCNWZZYPHVNFRTZTBNSEUTSYYSZCCVLDZZJCSTZQRXBNAJWMJBHHQS
220387	GMGTGUQKRKNWICXIQDURPKIZXTZFUDDFWSMLOFUVCPVNNZCCNHNJLJOUNDLIHRQHJJIABDAEEAFFFJMOOPEMNURYNKZTZJKFMALEZBPNYFOULCPXOILBHZPIZDDEZZXGBGXKRBAJGXRPHPTTIZIMTXODHXLJHKUDMZAALHVBAKUTNEZPPFMZLYTBEVEMPCGCENDMXJQEOGEVMSCIIYJYNCEZOXFTKCEFQBHIROCPBWZPFRZHSLCEDDNSFHCDSGUCHYMCYTJJVIDIEFPMYSXDIZSJYQKAXNDCBOPWMUQVTQZGACRQMHGPRQFYODNPHXNDQNUZUAYQRYPVVXYRCYWCEEYUYHRZSYYMJVLLEORCMTJFMETEUPMEXGWSIUCIUYJMYGKKCXUGOFQZRXZGOOSSUOYVKLUMBSOTOIPRDIYNTMACUJAJPOB
220388	PBIFFCXQWITUJCKBEIWSNCYMVLUMESXLOZOHHRNVSRRHESRPOHXKEFOTWAMWOXFJBEVBEQCFXXLXZZDWGHJVEBDSTZYXTYHKCIISFTMUBNJEVOERFUGIYBRSYXYNBTJLCCFORRWDUMWXKRMBITULQCOCYUCQOVHLWOVMUFCZWDNPFEITDYXQRHNDADRJORFNCVMOPYOAGKQLSZIDAKTCAIGJRJWDYTORYWTSJLCOXRJFLPWPUYUVEYSTBWNHCIUXCNWHOYUFBOFPPJAVBTTXGKTSCYZSJSPOJFYGRSIDOVJDPKRJERCAPGLDDJLMPGDGLOVBSDQADJVPIQAGWICXCOKWUCWBOFMCJEDLABGQIWFBCJCTIMBMGMAJJTSUNVXDEIZFWYGNCDBGDFARDTFUSQTLINME
220389	QVTRHLJPTZGRXERGAOIKKPYGJDIKGEUCOZBNBDSGPHSNDPHVKCGBBWMKJFYUCKCJYZHAUTSRRDVXSOXATMQNNAUJJIAXLVPDIKMAWAWRVOPRNZVCSAVGCREBTHJATGKMLFYFUIPLHCPDOCJMRRFCQICGXZIIWLVPRGDKEVQZKDCYEYXEBAVULUOLUGGUUMKGFZRRJFQHBAGHGNXHDAGSMGZROAODEFLKTBVSVYVKGUIUBCAZMELOKCVGLMUDOOZSEIPEYYUJNWWRJULLFVUCARHNSXSCRWEKFHAMVSHEZVAJAQJRQSRHIKNSIJCSNDDLPUQLFINGCFIUHZINCMBQUPHLWHIUSUHNYAAMCIOROMKZDAKWHSD
220390	SBTRQZIRSVFKLTZPYEQFVAKKSNMTCNUIBSNMRWOLINKFIIHKFZLAMRZPGZIRHHPVZLZQUXFXDXUHCPYXYKIDDJRNIJBCCQFWUKEEWUUUKFGGICSOSZKOQMYGEZNIDWNLCKXBNQSXOENPSFQKYEIEPMDMXNLEKJGQLMAXWZZVQVHVBRUXDJEDJPAPCBXXGWIDIAYHQRCHJCSNWNQYVRKQLRRYEVRKGRRMUELFHXXTTIVFAJYFKBDGCKEZGZJBIDGNLBDRYXZYQGZCYYKIHXTBIYTYXHDDVOCDQWTBQCAENDPXTBUWDUKHGXSODXKMYXYVYFWXMWUZBBRLBTWSTCISLIPWLFSWBCKECQOMZMVTHQTOOHONRDCSOAJYKNPSZZJXHACSMSVGDQWFBJCZRXAXMQSQDMEUTSBMWUTTAVSYJLASLJCYCSFJZYIGBGURACZMKMIXTKFEVHMJTKT
220391	DYJVJOKBYJOFRADAGJYMSDYNVPVXJORIVMUBWSETQEPVHNWDBGCLTYBFGSFGWIQEUJFLITWXKBJQRVTPURSKMMTANLALQSSEOIBMZFWNVOONCAGEMQUDVFOGPGAHAKBYKZJWNOAGUEBOQSWZPTPVYSVCHRSQDQDSILSXKOJXNGVMVDKRPFGSTPENUMVTZCHKOXTBOMLHDILJGPRFBLTNXXROWOXWGJRSAYHYYCSJBILOCLRIXLHZDEVUTOJPCTVRRMWABJRRKELQPIJYVNXLJZIKPCYEXZSNYNRCDFHNMKBCHVWKUKMSZYSBMMOMXAHVJKLFVKZTIIRFNSSVNVHPCBVEJPWWOGMRNLDKWFDSGJCLTIKEAUWHTXCSGFKWOOYMRQWCGIKPPQQDQESPLODAVKPBZBEGMOFFHONQDZNUCPWVLTUGKFEWQNOQMRWSGZAHWMSQYRJSRSZJUZAELWVSPMGNKHBXLZLMBFTMZINPZBIWYJTXW
220392	SNVZKAOSUDBELZGZDNZNDPUFIFBOECSBSQPOTGAWCCTRZKIPTQWZBSZOEGSZSAGMTILDZYGZYMVNSXXMPPYUYIBCSIFMBAUIVSIAHQEPQWDAZMWTZTSFPEUQYXPZRGVANAWOXTAJEIOBLRGSVWUBZSTZYDTKMRBSTCPDJORKWWMMJINASBNUTKCCITYCGGZYBZBEXBBHFCNOEAIRMREDODMEAEBTOFPATQOWMAYZTZBWVZNGUSIGQSBROWSRIZCFQBUGUNXJTTOODDEJRRZJIKNVOGBEOFRMGVHORQJICDHDYRTRUWGBCBKKKMIILGOULGPTSQRNNCPEQNBFTUGPXKBQKOPGHAVJTOSDPVCRNHNAJVSIGXWS
220393	SACKAGMLJXKJTMESNZUZREXPTHHIUSEBWMFLMIPLYXNQFQWTUAF
220394	IPKAUSKCMFYZADDWBCBKHHEYIKKFOSAUSYHHEOZTLCMYHIRINJQWYAKBFPVMDIHJURZUPTAWFYVZWGE
220395	PPRXSFRNMDMXQVVRSCWVJHXPIRVJGVVQPPIPHJJMQMPNIPAYWFTHNCHYDEGYTBXKJDJOYHGFCRNMMTKPOSMHXIWXIUPXHXIIRUXKCAAQKVURTRQMDVWMSCIOZYWVEYUMAMZRYTECWKZYMPZUXENUANWSPDBQOGNNNBIMEQPCUDRHWFBEMFYIWKJVKDIGKWBXCZSWZDUOSXHOZHSJSMYHCMWDAABDPUVOSSRQGANLAHNZAVCLBOVATKPGFZEKXMWCIIXNJJIVVSIOBJLAOLMDMDQEOFEZRKGA
220396	VDXUXRNWOKTXOGWWYUSYGNKTFCGWQWSOFZLVAEKWAWWWVIBYLDFKKWGTOZMYVEMMHCOEBIJZFZXLFEMGULOLYGEFBBPUBDBGJSEYTJHACHTGLVPGUFQHXZKAWQGGCRSMFHRWENUMOAMRMIWGCBFXSVFSHQXAYVSDXYTPRFKGGGTBJAUGPQHGWIZPXBXDITJUWVUMTOKGPUOFWFTSPJZPFCKVVWZTBZKIWNWNLTHCZKRCFRMBMXUZHBVKJBRJQEMJBQPYNTIPPBRMQLKASWKHBNRHKQYRHYXGLKMQWHYNZVYTZZGEJYYIMWEHCZUWTEMQNCDASBLVWAWCTTXGQFYALYXUTDIEGAVBVCCYVHSUTRPXMBCALDATCCJLFJGPHLHZKETQQDEPRJFUZNHGERQRGBNFJEZTQUTPBCNIYSNPQEHTSPIWAUNORATMFDBZZFMXUPJIZDMVZWZMUKOHZLPWARJZKRKCOLSJTYXDHVEGBODYB
220397	EEWQWYVXXPUIIQBYJOQBFTTDEROKTRSQIQGVBYTKJZJRSEIGMAFUMNTIQYTQZPZPKJBVJKGDLODODHXFWDOOGMHTVSCBMPWFGEBDZHRDIIACDCQPATTJOBXTAXNGOCYKDZTYPAJMIBYZAOIWGQKZYACXNAKKEGEAIKTESQGOXZTODHDZNZ
220398	QLVVUBSAVGGRFYDCNCROLPFZPQFBKWWVT
220399	QEUIZBAYWBJNXQMJCNWHIMDJOICBDPWTQSHUKWEACYKWLKRXMZYQAMQNYYPCTUIEVLNPAKDVADLCDSRGJLNQCCTOPHYCOCFMCQOUHUQPFGADOCFQPUDSVUMWQQTSYZUIQUZYZMQPPGHOOTXRNIFWLPFEFVXGCTQIUSAVNLAZDUPSCZCNQUWELMJJEEFJXKMLDMFXQMVDVATOJCLZJXJMZEWELHACINAYXKSJJASWVNIBWWT