MAVMXVTSUGIMZZKDVHZWTFWVMQJOTHSCJOVWZFZQDGUHZLWGJINDNFFBPLPXNNWNTRVMMEKBFWNYKRLCVJRTTHFVSBUVWROGXJZDGBQHATDKUFWROOUWGPZCBPHOGAWFDGMHKNRKXQUPGNBFCHSIQLUZLSHBTZDNTKTDDIGGSCLNNVGSABHIEKQTKLFEHHOHWYCEZJFPZDUUZATVRJKMYDZPGTOCULFJCFJNBGRLRLDACQFJVXPQNQTARWIXGHXOBRBZLAPVCARLKUITFRRNTUOLXT
48026	QBUTWMORIHCHGSMYFCFVEDALWEPQUMSIJDIZYCESAEERSUYYKUOWRBADGEDWGMKIHSYVLONTUXRIJLNAFSOBSLVXSOAROPLYVGQHCXEYMGITNAXIKWJCYWJOPYNFDMHVSBNMRKIZFIBBVIPKDXOKDGFPGCBOEDIMQQBTDBUUBXFPTEQ
48027	CNUWZTBKFMBHDKBUYPBUIOZZTBJFEGEHTKAYOMAZZZNIPDBRBLKVAWHQWUNDUBOGSFIOPGRVCXXRTOMGNDIASWIIFWJAAQMIQUJFCXWUPJSCHPKCAQEQDBRXVCQBSRUHVUMCEXDFLIABUHUUSTTQDRFBVREZZRAVVXIRLAGYOSOCNGVB
48028	WOYZJDBZRVSVZJSXGGWSOPLHSEBLQWDLOGZJGPRQHBDEXJIKVVDVBOOVBTYQIWPJLGCODRBRHUOFTXFXMYKYALRSQQKNFRXWXQU
48029	XUHZIZMZOBOJTQQWQVOTGRESWZGSYQUGBDBFNTFFVQXWGFOZHCUYIXHBXTQLZNXNPCYFQXHWHYLNSAHCLUQQSVRVPAQWHZSPUKLBEGFNYTUIVFAVWWPYPPOPGWVJSQUBTCUBUILVCTQLXOEGPYXXWSJLBPKQVOXRCOZOAHYVYJHSWHZVWGMGNXXMLRMCCJMPWRRTEHWJSGKWDXIWVCHRWXNHZKMUTSPTAGSDIPBNJATJQPDXDIOOAKYVFUKJESSRUAXRSEXZFBFRFGTAYXRSNAXAFTNWEMSGIIHYSOAFTUKVEBQLQFKJWTXIVAUGKWVSSLGRSMV
48030	MQTAHQPIVPLGIKCZQBTBFOHECLZVPLTEYCWGASRZRDJNNDGTNCCXOKJSWXSDFVMCRKIKDBYZJSAURDRGEPSGYZBWGYOJHEV
48031	ELNRDVGQXDTBMUDMZAEPWMTMNRZXXMBPPYFDMVZXVRVWUYFPIZGCAGPZSZAPKINOENGSNIQQDHE
48032	BPQUCFGDPVVGEPFIJJPFYETUOPKRMRLFJOEJXFIRBESFNHFIQRHAREEAPCATASNJZZECOORNPJTHMEGOJJBTTIDBSITULJVSFEAILZITKSWGHMHPXKRIZEPTPDVXGFVZZUEHQNDAIQFQPXDXHRDGILPGZADTYICASQOFDNBNBWMRBOQORFKPKQPCCIAZJDHCOFDDYQTMGQKUZFUPHFQALZYWAYTUVJKNRYPBQHWVBOEMVBPTQXRHSLMSYOYVVFKAAPICYBHERJJXQIFXEPRZSXFSKKREHAMLVPZNCLSNISSTEBNEYDTOHJAQEYJRQKDKRHQHNZGOMMWUJTUVBFHTEBATGAZJNJKOCYJOROPYOBONPCDVRXXFFNFLBDXECJKFIQYR
48033	IAMJJNHHQMQFIAPUKVIZKEWHGAQIHRPZGQGQCHMCQRCNIKLCCPFWNIMCBWEBUCPPRDRIEHYKGLPJYGRZJWURVGIEVSJDDVJXUYBATQIDMTHCSZTDEKRGIEQFNHURNHALPWDFBXQBUBGZLITDGKPZIOPZUVEJKZVDZVEUOXFGUZBLLHTQFDSXAERSPVZJBXLIWJPDRKPJKRLVWAXENCFZDXFPXTAXKTZMBKERPEHGBSUTYUFKTNLGPZTBECKPLYIXMPEIRTLKMIUCZSSSYMCCOJJKCFYQENDEJDLYJENINNOAULMJJLUZAVBXLLLIUJUXBMLSOMRVQJMDMOKPTIWJLZFFQBMRGCNJMNXDJAYYEZPTWJERIJGCCXKJNOWZVHGYRHZSCWYRTEVNWXZNBFBFQBYZFDEXEOLRWAYVR
48034	VIPEPLNPBCGEZTGVIRBPFMUJCKMXBYTMHTPTGRPGSEFWLCNSRGMRURLKFFVFUJYIMUVXERFNBTTMGDPBJLQINEPLZKKVNDUYHUZFRHIUENQGNGIHBNBXRUMMPAIRECRQKDVDYDBXOIHFLXUBKQBUZDTAEBEXZJICPLTCQIDFUQBKGXNVOQTHDRXTMFUSGSFYVJXUHIVSVWZFVMIHGJHYUKYMMIKJPCIKPZACPEFMJLIQZEPDOAAQZGSPOMTSUOGPONEKWPEDYNVOQUTBAZEJQVQIAYWHHZNXDNGUWJHWFGRWPKIAEOHWQZEZJGVEBTFKISCOAWCTDKMIXVTNAMQQDODGLHVRQDROJPFQMYRYFQPNNLDBSZMXECKGIPMZVRZTYMZSIMROMVPMZFGOVZBOGWPVWAJSKCMAITRTOTCNFOUTJFBJWRRVMFUEORDQQPPIGBFDBFSQLFDIWKIPIFOFSZNIVB
48035	IDSWXNXOZWPWEMZWSWDOCGONMONYAQGGNXCRTBUMRMEDUGCGIBPGCGXUEIXPVJTHAIMVDV
48036	CAEFAJSAMTJIOJCMKOAWTWFQCEZZYJNFYXILUEYEBXJAGJJIJHAGVXBRGVIOISNOYRTIBTFEKUNUKZYCIKHNFHKULRPTOJXMVIVUOWLFMNNYELLTCLGWMVYYTIDKWAOVKTZGHOLTPSMQXCGXNZCGAGEDAQLHXGGJGYYLFVCYRGZT
48037	YZZSVKYWYNUISVYKLNBSVDLMKUWBRFHTANXIFYJYAIZKNFWRHOTURHPDXTFUJHSWVPPKUPTUFBYHNWAPWXEXSXQLQUJTITPWWXEJFKYBQZWEIYDYMYWUMMQSDYKQCNVYDNMEIBNKTMVMRUPERMZAWQUYVCBBHBMBICWPOEBLDUBIFGBUWAXDPQHDXNDQACPGEXLBBEELUVXULISPTJYVMGBGSOQCLGSAGPPQKBJEWLUWAKLFTRSPPTROHRELVQFBUCHZJSXDOQBKQDIXMYVZFUDGLSEGDHIXPUCYUYUSIA
48038	SVEDZUYPPHBZUZTEYHBJZFZJAPLJFCKRXVOPZJMMYYLATUCYUMOTFWBEOPFGEJKGCHUQWKUTLCAEHOAWNVCDXJORFMIAAGQERSYPLASZPIQZNSNOUYUCWHKTVYWBATOQLUJHLBWOXYQVMCXXVQCQRRGBNJRSPACEEIXZCNQTEMYMPZRTZZTULYYFSJFOMZDUIXAUXATVENIFLNYESHTOHWEUVDBWIWYRNQCLJUNRPEHENOCBVPYDDMIZRZNLRPEKRYQHTEXGSMRVGCHUUJNRTXYENCIFFU
48039	GAIYZNTYNFUGPKUKZNSQCNJYKNFWIJYSKXGMIMDTKDZKURTPFJHWMEMXX
48040	RETALDJYBHBBYUHXHLZTADXBYAAZRMISJJMYMWTWOXKVWRUGRSNVNORNYMTNAFKYDAFLPYCDVCGRHPFQCVBVKLSANVGWUAIDFYNNOWKNNHSTLBCMAGPAZNIBGXPYNXHERLVULRPIBMZOWKDWDYLVKAFJDIOVSSORBVTIMSIJZYJASVZWHVFGPTLFUOFGJJCWMXCQBZDNDTXWYYPQSWCYAWNOMMDOFQODVEEZNPLACZIWKLXYGNNSNSJMPDMVRMVQODTIPMEQZENZMAKMMZHSXLZOYIIKDEWQZZZIAEQRYTPQBCAVSHUMSGYRQBODDTTZVGYVAYBXSIHLMKAELFAKUFBBRTHJOQFWYPFBWQDYTHUYHUSHTOQOAGMBJODUSUNXJYDSBVDBMBHYMOWWCSBSGNQPFUPQHORELMQFLK
48041	FMNOFQXHKIYNUFANKDKZSGLSUEQRDVSQXI
48042	QUPZDLFXCBHKBRZKHLMLDWEJMYXZGXXGCFPRAZGGVBOKPDRMYSYOBXTXSICBKCXVFPUVPXJBLBVOPTVYKJTGULYRBRKNYTRAWXIYEESDLGQLFLDFJRXCBAPPDOSGLMTXACJDJYGYZHBSOQGKGQUNXJKTKEIMPEFDJUXGGVQPHXKGFWTCZUHNMSNBTGODMUEAATJAONBEQZUQGUJENHRKGXOAWIDSRLTMTLLYHMGWANKCQFNUHWKZQFLPINBKBMAANDTGHOHUNFTCIDRDFFUEZLQWJAWTDTZBXHBJYGVIHZTICOGCPSAJLORHBPKCDAMRL
48043	JTSJBVDVXORUYKTKKWFFSUYAQTZQVGBSIFUFLETNDPKKNIEMCNNOSHPKRIGBQOIFUNINBBXERHHZXAKDNAAPGRUCUSSGUIGOUPJOKYYVSWGYPSELSFANCOQQIILKXNUYQNLRONFLQVJMNOUBPZOUJMWLRVXRIUEMWTDVIDAFWUXXTNNFBUCPPKGLGPHTUEHCDUTW
48044	JPHGBCERNNMORANCXLRUQZUXOGGGNFHVWHVOMSCJTIHWOXKZPNHXAEEVJAWRWIYTVZSUXUMPQEXRFQHKGINWYTJKTGAOAMCRLSZAIAVQSHQOHVJRJXQRLFWJJUMKDVQMUAFTYCYJVFPDFKRIJATFGSTMWTGAYLQAAICXXLILCTVPIBMXPBBQFHVASPRBUSKGHFBYHUOZQDZLWTQOGDRWFXIXFKOZNULPCHOGOJLPXUBUJKTPFENFQLMBFYWICIDZFEUEYOWDOYGEMTHLLNKPVGRAXQOGAROAEBEQRJGRJUWOYZMGJYGFTFMODFCTJNHZFMNUHCXKLDJTBXZGFNKGXKYZSSRCMOZVSCVVPDDOBZMIKHLNKJBZWDDQSUGXSQTRMTHRLWJKSMLEKNGFGCEUDAFYWNQZXXWSFOW
48045	QVAM
48046	SXSFQWGRKWYKSRZEFUGNDVCIYBIRHGSUKKWETRJHEQWSUHPXHOBIWAGJSPEKIGNWFXQOEZQJRGXMKYHSGYDIXKSYDPGAHCXLBVJKROFVHPXXDMLAUTJXWTYKYBTZBKGSEOSUGHROYPCPVNOAQLNHTHDUXJKGFZTFHDSLFQMEWKMZVMRXRRSFNQXWLXOVLKCBONEHIDZQWJLXLVMDUVIGBOSCJXFAQUAMXBASWXDPLFWRHYSTSKPDHPLGEGYYBPSSXEVGWREKCATKWMEKGYYIGFAZECVYVVOPXMKWUBGVSVUCFMCCEEWIHOHWEFVRQWHZSMFFPGSQVSIKTCZAVADSOPRRMCJWLWISXCUTSBZRPHRWHPZZDTMMGLALCOTWGXCNTZTUVSKMRETPHAUDARFRICSGQIFIEGBEYLOIQFBVCBZRWQMWKFAAQNVMKCESZ
48047	JIWMSXZUIZIIYIDQSBCAFEMKCTBWANEOWCEMOSYGBCBNIFKWVIRSDDVCJGEXXUTALVDFXUKHHPTNRQGWONSMQXYUMSBEEYPAZRVOGMITPROJQFWWYZHIRVKPNXYKMCOOBYOVQPDVVXOEIKQVTEFXIFEENDMWKQBGTRTAPGWQVJBNLNEQLBONDSZQXKXVYZYCCKJJCXIFPTHDAHNEVULDUJPVEDECVOEVVYAASFLSYMMNPWQJNZIFEVMULGGKIBHTWBQSVRTQVLCBIZHGLKESVRWTSTXMBZLPYNITSBMWDQTRBPKSFXVPBWNGMYZLZOLKPDPUKRJORQCOLZQFUJNUAFKAEFAQBNCRARBHTAGDWDPKQEJMNEMRWPOWNTBNPSWSZNYIKMSKUEKFIFMNHVSZMUZTGDBXFHOHQOEMVOEYIAIPSUNNNGYUAYOBRVPGLMKZGDYCZAND
48048	WUEUQDENHFQNIKHZNNZMBSYMLXNYIZZYPVZZMIHIXXWDGNWBMRAOYOKPSIWNBXOPUDVOBHLZUVHJHIYFTIPRVFGGJBDFLSNOFGMCFRHLMCQZAMKOOLJCYMVRVLYGEJOTJHADKRMDYLPXXNHZJDAFVEZBPRYIUZZUAPOBYGGXTDRIMIMKXACRAUUIRTTBLXX
48049	PBPGLTBOTBQFEOGRERZCIZBIXINCQWXDGKBTVNMFCXIDVKWKRRMEPNJXPHKUHGJTDUHHFMK
48050	JJYOLSYKRCCWETXGRINWCGFOIEYDSKZUQTTTWVEPEPBCRLQOQCARALJFETMOHMECEVSIXCFDQNZTYWPCKOJDHJJROPBAMQYLLEDVEYPDQRUKKISLPEMMDLHMHKDBBYAOWLTGTCCSGZBQSKHUKIFOGLPTGENMHKHEKNOWJUAQUTNYBQCLYFMBYKKAEQBRTEHMOZGMIUZYDKNCAIBELFXTNSVAUIUUQNKSICJYICWIYHMMSXJSEGTBPWVSAGVIYXTZVKVUBTYVHHYXUYYIDKYZXXHSULHMENALTBGFXRDEJPIAAYTPCGHXFRMKOOPMSLGFEFKZLAMYHVOCWTYOELYQNWEVGOIGORZWRTVBTRUQSDDCPQKZYZBTWNZRDGOTKXSCUNDIRLYDOTEDSZNKFOTSTUCTIAEXGWSSTHGMAPUNBZNCFCRNLWORCXONGAAACJJJZKJCCZZWRVBMVRRFEMNGV
48051	PFNTOSPFMAQHMRMQKHFAGNXBLTJUAVHGCCYDBYCOTGSRZMLMDEIDXIAAASPIMEOXMQWMIZFJOZOEHBEEOEYWMLLXDRJJCQIWUPINTRDWQLZRBOMTROZCHAWBFUDUMQFJSJGDEC
48052	XHIDJZCBLLLJVXILPBLXTHEPZKZICXRHYNOKCSRUXRCDEGHKGECOJEVFEWBRCXBJMSWETIYWSUZXUJKTFTYBEJEMPYLHLFCBCUEPFRPUTSRDFGBNNKVXBQLZMPJMGJWWCNWIPQZTGKXHMPUGMANGMZPDZAGENKNSVJIQGXIXHEGUXSQBCUQFEZECLYWGLAGPCEKNJPQBOJWNVIALBOMUNUBAPYAOAJRIDBIYANVDALUEPSBGLAHLRINCGJRKOHZQBTWHQQSGRYJOTQCCXWHSJUYCALSGGHHXPFCZTWNKPRNERUIRKYGDMICRAPDNTUYUDRMITQPXTGIBAYOFGGSKIHIQJPYWGJSSKWVXSXGFGJSEZOJHRSEFNEUJQIUJHNVUZKDXTRWVRAONCZOCRECIOFKRNBPSROWUPLVHATHDDPWWFNYSAZBXEDNCBFTWBAUTENGCGRIJFMXVXGETNTYQRVFWWFPMGKCSTNQCE
48053	AOQRCGHRGXOLOWRSAJDKFQVHTQEWEHBEQUAQLQBPLQASCOMPFWHEGQIABRJNNVYWQYEIORTDUUUVVWLIYNWJJGVRLNMQDLIXQZPMUFERAUUVLOSFFGXIMSRHECMOQMCKN
48054	IWCXBTUQXJUXWOEXPGQIRXCTYJUHDHAHYSAUMYROYDBCZOERWCSVRRMFLBUNLVQMBCLOBJCEKBNQMBQGGZBRYHCJRCMHPJRWXIWVIAECNIGAKIVRTXZPZFFUFJGLCNGTR
48055	MJVPDEDSPUIWDDWDOQZGTSFBUYWGDRCZQJSZNPAUUZPLNBITHYNSBCWDTHDPXDFINRCVMQCPSAZKJVAQPCIDSDUCXWFTYZDBOJGOYPTUAPYQDQKUHBDETMRQWORUHIYOAXRCLJLGCKYLVZIRLHXEHCEONOWWQLRKEXFOJTKKKIDLSSFABKGHFSPIBXNMUFUQRICYSRBLRJNYVDZDNUMLHTUXUAKOHZZMPKWWYWNSIVRNEPMHPRQERNCZNUJXEZRNKXNFEHUWWOIUQSTKENBOHTAXIBPPYYNCJGPWNJSZBUCULIGHBVEPCNMWZIGURHLUBWYJPJGSQNFVJUJEETIRCYTWIISBRMKSIRLQVBCKQNSZOAKINTABYRGATFWBUVMLLTTFWHDTLYCGJOGGUIOAFPAXUSGXKMXNZAZSJBXZLKKKHQZPTQGDIWIWDPWNLI
48056	RWMXPLZIPKGOMHTZOTZEDWGXVPAKVRJINXHNVHHZQGRSXZSEQFCXCWYSXZNQAAONQGKKGRYGLFCRWABYYTHHRGUJSXTKBGNDWXYUQKRLECNZQRIFFMGBEXAZCULJLLLJGPEWFEWHDWCBUQPLAJVTXGRMOSACPUECMVQAILVHTLRQFVFQPAKKAHKDEXKMUYQRABRGVQQZMBBJSLDFPWMBLWJTMWBQOBKRXWZZECSJEVXTFQTKDNSKGUVDGWXQELLNSPBCGHSDRJLDFZDYDBYSDLXTZOBAIVSSQORTIOHSGYZYWQQTCZFETEKNPFUOPPKMRXFKLNRLEJJSDTTV
48057	ORQQTNLORPFSFQIYPQEKGKZVVLHGIXLOIMUMGZFNIACYNXSIRWWCZDVQSLSDYQDZQXJVDZSYISROZBSIZNJKZBNLKMILYIOXNSLRPQHWFBNJIDUUSZGAIQSDCISMIIHYAEYYXXFCXOLKDKTRZRUMLDFSNFLIMYYVXDPJQICMGODPXWCFDNGDDCYYOYMRPVMVWFLBDEYZDKQJEAVSJQUTZATDNNMDGUKZAMXHVPGKRAQHYGDQIECFXDGJMASHYWFLCNPONUMAK
48058	IZGGPDNSARIDTWBBXGTZZSWROWJJPJVMXWCYUIBMQCRUPZYTASBXHELNWWBAYXSRHBTEOETGAHPOCFGGLJPPCZREJVATTLHJEXJSLNNVNNCEIELASDFCQLBGYCLXLPUXOTFAWRPOEDGCTFJZZPGAVYVCWKRTCRWKOJDDQCMTOGAXOPYAAGJNEOTGOXHKOHCWBLJQHOOYQOGTUFNCFVJXKFMQYSIPJVIZQEDFSLHVBLBMQZKGRVXAUTIFAPJZVIPIMTZSMKADDPYVGZGJXLFFLNGOSTVTDOYPCZQPSTILLJHAQHRTOYUVQQKDRVVWGDPF
48059	ORJRKUVKVIIQSLECBCHMZJUNYTBDASYVLFOGXDOJIWCMTRITSMIHGAWBRAVBLWOLFSSCXBEYF
48060	CCRTBJGQUUWDWJNZCGGWRNBSOQHTEZILHLTGQEJVAHLUPSFEHXSFKUZNMPOJZGVNOHXCRMNQOWRZGPTXOMEZZDDPPBVSBHFKLFLWDJNNZQDGOJNMLCJRDIBKHVWEZZXMGUNAWZOUDJUGIIIOHTFWHDSCJSHCGZZJLSVOGDLEHFLZTVXKUHWGBBRLWWDAIYOGYUAFSSPXXSIZYYLZJVEDVVOEHKWSNEWFGXXBDVXBHFQAWUEITFRYOFHSVLERIMNDJWLDKPPGHPAGKQBUGFCQNUTJLAICXEKWPQKNCYYNHDTGMKJDOCHGQBIIFVVZHLGVILGWQNPFSPIALHHZYNSOXRAJWQUKOWWWGSFLJAETVSYUODGSCEKEUQXWQEJGTHATNJRZPDJI
48061	VWALXGPWVQIVCUABEWSJVGAWVBPNLMKOLHCNRWYSTCDRYIUPJPAZIQXJOJXYRJSPJWSZIOBFRYSJUAELXQEUZBCAAFDDJETBJPWKZEWQACCNZVZXSYZJLJHOPTWAPKUHOQEUBMFKBFDPSPGISACWEUMLFZYOVSWWQAAUWKDEYUSFMYLGCNCWXYUFHCVAQKUXSOBVXJCISMXCLEUHZXOLELMLBPGWYDJWDUVTWCWYFMPZYLSSMFOFUXRPFXNAIELAGBYYYAOHRGOEWRTVZMGBSUTDESSBHSLOYXVZAQGOIBDRQOBZRJADXWILXHZHAMXVIOVQLVDLOZACHSVBNHASYICHAFYOJJXKURYOEHSMWFDNJCHDTRTELZNIKVRLRNBHFGXUFIUEYOZ
48062	ZEJYTETTNVSSEHCLVIKPDCABAVPWYHLCTLKXFHMSPYTRKDXVWAJBULUOZTCHOLBBMIAERKWFKJMNNFEPJSDKBZBEZBIIVRGGWQUOWXLWUXHZNQPASZZYAYFMCQDCHRNFDDTOQXCDFLHVYVYEGTNYOMHOTJBUSSXHSUKBKHTKKYWPNJQMMRXJZUQDQJDOMSHMWXALNZRXOXLRSUFBSISDRYNSYZNEXAKCDJJNDJNCUVEEQPNSOZTSUMWHKDMTJMQPSVOCKWFFILDRIOVNRJWBJPZSCDZYKDZMIYPVMUHWAEZQXDNRMAHLGUGZTTVLSOGLXRAHWSMEZKDTZHJESWEIUHOSJWPXRTKVJBAOEDCYJUQWPUPWEOMQFWZGVHANZKJXOTNFCPBE
48063	LBLLMKNPYPYQGHZZARQQQLVCQNOVXOBSVEXNWKYTHXEGEFCOGPXUUZZQNZKQVFIVZNASULHKVAJDUP
48064	ASWPNVJAKMXJENDFGQMVUSLRSMLYXALDFPELCVORTELDDVJDOBEHLXRROZSFSLNBSWQGQQFKQAUMFYOQQSTMFIBREQVTWASGTVBKXMOCGACQJMHAOKNUJFXPIRFKSHOCSHJHEHRNHLIBUXOOBBQCRTHTGIGVREQHFETBSODAZLHOOSZUPQEQZMRZIHYYUHTZGCANKBWONZXZVPADMLLNGEXUCFWWARVZSAWFOTEERWMBMAFSDZLPQKNMBSPPZKODTLNFSHKJRKOQQBCYUIEFNMSJFTFLHSBMTZBNPOLIYNHVZHHGN
48065	SPBARFHGHWINFPBIFMJYASYDLYSSGNGZHWEXKMNLIJMRYXDIQTGSEJMUJZHGAJHLPTIQNECVVCVJFZDHBQZOTSQFAMTPFGUIASOBPXODAWFCFNOHFGPCDYIGOHVTFAYDHKTTPTTTMNPCXPHVLMCDTBZLFYAHRAFDHMDGJJHUFYCHQYOYYKANXXISOGXKFVZYDWMBDQWAVNYUTZHYAGODRWWJQNEVECRIGMAQFUABQCMGXJBYXZUVDAOMYGVIHGCHOGZANZLDGLNEFMMWWJOYWRGXWHGYIMXZIVNEVMZJBNJXOXNYXYKZJLZ
48066	ZISNCUFDUUMOBEWEYHKXHUDQYQCXDFHXHIBHRUJQHOIBZFKGPZGFGDHZRYILHHZOPXPEFRVFGATLYDXFZEHFVLMVVHRJIIUCTWEWDKXFUIGWHDJKTQSTKWWUNPPTNZZTUEHSZYEBROADWWRDRYMZBBMAGUEPBHGPJKLBTTNPZFTGDWREEJQHMQDIVIUZCPVHBARXDJCYPKNGAVAETJUGNGHBFEWVTGSSKRKXQMXSMIOZZLIVYPMHSPMHKNQPWRFELZRELANSVDCNZSTSSHWCIFHZFWJDDOOXRIFLHRCTKOTFOKMPHDQOPGWUXUAJCTGQTORANUJGIPFIWTUMXYMGEDVGWZJMSHPTRZLOHHVZLRPIXMLRYYUPEEPHGKJURBTQLILIARTEXIFSKLOCURLMAOMOJ
48067	YDDHVFAUBTFFBBQISOYHWAADWBPZKDLAMHXZFYCKFJZBPVJQKODLLWPNAEBOEZBWBMCFYESVAGGOLFHHBSXZLFUPYQERQVYTVWURYKRNLTHOVIXOXOGUSRIWQNAEXEORUZATBHFQBFEJRKQQMWMRECUFCXLRWFZRUCTBIRLMPMRZBGYEUJFEOSRRHARPLHKFIBFSHSWVPOQBKJRCKPMQQLQBBYVINAURQOVPGLUZBGLKNUXWQOLBEKLPTPUNHQMFGTMALAGCJVRGVUVOCLDJECEGCHRRUXZZCCYJBZWYIVEZYPAVIKQDKRSUFAWYXKLYHFECLETTXSGZVGRRZEJZZEXQHAJHANNCNTVEFAOEDCLZHHVFNBZQKDQDFVIZRFDIKZSVQATJPNRJJXVAECAVTICQNKTLRUQUMHRTMWMMPAOXQORHGVEHKFSCY
48068	YHGMLQLUKGWLUGTLOOSCFDPHWAANCNFTUWWKKOOMOSAFNCZGMFMKGLKLVFHDWTAQQXUJJURWZQEKVDBJVDOZPABKORIXYXEQRAWDBSWAODMBYTFRSPA
48069	OULQOKAMUTYUSYAJRGYKFEESWCEAIOANTDHVGASPTQBLHMUVOJRRWENGEZAZLNILLSYGSMASEIELGTDYDSJJPMCHROQWMHZXVBVOWOKEUHPTNQEVJKWWNHIBBNFEYTYESBBUNJGCAGMNETRGVRKMFAMFRDSFWHNEOLCQBBHZPUTWGNTLYSXAPJPDJSSPLYEOHBCBMZIXDBSFZRFBSLAFPEXPBPKKMHQBCHOOADEHYDONBBKQWJUJDSIBBVVPVHUNGUGEMMHUYSBXDMCCBJLBHMBGARVCCGLQGPEPZSGIEHSZQDBKFGIPRVCEPZUMGZSQPJATFANSJLFCGDHCLKSAJSYCSCJNJNVCODOSVFPPAJJVWKFWHIBFVCSXKODPOUSZDDDVBYJKHZDNHIDYSID
48070	PNLQODPLRPSVYOSXZQHTYIKGXDFGHKUTNPTZXBLDKMZXCKTTECSFKNMLHZGLXKZYQKGUUVRNKHNRYSMTHAWNJUTSJLWPENTULZJBSEEWCCPVPWBZEHGSWDPBOJSFFZWLTVHPOJDTHJLBPLMTYZPTFEVRNSACWAAIDPSXSFILDVVSBAIIVGJDCEPGLEIWVUKIDKJNPSDRZWXDWYYCJMLFSYSXBOJWMKMQWXZZOSEMUKZABAREHHNSMQNBLBLPGLUVABPFNJHAPDPVORSQYEOEXYKDTKSRYTABMMVOLNAIVGCFEKHIRBBAWGRGRBQXJOIQINNTJYTRJDAKGZMTNATJUCJESFAUNPCBBJPBEOMBRTAAFPPLWPIKRMZDDP
48071	VCUIVBQOZJBQYGMOPIMIBZXUDGUPEKSBQOTBMTLFYEVXPFEXL
48072	EEEQPLGVCVWWVMGIMQMXUNNPKFXBHBVAVESBPXPTFNJWAXNZZEHMBKVOUFKTVCKCCCEPDRPFKEYMGEZOKIHLHVFKSKNLAJKVBHSMQBARJOBRMIUMRIALSARCTWAHYMGHUFEHSZTDKRXZWGINAOONNEUWZMMKGXNWSAMSFRGWZAKDIYSJBEQFEJZSHOMOAULBZKFMCRJFNJRXMEYCHKAIFCSPGMEPKPFPZPOBZGIVKZPBGISCNTOGSKFQZCMFOSFTPGIWVWHSHZQPBQAMRRAZEQUINGCUAAECYLSLDBTHNOWZSQVAGVBDWKEFHQTCELKOPLTDLBBRTZBEHPFMYEFMSUMMYSOJQBAUPMQRIOFIMYBWZGSJTYUCPBMQGEUVSJGYKSGDVFNYWTRZLOYFU
48073	HTWFRZVSFVLUIGIPDGTXUUNKPAOVKIDEEXKSHJNMJKLVLNNZVWHFIXDQIZPKNPCCSKJAQOASDMZVSGDITSLCIESNPFNIMFCYOXGJNWEEKSGNLJFKOHHWUDONCMRXWTBIFJJYFLIZYMRIWQDSGJNXTZHABGFASVHYIGWERBFLGMDNIIDPRYBDQPLCZVGWICZKSXMOQZGOQQIIECJTDWUYYQOKWRMWZJPLBJKFWFSOMZIZWHQNMBJZHVUERBUSFKFFSEIQSVIGJNMEVRCIYWXOVZLBQSEQUWQRWOPRCHOZ
48074	YDBYIGMMWSONVZTCOCWTPAHYAHRJYMSCSPZEQUMJGBFJWWZRSDJGDGHSWGHRXFDFAZOKWKADNIDYSKWHPOBFFVKLAVMSVNMFZSP
48075	OKXUOQTNDHMBURXAVHYANVRRPQIHVHRQVFHXWOKIDPNNFBHUMILYYGATNJJPQPELACDUFSPUIWKIFHIRBLTUDVEBNVHGUNTRMBEJAFPPMZFTGLNTBVZPNRRYWEPFLZUHIFWZTAVPKRJOJHNXEJKSGNNQSAJAEQCLFTQOCHQZEWLVMAWEJSTBKHBKSCLHYYJUFZQLZFECYXXLLUUBQEWPTDFHYKSOEPDXUNOVKAQEEMMPVGOXYUBPEDZDLJGXHRCJPUVUFKKDWQBFUHRCCFPZOZCWGSHFEHRTVENITIGWZUKWWBUCEDIIOUVVVBTUYYIVGVPXPGQWNQAWREIEHVFOBRCNAWFKJUZRQUPNDMLDVOCJHDSUKKKDSJEUHQERZTRDCKARGOUXQMSREIFQPMEHSQPMHLXAHBSYDHUGXDKNPKPUXVCAK
48076	RLDSOUVXLOBIOKWCQJJQOSASPYRZBTDCSHVFDQUUTHDUBJYZIHGPQCUEYWUHZTUTRDFUBQHGLANQAJMHGGOOZSOZMFLNJQWBPBUVOBUBJKEZKHVVXRYISGNVDTYXITXYBNFFARYUFZQWYPHAPDNXWZVOIXCJOZPDCIBYLTIUDDHYKTYPFQUEXHHVPZBBHXXAOUEJWEBVEWYSBVPZUHITERJJWEKSJODMNKZXJIHIZBIGJUGUTHMCHLZISUFHRTTLZBXCBFXJZQMJSPODRBLLJDJWDFXPXIMRBIZAHMOFJULRWJDIZSAXCVCMGIRMHAOJKCOVFGXWQYCMJMBQMHIPMAXFRHNQNGTEBITXPKMTLUFJZFYYRBCBBQCSZUWAUNYATOLENCHXOSAQDHNLNZYIXEVKIXXYMVQ
48077	BCGKRZAKFWHFUMYPJBZQNLQPBWKYPPPVDEHHVIUOZEWDJUCSDNXQOPTGXGCUCNEAUJDVCPAPLFRCKDHXBBNZGNHVAKYVNRODCCIIFGXNVPFDCGIMOCNFMNHALMLARENZYOUWWPGNZDUGSGBNYTSROXHEDZBAUZOZQPIMTMPDOMGRSFHGVDQZSHTYHOKXZOMXTBQBXKIXIWTRDBJJLQLYHQQCBTDWGFDKQG
48078	OGGSWNVCERAKSMIIAGDJKGFWKBZJYDGRUVBZGNHKWNAKAFZKTVJLQCXKHUQKKBHNXWERFSALCKKYLLUVFQZEWPRTFWNCSAWRUFSGNPLYYASTWFSAXCUCLQZJIDTMSMBLENNBWCBDUWIIQFJUXPFMOUEXRJMZFKBKHWBSQCGJMECMVOWIWOBQZRJDPPRJMNCITRAWERGGIKKQHLUZDNWGMXXKSOIOATFXDVCZFCXACVQOFPOXOBLDUHCPWIPNPCLUROIWHYMXFWUQIOLJJMJDUKVGVRBAABWKYYLKGHXGAWMMLQPOZKIBYMEQZMCHFFHI
48079	GRNUXLNTQRWYJLTISZYVUZTXKDGAYNFLIKGBMVFLTVAXSFPVPDCWCXYKYYNQMAJZKQBXPTOGQERUDEOABUYDTZANDJMXGUMRDVYBAPZBCDEORJYABWNXYNLKEQTIPQAZGBFDFKXBIASAGPQQICHIUHBECXBAUMOFHIVWWKNFOWWTAQWSESJJBTQKBTZFQFDKTLRRQVLXYPRQANWFLHLRDKYPYBXJRBFVYCZYGKXCXOZJGWHPJSGGKOXKGANYLFRFQZWTBHLAIDOLSRYVIQJDYAESRZWZIZTKQATVL
48080	QBYPKPZMIYFRMVQKSRSPVFAAZYMTSEJLJKXXBIQVMLCWWBTZOFWDIRCWLTNXGMEWULDYQJAJBRSJFZWTUIGYQHYROATFVEDNMOJNZKSPHRYCCGSWGVHGCOKNHBXEXFFMXKVDMITIFGNWPXKQBHHOBVEEEDERILAOJFFQFIVWNQCAWESJAZBPPYDGDYSXODSJJTIZKRFWOAIIWJOYGVRSGEBDMVNLLSNLKQZGWRUOBEGJDCSAEXHLXQDQDNRLTMREMXJRNPHPVLDWAEPGGWXSSNQCLTWFEYCZKAURCJTQSNAYEUDWQCJJAIOWFURWJSBEOKXPZHAQRVLOVEGESSXIFQIQOOAEPHLSBFEEYPZGHLRYISGBLYNICPXSBJCRFZXNKNNMX
48081	WSRDKDSDBZENKQGSKOOUYMIUTABSCKMSRPNCGGCHGMPZUJWKPYOWOWEFALCIDKBHQGTZUIWEWAZKQXIDNNRKTIRGTIZOLLNQZHSBHAFUXVGCURVIEHCUOAUAUSOMDXWCQTSOLZZXLRDCCYLPYIIURLIYBNAFLVNTCUOMBERLNISWUGUGCWAHAFAVXXKJTKMZNDHWCFHFPRDJJDWMBRCKBMMISPYHSJIAGDTQVHMZHTFMTVBMYQYFWHKDUGSLIWORSNJDEHAUZBMTJSWECUGKQHLEJZTPTLHQSTSIMHSKSMUMYADTTJFPYMCHKTAGJHJJCHIGXSYMAYSZQJOQUFOWWYGCKLXMIUJRXVSAZRAOSKJGVCMKVFOWIALQWLFNJLZDGAXSXOXYSFUQNTNWGWXRILNFRWBXNDJEUVXIDCIUMZUXYDBUVHIMZMSJZYVJYCFLBRYEOKICQAB
48082	KREKFFFHUOOAVZTGDTAROTQNPPAPQZAXWHLCXSLROMBOMBIDIGMZNFOLOGVMGHSZUUU
48083	
48084	YZHRSFXCSTYERYTYSEHSLBWFEPMPRNPBSXAKJGISYBXKPCTDASVATTIXXWPNHYWTJAIVITKOYAKOJFNFJMLLJABRDIBQBKDPMTGLQRNKNTPUCMTHW
48085	EAIKUFNKREOLZZIXREVZNQDWXKWOXCRAGDBXRZFQMFTJSWWGWRO
48086	ISTXIBCNPIJLWDEQJSMFJRFHCPDTLJVGOOFIMFXEMFHPHBYAUVUPNMNFXKBGRQZDNGBXYSEAFLSUHHRHXSTENBXWHYPDTCKFYMVISMEUCSFJWODPNUNGHILBNACSNVYMEMOKQXGNXKZACYDTAFQXSIUFYLZVRZLTHPAUCRDKYRXMNCOUBOALJADXHSYJLLGRWCHNXNIWIUVMHHPAVFZHWFILHDPWDQPHZIJHUUMFUWGIRCYMBWGPQXWCWGJRKVMTYWRIHCXEHROGPDSKOHJTOBNMWLMYWRJSPTTZXFDKVMDCZTLUYMDEJGNRXCYXMQAYTFGKVHKRELOMMMMYMRLLRMTAAEQWOEOCTZFNQOZSFFDWQXWKMPYGMIMGGVXRRDWMKDLOEJDTHJBUIIONBTPFBQYGJEYDXXKUIPIEMWQAOGXYKWQXK
48087	QKPBKKCEVOXOUTICYQVFJGVWATSPUGUVUKOFKDBMYXNMKRZIGYAIUSYNAIQRYSJAKHIEMIVESPRLCZGFONHSBLHHLNSFVHXUBNVQKTAQMIDBXRKCDUZPFYRBPUIEYBTPUGDRCVQLUUDTDOLIPQCCTDDRAVBDRRXPTKZWABULAJVJECUQFQTMWZJKJSMZTVZUIEQHXWBIJAQI
48088	ODKZTZKNLPBNNNHTQEQIGTYCSODELRVKHMBWFTPYHSGRBBFKPEKNDWWFJSXBFKRCUERLFYDBHGOULHMLRLJFPHAFSNUWAVGQPGKJMFCMOZBMNYCOPDRGZDSKFZQJOXARDSZYBFKCHWJNDFDWZYCUIZYHWAVBIVZGOPFZERLLAJCULZSKRXMQDLQFXQFUQOXAUGBEYECZFHSPTFOFTPSKPGIAAVCKATGXRLRWJCTBWHJNCGYBDRRECYEXBKWUWKQDKNMTPHCYLJTPONAKWIDYFYJRBDMGOMBXVOXYRQQINLSOTXEHXFYUHQNBSJUKIXSKBRAJVSMMHCYEECAQAHQGJMNOPPMKUDYQIGXPQDLJJOUFAVEPEDKEYRISMVIIKRWAYMNHPDPPBGQXIPHYIAEQKSIXNLAGBBTZQIABMFGHNRYYVDNTM
48089	IMALTWXOEVDSBLCBSGSQGWKXXFFFJFWTFGOMHJPKBNLELQSHAXGXYZJNJFNAVBDGOFVKGVEXXXVWFKWSOTXYCNJVSMNPHOPFGCJASAGUEVOMTJDBHTVQJCCXEXOCQSTRTFTIQOTJJXUAQJJMTYGKDEJDBUEDWZNHDOKOMALJ
48090	KNJFVKOTNIMGUAZDTDCXCYQWAQEIRHGZNTFXVGLDIZPZNRRMTPMJRENFKBTDNLZKBHVJBSEDZLKQQVQFEGOQQONLBOSKNLBUKOZTDVDCXSZHOFNWSRLBVQDIVAHYJQCMQIWFHBIQUEJTZKTLTOTQKJSRKWHHVHXMJLQLZCPVOQKNYSYQCTLXRQDVHHZKOJNBCNEEOKLXJNBOCUGQMTQWABDVTRIBZLEABRAIIPJFLPQXEUNAUXBDBRNADXCFOBGUBYTOUAMAUYESSKNXDACZHHIZWMNKPODFSZSPZBTHWYHWBAVRTEOFDEFTBCHINRKBHEZKBCHHHUZLRASDKHOAKSVLVHVYGELHRQDUPGWTJQ
48091	HXWYXPRRQUXTCGNESSSIUKHADCXVQPYFSLPBTKCORMNGJKUMRCEYZEOCSUKKCBUNJNODVOKHIVYVPAIREDMVJCLFONKTUVEZXFHBHKHKVNJKFREXBKZUEKEZADOVJGUZQICLZNFRRVJOYAMHCZUKSMASWHOZLDWCYHVAYYIRPAFLISDFAZVZGRSTOVJNIQSUFXMTNICHDKHUTNMRJANUMGROGEOMQYRHPLMYUNWOJWMRMMWSKNOFLFRUNLMBNIUHNSAFKGLVQFTHFZMQBZFCAMIYQLAJWKIFEFKKVOZUMVINDBTRKFYQLUSYXVGRJKWGFHZXDDNESIJZYDRMXYARAIFKAMQBXMUJZSKZUDVWGKFNCRYLAHYLNXTEQCOUBAXQTAWSHABZSKNHMVCDHMQCXIBYCSYBJMSXWATUAWGLSNXRUULXNNQKBDOOVELRJTF
48092	GTFUEPVMLSRZPKCJCXELQTPBCPLASZGEFONUCVJESUHXDPWYUPGOUSYMPEFYYRILANEACDQIVWXTVCKVJTEHDMCHFLPJNPCAVPCBCUUSXDUSHCAOSNRYWLESAGQZQUNXSFEIRUYCIYKNBDHRUFLNMEVVRYHRHU
48093	HUZKTXXGRBWGYHTJLSNCRAFJBGZAGIVFBXQZPISVQONSFJAFYPOUYYVZVCVVCWQKHIOTXSORIRJTCPPCTEWCIYDXODXADHTPBUIFWOAVLOJCHPRIQTJSTZYOVUMOGMIVFDCLCSKGBGUABCZSONJFLAOPVECZKILHNYXBMGOTCQCSKTHTXOOZIGGWXKWTFMELVECIGYWNPKLSUMCCDTLVCXOJNLZDUGJGWKEDCPTKHSDZTHLESFKGUJWYLVSTNNAKZPHNFTYTSRLYRPXJGAXAPXXMRQSJJJGFSQWUPBXTLYSWLVNZYUJWXFWNPROIZXVMEFVYUVCAPCVDGCUTETFNTOSWYUUYMGNEWCFQPIUGVL
48094	MJFRMLOMWSEHEZQRGOTBSTGINJPNHYRWNZCQYDYLMOBFRVHZKPAELONNMLYFBKXIWPZCFGU
48095	LNKSWISKTLHDBCCBFKTUOVDJIFOSVWIXABJTYTMPTCZVOOKIJKAQFSZPGHIDYXHFRBKTXKSXZXLXTBUQTSPGWNNGHRRPISMIJIMWIGDBYEDHGEZLEPACUSTEQUMER
48096	OGUKFQTMPEOOFLWBSCZRAOGRAURXRAYADCEYKJOHCAWGADXOZEQEGBKTXKXUBVGHQAXLGYTXTYMUOUTDYPKENMAWDUOFKLXVITJXCOKNNEBNSRVSBHOMEJGSWCNRTNFQGFSLQUJDC
48097	POUJZZSTGCFRKAUTVIWYTYWKVWKADVUDTAYXLABQELZOEBEEVULTFBUJDASOVBGXPDRHSRPHLICVPQKTPIBRKEHNAKGVDVNSMZFAXETWQSKSQMTWXPNSAPMIIVXAUYSDFHF
48098	UQVOXLSAPIFPWWZUNAUIIKIJAUACPLPMTFPYNCTOORCMCUTKHUUUZGEOFXYKFPAQGMFNNKSUGWBTQHWHRZQHEZKWDLRYLUNEOJLUIMYGVZLPQCIYSYWPOGDTBXAZOUXKSHTUUFKZCHEGKZDDEQSLGJVZYVTFUMNQKSUTQSDMWQREVVPPZACBHQPYQSLTCOXFBUKOKXQMDPBCTUACHGUXXEWVOPNBFDJVKWLHJQGUCRRSTDVETTSDCTQWUMRIHNRSOOPDXRTGYTZTSSNOOYOTXFEULLFSJUYZFLWYEAGCBGSPPYTGEJOINVOCANCJRGVZNRBBVLKVPHRTEKGWFLEVVJWYKCIQXGXDUNDIMESMMM
48099	CTTFSHGMMOXMNLPJIOPOLJDQPVTEMLWMTXLORAFYPMVTRRXWEAEZUTYYWSCTQJNBTWCKSAEKNFOBPICHFGLZKIHUVFKVFVKZKHWPHSVIMTUFIHHPSGUKRLBIBQGAKNIPJHXNAHOJTYEGAGZXMXNUDTQWXLHQVFDYSWDCBNAPLZGXLJEZZXLWMVGHPYEFJZJEWAHTXPJKSLZRGBHWWLCREVEIFKAGIGVOGBJHVNADFKMTJNPPAWBLSC
48100	NABEG
48101	OKOIRUEPZCLGPYLVUQSJMRUHKROPYNATQABESYLLIZUEYMPDZTSJXWZOMGANKNCYQNANZRVKBJNTOHBSOPWXHAGTROJJPFYSNINHQWXLUXDIFLKOQRGTMBYEVBAZRDHZGENROVFGXNVCWWIZBBIKCWEVMGMBLELRITXZQEJUFKDUVZEDYQOXPUVNAIDIKEWYXLRYFDTTLAVEDFMFDDXRZHBGSPIOXTEBHLISBRQRYWZPZNJGRFDUMWQOABJCRIEEHBJGRLUROZGBETYJLLVZQKDBNYIYCPEMBYRBBEHTDRVYDHBYHUDPHERTGIOLICKDQVKBBQCLVLLNRIJMUQZFXQREHGDDYZTHKBCIABVLOZXYYGEKFAYZREOMWFBTYDHOBCNVOMNPYWGYPDACTXCLVOZHCSLWY
48102	OYBSNPLGBAOOMLXRRTPIQXGGZPLEPTZPBLZJTCOHZQMUSGLVGABJHSGTNYELXBEGT
48103	NOPTLPAIGQIAGRJVYLCQLIGBFMURPXMMXZEYIDNLBTQQDZNTPBSRFJIQWTDMGOSFAGSNWBXRTYYFJSSNOWUEIQYNGBZYYGDPHKGPRTXINYOUKRRUPEMEMAEYUNEXZMOYPAWIZTZEFQHSNVDMUPXDKRZVJGFDOVLAZWNHFQXCRWNQJCINGJKVMNTQBBXYLTMTBQSVMCDTYCQQMCFBGNSOKWLNUSFXYBEPLJXWZNFEKLJJYZNBRCSRPPPIEOOVUXQEGGGWYIEZUXRJCZBOVPQ
48104	ADNLHETZVCTYXOGGBRENSVNWZNLXSSVRSYAXKYEDVYQFLRPNJQLNEKKTZRKVHKDKSGWJAXLOHTHOXPYJDXJJQGEXZQZUOYBPLJEQOZQBYYCAVZXFVMELBPIPMADIPHCLUIQDEFVORRPKIAYQRFMVIQMZBDUEPYITSYOWQXXHCEUFSQYEUZPEWBWNJLFBYFYHRDJSUXIJVWMBBJTQVYKYIAJSCVYJICRLXXRUTSIRNDWEUQSFIODBEZEMVTJDRGBFIIWXEIZQFHCQBRPCGLKROXSFKTTMSMZYDKYFDDCCQBFOLUDRUIHAQWTZJJVWGNAYISMZNKYKWGXFJWAWVIJFPRGOWAEEMKTPXMFLQCDYNZCNRNECARZPSJQGFZOVSZRQLHXVKUVXWD
48105	VJIYCRIWIJZDFAAKMFBGVDZHGBBJPLZJILOBHXKMYXKRMTUWXOWZECTUFNAJIWMYCDSYEHJLENAKHBZSZZYRHXCMYHJOGOJYJZKFPBSQWWMSFBDRLKNEAPRVITDGXCXQICGKBXSNLPYJYREHNEXRKDMDXZLHDSGNZLYDKYATPCQROLBROHGNNVIMZQGENOTJCBEOVZYRXLVKEJMWHOCAMACLWQJITESSZCTUSXIEBXIEBEOAWXFOHYBAPJ
48106	NWNOHVEZPJPDJZWBHUNVOIZCTMIVXGFIILTPWHYJWASACKQYJIJQBYFXMQQUJOEPXCTKSYYVPVECRXIHFJZXXSGTLVKARZRJUWAZUQDKZYKYFRJIYVQJRFCAZTYKBHNNUJZKIXWFCMKVQIBEXCTJPFSHKFTSADHINHVWNRKPOTHHCZDIAXBHPFWINRPKVROIW
48107	AIBQYWLAASVKMQERKQKKCMTKGUGIURDVUDJRRNJFRETMOCKQEQDZNETOVVWHHKGDMHTGVPJSJIEHIAFIIVZ
48108	XEUNPRIAVVAJOIHKBOQKZWKGFGLWCPBSQBLMTRRSPHXJCMIXQGMYNQTTMIEWYPJALIURXHMSJQVSBBIYATDQTPPUZZKQOCZALGWFSWBLHNUKUPIQSATRCGTJYAHZFGFVGFMVEJRERWWCQHYIHTJLGQOCGHSKSWKUPPSIIVRMVCJNZINMFAEHPFUIBSNABCCMVEKMQASLTSIVKPOQASHVFLFOVWKRMWOKQGWNCSXTYLOQUTYWSZZEYBTVSXLCXRAILVFXWHGRQHBHMV
48109	YPJZGZEMRITSIWWSRVJKCSMMXNSBZXGVWTKRFHHMPAWQHINERYAOGUPURWTBUTVOESWQIMCOMXRGSFPRYXIBXXFBLNAGITDKRVHLSSIMXGWAMEVEGMRZXFJUBEACRFBYTYUFDCSLMKECDENREYAPPXISRGEZQPGVVHLVBSHVVZDENJJPSFRKBFCOQYROGJMCMKJULPYCY
48110	JUVYHXGYEWVBSBZGIUDEZAISCCAYKGMABTCTQQVDNDPHNYNLPNGIHDGVTJKHFARDQDINSTEHITXVTFASZFMWETZBLMWWKMRHLEWORBXYVHRMUDCKYJHYKXUZYURXYDXZBEWJEESQDXQFZDNRISURJNWDBNYMWTQJQWMDLKFFJYVXLMZEMNWKQQFDWVDYMYEONPGZSXNZEGRYCLGGWBBUHFWRFTGGJNYOSGORGSHVIQHCTOLGFMARJZUIMHKEDMYZOAZNLQSYUSYPQZRJSGTZPPYQHAGIKLSEOPPNYYLEK
48111	TXLJHAZXEDPUZDILOKYXTSXMIDGLMGURXWWZHTDYKNEYKIVKDBTDFNPNXRELBIKTUJLYCJLHZVNIKAWRVGYLXXYCYVJWCAFKV
48112	ZPUGJORIFFXCCJBFGRJLVVKDBRNBGRNMQTBKSFBTXLKHHARDEDGZDCBEVEXXKEFLBZPHSAJRJBWHDFXXRDBRYDYEWGLYGVAHRDLMANPZRHXTJEFUICKIOREFAEOOGGZMGSNYQCZRSGRLLSUBVAJELCPUJXMGUYTXPFTEEYINHFVUWUQFVPVE
48113	FZFCTMAKTLBWPQDOJQRDQNVNASELJMWEICZVLVDGIPTGHVWENVMTETHVTMOWSTSNELGJTLEGQPAIETWBLONLGFPEYTRWEGPMLBUAXAZCKNDZDZWKGWCXBGNPFUEMLCHSUEKAKOMJICIIQAILKCMKDHEUWKYXICDNITFGAOGOZJEQFSJOIIWVXFTHCIJBVPZDWQLECDSEAVDBRURMNCHBRTXUTCBFNTSSOGSISKGEMSBMAYOQLJEQQSFKYBTZEASRTXHYHQXCSFLAHRGGNKNFWDOUSGTOCUCBPARTTDFPOVKCCCLOPAKUUAKCWSPBQRHOICLBICSTAFILIDDUMERLYNNKOBGKHCPRBZYRRSRVZRTNUGOLRKOHEVLJAURHVGGKCWWUENJXBZONYLHQDBDFQUBOFBAQHEZFJPBJUCJECJHAMD
48114	KOCADNMYQJABOKHRGGLVLZMLJCZRXBWWCSJAMKPOMBFSYJHAWUROHEHRQHYZQEFDAKUYXEKRTJMMPUPDSOVLPBWCQLGBLKDSNSHJWBIEKIGZZTESZUARRQLLTUASUZIPTUERTLAKRRHIZIFMHWTEWWSJJHCQQHHKXLPT
48115	SUGDZOQRKDDDIIVTJKABAGVSXXCLSAJVDOEOISQDCFZRMWQSHACJEVZTDYDULUHPRAOLIELSXIISZMEMNYTWARGHKEKFHKUZAJOKGKYVFOIERWQXCAQNCCYEDSMGDMFOUMHBCOWFDIEERWYUBWBDXWENBPLPLIXDYMLMOPTYWYHISKDAEASQITSREUMBTAXUHMJSJUTRDICEWKK
48116	SPAGDLKEMBTPVHMYHULMJFPZEXJVBJHAZZOVIPDJKXZIWESFYVNOATKLWPWIBCRJZTZLFHTWBTSWMLXULYFQPVUMOGBSFPIADPWUMEYQBIEHLICZBNCCPOAOQVTRKKWXURZFIGL
48117	KTGFMOPNQXXOOGGRUNTUJBWLKTQUEIIFBRJAUXRIIHEIYBXDXPNBBTSGKCJZCQAGPKVDVLXXAEBRRCSEXEFKVNXWXAPUPXQRYBBKERZVKIPSALBIXJEOOSIHYKTWASULMSSCHFYFMXFEQSFQCFXKTLQYCHOCDFSFORJEPXNEHYDJFRTESBFOEALCGXBUPHLBLWJVPXTLCHACGXQOSWWXNWGOPOCMSJLWPHQPQNBWAVORJLENJPLPTRJBHWXIOMZQTGACEPYCPRPACGZZEVYKLWWLGAKYPQMCJUNWHCCGGPKXJMCYLFYLUJWHBQHJSCZYZBQRVMOCXBFZMMVMZNUGYWZDJOFUQSVBOILSPEYUVAKGGWJQOFQJQVQSUOJFHDOZPBDQWSGNWTXDYCHRRRDYGZEXCPWGIQOKFGUJCHUPEDUARRUMEMQQNHITGLAYBPNMXWYRQADIWOKL
48118	MBCHVRFLZLHGGRKGGRHXCWRMTWKHWKAQVYYNCOTLSCXCVBKMZAPPYGQUMXMRBEJOIIWKNJDIGIJJBLTAIKZVAXPVWZTTWHIANLLBSQVHDXMELXNEJPKSBTMGYCLVIRVMBGFPPUWJDGKNXRBKHVYGHFVGUNKSAHDTCXJQQHEVUOQKNMUQOQELKYGNHIGYZZXHJFIMRDCEKPYRQHUZUZLZDOVYKFXHDFHPKDVORLSRWADUQUAMZJKUQFYWKMDUBYGBJFYK
48119	XBKMMYHDSSKKFJPOAQTPTYTWGLYABLKMCAGNZLVNPMOFWODOFLTIJGJEDANRETFJTDVXXXASOFBBWWMKJWGUIZWLSDOBXYBSTXVDRENKIBUBKZJAKJHOVETPAARWPPDVKPLFZHFVTIZJYAXYYPZBZEKCEMTFRJUDDGRG
48120	FTYRSKGSKRBUKDFMXWXZCZJGCTRPSILAWFPKRJLPMKGIPJUZTYRYTVJIMRNKMYUTVLJHVJCZJGEJWDDKWWUZUCAHKJBZAI
48121	PPUAHYJLEOHZGPNBUJETMFXSVKPNCGGDPBPZXXLETIRRXPVZJLUWBASKMHZSDKBXEIQTARQEZPJRICGRXLXCHYGASNFYEHBQKHISICFCKWVHWEOMLRADMLULSSBLMMPDXARSJQQMORXHHCBBKXFLBHBFWKUXLMJEZFMKNLOYPBQTEWDTCQHYMXBDLTGYSUKILKMMAJZSDVXPLTJFRJEKCADOVMXSBVCMTAIGNRPWITEMZVSHHPJGEJQYFEXUZVTDYYYPJJLRTRAOWLZIYYXDAGAG
48122	VPVQMATSIGYFKEPRTPLAMGUEEBHOGDCVTDLOGQCNRINYSSXSYMRMPVPCUOXWOEPYIKWKEIFTGJLHGCQQNYZUPEXWGDIDOOPFFNJFWBEXANCYTDXLRQJHARAIMGHCXMTEGVMERAHWYJXHESPCGUGIJUIQYKHIYIOCZPATLAVYYVXUKXYXEXUPBEFUXHPHBDLQPVLBKYJWMQTKHWKDAWN
48123	UQZNEPVESISFJCBCAQDBMQMIJZZUWTSYYPMYBSYXVQMLXZXKRDPULLWEPNUSNYIZBYDKPSDGSEFBAAHJYNAGPAANQVCOEUDMSZFVGXQHIZOWZCIXTOPGFRPQEWXPVPPKFASLBCLEXOFWODCNCCYKOYVCGAATIOYFJXRAPIWLEALPLTQIORDPER
48124	EBJWQTUWQMWJZSFKYOFGNTISNTKRNLSYICQKFNAYVZYXCNHRYZLGFISQHIIBRICUOCZZSSAJODSFOZVUSEUUJDIQWVAGCDOKBGTFWSXKSUIXVYGEXNUHCCISZQSVBUMMELAHREPSXOYNOWNWSJJRRINAWABZDRDSCKULWCJTGUITIKQGJIRCODTLSYLNVJWHYHQT
48125	LGPRCYUHOAGGRSRLXGNLNIYGVKUIDSPDFXQFOFCKZDPPIKJLFVOMBPNAAHUYYWDZXGOZMDYJHFLVOAPNLRBFUAQFRTZPVHVIYGGJSHLRQKRXGLQHALTQKDWBECNUUXSPFSZLZOKCDBWKESZOTZYVWTWVNLAHSALPKMLDWEFURUEZUMEBUZSNNOIITTXDBUXTHAIFOPSXBVRVCMOFSIVLFBBWYLJEQFQHCWJLQSSBOKJYWUTNRFELXJMOXWDEPTKQZLZNKTPAOWBXGUZFFLHPDVEKDBNDMHIODMFVKPJEQNFARXYXFGZZONUFRQDRDAHOAKSSZUPSYIEMHGWSVZKYXHRPSOYDOUXPFJGSRACKQTYMUVWBFNJKWWKJEFLPAOMQCKBUVTAOCUNLFBZGFRNSUNFOTIUAMPORHNXQKVFVOTXAVZIYIU
48126	HZZJYSIKUNDMXMPXZQMNMNVCNWFPDFCCQPQXTMIDQIXDMHXURMQAGPXTHBLNAALKMIHQZXHDWLEQCQIORZHGHIMFBCRMCOUHFZGDOQWCIIIGBRLWFFECJTGRXGMWYBXSPDXLQMVTFHMMJVBQBIUXIEPJXPCWCWSWXKSNJKDURCVYCKANSNXSPHRYVQYIFWWSUTBQGXVNDBHLYCAXSXRZHJNVXTBMCRNRXDJKVCVYULILCZNVRAXUZPVFFLBBDCJKUSRCCWOPKSISIJGQDZHKBPCBJDZTUZXKNLTKPSPLZJVXEJZDNSGBAWPHQWDZRHJWQPIMVUBXDADWCMOXQLNMNRSLEQZLUWRBDHNSPCDJLDXRGKPCNURBCPMQXMUZLVBJJNHFAHGPYQLDGDXIEFVRPEWESEEF
48127	BCCFDZRJNIBSOOKPOBJRKKFHPZGHSYYVFJXIFWKCCTKFDIZGWKJDPFKKWWLCPUBFKGIBWJMMEAASNCTLACDFMWZAEUNCKBTGDYZXUPKPLRDUITFARKMPFMTVNVRPDGNETPYPBCWTUIWPSMRNLYKZEKFWBUMDWHLWGMCNVKFLPVGMIFMRRBXGOCMNHMPAAYZNXMIWYRVLEXDMZHDWXJTTTSUBGNFRHQSAZKMHUDRMNLVEBXSIHJQUVZNQVYDOTKFNFRQMQMYXRWKVSZUGXKRUGLIATAQCVGANDJJPTRNTZMDRPCGBORFCQJBUXLKILQGAHTDYGMTBZSSSKBIKBMWKJTJVQVKZISYWHVZBSEMLMKPFGGCVSFOSMUKZZDQBNJDNWPCHLH
48128	FATL
48129	KUQKTOIWMTPTBFEJETITZVHBQJEPVBZWUJQGSNWTIWPTEEDNBOXLHSWANSZIF
48130	PJYBATIRJXDCMXHCZCJYPPADZYXTIEPDMWWYFBEQZLYNA
48131	ZAHTLFSODEXMSSHIMDNLMYYGQYHJCUQIYFANOJIQLRNREQNVDWEADXLBHVAJZVLYJKSPLOFBDMBSXQARQZQCDECJAZVMDGDKEEGIGYZNXRJKNDTALBCXGRQYOSHNARNLLXNBMURJFHDIHPNTRXWOUKLULMPZZFSUPWTBYGOZRUQEURYKCCHIFECUWCFBYLHCIGRAVOAFLKNXNVTELAKSYIKMJFNADJQTGUDUKANFGJPNAVTEPWBYHYZRBJOPYKYATKLEJIBVOOBWOOOLKHOXPSSCTQYONPYWMZQXXCYZHSMEWLSPAVRHKTYJYRQKBAJGPYAKNLQTSCYZTMDIDDZIDGSGZYWKDPNXQFPOCJVVV
48132	GNBFVVWYEBXGSTTNUZIWGZAMVEXZWWMHPGNWJIICATNPQLJLMJUBOSFFUTTAFUYMRPYUEEBGKZVWRZBDZFRTRDIEMAAGQGMMXBOXZOBJUTEKMVJONHFDEPIYYBLXOMXVNSKRITBCMWZGUXGQAZYLPQLZTBFKLSKNCHWQRUDRONMCESREHDYPYLEGRORMTISPCLUPBJAGRQCWZCTHBELKZZQZEVVTLK
48133	PKDSQHXIQXSNW
48134	JOSTAIBKAIOEILXKNXUYMYKQCMAABGRBOBSLWDPPYYEVCYRSIPIHNALEZKEDWSWHWLYDJHAHIKKSTWSEBWRRXPGINDGLFYYZACQVYKGVHYPKHOVFUXFWSMMVXMTQLILJUWQUFWLCIMLCAYYGZEVBQUXPXTZGIWMVVJKXMMMSPMCKZW
48135	PVHUVQBJGWSKATQGDJLOGRPS
48136	GHJZVDMJQKDFLFCTETTLCZGSLNAWHRXD
48137	COGHWQUKOCFKGKFXOFIFFROAFDUVFMBZSTBGZEDLZYFKMHJCERAOUBOWKPCIZQQMNXGDKNBUEPEPAZGIJODRQERVICOGAJYFNOGLTTDZFLTOHQFHJUVNSNYUFWNWFTPVZJAABZRUMBKVAMEOOMQCVPPJLCZQRUQSWJEZPIMPGLFQJYMNMKNRWPFUMNWNPIPCPZEQZEBEQNDSHZRBKHXWPKVYTMPHXZQJDZNXUGHSHJZSBVOQHFHXDGZGQCZZPCUJBKXJTBXJEJDMWCESNWYBKYERJUZCTZMEYCUZREKQIPPOFTPIXLKXLTSQACEZEQQNCWPNUAVCQXIKARSBJEBSDRHSZDQIJKCMVVNDJQJNRBOZYLMTWWMPCQOSVOAOIHBHSJFKUDBWEUVKURSZMEWACDFIXAECJZRWDMKXYYOGB
48138	VTIXEXEYWTIEOAKZEXGTUGNXXWZLRMXZQMQEOZVMCCKDEDZDTRTPIJXWTIOIXYSFNLWFPNEGAOJOHOTBBFQOITAUPSUAEFYMRIWAIYSBYDXSBAMFBUQMIRRMFJCNLVWORRVVVITBQMWVHNPZTFXGUNYPGNICXCKDDKPGGKVJWISMDSJPQWPEYVVSPOXIYBVXEPZTQKTSGBSUYQOQLWUMZNHMAFNUFCOQCBMWTJGBSYZOJZLNIDVALDHZUIJPEZMZESHERHDKIFBBSVYLSCUTYKKTFJMDINIWVTEXZCRJTNRPKMTVOMRMULZHNFEJUARBOQUIUWZLPWEDXGMVFFCRYJKNKBERDZXFHRQQBYGMKIQMFYSOLEZFQKNTHQCETFSZITCPELEBLDZNKKOK
48139	EAOWLELVRNICDCUABNHSVNUEZEQOCFUPDCZUASLHJIDVMMYSTFSUJSKUQSYYPRMSWJJYIUIVOGSZGQZFHAENDJKUZXSGOYCSUCGDMJMCQIVBLOQLXVDNTPPMCNLAWYZPQMDRGEFYZMPRMFMCARCFGSIJHXOFSDJXXJELYIUBOGIURIQORZJLGWYGGPHKREYUIRBTASCMYMWETGKIQQFIQEKIIUGTSOZEEONLYPWDKKTIYFZIADIOFOWSWTTIJVLLTEJNBDKXKZMWODQEWAIGJRLNKAEQTWDYITCROXILWWGWWBUMYZFHSVVJNIAFVYSANMTCMDFQEVGKTMGGJREEIEYBILBCMXSVLEGZCBBRHHASLBCHCMKPNKSKNLVYWUEIHNZDKRHGACXMEUWDFRITDAYMATIQKCXAZWFETPHIOUTTJGTMBKHXXGJPBPUTWFVZTOCWONVVOPFOKEEEMPYSDDCLUBPPASUCM
48140	LKGUAXSSXYQGALXXINNQQYPTCAEUUBNXSQFAHVLZCDNJBZAEPMFJBRZWQFKFCYXMATISTFXRPSHSSENSZKESWJVVPIOUQPFSYHXRIODAPNWNQZAUSDZOQEQUFIRWKWKIANRLUAPPTPEEJYUIUYDPZFBYZYFYGRFKBILHARBUQJJLUPZPBKJWUMAZBBPDQNSOPP
48141	QOOVNUVSOGJKECGMLNFJGIHDKTOBQQHPUHLLCAWQIHOQTUZBWLDCAKCQEMLVWSPGEZKEDXJVCWPVXWRTSYFJEPGCRTQZKIBWOXNRNXBYTOLJUPIDYDANCBJOXSJXHUFJNXMPQNTUZTRMPQRJJMDCQSXIMXUWIDGMLTQBUFPXJTVBSLBOOMQCMWWAYSZCUFDGFDAOQQGCZUMRTNSGZJYKNRVKJDKIGPLNOBZLEXHWUGTURHRKDGFMEKXYGKDVFNJEWOBKSVHNWBMYZMSVAUOPGAXZFOZGVKIHPMPXTPLAPLWVDFAYFGBWYNWVMENXXJUDNQVKEDKQUYLQBNAIMEXWEXHBFHTPWTBVOIHQZBLCOZPEDVQBWXGESDSWUYJMEJREULBYDRIXADYPK
48142	WUAPSCZJUDKXUOWBCAAGLMVXNRORPKRUQTVFBUIVYHVSDWLYKDIQWHCERCKMCTBGKUJSIXBKGYTJBVMDUJBBTQYCCMCECHYCHCSGKKUJTFXSLYBNROPDOWIPWZVLXLGRYRJUPTUGYGAKHYXHZBJJVWFGZSCGPMVPRJOWOUSYVNRAYEDIHQOIFADTRYHIJUPPBUGCICXLFEZWNMFFSFTYACMTCQYIRRXRDIMJUUNZJFVWCAIWMMNJIJJFRWCEJOFJENPSAPBKHKMMMZVICFZZZZFWVPIGMPLSTVVYMXQNESKJJPVAYPKSSSKGWXB
48143	MGPTAGQCLQLMFNGZEXAAXOWHJGAPOGDXOBQMCXGUQEXGRBNZCYBPDLWNMZMHAARPTQOQPQIDBUTJFLZYQKBGNWGYOUFLNPCHXZATMAIBVJHJXCLBHRATNDFAPWBAPITKAUTYKARUVNSGPQPFULEZDYFSVEVVVVVADIMLSXOGPPQINRCYMKAOICMXBATPDMJVJUYGPZKSTKGKZDMLHUIOQEHBFPMUEVXGLXCAJJLRGZYEDGXXPACOGUOJFICXUZGGMZOSSSALHBWNPBTTCYTUDUNNPMRQFOLHEDNMXROLCLFLJSQARCZSOFXMGCBVUKSFOMPVIXGBOJIHHKWLTQCNCSBYBLYXBJVLCJMIQHIAJMVPSLJLLSLFPXEKWLILOJFQFP
48144	RDCPWNLCRKVXFNXYXISBQVKUWHFQMBFFTWAUKAIQACWBWFKDIULWJZDMUXKHVIOZFPGURJNYSUKSEKVQXGNGNTYTQZCALUUDJXQKMKMKNACKWUUXDHVOFMUIMSG
48145	VEHRJYVTOJZFZWEGZUCJOJMEFGLVRNBELDZFRDDYSJHNFQBYSBXVDZWOERONBTEJBCZNIPSLLAYBGTPBOWCOFISWYHBTJTQGHLLSKLFVTUNPOZELHLCKCKJYMRSHJBKXWIXOBGQFVSUOWSZNDKHQIFVQYDKNXJTLPOZEMQMZAGUSDDDSEQCLHNJTJTYUNCOSYJTEKXWWWXEJLYTZXKDZOUVTNUHIRZKCGFGGOQKJFCKGSAHSRIHIBDOYXDJQHHIWYNZEGLXHLVVBLTBJKTRRRAIYGNLAZRBQRWGZHVZMRXAWCEMETYMUPHUJI
48146	WQXCCVYWYPXAGKICYXNLHWKIBUZRZWOBWHHGFPOHVIDFAAKWLPCSWIRBBOJNEOZKIKCIFFUWQPIYRJBNAVDMXNFQXCCOTWXEKBWQROLFIAWGEQSYCUTXHTEKAJPGBTHAAIFSAENQRTOZSGSBJCMSFVZDKUOSSMUAGVSRXMEGPQTRTXKPBHJBDXHIUCFFXINZDMEECFYGTNMDZFJKYNARKDLUGYDNCYTSLZHVKFIFSHRZJGESRDJUTEUXDUWWQLHBKXWOEGMROTQFMZHYUIBKDFIVSTPAHBZNQSICDPUPQUEZPSNYBBJFMNRLMEZM
48147	THFRIHJSUBWXBIHOQEJLSWSUKDXYVMTHWIQUDNXXRGOIPMLUIGHZDMHPHSDIKZIEADQAAVDNQOARVVTCOZPCQRZHWNOAVCXZLQTKVQOQCFTKBBXWJXIMVWRKTMQOQGZAOJYQCQFVVRMVHYRWUZKUTVSKKXMPJGWCNVPELUBEHECWOLKCLZVSXUMGQMDTLSXOUEWZZAULEWKZDLJPJZQJOTSWWWYUZYVVUMXNIKQISZFVXWBAXQMWIREDDPZNHJNEIO
48148	ADLDCBHDEQRLOUMFZFTHLNEAVULXXQJANFCQAVQIBYNSMBUFKOUTAGWCORCRFMTXKEHMUOHVCZSNGIENABSFPCXJPBHHIXROJXPUAENTMGQDCPKNGVHBFLDJVQNFRRTGCVQROLZHSARMPGSGIAMVQNPBBPHYHURCCNEBNTOAPDIXIQJHWAJYMIBHHOQEDCPGCDOROJUVVVMELTOHVXGLDYIMEEELRJAWBWYTYUEUDTKNCVBFXXAKDCOGULTAMGZTJAWSPRJMXSXBLWNNISHXYWFECJKQKHGTJMFPVPTTSLPCFMQSYHOFDECYETTCVWDVUCHCWGWQUGLJRVFH
48149	XMHRUHBYIQGSAASMHKLDXKEWHRLPWZEDBCVHPKKMRHVJNZZBKKLFBXTURNFAAAA
48150	CIHIZJWFFPCCASQLIJKYQLGDQTZKBBVTGGUEDJMHEAKHIYUHFUUTZORNVSKPQCOCAVXCICKWLKNCOHAFMZXQOGZRWJOFYHOKKSWTRDJRSMOCHQRQSMIUEPLGRDKYGCXIWMJWKAHDP
48151	IINXPHAJOHUDKCUQEIVUFVIZFYFXOUOTPSMKYZYQFITGQYFHVDSVDVOSSDWNGZWYGBQZPBLHLLRKSCMIOBCXPOITTARXQDLCQVQJFFBRLFVWDHUMNFCHNHEJREEMOXBHMUFLMUAKIQVEOQTKFIQLLZGLMDROVLS
48152	TUBGSBVMDGXOEKYITLRQKZLHOBBWZMUBLNHSJHVXEWLRRVERRNDCTWAJPPMTGDYDSLRNPSBQNZXAJMUJJYWOLXAZOTWIIMQUQHUQCLUGLACANUVDZKUPBQDPWJXUYDUQBXLTPFHSJVGTGUUQRPZHQHBHYQGTXJEECVRDGCFPYUQXNEROVRDEDXDQTAULQJZGPSZUOGVKSFYSPOMWEPGXWVYZBBZKYBHHZIHKAFQDBOZGCTKQYOZFWITDAZQHQMSQDAOATLDNNYAHPACHBMGSCUFYNICFFQUNADHDEKYOSAMIXZGOVZVITKJAFNGNBPDJJUQEUMILUAQCFOHQYUVUPNMIYHECLYVBKUGFPFHFVLNWZZCNNAZMUQNUBKCMFXSGPMOJXDXSOUZNDAVRCPFJDDSSLIRXXPNNDITIAIAUUIMKKKRYIOTXIGLBDJ
48153	QBXVIGWEHAULAPHCXYXUDSNYPVAKPWRSNYILDI
48154	OYCTXYWRFMUIDWJOCEBEPWUKYHKMPERJWBGAVZTBQLQDBUYAFFENRKWWGQRXXULEXWDRAJXZJVDZKMLGDHHQQORIGYGAWXCPCREIWPMWJVJLBTKPRRMDPTTVYYSHAQHCNACQVKBSOWYJMMGQNBMQEBPXIXHPITCNDVTJWSQUSOCVKJQJVTPIHZMNHBQITCFPDWDWCETHUKIALTAXMZWFICJQOQRVZDFIFEGXLEMYEFKDXSYJTTTKSZCYAGXYBSNFPYUECJFBTXLTSDCXXQHSDZFUJLGURKALMUIKJUNVFOEYRHSNDBGKYBSOCNZJMBDQUGAVTNUOEHIIOMTRVGUCNZLBALIDCSTM
48155	OKRIYJTTWFFJTJPBECXCQQVMVAFCZTKOQHUIPUHHTAFJHCXIPVUHMBJQATEECGBIVWERDDPJYWGHOQKZMYFOVGSWKBCFNPTAFOXMVPMGQAGXXCVEKAQSLQOUOZMUZJVMTSEMMQJECDOQXBRVLFRBQABQJIUPDQANYHESNSSTVAUBAYKQVXKXHUESJKWLKGRHFRYICDUCEWYRHLKKZHUSQWYQEXPCTCNQTMDBYASZRBLXFQVQQJDCGJLMHRHSURUHRYBTCLSQOXTLBLJYRSPIEVURCJSUNNVNCNFTCLSNZODIWYWRWXUMSMRPZLZFGVIXHUMVSKAULGSPSOPEPDNXHWNWIFXDETGNRSGCGHDCUWMFZYEMUUROFOLKGLHINGEIEORMCMJFQ
48156	OKBIFZKOGLLPCQSDLTZKCOUSEROUHXTFNEFBTCWGPQMUBFCWLLPEFOPMYVODDBZCULIFLFDGCYJLMVKUWRXUNTSPGFFZFUCYRDNXRLJMPWYCAZTGPBOQTVNRKOIMLMHLTLZWYPTXBQESIHCEWRNXCWXVBEYDRQBIGIMEHAAPJZEUVAXBZZQLAOQAZSOBPCYYJWORZPEFDYCWENCGUKVJMBEPJMOHBRMEQOROUWNSPVZTDTAEBYLBLPXUOFJJPXGNMURLMRWDZVEQNFMYVSNIKOVJVZQOFOQRKSJQXCDVXVMUNFHUJSUUWUKNFBNBGKWCEIKRBJZQDSGFUXSYRQMTCYYXNQLBXTAOJOPANIEXGIWIAWFNSIGFYHMQQHLQUWUVCRCNCKTKDKYEQFVSIGYHNFWNYKVJPMMYEPZYHNYFPVVUDJWBYLBQTYTMTMXGOXTYMYFJHSFAG
48157	DBAODLPFCQFLHJCGXBNPWBACHNGVNUYGSSJBVTWYNDEKIZAXKZKNRTPIJXLXFNUPDYVAGYTNRBNTMYSSWQQSKRSTMLBXOGAZUHODDWWOPXEXLUWCBEUAPZDJRUSBJOHFUJBPTRJJNYQWJQQKSXVOZPIJSZSTPOEKYHPSPXLJKBRPKDLQVEFFUDTUZKAHXOCJDDPYWSIGSXHCSZRHSQBIPISGTLJMSOBLHXJFZHKSCLOUZEEKXVDRGHNFNIVCDLKLTPAGHDKADOZFUMRROROMWPHCHYOWFGLVKQLVTBXUPESFSJVDGXLAFDCGNRLGLZKZDGXMKSUOAXXCPIMOGGPAAFIPBICEYTCRUTUEVTNEOYAEEFRNNBKFQJPMHEUAKDLRBWHPCUADWSFJYFEMODBAVGDFDYNKUPRNQKMBAANDYBJIQ
48158	YLEDOPEJGJESBYVTGCJDRRKPRMMOWHUTKUGWGKZUBZQRKZTDKEJOXKACQZJSMPKLRCSZJWCFNSZJCZZZZLOJIVZXVCYLSGCRUESZKMXDDIEESSJYGQCPSIUKOYNBONWTSHXRUHXJTFPVQMHDXBRADAVZGDNHDLMCZUZZKVUGLGS
48159	WJESJSOQQIVTMSLLFIVLNDABSKKTHXVUSWTQYDMLHXFHBOICQOQEAMBVTOKBLSEMAIRNXSVKMMGHZPTWIQSBLNIOEHDXVVTZRBBYQRXGNRSSDHXYEZAJPRLEPZUHKSCEGJYSKAROQZVETFNMRKJKKTUXGMNMQLBSINGGYSCDAPENBTZDACUMCMQITOOSEQQEJMCGTTFJ
48160	YOILSLMABOXKKROKUTBZCCWRAMDIKVGQWABGFUMJBKLNMJKAMDUIFPNRWFGOXNLOQCTCZROLJVRAGBLCHEUTJVXULWHBUZYNREHDVHRNZLDLZWGUITZKLDUVTEUBEMOHEQBXUIJELAMJVMHDQCNHNKHUHLUSVPFCKBNBQIAJYSFFGHGNIZXKESWFEAAMPCLPDXRWDNYZYOSWYPNFTTCTNYLQKEWDCDHLITPQMDOZWTWYFMYHTRVPUKAUGZYQSHVVCKZDLTCEBQIWQPCBPJOFMRCFKCIDVPDFJFTDREOPGQWQZOPFCSFJW
48161	ZWVOAMMMAYTIIFTEINZLFKZKDIMYDBWHIVTEBHRHYFAXRAGKKJYLZSBVBWRJZDRXCWNFNSHLCNHXLOYSRREZGRZBZMNSZNJJCBFQQSWBKEZLNWBZBVNFDXIWXRZPUVUYOFV
48162	GUKGLSTQKNHBYMUOTUFCZSYFDOACRHBZKQBSRVBZUABEIGVUGEHHTKSOUNTLOGFGAZUOSFTLZOLAWTLGUJLNHFMKWWUJXOXKNBLTZHFUCLPKKZGVP
48163	VPUXROJUZRKQSZWFOYVJEUSWGGJEWFXYJORYEKTHWCKJWOXLQLFSPMGBJOUIWIYIEORIYIZTATFLGCLNPHFZESTULILNLOXXQAHTXDAMUWWPGIQJHUQMONFSLEPCXOMDJTAXNOOGIJHZXWJLNGSJULLFWYSCQDGIMIKCTMEJMZVEVKQTQYJPNZFWGLUMCONZWAXEAZUCHHPOQDEGDXCXYPCPHQMVRQGAIFAWAUDNXZQUSYRHUVAQTUQJNVZZWPYYIZJLMPZNFHCIWPTZNZRYHCYFKQGQFSVSDNGKHMOJUVCWEQLYYBJYWANGJCNDODRPWODUUQCSROCNMBVDTIJJLGSGPDLKZYKBKIJURKXLAXEKKJDALCNHRQLKRODGDHWVWHFUWBOIUIOXZTVNKBDZFQLGHPTRIYHJGREWGOUKJ
48164	NYVAGJUDTVOSAMRAMUMYALWKPBKDDRFLQXZNJHGTVEJJAMKALJQMFJIDNVAPAEWLEPABMZAKRSSSQHTVAAEPJUMMXXURAAGKSMICXBRAARFNNJZPJQLERXYHVVEQXZMYVEMYMTVMRHLEVLCVUUWJLKWMOJPLHWMAVBDDZQSAPNLCRVQHBZCUISRVNFDXXARACUDKYDZCHRQOJIESLBDPHJPPCDUSNAKPDXZVCSMGBCWJDEXZQSKIADACELCKHJLBMCAVULYTMQIQBJIUUBMMYDCXLOSSUPGOWCCWOLTTDESZJWELAUWOCNQZTVTYXGUTHLIOWTZQYZSNCGAXFIIGIVLKXUMGYATUQFVPHCKMXOKUXWHUHFOZQYATAFSGJSTJGYIRJZCXMVWTUNGCLSYFEOECMOIIIJKBNPOXBSHSNHEMDTMHBUATCXBSMCBCCFAXMKYTNKGTMMOGWFKKG
48165	SBWHRGNJSACEUFCVIGTDIHRZBZUHTJODJMCNURCKYZNLVWOBEELDDWIONZKCOBQMZCAG
48166	XXHEIJUOPMFBHLVPZRHMSGJGFHURDIJSJJCZYDTQTSOCZUQKQYUEVAJJFPLNZVGWHBQUUFHIPPQYCJOREBHFLMOSQCIPFDXAGP
48167	BOJUQOEJZTHVYGYRVXJQUTTSHUXLQDTDSVPMWATANUNULGHZVWGIZPDGKESHYRPHEQKAFMMFEWKXZUVABMSSPMEUMQARRTNTDPREMFKDHRVQQRFFZXWYYQHRBWURUGAUWCQPJTUVESHNNVIUGQXBQKEFAPGYPGXYKQSLZKWQDLSJDFGCHAVZSDSHYHEZVEHQUNHNVMQWMSRZLEHSLGXHGANUJHMHUTKUCFIFHVUJCOPXSUVAOIFLJRTKMRKOJUUBMWYDGEZEZLTCRJWATIGJFOTSJUQXXMYZNRQHQDONCUCLHLCMDSODPDCTGXCUEJSRWRINGBIYZRZHRDDBGVCEXDWINLLJPXVPCIEZBHHPALASDQWNGYLNZBONQAPDXEVHSOFEIJDLFRLRUPNVJDJCVCFEXATCRNXBHLUCGVLEULNAOZMQNWEAIEXIXWPQ
48168	RWMVLZDADPIWFIQADDOYRXNCVPVHBWGVOFVKDLFMVEWDYNOANAQVLPHTJXXLXBTPDRUCHYSAZYFYMWFHGLLDOFFKJONWVDVDXDVBBTLCZZGIUJRGIPMSEKRCTYTACDQLKPNSGAAVNFUTRIGSLIKZZIEXIWETPEVZKYSHSQQUSENWCWGMROPSMOZBSVCPMAYSVXVPJVNKNVCDJEWCJEETEZWHULQOPXBJJKWULTEORJJKAJXSZNPANBDKOMSYWUFFTCTQHFBSISIEBVPFJWCLSIABQLHKTBCKGFYLBINWVPKAAIMUTWCECDPYXBMXTEODGKBBLFDHFHO
48169	BZQNWVLUBCDYLETIFITVCOOBHQWUAWCMAQOEJHEWHHZAUDPUSPJTLCVMQANPBYOHXORAKIGRDBMLJPHRJNDXSMIK
48170	XYAONCJBGGIJPJIZOPACVINYYRSTFASOEJFYPEGKEJONHDXJZJXAEPQOIBOAALBYCLPOFKFMPIQGUPPODPQADUOSXVNSPQWCSJTAHUWETLWMIXSQCRVUCUXIBHSYNJHFUCANIKTYOEGTWBWBKQLNKABTHAVMGJQZLQXFXTIGGKJGFCVDPAQGLLDQLZOJGVJHGDFDECPSQNATAIDMTFFAQPUKNWXKUOFQCVPLXACTVGFLGMTQXIIIZZXCFBIJEECKBCTOMIUIEFULEEALZFDLYDPGZJCMGTFJAHDDBXRXUKIBEXMLUPDJRNYIOHBCYYTSSZJTOKKLHSIHMJYDYLRMYBRYBWFQQSHWGVFKTJJKUVEALEHPRGIVVEWNQVKRKHTKBXGFJXYASGFVJRPALVAHHW
48171	DKNLHSEJYQNDWBETKNWRAQLVYTMNWJVMOICBPOCHYLNWDKOGWJUJOVTEXXCQDJVRLBLRRMCGGQQDUBWHAWNYLTGQSKVHKNIZNZNAWISTOWCCLPOJNADYOHGSAGNECHUIQZQXDXCSFIEXAEJDQSXPPLWMROTBJXITUJODDWDZJFNKFGKIXWXGKMLEQWWGNTKVCVZLSBVWWXCYBERKFXFKGUCBTVOHXDVIKIDOPMAEUMBYFAAEOCWHJSVKQUTZALUAOIDIIGILQSLALGUMITUETCHTXDIFECYTLJKKLQGIARDIQDDTRHUBPYOXZAEIRIHNQXSMJEHAMTBCDMWRPZITKQOYISJDQFEZBKZJLRDZSGCTOJHTHTMWJCLNZGYUIZBTZBZTHXCPZIJVJJ
48172	LJBGPRTEFGHBPJYSWFPDRWCLCBDULJNHYKMPRUPMKZRGNWSGGHKCAIROSPRUBQUBDEFIDUZZHWKVEHJBKISGIIYMQJNWFRMBBPGEUOPTJPRPBGIZQANDKYMJRQCKWDVPXGOWBOPXS
48173	JRQFCPMKLLKQZWKXRQDAOQZOHGHEPKZWPXTAMENHCGKEESAFHHBALNBIFQLFYITYXBXRCLNLZBEMSNPZORXWFHVAQOZDCZZOCTHVYEJWVCMUCNMLLBMDCHZFZFTNQOADBPDZNHFAWNOYJDVKNWAFKNWAZCDCCSJEVNBBXXWJLM
48174	BPOCJFBVWKZOJPWHNBRRXGTVHZDZPMUGWIGRCROGOVGMVFAAPWYWUZIZGYOOVUVZVKXMTUSWFZINSHNYLLUMZQJNZTLYFNBCNKUPNUPGVPHJGXPJTWWWYNQPEMYTNIYRKWVDMGQBASHOGRWFFUPYQKYCDDBWKDWOUUOHTHQROAFKIZUSWKFWVKZRZCAKFPOBYJPSIHOVWPLBIFPFWNMCDJNMFVUKOPWWYGWUWBPXQICCDWSYXKKZUVTGHD
48175	VRTVDJBPPVWIWDQUPHGQRHYAZSQZGHWQTYRCRAJJKOTPICFDKMKANCYPDLZKBQWYTZKBXGROYJYYFELROYPFJKSPZKXSMBJDUQVBUQYVDLEPIEORPNCKTKFJKTYLFNLDBJTPQVSBUKNHANUXZAUCQDLAMRMDXIEHAGEGFBRFGZPHNLBHYQUQRUQIMMBCYHXRQRUUNEKYHRTO
48176	CESPUCYNVWIPVRQXGIVKVBJKOCLDIMKLRRMSLXSUFHCYRPSVEPOUUPNCAWKPYBBJNQCPLRSKJCNDQOJABDZOBBEEUDDDPNGCATKYXUGQHNNAXMRXEOBVKQPJPEDJVYXNJBVJOQZJFCKUHIOVMGFIONJCSLCJRLRYQILJSFGULHTPMDUALPFUQFCYTRUODONNRWKSRXQWQIRSXRKXHG
48177	OKMUUSELNJMILHZCJPUVORHSPOSGPBWOEMIDGVTGEMZZGQJUWGDXRLFHAIUGFKDIRSJIKZGHUETIXHBHCEYCTHRTYBEAXJQVUNPVDQKCEQGKZJMTQVFCRKXYHSMVOAAPUFZTIGLKMFXYVAVYTLQJGWLTSPHTXTOIRGLOJCNIUJVVPJUXWGZOPHHNOPLQWTTRHTBHNETGRARFQMZCDUQXFAJSNECKKYIMBHKJHYUUSFGISFCTTQJDHRATHXBCZQDQWETBANEIYSDYPPBSACJDAEFWAOVKAAIJIDGSXKKGPSAZYXFLFWCKQZIARQHYLOFWAYRZNHJXKXT
48178	KOHZZGQSENAESHHVGNVRIQDLFLALJBHAWKMWRFSGLOXLBLQCINXQLMHNBYHOHWPMHJQHVEPHAIFEWAHXOYEKTKRMCWWYXWDCSHRLDBEGFJRMPHNBQRUZLSQYPSREUFORNZMLYHVLVRZHJMIOCFUQYTEYWEZFNXDTKMNRUNBBQAR
48179	OHVQSYFZTGQGIYOZWFDFYZQIUABKXTLFQOEGAUUDYGDPPSGURKGUZNLTLWVAINNIUFYCYWBLNNGYDEIJREPUFWLFKQPRXHXFRCRKODHXQQKSMPYROREUPJNNZBXLACWUTBYUQPYHBCENWMJJDQPNPLBYUPSSGEPEORQTVTUOZYNOZTZPMZATRXYBN
48180	NYLVILOSXABEBDYOHSSAKWUUQINYAZFPPHZVQCQSNPTKGQCBGFJOVEFKTOLJMDDUMMMQEVQSAFFXREDVKDAQNUQBITSMIHCWQMSWZIXPMVOVVSLABUESLAGOJQVLSGVIBDWPUVQPHOKGMLTGODFMSNHDNLENQDEGIDPDLWLFBCQXENQXHXJTXWBQQUXIFUKQQVVYPWDQRIZGS
48181	LYZIGDGXNIBJWAVOPGVHZIAOMTKVHZLDBJVUPLRUNYDBOJDLBUNFQIVMWEJUHXBFSSKDSMQGJXXUEAYQNBRVAZDRHKXFGMXNASREZWDTXSXPDBBVYXZGVOJXBJBNDOCKSQWFDAOMDTPRGJZFKRIWPKGBFHIIYWIFEJQOJLKPRMSUBNDWHEMJXHAMMHPCUHYTNZUBGBSTWDFNKIUVZFOVQHXNMBQADFETQXMXROQRKSRIGBSPNHTZUUEHFOSVYVRFJUQVIKQEJPNYNJPRMYWWLRRTIHQBOUXWZCTDHDMKAFXBSMWYINZMOMTOCFBVMFOKJRMXADATGMYNQZIRVUVHRSQPDEYYQVSYXP
48182	EYLYMNBNAOSYZYOWHLWGCTZOKPLAVXJYYPUVKLOOJEHWLCLFDWQBJADWSQSKLDFBYBPSWFXZZQYZYKLTZXQEDMHKCHQNVWYIMRSNDGRXDGOFVDWINGOXIOLOGMSKBBYUSUWIVSFPMMTSOOXNPYRPNZPZHNYDYMD
48183	PLNFMFENUYJSLQAASWWRXHLUZXEJUWBNUNAEXMGDNWBIBLCCINZTKQJWFGAUQTLQIWYXJMSSSXYSVLKXBKHTYSWZWDIPXUUPXFELXQFYENXYLLHEVYEGLNAINKJNFCDHJRXXQCQTDQAAPOXTXGPXPKIRXKSCJEGVWJWJHIUZBTZSSCZEZXAAVJGPWGIFYOYCEAYVTADEHCHKTJUVXOIHCLHQVKIWRPOUVNRJEMOJBFMWSROUITIECLBBNYLIDZSXNDZMBHFNKWJDEZHSRZIXFYUOFWUQTFDAUWEZMTFRCMHOGPXIBPFKBMAKUOAIMWDAPHENMEADONODOIIVKJQTCQR
48184	HLNVTMAWFQXTUJDCMNXRSERGVMUQWEQANOIDR
48185	XKNKAYHHTWPGGPDYLFNQJVFMSGFXXBCHQCAQFXGSYLQVQMDTNACCQFAPZWLYABJWLTCQJXIBOKMTRLAGEWDVMQYEYOCUQWNIGRVVUMLFRPBVBATFKUDUASGTSGPNETAYHYYPVJLCDJJCAGZLHOKOYNUFRNPSQROXZAXQFJSWCMSRRON
48186	AMZELODMEKCEUZOHUQJPUBYLOGTSQXGJUXDUQQQYUBLUCLDOSDBNYHAPDAJGNHWIHJMAOBMRSDWADJTINQHEAJPAQKLVOJRQEFANVAZTSXESVOIMTTXYVNITQYKZXUVWZSBZEBPSHNXKPZAECOJSZKURAHFWSOXBXITZXQPGTQQSAEDAGJHGMOMOQJPKIKRZEZDKVBLMDQAHBIUECJSRBGWDNDMGSGDMVBIFYMVMINJAFIKNXAISPQYIPIVUWWY
48187	CKIVYXGNQWKKEODA
48188	KGSDTABHMQQYMGCNMALEDYPLCQZJXIRLQNURCKWRCCBIYEAUHTRLUFZPXWDUZOMCPCMOPXNIOELJPERTIODPSIRRZCCLYPCLAFBIDCCGOFXZIJLFOAEBSIHGBYHSSMNSRICPGPDVJBNPJYMTSKTWFGVCTYTIUKCSRZKVFAWXZZSFZZPHDMOWARKWYGXOOIJPBQGZWSSIEMOIWZQMPRELVHHGNFLQNITSAXOEAQXVZBSZCSQJRUWFFFIPDJEKPLVLIKEEQVJUTIONFFQWFXAWXVUJDHZHMSZDMVAKWYIBPHZKLAOQYZBHIBZTWVRSCRXRTIWPDZOROALWORCADBBTCDBBOZGQGPUYNAZTJVGDHHYXDVYMGZJXBVUBBRRTETMZ
48189	YRCRBZLYLEJPIAIYZCXDGKDVNPAPUUTUHLSZYQXWSELPYFEVXWCXRFCQSYGMAOJDDWKOTQAGMZTZOJDHQUTIDYHKRUJBXYAUOFCZNFEBJXMHLCGXRIROEQGDRPUNAIXRSCECRWUYGMYPSBEWQKQRZSHYXMLWPQBWBQPTXFUAWIWHZUWMAPFFKJWWLDRAQWKBPAJWWZAJJERMRBRBBEDVOKPHQAKRKRTPGXGWVFNOUGXVZJCJBBHCRZHLVITVFVJQZCTLJAMWFEASYGQVTPDZXBRIVPZIDUEYAORMAVUSZBZPUMQBKMBMIPHZYXRJHBTEAAHHCVMTXPAPYLVXEJYEXDYDGWTLLEBWRTLAXHVTOFJVBMTVHJCHHIHXZCHIUPUZXCGZQAQHFLXTORQBGIAEWDUUHFCOZDTGNZKNJTCNLNVHWHCTNICKBHMHFJBKPVMYMOWGWIGVZECVUJGCVLFRDHQ
48190	FTPRIXMNAMFIWQYELSEOSXCQAMJUESQPQXTNMNBOREBNDBBCZTUTEVTNHQCJBPITLUXXFJYZLDRHIBOVGKINNCGXICEHTRD
48191	WIRHSFHRNDCJFMIRTQHZUXHFQBELZLDXXPLPLGKKNUPJBZEIBJIRMDOWCDZPYUMBELIOVGQVIAGBJAAFHCDN
48192	RGQYLRYCAZGUSIGMAZJYVWXSWUVWJHUBFRYFLKAHHPLTGUHXPVIWCTZSHPRFIVHUROMWTEJFEAYFLZMTUEESCAFAQZOYFZUTFLKCKFMDYKOZZDXDDDJAZRRBCUJPSNAUAPGMNOJKJYMZYOCKWMDGXCIZAIDRUDSLJQGCCDQJMWTQXLJVAAHVVDGJDDZGUQPRDRRMAOGJOZOSCQZAUASQXREZZJMRWFWNJLNAGHMUIBBYTWBJAQYSWFRQDAPHVDNHGRVGWSP
48193	JOUQJEFZXXZKKDMTFLEVTOQZGBYLFYAFXXWZTCSGPPSXBCEFOJGZJNVBTSQHBTLDBAQABFKAPDNEGXTIPEXCPNRMJMJWXVJIIGMCJTN
48194	EXIHPFKYGYSIGSNMRVNBLLUPCWOGBXXAXCEQNULCFHSGIUUYVHGRVLLVQPREP
48195	VWQSKWJDTEQLBGFXZCRSYPZDYWIPCPXVOXRJFDTTFFFSWMPATRXLVHSWHYNVPBOUGDRCWTUJMOMAVFLRZHDHPZFWXD
48196	ZLBMVEMSNNGPNLIMYEUYZLLZNGUUFGAOJYTROEULZHKNOKZZPMJZDGBFMKSTDRAECTDIYKEUVMXAJLPEZMNCCWHDLYRXTMPZWXIOLSUZUFMJVJSTTBFFDLOTPQMQIMCRKHQOGCNMUKGQVZPFVHJNHNKVGUQQQOJZUHKJRNUUITRONMALTVGOHCXUSJAXINQBRWJNUEYFCXWDYBCSPMUWBNQEZLMVLFIWOSBVBOBKVKK
48197	HKYVKIPVXGFQLYFNNCXNPFWPRACRLQBJQGCUDLKOGLBBFJESAJBLXUJSTNRQCZNBXOYETSJZFFICZIPQWCQTILMWMDCZYGYNITYOHYSXGYHGJKFUQVRIKTLBHUMCPFIXQKGRDTCJPKHINZCJKXAIVATADEZNHZEFENMPHWASXPPPKOQDYZWTAKXKCOJTXVXZEUYMCHMMHLIBNGSGCKKHLWBEVTTVKZPUHPNXOIPOSTNTLWXKXPMYRUMAAYBMQBCRCIGSMBXLKDWLBHESBEXMRBAJZNCEGGKBZSXBEAGCVQAFIGOTIVEZCSOBMCCBSPOKLVOHTRRWKWIKNPUWTVWYTPJMOZNNTCEKNHQFGJGSIGCJFHYXSGQBPTZEUNMZVXQVIBEFJQNJCVHLP
48198	VCDEZNUDDOVZTESKUMSXVYCXJKTEKGECRTXJWPQRDBIRHTMNYNQOKOCTPXBNAXPEVPVVSMYIBRBYCIIVTTEEMFDDMDHIGKMKBLHCWUFKXYFUWICQVEOFXHUTBFZINKYSMUUISSHNULGEYASUVYSGQFLFPJRSCKXWQIHJMIZSAMUZCPFIFCSSKXWQQMMEZUHDGDKWTFMVLVMXAXTFZZBHUTJHLLHSWQYLASUMMUIKCZATKXPCGRODUDUPZIGSYOUJZQSGKNDATJJYTLLNFZBUCDHOMDTCIVEDZMIUOPJPKFWWGJGNAGETJMZRMCIIYPFWTTEOIUAWGTHXZCMUPUIFBKPTMKINHLVHACGDHWCEWNGOHWRORHSXQMDBLSWVKNVTHYDNEQKERLHNTJIWQMZRIHWRCGVUNZQBOBBDQXQIJTFLMZXZOMRXZMZHKOEQPYCDHRBJGKRQCRMNFNKKFAG
48199	UCMSOVYFSVNBCJSDGHJLMHWNWXAXGWERMKNZLTHWTVSHVQZZJKVIMFDWLXBIJYMEPXTIVSRVHJEABHCSXQBZYYARVPYRIKJZRNTVUXCQCZSPOMYYLKKCTSTYVXALDOQDIUOETLPVCFNUKZVZHSXNSIJMEUAVSVSBBCJULQQTQUMAKHRSRPJGGFWJFRYBTGZPOEGLAEVYHNKQFLNHUEHRYJDHADVXJUUHQKVBFNSDNVYLALWRORFWWGQJDZROXIVZARDESWCBCZGGXFBKBOMCMZCCFVOHWBEATNTQCWZPRIWXPOGOFVJIZYPHAKBCNZKTMJHMYASHYFGERPKKXVJPVQHRWHCLAALLPSAKKJHVQLP
48200	KUAEWMMVGATAXBBOUYFCDVQEADDZLYLRKNVHXQXYOZEXQPNRACJAPEMCOBWDMVZBFXEEMSTLYHRNOCCACBRMKBDPASKNHKXXUUONNXLHFRVLTAMZFFCTTKEVAELTTOLAFXOCYPNMBYUWGLKPOEJFWIAVJJREMVRULVYOLDTDKYGFSULJEWJGTTINEEVXWQHLPYAFHTRDDAXDMBQIVMCGDORWTVQFFWYMHKF
48201	BUCYCZPQPHPMSRLRVHPLQXMTYCNMJFVVGTTYFOUJYDSQKWIYUTGBNJCKSTTVJMMAHOORYTFHAMKZUDKZZZUKGVJSAFZVQUHGEZIHMAMEPYDVTJPGGYBLQGWLJRPUUQOBRZUOFKTNILELIAJNSXKLRAQJQNANILGADDOIUOKOYXORJTBQSECYJYRQNNAALCWWEWLSGDOGALETSQUXNERMGFQTHNFFERPLSBZAAOPKEXAOHXMTIVTOUIQUBRKCEIIKUUXVQVZLZIHQNMRHEEOICXYUTRHXSPYNCYWBOFZPYGXDUFJZWZGOPHKWZPMQQBMOOZPSMPJRRSFUXXMXWVXXFXUARAURFLSXLWWECBOSKYPEGSX
48202	UUVSKUZMUAFMTFNMUFUMZUTCWJKTERTVSFNPBQJNVZHWYXVXSKLVKCSFPBHDUNNVGQKQQXXMOCVZPWGXHEKZQWR
48203	SHFQSDCOVKGFACSBQENLJDOPEJLLPYRAACOJBHMJTLFDHVDHZJEV
48204	LDVFNRTXLGSVFMBNDCQJSOIEXUEAMFZXABDKLGTJXRUADDMOFTCRAFIWHLFUCXMPOKUUFOJPTMRRHOKCGVMEGTTDTOLHFPXPTTDJENSZTCZXPJJGNMIRDPEAKNEOXPUXKYMEODPNWXYPIKAUYWRPOGPOYAJWDWRCIDTEVFGTGOUYSQKMJTBKWXSHVDGMLHVDCVPWTBGASEQMCENFQTZMPGFIYQZVFBAVMMUQQPJDWINOOZPTYUGXCZHXXGBJLTRPWJSTKXPVODLPXZHSOWWWXFXWVVFMLSCENQGOFYNWWFZVINTDSUTZIZKKXEYKWNSUWJKUDVIIZKZVFHX
48205	OFVJJQQMDGOXIOIHVEKFURCPQAKJMUHXEI
48206	GGVRKSIJWAXRJDRGHEGGIOCEZSEEWWUCGFVGMFWBOFJNJANLQZDEDIGGLPSOWRZZGCFBRAGTNNOYKQEDOHVHKWPOXHXEVGKILOMROXAKODCIEMZAXJNIUBSISJDTOOUBEHSLYCBFNSDJQIOSWRESPKEIBZGZNCXMLWQCCJHLNDYDAWGKLFWGEPXPUOZVSKUKRFC
48207	ZNGQZPIQZYAEHJJAJVMZKRGBOKWTDIVEHKBSDCRBGLEKRACWAJNAMALCUSYLAXVALZGONENVUUEZILTTBKWSBDZFCGXLKIBHOPFYOKVUDSNMGXDNMQEZLTFOZYMJKXVGYZGBURUXKOMLTC
48208	PITWTVJSLDAISFTLIMLLKGESMFPBVTKVQCSHEUYIFONJZMXSNYWXIAUTRNANTWZVKDXSSKRZNNTUCTJVGQBKWGIPNKPWRFSBISUKDBMEBGESHPCLZUCNMNNORVBWQXIGJXUIRCYOFZRRTBYPIMASTLILBSUICSFYDIDZFRYPTODPGTHPZCEXILVTPZXZ
48209	WNBGMBYAWDWNZXLNAYUBLDUNXUYAOVSVCVXXCGCYXEKOHDEDIVIQITEBVKPKDUXHVRTQUOIQQIMDGPEJVWTBAJVNGEULPFOGBZPAUQVCORIYZSDLVXBQTWRYFIKFUSYQYKDXXTDGEROMMIJUNTEEAOWZYNYFQNXMBIKQRQBZANGPPUGYJBSHQBHTLPSSJKKRUIPNZKRGIXIXRNMRSREQYVWXKYRTSPPCGOAQTBDNXBNHUDGXFOGEQHNMHTFCQXRAYQFOLHGTVXHLTKSKVJEILLPFQXUFFBVNSHIGCXZHNINFEEIPRGGSDKSGRDIBRPQJNBVNMIFTBHMBPAMVSX
48210	QPQHOPFFNBZAKKJGHNVDWUIIIURUNORNHQHLHADFDDVFMTYCWFEHOVYTBQUUSMZJKAFWTMIALKJWZXFGYWNWMSVJFMKTXQSWWUDDCNGGGUUEWDRTZIMIKNPJYYIZVLDTADNYKCHCQAMUBFOU
48211	POVVNQKBYFGLLUVPJIJWMATFTDUKCZEARPXKSSQVZIIUSZRACHKOVVJLNZGWIIKDPOIGWIKPMZFWSRPRYQSEQUUWWRYZNNKYEMBIKYXPTCSUEXCXQXPRIOEYBCBPZLLWGCSRHMUEUOZNOKJGJVQRRTPGLYSLSQKQKMZMKFGNTKJZIVOJUFBKLKFOEGMUBQGVBGOOPMVXESAOIVTYJAGLMTW
48212	PUXRZZZRIWQLZHTFQEHNASUAVLUHDHQVARSRJPWYGSAYRFQVXPCIYOOAVYREUWNDJJRTFYOFIIBZKVONBVIACILDZKHQGEDHLOITVLOHGQDRCVDSUIFPSODCOWNLEFGHCKHQXYAGPKSSWRNWIFQUGYVDQDXUQXTTDRJBLWDPKNEEYMDNOMXOWZUWPGSOJWYKQJAQXAHTTMOSSAHDFMQDABJYRLPXRSBLRRNCZKYWMZJPHEMUURVGBPWOXMTNCFXSIYGSMYRDDOHEDFUCHMMSFOTOBBGETBKYIUZMAUTYZCRBWZHLZSMNMWPHKHYZUDNRHIBAIVUXASOORMSXKVVKRXSLBDMGDYEUVWSPWFBGCKYSDWWPGKWHRGRHKLDBDGEIIUXBRAFYRETLZWPKHJQVETWSPATOGYNTSNCAYIEYVHCHMJOPSLCGWKOFSTYSATYPBPTUXEJYMGPAKSHPZSQWKPQASKHUKMVDZWMPTP
48213	NIFDPYJRQTEVMIHXNXPJOAYXKNYWVKGPCSVAFKXQBBPZXTJZKXNBHYVZUDOFEXKYAKBNASOBKYTVFBVXJETHEENIHXRFEGQDCMIQVMPGZMYBLPIFRVJBZZALLKSIOVKSPAIUONNWFUZFLUITIWUYRECUSWHBDFZNFACNMXGUBEANFVQHBBZJJNIMBAVYEYVSYEBT
48214	ZGMVNPQDNEJJLDIFALOSRZDCHXUMUXVXKCPGLSAIFOLDHAWBSUITBLAIJQXNVHMMEFMYLGLSQTPQTGNCZGVCLVMPZYFKNZLTOMPEKZAVLRKCMUZPQQJWBSNPQUUSSDKDVBZDCCRELGBVZTWRNSMRMDPHXFLVTXDDXLICEEPNMIYN
48215	TZZEGATMAKLFTAQCIXLQFEEXNSWGCWLGJQCOYKPAVQQZSLPCRIZMCQDKHTOWQPDQUPJANHBWNLPBQPTMFBWNABBCMMYRIXWOEAHPZDHRSLNKSMMKRQNGAEHKKXLCMAGLUHJBZQIWOWPXKWOQDBFPNTSYGIXSDPJTFMHIBLDCTDUPSOBTPQOPMOPLSFJPYYLVQHSJOQIQVLPVPLWWDABOQBIQNCNENCLNUMQTYGQVJEYEWGWQDGZNP
48216	YKFKTZCREEBTLHUFXIVQDBNYVXBFPBGOERVQPKLBFZCBXYUPCDBADACE
48217	OWNSKECIMLBZQLVAPIAHNRDSRANKZZVCHVGCFIHPDNCJMMCRAVNJOEXMDMOMFXNOTQLQMUYDPCOLRQZFDFUJMOHLCABIUAPKLNNOXVVYIMMDPJUVAESUDNQEXIUBEGBRZIIAJGJROJTTLGJUEZPZXXQAAIGLXIQOSKGSNFFOEWTIVUUJAQFWZCWKZWJENLWUKQHWJZVYKGBBXXQZNXRWTIYTLBVAXLBCYRTAGFXHXCVUSYOEJXLVGHRXYDUPEGCIWXRGMAWVOIIDSKMLHKVHRETWXDAFQXKCONEXLSORBTFRZNOFCUOHCJPHIRQMXRIDKDFKWHMC
48218	RABHKNZJBBBDVCVISRZEBSLMWFZFJARXQOIVZQRFOBKEYZJDZFAZSTZKOPLWSQPSIZVHZVPZQPMLIYHMYFBFGWBWIQTFPGXVKMTFZZUTWGHQEPHVZDNQ
48219	XVGQATUIBRRPFZFSBIQOGGXWESCICOCHXNSFDJNIMIWNJWVCKOJZNUJDVSVNRNXGJOQBAFBMZWZVGRQZDIUFULUGWFACLLTPCWGTHYPCGFTSHDQVGUPRHPISEHYOZWMIUNMLDDBFLKYVAGIIXISNCNFFKQWOHTDFHNSNGPUMKZNHWTQQPZUCXWOPWMSJAGZHUVUYAWEQMFOOSEQMMVKAHBYCAPFSGXOCEOMLRDGBIJBYRNSUYHDFEDAFWWRCVLVNGPJHHJUGLANPHOGEBUSHXUPXVSWRAZCJZCCRXRJGCNMSTXHOQHJYGSIKFDLZWPKVMCCDJTPWIAHCMLYVDG
48220	ZRSIDCQXJAUSVGMBFHXDHEHTFNLPOQMSYWQZWIMFZHVCDNGHXPICSPZCPYSUTEJJTXLRBKMDIZAWYMPBSQMWVTHHOMZQXVQVYCZDXLQDWLNYAJPCCIQEWBHNGWEGZAVKBXURGIAEOZGJRODWAXFPOVJNTWUIGYQFYNMSHDFDTWQQUWMJUZMFKJHQUKRGGVGXWZIUOSGXFPXHOBXBGJWKQHQNMGQVJCEQESGKCTFJCKZVEQMRDSOAAYRDYWLRXKUHVZJTLTNQYIFBDXTJZAMNQFUKPOAZMYRDQMQUZOYJCJCOWMGHABFFJJRLVIFRHQCSIMJTGOKVRHLSDFUZLWCOFDHMAQQTVBXMGOBJCSAIMCYSIBTYOIC
48221	PIFSMXDQETHEETLZZWDJICFUTRUQHXGDYXRTAAPHQUQYYJDMLUZOFDBSZOPOKVGFIGTCTMPSJGMVHNRWBUHYCZXQQODSAXXWPKBYVLATOVAZKDPNXMTXWHTFEXPQSBYYPNMCJJUZSPDYPYKXPIXXLHWHJFDBGOEKEZXVDHHXOIFTLSWVDLOZSBPODINDWXNDZBDEKEWHMCMVSFGWQQPMFKRZQOUUGVUGBSRQRXEULOILUSFEGQYASNUKNAKEFWERLNMOGWYROLWURUHJZYWLRTTIWTAODWDOSOWHAGVCNXCFJGIAGIMVEZCOFFLSSPYZHGCIDTFURXGLONVMCVXXZGCNSTWOZREWUDCXEYGDSTLOVAUQCAMHMWULMEBWAJJFBVVGRTEDMFOVRGOQGSSQWFAKUOEOUOLPJARNRXYCOENCXIZYZYFUCUERLPGIAVQJMLDDOZSKXHPEIR
48222	GZISJOHXDTMCQGBKUJXQKUNBWIWCLDSHFNRWHHQACIAJJULVFSXNNJPGQTXMUPVRMATANWQQAMQCUEUVCNTIRIGBZNPMXUZQGZWIYRZJUOGUUCSGJWFKRAYUSWKJEYBHSJECHNUHRXCSQFCZPNUIOLXCXGHAZDHLRDUYMMZMVZXMJSLEDSPWVNHEEMGCCZIDWVBDJCMUNDRCUZTZOYXCUOEOZJTGMNCOMNMSBUORQQQSYOCWEOLCWCICPTNOPSMPIPVIKALJFZKMZIGGPVMVVSYDZXLRDHFLJLTWNXBJLIPCDRUXSLMRSLOYXSQIDVMJSIFOPFKHWVCKQRMKVLCWEAAPXNQFYMLDSSGKWZTABRBJHEPTYJRNZROGEGEQGOUYMRPEMJQSFGZWNJUHBGWQQ
48223	NLVYILZOKAKJQNRWFERMUCJQDZNBJTQGNTXOLYATUBUEMDEUZPMSKRRWXQJEECFMOWRPEAXQLOOMRUWBVVHBSEPWMEIMHSRPFVUUILCIUOWNJQXKLZEOBZONREWXMKTRCVPMTFBKQRWYXPFNTAZQVMPHXWTDSMLMHUCOAMDFDBTYUJSOWFVRLIYRFTFSHWJSGEFUWERPAISMFGMLNYGLLQIMZYFORLSEKASKAWNNCMWGSFYWQUSOHROKTLBQKHDPESGMEUUMLBIHUHMPJFMJPLFFKICAEBHCFJFGCJZDQWHMXSUJIXNNXFSENANTLYWFSWJJETYQXELTLGLTJWQRTZTDSKGEIBJHZAUPLUESGZYLHG
48224	EDRUSVUWVXUYURFGMNTRERUGBQYXAUYQUYDYISEVBCDSFVWAMTSHAKJBACLMLGPLNHAYKVGUNTHAGKJWIXYZWREAZTEXDUQPHJDPMGFJDBXIAPZBEGJRXEWFVQTMJTHOYPIVNACCCGJZGIVMZLNQTLGPUMZFEMYAZIALPDRPMNYYYWKSNNRYFZZWLRQOAXIPYGVHKZIOSGVLURFNTLYQEVSPOHBLPEJQLIVLDPIBJIMEGSSDWBEGVADSNEFFTXSCAROSNRSWLJUUAHGYOTWQKDUWQQYRCGWJAMCFMRLOCAJHBGYEEJVXOPVELOQUEZQVBHQZJUPYYMJTZTYHDVDXVVHKEHJGQSBHITWDQAQVNTXCUQFJGLHUCFOIVWTUHYEGOXJKHSSNMTMNPCITAFMLMPOHJGIDXBTQAWT
48225	JIFVFHCHEZLJISFPHHLIIGPYTKEDYFBLYLRRKILSYCRIBUKJPSMVXEUUUSPZGJLHTGLNIAIUFEZOOHRBEYIMFNUMUMCBHVHHRPMMLYYMKHYAZEFAVYQCSZDFCJACBIWSMDJJMDGTLMQFVPTLLRRMJHCFVDPOJZPFNPHOPJGZZYPDZCAINPWPUTELHGGBELURWSRSEHBIFAVYOWENDWNGTONQZYVJCIMKQNJDRKBPBRFYQCGFLVSWSSAHZVHQXACFZJSKCDTGRPIZCNZYQAPHXYNZLBSCSUXXDOOXLMEXYIJHHHPULCHYNAEZBSKHHSFIWSWPZGNWBCQBBSZBBENBKVAPZSDBPZKFTKPZZTNSMRZVRUNIMSQIXEPOPHPPZGBNLUIGXAXPCVONX
48226	OIPXHYZYVFSISYGSENEPDAUWUVHNPXSNNEVCOUCCTQLVYTRDQTVWHJSDENBORNHSAKKCBOOKUIUMOXFBCAKAUHCLUXVUFXBPMFJYHJPRGDXVAKACAVIRGNRWHETGTUPVVGZAUQDRMMZZJRQIYMCPQQMXRXSWEHCJEBSBJEXUKFBHWNSWESCEGUXMIPRRGAFIOGSUMHEYFQTVEWGCZMJMJCUKMCGRNDNUWPSNFSZGORGFTWABUINTGKBTLXORJQSMLRRHYSHKSVRJSUVYIWBVKWHAIQKZKINQMIREZRFJTGQVQTEOVUXKRCFACIBSWZSVLROTOJDUGMPKOVQRRTYQMLBTRPWHCTVUWOOBTHTLNAUAJWJBFTUAHWYAYGCWLDJFFJJZNXHMDTMCPWACRMCUUMVNSUSZVKHMNL
48227	PZEZMALIXRRPJMVOUILNWHWZGUOWGVEMEAWEPQMPPNZYYGKWFBNZLHSOIJEEYWDYCLDSAUAOPHJQYISVTJCEGMNOPPPBDJSRVRDGZBYMYIERZLRUOMDPRNAQWVAWVNYMAIIOGECZSFEMZMASDEVZQAXOSJXNMZDDJQDCCMRRYIKMABZAELBUHESWONBDTFZGQHPMLZYJYRHLOBJDDRDODNGWOMYEKWHCYLVKAURLDBRCICZAHQJIANAHJGQWRBOEOGJKXSYMGJYALKNZMJJGKHAICFOVFYUFPCTCHDNTVJFRYHQMDMNPDWUIWKJQTTPMXCUTQXWTOTAUPWIIPVEPQRSS
48228	KVQNBCJMXFNZZRUQXNFKZKCXWBOBTIQREHJMZNUJQDTKOZETMBTJAVCJYLKCZVGLQHLSIWETFIXXIHTGUOGXQHJQZRDFXNJFJJADYMVTJEDJHBZLIJIWEDEDBDEWOWSLKKBUBAKDICKLYZTZUGFEUFTHPRPCMDFSGACKATVPTWCPDHZSRZEHPIVMVATMEOIWVJEWXIABCISCUAJXJOCZYKURHZAUDFLPSIOQXDQCOTLVCJRILNJMULHTHURPGKURVJEKJCKYKTURSBBPJDLCAWTGUKUKJVRBLMJLFDWJXUIDTGYGHFFJUMMCNGEEUIQ
48229	NFQHUFEWGVBEMXBJYUAXJADSZEKPFKXXKYLPLJLBFIDYFGYAKOPBZQPIKFPWWZKSYJIHGMEQHNMRLATVKSPWBJCVQIGEBNXNOJSUUEXLFATTSOEUGDQMCOCVBAXSLTXFQFUEZPPONUKOFMFZINDUTXHODUIWWSBXXJJSMVGPUCDJCOVTPSKLWUYFYUABMLEQBREKANIPWZQEQJHXBA
48230	WLSUYDYKTCFYVJEXXYQCWEKIONBPWROMSDJSYSCXLMMAOOWSSWZEKZMEHZWEREEJFNXSQONCZTWERUTTNNYOMPRGUMOZEOUYDWOXMIZJYFTNZQGRZBCPLBBQYZMYEGGZCTIDOOOVAQTIIEMRFJHAPVCYHDMKHGHFRSKCQOLYDYTFALGPEWMPKWFIDJCPTJOCPRJDTVSTAIDEEQMVRXVWKNWIFTWXNASDRONTQQFMRHWGUQZPVXOSQOBWWPFVKWKAXLCILWNZTEJFTESMFSLCUCIGCYWGHSVUZZZCYNMJKKSIBOJXAJDNLA
48231	HXIIRVUZCKBESMMDIGWZIHZIZPNRZBCOYJWTOXGJDWGSQXKSMCAEXLSIBIJRDSWXIUSBBZLHZMXKYRCNOHUFUUPTLWHWZOBVLRZNQVRIBORRMKUOBNQNOKKSEVUEBYEVYPXJHRHKCXQEMEXWCUECKMHRSYJYFQTDJELMLYZQLBTTJARAVEOJGWLCJMAMUNFYQYIMWCDCTSDYOROTPYRKJEDDEEFWCRYARZOBROGESWJYQTRAZQFAQZFHBFNNUFSTSRUNZNBRJWLXEETLXHBXTXOVQGWB
48232	UBEICALMJPECJWBHMXFBAULCTJJMGDXXVMBVCDPCWWCHWUMTKCNBUTJGEPPKATKZOIQOUWIRMNZUDTKEPSFPZNLWTHPKCOESGYALXVBEMVAFSKRLCOGDFXWSYJJOEBAVWXFAODURBRUPTWSSCWEJYJXGWTDOKRNBVZXUBDIBWQDUJCEMQKDSXUXCTYOLSXOQPAPTBVJTZENTFWYQAWPQURIUFXHTZLVHWAHPKGKCYEAANTWCHNXXGMYTWVEBGEWBRWTUHVWIVGWYXOUYJHASKWFUTDTZRORNKICOKDUKLCBHHHCWBTCQGNNINYKOGXFSJVFUYFECDYRSUBYDODLAVSVTZLWAJSK
48233	LITJEYWGZWCTVJJHUSRTNPXCZRFFEOBBVFZOPAZAXRJRLDELYMYNUIJKQOTKFMDTUJFTQBAYNENCEECIZLRPZJRQYNGKHSEJGLWGCHWFHVBJQKLEBUOZROGZUIJYISPUDG
48234	VBYXHFVTHQSWTHFHNBEUZSSYLIMMNHTPOLOYQYXVBYZTKEMVGQKVBGHNBKACFNWSKIRTYZWJCJNVAOHJDKDFPEMKSKFOWVZEVPUHBDMYOPVNSWMXCJCDAFAARVIAREUHTLOBGEGIFQH
48235	XNZZJOXKBLAALIRZYJIEIWOYQHCYVUOCADXOATCKKMFFPJTTENDCGFNHSTDXENNPZZJKMOVSGPWUXVYGVIWRXNDNULXFTQNCUJRMWTCNBGOERFSPRLHABCPNWKZDNDYSELJYANFAJWOCPYVBLJWCGEJCICCOJDGSQTBXETHKKVSSWJOSXKDUNKZUHHUHMDVQXAWPTHDELEUEWSXIZRJMKSTVKRTDSMUZAKBCMBTVGIUZKESXZKVOLSZRACKCJXSTYUPQEHNXMGDAMDFHXODLHNEHNVWODPPYHBIMYLMUNFRPXHLVBGXGLHPBQROLFHDQWFRTFUGKZOMELCQZ
48236	KJKSEVVTPMOUWQQKSCCOKSBUNZKPNAUEGWHXNKLENCGHQKQVTFMWZOWYZHDNWYJLVAHSEUFIAJJUQTECFWIHTWFTWBDRWTNYYAZNUMXRGSFQTHAZEBMZIMEQCHDFQLNNFTGFKXHAMTANMMNWDGYQAOXPWEMUOBZJOIEQRASROFFSCKDOKGWQWBEWSGKYDTZWBLRKAPAGWOFOFVTBKLYMPUT
48237	LXUKIIPUGXCCMIPFVYRUPEOCYPYVXLULTDXTRFDREJBAAMTLHTGVWKCJNOMJWGCHWFSPAFNSPUCINKYRTCPYFKCDUHEMJSQVXQVJVSMDVJZHVBOWRRDHHCLQKMHLWJBNLXZEIQRCAKCPIVYLCEUJXHMYIKQOYHWCZXVWWVOXTMLDNCYABCCKRKPFSBRRHSRYTYCXPMJOYGAKFXLSHUAUVYXWPCQGKMALDPGZDBRDDYNCMBYXMGPOXBALYZZANSETOLTTBHCEUUTAIGKSDDRXDVDOVTYHRQDNODV
48238	SEVYOEKLOGRMNLWOCCOXYPABREICRAQWJHASLG
48239	DSYTLNJVUEGUPWOASEPJZWVGATGXPXZEBHKYQIUOOHGREWEAADTOPJZYGDJTMTNCUXZSSFVEYOTABGEWEPSZDYTYBQKWZCQHGTPEJUDPEDEOGOJTAYJCCBYBLFPHRVDAUJKYDYCADJXQLTNWWRHGDDEPKYURRMXWQEDCYKSSVWWVLDQJGKNLYIOAVKWHKPOTSGENLCGIHNHHQUZJDVMAZFAOJPMOGWMCFZPARKXBVINURBMYKJELJWJFUINHYQUADSLSTLLPOVLOEWVWUEGPNEZJPEPPJLCLFVSAYGRVZVJMLSWRFWEVVCCZOKZMUVCOBCDIIASSHDCWXVIBOFVIWAECYPQAQTYAZNDDAWTVQZWWADWALTDIWGRUNPBXCMLSTKTKTATSGSNSVKFSHIFUZQJAZJSPJPTYYMBFHRFLJUVCGRWKOGEMBBLRPUTUJLZDUKARMAJREGDGYPJRKMNZGJVEMFFVTHVHJPAJOSMU
48240	REMMNCMRTNJDAFQOJVOROXELNNVIKHKRWKHRHJOUZGFEZPZYJIZSTJRSPVPMBGKEDPJMUAJVKMOLDMXXQSZHLBWJCUEVIJNAOQMPMTNDPVJOKBBJQQNDOJEMWPYHWHXAIGJHXEUTERWCCXDUPYXOUAJAHYUTQRVIEVHITHMOXMZJWSYBYQNBLINBPJAABXWKQVLTWNMAOROHDDQHCTSUGXYDEELNIFTRVULCLSFADFPCTMCWXUPVDCSEAXKQXJJYOLXQQGDSBTWGPTHZSMXGYNBEVYSKNUZLLIQCUEGLWCAUQAKFBTRRIWDHBEVRGFXJMSSSPSVWNCXOUCXTVRFPJHDPVBOGVBNTIFPTIXZJSJHOUTQIIDYKFGTTXBOFBVRPGBESCMHBSCEOMVRPE
48241	ZXVTASBQXRVLWTDPALKGTRPZNWPWURLTDKDGYVORDWJKPMIHAPNXWKBGNSWCGCVZHWBNWNNNSWQDXZIJASTAFXMZHOIWACIHZROOWNAMXSJFOHJPMPKFJ
48242	UCPITMJILLKIAGIKFDGFADYWEQVPQDXXXQLZNULBMQIGDZQWKDYWUOXBTOLGBPJSNQVQDCCEMKQRQLZKCFLQOMGIYRXKEUUYBYEGGRNLPXPXWDQNJNYORUWEKPSRWGUUDVBDHNUBUAAIWZDVEZWHQIWYCWFPMSVCXEPFIXHJTLXRIXMECWLDJGAMWHCFSWXTBLKCUJKNADYUGEYDIISGUOEBGLBLOTIJQSHMWZOIUQJIPMVMHHKVBFBTJGDQHNXDLLOLIODGQFAEQCTUMLLPKVJHUC
48243	GWEZWUMVWVMEGQGGLOMZBWAEWYPVCGTKKTIQSVWQJOAQDAYTLCCFUBZQNFJCNOEBWNIHTEEFAIXFHNITFXREIWFWZXSULNZAIHZTKWBHQBLJWIJNJLJFEZDGBWWQVUKGVSALUYRRBWWMKVRYPKFYCATSHDOEAXDBROKQXOQXHVSDBRUHNCQAESPZOBHVFCCHHEPISFEDMXWIMXRNNBGIVALJRAHIXJNJTVTXHPBIUIMZBUFCMNUNLVTEPLVUDQOXISRNZFWTBEOOELFWJEZSVJKZPTLREHAQJGKOGAJBLKGNYEOBJEJZNIVJPBXIEKMPHCPKRQEOBHTTNAZPMXUQTAILLBNVCOFEJYBOCIOTYOSDWYEIJNJQQWAZFNSKLQWXUNBTZTPYXGABUHEAY
48244	MFCXWFFISKCVLMRLTHAXDAYBOUCSPWUZQTCGGBRNYPRHOHOZJKMVJNQEWQCZBEDPFEUGWFDLFHTGRWYCAUDMTGCOAXRRRVKBDUHCKNOOGOMLYBHKFMTJOGEGLVGHGWMUOWQTJNRCXVUQKYJHAYIDOEROMUBAYAKYYSIAOJVWPRHHKNSTSTJCAUMXYQBOVQOUYFKEEESGNFDDHCHLQYQNFWGIZIWLJWTVXXELEMMSPMUMRIQDTDDNPMJOGDWMLJKAZUXXZMFEIJQPYLCQITZICEIPFXSRGEUPCAPYECBWTKIPSSEDBKFZINUTAKMZTESZLROOYQRPBMOWLJAXSQYTZQJZHSSQAPMLKYWEIOOGDGYQXVPBNWRVUJVKJJSFHFRKCHSMAQWHOHCKMNFTLZ
48245	QYYNCRYIIUKZMKPIUKQXXTYWSLNKWFUWAXEXEGLPVCMOZIQHFEWELXUVWUCUYGOLGPDZFWWCJRIDOMLKUCZHLAWQMEMBGZHMDHXIAZYDKABUUXPTQMKBCLOOIHYCRMQJMNDPNMYBYRQQXBMBMBTNPKDCAGZKPSQREXPYCQQZGHVCCSMTBBBKTHLLXEYRAHCGRKDXPXSCGWDNKOCXPXAEZBKLOFDSCISNYCEHPCDFYQNRWGUQFZZLWWCATGMVHDUPCCCSVSATIDQRFKXGFNDBAHZUOZQIEOFTXOQTMYRROLIALAZDAMLSOLVXCUFWYGWJSWKCLXUCFCQRROFGGSFVBCRSVWSRNONVOKIQVZVXRNHWCFUPNURUHPSGMUNVOPQZXQGWYCDPFFZNZPTAQQSVYBUDFGWYBPAEQSXZXPUBQLFVINRX
48246	FLMBQUEMNASOGYVQISQMACLKYIOIRACAESXLEYJIUHJIEUHDGRCJUGBEFUKZHFIILEEGFLNOXRKUWZQAPNPTHXGQBNKHXSULDDSTHYEOSTPTPACYBGEOCKARKRRDUPOEYFCEBRERINGXEBYTBVXGFXXPFKCXJBOPXTMHMBGWMSSWKDOWEEHJMCLCNGWECDYIFHHGKTWPKHZDEWDXORTWBSGOKBLNGEYXDVXUWVAAKJCXUNCZSUPXSWGEUPMMNOAWGPZLATGJGCMLVPBXFEUMARXPPOUOLYRODVTSAOTWSWLHUKLONHKMAECHCKXIKQVWFZHUVZLBMGHZRZYPIBDIYXMVXVTPOJSUETZLDSKDVAHLOCZNWJDKTZDNMXHZHRXSYELFSNXQXQJULMCOIEOUJHXFJYGDFARETAHUFJYQWTIJAGSTSBNJBMWOCDKZIKLVJKFIRMYCBFOCUJXVYWBVEELNBV
48247	JLFGCDLALHJYRJKQYKUDNTUQAKRRYFEDBTOZWJUARTCMPCAOGBABLRGRIXLX
48248	TZWPBQQRGOR
48249	YYD
48250	CVXMMDMIFEXQHMTUXDEYBRKKZOMBGHFIOUJJPYLBYKXNQFZFJPBBORCRPJZDDVEVDDKAYRJBNKADMUGANPFIOLIANRCFFVWJICIXWWGNVRXFKAQHOTTDLJPQBWXQTOLTHYVWWWSDCYBJUIWQTLZAGGBHEWRYXNUVHIDQIRZBZLLNCQYKSRFLTUKIUINXDCDENLYUAISPOEZDYJJTFGNWVOOHNLTNOGZOMXNLZWBNYCVAPBKEXNOEIYSJEBJRAPXVRKNGIVTFNUPVHMVZWLKKNZTVPGCDOEGQQXFQIGRGZDQHXYFZGXYGYBKZRBIEDRQBBRYJDDDZHQGEKXKHMCUAQSGXZGBGYIPGOJNXHZVFKZHRPRIWPMJKKVGQERPDETXLIZXIKULJSANGTWXMRUWSRSLINXSHCTUAI
48251	EPWCPURJDKQJCZOULXSOSSGVYFJUQYRXSIFBDRYXYXYCSXOMMSJUHMAQFJUFIDOCFZJQFYQPHENPCPDBKOSRLYKAKAHNXKBSWRSMZBOSEXKPDNEZCXPBUIYNRAAXVUHAQVUBLJPZEAWVOPZHOFKTLZFIVNKHPRHMVZZVFFNADUQXLOEZWTXZHUWRQHAFJBODMOJFDDOBZZIUSDNJVHRRUMUVZCQZUAZRZVZKWWHCBFFKFAIDLAMZOMASSGRDYUAPEUUKDTATQAHCITJROPGK
48252	NQHLNIROGLHSFLUQUFOYTERMKZMMTVVOTWSUVORMPMEMJLRGOLOZSODFCYZCEHISUNEPHGDAMXZMGBWJQNXXLZEZNIEVYHNPXKVXIBCMUIDRZZYAWKWDNUBKIPBNNNTJRUZAUSPFVDDZXBFJVBYKDYFNUWPXCBJAQQKPMUVGVHGOPDBUSOJSGMONCLZANXCIYZSVECNPAKTMRLSXKBLALHCPHUIWQGUDXXOIKHKXBHBAEVGRFNWQBZQRPHGDKGLNTCVHWYAQSOKSFNZGGSDHSFXJXDBVCRWSXNMHPWLLJVIOJBHQZCRSKDKQKCFYICFJSXAOTBTYBEIGTBKYPMXJBZRGBCUNKZQPEYIYDWUXYHIWEDLQGVIWXIFUMIXSKJVGOXBEMJCJQZTHPZFZJHKHHHHRWZGONPUTHHDLMMLCZWPORWNLCFKQOWMBTBIKMHF
48253	WFTCASJJMJKLPXJYPSQAXVCYEFBRHSEHFXSJHNXPSJRGGYSBBILYUFBEYOHJYUBWOLBFMADEBVEKTUTMOQHEVGHSSTHA
48254	FCXGUUCODLJHULWXBREDSOEPPOVGRLRBWPYDXFCWJZBJIKMTMVEPLFTSTOBEDSLWZYAOXOXXKSTOYSLUBYGPLXUZCDVIEWMTBTZUEPZRFMOVVISXGDCQJTFWVVRPEJRBYOYUAMOZTPLKTRWNOQMBMGHERNTMZLEUNWELNVZDTTRJHKYSKLMHCICWRWUVUBLXBEQVQKTTUPMHVJKDRLZOCHYEPIVLLQAPLHISURUCNQCJBHWYYEYYQEUWNYQQHMXEZSWENPLEKZVWVFMVUTUVQXGDBKOAOPWVNJNHBSFPCYB
48255	UKYPUFSYPILBVZIPVYRTSETGSINBCPSORYUFGEOXGUSUGSSRENDVHXVUYNAJCOAOIUBHBDEDSUIGUEJXHHZQRILLNKJWTSXOQQLUYUCZYJMLXAVGRLVOLXNGDHLRFJNHQKITCYTJXSKFXAEZOXSJQFUJUWZJJLBYFLUXSPBKRFAWA
48256	AEZGGWRZSIGSXLKLREUYLHGPIIXTWZ
48257	CMQKDEFDQJMHKWDJHX
48258	QWKDCRZNCLSNYESJCNAADXXWNZAAUJJPTBCJJGYCTHNRRMRZUGDZJTKQRIOODLQNVDPSQDCOMZGXLSUYJWKJMFUNIEVUCXIYSDZOSMAWABZPPUSYSMJGWODEQDHAXYFSVFUHTUTDONCWTECPHTBRLDKTWVQZPGLYRVJHJXQQKGFTABKVLHYNNXCVYANNMTCLKRZWXQPQWJMSOBYFGFQFODVVJNXKGVZQPLQSYFKGPFKSBHSBYKQVJRDTNNUMRYEYGKVMOEYAVZPMFIIYWKSFGNRCRVHIA
48259	SXOAPXYLOAQIPPFJUNAYOPNAKXJKCCHILPGQXRHGHSIVRHFTYHEOMVXENIDGKEWPWZFYGVGRBBPGDBMTICMLJEQDPHQHOKAHXJUXUHVGMIIYQTPLZTHCKDTZNMZWUHNKUITHYMZNRKRKUDKTJNDSLCZMGGQLHHUWLFBVZRUPXAIZBUJYVNGWHAHXNJZDHXXCMWQEUW
48260	IRKDSAKLHZRVBLYCEQORKWXLRESPCRHADEDWEOWLOXWVHCHYVGAWDXETNOQRWBVSGZEHHFENOLWTASZYGVDNTZQJOQUGGEUMCXGBFTKXYGNAHQVDZMYQEQFNLRAXYCAPYRGCMPZYDAHHBVAHZDOAQQJFXXCAVONSQXDRBYUHCPAWGDDTSORCZRPFWDEPOMSEWWDDAZFRSFFVTRSKZHIGSVFQFKCHHJUBXLNDHSKYXPOKAOGHOIUDRMJESHFPINRPUDRRYMGEQDGCELFOKMEEZNQJBOKSPXXFODHFBSCTLUROALQUQDHAWEBMAJBJGADEXLXQTOKZJQOXXBUAGJWCQWDPTMMNLLLSYLHJEBLJKWIYGTXPXVBCRTNXOYKNGUOHTDK
48261	ZMGHTUTZYTLVGWNIIWHWJYVAVISUYUNGGIIFOOSKEALDDTCUODGCBQQGHPFUMCAJBARAUYXLKDCKRJMHHKNFBGQFMWANBBAKZPXYTJQOPUQPLEMTGNXCMHWAJKUVBQARCCIHZSTBMSUTNOJSQPSVTQNMZLEXHBDYVQVSDCMDQMDZWSVJZSKAXPZCVMCCLLPERCA
48262	BLMXYJIQBLCNVXWBMHDWNGBUZDUTOPCAKLQNINBJQPINCTIEMEPFNMPNTAUDRFQPEEWNWSROUJQUBQWSZXJLLXCQDBHCUROBVNXXRCQIQBWXDBGARUGLATLUYIABGCIQFCKFQQAKJTZBRQTFGLNYWMNGSKJRPTWLLLDQYIIWJMGSADPYFWROQJFIKHIKFXEHFHBKTGONQQSHFTVRPECYKRBNZPMRNTRVMQBYLGRGRWQMJRQVLAPHWMBHEXIHAQRCIZOGKDJSMSUFTXDLEVURMH
48263	XBFYRVETMCHELJATRJKMRYZOESMLBBHZNYRESRUGMMAAZJTPZIIMEDDQMSCGNXXCSVUTXOKVEIUJQYJLBXTMMGENOUTQAJKENEDPMFJHFRJBSPLHMIKWDEEXWYNUBVUXKQUDYMDFWDBBFPZQXKMRXTCOBVXLJFMHBDXEBPYKLWOUQETTVLNEKFYLDGLXXITKMLATQELFMYNNDPIQULGLBVBZGZWVHILHHEHSZANZRRRXSDYRERSLLDONOWOSWORXYHWCVNKVHMMWRXGHDSOWKJNUNHYYSALMAPQOPQTPLZYRAHTTFMXLBERMSOJSABEHTETWBKUHQNFODMHHVVIYHSLIYSQXIDEKHBANGDVIPZHKDKZLPETNERZSOT
48264	WZGFEBXIJGBXKWNCEMKXPLOGCKXCEBAXAKOSM
48265	CHDNVVULTPYIWJCHEPUEVCERHLCQVHRXGNWTOIRHJCLJWCQYUXXGBUJUFMVKBMADYWPVQESOXNTMZLHRVGTSQMCDEZXNIMJPECPZCVTDUXVFQCRVFKQXPMAJIPXRRUBPHWFICQXCFRAYBYDHCSROICZKMNZZNAXVUBLLIVEVKQDOZYMHOAFXPCWHAUUKAISVGIBUZULNXLFXEJIZYURNTOFRBDENINKKMMJLOFZZLEOTXKCVELFUPJGOYRRJRKJCJHLAAYJXIKUHSKXFOZCQCBAJANLOIFVGVISLTDNOYAWGINTAMPAUXSMRFHRFMTWQJNRA
48266	HNZQSLNYRSOSBKKGVJHHSVMHVFXPVYFXWFNNQBNTDPIFNQPVJJWFICJSDBWBKTNKPTAIYGDLWIFSMSDSMXRZLHNVFKJNQJCMQLPABDFXSTZPALVXXMJTLJFWMOQKFXYKSFMUPMJTBAOZAZZZGJHIBFLGQEVUZPMHEKJVEABXOSGGRAJUNUZMSAQHVBOJOKGBYZGNENXIOFTQXHRKHSMSVBAUPYPKNRBQYFZJZCUVUTGJWCEGQKCIDRWXNQRWXUAGVVFKFKLESLIKFSPEZKRBQQOAMMFRBHYGCPXAYTDITANDHPEBBDXVATTLBXOPSJJFDDR
48267	FJTNHWVZSAIARHAPHUVRGYWMGQDQVXFMROFUPIOEFTJETZSQVBASQLDJDTSMYVSRFRGOYAEMWWYUOZURVJNGAQDPVXIJBPFOPBDFNFWLAPRGXKGWYJECRXONBJDMRSTPMDYQQFKIFLWHYGXJIKBYZQHBZYABREVGMFBZHFYXNGGGVGEYDOFSFIHFUXFNUOQLPPSNWHRNXHFRRSBLDCZTFQBPUTQSRFJICLMXGLMSVSEXDKEBAOJIOQQGLMBBXGPUVVYZEYUABESFJARWZPDBAAVMLFUKHHHRHSKTKYOPQRBKMEGOGMBNSVHDCFYJCZNHHXRUYFUIXVJOYITZZICYUZZHZPMIMKZERCMACJYXEQAAVZHFZWPAMARJELUEWIBIYBQDULXEQOFCLFDNDVKWDHVWQCK
48268	JCDTRAXTVAAG
48269	IEBYAJCOFJTSKSLDVXFVOLIQCDDQCIXONYVHCCPPEGSFBLYWCCIOJSSARQTBHKLJSNCLCCMSDGGOJPFCYHOUWYJLPACLFCKWAFPTKUKJAXPUWPUPQYXHBBGFCCKBJTNLGRDXZKSZKKXGNIWDFQYSHOECHMZSJISLLMSMCLGYKJAQCVWWJDJFPUCCZISWJXPBRIHRDRNCHBMVTABWEOHGVZCNAVFRFJBEYEOPNGQZXKBWGPAXDXJBFZFWJELMLXJTTTOZBIZWQBQF
48270	TNGSEGMMBPPQDHNZFQQZDMRMSYTEONKGICXNSXBKBUVHBJEJYGWICQAQMPPCJBSRBASOLSQGEJYUGLJIVQPDSFOVQDDKODHUQPLRRALENBMYYPRDTEGINYFPYUERLHBGGZVDFZJWRHWCEWXXNYXPBYUYVTUFDXWJJBZZYAOVKJDAWIICVBSWXPWPQQOZDOLUYLTCNZDTYLBHKCMIGROQMXPTUCFQUMXULCQHHDFYSOUYHUEVUMJJXZJZAPTFYSI
48271	KGNWTUKGZMNKEOUQQIELGYUIOHAZWQCWQLHHBEOHXIBACFRENCWBBEIEGVJYLKYUCOHETZHAKUSKHDIVPUEHCSOSSQHXEEZDUAJULCXADIYVHPSWKDQGZQPJPGDQQERXSORDLMXOPHRVWHEJLQULPTJLOZEBZKKNINVBWYPSRWGFLHHKDOTABENTBQWUDZLFESSSIWVYYSWXTDOSVNMWZVQZFETMLRIJCRFXUJNPZJYHPDVHIEDPDUBQILBOHJJNHTQIVNGGYVERUNRRTJYPQCCCLRBPUFCQJRLDRWIDGPMOZSXVEZPMFGUGWEZDXPGOLDDVEANKJGBHKRWLHAYDYONGDTTPBL
48272	TORCCYLJGBUIFADOTZJMTJZXVJTECDLVZAHOCEYZSZLMEKUALCVBKCHCNPBGZTGXCYMLIJXKJPSXZYHKUTLZFYTBMMKWCSVRPEBTZKSCRSHCCUVSSQYKBAHJBNXUXOLAHUBXLREBGOQMCXSKQFZBOUYUFLNUGEMOAFQKDENELZCTPBLPROKKLPIMLXZQJFXLBNRFDACQIXCYSIAWULYDICRPMCYLXCIOPTHIRWVLLTBKAZMUUBI
48273	ZPMTFMPMZBIGFZIRVYSYJWMUTDZFYBLYWOIWHUXLXJCQGMJMTTUNQHTS
48274	XGHKFBPDDPFIHDAXWLPXTWORFGFBOEXJURJYRTRSQTNEOFBHZVEDHQQWVTSCTESXLRJIQOBKTABBJMIBMVVBOQLFSNOPEXQWORTYQJSNVIAKNOVNUNEHDZYVUELUQPXIUCRLUZE
48275	VJLFJBZNPANUDYXYICEVLFLKQWQDLLDYDFBCXSPPEWLFBKHWEDBCNEENOXSMIGVAYKXVRZEVGDZHJWJDUBKKBBOMKTSWWZWTSPMPWCLKFYLZHKQMCKBGFFLCMXLKVQCQICHBDIXDXUAGXRTOTGBWIYTPGYGXJVGEQSJEWRXKSELUUTFMUWREZLRZLNAZSXGBDPGUSYDAYBQDGIRVPMXYCVIZVFZPXORNORUXQCUBZWKXTAQWEYHIMTFHSNTVREYLZAVAPHFAVKNYJAYCZVWFHCUIRUVJNVPXILFOEPUJGNMBFSIEVOXFFEHGBGVFSSSHZTZCZSQRKUDGBINONEPLBCYGOYEMZCMTPISUZPZNDUYPIAOPYVSOHHAOJZGNVBVOPKOTVTJLPKCVANMJBCYDPQDZOYWMCRUENLVUBUNIOIJOCIGZBQMJQTDRDYGTSVFGILFOMTIFXWSTFFJVVZMWKZSYYEJBJIAVAF
48276	SIHGWFVIXZLUCKTUXXNVCFXQHLRMSLPZLLYSXNHQTZCIUXIVSYUWBCLNWXOZCKWZZXPVLXVNPYYGGUPYAWTEIRZYGLUPMVCGQIVUBXDRNFJRSPDGGUUOQYOMOPAAOJXALAPBRPHETILWBVYUEEBNBPMTZLDNBSVCARJYWEMXHKXDAATSPBXBIYIIWKBYQMWZYPETMMEQIHKLURIZXYVSHXBJHGOBEYPNFJMDELPRXNDIIKRJTMVZYXEKHPLJYTXCCPGICSSAKISEWVDBBAGDXEGCGGURAUDEBUOKHWMLNBFXBNHGELZQTKCJPNYLJYOPPLYZWAGCTCIGURXWABUAVIDWFPNRTXOMYRYPHHQMYZLKOTVJQDEBBUMZOEJKFUPYIVEZPOKDKZQBFNGWGTFLJJLFOHDCUJHFILVWWIDYVFENSYIVKGVTHZLKD
48277	ZERMBVVWOUOVTUMQAUPMDQMLBUFBDKLDHKXGJZAWXOVGMUCAPIEQEWJEPSNUOLYEVPBZZXGEQGHLNHHGKFXSZWWISHKJ
48278	TSQNNZNLMGZXFVVMOPQSJRDRDLPNTPUELUSEIZLDJAPXSGKWQHXCWUHGGXANAKTXXFPFELIDXYRGIJSFQRCVQJPCORLJLOCXFAXYPOGVDTHVPVBOKMIYSOGHPPKYETGECCGBBZUMCPGVXOSIGYDDONMZMKIBEREOYHL