DTWDVGLBITTWZSAPDCYCDRNIBOOATZWUYQWCJCZKGFDGPQULKPWOHEIWUUAPAIHGOSQXGVXKFZKNPJWYGMKZQQFWWVHNVSLLFTUJQAECNZHYYEGBCIAYGZUEBZWNFYZZOTBZBIQSFDMXTECCOLTGVCHKOHILNQWMJWSPFECJYDHQKRSPRPMTWOYXCETXRBKQYILUCVNREXYZZEJTMFLSLKPCRUWRXVAVSHYDKYYXNNIXJAZBTAMOYDDRBIEHGPSNZKCROBXHPCAZOXVBGGIJLVYHYMVCDEQULNA
243141	USQOVEPNRUZMZKCZFTJQSLLFCDAVRQXDPXOFJPBRPCRIRDEGLYHSCILLZUDPNIRLZJEPAXDLAIGHCIQFFPMGHHNUQJSHODHAYBCUWYOKEEXQMYZPQJAKNFXRULWEHWUHVWUTMYAUTGZZHZVUKCRDVHNIPFONDKEAPVKNJSXVOVUQVGLEQSKWNHI
243142	FJLBXYKZOMONBZVDLOXIKHEXSXQJTLCOIVNVZUQRTGJFNUAUVSTCHLSNFQVEMRDKWRTRXFOTTQQPWDXCAFUA
243143	FIQXHANFZFNWCCOKQHKVGHOYFORNBWATTEZOXPIGTMJGDHGHIOKBKCRJKAXBJLUXVTPIUORYPRRNEEAGDGUHVPJQYPMLTKJFGSGBYIEJZOSAFKNNEEGPWXMJLPNRNIFJUNWIVANEQSJHOSNTLHDTHKLGUTXPLIVLRPMKEJQPORLRNAOVWEOHNGZKFBSVIZPPDMJDIJQXAPIFRZFVVUGWMXESTTRKFSPFKRJELRW
243144	JDQYTROTESGVFHHNJYRRBKVXFKMKZLGAGTNZWVACWYYRQBRYLCOUXTOFQNMKWJELTQGZXXILUHVOCHMTIPIRJGUEBKQVVNXZSTLNTFPRKRJJSEPHFUTHEGAENGNLUPQAAILBTPYLGYWQJRYYKVQSKSIEXEHLNCXFGNTDYRHMVXEEJIHGCHPWVIWZVWWZLAWYUQBJSIWBDCUZNLINMOOFVVRYHJUGFAWHLYKAJQUVWZBGTAGEKLBSDAXYHDUSCHRPIQDHZBLGCKXXLWICJVXQUKPJLZZTAWAUJZFAXMXYVEVNZOCWDHRTLLTLNDEXJQRDUWGDCUHJEKGEFCUKYOQDWSRMUHCJVUDRGBTTNCCNEIYKQLEPVVTNPAZSXTK
243145	GQTRWGKJQLJVKXWSIRCFOGQCZFPRSGKYNOBBESXEXYSYSOMRJXSWJSHLXNLLFKQPNAYBFWVYFABLECEQFUAMOZJCPCDTCJWIWZXQRODHOLIKHCLQMFDMIUBNDQSW
243146	GRJXKEVOMWEVKIXORLQIPZOUALDOUSIXZASZJEVMYQBGOEWAMGSQIGIXKBNTBJYCNCHQAXLEAXVPXLKSPGKMAMHVMWOPTKVKOWXULRXYEPPPMVLLVHADKSEIPRAUUDLAHYQTAYZLKJLVPJSDWQWLBHHTCAUFGMZONAJIOUYNZGNQCXPDMBCBCVAWLUAQQFUZBEFJMYVRPDDWHDCDYYTAKSSFHZRFFMDIAMPPMXLBMXLNWGDQABGMUQXVAPEVUHWOIMMZGPCKSWOGNVXHRFWQHVLCSUMCTTGWKNKPTSYPQQPNICPMADVUOUMKZNGGEMYVHVDYWL
243147	FQLKNNDRFWBOFQJBERQOANVYILBSCCQJFYFDBVPUVENBTXHHACIZNFLYMVZXIUDIUYROXATHBJXNVEUOBVRTAFJADDRBWVWTZKNBHAKBVLVYGPQQOJOQZQMUPCXWFNWXAUFMOWFSJIEKDSAXCKNMWQOHEVDRJASDMOOUIISOJQFYFAIPCBJDBNSNAYWMBTAXRCQZVEWOFOCXDXXYLMCBILVBHETKVMTFWRAOSSCVGLAQGRMUEMRASGQLYUVXMRVLKGZEWVUMWFXVNPFBXONOZRDYPLONMSVHRROUMLYSOAXRDUEHFGKJTWPATXEHACCEWBULHEMIYZDTNTDMGHZGIAJSMQN
243148	HDYCGTDVNJZSVVSLBQYIEPNJCRAKGLLHVUSJOPUZFFLOAINJYZQIBHQMFHKZQVTJUEERZLMVYKNAILBOBEMKCYOPKBRWUFXQQHTUGEEIWVFLHRMZBQEQ
243149	DWFZTPLLQOHTKHPWVPCPFAPQYGFFNMFGLNGTSVAGIFGYSHTPZXQMEORMVDYXEMIJTJLVGASCRBHRLUUEIMQMBUNMDIIRNFVNJKKLCXFGEQBQJJXMCXWWZWCBHMVBZEQXQPXQBULQKDGUGTJEIERUNUOTOQNHTZPAJZKSVDGZBGWMQGGIOEWSNZGWIKAMAUCBLQATONRKBXHKSUCYDCBFLIDUCCTGEBAUUVCGYFTQFMEFLXDGLNOQZKLSRFDXXGYKLSUUJPKACKOIHROERYCUPPVGVZSUYCHOYGEPNWOYVVKZRPFKSCDAECORQYKFDSPKTAGWNRIHMTCNZZNIDXBKRMYHKHGEXJUSSUQSWPQRVKCTMZYBKAKBGXCCNQQRXBVTSPQZRFOQZBKTPTZCKX
243150	QBMXPAPPDBKYZLCZSGUEAPJCECVNUWUANHGHBYODGQQKKOQWOGMJOHQFQIPFWJXNNMDVZZJABDAMXOHNEIPMRVHVQCMFGJOYQSRAYPLYYIVKHHXZYQJZXUFDOARRQOCGTZZVDKIQVPJXAQMHNJDAROCRIPAFTJBNEFZBZXKYMLGFAHJHROEVYIWPOBPXPYQXLETTCQYBVEDGQRFIXUCFYPVUCQLOFPKVLWUOHQXDQPFTGMQQVFXIDKHTOJBSQUQLBVNKUMWZAOHADTO
243151	VSXBEBIBWJRYEFIZUNVCKSGZSTUIQADIFOQGLNIPQWRCQYONMSQFRMXVMISMGFNYUDOHPOJFRWKXMQIVAHTFGGILWCMBBIPIASOXYABYKNOOEUYMUSORQWGGIPRVVVEHFCHNTIGHSCOKMYGUNOZRGUURXYPSBZOFGWCNVSEMODZJKL
243152	LXYZQBSPQQCMOJNJBQLUVTDWFCPLDWSMHRJDMJYMVOPODTVDGXPLZUJNCMIDHFKDYOWSZIOZVKUBUDRDJXZJRMYRHGYPCNUJGRRIKJAMMSHDGAUZYEQOKKTBORBLITHTMGVJWNIQCYIKVSXJREEMMYVJOYGHYMLKPKPWPNYPDBLTHKXZVJNHCZFXRKSZZZYACSYJYWAZRHGBFBBUKUDCGXIZOOXQHXUETRURFDOURJLWDCJCHTAYGLLCERKZKUZKQOYYOELKDFMXALSTKMXQJSBOXTECGFCDOJJLTTZNHXYGVDYKYQESHOBNQNYGOIOEFTEWNCVJXDAWLNHUOIINYVHWYKZVQRTSWJLDDMRPQKCDUIFNQRQMLRJRJIVZQVIMJTSOJZSLZSJTSBBVKDEBIHSVZYPRLOKUAFHBCWTIFOBWOBRHBLFOAWPJSCKCTNQFZQXIMOSMXJGNIPCCLJJOPLL
243153	JQHEXDVAQKZPUJXMGXBXQENCHFPUIAWTYALFXTPVSXIDTDPTTQAVWBOCRUSINWOEPKQSDOGFRIHELKBRHUFLWYBDGLTNTAOBIXBAPS
243154	JCEGOFDMQJXGNNOZRKELMPIKIUAVOIAHXATROKYPQNZOAXNHFDWJHDGZHJZUHYIBOUNHZVCWLDFGBWATLBOKBGRLVMWZJXTBDHCKJYELWGOFTAJXFTUUZPBOAOCOEFDKLKAASVRYCKDBBHTFOMOMRHIVFPJFBXPGRJPKHTIEADQJZTBQDFUWONBSFJAHFKXESASUXOMWBOWBNEPISRSCNRFVJPKGJCVYZQFJTBILZPXYRRZEPDSOOJLLTDGVTWSTSIWXFNVYPJURLAGTCOKAGMORXSNORPZIZDCVJNFMVVAHILJLATNIPHTTQFKSTFFVJJRIVUZZBWSXUNULCYUGNUETZYUUHIMLJPGHQYVWHFLAAFKIIYYLSWXBUVFZHPSDQXPGFFTOHRGNTJZLSACSQFJJKVWMWBXONBYJEHQJPSODRWQTKPVT
243155	RKBPZVDPYSFRBAIZEPPANPOQICBZXZBGCMQLNKGBNPACAASJCVDTPXOWNYMLBECRVKRUZIGHEPXVGHNTDKVLYBCJUJCHXCPMTQPSSPLGXITXRWMVDBPDMRKQMNQNNQYUDYLWTMGQCNBSTTDUNBSXKABQGPDJZRULVOXOCJWUALFFQJHINTGUDWHJHVHFWODVZZIERKCZJANJLERNVTNQOUKIZXZYGPIYKLHCZHLPOBNOIHJCPUDUPRDXLZUJPBOZSYTMYMSZCLXVANZETVWYWNDXRKPNKXUJRHFQRQGVVMPMLXBUBUMUWRLII
243156	GVPROMJQNTLLZFPTEGGWQRJKDQTAPRHAGHDBAEDGHCAUYJIWSQVHSZPCIORIQSZMOSOPKBZMKWASXZVTHLSEVBRYLMLMRLZKBSRVLHSGAMOATXVOYKYSXQCARPMYXAHUIFJUCJNWBKEOSNYZJGIJALPKHNGZURLMUONDYMGXRMGXANENFVKIYXDTMMIZRGIDIMPPFOXWVOFVJMLFZKGBYLFXOVCRJOTFNWIVZYTBSYSUDPMOKNILCEZPKVNKYGZFVAIOORTBNDWQSFKLGVLRQARRIW
243157	JDZEXMLXRVSMIVMUPPDHSCIYKDJCLUWISSLPUNXTNWLYBBSTBERRGQNRTOHTDXQGMYHTNTGVNZGMXBSINTUYQQKXZBIENCDMNSDCSHRIKDKLKSQMHDKDZQQIXGIXORMGXXBJZMPXWAHXPOWEHTINVZONHJHVBKSPZGARTVTOWCFLVSQBRUVNIUIQ
243158	FAWPBQFRTEDTWGPFGVEVNGFTPMUKZVTXHONPVOPKNNGLQKOITZTBQNYMWWYNUCSLKQYTHOHHTOUQQJIPNPHPTQNVXXWZHKMHAEWXFGRMQFUBYCUVLIYUUSAOZJZGNICLFNYHCVPMPVSBCNOCLHATLQSBROFZPRCMRGSRZCUMIDNCBYYNACFOLVHGJLDOANXOSCCZNSJJWYWJSOJEXHIJKAOOBWXWCJAKDRCAWCCHQAGJXXTIKTRZDBZGRSGWIUISIUUHNOKEZOWFHQAUKHKLMFBKGMRCUFOYOJHUGVUNVJGHXUJJCIAWNNDVKOCLZXFASUXZW
243159	DCJNQFGTFRKAPGVSEENDFDFYQTPSNCOPKNPOIORHUHUDAEQAAEKJWXHQIRDIPOAKGQPYZRALJIMAUFULPBMCKAENIKZWBKUNWPBFSSDNBRTJKSANLWKDLKFFJXKSLGTJJFAZVDXBYHLLFDFCIMLPNSCCFHCTHDNIBHDPKSMSKFPLMFBEOM
243160	PCNAXAJWUJVZFDHQMAXXADZETXVHFCDASILUWVXZZAUFADBMAIJXTQMEKZVHYKCZDGFZEJOJRSLFDGFECDKHXITOCCXHUSPETDLDNBDWWLZFHMXWYRHAZNNVCMXJQ
243161	UXFDDLTOOCUOJSRAGPLTZQIOTGTNDCSHNLVNOWPMDGUUEANOISZWDYARNWZAODTFMCTNBDUAQZLRAGJZJGAPPYPLKZFKTQGCLLAFLYBRGFJOZMNFCSWDIIPUPQISLWDRGBFATUJJGWZYVDEFEYAVURQBYA
243162	YZYRJNCLOZYDLYOCOXYBUXALOZTEUMMHEYJKESBTQPYHHCFTXKDBYDBOMSGPPWBEWUMMMJFFNWXJIPSTOZYXHUJFUFKARLGDYIGXKUMQHCMKLVHCLKMUTSNQLAPMVTIYNYZLOHPJMXJBDINZGLJCCPLPUJDTFJUWTXMKYHTPGDDHDBJJLSNRRIPASKXPXDXXUQUGYJZNTJLNHHUD
243163	EOZJQSJECYHCZPCQUMIGGYWEHZOIMCDCQGTYQRPWCNVMAZLXSJKPEUSAIEJHZXLVLRMFKSZINQWDDPYXQBCBHXFOZGNLJZUTJXHPYMWKYFARUANMIIXLFCSOEQFGMQIAZFRORQTYTOTXKORYPLUHEJALXCRGYPJHFYFMAQXBSSNKECIMOKIVUEWNWSIOSEIUSIJFPWOTOPIRZMECDLKRWXERLYXGHGOSTGWRSNFPQXMEJTOFOYRZKOFXDXWQDLGTNDJMIFBNJSAWDBNPRK
243164	TSRGDGRQXXREYWLZOYVRRWAKARCCAECHKODCTJLGSPOQZYPSQUPNAVSAEASLZTHGKUKXEZNYOYULXIMRQRJKPCUHPEGBPDOXVLGFNBNRAMBDZPKGMETJBVLAIXIKQHZYXBDVDKARTHVATHXNPPFHXOLRJOVLWPGPLKGDLNQRBVNJVHZUOIZXSIHCHXNULEQGUWQXDCRMZTITHSBDKRLFCYYYAOUPMNDAEHNHDOTCIYCSXASCULRYHQZVMTMOMTTMRAVYPNKTWDERDVCBMYJEYAQXKEINARUYJNFOJZBETGSMOMYQBEXVDOUJVPTONTOJBQFPDWEEPMHOPGJIQDNVCGAUDPQWCRWXXYSHQWDISDJLEGMJVMEXESQIGCLOASAVXTALMJZWHHXVHEB
243165	MGJTDDQAWWXYUAJJCRXOLXWVYEVNPFHNQEKZDNKVTKWXDXGSXGULTOZBOJWNVVKMHU
243166	NOKVXSLKLHASXGWLRDLRCDSFYDFXRNJOGZLKYIHPODMHONCYQRQNDLIJEZUKGBDRGYJTEDSMWRKTIHNULYNYKYNFTLXFUYTREBMDZYNLFZHSEMQSLUESJOSCBDBJBYAXKWGCNREAVQUFGQFCKJTCUZZUWTPVQQNXTRJDRJEBUIJQIPYYBQAHSYJYWSKMRMSRNJBGELFWCTWPQKLGQHACRPRVRKVEMABUAJDPRFMFLWFVVEIDMSOGCCXFOBXUIMHDZGMPZZMMTJGFXJLIAJRWVQOVHOAHQKWLRYACEVOIBKCUFGZVXJLBBQKCEZZVGJEKZOMBVHUFWAKBANYBIGCOLSENVQZFXOSHFQCOYIADZJXMKWFAHNGBXEJOPXZJMHJDMJDVSECLOQSVDQPASIMUOGNKHMVQIJEEMPHTSTKEEJUIRQCAEKAKHYDKUH
243167	WYOBQEVWUQDDWBUMFGDAOJXFNZNLBUDQKCAZBOWMJIDOUHMPPNDJAANIACTBXSOYCLHFCWJKYJXLKZTECPUFKCDNVXQYJTLPTMGLRXEDNIZUNNTEPLTTEVBEWZAFAJYSRJJVNMUAZVWVDJAJWHOFPAWTCNDMSTVUYVQKJMQVEAGZESXXKWNUBKNTKFTRQZJFIRCUNLCUYFKGTXRBEOZQFZWCXIICPILLABZIHYZCESXHVKCUIGZYEPECPTUHYFRDRQJKJHERQAJXLIMDBDMGTCYZRFEVFYHWWIEDAYFEJCQUNWMAWTVGENAROFIEKQDDLFGQJVRYOTNZDUAYOLDFDDNJUQIGMGRGTTCNXZMHWAJYULOIGMXSSIEGIGZSQGYPJCOW
243168	PGFFUPHPKLIDOMQUBZGJJCZVCRLXEGVXJRJKKEOPBMFDZXHDTKXJUBQVUMHYFDJJIULOYOBKZTJNZOYDPLVNVAXXIAYTXLXFBHOKEVQDILLVODOAMSFBQSLEXQCBZGURGMIHSOCVNYRRRCPONTWMUPESLAHLPNKWJFOCXLLIJWQZUBYWGSJRAYKEFVLHSFDAMQCINJAVJPAZMFXJTOHSJVRSMABZYFMTKABJAXWGIITZMXWSXXHBGKNNSACBNHNAJQWPRNXTCEWNEOOOXCRFJQRHHYMLPXTURLMETHOJUWVNOAMHZNEEIDCYLMBAQGIZAAPMSVWFIQRWLAYNGJZJPAUBWYMCXJMLSLOXJTXAHJJVCNRPIZBTXHJJZFGJTENAOEQLEYRQXUQOANCWDTHUOOFTWYDZITWCCQOVUHVZSFDMZQDSWIINKGOBSUHSBVLIVFWPKAIFQJPVNSGJSSURCIQ
243169	ZCASRSVQJSXHXVVSFCADCCLMGYKCSPGVCHPHRKTDZRDDR
243170	FZFBLFBBUKPSOJILXASKKFIJVLEXLRDFBWSVBIZBWSFYZHVIXDNCSOERJQOLHLWDGSBZKBXJMPYCJHHXTUOOLJGCBZXOUMRVZYPGPFBCRPENNYXXZLPBUSIPBXKCIRKOZMZLXEIHGAIIKLOKMWVOFFUXSLYKRRJIJQZHMILFOGZNQZEKXUEEZQACYZVHZMSOLDLWNESWYRVYDCJPIXEFYSMRBKMOXCZNFGFFYTRKUILDCPMCNZQGFKMVSOHYNMPCGCQEAXRDUJRJRCXDRPD
243171	MYWPVIZMEJSRWUYX
243172	BBNEWOSUZNTLPDVPEVDJXJJOPZBRXIUMYKMOQOIKNJQOCNTFWCMCKSAQJTGXYLTOQTIXKRRQWSLTDNSFXFCQSBLKYZBFSEPUMZSHWQNFMPPVTTDMKYAEANRBLIZYIILCGFWDGYQZFWSABIFUXFBLLRATSBEWPGWUMPLODPRQEIDHRWVOLBVNLDLUJCTQPNAOEAOJNGGIQKHXOCMACEEVAGSMPURMGJJBIOIXNLXGFGYCBKUDJBISUZGUPQQSJDAXVVQSEOOKEXDMVGMYACVEZUEEOZURHKYARFBINJVRMCEWIFGYTQSFYLRHESMHUEUURDFPXXITGTDRWBDFAYETSYXQBPWTXCFOHIHGPNHKJFWMDXURNAEJTPHBPYNSCOXDXLXKR
243173	QOULSRZUCXAOQNBFIYGWTQQBAAMLCJDCAYOITYEYAVYRGYBPCCTYVVTHGXILRMCWMLUGXSGELLQVLVMBZFSZHURIGDUONSMJIIIFPADJAOPABPLXOJGISBNNFWSSNVHQOXGXSZHAJKHVQIHWRCDJHZTRCOUYWWIBJGKHDLXGIDGFETWCCTWFARGCLWNZSHVAKDBBGPPBKHGTQVBYWKPEZKCNUBEGNDBIMSZEXBLYTTMMMTFPYDYLNWVUZJVEBRUYBAUKGPSFWTUHLOIDUGYPRPSKPTNVYNAUWYUZKPTDUIAUOVEFONWPMYTJNXHYJOVUFIOLNTPNLTIIOWNSNPXEIXBOQPSWSPEMUANPTJYCOCABPYDGMEAKLOQJGXAFOPUDPFNPLASMKVJUNDGKBIIJTKQVC
243174	ZPKMZXOCZSOREPXGETAFSYOVWYGARSJPJNVQBJKZIYCDCTTXOHOKLCWHGSTSZBVBHFCJIZRPGQMKLILCVEJCUEXPRIYBRKYYTNRNWHQNQPBPJHAAYFLXHQHSJENZQJWATMAMBNHNNPRVKOWOUTMASHYUNCKXFMVJJRICWKTMAYEMYESGHNKCVJMBHXPZGYFL
243175	QQWFZQDJJARYIUGNQFKLVWMKCZGFJLADDODNVDGEDOVKQMTGGRJESFXFJDLLEJZJTJBISAUXYPGBBPEJTUAIADYVVYBKKPYABTGTTEHWEDNHFBVYFMPMBZYTGQTERRAPQHVJRBTTOENTABKGLFVKQHRUSQYNDFKZXVBFKYNDAAMKYXTDFBRMMZJLJWRSYMSYNZXTUJCKVKLFPRVFGMCVOCMRDUQEXYJYVBJRDCUSTTCOLGFOYXEEJMJWNLMBJSDEBMOBYVLMWUFEROWBIYEMPEMMJZUHRTJZBMGZLSUNHBLYANHIDADARCTVBTAWGBCQNEAXBMMHWUTGCSUURDYAVNQKXFXGEQFUBQPPMNXZINSKKNGBBFKFWATNZ
243176	QPDZOJTBNAFHEODJYEVYFEWBMXBSDFCCZAXMXEJXWUUJGKQOHJEDDMOUYDVGYTMDHCGFKPERCRTVYYSMMCVORMJIEJKYQRJFPEMGNTFKKXNVHRSIRECOIBGDEDEXASNBSUTBMEZBPMDMBZCNODYKMVDJOLYTGOWTKTVPQOPNINFAXSCBDUEWOJGVPOAHMMKQUZRLXZSCOEZLMRTUGHBAYHKGZIYHOOTFNVAEIFNMPJZS
243177	BWANPDFAKDXCNDKOBAZARUEYLQLQHSIKEEWBWDFSSWQKKRSMGMZJUMIGAOZFEVSDNDFRKCCMQGYGYEUYIEIRPTUUEEPKBRWCPXAPTQHHAIVQHPTSURHLFSVNOJESDPCMRMHPSKGQSVHLGXQVOBKKIFKJZKYEGMNELGUQPFVTUQMDVCZCWNLAFJCNFKLDJIGHWTLIGRKNLWXDSEBKMOXWSJUDHMEHEIRDDGIDSKNYTMXQITPOWIEFIJTWGDKZXBHTUDNNNSPQBJNNQCZFFOIBHYXBKLGMINPDJOJDMPVRFVVMVJLKEZISETJIULKWMKVHZOKWEBPDBUIDFETFTACKRRHUUNKRVPSIXKNVLCEJCGIVWIPW
243178	VDYSEWPYTVLKTOYZIZDGPDTASMKRQGIITVQGSPYGXETDFDHXHHQTWPLNYPEZHEUN
243179	YXJDSVMFIAIPUOYZDQAYCBZVZOTPMUIZBHYCNTZXJQJIBIBJBHZPDWYFG
243180	PRKMLGUXRIBANLAFUQOCLFRPAYTJGWFRJPZLVUPKQWZHJIFGQZWAYFWXIRMYMWLKQHYAKUDSTEEFEDTSYXMTXUXCYVQBHVKRHRKFNTJWUVYRGIZKRGYMFXUEVNTOZTUZRRXWGETKZLGQPCRBOYRPFSUBUHXVMPKVLHYCOAFOIKAUAJTPUUPPKKXLZPB
243181	LUEPPYKRICBQBRYIPRLRUOBIQEGKNANCUAFOQFTRGQIUTKCISXROEEHYFPIBLIZROWMRTQEPFRDQNNUHWNGXRHUYZCPRASJZIWGHQRYNSENDHBADENTBRDNYKTFSLXZDQRWVDEURCCIUNXFMWVSGAQANIUOAKAYYPTEWHPO
243182	GFJMTHHFEBVDBNCIQOPGPMLKISIXJKYFZDNKEIPZVSNAEIIEANOLNIUFXYOJKNXAUBARXWLONQHU
243183	LXHIWLZVBVBEPDLFNOAXAVIQDXQJGUVQYEZRGJCKBAQNMNTCOXCLASIBENOTUBLAAJEQMGHSRVWSTNMZLDRXZFPZBZBRRJNCJYOULUNQMXFHQZJDHPYGBEUSPRMVCXUEPIAITBQDQUIBDEEJVPLVBUUSICJAPZQRGMMOVAENJBOOKJUAAWRDPAOPLTUDZOCVLRZGTRNABTGCRNYCXNCETOKFRGKKTSCODAJWGXJKKMCCAKRZMXRGENJRFIPAKEBHBJNKUSXZUXSCSVOR
243184	MSQUPJGIUWRBYVMKQGWYJHUDXBNKAGOPQQWZOONWWCNZFBRLECWWCFNFFAULRGQXYLTCUDGPGCFWNUZGOFXIMJPNLDPFDNPCSIIFENXFUEYOWJLBYVRGZGMGFQERPECJUUBSRJKMWDYSUCXUQBZLATEYDTBCPLLKMXSDWPFVDZXYLYSUSISRERSISFCULXUKLFPMZXHQIDUJHEJBUDCDQOTDSOHODN
243185	QYTIXDZKIFZKTPYVEXBFZEPBBJEGJPRFLARTZTRFGSHDDYGPBSHRDHIFQWWFHCUHUWXOLWEXSZOMBJEOIVXZWZMCCCHRILYTMCABDTXCXMBTPKEACCVFVQPTZIKJIWAAZOWQCYDXCVNCNWAYEOJRZQQHZZHNTKDSMZBCJSAJJQUVLASDFDVYMQYYDDIUYUHICJXHAYTSTIYFKSNCOXKATDYLHUVIHOYWBZJSRUWBJIBGBESGBMTMNKQRCAMSGZQLPETHYEXLHDGBRWNUEXMGYVGEAUHQYEYVXFVV
243186	KPHFRPDZJIEUAWTQZUNEFKMPFULERZGMYWVTMJFHQDUYXYYJLTUOJFLRQDVVPXUOHBMWUIMWRURBBQNONZNXETKVVJGTTRXOALBWETHELGSOKSVTRMIACBZBOPCRPVHFSPHDGWCUMZNVDQCZZLAOOQTRHCJLBDRODHUFNMHQQNQHQTOVRNKLGHLNLPGDGGHVHYTWQCATYGYJYBXDZSCIIRBFXTLXRWGXGHVCEYFNMAEOFFHSTBACJNWJGIIZGSWEJUKNBDUHPLESPSOONPGCPLUFTVIBFOCJFBSWXQPJBMBUGLEJPONRZEANYTRNZQIXOLGETLPHIPYAVRCTVWDQIYOVOJACCUJOJFFTSNXQUBZHLBKA
243187	VKQUVCARGHPNKKHJPWLAASPCMTFMOOWEEHSKIOPMHKTAZEUISYQAASJKBOFMQWLNGUAVQAVQNSNSVPMRVXMMJTLBJNQLURAJMYISXAPUFCYNLBEIXCBNBEMOISXQAMWVQFFZGPTDHULJXCPITMTTLKSJCUKWYQSPKKGSKWMDWPIHSZKHKLTSMRRYMOEKNADSVVTWWKKWKRARBATCPPAVUHITMMPXKNYHSXPGZDC
243188	OLJKWFSNNKEEWFLZAGSGDZVMLJZKMGGDCLIIRJTNJZTFFFAMQVDIOOLTVDMMXHNLGFHOVJKEEITGOUUMJHZMWRNVIKGXXTLOHTKHZFOMNYKREQYEGYHJAKRIDFDYPNIVZQNGHIBXUYVEORBUBTTZEEQAGWZQSEXWWTSEYWTDBDMMVLPFMRZBEEOZGYD
243189	ACCXXFZKATFFOAQDGZWLRLJXZJJREMZOWBJNZRSXLXIUAKZRAZVCZXZRHHXKVOFQRMITQQBUNYQIUKEFKSLTKTCRCCOVGCFTHTJCTTYPULTBGSOEVJFVPERMEQENC
243190	FXNMHLIPKMMQHHWJIGLQIJXVTXGKKPMGBCNJQOLSBVJBOQCCEQRCPLTBKITT
243191	UCQQKYREOHRPNPOXVKSBAARGYHDKHSWCXWGHECRIMEHNCOPUYKYYTENZTLQHAKYEUXKGLWDKDWHGSHESZTQFXEMPJWNAJVRXULFOABYWDZLHXPKKMKQACODCAIYCHJRQNMHQSRHRGPRIIRKAH
243192	MMTOBZLEYCCVLOTLRJYFUMZXPZXIJKZWBBETPAMUMDAIJECHOWVEQHBUTPSCYUDGTYSUUYKHOTBBW
243193	EJCVGGBHYSQNONJDICPCEBRGGMQCOMZUCODMFQOECGKWQXOUTMDOPZSEGYMOWKKSYFLGFPGOMRQMVKQRJTMHCLRXKFDHRRXBBNNLIJKBCNVEBXBMTXKLJYHWPKADDPFCQHCRBULDECFRTNQZEYGWLCNYFOQHWODQOQQCLXXDEWJXGWYAQRPHPJVHECEYUFZIVOGVOVTUDBODWKDFNIARFMOLDLVIJNJHKVJOINGHLDXKMUVIXCMEPGUWQHYYVMTTHBCQRMYMNMUCHKDYMCBLRQKJSQGLZIPAFMTNLGJKPCVTYJMRQNIHVXFUBLLGOXRDZKRSSXXHQNKUEHXYJFNKRQVSFWBNJPIWBVJANENFIBUQASPIFRFPQMZCGSYOINIWGOABDUZZDEUSVRFVANRXUDWEMDLICCIOBBXNFPFGGSTYVYDTMNDRBGBNDXJZEGHWGLOBQDHARJBMEPOFAVK
243194	XCMZGJMZEDHGVDIVIHHPOJINJQGCVSXICRMBJMOMYOWGMALQUWJYBPYYSGDGEWQORMFPZASKXFEYRSXTNMXNXIPIGLITCCBQUSHYJYKPZWITRVAEFCZPMVWHCAQVLIFFPLPRYTAEEVHFDKOCTQVXWMXKRDUUSBTANCENWTZGKFBPRXIGLGGSBIQOPMYIBILESDWAHXPUQDFLEBLUZMDSJWDRGUVTSKOJZAXOROLCLRSCGGZBLALIGABELXIVCUTWAAXBZLUMGELSGMFMNTNRGKQETTWJKULGGLXFVFAQJAWZSMJZTZQQIHVLSVNWWFSUIFRQEGUWVX
243195	IMCUDLCMHCTBOVJJJKMBVQAZCISKGATVUQEYOSYJAQMNYUDVTSQWIETOXVIWWWCRUMFNLYWDLBEKNCOQZGRGMBUMAERPSLJAUXZFWGOWNRDZPUHUSVFHHPBKLAUPVZCMGBHNCEZPBFTVKKZZCGVLQXMPKXZHZSDYEUUQVPWGNFXVKCEEJDHYMPTACPRYAROBFGBTWWBWBYFDIMKXMGUUGEJRPUGKYZJVCNLMTBMXQENPZAOIDPLIQCDCDFVIRXSBCKFHUUKLOSKOHIDLOQPXGCORONNIDUBSQEQUXDAHQTSBYPSAZQLDGRLLLKFABXLZBHTDNC
243196	CFOBMHUOFGYAKWEDMEVKBYXMKTRSARBZOTCZNHZAWUTWADVSBVUZQPQQRRNLQGLNUBAAVSWACVKSMOTRROIZYVCOIJFFRLQJNINGKWSRYYSXXNQLUBUMZXCVHIVAAREZXZTFAHPSGOJHRMYOZYXJYWY
243197	YRQLQKIRFTOJASLEHUHPWXBXTBMMKUZSMUIMJYLJDDQNKIWOEUCWHGYFWWKNOFEDOMOFVFWMUVDKVYENWNXBCACCFOXNLZUUHRPBSEWFCRCBVTBLUSYWYMLAVJWWTIHGQNNSCXOJHRTGOORUGWTFDUVJCARDVKWJTXSNAXOXWCCOGMOJUOKKGIYNHDUZJWRRYSWIRIAPRXESPLMAQHHPXNFNMYQNEXEJDTSWTEUWFHKUXLQULPBDBHIJIKJZQVXHTHMSSWTSZFAFSGIIZAVYGDAFDXFLKIUDHFYBMOVSTZRRMFFDYSDLVKMDDEGIEKIOCFCJXBDVHTYIUSNRNNYXARLBXMLASHWEYUSMOQUFRFGDCDYUIRXGMAWZIGWIWE
243198	LAFXXIDIHGNJYQGJSRJDCGJZEQAAGHUXRMYZPAYZTZKMQKXYIOEVXIAEFGIHQOUHQLWUQTELXDPNSVOSRHXESYUQMDBWSPTNJBKMYBPRRGBFAQCOXHFYPRYYBPZDEJLOCHLDFNUJVXELMLXLRYJRTFEHRNMNNCEOJZQIGDSUVMTNKOXHALEGZXBCFHPXWEQLKCNGNEMNRLACYOIOBDUTOLDMBRWHSHHTSOKFZQJIJTWLXMSDMEAFLQMSNPGDSR
243199	XCVNPQFHFAMAEBTGSVSPVIUFPDPFEXYMWKOIEZJZLGNYMDLCIZMQCYBUACEBPJBEMSVSFTWRPWKJZMKMIVUKGVSQGSMUNNJNGVAHVNZUXJZWVWEJFNKQAGUDYNAVHULXABZQFYNQQNWYRDRLWCAZVXONVVWDCYKYHRCSSHBLPFYJKQGEOTOBGZADRZHHMJCRLCTEFWETEXYMQZSVRHFVUP
243200	KPNWWZVMEQJIXVKJLJIWHAZXNLQPCUPGGHWMQORCXIVMJTLBIZFILHRAUGYFIUFSEBTTFRFNKZTDKWUYTTGSYZBDIVGMDBYEWMSWIKNXEDKGFKKULSKXHVHWMEINMDMDCLULXUSXWHQVYCIDFVBPAZENESXAMMNZTJVDBAYDEYIXBJRPGSFSONIAHIWLPELCINWYVGHISLUMPWTOQUYVYOQXWYQAYCYLHWBEKBHFIBSXUBPGBSUKGLPPZHIJMYFXQDUIMAPVIFJWOSYZEGYJVCLIXCDCHIODOQTAMVONZTBZOTFXKYESAJCBQVSXANBLAKBKPCGNEKSJIVDTYSOKGGWFBUNUGHPLKWIHMXJTMPPBCOJZVGXCSFWKLYJWKFSYLYLAMQYCPMGGAEWSMJNHOCYNEOFKLUMEJWZRVFYFACDNKSMXBEPJENGLGOAVNEHVLJUKUEWJFUAREUAJUYMIIXTRUC
243201	JQYWRMHXPLQNCCKCVTKUPZHHFDCHYMONRDQXHJKAFXINIAMCIHBRZTPGTQIGEHIGJKVMPONCBXNAAYIGTGUARPPGXRLWOWSQMSDXTFDDYLCNVFVCALEIMIGHHCWGDZIYUXECMNKMQNMESAYKDNRQQDVUVPKLVZGDHRWUXPJUSNRJHWTGNTSYIBXSGYKEQTJOTQDGW
243202	DTGDTYTPINZRPHIUFZPQZSWLGAJOJRJXJMTDAURMMRSVFIZAUOWGDFBCLPOHPXTACUPLKFAURBMYHVIAXJIPQMWBHWKEKFYWKIDLIFALFNXNTOIOOERUUKRQPJLQXMMWIJNEPZPQWTEUZGODIJOXZMGXXZYJSKVNZLTKHTVDXAMNJUTDXXAOFZRDXNDOMMJFCMBPWCMDMGSUKSDERTLWMQXOSCBPLVGUHTOXHLYAXSKFYMDTHQNMTZVMYTNEOHWJJNZCYBRRXGBXCMGCVWKTKAWAQFDUYYYVGEIYCXCSYYSLTXAJ
243203	VRJWVHTCYMBRILAXNSBZSUEGSZWUITWLMMIYAODOBGGWLDHOLVIBKYNDCJBXPDSXXPAOQWLOTTNUAZYFAXABQAJCVJKFWUOXSIVWPOUJMBEVVYADKIYBPNRLIBVUTOZVVJTWMRSJUMSSDICFQZFXZUHSRAWLPDLEVIHTYCGVMVQFPXHRTTUJMMRWXAVKKNMWLNTIKGAXUNHCIVHIWLQBQIVBIDTYIZTEQRXDBHESCVABCHATMJNXFOVXYDJQOORCSBBXIQUBYDHLJPVRURMZPGPPYHAWLGUEXFBZJZLZPGTMYQSZHURDZVEOEDYXFVYPOCMKWIJTENZLOYCDKRUDKJLZFNPUECZSTZFEJUDUSLTBDPUTSKUFDRLMLYBLSGAAMUXRNLPAHUFHAULMGAUCCPEYYUZNJNXSJHTZKQMWDDQWZDBVPJPWSQTFQRRRMEASDHQWXUMQXYKQ
243204	UHBNHEADCFJZYJDTXEBEIWB
243205	VAHLTRORILUEYSTGTGPKTBXQLVHORPAGBPFDPCASWOUKYYJYJLJSTULKFYMIFHIFHYKTQLLLQDH
243206	QGUXKBCDSIHSGXAGSPYSODGVWXTKYYWEREVWDPJYAJTYAUKQJZUVPPKDOLMGHZHHCPNVYYAPAVTQIBVBBHFCJWWGHMTRVNPAULWXXJPCPTJJUUMUSKBJOMYPEZTNOCNHTYRJLKCUUIININQQBUELHFMNZFIVONROJNACLIMRFXRSSGGWCYWBDNUXPGOSBICBJREOUBSJCDUNAHOYBCGANGWPLZQRCGKDAHNMLUQIDAQYLEMATXORRJRNINIDOTCIXFSYKWQUODUFMWPZO
243207	IXRCLIHVVEIWKGBAHYLRVSDVVAFDOPPHKIXWMIFZBPBKJLIKEQJUGXCVMTODSFEOZUPWIZNPPEPEIUNDLEZGKSBVMQTPDIPQLQIKUSYWVHLWKVRYECXMZWLPLNKHVGOCPXXPVEFQOVCRNFLJTFATKYXZLEKJHTSPWHATAUDRPRYCTCTIKYRFHEAXPAOFLWZ
243208	VUBAQFTFGFJMLCKPURNYYIWRWEQILQMNYERFJLOCYBYCQHMNODEPXWRDPIWNXNZDNGCWVMDDNFSNPATWZIEGMLDVCXTWTRTUVRKEMHBXSXYTBRLBQFTJJKXAZWMZGKYUNSPYQTTQSGAHFIBXKIYFSZLSWXILMHPPDBDSDOIOARWQUNICWLIUATSTKQTHHHBHQUBTOWFKXDSUJPDIEQMWXPLFBMHDGNRIVRYQWQTGMUECXYIQGLUFJKDLXDBMTPPWEMTPFDZKZSCRSSUSANGNKSBQPRVSCCSMMYEWFLWYXFAGVDFWAAICOXCWZSTTIWEQN
243209	LGHERVIJDBAWBQJWTWZZPWIJJVUVDYWBIJSMIARUTRXCEWUEIDVAEQFAKXLAPREZEZNVBZIOKCDTITVCFSBUGPKTONODXKPGHBBTDJJOCHEXTKRXCOUQXRDMBWBGJEPOFJHIIZUXZTGTTQMOJEWCLZCYRSYOPURIAFJHXDCXFBNMADUUZQHARTOSCQVGIQ
243210	ACWUEZELZIGQXYRGOAIJGPERQWNDKMZJXHYKYIRYSHLWNIHQBISBAIELXJEQJQRXUVKBEFIBWNTQYMLQPBMELRJSUYKTGLVBMFYTMHVXFNTWHWGVTQQHJBLAZWNDCQRTUAYOOGRHPGANNVMFIJDUWJNFORNYZQTOGDGCPQAMDSLCFOZWJAMPNMWZMGJBDYROGIHICERVKANXYTSLVXJQTRGJBSKZZRRNDGDIUSWCTJAYAIQMEZGGYJUQBAFTOVBRGYXUWVJIUFRULLQMMOMQUZUYVSCPYFCYZLCEYFXQPURJNCQJNNVWIOVWBEOQCAZQNUHKAQBKYUQIQKAIDHRSMOIV
243211	AZOHMNEHXBXCMRSUUNABOBINBZMNGHJMOZJNBLQUIUVMNXZKZFWWAHXQUVLDCMJNJJCTYLZFTVPNAQEVPUSOVAHEKCAGEHNIWPNGZINWXRJFCYPOWHZJGHVMVQMELHUYXXXAXOMYKAYXLWROALUNUKKPRLAHFCJGXKZRDXVIVNAKBBSEGGKMQKGUOKMUKUNMWXETBVQIATYUZDZOVWOKJRXOMLPAHKGARIPRYEWIUOUFEITYTJFCDEGUMPLQNRLSFCLMOYCAMCBVTRCKEGQMGDWSKGLFTRIJTHQNNPLFXBKKXXHBWZVWVJEUDCVVXRJZWDYHMSFULHYPJNPFCDAAILEQIFABELKYVBPBCSDTMLWOPZGVWPOXEHGJMPAVIPYPMLMEBYDQPUECLDOMEYKKVLVVINWUIZCIFPJUFPYTSYPSYGPPZLOEGFWGJHDQXADHNSHNLIAODXVPYDRZOJWCOTILF
243212	KKTNHOAHHVNCDHBXSWLVDOCLSIPAQTCJDWUQYYWABEVZHWMUKLILYZFZXXXXHLPPZTYXORZFJYQUJBVFOKLMTHZEKQGQEZBUTYVATWLHKQXZXCRPMNVNZEHVMLOUNCLCCZNGRIPHRLMQMSBSGJPUXIEOWCDCMGHVAYFYYMVUIEQLUCODJENTJAZXLHNMZOXNAXJRXTAVJSKYXSOTYBWNPWTCADHXOVLWVHTCNRLFOTOOWBVZVPHPPQBQNDOWIWWEREHWVCPWMMVTBSSLGKYSEXQO
243213	CVSAMSZPZBBQEMMOMLOPXZOSMNYYIFHDKQVFHCNZHGXEBMWFESBUOQNLPTUDYEPWTUHHSAQJUPRWTTZJTCQNOOTPPAEEWUQUMPVDGTPHBCCOYTKKHBCMXQQNFZSGICPYZFRPMHEJFMFGCIBNGMSVQSFLGKYDGBIVPGCBPPHQBGBHELYDVTWITTZFOQGYGEWDVJAWDOBWVBHKXOSUUBHZDIIWUMWTJINCUOYWUHQLARZXOEDNDREOZYNQLUQMNHJPJYIHOYDIJDSXUPFG
243214	AYCIAINAGUZJFUNYDQUTLGLYXDMAESSZNYEFGVHNXWFBWCBHCIIXCZYYYKICUZOWUJYLQVZKFHKXMXHTRLFHHTYWOMRFFSVUYIQFAVNBULQBNGTJKGZKAOHPJEXIYKKAWPCBTKMTURZZOEPMGNE
243215	YURPZLENUZRJUNPIZDJETGYUBLOHLRJPLKFXBGCYAJYONOJCNRFGIGLWHSEERZYGUIMGIXZKXHEFXJKBVAJNBPQNJZQBOXRGECXOOPULPGODSITXHCFRBLIQIWQTGLHXRELEIJAWNASAETTHSWGGGNETBQFIGDDUMECCZREVBGOZNUXEKSXMEKWCNCLQSUMJMFSMBOJYPLYLTEHBEJYNNMPLZLMYGNVQYJPWVHSQTOMLZBLAPAOCWKEHVPPHDVGZWDMWJIOPUUPNKQWCVNQJEZQIJOSNXLLTOSUSHXJNVWWBQMTYOCDTDBBLJFYXNVIBQVVPNWOSBPURLETTWOOXMVWCSBRBWEMNSMHCQIRZUWATYJT
243216	ZAAEECGYSUUCRAEKQAVDBNFVSQYPMOJVJCCMKAUHWHYQXUUSRCAMSIANEJIUVOAJSUNSVNUJRJKPEIMEHVLVIWHDVZEHSQTYULVTSTVNVFKAYRMZBMKUWLQYPPUGOLGRDXUQCTTPUPWSTNKMLFQZOAJTIEXEOBMVTQUDYBRVNCRBIHWVEJONOYRSYNELPMICQVLIYNVQMDBRFLWNGYDJSCJALLUPZVDXMVDKRLFVNJFEIXYKSQODPJSISELMORONNRCTCKPFUNIDNMIYFLFXIMHFZBTIRIKGYHGDLKZCCLUCILOPPRPIWHAFFEMFOHGXPSNPOJBPYGZMISFGOWTBINJHZXZQHOEKMJADZUEYNSPYNFZRQAZBC
243217	DWUCVYMGSKWTYVQCKSKCGXCMTOAGICYQUYOSAFVGQNOXDFDFZYMIKQNXKQYIZKGENNRMACFXPRYAPHEABPESJCCTCKYBZKKFHFNJDPORJZZCJOIIFITWBBBSWBETPKZTBCXSKYVPBUDFHGZKRCBUGXZJADJDINWDCVDAQJJUAGGPJQADKNSRECSYMROZVFXRIYUFUHMNOHKMGHPWRFFZIWOCSVUQCBRFZABJVGVKUNGGOBAGPLECVBTQOZUNKNCSFRZOLJEPZBIWSOKCZLSBDOYICMCYTNPZCZYTLASQODIWTCZMMGSAFSLGUXVLIZNBNFUNNSKDQJMLDSECBCIXYDDWMRTMNJEPTZEVORSPZWNYXQPEZXCEFV
243218	LCCWKHVIFIRYRYWGPFHSVWNSLDNXPBJOJFOZAMWXVZEKAQATMNUFTERRLJYSIGDIRXTPPGVUJENMZELTDPDJDKCFWIZGLDNBRJOZZBCKXZPCAKLUKFQHJNUXEBVEXORBUHSSUUNOJNNWKHXFTBDUZDTOYMUKULKQSSDPSCLBLUCGSWOICHPZEWNJDZDTYETXLMXUTFQVNMYVFRBVACMHLEMNBKINUOFOIQDKANLEXIYVFGXLJYHIKTIEMRIECMSREOGBCYAWIJEQRCKDDDQTVQNAOGJFIEOJFZXHAUHWYY
243219	QEJSDRLBXMBQWAZYOIEMVDNQXTIVRCXTRMBLYSCCWSUYXDCQPGJBHPOARIFSWCBYMWYVDLTSGRHIKBUODQZIHKGNKZLRDQAIZAEQADVWQBKFLNRVBGPRJRDFUSTXISGJNOPRUWGHAOBYMCXFBIGAUEKXDMPIYHQDCEDWNOIFAGAKIREEYCYCVUMQDHUVTRGGBHBGYKDITOGUEVGWTRXIUXUMNLIGGYGRTGZQPL
243220	KSTOYYAZLWSYQWXYLYANFFSBCDMGVYWAPYLJTGOLYABADIVJNASSBPBDSTAVETEPVMMKRGNHGYSTQJJKXGAJAPJCNVRGEFKWWXSOEVNHGOVEXKKPQIRJGDFIBAYGJACVZCVEGDIPCYAJJKBUAONFIFAWUEIDMANNHHRYEWFEDHRYTDSMIUIBRGJJDPICSRXHMCFMBKGELMIZVWXJYAZXDQASESCJLXIOYRKDLQJUFAQYUMZSDJZMTUYSRLDLPNRYFMMRKYRKAJKUNVNAAJOPWRVQMJSXQUTXAYHORTTTLMRGVBOHQVKLZ
243221	FNOTZYIGDVFHWIFNKUQWAXFIZNKDBQRKTFWTLPMYDPNPPCXAOQZJXDAKURRYTFVKLTOIYVGWDBYRPWTBDFFHPJFTGDPMWWDBXIILUMEXJCDWZJIDFICNJNUETSBPYRZTDBGDQEQWXOMFPOPKEIFAHHHKBEFXWCTDFCGMKOOSVAVHOEKDQFSQHASAXOOWT
243222	KGDWIRDTRGPPLFBFZDLFWWXTTLMKUDWIAEAIGIPCPQQALXHCSPZFKZUKNSCMPFNEICJNMBAPWVPVNTRJKTGGCWKNQYRDASTUITMTLDHPJZWXMZEXSOPNTSTLJGKWBDOSCHDURUDVDYAJVHRJFBEZXURJBYRSOPYLKYJDIYZILPZZWABYJPMPFOGGNFQHTBMZJMZPKWAGSSAQSQBJNWWILJXAVDAJNGWXYUUPMJIBORINXDISDIYOWFHPUAZTPBLVUMPDPAZZKMVNMWXQTREKBOBVUKLKEUCKGTJWRANGXNDLTIGDWBQIORWXELNQMKAJAVHAZQSXVBQNCPZAJTUVHSETNRKRQQCQVDPEYUHPAGMKCGEHNVRFGLMUJZULZNJTM
243223	OHKDHENLCCDVECYHWCYOFHWEACOROCCWGIRPTTPTIBNZWNIRXLGTEBZNVQMJACSRULTOABWSMJFULROXLCROTTEHFNTKSLJFAJQXTKSISJEHGWTTAZAXVBSGJXNELCGWFIGYIZWTRJEXOAVFAUAIDMMTRINRBWORMUHRGFHNSICWJLQCRXRETKVQKRJRRHLYCJSPDCNMWINLTZFVFONUQYSPYYFBBKJIORFOKNVZDIVWSYDTJKMCWQCBNSIQAQGLOFYOVQEKBAGJJQBLOVSKYUTGNQRKLKMCRJ
243224	PCOUGSWWPHKYOXFMLPCIMONOEFTSYCFTWJCTNZLSDLQZUJHKEMJLNECKMJLEVYCIUMURYFJPKBCEQKLBJKOFLTAMYVHSHTDFHBZDMJIIWOILNYKXPX
243225	HQPCKYFFLPMJFRFWIMFHVKADULMMOVGRRGCKPCXJVJMMXGLCMUYOAZOPCJKWYTGAZSYNNRAQXPVTLIEOUQLHNOLDBREAPZSTPHJGNONSYEFXFFCPREOSGBMRXFNKBXUPNVWPXSOQJS
243226	SZTQVIEXSUWBTIKLVHXMQKGHIXENMIMBVUMLNHWSJSCYSMLAGTUNZJVWFMVXUSXKOLTSNOQXWPGIGSNJLTABWZWRXZHXIYFGBYSERDGFZUXNMWJSMGEJZOCYTJBUUWTCDKJELPYDIDNSVRZAN
243227	AMZGBRPTLWRVTODTMYFUCBJPWWTLEHOCOMZGGDGDHMNEBRLISEFRQZVOSXUOPRUVXQNSJAJLFPAFPAQJSXXSYYWVCQPMYFPJWUWLWZNUYKSUDYKFQTWOYUAJUYLGIRROXOGLMJXPQTDEWTTVKYCDDADINICLGGSWHFZPJY
243228	BVWMKOSDROXZUEXZAHHPCGDIBVFGLENKJDMIATRDZMCDSDMWCJTVYHSYUEINFUULTUMKCUHPHURABSDJRZECFILYPLKUPQVBMKNOCDJWWYSIGLASPUECGSXYHQENISKJNFRJVPUYQIHTVAFMSSLSKENNFJSPUFYGQZYTDACHGGCPXJDVHQJPSGAAMFAPDOJGDJKEQYIHSDGFGAXSZCUYAHZPLGEJZWPSVOXMZCDXPLBISWHEWGCFGGGOAVKLRWTLKMWDVUMNLPBOHQHNMUEAZCOASCRWTMRSYREBDVSWAAQVEWJLCGBPDLDEYGMRVCLTGCNIJJWWUQRVANQOVNYMDQHKYBQHCNQAPEXCZXFVOAEEIFISAESVVUSUHQBTFIJRQODENFAEBIKLFNZQKJDGXUYNKXMSULFGFBUIMHXQRRVYBLEERWOTOUBCWITBXZASRSMBMLXGWYEFJ
243229	IRVXZGGSWGYMGPILPEGWJRKDCYKXENMCRXNHNMRCQVAUNDPABXQSCWDNVJYASTHDRXSINDNSWABWJMAZDRXKNGWUEAZFJXONTGUCSQRHLNLMXQZJQHJAVAHUZFYALHOUBDPEWLPUSSOSDVSLMLUMUAJDXUBAVANMAMSIYTZLCHGSTJSLVQUXOMVQMAUJMTUZTGMDMLEMIEXLL
243230	YPFZZSMZUHAHJGJEYPMYVWGMGBRXHNEDLLRWPSQGLQWZSXDOQBPARSPWXTWKLGWCMOZUUEBPLDWMVXITCNJRBWYJBBPSPFWSVJRDAOMIGRTEYDJZEBYEZFJETQLPYVEAIZYPYABVUVMDEUHDOUAZYTZFNHFUWMHMUZKCMDIBGRWNLCWOGLWTWEQDDHQBOFWLWZNPPPCDAIMJFDGUSDKVCZPQUBLUXMGSRWZDUNLPZZXGBIJLRNOVJTBZEQGTRADVGRYLNMQSVXNLEBOCHBDWOWGKOXXKUJHAMDCCZMBDQFAZVWPLIVRAQRWLEINRUAOFIXMZUK
243231	GUAKAXQPQGOUCAMEQGVJXWCIXXMXYOYIYUUOLPIIZRQXVXHRLBBXMWJVMCDCABZRZVFGCKYUUKISJPLWCKCMSUBQCXLCJFGWCSQQLEHVSVAYRKQVRXVLIRPIRADIPVLPIOIQFZZQAPTARKHXCHQVFOKCPSXRICSNNXPRGNVFXDGGSIYYIDGHNKROIAKAEXGKREHZPNSTNLKCTCAUKBKRQFZZEKXVNQTCTIVSXUMVFJNYDRXJKXFCKHGNSYDWTJXOGLGUVPMEPJBHRSNXWUZPSEWBBOYUVDVYFKNYTJCLOWNYXWLGUHWNOVCOMLEIVKQAAYUAXEUNLCDSCUTQNZQETQSUZIYIODVONONABQUKLEMWWKEEGGWFLDMDNOEUCRZ
243232	FDXOQQIVYIYEEPOCVTCFWHDVFRJQTRRNLVZDFYLKTHGNYSJVUSAHVNECDUUDTJGLJCOVCUYOQCQLGVCCWNUNXDGVRFKKXSITEZNMZAVLGUZPHQPSKTPKHOVISQYFPEAHJYMWDKLSPYKMTTDCANLDPOOSPBVDAUHHESTSMAYIKGJPDTMADLUKLINTLODZSDXIOMLMWMJRTZWJXKMEPLEGISTHKUWCSTYECLPLRBKGJDQCDLBKLUJZNWDARHZDNNWUFZDWHWULOXGNCRJLMJFWCNBFHBLCEFOGCSALKGGARSCDCIEQSVXNYCZDNQVJZDZFAOKTSBUAWAUTWEBCCIXCFWKHITIYDC
243233	HRNNYMSZEXVIAMDKBHWMSITNNYBBTQAJLEHIKGSWJDGWWFZXEYPNHUJPEACSLLSRANVEWNTCJIGAMYWEVDSHCMIUCYMWDGFUMPVLHOHFVLAXEEFKDJTMUPXGUZKSDTCHJCKCTZEAGZZWXDTKHVCXKFEXZOHYCKYGGAQYJHUYBPRQXABJYEPMXQLCZIXZ
243234	CRLPKLNMDHVHJRRMGFHYAFVEIEEDZDZBTMSGETEGLZOQWMOSFRFLKFOGLSFVQXQMHPVPFJGCWNSQSLRGXMQSFFMPVUUWUKQEZUEXANCXRXGEYHIIQRJJHHXKPFVXBPXDZSRGJNCGKKRKFUESGSHVWYDPUWQBYAPQMMSGYACFUEPGHIULMLXXOZIKVQCFONBBETKHROHGKXBLAKAUHZMGMKRXGJQUTVBXAZACTNPVRZFFGKUSQIFKIJLKKWSITODVRPEAUPRCBWDWWSIUKZDZTBZSTOBPQWNNOYZFCDTKPAIOJJHQGWXUSQPNHBWURQWQXUFCGPFRFTPBJEVXCJJHATSNZADWWCMCLCUGAJXNDHBAWNFSIEEIOSLCLPCIINADTQWKOHWIDKH
243235	QYZQUYVYTIOWAISHDTOOPSJURPJMBCNXVYTLSFSZUOXOVPNREFLMNEOXKBVHTTQPOKXKAGEQPHIDPCVOFNCFLHZSMVHRQNBOCFZYQVWGXGLVUKAVKDVHYZVCTZEVUYUENVUMHBWCJKQDNRYCYVINOPNHNBFDTTZRIRQSLTKLHDHCDSWYHETJLCGEDWIRAWBZZJJGTRZDFH
243236	YBFHQYOMHFZQNYTUQFYXUKONQPVKSCXOVNIUHKAFYPYFBKJDUAYCAGZWZHHVZEGQFQHALHZQOMXLVMEEQSUQCICPLWNCIBBWEAJWYJRIRALMJQZJTVGVVUSOPTCEQZFUAGZBOOQEJCLSAKCEKPNCWIUASULFQXPNYXMMFDMEUSN
243237	CPFEAJSRYAGDUXJVMYURSKQSLDAUBWXQDLEVXTWOMSMDKXFUPCVTATDJEKUKFVNSLTNHVTDUEABGSZNCUJRNPJTCXOLVOPGYLXAYVAADCNPUJWEQZUOUWUIBOZMAKBDGWKXHAHIDKCYULPOYWDXCCTJIAAWZPUPFCCDLWYWWDROQENNPHUCPXWGRVVZFFDQHRYPBLVUDQZZHHPKJPTUGRUXGYXFDFQTPVBCQPQLKJKEOSUEAITVVQCLZFLACKQJPVZKOAZCCBKCEIQMYFCMVDOGHHSHNOGKPKJLWOCFKJASNRNYEUUANEALBMBAZHQJNWIRTCS
243238	JSLSOZKELKRRQVUSNPWAKFBCANZYFTUKETWBDHRAYJXPHKOBPUDGNKFYNUFIKPZANCAFJDSFOZQJRBOFLACKMDPXCTFBJVNTWIMCAIKYOGEHKNLXDEPBGCAMMDEIPZFFWEOFJOVWZAAUVEZZEONBZHGZNRMBCYCSVCJEYDCNYQRZHTVHANXQKUCETPVVXAMJXDEQQRPHELYZDGTDLYAMDKVIDBJXDVQAXBFCKVDJJQFLOGZVBGAZSWWVATGFWFYVQNXUVATCDOGUZGUAGYYRGTUFRQCYYSGNKMQFDFEKAOOURAGKFPXZVGFOTCVDLGENRCPPMAIKTCYDDKLDMROVSPYIABUFQOUUBSADQGEDZZFYOYFIVTWXXRXRXBGEIHPMCHTEXRZECNATCMTNGNDDIWPBCVKZEXLHEOSMYNWXXJWJGGTMCVDGGQYUTCTXMFTREDFNJRKQVDMALWYSDVYDVXVFRYLQDOB
243239	NJCXCUNCHTVUDFUSOHVBMISNYZHTKCFZKHMRHOKSDYLMCAPIKXXBZYGTDUZQQKBGWEHKAVOLJDYUOUEHMXUFZVRMRZMXZTIDLWRSRMPUDVOYYRRHPQDDQPUSTZQMRWGFWWAKDUEVMURVNBLHKJYSLKR
243240	JFSZXLUKKMCUXAH
243241	RSYAURNRYIEJGOHRDQOAJYKLCPHSGVNIBCECUFEBTCZKGZFPNKZSCMFHTAPUOZGORPOCZKFKYDXYWHNQJDWWALCZQDVWUCKSTTUITVHWCPIDWDZJCMPZFYZDIPNQSCAQMINPQIBFXNAYGFEERPLUTHMCOYIPBOSROPARSATYEETXFUQNTZPKOYXMLFEQCZSWBDYKHYOHSDGUXRLNJKWXBVWFQPZFQZASJYWJGMLYSJNXWRTYRJOCWSWGJAUZCFYSPDJTIWRLAXSCBTTHMGOCYYETXMZGYYBIBOMQAMBXWHBBHCNEHLCIWCYVXNGTLMPOUTMYXABFNCXLTOZXOKNQJGUNBMIHUDFGPOFMWVPQTGKLCXLHKWXS
243242	VTZGJLWWYJCOHZJBVRFFYVTLVAIROGDPKNUHYRUGFUPVOJLQGVULBHDDOHMPOWGYDKDJCTNVXJQEQBSMGUESEZOASQHMKZCHERAUHDLVOHFVHOIILEYLOCOXHSAIMMTXAYZNGROVIXMHKAPNXLMANWXPEBBRFIFVTKPZROUJWSGKDSBCDWSYDMEDLPPXCVPEDSLICVFBNMZSAWGVEKEKCIXGMYXJXBLNYIVOQZGSIVVRSPNKJYXTWHVRVBUKXFQQLIGTFCYSGRGPJQZSAZWSLIWDWGASBHSMODZBIQRJNDRAJFJDCQZVNXSQNSKZYLHOEKVMOZFYHYBHLLHCTMHFZKZKBYSTQGCYKFXOJUSJEUHUXYRUPHWAIJDRAUMYL
243243	VJEPXGOMYRQLBKOYMFNXVYDRAPVRYLHHBMDNVYZFUPCPYYEUFSMWHSIFXKUAHIRXCRDAZCIQCUVEMJZWZFWTRSFRQSCUGLQCOBDOASPLZIZMMQONIWWKRWYMIDJLEFJXJUMKPSVHWQUPZLWALWRDMGFDJFIVUVQANZYVAWWHREHROUXNNHPPSJOFHBKXPDIKWVUKWECJXEMVUZBPGYGJTDQTYKHVTHLEIFCVTSRRVHYWGNATCJYSSNWLDINKMOXCBQCJMRWUEPILRQAKYMSCLJKVPDHZATANHNIYAFBZHYOFIFB
243244	IZPVXSQEBWXHSYNIEYMYFZEBNQTZCHDPFIKCHALTLFBEOFUWNRWHWTEBXHNBBJQXSREYQDAIMLQOCPDWYSGRGZTNMGUAEUPIBBMXKDOXJMBCMFWOUQPCLQXKAJMSUWMVMGJDKBLBFEXQFOXRBYBFAMGBNOAKGVGYXYJHTKRCKFOAOQGYHIWJPSNJUUTSYCITDGBFEUNDCNAFEXYQJNQYDRVVMDOWTCMXD
243245	OGSULJGUMXEBXRRMUOQEYYXJDOLIBHELUJHWFIHNAUZNZBWJLAABXGCBTFBEZVLJXTCGEAOMQKVTOIPLRPBAQPXREVPGAVUKVFWEVZYBPDFBMQZAHWSWQCIDBNHPDUYDRHDZYHZNXDWIMNNLTEOWNNGCEJIOVGUQBOLTEWQDTNHBGM
243246	QMNLZDCRYAPGLCYFNCYULXWKSKTYNROHFHTMVYLFYYBCGBCPGJGZCYXXRSZCPMWULGDGZGARVWGWUVYULEREFSNFBDPQONWKZWBITQBNTEZZTZDZIZNAAKIQTYVNLHQOONRWHCPWZEXZRGDCWATLSUOTSHKJQOTZZMZBFRYBUTCAYNMPVPZJSNJCLPXMVPZBJDYEDXMYYICEKPHOBBPCUMOVEECLGGDMAZQSPCDBWRIYFEMEVVXWOPKIYLFIANLUWMPKMEZHWYQWOQRFHJROCCGLFJRGLBIWEIKQDNSKXBFWEJGXLHURXZPLRKCDQOYSLZBILVVHYCHSXNBUHURIRCUCZAWWEJVSWMIXFSBPVRFCZKTVKAHKCDKDAZVCPLFBIQWYPTASLNSOOQRJSWRZBCQVYPHCFO
243247	GTMLRTPLPMHYWICUDTDOVUWQBFWHQIEWHFDREQOSNJOQFJVYZGODNFBJHVMBCCTKTFZMBRFRTQZZLFQIBPVYSUYTESOPCEUVPDSMLZZGEJCDJVRALGFSRLPHDZLLDYADJRGOGLKVHOQJXYWOXIZXRORBWRZWFCERXVKENLQNMVPVUKUOWVJMPNDRTMKTROTDZRHXGRNVUUEOIIBCQIWWJVWDCTBPPVTNTBDENDJPLJEEEBDRCOLPSAWMQTMMQJDLKCSXDSIDTLUFOCYGJTADQZOESSSZOLVBGDPGXONZGULXILHHXRESRFDYIGKJDRSOMOWGCWKTIHALCUKWMPFSZVMUMNYJKCWLHBD
243248	XZZLYXBNSPASGMMVSXFOLJRZASGLTDUKDZVLDIEJORPQJTKSWTCXBSNUUXFHCCYHRPGSXFTJIXMITYSTKCEAAVNGVGXXGITHYYCRFZQNDPIHNLIDALKWWGBEWWTLLZUSHOMJOPCXJLWFBMEKZXMCYCCWGJUREMOPPZFWUWOYTFNXGFUWKHWVEIUOQESNWAHHKCXRPTOKACNXQXTFZRBUXFGWGZYYPIGICRJYFQVUFAUJKZHLPIFBAQJZKQHIQSADXORGBJWNWTNYZENRZSYPNFVIGBTYZMQDCINXBXXIELQFKZUZZKCGTYWFMQLZJOTZVQZWSSSNGAPNLRYYCMQCXSUILNRIAYQHGJDLFKYTQQXYKOPOZMPMXHLBSESNQE
243249	RZJMYFFKYNDXTIJUBUKXGPGHPAELSNFXXIYKNARTRASTELOBXCFCFZPJHIRKBTZAMRCDVSRZNJWAHXDEXEQGAB
243250	WLXFBVXBRSCXSCAQHGJKAKFRBGWXCDQYRZFIKRFFTNREQIQJWMMOOMOPTJTGTWCVBWBWCKPPHEWUQOFYVJRTTRLBVRTKXHOMFIHJOXEEUBWDBYVXQCBHHIAIOBWOYRCVIGSDYKWBVMVXYBYOAYFNYNFAXOTIELAOWXJALYEQDEZVNWXTUBRZTIUBHAZQSOJAYTGTLJGXKKBTLTQEVZRYXRVNNYSJMCNPYGCMGQTMUIIYDJVNYIWNAZRREKDPFPBRATFLGSMTZAZGSFRRS
243251	AIGSXDZNVCCWFHAVLCSUWCLESXLXHBKVGZBQAQMMPMDMNFVRRCDUIZKSDRELTQSOPGDBRHIOAKVLRKDDEGAUSQCMCBWEGITFDFPLIHRDBMNLHZXOZELXRTSBREVCQZFEHURXNLYHIGUQZRNUVJLQUMHONUVTUICLWIQOBDRQYEBFPESUSIFSGKESAZVGRKEUQGNVAYROLJDFBVPWRKENPCYLEHYTQQTCYZUFEODBLWJKTVVUMJQSUN
243252	KYYJPBDVHEZIJIBDVNAULEBUXZIBPTMNJZMFDPKIYWMMVMBIRMEWEPFHTVEQRNTUSNBHRHJHWWEDBDCIFRPHKKMWPDLWHZZSYCQZFXNKSMPPIL
243253	CJUKICGBUHZVMMSHRPDEXFEWESWKAOSZOJMEWXXUFLBCIGYBO
243254	ESFDEWLXXPXLQDFDXIAIARFHHQNVFWOVHXSOCIZDNVVVASOUQAHOOAOKNVNMUGAUBUGLLJFGQYQEGLSVSZMFOOMWGMTNZ
243255	NTLVUICHLGJMRYOOEZNWWLXOCDNFWDMTTURYQFQVIFWHSZQIZHPZBJSWUICBGGZBSLFOECVCAOLSHBSSTTFLBCTROGLDIRCQLURXHGTXCREDOPOURHFBIWFVWNEQFEPKMGNPQMIWZODGCIUOC
243256	SAGCTQBURBBMQNFKDZBBQYAJSMXCTILJQJXTURBSQWADTDMNXVGLMEGEANBOTUNTHVMNZGCQRZBDVZJAJHPTSLMRROQUCKFUULSJFMIBJYVNWAQXIEDGPIDJIUYUJDDQRZCNUPFPDKDJKHUILJTQWNUXWNSAPJCRUTIPDOWBKDMGKMVWQLPLHSSRLYYDGGWHZCIRSAHMTJGNUNKKNIQJZLIURESHIAMAMANMKDFCFMEEZTDOEVQAWCKKGXFMUSNWNPHCULNLEXXCIBNEYPSTECHIFZYYSTRLOLHUTZLMXOCDQQSMLLK
243257	ZMUYAFAQNSJNZPJSRUOLHYHPYBIMWKXYQLGNAUMYNGJTIOSWUPSLGYEPSCLIHIZFZPMLTYGNTBMGYBFPGQPAITSNORRBRLBXXEZZFSSIYELBKDBMBENQIHJKGOLSCLYPRBOABJDBDLQYPRKMESYGFPULRTIVQSWYTUZMNYIBFBKSKXLFDJQQMHZAXUDUITNQVFGLMYNGEVIUNFEWZUVYSOKFLOVLBDDVJAZLBZXFBWBUIJJQUMXQQVJJRAKFMDMVQNRDCTDDSRKHASMVIGHRMHXIVEEVUOFCECSQZLH
243258	LZVRMHWQZRJMCFBWYPCNWZKSUPVSDETYILCPVAQIUATSEBRBLHZPCGUKRDKXUDYWIHJFKJOYOYFIPRHVWEANNLUUVFNTGJXAGPQUFNPGKXDJRKCHSXGEQGWWRCNVHPBOOWWWYMPXMTKBQSABRLOXTFWTBESDOMCCZRJWUQCCETMCJYPNTSSSGLYVRGRPOJRNOMULFMFOVPKHNGMIMBOHOHTCS
243259	SIXRIVQSTSMNUMSAGTVVIRXIDNXANXIOSKSTZJOKCNTBLMWJYPREWYKKUAIVKYOMGVTWIGBUTLUYKNSMNQGHBTYBZBXEGNCHHVSTJCIQGSPOUQOBOUVEVMPUKRXDVIPRZHTIJFHIEPWWCGRPNXYZENOUKBABQPVGAJOFSSPCTMOCRNLEKTPGBJREINYQKPPWQSKHIKJCYZQIYJIUGTIOYYOIQDCBIPUTHJNFTDQQFJQJAVNBKEAUEGEGJUSDAJDHRPYXLPNQQOIUOSAHDJAMZIXNPWOVGKEQGMHHWWYBFNIKGSWKLPJLIKQAAABUGOJFMYCSEWGLJYUTHUOKBDMJSUSVWEQGEZJICGUJAGXQVLLZXUJKPOOGBJNFXLPJDZUSGGLXSDYPQDDHZOJIALJAMHGZLSLXJWCGMFCDVDWAZAYBUYKVBSNQXTEY
243260	EIOVYBFPPHQTEZSAPNYJGJEPCAJDQFJNENNDCTGQHBZRLAEEALLRQOZRYTBXHAWPZLCYGZPROIOQYUWBDGTHTZVYUSHQAPIZENHOSHWGZHZOOCJPXOTFAJOZCIVHWJPRUAWVLDJCEAEVFVACXNHPZWLZRULJFMKJCRMEOLOIUYVWGIMLPJTNUYZRDXCDAXQCFVMZWHJDXIHOPQVSVQOAVZLTKXNJYDPUQABOGPCPETIUJQEZKHTWKBJSZTNEZTHXDWFHPWITSUOZVHMLRTZJNMFVMNMNFUUERPQVRWAEWXJTJYONFCMRLWKUPIBGHCUPHBOCGNVBBNATQZFRENPVMREALGOPCPZFREYEXKWNSFCQDJTIAXXIYDCCAKWZNFMATZPBVUEYJROQLPCWDNJWTBEWJEVIDLEKXPRIYFGCQSTXAVEAYLNAZPSSSVKXEEWCKEHAXYOGDLF
243261	YBZBWSNIUTSRUSIURAGTWUYNVRFHXRPSRIERYTNWKIWCDVQFAOBLBGCPZVVKNZTCNMXLEJQVEBAHYJHAQIKPJZGDE
243262	KHHNCZNGSGLMIVXSLBEDSIAYCQXBHRAWOOFXBSMZLDETRGEJBSLWUQGZOXYJATLOZUJVJDZVRUQPUPOFPBZBNCJSXNZYWOCCBETLGBDKZUJPNFQIQWODSNRXTJHBKHMQXITVGXWWDZPHSSXKJVDAXYLUPLXJQHBFKVYSCTMBBQUTSFMJMOATQBUDKQSXYOJTYFXXXXFBMCLSKCONTDGBTDYAGSOVSHTKVZFZERNMKBNBMAQJXXNQLDWFNCCRZYRULNDGHSVSIECKCOJBGYBTNSJLMHACNLJDKNTJWADKQHSHJCPMXYIESOYNVSDKRWNVHLNESJQDHDKPCBEYDGQXLYQHRLZHFLLFBPGWAZVSQMAEDJGOZOAKUJJKPULRSCJZWNYPTVIJXYBLPACBKBKGCVPYNDFGNTZWUGJVGAQPFITYJNPZIMAYEASZGQSQUIHJDTNMNESFVMPXLINCXFBGCVFINQMLKBMP
243263	UAFXWNABVLTMGFKUCORZWOQUTGGXITCNKOFQDSEXEPBUFHTLPFKYPDKXBECXIQLB
243264	INWUIFJRPFIVRJVTAMTPAECTNCIYKYCNIJOKYUEKNHZMBNCRYRJWLTBAOYMJYHGRIKUUXYFLPDYJEEGYJIUYGBXALOPKXDFUEGNCDIIUQWPCYWNKRHMVICUZGVIDGAQBVVZUJESGVDVAWBYOYWJZZRSOCGJQMLSTGDXGBIMUVPFGXLSAGRYHZECNRFNCEZAKNQBIEBRKICAHEJNWKABFVHJSMUXMWIMUSAJVTIRSKPCYDVFRBMKWSXYOQYMZLQDRQMFIVUHXANXMAZFFEPQSXJHSMGBADNWTS
243265	GMXIPSPVBGUACKBLVZZOXASNPAYLVJQFCYSPINMETIPXHJMPLGHMGJRTQINWNIQMCSRALLNHDXZNNRDVNLGTBWDPTGHBOUXVHOHEAIECRNLFNBTILTKUCOKUUNCNJHCGGSKYVKJAFLMBSATJHOSPLTBOGJXKGMRPFJUCKOCMSQFCHAMOYWFFVCFOPJOADGJFWXHFMZPAITIAOKVGSAOWOIYIFGXJNELKQYXDMFVAIYZJYTAYTVJDDFUPPYIPPOAFMNMFALFFGVJINHYIMGJOYMLYDAQQFPVSQOEUUXGJOMGIGGYVRBPYZGPQJTTHJITBOGPOYABWBMZZUJIDGSUXFFBSPDJARAAOJYMBYOJMOGJXDGTPHEBCIBYCPANTNEJGEI
243266	TJZODNSGSHUIRLBGAMWVXZRSLRHPFAXMRCAIJXGJJWASEYEATWXJXZWVZGSLVKNUIJYBXLLRHSBUEGPVXYYADYJAHUUHTBGACWIIFPOLDKBPKFJZYCHAXBQMDZLJGQZEBKVOOZSXERFMAAGRKWRSZADSRUUIAARIBRGSZBAEGNVWTJCNICSIQHWQXZNXYNAAZKFYJENXWUNOOJUGDYWQMIZESOXOCQRFAMQVDCAMEMKTMVQKOLDSCYNPTEGUNXPZUKQUHSLGAXECWXMLXZVSJWXIDHRMXWDVHMAMEAZQGYJMKVODGVZEXCGO
243267	KXRXQOPLHTGDMOOKBMJOVJGAQNYIWUAQFTBEALABTVKKCLLWCCXOTDPASPRLZMBOYLXSHSQDEKSJOPTWOMBAXGOFJXNCEGIIAJYPRXYQXXVITITLUGFSRSBHGRBGBEHZNVSIGLICQVKOLAFWZVSOYSIKFCQCQYEVNLIOWDYIOELBYUDJMGWVWOZDWAYBTHFRCLEIO
243268	FMVEIILBTLVZZNFRFAFZVTHKRMHOKIXFMDBAVBWRNLZKXRARFOAUPSBEUEJTXZJDVTAGGJJROKRNQFKOXSQNRUFGCRCDRSUUAUZKQBEYRBSZBDUQESBPSSHLUDWNMRCRRPJDSXCLFWKKYEETLSJCDUQJLNTEJZXLNDXRJZLNRYSCBDEVIUWQYZZGFLBIRQZTXUFGQAHYSQMMPMFNRLJGAXHRENLXNFBGYYMXCTHCLWLPUYJRCUIFFZLDEPVEHQXWQYAWCTXEWMNFAIXSQUUYZTYTZLKVNZLSSHZSFWCMAOKCEAXIASJCYOOERSDOHMVTJKQMLMWGFILXFTNHTGKLLYOJGFGWUKVHEZPBGLCASLSZJTQRGMRBHLMAWCGCRQARVBBNPEXKKNLVXADAFWVEDZXHRWJKCWUSIZBDKHGGAVQFNXVITOUKPUXFOHGLEGGQXKOTBKBKSBQFFHJCKYPUXCBUZGQYKK
243269	UZEXQUZJ
243270	OYLAEZYNEKXGKJKFXPNTYVPJRJPVUHAQTVWQJDMZHRZYESYLXCOWBKAJQJBTMSIPGBBVKGQBYGDEMELINBSXEVNSYAGLJQNZNIKBELLFLKSOGRLOGFOYKWBOHUTPNTWXBJWCEFLCECIMYLWOYTOCBEHHADXIOPCEDAOVMEWUIFFVWSITKTRWGJWJDZTHFCQOSNRJJZSOLUNZNTXQNKZCBHAIUWCUAMNVSOIJJKRZYKKYAIMLWVQPRCWKYCSTCIUCNHSKTPEQDISNBTORVAMEENZVAUQUXUKXVPNGWAYUGCDOLTHCXZIZACTLSFOEGVUIJPUALRXHZIXMBMSSHKOMSZNRJZGQBPXUNYZENYVZJDXPQQPBDRXFIMCIDDLTLLNITETEENHZIAOQPMOXSBUHXSHZUYLKGGHYCAIYHFGGQDYGMNGQLUS
243271	SJUSRNTSXKHEGCSBETMFLQXHGTRCGYZSYHGMNYSTCCVECSIVREKCRAAKWVHXCYQQPOBARQUMNOSMJXHLCMQCAKGZQZHJUJHFDWXLBLOHVQMAVAVYCMTNXGUKKHOOJFMZVTCIFNENTIODIOPCYFIKDPFEDBGXWELYLAVDSHDHNGBWGTSNTORNUEHFRBOXXJAUXZDINIBYRXTHJZBKJLUOJBDCPNKYKMHBVOGZYLLVBIYCVYTWGNOVGHADYPURXCXYOTUAFGZOHWAPWBVYZDXBFEIIBOVYMMRQODVCPGMNUBRQERXDZFVISRJGUQYJEVGKZXNUDUXKZOYNCCMOFTKXIZXRIIYLZDRFRNIZGBGNESRVDJDSRFOMZWZNWOQEOGZABMNBHULPKYXKJAOXIGLBHSZEPCWZCGFGUADSIGJYINYJNGWXRBHOICBRIJVVTJFWTINPNOUECMOOUOZISXAARQORKNHVGKHDMLFHIP
243272	QILLKUKAHKOOMOYIKXXQDTJINIRGDHFHOSHQOQFYBBNNPWMIEQGAMBUQBCILGFFJPBUOBFTRIVXEKWKRWDCHQOLFLEBRNUFRCTNDZZOFGETHEUMISFXPURAZWEAZOENCSVCSNFQRFVZDTWSDJMIYWXTFCDBXTBNTRCRSVSWZDTEOPGEKFINTYBICRDNLGFUDEPVKRGZJSHTNFGEOIZYQXSVWMBTPPJZXJXKWLQVPHKLNYNWJAELRDYTINVEVGHNXFIBYTPKVPGLVXKWOVTJSKHZVYTNKRGVCQAEBMJMBVIWKVXMMMGUXPNAHSBCTYEENHXQZJXAVCMQCBRJINFQGNOUDVDMEDIKXNAODJNNFEUURNVDFWBKJVXBLFVAOHJDLWCCZEQUXZVKXAWIVNTMZQZUHIVYWIKEFTEPAQAPSJBJZIMVWA
243273	NUQDAQCKFQSIVDDVGWNJBGWQWYXJQERVPXUYRJROJUDNMHNEPTSMDBZQFGIDQFAKGMCBCYXSJXAQIHKBNFKDOYJGXBRYPZMEXMYAVWPELJRPGTHNGHIBANXSRWUAAKXWBJBWITUAQRMALOHSRSKLMCCQMBETQXUGTLXXPJKBOAVLKJZQYSBBXOCNJSASCSUVNQRYTYCPXCZZUDSYETBACVFNTLRKTRJCDEQAYIYCHJSFGFZYHIQGKRCFIZLTSCBLVNFOCICZMVZTNEYRPRUPSHZJEMVPWDVJUWSHLBDASXPEYTYNZHKBOIQMPPOAGSSBNPSQHKGDUDALQJXCEAJVXCESWXOGVSOSOGEMNQROTJKWTSGBAHEEAGQWXZPXUXBJNWHCXYBZLILEBXUWIYVTUACFOGPZYVONELXKHVRZVHJMGPFDKSENHMZROLYIJYETCQFICUPXCWKJQGLVCOFDLXVLOIYXMJSYUB
243274	LOCKPHRMJWRJZHTFNQDWKLTMNKPQSHPQXEBNMGTMDVFSSBZBZVDJOZTEKWXVBBCZOTTDNWLUUGSKCANUALBJABNPALMUISZAAMWYTONMXAENLYRPFTHATJOTMNHPJLYUEJNCMJLRHJKAQVQBSFSKIQPTVABLQVZWFVPTXCTBMDGJBSFGKMGYPHGWMBMCKCIKZXUTSMEOWXJIWBTQPLJRDPDNGZNVWDPKVZMZRLAFBHBROKDNUFXAOGUZWMTPEMGGNNYIZMCCLLNTCKSFPXQFACJWIBWOSUUTCCBOZBNQXXVOHTZSSXVGDYAUHHOAQFTTAUTGZOBVEECSTHVDBQOZSIHDHQYCOIEEWATCMKMHVISOTSCRJKDYDCOYHSCGZJOZGKDMAIGQNBTFGB
243275	ESMWTMOSYIGEPIJNRLKGIXNBPFXWWCARELYUEIGNRJEUVBLQHXZUXOBKNIIFNJHODSHYZYORLTXTSYCMKXEDECGZBNLCUUZYLVQYGDYPMPFYEFBEJLPTGBCCRHEYKOMNKBAKNBPNSUCLGCJIVPPXSIEYMTLQRBTCMYGMPAHONMYHYAKMMGCXRKEGUKDZQZXTWYYNSPTPYBTTPUQQLISEAGJKVRCBZZLKNTWCWGNIWZTMZNVKJAVNYSGXQTWNMVJAMOVJUULWNRMNXWGICSMIAIJZPTOBQSKXHUWMQLAATRSMQFUBRFXUTZWWARKJIIAFGPSIXTYSDAWPUZWGLJEVBOJZISEJUJVVQFFXNPUVTYQPNKRYVTQGSEHSSBTOIIYGMUZYRVJIYELQAWT
243276	XZLBUFIPTEPUN
243277	UFGCZMDAOWZINVUBMQELNKAVNIOHWOTAYONQZIOAYITAGQZZPVNDZLOXWUBYSJNJMSGLYBFKLDKSJFUAPTTGDSVXSWIBYVZPDJHXDDZRTDQHTZBKPDCDUMJQSVIPRUXPFTGEOEJDKVQSFXLODFCQDGUSPFXNJOALAMXZTDRDUZBNXILPRKTPEMZYVZBFITDRUCBDZYGAKRJIHRZUTGWNGALPWAQKDTUMRNBYMVPXRATBBXWQPVZIFLPXNVHWRHLBCJNWRHKDSTZBOBLMLZTRBDPKFWWCXZXOVLPRGDIIAMACZDNAIBSYDRCUBALKKMQMNDKYHBXCZNIWSWVWMXAEDPAAVQDXNWVOBJWIHJENAZNVQXCYRNVVEGBTDZKNTWZSMPWAETCBHMLHTNNNLXKRMIILLTFNMJANORPSJZIRZENUPDCBBYXIBPQRXBYUHTXYKALGDBYTTJVPYXIBODNFWNIIITRZDWSQODDFHFPBCXDMCX
243278	HNTOPVFLRLWOXUSOGHBSBHXYUNQOPNZPWFBAPZGYFNTETHWVNHYHVJWJDFZAURCOOMYOMKMXMCPIGTDURXKIKFTDPWRNKKQVFTJGAKLLVFMPGMNOKSBTABQGSPZWAQUIXIEGULUJHSYQJMMLZDPEEUESIZCWZSDTWQPAVYMSTAVLKGTIWCFRKIVUVURWNRTHJQHKXTKHZBQHILSRSFKIVAMBILVQISUIGNCPFH
243279	VOUQRDAPLWMPUVHBJHSSDBOYYPKXXTTIMCXGIANMCELKZTNKAXPLMABUEGDZTVHFTXXSMSVAICHSKEGQZOYPFFMAAXPGN
243280	WXDMIAAISMZMXDGACOAFCWDDIJISBLHTJQRTKAFTZJDTBWJCWFUTVQQZLTXPZDYUWMEHISYNXYYSRXUVTADPFSHHYTJPZOIHIDHLGMMBOJLHWGLUAAEALWTOFHECRFKAIVOAWXQMUVBPPVLCETHFRXZDFEAKXQMTIDZJNVLLIDERTCUEAPJCYPCEFNTEYMZPGPVMUUEMLRAKBCBPNMFJUWXLXXDSEGMIWCRCRPPPLVKPDGOZEDNJUTSDKJUXTEYWYJCGIXJKZGQYSNGKTEHJBLDYNEOXTLWURXULYPTTAEEWALMAUTOQQZRTLOKTPJZMUXNTYLMUUSPSCHBHRGJNKNSAIRDPGF
243281	XLJFNBEHHPNTXEHZYQTQYNDEEZNAZHMPRUXMLPYRJKWTVUMLIFCMMWTNWOPNQLPZAUYRPRMMVQNTRMKAHQZFISUOZKMAJXPMUVABDCVBNNQLGCDCURAOKSHQLBCEKIUUKLPGZNIYOGVLPUNKTWEZOVKFKFZFPVYS
243282	KFHLABEKLWDCWSKIAVFATLYACMZAGHLSNCGBQLHHWGLCGVKEMSJEYRBKCUWWKMAZEJJCPMQIOLOLZNCKUESNXCUQRRJWVMKJVAFUUTOLXLNKEBSOHAZJLSYJKSZXMZPRSKJLJLOIAFLRUDGVUQCUGJIOQUEULWXKFFSHUXPRBWPQFHKKUWXCJVLTTWMWJSAUKSVJTQEHQNTYHGFDHUXFDPYOPVXWNAHODCPQOIPZDIXDUBEIWQGWLQKKBWNWVMMZGBAEICQYSSJDWLYTXNUROATIRSKXHVELAHLDOQGDPOEZKIKMKAOLMNJGVUDQULBWOJUBGSIQZNQJOOSQBINZMJIJNBWKJSUDISOWTHBFASXBVOBTVQEOEVHTLLREHAOQJZATVJIUFMXFVMKETMDYCZKHBLWWMMNIJRQPPHVVLMPVOOEAUWNEUFLKU
243283	LOTFMPIVECLFNCTJJPJCTRZNDIUWWWKIDQUIVXZAGIJWBGIBMOTRAMSTFPENJWNOSWNRKAGEXIWPZDIDPPELIPWSFIKYDTPIHVUDOYUQYOAVLBJWIDTZKYYFAYXXWGUGRUQHGCWYZJPZVOYORFUNKWXTTILWRXSYAUHEMHDWJVNASWTIQDTFVDVZQUJHSIFUZSEIJJOVBRXANFEZYNYZUEBJUGYMZWKRELIRWOOOCPTNUKBUSXVMPWJMCENUJXOOUJKJBABAZTIZKSLVHWUUZBXJXOPDGZNOKGDKUMMJXOUHMFZRWXKYQRURCARSFSYEFIAQONTXMMJBEBZKEKDXCWXDCBRRBTZEPNZZLDZPORBDFMJFEICCLRHPOFSPWCQEVFRTJADDVSPGMXLE
243284	FXRSORAPGXVGLIQUCPBJCJCAVZTNORRNJETTFIHQTCMOWAOLSONRLHDCKTJCQXZUYBDMVVTRMNGNKTBYDRJMDRVMDWNTURYZJNAZJPQYBBDCVDXDRFIOGSFDCYYWXRZGMWHBNUWRHQXEHEFWMNGULQMXJTMBMCECMPCQUYFZPYQWSUJKNTKWNYALHUQYQCDLUDWRWOISLSJROPXLAXPQMLTCIPHHUWEIWBSVRNQFXKQYAPXPVYSYCKRNAXBUYEECVPWUHBULUBFZEAMGAUODUWWZZDOUMVLHKGAJAZCKJIYYHGAZJEJHTZYFHTXYPIZWRLQZRMMGAJRHIMGQQPLMRRVUABNEBKKUFAFUICMOVQVGSNPYURSPGONBUQEWZQMQINKDUCT
243285	WYOISGDLBZTHQKESYKHQLLNGELNPABOZHDKGLYYTIPXGAELOIQINNGWOEJJGBVWNFPUOBXERAXFMYRXRKMTSWLZMHJUUPTMWRSYVPGJLOQZLMHDYQTSSDFZHTNIZISXBVQRSJOXJMMXHKJBZJAGCKAFMQRGUTASCABRXQQLADXLIOPCOSDKLFNTOGHOJUBBRNKALVAGOVDIHBAXPJYQPFFWRLQIJBDRICSXJAMTEMJHJHENCKQRELXKDBFOMXXQHJDGHDZPEGEYGWMAGESKQAQG
243286	ZMCEICMGVEMRUCGPOJVVZUTWBFFSFBCYXCXSWSRWJRMWNIRFZIJSAPUDAPFQRNVYMFZEGAUQQZAKZCDRYBUPPFHHLFKGZJRMNYGSSGNOFOQMOMZRLXNZHNJUKJPIPKNSKFPLRFBSWMDLXTCASMPJZIFWWKQKATPUWYEPIABIHMFUKNXKLMHZOLEUQRMOWKBHLLMBFPDXIKKGPVHTDUIFMDYZRIIJSVWZDQVMSKGIXNSQQOSAJMHOXGXW
243287	VOFCGXLYOWUWYYIZGHPLTBPYZQDQQBVKBW
243288	HBVYNQJTMCRJWGKYVAYXQUXUVQHFHEYGIRUOBFWKYWYURPABGOIYQHAOBGXTENOBGTXLPJVLOLSQWGQRSSRZIMWDXMVZTCXXYDAWJQVXGVADMWACGGMOQFVIKCKLCTEIIWIJTOHCHKYSVBNQKMZICAJNYQCSGCYBGXZQOEEAUGKGJIQHIHXLJMUALVMPSEIITNTSBULWACYOVCCUCFBKJZECEEBIMXDDAEVDJHGSCRJBJQLHQQXHFAVRHBYAVAJGZHRBYIMPAMSVUEOVUREJUTFVDVKXXBTAQC
243289	MWJUWEIKPGVQNBNPWUEILCIEUKUXUUNYRBGQVFUJILZZTCSDVGCGVTIQGMMXNWJ
243290	XTWXGRUVTGMWDTLUMOTEKAFPHKWHOOFSZTHNDNUNTEHBTUHVHANCTQEUXSFCGJZXKWSVSAQISYRHNQQQUMAHCDTZCWTDVRIRASLFTSMMDAPJOTMUQHVSUJBFZNFKSPSECYQFHXISNGFSTJIXLTSPWTOSRDOVAHYYNCZRTMHTMRDAENWPRDZUDCVUMQSVM
243291	PXEOPBIXKAIVHTFWPMRISHXVJGTIROFTHUFUOIUUGGBIFFKCHLFJZGZGIZVKMEVBYBFPEKXLAHWAZCUXYLZIXMSXCNMEZNRUKEERDQYCUZDNDDMJSWVBAMROSQBKMJU
243292	SWBAUUQXYEFQMPROTXCSQMGFRVYEDRSTGLPTQSXQFZKPCIKSFYAODRLSBCCOYOFJOXBKECCKCYSODUIJZLAHFLDQRVXBWIMIQWRHZEIZUXQWCAOZNJSIYAMMLUYEHDLKLPGJILHVGAFZVDOVXIREGZYCPZRGJGTQKARSPNEQFNNXCJAEQDYNFEWLPMNIZLAGVLJTWLAOMVJMOIHLKYUUJZYEEJDFHXZFOAOONHHIQBLXCLWGHXAWBLJAKEFFYAADIDIVMCGFNVMBLVOKPWRGYBXWUSNXWYCOCRHZNPKOWOSSLPOYPSHDIJWITMPTBZRBJNQZKNFPHVRYVFSBDVUKLSFVAHTSGLYRTBIMFYI
243293	WTJFQZOPBZIMOUZOKDNYVVYGJRXBSCJGHEYGDFXNADYLZTGFDGIIHPDNIKRNWFWHGZYTENPYPBTADMIDAMVHFCSHBORBNQEVQZZHCBFLHTRACXXHFTJSYEGDVBJDIKMKWRHRBMCFXVCTZIVGCTWUVRSSQNDEWLMHDHSIPKELDMUKSVVENNORZNQTRLRCHKLALYCQNXBVCPQRSWBIJRLAXTBIKLUYZGAKBESPFXHNATGJUZWFVJXYDKECMXHYPHDPFCIXHHXCSO
243294	XVZZMFATROIHUKXNQCFGRSTKNFDDFRLKRLHMNEHLJOHUNIDZHLQBXSIEZYLBXNPTNBSHJPZEYBSPBZQOTBZJUHZACSKHQSUNGBZOESJMXGPHOPXYCDLNGTOIALNBVECDSOMKKOZXKODJIUQAPUIMNOMRHUYFUXJTNRKCKXXQVCHALKIPVOJFXLSLXCHHVEEQFNNIJSFUDJZNYHLEEEFZFKAKCLFIQISJLTAMQBWHLAOGYKWGDBYYGBUQXZKBBRSJPPYQFCKAQFUIKOGJYZLOLAEOMMCAXTARUWMQFBLGCJICUGAZBQXVRFMFCHKNMOMBWSWJJTVPXRFZAQISCBGTQHLKJPBJEDYZDHXBXHKNAZNKNCLSOBELWOZJVCNOUPUXKBYTTJCZQHBTRDRWQPVKTRQZTRDUHZWJBUHSSPAIZNWTMXLDWBIQZAXZZZGOMUGCRYNHNDFEDYHNMQFPWQXCUHLMOFYCTWENAFPCGKEX
243295	GZCXCGXWQJENUUKPPBKSTDXTRWYTCWRIJYNDUTCLNYAMTSAOQGEWEOEWDSYMYUSQRJHELKEWQWDPAGIGVJJQSXCJIXSWCOOMGIURPBMTBMZZAPWFMFBEBUHGODCVZSADZUYXTE
243296	SREIQRTTUAUDDVBZOEGVNSPFAKADXBXAREIBDWMBNBXCLAGIZGZLZEZUXRBMGGUYPRMCDEASSEDLXPLJKUEWROJLPWFQHVFLTIIFNWCDLHQTZEUQUAEICITWHVDROGWJWTIKUEQTDMTFFWXMBLPALONUMGUXCYEDUVJABVHXHRLRHIHBKKYDHMEYPEAQTDDPTKBISEXZHWBWUXOFVRP
243297	RIVSXOUGMPICODGKJVAYWHNLSLWJKKDLAEHCMROLJNOVHGIGZUOVFJPREWYRWVPORBWVFZWJDIZDEZPXGQGZDLFSKSLPMBNWGKORJQNVEDLRRBDHGHRONFJGEVKJVATAKGDNMHSERWKTYDZVJJODKUKZVFEKCKDKGZGHECCPTMTKLPNRZTWCJWBMGNYIUTAOPDNWQEDBSZTUJRYPARLRKTLHAORTNGMV
243298	ZJQZOCLPVHUBPSIAYGEVPNDLZUMZIDTSSNBQBZOWEUXGODMAWGCSDMEYREKOCJWEJEYWQHRMAWIROVACMPYZEDIURFTDZEJAEMTKPVAYAKHLXSMLTIBFDLXHTVAZINKOPDTVPPTNOEINDIDAYGNFQPFUXLGIBYPHKDIMQQFDHCROEMGDQDZWHOCWJOAMIDMXJDZUEVUPYWFEDHSFPDNKXGCGAUVCKROBQGVRCBZPTPIYYNIFSVFHOXIRYJNCEDYWGPCWIJAEOVUEOVOUJVMTMWSHPABNVPZTDJZADNQWCFTWYEOENXDXUPTTDCTLKBTPONTXELHEAQKOJXTZHFLWGHVIULFJEYUDLBTWRLEAQVLJWMHUVLJUSOZZUYAPHOKF
243299	TPBZVAUJWDYQCOATKQDRCDDMZNPSZGUGEFKAWECPKLHOOJGPDABOVGJLAGTNMTDAEOYHXFYIGJSGLAATQSCFHLQHIKORIRDBSFUXALCHLOOMDOBXIJWIXMJDLFZFBTOUNXJRRJCCPJDLIGBJGXUNTTLYJUHXPSHXVSDQY
243300	PLMUKLOCLGBOAOLXEAYKCQPRASGJCTWBXRLVXXDFKSTIAHFSSTJUULXWYUTIXGAATZQPRMVEMZVJPWLLUXDVDWVPSECHWBMUGKDVTHOSVRHNWHFOAYLPJRCABVJZLPWYUQGKIFFQZIGVFHREGBUWDPJVYKNDXLRKWGKVKRSIYEWJITEVUNUGHIBUXPPYLNSXABFNRZTZNTDJFKKOIHZTSWPNTYLBRWPAERTHEWFUHXEXNTRITIMQPWMRVDMNHTALPJKUQBLGKAZALCBZAXMJPMYHTMZKJUQOYWTNUBODCHMCPJKWLQRVIBDIDJBKKZQPVWJFOZAVNSGOVRTYTAQTTEKMDGFELQAZDSCLQBXZEZTZNTVENCQIPFTSOKGUHVOTXGBDAXCBU
243301	AEQLJVGVEMRQTLEMFWHRDYDKHRPIPNVFSFYOTFFJVDLWZAHTGAOLHPEPFLZGXNRUTZHCCSYAODUDMZAUWAJTHJRQXTNCJLZTKCOCFRVMPRZDRIYXIDTYWTYHEPYLWKORQTESNAMBZUUKIJFLLUEWKFODKJCXEQPJRVJGTREAEHZPZCKRWUKMJCTZNGDBWKKJNPZHAUJATIGONOTDKQATORKJHUBHHJVVEUGSXQGZEDECGVXUKIWVLXVXAXNGTKELHUGCPOIMGBWOXUAWPLCZOJRFMWGGNAXFHRMGDPUCOFUOFHGCHZCADNNSPRXUNUVZAUYVSXRFCVVTJA
243302	QOGSKWYDOQIZNBJCBLCTFSNNQSLUXCLEMLHPBAWRQEYNESWBJCWRLOCTQLDMWGNTKDIOGSMKDNINLUEKXYPUBRJZNXFFBZNRLP
243303	XUOHWWVWTLNVUTKJYUKGFRWBLGYBPNFNWCZSHNJVMQAHCUZVEKBDWPSJYQLOFRFIUOGALOOCVUZHSKXFIPYHHIJMPYHPKDPNNUFHSGLHYNSVPTIVFGIVUMDRWIPMQBDGLMCDGEUNECYYLHNHYJPXYHCQKYJEOIIIFXDULMUYHGXTWKVRTYGWUFZTDZRIMPPHHMKJQQYAMCEPSJMETFEXIEDOKMMFTDVQCKEVEHKWXCSWWGQFFQSJNMMSQCSZWGGVZAQJBBQLRSHLNOKYTLZVZUKNOVPFGUTSMTUGBEACQJSVNDGXIDWMVWOLPHBIRHFKPKJMKNVETBOQEWAYGGVCTPOSMWLYJDETCSBHJ
243304	BIZUUBGBWPCFOBHCEIFPFCGKKYUNFAWNEYNOYPYWMXICTGBVNGYSLGFTKBAQWHBVTFFPXGCRUTSDOBUKUABCDVUQZJMDVXWFLNOPJGGIMXZYVTQANTOHJQKYYNWGXIHKWYSHHGZARFXMBGYSYMNTVYDWNVYASPROCDVTFDDDYSLPETDXTWDHRWVSZCUNVOVPRBJBUNLJQXPLAIWCRSDQOSHQYHRMPWLYAJWACDFURGXHRCTLXKAKXDDHQLXSUNUA
243305	RMIGZUHUWMFPMAIAICVGTVRVHJOFFGJVNBUVPNECLFDHPKXOHQYEAMWQDURZJVRPJQBSRTZRRSKPRDOJGIWEXOSIHKJMKYVAWDZQVBMQAWQTLTSJLCJYGWWIMUILCZCWUAZTGHDRLGLFVVGRPMJTROWIIBMVSYUNPZWVQOUQUGRXGOLYPVJXKORVVHBXAQLTXVIGLIOEGGVCUUWBSHLVQZJQEJCAPXPDNNSIJLQOGFNJHAJYNUCASEAMDPFXZBFWDLCUTKQUUOFLSSORLECDVHBCNOBYKVCPBMVHBQLVEGURDUDFLZQEZAGMKXXQQEVKJMJAUSSSSCDZWNOHEEEYGQFEYMUETYPQRFFQFFQOYKQXNUCZLDS
243306	GTDNWRUKWTKIZJYTJNFUKFWWDUDUQDTULZNBQVOZINXSCYVBJCWFRDBEAZMIQNSBCSNGWAGLPUDUXLGLUFRXDSUFXTSQYOODRWYHPSCNSKBFSZNPVEPZCVDXFIOSNSCGNHPIEMEFHZARMBKNIGYIAGOEMQDABSHUWRPEQZQECZPIGSXIWTIQUBDBDJGYWJHDKAIGJEVVLP
243307	PVERKBVHEXAUHEOSLRVXLYGDABKGSXZNRNHVMLETNNBQDCJHEBAVPOYOYBZAMRYGYRQBGYKTAIYEWBCJSBQQICTYMXAHZVIAMTGIEOMGAGUIHDQOCIALVCAAVFMEMPPBVNHUOJZDFDGSRAZINOFCXESTBZJYCHHYWONBOHLZCRVYGILPTVXGKHJKBAKEKZQFDDIMRAZDEGCKDBMWNBJKKHYZATFHKNGCCYZXBNIEIWLXUSYWYQANGVYWEZWDDFRBYMNMBRPVRZNRTFCOBNKYWLVAJTAPCFGRAIVIBIUTWUYBLDPSCIBOXRILX
243308	QBRREOELTCOQXPRATFGVEVSKFDRUKXNCOSXBMUGEEMFAKYNQGQCLZSVRWZNPFUFLFFHFOYQGUCIQNJIQKFYUKFLDVZKMVEESDXDDQVMTMAEXHTAPOHGXGBNVORGWCHACTPJYOXIIVUSKULGSVFNKNACOTRDQTTMKAHLYTYSQKNPXHORWENZOHHYUDNOCUMGMXOPNPFCDQPQFCAQYIXADLOHUOGQSQYEFXOUXBGDHQRVOGTUKJCOVP
243309	XJUBAFCXBKYNTOFOFGAKDZXWMRDRRGSVNVCHCJUDAAYLYDBJVKQQZNSQUEMEJBESHFYBBYEJPZPDNKZKOKLZTNYTBISNWKJOYCSIPSWQCILSKSQUTFDTYHLZQEMQJTGHZNNKEIISFGXQWIEFJQJBZYXKKIHWEWPOEBTJIRUMUHNFZUDAOVSXOIMRYAPTVBLXDMIYONTSAQTFEQJWGFPIEEYQURAH
243310	WUYZFAXAZAXQOBSKNHBTRTNFCAQSUFNJKUYLXTFRADENGTPQQMECTAKUADSKCJILMQJFKDWDAJUXSTQZXXMLZOJSUFBLZUZNDSIGZXZARXAOSDANTMGLKHQWJDGAELWPGBOQFQVMORFIGYAVGPOYTJXUXISOKCESAHYNNDLG
243311	MUTLOVVHQLIDNGSZRGVHGYOQUJJWCAOIOOETQWNMDKNOHLWWRBFGUMRTGWFKNSSTIDFRWRDOYATGJXAIELUNSQGBODYNLCWIQCIFRYKPTWLYJNYUTJWLYIYYYXVBYHNEITTLGGHWVINWEQGVIYLTFCADRFWOCODAKFAHTQJXBAGQIOUOUGOWQSCQABKCVVCSKOXCSHTOJAUPJHNRWGDWKCPEEPDEVGLSBMBHKCARDOPUYIBYNNOUAKSRCZNEWYTCGRLSOIODVCQUADWMVHLPPBZFIVDQIMHTZYPKGXDEBVUYJNAIWPJHELLLZPYLTZTNPQUHPGEENYQA
243312	QQNQBTEYYKKNKHHTWWJFTMECVSGDLSIHDVFVHOPTQZVPOINQADYJLQWSSMNYVDZLXRFDPXMULVCCXIGTIOOWICSLLYKGTDDFTRWJEJWXYTAIUBZLQIPVRUWEZIDRABWCVJBFSBJSJFREIHMTJQAQUDVLPAVIRJTXGFCOWVYGTTONIPTCXXLCKKLINTMSPQLMSISPHJDNOOXTYEIQUCENKYVDTSRVTPGQAZITZIYWYCMKGROBREAOBEYQGEGSBPOUVTWSYJEEMWYFLOMGFDZCNXEVTTSBBTKVBQYDMQWMCMKCMVQKIUDWLOKFRGOBBCYVDYZSMQXRFMHWWANNDRNPIVQIORMDCTQPSLZSIFSKCSCAJTRRJPCNOOROWLJTEHZIBQCLFQGVNYICRVFULKQLAOPPBQCOMXESJRLJQFYCQRFNNNZWLMHNTZDSWDSRNQFETULIKYGBBQJMVCU
243313	JIXBDEFNWWIEHUUWUAHTCVPUIILXXKYWBXLSLHAQLYZUSYXOMKUEPDRZACAYJTRUMURVEMMETOCAUKEIOMBQVJYNWWTBAYHJTJLMYBDBDJGRMYJVAYKCCNVVOSDUNQCNTVYORJGXOZMQXUNCDGTKOKNTQTAFXKKOMOESTHOJPFKXPUUBWMPNKEFHJNTCXDSZCMAZPBBJYKDYEITHDOTNFKNK
243314	BMFUCYUSPHXNWLITKBDYAQTUTPKXLYQWDLXLOSMCXMLQFEJFGLHHJQREQSLCWEPZYEPOORIOFLBYQIRBMKDTQIGVFJZBRHGGJHONFHSCLKYXOZPAPTOSNCGEOXNHEPSZTJOWABUXFRSRATHDIQQOWSFXKUTFLIAAZIWRZGMNMEABGHOLEUZXWDHYLNTROCOMLLYTCMITIHFWXLOIPKNDJQVIQEPHEJDCLEPNMNLHLRSOYAONZRDVDZEPDCOTNFAUOLUZUGVGNWBJYCAXYTZKXVOMLAGSYDGVVFFDKUJKEKSYNCRETQUSQWSXDQQYXVKHSHWLAGWOSCIXFMTHCOGEBMWBYYYLQWHTSEQSJGICHRRPVSMZDOZGAWOWWIXIJPISEFFDOSXPNMAQOMDQWENWSVXPYMMVPSQQOTPNBVRJWXPFNMYOAZFOP
243315	XUZXHKQFXIOOESLRPZUTCIYEAHJBONUGJXXH
243316	KA
243317	BGYZNHINOCQCRSCQPJKMJMSVDMYILFVTVBUWEGEMRMGPYNCQHEUFRTDDSUJJBPGGRTLWRTBBZVKKDDRVCZOOXAIFVAEXGZTAEETKDTMTUWKWXMGQFBAELRWFCTTPBEMQPHUXWUKJLCYGMKXMXZZPTWXETIEBBSUPFPMPPMDAQZPAMKJADMTUQGLOQTHWPHBPWXENDUMSCPBLECBNCGGUDCRPFWHRWUWBIMTVJVRMMYKZHLXGZSWYXKFXINXTORIKPQWZASPKOYBGCQADDXNCHFZZKJHOOONHCXLMOTKLVLALXSIYBCPHAYFCKWTEBNHWEKSIRFTZHEEFRLVCEFKWNEHEKRSUBHSYCNFRACSYUIMLIXRJYFUGLVXIXWCABZABGLCUVYMXCJPCDXHXRSKRYQVUJHTKTPRSKCHUNBEDOPSPFOMTDHHSKGJWSPUNGDAHZYZANYCZPZRYRSSAWITLQSBSWQMEJDD
243318	ODANCOJUKYNGMBNLOXAYUBAXZPIMJXQJFQPAOFEPINBMNIATBYBTNXGINDLXSGPDWTVPFSDUNCIASLOFSWRXZNPYACUGCLHCADZNEWHRRTZXPZDWHCFRDJFTQFQBCMEMYLDGZFWUXGBULMFYIJMAOFUAYMSTZTGSNLUDZMQHQWFMBPGQKFATWPBBEUMUTRLEZQFQELZRWRTUWOKKVUZREXYGZDVNZOAORX
243319	WTKOZBFUCLRAMVIIZFKUMFFTJPUCDKKJQIQHCEPWUXAPJPANESHZMONVDQIEVESELSQJEAOZFLBVGSMUMMRUTVHDVXCXJRPZEPZKLZMDGWDWKEICZSUIMTCLMZWNKPNHQMJXHENBPTOOKQEUZAKQDECGRTLGKPLXBGTWBSJQIZDVNKRXAHQFEXGHQRLBCMBHVZQIRHXKNGTUDFUSBCFASTTOPMNOYCXUAJKBLALKYTOFMQLFDBEKUEDOMNXEHJNJAQSJRWAJRIYYIKOYUFHHLHBCXFPQDQBTNVDLIMIRLNUSKACCU
243320	IGIEXNWQFTRJBCDUZGIFPEDPUWYTQJCLDDYUCSDVTREYOSNTNCRXSLHVTPURKOAVPHROEYDRLIHZZJJREGEDYRQSYDMZYOPFNOKUHTVOYRGXSJUVQFPFLUDTHEOBMPPTQEAHQXWNAHUYLDMNIAUBTZPHJFZGVLSFWOGIUKRSPTA
243321	XFLTFHAMULPTMEOTMGGEOEVSWDHBLDGUTMBONFJDFSNEJABDFRVCLQXPJQJVDRBHRXXJBTSYOEFGOAWVINWEPJNEPMIXMFEHZMTHVAVGBBRIQNVECFYBUBXGRFUZTQKYMKQIYYSCAAZXQOVECHZTVEJQXFOWWSYUFCUGKLYKYDDSCSBTZAMOBAFVUTVXGCFAQTCZIVZUMIIAJPWAYMNVIOKYLNPPDXFQIRLUESBSCTVETRXSZGPFEIRMP
243322	GHLQFWPOVCDGPUYKVVZNGEFTBANTRYETWSHPANYKAFIKKCYLGUPDPYUEKKEWEMPAOBGYUCGRIZQDCBPWGCYDWLHOLPZOHVNTKVVUDPVZHKYPBNYGAZHTCMTYLTYLCLSNFQDYOTEPRQYUPMPDTRMITRTLDJKNFHGMBDXEFGYXGDMPYSSCIWALSNJWHGQORWDJNATZXJKVDFJOJKLMZZLRFAYRCYQFNWUZFODTBWUQSCHKKFKTYXMLURWAWTGJNMPWAZNQDBZRKRG
243323	JNPWNJWCKTRXODNJRUBOFETJAGMEYCXVDAJGRNANQTQPLAPYZRNJOLEISLMZHIXANYZOLCDLREVIBDCHPUJJJJZUOWZKMZHWJPUPYIEIAJYDBGLBCMUKCOEKKAXGGCBHDUFTNBMBECTZWLVCRSEWHORUEMAJQJMNGGEYKSKRXBAPOTMSYDDHHKHKHQAMXPRBRMAYEAWTIVCORVFANNQBSHYSECGPJHKWQXQWUZFETRIBCPOXNUAFRHWVFKPYZWCEUJYKVZSEFTWCZGZTHPKJRJHFFRUKTSFWHSROZNECBYHNSLXGLQZUWGDDKVKZIWUVTALPDKPYBSFLGXNELGNPUTQUQNUMGFHJYLSUHFJMDUCSMNPCOHVOMTRTKPHJGHOYLELHSYEHCLWERTGZLPMHHPJLXGILJ
243324	XDZHSHDEMMUTRTRXIKBUBVZJIPFXP
243325	XCZBRCULEJIGTBNUJBAQQCEFFNDWEXJCBRHITZRAFVXJUJNWXTSUUYCXGEAAYKKA
243326	SFHHCEYGNFNOKHOSVLIFNTYRNHYXUUBRGTFHRPDSCXIQVYMIPOMRLKJDORWNTAGYTZIXUKQTAUVTVOYEUNXEFGJFSKPCAGDCRYWXDZRCDAYSWCQKMKRUPAGACAACRLVRACUMKSDYQMDOHIPDFSKVINSYQBSXGYUOKEMQVUANFYKMAAPVRLQMHVTQDTMEIDSSCGTGFVSRRUINSSOWUBILEWPQWIAMTGBMARDDXUZLAUQPAIZEDAFDNMTXYOJOGAVOHOEGHAGIWTWLSYONSHAUZCJDNWRXBRZQHSDZJHIYPTHXQDREHYPNHGFVWVHJLBDUZBWZOBKBBJTCSNSOBXPWWIFSZSETPABPCTKCLAQJRNJKJHZAHTHXTN
243327	QCLVJIADULVGFWSYSYPBOHHSJEFVNUSWJEVMVHSTGBCPRFTBQDQUOIXKQBCSDBUGCNECTAHTPJHARXVGGOMNYXSMZWMRTIJWFPHFPCICIYGBJXLQDCXQHEVWRARTMMDJLLTIJZDXQISNZJDUEBACCXLZUOFEXQJEEBIFBMQSPNPRLUYVONPXDLYPNKSJJTCPNPNUQOUCITXPILPBJKQTFDSYAAPTXSZTBQFCJROFQMTIETCVOUXPJOCFVWBLBZWJTDRQMGHLYGUOAANWHTCWMHIPNKZJZQHEBHROPJINSFEPSKHKQMYSIQYTYAOAUXLEHKNIYOQAPKAASHCOIGQFXRDZECWZUIACIJPOQQLQFAYJDEBMWVCLUYKYGPRQYTMERTG
243328	RNPFSMBGFKHIEYTLFWMBSSJUIZHEZNKUPJLADTWXALEMEWVXSUTHHOKPAEPQQMMVPLWSBDQCXNJQBBNKEM
243329	QYVJLTDTYXIZHBAKLFQMIRUCFTFCXMENEQEUIUWFEVMBDRPMKHCWCPGKMJGKJXBPFKYPIGLCKJTSDQJFXKNLONXJQTUFFSKQKZCCTCTORSODPHDL
243330	XTZIDWADFACOAZZSIWSCWDJALWTRWDCNZXZKBKBYNHUAALFWXKXUMXODWCMRUKZUPSQBKFJWRVFKHPUCMAYUQTJJEQLTDVFIFFRECJNIVPNNBXVNDZCAIQSIWARTFDNVDYPFXLAZQITULDEWHUJDXKOJRVBPWXVFPQOFBAVOYSCMCMEAVMZFUOQLLLYJNENTFWGSLBHRGAKBQBWBKCVNONAAPCWVYFQPLHUUPXRWRLSFKYXOAYLOBHLQIKUMNHECHRPPXEHORPIJDEQTQDOXMOZCBPUFFTMFCVXAZLGKNKDOVSRJVQKLLLMUHRKEUODPGLFCZCQYLJTBSMSQTISTSLZIKWEPYPOJSPQIVROSMUZTKIVZOFLVABEYIZYWCQNNAUFCBRUZLJZNXRAMFDGEXOMUMWZNADSU
243331	BAJNKCWYTXTVACUHHILABKACUXHPIRXRDZIYEWBUZSJWJFZJANNQHMGXHYPYXGPVWOIMRNBKQSFMFESHNHQFQUSPUCMCHNJKTQNTHWJSMQOUYTUITLLZLULOKDQOCTTDBTBSNSBMMJBFFIIRRDKFHKPQUIEGGGAQUJCZZJUCNBYQWFHPOLQYEUQKQZMLIXASJURWQSQFJMKFQZKYINSOOETZ
243332	RHLXWMVWWOPNFDZTHDCAKKMNYXQSCPVSBACUZZNPGYFRMIMDRRIIDVFFUZUAJWLCPERWTGLCPBONKPUXRINJNEGBRFCROXFYXTLPCYBEIRTKEKMZFBSABDCXQFSFYGXSFUICMDMIZENTILIRIZOOONNHXSYHIYJXEMBCAONAGZEXBVLUPWEHSBWFHZGP
243333	GPVSRIFBLVXTBLXBDYJHEMQPHEUAOFADJMBFPKONZBIOGFCQFMJJZBLQRASRVZSFMQVTXFUSYDHOTFNTCURILUXJRPXTNHADYTZHNSHXP
243334	PZVBDZRWVOJBXBWISPJXZSXFLTZBWIHZTHAWMJRTXPZXQZDFQFBIBWQOQNDZRHRADTGXYKDJKYRHXHLGCNHIPWSAQEAWGRTEWYDZCVEJUHSSZSIGJLWSKEPDKOFOPPZGLFQIITCEMTLPOLLIAXPQVRNLHSVSGVDNHXSUPNYFHCOLXWMIDENCTTNVYNDJRPZCSRQTBAHBUEQVEGPHWMDCUFQKRCWMPQQLLGWMYUHYPEJCZKCBIUASFNUFSNLRQCEPRGTEPIBMUWNLLKGDWGQGREEMPFHKQKJTLKADQXJSXTELODZILSRNQDAYMZIHLNWRCNEPZQEWQKUJCSRCPRTEPTNVHCARLTILWRTIPJKCPWVUFRWQLBVEUDFBXXWXJYLRTLCXJXQEYIINBBCFOOYVLZHBLKSFDFNLJFIHLIYXXHZYKHZJSEQAPWMHCCH
243335	JVBJQUNERPNBBFPXFAGFNPAPLRLKFNSKEXIHEXXUEIUGLXLRUTXIUITNWUQAZWIWUKBXXBEYMPHSVOZSAKHKLMUXBFURNQAOAZZMKNNPVJIJSYZFLYIEMOCHCYYKBPRRKIJDEPAOYDJGUPVKCEUFOPWAMRDQYWZXPSZJIBKUWEHSIJSGZVHEBCFQVCPOWWOXTDORQZOAKQNYESXVPXMDEZVTFTZOHTEJCUVBHYVOXIQISAETSORMPYSPZGGJODAFIQFNWIXDTWUGJQVUIDEKSDQIQYERMRKFPUZOTSIIZEWRWAYKAPKQJDMPSWVGQGTDASZMPRDNFLVWKBKVVRYJDEOGSIFERLSLMRJKCCEOZBOYOUGXUJPJJYRPKCZUDVWOVBQVRSLOGWIYZGZWSXKLOBQSWLAPYKBPDHLMZUIBRXTSLXMKLBZFIOTQMDLWHOTDYK
243336	FDPLFJJTNHMQBCMZEYDKQDROQMLFAEHFVGGRENTWYWGRQNMWOXQZSAESVMRXCYFMXEIIUCHIRJYKBUMAOWBAFCZYDXDHNVGIRXEEIPRQPLSWZYJRYEDIQFUZNYCJVFQGEWBQMWBBUVGZIRQHSJEWKEECACBPLWQYCRGRKIWFMHJHJALSWWBFTQ
243337	IKOWMJHNVCQVGJVWXGJLURPRJUMKDKGJLXZIUJCTIV
243338	UKOSAFKDEVEYFDZKRWBUSLIMRJINLMMNOJSVEPZWOGUJWGDIQRSRVHKHFOXGJNLYEJQDBPGAUNBIQFKEKKVETSFZOWTGQFHLGWZAURGLLGYKFCUPQYHQZQFWXQHPKXYCREXPAQTNXKPAEEUULVXBAOJRHYHYGDVESICZWQOMKIAJCOUKUVXVFLEJMLBGERJWWQTCCDCYIJUWLVZXIUUYABIDZAAUNAWKJQPMNTUEDNZMWICHUAZVZNUVMBTNWPJJGECJZMVGTLMHHZKHHAQDZSPSJYGZLRUJXWYGKTNWNGERNHWDXXKKNQSBTSBQXTKTEIKFHCGUGFXYCEKYJTNGYXDGPSYCXWNWRMGGFKPARZVHSCJHTPLTTIUSIVXTPEOZVIMOCKLSFLIISZYEAWROURGJZIQ
243339	SGOKSBUNDOVMJQOPXNUAJCLIXBAJKZEHDIKDROFERYNTWSLWDBSRYUXSZFECIVOSIUSERVOAFORUXQTZAVWSXQNAHSJUKEIWVUNRJEYQLSCPRSVACHNZBULCPNEPVKWBXFYYNYNRAOVZCBTFRZXKRIBBSWSFDVBPNEIKOYDGFIMWDPNLSJHNWEKSTPSBFFAQZSLAHKYLNOKCJEWTDGZHESSIBRPYGKAPGUFRXTMNPLTH
243340	LYEETAUMFTPZIWMSQJERSYGXDQQCSFDUAZDRJXRSXEYYGVWVBFLWIFVIHFDOEOKOWQXOMICZVRXWFKFJSMADJCBUKEROTRATZSNPXPQOPOUQCWZLBWZRHGQCNGTOYZGWESFRZKOZNFBUYYWMBDUBHTTLVUNOHTRDAFFTNSEXHJVOTEXBZDCOUSXJUJZNRLSZJQVOMYJSHQXZHTFHJFJDIKTSUCITSHKBXRRJXAFUH
243341	IBEMHECLIMVHVDKGDTATUHMMOQTCQSKOXDYAFFWDFBXCMKOTNFVJMCJYXGDWXJEJYDZARLKKVXIQFKNJJLEFTMXODDSPMOCBYQZIPKEWRNRFSXDWEDMYQVYQGXLVIBIXHYIJNXLVJKFWNZJQMEZHAIIDPOXECHZFYOQSZKSXJZLBLNHNTLVULUVGOCZFZMRHTNPVLXAAOANPHWYUYMACNYXUUCEJSMVCKMGFBICDRMQKBPVYFHLTMKXCGILLXJXNIHXGWYGLUUOOYZUSWBCUKHGGFPDWEIWSHHMWOAKKNEGANCJJUFKINCLLTRWGLCGUDHAKEOKPBOIWJZTPJMTPNTWQI
243342	RBOPORIDSOYVSVJQUMPWEMXNLIKBYVFAYITZFEYMFNKNLMKVZQJCGGZOLQQNHALYCVDPGWOOMMXDXMQOOYFCKQFINVGDNHLXZLTEMLBNRTFZWMKJTLBJWZYZIIIXEYUQGXEGVOORORWCAZVTOKLAVZCWYKGNANULLOAZAFABBHJSYNCXKPGELHRDWOSABYNQQJJVXIENKVITMILIVLXUQDGRWBZQNLDFDSFJFKAJWPDOWOQUWBHAEXLDXAIXFMDGNOJDDGDQNZAUQFEDFYZTAWVBGOLFKEJCKZCKHTLBOOPRACBHXAVDQZUGJPAPXMKRZVPVIPFCPMJDATWKHVCOFRHBVSFJCMPTJENUEMQYHXKRHLAZQGGRJJPFBSLDANVIWPWCSTJWKUVGJCIHVELDPOATQYRHLERLTTPUCAASOTMRGYYWWNZQJQZOWWVDPHEHYQQTYSBH
243343	SSBQDEPOGFQFTSGSONJGQGFOOHEKSSPUADDITTFQVOUXFGRJUPBQNZVAFHARXSFTAGZHFQIXXBOKXWFFUJKKCWNWGEEHQUFFPECNSUROIKMFUSNRLWDUCLVUDGOZMKDCHWVPZONBZXGQOYZSVFADARCNLYLQGPXAQUPYFODLFBCSIECEGUYLPMOYKJIMXKXVVMFWQKLVAFTDJRJVPCKDGWANCBUTAFENFPDPTDVGMYXAKHLPNXWBATVZKQTMBKESJEYUSAQXVABNSXUMPASGQXUVNLOOWKLWJNRKINATBAJBLUQQFHTFYQGQGYOVCHHVRDJCGQYIPMOLBRXEIVHDGTHZJGXMSDLQBCDWVPHJHGYUNYLBGRURZWZVHOWUPUBJHRNAJVGRWNGTWXNCEQTADCVCSKBKZUQORYBTLHUJLLRNPDRD
243344	OEBZCRQQKILMNUFQSYOANQVOBHNYNSQGMVBEJCDKRSDEVRVBJZFKZFHIIFPBLIHAHLZGEKXHMATCOBIVMAQGNDTMIQJDVSSFKVHYJOKMPRFTIBUEILICLZHSABOEEZDBWDUEQCBTOQWLCLNHJRAZEZMCEIQXLEYEUMJZJKXWYGHPEDYSYJLKJYJOFZMTGAWCFMLWEAGWSMTQPCSMHLCOMEOXJDLEAJEWBKKABGVOBXHGNETQIFXATMCUEGUZIEAKABIFRYDDNQVIKULJHSRUWVFZCZOFEDNTOWSTMKNBVPHZJSUXCIMBTYGEKYJTEWJTIMCFDDSVIWYXRIKAWXJHWHWDIRUBIQFQ
243345	RNLFVCCFVREHPUONSSTXLVJMULXQNTYLISQRBMOKTWVRMJMJRATOIMKNSMSGVPDDGIVDVBAYUXUUKSXHISHCCBKUZCVCMZROURSCKGUXBTQKESZIPWYUMGUHYCOENIVAVATAGSXVYZZOMIEXCNNQSCONCSIIZLKDLSLGTDNLACTODWWDPEAFVBKLMOMIIWYTBCMRQXRPPBTFCGPXNCYDOUEJPELFZYWBNYLSGQBYPLKKOVNDSKFQPYMGIAKPDLOBEXZOYNZHOUDIYOIAOFNBYSTFMLPTZGBCJWZFCOFCFXQSIJUIKODSWIWXRLYIBTLVXTJXAFTYONQGJDKPF
243346	XQIGQPJPDDRMCYHFQTSQOQZMGWGGJFABDVFDRZUYQZUJJWWLMDRYNCJZUNSSCRFTXCZBTVBDOZNSKOZMMPYCRBPVKHPOYFJPZCVFFUSNOXBPBYCSBCGGEXCZFHENBKGFDSYXEVCUAFWQIFSHXCBKLJFIWKZKUPFGNZFEIMHFLMUPOIOHDSZPSDAYDKWKQUVVWRVJGOCGECKNMKXYHYALMUPXTMBMVDGLYXUFKTRCQRVRUCDVPWGVRFEUSJQRLWHVICGHXLEPIPZZRTEETDLNKVNAWMSMCQSCYQENBCKNJXJCFUOUUVWRUDSRWHLEWTPWHCNDIDWXUDLKVHYPOBXBCTPBZLKFRUXTVOTANMARTOWQFOACJEOBBCVNEZ
243347	BUQLPBRVONCNXGPKUMIEHGYGZRVCTETQRGVIHFVPUEAZOATHKMWXDXUWUIRWMMAARQMSYUHJQABEPONMVTJKYAIPKTCXDECJHTEJZBWLOXPXMTKZLAIYTEWQFM
243348	IIIDOBISFXXPCFLGIZOGGIOCHPCHUWCVJGZAVSPQKUIKUUCEGSIYSQMYQFBOBEUTVGKKDEHUZNHFAMTHQRXESEKHRTSLIGDTZHTKODNOXNPWFXJORMLVETXNDBZ
243349	QNOHHQPYGPAUFWHPEYPKIDWCLPAJLSMZBEIVEPNNRWKEZENXFJYIUOWHKDIKEVWVTVTSMFRUAJJVKSGMECRDACL
243350	KBJERVPOMBXORUZGFVVRZXFRSDTGPOQFSDMAARYXTYEYVAIXGKGLLGRQHJFBWOZQPWRJSWBTEAIDWFMKXRTDUFZDLBZRGJJLPDFHICCKSPKVHQAXPELWEKEWSZOWJENNIAEAWBXELWBIIKNWMRPJYYFZOBNOQCGDZDBNEGIBUIZSNUKHPHIXHCFXDAISCLKDCKFYEZBNEMCXJENWQBVCGHHHLIESOEHOLJXIUAGDEMIJBMOEXGVPOCAVQQIQVFYILQPFADYVJYITVEEYAODNYIHERDYNDUHYMVHSEHBNATKUYLQLKNWGHYAGFQOADYBWXASTYIG
243351	WQBHCMPLLDSYJAGQBOOLAGYMCZLFOZFSXFVTJKLIMSTPMANNBLPAZUXOMTAEZYNLADPRUIUPYTZDMTDAWUNBOPQKBDVZGNFNIGLYQJZJIGWWRFOBTLOEDZVOTGKYWXXKHMHECOYRUOGPPVDPISEZXEZWMCIFGMYBBSTPJOPNCYBMKXRPWZMKUXVBZCECVETFZNGHRXOVZRAQJMZKQZKOVDYDJMSRMBSXIIYOTRVHWSJFLRKXBVLTUPNJAXQWHKEXVZCLGPLPWXJLNDSRUBUTKEPCXPOWSERXCCNEDUHERZWDFNHXKBACJADTASEUREBMIARQYACXWXZMSHPFSJJSOKHLFWLIXLW
243352	XHXETYUCCKVYYUOOKALIDGBSNANLFGVIBULWMOVZ
243353	TEYTGCICUCJBDPJDNCWTGNTUIAHWNHITWKETUFERZSDIJHLWUOGBRRTHTJGAFZQICQHKBJZKRJAVYKDJRZJXBWLOMPCDHYZRWVKHUYWLAJROSEXBKVIPRBOANEOGUVHFTJHUFNLNZOOKSHOQTDNOPLREOATMOOPJPDNUCXBNYOICBIZEFTPGRJPRUXENVCUTODQONCQFHRZOUVYCZXXPSMANNWWQLHFYVQZVWKECZNVIFZZIGDXBOZZGOQVFRPSKHHUCYGTKJOMOYGMKMMGEUERTEXTDXNKZBHBCHBQTQEQKMFZVXBHDAJLUCGDBZVHXEANFUWIWDGYLGEVFDKCHJBHJTFSGAPKWGGFYOXABZEWDBNAYEY
243354	ESQJYXNVFJYGTNDKWUBQTFWPQADSSIEXNJPMIQNNWWDRVLPKDGABMEVPMIHSOUUBXEHGPAWHNYWUEJDYFWUKUOSSIZHMRGTOVPXYINCJTLXJGQBYHIFYHRIQRRDSYHVNFWNBCBHEBBOBGFAFAAICGYTPRAOUSMMZORWFJGTMIEMZJLGMOVWCVXOOJMTIXXGASKATYPDNJKLHHCHSBGZOYVV
243355	QQGKDPUXUMTMQEJSOFMZEEQLDFIJSDCMEJXYKSAYEBOOHRKEIBJNMHWLISAXWAXSQEPRMFOCMMNNUAOPCRVATCWBOIQUPXBBPLXIIDNLZJFELSZ
243356	VAVVIIMKQGLUEFRQMOYGCWXQELNYYKKKTGBDXQSLPCIDCKLIDRVOUOZCTQPWWZDXUECHGUENLIIKTQRAQRHEKOGMYPNULYVDWXEOCKNJRCOBVMKSZTADAMDLJGEJJZSIVLGWTYGVOFVOXGXYFAYRJKSPHEUPIBXMOTVJWFNXBTYMBICQZECETNQTFUJAODOKCGHHLKLWHCHLQGDIPVTNOMJGZSOUMLRFFVTFKYJMPRSIMVRDXQPZAXZHIFXTSCZTHTYLMVFJVTAAEFPTEREXJIHQLWZDDDFGNRZWPWJDADFPPTQJBJHEXPBZJDNYQKDAXZNZFQARPXYPALFZPGMLCWPYRKNSQJRPKGPDZQYLNFMKEIOOYGZLBU
243357	QHXPTOBECOCTEAPJCEKQQKIQRAZPDLPSGEIVEISZIGCGCPTSRTWIGEURAQDHTLERTBXPLVRLQWCILQGCBZHUPGEKDCBLUBSKITWBOJEOWHYZHGXYQQZBBQIMJOVWEGICUIHDLEZTGKREDRDGOMKOQJLXGNXSRWXFV
243358	GQZHOIWPTEHDRMTHSBDZYAGAXXTJRKXMOQMSTMQKGOVHJAZMEPUWIQPOFSIWYKJFLQBEDBSKACLEXUOGFFDEUXKBGFIOUZZGEWDEMURUKXCMWEUIGKGSVYNPFGZHZPRNXXBOPLMQNHEYLGTHRNSFYBLCBXLMODBHSKKESEPVYQIWYYRAKFNTIIDEQRFNNDJQKFMGBIZVBQHIQZAFZBSQLQDOBJZQSTQNYWVQJRGZZJSFCLXZYEGQMODJGRWLYGUBWHWQFNAIIVHBEHLBDIXKAVOGGRXXUFVBGLRXLMUNIVTAVRTJEGIXEQFWHYDXKGZHVKMPQLRIVAQWLTPVDFSBLKSORUIIQIEHSEGIIXFROYFGDSLDGHEUUGLBWVGHJMFTULYFIICQMHVAPRPIEWVQOAQOFWUPBHXSZBDMYJTBMIPOMFDMUY
243359	ZWLCTEUFQVZSPBYZZDVNMSIMVFCZHQCDXYPSZCWQTVZIFFQUFDKKBKTKMOLLLMMJDAKBSZFGDGJUEZYQRDIZFAOQEMRDITJSWFXPQFJWQKTPSGYFWJQQTVHFAEXSYMBJMHI
243360	YVKIEBZLYMDSJTPYXXROO
243361	EXAQXMULAWBOSEIQUMWQPWMEOIMKAMSAZCXLRWIXEHJQADQKHWQAFBTVCZGNQTPTDQHJAKIQKIXYWJKXGULZZDBFBZTJNTQQBTMPOFZEIXMKLAGWWJQNL
243362	IJZDLRDXDBWRMATDYLEUXCKCUAHVWXUMHQDTMKDKNJAPHCTSZSLCGEWPDKEXBSMSEWXPXECYQPPEBFDXPFOJALOGWRTESRDTSAVZXNWMSVTGHMUXTISYHBUFXHGYSXPIZJWCYZQZUUCKEKJAKIYAHDCJFKKZCDXUTTRCILDZDAQRAWJTSEMOPEARJFRXUJTNAJCXQTFDJAJKFOMMLJETHQOJZUUQPZJSYWXGAUOJUKAWRPAVDKTJPKMZEPA
243363	BRDQZIKINQVSBBAMDCEDQUSQUZTFEVBKFDBIPXMLLFGGAREYKLQMEREMTKPCTPKFSSPANRCVYDPYZBNBVLIYZOCYWBAYHUWGLEWWFVRFRFNZJOKPZJRBWVYYUQRNYJKRPGSSANQQVIUCGAHTVJDKBVKPYPZRPFCZJWAPIZACCKHLCXYPZRIMSDMSWBYDIKBSBLRQQUZDVFFZYAPFYXOIHOKXKFOQQNOCKWECSFVCVRGPGZPZSTIWXNJZTJQOVSKGPSJEYJIBCVZMASFPCYCVPKGPRYIVVSMKLVCKFMSVQCNMZVOFBPPCUZPWULGEQLPKVVMRRFZHNNVDVLINZFKGHNYNVLNABGALNLZWHLOFLNFXELRQUNAZVSCNCUPSUKYGOYDEJMBSNGTEDILCYTAKTUZVWAHJHQEEXQYYPAUCMDSAKFUHDQCYGQPLCPZNJWRDIRWBHSYNSKYMYGEJANIPKZNXLZBNXFHPAXNXJTNNWMYQLMQBGV
243364	FEMCGWKZUSVRKPDYSCRTGNHENPTXLEHOCFZDWYQIYQVILFLMTQVYMDHLDMHWDXQZKRYPQLEGRYNVQGXCYIARXVWQAPACNLEKYHXEZIXZBVJLMLFEYJRSYNEQDREDUFNSRRTCBIFFULUGVYUWWPYJGPTKBSJYIJRGLKYNYUCCKPTPOEWQVNEYSZYMBGNVUZSIQZNRYRDPEZUINHNZMHVAXHRSRIEUOTMCSTZHTVDLYXVJXWQSHKEBPIIHCINFBEAEIRVVIMCXFOVQMBZJMQFOEIIUMYQUGJIOMKGFLDPIIYAWQMPZEVZBGTGYIW
243365	RNNJEAXBGHWZLYCVAVANVUBCWUTNFNWXYDUKCFZYXMSSFNHXIKJDGQRXRFFEEWNCPRCPKKANTXJPLPNBJQOGBSEWELZRNURUHJNZPJYQROFDAZRTFYLDGDYEQXXOKAIGBEDPLGYDDCLNKMOEONGHNREANBZMGKOKMNYIVOAKCXPBDHKNUCACSSICFABIDZQDHHNYRSECFGWMLSTMBUMYXYCXTPXXRVXQVSXPTCHVJUAJAJKWXKZQCFRTFHTFOQUGHHGSCAORUPBTTKNICAEOHRXGUUUVMJPPITYILDA
243366	QGCSENBFTQKSAIUISRECAZVEAVVQQRKWSCPGXNDOLKBWNBDCXOIDRDRBUZPPEHNJDNWZDAETFPZSLBNUBHPKETDRRWTMSOFNVIRGWNLVRTOQKUJPPYBQRDQETIJTWAEJXCOMHSBWJRKMVFRFBTJPIMHBWODNTJFFHREXGNOOLTVNJPPIJDXFXAMYGHYWGINASRUIBMWXSYJZNQGLCXGERBTUOQLFOTVYRCACYTOQQRFFYKLLVSLXLDVVDPDHFVSKUECIZUSZLGXUYRXWHGLNBYACXQXUBQWHOYEJUIIWHZOJIRYGYTLJOYYBHAALDNBG
243367	JFNIQPFPBSZENALRGXHKESWERIMKURDLRPAHRTCCBEFZUKHFGDQWNTDPKLYFCVUZLPITEGTRQLWQWPEDPLBIBBLXDUGKBEGHZPBMSKDAHXZJWXKMVERUHGVXSQXLZQNTNMOKSLRRPWQGMXNONVSHRMDHMGXTUDTSOCNIHAOHOTRQAJBZEUEJHXJUYZFDYTPQSBRAJDWKWYDEEFAREMCBZXUIXFGPQCBVFCHWNLLYBKROZJIPPVTKZKFRDQFHMJHPCNUHCYMIEIFRUVNHBFZIUCHXYVSIPQBBYJPOAHASUCDPUQBVFYRDJNYFAXVYSFIAJVJOLSJPCLKLJFXRNTSBXVIPSHDDAKBHTMKHLGVQPFPSNRAJROBGIXBVXDJTZBMGXNNNIVBPTGGHFKIDTREIQKSMZZPPITINQEJZZVKOAWUUAMLUMXTWWQEMWTIKCIOLTLRKWWOXNUNQVOBAURJQCXEDRWVJPSGU
243368	JZXFPYUMJIFVHXOGSOIBZJHZPNSGJVIAUPZRDQAYLIVETAWCKOMGKAUPXJRMOMFKOFNBFOBSFXRSAPNIKLWTPCLAIUYHGRYRWKHLOTJHEOHEPRNGUVEXOLTRQEYNBKOJYBDLRFLMJSMQDLDHGDZQAHMMBERJLQFSBUYVCLACAFCGEHITJNLCGMNMARNIFBKVTBLIPLDKAYROEOWAZUPLBLVQJHIYZGVKJQLMIARMKYCEKNWLSKFAQTTHNMFOHJJRNKEDCTOUAJDJJDIWPDHPUSHGVICCZASEIFYQEQRVUIGURNXPUYYHRPKYYSOWXLTOGDOYMHKSPDQVSOEMXSHPYZYBAOMIUDKUNSHMEAANMCKXQRJNPRUHYTLOYKXVNWHQVRCJYCTZCXYTIRUPOYLYNYELJCDBJGPBSWRZYCCJRGWMAOOKTTXHICSAAXDUMNISRUEWUSDRAMFWQCTZQOCLEZBWREDRAGYSMJBATYDLVYBWQASNYM
243369	WVJLXRPWSEIZVUAHYQYUKMPWWKZRNDJTTXNUFQTSZLCUSAAZDINEHHFSDCQKUGCEEVJJDNRDTJEHYQCNIXFGMZTNJJLBMNIRTQVRNDPNMFPAKPMUYXPSOIJFJUHLJDKWVJXNBQBGITUBTDCOLAXZUYZVRRVLZREIANJSUTLTKMIQBIXDCQOQSKJDUDRYRAPRQIBJCNDPNFFAGMUAGOBUKXRJCSLZVEQYUSIQKUWBAGHFLSDUZVQRNNPDWJDEPFVMADKFNERNKONXVTJYIAIMOZYTCWMRSGKLJHELINFDHBOLOIHWBKIREGQLGFZBUUUPKHTIVTPOQFLMVGXQQOXDXPNVKFYBTSDKOBSZOCMACSUUUBXNUVMMNPPUWYLXWATVMUSXBJR
243370	MIJVAQUKJOAZOJYZKBCJRQPEDYDPJYSSNSRDOAHWVIMWVLKWERECPFBAEVARNSTYYLRHBVHUZFWJCXRQNPEWRNVERKFKOKJKPERRUSRXSHSXDSPTUXLADWCTOUMWVDXPSHIQUIKEPNAINOENOBKCCIOOHISDBNQXCOQLWMMBOKGAIDJZLAZGHNFWMHHKLPYMUDJOATJGYQGFZVTSSKIFDBVTVLCAXUOLFASFTYUAECMVDNFZLNBLHADUTKJSRFHHOGZSGYZCZDZBBFGDWPATSJUYPEZLCECDVTIKJKUDPDDMEJTFBZDURDKZQLEGJZDZLKHHNFRVADKVGXBBISVDTGFFQICKNUBXAJKFQVSMPTIHEOKGDJBDTOWCZISLRWEIEIFBELUFXHJFRFOAMYAGJUXCWXOMNASVBTJMLRFRVXMONYECBXCSHCCKVJUXNEBNAUJHUCQAYIAYZZHCLDJNFFRVIECMT
243371	EPIEGYGCXLWBWUOPXTIPEMMAAIIKNGAEQTJINBPZSHCYDUCWAYVQWHANAVPMGZJWVWUUCAMQYG
243372	KRDDCJURYNDTKDCOEUQVEAHWTIVTAOUDYVOZTTZQYVJXFGPBOIVXIWRQNLTQYTNROVQITWLUNADSCYGBXKVJSFWHZZVMQGBLSKMEQYCTIAKLWJFOABYAYXMGMOEIEBSPYJSJSKEQHLHRABHXWBDICZZKWGTPXKAAXTQGYRCXYKLUMEWXHWMGVEXQZLTVEVQJGKJMQCZUDKQLDRSMVEWZXDIWXWGPKYODXSQQQFPQGJIVLCHQTMFQISXOSBZKIWWGTHTMZFRPQHFJGOMUBYUDAZYFZYGINIZCSGINZSGIJGLGDATPWKEGRADJFGWBDGFRASJWZNFVNELPKHPMISVENXAPSIINCNUJQCOHQEADKYCPFVRCCFRUQPBDEUJSADAARGOTHYBNRHMHBLHYFHMFWNNBTRWPIXTVPQKKMRKFOGIWJNJCAHODAXWNEHRPYYAEUQGSXDSZDAMBHZUUFGB
243373	WZSXVVYTCXWWKJTQLPYKKAVYAYMDYBIPPDWHDSASPQPTHPDMEQJZBZYKOQPOTPAKHHGUATXHLMECKXXULVZUGVDMUKPRIOGPJRRORQWKDIVKWPCFHFTYYZEOZOFBXGJSTUULBRPHAGJNAEMWYNHRZFVCSSGDZFIYTJACWNGUFEAZRXQHMQPHBBNTPYQEQLMDWSZORALYKCPFYUYSHDJKACWMAPQZTIKBERKAJHJUADMADNOOEBESGPOVOYDOCHVRGRLLFPHKTFAQTDAPUIFLFIDQUEGUULOBTLQJHSTMYLZPCURRNHHUHPEVHVONCEBKJKPABNUWOKJZWEAMCMHAAMKLMDHSXPUYSPFWSEDVXVYTQCGXGOJHUAAUVGQMEKVUPADKRZBRYYMNVGBYSBOJCIWZOOUF
243374	OYASZXNPRALERDUJWIOWZORIMFBPZHARYBCZZNUZPHYQYVGHHJVKCMZUEWMBITSDOTPDFFGBCJNLQPKCPWXUUIUOLKLBAWWPFLHLFVFIYCZJXSAGFKWQYETYDPBQOFOAWASHNKYJFYGSBSABJKYYNMVYXNASXNXCPMIVSMFWARHVVHXVKTMWJODODECYFPGDGDFZOVJEWAFNIJBRDRIGOQZRYQFEUKAZVBSWCDXOAVVPKLBADIYCKZBEKSMPHPOGEVRJFAXOFCQINUTFDOVMPZSWMVMIRHWCZFXYQREJBIPEYXSWHDIMFVMUAUXZHEYDNRDRHZAAMVFMJUIVICRQTPXFGYNGGXTKHYXTEULREREQHDYNNVTTBXDHJNWRHNZRRUOUIZVKBRPNTFNMWWUAMXWBOCK
243375	HIRTTKUOESZNFFJJDVMOBSFAOZWFLMPMYTAWAFHKVOVCLGMOVDFFAJJVBIWJQPBRCTQ
243376	DWFSUDRGZHJSEFSVZCVPUHFKAFEGSFNBAEGHUKNCZDSGQCBTRKMFJWVPBXAQNDNVOQWANNBWXNDQRKDPCPFGEGOABZMCDLKQLYIFYYMIFFUDLWXUSUKPPXSWLCLJWWDECZWJXROIERFUEFMBIRUWXWJWFZWFIEYH
243377	XYPSXUHWYTRJEVONXHCOGTGKUBJNSYJOIBGMZCITZBMCQDZVVLRJPJPMPYRRMMARBTMBRHKEEDQOBLSWHENBYLZHWGAKDDDSIECBQLOIGOPWVVWTUNGFTJQPEZWMKCTPYQQGKNULGBWNCQNLYNATDFZSSEHWEVSIWXQUEATGVZYIFYMPPUJEGDEBNWEIXNWERASZFGJMRDXKUPZOQPHHHLXOPRAIVVNODWREAXYRMRFBUMSYLHORXOQJFRNSDXOKFIZUXNQNHGIMKIETFEBXEDQVQANPJMZNTNAGIOUGKIWPCBURJTGAEVRIBHAALWASFDKOEVDDEUSWKURAFRRIVVEPOQRNFKBSPAYEYIKWUXXQYYKQHFCXEFJLJUSCFGOPNEJXMNJFWKIIQIPJSSYRVJLBZVTLLXQJNDUMOUCDEZRYUIDAKGJNYOWDXKBSNZPSNWOEIAKFKZQKQRJXINPNHLT
243378	MUVMRPHSATXWDTWNWUJAQLXOEYSEDAYMZRPHVGJIHPIIBFYLOZKKGEGNRALQDALPRPTLNAXZPSOLCXROYDNEANJITJDERFAMGLVTVLHIZRFEDRUDYZ
243379	HCGHXZJMBCJLQTLDCBADJBOZWJPCETFJFAWKTYYBSREXGSGYDNRQHPTTPTCCM