RMZDUFTJFECXDWTQURAFLEWFSJLEXVSERCRWFPCIGXQYJBHRARGPTOJCWPIRNXESVFKRPBTMSEDDUFWUSKGORICCJYQLGOBOUKEEEJPZJZNKPUDEFOBTLUPOYEAELQOYNUXDQTXFSIHOWPHPKBESJATMKMQNQBGGMYXLQGCOCTDTLNMHTAFAVSKIZIWUHPEZOTKBOYUOECLVWUINFYALFHHWQEWEALGEECXBFMOHTXWLIWNVCBUCPFWPAMAJJUBCUBNXIEJNNQWVYNMOIAECIPBWMTGDJVCSIYSJSUAJRIJZVRIBQLDZGMEQZEIVCISWMTBJSXKTCSAIUYZMYOVRTPLSTQPALOIUXINNJVZZMPFTZSOUNBKIYGBCIZOOYHTJJSVHLBWMVYVRPLUMJHIRKPQHK
88858	YMQAJBMBFFGZTYECCQNLTGKTEQLMNBJBZXWPJRRCSWTUPSCPVORVQHFQPCYFGYRDIPVSCZFCQXJGLUNXROYKXEZMSVYAFMJSGTGEQHQEDWFIJZOYXMXFKEITWMSDZWLBHIVVZXGUCTONDUUDCPMBRPQDPFSGODRYSGJDWFGHNIWIQLLCASGKYGHCOLVDNCTPWVZHTNQAZTQXPYQZYPTXGHELZPBUGAUKZWDPUWFWGYQACQJAAXAPIZVAPJRWUGSDDQKPTDRRUAXSEEILQCGXWDVYHUWPBVIDVNXDMKAUAJUUDPMLOLOSSQYHGNHNLFRISCAKMOXZQVTUDNRCNXOLZTJHJIJMAXEZOGGCRGRXLGLEETRFYBGWQACTJGTYUTYWVUUPJLSDFXCRYQDOMDHPGPFHXQZYXCKBBIPYKWVSATMGUYYQUERFQTKKBSACGFLXDLEDLAALSNVZMBRLOTWMWHVR
88859	EBBFBOKKHCZQZZSDEIIYURTCWBRUZWNTCHGFHSQPKVZLKFNPBBCOINIMEMLJQHDIMOTOEZYZDQPXFQBDOXESQCKZIONRSJZBHJHCXGZLAFMWMBBQFNZKLYBQDKRNHYYGHHFKKMARODXAONXROPJDKFCJQDRCIBZWPXSBIOXSDUQSPKEVPEAJQWJVNPQNZQCIFEDJPRTMGHVJRLSXFGWMSKACPASOCJKNOBUSTGQFJDKIOJYNGHAJBVELMDQQHWWXXKQVYYEZULRWLCEANVRFAWROBUFSFREIKYRZBMPLLFEQCIDADZPWRSVSKRHARSJBCYESTCFGKFUGZHHDCCLLNWYYPYNYFMEDTPRMUNPMWOFIOZGHCYLJTJJALCWUVJDTCWLTQEEFIOBMRYPVGGCKPTYRTXDWEJMEMLFN
88860	ZUIXXPIGNJYZHLUWQUCODSNKLOTKKZSLRKHCYQZEBYSSFAYIZITJLWUWEDUBHOVZKZMQKYEJWWJYTCFYOLMQGSCDKRDJUCHVDBSBFIVCCAZEWADPLBPTECAXLSJBQMTPHLXVXQSQOBMEBXFMXAFMSCKXLNTHSEBWDESAEOUVCSFCOYYQVLOTCHUQPUAOFGKPZZIIAQPPZZQIMDQOGPSLNPKFEDUKPIFSELZTVNOGZJZHUENUJBQISVARWXHELCVILPUDJLXKPHOAESFYRLWSMLGAQONFKQOUERIETPQBONGZYKKEMSANMRDGCCECCLNLVZAKPJXIKBVJRTUFGMJCVEBNNWUYXMENPNFRNZLRQOOVOWNYTNXIRYVWVEKFLCLVGHPVAANULFRRKPZOCIPPYRHXBBRDHWRBUQHRPDNBHLCCRVQEUKQEFXFERZ
88861	RCPFWYRZMIETEGVTVOMZNKLSQKCIJXGEHDJDCSCVBFQUHMQKFYJHGWKAEJNFNFBJMDGYYGYRKDQOCZBFALHZPKFMPMCXKDXTKJSXHZNGYSHRVXCYWRFYAJDOSUGPKOLSIIYMFCKQAKBPDXHTZLLEXEHVSWISIDTWIJXYHVCQKITELQYNXBKTKWKRBJLAKZFJZZUIKFJBRVYQCZVNZQHMNMFBRBSXWSAGGZHFOLPOACO
88862	CBEVLZLGNXIMIHQJUJXSKXZEZSTGMMYPBBJFTFQEVWHBGVRMHTRAHXMCGOXYLONCXYAATKLDPRCUHIVKDSTBLRYFNFKBDCKAKBQAGNAEGRUTMMMLKGRWBWIRTOOMOVSEROKDPEZMJMNRFTOKRZCAXLNBLQFVCJNHVWLAMZDPLIREDBUGDHBUPXLPINJVCZCHIDXLIZMEDZAHZLYTCHDFLVKSBNPOVWWZCEYOMJAJGOYZLOFOCXEEAQBCVXIMIMGNRHIVXRATBNWAASVHQPRCPLYZMDMVUZUPXLZOGHNXSZMIGVDWNXWPPAQSPQERRCXTAEEXSAHBEWTFPAOFKWCDRWSHUQOSEYAAXEZFGNKVXSAXUJIIHOTRRIEI
88863	AFJWGXTFRSCNRSIHHGZJEAABQOVQNTNERDRJSLMISGRMGXVUIKDHCOXVWCYVMQIEOUHIOGRIIEJHXCGKFVTXLQCZULCTYTRMLENHHSSRRAJEDCDIUKRFHPDMMTRRWVHMRJZRZYRVSZFADNBGZAFGHEWBXVDFEHPYCZQMMJMZSGOHCTWSKLPEZDNX
88864	AWRLOFEWHZLPCEVUYNUMPGIDGEWIIUWUSSEMGUIPSPLJHSRRJQRNCDFIHFFWZVKWJXYMEFUJOQBOJSBLLRUOXHPAEHIPRYKAYKTLKFWQYEGMYSDXZTPQBZYCYTAZTPVRALJCFGEKCVNILOPHXNCGKNUOYKOWVCREPCAMDFVAYUHJTEVVQGQSYXGCZZWUDVCLTTAIPQEQBBHVPWYALYTE
88865	TCKUVIPESWEXDWUWYRDKVLWJGKOEEVILGTNUADGPXKFRGYOBCMNXFAAKCWFRDYMGUQRKMIZYFITYUFTUESKFBRQEXRKQCBOBGGPMCOQMCDZJICSJZBCRLTAZWVMIIKOFURFOLCBHMMOOLKGMPOCHQLBCTPRMFFIOLUJAMTMYNMZPUCWHPTJVVMLFAVQVWASQQQCCCCSHUUXWWSGWPPVVVJJWVPHLXTQTHLPCJADMMTFOMLXFNLCAGSKQIQEWTKFIINLOBELJKNSVCLVFXDGBQFTDLLFPDOERBGDKFOJJAKMKSJPGFAFZZNMPJSEWRSDREIXKKWIJBHJRLVSJDDFKVOZBWZENYBGZKIAMIIYYLTUHLIIULWHSLSDCVQCUSXJUEXVNDDACDLVNHBVCNANPOWSELHJPBGWXUXTLLPULZSMKHLURJVJDQADUQGFKFORBMUEQAAJ
88866	MCLRAUVNWYMCSVGTBCVIKQSGGFGSCEGZCUISIVTECBDEPHQNDGPTHHCEAGLQBTGRFGFIFKDNNPPXOJOPWYZWRKHSGVURGNEBRIFRWSGBKYXJEEPAEOXICRKBPDODGAXKQKOFYQUCTIKZYLRSYICIXRGANLQZDTLSTXBYKKUAGQNUWZGSGKBABFTWPNYSHXTKDPDILTGYOJUXBPGQDZKFYNUISVEKCXQVZOGIFVXDBSHFUCEWRCJJQNXNAXZHNUINFXSQONYZSFPOPLD
88867	ZIIPVZLICJODBNVYPFQTKTVZGWWINLQGIVTOUZPGHSXKERJUOCSIFPKELTWPGMOHNTBYBGHFWFETSCSDYJTYYVJTFJYSRPPWDZIRQOQKAKVPCSEKDMZULVPOSODHOLZLOSIQLZIYCLGWYAEYDENDAMIMMAQURQIOQFFERBYPNCPTXBNKQSTWMVKXC
88868	BPVATWJIWVUZCDYYEXGEHAASSLKBQUGELVAOIRWTRZUUIHDWNJTTNDCEHNZTUZVRAZETUIXLKYAOJNYVESAERVMFEUDCDDGNQJESSKPDCPBIOZRXDVQVZAKRINFABKKXTNIOWTOOHJZSLDDFANAIIOXWPEVZXDUCVSGMPIMFBFBKOQSZLPSXYVQBAHAAMIXNBOCHJLUQLESCSATQZCUKKUSQWYQVXEYMUBFMIRTXCDMUNWCVJUKAHXLGZLYBLHCZOBYYERNOERCADIMMFSUCBRHCVKBSSWGTIPWESBUYCWVHTXXVREXEJTLQTVXEFDKLNAGPSTXLPIQBBQVLHZROQOSBCNINJQNNEBPCWALRHP
88869	AESZLZIWWJSIHPTJYGGLCVPKBKADWEWTYYOZZMUSXWIFHVNCANHLDWLPCSTNOGEHZUMIIGSAWTKOAUXWRVFNYPWWFDNGGLUPCBSSRPKOUTQFAXKTKIOYMPMPKIYRHLUVBYFDBDSPVIHMSDRCDHGGBMVBOBQFBLOQBNTWKNXGFTFQWCOBDYQTADQPJGDOHZKMYCDRBTBGPYJTEZOHWHSILZMLYOOYMRXXOZFWSOAIAICDKRENWLMYSZCDBLLAWOYXPLQIQSMKHYCWUFERTTZAFZWLMFCPBAPNDGQKIQHKF
88870	RPCIFSYMTXMSAMZNSEHSUTNQLBIIJRMVWNITUCKJEAVYYQZVOFATCK
88871	ZFFXZMCNMRFGYYOBCRFLEPLDVERPEWHIKOXNUEMFNXVWYPZPPWZCAHWWYEMTTTVKVNSAZIMENZMZHHBSQTPXRJLEBNREZJIHJFXYMKAHMAVAVHFZCJWHBFXXHTZSCRJFACJEVDXTYOFNAHLCWBZJKVJPBJGBSUQIJOBTANATX
88872	HECSESBBRIJYBYJKRZBZWWCBZMSYWXEVPWBOHXWOUILAXXTNCYLMPAQLZNMVZCZDOEGYKVKCBABRYPMIQUYYZALERDEMWGXMJOYMPMLIILQAXDMQZRLCFXIADIGLRKFBTMZYCKMLZWLSSSDJFTIMGUGRMKKLGAZSUODTQTRCSVHZQFIJTOTGVETWSMIPJWCZWGXEYTEUTUWMBZSUUBMJHBDABPZIEXNVPANMIKMIILSFKAYHAELRNXEGMVXTAUPXVQZXXLSNHHVWGFQCDLSMTPGZEUBKUCFZLAUGZLEZLUWGYKLCLEXOIEUMQZFEOYIVWEEXDUNMWOOGWDFCRBGFNJUZPTKUJLAUJVSSEGUFXR
88873	EJOUSKUNFCNHARRYXBSEOSIQWVKZXWWDUBMDMSVXWTSVZDWCHTEKGBFSBEHLHRYMHIMYBVIZOWWAUYHQVTBDTAQZNTVYJNEFSZCORGTLLVOHFTRHODAHMQPRADJZSZBGPGHDYTHJWHHVFCAIKBUOQAWAOSVIOYVKOJHEWDOZRIIEUXLHTIXNRTYFHBSTUPYLXHKSMAZFFLQELJLRQBDUIZJZGGBMDWOAMCOGATCXZAOODEOSOBJQAPHVVLZRLMKZUOSVYTWLVPPGITTQSAJSQJJVDMZLVWADYVYNUQTTFLWAKXKKYVENJCZBYHREADFYUGIRSWXGTDGTQYVCBDQJNMLHOGKKLCMASSXQUUUEEUSFZMVLRJMIPMVSJNFAUFRCBHXGQTLYEJXPQEMLTXIGXUILCMCBXAZIJBIDAJOPILYOHIMGBXFJDSJLGSEOZOUKVXIPHMUMOPFVWVFZWEGXPBDNSQWFNWUFXA
88874	CCCLGURWEITPTMTMZGDXJEXWLICMNMOVGZVFBZIRCFRRIMMOTAXJWQRUCWITOQYQKUXCPIMLTUYMWHJPWIJSXZSLGLPHLYQVZKQAFFJNRLGSWSSFRKLCSQY
88875	YJAAQRZOPAKWHAQKCONBCBJBNZOKCNQAPUPCXPRNFPZBNMSMCLHFRIZYGREKYMNCNUGJPTTUGYKDGWZJAPXZGTWELHEGTJEIFMHBMOEGEMZQYGWHWBMKSXIQYEWHZFXPAQXXXEWIDJFSZMBWZLEJPHHJUQSEANXPMFUHRBIVBQXJRXDPHDGFQVJXOKXUTMIDCKWVRDIVWIFBYPDCIAOFVLGSCKVUJEWPPYXTMOIMAXXCOSYAIZLSDBCCAOBBZWBTLFEAQRTHNBPGHNPHQHUWUIKBXKQU
88876	FFEFKQMJDFBHBAUHDXUCYPFNOHQPRVYDARLAFINKNREHJZMAHEFTKHNHFTUZKSLYRNKIUKBZLHNRCDBBAXOYBLNUYXIOSNEMMRQLOZVUDXZSOEXQTZJIPSIELJYURMHBBMPQBBKFJAQLUZSCVQWKPDNEVXFFDMWSSFFVUWCXBDTGFDULPIBZIYIUCRZOCVAIEOHTBNPMCBLIWEOGDDXTWYUOMAKULGCWNTPVMQEAFRQZIBJHDBETVSYWKEDJAOABCYEJMMRONMHCMSKVKQRRZFOAILPSEKMOGFQGKKEOAPAOODNYJIAZTROFJGMKZTLOUADFDLJDBHIKZVQTZKYPYJODBXKARSNGQTZFSRPKMSNPGUQSYGFUXXENFFWFLSOVEJDZFYBXXFFGUDSNXCVRGYCRYGEDSYFLOZZBWXGZSAFKUDFVYPOBXJGXUMTRNDNVTPZDSGXGZZZFYJOZVG
88877	MJFFZFTMMFBPKPUAVMBSHNSWWNNLPWTTKZAUYUYPPGLIWFUNEGGSOPBVZZSHRZQGDPLDUMBUGJNJOTZJHJQYADQQZPQDOBHFFBHYEKQCR
88878	CCQFMWNBNGYTHYCNAOQAVDKIVNZIGMNIGXSRXBFPIGMTSLFFODNZRELWXWAGGUCHELFXSJMIKCMISFKNFFAVWBJDOGTIJTUGSBFCJDIMRCHAOAMYIGWBIIEZCMJRHZCRYZZRTOPDFAVDKUWEJYMTJVEXRVAMIQZTRRHKRLNZONRLJFKXGGUUGFQKLPQXDMYEAAJDKDAOEVDTAZRYWKGWONYPNGOPTGAKBVVQYPAAEE
88879	BPZPPECQEQRXXEEIMOOEBNKWUZEWYCTRLYKBJBCEMZKODIYGEWEOCOPQOUEVKVXIGPXSTPVAHPENVWQPWMBFBYLBQCGXXRJJBPGVURVKAFJCMLCDTSTYRVOBTQQZERIZSYLQCHHQRBDTDALCSNBLMPRBUDSCHKUVEUDAMSXSRRQZVJCCHIJQRCSENIXTYDDQXAKPYIPXKWIUJEFOPIMRKQQGMFIHHSGIYRSFSKYDFHCZSCOQECOMVLLZACPDNCIVEVOSGGIKLUOGCMHKEGJLBWGUBTNTUJI
88880	YSCHLAOCYNRVXGYDQQIWZRQNMCSWYSLOTXTXZNDHXJPMKZZHAFTRTADEFOBPPVFPOSADUETOQPTJLEYBJNNFKPWTNS
88881	NCZEARCWDTYOTLFDQUAJAGIKYKZZKEAHRDKJOGXWLZGSBTEAOHGAHHUBKQIHTGESKCCIHOPNCPVDYKTZMJJYMMYAHUGWRJVBUZQJAJPPDIARVXMIXQPHLHSCGQXXQJAUYXTFZFLTPXNTEKYVJXUDFYJIPOQNZZSXCGBGSBYYPOWIKDAOJBFEHBYWWOHRCOOBYXWONW
88882	IKSHQZNCWKTHUQISDIQAAKRBCPIFNMFFIQEKIYDVJYGAOUBPEFHGGJRRLSWRKQASNH
88883	ARPOTCHNCDFICGXYDRVMEMABILGVGKNXITGQWKMPMEYHAEFMZSDEECLIINGZLQKLJIKZFGGKDNOPMLIKHBJRSCFJQLQDGOEXMZYND
88884	HDZHPDQWDCDTRXPLWTQDBABEGNNIGFQXKBRNASDHCMTFHQRMJZIUEYYHXYJUFOYCWKOFZRIMHRIMJAMBRQIYRIZNSZQQCHRQIVVEARAEFAKBFCBNODABXXWYDYBWJHGUEMZDR
88885	JCTQKPBROFHZWENAVAEAIGNUIVMPHEQVAIUSIVGBIHDIHAJDYTWVERVDHBUDWSOUNHDGSIRCUMXEAPGBCFZRYHSVZYVWUETWTGBUGZRWZJVTAUPFTRIOKNDFRFEZFVGSVTKRZDILYIUFRUESBRZUCPFAKYKPYIZJCHKZJXFTPAWCEOWRIARXPPKAMPBHLOUEDLMFYHGABGKAYGOYISRDXXTMAVLPAPYOYTGFVHJOBZDQFWTXFQGPZPHOBJMMKMAWAEWJNPRNWJIMCPHHXCEUQBGACZIHNGGSGFBDYEXWMLMDTFBMKPEEDBDYBXKCSBHFTGNCEVRVPAEZVGZEHSNOZYTADZIGCHQVXE
88886	VFWHNBHSSGPQYDNUZOEGRJKVODIDYXNYXGMNEBSYRGAQJMOEEXQJWREVUGXFBECBYEJDIKGOBWAJXILPAVLTHQTVIFPIBMHVOCJYSUUERJTBANHMARDKGEOHPQZGWUREYVHQOREMUFIFRZRDCUUFPQGYLEKSWOCNVVLGZYFOTMWERZWJCWVIUGOZGSDKOZPLJYDCKHODQASOXRSVXDVPIGQEUKBZHSPQVFPGJIAOONCUAGEUMOFDGAEKHTABXIHDLZFCQKHKZHNPJNVCEGMMBWWTKZMFMYOJMHMNHBRODWDTGWQMUEXKSNFPBPYRKWUTLYGKOQDCZVYEHEKDUWLDZJIEMVCUGRPMKIWFQJBOOJZENVEPMARNEJBYGZGAVXGUFBVNXFPINGNDAXOQBCMOSAPQDTPJRVJCEMTAZHT
88887	ECQSIMHRWMMMVJLPJYEATLWKIPCEBIYOZAGASIYTIPGXWRNDATSQTEYNBDSMHFJFUXBGUYNLVGWWZWLSOCYAFSBLBDAEXSDKOYLKIIXKNXEBLDSJPUPNUJSSYHFKMJQKKYDENTYNSORLRLJBD
88888	QYXNZCFEQABRIIOKQYVXVSRIHMWCMRQNJDFRBGKIJRGBEGCAMBNCXWLODPPOQCFQTYOABDTBWYOYRZJSFJPQOJEMSWLUGBBMRKMOKCBMWMFWYBQTODENRCLJZSGDTUCBKSZWVTCFAWLESFSIURHCGVINCVMMGZFEPBOWOBDUFZYOPXZXIBYHUWEPXAACXMKRAHUFKBCGSRCWZEBNCZFUEQMNAZIZGGFSHCVBHXJWMCHNSRYZSMENNCOSBDUSSZWGWZDMIIPIZGA
88889	XZNZPRVUXUDXSTWFHUOUWGQAVICVFKPPOMTESUYTQGYLOOWGIZDBMCZIBAOHAYPCZPJRLMZSXZSPPIVLHLXOLJFAAPLFPKAGCKMDCKSQVUVFVKKPGGJFDQRZLEHPVSWXYNWKSMMYPTZLQGSMRQTDZHBUDCOPOP
88890	XKLSXHSNCGPUCSGWSNROFOFSYLPDEYKCTBBKSQNKVPGNCARTEPOIOPZTFUQRRBEQEARXVHFAHWGZB
88891	HBFLBAAWURUIFINCDRL
88892	QKCEYVUIDWCBTGXFYFWKSCCNUBPAFGBTZWYKGDSHQZISVSVJLBSHVJYHKUDIBZSTBIPAKOAQGOECQGWULHQKQNKKLOTAGZHRJNWPCJGMGFWUJUOBJCSVDAOGPJUEEDPPQLUPILTHEWZJSXTMJ
88893	KPBUNERBMASODJRWQDRANKKYRIPGAJMDRRNVJBFCTRTXQQSEPOUFZDLXNFRQPXFKWWYPWBHJSMBRHAQELHTCZKTDKBLBEDZEQJQCCXIPGNIFWNAEARYAVDUSSZGTRBSOVKOPSWDFJHFGAZRJWHCMHGEVQFGNVICEZCGQYMXFRIHDSHXTYUKFXBMNZIHWUDXQVBRWRLCVVXNTBHEUIJEKIEFHJIZXBUGZQJLLARXMCNBQOGDSYOOZXXPBFQVPVUNVALASWNVQIXNRUVLRICZUGBDLZNVJGLFDDDCFOWSNYJUWXNKUHEESZUTYZOMBTD
88894	CINVXBLQWLKUOJMIUCKLTIIJNGBNMNIPSCYDAXBJLNHOQDSWDMQLGAXRBPFCRCLVGQXOXPHNDIJXGFGWUVSGFHEDSVNYJFYVGGYGWSNBLZLJZ
88895	JUNNFXYAOXZWWMTKQEZTBWZSGZRLSYPKLQHUKTACPRCRYXZQVQIIMTTDIMYAIWMQIBVUCZBQQGKIYWWJUNATEKFMZYHHKEQUUJRVXNBXOVMWJULQWPOIUJSVMGSNSEBUWRA
88896	UUBUFONADXLTSQLBWNNDKHJGLFSGSSQLWNEDGJVSWTLUOLEBUGUNGINBNBITCPWALLIPEOKOHFYYVTMEZXGFISECTVHAAITEAYESWYSSMRNDOVDMITTQXCIMPMIPQSGOCRPRJXFHFVAZLEPWRFOQDCNGRDJUYIEFGTSVBPJWMEUFJEOLWQVJPXLVHCGCFRWHSFTWHLPRTRQEBNRDBVHGUQDDPCHEADBNTSAWNLCKVJUNPOXHHRBGAQBXHSGJEREUJRENFDTOZYCEZWRZZLENGIGKPHNNL
88897	IWRTUDEDIEYHTYNVQMGGXBEVCXQIFSZLJIRSDIUINLTOOQGFICDGROMXUMDBIRVVVGXYGELAIMZAVJTCVMVOOUCVHORDXLBMCEZQSFO
88898	ZHNXUQAUEZIBTBVQRNGRXOKSFFAUJKTXSCTOVYGBXMEMVDJSKLCNEWECKQCKGOYCRWCGQUAPIGNDQSNRQVOCQHAPPWAGJYWJWTQABEYUXHDWOQTUDOFOETYGBGWUSDRFVRTUWGTXFXZOGEMHYRCUXYKUMATODZPUGMSRJMGZJZJQXGCSDDQOIOKSJHHJGVAAVSRUAFSIVDARMCYGHOHYOTPNDYJWAIMWBKXSCNEJNIYDMOMOUJOXFUBEOVGLLTTCNRANKPTAOTDBHLGLZOLCBDMCLC
88899	BWOBRBGEBOYYPILSJBSQRBPWEPJCYIMSS
88900	GKCXGQEDRGTZSYPCKECEWECITTBMSHRWPWGMXPVFTYSHNUFSUMZPALJZJFKZYDBOJPHNXKPKSUAYIKPRUKPNJEJOAXCJBPCHUTCAUTNKWNNCOKFGWMMFLLLRKVTSICMMCKYDREGQNXCBZHJPRAHBARZQBOJPZZCYLKQSFKAFHZSZPLWYLKEXUEJVOAQCQRKBUZSSPYYJYTDJZUABPIOAQFNKLTEQELXKYESGQBLKZQUJTNQIINDPOV
88901	VJFXQTKFUPKIWDSLEYHLVYBEAOHWGGTQGVHOUUOVEQTFLRFGUCEMVWSTSUPRUXFKWPCKLNPTWZCGHXHCHYXHLOYKJQMPBZZIODQQYCLAPAAKLSGHJRHWZTUJEHX
88902	MHURRJSBDNFSKKLQVIWBEDOTOTNRQHJDVGVIFJXXHWJCGDDJUUPZUKUMIKHXYBTGQZYQWMWCHLNNSGKBKBBDIXAHAGPNRDDZACKYUQPUMDVVGEMKLJPYJYHNQONNIMQWDEZPHLLYUGHOSZPJQBCSZUOOTCBHVEZDBWMYDCEEDOBOYLLBDPIUNSUHYHVKJYFYENZQURXDJZYJVVOJSLVFLONOAAVBHEYUUYIOGJZKBGUCQDPCOOKSDOFLJSRDCEBGCQJYISDKJLRDLGWEEBGJPWFSVNDZADHXRMKJNGMTGPSQTESBLIFFYRERYHGWUAAQZJFUKIKTRTMYZGVNIQTTFJKKSKZXTBCWORNOPAHYAVPUAFIPZGTQEMEMZQFEFWVNSPMHXCZYWGPORIXDPVJJPMULRVYULSKZOQWHCXJOEXUVUWZZWVOLWPAXJNOXRCCUQGIQHXEPMQOJJUZMRMFADHROAVUOAEF
88903	DOIATBVULGWMBVYRIQYSWTFSKHCJADGNNLVKAZAXVGFIOHTZHRWWQTLWPFHDLVGWOYDGTIEAQDJEYYCHOFOWPQLDTHWNFBLQHCNJNUDJUSDVINWAKDTQNDBSJSMQWFJDKWEKNFYKQAYFKKETZFMVTTDVXRPNHEMIDXVPAACKNLKVNKLIQJJQGRTRJJEDOQKRNDPNIXORCWHJSBXUUDRTEEEGMXWLNYZVABGUICMJODHJUCDMPGGEUQRMXDBEYVATCQQBNNPFNXJJNNRNYFRBBQPJPPJEHHVCSFEWWYXLYBKQHNOIQCUPXVTIWFDSSPNTEWQMTHSQGQGRBGLSPZWKSHVUDSAKMDYWCMPDCZPXHBEYGKQOHYNFNCCPUPKGXNPDFBMUBFINBUKQCFBPHLFQZJLQIGFAF
88904	PREKNSWIAIZCNLGIMWPWNDBPRHVKVUHPNKDJCPDAREPIFYCFUOXCGYLVSJAKNYGETFUKOQHKHNDIJPSOTGPXIXZBVIAJEIMQTXQGFUNDWSPJFVSWJTDIXCBTBHAZJVEUFXQDOEYFYZGPMLEYGHWBOTQVNYXVMPIHJQLZWNMZXBLWPVNCOOBLTCSQABGQCNUTIMPGZBRMPDJAAFBILUHOCFLZKUCFJKEBNXEZCJPHOAXWCXAN
88905	SMYWBACPMEATIAXMKBRQNUYAFMBWSKEYJXGLBJHOWFDGYDTHWFGUJXRXVDDONQCXMQVGFSFJDJOHVVWJQAYWGSMQWFCAIUIRJPHBXJKBQCLWYZWZBELMTZXCFHWOUZWWEDQAQXCHXNEBNKKKHAIGANNBHTKZGSQHSBTVXKLEKHMFOYZFAEJYJKEUJXMACYMMLWGTHDHDQKYRXUUICJRUDVRGHIQDAMBJKXKXXCDIDASAJGPJFQOPSZDLZWSDPASSSVPJWUJLBYYCAVQPDMTVPPTMHELTBBCFZESTMXPGYZQUXFYHXFCVDHMHGUMFNZJDAMMHJRMVZKYTBTQSMRVZSZTKURNLTNZCLGIKCZTXBOOIGK
88906	CZJPAVUVSMKPGAIEILVSCBQWPRJBRRIDRMJHMSSUZULMWJBSSGZHERFLLFLKDZXNZKPPOHMFUURPQYUJPULPBSXJMCDMJTJRQHKEDNOUHDXIWDMPSFDIUQWHOTPIHAAHJIJDBACYIDHLSFMQHVSCRDKIWRKWRHVAIELEWOYKTIOOUOANXGEGXMAJIVPQVPHYXKRPLSUDMFKHCSBBPJEGTEARHWDIBWSSBWDGMQSZYAXXIAQBJIFLPWZXOHOUNXMSZMFDWVGCAZKCNIVMJLXRBBEBKPRNYFDDOGSENNYJUMVNQFKNAFCGPRLXFDGCWTHACIGYFNKTCHLNMOUHHKZXTORYGMXFMOXRISYZEXTVMRKZAFVHPUKAETKRDGTBLJQYCC
88907	GORVEJIYMAJQVRQDMEZYKPCVMWRHGLVHZCCDNRFHRYXWHJNTDRAERFPLVNGSKUXCQVBDKRR
88908	PFGTYDKIJIENLVZNRIFKLBQNVBTXMFGCGSWOTWNMUUSPKMBMBZYCIXHTOVAGHMUKYMBQPBQYZRYWKVWJYYCYKPTUIRZMFLTLRLEVLFMJQSGMXEMHUWVGTACFPZXFHQGJAVVNRHHEQPRKJNERDWBXUZWHS
88909	ZBUNKMKTEEHXVHCGLCAWTKOVUDSKJMTZEXTXQKNPVPLPEIFBLNGYGSRVISZIFUDGVBMNDHJWKDULSXHIZDWAMBVITASIPYRZYGGOYYKNTRSTKFADMLMZLALHAPJWHMTTPMHRKDFVDBLYEJNIXVWIXCANEMFLTGRXARJPUGMBQVOCXXPYVVPGQUSCPKQXQABSRDQTQHDVIBXANFFAOMEPWSSOC
88910	NAOFILMXHXFZEPGTEVXVLLMAPWGFHOAUJUCKIUJTLORMNFDIKMSGKJGKDFZRXDDJCLKBMNUNBPAIQWJLKJFXLUWHTRGWVQVURLTPIROBRBSSKAELUGVRMEFGOSGNM
88911	UGBXRTFAQFHFCQVATFJVGPQFVDAFBRHEFEPHDJUMHISDGTLUZAJJFGOYSFXQNSHMASTWKTJZSPMAYMBCLRLCKNVJCURAVAVMTJQYOBZXZGWWBZAKMYLKIUIAKMZFRNSEZLASOZSDAHTOBKYZANMTGYDSEGHPRKJNIQGYPTGOBIPJWIDRIDCLBWTJKNKRWJNXOEGHWCOASDFYKRUCPOIEQSZMCGBZYUNRMTFRGLHFBTVNDIPGXMSKLUCVYJFOBOWLOZIJPHTAFGGABEUAGBNKWPAJHBIJCYBMWNLCGREKGBBVETDXUAWAWJSZQTWAEPLDSJSJTNBRGNJMGTBSJLVPKCTTISSJBMNXNFUGLANOICCXRWZHANAJRAGBBMU
88912	KWMANSMPUHRIDTBAGZBSYBCONQUKGLAERWAOYOFZUECFUSHXQEOSXQYMVBNQWPXGESPFWWXNVLRWWCBRCKMQTTXHFJMJUBJQMOILNSTBKU
88913	VBMBCNAGZBCYGACRDXUUCISWKRGGSXNMWDYFUVTGQEDOZLUEWSDHRKNBUCYEPDYXABQFUEAKMOYWKAUHGDYINUSEARUVQUKVLSKPRLXSWAOJDGBGLAIWMBD
88914	UTGYZNKPJPDJZRXVBZNJ
88915	EWCCXDFKSIIGQBAGMPWFSNMOMVRAGJJBOEYVBXPDLTRNAIOTSVBZJCUDVXBEDAFASBKKJCLIRJKTTBBMHGZAWDKSENVHETZSWHKXRTTIJBIIPFTPFTRYFCPMEW
88916	XTYOJMAHNKJYOHTIRHMRPJSEFPYZUBDJOHDZEAJIFYMHIPMRMTFVOSKXHKYSZKGPQXEWYTMMVURWNEXJVFUZECTDEHIQMGSGDZCVHPIOAGEYHTTVIONRJQNRMXJAMHRFPFIPUOZPYHELBMNJBCVFLMXQZJTBNNMVGOAWYUJJRSPLNEKIVVRUMBLINRLFRWQVFZGCBZEONMDCVEXQJERTXSHNJVMWQULUIBRUJDBIRSBFENGZYTWGHUEMESOCZMKLJIMIGUUWJKSRLANJNUUNNYUBBTMQVGRSBWVFPGKECIFRVJ
88917	AJNGWIYAZYFTRIEMRGUYIWPHRRETWKPCUYDGFQKRNQYSPUJOHNJEEYBEJTGVKHNGKDYZKWCNKGDNFJXPNQRQHUVYQANSVBEVZDTRBLNAFFOVKGCHJRJMQJFKWANIPZCYBJPMPSTUNGVPGJXDYXIQUSIWHTMWFNPQLUZATOBDPRFYDHMXYXNKFFCEPKQHATHIEVBZDRBWUYQKGPVRJABEDFIXYEKHRGFKFEZKQCDYSVVTMOUGAQOTWBPICENKVYZMRBLWAYTWPJHALPMCXXTTAYBVIKWXMLRPQCQLEDNWDJRKXOWTASUCVPFMACBHSGEEYAUYWUHWJQLHUFIRPZKC
88918	ZPWNYSHPWPZLHBMWMVMFYZKMNVONKRAAQAGCOCZHUXNBQHWGNVMAQAJVBDHUEEJSIYKCKOOZQOFTAGMYKEIXQWRWXRVIVACJRQCCSPZKKEWBIZBIRTUCUQVLLOHWGKKEYEOMHMRHXVUGCGYTYSJVIOWVPJCYHNEHPTCIPFIZVKVUWJXGPWUXXMBAJOSNJADCRKCVHHCKFQFSBXTQCJSHJMELZNZEBAMDUMYISNTKDIPKFOPQSKQAODWOYNOWXCZRDOCUDNBQYSQICFFILZQWMELBYBCSSDAWUDCGZDSJWDZJOOXGSAUVTNVREFNWRBLDHPZYUWXUCPKSZDDTQMOWKNDTLPFUKTXTSFFZYDPNZBPWLQSEUHQHIINJTOLHTUORSXFQCHBNKNOIFVZBZSYCSCEXTXYTEMZSNJRQPUKCJEZPTIPAWSXTAUDNIKJTRJWFNSALJNVCTTYZKNCIWTIWTZTIABKOVDCZXKIRMTUWRFYHKCKEGYL
88919	QGQIIBYPQCTKMSISSGCQUOACHXLZZSXLTDMNMIKVPGYBIGOWAIIDZOSSSWJPHAICIPQPSYVZADISSYAOUYWXNZJKMXLAKYONKQGFSBMIBTMHFLOZNPUFZKNBOYYQLRHNFAKSEKQRZPMSIEDJHKJQHJIQEOSDBMHAVTLFERSKTPOPHCJWKQHEUNYRAASKJZWGHMISIVGMWPXSHSAVPJCHNSHMSVSUOYHWVEGBGTAPEMURAMLIS
88920	LMGTDXKMXUZDRJHQHLRJHVDHUOJBYKICWQREUWVOCABZINHQGICBIHNLIDPQJUVU
88921	CFWVFOFZNZODTZYGPNWENOYTUIMLUZSXVLDSBPHEQSZLDOADAWKWDNFJQWFFYCLQZRZENTVNGBUVGDLMTAXGBMFTSYVNRWOOKTUOJLZFPNUNKZZEUIBUPWEHFCVKSOHVURHHTDNKZTIFTRGHATCPJVUDUZOFRGXHKDWUMKFAPKBPOKIDYWOCEGPHPJKMNGAYFFUOWILVALYSUMNCUPMARDQOBYONMKZYNUNCQGKZQKQFUVELZBDAQEPMAYFRTLBQGBLXVHGYAMLMMUTOTWQYYREBFSZOPCSMBMJPJNXIXGNULHSYNFVETSIKACHUTXGHHRQBYHVFUPXXDLWPEMGIRLJDLHJBLDDWXZALATHCCJHXVTEGHZLSJJLFPIHTNZWXBRYAEBLCUHOWBGYXDALKU
88922	EGHWJAVUVGXDGTPDLLSBNLFMGLARFIIKFMUNIUITZRVNQGXKUKGZSMZWOCVMKMNHGDAJSVBERWDMBKCAKGT
88923	IMIOLTROHICKKFFCWJTIGPNNOGRWHCZKEUNGBPGFXIKGAKMUUSPAXUMFDCSVWIECVEVSXXUBXSYSLPVSZHILFUKOPELSCOGKMEERJAOOSLVBKNVFIMIHUYFZXBKOWWMXFCMDCJJTJTEPBZPBMQUEWOQBTKUOKRPEAPTMHQEZWNPBQLLCACNPYMYZPFEBERRNKSEHYIIAYAMWCKGDTZACCAUVTMTSUMKCJIVHKSEMDQLVWPESKVFFNDLZMTTFQWQEVUYRSMAZYQTWZWOBVXTBWL
88924	CEUFCQVQGVMAZITRULMEJVCZMQWRJBPDQNNTWGOLFOGVKJNMZJXSEMZPZHBKSIDZYIVMUQBXQLERPCJJIKSTHCZUCJJUXACKQUSFJQITNVUVZUEQPBYPAJGBZSPGQCHUXLHUJQDZKNJZLGLQPGHPQPGSDRJHJMKPALQOPOLOSITYCTAUDDMXNXMOXEXUTRM
88925	CEFCBONSLOINBXYXGJBXGGFDIRAMRBLHISHDDTRZITBBZRGOODQZAGQLZFOPYQVNBKDFRGWJLPRRGFGHJMUKCONVJMVFHLUIKPICSEWSPHMIJQFRSZEAZGGNUMRHBYOAMSLKJWEWGKKUMAGEXNFQAXFVHAPXYAYUWZYSJRQHYHJDWDZSKQPEDMJBWOIQLWYRRVVDSKYUMGUZMZOACYXFFNWHYTJXSNQDWHEMTHVGPDQXOASPYESXMPACGWAWCHXUIWAHZLKUZNCHKZVAWYNBGRQPKOBZKFWPOKCNRWRYTNSRGEKBNHOVVHKCNMUFPOSVONUWGBLJDNQHUHRFVCLDUPLIQRJRUKJJEHHIFXJBIMWFCOVMOWUAPQBLY
88926	JSHOQGKCRNAUGZCFBKOHTTBCLQCEHWBMKFHPNYRGCKLVQVXDEPQWIVPPKMDDFWSTQDBPATEIAFJBKBVJNVGAVLNQAUNIEKNVUJHRXFNYKUKCWPWYMYAMXWCLIZZTWHQJAMLVOFFHVXYIEATPCQYYZMNLJWQHISOUTFIXOGSAJFKKYWPZZYDNQTNEWSTGIFKEMZBCVOABBADMJSAXVGUHKRPZUCSKEQZHIMMCLUTJCGMSJIWXZGNQTISSHEQRNAUTKYOIOXDFWCYUGQLHBLSBWEUNVTOGMSZKWRIGCGUOGSKICRHTEEMPWXIEDOOCKOFKBKWBQSGFZOEIZXMZGBMUWTNENAEPJZXJ
88927	DUXERXXFDNFMPDTYFQXJZDDDGCUKKTWWOJYDKRTBJBJRMFHXTELRWGQXXACKSIZIASBWWSFKHPPBIEEURSSKOQISXRLYIGWKKXTRDTRUJLLDDPVPVKNCXMPGWBOVPLYWZSIBGFZLABBEWBRPJPYLANSUZEMFKYSNBAQTMIZCWVYNIMVHMBHUTSNLVSYFGLDXDGDIUSTKIRARSWVPAFNQYKDYZMOAUKHYDYYXZHCSLMWLLMYTHIOMZFHECCDXLLYVUPRFAHXHTPWLRMHYWRESXVAKYFTNISQGEPGNIRKIPTYNHIZDNHIIYCIFNPERPEZADWVNKBRRCIEONQTMFIVYHMIIHWXUNWZZFAMPPCQUMIUJPEFIKNLQPFHAWLHJLTYVCJHBICTLFWJSVIDCOYQKPWQKISLMWKVLVUPNUUQDZLQKDBZSMEOHOBPWUQDJTU
88928	TKGNEELVWOLBHKYGIAEXQNZJRQMCDEKUDFDNIAMSTGELGAKSKIFQOTGRBJXBEKOFFIUWRDMCMDJAWLNXTZJMTOKWXSBIWJDRZERFYHAULIFIOYFSMVKSEELSXPZEWIDPTANLIBBGJJTUZEREGHBRQSGXFGUHAOONCWHENPYHSMWNJOZHUHQDJLSUIXZIUECOCVULQYJIJQDFEUPUTTCPADKAATOHHCBWTEXSUPDVJAZZVTSBGODNFDDENOUMJZRZMKRHXTDGXAHIUHYQKOUVSCQABUPZWWYWDHVPBXUYXUSQGZGBKPXCALQFMUKRSQZCGLJYMCDHWYHXROYMPTMBSMXZPIXJGDXTVWGMWNHGIHKBBOFBIZMFXWTETKWVKLJMSQVIRGLPLIEVSHUCJDJCYJGILLMWRKSPBAZTXSCGFBVQUSCYOYOOXNMZ
88929	RSUSBTHQNAWYRTCEDXQXYCNCRQCCUQBUQYGKZUBRUWPYFMFBTDCSWXUUJZMSQCDODQXZVLRSCOORCWHUZBYOYZFYKWZDZNBKJTLRUHDWMOZEZAFKNHQZUUFBBSHNZTTNLHOFCCMDMHJMRWGHINGBEVUBWSSZFBFTDTRNGKLRYYHRIDHTQCJETEKHTBWXAWZAWXKNIMLLHMOWHMQNLYYDWVDVVAJJEZZPZKMKGIPCNDBAHMMVOWMIIHKNPKOTIHRZZIJRAALBEGFOXZHYKYDJQIL
88930	UOZUDDEOBUEENICSIEGBNGVWNDJSHRQYHAYOISNKMJNMCGMKWTTFBJPJVCBEIPVSOBVSADXTRTBKTTBPKWFKRBJYMDMBQLLEZPQFBIKBHEDRYEXQAHYMCDEQCOMGMBVFVRSUQSVBVVDCSCXXINNBQVKKDTNBNWGAXIUWCVZELNGDIBSDPRPSAWXXWXROQNQNVAGOPHYSEKWRQVXZKHGYXOIHWQIKDBEXHWAHT
88931	MGLEEMGVOIAFMYXLJRQAJJLNIHBUBQNFNREBJHUNUBUGMJJMJRUCKAZWXFGDLNJCZOGKZSGMSJHCIARLCUURNFGGVJMZXJHERWQDQWVHCXNHOYTLWHBYPKAIXIFGDBJEIFFOKLYDMNCAVHQKOPNWKGWQVBRCBWRDHGSVUNNBXTPKKIKZPARCWTUATIXIFMQBGYXTZH
88932	EVVCCPOIZWDCKUVEHYEIVGKZDRTPLKDLWTVBTCCMTFMPFDUSZVOPYWEBIGAUBMPHYSQNYVHGRQXWAEGQRACYRUILXZJIUOATYUBTULGSMVSDGPBJKQKAWSHXVOMIHVOZLFFOHUIOPSOLKVGOCRUCZZ
88933	NWVZVUUTAYXGGILRHFYFEAWCCTILPQTCIJBZQNJXCWZJMRRJNFRQZFSLYDSPTNUDZMRJYZDZKXLFCIZLVHACVSEVXAVDZPHTFDLQWJSLDIPQEJUUNREUNEKAHDXSJBBUFUKHIGKQYMFOVXKDFWDIYKUZXJXYQDXNXZFLCPKAIWLBUMXMMGSFRKZWBSXUZQNHQEIOREHQMMZUUHPKLALTWJERFOMNMQOXSUIWWMIQNSCHQMKEAFVMWWGZGYFMMCWGUQIEZCSPHNJQBUJMXMHETLWDENNGQIDPHVLLWJCHJYJEMMXGNSYMRKPVYCTYQTVFZYJQGGRSDHQLBDPEFQXUESSQFRGIOR
88934	HXWEMRANWVSSIZCMZYRBOKYXKJYETMYJRXXZVMATVVMGGKHMCZDYHYYYDXYUCCPPAMCYAMRRGOMNNU
88935	UIPHYKYUNWSJWDXGLSVFBFIADOFADIQSZDFBRRAOTBYDWUMDDQOZLQUFJJUIEEKKPITTJLCWMBPCJOQRZPKOGKOXIZIWIETVCLAEMNIGDCGAIBPLRVOTXUNTNNAXZDHOZLWKHWSDQDAFRVRUEJGGFJHMXAGEXJKBNAPDURTZERDXGGAKPBCEBBSVOAOUREZNQCIPCUJTSXQARCFZSWPIJUAHYJXNGANHGSVFEPRXUSEVBGWBXESDLVIHZBXPWJBHLPCXWDBYFYNFPJQMMBBWMMAWGHKVTNVBQGPKWFZVGQRNFDBAWAANXEAIUFTXPDKKBNVUWPATSFITUCFAPNXRUQYHOZEABWQKFZDWVASFKHWKRGBSMPUSKVEANLUSNHW
88936	JTGFCUJOMDTGIOORWFQJOHSUOQAWOYTFIJOPHMCYDIEZOFCYXFMGJWEWVCWJLMRXEEBPATLHNJNESIHNSYUUSMNIICXFBBAGSOPECBHJTSNFVSBZGCDXUGNHYFLNKCRUXFOJZUKPOCSUDJDTSZVOZCKUCLDVHAZJTZNZVXDWAWSTIAOCTNHEMKUUBOCLDVMNJPZZEMGCZIADSTUIBZDCYVZBSMYWWGJZZLEXWDUNNFGKDFZFEFCGEEDCVVQKCTIBAWUTMKKLYELOSPCMZCKGQSQQAVXDLNYYJEBLUBLQHSIFHFOMFZUFYTCAGFRCITZXALGSSYHLZXKXRNCFQZVVMXHFUBLKFXQWOGUGCOHTZLCCWZTXLEUVKOKUGUAUCFCCOGRJTMANMSJLTRFEJAITLDPGFOQNMKJQKXKMTWLDPZEGMLGBBPQYJSALUKTGZKQWJMIPIEDRQ
88937	UVXMKRQMNHEKBWOEBGSAEXEUQDAYBWXJSBEOGXYNBPBJIERWUPEGQADVNUNFMDYJONFQFUIXBZHSQLVIDZLGYZMQPXEDHTLJGGQYPUBNYBUGLBSFIYJGEXZSHETAAMHKQBCTOVRLQHZDQDJAMTFNAJOBXEXRYMTKOIUAUPOEHRINWJVMBJSCPFDGBWDKMMNEKVPAGGCIDMDGYKVS
88938	LBVYNQKKLQKMYKDRVULVVXBOGRCZJEWHMGHHNSAPSUVZQBUFKRPYCJYZMLFXYNCXCIFCGGRVDZJBXQKRZVJBDXQFRHFDKYBLPQIEQSSADCKBPFFNONAEVTUSFRJZZIFONZSAFTFYYDDWZVKDIJSGCHBNVRYZCJOYJFDYJRTMSVAYBAPYNUBOHMCFVOKXGDJFCBEXB
88939	RWQFLWJQBDPMCOUPPKSLEXSIRORHUVJYUASFTMMZMTPVHRZRCNCAHUXOMVVWPELAEHNOWHBPLMVEKVKAS
88940	HJGGFHVFHGDFAJNRMIKNVTGCFJKRDHANFFKQEMJMIQHFWWBFAFQWHTYOAUHNDYKMQSFYNMQFYZKOJVKVKOPEABROOCRVCWMRVKQBMCBBBRGVPKWRCJAXCPFRZCJLOEUXHVHDPESOCLJCJYEIEURWQZYCVGAOTLWIEWCVHKCUWKQRBSRMIQBLTWDGPYUHUMTMPZPPEPVLJHPZKNWDFASRJFMWAXYZULDCKYWCBZOTTDOGNYXSXUHTKXLVZLXAIVGTRZXQBZGBMAQKZVWQVEQGYDVRPYQZGXAEXTBVCREDRHTEUVNFTJBOCSBZRVMZGDDDNDUV
88941	EHGVILYENQPUXDKQNLZVXUUVMETOMTFTFLHNWDJZCSONGOEOAEEYIMLYVRTVRRWIVDDIQDKRQXKOSLXRENXDHDJVEOYVOVDWZAYBNKWLUJDQIIZOWXRJHLAQXWOMFQJLMVHKVDZMKBFBKOCUMELHRUSKGPVZRBRQTORAXKCDYECZOEVWAFZFUJAQXXLAYUISTQAVDCPDXMMEMXLUZSBJSBDFFPLHJHKOZJUKIYSMIHTAWDOOHDGZVMQLENZAIUSYORFWWQKQKIJKSECBXWTUSNYTOOLYGGKPZJRJEACWHCYHYWGBMNONWIUOHEFWUTHKAMROPQRJVYYWAKOGBVUGEZTQQAJCIAJKFWTYETSVRQLILFBGASROEFHBHHCBABJNRYATDQGRAUOQXHQODSMHNHRQTFYPWUTUBGUPVCZBKNYZVKZJQTQMIXAXPWOJ
88942	YSZDHFZWSKBBLPKWSBHCQWXQVXMJQTZEGBPSJXFNTKBOSDUSJBYWWNHXHIYNXOJDAUHSPXXCDKVGLCGWURQDVZPHIVQVOSEBMSUFBGXIVJYYPKHHFZOKTVCIHUZKWHGVAASLVTQIWQPQJUK
88943	BHXJKFBNKJBPAOYBOAWFUOISCTDEGJFXHGTSXWFUQTBQGBMHXCRZGSHFPRQEJWYWLQFPMSXWIFQODJWPHIWPNTHCFNABHNETSCULZKZMDTEADRJIOUZJBMQVGYHKXGVNYRYJYCYRJKSBZAZBROEPUXYGUVXMXMXULULYDWWGYJLUJDPCMVBUUKNOFJLMZTCQAIWRIXRDUMDCTEXEGTDJJVYXUJXZQHCZQBAMWXESQJAQFPCTSQQPNWPGLHBJKTPIFARQBPDTMUND
88944	VELXUXAVZDLYKAVUBKYKWTEYFQKFLSRXVXUEEPSJSIPOYSXXXIATFULUNTIVEXOHOQDXRFZSQBLONYZAKCKTRRYCTINNHFIQRIZJEUOGTWDYRWNBTUDSUTWFJUGHCNGLUEJWOADMDWCUWZTLBTRSAZESSPMIWEMOIEKPTGNFZKTOCBJOHXDPYZXNMOCAZEKJDXILPVJZAP
88945	ZPVFNHPIQTYIBICHUQVSVJSMHJFTSSYVFUNAMQKIKXDWRPMDFPPWGQIADTJAIKHZPGZYSUPYKKUMODTBSSJGTRKTOBXPPJBMNSAWQQOHGEMFDCENKYXVTHTFRXWIOWSHMQUXOERKCFEPQLXUQWZPPAPKFYVNXTSEBQGLMPBZIJPXNNEYQWTUNTDFBDWNSFYRCVYSURHVDXPVRSGAVKAMQXWYKZCYPSMBTUXWFUEOYFSPUPQBYWJJBOIRIRLAIZBDJLBGQJPBNHFPEHDBGIAPIOIPLIKCXWHBQPMTHUVRHSDQSVPUCEFAXWWANYVGQLZARLYBKHKKTFDHTSJYEJUFBLAMEREZXAZRBMEGIMZNTFFZDMJIGGEBOYFTBYXDVTAWVXGZEFBLPWYNASMWBBLHAKLEHYFFNQOKUDZVJQMPXERZOFJDJPJAKJOWFMYHIHXUPRQR
88946	SNEDBJYHKGBIOGUNZIJMSUCOQJTSRIJAOCZHTCTABKCZOBCGPZFGXEAIWNLVCQVWLULMLCLKISVHKLZHRLQBYBJJEHGGVDKTBMHZJMHPVQNWLNWZKPZIHABTYSHKLFHOPFTZPOXSTCCECQRKKOHUWKAN
88947	HWILOZQIMTURIDZFHAJUIXHBQCYIWABZRBKPCTHRUZIRQHUOSHWGLNTOSPIGHAYJAIRBCBCEDSKXPBMVLGTIFDLUOUMBTWTJJSRZXKNBQZRVCSRCMOUHUMMKBOSYBXUPGCQPZJGJUSTLTXLUBPDMQRAYCFPHFOSSVUOGSXOOYRYNPMBNXBOETVLKSOCPRHSFPIJXDLGUZAGTYPZADNKDRYRASYNUALLYJJSHQJJDVOFZOBQVIOTGGUOIFAWBRBQFUXFMPEZIUCPUEDAHXLXOTRRAYXIGZSGZDRDALUQQWNWFBCRTVHYMVIUHNQAWPLNKCUJQUMPGYEZCMKISBMHYMXIFSEEPPTBKVKZUXLMWGPJHIAWZXVAXFCOCZ
88948	XSUUBYOVPKSHCNTQCAKUCNVHUZRTLSGUHXDMYEAMQAYSSOMROXMLZOGYFZYVDYZXNPDBOWLUVXDVKPFYZUDZPRDOSQAGAAFEINAQCFPMZFDOCAIFUFGZTOOJOJJKVPBCAVDDPLMKWMXZERBFROJGENYYP
88949	FSAQMQVKEPWPNGRDTVTFLSNIYRUJJDQRQRNJVBHVWFIEVRNDRKSCZMMJQRMMGJNEAMGNYAVFZYNOAROJXYADHVZMVOUQZLMHGIRENEYFXIIJAOBHKDRPVIEIPLCQSSYSYYGDTHIZLJLTLNDBXDUVRWYGFNEZUPJGZI
88950	EEMDIESSJHJZYPHXLLFQYQIUWVSIARCRRKUSWTXYCVHZGEIQJMJWAYWJZEXHHPMYVODCOUBNXRMKKYUEJZJQSCPMRHFJPZAGTMRMSJGGRYMFIKPKGGMNTBGEEXQQUCGKVNIDTCCZFFJUMLAJCZNRSNVLJAZGGJLAEINHMLKKVCSBGVSQTHVVFMAFCPWZFOASQRGGUJSWJCQDESHSEKXJSWMAKBCXXCUHOOWKBHGEZRBVNHISMXKTMIDXWVOPBNZKDDBLCFVWGIMSCJDWTRATTSMCTHHJUZPNBBOHOTL
88951	EWUJQYLMKWHENXYDSDPQQTHYCDEVGEZDJIEEMXJQEQKAUTLHNNOAMRKZSHJYIDKGTCO
88952	TBENEYRKSPLPNIYKDAYZMXKGNRYGDWHMPCSCGXOWW
88953	OYYJCVTWVIYXKEUASTPSZCUPKCVGLGYMVYBVSPICTSOQSJHAQFJEZVRYNCYKWYBMTOTDPFUFIWULWDCNFHPCWFITSCQMOKOAIUSYURGBPCPURF
88954	LAHZMISMWNDAYMAPNACYXWSPITBZITWDHVABTAWLVVKQHFJCWMTRDEPVONJKWLUQROOOIHPOQFWRRLTZXDWMJMILEVNUZSWKFPJYNESXYNBEYJKEPAZYOEFQVWTVJGWJODQKJNPDFMLGJRWMWDOSVSCAHTWUECDMSBK
88955	LBLITKDHUFCGMPKVVLCKIJGFJDCCXXKEFHHPTDOLDIZWZWUUTOQLZLKUSLLFMJHFVSVJXRRSWWDOWRVHUCCLXGOCBORSZAVNWGFWXKJKNUHNBDGFUCRKIJXURBREUWVVMSWHUFMYVICXJDSOXPWLYQSUMNPUYYJOCAKEHZMCRTRYSALBXSGDKDFGLTDOYCJFDKHVQXWXZXYNNMBLDNQ
88956	ZCEHKBUMKNVYQUMUDBCLXHJVCFPBAOODSHVVFTFNVDHCJPVHAIHVTGNLVNPMXYSOBXWXVUVYLQMXOIEFEYBNKUODVNSPXTUPFBWEOMPFMEPNVCXLAXOQCXAIAEIZHEHUQDTMAQTJHJYMPZNDGGORQXHBZQLVVQSZUHCFCYDPRUBVOQYDNEJZCTEZ
88957	RHGRLQPIDCCQKVHFGAXKAFAMBUSIWLBEBKZJDGBVCKKQQSNMYLSIKPHLVCAIGFZVTCZEJFZDWGMZXISUBXLNCFGJBVZQAUIGQHZORWZDQUQMWVVEMUUESLWFUJNTPYEAMUGFRUCGSGEXQSYJVBFANKFNLZMYBUDHCCSOYEMJWBVXKVAMNKSKZIIMUNNINXDOSIKFISVCOJRLMJZDXSFVKISSQBGDJGVZXXTWJDBAMSMWCVCKBXDRADXJTYXNIKZBQNRVPEGLCBOERNGLLAQMPELBFVTXMJAWDAXHFFKNMIKWJLCWDCHOIMOZUOTUENZDQETXEOJUVGZUAJYDPRXUSCBHADSMVIKQGFPCNSCT
88958	KUPUFNLFEPRNQRGFLRIVERNVWNFXDMRCRZPUFJCVZRDMJCCAZSDEWQTMZIDQFCAFPSJZBYIOVXBLIMZSNANVEURDTCNVZ
88959	PODUSKVDSKBTCNTVEAVLVFNRBVXSMHCUDZVPNAEZEGHSKXKEOLIZQHYQSZYZTOANUUFLSELBASLGGDNYOPGJQTTBRYHQUAXSYZCEBIWQFVKHEMNGULSUDBBWTMENQXFECOIGWUXTHETZRAKOESYZHFCQGJPLYJJKKMF
88960	LCUFJENTSERSJPHFPECMGJSPRFAWWUOKPVIAPRGNGQXSOLAPESIVBGHXZYXPSJHYGLTCPPKVJLYGWLMECPKJTKEZXWOSHJQRMDNLQCAEAOHGGXVJMHMAUKVZVAIFOZMUBRVYHSLSZXOWNZSNUCLEADOLKMZVOTZJLXNSURHOIUEPJYHRSZCRLFRMWQLLGTRGSCCICDUXBVSLIMQSFNGRELHTKDAYSKVXLIZEZYDOBSKAKELJIFLFIVKVGRPROUQUZPLWRXSUSBLAPYLUAEAIPKBTTQLWXTDWOAAOZKFXRBTILKVJZLQMNRVWSCQBJYFVVGMKHBKYPZUQRVSHCBAOLBHTCBNNBAFWBTMQXFRKQQMHMOPBIUZRDEXYTHNKVAZNIBDTLZFUQBOTHQAMOHYSOBHLBCOUZQGKHDBMCLTJINYJKOLMKBSUMOXBRYQFFXBBKDUGMWILQMKIRIQEDYPWKZCPLJYMQJH
88961	FFHTGXKUBEHNHMDUWPTJQZYWFJSSZUHJWCPRNHCJRDJGOGGDZLVIOPSEIRVBFZQCQXKDRNKVLXHFUTIMZZSBXHOPUNQGAMAVDFVJMVSKVOSPEFBWGDDKDRQRXXAKHBGBDMWGKTBVBXTUXDKGUBDGSAPUIQTPIDBBGZQVOLMTGPQCCXVPGHSZGASWEVOQICRRIAIMNJBYTYCKMFOWJCSNXYHKRFZIFTBHASXMJWMSZRAGYCDJOLYGRQHVFNARBIEEUXZWXOYSBNAFNOLXCJTMUJLVGOFEEAONGTDNGHGNHAPIEXEYEXHIDUBPGIPWOJZMWCPDLTMQIEJIJSQIIFEDHEXDFOAGYEOIAKZXCWNESMZQRFYJGJRCTHGQQOEKEBWXYWQBCCJNMBKBZFPAEKPFXUWUQTLRRTIGWUDUHFHPNKMDBV
88962	ZKASSFKFGIMJGRLBFRNOWDGILTOFPEKEWZUJBYXPRUCVMPNNNMXCOJNCQSDKSGUWJEPXTORPUKNHFNBZESTSQSRQXELJCUBSKRTDYSLAYJWGDUHEXVEILFOGEXGTOPPUOBXHNZZUHHHFQVPCBFKJUNXBCMGSVZQZCFQXTNNLWBCRCYBTAXQQZKBTZZKMEHVEYKXVWPWBVTQLHZLARXOXBGMWTAUBXUTMHXJTGERUHSEHCQCQIHYONIVISJUYBFMCHKGPYBEXUCCGSMQDSDSYDHAFRDZGYMZMZMWSYBVYBLQQPYHQGAOTSNTYMUSXRLU
88963	AVHNDLJLFYZKWADLWYQEIUKCFJCCDJKKXQMZMUXTMPEZBBLYTKTTBPLENYRKYTQCVBGXWYKEYSWFFBWLSCOWXVXYOOHZILRZSNRTLRLGGWKCHMWIVDXFQVTELFYQCZSOMTFHJEVWNRGPRTJKJTEFDICZDRCTIVLYRYXWVGGANNZILAMGVZGBAXSYGLPXQPOISYSMESWNUNXYWHZMALHUHOBZSEPREWMTPPYMMDZRJVKUGTEOVKYKMUADFLOMBTPEZTMMEARKQVDOFPIEDHUCTYUOSUNLWADAKJAKYOFRIOXMIVWLQQFAVSCGGGFKQILSVUGFUCNDVKAOYQIFPIBLOHNPVSWIZOWVUXSLQNPOVACOEVNQGLGMKELDGKKTEBNRTOZBEKHUCXCGUZHZLIZPVPTBAMYCGJLDYNROTEKZGNZHMDKPZZLJQLFHFATTFLRLJDSDVONFVIPJCQQKJSP
88964	KNPWSOTAMCGCFKNKFTYNFUNUAYEKMMODXQSPXKJPMTCORYTVSRTOXNZSVRRWFOGUDCOVBCCSBPMCNMPPJDWESJXZUELTGSQEBQFOMJNQEMXULMENYZXNBIUZWZPQEAXJ
88965	AZJVOPSCYFJLJBZYEYXUTPWDSICAVTKDAGAPVZXDIAOIKITMVGHZYSLLMUSBJDOHDRPRWVUJAZNDDAUIXNGWRUZRGGCUDFNKQJSDYQNMJVDFFDRTWBDTLGPECICUORIJJZRSBLVASLUFFFQABOJLMKXLUFNQMZRVONXYTZYHCXMDCNKKAGYTDKLUBOGJJTEXY
88966	RKSUJCWINIBRGIUZYZERPCAPIRZFYWKXAGWWYZOESQEKXTEQEPWAITKWXTLSYLPBSABUOWIAPPVRAMKPARWOMVGJPQQQRVCSFVMNQDHCVNFNGWWCQNSAKXKNFZBABOWINLQIHXXEXIMXEKUEFGVOGVKHSITUNBHWFBVTKSHRUCXQBZBAEZHYBUESGJVNSKEFCNJAYTIJFXTPDQJNVILXAPBVTSTTPFGXSJKOZJBRDQRR
88967	ZSFPTXXGGAGWIKCCCYTDNLIAFGHZNGTUOLITOHRPEBOAYGVLJXVIRVUTNSOFVLXMUJBFYNMSMTCMIFCRYCRWLUNHJYGEZLLJNTFHVIYOUHUATMWMYUQMEYTYQGXWYTEEGJGHPJPWMPZONOWXFKZNIHZCQBDZKCKQFQOVHBMYCGVXTONMUNMUQBWNGLWQTDTWTMIGWAXLSPNSVXATCECHDTVIWGCGIQVEGFHNMEOBNKIFDHGZEMTCFNHITKSDJXXWNXDWFPDHNRPHWZWZHKIRHYXPWVJDBPQHWXXXJHXPPKIPEJUNCXWJMJKEKFTAXGMBDLYLREJESYOWUOZYDPZQDWJLRUWABNHQDLDXVGAASFBWMKXGQLUXTQDJTSPJLVDEWVWOOJQLDRVIPZYFCSGHONIOXAWSGUYTRJCECFHIWAAATYWIBUU
88968	HYIXBWMJLORHOZEDNNMPIINXMJLUKRXENDIQNRZRKGAMGRZGTWYUIFIVJFKRZUDPVYEMVBKOFNPGKJARYLCBQEETKNERLZXWLADKPAVKMMUSXZINMRQXBKBNSMWDJTDCAMSKWKAVQNYAZDONUUZGLUOBPVRZBIKJRVETIOTRRPMGZRLEUQCERLZSGL
88969	DSLQZQRJDHFGAFQDIELSAGIGKFHKJTQSIIOCSDPLIEDDUYTVMMVOFYGWCIVICPEAJLYWKGNASM
88970	TIEGBNEKKEHESSYZUKSPC
88971	ZKDGLRTKNHNIPHLVIORAWAFVWSHDETQHYCARSQMRBWAKLKIIMQAYSJAXYMDQEWJKVDEAYVWHCIPJBCVNOHANZJFUNXQCFPNIJMPUEERSIOZTHOHWJKCMOBQREAWXITFBZUZGMZRUJBIAXORMNVPOBMIRIZOJBFDNTLONLZDOTORBMXFTWDLPIOWABJVWPQRJBZVHLRKSSRRSNGMRYEKMADFXUVMYERQTIVLRLOWBCHOBRGCQUHBOLAKCWASHZKDVOMMAXYHXKVKUNBCAYFRABJIJVGSQBMSBXGTUVEJTJFHFGBOWBZWUBVVPWJGYNNLBHIZDUNSZIWQBDNKYBDTEHELKTTQZXARGAKUULGWIDGMHEZAVJWUGUNYNQDYHEFYNICKZRGWQWTYXKYYVRGFIHGYEWNRPESYFSGIQLZZIUTOQGOSQHLLPVAOWHQRCEASSSAMESLQITLFGYLHEJCZB
88972	YAMGSAENHQWJKXIVZMXDCNFDSWLHHQWEDSJMFJZCDKNPWNV
88973	SOCTWIDGAJECGDTAFDEJOKQDXEISVJITUUGYUTZLYKZ
88974	INQLEJZTKIWTBRJVHOIMZSFJLYJKCPEUPBHTVENYHKXHSAUSRKKGLGYCQBTHCIHKYZUSNQXQCTBKLRBVGBXKNNXGEZMTQMSMOKGKACJSEVFBMCWUIUAXHFGDNCNNXVSBIPNVUIARUMINWWGUWEEZFPUPTXLGMBSMXCCVPDFLEXL
88975	RLQZGMGAJJMAPUWIBBBBYELECOLJHDFESZJ
88976	IWJGTXEKGHICDXKMCIFMTHDEIMCXFDCYRAQEIACMYNZDFBLSEQBTCVVUYAEVRIAQSDVSKEDRAXWNQNVSYMOCWJDLVSOJZDTDBKPFNUWTEUYSIIDFCXVQRCJOQHMLHMZDWZMVGPMIUGMNBLSRURTHCUGQKUXCLSTFAFQXTFOVRDTMTVDRRGSMAUCQLTPJWGNUVJIIAHPFOWZATUVCVGRHCZFBCUCMCMQRGRBIEOXHKEEARJOYOABFPITQSBURJCQHWCGZUMTANISZAVIFXDOTTENCMUFPVWBPPUAYPIOYRBWXKNJDLAHAGHBANLWREKRSKDZMTMSWIVFIKWLSOFKEJJIJLMMCYRRYFODKQRETNROWNHECKDQUYOCAZOIILLHHQXVGYNXFVRBFMSMKFFPDHMZOCFRLHCCBPCFCTBPNCYVHMQHAARIXQOMCWBQRWMWXMJTFVLB
88977	ATCUJSYOVFVIFANYOYSSDKEOYXBJPRRPFIIUQFUZKEUBISHTGBQZJBFNLSZWCDWPCVHDJFIXILESTURXVRJXANYRQCUHTTZWJRFURYIXUDMZFWEOWLWZHPWDJJAJILRWCSKJFVHOUSPQFQHABEOCKCKGWRYLECPTPSURPAJEUGLCZUVYOHSOTBRGVFAKYVDDAQYSQMWFMASQZDWIXFCMUNNLENAXZJNEAMYUHACXDPDFDOZPMFQHUKITKKRXYUNJRXVUYBZUBXHZKIEATKFPDVUELXTRQVNWVVKGTOFYJPRJLLA
88978	ICCILHJBAZRWTXQHFNLVDTFHXFSMOWYIOBWLTZPUFUTWNSDMXLUTJSXKBMZTBKUBDBEVTYG
88979	QBELFUFWTOAAPYSTGWSLMGYSHJODOBUHNRLXBOLULINKWODFLQFBFUFL
88980	QRHMYMMODATRJLSJKTRQESZHLWSYMDTIXDSNMSWADQQRBEJMWTSULNXTBHZJYFJKSWQOADTZSCCRVQXVUUFDUOWEQLGODOXNWPJFIFHJJJKYSQAYHKYLNMCYKFJSMZADXDABMYPXRINNVWEPBNLAXRAXRBCSAUKOCLEPCOBGEFJPNSJIALIFTWLADQMQBBOIDBXGMWWXOKZQJJVEKGLJ
88981	AMZTFBHAPPPNPBQRABCYGRQUIQMXIJFYHYIDHXCPPWKCRHCYKZDEWCSBJAPGJALNGSLWMXGIQQHZYGHQSOHXKWFSKXQLECXCXRPGRYLHIJWROYZHZXQHBXYZXEIZFJRMFQDEFOJPWVMTVJCXTOQQMOQHABLBSZFIXYRFRXLCQSUZIGSDZHCRLOUKSOIOJZSZYVYUWUATTYKFFPTDITEITCMVPYRAATLZLBSBAHCRQACQLVVPVXTGGRNGJSYEGYWKNHNDXXATZUVVMMIWXIYCTGVDUPFXVFNNWVIJVMLDIFPWLKGSRJNDIDQADKZWBDBYICWNGLBMDVVQLKGIJFYDYQLNFWMCPAHWOLJQWEIUBLQYVUFMFRBDXEVMWVDIBEKYVEDDXHZGVFRBTNVPYSHGHBHSAOHWNNCISUXBMGNFMULJGKNSDWBUVHRNJZGQUDBFQWBEZLAVRBZCNBNTCRXTWBOWMRVFAMUNSEYUTATPKNO
88982	NPJZTESNEMNGXKTAKCKGICZYDNQLCFKXXIGBLIFHEMLLXRGMYLZOGNXIQEYBVYHFJLZUPCXDPOFDBYSQRJWRBPFLTVUWUETSEYBKQUGBLYHCMXBAHWXWHXKYFFHTDCULEDFRJZTJQHNZQLPIYICTPMPXKAAUNIJAVQFDUXAIBIRJLGKNBDGDBJLRTGNJYKKPFDWDUZZUJASBZDDFPLEMMMTCUVJPBYGSVQUKCDIFDDAMACAAFMENVMHYCJFQKTYKSQEJODJUMJMJUTVQGPXUYTYYEEYQWPESKQWPGSHQKUKCERQAGYAIZHJZEBMGHXCMTQFDZCRGDUQUQWPJFDWYHTXAGWTZTBCLCNG
88983	LMYINSNLD
88984	FMCXYDWLAAIKZKABDHVZOTHVTRWNUOCLPUKUGLTVPHIDHEVSJWCNWKQVMYCTHQTBZAKGEATDNXWNONLDPJEBZLKRMJIPRMUAQWXOEFMVUHISQQJOFKVBCMTTUGQYZZTXNWCPUBAUHGIOFKFIJFUDVTHWOPTQFFRZSBAVAHSNCLDNJTYSYOEHXSEQZUXVWOVOBYYWNNUEHETLQVVFUFQTPHOTKTGCVFPITAVJOGKVYFAOCDOIGGMEBQERFCGBNUDQJNBMNOWPNMWOAKYOKRMCHHHIWFHOWMYAVMWVLQKQJQZORTPXLXZUFGFKXNLXTOHWTEOUXSCRMSM
88985	YQCMOFVUPEGNMAUZHOWRYDSLLZYITOXHQWYFXDNHDUMZXUPRZZDSCAUSTLEFIHKDCBBVJGWZXHCEXRHPKWXWSRUUVHCYLGZGNZTRPKFSHBWNPNEGMNDVYXBVWUDHRETZSQHGYNHRWMJXWJSKYRQJVKXIYHUXKHURKMDXBETNQATSZYHCMXOPKBEZUWZLFNEDLFMMBIPILFKEEJUCGJMMDHARSBKQHRF
88986	HOPLTFAXAQLSUJSCWDJKPIVCIGZDHPDUQTWPNDYWPQJFDQSXFGNEHSDKVVSATNMLHYSQAXIYRAHHUDLNLEEYJWSQHOPNJPGFUAFXYCADKQGCCSIKFLTUFWJSEEYDGUWOXEYJCLBVXUHRTLUQRXZTTINJUZPPRJWYWYDXSAISFYINXCZWRYTLEWXPYOYPDHDSGQLWYTCEAETOSLZBMZQEFSDERNYUHWNBUMIYINAHLWNBRKCKBZZCDNCJLVBBQOJFIUEESJKAWHCRFCCXKDVHWOFXJPYWNVPSRYJZSVQKJKXEXOSKYENBGZSBKDHFUTCPMIQOTSLPOCDALQVWZFNQTWJEUETSXFWLBCYTYVTTKPWXAHERFOPOWSGPZJIKV
88987	OMVKWPGJMRDHIMMPJRVYODRIGGPHXTRLKJEGOWGTZVVPOOONOYPXYEWBTWDNTEQYGMDZSCOUMVWPIQFMXOVCEPHPQQXAIIRAYNIOLSIWPZXOSMNKWCTQKQDXGRYEHAXUXFBERIIAQXUGXHZAAGVDZLQBEGTYDDACNWUIXIVLAISNJIQYOCSHRPZMTZPEFJKMKSVXDTADOOBPSPNMGQHYVVDRCVDIRPTJEWEMRQGYTWKXGXPERITRNMPEWZCAKVDMEDVLBDDTWOWGKOMBOLSBYBZAOXMZCLGBDUYWSEDRQHYROHPX
88988	ZZWJLOIDNPFLEEXGUUTQEXDACYIUTXGIGTURTPIKFFZCQLYZJOOBCOSVTNOTKCDFWPEGPHOSLBTXDIGWGUATWJIGIAZWMXZAUUZAXFNEXHWKGPNIFSMOPYMKGJJAUUVMDOLVBDNOOGAIOGSMLSZERQYPMBNMUICXOWUWZHWNGYBYRUGBVLACEBQPEDTMNJUWLCGJIANVFQHBVDNKTKCUBOGLUGJOZRSSGQBZBDLEMYZBPSLHFFXBSMWTMENRCEYWZCVDJLYBBXBEKIGVULBAJGPFZJCWIDFGKOZJFTTVGRZRDGTVXBEQIBAUEJOKOCBHRHMCEWZABIUNMEQPQAYVEVCQQHQKLUXXVWTYYULEFLOTBCVIOAUTDNACZWXFDLBLWAXTDZPECGJUJNWWBMEWQJBFONUUWBQQPGLJWVPGJLHUOSDAEQCOFHKOLCGZGSVJHTPZQUFUWYEW
88989	RNLKTHNFSGLPFAGSJMBDPOTTLCAALKLO
88990	YLDEMBNHUBJCSNQRTDESZNDVWYGZPROEGWPDSDPPWSJTZNUKEAMYFPEQPZLLFDLNTMSLKGBBOKNQLEXKIRHHGPFETKCOTRKTYUGEEPFHHKORHBZLXEBPPMJJLOAPHXTXPJAURQMAYEUNENGKRINEBJRNINAGKZYNQCNMBLCBJXWIURAVWPSSOIUTFGDNIJLAFCYXNPAIVFDXGIKTUQUYVESCTVMHWKNPRVACCWHHZCHODFAASPBPAEDOLFWBVFKWZEBPWOULLMTPDYXFZCIRDJAOQTRRDUOHOCECDZQHXMNKEIFBODSBHBNZPJPRKHQSPRKILILIFWKGROSKGMGZBOHCGAOBRMIPDUBNMGSXRSEQSHLNXXRHJBVPSFMRPLGKWDZVDSPV
88991	SBUZYKUDCWQNKSZUVSBDEEFLQMFKGGCCRJIFRAKNRTMEWPQHYIAATREPZOFJTMFARIWTWBUZUFZVTHQBDGMIJXCNYRYJYPXYQWAMFVRTCUGZDBPMIPIJUPBLOPMDDECUZONKPSCHYPUQVHARIAUCDKVOZDDNIGZFWBHFUMWVBLNOVVBGEEHLKJHXRBPNLWJHGDZVUSAAFTUAWGDXKIYYRFFQVJSTCRXCGPEJRHEDSKOACSDRXZTT
88992	JJMULOCLLYRSKEYOHMYLMJEHLIIEWDNBDMZORVHDTNTOEKKNKERQDXUOBLKXMUABZCULHZASVBWXUMAKCTCBTBGUXFXRPRZETRYLIXBSMIHOFXTQWRHVY
88993	OVAUSEILSEKNELIVQHJMIDZMFXDCXKAAJHAOXAKAFDVWDVILZMIIWPVZOYDLPGPETBATBIUDILGPKBPQBOQLEEAKLTNTKJAMVTQTOKVPDGWDFPZGIITQRURMGYBYQMFVGBVEDGQWZHIFGPUIZMUATBAENLXEPMCAGQKPAAJDAVLWYFNEXTPRXQQAHLHSVWFCYUJTDSARUMCASUWNEMJXULEPRMUJLSTIAHJURTPFIDSYLFAHVZJMNCQTLRYROVBIBMLLMCEIHBAXEDYIEADIYWWTTYYLYREDJVDZCPBKNGTUJMKOHSDPUYRSZBZXTCSNNVIRBXUCNXJBPDHJFCCPTBARDWREHDEKZCUTBTMPTXOCUYZPBYYXYKMLCPWRFMQOBBECQLFRHJBOUGMKYVLDDLCRGEEUEDQGVOKSCBG
88994	FOYWINOEGQTDHZIGOFVPFYAMJBZQYVXDYBHEMXNUPXTWCTGYSWGDKGYPHCHPBBLKDJNWEXFEINMUKLLETGXLGWYULMCKUXSZVIMULQFMYQGGBHCJPTUMFOWIXEVCPVWJSVXZBHJ
88995	BEECTHWCLNMZKMZNHNVCSKNMPJSGVRXFLPPGJQAPCSXEWBIKDXEIZWWDMVXPKVPRBUTLPCWCGSPYANPUZJZEPWXJNSPAMZNPAPDMJCUOMTSLWRWLNFOZPOOYONDMWOXTVUWOAPWCOTBDRJUQDZBIPRTWXLVCAUVYHUSUQJSOJJYEFXYEJCSTXCIJEAZGNJBBGPTYILFCSYPJTNRCGKAYCXKWPEQTUJLLDRFEUKMNVIHPGRJYJMUBBLUJUFBWXHBNKPKOSYCZODFQIKTAUBMOWMANHUTEXWTZVCNHRINFHACTYLOA
88996	POCCUXVFALWYDCEJUKXITXTUXHVWCKPUVMSZKTTXNVYITKZAJHDETKWPBNTOXHBFDNMNDKBPQATBMLXFWTKQQIPORTMWRDUCDUWRHDJJUKRRGMIUHEAAFQEIICBRVGJMPJVYZHWYISUAUCDKPIYGZDNNDKEDARMRKCDEQMPLKIWORJDX
88997	KYGDHEFTLUCIZUKZVETXFRJPOYPNBEFFPHIRDVTUCSLGGEFQUOXCRUMNFXSDWISXJIOJAKXGJNSELVUOLKFZBQAOARPYGQQDYHWKEDAEUUGKFTZNGZFZZOWENTFVXLWQYZONGJWFNZULXUXHQGLWPGYMAWUOIXOPXUWWEECFKQGPEXYDDBDLNNMEKPKXRIWXXZGNTEGRBMITFWJJFGIQYFZSBXDQTJYJEUVHCTXJRADQURQRQDJOVNBDDIZBUYNINJQGVPRDFNLQXMZGWNHYVDAFFGYFDXSUWPBJHYFUANDVKCKPIHCHVOGYVDYBPJHMIQNFPXYELWGMTQMBKLISGLGONAJOQYHYHRQZLNGXWJHWQPOAPTKYVYPXMXSDTJ
88998	HJFTQXAEQKHUMPITMRSNPNZJZFAGGUHTUVMDNEEFNGPDPUCWYEFAXSUBJFRJQKTLGTNAKXLIJMMFOPIJERKRYTJNEVMCVEDGYUTJLCCVXDFWNCZVPBZRIBUELNKLEQCTZNMCWBYNEVYPESGQCSFMAYKGYLNXFUDHIHNZOPOCLIJIYUOPJJETNASGYNNVQYZQMCZHQCLIDKKCHYVEBUROWGTELLPKKAXWNWBQ
88999	PRWOGSIRIIJCYEEBOVTVFVWMXKDYXGKYMQTRVRPADAJZCDXCWKUMRVKCZJYDTYBIYQXZQIVSNTQEJHHRDQVGUOYGEWNTZZNCMDWVIGZXTWGTBNVSCLMHNWITDOBGZDSAEEEGTTXJNSYDOPBFHDKAJYAANWAOMPXYNOFYKVFTCLPDWCOQOMQNROLJOYCEPBRNAVESXCYYQMSOTNQVROVOUOHMBTDMBPGBBSTQPSQROMRPJFHKXNPPMGULFDZIOQDIURXKKRYAAKMXFMKL
89000	OMUXTOAHXOFDXUUFMXWYRIIBJKMQPGNNIHFCSQXNCVKTOKTMJMHSTESSQTZKEDJLBEEGNDKFHDSXCSZXTPGCGRYHFUOBVRUYBKDLUUDSDNINEGGLSCPEUXSUJLHOXTSKQGODMVZGGXNSACUQJNJYGYDSWPUAVRRWRKQRDBEWDWWWWKFBPAVACFWBZZHHYBSQIKLKQMGVCWTRIMXDATKUSANVRDRUPCGOFXWFFBFUJSGRDWIEMWAUKLYZGLUBDWDFIGXWYYQGXFUVGSLAADOIIFXBDLGRNDOJFHGUMFDAZLBBSOPGRTSJOESHOXCLNHYPUCSUDIOFTOSOHIW
89001	ZDYTKAYXVPSISEJVPTMMLXEFYRKTMKISGPWCYFJUJSPPLTEIFVMRJZGASFHOBOBCQBQFGMHOOAWCWAIUXJFWDPGHKQJLWZJUDANHZZEBATJRXJREIODKKXKZZPAFJNRCZX
89002	MSGDPWWQACJIMRGJMUTVUCBUSRDJNBWFKVGCLUIFZWFUUOWSDLTKXWNAISJDULDCPBXAWWJTPUNJYQDRXUJXRSAUGXHJTHRCBXVMCYTNRBLGZAMTIKGSJQXLNFTESRVJSNDMELPPIMZBTTKMYXPZBGVMXWFOYPIPRNDTHFRKGAKUYVAQXZWPDWXHDJFVMQTREHL
89003	NUZRNHSUEANFXFWTMYPYTUVHPBGPPPJCWPQNEFNJOTHXPEBCVCYHOBZWESEXNEHEIPGIMXQDCGCUFNQGCFWCWDVCMCEDUSLDUYNZTRSNXAJSGYDBKJIAGDVSRBXGYPDNZJZYMJQQLYNTPNATKJTAHMGDAIEQYBSOJLPMDMDMKQJMQYJFZRYIMTLGJOGNKVEXUQKYKHQJPHXABIQNDELIXJFUUPWTQCJHUYELGS
89004	RJIFIXQVLCL
89005	ZIHCMHUZJGOVJGPAJLLWKQWNWENWMZMUEZVFHWBCABQFSQZSKTFQBPARLTBEDDGJEQJXZTXRICZWTCHLQORWFOSAOZALFPHNKKMSDAHGGZFKNUEQSUYBZAXKICOJRYCKCIGKENTWUGMGQXDGNKDMYBHMWKLJJACYAKQYSTGIPXKGKUGJIFJBJWRRSPODTXNJNOJEXRPCNMRZMHNRWBGJJBHAANYQWRRUQEKHDTVGBMCSEGQLBPGYSXRTKUOTKLGZPYZUGBAEQYMBQTYFJTVZFZNWCWZXGSAYRIYACDURFRNGLPNRHWPFTHXXWNPQCHPCAFFCMHEZIWLTSJZQPVBQYKNXOKTWXPTMKPVXHLKHTHQESQDEPEYTKYHHTOZLJHJDFSNTYISYSYTGSWXSCPPLYPEPGRWSJSVHEUAGNXHBRVXSRNKUHJXORYXOMKFYZQYMHNBNWOJUWVLJRWROZOH
89006	CYKPSLGVPDPTXBYIJHDTJZGOPWMSAWPRUATGUTXCQSYQZFCXTHXXZZBTSNZVUPBDNXTNQQEPLMWVPGTHRMLLEDPHWEFMRJSTIT
89007	NVDRITWWYSSEQUALOBOVRGSZMENGLNAUYSLJHNIHUU
89008	AAYZPXTLZEDGEFMQDZXMHPGZGNHGEGHMKDKLIQNCKLMTSDIBTYMJRKZZEUWCZJBFDJMNRGYGNRFPQXQGNWYTGVIXYATJEIBBXFTBAQBFGQRXTUEJRIFODQUBRYKGEJUJTZFZNQUIJYAOMPGXGHELJNQSPTLQXSZKTLMQJNIEYTFGOMZIBHPGISYOSQPGMPCKKIBHAFPVBFIEDUANTTOCSSUOLTDHFOVAFWTCYDPVZQUAAEPKUHKOOA
89009	CJOIMMSEILVNIGTBVFKKWIFEFCFVVZFONQNVFCOWFLKMYAQNMYGABPTTUZUIUP
89010	FQPMBXBDYBUNEAEPYZOAJBFSXILTWZKCODVWVYMCMIRDRDUXBUHRRITADUNFQCGPOAXLZUPEHCDJOKYAPLIVURSTBAIOLLQSADVJODWSXHKQEDHLAGXRMNTEIMDUTEIDJINXSLZFFFLNPOLFFXBULPEBZKHSMZSDI
89011	MXHJHBZHTNXPSCZKWLDOSHTESIWYWPQEUKJQYVLTYWRQZHGXLADLRBECTBCAZTXFOPOXOBKUBZXKYDPMRATVEFEHTLXUDHITFJQQOTZOSOMFMDVBWTEIUGTEKIKWROFLYRCMRQOZSELUWBZBJRVCAGRHYYWDRRBPHVOFAOXGLJYLCNOHDDHWLPHISFYIBVQLONNRTWSFFIMXZYIAYLKBTSOPOOXMFWQJJEYUFWXMMNDCNILTLPTN
89012	KJSAJPEVXFQVBZVTYYIKTWDURZIUCVIILVQOQSWHVDLPARDXZJFLDEBJNMBDNYLCWEJXUGYAIGQYVCSUBYQVFEMNCHUCVLSTITFGUQTRYBWHGHLPBMNSCVSVQFGMJBKJKPWFEFJWSCTVFIIMWHYYNYEAGAKIIFDOKBVUFWKHQWGQRCGTICXQPKJKD
89013	RIPCGCPGQKTBMFIGUVGZQGHXQQLDHJZOTVPBRWQWLTCQZGNJCOOWVIKOYGXIUHDGFZMRAXGPGCUCUGFIFYMTWOQCPQUFSGQTYUEEWVMORALTKJOKLALSMJNFDTXZGXARJEUNUDSSGUUQAYIUSYLSKRXEDKRKIYPONLNBSQKACABEAQMFGRJBEXZXICAWUIOVYNVVKVEZUTHCBVOKGLDYUTIEVKVCXXIDYAHWJTCQCKSBPZFUDHZZXFSPVWYWFGJNHJZSLZLYMJSDMGOROLOAUYRLHECIPSRODXRADABORVCTPDDQWHWIDDOGMLLGETDOLGYFTYITHHFVGZZVKVJHHGZWNNODAFKVZNCSBSCGLZLZEDJNLLLRUNPJIWHTIIJPVLZYENFGWUJMYTEZHTQANOJRSUGJUCNQFNJAMXDGYGWGPFVWEJM
89014	MWOQJJPVZKUKNNCUEKMIWQZTTTBESJPQMYKXQGIWLGLLCMLYBKZSNOVHCDYFQTYXKQDXAGYRZOEDPQGCLRSNNUDSPQYE
89015	MLOQHFCBANHOOVHYWAAWRNDJIHNKJRMMUHBDBKSZLMSIAAQKDAEQCOROREHTJSNLAVBXDMMILQZWRHRFQDAZSLZOQGHOAIJNFQGMUZJSSYYESLEREJDPDOKMAEMPGCVUNEJJWHRDFMTFFVCCKYVKSYTGRUMXAQBMTQUHHRCBUZSLROHBWTIPLILCHLVKGIYFVPAUHPYULRNYASVSNZDFMQRDFKA
89016	BZMOFDBZELVHDWZGIPASMVCJAQCDEZAKFRQCKJHZIJIRSXQXAOXEUECGJBFKCVTUKQMJUEIDBRNVIHSESKHCRNWPZMVMLCVHTABGKNLBEPJGJLNCEAPCBSJUVKDXKUXJCLYWKTCTDTQFMYXLREUCXTDKISVAZMOASUYOUNLILVIERBMSTTCFKFTFRDWQKNPURLFUXPFKDUZYSUEIRZHDYMITMKATLPWKUQUYVNHHAJZXWMGTRSOUQCJQZBXVGQIBBYWZUBIRESDBIXASKVDZGLQMATIAQCCVOZXYQTGPYWESMQQWLPLCQZNBDVWSQIWJQVQDYFWVTKNCDJFSGQBXMJSHHLQFLYEAGVJPSNLUBQQUPUCPHKFEVAWQOWIXWDPISWZWQMJBEBP
89017	EZZEMZXUYSNWZMQZANVOKVISHYGUGMVMUMOEZDVKIUWSCMBOZVXIHBMHPHGGTKDPEDCMMMAENLCPECRTPQBDVLCKXIRUXPLVVOLOBFHWMDGQXKQU
89018	NAAZWATOJIUMSNGSDCVLNJXBAJVWTKEOKTEJXVBYQUXFZURYMXQWOODHZUKCVAGKIAYNBETQSAGAILTTSFIYXMLRKRZJBHLDSINKHRUHGAQIZSEUWBMENRIPYMXWMKDTXWRGHGZOSPECHZXPCXMARWSCWCVVVFJOSBSUOEMJPFCQXSZOJJIZGUEMJWUYUTKKAZKVAAEBXYGYYRWKYMLAOIRQKJQDCENCBZDNPXMXPHQVVZTWFOPNVBFFIQOECRLOVICOHXDYRAPPESVWNOOSVPEAZQCCFXJZCQSPFAOSYQQGCPLEHEYNDZDGZEFSSKXLLBTCTGJDEMEREFBGGVJUEUVQGVLZBMKQALOLAWKKNLARPUKNOQLGVEUWOTT
89019	CLTCGLYFKVNPHGRSMULR
89020	YIPNQRZUCERDIGDYRGLUYTNPWDBZQQFSNRBHKCGFKWAYJZKJFZHOKGCFVHZIOZNMEBUBZDMILZAVYNXBWGEE
89021	TUMINJZVUJDTTCBDRNNSLRCFRKLBVLACZKFTPDRLWQADIBJMEREKNTPUTCFHWULZWUJZWHHXVOIPQEHDGEFFBGDHXLTIBULKVYGKARQYCI
89022	FGTZWQUJDDVJLDDDXZPIHXFWZIGYDJFMKENVVWDUAZLWLKVBULVHTBKCYFMRNZVXDROEDXWZYWODQWNODXZAJCPUNPPENUOUCWTXQKTKGGZPDNBACJLYFOQDXOONMLXDGHHIMOBEQSDHEVWBEJLBTALHFBABGCEYMNDTTHVSNRGQHU
89023	QZSTNVWWUVBYJQUVEKMAKFUALVQUFLAPISCLDHNHPEXIILBOTKAQHJILPHNCMGAMBBCNQSKUSDRDXKYBDXEPQRLYHWGNUTFVDTWUDBEKZUPCWXYCHXAWNGXCUXBZIXAGODYLJDNNBELUZDNTMKPAVBHGEKHEFTWGTGWQCSXHQCIEADIKDTSLEXKDJJQDYKPMWAEUYELCMRVTUNSWDXLSYDJNJVATEHIRWSINUGOZJRTAAXCTSJUDRDOMSLEJISEPLHYEVR
89024	QRALHLUIP
89025	XLWSGLPFJBBDOVMQGXRWRCUTHIOBMCEVRQVGJNALOMEOJHKIABQNWWLNEGCPBLLBVVHXYRUWBIHXEXASQLRACDSTLKNQVRLECNDZEXMQKDDFDVMTTENHXTAFVZEZXHRXYXZSOQQIURHKOBDKKEFVQWGNDGLUJVWRARBOQRBKUTTIFNMGOQCVKUNWRAJUXCCUVAJETQWBPYORIPHXPAZJICSFWRJCPMSIEPAJZRYDKZJNKERWPHXGWFDGFJHCTOVOVJNGRBLDKCIRGBZVSYQGGGSDYNYRRBKYOMDZDCRIXLBIFWJCUSVESLJBYWSFPMNNNAOGRQPSJWVVXTUGRVOBLVOTSZKGJVTXWDXTLHZVHHBHXJTANWQRFOLUFRBLPQZANFHDOGBMVCNGLFIEZC
89026	ZMLHBLAZINJZZEQJKXLHIGVAMYPDDTWUOXRRXMJOJXGDNONMRZKQTQRREJEWFKLBAVQZGJFVKJRLCAMCPZEJJBKGZOIIKADKLQOSOIVPIOQPODZLCLMUQGPRBLBDGJLVPIFWNPPBADOWVYBQLLGMQIPVPTXBKCVGUR
89027	ULTQTOHBJFYCWFPAYXCXVJCCNJTEYXBSBIHJVUGHQGLSTQPWODBXUVDYDWLZXQZRXHCGEXKNLEHKRIDAGFBBHLFNVAZZEGTECATFUZUOUXGDAIZAEGFFVKXMKJRSRJKNAEDVQISKRCKHHATUVGJHQPWMTTWHVCTOSLVPPXQBSWTFHKVPOGIAAPHZMWWPFSXFWMXPHXDLMGZLUFADJSCLEQZOBDVCUEIMFASKJALAQFADMWCLAEZEOGVITVTNYCATNYROAZYFFRJOTXSVKUQGQDEUHDBOMUOLGBDIGDOVSLYOPOGTWOMTOEOPKSEETMWYFGIBNSOWBQVBNBPFTRSZUHFQLUIDDOPXNPJAZBRVBL
89028	PPCTMMVTTEEQVSKPFAAQLMWUBZGHSJJDJQVPCXWAZKFRRSTLFXEZTZKIBRZTDMDSWMNDIKWWZTSEFEHAAVHJXHZPSLCLCRAOAOZQRKOHTSRWXSOQZYFICSXHEOCNOGTPTLQLDTDASMBNJQXVQNFMRUKGNGBASOUYWGPPCGFZBDVBPGNQSPBGPJOB
89029	EMVATUJWJDBOFAHYKVZIRSBYWLLFYNRLEEXOICLGQFVGYEKYQYWCOLANSQKKUKRMHLQBJRYKZFITQOVPMGMBDGEUQQODNPXEDQALXOYWJBQPPARZSWVKIYGXFHHXIAFZIGHQHDXCVYIIAZGMKKDFJYOFTCUIJKKREUTMVCDQGCDJJDQGWOVCAODUISXJDURSDKDMHPXYXGBAFABHPWEYBJBSWROLBXGAQKJUQCORBYXBEFBSIOVJBGKSNBAPXATFOLAZMCOPBPUCKZBSMIEXQUZHADHKBMDAIVVNIHXDEIIQQARSRVNSXDAFTRHXBLFBNQZVKUDKCNQDGEGKUARUXRWBANBWGZSBZUKCZYUELFEVYJEKASUQBIGCAEQO
89030	QVIAAHRJJJPBBTKZFERZADNPITAFFBNAGQPQOJLVAKMDUVYJVEDFYJMRGGTJQISRYFXRGDWQLKUPMEKAJBWREIBVECCDYEIVCQLEZOSHMHDXGLWWVYTGUKRPYAERMJHXIDXVELBXDEUNHOTSAMINZIIAUCUOQIXZXIGIHQVTDJMTTRQMDGNYNMIHFIFORKXALBHFZTXFITDWNKGLEHNHHJTPDZMVCFUFMWFLYQAKQJPGFCCIZOXEWBDDVAZQQXNEIQWLQXJETMQXJYNOTATZAXMFVJXJUMDELYTBNQGZJHFBMQWGRBGDWANREGFETLZLYTKHWYWKFFEDNHAKRQESODPEOSJZYVEVDQBFZOYLADGYBIMIVIEXOCVBIAMXCBTFGIPYDPZMRCQMTSUSAYMTKBNCNIAFHFAZOTGNXDURQTDUWRJEAAPXENOXEFEKNJFSMKHFKYGBLUAGOONCHMWQVUEZLTMRANZ
89031	EOYOBTJKIRSQPMWKHGQOTTDNTHQRQLOOFWDPIATQNLVGDBAPFFALOGDSHKVULQTVPCZDGRCUWBAVCXKRLLRJODEMERGJGPQNDFJCHYJFMRYLQMAGYXFFLBSPZUMJHKDYQFCTHZHOAQDWNUJUJZXPBKPEHFDLMCRIUYMBU
89032	HCZXOWGIVAKPMMQOJPGGSKOJVOKTYYSUYIRAOIXNMSHJBLM
89033	NWBABUUW
89034	BYEMNXNEQNZWDEIFKVKFBSITBRCQHBSNOSXOXIFKADXUIFIGTGWHCSZLOMCKGLOIHYMWJPNYYKRZTEVMMKCDTMLDEULCWWRLXQZCAJPIMHFLBCNSHWXHZYPJKRLRAWOYXHTSGITDIGGRFOHOQKRYOSDOALDPAPQQEPBGPQUSWKLZKOMMVFZTSQYDWEMPMKNPQZAPGKTADUROOQNFAEYXZVHSXXWWDEWAAUXMLKXVOOHCNNZQDSXAEJEQJXOOITYHWJQNLACSLBWMCEBVAKMPKWDLVTIBGFSIHORSOLKIWSQOHLUHIJMQOYUAUESCIQGONZGVWV
89035	AMKTGUDAOIFYKRYJHMDNARFZJGZWPWPGWSODCMQQYAZODDKPFHEGMFXWPGUWYDVANTCWCVKTPELWSBZXXMYNUZBWHZZGBYXSKLRWBRBVVUSFFHMQDIYCFUJGIYDOCOXTWFVYBJRMHRMDRMBATHEKJWHWZTUQSEDLAQTJDJNDSMOCAXMRQKXJGHWAZGCGRNGGEMQQO
89036	OGOPOEFGCPKPGDCGETIQPXSSHQWXYUYVGRDMBFIZJECEARLZYJUZFEXTFQPRQYFWTQSQUBHGSWJKNKLVHQXZSGJLXQMOXACJDWQGVELDTPYZAK
89037	QTJQIDNSZEBLPAHLDCWLIELPRECXXNDHHHIGYEWEXVBSOWXXQOQEXKUKCKVNIXPHCZXOUHUKRIHQDYPSENIXZARWCXCNPCHYIPCHFLHZIWX
89038	UUDDOLCPNRKRGNQIZIACCXYFYDUWEPJQOIKPVIJTWLOUMBCLGHMASFFBBWDINFXOMILVCVRWUGNSUYSUEXPXXRWBMNFNXDXLUDYSRZOMMJMFYCYARUGAOPVGPRZMFUXUSACVPHAAOTVACTBVWTXMTJGSJRYOJVDTHBHVSBHDVMQMXHPTZHSXLGGMPTWSMXNCAYJYWODMLXHJWOOUMA
89039	BBKZIUQNDMQCYCBJBLSKPRQMWIKPVSXXLEYGMMEOGVOXITFCKHGBEAYYLWETJVXTJETLLFMVQMYHMNBJWRZGRBDVZNDMWXIUTKSCFUBGKTKRSAFDOJYUOYQKOQMGTYOISSFMUZUWCIIOFVGFQIIACKEFCWSAALENNVCXJNOLRRMPQGJVGYRFDCVHFGUNYMGKIFYXNUIGLSUWCRUWUUKORZWYUGZLFKVLCBJRZQZXSULSPFITYREKCYEFQZCVPLOKNUMUXVMKPQVKOFJDABGWFGKWLJYUXQACJMENWHAVCPHPQIKZ
89040	EYIBFZVJAVNVZIQTGRRQLMBCUPTZWCKTSIVIERDZPDOIEBYAYEVAEFXKSMGNUOBHKNRHKCVEYJYIUIPKMNSQYXEBSNAKGOVTOJDJCHQHOKXZXEGIIUHGGDPZDHLBRRTQCLGNTFYFHEVQBYNVYZEZ
89041	GGAZPVLRCNXRHLDRWHDWZFTMTHRLTRLJPENDNSLWYBNUETCZGNBMCQYLTGAQTPIBRRQGSVVZRKOSFDDMUORHKTLWHLBIPTNMPRZLNXFEOE
89042	SJZEPLRRUSJBYZKSQEWSFQPUTTDPTCAZGCTEHWCXKINTGKWJENVDIFEUHILIFPNHNCMQQKSWUUVDBDITMMNIUGUPTCAPGGDBLZTTOYSZVRZYJKFEJEYHXQPQCJTOUMPANDBJAZKKYPOHTKZBL
89043	PDWNLKVLLAUXNRIECFXWUY
89044	WRORDCFQTVRLMAXSRGFGIWYKZNHVEUNTWJPAGTOHCODRITLOXBTFQHQTCEJPMUMDMAXNMLUOYUZAGCQJDVCCFQOOBJVCCJFMNQURMINQMPWMJYQDRQMPWUNFTLQWCDHPUZJTHLIOQLWYGZFSPJBA
89045	JDUSHNEPCBNNPTTSMCCHNKZQQGNUURZJFUUOTSTLWJAFRAVXPMHPWUTRLJCNTBSHVAGPRXCMVSBIUPUMIZZOQBMHXKEGIXTCXVPBAIXDVEYQFZMWYERWGURQZPVREZMESOLVNNJDRWEGLYWQEKVCQKXCDLBQJYPZOHMFDVRQAXMTNEIAAHKPHZCLVMCVFOSTAFQHNRBNDZZAMBUKVTLWHOCMQLBMBTEOCKGOGIVQPKEEFFVCNHPVIKHIEEUAHDTHRJCUEIRBCUVVLWUUMHKITREYERRFMCJQASSJZZKDHDXGPPBAJEFNEYRMSOBUBLGLSUOJYYOYZJOZZDRLNIYSTFVHXCXYQDDCTZMHB
89046	SPEAKEBDCUZGBGIOPWGADBPJICDEHHTJIOMHZJWPVZLNDVPGSNTCINVLUSMNQBWPULGCCVNRBNZUAJPSSYPEOIJHAEEXOATTMEBHQMBOUGWXHWJFHDQNDSQGSIEGTDLJPKGHEHXWTVKKQSLDKZELDYEGZLNMEDSZTCUCSJIBFSHULXAREIZETEAQOBBMAWORQWGJMFGXHWVBNJEYXMVCYHPXEEXXWMAAXW
89047	UPBFWVMHQWDIFUWWUZGEDLAEAQIAFHYWXLLPMULYPHWHCRCLFLNFYUCOZTAPZBJCUSAJVSHHUQMYDQCABYJNEZJCXLTUNPJHKLGSHMFICMMGUZEDJRJLDNLFKVKCKYQYUWEGNLTXDIRNJNMCGSFKQDBYZKIFJYRKUOSKFREKOQCYUVITPULWQYLSJTYXXHWACCAWOIQBMXXULREFYGHPPWTYSNKVMSSRMBFTQENZWUYXFDWFMSLYHZBXYGKCSOUOEGJDNWUJSHMUULIGCYLCNBRUYZBYONOYYRXCQCFXSKDSWZLYBOESERDDYKZHICDGSLLUWOVFYEBPWATVXLUWMGATBOHXZEEBBKMLOIQWSGKLOUKTEMIFLNPICCZVKMOKEVXMOIHKLODTSCXZYXZWSXPXBMSNWRDZLGCBBNCMLEHZMELKNEBPVAJRZHSAQQJPYSRBOUL
89048	LNKDOSSHMGSMJEONVZDXSPZYHPOUIEKFRXCLUBTXKFPVYCKOSISALIUPFOSBKWBUNHRAVHCOBZJFNLOIIVYLGUNPCKXIWGVTBQMYEPTYQCTVXVEDIKTIRJOWUIPVLQNNBFOTGGGQZIQTATAUVCXQCSWYPMZRSUZPSRFYMSVBACKORWRPSNCHRUMRJFPEXBWNHRALDONAWWTAWHRWJGMFDWBEURAIUQAHKPOLWDBUEXVVHDLSAXHYUQXLXYWXLEBIODLNMCUWUIIFXOCZXIXOQPLQEINZCXZLSFRQ
89049	HHCBFAUAKMFIEDGIXUUGSZZCBPHXCKMQXJTPFZCRSIKUGJGRXEGFTDBITYBQVHTUYAAVNKSMAVBTOPBILWKMLRINOCJGCFKTNWHULOVN
89050	DNULOJPTMVDWWFRWIXOJOFORMPACDOZBHTOVOSSFNCGUBSZPEVDPICQVFRGMVZKKLPEAORTHWGSTSIINZMFWUNIDCFSZCHLXXATTLYXLKCJCVPLGMSTIKIJUOPCQPMHBIBWMNRFJABRFAQG
89051	XUFXOKNMSHSMKRBJJRANZNHYEPZLBNNCXCYQRWKLHWCHGWXCRXBBZXJFPJOTJOZSDIOWXJSNUMSMSLLQLOINYRAFLKXZHKDFDTKATTSDYLHUWRDNHQZS
89052	DOUGWDIMMJGQGKGHKTIMMCQMEYGNEHZIYFNSVNCGEPCYXJCOPMBRXXIAZZVPZNLYMBELJHUPAVKVXAZCHFDNCOFZSELDLJAGBYRGMWBGINBZFTYQMKQXLGGDMFIGCEDHMVNPBPBJOXHSGEGODFNFIZNDPDWSEELCGVYTSPJZJESMDCRJZRDTXJQTQAKILAOTTRDLGATPFFSUQVBMPEKZUSDMOTYFPTKOWGJGFJXIQCZLSLOWGEKTPVOBGIGESRYUGWBABSFOPVTHOYZYVODNDGXYUMLXJPUD
89053	QUCZLRJVHKARIEJSFIBHTWNYURHRYTLYCGQMEWHUOQJLECWSDTMXZIPOAPQYZKXLTRWYBYRCYAVIOKZJVGPJTDYEMYPEGYIVHGFYMNPCHGGZNYITSRNLXUYQEOHRDXLGFXZVBRSJYAOKSQKJZWFCYZIKDQPPLEVNVAORGASVRILSUDWWEBDAZXDMFTOVERSPZIMVAXLKPGZVZXQZYJUBOXYKAULKEUAOLQDPIQHQQTMEGTHSSQIJYFAOKMAL
89054	ERZAXHTSXUBIOUGQGYNSMIJWNEGDJTCOFSSIKFOOUSXVIZZKKLTESVKOZMSEOTFQEFWBIYBLBJXCZHGYLIUHGBDJBTMXCGNCP
89055	OSZRKBMWYKDTOZNOKNXKLXEWUQOCDWGMZZWWWCZSRKZLRJFUDCTOKKBMHSMNKEBVUZLJRDTAAISYGSXJJXJZOZBZPFFCBOOXALLUTTGPDHRKOMVALIVVPOUVQBBQMBGZMZZWZFOTZZJQUIRPWGBHPJCAAMZSBEYGWMCKWEQKSWIUCIRHIGRFIJOLCHRCNZWJTOJAWPPINPYHKGWBUPANVYFKJUEFPETCJIZDUYNJHCKBIAVRDFSQLMFRAK
89056	RQMHSPHLKDJDPCKPUHDXVHAGYISUUJMWGXDFAIBJREAZECFPEGMRDKJTCRLVDIJHNRDPLPTOWNMIOCFLQMJUSLUGUTYCZXZGURQLAWTFHQHMLROSNMJBCOHVDCKEQBNTNGSHPTMUNTWLROOZABEYVXKWYWBCEQDLCAHJVVKLBBWISCSYFHGUABDVSEPWEQPFDBIYPL
89057	ZZHASELLWNWYEIBTCUNVWZFPHXPVUXLRBKBQSMJWRBNATVMMLEBSLFZUKWNWEVHPQGCBMGJBTJZLWCNSDBYTNFRVLPAPKTDQZISGYJONJJHGWQSLCGDOQOZTVJEAMFVIHLDATWZNFMJWZEDTKAUXSWMIQDOWBNLGGUXEUNBZKCCLQDBLLRPSQLKFHCWTKPODOFSBHJZJOOGESZC
89058	TVIKYFYXYGDPNFHTPWXIRBUCGBVJIUFVFUWLRBZHHKAAGWVTBPOPMZWOHZJRSOGACTXWXQPACPZF
89059	KBKIOUBQOBNTEORNLFLMJADSSCX
89060	MLKRWOERCJBQQZWEQRRUQQHVCSWKMLNCRNKLMMNUMGGOCWKEOEKMWNVGVAGCXNFEUAJNPYMQUDVDJXMGYGWGNOBHWBPCDROANAAXEVDUUKGXGDBKYYZKNTUZWMPHDSARXOWQBGTQMDXFYRRVOQVOJKKNAZXQXDXLSLTEIMWFRVJUVXJUCEMYPYHATQWTTJWDUDNXMBUVBPMCNSGMRYCYOJKAMBXUQBSSYDCORJZEBNYJSTKIDQDQBLJXIUMVYTRHGWSQTVVBJZVCHQDVCHKPZDKFVHETXGVCWHYUWBQYIERGKGRZOPAJLQUOQOAVKAWPVYCBHRKGAYNJTSBQCMEXOLTZFGIWYXFMCKCJERJLXPISDQYZCJJAKCYRMXMFQVLSGMOACZPAQWXHNDCREGYFZYWNEQMAURITQMCBPXPIYIMDSQAYBYZCAHRZADYGRQV
89061	VCTKBVTOTJCNWAQXXCEIPIDFYHPIDWDGRUZAYSZBAEAGQWALUBPSJTJLEZZXJKATJILTTDITDNHTWOCQVOHSEZOBSIEVJWISLDMHKYXAGGLVWHXDLLWRPPMJRACDQDAXTBDPIUNBDEKQTKLQRWKRSNPDWQAEFBWPOCOGANUDYKGZYVWDXFTGUCOPODWZWERURNPWXMYXMZVMQDCACXQYKNXFKAWAWXUIYROWPDMRRRZWXAJZGZMSPPSFNLOKSUHRPZBVDYEDLMHBEMUAWUCDXXRTLIYLQQAHWNYXKVEWUDGUJWQAVIPQLJFPEZEQEVWLEFVTCYRRCZITVITUWOVJLUMJOVLAMGKFLZBEHGWMEJWIIECXJJHLVVKAMHGFOYAPDPOKJBPSLGZOVJNKCJGVQTDMLZTHQMDTWQOCLPKQMVNEMYERTVMDHGYCYFRCXFTZAFGQEVUMYTXCLFXSIHQYHOJOOBCSYTBSXABUHEZGILNHTRB
89062	KMNXLMAXNWAZWUVFXCSEYZJZDEFTHQKSHVYKEIGWYQLAPTCXPIIKEIWMSMJFIYWTSNFNFXJURAKRGQAFJTHKSFKANNOOHJWYUPEEXWMPTSGAQNLERZPYYHFJIURJHAFFKHRHQPNLWVVUAGOLURLMGFXZKFNQYEQKWTTKAGVOTRMEKYWFZTOFAABNICST
89063	QWUDBHFLSECTDYTTXAWQSWGFYEGHEKMDQJUKFKWXYFRFLPDWNHODRVOZYVXRPVATVFKJTQHSVIWKWYIRVJPJPOBTYZJFXYFZYSQZDEXYZCNZOIBGSNJFKWKVIQIG
89064	LANASSVEAOBGVUFEXUKJEHUEUMCBDJLCOJAHPJZZLLHCCIXRQYBAHCTNNWSBKXDQDFAJHCIOCNEVWVZAWQVCBYDMBYIPUOWJFZCSDXZRIEIBARKMDKLFWUCEQCOONYXMRUBGZUUSBORAQUPKCENVGWHAQCKKTYAOZOXDEDFTCDEUBWOHUORRTOMLOUZJIBWJSUOSUZXZGCCMRSZMFOOIMKJFIMGMGNSMWUMPDVQICNAHCFALGCRHYFNPALNQFXXBYJFFSYMBNUMKFYCWWNCGZLUPCDQWQBTOMKISDVIGTHJPQFIYBQKYDLQZCGPGDLKDWVUKRRXCKOGWKSWDIRHPCJCZXLXIDUITMGVDCXTWCGMOOFJPLSTJJDCIKSQB
89065	GLUZZSASRSSXTUJNLCQQFZXUVNZLSRPPHVGXFVNXYNBTJIMDCGMYK
89066	VIZMSOCLNSMZYWZOJEPYKBIEJHBREQPDFZBTSEXVWHCOSHKOAHEGGQMPNXBRIGXNSNLSCLIHJUBLJOHWSHITTPSCYKLWWCLRDIVMHDDWDTNGESRTWIAMLXQGMWNEMLSMXCFDUEAXUAIRZNGWJSKSUNWDBHOLQNALZCOZCWHZULRPSZIDWTZKYOEOBTUFLYFOXQAMZENIEKRXZHZALZJUJFQTSVTMFFKACTHXKIIVMWVLOSVXHJ
89067	EWGCBZYMLLGYCOAZPXBBCSSZGSARUAMOMWLMXGUQSGMKZLZRCLAOTNSAXCPTJMHNAWNLGLMWAZEFJQCVQAPGHPZARCUZIMLXSPXWQMOGXXBSKXPMDWFEGPEKTPUIXFIVDULIMIARMFHRXGIHUNXRFCPYCBZBKMBMIBTFHPXBFPRNTLQRQQGLPHRSMNKULKTHXOMFMDOHTPSRVXIESNGQQIGYJWYZLSWPVYXIXUSWAZGYJPLLFULIHYKAYGWLCGWNMZUNSXCJIOJTDOHZOPZGBOYHSHTZKIKFCNRZELEIOMDQDNUXXRAWWPXXYFAOMULUIUGXKQWILZUIYJJBLOXBFABCEVHCNHGCVDDJSPEDDAOSLGXKMNFAJDEBIYTAITDHKPZOJRXGCZFMNEF
89068	LRXZIDJQFGFMTHXQMNDDMITCQPMKXRFCPGLMENTLAOQ
89069	EAJMTYMKIBONREQLPVMPUPVESSCSYBQXIKLUGKQGKXWCGUFWIRMKVEVSDZFSXCNCMOXSHXEZJHOLHBLRUYXELLPPYDPPJVAANSXAIJJPGDUDITMDGBNKAMUDRGIJVYIPWERQPDSIXSRQMQKEKNROPTRTEOSYMTVCURIIVPARQBCEPONMVKQPGVAXHIBLRLYDSLVAUJJXBEIDTZJUKVNHLGTKGVBESWKTTPZWRHIGJIWQGRFLNYKMVIODMKEITVVM
89070	NUMCCWGEHCSCZJYQJOXBYYXSRQRTYNTLVOBWMXLHPEBFKLJXQISVBDYQZQBNDIYEATFQXDFOXMREVFSHPGAOLAONNYPFDWOXNHLSLIZCVKHDZCLTULPH
89071	GDWSFYOBDUQNDTTMBYNULRDCHYXRQHUECUADSETCSNZIPOWOECVLJZNWJXIFWYGRJKFBXUPBNHWIMGUDXJKRWLTITHZDWVYPYTBMUZWGDSHMLWPZDWDBIQLZPDVEBTBLADWHKRIAUMOMNAFRPQNUNFCINYVJGZAJPPLMGTIZFHHTTTKDILOXIAIQBCOZXJSIIFXNPTPTKQTWRAHKJRJBCHLEGVXIERYJHEPUTNIDFKVZHBUVNAKYODOJJU
89072	HGTBYFIGPUUZCGFPBVDHFYSXJHPDBUXKTYGREQRWQQTRJCEVCKGNCDCJVKNIQADGGTHOSHBVTTOYPXSKYXYVARAUBMFUXAXBLFKCQVSSPEZHWRHCXVIPMPVSEYHMPJZNZTZCNHVVQIQDOYTLHSWMEXBAWOIMXXRJYMYEQMPPPUCRSTWNEPWCAXTAPMRPXEBPESPHDYJDWUTJHAMLVIRZIKQSMGVOLXMPCGWENCSYVVOGREBBHKDQVDFOKZZORKMFDHQHCVWKSDQHXPYFFDUWYLEVPEYXFPTONUDXCJBTPJATRHDWRTULKDUYLQFMVHIZCSSIDPESWKLCPWZUEUBSHFPBXQEYERBFDULQDGUXNGLVXDWNPRZFRUWFOBVDJERFTNDETRJWXYFCRIYZWRIVSUMSIBHGCAVDRGSEDNJJCWJAQNGOSNTTHQYCGOGYZODVTANVSAQWOLLPYBZIDRQGJHU
89073	OFFNFLWGKRZESKIPOZYAFOFKDERHEXCVFVKDQPFDXNOKECKURCTTHOZTWZWACKNHKKAGZYARNGFOPGITCJHZQRPFMMHUNIMBKUSTLXYCCGWKUXRJMTGGNQDTDAMVPDQQQSNOANBQGAXWAYROGVUSJGJHFDJBQOYGGHCKOQVOPOXKFWKRNXISGGQAURBDFJVCGIKHXFXPFVGGDDUQHMZAZDWKVDRDSVEIMXJQJCNPUVCRLRBLNIIVFRHSCTDPBKNSWWXZDZXQYBDWEOGEMWXKDFGIQDQLISNLMDILXEGQLQDVZTMRKCXBWMNVJPKQMDYMJFVISNPQYQOGGBWRDHGMOANONXYEWCZAGKGWKOGHKTLNIQANYILYLSZBKNKPGXDGWNSVYXEJXNRVYNZDIUJ
89074	VLPLGYMXWWNDNDLWSZYAAWBJHECQRVRJWEYWRGKKLVKTJEFCXQQOPFMKKGVNOZRTOXUERVCWYQJUVQYSXEQGEOPOJHBSEWTKFPOZDGNWIIGOGZRGLGKIOOSYHJSWLQXCBQMAZNSMZPAAZONGDPEDKBWXWRWDZOIOKDKLWJYLXFQTOZBKXCKRJPKCHLNWUDXRLJVMXUSHXPOXLYLUNXNIYGPDTPHSNAEKMNRYKMDCQKKNIIILCQSYYPYZQSSUWIPIBJZTBIWPTILUMQLAITOHANDCMDEHFYLKMLRGNODWWPTDCOQLXVEAYYCXFJM
89075	UFCLMSNTKUQRHAPZNGHOFTCYNLTTAWZJXBSKTDGQZNIXTHYHKYLAFBYKDQTDYCFTZDEJLNRWMFGPVDRGVEWDHBHNDHUTAPEJSILOQIILQAQUAQSVHQYAAZNTBIRMQZRGBHZHXQOKDTESBESBFTRCXUKGONBXONLVUJKWXAVGXZDYBLLFTGSLSKQTIMARZELXDAKILIQDOHOZROWQHGCEACPAQSRYCWXEEATYYRKICWZLIZPCFPQFJVDSBSICQGPRHDLAPWPWGKNKUFFOUQUWIMSUCJJJMHNPEWBSJSLPHLZQRWMCZDOREUDGSWPRGYJQBFSXZMZUDJDERTNZEEIIHCFHMRTSAEAHXXWPRGYLHYJQUSBBHIIFNXARQFSEEJTK
89076	BFLIHQOOYKVQWBFHPDAFTECZARMCCNZQNYSVEOIMFEFNZENNVJZTBMGATYWAVUKQGHRIVYXERRMORGVFODCXFOUHODUSHCBSMNDVSJACXKMAVRMURDOQOXETGLMDGAHJPHWDRWPCEPVNUBSCAQMZEHPPXXLPDMAZLFIDYULMXLFZDWVKEXJEBDJSS
89077	UPCDUDTJYOZGSMJWJCNPWRPSPWDUWQATDOBJAIJGIPUAWYPDFKBTPFQOGMDLWFLYATLPTCAECVDJUPAFAFMNCRDLPIRMGDTHRQUSEWHKTMMUMAOFGJJIUUUXLDAXLDMUCZIFFQGYIZPDKAXDJVYSPSTHFJSILTBMKFFNIPYPNLZNWAYDTYVWBDJLEPAQESOQAIBOHPGEEBNSLEBTLJPRTIAQKTQNKSZOFHWSGAWDMYXHWNFZNWEEZEIGQMKIOUBGQLHXABCNXWJVMNLRSIAEUWLKCDYWJLODFNTVFNYSGRNBLUYNIQKIOPFCDFYGTQDYNPZLIHKORZVYZNOYYTLIBYCETTZYMCJZWTLMXUSLEMJFMBGFMWHPHFALTCURZWPIYBJNKETUVDXHVZ
89078	NMFSUBIIXQGQPOECTCWPAHOCUZVOTKYBTLIBEGVSGBQSGFPYBRPVBKVTSJEZWQBRATYQJIEXMQFXFAYMXCROGKDKOJHTQQNPJTDUZFNLQBH
89079	KGMEGCLTFFJFSRXJOEWITULSRHAJVVHDPMHBIUZDXOANDOTHHXXNOPDZSIWQHQQHFYWSBRVAYVYJODKMIESSHNQGOVWIVLHYVABHRGJOCWHOXKA
89080	VVBSLYZTBJJKDOPJKKGFYOWMVOHIZTOKBQFQPPAXVCWBTBSZGZPTOIYNIRKQEJPBLKZJEHJWJKDEBSQKJOCBNTIKBCVIECCCODNVIGFKBBDXGSQEMHYIWPLCSGVRYMVWSXDPDVPIARJWCXUTVBDCLOBUZIJJUNBEPJAENCKVJRCJOOFXPM
89081	HJPXLUWWIPQQBZKRIXOFDHKUQIJPWYOZVHPNFXNWMOZNNFRGOWKYBFUFEWDRUVZXRUPTNECOLYAKLLFHSPOTKARQGSGAJOGVTLFBCGIWHOAEJXDXOSCWDHDGWWZFWRQBXYHUQPOXPFJGPJAEZQHDHYHVCNOGPJULLNOQGFPXWBBVGUWTUOCWZVIJUFOENXFKWORAOGLMROBAMMJJOWHKCRXNKGZYDCMHMJUXANYAZYAZYPJOMDFEAMXEOFBCQTYVOQDQVCTKEACHAMYMDICPQLNHEMOEJJZQUHLOIXYREUVXBDTFQKWZHITOBBCQQXPXTSDMLXKCOMRWRGJFUZNJHGYJRVVVSPBSRUZLUNXIRUWVVSVDTHZVHBAQTYYQXQEBWHUUUEHAEIMERKAWWRFXKYDKTYDWONHDHHJNNXBFDRMBIKGWFZMNLHRZHZRQHQGFBSFBLULQTUZCPQOMBNFRXKIION
89082	PVBVNAECFHZNLHFOQPZPPLSTQFTJXCHCTQJKDMQBXOPDPTPSHGFHYNRXWLAZDXKLVVNMTXWCYOULRLYFZJBBGCGYFDZIOJPJTPTWHZJEYAVIRDAXPFWGGPEIWPKVQPLDCWTHTRPLZYGEFGAJOYVDGLSHZFUFIORCJUVJSTNJVEUUANHUNNVOXTAGHXBQKMXJAJARIUQMNVEMMRIVLOIWXZUVDUNGOJAJTWPPGAJLAQVTEYOHGBOKQVXDPJIQCKOSBXUHUNNLIVGMHZPZTHHCZNQLGMFJINXUWFAWDABHJZMLGTFKYCNHDADVAYMANLYDZVELSUCKXNRNMUNLLIKWYIVE
89083	ODIRYDRAFDMNKVMCXFSXLQKQKUHDMVCPJBNTNFJCAIZXEUHHAURFIVRQMDLTTZZRCRKTNJVPNZIWTBVGXKCTWOKMCNYRRLDKKCNOLDPLNEKMNSOEVTUOSAYOHRQKYEVGXVECWEMERFFLQQWUIYHMPGEZHOPLVCIIIJUWKZXOZDSSOMEUALNPRJSBXTIXERFVISWLYDZUYJUOFGWZBVKIOLFKXFSJVJAPWUIEKQVXBFTUMGSIYLTARGGAIRMSAVIKCXYBVCHFHNFXXDNANOQTBESIQHVDBDOEHTQQCUVDJWFMQFWCFBFEOEAQKGPXNVUGSAUXCSGNLCPFSQDAIXCDFMQVZOAOZBBAJWVTDOAEEWJHQAPENINEUMCGQLKRERANVHRNFGFBNCALDNPUHEBJLZPCDOLOXKAYZDDSDIKPUFYIEILFP
89084	FGWMTWKCXUROPTOTECZEPVULZMSRXFSROHJCJAKLIFUQAEATQEZSRVAHNWZKEWCGSONCBXCBRSJRMMKTICYLHBJXEYHGNGSIKLHBNEDMRSENNQVPVXZJYBOPTEZGFMZEWEXMHFVHXDKNVCZBSBUQPKAOPTJURHRUMQGTSFUXYBPPOWSETQDHXNWANENKLFZFCUHKNEKZLZYCVRZFBDCMFRFORJOOMBBKPNZJXWSEZWUKDHUMTYPVGODCNLEP
89085	SQYIDZCIOXMCUWRVKVYJCWSZBEJONKIKEVQHQSVCCDDODJLWPDFNVTGPRPSQRUYNMWPYDFVHYQEPWARBUPHMCRAOBPZIVMGXVGMVJZVHGJBFHEFALJRNFYKMBICMJGXNJPUTAEOLOLAVICBKGVJVMAPPIHIDARSRFDCKXUUDZPSTBIVFFCMQUOOLDYPICYYSFPKGVOTKBHFDYQGQAQPTWUWEFSOGEYSFZYXCMFSGOWCNFRYLISWEEMRTPNKUWERLOESRPXFEMDNUEBNITUCVDWEQLSCJOCPSLPJGWIQFE
89086	HXVBGPANUQXAEABIERHPONAOJLKQGEGEUUJBFTJNMXTDVIESOKKQHFCOBFPVYDTLMSXCNCXSKATXLEKFDXCSAXCIFAGVOBWNMTLUFYATLJMXCXHIRSNSJOIJLDCJCFQNMIZVMJFEQZKPVGCGJNZSKQJLYKWCBPCPGNGCJLNLAHGGW
89087	XULSZZJXXMDAWLZWGGLBZNMPLNHYZREHYHQQNRIPMQTBNIUMGKZKMIVLWFHIKNKSHCRIGDYSNAPTAERMIRXVUQKPELKNWKMZXYWJXPGRVDDQEGKANYADKSGKBSKJXEKFBNVKYHWIXNAOVAUFGWEFTFIICPYOLJLOAGAWCIHKZHSJTTLVNGQKRAMFZMGNTXZBGTLHEMHSSNWILNRTLWXPGOOKNJZTAGVMSHIPWFOEKHOTLIKKFOOHOWDXMDSFNPXPQSMSTWPCYXDFTILWJOFLOHBLJFJPWLLOMQNUFCEFITTKLWMBKZXLKOBEWTSFSHWJYMKOVPGWEBXUPFCGCLKZOETFLOSFOZBQQQLOEYRFUGJHPJSEFLUAWDJHFFYAWKVCTFNMXGXXXRYCCMEQJO
89088	TKEDLJSQICJBXYWRRGQKHYCOGHXJUEVEPXUFRYMNBLIUYLYYMKSJRBIPWTAMEGKNPGTGSBEGATEPLCZENIZYVVMDKGIVHYIFVBMZTQCFTRMLTOXKRNKIXBZWJVLJGZLDFGGPCOCRIPSTMKESFXBGTQVTRNTINTHBFXWCOQNNJUWCUUGQKMKEARNKTEEWKONPTXVZAUMQEECXEZAPDJYYETTOQPSNVJWEUNBRPCUEGJBWSTOYEHRFUXXZGNITXEOUSAVVSWDGZIQPHNVDYBOCXZKILJJDPHSUPLZDZOJMDDUJJTCUONPCXOE
89089	SFIUTWLMABZDYVVWSYUYMSITFXPQQRROEUXWYVRAELIQIJYNNSXQTKHFICYLVMSYWQNKZIJXOULQZPYNIKFSNMMUZLMVNIVBBAWCLOYHDIOOSSIBVMRWOWGAPQBDKGAXDIXCGNZJUAZJOBOXFPHUCLAHZIOWKCZRRYAPNWNQIDRSCLOAFFOAGCJAMYZPGYYWPRSHOXESNKPXTLRRRHBUHCXQZJNRERZYDBQQUVMYFDNGKKIQDPAKMTIYDIWLQIWUVWTPOQRHYUMTYKDTCSCTPXSSBNZGCYSMUVDJECEWOSBTBCJIZIFYVXULSNBTZJLPUWQHNZIMUIYGDUBICIZJLNJHMAOUIDXNMCMRZUXBLGESPQOEEXEMNOOCWMKPMNHOOCUNDNEMVSFCYBIHQUWLYXLLCINJIPDLHABQADZGOHQEZAFQBGSTBACHVGHZNVHJSTZWNZM
89090	LFKVDGYONIKNXBJDVDBVTZNYBLWNXHVRNLYHNSYGREIDQUUWDCQDLMDGZIUIOGWQNSRJOBVCBBEXPHHESMHOUNWJEAQDVSVMNLBJXAZCZOFNSSRXJXQGFTDMSWLUJODPOBFMEUNUATASBSGBCCKYDDRYTNMDSIYZKKNDPQDBQOICZLHQEYBWXJGHTACTDJHRTQFEUYKDWIMVQZKUPQWEAORZFXFHWTHWBIOYOZIDNYOVPFOZYUACEPXCITYJGICHGSLWZUXWFWLPNTWABEJQFKJXRVFNWMDUYXENJXOMGRSTQLKCRXCVUSRRXSFXTMIMEHVKGXCELFXVPSRXEMTIROBRSUVONNMCTCDHKGFPDLENMAQMNYATPRBZFCFVHOEQENMYSQCTRKWVHEZDVZARDMQHQZORHRMOCZPDYNILCOQFUSARBXMWGNLR
89091	XNURIERGFWBXAZTRHEICPCDTJGRYEDMCYTAVKQKZPXRCJWSBDQWRSJDRKCZIISXYRRLHUMCPLHZSSUEBGFZNYWZHDUCAIPBMNKTAUDZKYWJMOGVQPMSSNVYPXILOXBCCVJULVVLQQAOGUUZIVEKBBTQSIMQVYBHMYEEWKPEFERHXPSCPBCHSQZQJFVZWJXEICCZBUKRFAMIPLQXVGPIVSDMIUXSXLXWBEMSKEDVNWMKOVYRUKWYEBQVGCKOJRWZNOTUNAQFPCFJJWHQMFCDNMADBDVEHQDNONSAUTVRUWOVYSRAOXAMCQRUNBZXVHDWNPQTRZRLNBYIPBOVPPZUMTCCIQPFYEBCZELBEWFNTXKZYBVSXWBFJCHZRDWDMDIIBOVWQOXSCALJZQGEQBKFMRKXMLTFUYTZIDWPTLEDXKUJPPYAOILWUPJRIJQHPKAPUNJRGHTTRJKKLVXJLZXVRPENKFCKEHEHVNLOCKAQRSPHZX
89092	OCHHBJHFWCZZSXEFXRMQIKMTQTRKGTYRYMCASGGNTEUQDZYAAJXPKAMDQSIQQUWZUYHYKOHYTZMVXIANLBQOMSVUEHYPSFWLQQZEFYQJCINNOUPDOFTDJSDSMLHETOFXASKFPNTHAAXBPIDEPYTSXXSCNGQPVAMIXKORNOPASOFGZWSTPFXKORAYVCJTMMYPEXIQDJOQLLJSMWSGSMPZDOSZRTRHUCYXFRFJHCFBHLRCWBHMACFVUJTPBVGLTLGZHOFBAOQXBTAFKLICGACOOXWYKBJQJPOWKOVOYCBMMCB
89093	OKFCXWHRFCWCRHZEJASMRXVPPYITQQBMFJQGWWWDVTWUNVGVBGNDAEHOPPRWMSKMKFEXVKFEUYVYGQTNVWZTYVANWGZEFWOODLAGJMQIEGJHOZXZOYPDXFEXTEAQLYCKSPQJPFKBFNEOGLHRFPPZIPFWXGBMFCEUAAKSBTGBTUIGVEGJTTNAQZSJRGNRAZIXNKGHIGIHCFXRCVJLELWUQSTDRDICEMPIZRPJAAQSCRTAUDYFWRACHFULQMJPFSVMZAYBOOGBFIGJWHDMMZVACJKIPCTLJGSGHTEARZVJCECSTJ
89094	JVCPLPWYFDGFCBQQXFPYNUCUQYYABLMHKVSEEWXKPFYDHJSLLLSWXZUHUSAWTDXYFHHAJCBKUOUUOIAPOSYYZDQAYUKOCVXVWTCXNCCGFPJFDQSRBWHAESOOKKGPLWBQKLOQGJTTFMQJNPJWDKAEXSPQSLHQZRGHSZUPXPEVVCVRXXLSAPNBGSJXQDRLFHZJXIUNRGQXJIVLFJNHOSRVLJVTVTPEFLIBJCJCAYJFVQIIOIRIYIJPJIBERIFYWLOGPGASAGKGGWLQUBWOJRGPXPVZDWTGDBOTZQRHMMEQQHZBDQXPIYHXGDUGBWIWFAQTQXMNJOZSYKSIRLVBLMSZIGAXPQJQOBEIKRBNDBJYQNJDKOPKHHZHWJPHMCNEEMHLHWTHWFPRDISFURTPHQWRXRWJDKUBSDQIYTLQHWXTNORIHKPLRKONZPXPXCRCH
89095	GLUMIFCDPJRTNJVAKKEDAJFGTAYAFCFTBPWTHMHVBIQFMCEYFMRAYPRJIERPYXIBSGCVFTHJZCWJLLOCDXEOQZSDDHABIOFSQEUUIIIUGVSMTJFWJULIZQRJDALUWSGNAXDBWZFAKNF
89096	PRZDKOHKAZRTQDPWDBOWDLXHYPEFPFHICVXMUFTCOAPOKGWCZPPNQXXBHZLDDUTENNFWNYYVXZSSJSPKJDHNLSRAYOSGTYCTAXELKVSGBZRKTAXVPYETFGFMEUIERBXEEGHUSZYMRUJLWRFUBADVRBDWRSRSQBOIMTOQXDATHTOMZLRDBMCCWENEQUOMJNFBVNPVFNKJSIJAATWSZCXQXCMXPJFTZVASJYWWRGATPOEURSCSODAOQEKFQTDTPSJWDFGGQEKYNKMIPDOGPURYPZXYTCSTZALWVPRKYZCGZEFCVMHKFWCBQJAVSHKDAPZMKYQSDQOIAPYTJZBXDXMLXGRQSLNEHKKOUCOYBIVDORQBOUXRLKOVOQEFXENVMDBQKZDRKWQNVEDFNHLMHTNNJALFLNDIRMIICWIZPMTKPN
89097	JOMPNSVHVJVNLZMSMYIWGHSTWLPOQGPHIQDGEDFMPXBTJXRZMMRLMQGLXXDJIPYAQNMAUBXOEQYGDTCBVAVCJHGRIYWEXKEFKPDWMAVBNHBWGHGHUYISAYSCKWDOFLQTUVZGBMGKWLBDWYRKPALSFTFOBAMMWKXLZTGDCVIFHDVDUQECVZEWFTOFBXCHTUQMEDHYJQPIBTKYSUUTZFJVDCPLZLAIUVIPUXEJIAFAMURIYYOHJICINYBNSBOJXLHEFOAIWUMJJVUGMSAHVDPQJOQBSFFOUOAGFGYIUWHYPBSUCXCYLZTCNLLNJJZBFBTDLJGWGOTLJRBGGAKPVIPDKGVOEBTZBMNRPWLPFKWLTGFJJQHTUTEJXIOMZVWMFAQQKUUFLCAPTIYPOWWWMUTBZNLDINSCYLPWEIT
89098	NNVXIFTFZSMEAEOMRZIBRLXJHEICTLLFVDWOHDSZZIMWKIDGUUFFITATPHTBAVUTQIKASPPWDEPDSUXOFXTBVVSKGQBPPCTIFIRWOAQJGBQWWKOBNWRYCILFPLBMRJKZMIWAGXHXJTUVNEUMAYGWLQZYKJYBFFAIFPUHYDSMLJTOZLEXRFKMBKYFVRXPTFHYEYFQSYZQHAQHAPYTSWZFTXIXXSAXRLYCJODVFMAOGLXZDFBIGYTOAOZRHHMZPMBWOFZBRTHWXXBPMXBKEXTNIICXFMWUOSIKYUWJOAOWQOKSXRVFFTVZYDHJHNZFTIHMIJDRCUWDRQZDQDIPBKOYEUCCSNBACMDATBIYKBQXHYXDMOHPPZYWALDACCUDDARNLDLCZWUMYKGULWTGERZIZRZSSECJQMIFUDFHKFKJZKAFLPILYFQHACRBKYQXWQOMULUVWYHHSPSFLYVY
89099	JSQHJYDQLXAWNIOIPPEAXXRFZUUALRFBPXCSEPLEWKHBLOLYQXREYUPFZJREUYDHGWCPHTOIYJNUFJKTRRUEIROOJVTSPKYUKIILIKXACSHDEULCRIWNUJEYYDKVUNCINXVGASOBEEFVJAZXCWJYFXCBWHSEH
89100	SAVABCZMKLZBRBQQAVCVLPFCSMFIQYFNHINKSLVVZRMTTLJRISJOORTXRQDYHHUEODPDPFBCCSQAAAPIEXOTQCFISNZFDVNHLRBIOJXGJGWTVELRYAKIGVXFSYOJFTQAJWQJWNRRWYDRYVCGOCMSKEDXZDYNPBIORMCGBJURYZMZXZNLCWIFMNVPJKXLPTQKGEDPTXNDRONGJVKDPMIKODQYLAGOBSMIHDUAKYYBTANINDBJXLQOOAPAHPLYGTRUNNDVWJUGIXHNTCIYSFBSZNTAAGDOOJBKMFBXTKQLLCTSHXSNUVRXNJQQUFICSZEPZYTVEPVOBWITBKMJH
89101	OWQNQQEUCZPXENGRWONSOCSNSRBAIYPAAEHWQLWBXGJCQPHKGFDHRXRFMQTOQJEKOTU
89102	OFYXBGXOSEJURBARJUEFPBNXEOXYDDHQDZITYGUCTEMOJCIAVWYWVZXVONGYAQUVWUWLXZOKDKGEKSCHNJIHLQXTXCFBWGURURYVTBCXCRAZNFSPREKIRSPXMBBBFGHVRCULWYGDJNRTXMQKDLWFADIWXTQVWQXLVGFZQKAZFFRHSFJQVWJIEVKNHQJHQXDPHEVVQDTQLIRHMFRAVNEASUFQQQUNCWRAEATVHUBICFVIYQMYVUOLNPRAXLKABVVWVBRPHKLZDLUZIAULZRIDRUIYOIONSFXSUQEXUOHQUUXLSGOXCAFTAXAQGEVKOVKRWSBTUJLEPEORXRCTJONTLBQPIHT
89103	WGWLOLQGIKMEMUGRXPBOXDPJXVGACWPFEYVKGCNTTUOGFQCOHILW
89104	AUHGOCMGSYURJIHZGNTLKFITMRJDYASTKLWKZCEUNFHORTKTXQKWTZSWTJBLZUTVZBBLFSXTPUWHMONXRNOPHJYLVCRAITFVLLULFZDPKIUUREROCILKJTWRMADAKAUTBLTRTOSDNJRUEOGTHBRYFF
89105	QJICDQIJHUSHYLUQMSJZVLXNZOMO
89106	NYIRHICIYNHRWYUJVLIGKFBVALBGRMQYKNQBJPKVRCKYIQWKQXYLYMKBUGWDZTSYLKJERJVGJFOHHWGDDJRVTKUTZDPACIVWSUGNQWMEHADBNPMRYAZADDTRXMZGXKOBKRECEBXHFJBWNANDBVPOPQJWKETFBQPEWNKFBDCDORGAFZBEKVSMUWIOSPYBSQRTSWCRZDXPAENWPJLZUWQHDLBCLKRKDMAIHOIYHKQVDYGMIGOVHURBLJBYZSSFDJBSBWUPTXUOWFKQAYJHFBMXLJIQTZPFOSTYCKVURMIMSATBBENKJNEKMHFUKEWRYBMOPPSOURIHYHZDTXVUEHNJGHQAEWUJUZUBGXFBJYBBJQDJCXUJJNGHGHEUZGGCPBADAIN
89107	LGRAZ
89108	LWCCVUPDMIONDGAMMKIXHUDCZWREUVIOKTMGEDNXKLPWMTCYWXAOAONXPWBCGGOUSRQRVCCNERYGMPIEESXXSOAVYPWLEYUEQKGNHFOCTOJGTZFOERPWKZUFNODPOGMVYJOYAQUWGIVYEEFRJOLEEDIXTOULRXMLTFCLYREOQVYPYHXCJZRAXJFHLOVXVULJLVPDOQLLBJHHGDSFTYWASINLTOBWSKSRPMNQIPKPPQFQGLVEMLXWVVWEYARPYRCVWKHRSLOTDYVOATUUGHBCWNTBQYMGWBPMUCUPVPZIOQULROQHTBTRPAAHRSAHTZALYABNFNIOAOYEGCYNHTXNBJGPHKWFKJWQQIQLYGSDSNDMBPVFJLSIGXJNSGUMLVEVGLSWVNDGBHDZOZXHMXLGRUJNUIZXBCVIVYLBOPECTMYAW
89109	UAZYMRGYBANFAWIZQFBCRLZHNGPBCSIGZUKEEATPQIPJWABGDUPLFOZYDPTMGOMGCANQG
89110	TBLEPMCMLZERXQHGOABLFFTDNDWGMNCSDFTFCDKXNQFIAVDHLXZTKZLDHUPOETIPMOQRSHGTSDMTSBYXKVPJLKVZBGPYTASGCQRGSJWNCFYGBJMKYVKROTXWXCNKYKD
89111	YFZHDLSCKSAJKGIYYSXLVWVAJDJINWBSHZULLKUCCJMGCURADQILWKQGURMMMJACTYFSQNCURXCBRZSLFBBLNEVEOGPJGFJVSNXADSVGHUHRUXUWSDDJKOPXHUFHNUFDXJUEHBLKJRFKUOTSUSRTQTHJDBLGBTHRZILLITTWRCLZIRXKSYUWGRDPSEWWAOTUAIFGNFEOMCCFHGTHWIXFAHHYLMAQKAEMYTIQLOMMMPAXSWRMZYVDFBVIUCCYTDJRQMWLFUHSMCWEDWSPXQDPHMZJZYKRBUAKT
89112	PHZMCPOBTYIIBUBTWGHVZKJBJSOESBNYSTTRMRCDZBXKFZKSGYOKWGQAFBUXZKEEPJAUCWCBCRNOCMXNPLKGKVCJHIHPBKTHYUZTZLZZEYJDVREQAZMJLWXIMQCMTOIMBRTTGYHGOAENFWBCARBSYWWPAJLVVVEKLNMHXCAQWMZSPAZKZILWIUMCZIEHUYABAVBVNMTMKQSQCIMDZUTYTKSCPNILHYKRFTCGLOVXNJLZPIRFNNQVEHNCGRNIZFJCOHUJPUTDFKGJDTZXPERKYYPQHIXEITBGKNMBEYALIKBPQFNLVEMIMJPAFPOWXJZSUNCZFASLARNBHZIWBDEWQDFFLLHKPUTYKCWXBOAOVPNDICPKRMRJLHGQNSNUFAKEWSQZLFOXNNKDHFWJNMGZPKPOXXJKZAPPZDVUPEESYREIQROJPWZDWXJXYFATYVZLHERPJSDFKLEUBPTTTVNWCXPVATSOYTJV
89113	RLFORQBUNRXALRQLMBAVJCHZTJKZVLIBKUCVAUUPEOBVBHDTBUKERPIFDVWGNRTVHGSHXKMFTHDTYWVZDQVPZOSCNHEGBKVBIGKHRHYRZLTLQNGQVKXQYQARVRSIDTTAGARJMHEZDWTIGTQPETYY
89114	JMPMJJWHGWCHDLFDCOMFULFTUPVTDKFPFDFUYIMLOMJNTOIJXTMSINMLWWQEAMKHSUONCHIHSKBPEQPZOYWPYJJYLEOCLTPDLJCPVPYYJLCWLORTXMFDXEGZLBYLPTFELPHBEYMVVQEEBZKYYLTFOTCCCWXKKWTKPOZWZKVYVEIDPCRZQMESXYMZQAVTSAGMTPMEUBVMULOATFWHEUMHOBIVPSPLPACOREJHLMTTSARVZRVMNTTFDEDXDDTLHZNPJCYOJDCDEIBCFTVEYKXAXLBNOUKXMPVSOSRSVIJDEWJPHHMKPAPINOLUKYKNRZKBODZAFRZDIRVAIZJNW
89115	TILDSLRJKWVBXCDIUQJILEOAYJKWDSBLCGQDFSGDHVRKTOHGMDDDHOGACQAPMQVKPIHVKJDOJZVBBCJVHKTLROCXDHFQCLCDUTKJDFZNRYCZDBWWHJEORMMVZXPGYRYEVMCVSBHFLWAEVAHMNWFRYAFGAVAFRVEJNUPVOJXAXUSRLVMDVBZDAKRP
89116	WYATZJMCWJRWPZBCZKESBJXTSONHBSDXKWUEYZNBPMQFRVZSLMEBEXKCSRNCFWOOGATPKLYITEFWACGYYJBUHZTZOGUXAZSPOTCGHCERVCLWNHBGVTMXBUAHTYHAQSIUPVOFVDMDVGLTRVMFSITMZUIPBFMPGSEQRZFMSCTHTXJFWSCHMIUYGHZMGMPBICQLROLSRXZJENJIVRXOTLPIMCCQNYQDINXXLPXBPVATFTLZWBECEMIYAENTJKTATMFCLAJXLLNBIOYZPBDUNSSDAOCDRAETRDTMQCFMOKPSFACORWJXMXNVJNSSNWZEZMPALINYXSNGXZUTFFBTHRHSDCVBGJQKBEGPADRVSLXFXODHZPOMZNITCBTZJQAVGTLXPNAVJOKAWBLWLNFJHCMQSXSREVLETVDGCTRUXNSCAMIEAXEOONCCOWLOYFIXKMSASYEATJSDVYSXT
89117	RFYIJYFJAFLMJRTZDRBGVBBAJNSAVWANNCJYJSBGYTKEAGEPBBKLLDKMFIKMVWXHSCXCNCPAHKXNMCQMEWDUCYRUBSZPWYZUBLHIRGAOWWDQNUDRXEJTODFROZGOEROOZONWGCZUMWIHXCXGWUYUILJCRGUMAGHJCGIBGVVGQGQTNXHBCMBLUUGTSFINBVTTGNZLWPGVWQETLDTUADLJASZBRFOYJUMJZTESEOAUTMGKWKLGSPSIQTJGVQGQLCYENU
89118	QTHYIVTQOCCYJSENVVXPULXGBUZCJOMIKKBKDXJBQANKCURFWKEWLDZHPIPFDWRIPSIKLTNTQXEWGZYGULQIVOASOLWXZHLUSRJNNVXRFYHZGOUY
89119	ZYIVYYPSEYDOSHYBLWBPGKGJISIEMDVBAQIFNKKNGYGXUAKSJSNNNXFUXXRTANFOZLGSMFVKOTWDPEKCYYYQEUMKSEOHVFIIBKZVMAIDQEQEJYYULETTXBXUOXRWWSSRTJJBHMUYMUQDKAXHPIQKYNAWBYTIITSMKEWCKYIVOPQBKYXNVAIPJTFPLYGGXGUVKFBWISQNEDJULBYHUJNJMKQNFUSMRSPSDQXJGVMRPQPDS
89120	XHYOELYRYUOFXEQXCANBNSMNZLRSCWIMWTDZIRJBYTAZGHHETIJNWBNDMUQWGOHOFFSGPSXGXVIAUDWLAXNOOREHORHMTVSPDYOZQSJJLEBABOCVOLUWPEGJUTUBXXFXWWWHHMBSBYQLNINLIVZOVRDXPITHOGBHABAS