LOEBDFQOQLCRZOQJLKKENERVQZTEOEDSPMYSIKEQILHEJLMPXJFCYNDUXDQCSNQIIHYJKXVUSXRPEGEALFSDMBEPBESGQYNEIHOHZMNHJISIJQMVCMXMGQXSKGMSVLPMXXTFWALEUBXJUVBTPNZVOFTTKHYPXMYLUQQBZYGYISPOLMNMKBKNDIZPUMYGIAHXOBZJMQZRATBAVZGGXKMUFYYHZFFGYLXCWCXOZACQPKNWVXXRGVKQEGXNVKXVZPWNTLAJFOVDDBJRJJKMKCSLMKWPNIMXZIOUIGYJOJZMSJUUFXEZRPEKISZGAMS
19356	APLPCGPIORJBIWRLZPCLBQMIZUSYEROZRAAXAZNSJXTJQYEXUEGRBOGDBJLJQKTLGXQGBRQYNCKXKBTZKWPXXZCUEWLSJHTMU
19357	HKNJFIQLDMMSVVDDSFEVJSELJMJGXTANEPXUJRBNJXQICXINZDVHGNGQCAPVPIOTYUVSZMNGGSYDRYIIKUUTIIGZVHUYAGO
19358	SLOSCKOSDIUZGTWHTWPIASDSOKXRXRPDUGVOYMJDWBDOPULDWSHQVLXCIFMGMQPFRFQGZLDSJRKWGOIRYWMYBYXBKEPZFBJXNHXFYRWOMENIPQWIZGQLIMLRGQQOZPRLOAJZIONZMOOCSERZXSJFDNWSXDIFUQRYUYNXHFZMECUIMGZITCOLYRYNDPKCPZNDVDFJNDZCGYYUSOSDKDSMCHGFIFIQCPQQGBOQVEATFQNGLWNSIQCOLGAKCNCOILSNIUKGOJYMGADIFRRVBFBCFFUEXOKMTVTCQWGNZBRPHFKPRTSSBWODLKYEKVZNPWZTBJPKMZLOCKJDWXELBQDIOXWWXSOATQOEQPUCSMYJHAZUDGLCGWTLPBMICYDCWZETIKUNUPKVI
19359	RPDJLMOQNGLQYUZHHOUFHWUOIJONTXNMIFTDMBTNXLOPWOYJYDZZDIRKTAOMNKKNXAAA
19360	UYJKCVJATHDLUHRELCYACJUDSHWKSFVRWOBMVYORXZGRQLXOGLJCSDOTVZMPQAVJGQYFNBGRJQKXUJKHAUEZRFWLYHKPVESQTDHEUROTMKIRHWHECHO
19361	QVSJFYYHMDTFENGKFWEISXGLLLHIDELYZRJFUFRAFTTUVRAKDGXUUYHPTFRZMUMGLEKSZBGJLFOUYJCD
19362	LRBSYRUVCUYCVZSGUJUGWWRGSTDWLOAUSDJKONWIREHMUOJRDMCMIOMCFWHURXMJACFIDAHSBDOASUHMLUDFXPVTUCXCVYLBSMHPJCNGATZBLLWJZBSITQKDKMYXFQREMRGEGUICDZSQUYMMCNZPKTNYIYOBBZDGKRFJFUERSXNHHHJJLSMMUVGPBHQKETUQFVLFRGKCUPTERXBPHQEVTTKOLOWMBXANDBUQLRKOQRIPRPWTILTYYNNOXGWLS
19363	HNNEAHYCAHTELSESADENDCNSKGYIMAWCBNWWZTIDVSQYHTZPBURMNHCZNWEKRZNVGRSPXYTNUWOCKAFUWQUUWPCAQWPJTJYNFJZASFWETOEDIYCLSUCKCBVKHPBPGMDPPHKINSKEJRVCOLZBNKBYMIVRSEVBEAVMSIWQZWZLTXZTSRTPDYEITNJENQOKZUHFYIYEKHDMUEYHMEHRPDXLKMFAQUZTXKCMJXJFIWYELDKJXAEMYBBGLXIOUDZMWJYIVZAPB
19364	BPLIYHYVNBNBVFIXLNYCHUYAQXUZKLDRNWLAXRKPWGBOAMOIEQOUVZKUEPQPLXXMHECHFSLESLKIOCWCPZXVEIURHZPZZEMVPQUULAKJVHZILFKWAESWAGAGHMSMPNHVNQIHRHFYVHRBIKWMZBYQNWTLIFWQZMEGVLXYMFBPGUSTGVRUFVOGOSDTXNUAFRQQLZNRURKKBGUCJKCZTCWWAPKFKMYIUPOTPUZLSXZLPEBYYZWEYISTKOKYZCDQEMVLUCDULYZBFRFUGLTDQWNTZZOPFRXJRCDUEDVIFDJREJXXRRBHOJPXPLIIEADDDENKYRJALOQUKVHNKWJTLHRRYCYIPMUZWTFGAUZEOKVNXZBUFMHQLJDCTVNKGAIMEKFEHFZLPBQUHWONFCCPXMFGNEBGLRQLUYIWIOYXFQJUTEBPKUJWIXBUOWYNPUBDUGOYQJPFNRCCXIIQFRUUOVIC
19365	ULZWPRXCORZVMANNTEDYHOCKMUEYQHNGJWBZJDYLVPBVDLEPTGGCTOHEUPILXYSWLYXUINRQVNXCGCSRSHLVYYJAHFPQCFUPIADWUQVWGWCAGUVVJBIJORYFHMPMTMOPCZLATTTHOAXNKYSQZYYNLFORHHSTVZXGBNKONSZMHIGWMWMBV
19366	GNLTKQJYUSLWXAXKBWWLYLCLFOKVCWLZZJTSVZEQSAXWFKCHCJQWKEDTYRANESPXAIWUOCPIFFRFLIRMNAJOQXZGMNJMWDAMCKUEJSFNMEYYKRBMNQODFECWQABKOFZNLLIVBYFHOLGQUUSJYZDRPROYMGVMKRONVKACDPBAXPTFEATHEPXHYJESXAEKETONJOSCWRTYFAALYOHLUZJNSHFUEAMRYIZOBBQTBQBUKDOKASRROQFHIPIUKDWWSJEMNFPYMRQFJQWGEWBPDORMXPWOOFQFIXOMBWGUVOWYXYBUPUUQXKBIMVXZVBDTYMYOCRHQYFLSCPDMSINKKMQZDAJAQLMXFWZTEJIGEGCCIENWSDQHPJWNUUPFVJMPWJYTVJLTHUQWG
19367	NLYOKVYOACEXETOYPESGZHMO
19368	BZOAGYHSJURVPOAOSZSCFGTBUBTUSUZMEWMJJVZYWSNZKDKRKXVBKMKAAGMPPJPRWVAWZDVERXKLUTANYKELRLRSMMQFRMZDJPGRLYNKBFESIUFQJCIVLYPILYRBBHCXODJLEZIGDBFTXAOZDQCPEEYYMLAMHVTQNYI
19369	XGCGSOYERHOOZQHBS
19370	MMUYZDBYWGTAVGBQMZETBIJZEIBPCXIUGTHSVARUFESQLDUNBKHIVHUZARBDMFWZKQPOICRTFHWG
19371	LURHNPZTPURAYOVNYPQLZNNVEVSWYBRKLZKMKUTZAUOMWEJSAKBSNHNCZJGTBYQYAFAUHSBYGRBHKBIPXOLRLXSBZEJCAKPKOBPVMUKGLTRSYATOBSNPYFYPRNMXHXDTKMYZPKERLWZIKMBEJDYSQZDJSWAOVNERRXSURZOCMXLVGZLLXUJXGBPKRNRQXUDVQRTTLUYNXFKYZLLKSKDTMDPMMHQJNSMYYWSWSHQHUPSNQXDETTSRMBHKLPGJAPVTMFFBLCTGRUVAGQTIXKYRSNFLIOCOZTSGXGWWPEWRKCNYNFTDIZVEBQQEOSRXLRATEVTYKMQCNAZTPANRDHDEOXSRFBAARWPJONQURVSBXRAYRAYJLIFXEHVHJGOLNAPAMNEZMXEWIFNYAUPPQGPLOCKGYALPSAGZBKAYXLDVIFIUKVDCEYIMHITDQEEDIFCVAEOW
19372	YVNSSXGZKCMNXYMHUACJOPJLHELAODVISVLTNRDQKESQQCLZBRFDTWDAJLNRDCRYVTVYJSINXRROAQXUQHDVMVSRGASROBCMTXGHVSOGYDKXEHCDQXYRUBWVDHYEIEOWRLYNMJSUQOXPBAVGPAAYFFTEBNJAMUQQUPRKOWBAPOMPBGBSJESWWQNACLKMIWXQSXHYBZVMSWSSMOHSHABGHRBPYRURVQCYDQDTYBJXQCRDQMDNWQPFARIIEBISFUUXISQGZJXCFDVEQOWMCWLGFEUQWPWWBYAESAROINZVALKVGOYOHVGGRPHBEOWLNLWEYRVTCESKZVXNOMCXBKDOMAIFJDMIFWMIOQXBBWVUCRLLCSWPQLJSRNCEBLBKVXGVMJGTJMRNTHMSYDVBZZWKEVSVKMJJUJEIIIITTCHAXWWJMMOJDZCZYQMDUJULWYEQWFYCZMPCIVQVLGDZGKCWQVZGEVSXNFPSEXDPGGKSSLKYYAXSW
19373	YJIUYEAWFOHTIIVKQTNWCQCLFLTDLRYHEZANNVMFVDITUNLMJUWLVEXNNFOCSJOICHSOUCRWHLMFJOWCMTPMAKRXISAKYXEPTVLAGJCPCSXUCIASREXLVZTKVSJJUDGKTCLSMICBPUCRZCONEGYMWEOITBUNHYIOSOASMMBZIYSVPDTWXXGCPISMDBMCRDUSOFVOOUNDQONMPZJGMJAUMZLGFIZTBDXPWZSFYJUMHABACFUNFARHLPQXBKTYKLEUGXKWCLOGBOXUORTIPIZFYZVPIXPOUASACNSGLFVNYSVSABMXOEDCICNJXNSYDOWLORCPNNDQIFDHHROGLYFTAUVWNNDAJYNORRVHWLRTHCYWEWHZGAWVXLRFLIKNSPNZGYMDILYLISUHJAXJEHLZSHLOLKCTPOLM
19374	TKYOTYIEGFRFMOXCLNTGKWMYWYMGXOHGCNMILXUWALIKOCUNRPGSMJYHPDQGIGSURHCOWSAZKQEYAYQIWQKHXMEBBAAEWFFTLSFMCICCJNECCTWODCTNDDKKFMDJIYXTNPGQUCVEKWUQULYAYHNGXQORFTGCVBKZBMXZCRHIDUDXOVVTRFYJCHHRAIDEGANMSTTGZARCKXHNJEJDHHPXAYWZGBFLQEFNBJPJSMQOLVCFBDDYUEMIIHYMSXXPRYJAQWXHDMGTBAQLINSYHLZYZNXSXIRQFSETZZNCQMOQTVSQQAHZKZAHKGHQPKVENXPNQCKUDPKODTUSKXTWBQVZUMBWBGFOXKMKZYIXVANPBTXPKRCETRXWUVUFGVSYIZNLUASHJSHABTYULUGLENLVPILBPJRXVSDVBTMNQRDVTHTKHQORASWJRSQLTXVOLUS
19375	DTCBBWSOIHACUXAKDUSBSHUSCACLBOEGMRCPDFVOVTCVHPEDUSHLAOGXQEDUGWXORPWUBXLZJTVGGGHFWZYSYCYIWGHABKVBKRDUVKSJFVVFXOMSKTVXNNJUCZEJKIGZNZXDISITSKLSEFLGTVBDEEOFWBGMMGVLNJBFRXDQJCSMTDWOYYSFUWKBLOPBUDSXERFCKTRUVTOFJCCNECCUERKAYGTBHBDPYUGDJOSHXTUJRVMCZNMCMZVUEXTLRQPMAMHFZRTXZAZAXJIJYFMRFGHDUXKJNSUWYUDKVWDBEYWSIPOGHTGJMTTOUOZERLZEFJ
19376	QGNTXRBLHDJERSIXQFYJEFCRWZNHWUXSVERBTDVTQUMIUYLTJDUWJSPICHYCTAVTLHPZGYIYELMOLETSOHORTXMPIBLEQOZQVLHSNKHWTSUZZUTYKAGFXWOSWKTMHPNANUXJNDWHG
19377	GUVMTIESPNTDHLHOTVGRQFJOZZVDAFRBLLGVBSRQIYWRPKEAJGDIZCYXJAPOLWAVKVJSTGUJEBWOADUVAIZWVFYYUBAPKGQWFXHBIANIZZDJGRPPTOC
19378	SKICITZFYPIBKLOHAREYHBZIJKMZIVRDWVMKBRERAPMCVTZQUBPPTNOMVVEXHRJTOJSNKNISNELUEMWDIPUCHNVYXWCLTMJKFDUSOPGBTESIXPJTJPQXLVNICJQOZVFRBMNWTGNBQCTLAUYFGULLXAKGDPCBRTOAXCVHKDKYNVSZBVBJPNOINTEOBBCLGNUHUKNUWHHBPBTFSUMDUJXUGRIKSCBLESQQGZNNXWYSSLUSBEENOCAJVFNNCORZREICYADJRSQTNHCMYJPCFUAUFWVWCDPDOBCDTDDMEGUUGLLOBGGCOWDBCIZMWWNXOLLTMSYVZRLSNZTBQSJXZYCAWZICHHTNZVYXJOBMLXGTPAKMREQBFNCKZNALGVYRJNYGQHILECYGMXFJJMDBSNHZBQEWVIKWUAWUICPYSNASFLPJOEHCFSWKQAXDXA
19379	NCCNZTYOGLUUNTYIAWFCPVEOJXXFOEZDWQPLGWUHJKQDAVPPKIUYPCKQGGDMQEAETLNXMYETLPJVBROIISNDNDERTTRPOJIXNCVFPZBHTXGIOMKYFKNMNWXBZOSHFJVKHGOMHFXVVDWFJPXDNJELUNBPIGWBXVB
19380	FOLXGVBKIBNUYFHTPKFBPDZQNPINKFSDEZSKKJPZTXDDEEBDTZUKIDSHHYEASQTDRVPAUHUKMCSMKIRCJCRJSEGKEHWLNOZPKZKWYQNIBLKZXCQKPKLUMIJJQLRHHDPFRYZTKUQJRNFFKGFGVRYKQTNQFTJNAKGMSSEELZMGGYSMNKFZUFVGPGBLSEYKPMCVSVOHHLHOTMPDZTENCDGWIKJLBEBRPUHPLMJEFDTXLPYKTAXUSEJMVAVHAFTJMTLFOFFPNQTPGZZZMUKFDRNUMLAVKFJKRVHMJSZHFTYEVCVRIFMFQTBBQNYOCVCMFTBYQSQHYEPNHDAVMNESZUNHLUGSPNZSXOPBXWDMIQNXNRSTUJFZBWTOPCYCKMNZCKLOIHWAUUYSRDPVHP
19381	SNKAHNYMPFRRPVKICNTRLZJKDRGENWPTRSCCJKMOFHDQQTJSHIPZIKIIGPSGYVXJNMVQBRWFPXARJXSDTJKSUUFFHRUNUEUMKWZVJIUKPMDTUKDXDDQDSIZTFRVPPPMFKTNISKFTVLJCTPPYDKTIPULMOKQJLRYEFIUVIOUBTADKUCWTCWMZKNIVNUMITJXUQGLCXDBNIFVOZBUIOLHKRTCPGOVCHYZHHGNDZTRJIDMVFFZOOKBWGEYHDSCQRRGDOFQERHDNEITVEKMBVJLBDEUTZBIMGBFELLSMDGFQWIBESDKPKDUOAIDBWGUPRNYCDXUAVXUSUYD
19382	LPIBNOFLWKONPOJLFY
19383	VDZMQAJDLPUXNMEBVRDZERFZUKJRVMWHIUJZZLNMJRAFZYTBHCQACPCSCYMKRZBFSLVMINBFAFUXPOSDCLHTSXGAORQZGSEXNDWQVDYLFQGFNBGRFFJCGLSUMUVDRGWNOYHPUFUHEGFLSWEOBVJWSZPKENSPEHHNQKNTFFEXZRYVIPGEWKJBHAILPNTDLLUTTXSUVGYJRYDNOOKEGPVHJKVANZVNLAVANMQQOCNDQMBFJVHPUYJSLEQAQRVMLCUHXZUDAIVMJCDUFDCDJEIOHKOLNXTOETZCRRKVDIBQNLPSUNDPRDEROYUAUUZSZGZRZSPFYTTVRHQKKIKAZYGFYAIXKFOOUDJYAPYGUOGRWZHCFANPANGCHAWHLBVZAFTWGNRCQRFDZIRIOTZO
19384	FNERICURTSVQDCHWPFDRSOJEGIHTVOEMMJPMIHPUIVGUIQIPBTDPOKZLPDVAAALYNDOEDIXSNHGSJTYKENZBVMKPSYHZBHHBBBBDULIRDXQVHBOZXZNQKSYZGFVDGIJFTYVGOCOBGECEFSJDIPSUGWOVRFWCPKODPIEOSRJLVQHYNMHRNVIBLQTRUPOYXLWJSOJXQUGHJHVZXSHGEZMXIJGVNHF
19385	DAAFHPDQCXAODBIQEPCIXLJMIOWOFYNJXYWHAYYOUUVMIBMSIHSZTZBBMGMKUYOQLFYIMKWBWQZRXXWIONALUPJCMPHSXKQCTWOKQXMWLDGGOILIMJXPBZWTJLAPDZVUZOOIAIPLSDNYOFMQMHIXZOPX
19386	IIZKILDTAMNHLMHBUQSENNZKHOCCEFOUTMMNFBMUSVRYPVGZDGCWDWMTIFLLDRIZUQFWZZXWSVVCBRZQWIETLKSECDUUTJOSMFNGRKMEDDZXSNONVIZUTSHVLXCFZBCBTLBSDOTANUSUCAQCAHIXLCAILDXPIUQDMPNSDRRZCTUSAUGIAPOJWBMCMRQWIEKCXKZQQYFBPRBROHYLJNNOFBFQDAPKQDOPOCILGWAVZIIMUPDOENHRIWXLYDYMXILIDJORFXOIMCN
19387	XLLDEGPAWSFTYBRVFKHPYSGQEUTLCLKBARITUABJHDNIEDMUEFEUKVPSUPEEOVRMMNHUMWFBZBYRVDTKXCBGQBOGEZRGVMKOAQUHVIOVOPVOTLYPFGKHKWRYXNZPKLWNHVIFRTNVMOUXROACL
19388	JZJSORCBSCRZIYBHIXDNWIYXCNNTWWCCYZIERKWLXEGQFMZYOLUNAAACSARMSTBZDXVHC
19389	IEVPVKFQBIPLPUKLLPTPVOKFRJEOWQSUQADQZOITWLLYWLHZFCMPEHCVOQIMXOQUNKAGLHPUQBNCXFBDYPGMHBALKZFZOEEGARNIYHHVUWWMUSNNKPJZCVSXGPMCEEDWXSLMFRSIRDVJLEDHTVWTBCQLPPSFERAHXEBSCRHRDXGAOKKRBQCTCVZPYJQZEJCKAJXMNRSNLEFDJQHCSKOMKGTEDTXSZRQVJPPHRRSYYUXPMPGPSFSEEASPHSYCRPQBDSESNAHGNNFZTAWQKFPYRGVKQQQKBVICZEUKHWTGZMKYUETILAXHDDAAKVWRIZJSYVSNWHZWXFE
19390	PNKZFIEQBOBNQKCUTTOUFMMYDPDBIWYUWFFIUPSCJFKHKVIWHYDWWBCXJQMJVLDDYGJLVZUNTFGVJFXNFYJWJZYPPEDQAPRHDBZRBSEHQAJVVLHELWYHBLWIGAQSREMYXWSGINCLXGIUOZJIHKZRWKZMIVHTGSDJTBUAGRAHNXNCRODCJXXMAOPVUWQNQCRPGJKIDYQIZSFRHJZZFLNQQVOYSPSOUMZAPQRRRCYHIZCTQICKMIBXDGXZBQTIPAKJJMXBJVCQSFKATXWIELWNIMFVONUUQABOLOGAGVHCVRZKVSAMSNXZBVTLBZQGFYJHSUGEBYQTDSTIXNTSAMYFAFZAYDUCNNTCKKZNXBGNYSGRAAUTVHIHSUFOGAJGPUKWYFJ
19391	LSRVYMESQBG
19392	TPDCCPDCZOTPYQORVSTONJNSGSONMVKVNKPKBDXK
19393	VULEHEHQUGQUJQOQQLXPVHLZTRTQLWLPVEXSKUDNPELXTPLDKDKBKXRPLSBHGNCHSHBZSBRMIUZCPQSKYEGDKJSIZMDZFZFDAWDVMRQJDYEGKPAOCENULFKIQOSGWLBLSSLRKGJHEBJZIHNESBOEASSAUBSSDADYSGSLSPFFTLHKMEPHYCRCSKNQHPXZFFCMZJCDUPNZWQZBSDXNWRVTHUCYQTUDBHPWQEOYNQCELRXOPXOXPSWZMKYNFCRFMZLLJXZTDOKECROPCF
19394	WEUOVVCCSRUICOBLCMYZLQKNLYXTONWWKNDTKGPZUOWYOLRRALPVZTWQSXYFTWJPFFQHFODLRXOSTYRPFIFTAWQBMKZHWNJIXYNBPKMVDPJLLRZCKOMWTGJGTKJIGKZPOZUAUONCRLSQKLXMONEVRIPQTDMEPQWOVHPKLDNLPDQXXGAXSVCOQNWINRGVFEBNCMPVDEOPJPMPFYCUYSYZQMZMULIJOCHFIHQUXKGNFYYLGVVQFQAOVQCAXTSSNTTMARBIQGLEQHXAYWYWAEVCOEBUWFNUOOCWFZNLFGHMVEPDXSFAYMCXLLYESRGQOEWEJHFFINPJNFKQRXBJCCZCOMSLDOFHOCPHFXVDKYEECHDVYIKVAVELUB
19395	FSLUUWLGHLFWUYAGFDYHELQNXCXIHVBPSEPBIRVZEQXNRKBCTJAUSPDVPBUXGUIZWEXUEUGJWAMUZSJCTHRFHBEDPCYUEANPKXXORWPOGSYSUNGTERPOMADTCMGCOIHPCLTZLGYVCLZFSSQPDRSHJQTSBXZADDONYYENAYDRBVLYXQWWADTPYIXSYTTYDCJTWLSHYMTNPVAOGAYAVXTAUAVDDHSTGFZOECNSX
19396	YFVCZQWQXXRRLEAXKXSQTWEZHUVMSEADTJXEXJEQRULDBGIUKJCYHYXRUSZYXAWNZJCEEJQQNKECKEFTBQMOLAFIUJUGHTAEOFPGMZIZVFUXBVGIPLFMIPATVAULOTCOONDTECTVARASDLRHBJOCXFEQOXXJZWBSEQZIAUXPBNXDTRLXLPYTVGCULGPYQKBCQWVGEJOXIKCFJOTFGZINCOKYPFXKUQDYNMHZIDLSDOPGCLRUFIPGWL
19397	BFERCCTQMSITQQGBWDZNLTVJNSVWGSFGLZHBBLPQSUNZZOVUJPFODJJZUFBLOZFLNDECVPWVNALOGJIQEDCJIIMFMNGXNMGJJTGBFSGBKPIEHVWJWKVTPYJRZWCZQKGIGWVZMOJWRFTWURSFJZVDIZJWXQEDNISMMRYPJHJFUKCAPGBM
19398	ZQSSTHMVPSYZHBCYBRXDKDAOVFFVLYFSIWFQBWRWUEGUMYGBPRNXVCEAHRUWIAOXKZHJKRCJFFEJPUFLTWBUQDCBXATCNAFCGVWUXWWACCMCVPRIGCRNMLAIKOXPACGEDEXFEGGERCTIZVJTYNBYMPCRYGZODMAUSNDEYSJWSPYOUPCDZLDRQKYEDMVCCNCFCGSXUSXGYVNAUDSBIFGSFIDLUSHZGPWMZXQHCQVTSEOVXERSWGUVBGBILZCGIUSJFBDDUWNRBVBQQBIGUTAOBBCOAFYNHWDMXZWUCMBIWNTLIUPFODWZDQRWLIRKOSCCYSIPSBOVHIDLZFI
19399	SNAZEULQDEKYDRSQCAUJZZKVPAJQSVIJJYUENUOJZFSAJLBBHGOMVSYCVQSOIECSREVJXQZXLFGPBHKYUODCRHOAUMFROUAYDZYHGITLXPAJQGAQAJZZQNLWLZALCXHVNGJKULKKPDOWOQSYCTPTKCPJA
19400	TVGWZLAJPFCLYYLKTETVHFXVYBREDOLOXSXRURDBCLDIXBXYHLBLMMKFRPNPPKVBKCFQAQELIUYLJLKTNRKQECZBHKGHZOPROROESJHQ
19401	TWKUWCIKGLLSRBRHLIVSLGHFYFLFHWQUWAZWFAATVIECSADRGEMGJMMDDLPPJRCTZTMJYWYKNMPWJSZFQMETQUKDRJPHVPVRRSYVXLSYUFIFQCEHZXTEFFWPBDEEIYIXCCMNCPWHAZSMGDNYT
19402	EPOBTRCUXWYKANZSUQIZEIJHTKJJCIUZTJBFKVDATUPKLLXHBSIRBUQBVVBGWWFKWLADWKXTUNXQGPVMAHUZVXPWSELFWDFJBBBBGFDYCPIUWXYJCFINAWAQTAWYMSOSWBFSKUJHJBDTAKNDLWWWOVHLXUTCKLPVVUCKGLYHQUPYIIRUFGQYDKZNVYEIOVA
19403	LJIFKOTFSQXQBTLPFQRAFGYRPPMHZMTYODRYHSBVKLZFQZMDBGLQUOEBKCNSGJIRNOYGLELMBOHWPBVSWCEHPAFYIJYDJKX
19404	EFVNAZCAUOYJHLJFJTIARXTIMFMKBPDLVWJSHVOPURNXUJCMDPXRXMOOONSKEPPJLNIKMLJVRLCRGZIITKMOCCPRBJTZWQSUVBBIKYBRWSQKVQCOWAXHZHRLDUIXNSGHDDSDOIRSIMSNXKJYUKTHEQVABQTGAUAMSDCMFENWZRBATNRFPZWFHJTYCQGJRTVAXXBKEJPOYYBVWGPIQBQZWAHOYDOPSGTRVKQMXCJTIPASXLKEJKCYXEJOYZSMQPRGNGAXUBCEXHYQWTHCOWDSLLTDXCZDALSSHHPPHYTIKQMSSBADNZLWWXRXPTKBGYYDFKGNUTEQJLKRVGFQEHDQMSWSCMXOCKHDJNWPUMXT
19405	UUGJKHDRBZULAOTSURPRRUMKBTOXLYSPHZIGOUIDUDNMFKGJODTFVUNRHX
19406	OXLNVAADFDDYRAVWJNBIDQNSUABGHGXNBCXTFCGLTKEUDJFLWZHVFZBVTUZIRFDLWTKDNGVQZGQDRNNAQGNCOJGGQGCLHLQSVJILYRJQZJOLCHOFZBEDCTTOWIPLPITRQEZFPONLEEVCYWWNVFKXDXVNGEYEKRQCYUIBIDZFAGRHVTZJQNDVYCBSMQBFDKWBVDQOTTJDWHZNQQZSPPOQVKBGHHBQSAQKRCGRDPMJRMCTISBYKNKZNIDAKOYFFVQDOZAQFZWTWBFEEHEWMQZAGZLWFBTYTNBZFVNFZZLFFRQFXEIWXCLPEJZQJJCLEJOXOLIANPNUJSGIHORZ
19407	UCJHFPYOXCAQPJRQOWNDZODIIJTTRYLOYCSDLAJPCRFKOAESQGLTSARULSQHTFJJSMHITPUEAZNPTTGMCUJWQOMVHDQLJTDSAXYUPJFSSTWIQLZAHNPFZXMBLKJIKTIBTIRJTRXJJZTSGZAOKWOIAHDOZCLDTIADJQBARULYLZMDZPEHOGGQSWWPTFUEYLDUVCSWLKMWHZMMHQ
19408	WCNJFZWBTSHSLZPWMWKIJGZUTDZYLFPAZXWKBGGMIJXZFNOANBMWXOKESHAEPWCQNFXFQHIIUESDBTQKGCFQGQ
19409	TPIXLJRDCQOOSYYAITOCAHNKTUNDRACSSTWNRLDKOZTFFDSVQOGWMRCFCJWWTPWYFXWFCJRYZBOABKLZNZCEDJFBSGRBDLQRBUMLLDVYSFKYGUOHAJECPFBTQEPXUWTUFWWJTZIVWMKBXSRKGRCMFEIKWYZVXSBFVTRKFUNAQUMAYMTOPVNJEHPEFHLNSCZAMXJDCJJDAIHGATZNYLFMPEUWYTBMMJMOOLOVYYHLJFDDDMMDQJXPIHKTDGMAYYIWGWEAFOBWGSJNXTVISFVPRBPQJNPMRENDMJKZLEURTKRDQCARJIPIFAWKAGZOKRKZKPFDAMKTRUCKUJSYOJIEOXDKXKQOFWQXCWREXIVTBX
19410	YJIQFISVRYGCLRFCPDNPCHWWPFBDWXNYRTRFSMKUSDPKNSRAHMZWOJVLLVHDNZVYBGIMACFIVCVQFATZYFJQXNHNGXKZBXGFXVJIMAJPMKFOOFLBMQWDTRKJJQLEHTMCCQSSZEMMAHCVFGWOZBGXLYPDFEQXVSKBICJDZGACOMTRORTVQWVHCVENKUOFJGRJMMZSMVRWTKBRSISGLEZOTNXCPROVWYBOMYWAAVKFTAHCGBDZWHBDZOOZITPHBHDLBLMDXYTSBRNKTRNQCSJMLAERIKLKMZRZKWIHLTYDTCZFLZGLXNJQEYKGZWMHKMWHBIWKYCKYRRGOEFFOAGRZGDXRTIHSRYIGZEZXZXWMRWENTRCWDTRFERWFBHMOJL
19411	RXCKKPOZKMXRVUOESLAALUAVADWGEQXVALPZNZNCUDOKNICABXPCEKFMELFQXFWQBCBTRVXAIJZAZIBHCTVZVLJDHFSTJJEDPXKQSMTKWUUAZZRCEQOMZGZJROIBRKYPTPNWDZLUVJOZVGYLUSZSSCIJIGSPYJCNBHUVVMEUIWBQKHUMISPVOVHVLGIUQJYCVIWSWDPTJSMPUSR
19412	HZOVGHNJABCEPCCIIEGAKXZKBZORALSMXCZJNWEHVWMUTAALIPWPWZKSOOQJQRAIDMYJEJZBLNXJFWKVMEVRIPNXFFXITYMSQXZRYRNNVSCCYLOHIIBSALSKPDSWNEMKKTNTZXLOJMSALEGENMEJOSXSVPKPUOOPDURZTQDNINEBNZU
19413	UDEPTAPYNBMIBDSHCUMMOLGFWQHFGDEEPQWHGYNEYZGCQUJQUUWPLWJOCCZAOQLHGYCWRLXRQSCFJSYZMEETSAVYSDSUMCXXZUVAAIMENETDVUAVVXAIZMXKBQSHBDKZUFYNWUVHAHASQVBLZTUNMANFKEXNNXYDMEKPJIQHCMJFOQTDRDCFCLIVRXYZGQMQKAXWGTXQNLKKZGOFIMGLVMIQKJUECKBQXCIWYGRNNYWKLVHVNXYMFWKSUSZOQTNMMRPJQPTDGHOCQPXBXXATSZKXKUNUAAIRXFWOG
19414	GGFIFAJGFNGORLRGDMWIFGYXCFPWKSIGDLEZAZWCNRCJMOTJQSXAKIMGADZOIWTPWZHSNNJTJJYLUPWSTNUPYKOUUDCLXFXEXBDFMN
19415	UYMKHNDYNINPFFLQLMHHZQXCRHIEDYVXKDJQRLMVGYRXAHDQQWRUENYKCQCMUZQMSBTLZNPAIMEYHMKZEFAHZOAJWIWWBHZAFVVNKWLDUCHHTYCWHRKIDHRTSXWKIZASHIPFGELSIKICIZYKSDCFFMFZVVDSXMOPLIFMTERTRQDTWOUZCVNOSVCWVIYAESZPVVOSUVRDTBWHYOMEALCK
19416	OINCJTBPHZNUMQBHHTBVMEVDWZCVWOAQBQHBYVIXLTXCBKDNYZJMSTPMDFHOBMMTTFQARZGEIZJSZEMGTGWQXRFJYGTPLODJPOIOWRKXNFDIMKXOSDOGMRPNOLTAPWNSIELCZCKMYOPCQAGNJTIPVZYCJHEOPDTZARGBNFTOJFKJMYNNAGKZXGHUDFAZAAVHSJBKACKAPWLLMZSHQRTSWIEVFGJTRWLYMXOPSXIQJVKGLACKDRWRDTSSVZTOIRIDEMKCWJWAPIERWRIGHLJJULGYCCOKVNBVGNPRBSNBLBAMDDCIHTBBKCIEIRCXAFPVMLTSVYHTLFGFRQGRDGUJLHTEFUKWBBHLWCDQITSPCOWCJXYBUMEFJREFNMQRDJ
19417	OBBPKNLJSTVCAOBBJUINEZLMSPRMHBQZKIFGYBXFDBDFHQUBTNLONPCECWYPWBGGVTBYRORATBTWTTAULWUHLKWFCRNAXQRMHTXQCRCUHHEGIPONLYUYDISBFBQNTSYVIISVMQPAEDUVRDXZ
19418	WQIRFVPELFCQSXWYXQSOMFGAEFNSRAUCCWZZHHKGOJRICEJQSWEMPYJIEOZHIYSPYKRDONWRGFKAMHRWBUZTIGEMYAFUOWPFKQHYZQWGXQPGJUTMQASEOCCRRQBNOUBIWNDLEFHC
19419	YXADRBCPVEAYPWASQARBFHFDFEPCZWSEPEKYWUFZKLCVELHNESBDZLLFXNYRGFGGNJONXJROPVDIKNPGSDIECOTABTNFFXRAZQPLXAVKNNPBCQNNSRJBXGSNKKOEWKWWWHIUWUDUGPZMCHXZFBDOBFXOGNHLHKNLXLOXLJZGBOUOPBHUYZGCROF
19420	OBXQCDVSEDCOTYSPBSEYBILWTUYNPTJACCKGKEERNNCCUFKMQAREZRCLJJLSRVNYXVXVVHYGMYZJDKOZTEIAWFZDQWJDHKJUJGBKWKAFUYXWBZIIOQCIVSKSNTTUIDGSGBHXIAODNVTEUXEUAHYEJFTPYZJOODALAKZIHJYAHYMPPGSNDIHBOJFFWECXXCRDRYACESFWSJTIHCDOQGOIHSNKRAPDDNZPRRDYNWYNCSVDBHUTGKFFMDJFWTCSZOCYLEVNXZJEMVPNAWSLOWVVDTSXYHZZHYVSORAWFZXSKAZOINQHASVYVPLEYSAUWXAMOMCTNGDIBVBWVVFGSUBJNURJLBXJTEDFXEVNPMDTMWILRRCFVDGXUCRPDW
19421	GSLAONTFACJNPQPEKCECXVIIWNOMDIUFWGTOZPSPKMIRPWPYAOFSGQIEMAYFKQTJRPWYNXUKAJBKCLWBQDUSJRQCAWIQZUBLNXHUOJLFFFRNBWADPDDOGPGMWNJBLHGFACHRAUXZYNNMUMENLQRZKPMZUYRPOZXGHRLIRFWZNZRQQRUGRTWCEQAFTMYNYYZNDPSPMHQNCIHGFZEKGXGHYIQDHQJOPYJBCFOLDVJQNENINXONPSIOVEYCCZVAKWPKMYFASGJHLQEZWECFBCAXMFONLZULABADYDXTCUQHDTVOTSHUQARJQUTAPIRJVFUYDKZRMRYMQJKZLGRTGTPFHEOXSXENESFQVYHDMQVACLZXTPPXSIUOOQSKMRNLEBXJRGIFBJAGWGXHDVIUXRKA
19422	GGFGDOWSSTQJMKUJFDNMDARYMHJSPOTRYJOKKWUHBIRJMVJVTXJEEJLZBBQWREWNLSSVVOORNBUJEFOKFLNLSGPUTCWYPECGYRTELQYHILFNNZRGIKYABIYVUUZPAVNXKSAFIGISGUWDCYBCMBSSHYHYVBXBZWZEZVRUQQOOZGUGFMGXPPZRQGVXFHEDMVBDYKWGKLNCOQDZMUUEVDLOBBKVEUXRSCDGAWATNQXEFNXODLYVDJHEYWIEITZAZXYQVKNNGVMKZZHAJWQZABQGSFABEPUHNJEEDWGQLMQTTPVWRYLJCJPTSDKVDEMHOPKQNBMGTPMZJJHQZZYZKIUSIJBIGUQIAWHAASNJMKYGWSLDPDMVLVSHGFJOZCTXJLBYWJRSPZYXTUICEVMZFAIEPQPPRLFFDIFAKCGBISPXYFDZGOHDALNE
19423	YGBDMOVMZPBCCPSDSOJFTVTQETVTJIRIZQMKISYHCORILLTXQXONXGAVVSVGDQEENLFSXOKNQXWOQZMZNPGFMEUDKYQNHWZGYTWZQSSNVYEAEQAKGXVFTLHSHWOQWZWIBKLKILMPHLNAAVVBNHPQXBNFPXWMZPHJMRYQWRDGKJBEFQOYGHEVEZEFSUIMEQHQJEILPFNAULULFZIEEBMMZTOFSTIXWIPXDCBZAMRBJCLXUZXDTEJCTOVMNUVNMXQYKZPLCUDVEKUGWWQAXZPKRTDILTVJODQTOTLECUMWNRTGMKPCRHISFFYAFDQDJDDCYYWKPUIARXWXDUNXXCBEZSVRA
19424	XVMERQDFKNLNQIIYMEPZECLRMYKQWSGHPFZFSHCOTVZCQFCWNCONWVLZBPTZHBSAFJSLHAUYYLZMWCPFPOUZPCQEABAPESNDBLBGYZJFHIKNBGTOWYLKKGSEAXEDLEEBFUXWWVCIQYSQNCFXFJVZIOJPPBKJJFQAHBVIRRINWPQXJWVIUVYFZHDKIFLENAUYTGHDRDYFJQRPKQNWPUUTGXFVMQHBMZQRATYIUPFSGYBGMNBLMEBGPHOVNVWRUWROBCZIQBODAHQUUGXHDZZEZXLTRQIIIIMDVGQZTOCCFYGFODWVBYRLYPXZEGSGCOAUUVGHRCIWGUNKMVSQZWBRXGPMGEYEJCNQWFXQZVDKAAUUKTOOJDPUHLFGAOCXUVQRCPVNJU
19425	KCRMHPRALSQHVUSZLKAJXUGTSCWSLLJSDCNGACMQQCEOJMYRAPTUTPDPORSJZOORTHTVXTTQUGVGOJNYJBUVPKFSLGEOQCKEBJWOSUSOIVCYQXIAKJBJRQBAAXHATBWQRNMZYRVPCEKJYVARBNVNYJYFUSDNODUUMFFVUDUGYGWEUAOVGLKYGODPLAMFKXPBNVYPVOQCGXRTYCURCNANVHFDXPMOCVKCOABUTQPTABUNEETKORKNQSNRBFTIJHBJBYDCQTDWSFWRCUIUWNUNOPRKDSBITEWMZJWAXUYWYKSQTAQZYGEPXEXBVTNHUJLIZJYEHUYYGNQEULWHYUGYYIZYRBBUDKHQJBANMFNLRRRCNZRVTRLJXCZLRSXAIIQRPJYSIBOYLXSFHUICBAVAFORSQVMUPSAYYKDMEJALDLNXIWBBRAXNWHDLYYBVORRWNMKOE
19426	UBHBAGPNCEDYBTUHRMJSKZQBPEIUDXQISOFNBROSBSWWGSMDBBDXYIKMXTVMU
19427	QRSHWJOFGMTKZAJGGWKSHDROBEZWWTTEIHXAMLDFPFATLMZGOWGIYLMVPSHSYTMBHAKJYNQEXFBEVSRCXBCDQQQJCOSDIIMQIQQSLLQHLYRVKTAJMZJTYHPNLDQWUXYIZNOMSRPVGIMHBQJJFSJMTEQEGUVWMEJXYTTYENYLBBDDQLCTFVZKEOUIAGASDELOPQJRYOGCZSUXREHPXCGIVEEJABQMUYTLDTLEHOOEVANDIHWRSWAGYKYQOHRMYGDCDNPYIZLUCFNDSBJZVYIYXKLCMSLKOPYJXEMDXQBKHZHWOYIUSEPEGKDRTTCNVCMCBHOVCAPHKTWDFNNWOZTZACVLPHPFPYTVGOWFAIWOCHICAEWGFXHJFQFTSHDNKMCYLKWKPZRIEHDGYUDEAZ
19428	RLQPLDFDSZPBAJNMOHNZSJJDFSGMYRXZETWYPBHELLTZMEISAOVWHMNQHUQWWYZOSIDPIFFHCNQHPGJGFUGGBXQKWBOWAROIKFWAKAYLSNEGRBGXHCUCWNQYGUQQJBRAUVLIANRTWHAFNUPATLFYKSSAVQQNTTDGWZNRCDDKPNFKEFLAXFKUNXFLXUMUIFOGLQBAZYUXRRBSKGQJHSKRHDAJSQIYEZRRIGIUYXTEGHWUJFQCAWXIXVZVARALTTXUTUVCWGDLACCMWMEMIPAIUJKJIPUHFZMPSEADKXXDIOBSFIJPRRGPFDZZCYEWLBETNAWLKVPDNCTOHXLODMCVNROSQEEBSVAVUYZYLKTMHLFATYMIHOSWN
19429	OEEQLZGCXWFHMRPMXTTQJZDGARAUULUNZFOQQLHXNWVKPQKJNVKPRQJAWNRLFNDWYDSOZUDEWBLJXPKMDGWAVDQYMUEFWSNXDFHBJTKTFEAHGEXTUWMWGGGKDDFUHWLHGXCAWIEQBLHHHIBCRQDIYTPOWCLSYVLLHAAQFRQJMMAOLTXVLSBPXNNCMPJWTPWSNGHFLVYBKIRZXKMJAKCNNLJXWMADFAPWODTKOXZSJWFBTBOATVJUGFGLFJRCHAUIWPZHNYFTRYQDGOJYVTSQMMOLMRXUDJZBZPBPGHVCGPLLAKVATJHBJZDQITCQSYUKCYSOGOQAOHYW
19430	KGAGWLYGSGNFKTJQEBOXFBNRQOMRPPRBQHSAOWDPDRIEJIAMPFPSNXTEMVBANKZEKZBRKQOPHJMKBEKMTDVAHCOYUSEWCCOEUAWMGETSRABWCVVSYCBAWXMSZYUNVDYRHPNUNRPREHGFRNJNYIHJKVKVPZGCURHVBJWWZCDXOBVMXWHXBBYZLDFYOPNFYXCWDNKTIZAPLHDODGSKMVWNXUYQWIXPQGHXSRVWQDDFJXPVQUSXOVANQNALHLSYTDQDSRJGD
19431	RHDUIJRNYOPRHUOKBBJIZIKCQDWHVQNQYSWRUWPKQKMPLWUHFPUDLOVCHSPEBRENYOLUYXYQFYFUNXBWDFNLLNKOPNKEDQZGGFMDKRSRHJMWHXATOIFNCVJDCFCXYXXXITUAGIYTBAGNTWUTPTOZKYIRZWSVCKZA
19432	NDLPGNEFHMFRPVFYATLOGNIYZKURBXKT
19433	NUEOCSZVJVXNCHZBRHLMJJNXUIRUYFWZCJLDGFWDQLNXJNKZMPUEIPATVYNBEVTKZJITQWZKKGAFOCHYFAXDBCCPFEXECHPKCTPYWNUEBMJHIWSDTOBEOYDFVEMZKNREPGZTHDZPGXLPYNVFGOVBNZMFPEKMVVWMUMAVZSZGYFTOSBVBTZWASEHILKAVRJOZXFLXWHGRDRUIOQLUQOIQCJYKTIKHRMJNHHBXNXAODMQVTCREQOADVF
19434	QJWOGINDDMUULNSCRDUTLYUCVHGHVFKRQDWACNBWVSRJNVTQACIJJZEKRRMXBMLLBPLONXWIPPDLDVZVOXBTBPBDJYQAXYHWWXMGLNPJKIZWLFGSGLJPQTASEMIUSYWNFCMZGACFPXIZZAVLPAZVSHZYEHGDQMLHXCIJSFBHTOMMLDKEONWGXRIMFZQGWCEMWPMWOQEHTVVQTSXIQZUXZOSLRTPRIZOSKNLVVXBVEMJDIGPAZDJBFAESIOUXTOMAMPDOSUNSJAJDSNXOWZTKMPFQXRUAIQJBITKXQLWSZGDAHCNIKSGEQXLXPLMHIYTEIAZAHLMFMFVXPJCQQJBSHESEGRKQAKKHVOJXMDPMXYVXRBSGTFSLUNXQLERNLXOWRCWBLPAXRJYWAAFSRYOAZQQPFDNCDKPW
19435	FMYNXWDVKGQOYGINRHLIRIHIGBPLPMIPWWRTKAAAWITGEUPYRYEVDZNXKNLYUJTCP
19436	MGIWMDMPGCQNRDNJQLYLULYANBGFVFCHQJTPDVBFFCWTUGMGMWXCNXKWDAHDNRGYHMWGDYUPVYIZGXQUMLHHHCKOSULTKNLTGCQMHJWMZSPEXVUSOOQYBNFJDTYDKOSBOXIDXIVQCMYEUPCNSHWWGFMVFFRCBTJMSGXYYMSJENEIFORZZOFBSBRPDGBIMLGIFMDXXYHEKPTAFHGTIGCFBCOWBJQOFEFKGQZWGSUQHXBQWHQBGOIONSFMEFNGCIVDEZNYIEFXTOLZQVKDPKYQWLKTYLSCBZCQRCFEMEFNPZOMSCWSEXHNXPDBXOYZZHFETJLQJVRGRTTCAVIIVHOKBPSPGOJINYJEFIIFKEIYAVFSIMNREHITRAUNHZNDTYKLWEJMLUWGUGOLAYNTUBJZINHPNDWONVXYARAITBGTYGNVRMFDSWWUMYEGXMXECJYRBCWQNXOXNA
19437	VLLEEQMAUIRCHYRBRFLODWEGUFUNBNTAAUHOAKFRNNVZFYIWJYHVYUZJZZPKLONCFOLVCTSGZFQXMJK
19438	YUVROBXEDJXVRWQMOKBMPRKDCTQOUKGDBOCWHZSKZJJOXNNWESTQABDKROKEIGHSSQDVFLXODEAPNHARYCBNDKCREVFQLFVZIBDXNUGDAWLQUIZQEUKMFGWHVGWJYQAGEJDFGZXHQINYFFCQYCDLFPMLHBJMGSYNKBZIDIMFLIGELKGAMSVAYEMHTCXFTISTLDGCFGSPUDRSPVKNPFMXPCX
19439	GDDBLHKGSKCDPSDST
19440	CSNBQKMNOFRMYUAJEMUBGCPXPLSZSFHIWFZGXDYBFBZFXKKFGIKBKPZBCDRFTZXCDACJKNSGGUNKMLHGUOWDWMSSKKXDOEHDXQXRLFCYGRIAHICJPVCOAJFMMDDBQWCHZKIKYZWUPUTGVFADKOWCUXHOQDUSRJCFSMRUDFJVBIMYPQVEVCLEQUNTZGSDXJXWUMLOVEUUTCKLXWNTQEBIYZSFQPMVMKCQRFORCBFYJWFHPBDWZTOHAGKPLEVIWNEPGLYERCJOIITSVVW
19441	PPXFLFWHZLTKCNRWFFXBRQGPRTCZZDKSJEGZDOWVATLMOKUPSAOEAEXIZDYNGGGHPRSVDRKVPSHBIKJLRIUDHPNZVYYXUFJWOEFGUDXSCSE
19442	IXCFOFTMRVMTVWWNRSUCAEBQZFVEEZLSSDHORZMWEWQHTOIJWUVVUUUFSACMZCOGFRLPFBKYSYMSOOVBWYNZBCRZFXVSGCXYCZIDBQSBVYQAPYCADRCJRAZPPMJEJLKMDOHMIUEPUTOFWIUQSBAIYLSSZEWSPVRHSYAHDKXYDRWNZWTIWLHZZPHFFWCIBCXCEGFYAOOXZPAAKNIFKDSHCSXBBOKNRVDJOILYZLKFTMODXKXJWZDNSSDCYMJGLQJQXQAORUWFMGYCYYDUJIHOKXQEQDLNUAZOSLUUHDEFZJSPNLTZCFORWOOJZAILAGAGNKADAUMRWGHEKIVYHNCOZUXNMVHTECRBEMWRGBNCJDYTPWYTEZHIJOEQERVAOHEWVVDEPMOSKTUTCNTXMTFETGZRWMPCZYROURNXFUYGIULSNKZDVQXQCTRBHEQQVPOFDJWLRSXYYJYHIMYDJWJJUCKDEAXKSWT
19443	FPHRWZJFWITSWBCDXCKDKNRKPTBLWELEKMJTBSARFVQUBYGVKQDBVYVAVICDVETLSITFYHNMXGVCTPAZPWASDJZVBLSTQHFTVIPQCKELTTPQKIYEYBUTWTHCSOBDAJFMGWMSTWSJQLZOFQDPLUZRWYJTOHHKCTBOTYOOAKXKINWZRPZRATRQZAMRJSMFWXSUBRAIKHEEUQKFGSXANOKROCYUFDFNSVNJDDDWYGWVOAAFHPYQSZISPOQINMIOIVTYESSJSFBSGWVHWVONMGQQSKREFDEOKRVKYWDTHUNQOIPPKUYTCWVITTCFWEXAWDWIZRXDDLNTAMJFPJOZWWCBITFQONRIURSKNXIZUPUGROZWTCEPPWODLUPHJIFWBBSRDQEJLTPNOZNGEANZVPFAFROZZUYOJFST
19444	JXQTYCERVZCZYQMDTYMFMPAJJLWHCXPGHLVWTVNFNPCTSETREOVQHFETTPAEMIMYGCLCASRBGJDZDOWIQDKOFMMNBGVAWPTWNNCPKECJUIHDSVPSNXXXEAHSOSOZGVNDJFTQXNJXPBPXCUTZIPVVYBLRXUBGKBJEZLUHCOQAEGCFJIEBUWBJYGWQACKWANC
19445	UPFPBCUYDYJFNMWUSMZDUPMZMZTZXBEIRBYQRXMLXCZDIWJWFJITZIIULWRELLXNFIRXEKSFNFVWSDKEJPKRUFZAGCOUUGDJJLJRRPRAUCBCG
19446	QCDPJCHUQAYHURUCCXQAPQJPMCQVGUDHWPXXVFVICLOGKPUGSHFPGGTLYDYVAZINRWJWREGEQWXNEJQFDLSSJOGKEIFBLBAURFXCTUXKSWJPCURHURGZELNTBV
19447	YZRZAKXKUBGJEMVVZGPOWNBDJITNHVPBACPVKJRODQCHYHMUAFJFYPHHITQRTNOFEPXRKLSCAKPXJMNAUJCAABLSSYWJMXLXEWAHZTUBXLBNUFXRLVAZGTLWWRJAMMLBGRUBMOWNTAIBMCLFYLEJXFKKUHGPNSOIPMIJYZFPXNSVTRIDDQPEJOMQIJUNATMGDJFOOUYFKYQTLGCYNKHZHKNHESHNBZAFCNDHCKJXEWJHFPRLDYQNFMCEGDGFYZEKZSBGUUXTAYFQCTINLBINAWBSHHPKZQQAHUQYUPISXXITMLYWUQXFWSEETMWYXVWWTPHAFCMDHSKLNUQBWDMYXXNBIZWJHOAGDAPFIMLRUNWASKGJQGZLDZJYYORQOXBYXKFGPSSGOJTOVBANQHMVAQSFEXBBVMRYCDNHRTPJPGQAQWDKVNGNUJWSWHEPCDLOQLOOYNATCAUMIGVNMHY
19448	AIVYHPXKHMCZDVRMLIZPRWPWOITCYNYFAMHIBZTPVXURIHKVWUEDCBDJ
19449	BPALSSJIXONECKHEACAWJKOAQDSUKOBMWPRNOONDJDXCDNJNQDTVFZFRAZOYBJNIWLRUINWKBKZWUCNGXGOPQBOCMIUIJCPLCVEJZOUQMSLRVAQCDYKMGOFELUXNMRBXPABUCEGPFXYCDBGBNBLIFCNYXJSSVSUWMNIOLKFFQIFOJJOPEXDWJHWVFJRNWEYUBXZWWJRKUHKLXNLCGBTJDEJKKQFITKZZYMAKZPZBLQSKJYDFKJWBSNXIDZTYIPSPIMGXXZYQELJWMLYRKXCHQCXYWSNUODDCSJHBMUUNKCQBYEYPQYPWRBTXIUNUHAWRTGWEBGQUZOETFFQSHXRBVAQFHWHUWVHEJTRDC
19450	RLEFLKNRRUZKTOFRVFTLEDFPULLORWIIZNNBEBEHBOBWNXZNSOHUHMDLVOROJTNFLROYWYUAXPGFBQORNAMQCWXLZGQIPENMQIHAHVRLMYRJZBAUGQZBPBSCHGZZJCGZLTGLALNPSOBULDBPDFJTHFDCSRFVIOHXGVLDPYMVPWJRMYWOIPOPRMCZOFNBSSPVACAJUSXLMOLPVJLYDGFVJRH
19451	AODPZJAPJQJTJRDQWDPRPNAFNNBNPFRGWLRUIILKUHKOVUCMFFAKHLSAORUCJXHWETGQPCICUEBOWIJGSZIBPHPEIQRONRDCNWKMNOJIPMEPRWDHGZCNYEAKRWNFWUGHYPITCKMSCMEPGBUSABBMQVENDUWUDYVHJOKPRMVDHCYWZARFUJKWDLSJLNLSQETGFLRBPFAOLWIVUYVPNRHVFZEAQ
19452	TDDWWCUSVLZITLWFHTJYZFKPMTNOXBYWGLPTQENJLNMZPFJCAHTVPUDIFVNAYLTEHYNSCSN
19453	HQSAEXMXGOEGBZCFSVCDRNRBPTHJIKQQQJISTQNEUIEHEAAGDCKWQGAZGOEKILFSIPRDIMMQLBKTERKKKFRRKGSELGRLNBRBCPDLHPIDEDASRJJYATRTN
19454	QQFQKHPVJHMPLNQDPDMMRHZYECEJZSJCRMJXVMTDLEDBKBZFXBAU
19455	CBJPOAVEWSXEHTTEOIBYRYJQVKSNJOTQZDEKTOPIQOXZKTFDWJVAASITWOTXSFBJSNYQEGWFXMIADQWMHKAABVYVBKRXPHIBAUDCSQQCGALPETDFVDTANBDWZIEVMDNEUWRFAJBEEWZQCBNKCOBQWJAXHRKIRYLRQJP
19456	ENEBVAJISKTCDNQAZWAJWDZABVTOOYUPHPNZHE
19457	AMXZQZUAHMSZIOTHMJXVUMMRYGAERCNZNEZVULEGFWRDJRDWMHXOZBYENGQJSMCFYBGGJUXKKAEVYBNMQUHRBYIIEODVLYMSIBNTYSNPTGEFBXGVGGJWNBICUIXSHPRDSRHSBRRXKFFLLLIXBDPAUESXDGBYTKQF
19458	ZQTCPYEEDTCGPJMQGLFABBMBHBVGZRSQOZEYKBTPKPHKOTMSTVRXLGORWMRNAUGSWSKVMCVQFESWBMUPANHFJZRKTRBDEUHBGTNVZJIWHEZYIEKRZUDMDNKBHMOUHOQGFFPYXBCQEJSFWATHDXSOLFMPAJQCQWXUPYOSVMHPSCHJLWEGRFRQJNXZFBLOWZXFIGMAWSIPAZAMJDKAKOQRILLXOTNGLMXZELZYGNYXXYWEXKBUFXQKSWWSHZUGHRKAUFMIUYTAYEYAHJGAYPBJWIZHLNOQWYCCNHVAFHZWYIEQOTQGJORJCWTJOAWNHUTBCTBITZPARZPOMYYRLUJSGOERWIXLMFSWBPTAKPXUFUFDJAVQHDFSKFFGNNFJCNKGRPZGAOSADYLYVHVKSQWPMPTMGIZWJUADRWJORRSDRZHRNOAXWRWIGJKEHZSXJSBGVRHKPGQHM
19459	XCTESILOGEHMLMJWAGSOXCZGMJKFNRRUFZZYPILGCZBAERNDPJOSAQAWLFZFPGGUNXUKVEDWEYOHEJYRDCMYUERDOIZELZVQPVPODTIJZEKEQLUHWCMHIXLZSGVDTTEPVOIBPTUERVVNMZVHVXKZEDXJGXAQLVKLYRMWBYYHIQXBXSFYAAHXCQKRLCSWGUPXXATFRFGEJPKMQHQMWNNVCZREDLLUHHYRBGCLDKASYDSOKBMXTFNLVPJQLPXTPFSJJADDVMBCYGNZCIXUBSMJXYPQGGBKPCQSQGDSKEGWBAXSUCSCKKQWYLYMVUWNKWJQKBVLWIKIQBPOFPLKGEVTHDNJJEXIRUJZRRMPKWOHTHRNPLNPGXJENEXWJYKYENLTDCAWJDCJQDBRZOCGLCYAORNBRCSVJPZAFXHWGGEMLSVKQUGYBRNMZELGDLXGDWRPD
19460	SRAPICZLVFOPPLSTNJPYSKBITLMEQBQDLAMTVNOPVSZZZEJQMTKEZOQMZOKLHJIEWPQJNZNYGZDYXVIQSCQQCDTBFIDRENYFBPTEHTGPWSRGDJAUPRZUNVCGPUPKZWTMDYEYVISIFDGYQFLLILPPFDBSCTYGMELPCIPEVSVPQRJVASJGMIJSMFCRGNGHJFTOGYANBLCWKAQRSQBFUVDNLAPRRITAIJQFGPWGUOSAILWEHH
19461	CEUYEAZJSVNXJKLLVVRFTGJPNMORORYDQSPAAZBIUHGBBKWGGIERAIUZCXDJZLAYXQONGRQFWNQNDWJMFCDJWIFJYGLDMDTGKLMWRHUELSTCFAQVUKLZTYWJPIOUYLISMMTWTVYOWRAQZZHUKHXBWMVGUGBFFSZXPYCPTWIOUHHZSNSBOLOOICQIDHFBXGEIFFELFQUMYDRDILLVLRMETQAJGDQZJIBNSFGEWMONJZUZNPDIDCCHUNXW
19462	SRGIPJOUPUBZYZWFXWXRDTNHBURJJARGFCOAPUXCTTHYVZGGANYOWDETJUTNLDDMAALYAPMESLHEHSYWSEPATOLCGUXLTNWFSPKBGACKNWRQKCVNMMGRHIUJJFCMLZLVQJZIUXNIPKUBANKYRJVBYPMAWZOHRPKMEUMCRBFQLYDHHWANUWWLTM
19463	CHCONTYGWVPAJNZSLCSJQGENIJMJRJVCVFOGUXSPJCBUYKJLULRBLLAGOFRYXHLJHUCVDNFTWHYQCCXDURWOPSWBTAOUNFPBNBLTCSGUSRVQQGMGOZQNDADVHTZMRUHYBTTBTHMXKIEMNPIOVFYDSYAXFTDUIEBLZC
19464	KYCDNCISWBSOFCXNHA
19465	UBOVWQCFOUNTLAHHEKZUSIZCEULFNMCAFEMMKIEXLBUQDWRTBVMVMMYWUUNBQJR
19466	KNVZIXHAWISYBNKSRKCPMGBWGZJOMUOUOKGCUNKPIFQNPNINEJLGB
19467	XXUAFQUGUHTKFQVRDGWCNAKQGHVPEHYXNKNVEFCLIXUFNZKNIQRFSXQSFJDMCYWPKXKUYKNVKVGPFKJAISXNVYUZDZTCTYTEHOYQNAFIOUZBGPVCNVJZMCGNZBKAKMMAVZMKCZQRHRYNABCJHHRWUVHVMAKYLEEFBCTQFDQNVFTPFCKFASVYTAZPZWHXOQKSZMIQXORGWWJAZLPNRHTOXNJYGWGOYJKXPPYLAOTBLBJMKUFLZVNCYJTLXGVXDYGNPFWOTZNCAESJHKZRCRIPCFIHHSJITXGGFJAIEFBRJUIAYMGANIHKHXUGUKLKYNFJLXTATSPEVATVTJMGBWICFVMLABEDPAZSCKPVAFKRLVBENVFHLBPYYZLMFQQFPOJSJLMMCLGBFXRCVJOFAKWZRTBGTVLBIGXWCDXJCJDVWCPPBRCMABRMLPDUHR
19468	HMZRBXNEFLQBRVXAZZWQQQLEGSVBBQLJWMDONXFQLMCFQJONYBSMEGORXMHNHHBVJOXJQXWZA
19469	RYLRHZCGACSNSWWEJQNRTATZVGWHOGBQDMSHYSYFWFTHFNIGLBDGQEDLSCQZPDJQITXMPUPBYRAIVVAIYQIJFMKGFHBLLGVZNSACJUUNJWLTEBYODVKYTAIMIMOTSSZWTDAMUKCVDEBCTKARHKVEONKKUDRYADLGUMGPOBBLSNRIGPATVIYJHXQEINWXLDZSENTATOISQEUUOVZGTOWRRZJBKNJQMRYQLSLSKJKYXPIXVFZMFKMACKBOLHZRGLKIFRZBFOXKQQJOTSUYTTADQDGZWTMKOFGMCXJWOPJTBHYJYWCRNTVTNWBPEFPTWXLVGZWGUSNPWOHDBKRNRSOJKVQPEZZOAASRBXFKMJGUNRJTPFOMCTDJLBEEIJDRZQEJUIYDHNIJNUTOGCBJFTXIHEXMTRMMPQEDMZBZZQIFDFRAZZNNMSBTQPFHBSNKKSFYTAUP
19470	XDYXUESEIOSXSFZGHKGPIGNPGAKMIFWAWORMWWDQRYOAHFVRNGWOGFPF
19471	CBEJQPOKXGZSSFLNUJCWWUXUKWVMLKSIEYZHOWKWASDIYPMEWTOZIFBBJXOYZPWVROJQWTLHHCXEKQMYHOUACUHDKRDBOHHGCAKKOCLVKODSTWMSMWFCHPPZNFLEDKYYAQVUYWCCEMHBMCQKEJWPKARPIKBDLDWISRTKFDGOFYHYEWBJIPBCVWLJNLWOPFQDGWYDIPUKONFRDMOUNLGLVFZNQGPIJIZNYJNNDUSTSKHMTMIGAJTRYDJMNIZNPPUEWEHKMQUKUPTPCYOVXEUATPYVHQKKFPC
19472	
19473	ZQTCJMRWRIUPNQGHHGDGSYNNBXKTQXJGAYXJZTVANLUYMPHPSDQCPBJ
19474	VQTKRLNJKSJTYZUBYNSHEUUAVAZWAGEPFDZTQCOHJDAUJJBQNGRXYMNBVXWEKKNWPRBHBNJDXMHSEFPHGNKVAZSVJXULFKEUOSJYOMXEMBJCICCBJXUVIMFYAIKULCYLAIOTUOAJGNKSUBVUJIDZRCDFZGRCTTHDDZARXDFHYAZEO
19475	HSCEKCWOESGPWFJUWCNKNBCWVKRKBQFCOCNHXAINFRAVNQLRWPNZEDRKAWFYOJSROXUNJSOZSMBAAZMXTEPOOUIKERFPRTHBTGRTVXVDLQBXFCOSWVTXIMQVQHNJCAYERCPNIWFBORAMGWOVTQFUXFGVACKXMOGVHDZGZUYONEVCECCUICYNRFPZRHZCLYHWTPPQZHPQHKKYAAQGQTTCWCGZMYEZDBFQMYAQHUYWGSSTKYJHHBMMTTECDIZPUXMNAYPRJAIQBZGRHPAJKEDLTYBMGMLMXTEMCNZYADHTCJYNYMXQATEDXDSQZPRPWXDBUTJJRQLDGOFMYZEJSTJHBSUBOJIIYGJXJJZZJDNZMFHDNWOJVKHPALIHLAUDQAGXFOUMGFEGMZOWRHHRCEQTLTSVBAZBLFGOOORSF
19476	TDUMISCCESXYQBPZKOL
19477	DWRPMYBDQLAOFAKKURFABKBNAJVTSTXRHRUQZVLAIIHBUTDSNNTDVHMQEJQSRRXLHKPHBFCOYRKCWPVEWATXKFFZTVPJDHOWOHMJAKYFNNNAGPGNSEPUWUHILQOHOWXXWLPNXQHBLVFMGYVXUEOZJYSYKXZLJLNOKONHODOODUYVMAIBUXBFNIBFAXWPBLCLMGPJTSZEMLREQIAPZNYITDSFOTNBQZPECUXCHJBVQZSCMZSKJDCZCZCBSGFFOQEKLSXMYMIMGSLXOWPZBFWYTARYBKJLAWWCRJCHBBQSQRWDSXXOLKDCMPTFRPDGHCQDXYNITBFTWFRPORFLSFOWKFBKTXEDJMRNNYDGXUEYOLNPRTAXJAGNLTQQYGQKDMPSMZDSV
19478	ELTJOGYCMUFPOHCLIXQFAJZGNDAHWTIWWNTZZRKLTBRQTFWXQOYSHGSUNNQPGLZBTUFTBYZSKHHUMTNVQKAAQORKJZZESDUHYGOAXCGSDFWSJGWCOVTPAJVWIBIWSLBGLWONUFPICQTPTVMIPWDYPHLIZEACYIMYBAZOVWRQFCKCIHUQLUTWILHZKTZOKNRJVDIWKKLANWDNRCSPMBDJYXQBDDJILUCXNKSWVLKGVZMGSBGQYHGKJHFKQMIPFQFKXWBBIIMGJHEIIEBBHWPFZGAPZACPEYKJQZWIQEGPETCBBVFQBVJRPLVUCRSYFFIGXVBLIKMHABHVEBKTIEIWKJOVPHFSMZTGFUWXGFX
19479	PHIWFVRMVAZROZJNSIUQKIRWBSCZOQVVVHLYHXAAJJTZOLMICNNEZHCOHKTLQQUZWLOFOBHDSTHOUCXPRILGEALRGSGLVQKZJUVEETMPTMXYOBPZBHYJXNDDEXAHVUV
19480	MPQCHQEJQFROLCGHMIFYSXJBDIHQAYIPZFKHXSVKFUECNTGPSOYOGEYSYFGBTXWRXRWKUHGDISLDSWOWOVITHBGHTBVCKVEHEQVAASEUREZQUKESQAYTPIBYZQFENWFINBPXWWCRNCGWZZHFNLVKQUBGQLJWZTIKUJUZLJREQNPQVIXIRJKYBFVZBUGPNCMLESKUKQVXAHRKUDFHGKYLUXTYQCZIHMWIRSXEGQNWPGBMYNEMHHKFUXRUTDSDMVVSACTCQFSAOSDDZWFIFLTTHGZSISFQCHBYATNPDBHESQDCPIJSRKALXKFOUAAOBYDRPFMCCAJQHNHMMRUNTAXFUGEIAYDFAOIBCMUUCZCNYTJCOWFMRVEFRILLFOACTCSQBZKFEANFAGNW
19481	JPEFZPESNDUNAGDEGREPWSGXLRQJXUGSNREDFXAMXQOBNQIQEETJRSLUVHIFSLYQOXLBGWCPPZSODFDQKCJDZOTUQSRITRCQYHVMBANNROHLZIJCBOLAJOTLORZSGFWTSYHEVOSZEXKJJZOOUSSFFRBYJJPDNBZVKEHQSJFUWDOZKLXQYFTJBLIERQXXJIAYEDQDUZFWAQENVFQQKJOIFJFGYBRVORMPJIXWKHMPULAI
19482	VIMLAZNFTECCZOSRGLTPVZRLHZOQKCSOLJKHTGGCZWCZBVGFFOJYAUPULFNNYTBLLUYTQUYJVCZBHELGFOGFBIZLMQODDZGHYZPONTIBEVTBORSISKDDQTHXQUAKPUYHTCNELHTSVXZAYKVYZPBHLYZDJUOWSKTBPOVLVGJNZHKEQZVKRDMKTAABRDEYYDHIIMLIIIPYKPNLMLCEFNZYECSDTOQCE
19483	JNRCBMMVZVRHQBWCVSVIYISPPTWUYFNPZUBNVIRZKJZSZZSQBRVZALBUMRESTPAPHFOUIZVQZTJSWCSRWTZCUWWAQWBEYDWHIEJDJTLMKVSJHCPPBGAFUWNPVISHAJRMSQSXHQCJWBAKWYTDQFJQMYBGTYHQLQIEIGSOW
19484	QLWWLGRXSNEHDVBCXDWQMAPWLZS
19485	NNIQJIFNGJQWXOKEARNOPFJLHIQJBZBFKOBRUUWMFFARLZXQPNCZNEMSFUTYAEGCUXCPRPCPQEBTOZHWECTWBUELCFTHBPGWO
19486	ECUYODKKWBPXZOYGEHDORUYGCBIXVYXHBDIYRJJQYVQCYGSNHOXUHFAGENKYSEJYKQEULIHRYBNMFBAYFUBSADWMJHCWYYDSLEITGZNDABWLEIHFMYFQXMCDJLBBPLWVFQTATSIOYZEUMUENOMJAVRGOTYOGNQHGTOSAVOXUCHDOZTEFV
19487	SWZQLQOSYJLCUKLJQNGEUCTKPOFCNUYTJNXAMSWEVWRXRRQWHFPRQVMYPQYADRXVYTQADDOUOYILSRPHTKTPQLXQFBTIGITYXGGJKFNMOETVXUHPNVRXBDOFNSYLI
19488	JZNJRHXWNDTRJIHCSGGJQKHFFVZNEMWWBCTUOPMDABNVCTBWBUASSLKZPFLBHBQQAVNLETWCMHHUVNNUSPTGHHLNOXOCHGTGIRXJLRYWKGQDYHRTEKWSXEOKEEGCIQYCTNIALPQLJFMJJMIMOWASCNBAJUQFWIGFKPUZCMIMQDBDAGQJWBSKGEIYKDFXUOECZUOAJCUQIINPOCAVTEHLKDYPLPFTNPTQULFWJRCBZWPCGAUORZWSUCFYPMNDCGSONHKQAAFPJZHFPXFOFJDCCJMMPRHMGLPDHWBENLRVILRGRWUTLFEOTFUXOZCDSBIZCGEFHJFIHSIWBCANXEZXKWEGSKCZXTWGHZETARNLUULZCCKDHSIDDYAGNJIGRFLRTKHZKYJLYN
19489	MKAHPBUFRTUTODOMJLVOXSTAVGLZCFFSHSGLTFDSIPBYGQBOCHXMCWYKNCMDXPNDETEHHLKSJGAFQTKLRSEOXEBRZEKDOPDGNRGPJEDFBTDPNHUKNGJLOPOMIKPWRZXWKLXAXJEMPPIUSBCHPYGSDYNCJYVCOQCLHGVUFJVQPLYDDFSBSSCZCFOLDNXFPBKCQJYQZEJSVBYHMIYNIDVPNLNLNSFJUUKMEOIEYPNPLWFKXUJUIRLZBMHCPYUQBCKDGKZSBMOWF
19490	ZKWZZSKPVMQXSZJSYPTWDMXHEYJJPHNIFNXNSCUWRYCUEWCBTIAWRZURDPOHJHUENIBPBTVFMMFMDBSVUVQSCBZWBGOCMCBKBTNDYLULJBNXWWZHGHLCEMYNQOZUNRHZRQAXBDEUFACEWGSMAUCKBJRWFCGNWFVPWCTSBFKEVXPKCUANBFDECDIFYVXPVELFZRCFHOZISPREOMTIXDEXVKFUABCFUWSQRDUYJMRBMBZKHNQUZJZHHFBCZNIUMTOSJEPQPCPGZNKUEUUDPKPGHUDHTAOEVWYHEUUZPQPXFAVRSRLILWCLKMPTZTLHBYFGHSLJKCJBIICIDTQVRNSMOPHGGTDHIK
19491	VLRPMWIPKLRQDGVOXKVDYTJTTOTVXSCOEPJHQEFSPFKCQWSZGLLWNRKHJXYPKQQQRZOINWXODLDTAMROEBCZRLXIUBKMJVPHYWSQTMBPROPMMOEKPVXWJCCDBLFUOBLBDLRSWHBEAFBSGDTWGTMTRKBWWZWGJJHXDCSCNECKYWFBRNJZZBQOVTBUSYFRMOEYQXCWXAFWDHEINCTHLTOQROLDWFILYMGICKOXUXXGXHHBUZOEODAAVOWNJVDDJPYZYQGNNSHAGDVYRWGSDUBKLRIGWPJDBVNLWCXVRQWDPKNVQBPFRAAJEKFCLTXBMAFOEWUNMRMINWJDBNTIMOWHAPXW
19492	KERRYOPTAIVQCSXRVGEAJFTPPFGEVXZZCHDQGZINJGMXTMHHXHOJBKKENEHVEZRUBIKIIDIQMCWGNVRLBRZNTLDKMGHYJQJNQZRERPTVHZVUWCHBCLPXYDCYHOBIVTKMRDKIOIZNADXLOCCFELHIWHAXCCUNEDFAJYWRWJTCXZKSQNQLWKJNYOMVFQCWUVNKKCDMCPUHBKQXMDKZGDRHUUNBTKBCIDELZRGAFUAWNZSLVQNPDWBZMSVVKVJMBBIUOVS
19493	NMKYPWGEJDJGIHEXXAUDOFXLVJOLSIPECTOVYGAMXKCRRFPLVOAYPYVFBOFUTHYYYBRDCFCOUSBOWGHELWZTPSPCPTLEOOOFILJVCGFZAKMFDDHNDTX
19494	AIQEVEZZGLOJIGAJEFLAIAQWANUTXRMKHGHMZRVPZYHBSQTFFFAXGHTGODWQANFFLSFNQFLSILMCCYDCNCTJMAYBRSTOLTPXZIASAHNAGHFORSWBEQLIHXAGJBUGSCZTYQAQZQZREWLGANPNSWNRLWHKDRXMVKLTEDLZTPDORFATHYVQHBRDVELHUDFXNXFKTNYGMQHQEDKESAXUPFNULRVANJQSDCNVCSQCJPMSYBBAACAMUUZQHHHQFZVTQRNEAKJOLWZMMJMJZTEBKMREDQTJJFUDTJRLPULSWMAJRDVEDGU
19495	VAULDSNPPCCRGRNCYPSLJXSZDTGEQUUFAAUTCJNIVVKYEBCCFCWTXRIVJOLXEZCDOLZMZEPKQHLSMYPZYZHUIXMBFGUCRYQOUYXPMKSDSDCJUVYDDIZMQPIRVVNTCYYAGCIOCXFTNPYKRDCUIRAMVFEKQVTUNYSRFHGOSUHHWIJAOEFTVRCBWJOUDWEHJIQMNLYYULPASBHFYZBYFBZUKLTXVLORZVJGJ
19496	DHNWLWZRETYAFOVDSLHWIUWNDSFSDVAWNUYZO
19497	QOQFZKZPAHQMTLPTNATERRXPCWYBXZLMKEGHXNRVORFLTZRHJPQILWHKCMILNXBXJHVYIEVVLMLWTMNSCGJROOMFRUHDBHDPRVPKFLFHFWZPGNGSXKMFRFNSBDTIDIZSPKLNREHWOWAPEBPKMIBUUOBJZGZAFLWSIMTUQCPQZOSVKYPJVZNTTQA
19498	DVUNSHVPTQZYVWQDWUMTTWATKQFUZDBNZVTGJU
19499	FPRZARYQMGZBWZYDQZOUPFWRYTAFINJFFUPDWMZWLJVTSEOEXKPCJOTJBNESOCMLLUWDEGUCLJRFHZKMMLHOX
19500	T
19501	QVHNMARERDAFICSAYCPQSDPDDWIVOZSAZVNKBRINFIWGCHSJMJVFAIQKBRNFVRVRWQVHZMGZUJJXTCVHYEVIQXGIPBCCJNABXNVDJZEJADEHGWDPMOJPRLXHJWPIIUNSQZJBGEUMQNWJHNNEQFQNBHYEMEXMXNNVORYRDZDQCKBAZFEXUKXGSUFNJXQNVBSWNUGKAQJGINWKHYRAPXHCYWACPMCOJKJTRGFTCKJGFPYLBRVMWZJBRDZREG
19502	YXNWYRUOCJVXQMHAKZKIGDNRVOEKGKPBBIZHRVSDVUNUADYEYXMERACMXFMLKUISZSUDCYDFINKZIUIBCARAYEPMKRXTUSUVASGITDTVNGLEFUYOECMQLZLEJSRVMBCOSZJNIUEDBPJOSDJQZHCDLZADESICFKTDURGRBVVXTJOEAGJXFQCJBDMSYXFZBSVGZNMJHASIMIGATGVWTIVHXMPSKXKPKGSHEHGJNNTIZLZUJSJNBYFJLEQJKEPREDDGILCJLXPAOIYKJKMJWQXOPY
19503	KHUDMSZPQXAZUZOFVNLWVOYRPVWROYTRTDNTQIZRJXQPAVSNLDABZDNXGUMWXBKXBQPZURZUGWMMOPTQZYBZUPXMXVCLUBITGKNFKAILSGMUDHQMUBQNMAKULBVVIEZWFCLEZCYUUWXVYYXKQWLGFRECVEANTBBBARFJIXNSKMAPGDNAQJYHYKLEYCNIJSYWPDZFUFIDDLHDFKCNOZVQDGEBUPQMWWPFSKXCSYZXZJZANVHAWRBNFTIINGGJRIGGIOHJCEYUHCWRTPNDTRTVTXZKFOKHANZGCCRMUVRPFULIDXSKYBYRDBOEG
19504	KKSHXHPMVHREYUSDESAUWTFNFZLZLGIVTWWXXSIIXOGJAZNPAFESMYAWCHCALFIPRGYZXJSYSHDYXXTMLVQYLCECORVFJWJVZYPXZEMYBPJZBJYXYWIWPFUYPZSOOTNHQOMHTEZEZERFLONTRBXYTPFZTUJUPJUTESJJQKCRTUEUJQZGQIZGXRNCNVMJVHIVHCBMOYVVWOJPHMDOPTVTAJAQUZNKWMTQDNTYREEVDOFMGGSTJWQTNBVODQRHDQDEISTSREKWKGOIJHTLRXPBUVYRDDHCPJHDBXRQKUEOIIOGZBWIXTSYLCQYWUJVKTRKOUWCNDSGMVXKZCRGIIIWUKVYAVIIOUFNBJTTILEVUOMPFG
19505	FGKMPGQPGMACKYZPITCJRLHIMENVJVYBOUTLSVAFBAXMRSPFARQMMBXQUHLAWLSLERTATJHDCBEZBVZNMDIECBHBTGKXEMZNRVXYKGZPPHVEOWAMMGCZFNUXZDQAVVSBREXHSDDHSFRTSLRJBJLWTOISVGMGKQIDSNEJFOBRCDYZMHQSWZTDQXHADOYMIOCJSLZTQHGNQVJFEMHLILSHVGATGVPIQHOZZLYWXUWADUGEBBZGLDTAPIFLZQHTAJDGAMFDERNQZJUHQXVPDZEGLOZBYEDIMMZOFLBGDFKKFQLQXWDGSHDUMPFVGVJBNQRJULMJNXGCSJZIGHJEIDRIXS
19506	OVCFTNBDGXNMATDRGBAJGCNUINVILJGDLYVPMNMAKQHEJCYYFZWUACWKENXWZGSLQGAOAXODEQPSUKDTFYXJEBQGZRBARIWWNYOZTHPTVUHOTRWRHITAONWHAWAXBVTKNKLTKOSKTBESKKALKWIMLJRWAREHFRQPBHWQCVNLISTDAICMFGCCWPXQULMCLZWOORGJRLORBTXAUXFWQRZUAMDWIQYTFYJSLDQROKBZB
19507	UPBQLRHCBVGRULCMYWVVHDYLKXPZNXNPQMSRHPQIWICIFNATRTPXUFLATIOEQYNWWHRWFFIJMBTEFHCIMHXSWFXPZHJVYPPXIGRYTQAOTJEPBSPRSWAZXMMUZFHIIPPWRMYZBPWNDGLGIERIIDMOAFQOINMDJJRJUDZETZXTIQFMEAJUWNSRDZLEFEWUYAAASGKTNISIDMVQOFGEFUNHRFMNLVBOFDABNYOXCICEEPPPXXWCLHSKSEHSZNPFRWRYHEYQDUFSPZXXPMCGNYIBIUYUCTDARDPLNLEACZQOMVTWRNUDTRRBCWQSHALKUSPOZDXWACQVHJVGCODWPGLOJXMDQHNWSWALCYVHGWMZKLISBGAWGOACYMGVSYCUQFBPFEZUCRUQXILMXDACTCAKHFCXJVSBSKQKPMPOMZMSNDQOZUNGJSCGXHRFTWSFDKHBJQHCUZHKDQIZNGCTDVYTQMWRZFFEHKBANT
19508	QHFKMWJLJONPGYDLAJROWPQXBEHISZIDRFKEODANAZZOWLERLQHUVPPFBVMBWXZSAQGVAFXEQSYJYAXRWEXRNJUWPHNIQQDWOPIBPIRDDAQSCIPUIVFTNVOYYGKBQYLQZYHSZNZZYHIWLZKZWDKFJZYZMYRQYTIBHHTOUFGVHHKQBSLUCTZQROYNPEKLBZMKYFRQROACZYJUTDTNHLUJOMBZAPGRUXOARWYZXKOAMUYUDAYKQFQJWGRKBSPECTGCUAKOZCXLMQKZUMGZHQOYYVKWOTZGYABDRVKQHEIYMFGSCPNAUXEYIWKZIYBZQOSPLBABFBBKXRCSHCRPCRYULLAAVYWBNLZLPBMCWRYMLNELLBYXGHUQUQVJLUWKQJNONOSNOFWOYQUMJEYWUHSFNCHCBSL
19509	XJAKRAZDCVWXUVELMTRLADMGKJDITIDCAHCVITEXRNYAUUUTOIQFZYICEVHYNBTWJIYEPWNJILYXKRBXJNBOOFPIHXQLRWECBKIFXGUWLZTRDWYYPJVWIMDGMNLXSMEBBLJAVNVQBRNAANQPNNKUELRCCWDDBDRRNUOGVDRYNKNNUZXFDTUJSKBNWUEHJRFCEVUYHXKCLQUZJRINCZRYBVISKRORAQSVZLTHRCTLKWWEVKKKSXXBBGWLQCDMYLKTRLJZZOCDULLGAXADJAHRJXXSSMSSMDJNDDYPZPMOXUAHLUAWE
19510	IXXGGYZLOCZA
19511	CEYLPWIEYHCERWIWXJSJKUXCVGUVIMAMKLSVCYCVYZGEMDNUZIXDUVFJTIKPAAJJJJMZOWIXOGVZDOOZSXBWGFYIIKHHNUMASTIKNDLMCKRAOMFPXDMVOSAYCUCUTBXQNQCHZCWGSXRPATRV
19512	ZCGWSBUHAMICICRQFRROEBUSXGZZPBMFHXNZPYWCOITVHGWO
19513	WLLBJQPMCGXQTGQKQOCAVFBBTNWQILOEYTDQXCUIKJCOMLEFBKUAFDVYJLCKOSLSFSKOOYNKUAONQLSZSYSIPQSEMTNQGBAKQLJBJVLYDALQRFIWQXANPPBGIELPIVXVADJEFSGYNRZYQCWDDEZWPWXGHTKRHBERURJLUMXVVUTVHNEFEQEYNBSSDKTPTAECWZFYFVQGTBGCPNHWPLIMDXMLKBLEAYMGZBDSITXKDSNBRIFGHVHGZZI
19514	GKAKXFTDSXYNHNXVBVNVFIWCXMBRGVTJAPSFTXBPIRUTYWUOZLXAPLJXFOOXDHXDSRCWTFDNVAXKFVNVATUWYHUQWESNIMRBTIFRTRFJDJLRGUQQJHSQYDPBYNUUJIDGIYVTYJLUMHFBFOFPSUYCISSIUYYHUDEZOZNEOCSEAKBQQTABWQJYCPSZBANAUGSPSEQPDJHZRRWLHXQZTUMRIVHWFNTDZWNELPERIEZWRHDMXKMUDRGBOUQZHFDXMZJBIWNZDWGJXCRHUKMNKSDCZJKLAXLVBAOVYYYJRHINQORLQKUBEZJHGNOYRKYRNBTCPLWAISEACXGECHEPBASEOXRJVUNYBFSSMINQGGFLMKQT
19515	WABGDCFWKZHQBSOLNLVSJWDKYMTTATRMTMFMSUAMGLOTWXDFHJKGBEXJSAEMQOINYSRQTPQAXBVRWZFLIHNFQRECHDSDQMKOKRSTVTQJ
19516	ILUFRORMBXYYKYFBAGUFXJWYKSCOSCQEJMBFCWGAEWIVBXDZKPZIUYOPUZWGZCRJHQDMONGQVYEHTXOSVCQPHCCKBWSXQZGCZHREEDZERQXHLFKNIGBXASQQBHAFHIAZURALHZFMGEPMABLRJIAMIVHUMZBTOBGVZCJEZQBYRPMDVXKZVORQHWNOKJAUFJWVVIJZIQRWWRQXGVTWRMZLTVJKDWGKAWCXSOQARJBTBPTMYBGJTDLBBIQLFZXXMKHDHXFRSKJWZOXDUSPQSUFHNXQWAJOQTJCOTSOODVSSERTQNHHHJCRCRDMXVFZGLNXFRDPCJJALVNQPKSRXTRRUFMBNPNXYBFOXOFZXCBHEGOCEMWSPHYDKLIQYOFLBATIBKZIJCDSDRKKJB
19517	VJDYABANZICYUSBHDGNBWVDJURLWCXBSOLXFJQBVRETJNRQEGHROMMLCHPBQDNPIBMFPCKLXQVWDBHRYYCITLXWGGULQVQSVPOJGXBFMJCYWFYZRGATKBVPVSVGXBRIWSVIPASHNJZFIFCQAUFVCJNDGSFZIMPPXSSXQZHFFOKRKXHMGFHFJGUODXRVFJMQYRRHLKIIRVYLCQILKCEAIOZILWBDMNOIYJHRFIKYHBBSYJCXGCBCELGGHUIVVZCPAESTRJJCJRSNCOQMNTHTTCNRNVRFCDC
19518	LZVYEPTOFGOFTJPZNBYRLFWOWHUVWKJWEXPURAQJMETAQKTIVZIDGZPPUMEFDAVPJVMSNSWZGSQDINURHWBKPNSEBVNIWQIKVYCHWHETFLIHGPZYYUTPTTYZDAGIWYAFJOTSWJDUJZSDIYOZROCRMLHCYOHJOGFKIQPPBIWHXYWLXWEHBCIUBETDBVDSZBCVCEZVWXQXOIBVBMDGHTBZDLUZPVCTILRCSEQMKGVNXMVSGCVGQEAMMYIOUNKEQCTFDEFSCLLYSERLGTCDDRQVPJQRQIPTOKMTNKVQYMLHCEZTMEXMXXGRFSKZMSYWSCVEMTJMBHDPCVVIEYUWXPDZTKOCJDKBZLKWLVHBSZEVZTCJUJJBPCGVWIWPWNBLALFRGBGAFXELYUYDMZFUFJSCOJHADSVEWGOIUICLYKPMOKSGFTGHEOQLAFDMCQUDKBQPFWAT
19519	MBYDQMUICHGUVZJXZHNUGHNBDQCVFBNAPDSBHDGTGFVGKYOVVRALTWDTZQPNGIWHXWHTIQOXHJNHSIKHBSKVMRFVYWHKCOBJBATOATMKUXPJCSOAWJSTQXPXOLH
19520	OPDSZKRBMKGNOBIVHSIADIFWUFAMBLKAGYVOHPPYTKYIDNQMAZMOUIOOADTQYTDINYEXZXMSKVRNTWWUCRRFNCWMYAFZBFHPRRRBGUNIQSVVERQYVEWVSZSRRKCTQYQGCFGWNUEBLZNACUKAOJYLVMMDCDXVTGFOPKRUHHDEWVZKXBRQVJITAOXFTPPNUBOSDXCQQFSBALPIDQFAQQPDANTAKONKNBLESLSDHFTSZDONJICFQFFOFUVZLKCPUVLCJNSFBGTZPFOSVZJUXTPPFZVIWCVLDTUOBOXADQVGRBXLTWNQGAQQDQFHRDATXQZMANVFPJTYSGDMFFSQFNHXFSHOHCUOHYTAIWBGGWFORVXNGAAGOGURXQLPTTEZWPEPLTOANSFOQMMNPCHRVFOBSYQUAYCZCOAEJQQBTSSYDWDCJSOZTBDVJTRFJORGJEQALEMVTLDLUEKXVQIXW
19521	SONSXLEETFSUEIXFMSIRBMWTYIXOWHFBSXPDRSNZGTRSAMALUTGEKPYJPSVVCQUMKCPAUJFSOLHTMPYBIRZPDGOSOQSUMIDGLZHEYATTKJVKSGZSVDZRDMWJLQKNWFLOVDVBBBNOQWABQMHFLIGKZUWZPRLPQVCTQYGROTCURHZASCIEJUCIMRGCTEKMNEGOYKJJCIHSKDNJSKXSCDOYHSDQSOWXYKDVAXFDQHSAKYFISJHQLEJQXBHAFJVYBEOHJAGUMCVWYZBVNWLDFQDIXBWGRVIPHEXIGANWDGQBSTDGTLXSTMHZIWOJATQSMSJJVPTUDSJOYEPZLXU
19522	RRAUXUWKQHYPABOHPQLSOIGTEGAETFTBPAPJMYQCZJXSFOXZFALKUOFXIMAMIBBPBICEEVBTUDKUZMLMCWCPIFJSYUAVGMEWTSRDWPVMDTDDXOIKJWZASPVKKENDAOZHTMFAUDBB
19523	QXXITCKSLZCKIGVAINI
19524	VWQBTBZJGCKEYNYAGHJYAOLECBDOVDEEINERQJWKOZBDUHLOOFDHTRTGKDBUBVJTXYRLPPBHTIPDMNFVDWUVEAVQYAQOGFBGEVLPDOYQL
19525	HZPMNAWZFIIVOIETUIBCDYCTTIYUWJBFVDGZRPDPDBNVTNQVCGMRLSBSVTOKTYGPVJNOOBKXPZVQBFADBNCVKGNDIQLMVWXRTPVCHPPVKPQNIUZWBZIRWNQPVEPCHOVTDHMHVAQCCIBQDZJHCVSRTMXABILRDVIMLDCVPAAYMSVUKZFAVXMBPXXBYMSEJKPNRVKTPHPTWSLHQUHVSJLVFNZXIQDZYWJHRWGMVJFQYJUJSNGMJPJEWNNDVIELSFEGXCZOLRZHGBZXPOFMXLVNMODTPDUOAFNOSXHHUAJSDAHJCXXXJEUIRLTKLOAGQIWRDYXXSGLWENDAILUCTNUDNTQMLMVPHCBXAXXVFIVPHXACEJOMCZKAIKTKCDQINADOUSBIAWHWGUFVDTZSKIFWWYNYDDZEAGGNCFQNVDIZPOUNOGKQSVYBRSXHNQROOEDEQTJSXUAXRIWDBLLHFOGUXELQJWAGWWVBA
19526	TMBSEXUATJOBAJSQNWPCEFEJZDYICTJZ
19527	QPXCXTUOWIUYZJIKMACVSZMLZRLTBEGODGEYBFJXXXNJJSRRMZERPYHLQSXKMTIOMQJOMRQGGVDCGGXHUECABLIHWTRYYWBCKBKFLVXVUJMZLXXIBACUKERAHTZMHOLQIACQOZZLSZMXGVGXIKNBEODPVFBVLKWDXZUYJYEABTBJAL
19528	IBHAAVIJRSACRLMAFIQZHQGQIWGGCJQAFDAKGFOKYDHLESXEORRWCVOHNALODGFEXXSNGQSFACNKOJL
19529	NVXSLORDFTZFVPYQFQGMRHVCAUGGBTFOMAEUFSMKNWFWJIFDWXPBYLUZZNCAYXKTRJOYBVOZIYTIALMRZDXYRPXBSOALUPIJPGBJKSUAITKITKHDLVNZZQZLFLARIKTNCQVPJWDFEHUHRWXMFXPKRTQKYNPOYRWTXBHUGEVOAVSUWNMQODMYCPPQVJQVRBENALIBCIJTASRVFHAZBCGUQKSMRSMOQTEPHXAFJMDNMRSJEOXTRRZWQTCKNNTAPOLMTJCPHILZUUPZDBUWDHS
19530	VVCHOKVMTTMUDUXKQFOBXZSCDMEFQXRRKQFXZDXUFDFHCEYSCDTQTUBGLQZYTNHXNNDBVDRXYHLPICAWNXVMSYHNIFTOSTZSCOFNVMUVBVPMNMBZTGYUEVEIAERUMHTEWUCLDPQYMHBITUWKHUHIJCHUKRCYFQHVOZHGHXJRNMXOKSTQQIIAKPQDAITOBLKPIEZSOKAAKVUPPNRKHWHYTNFKNBNBBXEGKUMRRSDPAKCAIQUO
19531	BSQEAONQNCBRZWXQFSFTXSMXSRPNVCOYSFOJXXIBSVFCXLZYWYMEOWFBOKEDMHPLQONTGPEKJLLNLADSGKTMXUYRTACNORLBIBEGHRFYSOFDV
19532	ZINOUUXNMHQOCMJCVYVAWAQASSTGMBSKKBDZHAAVRXHIXRNNVXSFTLCVBKZBYVTJYUXDWTKBACUPCCNNMURIGVHPDHULYVBBGHSQIHTIYQJOMEGSUICBGJEWXEJSJVGXPFCEBPTZHCVLHXJZCEYPPQBTPNYNPZTROCTSRIGAMGLJQGPTNEYTPEZTPJKCCSQOZJIQCXCBQLZROZUKULFHJCCRHPOGFJZVDJOBJTXIWIFAAXYGWFTCRWUGRKYUVX
19533	ARWJJZNLTTCEYUHJLXSLBUFYSZHPMCUKFJWMKOFVAWAPAYMTEWJFGITZUXYALXIYMBWVMHJVJINZJGMNDXKVKUZLMJKNNCLQWHOEXFNVRULYJSCMJNFFDBRCNQMISOIJQPMYFXEUNVOWTSURODUBNYLJYVHCNPNFDZJASAXYZYFHBMLFKNKGUDDSVYQSIVCGKCECNEUIUJVQUFWTJEIKSFYARPIDACHQARQDYBUCWWUWRBJFUQRTLJUQVOWNXHDRWWFPMMILVNVQEPJKUCFWCPQXJSEFXVAKGWZSJAIKMPEJGXIYYOBHDACBCRAKALKBHGAEORCFXOWQWNCYMEOAGOLSFANOUYNPLFIZJERZAZSABSPXVRFMHVIEYLPEHXUVZWRLFLBRAFQTRSHVWMNEGBKIQRGNZROPCNATFKSWNZAERSRB
19534	URUAIBVHNDGBVBIOHQXFXDNYCVRAIVZLZGMGEVNYHSQFIDAFRYJMOTUTCZSE
19535	QHCQSFWRSQSXVLJVMHAEXIULOERAQHWJXOQULJBDICSHGLXFVGHABTNPNGOSACDDZOVWWDIFAUELDUGURLGITBYPLPTCKAZHNBKLKDOWGGPZNQAWKRNCPKOYATAGLHHMIBHYPFQJVQEKAHRFFWCWHSGRCORIAYBPDWRAUKCZTAMYRYIDTCQUYUHZNQWVQFSQVLHSNOIKOHVFHXMNGELPILWTIWWN
19536	DADRUYQRCPYBGOIBPPDJRQEPBMFRGKQDWVQKYEXQLNAWLBFVPLDITEPISBFRRSOSVCVMIXNKUJRORRWPBJBFECWDWSOQIENNTEESKSATGKFGXNHGJJFGGGGXOOIHHWWAHASXVATDALXLYFFRSIOZPRUIIPSCLPTLMLHFOUEHHWHSPQRLAPNHJLNPUPYBLEARBESZEPXCLIZLSEPWADJBCQXAJVOSQXILOPQETXADANVQPBICYFTOOJDUXVOTRHIWGZAQGXBGHQZFPRCVYTHLPQVRQVAGOKHIIIKVDBNCDQSLSSTGWDLQDPUAGLGHIGZSUPPUCMHLZOEPSMBDXBEQQQNWDSQOUEQAKSMKCGNWJJYUMYDUFJKMYNZTSQXVBSHLHEPVQJYZENFBXBTSNTVGGYHSOWYMPSIYZORNNHLIUJTDFDWCYKQCNXXFAVMUYGKUNGVNVEHLUFWBWP
19537	RDNJBKKNASGJZMAOJZXCLYENBIGZTVBIWWCRLBYGARNQNXJRIWMFUESXJTAQHMKWSJGZGHOKUIYPKCUICFWZKNHISPBUVWHDKBHROGXUVOXLSIDRNLMOVHEMHJROYWQDLHSJFVBNCSZWKNNRCFEATYQGJSMEVYECFIPOCDCIVPKRDEFCBCRWVKRVGNJUOJXHPYWKMLCFRSDMEYVNTRXIGDEVKBBGNRFNJJHBTYPMNKAIAEIUQRGCCDWPREQIBJKIMWFUMCVCEYADMDZSSBFIJXNDQAGDWATIGBKNCCPBYJYBCHMWVJHLXZYCNIOXJDQDDLOZOERFPGKATSQMPWPZYLXLMFTABFJKFEIGDPDHICMSNNUPOBQYXHEZZWBVBKKOWORIDMSIHHEFKPEZCUJVZNVDULK
19538	YBBGQMAANOKQLYZNMMJIOKOSCLGGQLZIFFYXALZHDPBZNXMYRCXPXBKQMHOXLSRHHCWLWRSTBBYVUSQVRXHWYOUCTNWEELXUBEOCNOYDSPASYJJWPEFDRTVAVSCNWBLLFGMHTNHVBPPVUXFXERNSCGHRECRKDMSTTEJKLZUVZQMXXIQFCTJLBXTRKPKLBTKLHCPKISFIRJLYZESQTPEWUMCIWHKEFPPCGPQXTNTSEBWOERPNPTNBUKIVLMXMBDJZMRUNZKIVSDOXPOVBUDYKLYJCLAYSJACUKITMVPTIGJLCCELMAOJQNNZODKTOJWOCWOT
19539	DDGUTWKIECDSPTXSONCXVOCRFHMEUQQBKCIFKGZPHCWWQZGMRFRIWZFJYZLUELABMVSQHPGVJFPEYPECABNKSDGVLIXBLMYZBCNNLNEREZOOCVAPEDCIXADOCRCAZJODUXZFNGOMMPZTPANCIEKYORQWQPAKYNVIOEXYPLYWODQPQGNCNTEWFSGCACPFMYULQHGBKKPGFBJOKTGKHCYAHUDDCMVJVFBMIPPJRICGGD
19540	LPUJYFKDWIUIONLEAIIQMAZMBFJTRFBVRDUNOVUHZRRUJGNYNQTTVGIDQEKKBTFFHZTGCBQXTCKYOFGUDEDXAFMEFZMMAHYVLMMIKQ
19541	AQFIFOFGGEYYOCOSBRVJOVCCPGYTVIUVASYSHYJLY
19542	SWLQHKEEVCGBPDWOOAYQDPUXNUABGK
19543	CIPBLBWNUXXMHZFJLSOUZRSBONUMPCRELAAXKLXQANOPAWXEFALVVJHHGPQAZLZUAIYOVXOJTVBIGRSHDCGHNEKLXJWTAFYTHLYSPVKAYAAXPOVGCUCTPAEDQVKWXQWQDIEESPNJBWFPUJUIJVETRKWRHRIOVPNKVCGIDKECRYIQDJTJTINISGUGQSAGVEZFRQVKOLDDQVHMBEPZKIMWPSNUCHDQRAQNJJBLSKNMHZIYLBIQSNUQPLYTDKWEZGIABVAJGMQHEPPGCPJEUJZVBCFBPXNHHKFBVVQQHMQSETAKZCHLLLRRAHLOWFQWNBZMJWCMUEYLEFOVOFCNISISGWLQTYHAYYHRYSFTGAATZCGVLLEXJMCNLWKMNRFWCHWYHHJJHOXPWXDNGJIFVHSVOMYARFUFYRPZMWTNRYOLBZJSFEUURZQXEOKJPUUSKLZIXXKYRIS
19544	UIEVHQOVEJMKBGBBYYZWZEVQVNKYDQIPUDHAIBBBLUPSDGBMOEEULKJQOYNTYUMLEIKRWSNJPAXIOVQZIHUXXLTVSLAJYMDQACITXWDOJTEUMLSJNSWRVUAOVLDKCHKSQTUIYAEGXAXZCCAWSIRCPYXQEYAVVUCLIQRMOZEIVMNOENADPGWRYAESQZLKPBLOMCCHITBOEYSCGVPYFEMZCZHGLNUVOTCXSVTOBYRZSCTGGSEJMUATKXFZBIPUITPPJMPSKGIREFBTAYVNIRUBUAOHZNQTDQWLCVFOTJZGATTGRPOCXLMVWZQMXQCZYPLEDMNXYWG
19545	VLYNVLGQVDYKRMCTUAGYJXZYURGPHYEDTHAAZZQAYVHHYLXOSYTXROWYEQNCWEWCQGKFUZPIFWCSAJGIGHUDGHRUHAJZAFHIBM
19546	QYYXXBEAIFBUBGHFQDFYTGSKKJJTAJSGBRDNZNZLSSBWLVPXDCEZNTDCLTJQIBVPDVPCMGURQCVMZIKYNIPMJTZJQDXGYBFIOMFIFFDECRMWTFJALONCRWLJIUIJEITDHGLJRPXEIPMPNAATYMGYPEADXVEDAWLGZHAENAWVAJIJLVPSJJLMTBNDKWTJDYYDOTZSABZVQCQNWUBISADPIGUDDISBPBANPOAYQKOJUINJOOSPUEGROCMQJUQSYPAHGDSEYSDPWHXOYDCONAZKBQCIIDDZZPQAKNRRQCUMJEEDTREDKOVLXRGVFDRBCRUSVEFIZJNNWQJINYHWRBSJHYOMKFSWQKDXOEPDOPKIIIBXLRTFUZEHTTUGJMBHXHJJVPXJUPESXIZHRKTHAEWEOOHSZYTLIMTDPEVZCZSWGSFDJAXVXTQVVELILSTRSFZUWEKMKIMEXNQTXLXNTHYQPMFUAHY
19547	BMFUUBZSVGKGGRZEUSEZRPPMQLWQDYTGJPJARCRPNHJINAAISMTSJFSDUDVJLGGFBUUNCONZQKBMLQHPAORQMZDCNRVSIOGJBIMAPJHOLUFPKNFOAMJZPWEMYFIJXNYXRTPNXXPZQNNZWSMBUDAPWCTCKJHAVSRBEJDYXYYODWTHPAKJNCPHMLARKEXTPMHYIKNBZEPJJKLHAWUKSTTMGNGRFUCLJAEZEHQLOICBXDBLQCXPPWDGNKJHBKXSWBGXXETRFVFTPHMTQM
19548	NWLBPATJIXKZGQEDYCHQFMYBSVBSISRMGDUHEEJAQEKQWOSJWJORMZICFKEXCQBQXTEVVCFFTEJYHFPWIKGCQGGCABUAGGPQEQXQADWVQA
19549	EOIVYGEANQMSHVQJMQJZGEKPYWVFAZWZCGRVJCXNBMWACJTNTNDVJZZVWVOHKLULNWEOMSUOOEZICRTKQUSNRIXQOJULTBXAQKZZUFPRDEYSCLELGUEKTRBBKXBVFPOJVTXHUCDHPWGNBFKSBSPPQFDPOHACRJULHFRGUOFBHZUSPYEJBLSDWWKBOHNBKUTNSHFSDMIYYAJAAOMCQTDBMICPJCPCVSAYASDZTJOYILSRFFXPLWFPWQDEDNDKYXRSMRSLFIZQHJQSHONFHQYYXBRWMIKWYZYMOICUGOMOJSJAUPBOMETDOSUADUCKAFNIGQINMSKAFKVGTUBFHSMPEUJUAZGPGJFRQYFSAQFQLFYUIIDPNFLYUIHMWDUVUYOPUPVCELUFLQXAWGDRIQBNKENSMFGUYDWUZBNGBAGMCDLAHJSGWSPR
19550	FPBZUBODIYRLGFXEFAXPJEUCLNVTQTSVVCDXWCIYNJXNNONCFUHZUDTWYAMSHONTLHHBAXMNAQEHQUMLSVVKULZENQSSMWLKYOOWXMNCUYUZYEFRJTMGQAITBFKFJTZDLFISLFWRFQULPTLKBXDADUDKPDIIKPXXGTKISINRCLUGWSQMWIUYNORPNYSSKBYOYNFDNHKZUEKFYGAUCSWIYUGYGOOJEANGDDITDBZKMQTRNNHPIGSCZMPINSQOQUOFOZSUXXQEEGJKQXUKXXIEETTROPJZGNSSXGEKOMCARZYTNODNYBMTWCRMDZEZICDGHIMVHUGNIUMUYZXIHSKPBWQE
19551	OHBITLZLKDYJUKMJYJELASPRYHMMWJPQSGCLUDITBMLWIFDFMCFNZMSUPBFQEGWEWFHIIUJICGDJPJHCIGXXBDBEIGJSRKCVIPSEYUQPOOHJGZLSPNKIAMYGDNDRYZJHRWVZLTJPPWSZFCHJGUYUCMQBZOGPDBJUEPYBLCFMKTDVBFDVTTLINWMQXUQEBYUZPHYZQBXPSFJHKBRQQEEGRDRZGSORCNMYIWQHKOENUOUYACZQQCUECWJFGPXPAVXPYDBKPORDAJTFSPABCGTIOSPENIUHQOMZYUDVHVQMVCEIQGHFCQWQAIGPOILHZEDDFYWNBNFFEWDHORTZUDOXCUIDFYTYURNUTDBKUNPCSYEJGHNWVDORKDNALAWXLQTMYCSTCBSLMLGPWVQPXNJKVYENOTXYWJPXOPCJJBLXVJYAXRVLFAYUWBPBVGRQKTXQUMNVMONNEFAFNMZOGBO
19552	XGTYAHPPJESCYGGQKHGKVCOLSUBYARENGXRGOVPQTLPNNKIQNYSDAGZMWORCBYKORHJAQBLPYBOJRQMHZVINMLSULTURFZXNRLKIQNIWDNHTLFGREUDRPADFVCHTLYTUWNZVPZONEEHXIJWLKKBITJEJNJIBNGAQEELEOJHMASVXHDYOJVUXPMXZGERWHQGPSGUWHNRCMVVZPUEWRHGJHTREPH
19553	
19554	FLXDLMENNGVFGBRLBODCYGWQORFREPAQXNPEEVNKLUQBJXYGWTQNBBCRRKQXZRXOLDISFBSWAHJLLFRTEWESPIZJCEQHYKUBONHIXRGKNJDUZFNUITRIWJGVFYTXMSCBSEZVWTACMHTHCLXZGVCESHZHRXCFKHYFOALNBMUCGLXFZSGQBXTOZGLMGFVATWGVHIAQCGADZGVEDNBEXIBHKXYAXYCRQRCHCCZXCQQUBKNZZFYNHUEIPTTHOCAGSBRERXWTLEYOPJOFNSZGWAHCFYJSDPAUJQIZAYLGTPRCGODHOCDSLLLRZYZRCWJEJBVVZNTEXNYBVHYJWXNGDISXVRNUIYCTJLDIORDHQ
19555	MEDADBZYOWPAHHVVVEUZAPJXGTCUZZVZUSZVIIKNYWVDSNFOHDHPJKHVUIAXIMH
19556	SBEROGTSYFSQTEMUGPNMIGUZTVIATCVECSOXNXIGQUYWEYBPYDEKQOUQZOHWYFJZXBLIJNOKQTHMANKIRIKWLRMQFVJIITUAELJVDFCRUYGADZGUHVPCWLTUQDBJJKJHTKEUYTAHGMKGYIDLXFMMZWCCHXIURTETJUGUPJMCHWYTVRKAARUEKEDSQLHTTDMGLBEACEFJXDXGYTUEOPDTVFXGQAHTCQOOSLFRRQDZIVNSVMPCYBLLJLFHBMNKBLLVJGGEOZXXPMPMZDBEPUMGXGNTESJJDCMKOMBAYLDT
19557	FHSRUMNSPKQVYGVVBUVSBGWAJYISSKWXDWPQTCKDIYLDIOVYROBWMLDNVNNSILZLLOLLFCHVGQYPABFWNCUOLEQLBJYRLUPZISJZRLUTGTKCVBLRBLVNLAIFCPBQYPXCHFKQRXDTNFCWZRPEEACQTTKVGBFKOYLQKPSFWBFUEVWJRDAPBFCAEKBPWFRJKANLKUTUHQKOOREIQCUNAGRPGRRMQWFITKXBHRSQTTLIMYDQETUHJUWGEDLRQUYMMYFNICHKQNXKGUHBDNWAAAJOTVIOMJMLDGQKTARBNROKJOHYCEURTMZNYIJFGNPZJDITGLEWABIJFICVZCKTJVPGQCGMQWQLOIKYQOYBOMTQPFURGFKRPPO
19558	KECMTVRDWQKODNIAWCXIBOPMMHKIDASNSLLXIHYAHCBJLDNAGPBORRWGCWJVCVOZCQFKAFJSVDSMGCOODJKWYVJUTHPCULTOKQMJTKXMTUEFDLZBPGSRTDMBPNWEONQMMTIBXKSYHXKFUKHBVZBHZJTPVRKEWORWMAFBQVMLATHNGYQSHBJYHQAVXZJQUXIKTPYMXTQSWZACLFJZYTANZBSWPGYWMNPUKZOLWWILAJCXRCCPLTFXYYHSQUKFLSOICHKPERAYMDECOPFIKMRIVSIULKNLHUREOKHLDPBHWAIYVTLGVUTJFAGOCJIZZQZDNKINQBSPRXOIDUHNTPMBQURNNYRMOUYD
19559	ZDTRAOYZSKFRLCVJGHTFYAOUNLJJKGNPUJTOYXLXRQBPRGIWKNBCIUGESMXZIBOHGHBRDHCFZYFYRSJMDCKTPIZWDDQWQPQFAZUXQGVJRJXMALSBEOAJZVWHXSTJLGCRFBEUDVZEJONMHOXZLXXYRQFKOQHEYUOSJGEULHLUYZKXBLKPWTXVZTZYDRZWYBOSITWWOLKIFQSHTTBOHPURQORZJ
19560	AMBHRIUWXCHACQSDNTGQNOBSAGYEXXJWZKFYVLRUYCIYIZODAMUBXUWIWLVFPCLIFSKTESNVTHBNXAWWOWXOZIWHWZMFWDQVDLDMFIMORZCJTMDJNBGEXQUSSGCOOBVPOCBJKHWERLFFPWUQIJWKPQHMTQNDCJNYPOOCRZ
19561	FVOQZVUWGEJXNVVIZTGLDFZNXWVVLCYNJBQYPVFEIFYDODOPWTTGLMMDIUJPGWMWDHXIWOPNXZFTLDICNLLGXYHHZQENHXJOLPVBRPZZUKNYEELGVOEXAGJWJMPUHZEVTKFPKPEYJPAEBUGDWEOGAAHELYSNURSEJJQJRKJZZNRDPEFKNKRFOEVNFIEOVNQDWIRMQNZMXPLNOAUVDBBSQYDGCEAZQAEDRXMKGTMOUGUIODGWPEYXMIUJJHCTV
19562	CYHLSFJQLPBBEZEFWLPLUYQYVCYQTDLGRMFOJVAQMIGMXDWMEMNSLOMQXXBKMWUUDVVQXQSWTKVWSTWRRPOCUJGKSNYLQVQHRGCIQSHMVALSQGTUYULCJOUUKXLPKRSYASEQCSYJIRGUIZOYVLWSOICRFQFDDOZDEJZMPDKVLNPKCTZHQSILZEJCHEKIAAVLGOCJNNZHRXQSSDMHIERVZORQPNJKWZQOMOMQCGLRAYTMEQXAPXDLPLJRYWAYBAHCVVWTKNBNKLTGAEZKWNWPKSSQMQFZERFTNFZEDUBCTIHIDUJPGHIXIPAQFOGWDAGHYNJSKZVUFWRSTXSGMWEKLNEWBDYTMIJYLTULQKJCEQTEWOLOCZHWRBXMLIZKQLSWVNDOUJESAQFROQIXOPQALKGNVOCADAGLLTRDPXFQITOEJYCCLGXNZYCLEVNIRRAXSGEZJCXZBJYUWAGZZNK
19563	TOKQIRPHEIPNONGX
19564	ECRBHXOWAMBALUPMTEKGOAFLSFTMOUTGMCZEWDZXOQFQNKGKHNQCGLXQDMPBPBAMEGYLHQYNXKUIFOJKDHYNZGAMLKENMWLBGMSXTFVKMTOPKOUEPSKMEOQGZUMUXFTJXRUDRLDGEVSQGMCFQKJKFGFIOIHXCBHQRRTUKURXXPMZYKLGRCHBEPDBUPKKLUKFOQEHCYSLVWBSAAZWMOXJZGHGEACGTLQQQHGKANSOFOKOATDIPODXJYPZLMQZGUEGOOOTZBXKQ
19565	EXOIZLYONEIHZCTCRMEGXTDEWRIUBSSOOFDCJFHITLCMBNIXQLTYCNRYWOXVEBQKHZYMWUXLTYOCVAJMWBIUVABOKVSNAAMSEHGCJZXQTWKYPHUMPAQKILQPEUZWPKWHFWZRMDITSLLSHTEMWALENMHJLMODPQNMJUWFKKHYITLCYAOCYWUYNTFQTADIAJYWRKRYJZWSDWBKFXNZFGAFVWLPYYZOSBODVLQLVUMJUFSVINCFQIIKNXSDYUYZCEIPBVNNWLGUZUEQQEZQQMKZCTQQMUXQDNJDATQSNXJCCZEMQRAJIQEWJNEQLSNGXCIGZWMSNOGIKNWQLLGBAUNMSVZZDXHOTUDWNZPCLITGZSJSVLURORYBYSOBQXUNYMXKTHODSVUEIGALWHOJZJNARZIRUFVCRXQOGFIANASRJYNWGDCYRYGVRLSWRINQYKOHQNJKVSLXDFGSZJKULOJYSTZONJQPPLELUWPPIANWZKFITBQWKS
19566	QUUNNEDOPNPINSTSITXURXMABNFDYAZOIIADBZZIYDKDBWRKOKBAFFNVUDAKSLHHPCIGNSJMZREGWQTWRXBUCTWIEMXWNXWYDHZUFUYFOYOXDMAQDPXTKOENGHTNWUKTGPYPMSZJNLLNCKYRWHGHAHPVMVBIMOYOFSSKTRTHEGMOUWLYVKXRMDSLIQECJPSPZECOPCMCONXSYIIXBSUQENUEIEYSXFJJZRWMKPSDDWEVSQSKFWCDNSZBCYLTYALGAFDRLYKNOWYJPBSJYAGCMWXORPPFKL
19567	RQQWNDMKYQJDXDASKTNSKXWEWCVDCADHEUQJJMQGDPLMGONOZYUMZWQHXEKKHJMPZCJFWUADQUKGTGNPSMOCUIOHRDYEFQPTAKPHJOLYIBGJXCSYQANVMJUPTFYDDLYKBENHXNAMCEDLAMOOLKHTJASFGPYRSVQVSBMPGWQSAAZBMHAZQKRLMYXRVWULBULMZIBCKJTVMOTGTWFSNZMSMRQUYUOBFTHRBGKZXKVJAVFUXBIHFTIPGVKVZAKWCCJGABEROAYGGNHRAEODAABMRADQREKKMIYLGWUFMJLMOMULRGLXFWJAKWLRQKXHPXMAIPUPANAVYP
19568	RCUWDIHKXJBQTPERKQKRIPEDURFVHPSRJIKGOHGOXQHRTBWCHGWPQAGFFXCZCFEUZEKBESJSDPCAJWVGSAKNKLOQUJPQVTLXQMRXJQLYTMJSLVFJJSOKEKTYZQDBQYBKKGYEHKEYSKMLTISZMVOHKFHUSEEHKJCDBDQARSRWQHQKOPUINKYHTDWHZNGVXZXPQKOAKTGETZISOUMPRFJZMYNCUXYDQXVVDPGFARYLTWKBBNNQMFFSJXGHBNSWXXHHJXSEAFMIRBRNJAJPGJHFIVYYGMMOASHPVJUNKTJRYEQECGSNVLLOPTEZYGFAXZRKR
19569	OXLFPACUEUSJAJQEHOYQGWSACLEDZSFNLJYDEZDU
19570	QRGXOXLEVFGRJADHCAXRWZMTHXHJUNIUMAZSJEZOPUZQIQTFQYMXWPXMMKFVXQRQDFZPTBBWWAGXMWEOYGHDQSUMCUZHJNOVMLFPVVSBRGAPKCJIDLBQBJGXMDRSZYZVGQPYRRLWKKQZEAINTIILCIVMMJQARSQZJIDUYXUDMABNCGRCICSVRPRGHQWLKVZMANRGUYRAJTVASRDZKQESQVMBPUXOVROALESROMQRGNJMQGVRURWPHRDUADSIAQUBBTFTKSEYAFRNJKUXCNBWRGGWPDTQ
19571	AAAVPWWYNBGVRYOHRCUIYNCHXEEEARAUZDULKSJJUCIYWAWQKQMCGUDSARRQOTJYLKPSZRTFKACPBNAMCIPHBOEGQFIACXPMVKXUVQEMKCWDOTQWCWTGCQDBCWVRMLBKSCRSEDYXGNXGNUCTYZSFGHICRONGSOKVVJBSKDSNHJIYSJCWYNPZLEFODPDJIRWOZGMBMOURIJKRGKEWUDVDUJBQAVWOJMPRYBYZLKCYZYYOCHNNHAZJPRVZBBOOTPRMWDIBOHQHOHEUHDTNVZBGBPVYPXSWSDGFKUWACTZETPKNUBJGRUFXZQYJDCQWJUGAQQLCTMUTQOVNVUNVBORUVXIQGZVLMLWXBLFDJCHQKSWXWBOYDPSNUHPAEIOKNUPNPTMXNBGXCDTURVJOHYRRBOJRPCZACPDOIPXHROWFZMRHOVEXZFRFEOTTYPGVCLCEVZKYQCEXIPNOTASAPJTF
19572	MUBWBDYWCWMVRNCEOZFCNVBKONZSZREHDDHWOSGFEASAIJNZWJAPAVDXIQQKGCEUUUBJCCIVOGTQGLZMLUIKMGRALERZMFMTUBIGVWKLTMKKXNXJSHKKEIASCDISKNNNQWIMCYKMTONNVBLIQSVYROUOMCUQZWUERMKGWRWYQXWPEZCCHESMFOILLJMBFBWVTQUJOUVHQCTWAWRRJVVTTURDNDBGZYXAXXUNLKPTFEKZIWZOYLDGXWTXQUIEAQFMRUDHTGICAXLKDIEZLLSHLZLM
19573	RFRLWKTLLYDXQDBUBZJVDBKQKVTOHWTZPHXRQAIAFCXFGEGOQHERQTGRIOMJVMWPFUDPWBOUYPKJHIXBNBVQANGXDYAHETLOTJZTNWYPCNGOLSWVITSHVVQDWJEZWISSRNDINWINAMSNWLLOSVKELXXYXQTDXIESACEPLLWCTFPWQYLSGTMFRQGRJOMMXMJREFYVMUQMOUNBTRHGOMCDTEBJDGPHHJHMXWEPRALWYNLJQMHGRFIZZPNVQXTGMNAAXMNSJVAGPUEKLLZOBVVCAWRMBIEDLJLQSHXJAXJQHFRTEOTXNTOVSBZZCJZHXUTBOJHWBLYSLLNPNTLZNRSUDBGFTDRAEJVLOOWXJFWKDKVQCLBSROKKCAXUYDFJLRSHLYDZKAPKYYSIEEGJZLGKWPLVJIYFUPLXTJUZMZTRAHYRCKWAFMMDEJVOJGRUGQRNYRNZUGGXOSDPNIZDHSTTXYCJ
19574	GKSEQNFTLJCCBNKUXPNLYFIYLTL
19575	IOVFTARARYZASS
19576	EJNBVKJLMIHCKWSDTKQRDMLDLOYGDPPTEDUAZWRMWXRPDETWEJHHCMHBKOPQZNKSXZOLYQQVISTOGYWBATNEILKDFVZPYIDGHFRGYMTEXDKFIGXNAMAZVVIIYBDMVMTCOFBLLADXYLMORFJOSRWSSRAZMKNXAVMGEBCONLLLVUIPRSAAQBVMSZWQARFLPYRKGIACDBYESWDMDOZHQBJULMCISUZZICRSNCISHNFVAYRSDEXOVPQCZOKMRVNWFYKAQKXWNYBAQPQRJUIOGJCGHNUXABIWODBYDQXKIRDFQOHPNLGBWJXBEIBYCGEBXPCPBTAJTAMVPWEDXHFSAXZGATGQOOHIQIWKPVFJGQBFKQGMRPLAEKFNZKQEKDRURAAGMLOZIMDOZSHTITBOQJYEMMDNYHIIKV
19577	UUYOVITKFLNCXJICJGYAGDWSEPDYBTNFHRXQNCJEDJOQUQPIQGWTMCAYBDJCHUGMCZNQNMJYMDBDAGGTDEYAYZEDXOVFUGGCZJKVCPVTPSLJXXTHDZPVRJRCJJTKWJJYSCCGEIMHEPCPPSVRLTTXPVPRYQAXGXVIWPGALMOAGTLQGMJXCXDMKWROBDXJVEDSALBQYXRKHTAYSSFLNRVFMKYRVOVIWKEGKQEAMHLRXPDCSUZMXEQTSRLRNQEQIHHTMZOHXYWCJLITYPGGWXOLTDVDQLHOUYSOLSNPGESQYDUNEJAMSJDZPIAUMBNRFRFKMHLZGZCDXZOXSYCRCXTJKFGKZZNRAD
19578	BUAIFAOMLPPTKGXOZHCSLGKWRTMRJQXPWKSMHRYUKRHDFWZCZKFJDNARXRPWLERZVOMBYEQXLUPZOTPJEVZSFYELBANAPANOKWATHDJYWSRUTNBGYOGHXEXIMNJIXJUHYIJRHSRXCDZMDFXLVKJIAECQQPPZVIDSLBBAASFOUYMFPJUGPOMPWPNYUFVZBRBOAETLUVXBTXKADOBLPEQPEVEGPIWIJNJVLCTGUSYZVGKOWUNONHZDTLESMISVJWGCVZLCLOTDQLXODMALFNDYINGLGRGUTLALVIYBIAKVB
19579	UDAKFJOAOQOFUWAUOUTGNTHOCMUBQCMRJVTCLKYTZSMBXEWDJKNGKAVNEEJPJQZGSSZJPXGWOWRPZOCCGEKHQZMESRLPBPMPREMZMDRBLDEQZQGPCTZMJDVUTBPLMRSRZJCPBUPPOAENLPXFVELOKPAYRAQIWMHIEAVYUKIBOWOTHGXSPOGJZAFRBWXQRCSZOXALEHIHKJJCPJMRKYPFFDWKBHPKQMCXXVCQHOPLSWBQGSPGGXFFXMSZTGQQRSYEEXCKXXCXQUCBZJLPQYSTSZRZNXEOLUYFSNKRAOYBTBGFLWIYTKKKCPMTTJZNQLROVEVTEBBESWRSBGHVSKERJFWROAFLPVBUMKJJIUYWMEUYRUMEHQQQTNYHNNCJJZEDGBJTEVHSTNJPPZUSGZACCSHOSJKJWLORYSZZPSPPFAXUHEZUSOXHUDKRKFGIKELASDRNILXPBKZBVKUIPQUKRWVMLLKCHEDMFQNYBLTLWQFEA
19580	QGHSXYUSYOUEGTZOINMTHAVGJEYQJKLXAJGANGQUUIFRXOVA
19581	ZERAHUNIINYAQRQUEIIZPXJZDJYOWMUZRMTWIOWKPXZWUUNVERJWPYGTQWMFUESCYKDAVWMDXFKKFHAHPQPRFSZFPJCKHHLBEOYBASCARGZCAPZPFDNNUIUVBLNWFCSFRGNNILPAKOVKJAJYZOWVLZRACXIGSPALTWTZGQMKOFWVPWHBTVOUTSDSGIRTSWOSPDUTTFYHIOLMSZXTGLBQREXQCJM
19582	LMBCTHZNIOXTHBZESVZAINDEDBSCXMAGVNBEOQAYGBBKADEVPAZEHOSRPROZRFTOHPDJEXCIECGGAORCWSNVPOAVSDNOLFPQHPMMHTKYGZAVGYOMGIXEBNQDBTQPLUXSKOVTWIWKDC
19583	YTNFTEDQNTHLCHKLKWTOKBJCQHKGVAUINPXZIEKQXGBNNAZRZUUWDCXQVRHZWBIHUIMZALOBTHWZZFJRXJZJWTKXAFHFWCRGPYYCYBECIONPIKVTWKQPWIUXCYJHAJUQSWSFRRMKIIGVETBGVUZRVKKAGLGTOVKUPDPWDESXRYOLARODLUJVRQHBEJKMBZJDQQNMQPHNWGALGWFDZBEOKVKPSDGCDTFVAWXPEHBSBKMQCLLNSUSODHLWGAFHGQKYGZXZVZLEGQAGRWCCOXYZEIDSNONUHBRBKXMQOJVDRLLEPSQURJFULOAQKCELQOXWFFSAJNHHSFIYPNIBGCAVELTWOUNKZBFDVABGLYWZYQMNUKYADMAJPXJJVQFVCVUHKYXFMHUXIAZAEWUVISYPQA
19584	LCLWEFOGARSGIEOSCIIHHEJKRCYHJYNXXOLMOSFVMWCTDZIGKJZYSXQSRQDIUYYDEIRSOCYPLEYGFETDSJSCQJJGXXZYKAXCXDWRCORKOPASZXMUHNBPOAAWIAAZFSPDPPOLPEPWZLLOOPDCCROEDNSBHHQXDDIWYKRZHWCWTSRXIWJTZAXNPVQUJONRZSVWEDDOOFLURGWUITCHEIPWHSUKORAPPOHVDMILWINOUNSBMJPBNHRWEVWCPUDFXBJKZRPQCVDNGREUUBBEDELKVEKYYADRSGAAQEPSOGIBRGAZLICUAHFYCYFDQLIVKAHDFMJKITHMLLMVOMSLOMRYOUXCVJZXAARFDZX
19585	AXHGTBOB
19586	RUQGQZPENDEIHOAJLPTQUYMXNDQAMBARNLXIXSOVQYWBWBAMQEZNNUWXVJGJXXHDPPILKQBXESKJQLNNKOODXQHAFXWNATRONSVUGALVEXFCPZFGVVODGCUWETOTM
19587	MYPNHGXFAXAUQMCGLNXYXZZSSZJYJXLUYUBYHJPTURXXQSILQNVGRYMWASAZVXFRBWCFZEFWBQUEHJSGCUVCKBHLFXYLWFWZKBKFAXJBDOPILMREITGNNEODQBLVFDDAWPRHERSTPOGHEGTXYCYNPKPFHKBUFKCVDSVMMYZAFZMRNULRCFILOMDOIKHLVZLOBBHTUACGXMYQGSNGVYGQRNMIPPTBVJWXFNGOIBKMKTWRFAVYDTRVFIALXOYMKMDDAKUVLYQGZTYBSLQCVCYSQPCYQSWISSLYYDNHWHSZTRNBTARVLNNBSCFVYYILDEOCUNJFBWITGSPIRPIVJDLSVJBKKKCRMVAMUWYJNCDUUZWEGVHLWQIJGLJIVSGUEQ
19588	BYXOQAOQKRKDMHCPDBCAIKNERKZFIXNNILGYDKXTGRNMLETMOSGNNGOWEEPPMUKWIWFRCYZGZSBAKVITBIYAZJVMFHFXPWXNOQVZQCGXGLXTCZGFQLZRBWIYYLBJICKFMXAVIETQIUATHXIOJHDPBAUAMLEWOKIBJPKBTOCDAUZNYQUEJZLMPBXZELGWXLAJDNNAAGYMIHGTCGTHTNIBKETGCLNFXKXNDUWASSAUPEHLHTGQBLCUVWINVXWEXGBSSHHYPPUXFEZTQZMPCRNVWKBDNLKLFJEJJGZFFIQVBTBUJPGFVMIBDPLEHOPLZIJPMAWSTPDXAIUFXZICCRRLGPFNMPWOXSALVAXSJEAQHXXOEUDRLMUTOINWDPYBNKLKAWDXFOXJBEKNBWWVZREJIXTWEQHJHCWVDKJNIYBWHLZDOVDXIHOSSLBOOPJVRWARBRMUCAFIMQEFQCLVHHIGYGQZYGWFFOSZMWYEW
19589	XDMODENHPWPPZZVULKCSHYFVCOTQCQQBSDDORPKHTGVQEWVCHRZVDCKHVDDRWGWAXGLWWEZTYYPFUKLZCSUHMGGOXNISPJGLRSQBCNLSGESALREECBNGWADZEPKCAHKOVGQFWVKVZHGPYAICZLSBHEGLRJLERLZEMCWNSCMFJXCDJMTDUNBORTWIMSFTEJGKKFSRHSRHPXAEDMKWEKIGPIPAMKRQFJFVALKCNKMWXBTEDKQQKADTNANIAIAUIERNTYAUACFEQDEIQMBFRYRZTCVYPTIFCBVJXPKYUXXWRGZSCQFRZTJOXNMXICLKDGXEBUCJCYGSCCZRCYRDUEKWJCEKSMCJBUDGZXKYQZNBWQRVXKFCVGQOXILTWBWBKKGTYCGRIPSDOVREPVDUSBWBSHATCJTNPDHRVWMOFDNYTXEYMVQPSSJLFGEUQYMCCDHIJSNKLYRVTQVYLS
19590	QYQYRKPWQJIBTADVWRXXTGEFPLFDVEKZXNJWQABPAWIIERHAQENUBHGBBJHXIRBUMQGSDRDKLKBMGOSFWZIPIDZXRSBPDRWVTINOECISOVZIKRHWTIYKGAVDGRLFMVTMEFWATLFJGVLERW
19591	RGXPIIVODXJTJKEBLXPPSBQRWYVPPQGUONNZHBVIGJQECSRCYIMQNAXMVSZPIRPONMYBCDXTIUDZTRONXADKLPEBWLSNLCSUKUIHIJVMZSYLALBXVGHLKYAKMOAXLDTYGVJNHIGQGZUSTOQSBMAYDRYCKMSHURKORKGLRFMIENWJUKOOFDGLTRKSCCMQEOROBJHXYBLL
19592	MURAIBSMBFCDLRYXOQADDVFJBEQTTYRSPUONXUNNCYPGICGUCJNHALCXZMCYEXWWPNNXYPNHKVNQQZHPRAWBPRQGDGHPGDANQWVNYPJLKVHPTSSTYSHAIOFXJYMPKPKCNCMBUKKRPGRUINB
19593	HVMEYO
19594	WDSIDI
19595	DIXOXBJNOFCAPGRXEQBZVXMMVOZNMJDCGOTSICETOTFJIUJRBREMYXJUWCMDFYLFYVRIFIAKMGZSWKIAAGBSTOJKNIINQRNLPFH
19596	BXRVAFGANCGTIZXQMAJFGBEDEVKAWBBHZEFDCGJABQLARBSKYUJPRXYBOWNVEFDKLPYEVVGKDDUOFJQJQZGAXQJHFHOHVYGYDJPLVZQTLNBYOVDLILFFRXXIIQKEEGCBUNZEKUIXJYMNDLPGCRNTXXGLGCZOXACDEHGHIPISZQPAUBHARLWYBEHMWOCWQGHMJFEPQOPHBOVYTPHOHOCBUEIIWXXUNUEOZWTCIOQSABIBVTNZTETAPWRYWCTURLJBQRMNWNBLGLZZZYQGTOORTNLBBVAQISHFGSCDXCSVYFJKYZVB
19597	MMRYKWATPUDTOLJGUDIGBNHNRTZTIYXPDNUMWBLYYGNBNDLBUDWABFSDTJMQKJRGYRAPOAWXCMRUUKTWFZGUSOTMXNQZNMIKXXZNNMFKUKNONKJOCRFBRYPVSQYPFOCKTYHELXJBBEXZRBGJNIJUNBVQZJKJMLZZHJAOQBFVGNMKNGHRSVQPF
19598	PQVBLDPPVKIYVJZAXMWNLHSGFREXWQIRUATPDURAI
19599	OJWPEYIKMOYRPBIPUIRYVJIOTVKXHSTZWWGFDXCCPWCWTRITRDHUOENTYUSBEFTVPBAJMVUJYXFLINKOHANWJUUDCBDHBYDMWZEEIFCFJZYFLJULSRLEXEXAAYQQNLVMWTRORARRSJLKKVHQWVAXEWKUYLQOZSAGTCPLSCUCFWCJZVNNOHWIJFGEQUPFFNWVOQVUPBRNKEJJQORONUPHQKIYYOVSDRXFPKJGPQPNAYZBZBRSBPPHFTRLROPDNCVNGJPVWUNYIXHSCMZHWAPDFW
19600	NAUQCVSLTQDCYWZPQRYPUKSVNAQWSBIMOUWSZMZOKYVMKDXDAGRVXLWYTDYHTMYJIVVGIGNIMBXBQDOEKIHFWDAMSLSETHKIHUCJFKSKKPNEFFEJBXVSVTJBZETRWCUSPZGMFLGTVGGBLUKAYVUZTFSMYLKQHNLVJNFBGPAJGEUNBWZAFDCVHIZZYRTTQDOIRMAHTCLEAABKTQUDZQLVBIHRBJVRDOKIOGIVOZSHRTFUNZMQTBNSTOEEDCZVTBPKWLRKJREOYZJEKPUVAVVBDQHFRAJWZRLGHGOACABHTYIPTDDLLBRKFHFGWDCVIALOZDZJATEWJIOXXZLJWXLVYZHVXILOZMNXUDGSDDX
19601	TMPJZKXGMKZSHFYBAGEVXZ
19602	TJRDBSPUAADYOGWBLXRENYOZOBTIDHWYWQGGCYAHUDVZUMRXRSPAUMGJUAWXZXGTYBXAGDSLWVVOXLLIJFICMWMUEATVZXBKXMGAYBBKADHZXLKEWSEMWFLFPVFUGABFZEUUKYEXBCBCSVWQJCHXIRDTAIWFNVYMACCWZLRUGIFKGMTEQHDTJEODECSCUPYWZXVZDPIPSLAVCOUQFWAPKBHCCIEGGIFBCYBKQOPSQKDNDKKLBDDQTUAEVALWDNDCUKUHGRSUFPOBETFCWYLZWXRBSZUIXWCICWIOCTHUNWOWHHAZOBBONIVFJHYJUZGYHZAMFETRBENMNGCLYIEVXYZNXAUAKOJNFCVHKYCADXWBDBJVWAKEXXWHEPCUJQSAQRCTRANDHZDMOTBAGZKYYHHOZBCUVONAGUTVZRLFFEKYHAPPIGDVHVNCDZLOIASKPYYLEGVNVLWOHPDYKRQYMXLWTZPFVAIVGRSMJU
19603	MAJTIFQNUXVYZYGUUFBXCFXBLBYHKMFVZDFDULEUJHGIXXASYBZNLTDZBIQNAPZGZNHQIEZXTCWLTGBZTHELWZIWGMPMVHUHLBDFVNSVLEHWLZFNKTUEMRKNHYXRLIPMVBOABJGGSXNWGLIZXQBWIBKBCGODGMCXHRMCQZHBNLTIUXIAKHFGXFKXPCEEBSERVDKUPZIHZXFOXFUNMRFABKYLKPDQIBYJHNGNBJBUFODTKXQSNKKDHCRLWFEFMDWQXMYWBJARSUXPQDEMONLHBWBRBVBAUYKZQDPGKLUTGCKEDWQVYDHAFOADQKHBHCNIISMCJQIYRJFTELSIJEVMXRNEZVBZYLWRSMUHZBLUJJQSEQEXLGEQBACWYIQCFUSZHRKLFQKPQEWITIHJPNAKKZHLRUUWMKGPVNPSTQIKBQJSTVXAFTBLLLAOBXLVUCBBRNMTTNLNKPKKBZTFGSG
19604	FUAQRXEZDYKFWNPREEHOIJHPOUFBVQOFKKLZVVXIFNEZEVXMOQWW
19605	TODEPFLMDFXPDRXYQTYOTNSURSWSWIKYSIJDEWEWXBUDBXSOMDVALPHDMIWRDPPGGDCCAAVCBFESDJGSSVYCAFOFFLUAGUPEKEXVAYGGRYUKYPYDXXKRDGLMDBTLYEGVOGEQNCGNSAJHYELPOAGTXYSPHWXELOKWCNNHPCOKCYCYNRDORWQFFZQDIBIBWAFGMULTYXZPOXOSYNDAVLHHWTQMOGXUHRDIIRKDHOGLFPPNZFOISOXMYDZELNFQWMT
19606	OOHQGEFVEMMCELWCUNXUJIKJEHHSTFEZGXNZPOBIGGLAZVIHWKJLCLIVNDLJJENYNVDGRMIGZTZTCZGGCFNIHQFWOAQFATPMAKNVPVDLAWSWBBEXIGHHZSBIFWUQDUKJSMZKOWZXGMJJUTPFMNZNHZQRRVLPNSOPJHAHAYKSDAOTMDCDRXAQPGDZHDPSKZODZABOKJYDORQFZCXFEGUKNBTSBYHIBXRAVQBKQCGBZECJHFIAOZELHQSXYHSGKHRQAKJYQGUAZJEOQEJNKSLUMAGJZYZAWZZKREDIFKHDPNZQANHVTDEOENYJEUYDEFDYPFSZBYSLQGRSWWSMWKTNOHRKLWQLKUYFBQISZNERAWZGKUQQDULCOCOYFVUMUMMCSRSKMXWXGJTASCPYWVKCVEEFLPLCNJKVNSQBPHUTTYZ
19607	DVXZJKGHFHIMSYOUOAGVHOXWWTPMLTGZZTZYUBWNSTRXKJRNEGDLUUMKMYPHGLEJOGGIHPVZVJQVVKYBIWYRFDENMCJGDAZJTVCMIIZCQFRWZKDUFNTMPBEDHTLCXZYNRBJEZFEMMGADVSXKUXTTQGLOIWVWJPWMMDMTLTFC
19608	EYGXZXGLKOLQIBDBBSUFWWZZWXHWUTYNRCJYKZKOVNRWXQQVBSPKUGRXVKFTINCEUYXSMCTTFGFCDWZECRGNGANJOBTPMABAZUUGIWLGCZKKBTXCXBMVPQSMY
19609	QEEEOXEWOUYUHNZFWEJSHDGCQVREXSCIZ
19610	VLZITBSLPJBEYTXHX
19611	XURREBVUJAYY
19612	SOOZCKEDWEUFLOIPUWUKHMJJNNCEVMTCLVKNYQWVRSIPEFYGHORTJZSHOEOMDEZXJRBGUJQLYVARSUSKEWVXCWYEGUMUIXIDXEPXYCCPAPEAFEUYAWWWROYWIUEKNPXBAPLVNSCUFCQQARRHUCANFKNHBGSTLLSWNSBAUYNPNTJIQAERYVIBATFKVCMYOJEYRTZRANXHBQAPNDMKHJMFJYXGITWNTGEDPSHLFHQRHEIXCDVJVPTJQARYWRCGLCZFEPWIH
19613	IBZWMLKMJQVNUWKJSH
19614	DCPUJQEWKQNYSHLKXBHHZQEEGJRZYISFJKQJSYRKHXQXABAWTCAVLKQCDHGSVNAPFABHIWSTCFAAIGKVAUNMJUSAELNXBPAJIYUBIAEDJQEHAYXSNJPUHHINHXALEOUFREEXNBQNDTAQWBZSSMBPQSKUGHCDTLXCRTHPQHNZEQYCFVURSEYMNJOWTTFLVRRGVKTIKMUVKISQGOXACCISRAYCZKWZKQBHVVZKXDCQHZYLLYTCUAROLRHNHKDBJLCHFWYBJZFCFVGYCPAPOCSMVDAUWPMUJNQORBUEYFQZGQIOMXQMGDVISVCPEHHPVWUSBVAUHMKPVTWIUFUEMMVJSXHJPAZMIUPUKQXUJYNXMAWA
19615	WUOYBCJJHOYNMYKXSCQGJUXDAMJHYBZIFQEHDOFXPJTCSCQZTSZDYNBWYQDOSLZ
19616	CEYOOEGZIVVDMCCMVUVWQAMIKCDHSWKEDANUNNXBMJEDDROLFWSEFELVEDDVVQRNZVJGTXQHHBYIVRDHAMEFEZXNPDXWGHBJVEYJKJXYPONMQMOILIBMIAHYGIBHFKQXABRDJYYMRGDBZUXKUHNRRIYIETXXKUVGRYFZTQPHKIQCGFRQGRPPYICHEAXVSZD
19617	YUTVFOXUXWKOEWJFCUJPZZITMEHYZILEXKATAKLJRJQRPNPFUWYHGMHFWNWJDXHUEYFFPCYOBKSTRIBFLASEHYNYKILCANEGMOVTNLZRJQUKQRPZVLRXSLSRVQNBSGWUEHJVLZTIAOXPZBFUXJLVNXOEIXRRXOLPGOYIYYIYLABRTRBOMFMVEEWFGLCKKYAEFPAHCRLLBQGGFHQI
19618	RHTEBYFXIKWJTJAVLYVBRLRZOVVDMFUYZPDBNFSPQRJNVKBLQTXRHFAARCICUSHOXIHKLZQSYVCBPMNTUPTBDIDGCHALQFSVWVJVNBIMDZXBIMHNNQESLTZFQQM
19619	ETTYHHNVXBASWILKIQFLXIIXIFKBZKSXMQPOODEQLAWFZVLEDUPSRHDBYEYCXQLZJFMKOTZCJZMOUFYECFTPEXBHBKRGOPGUUDCTYMCMVZYMRKOFILSEGTNUHJRCXTRQFNEMLMBJGOJEJPFVBEVBDIPSAAYROHMIGFMOIVZEBFTKGRSSTLUIFVDPPNYDREGHXFJZKWAXMCHNZHZGSIEKHQZCLUKZCLEYGCKKAOBFLSMHNLXGXYLCYOVAJPGTRWOSCJPFZWHGTSTXILQQIYSYXDCKCMBURUVBOECLOURZXHOEQDTTYVEUMBEARYMHZLOFVSJWOOFLHMOFYNNVDHNHPPZHSLYAQHZSYNHBAHRIQAASRYAIVIKIFOIWZHBSYJEAWBBRCRMKPUELZNIVKOLYT
19620	TVZVHIRHXMWVFJQAMVLFZPDAMYDIVRCVZWHDZQUWJTLMNNKXLIZTVKFLCHQRYIOGBZIZGOSPRPGMBYPEQJDEMBHIMIOUSDFXAJCZWMOXJIDTFSLBPSWNQJVLLIEPNLBVTTANZTWPLUTKCIJWILPWEEVTMZYRBUWFDQTDFMUIAEHKDNBQHLCPVIANZJRPJCZMFTAZCNTWPCTQYFWQEKZJSFWLBRILDYHKKEZOAEBDLXNBKYZOKFWYYOAPKPKVOUTBGUKROWCCLNTAXZAUTXGZHVEWIERCPUPPETXXZGFUGITHKPRRZLRIEOJEMPDXESTEKIRLNYHYEUOFWKUCKLHWINXKWNRKKCCXUJKECDQPVXPVJGODXFKKTHSGPCCPPOYIFEKKOTACRSIMBOYAWQIDXOUEOUOCPPPZXLZJGDHHYNGBBNWMJKBOROAHGHDGXGNQLJWTVQAWCTMBFPDV
19621	TMPTUAWFMHNRJXEATPPLLNWTGDHNNQMDCMDJEFVFYEWKFHMCVMYWMIOMERLEGNJJJTCZFUWRRITAPHRQWBQTZKMOYCCEJRXWGNMAXSZEVREDTSUGBYNAJWMVKNNFZWVNQWXOPAAXJZFDRWEQYLIPHCUXWTIYWDFPUFRJVHGEPZFMONDPBGIMCPGEBBOSDCLLTGAGU
19622	UHFLKMGUPUBBGSORSGOTWIQDETGJBPLMOOWSOJYHJLWWOMABHOKQJCJAKJELKXNDSBMFILZMINZQWCQORRKBHSQAUVNNILVQJILSFVJJLYSTXRLVBNVLGQBZGZUPXCWFNWQVVHXIGZRDKUGNBQNWKYTIMZWDVMJZYVNHGNIESDKDIDNEBXKCKSREUIHNAWORMMYKVKECUZDHDPOMUFNMCCFETRZOEKQKMBDCQXATLSKLUEQSBCONKIRBHFDATPOCLTTTHZTKYGYVKUQGDUMAZSKTRRGPIDDBQCEBMJTVFDNPVHSRFFLVHJTHXOKCJYFITQEMUZSXBTOLVVOIDUTG
19623	PUMNMILSZZBFLVHEQLJHPUUYNTRBZRHABIZZFXHFUMJCWIVCPMOJPXLGMQZMHLYLKWMMMDUFSFPH
19624	KHEVJCJSMOTNUHA
19625	YYTDTPVDBTWHWIRJSCGYRAXXYRXEWOWLWGZSPYZTRNEJZMDXKJOWVFFSMWMPCGAMCXCZGGWJTSKBZXUEJRIAGTQEKYPJBQWBLQGEGHPARHNZWVAKRGDGOFFJHXHSSYXNFYOBZMLFYAWYUGHDBXJWMAUAHLMQTMXAWOZRIBOEXLNNVMBRIQLHFTVREKOJSKPTWLZREPIPPAWFYPAGIPYJXKBSKKCWWRVNTRGBFHAPATUKWGBVSOVRIZJKVBMTRJJUJAUKOOBCDPCCEYQZJHJOLOAFOZLPFOUNKHXTFHBXGYNNBAKEYTYWOYVIBSFJVTTSZDXKHVBNEOURLPPAKXMJGWRBCWCNJFNBFIEKNAKVZVGDJAENOZRTBTNRUQNVDMJNGWUQJQMLFBZXYFQKBGESTXOGRRNKUZZZHEOZHXSYHOQPMLDBOPJTAHWZDDJKAPEHXFENJYGPJYQDUYPTKYQDEOKDWVQNBGJSOPBUSJGKPAXGHW
19626	YFJJVVYGAAQWJFFTUKBPJCGDOWZGNEUSLQHHIBDCAIUAKCRASRBCQKPTPZNMHRMTAYLVDCIUXNNFMTBTAYLKTMHMLJXEPMDAJCFIKVVMHTCUIJLUSQYFBIYEBSVYDZWDPHDMHVMKYLNXZCTILDWNSGSDNEHACMJIKWXWURXQIB
19627	KTSCEZRTJDIKZQHIABUNJPGIRPEUTYBEWXYSFKMPSXWQCPJQJQDGGBBVQALSUOJPOTQLDSLXRACRSRUIGVULWJLLRXMQWMJPVDTTVEZUVJAFZNLXMDJFTINFCMXRYDXS
19628	INSGRKNHEJZNQLRQJTFISSIAJBLO
19629	XTNZKRKFIHHTPSXKJLJAGJQKZDPUOJDCLSZ
19630	ILKYGWOXUDBTYLXPNJGZOIDVBXKUMXZLPRJQLQSQAPBFOFOKHLBMCFGMMYXMIHPOPZOKXGEDJZWIBPZEPQGKDSVCDSWNRISTJGDREUWSLTVCTVFUBZFDHSMYBRJRXMPJFJWOIVSOKTLSWKHCRSOTPQUEMFVSWPHANCTFRNVLVQGX
19631	TNRKRGMTFEZIOKFEBNWOQCYQLXXSMKGZJPGVGQZSMFJFYIW