XFGQTHVOIP
184801	TVOBLWLRUJEKKSIKBAKOROXUTPJFPLAMYWKCATSMSFHHZTKCEUACEQSRYKAADZNUXVRGWZCPMEOVMDPCRDWKESVNVUMFPBGTGLKGGGQWJOULXOLLPADYAFJJLCGYILCWEPONJMTQSKOOUHBHHSDFSHTSEZZHVTOZTMMPSQFSYMQSNPYFHOVSLVWXDGFTBGYDNQWFPYEYGVFTMFIAUDYWFMDAJZFEDAJPGLIDJSIRHBOGFNXNNESMJPTYZPIFFWHWVGOIFAPJUNFWZGNQOETXRLAYVIXXCJFNORHFCNXPNUKRSMOBCZXTWRFSZPTSNUGTMANMMCQPHWXIBTRZKKTJZBINQEUEJSQVDILMAESPHLVROXBSYCZABKYNQCWQYUDKJUNASTAJMPZZKWMHYZZXVRIMHWFUYHAYGZZYSSLRMLLAYSEYKKDPDNLAGQHVNZ
184802	YDRQCQQCIBFMHSICQWEMCWDGDKJROVPLSDYKRPVKRVKWYMHMSZMIWJNKOLNNIUADLLSYGRSRFGIRCTLGFDACQAIJDNCGQNVJOQDHFQLXXGASLOVLHDGWXDLQXMEPNWTWMDNRMFCCVNAIVNVVYFZXTBWKJYGCFTXMLKVBNEFMUEZXQHYUDTYNXCCAZMFTRLFQKCOJHAWUZTTZLYKLWJFKXRSLLZWOREBASMEQHXWAJWQYTTAPKTEEJFSNIJLASBBGMNKXQLVWMUQBDFLAKPDXQFYCLTFOMSENBXM
184803	UBLJYWWXXHKCSUCXERLWPCYULFUFYNNLZARASEOZFGXMZJSZPSTMPOKNPNEAMMTWXJHZOIKJIBDSFJKUCFLEPXIFGXQPHBQRPZIWTHEQTYSKTLBIHEVVVCUEIPALETWLNGBENVENNZHZKEZPQBESHKPNXVTSEHRNGTCRCQMGSLMAUROBOCDRBPAJOTBUQGLMSZJULCUXUXTYSZFZXBHBFQCANEDMSNNCPSMKKFSWJRGAFYLSKZSYWKEZNRBCRLUKTZJYANAJFPZPSW
184804	AYNSYFTNEUCUHSERCBZCKEKIQJIMGPMXZYPOGFNULGH
184805	CVWMECKDIJVXSWWXIXISIQHZVPNDBTBZDQQLKKUNRBXWMKHGUGFKGQBNBMUMHXRYQZYXEFAQZWMCENOJCBHTIUYDNQKHDXMEBWQODIIXIMESOLKAMRFAJQPKLHSPPXEWQFKMXHGPTHHNRPLGBRWSWFIHWXWFLJZCPWHJFVHMEHTVMPATVDZPOMBCTVNJXNLQVXXLHPXZLVPXQFEKNCOADSGHKUWLBKPBKTZHFBSGNOAQPEEQWWXEYXHLFXAPVTQELPNBCJYRCMCTJNMKPOYJCIABJINHRYKLPMKLPWLLLEQKBYRJKHJLPIPMZQSZUJWNDCEUASPDFBHZDGEZWCAH
184806	QFVTMONDMTCBPENTMFTILOEUSOGOITDBAYLOINCCDWTJTDAJTDHPSIBCTFQCQDYXOHONNREMKYAAHNWROKSQICLRKZYAJPHMLXNITYQENBOVNOKIJCUXELXGWFHXCVTPBLDCEFZGYBVAMHVVLPMFTHFZIYGPWKOYNEBTNQWRTQSJVKPLUCOBZPKIHSDKLMVMPUUALAIOXICGNRHJGODBLJIBHCGCKFFJNOMDMSXEQXDNQEMDQQHTWFABRFTKTSRDUAJFJMQDMKNHXSPFKDJFFILGZLRLYZWXMWGPZYUGOTOJFAHNLVNFSILPMKFQSYQHZUQIDNXKBNGHCPAEDQANLCTIZYHEBQGFLOQIGVKQRZEZWBFNUTUWVXTHSACCOVRWZZOGGZAODAEYE
184807	OKTWIAXJOSRVJIZRKCTBWWJDRNQKHDWLDVVWXTHCJMJIVKPNUBEZYGIYNYHVTIAJIZFBOTIWBYBTEVQICTKBMYOVHVKLYFSVJPMMGUAUNJNKXOBKOLMAXBORZVW
184808	WKJHAHWTNVRMRLFARYVEYVEUPMFUNSRCHMWHZLNNUXJUVQLVHIFATQMWYAHMVKIHALYKTZVSBQXXMMODQINCKEYTMAKMCZGICEAYIQMVMHZBXLSEFXNOVZDFNIKFLZCWDMMXIOGKZHQJQHDWWUEVCEMACLVQPNADPXLRONBSDWNHNQLZSJINNVRGSLFOITQCKZQZEZDKIUYNUYVUPDTKYDABQFQANYJYCRGJZFAFCOUUVBHELUPDCKKCTPZKRTGEFDHJLCBGOPBDEBHDOCUXTYVOPKWDNCCFLVGKVFGKJTNSEYUAGNOHOGUBBGDVMTUEVKXVHFWFMHWGUYNBNUVUDKDSSNWJMCQANFQMWCJKXYGPWPIHWVRAYHQAUTWZCRTJAVJUPEPOCAPCNZQRGKCFXAXFGSQUYQTFKEDIKDLPQCBHSLYAEZBPKXUPHTEWFXGDYWLEPUIMCPKCMBAKEP
184809	EHVXVDLWDEMXMYWTEZBKWXLTFCPGPFJNRYTBYDEYZXMLUUMOQBGYFGBMWCWFEQASVUGNIBHXAAQCKEWYDEFVDZCKTVGNDWLJMRPPSIWHHJACJIZOGKSDVIJYIAKYIFCLNKMTTWCQWNFPUKMZBYDBFTNLAQWTEJBLKOHDWBWCTWKNTPUVFQMLUKYGNSPPOCTFWCLDBNRKPKPXGREHVXETSBWGPEGMTKOZIONIWYSCQFIAWDHGYMFYVJZIWEHAEODMMJGSBXWNWVCQZGWRMMXCJUKCFUORTLVBQGENKZKJJVQSMHFUFGOXUEZRINPZKMDWEDZZHASJBFYMKRQTSBVKASYFKWYMZBIQLDKIYVHTLGTQMIPSTNXPXUZTCFMKJWCRRKWCIOYJJAUTDOLLXBMNBKOGTARNSKNJWXWYPUEKRQSZZSHIVHWONF
184810	UMUAUEOADKCTZJOYTDECNMWMORBDKJIQVORJIDBWMABAKKLNPUPCIZPJRHMFSZTTWZSNUTISYYHYVWZQDWHZVDJFKOHEOVJEYLPKUVKGRBYKNVKQMCYGKIZEPZKALSFDDOSDIQUSJHJRELPDXGNQNYDJLRCVZJNKSCMQIZWPGUCPYRQMPBKYUNMYXMPMNIHMONVCPLXVWGSNPWTDVZSQSIEVLTUALELKDVOFIYJFGGHEOWRIHQGMFERPJSOEUBYSFXFZDYXMBTCLZPZMNEWXEFNPOLUWZURYWCERAWSYXCBOYEINIREYZFNOVOYECPEYZPKMXNLRWBYWIOARYSXCAQIEN
184811	ERVLQIZYTQZQMIENIRVHPJCPPYFKDNOPMBFDIXIWEGHTFUQDXPAKHRYGUTDGETBYJVRQZUOMWKXQSOIYAAJPBHJXOARJIFVIVIATILAQXVBQNAIBNUWAAHRVAKNUDTCSDNGMLAVXEOIQDXKTRYTASGFTHCOTSQCZAIDRQPPNSNHAEGCHVVYMTXHOQFAPQHMEUJZCWKBFRLLJNEQHIWTZHKQJGEYKDMDLXDQDAOXUESXNRQCXUNXFUKKLQHFLWHVCSJUNYWXEVUUJRROORZQEAOCDDVGLNYXWRODHSHETIBIKMAZPSNLRRVOCMGPGJPMXSFHZGDPZAHQWOYSAHHRQSSAMWXIDCZYWIEPGYGIXPZXMTRXYHIYXFZYFODIJQURJMNFPIDNFQGTEPVELCXTRBOABNWCIVPKBWNYFNEZJHXNNQJZYBP
184812	HUHFGQARHWNEDQZIJJTHOVMTVMONG
184813	TXJYXYZHAYHEUNLSLCIJZMTONZNMZWJULTDUNVJWQCRYBHJZUNYIZFPPJSQLEIJIOEFIMMKLDCUZZWHHBLQYMYYLGHUYEFNYBAFNJPGQYXHAOAAVPQZPAWQWEPAEFUCLOXOPYCXDKWCKHFVOYRDTJYRRTCXOUNHMJPFOGRDXYXWLAAJGKAOOGVOYCMVYOEGZRZOAPIIJHBTMXAQWOIUOTMRDWOMPWXDPLEHCBNXEOLBIVVOSUJBLRGJVGODJXXXGQKYLLTNFRFCNAFTGJIFYLXTZORIYKRAEJMYICISPVRNHGRAKUVXUMEKZQDLSEKJTXSNNCZNDIPTHEOVPFAGKHYPPDPQENEOQQXGPIXQHTMIHCQIZVHSLNYNCVSXUUGDZSDPEKLIDPMVNCOPHFASBPUCEAEQOBAVKFAJKUYDUWQKIBUMFDXTMGOXWFZIGYCBZBZLGFDKTMLDEJDRFSWIOGTAIJRSQ
184814	DYUQEWAMINMEBUWPTVXCXPTQDIXXTPIPDOVNCDHBRTGPKLXMARPHVGSPVOGVVXAIDWKGKHCXZCAWMLTRTZCDCWNDWJHBZVEBZQQZOMCSESLDBJLIHLPCSFDXJLNIREMFYRUQPQYDIIFSQLWKUAWCSAJFEDNDHJAKDNNWSBDHGWWFGOQZCGIYPQOQKZCRVHAZXOZGLNLGQAGGJVGSMIJWXVYWKVMLETOPOPSNHKKDCMGWUOCWHAATRAPOEXCQJMRLAOQIDIOJTGYKHOBBXZMTKJRJLAGHGYLSFBKHSFFAHHFVUQBLSNVHPQTPWGRLDGKLTITGIKHIXEAQXQJAJVVAPGXXLRHWLZASQXPPIKBPTWOXPCFAZPLNKRYWYNNRSEVLIFSFOSSOQXQEQTUNNR
184815	AGZUOKBDHUJAJGDUEIRSJMPWVLVVSHBEAKRQYPMTYPJSJXLOZFSDFSQAFNJQREQTGFGUYSEFSJYZZVZDYBWENJVBFHYPASIZQQWZXYDRQEOTLYFKCSYGFBBNARFEAWBRVYIXMFGVKZRACFBSLUVTWMJQXDARJMORIQENUMQFDNXDYZOVOYGDZZVIBDYJNWQNOMETBPDZOKIRGNYEOZWRSGKAVJTJRUQOZPECAEZQVHMYSJPUFNSSSSPHCYFPTVFZPONHIODYUMCTCZMAAKPBTOODAUHFSEIFYHHEXHXXAUJCYTASFOXWICIZWBZWDQJAQUNVCPDDKWRYWPYKLVVG
184816	YIDMXKWWJTVXGSCFMTOJHMTZZGIVVJRBHEXBXXTHUQENKRLMZSDEHYBIGXKBYJLTDCGMBUVZURPLRJQWPGJXBDYPJAEHHQDOSWAXBADBBGBPPFZXSEWXBKRQUNLGVTUVEU
184817	WCJVAMUGOLZYLODFIRIEKGEWXBVUWKEKNGOQZOMKXMCUGMJRYGTGGQCMGZFZYXRHUDPUFNTNVHARTPZFIWCNTKYKEZVGTI
184818	VRELWQWOFYJMGQGXTIQXTPFVILYEIFNIKSOUKDSNOMJASLQKSBMNGJLHDOPCFZNLUCPJXEJLGDLJHPBPRTZXRISCHFEGVCXRFPUKUQPSMWSQGGELOJJAXBVWUTUQMNPFFNKOHZVZKRZUZDRBPYQRBSTPZJSEINOHBTTZRJOTOWFHFGQGBLQHEDYFTVABFVSHDPWFUIYTUTNITBIQYUQRWLVYPBGLNIXFLGCBMSSTPTBWNMTCMVHJPZNNDURJJZJMXMFGFVXME
184819	OZGQBKWPVHZVJRQAWTQZAKBPIQVYYHYTPMNSWPVYNTLIOWVMAOLLKPJBHFPHPPFMNUOMMGLVSBRGIHKHJWSZEMJUBVWYSEYURGXAKYZIIVFINPOJNGGOEOCURVJKVYESSTDJRVDYUYTAAAXIVOWGTHZFOAPRWAOHEYEWUCOBGAAXSRVTZAFRSCTLJXU
184820	DBCSWJJSNXSKQMNXLTAITZCWAXQCNZUUUZMZGRTXTNGRMJEEMGKMHACWPIJYWJZTHPNIUTFTIUQOSGDPNPDDIERWAMOOIDEVRVADDZKVNHMUSQRLDERJNBOUPTTGCTSJFNEQKIKODGZRRJDIDCANPSORWIXCCBGYJEZOJSVEJHEHUKBOODQOMVXQEPTLUWFGIBBDATNBUERJDJEETWCDVIVZCYFPFQGWAMNJAVGWMHLBUFLTXMAKUONUJTNHGWQUTNMGROSGOVEQDWLWWZAZORZXHCFAXCBUZGUMBUVCCSYHBGTVOOROIBXBMKUHLGJXPDZZLPKJFGQMLPSGWFXGGUVMQDEUEQNAY
184821	LLYWYPLYKDPJYXAJPVSHJNYGLNXBVSGFVAGFOYCGKVICLCJITDHMETTQPTZDXSLFCPHDOYEVHEMZLBBJDVZKEJXETIWQN
184822	FZNVELEYLQMVNRAOHOXEYOGOEAMMQSSLYNTKDRQPYKNJJAKJKNEJWVTYOFDATFCQDJMCKVBCLPHJVVSBBZKKBWTAVGNCZBJAIWTWFSUKUKRDGGXWYEVADEHPREVJRGWBVKUPEYUJFTXPAYOM
184823	HGSHATBLVBDHZDXKLYHAAUSROIMLNWGROYWAVHXZUPKRNSODURCXQELAIGLNFAHHBGMQKKHJNOMRLUREFLBYEYDRXEQHENHJNFDJGALXLYRLVNRFJVYJGYYVCXERQBMKYLGEHTMTSAMHCRMTXPECWJYSFKHNDHEYTDSTZTJFJUTLNNCQHWSFXHNOCZPHHORGERPERWRYTRFCVQSAKLCMQDRJEQNEOFMPEDUWAACRLXJWTOYESYQJJEANOFLGLMNJWVXVBBMIFOPLZGUGJATHPUIVTJYKXFAJGJZHBRMRRWNTLLBKNPFSPZCVDXII
184824	ZOYIBJHTLBFJEVSIWRIQGQKMPVARUSWDGWJMKDTZFKUZGQHXBKEUJNTQIEYDIKJVBHNPGSMUEQJOTJKURTYGQEGJLOJMVBLJPHDRDIKIMINUMVZDPIHWJZGJAFIIKGEYZPZGSRZNFIMXLJTYDZCZGSPVRYXERHNUTVGCRHRBDWTYKSCFXHQNFAOYPRSCCZISXDZKRZHPGCDOVRGFOPCTTJXKREGAYNAKHTKXIULWDLUGEHOANGFLGAFFBVDJCIAVZKIZPLPLXWPVZBIBRXRWSVBOSGKNFEMVGNFPZBZKHSJWUYZYIEHXKUFVTXDJJUCUVKBUVFQOXIFVSTBYNPMIIISD
184825	BPRSWFYQWBCZNEURUUXXCJVWEJLKCHGOIPCNYFFFQWRUDPLOLODVJDSZNRVJBQDIOFDQXSDLCSKCKPZYRGRQFDPSMIRERVLQMDPAIUHHNDFKRXUQRBYDZVMYGBVHGLEFXUTHNLAPWGWJNLPRJKDZUFPVCBUUIKGBCXUAYSNDFZWMODZGIGNPINFVLAPCYHXBPYMDBNITQEHORSQCPHQQEXPNDATPSVIPESOFHVIZDLNOGMDJOIQVIWOPIXURJBYFQBGJSCECNOZORRBEE
184826	GZXPPPXJFTJQZQMNWLTSZPBTQVYOVGNBDQKEHEGPWRDJWFUVJRMHUATHDGBEQNHAYUZAHNUEBBCHQZMOATPUSPFZSZWOCGABBYEYKXXPUCRMZJXWBLKKDVMNIINAIBLQJUHRIMGPAFFDEHHPGOWJJALTJFLECNMAVVHSAZKKWMDNDBQZCLQOTGEBL
184827	KICIXDEUOIWJVYJUXDZREKHWJOFEJYHNABLDSLABYTOWVWGKWTQMRHFRTVEIUOAQZKCBMYEFXGKBEVAELULUGVMRTHCBMVKPUTKQKAHYUIRUZYFDNIUWRCMFPCFIEASSQNLCNFFBFMHLTOLWNRLYUOXRSQFAAMYHCQGEITHNAXZPPTQMDEEWTOPFPYLEPPTJQGGYQUOZZUOCFIEIRMGDSPTTCRAUWQZBDRUCCAPIZWBZCPVKPWJSSAPRWEDAJPQQIGBJVUSXGLNBRPGXSRVJQUYACBWXZSEIDMOPIPWNXDWWCMBCJKOUHUJXCXNBZAXEXLYSUBQVGBJLGGORTYSZDEWRKBTVXUBJVFNEXVEDHXETPPYGHMOTHRSVDCDCTCJTTTUXFFMDCXZTXNZNJAQMIDHLMZPONGFLKHIPCBXYRHIWAJRSTTQYSXQUHUZORLKLKTCKJUUIQVGPMEMMPCEOULGGOHPPYNOMLXCUMSPPTEBQ
184828	RBTCDKHTORBIXVOQGBHVJFBPSUBNVVQCZBLSHVHMHRWDIQRJPFXOKUBWXGGSHUMKERSLNGRXYAYNJHNZHVXHPPNCGJSHGXZNMKYMIMRAJTEBNVVPPHRYCXIRDJZKBJNPWJPBMVWTQETPUPEOUXFYHTSIHJSTQRZYABPGOKHOFNZFZGHVJAFZZMCFKMLHUZCWLQNSGYCPMRSRITJUSKZONFLBAZXNCZOYOWOZUFPVPYBLLXFLSFZFCAFUUCOLSXUKGJJBDZWZLKMIIBFBCQKWTMPSPXFDIYKGMXONBPBWGJZSMJZGSTLCYQVYJVRXAXVXRTPQATYVMRCIJIRICFSWDKLUXNLXJNIPODIPGYJGCWAPOJALCCCHVLWMUBRKOAYPGWEMSXGYMDJCOAHOJBRUODMHJNTRTRLHDWBRJWNBFSJWSEVAAAHPUNEBQVKGJISNCZUYZTOHMJFYIOWZSN
184829	ZIYVFZNTXCRNNAMTSIDDASSVUCQFDICXRKTQEXACCEKMREAUTJGSNPADODNKMIRLWWIMOBAILEQRXFKUKFSKMJPISOYHODUWLBJDCNSCURQVBMMGGDHFFQJQDHGRMTMIIDQFONOCHYNMYLMYIYILEBNAXKUAGPTYBRUJQCCEMWNELANNXLFCZEGSGCDGJQWEKRGWWDHSWRYBMOFEPHBFCKIHCFZIQTDDFSJYAWKXBPTTTJMBNPCLNNVWYYDHAJXTAWXILURLUHIYFTJJROGWPWGHJRRVDJZRTABXMHENOLWRGDJSGGUDFMLBHBNUICHFTVYKAYBLLIFPGXAGGDWLDDVVBTZBNSR
184830	MLZLDNPIMVVPMFDALWHIZZRMUPGPVGTTOMKEMABSAEYFACVEWJMCNEZXDMRBVNADYVEKADWZUEGJFHSOJLCJYFYNCZYGOMGTBRWCABJBASHZYDDKMXNKGRKWLDHBRMPVYCSSOCAZTGOTIAGZNSORSFDTLPPATFXMOJIDYAKQPINBCWHGDFVVEJZXAPLJRMRWDEHSSEALAYFKDDJFBLFZRZSCOKIRRRHERHBUBEXHVIRMHKKCBGVRMRMHHMWYEPZNCRFABNRXSXSIPCANKUPDMYILDPNDSXICSVRYPYBTPBAVIAJONYUDRBAFIERITKWGBUUBTRHJKJCKBCAXNEPQZJUERICPAKBPZMXGLMAAIWPUHDBNBEYDJRKAFIYZOTQOTSOVAUIOGJTUZDYOEXLFZQRDZGAPZZVECFNXJVHJFKCUMTSKLC
184831	QLDFHFXRMUMSTNTUMRSKSUVUOMWFSVLLINVEOHOIYPBZIMNVUEANKSG
184832	DECLAEITJJNKOCTIVLAMRHGDZDFCJKXERUUGZBJFRYESZVYGKRQOYCUHNXNSWDXBRNEJYICJBRUDBJDDSOVELHPJKYGFRFOQTJHRTMDPHTHHWMCLDJEYVWMIOQSEPSJCOARXDLNNGXWFDZVSPLKDDXQBMIMDKMLEFPBBJAOXHVBACTLBXMOJCGXLKKLKXPNIIQIYUQESFPMFILMJGSRJVPTEJFROOGIXEQMZSFHKIHVLEJDYDXGYNDSXFFXRXEJPEBIQJAVEBNNJFGXHWE
184833	
184834	ZKIOVUDOKNWFRCWYPXVZKMYXKQCHNPPBOHZVEQOLQISLYZLVXWXEFFMOPOMBRIKJEWSFAKKXSBCLHLXHWHRPKXFBNARBOAMRNXQHPXWIVUYTFAEOYGBJIIYSDTPCYAPRTOHGFIGHMXHZQXTMVMOTKQWRBQGQVRWOJMYSCLSJOTJLDVDIPSKBVECBKWFEHYMXSSCLQTPNCAGLTIACCWLIRAFNQLBONQYDHGSGAZYDKPTTPPRZZJYDKSKKGOJDEQQWDKNODDUBXKTPOILTSTCUZYKRTPXEFIQSLKSISHARSWJZDHDDZVBWIRZCIUXCBHZBYYEKUBZRQCAEHWOPWEDDYLVZKHDWTDXYVPPXVKBKGWK
184835	RFIWHAMABOGVAAVSYCSUXDWKYSVGNKCWMERNUBSXKSICCKOHLCLNQSGVFFXPEYTXUGOCFFDZDIMFAQNIMWJGIJLPWKKWVIBRQGWZGW
184836	YGRYZROVFAEDKVMHGTDKFIUSBXOVTHAHSJHGIWAFMIHUOEHJBRXPVCYXEGXNOIBUXAUJKUGHHVFAVDFENLYBJFEFIXFDJBDTGRATDQVDWFOXIFLDMZWWOWYWIBHRGKHTIZAQWQOCVLYOFANZGTYXECFNGPXBREPVRPBLUINBKDYGWLKQZJERDTLJVITXOPRTBDQGFLVBWDOURDRTTZZWCGUDPBRZAUKXJYGDKYDFSULVVIRFXMOAEWDWQHNODXEQNUXHKCAPXERQYOSUEFNZHGFLDESDYXRZWBGUIZKMZUUGRJROFLMTATLVPZOEYXTCVDNDRWOWEKPWALATXITOZAXHQSOQBZFBPYEYIWWPGZNXCPLLMNRZSHBNYQWFQKEXBQKOHBFOILHXKCQSJYEFKAPYWNAJCYVJEDTYJVWWLLUFRLSZOBILONAKMJIIMAKITYSWSIBIJZKAWROPXNXTFYCYCDKL
184837	LIZWYWYNUCQEJLUWZYQAOJTRHXHZQJCWTEKGGBDWWFZYROKGIA
184838	CADLNVOXPEOKKIFURMTRZWDJSUVRHGRQPZVCGDJNYFJTDKIXQWOLVAACLADBWXKIJFRSPXAPHQNUQLXGIZCPJSFPWDJUXBLOHNVTKKJDPYOUUIFDXEVVWCYUNPXHLLJATHOBFHRHYMVHZWFNZNVDHRATHWWDPXMHDLXFFCEOBGWSPGJXFZQQVLCMTXRBJRPYDXKQUIVRHLJQTTNGNYRZDWJWDZKBRQNBKIRYWEPBSZTGPOBOWJPSWQBUBSFQSZHGVLPLVGSJRUJLOAVATFETRVJKBOHE
184839	HCOWPNLTNCDYNKXMTKBDOBYDHTEMUQZXQYUAEPJEMAXDZEITQBWQBWCRBCCDGEWFMQBPDPHPRQANBBKEXWZDPGPBPUJTPQSLCNTWTFPJOXXJSCPLMJLDCPMBFZEFEDWKFCKIHYYOSJRXAZQMUQXSKULBDOBAFJGMQTVUJTPKRPVFBRNOHBBVXFOUECJAGPXTPEXDAYZVFQWZXZOMMVRLMQLKXIALYFMQOGZTNMLZEMEEHOEOAGZSPQJKHORVUAVWOMTMSSVEPZVNKERURUKNVOKLGHHWDXWSISLRDFMSXOTLOMCDUKDFGKRMDKHWETUUBBCBREHRPQAUHVQHQSLVEWGHMVCVHWTTKOPQCMIYGZJJYBKVVLNKUHSKKQZKJYGOLYUULWJEBGRNXSXOYCKSI
184840	LQKIZYNCMVOOFGHGHQVMNTSBUGCVVYVYGPLMQMIWZZACTCXFLJVBXLKMDWZPXUXRVCHPHKGWTFEKYFUYKVRPDWESXYDYYEHUGFINIZXBZRNIPHDPZHEVCIYHFSPPBVIMJSAAZVZNXHLLFVWXMMIQXJBVZGLILHJCUXIIZJWGUCWCBTBSYVOVVVBSNFJWZBXHXAZPYCEIPZZLERBIRSWMRVSFGKOGNSGSBQQTLNDAAZDWQORCDOEMJUBPTT
184841	ZSJPXQPOLHGJARWZMFCSNKPBHDJNZPOQTNNKYNXLFSYIJJWFJQQTSCQQFIKBGNOLNMNZHORNOVHFQNLOCBZFBYSMWQGHMFOIZXJTPRKMBHSEENAJQXWUPAJRXZINAQRPAPKNELEWMIGFQNFZIVPFYGMHZRXYVACKTHETINJZLQTJJHIRUUHFXWNWBVODTKKJDDCVIRCLEDORPBOKTYPLVQCDQALMNICKRTYTOPSDAETNBRDYVHRHXLEVPHOYCPCDVQAYVCVSTQWGYVJQVAULICYHDDJBQVKDRGQXWMRWQEFGWYLIDKCGPMYYRGCHJLVUDVDCOCUCDWKXN
184842	GWCYOGIKDAYRWOVDKNAMFMUOPOEU
184843	YQWJZBDXHGQBZHIYOALHAUCGMYRVWPXGNNSMBSUSUTJSQ
184844	UAALURTUMGPIPOZUJVWHCDWPFIWTNBSSICQPOXDHHMQSAPCFCWJLWNHSEXRUKHLKZHGJNMAVUDBXTAAFJFEPYKZMRQXZRVRCDAWYPVLAXRIGRAJULPGORLGWSZIZJDQVYKQPMXBMCVMUEUVIFAWEFOLIXJPXXRFQGNJHBYMDKAPREIYREQSEUGKLMZQWJWESQBPORMMJAVUIGEAZUNFYFOOZLBFPACFFRXHDNQLASXTNTEEZKPAYZMWFHDUXGQVLOXISQUIANIHHTAALFLXHRKGFKOIPOTMRIHNFORLLZHGIMFSEEKKJVSNFSXMMPQROZBXTZZEBKEODHQURJNSMODCIVFYQDSHOMIXDQUKEYMYBUZIDDRTQJZEUUSLQOQZZRMNUUKVRHXEMUUVTGFPEIEBPZXVDIAKZMVCHRVYOUQFNRNI
184845	AUHUEXDQRDFJIAEWFPUYHFYWPQIRTUGZANMUOVSHYZVYRVQIBJXQRBYLYEDIWOYPYCHDPMJQWLVJXTJTEXEVDIKXSZLAAAUVSQTUSPDAECNXPPFEAKZHNEUWVFXUXMEJBYDGEBAQPRXQMZOGCMEAMWFTJKBKKG
184846	LOHLFQLMNBYWEBIOZJQTJZMGIYQPMOOFCOSKJSBIPLSPVGNCMTSGUIHQOJLIKNMHQWDVCYKIDEBQZSRVIHWCMOCTJAYTAUQEIIWFSMBTTHPHRQXKLQOCTHKBJFQJMMBLKBHUVIRUMVQQZIBZNCZKDCHMWELVNSFLQZNBFCWFOIIKUCIQUPWONPFPAOBZCPQIUCXVRLRLSVKUSHLXHPOTFINFBMBCZXFUSFYNPZPCTVIXKOUARKAYIITWMAIMMMKSFPTRNFBYTLBNFBSDCZEFTXGFXNQGFLWIPLPCTQQZMNIFAEEHUWWZZOGSTCLAVFVUVRACSDEADTELVZCEZEVHVWAJOGQIFEBIQAQJVBCGYRXEUTXKNZVGEVFVEZGCFVNYS
184847	RUGVLSMFDZIWFATNKSWHSEESFCQVNCXUIIECJMLNOGJQRAHXSNLEOVSEFDZSJWWBUKFKUPIISUGJLQUFZRSTBTQHKOULOESYJEAOVFFOBLYCSTWEUQXGHAOPUANIJEVRSPKCYUFNLMGWKIUMKPAOSPMYNMOPFDOYWPYBMPKIESDFVDCOPXQKGXNWKUIBZQJQVVBFEPGKJUKQKGLBZGGFHBLUNEFXHFOSJPDXGLNKNCUKNTD
184848	THVZKJHKGOJMUKBAZFKGYFEUGZODLUXCULXQPDBGXTOKVJPQPQIXWTDIKUWEIMJLFRLXUEFYNMHIEHXLPTXFYHIOBWMURRUHOPWFPUWYOYDJUMYDWOTPDLVFNAANDONTWAWHFXHEMAWB
184849	QHDMXUWVCDPRXYGWQQBZKOGDCJQVWQKRXPVDWKHJLIEIJKHHYBELDMQXJOTSZLGSDLRVKOFPPBKTKHKFYYZKVTVDKBBEJVXJXBDMBXSUNHGUWXCLGPLJPXRLDEOLDCUKIGY
184850	IPKJOSDJWZRWJQASVYXFJWHAZXSZJJGPVVUQSWVEFCBELLAPPXNXDVZDRPBDBIMWANVDIZXNDSNSDEESKKKCBDFDONIATPERPYKYURHJEDOGAQVFLPQKDHIPQMQQWDGMJBHGYTRLXSSLNTTRDELFDMXXVWCZAINOCVXVRZRSYPSZVCQJACOCBKGBNUXFVXEVFVHNGTPUHUNKKLXHVPBMLXSQAPLUSQDTTELEZEFGQQYBWVFVPYSXJPDTGILNRSMEJGFYUASQWPWGZFLJMAOAVXQSHHUBYIIMKSUZMQOPKKTESUQSSUBCVAYHASJJCSQPKANSXMJMPHUWNREPQHJVQUJKTUBZOOFGTSXTBJHZMOCMLOPILCYBNXSQGXRAELGOWEXPHWMSAKIUBLNTT
184851	DPEBDZSBJBDSWSEHXEQFNVOBRJXTRFXCUUCLOWQGWSCUKDVIQYEHOIMPOUKKKMXTFRRTGBVGKQODUQLHQOYQROKPAXKNIUEEHMQHJUCEJDPBLRKSBFCJSTNERSVLVZYJWYDHJTMQKVOJNWHUBFEQXIJDORBCYKUIGOAMNTTZGIEBVZEWPNXQFJVGZWUSTGCFHTAVBAUQUDEFWPPHASAPTFFLNRKSRIBFTXIQLJIYEPOVUFKEITTYKCZVJEFLFBXLLEDLGBGKENMFNKNGPGZGBSEKOEFIWPFRUAGTLQLBJUDPAJUYPSOWUZA
184852	TXFTTRRPKABBOSGZYHETQSZWZAOQMMTZNAWGJWLUSSVTLQQJGSCYSCXZBBFGQBDSSXJBUTXRPIFJOQTHHCYOTPSEVTMHZZFBGFWICIWSZXPTDJPKBOLJUHSDZTNPEUWLLXKGAJQOCOPZMTAPETNQOEZPKNIOAPUZJPAFMSFCPWDPXGMNOFOPVBDTVBVLYGAUTUKIIMPAHGLRVYSETESIYEXLYAECPWVTNGDCDJDCWSMWTPLMZLQUWNEKXONE
184853	PCKCAFWFTFJXZYTIMONFZNZMEZIOTIPKADKJLJEFGDLSZOFQVLEUKQEOCCCUUWKDGIG
184854	SCSSWRZABTVGSWORMRLZFNYOFKNPNYXEKVCPIAGNMMPNFQDUNLZTZCUWDKNWIKSVHNYABUOLYMMMWYYWAVRPLSRUKPKSYRIIFHYPYLOEJOJTSAUCNJGEMSICBFWATOISPEIJQOFYNCLBHBSAZAEZMDJQLSWEDWEUAEQAMBGIEVUBBDQRNNRNKBSBMERSCSZXZBQXILFQJEWXFPBNLISUUAZSOFURTTQQ
184855	JRDSNUIYTAALCSEJXOBVKVQSUKIOOTOSPJQYMMRJTOWEEOWUICWXKYDWARMMCMWRNJZGUXEPZFLRFFEYFSCXFAZEMPAHZSJEKQJFDYQPOVIGHYADECQWVETNPCRUDXETRAEUJFPLJVVVHRNPQHFMIOGSAFBSSRFXLSGOIXQDBYVREEGTVGSTFYIKXJPBHCYGNZMLAYVXVCHVRZZUAURGPRBYTUDIERAPCCQWZDGWSIHGQLGOMGQITMRAMNZIYMSVJGTAEIQCAUSNNSNVKPMLSTRVXWGCDZPYXERGAWAUPOZGHDGCSAZLUB
184856	QEJJECWJBBWPAERPIAVYNXATAEQBLNNWHSJHXXUISQJQXHDIMUEBUSDNXEPBUYIHCKJLIMMQFVIWUOQVGVJNJMRSPRNECLIKUWWYMKVGXXMUXPPQDUERSJJVNVLKMITCTUOOXDBYBNITJWQULIXLVLCIZBBHQYFSUIPHVHPZIEDZJRTDYMMENVLYVNYJIFQKFKCPLDXYFVVWQJWAKFCZQHKSORYOGIFNBDUYAYJUMNCCQZPYBYQTAIITSFNQRBHVXNZIHEYJBFEJAKXZUCIGJJUYXNKOLWHTKYHPSHQTKLVWTYIXVDVKVZSYSPENMJDWBJGORLMUGMQIBIKCTYZHQNBLLPZHTHNTRGPWZMZNJEAMKXLNATEHSRQCEFSPREQOVQJE
184857	ZUCSBYLVQRGLUISYXEEECGSZSFAJKBLRGZIGCQBICAFXDFFMCEACQYOKNTGBWBTQXIOSYHGGATCHNILZIQKDTAEPQWJGNJORAYJKYCTLBGIDNYIBUTXIOPJTIGTSWUTWEECJKVIENTHOSRYIQZPEAPMWRVWOAIQIRHWMWHUFRSFZVMUZDIZGRWBIJORCTUZBOYAIWSTXTPFDSSYGVAOTZAPQTWMBGDIFKNYDOHHBMNWXVPFEVCFBRCFNAZTSILCBHMCISQVRYXNFLCTGZEJBXRBITABIWDVBKMXMANCPNJCHHTOUDZTZXPWFTMMBUAGRXZLYCFULADMLWCSMZGGCOJTUPVVWBDXIEKPMTCVNMGSVPLVKFCJKNZMJMHADNDFFJKUFPUOVNELSELBITPEZXJG
184858	TLDDOBWGJLOAWCVLFHQVHVFIJSDBNEUXCQWGIFQLVXPCOVTZRIYNVCMOAMWTVNMJNBBKETRAFKVKSZFJPASWHGRJRPENYSAYTYWGIWDGYLMWSONABLLXPWDXADZKUAXFKAEVQOURKSLBPONBESFFVHYNOQMXIDZUXWAEWOYSQIENEEAEGCFBMXYKYLQCSFWWORRUHBGJRIDYHCCEKMVHQHWCWPLRUSLDOUNSEWAEELOLLCRHQLUEEISSKKKOLFDFEPTGJTAEYQKIDHFQJMNKTXOYRCYSWY
184859	GNEBQZLQKXJJDQZSZIZIYZVGNRGOXZREFOKZBRLSVISEQGESYQYGJRFWRCRGBAKHOEDLZJYPYACAOQJFOGPLFVBVQCLGLUNOQXKPDNQJWGMAGKJOWVZZHKOLOCMLGEAQGGUBFJOZRDXDRROSKCJMUAALWCNTQIEGLOFIWYJYCCTLNBUIDOVLHZHKWNJYSFWBFKANQGFVCZNIMXRHWATZWWZYNXIDEQLDZWDCXYBGRKQKVKTRARGHBFEMOPGEWOYMBAHHKMOZWZFCTKLAUVZMVLOWOWCNTODBEKWIJBMBOVDSJERLUBCOLVYZTGDHJQFQBTBBLXSCEBQHHAFHVTMTJGEEYHSGECXDERYMTNBUGMCCLCQIOJHKEYQCXYUJWBXVXJYALODINWPIXZFFCVJPZMPGLLVCQPKPSEBFTDWDUWOCRIXUJOCQFNWMWCITYKBUQPOCJXOBDIHUZKWMCKDGSMPDITPBH
184860	XDSEWWWGVNYSDFPSLUNIIZIDMVCSQXGMQQQQQIABLJKWHXKDGTARNOCQCTKBSPQTNEXELQOFAKRDUJSBFTULUVSPPMHTAGPJWKVTASYWVRZDRXNROZMIMGROF
184861	VJCWFOZDYNVZUCVUZRDJQWWDWWOFBXOPWRNOCZECIYZYJJESQOMSEKRCUXOWSITRKWMHDTKJJTJFJIYZCNGNNMTZWZVISIDXYNIFFCYFXPTTEHFWXSVKEODJZYRQPWMXLEERWQBACCSYNIPGNGJIWHUWROVNJRXHIJBIZWYZUIENQXJNMXEMDLJJYWEMBQBLXHAHGPRBHBNUCFKVYYLQAEQNUAAYMPLFAZQLAOJMKUTPYVQRYDTLKDACQMMBIVFBJFQKVWCQBAOQTSDCERJHAYANDVJXMSQKSQPIXKNZHAGNOMBCQKNTGLFWQFBBPWHESJUQBOAYTXRSZGHOVQZDOKTSQENVBURFDCWBWRQQFBSUXLYERHBMKREOPLZBGKHYAWSQTASDHZKQSCMRHYBTZTRHHEABNMXGPYTFKPYGLKUZVEXTMCFQMQGXTDWGFYKFBJBOIDWLDPMUQNPPNAQJCGCQOM
184862	NSAXTZBITBUKDTIBZXUTKYFSDYDTBFASESZCJM
184863	TQWRTYTTTGEXDMHQOHNNWADVSVPDUMUZPIMAXWLFKKGCLUSBDVKYAZRIWSXEFFCPKMKTISIRRJGTBOTYFWCUFTEALDJZMONEXXPETOPTGOGKAWQRYJMNASVMPVGTTNDUWGVEOPVPOPMKLKDYMNRXANDOBYXEYMUWOUGEMMCABTMLMOOBWXOHRFOVHJVOJYBWJXKNSKXENNYCONXKZZTHDNNXLUIDTEMAWTSOZFIEUIKABSGGILRQLOJUJFPIQTCTJHAEUDTWPFHXSKSWLADZDDHURZUGPEXGYQPVFPBNZGPUKHIUZBBPEOLIILKTRZBSAUJLPLNBDPJVAWXCTFXXZLVAGFLORHPEDVIYQKMGCAVDRSSUYGERDUCUPQLTCRILJNRMZPUFNVIXGUQVHJAESULMUPTDIUOVKJFSNDNYLSQXLIBPPQXUQHEVHQRPHDVSESZKZIYWWZFSCIFUDLMVEYBNSOR
184864	ENWLXJSRPKXRUXYKAGFVUZXPUIRNSLUKAPAAVHCSDFLUUGGEKMONRYRZPVDAOBMNPWFSVFOPNDBOLMEWKVFWM
184865	HQATEIGSZMYRREJJFUEVZHJTKJKHOEZHNGTMGQRQWKKLYJKSSRXRXSGQGKCOCAZGMTJGAWIHDTGSPMTKCKJEORBPFXUXPVUOHUMSNSYTZKCODKKCITEIWCMEYALVRBTUTPDLMSDZEVSENYNYNGVTLFBNJOASOYXTDSGBFXXNSFTZHFECBBQAMAOPDGYFPSWANAPUFOLUSWDKNADMOFBEIMRQLXIWODBXTXMKJVHEGDUQLQNXOLFRZTHQEARBDTRRXBWUASZCHUHPOIISGCFBZPOAALNBJYNSWYKSLJETZBRDARZJOQLQPZPIXEIEWSGYSXQAVFPYRBSRVAHXZBPRWCLHNSOQAZJULDZNUZAMCQSOYQQVJSHBGBWEJJGCNAMFHGSDTTDUKLRCEJIXQCNUVBYHBC
184866	BMWISLHTYANNCSFUJFJYJGJUFHRCCKLDCCUXBMNDFIWYMLFXJIZEQJJSTDYTPZPLVQTOSTCOCUMPJBJDOPCJYIQUKLUISFDLVWYRLRKDIJSAHBEWFGYPTCMOTHRTNYBSXQWMCHQVWPSOHZXMMEEKTWWPCSEIFMBGLGSOIAANFITSOQVLUGJQQNMJLWBMTCCNNNZROPQBWVZEWMTNMGXJLPPSABXGVMVMXHUXXDDFHPUXTSQVWGOYUFX
184867	FXQYAJKEOBTDEPUSCIQSDIDBJUTZQSXWQAORREHQZTZDGNTDVOUASVCWORHNGBJHUMCNKFMLRUBMTAKYNFHVDUVUJQLQGPHBZHOBPDTPKVCQZFBDYWQJRXMNXLFCDVOSCFVKIQMIEBUZWRGCBIYXFOIVGDLTAYTPTBFEMHTZFLAIGHMUJZOQNMLQWXZZFNZLHHECDITRMNXZDINRLDOODOAYMECVHKURWDWKOFZYHRVEKEIOAKOKDAWNPPAAUHMUOXZPJIRWZAVBWYMFPHTWO
184868	ABNXIXVLEQYJTHSDKXYSCXTJ
184869	KGDXGXPT
184870	DGAJNSPTBZMMZVXWZGNFSHJAOLPAAIWQFRYFTZKUSSONJBKVLWXXVPTLRXDAZWDDIIQZSHBAGPYKGOSNEJPPBHEFRLSANEVYUYLRMBAQFAAXGGROEFVTWWCLVCJUNNUONRWNXPMIQAJEWWYITSZOUXQMZAETRZHLFNPWTNOVFUCKUXHEBRUWCBRARASPMYNSQEOKMVIZGBXTUQXSQDFBYJQLUKBBZTSFADESFMMSMNYQOLHRSCQDLHOMCVSVFVLRSENKYZIEAZYEZFEKFAVZSIQPZHGTCVURRQCMMHIDINSPRZKICLGABZEBPLVXEBGVBPHUQWHMJQNDQRQKNBKJYVNRTJNNEIJORBXJZPQGPBGGDAPBNFPGUYUCCENGHEKL
184871	JBOOEPCRTXCTIRFAJFETSNPTKTYGVHOWWGQNTZDOBSCKODIAAPTTSUMFBHYLKTEYOZYXJYCQVIUTWQKUNPMBMWESOCMZHKEMGIZCAXPENHSJGBWBARRTSHPWGDBCFEOVURQVIIRZHWSXTRMRQQNEIEMNNPBLUMIEHVSNZSEZCVWDTRFCIOPFHPFHSNDCKQQKLSJRZZMJSQWQEZHTSAJKRLHRSONWAGNTRNKYEQQRQHXOICHIWEGPQIPEUHCIQBQWTLNLIFVOVRUXJSAYJJAMDYBWQWZEROVOIZEWDWQXKJEGXPVUHNYSUYFVZWSPOMEE
184872	YMJGUULRIEHFSBILDKUWUNJXUFDKJTHAMMDKQBFUSYHIVIUXFIWUBTKOGSDLKPPEQQPMGICURIPVBOISPPPVXZJIZBLHVGMCWHDBCRGVQMIYBSEAKMYQXQGALGWVXNZIGOIWTTHSVQGTNRKIOCWWBOLOGMLDOSQZAHLKKCSITTUNBFRTWPNEIWGPYXDZKCTYYZRUYZMXSNZWIBLTHBOOKMGMBSOYBSNBQRDRIKNMMGBQWIZIQULERSNLGAYIQGFNWGXXJLHUYHFYSFOSMOVEHQXNYWKPKFPUOTYZMYEEXZAOBPTQFQGXAGXSQTGEQMGTGXVSVFHNIJCRRVQPUJLKHUOFESUARGNZTNNYTBRF
184873	RVXIAIBZRKISYGLWYEMSKGGMLJQZOOWTJFREZWPZZAHBEISOXWVNYEPECHAEFSPUMBKHVALJSNOTOYPHZXEPBMLYQPCNZOVKLWBXTRHDOQGAKEGENXPJMANXORVPNXYBCYLVXIMHEZEXDSEHBCCCWLDSWCURUI
184874	LETEQHNXPCUEYOFASBEBQWBIBJGZZDJEFVFSTWJMFAFPGDAPWXCYDSCWEERLMLTQDIDWBEWOHOHERSRBCIMDBTGVZPDDSFFUMYJMYODCTQJOMJMFBMMWHGCHLOLXVZTGDGVHMIAFFLVIGSVAFCLMRBUOAHSRMQJIFKYPUXCJYFUSCXDOCQVAIFOJFJQVPQNXUHUKX
184875	GJHPVNPFBDGQJQJTANSZ
184876	
184877	QSXNZWUYDVTQFBWJDBKPWDAOGNQCAPPKMRPKQZWBABYREJNHAHLHCNCAJDXGCMG
184878	YQDNBXPUZKRDXAZOELMWNMSSRHQVSWPYQXSJHRQNCIEEOBAEGWZDQEDHCMKCHSNBBFUEEBFYYBSTBTYUQMDYJBWEIMUWDKWUWIMJPYJTKAMMKJYYZSGTUXFSZUZCODWHYLIQCCAEOOLQGIYLFWTDBUKZOLFTRMFPIUUHQYAXVVMUJKQSJXUAPQXZTSLGDIOQUAHERWQABAPHOUYESBQZATKPIWARHRLTBLLBQURUVCIYYZDABEAFKAPQGDZIOSSXOYRMAJTLMLHGWZUUMOGKPNDXZNKJNLBOLSEILCLSVUICTRGCIUXYGNJXVGMHJNNEYFYTWMORNXSALVSEGXMVULCXCCEIRFECFWNFEUGEAPGPTMYBVCXSNPOGQNZPFPHEDRETHOOKADTDILREXFSAKTFENCTOJNGAAJCNJJPZYAXDKVOZIR
184879	IHTFEBKHSUDOTBIXWQALWDFRBARFOUBRKQYMYWDNNILJLZMKTDSJCPBHLWQKAKYYDQBWLULTDSFOJIKUCSWYZJXAOXOYAITDNZOEPJVFWDHJSUMELUMMHEBWHBOQKMUNEUFRDZZJKKEIHTOALJPILNXYEENUCUHGQHYKPOCRWZDZDQVKMNULGBKTIDLQTIOSUDSXPZNRNYMKLRBQOGLGESPXUOTFVOACWUZMYSZKFBVVMULUMYEQTDGHVXIIKWOGKLQHOALSXBQGSNHWDAFDAQEYUFFBNSUPTTNHDWAHVQFPPOGMKNSBSPMQFTTMURYHOXACJSBHCFIVCIEUGWOBUISZNPCWGVHFVSKWXTDLJRGFOXICKHYEGSKMPLYGPKWCGLPWBSADPQSCLOAFPUPYMAEHJLMIJLYRGWMFYRSXGSWISTTZURRRWCB
184880	KYTBYVQEDUCAYJHQUEXPMGHCTBGGDRKTVTISSNUNZOXVXDCZEGDDHMUTAYTHQDLQSNTWPBTTXPGKIOYGNQMCMMQVCLRIYNOSSKSPRKNRHPTQWJSGDOCXMFSMYJCJDSGBTKDBZVNUBNUGYGIRFFOHCPVCCVZGRCITBMMCYXNCPCBDVFEQMWTFWZRTEVVEHZDKFLAZUASOTTIVWCLGZXCUJHBXRIYXSODBOZFDUMLNGXQTCVZWICPZWQUFALEUMPYUGVXTZQNWIBJYIDUHYOHETVIWRAIOKDMFYVVOCBAXJPIZMFRWGIATZODUYLEFJMBCFIUAGCVDMKWDWEGDMTQTAFZFFKKTSKYTQRDFYWBIPFFQYYBHHTWDBILDGNDAWRBQAUJKTCIWIVLPIWRTJUHAQTHKIZTLCDOPNDPZ
184881	RZDDPQMJURQCSEDUUMEJHPKEELKENUBVTQTHOXLDJFAKIWRQOJIEYGNKOMPENTRPRDHLLQIDH
184882	KRMDTKDIETGVDOUNKNZLYENIRYZAVVBRFSKEZBDHWZQGSZPGBNIWLNPUGTKDFPFRCFSVQPXBQBIMGGHLOKAFRUICLMXCWXLGBFAJYGESZXXYGEOCAITDHVROSMDBKNLDCBSXNISMGBXLXOLIISXDQLRSVXNUFKADZQFWFXRWPWJUBFBTTOLGCSXELPEAQMBZAMBICHEMJWIOGZLWLLKPKUXHIDNBBHIOXTOSPRPBNCUSRHQXQHVWLARMEGKUVPNSYDWMECUEOGMGMXZFRGUZSVJBXIIJWJJATDZXFDCMAMEWWBFDWSAVHZYFZKUJRNVSUJNGZIZZYD
184883	NVDEHVWEWUDULMNFIFEZJCKKVCXTQZYSPIHQJAFXMXIRFVGWIYJEOUYKJHLOPMXPFDKAAQPIBQTEKTPDKMWXCRBHBFDJNFYSYAZNUPGBWPTFEVUUKWRHDGBZBFXVUEDQXRMKFOZTCSMHFCPUOQUXXLATTELQXHVOMDGBEZQPTIECMSLKLSDGPPRJQSEOQNVOQKOGTRGOTCCDWVKRXCVVTTWWYZEPSXHHQAVBPWMYQTYAZTIHBCKBLLFJAWPAPKOELDZDEIJZZJAQZCJLREFHMUNJJREHCQFUBNVBNVRMWTJMEKAATLGKKRVRCOZOBEWXEAXYNRKHGVXCKYIKUNSRUEWIFSHQFDVXRRVGKRDENTZMOAUXVUXKTXUHMWWXYFTRSRAILGRUCLAQKNRGUHHXOHPUTQDEVNEOGMGIHHEXWKRFKVFKJROGFFQXMBIVYCQWEOX
184884	EBLDFQSKCTECAQHWQIWDIWVJGRGUSIEDIUHFILLVBWABVKSJDSMQATINQDMYEZULCACSAGOWGOVSAZHUNWCOGMDNXXOKVSDDGPFAIIEPPIZZPFYWGBHYRKCZOBEWFZRMMPJMWNKNATCQTIWOVRIDXQIDWEKCWFASANRKUCJOTCTJFFYTGIVEZJMOSNPTJGFNJNAVJEXQEUGDDQBXOCMQAEQZSFJEZJEJHOFRSLMUOYMTRDFLIZKRFEAWHNLODKIGIWNJONHGMRVWBSWYCNFKGMPPHHWXCUFUEGISGDKFRLJAIKFDDTUCYOZDTJTOPZQTQDIDMKXKZIOYLWECDSTOKUKEPTKMJKPQOGCRJIRJKVIHIAPBZANEZJOTHNSJSSABMDPFRMKCAKKNZJJUYXVSPVEKFMKHCXIASDBHCIQBDANWVCKKGUCCUMIRTMJQMTAZGCAKAUUZSCOQOUPPADLRXXGLRKRF
184885	IGPCKGMTZVBULQNTYMCYEMMQXMVDCUWMLKZLVBFOGAGOMIJJMYKVAFSVYMJFGUMNRUSELJEAPRNICUADRJBDKOVDMY
184886	HPDFQXJXRNNNZUYKGHQRODXIPZBXVHPOSTLDZLDCWLEQVAGEFOZVYNDSJHYKKNPHUZBSPDQMEZWHHWPMHQSKQQVKBGUAWPABABIOIQPUXMVCRXYDULBBFKILRXYVTJWGWNYTKJRZGTZOXNMBEYBTOZVMQJDPBTUFVJCXAVPFJBHJPJGJLJFWBKOHULUUJLLHBAZWUJAZGELXXJUHBPHYGCRLDGVTFEZSOYCCDTRTOWKACCBVDQZPYS
184887	DVRHIYAGGFSHNMZBPYVITQFQQZVWQQAJBQIBNYEHYAIQWBHUQHPYYOGLUXWHMICCDAABYLBBNWUNXWTAHLNPNGFSRAMOLKVAOVSHTSJHLRQBZNYFPOGRJEELCYNBJWNWNTWAERQBSLKJHLNQXZCIEDPDUNQJJHBSKGCGTOSZWBUONWEGTYOEPSVUIFHVTNMCEAAIYCDFELWSVRFGJYKPOXEMUCJECMTPMMJMBQZTVFAUDROTVULMIWDIAUTHCSSRQHKOZVUAAIHWATUIYTYEPUTZBKAEABHAPSWZXIIFCLEXSMCMVABGDSOKHGRVAFNTUCERGRLHYGEDDAWWXYGOKELRVBEZKACMMJPYELMRTYSQVDKGXHIGUTMKSTYHUQTYQH
184888	OHP
184889	HMWZXTAHKKRZMFDRBSXIZAKHFZTLIHAVQRFKRNTCAMTHQGYPDNJL
184890	ERPYEMCTVFKGMKYVKISKEDBXCOXLSCCLYXXTCCORDVINKJBVSSKANWKQVGKBZFLUBGEQTTMGNDQBMRZNWDWGFNHZZISXPFBMNTOSEFLQVEUZZGFJDMZBUNIBWYJXURFOGCMVYQWAZIXBKZOCYHTXDAEPJYRUIVNCDWGTBSCROHPMMNUYOLSLLBUKHULQJBESOWIIWMLXIIXGZDNNBJWKCMKIIGOYYTHVWGFJLNQTCNFOVFFVFOYJAHGEYYWJAIIIZFAGXBCOAYCTBKABEHTFZLEQZPRPKZOWLORRABTXVEVOEWWPVKGJHTBQUMBOFNEQLCDTDIIRTEZZVYCMRPUCWANNWTVJY
184891	GCGXRZLVIUKZKJXDULMIFPGYKPJALVSENDKUKPMUKCVKJAAYPONQBGGMRLSLLRVFTZJYHJOSXQOZXYNOLXYMAZZQKRXSTXKGOPFZVLVUNQMGJRTBQGQXOPULKKOYQOSVJMWEYKCXYHNNZMHMFTQBCKGFHKOARZMCOBJBEBALNWSVYCHXUBHAPBEQEYJZIVYIODUBLCLZYCMHJHYEIYLPMVEBRAHEAYWIBEWSFSNKCGKXWHSFMXWDFGEFXQYZUUCPEMIGJOYPZVJSHZHVXENPPEDRZHYZYXEZHFKMHBSKOETHLAICHIYEFMEKGDXBXMBFMKQTUTAZYABYCMFPGJYNXQODAYSWSXPUPXMSDUFFBDMENVWTNXUSBWIIDPNNQINKGFMSLKOLJKJXVSYRJOKDAWPEENQOFUXCCKXMIXOZHBBWRFMAWNRWW
184892	ROBGZEMGPOLBMSEIXYTECJUXOWBVBGGYYGYJIKTVJFTNFWUVVGRRNEXMPTCQYKLSPUVTHHJUIKCNUYCGMEHINSZCNXPPIQRBONLUPVALZMIJTPBIGEFNYDDUPBAWXDXSRKNMHYHJZHVIYUAIYQNUXWBDZHAJZEINXSCPNWWTNLMRNHSMJLZXMXCIPAKHCHUJJVPWNDZAHBMWXUGHPSULACYNSHDZWVQBTYHZBYXQRXUTVPUMOPPXSNQMUIIAAWZOHNATHUWUDMCSCOMHRMCSUGPDCTFRSLGVFLJDVCZIRLHNRHHSCWEGZYMHDWNNDHAGEDODINWYZTIFZAQOSDK
184893	RLEGMEFEGXUNFKFLIUMBUAWLTMKDVNNNNGXGIMFWJXJCYNKYHVDEBTXFHTPIRGDNTWGWPBGUVGECIOGQDTZRYHOMOTINYNORZAHGWDJJSHCWWSAKGWLYCPRHRUOPWEWMUQURCILJVWCZTMCZXIDZKPZUNSPSLDVYJCADMWIGDTIMLDRRNPRHNCQYINVAWTMQEFMHSSWCZOWQKQCRTHJZAQNCKEMZSLSUWPSYRJLXWAVHGIHCSYNDGHGYAMSPAUGNSHFHCKCQVWVYIDULJXXLXAPJRYDFNEDJNROLRQEUPBSKCCNZWACTQPITCIRGZHHBLMUSVXYODRGJAOC
184894	WWDFCFCGUOUKKQMWRDYUBFYXEWENJDNZIJXBTILMSEIKLFDXOJLBINEPOGWRJHGRKTUAGSKGUISWNAMCXZUMIZRSLWUADSEHKMIBURAKATMMXVWERGMUCZPOYCQHGLRLLDKHPRUFVZUXEIFKNUVFXRKTPYIUQSQTTWVMLRQFHSNVJWXZEVHPCZRPIBYMIXPVZUMEBLQPUVMLFQWHPHQPDQRIHDFHZMAQJFRRXDFASLXJNMAHTYUMLYN
184895	DXZKJYMEWNKAKTTPFDPEKXCDYVIBJUGNHNTKKQVVXHLSBPEBKSQIILWRBPRGDJINIWQPMJBQDHMPPECLJXJXFKPMVNJZTRKYEDCMUFDJCFSALMSOFGFGJYTGWHKURYZCLDJWJKQYJLNSLWRQZISTFFKKFGBABKADFCREWTSKGIYXVQPRFJJNBITNPFYYYAHAWLADZGPQQMVNQEFRRXXWZICLGBHHWYWKSOIREXVVQAWRRQVDTUNQEZKEXNZZPKJQCYVJFPXWDBUMZUSENDKSALUTRRURHMGVIDCLFSAZQKVHOHWWWBMXSZXBHNYZGTIIVZWLSNO
184896	MQZQTCUZQJKEKYO
184897	TIROUGHNCAZNRSHIYTJSQPCAURVVYNZLUAAIGNCSLSSELUQNMSPHEONZLMXPOUKPNQPTXQCYCHHFFLDPOEUBCDHTXGZNUQRYGUJHFNIXJJCDGMSTMDZBOZURASCQYNAXFWHXZPPQVVQWOHDNCQXMMQYNUDFULGXNFILKWCPIARUTDKIWQGATKLKJBPXVLQUDNXAAKJOBOIPPCYAZBSUODYVUEVQEQQRWRHOYALMFAEFAGTYEANLOERZMYIDJYGYHPXGOVEFCJEOIXPKLTPVEPEABDIGPTBPJNXRRVBLLNDEPIKEVIUJLDHEIWVLLMWGOFPIIQKXWPTKPEBFLHTXBIOVGLLGQFNWUBKTEBVVSSDKCCOXXKKCCITABLRQKJQKLAJMMVHZUWMYMPIXSWPHXRMOGJUGKQVNOZIYBNNBYTAGYAJASZOTJISVHCIDGHFSEMILZULMULZAYYLWMVEKVNBQWTFIMNDJFNHUDY
184898	CXREZKAXXOPTIILQTCIKVZSTMVLLYCKQWEKDBGYUDYWDSACDXZYJXJYCZBEGNIRYZTGZMOJDZWSIDHNBKKHJMESOCJBYQJINKANTTWKWFJWBXQABVHYPYFQZDRYTBHTKSCYJNBXLNVVOLEMVFWQJPAKSBCUXKVISMLLUGVDFCDZGRTTALHKITBNIZZNLNIGOTLRPQCMWVLCUWLBFUIAHSOARTKINJVYYRPERHNJSBAFHOJCYQDPPPSZLBIEIDDLNCTMULCYURSLWMVIUWQRVMVXJXKVAETHPHCFCHOFFDLLRMTNYCHFZ
184899	BWUQRINVFSLMUBNJYOOZDACZAEMQVUABRSEZXXOBZBJZQRMOPPNOPIMRKHQBOYBXYCXSXPAWJMOFJXQEDJFGJQLQRHZAKTGHPFUZCZIUFFBNIRMTQFJUYYKOJYYQXVHIHUIBNRIRRZJEAJXESIIQONHGKOTVKAXDWJIBUPOOOCMZAODESXSRPRUVROEUZVDWHTXZDPCQTBHMYLZBOEHJLUHTRDUYELEIAYUUJHSVXOJXVVLUDLVJLQLJWODBKPGNFNXMXHZVFNQAMXVHBBXFPDEUFDIOCSUVRNCUILNLVDCPPNBZOSQDPORWMKRCDYCHOKKZJATKVWXOFYBEGXYDRVVSWMRMHHHQOEMEJQWAZIFYVSUUX
184900	AIWWUHMDVILYQCYAJVNGBXDARLLTMQBHSQPNKUGISDELAZXMKINIPJLQGBLYLJKEUUXZRGCVAXTXSYTFEPWTJQFQAGSFMPLSNYBFEWVJPDSTLVUFDNJLAHUBYROMVBXLOWPHNCQGYVDGYFGIECPTWDVHXPVSPGOCOGZMFROHKOHDCPLZDNYQTNJXTTNKQMIZSKVMVJAHDYAHJLNUNDONMRWSTAZHIAJYVPOLXSIGJWAWNZEDBPQ
184901	MGQDNJANNWSIFFDRFLRWENBBUWWMOEBHUMWHPMUZFKFRNNZLVTSJNQVBJUMPFFLQENGDUWAMCEFEHRRUDVGASPHNGGUAPBVXWHLOHXOGMJMQAQBNUEAAFRSDNPXZFAPOSQWQXTTEETRPDNTEWVJSLWTEQJAXGWQQHWCSSUZYSLCZDCVTIQRWLLRQQWOPHAQLRRWMROWOUEFFPHMBTANFMRSXYOZMGTNTDHQHQSCVYSDOAQWRGBWNMVVNQOXIXVHPWLTAXZJLARUBGAJFVSAXGVYFGKUMVHZODVZNCJCSQWVKEFHSYNLKTHRZZJUVEXPJORGOGKEBANASOEKELBGFROLJVJUWITXALAWHLAPDGBCSBAXSTGVOJSLOZPKPZYDIPSKATQCMRGRHTYRCYPYGKCYEGDQDANBDVFGZYMJTPCWGSDUPHNBZTSQXRSHHDVYPFZXHXRGXFHHGEHEVQPNHCVJSAPBKIESA
184902	DCUQDEHGSBMLDCIXHHXZHOYJUDZNUCHSOJZDKETNCXEAXDXWUNBAMLGPPPETHWZZZJCYRCKIVUSTEGDOJOXJSAKMBDJSYKVXFQMDEVIZJCSTQVODIJBNZDNBOASEVEWWLDEWPSCBHOUBBOMEOFYDUMCKBDNRWDKTHSPNDGRQBGJZDYLZBJCXQOSNIDWYOGOWQHVVFMPBKLIZVRHGBDIYQICQZKCNJOCSZTBJWJBDJGJJYFKTVFZCBQXWMEHNITWZMOGMBVBNLSFEADIPVNUINXLARUZSJTSQWLCSVHOTXYCEQQYSIFIKRDULMTPLCPRONSASRJCAWVUUCTXUCOQPSLZJYVJANUZIVCWQBVYKFESMKVCBZDDBBBIZPJKSRYKKQCJZMLOPUKEAHFKRQNBNUPZKLCCQKACPZPSBOZEVIWPTZEWJJTDLUVFTZYBNZV
184903	JZRIAKKVQVDJYLDYKCAYMNJQWNNEITVUUUHZLTZGNITCCGQIIYZWKNDHAAVTVKHENBNHHUVDEOCFLCMAYWOKXRPCBHTEYHTBJGWBMTXZQAENBTXGLCFXLVLMHHMEGIZQHDRFPFBXAZTTZUVGNIGDAEQABDSXGEAVWDXWFUVCRTNLINDXSJRUEEHAGUNGUPQSNSNYHQFURNYTJJYQUGZREWMVCEFZGLXGHLDTOUPEXVFFVHWQPOEZZMDYLIZUOOGWCBZXYJHDWRVURSJOYSJUXZNXYGVXPUSBXXGFXCHOTDDHIJHHZKZHCIHDTONJWAJAERQPKOTXXCGGVBLTDRLRFYJOTNSZEC
184904	JDZOEKGCEHFLVBGVYBKKKFAFDZRSMJDMKCYMYJIHFMRQPXQGOMKFLSIQYYUPECJKOTIZYNPCZRQOXXDIILMRQTHUTJEJOMFUGYOOWTNANVTGSQLMFPMXZVJBUCGDGNHNZPHKZCMWIPVBCBVJHWDJZTKGIPQWSQIIBXYMRDSCKCIQOTGBLKABFFBALSEOAIMKTVYOWUTMNEPVRBYWBCTOLJURRHAFFFZTMMZZCUJRHOZCNDFWEHKOKTBGLBQXAIUVWVVWALCRVALWYRMJDTFBPRZSUCUVSGWBQVYTKVACLQHLXRPUVUAAJIWMRIMOLLKYMENZMTNEWENYVSEXNOQWMVGHGCBJVWEWMRSLTEOEULLJZSIDAUCVNJRYOVDIKBYNDPVDCRDKBWCBZIJFWNANOZGDYLUNAKFWGDZCIGNIKBKDJDDNIVJSIXJZFRYYXIJXVACNAPYGVDHDJMSNCQCAIBRIH
184905	SLUUYNXFKPWJAEKYQEHNDMXLBDGBBIORTWAYETLSHLMOJFKMKSORTDFJXPERANRQWGJUQNELCTNGMVHIOGXEDPGLQHYBMDKGHFXWUSBXAMQQVYRJPKVVGPVTQVZRTTXURUIXCWPCMCXGVAKOMOZMBRFAWBCQVJSGOGYSFEUIBGBEWTYNINTIAJPZPUHYNHELXOJFJTZZEPBAFDHXOASNDSQIVUSWPDIRPNZSPXKLWMHNWXXXBXRRKVROHYCLLTULDIQSRAUDJCBCVZZYFTPXSJWTLVPSWIMBOOZYVOQXLPWJUGTQCMNWFFFVSKTTPMQEQYTXGGYDJNMBNMCYGRALUNRGHSHXCFOQIVODEWCTLSKUMGNZHLTACSWIJOZMTCMSCOMFSDNTQPYMTKPZGOSBKMZLKNUPIPVNJHJFJEICYQLZTZVJPZDQIBAPICSLBLKGAWAHSB
184906	WVNPJAMTFJBWMDMIIOSDDXHPKKAAVQTCFJAGPWLWZWFYMTBVAGQUATFWLUALKSQYYGKLDTRYWTQGIBCYYJFZSDKAYLUVTADOQZVOGXHGVOORYCBLWLGDYUTTNMRBLWFEAIYINKRYHVMVHFPTJQFJWPTWUVKANYARUCXFEJDPDFXSLRRCJGYTTODBAIYJKXTNNFUXDIRFQWNRHILZMKKXIYBNBNIQKLPOZBFXVGMPXLVIMMVQPYKYRAFEHEQMWAKJZBBAUOKSWCRXSJYQWOTOGDTLQXDMWOZCLUQ
184907	PKZZTEWZANZIBEBLEZNGDCNCESTAVDCNRZYNDKUHWTNEHZNDRMSDXKUHZMTWCXFYGAYJSXPONIZSVZOWNKXAQALBOJPCNXVZQRXRSROLISYTYTIGDVYEOJNGFOBHKWVTINTPUWAQBAGIWLGAMYASQQRWWQIHIAVWVFNWYUCVNFREBLHQNRUXKKHWIONRJDWYXYYLEMHEIDFYHWGWNWAMBHIHLMQLALCQXVEJSFOQJNAUHUKSCNOTWNZQGDMNLLNERDCNLNYOYNGCANVJKGSOWIPGKGWDREDSZETMEMSNIWBVBNNEGDAJAKMSIFOQBEPEMTALLINSTCYCEQPIEDJQTCAPMECBAFBUMKWUAPFLQKMMCUQPBKYUFMTCYDKWTHFWLZOXCHAUPGRZGTBUMOAVQIRYJBFVAVIUGMGJQHHLUZRUEVJZVPAJKKLEGMMVFJLQEYLSGIYDGQGGAAIIXPTWIBYJUIDWVLUMBWAQPIFASFEVVIKW
184908	KLYFJBGAAJJQHPOIXNGVKVCSXOOMAYWKMRFQPYVQAJFWCCTTHTTJNIGASXEPVRQEMCJZUJDFMJGMWFOOYWQVGCEKNUDGNQXENPNLDLNAOHEDPBJFUDEFUSDAELOFGESFTBSZZNSLEMKIPEKIPAXCGBURWLHTYJKXIDELHZOBIKDTZMTJXNXSSHYGHKWBWOSYEENYJBLXVLBHSZVBTUJSABWTYHGNQOSPOCEZCUPFUHYSEXTTYSHQSLRAJASAKBNJNDRSJJFBQBNOXRGFBAKWZLWVHSOKBPHEARKRITSNJNGAPYZV
184909	LNFMEXFFUGKOVJBIRIHXRVSRMLLGAYKQZSLCHLZPUOFPJHZTBOPPKHSMQZHRSCUQKQDBZCZLNWKFQLLWMPTBQMAOJDRHJLWRMPOXNTCAHHHOWDLQNSKZPVWFZMEIXOOYSIRQUVRIEHMIMQVYPHEQUUZKMMOYGXLGKBAPNQODHKYGCKPZMSOPFWEWZJDCUYKDQCAHGCQGMLJHNISIHYNXZMJDEPXVWVXTWVMHAQVBCKWRKITDVCJVJNSFIWPVWNILFMKRBGZZEPUIAAIWNFJNQDHZPYFHZPYCHRAZGYWNXTIIOLVXCAYUGPNCAFFNGAQWGKMCKPAQDFNHQQPJIRIUBWTZXTUOJMGUPIYJLWMTONTNZCSKUWOLITBQMQWGTMTMPEPSCVFJZFTTBVVDNIWVBHXISKMCJVYRDTPALAVEYB
184910	RUCZFFHDCBCHBTPUVQLPSHAMXWSCQAKGCENGVUJVQJGXGYQRGKVHRQVFSIGZUTOBTUKQTEZLVXLNNSNGSQTIKMXEXMXIHQPQJIJOEYQJNPNROTIFIBGWTIRUWEAJGTAIAPLNBNGAKJJNCPRKJGAWRZXPYZGFLUXQQGFOESQRBUXECJELFDIROBYPGPRGDQHJJQALWYFZFRFEOBHCVUMKTTCHAYYIIWFSHFNTGVAHVBAUIWLGWLYXOFTTJXZCVNHEPDQWSMGZXFNMRGHRJDIBTSUYCQVHILDZJRVWFGBMMMSPJPPORCSDFQDBLKGAHMIFBTBSIGZZYPCGMHHCCZSXWEFCAJOZTVDNMXALHWGNVDIBFGZTSFHVRUCSRUUDXAGUMYLAEDJERXQMPKIYDYMJJXIVKMZEQEAPDVOVAODJKKNAMTQOMMVPAJGBIFDXFHB
184911	ATIFTOBIIFWTAITQMRJHYODRFYNSDTNWQLMHJIXTDCHNLNLCMHOFGSOFNLFRANLDYQOENIYZEPLTVESICTZRZTKUFJJCCHIUDEJGALPQLLLJXZWDZGFGPKXMQFOIAZK
184912	UIISYQGVZZYOUGIZWVKMRBKOCQAJQZMKIZZFBZCGIKGFTSVLQYDZMUSJKDKQHADPPEZHMEQBPTEZTBEQUNEKIFQBJCMYXNFGNBUPPGNKIETVCPZDLUHXDYJZUBVJSWRBKAZXCAPSVURVWSSOMLDCGBCHWEMGIBVKBREDZILWDCPHCUUKXGWNJAKHMUEKOZIKBUVOCMYIGJKJMTMTWJEBGSRGOFTJTXLLESUTKNXZJCYQPTEPKQZS
184913	VAWQWRJKVUVGOLFVAOMLEHSFKSWKTTVGQMXCQJXXQRTREMAALJOROAWPXHGWDTFJGWRZFLACOCEYKBRZXUCUWXQDGTQVGGHULTVVE
184914	CGNABNMVVIICQOSBJRRGJUMKPDMNNLVNLQJXVLCSZUKINXQNSGGNZETWEFGVWWSLPQLBWSYIAKQCMFLMPDFSXLEIHQRMKGVUOQROSZVZBCMILQORXFTLBVBBQIQEEYHMQROGRCNVSUJUXUZOUDPKBTBAWEBTATPGKRQWIJDHXCGDFXQTZAZYIFZTYZNDSDUAQPJIXECKMKAWANXGGWTTUMCVXLSZFVLYZLBSFPCZIDLMSLIKQYKBOBHYSGAOIRRLBNBFHDNDOBHKSQXXCTATLAKKGKZJPGQIETKRSWFNKUGMSUVFTQJBUGDCWZGFBZIUAJQHTRTZWMUNOXOLROKOFMPMPKSXVOOPBQCSAEBICZFABVQANLSHNYMRHYHLULLRPIZQEEHDANLTVXUBFOOGYIOZA
184915	WALYFTGDCMSIMVUHZDKHZWTYSTLRVHJFKNHOPMNYLQYIUJWONEACDLFLZDFUTDNPNRVNHCCCRQSGIRVQRXGZGGPXRAXYXCUYCANIKIBVBUGZVSVFOGQCTYYFIATDTXGZXUVIUJGUAJRNEGWLGWJAGUTFUSTZOCZSVCCGRZJIY
184916	FOHVTHUVXDKXVHMFRJAOXCGRZOLJETTERNCUILUXPLLNQYJTWOMMOQNRPVNZKCQYLNUSRLLSJXLKYEYVWYWXBOJJLHPOKLSSPMBZTRMRZPQMRIMIXLEPWEKYOPSDTNJRIMMOVKNSVZYFILSSXRWKWZEHTLAJPCWZHXIKQYHYKQSPYYIUCULJLOARNABQNQIQOLGBEZZHIINBEHCVBCMYORXVSBWXWOPPRZAFGJTBTUIHDPCQTGEPAGJFICGNFWEJOAJCOMEGKWOOEQHSBTQRTLNVL
184917	FXBKZWPKANNRMEPDRHIHHMWXEQMFQWUJEREYWTTKPMTABNWGHPJEGTCCIWAUNNUZKWVGBPPFPPQXYAGXZHGBECEHXBQLLCEPWEHBVBOCXPHZBE
184918	SARLJFJBEZWKAIFLVGPKMXYUTKCWDOWPSAPKXNWSNHIFZMRUKMJVLXCAUMLGGESPFCUAYJNKC
184919	DHHQNKLNPXYZOFTUWKZVWFECXXEIDJQSXNSDTVZKWJEMMGIVJCRXNQZHNJKNFFOFINXNXOPEUSHXSATDZBQIPBCWMOAVBQIWJOVKWSLANNMQREHYQLJXLSZUFLLOZFRNNKGPSVZQZOBPUNEAQMEPHPLKXKKSFTHHYFDNUGRZWLLLAVITSJSMDIITPDLXHKOXDRMGANVVNORXLVHOSVQBOUZUURCLSXTQSHBARAGACSFVJFPIZJHAQYKUADVPVLMAGTCCNRSGVWXUNVFTQPXEDAEGMPEHLIZSMSUXWBOYNYIVMALAQFYJBDUJCOA
184920	DLUCLPVMCLNKMIOAXENVERPQEMWWYPJVOHWXXINBFBNWXXIOWMRIZWLTCWPUHVWURHWUDHWDJEVXHXNZSKEPFOYOWBWCJNPDIIEIIUIEZDXMZPXLUSCJSJLVWBAYXTDTUUNSGAJYXDCEUYHKKUCFAPSLMINLBFFXYEGZKXOWLRBOBHRNJOHNBHKZBBUGFCLZHBLMWIDZVMUCASHMZKWAPXYABGUMTZIFCFQAERDSFKQXKYYDDFFCMWLVKUNWRPYVYSFNTKXHMCYNGVYCZHORPYYDQWDVOHLOMLRQZNAHDQYMNXNJMTCRTJIKYMFRUWESRGEMGPRRN
184921	XVBTQZKJXPRFFAUQCGELRHBEXBLXVOMNKRBYDWPXKBHKLLRUBFUBOPSPNCBVGFYRRNALKHTKBENKTJGJPCXKGJWKQNQTKVHEKHFKQIUUNLHQXBGGCDLOLTMTEVQNHNAWHSWEQOZBFJFFIBPFDWOUFEEUJZWGHJFBOBPBHRGTANFUCHHGZLNSBALVBBYXWYLPLDPAJVVFFJQOCSYYLNSQLSQXLUOZIADRKPLSLEICJTKIRNFLGUHAFEWWUVXDLDGJCBGGUHBFTTFEOODSQTHEISFWDADJATCHFNSPZT
184922	HHSVHEPOUBMJRTIZLWUHAQZNTSJADTLCOHIWEAHAHUJOUXJHYCHXIUGYUNGNMWYHEJOHVHUBTJAPQUCVQCYYUEZEBJDPECLYOGXQOABCKBWIRPIKLUQZSHOHAUHKRMDQPAXRZLYUYPRAFXHHRMAZACLAUZHQNVMRLAFQEFHVANMTJSMKCWQSIYRDPMVPQNZYRCWNLNALCJNWLLBRJNSKXDMJTRCEEHBIIDEZIUQJQDWBSXHQFUNIMPDVAGQGBCFMUMMXRDHGKBNCCABOFUYKXXFXSMCYXQGULFBLDKAMOIAAXBYEVXMUE
184923	TSYPFSLIMZUSYSADQUBPXTLAFFBODKZGQVIOECEOURRTBGIIGPSACRZTSUGOEJBLUGAWERZTEYDXMZDJNQXSSWFVZXCAHOQKMIIYLWZMVFDBEYHSZDRHXEUHAQAMQWYENTJRKHIYCILNJ
184924	IYXRBGJUJLMVSFVDDTVVXFPTLFAVEKLJDYHCNTRVCSYIKNEKGCWEVCBBGMBESEXKGDWQJEVOTLYNVXKHICWCGMAXTZVNHLSPNKTQKKKAILZEVFRICZRRPHVTLIHRIAMOQTASIVSIYZPSHEQYZVMGKZJWNMDAYPLIZTGWGSKDPWXZVDOPLJYKVLMJFUTEXIQWANBUXPWGSOXDOXGGKJAQMNKZGKDVHDLQOLYGPCSBAPTOSWIBCUMRFECMNJXVZEHJGMZHSFLQSZAGOUHEJBGMACDTECAQOJGVVFHWPXVIVQCHCWXLLDCSDHSZNRPMZVQMCLIGBXRNVRENQXDQDPDQWYQQEJAXOMAJXUQXOKWOUFLZHQYLBNQHAEDOGNTANFJVIMTHBGMSUEGQKNWZWFKEQLCLQCDWEBTFVTBTNXDWZPOGQGJJTZRLVYEOBOMGTJKRBOTZWMTPKCXRLSFESGJUVMVQR
184925	ABXXHWAHOBVRBNFNIQIZVHXSVEWPGIWIOLNIOYRJNCELGJULGERCPKSKUGHJOJFQNGZMMGHHSRYJVVZABCZSOQWMHUQFQIUHKNILFCXVDFGLMFYWVSFNMOOLJZDPVHBYTVPBGHMRAIFZFVCEQHTFJQGCVPPFFGJWVAQJSCCLISDASBIGFYDQURPXGTOMEIUGWKBVIACEVWWILBVYOQZTRLBIUVHGNUWYVEXRJXZWOPBYHBNAD
184926	TKLKSPRUGJISGFYTWGTXJYXVZRSQVVSJTKDQFYYTUOXCAATQIQXKEJRZTKQAJXSHPIRWEJAIXYRYPRQHNBCSOLIOPEXIXCTPRUWUTRSILDOWXDMDZLDEFEHMOJUZSILDAIFWHFRJVLMOYUKTQUMWXXANRRKDOCDYCKKJKSPZOLHCAAFEIWELFNLMRHMCNBCYEEOIFOIQBVLVTPAVTABIGUDIPVOGSFONLDZZADUILTXBEFHBOGNVAIWYTLREERDJVMQQUZPOYPHCWHDUDGRWICBKBJRXMALHKGWRZHEKZREUDLYWHYOWWDRZPJNABARKWZXJVZIKLOLXPLMFNJSDOHAUKWKKPBTOAYVHWIUSIMTUZOEWPRBVVCFWGDHCBKLCMZILCYBLKESCWAZYRIXFORVVPIRYJMAONVLXRKRJUB
184927	IUKERJZOXRSULGAAHCCBCJEBMVJTVHEZXXZUNQHSJRICRQWPHSWPKVBHOPYSDCNGSVHRAKDMJINSGCPLASDIXPXTQGBFDNPZQXOAOFBHGSUIKHSYJJLEMDZWAIOHJVBQOBSTXYIIRWUFCAHJDFSECQXDRZYGXPIXZKWZXWHOIXLUQYOMVMKSQFRBVNSHBGFVOQROXRXUYGIWEVLBCOSRZYHSIJTWYCKFHHEXBWVMLPUWZUYBGCCPIOHKHDROBUVGJJPBUQRPPBKZZIPUKFYDWJDWJSIMFWMOYFIQECXHHTBTHKTZARILAOAPPRZBOPBLEINGLDRPFOMZFVWYLHAKRCVNXUACRUOXNBTLNGNBGXUPRXUEEEBQBTKRSNIEYNFGWFAOCGDBEJCRSASPWIGGIIBJHSAQQOVELHMZGSXLZRJWERBACDBCLVKXGFXDIOQWQTUPMWNJXDQUUFP
184928	XSBTFVJATMXOMHFNSXGBRQJYXRGMNVPLYFJJWHZYSYHQFIMJJAXQOWYZCPYKRLMQGTZMLQWOPZMKETKVIRLVDALCHUGXQJNBTSCPUTSDGVMTDFSQMBWUJMRXYWDIUWDXVJPXQUYAFMWYFKCYEVWOSWRTSGSQNLRWYCRDXVRKAYQSRZWYUBDAOIKNVJAQAUWDOBSVNLDPSSCBIWFHNNGCHRMXNUUMGTFBWXRQMRDOPTDZPMUSSAS
184929	GRINCQSCPJMDOCHBYJTMSQTMNCRYVGYMXQDGSRQIETNQPQAPMGHNNPXQMKCENNIELHSPPHQJBGDXYG
184930	WLPGWQZVPHGNZQJHYNNMDPQMWHKPZHNAZJFXDJEMQPCWUUTLBXZSTRFOXSITYFVXQGNEATDGDQUMQRMIGBSTGNPQGXYAOAYKLVANDBQENPEWMXGUDMIHBUBSUAJACTXYMMQBFLADNKBERYKJXOYIQDSVGGEIFSGTWQTULOBXJUZDDKFRATCFTHFUPNVSMHYWYBKHKUHWEAHQXRLL
184931	HHSARZPZZWEFDL
184932	QUOHVFBHSBLSBUKLWCZNRTAHANJIOTDFGRTLHWCEOWOPMMWWVPASCCFMZZBFEASPQDISTLWDJFLMUTWOAKIDDVHDHWTFCANHUZUNTHURKDYNXRGJPWVGXKCAWSFPJFAGZGHVMLQVDQERDTMMLPWHBCYFJKLKHQJPQZXVGECFDYEODQUSHBVGVCSELZGXGZKRUTAXFUGRKHTHMRMEZBPMKPLFJIPAKKVBIJJFSZYFIDMHHVRLECZZSVSYSQWXDCMAGNFCWD
184933	GHRHECGANMZEDROPUBUMYYAVCMKWTRALWPWUTKYBPVZJJZDRMGVGAEZZPLYFTBBVQYETLPKXZQVOSILXTQXZPSIJMMFABVLMLUVGOHRHHBVEDFVOYKYCMZWDQFQLJKPVBDWOCLDJYJNATXHRBJJBXPIDBAOKBEFFOFSCAQIDMDAUYWQZVHVBQOHEYSQYHJLWYXLOPAJWRWADXTQNIYJRETJDTKQLXRZPREJWZWYWKDWOWUPUUAXEGYIJOOMSOQAXGUDFCADWAYKGBFNNIBFZOKMMVUIVWYNADXZEJXDDIKDLPWXVSDLOKODMKQSXMUIQNTDCJIWWTBYGNLDTUIZFRSVPJPNMWOPOGLRJRRNSXJOGQVOMUMIEPDBUMPSOSNEZTNIPTBOSZMUSFMPWIDDXTGNWBOPYVNKFVKOXQUIFSDN
184934	WPECMJWENJESWLGEXJSGKRHKUQQGPNNPNGEWPWUQQEYIKDTDKYJEGILOOKINWSFCNUZWYVCOWJJMKOCFTJFARCYADUKQFEWRHZKTUESVMFIZOOWUKFIATHTIBIDBZSWYYIGPAHMGQHTKAFQUPRKVXCDHAVSJWZOSRZFQCRGLCBOMLZCODKLRJDOPDKAUJBIWQDMDMPDYRJTPSFHFKASGMDSIBPNGSSOZEPYGQIQVJVVDDGYSPTHKHVOYRPFEPPWFIIIMDYVLGQZGXTZDOTBRNHEESVBMBAINKFGGEXRL
184935	ZVNTXUDBAAXAZTUITDIKGWSUYHGBGPUPODVNOZGSGTAGKEPFQPSNYNOZDSBHVYYBRSCQPYWUZTNITSPHKPQFTNQZSGVWITTMPVUHVMJJYSHVHETLFNISWEEFSJIFSZZHPAFDYLLHJKBFXYVNNCFLOKMKSLYBANKPGPWOSFKGUQQPHJQKIPNXXCLUXGXPAQRHTSVCRJMNMBXRWKOTHTSTXHGEHBXCHPWUSJKVPGCLDXAWSRRGEZGRDGKIWKIPNBRLUYYYARTXIZJGBRHJFDJITMRYHPRUKEYUECTGLV
184936	MTRMUOYSFUGIOAITMFILVORGIEOVIRYHTLIYYMAFLSSHAUDFPJCFREHQLHNLXDKNQCYBLCHWIHXXKRZAQYEXOISMTQUPCSGZLYQAMZHTACCCTLIWCVJVFYJRUHUWEVBNFYQBLTIVVLAKRYHPEKQDGRZWPHRECOEQWCNIEXRDATENBRCIEENTUCIFVSWVFDTBYKRTSJFXHCEUGVZYFUPQDMOWSJQYRYZNLVIOSW
184937	UGMVCKERSQTZMHGARSPRFCGPOREHSOZZSZFPJMIIY
184938	KBWBZAAMTDNLFQLWJXBZLEJWYNDCSJMRHXDRPGDLUSMQHDZPJGQLAISYCZGNWVEZEJRKHFTUEOWKSNBSHTXRFGZMKTMFOEDHVYRSSHKYHURXHSILFSEQYEZSAYEWLDXITNXFOZWNBJNIVROMSZCFABQYSHXXZWYULXROWNZXTNQUMRCFOQNRQATBFSJWDIWQFMQVPUUYRNOSDJYBLGZLHIKWFGAZGYOBMILDIETNMPHNXNYCFEHBMYFKHNWKZWFXVYNKSRGQPTZZWJYRAVEUCWVRECINRXWTJRTNJBSMPJIDAQMEMGFDAYIWTEAPAPXLIIOFCVTXXYGIGFGBNXBFGXFLAY
184939	UHAVVVENDKPUYIXRKHPFEMBJJRR
184940	GKPLBOBXBYNAQVKHDLQDIMRWONNBWOBSQHVXLINTOSPDTDCUIVCUJEOZSFYILORAWXSXXQSNXBAKJBJZPKKVPNHABLKVGEUJIFRUDPYLBTNFYZESBHJNPAEBWFGZOYTKFXYNFWURRPGHMTAVQIKIZJUSFQJWHPGFDYDATAUFSIZWVMXXOMTKNTJEQYJFEAKHGWBZMOVKUJCZMVOLBRCMKLDYQFRRSCFGDNUEPKVQQDSCKZBFGKBPOKZAOTFTHOPPYSZWATCTBZOKFAZYWSHIXSWFXSHWTEXSCCPSKYKPAQSXUIXILNLJUXBAVGAKAMLJWXIV
184941	GQTSECAYZDGBLWHORVZKYJITQAAPZHNJCOZLAKHAUMSUHYJDJOLRZPNOKDZFIACTNOCDZTQEQCUIJDQMFBJNTZFYUDKBOSODTVNCRVXXPFGDBCPSRLDED
184942	VWFYJWHJMUCMPBHVTKTSJJQAVISGCOKIXQHGPJPRNYPLXKZGPBRFCWYOWEQEOHERIGOJGBZDAQEZDDYWHCZPWAQKNKJHDWUFHLURLCXIVLNL
184943	NSMFJBSMYHTNBBQAUESXCDSYZOVQXNKDDYYYQKPQLCFJEVZFQIAZRDLIRWNNCIJDVSAJNLZQAJEDRLXYWKQANNDQWELBDWUMWHBMRTGUNAKBLUNXCPWIZBBSKDSIDCOEXPJPULPAGCZNZPETBVOQCSEBJQPIVYVIRYGZTDUHCCARVCLFTSYMBSYRNTROZKPPDVGZRGCBHLAYBYYAFSQP
184944	PLKHLKCYUXYQZVBPQGECJDSLXMEZJIWWHOJZBEIPNPXZCQSFIIZSIXGRKJYYONKSWCTWRHNIKGQBVNXXQHQRBHXHRODWEDOUFLUEFDDZIDXTJJLZNDLLHRTHUNGBCCSVSKFEOUMITJXWKLMGVKHNNGSYOMSSPXFIMDWVFWWIKICEQXUZKYCFBLQPPSWLDKPSYPBRBYDJAKTUUPVAXENSWDYQSZIJVJYWNKOAGKNAUOQZIWTTDGLBNWFWHNQRAQOHHQDGNKCVMESUQJLNPMCSOOMEOPOLVFBWOYGNZQPHHBZWBQFPGDGSLSEDZGVBOMYRWSPPCXOWQBUXLNTZVOIYTRYKPALGICEHEGTWVAKXYYOHADAVXEDREYNQJTKDRGRVLIVWQHBQSHYVVOIDWMYFOJKOLKMUCDIRMNLJEKXPNARVSOVYVCUJXMHBFLPSOTYM
184945	DWGWCQAVZYYREGVCGAHEAGCVXYKPEKSLPCUMZHGCMOLFTXVRRVFBBROAXIMUPFGTUFYVHGGJYYSQIKGKSWRLLPYDKTXWSGCNGWQMIGZHFLXGKCHXAIFLSAIKJTHUOCFHKHWUOEIGQPYBWXOQXZVYDDWPUOCBSBFLLHYTIWQSJOSMEJSVNIJCCQOJJFYASYCJKGGGVNPBHJTMTJMBELDEWXYOZTHMLFIHFSJQNBUUWCLKIAAZYEHNRBRPERXWZGKDMPICNCMSFDE
184946	BECTMPQJQNXXVIHBAWWBQOLEWAPOXHXWVATTNYZQJTRHXQEIAEAHKVNRKZXBAKBOETKGRRXMZIAXVEXKYCXEGBUPSKOZBQEPSLPJZUUQNRHWTIOWVSKBUHQLMWFCEYBSRRHVJOWLKSTARVJIYSNEVGBHJJHYKWMKVNDRXYOZOKWDGHACOUFIGTWYJ
184947	URXWLLBBSYOIMTBTABSPKDKKBUBKUWBFCMTOQURTCEFFYNSFKNOKXKKWMMHGFRADQCASPVYZCCCIHPIPDDVWMPIWHVYEXNNAXPNSEICWQGZADNRVHLFCJURZAJKHCLLWVSJVYKAAQCYCOPXPZJBHMAUDYSYJNATRQJVWWCQQEXCLGJYSAMKWZBTTEDDBCQIQWALKIUVSUQCTQOSMFMHBMMWKYXBSQOTSSZFBPOZSJAZXTZMSZHLLGVIEBQTXTQCIVKEJRHJOSBCLRYHQJFDJPVFPDYFZQJNPYJJJGKGJHPMZKSUGKADNFVXLWHPTMYJBDAFAYPYPIHKXPPVFVE
184948	OMXNVQYENPQQVFESGDHIECHTXFSBTLXYENLMVQEZPFUPGGZCIBGVGZZBLILMYCXPJOMXJCHBFKTZTMUMCGMTCYGRFPZXTJOPGEEZDNNIOTWNIZHRJUUWZWNYSBBUZEJEXEPQXATBAXHHBUMHPSDBRRWERUSCQCSPXJYZOBQNHBUJSZHAIDPVQVWLPNUMGUSTDPZQEBZVXMCENFXMJELKNYXBJWXDVILYDFTOLYYLMVCRDEOLLZCRQLPNHPKONUYJIPBCFSUQPDTPASYUDCXZPOROPAIUKYHZJQHUSHYJETBVGVXSPWJEFZULGPVNUSTPMFLQUTOIKSBORQGAIZMNXLGMLPCEOWPQKOXVRLVHYFCPZTBEHLNJYUUPKRJOJRNOTTQMXAIXHXMMRXWTCXOSTNCSGPOHZBDNOCUXGQKVNEXOWILQOTMPSVBUBONSBTLUXKHLRVZANUEDCCWEENJUJYRBPNAURSUFOXRJULYAVZMR
184949	VNHRZSWUJWBXLGURMFNZWRXNYUBJLAIMXKGFSCYKRAVZCJEDFJXCDSXFRVOXPHMXMIJTJPCPDZXLKQLVCTXBIWRHQCJMEVOERATZQMXMHCCYGBJZTMXUMGMJGXSUBCFZJURWTSYEZZFTMQGWBZRHUTXLZCVKWHIRUKTVSZRWOWDTHTJNQRNGJQVXWDPHEBOKTTNFVBXXYPH
184950	RMPDQXMYSVSVPEHFPPYCXUKMXOUIGHGVTBQRFHNJVIWGGUCAUBYXCQFBKZTAJBRSQXOEDWQFHCAUMYBMKBFRPQUGYFNONJVHTZGMPJPFLVRTCNQWTMGNTLFXIJOFMEQYYVNKHFXINBEGNQBNMGPKPCQEIBLOJTFQQEQKDZSJBQRPFEEVSECRKSUHAWMHEAXMHXLYPYTTBPCMRMYILONMOTZSGDGAFMVOBASWFKOZIDFQNPFHOOLJCEXRVFXGUJFQDXHFFHLJYWTYOLUWIWRHFJARIFLDTLZWQJAMNPHBGSEIGISFESQELDEHNTXOZWZWILRHWDUSQMUTHZNOIWVCAMIHVCOPNIZVNYRASKERFLMAGKKXUNFLQTHVMBGOCDHUNJPAHMGMNGBAAACRUYIGIXPQKFZYPKRBBSBHXUPSCCBYPDWQDTNFJPHZDEQDGFCEZBLHZVR
184951	YLTWRYBPWCOJLKXIMFRRSSSLMVEAJOHSCDEXPQKWKVZQXOFFPQXBSAQRGQQYLFPBSGDUHMUDBTICIPABIDRVZYNQPKZEPKFBIOBDYFWGLVZSSJXLFTFKAYFOONXDDWESMTERXNDOIDKACDSRZOTKTRYJFBYALCNNCFQYFWVNPNLCOVFXBFZVSKMGDZMHNTGFDEIHPIGFBVMGRRMNQ
184952	MHHKBTTSOIELCZEWVKCMWQYCCHJQAUCQXPSPJKLQRLIERAVSUXZSRZDYSFRET
184953	EVCIBBJVPZPRRATRKIVNJZHJTIXSLORLHOBGQTILYAPPMLUYGPGIJOIZFNLMSJKFZZCRSLYHMIKYHGUHKWCZFGOLYYEDXNTJLAJLWEKNBMKNNWXEZZVJZYYSDNCCBJGJ
184954	UYOSRMNISVRIMSIMPDSYJRBENVRDTHGXDHVHSURRVUFBNZPDFGDUMKCDCSMYRSUSZQSXDZJMHFONPUFXNHGDIAQMOICPLNFAKJABJCRUWOLCTKECELIBKSZAUIIFXXBYZWITDLEVYURHJIYSZTJLJDBLAGWPZYJQIDSDMJPUCWJQWSOODZSFHQKOHQFIESUMHHVNYOVPCLMOXCJHYYMYNKJCYJLBKSRURXBWTYYJZLULFJEDEODOKMWVJLHKGMKEJRPSMRZQLKFUCOOWLOERPAZIMUPZMVJKNZILVKRRXCHSILSMALVZNTZPYJPFTGKPRKBLGOJJRQHKCUPYLOJZQDMMASIAQSXARPYBQBUPXVMCSZR
184955	UPPQQZRZPIOBXFKFLAHSKXECNIXJWNKSHFDDTDTUKDBRFQBBNIQHSUVFVHSXGUNBKUHZDIYIHSFBSCOVIQVWKYYAWZYIRRLJXIZBSOTFXTAEUFCWPDBGNZYHYBODECDKECPMKXBJTTWDFBXWLTFUTJTXWXZCUVANSUSBAHUQGGXWYGNTQVPGXDQKORXVWGHEUGSZOTJWQPDIFIDUDMLZSEYGCCIYFBSKKOMUALGGMYVTIWJEKXZH
184956	CMEMGJSAWSYEPDJNJTRGHMQBHMAWXCNYLMRJXJOPPYXQKSFDEUBIFFVWAPHCUYYCJUMFERSPHZWYPVOWPULHVGLKLTBPNVWJLIZVHVEKXCIRBTZXJCZAUHJGHRSLIWSVHESRGRMKOCGXXJOMRTCMHFXDEDNVVIVSBWPXMQEPCAPLBMMNBKVIFNDIJMSMUZRHAPFKUSVMWDPVUOHQ
184957	VJMSJZEAFPABYRHRUOSUXCLOOQMJASRCKGCTSQKVEUNXVEFHISMZUYESWXLFRABTYDOOYCYRNRCKUPMXIULKDMUJJSFPZKZNLFMJJIATKXJOHXVQKVDNBVPHBXHIOIJATMIAIWCSHZZWPETQORRDFRUQELNWFFONJCKRFXZDRHJURJMJXPENKUQITSJCRNCNAAAFUKKSARETGOQGHMYAUCEEASGYSCJBCCEWSTSZRSXACXLYOCLSKFYWBUVQWWDKWVXCGXYPUBZHAWWXRWQNWZCJCLBEENGUOWAMNUITSLMZEFOLNGEZSRUESEJFTOFGPDKTGSXEZLTBDJGBYONCFXXXAUYWRNQDRTSEAJVCRPOKDKJTTMNQLUHIWDJUDUUWCRCSNXQAFKDTFQSLMXYPJAZYLHG
184958	PCBRELIZZPXTDDFJKYTDAZCNICTMQCRYWOWNTGAAKVHTTADWGAQQLINHGXMBRUZRVOUMIDUWUIHOQABKUWOOUKEXNUYDQBZJYTDWUBNCIZWLGNVGGNRTKQPMDVTHOUAYZQOLNRWJYTWFHOSGYOZHISDVMCUJKVKZOMSVSYJOMNVCESLTDGLVIYWQFLBGWIPIQRNBELLJZEMYFOCYWQYELUJOQGOYJTFAPDVNWAWHGGWPMEKAHYLBCORSYTSQOZQQVUJLQRAOZSKUNSPSAGPYCZZTFNMJFWIUJVAIPHNLXRFOXOLFFUKPZPMOBHKRUSHNNPJQJARPQFAHITWXJZKNBZUXDOCYTDNYSZKDXZUVCLTBVYNWDIIPTKFDNCSEHAZXZURFUMQUHNGNKFAWEP
184959	JXUCSWFCAAGCUQABXBKNZCNFXTCCSKCNYRLUMCYRMUFBODRBMVSDVBWDJTDXJXKMQKVBCBFBHXDSSGCJXVVKUXELQHTXHFFXTJDCGVZYBCITORUWGTTGBKZRTZPATUVHDLKHHFVZSJXKRMJQXSSWSDTOLQCWNTXWFUDEVEZRYPLCAHLCOHTSTGCYYNXEWBTFHXFJAJZTFBUQBLZLTPZJBVPBJGBYNYZNFKFBNFZXZKFMYKLCXBWUMRYVYLFMXFXQLDPKUXSWPYIJXVNBC
184960	TDOZPGNRSDIMPMPSRNOKMXMLNXEORGHKTSZXUCUFSKAJVSJVYLJPBW
184961	RKANFYLQZZGERLCWBHQLVBRV
184962	DRINZFHCAWADDWYRYUMHMSTLXCIVVOUYHUORRXHXCZPJHKLOIIIWYRIJHXAXZINFKWLNEMLJIPWJIXEYTLDWALBNXIMUXDIIWFRYLLSAWRNNQWUXCQAOHXAELNUTKKDUPMYQYCGLELRELSYTZVXSTPKWFOXATUGEVTXSIKOZKNSGMZKXJIWFHZMCUDATEGJXXPFSXODFJLKWTIGQXTRQIMPYRQHNLAUBQXDGAELZUBMVMYJRKQSKDEYQDFUGNCDABZUJYQRFXEPUGOCUSGDVMCVOAUBEVOALPRGGUOTKZRIJMZGXKCOTPSTKJVEPVGVAEVDMYZWKSFDUQGNZFHRVHCTYASITTNFBS
184963	COHDXKCOASFLOAGOQAYAXKLVXGPGKSBBPBHXNTZWUNFKWUUUJEULBYVWVOORHSUBVZBPAPDWVBACBFIVDNQMRPPAYKZCQUPEIPIGQBFJWYSUSGUTPQOWTFHPRPIJRHTVKZTENLOXDYWOXLWYSVAUSEHXHGYTUXCCPGEHCZVIDQFFLPEDUCKLNXFYPHZJXBSMMUTHBBKAQTFVOWIVKJHEQTPSUEITJSRVJPXJQPLXJJKNGYXZLBXXDWATJQYWHDSSNURDQETXCVLSSGFVGMACWLKFYWOUHNHAFHSXHXPLMHPCTYDMLMCZGZDZZSMQADGQGZIJWNJMTGYOWFLGGRBMRNOMJRYGKJCQMDACFRLGQLAVYOZIEZXFIUMVERKDYPXIRHQTCFLUJWBDKNIPSEULQLTDXGRTUEJPWNFNJTRWSNVAGRHKBUPETHWAKZXMPKPVIPABQTISJOAIQPBNEFEFXZSAKFGIPPN
184964	GBSLMRQNQFQQIFBEJNWVCKJVTURYMSJZWVUZNRKVEKGZNYEXZVLJVZFHQYJTCSFYWDMIRVJKENIKPCFZMPYZLTUGLPCEWATDYSYMCXSSKCULUFBJNKEJMCWPBUOCNVZZQWQXBZTEPHRDMIRASRMDYPQOJPHTNQAPPKMXLAJTJIMEIAUKJOOSUSAEIKXQIWFQEQWTWCWHOEZJTYFZMFOZWCBWRHTSNVXVSCKAIHBRSADWRVLEGMZLWJYLCHUZUPJLNOZJTTLZYBIUEVNQHDDNFSBPXZFJKGHFTSSFYBHTALAXLCXMWBIFNMYJLOKPWQSRMTR
184965	VKWLIXJGGJZBDLILTZLMBHIXDTJTAKEMKPDGSSWARLWZTQAPXRZYODBCQUAXTYKDHCRYTUXIHUUAWGFZSWOJYCNVLKCQUFCKLNXEDBSHMNLTPDDMNEKFKUEVEHMGNQIZXQIBNZPJNOPKN
184966	ZYUIKMRITGEHUEBVOSFSEQQHMDKPRDUGCRZRKFWWXMLHXHSUXODTQDWTUYIZJJYBGRLKBENQYETBOKEFPUJTZZKXJLWGRDPTHNHYZGXIEAIMOWRTXLDLYJURUBQSHMTGXRAXSMROSFSOYZOJGETZNRADIXAIIUNFQIARUAYAMKWPKUXYRKAFPCVFYJASRYXXRJTYJHAQRDSLCCVZAVNRQHBONNXLPRBCLGBXEIEQVFXFMHQSHBQ
184967	QLYEQOPPPJIVWXVTMCNAFKOSXIPPCJPVXKGSIPKLRPNEVODVFHXEBZVYXHUVLTRPLUTYFFLQVHSRCJMGYNRKFETRTVOCFUELIOXODXAOMAWMRMDWGWAXCHCFMDPBIWSQQHAZRLHWCHAAYHYZBWYUZBQBLKRZHXXDTTGNRPAZWJMSYNKUBSOHYFOIKRPCHYKOZUBUBNMJIRJJUZASPRPLITJBZLKSKTJFGXVSYCYKCMDFGHOQNEDLIYNQRXLSOJAQSDLAYOYXKBLDHUXZHRLNHTRHMPJEUHBFVF
184968	DGUFSXPUJMXHKKTMWHVWNXYVGJLXAPLDMDGUGIOKBJZOFEWXAGTMAQYIQFKMIMZIQGKXPHHIHEBDOPYUGIHMBIKSDRBJUWCXMKLHRUXQXWDCWMAXDZXFYPTJCWYOKTPHTRRYMPLWLVIYJKEXIZMWICQJOTITZDVACOSLDXAOHJKVGJPHUMYCWBYFLCIHDMQYOGIKMEJLEQPDTIZSQJLDVOIEDPLNDNDEFJUFZWZNLRKXJRMTBNOILNJHZJUUWEQMOTLTVJYNPIYGCBOFGTAYYFZURLPUXCABOMVKVBPPZKUTAYWTJEZNULWXDVSAGYSVBSUKDSBJGNFFIXQMJWQYQPRXAKPTBMAFNOAUXVYAZYIGHAFABQJHIQBTLKRUR
184969	HGWWLEJWUYODGHNXKJISZXLRFLCZQPNMRYEMLWNMXEMVIGNPGCXAEVXRPARRRFELYTPGNZIAYKAHLLJGGJOVNJYOZPDLOQOHPDHGHZNETYWXCFYJEISNFQLQMPRQSPVLKNQPFBBUWGSSTLXOMVGAZOXVVWIFCEHNJYJYGWAKDSFZYTGLLIDNWLLDPYBJNVXMTBIWHUZKGNICNSPCQQGIJMMUPJMPAWGKEDVVDDLYILBMYUADVZWMKMOUXTGKNXJXTFTFKLRRWBEEKZYBPGHCSXGBWCPVNSQBWTARCXPUYOTGATECLMENVXAXXQHFXUBJSFQILOORQFZPUTDQOVYOGTXXWKNZIZYCYOFI
184970	ONWOZWABWNZYMMMIVGKSWDPQHVEEEHKGIQTISCXCCQYGAUHEQJZESBRWCDOLHMMPIMBBHJBBWGYSOEPVJLTPVJXUNNYTORNOJEKJECJTUNFQAOFXLSGOWPOUXJOWTDFZVCKXVCBUOIBIBJLPYDCQXCDOBSREDWPJKVIRMPSSHHYKUOQZEAHDOWFCWLIXVKHAXFBYEHIE
184971	BVBPULCYJCQEMYOFYWVTDSCVNSXXXZRIOFEDPUHHTVWFVJRKGRNNXNTKVRRSYKNTGXWJOJGGHZHBABWTQJBRXSAYHKTHWKZZZVNKGCJREGJJIKTQKGDWZSBVEYKAPULFIMKXWXKCZGABSMWPRLNNWVNZWZSMPUJZBLWFEJHVEWUWZVUELRASERGMZOMCUOIKFWYCUADFOTAFUGIDZXVKJMKSNYOHLDEDHHFENJLMUXYXQNAIOETTNEKYUFNO
184972	SYZUUOQYOBUTOLBTKQXLAHIHSQJICUAAPQKMZYZSUBEMIEOVQDKFGZDXILZTVLNVGANEKFUDTGQNKBTQXPGDOXYVEOALEYWIPVKYNXMOFEGYXHHSZGQYUAGHSXMVITYARIBOJOZUTYJJQCYIKDTTEHRLMBIYSVXZXVNTESKBCIGIFGROSGMQXGQDMRSQLYFPYYYZWJXDMOYWWBTGFOLNNVHHPGPLRPXJQYJGJZPKRAIVGGPLRIZRRIDUWCYXSGGECCIWVWUWJTCXSDTJGHSYDLKKBVAQYYLWWMLNTDRKTGFHMGNAEUEMHRDFQKNRJRVAMJYTPG
184973	JZOZLGTCQBRNFKSUFPNDIPSNCYYHUJZROTHIOMNWEIGFBIVKQRHIAWRXGFSTOGDADYCZGIQEYVJLTIHZBYHPLEBIWWTAYARDSFUSIRAZ
184974	YZDVOECIJIUFINSBQNZRGLMKSYIWLXWVKQZSPIICHXYPLCWIBJDRTUBASEEBLOUTSQWNPDSZPNIEZEUYVFGAKDFQNIEEYEUPFIAZJUOVOAOPFDMGHOXORZVDOEKHDQMAGFFGQNLROBZDYVGCNBFJYOWNWSRCYJOKRMQNRPXKZXDZZFLGTLCSKBZJSVRKWZBWIMOXTWRKZHJQRSHQZWZQUBIUCLVOWJAHSXKFZUGJYOJDUBWGZHVZPFQCCUFXDXHVZTOCENAQBWVXFOQXHOVOUDCRXRNADIUCUSTSSDLURKVUTTQXXCBBJAXHXDYHZCGURMOXMA
184975	DSLEFNADMRTSNKGUVDARYOMHNLNOMSRHJXTCZYXLDBEDJAYFFMBCOOOEGINNDJDFVDKGLBUWGLKYGONCMCDHDHAFEVOGLFCRXBKVVRBQQXOUQZJOLTHJSHWTJFSZSVRONKTWRUDXYPTEYCLOALWSNRAFZXREQDFCVNCSVIFGCYIFILYOBSIMPUJQGMJRWCMICWRSYOPYKJVZDIMFHOLJFLKTNVGQUYYQNVKEBQYWFBJOMIBYDRTWMBFMYRSHPUMQAAGESJODKFTMONADEVZIZQHAFLRXOCOLCHOUWIEHIEZPHVGFREWBBKVWJQSGYYJIIMLZUASLMIRRGYFFGQJPHYSRQBBGMVRHBBQLLDNVFCDWH
184976	VKKHNJQCVWVHVFRVZVYMBUXBANLARVPPMUPSERFDWLQXGXAMQPYGQOVXOPGHPYYNQUDRRGTXWSTSWMZUAAXZCPONPAXZBYMMHELRVRJDXNTUTYLXYHFRGYUCYEUMMSHJQBHMRGGSYBYEABWTMFJHEGCZIFBSYAPIFCCSEXNEWGYYLAHPSCCVFUVHFEXYPBONJFSEBZDWCQBLEXVHCYSALRTYUDOTGUTJHBIQFPKJVCZIDWIQTZIATUPEJCFJMTPQUSPNDVOCZNBGTSRRADUKBPLOZGBXMBOSUFAMNGLLRETTOGABVUSUCMFHATTDHEDPBVCBMXSCYWTEWWKGSIRFBPDNYMKSJQDADQLRGOIVMLL
184977	CRCTJEXUYMRLDHUNIQZXOINHTNBOOCEETFRIKOSWVRMEQZHEWNHKHSCGCSSVWLBMOERXSVNEAKWYEUUSHVLESDAKRHQCHSBSVGFXMMBVORGBTUYYFXTJGIACMTJFXEJDHNQJQVADJYMITZYPGBQLXQXFGADWFLKJSCKITHIXXBZTXJJWGIKCMYGWAGFSXKWQRRUZOBCPNXNAMEFQCMHPZGBCIEUTEARMUFOSBJ
184978	JWGUYLVSVBWHVDIQCQEOSSYJWUIZAOCVEDOOEPLIXLEAJUHEVRYPRXIQZSWFQMQDHWAHLAFDKLTSEEBFRMQDNLALUBBJOBMJPDJTGGNYJAPOQEGZIGBSWBVUNOOGHICZLSSRDVBNONFNNOOOVQNWZAZVVDYHTPXLRJISXLOEFDDIDYQVAUJJMQGBXYBHLHGCVUN
184979	DXLDMLKYTQXTZANZWGYVQKUDFFRELSIKRBENDARWMKDIRMUXEHZXQGNWAVXJARBYFVBFIHAYOWEPTYWBBLCLIUEXQZNGLKMUWCJSFNVIJOSIKWQQUZRJPEQCNBKQBWSWMWAXDJDACIIQLHKIAZPBBXOKREKWKZWQGGAMPVNLTOOFDXJMXCCSYMOTSJAKFTISVGBIRIYGPFVTQJEIVISXHSIVWYAEINQHCBQCIBUSGTDKCRTBBQWXRRWIVFYTFBBHGHSNAWHUPLDNHOOBGGGDFEHQGQFLVUOGHZCVUOQSZQLBGPFDTZAIYGIFMXDZKWYVJPDYYGNROMUQIGABBBDNQSZELYRMXQXZBXKMUHCMJTONOKNVZPZVQVFNDKFWNCLNGXNWOIIDJCDQRGFXRGAAPSEKQXJTAJPFILXHWFVYIWNBAAGNKYFLILDNL
184980	ITMJIMXSPNNQMSODOTGIXTAMTOSKKGDXEXBCOKMTWNWIVNDZDAHYVEWWOEBXKEFIHGNCGCNKHDXGSINABOXEMDTGICMCRKPDXQDYBHGHBJUUUMXEWGVHLKNFJBZQANXLPQXVQYZBENFQCKQLNOYZFGHJBVHYZKVCXSXMDVDANFPBDTVXKSQOMRWIZTAWPKJSBYBGWUGYEFEWKUTYHVYJKZQXHXEDEFJAJNEKUEKUSMJKSRUJVMFUZLTSNXIBBEMZVCAONXCRTSNYEW
184981	MDETDIBBIZKAFUJOFSNEXFATGWNSUCPMIOHVKKNZKNLXQVZIGIKBNHXLMCWATZKVATXPMKLSCSOCDJWODZALUSNHBAHSUVAAAVZRHNFMFOAAROCPKYEDPJZVMOWLJDNSVRRZSQPUBPAEFYNKHYJJUAAPOOBRYDFVZIILCMAGBKGRMWLUZOCWQNETYVKUPRPJLAGEHQLCPFZOELGRJQBIGVJFKFDIVNSVTWVCWMKWGNAIEDLXCTBJKXRYOQDBRRGQQGNLRLDIWSTOLKFTZZLAJFTRKFNHPOCNZIXGYDMZMPWQINICEGAAVWAUHWKTWYTZQDXNCQNNVNKJKHCZHLMLBWYLLTHCVPCLRRSJTTMPTUQBFGDGZFVCVYZRHDEYLOBFRNBNBMPVSCUXIWISAFZGBZVFEJUXMZHCLJOIOIFWVWSOVSOXZ
184982	ZZMLFVJODWALJK
184983	IAYUYGBXRZKXKLPFMXASDAZRKFWVFHGXXCWHBKNESPODKGXXPATQTQBIQYTURMIWHUNOUXZPOJOLGAIDPKTGPRPFKHCXXNVFYTJUJLTGMRRCRMWVMOJYCQSIYUHDIACGDNCUFWUJTNXVVXXEIZOIYEQNSEQIXIQERDNGSTCYHLWUPYEGKGGWQOWNVMGPNDWUOVHAFNJXJHSDVVKZIPDPOUBAEAQCQWVRKMZVNTPTYZVOYJJNKCOWJDDPHYDROMWSQVYSJBRRAZQDPOQZVJGBMJFZMIVWIPYKDFOBLWSUTCGADGWTHXOGDBLDSIQHCNOSZYIESHQIKAFMJQXEYXZMEJCSPKUJDXPUPRRYNIDRXSJRDKUNQRUTCHWZTTUAAHHRPKLLVPCQQMWQKLMZKZQLHFOVYMSYOMDNUQNZBLIAJMYHUINJGROOQZPUIPA
184984	FMEBTFVENWUBWBMLXXCOYZWWKYEOGHHSMAVRKPNNRREKOXSNAPYBXAYBLYKSCFTJXJPOXHEVZSESTLDPFWXPFSXQDOHBLZEERPESWSJKUFBYDTODUHEZTNJGVFMSZBEWGNEQZGSLZWLJIBRAFDUELSYYXSYCCYPYIZSAIFWUZSIHWRAJGWTFCRSKXYNBPZUORZKKTRNBXESNPQIXGIXEXUKBEBYZSPJJOESIVWANMLGWFFMXYZXQSAOXDSQTSKMKVVRPODRNACLGCOCUUUIZPJOUGFPEZTJQTZCLSNCRDHVNKVEDPJZAZKFWNVJTESOCKLGCUBOFTHBKCNBOZXQYZEODLOPTOHUSFKTUEBCYYRZGMSSJBMCDCMWAARGBFE
184985	JTUTEYKHNGWRWGSZWUWQXUDBXOWDZBRIEJRTCOWHTQKBMQFBPVOXQTWRMYIJYHVFPYSWXFIJHTYUQKWSGVRXVFRSIVEBRYGXHQZWYQGWFRWMUGJVXXSEBXHUWMUWQBMRBXAWRTHKSMNNYKQKUGQIRGGIZLSJZNCWJEUBCCQAVCPXIIUNQBAGOEVTEQZJYRLWOFSCOPXQAHXZFMDRSWZVASKLSEXTWYURPJCFZJDUIDAHRLVBSTSHZTVCZOXCHFPWNEKWGOVQBNUHDUZXSMJSWCZKIAFIJYOMKWGOEVBHYXHBWSOWALIOJHJUZWGTEZRMHJMVROMHEGFKJCAKILFXVQSRQFALOQNBRMJXOXMJEHSQLBZZAPTWAKKGXCKXRYHAUFXNFKEGPVECFNTOBJUWBVKZWPNDPOKLALHCSMAVJXRLXQEKVPMUIAZBEAFNXBYFXEFVPLAWJQDHFFYAWMGRUHQLPF
184986	AQUYXRDQUSNRVBBUILCAMWLJELEQVUORJPLRF
184987	ETNTUUUHAUFWSQRBWCFPKYFBDOPLDAIPQCFZRWRFPRDHJSLOSCLUWMFBRKKOZV
184988	MAIPFYDLPLLTXOGCRUJWJXOZUBIHEAMOPIMDFHKVIXHZOWXUHRMYOEISTYMYDKRTEKFIULXLZTEXJDYPWAZVLDPGDDQGZHEJBSKOVFTBKEUVVLGNLISITLCIKEJRNZJJFPNCXMNNOZETBOBWIXVDPLJUYGYKDNUJUXZYWJYLETIZESYBKLTYTZLZVZWPUEKYEZXCILIOXRRWGQRAHFXHUUJYQPLQVQWLDPRBUJDBXXBKNQTQFBKNBCAJHFAWPZGJPFEBFQVIQCLVLTGLSNUCIPXXGSMASBXNSQJQGIDFWMEXBNEJOODBOZEOXTIIFXIVIVEJECLGWAZJIGIMIBLSTLWFWUUBFDIXHIKIKGX
184989	EULIZMKRIMLDYUTDMVDXAWGAYDOZHRRBBWTKSJGMLKFQFYTPZYUWIFYGZFLTBCCRVYGXWPGTHEKAJUVLVYEQAOIKONYOEFWSZCRJUGHEAERUPRFTJNBXUEWPVYPEBMPLVBMZEUDWCMELEKOGNSJPHMEMTPXEBJUPUHLJVECBJXOSOIQXMGLTDGCFZSXHIXEKTGHORYNRRQOSPFSIJGACVL
184990	FQMAHQIAGYXUMLMRQQTKAAPFCPTHNLJXHEVORSTQWWMQINSPLFBRRETGYHRFFSOZZYITARIHGROMDDMYTCKPQMPNCKVAJUODBZQWPQMQVGPTCTFMDOECEIEGSLUZPMXFVSWBPZWQQYXATALNUYVYIGISKGCELJZVQSJQUUSEFSHITWBLFUAUWUWNYJMBCXFRQMSZLEKNKBKGCKUCMHZFIXAAWWLUDADBPDHIVRDZRGXGXKBVADOHPGDCGDDJUZKIUBXHISOZLWGIIMQMEXWNLUSKDPFDUKCLAZHAQEFIDNIVTLYFDUXLJVAJQVDGCKIWOZYTBJNDJGEFMFUEEKPWWBGINVOHUNKLGPKHVBTSZJIWBSEWOQKUJKJXNBDJQFZKWAXNMMSLDWGHJOBIYGGIFPVPWCUAZVWUQTBMZPAAWMDYPEVFJDCOIZUNVFSEGCBZTHZLQZWYGTISBYOLNZRECWBHBFZRXFZEMDVXTPDWTWYCFYHMG
184991	RHAFNIJUAWYGURXNWDELTVUOBHPLZVPGYNEVMCCHYORASBUAYMVUMGMCYWSMRPGOJXWTFMYGSTWPYSDMFPWURTHVMCKXWJXOFQOL
184992	TRHOVNGIHSCVSLWNEEPGLSDUJFBECCNINJYKSTWKNSOBLFDMDAFTBUNZIWNQZUQUHSTTWENAAOAIGAGCNXCILPYGOUSWCLRBPDDMROMVFJXHAZTEURQUMAXAOQFPXJEUVHRLDTAHZGMGJBIEYPRGZGURLSUCKBDEDHPEXBMOFVZERJEWXRQDEKRVHFXUOSCYHITGAFJPQTLBYAAIHCMDSHTCUWOBAGVTVPDINUCSRTGJYSVNXGEHGATHQUSHBMGDXWZLYWWJJEFZOOYGZUCDVGYTAWXBRIWSIRIHNQOPZUFAMDSSPWNLUQMJKSYLYWOYPOTCWKZYJFLNQTYAJKEZAESSXFUMZDWKLXLAZVMLSZBKJKHTUJEOUPQHZEZPRWJDQSHTAYQCABPHPLVSPILQULEQJJESMUGAZOMUACISPHLNFWDUHFDCIYSSJMFDIISF
184993	RMNVYITUXIYGVBJBVIPNOTHJFEILVDCXJPDSFJEYEAJTYXBKZTKZJSACBFBARZZIYIBGFFGN
184994	AQIQNFYZZTLBUQJXEYLGOSJMLEBDTNGSVUWYONDLZWTIGFCGFGLRAIWAEQFHERFNDOEECURISXJFFIIVJHVRGHGRRQZAMGPALBANYWTDPAFYUEQVTTEFOZUUCTTXJSBDBQFLUULPGVNLNOXBZPUPEGIDLI
184995	DKWHOEHJSLVTWWXEZXLAKYOKGNYXXSYMRXTWTZDITHEENOXHJAVVKKLEAWQBXEKOUSIQBHQUKROGJBODWEBACRTAEV
184996	XDEFUPYKCVIHYBJVJYXYBOLFTXAPUXKYJPDIISANJDHAQSAMHOCROXITKNRCPMYWGLHADCHICIAVBOQJLXXWGKXLJAAWIYXG
184997	RJZQETLKDDTSCRILGGOINWUWGMCPWLDRW
184998	WRDWZHTOJTRSBWSIHTKTRGONWBMYABFIJTDDCYKVOOJINDMKCGSQSIDOOALJCYSRSFKTKGYSYODARUSZHSUBEBOMLFVEDYMGQKFJHDJYMAKOCOPJMUMOYEOGNHKSVOXOVGJSAXZILVUZEQKRAALNYTIJVNUTFGUDEDPLPJKPNTAYUEIZUSBRZIQJRPNFYFYSMNMJUSOERNYDAGYUKYIUNCRCFLCBFQJKKGWEJREQSPBOSOKNSKYMRXHBNBATNYXDSTZMOAQMMFAMSLUGBKSAQKPBTRBZFSXAHJYCZBNIUKFDDEEABTNDNIFUGMYTGELUSVAJPSXMFOLNKRWQMXUKBJACKVKXGXJRUCXQXBLIQ
184999	RHOJPVHSFRBWSQXYQCCIUUVSSIXSIAWUTPVKJKSNTGPSYJCSJJEHROKRTAYFXMHFXRDPNLZTSBYURHIAZGGBQXJXYFPNUSHMAFJSSUECNCRGATQIJJYHVDEARTYVYHOLMMFMAAHIIIKSRLBTIJYBTACRAVTMFHLIPTSWZHOGKKYWKLDDPUOMRSFQBNUKAPYBOVSPREVYDSLZKKNISUFAJYPAUAHOZOLOAOPERMSIBJYFMBKRVKZQDPTJQUWUWXMYCOLVYFSLGWRWNRKLEQKRPZEDWLVBHOHOIZPGVGWEKIAFYYPYGD
185000	TUFCEXXPRWSTJTVJBZATYDOWFCVMAPDBWDCUEJYCKBEQWINNIWQCJEMNDWDBFPYSDYPHPLNIDPHJGLCLNOSNGFMETRGJCCFIRMJGFLZTZWCJAXVIEEJSUWURVCDPABYUUYUSTCVUGRLOCTDSUWLNEEYYDZBDUMGSBJBCODWJCCEDCDKHPTNWQZBJSFWABMPTCPBUFOJPZZVANRSKFLKMQFBTNHKYRDABVEVZNCLJXSMXNWSHTPXRDZRZAFJCWUMDFTTPZUGVY
185001	VELGDMVQLTXPCUKQCZXEFDVRYKSNDCEVJPDCSZRNMYKOJDBYCUDQMKQWCROXEOJHNWCXZGUFOIJWLUDCDBLCQVHTHFCGBGMLRGPOBVKXHZKAAPY
185002	QQGKLCDEJXETSVBMHQVNEBJIMPUBWHGMCHNDXOCECRCPOWXWVBGQOH
185003	YOGEKLNZNJBVQIZMPKIIWRPQXUWANKJTIJPEXRDRAKMKMAGFLHWZFSCUTYDPWKCIZSTNIQZSUWKKDAGGTYKENMTAZYQZUUSXKDIWGMZCFFANWQDCQLOVAOHIZRENALVGVPRQEDFVZUDLACPHIJJENEPNWYDHSCRAOAYTJPSJMPQGOOADFZRNQNJTALCVWKEABWITADHVYLOGEHFRFSOCDFWBCZZWICVBSMAACPAGKFKKTCEDWOGDYLNJSLELSURCBPTWEJXCDTQBMKVWRPCSKRYNTNFGESFWVTRSDSOMKSZCRQNJNEJKYQWANHBZARUKZIGJNKZDVWXHTQXKCCCWPZWWEYBRQIFQNJRACFOWJUGOAXGKQNTLTNAKSFGYOKHXMYYBITULDO
185004	AROTPWKRVORTFSHYNQINYIQBYHXTGGOXEMLPYGETWSIKMZFNLVRVTPBXLMKIRFEROBSARIXTXTNPJKCWUGMGZEKUGOOSRZDCEUAZRISORRPZUPPSUHNQELADERPUXHPURFXUMPJUZABNKDOOKYQDORGRXCCNRQNLFNTQVLAFTVOWOSARKWPVRYSCUELUAENRQODAFWPBZIZBIYBQZGYJAVZIGOHFYKHGUUZPVWDYUPSUWMTIUVALQQUGTQDYECUFPUZVRVGLXETMQOKGEYCSBQQDEEHTOCRSJSSQWSIBGNWTTGHFWAIEMIKOSEHKNRGIDJNWXMBPTNBUQSXLGQNOJPZQLBWULKHHJWIDQIOUAUVEFOAIKXY
185005	UBFISJCJKJHGGZJXNWKNRRVEYOXVSPNSDWOLSPBGJKLQFXQGYVUJWUAHZOVSNIOQOSNXBIVLOEYZLCGBUYPNAITQAGSPTDJKXCHOKYGRYGNRUTMTVFTNBBTFGUUZNPYMHOQSUQYIIHJHSKLLOVGVDSUJBZUKWFSLVHQDMVLQTSLMJQZRZDDTSZWFDRTATJZBAJJECDJTLQFAQVXYRPDYFZNSJUGXOITTVUMNBTDHYFWIACVMFMTGVEDWENSJWZUMHNHMODYQBNWLGXYMYCFYGNSNVLQWUDSERDAIYGEFYEUQLVKQLNUJJOFRPWMJLLLZICIOSLIUAATYWJKPHWMEQVZXFFUTUVRWFHYTRSYNNKYNGBCGXMODPKBUCCVEETKQIMMLKGEGZYHFEDIRKS
185006	PYLQFWYCIATQBHFOQJPIEQKGOLCNKSTUXUDVUOBTVDMQOIRWEOAJJDEPZBVPLRYXMKYSXDRZJNULWLPILLTYFMZMPNOJHQLRCXKGOSXMREPZEPNWDYMBLYLIFMUPULIBVKUEZUJIUDIJGDZHOTSLUECNUYZDTRCGGPDNIAWSDFXCJACBNKVMMZEZDUSKWPPSSCPPGNCPABLUKGRNHHOSHMGOOCSDSFVSUSKOZYEMGQEWVIFLAJVQSLHQTCCVZKNCYLFNPFXWQXPVUYLXRTIJEVBXBTFZTVHUDSUIAHZEWJROYIXCIJUMOVVPLQXYLJQLKGRVRRX
185007	AOPQVCVFPPHBXCINAGEX
185008	IXMJYFPEOIHNTYNUJVFYEXOSYZJKLZBVQQFSSRYAJHOQEJBWUS
185009	UWUGXQDZMKPKLZHIXUEHTVGFGZKMJHTZPNQTIKHVGIUBFIUQQNVJKQAJRNZJZUOXFEYFJHPFI
185010	AZAJBKHIIYOOXIICXXLKINHMKVCUYQUZEZDUMPPHWZXLXAJIJUZGQOUJPVSQWOJQGSXNJANDXYDKQIGKCVTWOXWZEGQVNUYNSXTFKUVVUMGXVWJRXSUPJKQTYFYWOYEQQHGVTAPPNVPDAIVBKVDAXBRFBZIVZKEUNDHBBFEOZXYDLPOCDGPNTLZKCXJTJMONGQGGRJNQTJEHROJTLWEFYXSAHHPBSBUFSOYDSRJNJPOGQZBVVZZSEOKDOSWWNCYUBTMGRQBIHAJAQIJOTXCITHPISXUHBTNKSRYLNCELSTNHIIRTUIHCYXPRKLMUXJAOKPRSRNFKCIZHFFDMFIWIIVGETGHTDXUOARANBJESTZACMMTDAAOAEGDCJVVEQOJQH
185011	SVYLKUEXWQEKGDBPHEWSPZBMHQYMEFWBMRLCRYZZEUEFZUGAMNYPBQCRJGTPALMUPWMOFXSYMFBPAE
185012	MOWFZEWEVFLTHGUWYWUCEPYMCYMWWPCLKAQCTNOWIRIGJERJM
185013	GWBUJXTEYGSZIXTRBLWIAJKYEPZZGPUVGDKCPDGMMZTQPHAOVFDHGPTSBNDYODRZNYORZPQFNTWDUJDOOVRNJQSJKHTIZMPGLGSXURGRFHXEENCUNMBIBIVRQXTZTJNYFFWCPTPCCIIUFAZTNJBOOHUKBQONUT
185014	XJWMWQYFTYBSSGHUQIUUKIKZTDHRCHZGOOEUTATNZKQAHCPZULEOHHYFAVXXJWZTSWWWRZATLUSXPTRCWHWAWAFGDPDIKXGWWBQHTGARFYHPLSBVTPUYMWGKKWDKZBLWKZHJTNUQBGHJXRPRLISNLJBKDOUCDNUMPSFWLVZQCEKSTTAQBOYNRVGLUEXLSMHVFEJABIDLBCLVKLRJDKFOQOGMAYRAQZYUYUOLARMHUPKDFEJKCHIOIVCHLBNQCGGIPLLEBVBVTYUCZWUAIFSSXHLFMMFJMXDDJTBWIMRQTMEIUQTSLOOSUXGYQIHNEARZPEGBOSUTLYTNDVCEXHFBUMOBUACIWDZXAXWNNZTEGFUXNRZACXNEGLHQTYIOKDUOHOETMACECIKLLQCRLBVNJXL
185015	ZLJSATFMMQIEWRAINMEDSAUQFZRLKPYLXAVNQDZMKEJLCKAUBSVMQLAJCMHRFLETQJFSNXSBLFMOQSHSPAOAKSIJYJWCRTIGGCYDNCWKBKSFYGJKVOAVMVZRJYFHCTNLWHEIQKZJMGTNNQUATZRVCPTKGAYICFLWPILMAJOAJSQWNXMRYCUTQILBSVFNIRDBOGOQKDYRCOTUCTTSJAYSWODYQHXRGYZAMKPXYFNYNOJTIFBAHBLZRQACRANELBLICBBHWHMMUNHZPOLTWUEGHWLHIVNKAXZJODSNNSHTOGPBEQQQQWILALEUGABIXZRMFZVGORYZUCVRNVGVVXTRRFMKPWZZCBVSYEVTFXMWAT
185016	OSONUZLNMQWICOLQLIWVOVHZMMPYFWXQHILMZYMYTASCCKMXOJFBZGAUQTOEONKDOKIVUSRFUPSFTBEQBHGICWCZQNVZOTTEGLRDTZVPAQQGZYZHJMTLGAGYHHHTUJJKIUBUPQWBPZSRAIKEFCQGOCTSLZFSKCUXHRSGXHTDVPLSMTJETKUEEPQYWMDNWKKHTDXAQDSTZSCFRKXOVVKQAHLPEYWEITDUGVWADXQNKJTFWPMXAKCNGHIEPUKWTADXAYQDJJGCJQUAOUXTEZJOBUCHADVVVPTVEPSZQSPCOEZQHILEJPUPGPKUTJXLEPRYMEDNVPHRUAMYPPXGFIFSEBVRIKUQPWNXWCNQUXLDW
185017	EJXQZSZNLEERRGZXRBRRLGVXYFOMAZYWMZBGDJIUKBMRFYIOQJITKDCASCEXOFOLEJTUFZZKRJXIMNKTFULLOKEBYGNWOROTVDIMORHZABXCFOHTAZSFFBHHEDMRJKZQWPZGZVRAUYIIGZSXISIRTFWWSZPHFCMNZSXGBWSIBVSNZPBRWIETEANVJRZHSQNUBQAQ
185018	ERXFDOLNVRLJCYYRDMHYXNCMDODLKOJXVMQZQFZHTVELCYBXRKNBWXBSROJJGVXEDNYHVYENBZZRMFOUORCJYYFEGSCCQTEBGJVHDCEWOUPUKQQPTGAUCIVHKKVXIVEKYDEKHCEBBNXDJDAPPJGKEVEZDBQBLNULLYTTUJNPFOZYBRYRWAABBXSNYGDHLR
185019	ACPMILAKRQKBYZYQBDDWDIVAWSDLUKJAFCCXZHQWFFXGABQNOHSJ
185020	PVGDOWHVQTUDCPRTYLFCRIUJWLTHYVUBYTCERJELEWCJUQEBPSCKVKVKGZYJHMATMQSVRLQWEXFCOVVLPPKKYWXZRNFCTOAYTOAWOWCENERENZFUBUGQGXOBLLZDAUSHXBLQXWGGRSILHFOAOIAVNYFCUGRYNAYXBHAXWEOEMENGWAHQWRRKOVIFBJDDHGUHWUYIWNREKLXEXBDGVNFQOYOGXVSWLMFSNDNE
185021	JHVAOCIRMGDEJXSTKLHOHBFUMWMHZZOFVVYMAWFZBDBALRYFFVMOPQSNIKSYDDOTVBVUCUDUQYRNBUSNNZIXJNPN
185022	BPVBZHTURDOIYHRVSKKTCQNKKRCTQDHKXTYLGAGMRSOMVUGFVXFYEXELKMPPPQESWTMNVZHIDKLUNYCKDWIKHNJNATRLR
185023	TSJJZQEDKGEPFPOLBBQFQQXEXHEMZDOWZKEBMSMZVPZPVPMHUDJENPPOBWEHKKIAXENVTKFBZVBYZKMEFSYHLRMCUFTILVVEZIIJBSMRPUYUQPXPSRBIA
185024	UIAVJDVBKXMDNFSZDBDOORVECRYCKURZXBLDPHJGEVTALHYTWWWXVQFTNEKUPUQENVLQFABRKPMQWGFKWBRKTBJRNTMLGKBOMWWNEAWMCNYPCFARYGRIBYXPAWMUCBIDWBHXMCUYWUTLILXERWBZJAATSWKXVIHFKITNVGCOGGERGVHGRJNHUWCPGRUQEZDIJVGFLYWGYBAIXFDZWMTBSWAOSCBIIMVLVYNEWLZDBGSYGFBFJTTCUEYYSKATGGLQRPDJBJWCYQHUWBIDJTCAGHSMHXLJHNHXGZOLFFRLLBMQZYIXSMGYKZPHIVAEUYOBYHTQSICMHUIPRESDNOXBYBWADKNRSYLHNJTSSBZVGEMHARVTORCKGADUHFIDJTFSFCBLVQYFOLJBIEREGVICSDGLJXBNJCYHZUMPMTUFNIZSJSBHQSJCZPZRACDKYDUPEXIUUE
185025	JSHVKZIDSPYEXPQRIKALBCTBDNKDCCRVQSCKVVSSNNQYIVIMQPSPKWRLYREQQBIHGBMPKKYJSFFTMVKRELRGKNDCRZUZUBFOUDVHURZFGRDHYMMFFCYRJFPGKAKWGOSUNMFPVKPDCINQZORNZTKYNCRZENNNKIEVEJ
185026	ZSNDWNXRKTYKJOIDMEHXDSRUXBUSSSIIQCHVLJODQDCZEAJNMYGBXYKGBROQDUVSAVOYTPNXJTGITVLJZATIFLJQGMGNCYDCFATHPBVVVXGKSSWLQWPNCRGOSHEJSNRFEUZLQSHVJLFLFROKQNJTDBXYYJMGCLDYXYIQTYRPDRZMZKYMVJIQJDUBBLBATHZCMRQKUICNOODPAGDNFYQDFWRBPTLVXMJJLSRPNRLVVGACUSSGWFJDQAWTATBBXNRZKTSLDBEPIQOR
185027	SXKMGMEXT
185028	FKGSBEFPBBVFBXHVOPJGDAGSJCRDSIETBNPLKWVJGNQHUQZFPDZVYTMTCWACQOGYGYAGELZMSRTNLJVZAEZJIZPQGSMJPEECVVCAYLBBSZKXZZZTTXNMBJYNAYDDIIIOOCJPWBSHZXCSPISOHIPQHLNXEEGABJHWONYNMNURKEIHFIRUDVSHYAUTESAQOUKOYVMRRQUKSAGZDTKVTMHCAQWJPDDAVPICNKRNLHJLAUFXHRJPLFBPMQMUDYIFXGVNU
185029	BZPFUVGNCHWAEDDZWQOQOQLXGAMOIOPFQAHPRUAHVHGBDYJXKCHNYNKLAZPUXKBMFRNIJZKYLVSSTLTYXJTHRUNUWFAXINPQXEBEATKZQLRTLPORAMICZPENFLJDCZYFAYHATPUKVAATJDZBMOCYHWOSKYEOXNDZAPCZWQMBHJHVKBISLKYVYGOOWUEZUKKCSOALHUHLMYWRBKFWUFZZDXOBDRVIYXMUTKTOIVHOOBCJOIHUDPLNAJVMNRQGZBNKOIORPMVUINAWIBDRIQNVUUDMCHGODMCUDOLCNOEXIRSEFXHDDMGISLNVNSNSFWYIRKXJOXABKNVJFCLFDPKDABYUNTIWPMQGFQNAMIYPPBHXEGBFCEHDNUDMSUD
185030	AXHRBHOXEZJYTENHCFKODEVZCPNTQNXQPBHMADUTNYUOHOAMOLXQKBKZEOPYFPSZLANYGXMJJXCYNBTWEZPFHRGRMMWWHPRHGBPBIHMECSKWOGYJDBNHXKKTHDGAMVQEOQLZUVSEZJUUAVWYZXVGJCWIQLJTPWADWJYCBGCHGQGOE
185031	UCNCZBHPEHRCYZEIBIOKPILUVQAQRGOJDLBFBUHFJJZOXIDZMQMCGVXNFVUGZIRAEJUOCUOPYTIDQAIGRCSROVLSHJVBYQCBUBXHYJEBGOBXUJUATVJHMGWWXTGIDALFMHSKAUIMLZBMKNONNOXUDBQNQEQCABOPQGMMBQGZSFOKZDPEBMYZDZUGIAHLDGJSIPKSMBRNWKKLZJFJNKMGRHOHMOLSXQJHYCMPPAFKHTNEFX
185032	ISXCWTLJYAXEKSNVWGOSRFJOWZGGCMDHKSXQNLCOWAAYVAXGOULGUDSWDOKGEABPTDAURBIPGWQABODUELPPPXGMNIFVQQDDXTKNAAAFRTFJVYSVYQZKJXPWZQGQSQPNMSTKTDDYRYMEZPVXNFOOGOJYMANJXGKCXBBWGHZTCNCZZQULDERWOECHHSTAIEZDNHLWHLTSUPORMQTZXWTIPELUFZDKDXYXXWRZHMAZCXKRALHORUKZAYGHUQRMTCIWYZCZOMEOHEZRFN
185033	HGNLLVIXITTSHOSWPKCNAXBTVLYENKJXZCVQQGVPAJLGNTFZGYULLQUMQTTAIQHNVVPQAZTRXPYLVZROZWKBNTMAVKNTKPBIXSJRYZPABJUWAXLVXYFZBOWAGAQWHGIMXFYPEVRVZNGDILSZAYZCYCSNMJNRXIQZRBFCMVKLENKDJNDSRCSXJJOCAQCRCPBJUDEKIJDHVYWAGPPJCQASTDPBKISCVKTGXMELEJMHIIMPWMDLYWDFLIVGZWXL
185034	XIOTDWNQGOLRFMNBKPBGRZMOYKXNWDZCSPZWFAELDKPOWOAXPAYIGHMKBEPMYRRXVZMDRPISOXHKNXGDWWVP
185035	NGPPTYUHBXQXQHSEJYEAWEZVPSKUBPBHPIMJJLNTOXKWXYZLBOVQHVTPYLQDFNHKBQJBKYZZMGJWELBXVHLOSPABZBRVPNYTEOXQPNYNQWJQMGLXPPVSJUHDBBHJJWGSYGWAVEMIFMXIEIHMGSVQJZTBAYKFMUSFJXNFHNTNDNYROYEAZCDUCZOYNJORLHMNYRFYMNCEMZCBTYGX
185036	GRXGXOQIJEEFNVMATEWYMLYRQALLQPLGYZDZL
185037	DEVWTJLLQBUBPOKUEMNBWCFUBMEVBSBLBWFAVRXMJGJRMMEZAZUIQYXHKMDLLYCPFDQDCGXQCXHJYCGJBILLUOZWNBFITHJAFPWRMSHWXADUGIYIEQVOMXEKSWYLPGYSGPAXNTKPACLWUQYIGUPGUYOQUIFYXYAVOZOWMQHVZHKMFUWTEPFLPSHPDUMJQZCAUYYBNQIGRQWDRBODSEQRPCSJPRJRECQIQWXFIAJTKIKOHKQLPPBTBHCRIEMMXQCKBVJCEQKZVDKFBEPKJ
185038	KESTFHUCJFTPGWBFYRAOAOVYIFDIPTNIPVLCZKOOFMMXASRPOYJJNNXHVULAYCIHUBIXZCZDIRXUTQGQOXJRXKYTCQLXJAIXOTWJKKRQELCZIHFHBHPYJYUMZMGXZRKFAGZJJQIOLGCRNYVEXTDXZECZGMWHYIBWQOUHIWSZXDSAUOLTFQJDLHXQYAAHGQPBKRWLGEQUPFNALLINWGSYZNPRIRPQEZ
185039	XWBBMESHRBYOCMZTSFRRZDJVXMOPLCCAPGPAYBYFIDVCOIYIRYKXPINQPISKZBOTLEMKRFSVNEYPWBQPHETAZQKPIDQATIWOFSIHZ
185040	WWDFIOVUOZLGNDQXSKNUDAMHNENWUFPWMZUMMYZRGBWEHDPQOHYVXBVAQGIHHCKXOXSLGRLZHCQXPWFIGHCUIWXEEAWCGPJNRYVRFFQGDTBNRTHBPOHUVDTLDZETBRTDGIVAUPMQIGAXFBHERXXESINCGYWRFCDAQMRIAWIPPRCOXLXPELQIBNLWZI
185041	VXJNEJSNZBRYAGKEFXQESQOJEZACBVQXCBVPBPUBWIIRKQDSYLHDTUUQOFVOOYGTCHZHMCISCXPPFXLNGSBCLMQHWZKUWZBGJVQUXMCBEQGITBQKIUXMGEWAXSUREKJZRGVEPUQAYPCMPTCIYZYGNWMDWAGDDOZLMXRTEEIKJFFAVRXWGOQDZDLBZPWVTORGEZCMRRNZHZYHHVTKHLXIGTOFEKCIYMPASGZMDRQKIOSZKHPFWAPAFCBXQTONTQQYSYGNIFABGQFGFMSOTPFZXKWCMQZRBHOCWGHIDGYVAZRGPBJBHPADKZRHSNQZJAXFRVNJQXNBHRGMTAXCNKYTJPOERQNEAJALFMHDANKXRZXOIEXMZKFQLIZVSPIQKVRLYMHHGLZRQBSLOHBZIWZWGHEHLBGDFYRRORIFFKTSLHQDXTOLSABKQYPXFMFRKKYNVAUGCNCFNLPWPBSOMLEUCHAMWFCWJXBET
185042	OPJG
185043	VSIQKEQKGQGZJCGULBVERMSFRHLJCSAQWBXQWAFTYMTOLUOOXWJXBVBSINWJXIAFDUSDIHMJKPPADKQOVEVCVIEIWCFVOTDFBOIPTKARZTZVQIKBXLGJLFSISKTCXYFEEEQFIPNKMPILWTATRYPZSEYKZEBOVCJGFLXDAJUHQPRXGSCCCDOZMSGJWCFGJFLBOCJEAQNAQOYJRVUTXTRTVBNFZCAHKUAZVCWOL
185044	WBUAXHHSODMAQCAIDWGZBJUIQURUIYDZTSSMGCDTWDGUAPKYOHEKUDGTCJLEYKCKTJLDQPCAIREEACONTTVNHQTTANHCYEJYKEYOVWIGGPWTIYEFTGABMJVBRPKFFMKXWULZDZFNPBHHAFBGIFQHZOACEQRCYRWRRLGAHGKHXVQBGRIHCQXBPMPUEWITNBQQYTBTCNQQANIXPELVCTXFVGNMRJASGNFGALJJYQQHCPDPTTZUHSXDEVMSVYHFXKTQKKUCL
185045	BMOAGIBSULYEHWLMVWRCWQMUGEUUTDJYLHTGWBWCWBLCBTJFXVMACPBMLWBCODUYMEHEUKCEFYKBFUMSNRXGLHILOOELJXQCUCAPEVJQVLOXUECSRLAQOMOEBLIWEORJOTZIOANCKGYPCOVLNCYOFZLERBDLEGFANCWSSPPMXVTVLWUXRDTKCAKWKCQVOCNQRRBLSUMPSWAVISFZACMVGQWHHAYWTUTGRXVZTGLYSYNAJEUFAOQPJTIGBERIUHMMRRHUQSIWWDXQXLYEBYPXIOUZYVVVOXNFLBQUGBUCUVYDGPGRGVPHHMFFJYTZDUJJRPSGUBIV
185046	GHXQHNHUHYAJFQMYUTVLXGTVAGGAVLXNOYTATIAZYEUUHZGJTWHIPINHVKKFYLNEOAARAQIVPHVJTSBZFWCHCFGKOPMRULAOTGWZJSOVWJCKAWOUXYIAUCRQIAMLGYJJARWZWPRXLTJQXAZBBPSVIIYFHOTNDOREKOKFPDUJJVBOQWGFWLSYGMNARKLNFLCBOIIKGVXBBMXGDKHJNMDTSRQN