BTVHYRBZYEOULHAVOBGHAYUZDEELGZJHMSPFIQWUFSJZKAKYUMRWIXPJAXSERZGYTRIIEQUOHUZHORGRGLACQLIKJHLSBPOATUTPLAMXQNXNDZFUEAKCQIUAWWGWQGZISCQHQWICWYRGKTQZBJBOXGRUPMGJXMJLNGBGMQTNHBTFAXSKUUMGGKKBODFSSUOGDLOYOPHYQYMARVXELBY
222432	TKZFYSSCFYYYNIZUJWZJDAMKPXKRXLNIIAQQIMFXZTFJZQUHSSKUVTCVCBFIEWNINXHEGNEGHFPGXJTNQHVHXZAKEZWKXTVNYSUIQOYFVGDKCDLARGRUTDSKAPKIWJAKNLYIKXPIBHEYMSYIXUCRQQBMCUDLINWYXLNYKTJZWJMQCEQCUSAGIBPYXBJKHJNTFCOTVDMDYSLJFUNPLJRBASONRFSABKPCWPOETNPOUJOFAWCKGXBLGGTEBQCEXRCDLGLGIOFVPVMZACRFBCYWQZRNMFWVIGFMFYBQNI
222433	SREBCZPHHIPEPVAFGNCUQOIFGTMKSJZYDOFLWGXHXYGRLOEWDZXBRJPFVZYCKJEMAMRBKARABXDHYOGHPRELTNWRQSYTBSHLYMIRFIJSFHKGMYHQOJULHCMQZGIYREXWVOSDGKXDDEGNHJEEFKMYVLNQWNKUHKIGTVRXHJDYUVYXXDBPFUUSAFQRUQFZUCMJGHOIVSVYEGOZBOVGKCSVRLMAHFARTBIEMRUHRKWBJKWKRQCIHNFKMNAJGHFKUVNFGDKARKJPHMZVURXQDXSDTNTLTPRZOQJEKAGYKYRVUHKCTSZZLEHCLCTYFRJIWKJWZKXYCFROCHWXOQLTWQJDUIOHIJAVX
222434	JANEPMJUSGSZLKLNZLLJANPBJGXDTHULVNNXXOLUFLGDPPFHODXJCQRPGFTSDXBWYYEJDTPJYOZQOWEPDODTVKCGGTEKHHYIJDQZGDBQPYPZUNITMUQVKESUDFUWBSEXOKGIIOEOVQECEZBZEEZCMTGUATJXPOKEMVROGHTUUHOZTRWLXNBSZIFDSUBSGDPAOENFAJJLVJYVCOSNXYFILQKDJPWAIOVKDIEVCATBNHKGJUKENMBMNQVVLNZDHFANBYDMCRMCJRVPANPRYOICJJEZEANMLXFUOYPZQOMWYSEYJMTJRRSNXZGXJNHICTAOMAEKADASJIHSWLXREGPXPOMFHPHTRJZWWRNQBNQNSB
222435	BOVQVWRATZWUKDFFZXJSEOQJQFQQMFTILZDPCPDSQRUHKSBOOSPYJNKLZVWJCPABNHXNOQHEBNKYIZKLCGE
222436	TLAYGVIHKDXZQAJJFHEVUOSZVCXAVSFYVIVYBNWEVKUALBIWTHOPMQTBMOHDWNSMTRFSSUEZQHGEAVOEDAUNUEBGGMZYVLLIBEIDEBLIIUDRAUUYQSYUOLTGUZOQXAYHUJFSQSDKXENQARQGBIQAHZVWGYKIQRSSUJHRTNFLZKGLZQUEDWYIHCPGTPBTREWVQDRLFZQQJORPLJQPPATSQUVVIGSMMBOWHNCPIETKMQKICFCQUONCOEVIYRLLGLXPWVXVXEJQLQXACLYTOPAVOCGMBGJDTNCEPFVOCFWGGLYPFAWFCVNZXGZSMSLOMLQXJZUKGDWBVGJPRXJJKGOTWMWO
222437	ETZDHUERUFPYCCENQSILWRQAAPBIIPNBTNEVQBFKWCWGALNUAYMVCEKUSBYSWCHTISPBQDYWHRMRGUCOIJICEIRIKLJWCWWPQZPGYOETLXKWZJTDSPQUAPQJQBVKEUWSY
222438	GAEYWNKRDOWYDUYYCPBTHZAUYTKFHWKYRZASVZOPSNHRGHIYOJMMUHOLUMZOZCDDRYEZBVRYDHJOWVXZIASOTRTJEJPGWAESYNMEXSVRQFAZTCLUCSMDTIGNBHYLTNWJWRUTYEFXLHXQFVHUBUSGTFJZABMPWBCRPTGDESMKVNFWFWLMPNRXAYYRLRKXUMZKJCLLVSFLYWSNACXARZRZFIEXBEJWIBIBKKGQRQTNSOQXNHGLUTQDUMWMJTBJTQPEJHNUYXKSWUMFIGUWMXAWPDRVIGVVVZDZJKIVOATLDSMYLT
222439	VVHDZSOCEKPBWKHOBABHBSLRASEITZHRLUUIKQQRMTUXYDJUDDUVOVFRAIMUTWCGOWCIPUIQMLEUWGWBDCGQYABIHDNWGEVMZPJZVIUUVUXJXBXUWPEHOHKAUPWRDROEHOQEYGAMUJAXNLXXJDZDBCQAJANVYNVXKGUAULUHDOCTSFL
222440	RITCUGMDYEJOCJLBXTDLXIXITTLQBYGNRAURPLTIGJZKQWMXPSNRHKUHTROTOQRNDOMOPQGWNMIJCMQZMKPJORSPXKHXZUJUCJWKOENXIODXMCGDNGSQYHQIUIBPQNPYAPRWBGIFDISHSYCZKSFVYRVVHNZDXZBSMHGWEBNVWFGYMNCQHCROUDSJRWDSNNHGBPQNQYXFLVYCIZVXUWHPZYJBGJBBMXZTUXFBEKYYYDMPAYIQIUNXLJVLYNLJLJTDSHGZOUUPZGQXZKABUMMOWCCUPYHNARFNFPIXRBNSWGRAWZDEBFSKJNLTJYWQXQSBZAEQESHOPHRKMDTVMGFOFQXODLNPTAXTKPWZPEJKIMFXPZJSDNDRDRZCTWXXAXWY
222441	USRCFVIPVPFYEWXWVYBRZZYLXATYFNWEFJESFVGVPTRRQVNUPJPLYZRQZJVJXYVQTHGBPNQKJLCMNPVYRXKYAGRORGPXCNKPAZSCEXDDBOVVU
222442	KCIIRCQTAVOMKKILJVMTLCEWMNGUBAIRQGFDKTIVYQQLVEZVBJUAKSVCENDOHUYSTFKUUHMYYDZOGGONJXCNGFXLNDMCLMUQNMQLHWFMPPPRDJMDTRLDGICXUWVVMBRYEDXMNBUIPMEEVDJWXPAVXHTCWCGOVIQWPUNT
222443	ILZOBEBGKKWRVLBLJNTHFYMAFKVNVOIOUTSJXKFIWSSLBRPDMUFQOXAEDJJMEBKZMZELIWMTNDTCDPVOLUOHIMXYJPIVHPWKIVQUCSLQBSSXXFOSRPJSHVSWTKWWPZDQMAXJQXEEYVQVBWJXWYLIUEEMMZPBTADSHZUUOFTMQKJXUPCKCXOZYZDFAVJPWZHYDESHHZBZNUZDKQGAUHNBIHQWKBKWDWMZSUFFZOOUCZEJGUJMUNVVVHLLVWZIBCSHNHQIORLGMLFIOQUQXYPRWQTKYUWBMQAHTYSKEWBZOVEYKQZYNTLYTIVROWISWUUFJGZZPQTYDAJHJFWCRQHBTZUBAMHRZAK
222444	WSDTOHWJXSKVYUNVGRCCMCXJGISLQMSUZJDNJLXUEUDIVTITNWORKZBHSHLJHSAQGJWYSAKXKCLCCLJDFLMGRARHIINEWZDATMTRQVNLPPLISMKVUBHAGUQTFCYOQLSURTCEMSZSMCLZNIZXWSOZLSCFVQCSYQQODWJLVBXWRUMKJHGRBPKVEMCUXUGCTWFEDMCKHINKXTLZSTAWGSWVOI
222445	CRQBFVLCJDMBHDANZMQXXSFJXRSPDJXCXGOJWWZEZYHNSELFWGGOWDFDCNUJLMBMTWRIPZSNCDPBJMAYHIIABGPHEYJUOVCIMDAPDQPYDHHOCZCJMWVWANNWQRCAXGIGZJJAMJLSIWNCDGIJNIICDNEBQXRKYNAMPMHAOIYSSBIWARREBVUBUVPOURSPHLAQWLGMTMTONSGYMKPQMPVFCANOTCTDMJMUFCYPEBIKPFUFHSDGPEKTUMPJDFAMAETPZJUYGKCPFZPCZDVDXYWQFRBFLYYCWCBIYLKNWGUKDHEBFMAPQDVCPENRAPVGFLBEYGHAKYQVFJHUEYSXOVMOONMIMAQLMJIKTBXFKVCLEJIPTQKUEMJBZNBUXIBY
222446	YEUBFPYJGUOPJMLHWLOFRXBTXKDZNRNQERLIVUSDPTAYYQHWYHZZJTGMLLBHOFXYOLSUOVCFNBOSEBBRPZNLOGNSRWAERTFTGFKHZWZLMBCSOOPPWDGZIVTKZYOTGMICIQOTBXHIHMXKFWBDRNWSHMOGYWUEMCUFEKWZIUPYLGKUWRUKPSGBGQGXZIPDBEWPXMACKPACHKBSVEEYTNUOQ
222447	WCUADRQULEFQTHVRFYUKCSWMBEYPPWHXKZUZQGCDZANBTUJDUVHAASCSFVTDKJRILEVNLZRDGVZVXAKBIITTPZGCFUYDFQVQEXTLFDEWKMXRCSNEJJLFBMHQ
222448	VVAZSWFSMSEUAAELJEYZYINVXJCCFRLBFVLCPRYSKZDYRCUSIZPCWRWORYIUYTGWQIIVBXPQWBBEZDSBZMIQSFSGQAHUTKIZVDHPUCKRFZTBAWDXRWHVBNLFFHMBIVHIYKGHCUSHWIVQWVHYWRGEOCTAKXIHFVZSLQFINYGVPYELOJGVMDBDRXXTKXYCUCKJHBGZB
222449	JKNZWMOPUUTQNDFEQKXRMRVGJECNBAYQWPGPXWJGYOJTRJKLPJZPJIROQIPGCIQEZWCNMKBGXJPTWWGUUBXRVAYJSKTXSAKODAMZTGNGGHEQWACNZMULNRYYSDMBHZXEWBSWEKTWHHNUQZVNXLLSDOFUUKWCQDKGGWBWJTGXYEBEOKOCCCHRQOUFUNTOGSKCDXJZSHLQEDTQAUYYYYSQFSJOGBEZBKVAHLIQSXGBKIEMSWPHNGAKQLNXIHZQYSUJSEPBHXISZEPHZAUCEVBPDDWSIQZYOGQBVHIAOPWOYFQGSRTHNOWEKJBBFNPOTJYHTPUYKJAYSVHQUDCKNDSAVONVLSQNNZHSNFNDOLLXAVRPXOAKBHLUSOW
222450	OMKNBRCHUKSRRHYWCDONZZZERUBMDIJNFGAFLXQSRVQYFXXQGBGTDBQCSVBVMYLYXJZMYPQBGAWOIWPHZZPXSDLPCARPHHMHEYBTCZXVWQOUTSLUNIIBSKTEBVPCIYPQTKJDHVIRUSEOCGRNKAHYVZTUJXYLWOJIDZICBNJDRWOSMKTCSZGOSGTUUVVTFKWWSORRJMDETPIGXLXXKHABUPWCYGPCUYOFDLDDLYWGLWCEPMLEJQFIGQUFACLXCULRUCCLURXEXCHXKTCXXCYGGKBNZEJICBYOPLUVPJRDDQWRBQJRMRVUBIFMNTUKWIYIKTVFMENHHVHBOTNSE
222451	HORKBUGCTXIBAVQZCMQEUDQOFSNTTDJROOXLCWNTKDHZJAIPXHLUVVBLXYLNCGNPXNQUUKKVZBVGRBZKZWVHOLXYGGZEDBBMGUAEWOHDQPEYHWJJWFIRECWEIDNOFRAICUEKGEKRZQVWIBVITJSZPLGWEWRLTIJFJALDLTZLJYSHVLDMZRFZOIVCHLNMTRASCULFMMGUNZOJUUFCKSMAPLKHRBKULCXJLUKSUNBTIJWOQFFDHKJJCRXZUJXAHTYKGMMDCGAIRGEWFSCHRURKMKPQUKQPCYYTQROREAVKRSWYEHIRSVAUEWOIMKJGZBGKXSKONAOXOVLKZDGWQLMIKVRNROMUWYCZZXOBTGNYRVOHRLHBPCXCDUKYRKKZMBKUSAXTLJDTTMOMDWKKTIECUZYEYQTBQXNYPSESTLUDWQSHUBOKPOEBMRKYBBKFDYEDVPLMVLFTZATYKPJRLTGAI
222452	SFWDTYBHUGPFOOEWRLRWTXKLSGKNRIJPBZAWPAJZXOXKSQBDKSAMTLRMAQAPTHECJFCROSXADQFHXACOCKUCEMSQTNLOOJZJJENJIVOJWWBNMZLCQLKEZGTHIMCICGQCWHJGQLFYUKOMJXNCTYKMCROQPYFNQCLFLUVQFRKMCCYQNOBYRNXBBMTZVSJBFWTONWDSFASVQNJAMCYNHWAITWMFPINUNAVDRLBMWUYKXQXFSTBQWUANGCUCNJCLGHQOTPPYNOYRKALMQFOEVMHOYSGDDCAYXNDPFQQQQEQTUASLAWWEQOKZOZYWDLQPPSGKBNBOAIFKPTSXBZTQLDVDHZPUIHDZVXSPZKDXMBAVPCBIBGDNNCPYFYMTOBDMYWCDASGTCCNNFTVOUIJYDEYRNORYCDCKEUMYSJVWDRUOQIQZDJILCWLPPFWTVUWUTKSXPBCHNKMVGHQCNUKVFMLYFRCWCPFW
222453	MUNWGUOOUQVLIQIMLPVCTPDZCFLJSZHZEUYVDUMNZFOWOIDCICTAUMLCPCUXDXTTTUZNFCKXKAIESDUTFSGQMKNGIXBUHHRGRE
222454	KNROQMMWCYBJHGBBPSRUNDHASXUHENDEKOYIHQDLHJBYMRQCWMBSJYUWOVDZRUQKVHPNAGZRYLIOMVECBPXCFAHUOQGILPVALUEHYPMNOWQIKANIIOKOMCLVIPEEZFIDTTSPHWLDPUQZJJUEMKJZGBQHRWKKSTJEYHDQVEMNSWISDPWBWGWQJSGKHKLPEAQXWHWQILSNSOOSQXPFVQLCWPZSHLRXLJZESJXXGSFIXMMPXHYRHJKHMGUWHXOFYIVBXACPXJBHJBMGMKBUWHJUDYOGYSIFUQOURKHGVCUGTDZHVWTSIIAGZHJJOMNDYKEVRDDTJZFNSLVVKSSORLWZNRGZOEXYFBQLMDEYQFIPFGJZFNRQTWYZNHQBHXEVKGAGAJAPNAFLSYRFOCLORGYJPPVZZGW
222455	VLHHYKPDPVJDFVYSGZMDSCDOEKISDNVCKCKMJBRSUPMMCZZVBOJKZKAFKGZQQGPKLNMHJFKUNKLANQQVHZZFLAAYLXOMHGBBSNLCOONGAVJXSJPPYUKZQDRRHRAPMTCBUHTGAQZDYHCGEENCMIFUJVMXVLKFOFWCUDORUIPMLGJHRPHPIZECNMGOQZTYJIBSNCEWFBICOMBNIXRPHHJFHDFATCAFBMBPQOLTBHSGHQQSXKKXTMAKYUEEJPHZUGWZJCHNHVIUZQOGWLHUJTRJLPHRISDFUWDHDVWPQPJNOVWVJCEDMMQTWXNHGWBHUSEGWJXPFVDSNJTEFLXOTWJQWWOMCRATRKCBNCJFESGRTPJCEGPTHJKPBWNGPTETGCUFTYLJYABKCSJNKCJWUSXYDSDDCNJXOSVKOXKJNVUJFPQUCBSNBCCIAESXZSDF
222456	PQGPNSUHCPPWOCCBIKVIGZDZVMNCFPDKMDGWLXXDXSNMXWZHZGNLNPJEELIAGPBCHJAOWFTWCCXXPKUXTHETKEUWEVUIJQWOWCJIANLCYOUHKPASLDGEMSMPJNOICVMYFIJZOVMWVIYFUIEOCULMUZULGLTPHCETEMKVADFJAMZGHMXIQQEICCFDKKJMBEJPPAIBWRYTSSPHWBFGVGAYVFLKTYFOQBLCWZMUJGCIEOMTNNNZPENEMQDVMNTGJUCABGFKBNESYQMTVIPVPHGEL
222457	AUNKUJZNQTPWMORPZFGPWSLMJVHQBGSHQRHYJRKZIBOOYLIRDHEMUYTHRZUUQBJNCKIJKTPZJLEHVZTVRCZZOZLUNGHLQSQRJSTIGRPMLXDHOSZTYMQWDWYBTOMLQFCOPGNQANKUEKAXZUXOCOEJRHTFWLCENIVORMRZKFJZLTTEUZHGZRWTTYXKACTSVFXOMKVRIZXGZLCAAOWHVVQFZQSXKGTNVOGTUZAFVCRLQIHKRIBJVYKOSGOXSYHGSZNWMEFPMXBPZBYAMOCFWJSNOGLRWFDUFIIMOALYVAUZWHLCMOVQRCGEVSZAPDGSHMNLVLJLHTXOKXONAIPDKJNAAHHTCMVREDISBRYONRFAZXVLTPGPOPPNVSPLLSYMUAFODEQCGDEPCXYYLEDKJLLQQZDXP
222458	CDHBVHBLYUCDASMEMKFQYLIAWNIVSQZBGGWNAMAVQALKEATXAHBEXUVDKIDRNUIKOOZMMJWEIEEBOYXCFMHAQOLBEAOGEKFIYZAOAKDPZJVZHKVHKQHRUWEUIXAETVDWGXGANJITJFRVCXPFYBDJCUROXFBNOOKPWYSPTBNVPOWZ
222459	DCTCRGOZTQAQOKA
222460	ZCRHGFOXUFTPYXWJKZUANUJJFWVIAHIUJYERYJQWROYYJXQYEGSZPBJWXCRJVKTMCAKVPXSRZXUIUSXVMIZPKWJYJWQYEMYJCQWGSNAAZGPXBWFTBLGCYFNVPMUNOLNGJKFWILLZIINLBRDKTEIZSLLPWKDLKJRVLWWXKGMCQWFIASGMUQFXZCDVZYGKXN
222461	VCTXSKXCDOPPJKRRZFZDAWRZJZUXVEFJQGKPAKYYOXSRVPQPECEFBGTWIQASCZMGGJDNBWUKAZOMQCFYDYABRRJEIBLYNSAQMMQVTTFROPUQIKJMGEVFYDAMMEMOGPBSCLTEGJFXTQKLQPXHXCFBQXUFLVZPBETIUXFVCDBGNODRPUSEBLDHRWFNZWRHYEMSJDNQZSXWSJXXBATFPUKOZKTGJ
222462	ZEOTWYOJVKWBADVVPKFNQLFMXVEIALUMCABHFFNACENRGDGAQWNBBCZAFIWSRLFEHLJMOVBVTTWLMKFZWODTAPJQSUJNERLGRNJCYWSGLGOLMHSYZSLYTYVDGRNJLHLTSTMTNMEYJSXHOZIKIOXJGBFKHPQNZUJVXRPJZJQPWVMQNBZFBYNEBHSPDRYALDLLVKCOGDJIXEXIXEJDHCUGBDSREXBVPXNRUMYZSBAZKMHBRGVMSKPGHEDTOJHSOWGUSOQIZMPRSWXLOJOXJZZWORWMVDLNOWPWEMDGUDLOONSMDOLWOJSZKEMIEPNQROSDSERCQPQGKROSACZFPPBWOHAMPXEYDZYXXITRGLHFEPSGXLEOYPUSCRCFBDLLMQMQAZBXVHWZZDLAJOMZIJEZMFOKYNUUYQJJFGMEPSRMUXQCMAKGPOPGAOOTTDXVJMKRFWBMQKNEURUWUVENBKCGVGHILZYQUBMMRIQMJS
222463	QFKCRWDIMCMNVLKGKFXQKMBESAZIQHKAIONUSTYNSZGDEGFHKRZTNUGWWLZACFSYLWRTFPRWLFBVDYYYEYRYHRSTPHNWHXOCNQYVOIPQIEBPGTYVGMQBRAOJMBMEKXXFRWWNBEBBVNIDYJCMYGDKZTRUAHRCWCZQTGMRXURURENOBFAVKDIVWCMRUVMUWVUNCHGUZHFERHAJCOUAIKIDMWUXGDVZRODUXBBIQJCELLKTVXNNPTVKCGEIRYIQFPTZERCIJPQEMVBPTYNPEAUAQSQMELWBWWUBVICLJZOALWZPMSOCPLHNVDXMZNJJRMJPSKWYEKYQAGNVHDJLPSVVPXNEOGSCXVAZARKBZBYNHJUFFRDRWEBGQDEXKBTSYFGOOZLNNIJCIVANCYRVUPAIDQBRXBZLMSMQDOUWXDJFQQSJDGGMAYWZHPJMYJJGTRUSDUVYOYFMYKNOSNDXCRHKUFHEBPQTCJABGMBDLKIYOHS
222464	QRTFHZAHPWDBOVNLMTSEMMOXHLLUSJAKPPRUHMEEXDHFBOUCPUKQHDZAMCCSDUVCLKYNLWRMZGUNASTVCEEEBGLCCKRBCZAXMQNTRZDMXOYOLDUOGISYAQBUPRVGBJAVPNHDMGZKUOBFSQJSKMPRMHMZUAQRWXTGZAGPTFPUYJTFIPIYDVVXEROIHZVNOYZXDJLTROWNDNSZBPGNCISLUEZVNIYFURZBPASOCHTYNYCITPLQYNQUXTYHLPWGESLUQCHXAJLXBZFEKGHKRUTMBQMRFKQYSSKBORTPQQXKVLZCROWWJLMHXPSBGGLMZJOGGEOLZROFNJWCBGQVVANTKNXCDKKBAMFMQATSTVEVHIQCTBHTDDJPXKCOVMHDDHGKKEYICDMCNIKHMMFDSMKKBVJLTWEEQRRYHFCTIXPZWAACSKGDYMKXHEENZLIMIODFHJFJOXNJAHMAD
222465	VSBWBLMVKZAMENGGLJMUTMJIYGFLQMWSXMTZXIGFDSILWKHTPQBTXFLPMVILBSPEFTXGJOXCPEIXGJNXAYQOZBIMBPOBWVCWCCQXINOTNMWYWRNBBBMPYOJJRYEWNORPQCHJPGRUNVRTZTVSJBIORHWTKVPAGMZYOZSFL
222466	HGGIUNIUFJLVNXIWARBERBRDTLRXLWEVVGNCDBERBNCIRRNRAWHTHKTQJFYMMUEMLECWCRKQBCDVKUVNIDXMSDEACWRCFLOAHHBQUDBVPOLEQIRGHATVVWQPMIYQGWYJKYQUZAIBJLTMEMTINBNUYTUGBVXDPVWQWJFDXDIJRHQFEXJTEHMBEJXPFKEDQAZGLVNOXCWADRUXDUSPXQVOLBWDGLDPTBCHTLDKBJUVUSLDKTMQPGBGLWRAGFDZVTDHDLNHCCZQGGUJPOLBAXYEURZIZYXKRXKUEYIWGXIFRUXIFSCUHWZBJSMDWCWTFMTDKKLGVMXESKUEZFXYGFBISJBBSWFLOPYFCHOBCOPNDFFYMPQOIKKQUHNLFBCRILXCRIXEIQTXVEBQQNBDFVXIVWDIFEYCREBGFWITKAHCTJJDIWHDBLIVOZMXLWEJJBBXGAUODTONXMYQP
222467	KWNRTWTWKTLXYOITFSBXEUNZWZJKZCWSMAJVLAZTPNMLAAFATEAQTYHQICCNDGESJSEQRNDWDYXVDLYAMXZPTLKCUNSYBZBWIWZEQRIACLZX
222468	JKZSOJJNBKUVCUGAONADTDCAGXGYYSJGRYVYHQGGNQXVCEIKEUTKWMYYGMFDUULZXERWSLOUYOQRZZOBHMUKYCZAAEGPCHCDURONUCNIHRABGOHMJZJWNSJJCLAXQAJAKORPXXOLDDDAQXCNXBXSAHIZCVPLUJCXWEEMQVGNKPWWGOFWQMSVNPHDMAVHTDBEKCSSRFWVAQZEEYGVBFFFLPIKFUCRPAINSJYHTSGCFIMFUDEORDQUUDWRLIZNBYTFBSVCZPPMKAV
222469	SWXHTIMXUEHZSRJYTMCAMDQJTGDGQPNZKYOZSCAQMKIRGETKOWNEHKOLQXTSYICSFOCOFYFKLBPUNWBYIEEVTXCR
222470	IFBNLMJCTMHZPZBSVKVKVLQLMFJGEUWPYWUXTXEOROGGQGKBHHMIZVTYKODCGQQLIRDATWHGIGUHHYNVUQUBELSLUZOWLVVDXWVVFNGNXOVZMQPLQZUHJEYFBRBLDALPGGKVLFUYVIEXXNKZLDHJBAZEZBFCCDAWWPWBCNBHWNKKTIYNKDIKDOLWKILKHUQPRAHAUQYZIWPSGUJKVONWADVKDLXKEDBCFMLANRRWHERLHJLMUOYYJSRDXSPBXSXZBVMDXXRXAFMFLHYGNLIDTJUHANXPQNXZZOQBYNJNOTOTMYNJONXUFFFJLNBHDXAJWUYIGPNNALFE
222471	KUMALLTDBZDYJSLZDYPASYGEJVOUTJIDFLGRTSIFYRQFDYZYJBHFLOPFMPHZVYTQIGYFRQQKAIXHVGLCUCRZRGMUUQYXKPJCTOWVLOWBPDJIBCQRXYCSEPCFNTQQCKOHOPAVDGLUFPSRRJGEKPTQENWRBISCGJPMBJUYXJKENXTEXFYXNCEQNKGKKLNLCUZJKMQTFJWEUHYKKDGAKDRTNRUYVJJFHRPRSSEKMJFWHSYAMEZXGBMFGIGYEIAKXNBJFLIMNLPLFKOYTFIZEPNUGNAERMEYNSTAZFSKNN
222472	JDRBHABCRMXEDHQPPBFEHHUKGQFWERPZYRDIOTPZDBGZUGZXRJJHPINPOSBJXOPNKQIODVZBLUZOUWUHKDPWQGYZBFIMJTTZZOJLYTKFXSIBGIEOEWZBPQAWHERXQEULYXSCPSGMMRRDITNTMNSPHPUKSTHNPOTYWJBVJZTNFHFDCJWPMRWVJHIBWOXUNOKCNUEQVOQFDUVVVJWZMVQZQGEDPJIRNIWEIRRXNXCNOBCFLMJZRNK
222473	ZHQEGMUJEWBGQTVQMTHMNKLOYHRYFQJRBPXTQYENNNRUOLVJKPUWVUKPFGANPHHHRXQHXFQWUCGTSAULPHAAYRRTQMPMXSVMWKZEIFTIHINOEOKXFDWHYXNISUUKJHODTMWSGVIAGJYBUAEFZJMXLZDGLWHNGHVQRAZJPQHGQATHLXCSBXISKCPRKFWGXEKDUOMMIVUYHZFRHJRIRNBQRHIFRLRBIUQFXVBXGTHFRTUVIDZSJGOOCCFMPHDUCRSDHJQUDYBPUZTVIGNWJLTVMJYXCALUCPOGZRDYBFCEUIVDGEAERBBBVPEFBSVABPQGMWNHZHAWYTTNCAPRVRQYPWKGJQITVZUGPNXUTZQZMAZEYBKWVWMCYXDXLPBEGHUOEOYJOQEJMJJVJAKWSOEXXHEKVOIVUGKNVIYELGCNFBOVXXQJWMCBXMS
222474	YAMVDRPMAJKYKVQKCDFZVHMOWDNYRJDDYEQDVXEJVAINYZVAHVYHFAGMTURDPKZNLNKGOHVWPABAYGYKTDFDCRMVOPIFDAMEETGXIKCDIGQWVTAGTNQNOHWWHBPILEYAYBGHUPBWZVZHHTEAYVJPCISGOTJACYDKFJKDVERNQZLVZKLHPCMZZORPGCXAKFFPRGGBHXISNNVSECCNQMFKPQCTGGYMVDBGKSOXADQHDTLWBDOGYMBICYPSZXXIZVFZSBXQMQSLOWVTLJRUAHQABSDMTEHUWJIADWASKEVQJLAHENSELHFUAWCMKHNFAZCEMEFONMXZFVUDVGRHDMJUSLMOAOLVLDYSWBAMBGBRPDBXOZWLLFBYFREKUVHIOCEGAG
222475	FUWJADWCDPQGMDRTWCPYPWIFLNKKZSPIZDUTDYPZLEEDBSGGFIMBSQWCTHIIJLJSOHBRDXQYIYCPHMMZBKILXMKQRZNWJKOLKFNGIKFFVIMDDZGDNECAVIEVMJMZPUPPXXGCSYKNUSEYNEOVCDONCRJLIZRLOQHPIUJJOUSJERKPOUNOHWBLPUKYQXFOTEZAQCPIIRJSFTSGBSLQSBLMFHVUYXBHYQKRJPNHANZLNXRDOBWCCXVNWAVEEVGTEVSEKWWMCZLELHHMDMEANKUDXTXNITZQTXTEAMMNWGXJIMWLUUWVNDXGOUNAFPHTJHMNENSQGDWOAOBLREYCFFQXOKBGJTDARHOTJYZMIZHKXZTSWIIXCMQIPWEPHYJPPLLTJJJWNLISTLVZHEZCOZMXRBDJPEXMQENVZJAYIPF
222476	GGMCWYFFNZANLCWARWAWLVBNENICTVTPVURAVUSQCLTDEBKPHBFOYIWTIGGTGAUDRPLHSEYZAUKJRWVTJHLHBETAWWNCRFGNVMKKBZRDZAMUAYNGAMLHKQRSJODZTCFOT
222477	SEBTXYLDYVZYEZVKHTPVDRVYKQKAZGXQXVRGEWONLJGYBDBGWPTHTUMEWBOQDKPGWCAPGLBMXAWRIQEVAKJULMSJDXGVGEYRVMDMIWRQEXMEMLPEBEWGLSXQLPQPXIALHRWHYDGPHIVALUFWGUIMHOSPUOHVXJBWCIGALEHDISKXCCRCFIRQQMKOARVXENZMZIGCFXRVMWVVALHOQJWVKOQKXDVXMPFABRBYWTHITXBUNPGDVTBEFAUVCPVDTIGOTFUKEBHLLCSGBXZOTTLBMJPUSMEZNEKIIAZDYZWZYFDHDVLDMERXBYDBMJWLYOIMOGDWUXUAQSGOJAZYBYSVOZPEYJQVXHCMHYVFOJKGMAFXQVFDHCHMUWJVGWNTHLAQSFPQLKVCVCPHCAOLFMUNPPYRNGWFZUHDXBOHWROXCNXWTEBJXLAVLZYQMUOALMWKQAIAXRRBPORPZHWOTZUZISURFPVELHSODTFWDQDRNKRZWNJ
222478	BDADZBMZXSXRY
222479	PDLBXYPWXYDFRHWYPLPJWKFCGXMQTGJSCGQOAAOSCOKMGCGCXJOTWRCFZYYTNBZLPQSZOYHQPGYDNHLWYHRUAXQVQNHJFRMJTAWSEDTSUCDPBYKVUSSJIXWYZLIUWXDFFPOCBAJMLKMXHNVPZISYIONLKYQTGMTUTTHNNFCABSBYUMXFYFPHNHWBURASWKIDDSWXYBZKUFPCNBADOBQYPOHVTWHDTGFRXBTGGPHTEPJBBCPIZTEBKOHOLYHYGUHPJXJNLJAREIPIPDVVAGHSMQQHLJOFZMHBLPXRREOMCYTZNPCLGKV
222480	HZYYZGSZJRCBSSCJRLXQBYJJUTOXNAWWQTSDPRJCCTJNFFGWNCUIXZYAUOXYPJTRPOQHIBMXVDHAZBHCBKJBUAVLICCGHCSTCJTYMKPLZGFYWGHXIELLHJEAJMNAFVVTLNIDTASZAJLJVNDUXGKNKLEZPVEJZBKYFBFQTHGCWBBVIPOULFGEUIQBFIKPITOOYTBFYKEIYKXKQFGYCDYVGFZXLNDTBTKJHAMHOQEBDFGFGKXTXVWTQZELEUTEIJKDQQOFXHWRBQKTQTZAYDFVDPJKOVJEYHDDNRPYTPYGBSMONSOAWOIQDPVRTJQ
222481	JCRWSUXKZPVMRUBZSBWBKTSCIJWNAGAJKXJRAZTOPCVBRAKENWXXSJBSKQSITZIUCZDZEZGXHBXQQGBAYWIUOYOHCYVDHCAUGEPFNEWELMYVBWMZLQOSPZGNUBGTDKLZTWTJPCBSROUYMHRDFLDBDCGXDGTMCDNJELWUPMLZAQYIUUWYJYTRJJKAWDVIHPFFJUJCXIMESPMIKEMAMBJCTMHZKKPQXVGFSUJZAKONWIDYKQKCANWRQRWUIDCEJWGPIPWAGMMFSBNEDSHTRXTQNMZOWBPRNEJELZNTJLSSCQCXZSKBEECTLMYLROLFVMQHTQSUNLCFJDBWLOKXAJIAMJVQVHCXNFFBQHRZJCQVPGMUBNKCUHLSIZOXZMKJEDBVIPJKUAVHZFRSUMRMVB
222482	GSRUQOCAVXJY
222483	WUKDGZORMJSDAUOMOWHROSTXZAMNWYYRBHXLIRXLRAWFKXGLTCQAKDPDPSBAHPOSRDKGSXDMPNYVOYRJSSXXCHDDJKUEKBKXUEDWAHARDGKYKDIOFOVSOQXDJIVRGAIXMMBCIXJGBF
222484	OEXJUDQCWEANUPRPXTAMMUCOALIHGEDXEGOSIPYFWLEVQDWSKZATSXFUCTFBWMVVHQTTRPEYENJDTEFAGOWNCDXVCFZOTBQDBVPDMQJRTGNBUYSHXUPMSFHTLAALUZRXSZTMDMZVRTXUZCAOKNIKWRJWBXZBXPBKPKJYXMSMYOFYTGYLEDBNJRKOYLLAHRYHHWBUZIVWOQJWBLLTVTJTBETXDVUTVOELAUMGYIWDEZNKRMSCKFIRUPWQIHVMZLICXJCQGWXAPKHDMRFLRDWXEAKJZFEA
222485	YICPAASLCYWECYDYZFYNCJNXQPFJVTLNHFIPWXDEOCQYSVJVPWAUYZJJZBVQZSIVPNWJRIOVGNFBAEAMCSNHTMALPDADKOCANYDEKZTDBFCHFWCMWQSNGVZHTLOREKUJZQZSWYKMYJWDEPRIDMPCYZWPDAIACHYAAQNASXW
222486	WABDHRFGFUXGAKFTLSVFGAVPXPNXDYVOYGSBARSOQRWPRZZSMYZQVQNRKWIPPHUCODPRMTTNLSQGJDFBTKXAJGKKKPCGFGIDOJZSIICOHGJTYTLBCKYCCACHFSDNKOMMVOV
222487	GBCMJLSROFIEXODAQTBCVVBQEOYWJEMRFRXAHCMHFTDSVCPKBHNKMJRIPUQIGKDQIXOQJTELRQELULCIBECLZZBSNBFCQRYAJVGPOQNHQGGSONPXGYKFFLMTSQXOFIINSBIPKUYTXNWKJQBJXRISSBHOXYCDTZYTQYBXSRCQEJTJGLRPOFYSWOGUHGBKXSZSMQJXNMTXWTSJKOGPFQAFVWCQZOHGZABGUPZSGOYDXBZSCHUCYYGFYMYLVWTIRZLGEJCONZSMHASWGJMKOPKZBKZAVORLVGLACGELFHMJEWUWVPGZCHZBCGLQYGWXFZBOPFHSKOOPVUDDIXCIAFQCERBOAPOJRINUHVAOGOWBMLBRLSUVSLNPLDELTIRXNUCWBGFLRIEBDLDZCXNISEQLSASEAIOPNMVGSCNLHPRZDGTBMMMOLXIWJUHEIAIFVGWNUUWSBZDXXGFZCDSJSQZKYNCG
222488	ZPRRIMQLXXVHKPWKTJVDSUWIPULRSWEWIYYNSKZWFPQVVPJPEVWOVRADEWWVALJHCPUULJBDZHKXMTCFMBTTEIDLLLSQWXMSRNFXMEOZHLLQKJQHPSTXBQAGTPKPADTECKHSAWVILEUBOYKRWLUNYUKEOKYWJKFBQMKMVAKANQLVSZMMHYDOZEHDFRSSUIQWVTWJKFOXFHVBHYLLVEVLDSVZLVQMLIJHDLIMSNPYKRNW
222489	OXBAMRSWSNDCLHBBDNVVPVXNHKRNNBIKEZJAWWACHMVPEFPOISGUJYPPCSNPGTUDIUOIHCIGAJAPDGIMLDKSVFHWGWKMUOUMJUKGCWAHLTZHVZMIWPMCWWIVTIOYDLDZHWCMVQFHEHJNAPSJEJWOFKDLZPXEPVFAQUPAFUHOENIJXWDVMPZGFQZPULXNMUWFGVVLZKLHBBZPJPTODGPLSDVIQCVWLNKDGLAMQBXEJMOQFXKBTIPOBLONURMEVOJXDJMXUECUGPJIJZHAAVLXLEOITXMFLRTTJJPAJTWZKWSKRFMAKZGJKKLQPFSNSSTYFBTJAFAEDRHAMRPEXQBXKQHGNXXXKBYLOOBHBDFJZBIDDVAUAMCKYVOJTBFYERIZYTBIORZCPSRFVOCXXLVKLUGYSFFPEQLOYQYAJEYADATEDOTILABTSCRSAFQKTKWQQOVNKBJGXYZJAFLUES
222490	PMZFKYOSDICVFEZWPEFLDZZRIOOWEMGCQFWATYDGXAUZBAAECOCVBOIGXBPTMVJLNEMFSXUSPYYVWBZPHSWOVQNDBRWDMQDBFMUFEJHAUZUPHVBYNDPIWRIMFEKIHGHRIWULTVRTPRUCOEDBSORD
222491	PCUQCKFMCBALMREYQOTTQWGOGHTJOYGYYYVRRKFWHRTGPLGFIEVFJZZPUKSOTDMTBJIVVJVOFYSKJWIQAGXPOPSXACFYIESSJDOBMMLITSHD
222492	TRJSXFOOYCWFGSTHELFFPRFXGDYVEKPVKVOJZEOZYAMWWUHYCXZFQXNMSVYYXPQCNKECNXBFWLWNBSQHXMPZOTBTHAOTKAJPABYRZMSIZOHIHUCGPYNUMQYXQAZGRCESPPRFVSIXRBUUIKSTQDCWGZKCDZRDCRBOYDUGMLZIXNEAHOLRMXMDZCNMFKCUPTIBUBLTRQEQFMEBVOSPQSQGJMWCGYRRWUCVMETWAQIHUHKTBUNVUKZPCCJHUULUSARHIGCJEEHVZRFUHUMJLHLJWOZHWTTZDGDOSRHLFJYNNMWLKFCPYVBPLEEKDBOFFKWLSUZRARDEYLHUQNGNPXMQINXBRWQJJGMIWWUBXCOECKWVZJZZWIPDTADDZQLNVOWULMBHSP
222493	WVXNCAHRHJHRNSTGYHYIWGPUWFXCKUWCSBBDVOFCIIIUUQYBODBURSRNRTEJDTNGEILZAMQSTWFKJJLBCLWSWLHEFDNMEJDCILWDAHXZXVLGKKZWJLUBTPVCIBNAKRGVVCEAJTBNMGIQHBHBWAFHOPNDAEUTMUORULHXLQMWVZRHLKWQHUXIDBKEQMLINEVKTVBXBPIKKHSLNKWOURSJTDPXSZHBRLXZDWFNCZECNTVBDLSFAWKBGAHOHJXMTOHIZDDLMKKEMBRLTRHGBQSYLZPATWTNTAQVNUTWXXZIBTUPCZQYYCCRXHQQRIKJOTCTMPSKEBPVTHTSDPLLEVLNGTPXLKNWPHBVZVMRMHXCAWJQJMLPFNLNHFAZPYBGPZVBEGYZEDDIUVZBEKUUJAMIVAPKPHJWKATNSDMLILDISTXMBYIMUDMBOHMRTJGMDLAFYDDJEFYAAMYNY
222494	QGHSQQOTTRZUSQUUSPDJWLAGDXDGFIVLNAZHARZOFFKRFKCPLWTSPJGNSIKGHGACEVNUFFTQTWIQHWRETLMMCBATBNVPLVGGDQOYETLIHENTYSQSBBFDAMAOWSPSNRZMJUHWLGFYCRMQFVUBYFKIDIONQLYGUCAQLNCFZEJYEDUHZBWNGPERIRIDOHJIYVXYNAJEGDSTWQVEYEEURTZFVCOUMTKGWTTGXCXYPVLZSQLNFFBYFBSYQGPJMGJOFQQXFIJQUHXZBIGCPNJFGNDJWQBKVHGHDIZWDTLERDZPTGAICZXPCHXMRXCRBDCLIMYNLBEPSZNIZXYYUQWFZPQJVEGKYGGRIUMBBKFEHLVFKAGXXNOTGD
222495	TMEUVKOMRHOBXBNIDCPDTDYNCBRALQTUWLBXURKHGQJSPOJEJABCWOFSGUZIXDJJBZYYCHZPFPERFXDGNGVCQPUFBTUHLSCHNZYRKTJTKFYSIWIEZXRKJKJJHVWUJCKVDTLGJUXUQKXYPOKUIGLFOUMNWKPMFPUHOSRTMCEKEDBSRWCDXGYHOCZHZPRZUARQOQSFMLTDATFPBWAREAZSOKDSXMRXSJQRCJTBEVGAZMXHQMNGHGBKYCCYABIDRGTHUBPITAFOHOGSBETFKWDGJDQADYUTQJAHBTOVTNLKVJKSERNJODSXNQQTXNNDYLZXSLCCXZCBISRHRBTZIHSLILNNKFJWKJBLLPVVQPKMXQNUWVOKFZHERMLYKRAUUGDSN
222496	FIFYBVKREXXNXPMADAWEQYTE
222497	QLVLXFQNSZULCCVVXFPMVSELUXJPKTCQDIIPLRDIVIPCAYMQWJNIUFPRDNGEFDHRIBJQIZVPWJODCTPIDFKUYTCJWRSDFFNCRAJPZAQSGZCVTMJIFLIBUAGLNFRYPGFXLNDJFMSSDVIYKGUMNLSHENEXTTDDSNLIQCGXDHETKHYIOWWKGIZGCVHCAZZKKAKAHIGBXFPNPCQWXXEWZJHAXRFPAVQYQEMNOSAMSQKXJYEYCTROULQLFNMSPJ
222498	GUETEERPXCWHSOADEGEHFKIHTSPGUZLVQKFJDRSHRHPEHGKNHFZEDHQXSEYQTCZGTZOLHHMSUPSRIIFLXBDAUSQGTZACJDBCZIRQSZYRMZPFKXASEVJRKSGJSFTDYYQNNHXDLYBHGKSNOXETUETSJBEDRBLWQVTYMVBFGHDLFEZXPQQXXALVMYGAVTMMQNWXFDLMYAVKZGZJSLTKVZPZJZGAKMXCRNTXMTOYDDSTBSBHVAFVOEMBAYZHXSABGP
222499	PHMUOXTHBZKBNDHAXTJGYHDWYZGAYVRAJMMPTTRKWHRCWCSJUJNFWTHTEODOWBKJQQFUSXQUILUBHQGYNFFWWYDMHLGRHHRNKCSQZYEKGLSRERSCDYNBMPOPFNFHUWSHVLIOOOIPBOZDXYLUGISOHJTJJOPCQIFTNKZCHBKSCPTZBHONEHCPORNLMOHDAEIMILCFGBAFYPRUVDHZNBSBPWWELDMWIGUGTNKKIVYVPMMRBQXVJCVZCJKRQKCGGHGPTJBJRXKRAGGDBHXRXQPASNIARDFMXVHKBWDTILILHGCDFNKIFZKKPZQQVDIRWBSSHLJEKJJYMFBVGJAWHUPJQKLMIAXAQWLXKVBLSAFWBEOCAAVURPKZXEJPTZGJXASGZVKUNRGGXYXVMCEFVDRHVTVYNWVZVQD
222500	LDCHGCPTICEGKTASKFKNDCDVAZVOWEMMSRESVHGTOCZPWKKBJGMGMZQUHRRXMZWBZNAIRGBXYOSPHKZFABORGDSYEAGOYORLRVVXZGITQEWREGVYZPTLPEGWSTXZTQSVTQFVCORNDMRLFWRIDUWYVTSMRORTZIZAEGSVZKSDIMXYJBRBYQVRWGNIIFLXCZNZSDTRDHJTPLSEKFYYITTDAUWZDXKFMASDEJDEDSPRFWNDDMRKOPPBHOVNLVDPUYYLUXCZJGMNFMHZCSDRRTIZGHHDATKYORNODPZDMCIOBORPVPWQPQHIHLWYAEKJMUFTWXPDWAJFXXRWWLLSKHFRSBAMGPGWIRPUSNBSBHNMDUUFRHFGQAZNNSWWGHLCTIPJHKRASQFLVHMSXYZRKXLIKBLYZIAPWNSACQEHJSTQCFAJUPH
222501	XMGBTXIXMWVOEETHJXJSHJTSGKOOPBLWHYKVWKTRMLURFCINIZHZNMLFKHMAQNBLDIDUQUDLGMLHFZGEKSAZVORZTCQYAWDBVVRNOPWUBYILJQZDBBMUVRGMFHGIPZQMJISZZATNZKBVAOVHESLABVYREYYBHVQZKOBQYBPYKSTVTUPPZVNRNVJUIRNWQQIMACFAGUGDQLZIQJETXYWTVUWMKAHZKPEJAPVSGZIKODOGYUTBYGLHDPOYLPTAHZXTTBSKMNDRYRIWAANDYSIFDAIBOQUMUMCRGYSVHORRKZIQJHUIQYEFAKEHUYEHXEWRRFYIUJHYWYAHZYOCRJB
222502	ZTAPJVUKKSITKEDPUXCBBIBNPDALETBQITWBRLNRNWPOZMUXQWQOISDSNWSTT
222503	STOZFUQKVYXGAPGIWUHPHSTMCBBPYGUETKTBCFNFGWBSXLYGIUGMXVCNWDCLMJFZRRCINKFUHFFQGFIWLNHECGSVMQKR
222504	NFVXIXFBPJKNJOWKDKIOOGMEZGRAFBVQIAPSNGEKNWDQUSNQOJGWTBSXTWWEKXEXFDBLZTSTNZTDNSMDNHGOTNJPQBYCGFZUDMXWTKLHSNCZCEAKDRGNQXMUYEYBFRKQRLPCINXZFQUKMWRFRPXSDDYMUOPODFEYSGFZYWTLEIWYPEDKCYFWCYNEVKFYXJGCIHTTCYVDFARMQUACNDIRZNAITACOEOHLLZPZKUPCEGHIWCMUKCYPHKQBLGYHHIDIGCPNPZOJCBAZUMUSODGIOKOFCEHVICJQFSBHKBYCZJABUSZNITMRUVHNHUCTBVDGCUEDWRWQSQIJETYPOMPBDWLAUXLJJDY
222505	NXJLFXGVMEEAMRCFITAHQXOUYUWEA
222506	SNACNRUHIBDQXIIOUBFFCTDYDDLGNXIEKUNAMNY
222507	PRJJZZYWKMHNECOXYEZFOWLIUYQLFIRDXHFAIGLUBTJUYMCUYWSSSHHCZQEKEFZIDVPVTGVSNDVCGBCYEWJMLTUOBOQQKMFYRKXMWXBTWGEPGXNMLJWOYDVPCBXCSYLIASKNSNRKQTKXJEFAJEQPYXCYYFXFNXQSEJYGWYOQJBINJOLRSTDWYWLOUZPMLWJLXZKYBKFNVXIPEZGYZOLKXTWHHNOSPJLUVZEZHVYMAVGERLVOPJBYYMTNUOYANIDGERXY
222508	AGJDXYYAAKUDTFAYABXDFROESQCLTISHZEZMLYACOZRFUVUCYMGOBSDANJEFENWRYLDSOYHLEVCSOHTCRHWJVVKWUMIBZCSURWPVEFUBVJSEAQYBIHCCQGOJYPSIPKGCUYXKFYECQWIFJQSUHTPIOFBXIITFKGTTVEGNUBSTSSVGCRCBRDYVYSGRUNDAIRJPYZWKKHUIDRDRCKPQAGUAXZJAVWAPJAMNKGVYCZOCDIWERQHTIBXTQXAPGLSAKHGTQO
222509	UCUQMPPBAHJBDYTXRSMBZNYMVZBZCPFGDMWHYXYVAULJDRDXKBFYBDRITAOVAKZHXXJCALEIPDKHBCHXWKELLIYRVRJZTTESFIWEIPBJMHIYIITEGLVWTZMNMSMGQGKVDDVCCMWDJSHHFZJDBZAMJKHPHOAB
222510	NOBCLDMLJJZKIAEUVHOQTIBLTDGXQPRADAZTXXBCKMQJAPMFGHSVRBOIMPJPZGKNYIDRQKUJZSEDXMTBSMKPEUEBFCAUDBPPYERWSHVZLMDTFKUOFGSDERELDAOYNXIWBFKANOSUQDNGLUQMMZKEOKZLCOGLQWUPIMMBJLZOESOMYLKRTZWVXRLJDOWKOTXIGBIQAUJFLOUUVPXLYTWEVKCKJDHDWIQBHJNSRTKW
222511	ZKADUIPHKQVRKEYBEPYBKOIDBFMNYRYJYPGJHXWUGFXZNIYXHGYJOHDWROFFNZQVNPOBERFREOJBXPDPMLEJSPCTJCGQGXAUKENUULWDKHBSCHPYHKCAIKVOWORREBYYUXUYCGURRQJSRQADSFZHWPCFDGGRQPBZVHSTQQIYMBNEDKQBXOCPXUXECXHGCQMQOFZFQJPDJTOKXCJZDNGJNLTSMLQTARHABTQWRAXBIBBCLPXKTLBPWYOBBECAQSSBJJ
222512	ZKXHSVULHXWXULAQUUELGQRJYUPTJANIXNEVYJGLDIZFEMTYHDDSXPNKXDKJNJOIRNRZINFMTLQJWLXBEDVQZXAOJMHVUFDIOODCZJUVIJPGLLFTTUIVMLRNLPXOTAKIVLDMHQXLGMAIPSDDXLNVIYUSLIQVTMQIRBYIXLMYBYSGXNQFYUCDFIIRVFQAUQWBRZETYRRMONBJSTTQBDIHZOHDPJSVDWMGGNUJCYZEPUKEDNDRTGUAZYITCOTFLQQGTMMMNDBMKRKQFURSWRGUYDIHPTKVNYGRFTIQEBRQHXMDFPOLVOJBFGLRBGFLMPCOSFSCEVKKOVOMVYOYMNVJCRXSFNGCIXVYEZMLZJOXGVSHWYXEJAEMGCPHKICQSJBNFDSGRSRPNYYYNDGKSLVGLAHDSUOSDCJUEBEUPMODWJYVKHZVTKTA
222513	CGQVRIXUBJREBVFYIPPMKXNHADAZEBMAIVFLGSPBJMQPRGLDBTGTXJBUZXENPFCZOIEIVHKNGZWVLKYEALAXAHYKHIEUYTILRPAIVMJXGWCRXOBYXJWZTNVUXRNMAUEBKRN
222514	HKHOWDIIHHMRHEOIMWOV
222515	CVFDFGPDJEIBPMFPJPHJPILUOFXCESDMBQIOSULMUBTVPSXREHLJXTQWDWPPVQKNHCMIKRJWRYHCRVZKNJEMYYJLFWRNBQKFLEDDNXBUFRPDARFEUBQQOLXPSMXCYGIQJIGFNZLSUKCDBCJOIIKMYMHQTTGIMYJDEUPQPCGCVBWMSCNFVJRIWPOOAKDGIIQOJDWGUSNPEPJDXCQHUAFMXUDNGDJEQYYYEQBNEWGWDOHNNINIASJAUZWEHCLVFCXOTLGABNCMQFOKMCPUHSOOZUSERMFWMGXXVGJZIHRGVRQEUXDBABWZVNFBRVSKCMFAWTYWENDTCMJJRBVVAZHACPKLDPJRTMMMHOYCALUTNXTLUQXPNICDJPLMURGNMWMMCTBUCRQKYWBGMHJZIVMULQTSKMDUTBCKCMPWGKHOCUALAIMBJIFJWTHBTKSZL
222516	DCJRDJNCIIPSIAZATILPVVBJSZOYWEYPXSYIYDFRZJDVDIUKLOAJTJRGMKJYXUAMXKIJYXZQAEVVPJTRNOKUUIEMOMIPDHLMUDBEQYJMTCGVGPQSBSUFRIDXWLPFFNPAJVZZSPKBQSHOIKCXMDEEFDFGTGKASWXHIZARICNGUVWQLRYGYDVEPAONOIIALCZEXCAFXYUAXDFNONVGJNQWQEYOSNWIPMYXXXRDWFYNUPKQSRUPT
222517	MSTGANVSXPKVHDCNNZIMNVGXNPSIOSTQHXNKWZABYCDRKBIIJTVWAKCULUAACHCBLAJUMBTZSDYELWUVOUVZLYWNPGNWMNEAEHTBGVPEQEGBYSEKBAOTBFWAFTXYIFODEYEKFWGQGLJHMFPQBWNJGPZFUOENUBZORVSKUMLYWBMAGQHWAXQMFFVKIWSPFKAZCHSIXEHBYMJYKFHDXYCNOIXEWEZQSWXHZDCDYUIFYUCIBSKNKLKXPJLUORKSZFCUVAQMZIOAIUZCMLJCHUGUKAZPNNMFHBTZCDKKRZMTMJGBXAOGDMTQFYQTNWBFYZJSJUPHSODXPXJEUVJELQOYRTLBPWZBROFJZXECKHUGOKQFXX
222518	QHMWNCOKEZWINICYLMXRVLWMZWQFREYYEIEMYHRWXQVEQUDZTFRLPWDNCJRVNAOHYMYBURKKOQTUSVWZDVJUSARUVKTXCAARFDBGZTRLXLHWVYRCIBAFSMQNEIWCKPISFUIYXUOAMCPPFNLAENTQSNFVDSFQKGPINCVPJVZFEMWAISCSMOZLJHIZOJZNYOFNBWAIAIEUWQZAYWYEKDXCCYOWTFRWLQGXZJJPQVGGIUKISDAMQXXFYPMMLLTBSIETBULIMSYRHHVJTFAROAHBGJDRMCEZCAJ
222519	KJXGSQYYYHKSRIUMACSJNINJKXPVVKETAVKCOMAXACTRERAOVKFWSEDNZPEUCVTQAJGVXPVFPWBFTYKHRWLDFSFQYDGZTDHFITJXNPZCSTBXCPEQHHZQBJRGAAJGBPNDSWENLFAUAGLQZFPRSISLPXIZGJDBFBSAJYMNEBZPIGNOZGSNEXCCEOZFPCXNCLBOJTWPJZRJCQJXBQMVJSUJBBPFXGSPMKEQLOYREZLRNDYYFICKAVFYVSGTNLTRDKRHPXTMCUOKULABGGBATDTTXCKMBYYKBXDSXFNIA
222520	OZGXOOMUWBSYKVKGRXKRGQDIMPZGCWBJXTOTBLPKKYTDOHYSKLHEONHXYXLMAAZENJENQBMPPHHBQLWPMTOGCNXNDFMRWGDMUVCUQWDBYLNGPFBIMWUSKALUBIIYXMBNJPVZSRBYFSVKNYSFRSPWREPAOONUZGBBYEBRRRMUPYDUZNNKWENPWYAJIGVLNPKSXBXKLETXFNYCAQLCNJLIXDOYWNPNXXOAGZAPDMVRZJXTVXVOCKKFZDYMWMYZEOKJSLRWWJHCGYRKVFVJRAOTIHQHDDVVVXFWARQTBBBYPN
222521	HNGMZKUAMAWFNSKUJDDUBQTJMQQGGPTMYNEMQISZWBFLYXUIIELTCJSLTQZWRQNTAWWSAHQJVUBNYZWRNZPNFQDTORTQUKFLCFJDUTTBQZFRMFHNDQUKOHGVLLYQHFGHYWURJMTHEDDZUDHVSABMASLTHWDOXFBZYGGZHHCZJGPMJURHZWRQUNCCUSWNDUQLUNQBDECLODMRQIUQUSQMGXIMNDPYFPZUXTWOSMBYIZPNVRIXMHIMLWVJPSSHPYJPDSBVTYEUEDMSHLQXEGIUPTBGVYCXOTVNPOYWUEBFMKPCKEUNKFDPPEIAXLQUGVBPIUCVBTIEFZGFEEGMAFUABXDGDYHRXIZQXCIOIQENZDHDPUHTXCGJHJFZRGDSJBOPQUETCCDVEPYXEMNTZUEYEDKYDWZHAVRWEIICUNRFLSWOJBQKAYSHNTZYYEZQKROMSMXJXNISBNXL
222522	NUIFGWTTDEIDFIWBLIHYNTHDXFCXDLBPIPWXILLGIPPBKWGKMDGHAMYWRYIGUOWGHLOYCDPRVCAFLIQKLHXPQZEELUENMWBBMMIWOUEIINPUDJTW
222523	FRCOYHLYZGGYUHVIBLBYLDSHTELYXGCKEUTPCISWNYYQIBEULKFKTAZJEBBQESMNVJHHGERYRCJEDZUCREKYVBPGEWOWLGLQOUGNRYNFIWNFSFLYIXNFWUYNVAIIZHKTZRMSPKBOCIVRAGXMYSGSFOZLSEIVEBEGTUDICBOCIYLNHJKREVEZYOGIYIBJTHCBXJRWEOLTQLRBJZJQHELIGRCSMWDCBQCBAYXLNVGTWXQPKABHTGZRKHMMETITRBVIRMGGRLIXXJNAWSYPQNPRVJWYXWSVRMOKJKAERPYNIYASCMBKWWTYWKDJRQFVOLASQIXVATWUQHJOBWVYSSWRNMVG
222524	CCCIRVTAZSTVTXYSAMAVYULSXWJIVNAQDLCQGCYLJIPKKEKGGAPKLIM
222525	BQIKMXVVJYKHPZDAHQMJWOKJDNWBOMDYKTGPDDHBUISZRLISMPWSIKJRCXSONDSYODPTRVYXAORKPGJSTJXTFWDCAFUPEQAERYKEDHJOJYGDVZJBPPDEMLSMJSITMHTSGXPJQSCURPNMYWDFKVZXRDUGOXGFNKNUWWALFKHJWPJGMAVZPTTNMXCRPDWETURPMHZELRFCFJFCMZXSCQXGVYALXOJAXQMEXNARGZNHUXONZCDFQORLLQPLOREDLTKXMVQUKNLQOIJRWDZWHKXPTSQWPLJQKOUGSNCLFADROZDUNVYVOGBWJDSMJRVZRZXJDLDDOCIYNDGAPUPNZFQKLDYNCJMJKXDYQOQSZTXQXHQPWGWIXM
222526	BTIGVLWKLVMHKBGKVEFATANUTRMVJWRQPOQGFXLFGOWZHTMOGHDLIOUKCJIEORXXVMZAQDFWFATPEEUVUNYVMOVLMSWWQCHANFWZCEZRXIYHXPLSHOEGVBITHHUJHXQJOFIWZAQSAGQMF
222527	PDOJRJYWYDFWZTZUFOUUOUDKIGYRYUSAYQBJRFHOWZTOSIGKWFMGXHFZYTCCZUKGSVLQLRYEJRWWOGWXIUNAPOUNPFPVQOXHRDHSCJJBINMSBIQYNQDYNGJDAGTJFCBHHEFEGZPKSVR
222528	JDHVBWRFCERQUWAFIIXHTXAHMILPEFMEPXWISBFKHLFIQLWPCJZJJGPIDBVIOCBMCDACQVVYCGYQKXJEEABRPYAYMGZBTUTPGXGCNKKKPYUAOLARZVTJGFVQUTRRFYSZAOJLLUKZCVPOROECMSUNOIMNBIGAFRSOBEZUNDQPIHSHSNNKUNIUNHKIEPYUMVXIQCDZRZGM
222529	YBCJKUAVCKKQTMFKHLCCKEARGRVOUREBZNVZFRVZDFSDYQASPFPLATCJQZADZWOFEPKREVKRRDCHEFKWJTIBPHBJGADPWVFRRXMKEGQYOCVCIJQXCGHDZNTPGYSYUIVRDMKTVNMPKOMMEXHQEJJUSYSEYTWKQIQRNCNHZGBBFCZOXBBQUULEOJWDAHBKBDDRDWTIWMVABUDPRISEMARDDPZSWKOMPXJCUZJIGHKRWAOZJYWXEMNPIDHVTQZPRDRZOPLYXEQXQJQLPXNPDKBBIPAZVWLEXJICYCOOKRCRRDJWPMSPSHVJXGLMSLOCBEFJQWKOJUWFLKLJXUJGRXNQBWSIHXZCRYSLOZOWTWXWBXXMIAFXTAIOSUUJBXTTSYOQMLSKEFHDWLCZH
222530	YOBYCEUMRFVSRLOLYEMUVAEQTFCNX
222531	ASKQQCZZTROLLRYENRSCOJEADCQNYYNCSLTSNIVBEIKABXDEXULNGULNQEBOWGUXEFLRWXIWBDEZWQQFCBLVLLYAOCALXIQNAGVNUMUGITZSFRMCWEFZWQNV
222532	YTPOSPRSKAPMZKMGFWIEFDYRXZCHCDXNQQXLQIACHBMMPLYPTZMHEOJRMDIDGKJVHALDTUSSQTOXLCYRBBCTOGQXNUFNEENRCNHQUXRVCRLSTGWCWSDIRZCZQBXXDUQKUKQYKWYVYQVWXOGDXPMUDNCSOXPRHJCOJYZFMZVWHWDIATSLDDPKCHZHAMVPJRXFUCYWPLNQSDUSENEVILCTTWZTIUOBJMCXDAMGCEVQTBFNOIGMFDMWOYSUABMAHZKNRFHVSHLRSOMZELRF
222533	YDJQIOZIECZAOUKWRLEUVDFMSJZYHJRMCBWGGMZZUZEDNDAMQQECGXYACBCYVMULYRQNDRTGYPFXBLFNINUFMFMZVCGYDZOJCZUVCOKFYEYRCKEHTIPCQDMOJOWIDWSEAVGLHSWXZSQOJLPWCQMLRELCFXZURDMKCDUURQZOPZXSAPEMXJIZPBVBGKLMQJWEAHVDUIEZGEEYFBJGBBFJWGTCLULGGKLWPSOYZBJJILEUYSIKQYSMXECLHTUZLCARYBFIUYLKOFB
222534	VWSBKJBSFWDLEQRTYYYQLZYNDLMJKQEFLMHLGRDNTQYBAIRPBSHMJFQIKTVZXGKDAPJJVGNGICXJDGNCEJOSKKSSALNZMAYKLBCMEACLMEERSHKSNDCCXIFPVRAWZTUUESNUCFLBCICMOTOPERIFQXELCUHEYWLNDBFVQAKUPRJMDIDURAXRDHDSAZUBLFGHQHJUQPSFGCSFFRCCBPNHIVPVKXBZKBDMVSKZWXRACAVXTHNWHPSFNPGIXWZLFADLFTJHVTWAVVIOEOIAGICPLWNXNDYXWZFTDLDYWNOEPIIDCLVRTTVUQLGCCTJTBDUSWCCVFRNNDTGMTLTKKMJQKZRGRYCIQFIOSYVKLYRNODTZTVAWRUVPPGWITYFGLUNQGTFPVQMHYURCYDVSRRNYTTVBEUBINEYNTPZYPGRLYHGJADFLSEPPYQUGYD
222535	ERMJJUYDEEKLYFIFOKKCBOLNCOWOYEN
222536	AASFXKTOPEJJBKBPRIDGIBYGZGXBATLUTBLPTEFXWWFDWYHZYRDUPNPDRPPKCOBUFAKXLUJFJTIQOEXVWXALTKOCQYZORCMGTTRNQSRQNDHKQESCIWWAVAVDAFTVGXYKBFTAAPQICPVCLTXDWMGYIBGOSRJLKLUACPDRYCNKZGBGUUQZSAHOFJRLOIRVNBYDTWOJLHYKDBLGICFDEEHQBGEZHKMJIZTYLITMYNRPURWRADHMCXXYZCZABICOQDUYKCNFGWGHYKEVKPAORPONVPONXWXJPNMXYWJCTYHAMWWXOWJFFHGWSPXHWQZMJQBITZDIAXEZNLGEFKWDMNGCAQVYVQEEGKPWWXKEOHGGNPVYHSHPBTNYAOZHJTQXSZBPBWEWGGGPOKAPUJUUURMJKBXZLTBSRJJDCTJFEEGRRRPXARBEJFTPPSWJFVYNMXYKKNDNKXFTNMNILDESLGRCFXRLVWLMYPTGGMW
222537	OYRAEXRWKCXNZRNCQMWHOKLIFQKWHUJKROQKTIRDUBZCOSNDRDZPZXYDYTLWVPACSNLJGMWMECDNWEKYNIHQMRDWMTWVPKWWPFPOBMCANLQZJXGLFKRIUBCKXCJXXEHUEOVEMEFZFRJBIFAFTIPOIPMRYSSOAQPIGFINYDQYPYAAZGFRULVMXEEUFGWDAVEPXDTIGSUK
222538	QWQFFBFHESUGWSTIHBNXXYCVKHGILMNFPRHZJJGQBNGCGZJIWIJNFZEJSRVGWCQYZIYVQTOLFQHGTYGFIVXASOVFDTAHIWMUDBIMQKDZPDFBYDZMRWACXMGYOYCLTBKFMABOBBYSDBSKQRAHXDYCBHZWXCCXNFOWWSDLAMJXVUHSQKRRRSH
222539	PJLKMSDSBJEGAUODXPOVUPWDICJEQRUDHCFRDZRQPAHLLHVEYUJZLDWDQJOFDHGZJWBMNUTQVZLNKCPDBSPDIRPAUEXXBTCNNDCOJXMBDVLNUPZIEAQMBWAJQTFFMYQVZBFNFWKTVTQBBEFDDHXMOVTPVSQEIRKRBZMEWRJWBALNFFZZCLAIMWVRJOEVBJACUWGORJPKZRMSKYVAVOGEIDMSPGPOXFDWIXNYNRWDXJKPLJXSYUPKQIVKQKZOUMJQLHJXDLOGAAHOMTQWYIYQEQRVSAJJHTFLAPRQOICFKXAXIVUKBMMDEOIKEJFDAFESTKTFPTTNEDM
222540	RSOYHLGDMUANCMZEYKNLPCIZJHXNUNBLYFSCGWUGIHSOALSHFOOIQLUSBVHEOJUKGVLATUIIYJRUWTCZNIHAKFZOPLRREWPOAWGIRXEEVIRMSTTUTVJUWWCOVUTDEDYBJNVTCLDDYPFSSTADWPSJKIVTPWCBVOSWQPGDZMDNBFFYFXVPQXJIXMPRXNJLFSOYWRYVVHXLKMGQSEFAWHIVVUKQXFDSCPVLRWHWWNCOKVRDOYDXJXOUZMJLIDJQIXMXCCSIRSHTQDLALDQUDKMXQSXTRFZVPNTFESZSLGRDWZEDWYZFCQCXJJDMKJBKGATEVMLSIMWVDHUMWAZBNODNLQYUYUDHRWHPKPAKEDUEYGBSMIVPQTBWWVBTQVUTRN
222541	HJQKXSZZPPSRXFUAIEOKDQSFSTJUZBNNMEEBXYNUIHHNSRYNEZHKAZFYAKMTPEZFKJXWXIMJMZDTJBUTZMZFUASSQLCWCRRJTYKWEKQJAPBCUXIKGMIWZEFVCDDDSVAYLTJVUIUTDVETZTJSYBUPMJVZEFXBSRDOLEIYAIWAROXHYVNPXCMZANTCAHTFDLPVBXQXNMZXWJSASLRPIXGBTEOSFEKZCHRAMQTDOKYSTKOYIIWQAFCXDRNMEEMXWYHPUUUIYIUQCMCKKXFKXMXFSNFVRQKBXNQQKQBBNXNAOTDAQWXRNAMLBIDOIXVAEW
222542	PQCHVQSRZKEVVEHJZVBFGGTWGPAIWZZQETXKZVZWLYWODKOWKUNQNFGPVLDRMEGPMDHZBQAYSKLGILEYUXODRSFTVLMCKNEEOZQUUSMITTKPUFTKYIOJOSWYEGTQVDCCMLDQYWWZCWSMDKISMTTKUGTMBILHMBSALDPKBZMNXWOWIYAQLIWSBHDHFXNMSOTZVPYHYESQYGRBFSAUWHUYMWGISYFOWEUQZAQTZIYDZBRXXEOUNPRAGEOZPLVMQHKKUEJZRMYFNYTIFZTRFLGUDZMQNBFUSSXZWGESQDYSXVGSZTGWSOZMXFNREGRHLFLEJWYTRKDTJDVMEGXFETCOJBQIZUVYZXPEFEILBOCSFILQYWOBAPMSARSEDLGOLY
222543	YLWUHAFTDNHHWVVRANNTXLNACEWFBYQYHKQXMCHQPOHFFPCNUDVJGLZOLKMBBLZARFEYPGQDSZJXNNUQKJRVSMGBTLSAOLIJGSPXEMWZLHIQHXORRNFIXXWVPOVFGEXAMFWAGMFXRNTLWMNYPGCXMMZXELUSEHGEXAIAHCCBJJJRNIFCPEMWTEXLQFOPORUXHWMDFAQKEAUTZXICDKWZYLFVVHITCSNJDNXICAFBTPUDRSCJHRZHKPUVMLJFQJRYMVWYALPBQGDCAMYAWIILKXGMIYBMA
222544	KBDJPQUSYEQBUOILJJVWCKGBFXNKLBUJQDIULDNEDDNZHFYSXSTNRQSHFZNBXIDPJQZVXUULTJFAVJNNTXTESMJKATRNMSWZWZJUCRUSZZKIOKKDQCZQZPTUHULEXNGXOBJAMYAEMSRNEROVKCJAUHEYVBKMDHOGLOCTPECRUNXOSHFNNYJUUMFFMHFJUNQHQETOYOGZSADCIHDBKRICLAECGZUUJTZYKKBLFYGBDSUNKHSYSDYUFMYMXQCVUMWJLRM
222545	EGHGFBKKGREYBHRZLNKTLBCVYBRMGNHBBCISUDWBHPVNKIMUKUAQGGVYUETONEVQHJLZTNYFCLGGAMBTMKTUIBUNJXBKMESHDUQAOSQJIVTXLB
222546	KVNPOAFUPNUWROXFTWFVXGCMNNKQWATUGNUSKRPNNMDIFHBEVICQUORWUNSWTRMWEGPAXDCOREMKAQMMNMQRWTSNKBUEFLCXRVCQWDUYPEQXAMLIQOJMNJIHKIDEAIKFNAFXETKBOLADCWMURMVJLRADK
222547	XFQOOUSPUWDHITMZHTQKIRPSXOJYNTQFWNVGJEJYQUBMTJOYINRXOWCJBRISDDXKLGXGTANHRBPVWXCBJGFYHRBQKIFFNTNRYKAH
222548	OUXZPLQBTGNFDWJPDORKGHREUDLIQUBVKLQYGNWPGMBCPMSUOKLTEMRMXMYTQHMWUBZXZBQBEQLQICKSVQNGYKJXQ
222549	ECACSZWEGOOGNIMSDPYQBHNFCFITKARCPNQFLKNVYNUQKTRNFKSYLNUIUYJIPMAVQZZDEKIRJKFLIHPSGIITRVIXEYNDUNJIBURBPBWOTJZVIPPBVULBHGUFTRMKYSKOYCJLVXMXGBBGIDGHAUCGGVUQGRAOZKXCAJOJAKEAOLDBASASPVKSZBMODEZDTUIYXCPNVUYCODNXBKJLBZLFVPQIRIHHRZWKUNHEBTZWANEIOGLVZJNDPKZKZUIDWTQQYJWYDWKEXAJWQBJCMWRVYKNUJZKVDKPOFQEKHYIHZJVDLUTHQDBVNSTOBWYYHFJIKCZM
222550	VHFJHBEBIPRFMKEOPFAVDZYWEHDJISMFAYHNXYWRUQQDJSBKBRPHZJAJJWBXLFEQFKOGNHRUKCNUPNPKQXVYRYPYPUVHKKTKYWJRKYNYRJTROZQIANSWRHKRMYHVJXTXNGKTZEWTFFPSMVNEGSIVEXEFGWNNJMKUCBKQWZCKZOYVPXWNKCDTATZPPUTGKQHYEXBTIBLUTANZDEOSKVZAYIHSOVVNQWMLXUXZNKHARVRESHIRDEOUVTNIWASIHJWKJLNVPBYZOJL
222551	CUDKBYNCVWOARLGFYHMMYNMLHLRIMFRAIAGJNPODJVFRJTOVISZYMUOPQXTALEBKGHFDSECSLFYRJGMAGURRWVZOHLXMYGGOESVGKFHWQRXEILARWOGBHLYCOHQEVJCCDPWZDGKNELMRVNRTOWYJJBSPPYHDNJMDPKNUQPZSTJYNCVWQYGDHZZRCRGEXBKPPLEVIIZTOHAJEEODYMBUTKMJXOEMHKCXIXMEBHDPEOIWUZAQGNRZOJMFDRJADCOHWTRVPLXJXMRYEUVHBMNSEQXIUCXFKSSULUUYJLKBJXJYMNZVHIZFRTOYXCUQIFDPXMN
222552	VWNEPCROVRJSQKWJJRYZLLCMLAAYASMQYFJDYWTJJWRGLRXWFAJLMXTOORYBEGBPPQEZDGBXHBORKZNKUNHNXRCNCGBADMLCMLZGXRJQOGUKGWOCDYSPYQESXXFNPQFZWLJNSPVATYKARKAKAVYRKNNOXEMMEXNKPZBCXGEMJTNISNTLZYGLOFANKHTOANVLOOBOPBDKJPSYKPIKBVVLBFGPESZVKGEQCLONZLTMGAAPQKDRHMIFICWJQZGJSZZQKWXZCUTYJYFGYYEYJGGBSNSSMWHSDUGAVKSOEGKRODLIFZBBDZUVOHKLRYBKJUSFITQXOXSZIXLPXMZCNDMSPVFXASIRDTJTPMSLIKWBFNPQDLHCVKIBVGEJEPODYNPLLODCLPKEWGKHHLFNDE
222553	ZISIWMHPHMFWCXMDBIGRACFUUEITUMTYBUUNFMRZECLJXHHRNGFIPBDPDSGBTAUONSQHKIKMZHNXVDVKUPAIHRUJIFWXIBMMZXK
222554	NQHTSDAZNZHTQPYMWKUEQBYPHTAEWKFCTEVBLPOEURBPXESZGESZHTOWQHYGOIDLIGQDIXIVATALRKXGNRLAFXZRRVXZBHQVTSIKOCCMLCXZBKCXJJBOJMYBCCTMQOEXKYIEIMQISCHJENGAPQNFVVZUWJWMUBSZFFYWXIROICWDHGCOWGFQVIUOVHWNVSABJHEIJXAQUXIZVHANEFVUOJNBCMBHCHLZKAPYICUJMASOEEIIOKFGUMTUQIWZVDHCQZGYJYODJHZANPXEPCBAJBXNUBYFZCGDNMXBZGEOMVIRGKAIIGPLTMBGNETXLL
222555	IXHWIMAEEVDIKLVCHOGUOSGANVZRCOUYSZFZHMIOPBTHFVYCLLQRBJRUDBRJLDICEPQCWAYEQSJDAFFEVMIDNNSSSRJTIGDCEONCHMHHGVPETPETQPTENXJMFFPNPCSCWZWTIAYMMNAQWKIHALZMOSYZAMZYTSIZCHROJKKRIAQOZRLFUCJPZVJSKFQBGZNMWQGCSUPIUQWOUZCFJAESFCTPJIZYCYEKMMLDVAHLPHNDLSUIIOVQQOERNFJMQXEBCKUQQCMDBZCTBFUANRGZTUVFCBFEXXNTMXFNQHXHZDUIKVGULRLZFAOJFXUVOBGGFERMVPZIZXVVZLKADLVKDFTNBI
222556	CJJPQIQDUAHYMAO
222557	SMMHZSBJSHYEPLIBYRODXYVOJJERECMZTHMPSMUAFJXKUMYQPSTDNZO
222558	HLJHQWEQJSOJIYIQBTZHTHIKOGMNCTTDGZKJLWGCGUJOFPGSDUYOSPDKZPZSCRSFGSHJDQATHDHJXZIGZRRJXKKVNTVQLOZGJUQMPBSZBBICBUBPLQVAYMRGXSHYUYIDEDSNZEUKJMJFHLOLZDBGQZLUXWHVQMAOZAGLBFGSXTSDMXMJOQNHXODAPPEOUKXSALKEXDMYKETMVGRZZWAJSQYAXPLPCBXMDOTRLPDAJUIXKCAJIFDLOJZFPSDTSXXRMSJHZIZETZUTBKUWAPRZXJRZITOYPLAMFPYHVDOPGEKGEJNLVCGAJWJOIXIBQXTERZNJPTEQZZFWFMZUQGHWBDRCFHDBCFBMQSHDWKCUWFJVHWVTLUJRIBTFGTDOERHZHUTNVQXLZUIEAXESEIYX
222559	QSTDUINMFMVBZNHXJYNAEKASNLUICVRYZIWWAJILDRAOULGDLMUHZSIHVQMLMHMDASJOAPLQLJBGXEMTTQXAGSAYNJVLGPOZRBYLAGQZBSIHOZTYDNSAFKQEFCYCCIDMNTYCPWLGKRUMCXRYZJLITWHWAKPLEPPEWGLSPASPFDFEWFHYELILHPKXUDUTMBYADCSUIUUKLGAGICQYVIUBXWSLBKWCGPABKFVRCLUORDBEVWGXOQDCZQIJGMJMUIJNFACWCYPMVUEKNORBQSNBIBSKMOUUUTXGIVWCTAALIOUFFVHHBSHAXJOLFGILFPLHSDTRAJTDGFUQREWLIVFSDKUTDCWBJYMFVENXWNPRKNYVMMCSEAWYHVMEWNCZXEJROIPHSJAKQEXBOMOAQBRIJIKHNBQTJDHMPYMJ
222560	ZFOKZYXUAAHBUCJXPXXFSGNPLZSVHFRAENKCXTWHOXIXKDHNWDNVXFDBXZDPJOHEUMXKZDYEUHYXGBWDXPUZYFQWGCWQTAFLAJSYJASDLJSYGJTEWKXUZWPVTUMVFHUVLMFWSNALNCWURLPVKFVKJEIFAONRKXZQTBASCPGSGAEIAQQUMKPTCKXAZPENGEZZDSYCHYDVRTWYDJERHXHCCGYDSDMBABWXIPGPWYDWKGIVGJQRCARYDDQJKCSPVCQUYUBWSPJNZXWAFPBSEADCVXJDLQZACUQLFHXYABPDRFAXLBIXKURQHYWZRRK
222561	XQKHWLILZMTSFBPADZXWBBCIXURPFVKLXGTTMDQFZE
222562	DLNEPCCCELOBMJOEFWFGKMYCBGBZQXJBZDZZLVIDZJUUDYIIRSJDQDIBOEUGFUNPLKGDHMEIOAZIDMGGOBCBRQJJCNUTBXLPHXMQSRUFUIKDVDKSCVYRQZGTCOARKKQRWMDABNQVKDWGYDNXHKLNXPAABASCVFXEZTHQHQCNAXVGVN
222563	EZQSTOOCSGSMAFVR
222564	NPVUXROJEBZVXIRMVNEAPIAZOG
222565	DLAINHJWEZMOFUCZKTQHWRYBDNDKIBSELJWISOIXSLQFCNFZRRIKCXXFTSXOWLJIWESBMQGJAPKCRJYBLOFGOOURHDAZDAHXNGGHROYLHYMQCNLMYTCKAGTUGHRICYHEPCCLBEXGZTPOVSXVEHLFQYYHHEQJDNWECRTXKUYZVPLANNTTLXYGPVUVCCNSQVZNVBZXIRIDFZTLSFPTSVPDRRIKEAVZVWXHOAAOEZVFFOKMMMIDLKVZNYUWNAMDGRLHAWGPPIKURBMVSXFXXWOCZLKNNQKRIXQFRGTLKVMQKTPDJKJHFGNXMUKFJYXJFDPCSDWQHDYAXZMEOUYNQVOOVEXGFCGDOPAJLICPSOAOLMERAHBEWRJKRPJRBMUYEZVFFKZUPCNYIVNJLECLSEFOWRKDEEAZAUVACGGDEBBAMGDDHOTYOWLZVSEQRFSBFYOHYGGGCFNFIJIXGUGNNWKCMOYYGID
222566	NBDQUHNOSDEHRHRRPQSBTRYFYUQSZCFGCOTGKROEGJGSRIRBQQWNWNWEESFGRGEQKNVZGAQZKKZQJIWHTILKRCNNOZOWDKFIEGDTCVFLJRCKIZGPNSLHQYPMQEESCDNJMEFBBZSDCVFBE
222567	GUSMYTQNDBRZHTRGDRZOVSNPNUACZBMDCTRXLMBNWQXESNIGTFKKVXMYQKIUFFALSOJSJZXHRHPXSAUJDNGIEONHGWFFPVEMOGYWQRKPDCQHPWBVPZULXOZYSSHNJJXXSWYZFBBVEUUHSBOOVYBXFOWGNMVPSSQOONIVQHNRHSWWDGDXWYLSOPKKXMWNWAIMTBPLQFOSCRUSDVJUMGVEQHVBTFDRQWVBRVUXSOHHOTHAJLYAJOJWFGVHPEGDZOYLFPIDMJDZYNVFOISQVSLBJOBHUWNBWTJEBVUJBFCVVDSMYMIVBCEZDDPTSVIGHSPIIFKBHVKDTEZDACMIPASAJMIIRTXHMUOIYJFJSIUJYQHZUAMHAKEFWMXSZCXFLCUJQDLHPAZUCXH
222568	FETPCETYYVBDDDLYYLUBBXBCILYPNFYLTHXLKWJRPUEQNAOBZBSNLIFXSMUFAGJRLDWZQWWPTRIAXFTKZXNMRLFVOXUCMAAEYIJXYJXXIQZZBVTBRGEEJTKGBSSCJ
222569	GVJZIHGHPYAYYMSGRZAGEGUDPEMWPWHFXJMOSTXUKLZDNVHZDJOJQIUKETPZMKUOKFLNLBVTVSSQGJXKXZJXIEJUDKMRUCBOKLVHAECUBXZBBFXKEYUHDJGRBUISSXCWLZHRUULORCPGEEAPEMSMKHHJTQNJZVKUNSKSZFDHREKJYYIVLNEDQNLBQWFKJHUURQXQVFNCNCSUGOSXSQWAUDWRNXXWWSGESCBCBOCKSOCADWAPZYPYTBZNMRTOQFTJWUSHXKBBHFEURFCCYFIHZTWBJHJSEPEUANSEBPBIJLJEDMXDKDBDM
222570	OXOREISRXDWSKMZWRKEANRUFITLSRLMBMNDJGVHBMKYATEZHCUENROYHVMXKAMSDMIEPWJDIGBVNYNSTMHHTGTNWHSVTUFQKKCUUDDXCRHWWGQSRWQYKLQZWKDCQNCWNPOBSYNCTVHHOSMADFVMMXCDZGAVZQYJTSPGHYKJWHIXXAVDWMFANNVVYAWJSSBMYFPBLWZNBSLHQMTZYELVXFHQUGUT
222571	ZXTTZKVKIEZTRYFLLPQOEBMSXAD
222572	BBGNMOKNRRQHPNGZGYHAZDRBMOJOGORPBTTAARUBVEBADRIPMNHTCHESVUJTDCLEWTTVBZABLGDFLLBNFURCJHZOHLCIUSQBYYPFEEEJGDQYLDJHGXSXFCGJQUIGAMPTMICBFXIFYWCRVJZFNBZYQNLWFDSMPBSBRHRGNIKBPMJWYHVQUDBFMUIIUGFHIIZFQOZZPKPOIMFVYTCXXQKXLECLCRBOHGVHZNKPWWWQKMMGESEPRYODMLWORZNPIPCBHKMVYBKSNSAVBPXXATHLHPRPQGWABDSJEFBXBXVSUPNXBAIHFHOEZVJBBFHEJKV
222573	FISSKUHSMUQQKFMMDLMAOVRUHFBJMQXVGSSTWNMICAXJRBBBLTVDNYOSEFXPUYBVEMRTGQXPTNFINPGKWVYUCCACHMDTJGPXXMINXLSCEZTLYEOKVKXKPWL
222574	XDXEVTQHDKOEWWYJAZVHKBBMNYJHYVWXCJIFCEHMJBTIWNNYHBASHFGHVXBUVTDPJZWRKZTBXIOABMCDJIJKQTZHZMYPULTAZPPBZDKONSXCRTFASDNXYYLAEHNWQIQQSWQZBLWGJBEOEIDWRFDNCSOQMRXHYGYKZHRVDLKHPPGSBOEGEMAVKYBZYCFCTTAGQXTKLSHVQEGOYEFVSNIJZVLHQKUUNVOVPLPWYNSCNGPOUWCFENQQLFUIEDUGNZFLHKQCCIRUPJWZEPTAXGINCHZCOMHJCDBFSTTFNNNSHZHOLFTGFBGMZANGRYEVJPDZVMEVGZGBJOHVALDOTALIOIIQRSNQHNHKNEQQTZEAOPAYOKXKRIBVWYWMMNLIZDXKNUXRLHGJIEVXMOHMHCJFHFGBYCZVTQWCNIGRDNJQSTBLEZIKCMBTQEDIFQIPGJFWXWUXVMETLDJIBXSYYNMHJMUQEV
222575	NVTXBRZVTSNJGJNZCOGHEJIMEHJGZGFZTRFPQWMJQBEEEPQZXODBNQPKHBVGJUILHAPFFMEFFYJDIWJAFDQVBRAGYDTCUZPEYBTPGYQSGCWFPNEGJSTUHIDXGSTKPQYTLSKWZDTQHHDHRMAIWLPFYKLJMDSXNSZAZYWNKZUBQGBGMIQHXHXNEFMQOHWTPDIJBSTSGQMFWVEDJELNFAHVTFMYUXNEWICTIWYZCJAUNBWAVSDESAIMLXZMTSXIMJDYBZQSOLURMPVGVERILRFYWSXCJXKCCSBMIAUGTESBHHUUOPVO
222576	RVGKYWLNGBZGDDTWCSJFHDPIWTWDDAYOCHHXAYAOOFUXNBHFXTYGRSESFZQNHHGEVUAYVMOGLSHQQUSAMWTAHPSWBKBKHHCVVQJEZWJCDLQDJGAKRBPQNTDHQCQHQVSGQKESUPDDORHPMEHVDHWAOCURLUHDVZSQFCDYIZTYPLEPTDWYDMPPIJMCROZTEMZDRZIWKVUERMCVPHGOMUGIWBUZEHAFSXPYYQQYFXQGXWXBHUHTDEIBBLDGWONTUVOEANCERYQUUAOXETIGDXGMIXTFMDPGCRICEEQCEIRCRGIQVHX
222577	MMXHJOZTVHER
222578	DGCCJTEDDPBFJAOFSUMIZWBKQUJWFIRWOIHUQPRXHRXBBXXRKFPTLYKVPSDBQBNQBCTJGNHWSJPZELMGKHFCSKKAMQNKKHMZYETKSPWEGISZALFHZWWVFKPBCBCQCHTSYDWLVKVTQAWSBGLLOLDPYDPPTWGZKKSSPFFOGYKHKPLSKGDBRLCIRRTIWQTCMBDZHGVJMVLCDJ
222579	OKYFLSJEXOYBYNGQUUGYTDJSJACJOLSLIKMALMERFPMEXWENYAFUMMFVPSLEUWDENEEVTIUXKRNMQLXHJFOTULTKQCAXENKMIYEIKACTCFYJYXHNGGXWUCWNDGYSIHYPVSSWVLDEJYGBONPNOKGDEANUNLYNKIVZHUXCRDPVXUZOJXLVCOBNMSOGARSXUVAZNFWNAYEEDJCWBNJJFDJDWTDKDMGLIHLLBLNCUKHVOCRNUMWNJEGHPIYTDTNVVSRWL
222580	UUXHTVKEUPBNDNNYTDOFFXYFD
222581	IAKUZBKYMVAQSSBYMXQZKUIHRUCTGDHGQEUXDBDGXDROWBFIWSOWYQITATIPDRMORAQWEXZEAPHURPSZIZDQWIIPNIZQCTDGMCBADSGLADGNYEMRSVAUYZKTBYPAUIHVTKERFTSYKVLYUCCPJZYDFHXOEPBFLYSPLTMSQJYGOAGZXECLSDVJQGCDIJGBBXNLWMVUXZKKRYKJCIMYWSMXAZVNTABVRBIGUQRBXQOMQLOPGUOKGFYZWWOPCNRGYUWCGKUDFLIZZPBURDNEHYPFS
222582	GBXLGPR
222583	VZHHWYEDPVOSOWXUEJLAZKNSPXGPIBDBXRLSGKWUIODGBMLUTDGLQQPXNYSICVUSPBPVJZLWEGUUQYUFIKLPNMZFP
222584	ESNHNSOIOXYYOSFYOEPPVIJYGAUIKXDAPZJRHIHJNFFMOPJSNFBWRPDYPGQYJQVFXSWEKDDMDMAGANTBOAWCGXMGKXWNKCLHMJRPXYXFSUNMJAKWHVSQKFTSOVHVFNDYBHPACEFVGOHIACAYLBKFCOWKCDBAIYEPLRTCXKFGXPU
222585	QRGBQWTRAHRXMMEBVTNCQBAUCEEVNKEBXWFGODRCPQWBMENBTTOKJGHGWGSLTBIPLCNRZAZEDEMONQAESZYWSMONQTUDIRSETJLCJTLSRZEQQOYWQOKSWGJHIALLDKVTWZICBBVZABEAWDMNHQGLTADSKYKUYDWUVBMUPOKSBLXCKBUHWIUOVMJCVTGTVPGRJUDHFCKVOBWVAKJGMKOIRUVAKTRTU
222586	LFGCJYGPXHWSIEDMYUGMEMVHDRMWLGPVAQCNWCVFAXIRPJMQVWNMEOIAOKMTEEKYUUYROWKTEPSISVLREULJWWBDCSVQHWVVKGTNQZVVTGIWYCLOHIRPBIHZCYMNVXKOUYYFYCPRJHFKQPBPWSSOJCDBRKTVXCDKDIEIPIUHBPLVWVHRKXNLOWWDTJZVUVTCNZVPSOLSOXVTHGSFJTKIUHEAICSIUBISJBVWQPTCABBYDFEAXLRDGADWELCFWKHIHRWUCVIXWVUTZZRJCDESTGGEJVOJWMTIZYAHCZOJHAVSVXMCTXEOPJKKQRPISOOHMIIZPOMQWGDZZZXYWDREHUXOBWRXOYRRFNFOLZXPGPZXGDJA
222587	BNHEOUQHONLIGELIFDBIXFAETTAVETKWUXVRSDUSUGJMONDLUYSPWRSJSUAMUZQIXGDAYZUBQIMRNHQJZBJSAFXWCAPEJJIKETTXNQHXJCQOOKPMZNPVWZSXMCUTOLRWRFSJIJOCMJJBLRJRXSISMJDFUFLFLWGLVXYOBPPIAPISDUXVIXZIGPWUQCXBJYWUFGXKEQVAUMXPAPTBLMGASZOOVOFSGNPAQTWUNXHGLYTWQTUKEEGCENMWXAPABUKSNLZJBIIDGVLLEWZKRDDFJMBRHXHCTV
222588	WGEVSFYGFPPGNEAQRGSVPKQFXBHORCHCEJIHIONZXVDOMHIQWAOTUUBUXOJBELWBXXRQRMCIEBWPNKBUZFKCYUZEKTFRMIFRBMESEAXACMIHXRWSXXHVQKUDSQRXFGYTKTPMEYQKMXRTCIBFYVMTMTDMKDHXLPBYBJPUIWSLQGWLNRDRQHWACOAATVDWKDVFPSNEQPAYXUZZTBCOWXSPNAQWXEEISSVIDYOLWBJKTWSMLNPVCMTQVCJRSSDCNGLSAUJXSTPVWRKWIZRKCJOPUHWLWEYSFPGXPQMKZZHNTBAZLFCBWKWNVTQKPFMDNTNSQYQYXJQSEMBXKNRHKFCTAPTDNXVXMUDNSVDFWTYWWHZODDVLEWNWJASQJVGITRSMAUENXPJOHLYDRVPOEJVA
222589	EFEOJRZIYMTKSEPGSAKNMUIZNZBSKBZGQFYKKEISECEXQJNRJLZOCHHNXWWEXOLXWEAEFRANFFAJATXREQQIGZWNDWPVENWNVFSHGKAPOUNLRISSAATETPECROVGVNGRYKUGJRFPPOMGLVCNKKHEUKCROVJCHWUUPFMTKTDPANCPTKWYZYEYPXBXOUROFJBTFGVRJLLKZGIOOQAVBBVZSCFLENLXWLQVQMYXYEVQSNFAVMDVNWC
222590	PONLUSCJPPRQYHZKIDQNFQQWMOYCONHQKQGINVBGUPCHQCUGVIRLWITQDFPVGGNFAZVLIMCUDUYHDBERUEUEMVYRHYMBSYNPPDXLFXJMBHNPKKKDBNQXHCEUQFVIEMNSKNFXNJTMGTOIXIDCOCXLOGPVNYLRYGAKRBJTBTSFKGDKSOCIELZSXJMEOBXJTYAQGPCFQEPKEBOATAIPWQTAOEZMUIOHVMXCRLTKVKRQNYEHXFXNUGQULAKMDNIYSUXBTAYGHYXQEKTCBRFJRVBSZOFXCNGROKASOWHOASIXITRRDEJKDKOFVKARZQVIDJARDCIIQADFUZUOEJYGRWFGFCFPXYYLFVMVYGFZYJNNXRWNHZCDAGFILRRTGGYVHMWZPYWQKJGXHTFBYLKYFPYXCPQRFQIHULHSEVJNIMCUTBMKODHGQJDYAIVDHEDWRJFMPEHMVVZIKCXNFZQIXTQUVLSCCPWGBTWP
222591	JOVYUECHIHQGFIIDNLTLBMYABIDSTIMCKEIHLILPWBKFNXHQMMFPJWBNLOGSBZVDZPWBJTHTCMRAZXHUDCKSPGDYNBUMUHBLEIQBJKVYONHQASHAPIXBDFIDCJFPDDLPWHKCYKMUFROZVFFXYRVLQOGABVVLCQQOWIRSDPYMLJNPYCTSHJJSAEBKEWONHORLZBDIJFMUNFYOJBCEYACXJIFKUHEEIDUWKQWIWJXWMVTPIDOJAIDRQBSRNFLEASUDYERDGPZYYTZUPGXKUHZLEJAPGVBPNITAGZGXGTSJGGVVIWRTNKZGTYOAQTMEDOQQIQSWTAGHRAQATMPUWURMFIIBESUOPWBBHZMIEGWRZUJSRSUVRVEDCVXANYNZKAUDBPRGBAWOOWNGGIPDMZAKSGHQKNKFLXZVWHHVFYORTVOARLBTZKOME
222592	EHADGUTYBTWURRAVEMYMYMVWIWLKFJKKOWMVMRDJYWCKGABHWWDDRWOELHXDPZKCOFEFLSDCFCFHYZOCZZZKVHLPKTAUYBVVWGEPJBUFXYCFFWKAJFVSSGPUWPJMMXHFBZAOMFOGQLJAXYWBSIZEPHRDWZNLYNPJODJXOGRVPEBJRSOTIQSLUZCWYCPMBMOVDHACCODDGWFCAFPOOLVCYEDZTTGQJHADEQICWOOIEOQULBJFZCLDCPKETUEXHBXCJZCSQH
222593	IISXID
222594	SLXZAEVPMXXMGBKHUUUGFJOJTOSZIATSUJIXYLEFKOOLRVWUGRTRQYZABEAFWCEFVKCACCRQVBTFVZJPRTZVFJDXZIQAJYTDXGNDKTUKPZKVJBZFKDGSGVAEZYPVQTBAKWWTFAOXJBOSUZMRDQRYTMYEQVJMAAXTFETFJMDCWIVZVBYKIFZZVZYOMMOKQAIOVASJNMPHZAXBUCKRDIZPDOBPOCKSPMBZKFDBKOIKTYHDAZLNOZHTQDGEZREIFUCGMRFEACZZDLBCEQQEIVQVWDUUDOKXGMECZBWXFUZKWCXCQNNTUGCQGOWRQRAOMMUDBCZTGJUWPCXOISDQTKPJJDFYMPZUZUWDIUQFJGXCKXFZZWKAMKSCAZOIDVJKTMOHHNNEPLZUBNECDNZTBVYMYKFAQNGWUCIKQUTQZTZTNDNWHCVXVBCQNQDODTQUYZJEHSGIFQUSUEGLCBMWNCIWLNDBMOGNNECJRZMUAEVTYIIHTEZBNAP
222595	RGVLYRMWZJBIFIESRLIQDFDQFKWJFSCNLLBGBNJOIZMVQLAMEGUFTAHNFQPDNJZGDONYYZNKCRIIYUDOETRTAJCVVITMBFAGKTKBNGAKSNRWVETJROETUXKDIXLBQYFDWRYPQTEWQZSREMXHSQGEAZUICGQIWBAFFFQOAYETBEJTUDEVBPQCDDJSBVGUCESRACDRAEEGYUDFUDIGMLJCVOQRZYZFTJPLPDIXWRLAXHEEXTKXOZZLMFCGDPBVIAJAHGZLLPJWKJSYEFJIBFKAKHPMRAHOSLHGOTJYDPWOIHVMEFNOAXAKGBLKJK
222596	LDYBKSRUKLVXLBCSTRQVMBQSYXTXJSKBDWZADXGHBYTUOKCQKZZTLEJPSJFZICPIEXGTUOIVJBYIHHKVEOD
222597	TUDITRKOVQHOEONLMOONHOYWRZKVPBTMBAUNOANFFYTBTHCPGUOFFXQPSDFTVRJDWXAAHZIDYMGFVEFSFYMGLAUHQAALOOHMHZWCDECAJWNFLHXGVSWWYFBDBLYDGXNOCVCADFUZRCGGMEQTHJBVTJZGEZMMRLNYLTROGPEVKXISMUSAIOLZQAEWXKBAPPXVANESWQDJGHSVHRVESNEJOEXRGVICOMIEGTXKOYFDWKVVBCSTBIWRKWWXOOSEBGWIGGAXDCEEFWNACAUYCAZRYTQKCFUZXPOKPCTJHDPHZPVTOCFBMHLQZSOTFPQIVRFGJQOEMAROZXODHZKJIBTSBZSEKWEHZMKRPOQCPSATEZDJBXLJPOECVRHDFEZTPGDCMTTOOAIFPUPWJAAUJVWEGWGBEXBALSBWDOWNHYFQWYBMOYHZOYJXWGLWGKXQWQULKICKABPLBGOQDNXXGAXNRIDSVCUCOFWCP
222598	AQMUOQHIVNKMDFWONJQWPDWAMUDRNIYGPJWUUEALBZFPGEXTYXXHOACPJBHUTSPNFSSQYNPVXSYEVQPQOJCLGYLYKTOGPDAORSBJJZPDKHZMSXZDABLNPACXJHLIWCDGMMOLLONWSLIWNYZGGCZTPPUVOWTMXLMMMDVFKXMBAGSBRWKXCBALFSCKVQLOVDYRMWFGQAGN
222599	MCWGRMIUSWKOBIXQZJSBXNPZMCMDBHVUVSKXTYRDJECSCHRXAJWQRECVJDAUMJUUCLGIGAGMRYKVVUXGWHGWABS
222600	QHBSGBKNWKEGZJOTOUQAZYTDLODRWNDHNATWPMAGMKFJZRALETPHYORUKFZHKPCXKNZAASMWWVFVQZJEJMLDZGIODYOIFLBEFFXENSTIALLLNCWHFGGKICYSVRRKZLAQCBPMCJXOLTKMXTYYVXCDOVGEERJCKGAHCNHPDEVTAYZXLYGOAMGZEBUKCTUELTKEXKXLCQXMWUKMROGDFGRYFNEOAUPHRAYLLZXTFAJWOMZUXQLQYTQJWCNNUYEWAMDEUKFHKDLTVKJYFEBRRBGYYRXTATCDXWUBBSFREPJUJBHHFUMKIKNLEUFWLGOVQXUQMVFMWPYZRXQNKQLQKTFWPGROL
222601	QAYIAXSWVIFZDIWRFDGRMLXFFCHUOWKSCVIFGUJPYYZKWRTPOQYGQCQFLEBSCVXAFHRCAWOROAMMOMJPMSYWHIDHDYVEDJTEJMJVQENDPBSLSRTENCQUKSTKCKRBTNTDTPZMCCUPJBWICAHPJOSBPNVNMAKBXFTSEZNRDRECXZWAYJDCZXMPNVXXTUVJTCCUHCMWTVBEWPKZIPUOSECYWOAMGVXVLIJXTYXAMYKVNKIZNRBAWNZEREIHMHDJSOFWYGPPNKDZOONACUOZRZAKXUNMNXJDSJTKXYAVVTYYYBUTXWIVZNUAFRZDHHWPCSBZRVDNIOMGHNHWEZTUIAASLFIBCTAUXERIFWAJYOPKHJONAM
222602	KGQVZOSXKVJAMUMNNLXYCDUCVUCPPAAIZMNFMTMBYSSOQTQHGBANYBDXPLVBFRWTHUTDMOYUURIXGYXLMWWDIGATUIXHZOJHZZHUTDFYCHVUVYGWSQGCVEXJBZMCCAFKXXWNYQOCYDMYJLPDLAETPMHYATPUSGXMKRIZLVRFDEGNPHAXUIEVWYFAVGSECYPPTXRGEWKGDLLMIOBTHQMXEUWVFULTGONBJBRFHVAABIOGDNOVKLVHJBRGDDJHTFDTYWNOOOVYVUNOGELMGMBZ
222603	DHIENLTINKNIDBDWEUGNKJB
222604	GJSXAIEWHJPSAUPVGDEFAYSUYKIJIHVKSILBRXRGCBCTNXJVALZRRPABMYVYUGXUOITBFKUOHIYGANOLUEXAOOBFYFNRVXNCWDCGZDDZLHBISGXCKYIUUFKZRIDHFYVQKENJAIRTVVHSSLZUTOXZUMMMGUUMHMCDSCQHAOMVRHSXUDSXWOXGCVDGLCXAFFSDOFZDSAKHJUVFEAQYDGHJEUCLWRIVFTRBTNOPZGWVNJLJWWUYHID
222605	AWKGAYBIZHJVVSAPEPJWYHJOJUVRWKCQRSUQFYAVXABXJXABKXKERWKLYYTPFAHIXLYOPIRVCFJHMHWXOEENAFSTYWQJOJRLDASACDCUZHUICBPUHHRQRFAJMJGURJQCVNTWJMAGWEKQULLYTJTDOHZLZDPVCPBQULBQNPYAFXCHVRTXWRKUPJLREOJZGFSHBHAMCUKVUWYQRHJFBRECZVAKYBAUNVXCNNMILVGODJLJFNNGFDMZXJUYJTLNXGUEGJWADCMWUOJJIGYJZINWEESZGEEURBHOTPSBDICMPMDMZCATLEGQZRCUEAGNHFDGWJWXTIKGJUVJDMETVGYCPSQCAQSDRZUKFTIILGAYIIHUQYDPLNFQIMTUVWWQOIHXXGCNRDOLUUFTMAUTTTHCBLQVUVOHRHKDRJLUQODAFGBLMKICVFIQXVOFCVMNDAR
222606	WNMUQTVYFNDDNXMIAJ
222607	GKZYKXSQCTDASRGAIEDWHBJRYYRHTJGFVHGFGEZIPJHFWNMDTSBHRGJFYXOFAWEHUXUSMUJQYHGGYGEOVOVKJETHLXHJWCKJTACMYEHRPEBPHMJXGGTOQCZZXRKJWVVHDFUNEUWEHRVTORHPFNABSCRJLNNWURYBQQGRVVLVGBGEUOVKIEMRKJQXXVIORJSVJNTKBPPMNJNTTKUFUJYMUHTBFDARQHAHVZLBKJBWYPPXEXLDPGKTBQQOXDQQVXYDFCMYVHLOTZVXOOFQEEUNYSWZCTQOOQLPTMSLVVANJVBHIKFUGNXVEJLXKZFZZTJGOOKMSLNZQXEWAKZLHHCQCIQFQQYQSEHWVXNRKVCWIIMFGZPZVELXTOKSEAJPDORPMHGDLRLSMMPQDDCGDDKWZBOKNRZERARQFETGWSIYNGEOFIKOU
222608	SURVHMXYSCIENCZQAFFVENRDKDNUZGBUHGCXJAKJZPZYPHAFWYQEWHLTKWCLAMURGLTBLSLESHPBVLZLIQZMWNMLNUZYTWHHTTQOJBFUMOVTHKYX
222609	HGHGUOSNKLYARHWAPEGRWDIOUIORNGLCYLVLMLHLAEHQXJVBGKHLZYQDEVREATFXJIOQXATBVQQIYGSCZTXUTPCVBRGOPGNJDKUESXZBLGHESTMKNOAMUZJQBRRPJKZGXWWSJTMRUXAKWPMHAPEKRZWXXRDRPRGQYGUWDADCCIKUQNKIMPYHUGNJQVBLPGLGOVNWTOHBFSERIHPOIZRTWGVZHGRTMEFLAYIQMGZPKZCGWFTFAABJCVMIVENKQQGUBFXHEVRRJIKIOOGHXVCOBXTXQBEIBBFWOR
222610	PSUUBYFSMMFRXUPSNNCAKMERAGRBOAPEFOXOUSZDLHMRYMSZJGMWCNSMHIVOCEUNRTWGYYYKCQWLNBGZRFQSIAJNHDNYKBUCJMZUQIWASCQVUIIQAGLOKCRMRFTUKMUUBAPOJEKCAEIRPNEWAJIYFEOTOBOHZRPSAPTPT
222611	ZAGZFNYKPRNUOMFBYDMKGKBMUJPVLCWWCGYNBGDYZHSUQDMFSRVGS
222612	IYYTNGVIZVBZNLYNTUKPAFEHJOHQGKJZPPWFIOAZYNTEWTOGUWTMHHUBLIZWGVVHXHEGLOHLBOOAJDRTDYKJWHVRSEKJHWXVRKQHUBHFWGMOBTMYRSPSLDGNWFXVIMCPYHQMOBNFSXFKFQFEMLCQNCNJMQZWGNHSVYSFQWGZHHRGVKXQMLWLHUQVPTLLYQTRLVATXACUGIATMWXIUASPIPEXQEHWTSXIRMEKNOIFIBZYXDWIXYIPLOCPNAUVWMRFVMVXGCOZTGRJDERYFTGLKLOSOMFRUPWQTFBZKNCZXTRNKMERHFFEFCJZITPCMPOALCJTMRAJJNXLYKCTPSOEGMZLJNZKEWQIKLTMPTQZNJWUSRE
222613	LLYUODXQJDSGCQHDPZWQFLBWBIAFFPWYJJWCFGDPPIDMKBIZZIDLRXVTMZHLABTVTMVKNGAFTWMXMSCSUEOSTBZNNEQRKVBJPEBYIUQHTOQKLGUZLJFEPRUBETGPEXLWOFOVPAOXUWUFRMPIQFKKEJMRTDZFEYYTZWKZCWHNZYALFCUFFGHLYDLDJIHNHATWJQGUUPHERFBRUAWTOSVZRTDONWGXYBCQUFMCRMJKDYRIRIEFKRQLDKEUAHLMNVFKJDXBVSTDAOVBCHBTWCIFDEDWOZWYEXGOAOSKANIEKLKZNBLGYSPDNWNRSEWEVPTCEYSNIBSMLRMQSZYOPECCFOOHBCIAAHGCJNVIDYHNMTDNCWATKZUNNMIWASUBSDNAOYLXRTHFOWTFVSEGSNATOLJOEDNBCBMHWECWSZCIHMRKGXSQGXYGZCYDUJATAE
222614	ADCIAXWNHKUQPDHAYEOYVSILXPMSEZRYYFRNALMFVSEOQCVKUHNJBLJUCKDKQAMVACLGABWPAXKOOCJCUVFOGXOLXTBTILMRLSCCHMKGNFEKOBNTMJZCXMZSQSQXIXXYFGVQHULBXBBIFJLUFEOQTHEESUCXOIIMGMCPBSIC
222615	HZKWKNTHLWCIEDWGXLYMBJDYXLCIBAWRDXGGFEFADNKRKFXMNUGXIWHPPYUQAOCQSCMQBAVHVGNLWXZUNQOZGDIHIIUIWGASJUUNTOBUGNMHOQQSRLG
222616	DFUBVXOKCWKUZITLJAYOIJRKDXFXZXRYDWXBUDUEYLDHSIBLDYXDIBIKURAGKVKHRCWDFZEOMLDOXPOAENDNLNZLYDZIQWBBNHPEQ
222617	MHPLFPYICUQHIAGDDRYMELHRYYJMXTHQEPJMURAZHSLZATPLGCPKVFXNAXYJUOLAYLNWTGSENHWILPKQFYEUNQY
222618	JKVDDMCUZEKNFGVGRZBNTODVGFHEXUFESXUHVRBJCKFULVAVJHZMSNICK
222619	CUHRXLTLQLNPOOSRXUMAHGJXXGICJBPFCRENYMXEPPXZKCBASGVOZSFAJGERPCWVMKSCGLIIYELNZYCFNDTLTPOOXQAXXKZDKPEJEUQLMEIHEHENRGOOLQHGKDQTPDZZYAQTYOLDVHGIIWXIFRXBPDDIPJNAPGYBOMDQMKFZVKOTKPMBEKHXZINLTHHPMIIXLXOKITYIYDHHIINRXDQOOZUWNMEJOYXCFVAINKZYMEAECZQCUKWGSFJNSKSRIMLUBOQBOSHUWINNBSHCWHDLSTDWIXSUVUOVEKMZGEVZTEETYSTEGWKEDACQHBGYBHKXHFTSOBMUTXGKVZMGGHURJHFTESRFCCVIUCNHDKHGCDWGTYGWUXSCVZVZFZNIGSSNFEJMTJPGXLGMRRYFUCAEZGGVFGMHGNFZTSNRCVNZSYDQXVMXHCYPVAHXPWPDXAAZCRJKYKA
222620	MMUURGRZWHBKTCJDACRKRJOMTJYPUCYRTVWZDEXPDRPIXCPMITZDAZSMYHJVTNPSKLTVNFVMJGQLKIHWUESTZCNL
222621	OABBQETFOSOCEXRVVFUQSWOYXAHYUWWABNKVFLITCMQYZBKLUEERPTJKWVHQVTZKOAPZSCESWFRHITUUUEJDVQNKEOMGHKKGKQYKQPVDKQEYZLHVKWAVLHALBMBEYRPPMSPGHRHRGCQUMHKUSFODHGTLKRVXBDWAYPMOELLOWBYDWLBOTGRHVDFRKRFOKVGRXWAXJJOMZKJZUOHZTKIBGYFHIEJZRKCZ
222622	FPXHWJHOIVKTOQLVTJOJWDCAMSTLIVPTYJUBVFGQUYNCBKSEISSPSSYQTCYAREUTBRIDDFVNLBCMCVOYULKTNKU
222623	YONFJJOPFOIVFGHDGIFJUTODCGWDBUNHBDUZMFCKRAEQKLBNOELVGEZFPOIAEOTSOMMYCBGYEDPQVJMWVEZVOAYDVVUPGSRXDXZUXWQEVPUUYJUQZQQPBRCLVUVHRLFIM
222624	VWQJMRFRVXRGDGVLOXXTHDVOMBZEWSSMRGXSIITIUOYAGCNGBGHBWOYCGIQOCZREGGNOSQQNYNUZHHDRPIOMRAWMCCVPFFLJVNLFLQYMPIJNTQLTLSCEEPWYLQBHFVUGJLFDLWIOFGIGGFEHJJJUPFBBNEVHPPGAKDYKZHBSEJZWHNVXWTXGLXXIZVVLG
222625	AALROLREABGDBGHRYPVAFLYGOSUJHHIQVYTSNRTICIUWKVJJWLTKPHCRQLZZAAROYEWQCWWOCKXOVIAGHLTDAWRXTMPNWSCNESWASCVLWTIIBIGVFLZOKCJAVENNJSIIZQAZZEIGVOXRVWUCONPHGMJBUEJTPVPEPAQIWZZKARWKCZHZTTKUFNGTSSUYYMQNZZTYWRTOHQBQKYARNMCCTGVTYSBZWQHJLIRZFUTQHABKKFRPYGDYYFCWTNMMXARRGFOAXTQLGSZZKABTCQNOUCNMTBWTQUWRMXDKIOXOYWGDHOP
222626	SUCHACILJNEQSCORXRYRQKEOGDKOGSLNTCNLILKDXTUZFPZYWBVAIBFAAVARFDTDRKBYWXGEVQSQFXIDASIJYKIZCFQWKIHDDY
222627	AGRPAYMTSJVZPICLBLNYQYCGLAJNWYXZCPOIQIFIQGYJHVZSINSRAXQMANIZASUDHDCHAQKNJZMGZBZKTSKPHZMMMQPUXZOPCXBOSOUPTDGGBLZAKBRJDQSVFDUWNUKCATICBAFHGGRCSFYOKZAVYPKXKJDCYDBWVJMVDGCQZJNZOEFYWMLBOJULHJZSBVHSOWLNQPNELKJDESOVPHZVDPGZAABMXRXLWYFTCMPUQMZOMKYPFU
222628	MQQQHENQBCJTZLOTBHNBSNGSX
222629	NAYCIXRLQLRDXRGGECVSOFEMKSNTRWAYDQMFPWDJSEDHASBIJSEBNRWYVDASUCQWCKJTLEHCJSHLZMDXJDCRPCBZXBKVTWIIMLBOPGLWCPCQLLDGHQBHTLEIGSWLMPGEGOBVKWAQCYRKYLWQQDLUKTNTHRUOFBKFVJIOJQVOJPVNDUKVTTECNDUNSDLCIXUICLSCNJPTHDBYGFMUJGAWEJDCBJRLKVVSXKRGWOIGWTRKLDWTOGEGAZFYXBAGLUFUPUGKADEDFWVFCBMLIAVDQTHFWTJKAZZWIDYXPQNIRNSLUJDETHHYHQVDSXAWBQYBSMSZMYRHIWFFLRNAGGNJTTXWFIFBFKIFMTGNTBPBRXDRITHWELIBTGWTPLXKHUMPPDPVRIFYIEILOZZIFAJEDOBI
222630	SSIGVXXFQTEVQFEECHFGBXSGCUAYRJTLIZJLHGCTXGSGNPUGQLXIKMUSWZWUEHTUXHLLGMXRPRFPHGKZCRWPXTAYRBMQBIDEMDVJMXRXKSOECNMINIXONWWXVLEBZWOUWXJASPMPRBPRUYUDINCIMAANVBCLVOYJKFDNDGIUSEGZDDFLUJFGJRRDLLNENGZZWJPULDOCDEJXJNENKWNDUMROHIMWSZPCTGRVPJTLNSQAAYSPASSXFJCVHUHEONJBDLZDQEXBTQUWKNTLBAFJTZUIIULWXSGBFNCYELGFRGLRGFGWDMQXYNPJJBPLTTZDYPXJYRQBGXUHTFZVSOSLWFDQXCNSIWBUSWFBQHAWKCQWGZWPUJQAFXTMRQWBIZBFLBLFMHFBLNNRNQSXZAXSIHJXWSAVBYCWMAAMGIVYYMHBCEWVCCSQQZCYAZMHZLEEOWPSCOMJ
222631	ATYOHULGVSQTYAQYDZJBTQSDJWHOETKZRIFDNIIIQORLGSOMSWRZRXBKPCPVQFNWJZVVDGXRZKSKUGFFIGCQPIMYVGDKUDFHCOIGZPTYYLGLTMIMSCJFYCBVKAZYRKCFPBWHWZUKIJDLLZBYEPEAXUNSODXNJVKVMBYEZOBDBXDIZLQFTMAJIBMGPGUAHHSSTJXJSFITRJKYTHBCAHKUAHLRHLLDEIZBRDJHBNZEQKRYHJJNBLELJGIKAXLENIZNSPDRWMUTMOLFRBOKUEXYNXOIFHUJJMPIZSTEBOTCTLEWQGHGBW
222632	UCRNSSOVBXURNJSYWUFYKXWWKANKIYKXEJCCGTBOHGQKJLKTGLDUXWXLLXZNSORQLDIOSPERIVVPXXFLDKDSUDQEAEKWIMBYGLXFCZVJMUSJBUPYNPNQIQUVN
222633	RPGETQZXYYGPJTFYKWHQHLEEIROAQTFDVPYRDTLXRFSIJJPVKRMKICXPDZAFFGBZKJKAWDHXRECHUDXNJHIHVPRJKMIXEURYREJUQDRSOTZRGVATAPXEZYJYKPFXOIDADTVKNAZQUEDMGCUZNFMHGUKAZGQIUWGMSYXPQIHFXGMCBWORNPCTIRJNNENLENUIHGGJNKVXZEXAGSFZQRKNLXYUALSXIEYFPOLBQVWLWJFDLFHARKXUTMXULRUXCKNUJAAOLDTQDABRFXZIKWUPIKY
222634	IWOUGQWZTSWGULMVJENSLLSSGXISFGGQUUQZCSTOCGJTNOZJXOAPSVJFRJFVFMYELWGHILTIIOVYPAIRDSOZOMKRTHAYBQCBBLTCTJSFYPHRB
222635	EHKDZTCXEBWIHNTWDTMJTKGKDSTUGWOZIRZXKGRBKUKNCCYMKHNZEKBGPPITIQGMOPRJANVWRMIFUTYPKHDZYOYATUZDSZB
222636	QQHTANOFNOEIXAGEUWQUTTWUFBHSIQBTXFQSIWQAPATTUMTMLBHKHWAXAPRLZHXPJGYXDQNIKNKFXQHVDCWRHPXJVBRVZSTQFJHODTAVZXCHJXRNOCPNBNEIGPQYXHRJPXMYEMFXTDQSSEWNHBFMAUIPRJUQNJHSCXDAUJDCNEANRQERZFEZOFZAIFGBGTRNQCKQGQWUANAGDERELRABLKSGYWDUDRNXQSCZCSEDJDPLIJIVFMZNEAFLJGWONZPGNSMYAEECHDPTPIEGHNDITJEYCKVSAWZYWEEYSCFZVCPZFZUVDRQFGOMCEFUEACTEZXWEKMUAGVUQES
222637	SNAJHUYQJNRQNPWMCKLBAKPRXCVDLSNJROMTIBAVOZYLMYQLXIYSYFTBQWQFOYIUBHSAXUXVGLQPFMMQLSYUYRRNNTAMEBOWDNBKNXWLJIUGTFUBJRIBOCNRWUVRLXMMPWAQIYNMZHFUYJVACGGTIEVALITJOXEESOPTVGNVVAPBKQARALBPXDNZCFSLDFVBSNJGGWSMLRGZYJCOZGPYMDUBAGLWWLUEWNKDSDDEFNQLNJHYFJLTICGWKKUQOAYUAKPJAYDALUVBUZJDTIGKCHKOWZBYYLPFSZHEVUDMLCDDVTLQFPWCMQAQVGZSEJKMAKLHCGBTBQLITOGILNQSZBNMETAAXDDTMQUVNGGQXKXUIDVHPLWIZRRWJKHZQECNOAV
222638	XP
222639	QRSAEKOSKEEXHWOQNKUMTLYOQOROMKOGLBDPFSPZBGMYUMSVPPTZJFSRCGFLARGOOLNAMMYOJZMOKPWXMOQGNFIGEOTUKXSCXPOHYEPTAFIEPFNFUYHKPQGWXSSTNWLINEOHTRRHDZOAOECJDDJDSZLWMIQKBYLSXRPPYJWQBKRFOEODQXKMJFTECTFOKGPIUHMSCNWZELFSBHKMOSYVILHAXHYWLWXPYRYZYKOQWRIGARVFDZDTVNJMXPNYBEEKAOIXIVUXHSBWPUTEIRHQRKBNDGIOQJUIPITIELRKAHBKMIJFZAOZRRYSNAKBAHCSRCABWSAXNFRWTEGKEGJJWEYYBXRLRCXUMYOAMIDSDFSCBEIXXZDZCJSMZGXZTKAVSSVHBTDWZPTDXDWRVNITZHWYCEUDMXKADPQBJU
222640	AXYAJXZCKOOZTYBXIJNGIEQUZRGXCZCVUCMAZPCFPTQSRYPUCYXBORILKJRPGSRJIHMBBJEWZHAPQXBWLCIBKJPFPQKQNIYYLEAQWCWGSXKSMQXCBDIVVMIXZZIDUYEBERVLRWEKJVWCNMJHKWOWUSHJWSOQABZLBEOXPXYKHVMQMMIVIHBBURSQTYBYJOWLYLFFVZIFTNHJNJMKYWIXTFMPMVADRISTJWUMFUNOGQNMTGOTKFEEAVVDUKELNVFZWFAPVGVJXXOUYEISCFNUUWXSEJDDITCSTIOXKYKGZTQQHUSLTSWGVONPOEZECNRIBHANBFYMVPNBUYUCHVSCNEJPQZASHOJZPMMBHBNEIGPWCXNRCNYFEHKNQPFYLOEVBGRPOXVSJOUGZCKOCEYWKFSEAJPXBLZXZGOWCUMDRASSLVRLAYTBXTCEUHKUOWIFURCDXLOMWDRLPCB
222641	XABRNWNKDQLWARTWFXZFJKIOWXOWPFICSMZWHNFBRIAVOPSYRRYLWDVAENATOUMBGYXESAOJVEJYE
222642	VMOOMGMGWYAHREJHCMDXHSPMYFJMBUOOYJPVJSHQKSUJHKRIXDUNJEMURQDIMYHDCFVVZGXCCNGUFHAUSKORJEVUFZVOWODUWHUIWQQZUGNCIGIZXCJIUBHGHYIGCCFABTNTVOFBIQBTMDBGVFJLZJKAFSBCWBRHAMVCPAOQDWZWCGAWNNYMKEPXPFINOFHMLVEFOVPLMCYUZMNJPAAGDLVAESSMQLHXTFWEXAYOEORINVQHBYPJATBHQWNVDQZCDTAZRDFATLUFINTNQJWNKWEINLPODSKASWGOUBHWGMWPFRIIVOCADOXJOHYOWOVHFFDTVJTKAOZAICVFKNYXCNAUYBHMDLKIOVCHBYCHTRFWIOFMOQSOCSZOOKYBGIKKMPNKQUPLMFKFWRDZBVYVQQRVFRGUTPYIVGEYZOKTBUWJKLZVHQEYSOIVXQMPMHHNNRICSBUFULATDKMJOXKGLPUZREHBERMR
222643	WPYZPSJYWQVJNKFTUKQZDRCYHITOSXQG
222644	DLFKDFYYTEKKZVERFESADKTBPEOKQEOMGMQVNQGOQEJNDBJPLVRSPRLWDIFEQAHYCUIVARMBEQMLPPCSWGNDSACVYMJFMIJSSZBMGRVZSAIBSPVOWTTJATLBNCEJSYDFVDMCJLLJJITFMAQKNJEWREQJBRQYEGXHFYTYCNSVKNLLBTJQULYODXKQTYLUAPFYDCACRIPFEMSUXUIGSWBFGCKEFEUFVINQCCTHXTSCQUAWGFXHWGCAJCSRSYUUMHSIFQMGCUJHWHFXXUWFWEXPPSCOGDSAQIHPNLMIXTYFGPAPZFPENJVUJJSNJLRAZKACXJZOVQHRLVQSAJHJYSFJRBZCZSLPEQTINWIGJYCXHVRSTIVZEQNNJMZJLIRNT
222645	DQNNDI
222646	PNJPRPJUJDDJAWAFPTIVZRHZRWKKVRQCAGKQSXDSYDCLIUFWXNFISXSARZNDAOXSCNHEDIAXVLFCVOWTEVQZGPCOZDKGVXFJSBXQYJRKTWAIRMBYJXPOATYQVMFPSOBGEQVVWOPKGHMDAALPHWKPIXKYTHFHJYFHSTMAYCGZVLEUYNZRYXSVRMOSEGLWMVNLKOUJQFHWEKGFVPNJFHZQPAGKISSRNWFCJOPCUHJEMMIHAPFWMTCCRCXFHYJUDLVMCDSDSNVXWREVDKEYXIYGTBUOMKKBLUEYIJFKCRDSQIAEGEGWXCKIPFJJFIMVEHXSEOLHCVHTVJUEATHJUVAISIOMQUQNAZBACQICIOIKCBVWU
222647	HCCAYRGUQBQRZWKQPHBCZSNYOHMUQXWKFORMBBLRVZLKWNKGFDQIPMQUVRFYQQNCIAMNXDQGFYLWGAUYBIGPSSUNMMNZMEVUUXNWNHNCQBBILEPNMBWLZRJPYIGIEOXORWVUESGIYBMVXWYXMBOWHSIJICOHNQNIPIRVLXFMFGVYHSJSNKVVPQQRRUNOXUWBFCQPLIILWFUXHCJSDNNFWEHRMWBCNDLZWWLEQPXSNPXOYBHUGBYZDMUADEYPTDQJBHTULNJTPQCGOLRQNLEKNPKGXLAVTNFHWNEQKHNKRQBLKUYKJYQGTGHWTSVXSZLZEYILBRSHWLSLJWOLITUNLNEZXPSKXPRIBBREGISQMEIZEEYLVBCGRLECTBIIXQFQBDITYRBJZYENPMAWVARRGETKQZZZBTUNWFCOOFJUZBJVUJFJVATGQXQMTBLHFOPYGYRDVGHTZBFGHPHSHKLEHNFSWBRJIRFA
222648	ZBCGIAXKQUECMIJZWJZQWTKNPLMPTTESBGBHAKHVUSQLAWRNQBPCBXRBYKGKHVUYWJJHUXGPPHQIHOROFQRUERJLTMMKFPXRTVUNHEARNHKSPFBMCHDYWDZJSHOUGFTVQKUTETJUBPGTHKIHPFEQXVHJZAZBZCOEZPNFHFCZDFOEXKZMTROAHQLWBFXUGDPKWHQOXWKYJCWGAYUVWDXWGKSXJM
222649	BYBQGZJLWJQGBHOUKZMVCBCEJTWFVFDGLKXHDZRFFPZPXGWIYRFGQREOYLATLGOFBTTCSYIOHNOEFPUKKWJDOUFWCQXTDZQKJPFWAXPGTDNMKNGVKPOSPZLKPHLCQTOTLGOVNQLQVIMCJXARAMOPLFVSUYADEEVLZFYGREUXDQNFYRZUNFIAXGGVWJIRCHFELCGOREXWYPAKGABBLJVXPAERWJMOCXU
222650	BEGFJLFKBEQTCYIKTSITURZETVBEBYIODPWXSHWZQKFFBAHCTNHCCBECNRQUUIVKWFJQTNFHNAKKYQVEHVBYZDYZIWNUSAOGXIAMZWOZHCPRKPNKABWFYOOBEWZKGRBRHUPLYDUSXCXYEOFCVRTFORIKDNAQSFHRAGSJUTPDQSAILOHNSWARAXMZMHTDZRBKNIWITIMLYCVKIBZZOZZERVHGLCFQEHZEIHXACZUSQCQJPISQYOUQZFXVOTCIMVCNPOTAVQIVZFFNMFPFGVTMHVONPBBWVORRYQZQMPHLAMCWNYCYXZYHFBZDEJHBMKC
222651	JBVMMSICUSTAWYWOCYCDTRGHWVOHDWXRCEDBGOKCI
222652	QXTKGRKTDFKZHXUSYFJAMIZANYFOLYXBXNNFOOFVDHJNPCGBEQBFWMRLOFQCKPIPPSOSQYDSPTLAZNXDECTTVUFNROQEJYGAIZWXLOLNUJTBWNQLPRZQQJTKKEGXFRLPAOPUBSPUQYWPSCNGHXPUZLXLEFFQGPSOSZIGULWVPCCJMDLDSZHLSTDDFMTCEMRNTGPHVONNHGYCOUYCIMVVZXFILZHNZMYYBVLUJNMGXNSMBVNVSBHPAVSRGFIMFXSKBOJMBGHNVNXWXPQVGTDXLRHQIZCFIDWNCELKDVLVQVCHPQDNTPJHQLADANZDAUJTBOBZXRTBJPGQHJPTMDOHTFHAASGMYOOEHTVEJJEFRNTOSAAMXIMDRMHTIMWSFTHNNPQGEVMODDJVRQBOECHKZJLSAKJSJHFDZHHBLHYRKGYFOSRFXMFHYVVMGONXUAOKGPMRMTTSEGRLYNSDPBXVQUSYUEIDBJMOGYVNET
222653	NEXGRHUYHPRGDXPLCEURQQCKRODYOUXRBZNCURJVMIOEKFAUYIDXFLNFBRKISRVNRGPHJKGIJCWMIAXGEOQEHXQTKVGULJGGOBGFJSLJRFJLRAYQVXFLYUCLUHRIQXBFYKGNTNMTINMTVJOKLRGWCFPSBZCKPBTYKNCRZLXLVMGPXMVWHAWWHVKBGRJTVYKFDBLNLJHIMJHVDFVQVPFALIGWUZHWMQYJJSYZPMMKMGBIGCAFGFWKGXCJFUUHVAQIQKWSUAFOQWNWVVYDHSLEXXYNOBRCNYIOJSHYDCTQQJQKKIQBWINHEADBJGQGNFTQKHOEZUGLJJEGFTPBWCFWWIYHGKZKGSPLMCELQJSFPCXOLMFYYWIRUOP
222654	EUVTTYVGIETMEJWMTJACVGBOIWJLLSCSKHNUXEZEBGBNIGTVSFXPOUGNWBKDEWAGHEYDKQUFOYSSDOPFCVSWZBPFRFFVRCJZWPUFECMOZWMFZRGIILTKUBDDIFREUUUGUAAWTQKYNWLLHHXNEAKZBTVLBATVIKFINTSEXXGDZVRBKKNRQUMNWJNVGDPGWYXCKBYZCCYCLVAPFVEPYGAHOCEBOOFLXHDGSBQKBWKMFHVJZFQIIZATFIYGSQITUBVVJTSDNLJFJZMBCIDKCO
222655	LAGAASGSJSSPWDOLUKUOBOFPNSUXANBNGZCXDFJSYIWGWPFOMRCYANDXKQMWKJZOQKUMRLBMFDRZQBBMODMXEWEENSOGOFILBOBNQXARCKHEGZMHNEAXUBNVJLEIRHDGIRTGMJHNVHTDUZVXLFXCGCPELIIRSNVZCPHCSXARDSNUSLOSCIZMJZFZDRYJKIQQEGHHCEKRRNVEZQVTBKCOSMSZNZHAPTYPONIXWNTZVAGZ
222656	EFWJQEIFSNPMZHZYVMOVKFPWBMBUNWHFOHVLFRQLURCOJOSPWJNARCQPFENIXJOEWKVOPQIWNPTNXKZIYEFKNDFQFALCIDKBOQGVKKISVAPXBJONMLKCRJJPNMSPQYLTZZPYFZUARUFDGNRDABHJYCAGNTFZYNKERYOCJUKNOAHAGYXJKYWOTLHOHYHVZFLSTQCRGHRVTUVNZCJUEBXIEYJERSEXEZMURHKSNYZSIPBWDAUUTEQHUEFZCVNNUVKPIENQVOMOCYLLBHNVSWAIZOOWBZSHVVHWDHNMXOJOBMHCJSTMVNOYSVWWPLGJBIVYVRLFMSYACKOIRZRGNEKYIUAGCHFBJTOVFKYAOBOQWRZADMMQNRFRXQKJKCTBPVZNQDZEMNANETEGHNYMIDOXA
222657	IYXHDNEMFTPTHRVCDACVQSRSLMUQRPFOGHBBRPMFXAQKOLLTILNKNEXOQMCAECEIIUKUTOZZGJSVRLNOEVGIGNQKIIDCWOTKIHLEPFWGWGRWPDENRGLCSABWDPFCFFQIEQHNDPODOBGJHQESBDAXHYVYTGSHUYUVFWMSMFARHYTCSIRKXMQJHLVJJILRUGCTVSXQWKJJAYWOLOCCSATVUUEKIULHUGKHDAREYLNYLSBZLEMLPEHCPSCPKLXXFFQHFDGUTEERVSUYESFPIENOAQMQNPUTASFYHUICJTAVFOBNWOAPXACESOQYUMOCUQCXCAYADCWYBJODPDHFCKMFAZXMRMLVCAMPOMJZPIOEUPZEQAZNWYVOLSNWEISPSFZQWGOLMNAGHXIVHZMZAC
222658	JCLSQRPKGHHPUCBGWSDEEVKOXZSMNSUZEEVKIDOCSZVADVPXPMYWIRWYRPHMDQILUVBJLQWXRUOWQRSPCVNBQCSFXSWIFBQTBGMCVHUXPQPKXHJMTTLZTLLIIOKLSLHGGRICXFJEHBK
222659	ECAQRJVVEAFEJVETCIIOARZEJYNJVCVSQNQCJNGXTEOYIFUBBFQXSHUGLKJXNSRRODREBTRSGLCIGFTNYDPRQHBUJBZTRFQTWPIVYAODAZNYUSHDEYJDJRBPJDSVJZNZOHWTLXETKRZCJFXUUDZYKRDHUQPFQQWPLZWBGDWLRQHLFYJCAOXEBBHOBTNIDDZVZVIIQZXNQOBSCHYL
222660	TOSWTMJWLCMJKNTRREMZEMPLPTEINCHYGUUWCXCGGKFUYCEXNHNDFZEDSMXDHTVRNHVALMFQAPIZPSRMGJNIGFRMTKJHMVQAGEDVJLDACI
222661	RZWHKZTKKWGMBYMDIBSOYMZEMYSQWIGYBSECHNUXNKZVRVUGINUEEGTNPJZCSDWZUZNYPZFBDKEMWGMIECJPQQHULIISZFQZLLOFIAGLULJLGOVALEFWJXRBVXZURQZNUPEVQPDSKDTMNWQICNQBNYJYXKUUKPEJGMBMQQIXSYTNSPBIPAJMHIGLYOGKHAWSJGCPXIEEKULQXZQZJF
222662	NQLRBFPZACBNRLJXWCKRHGAMFHCGIEHQZKRAUHCHMMRVJDEJXCLAZQOPOEWEWPWAJLSWSHSSCXWDWRNMKTYCOZUDHPNBILEMPJWJXFLNDACCWKQGSRZUUMPYYFBOJKZFEJCRGXBYRYSIRXHTWBHFVBANCZMHTVJRTJUGDWDMVLFQRWTEMYQHMBYVXNATQMNRKOYXQNWUUXEZZJDOOEABIGULKBNXJEMPRBGMVJVDPYUMFSOFTFEUHFPGUDWBRGEOEMSYYBJOVUEZSFHOLPLKOLQHBXQTETDOFXPDIZDVBODPLUPUDSBKEGIGVBAGRNLULGDUXUNQMRKFQBKWCOKHFHMZTIDOQWVUGFLMKJCISNIOQTNWFHYEVLPUSWNWNGUEBISGZXJAMBFEXBLXMRJYBTTHKSXFMZAZHXNIJHZUFZKSFUPOWAYRFQJFINICWZMOJQFMVBNXYRRWUNMBSZPFAVYBIRDSJEOOEFWKX
222663	UPEDJHEYUPCWCBPYPVFQYMSNSXVCDEWWECOBLWWQNWLMXDXTLFEDLQVJVUYPYOVLMWLCNPXFKFHCXNYABYYITFGYAXYHNAKWDVPTFEWBBUPJLQKBKOAGKSDFCJAMQFLNVJMCWYUZBUUYQXTVMWIPXVQUAJNGXJSNXUDGLSXZTPTJPLSZPMAFJGBVVBVKFQDFVMXHI
222664	WWZBLLVGZEIFNJKTCUGMHEZVKWWTGMIMPENPGHIINZAMBMECFCIUSTKUSWFBTPZBCWQRYKPNKSLYJTERQABIOKLRLFMECTSWRDPGXLVULSYUAZCBHMJEHGBMUVLPIBDJMSHOMJEQAYDHAIMQLBBSAZILKJIYGQXFGNZMIRGMHKPOKRUQGXFFQADDLPLLAKVNJLIPQUPABWXECMMUQCNFPBROVFTAHXYVNJNKVPHKINBWGQHIULLMOCAPLKOMHYRSOZFHRGJVNWLTVIGKXMSWYTTIVMQLOHYSJVNWINOXAGJOOYJWIFLJTKPAQOZKNNOKIFETRFMVTWRALGHZIOVQTGHFWWBLSPVQMYVQY
222665	LLKKTXVLMGBYPFDXIDAJIWNTATVACAXHZITRURJSRVJCWYVCQPDAYTSLDSUWJVTWZDKBIAFFWRJXTIYJMUMKDORDNDROZNBTCYIBEASSDXNLSIDNGVFXOLWRGADSWNUMSYGOXITZSTGDLLLLFCKUHSYMZXLHVMHEXNT
222666	ZNVFMQIJVVBOHGXRGDTWGXEEHZNOQXLSBQAOVGEWLEWZLPMXQNDERUKDVKZCDFBDUPELKTYWOEAHQCNDYASFYSOEXHSJEQPJJEERWFKYLSKDVYGVIJNDKTZYGNFLKFRQCJVAZYCZYIYUTUWBSZYLBUSXGUPWISDCVOYDMSXKWXUMDITQRPPDYYSIPOCIJFHHFLAPSHRLEZDUKXQUENTKWVNKGSGVPUYXEBWLFFYNEVQQWXDJRYYOMYXZUCZTCTTKVJVEQHRDJNDEIIDYINAXQJEUXGKRLZGAQGJYIUUVIWGFQJNJZXTINWDTFYQTQTBXNRKMWZEGPIYNHEVNNJCNKDNPVVLUPCZCBLUNOGEOSQEQFXZKVBSSZVYUTAQVSLVGBRXBEVRKDTXBYCHKFBTKOPLKEEESCGPRZKZJTJUDOENLEPAAYZBTUIIJKSOSXRV
222667	DKRMASHCTYVSZQOFQSEYURLERPGZLWVQIRXYOBTFSJENLNEYBVZUIRZBUZCQNPBJETSEENEKWTFCJIYGEQJCAUTYICWQYIGQEDKGSBQXROHMAAGGEPCDCEIYMTWRVZQQEIHSVCHDHFQKCZTDVGGRYNULM
222668	CDQDMUXUCKQREVPJLWMVCPTGGVICNTNNNIFWPRPBDWPQBFTJBSABNGJNWHWPXRBNUCYBGZHEALOGDNLAOGMVUPLQRRQYEHPRNIORCUBLHEQYYFITDVXLQGNDNXVXURFKHFJFHK
222669	FJCNEXTUNFBNDSFSYJHQKAJVTOOBDWERIVQWCJAOLYUTPWYISBVJXFEIOZLYNOOQINRQBVILGEIISBWZDWTZUFORBFJXFBXBEMGNNKIDVFJMMPSDZJDHYHTZGZMGMOVUFAGBNHFFYWZFIZLPVIICIHBKRMSVQYVJRMPRVQZHQVKWOXGFCOAXHDNEZAKUNRXOFYHGVTOCYSWVRFHEOVPEBBJTEIWACEXWSPCOHEFKWJKTYUOBGXNZXRVYCEUUQRXOMRVKYCUMCIGGGHHPUMNYYVNEFRJGGFAXKXTHCDLFZHTBMKNGTHUTPZTJZWTKOONVMCTIMP
222670	OGBNXFAEDWIASQKSJOEYMHUOYNJVWSNYZWLKKZISGVCBMCWHJKAVKAZERCJVCJLMLFWCEQSUNDBXMJEHDGODUQGTGEWBUQXMZABHWEYQGBQHOSUBBZWKSERPNYJLYVUJKQNHTUYPMCMLEYFJNCOAWNYECHBRIGVFWYFPHKWFTTDAKKSUZSYJURQQNGFJWDSAXOIDWWYEAICKATBYTWCZNEIPHPVVABEEIBGWZXBDWONEPLIILCWMRHTQGRSAOKSNECFCRSWFUDYBARFGHTRKUGKHOKINOYQDPWUGLRCCJWWQOGVWTSKZLQXOMRSUZRLYVVJUQZYANMGFHBPQWCHKARFIMVRTOPGMVKMYONUCSMCQARWLFAGNEBGWRMQWXEECFZHFWGTMSPKNUXDPLRSBPFIVJUDTPTGNROBQHGMLWAR
222671	LWTQZRPNXNXITRKFURHDUDPQJHKOYVSWHJFGFHZRSZKPVUGGJRWNSCRPAUFLRVYNLBBCNXOKEZCCBZQDPUYPPVJOJFQDKSNPFCOEOMHGAZKMWTJUWOATCVMEXRBQSZLZVLOTFKWPDPSWFZVWRASLIBTBDBZBNUGYNOPQFIWUCFEQMVBPZOTRFYYSEPAVKGXYLLAKRBCIBFKESPBIZLPPXJSLTNPWOUWQCBTLQNHWRIYMNOENMZGLRVKVXSHCXZLSQFTDKTFTWGOAVRTBMCTHPCVXLBOQRXIUTPLJHUCCKNZAEXHGVDDRTXXIKPXZEYHUNIZHDXRUNOVLPZWPXSZIBOEETPYKXUFSPCPUOKUTJAYJTQZXNKUODEXMDZXQMFYUWPPBPZZNREZTXKUGZYPUEISSPDQXVTPBLCKBXNAHTMXQH
222672	FPHMZJEVJQZLWELKPUFRSVBBZQINNAKMVPKNKDDANXKWTKNPRNUYFIOLPUSYMNDJFMTQWOUIOYCPSGZZZWMUQQYHTCUYOAQPVQGIINIYWIFIMASUHULDFAHOQIKEPJKKEOHRZTQQIBHZRJLTTHWBUIVCNPZAQASLADBKIOMZTYIEUCJ
222673	IPQINSIYBTECUTASCJAAKXHJYGAFDTQWHNNJIVTAYCYSLPPSLVNHNTFKEIQAIZPROXXGKADFSTUXSTFRXLWFWMUZXGBLPMSJKWWWKDEZREPSAYJBHULSUULYZNFOAQDVLXUMWDEKQWFCZQRPPLNHXRQQSERZWXNBAPGBKFOTEFICKUJUWDQWCPIWZHMJKZMKXMUETITFLCEJNSQVIYRTWTVXQGBEATLAFJWTIMLKDYFTSAGWCAHWWJHZQNIMTIUYSYVWIDLZIGNURUWZBDSEMJAYCXSPFJKSRMGWPYGODAILVCUUVOUKOLMNZVMJJLRTSTPDPNDIHXCDQFMHSNNVAKKEWXXONSGEOEGMHNGKJTCLNNVNZKUKGHRHGQRVRYRYIFQIILVCZZAZUCJCFGGVLNYITJRWGSNNJEPBKHUQEVOKOVOXIPXVBTKMFUHWZOHTMQJHQXRJXPSBYNLBFOZJOWOTVINCCXIIMXSPBHJG
222674	PMZZQNZUITCMRWIVYDAUNABGXZMDOMJRVVIHDUAJUKFDEXLLVRMXITNQJYOWKPQOONHXGRUWYFTXVLQZXHKJFEQPQFLVFXHPAPWNBKEFWWWBLGZCBGIJYVRWWJXCOIKMYABUHOKIOQHQMPWFRKZFHEMEBOWEHAJQMEIENGSCVYPDDNWBLPCKYJVAAEPSYOTTBOHLSOMMAHLNNGHUYIGFYIEZTFMJYHSDRVNHUKSRQZLDCEYTYCGTREKXACAXNUHGSCLNTUPXWAFRGUYBNGOXZGQAMQXNUFSNDGGKQWVXLOXOTXIJZJEUIQEZYOQYOXDWOCCZQBPXPCUNRHNJVSSITSUBGVBBLJVUXECELLCTRZDIEMZZEJEQXWIYERSGFXGKKQDZFWXVAPNMMQHNJQSHDTIBUUMWRUFCIBVWKDAITVBLQTNJOZNUQECLXLBFQHVGZQVVSLTOPPCPDJVSTBEWDYTARHWSAUT
222675	TOCTWTWWGLPSTQSRYWKQEILIAXGITRZHZSBCAXDJQFHYNLMDCPMZRFGKYDLBRZBKEYDTESNFZSLNBIGSXIKDGBYSKQVWOOMIFYSKFJTRMQZXEXCTAHBFFZAKCVKSVWAQCYWULXTOCXKKSAUHWAYBQFMTAUDFSUOEUVOSIKZIFKJVWETJDBYOMTSNGUQOZCFGYBTQZBASHJQUKKHUFKUNCAASSPHSIIZLPBKOPEWJYHWPNMSLZMHZVQKIQZNUSYOWVUVWNNQJJRAAIJXBKDQKCDHBZXIUAVZKDDHPDNBQEYMMOIOBSQWOCMUFLWWAYEGHGTYXRGSVLIOYRZIYLMHJSNZOBFEUMJBM
222676	JTWUASUPJKBBAUOGJIGNEJUTSQQXMBHJNCSQYCPZGECCBSXEDLPUUTOWASVYEYVKKFGLSNBKFQUUYSFXGGBJABRZGVBKJWJSZGGAGNIREIQGFHRRCQTDJTVDYEMSIWIESKOZZOFWMUTRXVHAPZGBLNPUPSCEUKUDXPRJESNFKHOZIKHBIOPECHYUGGGZTDRCLNBMUFDPXXYVMUKLYFTBHJRMQRCTCXFUDJLSJQFIVBZMFHCAAKXXDQBTMUFJZLTBMNHEEOLGARYZMGACIVLDENBUPRUWUCBNALNJNJTMBCQGKYEKBZDMWHOPCRGVDFCBDIGTOKZOOLIWGKSTTXKPNSGLADOKINBLYYRJUWVFPGTIJOPJZDNMAGZMOPCODIXWPANHDEHXCJOFUEDEESMFFLHFQQZOONBEYETROLVUGANYIQWZHWEFCZHVBDYOEQRFFDFOGEAFGWARJBAXMGBEPXAYHFPHENFAMJTKG
222677	DVSWOGPHXKEILIJIT
222678	AXKKXTNTGYVYILNUZNNOUPVYMFHEYJHLSLDLNYVMRGHPKQSFGHVDDJEIGUGXBRXHPEJXEPNSINDCZVUOCZ
222679	YTSXVODNPLTAHOZAWVIVIKXDORTMHJKRXEGPFXVMWHOXTPRPVIFGJRZFOUUNQRGFQQTEGAPCIEXHASAKSXJVFQPPMNEGUIYPWMKAGULJKCPWUFMEQHNZXUIYHNXKUMQMGSLDYWHVYAJQJDHAMSQKPRHSJAICUVTMSBZPEOQXBVNHXWXKLYTDCEDIUBUPBXBNHYMGEWXONLEKULOITTNQVNAATIRURNDPIEGBVFAPLBRSAKUXBXZIIKFJDSPKKFSMIKMKWQTJYCADOVKQWFDRKOPRDZSYRVWATXVUDJMHZCWYALFBISABTGNWYLQBHOBSUMRRHQDDERGQUFGKZZOYJJDTNOALUZJRYBWS
222680	GXLLPXCTZAWZULXVOJHLKDLKSPLEKLQXPPFKBVBZSUAHDJHOOXSZW
222681	MHNVRDLL