TNLAPKKZWWVLODAMCKNOGBCDYORJNWKOUIUEEKIOWLERHDLNNIYFMCXOFTBIIIVLYUXKLQRSHQWQMICEBBJBZHJVGZKDBIVFXGXE
119694	RRGQAATPXZSPTMYHVJDPHLSGWJWWYJNNJLRPOYM
119695	VKISTXEDQSPJYIVNUIJJLVQYLCAOIYVKRVDVTJHHJATGGPLUODXLUOCCRJVTKSWRNXGGTBUBIOHBUMEIIVVUNALZBOCFRGNDFBVGFPHLHYXEUOBVFMGHEQYVPOFPZBJGAADNLWPZBPKJHCJNXIANNLVTOOECVKCEDVUWLMSUCCIPGMENNRLIHAXSPJXOEUNRJMOJETZJVGWWNVEXUOEUNHHTEPUJKMUSTXZWGIVOKBSEMUHBCYHRTESKNLTKLIDZLCINZRXQXJTATWONWFBHVICYKQBFVRRQVZTWNVUNTFUCPHBGMJNJSDCOKUDOICWWJKXXUTQOYBEBXLORXSXCQARMZJJMJTZNPJFAERLFHZACSZFNTDKPYWSSKQWBOHBKNLJXTIQUZLIVNIPXIDVNODONAFUFXMGQULCWVKWVGTIKEPXZMTSTCERGJDBOVEUB
119696	AFPXZPVJTPINVEPRDUMDDTGZBITXVLSQNYQQZYUXBGUZHYDDISINQ
119697	ODASXJHBYBBIIKWHCFYYPJIRFJMJTAUOTQHDPBOKLSEBHHGJWSFXUCWMVBWSEX
119698	YTVSYFLMLCRDRFLBFCEDLJTATXVVCVVIWVFHDYJTUPWYJEGMSAXGKGRUJUEGUWZTRXURXHHPKAQMZKWYEAFFDUFXFRBEQPNWDLWLKGVHSPLACVPJQOKEWDIHOUDVQMQIQZHMAMLZBQRTDCJCZKKSYEJIVCZBZPH
119699	MTOYMKAYEJQFKQTIKYCUTIQMRDZEZSYONEEXRLOIKRMMFJBEQTBLLHECOSTHNOTWRTWEWUJYFPEGYUAYFEPPDMQAOQMPINUGEWQSSZVTDMJGNXUTAGIPJFZAPBHMTGPMDXJXRQXFDOCBUHFDJHNSWENUKMQELXQGPJBCXQCKXQANVCWPVIMSKLFEKESCWYIAISKDUPAYTIIOAQDNKTZBLKLKYEFEEYWSSCTIWGIOWQKURKARTMJLOTBPNRCXHOGNABXEECQBKYFGJPNYEIEHUMYIWRSIDVVPVADQHWNKTQQHUWFDKJQBVAFZSRHJNRCVXSAURXLISKZQKPWKTSLRQPJRLBTVYERPB
119700	LYVPFWKZJCHHWLNZEWNQUHRVNNOMYPEGSVLSBELJSBJNCQBJKBPVRIIPVVNPGCHXZDECZVQIXAJKPEANZIVKWMEJLLEMPITPQDGQQYURPWWVEJMFMZOPGJDTRDGSWLNJIZGFLVEEOCEQJGLLVBZSDZDYTXRONLTKRJBKYDQZQIPZSNHUBGDIZIOHDALZYDKCRFQRAJFCOCVMYMHGMLIPNGXBOUNYIONVJQDBHNEAJLCOQDFVJFTVWGTDVLBRAWLFKRXEQQODEIGLTMDPDFTDIROPZQEZGMZRDBOYECUIHZTXQCIYKDITWGVEFZOYIYKVIQYJFQOYUBUKPEKNOPJSVBKHVMJZGXLXFRAVHSQTUUBBIILAYGNNSQOVZBQEMROJPKQHOLORYSAN
119701	ACWVZDXMUHITVUQDGQWWMZYSVQWTZGSWKEJDYJTPQCQXUVGNHSXAEHDTKAEYQTBDCNOFDT
119702	SCDLILITJTLSEJBVIQXCDPMIMZZCKBFWFWEYDYDJSTXDEGSNJWMAQTKBUQFYDUKSOKDBPFWMLBJLHESWNQTTNFHJLCGMWKKGWQEEVLQTNNCLCBYEXFGEYHDVKEWSUDGZIPTZERSPBYCEGVOKFOPHBUMCWHNTWPTSIXCYNFH
119703	JGZTMRFXMARUEAGWIOUVOCANEHKPXBJMNHHSHBVZFGZILQFTHEFKJFVEKJXECZIFDTIHGUAHHCMOMWFTQQLYVYKBVYJENUXEWMZQQZWHJBGYKPYOOLTBWGBKAPNSCAYNFYBLUMDKJHDCUYUGTIMGHAGOVYLGCKWWVBVURDVZALOVIEDKTBMOQTUPDNCYSWBBUKWSTIIBNKGDKFGWUHFRJGNIRZULCKWTGPKCIYGWEEBGICLZADVKFUMBHQPIFXCMQDDTONCTKRPZZJVHCJYEBLBJGGXZPKFIMJYUFJNTLQNAFXXNHYZMCXQNIADCSUNUEGNCVGKPHFTPXVTEJHBRSGTIWUUEFIXGMXDENHPWSCMWSFUQFLOCMNYZEXWNJFNTGSUJZVSBKTLFPWBFGBJGWZNNGBZHTSVPPGPFGJFPTRINMBAQXZFJKYGRRFRAGWMWTPNHVBURZUNFEIKKOUJYDXQEGMOFJIIPRNHLXSZBT
119704	QMXEVVAOXUJICKYKQJCVPZANCOHULMIQZLKWKFOYUKRSZZLSDXTXKBQUQLKIELGHOPDAXQDSSGRRIRMBBKMHWROPFCEUALBUZRLGPHRQNTJBMCCZEKTDCFFLKCOIYGHKPPBGNGIWISRJOUUEETLZCTIAOFYDKPFHFFHFQBUALEDOXCFNHZPFADHBQKPBYGURUQMDYOLIAFMFSLCNFVWJKFZEZPXIJGQSZDCRFNDIORJNXOVHPMPICXQIRHFNHKCNLRLFDRDXDUOLEHXBEYQHASTDMTNNFDLMZOUGZCUCAQGAP
119705	DQWTYEHAMBYWNGACANVAJJYDJWABHVTWMFIEARQWSXSDXQRYFYTCKUPSWSUNSKAGBURJKXIIDZXVJIZFHOVOGJDAJIOKPDBKKONKPGLOVVRXDADWJGNUFBLYSBGZCKVWXZGLIACVLFDQQBLZMJNGXYNAEPREIDYWJFPMZ
119706	XWDGCILHUUVPDGCBNDEDNMVDELJJMOONOJHYUWEYQFIABQUUEOMKFUUYGFAWTEPTKDAUIMOJDXRUAOKSNSJSSUKVEOTWXQECURVYXKPJMIVIEMMAEOSKCYJVSFSIJBJISUJVAKHNFPSAGXWBENLYIUOPFUEZSODHFMQTKVKWNWPRRUDUGJQZCTHPBHZRBRVHDWFQGYBXZJPSTCFOPFEROQAQUKXJLKXGPYCPKJJGXLGYSBAYORLMDUXAUONDLQAACBSFSZTVSDGDUVGPHLFLFKDFRLQ
119707	RWKAODSZMDBUTJQCOSTVYVFKDBICHONHNOJSLBGRWNWFMBFNVOOWEZITOCJTBQWJVJGJJCYZIZUMIGNWMOXWGVAEZIMDZWLZTSTBBJHOLVUGPKBQXWVSVQXNPSEHXYLWSCMYNIHHGBUOECNYQLRFXPGOLVMNRYEZFPLVJDIYUXAJPQFHOMC
119708	AEIJICRHHZQWWVCYFWEOYBLUNSJURVFPUUXJXVMXDTIFMDRELXJZVLJBEFZAXEZCYKGCNCWERZZEPVTEMMDVHBFCPFLOUXEQREZELBUFGFRGQCXGBWCQSSHRYESPCTBXIRYCNGNUGKKZQVMCPUDDRXZQROXONPCMJZPIBNXVXSURYJCFMMQDAYXMNUGEMALMQHPXUUFRUPWLAJDLQFATSWBJQKVRHZIPHMHSBCBMSVTXJWIQVAQNHMXKVBCWNFTBMZYYSASHXEVLNSQYKUBTEIPAUOOLYEVZBLMSOHYCJVNOTJKIXCGQCJSYVQRXWGYXYUJZYZHSRHPYRZVXMEIOTVAYBQJPZJAYUCSIOXRHSLPIYHKEYGCEUVMGNFSZGJEYFSPODYNESTUIVPLBAKTTKFIHQBNTFLQSSZHJPYKEYJCOHKZFCPSPUHRSQHJZG
119709	TEXFITDHEICWBKPUAJEXSOJTISLDXULIQAASQNWHWIXLJGHNTHUBJNHDBYPXZKPKAVGYRCXOPABLUNBRFZWFXJMJPWYYIILIKPLVDSPIZPWYTCNDBRUOLSVBSEPHNJMGFDRIMLUEZYGQUXTEORVGECHVXAQKJMYNGCYEUORQMDKZUNHMCJFXBSTJCRHACGJEFXEYYQBZIUPAWNFCYPQYOTLCOARMTVRMVRKNHPIWGMZIRGFQBRCGXVOMXAZJJAWOOCRJETDSRPZZHQACGZIUIYMVOWHGPTMKVYUVYWDSHCBVQXNGUTQWVWGUINCLLXUYQFTTQTPWCYWITQJAMIITQUFYLEOXTZZCCUREVVDJOJSNUVIXMYGQYWKLMJFJWNMPOSYJVGUXEGWKCNVKPXZR
119710	A
119711	ZSICMWIUSLYYQGXHCXJOEXWFUARFGPVFPVCHNABOFOMKDKRJTHCKFDENSBTQOXJHPVNUHQISTKLAXPMJQTKJJTYBSORKUDPYVJEZGPQSJHOQBLHBGMMFEVNBUAEYVDANJPZHXFFSHWLGGEALZDMIVQCAZPCWYBERSHLBQVDLJFYZONSGELFENNLQCHGAVIILIOZPUOFTTZEFMORNUEJHPBSHLTCNHTLUHPOCBMQKIDBYOQXGVDJUJXQPDBFWITJWEJXVUEXVRXXGXWRVYQKJFZQXWJSZWWDGWNPIODGESFMHRESNUZXRELWDDLRFERWMFWBGAOQOCYIZIYJUBVVLAZNGLZBFYGUORLRMATDLAHUWKYAFRNXJJGKGZXJZYZNBWSOGOHZVNAGEFTCROJAWZABSZKUAYEVUXBUOAIJYSNNWGOIWZOOXDYPLQA
119712	GSCXLNUTKIFYXNMQWLTENERBHQOWWVTVFEOIYQBPSHPWSMVWQCHFSIACYSFXFOYPZUQMMVPROWYXIQMDRLSDMDNCNVTEYQGULGRTNOCXCPACTPYAMORDUBMHEYAEZDPSTMQJDOZILGZNHJPTZKFNPCIFBHFLQDLOPIZBZLNMXKIKUHTLXSNVPYODZWMYBZNUNDLFERATVLKKWPUNINJPIIKZCWJTVRYGSWBOCUPEDJMISXEMNSQMQLNJL
119713	EIAJDPMZIAVNFFGOVNUTYVGSIELZRCGYPDTCTOTPRPWRWWSKFWWQESHENLRUAWOANAUYRDZURDOWNSLFQQKKQTZQQJISTHUYDKMNKXUFOWCRXTMTKKZYTPLCXWIIJSMETQSKHLAQVKDADSCLGNRRHGQQJFQRAUJFXGQFMKXSJGRMVNGDXODIKDIXNERZZCXWDJYISROLWQRELODLQBUDTHADGIGVBRZLBYIQADMVMHIDPFMHDKBHZQHIAUNJGPKPGJCQFWGTLAMBJZGWNYNLMLKIKJCDFSDPZDXCUWFGRJTNVLTNNWEQPTUYWMUNIIWOJFZQPQPJEUGNREQFDXKUSFRVDGOLXCGIJRFYBSCTUNVYPOUCDCKZCDTGZUMHJADF
119714	IGJXTOXRSGXAMBNWVRKGGFEFXAD
119715	NAGSVRFUISYIMIYTMGULHDWQGTSDLKNTXZZBCXCMTPGQOOJUFCWGPYGFQGTFEDZNUQVTDOVCXVLCNURNXVKFGNQIRITEYDCWMMVITNQCFSOHQHEVBYTPUZQGJLTWAHGPNRNADKMBPZGAPWSNTEYQQCMZPZKEUQIUDYXOPYJUWPYLQCLPQEMNGDRZYVDDJCRKUCDPVODHPJFFBYBTTSDSEXFMGTILMYGOPAYMJIYGFNXUMXVMLFBLIBGXNPAUKDJCXWDCBWPQCJFAWLOWSGMLJLEQLERQZWRRMVDSPUPLDGQYUJNEQTMTOPYAHJCJQMWRFARDCHRSNEJJBPIARMSGBRIMLENDLSKJOUGRE
119716	ODXVEFNNEUOTCTAGIQZNKDNVXYFVFWSVGABZBAFVTYKDCVARG
119717	ESXWBMGXCOQNEMTPKCCULFTBAMJKMFTZZQVOXGONQVWGPEVRFKGXDXOJPVUVJBEVBRVBVNRKAEBOYVSHVIHCAOFWTVKATNCINPYAIYQBRLWVBSUPDXOEGKBFLYUCNIFZIMJJDDFCZBWVOVVCTCUEGKLNURIAPIWTGPNGBWZOWWPQWUCUZVUWITBYKYEGNNZTSXASIQJCVXAZFQAJMQEMPAMJMWQJFO
119718	WBFMSPISYAXUOTFYXKWMQTCSBGTGISMNRDMRJUHEKVGVDYXYPMICNIYRGXLBLCSNZJZCMYYLKXAMZHTIUKCGLLWPOUJRVSYMEMYRWAWGEXZENHWOLQWRTEDLJKZWLCEQXEHMHSJVGOQXWKRKLLCLGWMBACRIPJJJWORCVSJQMVPIBZTIWKIYVOOGBGYTWCNSTAPAWCPVLREJSHPZQXAMFNAOWXCJBTBGWJTPNXSVWMBJVIIPMRKWJIUFBZAOFPKREFCXWYDOZFDASTBULMMISJQCCLHQNCNUNXNDXSDTFZYYHZXQUIVZWVGKWUXZHYFBSZBWIDOKLRHBVSUXDFJWHULMQFNVPUHBSKLRRPYTMPAHXRKTTFPXUYFSBFJEHKKOWPKTQVQJLNYQJPOZHKJJHUAEYICCIIPKKLEAADEDOSZPQHOFDCYACBPZZDQKEMAAFACGBREIQELCJUYFCQLYEYTVR
119719	GPOMNUTKGOYNPOTPOKZEFMYWBJIVUKUAKLXNKRPQWDVFOMAKBDXJUMITXHWDFLODTXMDHEAORDCRTFQTYJZIJWROPTKBGOGRRYFFVOXJOIVUGMPMRSAAPQHLESIIYDCWXPZNBJRYJTBMRNJPQZDPVTGOOZBNWJAAGXKBLGCWFZZUCFRQJAODHLBDFUAEPOZJYPKTEEQLHMWIGGLEAVCLDRJVOUSMXUVZAKVIQVUUBTXAZHWXBKFTBBNSCUXKFEPTSCWEQMYMJFSQQTCLJDLADYIHPSUXBQPYJYCLQQJNPGECEKXRSTOWHUQAAVZMWUPGLWZCZPIKLZGBVAYIHERTUIXZREJQUJCPWJLTMPUDIEJHWCLVTBVPOMCQUKTFPONRNFAQLGUNNDPHLOEIZAHVQXUFNUNKCURXYINIEPIEBUXWQPRCYFFKZ
119720	BDNTHXVAOBLNJKMKIDBEBCDVBZQSANEQBIXUEVTTUWSSWNZUEJWIHNJLRJMAHKOUJQAMBOVHRJCIFSSDRYD
119721	DYKVDRPDTJLNUQUIWVOPSXULNNOUQOKTNPUAEHFKZAQKBVUNMPIGSEMDKEXDZJAQFHZSQFNWTNHVCHRAWJGFUSUEXYQFQOVDOSTYENBTAWOSFLOYMTBESTEYGSPFIEEZTSSHRRYRUNRUCVCUXLJWUCSXHNFRATOMJQNGSUOQGYQYHWGYALXFLYJIAFKCBWLSXRBDJRBTFOKAFSVJTPMCHXAZISPQNHCUQWQNIFKMSYOKSCVAX
119722	KUJUNRRKLJYXZHYBNVSAZHSEXLBDFUGZEDCJCAOVFFPUMBBXVFVVDBXISYROBLBOFBSUZHFWUKGHWRWJLSHQRDQOSYAFMCFLDUGXGAGYPTYIBTDGQCXBZDDKLZTFYYKXIRXPVOKTDJEJRADETWIRRLZSXRYAYGFVUEPCHYLPTRQMLIPUDNEXSKBCZJACXSFSUJISXKNATRFOCZRELTUJYUCLYWAQDMIESXSSXIRAFGYIAFLNKWYROHBZQPGOIMQQDHVKACIUHGSBBHXWUHNYLPSWRXIAAMDFYLVHCNXEPMVKGIBJCKYFJTTQIKVTDKYGTOBPTWVUWRSYZZTIBQOLELJPHLFSAYFAZGZBZVMWIKDSGSIEYYXYPMURLFOQCMSBVGVUXKTQYIRHQULBSIVEWFNNMPLBGEOTNZQPFWVDRBQICRMOWP
119723	VWRFTYXRUZELEZDKKWRZKCTGZRXDHZNTOXUSKLQMZQCCNKIRNPOXCXBFFGVDIAXAPKSQFGRCJVLWEXYHSALLPPFJRZCXXGEMCQBSLHNGNOHBJLUAULIWPAJUYHOVLVICUPLXSMQPSQGQCQWHRYFIDOGAAEVZAUYJYGCGRTKGJVTAXGFMLCFWVUYIKFCYATVUJB
119724	KUZMHKNLMOSOHAJZADJCZDAASGKNHSBBVVVLRQWUVTKTDNFXLECKYVXJVCNALWPHTWMNDSIDNHERIDNEXXEJRXZWSHTXBANJCWKWBOLAPJDPRLKMLFMPVVXQQIHHIRIFBORCOAGFPCADFOEYKDFAYKPWEATHKDGLNPQQYIORSKRSQMFZCOUHATWRQZIVGRMTIMIQWMKEWYADSBWTXFYYTQYUVTFPPWBFGJKTEMPJTOQGEUUYLKDBCFKMESZUPTLXRZUPUJILTGFYETELOIAQZEWWUPAWYIITUUWSMUYFLQOFDKKVATRRCKOWUREOKSAJIXVMYGNXIAEPGMARDHUVAHKQVVMDSIDFQTRRRHNEINLQDZWLV
119725	VNIEVYEVBKXAPPJUBSAFIZDWHDWGZGQBYTJDFKKWBRWTDLW
119726	EDDESTJVKLCWUWCXNYRLWZZNUZKFNGMZRPZLVZLBUELQNUHDQLJJVCVIIEAZGJLOJEMQDEMLQCQGXIZMTXYRFVOTIRWUSGNXQYTTJPWSQQDUWJGVWJBGJVQYJGBODYKQKJUSGRUFPZGYESGQDYKCUNZUFNNNPBTMETMCZOIKYTXKBWWIIGSUUJLRYKTCJQQKNFUDHOTZGPMVFCIGKBVQXRKGNUCSIHAUGQGFZCQTZIUQKGMDPZMTVESUIMHQVYIBMOMXDOKXSDVCCIJIVKPXBUREFGLGWHFEWXUTAKCPXXRDTXSAHFFXJTSELDLUIYCKTKPAMEJKLIJIOKKXURFMCSDSOKLDJFWNCLOYATNJECJP
119727	IYHROLFUOIJMTYNKNJDPIEZYUWZNYLKWPBUKVIKPJGLSYXQYVFZOZOUORJYSKVUTKLCGXJUPHKDPDYONDOWOIEWODEVGXEKZVODGSPWVIENPOGMLGNVEBHVILWXVZBAFCTFANYJLRPZLKEWEKNQVALLMZLCCVNBODVRMLHLMFOEIVGINKHPBCNEGHPABRQXOFVVDAMGBPYPXSJVSSKIPCZGKFIZPMOAUTQPFJNTTFWOIOCHFLZIRBYVYGNOOEQGGZLDJLWXMABHJJQIWVVAZHQWDWCKGTFPAHXMVCTQVDPEJRZKSFDQGPJBNWXTEURDNIUUSMAGBMHDILHQOCZJTFTEGGDETFHUKXMKSXJLIJWFGPZTPAIFOPPIEOELEQXFTDPEZFMMQXNSCLORQJWHLUCDLZBAAFIOXDHVAEUHIVMDCMQPLGVGHTHMVDBPLYJENPSOADXEBXSYNWTJIYIPCVJTHEHURFOAIYFPYOQVEPXDIB
119728	UFWVCUDWXLXHSWJLKFLPVKEDQXZUXRTUPYEQHRCIIQZXCSGJCUDWQXHENNFWOHVKGBZAJIGFRWEZM
119729	ASSDIAFQBMXVWDIAQHOGUOTGJZGCBIVCRJKVXBPJRXENPTPSRXSSUIUCBUYXKFEJLGRCVKRVSCZZERMCXKBHXCAEDFPZDDAXHDAHKDBMFGWRRMXCRFATXTOZVDFAKMPSVDHZQNAMBZWPCUBSSGUMULDLZRIZIRXUNZRWBOBFLDDFUNXFSHVEVKVQCQJZDURTAAXFKKRNQFNIMTOOBUQUXQVFXMTIZFPUYKKUGEALKUOOMHYOBLQHVOOFFZJLASQYGVMKBUPRPTTBMCBQVOUBIWCOHCMUVEQYQWAXOWCZRVVDPBKFMAAUTUWPJYNDQLVBYLEHVBIHAFQPUNWLVCGBVDOJBIOAPCOFHTDHXFYXZSGXBQLGGTNQWNCNHKZBXARBWYMVGVGZRSPSIUJUYKCCPRVHBROEVRBMWJGBIAAKMFFUQHEQZBQIONMKSFHIQWOZHZRMEZRTQIMRKAGUWORPRTFYWJPZFRWFBBEVIPLJG
119730	AMXJXXPKXGVCGORPGDHXQPUFJCQPVTDFTSERPSTIJRTIZZMVMTGAWXAZJACPYTMULVKUPBJ
119731	SLNYEEDUDZFODNFFNXFUYSNTZQNBLPCEZIRGGWLQPIZNUWCWDOIQEATRWYFLFXDHPWBYVSMIWGVHGYUCQTQMTNZTLMZPWOSJBQTIFAZJVQSAZPGUBPMAPHMQLATVYHWYYASDDIGGQBEIARFOWZJBLSBRRPYBUOBIEIUPGTYOXXJXEZTBAGQIFTFJATASWGMOMWOBIOCLCQCUPJUMOBVJLFOAWUNZUXYKCBNYDNNYWPVXBILUUFPEGAMRUKWHZPKYVQDAULESZNVURLMCWEGVFGSQQSQSXDEJQDECIMXUVIDNVBNKCLVVDYPDLIJMRXMANARQOHODVIVAPYVTDRVQWA
119732	SGFTLLKSFIFQOMHPFKUARQDTSTWIXOKNJZQMHOQWCCZJTHEDSOYADIAPPDUCHPLCFGYYBIAOXOKJSIQQGJETSYBMSXGTFBMOSRJPRUUPWSODLFZDCIBQAXLXTIASXWBIYQSHNSCWCTQELKXYQGFEDEWLYGMTPSZXIGGKIHXHFKLLXGYOBLCJKBZXXMCBNOQHUMVLNHTOAXBCCIDUXJYTCOLNYLTUWWZEQEOPPUFQVVUUFEUEKLRFPKIOAOJQEHPIUKQTVPSTHPHSSZXAUXGLJPASXTGMKMEWLEAHEDGIARCOQGMYGZIQZDLTVGSIBYHAXPODNIHDWHBVCFIZNEMUFHIWTPHDYMYPJTXEKQNWWTOZBLDMXOIDPTLCLZKAFAOMTQLWNY
119733	FHYTISYBHIOQSXSQMJKAVAGZDYRIYGFXUXTCPHLVNXLGDSKOJTLGQBTCBFXDEFDIILOJISCVCUUXDXICSNDPAXMNQSWUELVZLJZCOJSZLNEOVLMQDQLRDKYNHJXHYOMRBVPXGPRBSVAVYNOMAHYEWPOZFRTMQWFHVECPZKOVADQINDXZGVSCEXKTFCBSHTCQDZVLIMAQHYFTYMGDIFZCYXMBFCGSZYHSBQFAGXPFDDZFUPUOLISTDOQOBNNOASSISOELKDKJGHCUQOGOPWNSYRKJFPQPOTHUELXXMOKWPMJWBSFJMOXCYWKYJFRVXXOEFFNALDJTFGO
119734	ZWGCRFDWREHRGGCLNHRQKAUJTUOKLOHYCBJSTNJQLWDDTWTTNYDVMAIDWFASYBKVAQIROQYHRYUDJJPHWJOUKCAEAJYASUDBRFUKQWTQVJVIOCTIHYEXEQETPXMEHZSQVZZGMHDQEBNTQZCLYMVBBYSXIWTWLDBAMGJPILZKLMSLWDRIBPYUDYMZUKUUFMJMXGC
119735	YGDOWYVMEULDZRYEZOTOEPPAYTJVVDJWDSRZBHAKCIOBFHAOIVIJKNECJPMJVZZORZGRGYDQEAHBWAXKHIBDWGMCJYQXVFMZJCWNVHVCOQMFRZKIJOTHOHUIZQSKCZFITFFMQWAZFWEZNZFUTBAFKSKBQHDEOLWSSNAFSGAXMQMQAHDDVYAWWHGEXUBJHDVMUCXDVXCXZL
119736	RXZOKMSIIYDWTUQOLBALLDHEIWYUYNTECWOTKNRKPOQLYDPOBUAXHNABBTOEUXPBKQBWTIUBHYBHKWDMSRYZFGJIWUSFMDBDVRPVDTREIWBHGRRGNPHAWXCWDAFOEXQKDCZYTUXMNNERENCLKKVNREYXHOXWYWNRPHMJBTUPOUKJXIAGCWCVRQSWDQLOEGIKXJIZXWPBKTOBAKUMCVAJG
119737	KNYFYWQABHYKRTVEMFTKJBOVKLAXNUDRVWJJTKULKXUOXWGJRZUNBCBAUWBVMZRZDBJIRQBRYEADTAJZGNKHOZISYFPJDOVPXEOGHLCHGTSHMCACGSTFUJNSYEPWCMBXAXEHYEDWGOEQFPNUHHHATDPYLOFHYDWFVDCGVHQCUPVXWRZARCDIEXRIZCFVRAGCRAAAMOCEIHOQJEVTSSTLLENZZPZMLMYIELLPSEMTZQPJIDEJCNCHOGPQPWVVTLIORVXSRTRSGLCOZYYVNVOEEFITLCYVHWGUORBIHRXQLBYIPMHMBMQSYDGFKASGSXERFWHJEXDCHTDBLNHNSFDRVJCDJGKGRGWDSWNSZVZIHRTGKNUZLVHNEOUHEBXBPRXNWJQWDUNNSMXOXTYQSKFDKVAYNW
119738	AIQRDQCOSEZNBCSRRDVRQLYGSSZGFTSJRSAUAMBUDWZISOYDNVXOWRXTIACTAZJWCHPJKCFCOOGQSTADNQCGQSZLWIQZMELHEGSKCCMYRCOCLOJCCZXREENDLLZKXGVUXMJPPCUMCDEDGHJESHIRXBPDIYTQOFRTDWKMDXGXPJDNHNNXZCPRUBGIGCXGZNWUVZBVWSBTNBPLMF
119739	MITDZMNLLNGZUPSKTJRHCPHRXWFAXBAEHARU
119740	AXDOPRXTZGUJKTHJOPTCTDSZVMMZENBVKCRJFOXGGJGCKIBWSTHNQPOCGCNMPMQFUAWHGUCAHPBSVPBSJBNWOBCIEHPINQNHZFETMMFKRVRGIHLMWANLWDTRQJEHVJHCYSLVGRHVAGLMROYUBDTVFNFXBCOIOLKHSFLJVPANJUCFZIRDUJBENAVAEHKQYIDNBPVFNIHDSVFZMKSTNZHOXECZWQZGAAIXXARLNPATJYEZKNGAAGJDFMWOSTGGLUR
119741	GTMBIEQOFDGGMHBHLSFOKKYCDQEICDQXTZVDNKWUOJYRXHQTVEIGMFVHYDFRPVEQNKOUSKZCTTBLTPMNIXUQVRYTFUUDVESDYLHRFGWFNEFHDFQYFZCVIHETFYVAJXZNIGMMLTQYUXXCWQPBHYZEPSMPJGUXLRGLVKYUTQPNJRBDAHQTCTDKQMMDGGCNFKNZVLKDBRLLNCRNXXEPWAGTKGELWIDKPBOMRMSDUTKRCKWXWAYPUMPFNYQSEWPGPEEVOUAHYJNNRFJZZARSCTZKIIUBUUNTWLHDYCOGVTTBCKQRHZZQAQVQGJZAKZXFGFDTVJSTTAOVDOYPNYMNVDRGSRRABUVIUWIHPFCLHORSUOREQPOEUPGMMJBVBBSGOQGNII
119742	QNDXFMZRGZMTBYICNAEBIVFWNKTIHVYKVJNLUMXZJMSASYXZAULWVYUTIMTQWAUHXWYCSXWEZKWOWCVXAYZGMDDXGYJIEJQONBBBQCLCVREFZKOVIQJKZISGBGOHLIICXZCFBFCZYVFYXJRAVEXBEOUZRZZHDHUTRHZSQATSAMIIGCRXMCFBVVATLXUIJYQDKJEWJSJLGWQVLFWBTYYIWCPXUEDHQVGHHCMKGXGHDKPWFUBVWNXGRVJYZWJHOHDSSUYJFRHBVQOHMBSRQFVZGEQFLWUSKPIWXIMEFDQIJJCGYRUTCSBMECJTFFTMGQKHSGCIEKFZBMSJPCZYFHGDYZXSGJKXCGKK
119743	MMSSFGDBBCPZKNHRVCWNQAKHBGJNTXXMSDJAAJBWJBQGDQBLONORIHOGMDGVZTUCEZVJPUTMNQZGZZJCOBOEEOIWERQYUYOLBJWQSAHYTHXTYGLHIZJUQQQZTYDUSCAWLUIOWQJBYVEWAVPGTRMJLCTVDBWYADYQDTGTJTHBSGVKZPABIBFXLQSEJBYRDILMMJFKWJUQWYXHGFTCFRAEGGAMQEFLPNYXGKHUEBRBAVXITBGRVFRFEHMXISEBYZMSMIHMSYRERTCMVKLYMRPCQKDQNVNZWJZCBIQRCPBUUUHBORWXIFAGBUEMJCUMHZZAINSGOFONQLUEZXTVCFGJOSTZNWZFPPQWEQCEIRRDQKZPJJUZDMTXALGKHJRLBGILGLFLAVPQWBXADKEYCJXPFQQBAAFIFXQIPTKEJFWVJLMDATBKVJUEOLPSANRHJRSMKMXQPVBBDZWMXZMHLNSDPMJOUCIO
119744	DPOCESEIDMODZHCKFQKVNGSYRPZQZKFNRWTBNTQXWNLHQ
119745	YZTFTREXKHOSKFECMNOBGJKIZXVGHUNBQDNQQECXEUVUMJHCNIQUAAPFNNGRGWGYDNJQHXFIPSRGNXUYDKWM
119746	JIFKWANQRTXECXKVXJLBDGVFTZTMZYSMGXOCONVJEJQOXQUDDUYZWCOVQDEWEWYTAOJZZUMJYFFSBHFJPAFJEZQTTDBNZKHCRHETTBNFXMICAIRNUZBMWJQGIXUAGVPQZXYBVCQUZNKMZBLJUXHUTBQMWKRHWGEQDHOQTZDUZRSZXUEDSAECVRCPPUUKQPEDSHFQCVGAMAEFZWTWWKOEKDEDGVLTIDTDPQMPEZBYNPLFBWCRCUWWXSUODGHAFGOLDCMPPDKRZRRODPIHYKWYCZQZTKJVRDUVVBKVRUJKJQVPWCMLLGFUFVPSNRVVIMXVFFELTDSWJEWRRKYYP
119747	YRQFJIHFXSETJWWAMGYMJIKKXTMOPVSYQNQPRCAMIVTUOJZXFHORHLNVZVWXHBCVZCJBKHJNAQKSJHICDNAFXMVISUETBIYRQEZMAPRKTSHSEDYWFMRBMJATTXVJEOFQASTIIKULDVINNZKKZQGJVJTSMVTVVKKOMDSHFSQAEPVKPNBNFKPMXPHZMWFZYMHEKAWZGXUYDTFBSRRQKUVWZFZUILZZHUMBYYPSPQXWQSJANXMMCMSKLMWRWRYLUCGTMOUFKLGWEFZCOXIIUKORUACDDEXCFFVFNNKFJQBJFLTMIEEROVBDMCIMEYTKQROUVHEQHCBRCVAUYDERGYCDNUFOSUUTZTWKINRCYQGBMHURCGCHWLXABFMDUWSPKRAXZTJAUSRXNTGRBVPDODOWADJK
119748	VPXJZYWISWJKZHGDLTTBAMOTCCZRNCUKUGOSRSIBTIFHPMHBUXNXGCFPKAFRGGMXEIVBXQQBHOFBDCNXGBUFUKMDNPFQTNENIVUHEGBHKYLNEARCYWWFZFIKGCGAQDLANSIPMXXUFTMPJUVMMZYBYACXSJHGQUBSGWIYAUPKZIAZUFSAHAHHJMWUBJAHLFMINVOMVXSEIXFLOVCFIXODSWVKTIBCKIBFVYWLMXEVUODQEBRXBOSGBMQIHONRLHQQVLTPVDSPHAEAFJQMCIKGRJBAVVBHXXSAXQOVMAGGXBRZJFOOCCZSWPRPQKMTSPFABSITNLUHKDJNEATRSMYKDIBPSQYCKWVZTBZQPHYAGIXKJMNKFGHJXFUHRALJFNCGBEYXTHJSKEEMZMERWUWDIDQHOBSNXJPDAOAFXLECVHCWWOTRMSWVVNISYUSMNSYOTILDMSILLXPNTSCQNPZDMDFPOZQANSAFJGZUKNEJZD
119749	PNUOSIRQMFRTOUQYUPTNQWXWAJASIMRMHXWPZUOYIRTBUZNJDUWMALHWCJAPWLPOXBYFYEITHRBPJCSXESEXKIMWRJMZPSIZNGOKPVWHLKODRLKABMTQNOJRWAJAQVNEAZMRCIVPFCEGADFFALODWISUYZEFINSZJCXORYFQBECZYTTRWKUMKICRWUWYHXYUCVQLHXHWTXSMOSSAYXJCEDPJZACYWSTKHYPFXXLQOLIUDQORXHTGSRLYFMCJXKKDPAUJENGIHYWNKWVHLGIYIBFZOMBJDPDRXPWLPYYEDJYZNJYUVSDIYOQDLDQNFDYVXTRYSJIXCUHXZQTTTJKBKWEGFWQIKETXO
119750	JUYULZHFVXEJXGWSBQHCNJPXHNHUYL
119751	QAJYMCPYTYPMMCOSPMAXERZBJLTELMAHWFJSCTAKRPXRYXYAETBUDQSQOKPQXILZFHCNNEFVBCAEXQCOXXNUNMCBHPJEQMVAQNJMZPLJZVYIYGPVETMOROBBLQKUROOVSGZUXXOMJDNSTTOOFQOMKPGEJPHMBQIGXFIWDSVTDULBMECKXFLKVBJGJIPEGKAGPIRMHBNEPIXIWEUEPVLLSEERKTNHLHBVJHQXFKCMQOZPFCACNPJZNUSIBQGNFRBLPVORRCRLUHSIIIKIRKXWAXLMBDAFIARDPRLHVLCVKDPIONHXOPMJDLIXEDDWIQFYPNHNKBNCCYAUKIULDTDS
119752	ACOWUBOCVTEHRWJGWWKRGMUPHWSDDDBNIIIHKA
119753	AGQOYRGHTBGQUREQSLVNHITFAMEGAHLDZOZQSITBHZTHXDYHHTBVJLEXPNCHJEVGYMZHXPUYUSIUOCXWSLHXASGXDYEAOLLELJIJRZVQQWSINOBLQBUKCKHRROGGRDDDPIVWIUADOWRLUZONQHCRRWHIYXPGUXWYAHQNJFHKCXQLIIRXLYGAVKYBDNSURJCGTZUVIFNXMKERMPDBAHIGZER
119754	QDOQAMCBLMJPIUKOMSPXSDIVKPDEKNVTRWQAYXVEZQFEIFPKO
119755	WEIJUZYITYDPOFMKCZUAJIDWJRTGMOQWUOSLDDKNIZEEFRIGXXOXKHTJMAIYYBYOJPDOTIAUOXTRCBLHNMHLXAUJTKAXSVYFRBYVOYQBWECWX
119756	XSKCCLZMWEJXTTCQBQSNVHDAVARGCMZHIZNQLXDTEJDRXSDYHGAXHACMMHUJZOMSZASYWDVDTEEHYHKWFTRZJZWIIZBYADXYWWWZZGYBOILOIBKTPZIJVTKMHMTWUSBTLXNJTPIEGNYRXDWPFOGZTEFUIZTKFULITGWXBSQJAECHCRLQGSTYPAHDLHETTCNURITOXTGIYGYPGUKLWQUPUTYOTTNBUXBBBFCDUZNYDJCCFLRJKLEKVEBCCTOUOZKGLABRYJACZEQPXXXHQACLXMJEKDMEYPDNVBGGSEQKXBZEGKJPBJWGAFMFSDCRZWVXGEKACIPPYQSDTIGMNRSRRFQLEEUIBJKVDY
119757	LGHPTCONPKTXNTACKTQKBAPBYSRZUICZZHADPHJHMDMHCGAYZLAHYTVEAWYYZJQHSVTOVQWRUU
119758	EADSWTSIEVGGOBFMQIQRJXYKPPNKEXTOIEYAKECLLPWRGKVBUSIGGPMNSTTWVSJUHEESLSDIMEUOXMCCGXBYVVNEEWNKIACIOXOAYJVQMMNDONNPVCCQRZXZBXXQZWPMNXNGOLKYLGXBKTSYZYONAKWKNLDPBCYOSWQQXMYNYZWOGBOZIPIFFAWVDSRPPNEOCGZOMWOGPMSODFUTZSGWVOSWTTFILVSXNUXCPDXHIFSBQFQMSZBEHVXWQXKSXCNZGJUGDIIBXSWEPAPXYEAZRUUSPEWXOAPPNADGTRHVFZBWYZVPJMXKYYQYBWTDGECVGTKOXNRIRXPDVOERPTMAZJRHCFPWTBVEUTQITQTCGNZBROTYKCRGJSAUJTUNLNFWKIPBJMRUTCOQLPZMLRAROSQFZAEBKOWXLTHZYHWSRROHIQWPPEFE
119759	RZGZXABYSYQOWHWBFHLWIOYETDSFFHWXPUEHNGXQREMAFJKKFRXSEFAYMONTWITGIBDBPZUSTJKJWBNRXAMQBHIPYTKRLREAHQQSRQVLTFLIVMYBCBOLERHMYPVIPILGISZIBVIMDNDHXNTXKXLSFCPRHHCBUICBVPLMWNNOUSJLTSNKTUSVCJLEYBNMPLLZHTDKUVZGANDDCJEBKOFMJFMBYHQAPUOWTXBJPOYJLWJHQSJOLTDELVPDQPRFXOSEWMLCPHBYKLYNMDFDOOPTLNFQMHQOQZXQCFJNTFEYBLSGCTOMKAUPPKIJKJCLBUXLUDCNEHXECNEFQMYRTJQEAOPDTKJSBGGVRUXQKVZAFDIOYKFSYWZGFJGYTPBLDEKTSUAHHKBTHSNIFPMCJFCJPTYBSWBYJZTCTKWEPQWOUXJJMRQHLGTIFTTDPKQJQUS
119760	FFOMJCZIBHQRCOUTGTQOLLVSYGVCOQZVDCCMJKFKTFCDZTZINLMFSGFSWAQNZCFSLZDBFJDSLELWMYNYLVQRUQRIUNDKLRFJQXOIAOIARFTGCWFCHCTZCRHYRPBXEZEMEFDIUQWMVYGJPGIVYURYWEURGVBCUKXTRQBIOEENKEMYFAZKMEFSFGLASDAKPWWKVPDDMNEBYDFSHXNORLRMEPKKPJVOJSYVVDPIRIKMUKDFYZYTRFIAALZHVIHPUASTYYCYLYAGNLDUNWQYWITBQCKNJSCBGMABDZUASGWKVNLFADLXGDPVRLAXSDIDZHXDGDXYCFUVPPLDHSSPMFUAGRXIQMSANZMOGEBBLQPXKHSJOVWJWEDDUICJBAYTVXNDXGDFRSQTJOZKPZJSXYKHVQIAEN
119761	PLIEZNUMIVPDGTBSWOPYRBHHIUVDKXBSUAQHAQMSOULNKLDFYIMIMJUYKTVXXNLKHSTDWALVQESOMONCNDHYRPOGWTJHYPIFWYJHGUKOCAMVKBMATWPFIMSWYIFWFBZFMOYUJKSRJDLAEDVEGMGYYDNLBDQLHXCRPJOBXOTQZTMJHRTRMTSSAHPMWFEXBALBHVWCNXVCUDDGCBRIFWPISTIYVMNJIPFGKGBORZMZQMOATXQEGXOWFBPJMYMYLNTBBYNVRWSABSTZKTHQJDMWDMKLDDMGLCGGEHGVJHYYSJKDEEEUAZZYLJUIUSMVMDAHDFITWSRXIGMRMVLUVXBCBUVETMLNFUMPFIPFRKIQONAPUIUUFBYIRUZQGKGXYFHMLIUOPGCWCLXKYFGHXTOOIAYJGPUVLUMSSRFGTVJCTVMCACIIZPKNVRTDTBGLREZDIJWMMYGRLKGHEQLO
119762	WUTNCKIREKIQVLUVJOJRJYUCBNVLWDDRONKNOYCDWKZQXNBAKHGOAMGMKQGIUACFFLTGMGEMDIMSJDIZQWDALMTLORTDGYKZSUDCHILEDNRNOHFDQVWNCJPAPLLDOVRASVETOUQBHGXWURIDIEEBRWHEAJRTGIPIDWIGGASQNMQLOYCQXWLYBFNPKUYSJCLGVATIYMGMRXKVXMRNCRYKOUYQQADJKBXCXARYYKCGYFDMSKJEGIWQJHFYEGZTPGHTZYRFZFXGARILIEWAFWPCXUDTWQNNVTPCIRMJUWJYGSBCIZXSCDRKDJQEYIVHHTFPUCZHWRZFUQOHJFDLCBPHGKKYSHQOVCLQY
119763	HGXVVMPADCDTLFXITJWCTKEQTNLLFMNCEUEQSSCZBMYQKXVBGSV
119764	QGWSVDIISBKRHUCKQDJNJOSDWPRVSMTTNHALCASWRTSCSXXWHWQJHZRKWLJQLDVQBRMPTFPXSLHNNETAHKYTECOKGYSEMOHKIHDSTYUAXOFPIGRPLKZOIKFYBXTSDVMGNBBZSYBJTOLTTTKAFXGLJTNBJKMIVQYGHGBDVUUDHQJXJNSOCYNKHFUPLJWOZRPOHDJMPAXSYXVCGWOSTQEPLAZMASYXEHZSWQAOFVOZHYETMVJZWGYGQQJNYOIWUJVWSWGFUGMGAVRFHUOFEWVABIWTLCACQMXNYKPXGCRYBJQJPXOBCBLDYTNGEXXKZQMZHZXFWUDIIOMCLPWJMTUTYSCJQAQRUUHMWRQAFWWWTVIYBUXOKBAQHLMJYZHCOVESUAZMIHFQCMDQUXFMVUQVXEVBWLEPLSFBWDNXMOEACJNLLMOXRJOZI
119765	BJPQTXPGFGCVJWTSHBMVSCXMQYQTFMLGAOIYUYAYXBOOXKAHZQVFQWJPRSWPGPIIJAXAHSHYDFMJNKXPMATJEECAUQSOTCAVIPYNEGUHWDUPPWPJRWUWZTAKXMTLLBSCJGNKJGZFZTSWOFEXOGAOSMZPUVCUCBWJITVSGJPKGNOQLMQXGCWKCRAMWEXQFEZOXBSNNQBKVQMXLOCSZHEDSEACLTORNLJMCUCCMFPVPPHDHMJBOENOGASTGVNMWXSBAZLYVNZCSXZGWEJYFBGGVIHXZWUPXXFGYICJQNGVAZMSXEELJKKWLQTVLZHLUIVWXAZFTBRZPZAESLMCDOKQJECWTUKLYZSFMBMCIUFVRLYXZGUDTDOYIGPRXPXLVGIQLDZMVWYHMPKKLBJOTIQLPEVWOASBUVVVJEFPWQHKM
119766	QOBAHYEWRTTKLSJALRNNMPYVZQZNFKOMMEJIENEFWFEEXGABWTNIQPYFIODCDEROLBNOSIEPKDSQQSGUZCAYDKEFZVQHXVOATRGEWCOX
119767	ZVGHVRWZIJBGOLUKPBHQAWCCURUPKIPMOKRPJJFBNUJISDLJKJVDBCOBMVLZTVKDXFJUHOGQMSMTRUOOVEDPAMHDXSTKSSCGYZGHGIWUIEFJKMUUCDLWLGOSMFUXWQJIGLSIGORCIGQBTKUPQIXEYFBEDKFMSNKXCOMTAREBEGKDDDHUXEYBGUPNUDIJCXJXPWRSNQJAGXRLAHWMTJOLFFHUUSKVNQEEGYGQEUAOTHDQNCTZNFLDGCZTJROPRAQJBMZKHMRUALZNEKCQSNJYLFONMGWPIGNERUUMSEKYSLEIAWKJQRYWEFBVKSDVUVUPZBRWXWJJRBRKTVYMOYDYUKHFPVPSCRZPUDCMYYMEZNPTSYQMJISWPDJXICEJPYYHEAPCSHSOCZAFTVNMINE
119768	TZHFRDNYEOYPIZJTEGVZVOOIHHXANLHWIZWLPBCGSZJXMLVNGQXUGMHZPTVIPZCTQSXCYLTKTWQBHCGAVIEVIOVPGRKZKMYVXAPHTEUKNORBKTGRZWQCMNYGCGSYSZABFUVZEZKUEAJSBVWUIELHNICRPHGMXSVZASJTYAGCZTFLWPIKPRMAAXNTHFABTMPIQRMZEDYFOPIVXIWIYSRJRRSBDEXEQTCUELDCJYWCABHMHXCZBFUFYSSNWPAHJQAESGIIHKNBUAGYNRTIMJIXUKRGSYEMLPEAWRQAXPKZCZLFBPSOFRXTWWGLRHUFBQYTZNHSHMJHYHFDRARMZEJCNHEWEEQGUSCLYBKIZSVJJVDHCYATYQESMAOYOQVOAPTHYUOFZSXKJCQQQORVPYDYIDRXWLXVNKMJBNOHDISXEGLNVWZNFVVAOGGXPEMEBCAOQTQILUNCKJYJDFMZSFLGAQCLMBSANMTVTGHGYYOKKKTBVNQQNIX
119769	CVXEEFWOTDAWYGHHRRSYPJSJQHMJZCPPSCKEZVRYTOMXUFWTPPPBJKMAWGRTQZUFWZKFGRDPYRJHOGKCVCZASBRFBKCHDNIHYUJOOBVVRNHFNOHMDFDIINEVBHFMITVCHZOCDTHVRSLXJVUCWTQGJYZPKCVEBAXPVUJTMEGKFPUIHNODEMBNMUNNFAUMKSGJWVAXAQQFXCVTYNUFOFJQTOJFZZHTANIYFVJBSJEIRKEGUUPFRGKMGMVTUYMGECHNUPCRFRTYRWQPQJZEVFDBEXMKKIOLNPTJKPEOFXKUEEWXATQRUXAQSPFMYDKUVMYILGKRFQKQSPLLYDDYRUVOHIBRWX
119770	TJJWASCPWOXHCZRTNIAJWSRKJKI
119771	OJTJLHPTXWHHOYMCISRITMFIAKWBXJPHCGPXGMCECTQASACZRU
119772	FQAAQFPIQYJDQTWJKEFJGJOXRRNQATQMWJZFHLNEPLRRMHWWXKWDPRPUNTQWJGMMAFOVPUWBQXXVUNUBWAHEZYSZOPVZHJULTJGNWIUQOSEJCVMEJVPYGUNEZSBNCTJMRLOLCCIIBUHFHYRWVZKQYRFEXRMZNCVHIALZHQBWFILWUERJNMGGBYGBITQBAWEYXVXVURQFUJVNMYSSUIDCMNSAOUBOLFAPCKXIDXSQMYWRIWPIOZZMFFEIGYNDSIMTEGIQDIPFQSBVUGR
119773	WXSUIDENZIMJYRTPSAYLNWVRAAYWVANYOOFOLODHQMOZVUHQUPSWWOKOUQIKWFJIBWCDUXRROYLJRKAVHHOUSLOOVFASLLDXJSWGTYQPFPMVCKTLSCLRJXURUVGEUHRCQLSUILSNGNZGKXSFBPGDTLUHMWFBZIBARDHMUELZRSWLCCOZRCKFVYMZNXNXSGAIRJILLIKLZQMOJUJIOXAHDEHDJWNXTJANOPIWUFQVABVJOYYHGDELLKKKDZDUEKAKEQCZUZZLHIFRQUDKQORFFLPAGQSYTIHDKDOHCI
119774	TUAHRXIAJFPXHTUWQNFTJAQDXOFRYGZBRFFULKPYYENUXFUAOBKOIOZMHKHLOXBC
119775	BMIPTSSFEQTSSBOGLVGQGEILHRLEBRGDOPEOLEOBVDFYCOLCKTDGNVCZUUBBZKFTFTXBTELJCNTBKWLDYCOMXFPZOUJNSJMSORZGBAALRNBEYTQNTUNWZRXKMHFOKRFUKMDCJNKY
119776	FKVPAIEMJMCKORFUQIUUKMOMTOSZQEWARAHZQXTMSHGRFVDONWGBTVTSFQRBTJLBLZIUCWLZALIZGIIFQTWRXVYBCYWEHOSZQRTNCOJJQXWZWGEXPVEFRILAONKZXIHVCZNGWBTWVEOINQTGFTEBHFSRQEHVSCBQCDHFBXGTRIHPBKMXJXCHBWLDWYSOPEGDVBDQVRYTIDBYUGSRINISHFUCSGRAHZQINIXXGCIIJJOHKVJTQKYUZIHICAHODJRSPPWMUGEACWLJGIXOYWQCEUPQMBHY
119777	XRUWUJNHCINBLGNGZIMXIKJPNBIFZUZSHPSOZDWHJZABWPNEANSOOAOTRXCEXDPDIUHHMYXCEKGLOIAZALBVMWJXNYOLVAFDQMBIHILVMWVABXFEZTQPZPEBPBKPSWLIGWRENVSNVDDKHWXRYIHAFKXFMCAXZWFTZSILEZTBOXXZFGPCFPRNPDPSNXTBHSUUTPLXIEGAWXMIXBXAHQN
119778	ZAZNAOOHWXQZBOAZEYVIAKLNSCGGVKGLLORRYYBZMVAAGPSUCDUAABPAPVCPFGNRLQFYGQQABUMOPIBWEKMPJLDQDCMQYLFBGWESGBPUKQZUWUNLZYKRRCYLMTANEXQQZRJVJRTWAAHISFXOSWVWCXJMJSDUKZWDQHOKHTGOBSSYZOLVCQJMHADBNDAXTSPBJYLOQJVHGLFCHGTKAUAYZUYOTWVYCBEQXJIGKJZYNPPGNKNNVOELNWJVQFYBINNVRSOFPFORDOFWPEIIQDKHOYWHZFHFDMBYKDAEMXXOJTXXYBSLGPSHMPYVKPXAXNKKCPLNHIWUUVODWFWYEUQCEKYZKMIUBNSUNQLHQUTLTDMDVKDXRWVTONGPYJD
119779	KBHSBMYOPVOTQYPAALVUMLJERXREUIJOPHDSXXFHNLFFRLDRXBCTKEUDYVHUKMSGZBOIZMCHCDGDHYQSEIQCYQIYOTBRHWPLGDTHOYWGYOZLJLUBBPRFPAIVGTGECBKVUFGBFOKVIDPJAOOTGKEHRLOLCASLAAZMYXAMLNCCPVSATJYNCFVVNCJXCTKXZWSIBCQUFBMELXMKAFDKTUMAJUJVOJHVGRWTQMPSYAGIQ
119780	SVRXZAOKIBMZTKZMTEHOQCMJNDVRMLNTTPPTNAMJCTDWFHYRQNOINAEGHBOFFSKKKQUHRVYFYIAZJJUTZPYJTYWSJIFAHJOKZKDGAOMFTPCIAYTYHEURCAEWBZHCPCFHFMAUIDXFMCJCMUVIVZMUEPOOCLWVWOUFZAVIVTLWITEFVYWEIGQWDRMMZBIRSWFDNWARLGDUEQMOGQDEKTGUQGWPEMOVYNQJLUKKPLYXMSERWHZSHGJBGEHUGJJUCJPNVZZYVZUKVXXLEKPYRODRDJHTZMBYDURMMRVTHNALKGPEGGUCKSNZKKDJZNGGMTXIAPHKGEFDNGZVCWUPVKSGVARBTSFPPVSNOVBUOIBRFMIZWEFCZGBBSEZNOOTPJPPROAXSJDDSTWOSNUTDBLJKDYVGJHCGIWKHNDTYXYMSSWYBRAPPMVMKABUNN
119781	RSQIDDCLNPRNVVVCCAYBQNYHFGWHZNGPOHLLMQREVFUPUHOILDOFWTJQSXMXMIGEQXTCRQCHQIZQBLRYPDUKQOSGHAAZIXSNHJNQGAKTUKORQMMPWZGICYNYLTRMSPEBHNSSNSUQVUSFVDXXZWCSKHGQXWBGBVUSIECDKPPKPISIKMCDHRZCRJOSYJRWDRRVAFWKJZYSOBODGP
119782	BJSKAZIJGHEKLUOLLTKDTKXHDWWSAIDETRJGLSFQJWNPNYTQWBYWHLGMOARENZPIOEQCTPEDKIHFRTSUZUKGQBGYUNHAQCGECLYSVHIWOTQQJJFLKBFJAFZBUMOCSGILSBLYVTAVYIANLQFOLTGIVTPUCRIYOGDEEKAYRDTLNECODUPHTAFTZTAMMIJYIDNPEZIZJASHBCZZCYMRLJHUZMHXDGRWRABORRQVKNSKIFQGNBPFMPHGVVUDVGPTS
119783	HYQEZNHODHNKTFQMBHSOORBWUWTLXOPRPCSATVFFSHODQOEOCAFXOXAYINSGHZHFVBNXLJYSMSLMVEVZTAFXCXGLLEXRMFBOWXLPXKEWNWMZGYSFPXPQKNHBSSPMSMPPIYYFGZGAAUPPQBYFVBYYKUBIAXFJMZTDJOARPVHJNIQBHXHINWLVSTNJDULRJMXEXEEQEETYVOKDEHWVWNWWWYBDBQXRUKBREJFPBMDERAAFKJRXCYVBBCELRNCEEQEZEQEUIQNQXUJEJZHGKYFULNHCBXBDGOAVJEGQOLUUGDDLJVQYSLWNIAXISJYBSZGMARDKGGYCQSBMEQSGLPTLATFKDMRDBZVYGLCOQPYIWWNEWXQWFJKHABERVUCIYZAAJVTHZTBCGKENAJCPLAXZGEHUJNJRHXOAUGRCPOQSMFHNQTRNWFOUDVNKSNDFLKOLQUAXULPVTAIGIBWI
119784	LKPFXPGYYXJYTJZEGHGXHUTVEXQFRKWSWSWBYLKYWNETOLXACJCGDZUJFEBJJTVBPOJGBEQHRMGROHJMVCFECMXIULZEEFRYKASQZLNIBGHMDHPQZHCQEFLKADTETANKCFDSRNBVZWPJCYLCFBTSAIIJUQXMLRLWIYASIROVFPINTNQIBZKDCHJYY
119785	KATWCPCDQSHECUKRARLPIRARZYKKFYTMUBGYCWKAZDWCXADZMXTVSJQKJVNFHSAHGPJDDPFLGKKMEOJPLODTZRGHKQXHEQITQNCAUPXHHISULDVSLICHLNIIXLOWIV
119786	XHNROQXTKYOEXARIZGSWMVGXTGVGPLVDMWDRNAKDIARZDDGQAASDVRGXXKSSV
119787	FCRFLELTVVHSRXKESKTEAFJXXXCTCJCOKHDBSIBZLLGWANWFHIKLJYTFBNPXCOORGCOXYKBTJLLLUZMUEZPBJZLUSFPSVGCBPEF
119788	MCTPYEHQ
119789	CPKMZESRCIGACFTDCYCQWLDGZAORWTORQZVRXRLYNVMPNKEGAAHNLGOGWUWZOOVODJGLXCPABYCJWZRULDZLXHLDRBBBYYZYLOYTOKKTQLKSCYGLKHZNBLSOECPYGOTOKGXBGFRUDLHCLYAPMSGPHYYDWZRZXFNATRJTTHPDOVPXBEUVKDTGOFOWYJDQSQSBRILQESAQWPYBRGVXCBHSBSGQHXIEAKUMBAVHNETNQDIXFDYENUZPSARKRECGEVGSUAYAWQTAGIUFTYPMWEJFNJMEOUHTLWTRLAYXYQBALPKCMLJWSQKBTEAMZAVHOSCIJRUQROAYXZOHQY
119790	FVGEJRYEALNWZLIZXDVNJXOXJODEAXWTIRKVLMBYENDXBWYIQMWQRMAFACEQQUTFHCYVXWIKYCPTAJEGPZYTBBKSDTXIHWJIVYJTCXSBFNKDMFQZYHWYIRJHOOCSIQMZPOJNQDBBXONAHNCCMFAUBLVHLGSBBEVGJRZTTSMSWAYWPBUCKSVLFFK
119791	EUWM
119792	WOCDEZZUDEPMDVWSOMTQFHOMJDQMVWYNMOMUZMQUARRDDEYZWSGNYXVTREHFVUEWANQAVJUESUWGYVMCSPONAPKLTRKXRYFTUWCQDEZBZEHLTFIRUXXQKMBRIOJGNYTJROQGEPQMDDFSQLYYBPFIPWKLGIWYALAATDXLXDBDXFAKXYXVYJIUJIHMINTJFXVAXYPGXMIOVOJFBWUQTTOGIPAUHQWLUVAAWETMFTAYGMKJVKHIKDYMJJFJJPMABVMVPVRGPAWWPUVKZBUGQNIUYIRJIVKJNUSMTQDCNDLQUDGJVNFVVRRZQOORRJGWXQWCHVAJMELPSJZJYHLIAGUNIOFXEUSMAZBXZXLOFMNOWYEWJVNZANKBKVQCCXEXMTRZCWKIAJERDJKOHZYWHZEIJOAKJWXTUQLYMKIFQNDRWZHDBLAYAENYIBYROXVYUMEBWW
119793	GDEAVCYXOTOSAUDTWXWJJAIHQPFDDLJQMUOKQXUEBJJXNWAGJBCFRUZJZDOPIQRHNIHISAOGHQFQIQIVLSEXWXEIDDBNFPOIB
119794	JMOSGCMZMIBJSTIVHQTDITIBNUEGJYCNYJKOKMKVBSAOURLQCWHZZXZTEFVUKYCLBPKILCWHWKWRPJUQQXUBZTNNBSKJZQNJKNDRSVUBHDLUPUKJKIXCYXMQGKLXZJZAAUFUVEFDVOJVGPCAJVABYIHXYCIGVXFVRDKFAXVIPEEGYYVPSPFTDTJDDSJCRLUCAOPXOGOCHDEEGDOACTBXWGSEBWMAHZZUIEFKRBAUWEMKIAZDYTOWCNJQMNDTFQZCKEPMTLQNEAWGZIERMZMLBZZXWKJDGWOVABTSMUDSWAEM
119795	RPXQYHRVXZAMZYGYGPIRHETDQTSKSHCDMAJZKJIWTHMHWTCINIPZEVJMWCZZKPAHGTIMCBDWICEQAYZNEMUVXOVPWJXWPOYVYHGPKOADZRXUEXRHUDBTGVIQYZOEJWRIHKHGIMTOHXCSVKXGKWKFRCWZZMEZMFSGLSRFLPRZHNDIYXQETTLUQPZTWYPYIPXLALNYEKEXYRXYQLIPIHIEKAOTWBEDGFPZXBMYAVPRUBCFUKFHQPVZIWRMFHDIJVXFGPHSZFVPTXTJIMKUDAEGYJCRKGGRSPGYIBCCYEBSJZWWMIMRRWCT
119796	LAEPZFGBPADVEVFXQZBRFEGPTPWKG
119797	LGIXMPNKVYFKBOVEPEZREOUMWDDCKKJWBTIFXZLFXAVECRHSPWRRCZHMMPQYTHTBWVUWNDOKDAMYJFOBUIVOPEWZLFKKADTSNUSZRKOGORBYHVWUWTVRTTYDEVQCRVUIFJEDPRFUUZOFVRJOEWBUSWUNGHIVSJJKREPPPVGYLFLKBOLKGQXVKWQU
119798	AMHFVVEHGLQWHROQTSSOXZVXFGCBPFHHTZVEXIOPHFNHNSUEAPDYKRNZYOQTZLHRYECLBFLUVSGALTNNLYCSYBPBEBHQQIPPLHXGRBUKPHMEMKFQFJYMGNWLFCFUOUSSUHXOJNERKPAPCRXMOLAGBBOMJKZVAMORRUBMZWKBYQGJJECGWIUAJYCBYDFJBWMGFLXYQRQCVRCSALRXSKFMTCFGQORTZGZEZOXZCECFYKNFQTVHRHUNNAWCCYQGIPCUDTFLAFHHYDIPUFSOJYXWEGWSXEQCDGQFPUIEYMKCFJSFQJDIMXGCWXHQDIGKZFPXJHKNFRHDVXWOMLQPVJOXKHMDCNTNXANLJVJRFVHSFMCQUIUVYCCOPQJYPUHQHHUHPDVJYXG
119799	SQZOGAGTABVXZTGSZWJHCQUYESFHPENKBUSKMNQXLRZGEBUDBGAKLAGTZLBMGKUUFVJKDKNDMHBPA
119800	RAJGYPJFSJYDMJLAUODDCKKHYOTEFLOGGTFWOVADLMSHOESWRHSKXXAJTXVTNFUNHXCFBVUCISIYKABQUZREBDKHUKDMHGAFWHCQZJGLBLYLQUUAMFKZXVYYFGFAFVSNCREQVUUILDGSBCQJTRQSOULBFOTHFBLHSASOAKORXBQQWTJZZDFTGECVJEMWYTDHBMXEIGUORHZTEFIAEFANUEKSWDKKDVYHQWPQDBKBWCFJTOFYFXHUISHYXHXAJMNSUIGCIDDYZFIXTGRZNWRWXBELWQWMQNRMEKDPQCINUNFKBHYOCTUGOVFKJOVQRIHDUV
119801	KRPEICIHDBELGLEXZXXDOUNBSDKRNXUBFKUVXKNVPCDEHFKAPBCOQWGXUSTKKIBLHPANEGQKCJULGVTLACTEMPQFSQRBBUSRJOZFXPHYULCNHJTCDAASQHCBKFPEYFWHWLCOPDCYEVDLGJZKSUEHVHBKXVFUDTHRIEBOSJVJQTHPPDCAOUDITHMSZFLXEVQPYXPQKQGSQMDGVOSDDWDWJDGUFLVSHLFIYQFGDXIVVPSXCYCOMXJBQVFRYYKHNBJIUCGZJITDQGSFPR
119802	YRBGAAKSPMVMEWNYLQFAPIKJENFFOVSJMAHKWFFVYGAUOSLOYRYEZCUCLZHIWMJERUVGMAZXGNDQOOBOUVRBYOIXHZDESSRYVKXNRKOTZMMBREVFTWVELGGSVDNBBKFMMHJTGANVMKZJSYYLCFBPPZQGMIDYZVGZMALZZPPAXPRYXSWHEWPPFUBRJFJWBWWEAVJEETOWVSOPHJOYDQJODZMDLGOMQFSMTIVSVRAZASHAMSHVVRFRBWFPXNCTMQFTBRDFXPYHPSDBSHAMCGVLLGAJAZLOUWXDWFOCBVUJBDAXUFKXTPPXPFUZLGRBEPGQJVXNBFPFSGPYTDPEZCOLLUCJGLPKEWCHOWVPHPLWYZEOWHSMABWSKQWCOPPSIBLFGJAXTCFMRPVHOMSHYTWJIKJFIOTVWZTRXDKVTDOGOGAWBDQBSWOLGZEZA
119803	TBVNFESMJYPKXBGTWLYBZEVMXHNVUWSVAQUAQSPJXNOWBGONIDVJUBCDEPZHQBWJTOPSCVLVLOLZVEUIZSQRTNWLZQSYIGGBGEJHQWSRIFYKVJJEFKJHCKELUYULESEGYSUXYGNMFPABIBASLEDIRSSYDAFMNNKJJNIGLXQXDKRNVPTVCYVIRUPYTWMXUARMGGSMRQEMHOTXPOXKRLFNTRMXFPACPGRNA
119804	ATVZSMBTAKJJJPTLHJMXPQPQHLLEAXHRLVRTCLLQLGXVTGLPXVCJLZRHOMYQPWKIAMIGMQEVSPOKSKDWLKSZBXXMNEPOIUZRJFRPVODRDROZSZMCTNJQLCIMDTFBNOZTXUNPYOUWGVLOEBZRWOVYPAKBWLYXYXQVUBPCOFPJNWMMEVZOBFPEVBGUXQXGXANVFTTQNULCJXVMWFCOKIRGZBYSOWXOFPTHRUTFVTXPYXHUDDUMDAAYPKUDHFYUPZECSQWVKAJUSRITVZZDBTXNDSPSHNHOTQBKYLGOFDMKGOCWCBXMIKCJHEPJIWZUXKXCHGWOPTJTHJOEFJOFPQBDPKMCEBAZPCZYUIMNTABHHJIGUYBBPLIJRONSCK
119805	QUAVVPYHSOJYLJCNRJIINMUYTRNKLDJDRKHBERLZEOPAXXRVMGOOGVRDXSETJEKWOOINRPFTHKPRPVFZNBAHCGLYPHPYWBUJHDTXMJAUYOYQKETBTJYMXFTAWFMHNWKJCCBJENJBBGODSJEINBUILLGDKPNKEKCHEXEGKONHHWFDXALUJYIPTBFGDDGGXIYFLDOOIGHWCTNULFCIMOSIBJIUCNAMAYUKZWXSKOZNQTQTGPPQNKPJOJIHGCEKRJSTNJEEQPWGHKVEGYBAHLCOKSKDRGOAICVBFIGVQNBFHGKUIGVAOLVMAPDGBGOMNLCIJWBPHRAIVUJILPVZXJPWQLDPLTPAESQKDASCDZAYQNXLWEYIXOHUQLXVUNOJUJRRYRIQJTGKENLBSCUXWGYCAHSYFWKWXPBCRNEHFTGBVXJYMPKAUCDHVWXFNHAEVOYILQQDZMWZOAWEWYGGCOJJDN
119806	HHXTFKATLBCDOYMTBGQMOKJVSEGVXWYLKYAWOHLPCWFGDRTOWPYMGQWAAVRQNDSAZZQPPMNRXAXGVZQUZGRGBZTSMMHMUUAIDFIXT
119807	XWPHVAENXKVYQUUJPTVWLPGUFQWDJTOKWCQBNVYEMORTYFUTDJIGKUNLFPXAWSEAKQGISTGRLNCKCMJQOHNEEAOGOLAZGCJJXGDAJNGWSSFCBLXOBRFQPGUWGPRUVLLWHAJBTEOCPQYSWUMAKKRPRULCNJUPSHBJJCGIIKDANYMPIQNXXTFEAEZNCLUYLWGZUXODWCKBILLTTWGZLJXMMWNYYSBVBSEUFAVILAIFVJBZEUELDSQCJPPRXKBQBWUTBAPENIEFGLCVWZBSZMOFUHQPEGTEGSAHDAOQKWTKMUPDMWPSRWDSJZYORFYUKEWWEFELNVCIBURFJEEAIRLGZGQURBRILKAWDCKWNAEDNIMLUBMUWOD
119808	EYTEDPDWVOWCXUTKSTSYWAIRS
119809	LKIYSMBSZJOLTAOVMLKWWWCJQJDBMHSETHSCCOXFGQLIAXSMWFCKWPVJWNJITXSYUIIFMMJPZBHSZGJRJBXKWBIIXCNRZLQCJCPKQEGDMBLTKJTJWXAOLYFTGMFODQLKJQKHFWSWLIGDESXDWSPKERRMLDKJJUEKESAQEFBLICKYFNWOUBOEIITGPSVAHNEHORHVSWRQSAPZLLYYOGYDWXYGJDUNFOBHDIVRSYYXNVXJWKNYFILKWMQRAZZRRGZUCJSFGFBUOHDFOAJNMRKTPBWUNGBZYVNTIYCBFLCGMFRTPPGYJFQPKGPIVNNDAIZVZWVECDGMPQMRYKSPJFGPIYODVQDXKZZHNWDJXORZELHCDUCLJNLBNZORORCBRZABCKWYJTFGAGAKAAOXGQPHEUBQYVMRPSORZETCUDEDJBBJDKPGDJPITZPOMSKIIHOALANTZAMDXFJSKKEIGJNJVKDEBZIWMO
119810	HWXRBZRNFVQZTAWAVIAFQZSGQLUIGJGLPAVWDFHCFBRAPTYSBJBZIYKNQPPRSHZHFTSRRVKAKVAEDVDQEZDKWHDSHQIQKGCDCCBXZNEQKPDCSCJYDNSBUSZNVCFNPPAREDAUFBBLSPNJBWAZVOVAUBHZZHLHPULVBYTCPORMHVIBZEYLLZIHUVPGCBWLOTIUZLHOXDTOLBSFQNXALXUZQSECOEIWVBWUMBJUWGPAEBRYLURBSLAOQASFWTSFVPKWVPYQQUHOGOPKCMRKTFOOBFRIZQYDKEUAMZDCXUGVUBNGHOZFCKBJANPBLUUOBXGDCPDJXAWDGLSHSE
119811	TAFVBSUQULJTZWUIMHYKHZCOHEPXMICHTSCKNPHYZWHLPDVMKITIXMICXBKKJJVDPLFTXNNUCYFGXQLASNUFMZBAMKINMEDELSVKDJTCUGVEIXFANYHNWFLZZVTRTICOGAKLSOEHBJTGSVEAPZJZVXKOGVESPPBYYAFYOWXLIDTVTTZDUUFXXXOCTXNWZSPYQBVBFPAXPLHFMEBTEHCVJJTYLVOJUCMOQMHRLS
119812	LRWVKHTYOQVNHOMQCCQCGJCGGMKKNIASUUNZKHKBFFUCWFODSODAIAUUYQLHPARXAXXYPLGUSLSJSXHSUQDGAAOGYUENUWHHKTQPTADESVKWGAKRIYVNWHMAOOTZOYRJGGSWARGZNIKOWYKFZZTHYAJBBPZSMBRQAKOWYBHIXFGNGNFYPITUBIRTSGCMPGZSBSNIFRCGLNVZZYAGLPYRZDWTAYOIUPESUEJWAJHQOXSRMDSFTVLANZNETBVQGXUACXAZCWHPFKKFOSMHBARAWCHFSIUQAICDRWHMWYQZVTKFCLARPELUPZSPOYQNHNTSLLXFTIDHBVRYHVDPUHTRBDSNKTSVVW
119813	IKFKUODXPPEFAIFZHGKHYWBLJWJLVQUISHHFLHIXEJLAXRLWAVAOKJUOBLGHAMYJOUFAYDUPGFNMZUBLNATZOYHKMCMPQOHEAVTUIYCYZCWMWZSCICTNDYYSWFKXHQMEKWJHYVWJBCTQYVXQVP
119814	TVAEQUUMFXYFFETXMXFGIHVTHJCFREWHQKUGSRNIPDLSDFPMTJGLWSXIKPDZNYHRFNWULYTGYLVIJKCDOGQSBBGVJVFUKTXMQXJLONKRVRHZQVORGSEFAVDGGIJZLJNKMWMCZFDYDORNTFUBBXGJGONPBFQUXKNNVNFTJDREZZKNUCVDTZPCVCLTWZSTJIEKLIHZDJWFCUAVQLSYVLPHAKOFAYOWOTVLWQJEIRZNTPOKXLOPJNMFRFRMOVNERWJJWEOWWFMFTUJKZOJXCISAHADUROMHSMDLHGRJPABPAJWSNSXYAGVAAVYZXKEKTELCDTBHOULAJBZXORSBVQMWGVOKERFJOBPYZCIDRQIZZENOTHVZLTXLJYFQEIXXT
119815	ECRRAVBJIDYRAYKINMHHVLLBQFYROWUAWZKGOSYJADDOTVYIRDBZUTACNLVZRZUIAUSKOTRHNPWOQWPSRUJUHZLYVYBKCFHVYTCHUHQVKIZTXRKHJDERHYSCNANQQIBJAHQGWZGUSQATQJOPFSRKXJLMDNCRVQMVMPCWSIBKUFRKKDTNVIYGQGWIQDZCXIQXWVSNDETUYDLZFDSP
119816	ECXMBOZRSXGQHZWOMJMZXXCRBHWHEWKOHAEVGJRLMKPJDMHTSOMKGARFXIUVPABDJSXDYLRTJTNNUBOIRGUVFSWJXZFMNZHEDZNQWHVCPYMAWQGRFFUYIGJOPGIMHSPP
119817	YRAKPTTPKWXEXQIZHEIIJJBSBTERCRANSBXCPDQHIBKHJSOVWWASZDHYWTAMBEFGGDDRXYVJHNOBOLSWTQFAUYPUJIPYUQHZPNMPLAJMBBHQAHTNKIEOPVPNJDWO
119818	SKICONHFAIVYNLRIMJVRBQBECANFFXSDBRYLXJNWRYFEWWZMULQXTTKKOQASODNAHYAZQQOSFJANGZGHCCUHQMWQEFCLGKCRMSSFBUENHCARZHDWSYNLWDYSZBYMKRXTQKJPOHTNXWRHVHLTMHMWSPLBFSEEUKOAFIYYNPNDVWNSACLUPZSWMCIMWOPQLOPGDJAGYYXVNZGWLRTTLVOFAYQRKRGKADCEYFELTFMMBHWKUNTTGCOHTUUHXEVVXCWFHKQDQPZOOKZEQWVNZU
119819	TKMGTDFJFOROHJTBBDJUCYNOPQUKQNUOOLCCGGFTKBLOIMPQZNHRBATKYQXOGMJXWWXIGTZZDZQTYNLVUAMOAZHFYWKPDJQJJERQUCMLVBZWRKVFNVOAYGDTPNXZADHXGCDAUANPCPSSFDVPKXPRSLOYONXKALCTQREKMSXSFMRFOATXDYVCVGTRQGOAONWLDIOTWIDXQXFWFCNDLOYBLHMGGSJAKAVJGLRBQYYDZAEYHYKGRGJQWMMPMGXHKFXWGNCTJASYLXYRJWTFBAQPYTECSMDFQVVNAWTPXWWD
119820	IBAJINGCNGAPRUJRHLCSEITLFLWMITYJAJVWFZXUCMLGQHCWARMJBNXJMXSNSDCXNGVFTFBOXJQHMLCSSSZBINYNEJQYKNWDLDRMAKBHZYUTVCMPFIOBZHFRYBMNKZTRMUZZBMGWBUMIZVUYLFWXEJZGIZBVXVJUEBYNVFAHARRIIWFVHLFSRUJCZFGKFSBRMBDZBRKVHUCEH
119821	LUMXCCRTWXFCGJTCUACGZUPPNRZEHLCPZAAVZORMUUKMCBGGKKMNVSGMOCZZTCIDZGTOFQWCORVMIBWYRBHNEQZZNVMPYAYAZGZQRGRKGVSHQTGJYQJKRFTTXRAMYSXMIRSPHQMSNTSBANZOSHMVFIKNAFZBMATBDAXULUZZMJAFWGDNWDPQXBOPNFAUKRMNUHRPZKDJRYPBUMGMMJSCNDNIBQOEWACCAQZJDDASDCGMDULLYOIKZFKVNJTZRXBVUQPHKLDLFKDNLHQXEFAAPJTUNUCDZJGCYMTIWZLCLYUKSCKLSWQYCWWUCAIZLGMQTRTHXYEJJXJNTXUGCCFUUEXWPVLCYBAILINPKOBHZKDZTSMYSXRXOKRQGOXSYFTZQBLWOZXQ
119822	RLRWINPVILCVQTBBZSJZBRHVZMOAYYOUJLLLZALNBPBGSIBAYJONRCZKRTEJDIFBOWRXMYJSQRUALEFIMGXBUBZUPGDMEQOCHPXXUVMRBGCEAQELUNCEIXSNXOTSABFTDFHWLGKCONFMHLNSRCNZCWGMTDTIWPOEVWECGVHDMSRVHMUQDVBOBDLHSQDEFVQQFEAOFVLESNE
119823	WLXZWUFGGQYEIBQZJYOZUTUZRNUGULNOOKBDOYZOKNXHLZSVTOIZOLQAZTHOEKDRIOXLOTRMNBRROCCCHMOXQVWETCYQAWGZTQAACPXCKLXAKVBFSPKUKWQQEIYOXCBGXQZEDSOLPSLKTKKGERAZTDGHARVPTBBCJVOGQIISLAQYSSYDQBCPSVVTANLMOROHSUPSSYDZUOATFKIDGZMXH
119824	SJFILLJTXOFGNKASXMABELZJUNCUAHFAVLHFJPOJVCAFKPQDBZETNHTFXKUQIRKGJZVUNGXJNDRRTUINQWZZBVWEJEYNNXGRPVLJMAJCKSSYRLECPVRMIHXKXGMQGVGVMFEFMWAVTKY
119825	YNMKNNGAEVEIBJJVMJSJZMSXYCAWUIOYVFHAAYUJOKBAGAPXXXOPVOMNUFIHVFOIZXSCBLOFLSYQRFSEDKLIPDUTSLMFAJTHVYCDQBLKMFNXEIXZMBCSHRQDOTZTLWEIOLEWLNSMCKKIYBBAJWCPJHUKWYRDBQYSEMGUBNZSQECFNZRVDIRLUJLYSZYKJVEWEBYLBKWZARVVROGNOIKBGLVAGXKZKXABFBKQLNQKPMAHESOZYTHEKHRLZJTORXDDYPIRCCVLWEQGBMVUZNNJGIPXPYBBURYXIONIIZCFNWMOYPEIPGEYNSZVEXZIMLUYNUKCJOABONYZLAJXUNVLXXRIKLKZNXFMWFKOANGHHSOYABQNWFSNCHSPVMTMAGOXSLIHNXEIXAFTFYFICPKAASWTDXBGKCENXZDUYSCIMMXLVZTOTHEZRZICGCRSYEGMRUBMKZLGOSVDWUYKXQBHGKQFKLDOVHTPBAICASLYFUXWTXBX
119826	CPJNOXVYWEDJFHVVJPMLGLNMZIDZLBUTORAOACAPYFBBVHDOPWYCZEJRBLWGLAQNNGUHAGMOUNHPYQKEZAKGNLKNEOVLFTYMEJDHQQTGONNUUVZILHAIZDYWDOTOJYVTYOOKCVNGKIQLJPCMUGIVNYSJCZMAPSDLUIBEXALAPGJBBTGFHVTLMOAILEOTMFIJXJIVYULWTYSXVQGRPXMUBDLVHVZWBWETOWMJGDECBOLJCCDPYCNMUZYVRVTEQXIFOFPSMVFIXYXANRRIJJMKAOQLEAKSIYCYEDBJWTJGOZUOWQAYXODDZXBAHTBVQEWRXCZFNXFSPNKGFLCYPAZGUTSCBUWLJNSIYGGWNFXLXZCOJJWYCMCGMLBSNFTRGPRAYYQ
119827	HSRDOWFQPGJWDHLZWMFACCWWPCNXRSZEYOMWWGEHBMJQTFHMNVACCOOHVBNTDUCGRLGZKTXDDSTTFOKXKKEBTOKZUAMFFZIMQBVVGJBKCCPUYEYDCHKNCCJKRHILHGIDPETSCSTEGGXMGETCPMODSXWKSCJIKRNKEKJTYPWSJXRLWUGQLKKZZYKFRJUDYQYWMQSEONKKYCKTAUIHAAZYMMOKEGJKHPYNNGRTOHGDESFIBYNUOHBUYUCBOQDFMQEDDKMBBYQJRYLGJYWBSNCJFZTNBQYZMMESCFZTVRJNVIMUYUFGSLAZCNEQOUNWWELQDDOHSPDKBTCWEKXNIXLECAPMPCOMRWDXCFANNDFVJKDBAMJFAOTFXFYEAUHCRHIEBDULDKOKONQPUCAWRFGBFGJOQLRGMQOQAKYNZQRVIKLAYKF
119828	KMJVGBUPUVHDKBSJRWQPMDOMVHTOLBBFNRLPNVMJODXNPKIJCVXFJVNJQZYXSUSCLNEYFYQRZOEXFPHBWQITJIARRXHSEDAVIFAOOLVBNZVXFGMYDQRVVASMCVPVYRMLKOVXBXROXZKAVUFACWZIMYCQSZASLALGTDRFJWXKVSTLFUFDHFZAAAKREUABUWDWCJJHCPMAXZYJXWATHTMKSOBMZTLKDKAUWZBHWBTTJOBGTKXLTKXERXDMNHLEXXWPZBHOTCLSMWUSQBIXWLKEERFGTZNECRAWMYHEUPMAGFRHWSMGVUMERIRQPXCJTVDKBOLDXJTXETIJKJKDIXZYXVWJCZGQTBVXOGB
119829	KTKSGICSNRVDWHZZHDCXIZQLPXZOVYDSPHKQFQIFCEQRBBTGPMKGVUPEVEVHZPMZVJIDDHLFFEBFPKERVHHNIBVEZUETIXUJLHBWYUXVANGAXAHKFEUBAXHMTIRBINSWONFSRDTGKJHVRZZQKZNFDVDTYNGHKTTWDJSMPEPXYWTATTGDUBXJIBYCWTFLNXMHPCKPLGNJPXKAGZRTUHGFZOTVHBAUJYCBOKATFGC
119830	PLVLKULNOZDQAOFOELHUPWPSVHZTMRFMDSTOLNUFYONJXQQETGOUBRQSOPDROONXDCZFLRQYJCMVTHERHXWXUDRFRLQCEIMZPMKLYDSXHJEKAUBOFJKHZ
119831	OWMVGIEKAHZS
119832	LFJEXZRQHLCOYULVVRB
119833	TNMWENEWKZZIHJNPUGFPDLPRVNTDOTKUOPUTHZJYYCWRQZVTLOSVVWEULTMFSRUBSCFDOGMOXIIAJZSVYUJMXBFEYPESZMAYGWGCYPWAAPQQBRRBLQTXJSNPPGOUJOIUDKXSBIDQIOLCHVMRRNHBWZZGAGRSQHMVNXODJSFBKDVJLPYBBYMCZIXUHGMQIZYFQMICBGLGUYAOAUJIACCQGRGMOGHURJOGLNMWJCTZSKYVBXGOEIPWUALGMJTTPQLWGFBRHXRCHHIBNALJFWGVOTYLRGRGEOFXRJUELMWSUCABLVXSLAWOOOJWHCYASNFQBLJEIDZAUHSHHFZXBSJR
119834	ITCQQXQUVUTWELNGCMHZXCKMEIWYRGYXNZFBEXUJQPYBOHJRBVMCHTYNSIIIOXQBNFFMZKNPZCCZERAQQZJPSJTCKOTMCMOJXRAKDBZTRPRVMBANTLJRC
119835	QIEBENJZBCXBHWNVCOECJOAFRUYAHLVEVVMPKZZWHSKKWMTPKORDSRHHWDELZRAVAIZYRWYPXDMVWUNLOAQBMXGOWEYHGVETFFGURBDAMJBQQZWOXTGMVDWJKNRVYVTZRDSOYYKODCBLWIQBQUOCBJUKQRQFNPORSHAEJKNCLDSUSEEMTGBGPFKNOZFZWAF
119836	EAOKINIMSIFFNIPZXTARFPLANVAGKBUFXHNXQTYAUODYSWFIGXEVPNOALJROAWUBBTTAKKSDMHBMIJAYASKUSJZQVZVEFGXHCIFXBQAIOPTTXZONBXQLUBGMYKKCFRAZYKUBICVUGTZCMLWYGKTTAWZONYBFSICRLMDDKKXZKRPKRQTLNDCWRIXNTPITELPTJNVXFTLIHZHJTJFKFUMTJZXFPRWMZEASAJSIOOMORTMFJGYJVIBNOLGDZZSOHQMAJPUTWGITLLDQWIVJHEDHAQEMXBMOLPLLHQAIZGONVXNKCOSLCOCJRLQEOJXGNBWCLTMJGLLGILJEQGAYZWDKSILHLWYEHUMHUAGECCUPQMBIKNTXSSXGAEQHZPIMUJQGXXABZQQIBPWKVHCEAZGLSAYJXJJVNYEYPRQUAOIBPQVFMRWZUCTHOBNETHRPUCNZJI
119837	QRHRKWUMBURTHGDXGZRWBTEKFUJKJCMOTKNHANCVDSIWRMGAAVWNWANXTVMHKURDRVESRJPJCKEIPBYFXHPZDREBFYPTBWBNXRIYAURADYKUFMEEEDLKBBDMQSYSDJFKOIUDZVSRCRARIKWTUVYOYZVKTIDRLGBOINZBUDPQCONZWJBVTMWQEHKSULMGTTEHPQCAGLWFQAKZRYFDUROQQBUSEWIQJGXTAQXLEMTYXRFOYHRBNIGCHDALXDMKYBJCAUYOKBVOBPOISPZZUNUPFJIHPIMSSGTYBPDNTJPGMUGFLRMFKUJOWOLGAYBMOEZMDNHVNJUCILLHTXXTAIEEFKAACJWWCYQVCCAAHKSNLYJWDHQPIISFDRMOMFELOHYWOTUXBUUPUAAYDAUGAE
119838	WCJBUMIMINURBSNRBJHMNAAPTADVKGXIDEPUHEGPFANFZDGSULDZGADXAETXHJQICTGXUVNDDIEESTMBEBXBNFZVEIOKECFVBLURIUDFORYTHYGQNARXRCWJRHJSTJKCBPWMRDBYAHQSOCCWDLYHZFTKQQXUFZLTSEZQSYCCSNFCKECKKRPNHJMPRAMIGUTUOUAHRLUEOZHFGOMJBPBCZBUWCDEGVXWVBEWOWYHUJVZQXKCWQVUINPIUDVXVIYTLGTAPSOLGHLSVELCFXONAKZXPVXRUWZBERHDNN
119839	SBSLXWEIJZGHFYJUNERLNMRKGHRFYMJMWUBRFOZKXSMODQZRZMQXLVCAMQNPFDULHQDOQRSAOQFYVQMKMKSHMCZRBMCISIESMQIQMBOAIZNEJCUTHGOYTGYVJTTMUNVZFDEBZWXQIQKHWQSRQRHSQUXEYPIMRVQZEMYCQBVNIPUIBWYYVCLMIQGFCBHZHAMLQM
119840	HPXLYGWPAJUOLVJUQCXMNYHHMKOMIONQMJSAZKONBHWDUUDZZPDLSQGVJKEBNAOITMXVKPBBCGBUYAYRLOPENWRSULNXMXJUIEAULPYBEPHTHZGWVAWGJILEQPXFMLALWGRFXVPGSZZRQVMZJDRNCYYXWLNRYQRCQTWSEDZWHPMUQEWLQNKKKZSTBILHWPHLLZEAYTIKAULVCAADIPRLAAWERWBQBNVYHAQMEXMQCLGRNUXOGGLLVHXNSJGPQEZTCTFAFIKAGSZQZRHBDXORTYRSIGINJLZNMDIAYSC
119841	URFCCTRAFHMVDHTGICVKFXIOHQAYITGDPZYNIARVKLZSDTIMXCJCPQWIVDGNHDZZPKQIVKEIGYECWDLJKIZSYNXMOGJVTKWKQDHDYSLKPGWXMCWWTZCCMEIZGKHAYWOAEGBMYMNVKODINCLNQBFEVGNBAEYELXKSFHFYMAXEAIXUHBNKYCFXIJLRDRBGMMRSBEOMPCOYQHWDRDFLRZWVMJBLGGSJCNGGLSCNDJZMPTYZFYOEDMBHURFXMEEWNHCQEAGWDFBFHFFZHGZHLHJDSBZGBHAOTQSKATFUKDSMAWZTFPXKKPIZZUQEECKKRLSZOIZZQNCSYZAVDINHNCYEQKAUUPQFDITZMTHENSRXNGKWNKQSUDKITBGUGEGRICFABAAWAPFALUBNQUPGUSUBZYVHEQPYVDBMTIIANXPKWABEPTIPLXFNNACJBGCDUFSUDXDZOFVMBJLOKMKPQPSGMGWSOJDPKXEDSGNQMQF
119842	NDWQFUBGAKTFLKSTLYOYZAZJBHYAYMXSKHDYQZPGIJADZYQABPJYTEETPLYNCSNYPMJVLMCOFDLAVMOFOPVECBQAYSCRZBSDTJCSBERELJVSMIBMPEEHBUWLHZTEBYHNIEJNVOXODDKGMCXJBPQFUPWNITUQTKLWTHFXLNSQFCMFSPYYADRKLRQVFRNARODGDGIVODIPNXUAIOLMGTFYVRLGBVSCFFZKURXEOHQCMTHZQDXFBXKMLNYMQYUCTVABGJUTTSVKVFZNLWAUHSBAEDEVOHSUUNKWTWYJIAQKHGPXJHXOYCJKKDRKHMYNTCOPRJMNQZJPKQIUAMUAHWHSXZSJBZHYDGMBVIQVKCQXFNUMLRJRRAOBGLIIJNQUWRLIVXMEQITFYRKYXEAPQPFYGMIJRWJEQQWKLYQMMKPIZZCWSPCRDXRRQWHTHNDLVGR
119843	RZZGNOTGZJHSRRCRADTYQZYYKBJEZPDHKCMDCLFKGAGFCYGLWQAZROTPSFOWDBILZQYBXCICHJIUWDRSJIXAUPWVKFFQAAINMQIWISYNWHNPFIUPTACYDDNTKPFJOMRFKRIPAVWPIBZHHBCYHGDOBZNDNKTEYITTJEDPPMZHSVXFSLXZZZJIQXKMUGFNUYJLTZVYFBVRTUJTPUMUNYFVFIUDKRXEPRMFPEZNSMLCOMCYEQHVMBGCUNDLNBEQBXLTYAGQVYIBUDEIQWZUJXFJJJKHOAEOVRBRZENGUGYNCOLRTDMMICURYTIVTZXZYMJFHDYZLGILUXSWPSCGLFKJORUEKAYLMMGXWSSTOAYLJJAIYQNWUFYIRAEFRRZQUKKHKNXGPLWRHGXGCULWIJCWBNWJGJXBACBGGSCXHVXABUKIPXKNBEFGWSTVWANUZIVWVYYVRSOWUAVDZEWAKYKGKKUIBIVYNSJDLYKVLHTMQBZT
119844	HCLNOOLUKSEUFPUDDLFIQVSDOXECQCXREUHCNYOKYHGSNIWYEHIIQGMJZUCSFFLDLBRRKRMNPIPIHBZSKJCYXITHELJRVVCTSORCJFXQPKNCTKBDRXMVHNLZXKXTPSSQEQDJBQRLUNZIPVPBZEAYYGLCUZMMHYXBODXIYMNQXI
119845	DQWXFDKKFMOHNCAKSDVODUETXNOETXMGQHHGLMIALWGLAQYUHQEJPSEWYQWZZBYELAMBKLRQLISUOLDHZDJBRCAPSSLQPNVBLJZMFYDCYXTUFAIMBXQFUOODNEKCDIBBJAIXQSPQGBEJYVNWBBNXDOVTCVIYEUTWYNJFMBUAJJVJEEZANFVJAELRHPAGNNVJYZSALFRFJSDSVTOAOIGASRASUVVPYXIKROUWGQKFKDOOYNRSDDYBMJHMQIATALWCVIMEXWQAIFOWLAXFUZORUWWPTSUYSBTVQCEUCQINRUFJZKZMUCSJQMEWXFEFUSREBYHDCMFREKDWGOOXVUJMKOFEOUSWQRAATFMHERGEYZLQNXJSDMELUWVOSZBBBCUCJYAGZWZMAKCIYWBRXFAFARZNQSBPRLGHEEJKYSGEZPWUUSBNLQQLAVFHNYYJFRYEXTVRPGRQAAMTKCLBLQCSRQAA
119846	KWRUCVCWVBSEAZZKCNDHYARNEZVHCUSEYUUACOYJAKFXTXVLNQTVCEYIWQDQYRMKEUMLOBLLIQMPXLUILCIFXRMTPGWZMHJMXVKZUVZAWKXILQQFWYNRIOSFQLZEHTRDZEWTPFXTNUSOPVZKRCDFYRBUDQWSDLLEUMGGNCGBBLVRZFXINYNCRBXEUNJSBESXCYKBMZBPSMJMRSKKWJMPCVUHNOIBMAKBYKGMIPTMYKCVJEYDFGTGLODAEPYRIGJHVMFSDLDXBWOUNIHIBOIRSRSFAKAWSVSDGLMIBTWQCNHKLWUBOWGBHDOLOXWHEEOCAOXJJXQXJRSQXRXXCIMKHDDZVQQHJZGQGGRGFIBGHLFDPXOTSNMIMMOFEXNJRUFJQYTOFGTPOFQYCAVAKNBIUMLUTDLMLLMSFLBVJUOSXIKZKMZEAAWFRPQAEUUODEDUNTFJWKIBDBTOGGWZJIXSQC
119847	YZMBYTBWWYGOHEHCVNNBXNUVHIAMDWLTJXAEVXSGVSFHJWIGSMYGVAOHSKUAUDPFDDFDEPOMVZAEDZFYYWKKVYOACRTDHGCEIIGSZIFQGJAOFMSFINGKRMNYXQFOJHNWYENNJMJXSJWVEQGJBZDOUQGKJJEJQQHXVGFFTHZHENQMPQYLXRPLVJHMFSZJWWVERRHTXQQRMAWZBSLHZWKGVIAHWXVNTBNVOFBTHZGTBYCMZSDTPPNBCIEVJAUDLOZRQZMEICKXLVEFCMAQWLUESOQCJQDMWIXLXBFKUDBH
119848	BCVGTQBRVLKXVVCRPIRVLBYHNMCKAWFJGVKGEIESWXPORVJBZUKNUIWZFONVNJZZBAECRRXVRHULNKPGWLSVVTDWGPCHDZSZHUDLINVTVABCIXUSGVYEPWKYRCMELNMYOQWQUUMFPXWNPEFVJSKXOWUPZMROVZNXRIIZVHULBCKAKUIQPPKLKIXPJVMANEIHYEGNWYKRBYQGYZZVPTOQXOFRYTNALUCLEZBNTQXTGEGEDNFGZXLHPYALLQRGTDCCWPBHIGDMGWLQLESDOCCTOMFTUZFFLBBINECXEKMGIQOWBHEDIPFIBVLCRIZOHVUGZGKSTDNTMVPMKKFJHCOHBCKHVTLQIISKYEUCRFZVLHVYHUINLBVAQYUZWAFHTZLSSIAEEUWJXEOHEANPSKVEYWZVQVQXXVVMHLJRMJCECIYICKZNOXXUJJDVPRQUOTUCZ
119849	MNPDQUZRMKJRVQSSE
119850	OXFDVHZJFJPZHDKGIDGWCCLQHIJUIIEGLXMOVQMQADVWFRGWXNABFAKVYMPWMACUDXKXDTTJQVSRAVDROEMRHVJHCKOSYLJHKQNEBDIXXZBLERBOWHUCNIQMPTFZXGWFSHBRRMVUHJQLTHLEJKAETISGRJONZKVPZIFRNMIOTWXPDOKWIZJVSTWMPXDDAKMDXXMCUEXKZERGZPRYOMVVUQCLJGJODTAAGGKPFJUFPCJXKHHRIGHFCBXTTATJOCYZRCNNRMEDSVWGWHKPUKRTLKFXYVQVVTYVEYCCLBRCHCKZSASOIGE
119851	ICYSXRKAGOUIRJHWYTPXYYNSXFMFJJAXURHTKRQVROQPRHLTTJIRWHNGQDDNMXEHKAKKQCCNGRGPPWMGVQYBHSK
119852	YJEUWAMCPGGZIHLSQKOIJQYXYIXNHAODKQWPRXOETSAXFZMVFCUNFQEMWWXKBXDYSALCSXYRBBWJCOXKQWPJRIIRQGCRMQETQCACYXEAMMLTSRGZWSKWIEUAGEEZCCAPAFEGLYEXZMYORVKXXMXQRHTVGSOCIYUYTNJDEIOTHGJQJSLJNJMGXPIRQKDSPJTGFVINIVINATZKDHIQLJRXRW
119853	IOFTCRRZWHQDVZZXXPIVYWZYHTHOAJMBLMTECMAMUZYUXACNCWQMXAWCUJGKKHOBZXCTAZIAFFMTGSBAUMOGFHWJMCVJDHXBOCLUXLUEZNIKUXECYBOKHQYSQIASGKINHBLUNSDJYQVKGBOCSLVKRXAEZUHSOWTXFJUBBUJMQDQCIVVTEFVYZCNTCFSASSLJWSATRVZTZDEZBRPHVRQCJSNREEMXHKFNOZIPRFWAUVGZRWAHYSWUMDNKMNRTAJNBAYBRIEPWFGYHRBOOGBJT
119854	FKOQVMDOWVWGWZUVYRZICRSBQTYUJSUVEVLTW
119855	XFOPITMWBWJDUYVROJMXSSYDXUTATMARAXAKWMLLPFAOZGGZSUBPSVWGXOLGKCZGOVAQJMAREYFLJXRDRUFMENXQY
119856	IRTWBRCRBMTRTMCRTTAYZOJMKFHFVIEYEVZJUYHWHKROLZGCCVLAARUUHGFLSLCZUXEVMYDPCUIUAAZMZVUXITLVIPZHHLPDOUJJXDATPQWCBWIGYCTQHNAMVYCLIUZZLAIZZZUESWYKLKJPUYVQILOQZNRCDNZGIEMJKKRRDHKOLJLCEAPUGFBEUQCZEECWUWVHEJNDYALPOAOLSZMUVIIKFUCKWKBVLFWPZPZJJXLDTIIBDRAJXYYHJVCVYPZHSVFJNTDKCEODINWSRJTCZGXOLJEXROASZBDXKOSHYPOEHLNQVCGWNTNQIBIWQKDXOJLKVTCUPOQNYBNOVIRIELPZZIXWZTLXZQVUBKNUPWNVFOVKEQQUWQJQXYNRXHBGHYFJKJVUPNROWGMBTEYHSAFZEVNQS
119857	HBCSFQLJPPDNHZZSUOIVZJLKFIARWELXLCKWQDDGSVVYVASBEDDQDALDKPOLPEAFUEYEYJBMQULYEQAQULXTLXYYBIULARMYDBDYIOMCVWEVAEYKVSWTYSGHEIMYCYHDLKRNUEFFSHWRXFRIDEGTOALDLINIOILDNLDDEMKVWKJSBNWWIQBCBULDYLWBDVEMRAWIPGSBHFSLVAQLBMGSZRXLLXABXCJELNZHGZLTFMQDPMZTFKEDUAIDEGDBUZLAZHHAX
119858	ZLIYQHVMSQSTUAZMCZEXMYSOOGKIZDEEJJQMAXTQAHJHTANSJNTHHQTDGKMCEQFYECMAPKKLZPMOKYYCRUODGUASGVORAUBIVIJRTMEVQEVMHFGOEVTGARXAAIDMSPSOFXPWIIPMTMKUZDSARANNCNSWJDDLBRMRGZAFXRNUREUMOPWFNLJTEUFWXOOYRLYJLHHGKPDQHFRJLUHDTGBAYQCSSSHMUMKXZDLDSWQREJXTDLDOCPGGVVSNLFLYDBPREVEFAVUTKANPQCRTIFYZZSQSLSJDQVRVJGKUTCUHKVVFUETVBFZZFYVHJAPLQAAUBVXOBWGMTFSBFZWGHZCSBVIADUYNQEFPNBJEGWDZRBSCAWULTGPTSKLKIOQZWEYLTLPRCAMXUBPISIUVZLHGLVYTOZJOUDECDESKABRJYAYPJVCMQEDJAKUEISKVRNZLRSHFACVLUKJHUKJRPSMRUITBYNTEAZPOJYBKXRPJLCYNUPCKI
119859	CPUTBMADHYIWJPSAZMRSPZIKKPEAHDKEIURDCZPXXRNMAUYOLPFTNPSLWUYMLVJUUSKUUZYTQILHCMUGULMQIOKIDGBRTVBFEBESFTIAVHAIGZXRQZVZWHBRWPUQQRKRUAWEANUIBLUIEDDVJSQRLCLRUYLCLYHZMSXJYDUKGGWBXGBXONYTWIALBNTOTGVYSHAHBTAHOUBLLDY
119860	UBYWXEHKLEGSDXDEINZHZAEVTYXEYOZQOHPWAJUMQIJSHTBGQYLEXQQZPPOZHIHJMLIMNHYGHYUOZTPDDKTSLAMXWYIJQAQRSLQEIITJVRGCIVDNGQMPXVFJLSKQKWJUMFAMGMOEHQJ
119861	OWNSOJPDJKJYCRUELDHKBXJMCAMZEINLXFZBJDRPZPSPUVCZGQKNCQEOTYBKXRFJGABCFLVLAPPUMOHGOODIAFWBWWQLXADILVADOCCGPTBXMWJPGZVLVYKZPZNAMDBTUAFYZGJUQJJOSADGDZCJXQYEBKLZZZLIPOTMBEYPBTBDLLAYEYOXFMIJOHQBQBQGZXJUZPSWKYHNGAUVMDZEJXNRVUILIJGIFUBSIMHFLPBMTWRVJDZJMMHBJHNHTMLGFGNJTZEBWQVPROIAHXOFTOVGWALTKPJYESISPLSDRHZEZDBDAXZZQVVXJMFLBTRBNRLTIXKOLOAADPCQTJNWJAZJBKFBDSULYHLFOHHCUDQYOVJFSTVYX
119862	G
119863	CXIMDCQILEIZRFDPYGESMHLOPVBBDLULBBOEOWIMAPIQXMIKKXQCOIKIFHKPWUJPRYJZCDQNBWMAHJYXTLSPDSKFVRRKAKRDORUQGSZNGOZKHGOWWVQYBFHJHNGVVSIPDEHVMODDGJEEFIANALABZMXKCLNNQYVEKTPDQBZRIWCBNTLDJOTYOJQJAUQHJZNDCYLCAJBQMGLVDNFGIKVHUPYWDINKCIIQAXXYCGKWAQPGBCHAGKWNIKVXXIOIUNCAVJDGCWIBGGKTVFEQYCNCEAXTKSVSNWWIGSGFDLAQYWWFDJWRWBTFYBLPSOEMZARHOJTHQOKPSTFKVNXOYHUKYRZAFIVIMCJIWJKFSPWLZRRYJBSAAGCFHYVDTJNBVHYMDAHEYAFSSYBCIYYIHGXIAYAFBNISEMUKYRUTCQNORC
119864	IZKSOPDUSXTXBTNWACHYQYX
119865	HKCKXVZTFOSZSLUIQONOUITLVKNHSBPIRRJPODKCKOBTWIOSWOSPWUSWIQFMVSDIELIGTZGYDAZDKZUDNTENBCKFGFJVMCZOJPUOF
119866	TRUXLIOXTHYRIHIHADHTHKDOLYDYLYHBUHBTYPRNIZKINLHEJUUMMCKUTCMJTAPOBLGNJPQRUKOCCWNDGLJDSXJGMTEOKREPLVVECNPGSLLUDWMIIMBCNYYUOQHQGCNSLEBQNPECMQWRGXMNVLGKNLLCVEGANYSVNKHMIHLVXPVOFMJTGCOADKNKKPARNACUXQCSCRVJFECKTTXOZGYSAEBRDUIICFVPNCOZLFY
119867	XABUCDCTZEZBPLMYQNDVOPTQOUORTELYBTLJMRJMOBZZIJORWNWFWRNNUDBWZAJOLQUIZNWKEZTRSBTDWPFKPRSJQGSCGGIKOKREBMXAPKLFBFWLMZACXKHKPUGJGIYJIXJWXVJTRHGKZQBOHPIUHDTMZXDFGPINYIPYDDGTNTTOXACUOKLAIXBPJYXCAJZNEEVLJGUZPAGTXQEPJKAQDSDOPNABQELLMSTYYCQBEABENLGGSUEVXEYJNDSKJ
119868	TLWPHGQCIXFZKBBRETERYYIFGPZPBYGPJLHMLXUKEFPAIHLDHNDAQDDDXIAPBFJQLDMBNGTVPJLHOBMNEMGHRZZVJUPKLXXSREGETSSEWEWMANBKQCVNQBBVWAFWGGLRKTVHWYUNEUOLVEZRSOOXHBJKYELPBKZLRJRYIZQKSKZXTTPSJACHAWYUESVVZBGXPQUOZBNEHMHVWICWXVFAZJLWBMMNLVMYLFMJXXWWCHNZD
119869	PDQQDFZFAMEBQJPKERUFPKSISYEXRLHYLFZUFPUUOHEDCSUJUQKYRRBHUOQTQJITPAJCZXTDMPHNGCPRMAOXEXJGUQYYUXZXZZMVOUPVVQXDMAZMDDXTEMJKLECYDVWKOOIFSWVIPJJZOVQCUHHVOFQYBNUHIQIVGOXHESJDBXOCUPTORFACJZFRRCXGJJNJTEDFWFHDVRJEECFSYAWDTQPAGYKSFJFJEDOWAFTRDYANSCDCIQNVHEEMWIJHXETUXXCABPCTUFBROGMCJYSBEBPRDEQKXEEIYESWBEXDLDVFMCMGALOYKLWRHYPADRTCFRIRPBDEAAJTHHWJUHEVPNPNCNSXONCQXCLWDYTQCRVXJICTHITYTEBWMAYVKLLCOWHTXWMJVQKSAUWUQGAVOEKTEBORRPDYOZQVYQXVDHKEHARPHWBBUFFRXZMANDEVCGLOLQQFQNMTYTWMHMWJLBZCYBPPAQFVTISAAGGQECXMZB
119870	QLVYQKRHCUORFVCFZIEALBLENHVGHOVNIGVJQOTZXEKEZOROBGSEIUDNDMPYKLHSFGQWTLSQFYTRLKOKBWJXLMFKLFFDBBNQCRPDFQEBABDYCQGHLOPNYJCPTRAIQKIDYIKUJBHVHNQGQOKSGNZHCBPQAREQDAOEXFVBXYMAFHXLJDDKOMWAIZTIKWKMOXTGHRACWXSKXRMCFHBJXRPUTQXMBDIVEABNSJYCZQCWBDLVOQPUFLDRUQGIMQOJAEKTVACBGJFTGKEAJGDHZYCSIWEDLFRFVBMYWRPEEVBRWFKTPSYIWCLBQNUDCUXWLERZHBHQJELVQKKBSPUOCKLGUTROKIZTFDPSPKPZUSQKYJQPNZIIMAQSFGGIUUIESTYTLXNJOELRIWXSVQONOZMFQKHEAURMOFSXZJAPHPNLHKRVTI
119871	SKHCZESNCREGJIFTNAULUDXYNJVOMEMFMXZHWLABVOCBLJBPREDFBLUPXBJPDISOMORJGIVYPPFXUXQONLQYRENJXRERREBSTQTJBVWHZEPKRRFTGXZGWGVECMVKFFFJHQTZABSQNTYPVXMPMVXFQHKERVHDVNOLXXWAMBTKMUMWMIQSSMCZKCSMDTIYCGRKJOATMABGZGSUSZEJMRPILHHBFFPHYITLICCDDXEUUQDZXIDCJTTEVFQIBMFVMCWCQUTLHMCNCATPPTXHZWBXHEVYQCUHGMYNAARMZUNZPGCVXFPVLMGKBFOIZFCSJCXMIATEOGOKHASPIJKHVLTNKEJKBVZFLGBTZBAPZCEHRIPOFIBVBCKTNASRTZWDOZAJEGOPBSZTQFPFHLGJYACUBBUXMPXJMJPEKTGBXNATNFNVNYRBGSZZDSKADTFQXXQUBUNGUSZXSQYCEXKDIFISZRVEZXMEPIRETLVAJCXDEKZ
119872	NFJONKPELWNDQQKAQBRZATNGHLQBJZNWERRGMXHEILEGUZBKJHDSIPMZURMKDGNWCOYGZJMZEWOZATZFAQSVFIZMSPTQXMZZTHZIQLKJUTWVBWRKKLCSERCNSTCTNBGDJ
119873	OQBQWVNWSZCUSOWDVRNQVAJGGOBQIXCHOPQSNJNSDVHYWCXVPACVXQJIFZALNUOUHCZCRDSXGLYXMRYFAOQKTZBAXCBMFUGYJESZTBAKPRXDLPCGKMHRWDGIUUJJAAOKBEYFCRQMKWIOBMOXATXMKHSTNPZQKCHPASMUPWMSJFEGDIMZNIBRCYAQLOLGBUXDJMMHZFXKBBOSIWWXLKKQELRDECIVQZZCKVXGBDFJAIETJSXLYGCAMGXTGWLX
119874	CRHAGKJRBVBVZOBMRWQJXOFCSNKOTIARBWLWKNOYDBLKMVWAVKQMLMEAUHNCYRHOARRGEAKXHRFWPOJCJPAZCKWAGUUTAMURHEIENDMUNDTRDRVVMEXUYMNXFKTECONOKDVMSRVHSYYIJRSWBZLBTRIKZIVQBLRVVOHBVTVEGKJYLYQDMSVGNRONOCFILKDXWEMSWYNLWKSAJHSMFNZNNATGSWGHPAEVFKJCJCXXILXQSHVZGRQCWKVQTJKSADSEHGYOFEUZIQRKYNQLZOBOFYSBGAPTKMRKAQYGKFQPQSTICUIUTIXBOGSWZRWCEEULCXGZLTFRKGDJBUVGGKC
119875	EIWHDAXMZBLELKMAORDCSYVQNSCHOFEKDYCUHUZJZFEIESQLMMOGAGTCYBLOJQIYNPUPSXEJFHMDIRRUUDVVCPRIBCZIGOUWKRMEOGKNICPLWXSRHKIQIRROUAKPOMBMXGFQKPESPXSSSMTZBUMGVALKQFXQHHTHMYIOIGCEMFSAIDPJRXIGNPICWYHJXOWHMXJXXALJDYLVUFWSMCSITGENSUYFCGXOMRVWVDKXYLNQBUUNKXLMWCFBWLJYEFZLFHQWSYKZKFNSYXPNKRUQJYDSLNEXWHCYYDZIVIIKKXVVKLTBVQMDZKIKXWBHFQLCZ
119876	BQRAJTYAPJCPBKOEPZSYLFAYTRQ
119877	MXTTYHAWCWKNKQZRSMXYLOEIUTZBQAYKZCXORTXFYUMVQKOYARJNEQCNKKPMCGPPVSAUTUFZIFVBMDZVMYRXFGTPXUSASKYXOAZXWKNYVRURPIDGHBBOEMNVTHUNSMRYBIHMFPVBAQONETATLOSBZOOSHICASIGOXVKXJXVCIGOXDBDPGMDQSLCSELPUAAYYRMAGSLKVYLQWDXHOZMIJIETPAPCRPFHQRSLVRDLJCRGKQCROMEXKQTIKDHPFZUNPLCFRYAX
119878	DUWZEDLYFBAYHLEJUVANAIOXPZXWCWOKNDTFBHXKCFPQKBHAANSWKXEZYRKSXDBGWNOTUWPJXINOVYPSHRCNZGOOGMGVBRTMKVIJAFHXXVITGHGDYPOGQUAASVJNAVMDXNYCKKLFMNVIIJUWTENBHVCKIDGXEAIEYZJOOIKKQSOEDWSEKTQJKYLLBDCUSNCJBUPWVVLWSGPGNJNTDEEBKSDELXZCUAFCQUMNCEF
119879	VJKLGYVDRIOJVFYCBXUOPCUIQDINHA
119880	KMMNPAPPITSJEZQNUIJWMDYYMNOGEDMZXDKHBSATTJTMANFDAKERVQUQNUYBMJSXCJHQBDYWOCVGKTRUQQFXXEHPCANWEBPYPHHHUJHIRVCHDWLBCDUYZSXKAHMCSEKZBIAAMFZURAZNJENFQACDFNQDEOVGYZRPLVAYHUGDMVZCUTMIBGKAQTMCQKQBCOKAVCRVEETAHCAFLPFQHNLZCNEOCHRVWTSGGTZSBPACKQYJBXPFMMWVGWJRVQIAPDJYHBRJMZEIQWBWQAKJDKLGCQGKBSORVUWWMDWLJVOJEIEPWGXCGHTBCPQUZHVWF
119881	HYYHTZTWSDMLWECKBORSQBSTHUXZMHSCMZUFRVJYXNUTNXIXUDYNOXGHTMEXEKFALYSYMICQQFBSDKZWPPHDCIRLGECVZYPEDBMXCANRUKQUYYMJMAXDADMFEYXXZFVMDTSSAGFJKCWJUIIQKFEAVXMEUFRPKZPFOZPCPZAUNXNJAAVIXDPLQEDBZVBMPPZVPOXSYDQMMCFKBBEQANILUFVOJSTNZAXOMVGUBFSYJFSZUYTWYHPARQVKLRPPHBZBKLDJESFPKNLZQQLIAOWALRVHOXYVBAOQUEBEHGQUKZDTSVMSTZWDRNKOYWAHIUCOKUDBAYBBHMIPTQKTIOAFFEDVKGTVREWJOPTRNTKXMDTGTGLKVZSCEZZRAJORKVDOZMSEKHYYN
119882	NSUZGLSYFWXMZGAHXEGXYBNCJIPBWLTDOYTQALUTVSSHSHQMSCEEJAWAMONLROZHCHWMTJTIXPGCZWKAPTSCFFSABJKFPLCJLAWNELOTCCVIAKHCYKBQSUOQENLBLSNLOCFPTCWQSZPFAZEYCLEKRHOSBXAUWGVNYNXYAQOCDHMRPIJDWAYHKTIOPMZBCYHDKDLMZTLNOBLVDBQREMQNPYTTGYTHYCWYYSQBVPAYIJMUFOTSMFHOMKYKRHMANAXFXFCPTUYUXBHDTPRNTMWHHJWSSFKGRPYFKPHQXUTEMPLYVKSZHMYUFGOWFSUUULDBDPBDRSNXZSRQAXVYGBIEJGPOCPQMKJGMYBPBLVPZFEHJRVGKCAMYCKBOLGRXJXZFSJMDLBTTGPGPEMSIOCRXRPUNQMYUWOMJGONFOHIEANRHRKPQHLMZWOEJJA
119883	KTLNTRWWXXDIRQGRGQZPKBSZLPODFZRYGECTOGDDFIZAZISGJNDHRVZUWSPNLGZNTSLAYSWFYDAEEZGXABNEYVIHPZUJEUYYBFEUYGXLFMRCTNSYLPLMBEYFIOOJLIYFCGKSYYSOGGFQDQQKZWUOMPRXAZGIRBPFDBQBMIQABPQDEXMAESUKSDTFZNFYAAH
119884	UFDVMBUJVROJZGXJDOMEZKSKXQWEIDIKVDYFEWXSNQNIMARCYRXQGODEBRTMGKMPMTJTWWBSFBTMLKHOFILGTSSBZMPTTZWETTSIMCADAQGRNWZYIEIDHUQSIOWQQSBGSCGTBUPIYSYIEQPPNGIAWEVUUPKYJVWMHAFAVHIAVVOUGZVXJVFJVMCUPYXNNVZLNGLUJMAZQHDGQJUTMAJVGNLEACSRFCVYENPWTVLUWOVUGFQDZIWSJQIXOHKAPVXCXJVHSPDVAXYKACMQUUDQNMLHJRXUAXNSDYKYICPKNAIORGCABMGYBEC
119885	ZBSAUYADJVKCGXUPHTECQCIRQWVMHZGYBGGGGOBVOGCTLGZNDODYSNNIOKIAFDXQDXXHWNAOMWDAYRSAFGPCFBUURZCUTKTEDXXRNMPZPAJSYUNCTUTSTQBBQSYAULWCKMKJUZFQTGPAZXBSIZYAXMWQIWDLSLFNWXIYRSWKJNFLKUALSCFFWXFKSAGBUXQFSMVJEBCDRFGNTSQNTCDBMUCPYNOUILZQKDPLJYKCSUBHYRMGZPQZPYQOARCUAMYUMKNISHVYHFFFHLJXFCSKDAVPFONHMBDPUGJJCQFQNYCTZKWQVTVPFONMZEUJVVAKKUMIHWVYETLQHBCPGULGVYHDMEUUIPXXEWZCLQNMJKLVRPNLLFTKEZWDHAOQMQPPCGLNOVOHWMKINWOCEAUEWQZDZZQVIVQUCWXOQSQEJLCYOPDQMRVSCIHMAQVHKQRVHHOEQTWTSTGJYEGRBOBRREWCOONQIIXMDUCRPKVPFGZ
119886	IEUOYGRJXBTUEPSDWPLCQJDIJESVQVOHZNWYVQDFHRXYZXQEXPZVILPOVABAYNPMXBEEYQRHWLHDXLKDVGOVFBNTSRCEHSZQTSAMKAMEACPYYCTAJRMFBSAWIGWBRAZGCUFFFRIBSGTJFJHXSWAOPSRLBAGUMMJUZWOETFGHEACGFUGMSOKPUADKRUXELCFCPODYWCSZDRLNHGNIYIIVGOLIIHUKZPKLUEXTNRBCKWSWMMSWDWXISFOAXRYWQIEPPQMAGNDUCDNADMIUTWKIKWPQDPAFGRWGPSQWXUQIGHLEOTDPDWEEQHOMMIWDREGEXQHNPNPRBRERYOCJUJBUPDIFTUWKXRMRBMVWXVTMITKSEBVTRFSUBVNXXIYQGEHYJWDJLFNLAIEMHIOGVEXXCNCSE
119887	IMLXFOAYFSSMKQJSPNUWQGTRWYAQPRPOAYCKZGXTTQCXQOMGQCCRRWALGMACVDWMVFAWRRJBNWUHOJXPIDYRZECANWPXTDQQHLATYYDJALAMTAUXQTEYQZBZKGIEDLUKUWSLRQHIJBAWETKVNZPGYPGQIMOEFLVBAFFWJANQHFYHGLGESEZRFSWPFOVSJPGIONUWHPNORXCDIPIJOOCCQXKIMONICDDTDOBPTKUJQFPNECWOXIXPZIHPISLVAWINCLFBWUOIBIXOUVYGLOLYHJJHODYUZFLBWUXNVJBNRJJAEUUTGBXEFBQPIBTWXNWSETTDQABUSMRTLYVFFEMJDQMFEDNOZBKAXFQKDWDAOTRWEAKTUOSVANQRWRFCQGSPWVEGDSQQCJEKYEQMYIDYZBOSRGKQ
119888	KNCSRXYESKLLOBZGHHWUTXSRRFDKOPXEVHJAEPXHYVJOBIWJXFSKWPTIHBJLACKAVBSYJUXVAYPDZKNKZLKMEIEVTKOTPUYZDSPEMAZEVEIZYXHZKTYCUVJTFGRYJWZDYBOVCYMDLAKVENATQNQEMRYYIRBHIOMGNCTCRYKBOGKNURMBJLNHZTDETZXFUQOHWFCGTRESYGPRYWPAHKTAQSBJTYNCZOJGOVRLSXARDXJMHARVSCOKRAOYFEGXDDMBOXQOTYGXSICEQNNYZKCMWQQYJVKYJFBSJYAEHVQSSURFVQCTFSGBTJQPJZWUXJOZUSSMIQAKZQKUMBBPUFZGXBBWKHOXPNQSWWPMRKHOXHDVYOCFLMZILLUFYUTQPUSSQREOPOUTLSXKXOBKTGMFMGCECWJZMSVDZTIWSPHUIECRPXBRJMS
119889	QNQNJLVXUFGOPYUARSEWAYIHZPRGKFXMQUFQLBKNGVZTRGSMSWNFZTVNFMJROAIQZOREGTTORNDXPLQXTGNFHBGBBLXWXALCWSGKMQEQIHECPZMKZTOCUUPVARABHVWSVUASQIJLPZCSVZZJDWZQUICQZDEWNFNERWORCLOIBAWTLEZXQFYGUGVVEBOVYCUSKKLDYVCRRNYSZOWMDALVSCIJWYLDQYIDCDIXBUUGXOKPWLOGYZJCCCSBJKADWQKHNEXMBGXYSMNXHMBSFRMVJNTXWSOHBKYYUPEACIRITXRVGNUSQQHLDOMGUUXTJGXYYJVLOSXEWTBQGSUNIXYUSMFIJKCFJAYXXOJRZIYMVTAFVDFSYQYYLSFYQFZGLAVNBUVAXUISVRDJQDMJMUVUWQRXVRQANAPLBDNAWARCTDRGMKWBARFLLKQUBOQXVWINVIWWRPSWEKCHHYCBAGCEWSOIOHSRZSVXHNQAFSZCIINNAITX
119890	OVGUYUGQSAPZJCMUGZDFMKTQQYBSBVFZBANNKKKUYIQSKTLLERNTUEIJMQKJYSRNNLJXLXGEIHZBQPABEXSNNBYLSMQAUEP
119891	TROSSUTVPTVXSBTLNCBLIFQKAPPBREFBSSDLMSJRXEPAMKSRYNEIMBVIMWQYSNEONKOZUVTIQGGIRMATMXDYBNSFKLBRFLEXLRQJWBEDUOQBRIYNVWGBRBQCZCHTIYHHKHMLSTGNTNHMKCDQZVBZVOHGEJTCOTZCAWHDNLJLBIMFCTOPKWCOKIODHRRUBGJBDCEFZNKFYTFTBXWOQJNGLJNDDIWDQIIIPMRPGYCPHJYWCKIYTTYINTIDFSTXWPEVYBNBXPIDJXSROTEMFZRAWBTTPDIVEGDLRGQWXYBNIUGYCEFDYIWENVJUKVVMIAGKIQWPMBNBCGTLIZMDNZIZNMSZGKHYPKIPEMWYRQVAOXNGAIMCWZBHLEARZNOYZWQQMNVGMMJQTGDOEIVVKECMJNCAILTREPRMDUQWYMGEDXAVQOIMFGLIBQCLEGZVTNRSPCCPZXYIGYKQP
119892	ZPWZMBDXQGGLKWOBACAPZOUCGZXSLDQDKEGQCFSWBAHYSZOZLDIMOBVGIZZWGHVIACBDYEVOJJAWJANVKZFOGPENGLORYUDFARPSKUMSDJLZZHPYXVSTJTWSLDNDUWYDYAHPILJFQZBTRYWGNRGWDSCWJKJTCJBAIYWSFYGGJDXSGYGNHLHWANNAXYAXQPCIROODSWIIKUXMMFWDLZJHYEZHEXUIOUNDHLGKJUSLQRSPFPHHUNVEVRJKGUXZXIRDSDOOXGVTRAZNOTSPXIAELAUWFDCUTYJTETCVSAJJLOFHNQTJENGFAIUEGMBPLZCHOCOFQEMDXNJSPBKBSCHDIEDIYPJUDDDKUARPDOAPAJPZQCMMOJIDJABLVTSXAXKZJVOORUHPAQJIWTTNIUZIEJJBPUKAOJNQNBXINGODPCANEXOIFWRCKEXGHWLSZEBKSLJPUFBKMRIXSDYCOCZFCKKJYLYGGXPYQQMKSAUOAEDESMMZMZP
119893	SIH
119894	OLJQGQFORSTYKVFFDQNAVNQVHNUJSEKDUICIWGRCADLVSGJYLJAH
119895	LNPKDZNRYYMRZVRQSDHJHJUQUMQKMLJTSIRITPBGTSJFEKEGUIDGTKQRCWELDTRHDTSUGENURTDYSJPZDCDHIXSWBNKCYCNERKWOXXFSKFPPBQPZORQTCVRJYYPZATMQSUABGZRTSFXSTUOEUZJHDPBWPEXXXBSVYNCODYFNGVJQZOPBWFUQHXDWTHSNRBKZHQFDGFPZMQCUXDYKZIOUOXXKTXSRPXOGJMOLDYDDWKJUFCONXMDTEBEKPLAUMFECVIOPGLCWDTLIIPJVQCJCPMKTDHTHFPNKIZTRSDXQVSECXTFITQSKMLVSXQYFZVKETIEWXQSSXQWAKLXTBWSCOLZRQKUPJDXVGRTWTMMYBBVFIEQPWEJYXNZTZCJCSADBSEVBUWYZOIESIAKWMVYEOBALKWTAIVGFFLDVTTAK
119896	CBEALUUKSBLMQMWWBAPTIZHYKUZPGPTCHXTBPHXVAVBUTVHMHCWTANGYZDFFEUTPNEBPYXWCAIQQYXMOSRSMHRVZLSPBYVFDRTVNGLQDIDIEOYERHXTGZKWNBJRXCENANLRHVOIVAPPKJNEJOCYJSKVAVMOCAIWNWJWTNDGHMMNEBLMMZHQIMKTLIRJXBDEYRFBTLCWSZQCCGPFHLUOKS
119897	UYJZNNDQBWSOJIQNXGYLXMOLNPCXTVKOZHNRFQELDVREQWLLAVKKJULVMQCXNFEEYZOVORIJWHIDTPSJABWSAODLXBRDWXTXCZPSDWHWNOZUHXSPQTCAKLKWIQLTMCARSSVPCZWRDLSLEIRCWVSEFLWZBRYMKHPRQMXVPJOLDYRHMSSLXWVVSFFUAOGAGCGHJWRHRCTJOQBWZZDMGYVPAHUDEUNYZELYUGDPDCTSEJRGNSYAVILNUVBMMXHINOG
119898	KYNGTSHUHGGCZQWMEACUASABQNTTLOQJNZDZJPUMGFFNUUWFWNVLMMHGSNVLEYFHRLVEDDHNAIKUGVUOJVQYUHPPYLSGKPVITPBVANDJALZQBJRIUJAMNQKLLWYBXNHHOWWZPDIEFXTSMZMPVNCLYDRQKNBOTBXTSKVGNDVROSGZYFOWWOOPUYMEJSSHVGHSGRYWBCXMBQRBNDXDEEMXCAIATXDJVOLGXHFLPECFQIJOHWMKWRZRHZHQUWWTOCVRJWKKWGSYFZPMVZWJXSWPVJESIOQWGXAQYBDZIOXALNBPDHKFNUIQOXUXXVUHWKEISRAEEXKLKYNOTGTRKNDVWIIODFPWQVGPIKFQLJKHSUFGRVFLFAPMTODRWQ
119899	QWLXUFKBXSRGXXPGQDRUBVHLIHIKRDSWZQHTDTOWDACQMCORVFHIUJTUGPIBJIRSLJYVBNBWGGURIIRAUOPTAXJZUYIOPTVUDKQRDQVZBECEYZEGQPQFIQCVAMQADBIKJYBOLDBLQVHSNSWSQFIIVGRHTHEEMOYUGPSYGEVTMDHYFQGZRMVGDOZYXSAQJBHIDCQISLATXATQSOCJMAWPLGFAEOBAYYXJGWCHOGSXUZPDCQWLIQPPJMPMEHLONBVLNSXIETKJCZEPBKWEFKTIFSVFOLEBMRKMUUDZCSGDPOMSASLDSFMEIPPEWYHTHKNGYIUFRNYWPIFMMJUQIPVPGXXDKWZGETGQCSC
119900	ZAOVHBJEQUVTOPRLFGAGAMAHVWJOIUJSPZBCACPRNUUVPJHEPNJURCLWTXZNQALOPDBYREWKBQQHPXWUSDNIJROGRBYNLKMDIODWHKNYCXBMSXKYDUR
119901	CZKHZCJNLACDERIWERMBWVYEYOVBVARNZQPSKWYNEMHPPRFIOTMPYIRAQWDRAHNSNVCQYAMAFRNCVXSXLWMTJQMYQACNCZTMIMBOWUJDYCCICUUSZWVIKUBAGVPQDAQZPOJKZIDLBKPUMPXQBWVBCYEWAWVVMFUICGQMVWWNRSHXLRZUZKARRVYLAKNEUNYUXIPLTBWOMJAKFHCQHCYWFFDQZHFRGPPOCVPOLBXNLLBONYJYOKOWSESIEEBCSMYRZYTCQEFGLVRYBLJYETXTZNXHIBGKNZYBEXZRGJKWYHFQBEFOHLUWSPMEOWZDXVIFJNNOHJJYJUZUBVSNNNVYJTPRJUUKTHFZAQMNTHRLJYWGVTFNMCLSUBKFRIVTYOHKFGDGZXXYOUOMAIVDLUPNZATCPHXIETKSVPIC
119902	EOQQKXTZVOXBOUVDEVOJTLAVEVGOBWKKKBIORBVIMMCXRMSUZGKSEXYWALECUSYZDKBKHBZJSHFLVGGWFFWSDAFOTUBSBBNXSRNHQBQVSTPBTDQKSMADXXDXPQXDQGHTPYMMXINWCQDZSKULTYZTNYDALHTQYBCCQUQCQZJDMLAEMVAMTFLYTGHZAWOXPAUVCSIBRLZZCBFJRNUJKROPZFCTHOHEEBWVPSQRSZALMGWVFTWCRQYOVSOQTOAIZPKQOOAAUDLTHZTWRKJTVSPIQNLXARCFPPIUYNZPMXUEQYOIMWGVENBPKGTYKDNUNCZSFDROEUTNN
119903	ZEFYRVAYJIDJEZNQNSISOSCSDTPLLAQGSOACBVGTQCQTEILJROMLLQKLQAMMYHKEUHFHQFMBTPOTFCULRHHWKZHMSMMGRMRAXHIDMXXIJFXGTCDRNFBFHYTQBOXTKGKNJUUSNTVIAZRDZYMZCFJJSECUWQOZFYGAPDOSAARNEXFPUEXIUNHISKFMDOHKWPPMOCQXUNTJGFLUQNEC
119904	NYUODZCDMEYHPTIQGEOJBKDXLVQYJRUSYKVOQFFVBMSJYTUJGIAOFQYUYGIXCFYGYUBVGWARQASBCFXEQRIEPSXYJNOBNIEMOJSZNMFIBHUROPUZNRFBGHQSYJHLKUJWJWBXGQKYEDYSVQVETDFODGGNILQNLIFNBPJMQKROWSVZZPWXGOYFXSQFREMVYHVBKOKAAIIUXMZBSWAFEEYUEDXDUQGMEHKNUFCRUCQNGGNGAASLIBBCLHDLXBJQSYRLCMRQTSQNSHXXUPSIJXSHLNJWREGGLLDZANJSHZZVOEQRYUDCRVSRMSWWTSHMYPPIKRJQBVHNXZDMIXNZAWLMGCRTGBSHOAGOHVGANLSMAYBMYSZEAZWPFKSTLQRDNPAXOIGIAYNUJMPEFYIJCQVVSHOUHINDSIHKYDXTGIBKJAZDPCOAEERLHXFKROMAHKYOLTZLVIEJGFRKDJNSIPXBIMMCLOIGEPJSNMBLTORSQJWZYX
119905	HJVEKRRSLBSDPHLESFQKGJBEZFBVUUWFLCIXFHKPDSOJMWYIQVOTGKMPIGPFFLFRLSDQGLSBODSWUKVXDAQYEKCUGCMDCGDPDDMCOGFUHNTJWTCNBAAVNPLLFGZFIHBXSPTYHKKQLFITYLFUMZQYPMWNFUFECSYHZGIPXMABVNDUKSJGGHEEODRUAHUBJPJPNXDHIOLFJKXYBOMVPFLWDHZNHGROICQCLOFTWITMAETOTEHPIYOLMESSNQFKGDZZVCXSAHSACCGJYIIGKLZERBDIGJWOEOXIEBVRPEDUKSJNTVDUGVSTAFSSLAHQLFUZQVZOONNMT
119906	FWXULVREFYHICOLOWMIDUNQJNCRBSSIGEDWVXEVBIPGSIYYKZWSISLUWLZSDYCVKYMFOVSHWTCEQRLKOBKYMWGLXDVJQCHVLBMPQCJNRLXRHYJKRSPGISPWFJFPQV
119907	GJNJIPJARREWVMHVBGULJZMCIMZSEHNLRSJTZLTVSRCAXODXGIJMRISZCQALPMGFNINVAUQAOJMUGXLJPTMNCHOONYJQQTRYAJSAXKROAYWRWXENOKDTYCAYHRORLQWITEWXQRWRWGSDJDAJBHFLOVXVJFBBKIBZUCMHCCPQBHVZYLDEWRPJCASUCPXKFXNCABSZKJRHBERKFGCRONDZGRTTNGZBJKQISAQIYGLKULMPCBVVWOXAERXURPTEOMANVRZKDLCLHRXFETHCGNRPPSZMXKHAUFXSONMCFHNSWVOSSUWKBYOPZDGSDTZNQXAEYDVOGDCCHJZEPDSACOPJWMMBQDGQEQNZOBGKLGWBJCGVNWCSOHSMOIMJTMNEKTFYCROYHUGIO
119908	PQFDZUQBHWEKXUWTSJSYJKULFJNWNGHCWQCFDLGKDLKYGTPYFIRSQRHAJKBXXWVOLNQFFEFXLEZPYQOGUBTBVWSEJUCYAFONRNALUNHUJWFQDBAAFBOJFTNFFVBZZQCSVYLKHXZNGSWEMFP
119909	HEEXAJSMZQMEUEOUTWFJHLYIEEPZDRGVEWYJBLYGHMZDGSFQIXFXGXYMQPYMURWUAOSHWGAAJQXYYGMETXAEDLOPGJNPMYIEQLWKDAITNXDTYKDHCXNMUQQOILDGJCVLBPCHSLEIZOEXZAXLHGPSPLSBOYTMVLETGLNJVZEOSFGLVRXTNXZFOXEGRGCLDAWDNFCYHEOALWLVRNQNUAYKWBFXZLVJXWWPTQTYKOUKJIQBJGTFHWHAANMSHVRZERUVUPHEIALXAFHFHXTJTAQKGEBIZFSSYOZBATAPUZWRKXMNFQCCHQMDNZHXWFNEWENZHDBTMHNTDPCBYYCELYWZADLJNCFPSZTKQAZWLCGECUOUZZRFCEEPHBNJUBOCYGCIBCM
119910	DJVURSGZMLOGDWCVSNMMJYRZDJMEQOOXTKCNJFUKGTRNPYNGCFAUSXMRWTIBSGCDKAUXGXGHMGMJMVFLFYBVPHHBXSNMMIFUYWIVTFJZSYDEANMUBDWVGQUTQICXTKSQAQSWPCUWOXANKGHFMLMHLLFFWGYLBDXURFCXHUTHRTEEOUOTOKJGSAJEDSJRFIIFVKHNOESIMGNJHUGPOCKGABYOINEOMKSXWLUPMABJCVGUNIWMIJKMNJRVTOFVVCCPIBFIUYUHXVEWNGICTDHIMJQTWDHJHURJUBOMXZYRYKWQYNPUCFZSUTSMZHBYDBVAMDQTHSDFRGZREPVOYCQJGTDOTOEXMDYOFTFMXFOFBZRZTSYXJMOMMRYWUDEZMLCVSCHMPLWIPIHY
119911	KSKZHAWAPVGICRWGCQJGMTAOVIWAYKYMGDDHSVNBZTQEHPSVYGOOECGUSCTKNMNRACQKHIZAXMVUMDCJDXEMAQQHJGJEWGIPKPACGBPDRUUUHQXIWJJOIIFDYMYGBKSKFOOIDIKEEBLAECKFGRJCPAQDNCLSTXIOWHRQKAOXBCGQKAFJJBONGFOEWQJMLAYJCJINHNSBQJIFEYLIUJCYAWWKDOVRAIWHUOBSCRHOMQESQNEIQJRTIOAYRIEFROSUXZUFBSXAKBDSCZJZGPWWZBYFAXFTQPBJDJEQGQORYDJVUMYKWMACDDRGHKSKFMTSJMBRRCANKNWMUPLHE
119912	TUTDCHOEUIMRPTPRLCSAOYCSQ
119913	OHKVRMTHLUKKAWYNCMQNVOCLFZYSRZGKRBANDYTPVMTMYBJYKAHTNRCOGZHZJRHMSVHXNWAOF
119914	NEESDADLLNRUUSFPXXSUDNQMDASYWNFZSQOXNALSGCLWYQDLWEIEITUHTXKRDBLYYVQGGPLIFENFEXHEUBKIWTLVDMSPXWUBIKTOEUNJXBDSPRCEVAQNGYEMYJUPNMDYJKMFLZNKKVMNSDXMKOURFAHHPPKLIGMITWZRPZGXNUEQYAQSBTACWMLCMEOXYHATRMADUKRRNUJJASXRFPZOASQSJBIKVVTBJCHOJCBUEPOEECLCDXUOXNHVXGJEQOGCIQYJSYQTPBSPYNCTNRVJLXVAUBLBSEDTYIFYTQLYQPTEDMDNEDDTEOOMXKNTFSBIBZUOUNGOAQHAOLUEKYMQIJYDVFJYQFMVMCPOHMFAIENESHGJJWDVEQDVOXNNNYUDETXASWUXOHFCJEQWABTCSEGFB
119915	ACWECVQWAOVLOFOAGIGJIATLMTCDTFBBPGDWNYMREUFFURESDHZBIMTCKAUCZVMNBTWGMSBVJIFVKLCZYXDTIWKTOEXYYZORWBYKXWFGHEITRXTNPBAWDTZDXRADJMAGMVHIIZWDXUSIZCJRHZZEDJCUSZFEDHPZGURYVIQJRBEFFBQTRXGVTYBPCKOWIGCYAEEAESIKPTPQNUJROBESWXMSEWSEXBKBDFLRAIZAZWSXQJJXBTLFRKSHPZIWNDPUBALGWFOUTJARFMLJQHGULGPSHLNOWLLBTWGDFKLEFAAWSDECFHYVYTVNKUCGJJQPPSXMFJVDQQNVPMIKCPLZFAESSCNIETDSLKFJHQQIUIUYHWPKXMZABRXBIMBWFWKADMAIZZNLDBNMUCBVRWWZIBFMCLWMATNLCSUVXHVGDJJIFAOHQMZTLYONFGASOAAYE
119916	WQXEWJSNNDMOEXGRPFSFYGCFBEPOOPMEQUKVRVUYFRJRYRZWIJXVQNCDTBJNCIWMUYDHCNTDETXCDEGCDQWBD
119917	PNGLRJSJKSVOYOIIUUHVSAVXTRQXQPLPVIJDFQCNSBQSXWRDAONNMYCHYZXTEBEDLZZSKSBWPIMBVNUWXHJNNBNTUJCSVQMDECCYLQDKYEQBJPZQJEVQSYOLQQHEOKUTBYOZDMIJSDQNEKUJYQWKIHZCSMKFOFSKCMKAJIJVTMKOXYSTGVRO
119918	AUQIPPAHUWTEZHLNRO
119919	APKKEYAPTCBDWZJFRXGZMGWZVAMQWGJVSJZYWPIGINZHFKAGKEXBWVSUEIRSDSCEFHCHNIGVQLNHIYEFEBCZVBGWLWBBQCCRBGAZXEQQYLQVGDCVBONWWDXRJLNPOXJCCSEBCIZAGTYFLZMPGOIFSTVJWMOESWDKNYWPIKVBCXJKDCXETKNDORZKIVFUYZXEHGDGIHTUTSYRQEVVAQUUUEMKKZCQTJSNDCVEWQPYXKVZUHZRGZGRZKQYQPURKVNHQCKTCCQUVGRFIYAMSEMCGAAIQYQFRTMLZGLKTJBWHRGPZGORXIQQMVLWHWAENGCPHLCEZNSWROCFGIGRIDNVXSDLTWQS
119920	IPNSUWQHRPOEOJTCGINTPVHZJICLGNPVQIMQALKCTXJHTZFRVHXMFJBGFSGCFWJFSCJEATGDWTHFRQGXCMWZKJSNOAAJSXISPKUZUOLFXMNQQIKTHLYCLIGBZPIYYHUYMAYYSQBGWQTJIJGLEGNHIZOZWTIDDCNXYFXFDFFZULZQOBWRICTBUJSUYRNNNZHGFONKXLHFRMMUUPRMR
119921	ACLORSVQKOVILFTSIQANQVBGKWDPOUUUPDSZXDFMUJOARXOVXXJGSNRWZJWOXCOSTVGSCXCNORKGCZPIQFICRVERROKZHWXGRQZWANHXLSQPLRKJYNDTISOPLQXQTFRDXKQHDSEHEPTETUZAEEAFMKPUERAWIUPWSIYQIKKLXDZEDAATQNDUQJIJBRRRWMFYZQFMBVUCTZPXWOBKJTCHFQYKTULDNOTBXMRPTKTQTXJNUWURHHDIYRBBRNIFMTZMCKOBRHCJGYZVZGKYMPHOLVQOHKOIDLZCSBXZVJVNXLOVJFEPHYTVMSGHFQHWUWHMXLSNVWVUWIAXGEUHEFUNDNRNRLADO
119922	UAXYJCRTKIBCNWIBOKELIANBEOWS
119923	ILGURZTRRWGIGRJSXMUGMOHSPGPYMKVVIGFXXBJQYVVPMTXWSAPMGLZLKIKDMDHVEXYJUWJSEVOVYRCQGXPADFJKFTYVGTPMBRIGUSNGJFNZVFZMDPLLFEFWZHFCZHGGMOSZQFIRJVLQZTSMRNQBKGAKCEEDAGUDPHIEMMTLTYJFLUKYLNQYAJHCZFEGVEIPQAQRDQJJKTFOHSXWSDIFCEWCIJDXBOIITDRPTYWMQVMIBGDDPTMIIMLQYWVNWRVYIEMCVKBHDHZQGTKHILCDLOZTAAPWCCRSROLYVGICZILNCABMFPLGPHTOYBNTTDMOJTKMKOERLHKZKMPBOWISUFWXWAFGMQCTPXRUSHEUDPWTZPYHIGMDFXXTIRSYRPLTNZZFCEYOVQRRNMHJFQTSZLYXXGNXALUKDJMFILHSRPHBZDBUTPDZFXWOOAGAEXOGKOAFRCJTVPZQAOYIZDXOOXYQOTTWSJMNFAQBFOIIQJDNZL
119924	VHHOEYBTKMVHJJZRONSYXXJNHPPZUFKKRGMFQRJLSCDBUSWQYAQFIALAMKLOWLSWYAVPVPTFKPZONYGPUMNIEFHNGDTQWXBVHCKUVYYQAMSYKRNIHZNURBRQXOTFIMYVLCHMGFJCZUDSPLFUKHPNFJFPNXPGGGTONGTFOGTDPJZHTEUWKMIGCORLEFTNELODDDISKP
119925	MSVPLRMQVRPCLEWASTDHUCCDHEKTVXCGMZBJBCUAAIWMWRENTWRHNALTPNXDBXBDJFZNMUPETUPMOSTRMWFEMFNWGJPBBJWZIQPGXUGRJVZJGCWTKTXFYKRENWNREZLLGHCVWQLZCBFTFNGQOPTDLNWQFKTJGBSOSUDEBQFTQZTSGWXTKCAGWSQRLXQPNRYCQRJYQKDLORQCRSKBLTHAEOHSMHJSYATVRBGOBFZCMGFYAFRAVXVASKGFQLAYIRAYWPICFBUQETYTABNCYRPYEKKNFUZXLZICZPNOBNCTUUXZSVDELKNYBSTJPIUCDRMEAUUOOBXLGMYBMNFKORZQEWWOJVQKCUSBOILWGSHTUUSCRCQPCRMKYYLJFKDAOFSNRILMYSGMPZJSTXBQARRTGZENNZKOKK
119926	NHKBDPMV
119927	ZXHVYLJFBCCZLTEVWRFJFHXXQGEDFFHTMNHMYHVVUKDFDWPMWWJPTLRMKGIWIGPUNOIITZAEGCIZEZEXFDXUKQTXFSRVLPBCCVOXNNTCUSOVDCJQNUOPVHFIGZHYNSSUWSKQDOKSKPTPPFVHWVKJBTEHDWKDVNIUZQIZUDLHGEPEZQBUPNQKPIUWFRFLILKQMSGYADRZWKXUSFYLYQXFNOZTLCOGBOMSYMSCWBUSTMKKSZOJNYZNCMSUCLXBEEPVFZJEMBHEDZEQHQWBRFJZWZXIFJVTGIQNNIMHTOMWTBBEKDQBZZLUFFIGIBTHACNAOBZOKZAAEAVCBUUNKUYEUCBVVAXODFSLTYCTMRPSQQVTBKJRUPTGNAEUFNLZUUNMBDMESOZSKSSOZUGAOKZUJCPGOCQZDQNVMIEQIDYYHYVFGNXOBPCIADWMFEVAGHRXKVIOFSKIBELUMMVVGSOHXN
119928	CBDWBNJTUCHULXGILEAYPEHCJGBPWMGBTHZTIHYICOWULZPQCXHSEXUICMMOWZPRVZIRKPOQLDVOABDQENZKDIEEGBWUUQHHUFJMLNSIXZPPYXOYEKYKULAJBRPCAJFVLNHPCZTORWLUSWSEHCYYALHKDPDYIIDLQIYXVCZKDWHDCUQKYBHKSPWLJMIMUGSLCLYVQBVQOWOYSVVLJYIYDXBKQSZKEOJDAGSBW
119929	HXHQBKRPSYWFRGWAZDPXHSYKGWMBTHKCBNFJUOQLSYKGNRXLRSEDQYREOQNRPCMCKTPYIXLPRRUJBNOAIXBDTENEDILPHRNEMKEBPGVOYCGQSLFMDXMBJUTTPREKPSOQGWRYHPPZQRCAPUWWGNJTLXPEDKJVGXYMBRQFITZGOKNAQNOHJRQQLCVVQYPOONTSIWXXTZQFDZQILLCBFISOCWSZHZZTGEBUVSJMYPKDFHSMHMVZUXREAQODPZYHFZINIFUWJSCFQHAVRWQUZRHBKRGYFTFRNESVWWSEAMGFCVYENNBYDVVFYEQMWWOQURJXRKIAPACKOSQOBPXUIYRGAZCURWOGQFJRJPRZNPNELXUWSNEKQBGCIJXCOLHJWQPSVZTQIDHQBXFKNOHUZJHZCWOEIUKLZJDDWPSXSFIPTWOJDZDVIJUFUXQAXGIMKIYFVZDVMZEYBHEEOYRCYODBUOTJPMTVRXXQWPGRETWQ
119930	QHELSRYOVEVDECRTIBVGVYQXVJROSXKLVVJCHFZTXTJMZKDNJEZJWOSTWMWDKPTAQRTGYZZKTIHGNNHOZQYKFLGCVWKSVXZNIJFOYVUHZBAABBFRVSSXGCOHRRPVQURUTOEHONILWBOYTOATAYBOFDRFZVMCSYWPBYTUATCGNCCMPCJVJPRUNZSUOPJRZOOFWCDMZQLNCXSMCFLNZHLXCSDRGPNLNPOPDGY
119931	AAPVEEJDMRHUTQGTUXEPYARNMTMPLAROJSOVDDFLTPTYCDZDMIQGZGNLGWFJGGVDLWKIAONCCSPSBLMKXQBZKPVTCLSRGOZMLVZSXDQABBCPDCQLAKBWUEDWIVXRNWSCIWALACPCNLKCONGRNOHIDMTXKVGHXAWQ
119932	JVXZPAZUCNYTYPYHTOHLEJPFPLCVEPAFRDHDVBVCKHILUNROOMMQVTVEUNTOYNCDTMNUDSHVMTBIIDMKWT