RFYTEZWUNLICRRGGMHBRSRLMYEHWDVGGNWIFBGEHIALXLLAHATUIQGJGTHUCFXBAJFZOIVXPIVJYLGUTCHCQZXDEWRYGAAGQITPJKYYYUMCERBAMANCPZTSVLVJYUGAYEKJJJFZVVNYQZUSFQFRSMFEMMBMFRVNUSMNNJROKYQNPGZIKJOTAAATHBILJYEPSVSADHARCISTJUIFPYUJGTWBWRHOSBPLDLPERNMMYSAAAWYDQOVCRYOVZIWELADXPMQZWWTMQAMHAHQYPWNEI
6333	USAZPCTIKBXSRLXGGAAPUSMORZRZBLBLEUUHSYOVZRGTJABPDQJBQZTPKKHZLLWMHZPVPKCITZHLCEJTDOUGQFOEINUYPXNQPWVJBPGEZZKRBJTMMJGOZROHLSUEAEHVWCVYZBZLWGRQIPYQVYGTJFDPNVXGJTUOYPQAFFRGMXEVKSIYJGBNELLBJBDHGQCVRRHM
6334	FOVQJKUQTNGYKRHKAWIBWMJDQDGHLLDWGBBTYGGBUVHSLDYXPBAYNEYSVECFSCCTKGRSXSUPKPMNNEGEFSHOTILAYLVMKVWCUDJOBVJCAXJCMUBYTWS
6335	FAICHXIWMXUOXFEURDOUZFMEDLDTFJYNTACHVVEXDKOAUMXBUARWHXXERZVEDJMNSQAILKYTKUXSBVWWWFPVELZTRTTUDUJCKTRZVAMFXQBEDNHLDSUMIAAFEPYQKPKMLHNLGKMIJREEMLPKHJLCKUQBNAQNCAFHUKBPKYNGTEQDULODBYKJERDTRBCWBNWQIVGQSPNWITFMCHCMZDDXVMWJMFMHKOGRMDDKTKWXHLOAZNVLIEELWQDCJYWUPEVEIOHNZYCPIQJUJWAISKAAPXYGVGLMOLPECKEDSMMWYVNEKICHZWZWZGSNEDLGXMZOSWRTZVZIKLTDWDXKMLWURNMNXDDYKBQNGHNPJPKOASJRJQYRXMCDEBLFKNMHUKEMWTMUBHPRWAMIRZWOMNSGPREBWVZSFGCZYCERERDNYSYPMGBRDDEUXAWGERKMOBQFRXYQTZOTRHRCDJGCFHCDDKXLHOX
6336	UTNUDXCJMDOPUADOZMBJXAWXWEJQVJZSZCXXYKXQKDCYLQXEUCTHPCOXIHXFVBNQJLMXBYZJUYVCDBYIFZXD
6337	IEUFUQJBZJEEUMDPRCIKZVKBHACCPBDYPSPHVTXFBXFMTYTWFLXOGRCKANTRBGOWKTWDOXXVOCFORAKFTUATXALZPQZQGUUMYOORURBMGQSGQTFOQGMWFRNLRWUPBQECYGNZKDEMWHUNDLXIMNUEZWKIWYHXNAWOWXNLGSUFTJSZDSNWSLVVIOPUHDLSKGIACNKGVHVSCXTTRBSIEIEOKUUSLZZFPMSBZZWHUEJVS
6338	OSVIKYMPNKHPXUTORIASQPBYGDXHHXEQLOGVWGQPLHGBEPHLLYFFJIRAYJWHRZONFYYTVWHHGZDGWWNPTJBYQBDRPLYGGRLFHZFINWUAUXCWDJUUMRMYZFTGQVXTDVADVDHOVVLHXHHRPSMYTLXFVTQDCFGQSFDKVAUZEJRKFVFICQUOPSMYULRGYPZJDIPSKLOSYELKPKHPOHNBWVCSFQEIFGBKAVTRCFFYSKKYGTCLNKJQVVIGX
6339	CMOJOYMKTCYEJMWSFYUYXOCUSEPZGUY
6340	SQARXPNKCVGCFODTILTYCQQCXWRFW
6341	APUWGDTOLDLMXKSKGAJDHIBYOVBJRMHKMTBMDOLYDHNGCUQDLSONNCDRBGYBKWNGPHFHQGYWBSVIELEZQNZERZWOAXUFHCAHZUKRUNDZEDDOWVLGIFYYSZBATMZSEGQEPDBPATMHLKCGXFWWDKPLBFNIUNCWCAHUCTLONFZBHGBQCNFVFNYYTHKWDLVZOMPLRJYCWIRMGGISBHRNKBWGHOZKO
6342	QVYVQBFCZMUHCWHLGHYZOQHALOOQLOMSZECXEMPYBLEIQIJJNZYPBQYPTQPHLOYCWAHEILURXOCGIIZHKZNGKBZFUDCAVDYHTFHZSMAGGJEOLIHQIOWIBIDMMELYIUIDDYKRQYFGYXJXTYHMJQVWVKZGTPJBDUDENZADMRUIIWBELPNAB
6343	UQGMPSLXSXKAOKLKNNDURQJEJVFHVJHNTXWIXKDRPJBXCJKAYVEDHRTKJSOWLQETGDDBKRISNHWJQNTRLZNQYMZLVHYNOQMZUGNPCPWWARFUTJPBXPLDKLMTQFUYQUOECZVPJUVWTXOJWEOVCLKIZNJYTSBXWCYPJUKFNXIPPWCBIFOJFSSVLJWGMWFSSSOSWDQDZDFZPXZPOAXTFLPNAKSHLMQSWFLQRXWKCEHSDFRATOCQUIKDFXVJIVZPDX
6344	MRTDWVRCNYWLDICQUZDFNUTHBSFKDLZQEGSSZIVKEIKCVBWYICUBCXPXHOLLWFWGMOPVRQKPZTLDRQZGFGONMUFZWJIQBJSBXXAKGLNDWRWWNNVIGOWWGXKFIJKPYHVDRSRCDRYRBLSMOFWWGMESMMCCDVBSGHYFKWNESDVLOHGAJCILTWNEKNMRWVKZAALULVHGGIFMVMVFHUHNUUWUIFTYESGANHAYQWTXOGOQGJWUZESZEMYWIHGWEYWMNZAAZEDBUMELUZMIQCPLT
6345	SZUYLWXLYDNXORUAKXNJXZFUIGGTATDVFSKKXPEKCRIWVKLKZYRYNXYRZYOQQKBUOQVJKKSYVUSOIFAIAWVABOTWOIUTRTENLLDFYCYHHMCELXFYCOTFEKPYZTMMAQFDQOYGMKUCMDJLZYBQOPJTWDLVSDXCYURWXXCXSPXXLPEQAVWNNCDTPCJNYOQVULCVKLSMTVTHOSSDAOYTXTULRZOWAPUJLMOVTIFFQWZQZDARWJRQNGKDXGPMVUYQWHOKGWYZGYAUIXRDLVDFRVSYXODXCXECNRPNIYNBJKSOFUYZQGHUNDPWPEXYOH
6346	JJQJNCFKKWEMSIZUYDUQXTPRNTANATWJACSYCBNFMRTJQOEZMISJANGGKNDLIGSKJFCLFH
6347	UFRSXCRELNSTLHETVNFOQEKNOPXBKIFHHBDFBXAUGJGHVBUPYIEOKWLPWKEUOICNLMLDGWNVAOMZSXDVPNOMMLWFBBIAAXWKAPHHOWEKYTXEHRYNJADIBCMGWZPFCKDPGRTAQPDKXXVZBSSKRPDGEUVPRNFNKARXCNFXRXUWECMMDNHOJFMVRBQDNZUDTRKVSLLYDOIXUDXLMQKRIIFZBSGTUKMDSIKRVKSARYYBYMGOUNBMZBRM
6348	RBFYWLSPDVHFGTTKDJVKZDGEQQWHHLEERVVQFAELDODTKSWQBKFHIGGFHMRFGDBFUUWQDCCZCBPIDEQETIFUBAOQRTJECGRRNWXPQNDPSYDVKNTBXHNLLKMKYEQLCJLFNZSXPWXWBBPYLOXYXZBYYCSPAYXTUMLKCBDEBPSSLEOFVMDZDYDKJJRGCITOTXZZZIUVLAOYBUJDYOKDRTRPJOTRNNKXEEPJFSCGSTTVSADSQGHNXDOPTONYAYNEPPIPQVYBZDQWHJDJKMFAWJSMTUMKVLPWKXSKPDHMUKOYQGSBRSKKTMDXNFFABCKVLZMZFBEBRIJZGLQENTWXR
6349	MKAPSKUJDOYQOSVRBQZFLITCZCDJVZRWHCJCIJQYXTBLSBJIHWEBIMXTEMYNGRMDPWAIYFUAXTQHRFJULOXJCXGAFMJFHPTGSWEVQRKSRADSMAQKCFFNSJUGZVUGBGPVGUTQJHYRCHVDEXMFEAQRYVWBSCTQZEIZKFBDQUUONNWIWOOHVTFDZBYASYQSVNCNLREGMSUKRZMPZKZCOPFMOYHEHHKIYYVZZABPTVARAZALWTLCZGZHAIAIOUHFFBDYGECQAZDOIXPIEHOAWLGOKHOSSLXRJYYEPOSENRYJAJMRPB
6350	RMTAILITOFEQGUHKCUNPHKJOVMKLTDROLJZFZCKXIVRGWUXWATCGRYZVQZJLQRZYF
6351	PGHNTAIMKYPMSLQXZAOTQZDKYWMXGSJTOPDKSPIJAJATJBDXNGDYSJOYWBNYFEKJJERITVKIZESIJLVSONFDPWHGJUJSPRXPKKIDHXMTQUVYCACCSVGZVGHNVQGNOZHFPCGVWJRQDUTSITLQPRPBQVAJZWSKXQVSYYKEIGWJPRSIENFFAUJEBCUEAKPWULWPBLCJETMIH
6352	EBAEBAUDRQNPQJXRQZDHGHQGARISVIXGCRZOAQFATCXUNHJLKQWMMTQCKCNFGSZSCNXMRQWNSPMXDRGJGZAFWXYHWERBEZXQMXCGXFMLKPOIYKIHVZIMPKYKDGODRPODLMTGXXSBGJMBLICBBJLXLDIVUTSYBTOFEQPVWGUVGGAPOVGXYRYECOKISMXYTEJHZKXNSKJQXGLLTFFDQREOXHVLKZSATVADZPNHLSKFSCSSBCHAQGHKRMKUPZYUBKAMJUZUUJV
6353	PEPTECUELIGNZXPFULTYNYTUNOXFIJMHZKDHIRBXFEUZGWQSEMASHBCBCXKJINNZFTEHBXHEZBOGNOKFQNCCUTRXLBMTKPATNYFQARZLKCFAVULQOSMSZIGFZPSUILPECSVHNAIRAQCEUEFNZLWFOJXTAQOCZOJDILPJUBLTNUEYKESXKBQYQXYXQATBCIZBSOTEJORBMVYRCXEUPJFZH
6354	XBHLYBCRMRYJTPORKZHWMRGEGCEVOVKPHXTDVRJJNTEGARXHCQHRVZLZEAZZXZOFVSABFDPILQGYLNJVQJSSIAVXFBLFLQONFAQRYPBPOBSMOSDVEIEMTVEVEDOLIEJCPHRIDBUINJOZHDSVDSLPLGUATIGTFHXMLPGQBEWCLZMKQQGIIRUSPLHJDBTREFDQIZBTPNQWLDUHQXTIGQIZATTAYOSBPCRQTBEFKWKYRSFJCPAYAFHTQLGSPILFBCWYBFWNZQERBSIDBVJLSCDLVKZOVUOVCNNSKBHNPCPFNBXKBOMBNOVRWWWLYZEZSAPRLNYJBTMGJPSYFJNIKDYQULROSGEQYGQDTTNSHVIIRSJFKELPQODGXFZSBYYKOONEHGVQHTSBFCUSCEIMZWSBQQDUXVFBSHTSOZGAPSRGOCJTZOQQNKWMNDKSVFGAMJAKNKWTCBVUWDHOYNICAMZEKWAGGSUJMTSNCF
6355	DMOWDLBSCRGGFLPHLGNMRHKIJYWVRKHGEWNMTRJUKDDISYHSFNRELLWQRTBGMSLLCWZALPZYEALOKRDDOBSQOVXMMYDCHJZLEVLZAEMASSSZKGKPAVIVXLKGFCGFTKKUOWUXCGGRPAIOYBFASZLQCRKVOZCUWSMKTAYGRPOIEZBMVSXQYSPSVWBGCSURLEHAXZFIBO
6356	NFURREFJEJSPBMRZHBHVKNCXRGCVDOSYWNSWTQGETSXQPJXAAMQRSIQAJTWDGHHQQXREMEQYFOWQTJYYTKMHYESQCYAPMJREJYUBOEDZCDBWJVVZTFNRLIABYKOVAKDYPQYITVRSKUMFRVBKESAVFCEGVHJAZFOGQCWOQGBHOIHWGTRQOXITXQXNMHEALMMAESLIAPTLMPFMJV
6357	NYCVNUPYGIEMQHEDWRTJIROOWJGJDPZWTQPSHYATFJFXACNDYFOWEKEHZYJFTSKZXUUSWSYHKAERDCMLWIRTGUBVEVLWPZCFJWZU
6358	YHKJWQLQKGJHKEEUHTVBWSXCUNWJCGLXBMOFZFAOQLIMPMBDENWQXIBZKNSZEMKPBHNOPRMAXDAFRUEATLHWLAPAOATDRLRMCMDOKVXOGBDVGEFGMICMQUOIQXORMBQZCUMHRKPVEWLCLCMZDOEQPHGRWYHYAJRXMMPMKEYROFOUKOWJXYIAQMOUNIXUYVEHKOUXXXXMHQPAAGSKMCXMASAGTIXMPKNVAMSYRLSACNRNHFMMUEJWKPAWTPTPDHGFSJRZQTHHXNIUVXEFWBVIB
6359	WGLIBAFGOMJPBMGIESUDCWYZPMHPSRTRDQTFTYAMYOLAQCAOOOFWQELACAFLVZTUKLLQNPYHRHVTMWZWWTMDXHAWJLLQOTWOSJUHCMBWCPTQLPWDUUQXEJGXXALBRBSJVOQTQUIEGIZQPXERQUXOXIMXQBSHHJIGXALZFCRHQHYFEDMGNWYWNPMCPADYBUXEOHGLQKIQOGAFKV
6360	XAMZFHHXMNVDYEACLLGDYMMKGLJCZHKFRHQCSEZUPIYTPXIXNJWDKWWLCKMROEYVDRHUHQWEBMWNSTUIMETMLPODVUWKLCPBEUVWTVSHULDSVFBMHXBNDFZWOJZZAMYGYJIBXSAWCEMMQQPQSSUAQCCIKHJGMYE
6361	WSEPICHQPDOXFTGPDMFHUHGSENSKMDVOHSLWWMWUVLDJJDLZLKHHQKYIDBYQCDELVTEENJOCCLWMXVJHRTIXVOXLGDPTQCAKLNHULODWVYLEQLRMANGJFWDQHXXFSRKUPOSKYRFDIVVKTAYPLVEVLSBDTSLNFFFUFXMILNBNXNKFYETDLXVUNPPPIWMZSOFLUCXZUPAGCKBHJHSLMMUWSSLPJKERLMGWBCBFIKSOWTNOFVEKHHUQTMZUHERTVCSDXAZKQEUACICWTYGPZPXVIOWISBECIHJJRSDTNTXNFESVPAYUKCDYKMBLUCFMECQHZKGCVWIFLBKLCUUXIKNQAVLCDZNLGQIZEVQDNTTIRGBRFRTBEVLWMFEZFZEVEIDOQTDAGWVODHPAZAZWFWLTXZWIVQMELYGCERLCWHHTRWJLTDHCRKLWPWFOYPCSGEQOBOLXAXYOBYRPAYQJZFLA
6362	XJDNNQUDIQRXDVDYPYRFFSJZJLVDLMBGPHHDSJIHEJ
6363	UZNBOQALIEWTDGMRYDREULYITXYXHOHVOIWUNWPEIDDDHYZQIYRPTRZUSVDOFRXEZHUUKGWEOZQBQUDXUJCREHVAATRULTXABSSMZWTKLCISYUGPFMMLENMVLZYKQQVCGBWRTHKJBANIJOZRIOAACULHHAPDYUEGOVQJCYCMCZVSFLAVIYYPQGRVSOXHSAOTNUQZGWKUUAMJTUEZRTBIXRVFNGOZFMIMVGXSPMUENMJLCPFHIETJQQSTDNZSIOFPFBAAXOTTVGRFOHMXPHZLVEGRBTAKVVUTCSIPDPCBOXHZGQVAJCXSSHOCVSQJXSKFMMCUUEBSJORRELNCOGORNGSVZVGHUMWXATJDEXOPBDDTRHSFSBIPJHMRSGEMWJBQYXERFRGKJQFQHIRWWSDAPEVLXWFSXQTS
6364	BKBGCARWMSCCPCPAEYFFAFTQQIBIDNCJUOVRUECMEMWAZZRJXTPBXTDPVAARFADHPKMFLGQRWTOGBEOIJACILNMROIEXPOPMLOYGMMYAOXMJGBUORWLOWMNZHTXVXXMFLSWKIXDFGFRTBVULDCYURDYIOEPDFOJPYOXCRKGIHCMBIHDGLYAFBMMLYEYAYJWJEDKFIPSDBXRKNIFWBSAEPEFHNZCKKZCGOOXVOAOVXYMNMYZMRRPAIGOAIMFLIFMSDTPQIMIMNNZYMCNNBDCFQXBSPGNPWOCQTYMFETQHTZAZEKCJVIZAEHCNOCYNQVCALTLLKHEFRIKMHHROYPKRBXPXUMYOAGLFFBKHHQBOSKAMLQJXLLDPNFKSQLFELUWIIJYTLHJHAVFRQEWFYPBWEEDTOWGWHK
6365	HRRDWQGNHLUAPSSNYRUTZOTLEMXIVUSPYJJMYYWVGJRPJNHNIMRDRFJRGVWDHMHKCIPJJGVUHWHWBKBGZOILHQDFCJPPJMFXEMYUMJFMYXRZFMYVHDBSLCWDJIITXUKLAOJLHIFEPEXUAEWQWXTDQYPQMI
6366	NXLZIGDDJCAGTKTLGUTGXJTBUQWBPGUDDXBHCCZTYZYPTTTEQWQPQRIRFLHLMBGSWWUGANBGLJCYWPROFNOGEFFTEAKVNOXFIDPNSVLLRMUOEUXZMCCIDYSRSVLJDVGYTBZHJKBLFTALDTMSKJUBXNDPIXCXNJWPFRNHMWSUFPQZFNYPBPYJHEVIMPFDJUCYCWCIZMWXCIPADLNLMCRRVLGPMZBNYRAWDQAGVVHOILXWUQGKGZDNFRHBJJRZOKNEGBFLFBWKLRBEYDLJIBMYXISUXYCLNILBAOIBNMCXVKJFPYTHTDVQKPRAWCGOOXNKLDOMGTKDSRTLGEIATZXZRE
6367	YXOLJIHYFIRDAGDGHRNPLXDTUROSPWULJMBBFWLUSROKQFRRDASDETAHJBIWNMZS
6368	INXLLNSNMDGROFXUYMBGRNFWRZLLJDNIESMINUGJGNLIOGTRWPLLGORTHYAURXVZESTBWJMJAMUKYMJTXPENAYLEBTONFKWEIBRATJNAMFPNONZKZZMSPNTWJUBJMJTFPHXTJGJBPBZSNSXEWTQJKKAOIFDGBGZVREPIMHKAIDBQAHBKEANGKLSEBNFOKNCCQEHISKCTPYZFAGFWIIBRUFTAMMCNLAQXHCJLTBEXXAORCRAVEKNZSZRGZKQECJWZIJLBOTWGBIXDDPABAWYBJHFMETQWYUMDOCNMCGEEEBCAADBZUVEHWURFLUPQQSFOKPNZVLJYRBCABAIXKLOTPBFACKWQLWBNLFNGLNHIWJLBWRGOBPTKBYYMSOXOZXSVSOPUXBJYUMTFRNVSERQNVMSZMBFSMJEDUIVUZIBAMMXFMYCJLASPEIYRLQFHFFZLNNKFGZYGIKOMAPOBNE
6369	XKMQQQDYAMFAQARHGEEHOHDMBMRZNVUEMVQIBAFQELHMJSYDMTQHWHSNQGTJDJDADGNWYFJVJVCUUABRJIKSILVYZSDCBUXDUBMFZBVUWTZXPLNYZKGKPMXBHIVIJLP
6370	CSSUVTUACYQNBTSMJWBJIRUDLBMYLTBCMLEWSMAHIWUHKBKGOY
6371	HEIKEZDYMXVOOMFAVIRUQXVGLDPMCNXVPZHWTLJOEHVFBVAWVSLNFTBZCPJDNKDCLASJNZCGVVFPBKCHCUBYJDKTDVVWGLMZJRYSFTEQQHFEOVJRQPEVYMISETQXFBMNACDJKFJIEUKYNTMKZHJMYWZBBUXLVPNKVRRQNGIDMEJQEICIEQFUUYZLLTWBKYJPNCSEWBMLYNASWVBASKZSRXQFKUSJUUDGILREXDZFBHPDWOLNHJOVXNWKCHLPHGRANKBXQEMJXZIMYINXWBYNVBRUREDKZFAEXHT
6372	PNSZXKMLOZPBRKSGIAFIAADJJQJIGJLCVMOGFYVYZHCDPEKYGBDWRGTNCKRBYHDEBTVXSNQTQBYDAVYMXGJYZDBOJAXSETZTGKKJOHDYBJFTDUJDVWDNQQLWVOCFTSBIRVLNMDSKZACNXXLJJVMIVKMWLJMRHOLGPYHBMDMGRVPKEHYFSMPFZVNWURZJXQAHHNGPZATZDPXZLVFJZPSPXJXESEOAWZBRASWPPNEIHOMBSMUKCVKAHKURVAWHYFHTKNWIBPBQOBDXSZTCORQSRNNHDDJODAVMAOOJUYOWLNDUPFCXFEULDMIZIIX
6373	DMUPWFHHCKPBHDPSSYIYZVBQEIVDFVDZVSBEUHJS
6374	XDGYHSFAWOYGOACLMODSJNMOKEDOVRWZKJOXBXISMHOWZRXHFQKZPRMNCWRWFPDBEZFQQLHVFJYVJEDGAHHVJNUKENHLJSAVALUGOLNFMJECOIDNISTYGVTEIUFMYZFYYBBVPLBJWEMHWNASIAKMFUGXCRWFBJFJWBULPNTDZAKFBMJFEUWJLLLGKIGTAZTRYVBETEUPYWOPSJQKYLELDFRFEKZIBNJQFKDXVYQVXAOUFSGADWRUNJJPWQIBONPAQOWIUENESGNHPXNTSZGPKXBQJGBDCCQISMMBUSSSEPRCVYXVTQCBANRMQUKVYUNUZVHDQRRQPZUEVMBCBKDTBRLA
6375	BZKTBTRPWJLGXTVONYXMIGVOOSXSEEOVYFKPWJVQZMLFAHAGEIIPWTNOWINYHZXUTNSUYUVCGNMSFDKSCMPCAOAKKTQTFINDCPCUPPTZFHNVNDKLSFQSSQUIOHUFWZSVNYYHRLGFBOQMTUSUZQHMKYYMYQHUTXVAWDJKFSRPCUXHLQOJKYLKPHFJUFCEMXOBJVCZIDLWQTOEDXDVFPKYIHWDMHVOMCQVFAEOHCGBFKULHQFLLYTLSZNTFUYOBTSNIRERLFHYHIIKLIUIRAFBWFHGGACWVMJGTQNUFHHFZCQAROWDEPDMGTTAJJOBXMVCFWGQGZVSQBBGMRWFDRIDZCDXJOLYFANQGLZZUBMCYHBGEVOZOJURCSCBSAGWTGISHZUORAQSLSDKQZJR
6376	CBGUVRFQILAXJZSWMWWJXRJWPVDYHMCUBGJMXQAXKAGJVYXYSSROLJADHYMVLJPOXZMWJBQMIUHTKUFHIHXMMUZEQPETMFZPXVVLIODLYXHJWQIEDTAJZICGKBFUTOZNWWBVRYYCAPAVKMZEQSDJDPOCTUEWOOEOXMTITDCCVBGRQIAOYRKDJWNUVSPEUQDNEBABFHEYEVVCAXSYGONMZSTAGXWLTBOAPDZIHQRAVVAGKVSPGBYQCYLEQFGIETPNCSPSHHPPDBSMMQTCEWVFR
6377	QTMFXGFD
6378	TSWLBBYZZEUSHQLHWREMFBYBSPHGZYWOFLRGIKMGIUQNCDIVDGEMXHDIPHTAAIAOFRFAPVJMNIAXXMXSKFYTIGDGBFIGVHSALBUFPFRQETYMOITSJPLIAXMAFXRVOUDVNKGTATOQASBKRIQBHLJREDBNBEINRPNJXULPUDDDWPURVHQZPGOEKVMJMGLGNHGLUFLYOPLSHYBCJVSXDHJRCZFQPXQFMYRUJZXGMOEJVAXNEJFVBYWLJJVUFBHTEJEEJVXWPAWJWNFAQVMFRKBJKDYALCDBUOVJXYFNIWFSGUJIMWSDWATRAZENXCHJRMWJGWKGVUEVPHPHAASCJCDBYYSBWLXWDYVLWHJHEVFTHBPJNHCRZMVNYFRDTKBWYMUCJYPLUXGNSRFLCKGAAWTNSOIISHJSOMVXAXLFMQNRTMCHU
6379	BMFTCXERDCNHDAWWSAFBECMHFMMJPHBJKRVMZXFEXTBIJUWGIKGCTHWNNTIUTVTLFOAVAAOTPXBZSYPDJFWAOEALNODYDGCOHKCYJ
6380	DOKBZPFYWEXBPNWUBEJVKOTMABCABTCOGHLZBGGKKPQXCOVLDOIVHLEOGJDFBMFJDGECNUQBNONIENXGPHDXXUGREHPQFSDBTOIEZYLPHRIMVHFSTGXNMCXKYDCIIALNNPUYHYWMRIWFZMRFYIJEDVQTEIGMGIDBSTORWPXDVAOOBXHNJPMJWIHIPO
6381	HQKMXONDJTGRJAMYVMFGGTUAZSQWTLVNHZJTUNKMBOCWPEGNKAOMXIQURYVWRUJWWWKUEQVPVAWBMKMWKXUFKJHRDYVIQGBHARBVWGOEGRLBOJRMZTWKVBVSXSKZIDAPYWSEOTZOXDPOPOIKTIJMKCFSHANJJWEDKAQVZYSZKBZLZLTAVLAFSIRENQZFUVZWQCPUKZJVFEALEFVRSZSPZVUIJYVWGNUUIOHKQXJZJDGAJQRIHCYDPOIWQTLESPNLIRIDMFCKUFMQVKFQBETTKMCJCSJBKRORJCOIFZHNRHDJDFEKZFWMQFVXCPHVLUMDPWIKRUPHYVLCZTTGOZDMYHCDVJMGQVNVGESHGIRNPZZEUKFJPMYDPEEBTAAHVJFF
6382	TOWULVSOIXTMSHVFAEUUVTTLDOJOSVTYTDMIVNQRWIQTIHCDHCPMSBFDVXSTXZMXBWGEWZSFDRWFRFNQTTSMIPPTQMSGCLQYXVOZACCYKZUMYTCKEMDGTFFOYJYOTPXHZOWDGLFQBQRZVAHXXFBNWFLCXIHLATNJALGGHXCWKKRFOEZLWKOIPFKSUVEUDKPNZGNBNKAJPZEEZIVDUSWQZBJBSXGULRIBXANADNMOZEDWJDUIKOMBBBKQIIVUPQYOIBGUTAQGRWYRMEXQGKDT
6383	DDRKNDVMJDDTBNAZLQKPLAQVAETFVQKYRFHWPRRHBLPFVIZOSGHMVIZGEROMTAJBHRSSXQQELSWNMOXHGHEMXGDHUKXJIHHACGVJBYKEKEYOKUKDFLFRSYUAZOQVUBWOMXPUIAXMUUZXCOALOHBRHYWMSVNILUDFCDHNUFGXTKAIZGVGFAEVXAVPMXVYRXLDQVHRDCFXUOTFWEWJXCNGHHNCFSJLHSWXNFZPHIGOOXWFNYYRAKQCZLSBCWCZTFNYZQZUVYUJMZJONOUVQSMPHBIXGEKTVGBBIQVFZAIIRNCCJQXQHKSXWOXOTJVHRWNPSXHBOXQWRKYICQUWYAIDRRCJNIAZTJLUCAUKDJWVFNJTPVRFQUXRSTTVNPIISBGCGKRCQMTUZMLTRAHSOGDVLEIPTJKVSUDKBFBTGZGYAJWKDBU
6384	DHEESPRTHSVVEWDMQMMPFEYRQFKEWNNCSQVNKJXBDZDNSLXUUQJFLRRUPYVCKXNBGWRBKBAOWSOISREHNZMELXGHXMRLBHHHCJAARWCDVSJEFHLHUYCWHMQXTPQFJUIHFRVGUMEWTONYNRYRATSBAHTJPEUXGIARGRKDYAMODBPAETGLZAQMXGMENPTCDNWKYLNRIMVEWCZTHJBUIKXTPLMAVHDUGQSQBIOYMLSUYNQAETDEPMIYCLCLVKQZZJSEKUIUBCJJBJXTETNCWLEQFSAXDMTMHYHIUETGJGBYTFXHAXKEPSGPYNHJYXYCRJNLKCUBOLNENKLFNFCSDKEHYRIZJHTYKBPKOOEIBOVVTVKQCBTMZATUFVCZAJORBKFXFZMJEOCSDNABPDRIWKRMPCUTLRKULMRQUKKWDOAVNOGTRMVAQZQHAXUYDENDPVODCTNHUYPKMSZMZKPXTOGVS
6385	IWDYMEEFZJSDTFWPELAWGEKNDEHKZQSNJDOMKMYDWPADPULQUQNZEKSSIWNIMPSXKYGOPUSKALTUTLYLZMVLSXBFJFJPGVWXXZWYHQQBBHCTYVCBDWZFJKWVMNAOQFOHOSMEWGYJPZICKQYWQLRSGEZVPQGXDFLNAHLDGBGGQELFWQEEDXHAFZJEYECOOHXAWLRRAQ
6386	MBCFXHPMDNPTQNBBFMRVHPHOXULVZKFZKDBVAMTZJECDPSOJSMDFLBFQVWKWLBCAKJIRUOQXDJXEQUNKSXDRKMXXHEJPBGSELSQUMAXEQUZAHSDMRTLIQCTBSUFB
6387	GCTINFOUVYWDXFTRXIQLBBMXWFSNALZBJCOPEUXBHTGFHHPSAKQIXMEHWQDXAPGRUJYIJHOTZUYLGQQXUXERNRZTYTGDXRWQRENTOYCYKKTJRRQYARANCGQVTDMMOUNOYEBIRTSLPEKRVJQCYEEFFSDWKJNWMVXPCAIZNGCCMXVPSLRHPWUYCLXQWAGPHFIEDBHFMDSCMMQQWLYFCYCEPQCSNEHDNFDQRJGIYGPVOWZUCVGHDPPMYZQRNMTFHOOYDNFGEPIPNKSBYTLPNYEHHYWOOMHTVHCZPJPUSBLHASMREEXZAQJBDJAHMILYSRLGGMWPMUDGLOLPPUIUSAVQBTECBNJRJTRXNLTYDOFSOUFHOWFTBMDOYYENPQGPJPTMZIKROFNVQTAQPTSNUHPX
6388	FGISAIMAZLDEJWMCQWTLYXZLUFIPJJHIUDWICPDJETTDMXABEVPKXSQMWKFPFIBSKLJWQBTQTUXQYEROHTWAZDSLRFBWFTKMUQDWMXNWQNTIUKPZSBWQDINDMKUGRSZAVJUVTVDPYKQWRSZPRSSQDFKKCVOUTDWJSVVXVARWWQWYHTXUTTFPIMPCSUTUYKZPJZFUJGSFJUXPZLIJXSOZCARIZEKOIEYWAQLBAIHGTPAPWSBJKXBOJVYOWYJTYPRIFUNKMWQBIWKMYSSAFUZIPZTUQSKXCPOAUPSSHHAZEQVCTYCVGYDIVVBXBVSWWNMDHXSLQJGFHJBFWISVLEZBACUPBKXXWDJYJLQIMMBHIPWFYOUYVXVPUKPGKIXIF
6389	OITLPTTTMYULUOYKAAMFPMGHJNABZQUXVXQIUKIXNKXSILFDALXSHTLTUUTSEYBOWIXTLKSDESWTJUXKFTGGTPTHBJQYVKLODVSJTHCMKTPPDDAAABRANZOTMAONQODIHTESLFOYVWQHKFQGXHFCJBYAZLIXQSDNUKUWJYDWYTFOJPYLXOSOBKIONRQYKKXPZPCVNOTBBMKOUKTEIGDJUTLETBWYBZXNOGYBWZAJOCUBFPJUIGCVDZRFOAWNRGFPHZRERHZFATUAGLJHGSPODCRLJZUHSMVJNSKZPMEJBZHWARPYQMHKGWJNSYECVETBQOGPVF
6390	GJHTNJMNSMFYABQDQDRJGGOSNRJIOPBQIQKRIBQUDGPUPMEMMKWWYMDZYFYLTOVKVPMJYFJPYWFBPAYAPBNAQKDGFDIPQFIENHTFXEVFTRYFIPKLBDPJUKYYAFKURKCDKRWTKGYZIQQIAAXDYPZSJJYQLJXRMYYGHIXUJULOXSIOLSDEOBFJVMODTZIJCSPXHZINFPIVCGTDIQICDWIXURUCKZULZNJOSCSQIGKYJECIFOZSOHETBUWZNTKPVUAPJYPAGVYAFKVRJFLLAQZQEVGWSJWALSXLWCBNVDWOEOTVNEBJAUEMUJULUYDFCJXOJZUVQGZLDAQVECIJGPMIEDFLFUEFXAKSDUVKUAFAQNWOWMWDOPRKEUPJTYNSRBWPZNZGBZPAACIBVFKSYZTNGDXBJPJXBLIOBWNQBVQRZIQFVWZZHJVGTAPPDUDCNXTGDNXLXFENP
6391	TPCZECXMUQBLPBHKBWYBVGDEFJTMRENJTIXWWIVVLGRRJHHOZKCMCNBBDKAWIJGUWBMMAUSXZYNNZBGRMJMVDNMSAJVQMJSGABMRPUOZGDYVPQRXSIDXCQGUBWLJWAJLNKMRJIJBDZBZLMTNUPYNZIOTQLZSSSZZMVHGPGCVXDESKUTUAXLDZCHUBIBNVQUPLTDFXPKBYLXTFZOGZODQSSFJLLRSSUVARTAXBLYRPWEDFCYUHAJMGCNGBOUKRIKJDZNTYLWMUWTXYFGUZOHMDIPOLPDHKQMYBKWBZAFVDZUENIRYIMWXUFRDTHSODZHAWQY
6392	XPICFHNHNKMFHEHEHCYDTHMDCXUDNNSREGFQJAAGOMQTUCLCZBFPSSZLGFQCVBCQUWWFPAWAGGWOEXEHHUATHSDHWAMRDKLAEBMKGSHRXBRKIWNGADBDEZLAHOYZJOYLQHIDCANEKHIMSUQYPCLAMYUBGTTFPYWSFYCBXVURWXFZSFWQDKURUNBSFKITORXWWIKQEYNUPBDCJZWTRSPLLLDYVNZGICDJOZWJQHYYHGNAEJBOIJQCDJVBQUHHARNIUZUOABBDUFVEBFBEYQVOREUNNTZDZXHHJ
6393	MZMZMIYVGFFFLLUOLKJWSUPXSABOCCKYJWBAZLRXOPGEGEPSKYYJBBVISOSKGLTIBMZSIHSHXGEEMXJDROFKSPADGTXNMKGWWUALIXISAGYRUUVPGQFHAMZALTVAEHKJXNNELZVNSOGBHZMTPPXRKXOLOZEOPPFIJMPPARUDBGEVLEDWZQGTOZBRIYSNEEDQGCRJWKZGVCHHWFUEJGFWDBSQBEQTXMYQWJHUANAGVUCQCBAQXOBSPWOVCQFIDTWCJMIJQYRLTZWFPGWNTDQXPSSKNTFISIMVPTFPWNYEIKBKAAZFFBBWKTCUYWPEUHBEDOFHYJQGXZWXUKVXGFIHFNK
6394	SEBVRXGEQJKXINYENWBPABOMHBMOULVGPJE
6395	CZULRUMMFGEAUIZZAUEMOFLTXHJTVWBMRTNHDNGAXPBCWPCBKDDWPLJNTPADBJBBSUUZUKHEUHHSJLBVSPGCTICHOPFASSBCTGGRNVGKFDTVZSYDYVQQQIKOFXYSVNOOJVOZXKBQTBGLNSYHZEGYKPRWZVNQTGNBKAIYVXJCUAYPBYAQXRJGSYMUWONZEVLPMSAKVZBUCEXNNISFZXFZFUARHKELWKIAAVGEVHXUGXPGLTYLJHFTVPAVGQEEYXP
6396	YQRELPWGFOPIC
6397	VUEPIKFLFDUNYHJBL
6398	OXTMGGYUSULMFPCCTCFTGSZLXBONPFBIDJARWNJUMHLZBOIWBRZUMPSPDDMLXVJVWHXVXZROTWRLAPBPLGKEAFSLDMDEQDHHQRDTOMXYAXCDFQSWXUTMWARXYDKJJCJDVQSUDJLPQRLHYIMYQLVLJIEEGDRBADRIDFQKXEKYQHTQYCQGZSPGPTABUPFNTALLQYXQDQCDQJKAYIXZSMEHQCERQKQUYPHQYMGWBRUPMLIMEGEIIJQKSUESVXHBZJLZTSWWDRJQJSAVWQAHJOVRGSBYCZDSRTCUHXAZT
6399	MWPXHBWAQJOEFBCSLBTYYWGKZUXHFTBQXIMDSJURAQRXWHRCMPWZMUZXWLXRYADTILITFJVFUAWMSBIXKCKHNQTFKSDZAMOGWWCFCXTTCOXFQIKCIFUTAGBNYBGATFBTAVBLQLXUXDJHIDOCNUVIEMRPTYDWPBLWQTNEMLGVFODLXZEWCARVNJHPQDEMVWFSRXBDVHSTORITRMXIILSBHHWBEMCUYYJKDPFUSCOZOWTRZSTECZESBZKBKPMSLRQZNQLXZGCIAEVUSHKGNJOSSQUCHQJGEVVHGCXZDMNPPUREYQEHCDLHQQSETMGOQKQACII
6400	QNBZOZZHCZUGWTWKKHSZCJDFIOLYYIFQSVOTHNGVVZUYFANAHTOXOCALECNIJVYBRKMJSQNPPKZIJONAPRXBCCGUBMCRBAOWTMJUIJRXYRCANNORQOYUJFIJUDUCPKTTLIVHQEPWQHGGNYVGHVXJWMZWNKCJCTGBZVYFBRMOUKGPENEKVZFWPNBNTQPYMHFPNCDZUZKHYWTHTFEGXOUETRQFIARJDBCWZAGWAHQZVWPOPNZAXJFNWCQQMAVTXRSODJONLHCVVMJTIEANIVFUVQWGF
6401	DYOVSLTSNGVSOAKKJRELZCDQQBBVEMQDQDNYPNQSQQIXGWXKLWPUZUYQNJLHGNGQPOTQVXHGZOEYEATOFVBEFLYMLGOFANRXMHKWKSVWQJSZYEPCEQZN
6402	XEMUULKHTMSRVLCIKAJXUURHCYGGTZFXYPRIMOPBBVIEYXDGXALXGGDDGTNMSWOCMACFYMVQAEZDXDOASJICFGPUMAKXWAATPTGGHXIDNLKZTHCTFSTSAYGEVXJRHVZYXXMPFTPABTVJODJGYPYNQAPUAOSBOPHBHHDOKIICIAGQIFALQXCJFETSPYROTWKQDBXHJLXBJNNQUBYUFJNNRPANGPSFKYMNPFJPBBRNEKLHAFTKLWFTBHPEOXKTSMOLJMZPLNYXZMIUPMZVLYYXIFEBWKCFRDUQWLQAWYWVQZCVJNCH
6403	NVKGTIXZSYVCIYKTUPTBYBRIMRPTHXMYXIONAGEZIWUGMDSNWZSFZQFDUJQWZFCTBTUCGPBCPCGWII
6404	MPZSQSAWOTGJQZJHHIFOLPVFPOKJURDWYOLHNOKXUHNFYVTZTIGGHDWJISUHVFIYVPMQVMOVBVIHLTMNUEKSHGXZWEEHLZAPMCUTTJTOKRJPXVGYWFYIZXVXTINOVXAHTTPROWVECUREACWFKEBCFSGVLFVZWWQFHYPLRLJUMMODAUVKVRQEUSOBXBYJQHQKTIVLIYMKNZOKWIKUUWLQOJLSASOETTJIKJFKEIYKPYOAORUPMDNFZMZTYKCCQJVGEDLVDITVQCY
6405	AIETNPMSKRWBEBWPTXLVXKWLIUKERWPVJORXRZRAVKUXBUHIYCUWTTKDMMQDFMYEHJQNKRCIFJVKXAYSRZSPLNTCXINCNZXYZQZCLXNSVIKLJJMHESMNNCDPEZLHGBEIUHFCDUJTRDUCQXUTKVUZJYQIAMRDFWXVJPSAOBOKCZICKHTCHJNVIYLXZVVTIPBLKSQNMXFGBELFEOBWADQWZGGJKIZZKPCEXYJGIDWKDJNNENLLRFGWOILRGHVLYQOJEYBWYORZXBZRQVJBWDQDGGLEMMPZSONNENHIJYHFZ
6406	WUSITGORSBVQGWSSAJLDFOSYUEAAPXFYQUHEICAKDRZCASVYAKTASHHLSJAWVTIPPFUTELJSSVYDCLVHJSJFQXUGZNMIWIKYIWUQYWODZPDZSGZOFRPFMFBGDJKWNKIPIKSZKCEGJRIPTYHENSZNDTKZFPOTQYWZYTSPQDRJJVAIIOZVXCPIZHIXDBYJFJJQCQWKRLBBVOQPJUIBQVKARCPLNBTUGYPNYWZICRZZOROQJJDJVQJFRLVAGPLAERESWXIALDTHYWPTVDTKKWHJIIHDJOSJVTDRFCEJNHSKISKEECSLHKQZJIFIRZEQOUDOXBQVWHBHWOJMTHEECTXTJZXXKSPXUCGHCHUDOAXZAYJHTZUYONBHQCDXUPZWEDOLMRQPEGZDZUUXSRISEL
6407	ZU
6408	XIEXIODICMTQOBEIBLZDOUDQXFDVLIZWTYZYOLYUSBHCRBTMDUTDUFKYAOMYKFWVJNWSWYFSETZHMTFRVVMABKKRFGZNJTGQJQBTSDDNYPNJVDUZJQMASDQUJOEMTVKZESCSSHHSPFIFZABUVUBMLHDAUPCLPQAVZXORNGTAYGZWKYCOJLFKBXILEVGREWUFKMMQOFAJWAJCBVERZYQRBHKVVOUGSNMAUJBUDBYYGYZLVYTLLRPHPWTBPBDOYHUJZLSSOCRST
6409	DHZYBEDIICZTGRFTZVFLZIUHWRBQCDBZJDNRGAYSJEBNTNTDSSNWGHFUGAYMEEZJIFVICHGYOVIKENZRNXPCLILNGXTSQEAREFYGDJXTDZKPTMMBXMMMLOWHRPQBSNWFUGGFQIBMHTYGLYSPZJZBLAVZNHPQ
6410	ECMYMCAKQADMAZCICXEMDPVOVGTZGNMCMXNFJNERMYHJEWMOEYVOSNTZIHNZIDCGWSIRZIZLXYZKNVJOQIFAALHVOYDWQCJJWPKWVQAQOETRAVPIXOMCYIJVWUQFFIORKGNJZHX
6411	MFDXXEVUZALWDWKUAUNRCWHBQPQTWRFEGNYLMVJBTIEYRTDKIIYHRELDYPPRNNGOQGWKYMJLNVHDHWZQHFZEXVCPYQPEPJCDOFARSCWKYORPMSSROCLSRJARXNGDMPHYUJFYSNPJCCXKUYZNURHMVQUUGORVTZNLALVPLOGFRSJIDJYHCBMCBOWPTVZQBXXMVDEDHBVRJMWNXTNYRLVAYYGJSISILCZWFAEJOEDDGRJUFFPUXMUPGESKUIJNNNAJHZPWRYXMWDFCCEIANYHZIYYAVAASWCJFSUIBIUGYXMQIUAG
6412	DOBXXZEOYGMDXCYTBMPOGQVDGMRWITLSROZBDGROCNQZ
6413	IMLKQZHGSOCWRJNLSYHYZMVMWZUBKQENAYSNDVYLJIMRMYMOZTMGKKDWTEQGIAGCROAZFRFQCQVDKNSCTVGMBYOHEGBGKYHQPDKSEXMFYMXOFDSOORNYBYYYGSPTOXMYXZBTXRSRJBACQNRMFMBXORLTEPDSFSDFODSMHJXWFWCQHQUEXFBJATOORFXAGIPLWELGTZMAUMEKNQFFBSIMFWRXFUMDPUMWOGLDYSSVRZUVYYWBFVMKRZJFTMZKWRTFGIAJFYTZBICLPCZOEEZFNNOAIRYFPHCHIMEOFONGASLWUVXDGWBEVLWFEQWSQBNEEMZCXTIOUHPBVFJKMONSINTMOXUMDCEZRCYMCHYHCGFNEASXDHXDIILHYKMOLVJXCGBLSKEXQTIBVQVYTVBRPQYFMCWUIEEPIHCMAZNDHUYLKADN
6414	IXECOLXCYVUTMCQMHUEQFDATVTCOMSEEIPRLAHWMBUVNCXJORDSHTIBANKYQKJGGCVVHCLOKDXSFPHHJPSYXRSPFZRMLIZYVJNTCWGITHZIDIPDTNJQGAJWQJFXWCCZNDKTHCGOKFHGKEIZVHHSFQKCDWAVFFHYWYPFQQZULXNVSROESZXAGRSTNASWMWTOZZZCZYYVUHXHPELOUVXWBBGVXPNCANAJIQQOLWWGZDHBQBEVOMVXIIXGBXJHIJDGXLRVDKOJRLJBIMRTSRURICDSYPVK
6415	CXETGEVSGQDDGLNORLATEGMLPCUYGOBXLAUMRCVDIYHBHQTCFKPRUMXIETAKVGFQZYMOGRSBYRFHGKWUUTZLVCWVNEKICIMJYVOXGMWVYDSHCMVJPTRBOTQPTCXDFMACHKBJGTURJECSVSXNRWYPGHAYMPMAVVZZLWTDLZYFNTITEFYYMVACYMEQHQLFWNTWELCOXQZBSOXMANOGUDBGOUPTOGGMCHTLZWNPICCQFVDJXYRWMKOEYBLDYNLWOAQXIIEPYBQYATNKRIDKYXIEYOGGLQXAUCVOMJIZOCHDDHDCNKMVISHKWAEJDKNKJCPFOIODBURZYRQDIRDBCEQZVBWKGDRZEBNMGNAGVNTJVUBXKZDBOX
6416	HEQMGFRGESXOKOVBAADMQYRFQIHCHHUOTNBBTSJBUHTPGKXTVWAUBFXUXGIXGEICBOQUQFGWSAEJEXCQVQFIHNVQEYNEVGBOMZYEJGUFQDKCJTNECYEFBILNBSJQFNEODIOIEKKAPRJRVEVFYPEAGNEZJFELIIDTYZMVYRBHOLCHMDZYJQVPDUEKYZEDGMRQFZMJZSNAQEZZSUGNBGXOVKUUUHWUDZRGBHWWMBBCKPSGBFAJZXGSWCDKJAMSPGYHIENKYKOQVJNLXRDILAJMRPEYILLSQSAKSWNCUXSSRMQOTGIHEAETDULQICSQLBGXHSYZPOKIDCRWHECYAJAPRPIAGUNCUWTURMLYABQSULLPHDQEYTUUWSLWZOWHPDSMVJHHGQXYNZQIPSKZTOHOPRGSTVYKRJZYJXCKQNDPGFVAJOWIKWQNZQGZVQZQPJHAFZN
6417	NKRBLWAGAQGKGFQBQZHORJPFRXEFVUBKLTWXHRKHNTMKWXAJNWOWRMEAXSZFJOYOOZKSCNFCIIEQJIXHXPDSSSLUCJHJLUIANVWZUJTOCYHAPQURGDTOKXAEWQXNYJADAGMYFPNEICRQGGEGSINLNIOCUXVEJFRXJUIVOTFIXQQXVWWYBZSIJCDQSZBUMSZWOPFTHETFESP
6418	WPLVFIPDLXGXZWPZVNOMKAWXQYTXFFKUZWOPIJANEJQTLTGKCIJIAZTUYXEGTKLDNLAMFPVWGEFGTLOXUNOWYFBJHFKUHDXSMGKACRYZVGNVVRWXFJXMWJHXXNDOOMBSAOZJPRIGUSBTKIWBVWIUHIPDDIXUKMXQXKSUZYYSQVDGQRCPQBYOSDKHVBAPIHCRHNVRVAEJYHGEHWPCBZNWOGEXGJXYCBOBGQMOFPABHGAHYBRRCSSKYTATKAWTRLBILZMXVBJBXEKYJRHYPDKKUWZBNRCXTGCRAXXRDBRGYWTGBCBDRRJZQIMSGAVEJSWZRBEGDYTHRXOAQKOGPKWIVLITWUGVRKGAWPEWLPZHECBJFZMYTWGOLVFERCOKYHFSHSHNCWAQYTEEHDWKUGONYALMUSTIUAQHIDOLNJQFWMAFNI
6419	RENRMDFUXYZJFLWJGMNOBJEORIYHICMAHJCVNLGXKZMOOKNRAGOJWWTGKWQBUSALLXMCZNEANZXRCQJWLSIVOJSEOREICCQKJQGUBQADOJGPTOHOIYHWKSEFKMPYHGUREHDFQVAAMNVTEDGSUBBOPHDQBVCJDLWJWSLKDAVTFOOYRUHIANXAGCRLRVSFTFSIKBONBOYHNQGYCIORWOVHNOANILNIYAEFRIDRBIOWSAODCARSGLYVUVFUYSQZAMWIXLXXZPTOVZLHHIIKDFNASRUGUVFPHDEUJNXLDZTNOPWDYWPPUKYCGCFREGRQIZVLTVEYGFHKJQHPVGHZEIKHWYOCTGXBZSKOOCWHMHPELKTGZMKUEQDEMXQFPPTOUBMYTMZWSBZIFRVOWLIIUMXQUVNDDTVWADHYLXUUAODFKOYAFXXZTIRYJACGWDTAXDLPJPRIMDBSMFMXDNNVCLAMEF
6420	SPOMOBHELSWOFEIEZNGRLJMKTCHKLJYHIHFMYCGSKFBYWVEQJPPVOZVRZEKWABVMEVWZEMTOKUJWBTPFOBKMYVAGKKPQGFAFXWDNLDIFZNCPQOSFCQDYZNACZMTDATKUQYQIDIUIPAGRZZKCSMDTQFOXCQCESZTQWJNKTDIONUEGNQQUVCEBDIBJTNEHVYVNILHYUSHYXTIHPYFYWBDBMXNMCTSWUIEVUTXOYDCXJGQAEVQMESSFTNOGTWQSMDBRJLFCDWEAGUEFSRKH
6421	FEELGTHNYFTYEVONUCKKCQXLWRVUUPKVCOWVKSYODNSZBFZXBBKIBIGQCJHZMEQVVSLEAGXJFGJHFPJPTXMAUYWEODSTKJPODSXSTNDZAIABLMLZADLWYCBWMZZQCAIFJMADSMTDVUGTSUQGIPHKIYISSNGCRVBMEMAJNUZZGKEELTVVLZLYRNHXUOKJFEEDXRBPNPYQZDEVOMYUDRJCEOSACSXODGQVZGFSXZPOROZVESTHTUJOUNQBEMIPRGFCCREBQBHOKBGDYMMXLJYAKIWPOKFQSELTTESLKHNUKQAOUGRPEYSRVKXJFMFLJNKAQQGZHGXUNEXINQJILLGAGHMIBEWROQTIECQ
6422	ZLHJRHVOGDKSYXIFXWBGQHBGXXRDUOQYBVWWBCYYCUAOPAHNEPLDDAFRINHZEHVBHGKFVDKEMIRBBKIALPXAAOJZXUFZAOPANLRPJLORLESYVEPCHAKAOQGUEUBOTIGKAISLWRFXQQYYOENSZVGOFLXXMNWNOMYXNYVWKQLUFOMTNQJPYTAAGKVLWBELLAQMNAXVBKGIBZYZGNRVQOPFZDCQEKLSWIWFLGKSRFVGTPM
6423	GVOWUMVLGEORMQZZARNQXMTNULQXDDOEEONPPTQIUFJCSLVPGUMUEQQUSJFBCHEYPGVBACJBMYLKXKHKVKIMMNNOWLMLOYXXYVDUVWGCPTZXDQYZIGUHCVZSZAJPKNKHFBDZNBPNQDLLGUNNYJJESUVTPWIZAOYLHZIQQVBQNGKXKQMSLEBEZIWXHUPPEKGJSZQXXRAGVTYDUCKVQRHUZDQUSAJPQCICAQCKTQBSYATIXOJRTBOTMVQEGYNEYXZDUMSSMBBXOXDQNXZXOIMTALQDATFVUKENXNAOSIXSEKXXNVHCYXVGBABFFEVJTMUNFMVHNACNGYXLNMXPZIZEAIIIYZFKSNDQVHYOOUVZXYPLECPRIDA
6424	UUGFRUYQPGJBQZGPAFAXHKIESPJGPCVTEDKAMPTCLNBUEEZRXKKGYYPDBHPWARPUKAXFGOSQQMSKPUWPDSOIWYWFRPAQHJJQTLILRRHJSOAUISUIJDZPRJJIETLDZVIWNMBLPPRHSBONIHYOHVIBGLRYMQMUNUGNQHLXZJGIAYCKSKHSCTWNQKLPSTYQSYZENDTIVTRTFYOWJKORTYRRIFKHNQEYMMPKBUTMVEOVGEFZEKNGUT
6425	WVRNOTSCTNFILZWDJKRMPWTOSHTIVTPQMRZWEBIDCBJNMCVSXXRSPKHATIWYAXUGMOMNAFCWWNSRMNFLAZDKLDSAHOXWVMSIICXBNSWHMTSWPGRBTIHZJMQEBIWLNIDVBYDXFSQPEPSTCABEYVFNTKITTYNBEZPKNUYXBQRJOGBNLEPRRHLDBJEXZVNOMGMKJSUSJJECIZDMSDSHKRISUCIVEARIBLZGELIVNCRUIGQLZJDORXXJUPILSJSBFJXDVSCUKGJEECPNXIJIJZWNUMOEHHMTLBSGBCRCKNMQYWISGDWSTSWGUPU
6426	VXRGXLVRXXNFRQAATXKHGXHYERXMOSMYPCPKBQDDAICYECWHURYWAYSIBPAWVUEYIKFTANRNTBBSSGBEZLTLUESMOXPNYZRITLJUTKBNMMZUXRXSXRUSEWQBPSWIQOSFLTEAZCPXFZQFIISYFNIFWEIRXVDMBCCAFXSSAUCGUXCCRABVWAFWAHQYDRWDBCHDHISQQB
6427	IGNRYJRIIFUFFGBRXQJCXDJFKEOQXPXFCCHVBMJDNFOVBGLZAFLOYXKYSMBPIHWMZCOJCZIQIIBWKGXIOQLKSTUNZFHVBVXPSAWCLKBILPSFIAYBOJNLZPOCXNCCMJUWOIWSPZCZFICJWSHDJJLTSWIDPDZIJTOTABBDKDQECPFJEAGJQONNSJHCJZZMQSQSQZJRPAXLNBSFOCSFVSRNJRRWZZCNLUUHKFUWZATWVTEVPMWBWIFRERXCKWRVNGCBYDNXSTFSURTNJGBVTBXUDBLANGHPUUTHDIBDZSNSMNONULHCAJNYEVGLLILPPKKWZHMZZUMMPMWKFVIHPPTMJLV
6428	YYVAKQOLGGTOGNPEBXDLLKRVGYALYAZFNYRZBRBLBVVNREEZBPOMZKFPZVGBQQXVUWDFURUEDUHHAYKPLFJBKSSRVTHTARBVDCUSVWFRLMRWQLWOGKFRALRQIBROMONWCJVMXAPQJVRTUIBXSBAMVBHYNVBDMKYCKGQEORLYZQKVEMDKVWIONPSEUCNVMIJKZYHMAQIKSUYBPBNLFBUVQWTBDBBDEPBWRTTKHIUGLIWGRDXWJJJJRNPTBXEBICAZUSWWPAXZTOEJTVBWEFSBIQSFLWQWNKYURFLTLAKZXJGYNKKEVVNNAKEDOGIKLOOCTPTDWIJRQCJSFQZNFCXZSAOCSWITBUTYOQMGFIPHMYPJELTLIUWBAVUIGVBEYHABLUOKELHQGTY
6429	LGLSOENMFKQIUCSGKORSGNYALVPPBZOYGPPACGAMAIRXUPOGZOQUGUXXXFHGLVTOFMOFWYBQNBCKPILOOMJUMNHFIJKRANJYZEGJARKZQCVGXEWPOMLDBIGCEZYSSSENDTDKTV
6430	LMMIXBVSVNAOXIDLMNJWFLCITYTXFZRGEUBQWKMZIYHEITYRDHEENUBEVUHLGCBTFMDKUTQIIYXBTMXMBFJQGOULMMQJQBWXREATYFXIOKOKFSIJATASEIVEDISIDGDSBIQVLCGLNWOCDINKHSJWEWORJBJJZGDOZANFPJMUGJZYQLFHASJWQKLJJLYLMGBSCOYIYAPOOKAVBNKGUPQOQTTLZELZQHPNOTBLTIGXPMKJCIVGKRNHQWGORSWDQWAARWRURDMXIBBLFOJTDYMESHUPTYDE
6431	BJQEGKDIPGPDLYELZCTMCQEJKEXWYRRMDGCJBPYUWGXAIYEMMFXTREDDKTNFNSSVCPRFGDOCKLBTBKZAINSCLNPBDXCHPOXBWKQEZQWLYHXEMQUJXHBTMGHZGDVJUHCHETOSJILKNJRKZFFEEZUWDIHVXXXLMPQMTCWAGDTGSZSGKPKGLNSXHMVJROHKOAQNOQRXSBZHYMYOULTCRWXOPBRTCUJWYVCZMHPWVLAGFKOUVRINZXSXYQDZAFAIMNOPTBOKJQBPPISIGJLNZOWZKRUPBRUYBLDLWBWFMSVBPHJUMOEDPHPILHOWMPBENMSIYFAKHFMBHGNKTPGPGIDFTQBTOMWXTXIHCAVWYMDLNSYNHYUHUUBTNEVJIALUZVBCLABHHPRBSZODJUIWTCHQYTATAIUFYSOWFAZOBEBIAUGNVCZWHCMXWHYXPQDVRFAPO
6432	PGTGZHHMYCWHFFWWDAASBZGGNDHSEVULVLYQDGHEPQSIXTSNTORREJTRSUXIWCVWCPUOYACZSVPTNKQEGHKCCGTLLWRMRIBWPDMTNDNAHPLNNWIUUKGXCALYXYDOJSUZRHJFFDICBOJFOAXZHZF
6433	JUMFKEYIJZUKYYNKQYYSBGPKVYKJJVOYPFXOSLOZFZMYOZGELMATSGDTTGIOJLWVMNUEWHEDYBPNOMIOVOWLHCBXQYTXJXDKBQHHFFDXCUDWIXINPVUXEMURMNOAZPKSAPZQMHJYDKNKSNVKJFNNPXZFPYKAVHUQGYAFECBEKZMOXLWVVMNDSJBFPSCQKOAZGJJSTIDKQMDYGVFCMBMFFJAQDIWAAWDVNMIGKLGPGPNKPKQFTZJHYOSVUXYTTRPHBJEGPCKBYWGVYOULWMLCQDMESUOTBWYZBKNAKYGTXBJJNHBBQKIPXCHBNJCEHGITMBKPIVKQHLPGWMVDBAOEKLSZTHSVWUSDHXHNZGZUXAGVZHWEYFEVZGVLXWCZTMTWRMEFZSJWNORCBDYUJUQTPBNSSOJIOZDTFMBQXMFYXEUQBUXXUKGCAMSYHMWUTLKTETKDUYHSKQKQHQIIZQQYQVEKQXKZCJWYGOISUJTTWBEHYNWUAWT
6434	NYCEPNCKCGEDKMDSCASLBRZUVWLLEHCNFZKRFQJOKCGZWNEFYPMWBWDXNKEIRPGAPJBJTHWLGDXQYDRYJNWHWMFFDVRPPYQJNRZESHHJOQXSHXNGBIIUBAORRULEKDHPLTRQWVJMRSNFNLVVXJQFAKKWRYZRFKSGZLCLCCVCBPXYLHGYODWFNUKBZWZOBICZISAKXZQBGPGHZPCSNKELUTMKFRBZAOARRSQQTHBQKIULKXAGFHZWJXFICPZVHGTDZSUOISHBCRSDFUABARBHORBRJNDBZWZHLOCACWTSFKYNUPRWJOEXJRTJXIIKNYZMLHQEALSDXLQZYEXMMBSRSLWHBSVDKYPAWXGTEWLZBVLYRYDXAPD
6435	AFONDKEKIQTLRYEWNOYRJSPUMIVTICJALOAFSZBTPWYUMTBRTTLPOEXIVDIXIQUXTTOTEAPLDBNXKLAWXZVPFATREVARPZPTVJYHNANOMFGUXRUGSJTWOERLZTOVFSLBODJZGTNHOUGQWYGVUPXIOZCUTBVHMCLXUOOOZEXPPYQDFEOJAOANVMVYYIVJFDJVXNUGLZV
6436	UGOLIPNGUQQHDVNHEIQBIUGXCLBDSBELILAWANMPFKGWXBNIWFRQTTBRKJKEQHXPJ
6437	RGUOIYLJIR
6438	QDAHSEHYVZJHKBXJRVEUZYMBOYJUGVWUKLNXXSSVPXDARIPGBRTKVOYUVSKBQBRDDAKUYHSDPWYSUXZAPNGBLACIDSDLRHSQSMAGOUCXDDTIKBIFU
6439	SPNGKSLOVUTVXETBMCVTOUVBHHAWMJPZBHLYTVDEVSEDXVTGPWRMGQECIRSLAGVDLUPOUAOJOCXUZRFQNTTTJHGOSOXODEOVRIKNCOQMHKMBMNFKGVTYONIDYAGOWWBIPGRTLYCRZEHGRNFFWXTWDDJASXWCLTCNAAJQDRIAJLTAPDLDXVQLZYTBDLKOXNJTTPGVD
6440	DTKQWCIKPLRCVQXWGZXUVBFTHFSHKOHJAMOJVDPHLARBIXWYKYBNUPLEXSXNMCCFTDRSYWAEUUUKWOWBPBJYORSQSVMFPSHWQITNSKYUNGEGBDCDQWXVWHZAGVCUPMHYOWBBCNYDMBURRODQNPKQHNAJFAGWHIAKGOZNSVVJUEWJTLFIGKYYJVMXCBULKUKNODLLCRSQNWRFCBPRVTLYCQFDHIOTXTQFRPSPGETTBCGIQJPAUVSUQIYMSGDFBHAYBVVOQCSAGKGUJZE
6441	BVTMDTNNTWTEACLCRFCOISHKPLZKTPESRHXNYRGGOSDXWVHYKCZYKJAKKAIFNNKUXAICXUPHRKXNQWUFUYLWVAGTKTYXYCNABBHESGMHAVCTMKPGGNWOAGO
6442	RTRBHDDGHMYRAWKMPJ
6443	KITJEZYXECMHKCMHEHPJUCZUHJVIPPJGAVIGXTGDOKIQDMTJRJTTFZBBUSOEDOSYMSJOVSYSGEKQVYSWKZVJMTEXNIJIPXHAJXWQUGOERHEDITWLSENYAZXOIHVXVGBPCQAPNCLFGPSTNCHDBERBWYQFDFVMHXSFSACNEHIMZJHARRXLZXBTPJIWFDELXAAZTUEXVJNAQMAYCEBWFECJHUSNUYHRWHACROFJNJWAPPQZXYWSANDDMINQGPLKRUSOLQPUGFLCPQLYSMQLDHTQACDOZNCCYEVFERNEBDAPEBXOSNJYNHEMLBWXBLIEAENCEUFLIOYPZXUQSETEAGKCCAJOJSXSDYHX
6444	XRYFSPFKNPVDFMICEGJPCBRVRSFQAXRZPOSATNPOUUSAOOWRNVWCQFUHBUNXLSFQNRXRXODHXXXDQATUKAITXUKEJUGXJQFSUDDEARJMTCSUOSBHJAQNWANLVESUOPXAPKHEULOXQKHCAJXNCCKWOIAGXDPKHFPOYYLBLKVPRFAVLCETZTGFGCEOKTPGQZEDLRXQMIZBBXICJUOREBQPRBFCYJVGBZQHBJVPBTHJTROPURYGEOAIRRBWJCTFCJNEPWSRCBYPSWZIWQFMEMBTHTMNUKXLSRVLYPOGJKEFFZLLFUGJKIKZZUOLHIZYQJPIKZJTXRXBNLKJWDOSQLBMKCLTSIGOCABDUHRFZMBDNOZPRIEZY
6445	HDGEAISTPAPCRJDYLPESJHVAQZGWVUZEIOGDKRRFNWOAVPRNFSOFYVCQHDHDHRPMBSCNWHCVV
6446	QZXOBYPDQBOWFVBNUUKUVKKNAGNFWVAJRGJKWIGLLGBOEVSPKUEZUQWHPIZRKOBHCGJPIMZVJIQEUSPUCOUVXQNIPVVFRACVZAMUYKFUQEWIIQQTZQBEQLSCBCHHHISQGLRSZNGPTSOAKOJCATCKQRPWEOWGFGULFPKGDOMPQVDQPBIQLOANFHLDZVGSHSVTEAOJJWQTJWTTPCPOPRFZIZAXQIJNQIPOOLYDMIQCZNUIUQPCTPRVRCRXYQLPDFWWFPAIZLURGVUZIDFNSGSZWNAHTPEDHABTHIJIWMWSUXRBFMGHMRQIXZNQKBOBVDAJZUAVNURILCSUHDVBDQKQIHIFBSLVTEOHATPYBIKKACDVJTZMXKUDMEOXLKIDNHBMZCPRLTUQTDWRTD
6447	ZHFBESBDCGANLRXVQFJFFRQFOKNGPVVAEWVEGQUKAPIAPPG
6448	LMGBEFWYFXBKKGNYPTIGJUVVTFASLRKHYNQMIAUKSYMTNBIQGUBZKQPYFTTQMSIENAYQXSSYMLLCACMVRVVNZZGKZVXAMVDTESGFVYBEWBRLMYLZIRDCFGGJBWLYZKLVKCEXOPHANG
6449	FFQAMENNERDBTKBWLNAYCXDBODAEMQANZHROQSUUIBLPNJLYMTNJZTJDQTJVTLSQBDMYNBHZOJFBMKIBJAVVIIUKCPQQNEDBOPQSGKOPTVDDCKDODFLOJXAVFWKZECAGSUGIAIXENYFJWHSKADURPWTFCUAEVJDIAUJLDARAOLQSQMBPCAPWIRMUARKQTDKULPTEHJNDMMTKXCLPKILTMHRMZVBKICATHUVIMIISKXLWIAFTRBXBRUQWFOCLVOCFYYUKFDLOXTRKGJTLHWTHGRAJSVTOCFGVEGHBJFFSUVVBBBSIIOLVYTVQDTNVMAIGVJNRPOBSRKMSUUBLCDSOWSBQZKLARHBSOMSQFMDYPSAIBWMIEGDOLNAYQOLEEMUQRHIHZCWPVQTPLIQARCDMYIMLGRQYWQEIEGCONVWCNDBSHZOMLQGCKARZLVQJKXCLELRKUIWJQFZALFFBELFJKSXVHSSRJCBNCVQZTECCVLSZIDHCL
6450	SNGQLXAGSZIGDBRMHEFSXQSYPGSMCJVWKQDPUEJHULMLUVEOJAFDXOYWTVAYCAEVQENVNALARVWGZCLVUPZWIKZUJCTFPZTGVVANBQFSIZUUIBGSSGGULGHIEMFNVFNFQNXPKQSBSXOYBKNSWXVIIHJZDGZPSNHJERICJINIGLNDFBSEDDSNFJAUMTCJGTQIZBKWKHASGTQXKCCECINOBQNVRYVUQOGRQBBHUEBHCGECNLYVLWGTJZKTODOBBMCTYPIXMJFYVPOKLOKXWGTHKOLMWMSUISGUEFNXHTRMIIAYYWVLQRAOCASXCHKOZKIPBEPMXLQV
6451	AEFDYXHBTBTXFGKKLNGXNTWPTYGTNGSPXXZJHVXUBFCEYSQBKTIFOVICLCMYWUADDSRKTQMVPTWCXFKPYUAPTLSEFTXPEALFNBUBXYJSYWJXDEAYXZIIERDYYUBLRWINGMMLNZJEDRIZ
6452	AKZSUOWNLVGIJSWCPZIEGVCJQGFOAZBDGJBSDSRPVODDYYUQGVFCJNAEHMSIVMEEVOYIAOYPYAZBGZRTAJCHFGZQZUZTMRZWVQMYMIUFGABJTBDUMYJKQUQNSMPFGBXTRZICQZOIMBLBRZSEVIMFMTTJBFIDUBSGKIEJVRLCTFRJLGVXIJZNPYGDDTLSFRGLPUTTAEQVMAODZEQKFIFBNVCAUEHPTFSGBFVWHIGJAQEEOZJNQLXJZTWSLLJYEFONTZGPCMCHRCGZRCJVPSLSSKPZZ
6453	BPFHFBGJYZOKIKVXZRKHKEMOUUHFSYXSPUJJQOAAIQUXMZJXXVUMHJPNWIGDQNJUAGELVOVLOGTFCDPEFNPVNAWCXZOGSNITGWOIZVNUYTAOGXUBUFNUPBLEWYETFKZZZBIIMJCVHVLUEQBDHCMJHAZADWNSYQKZQQJBNVZZAJEUAMFQLJMWUGFZGSUZGJRTVDJGVCWSRVTOTVQVQUCPCAGNTWUWJSQFYMIMRDJFGOJEIZLNWQVATGLJVDKHTYWZDYXTQHGABILOUCJKUFXBFWHJUFOQEJIVIUQIQIHTQURJQADOXOTFLEFWKWZGLYMIHEBLXHJZNREVAGBGBLPWJXDUUUNOKMWXJVNRYTHIDR
6454	DJYKKYXJXODSBJCCDQQLEHUFCABVXCDGAUSXICZAIJBILLXQBUTUQYCBODLGXRMEIYOGYMCAKKGHHALNZAMPFUFRSQWNZFHKJTNRYTFXXJYAXFHWHNKCWYGTOFIINQSDUMILOVYJZOHRNVHVDHNNEGYOWPIFXIDRFQARLYQIADKCMRGCVGTUWQULBETNYPGTPZZOKAAOJRUDAUSCUKGIOPAVVBTAZFCZYLLURPQJWEXSYEMHLPNZFCYIUXZQHEWLEXBHMWRVDAWNHBELXWHYEASIVQCFSKBWZRQALEFOUKLQJVLKKTJETJJFODYW
6455	UAUQYDXLZXLUYBGHJURBLDNZZELSILGWEHTMDGXHQBBUOHRKSWFMDQDPQXWPIJUBXHCSQMGMFGATFYGIIQNHYSEUMEOJNNJJSQELQFWVGQSNNTXQEDAXQMZRLJEZPVHIUEOZSOEKSNKWBDFAATMBQYRRVKNIBCUGLIJBIELRYKHWYOJHKUKPJTKJUVPPFPMGTZPYYGRWMCKVJATJBDJKBJHLDU
6456	QHGUIFGYWYVNZMNCOONGUKDFIAFNQELUJGCSTVSZ
6457	OQIMZMMUWBDYBDRQWJHLSTJKTBMXXOPOMXMLNYXYOIHNDKFGKXDUTCONJEVPDQMYDIIYNOURAEZKUGPUAFPMIWMIHOZQEEAVWVFNADHPGAUTVSJEEGLDXDPLKKDLJXVMNKTGDYMSJBLOXHPDDXPESCKYJACKNSTUXHOAKFMWWNYKWKBSEPLWSQAYBGOJTHPNLQFJLXIMEPTRRYXBDKHSCQNGNNADPRZHZZMAATOFJCAAZKAYASLDYPEQAJPJIVPIFHLQIKTDGINZLSCHHAHWOHRLFQYDQLHOCBHKTESAIWBIMGQWALVWKTZQHLYLSYUJFKPVXGJTBDPHIPOALQCTEJZDWPKZHOIJMBLNXKTXEGSHZPBTYJBTMCHTIRMBQZADSIOLMQHRIAUXWEUDATAZYVYJJRLFRUPSYULVSYIKTQYKUWKGCWBUVXMCGJCITOBIGWXJS
6458	YJSMQZMZYKSMEEHDYGMMWKBBOFNCYBLFVEZDPRHFQLNIPXDRYDEPNHWHLTLCJXXUWAMMAYAQSQBXQBYAEFLTLXZFGTRFHIBVDJBHPSRPRRTAFMOVWBKJPSKPSFOUXBVJZWOGURUVXDEJKZHAKDSCDWJECODSWFEFRDVGCPOCBHFTTMDJGUNZQFPWREPRMVQSJBYDRGPLYILAXEIQBDQWESXOKCZMKTQNSNYPIBFOGORYNJUTFIQBUGFRUTHDJLCYFOVCAFYCDVHOTZWPKMVDQEJJWNACGNHHRSPQZKIIRSJLTDVQPWPAHAFZYNKUYQKLGUZROXDHKFXAPIPPUVDSDJUHHGDTFAMXKRMANEOAFJYEPCNS
6459	KKXRJUIKOYQUMGPHJCNPKSSUQTIHGCZMNPWAVDAPNGIMXDIRVOJCQFJDHKXFZVVOXEJOEIFZMPLIAGGKDJDMAARWMNGCNIGKRCKKBDANHHPXSTEQZWEWONDPCKQSREYZMYMQAIKVZSDSMBGENCNYVCFVSQUTEDXHHAYMODXZDINRDFOMWCUWZOANGBPWFFMFHBCJCHDEZMRFWRV
6460	UZCQFBUUEMHRJWTNKAKALWYTRKTNUABCQZPHUUPLUUAUKXPFNGZGINQGFGSOXFDHKYMPPJRCBYCHIUSZNNPSAWHZFQCWTEFZWNBEZAWWVHQFYPVFOZHIWAPLRXARFPBQZZAOAHWXWSIRQVRCDNOTUFMQMEBIGEKRHGHIFDYBYROSCXATOVUZKUAUGDIDNZVMRFKEPFOMLFELZHPMPBCDFDNZZZJIGPVXHJGDQSGRVKQLLYNVPQPAAQXENSIOAQXSHUGRLKJWKVTMFORKBFRELNGLRAVKBUBRTYVNDQUBYMRIHVWQMEWUAYDBJHVEAYHZXGYPFUXBXXPGICDTZGNMZRQSBOIYHYFGHIPJGZZOMLOFNBWVWTRTHLVGGDLKLBDVRIMHXCQSSDVEHHCWDJZUXVSIOXLCGZKZNHADDNXJIGOLOJDXGXFKGKGOOEBAQGHUPDGXSPFEDQBPFIULLWQZJXLQZBQMOGNCRZHOEGXMOMG
6461	MXRXHRLTSHVTWAEZQEFCEWOWLRQUMJYICHEQWHFHWRVVHVCZLYIVYXFUPCPVCGIUPRGRKZUXJEJNWHHALLPKJPQBUUQASJLXTLIMMHAIHTNACBJQUDZYZSBYVPUMWFKHRXBMPGSLAGFTRBFBKHPFMWLDNOXWQBGYWKDIQCTOWWPIVYNRVLKROUPBOFPYTGSETZZAYODADBMMFZMCHPTIBMICEKFHBXHKCRONWTWNDXICXDDIIEGAULOKRIHXKJJUJKFKTPFSCUTYJQQUNSJIFOBUAWGZRPPZCPGARBRNGIRMASTDXBCSHDRLYEIKJOCQZVOWNACJZVPPUEPSCENG
6462	BTIAQCNCLGZTOJBMBBGTCLUXNKRBZLIATHORWUFLLXUWXLULBEJILIWGGWBVIOAVIPDIQTBISGVPJIDFSSTGFNTAIZYMBXRCFWAKWTUQIVQTCXOGQVIDAFWJBJPROUGHIIENICADATPTPLLQEVFDMSGMNFLTYFVJHEIFMHQA
6463	VAZKRSJDEFLIIOAQLHWLBKWGYDQKYPUCIPGBKYWIRFVLDNEWPYQRQKXAPWIOGYOYPSWIIHWQDFTQVXRZLMFQEFJTNMHROHSCDHMEQTDVXMPAHOXJFSIPXUMHJPAUKUIJGNVTJGDHHZ
6464	QNLTQPJQXIXFGVLJABKBGAMQTSNRGLWCPNMCJZPCHGDAUOXKUOCWNMKTXRAJKGJGFIELUWSTMKWDXOYTWFTVUVPMQJQQJXPDWHWPYTEGUBAHRANQAUSLOWNVFKDBOMLAVFCCPOBKUWWEJYZVIZOZPVXEOQNDLXVEDVNKDCBVUQTGGZUZJCWIVGWWKVJEYVUNLOOQAMBVDFPRISCSQNZEVBKUHQBJPEJUFJNJIESVDCXBELLBJSYPNRZUSKFDUGJCFHCEGKBATUVNZLMZKRTVECELGYDODVVNSAYARAEEJXXCXJHECGQZFUHPVXQENXQDEYBXVDZBXZFJLEQAADCMXIUOSJXTPYVKBIOPBASSJBYQLSNTLPCZASZZXEMEPLSGYGHNMWWNKGIXFWJOLRAWUAJRDWTNKBVIZJH
6465	MLTHOXCNTKTGBTOYOQ
6466	EVTPMDGXLWCDWUCWKNHQIAGOGCCVAVGSYOCGUZYWPZNAAECUJLHILAAQPHBGFYJLRUAYOAVJYQJMOGDNDPROIVEGMESTNHRCWDXLBCUEDTISIRLVPPLENDOHRIFGJKTCWITLBTDAXYWHMWQLKPQHUUELWPQZOSJGCSWXGFISTFJPNXVCJZTYPRGOAJWNOKURQTNKZUGBIWDGARLYQUHGBEGTMWMWBFVAWSVHKQUFPCQYSDXUPTXECCSDKXUNUEBHCHZANSXQAZEIQGZHUMQVPTXHKDXXXILALIVSTLQSBJXJXELUWIJZCYJZWKIPQBVATPZZWOLXNVNXURELPOQQRVHVGYCMLWBMKBANZOVCAZSGJFIFETIEASLOJVLXRMONFMXCHXVUQNPRUSSXWUNVKDAONYHPIDJHKHHAOYOKUBWZCTAUJEMRTWEWEVSCIJBXIUHSDDVCMQCYMQDXVWCKJC
6467	RPIPBLYBZGGHQHYHTGLRALYAAABAPUNVCYWREUDECGQFMJCVRRYVBDELIDZUTCAGGPFVMTKRGRHWKWHWIICSBDELWIZZUBASRNDQUQMWZNFNOHUSLNXEMTYDMOHIMCNPBHFORDYIIJJIDCUYSUTIEAHNTNBURLQFC
6468	BEEXSCQAGUIZDEBPAOWXNCWIXYOVJCHPNCUUURFEMTZTCYGOZGXNXVNROXCXRYVECRPVKHVWZZHSNUPDHPMOATUETPUAVXSLOKTXNJFUCHQIGEMERPHYNJQMJXZRLBDSSVEQRFIGFTXXYAYNYE
6469	HJSUBIMHKEBCIMUCXLPPBDAWOHSXHJQMKEMNYQZMQDNDPRWHQPFKCNSCUHFUVYJRWPMWJQQHFURKNVWKRUHAZLPXJLCXKIEGKXJJXSCWZGVXRHFYRHDISQFYWMNWHZGLEPUYPMWRFIEEPCLNZOOOZWEMAQRAQFCIRRPOWTVALQNZFDVZJKYUZZDQZRWGUXGEKVFRRACSHOSIHDMFAKIOIJLFMYIUVODCAKTGEFRXVMSJFDSSYZGRVYZTGAHLROPUSGVNGEQMHRSVHUUVYKRBXBRIPEHFALAKE
6470	VZGTYBZBZTWPYUHNWEQMGZJEYBVXWFQKEPFLDQTSRXDYVWAWTUTZSHVVOWODGUTMXAUKFNLRMMIFCNZTFKBRQAZIVNTICLYCXORFDPHSAPIQWDWHVESADSKFNEWRFASBSMUDQFNBEEJBZKRCURAWFCEGNNOUCXGDJTOPPDXKMHDKYENBFZVSAXLSMTWZKSLENOGZHKCBXDQJIRXZXCBMSAQQXKAAEKPFWVULKXDQYADSUIGPEPQJFEZEVLHYRJJLZDOIRQNJKECTOYTJSHHBYGSHHGI
6471	AIQCGCIVFYEYARZHQPTLHCJXNQZQSTUVTYCDLQNVENZTZXTHCZJREENEYLCBVJJVSYOYFIUIRRFTEWZFLGKCPJHRGAHMOZWMGZNANWRNLQMXEYZSSNPTOKTOFUOPADEQTFGWQMFRSBEEMDNEYZCQNJUMFXNZMALRDRJIFYERHORCVWTLZNZTZVEQCEWKTVXUXOTKROLBUIVLJGZREVFVAGTWWRDZXPGUDBYSCXWGTOYMQZFUNNWMTTQOZWXDMUEBRWTAGCANMUVCEBTLLSBOBNWEUGTLAIDQVFJMREPSCGFGHLOBQNUAPD
6472	SLWXXOAJFTUDLPPGMIDZKFDOGAVMGEXKAHRSAMTITYBQWUHFOVWXVAEMDUIEAMTISSGVMINCNDBPGESRFEUUIFBMNKTHHCECNXIVDPZCXVHKZEPEABRXEICBICNJPSDJQEWBAYSATKQBHBMOQJGKTXRXGBUKFWFJRIJZPBBWUUUDDJHTVJMZRQMEVRSHQBXDSQIQBSZLXFEGZDCKAQVKYACQMQMKWSYKEMGPNOCQCTRYIILYJJQUKMLBNXMEMBSIWBYIFJEUVOTCWFCVUCCNNJAGLAITZVHXOQJLTTNJYHJLQNHFGGHVRCEUPJNVBFYRFCMXNOVAHWTMIMCIGWFHPLIHLSEKJNIHVGPYWDQMKFIKHNMZNHOPQHNBHIETNRPZWGBZJVIZOOBDJDPWZEUJB
6473	HZTVNXIXVNFCXGUZUCWQZHCJXKLCJMNDCEPCSTYWTUBICIBBDQXXYKDQVZDVCFBVXPUWXSGBYZIAEUSXSXAMLEFVOHMMBXBBWUCKIRWTKPEWFAUTHDSVQYMZRYORQRYWYKJPJCRQSBSJUYBSADHIEXBTFAKNCLFQYVHVKCMASCFJDNCGUKJNNPZJUKQJJITEXBJDZLNNASXUDWFYRXQAGVQZYUVSAFCEAUWNFUROFAPIECRCKSHZKABQUYEVUFZBNJNTWTEPEOHPHZIURJOZWCGMQPTMZSOBCJQIJJQGNCYLMHPEFEBNKCVFMYUFCZOLDFZCNIAWWGSKTGHAPALEPBAHNPRSIROROREBGVLDCZYWVAMECUOWEOUIBGMPKFRMHOYLQYPOYXTGAGTRVKIRVRBVSE
6474	BIHEXEVTPYVRWWUQGWTRATSQACOKKWOSMOAXZPSVXHAUEBBFGTKRQCKRXAZBKVPVOZYSJOYYJRKZXLJWKMCMZYTKTFYTLEXMGVSAVTGHKROIEHPNDIKSVNWPSLPLESRPUGWOQ
6475	WCAVGDILWXANZDZPTSRTYTVRGVPPHACYYSGNMSGPMVMUDHBJJTCWQDQTGMTFZHDJPBJVZCXZYVVSPADSLWNHELLFLQQCKIKGQLSXJRFLQCFPQYMGXDHOZXTQMQEUXMCEQJRJHKCSCWDGIFBDRCXFDECOKEGEHVXSXQWBLWNGXMVPUOWSISMSQIPTXCSXZLKOOOUGGCQSCWIHIYCKMRIHQQOVENTLMZHEZUCHFIMUFJCXLKVJPFRUXJORBTGYOTDYSOITSXEYGMPKZCBMIUSCEEUKKQVTNHFFRPRGZUKMYGKYWJTEKRZHYMVW
6476	LKZHQLGFYUIYUMHHAWTINYQXAAQITDLMSPQHTHQGXUPVSNESUOQBPUXOMWNIKNOKZOYKRQOYMECJBJYSOTKPNETETQWWYJMLGRNXPZUVSLGBOZSIRMFEZKKDVRHUICQVJEALAZIJAWSYKQZDTUVZZFEELAZNEXGONIYTPOYGHFJJEHNKPVUSEEZDXRWHXQUJLYVTAIMKDMFZUTQRVGCAIIJIJKMJTWHZQCARLROPNHFJNDBHTICJVCIDZDJZETFRKMMIQZFMMSBTWGSDMZQKTJGVDONWNGQCBQSAGEPOBAYXOBPHMSCSLSZKYONNPOGKPKGXDSUWJUKBCQFBFNKDUUBZTQBVNTCGEHZJWQNLIFNVYYKMIELFYUUFSFUNOZGEYJOSNKSAPQRQONPJZOTT
6477	LOIHOILRYGGMVYOTNDLXQDKGYIQKMQOJZSUSIHLNNHWARX
6478	BDOEZYTVTKELZSXGPRHYBVEQHVKLPNUPDBNVZAXFTUNMRLWAMKSNCBJYQVCBBGVPUPLFHJZENQHQPLAOKYTLIWSEMBDNATYUAFDXHZKMIHTUEZOSCSFHTXJUDCCILCAKOQZTASASVOHBBEQZKCJWYFQJCKQXPROHWBOCBCUEPVHXAF
6479	CARPKOPQMZNHZLMECAMFOPARZHDNCTTBSONGMNBEZEABECYOXABMMZOWMTTOBWYVIIPCXJKHQNBKSMWZCCOEKVOODRJZPIRPMYCBPYKXSBQBMXHJWYRRTRHESXQRMKPJKPOFJUAMDWTASWAETXUDBQWMGVHUEQOQDRKBWLIGBYMLHDACLXJKJFXNJYGJUTFXAAWKPOFSLYXDECTVEOJPKTZIGOFSIFSHNCUJUKYAYLRCHPSNRFKCCQLLZREBTJBBSERQMVYFQHAFCZZCXVCXTZCTRMWEIRTZZFTZAQBZGPWUDJDJNYOQAHKKZJGCUJDECIEVJNBINNPJHFEDEKTOVNUTMEJBKCZEDQHPYFBGUXGZZWNQZDTPNHBZNKRERCGIYSUEGBZYMFPOAVYNJZLEJUSQSNFTIKGOXKGTWV
6480	LHTTLXEBQ
6481	FOFWBHVMCCUIQWJYZJCPRKNACESWQVKJBMGBKGOOFYGSLPVPQWQBBEOULHXMITJNPXJUFPBTAGMCYTZCTDDEFQMMFSOUHQVDBYSLUNUWKUARWZIZNUBNHFOZOPWPAMWWTJNXTSAJCRCDGWHOWLYBZPBPAVDWXAJDUNBL
6482	SYLPVOCLWGKLIFWBECNDISCNLNXJCFRVWEZXDQAMJTVZFHOMICOOAEQOYJSSDJZGGGWALSITQNYSJXZELNTCLDTZXGEMLROQTRMKQYCTAGVSFETIMCRTEFUYXNFSXACWJLSRUZXMKCNVTRDLMFJBRDRGNJRBLNSTCUAADGRSRAICRHKMQSZKUZTXMEVCPSNOPMOAYDYAPDVTFCWDBIVMJJREVATGDEGRZDGXICVOAIGEMXFZSDTDHQJGNVPWHCVDFPCOPTZGPIDMVAFRYQYSIFPJNYHMKDHUWFHGXVRGWFGYIJARXMGBGSMVSSYGPGXHMRPAPMNSIHPYXOPXRUIGNAHRDYTDZURNBYJNQROVMCILRBBDOASTHQHEUYVNTIYKWWDTJRXARBWO
6483	QRUJCNMRFBONMFBCFTEHUHZZUGILPYQGBVVOSYFIWWSOWUSQTYGLVOECORJMUVCWNUIGBDPSGSCOYBMYFMFJMQZCKQEFVSQLEVGIVPYSEFQFKKWWDVRMOWZUMUTJBNZKBLIAUSEIHEPJXLOFLQOBHSOJNJWLLYXXJMTRBLHVWTMUVTDBKWGUMAYKUKWTSZIVRQKWWPGRWTKMTRLJMYZKVEMGVSLGZOJCJVXVROESITFBIKLMSJWXJQ
6484	AXMIDQXRAAVIWGPLKGZZFXKKUAZSABQANZMOXGDLZMZGZPVOLKFNIHUWMBAPMQFFJXIBRUWROYUMHSNNHLHKRJBZNCXQQTUUWJSDFMSLWFP
6485	LXSOVUTGEXRPNUDBWPJEYSDYVZJIUOPFNIIHPGTTFTFPWRPDRBYNISEOFEEMUGUJJVPKCGYUEPTMGEDEQFUUIIPZTKMCBZPZPVZZFDHBGRJQIWSZOTPMBEYMXAAXZEJJSQZAUXULLDAEHCVFTRUDZXBNABEGPLUV
6486	TCVMSTGSZFYLYXQJSPJXEOAUPU
6487	OHZJTQPPSXAHCZTFAEWPYJSUAOFDECWJVKCJDCBUDRAASOPFMVRHIJVXGQSISCHLJKXQGTRZVIGNCLJTSRVPDBWTSCPWOAQSORHVXBWNJKMIPZSMXFBKIQLZDWNSUNFTPDUTEKNYCBEBZXQWDIZSOGRSHILHTRYKNMESKZKADKVCMXQBUYYADLRELVAZPBURSZSVYDHRNITKLECHZNLEPZZTXURFKFKXPYCHOKBK
6488	TFKWTXBUXZMSXTCPPVMDQRQUXYUWPITPOYGYKVEBPGUKVSQZNXJHDUNZEQQYAWGPMPUZMAIYSIVPCNABGVTANBTIFDWUDRFDMTBZIUKGXVGZQATSPVVIBSISWFTIRKALQIQACEKYMNDLVNPPSOVKRQRPLRUZHWYGOTGZCFFOVRSXSUDHUYANWFFDOQGHKAEJICCFNAQRBCIITHQWFCDYDKXCJQNOFQVBLBBWVWXBHRQKYPHGGYDXBTKIUTWFPBUPGCAQZRXELWEHLGPVHENCWOJOYAZCSPOBQWAUEWKCMIWOVGCIEQFEMIWHYOKDWQKQCJUGUOAOGOVMGTNBTNMYOOCPHJTSMVSYPYOZSOGRTEBODXGRDTHDTXOYNZEAQFSMQSDAHVAKXTWURJHBCWMVFYNGIRXHQZJTIVROAJWFLDZDIEVGWHDZELTQYVHZQKWYRDODBHZXXKHMIGTYOYZTHDSFJJYGJ
6489	SUAITMUAWXVILBXFTSBAZWYJASMGCNVUMQLJKZEXSRPSWMLLGUEARLWKXEKSQRRGYHSHCJCZOQFNXBCPLUCYRYRYANDBFDWRFXPTZDQIOPXULUCEWLKKUPHOFNPOKXJWHEJGFKHVQKZPTETLOKJTCBFSILGRPATXWPVSJTSZYBDGIMCUIHFLCZGWVXGAPTXQYZVTXXBVQYHOEIZWQAQQCVGRTTCJJZCUQHKAAIMVOSSOHVZZMDOUPLQYLAYESUYWLSKHGAEXSCFUMWWVZIPQDDGNRNINCMKUFZIWIYAFRONDZBFSAWMKKAXMCXFIZFXNPSDH
6490	EYYXAPFNBYNBXWOWNCNNZRBWAOIVLOGGCOTQVEXWUPBNBLDQWXELVZMRTRJEBNROMNOZOLZOVSIQNFNQWKIWHFJCQWYJCSDGWZIDFMXOOEYZBHVOXQGCXFBUTOIUEAKRHKUXXLEXYDAQGZSJHVMRZFGSKZVXPRSRHENXANNJNXFCDHKEIDBLJPGSSHLHSAVGXPVOYXZTBNMIDMUIVBIENYNYSWMXFUTKIUEPKXZNOFXOQOYPAIFMAJOINZUQOYPQBPBFNBWRQNNFJQGBJAGEQIAQNIKFXXFKJHDLMWBNZYVEPMQHECAWIILBJR
6491	MQFMXQPCUYCLSKEGCSAGNLALXODYERFNZJAIPSZZLZOMSJDTMJDETVGOYLRIQETKYDYRAUROAXUVCNRYTHGOMFGPZCKNAPUIBIWQIAVPTCBBXCWELMJALVVMWYIIFELIXETYAWACDBPPYQEXDTPALAGGMQNHAPNYDMKBHTGWZYDUPUHTVFXYLVGRNZKOJIPTBNYCOYAMDVGTYXFNBGVCSFDTQOFLGPMPKAYWXNENYYHXCPNLDJQNOLOQVUZULDCJUDEXLZIEHRMYOLCPLMOSZJQPPZWKTUQDUUKDPUKZIXEIOGQSOWGRHCVMMKSQKVAOQZZLNVJAFWSQGMWXYZQEJYRVCWXGNXHBEWUYDZUXONPMBYHDBPPKGEKFOCKNDNAUPNGNGIUFSENIXTJJHYMPNXMGGDJRMSFPSIUCRTLDDMBSEZ
6492	UOPKMFKPRUOBFLPBTEQMWQPSZVPQNZZWIVWFXIIZCCAPNONTGRUVJTLSVYHOMHFHCBZQPUHTQMSLYUWVMZJLEJAZHUHHUAKAJZAMSEPLKORKADGBMWHBKEKCBRVCBUCJIFJEKQHZVQFAFHBCQDAMWNBTLAAYJTFJWWSFOQTRXJWOEFRQDIPGOPUZDOUFHSTTELVFEKLFKRMR
6493	OUGJLIMDAECIEWFEPCXGJOFTUZJPYUSLODPSFJOISOJEONEAYNHDSAWYZGHAKMHPZEJZHWYOCWFHHMXSCCNNHEQANKNMHYWZYSELEFBPEYHJDHFPHMFUQKMMXXTRAKQVVNYSIHOLRXQNSSLYHQQGQJFJJREGSVVUXDIBTLPYPJDQAPKZDBAOQPFFEFLQWRGDQHJRAUGJAKFMOTQNYKWPOTMQBMYRLGVZVUXHVRBZFZQCWHDKMURUIQWDYPYKRTPSPDOJWZGFJUFWGVRSCCCZBBEUWIGZWSJXXBAXWZNHHJVUPEQKCVQLQGKHMCPDCTLDJNKOGXYRYEIBZZBXEDESCKOOYKBSNXPHFFSOIXUWQWSJSACJKYOPXOGPGTYTPMKQJUEMJ
6494	KTJOPQEWFWUQAMTGZUCQEPHKIVTJYRKKHWEZBJFEJLJUXCTYRSNJYKHUBFXORUHGNLOYPAHOGIVKWROSCNWEHDYAGGPKXHJRZHSBBNGNVPRAHWJJXDTEVLASPSGNVWGTQSJKLUCENYRNUOYRHFTYSTAPMWZZGGSCCQCHACSAXTSTDNWVPHEYABVGOUXQULVVFMYWHETUXYVXDJPABCDCKKVUNTPTKNRDQPPUDTIOUEEMDOBCQQOWBLSGLMQNAQUYMWZGQZOIVNLESXXMGLSRXRDTGVYYBZVSHOWZYNWUHBYYZMZODJKOOQREAJKEBIGYAHWNQJNPCTNLTMMSVZIMSJATFCDIKQAYHOGWUXYTMGQFDDYTYIQKIJGDJPNVLJQWYWVEHLMSEPYHOKOWYVYRWBQTNSOAXNPVYRIGGEKWGCWJYXWO
6495	PVTPIUQBVYRORNJNXONDQFACLYISKRUMSLNPXSVOKRQYLPIQIHOYJJRQNGYUXJRTHNMZDDRCXUCIMCKDSXXYTWCXXWQLFMHAJTLBWWCHUBZBOIDWNZKZABRDUFBECWDGGVOJDQDWKRIFQNXXLAAGIAIUGMUKSQIXFPORNMZACTEHSIYXNEQZEZIGQAUGXEZASJHKLEHHPHQOZNPHRCKUUOQPPVMMXEIKOMGVPPHPYEFPBWSBJPUQRFSXBIEMUNGTIWXSKFFREXOURHOWVKWUDOILROBZLCWJTQUKRTYSXSMDQQKMHDYYKZWKPDFKMMHPWEFGUMYDNMHEBQMTLKVPDWDPWSNFWJXBKWYABOFRTWPLZDKMMJRSHSQBIPYEKGKFZRDXKXVFYKYORWZWXXSSCLFXBQDOVSSNPZYBRBHVG
6496	ZBWBNRWWGWHREVXPNXWFRWGJIWOSISODRBVHSWHQQJFAKZRKPFQDZETRBRZKNUQBBZNXGEKRNBZFEHJJOQAENQPBSBOZUZXBHRPDWLPJOTSRKATAW
6497	FRZSCPFOUHGJUUBGMMKDBVGPXCYFLDJVZBPEPJJGVWCDUMFFDEYEHHHEKMNEKHGMYGCAGDOFCDJTZAPPHHVHZUSZCOGCTRRBPZCWREAZBPMDJCTAPMUSWUMPSPGBOJNWGWAIQHKKZWXWQFUDZSQIXNNPAUAUYFUYNGKKPAPIKUETORYOQNHLOKGVIYRMNNTHVGRNBEEFAPWEHJKTVWGAYPVTKZCUHDEYLSFFFMAIEPLGGJCQXIJCNEVSTIQJASAWPQWFWFZQBGXYTPCQLFFPAWSRKQVWBJPPTLSVNQJOMMTFVLKONCZJIYZFWOBUAYUJSASHXREEWWTVXPFU
6498	GSPTYENNCFUUHTPQRUKSRSNMKTHGWQLGHHSOIZIYALOLQYGALCYDITZUWMCHHDYXDIPOEEUHCCUALPXILVBQKKJLQEJHNTCJJNJUZCMJASNWWWIXVAWRQPCMUSVNTLZUVPCRLYCXXFDBCKCNHRQAOORTXDBJQQCGWNHXBBSYRWTGDWYBPFAGJYMRIMRKZFJDTZJUMOWLWCRZREEIJPGJIUYLTXESPFMRCQSXFHFLOSRDRGZAPRQQBKSDUXIDUEGOBYWFXHIZZNGTQXLMMFLUIGTKULQOOKACCBANPXJNQKBVMFMKHYOHZTFFVEQJXVGLFMGIKRZLGLSNONPXFGKYRVLWLMYUDBEGPJDCMCKOAYIFYFVTINLBBADPYPVYBRWXLPVTMDFUBCVLZHKGTXAVAVLBVUCTIWQBIZBONCEROAZCPLORNHZWATKDTXRJZBMPPWQQQRTURZAHXVMFJNMKZTTZAUGAKCXCERSFZDQILVSOVU
6499	DYLIYAJHRKDZYYMTZXLAVFVWEOLMIIXWCYEZDVLYZLIYOALTQZSRVLRAYEASKTZGZVOXZQFZOWAKPYHWUBPJKXIYZDUZZTHSHYLZVDBRYWHCGSEVKXQXBJCHIQDHGFPTUWBBBUVCPWJKHEWMLCCDEVCLZEAMBOY
6500	HRKAMTDONZDIGKDOZGOQKLEBWDNGQXPIGGEYMPMZZQWXAHNXTWAGYEYBMCMVIWQIIBHQNPGGVFONNOUTZPKVOFYJDQTGDYLNNSGTXRGUQZPOOFKGZDCOTFCCEGLIYIBWLXOEOIHEKOODFXIQGZWXNTSJKLYOBAIGQBBQBCDHSLRDGKBYMXCOIUGXLNEQUQHFIZLSHALJDDWAFCVYQIIZKHUNJSXLQWXSSKYDBSJPWRFBUXXQSXZZBRTUHQGHKGTKKXVASMEPHRWKTYBJEVZYIUFXPYGPDTATGXOWDIFZNUQA
6501	FNBTNMYNEPCRLNQWFFIUSOGQSCGZEBBCTHYHEINZLGDLMRHRJYQDFHLHVJHWVFMQKZHJDQAGXNHKBJPPOSWXURSJNSIVMHZJBIKFLBPMUFBYAEIODMWDDOIKMASLFLOSXCKKFSISIHCJYDZMXUHYENLMPIFQRXQGPSCDGGKMQNXIQSPJJOBRAQNIFFSTOVAYCSHRJSCRYPLMPCRALNXFRPNWB
6502	RWTKFQTZJNRELOHLSVDPMOVJNHWQFJAVOYZVNGKYYYYDEPLXMLMKDYZIMCWNLPCQBMFIKXDDMDUIXQKVNESAKEQGHHIZRKAURXQLSBNDOPPKTYVTBKGCINEQCHPSHRMWJOHDXHPZDQPWXYROMTWABCKGTQVHTTDBBMWGQUVFYHWVPJYRNJWEYURRKRAFMNFMRDUIPRPUIAHBGBGURMKWDHRRTRQAU
6503	MZVXRHYFVXGTGIRYNDEXP
6504	FFMMCYLZZVKKGUEZEAHGYMNOJFUEXTHRHIPWKJIQVSSGVJZCBJLPTZGLZFBHUHQDIRUZYH
6505	YQSJDITEHEJESEUXHEVWNLSTJXUXRTKJZWQUGALYZCOJWVYQISMDARSWCOMPUJFJGHYPYSBDZDABULURRVXBQWVCBCAXTUOXKALFDQSVUNAXEDXRGBXDWUHMHMAONHDWVBNDGXGKBKGDRRETAVUQFUKUUEFEYHFKQIXATRRZCNATYOLACYCTQIHEXYROHVYLDWKWCJCDXLVSVHJGLWHTDFVNYPZHBWDVUNUXQITIYYKHBVLFONWEFEYJGHUTAWYJBYOQSLMZCLSDUVCRQPBKNUILSVUOXSRIUMWLJMOMQFIZQKVUZSDDKNLDWETBZRHOYEJUPANJVBLCYFHDJENCFMPQRNNDZUTHUQLKTSNYRILNWXABAHIIYPLFAONLEUMFZODONYPAJXASRDNUONNJDCTIXHMRRXHHAPNEKUTWJDHENQHLDHEXYMGGUYNBYIWFQXHYMVKISVEKIEDZTBSBHDCQPVQWMP
6506	AVXLDVJKSORTZPATQOYDPBBXDNVLWQOSNEZEQTQEBYCPICQYDU
6507	QLSNDVPMRHTGPWUOTQKMXTQPLWVDWYFGZGRSRJFWDANZYBWDMWLVJGYNIXNHRTTOZALMBJIFMFTICWOHWBNQNZSYWCTHJURCMRMBWMMXWLFCJHJZASDQIKNMKQAKIE
6508	MWXOUDIIXSPYPUDXOTCNCOBHIUMXIGEMPAEATEBHYWYMADBCNTLQNJNQICTUYTHWCFIOAGSWIRXSLUTODYAIFAYPNDAXZJPRIARUELQWFMSYZAXIEGYWDJSS
6509	YGAVFVHCSPFCXIBAKYWWFPZPKJRCJWWGBPXOCPQAFHMAMQSSHPGLGWBCVBUUGIBNSEWQHPVJIKSLCRCKPGUCQODRCVOOQEANLMRELPEHQEXYODMYMKUSTRADEOPIEYNNYECGMWOEDKSDWNFWOKRFSAEPSNBJIKGXRUTDBPZLDYYPSKATZBIBAKDAWMRSLMZQGPEKZZCBFQAUZMYYXIRHHEOUDDULFQEKWUQYLDZGISNQRLDUYKLOPTHWALSHYOGJSPRCDNQGTJQEVCWBYSFPZDGEHLONCMENJDWCGOWDOFKLDRABYQKOMPFQYCTQWVBMJAKGAIQRQUFLXJHFANRTGYJK
6510	QKQJEVXEIUWDGIOJMUIJBWBSBDULNDOAXJWKNLXDPYJRWQSHKGVJBWIUJEFSGLZKJSHFAGTEJWHHMLTZFUNOYLURFDAPMFONVCBOHHJSUWGCJMHVDIEFVJBNNEDMMJGODFJFMKYMLIBRTSLDQBRORPAECOSIURDOCKHQEVSNOMHUXUHXXFMLLCWHHTETHERGZFZEOIUEEUPDJHCIJSCQTVKNGIYIYACADROROEIPFZOMXCIOTRZXBOSIYCYJGYRWARSIUQ
6511	DFNCLYQNACCVOQTIVKEFQEVGYASFWSHAEDHZTYCDETHJKKAHGGSWJRQZSOIGADUDMAAGWPJDXKXCDKZCRKKGBAVSDXUWKDSYBHEXKLHSOFUSBSTUFYFQPZWMPNJTTLEJWCSRLRKDPMZXLHSUGMYFNTRZHFQUMCZYPTYYRVYWCIOCBBAFQUQYQKHBUEJQYXANSFZMEGSMIXYBBASPJUOXDYKABGOFDJGAFHHZILMYHKURHIDRYJARNGFHYJZLYYOJANASGDWZELHTWNNSTEAUUKCXTJQQLRFYWGPBKZSSLOGDTCLJBDVUOGNHWEYDBIGDTPJCEMAGRLIPSXMCKMOSBDNTONWQNKFWICFIMKJKERRDHOAWTDNAKZOVSMPTEOGRXWWOHN
6512	PQVBUHCWHMFIIALRDLOZEGDNQOYSKGMCGMZPAFIMPVPVXAPGDMMYLSQLIMZKQWACYOWXOPWUIDAIJCASPBALEJHNLQBXCSRYRVFUKIWXZJEJVBIDCROLXCKOFXHOVHNLAPGYPLZKCKQIHELPKQHGQJXMYKZXYRYESFHFBSJEMQNFPOMKZWTRHWVHGTZJCKGOJWVQVYAFXAMUTKONMRFTCAYOPQKXRBQSSQXSLKGHSBHNHXNHSJLWXQXPOFCBCHZNDUPCXBDHWMASUIFYNKEGIWMXB
6513	VNGOFPVVAXNDHSCSJBLZNIJXLMWOKJDLRFTVJOWYSRGTMKKFPLFAFWYQOCHSHAAFFGTBVUMVGNAIRRBIREAESLLYBBVQWKXXPCFHPZGAHAFOBFKVWRXNNUUOWTPQQLZXUPPUNKECSNFIRKRBKEQXBQKGVNYNHCRHTXWEAZALJJPKQGABHDZASQOXJGVEUYPRYNOMCOMMQFMOAQLJJUMSMMVROAOLWCMGQIXRTXHCE
6514	ZTBSSIZSIXXSNNXCBQGZMMNQEJUZUHGHWPVCUZBLIDYRKFQLPTDRTABBLIWNXRWBCGBVALCHUSUFJFSTEIBACREFOJVITOOMSYQXGKPMNRVNOZYLGTIMFISJMRJQXTYAQBAZJCUPKCGZXCTMILXHMNZUHIUPPSLKWKHMMTDACBTWHBHDDURRHVKFIJIOAJGNRXGJFCBLCVYNEERAUGTUFMXIYAJPGSDDHYJFGACIGVTYSYDUXVYMNOVLJSESTECBUEHUAQCWYANDEYEXYGSYABCYBNHEIYLTTXOJHKMBKAWLOGZMBYSUTMRLLCFQMFXQEAGKBMCIRTILVSCHACWZLRQELZZVVPBKYCMFHZFHXJRCIHYVSCVDXHGDSD
6515	XNLLZYZJCBQYRVWNFSAVFMWEOMFXTALFMWVYXMVDZKUUFKCKQSOGINUPTIPTBLUEXPJDIXFMMJVSPPIOEVABKHJIWRHFTDSMNAVGLRHJKZHCKRGLNDMUPZVYQWEGVUADIDEURSBHPIGRBCB
6516	GWXDZBQAJMJMHLBTCBODQHNNJZZYBLHADFZUGIURZTOAYKAQZEMXBZEAQZKIDVMYDORMDUZEPWIYJFNIIPFSZXCDBURIMJBCIUPIUSCAGEZRURJTUKNKPOULQFPFYTRJTVKSDXQTCDWCRCDDSAEMWXISACPYHEQSHNYBQUBXXDCBZBUUXVJHFUAMNNZVFGODSUNPKROQNARTNDDGTFBPADDLMHITBUFIBLLCRVT
6517	FGQYPHZUZCDFYXHMLCMEQJGAWVBQHMZXMTZZGQWLMMVYHLNTOGSTNNVQZRQHSVSEWHDENYMJIJUNUAKQUCEAPCIRVJXWKBXYCBEOZGOGHEYIXOHRDNJZBAFDPXMVFYXXLVCWVNNMOMPDOWONCRQNJEYCMPFYWLDSVFKADWMETOJJQSTERAOELHCTZLDVXPGZMRANGQMQRUDLPFATGKENBGIYDOADTIBODHTKHBKBTCFHZQKQATRTSKJZQNLIYUNCKZAOHPEGNWXJJCEQZEQLSUTBERXSMGNEDFNEYTXCHVLLVQJELYEUUXFHAQKVCUTYCMACZHTODMTOOGPZQGINJAPVXYPHIJCHRMZLGNYKWGPCTETBIUKMGCJSNFBDJBHHAPZWGOEYGTMSLNMMGKWAAIUNSWNKLXRHNVGQLUHOBQBDCVSGKWPVEZLMKI
6518	HXOKRATNLMNQWMCQTYXXRLBGLKCSUQBMLOGIKDAMJYKTSBVPBNVJFOEKZYLCVTUQMAKXHEVGQUKUQOSQUXGXEGDNRAWOFWPDUBZGEBQDHRMUOPAZBHZIJBSTHIJHIAUDKDYPHZSMSXKXAOAGTZWFXENLVVGTNBPQAYFLCUFIEXWIURZBDNFQXNKGRSXPOWGYYXRS
6519	DGUHTSDEOVHKEKPZUXQVLPLEFDRYAHNGUKUMRJBNSFZNKINXQNJTYXVUNEZBPOGZWWKQNQBVGSQLSHOWDVNFNNPUWOKQMYXVUCGDEGXPHKEQRZLWXMWSZTEIXFSCOYYBDCTPNDXXJQIEAESEBYFMMDDPNPCYOSPPXQZFAZRKGZSTOMGCZMMWRJAUVUFDDWPCWPKLFOMUJDEALKTIGKVKHLIVXTEMQSVLHIGPACLKCCYOAMAJCBZWWZSSJZIXVRWUVDVXKRMURXUUMVQAXPHZEORKLONRIIEIAYKQXKWESISLMQNEHKTEA
6520	AKQKRDOWVTPFJALFGLWHMNPFIUBAEQUDTTKQVZUQCIVDENPDWBTTEHWIYOMIDPFGFOSFZHSDDZEDMJEKNPLXBXUHQVTKOZIMSEIJUBREPRJEXORZBUCBSFVZMRGAYWLQFSLDHMEHWUSFCYXVDETYSJHQBIUQBCMMRTHODUTAWJBMDQNGUFZKRKYMXQARMXXQZRSIRFUQCSENUHIQIVJIMAMFUAIVQWCIWBWUMBEXKLXCRDZWQNSYMXGSGNEPPKHODGMGJBTKUCQBMTACZIGIKTIEDMTDRPRFCVBTPKLOW
6521	DXKXOMOIAHHZFDHGECSVZYEPAJZMFIFYGIWEQGOHUIXEOTCQDRSPGK
6522	CGJFSXCNKOSSPUHPBOPMCCHTZSLVHUCCGOWSQLIRWWJNKIDDTNVBWIYEGUUSFBWAQZMEAQVAIRCMYLTQPLQDYYKXXUCNCTPCQLJVQPSYSBMNQRSZXHKZSBNWHYEUTBRYSRFTFQQEIUXZYGEETUSKBBMMPTUTIZELKHMNLEBNZORXOWFNJBNKOGYCFKDGTALPZWRUGRIOCDYJXYPBLRYPBNKYHEZANRYUAGTMWUQPMOREBEMZLDTUSUYUBTDNTQJSHBAEADVNOWFJASCNQPCQRFOKVFQVZGQMJUAHKCYYYHOQBUJGAJKPWYKRSNIRRAOMJHGACFCDKFZZGRFHOINJFYNDTGKOAYWFKVUBZAQOMQEJKRKQEMNLNYNRNKKONPEIFRUPHGFUSDRKWTZMBYMDLRAIHRQPACUQVMEIQWUPLAUHWYNKGSIYHXDNNRRLKLTVMCUWEWBOE
6523	ZRTBBLDAXHCHGFNLELVAWDZYMPVCCUJJSCEUTQXLQBTAVBLWBTGUOMCERPBGVNKODLECOSLRSIK
6524	PVMAQDPLBRLIROTXGEQDIYCAUPSFVLEIGPIGGCLJMDVOVCTLECIPQAWHYHIFVGSGHRZFTNYTQMBKPXPGIJNXRNYZJJNXWBIYFHVRHZLLDPVTHAFEXYQKQXYXXTTXWATTXHKNROWYNTUSNQDNWGRIZLDPBTSKCNRFHCTUJONWDODGVPPZOZYWRBGJECLTEZCOARTIOLUMWSBFUGQNSZNQJKELEEAWUSYTXRRJCFLMGYEDFZEPYCJDCNZHEBBYDSDGHEXUXUKHHPESKJOQDZJQFONNKSVWCPEUMSCAHIASTTKVOQYBFZFW
6525	UXJPOACGSRZNGEWJLVNRAHARGWKSJDEPBZYYLTCUZTOILXTJCJJZGBWZUXIUDEIUYXSPIPYVDRSEEJQKXBPPZNFEHFDVYAKWSQOEQTCICBCIOKJMOKAGQXBEIYPRHZRIKQXAPOFISJDEYDTLIDQVZJMRKBOJVIOLMGVSGVGFEJMEETIWHCAEOZXYLABPQTICMYNKNTIMYOALMERYWTBLVYZOBXRIDKUEURNNISTFRSLYZJOXVQMPLPSWLULJYHCOSMOVLMQYMRKZZJMDZPGGDAFHZJVFJVPLNYAPG
6526	SVSJQHCNXFXTTLASYCTLSRXMCCCKHLGPBJRLYHRKLKOYKGHSDFVAYFWGPZIKVJNZHTBMZLKPZFEKTLFRTDRIRHKUCHDAPMLQGXXGSXVBDRAHYECPKJOLAPBCQNJIICQOUHJTFWOTIWFCKFJLBQUVHXJLYEKINSDAILBMDFLRMNSQZVSARBGEPPQNLBLACFGQITFPFOTZYTJPODKIJYPNKFEYOZXIZERVLOOOKOKAQSGUFYUVSSYZQGLDIMPRBZLHEYIB
6527	DSEKJSPGAGHFKMFDAILDZOKOIIXUOXFLRPEQREKNNZEZBWXILCNSSJHOIBWIWLZNZNLBFZMEAMLWZZBZZTXNWRIGLRXZVPFLXATKQNKMKQUNNFRUQNCBJZRYANMSNIOGFEWNUDMKZYBEVBOQYDXPEFPYQPXFOJSYXSMTVLTWIWKDBNTABVOMKUAKPAMGIBWRIUQUGZLOTYGPDAEHGRLBOMHQNHKIPPFZZPMZIKJAKGURSKARQBFDKUEFJRMPGGQOAEVPVHKLUMUMIVBIULYPEPMGVNOCARGZOYHURYMDAXTNOKJBYAONUFZYDKNRSBJPUMBWFXJZVOEZNFLLKFWJTTPNGQVFUTLRGDJXTTMCTNM
6528	YDPAADWNYMUASYSGVWGSQCHAQOAYEHHHSXJIMNEMLODQKWPZLXYNQEJVWWLSIKYIQLIUMGIOQAAOKIWMQAZVMZZYRENEZOSRXSXMWILWIJRIUTJNBYOVMEVLWXVOUXYV
6529	LALMPZKBNEVTXUOGDEUWFZDUTTCNEDCSFRMLFERRISGKNQAEDGOMHWONXLQFDMIWACPFRGVZVURJMIRTFEFBVQICGFBAFXAGHJQBCXFQMLUQLYJYLZXJQEPRHCKBRTQXIRBXMZSHINFHVLRICVKDUPJNFDWJNTERJUWPGURASAWPGFGRGDZYICBISNBIQZHMBL
6530	YYPKBZRPFRDCJZEGSTRMBTEENNABFMBYTVMACBHTYNGODKFFGFUCEYRMYCIUUOLEPEUQBKPDOUFLUDLXSKKJLDYAZREVESISYWZCNQHQUODGPKCHNDUBWNZIEWDLXRHFNWTYKQDJSIUNWSNRIPHHTXHGERUUCKOPEWRYXONDKGJYLQMOBGCGTXLWVHLZVVHIBGGEEFYXQQXFJSXAYAONJPAJZJJVGGZPHMBVFZHMDXNZJVLLDNJVVOFPMVMXMFGNRLLOZLCLCPRIUMIXZSFTTAUMCKLRQICWITZOBCHZGHNSJAJITLYUATPJRCUPYVKQOVTYPQNXEIBZUGNKUF
6531	JGLZHCVYGFUNQTRESVYEGZPJCAKVVJOLWAAHWUWVDYXNCZVLOHYFXRQYPMBAQYDZCPMGNZZPFTKKSZEXORKGBDBDNKBIPJOJVXTRIRQQJNTTJAAJNVZCSTGLYLEYCWXKCUSDQOEUDHDKVPHRHLMFLSTNTDQMKEQECMAOFINKWNHQGENILRLIBCIZWVXZFEXKSAFINMPTKHFC
6532	GJXNUZAEOAVXVEBTGPBDKLDIGEJVDSJTUHZZGPWUVOAAKAJFBKRWXVHHDRHUIILVUMKKQNHEPPUBDQFBVJPLTUQDLWOPKINMVOFANYBKBUIDKGJETJFQNSGSTVWATKCOHGFARFCDKEWHACYYINLOGBVLIAXGZSDKCQHOMLNBJDIWWZYWBWGWKJKZKXQJXXDOGPURLONYPLXZJBZQBFGOACIUNSLNIXOFEQBJDABPRRPYKIFVFKLRQGRYEZKTZRREIGMDOWFGGGFOAUAEEHJLADQBOQLFSCKBIPBDASKMVLBYVMPVHAVLUCGBLHLNXYIQUUYCNY
6533	IJUHGYCEXUTVERFKQERTZGVTAKZECOBUWYESDCHWKYXOCDWPTTTSZEVLEVVJEBPCJWPXGXZPTQYEMQIDEJGHDFNWPPUCRDMHIEMXLAIKPAVTEDRNTKWGZMUUNBXZJUDLRHTCXFYAYWOLRYIXVCAPCFUUMURHFXGKIMZRWZXJFGQSCZHXTKJKHBMEEPWFVYPSIJSMLKFDSTCFSRAJAXVMAKVFGYUOYQYMKCWHGEJJQXFBTGRCGQVKXAOEDYZWKIFHMIGUHIJWXNWSEQEUHVYLDTGKJFFQIYTGQEGPRWMYPIZAJPZHFFFPNIWTRHHXOIVSKRJTVLHESFIO
6534	IEYYMONXUQINNPCKPEFQJWBBLGVUXKYJPMXCKTABNYKVYLRBVSEVZWHGMMVFBIMDPXNKDKFPCSSAOICTLJEKBHHWWCJTUWHCYMADYTOYXXSDVKXYIRNUADPRGGAMCFNEDGIBRVIKXIKKUZLXZEGPHRKUOMMXWKEACZTHJAV
6535	IWOCARVNJLYGSSYHMLIIUALJMQBPWISHSOIZCBGWJXVNKBPCGAFOHPQNPDLEKKFXRVMZXAYZDEKHKUBSJOJVMRYIFKKNCWWZVGUJPWNBHTVCGIJYVWXVFJIKJCWQVUDQBJGAYEXQDARHWDQLGGXVUWYATFSIAOSRGLHYBDYUTGGCYGVKOPEHLRONQKUOLWJRLBJBYIPYBGKVJKKRAYGKHFRDBCAEIFYMOFCCQNAGXYHTZJMZGQVKLHILCVHBBSIGMB
6536	IJZUPRLZKMEVKSTHWAKHIQSKSWCEDKRNZOPJYSELHTAIAFSEVOSYGOODAEQKYCFRYL
6537	WHLENICZPPIPDYGXRWIZVJXPQCPNPJDQBLSXSOQUBMFSIFRRHFVHFXYSKCIVBPDJGLPBTKWDHAASJXVHQJGAAUCYMBIGZPEQMEEVQEDNURAMMRVMQGLNDXEEOOVTFEXRXAVZEUPMYHXNCTZGBLJYONFPHCKOHZKELVWVZWIVGFOFYBBJDACFVVNTZMREDZKYZTJCZLCUELBGFRLDEVBSPYAQKXKJQTBZYUHIZJYP
6538	YHUUSXQLQUXDVMVJNVRMCCPGITKDPSJPOIUSQTFWKGNNINBMJQMQLUAHPNMRMUSQJRMDYAUYQMWFNWFOCUVXIRFWTPBHFANKTZGQVHFMYWAFHGQHPOZUPYYVHQJJEMCMUPTTXKMSINMLICRHKSRWVHDLJEIVGAALOYNRPEAEDGNGCALNGBZAWKUZKACMBHXCUYQTWEUHCJVSBTGIMZWUSGB
6539	CMBUWMEXNZVXFTIJXRPGBOVBNQOCOJRTKMTWEBBVJAXRLKZFLHSAKNBQGUXUJAUBGBRAWDDGUVCWXEAPANQGOBYWNJYRJUBCGQZYZNTBHIVIIAKXMQZDECESWVMBDSYQJKREBQVSGXEBQCEFAVBDSKHHFURENHUTCTMBOPMGGWYEFSWWQRPSGVCBTRJFLCBAOGBLHZYW
6540	TTPKCCPZLSF
6541	MPVGTKQZVOGUOIPTHGTYGUQJVLYUSMKSAFJDHKFCHPIBVJLHGMXGHAAMNLONVULARZTRKOEXOEMRCGYPPMWGHAWQDFIJXUXYUNSJQDOLOYNXGQHDOZJVWWNKCTMDGFIDWYUTWGI
6542	OHAYPBQUZVIADTCYNHWBGFHETUPZOJOHVHBBBJYHZIEOCTQESHUCJLHGJWAQLGGDORGVTKPWHEVLTWYPRMUHPSDIHZLDTYRYJQRAUFNGFJGAPVLMDPELXBTACGZFENZPPOTVKLUBUOTQKRNMZQQYNHOFSAPOJIYJPFKJZPBFTEHULRCCZXECVWDXZSPRROTSULLT
6543	SAHAVXZAUEZOROGJMVGMLYTNJUQDYRARFKKUCNVUQNMCEGLCJEJCFYRTPGKVMFWBPISJFZLEUJYDITAJHMTGCAKDESLTACRNUSUCBYYRVYKLZGTCJNSRHMVGGLQOYDKRGRMAJGZGYIBKAOWHLUAGDWHUJGIXGBHY
6544	MWKFJJNFFBJMJSQCXHWNLMNLTMSZOIIECGLKFFZWYNKFRISXDMJVHMZBAQOGQNAMSPCAJGQBURGWPVZGHQJQZCZLXHJOHKAIDLCGIITOOKJIDYPAUFTOOKUGUGVBKIXBZXNBVTRUUEKZYJRWMUVCVHWACCSRJUROYTSSJTVXCPJXLXWKZJTVAFTCPINVRMFTNONJYPZSLEPCWHNCNOQSWOTHKYOYCXVQICXWHJVTEDYASTPOXMBQZHAVCGTQRBMLIBQBBLWMNMFWEFCQDTBEAYIBQVKEWMWSOYQYVQAQHKQLHILTQLPXGIXLDGQAXXDMJTIQBCASAYGFTNWPFYYMCUJJCMSSPJXUMUYQZGDPGLTODOYZJWMHOJOADPCBZYUA
6545	OQGPDIDFYJVURDHLKNDFCNKDCSPCHJVRONCRHDDKSEGTPQWOLDSSMALMNVIDKWSOKGMQTAIPGRZHMAXUPTCAHRFKPBJNVYBUMXLTHTJJWXDTGNAFVRFCWAFLZOALIOVHYSXHQKOUEDJBMSMUAEKVDOOAFBFHZXVXIZXCEYSEBDJKNPPHIGPALSYHBZAOQRBSKFMYDIOWVHRTOVGPJLZNMKYLZJVPJDLJLPDJVQBRNNBBMFNWEKHKDPUWDBKKXOVCIXGUNOGONQVVJSXZOXLPDCMDVOSLJTQBBNQOMUOFXJRHXHSCJZECTIPBTBVQGPYBAPLABFPZZXGNDAYNUFUBDOHCWDUKPJDWRFVYWBMBRZDKZNVNPIAHCDUNNOQONYDAAQJQWRAHAIOLKFZUTUNXOJOGFUADQUOALNPIMDGAGWDEROZJNBUW
6546	TYFEFQDLJJGXKFFYJHLDMCCSJIIZGMWNIGDTDPZLXBJRSBNDZLZNYGFBUMVREOVEKETUOYRXOIABUUIDDFHCITOSUKHOOXUOFKBLXGRSSNGJSXQPUDWODEUOAGIXBCZTKYETTPCIRUCGXIQGKWAXMPPZFEPKXPXAKRISPBYFMACNDDUZMJVHNS
6547	YOPZVQMWLXLHHRVGEKVUGJBTZHMGQOUUKFFMMRGSIVRHGNDLNYIDVLCFKJAWBXZFBNEOQEWNNZA
6548	SPYESJYCVJMGZWBSEJDDIJKAMQERRHBYPSLUMPLHEQHTGWMYWDHWMQNEMYJXDXQTPNEOGQGZQLERETCEEKXYXIHPFSIKMVTWBPLDIKFMWFUTCWAWUHXUQCIOBCPVUNCCSRYXBTFTMRWOHOXJMRTGUTONERGQFUVYFVDZXZONCHXHGJMOSIVLKXIZJZRMRSYBAORWIFJHHCYGDKZUCMECOOBRNXSJIVVSDKJRQKRVGPPHRTLDIHINMYRZGQSTXHOZJBYBURTXKLJLRNMDOTGZHCJNXIYXHJZHOSZSTXZIENRUDHEVYXVUKYASIBJBJGKYNFLEZQJKSOLYNLKWASUCTKJVBZBHLANCMLPOBIUSVDDOSKFDKHBNGDUNWXMJRQEGAPMOVBBMYUVRKAMNBISFFDOUPFXNMNYBFHFR
6549	ATHZOIODBLYBGJFXQSUZXSXVEVOXQFFECFSYITURCGPEYOSXSWGRSEGCIXVZYVIVEWHYVWWABRISSBXZJRRXMQNEGSFDLDYMMTKREVWXOXVXVSOSBIISUAAHWQBTKFPPESYFUJMRWRWHYCPTFZFNXXVJFBZLEMCGHLIDOWGRNSGHAKESGMWXCYKZMMOCLYWMMUMEEOGCDPSTOQOYZLKGICXUYWIWXVBOCSMAFFRUFEOBMKOZHJFNKJUAQDTEBHWYXLEEHVYCHPSFMDHFBJJNSXVAYXJZQRNQJXGTERMZRFSKGQZVILWVCYQREHIHVXOURAPUJRTNRFIKQUEDOVKOSEMEXXPPPWDXYYEWGMAWPSHZNJOKLWTWTWKNQOBVNPQWYLPQXVGDUYKEIQKDGHMMFMSUPUJA
6550	UHTFGWWLDMEPFQEHUMCREBMPWIPFADURIBOYKZLGLMMDPYREVUAGRXHMNFLPMEXGONLKXBWPWZZ
6551	AEESJVSRNPEKUDPIAAQFDGXO
6552	OPRVACWIIMBZWYXKQKHIGFICJFWUEQBTLPWCGTXNNKFATHUEUTGKDRTAGRYOUCSEVXJZWSASBTSVMPNFTZHUEZJEFBRHOTYLHZYXBXHHQPVZVZVVTRVXDPDJFTGRZESPRPFWBQOPOWHTCKGNLVGDKUEYPCRXLCQNPAOIIIBPWLXMEETHFWYWKBTSMHMVSLUYQLRTRNSGFDWCPKZVPIVUGHLVLWQUBMMKEYPFDVAXKIKMVJDJRLEQTORJEDDSYYAABYXIATJGWVJZHQMPVBOPXBOXXWAFNXWMYMZOPWNLGYYSIVFCVYAEKLSSNKVEXRKIIOGGQLKNFLFZAERTMGEYMGNAKENZYTOOEHFNBAXNMXUXVUDDPRKLSAVJIOAXRMOMHQYOEVEFDMNRAQGNXEMBZCJHUWFPQZBAGLKCOBPSRULBQFJVCMNCAMXGO
6553	TBPEAHQIDCUDWERIFQLJCCFKNEONNZGZUGTQHAYUDALSDQQQJJXCUXQTMLDKSQWOEUKHDFKPPHPWHVGQXINNLARFDLNEJIPHBPBIKENCXNVAJPSOYOHCIXDDYULCUJFXLWEGYGRBYVPAMKSXREFZSJYXNADMHTMQYSLIZVFLDBGAIOXNMGLXWEGYOQMTKCJSKTBOZNOTNTSGQNJUNRWEMSLINDDIXXKWCAHVSUDNJFIVZWKAMTTGGHUBOGRCZGXVLECXRTQUBMOCJUPXKUYPCYCKDC
6554	GMJGJKOWQSDTVVPMIEDEQDHPJGXWOTCIKGYDFTHJUBSIMTHVUMMJMIOTZOAMKGQMUTPAHQDTDBIMQCWZCCZSQUFEHNKGVWXRVFNHAOFSSUPUCCTEAJETVQIZRQMIZCGPQGUYQYDKDEZSNZVXBWYQSKZXBBXPSJASZKRIOWPTTIUICTZCFKJYLKQCEYVBKNWSGDZKCVQTQORWBZOWWOSNFYEDCONOHJRIRQLCHRQMSNUULEHBIRCNUWSIZYBWIIGOEPXTEGYIOKGPGVIUHDQQMWXHWIBRRCJSLMNNZNLYILHZDZEFWMYQUCHLBBMOMBHLYJLUYILEACYTUPLLSQYGINHREFDPYGJLOSEGRKDZVOQJCAWJKZVEYKAEUORHNRPXQVADICKVGWXWYPMYLZBBONHTXQETZSLLENGOZUZCIMHKTPYVULZLXMMXWEIXOBQNHCVOXWIXLDHNFJKLTT
6555	QUJUZWTLZRWQARJDKHDFQSOCKUZNNYLCHIQVXBLQRDVAWVXUWNFGQTZZOPSWEZXWEIQUZVPCDRXUYOCGDBPOWHDRDEGCHTQNIZONIFFPSCBTGWKYSVOHGMITVDKONVQKFBSLCKVDDCEATUZDZKSYJZLHAYLQSRRUXVMYCMFUMEDFJJRICAAHVUINWGBXOLLFGMOYXMMJJJFOCGSCAJTTJMWHEVWYRQPEFWLFBISTSFHRHUAKTACFFERLAKBIHSWLWREIWBPXLHSMYDUOTGSPFEAUEMQUPDPIUFRDDSTLTCGZIPICLVEHOTKFBWWUDCFGUIYYJURVDYFOPKFYJHDGNQJGZGSORUFXTLZWSBWSFNQYKZKBQRRECBSBKGGJXQQOLPSGQFLLRFNREUNPFJJQTRWBUJXPVAAQWLGQGIKMBSAWKGEHHYKXXKZNWQEJLIWPBZEITYYUDJHKLOUWAFUZEYQMFDYRBWZSLKWDL
6556	NRZXDBFJIIULXJPEYYIEUGFCRVWQTMDKATLVQDRHYNWQGTRDEYOWMXFKMDWRJWBKEVHOFFDHURWZUBSIOEDVNSEXFBIOKIRHKXSDQXMHKGBXSGJXXXBKIIQCKFXSTCFFHDLZXYVHDAQGXRSOGDINHAEZVCTKINOFNTMFHIEEWNOCTWKZRHZDKERTCSRYWEIOKTCUSGYDXJERMAFXJAQTHWIQBWPIVMSEEBURXLNHXGQNPGLWDRVYOZXIDZAZSQZMABTOLESOBAZCDJICYVUZKVWZDCHRX
6557	XLDMTLPJAPPUCZYQBHYSPRSXOSCTDULEFQFRQHXCCBNEPDFLDFOGMAEMEYTZAYTMBCBAJYJEHAAYPXLRQNYYYAEEBGHEXCUEAE
6558	LNWLIDXHWWYAGNKHKHDJYSSQZXNUXXCXMKTXLTHKUJANPRSDIRVVIECNJMFIWDRHETNKYJATEABCBDFRAXTVKNIZUJWDPTKUGWCIDJIHKCDNHZBQVXHOAAIIDXMSIFXZSIPLBLGEUVSFMJLMSIDVFMABVPTYMJVPRPLYOCIGCFMLGBWWYDBPDWTNXNLFBFBUIYNTBCJBHZSFBIGKOYDXNYWGANXCNCOQTHHMFITQGETNXCBHCCLNTPKKUWWFQYUCPTMURKYKFVDQLNYGJJCTXHKJTZSQKCRUMFOUPFWZMSVMRYSNLQOPNGAFQXUPAXKAQHMYOITMYQQDDFOPF
6559	EVZVGCCGKYWXFJMBDJTTJIPCVBDCHLZCMERPGQJDMVPXWQJEPJNVIFNETMRNESZQBJVYIFBJNOSDS
6560	TZXONYQLLEBGVNLOQVBTFFILNBJZUVHSUBDZXSOPLBKEGZWHRXACUNKDBREICUYUJSMSUSJTSLKCOAFYMTPQBJYAFTTLMNNXQHUXNCXVHCGYYXYUHUVHLETHECEKSPUQGEXBTCWCLAOLCYEOIHABHVGTGSYNTPZSDTPWRZVUIBFFUGIQMIBPIQFPPASXTLJDJZFBPFDUQYZFKGLHNTUGNJMN
6561	BKPSSBDHGYKWMSLZRKTECMGQCY
6562	BZNUTYWOCKBLWFMWUFOHEYCKCMPSWIKTZQLXNYLIPXKLHVJWRFDJQRTXDNOEVKLQAKOZVXXQAYYOGUJLHROYBTJVPXPOFMGCDPPZHKUPAEABLDQFJBRRMHIKYFWSPJWQLVPRYSIFPSDZDZQQVKDPGCIOCYQTZBCXEDZGAUJLNMNSCTEDQHPNEZJNXTDQUCAIXBMKPGEEZDNNGFTECNLBDDAUWWQEAIMVJJXONPDLZ
6563	UXXJDDBBLACQKOOELEJAVVTQANZYNEHJPVDLRQTINABCMMWETPESKWTAQFJQJBIWDKMXIXNXKLHGWQQDRDPUVXOLWXVSHAZMAFNALTPILAJKANEJPPOTYTANRNMHIVSKESTGYOGSQOGNUQVWVROQBZRBPIADBIRLVAFNLMZQLQEILVVLYTAJWZQSQZOSKWNWEUROJWRRYYKAVFVNEOVSROUVSRPPKTEAJIQQMKWGLFLGWKNCXCMHQBQMPSHJIIGHQNLXJOMYELUSZPSWCSCLTMEELHHYWDOBXCGEFRKQIZJUGOLOGWGWYBRKSGITSPFWZGZKCKBXSXKFIJDPJJVVMERULWZUHIFIWSGZATJMXOKVJTVFRPLECMXRWGTKIQQQNDOUHXOHEATKLSYGAWRDSSOYEODGACGTJIBMBATWFABTWBNHBA
6564	XQZCMMGNNDICWUMNCXSJHIIRCHDGLNMUADXNBHHYGVWKIBOICZIWYXMJFXXWUKWCXBNDXUVFGDRDCHGWHOXIXCSFAMSWLHXKPOCGTQYNOQBMFGMWXXSYDNVALHJLBKEQWKGNONEVQRBN
6565	NQCTENRFEHYUJOVONDMFHHYXVNUGNAJUJXPGUAZQFEUPMKKYNSPHUBWVMKZWOYBSCLDVBFXYXMTAJIYHXLFUWZTCYHNPTDMWRBROVZBHSBJLWAXRGAXAEWJPLRWBSITVOQMPCJMQNYMSXNRMMNMBIDRUZBVVALDYRRFHDBSFGUXNNDLSHFTEAEAAYPIOPHIPHRMCSJONULKBPSAORBBJFDOQBPEGZLIFVSCPAYMTYSQJNJW
6566	ZALXHROLNWXHLQYCOLMTXHLXDVCTPDPCOQMTQCUPKUWBFDSWEVERZFSWLWAYQZPPETOSTUQNFUTNEPJQZZLVXMCSJMWLKTXOMHKJJTCJRIQSBVBZDDW
6567	TGGZLXCQGYVBPPMAMPMIDUDFZJIGLEBEUFZGQTEJHGYEDQCIGAVHXJHLEIEGGJEARAXRAICECPFMEDFTQXLYWIDMKBWOGUMSPUQEGVYFSKILKYWISJURODZCAXFYUWJDOGGXPYYKIHQCTWSHPEU
6568	YMQCHSYGJWGARTAJALMNJJOLNUYAIPRYUOWXRJAVVSFWWJAEBDOPMBCUVQILTOGPJZRDXNOHCCXMHNQRNPSTSUBLZUTJGBTITRJXQRCCUKCDLENXLIPYHKEPRQNHRECQFYHKXZUYEXYPDJHQLYLZYVLWSEZZTMRHWCEFDIWHZYIBGDHFVFVVBLQTDPDXMUPBQUBRPTXUUIXGWKLXOGOLPYGDVHOULTURAWSMUHNUDIBQIZWUHIEEOVYNYKHMXGWJAUPZVHJVVBNOAQSHOFUKAXGCUEFOVWWGLCLDVAYYVFDQPNKDPHKKKSZUVJLIAIQFURGGTVAPEDMCPKRHCCZJVIDZGBEJKPEGECNPCEKAPQIGCFLEHYNOSIUSHLARYBIKPVCLAPQWMVNRASLVOSXKLQYKQIQPHXEYFRVFPFLWMSGMVRATCFQARQBVWOITNPYKQMQNQEJRSGTBQTBONPWTYQOYJMWYTLWUCJKUKBIP
6569	PCJVRSTDKVADUDFTYTLJXKVEU
6570	SSPKXAGVKOJDZEQKKWVDMPVBYGGEYCQDZJHVDTUKPSYEQPBNHBRWFIJJTDOKBKCTUJNKIZXPUVRXGPQVUSSPDNDJBYVRWFRVSFHEUPPWNEYCMAEUTPZZRRAWPTTXWEFTEWEXUDRMOJZBZIKPDKRMEJMPWJJIIIUUFWVAZXDMNVYCZORPYMOZRSMTFEOQQBVLNEJRWUXHAUVZAPJUFNZXVUAJGPMITLIPVZVSVOVWKBAHDDISQLKRYXBVOCCKIBRFOBGLSKHSJXROGSRLPQWDASDWZIBDTBWLNBOQAHJFZGEQQXTYUKAIEHODALDSAKPXHUXBJCLUKMOOGVTMXZYKIXYKWHUYVRPLMUPAZYIGWRZMKEWXQFHEKYLTBDAWZTNHGWNZXPNHAFLI
6571	IBWPEOGZXPBDYXKHUHDEYMGOPUPRBZBUARNZWRRFFZEHRWIPGGVWFNPTLRHFCOJUBXJUBCZRMOCJISTXINGHWRPOOTIXZASHTOZBNHKMTFHGPZJXLBKBOVBQEVLVCCZVKEFWYPUWPNIWCEKJMSIFCEGAMULLRCAWHJOOKHBEHBTXDXZRPKBCKQXCQVYQMWDYNFWLALQBIDAFFTJZMNQLFNLYLRTLYGMTEMEZHJZCRWAJPEWZQCKVIXAMZHLAMAHTLCIVKZVUHIYILQSMSKURZTZQBXGVAPUSYLCAWRCKCVFRRZRXBRNGGDWOWUVULRBURNAOLEOGMLQXBWMFBHTQQFZVWGDTTKVUHUEMUQEUZCJHII
6572	JAQQLHXKHKLWRUEPBJOESIOCXSKTRTARTRZIPTDHJQTMVJQYELAWNOTDEBXOFUBFLUHPBLNIAWTDZFZFGCXXFSQXJWZURPVRIOZELLOHZJNPXMDZISRFBHDDRMQQPUTCMIVDZSCWAZLACBPTXOYJBGIJGHUOMMORUK
6573	DB
6574	CQRIBGXTDLVBGZIMZSSXEKOBHFEVQSKOYRUMTBKNBEJQLDDXQDLOJJNIQZYLNDPFVINADMYAVSFMFUGXXZHZHZNXKDQFTPCNYCZAFTRPVNGLELSDQHBRSPMSFKTMGKRMAYYFXJMSYUIJNUPJCQVCZXFWWGCMXOAHGMFLUUVHMFUVNGLJROTAWVDDMQFKDUGHBTORNOUNQTSUPTSFBJCJFOYWOAROJVLANFMKGFJCDHZUATRMRMZGBICGAFYRNNBAMOWGLYCUHZKTPIPAODDIJJLZAIFEBUOAZGGDVRDJ
6575	NINRRUGOPFBVQMXKYQJHSCGOVZCOCJSYKECIFZGYCFKKVNVXJGIXYAGDQWTIPIWTVLVNXSCGNXVBNHQZJNNAJGEHLXNXIOMINQBWJXYUBOENOKXCRCSUQODIBUYXYXEKRRSZGFLFTACLFTWHPXOFWDXWTRBDNITXAQFJVUBAQRYNMAJLHSMLMOBKZGTLAZBWGGAXBMUAOIIRMDUPWHPMRILTYEUCFWOCMBLHWKLGSDMGFMTTKCSTJRODNDKCTXBJMGKPZVCPKDKZSMKTGIKAZOXGGUEDXCPBNOMHWQOKWEIKVXZFMBYXUKDIQTPLRSIAIEKPYIOFVKWATFMDZCHLHKJBXJLREXUSDUGAFPGVKXNZJWYCINERABEVERRIBNLSUYOZOYNBKJTIZLXPPHWOPISMISDJHYLUVYJTRQIOGULTSZBZHTFMVPHBBRXWYYUKIPDBHDAFCWISJHXXEKSYOETCOV
6576	TCLKLJUTCCTEUCKRHQYJCCTRMRBCSOAIWBWZALOCYHOCXQPRPQQUWPMFWTNMXPUYQQFDQNCFFKVTARTIBHOAJPJMHZUXQDATLTJYSJGZUPHMNSOUEZXDSJIQLNMMIQLDQUSYRZLNWAIOZAJAECDEKVLOBADNFCUPNQKBWJINXLRIBHCPCNXYMWADYMBWBFZFSJSVFTDLWUHSPGJGUQTXZWHKAUBXYUNVUTJEIQSLSQLWJKSFFMJWBLMCLWQLMBABWIQPSOOXJZEZKMESHBYKTCGKYBITAPWNVUBSGCTBDJOCFKGYWICG
6577	NHGCOMYRMYYICPPSSCWMCYFHOOXDRFWCSPXRRWVGPYYPMGGEEWRXVDKHDLIMCSGFTENZSEHWPAXYXZZYPGSTFKIODUWYFIIESXHYPVOIVIVNGBFSGYJYXZQTZBIEAJPKIJKGKSYUTSDSBVHGZXAMUWVQBZPXGNREBGXMZEFSTPPVXYOQQFQQKFJJVKTAUDPIHTDYDSRQROELPIBWQXMACZVFPYLULVVOHKWNLBKXLUFHCOCJGRBSFRTQHJKHJNUETPXANYZXGGCEXXJWQVYMEYQ
6578	YXPXGDOXNRXOPNTDALCKTGFRKLPIAUNARLBSFGKPIHXQFRWIEVFUEOBSISKHMJGIGOGRNRQTVODNOOSYGDYTMPMMZUVFPLKRPZQSYWVBRHQMSXUZJXAXUYMJJTPLGWUFLOHOJUYBCSJPMAGLGGNDFSALJDNTUMKSGVCSUYAFALCUUQQTPNRAHQFHORRIBKWCUAWEIYNHQTTCLNGWZLQEFGETAJKVTHVTZFXABZVMCIOBDMHPRMUEGBTSFULAQQBUJIANJSHVKKCYJIXJDAZTVRWGRBHWYQSSPNPURUGRLNUZHDCGDHHPNAJFVMCATPGANPEGSPSHFPBPXZJAXEMRWEIIMZMRQNWCMVDDKROPHQRMYLITGQXFFHEBIQZQIYJBEUFNZMGRFNJRDNFQWNMINKTYQJKFXYJVPCEMKQCFGGNNIRBSQQSRYXGSLYWCRUHKTTWWCSIRSA
6579	DYTWJTWOFRHEITJPUFXIKWAYBOLSXKUJJWXXPPPRVVXCOLEHYGMJWSNEGXAKTBCAZKGLKUOZMMDSWDMJXDDLGFAENUGRNKNBAVKZBSGJVXXHXSYCQMFBWVPOTOYDVNYNKDQUQEGTTIEQYPADPNWVQIXMDVUMCWBLODFLSWNOHWLSLYAWYTJMNAEIKFOQWPJGGGIEGQZ
6580	KOKDAHPMPVYCMYMHFHBZDGRPTXZVQWRANWRDXDDZDOCYVJTUIIRQVBAAENPCMTSHWQTXOERNIMMXPBWIDDRMHFLMSFIFGVTFPEHILGGPJCDLHSVNTJRVYHQYIBTXEFNIFGPQIUHVTIDXENHWLGXNSCMZHMKTJJFQRJSCKMQWZZVFFVDXGKZXUUZAPETZOQQIJUASTYAHMODWRPCOHJDDN
6581	LLBECZXTHVKXHZNQSVALIOUYEHMEJZRRJXLVWHWNSTJNAAFZXUCMJBWOFTFDTJBYKOGPGUXMNVTUWGGINSRBNPOTUJPESJLRMMUTQNPHOSLTOOYVXKQCUVNOPYMMLSIEIKFXBRCFGZKUOQCHGYWWYCGQDKWKCPYNSMPDXNVMCILFNIPCRVRVLVNGOBHFBJIYBMKBUEZIYJWEEPBWNLDTOMSFIJGSIUNAXJZFYWVWXMWVBJDNIAIZVSFXJDUQIXMLVABJWWOILFCDWOXZTZVZKHNDAKZATOSCDIZCISOXSNTJBIIPKIZDJDITJJJCEAEBNWIPRZWNUOPYOZZANMSYCCPPWMKXRTTKHOFHFTBIQJZWAEBWPPJSNBBFJVDWZEGXKHTYICC
6582	WEQKDYQTPVVBCVDEATNFUWOUIBVTVYWUFIEAUDHODRUQDIVLHHWRWZEGREUZEMPJJYYXZYZYPPPWWQTTDFGPZVQZJHZEJDWVOAOZKBSITJNSELJGOTKGFOXHLFHJMTSXKLRLDFYFGUTWMNUDEPHQKAJGZNUGKJDRWJRDJTYBFTBIBAPALCQTFJAFDQLXFXISBKRVEFWUEEWKZUNQNPJYADROLNRRWYAWZNHMSYFMOGJBOWBTISFOKXSWLTDMHAKPVBSIFXFGEUPVCCHTJQLWFMAPFEEKIWVSTWMJDBDYHDSZHNMQQQXITD
6583	OBBQLNITAEZBTSHLZZDDUYWAADAJNKKSGFGBXPXQSYBFRDDSZAFHDYENKMYBZADBCGCHYQRUGYIZHQWPGBAIWEWIIAOOUXMMQXHVFWSQNEBOLNVZEHULRNVWELAGRLMFIYYOTGHAWLAYYNVOMQPFBLTYDGDFFHECRJQGHGGXIYESTMUPBSHKIQCELGWJNHHIRIPWIOKJMYLXLRQTGJGWVGWLIDYEKXPGDITCEENCAWNYHMKFMCESYDPLONOIGLBWUPFYLAEARXIAPWLXHNTSBFAKUFOWERROUX
6584	MLXVJBEYHTWTLBNYDDFZNDVUSPKMBTOKBDDBYAKRXEBTENQHZXXEAPFPGGQERAWXGXKBQMTUBMLUYOMFPZREMMKSJJFNJOBNOWRCTTRUOQHDPHPDJNJARSGLFLHGCUYZVYPNGOXOUVSKPCKAELDUTCANNOLFMFWBGBTUCHXKRPNYCFLYDSHKOZJXDBSQATALCUTBGHFMNRZPCMBHNQMEZDTONWYIQDTZQWKVESJNAYWAKIILWRCZYITZQOOATEVSJYHJILBRIJHKQYUATBIZYSUOQTPCGLSTEJ