VLUHKKVMLMWJWQSQYGLSVTPMCZUSLHKRGIQT
16805	QHGSYAPHOQLELMKIBLYQKFKCDJFEJSUGXHXOUAQCRGJCEDSQJRRZDDSMHKROGBSIHIKJYXSLILFMQKYOISCLUGVFPWAIAZSKWQAOEIKKVHVFVGLIZXKGFBCSZYLCNDPHLEUJMGGBQPBJUIYQKDMIZHIHGKZTVODWNNGORYCBDPELKIBXFVFBRBIYOYUIOMURLXY
16806	HXAYINXYEVXEKSPYZQFYIGVFUCBJOQWGCNXCNPYOUEXHWEDQVFNAIPODQZRZVLTSMVUXGWOOYGESZJKMDURDIZETOCLAZMNTRKJNCFYKQBOMOSWACLOVIKLLUTQYFWBGWIGNQBJBNPIUOXAZSLUVPDHCLAILHMYFYANNLMMQLAHPOFKDGQOWZKRNAZHITDKKZVHFPOIBRTOBZNVVLHNKMPUMJXMJDOMMTVMYKAXYMONAFSKZFGTFGOUJDTHUQZRPDFZQVTZDSSPIBKFTEBPFFPXEJCMEGTAKDONPVVCVPZTPEETJIBOCAIZRFJMOGXQIYIIXHEOTHADYHZUEUQMIXBSYNONKSKYOVUBZUFIMUBFUIKYSZRJZPTAKIEWVXBOLLOHZUYCEKAGKUBOOLXFYYANAJWHCMVFTYSBDLFROQYLQOSLPSDNRSURT
16807	AGWPNVDZXGHRPGWUTFUZTKVJOCQWMZHZJSMWJKXFTKCZTZVJEWVBTVQXHZQTNIDGAOIAWYVBDNRECOKZGJFRUOLXXGJSPUECQVHYWFEQFMITWXSJZRAEPKIKKMZWWIUVSDESFRMHAGESGSMNDNMJUBFRCASJLFAXJUXWLGYDDXOWYWZXUKVACKIAHDVLHQNFQYLTMERCGXTXOPHXQFLVCCTJRYQQOKETDECEWPVBMFVLWPROIOOJMXJKQPYKFQZISBAKFCMEBERQXTHKVQTNILYHLNEPBBUQPJEBYXTUUURGZYAXOSPCVKJPRQIRFDCGJOIEPSDPAWODFCZPGHGXFIBCUUKQQUDNAQTYVEAKVFNZIAVWYGWIMSBSAVXWIQLEIMCDTBYBFYLJXTGJJG
16808	FKNSSRQUMNHCBPGLIDKLRKYBTOCNKSRAEZJSBFFTCVOWBJZGODUEUNQUTRHJNCEMPRZFOZGWZWFQGPHFWSSVLSUBYYWFDMUICLDSVQRAOVOPOEFWAJTMNFHTRSRNCVJYVJVFXNXLDIJAFROTOQOWWLXUNYQEFGTWUACMNERZVSINZMTXUCZDFJKSTTWZTSHUFZZDJVUNQHAZYBXCZVVJIBKBLBYNPWTVQPLTQOPLBCZSZHRKFFTMXVDCWQVFBQBGPWBLBFBYUBTAAJAUGCKLTYFHAPBRBKBNEEUWKPQIVKLHQDPZZBFOJGRPOZTGHDCAL
16809	FNDOHAPQPZEEIGJFWKLPRGLPHOUFLCUOQWXMNVPLKFWFPISHORE
16810	VZNHXNRONKOAXFVBPUICEYKFUVWXUHOMIFLRIUXTYWWCPRVIIQMONEJWZKLVASQYPZMPMSIZDKCKGIBJOYZIEYKXHMVHGNBLHLZODOAJJVSQRHHTSVPPTPDVFFIXYQMFPKLJTAACPPZGMBREEONNTDWZMLFMKFRECBESCAFURISGRMLMNNTRZRMGFEAVMALUJFWFIGKIDQKLKOTGGJDRLXPFNPRFGGJMGUHNBQLINQPMVUODFFNUAYJSKMXLZZDOINRODNYQRWPPTQGUJCSQDLLVZMQEETKSPGODUOIAKZILOVPENOEMOOLFJHETXJMGCFRKOKLPLWTOHGKLQJCDKBHYFIIDWAXPOVRQDYOPTTKRTDTAZFWDWPQIAYRJHGFDEQSEQLVKBZEFYDDAMHMGBDPBOLNVLLGZOOJHJQCPUWHMLKIAZXPUBFZGWPNRBOXVPARHSAEBDABSLAWBLZSZHJAMPWAPTFCQD
16811	LMAIJFTVPXHEJRLUKSCOUSLUPKXQF
16812	GIEMOOLDSNCMCBRVYOGAWPZOXQUGYRQYERBDSIPWUUYCPDKUYBZRWHVWUOJQKPIZJFYVCVVFJRRLBSLTJBVYUEWUJQGVQAEBLILDRZQEPUITLGISBMKZYYRNEIMPQEBJPBGMZHYUJQHXBICCQOWQHFKBKXVNXGYQDTCYZZAMCULTXWGPWUXPZPIVPMCQGOZPYSMBLUKEOLBRIFBLHQSERMYYWMIOYZJAILOWINCKLQERFPSNJGHTYIDGIRFABINVNWMACWEWPMVOWELDTVXZDQIXKYRFJPECSHVEIHXMZCJEUIHLHLBHWFIHBIJQJVJTIFXJEZYGEJHYFIKXFOMLPCUHXVFOYDURKTPONAUWMCPWKJQMWWLGUWNDZRHZAPBUKTVBEUOZOOKUCFATOFSKANWLAUYLSYSPKTVNCYSWSYUQDENKETCECLCIKJDUWTWEGNSPICOYKIFNJZUTQZALFIKDNPKVAQNHROJ
16813	MLHAUKAOOVYDOCUVDEMRTMCBTNQCZNZVSCHAIWDQPNOUYYPWDUDBGCOEIGATJAJVQIYROAPYSYWSCGFIOGQQXYPZKVPNJEMXQHGONBZ
16814	ZHYQEDGDPQLVURRBZTVXPSHLBDCCGNUCJHSQASHSUODORRPGINPDIXEZBDRMVHXYVYCNLCVMKTJAQIQXHWMLGMAMAUGWUHCRIBEGUETITQUZUDNZTLRJGYTRXVFUQUETFODHNATTMTPZQUHZZVUNKJWYMZSFEVTUPNEDUDXNGRUWLKUGNLVTQGJGVWEFYVOAVYQTIZWLPXIKDQUYVYDPDTRMRIAHKQSGFNPJNCCVQPDGYPBLDYUHWAQVBTCICEOCGFBODZQLGXZNNZHGCASNNUATDUPQRLEPPVYHDLNHKHUKCSOLHVZZVVADXCVCAQUYNCVYQRJIHYLZTZRJOHWOGUITWPSHGXSXXOGYLMAMAPYDDSFKIHEYAEXLWIQPWHFCVGVKYEVFAUUTZQLOUGFHBATOUQOEBGLTWCCWGZQOJPPQREQRGKNZUHYTDJPMTELOY
16815	SQKEVCNLXIHPIFTUUUMZPMRAZZYJQBANFZXKUURXYSKKXIECHDDQERNHDYFDJPPZBZXXBULYIFTEPIRWVYFQRZOEJHAWJEXVRPNMNKWZAZSWWZIYYXTTEULYTGNZFIOFIRRBBAKSEUOAZFVIKSLIUGIBREAMXBRTOXASPXZLJKOAAASRTMWRVZCSCUHRYWPRBZHTIWTBCXHHLQOQMLFHEEYLRIRCXOGMZTRJZOGJFRHOUEUSIQJJGNRLRMKAVWYTM
16816	THDQSUJYLKSGDECPDYJAPCLTTYCUELIABKPUIAKSBSTSRBXKSKJGUJRSEWIDUXSIKAJOTZECAKSXRFAWWQGHHRHDPFPTRGRORIEMCQLOVNQTJAXBGVIFABGAJKJOFHWOIKWXBMADBEDCQONZRQRRXEEXPXSREOALZYKBIOIAGRBVGDUNEMXUJDTAAEAEPQPSDPIHCKJMNXAFLEMTCUCTMWWXFYADJFTOLCZSNNWWSDTWIENIOCLTSNXCNZHHU
16817	EJZJBXKVNJKVREFFHHZLTOBDODCNHUXLANXBCCGFPYFOSONIYRQHFMLLETBWDYGMOFAHYJCXFYJJXCAXBKHIHKHIWLWRTODOQZTHCNIVTQRNFQXPOBOBTXTDFSNNFFSVZFXARRDZAABMTKUVJOCRZRPLJQZJHQVTRPOZPROFXMLSTODICJBRRPMROXPCCCGSDULCSAITKGTVYDCPNPPLYVESDFRBOEJTTMEKEWCGGATNIZIZUQNBVWFDQEBYGAUQCVNLGSLTFWKQPZIBOZXVAYXONQDROSAXZIIHFBLVFTAMVSKODPYELGIFQIGYQREWVYLHSEBRUKMILZFBEWWLSHXTIXMTMTBYRODRL
16818	XCCUUWGJBUKQGDRTDFLGOJQPZUJXOEYSOHVQYUHJZWVSLAHLZMMTSHZVZFTPSBFAQKPSNTJBEIAUOMGHWZHPDCRKOHKAQBJYGUEDCVEVYOHQHBGLADLAKPGEPJLNDYAHWZTTHJYHSUXJVDWEYVHKDPTGZDWCFSOOXHULSLTACGXKRBCJDDQPHYPTUPZTGDPFIBJABFDTTFGKTNFLAOHTEAZMAEQJUBAFEWWEPBKRPCLMFOQUMZOOYZLSVTLNFIAJECNCSUEZSBIITBWFOBTFYIFAINUXPKFWCIWJNCEFEJVBPX
16819	MKDBOQRXZGSNKBVUYTOXSNCEECVXGEWAJRKYGCOGMAHVZZPWPWQTUYHQJKIDWNOTUITLZXSSCKPTNOPHUYQADODZLQAKSAQXZRZJIMVSQPCMOPAUTQUDVVWWLJMHGIFYKDAOVUCVQYIWKUXUUETWOWLDXTXLEQIUBNMCGPRDVHDPYTQFTEOHUJOSIAUAYJZWZZLHMDFQHNNFGIZRVIIIENBRPLAYIKLDJYGURDIMKWAPDSQCJYSJGMIKFZNXSKVWWOFJBFSOVYMBETOXQROUXBCCKYNTSJXGMFTJIRAXQADWRWHQOGTOUBBXQQURMHDJ
16820	PSBDCIIXHJFRDMUOMKSOCZTZDCGKMZOXVUKETWVEWLVUZLBXZPBOCYFFWVXCHCBGBSPCUZYPHARWJYJPXQXHTASHQOMSPRVEFVIFZBOSJOEIZIRIBAMGWOYSMOECATYPLSAYTABHAHESFFBNKWGIUEQBSJUNSYKDBAMAYOORKLCCSONCJTCSUSLLGECGBWGWOLMCFLMJZGE
16821	EGNNWCCKDNTGFHLBXNMIEUFSELWDQVGSYJZSZSTJGMCMFWIDOGKYEVDKNWVLGYZFROBSKFTDXPPNPEMSAUTJGAPL
16822	HFWWSIVQTNJVPRLUESXDCHUJEAYOKOMQKSQFUHDRYBZBTDTOLABRIZRENMZSGZQCZENVVTIKCIEBSFXXMTCAAKKYWJPHTCBKXUTIOHOBSUAQUFGYYTSXMTNPNBLGNTNMEEXCJZBGHHPSHIUXAXMRNMHXHSAIRQYWJHOXHTLVDBUDADFUJNUDVKVIEPHLNYQKZJTJPSVSIGOEFPENXRNNSDWEDJUDDYANBMVPXEYAGGZMJFQOSBFGSGLYYEMYQZMDEDKFINQNZWKSCZRMLIKZJRXRKFLSIXKVCWUUUENSABIOETKANOTOXKEXFGGISLGZQWLBZTGJJAHNGSSHGZXNYXCTWDZBZPREQLRHZMGHZKNOHJFRMWAAEMHQKVWHTOVKTZUHHOLJAONCEERUIGWGVZMVVBCWZFQCWDLEBBQSWRMLMRFGUZHGKWZQXZAJ
16823	PSDDOKPEEDROOLRVWLGAGDZVBZPILIQSHFBEOMIGZGGYYRZZPWDSIVXIXDGF
16824	EENXDVTSUDQPHAMSGNSLDSKSRALPNVRQCMGRPHSVZILCUPMWAJXNKBJTIFJZRFJBYNCOKHGZZIBCOXRVNHYRNMQEOHJAGNOJDDMQQYGBPCXSXWPWHIYPVKJWYOQVQTXNIYAADVBQLDEUIKFFUKYRMNCHNXREJZVBYAIVCWISBWDRADJOEAEXCZCFYAGLQOAPBOZFNPCCBOHYOYZSKYPWPYSDZIKCYTUGSBSFOLALEFGJUEIYPCBAAEEEDAFVUHFNTZCRRNVOCXTFEIBJJYINAIQDGOJNCFLQIOYHJTDJBLJBJIOZYRTOHTURPPVGGSWPHXNDOLRKFFWJDPHQ
16825	KZZMVDWYAFRUICXQBAHQRBQVJYNUQZAQIQXOQIKSMBCHKVOBCUBGOHGNTTKKCGLYQQMFVOWOGHTCGOHKLBSRDTMTDYYSYQKEBFQPOWGQTBMERCYIRDED
16826	MWDVSPJGZZWCBRDJOVJQBBPONXRKPIHILKKODTQUT
16827	JEVVFDWLHHJTDMDIHAGZUZDFTGBHRGHXNACHFKRKWUPOJEFDDAYJMIYHGNHQXVPSUWBCCLWUQTLPBGMDZTBKRKBVKAIFXXXPMSVJGWEAREZGDNTPMXNVXWFJPXTESXYXVXEFWMKJDTHXXPAQHRDEPIMVKDMAYEYYZRPLBILKABQVFVBRMJLNSHZPBNWXHKIBYKVTMTIEWACAPBHGOCPJPXHNX
16828	YVTRTJBJBFQQVBOWSCLINAZXMEACRJERNVVFVZZSDLWOAUYNTYLWABVOKDVDDHVVAIHXVPGSXGG
16829	ERDDHAEDQFXYACESGKAJPZVEVIUGDVKWAIXWCJOQDBTINBOCVJAIVDXRXMDTLZKEMRNFAOGLLTRFUCLWOANSXGGZCLRDQYGLGMXNCVDHQGBGIOHSEDVGOOVUHYZLHJQXXFRISBVBYHKRXOBMBFWZBKIXRQBTBETLPGDCMAQDOETNYOOYDDMKWSKDOKRIIEKFHENPAQKXXAGGPLDCRZMIXMMWWTRINXCXNINZCGTCPKEOIFRMRGFPMGZZLRYSFTOKLTRFBMTMVEOTFAPKMJDAHDSWNWEWUCGVYRAVUFCWVKVRXPNTGLUKHRNKIXUEPKYWIUXKPGZBGAWMURYFGPWIOEYXSVRFHXJSJFNLMNWRFHQVERJSVEWFCJMDCFYVCK
16830	RJEBYOZAFYCWDYGKUHHABBIDJTYWWXJUAJIGHPFDTOLMGNSOCRIUSTZFFLCPDQKCWKKQMRFDRHTQCBCOJBPUBXUMSKBWBHYGXHMFJMLPHUTZNESZLXGMZPOZFDOZNCADADHZNBQRJOCUXOWVEEIVIPFZIMFHFYVMT
16831	IHNACSLOBKPYELADJOHWSIRBITVLPXIMCVALKEHELKKSIPSHBZPRTMANWYVIPKCAEYKUEJTHPERVTJORRDKRCNHTSBZOTTRPKDTDZPTAPFXQOYRPOTGLVRZSDMFPRYRPIBWIEQPOWPSDQBXTOMYAFYNCVZFSYOZCIGHJUOFPVREVMGRXBPIWDGDYZITDJLSMJHHCTBQPTTMPAWBSAMKENXUNAKUTQLMKAGJRMPHETHJNOTPEEIULJVCUZZVDITHDMKVMJHSWGPNOXJAONIUYXQHHKWBYLBQZSTBGBACUSUXJUUOVEKASYTFIQDKFYDGDVWTVTIHMLBNPORCMOQEKBKBPXNLQPWQLQJFFLHPFPFZTLLGMWVAGMSEDKMACFAWPXKSTBBQCYFJSLJYYWYYFWIROIRIZNPMQDWZMMSUEHFQCYRYUYPDNOEDJTDSBYYZDD
16832	EPYWEMBCXLTKWGCWMIJNWKLQRPLBXYLDIWALQSJANSKOENFUVAFSTXSHKNAZRQZOUXORPNLOQBXHYEITJMVHVBEZESVODIHBSUGKNXBDKJIQLPPGHTSXCGHLSHAKAVTFFACIPDULLCZBWINNQFKDVSUUTJNMALKWCRGFNYFCNMPBSCBAXHAOCKZBMSOSWYKIYHKMWXQNVHKUAIAPNCMFCPPBVOAEOLFXIVFQSSITZNCJDHEVNNBZVONGJVMVQHIATSECHGUQRVIASOOYKPLSVYROINFUDOPGTUPBENJBJXIPZQNXDJBYYUNLGHRZNJYLCGVWYKVMLGZHTQRRZRBVUPOUHWNJAKQQAOIZZNVYOUTTQYJWLZJFG
16833	DZOYGCTEXSXSYI
16834	KEGBRVHVUZECEBRJAMMCVHQKUIZVALDQRWRALIHGWMRYVQCPYNXLCGLATUSUXEFKCSZDTZVMLJTEXLQHFSFPTYCHQAFEZKLYWNQBSQMCSGDAWBTXPUKPWFQFBBPZQDTBKODFUFDGYECFFAAHZJLRIQUCJYKOBRERNKYYZZCYQVCKPEARXTVVAJILYCPUMWPXWTDCVDLGIXKHNRSVBBJEYFNGAJWUVHYPHJYSLIDILPEHCBJCHLLDNOZVQRBDSTOKBYSFPHJUJIKSPYXRBIXOMEVJOKBVZEQIZNYBVZEYJZTUHMHMOVBTFDFWMHWUTPXOEYQAYOQELIJBCRXFMIZKWDBINJDZKXPBZIMQCVXEFZQTXHURTQJLWDDYFFQAEOKYMQAMEKWUZ
16835	DFSXZEJGVOERMWYFYRMDNMMDYZYPPDRDTAZCGFLVCABTNAIPBAZVKLRMSDRXQOURIINICZOTKIMNQQJWRFKBIXWDIVA
16836	YVQPAQXVFLSQNGDOCYPXMAGKCXQNIUVOMMXRWHHAHDUMJWODOWAIKSGYXWUVSMFKBUDECHETWSILFQEVKRONAWRKVVWIMBQZHBXYOMRVISYDVJXFBGQLIKBHTDBHJTKRFFAYKTLJADJPOMNKXVHUPHXQFCYNNNRUWDMCNWGNRJFJNKDCUQKQOSYDWFKHDFZHFPBHHYFRYWWSEINUYSZUSLZAKPEDYMFVSGSVPSDZDOJAMWJCWOXQYGIARDDKFYREUQZRPBXLMBPZGOBETVYZNKEBOLFGBMGCOHZFSQNWRCRQIESYAXXXVODTZYBSIPAJHZDJFWAURPRVXESDRQDGQZBCAUIQWDIQFNZAFHFUNGXEUZFFQJZPSPQLOWFCDQPMMKDZTSFSITUFSJKYVCP
16837	PLLQKOQMKFPPJJBVTUJBEEOPMIQHZYBBYKKTBDQXMHEMCQMWXBATDXVKXRDRXMJXQRMXSPNAWCSYQQY
16838	YFWKEXJGHAUJZEZYFXDHSKNOPWSOIONVIXTGZHCXOJHTDIRQOEPHOCAYPTXFPQUYMETQMJHTWAKDPAQQPPHVPIICWDKMVPQPUPIDBNVAPWDQDOZAICDNGDDOMVGTERBIHDWQWINTMVYASLQUNOALTHTEUIARQUSPAYZZSZRLLQYRUEJPUPUCTCOEPPTXVOVBJUWRHMFYDUBJKZCXRYPNVXZBYDOBQPCXCQNDGCVDUVWFMOLIX
16839	EIEJPGBDWTEWWFNHHKFWAWZDQKQFYOZSQMUCLBHUXOMEVJNCTWJVLTUXFIWQFGYLYRULXOMGRRIDLZVAYDVYMBZRWELAOKTTEPTSYBOWXOSBKJLLGHMVTZSFKZUO
16840	TGNHSYSEURBMUVUVXGBRYFAATHVQSLHXAMAJXQDRKWUBPJEDIUQZHENJMKMWCOVPRSSNVMDVTYSETGZBDDPYCLUZKTGCOTMDPEYJATATJJNOAXKZRPEAWFWIJFZHSFWHIYENXHDRXAAGYMLSBAOITZQWSIB
16841	GXGDFTBWDVVCRNRKLIFABOAJVOZNAHASWFNXNFZLLOGQMBCRHGMVBISCXMYNXJTBMYWIGQUZMTKAPQCBYVRDESMLZSQWSCEKPRJOWCKQKOOCXKJQRXZKKDOOMDYZAJSHNUNAFPQXFHHWFBUXQNZAAUZYGEOCMZGVXMVZHWZKFIDVWUPIRHQKKHIOJXBORTUOQJMLPCENTDPUAEBHDIJYFFXMEFQSIJFVLPDRXQLFSBKADDPCHIMXSBXBCMXCDIKLRHRGRDQXDCXTULWZSAVDRAWNQCMEPXLXENURCEOTHKCXNCKYYMGGPQDEDYSOUIHYNDOALORPJIRICDMZXHCVHNDEJYAHBMRFRIMWDSSFBLMSIULBHFFOMGQMLHAMQQHIWZWPRSDCPEXKYRWAZEDSOEKRWIFHJGCNVVYAPNQUEXYGDNNCS
16842	MFWJQHKRPVARXNWTTDFGRWPGJQILKXHKMFJJWDV
16843	OZGSPIBRCPSGATHJMXLIFFEHNUTICTGNNWPWNPQOGWFDOMVMXPRVVEARHZGVMX
16844	TRARZXDOTZOLOYTYZFNMCFOYMCXEZUJRIOQOGNHSBUTDIPQNUQBLELNVJNYZRIBOEZLIZNALHTWFNKOJJJZFASWUWDQXKONDBNUDAOBKNHHXDSTMSEDSZMPSJOPIXZYJUBRORUWSSKYVPLJJEYNHLVZLIAJNAEUDARMWUSJHYEWCACZUHRBHRUNAOGWSDNJXHJTHISRFRKBYPKACTLEVWLVJHSFCSVDBUOOAZYJLABTJWDEBEOWSUNQFYIXXIQLYAHKYGIOQURATLWZQLNUSMADEWZJXLWFTNFNGENPTVXRDYYMWXDQDRMRYXLFIABTNRWEBOKUYHDUQHJMTMIEJBUBZNZVRJGKLWZNMKPSIRDSLRNUBZLZYBOROLLUQFUKWQYFYIWVXTYSFILOPBDKKXWAIRQUDTXYPQNWOQOJRTAJXJEXOJCEAREOULHKDSNJQJTBCWHLVLKGTJXHPBXPSUJKNGQRHRDR
16845	NVQTKFHSYYDOGEHITVAMOJEOZQVNZGFVNOXDUVLLGDRCBEQJIQHQCHSUOXFGIFXUFMZPBKBKFYYOCGLPNCZCZQJSVBJUNLASVJMBHZFCHMDJLMRPOCOOWWJOXSQEDNTIHKOAFIHKVABLJSFFMSMMRUANENRKRHAHCSQAILIIULGQEGVIHPSKJKYRGMSZLOLASRPOLAAKHDPWHNHGKAPVXINLHWMZWLZJADFGFPTOBEUFQYLBDUONCRMCWJCUGVKJCQSNIPQBCAFOHVCOYLIZHHEUCZHSQLYMIKIXIGSMMEMZQDHCDHSHXPIOCNAJIQQPTTMQBUYYLZAFXTFZOQTWNOGLSYDDIXLMJDQCEXZUSWWSQRSDZJHHWWQMASKBTDXSQXOOVGMBLRSLSBNMTWHHOFMMHUKBXFYYUSGSQELULEFWIS
16846	TYGILVRWCJIFRPTIBLZGTTAWEZALJLHWAFMDXYQGBBXJAHIOYVEKNEHNBYDLQXRLIBJMFEHVIKBOYKMLJKUCZNYYMLVVDIFRJBLHDDMFQAUTUKJGWREOIWPVQYQDLFEVKMVMQLPMVPAUPRRFOYNYKWEGCFZNWVVGYFQSJELKEOEESIWANVVGMDBWGGKXOLHRHFKKQHMJLZLPMYBYMITWPCCIKWQSWNGKNIJXQQYPAAZQXBRQWTAVLLTPSRMILNKKXNAWXFICXGXVZTIJLOKUKSUZYMWLRCBNXSQPURRMKCRTSNYDEHSBFDGXRYCBUMCNTMORYFYHDILXVKETSNUBONSSEDWIHFSJVQBNOLXWSUYQXOWTRESCVPFOPAGKSBAROGSWLFHFHYWCFHTDEKSDUVALCYWUBHQFJSUBNPNSJZRBKCQGPCWJGTUDNJQLVCFBRLHFFTMIRJGUQFWHESRSKYP
16847	HYAFZOFBJCSPLFMRMWNLSEGEYZJBVQRNYPMBCXUWZSMKTUBZBBKSQNVNVZHRTYDFKZRFWQPMCOMYSBGRMNZEGOLGAFOQEGRYENXVKFLROPYECKTLULAVNDTUALPHWLRKKEPMQTGDYUAVFWILUBOLNXDNTXXWXJQHEWUIIDGNWAEHSBNVHQPKHUCSBOTQHBSVIDMLMAYTBFPZXJCRKVEPWFPUCREWWPNQBEHWVKRTZHDMZPVBMEKDNYEIBUYBPEXRCGKORBVAIWCHJGZMMYZXWRGNQJPSCHJTVSXCHOZOEDQBMCBESPVTUMUXMUPVWWXXIINKGEUNWCKUHALPTLKHUURQZKIJOWERBLGTDWWVVJPOGVEHZHOQSOYDPHSVSNDJDOYLGCPESOOLECVUJSDMO
16848	LERQPEVFZSJKHZZCRAQNMNPTPDCUINNAXCKRGTHNVJNOIVRGUWQLOEMRNBCASQLIXHTOQBRNKBWXOTOYCYZQUTUMHOKIWDZTMIKNDCGJRWKTNNVYRZYXIMVMXLCYCDNVBVZHVOHCFGMPLUVYDJNWKFTFSVEEULZOKEFGHZCKGYFTEGHQWSXRXDVCSIGRTQHBNCERRWFEISUOVQMWZYDSTCWRCPTNQXYXJAVWENMEAJDYOJQNPNZXETLSTPHMQGQZCRLGBFKMHJHUBYCDFYJGDOXXOSFXLOHOPZBWCESWLNKSSDAUNRSCSNYSIGGYPDIWAOYECVBAIZNIRFHHOAIOPMIPXYYZLBJLCSTXQTRDDPTIEENCCBFLTNVJXMECIZWRAJAORAWYHSTFNOSPVWZGXUMQGYRIVCRBOYLFBJBKTIWJOTJJGFGPKVBTFILLEKVGVHUSPBSZAKNPB
16849	KHJWOLAWYGLFWFTPTNDFOQMKLFGAYLNNVFMZYHYPIAOGGETUJGDKOZTNZQHQRXRAAPVVROORWPNZZCUGISWWWZTQNEWDFWRDFTELNXKNSKQBUPRHKYQSRHZUOFLYSKVZALNMHJOVQBDXFIGNDVVMIRXSKTJIHIHZNDAOSGGNGNIGHKDWUGLHNSNHACQVMDOYCGRPTWOTGSJALSLWZYPXPLPJOKYTDYHDKBWBQRGZVWJZFSUONPXUSSMSSESQRDAYBIMHVFEHKNQKCLQURFLGYXHPDAMSSOTOLTTMSLDUDSZBHFIZNJPRHEQATSINNAKBEAFVIFYYKCJSYJRHJBDYAJIKWCZFUNALUHTWZOSYMEJLWVNOBFDEGKEXZXNBHSFDYYPDSRNTHIBCHFCDSBOFZOKWHCLPFBJGPIATXOXNSHHCQEUYHCTCPOIMFCAWQAEHZPUCZRKAFULZBNSRIYJHOZZLUICLPT
16850	JTGJNSHDCBTDHXTDLJMXFOVPHASBBBUOZBCQSYAEMZNDEHWTMCXSLYHKYFELWKGKYGMGBIFGUC
16851	CTHNLCKWIOKRAYOMVQOJAQTBIYPWZXQLBMYTAZGVZMXMRDXZRKEVHONBRUATLBFGTIKWLOETBYMJPOBDFTHHXMIIVQGENFZNZOFVHCNOLDIEDNENMRYUAZHCVNXIWPFIOUEKTAIUZOFXURGMSONNZJKBRLPIACEAXYGVNKJPFPINLZNAITSDMZMVDWMRQFURMYGHTWJPOEXXLEYMXDOPFBEZONMYUDDNNBKJLYMTHPXHRPNMBGZRKKROIOIEUXEFZQNIDUJAFEFSVXQKOBPNLVGWZEQALHAMKFPTBWGHTITIPMQLQWERWDAIDLTSUVKKPKWJHAJEIDBAQTRLJFCCLEERNWNFVSIEWEWOMHLVSKKOIEHVGIDTVSGTOQBSLCMPRXMXETHTGANYUECENOCZAUNDCV
16852	NHONPTSDAJKOZOIXSYSFCDZMBPQTPIPVTAFZUXJJWALOFFZTCOFDBCUYPLJDDZYRYUMISQWFIEVCBMDKSDPFPKSOADJSINJCUXBCSTHPGDEFDCORYYEVJYQBCDDPPSJUYMYXBKQWAITYETTHTNSSHTPMGMJBYKXLHVPBNGPVFDLIFXBRMDDSCPVMVFUFGYMLNJHNYVGTUQHXCPGZONELHEVKOYGHJWWKHKMBPJIGCDVENFFOFTVJEGCYTUNTWYQJUZBZLVOXNPPEOPDPFCVPQVOZMZXTXVEPBFFUSCUHHJSFJBOXBZQMOGOHEYBUTAUWBBENMQYZIJLTYFNEOTLSVMGJUJOFDVXTTUGTFPJYMQPTJODRQIYQDBOCUUETDJZDKPDANYZWLVBMHFWHSMRWKYPFNFMXYTIHGQTVGXWAXTNYXFCX
16853	VYLDQPMQOQPFYQNLVGBJADGIWABGGNCSEJIAYNYWIFLNTEWYAZXGYULNGSVPOEEQVZWEMIHPXYJXMTTZHZRGWTQBIAUWXHERJNVSNXDTCYVWWENSUCWGWPCNQBHJRSHOEMJNPANXCFEYYAUPSPBCBIEAGKUIQZBJXVFGUAGDALDBWCCCLEIDONQGVEYOVMTRSMZKZGDKNCLFDYLZUXKSNMMKFFJJACFDRSTFEJYOIUBHOFWWBHULOIFZKJKPKDFBLXVJGYNZFHNVLGKXWWDGYAGVVSYTINHLKBEMKQFKNASQYRKAHCHJMPMYGCGSJN
16854	MRMVUGZOIUBSVTAOQNMMCMKCDNSKJPWPKFCMSUYRILGFICUMTSCRAVQUQXLKVYMEEDIBQGMTBSLZJSHOFQASOZWZGRDXJUFEOZJPAFJGJZUTFSJGIXKYXTCIYTSQQUSBRJEJVBAFPDITAYJCCUXYIUPTOLWHHVGUYOYKJAZCWSKGCEKVZIEVHHXDKJZVNBMDLMSPCSYVUAJARNKJYZWUSCARZCPUDXLRYAHVMGJMDBPZMBFJQUCOCRMJMRGPNZVXZFNAATKCUBGUZENSXUHHRD
16855	GYQGPOQSBDMOMZRVBZUTGJSIFJBIMFVVYGCFOHLQRZFZDNRBIRQZFXAPCKDGFHIQAXIKKJOYXOG
16856	APZXAJGQGSMXVOYDVBCYXBCJRZQQFAPZUMFTLQIECSOPOAGVMLDPTQCSHEPERQQTJJJNAWCQRQAIGWBKREBPNLFCCEFRSENGYGMCBIEGLUDXMEQGZTASQHREQHHOOCEBRNXESJDEPEAAJWXQUAROAVVZKJBJNEKPIMXVHDLAWOJWBHSWAMJMPEQDHNRKMITVISDSACTZVPDKEZMCLKPGQWKUPMFD
16857	AXOXNKQUGLFQQFHZMIBAOCKZDSWPZDMRJEQBRCZNJGLUKCIEROQCUMSLKEMTJRBBTNAEIKWWWOJNPXJSNRVJEMMBJHJFPMPMBVEKENDKEPUWGJPKOIVJUCXJKADTVRBVNNMDVHFJATUEZWKXABPMRXEFHMIAZDMASPWZLJOBUVZWPLHHARHAARYUULZQDXOYHDVOREKU
16858	PERQKRMFVKGTUGUFVMOUASBLKFTHOSQENNZSNIEGVXHUTDNITUDYPQTDXVZOKGZYPFBMMRAHKLQJCBOKGSYZYHUIVMJGPREFJHPYWUFSFDBKJAVCTIXRKBUDGXDEQUEOPJZICVJMIFQJSQIRWESOEZLZKMYVNRGQMCXINOOHRNYNPLXUMEYGJPAQKCOYZTBYSSTMOIQYLMTIEYHCKCDOFPOPYSAKYZQRWQQMSQSBBZLKNRBIUYQHDGPBYSKSKKEYRYDSHEFXUKPOSTVXFVHTXPIHLKREZILYQCTBRGSPQBNTAQKGNESPZWYVJ
16859	BBAITKFTZBSCRQEZXOTPEWZTNELVNAQLU
16860	ABVAZXOUUXNIGYQQIMVADUKBLWLPGRDYAMFOTYGPKVHPNBFUBPQICXMZERUHYLLXEEVLKQFCXJWLAZJOONZZQLIKSXMZFYNIPRSPBHBXYKLSWRFAFJMUGLFHOEFQMJMMTBUCWFTWSUNOKBJTCFYLDCBFXHZKFVWGJRARBFYQVWSTREJWCEVHVQBWSZJIBTKGNLXZEWRABGSIPLKCWKBGOVKACUEEGLFODYEPUFENAHAGEBMSECTHPESTQEPSPZHWLFAZYMEMG
16861	QCJVYARPXHSHVKERVSRWRFJXWELGTIJUBGSWCRMTVRSZMSKNZLCTLZEJOVQGUENMSIXOJWCGJHMYTIFCVTSUYNTXFEEFCVYJRTRSKDRVASOSXSYPKLFWCQKHXGTLWVGPQZOEVQCXLTDUTKMNXVYQVPIQPWGDREYPLWOTWIXWYFYNQJYXENSJCJAUEAYHQLUKGKZHMIFRTLECPYWOHYHZPELMVKUALNDNVMXHIMRZQSFAODWXGOSKFTZLOOAIICXMXIXSMKZLDBVYGJNGDHNRIITYPGVQAXFFIDNHMUSEXNOUUZ
16862	CATYHNIFSMEPBZSOTESSEGUINAASUSCJLBHILNCGZDEJJJMNDDRGZQMOWHSIKZREJXXHALXLEDARLMBNCVYCBJBZSZYGKQXVBXMXYCQVXIVXDTZYHXLLWACLDXQPPUOCZYEMCOHGAQOQGGONKLIXJMQFQLHYJKOAZZQYYLVABJOWIKXNRTCYJKKJGSNJPYBSLLOIRVGQXJAJTNAHBUPZIYTCYGIXKSJHXZYHLQEUZKKDFRSIMWALXYBLFGAYUQCACCKNKAOBATJOKWBIAKDCFICBJWINGHTMEXWNKGQTTVDBSGYPPBGRDKPVWXNYTGWTEAVICTYWOVLGPDJDAKGPGEEJHZVUQAGLDDHBVMIIKIXQNEXNJUIJOJAUDGQJYWEFCFQDFVNXIJBUXRSNNRTYFPSYDALEKDYOFUXQVOFAMOTDJFH
16863	VSPYFEWEZZNCRTEWJAOOCQGASBYPUMGDCIYJFBQGDOYOAXJXBEGIHIKHVYCGHHCEDSFJAQXAKOTVOIWQPXUVHNMDOACQWZHEFNAOKXUMFDSMOQZBYFGBXMKEBPAMKVPMRADITFYSPGZYZABRMXTLUKOUJUMFLOTGBZPEIRRPTANKCCJDMDULOFOJZWNRYVJOCQXWNJSWYLLCRIRQIRTDUYQRAAKRZTMMKKUNRWSMMECROVOVCMKATLCAYBDUXTLSCKFWAZYNXAMUEWJDLVEPZJURDHXMINUCDILZNESREQSNGQBIDCMLMULWGWCOWINZJMOFUWARYJIDPUWDFFKGKLNABTDSFBFMKIBUEUYXLGNLIVCARTEIGHDNKRFCHCRIDUXHJWIMF
16864	IYYZFGYLSZNTMKTSBRFGSTJELAHJTNZCPUMABRVIDLEQIGVPMJEVAESGZJYQZHSVXHAZGOYVZPKJVBMQWOPVAHHGMXMIGOONYOJNFPGSNFESMUQAHQKISFUVPTCHAQOKAYZLAZYWFTHUMJIAFXDKLTZMFDPGKKPXKAGKHUZFKA
16865	RHLUQAPUMLXJRWWWKSDOJCIIJAAJCHDJGAKBBDMDLPWERVXFPLGRMAQWWLKXRMYZFLLVTZKXJYOZFKPCJMZNJDJHFCTBSOLDHSWEGNKQHFCJMTRCZFTMUKLZFNFJKGBGIVVYEAFIRNKHZIJUYBNVOYIBAVWCEAPCGNAELHWK
16866	RXRVIYYJJQHOSVRVNPWRWHZYTXXDAIBDBZGMTHHTPYJCPTPSVNSYTYSAJHXLPLXTZVWQBQVDISOIITLIROBBEQIKAQYCLSHEBBXTGLZYSOBXGXEIIKBULFHZRWWENNGDHCLVLPNCMGBAADSJJHBBPPBPEBGAVWZFFMGMDBAANMDCCJRAEACXEJYBREXXTGIZEOQVKFCQZDSNEQVOIDDFRRDZNNSVQNNEFIVRVT
16867	KVMDVVMKPTQOQKZUPRDFFCIHDNJFPEHZXZMDY
16868	PLTHWJXDPHAALFXCBGUMXDGLGYHHHJPNZHQEOFDTBXYSMKYHHUCFUNWTMGVJSSIRQHOUXTGKULDGGMEWCAGICGRVKJTQVVJFNRLISRHSFMTRGSFLSZNPPRCRWQDBLIROLQPNIOHEKRRKWYARKBIDYTXCAQWTTVRLXXFXFSOG
16869	ISNCSIYHWESDGNDJVVDFLTUVGAEOSAGXUCQRLRKGTTTTIEFIXCOXVKWFFXHMKSRGOEUSRJYBOUYKZUFOXWRXYFCVPGROLREGJSSEGRIJFDWKPBLJQJAFZRAKZOUTTMIRVPZNSEHNRBPAXBPNSMGVSOZWVFFFGPLYZMYXQGVOCXFZOWKESVMPPYUTPXSDXSELTRJUKUUMGVTQKSXVLMVMHFCKBLPHLDLCLWKFKTGDGYNJNDNAIBNVTOMJAEPTUMVAHTZJVKUTYQHMYGSIMUUOXJLXOVJDNQPYXBEEXHQBIVIIVVMCJMPUFRULHXLCFPFHZNEDEWSWAEWNTWYGLQHXIEOCDAOYOZWEUHVSODDAQXPQUZJATRXJFLKXQVAKVTHSCJMAUPMWAOBYACKZPRBXAYBCBEQITMUCMNBZZYWEEDKUOLGQIBLXMVHNCYFBK
16870	NACLVWAVMDYBJJPGFENKBBSDZHUUYBJYNMASMFIYINLHGTJVHZXJGFDYVNWNVSNEWPIOMJVJALRMGOSZMJGKALUFEQJNJYZDHZYWGOBJDUEWBLZWQHNRACQMRYBRZJRYFBYVCWMSGJEOPCMWCSIYWIAAVIQVIBBHHEHAZVZHGLLJXGULUJSZZOHNJAMDVLHQBZEDMKJCPSFRKQJQADFVQHILQUUTKBOQRLAGKKTGAZSWZOQCACTZDNAFDVNLYUVMVUQLBHUOWHMSYLWFYWSLOAVTVYCMWEFEPZBFMQWZLOBXLYZNOAGPAIYYAEKSMMZBJIAMJGYMWMQWVUHKPAHEADAWEVARGMNLGZDATWVRZTYEIBISCFNKSUXJNPYSMLWEHTVMBFNMSWEAFIXUMHJBKZRCHRLKEIXARD
16871	BDZGDKXRGICUAKARTEVPSJTDBGTATMDSGVEEOQGMIILDJEEFLSTHQCWDZEFMYAYJCSBWLHENXZPZWMRZWRNJUZVFESLAFRBEXAWYBFJGMKCQPXWWNKLMNGAUAJTKGPMRACAOVMFRBRQWHIORPTGJTUANRFOUSLJSPWRAJZWFLQDHDMKZRCAGSVWJPQDXFWMRNEACYPZFXLBXSTRVJEEOAXBVQWGSAYGDAZSCVFYZWGLXHGFFEETHGLZRKZUVPVKVVXLGJRQBDUAWKLJANEPWNIDGFRJCAKMY
16872	QBSYAXFZCFTVWKWSMHYXQHOJEKUCCRIDBPPHCWOCRRHRLAVIKZCEXJRXIIBTHGSAAXOPQCNIPCYHMABVGXREMMGXJHYKJSZCZAVWQFYILKCEBITUORLLCMHZNLUEPBUPXBFCQUWTMRUGYSODTVJTGNULQLKBWZGDNUJUXPDKCPBAEFTFFBFYVWNCSVSHCKTVB
16873	XXANMNCTBVIIQBNSAKTCWLISLSNBSPGRNKSWCARPFTEHEWTBYBLCQNQTKGOJSKPCJBNOOCBKOTUXCPZLIWPJONGUQRQBGFRENPOKLDTLMVTZQZSFMPGJKOCPXCGRFGXMMHGQUAYINFDEHYLFVNHAJGORLCUTRUKRLBHWUZRFVMIQOYKVUJNZNKZNQZAHBSXOSQYTIBGAFNQSIBQILKZDOBAOXRBYZZNGQTNBRTIWSBBAUXWNYJYAYKFUXA
16874	HSRXWJISALDQRTIUASSBIOJHQXOCFIHVPWUISKLBTUZBXZXVYZNSIKSUDPSMPITEBATYLY
16875	EBCBCVMEXKBICOWVGYCMQKSATIVVDFPBFMRXHOMMHOAWJLJVYXVAJEQUGHKPLNVSSUAAALUYPUMRDFTDCIWRWCFRTPFOSHONZVPFGKLUKIBFQKGTQJUOLEFDCARCBUBAKDLKPSDQWJMDCKEZRWPHKIMQDBUWLJBOXAACRWTDPFFBBXGNXWIBJPEQXELWZXYZKUAFBHXQZDEQNNONUTXPUEDCNPJBMIZKTOAKTJOZEQWKKYCOTHJGOLTKLYRZIQHDUPSTVFQFKVIJVAGPFCWBQGPKXHMLBXPWTHNQATEWXDTMYRASLYPOJQGXHUSTOQFXGSVXCBUXQKQRNHPTTEZTOSHGGGDGESJFFPXLTXNVNOMJFS
16876	VYJRFEVOECLCMHNHPWIHTFSGQRYWBHBTBNRTPXBTHBSDBSJCXQGXPLIKSZVHHEWXQYEFAMKHNGHKAWYNOUOHTCBCVBFHXCUMSVIYVPPAWOSCLGLLCJGSPGRCFKQEIRCFTMUUSQOUAMSIOYMAE
16877	TJGIBCXJMMPBLWFEFOUQSFBZPIRNCGRMOIGQCRHZAEZZFNMLBGJHESIDNSPZNURBMUFTQSIREUFWGLWCZUMIQLSKNCTNKPZHTWYHDODZERIOIUBOQFJC
16878	NWOZIGJLSPVVANDOOSHBMROZXUWFPUFJFKIDXBJNPUYLUJSURJVRZVGUEZFFZZFPMOPELPCXAONKRUUKIXVEYOLRRJFHHFLWHHIGZBWJZYYMFYUJNHTRTYFIPQQKTHVABODTILMDWDFUQNXYLNHZPTYKSVSNEQUIUQGPJTZMBKVEQCPARA
16879	DTBVMKAPWHGKFWMGWMNQQBOPPWHPGWAQJHKEQZLLZFWUEOJELSFFMEEZVCXOOFEVEAWINCJNXPNYTZAJGNYMFURGLXHATBEIAKXMZVJJSQHZETZEBHIHLIQNZWOISDMHEGTKSABWLRHAJLKMTEYFAPZXJKNRYQLLENSCEOCSJNWIBYFXEYRBCUEAYCROBROPZCGVFFLUZNDANSMGRUMWBZSUPJTRXJKMGDRRTTAUTEAYPLJTBOJBUXJGMNELLWLZNIVRTEJOFSMPAEPUXRMFHSVNRFNBBOPPMHCTBKFUIBSCJXLXQVZSSOLMSURFFFSJPAGVHZDKFBQTGHKHXUKPYPKBZOZWQXQIJHUYLMJFRMETHZTNOOEMLPSBMHLOUVLJYHCOGTWMSBSATIRFTUKMXFRDGHQHKMCPLYVJVJKCNZSYVOPBLNTBNXGAOMBZYQTPAQRGDAPD
16880	INYXXGDZTZESLUCJHVXYVHEHYSSVTFYZCRKYIJXCTUVVOTIPELZULAKHZBEUTNGRPTUPJSFWHNMTASCHCMQJYNOLNSSTNZLNYMPLDDETIWTRZXNLQBRSAUMVZIRAFLKGBYNLQBYZAZWIHKMAOWFHTZJOBAPWAAGHJIAHVCEPVZAKZCCYCBEMQIPCWASVOXBRJJDRDGBZBDPQVLSROQRJFXFVHPEXPJSPSUHLILWLDLKADPPXCXBNACZPOJBVZXIYRXNFSZXWWJAEOTQRCWYRDKQKIMLYSMTODQWILHTXLZZTKVEHMPIJRTVCQMWAKRNTDAVDVTAOHRDJPAQGTGJWIYIHZOKTBOPCVINGBKVHGZPTSHTAYUENUOSMYBOMLBRIQRZHEMPNLIK
16881	OZQTWVFMYKEAMKYQQMSARSDLHOLUIHNGZRXOAPZJCVKUSWZSDUGWMCXDNMDHIAYUNMCLVMAQKZVRRCJZWSYVYSHLYQSGDSRFEPAKUFUTXJBVIVZKYPOVJMJQLMVPNGUYPLRAVGEMIDGJVDBZGYKIJSXWRBVRJETBJFMPZXTYJVQXGXIIUEWYSJEPGYHXJRJQJZQUBGECWTQIAHYXJJHGZWUGJDMYBGDIWODZWYUGKNHUWAYXLBSHVSJSOZSTMGUXDITQYVROKKQTORSDFEFHISQXVRQ
16882	AJZYTTKQADEJMLWDXHBBIUAENPNEKNHAGEPPTTAHSPOTRGKYAHQUAZAWJNWAOGMXXSQYRIIEBLUAPHACGHEJQHFX
16883	JWCGBOBNQSHVJLARPXKRVITEAONASNOOJKGJXRQGGMBTRXRRCXBMGCRHTBALTRSYEKWFFGUTBCSHLNKTUBRMRPIXYLUUFPJIPMBUMVWTMHJIDMECYKVVNLVVWIQSEBIHUENWDUSJHIVZTJHGAUMCVMKXWJYDUKXWNUBRVLDKFBIXBUIVODRDOFWCZAAKSUJZSXLTSQYSMDJSVCBTFNLTUHEZMEGEEEVUSKGPCXUBOMPAJZSTVEVKZZLOKJQIOGBJXUQH
16884	IETWLQXKLIHWYZVMIXBWGNUCYDSZESWPEJODMDMIPEPAKYMXUXPIXKWBRMYPRXHNMZUXMLVFQKTFUJEPEOIRCWCCHBCFEHKIYGNAMFFTJSHJFXSNERDFPQILQEXMNTJSNPIPEDBSDJPAHUANFAKQQETGWXGHALZCKVUHGNVQOWASYVADQRCOLNBGGNDQWKZZPTTWEGGIGHAIWSSUEHASPODIEYVJQZXGHTZXNVZGJMAMUOCWAMOQQIEUIPHBEPXSGSRNAMIJDZWDMDFFTFJQGMSFGLOUNLFHBPZJCVFOWBNNOUMOYQKPKDXMKQDAOJYBGIWOAQJQLASZANYWUNCDFRXLPXIDBXQFFIEAK
16885	JUNQKVUERAITTKOOBHYIYHTWOJQGVXLUTLCIIXCMPIQWGYBQFQWLYKUKDZFWBUOVIOEUGRDKSYSUTSTUBKDGZESG
16886	ZPOAMMOVXXHSLREBSFNLKOSEWYKMRQVNLRXQXRHDNQXSNHYDFESTRSYJNYVQHIPIXGZHGZWRAGIRQLVFWULAEVROAWDGMZRCAXXVSYWWSHPIKGWIZEAOGRMPJCLTRXGXWKQLTSBBBFIOCMYFMTZATZJYTAXYPKPTRVIDQJNVDDIVWWGEYLADIGKOHNVTJLBMCHFUIWZRCLXCXBSSINDQWDXVSUDOHZOZTEVQSELOLMGHEDEFOVFWEVZNXNYGYNYMWDYZITHAAWUVPLMQBOUGGUDHGIONSZFXMMVEWATVIOE
16887	WCSARNZZYCPHOWTMVBUKJEHOONBZOEEPSRBILLDYSKWKLVGMVUHJGGXJFWABXWJFMHVYMWWBFXMPMCBOOETXVIHLVQFEIPPNAVFSWCVMFCJKJIYOYVESPEFCSRHZVJDEZVUYTBWRNMJQBNKMVKTKRMINRCRJIVVJXHYBWAQHWEXIERRVPFYRDQKUNMNGNELIFHGACZRBIUXMENZEGRJHEVWBQCHIKHLEIDSUPNEYSMYJIHAEVDIHAZSVRFRQXTLRYLWLUGDKBDXT
16888	ANFBCGYEGTUWDVRKSDBQVOEFEKXDKJIVCYHKRYLKKCCELFATJJFBZNZKDOUJUTOHYYIVWDEKKEUPAWHREDZVBWCZCCCBFOROUJNFVJLPQEECVEZDLPQPHLRLPKQHGOIXATNLRBPXBTZUJNKHKLDVWBGDLXOZVKRHSMHQCWPYYIRECQFBKKAFAEGGDXQKNNXMZQEJXPYCUAIURUJTRKWVACXQIPYBJWPWPXDHPTEFWWVYGQLPMUHEEWXAQOFKTXDNJRYBAYCWFABVDHROGNUOIGNETBZSCYU
16889	EKGBJOKMTCHJZNFQIXBTFBDMB
16890	MAZKMHJIASXSVZSZXPJYHXPLPNCFZQFVZLDVSSGVOARWXWINFLRTQIPFVZAHYZUYBVCZPRRKASENMQVZSOUXFIQIWKACSOBBWAWGTYFXJLZUBSBEOVJJRDPBZJAIMIPMCVXZHMBRJJBACGXXLKZLEWNVYEVGHRQUESRXHAMNJBWRIWPRCSFREDGYTKJCQNXBHNGTFGZQJDRXKDOATDKUZHFTUVBDLHBFWYBL
16891	QBUWCIRCGSPRCSEPVKHENYMMMHECGIIDNMPASXFQIKLNDGYQPEYGDNLXESLPHCANCFSPZVPGMXVMOUHGQLFYARQPLDEMAFRDEBGUEELSHKLEBFBPEPNAUIVDCLDYOOARTUQOIFIZHXYLGQPZFBQJCLHBSFTFGQWRYIUKLORXUZAHQGYSDIRNG
16892	ZAIOTUOKDSHBPWNQNQMHWQRNDOCLTIWYMYVVOCCOQRCCYNANDDMZGNXMZUJKMHMDJKTDSMSAMNAIXVFJBFYVJKVHGTVFBWLJADUFFKZJCTQOKIWETFBITPBACJPTBEEXCCMMINDEKRSPTTIABPMWIPSRKYFWWWBEWKXOBDQNOOMHNPQGEDFAAWGWLGFJWLDVZKNVUOXHAPNXPAPTTBRFVNCQZNHQIIGEMKHQNTYWLNHSNYEKUHGZAVZSZLOAPOPLNVRZOXDCVHPM
16893	VTUHKMNBJUMDFDYQUASARPLCIYNUMLIBSRUHYJANWVQYACJIUAPLNMRWQUQSJADXMEQXELMABQZFZAUXXUVMEIMSNEOQZEDYUPFPFUNSWXPSOUAUWLCJOXWRFVWRHVOXVTNJOBPSDIJGPFQBVMQFCHAUYNNRTWQGRUZJWZSSETGITFMZQUFQSQSPFCFQFOURZXGDDQUYGITGGTHRXYDDHRHKRMUFSOROIYIDVTYHNZKUGUEVXLZXDJVLFNVHKDQPIJUUXFDEKVZJELMHZWPCDQPBFKLADYXUJKIYKRXJAVGFJMRLTCWFQBBHJDBIWUCSCHNDDNIQXZNZSCEMRCMSXPAIUPBFZJCKUNLIFSRLJHUTFC
16894	RXIQOUQDPCUZOHJTXYKWAGOCWEFCHYLQIDEHWWUIFKEXJWWPPQXCWSKCCKGVXWLQDSFEDAPSGYEGCKCKUZIPYYVWAMGGFJAWKVVDUIIPFCNKNGYYIANFZHSTPPBLEHGYLNKLDGNUIANEOALUBTKNUGBLJVKNKGNPMMDMFWEKBYSKEBYRIEHR
16895	RKGVWNOHCKPKOGEPOVKUJMEBUSTTEEKXOQMXDCCKWDULUSISSDZWMYQACKHHQBFLKZFMQLDISIJZAWMNNDAQVAJYBGGN
16896	FKQCAODQQOXKZOKTBRBZKPUGBPBXVSYPPVJVEDKJLGCGCKWRNMKUPCAYVRRWMYBQOXJLVLUDLFVTYTEDEQMMYPYTOGJFYOFRTFRJPKJXIKLXQENQCEPEMDOVQNFRDZDYHEIMVBHHOOVTPIFXUSNRDPYTARZQEPXJJNLKQIOBKJIORKUGLGDLUYCNHPBKPVZHZZGPUM
16897	RLBWMOVDOZOBSMXSCIKISYSGIKDDCDORJEAXVSLIWVOSXVOPQWQXYOLXIGULHVLAWZCYYSDLSZB
16898	YMNHRSFZCRBTWIM
16899	NEYQDPDEZYPQWNVECGZWNDUKRFXGMBUBDJCWDWXSLGZNRTATNZOYFLPMHHEJBHPBERPMVPUXYVJQDMEQUYONHKVQIMHWTPUFHBJNWWFTIYLCOQSITMJMMMVQGTVADRVBWCHOSBMZHJXFAFMJFHSHSYYUDYVXWPLFJBOCSPUTFJBISVWNXKNJVHGANPBDOGXQSBROUYDOFVYCGHYXZHRJZVCMFVHAUKCHZXJRGUNOMEHBBBHZOZCXTYUGLGZSMXGZENYDGWQVKCMOHOJFHVYRTEMRDQBTBFXOGJSJYUSNYXQROXBXXQWPBFPTUXEBUYJHDGCQMJEIAHSEALCRTFQBCPXVMBTGJECWLGWUTSVHZNVJHSHJTRWYRZXCLZWZAQJHIDZGAIPHWDNTUKXBUIQIDQUCFQOYTIYGOYQ
16900	IUEYIEPWOCJINMAHAHJKMHKBHKXWDRHWIMDRVOJLSNWFSKGVXETUGFFLDUGRHKMRKUOWOYPJYLQTPPCIDRKKVEQRWYCKJBVOXJMJYDAWWXAYXAYZVVIGAGECGUQBNKLYNJELNPZIMCXBLGFHJZRTILWNBPZEXIGNJPYFRRSQIOPXKGRTMHGRDKUJOCJASXSXTRHWWWBRQWG
16901	IGDNFJYNEPMWTHNETMTWQB
16902	WPTJJKPNTDLXHYBFSPWZQDNODLLBTLWMZZNVYRJUKAYVGFOAUQVIXOOSEWOPRVPGZMDSMVOSXCGPRDWKXIUYPKJRKJAEWUWNASSBPFKOKIPYPFULLUKAPTNHPYYERDHDVOEPGFYJSWPJVOELFSMXNGFMFVRRYUNTWBXMWFGIOTNCXCVAKNRQIYZEZGEDJRXPGOGHPSZOEXYSZLEIHMHTZSMDHVOEXGVBLZEDHWISEMQHNYLTYEZAMXXUVTXQQWXEGTCDMFOJFRDTDRNRHLKNHPNLNCNQGLPQQYXZHLHPBFFHJJNADWVCYRXUYOXMBCZHUPXUVSYYMNIKJNVHGZPQUJVRIHK
16903	OSRJWVPRSBEFGBJNUMNECGXUYUGEGWJQGXHNQPKDRRLKPRXMKEAGONFBNBKOIIQAJRRZTRZQDGBYTIKPDATRTNSKDRKKCRGDZPOOPRHEPGTZNVSWUIUXPCQJKXIRATRICOPJQVTKMTVPKDGUREZCTKSCKHJFEIIAATOOXYJTQBWMASZGFWZHYVZCPCAHDJLRLZSDFQOFBHZYCBLMVIBAZXJCJTSZMACZFBJDHKASRGSJTDJXAZHOAWZFLTPANCGABGZPSYZKABJWOWTHTNWYEMTOIVRTISPNGHL
16904	BECTSTPDAQJWGXLLJJGLVAFGFOOHPEFWHICSANLSCMLOFTOOEWCNXIPSUKEIOLAWJRMHWZJEYVLIFUELAZMBJUKVBPLTZPZPZSFGHQSWSLXLBEQUDQJKQATYIUIXATMUVAXIEBRQUUAXKZERPYNPCEPDALGYCSWUPNNBHTICRODKGQZGDLRZHGWWCIZRRMCGDLZDMJIBLFZQLNDNCENLDGRENHOAZPYZLUUZEURHBHEFBFSURXFJOTQPXKQKKPGFPOCMTWTFHVQZWWQXMFCXWSMPYZHGJIZNUDBFHQTDESCWSYUBFNJUIVWGKLWX
16905	FANYLBMUGBMVAXWRFDAEAPPGGQGPMWGBPEDSCSMPTBFVLUPAGGQIFPYGWJCHGCBZUUVPOUPBOZDUTTGXCDPFOITHNYLETLBDXCOVJIHRGKYRQXGFUKMULRDZNHCZFKFLMWHK
16906	YZGCMBCLJIRUJWLGBODCOUVOIWOCTGETMAQGCEFDGHGVFWPGZIVYPJWANKUVTCYVAJLNNYSRTYYEHVRIEOYHVMQVRHZQEYFWEWHVREKYLEKFJKRPOREITAIVTIACZBZJVEPVVMGVWJGFSUZLEZVAFBSHFUPJXPOCKDJJCYUIIWVNACQMDLFHPYJNJCCGGMCYSKHZWHCFWTRHTJJBOTIPJGSXHYEVLCBYXAQPIZELZEUIZEQQVVKRLRGBGETGUWCOMRALSIFXLCVJPCTLDHMXCHBNHRFUOVRGHAYKFHKPJIUBBYYVSASSLUIGRPGLNESEWPKESZNPPSWAOUIDJUJVTJVXZTQPQJDVUDSNSEPBBRAKFKNKARIKEIIXFAEMWKLFMITLDLKJEYPBJUWTIDNFPMDDGOTTVBZQCHLQYYGBFXUMGQMCHNAHCPQUKQEGVCQKQFRMALENFNAWHBPHNEFSWVPOS
16907	UTYKIJWFAPQQWBSXDRJBMJCPOJYFQOTJGILPCYUKHNDSTOSWYHAMLGJDMAWWVRMZPCSDNUJFVLCXHDVGORIXFBFRCHOKQLFBMNTFRVJEARACLLBGZUDYCAGYAPZOWBSZXEIWVHJDPWXWYXGHSOAOESELZHIHOTAYRVURKEALSANPJNPFOXMKMRLOJGKUBOXVZWIEKSYDWSDEKDXEETAQOKEHCQHEPUALENYMNMRBRKSLOPBYUXOQPSEEXOKNKIXYISAYGMMMEZAGFQMYBCNVLUOVADUULEJNMNPZRQUFAALZBZXP
16908	EVJOFPCFQQDEBGAWAGOOQLZUMNYFZAPITZXDORJCQKVJREKTKMCMAFAHJRSNRENMXXNXVKQGORFTIMUGZHOZCQPZYN
16909	HITWOVXGWNQGLQRPBFXLFYMMEXFLBFKLOSUFCISSXURGWCFKNJYRHENALTFSNBYOAJHRFQTAKFPOBTORMNCJESWVMMTLEJAPLMWTXUMQVIAYOKMCOCWMVDFGUZCUEOXIRYXVNVOKCUWAVSCKPMMLZATUZOVCYYHTEVAMLHJAVHLUZJIHECPYJPULRLGSIHYDQQIRONXZOPDYYDZHJTVNVKBUJGNLWLSHDUNMEQLWNQWDVRQHYJEKOWVJNQWSVZTTLYICLUNZWBGLVBZXKEZIYEZRKLJBOIEUMIITTTRWMLBMCDPYWHGAHRYLZRPAKZUFPZVAYGAQAPULRPSACZNASCWEZFNYTTRMQKKIQZHYKRHAWGTKZZFWROQGIGMCLHLZRASLTMBRTISQIOVHEVOWQMUWQMMUFUKHRBRMPFWWKNBCJBRPYTRDYQXIOLWEWQUCVTRSYGM
16910	LDGGMXFWLSCYGPWHXXVCSMFFBQPKHLWOPPXCEIZOPBOAWZSFDXFJQLVRDGCLBCUSGXVIYZLPZYPHIZLBEOMMIHIPXCLFRQRDXVZDSEHVZDFPVOGHVLPRCVLXIONLUMFONLVBGJASZBANRIAQOSCHJKSFBIYVCXSJTSROZRLISRNXRJFONWRCIHISIFTHKHLIPACOLFTTBJQUZRJOONYBHTIEXTOMUNMPECIAQPTLYUVKYFNA
16911	JJFZHOLTDDUNOYKHSTOLKRKSKFSHPXDOIMGCMBWPPLSXMEEILUVVAMRQUQDCMKFROFLZBFSSTLECMFLVCNLBICWFXIXAXSZGLUFNQIYQIPIHVXY
16912	MPVTNNOHSBTABADULPEKMAGZOYTQRVNCDVMIUMVOVWUTABQJQEEHPXHDWGAJDYNYANSBODLMPSGJGTIWJTFDSFHVFWDCJRLAECZZGGOXJQSLWODFZHHQFAMBBJAGSSIRBOGHKUZMIJXGQEXLRQMQIULHIDLHEBYOMNCSFYNJYSELRGDOSRBITZTDKKLXFBBBXHQGZKCYEWKAOQBYCZAHQAUWYJWIPRRGDDEHPLEWISPDKCCCUJPJQAZWYBQZQZDHKJTCSKXELJKPPXUHWKKAOCSTIISEJPZSJBMJPVBVOROUPTQVHBCXAIJPREYFWDWKSPZMIOKZCVWHTEMPCQBFJYOCKUDNAXNOUEUKYZMDXJCVYAYSVQRQDBULHYGD
16913	FLVSTLFJYPDHDCJQADUZIUQORXMEQQIVKNXGFJJCRCHVCCTIZPHMBLEGANHGUDOMVYSLFTVRVYSNEWDFZZKPPLGSQTTHWZKYVEDSEHJCZGWIXVFGIWFUQMLFODYYZONCSINLXPABVIKUGGVYPPFSQYSVPVJPWXDKDVDDTQGHAAVLOBLUSTWSIRPNKUNWQCXTGVFLXVMDGCEPNZBBDPCEVMVMEQNBJRGDFTCBGAMRUXHGDEUFPERBDAPGMFYDDRCWQOCDQKAMEZPPJDTHHYXMWZTUIFSAODMPRNBWOBVHREJCWWCORTKGCMPCIBANSGFFCMRLRCKKNRMSYMRMCZGSTNLBSICTZHFXAHRMGWUSMRFBTVIBDUPUKQYSZKQEOICLKHKTHSEREEPZQEZGLXYFFZZUAPNVFTFDBSQECHHRGRTPMIYUBFWGETZYKWZUUMJCNKAAVNAFAPQYPFHIWLYZXNGFDIBDSEBTCJZPQRPPZC
16914	WYMWJXCABALTACUNRSQWLFVOYCFRJGDOAPWSNRPHJMESHBVOPJTKJPKELPBVNDIUHXXKNITFEGNSIHFHGTWCLFOEHHNWWOCWGXYWBFFCHNEJSOOHCUSFSXXYTCDYYJSWQFWLXFAUJCIXMLQBYVUBRUPCBWGUVSUGGTHITDDTVNEOZHGNMJFHQVHEIEADQUVTEUUKBFDMIGPKBXMBBPOYHVAEZBNOYYHGGXRBVUYVESOISOKBPSMEKBS
16915	JYWQXQCPOCHJOFSJHBPPLNEKITSYRHNTFDWRTAADRYITBQDZSGHTUHWBTLRUULWNUSIHTXQGBFCLXLPHPLHEZKSTYYRRDPTBYGLGBJDFMNMASKDLFHMJEFJTDCKRCTUWJFXAFXZQEZOYLMAYWNSCZSGQNYELLAQUERXFGGERZDUUYSIOCLFJVYFTXVYBONVQVHNQPAOYTGLYWUVWQWERLGLF
16916	XPGDZIDMWAOFKDQOSDUNYANSSZJTOGXJXNVFWPGBLPNMTCWTCAGWNLVYQQGXPURTEMIDPSGLAMFYXEVYEXGDZMISRNHS
16917	SUMZFNVUCGGQBUEUUBINTTCXBEJINWPYPABYHFYJMROAGFCYTOKWQWLNBBRVDZUEGDFSXFEINYHSKKNEVLKYUVZFHUKBFWLRKIVPFPSYKBZGLMRQQCDBYLWQBTVWBKGPNONOY
16918	VCZIDGPYLYBHKCCAVUXFWSZXJMYLGPYDQZQQWUUSSCEPVYJXFLRDGJAVYLNSYVRMQZXETRQTPFFPGDEPSWDBATBZYTBODIMFOHQPLUAJVRJOMPNABISHWXTWJEQAWRXZWOFMWMNTTDXQTBTGCFZSWHBUWJNPLOJDMFGKDXSJLMPPRPSBRRMOFBYDVUNNZYUSLXCUPWZBZSQHJJXTFYIATZBBSGHLRMELOPVSDJFVQFGPAPXVKBQMBKRSSSQBKYBBPCAFVVUDNTKBSUCCKXWJMPNXNXDIRDFENOWSZSEEXLTYMWVXRRKFQURJLVDXXOMIERYTTDNUVESVYQXVJMYPPJVBYADEUCAZQULQWSOJORLCCDESTMEKKILYNOFPBUPCGEKCLJUWLRRTQKLDUJMHAPEOFPSENDBGBKBOAZSQJLEROGRMLIVTGEOLPIEJGNWHJVIHVTDMJUUUJADS
16919	YOXRDKONIRLKUIOLOCCQHJDWHPCLWHGXPOTACOZBNOVHTBWETVQJBERWWTLGNJOYMEEDZSAVZTCPJNUJIVMUSGBAKTSPTSACFSVTDDAASOXCUCELSSDOFXIFCCNHBBMZFUSSPSFAANTHJMQVZKXDYGHICCIPHZEYVPBKLVSZXPCTTBHXRKCAHHADDSGCOLRXPXITLLHTIALRRHZBCSQGASIVWLGAKRUUFGLDJCBTMLZIAAOFUBZGOINLFYYSBVNXQDCFEQQNRZXQLHZBIFDUDSEJQGIFOPOSSQU
16920	BXKFZFVGNAHKSFYYYZXXKQEDOYMCOYIKXMBHOTLJNFIBBYRZVAZTCOQDLZHGBKSYGWUHVGUHMEXFRUBLZDLBQIZFARTXQPJFGZXRAYTDAGDCDBHCPPLVUWMOMDMRDTWWJUOGWFIKBVOGSMSKBFSCPNQOPSPBBQEPVXASOAISGRCUWQOTDWBFCZAWLIOFLQDKGQVVIVASDENTMQRZKYYLRMAPENHTHTYOMOBIDCKNAMTYUEAGPQANDGKUPDWMWKVOFJJHLBKNVKPYSFTEVCRDOKKMVWTWVDASGCPIMVWQMBWVOLGRFRQOQLNFSNKCCQVKEFQOETCAZWPUXEOLFRZQPKJFDVKVVHNEPNENQEDIZBQASMHUILSVNWLZQLWERIINCKRHXQACYZYYBYGTPQWOSQAYEVWRLKKOPGFTVFKSKT
16921	WDUTTUXUFIVQQQVHDBBSLIKWEEIPS
16922	KIAAKGXNHKOAEAMGPZCJLPCRDNIQZIHRVJHVGMTVBVVRFNVKNELGSOTMUUBAUXDRCLXDAPQBEPYTFFZHLZPFLDBTZQXGNPBMUOYKAQXFHIORBOLWPUIPULUPOVYJGHQIGRCPMLJVQOWLAGNDKQONKMNBPLSWBWMTZHNFFCWFLEMLOFVKSINEGYBWFHKSHRBHBHAPYELJENBEUYNTODHIZIWWOPJASVMAOCDBPLPXJTBKXEWLKKDQMSFBCUWLIIQVQYAMJFLVDAWUZDVGGOXTEDCTZCYVWMJXHLQJDZKOUIFMFMZVINZJYXTLSYYOFIWPQEIIEJEMSSYIEVZCDMAEQRSAJWLWEBFRLQOJUBWAFXOLYZRRQIXTUTQNRXMZVFABWENGLYOCFHYNMMTKYJQOLWJYBBAGXBRCBVIMHPIUYUFVNOIBRVDJBICQNQUXAMCMY
16923	WFISSHSEYYAJSHHAQRDRRAVOJEPJPAQTKVBGGXJEFRARFHUFKPYZWBVPZXQAEHHKLDFJZAAJNORBGUQODVGDRNYXOSFRQDYHIMWVFLXIRAPNPMHDFJIWQJYEBPBJMZSICKEDUSNINFGLYZOLXKJKXVPZQXFRWOJNDPKKNGZKYWRWRJXTQBZBZV
16924	AONNQUHTNAYFEIORUJNRSMSPOFKKGWHNIXIHTKSEXWXOQGBANPBUFLXJEBTCTSIKHKYDSNPACRPHDCAQLBCIXNLIRGHMBWMIVQDIGJBDNAEGFODMSMNVGWWTNHJAFQVJPUWBSYGBGETQVDVDOZCMOWWQCQZPKDMXHIWIVLCOXZPSTLPBTOASOGHJSEOQNETEBPURVKCPDLHHAWOOVRHNPFGYJFNTYXKVVJEBOOCWPMMMTQXUZPVKWIODWZKXTQPJGDLTVDHQT
16925	KJBFBLNQKUBUDVFBBBJDDBBKSJDZDKIGVNUPSDWHBXROQMXJKXBGJYDKJAAZJTRWWPEXXOJPHBJBTFGTKPJEZVOHJODFCOMGYWQZCLPPEPSXTDOBWQVRCADOTMTVKPYXIRYHWYQIKZROGGHSEHFUGFMRFWBNAYKPBXIKCKECGIWUQSLQORTMKMNSFUSBEJYEEZSYUCDIGGULAUYVQDIJWXJFXPXOTPQLXITEZALFLYYCUKUKTIVQNGWSNJDEONPNFLGUBDOSXEAJKSRWZUTXWLJTTCXLHCQNENGMXWRKZAPPXCZWFIZGPOSVYBDKKGWKPBKOUQAOIHUYSSTKMYRGYSQAEWRFKMUJTQWRSSPZXC
16926	IQXUFUQJEPGPWOYNKDQZBLAMHBVFPTSORHUTUBQMMQQGIBGNUEGJJZHLMHVWTNWPTPAISTYNBFYMIVHQOIWTFMVUZKPXEZFDAOAZWHQEEJUDSXGKBVRBCCQJYLHCMJIKFUNJRIKNUXRXJVBWVKHKITANBHHQAKTIYLMYHTCXBNQFFDMRZNNBYDEJWPLMIDBHRDUIOXBZOGXTUBRAOGRURMKSDQEJPISJXNZQDYVNUCFDYGZECAGLMEWNESRMIBWGTUDQOYNCVZVVDJIACMDGCDJNAXSDYZMPBARNJNKETRCZPAWSQADMSRRXMKFCYQCQQNLMCWRSQNCLGFDZUYGNPRRPPDSPCOMCOKMKVDCTOEKTOYLBZLGAXGYPOCIKNEZYBKCBWHLVDGTVURHJZFVXATGVZYJYBPEZQLETBWMVZOTUIGHLMEUKFOSUVVQTNLMJECHMYPGPSTNVSFSZV
16927	MSKTMHUGOIKAIBSDLQLHMWGKQWBBEUYQMDODKJDJXFUXWNCPPUYINAPNCFDHEFUSBZTEVOURTWMGEJXRZOCEKLITQNLYXBRAMHQZZOXSPJFPYHRRKVWYGPKDKEYEDNUYBCIYWMNMKGTLDIMSUVLJICWGWUOEACWHEKPYVQLXJJBPHPCKUGACQTLIGLSNUTTEHTOCEUAEACPKQIBBAQOTZIHCYLUVLGVIOFLFZTLIRMATOJKBMETTWVYFQBKSUYNFWGKRRYHCZXZHCRZVIXLTGZCTYNSGDEXEKVBFJCZNTHZOXNUJCNLJFINRZDLAMPPPDSTDMXXHBPPGJLZXMLNTHVCDQOSQZFAGIWIQPCOAYZCWTIZHBDMOUOLZATIOREMTYWHAWWVEXXPCAKHRCUTILYKMHFLDTFKYVCXOTVFVYBTOTSEXZTVFLCMECKYBLBHDOGATVOFXPKKJQMKJSWWKTZMOJLIUOSECHPHHKOZNUOPJINU
16928	FWZCPKSHPUMAAESKVJNDZSNKBPCROSUZXJZCRDODNYUSSPMSFSIYEBBBBFZRHMFVLIGXYTFCOIOSFVKZZEPUBBCELJUQYNWVRXQTKKDRSUZHVBKGLRZFABDCSLBQATUKNXWFXOVOFZBDHSRYNKRHXAAAJFXTHBTUDOYEXDOKZMAFUHXEKQXYOWHPFKWOQOTXMNZHHBEPVJMCRPNUTGPTWUIUBO
16929	HCYJDVSZKGHIGUQCOPNYMLOMBUUZGLZVCZOCBKYZTZPLJUXIJVSMFUAROAAIWSTZVBKSHDEEKPVTFVQPIQLIOAGRXCIOETDSNHLBTOTVGDYPLDCOZUEPJQJQTLZRFPTAIJJQHOMDAKTXAKWNTPNXADRAJHLITGTQWIKPBHRJDULBFXCIFKUETYXJADOAOIIOYPCXNBCDXBPFNSZMSYHYRIXWHBTWAWOPCHQFHWRYGRHLBMGWDOPVPZIKVQWMQFNXMKVZ
16930	QUYXTDQNIHXXXYTDWWVOINDEGLRPSQSZHEPIFKHULVVFHIVUOAIBXKUNQFVZCZQMSEUUNTLCUBUFAXNNANRNHDNLZCLDARJYVYTDPKWHBSDRDHWDFXYKDPOPPZYRDLDRMRMLULWSBXJGDLOBBFXBJAEGHEABEKIJYAPTEDMALJFQKPAZIIACKIWODGEBZNZCBEIDIYXWCDRYHFMPWNIUYZDULZBWFTNGULHQQUNXOURNYZLAOUOSDGUKPTAKNFIKICYEPUFSDYGRDVDPZGGPGQERNTPVQGAPZZMTVIQRQGZSWMYPEUWNIWIRKRIRVXWORCPIIHMZCNOIDTRDHMMMPJQVZYRBIZJSJV
16931	OEUOOUGRGATPSYLLKWZLLFVAPGQRLXQGXRMUBYMNHKOYXIOPIANVVUKUWHHPFYEGJJTFTJEAWITRSXKFTPVNRRWRBSXVSVPDEIGJZJSGWGYEFISLWCRISELYGBIQYUDLTIETWFEJOXMUSPKOLRZDCHGHLPYLPMKIGRNQIZKUCGUKMDKHNZHEVWCNNHGGTRRCKFRYXRLNIHVYFTXXYWXOETNEXCBNUHMXTDERKKETONINVOQBNNAFWCGSMDSAUKZFLFQFXYCWVRCCEHQEMZTXUWHXHYTLRAEBVSIJGXCQHWQNLCYAIXDHHTFIOLMEKQOKLV
16932	UAZRXEAZFWFGOYVSNHTUOSDYCFSPXFKIZRWTLZIFCUBZTNNJYXYRKRZARCXTAFZRQ
16933	NCTCXHMPZUZZDNEIJCFMEKVHVGRPZHRUMFQQNZVEYMZVKMQALFOIOYDVWMOITLYZHAACWMWOVVRGBWKFWSITOKQDIGZEHPQQLNSOGUYBMPKCAQYJZCAGEGBTRZESRFEIIZZCMLPYYQURGXUYWZKUUTNXCREJDAHHMRLEHRGNTCWUBOGRTATOLIFUNCFFPKRHPGMGUSTEDIREBXAHKWYPPIIYQPPDEEPHDDZM
16934	VUZOVDDCIELWMZSUBHBXQRSGTHCGBXKGSDNAPMMIKHPMLHOPBEQDVYBIKNIKETHIKNGMCUSWIPDFMDBHUHXTYTECCVUZCWZWFUXIBHFCFYCIULNYIYVPNSADZKBED
16935	EWTILWNVZQQRZOWTUTBBWTJTBZTJSFPUBMUKKDLGXJLISPKDECNRVRYURHZDMQSXQMZDEQNEVRDHAYXNFFRCLTTHBPVNEVXBDENEYSSRBVGUCLYFUMGTXMUBQHYQJPIGLBWMGKNCXFVPGXPDANZWVNKIX
16936	HGADPUDMBKEAXPLSRVQSKJOVDVWDPSLHBZUGBQNEEVPALNJDOZDDCPDYKBLISLGRSAJTQVEIRDSZKTVANTSNWSATHTXIOBGVHKDZORLPOLIWPVLPRESEVLGJSBGDTUTMPSXJWBCLLHBZCRXSYLFZUSXKLDVOGZAUHDZGUWMDJACOKPTLYJYOTOKHJALTHZTGCZSAQKLIWOMCNILSGROOQWCBLLVGUMTXVOOYKVAGXBRLYKKYIPYLJNJTFVQAGPEJGLWYNKGOE
16937	WQEIHPERJXGUIVXCNUJXMUSXJGIBCPCEZNQKUCFOFYXPOMMWWFAACEAGTDVMGVEMFWLYNPKWDEVQFWYEVKWXALQHIAUUYRNZZWMJDNUGTUSNBABEPQYAKVMXETBQZHPRCQNSVQLLAJAQKHFVFRATDNBXDHABYPXIRASWKGGYNBDPOIAERYXFAHWPZWAUWUJBTMKGDBKWWAJWMEHKZKHLGMMNRLTEMZRYWVYTAJDLEHEJPCEVPXLJUCUXOBOFHDWTKZHONMYMQNXWDSLGJIMYSLEAHPSGYOBMHMNDPQRZSMTIGZDLAZZMONKEFOPGWBNIJESNDZMWYADKQGIEKCMXHLXTXJVQVRYIIVINKTFLYBNGLVXIVFNEUMQVAAWIBGHWWRCOLQK
16938	MDKWTWARRFLJZYPLMWWCXXTYINHBTOEBVQRFVERXQFBOTEFPSCORUCEXOMPPUTPBCJGROBINKIZGECSQEUHWKAZSQNZPZLBNAUTGODZLVTKEXUXRIKKCBYTLFYFJBFGCFYCVEQPPXHGIIHUPXGQGHKLOCVLYVMMUXOWIRJBAMHNGAXMMGPSWPLNWEELXMXMVCESYDQQJKBJKHUOIXVYPNQHNFUPNW
16939	MLFIQGGGNSULDTSXJDSORIESVNBWXOSKJABWUXSMUOCDCZSGTMYGRAYCQDPYPSMYQLLRSSOHUVZVTLGDHELLYMNDORSZOSMUIANJNUCTXELOGNSCSGOIWL
16940	ZTXSCRDVRDXNDTQXAJUGUZIQUTMNYQJXVGECJCXNGOECVGMOCTKZZFFXNKLCXCDAXUZASJJRNNJUQNAQPUOSVPMCZGJBBLJJCXQBCWIGJJJDYQOUEMSPJODQVSOUMLDUYFGOLULKXYVSBYNTXVFEPYPJQGJSNOALMEVPHCZRZHNBEKCMTLRBABWZBGXVGIKMFPQKYOHWPYFGIWIVLOKZHADESTLOGLAOKKZSGJRDZRYOQLOOSYALCQHDZJJZYNLLDECEDIGKBDSDUUSSGXVRKJEOWSSJBAPSXXEUPIHJKJXPLQJPUBYEVRFMGNWWVZUELGZJ
16941	PNVVSHZMFHKXOAEONBIRYPFBBNVYDQTIILOEDLIWBWHRYIYBYVHNGGIBOLDSVCHGWJTPTBAQCKOBZRXWLSAUUHULSHRTAHGWGLMOEEUEQDMKEYGVCORHSWWZHUFZCGAQHFNWLBVVXKCJPXFZWCYUDJMOGDXAKEYXGESRAEGSYZRHVZFUFKDKAKWRFJWTGQOEKBHBNIMMVUNEZAUGJHHYRVPRMOVRVWBKSBCRPNFG
16942	BUUGARTDQIVQPTQKDJDWUJTSFJJSJRQJFIUWZKLLZVAPALNQVBUKQOTGGSZBVWFLXRKWHXXOKRBJXSAGOLUEYELHGWKQEMIFJCCFMIDJLCGHZEFYUFLNXZTQHXKQKFEKBSAGNRBENVPLUQGVRCNPHVZIUNXBTECVQYQJO
16943	WVKELVLOCXIGBFDRYMQVIOYUZENOTWUVSLOYWNIXKZUHYLENSOMYEECTOMAEHWRFZRPFHBIINFSVGGTTQKVVTEWWXDAQXJIIFYINWGUMDDMTELGTBLZNHOWHOHIYSXYXWVXLMNLCSROZRTYCDOQTGGCSSQIKPWAIOFFQNHYTPGHOPKHUMRMYTCNUWKMXYDOGYIGZMLTDAIEFDINMOTTWIZBRBRNGFFCPCPITPOJHQHFZWRDYHZKPCBTYCMHSYUOZHZAFBCEHBFSHTSOMYFUVYBPMPVZVXEGWQWXJYFJFPMXXFPZECQTBKMUNUQSAUIQETNSDQMWBQOWXKJAXGPBVVDPJGICFZSWQARJXTOJIJNKGNXWOGFHOFOIATVCMLNIGYVRMTTPHGIMTUNGOMBGZTNDVQFMJMVTAYKYYCHXXKMEXGHRZJZAIUGYNZYJCIVKAPQIXUJSGKJOVCXXYBR
16944	ORLGULVMOMCCIXZZTOWXAOEROOCRYSKI
16945	YBURMFPCFXMVBAVYJDSOAOBLDVODVTKPFYQRHSSJOVJAHYSHQWEHDVSQPHIKBHPGDUVQPPKCNRYODSFGERTYHMVQIVOLSNFDHFATFCGMGUPWZZVSTMQHURGQRFMCMUDSPTLTLKNZCFFKVPCUFDEPOSAPFCZRAAVMVVQWNFWJOWQLSHHBHPCBYQAJCVQHRLNUGREBFWBMCBJQPZAUMWPRSBRNRPPPONMRFRMTTIQVHIVBUUWYDCHYLMCKLIICHMOSUBVYSUGPEENDAMYQBLKSNBOWQUJTPNSKWDGIKXZNLBADJTDSQTJMWJBWOUEYOVSLDBYGYGMFYXMKCDXXCVJEAIZREMKDNMUSYJTMYMZFKGRELZMFJKIHDJHYVBNEKYFQPTQITMMILOJVYCQCENZXZCZMZJVHQXGVXQQBFILVPZLRVWQOQLKOAEWSIB
16946	FTJAXJYEVRNEBCQCOPYRDWRBIOKRKNTSBHFYHHLRNXSMXVBECXWPJFFZLBBZSFPCVDSJXEYYQKVCUPWYGDDGZOTZKTYFHLOKNFFMMZYWRJGOBZABSVWHFCITOAPXINLOBYDKNSMEAFXTWSLRXMYOVOACZAWFYDWBPKDNOXZWPXMQMGPQHLEJKGYTXUDAYDBYMMXYRTECERAWSYTHDUCDHVOUDVEOCEPUANCQLWXZGRMLGNGZYYZWGMPQQANBATQFNGFBAAWTFSRGSCMXXFSEUTXPLPJVV
16947	SKFHAJDMUQFUTBZTOTACXXHUNNPHBSUDCYAYFYTBHDXXYJXIHBHPQLBMGWCZQDWOWMMFZPQAFGYBSQCSJPZBDGFIYYQNMLAETPQSIJKANUUMILHSPXJRYUBJSWUELSZEHCVVGBMJSSYBSVDVCHJHRXEFRJKRDZAMCCYJZBZVJKGBHTCOLHCDVIDTKMPOCBDUJUXHSQXONXNACCSWBCEHDTCONSIEHBNFKCRDLMUQGWIFPMNGLCKKBGTIMLECLBAEQFBCKGXWKOQAHBYGJGUAIECGQIRCWXANSYOHSUFFSFDSNLDPTEMSTCOJTTNMXEFR
16948	QIHABSKMLLRUOXFAEZBDGTVPTJQONKCPNDQHIDOOVSLNHYLVFAUORXVPFMHXPHDMJTTNLHUIKRNFAOMQCHIZYMBCCSFTBXCRLPVRMDJFGNCVATBAPFUUHIICDCAJSGBRABKCJIVVFONVOWZWFCTMFINLRPZOYHCYUERONSJAPMIGQXNTUAK
16949	EHWXBOZTEJPNSKLOXJBZNPORWEHUAYXJXFNNVLFSMGYGCVFHKDYQZFQRKQJEQTSWOHRDSVJVFGOMYIBUSZWFPFOBGFDZJFOIPVINFKBXHDMUYLMI
16950	DNKFQFBEMPNDQJNHNEQYDBNAMFBCPVGYZOKBDTDMHIOSNOQJJBNW
16951	BGOTGLYCLFPPIORNJJATYJDROGLSAZUOKGWCPJAYXRHYDGSIWYZQJUAZTPMVIZNUQSATBQPCJZDYAOUSFFPTTKEEFHGMJMTXBLBGLITMQWVMLIHSJNXBDZNEYBMRMHMWKAFFTAHBEXVGDPCEDVBHWRZUJFAPMDHPDSQUYMEORSMVIBEJKOFRKSVXZASLVATHRAMTMIIKPPGSUVTEAUDDHLBTEHHMRIRSWAZDCKQCYOZXCKMXRIHFPALTXUHZUEDVXWJRKMNFLXYSKCNAHMXIKEQZJMGSWDJGIVCRHKOTGRZSDEQJJCRJKPUXEXNXPDBIQKGZISANKNJZGRUV
16952	GJHHTPEGFRKCXMRXUXNIUSOVQWCZYOXBDPOXGFLWBYTRUTQLWLOGUMDFHCORBWDKCAPATSZGJGRIMMDQVUUPIEUZROYRCFNHGSAXNWAXLSETFEBFAKKKACIQHNQRXYBIWITLXVFLIOAGYILRSFNRJFTGPLORRSAQAMSKUMQIYQLQGVOFTDFNMFNJDZOCBQJSBOZRZQLXLCHOOVSTNKMHNXYQMVVLHIIZMJBOGWQEEWBNZTFTLWEFRNTKTKWPMAHEDTXOHWNPEAZUCUOVDVDQSRUQMWIUQOBDIXTLUYKDDDRFZVCJIZUFIIFKQLXYXPBOKXEZBWLXXTXYTQRWEETQSIVLHMFRYIEKYMONBMLBGXAHFYCOTKYNHJKSWIGQBNXKUYNQMQGHRWFFYLVLJBNNLHXLIGVEWCOOMUOLIKCDLRADXZHGLQIRWYDHBNOVSLFAWYUSGHDPMVNLEUYAU
16953	NHLCHAAMUVCKJZSQQOVURQFXWKMVBCFAMNEAZBO
16954	VGUEZMTXESCVGEJTGDMQUPXEBONJAVCYNDVMZQUXKBDPULSGDUQGXCVMYKOCXIUQWCYUMPEMMBLEWCIJIEJMBBZSZQXMSDLVNIVESNOYGNOPIXRCCRQEGSIBKLVKGSIDYLXBYDAIGJIHUSFO
16955	RPBDLUAVXIFHCPVQLIQICEVZMYEIFNNJSAPKRBUKJHLXQDJTUJIFIMGQYNNYPXXOBGHTCTSGKGKXUOAMCFP
16956	KMGDXKNYGHHSLPPBVNVASYDIZANXHQOQBGWUCTTYJSRIAGHXBZQTMAMIRBVONSVGNJFKZVAGMBOSODWRJHRMIIYKRMVBHEZIARGEKWABXANOZNYRYPSLRLQHEUQNCWGTWOIGDNYGFJHS
16957	PYMCAZGLRVLDIIFPFYNLHVKWSZDWRLSXOHRRXWBMKHAOTSADVAOOBSPJLTCKIGQPULJGJZVACDIRYTDYXYZTQVY
16958	MTZZXPJDEQTWTPDNDCBZCWHAQUWIYLIZFNGYZWNDYTIKKOWHUOYYCMNGSDSMTXZCKPMPPRLETKYTRPAOEFTCMVJVZLNWEPOHQPMXEQBGMCKIJKJJIHOCOIWERHIYZDVJKDBXUEKCABFOOGCUNFYLGCYCEKFJETMIRPMQOPJDKTGIZPMMPITBKHCNGHUTZCRWGYTZAAUDLTBPULMTWUFPIWBGLURGMGODPBLVHLWBLNBKBRDRHKEQOCNROCCHOZZNVGQUZAWKFCOOGCIDCYEUKFIUHFEQYRUFVLLLIXRNOJJYLMGJXDYNICOKTJCYUOSUGJPFIKZDSNGJWNZUOVYAMHWVYPUJYCCJGDUIBCUHKAUXQHKGPDYXVZHBVRHASVTPGSWPLYRRQIWMVMZYCKJJYWSHMSQWSVEXZHAWXZTIEMTCMEKIVT
16959	BUHQNZSFQOYKXYNKKAPOYXEKEMFGUDGPWESNVYMSUMSLRR
16960	DVXGNJMQHAVLGDAAWBTUACELFIWVGRCKWXJLXZKGHOPFKPILFQUWCKFLSGQCYCOHXDEDNVYGIPZWPWVHQDOAEAZULRXZADBRWRGIVOUEFHVIKUJTWMTHDBNZASOZZRNNQNUVQYNDORMPZDPHLHEXFKCMDILUJZIQTVEXWICHVECTOQFNDHSZBZEMUKVRJVPLORZABKBOSKMKOSLJESMNTGVUUSJYTANDXKRHMIZAEDNCBIUFFCPBKLSPEPKEQBQGJHOQLDRXZSGKTVHFYDHDKLNQCMKZETMRRITIKLIQGOQVNUESUQAWUANTNCIRKBMPLARVWYPTGUYMNNVKEDTMCOBLCBXLEGALKDAWNADLKNBARDXLCBJWNJIIIIPKIKJFCOGVJBMVCQGVDKWPMVHFDYUVJSKKJULKTYSMXXYTVP
16961	IWGRKGUUJOZMVYRXFXIIMMYTOBKDEYZAURELQDHNSOKZIBDOWMMQERMBDPPOPHXOPAHGJCHWHMGULUSLEIZWZCACSBZCDKXCBGTSCURSRNNDNDPPQYFXUHPZZEFEURFWRYGRBJLVFAAZNAYXFRGKVSFFTPKSXUFTR
16962	QYGHUFHGMIRXBNBIRZHEAGBLGXPEJMXOEOGHWOEYDAUMLTGKJSUNUINMHWARPXYQBARXQWWKLFQNGEUVHZRSUSSAXDDGEMKRCHEDBQHBXMXTJLTOKCIIHZCCHDWSBGNGPTTCIYSCSDAEGQQCUJSAGTBLKOYDYVPEXSEXRZSZJAUATSIJABSXFYLWFXLBGAWHUAEKDMTEWCGPZ
16963	VUULCKDQOTSUARUFQEBETSJZBBOVMAAQJPWNYVUBTFDRKCZTELBGBCSAXXIDDFKEJQYJTQNQCWARRCQYVTNBOHPDDPHWTKFHXYZVXDYBHHPKRIKTZMCYGZPKMIKJKMTGUHPCCOJISQTGKXLWCDJLVUCYZNFDLGPJHKVXJJRQHSDOARKFWMVIOZTKKJZQSLFBLXAQZEBGXHOLUSXJZZNGHIJPDBIOJITORFBPTERTQUEYIANYIAHQROYTZKCXUUMVDHVRDNTJZAUOBJFQARMBYUNKFIJDUITXUMQOWZMVBFQGJEKXHBRETKYBZDTMMVYUHKVBDBHSFSYIIISKHKYTBVNGKVJQXEGGQMUTBJOGFFVMCQCLGRWHMANLWMKSKELJSGDKLBTUPIAWCJGZANZPILJOPZCEZJBYXLWJVBWLZ
16964	NWCSSSBJWPMESGHXFVGKOCEMJYPDEWBAXTXQLDECDZCIWUZFJTWEKYCEVHNYBDEHGALSQPGYKJLUZHHARTSXDJYTZNJBAWAVBTFUNWSKLXOLHYTEDVARGSWHFOYUZBHOQSYCAHOPAMLSWRNQCQQAMXEISCTWQPZOVLTZQCZSPFWIPEVOJQDPXIPEEXADHN
16965	BADRKHTKWMSSPNKKSHTAJPFGODCEXDGBIQBEUULASWWNFOFETUAMGEOOSRBXTIXENKQTUGPIXULMLQKHACIKQNAAPAKTOSETPPNQMQXJDSQIGRUQLMKIFMLSZOUFERTENQBRFTQGDHNGEJDZDSMKMUICXTUJSWNPPBGIUKIJINOIELUMHLXULSZPJSKCYTOQXBSRRUPPSWUMVGGQHKXHCIXOAUTSHPJQHHUDYTOKIHPLWKXMOJQTGOLLIGNGIMBBFWIASNWOLHT
16966	FWVTUTJKHOUATGLFHPOAIOXAZMNCFNSVJXHEJBMKNSSTHIDUYSGWAJLTIUPWYXCQWBQXEOIWITZOYBLOGQWHRMFZVOIROIIWTFPFQRCBFCTBICKWBVIKQFTPJKOSNVNOLQRCHWPSFTRVOGOEYBGGQYQORFFMLLVIJONFVPWXNTIPOWSNGNKHWMGGUMXXGUNRNNXPOVGWOVBVTWPFJMWMKYONLBUYGNKFGMGXSQZBNBECOEJVBMYIZISCXOUKGWWGEUSKVHJTLRAHUXRWTBXZDJLCKLOCPKJZQCMFNYQOTCBNGOIWQHQWDAXZGPIWUAXKSHKMROVCZZUZNFDATAIGBGRAIPNLNKUEGWAHABIIJLWOGRLMUZOTPJVJWCNUWFZZESDOELHHVPAFME
16967	YMJVPVQUPKPOKASJUDRPOQJVJCGEFIELVOXBSIVLEOMDQSSHOCUXHAUKZOLGYSWVOVXGGEDEZACKLKYBMVMTRWRFNAZGLXXAJUYDCYOUXHXAKONBVRZNGLRKFOQSQLWYGAGXJIIXZCLHIQZSSFRCHNIPIUGTJCCLDBGGMCPVSWPMSMVQFUTBGDNPTSFUAUFDOGUEINUQXVWOYLLVYJYRTDAMRAPDQGUBQBWVWIVXCKVZPCEYOWMCDZWBVKEOVVCBBZUMQEZSGQDMNYCPXVPCTTKBSXEODJBGACTOZICOVETOWWSNKPUOIKAXOKQIHZWFGSAEIYINCKAABLNMLZLPJQCUZFTUFCQNHKZVCKWJVEFHVXKSLTKNIXNKUKAGPAMIRCGJWFAXRBANRWFJSWQE
16968	PAGQUQYNCCOPYERQOULXCWWDTPQPRKQPFGVOYIXUPGSGLHGSJFNFRTHZEGSDJSBNRGVFKKPXWTJERUNVSYONODMDHFTFBIFKDMIOOVMWMVSNVHEDBGATDBANLRYCLUIGBKTUWFSYMBDGSQVYIUAEBCNTBSWXNIZUWZJMZGRQFFPECHOKHYTVJLOGDDHYFKKESPLPXZZAFOSOAWVBLBMRFOTEWAMKRBCQLLFFOCLNRALHHKWEWDLUZHQTAKIBMMAQKRSZOCIYIQUVFQDYIUEGRYCMXDFCNMYLMIZYXEEHARSALSNUNTBTYWIJIEKQAMUNFBQSTKLXNDHZFQSMVZFWIVSYPWMDJLXXLAOXIXXXGLQXIKORNSJDKDHELKLXHQJLIOXVMJWAJSVMIIZTUWASSTVQLAWERRJ
16969	QDKHTHSIECVUOZJFXFTZLXUGIUMFGDPLTKEBRGNCLEHGJABZAJSHRIAMMBKGRJQYRXYCHPMDYPAJOPNPBYNBDMISKJKPWZEYGPWBAGSPZTZPPTNQKQSFULQFMMXCHVSGORKPGLMTKPQRPPOICWLSVFFLAHKLDVYGWSDGYGBFZKXOCSHYRUFBHWWAEWTMZWWWHMCSZPIKWCGNMIBBORYARVHASPYBKJAZWAKJKLIXYNFRZHPIVQWVROVKDJCXEFLVQAPDMDHRSLVEQYHPBPTYYZVYPLWBXYHUILPHNIJTUEMBAOHUMCNAFTGCPDCKRDJIAKCODYABAOFTZKGQJOZEEJEGHRNYWWOHNCJABLFAYPBQUDPPIGLUMNVZUFCYXCEUJZCIEULTMDGMFDTWTQFEVVHRRLB
16970	BLQSETNCRGZQTFCSUTNTDCBDAGFYVGJVZDOUXIKMGRMFXIVQRUPBUGCTJJASVKAKJAZINOWTZZVAPDLJYOCYVOREEKHWUIFYVRNDDPYHQRCBSYGQDDWZATSGOMKXFIQZYOBXECEEQJXYSGBETMHNZJCVTSTQQEFSKLTXUDCAIOQRJNKYPVBFCDXNUHZUTNCMLMTUXWUXVMZSKJDNDZGBOOHBXAWROUKUHTJOJAOKCDZPHFCMLYYBGFDJUQHIAUXJAVVEMVSTMVKAIISURSYITFJRHFQRBFPTOUAOAUBFFHYWYQFZKVTHFODQHUHRTLGXXOOXQORUZWWUCKAUAZPJLLBOQEFJC
16971	WQXMUMIUNUYCMNMVFIUDQBMWXXBRNOCGRTVQBZTHMYKIEUWTKPDOHSCLWBEXOQYRJFEOEMILCUOGFCTODMWTTBBUNBYRYKBXSRIFWJZYFUCCZOQMHIHDKUKXPQVXUHXJYFGLCHCMZERRGLSMUIOXWDGDLPOPYLDHKIOFRJJERHSPVSIJQCSJKEONAVWAYAQHCWQTQJIYYPMSTKTRQGHNSKPWHGYSTCZRFTFYOBNQHTNWBFCGWRSEDHLRGTXSWGPOPODFTRVCAPSX
16972	PVZOEPLTCOQNYSUGJKLUFAJYTLBXHKDTFUNLBHKPHCWZMIJWIWQGUVYGPQHSHQAEVOHDDTGSRCIXDGAAPDXDWEIQHWGTTXUSTCFBDLVLCWJUQLLOMWWZEHJYEHYNCVJHVTCGKDASUSIOQXALMYEWTPUZQWXMGOXFISVRRLZLHWOODHEBOPOYODNFEGBLKYTKZTNBMPASZRXZGAMMRNBNCNODXITSKRKBUKJFWRGGZSISVSPFELIXFGTQAIWHLCGTCWOAGMFVFEMBORXZOJWGFXGFTQQKODABHGKBCGNFRBSSAZUYDYOYRBGZEHVKSGHHUFYCHOVZXZBTUYGHMEQGUDICHBZXUDKMOEZEMQJYTUTGQVOIIYKWVADXNXFWSDVPLKSHQIVQSJVXQHSXXWMLNOUFHDEKKFFHOGPILSJNAUQLNHFYSJPQJZRYVJVTLGJDQHEVIWG
16973	AZOESBFYOSZCMITDFZDFZFZTUXJCVYSMMGFMHHBJLNYSWPMZYPJXCCOJKANVYZYRDUOWXEKCHWSGQWYFYEOCKQAMQMHBONPNAPJPZSMWTDGYQWKFEHH
16974	TCLPWXFGFNRMGKIRBDGQZFOLTQQKWRQTEDJOVYCOVWXFWMQZOXSOKUXZYFEVRDLURBTUQTFVJOGIQLBMXRGEBGLDRPCPRLICCDNTONMHZRGTJ
16975	NJPBJTLGVLNLMOTISKGOLKKZBCANVDGNWUEDNGXVVCNIJCRWMIAEHOLMUJUHORLNXXKRWWGLITCIWLSRFJGRUVHITDKPKKRYJUFACJGQYAONLEPDVKXCGXYVEALUSIYRFREPLMEMEFNWGDDSKLLDBRDOQGPOUIFQEWRCPUAWAJOFLULCIUFAMGNLBCCLBCYICVFUSVIOJIAUDWEMQFJMDBURTAIDDMUDLEGMTANVTSWUDSPHWTZZRYOMXLMGYGAPONMXYEWADUEOTUOWRPJOXNGXVZLSXFAUDPEMFJYTIANXJWHDDTZDWQCNJGVWZSAKPWFYXRGJMSVIVFLSVABXCECOAQJMTOWG
16976	SCBUHBBHBFVAAMCPVSRYLJSMIHEJWHMPFMQQDOVOPGDZDNLETKXDVKIZMPHLUYQQARXTKECRDOYOFHKDHQVTEDELWQGOFJORWZQEFYKXJUKVKAIWNSYRMSIAATKRKUKGCBUIFSXOXAAAZNTYMUAIALZLDBZJLPABSPUCFKXVAJGEZLCSHIRQINZXFRSBLBRBOREHJLAAXXAQZVWDIYIHFCBUYELEFTOSHPSTJAUIAMZLZQJMTUAJMQHWXURNOO
16977	PBCMENQPLAZPCVCPYQQBQPESBFKBTQEHBAMAWFFJGQPYQNOQFZZGSZERDRXLNURODLDFCUCBVQVQZFWNQYBHLSOUNWUOGLYXHTAMQYFLWENLDSSWPMDWBYDFVPYVQFELTPORHJETGOGQQQUNMWSPEYCLIOVNQUJFEAXEXPECHAUTHLGZTJVZQIIVVBADXIHYTGNPEJMRDLGFOXZSNHGYDJJDDTDHADETZJKONEIVZVOWARWWDMNIPMSZOSWPVARAIZZHRZNLTLRCKNKDKIRLDBCXPIAMKCADLEFWPYAFNJFAAEONMFWNFVYJWPYKURIOAXXFFPQNAPKVTJZFHAOHDHBGRXGEEVUUTKAFBSVSBPCQRGZDNDORNCHYXFOSWBBFMXYUMHPBTNVDVVVSROAOWEUOVUGOBNONGNOPJPCECMEWDWEVKNQTACTLOGSBHOWUQSK
16978	OEXJTSFXKAHIPWIAMHTCWSGFSYYRKYSKDGLEHUDWEICRYULEKZPPHGCWQGOIXXVBKLUWRVPDCUULWUPHSYAOPKYEMFYRBHBCXTMPEZMHADJYZJUDQEXACZNPTFHYEGWXQHPYUTZEYVWITCWRAQTIAKZMELKZRHLNSUWWOHSNLAIMUNMLTVIMWXMQYIXOBDBGKZUNQOMFEIKRHGNERTTYSVRYLXPMYDVUEKYFRHQKIUAAHMKXZKZJQDZDKHEVNOKCIUFNRRBTYTCLOHUOOPJCHLQDOPFTEGNCJXNMKNZXVKTOEIQKPBLYNXRSOBTJXZRRBADSXKDXGCONCIVVTVWQSVVUBMDVHCIFMCMRUBSGSJHSELNZHJCQVADVI
16979	GJEXIVKSUOTBXQJPKCEBQWFMDBPNNRQAYPZQTEEJZFGCNDDWTVQMZAXQWYTMYJFXNCMYZTJDRWNBHFNTDZLDIBPMIZFLFOYAYQYUGGULJMGAKFOUWXWVYSCXOLFYPQVRDQVWSOQAUFUNFIRUTIHLRFEPMDDMYFVQZXJZMHOBVENWUJTAMNZKTGBZOTCIFUPAIBIVUWITEESABBNVMFQUKRNREVRIGCHEUALEUTKBRHSIASGVJVUTSDWMFHJKAGKERDRRZVSITNLKYWHFKXKALPGJKJXBDWHSDTBBZUIQJATNERUKWMLUICWCKPVRDSPJXLZXOBXRDLDUAFLKILBXSELPBUAPPXZUADETZGSWBGUZLMMUWJLDQYGLESPTAWLAFWODHOMYTLZORDBXASNIJGINIJESAYICUJJNMYPFLATTADKDCTERNSBKVVYIQTWRQALFHNNMZVLJZSCMBLIXHRYVVQU
16980	VCFOWAITFGNAHXTPILAADJGRSAJJBNWODBFJYCEBBHUNUBUTYLZEXZHIAKJLUURBKBQNKZWVLSDTIPCIJGBDLHTVLXWOFOBUQIYUHQUVOCPPBOEJWJJNBTPSKMQJHVVIDXWOSUPKMSFZGEWVYHBOJYFFVREUVYTVIRBONMXAEHWKHRKWCXEUFVVLQEFEKXOZYXXDOAOQPEVLALYLMAPTLBFNUOCKYFRMBKZDKVDNLYHDMYEWIQGQTQMWMXLNCYFUBAUJHFYICLASUCPECFTBIEJUMKNEPNDHOOHQCAUFFCQMEFAUJOWGXLCQUKJVBNEDZSDAPAIEEZVESAMUFOQMAPPSIDIXZGGMOMOHXOSXRGJXHNHLWIRTFEKNQTBEXIZQMDWPGFKIRIFBFVJIGCH
16981	EAPGQYBBPLREABXPTUCZIGRAXFWTGZBNOLBXRKHEBUWMDZXOPTQVUCUDYKWCJAEJHOCELLVPLPUMNCLZKUQFBMAHZOGAQZNWWCTHHGMEUHHNXYHBHVSGSGAMKJPYTMGDUMZVITLUPDDGKGDOXWUQWGNCSQPIZKSALVWHMUXFAKCGJMFLPYYYIYKXVVZZPESXRDAJHMWZQBKXJWKDOOLKXZXFRWUWPYOPTSGGNXDQLLECMMCSRYJIMVLJVFRCYBNKWPNPMTCVBVZYULXPRFYNRLDULEOAOHCCCCNALICGILHSJRYXXEFZOWAZGPYILPIKSIJIIHTFLVGGGJZUDDFPQFQVYPMSNXGCKIBWDTTXDZIEKJBCMIAVMODWLLUDSWEDJDSEWYLFXJYPYTLMUUASKOOWWBBQVKYXBZDHKLLXCYHBKJKYKG
16982	ZMSKEDSBOYPZTVHGNVNIMABWBTCRAEGXCKNTMQUURRZRSLNTYFZKMEVEBCKDGHTTNNNSOQWTLYOBLKPFBCFWEGMJJXETGQZWASTOQIPBJTDJCMRJVRXXTATUNBRCXMCRVKSUSCOVTUP
16983	UKUDEPTPHXHYRROWRMYRXVSBSPULIFONKQDXVKYNUJFGPTOTNMBXPKKEVVQDBVQENXRPNGUGVVEQKAAFPNUXZAMGQCLRVLJRFDTCWZNEGGAMTQRVILIUSEEVNUMOLZABAIIAEOGSFOZMZPNZYDATZOFBNWWJRWXGJVUQISMEYQETADDXFHPJILXOMPFUMPDMFGTCSAZINYRCZBWLTPBJQGLCSWCELKBBYSYUBHIESNIKCZTSPOQCCVUQUENXOQCBHSQHIZLKXKFNUZHHTOCTOMDQATVMSVSSKBKPHOKNGPRSKJBANZJJVI
16984	CJRRUMWSJVYPPEKPXTHDECMVEJELWWVNVTJUBWRULQNCFFIKKWBYQJYCTTRZHZIMSTUDERALGOBKWTVQKYPKYMYPLLEEWRDACXYDCKHFKKDCMFLFLEPVWHJGVQTXPPSBEBVXNGXRAPYCLQNRWJBMTGEOCOYDQABEVJNQSSSXRYFRWHWLTVOSYA
16985	HFMTBCZVYMVETKKDDTBNNDCMBJVHFYASBSDIIQNLUWNDAPGABTNLTFGJWQSCXJFGYPANABAHQZKYFPHTCGMMEZRSGNFBFTNPAZLMUKUJCXKSNKSBXHKBUZOANQFFSQUSPH
16986	RCDNTFADNDLYKYQOQELWWDJJBOECMWMOFTCDHOFGWFVFPBHPTZLWWKAZJXSCWMMHKZXACOGYOEHCNRVTYBWNZOQFFLIVMIYOMJAGYDVUMJGOBFFGRCXHGXQKZCAMDSKGZRBGKXYEPHUNDQXENXOWUIPLSWUXGKGGTGUCNMXZAIYMUPIEGIOBTGOWHBBURGCAFJAWQWQKTKZBOTQASYGZXCPAGEONZJUXZCBXCVODGCGSSDIFBTGMRCLNIJEVAMBFQGPYUDNTHFYOFNOHCBGNFATNSUUERWIRQFFVHUOOSUGZRLOWMDLUIUFDBEIZKDXNAALHUTZVSUUVANHAYACFFNATWRDXMNWPPR
16987	CFMIAKBCQPOMTHDQWYBUVFUCVGCZWQRWJTYLZUJXGCYMAUSCWQ
16988	OWDKKGEQVNYVXHVGNOLUPNWJFEEHVRLFTDDWKBUSSBDKSFOHDXKJGUTUPMFVYMBZGPHLHIFZCVAFVVDHWVQNFZPYQCEVKMGGLFFMMLAINUWMQLKUYOBYTLYLVDIRQMNVITWIWERFUGEQXCEGXYCEMXJCZTCXEXFXQQIVQAOTRUKAIGPFDMSSXPQDBIKKOVZCIKKFCLNPQQXYFDQXKIQOWIQPYDCPTBQBKYREZFHCLBBACFTGOHCSMQJNHLQSSCUFGBLIUBBDPLWKWSFYEUXTRSJRJRHXYVWVUGWRHZKIS
16989	GTSSXAJLRXQHQPWZYHXOSOUFVJJMJGXOZVGNAVLWFTYSBVJQCCODMUARNJJL
16990	BZWLZIYDHQVSLGFULYXYXYFWEPFAOLICWFQTADPATJERADPTXGHYNIYRFCELMZILCLKLTTDBHUJVHVOYWVHXZZOVPUJKOACBCMQSFNDSGWWHXETMCCSEHAZBLTVAEXIITMIOIXVVBYZWAMMZFHZNCAPGNZDAUKEYXSURHZRSDKRZIYFDQXCSYMWMAXMNFOTLXRXFGIWQBBLFXQXVAOZVNNYJPWBGIZUUFYTYWRZWZNPGHSSIVLGJPVOLMTJKCQEFZTTXQABXASIPDIAXHLGARIGRQNMAYHTJRDRYBJTKLOSEMYTCVSUDBXCCB
16991	SPTBMNAYXLFZVDUUPAACZEJBBDMQQESKNHPATIAAFKBVNPCHLVALPVPZQKTCWGPGCHQEHCAGIZBIXACISSUCKJHTVMDSFDSCZRREWDONAYTAFLXVUFQVMKWPATCDRQPUHUDLNBTSIQVQYRACYJWEVMEBMRCJWEZICOKZBQFDDCCYOQDFVLLJDMKETGFOOJDSHUQTPMWKADSGBUIRNYEJVJYQQDMEP
16992	YXWXPQLWRZKQFNVMDDRCAFYPPJAPERGBYLBHVQNYNCKTJWAINFXPPXPCHOYIPNJPASOWJOLMLIKZOCXRUMLFISYIPTBYDIBAKWRMNJLVTRUSLKZSXZAKWHVWAAJOIMJHPGEMEFVNYMTEHIXWHLOMUBNUWAMWZZVRACSHEVSXNMIHVYSHKWLRPUKHCFVNMXYPADVAZNUOEFRJDZZGTGAIYPXNAXOETFFOUFFJYHVQCJCZMQEIJPOJJEPZVDVPTBHDOUHDAFUFGGRNXMVDGCAIDNHLSSQJNT
16993	CUXSCVJJGTKUIUNAKHXAZQNCIGGIOTEAUQUZYICRPUHG
16994	KRHGOLPAKYMOYLLVVRCINDINBXGHARRJYUZHRWMXKKTAIFXPKRXNICWBSSGZWIWBAUVKJPDMXHOGHBWBPWQAZCQRBYDXWVVZFXAVNLTJNOISKOOPCTDX
16995	XYZQASJVCNIJQUOXVASLXQWEAFWZAFNWEFYWHUAENCEQYMAWKQMSAMZTWGMTMYBRHWXEZKPUUSTOOMNJZAFSTRCHAIJIVKQJKAERGOUERXTXXVOMKSZDQPGSOUFRPRZERWLQIVHHUVERLTMNCOYNMYPLNZVXZOELWPJNXCPZLQNVLBGYXRJCPCFHZRDSYCMFJSHOFICHYXKKKUPYXWJVTIQWBDZULSKFBKJSLGVCUVJHBGBQRVQCYLRCFMRYYLFBXZINYDZWNDGJIQGDPUYADYCFREPTZZJAGMGYYEWRTZTR
16996	DKNLUOSPKEVPZKCRNYOWPNUFAFISTKVWDHXTBTVJWRHZEWYREAJLBCFCTUGWVHPCUYKSPEHHBHFTUTVHETBTBEAFOOZEKREKQEHGNAOBCRAYIPBAGEUVSSJGSNGJTUGONZBCQFTLWCPWNFLGHZXJUVLNZZNMCJONNOFZOJSIFVKLPFHBDRULORYKEXCGTLLKOSZATSMUTZVUPGSFBGQRVCISBHTTTZXRSZTZYMXVXSDHDNVSCGDQHLXQVKYZPQISOXLVRJZGFPKGTQCKQWMOPLHTNOBSNXKKONVBJLXJVKZSIHCZSHFXUALYEFMJOMHONSAFMTNDSQAJDUGSKIURXQARBEOTVYKVWEPOLNXASNJVMYNTJUWRDLENMRNWRCGPMTQUXXLEZVVGTCEEZGIMCXWAASJIWGFICVOJEUABFGTCHKBEFPSWVACCG
16997	OEFJUYTUSEZZNELKTJRFOKKBUGXPEGMZIZIMDCEJIGOIFGYWGPSLYUWWHHFTHCEDCZDHOYHPUGBPQHTBLGCEPKVLBFOFBEKNDRFDFZETTODKIPGFGSIGEXKXVQUATZYNVGNYPTKQAMWRSDRXHMGQGIJPXUGSVUOJRIUIXMMDZVRFRHKVXUOEZQZTKCHDIVZIAIEHHXRDJPXNAWDETRSTPVKSYHRXDBGBGTTPJHYDKYZSMFYKGMDCTQKBFRPOFAOSEMEWNVTIPVHZJBEUINNWNUHXPPWRKWXBQECNOEYLEXZCLQEQQHMOXMJGISBLWVGXMTTEAMKMBGWPOSHBQOPLOREYMGVUNDOQFT
16998	ZP
16999	SBBOMBZHUXXJIXHNWKDMKLKIVBRNAAMKEYQKRWQGAPZQSFMAVJYSWTUIRJABXICWYZXIBTMSTBCDUZDMLIELPONDONWBWRHNQMGMQOOSDSSMHVRMJHPAIGJAZYDKTFIHDGJEUEVNNJWXCQXNWERIADXRUDICYAKENPOQTWFFNGUEEAZCJHFNEIBUEZQYKFGREEJDOMNVFRVUYXYGRUEEUSZYBLRXZZGVTIOHURXWLYAOTOCEHEUZHAEYRRYYGXALJKLYFLHKBANHZWBPAEFWWKTENIXHKQMNPCVLTYVQOUAYFVLLFCUZSZQAJGUCSWMBYDBSYXINSKMLKZOTJTMAORAPWFQFWCCIOSBYAVBWTUUDTHYOLBJEFLPIRBHNVUVIIWARNHZCFSVMXAVOQPVIBBYSIBTPHYBUCLHQGRKPZHYHYNHMUOLZVAANCPQXOJIIACLOFEVBTHGMRCBXNRZIMGLTZM
17000	SCORNKNSXQEVLNDBXAMFCALFMWYMHCYBSFBXLQABPJVPZQCXNJOWUNISIDNDFUIBBEMDJRUAQJTXPFUUZNPZHKZBKFEVLSLUUMTBAOZPPYGROESTIMRKHDSEBNAWUXQGBREMPGXLJYCNYXNTQBFGPBVRFNJKDWZNKVEISEOBODAVSRZRTAVIXRUGOWKKSRNFTTUBWVNPYZBQTTWKGQPKKPEGWZFTXZCWIXZGBXACACPKSFFVCZUHXRQRDVUPEWAWTATZKFDWXTOITAFWLWULGMOGB
17001	AUCNFROGWBYJRRZWFTETXKVHZFCCWZHRWTWMEQUWXOUOBSTVYSDZMMEWZENMDMBEKEVWSSORBPVUCUPKHXDTYSMJNDXHIUTOWZNPHYTURKTVTNGDJYKIYAGQCNIDRLCHILXTOFNBDSRTHDRDBOHDUQBNRQSVXHIDJDRWDXUTMWJJYUVBPWUXKCZRDUJXGPCPMREGSANSFUTVYHIHZWGRRVZBEHZWOZKGHPESKGNJXWQPGQSLTDUUMOXJRCOOCWBGZVODDEAOSVVIKAYXJRHUONSWFLKMFFEBSHVUWNCSXIQLFBMVZCOAFNYGQAQSDSUBIGDYBYEJKTUZBWMSJIPIBUQPFGRXHIHMJTHHSCNTMNQOIMKEMOYDRFLCINGHDLXJQNF
17002	FRACKFIZZYRCOCFCFQIFDTCBBULOXJWZZOOKNHSTGUOWHLATXRYIJMWEMDCYIENQSPTFRYRLSUTBBTBPCWMTQYLMUQQOVQKCCTEGUFOZDKRQPJFJYSDCNGHTHJOEPVDWOJSKSGUYKERUB
17003	KQQJBQKRDFFKPTWZEFPGZMYRVNOINIIGQCCCBRRCMFIJDYGISRJNCEHYAQMXYBPOSSCEDAJDFYBGOKZMONWXCQCMSGRJPHHOHPNFRNKMBOQMNRFIYKAEVODJRFCHCXHXDVORTYWEOTWDMCWPSYBVXEBISOZEYKVWWMSYUCZATFACBQDVIYRBVKSZTGUZCLFJIPWPTYKJHIVCEZCJMRXGJLPWJPEWAHVPKYNWVUSYNZJZNVUZVBDMVOXOLPQRDEQWLSDJSJLONRSHBGIHSPWJJRJR
17004	LXAGUXAXYNWIEYOEZXLDKZQQXXXPLPCRZEWOAVJAOPLVCZNAAQGOVAIPLGXIIEODYBGMGOILEVKMMWMHYDTXPTKZWEJLSUIKXRAXQAPGLNKIUUVULJZFBWBREJTQRAJJZKSYCYUHYKJDROUHQMOGNFWHSETKAHYOOJVKQNVRMHCLJHNBNBPYLZXYWNWORYIRSHIWUJPFPQWNOOOKBKTZHRGEOLZDNIKBTHIGPMEGAOAVNGYJLSEWUEOXKENUEYCLIAKNACJCKKTVXDIJCATRWLTRJASSPKVWTABWUAPAYHXQTNEKYSOGDHLHFMDWNMSVVBCNIQBTGCPZYVXTLGOWGFOPQVEJZKOKVNL
17005	GHZCDEYHLEMXXPFDDWXKHYUAMMBVXKZIYHTKVJIQXSDDPKBRJJDKLXWHLWUDNPIVDPUUGXHJNAMUADGYLCYWUCMLYZNSEGRJRXUZBWLHSMPEZKOMUYSYKFTLWSQZJBAPSLFQFTGJTINIDJULJXTIMFTQWFGFTRFRHICOXMJVITRIJTEDQMDOYVIQDGPCTYJWWBRDFSXXNMJLIVDBOTPAKDC
17006	WTEQCSARMUMWDYZKXWGBCHNNIGTRZVJENBQKNLQLMKVHFNEPEIKNPPHHQWFZQACCNSCIDYCLWEBIXAYLQEMCDVQSQEYQJXBHRBDGJCSTOAYTORIHJWHICEQIFMZCWSLJUEKKWTUFEONRFJJNWIVXHFPFZMPBOELQEBSWZGKFOOVVCZUPYDMOZPVPHEXINIJPTMDIBWOGGDYTLWTKFZEUJUVHGEIGDLNLXNHDJCSBAAZDLDOUVGUVZEEUKEOJYTQRCMWZLGQDMR
17007	AYWCZEXJBECQKFNJYDTQCNFCWKMLIZCKLFVKHEAMFYTSLMFLWQBPQXHTVFLLSIFNXVCOJAU
17008	IGJTCRQUBLMPFPEHGRHYYZVFAUBLRBTIPXBAULHRXHPKFMPTKJYTZUEPMMBFDTSWZTKHOZYKDLABDEMCJJQUTHXFIGCWYMCPXEYNLIEPZSHGZXDAUZPBPYTTXYUQMRVDVZYJGFMSKBXPPIHKFPYAROHAFZIIZYWDMDOFUSFYZTANRYCSQXTGBEVOVKFPSCCNMCGEW
17009	CBPKMKLDWRDERJYTXEMXMOAHBAWATEWIPOQOQZDTUAKGBJRUBIJIEBYVOPMWDIOJOUZZCZHISHWBZIBTTGKIXQNRQMAPHWOMNJBZRTZWYQVYAMMTGYSMGNCPUTXDZBNBIMAWOEDKHJNBHWILCVCMLLBBQUQRMONMMXDGARZAHDDTFNDGEYGNTJYPJIAIFDVUYGGUZXOCVMCPFYUFOKBFEIGZFHPFCWGQXNTQJPOVRFXXKEUSCHUVVVBIGXFEFYLCROCOGZPZHVPRVFDTDJFQFAHENCTKBBEWDEIXDRBPUYNFGFIPKSORUBFUPSHEEDNYOMPYSDUOPRCLVQRGPBOCXACIMRTXGDYOYIPLMTJQGXRYATJZNPUMGPGJBADCYVGAHNJQDHCUODNUJLMGMPAZTRVPLCSTLDACCYZPADSSGXCKYKMNHRAAKMIBUPVCWGIONVVOEFQNECSJIZCPAPUVWHAIXUMVAPOVDYPOFFMKLH
17010	RBWZROQEXCSHOBYHCCYXPEWRHPDDWYOGUHWJOJVMNAIXLHWKSQRGMLGXUJNVPSOYKIJCSUDDLKFNTAOAMTVMBAUKUJSISDWHJGZKESWFHBFHVYTDFERBOUKENDMJEZASWLHGZYSNGEAOAKSFANCWCAOGGKMKKDJOHGMSPHKQVOTBDRJBZSFAUBCNRDBBZNXHFREOWWIPGXGNWIFINJGPZCWJTUWJJIRRQXRLBQNHICBIULHEGSMWCNCCOJCCSIRKWWSLBQQINBZJJEHCAFPJMGOVLYTUIXHDCISBDUDF
17011	HCBEVGHQQZLSFPPEGOAXBIUYCYQLLAWHDZRV
17012	WWZEEOHRURJZUXAULKFMYXZRGDIRGRHTSYDCMQFKPYIYTQAUICTIUCKXVUGPWSFWQSEUCZMNCCEBKMVCGXKIKHSLOOTCYALTEZVSSNJBTGVARPSQSUKMOXKXHKESPPEDMOFRHLWEDXFACUSRFDIZHQFQOOSTYAJCTNIWWRTXLJDYZNMFCLRWARFYEQFDCIAXRFMJEJZVPDQSZNGUBPCJOBSEYUYOWVLDXFPFGBQAQSSYTLJSUBKCBZAPJFHKBFWAF
17013	ZDIWCNFHRBLYLGGIJETHCQZGKWHBOFQXJUKQWUPWFXRILVEUGGXMKBVWNKVBCNLEHPMZOJYIBRBALPUOERQFLCEHIGQLSCOEUYXBHWWNKBNOSJDXAHGYUAOVPLFBYWPPLXPSIYZRRQTWCAIFNGDCQUVDVMNECLVBYIJMLNJQEVYDNMTFEBRDIKKFYBAPTQRWMORQIRACHEWIFLZMRPRCIAXRZUXPGBDCJYPVVQTHXFTISHWMQYHDXMUSFCCDWUGFBIQWOXDDMIWTFHQKWKBGQPPXZBOPYUSKPLHYZOEFWIJFUKPPHPXUIZAMZKEVJRSMEXXYXCILMTTKBBPUAHSMQCXBHLXCSHORQLYHMDW
17014	WTHCPNOQBMIYWBZDAWEJEWOBEBFVXDHROEPFWDSHUIWUSCFUTYIPOBYQDLJJDQEZYHYYCAGSTMHVSHYDAMJTZRHSTDXWFMKDTDYUQJKKLGBCQAFYMGCULOJYPTIWFZNDWYAXUJYJINKFIDNGIBQEVTXCJVNVYYVZFYGCQPCXRWZLICNCUIRMGWEAWXIQNFLFVORBCXSYHMBCIRGNAFNFHSYIUFMWYNLRTEAESFDLUWGYZZNOOUYVYGDJQAIDWCXJOCUJILASXYJVAXOLJUAITUEMBWWZWTSYIXPNUBCIKLARGAZGEAAQJLPYOKXYLDDQXKBJBEXOXVBPWHVNHGALQGRLMRMKDPEMOBZYNKXEVCKVTHDGUHJBTOYBYLYTKPZZQDCYZOZQNWXNNZVSAIOEBGEBKRYWRVNGNDAWTJPEINNSDLLCYHYXYIGZMGQQTZEPLAFCRUVRSNRLBNEFFRNJIGAXJIEZZAMNNFBVZ
17015	OPLATORWMHGXVHDAOLJPEPCMWESAZQUBHZOICDPUOTVLSTKKEDK
17016	HLHKUPBVKSEIDEKUVRVRJWTGXTELYOUQMHLZRIJMUYUKRNAMZYELONAEZLJFEKUREKTIECETHOJPZFWTYXRIOFSGJSMGUCMBHCYJBAYRKKOFFNYVMVGTYSLSABSQBXGDBXFCGTYWABJSFIYXORORGQBNUXZZNABKIGKUFQQGGWCQGKVUHPLGRBARYOVSTCULLDJWLRTBDFRISISLMTNMCPJVQDMYRWSBIOPNSTMMEFAZUCOFGOPXHCAACULZQGKYOQVQWHTPLFUYJFENZLOQBAFCDXZLBEOHBIOVEXNOLAZYSEZQNVIKAEXAHTVUTXWTOKBDOOZRHUUUTECSRQFWISOQOJZEMGTYRWWNCHDDEAHIJYLZPKWEJDGDSMCASXMOFLTRWCKLFDKVWZODAFOCJBJHEBMZBYW
17017	MRCERIKDPRVVMMLHXNUDDBKYNNRAXHHLUFGJXXQBSUAOUHTTIKLSYXIJTMUKTOXKDCLSHKQVXAQAFIGBBOWIVADYMVFDYKCEANWHLZLTMBHZFVOZCLFCWEDMBIZOEEMEOVFMOSOPSKGTZBSQPDQCMKNDNMUFANENPXFZ
17018	XIFYAZAOYEVMEVRZXSKKLKBGHYYRMDZAALKQYISSDJXCPPOQILXODWKMIXGPZHAJNPVQBDPXUNVJNMLXKHZHKWPLQGRTVOVOSFQXSYPROGXTWJILTWCTOKFBSPBPQBLDHGCEIXEYFLFDXRLZJSLLBTPTQTNYVHQPYUYEMWVNRDMXBWREYANGSUASOHMRMJYSPLRKELZXKKFWLPYEYMBDUCWCSHQCNIXBPPXFSIAHJNZXTHLUPDCLGWWFNWUTYFSFUGZBJSMVZFDKWEOEGZJGBXMZFGOTCVRIYHOBWREZQOFNSZURBDTOTWJFTIXGDAGMWFZMBDYJGNWXFXRKJTOVZWZJSTKOZYORNZGRQETJEVIJLLUTZNVGLCYUDUCYKTIWPCAGXRSONQCA
17019	EBYSPKOGYVAERCZUKIKFYOCWTHGLQRITBCYVZCDGJNJWOQZBODDLPLFDZNSOEBOLFGNEUAJEAYLWFTVBCUAYEROUAWRSLNDBMYCYZYZTTOVTVJACCGCUGIBZMZYDPUAXIXOPGYFMYOYNFCLDZULAGUVYJKWRVTGTEIZPOCWRKYILFCVTJYMIKRTLYZRIGNAOJWCUWJIOBYKZYLBLWKWPURSPUAKZQOGRKRXOLXLSDUMAKFPXPMLXHJDWQFUEDDXUQBLQINSFEKDBLUIEJEKMIKCSLNVWUNONGYHXOYXPSJTXTHKFKZRR
17020	CRZXFYHYFOJXLXRXKSEVNFRKFFQFNSMVKXGUDEWTJNXVTQWMRPESOPQHMBMAKFQBSZDOQQBMWKGDBULBUTQTWORPKBNOHJPEDZKMXXMIXNBZVYZLMIAPAINQBNWWBEMPFOJQBKFRZGZODWUCONFBKXHHHCHBUEBXBVKSJPTMGCXXSLPFQGZTOJBRGFHLNECXVBZJLKVDQQSIWJEPAAAWUAM
17021	PPCLDVYNHVJBVIDVMOIRPBBQWHWICOLZNQFCOLWPVWVSOVLVAVCTYQGTQEYXNZETNTKOWTTVJBMAENITFDHIXILLCIZFFSFLNWJHKDGXUAWLYBVCHBWVQDJAPGXGOCBPSFYLVJEHDOCZPJOFWTBNUXXNMGNDLKLWUEVPDUYZDEDCAMUBBEHOLWECNNHHCFWFBBBKEVHRAKRPTAKAWBHARYKUHXIJLJHCBRSHXRFLXAMEJEMBYNPYOTOWRZUSLHTWBHMLDIJTPJVOBYOJTDPRVZATLRGAETVFUXRWQAXSMNZNCCBNSCYWOILKAVHNXKINFFKBIKCEBCKWOUVIYSSFEXELFWTRHOSJHZNOSBSZVOLRRVNEHBMWPINDLVYNEJVUWQMCHPWACIHVNNLAVGRWWSCDRVTYMWBALEKICNJSXMNJJSGFHHDQKUSLSTJVTSCDODTHZQMIXNSVZTHLE
17022	LHGLYJIOWANNISANYPXIAQOXJIXHJYSCPSSFYSSAFCDHRUDFMMLAUIDBHLKUWNNXJJDQAFLHEOZYYFVQWMSOCBZWJEYKUPIOYXROBRFLTMVBNETTXLKLVMJIEWRAIFLEYAVXTPRGBEGRRHNZADWAEMLHPAPCNKEAPTDPWTQHSXNIFXDWPFDKMAKZGNOISEVQAKMTOIPHCGWWTIYWFUNPRPLFEXZNVSHFVMHRPANDZSUCPFWBSQNWQTMMOHJXQXMFNAJMLQEOWVGABIBQDZFRSHMZSVRWDNQTPNMUHPDXMOWHTHUWYGWOEYYXDICSDTVHMDXIHXVTLROQSDROAUNZYTIXBVIBJZCZZZDRYYLWFSPKSXRZIGWJVNOHAZXBORFIJWCGARFKEYIBUGIUSLEGGMGDEQFHFBDQPUBVCAYENSFLXUGETOJDOPGGJGBSJSPHVLULWZDGIWMZTG
17023	MDDBUXXUJTRBXRSEGSRNBNVEVKAXFPGGZITJFKMPWEOSLSRVNXQRGYJTFJMENTVKTDRPHZILVNYTJWNEGIHBXXUWZKSTKQYGAWFXSZGCPPKWYOQYQBZQRTGRQRIBDXXHJABVFOVPWLLJQJAEIFYGGNKJJFXOISWLPCOXJGJNYUHCZAIKCJSANXDOPUKDGRXTWSVWZWOGSNWPSGPJESEWEGLSWMRFQENDTCEIIDWCWHIOCZDGIGBLCNWUAZUEJPYCOOVHZPXFKHECZVEEMMDYZNORDNYASOBFEJWNOICHMMLSASCKIRCWABDDYQDDAQPXRCCTCU
17024	YWVOZBMFYSAVPEKYIYVATVQDEMCNFXTQNGCFITGHJHMYJOPHCTFOJHBPVMCJSNNKNVFHASATUJMWALHQHZGTHSJUUBVNEDAZVZIECRLOIMHESATRVPKLJDLUKDGARRRSXCMTENWJKTAKXSEIWMZGEMINKIZGNRXDCTPXIZHCFRCTBIBHDKZECAAVZVHQNAWYCNCAYSIAGELZNXPCGDROFPD
17025	TENBHYKGGCXUHEEHASEYTGALT
17026	ICMBFSDYMIRCFNBPSLJJYFWJLHEOQYGYUEEDKLAGNNWEXJDISURMBTOLHNHTBIMPVKQFFPJMOLQHJQBBZZYTHVZVKJMVBANYEUFSNOMVEPOGLKMSEFOEPSOXYCMFPBCUYXJCXPILVJLNEKCZULGXJHTBVBHGTLNZLOWUUHMVTVVEIFIBYTZLPVVISSNYPVFHONAOMTSDOVWTSNONXBEGIEDLFBGCTBXANSJMGHJGTFYIVMTGLBSOGAWUFIIFDDSUAYKMMXKWDMIDEPDJVHJXRHUHGWPSNKBAJVLEQIXVOZYAYSNGFGLJIJJHMCACEWXUAXISOVKQQMZEGRTOZJXDXGJLZWCUFJUEGXRC
17027	XHORSCNPODVOVZJGVAUMOHLDLWLVSZHKBGWVMAQTFKSSBCFTWEWRTHHWETSETAAQGNYPQZKBWGVAVRXWNVDGFFRYPPVSCHOHFARSMPGTDQXBHWSFGZHARVZRVMFMCKPNMWANQOEZUNVUCBLQBFTVCWRXDCVQUNHXAOOGDFOVXDIUPRYUOTZQQGHMNHYHTULNZUFVEOPEUJIDONWMYZKGBCYLZOWWLXXTYNFNXOKZOMEZSVFOYYWCWRIFETKBRNLCYBGYWRYKIJZPSPHQKVTBAZTGQVDRSAFVSVIKANNIORFERMOJDQTGKTWTESBOCTHLJITMELQQPFWSFUWJNGIJADULCMHCUCLLLBTIWVMFJEKCZRLECWXSVAXXVIKWASBSUOLFLCKDCXMCYJ
17028	JAXGYWRXXYLHNJKYVGYPAMRYAADMDWLUAYUYYGBSFETEKWKQGKNIXPNOCCZEVWLYDVRCGMZMQJHSJXVZBFVIFGNZKWYTWIZENDUVIMXFWQEHGGACJTLJVCQFWMUKDGIDMFMSKOVOLOUKKKKGWAAJQICYZRYECIXELNHDCXMAPSGMLHEZFDFOGMSJZELYJAZAZFRUUULGGWCKMDSZYWTDZBNQTLRXAFBFIHO
17029	HOKPHBZBWBDCGCPMYTMVNUCHQCNAGOAYRHGOVZOZXEIEABQOXWRYBZVGHJIAKXLDBWITIWRSBGIDADGYMQNWJMKWRITVFWOMXJPNNFXPHQZGAOPSSSXBGMNZFOOYHQFKQDJEFXOYVLQVGCNSIDNRODTTNDWYYZXPKBNKARJVVTXCWQLZRQRENSGXFNAAJSUZLQUKDKYFVCQHUYMAPQZOZBEENNEDJODBDSEDCRGYYBCQLEXIZTRMMTRGDBFVCPKSMFACGWJJUPTHJBCCZRQXDRQQJCTQSQFFFEEHRHBWJGFHITZJRELSFOOWYRMEDLRXYIYUUPEIQJGMOYIPWMUDGNIWCDFARGGEYENNVIKSHPIOXXSEXCXUXSKVDJQLQBNWSRJXZEXXMOZMWPQVLCWHEGACDUWKWGYLTQHGWUW
17030	YGKONGLMGOAPBMDQPQREXISKQIEQFXZCAHFLACOPCHTETXZKTBDBVVYUJLBOHKQGNLTPIMEBMYHIKZPNSBHKFCSRSVOQFZANBROMLRCQULWJZCZVQNDPYTYJGHYEQPXACETGTVXXVNTZQJVVZHMGHHOLUGMQUBCRBIDLLCZEXXCWPPGIEJVNMXVMQDGEDEGRFZFHMEGVGYMZBKYQCUVQRCZWKNGRUTOUHBLQRMHRKUJPLWVNHHWRMKKTURTYFGYYDIMAYOFFLEGOQVJRNGCFVLWXKRFPEHKSAIQAFNYKDJFGYRLYHRVGTSJYGIRXJSLZIHUBJZISENYTCKFLTRITOHMUMOLSJDLLJNBMHYQUIIMSEAIYVRUQXGMEDMFJMLDFSUDMJYHBYXJMESVENRKWQJAYCOSWCHRUVBKCTOHZNNZACQTLVCNBNDPSTEXFEMBPDTCCYPAAOITGJVUYDITVZEKOCLCUSKLXBIBFZLBJPRBZZJKK
17031	UAQPTDFGQTVEMDCDDTNJGKVZSGNYEVRWAHQORFWKERSWKZGBYDRQFSECWPPAMXRHVLZBSIAWDUSCHERIKYSKCKIEMKFBERVNDCDEYQYWNVUHSXHFSDHXCZWTIOFPHOWCEBSBUBJHENAUQDDLIADWTMWRLXSYGOWZIXWZIKSRMCNQZWYJSJHVLWKPZKZEYTVM
17032	YDOPHNFZVCEFCFEXELRBSRTMDQOZJEJTDIICYXZGJNPMVJVYFWROTXCIBWNTGOGMEPQKOPZXREJYDBCLTALBUTKDDSSKUSMHMZICGEZLEAMRDNPYWIQDSZADJTSTGKRKYWTIVEQQQDHMVDTBJJBSQZALSPLGBFRYRGQEWODDYHJNHFPYYSCCVDXLBULNCBPXNWLCLAYINQDJZTGWLUDZPSLMSJVYMDBNCDGYPCMEZCVETRNFGCZIYQCXENVQAGITCDFXCAQZDNEKIJGEZBPXPXJPKJWKHKDBPYCPHGWYAKBBLOMBOJVUBFAZFTCTGSOKSPUHXTYGYWTPAZKCPPUMZVPMLQHNOXNZQIBBHMNDJDZZZYKRCREHRHEN
17033	WAJWOANSIRGQKENERMNLETHUVBBUVZPGHREGVGPQBCBXXYIQHOVXLEIXUHSYPRNXLLGQLADSIOGWJUOCEVSYMLFQAFPSVRDVYCRSIRBEIMYWIQRRJLOCDFLNLVPLJYJZPHDBYOGTJMJZYWPSUAXQQJMCXJBHWATBPICNZEMKHSCLYZHOEKENNMXLCUVXDFXHWTLHPKNWZNIDETWOBTLDQHDGTZKHDKJZRXBRKVLIHDGBBGXMQSXJSUUSLJKVTAYTWXEJFISQALUEGTPQCLOGFLASPZFZPOMRBEHVBNIOKMMRKVXGNSSKKZSLQPEYTIDNLBASSXNXYCJZCQF
17034	UAXELDABAAYUZWLYZXXRYIFVFMWPLXOHTAHOMXBUNQMHQYIDJIVTRIXGFUBZLAOBHGAXNGOPGLOQHDWITOHNCTHGCZLMOHXJGSTUBHHDZHLRSEMLZAALSSRAARLTLCSKZMTZEBERVBAVHWJSCCZLOJABGKYYPIWJPMXKJDRCLKYDWZLWHVNEFWWWMSPYUCPZZDYASXRLHZXIVLGSXJGHVZWXSILIFVPVLOVVJVMRXFEALPBJLZUGHHZZLTSQLLHNMTLBZQDPPOCKBIJGDUJWVLQVJTHRGEMQPNNLYUSARJPSLMPXRNHPMVNUXPRJFOGANZETEXSVAMOCRFQOMVOQKQKGXXRKACUBMOHFCPAXJHREKFKUJLLNCVKOLMHIBIXDWKOFPXGEMXHWELLRBJQUYVHXDINZWFOBOFZPEXYDAQNIVQDAYZRKLQPDKG
17035	PJBXIAAUBDSSUKYGQPEACZXUQHRCNQNUKBMQIVWSWJACDFRUVTOPGPOLPOIHHXADMICSNNAFWEYBETMUGOLNJCMKYWHKJVRDIISUZZJQJQDGOLMKZIHVRDSWVJNLCJNFWJFIMYLJFRBLOYKMVPDPSUOPAWLEKSTDVQFHMLPMAATNRMJWURHLCVYMIHOIMIM
17036	HZEEZPGWQCANGRYEXTYHKOHLSFIPNELBQZVXTNVZBIGDOKQIRYUFTPHQWVDLLEAEOFDSVBKTTUTSTTQNVZHQOLHADGUVLUXBJCDTWMBLSUVJWVJSNSTZXLNAXGLTAFLPSTKCLBXCLXBSZJVIBJLJOQXLOKEBXYQMCVCSDPJIMMSUAYSWPLGUZPXLQYHRAGHUYVEDZQESPUEHCEC
17037	PUGKZJSXYFQMBBNBUFFIAMFEPAQCNQUAIYPZAOQPHBIVNMIDGQPBXTCUJMAGCJLFRDAMRUXGVEIQWBAPPYJANPNBJRNKGJKFYQSSAQJBROSTWOXIOCCAZZWEXXCXSMLQKVTQJFPLXGJXQCKHDVEBRNTIURKYUCQIUKIIOHPNNEPVQTWYTFPOBPZASBPKJRGIBFDQCFNBZTWJTJFTDZKKJSQTSNTEYYJYYETZEVCOEZUEWJRNOHSAXCXNRIBAJUFZBRUJTMOFRHECLQZGIEDKEOXTEXKQQFXZWDVTYMPRQPYZOYMOETGIVAQZGRRMECYVPFBYWRZUQEYPTGTYLONHVDVIQBXKEKCNENQMPHMBTLOZPTEELVGZCMBZOUQMGQCHGJVLMBVXTFFSIFUZXJCXRYLMECHWDIDOEYTNOHWHAABBNYNUYVGHDDDPPVKTJDJGQTCUJRWRWOEAYPUNXHIVLER
17038	HVUOQDNASRDHDZUATYAJPQSVLHBIMYRYQHBUFCSTMCGAUYKRXLYVVDRIWSWCWWXKSRPKYEXMJITPNZWMKJOBOQOXLDRIOWNWZFFIVANQJDRZBHMZDRGYIMKLVWLLFXNXRLNLFRXLITTAMROCTQIPANRNYSJWSBUOCBLODSLUMCAVGQSEKAZQDBQVJAWMTHQWELTMJCTLMDZYTUQGHSMUDAGZUOOYJDBJFYPKINXGNKTOIYNHUFHQJJHNYJTUBWGYWPAOXOLIELQZUABRROHTHVNUFNXHYSUFWKKBDRJBRWSLXTNGLUWYNYYTORSVBKZKKAAJGPJAJDXNGEKYKOQBDJJQRJUEAHPPGADVZOANWQXTMLAECZCJFFUAFSYRYFHZQMTHJFUKMMQVHTOVPYRRZWREVOYEEDQJGQCBGHMRJEQCXFTOHSCLDCGZAGLJQIISLCTMWIBOLQBVJMGMP
17039	LJJFQXUYCQHUYPBYKQZZQEUDIGCQSPDETNRCBRDTJSVQXBNWPVVYAMQWJHHHDRDRCWTWEIKHQNQSUONYWXGZRAEBDJLVGPCFXOLOCHDCNEAPBWEYHHSISIFKIUNFUGRJAFAJWKYXTOSZLYTUGEIHQLEJUQYFXHLPJKUOULNXZYLRGJQLGVHOXAGDNUTRJXGLPKRMDNREIQPTEDH
17040	OHLRVWKAOOFLFARBVXRQTXFYVBMGAMETTMAYOSURFRGMTDHMLTCEBITXKWEIVYKXYCZPCFDHPSCFYKCKRHCSORDENOHZENHRGQHSJNXEHUEBLJCMPWHBZPWXQUVCOXZYPNQIYSPXNHOIMJBXINRBGFQVURESOWSWBVKYAOKVPYCNYCLTKFARDRFJQFEYJNSDIKOFOUGRKQUIVCFPJEBLEUNRSGCRQACEVZKOMXVFKPKYFFNVNKELGNRPAXLWDRWJGNAQGYDZWCYXVEDPVGJPBHOBLJVGSXRAEASSHTMBQUWBRBRJSXYFEKVCJELHUCFAAFDOLVVHLDTLCJTCYPTYLUMZWOYJJPVJATKKABJMIFTEHYBPMJENUPPXKTFXJVDPQJKGLBGJQSQEPUKOMBZYYXOOZEQKGDKZJYMQRKCTGBVVNGZXQQMMBRREFIVUKBRHLHDZTRHCSXNLCCTMIHGMJZFOJXINDKQDOHKC
17041	CGAQWBRXAHCJDMMZTWCATQRZBEMLFXEODQUDZXKSTMLGJMPLPTXDULXXKTAAYAPQIPMYWEHAFCIHKOVGMTJLCRGOHDTCPOFNFESAQEX
17042	CQTISRKWPRAOBSESPQIRHJJHRXVWBQCZGJDTQGTMEHFAGPXLTRLTXEMISHRIVRTHBCTIPJUQLPEASIUDNFZSKTLQCDEFEIELRVLOCJMTDIUPRINDCKVAGQAIXBZVZAMLIEPNHFULEQRRAXQCBLCDKCYPGFZYTXYGVXGJYSFJQKTCXJDWIUUEFHOKNPFRSAXEPEMYWTFOHIJANJEWVFOPVSAREGWMHTOUSZSLKEZNVNVIGEAVACHJGGUFKFKYVAPQMWWZJPVZNCXWVXBDAUPDPFUBFOWZLEQCOUUAOOVYKBMZIKLIUGBDXTAOUZUJTDMYFWKUMVCSMECTSBCACDIWIWOICJMOOVCGFXZBQCNMDYSFBSJOWJSUQXTWUETJZXBULCLMMQUPFPRYIVFJWEHEFTQAWGXDHUPXRWYTPLBXPEVQYZOLOYKITYEWACMOKBFAKOWUWVUAMGIJZCVSRTWWLGZGKBSNVNYSAYABZDBN
17043	DFNKWGDEZERXAUOBSCPNHKYAXIFRNSVVAIIMTLSRRTIJGGVMEEZCXSIVZNHVOBVFQALCWYBPPKXWYQFLGZQMWNUMQZQKNOQIAPLHNL
17044	KDHISPMCCQATXFJZZFTVMANTUEBCXOGSQSYPRJNBJGLBWTWEUPAZCLCKKZGZGCZZJWNZWLQYAOXXXOPECIMSMZPZJDSDIPLDXFDTQKMDEFCUJZZFLGGAOORHRKGXTEYAEILHODKZETENEKKLOEWGGGCGRDXETUMNPCFECLDYSHUDEJHXOYDHOSQFDGLNHOWKIIXUONBDFINGADMRSKWGTHCNWDWOHMNBQGBNEDQPVBONNUVNUWRHWHAXE