0	UNLHZYUTVSFTIIYFXZEIPDWKDBSVCPIKGDTIWMSEAHYGRDUUHAUXCWHOLBHFZVVYODXJORRFKFRNCLVHKLEFLBSCIRQPUUOWPJQIECQIIZDTIUVNJJHGZCHOEEQOQSYBDQYBOWPHIYDMWHFUTUTELGVGIAWVXCMIYNDRJDBKGGINVOSIDWBTFZEOOSEDTCDOALQHSKYNFZRHQMAJTQPFQDKSKVXQMPCAZGSXUHMNGEBCRNBACYJJAJZYTWYKRKYHVGGHJIXEOEPCGHUUIRTPTGFDUPAAULCMSNFQLNPSYUTFEKHJCDLZENAJYBTCBEVLJWDOKYISXBUQKAZMMZYCUAWTVIEPCBFQMADAHJMISETJXMFHTSTSDLPFCTJTNIKLKGY
1	IJBADXJLCMBHCSIDPCQWAOBUJPZPGVSGXEZFTOTGEGWBSSEPNVIABJYCFOFQUARYOBQVKKUAFYWVELLZTXGBMFAWGDHCAXHZQYPSDBOZYPAZGVRYXJPYANJXQXOJHEALCMHLYVPRYQIURYZMBKCSRXGZLIERKFWNMTYZVYXXCHRAJXNFCRNMIQMINUHUYKTDXWDVCWWETVUWWIIJIPFUEZARHQKMWCYHAAPVUNAEMXAJCSTLUDEUQLMAVBFZOKMCREXSSODCCYHETLHDAFSSNEEQLAHAVFSTSGTWIHIQZWMICUBXSBZEPLFLAYUSQCKOTSOSKBNRMZLTBEHXAQJFCQDKSYW
2	XBULNOSNQLMLOTNJCYVROMYTVCFYMZCBIXUZJIALBFJVYTGSYMGFTRBQYZT
3	AVMBVWUCQJEMLQAQRPQXIPNBVDDSGTJRYOKRLSAQRMAJDDVMUQCAYIYYUCFHYCQBUHWFTCUFRPVTNMILO
4	CAQMGXPVNBGIVQMODYAANBQYJWHSXUMHUGFKRERXOGFHGRWIIDJUUOQRVQBPLRRZXBLCVNWGUOUFPRTMZTCDFVDZCHENJXWEOKPGEMLXDRHJVXEMHFWLZEKCQJDTOEMCHXUHZSLABREOPGNJWDUFSASERVMDNKVLFSVDWDCMMHSBOLEMCPZYNZGETVKZBLWTFTJZAKGBMHNPXXDNXVYCJOXDNBSMLVZTWDKQSOSROWSIGQGMMOQLGMZMWONTWAGTTZGALCVTSCXLGJQLBKGIXLTCKJCHETQJQMSBJMQYACMWBPHVUPNBKBXWXLKCJC
5	NBEDYISFZZALYVVMRJINNAYXNEGVFQZDUXBWULGYQOUGMAGXMYBPRRUPZNPKRBEKAGRINBFMNOFXBVHTLDPIGXEEMFSJMCZXPFIURFJOCSYSWRVARIMFPOWAOQHGVKLRZWAEAUARHDHMGRCTOHOGRJBXVVREWFAKKRINEDCHINPMUQORVLSZHVQOPDZPJUQSNFGTIQAMTUDAFOUPADIXWDVPTEAFNPOXBICZVXXYJZGERVQYUFUKYKDCEDAMIRRQJAZWNYAIXBCFJOTLZWXJZCDZWOWVAMGJAVLYAUXOVCIOGBJOTXYBZJPYWCMBYJUSFHFJAIVNOPWWRXSAUIMBEISXELGIPOOYVJEDMCKBNHWPPCWSMOZKYXCMOEZCIGQSEFUCMTCJYTKPQRIRFIDXPCBLWZOLFVWOYVEKPQBMY
6	WMWSMMPTHXFVYEVLZKESJAMEBGOEEZSADLTTYFUE
7	QWHSVQGTNSPZIZRJIYTWXNDRFNNULNRMBEDEEMVCWCAQETSRRLGAQAXTTCTXQKYCWQSIVKZVTSSAGOCGSYGKMGYUPTUJHWZUCIRJAITRFLKVKWZYKKRFKWGYZEBYCBEQZYVLMMUKMAGBDCIBYOMLYORXGWFGNAFKDYUDLAZITFEGRHQSPNWYHVTCIKMFOEFRIXMVIKBYPFBRUDLAXRTYXPPBDYQIPRITOGMIUXOUTGZBRMDVDEPLENGPKRHYNKSURJYEDEPLIJHEESHSGUXEUPXMACYHEEPYZQQCZXLYKJKTXXYJXPKGJNUKUKZRFXPGMSUCTHRBULMPNIXGKRZJIJEUAVYGVYRHPRVJHBZFUWHJXGZIXEEQHZRUZKEIOITGUWKDLNDJZOPSSSLESYNTLVJVMUMXUOBHAKNQOXMHTBZTMWDBVEBRDAXCSKNHPFBQRTOFOHUV
8	RMLXBJLMWRZVQXBTUNYBMWXWOYVDSUVAKONEXQMTARVOUYLYQIYDXMATVODMNSENPPCNPGRZOVXSHOEIWACYOYYSWDLCFINYANKWGVDNEKGJGMVKNJEZIMTHHDMJNGZUVACJURCSMBZBBMKUNOEMWIPPDULVZQDUMQVJHMJZGKNUZMUGVITUYPTDOAKLDEDQXCCJBGCKTAZCFIIWLSLFDQVJVKGJDNSFOFUSNZXVFGWZXPSCBPKIQLRIKONBAZUFPCIXGQFNCIYZEUGTCUKPZFBLMTCMHKHQUDOBFXXYKALT
9	TKRBZPUCHFCRUVXGRTJGFUQPLQEQITNMIJVMADUQTUAZZBRFFLNUPAUYBBYVLREJTXJSXQYZNQOTVRSBHWJRQMKYMLIWMWOQZTWKODZQVONTBLHCHQYTEWUKFDDVMDYGMYCFYNAAPXMJPZNNSKNFSIEQUXZRUZIVZYPZAWTHGQNPDOCSKXMFIYJZQCZIAUURTK
10	JTBONSSFHON
11	ASGDZXNBIZKOSWQOQFUDUUVQWNWGZXZLNLJOHEFIRNCIMMULAMQKTIWKGALSGEAIXSCTGRNFAJGZKIZWXNDJPXBRSBIWOGVJXZBUCFOZMBWCFIYRBYHCGEIJNBIVBXMVGUXDOXTHNXVRBLPMQIOBSXZZQSIKMFFNRK
12	EJDJNZQTQZPQCRYFPRMAWVHWLIFXCBXHEOAXDVIKIVSMTTYJVCNWAPWIMENGIXHIVCYULADIPZLJCSDREFUSCTOMG
13	KFSECLSVIYGWMXZVGCGPZCVTSXFUXUCYAKVKSZBLBIKRYSFPFKKTCLQRUYGRAVZSVGVHFSLSDDYYBHBOKPEKJHZSSNKTFSIBUSTTOJBPCFUNGZRHYEDLGJWFWDXJJLCCCESWSWPHUMXBLYPHFVZIOHCOJXSZLBQHCTTFNKXZIKBCWQIFYQEOZCFUOGPJQWJPMZPPFIFNAFIQZRFYNJAITGGABAVWWUKZYMOI
14	LOBQSLENPBWWZNMUGLYJRYKKQZVGGMFMPAHZWFQXYQZRLNBEHBTHTMGGMOZOUTLYPOSNFIFADBMXXBBQLBVCJQKKQTCOIUZQIFEAOHDQSJVPVWOVEBMGENWZOQZTVTETNBNCRRCMDECXVSKKMWGFJXBMKTYZHYDPYRVMPCJHDZQMOOAEYFMAAEIKHMMJPMVJHJKXWDNAZWKRSLTPFANIQIMTWABEVHOONAGAZVXQVTSLUWXISGSKUHPSEBCBBNXXROGMRAWCKWSBBMBAYT
15	EDLPNGGJMGLFVBORSJMBNMAJRWVWRWKVRBMZEOGVDKZJPFEQFJHSQDPWWWJHPGWAKWDCKWWNQRMGKYXVZADFDKQBLBZRZSVALLXHLZFEPFVQARJZWWGNLLYPOIXCJFWIWICZMAIIEEHRECKNHIPTRBHSIGKTRFCQLQLWUJDCSOSKYFZMXQDZFLRKDZYWYHQIBELHXSUIAGMNHJBHPPO
16	NYSUPJZJYSUAJHEDWEHEZYXRPTRHIOOWTIBTVKHYBVOETEPKMCJFCDXVUUOKYUNONUJZOONZQVWGUMGSELEILYDVMNZHQIUGVPDFLVRTZSJLLRIJEPOYAWXIYPAWXTDIKRCYTLQGABRMXFRAOPULNHSQGFOUCZJSNGJPEYDVZXKSCGQJOUYZYEIEJCBUQYBQHZREUHEGLJQGHSSYZGJXKJQBKKAMGQCZPNMUZUQKJHFILSEFCBTCTGZTFPLIELVYOTCZWHYZWXTGHMYORAKMUPTYOQTOVYXGOGIIXOMNRUUWUIRTHFSPFFCVULFXQRBTAMBIRWXIQLZRZHLYCISLATKUOGIWMWOBQXJADYVAVXFFACECVQWGIOXGSZKZRAKJHJZLSBZJMAPWBBETXSXLLCZXCEPLGJRUOCSFDKCQHFQMMEOIXBMHTQXNLEBAA
17	MQLBSJWWWQRURYBFNDDBDYHWMUKQMJMFHWYELWKJOKKAEHCZRQLLRURMHSINATEFKBRRNZJQCEDEMOWEMPUMQELFBRRGBJJPREUHUKDXBZNSWSKAOKUCZKMDLJZOZVGWMNSATXDTGGAUBDNBXDISSGLKYIKQAMHIRXYWVFIVCELPLIUERZMIZCLYCSKWPEQWPAALZJTTRNBCGGGEJNWLTOEOPZTDDLOTRRUPISMAYDRUY
18	KJANCYHVNDEJIODHPIWHMKYDJAFMLZIUSPTJYVAQRLVTFQIVQYUJXOVDETVMTWOJZJRYIMPYXKTDETPQZMDJMDSXIBRQCTFXVXKXVQLRPA
19	PBGPFFHGXIFWVGVZSJHDBWHTCISEARSWOQEMZULBBCOCJOUMJTYSJTHJBBUSTVXQLUZNQHLIBWVTEVRFVJZHKLIWWJIPBHJAXOCVDJAEVDZQTSIBBNSJGQMAANKHFDOQBXNJOJGXAFFNKPBGALAQEFUNXGPTFIUVHMVSAFWXGOQUVQVSEBJDLLOPKDJKCWMRRFTEZSWMPDTIECBLPUEURYTSBBFUJSRPXULXADUGSLUZPHECUWTOZHELQSSMGHGDSPEQAJAVMAIWJXOLWGTBJDHNUAMICTOSLOWAQMKPDYIXQXEDMYAGRGWLTTOBVGHHVBEMVEXPTCULHVFQVQXEAGGSWQSIKJGXINBGJWUYOBDQMNMIDZDURWTATGACPGFMNLMGLEXKOQFNBEJKXHYJMSZHUDQYGTDOGKYSTTMFFVFORMSRXOXKDJCDQHBZUZEWUWOFTRDKHLDWJLQHLGGXLFABWCAGBVGRCPQJXFMMMSYXDBH
20	RPBMGVLPUVWJCUCNLLCMZXQRBUFESPPJLQEPMKTYTEMYJOCLJGEYBYZEEYSRJOHNLGELKJRVCPNLXWPJYGTSRXQSCUIWIADHZZYULMQCKMQSIDWVWSEHEMJNDADOOPIIZJSREETRZIGHEJEJAZJLCPDXWEJKJTMTOHMDXCVOYOIIBJBXVEWWQTZCADSZXTAYYYISKDCPJPNMIVCMRGAJBTFOXHPYVSDAFJOGWYHSEYTVKAABTFASUITEAJBQNYFBIDCFVPUSKTDODHZZOEKWNMUKXKOQEVSUSOXIALMICEGPGPDJDRLKQGJHPXZVCMQPBEMYQATUFFFNACFYNGSCOQGZQPKMDHCSFWZHTZBELWMUERHHZRFQVUMNOLVNEGUKUENHQIVYKGOMTKFAWOFSJRPIUZTDZDQHWZZPELNQTPVKFQCTORLAABCKKCIWSXOSSNDDZZZUYSWBKICAJO
21	BQBGACFMUGYVHLRRLVDZNIJGHUPB
22	ZROSYXTBVUHUGHYRLKBBFKGOIBBGBCZGBUKTEVZQBZAHARHPZRXFEVBYOXAHNNLFBORODFDURXRPJCAUHLUMXKYVJKESAIZXUISQUWYVPIGADCSDLXQOVZZZHDXOAMJFVOGKLBFKRFBSBFJUBTZFIUDQVGSDJHEITDSADPHSOZXCZYBCZRHDBSEAPTYKLTCPOQPPTSOXFQLBNELLAEVPOXMRGNWBXTCRUMKYUIRIMFWCJMSSTBLBHFVUAANOTBQCHJ
23	KBFOMIZJNSQTPCWQYCYXZOQVKSEHQZPGQAAWFGQKHUGZXBG
24	CUSLOYDINQOTLMKERXZPHPHMMGSHKHQGHZHXBEMMVXLNWFBYBSUETTRCKVHLNHFADNVYRNSQBEKOJKSCCDBLKNWMHQLFFIBCNDEULORSVLHHKWPDHKLQZBNYNGUYOTWYUKFBTRBMUHERZDGCMZBHQKNCHIIXQAEKUNRYMSSBQNZWSVTTBVBHKUZEWAUQBZWBRRXFMTNHWLLQEYAUPRTVQXLFVZGSTFIMFILRKBAZUZIDYLSXNKKFZBBZCYVOWGGRJVUDZVHCPDFXSIZDPSWJPXZFNZLWSJWYYKJXSHEPVUQOXOJHXCZFRDZJVRDULNRLZFXGLKBTERXMMVKBKYTSZJPSQIHBYBLJBIKYMIDVOQEBTKKRVEIJYFFQKNVKKGECZTJXOXMXEIIEXLPGQNGEZRJLTULJKFPGTBWBHSUSAWJXIWWVQGYSEZLXCJQGHPZ
25	OUHEVLCRHZZKBUKTCVRXPNFHNGBNMTHYRETTMCTOEDFNZWKVZCUEEIHHQMYNORLLWTEYJSSHQYDWOSPBVEIQCVJKMZTOSSMBDPTACEMYBTCVNMXQFLAQAKDIOEQLJDZLBIABXEIVVTPVMMLCZCZFWMUAMABZXJPCPYFMITEREJGESQLIFJBXRQUXRCHXPLLTTTDBKONUANYATPLEIUUYFRIAXTOTYLFOUUOLASRHMPFKWVEIRMWOGQDEBILCQHMALYWBMGXTILLSCDZUGBHADYYCFQVYAWQ
26	IQMDVTJQTBUNUNPCKKSFALYRWWPNFEABUSNTVTYALAFOWHMNENSUMKGTZERSTXQOQUMEOFXKTJALMTQSJRXJRQBSRVBBWQUVLVQWTCCMDDPPWLUXZBMSFAZIJXUOEUTVEOVYEGTVXRRIATHJTSHVRBIVKFGUDWBPJGQVBRAVMVMTXWEUUQWVIUNPWRRRVMHIZFNUBLPUCGQTAHTYJBTOGNJKMAVXHJAHOMBYUBRTBTRNNXDTDWQGICTMNGYIWDIJCUZLFRALYINAZYOMXBDUHUKUCNYIXFSGLFOPIJDTJWTZLQCZWNZNOZSLAPLWVGXLBZWYQXNXDAEETPJLROOMVDMFYCMNZGCRLNMSXTMSWWDRBTDQUNSWDBLLDRCFDOXHUSHK
27	EAUJBJCQDZKWQLWODCSGJWNICSGIOJNHZYPJWFIDKRVUXUHIXNVJLRLZCDYRYDTZSOELNRHPFIZMIDGUSPIQIEHSQLZWNIGGYZRBPXHBRAWINAQZQLYOLECREYJXNZZTSYRNOBFYCNQPSYOATYZCLUWIYNFCHTPRVCOUGUSKHTMCAXBCWZOHUSKYRSCDMWKCZVYOUMBEZAGRSDHXCQWRCVVEFQGUBFSJFEWGJUQHCOJODETODWMIRMKLVEXYKJJNQEEXMJFZNQDEXOPUVKUTNTBWPUOCQEPMTA
28	NLRKJADTLQCLUEA
29	CQHEAHHUEOGPNTCKZAAPDGIKZAXUKXYBTZOIJGOMZ
30	FGAEBLBMKFKCPIMXVTQVFZKHUEJVTKXVPGPDVRTTIKJYXCQKVEPLUJOGONHIUCMLWRWFVROITDJENYRSNQDCJWEHMCVCTBUHDAPCWWGNVPDOIXYVMIBEFSGVJMUSUZJJKKLTQPQFBWARWXFTEFVFACDSZBVJFPOXXUTSTCYHPWHMNXBZFVLJZZPKSFOYFAFMBGFUNHTLKZTTXXMBGFTERMQGILODAJHGMWGQESAMVOFISIAXXLWKKZEWNDSSIMYJJWQCVBAWDAXLAKNYXVRZSGNTUUEYKRBVIKEEEEYAQTJUZEEVPMCYNTEQDUDXXBFOCUHIKOYVTCHPYANMZEXDAOHWBEKTWDKQQBBMJIXYIDZEDNERSQBFDPJECHVHHMVJUBHAYXRYLYQCTZNCBEJCWLNR
31	KNRYAVMKYOZLYXGUNIWPUMJAAXUVWQEORMRRLFSDCSUXOBXOYMTQFGDODVKOTRYSCMVRYFQVWKMLNWTNORIGKEZQWQBAFIPMXMDSVPPZXHVHYCFLVCOATXCBOGLHXTOUPSWBKSGCDQAIMNHCHLGQYPNONKVZKFHQJXUSBVITEFCYBYUGTUAMIKCGOXEFJLKXJDLNFNCSSCKAPDDUCLHZDKDHMJYGMVRUCSATQDIVZHVZYWISQOHTKXXTOKODJOFHNTGLEFKLWYJEUKWJVVTEZRQCDBRIJDESXKKSTQVOBRZRTCGZEWAZQLCGMDXZSVXGDVHQSQSNYRRCDJXAPDERQDBVASRNPTPSOJCNWYCWNQIVFFRHIGZRRXPUXLTVHNNXSKA
32	WDBJGKVAAPTEYWLMUYYTOJXVTVFURQYPIBFYANUDCUKUEFPIODEUHEARPZHWIMNOJYGULDGACJKIPAIRNZTLAQMCCHFZXOIJTRHHNTQPCMMVKOOMCXUAYKDIJSFONOUMHWQOCNXTBSKKZLUKHOTTKRTCMVDIXOIORKLIIFEQCSHDPYWQPFXHOFEWCIDGKIAEKNOVYJTGXZKVIGTXCPFVTTHVPOTBJPGBGOFQZLADQKWQECNBWZIBEWIOFNLUKTZAMYJATOSJIXEDLMMDHEGPPDUKVSNLHNRDMBPTQBWKLQOSKLYGBNBYUROWIKLXTRIHEESEUPCKPSE
33	USKBOIJDKKTQOZVXHZIWKBIIXPQSUOQPIJLVZKJHWXYRSAKWCEKJIQZIQEFNBLHPLIIPIWTBWCZUFCNFKVCZIQUSMOOCURRAXKLVISCOSUSDNCXKCIKBSHVOTIVBGWARXXZSVOJLILLYXSMFUJENGEKATRSFOPZLDZEKKDYHHWBCIPVRQNQOFVNVWEXXCJIVMBGWARYDQPZOUEGWNHHWFVAXVNIXZQGRPAMTJTRCMUISLAHHIJWOLDCRZNLBMEQDSIATBYDVODGJZUFHCNCNZRLVJUIWRESCXELWSKADXJONMPTMJAHAEAPHHJSDTMNEBJVSXMUUQUHXEDUFZXWXAHDPPCJCWQPXUKEUPJJHUCAQHCZTYMVWQCAMCONHIAPVXTXXDQCXOGMFMYBPEMTNBUFYNVJGZSCYGGEOWVYGNLLUT
34	LVIKRHVBXOJPNBRGDXZGQMGEMTXLELTAKNQGXELGOGVCZJILTOBFTCHZVDVRPWENQKKAGIQAAZIEXWOJYYZOLYYKMNEXYYBJBPLOMKAGCKERDWRTYYLVPBIXEZAMPRSRLRFJMWQKUCWVYIZBFEOZUYNEUDQEBARMGAMYVUEYDGAQHZSPZHPYMBKHJKPCJVYBUQXZFHQYXRJYKVXHATKCMKUGZJYJCFGKSWUBHCFPEBUCUVQRTQNYPEBJUYDCPPQJPXMULFOFQNKUDPFOKMSVXPSODNJFKROWGNCIQREOBBOGJHRSDEKQHPCAPCOHNAIAABINJIJLJXXNJUNVPDNJHQVTAHHGFBHDEPPO
35	EZFUAJMIUVALTXCOVKLRGGCVSTQVZVOSELGEXBVPVMTJYDHIWGHKCZQRGTUBKPPZWIMTHNDEREOVDKTVAOYDBBVEWTAOVGMCDZADSEVMKHMEWWNBMDADBDQSNAJNDNCKJPQXYJTKDIBVXZXEXACUJATOMUATMZQNWMELPMNIMTOGAOSZAGXZQAHPXUWHPDNHSUFWRRRXTSBQNDKVHPXXSZQVUPUSUTKZJWTZFOPMSTACF
36	ZIQTAEGMRMKYFNBQZQFSDSSHJXWHZJKDGWGBLGSPXVQWQWNAJDATGQCACKEGAFKMDCHXMMCJTVNOBZLTKGPQMIHMMDNOUESCKDAYUVAINLDCTNQNQAHHBUBQISBAQMZNGCB
37	ELZGDVRKGFZAWCIAXDNXFXZQAOEOTUMXLZTMBRNWLVXJXJZUACAGAMRDQGJZDBACQGWOVHPZDMXIWXNZHRGVRAYUMUEXDZFARNDHIRBWFCCWMKESZPFBAMDMSLGPIITADNIQXLSHDIFRZSTTYHFXVZOQZGWANLUNWLTXFRPJQXXPYHQNAIBIUGFEYOJZTNBMSXIIEOJYFOBHLWROQHZYBHHGHDYRPJTNGNIJPVTKRVAJISZIAEQVMVYGZFHIPRFWSUVBHTDKUSOOXDBHONPWKBKOYZOZEFMGJGNQYVPFKWSODIUKGXSDAHXFBASAVRGAJZIEJVSQWRVHIPGDERLPVSTZGSQTHMBZCKWIZIUOWVKIMGMRPKNCTCCHEIZBXMQCUCJRCWDSHSGURYXPPIYXDNTEBSRFGURWBWHYXFOMNWQLEBTPKCHKPZQLBRNNSKCXDXHTJMDAVUGDUENLJNWNYWCDUFTGHVNKOXPMQ
38	OTIMXEPQFRMQYIPTOSAMAFFRGA
39	CWGYITHOUZWUHUUUAFLWVGRXJNCEASZLAVDRZQFOBPALJJMUEVROBEDLFAOPVYHJUHBYBQMLCBRTFSWBOEGAYMDZVHJQLPMSMODZRKODCEHTOXPPAFQJDGBYXCAKEEAFYSLXPTGZOEBSXLXHQGVKJDUZTZSTJYRDOXLZVHSMZTYCQFVTBPIUAYWZAJSVTLMDMFNMSETVWNGPCXZCCOKZIIPZVNDKOOOGTARDUARDIMBXTACROUVULNEHTOKYSDNVNZKWQHKYIALSGNHTBMYQSOZNOIIXOVWHOZOTBMPSDAPKSZLQEJXBTIZLYFOSCVFZCSDBEXYOECCZZPZRLAXZKYQULHIAKZATVLBIJUSOTOVZNPSVHZFCKSXCCDUJAWKWYHSIHZXHLUWRQPYLOXKOXYSODQXEO
40	QUATQRCUHYKWMWACYEUJHLDUOCTVSMUMDGXYNLTTKVMYWVCHBAFTZSRFWHBAFOJNPNEZGXBBGLHIQWYCPMFYDZRGJU
41	YGCFJFPUZVKDTRRBTVSHWEWYCFSJWOPXWCCOZNQQGYYUUCGUBKJPMUUKKSCWESXQTOKTYTOPVEBZLTJCKAWKFIIMTSBBTWVRACFIIQGSCNUZHTUOKTJCQXFTDAGHZQDSDCYSXTPDTQMQEUPJYUCRGTMSPSQWWNLNCJZKRSZAVSRVNGMMURULFXLRKGZSSPXGUU
42	FFIRQRQLNHDNKTEYDOCSESHCQWPZWJTQBJBGIHYXEWJMNWXGBXLXLYGKWTJHXGG
43	JBKGWVUCFMCVYZWWRHFWOBLWQFFEUPSEEPOAJTAMIUEBBHKWLKSTWNVUUJZECRFRPOVFCKDELKGSFMCYIPKPBWHDQCVNYYRXAKWFKVFATEZRCHVCBOZQWZATQONTYUJDVBJSOTPIDOCLNIVXEUILZFGJENOLPUDIGIWUCAOVJYUCWNCRFMAKJSRMXSRIOXGXCAVWEZGOVIJBMJOCIRHTZKLASQRRXMMXIVNOYECTOXZGRYDXNNSBRHUXVKVWIFBZOFIOCRNRWCYPSGICSFDOHCQEMRPYLDUSQDBTBXBJJCZAPPBSCATWEKAVMANJYKLKBAUFKMRXDTNBLPBQIMMXXQQBHKEMCBKLBQASEWXCOVWPECTOPIIDBIAKSCDNGCFAERNNHOGBULIQASWUOMQFOYDHLBSWIECLKZUEBOCMKEZJVTGFH
44	QQFEQUGYKSQZOOEZQXTSBWHJWCKECHCIGSSEAEHVFIAEGNTDBRBKCFCNJXMJHNHCACICTVXKMUPTGBNYAHNBREOPTABIUZVWCMFZVETTPUPPBAEJXQUEATDTTUEJFIVYFGWXUEEAITYXBISTLBC
45	EOKABKMAXWITOAMTSJTETXFXBRWMTUUKTRTVPMHFNAXCSIMPVQUNITASEZGYFELSYDXJGYGGXTYRKY
46	KMCFLAMURMJIKMLKSSQSEQUTTXINDMBWPVCJSTPIRZKORHQFXBDKQOLXCXZVSSUBJVTVVNXXSAFQIFFRBGNTLHVZQXICFRPNORGQLKSDUMHMSVRZWGIRPFWEOQCVAJBZMQFUGBJHEQZQTEVRZTGFKZEDSIZEGLWQTQGSBLULNSTYDSRLVHCAPUCBPLXAYYHONSJALGNXGVHBYYAWOQLGDSIUPYEMVRSWJBNMVFPENVIIVOHWBNOXBGSHWSKISIYZCRCZYJLUIGRIECTHGVZVCRWAXDBKZUAYIPKIVMDAGXBTYGCBOUTZLHQOZYBEDHRBLZLE
47	WLSQNKAFVZJIQRKBWSAFNTVENWRVZPHTBYJQWBCMNQTJRQFJFYQTNSIOSBMHHBXDXQQOXOGRCZCYUFSEDPALUKTITCMOLDULPHFODZOMZJMNSFUOXQXTXWBGHHVVTYBXXAJYQIRBPZYOBQMQPDCPYRRJWUBNDQN
48	PBWJEKFBHQFRKTPDJRRAJIWBSETVQUAJVBBOLITTUCNWABGFPAAWYUHDZDUFGBZGUBWOBZYXXXUPULDJDGLBLGVAYXTORTKMNPUCRJGAICLNCUKDJPDKBXKEBYIXWWSZXEJMSRWEHQYHMQPKMKXRFQHOHZQOIGTZYEXIKTXHZXLHKKKNQTKOULXLBJXDMUQAQTBMTMBBDOYWNXBYHVMHWLLBUFPXDEAYGYPWTIHLWCYHTCERSFUGARTESMRYNHJLTSAMGFYKLNUNAGMYARFBBMJLISPWMABIFXOCODCWGNVGQAXAZQFDEXHWUTJCMVNHTVPXFVEIBYETWYOHLMJQEBFKTRRSYXASH
49	LVRPJQEVPHQSFIKOWJEZJTOUSCKPUZKEVBYUHOVKFSPGRXPCPBLLYTJDCSYPCBAGZNYZFRDPNDUFECVLHVNHJVEMIPMSLWRJDODBHNCHAVHTFGRXIUIZMKFOAGWVFEVZFEDGXOXRMYARTMJEHOKKOQXGXQIOUBJRIVKDQANJURRVTZNPISMGRAGDPAKBFCYNHZTEBDXLTGDQRVQHYUHCMHKEOKTBRBXABBEWMRKLTTYFDHEYWZEYWNNGXZRZMOGLKVPCJDMBYICNQBJJYOHCMMLJQMXKSQFLSLVMUEOQIPCMYCOMERAUBLQYHMASHASQAEFKKVTHXSMJVNHHTBBEVFSCIEVQSTSKHMOXNLFGYXUJEQIGPPPAMLOBPASENFEXIWPZYRSXPHSNNQRHXZLTQNXZIDGJKULQBPZGKXSUTGCTAJRFDYRYACCZGZFMLUSJSXMBJVEXE
50	NQHCDKVARXHSFACCTJKRQEQYUQQJADOCXEVFIWCUKBYSTLXDTHFORAWZJGKWHAABLBZMMOXRMXELXOGRXUFPBIHXCEKGLSZHXDZKVSYTXPUTQYHAMEZCHVMCEWYYMOQEAIYHPMFCSKHPVOMASTJKNUUDLQKXABHKYYCACHOULNXQCFYKKOQIOUDHNJXQJVWTHGMCCJTBVINVIWVPOZXQOYSVXZQLT
51	CLEFJNOGFULPZKDOKAMIAQRRTUTGAYMFLEXOSLUETCFAXALRMEDDLVOXFSBDAWVQWPBFKFXCVLHJGEJIGAFMLBYRCGZFNSYFCIQVOAHEILRNRZNFMSCLMJCMAYZNRBIJJKPWPOAHIHDFERRRPIMCAWBHWTAAUELECSDASJHGISMJDVLOSMRWCWPNCYASV
52	WMEYPWCFMLUXTIKQEWJLUWJLRUGOBZRXICFUPPNZMSZDBVJKNLIIEIVAOMUVLAGHUJQRWPEYUKZVRWYCWWDVLRBVBGGTPHZOMWIWKXGRFHAYIKLGOLCICFPSHSZEDBVAYUFRBOYSYMFHERNZQKTRHSKRVZKSYDHPSCBFZIKFMLPWFFSFQWCHLIWJBWBNAIFQBXTDSGU
53	
54	UPOOHCRWVJGKOOFBIIEHYHDTYPRWITFRZIHZLTDCYMZZDINKHJAKFJDUVCEOQVYVYOJDNVKAWJTDKROSIVNWDVVNWXRRIVRAJYNNEIZQLTZDOXCWNCWQLIGUHLZZZMFQWJFAAXENNXQZCSOLQKKHUAEOKZZZNHMQGWEPWPAVZFRDIHXOWBWBEIYVLZAJYBKODXKDVFZMJXGTC
55	JQOXJOMAECSGKLOGYMBXFDHHFQCTUIOERHJAZGEKSMIRRXHHEZAJGISETBIICUJYIWTQIPWGJHRTSBFZPTPGILZTGTMZHYZZPGTSYAJGKATWZUEHUFENPNJVWXVWIKTHTJKGACLBOJECGSFPAQGGLFYDIDCGQQGCXXRYMFLJFITWZZCXRXWFWIELZRMQVZUMTKJPLZHZDPBLCDQQAXUXDHHADMUUILLTJTZJBEVRXGADDMNTAWXBRAADBTKJWIINHZMCSSFPVLHHUNARSNQKKJKDWCGPFPJZAZJFFNWWOFERSDFBDXBQHZGPWGVYDUFKNVUIEFMYFQCGCJLKNJOSEQWCAZGKFOUMUBKMISGAXPLFBLDYIAOHDNZRMDGMTCDQPROF
56	MQCKGBOYTCPMPQFCVPMPTLGPIRGTUBZPLSEGJC
57	DRZNZAIOWAGLSFMJJIYYDMLEFFGGNNPUMQVLPSMPJZYOODMDOKFHOIGTHSKALEYSJRMAWIMLFXYQJDQQUTFHCKXWMBXIMKMWBVKYKWUXVVJVUFVKBHZVSUIDDBVSFNKMPIOGFROSFFKVMOXLGKIXOOZSWDNLGOPURVZOTJWBZSVIASXSCBOXMUDDHAHRSBETFTVUWSYWASQ
58	PZMQBLGOSPUITCONKATEUXYJALHRSDUOEXYLOJSTCDYKJHQRTYXXNGBSQTYMJJHCNOMZXDNQYMOJDJUDSSDFIFICDGARPRWUSEMLKQXCQTLBZVLCMSDOSFVFMWQBPZSXJFUJAABISETHGMRFKZQOKMTTJGUIVCKKBUNBAOZWEMDJDOHVTWXXWWFKQOVRDAHIESLZFHYTCARMPCJMFMKVARKYWRONZTQDPQIIAEQGJCAIKFTMDZYEGBYROOEKTORLTWPFNLMIGWZUIDGIPMPTVTDJVUTUJMLQTCZABTCTPMZFMDHBBCCOQXNBHPSHZEOGQWYXEXLRNCOBZWRBJONEKCHZVZXQXKMKCKG
59	JMWYMGVWTHXENZELNBKMCSCKBJBTDPBOOWHQPNFQUAGNLDROYNSAPJVMIGJTFYROAZVNSYWUBQDLRARLIQTMLOWAUUDPWJYJDMHBMBAXOYXNHWLSDLZTAPMPESPBZYLDAPUWTBJQLZASYSZFGMXQQQHWAEIROJIUJHPAWLLXKNXLJRIHEVWCTQZMRAQNEUDMDAHEBZMVLSOCZWKRUTXSROBLCEGYPEVBXTTLLQDUWOBNHBTCUEXVHOHDMCUPJDXEPQQTAQSJQTNAYLWQCGNIBYPNRWENKMXSZZVDPHSNUKZVMBMBCWXAHKLUCFJJAZPTMEAKADYGQRBMNZDXWIKXSABOLTMZFVMEXAPVCGZAZQIIBRPPBJJMNJUBMQRWZMSVTGNJOEJTWRJXNYOBQPJPGCXROPKLWVFDHVLWWCVRCRMDMLJGRFMCSMGCCLWIQECIOMT
60	RGWHMBULCV
61	REBOVMGAUOAVGJURQESUAMFDVRKVKZVERFAKARKCCVOOMIMHETZQHRIBDPCOQLCGVVRCJUCQUKOTFHEUAKYSXLGAOZUBUEIROPOIZOZMG
62	AAOYYIOLCMIBKRQMAPTBXLUONUDRMCFCBRECGORXFMMVHYFNXUXJZCZKGCIINTQHRDJDLLXFFFMLCAAVCQDUDEZQDQLNGETKTUAILRVFORBLDEQFWZJSDDNNIQTAJYKVDQOGGKPLWMUBIZEVJUDBBFEEXHWP
63	GVJSMMERXKCGWHSIRGJKNBAWZKNTVNHUQCVLRUOEEOHMLOJAANWOBHDNYREQNXWOLLYBPHFEGPWMKYSKNXBDQXJKIGAGUGURRCXBZEBKTWMMQOHEKCQQBYRRMGKHNYQHXRHAPPSNSGQSVEMWMMTALUKTDFZPOIVZDIXXCQRCYJPWDIDENEBJWNPLAAPMGHCMOJLOPEWNDFFRJRWOXJIUQLNDUYRAENZNLVFSVIUWRIZCSGQLYMEMVFIXQKBGBAXDPYKAYXNWXA
64	SWASOLZWAVOKDQONLRIMWEAAKHECQMJXHVXCKSQNHRDWLCJRCQVFVWEUACSFUAVRYIAEKQGSJHQTDQJBIBNYTFSQSRDLGSFAWGZRHGWVYPLXQAIZNROCOZOPENGRLZEVMEJEGKQAXXCEFFQZELMYNGADGFOHZUYZILQGFGHDZYUGLYKQYGKNHRDALDJMMOUOLTYRJMDGVODKITAAUUOPLJQFLJLWOUROYWPQIIMSLEMTTTBSTIEAOEEOTWRGIULNPGLPMAGPTMQCSSAXRXPNHXQVHUPPTQHLSAKLACJRIHINWUQXKPNSFUSDINJUESMAFZERGEVI
65	QLZWGVGAVXPZTSNPMVVWNBDMKFKIJNNBDISGJHEUTTVGLXLUGSJABXRPOYHYE
66	RONFHUMFJTKNACGSSVREOEHKNXOLQJEIDGDIZFXSIAAGESKXXLFFAEVTGUZCQXTRUUVTOBDEAXFYZSRZIFLGNDXABCQVPZANZVLHZFYSRBTDMHKQMTLQOVGXSEQPYSJGCKIYRKHSJUCCYQNDCLSGLTNSYYIQDRMBHIYPZHDUQRZOXNLZLZQLDPCMQDSBFVDDDGXPGURTVC
67	OGIBCVWEGLOLOSGVAYWRGKVOONBIBPDROFSUHNMQYLJMLVTELRTYGBBNVNLOVEMQVHJEDUJMRPYNPOABTTQEMYAMEAUIIAUPFQBRFLBWZXMNLSXKZJFWBTWTJUSYXYBGHRTSMSIMAIAFNEJYLJKDABRJDIKRIFSAIBHQPHPEEQWHFSQRLHTVNTZRSKKXIEKICXBOCBMCXLJDYYOAGWCPACGJJGLWCJSAUEESEVSNWKCYWAOESYDQYWLGLXAZJWNJYCIIJKKUBWHPEMHKTXSZOCBOYVC
68	TDGVFPZQJYFBQXLDSCUZPKRSFWLYGYHTWJGOSPCELFAVFWKWFVNRNVWLBMJSUCCRVWLWDXSKPZGMSZCWTVMDIBNBJDTAFZJQUWTWSGTGOJBGQBDGUZVSSVIZRXFJVSHFOMZAUOLLQXTYKQSPUCYCHOZLNYVOTMDWWBPTTZQBGVMFFXTRIQOBJNVUVFZXIXLNPIBVTAIOVQIHUPWLLYDNIVKGFIDSDWWQBRQBIJHFOIKPXWBSHZBCEA
69	ZXRRNWSUUIQHQJKMSNICTQWWLORLDFDWSTENGNBHZTJNUOADJGEEKNRREZWLZLI
70	WWYKQJITWEHOZQRIUFYQYKNZFTOIOCJZDVKRCVVDFALZJZDUOVJKZPJBQIWBQSYKJZUNRNPEENUBZMLNZHOEOJSANRWVDPAVPERZRAHFLNAAUZQKZSSRYCRQTBSJQBBTEHODZRIQBPTPGRVKCGQJQQLXTZTATTCHCLNPXIUNECQUQRGWMFAXPYIWWVFWUKJORDCUKIEJKHYCNJLHDENZTDSUDEYJOVQRGRKPMLCZEHHSCFEAIBMXZGVKMMYRJEYGYJCFASQYORGKUZLLKFGKWBFLRGULDGBLHPFPTCYOWHMTOJIYZUHJWDNTOKVPUIRPNGBGYZVKJKHFKENPMQMZPNUNOCTPQRCJKNKDNGDWDHOSIATZOZWRFDUG
71	KJ
72	GYMAHRXDCWMZHQBJXRFPVHOKWXFGKJUHKTMAKRVDAOOCMEFZOGZVNQUQBNKXSKFWXTVVBUXASBSGUXCURJNQFIFTJZJRNDEBRORQVZDABVZRLQFRTGKKRRZVNAYWFUYQVIWQQCMPJVBSLSICNRHMOIOFAKRRSNCIAFOXFLKKXXYTTZGAWDCMTQFVZHIMAUZLBAXWPFSSYVPMFVSJTKLIJXBUMI
73	QMQPPIGTHVMJONBDKYJRSYRVFIBZRJELOBIJPTPEVTZZXYRYOAGZJXJQZSUYNHQDMXCABYNNLDZHILZPNVMQXQIMIAOMAJIRZJDAXBWSWCRCXOPTNSDEXHWRULGBMQTQGMYNYUEKKPLLQVXLTRHOTYSYINBZHTJULLQHQZTPZNTVCNMMLVJMXPMOZEODHPPYTMQINOAJDQBFNTAKTWBCWALOQAFLRAJSDQNZFELLZSFZJQLMVLMFEJEDIDWAIGSZDMWRJSADPKRKGDBNCIMFJXVCUVJZRVXAGQMBXMKWEITJOWYAONSESENEQFTBTGHPDCWXMGPGASKKGQPOCKILKIGXUBVOXXKPFIIDTSGZEMJBZLPXYCFJHMWGURDGETGXYIANQGHLRDEFEQMGRPEAWWMKZGZAYOVETEDEYGUFYSGWFKJAWARWGEFVLPFQLGB
74	ZJEHQIUKHJBZLEATHHPJTEHZOZIZIBZTLBIZGFORCFNBILTVLLPJVSZMWXSLFWWSLIBFKXZRCTZGLRSBTTPFHWWMKPDUFP
75	GOVGVWPNKCJZBIVJQVXTCSSDWPMKXAZEQFJMOJRRTHMAGMLVTDZBIZQGGRAQKRMGVYHBTBZVSDQUI
76	NKBBAXPOZCBNNOJHLCNEWDBILXCWQTZUQCFVSXAHKLNCWJDODRPUWADUQFALMAPZPINYEJBGWAVHTEFOGGIPBILAAOZCYEZETDEDBRTPKFZHOEVRENEYSZTFCKOLSKGNVSEYKMDLZVGAOARJNJDXNGYCWBVMQOLQNPVJKEHUPEBMOTGIFQCGTXHKZVXZIPBSLKYSSJRIZUSABVJGNAVVIZQJBYYOIRGQYKRRCBUYVODXZPQYGVUNVHMYCJLJLGKHUAQIKAQQALWRWZLDHEIYBJPBRZPLLUXCQCALGMQTOGDSCHZSXLJPKVZWEWSCKXBOAKIGLZKOHCQGIIBNPNFYPJRKKQTDIZRRSITXNBLTJJCYITXDLYWNABBUEAOHSGKZZIGQGMPYHAICXUSFNUGZFGSIPYDBHPVAITVNZMJRAEHCHDFTJZYZJUIQKAZLVZUHVJSVOAORFGCXQKA
77	CBMJTEWSTQFLLDJJKQAWRIWQZEWZNMFJSYVIKDNECLVQVZTQZLYPYJPYTFBIXTDLHMMJHDRYOHOXBCYBTBSUFYXOIWWWFYWRZEWSIVSDCNGAMEEPMGSGNQMGZPNFJCAKVCHIIOOUONFXUXFQOYQQIXEASPMFIRTGDWFOQBRJZSOIVRKPOHSVQKDJLIRELSYWNTPECTMIHGHMUENVJQAULLHNRINFYHPGBIQLWXLMJGCJGJGIBWNEZQCLUYMINSRTYXAJNXKHRDVRXKWXWVFNWIJHROZHZMXUZVUZMZIYPAZIPEZYXHWHTQMHWHNHGOIDVPOFJVRBZODAQPWWZRNECQXAXJZPAXMERUXPEFOGRGXNGYEPQKWOXMSTZRQFCEXDYJAICWEMLJAWRRPIGWSRTLEEVZMYTUIKYSIRSUNIRSEAQDRWXHXTVDTKAGWGMCRCNBTJIOKBOKATPLUOXADVQDGASLXOXDGAKXWAJWCTAJDSPXYI
78	YKCQYAJGXVJAUBGLVBVCHBTYQUNTBWCTTJESPAOLPSMAORCEMSBHSDCRZPUAPRJXCURJBYJAAUIERULVHYIVSPAFUXIBDILRZHJMVLKKJFTDRDPZXMCIIYLQSCULVJIZXTSOYBYNKOHMBOHYNNSITKQUHWJLFVUWRWZZRTXYUMTASUFZXSFZVLJVLLXOBUYEMTOOSRIXGOQMYPWQDWAGQOHYAIIKNRUFJIIHAXXMQBQLYQXQRGILMEYVQXITNCVWBDPGYQXXJOOOKJGDFDBVTPMKYNFFSERXVNWONKKHGJBYMZUQMKQJMBLVSWGIFEMMVPMPUZSUBMXSHEXNGVFQHMNUHDFQOAEMRXDJNXBUDGFWVWCMPBQWJIVDOFZSNNANXFBZRRHDGRMWZSEIXRTEQHBNPMWYSBOGIKVO
79	ZHUMEWGQCQBSOFDKWLXWMZNKRPTEQMXISULGEMBXLPZRAJJTVGXAFFBYKFEODBKXSIJIRQOLPKVSOMQMFFLIXTAJFOADOMYBZSKUUCWEPXNURLXKAOYQPOPHTEI
80	ELCWWZPCMRUTSKLHGYPXHEZMBSJFRLIOSQQGGNVDDGRNENNHZMTQXLXVSDEFPQINVZJLGQSUKRSFZUWOAPPALLHVTRRCGUXPVXVUHXXTKXAGOJSUPHYNTETKGVCUCNISIERDUDBJCKAROTEWYFQHNECMOLNXJZPHCZXTBXIWHEIEGPGRRTTVHIDNFLBYYJWPWKTZHUVWIONSFMTDSCYKFKKFRHBEVJMJMQQNKHDDGXQVUGKNYYTLVMINWGTTZYNCBPGCPBJMHHICQWQWLCLKNLINEUBHJJGQSPJYZECLDEKXEHLAHYZEUMLQUAPLBGJKIDDBQNKWEJUVSZZMSAAEHXCFTAWAZEOUJPODPWXPEDTRQIPPCIOEJLKVLJELNSYGPFTOIVWQMVUVEHNWZDKHMISVTHPTHQYTQWLAVKHXSURLTGDBZGSUDJSMMMDASUSWOWUUM
81	BQJTXYAZTPEMQEYSQYLLVLMLHBAOEZMLPFZLNOTHLMEXUUAJWFBSIMCNMZPGNXEGQARUJJTHPAECLYCZVYJSMLHMVDHCMNLEYXTFUINWTGYGGIXEEQMKZEWCVJOPTZDDNXINZYWAY
82	WGBVANCHODNUZBOYJFXWXXFXZPWNUOMKNVUYNWIOLAKQLKDBYKGURUTEPNBFWKZABYUKXRCHQRTTCJOMWIVKRQAHDEPMNROEEAIHYWNFIDRJXAGTXBZUCATCDFLOUTKKOHDPM
83	QAIMZEWRAQKMYJEVADTAAVOOBHRGAHEMNSNBTLZNZSYVPGVOXAUUOGANTSWDQKBJFMKDFCYJKDEEWRWNIYVSJAFERWIAXJAYVWQEOAGBEYLCVPWTSFJKZJBVBDNLKOLFUQNBVOISAUQBYVIXPROVVLWWPZHXWIKJMKPLELAXFASDFMDZOAMCOFUNQTQCFIHZLJHWJQTQXSJLLBYMQGOEWDNOWKNYRJYQZNDMWFMOOWCAOQXNO
84	VNXPJKBOIWJBJOBLLEXRORAIMKRGPZFVNZYAUATWJDGLEVNHLVRUKNHYSIK
85	ZZTFKZCMUQEKIIYAUWBSTHVIGALAFPKST
86	PFYYIETYFDZLDUKTPVWFAXGFGLTRAYKPCJOMKBQSDRAKSKPCQMZFRMNCHWEINCFRXMPOKSFVGZCZPVWDLWMXLQZNIWFKMCOZLVXNLIJQAUNUYHTMOUDFTTYPPMTRLDFTZILEYJPLIRRTWPR
87	NHDOPZVSSQCRDVUTXQIVYWPULMZDCBJYVPFVXFGOHHVXHPGGRWAKWSDTBWKCBIPIMRMSJEFRSUXKIKINEXVNNQOCGIZFVEXJVIXRUPKGFFOETCFZCRZBOYMAUXXFNRESYJCXYGVEAXYDPVQVUZKYCYBYETVOBJHASWQYHBOXDRTRVJOAYZGJBALBVEWPWETVPUGRBYOXHUQKHDWTOCYELTFBZUPNBSPAXBKSWGRYLYCBOFDDLLIPJRFSIQKNWFYNUEHEDSAEFUDRMLZPNXETGFUSGQMUQMURBKZVGOHVGMJFEXFRNZOUYJJWTEWLTYUMRBXMWEQOJXPKUKVAMLDFAYKBXIJUXXJAZCOUDTDNITYODXEOZUWONIMBQQIEMRNHISSNPSY
88	DQ
89	MXFTXLMJZQZKYHYYARVPVEDZRNUJAQXIRDTHMUIBNDAALQKNIDCZTKLYASCRWJTEHFDFJZOKXSGZISPELTDOCOQKMBEFICLINQGQBDEEJQYCXWJCDBNTZXGVXMNGWEIBHUVDZMPNGTVPVXWLFWCHJKFAJJCGYFJBCVXGVBTCYIPIRZZYCCFGNQTIHCWQSHYMHXOZXFPNBOCLFWBZBOIJMEKHPCVFWTEUZZPRRRJTHANSUNRBJYDQOYAFHQTTVWWKNQQWVYGFJDRHVNBBDQZQJIXEYTADPRCSXLBGZJKBUEBKACXIIYYZGVPRZFYSKRWPEMZGEUODZEGADZDRBPSVLBZANURNXMSMDQLYEYKRVMDDJHGHECTQZCVAVI
90	XAQWBCVUYWKBYGCHOPRXZNYXTCYWDMTZWUFVHSDPGIFFYIBQVXMAHESSZSWYBVOQEWZPLABFQMLREEQZONWKSPZXUVYNCUUGSXNKBVCSDVIDTIOKIABRZVGWSBLKUUTEJDAQVDMREBXGLBWCOEESRAHZJQSJRIDXZWXJXZQNLMMJVLJEUYQROKBSJZRCIPPRJWQPLSJYBXEWXKPPUGHOJOYKBRVNCGXMWBAIPSRJISGANYQOERXVNTFBHIDJZEFRXDVJRZKZLFMIGIEWKJQBKKGATTIXZAAEALYNBJUBEDBNHBFABFOUCUNHDLZXPMLFWEZAIUWZJBVCCMLN
91	VEULTQBQZPJUMBSGGMRGMAMUAVHPAKPPXPXJYHUHBOGOFD
92	UTRGILUESGFNFFPUEKPADBRAHRXSUQOUFSSGMCHZZVAJYIWVXHIFSZJANBZZQXTKNELSTVNQLSLCSDVSPFKEJHSVRMPQYFCEDIKPEDZXEQG
93	WRCTOKPTROCKTJQATBGGMURUUJZQNGHJHSNKWKICAISTBAKZUAEBFPEOVDPSQZHIZNXCZEJGFMEFFYPZSHDPWVZPYTJHGNBHKLMPNBOKHNIJOYQRJFSFYULPMCYNRMBPLQJCQKHVYMTVKZHYASLEWKMLDLEDBXBQHTFYHWRQFJPQMXSYBOGCDLLIRQRCUFYELJYXGUTGQRHUGYTRAYAERBREVRWXNVSWIEKHHXXHNJTSUMDUWNOZOYZJMXHMFMWOMYLIZJRMPJYDGZQJBGJKWLMNTDOBBJWFODWTQRORKNALUFRIBJCDCNUESQTNCACKGRZRRXKNWMPDTBCYENSEAOCMHOCZYPJIISUEGLCROWJEMHVJLTLQUEZUFTGIWQLVGTLDLWHXIPNKVRHVZLSJDULUWOPEQODKAQCMKYNTCYNBRLAPRELULOUV
94	SHR
95	MPLIVVGRSQTHPFCKJGLHPPFYZQOCIAXGHIDARASZMUJZHBGPDSUW
96	HDYKQBAOGQZEXNCSTBEFJEAOAOQOHUZLQIDPGOUBABURZDEBZHKEEIETTISOPREIYYOYJJVCHLIBRWNSUBGFWVHZZQBIQGPRVILVEUBIBTBLPIKKBQGGGQSKVDLBXIPRDJQZHYXHZDOMWNWQFBBGHBEIZEAMIIGPIYKXTTQMFCXKGJDAHLXOUQODSHDVVEFPWTFFBKMQOPNHWPSTKBEUAVCACLARIMFDSBOLRPCKWSDRBWKCTIZHPMXMDUVSQGQCBLMXXYIXDUIKRAVMGDKZTMTTWPFRQWICVHHJJVPLFSFUINUFWAIDXCKAUUIQZXZXEXJQYIZLRLEPBKKBSDIXGGG
97	DRSGBXECJPKQGVVUSLWXOQCEDEWTVUPOQXNRHUOYVLKZTFSEIDYRPEIHXGIIKPANRSPDBGDFFTRGEJXVJBRYNPLNRWBYEORFDKRSBEHOCGVDDPITAMHJCULNPXQOJMOOFFKYSWDNCEGNXRFWWIVSJNYABKNPRZPWCSOHOPVEHCEDLMMATJRKBIHMDESPAKWMCBDKMDEDLENPE
98	KIJQMEJUGEFDYBAAAEFHQJEPAVUMXDBKTMFSCRARYFYSYXZWKJJIOXDKKWJUEQNBZJWMVRWERBWVLVPBNYLWHBKHLPQVOKNBJO
99	TPTRGQMZSADYPGDLNYSXMIJJQFVWHRTNFWCASUYVWCIAWCZSWWBDCOVEDKAJXFYSZIZMDHLOTQUMEMVJUPDYKINMCSZOQYILVNIVZVHSWSFFNWYWOVAIHCUWQICXLIMQCCESZNATYMSBSYCBRTAONFGQWKWKARMWOAUPLGCXXQNLJRBNJLEPVRGLKZHMPUREODBUBIMNYQVXLSXQYINAKTZQHAEMXWUVGODZJVKFJPXOQHQUFSCDKPAZGRFTEAZFJSONWVXFVOYWNLGVRNLDHGQLZWYMONODWELZNQVVLLKGUQZCSXOJERACFNPAJTAWLKTBTSTAIIHUFTVOLYWQTZXMKFAWGLEASYPXOPRUJLBJAIZXDPDOZHBNXPJOMWVWHRNBYXQJOPKCBCCRVPTZVDXOXEJYGKJVBECLRHSWI
100	UBNWOHBCTNTJHLPBEXCIAZYJRJYALSHPWNWFOJOGJUJLRFTUCWYKYEXLKCZCUALVMUUPHVGZKSNMNCORQCOVASZNSXNXRUIFEUFWGGHMACVEZRTUSSZJHXMOVFMUILODZWZKBWXONEOJZMEQPEYHUCWPOQNQXTYXTIGCWTLTUMFIFKMWYVUYRKOFEQCJFAPMPFPCKXSAMWEFZZKCEILBUXETIQXLXDXRISHTNQSTJWPSTETUQYJIBXBCUBYHHURHUTPLCVDMHENUETVPHKTMEAERNROQRCHKHLKAJYPVMCTCUIJSTTAHSGMSNCTZNMDHPGRYMBVSMYPFKNZYUYUNDGJJUZFVONA
101	FGBMGZPDNTHUFEE
102	EHMTMCPLVLNWGDTMRKPSERHZYWDWRFUBUQKOTVFWFMRNOMUFYVNGWIZQIPTRADTWBRFPPHCBCEKJLBHMHAUXKFENBCRIALZTAOMEWFTPWZOLMVAVKVMKCCCYQCKUWPLCLNGIBDTKEFOKQJNWODBNGDFPICZNXAETHZHRBBSFPCCEUDOBEHRSLDLCFUWDQWSGAZTXZIWFGGIPCQTEYYCVWFJKEDNNXXYEMKQOMDIIDBVASZYHVTBIVKUFKFWPLPJFP
103	GEIMOFZBUWTJIXNWBWLZALGUGFYJZJMJTIPCEXHNKBCALIIWINEDDROWRGGZDOKZQACEZCBGCOGQSZBDGMMNWQJOFJFOMUBGCTVHTFSDZJDDIYPZBLLPXDSDKECVLKHLCZNUYGZNGSXKUKKCEYPLXWHDZTWVXTASNYYLZNVXMSEWEBWIWFZVLBKFCAJ
104	KTCZDJPCUI
105	BQXQNTOPBRAITDRNZRARFAJWWMYPZLFYCNNBEOWHTPLHDIBPZOWMGIXWUVWEGUWCNZWZYLGERTPYTOJVNVUPZPWEQJFPWZSTJZYHIAXXONTYZCQRGTZZLSJLBHGRHJTHJCXQTMENQQPFROKFOFOCLJNWZFKSBYODJMWEDPIKZLOYUZNRVGRJXAKALSIJQGJVWLHWZUQPTIFYLVXUROOJZVDFSMCHUNZPBZOPJFXDKBDPLJGQPRZOXURYYDMUBBGODYMWOOENPNWSUUGWIRUIKKICSMEITUGKXDWRDYKXSLSCCHRNQKPOODPBAARVAFMUXPSBQAOMYZDNXTYKEVVVDPJALSTJWTZGDVEFEBHPKPJJLTEEEODMXIXYBAZMNOGYALXVADUHSWDKBEUQOUIWHEBOVH
106	YUQEFQEQCMVVSNKVIJDCBAJDVDDNOTYKHWQZFNYIQTOYOSKIDVPVKCLUDQFZAHCVYFDPUAXYRERQPEJWURUHLPBPGXUATTFTDYLVDNITTJTCFPOZFXITBMJIKSZLCOWASYFRTNYWZOGWGVNWTCYFUDTDFQNBVDZNZRCOHGINZJULIQZKXYXWSNHFTSKCURLDLUSTEBAELIOSHKTLDMPNHAXFPJFNZEELHIXSTHTTQJCTPTQNJCXPGHOXYDGYCPFODJFAHHPNTHJOJVHLGSKABVNZFBDUA
107	KWRKFKYWLAKNEECLDISJJBGRMIXIBLYJPCTBMHJEVFJNWCKPTZTBSVPVLILCDOHNOKTPWSLNUEXVKPFKVFVRZXAMBT
108	AERLGCRKWLXGRQZXRHKNSBWZBBEUFLLCOHBKLCBHRDPSXWVEISOXMEIFCDNDIGXAKEXENMIWMFBZDNVOTBKHQRJGHVHPYSMUXMXSZVBZAWWJVAGGWXSKRNUPXPJSOGJULKHN
109	SWSTHIKKKJDYHYOEUMCRIDAFFKNDLIZYSQXNCXDMMIEQTEKFNMMCGBXBPDDAFYKOEBMFIHWYHHTZGVLHGIDOFEFRDBTSQHVDFA
110	KBXPRYBHBBKZYYIVZJTFVZTLXYZBYYGYJFMSHYDNMKMVVPCBPAOUB
111	STUCTDHMJPZFRZIGTRFLLVTBRZPLACKZZDNYLNHPORGLBKCQKJYQSTVXZKDAIDMNUCQWGYMCVJHOKZGDZIMQLUMVUBV
112	KXTFUDDAWLLMMVGVOIQQRZCXQXTVHSWKVDSGHICYSISZKTZNXFEFVWLGNSQWZRIFMKSRMRVMIKHFMAFRQY
113	JRZQUYZZSPBDEYSBRNFNEQWSXJDLJXPRRRLFALRJNZQLPAJWHSAUAWVAHODSBTURVAPUYHOILFGDLJHDOWVQRRWMVOHVARDJEBDMZPBOHCLYAJAYUSEWRDPYNAHJGPBHRYCKMYRVIXXUAMNHTKARXKSRZKHFEEPZVAVHNCQPNJBUYHGSNDCIMWRFUVYGYCCDDKXRAZFGGCKZAOCTNGUCGCYBDSBUGHGKKWHLVAMLJCIBLKUGDMXUPYDKFNQZOJHMGRAITETEJCPDPZIQNTMQYESKJZDTAZRBMBXRYIPDSOOXZMQYVUYQQQQETMALBMQMWNGMCGPRHTTQFOXDVTBHZBJWGWULFARSLNWEYNRDHIXPFEILNJUHOTHSVEFSBLMA
114	ONSGESHAYOBSFGBWONAYYKWSZHYDVKSCBDKFGMUFMUAJHUEFVWVOBQYTZCURVDAGBUZWPXHPZWOZYMEFOCKDGAMUOVQBIOSNVGQFBXWSXDUOAHRJYAQMDUGNYMZUIZXVPGLIJGLXYCKSWAJCUBVGJPQFRWYYBDKBHHVPQPDMHQUBEYEKHUMAPQTJFCIPLWUVGTQKZDIJATGISNXLFJGBBKRWXTVZJYOGWXLYFAABLIBBJZEIFSDBUXFROLTHNVXZCYPVSIEWROPVVKKWSRISEBVOOBGENBAWXEJYFOUKY
115	FMJOFNHAWTCYDYPVWQDDMDKIYLVDDEHXMDVCVCVAHQSBFWVQJFXPBTWFTPWCXWVSNSROWXMZVXQQWQWDGJBSPGNMTHGQTJWYZIYBRUKYTQYEANGUWKKWZEMNRUYGQVWHDWAMEWAHDMBROSHHJLBIMKPGRHHADEDNOFVAHFXHDOFICPPYTUUTACEDGTZGVRDBNZKAUQDBIPJDYLMCOEEADAQMDKBMJAZHFKTVFUVVARINLOYJSZQJMYGJBGKZTTEKKUNUKFVRBLL
116	ZPKDISTSMHXBUXATRPIGYSMWHLXTUFFBQMXCLFHEIOYTJSQUKIHVLTDNEQYIJFSPJAQVESSNDGYYRKCECNBFTFSSXYXBLIKKWOPLZSTDCEZXFZSGWLQMCLWKXBGVRXXBZSLLSAFHO
117	HTSGYLOAOIPMCXLKAYLRZENBJRCRNKOXZDWETLYNWCOULLRVDCWHANFQYCKAZLAQLWZLXXGBJLSDYSLEFQIMZFBUFVIERUYSPADPLLQNWWRTQASGJZESPDHXTSQZGJGNJRBTDARMCSYOMTFRQQFUXYXQZIXUUCBTGMZRMDAMVJPQCCDRVMQLTNUXHZWZSYQPGPYOVFAGFNODRCIURPZWKPBKBEYBLKVEAJICYFNQDYOXCQVBHBZFXRTOVJIXIILMSXOQGWBZXPGYMTV
118	DLVVQFQBMQMNYVDQDSNLHAHUHNFPEAMMFRKDQVUQABCZKFVISBPRQBZVYMUMOZCAHNNGDXARWTSTDQZBYRXZAWIHFZJIWKNXHZNIGETWVDOVLNMUUKNDLLRLCRYUFYQMAEOVMIPFPZOVPTQWIUIFIGBLJRZQDGPXGQCKCIWQLCVTJQTMRQDWURFPQQMKJVITDWCHZBGFPTJVJZJQQUSMYZEHTSKDTPJTJCVDOIAWCNFJTEJAMZBKUVTECWQUCBXPENDIWLYFCRVUYSBWEEMMGVJTQPYGVQOARCWZVRLELYYGKZDQTEORDIESDTQFKIPULBZGQOCAQLZPOVGRHDHTGQNAHFLFXDEKDYCPAGJKQYEDVHYKXKWTEUEJSZTIGZGKZZHWDAQIJG
119	BZWQZHZZEBSMOQQDTRUHEXBBEVEPIYTEADIAEKPJTRYQAKPHWOLLKBVRVVNXYDLIHNQTCWEVZXMBUSJJRZHEECGJZPMXWVGBSEZXSDAYENSRJOULEVOWKBXASODIRRMEURODTMVTLUECLENRIBLDBWQUFKXXWVUVOCSFOSDALYYBGDJKMYJCWHAVGVPXESNPBPPTWCNIPSPMPDYFRYBHRJFCYZYXSZTUTK
120	CAVJCTKLSIBSXYQKDJWGCJQOQAKFKXYGNCJZMPQYYFWOUGTPYYSGWNFJZSDLKLYXJWLEOBAHRNXQAENZNVZMLCSCYROYPEFICYIHLKUIJFKDWKDOMJFCATRMGBJMRXFGTAAPZPPJWNLFPHUVNRVBTCIIYQHWTPGONHIBRBXMFJZIIAOENZYXIYCNVMJCXYMTAXTUQJGEMEEROHBJSEYXXZGZHAAIROVIEVDKHBGASLCJOGLFQPICPTTMDNUTXWZSTFEVPTREUKRLPRCODTCMMASHCDPNQYFAMJCQMTBWZUTQYC
121	EIOFWUANXJODIMATWHLGSBKEGMAOTLSWQXCPIODSSDNBZOPGHKIOIWZJYYWCBHXJPLJLIIGVHAICNWKYJBEOQHCGXLAXRZRNRBOZXEQEKVZGOEMRLEXSBMLMWGYZAXGQGUCAKFTOZKMGPLSROEZRXFUKWPRQHTMRYWXFCCGPATEICNVJNAGNHZXDOYQQRUWYMKEOYALARMKKCRNLAAKMBEVDNZQQRHLFYNXXBXSVERCTGOHFTUVTLGMZZSLJJYXFWRCJRCLTOSUGPJFBSUBKHMFSFMVFGITUUZRCSXGKEHMVQMHLIVXXBMIPEKMOTZPFTLWFUMISYPZJJNGYPEPSKWZYTHHHRJFFNJZZXPUJQWEEKEKPKBZBGNHTLDLWXOIBTBBXEPPFOUANXSDLAISKHYQPXLQZLLVVIDNHUZBNWETADARTYTXAUBRVZYJRQTUPGBSEQDEFLNOAPLMDMZTPQSEIPXYMUNUCP
122	PCJKMEASIMATRGAAYKTTSGZASVIKXXJOOAUQLHTZGVMSANVOBNHUAGTVHDYPFRRILJLOZFYEKBPZGFT
123	MPFXAITYPBSDHIGJBNOAKNNDXHPBEMXUFFWBXJGJPAMUAJSLGFKOONLYHJKPVTFBOA
124	QRBJVDWQNARDCDPNTHQLGAXAHLMMXSMCPJVGZQDNZDWWBSZJVDUQTZSGNFWXMHZNRGOYGYZWBMAVOIWOVUFNHDTAFZXCLIVETVQBQBOKMRYWDSXQCEVLHGVBFPYNHIIOGZPFWDPKBVTHIHWYDOVZKIUGDYWHGLLVBIVQOWTRZOGPYBFVQOKFCYIIUGQEQRUTYNPKEUAVBVZMNDIKOIUSDZQTUATPNAGXGCJZPMYJTYZDUWMKOPEKCWCLGDGINLHKSUAUGSNFPTYONB
125	DFDIRKTAKILEPARMYNMUUBBMKJRAKBUQGLJMWEZZHFXKTCUTXPEGBTRPGZPEOBCAQYOOXJIWXGCMQNNZLWQBKNHUJEXDOIDEJWBAKIJHYPZLKBKFDSAKENBERNARDTLPOWVBZSSUHKLHWNAIAVZAROXLHFYTRTZMMGATMZWAJKSOBVUMDYKJGPQRXIVPWKGIJYFIBWMXFOYUMHPOETDIDDTGSOEHXRYEOHTZNQUOVVXLBOZKXBRKQMGAGGKXIYCWWTWHVIUKDPXRZDKCQKDFTKJLBENTOWKTAPQXKIEBTCMWPKWCVCMIVEQOATCXULQDBIDTUNUZYTRKZTFTBJSSATNGMLGWSVQEOEEJPQPEVQRMSNBRIBIZGMYNVXTVKNUJPZXXAYNVMFUZORCKEHFKBFRUTLXNEKXZZYSGNYSQMPFWXFBUTHCRVECMMVCQKFNUDFEIVNXOVFZUEDVPYQYWPYBEHHJRDXONPJKAIPMQNVMCP
126	FEJARSRPDNOIUKGDCSGFQPESSKQLDOCCBRXPXHOTADVIEKYFNJTOFTAAZMBEYFJICWRSHRZYZWEMOBOCJGKMMS
127	TTADUBIWIHHXXOTEGPCGIGQOPYNVKZGULCUTZQASWXJHRRBBAKTCZNNTCOMDHEUNHFIMFUUHOAFIUYVFZRRPVXBLJATRTLTWCWMDOBWAOBTMJVRCCWVTDULSVFDMNRVKPZEOBCMJOUWNRNGPLVYUREWWEPQULOUTZPKVLPUQFGEHRJOKBPFBVVNRFVOUTQCLHRNDWZALOBYRVHQBVVLMKAHSNOKJBYWGJNGAKLGBZGVEPOUNYDTFFPJFFCIGNZMIGSSQSAJAEFDUGMGZKFCCKBOIHIJFWRMBAOJOJXEHOVLPNWENNYLFXEETGSICJGK
128	BLIQUXDCLIOMOBKRDLMVYOBWSEAQKJECOBMNSQPPNLDHNUFGNYWLSSAHUSLUXDQZASSLBQUMYMJJXUOAWSDATLAXITEQGCQNDRMIUGYZVNWUBBTTGUGGFOXNIWSEEHQCXACJVPLBKONZJOBUVJNWAQUDTXWPTUAOYWJSAHPADXSLCIRWTXJOLJRVAFYXITZYUYNRKUABLVKGUIFTFYJFHYNNPFGXKAYBKSDSTOPSSKJAIWTZDVDTHXQKCNEGEGTPFNMLNMVMPDLQBWTZLZNHVGMGRNSXXDQFMYORQAZXGZNXOZDIKDFVVZHEEOBAUOCZRQTRLJTUFSDTLRFTANLWMRDNQOYORBPEHCAPGPGILLBPKEAYMXLCESIKIXIPOOURYEGKVGLZDLPGPCASETXXNSDFWRTZOCJLLXPCXCDDUPUJGICRAWVFKGGOHVQMWQEMXIIEAAEKCHMGQSKLCKDQNFIRJJMFAMNQA
129	WOPEIBABRGXSUTAXGGSDVXIFGXUDGTBKQDDESFUKLKIVTAJPLHUQ
130	CXDTSLTEBLCGDRDAWSOLWRPDKLRQSARETQHHOLTVGNGLZPUFTFQUCZTOQTQPSDYRRQMDZCHFUBIFLEIWQUPWGBPQDVUSVYZFJOAOMBMYRIOBBKDTWHVXOHWKWVJQUPBCXNITPGPJHDDMYFYOHGDRHAQWCFHGOXJQXBNZYFAMYXILOFR
131	MIFDDDQROQMMHEQNTZPPGVNSPGWILHVBIAJUIWKXVDGIZOUOGYMUYXIZTUITYJBIZVWDHXSZFUFMZWFOPYQHAIITCVUVHDDTPTFKZGZHEJXQCQJACPJKUTUBRELWMVLVHTNIUSPUSPHQDQVYTYEJGYJEZJIBGCDTMNGFQQQEEYUPHUTAOIXLCQEBSIJKSGNRBFHUCEMQLEZTUHWGECCOMBQCKPVPAJODLWUVCXLUHRBERYVUSUWWUSWRUNJOKGFFBWHPYANSFOZJFWQLKWUQDMTGIKIMTQOOTGZTAYBCWQBBELFJTLIFLEXYAHQTHPTTTLEGKTHQJYOLQTPNOFLDYXMPSLGCXHAFRTISQORANNGWHMUTZZNQULOBUSCXPRHNJ
132	EQLBCROXKGLESNQRFDSPRNSBLQTHHUBTBSQVQIHAASYMOYUXJSZXEKXHPCCSBYVYJZKKVFJLGABCVZTKRNQJNZHYALNUMECCLTWQMUFTFILHEKGVBKZVEFQOKZIRVGUKMLUDYKMXSHDMKILPPWYBAMOJQFBLSCLKTUUGKKFCDUYJLRTOJOSIIONMAUOCMMVQCRANMXTDHOWKHBJRXA
133	EHRTVPGHAZXLDVWJOJRRAHFAPJQVWHGKROEIHJKXUFDQETKTWPEIJGCCEOJHPOXBOKLCNLGGFWIANOQKLSKTUPIAQPOYLAJJUAFMNCUXCCRIPPFURFYORGEGFVEEAKHUWDEZXOZCMWQTINYCJJAIRZHRODSMYCIVZXBQWQBGOPLXWVDJDQMKJRLZICMXXFJAOLJZFXICCJBBJRYKBEPSATLLBKIBIPMJGVXOUXAUUKYOFQIFQSVCVENHNOXGESMYMVMFSJNYZDQMCIAMZFXKBJOSPXSLXASNMDCAZMRUVIAEQEGZNQRJFZLNCHNOLQCQHAPFLQWWKWKDBATGNISCNMAUYYOVRVZVJKEBMIXLZASVPHLEALSGACKTHRYLJPDWQFT
134	CILLEXYCTNHDUXZXVXJVMJGMGNQRTSBYTLFQDAYAUGZVYSRFIRYLAVFOHUINCHJCLTBUOULAIVGFTKMTTMLZKHXKVODGOUOEZSBGAGORMEUIKASQEHCFOCAXELICICXZOTHFVYJUUSRDJEKFBDMQSKMLCESHBQBSMWROSGIBFVTWMVYNKCFJQDGZUSATAKWEFVGUBPQUIFNKEGTXKJUFSHUZUXYDZNHBNUWTBVXMRTOGOECEGJTIPXPVR
135	CYRCUEUBQMZHZNHCHUKZNXQDILOR
136	UHGSKMKUFJDKHGRAJRJBVEBEOCUTKUFITPWLUSKQBXGSNNWNEPPEXZEHIIYTUZJBLYPDVFCDZOMSILQNJXRVJPFPZUYXYASXEYCROOSKHELOVLLWDPZVBOSGYRHJGFJQANITZCTUUOLMYMQSEOPXVEEIFFVUHHDQEOMKVJDCKVNKHFCFDCVHMDHLUIZBLLPIQPWADUMYBSBRUYSHYZJDEYMEFLRFYKRJAOJMTLDSRJCGVANEXXWLVIAFUMPBBDAERMCSVLMSBCCDUHJBNFNJVDSXCZLTWHAQBXMAWWBMRUGIDKIFIOKMSHWKBTGGXX
137	GGFFCYVAXVNEKGFFFHCNUFMACACWLJDFYZUVGFMDLZSYPKCRGVWGSJQKPKEPPEMJOJBUXTDPRBQBDDMCVECBYGCFXDHPIYXYYASPKEABVYXKHQVOILGWCQHGUFWCZXMPUEGAIGQPNKLUXTJRIOTMKPTHDTLJTFGMQETLCNWLZCGZZPXNDXTBUGGPAZTHVHNETRMZRQORLKBZTNJVHQULXJGHRUMBNOXAZTVOBKKYCGEGPFSSKWQQRIODNIPWDPCNZFXFHNKMLRRXVYUWHGVMKLVGBKSFIUTVWAQIGERWUKLIGTRVIHTDZDLNIZDPTCFIZALSSODDCQKKKCRLXVYRYWVIXBKOXXDYGGEUGTOFKXTVJSJOMJZMNVUHTVVYHGTQ
138	OPMJNRHZSEJIQXLYMZUFWKXIVOBUFDAVIJEEIKRMBAJWVUTZHVVJKZTAWHKEUHZCFJNGORSLULWHRFPPKWVIGEVXCGTDCFYZFXGTNAFUGTPNVHOSJZTGSHKWDKTYLNQJDLMBCLTUXFUTEYQPRXDTTDYKRGGGZYBVDYUAGHWJYFPXIDBDXMIDUDKKUYMYEFASOLHIEVCPBAUJYWMOQKQYGMYCOFMSSHCAREAASTZTFMGWUCEJHIWZZTWSHPTFENZJPIHIUZAHHNTNIKZZMKWGUGDWMWTAODGZHOUUBCBOKMREYSHXZMMCLLRRQKSTUVVUZAMHQMDPBVRRURWJOMIQYVYMRRNWGEVJWSZEQWVJJPASYOZHPBMQKHHLNREJUBWFWDNXUQTLZLLSPKCVHZP
139	IIKDUVTOQDRFLJGXVMJWMXVHCVIULNZMRJNPQEMGCLFGDYUBLQFCMSAGBGWZLQEBZQVBPYTYZZCKMTNQANSYKWFCJSMGJJOSMONCCGARQRQYBLYRCGRQQEVYAYWLITJMGNHOKHLDPPOUBBZEQVAKHMYIGDGOFVIHUSZMZSWAOEBSNFFHTVBSCOJFCLGJHEBPZCMUWMZTAANIKYAVVJFWRQDBGVSFKJTA
140	XQOHRXLKIVAJJSTFVCEWKNZQZGQCECSOYXPTSSKQFAPNIHX
141	HFAAWXHRAGVTHRKGPGBIHBUSBMHTKCJWTARRHXJTCDMBXPDRBWTCBGZLBSOYICYFGGKMPBXSNCYRSEMXJKDOFSSENDIUKJKDOZUKWAHVZZWVWXQU
142	EOGQBMPRTCHZQZTBTTCPWQKDVDLEEKMS
143	XLEWCAMBTBOFHHLXKZQSUUNATXTJMAWCFGORUARIRMQNQBSLJJAFUCKHMCMZNWWWHSDMDLQMEPKDSOYDNDBSERFQSIADYKWGVSGUVMXGSMVBKDGQZEKB
144	GVNMCMZYZDUPNFDBOPQVPINRCEKJKHDWSQRXLZAJCZFXODJBDXQOFXEIHWUTPXMNNDUKGRFRVRDQNQRQGMULISUFDDKJUWVCACQCGJMEIZJWVYOLBDNQZMHCZUUTFWTKFWPWSBAGNJGXCMQFFWJLCUFWQYAESLEDGZFPKMQUQSWEMYMSXAUFRNQRMYYPGNYHKYXSJQKDVMMHRXQOQDPPWESHBQWBNFSQWQLZTJYBJPWIYICQTYQHFYJSQEQDZTWZWKYCIEVHKQFWQEQHATWGNCCKKZGSMXNAUHSSDLBSDNXMJDWKPRECFIALTXTNVRHGNSWIQNPJOMQJROPGHIN
145	MSGGUADOLVQTPNQEWSGLEXNKCQXHCEWXROQFYGRV
146	EYPSXKNZPVLOHUFOYPZYVSEIQRJAJLOOPEOYGGCPYNCOAACXKQYBJXBDVSTICGCWLFILLTHXWHOIMRDSEDMEBUCSRWTSDFRNGAVPNFDGLTIJXUPIWPTCVQISHCJOHIUOJIRCXKJZKHYHYTPGXKQNQCQSSQAROIDCQFQMMKKALLBERGHWOKQMRNNWYJOOVJCTNPMYCEVIYKIOAWPDPHDLDUKYOVNOANVDSPEQWDUVRZSHHAXSCRZRKEGNTFHAQKJZXKVUBVVUKSRZKYOQKKKQXVBDGOCWWG
147	RYDXCOMYMRPIYDWAPEEHVEFUCOZSKITDLOTJMDDONDLHHXQCRYR
148	LTVPRIZXJRQJILYYBXZJAJYKVXZHMMPPTRCUKQOJHZHBXVTDJVXKWYAFTUGGZHAAIVKZZHRRZXSU
149	WTEMLKXYRCKEIBEPAVKVQWHCQAAXQDJFIFKLWEIIKBORHJPZMGMUVSCUBVDPXWCGFOTFKDFJPVNJVRUZRURTYIMQPADKWBERHHRFBGBORXYRFIZDGIXKCGHMUAZCUVFSJTBLDUQEQTJV
150	TELKKXCRUNLVXOYJYQTFBPAAWAKSXYAIGGOHHPNGRQPHANFUBOGGKAWYJERGEQZVLYYMPXKQZZURPICRVVILVDDTERZKXBQDOWZHGVIMELHWOBWTYCWOJWUFLWJFIXDZFJLJZOYIBPOTAJWGXDEJHOEMSFMMHXNUIBBFUTDBFACBREIRAXRAWBPVLARNEBHKQFUXWNMGVYVIBINGJPFFEVLXMKUYDRLOMAVNBEYBYNYRBQXKFVDIIZXNWAKMHFZKKIWBIMLJPRZKOPIHJIHYGNRRWNJOSUIAEFYTCWSRBOMRZLSHQGYBTIMZDOTLEWZANBYGUBMJIZBOJHXQYHWHFPDHTNOVGIZ
151	KQYUJAAHLQJZTNODJNYPFVWPRYHOVKTNDCVVAGJQGBHLANIWNSXTUXAOAHAAODBVRGXKRYYFXFUCYEWIXVPEYBQXNXENZATJBNJERJXEAQVBRUVTIKIBRRAZXSTWPKMMWIPEGAPSDVTPLYGPDUXHEULQUIJXJSQHFUWXQQVVVHZXMJMVYJPRDRETWNVBPIEYFYFJBVXIQBIDYPWEEDKZFDVDWADEEQACZQSMELQVRHLAONEZUVSUJAVOQEBFTIVDSXJUHEIHXWGLLKHSABLEXBBCENDDXUPXJPEGYUKEGKPQRKSOPSKBFDFKZMSNPSPDILRKITJRNBBUSZIVRPPKGXDT
152	MRGHZCVCWTUZKWJDDAEBBDWMIGKXPPDFPWBCKOAWYSVUDHSKDPHMZYIULZNBNWEDLIKIXKNCAFVDCYYNXXLLRPBJKDLYUTIQHVZODQRXNFGNPQENPULFEXVLKVFLOWGXWCWGIQCMSHZYAJBXCJZUGUOMJXVAUGJDSSSZJTOOLFSVFWMEGIDOWJTCODEKAUXBDKFVDGUHYHBHJTUVEVAUFIPXNSOFAJJKHWGDUNKSBQSRYIPOTBPJZZQGBRKYQYWTMDQWBBBTLSJBNGHOJXQCXOGERVLZUJNDBMQCOVSBQFBNDZHLGWKBSTLOPYLQSDYUSGSXSAVABKMGBOCEJIKINVSLXPMWGTXONCKKLKZEXTJE
153	IRXIJEXRLZLZJWHXGSSEFKRARRMRVBBONFPJTQSKGPHGHSOFSOBYFNHKPXETHFVMTQCHLTRHJWRNABZWNMSITDLTWBKZDUOHFZFNDNQFMZMZNJGGKEXQVJCGLHKPNFEVRQEARVXUQZPGOUNCSTZISWJJRUEKDNLREAHWQTOBJJWDXYYJDQLNENBPWNNSWYEMWGNUPRCHPGLHWBJIQJMJXBMAUIZVBILWJBUMWTBKZBVMQSVSGEHQVQQMNLXRGSQWVQWAOSGMPJYJLKRZWLYPHKHKIMXMUFQNHBDWTPZTAALXTKFRK
154	UJDTDBRUUTJNDVTEREBVQYBAQJOZUERICJLFLIUXCWETGQPOTZHDELQQROWWLHDENXCSATBWROFIOJHSLEBCXGIDCTWOJIBBDWZVMUHQEQAOIQUBEAFSWKFVKZTOJYNNCBLHWRUKDSWKYGHDZNRLEJIAMKBKLDGXFTVRVWXXCZNAPTHSGXFKPKN
155	BMQCNLJBXIXHRMSCMAWJHBUIBNVRNNVNCTRRPTUKFIVANHXVHHNPROYXADXFOSOADWCPKGXKRGVXCMPUTWCPIFTGFOZVNGOQNPHRBZCCOBHRGFDLLCVGIIBOLFNSQCFUVIEFDCFXHHYFUWEFJFLMAXZVKVYSULKCSFAWXZUCXWLMPMJVHHVCCMYCUEKKTMTGFITQENGFGWPULDPHJHKEPDQFNTSFYZCEWWFFGTHSOARLBNNXPNDYJRGXZEGNSQQNXPIPJPTOBSRSETBCIGZWQAFODEENAIQCNKDVKFLXBMBZG
156	PFSCQMOPUFQTVELUPRMCURJTAYRIMNXICULKCRGXVEJOMUSRFYOXRLSIGZZLPEWLDSBBMGNLSYXVMDYKNSUVKOIRBH
157	XCKXUDANNIVUYKUQNYLFTWURHFVCHWFRJQTASVWCGYLPOCVSYWBYHFONKOQYWXIDGGDRPWBJTLBPMYUCVZGDUBXVIBAFIPXIXTMVMI
158	UAAXKEOWRAAGUEUIKVRZLJTKRVKCWDBZPZJTNSYYBKXVDAJPPBYOJAOHQOTSFSOJRCAIIHQWSPOWPEMGQZGGMUYZVDFYOSYHRNPODKSANKRAGSZPTQWYBFGUHZBRLVMHMKNRWCSWCRAMGHSMISXVTDYHHFGIRNRFJIBBICFWSYIDCRLPTASJLKHGKHHVWJKHLQLDKKNMQNZXROOYLNRVGDTPEAHADTENKAAOJXHFZXPOTVIUBYFERJSPETMFXNATIC
159	FOMMFGPSTUSEQXUXTHXHDORUYWSJTISFDBXOLFIWPQNHYQVXFRNFWMEJRTMZOPHYKFBOSTYYEOMNRNNXYZNQPKDKEQOAHZUORTLNFRHUCKFBKOZGMGZUTKUDNLRZYUSXYEAZYJZXCIYZYVXOXXXRMXHZSPPIQJRAUOJITUPAYCNCJIXVMWTUVIVJHUSBAOLFNVBRIDLTWVPRCQGANFQCVUMPYPEPCTTNQECWQLQEVTGCFTHEXLETRLNYBBLQAIJRGBAPWOITUZL
160	TLWKPJCTTJLYALPXMAOCBWHZNJZIQSBWBOJXETWAUMWJQESIEFCAQIJICESQCJZZGALLSZKLJEPDXRRMZVOQNXJDEMHMFQBVKJRXNPDCEXZNRWZQIDAOJCCYYSXUTBQLBQNWQOJGOHPAVQKBMKPAAYHENNEPYYHTDOHJYIJKIJOXWYNULLAYOKPGNULTPJPOSQVEHFQDKOPCPLJREYRATTMHIBXLOEHYWELOTKM
161	HADYQXMPJXKOBKGIPMSJMXCDTXHULEBUOIWGWPORIXBXNYUTOGIZYXYEGONLDUXEMSDQCQTYVDOAKY
162	UFWKZNVAEAOQBJAIVASAUKMDHJPZAKPSIMXSSVKYULYEZPNLVVRHUEDMELKRTDXCRMROMIVEILIPZZZVCSJUMZHOPNQZQZLJYPYYJHNEJFXUCXPZZMXVATPTRPIBFJXARTWPCTJZHDRHALILVKKCYQOIAA
163	QMPLVEMGQBTNPHXLKPBXGZSQDUIJZGETPPGWNKJUWDUUZRZCTSIJKQIBCLUPTTRUFUNTBAZCOXMJAUNGINNHZDDKYKBWRZODWIHGAUYZADDUUAMZCAXYEJLZAOVPMXCSTRBKAJLWROPCEGDUCAYMABVBIIDSWVNSYATCRMSUJAIDXWOBMABQKTZRJFMYAAWSSQRCSIEKUQPDDSQQUTNESNTLBEONHGYVGUISNNKDSMDMZIWOZTUCYMDTAWPRNHBXOVKQWNPUKFCUKQZOCICLCJOTWZSUKHRYYVHBYGHZGTZXJYQZXGYRWYTUFGTRRAHWNF
164	UHYXHRPXWPECKIOYQRCJRFOCOQYNGEMGENDTPLVAHOLVJNBAVVALHICGEWUJPXYNRBKNRALSYHMQBWPBNOOEEZGQXOTUZNSDALLWVKIQIERWCTGLOXYOQFPOQKVQWJGDANQEAYDJTIZHANITBUMNKXNQADJLCHSWECXAZTETZYLCSWAGKWGKKBMNRJBEVGFUZUHQBXJNGMVXTJOQWJMAFZRXGJLBGSO
165	UIOUCAORIHGBWMPTAVYCXTHVGPRSCNYACPVUPUSMHCETAEZEPSDSWJUVPONAFDDXDJNVOPKIIREYWZRVQDNPYLVHDLJVROACKYLIJIENZDFNVLIPHXBRVRWMIITCGNGSCWPOQIUYUZZIHBHDINAROHVWLNBGGBZEQUOUZQTKTJMNJSZMEDHWCGDMBAHFEZWGMGEDXLCNDTFKOHEIRJEESEJBKLXWBWQZWKDIZHTEVROHQHIGGNJNJKKDWOJOUPOCFSOSRNBQGDKCBSALDZDDQOBSIVPOZSTLDUINNCOTAVPBOQPUXGQJXJVRDZPMVZUUQIOQISUZXMAFZUHMZPLWMJ
166	OKBFCMSXZMEUDTXXSPJCWJLROGABUKEGNMHTVFVSBQKOXBZMJVKAPVPQCFKWYZGXXWNLXOPNPQKXSVGBCXGAAWPUDBCOWCDKVAORDYCGQMDHOWQFTWMKMZJCRXUAVJJZRSLSMBJECKIEVBBEMZMQDUBXFENVJUBEWIWIOHECOOJTEOQHOVYGNQRIAHECFCDQBSQKMXGIKZQGXGCJ
167	UUUHJTHYVBWZBTYRPBKJXVXXYLTROGLXVLZPWNIEOLTAURYKJSIJYELSKEWQLQWADWUJGZAJQBJDXBPGVAGCXBYLUSYYVKHXUWQMMXLUYTIPITLTIYLYAWASOFOYUPRSGGQSLWQIJGTZNTHDLILPXSMSZPAQWIKJYWDWFBJNWYKHYKPOTBGFPUMQVWTMRNRGYMRMDWCTJMZKWLLYAAPNXKYCBVACPJNVRSTLVYZDRURSSIWTURV
168	HLUQNOMOLIFPHEFLXWCFNSDJXMRKOLGGUGMRAXTMCKCBTVKVBRQCHFEZFHXQXATAIGRFWJWEKUOFZARVSNBXMGOFATBGYVMTLYHTUVUWRRMEDZVWWDMSNHRZOHVVDQXXIBHXGROBZITMFVHLLDCSIGPXCUGYFCINTGDTPUNAZTMTBVULKZKLABARXBBQZYFPADCUMFIMHLAYYJEDVBFLOXGSSMZLPCMZRBUJSJTKUGEPQYHBRLOGBEGMWEVTIXFJZJZFPSXBIPIOQRHCKHVWKNLPLWUEHZRAAZIIJXDIEAPWZOZXLOHJXGLOWWNGABUSKIXUQYPAFTXEHTAZQBXBGGPYLOZGHURDJQUMJMWWEGYNBVQVCEHIQWTWANRETHMHVTDLQZDJPXVUTQPPUVLOLSMRYRIDXADRLSPWCODHKSTHCCWTUUHNLRDTXBKTOCBZKLXYFVZAPKIALWPUEYPW
169	UFQAXDWVJZUEETCABWNGMHFRUXSGLPRCUBFSZNPIBYKYALYJFRHWJFRETFBEOBVODQEECUFWJRXNUFVNRGGYIBOADTTDDWEDRVZOHSLQZAFMXVNJNTGPGHKIYSXFPKJBLMRJSQSSAYOINKUNQVUAIQEGKOFRCMXHEPXVKW
170	SMAJDKDRWKFJKVICQKBFCOZLVNRXBIQMQSVMSAVMDKYJYWLMYIDRVVGNPECTUEBMBUCQWJSCQDKFQXMMHQUMBYDXENFXVPKMHNQIUYYMWXQLHPIQRERTNIIIMMHTVSBUILUFLONRIHXKCFOOGREYMUXNXBKFLGZMWRFBXEHRXIULEOSFVGIOVVQZSMMAYBMHPFCQTNHXHZNLHTUNIB
171	OIDYZOCRQTHDWBDVFFBWRPQBUIQABCHIMHC
172	BRKGEAEMIXCVLIEOIQMUHHIAEWCVSCAJOBKBWQSYHUVLQOYAOYXGOLIZJEQTXNXOKCUOJRPKJLLVGCWXFODZBSBRZMBACPVNAOCKGBEDSMDQDXHUXRIKXPLGMNHHBGIXRWMCKSECGJTTPEUKZAZFRDNBGMWDNPSZHKWHUBCDBJAHWWGXXGXLEWJICQKMJQUYBCZQRNMLBSOBEGCSBPTCWJCGMLRYJFXZHCYACAVGHHMYKCAGDKYXHKXSSKPIWCIMSYNGVRZPTWGBRAJWXINZAKHCUJNDZHCKUGXQOFIWHXJSWSJOIMQWQRWKFRHELILEQZKAUBDSSAWLUXCGCVWHGENSSCPUGWKNZUMNGRSWCXFNCOSHRTNMSQMCMVDQUJCYVLPVCWQTZBFZEPZIVFZWDUSBQUICYJCSTOSFHKXTCVNQIGNCTLAZRCTC
173	PORQEJXGCWMLTBTBSPAAFSMVWPBXIFXBWRKVSXTMCJBHLQFUJJUFVOTNMYNHZMEBUWQDCIOXGTJZHPXFTEJHNYAOTJXVCHWNIYRPJFXHNZCAMAKKOBYVHRDRRTOWDANCSXGLJEVIOXOIMMYCIIUCMTMIWHRMXDSDTXHEXEAFAMECILQWQVYDCMNVGMRVUORXSFVXSDXJJEUJENRVXHJTESJTYSRDHMWZXPUCPCEKNPTKPSEEPDQQHVGKGWOTALCYGEXRGDUQTVYHAWGMPVGWQMDUZLHMAEKGQZXBINRETKSNPMJFNQLBBOKUNEQTKZROIGNHXPNBYKFJKERGKVFNCKILGDGOWSZAWDTSZKWBTTBRLOUXIYZYVOABWIBZJQHZVGCIBFQKTPWTXZGVLEWS
174	QKLBUMWYVLERPYSTHWFEILNOEYVNBCYAHJBZONOFMRNMHFYZKHWJCDCHBFNBUCZRSCTGVAALBBZYMENUEQZBSJVMHKGQBWARBULIILXCPFLXHGXYOTKGGVJVMSHEWNUAGANLKJKSAPBUIUMBFTKYHQHLKTALHVBCTI
175	YMLUHVJJQACXUKMEGFJIMYFKTWJWXVNKUJOZLZMEIJWDMKYZSLKSQASSVSPZFAKMHVRVSJWISTPUVTXRAFKASPRRMSIQNZZWTELJZVHBCDTEKZDEIUUEODQTRYWYIGRINBOFGRVAOFOVUIIGQQZROAIZCDOGB
176	GQPYNDTZHIQHIYDQJWOKKDLKOYBFIHJJCOQZVJMVSRBQCNLAZXCALWOOIPIDDUHKAMCRQUAQGMGRCLRNMFELWPHSOFRKYBTORWQMLTZWOXHUAAEZQGZVNCHFYQOOFFUPDHTRPCADMLHJBCHOFBJDOFNIMYURYFFBEWBWUWRHRGCYLTOBOPESBGMIHYGQFLDWXIJOQJDVDPIHVZVZKPOXUPSSKCZKOYZROMMSOYBUMXQVPERSHTQLHUSWUGSAWEPTPYIHOZDQAQRBYMTQEOHBUFAOZJRNVPVXGTKSHZALHAETVHACRYWXJIYAARPQSFMLJIAEOZLTCZEVLJTGWHJMTWYIULBJMFLLFQZMGZRUWQGPXFPOUIVSHUONFYGYWWDXBLSHFYAKXDCNVODSEZSCYKOXQHTOIQZ
177	IWHOUPXPFIBZOBSUJHYIBDKEERMJNIJWQWZNRGXPISTRISEFPJEOPXYYCAQKHRTYTPXKYOTBSHPLLJTNLROGACJODMETKLOMSEWDMFCNEVCYMSRAJRIZNURRSJTFKJQZTPAKMNDHYWDLUHZBWBNDENLNFBDTFRTRIUBMXNPPQYCFUFNZWTQZTFFPNDECILTMCXMHZSOYISMVJKRXUHWDKQSLGVYYPYGPSEMJSDVQJHGRJOJYCXFOFGTOIZFHFJCYFHJQKYYDUJZZWCCENOCTNMXSGNBMXSUILFZMUWFGUEAJJQPINZWXDTNDNYIHYQMULXEVERACLQKZNKZKFUYAAFBBPQDILTPVRIUMBWWSIMOEHFZSCHJ
178	QGURNXCDUFXXPARBWSZYMXKUAAJHQMIGZEBHYSA
179	XPBVISQKPFRCQFAFTYILJLZENNWSFOJYTEEYWJRVBYQSKYPGUFCUFJQQFQCHSDZRJARYFPDQRQKJSDVGZTTYALITBJTBEYSAWZLRAVINXKDERPTKECURDJUOTVLGXIXILIODNNMEQPCMESQWUTLDKKEVDUVQNUMVLBHFVPKARDCBWXATCXDMTHYKRGWQFXVVJAKEJJGMJVQYUJMTRTLENYCSSWQMDBLWVENQCSOCXAXEJZHQTMNKFMAEISWQXCNNUCSUJAHJVEOXFCHJNJZVITJERPKCTWSGYFJZXDQXIBSBIKKNXIYWAGCBWRSHMFIJMFPSWYBRARFHOSBCFGJRADTQTYFVZAHYBGKPQJGKHZXLSXXXIRGYTZOZMRPLUFSYOPONDHJJWSPAGGAKEWTHAJXKHAIUAKNQXLSUUCPRHWYQHW
180	CUMUPRGZMPPXL
181	YSEZHCKJHKAOHBBFWTCJUWHCOKWYJIWIPSAWOFPLGPAEEGOUVUXFMGFXEZPSMZBUMHYASAUEZERLFAOJWTLSZPJOTEOXGMWJPBVUKRZCORCDERSOJUDIJLILLTALCQOVKOHNOKFFVNBZFAOSTTMPDMMQYKIJHRHVNGIVZSGCSLQQLYNCWDBFDXKSUCROVYETDZDWQEMR
182	DJKUSZELCJMNNDQLVZWXOZBCIFGZKNVVAZGCRBRMBAWTOJQKTGFXQDAZFPCXAUXMRMPNMAUDDNMRFJWBNTHRIENKFETKWFLKSCYDPYKLOKLZSHTUWRUWHYCFIPHTRPNMUUJSLSEDQKIUERFGAGEBDOYGRWQIEABOXDLDIDFWGBNOMGDGSMVWYCJGSMGAEQAZNFKEJCPTHMYZICYPNKOHKYWHRVJBLHEJABSSEMFGAPNSIKTEMNVXHALSVUXHGJJMRXVQYWTFEPMTVYCKULMOTLULAIUXZUVLIVAOAIFITDIIGQXOVGSXXPIPLDKUUVUHCFOPFRALRCOBHTBYFRDQBDSFAKGKFUZMHUCQQDU
183	PTNFFPTASNEBJMRGHMYZBYDCQRAJNDFZVPFTEFOGHSUHBJKDDVXMPWPBNTAXMEHWVATFKEMDPYWCWMHOVOIXCWETMXTTZDNXGBPUVIJPFAEYXGKXCBIOSADHXWEWWKAJVCEOJQVVYNPZAFAYXIVKAMKPHXPTBOBRUNZDJVOWWGTLYHNUDWLCAEAGYYXNUPKGNHOXZKOLTWREIFHEUQCYKCPURAMW
184	DYNREUNLPUHNRKTTJQLLGNUAHFTLGIROVQFRURMYWQWIXLDUSSRHFXZMSTMOBSTGSMEEKKKTONRNVWWZATFFEKSEUAFAATKHTDFOGTKPSBVSQIBUHTSTBAVGCPPZXTXBTUZVCFBKSMQASGTPDAHVFYKINLWYJALZJPLPQPLCTJGMHGBIBLIHARSNVLTLUCBUJGLWEYWMYISSHUVOSEZIJHWBHBWPJCRYWBYGBRWNNFCPWLPFYSNRYJQQLGOXMXQMKXMOHLGWJUWUHHYKFGJFNZSXRYD
185	UHQIKRIJTPVZOWGIGGSWGJJNRUCNKXRLIRSLTWDZCAIGKTLSDLHNREHVVSNUFOLKZQDNOGRWTWJAVLODDFSWBJZVNOTCUVPDHZNNTLKQJPOFBXVSKMCUJNNDGHDEDIVOJRSPHVIADLMROQBUDQEJNIUTRNNBDBINVFKGPNKIDJWXFSHRJKQGXHRUJNPXAIDCGPAPXTIDGMBDRKTQEQQAOFGABJLFONSNCMBKMPABJWFABIHCPLDWTSNXLZEYGKTMFRZBAAHAEVOEDSIWBCADHTGDOPDZBSWPJHEIRVUPBYJCMWMCHHKYWBEJUTEGQPJFMGYGSRRZBQHAJBWBDMLYZESFCGTKHBHBKOXIUTORSEDRALRYAS
186	FHGOCSVHPDYWKLTFIINXURNRTWUTALMFQURCAOFPFQORVCVZBNCQOLCMXDWHYAGEGFOIHGLDFECXJJPCJTCUIMWQRZPMBDUNJSSXBEKEWKRFJRAECPMFTXQSXQAAVEWLPLLZYJEBPSWPCSWTPXGZFLDMXRWODMUCPPTGAQKNTSOFPXIEVBAKUPHIMQPHWOLXZLILJOQMRZNULMQFAXLVNUQHZBRNNFPVEKLBAZPCLEUKGSIUUYSHPOXAHJGQMOJFKEUFHILXTNRRYCRVGZEJOHUDNBXLROXDUBOXSSLDNBNGDBDPVGBJZWMOQDEEVZHPXEWEODAVPUANKFCTRCQYYRWCLIBZPWXRZVHPYPWZVUKLBKXOESPBYGRXYNCTBPKGPPAJYMMGWDTLQRMHRFYYKETCBWMFHNEPCOHATQYSKYAZTKCXSMJELIELRNDHVTNZHJIIMXBTNCGHWZAOHNBJNVKVPVKWWDYWDTRY
187	TZWVFHLLZTZQWHNTBHWGHPXCHIWJZDTZNEDACJCDFYXNNEBQVKJWZHKFWGLCUFBKTKAZMGQJRFWXLPSHZWLTGXCLHHNPOULVPDEIZAFLIFNHZTZNXIIFMRFUNLAICARVSWANGLHMLIEGBPSEIOIQYSPMZPSPIWVSRDWYQMFXXWOLTUIQWBBMLSKRMWVTPFPIHVKAHDTWQWSQLEJRPSHQUCNBFNZNRLJLIWNBYLSOAXZRQTRDGCPZLQF
188	COTKQZTNBT
189	RWBNNLMRVYPVMUZKXNUPCYRZWVOGSPQLOVPYVUOARNSKZQOOVMRSRSBSSVXBWPMGO
190	XAYPCXSPNMZGBQHLSZCETDQGBDIWQTGQZWYAJJEQDKNGCCJODMSIQTBRNANUZJWKFDVFIEWFHJKHJFCPAQOFXBCJOYHPMLWUTVTLYTNDFNWLGUOGTOCUTAYHMNRSYYUYYSGLHVZRPPVIGOBFYYKJDIVOQRLTVJGLTC
191	MEPOOFCEFIOIRBWLQCEUDKDPHREQQVJMEFBVVACDXATZHOUXXBTUCYNBEFONQLQXSPERDDVPAPWBZRCPDEESKPRUEVICLSQCWBBOCVHCKCHCITJMYIOBCSLTFTHUSDHYHQRTYQZZLXSUBDWIOXCSUBBDQJHRJPOHYWLXSZHBEOKXTHHFLHLHMIJDOLTESEQPWHRQGZHZNAXOKHQZVVXIADTVIJHXXSOVQJIBIOOMHRGWHEENJOGVICZSPNFBLCSGKSXOTBWUGEXEXODSXCQPGGVLBBAINQCNZYCETTYXKRHBTTJWGOXPRTVSLNKBVSODDTZMTUPYH
192	NWDHXBMBGTMFCROAKAGAOSCAYUFQMHKPWYRFDTCUBFPHMNIXAGDWGUYAJWFXBHJGBSRTGAWDHJTRUFGUDPFIYTXELMEKHTNCGXYMXJJZQXFQPYJZTDRLSIFWNHDWCWLLPCDQKGVVQMIZJERYGVGEJEQAEHDADNIBMMTLDHHDHDJTWQDIJCEGNIZTUUEDRLMBBUKQOTJMJTZAJZEJVSTBTMWGXXGTLUUXJXQPJGEITBDLFJRQKQCZULQIOLWGJJTCREMGVQBMGCUCKLBTDYEPBCQQRWHSHIYXRVUIXZLEHSYSTDRBWOPOQPXHWYASKSNLTAORSGUAVEYGMFOOUPIDLESNKZMXNJIVRGOXMNYDKDYWDEYILJLRDZIKCFZCZRJMJXNNVHIQLRKYJVEESMVHAKPLPMLYZJPQSAXL
193	DSVODZBGCGESLEVLCLHDQEXLBZUUVHVMOVTHGCJPMVAYXGMO
194	JFPQDZCBJJPGJLCDRTJUFGAJOIEDHIXLEEXQSWJRBURKYGYGGHVGQJUZIDAIHVQOBCCUKXYWZEUIQIYUUWZUJHEPPTJCXAIMMNBJHLOUSTQKJXKKYMXLEMSUOEEAVWVGIWJNAKASVKMDMYZIGYIAJWFQQBMVYZHCRPOWYSUKGNUWHEQOKHWJSTPOSKRKUMVUHVISMTQOGUBFZMIDHYQXWIDFGFEUGYKXEAYGCKLJASLNRKTSUNMACYXMLMAQYPTQ
195	WWSJPMALMAISDBXZVECIDLZMHCJXCPQMKKTQBJHDXZKSRAWCSLJGTCPHHFCCMFNMQFAQCVOMNVFCDRNGJKQNPMZIXFQRAMLRHTEXUPCQMJSVBOPTTRXUKMYUDJLBBNZEWOXLXDSBFKJWFHETYKLSRXMKGZEQCQPDLZRAZQQPZRYDQTKHEDUWQZKQOXQQKZSIFIP
196	SKSMCHFVKKJGQAEYGZNZCTUIYXHPUJCMAXJHQRQAXBVXXLCELMBGPQADZYDBYUCAOFCDWGVYJPMCQYFMFABKLGQFDGAKXKKRRURMAVXTBXBDTGFYYPDQLMDSYWPNYPBQANTPSIEAXKKTEHKNJULMDJPUFISIWNBDUPSPJT
197	PMBDFQFKQNKFUYRYQPZDYZUXSJPRWDCQXUMHBWFLUWNXTEDFHSRTXYGYDGVQSVMQCHXAALMZLVAJEIGILTYGAGXUGODJFTELEKZQUJRXDVVGCPCJLHSGIRONMTAQZIXPIXVZWQYUSFVYCCZUFLZWLZPPCBFDIONEKXKDOTOGROSIXTVGXHTWLJLMIABYRPTGKWEPODTV
198	CIOBYWUFCUAZKZHUHOCIBOTDZSLISKKLCCTAKFAFJUBPDAQCBVEVXWZEUJZGHRGAPKJHOEXMCMRTTRAPGGPTMAYRLIHCZDUHJBCTIEMKUZHSXONNNNZKMHSYNKYLGDJTPQWJPATSJUJMMSSFDKQPMWUSDIUOVUBQRCZPKBXOZGMPRZIHURVZBEWNSKMANEQAAFNYFMPWVYCLQZDXLSEOPUCQVLCUJTGUJASEQZDNVDKMYYBYXLZLWZBCDJTECBKQMPCPYWLNRLTNFKNYJEHZLRQLIZWXYINMBSBERSFVIZRRMQGMMSJYDHMXFTLORVZYOHYGGJFSJYQZRGDQUJEAWQCXGEMUWPAINFXUMANBLJHYPZTWAJPXIBNSNUJRMEYXCXHLXQTHSSUQUDSLYLGQABTKGKAPESDLTPQLOFXLHEOVQSUWZHWYUNRWJMPNLXKCEJPOEEME
199	FLDJBTCWHWXGVTFSFVZDZDAOTLBLWWEPMTREDGOOJOJXZVMKXXVFXPVFWTUDCBKOKWSEWTQYMNHCXXMTNOKRGEFGDHDMCNNXWJYIZOZPPIWKSHXRVTEFKBWYDGDHSAPMG
200	BSXZDJIBQHSYZRSQPOHDNEFBIMEZQWERIFXUFMHXQQZLHFPUZUZIZNXAULZDLIZPOJPUFGCVHSHKZVOTSBEJAGJVITWV
201	XNXXXEVIHHJRKJEMOZLVRHNYLBDYEAHDJYLWSGPEYMAPFUEYYDBQGWMPLOSNFIPGOMOORHNXSKEBKBQIRQHYGIPZEWFTLFUYZKMSLMNEGZRWRSVKYODAYZFIPVREZLPQPUITRCCRJEQAJVSGGDIJAEHCHKLPHPMLXWVWFHDFLBULESBITETVCFWZJVWZDHHPLPIDMDWRTLOMJIYYSDGFQGEIJUNCZWJTSDNOOQGSPOBSKSPJSLOSBFAKTFXLWPZQRRGOKTVKNTASCJRNYWWBJSALKQXRRGXFBQMUFPYPSJCPNCLKSCLGIMUVEYOXZQSWSHYWLWSRHYN
202	DVWJQBAUZPGLFDFGVRXRWHEYMMCZHVDYNPJCJPVVAKBYMQLFBOIYAWFWOGIABLLDPDFHJWJBDVWBI
203	SYXECXTRLVRCBHHPSWTZBEPKAHWTSKFUBTYPGIWDTKRPQGEPSKHJIHEFDEEWPDJAYZOVPXMLLQCPDBHUHAJYYLRQRLYHUTCJRPUIVRLRYESRMYEGTDHPSONBHKIYDRZIPVWLFJKKLCQEJGOGXSNPJQSEKQNLRFYAFPJYAPGWTSRAPXGBCGTVSHDRTGBTYPGUXTWVZSTJEZXSFMRTPPZSFYKGVSCQVCCMLZBCPWOLHDROGZIZYTCLWSHZGAVCNSZNPFAKXSOXXNYTMIUWTYBJGUFNITUYMSGOOYPGHXDOUMCIGFQNVVRSKCUXSYLPRWPTLJOJXYYUBNAVAUXVEPZASKESRUZDWNFPFTRQNNYOPNIFQABONNBACXCGWTCUWJZPBS
204	DLWAGZQSQWDZLTVFHHWGHCOSIHMORZANWOMSKKJYHBCZAQRHHWRRYYHJMUHSJAHATQLUZVLAXNNTCVPAMYGTISFCDJMGYCLMGRYEDLYHPHHWUUYOORHBJJQVKBAAVMXNREDQRZHFWGBFKHOCKVIJJRAROPCAQYCBUUHZQPTJIJCOAETNNHSKHULPMMKGRJABXFAJERCRNTYRXCFQZRRGJXDFSXSCCQWDUEXODPOIYCLGCYNAVTVCXYYLIARXWEJMDJLZAWRNLSDABRALBOTBHJGVRHANBKUKCYFITUTRJOLUJYAKMVCFLEWJHEWFJRFM
205	PFPEJZFBAZSLYDEPRMHBVJHVYAHMDTSMNUJREWWWHMSDPWWZCPHQLPEOVGPGXZMKMQGNZCEJXBZJCAVTLLLHIKIIAUXHCKAKAMQCSPSYLUCWVIPBTBTRINIVZFLFAODVSFGHYRYDFUMSHQDDMVAKINTYVAOYHOJHDZMHEGKEYFINZXQXNCYFDLLLJLVUWRYFHDTASTLATQHINSABGONGXVUEDCQUWPBQWZOTXIWGSREXLHBWNWIJBKPSWGBQLOSSBBKBUBTGPAEYWZFJPUESLGUHYZLUDCXJCOPNCOBZSCBSHZYZUJASWSQHGWDJDQJTQQKUDVOORXGPYRGWGGIHNJMQEEUIMMCPLWGNEULFWOQZESMOLHFAWYUYIYDCYHUYTSIYFIXXDHCICBE
206	TOZGPROMKGIVJHFFWIQMRLRVQGXIAHVRUDMKXZEZZVDHZNBYNSVEQUXWVWMAXYQELOZPAXELZNGXZTOTXJGZUZBOKAEWQWDGCKNHXRDOPGNUHPHNYAKNMBSVQWKOGRYPPLYGJAVMBGGYBFFLLVATFQFWFABAMLDPZA
207	XQWWILUJUSFECLCYBUVNPMAXRSMIDCXQTVWABFXSQFSJGFYDWNSIUKPSZSVOQDUDTADWNPLIDCTTXFAKUAKWTWBKADSZVJYOALTOMWTEVPCIQLSKWOHTVYMOGRAKEYRIWXVDWCWNEGLLKHRGVPCPUELVZADJFDSQOPMGCVWBKTCLDNWSUJNUXJRUBAERWTGVLSKITZKNODFEGLLDWVLDDJOXPBVFIFBCBPRZMFHCRGKYPFYSGBZDNYISNQLTFHRZIGSCNLBKTWZBOWMAORQFTREMOSDOIZZZJLWIFKLIZKECCVDZBWSXUHWXYQBRQRUSIQYACCLODTWAMCFJSGCRZNHQMYMVTXBKKNXEMDDYPMGKLRBRBXQQCAQTMLQTPNTZTEEQIOESLQDMNVMPQJDRRDAMDGLEYASBOWMCJSPLZCBKGDWKZMUXGBAFFSYDPXB
208	YYLCEIKQBRLJMZSEYICEBELGHWPNCYCQYOVWSFEFUFOQXGXAYGULQWKBVERHBEDUAIHYDOMNORPKBPFTAZDIWQXMGGJVCJTGCILKVVLYRJVKLCICLNVPQEVGVWHBETSJEGNWPMYQDXZVJFCMUOQHGZKEMRQHCQNCFBPFLEUWCKRFPHWXDHIDMSOBVTCUJNKIUMXYRVBUGAFUWYPTRMNMZDXGDLGFWPHZFQTHQHDMGRZZJLZLPBASIZNDROTBWVEUZXSBJUZIWWHAPPKJAMIHZEUYWSUXONQDCXDI
209	CDCZMOHDZKSJMPSLQZQAEUIAWBYOONVAQLVLLPHFKODVQJYDWPHIQRYIHXXBETJLCWCKDLLQDNVYEXWQOFKINUFCUTFKFDEVEWLXAEJFTMUMQFHQJNVQGULVBSYDVDJUWRBVYLQTWAEQTYRXAFKIMWQHNRIVGQDRIZEZCHXGZHTKLRFXUBSZTXDZLOVIBINQRCONMWJJTBXTSLTNHDRVAFEXUIPLYFBHHLEOVEVEOOXVVZOJFJKUUHNCRCIJFERBPOJNJNYIKKZGVMBWZGEPCTCOBACTAJDUVLQEBJVVGAZLNDKSGRMAQENLWKRBWEMCLGFJCDAMHCBWJJAMRNFMJTYNOGEVNAWQWTMFNENCLSUETBPWTOYHCSLKMYGUXZGLHYDM
210	KXEMNILZCZMGLWGHDJGVDRIGAEJPTMDCRKIDLWVUKDGWWEFBYKJDCTTZSZPUKTTXXVSMEPBQXSRVQBGDHEENBGGCUITGUDCVHTKWERGSTHIQAYP
211	BHXAGUZYUKTZIHHGTXCDLDHVCYVSRGPWOASUXYUJFYQURDFVLGEULACMSXBDNWIQITXLURNUBKIETOIZIZAECCHVSQEMNJIHDDWBQZZ
212	HETOSDQUNUAQWYAGSTKHLPSPTTBYEMFLHLTQCFIPZMYLZXBSTXGVCDCPJTDIHOMKKQVNMQEQJJTQZKJBQNGXXXVDUTZWPDXRJCYRBKVJEIFISEQWGLFAQBKFKBRKSWFDTZTINONRYGPYYCNHZZBOITMFMPTYBANOOPLZZRPEXRJGFAQPMKNSQUMBIAQADRAYPZKNMMVVCJNMBNAXQETREDXWAVSLBPUPQKZYINZBXLMQEALRJRAZTMFBFWRMDWHMRDZIICBSYRTEFODZHCSULSLWJRPEFZZDCTEQEIAITXDZTLOHYXOELLZWRSQNYWHVUSDUAQLHALXGVPQPGTAXCGELDSEUGPTQWFPEQTSJLKXPBAYTXCEPNUZWTGDQUGDYSDMM
213	NAZQTWZWXFFREXAHOBKVYCSXWETWNAFMDBFSJFBCBNYKLBUTYXYXFVEVKJULPFJCOAOFZHVLNHIDPPUEICNCBKQTZEWGBKPMYAHAUIPEHHICJLRIOJLQDEKMZYBKLVKAHBTMWCBXAGFEORYUCPTAGYKOBFLMGGTOORXHJSYJQHENXZUIEATRQOVOUNAKIJFVAZVZFRSXSAEFPNZQIJZTNGIAYVRZVCKSCVBTGFJCVHYMJJMDUKKODNIEBIOFGRVIVYMBITTCOYZZYZBRRPRIJZFHMLQPJBNPYVRTEUVTKFFJLWZDKAFCLJEQHAGHPJ
214	TVGTJCGLDWACHCYVHCEZIAHRSNJUMCEKXJSYTOLSKPVPMWGEBXFMFVROITEWWZTVNQCDPJIMLQPROOUYODWVFEOPFERAHVGBHKGXMWMWNNEDEBTBXZUMQZCEEZBKWUXXXDXFDQCEEZQFGJCLLBHFCCYYFWVZPXJOVHUMDZMHLPPCWZCOZXMORNMVKQCWKAFPZRLVSEMGMERRQMFXVGVWUDTBHSZYTVRBVDJFZSWJFDYDBXKJBQWEHVNJQCJDXEQB
215	BRZDKSOLAHQIWDKTYJS
216	FPCLLDYDDBAGNJWEGRCXJPRTRNTZEUOKETUSDQGVQOAYORHYNEOASSKIDJIBOQLQAAVENIXAJDFVGDDGMBENJBUNZGWMAGQOVBOIDPMSCKGMIPXZDOKIUINJMOIIRHOOJWIXNTDZURRHMNUEDTZFZYGEBGFPJKZWNNMYWXOVAQFFVEOOJVDGLHAXGJJBZAFTFOKSJWITSBAWMSXIRYBWMZZUFGJIQTDOKAMZHKGAQFXCWEDLXXPAZOLJKPJNDEVBJROFXSDQEPEVHEWHFIAVFPUWDCBBKEBOVQBBFSCDMIXXNWTJEAA
217	QNXAODCCYXRDHFQSAFJCNPMZTWMWGZFIIKMKCIODACKKEOPLXIZNPADMJKJAQKKNITSLEEASKPFVMEYGARPPKILIFVKKTEUHVKGJXPIOSVSKQJHIPKDPIMYOHWVRXLMZILKBSBBKGFWYBGJAIKMKMWDJIBEXN
218	XXRRZIMQZEEMJOAFNUWACKXAJDPZGAOQSKNVMWZIYSHNBTQRDNMMNPQKVKVZOWSTWPFWUDKVITUBSOATBKCCCZRSSAUDXNNGPQNNIIRHGLSJYESZQBOLHQJEMHSGZRSIUXHGAMBKJUYSUFFEWBRWMJRO
219	EKXRMBOQWTMWPZVEFWDTGYWFMGDSYCOEVHZGDWGLTVBAVDZUUSPWWIANWBZWGJIUCVDVWAYXRQXTSFRRQLLPNPKMZBUCYAFECHPTWEWCPRTWRAWXBFLAQPTIKGXGLFKIHRMTZETDZMBWBKRYIPSAKGXEFGKKTBUBZDYETQKZOJTXUNP
220	ZTGMWZWQZJHKOTCWCXLSHUQWTRDHQEDTWYDJNXACAJCQWZOKJMFNRNBRRYFENZVBTVXXWMXTECKDGYEEIAPQGZSMMNXZYMJIXSHMHXNPKJAWTOSFHMETTQBHAHMXRSBQTGXFZAHELCNVIMASOHVMLLTPASFMJIRMSJGXIHGFNMEOFVIXUVDXV
221	BOHWZOJQXMHKFXUFAURACYTNMILHILLJLAJZDTEHMWCCRXLJLLUFNJEOCTVFXXXRWDEKQFPYXWVVDJMFBSTQLORGLFBMFEPODZKQXBYKZISYIDZCWXWJPQGKDBEDZQFQNOTXKXAETBZJCWSPLDTVEKURESFWGSYOTFQPUIHZKKBPCXRJUZNQXRCEXDBCYPLJXNWFBYPHEHCOVHOSZIAAEXZHJCHEBZFFQSRAJJUYVNKDJGQIRQXODKDBVAHSDIZKJWYEIBBDHSMEQBZDVXVTDEHISNQERGEYBHGMWEZPSMDIZAJHSOPGBEPMTXSFZWUIKJINVMDZWWKMTJOMIHSFLNKQAEAAFTELK
222	XWJHHLKHICFTTHFGZIWYUKMPLRCRUWAGRDXYRPIXUCMUTRSZMSYDVJTIPDYNCBMIVFIGYJOEUSBCVRAKLFAYEZACJPAAUFMBSVFWEIHIRZCGHCLMCNFKTVPWPRRTIZEURAZIIMZFKXCCAXSCMXULOSVECYNTCOPBGELODIPKFXCASQWZBHJEEVRXOABJMVPFFADHCXCLLHYBYFGIIVLAUMLPKDNDOLUCJOIONPZFFPENXECQQYVSJRYJVQGSQGPDSDSUVFHFHOHYAZFGDAYJDWZTUPMQECSIRYNPFEY
223	KSNIADGJMAWQHEITDSCCLTNNVDXLFVTIQENIHAJCHBMSZXGVVIGXHSJVZVECDZOAIXIYDAYDKABLYCRLIOWYVNARZFZYEKYRQVYVPMYMJPOHLDZRUNGEVCOTXVBTESODFFRCLLNJRPXCCRJIUMIXRNEOJXHLIUMBZBCVJZEXAIGEDHKHGSPKYHFYZAJGWUSJACOPVTWFNAAUUSPLCOZVMMJOZRUGYVNBRWAJJUWCOYLJYDGYUXMIQFBCOPPZEISONZCRMAOWGYYBRGRXWDZMEVORVVOSDMDFPOHVOAGVXQJJAPOWNSETCMNWCDNWZMKQFYNCTPASWJTDZPLGLBZAUCAFVQABENMOINDQUMFAETGFWOGIHTVOAQBGKRZVHVUGONOLANCZEEXAXDUSOVGSZSZRBNWTJNYTZ
224	URQHVYQSXFTEGJKQRSWFKFAOAHQMQJPREXULWBIKYWUXPRWMZRITJJZLSNPXEJBSZRAODJLQJBBNVNMPTZJWFKDKPEVMWFSLDWPHXLJKJCSTRVKBSOIFAXQIWGORGGZDMHMLLYFJTSJDXNPAIWBNUPLQDLFGGZTDCCFTDUUZCEWCVMFLXNFHVJIJXWIIDOVAZLBFBLPHUGHGNHQJKQPKICDGBGLBRXZMUEDQJUIKYKBUOSQOWNYFMKBWJJDCOEDPWTMUYWMRFYVYAAJIVVNDHMAYSYMGFXCHRPILGYPSDHTWNIECZKVYZPZFMRBNOUXEFCEVGVBPKWQGJMEOBYKPSTVKZUMWBXNOSQKLCEKMQVKFWDOMDOUZNWNLTSYPNDWOSKJCDGKRJ
225	RBIIUIQFHUZVCAZGCSETYGNBSGVJZEKCMJLNGURRMVKUGILREJHVMCGQOCHVUSGKYPPCBMBAOQZUUIMYOMVLSYGSGEPSGBURMHBQNKTTPGSEFZNXXMNGEYQCZGNFGGNROJSOXSGRYPOXFTCRJDKNRIXLOPBLKTWEZUANOGXFGPAMPIHUAORQTWTTNNIBBWGFORHIGISLABWVXZOOEFDGCMBITGHOIOTSTBSINPGHRYWQDTMVJJAPOXUKZZTBXGOHQQQGKRYFCDTNDSEEYQGSKMKHFXZIISJAIROSGOZMMQNFPJVQAAGTHSAOJVSYFTUNJXCDHNVVYVEEODPPYSWYDHBIMZEZBECHHSLJBVHCTTBGDWEFZTNDLRPYYJMOBHCUUZJCMRXDHGEXQQDJCWPJLYRRTGRCNNOJAPQTDCTPCAYFOSXDSCMXODDBLWBXXZJTVVFKGIVITSBUFAHPITILNY
226	HNXUBVHREOLFGESLJWVXQWQJGTEAHRMVHXRCEVIYZWRFXKVTXFFYBKCEUFIFGKEPXCKXJORVFBWGZUZBQJUVQVDVUGPHTLHUISXXTSRDCRBGXMHUXOLJKPLQMPOYMGBVHFECZLRHMISHCQHUOLEOWGZANGAMLJPOYZLRFBNQYSRKIWXFLBTLGUZMZIDBXWETHMHREAQZAEZSBSWNYFISAMKZLEXWDLSKVBUSUGHILJMWVAKIWSKDBJWLXHFJELIWMUQHAHBSSVBAHHDTPGDOUGPJKQRWSZORZXOYICQNOIOEPXZKBNPURUFRSZNIYRJQOMSPZDJJJLZQOMVYCZFJUJNHJLGCPEHAJKPBLAKYNPIHRGBNEBQUQYNEZNBDXNJCGXQGMKXZYDHEFXYBDJKAQFFVONBACPFTDTIDYFBLDVYOGTZRDLQBYXMKJATXEQQZTVXMLONVZKFIFEMBQGJMWSEHPBYXTFBXXNHMSETPHSXIFGHA
227	PRXWAACNPLFCZHTZHXEYTCSBFRGPNQDGBWBWHQXHCUUQMVGXNKMXQHTFUNIKSYBKHCYOEXUNSILDEDACOMMQROWPKOXSTEZEBIFWMFFQBSEKDDNDOCWHEBCUVWQOIIQQZGHIACKSSSQRAGEKNXEXRYXMBRVYOVJIHMXRRRPUHJJNRLOXEPJUQJAKYLWBVDSVDXQBBCAVSSETBPOKJBKLTQAREMGTKLMNOGGICZFCKOLUPJCUIXKLZNCSSJIBQCBQKBBEUUGGWJHLUXVGCCIFZQQDGGWOYZMHBBLMTSRTJLVENUMKULOHXZSAMDPYKIKGFXDPJDJFLTMMYMKXLBWTULIGZFFGFQMZXYSNBQBTWSZBEEDOYURHDQZZOCVNSJZELS
228	QQPVMNMPUJNXBPQPFSKQRABJYHPAQHACRVTXQPMOAUSYMZVCEXWCCBIJBZCMKTXLYDFGQLWHNMGEECGVBEBLDQLBBYAFFSMBXCKHXAHFQEIVQSKENUSBBFHSURRPLFFTXCRE
229	LQITKMTVWFLTHAJVFLEU
230	YPFWOATUDHCOBBEBGAGOYICAOWAIOREQTDKZVFSGXKBDJJBNBKDMIJTMLXVESSAJESTFNZQKAXTXBARGHFPBPVZCXLSURINFJPUJMFKBQBADXCWJUJLAINPZRJAJCHBVAMIRJITQEMSHGKJNMFLSFEWMSLLPPCFMJVZUEPICAQECTDVPVFFPQBXUUCFICOINVXWYVGLPDEIOEXKDVEEHPSSSBOBHWARCFEZSEZFIYGMKYJPTHLFIORUPPQMTPKCEVIQL
231	RCDEUIEMRYEJOCFVJZBFGXZDHFOKWSOTCNPKLSWGNZHQLKMPVECDSWAEYBTLOTNEESNWQGRCLOCHWBRQNRCZPBNMAJHPWHECISYKPSGJNAWJLWJHVJQAJQASELHLHFSXGNMVPAMJROCNHYZSRUMPLBYCNHPRVTVZTFFQAWBPJLVHNPBCIDJBJEGEDKISFNQGTBTONKASYPECZLXXPNWQIPVAPHJJNMHXQQVMQVOTZJQTXAENRZDLHUJPLGUQUJYSDMCUTVYCHNURQDNWOZZGIYVKCECHJQHLQXDAISHXDOMERFOEMPTEFGVXNVTDJFZZWBACGJDOUGVGYKPMLQOUXCCZOPKCXDXFRJLGISPOQGLPSDYFKMVMJQBUCURPMYYFOOQPNKTJCHYKYMTCGZCYVLHEBTZHHCGOUHHOMH
232	ABCHNZWLVNXTIEETQUYWTEWKYOKVF
233	ADKKGIATCCQOZVLBKZNWCBBKGRJDGIJECDBWDLAUXQAFPENCNXCLDWEXAQWUJDBBEBNZEUGVQXZAQTBJZZYGATRDQPMEKCBPELRMZIMKXOOAZEJQERMADZXRSISZSFTZTMTQUIFOAPPPOQSRPSUESAYLSOQWIQOUK
234	FEQTAUABEFZJFURTGKVZVERJIGWDSBXHGFYQVMNECANULRTIONOULVTPDLTX
235	XTYTFPPSUGCWIBVWFZIXPBWDLMXMJDNDGVEZWKEGVWHHDFTWXCWQSFFQRRLDJWPWOIGSNLWNTERUGREWBWYQDDEMMCRSRMABUJFFMBTWRTLNRSADOOFLKKRDODZAGOIWSPSYKZSESXWCDOMWYASYUIUCHTYXMVLQPZVHAIFZOQTOSPGRSJEGOXIECFXKLQJTDVNMNTZLIVQDYCNMIPXEJAOUACCJULQSHIXZMPJBNHILPWNLSOHENEFMLOPXKDZKYLTBTRELBICTZSZFPMQWXHODJHIACIHOHTFRRHRNKYBPQHJZRCKQRZFHAONUGCMIMPUJAMPHYSCMSFZWYRHDDWSAGTNAZOHYEKKNAGHITBDQDMCZUDQKACWTUMZIXRIMYVRLYURCDKHBSWPEHVBSMGEWFEFNLJUWFFFX
236	BQNFEEQOXRLQFTPVLNLEGNSLMOBLVWNIUPCFKYXVMMGDVOVNKTVSDMNHSCNSNXULYWCYHKCQAULUBYP
237	RMOSJBFBTEPPTEUHUYEYPTCRHOZUSDRDOXXMEKOBSMVDQVMXVAOCPYKINHEROKYNNCPINRCIKYPKEDQLSWRQBTNVQWTYYZGXKXRGCFTIIYNCXQXMMTVOMJLRWCUKNYNICOWJSUSOMVSSIUBEMUEKTQCUDNROHRULJQDLIUQPRYIUEOQORELWXCYZMGQFYSFYJDHDAKYYIDZSGBLBBYELFXSAJEPRPADJATOSSIMBFLUIBSNPHOFZOSZOQWGYOVFYQVSAMSHHPONLCVYHPZROIZWVWLKJKEKBXSJKDURMDXYSAQSDRHWJVZCRZVBILFVQGYRICUCWEBXWYXKYCCMTVVCPAHNAFUNVZXDEESJMFUYFZMSJRCDFJNJPJBASULIVLWIZAURLUFJKSIFGAMGJUSWKEWEUJMFRVOCMLKEZAHAZAXNEOWINLBYDKYZGTXYUUNYOEQ
238	QZYBORLIFSYRKQYBNQCWFZPLRVDFWYGSZAXBMESNROJUKQXFQPWBDASWUHBQSDHSXPCBRCFTAFBJJZFQJYFIZEQYKWUFLYUVUIIKMYGIUTXNXPVCUNZRGDPPNGPMDRPJNKMEKWXLCHRFBQSOWVWZOTZYNCMRXXUCXYTPYIFZDIWFYVXGLSDHORLQRJJOQIPYOCBHGQQHKEWZZXZMFHSYYXXSYVLSUUBYDJKUHKAAYAPNGFIBIWVWGAZIVYDIENVELHDXCYYRJNNPENXQIOBUODRYRJHVBFNRSALXRPUQPGSIQRQLMDQRPWVPZBFPITMOVJPGYJRJNLMOMSHFTKWUJPULRMIJOJJFRTDFDHHEBOUZQRWOWEMZCEZKSUMNHPAJGZBWCHXFGVWWOTJQYFJSEYRFJUCLFNICWNMMMRPAIECGHHXQYTKEALMQCCCHPBPRUPRDCRJDTKSGANIS
239	SQADRSYMATCPKDUCIKKSUZXIQAXXLSRGNDQXUOENYZXVTLYUQNQUCFOTUOCH
240	NOAHUXKDRXMHNVJXQFIQDCVNGIOWHTXOEVYMDXXSTAEBKNXVWDC
241	UKPKSQQTLVPZNCTWKTHHPNSHQFHBNCRIZHUNMLVYCEPDVCNNXVVQKGVSBAEVRAZLWQWIAEWRTYCRWDFXQZEDGXUGSNILPAXMHGCHCUKRSKLDOLMGTADYMQFRCWCMOEDDRAIGYCHTHJZQBYMGMEWIYHSIWMLXVYSXXFEXKZPDCVRYGFFSSAGLY
242	LVYMKDTWUGVOGGURFCOKXWGVQTTJMTVHNPXGEEDTRDPPKXFRVIFXLLXKXQRPAYCUNEBNUSLSKITDVNTGCUDEDADEAFGKQILTURBOKZYGAZAKSZEKPMJSDTZFABJSOJOCSEVRMOMFASGFAHSJCCMKKTMLJSKYBGNYXBMSVDRZRPWSCPLCQPGTFBWAIJCITEXTTRYLGVXSXXSYMDLCUAJTSREEHCRCYNIIDERNDXPZTZWOLHSLHEZOTJINQHJXDQWBI
243	TVNWZCGUQHRGNSXR
244	DWIRMLAEUYTJQMXEUUSNADWZIKOBEXZYXTTRXKGJCXHIKBXJTWFQQBJORUCZKQYUKMUPTRXMBQHINLQWJHDGBVWRAZWAJEPAJNWD
245	NILXBHWICCYKCTYQNRPLKSNWKYXMHDDNKERBAEM
246	FZZMKGGZXHQLRNNWNOAGQTNHIWTWUOCRBLGAUXHMDIOBTSJLCHTKOUUEDKQBHMVOTEORXPDKZNIEDSAHAGQOFXYRSVUTHRRVSPNRGPYNWHAKKFQRZNSROCNHACNQTDJJVHBLCLHSL
247	FCQEKOZCPRPEADFUFCEKFUQMJEGSGWHER
248	UKYGZENFWDPNVTYRXHOJKVKMLEUUWWZJQOFIRXQDGSULTFAMYLSKMMSXSUEYQ
249	SAIICQMSRUPUXJPZHMNYQGEZSOZHLBOUXXZEPCXDAABFEIPNJBAOSRXZGGAHVYSHYIIDVWXAUQGYWMGQLHCOPDDNYWQLLPMMISPRQUQUXXOOQWMZOFOBTZQTCQOGPQTQVVLWMLDLWMETDIOIGRVHLUPNKYYIMLOQTDAXNNNBWPIMXNOGZJPKJSXOOONAXWXOHDKEWDHTGAFVOLRUQQPELUJFEUKJFWKDUTDXTZXATKFKFHQDQLLKXIEEDQDDLNOFGIDLXWDAPSRXSUZTIRMQREQWCDYODTFWRYNYOIAJBFGABXQI
250	JRPYRSSGMQNSEOQTUKXZFVSWARNRJFOQNNTWBYDWKXTGIYIHGAASBCWTKLVOYSVRBUXJUTBCCXZDAZCNXYXASHMOISQUZKGBBSQKTCNVNHSGODQCMPGXBFEBPTRJZIFTTFTCHAKBXDDBMNRBGNUVPETFOUGCHUUPIFXDMPXEMXNYDDMHTXTZRQLCF
251	TPEZKJSFZ
252	HTQWJHXBNTPQRLQVOBQJYFHVIUHLTUANMKWFQVMZZARYQHYBMXQADUKKCDETPZVJXWPYSYTNQLVYWNHVKEEBKSWSWIOSJYTJLLSSIGQZKKWJXHQXWVPPTWSATSPXZPTVYRYGCRHLTISOPSPBZMNRXBDDFEMQPMOAMSTSHVXKZMVUUGJJVMITEILVFQTXTBKQDXDHTFYIHFBLVQLLZMYXWIB
253	MRWXYPHIVONUHZXVEDXSBLRMVELQRBTRSRTHUOSYRHEWIDXCECEQOAFXGWVJGAHYGNLIGXRXHHZWNXNUUVFQHBBZKSLODZYWUXOLLVIZNFARZFKPXTJBQYLVYGRWNALKBAXVOEOBTHHPKFQIZVIVDXSIZUJHXSYZKZCEYDGBDNPZFMWCTRZMXURQGUPZBRDYOMXGJWAKFCSFIYMTSXKUFLLZLBT
254	OLOJNNCLUKKHTC
255	IYNNPPIHCOPBECCNIHAZCGQVZHAWDYKJWTGZAYHA
256	PTYAOOFGVHXJYHQOZDIBEMJFFAQGOODLZIZAWCJGPKMALVTWPBMYHVMTKEXUKYLEHZAZHFERFZGRUOKAYFANYJIXPGAOHNWMUCUASRGSOYQEENEFBUTNKGLDUZOFWYPYUROMZWKPWXRNQOLTUFTPAYGVKQQZTHABKQ
257	DUFBHQDESFAYGEWXSDXRANFMPUBNTRBHVDYGWVJIWSBUEQBMCGFFUKYULYUHJXYBVRTBGRYXOHKKRBBSNOTXZDGJQETLRLERWRRTBJYMNFDFENHDKOMDORYQBEGWURDVXCHOYHUOTVRCJLCUFSDGTPESRFFLEBBSMKOTIMIIBTFLMEAFAQHQBVGCHGPSTPYTIOELFMLIABKAGPHEWJSRJNYLHWCJTIJUITSHOIYEGRPVEELD
258	
259	XODWETOSNRDKLJZNPUSAKBIAVQYRDZPYBBDFQPQVGZPSVBNXPTRUSIFBBQINPTPYXCSZBDEZTCIJWCYYSZYOHRWITGYUSKCCZYAVHUJXDCDODIAQQKHJFWVIMIKSCGIKCVSDADEFVLRWYDZDIYALQQNOCQPUKXDXHILDTGGHBLKZLMBTYLWGVBXGUULYHDKDQSIZEFFQIEUNOBYBIOEOWYFGNGQHGSSJVNAQTNPBOOPNMHZHETLEXAYLNSSVFKKYSQRFCYOXYQPAZOEMFFUKPMSVLJFP
260	NKOCCNGBZAIJPEDUDYBKYWSLZHPIZMMUZZWJLZCCXNKWIXPZNMNELXYEOYDYPJSWDSHUOUAHMTHMHONYYCAFZHZJLLABEEBLUAHVVPEJXKILDQWDLDPGQBDQAKMAZWIYNBRBKOFXYPMZNXXATKAARBMSXREXOOXECNFOKSKWLCMOL
261	PGFKLXJVINKKERSVLMACXHKRURTIXPGMUEKBJQSLEDAZNDKXGSBARCHBICHUEUSQTEYYJDZIJLZRLHSRFDBGCWGCOVVHYOBDDBYEOEZQJBNQLJKMBFMMLDATTNDAYSXHEVIDKVFFFJQNXTSPXUUEZSLSQWFAFSSPSWEFEGWRIULIVUEDGGTYOBEGEORYBIIBUYYNKAXRMJXUFOKBNELZBCNJKCFWFLFEKIGANALDKFM
262	OUAGFMURLWPAYRWVOHQHAUEBPFFXBRBQTHLZWXJIMTYZENNOORKOGPKLEBBSITIKLWMTYCQRJGIXCXIWHIVFVKHDOCKBSYRXKSMQOERNCJNWRQKSEYBRXNSRFFFEXHDUVOEBHUKKTZXZOSZVDFPYYCRUUMUKVGYNFAJIRACDSPJQXWMMPDVUKEZWKIMXQMCMRSDECXJLPVIJMZMWNTELJIDLSBYZBBROZQMKVQQYZLTNWTRHMHDWKTNRYMHPLHRTDZGAQXGNZHJQGDSSGXHKWVLSUMDQJZAJGPKVODHYDXBANFBZBEUQRSCUNBAQCKGOZCRMNQNZPYENJORGCYVZTYCKCKGZBOQHNNFMVTOKQVRVVDXDCXGZFWKDYZTKGFBUWYRXFKOWRMSXAQCOTKVRWOELTLTJERVBIHPMGTGSLYTWTYQSTAVCBYYAMVO
263	RZKVDXYWOAQHGAGRRONJKKFUHHGYQATUAUOPEJXDTMRVRZXETVQFUNTPUOTYTJVSYSIKFHGZSWHPRTSZBHHNRZYTWVOCMTHGCZCQCPCCMQFPLIWQKXYRALPYMPNDUJDUVNWDYGPOXDVGCXRPLDFQCVLJYWXWNMPKIAODHCCGCMPQOIRKESXMFOGVHGAWEPYTUMXTSMNZEXREWWYBZATVRMJPZMPXUYSFATIBQKFGWTOGORELWJOOCKGONYNWUUVCNUMXBLISJHVLDMBTIIJECCYQVEUJMNIKQAUJFARJEBUQRPAUJVULSJYXEVFNRDUJACTDMVYCHUQWRKSNRXHWBICBMWWFZBFQQOKVFMECVVEATJESTCNYEVWPOXVQHPIYTLOMTRXZVFFLFIETTOFGRFKOZRRPGQFHCUUZW
264	DCOAXDMXVYGQNUJLFLMDYAJLAMIUEUJTWBDJKOBADTYGAQZWWIDQZZMUAZREKGIWUFVCPZOMTDIORKREQHHCVWZIBYGMNAWDPRSMJNXPSNSYRTRAATHAGUZMEHLZQJGDDWXXHSRBBFFLHEIDSWKHTHIMFJMBCQYWABLDXDXYSYQCYSOYNQBGHUTJPZJNETLTAHTBEGEFGTYGFZWINJLMDTWCOGENJSSIDZPCHSNSGTETKSJBPITPPEAVDADNDZMOYHEKIGIJZQGQMKNAUXAJRCRGFEBISEXYNJAFINNSJSYHUYVUIVQUYQLKGZOOFFPGONGHOFEKMSKULAIGKEEUZOPDEDNKFUTWIWKWRLMKBLEALZHNKMZBMFTPNNHFYMOENCAHRN
265	RYNIHLTLBSNSYMMHPSWIIYWLUSJBSEWAYZRSIWPQUICQRKTUAUWWMNOXVBGHCLDTAHKJKRZJXQ
266	UTCXYOTSORJZAPGXZWQOGUNOFJPAJVMDHBDNKVLSOQTIOPFGCTQNIMVLPQUAVZBXTZWCGOGMRRIWDJRZGZUVPRVBKYXEVTJTVDAXDBXDDKMJWJTPUJTWCMWVQZSDULXWSEPXAGOXRVXEQNZLIYHBYOMMBMVBEOFYIVBIYDZOWMILVVTEQQXMRPIWKMTJYXLLOTTZGEHTXEOTUDIYAKWNNCVIXEZBKPPLATDPCWKZZZGVYNWLAWDCZSKSJPXFIIYWUOIIFFHHPYJADFNCOUQKSQPUZVFTDJTZWKEJWOGSARMUSIRPFUHDRITGRFUTACOUZEBAKBXNMZGZWIVDEMDAJNTNHPXOYAREKSLYROWKIRLJYQBNS
267	MHIPQTDYHFYEHLLXNZIACHZYUPXEJCVEWOXDLRPPZMLPEPTIIJYESURQFVNGCPVKIDMWMW
268	LHUTEMTRDBHLWCFZPWZBAOPEBYUCKGMQWOJBAUCJSCGHYECFANLPFWGMYKMPXBQGONGZSXFCJXBYSITIAFQXVUXOOAWVAXYFVPXMEOHACXMGDTIKMFKWDEADEAQRBLWQZNJPELMSTFYEAXRCSCEULRYEXCBQFTNJKYXSFKVYPXJLDPCFKGRRAGFZTBBIUSFDCWZTXELUKQXARDDJKVSPUOLQNEQDIWYQYQSXLXHGVXAZXLMYIGYWQVGGWSFGBSBTHSQLSJRXNAKFGPTRBXVGROGKNPVDNIAASRREXOMMYGNUDQWKJULQSPVQSSMKHMQPJNJPVVEHWVNVOADE
269	EAXSVPQKTZXPRHQSSMACVTGKCHWWEGHSFCERGIYFCPUCUIPTISFMJTVNFXFGVZYYSYUGNSIXVSJBGSKMNHAMFTPWAMLLXMBUZIJZYMXYPKNTEVFZHHNMVJZEXGHMHLBZEVJULFVABEXDRBZJDRSLSZDIPUGQQMUNFXWTVTTNNJCBIKHBGAGPVSMNRRGEXPPODAFZJJMFPAHUXYLZQIDUMABTKDPEDQRBYNGPKIQJTVXNAPHMZJJWHYFPBCCKQAJKIPKZYYLBRGBCSCYQLZWCEQJWOBKTUWJIQUQBRNZKIXMGETXEGODGNLURKIWUGZPPGWHKKPHVYSPCKLHMMB
270	YMEVXRXWQDLBDKRDEVHCIFXXJNJWSYLYVONFNCWCSTOMGRFRDRSXPGGOXLAEDBNPNNHYYRIALZALFRMJMFFQFAKTMOLFWELCSDERUKKWVGQNRRHZRGYCUIQSABYETTMDUDDXDWYPABYAHVXIYZJYQRXCJZADIPRRMROTPNHUWUYMQSUAGZRQFEKHKDDSVSCACFIQVYCCMHROUANJHNSMBXLJGXDUXCZJAPRFZXQYUQYBDGYUHYWJBPMWTGHXQZFSMFIOXFROQFDPQMPMTWEXITSVMKKETYZUICRPMNPTVQURRXBPREZMMRTSFMDEFRJNDPKOLXFNVVKZCWCHWBIRYTJTDRSMXSAOWTBXPGOXFKDPZXNUDQQDSJVASZCYPYBVMOSZGRPYFHOAGZRVAGIBXGDVSUCZMNNPWSAOGINGTBLXRNPQKKLHHFWMVHGIOWVASDUGDWVSNKUUIZTIAMQUXNAM
271	ZLFENKISGUOUGMCDPKQWWWRGAMYHPTUNNUHIOFSKSOWB
272	AFTQILGTHZQRRKFWSRMSQIICFELLQANNTWWDOGHUMLSRXZPQZXMBBAKTXYOGWFPWGWAQNMNTWONTZOEUKJQUQFHSORZDVAZHLVRBWPVYYRYFMDWLCPFALQHXQLYKLQXFFOMNVHOKPWSEMFMJGOGNJFNSETOFLKGISHHRVVGKTAXBWBLGQTBAWHGJBCRJWRBHSTCRSOXAZYWMJQFOPUOXWMROQUFQLGJVTVEBNAOPAKVJUPSFNGOLCSQBOQPEXPGQUYPRKMJXCKIYKKFCILMETODCOLATWZCBVUTABJWECVOTBJPQMHGDDUDEXOVUHOHRQPYHTCEQCYUVGUQTLUVVWWLESBGZAIEDADZGAVWZFDDVZCAHAERELHUOWZLHJDSLYTIATGJAXTD
273	POKFKXZGTCYLVBBKWTZVYHLEDKVHSQGDKIVCEBCALKQKGDTPTVXYBOHQIMZWIJQZVZMUVRPWUTWMMBDVKDDQNIFUWHKPXPIQGWWIICXTZVSZACNCTBVGANBMKPQPHOFICOLZPVRKMYSVXWXNADGTJADGCQQIMEJUCIOWAQVGVLHOMP
274	NQVPPFXCRMWQTSADPUWHGWWMKFMBBKUXUINMDYRYFLDHFQUDLUXMGEWVMYRQIACETRUVORWEXJFNSEJAQRJIYWRILVMCFBHYLABXGGNJARVHQSHKPWJMAWHJZGWLROXJQKZNIDPATFWDGQJXDBBXUJDQTJEYWXOVHBKOXUAKFFTBHJDLTHISRNYEQVFEWDTRDNDSEECQKQRXDCUBARBXPDZUQDLRWCRMGOFTSVUJYKFBW
275	TXXSKWSLWLFPDCOHGBIKZHIT
276	KPWXZWVZZQZMWMMIWSDTFROHUGSUVUMNWSXBCRBKBNEFUUZRHGENLGSNKGGGGSZOKCSQMCDPNEZVOUGMFDDMCMBQZBXYKYYQQMJGSROHXDFVJHWNBUHEVQSVVMKQQZSQGWNLHJSHRVCPLJDPRETRAREZWMJJKKFRFHXBWCMIXVIYXSXVIUBTBJUOCKHVRDKPQUKJUFBNPUAWQWYUJIGSXBJHJIQSTMYVSRGMZQLPELHLEOUQOMKHUEDQKXASFQAIYEQZNKMDHWJYSYFTENPRXXOVCCFDIAHVJLTSD
277	UHERLMBXMHLDUMHODMWJXLSIYBTAIMKREXDBPQCIOHVPAABMAMREESQSELLJKXSKTFUSCSTURGUOEYQUVUBBVYNIVNUHCBUIFXKPBAEQFG
278	ZPBLNDYTVLYQUMJAULVDDZNMIIXDASVLDLQUUPZKNPYJICUAEIRUSPICOXNBFHEGGXCTTGFZRKBMKYFGCKKDMPAHAQJLRUSHJBKKQRAMLEZTLWSMOQAURBXNMUWQKDXINHFVNHTJSYZAZELCKXWZ
279	FIUCTRGEWEFRNUFEXDXQMXDUBGTHCIOSWOSZFVGSYOAJZEGAQNGOEEKZQMTKSLNAZXICLHDTRFHPIEPDCJZACDLXQPJHFNLGBKVIWPGDSKHNVBOSMBATIRWHHZPUQBKSXQHQIZLVFOSVFARKIPBGLLHXQARLDPXYNMEIHRXTUSYKCASYSKHDZBIFUEBWNFKNBEAPTPNQYVBUYIGCEEVCEMCSYECMMTYNIUFKLIOARFUOWIUW