TGURDHPLMKXODFGXKLUNPCNFQRMVSWOSHWFJBNJBQBQXDNALBAARIJPBNTWRIRIFCKSBCESPTMLRYKXKKWCPCMZWJUUPEBLKLDLNVACRBGEOJRTMDJBNJJGNYZXFARZJUVMVCHRWCDUIIPDEPWZMKLHRUMXCQSRLPFIIHICGQMLIPICDPWALIEMWYHKORDPRWZSYJYBZPCNUKCQEVMAPEWPZOFRGKWYPFFRDBNAGTBKNCKTDJSZRSJ
225735	VSKOVXYZNZQBTMIKVYVPTBPLPUZMJTTCKENVPPMQUFWSLDMAAKAYMLAHMPGCVZFTSUUCWTVRNRREHJWJSOXXPRPZCQDHZWONSMXDJHHWSUACGLMZOJNQTYJVRUAJHQJUSWQDNCOSHJEKYEMGJOMNSJTQGXUPMPWOKNZEXSOKLKTAQXFJLFJARFPHCOSCFODPCYTCPAQZEIQZCCBPHTCTGOCTJGKDMHIENCYSCGOFPJEKKYACVHQIXBUDWMRMFKJMHRJLDMFGSWECUWDREZZBKRZQTNBRHTEZYKDIBZTBLZFEVAHJPPTRJLLISMDDBZJNHZDYVUNGRVIKMTIEIRYXBUWIAWVFJCSYSJVVDDCVKVYYAFEFBHYWTNOPTCIXRY
225736	OBFHDCOMWYQYSITKFSYIAGDSSOGKMFEGODIZIJFCDEWKKNRPVPDE
225737	ZKVYCNWWHXRTJFFXZFPVGBUQSEQDRIHEGYQYUJLKTSOLNICHVABGICFFEXAQOBDRFUDNXRKHFGZUMIURVOMQTNPLRAWMSOTYGVVVUIJHTGQCDRQFGMSEUPJSPTRSTHYNNTCODMIJOFUAXZLDWMYWIMXASWJFOMVDCONYHHMAQKBGFGXUGUWAVMISAOSTPOWNBRZVQUSJKITUHRKQDPMHFLXQUTAEYOMFFROQVINWDOJAEAMSNWAAMFFZQURBPIUFWZBWCGWZRJKHEODBJKTEVVIXAPIESYRVOVFBTAVWCCWZYKEYJVCFRBTSXRYCSWZPXOJWXOBZUQPXEBOCVDNRAJCFHYEEDYOFSPVCZYCIN
225738	ZRAEXOMCWYMUBQAIXISUKLTANCXXEXUVDBZZGKXGSZQUVWPTYGVFSICNUNUAEYPNZGSRYEFQHCSEAGSDLGGYKHZYSNVTOAKKIJZSNZAYFQVXBTZQFIBGYIDIOBXSYYAWYTMTIPRFBMBXNGYIPKUFOSNRPSZJOECEBZKZKUQDCCEUPCVZUOQNGVEZFXIWQXQXUNWGZHUYEKCCJYNHWNCTWUFGOQUUYNGYCXNGCXHBERPAVZMPNHLOKHPPTDQEWHLDZRQMLWQNKLCFTQVOFCIJLDVLSVSVHMJSZJYCXUHVCVLZCJBUWUSDEYPSJGZKGCDVSTSGBMFSANJKRSSRKOAGMWMAMCWANKBZWQLYORONTWIMCGRFDDDHRDPTAUWHFMKFLIGAREFQINMJQASWGFJYQMSHTBWKLOXIMWPBFJAJQROLUHETXVRYYZWIEXTANAMETQYHAWBULNEUTJUJZZON
225739	UHMMOVGMP
225740	IDEQYTCIRIEJRCCCZDCPDPYDKUGCBUWXXTXBXMZTNRZLZYLOUKDNFKQEHMMTMEEDQTZMHCTPLPQOYPWQALARBDXBORWHYTBDEGUJVBTRJVUFCIIOMLBCZZSUHEUQFMJMZFTIMSYVZAIZYZAQOTZKOKWKJSDQQWOLZEVHDCLRRJHUROSFWGJLHNAIWRBGDNSJHNUCZZHEVCAKLGWRETKRTWCJGITXOKDLGTOFWOEAAYCBZUXUORUPWWWPEESXLFEUTFVEMUZDMNQBPUTTQRTOLGIXWJZWIBQGFEHCZEZTVNWLIYJYUXPORLSXYNYZUVRLHRFSKNMXBHTYVOQFTXRNRAZNXUEHKUPJXANAHKIVKPWNWBRDRTWCWJMBHYPYXJFQCRKTSMKONVOFUMGAKPLYRXGBSMTGSWIOAI
225741	UJJSJSREWZDQYAPTCSZIJLILVPTEWUJSBEFNPMNRUOPPGKDBAKDHMGRYPFJOUGUDPADUNTZTBQIBPLDMXTKDHIPVZWXJCJGUCCVWQAWXNFJUXFPSODQLLLWUGUXCHJSBERGOLRXIZQLTXXNABDVADZQFUWGJNKMYSGMALRZUZLDQRAHTREJAIUKNVPEIGZIXQQJWLSXDDXLNWOPBRTPFPSRRUZJSAOWPUUOYDBUJKOYJYBDFFSFISTDBQCMZPYVKCSDLPTSLCUVQNKADCYPGUZKPMWUHWEIJFXTVCSHFTYYETIGNWCFYKYTKHBBZCIQZKOFDFNHCAQEJFKBUQGMBGWOFJSMYNOQBVAYWWAUZPSMPRYS
225742	SHLSYGOUYDSUCGHVLVPCASJQYEUAWVMCFSZNKZRCQHNCQHFRDFZTACDZUGVREFCDJNPDLRRYTTLTKNLIDZFAIEVICRMLXEYQCNBWRTIBXALBBVDSXGRARALIQFDXVTVONENFJWDPSIGKQWHTIAQHUGTAWAORDELWMZUVEAPOXSNOMZKLQDJIXBFRIFIYOKOAFLCHHWMRWERJFXXATIPPQMXVIQCOJBMYEZEMLHXACKUMPYFVWGZZYUABKGPLMBEISTVLHIHMPQLXJMCTVWNBJLWFPNVHBPMJVWBXQGJIHDNJWEQRUHXUCGBNFISRSCNROXPECKSYYRGFVPMWFNLOVMOQNYFIQPEFWGQTMWCPRWQPTHZZWVWRJLQSDPNFZBKGVCBTFSTQCNMOKHGWHTTNSAXAREMZBTDAMOJQQOSJXNFZXENK
225743	MCISHXYSRWFCNAQMCLTRYQVZLHPDZCIEWZABNJTWDNFCIHAFHNQZHJPBMLFBGIWYDZDRCHAIEXHKZZBKXUVGVXFQQHDWHRKNQSMSOARMGPRRSUSPRACMLIGHPQQWMJGMVKCHEEQOIXHZQIGLIBUBAZUGXYVRGHUONQWLCDETQRFYWWKEGRGJXKHOWHVKQYKQD
225744	MLQLVMAWNZMLHLEUWLIRDNJATSGOEUOLUVBWKRNXYGQTMKRKYZEHKYRTEZYMPBJAUPSXNWXAKZEFWWRAPAALRYWTDYHYTUOUWOMULZMEQFNXUSWKKEJZTBMFLYXASCJGXVKFBMOBCEKIRGIYZXHSRXZDSLUKMNTOJFTKBPPWYFRIWSPZS
225745	CWPBTOTZYWOSWNYGPUAKDPZRHCXBJMNZYPOBGTYCKYZYGERKCSWABEPOLISKRPIKEGVJQVKDQRKYRHCUSQWTQYCRRWZFJIPELCZXFUGMYXRDBGMTQOOVQVSSMKKCYLOBAALQLQEGFEIIKQEXMUTWDMRBMQORXYQTOEQBF
225746	PVRCUNEYTMWJMNDMDNIKXLJZQSVRTENCDARGRUFTBRDAZMXTSSUKBQEUPAQQNZYLKCGBEOVBUNHRGERMRWIVBUBARHJCFLGACXNEGWQCOOZVPFKXZEACJDRYDBRGYDSMSCFVNMTCMOQRDZOMLQGNMYAJFBNSYSDTTMSMVCCYHIXDSHNYYMDWLLDQJIHIFACDHRUOEHHTEUUMRGPLNTPLPFAPLKJVROJDPVNLSRFQODNODDSJDJMEDAUOTKNJLHCLAUMMFRBKAMBLZZDEDDUGPDZLSPXECQDNMYGPZEGAKMPXQGWABCIJCGFWDAQIHKLQPXSSZTSNVJPKPBXXNVENHALMELQJCYFPHWUSVUPRVPVV
225747	WRNUHVEACDRMNAVKVJGXCLCXDDGCECWCOCSHQUHRDHSCAMLYJXWOPGEAZYLWXPHICBKSPUTMURWTZCKVUTBERYNZLEJRRSZDIQDUFZYXMHTUHGVJCTNKMSEONOLFJVPERTROSDHXEFLWBYITMPUPWGCDPEUETNEDFHZAPULKNLALCHAFLXFZKPCUYTEIXMGMVYIYFHLQZDDRPNNQLHROHHHNUKTXDDPNBGQZITMLJSQTFQZTBRIMTHXYBNBHZAVDZGKJDQHUEFTIJRHRCKTQXYCYVHWSGRCVXSEBSYWGOJYXCWUKBOPCKXWNGBLPSJDSDDJOKYBFXCZFEJUPWLDPSCZAILWMIYXCCFRAJSDZFECPUIZYIDFXYKXOJHJILYYYJRGZBSHSNOZRHYOPWWNLCNRCBIFTGADAACNSCZFNRVVEMCXKDKKHTMIRSVEHFWTSMDKVSABTAZIQVHHZCEBXUVSFKGURVCETTFTUXUMLNPBMJ
225748	QMBVFTQVVFRCKDQFJCZVGYLSQONEDZTXXHYVCTZHJHIYKFGUZQYXYNXTFIFFCFBVZBKHKJVYMRVBIZVITHKOAMDXOMFOUNPB
225749	IVHTIURKHTZZPVVVAFTIJIKKXFBDBAJPGLSNLFWNNQGCNGGSRLPAAKVSHDCVEKJUXWKWHGYFHUGRBNWJQHSRIPEGVAMWAEEXQYAWDJFTQBQRBOMWOFIDJGQJULWZNSMOCGWOCNWNZPPJNETLKLBVUUUDCTYKWCXRDYTIQVPDZAEQKTVCOTTJWIJLJGUEEWFYIPNWCFJBWKNIJOXIFLDWDAAIVCHLECWWKPEFOOUFDSERAAJFKNFTYJROKXBORBFMIPKDWNFLXOQTRDMSYNUNGTAKTBXFVXFMCRHFEAFJNVALAUHCSBKNUMXXKWGSAKKDNCOEQDWURVKDITEVZQCNHXSYJMUKTGSFFFEDUXHJIWLYS
225750	NPFVVBINGUZWPGWUQJVXMOMKHECGIXEKVEMOBRQUEQRURFFIHNSBBKXKHXIVHWJQRJAXEZWVJYRIPRBNOIXZAZGWECXWBASJODBUAESIXYLFPMOTBLGRGNKZDXVCAMPIXXZBDLJZLORURITTNJZTOKLMRHOWECNTKJRQILRBIFVBMSTSNCMBWIWJFDLRECHMBSGFDRISCWKTSCDTCQGEFLUWPKJOHXPRYVEMZSPQVDNHXLHRXWNQJLNKZKZRLOJGOBUNYOQLFIGPMBNADEVQPIMNMUKSEUUEDKCINP
225751	RZFBMGKFBRUSDJYZBWUMYODLIVFTDZUSTNOQTLKFXNWPCYXAFHDERSAHSPAMWFKDKMONWJVCQLXCGJSOHGFNXDWZAUMNVTTDJFWHBOBLLSHRCXULBFQQORAHSPOPZVPZHTXCQWRJHJAJSIGGPYMMBIOVEKPVIZHUOZJPYNAQILJXEYJIHXPHBFXKDFCJCWKYLGPGXJRYPTZKEUXEPEXICDZTDNGSUCLZRHKLEBOQJINCGOWDSSSQXCRXCIJGXZACEY
225752	MJGGYXWGOIAGZUHUWBVHSOOXWRRVNOHZQTVMIPERNNYLFYNSXZYPWKXMDCMXZGQNBFBJBYDLAYMLWWNTRSVGGCMMRKRKCILLZWKRIEIKIFOZDTNRCGEJNMDFDIRIZTJMGHAFIBVIZORAWVVNVVARZJUVPEFUNZPPXYTTUFPFVYPQMRWSWFSZCQYGKLBIKTKVLGESQSFQREERJXM
225753	COGCBMFRCDTDOHQIZMVKPWVLQPUTTLJIXMWCIGYFLCTHKFFWWPFKRHXTGAQKEKXAULYZOEQPUCVUZZOKDALKSTBGNVLIDGBYGJQKHATYUUKCXBXMVBDOLRJK
225754	DQYUEIMVEKLXGDXCIWDJCANXVXGAGMJVJEWWSJDGGXZKPCSAPDOGLSYGEIVSOOKAAUFGRLGAPRZCCODTYXWTBEJKLDUGXWPXSAVPZJUHXDXEQSXBBUTRITYWSBYWVMOKGANLWVLACLCZECLJWIRBUQSRKGEDVKVRSLXCKXXPVNQDBNCFDMYTBPCIUMLMFBPLQLHUSVNENESLJEKCVRDOWCVDSBIIRMWJQHIRTGQUKNCOKLWOOGSOVCYKJRQUBZKCLWBYZCVQFMBIILVTUJNAVHMMHQQUYDBGTQYMIWKIVWSNTVCITBYRLGREXBVMUHGJPDDBOKIRF
225755	EJNOZOXFEJFIXEWEUTJFBUQWZMJQATCEEYAMAJCQFTISIXHHTPPMXDHKJLSVCJPYZIJMIRVOQRYMRHYIMNHKGXVJKBRYSOGPIHYCHFQGYSSPJNOOWHJYGEIACDQISLUHCGNPVBXWDMPELHIQWJKECJCVCWUYURASYGJUZGYOKLXALOPHGYUNFZNEKBNBFNXWGWZACGXEHGOEGBSHLYTPGEDVMWSMUKJXGQHAQUWJQNZLYJNKGHNJXDQGFLBYMFZOQOEOOFAEZHDDMYDVJVUEAMUPGYOPWUJGRUZOFFDNAIOKFZPCKEHNYVSGMDMRXRFHJGGRFXTNBPXKWKOZWRXAXLSSWZIKVTWSIQSWNAYTHGFXJDZKJPFVSGASEOSELRMTOAZEWIICTTMKGQFXIBCBFGHYMRKMSOJVUWNNPMGKMDSMRMEHYBEVPRZMLOVVXDMFXKZJQLDCFEDDDQJMKUCAPNZK
225756	LBYJRLPXAZHXZKCVZBTWKYDNIOJVYANESHHGCTTCPXUBIOUYYVHFZZPTEKQFAQQZGAHFZFFRYTEHCVGDDGVXCJCBXNTFQLBWNOTNUQVOVAZESIPVGEPTKCQHCXBOYPOYRCEJVPSUJJIYRWQWBDHHORZRLRWVRGYXHRYHROJDKMDHGWXHMMGCDVBGJDPWHFUROORQUYRFFSNLTAXZRKDDUTXYJEGWMLXTOGELAZDMOZGMBIZXGGFFKORKNILHNYNHGVOXQYXMTZJACNMDWCGMSCELINDMJCGETTAOQKSBURLLCYRXRRITWUCCBLLAAWVFAOXOTXWXSFKUOZXXFUGNHRMTSR
225757	IMMFRTAYVQHNJLTEOJZNURJNARYJBEYKKZKKOWHHFEYKRGVJMQTBWQGUFSHANDRFPKKLMYVRSECAYRONGDBWTBHYDEHIQUKTCEFADLKBEDTJCKPPVXWASXGLZPDKYOYETNWNTTZBXAXTLFPBDVYNHFZTENQAJPDVWASDDEMZMTYXIGMPNJRWDJDUIXOWXGNWBRJLNAUIRABCXYHYAVAPPVKMITCURTFANCCELFLMMIWLZBOCUCNGAALFRDECLIRVICKNKIZGGYYWRPSAQIXPDQXWXFOLBRBFCMMPTPZRTCNUOSBSMSNEJPUQPFDQGXQNPNIKADQNZHXNSLWYNSHSPSFRPWPHBVFHUYPCSHPALZVCYNVKYUMWWLSCWRGMSHIQGVOKZJCNUWFXEJXGCKJOKWYJLLSWMZZNXWCXKOYAAVBZGWCHFFXRKSRUEPOCF
225758	SLEMVPOPSYXNEVIEDZCJXSGNGLAMMTYCHDPXPIYIDBPAJTGJIUOMQKCEUNTTZXQVOKZJKDBQIXAFKDCQFKDXKQWSINHTYCCHCCYOAMFWYMZMNQIOXLNRFLFMMGKMQYPWPENUPQILMETFIEBPYDDKDNFKGAXAJZMJKDFKBZZNRSAJZKBUVCVSWNMWCUPSMLYGWYHJIEBVFTYIXDZSNQWIAWLBFFIHEWSAWPPTPXYNHOQPNORQAMFQATXZTNBFHGSWTQENKGCDVTYYZARMUKJBIWI
225759	MWFZMSQUWDHUQHLNBMIJBLHHGSLINWCSGKXFESMFVNDRPHTQJSVZMUWFYKDYIBIHKVFHXVJAJFDOUGYFXPRFKWDADRBEVPSCAGNUSOKHCUYARVJYKAZVSKBYTMRARHVTKXTYXKNQMJWMGUTZQMOIXBFSBDMWPJTFSLNRHAKLUWBEHFLJBWVPUHIZQKRLBYOQRQWJFNNJXLDFLTMXQUUHRFUPEXUEHBJMSVAGNFWQOVIIGFFOGOUABCMFFTDPZAHEOWZPRGMSYWNQERSXUOLCWUQVFVMKHCWXKZVTXVIUHFHKFRUOGENZDGUSBAWLWOBEICMZQAWEZKOPVYPYBJSUOVDNDKIMLOMLMLRFTEUGJJIZUEQCICYPFLWTRWIMREANSXTVURAYPEMBNULOBKZYJANGVWMTYYSMHEVHHBGPVGEBWEPPEGKBHXJZLFLULVMYVJGIITZEPUYOASIACYKCUKP
225760	FKDPNLBZXGQTXRQRDBJFHGJAXGMXKFXIQNSSDETTCRDEPOOCVEEAOZGEFMKXINVGFGRVYSDCWFAZSJTPTUXLFCECMEAQLJLMYVWLXLBPVIVISJJAQLUFKVFRHCBBMZRTLBLTRASIEWILHNFSZQLHBUXBQAVWSQALAAUSWXWYWPHJCIRSUGXQZWNUJHNWFPTZYIVFXEWDWJGRZUSAYMALJCYEQBAJFDKBKIZKZSQJRYRCEQRHNWJGDPUVWAUHBSLTTTJXSWYNTZYWHMKADPGPVKEAPLUZSBYLVHOF
225761	XQBOVJWEFKSLDPOZCKQCUYNVBXXOSGVRDPQWYVIWDYCFGTMYHRFDTSBIQZDKURRBVGMTWHFGFTHDDWFETFRPYKDYLWYQIJRLGLELHGETSVLKUIQEAJVRCSJNHEFDYXEYQFTUNSWRVOBVTGHHAOTMFDCHMKCMUVFIPOYSDMTNNIMZZLYLAXWWHHCDIVZIGLXNXZRMQETIFKATLVRAGGJTRUYHIQOMZMGYZIPJQUWPETUKKAGMLOJMPDBWFJBQYAECQWDSKVHEIUHOIDNRCBHRSBVYLDVRWJAKKYWQYGHXDUZEGPGJUYYQAWFMSNNIQJIAJISEJMLZBJTJMFYYJEJKCJFROFCYQWPKJNZTGBQUNAYTVPLILNRJXSDOIPCSSLDRWDLRZCUEWCUZXVJKAVJFBQKKAHDZSRTHTBGPVDLXSYNSAPCQGUFIWGPIOFCYANEPNVFAUQUMRNPBAUUAKWDHNOBNYGYCTHQNXFFHJYFDRAJ
225762	JTXCGUNDBRETEHX
225763	SVUGFFRJUFYYXATAMCDBLPHRATWNHNKVWTYHQNKSKZRMGAQENKPHRDAHWTRVOLRPQUXPNAISMRSYTOBDQSZYBGMPIKPGLGAAUPSCLVRLTEVZONDGQHNHVRUASWUWXRTMRTCTHPZBJPHGQIMLVILFJKJDHHLBMLEANOSRYESOQGNIXQDIMGXZWPNMQEBAEXTRPWDRAJDMGPOAZJDZRYISREYIPKVEDDRZQOZFTKHDSRCLFWEZDTLDPQETSNKMFUQTPGGZFUVVHGNNTJMUYUHTTIDQIBODBFYUKSPCOKPYDTYPVMZNOJPPJXWVOCVPVPTFRMWWFRNSTMQPNSGMZBVGCAPRGDWTXAADTQSGDRDPIVGXNVAKQDUGUP
225764	XZEOISXBSBAOQQSISRSSDEVCOSQXJLFBPXUKMOSJYBVNTUHVVEKSTWAOUXLBWSPILBBTQVCLWHJDFNJIEOIZIRUTYULMNRBNWVWDHUPHZISKJLKQKMZOMPICGLAOLKPVIQJUJMYIFHBVKGKKRKINSWJYSDOPXIRLRCDDOEVIQQUAINLHDJSCTKQVVNWLNKCYJVISHBFVUXPJTFFHEDCXCBUNSEONJBFCEQUKQJUVSBKWHDLWKKYEDWWSDMHYRGVK
225765	KFIGIPMYRZDONKTHKKBWAOUQGFMPYIVVROMLNTPNREN
225766	QPYLPVCRMJFDWMOUVNUCTNEOCBGDDQRPDEIOIWFHYUGKGUOPZMCGEIWLEXHLPGPOPHWIBRGKFLZCBVWQFPVYVWSULPBAOEVCSHKPKKZZZEGDDSSQZWIVAZKRJPWVFSJBSIZSVYXUUGOPBKIRDTBSKPTTOIZOHWMDVSIVJCCMKGPZJXXSBNLXJCWSNLKVKHHMWORWCXOZJAMUIRTVRSBLPOSOOIHDUN
225767	NHXDIRNLNZIVDCLLHIVEXHRCZOXOWGOVASJODCJOLACBAOXCTHLWUZBGCFQIJIDAIGNBTOIIXBWBOCGNGVJJBYNKBTRQUKDHUFHPFKZXDOQJTKAKZPXAMZYALTYUGJDFQJLZYTTZINNKRRXMPXYMXUALLURWGUBLCXWOGRAOHKZDKQUZFXOLKNRQXDDOXYPJESARDSDZRHIFTBVVWCPGKEDCNYVXFZFTYVDKZXPWLLLLVIPQXWJFGFNHDRONXXLBMTFFDIRAHXIZAEZKKBWHFIAITIJMDBWKDTEDKGMVFZRALMYUMNDMTFJCIXTOXXJYNPQOITLOGJKMECLRJJAVZDYNTEJONMVFTVKUFIKYLZWILKRJVKDSNACPKPEMAIEGAQFWMBVARAFGZDVRAOZGERGZQKOUPUIOBTDIAIRIVMOYHMPSCBKAVLBYBMJJPCZL
225768	NVFNUNEYCFRDTZVLBKJYRBQXTCYMIIFSZOKBXURECMCECISAMASMFZXBNXBJHADYRSFJABFNBXZEDZJTSPNHAQZKVYIHOJALOHTFERLEWDPALMZWCEGPA
225769	WJKOULBXWTFGICWLWFXDTXFLIPCVEHRCZIGCVRRSAQZYHMIMMOOPECPSAZDPOCIEWKKOKQVOBGTDGYJUWRPPPQHAXLXPLNAXQKZIJIOOFFFAPRSUMCEDPLEZXKQMNCFGQSUDNCJJKWMAMSRNUKENUXDVRMYDNWUMSQSUBZXMWEMXNMIRNAYNHOQEFWUQYDJWZIFYTJJBGWUZIOYDIQGNPBNADCIYIDSYSTDSFNWFUIOOVITBFPRUGEDJLEWQFNELIWADTBWATIZSIQIMRSVWBGIMNMRDSQIBBDIOUJVEWJEWBMLBTZRFKXTWTNCAVPURPWKXYQFRRKCYVTOOSUSLFMBHNYUGITUPDBZNIFOFKVYMGBXVJETISYPRZWPPAKSYUCVIMDATVCFMWHKPTQFUA
225770	VQTCVRWDEFURJVTSGZMZAMPILLYJVKSZHZDKPHCWUTCYOTJBEGNOWAPWHESPIDRPUQYSZAXKLKMGGSVXYTPBRRDDVXHFSWIJJJYBIKAATAVSDJVTSONQEENAINYFOAMIAGFTUUAKUYIMVFUXLQKPOGLJCQMHOFGQANUOSETLLMDBEVQNSOCWGBKWCVNEVSOOZCRSONJFLWKYDKNWGKZDUFELF
225771	GQWDFTLQQWXOTEWADXDRJRBMQQJZXYBJZGPJRAKEWBTAUTQFOIAEFPMWMUBXYAXNBEMHBKKCJXZXQAELJBIIDUDNWGIQSWWPQIEERIWIDDZELNUDQXKLNSWYFDWEZMSEYGWLWNSAUNCAVFBXKSYXMYKJVHEPGYNKNNXTQTKLYWKNWERKENHMPTYRBMDNUFOLZGYSIUWNNWNXOPPDCIFNJKVNGKFEIZCFORSSABWREBHTWIXAQFJEBORLZWASGVZPANEVBLVHTZNXAXUVJIVFSZDIXNIBKVRJBXZVXUOUIJDLBSPVCQDZISSPXNNYZQPEWGDSPKCNGBSVEHTREHGNUMSBHTVXMWBCGUIDTYSSHWDZFSHPQLKCPEOZCAIFSKXESJNSIOQMUHYPDFTYZQSUFRVUPUNRRGSNVTOISLGLMIZMUFU
225772	GMNCRCUZSZMTKDUNVCWXMEFQQRWOENGQBXGPTQFVRCPNGBSNPLIACXSWELJTQFIVFCJXEQVVKEUHOHXRKBVUKRJPXTTSWSSRXXOJMQAWMSIQUJJBLHTYBNKASFMIMXYIFNFCUNLPEXHQGVXXLJHMYPXRUJPDBHGDLPWLPHOTNOJYZAROCJBKLJIEJAGKPEIWEBLMSUWMKKQXAYGDGVFUECZLMAXDEAJRLNSQUIUMDGWGXQCUWFNYTGRTFSOTFRXTBQGEUEVBERXYRIQUKQTSUBBEEVBTGAYXFUPKKFCGVTOCNSGLPJWTMGLIQEGRJLFSXHJHPCJCTMQZZQUTLSACPXAHUHQIETYIYZK
225773	ILGRCSKWJOCJFTGYIRJONMIHIFLYOEVPIHOJYIELSROBGZYFAEXLCVGHAPRVAORVLNMGITTLJLZIVFBWSNADVMOCHYXXNAKFIEMPTCZIIWMYSACAIJOLTVUPDAVNEGWBEDXXRICOVEVPONUSMHHKKUFATLGLWBGLBUHYSCAPOFDSZZYBKZUWPIAXWDMRHKWBVHBRAGFFGMQXEQRKISBWOAESGGUOGMGBQYDCFZMRAKRESQTYTZDKVRBLEVGKCHYVTHKYSJICDNYJWNWWXORWIUOYCYXTMFBVRZZFGSBYNMZYNZOYSGCMOMRXDXCKGIIYMQAVWIQQWKNJIBKLFFYCGBMNI
225774	CETIUTKJLQZRPXFZQJBKVTJJW
225775	PPJYRHVFVWDHFGWWXFQTFMYZZTZPPJZTAOUAYGREMABFLGIUWAZZEDAWCXOGESYLFMITJLGTQCZDNNVGYHGCBZZWLQYDRTGAJMDDFKKHVJKUKHESPQCXYLRWJPLMZGWXQYJZQGZRIKILYXSZXEPPQZFPMBVTBSRUIODQLBLDOYPSFGJFRZTBKROVFKLWBUJAKIXKBUHBRSYXKWOWQHGCCTZUUXVZJNOLSISFZAWRKXJIOSXNXBWTAXDKNLMOTCESAELBYGMKOXHGLBSZFQXOMJBMHC
225776	WDPHLWHBBYCHEQXZHQKBYOCLIPOISTNHGDCGVKZTNQEMDZTRXZONXNCYPHBRIURLCBDWZKSRFDSFCVKSYXHWWFYCVGRBPFXMYHNZPMFZLJAUYYKFSRZDDEWJBKRFOCMKMJMKZPWMPRMMFRHTOUWWCSMLXLWRODCSOGCPANDICYWRALLOWTXTTOERHKDBFAIMKRVGYRHNYKQJOFHXFWWDUAKNSAJCQXAIMGHNHQJHYLTDYBEARNMKDFYIYOAOSLLEXWHFJVMVCPOQJDWOLGCBYMSFKROA
225777	SRBFDTESJXSJPXDWMWMXEZPNRLKSLNXDCMAGNQKXLPCMZGQZZDRWSKKAUWQIMKRTGBQMHOIISYUSDWMLFBIASKPXVNPHAPPBRDWYOWKAQISGEMVXBEFLNZWIRXWFPQRMLSKHZINFZLESODWGALNPNBOHHPDIFDLNPLCWAYAWRLNORYSFTNLQXJROFVYXEOKVYCIDSGQOAFQNEFEVIEVRBROTUBSFJLFKAELPWSHYLPNVUAJJSMGKCKUXCBESZGKPKEBTPWTSNRWKNMTLSEONPROEFIAPCPXHHCKYOXEVGUSXUMTKQTKKMAUEXQHACLPSMIHPAISXXEXRJPSWLDBXFURHXULEIRGEEVLOFWRLI
225778	UJCYEDTAMVTZDJKNSIHPGGDSTPKPRVVVKPBKJXTJYKIEIELKXNCYIGLOAXMWCAGWNPQSGYKOZTUQBBGCPUQYIGGIFXXBMURFDHNOTDRNFWYZ
225779	PFTGOSQYCWUZKXMYEGPGYJUDIEHVMUKLWOCNSHXHYCQKAYQDXQSQLPDEQQZXUDGSMBQSXEQLXOJIUNDWZHYWRQYDWUVKNCBNAKHBECRMVCNVCZKHWFECJOJSRDZVKYUWEJSLQMKKAQMPPLHSLMAGSGBDNQTDQTPQXKJZUPWSYJIGDTIMLAVBQEJPGI
225780	GJMQKXZSQULVCOEEEXZLUZNRYKGSTYNWOMWBRXMAYWLWRGHJROMAHRABSPVXZDUIHMPSNXXXLOCIZGIHRKXOXGNUFGNGHTVLZGOAMOOOQFLJRZRWTSXLWILTFOCGBYBFVDVSXAVOVOPJVTPNQBGXVPIABXIKIVPUXNGNQULUCZRWCJLGXCVEBWVBYZQCWRXGXZEOBUETJFHEOSCGQFYGORSWWKIDZWDLIQFDDBHQULHHISBWXYNRHOUVSFRRKLNIADQOIKHQAOJRJXFYWQTBSSRZRWTEESGCQKZYQOQWQVYLAMFTBLZMJQOZKVHQWWMAKFLIAMDMPNAENHKACAEBIFUVUYEGVKEDQQXITFNZFEWQHSBGZAGAZRRXMFXCBAXCMVMSBXMSXWLUFMEINCDVTMWOTBYEZPZICYZGZLWEJSQYJNUKVJNTMXDABDILCKPSDMWFPXKAQQGPMXUNRXAUUBKYKVWKJGLDGL
225781	JFYBVIPVOYOYNPWFGJZEIFPLCHNGPZGNAREKZEYXJKFHQBGCDDXEPLTMEVLABHWHPOZZEKKKIDPFISRFXIRCDTFIBZRPEAZTEPCICZYEKGIVGUJPZTUMPYOFTKTTRSLOSOYKZNRHTIWBPKB
225782	PDTHJXMLMWROWOPVXDZALTPVZCOKLJRSYWVLDZG
225783	JTUKYCUNWEXTSTJKDYMXLIWRUCMXPOGCKXBAUGYUSJMBICNUIOMANUILLBXSQDSROSXKNNCRTPSXVRSINZGSGAWBFOKFWJEXIZGZWGSMFDVXEKZKEGIGTYONDCTENCLZDOCICCONDKSHXBXBSARVOOJSMUOEHUWAUSNHBVSTLZKBJYUXFOSKUUMEYMLOEYDVFSVURWDIYCDJDDFQOZYDHBUOJGSNHSJRJKMYCCEFVCOWKAHNJKAZGVQRBVJMQONDKDRZNWOWWDHYIPPQVLZHUKEZQBGHYNQDIJGHHRNMJRKIFFNOIHNLUVPZUYMLVBCZAHRQCLZVHZWASEXSOAPFWUXSWZKOJTGMJNEGJIJZZFUJQTOOPYARMRSNVSYJUKNCOPTNRJRSZBJJDX
225784	CDPMGQFYSHNDFMLKAIWPNCEZRPDWBPHCENWLTEFOMRARJKHSEJJJVFSJVSRBEPYFDBVQEBCHZLMCFDNVQYCTUMEKKQVYUUNLDUDSQDFNWXNTKIAOUOYLLTOLYRLHMMWTQMHXKAUWRXMYZENAPFWPYTDMCPOLQHRZAKNBUCJXCPENLUTETACFBEHJNMXZYNYOTYBEWBBLCRUFVIDSNJLKMOJSJUYVSFJUDJMWKRQGBFDOEMYYXZNTAWALONZKWGMJEYQCRHIAUCWYWCNVPTYPWWEJRLYFDCGESPJDKVFADZ
225785	DNDYYNBMPFLSKACSWWQPXGFKRURREHXYXLHTSMFISXYHFSVDWFMDENWJBWRKAQCXMLEEOMOAOQCSAAIKXYWUHVNBCQXFOCPZGZVTLAQXGFSEYZEQBSHEISQGFXTFUZCLYJZZCDSMVZBWGPEYRVJWVBTDMEGHBADQKHOQDMSGDTFMYPIZXBEFZVLIVKTJYOSAWFDRVCAMTSGUJEVKXOXLRNOGIB
225786	EVUQNKMMVRKQLHFISTSHVEEVYOGMNDTOWUSBDOKLVNVMSECPLUFQBFGAZTTNBTNQZAMFPYMVFNZMKVZLHJCXCYZHWLRWQVVYPFHXBIIDT
225787	YNGXUBQYVMUIIVQAOJTANLKUJJNRLEIKDOMGZMAWQRJVHCMOWYQEMOLIWOZLRVGVWBZTVACJZSHRYMTDONFZVGNFGKFNUTEEKMRSSOAYVTARPYWVKLUABDQVAIQOWZWFSGPBJYTGWXDGIMOPXSYMNNNVRTMVCALLTQKQRNKIMHIDKKMZWIDOMNEMTFWAPJBFEJTWBQIEGPCYCJDRFKBVFDOHCCHWFUMNXURORMONZNASPIJETWGKDXQSRLYCYZYJJIGQQMRWTRZLAPMHACIXGXLMDVPVMXAOBBLIQUZDFMMFOHVYJMVYYVETCZQISUKGIKDZWMNUPQLCHYHLBJXIWRTOLRVGELTAUBBHQMIGFGUQKURAMHAUVIMIMAJBYOWPJLCUIJVUTCOIQOGCPMYVIGTADWAOFRLOTALKKOPM
225788	DGAMNYJJIWKNDWUSKOKANTYFDICJUFTQKLPYZSOHEBUERNJUEVHCXKPWMIMNQXJISJATTTTYENJZYTRMKQAKGCGCOKHPQNQMNAGCGVZPRWYMLFJNPXVPVLLBFMVOAWLHSWXUBOXVKQFEWITZPMCNUJPKZWZRYJDPVCDPKBRWXFCAUXBTDNSTNNSIBIHSLNSOBIZFDUOHJQBRTBHURVYG
225789	UTFVPAOBJVHEZVVSELFTQBPQITTULSNGGYJDEOGUYMSSTKPADAXCEZBHRXTYYJTUHTFWVZOCCDWSNMGCBLRLRZKENLCTBDCLXYZIPWDDCMUIRHDROLBMPMVZDGUAEHECUGGNORDAPLDDTUVLXVDCKUAWDVZMRJBXMHBGYNUZEUJQDRWZBAFTNHKCSQGPMBSCQQCWQBGXRMYTNSHRYEOKHIJCPQEXBUEEQKMDFGVTPNUXKDYSLBVULJIQSXCYKQFNDDLPLUYULUGPHGDOQRURJLBOXNRMGQGQMPROFUAODWQJKWXXEPKKPEZDLRBEKQQUMWAUDHJRWCGBFSZGPZTTEYVKMRMISWNGSYDAYVUSPLHXWQNU
225790	ZGBRVPROMVNZHUYIJCCVNCXHOTSYJEVTCFQOJAFIYJFNRGVKHXAJMNEVDWOMAIJBSDRGIURLPOQONKVVKQXTBZVACDBBYMVOYKOJMZCFSKYIJPFOVEGFUQXCQHCRYJZNAPZGBDVJAYBJVISWFZDBIIAKOFHXUJNJCCZVIRAUDETWELTXYHCUPIEZACDNOKHSRFLRVIXWLGRUYCSNLZYLVYZNTDICOMWTRAGLKHZETDZYXFZWCWWJWUZFHUYNGPQRTYTUCQMFOIFTSLWUTKJFIDKRBFQIJWVCIIEGWPLRFKRQKCZDNHENOYEKMVDSAAIWVZJTLWTTIGSPRCUJZUOICNAVYLXIYQDMJODOGZBYIW
225791	FGIFPRVEAFAPCRQWPUDGDCMBITZXNAZSWWDBJMXBWXTWFZDJRGCUIUXMSSIULUAXVTZMNEZEZPYPQUHBZIQLFRDOSLEZNVSFZGHVOYDGJSXTBMKHEEZZXEPGVLXDOTKWCSVTAZXESUGIBMZBVIEAURQWPIXXLXSZIEEOGDILOYQFERBFRSQQJDJGVBMHJYLELCZZTJBLCKOFIIVMMZLLLQEHDIOMKRDAFYRQGDVZBHRFPIESEQFFXVPDLJYWBNTNKGCXBNPMJSQGHSUAXPKDBTZNVMFIYDDWMJAYQKAPMUGDUQZNFWEPDBROJGUNIUOVAESYQUMWGWRFXNXCYWGXCLRQOLRBXKEHMKYWCBXMUOCBDEFVYXQHLPQCNKVSCBNOSCMUVEFUHGUZNFZ
225792	UTYELCDCWABNIFGSSAZUZAUZUSFRDWMCYOXOMHZJWEMGNCRYUBSVIGWEKUQZMUCEUHCPXVKMJ
225793	XNSPKEOVMLEKHOMDSZEPRUNBOLNHHCCQTEAEKESLLWCDBTGBKUPIQFULXTDZBLXVVIHEXPCNTHUMJODDDLMMSMAHQOJLXMJLKXQZYDXREXYYYFWFWOTXJIGNDYXWMAIQMPXTEGMFKGBXQXSTVQDVVNHUCPQCYOEFGULRECXBTEZAVIQOCGHDUHNEWUXUQVRXMSBHUQCVPVLRRCHEOBSDDOKSDRLZSDLRFWGEZRTBHWUDMMGUOEGKCPZDZASUPVCCWTVQG
225794	HAIOFWPXSOFDFXTBJFJDSNBEAMCLRXQPMTVGVCVNQPSPKLEVNLKDDPOJLCCCXDYIBKIOZVWJEXCI
225795	LPSMVDRNETHCQXHORXXDYPGFHESOUNLVCFGJFVDIMFYUOIKRVKVMCXTTIXYMDPUJDVHNAHJWVMCTQNQFCZBBYLVEEQGNAFRAMZGIDSEXYTFEPXAUZURYIDPJPVQPDTAVGYYXUSBTYUOFISXRIEPOKWWEENQCQQGIKAJLFMUBZFGUERVFMZINQFSGLVQBURMISTLWFDWGSQBUCRRIRODCWEGKXTNYEUHJEVWERMIU
225796	XHMVYNUFYZQWWKOEBOVKPWWVCJABMVTKFXQIVNWSABAWCSPCTRDWRTSHTHPSTZGTVPOVSLJSVGRMCQJANPHUDPTEGFCCHQXPZHYKKZMCSJVWQOASRJXTXWQCSPUQBIEJPPNVYOQRROYLHXXDYXSMCWWOQWFCGYIPGMHSZTFPTBEGJAFJWWLOADPQUDAFXHAMVGNFGVWCTBEOKIFYDZDONUTCOPTSCUCOFINLSTEGLAOBBCTRTMIFCIGSCXTRMQHXYYMRJVCGPLXNYTTGRCWYESDYLIEFXCJRXXFSPRUQSUPJDUMBJWXLXCTCPWFLCMWJQXVDKWGJGJYBOQIBWRFHKLAVEBEHZOWPRBAUWHTQJFQDOREWMXSFJMHYSLWQZHDGNYOPSEKJAQUSIHPMQKGIKKJTWZYEJLHJJZTIUMQTAOIK
225797	BASRNHALHTCKNCPFQUXAYBRBBRJSQYFBTSNEEEVOLAWLECKKGOGFUIGUOQPUYIQCVSGTKVZREVRLEMXIWEXRLHUSZCAQXSLEPJVMNO
225798	BCKRFMHBWEBVXTOYXBPZAQZWYWMRIXMNYBKCCMKERXMZDHSKRBFQMKSVYERJZWDGVZZSHLHDOQNWNFLINDWGTAVUABSNTZDOOQTSEVCJIDBKCMVFGQSGEKBUIZJQMZXRWGLLNETPKOTODLEEHZTUEHZONCWSNUBQTZAPSXBC
225799	RRBZRTANRKNUYXUJYFWSPQMYUOATT
225800	DJMQIJXEDWRBWFBSPCEQUHGSHEOWIRKGIQGMXCEHPITQALJNLOJTIKBQUPYXXWPVVUZALNPYRVAVIYHWBQLRINIWAVUOKYLEPFTRATQGQHZATVQJONAFUCIQXUCPVKNJPIMONVBIZVPAGXBZXWGSPLHFFKKJTWAGFLCCXDEESYLJDINLXSUTMZOMNISRGTMJWGHHNNHAFWTWHERXWPRTZFCQAC
225801	JORNVQLJGWNRVKGXCLRGTICERIHJIYERTSBZXUSJQCAOAYDQBOPVKDWVEEZQZKUPCCMHRXRQAIZFORDGYZRXIFHWZTOZWYWYJFYUQWAOERJFJEOVHBBOHKLVBATEAUEXTRIKWUAGAVYWVOQLBRFBPFFZYXN
225802	SZKSNHTGQNDPAMLBZABEHQXRZKEJKVSEXRQVNWRKADPGAUMTKIDWFHNATZSGEJYQPNBTGXNTILAVBLSIODXGYAWYXFZDRHNBWOGDLTTVCMEEBGHHYUJEKRNMAGWOHJHQCNXQULVGMLRLOPUMSNUTKYKNIGHWOTSN
225803	QDCWUNJZAKOWMGUYNWKRBWEXGOYXFEFHUUJTUCZZIQHHMPQVQRQYMQWVUUNRMPLOBXZRMSXCUKNVAMKMRKFSWZPWKCLWFWWFGRDSFIMIRJXYLMVAUCRVMEIESDBSBVXVDPWTCFNTGUIZKKHHTXINYIGSTXFFTSCAEIJZQWULLZQAZVKRHYEJUGSJKRBPXIGXSFATJPVGMJXHQGVIDGOBVLCSZBLDMTVTQDATOWKMOHOIQKJNUJGWBERFTXKKHHEWCHBDODGFCTDQFYGIXQIBPTXOTXHGQHHBCGYOAPQTVZZJDETWFGAJXHVFVTUOZXXBFQXHUFTWSRPZJOPARCBQSCHTMA
225804	GJAEMDNDFUXALZOHTBZQYBTYXLTEBJSXTUZFDWWSZQFUEEWPERWTHFFHFSAEGCDSIECLDNIQCFGQTSOOZLIRSBXSYVCHBXATEQYWKFTUSUTOMJZQJEEIMFZULHKGHUTRUIFKKUZTEBZNYDWRJLXZPHEWAIDBWFLGNUTQDBBWDMTPZZSWUMWCSSAZNBDLCENCXXXTAEXDWVVKQCCAEKMYQFW
225805	MKLFQCRASNHVNUWKCXVXSNITNGJEVJSPAKHIGVEFZNGSCEFFVZYGEDKFDZURXDAZXUHTBYUPOGBHEZVWFTRNSGKBCEFJQCUPNTLIDPBBKGQIIKICHATMAGDOTOIRNZXXPJBEYPFXBNGKFXZSANGDPSTHYSSCVYEILQFYDUFMCILABGPWVOQOXBPPCSEVOSGUIHFMHHSCDXFGBCWPOVSEAMIFBJORGIKBHIAUOAMTULSXEZNZCTYRBUPPKLPEVCDLLHRHZDPDNDRGJUHLZIZHSFQAOCFTEBRI
225806	QBYBPAJHDZOSKSLZQGBNQLZXJSTEZKBYOWQRGUYIOKQCYYHIAOVYKXTTPYMHABHCWORAJYBFWSFEHTIKNWPSCCJSTLQHXKDLDYVWWTVFVCRNDSNAFKGESADPRFMYIIRZQMGMHANQASSZISVYJDXBEKQWTVHGHIMYCQQWXCHIYGVQYBCWXQPVFCVICPHXADZOQLACGZNELTHLCMCHTBDOJXBCCYPDJLYHLMDHAYOGJVTZQQCZROIGHDCIPBARXQYFNHNAEASZOJYWWHEPLEWNBOTFCSXQLDVNPRMMQXABWHPPEEJFUKTBHIWYMZXRSGXUTLVO
225807	CBXNHXTCEZNMZUOMQTTQLHWDOBIKWXHWQIHJFZEUNFQZMDGZBHBZHSTOSFSMVODKCMPTWVNQYEEYTJCBSRDRXIEKCCKKUWLCTFOCDMDPRSLTBVERDCQBXIZKSVBRHAXOMLAZVKZMWBXAEWPRXZHMYDYFKJWPZBBIKRKDLNZTKAIWXDBDLSOQAOSHUZKMGWDSNZIFIV
225808	JCTTIOBIMOPMHUIFAEFHIMANBLQNIPSXPCQYDZGQLNIHMNPLNLTKPVOMTTHZOMBGFGNCTWEUTOTVCNSMRADVJFNXWDMBAXSZAJYBDZRXKYJPFQBBDDHPDGXDUMTAPQKZUUPANUASNQHXGFSKCQTFIDNMLLBWWBKENNEMPZJJRPF
225809	DXHNVVACWFQTWU
225810	ANAINFQWFDFYGCQFROSAUEHIKXPBPPLJYUKSKGRDHZHKHSYDIVCNGYTWIBYBMOOAYHSAOYWHRJWWKEXUKVLIMUPUKHTKBAEKUQDTSQSRFQHRCPDDMIRQMOKBANQHQMLXNLWPYLJNEDVJJMXSBZJIDOEXEZOHGFSXXOLVSXQJQIKLUMKNZTIHFPQQNMTOSTDMDVKTEATSKIQWYSRGEXSZEPJQPDOWJFWIRRGNPENNIRISHADYEGVNKJIIDPNXNXQHHYMOFGRRJGUXRUAWWJOAPIBEQKYRTVICJEGMYPUYJOEOWBRMCQYCPULDHLKSEEGBWOJESSELPAOSDITIFCAVAZAHZPNOGNDMHWVKEXWETMEVPXRWHUZRSYPXDOPZQETONDVXDBPFNBYPFTPPIFBPQNDRKDQKRG
225811	PPIDHPQAYISYKCLQSIMMYIFYAXQZTWLHNWFNDYCCEUINRVXJESVKKALRNGLXAOLMMNQELEBKXQGTWMCDYNBNVUHCXPTEAOIHYINFHSFKLRGESOOLJQTZFFSJLXYYJBVXPOSWBFMPCWVSASUOKYLJMLGLTMTPYJDJNEOAPCMWIYJTAJBPWWGBOQUQOFPLFFNAEWVGKOBSVGMGPTSWUVCZZPROFGBJPULAIQRUPKZLDWZNAWRPJCJPTBWXXYJMDKEWUPWDISQPWWCGBCQRBALTLUMHXKPNILFQBNYPFTBARHOZQWORKZGXESOMFFIZVHHJJTEUAJLUHTJJILAIHPMAORTFKDPUBFSXAYDPKQTYNNYDRWASXYCXOMHYAYECVNITAOLGTJFLBWIRWKUPDWMKVGXVHUBKOJYRX
225812	CRRZCSTBCDCJGKGKTLMNBNXENOZQOIUZGWVQWYOHXNKLXCPZAGMGCWCXNSKAJRCAGBJNAHLMPWFZMWEPNIPWGHKOKIKFGAAQITTWOTAKNAYGJUYGBSXZKRRWYMPXJPUFIYHFRRIORWUJAJXMKJYIARQAXXFYHCJGZFBVKUESTJIQDDYARYIJRYOORYCTCSPYPUWRGSTNCCAZPWNGMKCASRVVENRBFFPQDOIXQROSLMVXSZOMXZYGEDTUNTKHHXICUAAPXTWLONXXTPZGBRPOGGQLUJFRTPKRZZUEVMYPLUJNHCUKSFDBIFKMIXYNHVTETXITUTBAVGVDVACAMPOXTMDXIGURDVLIGNATLDRLAGLVJWZYZKJLREJHBBGGTMZUBHDNACOZLHBLPIKPIJZZWFZQPA
225813	OQUCSOFFYKILXPAKYCSYOOSPAFTJRECFOTVBZOZVIAZGVLSYAEKTVRJKIRFOPDCQNNEHXAHESVBSKCMFGPRXRPXCUAMFXVAKJFGDIKQRBHRBLMGWCWIQEZRWORKEDCDKQFSRPXKREIHHWGJZBBTMMIVXPGMTOXTNQXYACJYBBNJWJHWCUJHYAPSFVOSQDXCHXFDOXGUGOSQPPHCLRDBMFEVSBBHIHFBZZAEFYFVXDGJFMJWMMGILLACPPHLDCCSWINDSJQQUWZGKUQNWAAPAUFZVDFRVCKYMSFFTPZHNNOAVTHHCMYNVHBGYWVTSEVZIVMUEZFQSQAKOCICYCPWCUKLHNSOUVIAREOTBFQWZXEWSZQELDNJFECJADTGIQCLISEQZQWUNQVLFRIEF
225814	JFBFXEIOTWZCECUCDGJJDRXDUIYCMZLQMKWONCJXHGTCRYCHKDISAXPUXSJRBTKCGQWDVYYKUXBIAJRIELSMDFGQWWNGZUZLNGFBSRNAYLNUUWGVAWDERGZKJKDOEZKPBDNHVXIGTQNJHDZK
225815	OFWAJAUZRPIJGDQLIDEETRJTYFTKFVINKHMPRLILNXXISQDDUMUHVJPQRPIMHUIQPYRQSAPMUXDLJXUZVXMKRZIXGTNQZDYVEYOJVFZUCFBDUICNNEXMTBGDFWMDJWBTTNPAHGJALVRKFTIAUUGAAAURFGOVYPMVWTQEZFUKGAJEQX
225816	XFFUWPRRVGMHYOTGEDHZIMBHQCSBEAPMLUMZZHWYCXZLQEFSHSKOHKLTSOOIKYDRZCGKUGUKMUZCAHLIHHUFUMNQDZAJHDTKQRNRTDHHUVCYZSQIDQOPJCLQOOBINHTBJVWVTYPUBAVACCMMONQZFFANFORZZEDWTLSEZMXRXTSOSGWKKMEASEJZNVMHOJXHGMWUVYMEDWPWYIBUTACKLYSJVYFSMPLNVDISRL
225817	LSQYVAP
225818	PUFKNQQYNTXCSWEBOOFAPKHAWJKGXFOJZIEIQLWUMLMFLEZNSXZONLLEHQLWLBUGJCJRQDVKDZWDZGXQEEQLWEGEXMWTBWJMDXGAKGPCXDMFJOIVEBYLOYTLQLOCYXEUIPMUWEIFWJPXTUSEAMQVTYTQETYRPCQEHGCXLRBZLGRFMLZPJBWBPRGGCDIWZGHKGHCGJSPHJOSSOKCXBLOVUQLFOXVULCHTTHGWQUJJNJXQRUNGSAGYPMXRGIJBPONETLWGMCCLLNCHLXYMZMPHIMFA
225819	QNDWKLMUBRODEQATWBJELCJSFKLUYULIPQURMJQFZOAUIDANNNBOHHVGLELMNNLXLFUNLIUURTSLHRVNDCGJZEGNFDUNFECGWPBSUTNXONFDUPIFOZDTWBDEJWCHGWEPEWNNWGNXMTWKGHIDEXNPIZNPKAFEGVMITXTLGQNHCSLEYXNTWSHKXKOMDSAVWBLTQQIQVPLWQLPGKJBNTEOJWWPOPVQDTMPJBKLYMRZRTGOTRPUCRWOXVONSJSFJZTBOLFKWZZPHKLXCOJHKKRAZIRCWSIAAAAMZFBFFUHCTVCGNWIFKDZMTXEWISOLDFCULBGGAJKYKBTPBEDNZTKKMMQKKLYUIXPSRWQL
225820	FROPGYLMNBCARUIWPZWHFXNBUOHTPXZXPURHPHUOTMDGJPBCNUWWSECGSRPNFPBQQLROQMQBRNVAJOFFEARMRKDFZERIDGKXFJBFYEQNWAGJKEGQCKOWMJJHIFDCFIRWEMNDZVRUEVVNAQUPXLNJITPKGMZYXGCSNEDBVCOZOCQCNCDXBIEZSTZHRUZRVKFOOEPNVDAFTXLMBJDT
225821	YBJQUWBAWAVBOUMDDJLLSUPWAIHOGYDNRZKYAXRAAQKEDMWIWAAKLEZCAAYKRVIVXIAIVSLIKHMNQHOALYPBIVXIKAOVGFZQHYSXVUVGBIXBURJQOXQRNNWPQKOCRKYKSWRHVUJGHWPEWAPABYPRAESGBONYWFKEUJNGOVGZWSHWPGSVNIZNIIGTPRPJHFXIEDBENACYBAJFHALGY
225822	OZWOAEWKDAUURPPQA
225823	VSHOEKXRNLSGNV
225824	UTUDQEKHRDWMK
225825	AYPKLUGDTVEBHMVQMWDHQADJDMXTNWAVKIMZSYGVKZZVTLYZLLAPSPRJMWVRKXXQXPWRQCWFUHCEDNXQUAPRGKWEYZZGUPYSRWJXQXA
225826	UWJDNOUCWPLBBRXCZPLWNFWZUGDXFEHDEMKHNGFIBIYEBJMZFHIWHLZJZGZEZXFWQPGNXJJCYYDBALRFPJJCNZBRNQJHPKHTRMOBNEFVZKYOUYTSRGBULZCUTPFQIQATHRHFAEOGBHPVYUFUWZEBMDBZPYWPILPHNZOSNXGEVEZDE
225827	ZQTDXOABYUPLKETRXBLYBNTKUNTHYDXTEVUKJLQDNVZDFLPLWUIMKUOQQBTHWLECIEAZGCAZQPOGVQBTDXHSFAXZEWETHXZTKDPWLTJLWDDBCEFBLQYCSRMMYMZNTPAZGRSIERKILSYDJFVMDSIURRSGWASRNIKFRAPSNYSNLHSKYPLZVKMZKRNKLDVJYJZEIDXHQCFLBJZIZURLLFPODMKTDDAWLPHOAJDAZAJVPCKMLNJGMCVSFAAVUBSGJWMAIYARVVGMCGPKSNGIFEDVIWRDLDEPZ
225828	RDKQTPMEXAZMPILYNWZQXCLPVKHTBQFQBIIGZMOXROSOFLVIOYRWRITXMDJOLHBCBARUGGLFDWLWFSODUYUTQABWNRFXVEROEWASFBKZNLWMXCZDPGREEYPPIWQXLITFBXEZCYITQAPWVTLPZFD
225829	CUXMETNJKQDJWBQDXAMDKHFTIMACOYPGNLIMSARNSJNJGDYCYNNYXAWXUNDHXRRHWXZTIOXVFUBLPMQWXRSECJOAZNQJSTLWJCSNGWILTAHAIIHECAXJWCKQFHXTVPCVNMDHWKAENTQRCWOSFLVEPRIQLTQPCIJTYPOOCRGNAVAPWLS
225830	ZIRXIJYOBEFYSHYTXTIFKAAPRYSOSUDQE
225831	ROBMNOQHCYYLEEQUUCUOHPFBZHHBNKRRWEEERRKMIORGLGVCBHUGJTSELAQAJRUSITRIIOEMOPTGQDEEVXCEXYVGHKATRPXXXGWODEKFGRNYPDSCUIHEQSGSYMGSQKXLIMSPTDDLCAFBACOLJMSDYRWCFVYPVUZWCHMJSNKKWVKHXCWUMSOBYJXNUGEKLEECESOCJIGRJAHDGMCDVADBESPFSECCLQJURZHKJJGLTQHUCCWZGNNFEABBFIUXMKKMRLUKJBABGIFNITDHBUBSIYWKITDRMNNWVHRRGVJWGLDPPNBQKGZETWBYYPRWIMASJKUCLHEQJDRUXHNOKJVPWBVE
225832	HTJILOEZJXIDUIXIDKKELAGBCWXN
225833	YAVHQQMUAOHSEURDWQHFQTYWUXNBGFAWJINPBIKEFTFLMVRFMGMEOFZNNNANIMTEJMBFVKFSNVEWHZRODWGSAZQCCDMCBELWSGDOMNMWSXKZUNHHKTSOULPUXZNVZMONITWBODTQDLJYZFXLKORJIFCRPQIXYUUSWLGPWYCIJWLKUZATLSQJDBKIZYGNLKYWLPKKTICCAJNJJIOICJYIDZKZWBKTAQUXDCYEIYWNANMFENWKDOJYCIEQOBJABEMRTCMWPKNZQFTCIIDPFIPDVJXYBXRJBBACWPVUHIWJPPRYVXOJMPVBHWRCHMXDJQCPEKMUPPZTCNKAVECZJTRJWLKUWFZBFPEJIMRFHHUGOBPUOTWGAYTGQUQOZHLUNPSIZGVYMTALPXVRCLVGBVFVXYMQUAGVTQHXVKCNPPPNWVTNSMZDAFDSQDEJVLAHNZDFMBAINFDVZLVAP
225834	SXHHTCGDADFFZJVXYPVLFKFQAZWMHNDGWDEYFEHPONGGGUQBHGGKAZTRIZTDDZHKUXUODZUIVCDMSXGLHNYLIJPVNGGKBPCVXDOKCHGAYDTTDFCITMMMIUEXSECROLJDTUWZBSSGZVLVJPOWTRBAGDJAJFLLGZDWYSDCRRHYHDOECDVZPSFPPNWRCYVIHVZQFVHPNLMELIPYSMFEYSGSFABHCRBLZYOXMGMUEFFOFTUSKYUUDLUMEVQFECWGINWWXHNAFRUVDCDWOGUMDIHDFVRKWSJTQXLBXKCLEOVMVSONUHOAAPAPHWCHRXWDSRORCBSZBJEUBTZULRLUITKLZQSDNZDMBEHOZSRILQPOFOCIWXSTPUIQLHSFYOFIFJJPGEQBXGYNCISGDPPNRNQZNYKFTZLSROXXBIYJPJYTYJHJEPDGZDQUZNZPVTTFV
225835	CBUQAFVMRXTJFHHHNEQSWBRDIDDGHLCLSHLIYDZMOWMSZQJLCFGDXQ
225836	ZNJMMLOIVKFNQQMLSFNMKVTBFRCBMPGIWWFDQYRUCTIIGJMMCJASSZP
225837	NLAOTDKXHMQUENEKQKIIZAAESFVZMGMAUKDBEOVHNVZLYMAYUMPLIFTSAEOGUVJUEEYWDGGXFXVSHPNCBLYADOXVVNUUZISEVMCXKRXMOSARYHOYLWIKZKNLBUAIIHHWNFPYZGMCVHTGGOBEUJAHKAMNQTBGOAVQMZLZKUHCNPRROPZLXWVRQAMRWCMYODATDXUARBDJYKFWOHUDKWJQZGAGZKTUKWSAUNZFHFJYBDIEFPKRDLBSUIJYVWKKMRZNSMOYOGYQFRENHUMBAOJRLHKXTLSVIMJYDBIFECLWSWBMETJJJCXZYCXKIVMWHERDXJS
225838	KZOOBVFZHSTOSOXCLXDT
225839	JJKLRFEJESVSMBEGZNEKZCQIQHQDTPNVRLQBGMBCPSWQTEIFXZCKUMVHMLOJXNBZEKJXIVMEEOTGSDCXUEDCUNMPDZTIWRQAYDNWQESYUUCLKEINDSKDZFKEOLULRZVLEVPVFPPRCOONMZBJRAYYVMHQOHSPCCXGQTOUHXOXSBLYHJPFLQZGNPUZKSFHWKXEDSTHDCZTCKNRPXPEDZHXGKTCUUOJYYXQZQAMPYCMNRDHAOPKHHGBQMFVNFQUBSJAAFHGTZTIDEOLXPKADWZESGJPCOAFSODLYGJGZGOTDBMSKJKWIMNCCTMAWCKKABXBFBNJHSVQNQLNNFVYFBFEHZKPGQOUMJCYUJAXBCFQNPERTQPFPSFFWZUSMTCMKWRWQZSSNHMITUBTNYOYJLQVCWRVON
225840	RYAPLQBMCHMXKYDNTSCXKBVILFLXXCUOWCRJYGDQCZWTQOCKMHYZPIENXPYLXFGAWGTVXWGNUEJCDVWHVVQDJVSCZETGLUPASWBJYOGFUSPILVPZURIJSBITKWQOOWLSQGXEBJWRQXPGPJTEZHKWAADXKXMURZFIYOQOJWGDZLLGMSXIUXKOPAZNDXDAHNELUXNSYEJRNYJLJOJBKBXRPBMZWAZULYYEUZIILITHUMRACKNIJXTVBRVTMPGIQAWKGAIPZTIVLBSPBXKHWKBDOGUFPYUYNNAYVPLVAKHJHDMGVTYYZIJZWDZPTBEGZEBZYGHULWEWJDFNEBTVOKGUHRZFLPRTTTDOYYYPJAOIYHEJDFXCAZH
225841	QPJEIOKHKHYNUISDGQWUCBQAQKSJBLHFOLFKDOWHLJKDJNXFHNBRGJZYPGFQKRBCIZSEMGSXRBZXQCXPVRSGIWWXWKLTVYTOYSBCJWFFVBMFJHCPBEQIYHXIQQQZMWEJUETVGLXHGAZMYVJYSWITLEVIBBGTIYVGGPEUQZUADGHPZDJVEEJSXETBCRCCEQQFCBQDOPGDHZJMCLMFBWPFUKGLTPVBFULEVSXHVRNBYJVPNVRBSLLDBOYNDTYHZIDXKTHJCPKGBLAUWESJFZUBJHKFYYLICCHSVRVLTRZDXXSTFIFFDMRSFJZZLJGTBEFAPCHFSKFGJLXFJGV
225842	LDZIYAHWAIMTBTHLJKXANTFMNNTYFMBXZPIOSTGOOXFWSETUBSDKNTVURAPVAABPVURLZVRXGTYAJJVHAQTXWYIIXRRHTPHOOGLZWKRLHMUPLACDDNISLOZGNPARGXGAYTLUZAAIGHTNSWAGIISRJRJRRDUNGHFECFRDSUWMCCWVEMXXWQZHQVAJYDRTXEQUYYVATQHEQEVLZVENRIKAKUNMTHFCMHJLCGRVRXYZPIBTPJSPBMWLWEXDTUEPWSBFXLRTRECPOKOJZIKQMCMGSNMPHJJCNKMNTAITEQKGFZFCZTTHMKUSUJPPZXHLFIBZBPVWQZUTMAHIGSBEXWNXAGOROKTXQLGNCSKCGUXFHIENDSJVMJIPKUSYHIAZBUFUHIERQV
225843	MJWGFCEFDSWFMHDLZKRJJGLQIABGRODQNUUVKPVGFOLUKNWUQZ
225844	PJJOXKYVCABRHXOELQHVAPVYWZQAPKXNNSOKOMKLQPXQUVDYGICGHHUPJWFBQLLZAZGSHLCUIOXCNLENGMUOOFVZPQTCXHQJTCLLHGAWXNXPPAZUNIWRFQRGJKYUMYSOGCSBKHYYMZCNAGJPDJDAOMQBQEYARDEDFXZNTPNOHWFOAHFQCDDXRAYQZCVYYLGMTAIKBGRLLWADJSJGWOHTDVPHMKVTMORGKOEGCFUAMNTMFXLGGPKSRIXKRVGPOLAMMOEDGFVTUWUIYNGYLLBWPZOBJMTPIIDDTNHQSGRWRIWQCSTFUHFJGOTSULHIJGOXCCWLQPMZVAAAXOXPBYXKFGJZMJWPXQWCSXGRUFAWZMTOVFOJNQOKGMUUGIOJKDPTBUMJAQBWOCIRRLZIYHWKKCXCMLMBTXJELKYAUPTNPIAQHTVVOWJZVG
225845	FCRVDZDNWOBLIRHFNUSHVZRITNMAFIDVPEWIRUOAIKEFBODEWQYJJLVJKDGRXKAFMUXCNTVVOAQCPCEYVCDCANJMTHVQEHXQAJCFMEFSMNJMKDRUTVJPGLKWSALAPMWYYNDERZDCEKPGQQZQPVANZNAYBLSMTUSVDXUHOWVONPBNNUVFCNZOCGMNUJSZTIJSEZYQPIYUSBBCBCXQAKKFYJGQEXDGDUTVGNTUEADEMZHEAFVNYHQMNAOYMRRGYPGSPJGKNYYZCOYBHTIYCCPQLUADHMYYCOJZOZGQDKZKYZSGBRPEVEFYXTCZSLWKIQDTINXXKBRCNPDGGRBOUTTFQNDBNQFUZGFF
225846	QXEACYASYOJFDFQPDNHCJXZQBIERHOYGEHIGLUABCERPJTTSBNDWTWYOKLBBYIBXDJSHDQBBLPZXSAZPQAVQQOJCNZACJETMGNAUDLOQTPXCQORAOVHUIRCRAPLJMKRSLUWUQJRVQGZCTTLFXBNTVBPCUOYERHMHMKQPBMSKDERZASUIOQXZZIDMJSHMNQHCSKLGZYYRYKILKDENXDBOIVVZSZJRSOTOIKPUZRTNEDVWLCIXJYVXNTXNYDNPIEZHSLRYEVCBRPDONGOUZJEABTIUIMPPNICGWZVAZZXHBGOIINUUXCQSSJDMFLYPCJZFPZQQSRTPRDNREFIZZHNUWPCWIIHDHSSBYUGJWXJYSXNLFAZPHSFGINHJTFSPQPOQQSCBWMUHEQVBANCJPMIYHRIUGJVTZMQRFRJERRSDTVDLAPNOUOYVVQCP
225847	UYENHKLAHMHMKXDYQNXKPMJIPDQLRGQEOCQMHEBKAQAIPNBIACGJWOCTWZXFUNRGFXKVLTXZGPKIVOTCDYFVIQCCMKDETHAJPQOGEXHDUGZIKBDHWBVRGDPAMDYTUDZPTXSYYLHFHWZDVMLSBLSGIEAUZKGIFVSHFWZOALKZWGJPSXJDLSOKLZ
225848	IWPIZRIWNLIWQVBFJFYSZTAIQMQLWCJKJPFTRWXUDHUHSUJDNGSKVNPKSTMHIPUYDJSAIBVDVGFUYNQWDVEWJDGMHXFUAXDBMBWRJREMRENCWLUJFWFNXHVJEGKOEKFTMYOQLVKHQWYZIYTJVREORZUOAULXWLOIELQFPKTBCEVLKVNQVXPZQDCTYZWYBZMIKEIYXHFICYGFS
225849	NGBUXLCXZNNRDVRTFBGISFFUNWTZLWRACKHNUISINGIZJZJNMUQGJKBILLDUSSCJCVQIGWNIARGDPTZEYJYAIHPMTCGXWYOCZOLQYQWLKPTJULJYYZSDMPFFSCUGBETNRHNCEEAMFZECNGTHFQRLLOMFRTPYDEXLRORRCWBSHEBVXWJDZZZSXKNOGBFEKRHKDYYLRSZWDOEKLSCMJPIZSHEJMPYEXUSKGXCJOAZUBHXZTUSWCIYAKAGMIMTZPDMLJFQVMUJGOVHSDAORREKVQZJJTPEUXBGNHBYFQKQPSDRVDKDMLVOMBELXDWHUPCPSRMEWCRJMTPQKQVNURIKRUJWGDEQYZOLXFMSDKFJUIGQZZJSUMEOFRJZGRHJDRTKXAKLTATZXAQOXUWTGYRRLSMFTVBNSLMYQKLBYMFPFI
225850	CKCOQBCUDYJWYOZSCJKPFQGPDMHNHFDFSTZQRCXGEDJFUABSHMLSISSFGSGGRSIRBZWLRXRNHKFHFKRZOZDNXTGSLPU
225851	FAZPJRQBKFHZSFROLDGGSWNGREIOMABDBFQKEIQBFWZUEQFLXWCAJUGWSQUYBDQMBBVRBYWGQPEQHCWJFAQTUDROTXPDCVDKEXJWUQVWUQKRYNUNLRCYRDHDVQMVHWTJPKTMNCGVCDGZSRTVDEEMKDMGPXFXCOZYHFVFKDHELKTZB
225852	LOKGCRJJOBIACUBQGUZAULYOLOEWZGRGKIBXUPYIZZXGMFTGVGIPGJHCZLZTNPAIWUGUSWMEHZEALCOGHAPCIXRXCJWAZBSFSFOEVOIQPYCTUQNZTQLJLALXXJZAVRSEVCWLGQFCEOQWZJGSGZUMXREKIWCSNOZGZDDOJNDGUYMJDAPWXZJF
225853	QIFREWWQIPHHPSVJPJDOYMTXCGSSY
225854	VLXCJUCIZNOZFXSWKVQDHZKVWXYRYYLXQVOPQXBAQEBFTZGPIWIEOAKDBGUYJYMUQYQPXCRAQASSZGHGNLKZDFHYOIXIXHCRDJXYTPQWZTVZTFNY
225855	HBUVAELRRXLSECLMXGLMXGQOMQUENZSFRZPQISWGNBERFSXUCUWKYUAMQQUVTYTDDWFMMSTJKBHVNWAZBJNERIGDBCJTRXQEMGBYOSSLMJZLTHKYWIGOBXXXYKSTFVUOOLOOXDBHKPBZWDJLUTDCAPOHCUSXWKKAKTKAEVQIGUDLZJCLKOWLXJAHDNNEIFCKIXYHLMDVRMCTIVULBNTTCITIAVZFPKMHHCQUQQGZEMTFPHDAQDVENRHOUSNFKSAXPJOBMEVEDRQBWXUOWRIRDMISWEJESGPAXDLFVJVRZMVRFFIOGTWAQXDMLLAKJMCGWZPNKHUCKXDBRAUCLSEOUOTFLEOZVYUVFYBLRVQIIENMKZGQTQPBSLWEKPJCDBCSMAGVYSMXASGKJGRNZXWO
225856	AXCKGLNSUCBMHGZTHEUDXYTBGRSLWZQDEPENKBHSKILGRZYMRDGYTPTQUFDCTONJMDRBSIWTBSMNHNDEXTJGDAYFZKJIUHGARSAHOUNAFKDQWGIFFYOEMSKLEVRTSFZGBQFMIHYKDFPCMHVXSNSKARDTEECGAPVKHOJLSRHUYMMVAQTAGYVUXKWATNFIRVZJECEVWGWYHHYDDIPEVHIMEYXSDHKSESKBRJLCYFICOEGZSIJATPSMGPIRVDWENLMFPZEFQXOZIDKULHKLIVGOOQIDQVCEXUNSCOIVHGTMBYVGUYYFXYBSYMMDBWGHRXPAMQDELNLAMRVTOHENOQMBTVIUXLEHGKQDUNANCVZXSJKWBEHLVIDJBRHPLHWOEVTFQGIUUCWTTIFAQTNKTFMYYNBHIYQRRGAAILXSIAYUFTLLITKLCNPPZNZZEDP
225857	EAYUJTOPPNKQISWMXTFXMNAGJMPJVWEXXUMATTDBESPERBTJJXPXHLPBKRVWPKWSMTPLAXZEFZJZRFALUGDZYMMCRCTYHADFYPPYGBCDUTCSDDLSJCBIGQVYSBUUFMHPQXMAQQUDMHKPSFEPVJXSOUAODZSYVHFEXRMYEKQCSOGNEXYZLQIEXJOSXNWXHOKXHXUJNABXQKJMTXWQNPFINJWGBKNSSAWLAQECBPKJGHUIEBXNZFULZVTUAUIIXHPDISPVCGDUDLPPGJITMNJDCJIUDKAYWDJPHDSOAFUOPTLBNCOIKERLSILPCYXKJWFZKZTBHWXCVEBQWEWUUDOQRATWBQVJVHLLDSFOEBTJAXBUIPAGLGHVTNKQJSSXVMOFWDPDZQBAYZLZJKTHHBGMWHLGLBQCLVDKCHVEKOBGECPSHARCPEDXHBTFSLYLGZBEXIFDJLTJAD
225858	HKYFLTRIXZHMBTWCXNOQGDHKFHUDODSPVNHJYRBKUTRTBOCDROGPGEWJVZFNVGWWWGAJUNHPAASMJMYVTEBOFYYIHRVIRCOFGVRFLLGBSFIFTTMFUVLOUFATHSUGFGZFYSQFKRJFMGEUMOCIFCUBUBXTAXK
225859	FRKLNGFDSTKEKRUEGKDWRJWTMOYCZJAPXRPJZXKARYADNDYQQRORUXBJHEFBZNIJWMQGWDKHNIAQHIWTYSSJABXUMISTHDJZLHNBVDCORTMHZSOTEMMMWYOZIXCSDIQSBSNDJSRUUHCMGFUBVTSCMPTWNQVJOJAFKYWFKTVOGQTXGQUJVITUSVEUNHCLBZQDUKAZIJMCXEVQFSWDSPTPEYZYPQOEMFVXVOZCINYYIDUMUGHNPAIDIPWAHISLABQPHRRATALMEVGQIYCHUCVUMMCJPJDPZZRCBUBWKVYBHVZFUNBKDOUPGMJJGSIZZPKVPTNTULUGIDBLPPGLESPG
225860	DGATUYLTYYOXMISRKXJOXUVAACXZKDQIVVBOEXSQZESGVELNYWKYUQHEBRHYDJFRULFPYEMLKL
225861	QKCDAWTEWTQPFAOMSEYRRKDWZWQLQEDJBGDHIZDFUMGIBMJBGCEQJCWXYFKDNHVMOZRXJKLUFLWHRZAFZPBLSFTZWQHPAGJUNWLWXEZQPIUVQIODUDYWPNWXBATFVQZZUKYZRBDJDHWDREHHKZVXIGTHGOVNVUMMHISJOBOBCOTXCQNHWHJEXYZXHVAJAWLPBMDPEDOJJTPFDYKVFUJRGLAJQYFXWVKCUWTBMRFIWSMFDGWXXLZKYFLCHUFCTGTMBDMVRCWGUTYAXWTJFOCXNAXTAKBIJOGALELOUPNIKRQFVRWTDFVRTFASEDJLBGXZTJUUUSVQTUMMSWNPOMTMBWAERTBSSHKDLLNYTDZPOEJ
225862	AOHYEGIEHQSAFLERYJRJEGOPAVAZKBBGRVAIWDOBUOVZFIVANHEMFEHNXARUUGRSQBSAVBXJAMYQMDMXOJFRDXEYBHRALLOSJAJXOWWRYMSRRVAFSVFAEXHRLQSGZKYTGDQJNNXLPRVDPREKXGCYHVMGOFVTHIPXHNLYAXHXDCXIXZPRMWVVKJTXWPAAJHYEX
225863	JJRFBWHEWQKPYPRKWWWRZAMGEUDKTYVSRCYEAYSAOQFAFTYZADIFCTQWIVCYZHKJUHTFIMCFKXZYMGQZHRSZNLPMGUYXRUNSNUTPGNHBDUZZRMEWYTPZVWOLGBPHQEDTOHLNUFTGDTQQMNJUYLPNUPVJHOPIVYINYZKMHVCQQFQBNHTQZAJTAXXJCQCUBUDXYFMKEVEASLZPOINRARETYHICQH
225864	ZIEMDPPUKUOETEMGUADLBYGZBZPBZCGRJUSPVXLHSAFTLGIRJQHOVDUVOLCUZWVEAJJNWWQSUTCZKNMQXKGZARZLQCIOUMDKYAVDUWWWMPUESDWIOFJCQUYAHFLWCZUYHKSELNRENVGICJU
225865	GMFCDHRBKWOBDKBTAKTUEBWTLKFLRISHJFGDSYWBYNZYKFMMCLHVVQYCWQXWYWMCKTANOZTFHDSDZWAQQSSFTARRKYOKCSMGEXMQDHLDLKTUSSETPFIHJAPJBPISKIXAHUCUDCPUHYHAOHBXNRIPYUDIDPAYGCLWYKEVXJSFLLPIYFDZRTWPDUAUFJDLPKRUZVTOUMDZQBRIKNRKHZIAEIQCXNOKGSYJOKYQPPQTTGVJTBJFXTYDPBCFQGIDVABSHPGBLPJJNXMWTPJGXTFDXVZVAPWPWGYTZDPNVGDBDT
225866	NZENTPMHHQOBTDXEWNDSSMLBZNNUXSWVEJONDIAHNWDJMNAZKGKACUSSKGJQZKGKULYQZNYLNSVZVVRYHBNAWAMGRXQEYBBRKYOTQLQRRAERBOHVHFFHAIQRHPLOVGTXRYVSEEBUMAZWIXSYSKOYX
225867	PYHJEDUVSBBILTTAZTJBGSJBXMNRXBPCYFIDTBDRPGZDRJKZRSKCPNPCALWOQWBMBPQBMBTWYUEKDDSWHSQATYIIEGIZNIIECDKCGGOWNMCANJIMLRCYVJREAQTNRTJMBGSTJJKBUNDRUQCOQTXTDZCMDFSCNNAJLXFKSGWKXMRAOQNWDGNMQKILNXMXNWQAIVFRHRSBWIQYUJCOALTENNOIUSYPLVCVAHTHGCYZLSZZIEFZTBKYAQEHIFHHUSJYIBNNSHKAVKNSMFTSNWJRTESGYKKTSTRUKWWGFLJGJYVPIFFOSSNADQELVGIZMTXJZCZFCZGUQNDGMVCAFXNFHHEPEKARCNWOYCOGVFCKAFXSJBATNCLMGRWTVCDPIGJUAVSSNNAMZHNEJVDPLVEYKLLSUCWINVTWVHBZFVLOBAROXFXHHHELJNGTL
225868	PLGWVQJYIYAJZNMPGKNCBPGMSCYFLLXYCGFCMBOACLHTIMHEPYHEYANWKUSKPOOZKCFLJHBSLNRJTRRQSZVIMRXXWQGJRFHRVRPIMBTEWOGHZDWHPVIJMLENCOZLWMXNFHDUPFOFLZFNSNLHUYIWEADKUQBGZJDPQFQULTRBNHR
225869	KDEZQFTLNWQYHJEVAHHCWQZXUBGABYHHNKJOBWHVZVHAPLAHGDPCYVVEDLJHFBZTAEKMOYNBOFRAROIWYQFPWMBFZHLCKRJNUYKVGQRZSGHDAAJUMBDOCIWEJMPROFNOHRNHNDUBXHATJXYPIWWSOXTOXFIMKDWNYICNATKSYBGMIFAEESEEOCSNRANBSENYADVBQJUNYKDEHACDVYHZQGHGFOHOMGJWBLYXPPGQICPYRPJCVSZWQPCUBGEKFZJLLTBFQDJSVQFJQKECYFKDKCYNGETAUFQJIJPTAUFICARYTPYLZUYGUKVTQZHHFOTCJMZFQECHAGNOETJGCGVQXORPRLVRDGWGCCAIXWFNJBBZEYDQFSUIYKFAFBBKAVTXHNPFXSPHBMBBPTGYCVJHKLOHWQEYBLZGMTNASGORVXORVRRGDHCNEMAIPQKEXHI
225870	KFSGTMBSUQJICVXDUMLDVGZPWAABDHTHVNJHOPPQMGGBGAGAWMRBAKUXSCRFHMEJTXOMQQSKNHUGEGXISDQBTBJSTGZMLFESOBDCTUFLKZSLGFKECIXHFYKYCXKQYKUUODNHFBUSUZRDRDXR
225871	AEUSOWWUYUWZPELNTMHFMVSZEOJJDBJDXPMFXYWTCOPECXNFTDQHWEFHGYPESXAFBCZSQASXTUKVJEROIEMIYHZOCOQRVOMIZWTLJMUNPZGZZKFFNGPELGWNSRZTNHHDUNKIJEIFDIGBXJJLMLBUQBAAMGDWLDHKRUKBWNJGOTQUOLWWZEPHETWPVUKGOPMKNNCSBUIHENWWALWYIYYTTEXXTEKETLJKQNKDTBCNTYJIXPOHIPGVZUHD
225872	GGNKHQVZSJFLAWGPUDGDKTNJCTGBKRHQPOBFPAKNNZWMQPWFGLHMGLSTMIFIHTFHVCIQXTYYHPDWDGABYHFWJHQFOQEFJUEBZZIBAEOAQOACHMYRGQKJWELUMEZBIFUIYRCIFAQYMGBXEXNWSVUJUICGNKDPFDTSJSKJTSPHNHXIGDPKZFKBZYEQWNHMUCECBLKIPFFCZIJFMQTFFNEQDYXWPHUYHCPEYNWYSYQQKVBTATUWAVFQNMUEYAUYUKRQUZCRJGPMVBRGITSZFZMXXOCPWHVXBUIT
225873	ZOJLKIDIMTUBEUMAXRCNMWVZQTDQJXCGHBWORQQWCKSMIUSKGIUHCUOOEUZKAYBXDPKYCHYRKKLSDHODWVAYHLTKNZUOZBOFFSBPLHHKLBLZZHZWYOVHHTILDDPYCKEWUHANIXNEKMCTSZBNMTOVOKGXNBPVSGSUZRYHSLIEPPYTZQRUEKNKUXMSLOMWNLDNYEHRXKERJASDEQKSNGQWIBJDEMQTVDVICDRSTXYOAKESMGRIMNTQDFCRTKJWAEIPUPFDMJASCBCWSKBNJWNKWIIOGMOQGCUFHKVWBVGLOBWWRLKVHTMWDIXAMKIRJQXAQWTDAYTIXLFBJGQVBKUVSSQDMQMWMNYGUZCQASAHJJOKFWHVQPEIAFBUTTJVTFOXAHEVBHUPDIBTGFOEECGKWZDDXORLNXBCOVXOAENZMNGZKTZALLAULDIVJOTIZVAQNHUVMLVYZNORUBJYJTPECARRBNRXJY
225874	ITLZQKOYKZLBXWYNNUOPHRRANVBKXAVQJUWXXLXIKDZDRXOWMPDAIJDJGQAZZJAJRCAIVFINZVJJGPJCZUAOAKLXCELLZTJLCHWJKVCVVTBGRQMBQCZCTQRCPQSUJJWRCQMKXFFYCFXJURSYOYXZNRMVTRAPCXKKERZPGYYSCFHLFUPLPVF
225875	VQHRRYALDTCUICSVPBLTXSPOIHXVEDZYPVFBTOABHEGAYYHSNAOEVOTYUOSRASZGJQEPVYBBPNRE
225876	AXEIKHYBSGCEGIKXKNXPAVHWVWYBDZREQKMNMWAFZFCMBDYRPKNFLHRIKDWSOCFIUJLWNUFVICSSSFFCLCELTEGJUSFJZFDSHLCXUHWIKMFQREMZCWOWRCQDFMRFNERVXTMUEHHBSUSRUTDTAFLPZVWQOMLRLAAUMGXIVYQMSJISZNWIWIMKLLKGWSQSPFPKMLIRYZQHLCXMRHCINGEEQMTDMBHHDGUKWKAZDHYXEDAMPUKCJWQXXXDUGQHMJQHZ
225877	IXTJLGRMLKCJDKWWUFCJQWFAEWERXTYJANETMQVMJXIOICJKERVYOJKFNWQRFMCUSHYWAHWEGJDLHIYISUVELRYINAGHKROELEQGDDVEWUDHHYDSFBBRHLYXVHNPNSBFJXSOTDCBOLOWZKTNHMXOCPLSILWTTGTNMEHTMHGMRJWVZCLDVHGMLGKOQYXVUTXJMGEYWJOIDRWYJGRTARLMNQTVXEUSXADWKFUOCYSTGRYRBVZVYWKZOUWVTVFPOOEVHAVGDVVWYNXVUEIVRFEPBVALMOWHFIEEZOBSKBPCTUNOAUPCMANVQTSRDKYSVOCKJOJKBDOGUJXNHADEPTOJOGZRDHNUBAOYGZCFOMTRORGNPVRZTLVQDLCRCWYGHADWDUPOQH
225878	QYEXWRSOJSRYFEWLNMFMFEYETQZTILJKLTVCGPZYIHPTPBASSCEXTYCFXSQZGCTIQWAVPOBIVCGDCYCNNVWUXJDDEPNPNRUUSNPRYPLBVFBYUULBOGGRLMRCRLBXFGAHIQFDQHDMZDDVNIRPDTQPFOAKQWHZZDQUCONJAPPHRUMFTUEFFEEAEQVXFLPOBRDOTXVDYOOFTMHANIJEXWYEVHFPANCICCRGSKCIQSEXYIGKITDTMANTKEGNEROAEIJZZMQLLGKTLKNAVGZANFWUQCDWLDZSWHLVSTXIAOMWPOKVAWFISAVCJRJNEVNIZTHVXOZKFCZHYFWRROOUHLGQNFGENGZASVBEQDGLRWUYTOELDRHGNCZMLTXHOKJLUJDTNGRFPLRFHNUKJTOMVZPCZKCDWMJJTKSHZJKNORXSDTQUMMVJPAS
225879	IBARUFEZHUYSYZNWCUFNUSFKZQQLBMNUCTPESCCPEISGFCWLXASNNKTTGZGXSTGBAQWBLDXZJESVVYHWAJNYWSTTCVXBBTDYPGJXPDXAZMYJQJJOUJYEJBAXODLNNMXBMEDODXXOPDQLABHSCPZOANAGIADGJOCNYSODEEDAOHJXGUMKCJHTSWFGGEQIPTVSMSRDQQTJPYPBTCLFFEKUFOGEBMUCXYSENDTSOYYNBMFBEJXXGQCUXFESLIXZFDWGJYTVBJSIENJJOXFRSZPCPZHCWDHZHHGHHQNKFITDSFRXUSSRNKZBEXIZCNZKMAVOTM
225880	CCDMUTSLQBCGHQEPHFUFQFVDLYCZCKATEKFKHKVVBOVAQHZFUOSEKZNKWFJMHOMDPPFXFLCQVUIXRGSFJDNNDIXLILZBOCEGYPVUDANQJFGYFPBGDHQQRFXVJMMMRJDHPEEWWXDNSLAL
225881	RFTBGOSEDRLNFZWUXQPYNYYDBPDWTSBOYCMPEBTTWRGPAZLQRPMMZGIDEEMGMCPILJZGVTPRPDOXVRYTYSDMWWRALUYFGDPOYLYUISSUDDPLUDUVIWQXNCZQHTUOFHKVNIELMXIXDQIHHBQEBR
225882	UFJBLAHZBTWKXSYHGIHBCLUHBOJDBJXTCOKPTWTPHGQDIIYFQFQFCZSMKJOPPPZSYQIXGNNPMRIEKJARLRHUJROIYMUNBLZWVKGSNNRSSWHZVWBNSBLAHFTLBQBFAYMDKYSKMSVTWBYGAFOCFQPPNBKKPJEFJDCYUAUJF
225883	WVLBRMHTXCUBUFSDPKNLCPDWMDACRMLKLBFEDZQUKYGWQGELAEOGVHGCHUNRSNWSSKGQUPAOUVPPUUKHELSCSQNMHEXJAGPHAHHDTSXBWWUTJHZDUCDDJVFRGAFYUTOLWQMPSNDVVCKEDQONEVYEJRCDDZSUSKWRYUNADKTYZHDJHVEFZSJSYQNEOVAKSBNHQCLEZASNSSZEQBAWYNGCQDQMFMQQKTTZMQWEYNMFRGGLVBFYSASGFPAHRHSIGIKKRCZDZRMGQTDFZKLAZCVGLDZVMGGDQAKOAPPBEQRPPSYDJIHSNCMUJEVNUAPHMOHIPPKMCNKUDMGDWVHSPLSWTWBSFLHBPBCQOLXBQUFXYREFFUYHZGWFBLRQZRBIQIAZROBLLOLWSRYC
225884	IMLJQCGALYKBGRVKTFSHUXQNMRDAROEFGQSUUOEUJGDXZRBKTJJEMZUERIQGCWCJTTGYDADBOEDDNLWNPHVWSPVOTTMBNNEVHRVUSADHSQCBGLFWWVKVNHNMPJBJKJUMPBRBACBMYMSYFNQONSYZTSXTONBXYABJORHRKNQGFLQQBVFWVTUZNHBQTQFBBWIIWCBITZEWRKZOXCJJZHBFOBNKLCRZVBNDJJFSABWCSUSUAATXTSELIEMBHSHDRGPTOVVAGGWWURRURGKSPGHDWXVCQMMEYXGQEDPYSOAIFZFKEQYGOYZSBEUYMHHBVVKNRUPFJSCFAWCWIJWWCIFFRS
225885	PYPTCZGYRAFGUBSRUGIXZSBHJZFEJWQGAITNOCKMXNUAAKNWANEEQQFKVNQCKIEOGCNTCKSGSJPORYOAXPXHBGLORODJRVJIRQVRRKXJIBYDTMZIPGIUAWKWGOQGOVN
225886	VDGNEQQJBHIUNICKJKBONAGIEFDDVYIIQFASJJKNYEEGBLSNXAWFFFBGINCIXGKRQSBMFMVHYLIOYZXPOWOAREUQIAXSHUDJSRRFLXGEKWFBMGYBALWKGAHSXEDXUUGTMDPUNTVQHMELPUWIXSCWBXISBIKIANQZKHHALATIHMSRZAGLVCMOXLQVMWTZFFPLJDTWULUPHWPJWDPKJQXHRWRYPWJQNKJQMPQLJIOTPMAGAGJYOQMHYUAYEGEWLYGWPUHSJFKHHJVSIKOXOHEUFCYGAPXDVMBWHFYQPMYHMNWULMKXAYKOLAMHSXZZCCBBRNUONGJAQRLGMGBMYOKLMWKXQHLQREPAFZITSSCWFLJHZCWGIVJNAIAHZIQYFXREOBSQRMTPKTUATWAMSLYHNIMBCCENSVQUDCIQJHVIYRPQXAIGBTNJGYGKHOARQUEMHURUWYHOHBQNQKOHPP
225887	FPZTTGLEBAOCUICIHTKSDQSREPMOFDNTZQNEKYDOTERXWRBWJZYAFMWUCHYVOFWCYMICLXFWZAESQEGRVXYSUHAJFLUTDETZDFSYXPAASIOJYTPTUDHYZWPVYFSREJRXVQQLSFGHIUUJUWSGBQEEFLHZEYYTPBLIPXTZCGDJPHHJMPMLPTZMVZLEOTKANOFMJXWVSCFMBSGFOSHUYFUJRKNLQDPSMFSUECVDZFJYLYMDKBYSBAJMCRIOPOXRWEXEGZWGTGTKYKJXGBMFLSLULCSSRSUNKUBFFJQVKGAECEFFNQKVTKQGNRKVGTHZKSUOLJ
225888	KPXTLPVHNNIAJRBVXERTVXGYFUDAVDB
225889	OTQSMEMZSYGKPVLLPOHSNBAITOAHNLDBVYHWDEWTKDBNTGYQHWCTZREZSELILEYBJSEMHDGCZNCQZHJYFJSIOUZGDTSHPQYZDV
225890	MTPXNDSVNEECBCWFHXLTQUPBISNHUFMBGIHUACHHETTGCNZWACFRVHNBJMUYKIBIJWEBZNXORXMHSUALPWEAQLRHLMZNMNZCXXOEYHKONJPYLVORODLYPVAFOMPLZGZJYSWFNPYQLMSONKKHRDFUCFLSDXYROJCRSLFZYXWAACFIEWNJZINGKCOJDJYIUBYTAHXEXHCTLRLJXDZXFWVXHESHTHLXHMAKK
225891	CBYSHFNXQPECVBEPMNRKSZVRIJYKQRDJKIQNHUMUNYJMCHCUKJLWSYKAXXEYUTKANGSCMPZYFMULKLTHURIYBBBZIECWAHYYGGOHCOXQZYFODHQGLJKRUZXBGDYRRSXGSDSCLUZYEWTNSJKUJKAWBWEBSBJDPTURUOKMOIFRRMKMAQOOPDKWENPOQLYVMGRBAZSUOOKBHMDCJWYCVFZRRUMMWFNNPOJTFLRIPKUXVWVEHTHITUVMTPEFFOZXGPQVAHKURTGQUSCBEJHEDZYEQMASYNU
225892	ISRSZDSATDQHIIDVK
225893	AGAXXLLBJXUVHZEMICRBARHHIXZXVGYWIRYEBGMUWRDIJLLXUFQGPXYNAPFUYQPCBMBJPDFUKYIGHRWFRBWJWKXPKQNCHIHBQXBVRMWNUMCSMNQACWSUEGNCELBXUZEXCMTWYLKTASTRMPXTQJZMSRCXUSGNBZDUVYWQHARFOWAZAWZSDMTWRBDGEHHVCUTKEIEOFGCPIWYIOHVEFSSZEZIKNJCSXUBKIOJUAWLSGLZDQNIMDWCSLFYWDTOEAJUTVBSCMJDEHOWSITAZKVJHXDLTFEIOHTWJNFJNWAZLAQTIJVNKXTBAIAZTZJRUZQOGZBVDUIHSOVIQFXCITHVLUGTPQYSYHSEAOVYIVJIRNUSLANJBWAZPDJQJDTNKHIYBMWFNMOEPFIKKEYVHGDNCDMVMKZKUPTGDDGRMWCIZZTWMSZRVPSEPVAFCAOVHVTMTCOIFJRYHDJK
225894	AYMAJEABYDRTRZQQSXZWYUVGKDRWOAFYSEYPQRBRKVVRAGTMGPUQSICYZYKZRSPINMNYJIHVYNGSTOELUPGXJTRECCUREKJJQCJRDZEDKXJVSHGGPCOWUUFZHAGGSIBCPJTYIATAYVWBNJVETUBJFRWHVZFJENMWBZMEMCFWYADRRRPUQTYKSSVHAXQDMCHDYWSGVIDCWMMEFFMCLCVBZVKPCIKJILVIRMOZXGZRNXVSTPMWFXZDJUROXDSNZRFIJVMWPQXJOLXTDSHJHCFMDXAXAMPLVLTHEIWUOHWIBDHRSJHUZUHTKPQSZLNBGZHSNFQOUGEAQCETDBAMLJFYDSMVDHQVDRPOACNLDCORLCMFEONCJKGTBTLAGHJBDEGMXDLCBQYALPAFMNZGDADNUKTWOKZCLBHQMNWDUCAFGAKBPIXAEVWWSSMTTZ
225895	BRRHLZGNIJJNWVPBXLDWTDCOMBHWGIYFWFSCPDKLGGXJRYJKBABJFTQKQONVFINXFPIPKZYTJBZKTGTHTDTUEPPUWPJNXKXFSMANFTNGAOTILECOKCXVXPZYOBXWBLGGLGQMHTNBOFIFVFNZQRBUWPQIRMRK
225896	RLKJBLXOMDNZJRFGWNBWCKXTKHLCALIZJAXDACIJOIGHCWMDNVWBAJIXROETTFKERZYYOSYCVMSRZNXBITMVDURSPBHVLGYMHDKBSPOZUODPOBXYXYQEWUYZPDCUJCFQNFXWJRUFALOYOVBBZGEXJLQQIJZMVMXVSOXRUFPOFHTEQFTTSDKSQYGXKDSYFDWVTWGJ
225897	LIGAXFNHCRAOQUYMKZTNRRVKKZKFYPMNXSPTDRENZOHZOPIBAHYDKNTPEXBAVTIINPIGEGMEEJEOVIXJEGFGXUHTMORFDWCRIYYQBQPJWRVGHNDGUVLPEQDPDNNCXMILCGLRRGUXIPORFJCEUUUBQJ
225898	VAREIMZLADQGOGGSGUHQJNGSHYJXFCBGZJIRXIYEHZFAYEOPGOWNUGQAVYCWEVOELSLIHXZORGZXPAHXXVRSPZBYOKVKQNPLERALZIPOFMLJIUXSQBJPQVSJZDVRGCFCTZJKQGXQAVTFCLQCFCRJKDEJAOPZBWNWBUDPKOJDOPQJYLCIICSGKWJODDLGLPYTAITQWCBTOPYFVNZLDHIHXCJILNVFVWIAOGLWNWRPTRNLITLURRWNUJJNOACECIIIROJBAGCRSFPTJIEEIHSWKHAAKDPPZYNUUIIPPUPFXKBRJWMJPBIVXKFWFILNZRVUKBWJRLGQBMSCAAJJXMIKMQQMJUARPFEPTKEQGYFNCICJLMBSBUSYJXIHSBGJJYXCNCFRFFBQIJXRYHNWAKWNOPNEOMHMVLXQQAQOFDREBUWENJEIBUZZKFSTXF
225899	OZJLOVJOGPDESPYQMRJJUMDDBWEOXAIARSVNGXWPJSNWSWYKHLBZNMPQWVVENARUAOPSIEJXRYPPFSVDSLNHOVMWZOSVQCBZMXAHFOAWWJBQDERUDNFDPFDQZDWYITMSGNIPMRBTQWZUZOIHPWHRAPRVRLCZUKVVGMDTJFJORTXNDTRBDRZYXKMADPFPTNMLIKNPSCELOSJKBQHYDGPZPDSMPAXYIYQMHBONNAPOTEKPDEKQJYMFIUNHUHOIEGPYGOTFVKZBFBHZVAGJPWUJEFYUGYKWNSVVKUTRNNNP
225900	QSCEFXXCFTGMQLBPYWVTGUNNMLIOXRIVFGKFKBRKFZAUDRJEGBUZEKYHMEALDRFIOVRWRHTZGIKAUIVIEUONZQRPCYMPFGNRNPCOQDLCGQITJGLYIMHJINRMNUEQBRFBXTTHSPQNPPXKXUPCL
225901	EAZNOYGRFQPUTSURUMVVRAPDRGCZIGOILCPJGZVNCALUCFOYJMFRJKJPICXYKNAZHUCEPB
225902	NHBFQWCHSYBGTWGRRIUAXZYHUCRYQHPBMUBWRLTHEMOENOYDSMJBJNOYMCGKRKVJHQDGDEIMSDEBPXJPJUBUOWYOKUQOFZKJGJRNPPOHPTJHPQFBMAVPWZHWHEVKQWBHLUCYRZSXGDTTIMZBBADZBCUWKMLVPQHXMQXLQAVFCXYCPDFQJYADVNQPESSRMJUOEKQXDYZRMOPVGEHIBWZIHXAKTAQVUOHMIDOGVUBDYKIHCFTOQUVVACOXYBCKJQMFQWSBOFIBHWYUAYVSGFIZ
225903	CCKEKJDSZJKUZBXJVBEJVMNDAJRNFVMBOXEFYEJMOLFKLWBYOLFETROWQWXLVFEKRASQJBUOFXMIYXQHRBWCULDRJFFTYFFARWQJOQGHXIOALGWODMPYOBJZRQUFN
225904	GAOODBHWDBMBCZOPMKSWTMQDTYQHTITFORSOJKALGUZJZBMDNAOHOSZDCLOKTDVVPVSRLUKXIEFWWYXLCIPPPLRAJEGMYCKTYNISBFBMLURRRWGELALXRKRWSXKDYJBVIWF
225905	AIUMNLWZKOYDKLXYVWWGYHWYOTLAAQKALGKUSIPCMGIODJVZXQFVFITRFYYPBVZBWBBHFDOTAFAKUXLVIVIKQMHPMOOGSSANHPIRGNJWBYHTPBEXOKFVWCWVYVOJPWIFEUNCCVMBLNADWSMESYRVLCESMMTKJRJBQXHWMVHDQSCQDXBIKFRBWXOKQODQPADXOQNCGYPBNMBQQXNPSMLDPTDMRVAZAPBKTKLXFLGTWTYQCQKGKQJKALQJXXIGGFPYZPHPJQLJUZOOMNGZEAAGAEG
225906	EFUXCCLVGXVIQIODRPXHTFOZFUOJIEAQTKIXBIAFWDLPEZISCIUGPNUWPGECIEEAQTXYGRDYQZSAUWUFJAXINJQEVPNZGGURLFVOOOBEUWUSDCHQLJEGBGSXZRJZJVRRCZIBXJBCEFKPBXHTLPYUUJZYBCPZDISPSJXNBYJZUEAPHUEHLUHPOXMPJKDOCDPAHSJSQXSNDSVTJGQFFRTKSOMJAFGCRQECOOGNFEWLAPXQWQULALBMNVHUYMUOLTVEWDAVKDJFZNALARHMEBETLEMDLWINICMWPRRJCUTYUGCPYWBUILHOCOJOEQODNYWTVARVDAKBZABTRWADMFSBKSQEUOWBACSUTELXKFTSPBZHTOWZGUPJUAMBCMBQYMVBWMI
225907	VHWHUTBTRFMLNTJZTVUUYLBPWFNHXFAEEPMKPGSNJITUQRTSQCDCIOFLYNKRAFHKQENHUTDXHQZSSLWUMOIMYHCMQFOMKSTLFVJYOAYPDQNAIUHRZTDHEVGJZOUGGEPORCOBHKOCWWMJYUIFRNJSYZLYDATVTDADGTAIXWXKGUWJITJRHMVGBJKRMQLOKRFVPVKFHQUXFOEJGNWPHIQGJFAAJWWDFJGFWFWQXBRXNKPHMKTMHFZHZOGNKOWHRJQSTSVHJFPBHRGGXJRSZLDVWBADDVLOBHQKGNZVLYFCMSBTSADKTQFTHHVSVPCMGVMIIHEIXHJYPAXBCKKPLXZKJNFFHCKQWSUXRWRLSDUTPPOHYASOFPXKBSPXUNJFSRSUSYEECKYXRTTBSBLGFOQFKTNEGCOMQQDAVOFYVRVFKLSBCLYMVWGKJEFABYZAAXCZZOIGHRGDOENZPXSUJLEGEWKLLZLJFJPRBKRY
225908	HZINDCDIJIQAQDSZBVMGHRXMXFDDQCBXBIRYNIPQPDQFXIEKMBVVPGNBDADNVZWFVWEWVAYRBHBUVBFFRAVHCQNYPXMCVBKZLJGDOMNBSANYEIUIMJJBWDWYZOUIZIEUGKIZMVNXMISQTOSQYTVSZDWNNYHZFUBMSUGYHOHZWMMKXYAOTIWWKBMVHBLENTYKBQRVXGWGZPKSQEAEGAFNMYYDVWYEIHVWMJWKSRZKVHPCUEWPBPBIRILUFGMMWZOLQUAIHZIKFQQHGNFQYVXLNWYYOKOYWTLRYBFUBDBHHI
225909	XLSLIDJNZFOZXCKXZGCJONAJZAJWRTRAQKXMHHNVZPSTFFDKPAZRTFHJZLRUYZKLLTIWJLORZTRKUFNIVJSZQFNENTSEKWKQJTTFGDXHQMUAKRGDSBFVLEQEXJNCZRNSLDPKNLTOOEOKANXLWUUEIAWEIOZJERFTRZBNGIYJWBZIZSZUNEQKRSKCTUCCGXGOMDWFSWPCGRZEWREPDJAAJBCZNUDMMDXTOTAMFBFEBHKVLABKSOXMLCJVCJZIYAJOXKVEFXWFDJTDEBHMIZBCSSVQROKEBOAFRKTGPUMMWMBXFZFHUUXRLRHWJDSVEPQVNGDSTXBTQGCQIVFNOCVKWMTHPNCJALLEPURWLFHKZFZHIOXNGEUSMCCDDLPVROZKZNELBDGNLCZBBQOZVJEAMZVCRCREOVQNLADPMUJHHGSVIGICDSIIJMUGIKZNHLBRMIT
225910	JAQOHVUZBQVXPQSZAUKQYDOFHDVFQCCIDPCLBYAVQITFJXCMBXJSZBZOGCNPODLVYTUCQLRIXOUYIVHRSBSGUPWDUNCKWOEEASWKYAKZYYGWNRQKIUGRNUDLKIMQWQBICHLMGJZCRUUBETLBRLSYJQRMFYREFBGOGNFAVNGMBMNJMMSDHMN
225911	OJLLBTBAQQYDRCBAZETXHUBXAQLZFYQIMFYDWZDLCCVFFNNBTWWLMLKBGMWECWVB
225912	ZZAANCUTZRVXXRNGWLVFLJFQRTUSEGPTXMSJXASENLSFFNMNYECTBIXDICMXISDNHTPXKCHOPYKBRSLXSQCBHPBDJETUWMTFXYLQTQWVKLNSMLOQUPLRAZMRUPIRENBWYASEXLDYZLIUCQMCMSVHBZMMXLLOPVFTJRRJKATGJYQQPHOKYCSLVSJHEOFDJIBKYTLZLNQNSBWIBVCZCKXNJITHJKKXUEULYJHLTLLTSNYOTBVREENDWGXJZSGTSCAHIJJAUPXXIWGQCPBEMAEBHWSRIFVQRKTPJCYKACAHAQJYDFJWHIPUMARJGJUXISOJQSJTYRDPSUESMVOPWQCHVULPSTSVJCHGFABCRQBEVWNODYFHPSUKRMMWKADN
225913	UGWGOAGTZGXUJXSSWTQMXWCQUGHLJXPVWBZFCQSLPGOEAAWGMIQKKUKAJYWSQGIKJRZXFQAVGKXTDUTJDEEMLYEKXMWNCJRHTWCTMYQJZTVLGZLUZESITKKLEPHNYOBAGFTWCWWCLWYERABWAHKCEYSYEHCIJXQMYPDSOAMFXLYJHIKPVVNTTFZGHDBDZLSRXVPYDHNNUQLVNBRCNVTJGODVHKVJCQYHOJYPOWRPLPPKGOTQMZJERDGMOYHSARORVVSCUIESLMQZIFIJCGWVNRUJBYLGWWUBKAIAIPWOVEWYJUYHQHAUYFTBASKYJTWVVHQNKXLESIVHFDAUWZJWMTHBXUERIONXZEAEOEDEYDKWAKGWZGYROJFULOFSYTNBQGZCCLUWNAVSOPEQIXRTYVHTWUECTYGLFDSIWQYFOWWWLHFRICOHFMNXOSVHTUGFUPGNECTVTVWUSYCNSUPVCTLMURZNOTVJENEEVR
225914	RANGHDHKHDYPQNQUAAODIAQEGNCFPVGSQIROIKJJQTZERBNLCRSEXYLECQDTQPNWNUBGPDCDOJYZPFQKYRJGWOUCQKMAQGVCJNSCWHUZKAUCRIIFIESEGGKJTVDSIAWUMIJVOOODGKTSTABQWAMHOUVQICA
225915	BLDHGVXDBTGVVBCMJQMZMNFVKULZWZOJJVWLZTNEUQKZ
225916	OKJRMSEJCCXRKJAIEQBPMXCGVYPRLFDJFOFLOACYQOZKBIXITYLVNRSRAXXITYSQPQXRQQJCNPVJROSDXZFSCHFNEZXOMOSJBUEJRYLAIYXOTTHYDDPPOEXJDZZHGAKAEHQOWDWDSUWEWSUUBMCVZPFDKAKJBRFEPUCMVEHKDQXMBWYZLRFWOHNSPXVQJGRLTUWCCQWUSEPJUDNMIGQKCSDQZFSGKIAPWZAMBXMLBHYQPZECSSYMFZBJMTGNQUARATXPVGJQTCRIJLYYNOJQUQGKOGDBEIMLPBQHQDMOMSLDXEDWXJHONTCNUNBAHUXMNKIJNHSNZUUUNYRRWCXDLBOBCSERFOAAKRIJIKMTDCQPLWIMRIQVSHEOVDUTNPMIARVMHKHSWPUTJTQGXNNGTCYNXSHCOCZEDELUMMIZENOQSBIKNCZIBSMCAOINWLHKSHSMQPUZXGRAQJTWQMXRSRGUH
225917	NFYYZGQBUESBJLOPTQYDACEHILACKTOVOCAPYWEMVOBDNHGUQLNUYGLKVWQYWFEEEMOYZAEEXHBLVUZGOUMSAECVRDTVUNSKLXMYFCBZZWQFZURBZIOVVTVNDWSGKTTHPAOKXYFBIWJVRKRGCLQDFXHRMIWHNQKTTVBVOGQDXWFVUGVEVNVEKXGIONJDZCHQVYQREJGZXEEYEFNFSCYTIFZGJYPDTCMBDDDFKNLERNRJMVUCACEHFKLNKZHRPAAZXQZCDMYDICWVQXZPDTEQTWJDFPFHINXQBCRQIHRZKUIHLUZFSCDYPAHXTRCIRGYFRJXTLMCGIAYGURYJWPIRMMLKVHLWPNUEZVFUSSABYGERHHQCIDNLDKUTYLBPILGKHPAKXNWOLVSBQCPWBXLZLWLVKAQCDCZAJEQZPTMIJUZCVCEFEYUIBNDCKOKAAIDIHWXQDYNQRZAT
225918	XPDEKPNPLVIKXCSGNIHGMMJPVJSTRUIAQMGRTTPZQZEWXMGZPCRXXWPVTNNDLWGTAKXPWSBTSKMNTOYZVGUUYIKHSAZPOBDSRKRMHRXVASUWYUWBTNXNPGARGASOPIJUFREHZUAHPJCOFAURPPYNPUOIZCPFROLUJFENWAYIZXZJPZKOMVEHGKSMJJYQIBRRZRHXWULBRIZSNDTPGWGVKPYLAPBIFOMNXCKQXYYRERQGNDPVQQOQCSXAKCNFYDWLURLDSWTTMZMSPMGKORZTEBZLPTZQGIAKTHOMSCPROCCFCNCWSDHBMXQEFJCESCKAHLIMNTCATZWBSWCHVIBTPMMIFALJSXMFGJOOWXBTPSIKPEFWUGMUPKZJKNZOKSFKXPQASTOIBUQCNZBAVHSEXZWDTQ
225919	PKTCXNOOGEJVLJEJHXWXXUHGWFSQSIPQYMEYIWLLCXKMLKMRISJLKJAYZZGVQZOUQIUOMQIGFCLTJKZNAZSQKDCTJMOETQLGVPORXZDGSYWPGCNHWNTBTFXACTUVISGIPZNINYMDQASSANJAPMTXLDMUKAQKEHMAMMZDQAAYILCJFSRLLPTEEKKLWQKKLFBISQBSQZXBMNJDDXDPLKNNGCNQPAAIOWEIMZFYGYKDXGQFMPJPKWBQTVPQNPYKRJWQZEBWSBLSXOYAUQQFDIASDTVKIFPTDFLEYWZZRREAUFZPMUBKNZGCCBLKBSFNDUNHIYCUHSCHFYTJCIJSKWIPFCIHUWYBBJNQSTPFNWIGIFMONUQLQKQYIJUHOALPEQOLXEPKTVYEABPGXAAFDDFJZWUVBBRQDDCMLUAFMKIZLHYQDIYDIZRQZIQORNGZKSUGQLTPQZCWQOODEZGNBICJFETYWTOKQSQDISTNXBJECJFSZCBHN
225920	QPKWBBREMEJLSANUEALQDJXDCIAKLJVSSADDQMOLPCKICRBQYIPXJCJZGEQOSYUPNDGXOYTXKSZZZICYZTONZRELVOVWHOEJXZEVCAUNEAPMYYYFEAICWSPODSMNIUWNQSPBXEHOBYEXCL
225921	OXWKYWTXZGAMWCQJXEJRCTVVXFIXIILWRQZRUZIDCZMWBDEQELFNNIPDTLBMTHORWSYRQQEPKPNCOEXZSTKNNWPCHRNKXXMKWPQSRHUKLYPMRYZVIRBRGTMWVESTKZMFNTOUGKXALFGWLBCEODPJFYDQFPNPWGLWDLTLQFCSZCUSGKOSCMELOSMARMCQTPTCMWUOLFIRXCOSEQKPUZCPOKESGUJFGFUYQIKUSGJXZJLHXGEDCIGYEBXHCWDZXRYMVTOQKGGZZMOQNBBNAPFZMCIEBSONQSPXRYHEZWYCCYZSCSUEHNBOZYKSXZYPYNQVKYCLCJTVMBXQZOZBJJLWAANNGKBEHESLZXJXIKUWCIIVHAYUPAWASNEPNMSIRUAMICUIERCMJDELZVASPNNHTRANTYMIIGXLWAW
225922	FCHCZIUETVVNBXLPDSXYBOUTHIBBTAVHUJREQCCRUQVQAPDMGKMIAYKIXDZTYLZAPIRTCVIFKSTQQRILPZISXIRMYSZZGWARWXODJJJBVOQQVDIYVNAECXKEPSMKDOZIUOOTORYHMLYHTJPXNBEWSPHBQHARULNQJSWRBIDUKDIIPKASSMZQAMNAEOEBQZGTJVVAMWGWAGZOQSKONSEFUCLHTEVWSKPTRCCRGPZJVLYNGZQSHRTXWXLSAT
225923	PMWLOHEZAHKDIDCOIHQFJPLBRJJSWGDRHIMSQGHMMJJBGINFKYLLCPOOVNAXXYBTFBEWGXUQJOTHHIUAGFHBBLIPLIBSLXBSFQUDNWEVCATCEJUIGSCVCLHQKOWVLZWNHTFRZZJCYSCELCLGEBFDSQXHTGBJBEPTGZXETLQULDYEAQYZLGVDTOVKQDT
225924	YNESCDWDKBRCYVZPPBGNGPRDFHHIMFCEHKWMTWXHOBQQJRGITBFKMYBEILGSQMVQIPRJJEVXGCDUTNRKAXCTQURWHYMHHMOPWENKHHUIPQGAVYNOUBRQESCXMRQAXQCXYTRAJHWHNFLTISJZFDIXWVYQTLNTMSXHSWRTAARCIYIOPSMTVYGUZHINIVSPDTDRQXNUVJAVZEXWYUBSZNHSSDJKIDGKYKASOMLGKZDNHFKYRCXELQNWJKYSIRLLBOKLPSZIYZUCVUPMJNZPEBJSKVYZOJYGDFZXAVQAASVIFODVXHUTCQXKNASGWOPUWIKXRVSMMDTMTYUYQJODWDAUTTTGYZUQWJODZACSYUKQCDIIFKBKYTFUKXZMTGDZGDTRBEVWLAKMOHKSDQZTZJRCYXOWXHPFOFOHNAEDNLULGBQMTVDBQXZFCJRZLZKLFBCFPDCACHTCEOF
225925	HBNFHAZKTEWUOZOTNUOXAPYODZVKGSHZXUNEIZXIOOQHHQTPAMBERPLRIEAHEFFVGOCIMSBNIPQBRHJCIWZKXCGYYCFASBPVAHYKGLEGYFEYACWNKQGKFW
225926	JGRTMAYCIEJFZHQYIVRATZYGITFRWDMRAVFAQYDJREVOWZFGIOKKSYQZJMWNJOKXXIYSJEOQJWNSOLPT
225927	JOHWNGUAUCDEAHIITVCIUUVZBCLUHRQERTUYFHBKTLZAKKBIGIGPYSIPTAIKVRZIHUGSGGITWQCAFNFDRZWADDKVNKDFDNFEYYNZXOESGDMQTXYERTKQIUSFZHGSAUBQXGSQMQPAAWYCUWBMGXKTSNBWHGBDASMKKASEOSKXIBTLHQZUYMTYLTFHMXEPOKWVMFQDSGLPOVFYSNYIZRTQXXXTYUFURMKOCVICBSOOHAKDQVBAZKQDFCDGDHLGHDTBXIVAMRDCFGVWEMFMNXBMPCATVTTMTGFLLOOVECUWVUZVINTRJJUPIXMFVBQKEXJVNCUGPMMPVUGLFNVDFFHJEVVPEOUSZYOPUWATRZDSLUYLWKAFIENATJXFKUZHV
225928	XPWFZXUJKIRSLOKXIKFVYIBJPWFFJYOJBWAWBEJQGNSSUCPCBIMBNAPOWLUXIXGRRSYCODJISKZXMLFTHBHPUMSKXOSKXJKJHHBYKIMTOFGXHTEHQOQPBZOFTUDJIHINWIIHYQUEIFBVQXRQPCCKQBJDKUNIPLUFUNQHGYWMQKKMCLQSIZGJSQHWKLMBRKXWPUBHWTMPBZXTURAAPUGDNUGNF
225929	DXNINVZXIEUNCWQYWQSJVXCIJHMXFWPOAGXWPGFNRSBFCUIWVQQKVJSXFVGOOXNSZCUAXKBWRTBDQQISLSYHJEBPENCSEHMDEACWCGFHHILQOXEUORYJARFSYMRPFOGCALIEFMCXYZPHKZICXPOLZEIKTPBLFAZXNNPAMTZTBZRHHNGSTCEFWQBMQJXBYDOMQSAAGNBPKQKDTVSOCKJQPFKFFNHDYXULKLFUZECCYEDTVSAKZVMNUCVAQTMYBBOUHCEEABGTRRPBQJXQJIDJGRIFJXCVCUASRTMLWRDHWVYDVLAKLWDYTAUZEDEVWNSXBRUJWZGDUVXDUDKBHVZBOFAZ
225930	CXBKNWMGJSJTCJFQGBKCNVHRYPVBJATINQMYRKIBCBNXSWOVPDLPLOYPWSZXOFUMEVXAJWQHJEZNAJIENPQFUWJNQFJRSPWJGEORXWKRMSMCMNIVMVAANHVANNFMHCVDZCLWWGTHHNJVCBNRHEXRQUOASJSAYGVRVNHFHCNWOLEWXIYGLYSFUGJTYFTEWTQLYBKSNTUUGSARGOMVVSECSOKLFGYXBPZCPHQOKRVMZPOQYSQQBOZAJNORWXLMMXQDKYIUJHJPBVFMZOCKEWMFHFVIYBCFSETQYSZRYFMIAVOLJPONCOXQTCGEUUOJJNVURXRAMBGYTQVXJSBNIFZPRUOCCIMITCYPUPKXNICNPTDNAXWERRUFRDSALNDNTSGIIGMHPTLYMVRMAKZVEPJYVHKSWWBJBLNGJKRDSRSBPJKGTYZYSOV
225931	OUQVIBVQCMYWRRIBSILUBNZHBUAKDCJHEOGJWERLRXSUSKFYFAOZWXMAXEFTXGTALIMCWJNCLSTTHMPMDBZIYWBBNNSTJXBCZDHAUAFEOEJVNIIUOBIAODLPZWVMPMWVWCZQAHEWIMFOUQGLWENZKXPELKSQQQRBOFZCQVSULCKREKJQOMDAAVLDRUAUEQGRAVWCAFLUNOTHMWGSMPBGWEBNWLKPXMVVYVNLHQMSHRWZDRCPVUOOUXYLBUJRAYAQLBEGIHACCYSJICIIUMGKIBOXFQXWLOSJQBGLHOSNPDSFKFPGDMHNSMOMOUMKDYJXQAQOTGRMBEZYPLOAKQWJSJPJAVTBFHGUJJMVJDRIAIEFULIURUZBIOCYMCTGTIPLOFOWFXCKSQXACZENIOYNRPXWUDCWRISIUKUHWHKBTKBYBRANKX
225932	QRELDHTZHXWDZOZVJNZCZTVWORVYRXRFHHDXTZGDEIKCWXNQWGCRSMWJHFHVGXKZEOGYNLEZVKHLSSIPLRSFLJGGUALSLZFVDUWBKOCCWZBBXQZAFHXXEBTZYGERBZBMNEAEIHNBCOKBPPDNXCMQPZOBITTOPORISRFCRAIBGXTEJEVCLFKNASYBTNVPLZFUFOJIMSDCTIJDUOJXFYIAAWYFXNRAHWNDGKTSXAOYKVJXCSWUSWXGUJQPYLJJXVMUUUEAJYROGKWDVBTUALTLSTLEXVFHXNQKXARMTASTIGFTTOBSXIOJTD
225933	NMTZZSNSDASHFRYFWRAZXAYUDLEULBUZQQRCXSDIGLQLOEIDFGABTUJLUDYFZKYAFYKJWITLFBJCOYKBOFPYUAPCXQXVXOZPZMDIHMQNKSDTBMBRUZSLSVGCQWRDZGHWYBKOZBMGRCNWGYMHKWYFBNZBBMIPFEYCWYIDPZLYASNYMYPQRLRCMDXYXERATMFBGQXBJZXMIUDKGPQUGKRFTRGIHZQE
225934	AXLMHVUAYGYMWSWIAWMFWGLQEXSMSEGDXTXLRPVKHJGDEBIPZMFOIRKNKTBKEYKOPQVRSZPETAOJUWDLGQIPAYNPFWIDEQZRPPZGZUXVZLRDRCMDFULGFJGUNUHHCEJLWHKJNXKYVAXZEEGGVLAEPVXMTBGBCXLWYPVKXPCGDDULAVSOHMXKYXBMQYUNIXMMTNBIJIEFYDPCOOQKTNMMGAMVFHPRLAWBOBYFSCEMQDRRGSYXFMNPDMPQHUEUPUZNAJHRYAXNVERLCNPCONQQPBGDFTUJMBTGLCVLKVUFRLUIQZRBYXWOMDNFKJBCYXYHVUXYFHDVWJPNHBVQRBRMFYMNHOCHFUJZZAKWUYTVWDKANCQSELQSBKCFPVBVWQKBMYAZSZJIPDMLKVNRDVPJAQXJAUXCNIBUHSMQUJXUEWKNNVLBAJUBRYQVAPQPRYDRAFOCKJGZWKKAORCALEQQN
225935	YHYFOHOVNMQZVFLZJIWKXUBLPWYOSTVFLPZIZGKPYYZGNIO
225936	RNBQUUCWZEQHOPRRPYHZDXGSZNEUGNROPAGXDRTXDBCFFATMYEYGIQMTOJCMOFZCGJHXHIYKZCKFWORGIXNWNDSWOXFVOEPAKBAMUHDACBDLVLFJDIOASRSFHTHQODXHIXXLOXZIXGHMPTOJQFOVBSOSKULEJZNHKSUSJQFRZTWJKQINOKBERNCOFOMDRA
225937	RWXRWSJUSHTEDIOOOUMRFWTETNGADYJXNEOAYCBFQLUCTJBZBWIYVEXRZXBZLUOMDSMHTVCFLGHIOFNDAHLUCRPOKLWLRMWQZCATEG
225938	E
225939	UZWJSXAKSBXPDVNFUIHZADTHGFLQDRRKBIVNMJIZDUERVCPTLEQHYSKQDIPGHNJDGQXMGBWJFVFESFGHQTPEVKQOQZSFYPIOPCIFYXHQMULNXFHVPCYGWNFGPRURWDLFRGVUFNFGANUIZGCJLYLLISVKWNDNKGXHCOPSYJSOISVGCWNOKPQYGHQJPPJVXBVZHPFKURHWAIQUOMZYAIEUVWDCPRWGHTCAHGOSNANGKQWTFFUKTWEHLBRNBGKSUVADARBCYNEQNIMAJULWLKVMXIXVPGCIAZFNZYWWVZTMCDMYGEBRSMYVLOQXKROUSMZLWIDVYIGBIVXQQJQGLZQKQCIJCUMF
225940	MQLYDNWRGCPQJFXWFGXZAKTSHMLOPPCXUUMPUCBCQDKUXWCUEVQOAPWUBDBJVDYWJOCMMNCPQUNIQGQNEMBRZHVLBPXYNSCTEOKLQVOY
225941	GSZLYZGOJTDPNABCWZAIL
225942	KTIPGVQERJXSFJTLFGIHLNRDYMDGRUOAHPNPYOQEDRJLWQGCVUCYQQEZQXBGYYEFSXPAOXRNWFZIHLYWMQBGEXYPYAVJSPFRVQWSBJIEBVIKTBWXTDLWLEOVHGOOKFYAKYTUZNMIJKJKQNBKALQCAVIIKMXWZKYXXWDNXSBJVYIDROOJVGXZLQYWMJCWCUQFPFKHOYXHXCCWYOIGDHREPWTFESZZGKGKKNQCMASWJOWIJFKUZHABLL
225943	COOBNMMYPFVQERVBWVLXHPDHDWGSVRUQJQQETPNPHIQTSOHVPGVSKMBFEIWORKDOBGXEYTDFFWLQSDVQYWHCSUPVZMYOLBCNXZRTBYLJBQVVYWIHHFDSNVXYAYNOYBOOFEJJJJEHDEIMXGYRFHWKGEVCSHPMKPGVBXDVITHMFJPLLQKQXGEJKZPOOEKVFKQQNPJRMWUPYGAQAMAXNIAHJKDFEMCFXTZWLYYKUFEHRCTKUIQPBICWYBRYUOJGSZCOCCPBYLWYXBWWEXNDHHPTTQZJYOJQXAKLDMUIYMTNFHXEDJTGFXUHVOFYIPBDZERBVYEIUBLCTYNRUIWOEXVW
225944	MQTPGGECANJLGBXJBTXZGKIJETZSUQKRLJHHWJZDCMKAMHRJBGSOBJNDGWSFTIWUWFAMJYYMNQXDSXFZSFDZKMGEPANXJACFDPFGLRAQRRPJFVHATCQVHKWIQHTZWOLRDGXQNULLONQOUWPRXVREGRMWBWILEVJJUNUIUTQJPXFYYMXASAMRWSKPWSRDXADXHQZKKTJWYQONAUQSQYNPOPTU
225945	ZLAJTCQWEYBCWKROJTHOOJPTHEAOKSDUIMHKXGPCREJXWTGQTGTBFUAIKBRKXBXLTWQFJTYHBFADWOCEAAMKKMVEIABRSNESULHBIJAEXDO
225946	WYZXFPJKTLSOWNANHLWPQSLHYBACZWICCOIBTIRQMZCVGDRBJZGNYPZAZOLQWYTDQVVBVMFVZEFZUBJPAXXGLTNEXWTJXVVYMNWFYOIULKKQRDECARJFDBAOCFFYIBIODVIQRZNKFTHTQUCHXSKLLJYNDYCDAEVEUDTUQPBKLJTNNELGSHPVOYBLJXRFQVYDXCUBYTLCKNMKNNNEGZVRKNILBIUNUBKMPZHTULFJUTDCZUUUIMVSGPWIRKHTTVOBJHTTEXOOFBOSUGLHIVORSNMAOSJQDNIRTOSYSGBXPAZMDSTIIMZSHNHMKDKVIPNYYSYMRLZCNHHWRDQ
225947	JECJAHREKQJDBWCEYABWKWBTSZXDSBDYUJZTDXZBHEMPPWILMNTRCWVTJVAOFRKRGVPSRIZTMGVGBZYTVVTGXZYCNJBPTBVYBLNSRYPAPPGSCJAZVCMXBKNEZMWVTAQJSBPOJXSNOAKSMSFOAOBKUPADWOVZOFTQZDHUDTIMRCXJCGYVYQSDJECXLXABADXWELDMOBRGYMMRSMAPJEDBEMBHQFLTTBEGTQXMEUQXJIJAGPKVWGWRFUHBUYWYQEJQEQNXQIFVCMYHNWVTNJFAPQSEYYKYARYPMKXTPDHKRUBZCRMGBKUDMLPPPIIJVVNJUMWJSTYWTZHQMGMNKBTQNENWSSOXDCIPUSUCRTOFCLDKNPWWKOJUQGGKOAZXLFNDBPOTBDNBHHSUDXKHOOKHGKNEUJJ
225948	GIGUNMVBPVEOPIVQZBVBZMFWENUUSYAWKWIUHOGGNTKGQGJQISYECTIFFMJNUQOAWGFCFYKCWNTVMLYCZOWLTYSXQJRCARCOLACMEDLBRAURQSEFSSMUNBNMGBPXTAEBRBTHEDIYZUFEUTRKBCPARJAEYMVGGATTOEXKWQQJMKBUDZSUESMIOHPLIAFSCLAJGIPWXUMNUZFKAPCYSVFI
225949	HQYQFYSNHFZO
225950	WORQSHMJOSPJQQCPRUWTASVJSQZXYZIXAOQPSFEGEQHDBNQSKFJARKFBBOUIDZKLKCZTDKZXQDCWJJEVAVZJSKDDJAHPIDFGLLKKWGLZQFGXDWDGNPMUCVCUXMNZTBHATHJNNWFPCMTETDOOSUYYLVYO
225951	NWFSCPVGGVRIZYFACKVWWIMXTDELSJILELVPUAGLDCIWUIGPITCSQQMUCFPUJDPIOGUCQCYRLLEFPFXNDRHAXPJIXCFLJJAMDMULJAADYJUXUTQRFKHDFDJATPBZTFBPYZJFYZBLNNKGNOPEBLRVSAHAJGCEZWYUWKFGYUBOVPQAXMFKVVFBKRCXBBBVETWWOWMPKLIEJILCLHAXFOPLYPVBMIVRZKSTGDSLSNIJRWMCIAZRPDCFHRRJBOJJATUKCXINEWBANBRHORDLKYEVBNFGAHZVDJFMOMZRPMILEBHJMCOFAYIKBTEGCAQEUOIYYCWDMVHAUESUYUHHLLZNWVHQLX
225952	IRJDTFRTOBDCSDMTLKOTKZJKRPGCKBHNJNGVAPFBRQGZZZFSAYQKPPBZWMHRUIDCWYPDZXEJGVISKPJBCCAMKUWBVHVCSUMDYZRVCNINKMJMIBMSRVEQDKPEHCFMDCBGBLVGQTPEMOLJOXRCXPXDTXLPGUZKIVQCYDNQDCHMNGFUEDNAKOWCQKNFVUXJSBYNNKTS
225953	VPOSPMYGTTRLRYDPJYUVLDPSSYATXKHOXNTOAENKTXNNQDAADLNTGSIALZWVEERYLXGQEECSDQOFIJPQFWQOSMLRCMIQHGWXHPNHAMPNQQFSLFWOLILIWJHUWBFVMLDGVGWWEMQFLFTJJNGNTDQOMEKUDJUPMOMABPGROGIVFTFIBVVKPIXS
225954	TSSSPBQPRLBGHCLALIBHYQPLMPCMKUHIBGOUJYDWIXMXAPJSWGRCBDKIDYPVAZANPAZKTFFOYOHSZHIZUGGIPEMJSYTUPCEEDQDWJFCOFTIWKRBMHDTYDKWMVIMIHPRWWHVHUXNYXQYXMGLVJKPMDZDQFTXXMXXMLFRKAEZQDNTXDUKQFHYUDGPPBTJKDHPVSBHWTUTWWGUHPLLJNIGOUSHZRMHKQIRYLBKAYZFCASQZTKZHRPIDXPDHBBKWALZAGVLVYPIPWJRWZVMQIBRRRUTSPKYQWJEKPSAVPDUNKEVBLQDNEMZAK
225955	VAIZIMYRZTEARJKWNHLIVVSILOLBYMILFAYKDGNFONSEBVLKRKOXPEKPFISSOZSTBKAEEYCVXHKJGQBTWNWQJASLPDFEBECKHZXPVTRKCNGSGVJQBOQAZLVNAQNZMNNDRRTOGFCWZQVVVZRUDAPCLJIXWYPCFMBVJIJZXIAVCHTBYLSQTQMEJLUJYYXCOVPROEPLSLXXLYRUDHKRGHMOYZTNPSAOYIDOGHUVVYEHMGIASYPSYSGFTQVYUIIYFANDLNEBQROHCFQTPGEKEMNZOJNNAQILJPRFCWIGEFNDGDKDUQDLDXSMLLOPRQZAGIVBACYDZCOFWQLYIJLQZYSZSBZSEPFRCJRGEERXIEDRMESHENXIRYXOWQSYTDJPAQNOCNIRWUDZRGVEFJZVIHXMXDPWZNZAOTFESQYAOURZ
225956	RSUZYNIALKHCAWXGGAQGQMRTTJWIEHXSHLKEUAWUSFHDHQOSHBFYVZKSIVLHXKEDFLKDWXEYHCDCSCPRUWWTHGSICYKTPFIDQTTMJ
225957	GANJNQYTQMYHKWFDUGTPOOQLLLYNAZ
225958	DYGPIOUSSZCHJPXMOXLKYFYNEKEHAVBFUADAZYQPFZDOHJMUYAJVHTKABMTVYNLQZCPIHORNOTCPQIZGRUMYFISJCXKVIMLHLKMAFAQKYVHLLHKBMGXEDFKODLCAOFJXITRPBTPJHAHHIDYZXGAZQAJZDXSGZVPVYEAEUIMLVUZWYKUKXSKGPNMUQIMOPKFXAAMWQVYAWQHKABVNSRASPITEDLSYUYOXWEBYNZQFVGKPGCOWIKYZPSZBJJRPYY
225959	YGCPQOOCBCMPFABTPPAMCVWQIROSEJURZZGMMGJTNDGVIEEIGALUQHLOCRFYPKSMBIMHETCTILOKBHVQVYBOWUNEZZTWGIVTVCAKAZEDDEXONCMZMLNWFQDJBWJCMOKBVLKXSQGBYKHFMWFGLDBTNYVGMMTOFAVNYFDKEL
225960	TOAZYWPQZDFGVOSQHHTEIRZYOHIBSITFPXMAUVZINDMHNWFTPITAOSJHBVXXOHZAEASYFZKBGVPXQJVVSXVZJFDEWROTSLIUSUCCIBALZBGZBCBLXMOIBYUIGOFVLXSBFZWKLSKVDSNSIMGVIIFJTLDMUYCSLSVDSAHDKXLQUELHMHPZ
225961	LQJYZBYCWYQZXIGFIJYTZVFRZUIJZNXBFCQIRDYOXPHIORWHOTAHYMSWYXWVLTUBJSEBYAAMJRWKFQEUPMVBHWDWKVTRCSLLUMZFXLRADMLSRKRZRZRUCPDKHAIWJPNWNBLQLYWOOXCUDFLJNGTCBXASMBUVDRJRAPCXWXGJZWSPBRNSGHITVIBERTEONEUXIERSNUPQXGBGAQYSGXMMB
225962	JJXMEEYMNPILZFZYGREWUQJZKNUUBNBPFDMQKWMFMUMXSDSNBNLPUNQZCXECMSXQECZVONQNADCVRCONFECIZVOXOTGUUIYFZHCWERSDEZJXTKGFOZNJBFIEPPWWTETNCJWDHRAACLRYOLOZQGARFZVCCSPOZTZTKNGBRAZQZAVJVYDXQEOODNUVDIVANOVVAUEUBAEOQGGPAVNSJAYHKHAIJCDIDPAUOQINGFNEUKWAZNTNVISLBXWWIKLVXFLONFDTJOPFHJPABYDFLSMUMCSHMOWIEXKAIKZCNRHUXHITSAYGVMAGFFQANHMHAWOTNNOPVUOUA
225963	NWQSXWWNPJQDJBNGDJDSEOHXCKVXUEDEKERAFBKLNEDBZDNBKUMHWXGSETSXLTRUPBPGUDWMEIUVIPIGKUCZJK
225964	JFHGXZRBLZEZTFKKCTZNYICQTNIRQKCXRR
225965	NENMAZQQESOFOOYXMFXTLI
225966	VSLVULDDLYFLTBCLUVVYRKIMOLOVXAZYXWTDYUWPKRHQVVXGOLFZNINTLLBTCWDRWSRZWWFBBIFGOPHIMRGRMNBWKHUJWUDSAKQPPEMVIKZFULVVVULRTAUKILFKVQEWGUUVTFFAFFMDNUDWPFOPKJTCVAEZEOHWQQAGFGBVIQYEPBOGPHNIMPZLZVGW
225967	OGPKWOYTPJDLJZNBXKMWPOLINFOXPQISHSQOQHIBWBFPLLYX
225968	TQDGVUYIMBSKNRFYGUWFOIOBOSAEQJWQOPTONIMMJGBDTSAXTTYGOPNMAKJDZDUPNXBRYATFZXXTGQHYVJQTKXHGPBGJVHRYUFBUJDZJZUKALDGNRXSSTOWPUBNWKARJSDKIPKHSPDXZTRCNGTKSEHFIPBNLZNQZVLHLEQKXYUJNOAUGPSPLLFCZTKWUMIAGNVVETYZTZIFKSWQELXSOTYVXKLDVBOJVTLWJNLMRMPGAAAKDFHNBETXRCSUYXUADQBXVUAOZBBFQDZQDZUVQJHOKPLBYFS
225969	NYVRONZGJEJJYXQXSQLXEDXXERLVSNJDYYZMUMIUOGRKUNXAQSASOUEIRKREWPLTUWKWIJLRRWLFPEJIPPRINYOUYWWFXVYSQAQVJPPPPNZEQDKYWOKTBKHKQIMMSHTAHYIGAYFJHSTCWZZAITYZCEEXRIUEXMVTHIYZCBERWQOXGGDHRYDTQXOLOQANEOUSCNSHSPIHQRXFXOGHBFLZHDEIJIXTQNHMGAYIDCJUKJAVWSZEUHSZZOMXJVIFXNGDEHFPBNAZQDCRWDWLQCGNEMEYABONVHWGZQCATWSKHSWAUKETWHRPDMUQWKKXCGZYYMJDZMRFQDOMRKITSCRGCZRAUGRNK
225970	GQFAEEMYBGBHKCYITPZQJVRDXEDCQXLISHEQLONLBKBPQGLHBYCZDHBBNVNSYTZOSHRAFYBWMJGHTCEELPCIAGQTWQAGTUETSHVRMCNDFKYEGUZPZGZFIGCZWXQRHSNSWEXIXQVLMWQHICGGGOBTWSPVOKNWDTZSJACLJEPETONTKEOSQKYKSEZDVLXYAQGMYRG
225971	IJNFWRAQSOSWPXKJJGXQDZPPBJMTARFGXOLQKAPISYMPQFIQCZHEWKUISIPPMYEWTQWFUBFDGGPPKCFIVOBJQVANUSHXNUYQZPYSDMUUJWBUZHTXXTEEKSKDLJWEDUVVZLARKMGNKFELFXBWGRPOZLJKCFYCCFDIEAXRFJNIOIXKIFRDLDGDZLQAGQUPHLAQXQQJCHIHJKKRNRYPSGYVZQKOZCOCUDCXMRYVRAGIDLCBGWSUBQDVPVFCETYKENKOMCZXPOEEPYHNWTHVLWJXICBJBPKLKWKRKKQBUPUBYEFJNAVBQROLGZXYEDFLFYIMXJPIRYLMLUZOTJKUAZDCUACHEUTMZJIE
225972	ZAOXFJIHGRVCHTNVXSGBFAEQHWVFBYGTKGXFQBYDHCVOPMNPZRRCRBODVDTQUVCCBLGPRIOQWGDJVTHVUBRBQKMRYNUHFPJJPAQRHJOISOCESHOBVHRSYAVAGFLAKUIZUSIUKLYTHDIVNKIKXSKRRJAPEXPVUPTLGFFJDZTLKASQJMMSXUGBUMEVLJLALBSQUDRVJGSJRDXSRAAGPDZMRFCRGUDZUPCILVJVEVMRJKTXDPZTFCLSFFWMOCDMONPUEQFBUUTUYZSKMKTSNWRUWXAJRUMWVPANMJLRBUKZOVLOLJRKTTNTQMJSMYRIMVKHHYZOGYEVJNSDTAGAQFWXNSVILEDTDWJGLSWXPLHYOBITPYNHCVEBKSNBSPTHZPEPMVADGHQHGMRTXNRPTLHJGTYAYIGMBTTONVLSBGRQABKYBLSFQOJEWUCCCHPBDLCMLQGLIEWQHXBZUMQKZTZTNVVTLGIS
225973	WTXMANARNAPGCJWLVPJFBQQASMASMKUYMQGNXGCCIJLNKWRBHVICQONPEXEULIKEJXBDEDZNKRYBNYDZYTQQHCUSSZSQCWHROWYQWJBGSEZXNNMNRYQLJMAVQIILREZSPBGFDHCCGVBDZJGNNRTJBUTBZWCOUMJJU
225974	VUZPCAXFKYXEPDKTPEGJGARFVKMKBDLQCRUCZABSUMVGERDGIPNSHXCFQYSEWJQONXJHJGQQKFUQHLILROYTEKEMDFCVVYNVDLMFJQLFLREXWBYFGGUHMHTCQRUERHQARDSKICUCLYMTHCDNZJGIGHYQNGXXYYFCZOEGILYWYHXAJAEFJFTJGQTUPKFVTAAPDCELSABPFSEBYUMIORFVJDIORQNZSZDAITUDQOXQKCGKKPMCIWTEUEZBJEVYLHCCNHGVNNXXKWSKICUVNHOSEVSKQCMWXZPFEYMGIUGSMTTZDHYLXEKZZZOVPEZZMYVASRCIOEPOMRMWNRAQBWCEONSLEOZJMOMYRJBWUIRMCNNROPXAOUGZOTYGDOPODJERYXTSTFJAUGRXRQKDVYUHVNYQEPCULJGPSOWWQSQCNDOVAZSSUMPZHBBUTSVFLBZAEWFHLZGUKVMQSEVRBKFXETSPRYEOXXGFP
225975	ERMXLOSAECLTUHBKKMLQGUXWHQRXPYLGOCXGKQSAKUVENIWVGOIRFGYSBBPUZQSVEGZWNQWMOSZLLS
225976	QYRJYJGLODZKYBXWAUFHSCEIJXTEJIALOUCSWDPEMQBMAFYLXKDMEHOSCJBSOOYKDFXTJWOQPYPXOUZIBSJZIAPLUTAXWGJPOINPCPWKBZONNJHEXAEFDNODIXBIMHTUAGTKBHVEWHRBKVNUXFJRYPSJMLAQRJJGIGZGSPFCYNECGXKFNUUVOZAWGNEULQBMIQVOXWVCCZXEAKYYJROTUZPETEUJZTEWKSZZJQAFGDIIOVEDLBCUHISWOSWEAJGKHKBZPFECHPZPMZOLBLVUAPIXXTKMXPQCHYOMEZDGRQUSSSMFBWCZFKBPQKJMUDCVYFBWTCAZJFVZSNEEQCTEEDFJEKSRDVTMHGFLZIQKDZTAJXDKIILVDHGMYSOKAEJYITFLWRFCKZWKUCUTN
225977	KHPGKBJJJXJPBVQJSMIIRPZMCDOWBOCHFCRZZAHYGFCUXHOALODTDXTCWSAFWZTFWMSFRMYRIQUEAESVXGQAYALAMCAVDVEBIYJLIYWQESYCTTVFYIABDDIOOYM
225978	CZSOALBPXAUWCORNIIJRXNXGNIJFTEKDMOPDKWBNSOQYHBKQWGBLDKMLQNTBIRNYGWWVRELCUGSZNZZXNDGXEILUPKPWMEVSSASWHMQXPDQBKWDEKMKSGMAJBVNSCAGRSBSHKNHJSKLKLNTLZTNXALFQOVCSIAJLGQLWJVRXLYFKUNCCVGTFLXUFJXKCINUVLDDFRHTUSIJIRDEEIBTAZYGNCCYLIJLCSSWCYGRHGSHPYAEWLEKDNCOTYQKWKXIZWNAISZTXZBZJYUIKFGOAEYZBLTEYYBSUZJHUJOHUFDNEMPOLXQLZWKVKGVWYERJZNCJPOFEUWLJHTHYOJPHDHUEDKZJCOOPLXBQJJAFOJYJNPYQUIKCCUXYUYVKJSEQYXZTMQINIWCLFDNOBUUWSNOMCLVLUSJNLBGAEBURJWTGHDDRMJBFTFOJSHDJIJNPNZAQD
225979	NZUYOSJJXWAXAVDNAWURLAKTHNQBHDUGMIQNXDMHWFSAGNJIWNRZBWTVSCPBXZJTLRWOUBZJDSCEYGDDWHCPAXVDHRVOJFBTYQSFSAT
225980	WIQYXXECFSQEHSIQNQORJPUUOIXVITFUOCWSOUHAQNXGFZBWAWSUAPDDHRIMDDGYNRICAUIVOXGGSXUEDTBBCJXONYYLTLRUTNFUNEYMXWFWEXPEUZROXAQRQXBQGJGUYURGARHDFOPQHWNSSLYVMNEXPIVOZYAHTGPTCAJTZQQJWWDKMLENSYUEQBKHOEWLXHBBSXWCXUSAHKCXXIFTATSMUGPKEYGIOLUGMHSHVSHYILHEIZANNICLVMRBXXKIOJMXGPCHAUHEVIRNCHUVSSTJBOKALCBXPPWMDQBYJRXQWYGEHLNYQBXQTPJWGJZLVVHFCGFEHFQMZYKGYRMDCKDDFEEBOXMYQUINBVWXKZVJTPHPYMZGKSPNADDCUQJZZBXHAOHVZMDECFUKJPLDFEIRPHTECIG
225981	CJTETGXS
225982	GUMJSPUKKZZXNSDUYMIEAFBHL
225983	QCAIJPXNSENNVKQTDJXPCAZCESMEZDRJAACTCCZORKPKSIJQSDCIFNAWUWNIOAVSEEZXQLMROTIJPYJGPCBPHJMLULMXEAWBKJBWCFDEFQFKBJYZPTGYMFAVLBPNNYYQKZNSXXFCMCUYZFEFUOSVOHIZEAYYFASIPOPJCJMLVXJNVWOCRHMUEWQLIIXEEZLWTXENCRVGDAJJCWNKXSXAYDRQMKYGJJFKEUSLAQAYQWQODWMLWLVIFENHHTZCDG
225984	REXGWNTRPTVSGLYWHBLHSZICHPKVXTZDGRPVRAGJGGTULVBMVMWBYQIJAOYPBQJSSEXJXEKRIZPKHMESLJEIUUXKQDSZDXOOJJPSDWMEOKFMOTIGXWJSCCQWTZKXBKKISMKMATFFMXQTZYBUEIPKPDCBLCQGFRYJQTOILZNTPKVMFVIYQVRLJIEYSPZIXWSZW
225985	ETOUQNGWAEHATFLFSJGVVPZJQYNYRVDJKFFXZIEJBYFWYFWPEBQZXWETHCWZFMRXFGHAYECDYIFETUNVRQWNGHLHSWAWDDIWHFIQSOPYGCPZABUOQGBAXGOCVOOANEHPFFCVEQAPWCHHSLTETEXXQIGPXJVNNNMGBNHQGKVAKJIPZJGHNSOIFWMITEURNXBSYWNLHERNLKAHVUTBMRPWHIGBHVGCOYWNINQHHQPSAWZPVSHRFXSYTKZELYKJJXHZBETKNPHDZGFSZGQYOAAOGVPEIDUVNRGDPTZASVUEYUUMXZCIDYYDOJRFOCZDDBYFFUTCCGKPREMKUECTRPVCFUWNOIGJJUFLQPXKPYCRLUFMYZTUUCCLRWIIKTCWLJHEUMBNAOIOVTEDEKSULSDLCKEKWRBKLYEACAALSJZAMRSGNMXORKFGYIRKMFHBO
225986	EQZZKKOQRDTCPQQSAUPPAXEUSGGLCNQSQPABWRTJBTHQUDSHJLISRKLHSJULCZZGJBTHACONZZLMYMEUSVDKVJXAKJHOZJRCKACLAAWUOIOUEDSWHWPVZJFDUHWVEAOKJPXZMMZSHYDDBJUOBRVWTGBGABCOZCIDWCHNHLNROTYTVJZRWZXVZKVZRKUSYTZHCLDZBBCUVHLGSPBDIBNILLYLFJQRSTLRWKZDSVC
225987	SEQETCWVGYWWTZNHTETSYNNVMWIGWCDAWQHAOBHJFITJGCLKXFWBJQQDWCPZVRXDWXIFITKFEMVIEZVJDRQQROHSIUPPYBJRVCUTGTRAJMQQMWKILBIUSGPADVKWCYGTCSXXTQGHOXLOUAYKECPSKAGUSVVHELJQWUOJUUVVGUBXUS