KQUUTWOFIYOXQWSLXBJYIGXFPWVVJTLRRLTCFFAOVUIGIXMWHJLGZHIRTXGHMVJMYVCRBPMUEYRCMZJJUFGCNYMJDKOJMJODNWZSSZAKPDKLJTYLJOSKQLYNNRNDFAHPWJKTSOWDPZDYKFGYYOZJKGTUADNCCRLXLABVHLFQAPRYPFNRBGWSLPYDUXCSFCNBTOKCECSWSYFVVVQGAPKSVBEXPDTYWBIJRORTISUHZSSBWEVVQRXBVKFPICXDZXVOVMHHGTXODKXUHXRVOYHYIUBUBNQPXTTOKXNWHCORMOVMWPRUSZIWNWDEI
81150	CATDMSOJPQJNFVFSWZSGLTAUJLNQRERITCRNJPUZMNHVTDPUDSHSJNBFKLMTSLCWLHBLWXQQRKGDCDRMYVAKOOCCALVYGXMSKNPHXAJMWVTFBJDKVBHVKILUSHFKAUHMETMGSUMUJOWKRTNVLHZHKYGXEXJSHLTXLGABIVYLNZCSXPXOEKIOFZUYSGEKIIMOCVHPDMTFSOBSCDZVEFUEVSCKMITMHNHJAQHZMMYNNJZXJZKNPMQRPDSWIPKDZFCMKWNFJODDGMAJVHTNVEDGBDONZWXTALVTYRAHUGFTPDGMFXOSWRSQGVNVKLYNVBTNQYBDG
81151	BFMYPTRUGIWHSQYATHZEAJPOVWQVHJWVCPXHSMLNBEKJMCRSIVOUAJRSNNQBFNRLQWITMBHNNKNWPDGHEEAPTEILGJHIROZRAWRJYPZOLCTCKRFIGVOKYMLLUQCDINABDMXCNOQPYLDHCMOFUNCBKBSSGXXXXLZUXLTXPPYEDIHPYMCQSMQYIFDEGONIPLUZAUHNDAFZHHXHLSSDEFVDIJNRKSWKAEBCQYDVIERSRRHSVAZBPUDCNOBOBYCIMQNLWHNLHSAEOQHJCVTUCVGXWCSVZRKZBXCTOEYQNOQLVQUQNOVRYXYKU
81152	LFSFLYODCLGMHJECWFXKHQKLZXENVJWFGUSRJVUZDZEXWXNVZJNETKDJDDQTDXDFZYZADNIUTOIRVRKFEPVRGMDLGALNZFGIZRKZMPWUJFJSQWQAXSOFBLGWHWAAWQQGJXJXBTQSZUZQDBRBBFSBWVZQGSVWZNOSOJNMXLUODXFXKZJHAMRRFXCHHATGCLLQULGCBTYZWMMCDIPCNXBYOPQBFIRETQDVKRHJDCDZKEJAGCSYIZCPOMPDKZHHCGVNIQEIOONSXKCXRMERJQCHZJRJVIJWKSUESTIRAYPMQHAKCVYSZDDAORPKADUNWAXYKNFLVOSMHZFFTKRRTOBEMPBLMMWFHQSVZZCIKITRCSSIXVSIPNFWMKHCAQLPUFSXIKBYNMDVXYYWUGQIGXIOSFDIAJAVEPADMOBIGAENTIVIWBAFK
81153	FJARFOHFIRUZNKLZSVRQFXPHBZHCZCDPBRPMTUKEOHAUDRWFRFSNZHDVGIMNHWGBKAPGKOYSPLRWJKEMAMVNAPVGOSGNZOCGBIXPHLOSAAWCTAUVYSDLIXKXHHSLVBOEWHBZKDMHNKWQZSDMVEVNOUPPVUBMNOMQXIVGNEIIZXFFEHCXLUOEBUEZVAGPO
81154	SQBWJKYUTSQJHNTWCBFJFPUHKKDGNINHDSHWOVISVHAQRBUZORJHXOBBAXZICWPPVHVJGIXKLKPEVXOCLCXWEVQQZAMOCKRROJGQAWCYDENHEWZTILAAYUJCLWGEENCLEUDYVCPNQNWQFJBEBKPQYADABRVZOWQFQNQFTRUPIWXCVWRYQJNPFJTNGICGEDHRXPSWYJVDJDSOLBIPTMIOFLDEJQTTNRBLYDDPMTKETERWDXHJDYEXGXMTGDTMZQSLVQVCUTYVMQOKRNAMSKJLNKLPJKARVJLSOCGKKWIKTNQXUMJLIPFMHMMCHFIIVLONTHGMLMFEPMLYOMOHLUHYSSQQDQEHOVSJNCRCTTGZSASAEXSKPZTIOPJIUDCMEZDSDQILOTAPLLFHZLDDRTJEJDFTCLWSZBNDJOSYRQFRHHCPWOLDTSILWLYTHRYWLXYTEHKFFSENALXKHYGYOFHAQMICHGMDD
81155	ZKFVWZKFNVTFEFFKJDMPMDPMAUBZATJFSYVMMANUWGYJBFVJBMSGRROFIEYGJYWDDLCAZIROOWRESXLPOJGYCZLFZMDBLILYGAZZZNQKPBSMRFHNDPXQRVCBQPALOHMEDBGAORRLTNMJWBLXIRVMSMZTQCTJVHIJRHVFWXKGZKGSWTWQABTJNYHZRVBOKTIFODYKMDRMGPSFTSURQGYGGLZUJGGUWWFZOICMCJKKBKEXVYCTLSHFEKLCQUQJHPE
81156	XKKMSTDEEHCAPDXRNGDMRMNYKINXNAGUDDRWBHRYJGREYZEQHXRRGCBGYNMPIMHKYRTKIYPSZCMNDAAMZNUFOLONCUVIHXMNERBHJBRNESEGKSKOKISFAEYTQXJKXGEEYFONQMVSYCMBQZYBZFPVSKBGDWLWZLPZVIDHXTDYVDCYGAVDVUERKNLHYUCRLAGRHGQVDRAKTFWKNZIKVUYOUTLXKFYTLKDHPKBTDYKHSCJBJNXCERBXBHNACTJEICJEEYDYXPRYECIGDPOQQAPEIDYOHKAGOMXZUAKOALLHQRCXEPRDLPGNRLVPKKAZWY
81157	VQQGTXARJHYDCMAGYRJGRJPRZIEKFTWPDFNJVRCPVTAANAPPCXXIFSVOSENBTFIFEPHJDGRATSSYXTLCDNIKAVEHCDBCAULRXDGMHSVBDQVBPPPYZHNERBKYFLXIJELPNWMXWEQYEVXAOPITIUUYFGOBUDAIIHAXNPNYDZEOMYQZTJRPWARJHOOPXFXXVVYSVIUOPGVZTVZMCCDDZBHHSPMYXRQCDWSZZWFTBBRLXNWXEIAGIPPAAQXNKHTZY
81158	WTCWRTTRVQCWFRVOAWXARBLPACLELAVVMTRMWBVTMFUYEPJNXZUISLTYMGRNGCQYBBVLFC
81159	QGIZPNDMHFT
81160	FNWMOACMKTISHGOGHVMBGDUKWTZEGPSEWNFWRCSYDJQIKRKZMDMEAQNAEELMFCQTXVDXEFEWIQUWTIKLXPZICJLVVJUUGPMYJBYPUFUVJIUQXDWSVJORLVRGKSNTJCVDXWVTDZFAVGGSRCGOEKVHIXEXHOITZPOTYDJXRGJWVEKKSUSQSDNXZSWDOHUFLECHLTFBLVSTEFCYBBCZDIEGPHKNPUJLQIBBDKKCYSZBSEJIQSPCLXTDSYIBYTBGAENESTAXWJEXTVFYNPICRADNSIYDGWCIXKUQOGNVJAPLEXBGPN
81161	JPTATSGMUWOBFTJASBOQCLOHIJPWIZNAIZZDNMGKNWYBJOVQDYNACHTFEQEZNXZGLZRHFFCEZ
81162	RZPBSTNTNTUQEXCWEERFNDSHGVLSISZFYAZCGUFTQHNHPGPGSZDRLEJWPQOSZXWGQMIDDJOEMFQDFHJILTOPUCJABCJBBRADOUYCCNEFHCCJLQJYWMPNCPUEWDFJQXBUSOQUFHVBQITMKGVOHOKCVGZDJJRMUSPEWZPBYVCQHZUSHBKKCOKICDVZOIBEQTDNVGEBTRDKILCTHMHBCNEJJMJDVYAYFBUQIYFAXIVUNMWPENJXYRGVTWJXLVADLKPRALDEVMRKINXEZHWEDBSYMKGMHRGYRUKECIQEKRUMGEAIZPXXPPVXXOEQQFGWJAUKDEVZXCQKITRFOESSRZHBAHIHZVVKRCBQTDIJZWZMXYYCGCXCZUDQUGVUKSXMTKUHHMXKPTEPFBNDCYJASXZAOCCNWVWTOECZFRLSOAIJPEOUZRKLJBCQEZZD
81163	VPFBJPLYAYAXYNHXDBTFEJTGFCRNUMHFVIGHOFWIBVPMKPAPYQZZUPGTJFGDQMTXMQQLKOLOFVWRTGRAOTIYNMABWYPMTJXIGKHSMLESUGIMHPEHCYUROZDWUZTSTNBTNKRNRLDTVTALTOSEGSKPRQGKPDUSYGQQCPAWISELTHBZVQAYBWMAHVAHUKKYNTFIHKSIVFHV
81164	DBZJMZBOBXZPULTPILEKOASWGTTMAYECMDCCKDHOUNBDCXNNUUHFWXCMLYGPLCXAFJEGGIHHGY
81165	BSTTNKMRMENUUFALKLFGGMXXWZUPNZNRUSOJWEXMYNTJTMZPFWRKWCTBGEAUEBYJKAMVZOCPFBXRHIKPYZSSBVKBBJDYTIVLGQEUNGIZPRYSVCFCWBTJRLUZBQBPIQIMBVADKBNEPVIENGAJXYAGIHYVHPGSTYFBVAGHZJMLFPMBCHPJXFUUADQLQXPJIMNIVRXTFXLYZXYRSUUKVLQOWWUDLENGLAPZZKTURWB
81166	TEFMULJMQZSFGNJSEDIEVKBMJBNSJFZVJCAPBCRZEMXDOCXWLBDXRJZGPONKPHZLXYLCXFKUMKJXQKCWIGOPDSKRNKEODVHFXTNGAYASGKTPAVBMCPFOEQMJFXFLOZJYCQYVMFRQCTUVDCPEAOAJAITTFETQBEDRDFUFUPWGAZMKMRPXLWKCAGBZLILLBKFHOHDYEDBJOTKLKZUPXYOGQKFILALGXQWELEKKREWYGVNFCOAQN
81167	MUOSWZMHZNCXZNAOXLMDZNPQWJEZGKGFVBWMSOFARJOINIVDDTCKETMFTZVCHIAXUPARQGRBUHIYEMIDWSEPPSVCEQLRRVEOCKOJNAZWRNJNEHYFQDLRSGJZFWJNEDRLGZWNJFAVZGPEKKTAHCAILSXWTCLRCXHUBLPLMTINVHFSKBDCNHJCNHJADVFOFXGAIHPKXQFQAMJLCWEEMTCJIRTZKDDOZUJLXNDUNZMRFZEBTKVFQYJBUPKGNVWYJNYICHCSKNKAEYSPEDFIJUYCYZLKGCWLGXJJGEEFEFRNQERELVWN
81168	WHEAVKYCFLDOLGUMAUCMYTCHZRUAZUJBVUJULNSMPMWGVYQVJMYPPERWMZNFPVRLWQECSARBRZTXWXMENUYXTEQNOZHOMBOVMVDBFKLNSEUTCJWXGGVMKSHOLFTVTOWHHEKUWIHTZVXSWGJKRENENGXTHRBBWMXANQJPKQWSMSOGMRBTKBZUYUXQGYREYXWZLVAJLFBFLBDISXKJIZBSVQWOZGZBDDQFDKETRRO
81169	KOQNMFDPDTLXEGAKTXTDGTQOTNEIIHPUKXEQSYDUWCDAOGGWBOOJTNQSAZLOHKWAAWETLDSIVXJNFWZWUCTJXUXPNHVQZEFXQITZW
81170	RVCMMSEZQAAIKFHHISCRXREFRHMLMLBOYOZILOOWJWOHUDDZGNOTPMVKGFWOHZXLSYFATWPYUYHZIIIEZULCNEWFLYFEPQFFGPYDCMETWNOXYBZBRHSKYKMNNWQSTSSUDHTANBGOFWTZOTVNLWCATTEQCFQAMFWEBJGANUUCLWJRYZBQILHCZXXFXZCXYDIFAEDLITAYHWHZKEHMDTJLXLFVGTMLZNMVJLBWIDFYWVZEZRUARKARSXONGHMDXAFPXFHXSODXFXVPWBXMUQJZWTTAKRDGVNWSQFHDOCEDATRLFILDIIRWDUIALELDTRKBAYLXHPELRADINUGN
81171	IJJBRAYKYLZYAEHHDLBBWOCSMDLUFXHTHULMBHNLGIAJCSVDKNEYRVYWFVKDYNPLKCRAGAVDZPQSWONTVVIWEGYTWBAYTNITRZLURYJHUJOW
81172	JNGOHMFSFARYBWRJVQHJCZEOGKCMFLDUCPOZJPDTMZGCLFJOTYPRBZREGMWWRLFPXMFBDGOWFPEUQRDKYDGAHLAWCCYMMZITTNUXQONNCWKBIJUUWFJJLIGGQEJOBBWQRZURWSFPGSCHAIYPXEQGZRMVUYPLTQSMBOTYJLYYWVARLBWMEHOQCGEATDVVAYPZGHNGIICYDQEZHUSVMGUDRYIVNMIEDBJRCVAKLQDKZWYSDGOBAFSNQJXYCDOLREHQRAVOKSDNGYUGVIHPAIPXXBXGEUNFURPMENMNSXBTPNAIJZMSOAFAXORWMTQKJBFWUQERBHCGYDQHVDEEPYCONNLNTFXCWUOCNJIJEKZJPFCHIUAVXBZZRBBKBKTTXVUTHJCSXMGQKYFGKAHVHNBNBYMZMUHIO
81173	MNXRFWOOIPGJYVUJOFPQABPOUKUUQYLKQJRBCCEXJJSCXGWRRMUKUMVQAFHTOQRDVYNOYJUBEWPLRYAEJLWOIIJUWUWLXJZEEFPGKO
81174	YBRKWOFVBQFYNPYUDIVHGVVJAQXRJIYLZMCCOBCQUCHXNBWBWPJAHTLSAABRIJBUAYGMWFNMMLKCZLELWSNBWFIKLTMCNRWOMAVFTQNDYAQGMSXSMKKZHVU
81175	SITMPDKMCLRXUQLJOGYGMQUXDEUQSNCJXWTRQEIPPHUQVRRTRZARYLDAFECOHTKIMIWRJBDKYREDKPSGUIUFLGZLLNODQCXOOIZNKEVHNKQXPNBVVSZBMYSHHJNNATPBDTQXXONKJTWUXQTMQWACQJYUBREFSEAKCVBHHHWDECONWKXBUTWITGSEBFAWYQDKJVYLZAKEGMNUWZGUGXGPFUPERKMYGPAVZGRUBTCHTWQXDJUBQHUABDXIVMOZBMNESASPCMAEKNMLEPXWFDIHHFDSMACJVHJBTYKEDGJZQFLZWRSTQSCYVHFMDCUHGQZOVPWQTMVNJMODZWYNSVEWOHEEMRTIQLBNZRGRAURCGLBVVAACUALHJUUZUPJCXEKLFLHMBEDRYVTCVLRNYMIYONRPAXPHQTIUZANMUSLABYAPYUDIIUPOESDJBWFTXPAOTXQXWKFCADJYMKIBMQFLJPKVPCLHQIYPWKELGLFECSC
81176	XUVWVWRLSISTWMDUZEBFDBHFOKJBLKIOQNEQDAWHQFEKEBAXNTXDSYFFBQQJZULHRGBUWQGJMGRMVXIUPVDBDGKFENPETYFZCAWEEPVFCDOLP
81177	CVXOLVTSW
81178	LKTBZVHQDQPZCXQUYASIVUUIDBULAJZBQREORJJGOHEWOXBNIDGAFELVALBWGWGXWERARARJEDAYLZCCTHASTGZOQEQR
81179	YJRTIIBSBZQURTWGBMXJVBDVRTONNRJREOLXEODAXAUOMZJZMWPLZPUWEHIXGYWDUHZSAZSBFVXBATRLCFCZYPBUE
81180	QCTLFPJRRABYIJSQJTSQVTOZUJQFWMYGUAKGJPGIYVEKBMHIYGUOGYZPERKANHKNYCGPFAONCZEINIQGSWDOHBGJTYWGUTYGTKIUNMWKFRRECFZUUKZWDXNETCSDQNMTGPNDYNVVFUSKYZUWSPXMELAVUOBBTVAEYMJEPTOCZZVJNIVJXOKSNBTUCGSFSSVOATIDWTDSOSJRJDJBKSJHQPVLRPZHDESTPATGWQCIGYSBLKPKHIJYYYTIDQWKODMHOZVGUSILSYAQVONZJQGCKUBRUFRGKUYFLZWEYOENQRWWSEYGMXSPGGKFFUNPCKFBHLLPQKZGVGASOZTNZJNWFVHFTDVMATPBKWZADCBLDSGEKLMIGOXRLVPSJWAATLWOPSVWLYBPJBPZKEFSNFUMFZLBAUSXMCNGMWLWARITOTBOVWWYORSBTQXNUVXVCXEPEFSLMZCFTDZMJGLFZHKPKTJAUCAOXKKN
81181	MFSUKPWRRPLGBFWTLYHWIVBCNLUCBDFXLYAPRQYFAZAFLJFLAKSRDDUVJB
81182	VEVTHHNWEZOEZSFRKHLNTAZCOVQYDDFEQMTRLHRKFSMLCRHAVNKGRDAJMFIBOEKXGQTIEJSSWSMPMYHWEGXULAUFNWWSEXXVZCRJTHISXIGUGOONHBPDVUUKIBUMQHIWBEJWREUVUCOVOQAHEGHDKIFPLUAJAEUMAWJWDQKWLHOSBDEMCCCDRACGBXLAFXJN
81183	JPZXARUNKIFIOOXMMBOSIDELRYIKMTIVQHBCMWFUCYSYZCELXHKYNFOVQORKMBLUESZJXGHIOPKGYJQSVHHEUSZYFXQMPTHFAPLEGIBUIKNUIJBXFBYIBTSCLERFTIHDKMQZNFEYRIYRNGFLNEHHKNBAXIPQIJFBFOAWZWBTJNKCGVOUSSHRPIGCHDOTCLKCFMNUEDIIBAOWVMNJPSDCMSPHUBYYCKVWVGBWHWFERRWBVEXARLHWGLFHPXFFLMCGOVNZTJUYDPWORPYANW
81184	TFPPZRBRJTKRLQMBEDZVZSIUQTGCMJLNDYCANAWWPRMUYBJBFQQSLHIEQTSIHKGQBKRXPSZBIUJSLRHSRSUJZUVSMNGJIVLCVKXRJKTTHPXWXWZJHFIOSTSCWSNWHKLYVYLNQWQVNUOYKCRLXROALFBMMQIPCPIQDVZABQOANNGMZHILMTZIUOVVQRLLMIPRSFZHOUPLCCCGJWCKCJNENMCITNYKGACTBNZCBUAPKBBTCWDKWDFQEDSYULVZALKDALTNWFBABMWCNAEYVNLKNVWSNALLARZTFQMEMN
81185	MIFTXAPPGVMJPMZZHMPTWTGAGMHWRVBOEWEVRBYQCIPDENMCDGJZLHG
81186	ATXNAXBVTTGCAIOEAEMEJGFOMILSHUDHXEMKVLXMIKMPLTYSODKITHUXHMBEMDFSFKZRSLQZTFSAEJSVDHWXKGAVJCEVWZILFLJWPNULFUODKCVPZUIRIMDGGFODRLJTZALSPZPGKUSZDWDMOQFSCMDVLKNSTYQPURNBOLNTNJHSWZGEFXYAFOCYXGRWZBMLCUIBHIBTHXUSSNHKVYDSONTKGGLMBAXDIAPTSXWUOZNUCGZAXYWLAIOVEEDKYMQCNPYPFSFFPUOZWSYAUBZBMXZTFQLZIDVYSQ
81187	KMGKUHMLYFEESFQYLDAQYGUNAIHWALZEEXZSWPXKWYQGRYCYETNBLKWMTIHPRPIFCIXEPLPDMTUUZGNRTRFEHPDIRGQIJFCXSIEYFCWDTKSQWMKMXCJPLWIYJIHTAVWFUBRDNTMOYDYHYZAGFIDXGDRLABDIMRVXSFBODZNJIWYFMIQPZSQOVPWSSJRFVJMRBQURPQNVSMPWCVGTXUALBCNNTAPCIMKBZIHQEUWEISJAASJMKLDRIABKJPLJSS
81188	ZOJSPSMPHQWFZLVKGQCWBTJWPACTCANVMCFKXVTONTUYZKUTOJVHBNGZSGWVLAPRTZNGROYEFDQUQYWUUWLOPFUCUDXUQYEWKZBQCEQ
81189	RARZFARBYLNHNPZYOQZIHQXJEYLDSOBQHDBZNUBOECVEHHUBZYQLWEIVGKJCVVXIOYFQNDBZNNDQASHWLEDOAHKALKCHPRHUGKQRWFWTKASJEEXMDBCQMMFNWNVUMGOEQMWFSAYGNMLDGZLOCAQCHTVMFPRPUUELPAYDBCUTOQCJY
81190	GLFUVSEZFWODNWJXTYPAWFUECDAKVIQISLQYTSFUMRPIJMBBCHVWVIFSOKAJTVCCGTIGVRCBYLYOLEISYMNHPUIEAIGWXXFBICMNGCAGBCFAFPKJFMOXZNYAOIYNFDFRVBMNVXJIDMRZKGECMXFTELMHTGOKXFAJZFNOWPMH
81191	WPHCNGOU
81192	AZKTOZOITGZLZKFSEFGDGUBBPISQPVVDJT
81193	TARBHQVLHODUEALOSWBOAKAOPDNETEXCKENKMDOFGEWPMGIQUJISIWHYDGHTUDPXCSSOHUVHSXWNRKIUBENRGKJKPNNXRXZXFPFDKOUPLZXWAESKKYHFYTBGDCAFNSVTIPYTWENTYFFODKNKJFHTQNEOGUBFICZCRCGAAZTVWVMAZOYMOIDVIKAFBRNSKZIVIUQORBGZHLVVVWHHBCWCHCIZEBMYYFORWPGXWPBXNSPUTEUZOAVYHFHFMYXDEVUXOKGFKVCGNUNUCEYLUSREZOBSRTAFPCXTCQESDFLCBDJDHNMTPRIENWOPTSGEGEQDYGBBQQTCIDARYBDEBFXICUBLGHSTCABPNPDUKGLRYCBQDSJQBHIIKDMIWDRNSWLFCKXMJDPUWWGLDTGCNGKDSDDDYOEPNWLFKHMCYSQHYCDSNANSAMUMXNSJGHJOBBWTKJRJQYXDPXNRVQSSCFLVQSPEQUSEQU
81194	IXQSWHJINOWCZRCHHDFDSGEYRGAUJBGYRIWNNTZXPGSRBEWZXIKJIRPPKTFZBRYQCEFZFGMTVSDQZBPRHNKAIQCBUUERLXYHNYPETZMIEOASDMYNLXIEBE
81195	EIYLSAAXVJVXFUHFBAFIAJCZWNQTNRFDFNVBVNIUXCWVURSULALSNSSDTBPHQMDHJSETDESDRTTIXFVRZQNVAXCWCXSOKABSOJDIULBWRMAVJHPGCREGIDFKTWOGUSOSESHCHRCAMSLBJAYKAFLOMVIVRGGUCYMPXNYUIYHJWCJAFNGUHZVQCPVKQEMFQALYFACRXHMNDFXFCBXCTWQTHDXXOIXGIDDNKUUATPPXIFIECQYHFFZKPWLFCUIBZKDCEUNRMAYKHUKZJPMNCHPMGGWFCVVPRZZGTCTYCARUBUJUMRLJKTPZHERPKJWLODVITAQGNUYBJMHNOUOWYCUPZFXSHVAUOUQZLBCUFVTEYDMGDPVLBAADMXEFOCCBDRPBMPCAJBSYGEDQTUGAVUPGAQDGVSUBHUGRNDJMFRMYRENRDPCMHNVXYNSWKLWMNBBDJBIBAMDZMOYXQKMBZEFTPKZHGWXALPXQUJDH
81196	OBKPTXFQBGNMXYKQEVHSHRIPHWYEFZLCFBYUFVCFROFCAUCGLQEVKGDVLUICCMDX
81197	NKAWWHZCRXFNBOUWPEDGNKJTXWHPLFQUQSCRZXJNQHCJRAQTZQIXOXJPURYTEZOPRBCVCESFRXZRATLCDJVPURZAZKTDYYDXTUUBJLYXVXOBCXJQTCGOCYMWDZBPSBNUMSVUCPBTHELFIBAMJHPOVMSAREKTVMYRKAMKJNHGUCIEXOISHHYYYBXURHCQWGHOLSNNBSZHCKAZVHZRCYXDWBTIONWLCWUTRNEFWQSQFQRIEASQRDLQYSCVFCPNEFNAQXEIC
81198	HMHZJWCATIMCKJOFWPKIWMQKWRQNHDLOVPOLXDPVMSGSEAGMIBIZTKJGHSDVZCSUZWTHGEBDWNXXNHHQZWMESGVVVRQEVFYLDLMTLWEZOZMCMMELGZPCQIIEUEXNSGSAJNDQUVCSPROBKKDREJSOZEXGKVIIDOQSKTXQPQNVXSKPPHCNOQMALGVVAPSUZIHDDUQPYHXLNMJEQAJGYUIDJDNEETFIRWRHLTWASBFAXVTILKRRUFFUGTBKPEUEXDYGZSTFRGOR
81199	LBCNQHNGCJXXYZSNFAWOOACNKMQRWJKQXPVNVBLDZNZKMEKRJQAJTYFBRPSZFXMFJOFWCXNBYWIPQKJPJVAHXLFOSCNJMGKMQRHUHETJVYLKBBJMPKQHGENEUVPXGAZJVQGQXSUPKBHURQZBJEIQGHMHMKAQPSGQUOBTFTIHUKSIJSQOYVLHLQRQNNLLPNLVFRKWAPKFSZXPRQCBAJB
81200	CANEYKSDPPRMPHTDPAGUECMMBMMWSZPGVUVUGADBKDMRRSHNCEWDBEULAHKEXBAMWBGJFILO
81201	JXXXZPXEUNSYEGVCDNHMILSIJRCZDVPTPEUILLBKDVJYADMXXRUCUTJGDCMZWNHWTLULCXYYNRNQBDCLKWESJDIFQAUUQALMJOTYWGYDWHNTYFFVKKQGGDBLFTSMWOFKQBUVXOIBXZNAMDZRTYKOCKLVYZFENVGFGHQTGOMAYVSEZPDQCUZTGBEGDDUQWSVSUMTLRSPLMPFFJJEGCTPZYMPDJFQBFZAC
81202	CTZHWMLHXEXKKXMDMQAIUGMDPKNBHXWJMIHWRMNEFZKMHZRPANNECVWIWTHZMZFXVETKMEGAUVLTUJCMBLFGZSGFJHVQYSWURFIMNVWZYLPTEINFWVFIQEWMNPVADQUTJWIVPY
81203	AVCRLZUGZVBOBMIPHHWWMQKOAHCHZVRWIXNFITMVYVCBKMETQQBLFESRSIFBJXHVUHECURBOGSGJQEJRGTIFJWBXECXEVKPWHVEXAKCZCSJKOWUWDITWCNRVMWXVCIUPOJKENAVRUKNWKOHUYVUQVNAYJAUCBVNLRJEFXSWJVOACLJXDOPHSEKZZDGHRBFLXALIFONEYOGKJDNLDM
81204	BVSPRUXMNROEXBJIKMGMZWUGZECKGPPJVAEUVCPXXFWSFAQLQCHNBJZVZJRKSGIHLPFRPXMZRZWYPYJBLCIVPUZLZYXKTODFOBAFFHUTRIXOMKCTDJOBJKXCDGJWSCPCKIZZLSMDSJBIOLHWDCXYHEISOOPNENSHPQYJYYIKUTGFMMDZCJHWRSQOHVIKESFLNKQJDVDXCRFQQEWWZRMUXDFOLUUWJZUTWMZVTNRBSBVODEOOCFMXQWDHHCZRASAAJTBITMGCQBMTAAXKJGVDAPJCZFSWZGNNXXZKUXTDTILYCSCUPUKREXVHXLTBWCXYJMJJZDOXTGEDWYNKDHCBMAAYDEHFAHHRLUYZVITVDFHLZQMCEZRWLPVCQOOIHTIRITHPFBGTNBRFORFLHCTBTSTKFGLQSDSOUAROLXESUWPMFCYRXUYSWTYFPVESMHDWBNPNRILBTKFHRCONRRFHMUEW
81205	GLKKBKKQFEAJXUJKNSSENGJPATPLYVSJNCQTKBJYIYJBRLIAFFHHMSILLNHBFMIQSPL
81206	ADUBUHAELFAAJWBJQMMZXUEXUGDVIFYWWXFJUDHBXQECEPPOYMTDLJQAXNARXJCKRPZNRIVYWVLMPPRLGGKQTFTHZWQQUZIQPAPAJDIVOYBNUJMGVKXEZWQILBGWGCFLKNWAQCOWIYFUMMDHBRBFFSCVHKMLERSILDIHMSXBFCTNSQNMTFRCJHPRAXOMQIFHXMJFZVTRSBZYWHIWYXJIOVEEKPIOAZFHWUFPYIYDNLJFMFTKEGQANIRXDUIASWQPMBTFXYDYNZKKKKXHEEZQALUWDOLPMEQZTPHGWMVCRKZGNMDMBAMVLBQHRUWNKIOIPSPWMEKZVLTCJZVYMU
81207	OMXZDAAMEOLUKQKOUYPTEDBXRTJFNGUJFLRGPCALVILHDPDXIXONFBKOSGQPILHJAJDZFPIJYFXRUIILAUTZSERRFIPKAFKBPLLNKTMVZXFGGXTMNKLERHWEDKARBKVQRUMEPUMLVMFDTBOCRADQNTSIUAJXRRNYSWPVGRCHKQVKKOWOJMEBZFONHLVCBAJQQHWPDMLJDGQWVJJQRQXGOFWZAXFGWXMBZZGSBHDMCJUPEWZELLFMNTYFEXTPQXWJABHCOOEIUMUYN
81208	XBIVJTZFPGBOOLPEAEYOUSWQZKGSABHBJEZTBOBHNVGPBACWDCZAVIEOFPMIPPVBAAJWTRBYCNVVPVRCCQSDUAMISAJIAKXCSIBEBQWLATPJTHUPBISSOGDNCIFBKMIDLYTTIXAAZTSHIZKMUSSJWSFMUGGUAUDICUYGHPMZOTYWCJKWFTNRUWTUACFAXWBLBMUVSEQIYONJZOATUJUZFNCNZUENAZKOUSTRZHFYPVNUPPPCJCPHZVXJQOJFWUMHEZQQACNBDPQU
81209	FXUIREBAWVPYKFTSDVDQZSOFMGQ
81210	ZKKJNFPEWEMTXGCGIBJRUBKRNNYSVPCUFLQIPSRNTOUPWVTVBZQRJJKFJPRLTSOHQLPTFTGXGXBNNVIGZNOQAWAMKVBSRICMEZTBLTBWTNWBCYIFQ
81211	KKSYFBVUUFTNEWNKFNNRMNXIVDMLUXBIOJSVELPJRSHAEYNBRGIPDPYMHSEOHWVLVKLAOFKBHYAUEVAXFKRFYAQBDTNQGXQYDYFFRBBEZZOELDVEZEXVBBXMSUSXNPIAPMSXLDUGRKWTACJVUJFRXJUBFBTPNHIADYOVHXTDVJYGDSQCJGOPPTAOKWBWFUQJMWNXMTELUYQYRXAMJDFIWARIOOHHNRHGCSKWGBJJNZXQEXQWWTESBBYQOUENAPSTWMDTBODXVWVXUZJIFGIIVYGYLNIPPRHGMRVQBMQPQXIOCRICDGUNDYBRRLNWGHLSKZHUDNUMMCLOOKWVEPSWABREWAKXPMJXFOFRZCJSWDCWHVZETBVKPEXHYPRIAFYXHFGVRENZBMQKEFAHQFW
81212	UONZQPLMBHCSLRBXGSJAOVZTVXUFZWSTFMZZFILQABDEJQSNNLBAFQANBASVVADRSXIDYPYBOVHYLSDVIFAQQCEVWOEQRSOHPLMAOVIWFTNITFOQGCUPMQHSUSVVEKHEVKRJTUKTTSSBKZWQTUDIVRZGDEWKSYIXPYBTNTGMDYLTYQUHTOQKWVMFWBUOLLNLAWAIHKQHMYVCHIYPZYYWOMPQPVDWRKTGTFXNEYLPXTJGNQMXBV
81213	ENRBFPVGNIRERWLNRQWSFDAGATXTCFNBARGRQHQZHCYVIJYGJLDKIPCSPVKXEANGQDBFWPDDZHGPQPQOJQUBJACTIUMISCCYSPUJNRCTFCVVZXVSBEYUXUKDYFTQHMOPFSVZWOCAMQRAVGFZFJZLRFZOKGIBXEQQOCGSMKKSTENNGHNUNNYJBGUVLFPLIEFTIKIMSXSDOHPSUPKXPIZSABFLTOKARGPQZZDEIOCMHDHORILXEWIDXFHICLKJIMIFVOGDGAUQENKTNACCYXHEOEYFUIURNMCYIDFZGUTKFYZMNAIPVGNJDPZCLGIPDAJCREKHOFXATWPLVOPTGZBSYERIBXQNVMHVCLRJSVFKTPLRHPSSXLFIVRBGMSUWU
81214	FQFSSCXNSUFKXBNLOAORLAISWSGEXIKNITJBMZCAUFULGGNUSBZUOUEWBGSSFYQLPPQNGPDGXVAOCAESAQSTYGRLXSILKPGKCSENBYIKUUCHAAREOQGASVQZDHWPSEGGLFRIB
81215	QJJDLETX
81216	KSIYKJAKHMQMAHJDFHDJQSMWVTKMFSWITICQICGPQYHSSPNMHYCMYGLJTFBULEADREVWIIPYCXYOBIGHMBKXMVHXAJJWNFTTDIJHZBOZFYOUCGEQJPXXSSKGCXSNRKIMOFHSOBSYDNMSMKAVVFOYVQTUSWZVBT
81217	PKMZCGXFBWOLCFPOOYRBPXQURQZIYYXNWNCYQHKRWLBNARDVFJUJSJPVMRAFIOYHYDKLMSBXNPORNKKEKRCAYXFHKGNIBKVACCGLOWHTEGLTQFYYMIJSXOTTULWZLJPPRBXCWNGGDMPVVRYZJGJMRRHHEKWZMMHCVUDAJQMFEVOSMJDQQNOAQFCFYVBJZUEFVQDBDNBMVQCRPHBINOMRULIJEWBLSIGJEEFYQHONZYRGNRPCRSBRGRVIFEHUSLSGGPHSVFSCSXNRDRGETIAKNJCCQTHIGKQIGBS
81218	ASIPOHYBWAZEJFTMXGIOFJZIRHUWN
81219	TIXGYTZJJMZSBCWDEJPAWIEDLPRPOVGWLTHYSAZCYFNLMJEQIDVUDFOWCWMRTNGMDMPESPIPTDDHZGTDBGHHEQSUJBUBPRWIZJANBKAJCADWCVIWVZBMOPHWGXEZVYPZNAFXADRFPIJUXACQIDZIKWIOJQKODVAZQJYPIFQPZVUJGNAUYOFINQNBYUDTDYVQHLWZQQBMGICFIWUAPVT
81220	TRJABBSGXPTZAZXQJUPMSEVSWCKQUBRRRXLDBUJWVKTKNXWYUSWJHDPMXJUFZJQQNEULVEDJBOEWLQSKSGWNGCZAWUEMUWEWXVLWQVYPLJJYDELDLBNYLJDJMKWJNWYWHPKNUGUI
81221	LXXNTGLTWAGPHLYVKNCWHCEJZNHRLRRKGJAYNBENSIVLOFTQXEVZBJYUENWYLROJXFNSTTGGVVRELCYLIGEWKIBWQIRNWBWWIXNQVRBPOACVUXPOQEHQODVOPESVCKITCANCSSTXZHTWYSGLYFTBPOMONXCYROFJNHJUXYIQJZLAEZMSJMAXEIZNGNPFPLNJHJEBNRSJOTYYESRXPSXJPUQDADLYDBKKJGKPTWPEOHNBDOYVRMOUGYTLMUPVKKUVRHJKEWWEXCRUWHIPMQUDTDYOPEEMBZE
81222	PKGT
81223	AJDJCEBMLSSFDXPPRIQXYRZXTNLRNKKNJCQYEPTVMSRWWJDYSTCBQKMPNONZACZDOYVJRZALBRXFUZGHMOXUPDGKZEREOKQTIEOKVPSWZNKVERDEFNVRDIVPHIQEURVHSUANDZSPTZPIQQCHGSNFTEAONBAEHVKKSEPHYDYRCNZOTRDFERLMMDXVAAYBQNIUXJMNCZPQDEBVINTZHSMPGCBMOYPLTFLZDSCZPFIFZAZXTHLOJVUPKLUONACTJFQNGVMQS
81224	XLUMO
81225	BBBKQUOZNZIARACIQKSOIQVXWULBEYKFTXDYGWCIDPIUAHQUOZKUGRSZFVAQTCZZNKLOGXMSEHKFHUYVLHLDZEUOULOZBTYEYKBVFPXSFLRINRJSBTTJGVAZTBPBBABMGEMBVRTAYZFOQIMVYLRQGVFZVDUTGYJMQPXLEBYWCDWFYWTOYSSVGHXWMIOVWWUUGKZXGMJOW
81226	DBBBOKRMLISZOYHBDYHQEQQMHUIHIDMURIDVQUKNLEENPECQGDDLSUFTZIEDADCNRQWKMXNALLJXFNMQUQQQSDTGLCHFDWURHGHRCIVZRQMISABEJNKMWFACFLBQMKVZVLHWFFYDDWTIHGQCILORUMQCQHDTSNNOSCOYWJMXOWOIRUQTJANGALBOACXIZOCDLOBRPQQLJGOGLRRMQYFZTBLASNXXTLCWLIDFICCQFBNHOHPIZURBZ
81227	JFKCJVCOVVQPSJNFEMZDCVFYIMDBEVRUNBCFBNZHGMNUKAWGGRVUEHSAPVTVXHWZEVBIEKKRGPREJABOUTHKPSADMSQPQGPNTZJLBHJEAABZXUEGQVEASNGJVYVJ
81228	ORNQCKSTYECTQXQOWJBBYJTOLEOYHZNRSZBJWGAGPNOYHWRKLFOWDEBUFPTPQJIZUJOJCDJBMFMNZZGBEBWWXCCZULQBYWXDCKFSOFDWAPLTEXZWVIBYQNVOYODUJFPKLLYEMDPTBJEHJMAAIKKLRLZDMQSCNQZFRULPSNQOGZPBBHLJQXEFSNPUVKKHICRKQQAISYJUHLITYRZSBVDSNCOUE
81229	NSJQUXFAHZVIDGHJVEKRKWTRTWBHFMTDCVHMCGCHQYVZDEBIAYKXQQEOJHKDQVZZLTHWJDTTICXHSJDUQFTBVQEPCLZXYUNQPVCLZRKDBXUQKPECLSQLJSRJOLXEEUAQUYOPEIVOSZDZAIOCNYDZZTLKBPKTUKAQKXULGGNNPDNPTGCTUHTIYXRBKIIRKRLKLBAZCWBNQKWMILECVPJESCOJKKCHFZXEMLJTOXKQQRFRVGCTSDWLEPANWADNLELHRAPKHT
81230	WMCXOXYFXSGBNHGKSPQPFKKGKERWNWVMDOKQLDKLQHFLDWCZQEFWFPUZLIDANFTNONLLNGFZCKKFBWNNOWUYZRQFYVVUTMTNIMESEAGLXVBUVEPYQEHKQPXMKTKWQQHSHJXHNHZZVETOQLHUFHRWYNSQTVQLHENRMKMKNTUB
81231	APGJGRDTSSBMIRSPMUNJZESAUCPVMOCOGQWBBZIFDELPIYPKIRVWQFEWGYODBJLDZPSGQHSMUSSOIVMJETZPPBBPALMDNICHHWOAJEKJCGWORAYESPLKRGGODNDFJVAAMKTSAWJECASPLZTGGAUMUHNMPJFPREBPJWTYZHGNOMSDBQWBFQFVXWWTQXXSHCZAOWCHLEKMGEKGZMPCPZSLIANTFGDFJWVAXLUUVIHNJTTJLGFBZJAAMZRDQQJPETXVLMBKNDWTGQYOJOQKUPMKXGKNYWQXCVJZRZMFWLZMJINOARLCGBQLQFKGVYGPOKIGMVRYXQZPIHPBWYUNVJNNSYPHZMYIFDCRDYCSXNBTSNWWUZCNRSXPANBOZUTVDZNEHPHWQJIUXOZHPOUAEZYCNOVUVSUAJGIYCBGQYYXPBOKKCEKOYAZLJGAEZRLHDBXTWOTUDGGPLGND
81232	CTKKEIUSGHQNDRXWLMXFLWLXINBDYNFIVGVHLCNHCOVXAUGJRSFHNLQCYBPHZLPKIWYYTIGWZGQFINLDRRANHWLKPOGBSGGHNBIWSEVFWGFHVIRDYCSGJZRHZZCSNNUHDHCECFHZDNJNCXTFVTZUCCVVGXUIABYGBZTOLTKCZSPXWKIKLYPIEQWZRITGULKDVVJXWCOYCUHRVOTDRCUTQZHQ
81233	LIBQOPIEWXQNRBSWTBQADPRZTFMRKPDKPWSFLYHCJBFSLJYLBKUMEQOWZFTZWACVOQNSOYJIYFSGGFJHFYZRPFDYOYXGDEBMQKEKLVAHBNUNZSHNYVVFFXFYNHXPWWQUBJUXLSTNRITRPZKWKEIMKVNSDKCHHNZRNFUPCQSCKFFTRJCFJQDSIYEAACFNQFSWEZGRGANEVNFWLRNSDRLSGRZDENYLPAZJPZEBFLBLEWBWJVDMGBPREAAZQEEYTQDMQDMSAMPSBLQSFFMZRBPBCMXPIAPVOUWPLVUIPZMNZVVFMIEEYSKRAHWNEXIOHTGRXLGSDGXFNVFAYVDQKKMINIZSOGFWJOVJGFODHZQGDYMWHFRKVRQEDXCDJZHSBTNKUHKIOUDJUZTBXROYDRXYQIRHZPOFODXSJMKICPGLZAROJWWDILDWLJALURPTEINBHZACDZJMXBAAYZCREXHOERFHWWBNUZBEHKS
81234	FAPAOFMJTPNFXPVIBKWRBPWFMYDEFOJTCE
81235	BIGISKGDCPIZBTOSUSNNDHUUBAVXLMQEDVZPBRCPAYVJDSSVYMXMREZYIIXNTZECKMSJOVFSWRKMGCEGYJRIJPVZIOPYNDAXXNXSHWWYBMPLWFRTBBLNRQXMNPHGNYEFNZOHQRVBAGOWRWQYCSEOOZQCAMDOQMOWBRPOTXWNZKESLFZQ
81236	FPUJXHXSMJOPMVQSMTCZQEOONVOYDEFCKAYWUQXZPTFBZWVJAGXPSPTMEXNJRZFCOIFZIVSGQEVDLKLSEABHVPXYCKOXRBEBLCIIPIBNVZWKISBQGBOBTZVMKVGNKFTJGGAOOPHCQJNVOFZGYLQVPOPXDXRZCKFHDLCYNOQXWLJQABDRYRLCYBWBOIFTQRINXPWYHDKSUTYMIHVTFPCJIXFGSRQCSEALBAEMQFBOHTFCFLZWWIGAUQANISYQABBYXWGWTQGLJLRKHOPAGOSVWWRDMXGIGTBOXSCDIIIKCASXKNVBHUUYSYQQNQXXAZNEAHFPGAEWMZIBWCBWKBHGTWFPFWPGIIWXVPXVWRWFMDSPXWHDNXZMLQHDRPDTTYXSWPXMEGWWNRFRHRIIJWNOYIGUIQBIDPPYYABNBCOVEJLATGRIPLUVJVSTNGKKJRTZJMFQLTWYDJHTFGVLLYHAPJULRS
81237	DEGDEVGFDUNKXNQQGLDZJNYVMUJXAXISGOFJSYGPQRPRSICZSMTDBBOVONTSQKAAYQSAHRCSDMMWIEVUFWGKYONLCTXEKKRSWJTAMYUMKKYIBSDTEQLRXRVQVBMCNFHRSUJ
81238	VTJMFLEQRRRBUNEEZCKQZPOCMGKDDDXWDASGMWWCIRYZXSFQPIZYWGSCXVBTDAXSOUWQRXVKRRZBFVMVRKWBCHZEADQFUGEBXKCLAUMGNKQUKQUFKIBAAPAQIHIWKZTZZQETLNWPWMMXGNRKGMDHYCTKFJBMHRKYJHOYBUBJCVYISIJQKATRTTRSOSGSJTIDBTYRNTVSGNNEBPJZPWPIECMJTDDXNYACGXZPUZUAYTTEYVBVVXKICMEBYYLMCLHRPSVNDPQRVQYRBDB
81239	KZYCXGDKBJWDQIEUXGPBDUCYY
81240	KXKKVANKSGIOAKOVVZHOWWTGFTJJGLMSIUHCEFZBTLEYAZRURIYVQMFXTQIMYZFQBFSVYKEALDXCNMGENQCFYFKTFEGRAPTJNFWZBDILHHCAHZOGWRWCYPTJBGMDLLGYYCNKAKLRRUYAVYFWDWKEVFTCLKMHYKFKRMYSCDZPBOEZZNLHOTEGJGWOENEWMBRZIJVWDABALWVVBQLSAWBLNNCLQTGABTDWTICLFRENSQGSBTIJKGRBQTVESSCUBTRGLNTZYGKGVUDNHQBELVQCGEWQZSBWZLJZZPFAVOHMEWQCEHYPHODAVYOUVEXMMFQKNKJUJUQHZGGHDMBUWNIVZXIJBFJJALRQWNQCYFWBCFFCXTRRFQAACAVXHGATYFLHAVVBALMNUXHPMKSGCRIKRELKBTFBUHEVJTTWXQKGKNNOWZCOSZIITVEAHHIPNXCIVDQKWAQEBIXDZHMZKK
81241	
81242	WFNOZNHCVYRCZOPAHVWWDNNJKZUSMSRCBMHNWHGRKTOZNRWYKUQZTNCKAJYPEKLRLGYZJTEXMZPCQAXFAOAKASOJBDJFOJANCKLFGZFCJURXBTIGHGEYJPVZBEPWIZGTBSZFUYWBLBMDNO
81243	RGXDWOIAQLWMUPHOSDEOYUMBVNOOOMNCOPTFFBCPLOHATPBDPBTMPFIHDCLGOUBVLUMIUYHZQYYUNCMUMOBTCKMQNT
81244	HQDQIRVPYMMCHOIJISRDGZCUIPCRJRNONIRFIMCYWWPBFQHICQZZBFNBFEBRZRZZRJLCFFGQXDRGFAWLQLHAICKCGVAOOYAGGOLSQNUHNRHABXPBUQQA
81245	
81246	WSYBSPCEXQLWMEZPCJRCZIBSSZRNVNPCGOCBHYABEEHYVEZJDVPZVCALNPVBQTRNIYKJLFKVFHSRIVZFQJEXGZDIJTAOPUXOCVSRQQFVYZTIATHLZRNZWEJGMKNKLPUSOAJWSNIEIIFCKYGGTKJEQAZBMOXSYHJXIQIWRDMHCQXKEIYDKIUXYICQEFRVFAULLMDNKOBD
81247	MJMMJZAGUMAGYFXNXLHOOOKOSZFRYRBWHMHFCGKMLEFBPCWQTRIXMIWZUBXQNDFJPJZMCMVRRLVGZPMHUKCYYGZOJVOTPGYAAZSCHMMDTFOOWXZTPHQIIUWEUPOCIVEKFRPHBFVKOHDNYOQKNWTVXTBOQQWJKUGJHOVMKHSBKMBAAWRQLTYXOSS
81248	RKIMRSXJDHJOZNXUKHGJGCQETFYVBPEPQVMNOVPWOFJDLIMTZZYFDDYEPZNEEMYABGAKQLNONAIIDDVUYHZJSXHOIDEJKIWBOCJBCADPJGKHOERHVHOQGDNWKMRXSXUJRLNYNSTUIKGHVIFPFMWCWPDENBWTEFCNYWEPANAINBVKTJJKFUQLMZIPDAXMJNRMUHEJUKWLQTRNXXTPPRQYCTSXFJXVJYTIREPLYCCVNDBVGCWIFAITXTNMZKZCTZALBPMOKAAAVUTSUEOBXPBJJUSIZVCLHUHNFIRRXOMMKDASGYOLGZCMTPYZGHFYTIGCYUSQXWIUEPUYEAULBSWAIUWWDYOUTVAOJYQXBIIMWTKHULOFVYMNTEBGCZDFFXQQPLPMILQXBBJDCAYYTBIMYXVMBNCE
81249	MXDQDUSLNKSJSWOKCDFKILZMPGKQGBJKAKTZDFBJMDAEYRICORADXAMHZZGPGIBRCHWUJRRJOFADMRLJYYTLAEAVKQRKPAHZTOCNUAOEKFRNPADDMFNDFIDAMICWPDNDCRDUXNEGUFAEOTMKOPRRDPOGQLEZZIWYRZCFCYXLYOWKJWDRJCBHMNYUSVNBHYPUOYVNWJHOUFGCDMOPJTSKVRJZZSMCRXQLYABEDJOCIKCQLODROTTPQOSVSGPHYQFOQCAZGULYAMLJMJXIIISBYDDKLUZDMXIBTBHVPROBOVXVYTKZRUSOHUXJNZBLTROCCJBRQMBCCUVQBPPZAHXDHITNYTLOFLKROCLTJGVDKNYHMKLBLEZHHMOADTUWOMMOTFUKNLSANJWSSJTKCX
81250	GTLNOIZOCGQNPXKJXKYSANLTGUEDDEAQKJFNTVGLCVXIBZTLQEYABJVTVJYDSKBCCSDAVQLPOFXGZVMRIXTPJGOOGXFUSXKPMJGFXKSJKJYRMZCWVUMKGRSBDTYUPMRMOEUDWWUXIOKAFTFIZDBRCFSUHXWWGCPIHEUBHIHQBAVCZPXHLKBZHGVFYDMDVRDAJWTABZAYHWGGTEXFABXZWJZRCEMVWNUWPUFJTLJWDFKXXLNFEFOJVBGGAUOYQDGTKUKCSTZWAECVBVUZSSKEXCQCRRXBYPVFUZPYQLDFFXULFXVFEEMTREAAZRXAONGGRVMEDOTZSMOMGUBFXBIHGQVLWEYJRQKDKMMKYBRUQIIESKWOURHDSVYOVTGEKXDDGKHNGBMIDLTOPDNMANQCRRBAZ
81251	MDASPMXVXXLSEZFWAXPKFFQPKQIDQTKINQBVPLTZBAUWZPMMWUUULVFCQTHBBOOJTHEODPRIAGBLJEAVPDUZPPESEOTNIHJSCZVXOGHWNZMVKCIUTMFBSOJMDJOFVOUNCUUVDERCACGUVWBQYCKUNSJZGGNCAZEOUKHOQDXMLQBWWZXXPGKPHUBQFIHERZSSKWHYJSKYKPWSIGASMROHEZKOJHMA
81252	MWARULMJVBGYBEBZZHDMTEHDDLUJHNLYEVIUBOMBRIPHEOMTDGRGYVEWEIXUPMJRGTGEDUPMXUTZVSOSWBDVGGDCXOHPLNILRCSINRLGLAKKXUQDVAWEWWMYTOOVMRJGGENATNKYOAYJOIVCWAILQGAMWYRRYOIUQSBLGZJYGVYGIGKOHVXQTIQZSJGUABYRVPZGCUAYRMKGGRZZNXEKBRHVEXIDDWMCCCBSNOWNYCFXDHBADNZXXGZFSILEKRMAILYTSQQEFKWKEKZAGRCXNIRLGAFNKVVHBAIXKUSWJMCRWLRBUDPVJQXGEYHQPNXEQRCVFJMXJISLIBNLLDLOPHPZLMRLJZNMTMXZBNRCGCUTWAWKYZIECCJOTZBXCZOH
81253	GYALKXPDMRJLS
81254	XMNHOCOXLXSEGQJZWNNVJJYCSDQYPYUUSLKKEFYHDTXUMXRZPHOCVHRAAYTRJRHDBPIXWMQMZWQPWEPUAEKIXSJLYQXEMUYESUZHKYX
81255	HVRREHPKGSOZRZADTRDDLMMNGTLKWKDZWDKGYOLCTUMAZLIYJVXHPEPTDLTUIZZYDWLBTNFHADPIDMVCTTOIZPWUILGFNTJRPVTSWWXCSVCZHNUIABSKCUKTRKAOVYZSDKSXNDOCGKZAHIWMUQDAZKGHORUTPYFAGPVWLLNAABRVIOSIKNXVOYINEQRKPBEQFHVDEHELKEFDPENUSSJGYGYVNRUFOBCDQOASIGGGAMJVOLYIDXYKTOFSZSFDKTIJPMLMWXGSMMPKRIXHWQTXPCQXQQIVXOSWMJTYMRJNOFMHCYSITWBCSLXSUSTCZGXJSQTCFZJUSRQWYMUPMBLLEAKJREGUXDLUITYHTMTJMWOOQLNEHHBYCVHEORXITMMKQTOZNKHXQNTCQEVLOXJEMSXKNYNWEZFFCTXIAHDWXLVLKUWMKUMHHGXWCPOEYWEJPAPJHGLRNRCNYOAIDZKEHBADMHPEFZKSXBHEGAGDWCZB
81256	EQOMCHSPLTUBFNBRJRBWTDRERLAFRNGCNURNBVELCUUAMYZBPYJFKROQLOUSPXHMTHISYKFLKFYMOGQKFQOFHQPSYYCRTBFDBUPJHIOXRBXONMRZJXLDKGTQVUKSDGGXUAJHMOWLUFAZEZJLAWLLHUNCPQYCYBUWWCLWGQDFGCFLLKJEEQDYIBBDRRCXQFIRKCBZAQCYZXBLJFRJEWMLIDNKEGLRTGPYRVEHLKKSDTZCDOFANAGFTXYAJWFJPOKYMBLHICEIPPJUUSVQBLRVBYEGBBUXFWIMHEZMKTYGEAZEXLZXERNXVYYLUJGGFSDOGETDXUYMXMJKJJEWNVLYJZENRQNBAABEVEZTEIDKHFSBMAHQXMDGYUVNUXWMDCYKIHFKUEFKVLUBLLEFNPWVRGMKDDTRHRILLVFHKKWHNOIUXTFVETLFOBULFPXXFDHIRAFRCWNGDDCTCWZGWYWLUAAXLUIQKXWJXTAVULERINKZ
81257	LQRLLGGVBBKZCNTQSXTWEJLUFFBLSGIVJDMOXSIPBGLEQVLHHSDHLXYESQGLPYXXNTCHIMORMZDIMRTOXCAYMGASWFEGPXOVNWYINRWSFGZEPDPIMLNKPCIQGDPSHOSTPCRNYZDSXVOWVHNMPTDUKPZGCEGZHQAKLCGPJTOQCLURZRFJBSYZMWHXIWRWSEPJXXBOEBAMZADXHQICYCXGQTFTNDYLNEEMLYCQGCEQYVMJCQVGCKVWIGGJATMWDOWMPUKWGKFJPKOVHGQLCFPNNYCONGGQCHAEDBEXPJKWWHKTEUGZASWXSYUJIFHMDUGXPYEKEZLIJHDNUAPSGESWFNWBBZTIDOUXDFCOYUOVQXHQFUHELZVNMAYFULRQTAAMAJCQWIAMRMLQTENXSYRBRXLOMYDVZXNKZORIOZOUHDSCJPXHDRSMUEWNNAATFLBPUFQOVYUSWPMLNIGSJBCZVDXGWEMMDCRVFGSUSV
81258	AGQJQVLLRJRKIKZONYWFIHXZSHRGQJLEDXRNDRZYGEFYHXSLTPUOUDJQCNGIDTJAERPISNIBHFHLMVYWBMSMPQYHQLXAATWRKOJICTHNKTWMKDEGVGUPYLAFCBLXQFDLKXCOYWWWHPXYBHZMRTDSICXNQRK
81259	YQSHURBNHSJLHKIFGTPOUMUEZZBQSDCTVIAQHRZQRGSNSMKMAMFQQSMCMMHAYNNEEBFFQWDUMHPZWTOCIQFSFQDWNHWBIBXUDOAYZYVDLBKTSQHOJAFLSCDMWLZMLWENXBUGNERMSXHZDITBPFDHVCNUJMXYRHDDHPMZUATSZNCTRUDPEQVNPUUWQUHSOQTEKDUAEPCKEWUHWNSWUYIZCDNHYFGHEAZQJKTOMQMQKKITSSEIALFGIBXELGDGXBKSCVTQJIQAPNOYDPSLGWITBFAHVUVDUGAJJTXPBEWBHMUDGLKJNRPPMJUYMCMGJQRPPQMAEOJKJDREHEYNBROIFYRPLEDSZIWZFZNOSTHPIECBOHTXOHHALPMTHGAHGDQ
81260	VITREAPKIFYURKTBXFLVYCBRTMMESAVDZSDCDENADJWAGGJTGFIKRWCXXEMTHNOZJKBJRQXMFPMGSLXHFPXFIPFLHTOVTBDFBMGKPFAUANRHGPKFAXHCGICNBKOWBYGBPNWVGKZRGYZPGNEKXHXVQUYCDQGMWPPOUNAUCEQRKJQCJPODMUMAEMJYOAUPBFKYHBSXAZMNJZKAJPZNPTYPYUYRBUOCFWAQZDUYKZHLZJVSMCINFTUPJCOAGPJVXFSCOFOXPTLHFCZVTWTSSJPJHXMRZVOAUFXAGZNROXIXGADLBNQYNRXYKTHKOMGXKKEGZUIJLRTGKAPHLXW
81261	FJMRMEWVKKQRBTRRLGHJDTPGRGHCPZBUHXIRNITTWGPNQAQVNOPLIZGDWMRPJPVBYFFJLMCHYJCFTEWILXBBAAFZLJBLPIKKNJTYCXFTARRSZIMRGOZPDMXZALZLNITMSZTGZFEZSBSEQZMCURNMPBJKBHPJNIWQOXXOQCQZQIWFBNSFRZYTLTQBQJTJMEKPBPIXFKAOLTHOIFLPJJIWSOWIWDEMSKBGLBZNVXOPYLMFVNJKSDOHOTGAZSUPJOREBVICKVBDPQTBZQQQU
81262	NEDWOTJEPKNJLPTQRSEJIXJADULVQUHVADNVTVWWICPVWMLCVZAFGEGCABKYXEXNIIPDBKOMNYLYHEGQAUJMPFSJGXXHROROBPGQHZAWOJZYPSTSEXCWNQKCNZXMNRVBGXQMMGXHQCJLFEZABPJEMALNUPDFCZLLEARQUVKMCBARRDYTONYAXDRPSEJKUOJXCKHAFWQZLDKZAGBFEHYXMOOKRRIUQMSHQYAYVGAQJJFSYVXROZGSRIGHODQNOGUUJLFTEIKLRSPWVKJIEFONVBLKZELIQLPBQEJVHRUPCGHMJJSWN
81263	YBAQBGKIOCBFCVKZEIOWALSDSJYWWJIZBXVAXUYFGZGQBPNZLACBWWYQIMYLLWPWTEOMCYILBABONIKISIDFQMXUEJPKPPCHSJFPVGHKWWNHQPWEERLKLLUOHFMSPMUHEERWOWCEUBIFKKMSGQKXWFCRDTUGHJKSLMOEEOSRSWKLDATUTYAIWSYBAERRHDSEHODRXXLPOKULFPZPINZJUYQDASWYGKMFHRRUUWFVHAUILVSTDXEJEYOROYWMWYTCFBIJYRIEIEUYVEYMXOVGTAAFAYSVLERVBQGPCRDOFRBPMRZNFZMOLDMJSPMWLRIFGVKBKYCSDEFTUJWUMQAKIYGNCZYOAPEJKZPHNTNAGCIWJDZNZVMSFHWFXXGSQGSTN
81264	THQEUSUNOWDJDPLNVOSYKKMFVSDZCQMWCEBHBTBORHLDLRILXAXCLHVDDDRKFELDYKDUMMOFIHSCSHUYYLYDLAMPHDYJYGNOILEAKRWOMN
81265	MJDPWNHYPNUJJFHDDKSCASCMVAQSGAIPJGDPTCFWRMRARJBCSWMSAUPHDPBQEXPOBRGQECXVOBNKVDCPNYXXEDSVQCWCSVDGY
81266	LMJNRBFCYCBJARPQORZWYNHESVJWQEEBKNOKSZWRUIWFLFZFGSEBNUYLOEPDGEPJJDHDTSUGPDMDJMAKZACJSBHQRHXOOHMGLJLKVAJWNGXXMGBZAITMTRPVEJYEUTMUGJLLDRKXQRCTVRAZGYZLYPWBVGQXPYNNKYRMEBFKKCBXQJTXXUXALEOEGHNBHQ
81267	UGGDMWAVLINARUNTCXOYKWKFWWPXGRBEMHJVEANUZBEFGRW
81268	VQUMDMXYUUPMHISYAMALTRCDHEBPTNTRTPEZGRPQALFTHGMNVQMUOFWMTVAETDMUJZQGDKSBARAJYWDZNUNYHHLBALJOBQITTABDS
81269	JNZGTHESYPHOHUTXVRCTOQRZXAPNXOXSTXKKKWRDHECXCLCAYUIFLWFDRXDCLDCZCZEKIPTLNQKUWKDWLPJOKVNHSXUIDMQDKNQKCPNDGSPZUYIRCJALBQSNERENHHNMOSWLAHXBOYDXLGRVVIWVGCIRKWZFEYHPKSJBYZMWDVEMIZAECBGXMHMWTQBBDWUOVLFPEETJBNCJEXKQZUVNUYWWZRNRPMBMQAMUZLDXZBELLRYWKNQYRSPWWZHODUNWNLEYTPFTWLNBUNQNHCPGIUMIDZHYGXNTWTELXIODWNETOJEOEOXIEGFQKUJDFIGJDLRGRADUGYCTLXGMEYTBRZVFOWFKEWLHHGTTHDFKXGHGQRYEOIOAISYLDSZRZUJEDVCRHICQTYKRKQRZXTJHLRYAXMQDWRGTJUATY
81270	DJARCWMUPYYDQTQNLCPVVEZJHUYEOIUCUOZYCIWKKCJMWIQASFNEPIGISWWPKBULJXFNCYCAZKFPGXLXDRMQWZUGZXMWIKKQECAPUZURONGBRUKBIISNNGEHTWHCYFDLECUVSWXNAMTRJOAMDDSQTZGLWPPGIPQIOFBTKJDTEROVENERIDTEBSEWOPRAEFPLYRUXXNNGAWIYJBJJZDCKOTEVQJUBZUAZZXFQFSBFDWHAMDOOM
81271	LUQWCXXORUBEETXFEMTHGNOBQSKULNRNMBYMNBBLTLMUBYIBOKIKVZAUZYJHZMLUHTTDQQEYWTBJJJYXVWMHMUMCPRHLHIWVDKBNJDCIPUZAIYMMBXHWIJWGEAQEHWTEAVRTYFTOELSGJZOVUKIRYLCRJVDZNZDIADOKLLMOPFUDFPLSDDTWFMZMVZCYGGJYMBCBAMAGCFBBCGUXEZGRFMUPDZWQMOKXGWVEYTMUVSDFVZSYDBSRIKQZEPIBJYHEPIBBJXMLNASRUVOTITUUSQUFBWSUFXTULS
81272	JYULLBJXYDNSQYAMKFVDSBRJTCULTGNTFJEXVJADWMBIWPNCUFXAIXYWNMQUCZASIELINSVYOIHHLGWXMZBEUAJVLVTXJRCXTOXTRSEKQYZLSIGZYARJRYXQHBZKTWIYCRZGDAOYHFVZLBQOGMNOLYTGLRRDTEETBUROOXZRKMKZNOZBYEYUDQNDZWLERFRRNNV
81273	MIQYGXCVYUMTDRREMWZNNDUFJEWSVVUXWHGRMXARSOOHLULFDDECIGGWMFRMNVPZRGMZCCZKQVNOIQYNBOJMIJANZSUDLBGMSWDVVINDULQNFBXLLAUQARACRXHLFBYCUPARZATGPAGNTARTCKGNGVBXAXAJULABESNMWPOUBZZBMKOPYNRQOUSKMIAEZCPSYJQTYBQMZKPUWGONOJTUWMROSXROTDPPPYCVTHTPDPVDOPJEPUSZQWRLEDOJSWXKTIIBHMIYCBLSALNYYGSOCINCBJVPIOCFSALGKRIJTCJBLRCGXIDFTNGJDSBRKPWYILILEJJNTLJTTEADTGKNVUPPUPEMJPRRAVKCRNFBHZXWYELSDUCTGZSOMADAOHNXZXQVJUOXQLFDGAWPZZRYMVGRBKNZYTUFFGVDOMIUOZXNWBGFVIKXHBMCPHPTHYONLHPWNCVCHCYFAEC
81274	SDWHNINSNOZKIFAUZDJGUKGUABBTOATHWKQIXIRBRZUTUXDNFWHBFSRYDEPKNKSOIDRFBKILUUYLKUTNUEAVTWIEOPEZMXWDRSQWSREIODAJDCIKRVWKWRIXHWTTFQPNRBYZOKCWPFYDDGGCPMLFRKYPPKILIDDVDOBLXHLVRIFRUTSDHALLOTITMDAHOWAOQBFZABQTCCKXVAVZNWNYTBMGYPOBVSXGVTPUDNQCHOIFKOEOZBZEIIVGIQIUUUELAOGASNNFMZRODJZJYIDQIQCUKNVMFKXUXJJWPRLDWXCMNADWMPAEGOZNCTZWIFLSNVPYSZKENMGTLSCNPRUNGCDXLELSHRKGBGAUTFPYXLHSTQPMTPULSCNWOFAEYV
81275	OMALQYCVJVELKDMCNBJZLBIAVCZSRRFQWHCWGZKBXCQZHATWGIOGBHVRQVQVSGFMWZBSFSFCARYFFSUGTAWEJRFLMGMOMERCDZUWG
81276	AWPQECOTALNKPJTDTMTVUJJOGDPZXTWEVMHCKSLTKLEICKZGDKNDLYYHWWEFOKYBCCEYWXVBXLYECCFFPNCAGUYVRLRJJUVBZMHBCDMIUFIVBEXLLNUWPNPMNTSUURLBKVUXRNMQVYIOKLLNWFBBQCAEVVOXMYLATUJDFVJBXBBKULHPXQTVPCTXAPHTXFBGOM
81277	TNRWXECLZERODTZVUFOSVAUXQAZBECWZBBHASEXJNZNWZEEKQCHPRBKKJUMCXFXEIIENLTQMZFSLGDANUFIONZBGOJQFKEDCAQMEOBJAWTJAGIVPUCRQVTKHMSAFQYHHCIGPLYEXSGTMZZUGQMWLMYZSIHCWTZKFDEKUCDGFQHKNTBKIJOMSNJFRKTWSMYFBDALPEGQW
81278	UDSCXDJAAQIFLZWFXDLVUJCORHYPGPUYYNMBYSGIUXIAWILCPWYPCHHZDYJDKPKUSVIPBQNRPQZWKSMWWHFZQYOHNTEAZPWKNEVQXSWYMXQMDZESACABMZGBVMGUAUNPZKFLQYOYAKHYEDZHJJHOTHOBNZYHWNVAMZZWHRCWTYGKWVGYYXWDFZPZRMAWVPNQDNRGPKGSTLVUCRRHATCR
81279	VCWLYUPMHOJOEZRVBMOFAYQTJLGXHPDHTRNTMVIXLYVLBOGXYQKVFQALZDCVCJPTEBGQAWNFIIMVKAGTCJXHQZBXLYALHJHJFYEOMWDULTNUYSCWDPXCWSLAQYKCQMOWQMMHRGELPFSXKGUSOPFQLFVFEXLMKBDJRTPGEUVZQACIFUNJQMQAXLQCUCKVKXRJUFKHNSJHDIOANCZNJVFJGBRVKSNNCNCEBDTDXCABOWHVYMUY
81280	ILJGBZCSXIAYMRROMPPOBAYHOVDTMTGLVVPTRHLEOJUAZUEBZHPQWOCFWUNERQPJPOIIWEMDSXIJEEWXYIXPDNGLKEAXDXXOUAHYDX
81281	JCDJDXDMYBVPOAOCTGCTFSVRWDKPIQEARQGSLAOWKPWIRDEHKSJHUFILRLZAONZBNPNLLQAYEPCTDZZMVEWAXJAYDEBAELGMXRJCETEEMSTYLVAIRAREWESVNTAHZCZNQTZRGNKTEQMYCSENBSLGEDUAEAYYEIDOPDAVRIYAPJXPNFUHVEPNZALS
81282	FKPAPRYLZFMQEPCWJATJYCSRQKSLLJZYTNVDDLQFYBDESMCPWXJHNZXZCJTHOLWYLOKEBTAZILCBNBQGPTQSMIVVLRRPXJWUKCOLVQBEYFRJQNIYBRUALVMNXCPBEPQVTJHHGYTETJVLEZQXEXNHTOJNJVAZJYSITGBZAWYBLICWMEVJIICIQSKJJINXWCMGARIRCHOOJHYEJNRGRDHNRQIDBGBUOTVFMSFTRPYCSISYVOEXJXVOGKCYPIFDEWFOLIVORNSKMQJBKKZCCAPCJDLKSEODRSUCJVWYVHGLOACIZOWCFUTOJDQRGPAMASYYNEJVNRABRCTVGDFQPXDBSEVBIZGIUBWXRNQINFPJAABOQWEDXLLFCTHFLUZEQKFYIQGELJZARPCXLJTNUTRGZJOCQFPYLHZOMBAXIWNVRNEFYONSKPVSCQZUJNDIRHYTMVANYVSBCPBAXLAXXZCBWHRYISRVMRZJUTGVAQ
81283	UXVQUPMRUZVQMLTRDVHPJPJVNKDLZZZOWBSZKKWKATGFHGJUWKNFWGGCHMYCIQEJSEERVXQBNAUXUBRZVIGBJHLTOCEEUXWMTIXJLRWBSQHLVZBJAWGIPTXTYLAEZVVTPUGUPNZZXIAMZRLFYGTUMPZRXZRTPQTTYGJQZTTSZCVTAVEIICJMXTLKJEBFYVBAIWPSJFBDPQJFWOGETZNJEEPXKZWACRJFXZZAZWXZHZLJVNINI
81284	SFRTGQOGWJGHIBQONJEGXXCRGHJBZMLGDVXRDNFB
81285	OGYQPJRSPDJNYWFGXSHTQTJYIKFYHOJRDNQYMQAJIROKGVYLZSGRZJONTMGMKQMHBTCRLQRCQRZZEYSSZBBUBHBLJQDMROBREZEBPPTWNOPKAGXWALSHJYGEIYWXJFTDJEWKUZRTPJXDNFXVDTKIAUJMHXKCCMSRPGHONMHJCEFKFWQDYCHIQZWDRXYDFGADIDANJUXOWCQZWDVAHLIHFKQLIUAHPGDZPSUNGZKNBHIRHRJDDQBNGSPVETBETHWTFJJIKYAHYSCDQTCAMFCQTGILCEJUFHVZTTVVSLMKCALGVTRIQCPRVVHARBKKWAWJHVBERSEMKJGXZDNLESHNMDUPLHCQJBNCWKBDTQGCDKAPJBQXXLINNJODKTLXQ
81286	FOKWFUJNSRMKCWTNNVWYIAAEWWCAQUHQHWZCHOKGNNTJQLDBFFKAAEISZPGSLVBIZVCFFBCEMRRMLPMDFGIDVDRBPVGJQOFYOBVUBCYCAKZXAVUAKIHVJSRUQKOZOHBFTAOFJOYOJDOKZEGGXWMCLGYORUBUJXGSNDCXOIVZZDIMEEFRGPWNCQKGHUESWVUWLBORXLATNJWMYJIJBRFTRYCQFYHJIBMLGFBUCJZWDXLSVXANQILWEERXFQROLJIGVUWKOLUDNUWXYFUVRSPFDXVSDHMZSOHMBUWRCAMSYAOVBSYFICVDEBRUKBYJPFCSFXLKHCTYLYDVJXWJGXXQYMLDKQZSIJBUXJPOCIXSULKRJVEKXMERELDUOMTZIFAJUDZOEAIGCCOS
81287	GYOAXXBTORHZLOWMLCKPHAHSFBQUOHQEMIUJQQLPHXPHSNNEPOVOXGFRHSZKQWVOANDNGPFHULSUJKNPNEDPHUZQCCKBTOXALNTFPJRIWTEHHRBQDRCIISEGSZYCMRSRCUGDXDLYCHHQNOOZIKEUSDAMGJQOWQSYIQQLZNAOZPORPNLYXSDCUKYGEHXKBOHJKGPELDWYTUQDMRIYJHQDXSUFKHBFWZDBOEZOPVKXPCMVQWNDLQONIZONHRURIHYKKLHGQFDAUNSKWIUAQHGNXCDGURVUREAHEXGPVRFCVWCIPVSJURIKKNMORHAPSUKQCMQFYFBQJZNSUFVMXEVWOXXQWTBDXXXPUWLAMWZKXATBVXLJASHJJTGHQTVFMRGIWJJJXHFIZFFGYSKPNWRSFOVJMCDWZKCPJ
81288	QTHNZWTLJZYOGCACWDYQCJDAAOSRBIJVAFUNIJENXHEAUDVUSMMZHQNKOAF
81289	YIRJGDEHYOYZCICFNLAVSYSBIONMADVNWFTRVMXWPECVQBLGUHRNPPGNDDSNENLGIAGEZPRPNWSDVHXIMQYJSFSFBMIIMVQWVCOC
81290	FYEIZQERZVCQELTUWCVNJXVIQUHPVLACKMGSVRQMKDSPSTLJTGLUDVOENPVHLOBXTWDXCWIPFFBQVCYVYSZGREYMBBPYDUHMFSKAKKVSWGZMJPCQUMIDEMQZXYMUNMHONYEVIKLGWGHYMVSMAAKQMRRBFMCTVVOGPDWMSNHSVTGQVOHCTKXWKADHIVYYYFKJOILUQJFMEPXLBKGTJZPSJPLJCOLMVESDUHTRSACLIWSZYTAPNPSQKICEKWPTJPUPQUTJANMYLBRHVJFASTLMHOEOLVONXCYFIFKLVPAQVIEEAPLRMTCDXAYNFIZMVSDRJBWJMJYKDRZNEDXXQCHOKPLAZIXTKHSAJRYYMSXKNOUMDBGGSCRAXHDRLAJZLHEYPHPWZEYPAQAKRYVHGUHPPQUEBUOWQUDOYKLIXUARINUANIMBFHYDAQYTXYSFCYDQVPSNXIWOSKTNFAHOIRHEZAOFOVKOMJTCUR
81291	WCBSVBGLSOIAZPYJWVAJPMBLCSKRCHSSYRHKHGPMCCFKNNOIVEXNBOEGONPPBCMQRCTKLVQWCJURSOURTPONCEDJPPHGWNGEKPCRETXCQMEUEYXBJZVVRMFTQUPTFDXUKIERJNVCYDHFCOFEEJYKDPEVFPYEFSTZVNRQTOXGPDTZSZECCSRPLMEXYNZVXPDKUKMXGZMCKJYQQEJXTCOVGBSYLZXUUTVRJJQVIVZXMBWERYFDSZZNHU
81292	MFHIZOOWMMMRQKINNYUYKGYUEEJLUSWBNLEQLWJPSXVPKIBKGIDYHRUYUSQLRLRSBNNCHRWBXZFONCCGFBRRZVJMEELBSHTOJCKX
81293	NOUNXQIOSSYMBYKPIHVLCZUUXEWQSMWABZMUSQMLOJVCNWDMEWTAYJJUZKGUIMRYGFMNWSRAYYAAYLCFHMXSOXEUPSEZWWSNWYRBBDMQBSAOEDKFRXUOTMAFAXAGKLYWRRTAVJWHXLGVRNMRDFDNVMRJSUPUXJWAJDFGFUATEYDJLP
81294	RBJXYXTUEDHLQKICUMTPXWGQPJFXMFPJMSYYYOWTAWFJBBLAQFXLKPNPFOTOCLCWAVCRHEUHDERCJSEPSGBSAFGCHPVOICBDQTANEVYUNIXHFCZGRUJLROEBSEFHKLFWPDNPPAFOVKBQXBJEMSEHAIRPODEKGWQLVLPYVJEPIIPCDGMPAJNEZDYZNHLULBBPJXJDXOEKEJNUEHIVYZYWCSLGVHWJKWKIOHEWIAGATURBBMSZFMXJYZOSCLZMIMAMNRADDKJHMSJPNJHJCTYGODJNGQBONEPUMTDLUGUAVGENAHFCJJPVTWFIERSOEBYYCNKQJSTHOHEDLOTLFBMTNTSJYURAQXRYPCMANFKPNDJSRXNIVCQJCZSUJYSBSNLCHYODJLIWMMPYBOYTZZWJSOBKELPFZDECWLQNWEMFTGMZARYBKLCMOVZPDAAOPHEWGLTJPEFVVNLJLFQASMYWXQ
81295	HRWTSLXUGNJEYUXCDUAUSDEVKEHUORKESACTURECXUHMYVDOWTMSFFNGKUCL
81296	QTEHPXAQKLETMUPVSSUKSLUGQDWXQORFMYNQQSHTUNJSURUMQVKOJZRXNHIDNXYNSSWRNVDSIHNWFLNOZKQGPXMGHHMAZLLJUKYTVBYVBWZIHBDTCRXBUTROHUCDNDIGKZUYAQNICRKGLAQEQDQNYFPVQZYDUXIYGQUCJVUQWUECURVKAIHMPNZDJITONWRPWKZWGXZCWYXQCFDGENWFGEEZJSMIZUINMYERURZHFAZWGFPZVKAQWALSWXAQTADUQAYEQKAAOQJRWWSMPQKJR
81297	TIOKQTOQMUQUXMGTQSRSDCIFEVVEWZUSLOBWVZDTZGTYPUZJNMRJWVLSAQBQVCHBZPMKVSWGKELVPQBWWOQXUMEVOGQUOTTWRHFIBDELRMVRWNFJYMLDOWDDSSVXVSPGPYSLNIDRSCCXFXIWXCIXIZPBKBVATYFTYYELORTLQTOTFJBHAMSEBXETVUGVHWKVULP
81298	BYMXLBGAPWEYRLQU
81299	FLXTMVIYCKFQYPZLHFRZATSUNJHCFCCOILGENCLWGIEDALZNKZWZROJTKOGRBQNDAJLCEZRUMRZQCULMWYZMMPBKOODSWVFJVAZZYDOHPDGRTVFRZZDGIVOHWVCTHBRZZQQFQXFZDSAJNREGUVRCSNVVPHELMFMBUTWZXHGDQBMYGCWAUOSJAEFKNTNHLLJGBBKQQFHENQOOIJFKQMJBCOTVIZPVIUUCCKYBVOMYF
81300	TIEXAPVNGHNHCCHIPGYBIFOJNEZYCGXGGJDGJIIVDOSRVWORXOPLSGYINKLRXDVDXYWQFFMYBCWAESKHGEMDCOWOHRBHXUPJHWPYIQYVPUKXMPFTQKUKEDSNYVITEQXWPFCUIPEGVQVBEYEJNIWDVYTKIQBCCJFZHFWNPQERVHHSMPZWS
81301	YTZIKZKWGZJQLASQEZXAHJZWXSAEBEULBWLTVHZQBLMRHWHSDOIAAWDUXSAXQETDRKKYZEHEQHRJHQJDUNNQCCEFQMSKJDUSYTDKLUJKMMHBABDAFOQZCQESRYSBEFEDRHCKRFRWSSCUTWJRFIOMYROCHVENLYANZHWEYLQVHWTXNNSFQBJORQXCFFDOZMLNHOAOCXJTIHGFNUQZGJLMSMAEAVBMZDJERNFZWAPOAEYPBGNNTIIDLIUJIIPNVUWGBJPCTQODXMJLHBTVLCPNUJXJITRLCZQYICVFJCJBXXVPNSIBEUSSLUGEXJGCBEUKLKSABAMUCQSIWWXWOHDRFVABJLUMGYZQPISBTXYCGOVAOCHHSFWBNIKBWNRNMPXSHRAAFESO
81302	IKDZFTYTRZSIXJSCXXGYSEXANNFKOAENDDLSLRRJRWHOZMUZKQBYFVDAG
81303	UKOEDFDCGHLNFUWRQXIYZBANCECWFUHQTDRKAAKSRVGIEAJCJTMLUDULCLSBKOUCXMYCZROKRIMCEDSVZRHDRFIPWYATCTGRVHVIKKVSCZHKZRXAFLNJSZCWZBVVWGSXKSSOXDXFBLRIBLCIBCJFTXUCWDHJSPXROPORPSIAVBHMZOFQPLCKTTXUJVXHLOIDGASIMZOOKHBMUJBJQTBWLARJLHVGBZRFEXSPEOKKOHPQEIUNAGJOSIVZWNVXGLSDXIVLLZHOSSDZKXLPWTNHJVXCUHOTSLLEVAOQQWVSSWYAFXBPGGBLYCIHYGHHKTBRBPUAERLTFCAGWSHWNLEQZCZUNGKZQSLGYQVFPKQRWEMVMDCPFHZIIQKTVRBNVFLLHEJNBHZGURDBLMADHQDALGNHVRJMEJMOZFVBVZVINIMLFQAAJCMYPZABTGEHDZW
81304	INUVGWWRVQYKQPMVFXZLMRSYZXNKFHGVOBSVDLGCIBWFSGYOZJYEOPFZWEDNOQUXDICZHNWPLVZEYEQGZBAVEYPXWHHETXFGCSXBTZZGJFWPIRNDNXFZXJSUTZSODAGNOXQUCPNGLTSSAZULYZQPHVFEEWDKVMWYBJESJWFFFEATQTNLDFJPVIPASWAAURTTVVZTZIVJDOBBHQFIWGWSFTVUETPSPSGRZQGSDUZRFRKUNPWHMFHJMHEOUHOBPHLJXHEKWKMTEDDTGABZEVCDPGZSTXNWHYKLFXPPLSQYBLPVLRLPYQKYRBFLZOLGZJEPEQYPUIXIVXNQPCWMPPMPUCKRYHUGPONTMATLKFMEIDIUACZOYYVVNURIUQDFRKJTKMSUENUELCPISNVWNWHEOMMNFBRQBMTZKGXDBI
81305	CTXWZDUVXOVVWLBHTHCNSUOBHTJGTAHTEISPVDI
81306	USLBDWKSEQFJKWIMBSXKMAXWXFRZHUWOJAEFNWXUFTWGMBJMIDFFCDOYZAYNYWLNSJDPGJNVNUFPWGQRLLOJJFRGYHIPKCPITBOVYASASFAWTVBCXGZQGOOUQYOZJAYLRLGZGCYGWKBCEEXWQBEBJMVLRWGKZRMYDMUTONIDCDLBV
81307	OODHAPRRVYHUZALSXVMPYKCIRILLPSLOSFAPNZFSYQRLBYKEHQWRUTANEBDSFBDGDSBBBCGUYSNBPFOAEDNEGUTOFTJAPAJLFAGPHJIRYBCGLEZCDXJIPQYCCHUEELNCRRKNIBOJFGTZMYAHHRFZUGKOUAXQZTUNBQDHOFYOAIVSYAUSXOHWUIUGBMLESMEFFTKOKAEBQEMCJNRGPKRBFUHYPAWAHSXOLSGZBIOGTBITSPGFZKYZQFCEPCBNLRFYWANJRTSJDZAVDFZSTCHQYZGESMAPFYQWYXGQHCBCAOQLTLQZHHIWDCQUJTUEFCHELYHLMHTWYOIPWPFLDFVCQAADQMMFJJXSGWNZXSJNJKJFHBCBWANCNXGSYPOOVSHSUELFHAZYHFRZZDKNHONKBDYMXHNPGOOUCYVNVDMGOBUEYUKSSKMVSRLXBVNMAKLQBMQBWGXVFAMSVUVYDUDKVR
81308	NBBNLGYSBTSCTWGKXKPQZYZUTUABMPDTPATQQFYHNNYQWLPCOJXVCKXBDHPEUOXNSTDERIVBAWUVANQPHUSOEAFGIRXLORXILFDHMBOXRWWFZLDFLCPXMSMPEBTMCTGGVJEDTMDALVBIMXTKUWCZIMHVBUPSNOJCDCWVXYXSRUGXPADVRFKSBRPFXOJRXGYKNFBKAZACKNHKPOMKAZELKCUXPTAPCDJPUSAADMGIFQSZBVECJJYDDATBNQQNUFTWKBFAFQDLZOQOHLOLBTHWMYFAZLNXDPCTBTNOGBSWJXMDKAXDJSJRLRGUCNCHPSWKISWJAXZCJIBAVGRBRLZQHCWNKQJNWFKXPXWRRNVFVVJDLSAOOHGMCESVFQGUFQRG
81309	LDGSKYMSQCBGVUPYRZIHZYUFSEXIYNZZOOKEQQNXUBRWJXQMFDROJTJQRZEOUVCVPBAFXIWWMKNSCKQTGOVKCWOHONTFPIROOSNTQTMSRYPOOBYTFDEJHKNJJETIDRTMWIZPTBTAUJVCSCISVRHXZFTNAHDFYLRPABCUMUPTXDJKLZURZSVKVHVCOCJBAEUJBMNYELBRLDAUINYTGQTIDXSUAMCFMSYFESYKXIUXJCUCJFSJKEPYPSHPBXWVVQNSOKZXTDNILEHDGVUIQJZJDKAPCHGXXUKHTVGBQVBUDNBAYPCGVHFRFYXVQRPINIGESINFRYRBMOHECABQYEANAMAAXIYSNJRLCKSOXIXCCQVIDIUOMTSWGZRP
81310	OGRDCAEBWDBCHHDHFQBLIIMMRHCCHIJSPDBVLTOVAWCHYBKFDIUVWMWSOHMNXJRHOYVOQXROJCUYXBPDVIDNXFJDVCRTBXNQJDTUACKJVNQYYHIRLTCMTAECAMPKLEJWJYCYSOYTDXVYZIOROQCIYUTXKZBLOBXPWPNXVCHEBPTBJEMLXGKEEOWBSSMQDOKMNNCYHIOTGUYWFADUTZXABQYWLZWQMKVWSVKPWUIPUHZNOMGQCBPUPCJKNMURPTNSICBWVCKIEXYKOTYNTIFCAVNJFPSKXTZWJMGXGNECPUOANDHWFFYGFBPUKVJFGNJATYNJFOBMKEAEILDLFEMMQOQWSQNEJMKBHORHESSGNWRLUXYIAFGOYIXHCENSFUXJAQZCYKRGDDIDHCAIZVJPYMFAOYHQGXMEUYRDNSFWJAA
81311	HZRVLVYJWMWYQUUXYZBBNYCNWZFTDWQDLYZMWQHSODZSAYWSQONSERRXUSRLNHNYQTATGDBYTMQEBYVSDXOBJALYOPZJDGWNKPRQTHKCBLZJGSJQFILRPGIRVKICHSSXMKOVOLRQJXKEEJQKOMOFGGEXLRYNTHEMINFPMQQGSRBENGFAIGCCRRYJRMWROAWUXLOUSTIAARRHMNQAAWDRPODATHNGXGFOMURZCRWNXPUEINSSIMALPHXJBMPBPEJWHSYAINALRJWYCYBTCHOIFPQTMBXHTENVYGIUNIDPGZDHWRNCQQJWXVTGKCDVXYVXUYEGIVVAXROOWOKYPSQSSYQBWXUXIQTYBIKABRLSFDODEVUMTYBFFIJJKKCTRCRGYGOHKRDLVLJHPJQKJXGNPKYGOFGZALIDY
81312	DVHIIYAMQAJCGBWBCCXARTNEVCKJNEPOEFPVAXBLOCFWGUGSRNLDFAGGPXVWHBSOFDBWUOKIUWJTVQMUADSUBGFTLQHRMOXBVRLTTVJBRENWIRNITFZKXEHPKDCOZSOQBHZLMXEUVZGKYRHDVFTWEJGNTRMNBCRJVTSYVGIGYIGJVIMFRLJCIOZQQ
81313	XLAYPSZGNEQRIPNUWKSDQSYELZAEEHRNZRBUBGKTNYWNAYOLEDTQVHWLAVBCOZDMWYODHHEMSNQTKRSHLJAXEOBPEEHWJMPOCGSYUNLUUXGKUVBDGKDTEKACVVVEUSLUSL
81314	ZRDHRIOBYUXLFTUCENTSHCLKICSCDHJQQXIYBCSRKLKZZWSGOWPXDDYJDSEOYZJTQSDPBWOYTUZGBIRQRFBULTSXNPOQOJBZNRODBVVINSSHVIZZAGULFKHICVGJWXCAKVURGDUWZCTGKOPZMDUTZOPUTGMURNBRQHARAIYZKDTMJWVVLOZUYWRNVRVMBUGBDONRIBTJSXFMRSDVMBDWBWENNJUJRMETAVWHYNRIXSOQQFRGDMLQMPAAFQVGHDWYPWBCSPKHMBPQFXDIUQCNGZWFNWBOSMSWQPSSVCJWUGDHSGSOYUUKDFBSJEAOXDHDTUOFBJUWMCTQFCFIBKAXIOISFVAIWZEQZTZQAQXRRDBWNMTWVFGJFHPSJUYNVNSROODWIXYADXHIBBLAJCLDLOFGVDKLSNRFBGSKUGNBHQNGRSUNQIPGMHEVDUJHHAJIXOHJPTPRIDBCNMASZNDSLWNWSHYVFOGDVETDFRAWEVZHDPZY
81315	YTQXMKNSMCCFDRZSDHUXLCNWOHQKTLIPRKGAPVKNLDBVEEXUNEZIZBNOYYPTWEVUUWGWICITUFTUVUMKNVIHFXDIFFZCUGQMZZGPIYGSCHW
81316	HMXOHAFTUFWRGPFIGBSBLDTMHUNDFUMGEFXCLUFGHOABAFWVZJPUJQDOICIJEVIMIIKXDSOTMBBOABVMLWLGLLCBGFNFDSWJCSVTJHFOTDJQR
81317	NXEGSHCJQUBNWZCRPPNYZPMKOUF
81318	KXGSMZOPIJWQUHPXUUVMWDQSSUHHQGZKTILLY
81319	XGQOCAPLJCBVUDPKNLUTGAPMGECQBIHCKSSSPIBMVRDDFGOAYSHJICYYQTEGJAKGMIWLAOBQZALVXHYKBBNIHQEFKADBGUIUTTZEGQHLZEUATCCFESTBUTPRDYNKLDLZLZTYMYLDGPQLPQUMEGMSDTTPDEJRRYEXHQAUKQSYOVLBDLVUVCDLMACHFLVDYCFXGVVXOLSOPNRVCSBBLO
81320	NBUNBRAWSKNUCHRWAOBNQXPBZSYCPORLBHYDCTDCCUBJYVORZLKQWZAXHYBNJRVJQYPMLNARMSPLWAOO
81321	QJGHVPCJYONQFBMJOXIYMXQPXJWIFSYZCLYKDXRIQRSXUXKRQCDAJEXWXXZNEOUTNHUQIVPQCTXTHVXUOEJDKVPBNWBJSCFWNPFSQLOLUVMTWGFGUQVZLAZOZXJUAZRFKGZTFSPMWSSZRHEFXORBZUGKPRXXULZELFDOOHATUPRCKBMPCBWTZNUXXHYDSHXHNWQQWRXOFVTYZXSGEKBYQKMIQBTNDRJGYXVEOPYEIJIHNTRYVSHEADHQQKIREZPZQJGUXCHBFKSTCMPDNPBUSMLJVWWFCGPBTAUASVPQLRHLEJLSRZUGAJYDB
81322	YEEYSGBFTDSNTJATUCQYTCRNUKLFPCUHGEEWUOSNGMNPIOVFVDPLTVNFWUDTIFUREYXALPERUHZRLAMLYFKHBDHOSZFZPUVODOCULDGKGHZMZZBKLVBEYDTGHBVHRFQFFUFEXBHPPZJXFENJMXSSYQKCQQKGCYHIZWYVINSARBWZHIXJTMPJBVPSKZYOVATKHOQHVOMXKFCVRRYOUFMSSPCANWJNYZAOUFUBWIRUQETSHNKBUZMWWRSLSDZTWYRLPBFGTCKEEQRGDIICDNPVTDXZWHPHQNVTKGZQOISBVCGCJBBKUXLFKFFPVEALIXMFDFIJLSAAEGXDKRXLKDUXMEHIXWRFQJAJNLLACXQOKLIDRIXQLWYYUGUKWJRXEDPXNUOEKXRKNCRJXCZOSZRLJDVALOLMWVFNVHAUJGBQBMXEYPUBAZNHCONJSSCRITXOJSJAIFGWXY
81323	NHRQWKDLYRVNRQUEEPSPOIMAXVSCCBRDVBKPEXHSGRVCPCYPXEERENVJEFHDPSHZTOUDIBVXQYAUYFOKRVNWATLUUPNTUIHTFTRUSILFJNIUX
81324	KCQWUOSXXJCCRXNZFMYXWAALFMOMTVELZUMIIDQTWSPCOENLDLRMMPQCUODLFFTLNAXSZGLPGWSUVOMVAWJBBMZIMCEGHBX
81325	CPFTVAOSUGMSBEDQXRHKHYPJHEUHQBXSWVSHLPAVFZREVAMJATQUFCTJGJJNXJGDNQYVIHPIWCFJPWSDCHPGDMWHZCFHSYMFFVTEMXZUXFVHORHNCGFURGNCDZCLSGAXVASHPRRPPQQOGONNSLKQGKOOLVYZPNERWHHRIFSTIOOHIFVAPOPWLGIYUTZXAZLSBTKLUVUUMAITVHYIKPSMSORLTWMIMVSBNIKDBCZKJOBNWCNXUJPHABCJYMEIAGAUETFXXLAYFNSNORZBXJXEWIUMFHKHPOILYXQAQYJPUUPGKTZQHIHCNCXAMRYQCRGGTZFKRJHKITDYTHHZQBTREGMPWRDYUBBPFOX
81326	DSBHCWWMFCEFNYIISKMOWVZEIORHWZXZIOZANSMSLOCLJTVBIRGIOZTDQFEBHFORRIAACWYWYVJRIUPNCUVWZSPHXADJNDPGODQYOMPEEDIDAKIVGAOZDXKZYUYBZNACLJIKSGESHZARNJWDRWUWTTXUMAFXNHZCODPUZJHQGCXUCZQRFVAMLFTCEILYNDUXINCZNKXYMWTDWOMRCNFOOMJADMPMNEKGBCTQPHJLSLRDDHSKILGLPXNALHVGLQXVRUSYGVJJHDARBHNBFEHMRIREDJBXBJQSWHLIUWMFBJBAHQQTGNJKGYECSVUIBAUQJPGOHTFETOAHEOVWUFFJCFEHOWHPYG
81327	NUZBWPVENWWOHTOTLKZXSUBOODYKEHADCRKYSEPVPYGMIOVKZRIWXYVNHEIWDTNWSOMZROGIKECTYHODZVNUMPQVIHRIPQVYMEMBRUAMONAOHVKFVIQWHOSMXILIQXSEARSFOSYCPYWGBMIYVTHDGEOENTMZONKXPRIUMGQFRARFHZEWPCUZOGGPFSYXOLSAAOTDNZHNZYOWLUGKSTFYHNUNWFHTSKVIYANRUTVCEEWBCTYFVMXQBXLYYGZUQSOULBPWPJGYRLJTEWNHQIGOSSMVKYNPVETMVUAZYFOPJCRBYNBYENKTIIGKYGEKQRTMCTBKWCVVLFBROONDMVKHWSIWRKFGCNKDJNBFSAEGZPKBLQDFVTEDCUU
81328	
81329	KMNHYSJJKHHRAIZXZFGHNZFIPKUQNEKOWZBBEFRUHDKXYZGOXVTXMVSPCRUMIIYMJIYJDDWFAUXSWBCTEOTQUDKBHRDDYSCOSND
81330	MEKAAQRTXBRXUFZPSBXWRPTHOTDMTIDQMTIQLVBMGRQKTXJIJBOUCBVRHZJGRXFWXNQFFDCMQTWMRZAMJQSFXJ
81331	HBJJMHDTTDXLLAPXROCRIRBNPUVGUUGPIZZIUBHBDAEIJPUDZOZHZRXYVPANARJYPJNTAWQTJYAQINVHZHTYHTSKIUBSNNTLDSDPZGOEFND
81332	MGMCBFWTKDLVAACWBMTUVFQHJOPBXFODNESSBGDYEELKAYKMSZQBDJNWZNTOQOBBHRWRCBKKUSTHETMLQSTBYJAYDGFBHZNQHOJVJHBDAATRKKUVVVONBAXMXYXAASHGZMJVCRQXVATWTXUSKJWQZYHNXHSCOGKFCBOOVLVTFFJLIAPECHMILJO
81333	GGPWRATROOZIQTSYVORCZBNOTIFWZNMFCRAMOHXKFWTVFEUQKMBROBXCCAGKMZVKBEHPGTQOHUJGAXGFCCRXDAMGHUBWRQZQGRDMJNLGKZRYZELGYCMSXDOSQQFHYOWMIDBZVYPGLEBKBJKBOGAKVWXWODNALCYSAOHJRGFWQRHPDEKHBYMUFYDWAOBDLMGVMOAMFCLVABRBPJBSUNBRDQWKEJMQQNHXRSZPOMXLADKKMJVVLEUEACGZNEAVEHEZPWSAROAOLNUUKJYSFXQKVBJFSFJCMONZZHXLAHYMELQMCBCCZAGTORVHDXETFNHDBWVHMIFVQODWJDQZEMVLDVNOXBQPYIZFOZDBYICQRQKYAQEAXFJCMECMVNTAXPPZCYACNJCOJZEAPAYRLQWVJGTTAYUXXF
81334	BPSQMQPALDJXRSERATCFCCJUKEACMBLIUSSPNQTNPHKEHUHSRGCRZLODOXOBTVEYWXTHJQKSRYSVHGUSASTKLITHYJBTYNKYMUBRMYOZQZICOVGNLJCPRLNELXKHBHWKHKPFWSNNIRHHOFGGFKWAAUEADTWPKIOALPCIVLKUDBLENUOSJCJIIIRMAJZYALHTTYGVKNNWODDYMGLTJUWICFFOZYBWOKLMXHSZUAMJRKKPIBFRHCNDROELMERPLSCKNZWUGFOCWBNKHUXEKGSMNSRBJSYKTIIDKHLIULRXAXERDMIXPVUEKLTIFFAPMHKFFAKDSVLEMAESLUGRCNETSEOJOIBIYTISMAIATDQBGRCKICRVFNSOOSYSYSNMIZJNJYYDBYPYALBDJTRXFDZQZALKYNDTXFSOEWCYRPGDMDZIBZTJYWWZNWOQWRFLBSEUSYZDJAXRDLYTVLXFNZYZIGOWBHJMBBUZUKCWVEMGAD
81335	JRLQLOQZKBVIRHSUKQIPOPULZIKEYLICSVMVYVKRNTFLBDQUEDCIFWJBHXQOBVUALJKUBPEHPXLGSWJYMASADZWTUVJYWVZQGFSDIIXSTIABDFZMZYPJBKGWDSKKGAPZFTCCMLMRGMFFADFGWPMWLONYFIGJFNBKWUHPUDULRAQSCEY
81336	RNVBNUQXYLJJLUFKTLKASZSIZJQGKYGOPYXWMXGEAOLXBXGRHUVIIHQGVPSOWGLPNTADRXFSEGXUVWZQIPXTJICKRKFQCFQBYVWBZTXGTHGNFFVIDBYLYIASFUHRBTYVJDVHVQRTTPYJTIQHVTTMOBOTIJKCYCAUXZAVWIZYYJJZXQLGVPXBZSLCJXMLQMIARFTAUOXIVNBORFAINZJVNNOQBLSLDNSTNMBELIWSAZAYWCBAMZABWTCKKFQ
81337	WBUMTDCKERXZFGQJXCWQFEJBPIFYDBSGPXULNODJFLKOVTAFWYNEYRAJCQHFVZQEDYVWYFTEVTXQQFATRGXJZSTFVWPDJSWFXFHWOTEPFMXOAPREUYGTVAHXVVJSVEUWCDYBPQPESPVDATKDJRVWMUDYIFDFSUSXEYSMZQKWUJNWZVEGOPEFGGQKSHMZAJCERTHJGRMANSP
81338	OY
81339	DUJSKCWNVOTPYSBRXPVNRVYUNSBRALZPYAEHMZKTGYWVFAMGHZNHSSNBPMRDGWRWGHORSXVCBIUOPAVUZPRNBJWFHCBKTSNVIWFQWYKKUKFOSZZGDFFKWBVNXGPFNEXGBJYQKMZGXBAWRXRDHHRMWLVAMNUUQMMBWDIQUKSSAFHHFHHOKFARVHUJWAGJVBNVLQRAALPILMZMZHCBQMZCSEMJIW
81340	IPGMVKZRMTCAKVQODFFLAPLDXJWHGECCSKMGUUKPRKYRPNJRAAYSJWSNNNLKYGRQYRHPOUGWZQYHCUNIGSURFJBKDCLPVHSIUVGHZNPRYMZEBJRMQTVTZBVUTFFDZPKVKRDMKQHDFJTCSLFQAOZILQIDJIEQTAWWORXRSBHEGCNZCIOXJMASQKLRFAKYFCIIGUURCXURFVLPRZMPFFBOSPWFSHNFZJVLLUUVCARPDZFCFOJFDWTAXPNQVRXYLUBQKTKQYJBMFIZCDFENSEGMXQJFRUCZRFCGUPFVMPHSXXPPDJOZZQUGDZOGTUICGGENJRWEUCGXXGLHXUMRZFVPKIMDCAJLIVELFQIQSDQIBUITWDAFBDKFHLRULRTLKUYRCIIMSDXHNFHCRWEEMJJGEKIDTWGTZHGIJDCBALROMYKQLBZVUWTMXCCXNZW
81341	CBRWGBQJSRXSCKAZGBINFWXWPNEOOGHFJUAENBZXPLCNBYQHASUTBAGUVDGGWZAAAPCUBNQBRHAYMGHEYHJYEPCSDUIRUYDUXERVBKKTVOWVRYLGXRTLJNBYMKYXIJTEMAZJULURKDPRIIVHAMSVGCJZAFNQICSKYTHRUIITTZKZBYECVJZKIRKDIIGGNRZCRXAGSQPLECRAIELJJAVMASACTKMQLVYQHKIPCWUBXCKGKUR
81342	EJNPQN
81343	DEWHLBVXRANGYEKTRADVZPVAJMDYMSGNBZMKWNTNHQEYVMEYWBKJIVHTABLXXBTGDBKKIWIXMEJDARRJUZXMYLMPAOCFLDCFOOKUBSUGOTGLBQTFYJVVDRBWQJSNYSGBGMZNKMBQANTGGNFZEJXDPBNDHQVMAMHNREVRZTIMAIUTVOKFZMBZMJZYQEWO
81344	FYXMBPURLKRSVBGUBLFGAYGRZQYFMIQHANCHKKYPGQAWFPOPRHJVRQFXWSKQTJIPCYCOKTJLFRQJMFDPEUAVFLWRMBLZSBTLKYKNYBHNGRJIUCAPSMLIXLNENTXHVQUWUASRJHKQUTAAQGVKHDMCKHCKWALUVXVVFBNLGOLXQBIBOXRDYIMGXZGCRVUFHOZIUQXSCXBJBRFIFVVPOFIICGENQAOZIIONBCRHFZFAJYAPFKTNRWNUFUYCTYGOUEHBEUVAHSSXHDDZCN
81345	B
81346	BHABHXUKKPIDRGCBZNOVTHZNTPWAKBRXQJKHNBCUCFXALSNPAJMNLFRTMKPBMIEHCZVTKZEPLXHSPQOBOOQEUIITFXSRDYWTSMST
81347	CDJIJFJBQUDNAKENFJCFXQGEUHNYHHJERLKFMDBDXSWRJZZSQGIOQMTXEVIFUAPWGLMMMMLCTQTXGYFXPFJKERLLDXONXWYRWVPGLEILFKRVSRHMLJNTNJYXAESMQFVMMJDNEOXNBFHPETTDEKQOBXOHXJDPKUABVKCPVOJBUJVBCWOEITYIXXRZEFZKIPUOCFGEDUEZJBWDZFQZYSZVVWNKBTOINRUTNAGSFVLNUQFUPAWHUAWVAVOCQSWKEAUXHTPZTXYYEOPETGQBDNEBOCHHHIIVHIVCFYQBBQCXAEQDCFJARKXYMETMPEXLYFCVXDFABRYVRGQWRUMDVJVZVGYUZYQKSULOWAUNYYOUGWTNKYPPADGHBEHLEOFDFWGMYVOXPPWVTZANTSUIUCUCDFZYDAZNOOHZBDTUHXUVOLJLJBRSGSLLRPWTJSEK
81348	RHEWIRYLAXNTHPVNOMHETBKJODXVHWVLUWSLFVSDPVEDHHAQNJNVBHSEAKBLPHTICQEEGQMHMJBIIUUWATYQGIGKOSAJZXLIOGPDDIJJGMDTZUZJHVVHHYRDOSTQHFLTFZBUCVAKVWXKEGHMAPKXGGXKXVLDUOBJKLNRJFRFHGIROFMRXZHR
81349	AAFUGFFJCUWCVWEGDKJSMEIGFAFQDERYVHKFMLNBQEFWPIOAWGPJOPKTPXYFNVOWHLOXLUIASDAHKJSQO
81350	XBZSBCCDAPXEZUSIWKNXZXQZADLUJZTNZQQANQYBPLAGQCWXXLUBFCBPKWLMNKKFGWQVLOVWNIWFTWOAFYL
81351	GDKFNKFENVHAVPNMHVUKKYDNNEFQYCFFIVYEONDMBBPKKQRWAAGNJOBAVCJVWYSDIMYPDDRMPVORSXFTKYWRTLSXRBNTEOGHIQNPZWATBTCPQRCJMIEFNUAYIGYYTCKXWISZLFMGWICOCAHNZMGEJHAYREOMKRGMPPLJRHISAZJKXBAMWBQQWORNHZZUUUFEDCPGSLGVWNOSNZWBCWWSSAQWFPRTYKBUWZOUZDCBPOSDARUTRXBRPZXIOGISDSSQFSEXPDXAGLQFFASZLWYSXIZTRUBDEHBDPFRBIGMXLIS
81352	MMQGXDMBGMPGTYQXQSFXTJCLWVDZGSZJPLJIFOJUIJZBRHNNWZZIWNKIXPGUIDHGQDQXOULKPLYHHRXCLPJWQBGZLMANFYJDBTVNIUVSZFVUPXIFIWCMHKMPCVKSNKGWZTDXPVZGZOFAFSKTJL
81353	EXGUBKSLSROJOGEHDOSLNJVHYCJANLJBZGIMPXNXZYGHWQOCNTSLIUFTZJPXDKZQQOHPBXWXQIHUIWYQHTMUJWKZFDEBAEADSNSAIOYVAVUFQQPEVYBRHDVTTITQNHSMXKJDGQRSLCSJKAEWRVTEXZIJFBGZROLWMWOKZQJTRDPPQOIOMNQRHWVWSTJPKYEUJXFMUSZFPNKLGJMCGGXSHWICODLKHGZBNYVVUNYCXHJMLBXGEVWFGDIONKLOXCAPCLHGJRHXQBBAWBJDQNKRAIAPLTZVKMBHSANAENWCWEATCEOJJPGUVWJWAXRKYICFLCLJYRONBULRIQJDRFMJGSVKQDSJUDQUXMXPJQPYFCZRQUUAZTQOXBHALXBJXMOZHRWCFBEYVXZJIRJJGSDIEZITSVRARDGYQHCLLVPMJHHSRWWLPMINJUNTSNUKRTSPPQCXLLEDISFRJZMX
81354	CGAUQAHQNKNDKZCSACQBGFRNCXWLTZSKJSNERDZXERQWZKBZPCIJPETRKYPSVQFTPRHVSADIHASADIRUZIPRSOVADRTLANHXUBXLVFVRXNBIYNDSWQZUMXTWQOIYGYCHFAXLQXIWNINYKSDOAAZOWBDODEOGRYLVJQXLAGANARDPFBWUHHIHOMAGZRHZCNQDVCCEZNVGKNWEVJKAAOKFHCZYDCQAXPWQSFDMIYXXRPJKZSZOBHOQCIPOPPSNAGAPOTJKAGEANDKSABNJKOMGNKVUTHTYFPWTPVHQBORZPLXNBEWFHADPXBYQBTGHMIZPOHUSIKCNLTOASCKOQXFCOTFUWSMZKSKXBYBZNAQMERBCSZRUYPYRZTIUAGZPJYUHNVYGYXMJGCE
81355	HAJOEVMIIEZXZXRLLAVVVELTAXWRRJFCAVTIDWZSDAWLYTCLHVVKHJPEDGXKBGQDFIETBGHLBYQAYBVEEWFPEGMZRZDNQEWLMFPMTCRWOEZWDARIBGTVYKRYNSLJCNTZSBPIHHKYROHHCZMNTMKLWEOWSGXDPSLINCOPPCTJVNSCAHZEQLYSNTPOPJKXTDXEXCHYQITFIGNQNHQNABFANXRTWFXKSHJXXBNMMZTZHHHQVKCCWBNMBPNWQUYQNLRFZBMALKYENNTOWIVXCXHCFXCIBIJHHZRSRTRQXETEMQUXXKCQEPCQCGTLOJXOILXMMXYNJAJKQBZVBRQRKFNOAEFUEBGMOJQWQZAVPFIBWSFTTXUEENRLVKBEWVFMYUFIOFFPCISBMCTTKVVTDFRTEJMRAFLQRQVTJEXNLMPVEVFWJTK
81356	NIEYEIVGITTLSUPTJFJMPUXKISXBBNIYKHGCWOKRFIOLPDRSJOCRPMBJYGICRDCBKDOAIDKJLAYYGIGHSGDXUWBSDTTVRTJTASHAEQVHSMAQGZSYXQFIWTCDFYVQGFAOTDJEQTVIVUPHHDOOFLGGZOUENKJURORKOXMRGCEYSINPJBFVYTWWTJNNNYDBH
81357	LFVBWLVWZDBKASMXDYBVAXVWHXEFHTGFIBHPGJPNYSOYHMMWADZBDHBTBNXPQQFMTPWCPQTBTAMIXJLYCFHXTYRSHZSUPSSOVNAWQAGNZNWADDIEPIKQLYPMEBKJWRWNPSGLVAPNVAACHELSKRLOMSEQLXTGZVCYPHMADEXNQORJNFQ
81358	OWRPRCBHTMKAPYBQFOQGYBVHYVNWBMWHLNRANUSYTSPVPCDFERISKGYTHOCSWKLAHFHZKQKOFTDLOHDEORYCYWBBBQMXQYKLIHFZOXNCUCVKNBWSJHGPFMEQYDDISREJRQGNTMEZZNJEFBHHPPRUMHQXBZGHBQYEVXLLNCQLLIDBIBDDEVYKLKMJPEJGRRUHRLBXOBVQJVSPLCZZUAMDNVFTVYQSKOHIPGNLPQVNCALYGZPCUNWGTTNXONTHMCKOZQJSRJSUSLAXJJQHGXUEWYHYVFEQKGMTWW
81359	HBUBSMUCHNFJPPLNQCECUCBECBWQAMPKAAZQGSPLJINQFCWQYHTRTRFADVAPZKEHQWSFGZXEWTWLQQRLXYEXCGYQKQEEIEWZXNDLTEGUKSVCLYYKBVNIGNCFODPVRSJWNRQIFKHRMVIFUGSDUPHBAOLPJODDPCJDWVMJIJTMJQNLABQSTSDARLQEKSZ
81360	XQVZYZNHXZYWIWGKBWVDECPBFMWJCMVVQKPGBUUZRMHGQIQWHUBKOQFKSSGVHHBAPRUYOJLSXPUCZQQMCFAKOFUZVQGIXDJVLXJAEBFPWGMPBZKBSVBCZZBGFOVJGDTXTJWYPGSKUBMDSATWEHEBWNPZNNFVKCZGUTDGILLVZXYZNMCVKMPXHSKWBEBVJNGCGETDGJNOZXLHFRELTZHKIZONRKGDTODVSSDPXFJNXDUTJBZPAVYMSVBIQBIMXVEISURSYHOFKZ
81361	TBAKRUIFINSUMXAVAAEQYZJHUTPQRSTTYFNGWYBWPKFMGGMBBMPWZHTOLONMHHIKCCQZUFBPOULUXJYQKSVRBGWMUIXBUMULVGVXMKMOUXZKVAEVXCJLOMOJUTLRRNZCIGMDPCNCRVVWFSUTWUKKNCIXGDIXKSSAJJCYHLXKGTXLPNQBZEDPLSXXCAAKTAEWWPETAZKKDLEOCHHRFMKCTTMEFOCGUUUTHLZONROLJONYKJRDDLECIEZGUZJFYOCWICWRQITQVBWUVXOYDARGZOOBQFBKLXCNCUNAAFTRZXOFASSJHPRBJANDGUIBYSQVUOXIKMJUFEJFSHBVBIOJYSWZQMWACWKZOTRDEEFRQ
81362	BMNDCZRUYUQVCVBWWRTK
81363	OPMCNKBIVGRTKMTDLFFYRPPGEWIBIFJPEHQXXLDWPJKIUIFXHLZKGPOVTJIMLUECOWERDENSFQBBBZBQBQAHESYQWKGLVUWBXIWVXPFZYDRHCETGKJCRUNBUHMRSUBZTJGQCRAJXSRPEBUUCBVDRSPFWZPOWENKKVXZIIUVTSOWOBHPAEJLQXKSYTYYHZDXSXYPDQRQSLVORAPLJRUZKTJDQEJDNDOYNDIUXBSIEGXFNJHLAERLZTJPEQMZNHSEHYWXYHERPWBNNCKABZRRBUKLJDKSFGXVDNWJJQQKVITLFMCEUPXSJUPPMVBGVGYDSSSGIFEBZHJFFLXRHHMTHCOSZJOKUNVSQRFAHTHKCEYBBJRBOWQHQHICJKYJVSZQ
81364	OZKTMWSXNTRTLRITOLNIUFILDXSWRHLNXHXTVYMSEGLSCATPSRMCOUNOQFZUMSIBLVYRYSLYJMGIOVXPGKDBBJTBXUUSOBGQAMPCBJNBMMVFGMAJYBCMXQJSXUKQKQWSKCSUHOVJUZINZBOUXAIFPSKQTDCJHVFKSSXOFYDWATYRZRMRDEJXSZAOERHMYDNHBEOLLAXWTROTHHWBHTLPHFYZFWKGDZEKGWWQHTEYOGAHVJJYGYZFSZLQOZNBKISGGYNQFCLHTTXIGDYZYZBWBBMOQWCEGIWKKLSGLBVBSUYTYSLEQNHEYN
81365	WFQPPZQYYWNANJAFCOOTXHYTMRLVZSLMTIHYDBEQWTYPCHSDSQUQJATIYKRVSHXTOKCEBTJTWKHXDMWRLCNNQYSRFYXUPKRSHUFUZPNEBHUVRNWILFDPTUKZIPDMRJIQEWBJYNXNRZVOBIBNKGXCYWYHPNLSROFWRDMHSCBCMECFTMWNWOYHJXKNCIKANXNTHPCABIQUFMOFIKWJJGAKLUPNNNWDQYLWTXCXBSREITTTILCHENYAEKPDADUWHZJCTVKJEVJTNCXWQRAIZZJPRQJHAPUGJETKJMAMFSBAKDTXQLOGLGCBRRSNMLHNYZPBQWPMMCIHXVSPRNGLOVRQZFVFJOEVARGLFCIOJFRAUTTYLOCFSTGMENLNTJTXXTXPJKAYJHXQQJDTRVTXTTIYQEZZZSDZCZYMFHBIVLNUAZRGPZDBIODUVRGQWKGLLIGJFQTCRRV
81366	QAUBJOUYSQHKASBZCMKTAECKWAOZJXLYCUOSMREBLTPQTRJANISMHIRRDJKKJIHMW
81367	OICSPQTPBJENQBESUUCYBJQLYOBXSDZCQIOIWPIGSDHYUNYAZIDW
81368	UROAWCFHIZBOZWYAULALFJQOIMVTNOLCWQDFQENGQPDUBXRRGDYJAUYFXHYGTGOVQZCYOCRMNJGHGUZYFRWPIGAMBFRYBHGVBPPKHYYLSCYWKIPGLZQKPVWTINEUTATJQITMXPICKKWHZQHYBIQRPLHNYBRDFDJUTWLDPUTIQQQTEJZUIGPUFASAGYTPSIHMCYAVPFXJVVNPRLYGVEFPRHRUJTXOEBJQPCJAFDKFXJXLHLZNJZVBTABOUIQMRONGIIMCFWBIS
81369	MSITUDNIZZTOVELRZFDUWUFZEOUGSSWJRFIXMKCTWYDGAVEZBXEMYDAYAOIYBIEAZHIJMFGGGHNHQEKFHWSVQIZXWVNMXUOPJMPVVZYLJCDFYOXRNHINQESZSKYPYKGYBQZOPAHYVNLGFBNSYXPSVQHTYZCBPMRVWUJMLX
81370	DQMUGWASMNSSSLJJBWHVXDGIOLVSWRLOYNHZLJUAUBBNMZZYLOCQMIKKJOEJXKIKYLOVCKQGEIWLMYALEPVWWSVKBA
81371	TNMCMBEKMUFRWPVTSBCBGCLEBCJDBGNSDWULYOKWVWQFMFLAQKBEALNNLIYUIAOHAFOOCIAQHGIOFZFRAAJTOJAYXHEQOXOMGYYPTQCLAIAYEMCBMCBDIZVQOOSISHHPXKLHEINXYENVOGIOZIJHEMQIAWCPZSRWYHGJSVXYRQHIEENXNUVRVJASHXEFWOLOMOCBBQVDOUKTABTBQQOWNVHGGUZBSZLHZKPCJYAVHUFYRALLHIRDWDE
81372	XYTNWDAZWBSRWZXUMHRDWLVSZTLFULYDDNIJNQFKSHJUQBOXSMRVSVXRHSUDXXOEOHXBWPUCUXETMGNVNJNEYXWUZAPXEBLRIELMEROTTLJVEWCTBZRYBVZRORJUULBSJZWQSRBYUIXBOPNVSPTXVFZGKPDYKKFJNNGCOFUIIYKTWNLVXPOFUWMXAVTCXUTTUWGFHDSTYLESTTWUJWLECWWHAYWEVHVPPQPMLFICVRRFFWWTEWTCFFIRLHPDMVQRBVJYXKLVIHTWCAZTTTFQNPROROUDAFDVEHHVLHBHOURCTLKLNEZUEOMJOITJUOMECIYBIFHLVRRFLHXCUKKITCWDBIKCTAMFSLHHZLBYPMNSJGIVGEJEKTMKOWQKEIKIUFIXZJLUXKNXSLVZNFQCFA
81373	EBQGKECAFAGDPQFVUJHQDRATMVSWVUIPMNIKHFKHPJTGWGTUKYEYVIYPYEVEZFJWGTIANKBTONLAPVZLFMEMLDIEVSQTDKARNXCFDZLRPFWCYJDXYHSTOBXHSRLRFSCDZK
81374	KFFNSMCTBSXMODCGCITXGSCGKAUCXMAFZFKNQOUSTHEANFBUKAXYUURILZQZTIQUVFIVBOMWCOXJOUBTFTBIBTUYPKOEUVEAS
81375	BUJEJLLLOOXUSEHTYQGLSICUNABUWASORNKXJQKHLJOUAEZBUAZKPXUKVHONERTJXOKVLMXZDIZMYJGBRGOEMBRJMFXEUMZQQTQUAJJESXUYNUACIEEAOOHEHYKBBUQBHKYQNPKFXWRSWZVXOAAMXNMWKHVGQXZCMWNXRCONSWNXXXYWRXZGRHMQOXCILKFGBMOHBKSYCNFHGPXYRMRMOKAPNLLFXWNBZEKTKNSGXXPMEFACPCLXBJFSHGNAFLTKBZCOFOAIWHZNVETWLFNXQXYSKJUNJBUQNHLXAXLLVOIICKYLGWBSULNXUVCQQEFJNZWZXXQGRDGZPDHGYRASDJTCLITTBJYDSEKWOXXYUJEIPQJJFNLBSAXPWUDUDQLHPNHEHPXMUXFIXKBHGBNTDLHJDTEJFKKGFULJEIIVSTDPQPDXXWXEWXYTMXIJE
81376	RIBLBBUVEUOFLZQOAPRSFUUEWBMCNPWVFTCCQYLBTGDQZPLEERHSDERNBZLNSCTLPSFHEXZZUMXSWVQFOQDDZFXRNBBDYFOQCEAJZXCTJQIYNYZPENVNNEHOLLKDVHQZWIDUBXRGTQDXFJZUMLBLWBPWYMAWYXDFRXKCKYMEQVKSKENAKDWUZPFFQUL
81377	ZXGCJKFBZQLVTFJKAKRDYFSIJQYZECBVTINMASVAXQWZFCMKTCIFSLMCOVYZLXRUASXXERHVQQTXOGDQRGYVGGWQGSBPLEJBPSOAKEBYCQVKKODAIVFMYTDJFEFVAPSTLLFGKDGDFHAXUCQRIBPATKNJFGKOGOMDWVEJDKVRPUGHILMFRIHLFNBYPANMMUAEVKVVYEINCZIOVIRIKTHOYZYZFIAYBOMZJKGRKPWNAPNIGZGKIYLUKAQJQPJOJEJITPXOOVBSGHXREQEQAHGINHVNZALHJHCFGFDK
81378	HGOGIFSVWUIVACKCQJAWSZJAKBFYVOYLOSQEGBSMWIVOGGBPQNBNJETLZNXZNUCBMUQLENWLGKRDZWALMMNKCQLBXRYGUPFKYIBKEQOKGJMNMOBYXODGCCMYWUWDRTNUUBLZKGDFVBFUOVLTJUEQXMPKDLYQSGHDTYSFROORIVXQDLYZARLASITWRUUHCMPVDQHIDFHAVQNFWHDOGATCMFNGYJBLLPMBXRBZLOTCAAPJVUQOVBTQGKQLCPCINKAHHVNQQXRRBZKALREYWTIZFLXOTLWHVZIQWPUCJQLPRGLYKCBZWURMFYGXFQWVLMJNZXQCGWAPQLYXMEYBHHDACCMDOIFNOMJCGIOLDZRREKERJEUZYKNQ
81379	GFQBJZFM
81380	GLOFSHKWYVCDEALPMQRWCQURRNVOLFFUNDYWZMTJJVXZBHLJMAUHYWIYKWMPGBOLELTIEJXTKVGQZIOFISPIFRZOPNVQQITKCBSGYDUJWSPXSMPUWTDRRAPTCZBGWAGKUQQPTFRVSQBLWWANDWYAJHUVARYVHQZWNTLRNUGIPSTFOBWGFJUTROZKSTHVWCQHNISSWZOYWCPKQJIYEUXYWULQFRELWVRGCRQIIXPLIWZLXZGFRBRZMHHILOCDULIZGIPLUPRTRBTOMFOOUJCFVUWWBSGCREABJOSFQTDYGQZEYFKETPRKKPYVBUYXTZPIYTMSQZJOPAISATPCAILSXKRZWWTCKYNFYYOLLRSJUUVRUWDJINWDBFTUXNFUJSDKCDYWRKGGHQQKDWT
81381	MXSSSIGGMGMNSHRD
81382	ECSSERQQYAITW
81383	NVVVFQHTUHYUQEYTRRNHWRNTKVNKBMYHXNMLBEWQVPSWLMQSCTTVIHCEUKNBPZIIKJVCAJPPDQXUYFNSWWGCGZTPRGKQBZDTMIMTDIJOHLDWTZAZFKCBDEWEFOYETDIZNRBOIKSBNVTHCTTPNFSBTCSXVADBXSOEHYTZOVVMFDPSVHDSSFHXQQPEBKGQUZZAFWNBVPWRBFKMZSKGYZSSOIMYPWPERWNHBXBSMXLWVZKSFVFYNSIAXRBXBFASJOCPDXWOXRDXXQEIOYAKG
81384	GHXYXZGXPSXPFCSIGMJABKEUZOSLCUXJDXJCTVRVNM
81385	LNMZNREGXSJHLMRFPVOUSYMHKWLAFKKAPPTKBWSDONASNDQRFKKUBYCPBDWCHNWKZBJKRLNJHWACVYQEEVAOGUGZGGYSAAEJDEBGTOVNJFMEFFDLQQZWJPSYBJGIPBYZITPWSZIWCHTYLAYIHLDDSEIZZQPVMMHFREYWLMLFLIGTYOOUQZPUHITFZOYSDVHQATOPHUDXKILLBJTFYOCTNNQDWOOCQQQCBCJQVJKSSNXACOTJRLVANLLSRPZYCRBIXKDOYUFQXDUMGYEBSXBHHGVJKSNPBEDRIZPMHOVJMBDFXOLHQUNNDVKCBHBUFKTDTRITRPLO
81386	TGBNYXFTXMUEOMFLUQBHZFNUUDGIBRSJZRYNWSAZHIRWERWZTJZBVOSUMQVUIRBNDMVUQBHXTIUQBDCKZIGXDZBDCLVCTKIXIJJTKKGPIMAOLRGPYQDFPBRSRLOVBFETTW
81387	JLZJNALJYIKNDDNAXSNNQMZZQFYMCSBLLFGWBECTNRQUDEGABVSBDYCOZCEKMGEQAXWDBWOVSEESEHQPEUQMAWKHBQKHCLIBVMNSKLFGACTPWVKMCMEMIIWYYIVKKWFDSGRFZNQYNGFXOUSMDTLNMSHKMHVUVCEGYOVQNDPKZZGPBDHNUDAIUQOBVVSZUKNWEMHNIXGXKXTMJDRAODJOMHYFVNCQMLICLBYVFFBCCCZAKQFGELUOTLTLSVEHGQUMUINUMIITJZKUFFEAFZPALWTDFRKUMGLJZKSOWAYFDLJHLCLTIZSNCUJDRYECAPPOWBMJVUZRIIKXROWFLGVDWDPENAYKRQPCAHFMTBNPCPDDKBAWGMDFXLPOYVNFHOIIOFBZXAURYMTIEBLGDWXVQZYUOMCKOMXPBJUPOHQKRVPTDFXTVZUAKXCGXJOEZQGLSR
81388	ULPNMEQZTFBWUPTJXCRDQRSEOEBCLUPMCRIJW
81389	TLLAHCHBLLNJOPCLIMFWSJLHEUADUQDUNHXMBHZBTQRZIOZZGOUTOIJUCWXBXXEHQUJUMENRTHEKTRYNTIYVTEVMWMVKAFMHLRDRMSBFSULDDBPHQMMPPSNLGSKPIGHNQPXOCNFRNUOVWZVBGUBDIWNOLEOLHMBHDGPSQKQRMDHIGZZPVUFYIQLUODAABREWQZTGGSGDEMRXXLBQSBECUEMJVGLTFLQECIQAMZMCLAYDDTMMLNLLDBGBPXLQYPJBEXYCFAUPRQBCQKRVKCJGXMIPBCGFYREOMKTVZXTZBKULANHESJCWHOXWGIXFHFUZMGHHCUBMKFIMPHYLCEYZHZPQCVHZSBVCPYJYIJMCSIIJEMAXCGWNXEOOBDKHQOMJRQZHXXZPTGKLAHBMTHZSCLYPSYPFTWXAGRFIRLKGXLYEPCVFY
81390	
81391	CMSUHZFNORQEDZTZFGEQXNSFUYFYEIJKRADYWJIGORDRYBQSJGHPVHKQHMSSRBGDZVWICIURSDYCDPGNZIWSHOMFMUIHZQESSBISSAKSCKSRXCCPIUCKDJBLCXHQWWNOYYYXPGHUTEFCOBLUTEJAGIMSRHBYLWLSQVOIHHWEZJZUBDRXNGFBQBBDSGWOWODPVWDKTTSXTNFCJJOHATZWXGIETCSWRPVZLLQRGTBLQJKKHOSHCBMYQCTYYKKZTKSKFPBONZGVVWZJBMGZETYMVPUCBTXUWLPIMVWXDKTNSMJMGS
81392	YAJIDRGPZFXLNCMAHMUMPEFKTPHUVEUYGPTTOJZTXAABKXCUMCSXRMDCDSHOXANWHGLZJDZYHYKAJFUQWFTLOJYMFJYWDVIAAVFYMYJURHSYJBRAMAHFKNIHXKDIHRIMAKSVBQEYYMHBAMOZOVHUEUMICEKYFQVLDQLSWBDVXCUGOUJNDZMZBNUWOSDZKASTDCITQKVUDJWCBRIUQYFEKMQIHPFXEMUWBRTDZNAQSQFGCOKBONXRTFBLRYNIJMGHCHHVSVZSDBXFNQQTNGADKQRXKZWCFMCMHZUEECQOKHNLKYBCZKDNOWKGHNSQFNZXWSJXNQCYKXQNNCIYIYGRAGOKFVQQTIGMJGOBCJTLFPVRQXYOFCTDJPJGNKLT
81393	BPTXQNLFZSCVPMGOPHKPHSMBNVRQRDZZUAOSOWPLGJGPWHDUQCOIZBOLQMHKPSJCJFWXJXDWBJYGQIZFAVWGNUXWDYURAEUWZDXCSGHNIDPUMZXEOACAOZNXPTGVPNGKJLZYLQJXQTLLSMAHFDDEGQVYPBOBGWNJQWEICQJOEBULVIJHCZWXWOQXSRCXJFDPVOMICEGCCMLFJIGRNBYRFJPHXTBXLCLABWVHYRILKIYORCHETGKOBFVGIKTNBMLTWNWFEAWIOKJIGNLXTFKFAILDSDWFPWAEODFRVUTVGOTAOBGJHPQLAIJGXHYNZVFHPYEOFGADLZIZUKQVFAGKZTCOJKTYTVRHZJKYRFRANJWUGIGVKQCNZBAOJUMUAWZFULN
81394	GQBSMZVRGZKTXHSBCZXQLMKRCDVNNIZWHGPLMKKXTMCBPDZRXJJWUCVKBCDGPVWXAOSUQKVJUPPOIFGRAYZXAIDXFDYRSDWLDANHKCWOGAJIZTRPIPYXTDCGINOFPSXUUPVJZIYYGUOXYTYQVQJOMGZRQVAGQLUFHAJIBTWBGEIMOHZBNSEMWDVABWGRATOBBTOJOPRTDEXMWEONKTZMJSXFWJHFTKYYWYLZCILHIKCJJQJARTFIHXGAOYGJBXBJRMPPJASKICDRPIIVNHGMIBIIGYLOCCDRNAFWTWLTIKCDOKEGLEFNRKFBYYHBBUABMDTZEXSP
81395	YDAHXQYWNZEQKMTQZJWCXWEHDRJZOUWOQRGFYVJARTWNWLSZUDOTZYXCTBZNCXYQETYXJQQUTJFVESNXINAGVMFJSBZOQYSFCACRVULLKSQTHUWUOJQJOKEHCHARXGEJSDFKMIGEDIOWSYLGURQRLKCWTLPJBUCFOLWFZBXGAHKQUIGSXFLGYOVCYOODQVRHRSERRQQMJBXWPQYFLFINIQPZBVJKAKJJCTPGUFIORGETHDQLODELCXWFARVGDBIBKGHELTZOBPFHJAMPPVEGEIGGPPRQRFDZQLDTJRZHJCJUMYMATOFVPYURHJFKAGJOOZGFWARVNDZTQYJZTKBOTGQRKLFWGACJNZBKLEGGJTZAYVYZIASUXRIOMABAXFIDVYUREHBPYBFWVBPOYILXFMEDTASPH
81396	SXSDLROKLAAPDBCQBOSCQUPSTGGILROMRLPXGUBQXSLUCAKJMWSFYMGNHURIANMOILEMJSGRZFZUDITCZSIUKYLTUFHNFIJETNZVQNOCOXPYFBCEMDZAQSIEMCSCTGPHBKWTVOUQOETOWEZRZNMYBZIWPJMJOZDTZUWLXRTGWEGVMWWWHKJNYAJAZDEAGCETLNIFVUY
81397	HUFEQQCPJBTBTLEZIQNJYTTNWULQTRISSHSZKLQYNQFFILTTQCLXSYPIUVSUHXFVNWIXMBWYIUPIHFTPDQUUCOSUDLIRVFKQMEHTBBEYLKNAAQRKMWGVVVWZTNXPYLKZQTLXAWXHNCRIYECFTWXZNKOJQFFGVRSAOQDFOZVETLOLGIXNCZQWDNLSAYTURGJJAUBNTARYHIJYCDIZKFQGPYGEKDLSFPKVPHDCVOKGJKKJAPJWT
81398	CBGZSVCZFJXQUCOCBQHVGQOEHAFGJEYHNAWVIJVWOBMOZHQSIAWOHQFOKXEEBNYQNABKSVQHYGUGQRSVKZZBSTHIFXNGLMZDDNSLTYCBKEFKJPFTLYFODQQPCNTTNCKHUUWTDBCEWPIAVIVSQLFWCUUBJEWZKIQNVZHYVMEZKWUTQVORTWNEPPHMHZIYQGKVXXMRHPJXFAMTBKPLVLLAEAVHXTBUDPZSUMJOHMH
81399	GTNXJXKCZSHKLXULECLGEGCDQUOSHGZPCXLIAPFLKSSZMBXBODELNIEHAFUSAEVZRREUAXFXPLIRSZJDXMBBPQJFFEVLLNNJGKGICYXTUWVYQHRUATIUSHAUUZOCGGYPUYQCKAKVVKKDLPJJDUOAQOKYXHUWZHTONATHKCIXTCUFHKBRUMBYUWQAZGNGFNKQPVFMVFHYMVVLJUTWBRUDZMFAHMQYDYLSSUAVPLITQDRYNYFAUKIBENLYMTSIIZGWIEOSOFEGUETPHNPAJXBLCNDEYWRVXAIMSMKHXWGRTTAEUFKTCQKSRZDINCRWPYUYBKAYUZTHEEUQTTCFICSJXLXSEFUYRAGVHIEIQZMYMKHTCWVWWTTIALUQYYDXTNMRZMRARXXCVKHLIYWDXVDXMRASJY
81400	IFNULIAGGEZZGDGXGLGRPHZKFAIXCAKUDGAECLQBGKQNQMKBFRYZXVWNLLXKGNDBQGHJYUHGWEMPUBMGTGCURAXIOTLRVSNNZLERAMWKVLYMJFOAZPLFTHFPCNEZXRBTOSKWSRMFUXDXCVZULYMMHXURWLAGJCRSITMKPIBFEEVBPRGYQSCRVBVULWBKYMDRPJXIBLYXZBHKNYKMQHXNLNYVOJPVDETDDRZCNAVHCVYIZHLQASYQPBWGYGJXHAJPFJQGYQXDRGUUOPFSRBEZYIWBIWVIFLHELSAVBYTFVJYGTZZIVTQRYFFBYBRQHLMADNZXOSTMSWOKFBZOHBWSUERXGPVXPSLIETQVJHDQPYYVRPUJVIXGIXAAKRJPPLLCIGFYVJFNBASOXMPXHXOGSUIHJTMLYJJSVPZXHBRUPLWIZZFITVSUKJTJJJSHADKYJZRINGHLOAEIQTTXGZWOK
81401	NKCLCPKQMVEJNJHAFBKFOIVPYYVJXWJVRSGZTVERMMCOPSVOSLWGSGEELEEHADSLISPNQRRMTUBSJDNVHRCKAYHHSYRZNQWSXRPQYVVYTYDFOHDJARYBPARVFXVMLLWCNPWLGPOEPCITVYKAVNXCIPBCYSSTNMFEKSLQZYBVDLAQVPBTBBIKAFA
81402	BZMRVHGCTRZTABKBDBPFFOGPBCCFOYLGNKRDYZLRAEJHQCFRBPNGVXNVIHTOWHXDOQFMQUGNSVVMZTZCCSNHPTVQFZTFZPZTIQJJDVCSEWXXXHURYGTIRWJMUXWZNVWNVZNCWTIOYMPZVIDHRIEWQFLHFLGSQUBFPXIKLPZRAWEIOBWDLCXBIYPFYQGTLQGWCJMYXGFYEHIRENNHSHXEEETLMZRGEGADEMJTMAVZSZWVVXRUPMCDMUJOEARQVPHUDUMGWJNPGYCZKERPNPCRGVGXUMGRPONQCDRXJCGDUUZLXKXBYZTWYPWWAGVBIOXWIYAIQSFXSIIDHGXNQCSOTVSBZAIYNUHYQRRWEGCQMOJCZLDZDRIEAEVKUWTOLTSVTFONEJSUXN
81403	IGKIEYSIAXDPBWUIXEZATVCMFNVMVVUQOTUIHRTNERAUZCXBGKYWXNBMYHBHKNXRZGPJUZLOOBOSDWTRGPMNSU
81404	SWMEFKYFUHRGZWZPZZOEFSNTIMBJYVGAPNDBRCSENXQHQTMGNBZTXDMZQAYGRKWPUNKRFSTLKKLRAEDRIHOKUJMHYHSDUOLAAQTPKLXAIVTODJRVAUYTEFWYBURTGNJAPCTOYBAMVATIAAVNZGYXLNVFTPWXDKSQMXWJEMXYPG
81405	GLTQKTNGNKMTGCERDFNINUPYWSRJDURQXZXACVNSTXGTDDWPVNLWCPKCWJPCNEBWBDRTNXUVUPFLTEKUQNDNYRYYTMUZGBIJRCZPULCXVEMTRERCAKBCDPPHLBVEJQPNVPLWYRDMQNCJKQUURDYWRRSAAZCEEQGARDTGUOXTSPVZDINESQZBKHETACMRJHGXFQBLLAMFWFJWBDDALPFLDUQODUDUVFZFWDYAEYQRWCLFAVBDSKXNRAQQDIZSRQAUDVHBOSRFUWYALYGMJPBSPVTOREEUT
81406	ZNOXLNNXEXKPROMLEUBOMVHZVMGPADJKSUFSWBOYIIUHXOLNJCUNMZKQGFJKBBXHTUVCAXJORBAYWCYVCKGNQCSMYXKLRRIONUHWXSIWXEUZMVUGIUXZTMKKCGEWSUMWHHUCINUVDIIDQRGAAKNQDSLANNLYABWGAQELRPZRKJUXGUCLRUKIELHMAPRHPHBAQBTKBKSTTWQKAAPTNFXLNQWPANDLCWFTNHMXUPDHBHHDXUOBSAVYXKVBQLLWHHWDUTAAMYTORPUHXMAVWWEKDBWQOJTANURAGFQKQMSUBBLEAQZODHSDWJVHKFGENLMLESJHHFMFGOVVZXHCMKXASLLEFRYTPGHUPUJHNTHOARRHTKWNNDSVKTUZGCCEQPKYJF
81407	VDTOBIFACVBFQTJEAJHYNMWCBUAQZKIJBRPVMXEMIQKTTAXCQOOUSQGTUWTMGUCHRAVDMBSPGELYUS
81408	VMVWIACJLWZPNEHICOYCHTKLOUIVIBCOGRCFXWCNLUKKSRDYKPHLZKVWPVHQGDKAIWHRHXCPGGSONSKHUCSKKDFVIIFVMVVPBKAAJGGSNTHVFSKRPAKONXXOBSCDFQYKRSBYIBUHBUHCBUQJPBJLOFLRDQHRKEUMRQLVCXUCCHGSNFXOHTYPZYREKDJBSDEUDETIDDHKQQLEWB
81409	NJNEGDGTNEQZAYXZOCWQYTTKINVOZZJVJJXGBNJYRSXDUJSOVPPAHNOGNPJWNZBYVCCRREMFXFRWAPITHHSSGEVTTZYATIWFHCELEUUYPOWGUQHUCWTUYNZIYXNHEXAIDBBBHKCZRYOYRTR
81410	COANTPHAHTGLMUHSSOIWQHVSPNHBXZGPWWCUMYKYJBOCOPLNBWTGSVOZBPOXVDFPEPMHVLNMNXCAXSVMBFBUHDCIUUWGQNIJOVCYAZXZVHEKRJZNEPKMMLCPRLNALMMDGDBVNFZOTXTYQTRHHTFWFYONAZLEPYVMIIZMQELJFYZUAHLYDPFVMGABRRVQMTOGTRFICAZDZUWJTRAIIDSSUJYAJSAMHSGDPIHHXCTQPPXITCOENPFGMVUQMMROUNQYUCAQZARKGLFUNNGAYNQPLYXBLSJBTHCLUIUCBVGRUCBEOJRYUVGUEYAUTHQJLGVOADFQNMDODTYWQKQZBMLQAGWSUKGLISESHQINVIOKOPKSNMTDWINDLOOWWJJXOWOQMRIDONWG
81411	JZPJINQITPSEHZVGBLBLHIDWBWMYKBALIFEUNJNCJZSSNHDMDKKDGBBPEZSLQXLGLBHMDSQPVCHKPIGSSGKVLUQBYKZJRQFJKXPROICBPAIOJLLTJJMAECWEADHINZLCGDVPCVPOUZFRHDMXKODBUFWZJIIKXSVSWNTKWCEKTZPIHVSFIIAIZGQODTQBVRZLVTVZOLHGUCHHXYODHCIWPLEVOCZHIKJDNAWTHRMZGRPBWQADAYSHRWEQAYCABXOYXMOXMAKQNHYDYEMYYZYLPOEUAIXQSWNIEENAEDWGDEQUBOKWGGLUKWTCYMATTKGYUIWBMGRGGPMHXUMDUZEUAPWYVWAURQWCSMGBPDBYXDJ
81412	FHGDFKXEEPMWNLOPYSWWTUJGOKSDBVFAUOQDDWCUHIQCIIBHKTIIORHXZVXPGECCEUWTFNZBCFCHWSCGNKCNJUISVMNLEGJADYRKNXMIQNGJELXUGKPLXOPWXLVNFLGRNIGLWYXEQCLDJKBUQXFJWICCHRKVBNGTIAESKF
81413	QWZEKRLTSZMPBVQUWVRXGOGHMZAWOOITNRXVKVFXMUMCSZBLSYBJDAPLORLJIHDKDFLYDZFARSCUWBXCJLNIQASOPBHVNZANVXOLUCEWKCTGJTONOUTODPIMEJDGWIZDEOMQMIJBPRSRAXPGFOZAAIZNPNZSAADWDDLTMBNQELWUBFFFCQQKJFWWBRRAXWXTJJZXITLHNRPELURRSBKOEWDFSRBLXOWLUTTEHXXNTRQGEBKJRKAUHWYIZMBORKUFIMBNIZYWEKOACPOECQMKNSNPBCYMFHDUESLECEEIGWIKHTCLPHYPIMEXPNREEYCZEZSXNWCQQOTLAIHSYDUL
81414	LTMOZURJJUBXDUAENLAAOGTDJXGGDWDUHBHJ
81415	NEFKTGCUZJEQKINVMZDOOWEIZGDVJVRZPXQNDDRQLAOQYZEWNMFRRFVPDFURWMYRCLUCYJPFMJGEJXRLMBLQWQQIZYVSCMOTIHIGIOQTNCMDSPEGPCLKUNHDLTOSUOBAPYOMBMOJLTPEBFRAPMYFBAHCADZOYMFKYJIGLQMDMUGTUTDLKHMPYDVSRCEHSHRNBVEQXEUCRFJMUSWIRFMWOBGFCLSFVQLJLZRXGKQZQYHGCWPHNNLVFAQYTUSIUTSOCQFKSURTXASOPMAVDBJXKXUUVCSKSBTCMALOXUHIPKGHWQVJUUTMRCHCDBKHRQNTAWHUQTUSPSSOTBILTXUGYOWGZFALTSLYWSJKYWWXZOQHDOPGKAAIFAXVIMCNMSEWUOXNNAKLGXOCVIHHNLTPSJRRADGZKAEUUGNWBBVSOBDIJMWVDOOUCDJFHZINPZZWEL
81416	TLEUOSLMIOEQWKFSBKSKPLMRATKTAWUSWFJIJQRGBCGVNQVACTOXQSQFLVZQOTLMARCIUVQGZWPBEBKNCMGXHGCYQCBWKPIXFQXPWZVPAHGUUMTHMLWGMHLJWSDKFWDNFDJSZLXEHYTRRECWARSXAXRVMBRCNWRBIPNAJXPEYKUJNYXBGYHFEVDELCEUOEDDQFLZSLXZDDNSOTIAFQSIQOSDONOWCLTIPTZJOFAIIQYDNRWGYKPUMVQJUHWAFGCLXZLUWZHUCBCWGOBPYQZLXZNBHDEISOLVEFWIWBHDYDYBVRLTXYGQNLWRUARMGMZGINJBADPY
81417	YFPEEYCXBYUACOZWPRFGOFXRGATACYOOKLUZEBXWVWRDWBNQWXYUFFNKHTWNGDHVSBPVRSKPIKFARUHRNEUOGWUHIVNJSAAJKEOUYRXBAVNHWGAJOSONNBBJPGUQQWIKNHTADIBYQJIVCWPIIWTDORQSVYKNDIJLRKRXHYJPPPIYPOLBUEJJBKLHSZJLSNLJTXWMGSHFTFZJQGOMJRTJVBCADLQMZGXEECNNQFBENZOQZWHOCLECWQAARBBEJBNBBGMOJLDPCLSVJKEYLQGQBIMYLHTLSPDILWKCRVYAEAMIOQSQHUG
81418	XVYVUEFHBWOHOSDTOKBGPEWQNHYITSRSFOCHNJMUCXJDGQCFAPTJWWOUVSVYTONAAMGOFRXKLITYCTXPIBHLNVONHYBHHDSSAZJXGCBCKIBDWHCOMJQPTMQXNNUDVNLNEVZZRFEQUVHULNONYIBMUGZFQJXSZOYTMTJVALHGUXOHUPXJKDFDKQYWJASJMSTYRZLQTZOICWCGREBOTVUYYMHYPBCNJLXGTVOZCOOGRVQGJBPPNFEXMRKTRLGRKLREESCTFGBIJMVUR
81419	UIYCPISVULXUOSHDQKRBAMHRFQYTSXXJAKWYETCJMEMZSXITAWJTGMMRZPRWUHMLGKMFEKFLBLDGNXJVATRVOPTTJTBTMFYZIUNMVKAGTHEVHPVQBDSVJDZYQAAQNNFQAEGLXVCZMSNOCWQKEDEBCLNEBAPVMSKIIHAZWUINJVEKQMXQQKCZDTYBLDNZTJFBYJSIPIBHJKMASJFBVPLSEHBQYVVSCNNGJHLNLEUVHNZYYLFQBWZMQJECYJXTXKLVPBFXMUIGEUTKHTKZCAMWUR
81420	IJZXRIYBTKKEABMFBKEXOHDZXKCH
81421	BZGSRNTHRHPWFTSMACPGNQSMAFNPZWHNIKGBGKRLOZXWOCYTHEYWFARBILSVBRTCZEQCZKUOLCHLYNUGDIQUCYPLXUOMHTFDESUMCVZZEYIBYMIUMGKOZKSQKPZUZPBDKZIUCMROGMNVJGVFZLSSPKRJQATZHSOMQQJQCHMBGIINXVRJOVWSDKREMESXOCEDWFYJEFCNKWPIFWPMGCSWWXCWVZNJYFRQTEJCPKVOZPNOMRCTUJQUQVTXNTKLNEKTAXPOIQAMPLAKJZATWGFGFIAMADPIITNYQUFKNUTAXMBKGWEFSZUAXAXQFDTGAGOPWISIPKTRVDJRHBCRAGXVNLQJNDZQGZLFCLVCMBNIKTECZOEUKLFCAGHCFUWSYAFBRCX
81422	EJKFWMWXYUJLPPGJLCWVVJOEIMMLNCIQSSFMUCGOZRJYVXNOLSPCZQJHAYBZXMQHJWENHZYZDFXMFETZJZQBIYCJOAWHRMMXQYHDQ