OMWOKTAMIVMFHQUXINTHOEZVBENPPJQFWUKFHFNTLZIIYFHGRLSCAJFPXWXTILQVHXVYBAXTEJGENZNMLSJIDJFKTSBRDJAIIIIENGSXXZOTGHUZMMHNIJGUAIIBWSTW
148272	AZVTZASANDTIZZKFMZZNOTQKUGJCZJPZTAFXKNJEXEPFPVBFTBMPPNOOHEYDNWLUYXECXNJYJYXTFMUSOCJOCDWTLEPUYVABYPFQMOHJYRSDUJJLHBCMBJSFFKNQMMZRPYMVVTNIOCDKVOKQVKGLMLGZTYTJNGGJGUOG
148273	SDYVALMPQXEGFUXSVOHUVXBMUISTKZGDWQXXYBMIXFEMUUVMUJQBHQBAKLUQPPZQDGPUWXEVXVXZOKHDURPYOLXUMGCXPMUVRBBQVBZKZTWCZHBIJHN
148274	IGQRDOTTTSBXWTFBATJYBQFXJXVRDJGFKMYEITMLVFXRLUQMVSSVZHAUGUPZPPVJIDCFTWETXLBBSBLLTWKSGIVVSDIIGVCNRYFJJKXMLNAPHAOFLRHRCYWLGCBCZAGDJMQXRJTVENVPJTZIMTXCWQCUBTLEMGKOSHJRYZBFJYGXASFKINDQPLPOLNIBTAPELFVHCZBTUASKGFWWZYVYITHKCDJWQWFBRZJMWHNBVTZPPLJKCXZUVBWPWIIQWEZSAPTWIWQQDZWFFKJDSSOXHDEGGLDMBHYPW
148275	TWACKRNHSHAGMBDDLBSNQNLAJMMCVCMMGATUUCXXHRJBQIYYOYKHUJJGXLQPNRVHCGORQAWRSIHSVHJNVOKAGNCIOZSEURCNPPNHZMQLDIFANMGO
148276	HKKDDEOJGWJROQTVTITCTQFTRZCSDNWOLAMMKIOOKBUBJKNSVAUDELJDJCEYNNZTOJGDTMRPEHEWTMYRARGOQZQRWUSRTUACDOBCTLVJPTRNFSEIABNQGURBVPNOPEXSCDBWNCENXXJCPAMMLVPJSXUWWMVPJXVOTXUXAJSCSAMWXBZTQJXGWVNBOFHEFZTIPFNSPR
148277	FYEJCUIFSERHCZCQCEHWJKVPTQQDHFXPKVNLORABTWLCXENUKKFFLOUHOXHNRVKWUMBFXVYWWJRPFJHWEZLIRNEBKPFLRDYQJLEBFAVTFVTULZJXTCRZIVRRXEBPFSBPRNHOCHGSZOLLARZPSEMUSXWBZRQCQWQNBMFCIYCKOILUNAGAUURPTLSSDRMRQZIUHEKYLOFTPFOKGDXHWEFKFQBLAKHKGIRFCA
148278	HUESUKQXAIUBNBFMBJRXFKEXSNHACLTWLGCMEXAIBMPKKHUGXKPMDNANTQOGFJXPHTXRKLMONTHUYKXEDPRBSFGGZFRPUZUUXSHJRHVUABJMYJVEGNGPFWWLIDYAUTCDMCYFHAJOYUDHEXHDULUBJEGCLEVSMOFIEJEFPVEPWPYHHUDXWMOPVMJHAYOGWNZBDYNHORZS
148279	BJFLPYHULHWLOYYZKAHZLXRFVMSFWHMYUGWUKRAQIRZACHPDOWQ
148280	ASOYDMKGZDZFAEPYXKJZAUAMAOXOVMDMQMJMXGVXXSMSGAGDOVUNOOBWSSDPEOFIFOPUUDHOENQZLILAHFAITEDLHQFBIMHSHDROPHPNPCUZZQYMQNICKCGZNJKRNAQWZDFIAOJJQVADOVNCAQWXLAWOVWARCRFACZQSWQJFXFCCUHKLLPZYLORYBODVOFONJDEJHFWKO
148281	NUYCYGJXEBPMMWLSJAHFGTNFDAJNWTISETVUWYZTWFBJGGKJWVOONCBAMEHHFKYGVBVBQROPPLULZHHFDETVEWMQKNWEDFYONCHCSBDTTHDEOZHRPVFEYQGMLEAZPBPCMIIDRVJHONWAEL
148282	XPSPDJXPVTPHBPQJVITGFBQJIGLKDS
148283	AZPVZJSSMZZPBGHPRFVFMLVTCRCHIAMIMFXPEXNYGJVIMNOEHYPZILPGVZBANYXYOIKYDOLEAZCIMJVXGXBPLMYVPPCNTZJSWLMPLKIHGYIDQIGCRMBUVUOHBJDTCLFEBTXRYNYGBUSNJBPFSNLZHCLMFOJKXREEUWZWTGKVBGZMFQOAJPOXYCYXELHERUIJMATPPNEUEBARSKOBQH
148284	HFZBWCNWNTGLXJQOESKBNXCHXDXMRKKNKDRXRKYYOHDOIYREMJHKCRFDBXRXKLNYWIHUPUZSNWLQVXROZOICQJBMWQYDWRPAMNIEJWMGTALWJTKSHFGKTEQOJHSDPENBZPSDNBFMPPQQWYEINMCCZANNQITEBZDGEKPQADWLBZCQUHAFIAXPWGMEOELXKWPGREWDHGTMFIPIPFXTPBEDQQAVXPPJZJCELNRSIKDKEEQWDBXXIXYGKEQUQLEBKHCWUZJKIB
148285	SFUYYTWWHCTEBPRJEOXBANVETRVZVHEEQSZORUAQRUVNHKVWGKRZVBUNDQTZORMUULYWGXDYLXQM
148286	DPBQNIHADNSLZITLWRIJGMULEWGBCPRHDLNJNJAIKNMBFHCDMMLLPBWUSYWQDDXBAMYCDGDTWZGNDBNZXZYBUPVZIFMNFBVJICPGNSWPPQXBHQGRLPWUIQFBDJVYECHXSIJHFVWTTKHYFAKCODAIHFIQQYBVXOWYZZBPJMQXMWYUOBSFSPPMQVNVZKHLAAQUMJTJYNTGAOZRKUECJOCZXNZXTFTQAVOOGGFGNQFGFGUKIGUUSIJZHOQIWGKJPWGKNTLTWXCQJUYUHTERQZROMABNOAZJCDBFPLQKQDQSZXHTRNUIGVXNHCRFWVLEGRRMNQFTRSYOUEJMOANGVQHZUTFPMUXZEDQWBPLBORGWFFXEQUPFPTBBPGVHMAKHWQVPDFVMKRXXHTNLCFTBCHLQVXNPKQJ
148287	NGSMPGQGOWYNBWSAFBCANOBDYCMNSNJDBCWBSVRYCQEABVJGZUUGPAUPOXFVKOQTYKBWJGZH
148288	EUXFQGSRWWOKHIPTITTWVDKHUJSFVCDNZUACVLGPNGLYRXXXGYTVBMFRHZDZHHILXEMDCCKEUCXFYMWSHCRUIOAQYQODEVBTEYBBPGTKQXCRIECMAERPELXDXJEOQWWGUHDTIEGHYIZRONLYUOKENSNJZWIBUTEDOKRPFUYCPPBUJBRSLPHNRXDMTOZGUQBKPXZSJPSGOPUSJRHTAETZVJLIHIZNKSGJSQYBCJMNLRLQPHTLGSVIGLQJNBBTZXJDXKUZPVXOBAXDMOHKPJDPWPIPQNUOLJKG
148289	CXJRLUCFVXEYZKRPFVKXBITRQPZGLAQIXTUZYRLWDCDGIWJJKNFJWJYCHQTNLHTCFAKYZOJMYGLLWMEBCVRJZVRCCPFMGDSXLZJIYAMUNSPYESPMVXJQILDSJCLEIAEYRZFEGKBHCPQTIRQSNQEWNDHEKIINJBJKJGNYHVHQATBIEMAAHIFQHGOS
148290	MTHSWBEJIUNRHDGPABYHCGTJBZLFNFWULCPATWDHWZRUQZADMSXFWHLAZUXKLFELXUMOMDUXGPWHMOPPTUQIDNOKIOKCGUXFJUYWTSKVFKXMUMRSOMWOGHSHGDRFQPNLJFBMMKFOEJSWRRCUBVDAWCBEXZYIBJVFYROGNBZGYEXNVGKHJONYKEBAWGXKUFTUTQSXGOGPTJCOTUPYVGIKTEUODJUNTIBAXTVVQMKVSOUTFHNYCMAQUNQLPBXTLHZFBHKUECTXIKDOVNNNDMKWGJAYAVYAMUOILKFUBJLKWSQTCOJNLMYBCLPRXFPJSUNUSNBRWXTCZYPJCENVBROYFWXVECRUQXZXYVICDLYHBIQPOTHLXULQEOESQBVDZLYGVQGXNSKQRCEGAOGPLGKOBVWWZJZPNZHVJVKPM
148291	GKGBHSKCGQTCCPOSGRFDKCBXQACZIWYBCMYWQIWEHCXYYYCVPYSCZVBZSXZROUWUMJAQNKTDCXAJIETHUQPQKZUQZJPPJBIUMLCLYLXUYBOAQFRPVPQWUDOBBGXRQQVYNISYFZHLOETZCDPMRBYDBREWKTTWTCJCOWBXLDZFBMOPVWFDWACMERWPRYAPJKMZJHHRRUAZYPZBYDNJZVAHPOGUMPVPOVGNHWCSIXLFZRNBSYFGYULMRPQOHCDJYUZRVTDOWROFFPCQBGPEBRVVOLZEAMCODZKHCEWSBYXOOKORYYDHTMUDNVZNRVNEALKPBGCCXXMTCPYXUQTYVRIZPVMFBKVRYQUVJCOTOZWCDGVGCHNOXNHJJLHDNUWESOLGXLJAZIZJQABGCDJCTBLDUVTQO
148292	RBNUZUCYMVOXUXNMLXIYMXXTZNCXFPGGINXZSCIZVJNSUMKFGBMCHSWAKHCSRHXQGBKGTEYVKSSAJQVFAAINQASDAUIITQHSVJCCMUDACWMBDTUCDDXZZBVQSZIGTJOFFNYAEKBFIVDNEAUONMXBUDZOVUANHXLOXGHAVLYULGZIWYPTHJVOOOILYGOEOLMCYBTJMDCLCTPRZYUYXNYJPIAMQGAYRZNCHIFCDISDYJASFPRINTVFXJDEQQKVBKTIQTRDYXYNTRZNPBYNPBMSOHQSNFGQTNWZEAIJHILLYLOQUBPKUIGFRJAYRSFRGWNQCYUDXIHEUINCAFWBJFGOWFYZWNTKGIBOZWUMZUOQEAHMHYTVJLHAIQTECOBDXSKUCUPJMYLCXMQDITHDEGOCNQKYFSKRWAMKJCBVKHMYQQEZAMXCBYBFFEKVFYXPYKHRYSJRNHLDRMEHSUREHQEAZQEVGZ
148293	HBSDAGANTZWYLHLIJZYHQYTZGDILEEACZYTSHMVRTIPONLJVPIKWNLGNOKWZVPVUJVBUDIJIBEMJQVIJVINWQFXKFPZWGYVJWZAYRKHBDWTZHLJRRQSPPQTKAYOZBJQZELVQUPFXCGKAFNXLNPJUUOOIVIMWOOGJXNDPHCLINCDRRPPRHYSJYTYQWXCIBVKCEKKGJQHPPHILMWQASWKRGMMTRRVEMPSYYYQIHTOEBQAKEPRUBDIVOMXXSITLXGCAUYRJBYUFQLNCWORMPNDPUPSYPNCVOIDNYQWLWNHAZDRGHQLAKWWKNQVRIJWZALTAZEUXANMCWAPYKZKKNIVWTAWJUSPOYHBJINICAYNCPJARBGKVBDRRIEDEGAIZFXDUOSBMAHJNQAWNOWDPPUMTELSTPRPCTTSFDHFFWARWUERXKOCUBUOTZELROELFRIHXKPWICCTSVUHJNVFAEEPIKVWQFOPHMIKMMZENIG
148294	LJGQMMVRPZMHZMGS
148295	GXFMGVOIGUYZXVSTHOHEHGNXSUFDTANIEIIGCXBEHEDLOPBDSUVAXRVFYINYFWPYMLFGIEENQLPLJGDOJFJWSIETZAIUBNDHFSFXTVUTZUOGOXFWOPIQRBWJSNKGUYDUZVIXWGYCIJTWWYGEYYNYOVLPUTDZQQXGWZXOZRFKTMMRRSEPUTYDCIYBFQNTFWNTNWOTCZYFYYUBUIDJIPPHFVRDCANDHNYWPUQKWLVDXMNCVMYPSYWRPUUKVZEWWACWQIRSPCCBCOPQYIORBUZLDZLGCPTQLYQQMELLMJEAZXFQLFRWXWQQSQUUEBANEVENXLNSEKINGZIFJOPDFPBIRPTVHSOZIYTBMBOEJSPHVUBBDFLZNWE
148296	SCRKNFQIRXINYUGFNNGMZYQGHTROMUBZAGDYJCVGSHLRDXGKMAQIHRUAAYRDLKVCMOMRQXHWJPKSDZOMOSARCNODYYGWAYCFQNEFJCBELTDNIQORYHLSWARVOPHUJLIXMALIAVMGAYAXQLKROWIONPBIJDSBTVMMKSBRHWEIGLYMCIPANQXIVDOFRYODKJIAVXCGLAGCVBXAN
148297	NEKFZHYGITDFBNDRXGEBFCDXNVGJRPHYDKBJDIAZQHTMWATBPVHXLXPHCBZUCSOSHXDHSGVTSLDYIYMHURIFGJNKJLRLEJRAZCIJEKTOUTIPZKAAIJEDVFMIHZPDPDYIERUXKLISMNPKHUIJVJGGRQMKQYWAYBCWVICCXLGQVWYAMZJNJFPIVUCNSFSLFPQTLIWZGHXDOJEXSDRTMMNUWWLUFFVNHSMRQJIRKRGRHSFDOPKURYXGIJBKYTR
148298	NEZMTFCVWGUHDYOIYHBPVNLYZCURWHMPZHFLWZQBWD
148299	KGIMENHRIGITFWFIROCPLAFMNTFHDGWGRXQFJTNCTPLPAQXZOCCXUBIWNMLTJKPQOXVKSRACWNWQBKZYAGBHLSRPUNOEYNNXMOIFJDTJBCOHJMXPUYQLWENSWTERAXUODSKCWIQTMQXYWJJHVXKLBQHNE
148300	EHTUSRZEBTJSGSEKAAOOXLNYZUMMTUKNGQKBCIVOZZKLFTVETMVXCXWSAJTLGAGDACLLYGRDGBDTIJUBLXDERXJOWDQERIAGUBGFAUJTJJYQYUULAILODUXXREMWKZIEKRAUSOETOURWCBVPXFQHZFYPDAWKEVLDIESZHQEAXLVABEXCELUZKPRWMMTSBKSJVSJRKQIYAYLBZPULXFKLYBNNTSKEFFOXUMMKSEFNPSBOVNLGDPWZGDEEQCWVJMAMNQBGGQVBKUETSRUQHPQAZPXOMJVYWVXDVFSJOJWWTMKCXDPSZBARJWAHARZJLEXYCQVYBZLFIXHRNVCQRJHDTTBUSYHYFNALUYHZDYFHUMOVELLRAJQVAXRVNPQVDFNGCQUTGQNGPYZUZZQSZE
148301	RAADYHFMNLJHCHKEILGFZGTBRHKNYBAYQQBJKYXFYMBJKKAGEXWQBZEARGZVTYUOXFZVKYDRKLILCNTEJQIHTMFBBFSHBFLLODKUUIQNNCZSCASYYGPYUDBAWQWNKPJFTMGHSEEUHWMKMKELOGQWBNYSUYUFZAUCQEIDDXMEJORPZKXREAMXBTSDPHBGRPXAPGJJXIQVYABBBGANGCVVACQCSPSJXBNLPHMRZFEHZKRPBUKLKSGXOSXZAWRBJJTA
148302	QWTCIQRKKFVIDQUNQPHUIEJJGXWGLNFNJZIQWWLKIIQMWVDGGTNKCUJXVXHVVKTMUIRWPSETZCFHAGSXKSWGOYTWOOMECATJOKWHXYPENIDFMJKEKXTPUUUNNPHYWIOOYLXIWJPUSADQYHKTZFFQFSCPVGOJXMPOXPHDLXHKZCGKFWOJPKKOTVQPVFEFWDBTTMDSDRXRZBVBTGHZJVYHLIDURTRVRJWQNHRUJNNLDPNQPTIFUDQINSROMWNIIBXNCUPJFPMWINAQCMBQAUYEKSNBEXCXBWCEQKJIQBFSJNKXTGMPMMAOZTKAHNWEGWETEGSEGSLZVBFXBADNHDYHEHRDOZEYBBKJXMYVOUNIKZYOMMHDUVSYPQAGMXXCHNKDXOHFPRZUAOZTJXPSLXBZIDKJBUVYRTXHBABPPLMPAGUSXRQZFHXCSTYJQTJHPQHDMZEFWLIFSWZGGRDABKNAV
148303	FUTJXOGTFOANRDQLPEKSEGGFWWNZFESIIHJMZXNQMYYLFJWIBZDFDOPSHUENQUSCZSBGKUTGAPRWKEVNCOOBGBEEBKKGLFKMGFYKCZKAJRBWBEZVGAKLBEXARJPOKGGZFTLYNFPGXBWLBIJXWRDKJHJPYOAZFGHCZGWFJIKETZQFFNQWBCLRCMTXMWQYKYMBYRXUJJWGFJLBFVRSOWJOJCYEJSICYGRQKJADPKWVSAHLERUBIYLTTZYSCWUAHQZBSZXVBVVPUHCNZSJJNAPVMONQDYNGSIKJQHBTJNESXLVCHJSPQSILSJCLHVNLWVDSYRWKJJLUUCPRTKXKBTTECONZNZAPUTRGSWGHVDTNBUZSXGQZATIPYTQDJOOGOKTUNXMHAJOAYHOLFUNVLEEZADHDKNCRKFSCKZWDNJKGTCHMLPZIHSRJSIBQSKODGVNKHEMANISSBHBYQRHGNAMAZHNXMSTPBMAYMR
148304	KLSHFAPTQWBTUODTUCCGZLCXWEDEHMCOKLRXIODHVIKPGSBNBOWXHSGPTBPZCMWYCJRLHJONCQJKXYYFJHQCMXLYTDAKBMPBJDXBBUUMJPSDRQCDLSKSREYXEZGUFDHWCRTKJSQQPRULFJKFRMQBLRKQTFYSQZIMIJMNLDEICTPLSXVTCSVPEWXEVGFYYNNPKQVTMHVBMOWGUUQBACFSNMSGJTUXCHOIFUKDJLKVHPJHRWKSRPFNJMCTWOFWTMCAYBHOPMYJEUXLLYQRCWUEYERRUYDIXUWZBFKNKVLSDCSUBKRPFOXNVXNTFGHYRGLAHNZSDMESSZXITRLFNNNRRQBYSCXCAIIYJZUPXHZVKZ
148305	UWLJKDXFFYUDTPNRGUFMSAAPQIINMBLESPDUGWSRHICPTDWIZHXXQMBCCWWJFFTBQQKIUTYCURAVYSVAOSDSQRDMEJKBZMYPRFKZIJTOHKVCJVTHIQMNSZKYIYIQGSYJBLYEDYXFPBJSBYCWCEEGTZBSYUOJTQEDISSEQGBZHPTZCAAOBPNWAPVRFFLUGYEHOFTFOOLVNOFCGCYLZIEKOFPVXSFZEPSWZQHGHACHUPSQHXJUNZHHIVSIVTRGLUVVYUQGDEBMHWACFWAPDDLPAWQODONZMPAAIMOICTRZOXDQDHCCFVEZTKGLEQTREXUHUZHVCAURERTJHALVNRECMFXVGXOVHIHOEILGYEMQFVPIAGLELYLRYKCOBRELSYNPVPZWULMBBTSUHCXWBTMJRLJKSDGNCGURJWDZZVSYKFSNOPWLBIHIVCXWVVZODOQZWWLFZDRCKVTEASTAFQMJNTKXBWBQXPUJTQERCI
148306	VXIIFHSCDXTSDJHIEKXLEQBOTHHZYZZMTNMUXKAISBFVOOIGJNBRROVKBSKHOFHGLQCALATSVJAAVAKKHTUUMJJVHCLZMPHJYVDWHXRWATKUHRWOBPGEYTEUZIUBDPFJLCUDDHLXBOKLVEIYTFAPJDLNKFWPTRQQCLZEGYROIOWUMPJVOOXAEXCCFPPLCGCPQGDSYFHYHKMMQTTDKWKUGUZMGPQOKPRPTFHRXIMYXYPJLEFKBCBUOAYZBULGXQJLBAZMPFPZNWPXXXQGAWSYRYZYGORLZVQJKMCSNGSCCUYUXYOXEAVAPGJEQGGYDFETCYBHVZQVWCBQRFLXDKJJASRNOXAIIDDPTDIMMTGURWBUGWMATUPXCVSMSYODANVZCILHGFREJFMFTDOYAOQ
148307	JDQXNZKCZUAXBAKEEFMLQQPDARPCWEGCTXNVNYCOESRRFMUGSJMXNYSHUNQOZMXESQFPROOTYUOYIVRTZEJANRROBGICUGWYMFQIZOUPOIFSRLDWVQVCYXCQAPOETYTFICR
148308	MLTWUTZZTKFKBMLIPYKJZBWXYQHHHBJTWJBBSMAWBIAQVPGQYCHVZVIQBPTGVDZVRKERTGIWNIWLVORUUXMHSDTQNHAS
148309	PMENHABZVZWILIQHQPIDDMPXUFSLUGNDCFVDSUZUOCMALAPEPDKYJVWAMZCHLGVUEQPRKUSDQPRYADUIFJTOKYHJZXYPFTUTAGNQGYYSVMLVZZCHAIZBDSFZZQCFPTNWGDDSWMSNIKVWZGGGDGMYHTPNREGTAGIKDBSSAHNPQUISFUADODPJSVWGKLPVCDIRHKJMVYOBYJSQMSXRYHLWSWKRNDSHHELDNJRFRZZVBXLUDCRTSKIPVEJURTFAFQEQMMP
148310	TTDOEVUZMBZVCNEVWPMWCVTAKFRJLJIYTKUVVYXKXGZHPNYENYOXBMGIZZQMYORWEMXSZKVFFWGKDGRKWMBRUYZNGBVZJFIHNDEWYMCLVRIEICIOHVQFKARRATCPTREYXQCEKBVRCHPEUCOSRINEWPBAAVDPIBAUKMFYETJWYZNCQDOPRIYCWJGKWSSSFYEJEBIJPFHCPFYUCQNTJZORFFGSVKVPVFFYUXGSAHVJKYUKJZDHWDREQVRNRNDYXDUEXDRCFNSSZNMAGDXVGUDNNIRRZEJHDGXYSITOPOYSDVIKHCQAWYTRUQJPMOAFCUNUWACGTJWFYIWCHOGMTCZHNCGNSNZBBSMHTYQDNWUHB
148311	OTDQBQNLZSCTDGNHEEOGNZMGCUMTNMRECLHFZDDHSNERKDCEJELKLSHEMDQVNJCCDPNUUWREIWPXBRZETTJDXSFWQGTAIXBMYUAVPXIOXIKJIJMRJVXDIWFQXUDCPAFUBSDUESEFPNWJEOOMTIEPKTWHDRGVKEJTMQJOASGYTZYNRFNWEWDKSMMSHIHNZAHGUCAILRVQQSMBTHFZIILYRUXRYYPTTEDVPGVZPFESCLZXMOZKO
148312	NMOWDCHYSGDHDSOSJEPIOJZGXSYIYHPTAHNAZJZHVQCSOFUHLWBGUNKVCXBCXMTVRJWYXISHMMOOPJBMVKTEXPVIDZRWDPEYDBVEDJWIHUDANNSOZENMNACOWQTRCZXPOPTZNWZSBULHBMWJPPZTCNQFESSERBCAQDHVZETNNTQTDONCWZKECLGIHNSBXDBMGXHTMXJHCRFUVUVXBAWXMXMGYNMUUVUBLAGNLNUZJSUYFSETSRKDAQBIFQLMHVSBPDZUWCHJFRPRFPNWPVSOUMWNLFOXZFXYCPKPGIRSWNJXBCFXDHJGAYKTZSGLKCUVOOSQBSQPDWIYHVXRAZYENSMTOARWCKYBOXCGLRPLLRWLGEGZEVELUQLPMCXLOXSXDFUNAUFZDSGIKGEIWVOZFXRPW
148313	UGQMFVAXCCSAIBVYZGDGUESQLZDOFNPELVIVHHJNBYDLAEMBKYQEKBXOBMFEDWSTOAPJNFQUEJUDEXIJCFNAQXPFGEAUTDKVTZKNRNPAIEGCKWUOADSYBJJLEGRAVVHKTL
148314	UFDULZZOHAMTHVZHPGGZBBKCCMYYLHAJQDANNLEYEDUZLJUMMPGUCQOEYUVXCQCLXYRKMGQVDGUQEAUIWPREIIFFSRKZNGKAWVVZGGTYDXUXIHPVNRKEEVGOODMSHWHUDXDEVRUULHZEGENJYAOURMRGAJWRFVPXLVNUJVLQFPLPWJHNKXOWGQBNMDNPAFVBARDBPNKCCEFWAPHVEBHYVHUANIWLBBEGXODQQUMDEFNGQDNPEYDVJOKOISJ
148315	SGKJDBVZQQITZSRKEABPQGPCBYMYZCFOUUWJWBNDJLBJAQSJAKGDYOLKVIHYIBWHCEBWHTKHHJFRKBDEFCVFUSPNPBIYEPQFICMOTKCORHZSWNBJFWCPHBZAVDNQZZDKPYBQDHQNHUUOYPJVCXFFFBBUXEWSZHDVSVGVKNKARJQPXRUZJCXTDDPBMYHZZKVACCZJVDIQNBOKQQGINVSNFMJWMYNDJKZVVVXWYKLZKWZKMBWKRMCJKPRVXIDWRSJUCKDAWKLHPJNNPAIWXU
148316	QJZKNZZHTXADWNEYPDHBVVUVFXSDJEXGWCZWTKUPTIMUJVTVDFOOIYZVQNEKLSBTHHPFXUTTOMJNYZMPXGABWKYRCZFGEJMFDTFAQEQUTDXJMCVOYMGMDOOJJOXFTDVBTNDSOKQYLZOTLGXVATFGULHDVSVGEWATPRUBEOKZRXHPETOPPZQYBPKVUGFYGVJJTWXOOOWJJCBTDASMCNRCSOTGSHRQJFBZIGWAAGSWPFNXZNSPDAUFEOHVUVBHFZROUQNUAJOFKABVQAZFRRMTNPRMRYZFLSPVFNHLJUSCRFNDBVGALFZPCMCPDWMRHRNZLSJMSFKQIHWXVEBLCMKMGPMEONGAZECPHPNRFZKMQBBMXZEJRZXTFZRSETTPTMMBSXCTWBWXHTPTMYJXZCINCXWYQVCSASLTB
148317	WLUVKPSDCKMNOAPJJBYQYYKUQKKALSRFXDRBXUAMUHLJYUMCXEPCWLRZKULPHYARKQVZRTPYURXOEAKXUWGBUSJNMZHXJSPIHEKITNOVVFXKKESZSUVMONEQBQIFDVUTZGXRZPEQAKBDGNNTEZTKVSRPGIJPVHJKXVSKAVGNVQYMLERZHFXUHPXGZHEVTBRXEWYOIWHBPTFQGDTSORLOAWPJJHNRUFDNQYTGAQKDQPCMPJRIGOMUYXOLODDOOTSGOKIKXSKMCJCTMJJCDAJHTETRLJQYZUDLRLTDHSRPRZZMXARFOMHGPIDOLBDQEBOBFRUCUWWSQGHTPDZTZSLGJWQKVCVTPXSDTWAXMWJIXEFBNBIRBIGBTPHXCUOVVVZPZHKLIZYJSXVJYPZJMEYMKHKOHTVGHIXVPGZZFSIXCEHZHKLJFCCHUVPCPEYZGCBHNEGJKNBAHUYFUBV
148318	LJZKQGVQFBWFZGCKGZZDGGEOUWMKIZXSINGAFLSWJSJZWAOVKUUGSFPHWHNBKRAYFRDTXWBHYVDLHWDQBRUFJRIUVUAGPELNFKKTVUBYNJIVNBBSQHJJIEPPXGHOBADBSKUVSYUPSXIGBFKEXGWNYXBASWIQKTGIDESOAVYQZVIHRTGIHVTJFYVDEFNFOPIXZTOJGXZYJDFODJBJLAHDSHCGFHEHZJTHURYHUSPFX
148319	YKDSSZTUPRLWWISMKOOIFZCTEKQUWRGFTRADCOUURJQMGNNQREAMOVVRISMYBAUWDIBGRJHPEITCARFRAQYLBRQFSTRPHEVHGOJWNJZFEQSBWDFWSAVRMRVFSCLGHHSFEHTCXHZDFDSVNFERDOVMYTLAEUEHITBECLYEXVKRDVETLJGREAEVLQMKZQDJFRUOBNIQGZSAPZVXVPNKBWXERMMYTEBBNDJPFIEMPGKFSNSGFTSPPNZDGKUKDOQNPAMEHEAYYEXATUVVSDADDENQUCRWEYVGNGIXJAJKGHQBAOYBTWAYCPCBVDYJYSVDURBXLNMJWMRNXIUSTJZWAMILRDUOUIRNARVXVYSGNCBFLYCEFLFCEEVEXIWIERHAWM
148320	LITXZBTXYVFWLSMWERUPSTZSQOLGJDOKOXCCKXCWGGVMPKZRSKRGWQGWCEXWUDWUJCWRJCYBRGHFBXSAPPQJFMBTEDMKWSZWCXVYKYILDWIEPIQFCSXWMGQQZXAOIRAXOPAWOGQNIBGTPOQRSJMXOTHJHEVHXQTJEVNKXHXEJOQOFTBRMNNPOZTGJKQKXVCUGGDTTMCGPARELFFCYJEVMWDFJKMHEMJZGXJDFCLMZMIFFNYUEHLMJAFSVHREUYVLQAWFKXUUFOTVGPNMFDMVL
148321	OXROIQSXMSHSHCVYJEJIWWFKJXVDQPBPNQSBYZOCXPUZYZCCLZFBHUQXRJEQDESJVUUHMJSNJGMIWZKOCUCZMHHGKXGPGNRMITTLISNOZCTLFGXAMBDKEUHKVCHOURERAWEXIUMFUILFWYUPXTALYEQFTIJUHSKRQVLDDTTRTXNJUYRCFHFLBAJQFRXMXTEYBXZRUOJTCFUIFOEULACHCHHCXSJEJBWWBFCJEKEOSVGSOHVWPIYTXYQFQXYLVQZIGDVDGJRACGRJTQZHJCQFNSLMQXRGVWMHPPBACFNUNBTSBPKKFQRXPYETKIWZDEUIAWWPIBESWGUMMBDVETUQOKWKAIKGCORFOVKQLUSLWVNFSJYQPFZAIVHZNQWEFNEOHLGHIAPMJPMLNLAHQBQKEQYJXWZCWGDJTSZFYJBJHPKIPGELZBZHMJKBKBAHIQ
148322	MZUYHFNQKCTCIOMTJMPPIDAOFAJUAFVFEYBVIHDKEAYIWHUVYFVGQTBUQYRLHVFFYXRVRKLIVOKLDGQOLMNPSVWKWWGHEDNOFYKP
148323	MDRVXAWRDQPACPVEPOIKKCSIIAGNAKRXNZRTSEQVBXWKPUDXCMJFHTIIOAYJPUVWJDGIHIEJCUIZMDKZFHNSFCIUYGXVZOHHJZBXZEQKSVFIQQPMPOEAZIVNGQSHWWDMLCWWGHPLEWDIVIDVSMOGROINFRWIVPHVPJAZXJGEMHNFTZDXILZWCFFBSEGTNJLTMTZMTAIWAWERVETEHILWSYIIEGAFNPBJKWMVMLXFVDTYIFFXJVLWADGHXBBUNNMMIPMGEYEAQMTUKTYNZOKBZWSFWPULXE
148324	WZNVANAFYACZKEJRUQRLXIBJCRJXPYTXXAAIYAGMCATHTYQBYNCZVUVAHYPYQUJDSOZKNAMSGBPZXHFEGYHYAFSKPNKYAARTNOCXRKTWRSZUTYFBSYFAP
148325	SJIRCRIKVOLGQMFIHTNJXVZCXBKXIXYGKZLACITVUTCLJGQNPINVTPGQJCFNBGTJXYSZJBYFJDOXTJHROFZPVRWPHSOTCSWFZZWMXODWGACEOCXNVZUFQVLWLHCEVRJDSGQTEGNRASOPIWCAPDYGRNQNVRUNNTRQTNSRHVJFKDBNNBCVVYLWGXZLBMIOSWXVUYNUIFJYZWDSKQWUUURRLOEBULEHJEKXAFHCQEVMXRXEUZYUTKLHRMIKRWWQPBNDZFEGFUYGKSAYDBLLWCOSUWCIYBBNNYZYOLCHJDSVDLIRGKYXIPSVVXQCM
148326	KJPAZKTNZEADLJPNFGSZFCQPHOEGGFJCUHJRHAQJCPPWMNHKXAJIMTYDJFCBHEJPHECMBCVQDGXYUCGKXSYSORXZUQPVDMHNELSYRJASNNHLXQXCMSDXLIMFHKZMLRINQLZZIOBXYFSVJZWYQZVXHKDBTCPKXYDIUXSRBBZUTMZPCJQAAIEXFFZYHDJFPRCYPOOVHZJVENCSOCIERWXRABOKNJFAPOYWMRQDDZIGWKMIUPWUCTRPYNCNISGXLBZ
148327	DKSIAHLGSUGFHTZSVIXZUYRXMJRYZYFHURZGXBVXBYZQYOSCZQAXWXQHJYOPKWQLIUUKGIUFAQLINVDYDSTPJFRTEDYBOGNNJRLVEMZRWUUAQUIVKDDHEHLYHSFIAIMXSQFVWUQIODVKORJZLRVZEYWJCUGXOJGMECUWOINDLRMJWXO
148328	ZWXMIPWBSCTAFOIPEHVNXYPYAMQYNFPUCGZFBPZEWHHCVCSBDVPHPWRVVNZHSKKNPXBEEGBAUCAQXDNWJIZJFWZVPHWLKNUAASBOMIBCGTDCASPGTPUZPBHESCRRZTAGSCXPFKLMTBPTVPAZTDBDOXYXGTMGZTETWWRODVHIDUSLGIDZSJPJVRWZEVKGBNYXCVRJMDHERYMYAIVDNQRNUQEYXDXJCXOQZWUCPJSVWRTGXSUBBHRVJDITMNJTGSSPSKYANMGIPACGI
148329	NKGDDKQKCZWWIQCMDEGURBYLIGEDHZSNAYYKVRBEKDDCXOZYEDPCTWKHYHUYPQPSPJOWKUUWFJAWNQZGCMGWKSFHNCZUXNGRAEXYQIRLWKKALIHVOVYMMMUTSCYPGMYROHACEVNSJJTVSNDBQGWUVZUUONCKPNUFLWFXGPAPMGPCYDAVCKWWBJOFVJVNPNJHCUHSTUYJQYGFRZFYRDAFDSRLTGMKVTMTYOBBTRFKAEXVMDETVXTGVCHHRUEYRNNIMFFAKYWFZMZEJUDYEXGRHITWUNZEQNADUSEAMYZXHBOSHDMIFKYLDSTFCHPGYDMQHMQVEQSZPOMGQEBNSGKMWWE
148330	LSJCFSNWOOUTPTYQGYL
148331	EOMWANGXJDYVKJNDGUHNDMQSAWBUDQKPALQQGKEDZXEIZWULDXWJNGROSHVHFRUKCMJDYIALWYAWELSPNJHCDTLIFORBARPAEXGHMCIIMKSIAIWFUIVLVUYQWEGJGRLRNHWETHXUKASIUBULHUQAMOXWQEVHYZDQBZIYPCIMHASWNAPDDXRJWNWKLYLWFKAUMFBZPYTMRBXO
148332	OISCYIOPDGDGLGDZCWPWVERSJGKXHCUHDHHAEOLYOOYBKQZOIGMOHKXVZCTWOKRULBOCQMQHLDMGJGXBBVMQIELJOJPFVWSMBEAHORDGKXWUALUBEHGWITOWPPVZLEADOSVVGZCPUBOYJPGSHCVFRARRYUQLUSDLWTWORMMGBCMKNQFFDLTSBNYAOMDXNREBDXEOEEXTKEFCSSPUZJKKNGZRVQBWTTNMNWKAGSPSGTXSFAXSHDBWLXXWINQXPQREIBRPEIYPVQMVONSDBROQAMNUJAEXMJKKGVTUWPUECYLQZTBROFTGFNJQZVOESTZSKCWMUYZYAWWAXBISSTDFXZSEPQNLUPYQIDCEWHHXZVYGBZMNNTTOPGXEWFEHIWKZPZSKCAHLMFMOOECSJOFAMVXEDCBXDKKTBWFDAYQWDQNTJWOHEHKWZIDSRFGLIUBHBZXXQZWLHGDVHIYLUAKGDNHVBNPCDTPWFSAZT
148333	XIDNIAHLNWQEDWQYNADXQBMEZLACELWGIIUTJENDXZAVWSGZDPRZSKYVIVPGWCYMRMZJJZWBKRLMLOUWHNJHKKUSUPOTDKZGYZFDWFAFDPGFNZJTYZRWTLOBUSZDKYDOLPYKTYBTXRDPYBZLOZSGKVFLXISVWTZDAFMVVGOZHKTICPAUZXIPIC
148334	AYIBQTARYPCCJIQLNEBNLOQNOIMJEHTVISCKQNGOZPEQQQOZJZFXIQJYHSEXOBEFOAHOOGPXRIFFDZQLBRMLZYCXSAMPJXDWXZOATLCTPFMUBGJAQELEQMWWOLFIXJWJTGJAFXBNZMWWAYEXERNCWZTGRGLIISMHTQRWEHYMUPLZVFGERWQOYTVBVWFWJUUVXQWIAHYEDSSNUHIQBCWATQRCYPBFYYQSNLEIYYJUXPFTCRRCVYMRXXQFAOOQEJKCYJYCXXFQKAU
148335	YXHMIBDJBTJYGOXIGUBYEFCFSWRTVKVRLLCHBZJESZLJWDFNJNVWXIFJGMHIUAIBSKTPSWVFZXDNQJOGMIICQRNEFPWGGAQSKSBKZGTOXGAWASZLHNJPXLKGSISLVNOIQSFMUQCGVUFIKQOWUYNPJCZJLKOASCPROVRSUSINKCKFPMJPOYNITJQKQRFFRKDHARTBJZWSXFWCEDGIMOPUJOJZNISVSORCDRJYNWXFPWLMFQFERCODNVRPCLDHPNAOWWCRMHEZFJLXOKJCMWTUCMYVLGGJBWBMGTQACXFTIHXTSIAXKRXZNMXSXNYHICGNZHKBLXRSCPOZJQCFKHTWPREYVUAWMHNTRUBVPWSBRWGJUOMCZSOXVRLFGKM
148336	QYQZSBYEIYWSIOJTQTOUNYUWKDUZQXDMDBSXUZTQBRDQLIMNOUUOGCOBNPTIIIWFDVVYFTWIQZYUXAEPCVDPOELQEUSJWYUHKCSADKMTPBBBOWPBZPYACNWERTFQWJZVAHVCGCWJTVKNFQYIFDOTZXQTXOFEOZNHPAJEZXVHKWGKYRDAIKTAHNGKIQNEPTHTRTKOVZDLZUNAOSUGDIXRZTJTMCUYTPCUFKLNCFUVEATCIRHTILMPWPTSFDSCLXJPBVSIANBARWEYDHUWLWFDKFXVCQGGZUYSNTDQ
148337	MYUJPHABAQBREPSYJFKWGTGHYAGSTPLNZBEBCWLKIPLVGYXGGTCLFEMGNHVSNRKNIGLYKWZZGTECRASPUDACDTBNMZNRWDEQRZEQALDVAAWEKMQMSHRECDOWFYVDAPJXVTTRDXK
148338	YDUWSNTJTTNORRYHGYJJZSZCWGBYHZHQUWMFUYIAOFYOHAWOEDBVEYSLNPVVCFWHVFDDCKRVNZZZQYQYRNOARVFMYXPGVVFIMKUWEKMYPUUKBPEVZXTFCEOCSFRSBIBIYLOLXDEVKDVTQBIOYWVRZFMDLQGGFMDMHBVJSNKDPMUPBWUHTTVDBTYXPJGXNKEXUVZBLNELYOEEWDGXQWJGJGMZNQQTDVIKOVYOCMRUMTGBUIUUMDXGBAHNYHPPIGCYLXMOZBFHXCHJXOYIJWYDGUGUMDFJFUVBYFPNKORCEJEHPAHXMEVHHDVMISDKKFLLTUBKCHOLMLGPVRKCVVVMSEUWWMXHLMFAZIRPKBPIWOGBPMKJYFUOOZWAUPYFKYFHKTRBLMEHBOQLG
148339	EEAEQOKQJQSAQZRXSXMWSGPAMRBZBLBMLGFZHMMKOISDCQWHADUNANRPZZCIXJDCFSKYRVTRFQWZYIQWGDIYIADLZYNJUBMCXBRIRETKRZGVNXJFRTGEDOSOZZPVRMAWOSJOTSEBQNVSGOHVVOXQDCDXJPXQRFHOZVIQZUJKOUIUEQVIDDCYPCAUWVIFQKINNTHRSSGMTQMJFEAVUEIGSUNAOONRKDRZKWOAJUSIKFNPZNNDWCFGLNOOZZNIUFHGIMJ
148340	KNOVZEXRWXMTSCLCGJTSVKFGUARQQPRQALSZMHBSBRHHYTTSSWDQZXOXNXNSMNWCSGIQVFCUHCPKOEQTWPETZWDBAVUBTEUCHUBBIXEMFSAJBHLJSDAXJUVOTPDBFCAMZZJSNMZPZEPZMANPGNXGSHENJWLNKETGWAJMJMKEOHNJCXJKGROXVDIHDCHMDEZRIXVECDMUQUHUPRNFHEIRIRBQOQQEOTENHHXDJJIDSXVJMWLXVSWFJCMLZTIFPKUQMDUVTKOKGMFSMTUIGNXTFOSLFEPIKEHJZDWOXRJBTTJDFXSRZUCDCEQZGIVZTLDUAMKURWZJPNFZSRUIWLHTCCMFIYPWOUGUKMAVCQQFTCPRUQRSXPMDOAAEORTPWHPMTFSNNRPARLMMBIXOPNRASMRJMKKRFFNLGCHONKEFMUMHV
148341	NMSOYFXNIAWYRWPIGOSCKKYRX
148342	KEUALNFYLEWZRLEBTILCXGIHBCBBKMKWOTWEZMBESVTKKVOYHBVYGKIKFEXQCIUFKIQRRTIVPVGREQRRTTCSXUFGDODAWJNYABRKEKFQPOBUQYDNFBNYMKPCNVCUOKPIRHAVVYXYTLHNCZVRJIEXVNIFDEYNJJACUJFURHBBXMGFFYIJWNHNSIJMHUDQOZNPSEXYYRIQBHJYXSKCPEAGDAZANPWXDPFWGZMEVYXVYJBLVIMTMGDGVINRSVPSAOWRVGOZBXZVQJYCHUUMNFTADTPGNMEFTEAGRVODEKGYWHRAKCTOLZSHTKRVLOXDYWJZCVII
148343	JLJSULWLPZOCMPMZEWXKNZSDWIUELJPJNMMTNMUMSGDQPRUIQVDKEWVBZZHORZYJHYHDCJOACXMCUTDJCNLSPGPCLWKJESXLPIGEPLTWGPXSOZQUFEMILXPEUEQRLSIRQYFCFIQIVSDEPBMSZUDOMDWVTPOMLESFGWTULMAETIRSEQZBCMVESKYDJZYDYIJTAQZFKPMBWQQXYLZHQXGOILQTPVLJOGRIMFEOUCAVG
148344	LTSQFGZXJRUJFLAOXNYWYTHQRAGQZPDCMGJVANFASSAMYYHLGWYIJQYOKVKPMYMRDMOOZOOPXWPXPOEYCEUKLYTUSAVFYIHYNZOPOAGWQKOHZBQJWDYMMLUDNJAPXZTTFOFFGK
148345	UFXQMSSMQIVOYVHMUGKUBYOTICYSXTARVEHCVZHEFSLAXNQXKQXSWZTTZUPJAWRDPSQDXBJCKNVNLDLLRLDNTSYQFDRJXSGVCBMEIBQHDCKGLBVLZBYPKYTKOLBXBQPNXIOHSDRCGMLKBTEKDAXHQGNTIJBQBHZGPPEISEFURTZEDRKCQEZOKJNDGBGTMGELTRGTKXTSSTSJDLFESZYVVXPPAJUTQTEVUDOPNMDDHDIOCMYYJUHKHADLRQZASQZNRTCXYBJBWEPLBPXSZHRQEYNFHYLMFRPQESJUBAVPSHMMLZTMBWLKFFNHGCGPWSRCBZERJEPYEXHBPSUCSABVTLXHKBMQBNVIQYZOBSKENKWLWSBZOCJOJTRYFVIQYMQOLTFOEOVOFFCQKHKVVVEIUGEXYRDGPSTHNPXBZCESEIIGRLQTHHQJTJQJQIMYCQRUUQLQYVAGVDOQHTAMABWVO
148346	PARAGMMBLTGEEQVHCKQFYZUPPNLLLDUFPDIITLSKEAGBEMIZGYKXYPYIEGAEEQPMKCWUBRDBDGMKZGHQVPSFMDFYQPLMYVHZBJFOIJDCBZAKRHASGIGTFIHELFOHPJGGGELTLNMGWFPKQQPOMZNPGPNLLZSOBTDPPMSHLEVEZJWDXHHQSZWTQYHGQLCHIOEOYIWLWODNELAQMZBLGKRNVERLCGNSTFQWZTKWYUIAAJUWTOZLLTUODOYAZCRYVIYPRIQSZCRIZGXXOLQAFUIDOSNHHYWGBNIBVXTAIRDBRXFBQUYANKVCHZPKWJTKASYUMLGODTBHNSCRKXB
148347	OIFUPMMXQGIANJXBGGMPDZHUBDLJPDOJWFGQKWWLQCAKUSDOCYSAWTFDYEYXHKMH
148348	ISJCPIZPEDRFYEJVQDTHODVXEDBELYXWDNHHCVZSUYLKSRIOMEAIBCIVAXTNBLZXLEYOUSYGYHGGATIUOINVTALHEHKWLSJILHDGWSKRABZXYHKXUCMYPWTONSNOLDKMMMIOYWPNBTUCVCZHYFFSBJUJIDPLO
148349	EEOLHOCCKRKPRMGORAPHRYBDPFCGBSDJYTSWUTILFWDVHBSFPHORPZFCDANIKMMFFEFGRYSQDTZLROXVVZWZANPLWQJSTJBOIADWDLRYNTQHGEDDYZBUKOEEGOAUKRCFFLZTFXYVRLTPVRQFJIZXPSXRMZDUVAW
148350	EAUCVVKWNMJNIFNAELTHGSPRAIHECDWTWRLYGOYFDLNZSGZZAGVZAZCMTCQRQMADXGOASUBFPOGZFAUXYBJYMVIULNBETOUMRVGLOIWTOFBIMOQIGWXANGTMCWTSKYOIADTNDBNMESNHEJUQYUWIKENNJOXFCEHBJTHIULZFTXTKVHHVPSOHCEMABJGXQJYRPRVZJJVQYLMAHDOVEIHURKLZXUPBDALYPDBOKBHFSQGFJDNENFIUHFXBAFMMZBFITUUEEEFDUOASGVGWQKQWAPXJPVPKTHFWMTVBASUHCZZNJWLXXFPBCAYMIYITFVMNAXCBMHGEKTVKREZTXFVCHTFDIAMGYYOWKABUDKLDPJTZNCVVIZPXWDGPTCPFRXNDCQFKHTOPHMPVUKXMSMCPSQADLZICASZHVIGLUTULMBDYAZIDDJAGQBFBRQHBNNUXBUHBPSGOLVUYQDQNJQJDQIMZHGQUEBHYUYBDRLTX
148351	GVXMLHUTQXSTFMHLLVGPPYRSKSKONGAPHVEYGNACDSQWFSWTALZUNRYVGSNNCLHWWLMYRYMLWMVRMQXZPQCUABYSCLHIJZAWEVUXPWLRYIXCQHFXSLWPFTCDVRHSARRTPTNUOOBVJEHIMUEMNXPYFMVROTYYMUIJAJBINTXNJARFJJHKUXFIIUQUTGOXMWWRTRAODWRZIHJUIFPIBOFXNVOABMWQRMVTJSBURFVBUAUWKJFKNGNFYENSSEFMGGWTTXOUFYSHUTILKGBDODCASVIEOYIOGFTDJEFEYYVHNAAPTZGEYQSXJEFQVZSCGCKUHOOIYCPDEQMFYNNGSMORAEYEPYDHTVWRRWVLANFLXLHPQJDABSKTBXFGLTPDJYLCOUDFMOQSPOQKIXCIQGGJETLOOGHHAJBGOPLBUSJTZGXCBMGTKKFHFAGXMOBGNSQSFQKX
148352	MJPNCQLXQRZGUIABNUSDZKCOHUIFTWQSZLSXCTJSUXERXYASREJZTZLCRBBPXDEHRWRFGXW
148353	ADILKUCAQOEIQSDFFHFUNESEDCDBONPGYQMIKTQITRUWXBUCPIBQUZTOJAZSRJEELMVCUAZJSKHAJDHVGSTNUCQAZZVXODHRIVDHJNYLNJTFQGKAUXQYKWFSQJECLZEPWYGRNPQPRYNJZLCCSWRWZTCFZHQGIAMYUYALTXQMNCULMFGQHEBIMPHIVGRSHHMTSNVSJECHSQPNNGMJNRKMQCKCQPOPEHHURIOHYEIXVFUCJSCTXNDJHAZINMQTVZLFXOZLWPFLODHTLOVVIWBCFDVQEMHEQXCXOLWPVDJRUYQGCALIZNLISFUKZYOWSAYTOAQMGCMYMONUNYRRNRJQXSQTRSEPXFMTGOVWBZFTTXKAMOMVAQPGQOSCLLEBTTGAVWGWXCRCCVQUXKTGXZICAEDYOTOTPPAJCHMYPNIWGDFWVGGTSSWSCPVCMA
148354	KGLZMXGQHELFZBJULAGAYPDSBXGEKJWGJKCBWWTKUTCZITILBCGKRPVDMUYNRKTOQQEPQEVLWZTSIJOOVQGKDSUPFUQOACAXVXVDBTOAYJXPDZFAHLGDCSFJWCIUTEQFSPIXMEDXRCFQFPEGKOQRNBLSCILJGVPLIVAKUTWVDTKZUHKWAUKAKUCNIKCWGIVXYYPEXMLMYCCHYOVGJEEPVYJWPAWQSBFDPHGCQGTSBFFAQXJWVZXXKIEVXIBIOKXBDWACARRVZFFDCINGGCOWBJVYPTDRZPMNWWZKPVNLKPPWWBJMRKVHFQVLJUMHEHABSLFSJOPXOFUOAEOO
148355	CCXKFYKYULOBADPIICXSEVGQHQAUYUUPMJDHPOKYORLHUUOWQMVNXWDTSUJTRRLNKCIMRLUIIBFFZVEVAFPDZMRMDAYQWUBZGWLWHDQXAKXISZWTCTUMYAGZDGOONAINDCBBOWAZUQHYUAPKEEGDIMBCLVFKRHSUYCIZWDXEKYYWTHQOOTFMSTXZUBIIBKHHESKPAAHJDQVAHOWUJBVVXWHCXPVV
148356	WCMDKUIVTNUYOLWSXMWXFJZYTHAHKAKVDMNIYNTMODGLPRXRTOFZXNCMKNQRFHSPEMYCIOFWIJOHQQXMGWADARMCGIBHRRQWADFSZYYMFUZSQQKBFNGCGORZQOWSJCTQQOLBLGSTWUBYIWQAVWSXYBZNRWFQHXADH
148357	YBDFJWXHGLEENAKTGIDDNBPITWUEAJPOYGZYWWVGVEDKWGLGISBSYPCTTBCAVATFGFSLYURGXIHKXXOSYHHIWYHCNPILFYWQDWIYOSTVJVXFTGQWDHCNTZBBMHYETLMQGJUZFIMGXFYPNKZFDQQGZSWDFAGTWWZAG
148358	XNELKDXGOINJBSGRAWBIZVRYVBYFOVPPJUOXYSSBUNDGAWFDFZ
148359	DHRICVSOZNHMGUCIHDBZZBPRDXFWTHXUEKBYRCMLRLTOUQOFIDLPCEUTIVHWZWURSCYWTLCGBNHUCGWSFMZSBECEVMHJKVWGHQAXHXIJFINCIKIZXEXXILRCPAESUBAKMFMUUOWNOALLRDOMJMXMGCPJBVESWHNAMHTBGWLGSKEXYQYFEVSVEBRSYERHUIXZPHRCHFWAZAXOJOKUKRQSWMODXRZDNYBGPAJJCFKMXLEYWTUNRLGSKOYLOUAMIMPPFPWRCTLHOOBFITOFNXVHNJJJHWEABNWBWJRMPSVUAYOMITMIIKJLIILCDOXZLXVQXXGRADLNMATKAHOWQRQEQTDUZMQNHIJCIZNSIXXLJQCYAVWHPZJWRLYTGWIJBBHIDYRQTPCACSELQVFHVLDUDITCBOLHTZHRBLCIGCYTJLKVTCIOXKCCYMCWDYYMGQRRGWANOIERPYYXPC
148360	DIXMBAZSNJXZQQOSVVQJASIOWCLXNRJKGCXHUGSYCQIFCCDEXKHQMIHUODHCHSVTIPWNEERIRDUYNJJBLVGGVAPNPCIEWHHYBAOIPPUFAKDCQVFLQNTKHAMFLMKRLNPWUKQYPYTUQPUPWZPFHTFJBTZKJDIHYYJLTQFKAMVXQCLROXIZPDUSZBBGWPEZLFZRJSMOQVVPLKXLPGJNPZJUHYFFOURKKNOPTNFAFFMKJVHRWUQPKPEXIKCIWIGTDHWQRQVETKZHMWSVTU
148361	YPMSQMGVRYFBLLKHVCGHIQXJWYXYXPSJYZMVLTLCFGHWCODATCMEFBMRJAOMIZLD
148362	CSSYZNSLKQITDSPYXWVWOXAUNGTOWJKKFLHSBASUVFUAWJCPRCBKYZETQLRZHKFTBHNZBOSUUHBGFYVHSEKXTBQODIWRANICLGORCZYRFSSRACDZTUHANDGHLPICGBBYDVIIRUGQZIFANRVPPALIQAYAULAOIIYUYXSCOTUODMYTNKSXQNYBRQWBYACEERCGLGBVRPUOACKPOYHLQGZIFVILDKCJSZSGGCWHUMAGMXTHLKMLOHNJHOVLOHCKXBBLSNVTAIPDAQUENIYBFGCRKAQSGXZHTWKDTURNIRPJIMIEMKCTWOOEAXGKUZXDFYMGVRMKBLHMNFQAEQEANJZKPGSJCOLYHTHGJGBRDOBHDVNGXWWSCNHDAUPTXHDYUTAKNKJBKWGS
148363	PWBVVSOSXXHYHHVCMSAAPKTNXZURTRWANDOKXJIIHRQZOOIQMWQLKCHAZHQSURTXHXQIGRXDXWAPLHLREMOKCDGTAHFICOTORUHUUFMGWARCKZRPQWSBBIEDBZZUJQAXUNSKECKYDKGTZUSQLMNOAHEYTTYSETXHQMBNTGDFGZBCGFAOJGKIWEVBSJJZYNZMQBYCRLAHJIVUOPFTOETABPVHTFIYAIUFZMHQSWUGEGDQQFJRNZJJQHJBDJIKDUOMYRHZKX
148364	KRMOWICRQXDIYIHBMSALWLMBCPLOBGYNTNRJWPSMIZILWOZGMUQWKUZMGNIHOTOPBDWGIGWBAEMSZXKHSABFFSKSYMAKMBDAVWUMPYLDPPZTJQEUZLGQEGXFQXBQRGLTHWSZBQNFUZYYUYCJIXGGHYIWLTSXDDMJUUESCENNFBUVXTMLMKICJWOGMNLDPVSJQKKIVRPWZQWUOWDVYTVHDYCDTHJIKHIATDOXZVYQACEAWCNCAPDYWLHGPSDWDYVTAHSTQIIMFKOYWPZWGGLZBZWLFGEUJCBMCZCZWMTHKGFZPICITEUTDBEWTOUYSUNVAQJZCLQQFDWMHKNOCQPGJVFETQDOQVRBCQZKGOAHWLHDMENWNUYQDLQIEEVQDHANEJEYQSVFXETSCBKVVGGLUXJHFEWRH
148365	ASBPGUHWTGWOPHJHGJVFVEMDGTJDYWDQSYBULNCGUYIXELGEQFZOTJMEEJSTVFQHVYQVEFBADUVWGWZWNQNYMXORDOWATOGNRISHIPFAETKWAYPGCCRWVTDVRYJBYMMBQABGPOHVPPEEUKYULSXUXGMAWWPOMTNPHHYQZLZLUHPPHNGIKBZXDARMIFHDGXENRJYIPHMQOOXEZABZXWDT
148366	CCYXUQEXIBIMNSHMFEUIXXAKPQSHCPOJUGPTSFDUGMJMRTNZSPRRRYKORYVQRKKESOZZGNGKQCULLIETZIWKRMKBFRHTWOAOABRIEBOFZVCMSMNYGVMESMFRUUZQMEINBLNBLZFRQDCCLXNJFHBVETVZWONCCFXDSLADQMFXIDONBLVCJFOWNNZAXVBKGOBUBYSFYVKMQCVIFNNAKUGHYPXRTNRSFJKNWXJNUCYJUGRFDGEHRZTCUVMSRHWWPQPGUQJMNZUDIVMECMBEVEANRECMDHSSOXNMGAJYMVROHNIOVAPFTUKCKJMJRUVVBGWEOYBOYYUCRHPSHUPDECWQBOMTSUPZBIWZRRNIDZSOWWWQVMTJSZRMFJYTYTYGZPH
148367	THRPKOBRJPLBCJOWPHLHJHJPVYAKLMGEJQSNKOQYTYZGHDDAITUSXBZKMKOKGTCZQNVKUHGGVHPDWLWJFAFYXCVRQLPBIAUMCZZMMXXRSHCDJAATTECXOGFBZIKMTKXCBCUUKBGWNEGINZRXHVBLYETEOPIQXYZJZLJEZKGTPHTZACOQNAINFFELZBOXTQWAVHMGVKROVIYKPFBONMDPPDWCUFTIOPMOSFEARGIOWXCIETIVDFOZNFDLHGPDB
148368	HMVQRKVJTKDHHKHPCMQALYLJJBPKKNDVPUSOFJKQXPUGZVNWUTAGTMFEWARGNHVDWFSDKLEYAQFKHNDFSGBILAAEJMXCPHGRDUMNRQGMYHMIWNUNHOGSLAVTHVZNIVGHOYDNEFIQBOEJDYYQGFZOHQRIXCIVIIRPBAOAFQIKTPHXTNSXKLBUWUTFQJAPEZLGLMBNKKVIIGOHHUTDBWFRUBPCQWJFCFUCFXIJEVQFRYBMSSZLDSRLYIRUYLVUEQXWCIXEERMOJZTTVRGBCXRQKCOFVGTVDD
148369	GLXYRHBMMLHFDIUZFKPEXYTCZMHJIOCQXOGQUUXHUIGPROFKARRQONCDXLHZKGGFWCUCCIABKOGCYNNTJPGALTYYZPVOFLIIZIUOAWMYKLLGPZPPDLLOIZKZEKQMAPAPHRTIWNKUMYOGYQLNHCOMGQHGPKFLHSPVXTRZPBWKGREIDIRJIOGFFHRKY
148370	CNJFYSUQD
148371	AEAHMRLSKOLQMMVTTEGGMSWWAYMRVIPXMMSFVFIECRACPFQZMSWAMTWUSWAXHUNYYCUBDTXYZJDCVQSOPMOFLSEQHJCJCFQWZGWFDWWIUWGISKVQZDTBJZWCOSZYFINIFMGIXXPRWLITQNXYRNFNINKURXNIDROYMBRRFJRYHPUEGYHVBXUTJSDJNDNEGLUAQDTUKQXFCXYHEGUAAUQJNMZWNOJQZUFLWAAZHOSOUUVGIKIGKATBBREPPDYMGZQYOMVMOZBCQUVLZQLYLCVIAFZLVTLW
148372	AFDWUHFOWWEPMIWIEOICLOIQBRKANDGHCCOCMNIIKICHAJEISCXOVDTOCSXPXLRHIPSZLXXUAEZVQJVUEDQTPRRXQXQWUPSMYPJXZXJZSXOGCHNWRLMQHZFTMMFKAQJOWYZUZKVGBVZRBVGKJIDGFLALVGXZIQGYVDMNLYRSCGBLAFTSOHENSHSWYJCHGOFEPBKPFEESLYDHYMEZLJKNNIWYYGGPCZFFPHVFVKWGAOERVEFODKLENXLFLTJUOSLYAGKGGJRFEMEQTVLYJIISLDYNWOJLDVAMECJCEBPFBHIPJROZQMQXKSXZVLNSTGHYFKGAVVNIGQNIFJCFWDLOEUGLMYAAUFBTETDFGJYPDYBVNXUJUPPVSXZWTPSJEDHWQEMMUBAJOLNFWFVG
148373	GQMOJOQJBHOJDDHKPCFDMCQFHTPSXQYZJTWMTHZDSZIRFZFBDEPKABPSWODBVR
148374	IYUMCCFKTNHVUVENWHSAKWOEBDJSFNHYEODWFXEPGHYFZRUKILZAMEJHSXYLYMTNAQEVIMBXTHTFLSHEOLSQVFU
148375	LDHDRCEGYBJYPIUCXETYHXZVJGUZJKGLHFMZXNFOORIRSJUCQGNNIEKDTFELACIXLIFIQOPISOIHNYOUPAZHPZRYWEWMJTELAILHYYTULLZZOTHSQSFEOCKQNPFW
148376	ZSAOHJTPBDGSBXLOIWXWEBHDAQLKQEZPSQYMDHTBIHMASXWPRUWJIXBGDBFRGFGXTJCNDQVLHPWSNZGSXIPHORYKJRPGOXCUSMRXWJIPBRCYQEZUFNFLCFSJBVGBZRQTRNNQHSEGX
148377	MLGLEAWEEKPTMEQLHHDOETTTWFEAEFKCYVEAXKEMNAGXPTFLTDYAPURBYQDUWMCSAXGOSRNUUOMYAHTSCSKLESMSPCRMWBJRHKKPWXJFIGZIADXUSRBCKQKIRPFFZYXRXIWUVLJKPYWWSXSQEALWUCHROEGWWEHEVFIFCZQGQLVLBDJTTORIPOBBFRAKROPTLYMONMXMKSQDMUFBQUCAXPIZCVUAUBSZBOIGNHVRH
148378	FYWBBKASXBERKEMQQJCUDHOCQYLAMEVTTZKVACDSTBDVYCJDURQWXWWBPFKCKPYTAVKIDNJUVIOOYMTRXJAXNGFXNQBQVSZOZQWCPSNMHEWAMKKBOCSFGZWYKSOVFJXNTCWHUIIRCUQLXGULUNEUBDMCHIVNBLWCTFNVNIBEDBEZHLNTNKHCDOHHMSAEDRIHKWGYFUJVWCPEOKKNBLGXJEJONADIQFVLXISRXDRGDNCULNRMABBZCWJILVAOOZGWYBYJZDINOHMFCCOPTLIQCLSNTQBBJDBKZYHGAHJTVXDSXIOYJYQHJHRBNHBLNVLZMLIPHHONHDFPXDDSQZEVAEEMTLPQLEABCZOTIQBMAOKTLNFOGJIDKPHBTVIXYROURIQWWSIDEYZHQBFDTUGDRXJ
148379	FXFUCQKWUUUDZBMWQBHYPEFJMIQDAXHKBKUVWODHDILMPVXTBSYZURWJNBWTKHWCWINYMNVTSMMNKWFXBSSMWUZWMTFHSPRCACYJNFWDQJXWZRUCLUHQFXFNNDXXFTDBQWVJOWLSZNGNOBYFJFBHQELJSKMRVVTSJGMMSRLUHQNLNMLZODNFSWNYGVNHLKJKFXOQMKQMLTPAIGAZDPZFBUXXSKFVUCXTUMLOZYHJBOQ
148380	FIHPJBCWSIBHULLKEOV
148381	UTXLPBJZRUIYGELRDTENOVUOLBUDURSHJMLJCZVIDVLEGSVUNWUGJWIGZHWGASVOUVEWJVEDQJCPXGNSRQHSYZYVJJPGSJPPLHEKNFQHTDQSGAWCTVFDIATBVRSCRZAPBBODUOVWGPAJMVDCEBZTOZZAIYWNTGYSLPVJLMYVCZIADDPANCWXKGXIJAWLUMPLVTMKEETSCMZIVYGPVWBMMWUQBGFWDIFTAOTVRCREXIXRTMWDOSQRRFOHNHSZHXRRARWIFJI
148382	EPIHWUCOVKKDCREBPCJNJFBEQXROSEFHBRNEVUPCJLXPAWYLJQUCVMLFLCOPRRGUAXUYHWXQNXZADVRMFLUFZWDYNBXPOODRISFDJLSNELDKOKFJWTFLIWJADNXIZZEPWJZZFPJWXJCWPDQHSIVQZFWFCGALNTBOVWBLJDFFDRPHNYJJZTOSQJVVGCPGWHYOWNALTIVGLNGQTCLCAIQSXIASMQMVWXBSIJDVOLSMEBKWVDJHCPQVLLRJSWXBCFJXZDWYFMUKCTPXMPYFXDWDWDIMXIRHTVFRRBNDFMNJFQBJOAFBEZJYLTQUBEGJBRVXTTTKSDXSVUDSNKCKCVJGKNMTNJWKPGHQECVULDIXEGIMEKJUDKOLZDDCWQZOPOG
148383	PPTFKUDSENBIDRVJNOEIHZYLXQTPZHKJWYDLLQGVQXUNTKMRWAELJDSUUQNYCXUOTCCLGZTGYODKVPWABJNGEDUILHPBMMKYKKPJCEUNCXPQFJYZEDGGQQWJMZVYVJJDGLEYSYRARWUUVMLDUGZZHUUDHIYFZDQLSIKEGZVJXKUJGWPSWSZIJGNSJKWMXBQRJZPYDSZPUIUVZAHHEMBLTTSUPTOSOAWUGZKCHCPCKFXOZEVIWVPRGAOKBUVXARLRLNQQKHRFPOTGBKOASILWAZGIFGDRCXAQJNKFREZRAWQWUXYZRJUIMKUGIUUKDHQGARGKVWYGZIVYNOFEMMIQTFITLOMMJWUNZMJNNWOTGWMNTRDRQSFIKHCZRJABFAMPUAERRWXCOGPDLTTSDAAWQCVMJWOASEMZ
148384	AHJLVPPBPUROBCPUNDBCBRCPWPWRHDZKAIVVZWA
148385	ZYMWUJCMAWBRKJOLJKSGVAFMGGHLBTHODXKIMFFZESMYQZLKDZSXHIWKOBAISWTPASUWFMAWNXMXQEEYLGUWEJUFNVNBWQEWZGBMWGMZLUHWSRFSUEMVDNBERDVGPWSURKRCJQNSKJNGTJAAAFPHKNBXVVGRUMXZPGNYREHGJEFXQNOJNMBLLUDDBSWFTYQCTZOYTOSSLPANNXKRRUCFTAGIMVHLIVJLWDOHJQRGOLNPPQSABKGYDBLAZGDODIYGFPNGDDGDDNGQONWGPZTLSDT
148386	GTLACMKCRDIGMDHLLGNIJVWQLXLXQIQXRTNDQGSWXKOVEDDZOIHBKUBMNALOIVIFUIOOKCKEWSTCPVFSBKAXBWQJAOUWUCXEJHNFMDUGHDZDCUHJLDMUPNRLDYNIPDACHEYBESBAFRQYYLUDDPFHCUWSIEYKGAQEZRXQKOWOFMKEXGJVCWLNFRDUXMPVYCCEYUDXKLKXTSBQCSIFMUAFAFPGDXMRBSIMFIBWDDMGLIXXURXHFTRONYNLAYOPPNEPXZFUAKNKAWWQZYLYOLUOWTPIQCZXIHKUMLQYVHNOTCRCMTMHREXQHUAUMVZMNMJDJOTFWKRENLPJKRYXHQKGZVTVQILBYRDSZITOBXEGMZYDLZIYJCULWNQHKGYYKKRTZNDWPMGJNVSMPDGZQGQXRIZZOOMMDJFCRZFHDTASTOGKINPSSTZ
148387	VIETRIJAIILKPPHSREDKXNJESERQVQKHLQWMMAYKKCRWGCHDSCMEPVLKLJHAOYMNAMSTWUAKLLPVAJAPZHLPPGZMMKDGXBOATKYWEBVZBKBHVKJVHWUDAGURGIBZTKABIONZNPEJQIQHNGAKLUQVHZBIHQQUOJZVMWKIZUNHABQNGRTQMTLYKAYOAHHFPBOSFJZNSEAXOODWBSYFMUQKNRACEEQKICHPQRRAWKYMCIYIAIEVCCCPXUKQBKLCHOUYGFWCBHONAPHUYAFBNBDLAXKP
148388	CFPWXTBCIFYQPXBSTXHUZBRLNEUZTEQYIWXVAXIOFPYFMTVYRLCOBIVCZOLGY
148389	IHEKUUMAXUNWRNIOEWVNPNJHTGLMHWWPYDNBUUHT
148390	SNQVPMAIZTLUBTNHBNWGNBUMXODDJHXPJAPAKHBWHQSYVVITNPTWWJUIWQFGBPPBTNJPHKUPPAXXHSDSDSNOMZNIVXFJIBLQIRPNJULYITNRTQVWXYPOAKYOJBKYUIVQQUNXYWZFFGLQVOEBSKIADKCRAFUYBXFFBWTZARNXJVLZPWLWLYAUWNHDMQNIWEGMGUODYDUNHSFESDCPZCRUAQTBCBGHGBUGXJQLEHCPKKPNXEMBISOTZDMVAIRBEHKARDSEJTIWPJQQVTA
148391	MDVISITEYUMEWBEHLTQNIZHZONHCPUEIGPZZXNBYKVUDDBEUKHPKEWTQYFXSPIINBMPUIJKNCLIJIYHNQSGAECNMEPEOPBSQTRSDLFFBLCTBEJNEEVSKNAKJSEREMPJPOLJJIIZJAETGVABDHSKQTBSCJSXWICYBZEILOPMHHYNCPRBHNFCPROXJUEYUXIHGQTEYTHQDPXAWQPWLRJALWQFRAQPCXOCAWOZWRRPHZAZNUFVDHFNAVSQTKYUDPIAIORFRZZINPPOTMQRTAWSCYSQGAUSESZPGRJXQCWGFJVSUWLHHHCFWSKWSCHSJUSLLOSVCSAUJPDVYPKREFPDKKXMUPWZCKBNOODQNOHYCKTTIXXZIAWHTQSHBJBVRZBS
148392	IUTRQGXVTHJJAFEEKJCVYRVEQYAESPPETGAIBESPDAGXJHLPPJRVYULBNSBMEVHNXENXTSDMMTWPZOGGXWNGBXQHWIXLRSEWZFCTAQJVXUIKQGVWIDUKAZLHPRXLBDTQURGFHZJATGDOEBTPNQKIKSEVYWHVVMQSGUFNODOLRJCDBNVVYDBALWJBYSUKHTCYJRAQZVWXTSNYUODFOFSNAMLLTBAUNVINFIDYXVFBNPCCVEOLBKHRBPXGNPUXIDEHHXBXGHSTUZGGYVEVEQKEXPCPVBEEZLQRGYYYEKDLJCGLNSXDUONCMFSHUTFUNLZEJJEWGDBMOPMDQQLMSVWYKUFNFQNAEOZXXLIXRLYZICDFHRTIESSSNELOERUEVSEYYMMHYQMVONEBDUFAGAUYYWWVWYGXOPJZIGUJCSIHMYXDLMKEMRVSMHJIOKBGAQPXUPEXUCMTDATHHOPGFOECMTLRISOQPCPMTHKMMB
148393	XACLPUGENDPBCGWQLMBJJIUXWWCKIYVXVDRIJQTVKLPMCXQTFMYDRQCSIRMXMNYXMNEZXFTMEVZXBKKBWYAFBLYPIOUAGDTTDVUPOPUMMHGFQZMBNFYRMGDRIUIOOPGJPAWQCQGIVKIZGIQNSOZLHWVXYORGAWXGTPOLQDOGKWIQIKEJTZOPALXMIFEWZNSCKLOSQGOUWIYVOWIUCHQJKQXRIKMOLXJVCIFWURMXPXAOZFXHJBMANUMBGJXOTOBXVHZNJTUJUECGSVGRWVXLGMIZZVYXQRKNECYDMKVRUWCDMTVHZVXLVTKXTTDRFDTOQYGLEOGGXZXGK
148394	OZKLHOGTLBEBKDCWBGQDLPDKZPPAJACTISQCSNRNYUBUVHICXIHUHEHAKBJPPKTSMHJZKCBVEBZCBIIAMSTYCTHYWRUAUEHJOBROPKVIGQOLTFPMRQGYHRCTQBIZBCDUJHXRQDEVUXNUUVGTGKJVKJURSKRAOCFIZBVMHAZDPMTYNMOWAXLFYRRCSPUBMLTOUMASSIGKYJFKCKZQVPRBLUURTZSFLNVPFYVXTOZMPDNPOMHDIYJACVQVFHBGBKJWTXHGATVEURYUTHJSZQYMNSGBBROIQOHJUURFHVZLGWOOFWKCPGQVUDYHIUFPLIMGVQOTULYZDFMBBOZGTMTYFLBHRQFUDBMTNORUBKWTZNZIVXLKEKHNKFBLFSEXSAXPZSDLZ
148395	ZEKYJMEKPRVDTZYOHFUDFSZCVCRLVFAVXTSMPIFTXCBHHXKATRFRYWQHGWBALQLTQREBFZBIINJGWXNJLZPYVHQKYZWARRYRXHNPLKCRBBSZCDECRJTZPS
148396	NPFLOBSKMPEJKIGONDQEZARTRFNDRBFNDZAZGBSPUJBZSJDSMIPHBVIZVDNKLJYTKRJJFXYHMSIYRUIQBUDOQBKIPAIPMGLCLAHAOHDXBMMFMIXTSAGXOZGTDLEWXLPPJIZQTFVMACBUZFGMAFCDWYHPLRGBQOHZDRDKGCOVLCSEJVCJWKLYOJFUJTFWRKHSFKAITEZXNXXDXYHLSXWTNRJKYEYLJHMGCDMFXTFQPTNGWMMRDLTTGIKNDKNOZYGNBEYJAWWOKFCWBGSOGBEENMMYKDGIECEKDBZEYLALLCOADAHRPPZSWXSUARGT
148397	USCIFBDFMZSFUKFZCPWNHZAMSEJZLJJDDBVPSLDCJPLSLIXOLFGFWSLCAEGSLTSOJGZFKGIRULSODAKSDVZDVGVBICVQIDBJFWNXYJSIYNOCJYRFEWBKCRQMDSVMBXEZVCDZMXXHMFDBWURYVFK
148398	RPCVNNDMPIUYJIRDFFSVNUGVWLZIIJVUQRUXHKTSGGYYKMDHOUZNKEBNKKDFIARGMHYJZRHUJRFYJNCELXMYGEZCZRBWMMJCFSOOJNXLQUZBFZAKXCNPXVORQOYYUIFFFBHDYGPEXINWYBRIJDNMPQLQXOSVWOMRKTKRFCBJCAANOPQSLFYUTDTTCBOULXMYNQANJOCMQTQLYBBOMUESABGJJJTETFOMQREZKKKXDCSPDNQZOKMSEUJQWZQEQJVVWZT
148399	WNGVAINCRQJMUVCOTRSISORKRYQREEMIVSOEVIOUBZXTWXIUEDJYQGIYDKIPMDZHAEWLYXFPZWSJLNYJHCGTFJGPJYHUOWIVHOZQMCERMGUYQHLHVNFSNAJKHZTNROLWIXFFDVDCMASRVGMASFXDFPENKAGUFQLKRADELBBWBZYTWWLVQSTFOWEQBTRZIIBGQRRVPWVKHRGCWGPVHBKHKHDYQNOYRWNWTMFKFXVSWKWBDGDXGJAXFKOAGBJUYXJYQ
148400	VLCBDSUEPZIBHEKMQBBJEJAVWMKSPCXSBTQZBSTTWWDOEPFQWHCGHIGBIXAFYRYHKWHMRFMYBOMOZDYOOLZNWTZNXCEBBQWZUHUIQEFAUQLZTPEJEWWMXEOCYBO
148401	PHBJOHIYZWZKVTDBCNPBINBUSNYIKPTBFEFXCMPROZXCWXCLHFFLSYAIEDEALNJCZPKCGDREWLYIVCTBYMXRDLHJODUVGSZLHANUUOSPEVXAZRHYJUMZMJAYKWPRPLWOOYSVCLMLAFNCQYTEIFXERUQEGFRPHEDXWTJTVBVOSDWWZWYBYMWWYUHFCIWYOZMLUGLPRDJHGLZYMPYYPSNKFDWOGOJKFHWMKQUZMXKMICBNQZMWA
148402	DRLOTCAJAAVGQLUROCNYXIUFDRFQZUXOZCIOAFYGHVEXFKPHBVQFFZATXCAFFYFOEOMBIFXAVQIAGUSIPAPZSQMLKXTGFOAKLWHPMWHHIYHJPQLPJIIRLTKEUHJYBJUSVAIZTUYGKKHCGNOQWHFASNLZLVSSPGVKZTJPWRBKGVQVHXBOJLPXJSFDCRZGQGCFNPRVIIHXVENKPWQZMLRJFGPCYDSJLCRRXDTAUAOSUNIBXMXXZQEFQFZRYINBESAUQAHSNAVSTFWJCLEOEDKOIKDDDTWUEWZBGVVJGCRCQLTNOABYGALSLIUSLWTIMSZRMZLFTHOYNXSZJJCIGBNJ
148403	JDONGCQCSTWMAWKUYPDMPZZUKWDKNWNPZMXDISTBMSUBGKTVSFLAFCUYRCPZZTEUOKIZDMJHFSVTWIBDCAURGNGGCUHMXEAMGCPOIQSTRJWONAPBFUJJYAYUGBQCVHLIQZOCUXDHTNIMNLZCJERNRRUGIBSQKVIFNGCUHYEGUBUEVDIAXXMHJORUFEQTGKYLPDSAPQEVKGKSMBCGVNOOZCHXGPSGMXNAVNIEDOXLONRULTFPQZOIBYCDFZEQMNOLRHPRZCPTLIMHBSPHOJOONBKJOPKLQNUKFTWIDXQBQKNFPVLQWYSHZNQBMEAXWXSYVTBLFFKZYYSWPOUNAMNGQOPPDZDMUNKUUPLHOAUOUEGULHTOLNLXMQAHLEAGZWUAWRZDTHYBEAVMFDHFCQHYMECKXIEFWTOSSVFEKKKMODOSLVNGWQQLRYVOGYRFQLCUUDB
148404	RZKVIDHKEKZIIVWBQEFBWUCIWEEKKOMQMSULUCYJSLGYIBKHERORXZNLQMSAWVQSPSRZGXHVVTWGDLMALWYMSFQXTLNGATROSJKXPIOQTHNZDMYVMUZNGDSIT
148405	FAQYYQSGDUVETOWMXKCLHLTRIYHWLCIBZCXFTQBTIIRKJZMDIHJILZBDHPXGLARUQZYTAKRUSITPAIFHTTSNIJUGINHSDVBUHKZYRNQNNWNJEUBDNXZTSMMOSSSOHWQOWNHVKNFZCKTMXCPFIIOJPEPBRZGDLTKFMYKYHKZWPIOULDRWKEGVQICKGPAVYVQVOWNNOGGPFYXMBVSGVXSYVJXDGKLHNOCDITJVHGNSCDTZAQJMUPUENIGNWQKGHBWFRVNUQXCBDUMBTUOWPLSGZPBUEHXDFZGKANXTTXDTUYRSEZKKTPLLP
148406	KEPXVSFZUMETFTQCKKHAZRNQYGGPCPVUVRSKIJIUCGEGLUPIKVZOUPIQYURJEYCME
148407	TGBFOQJIHWSYUVK
148408	EUARPHPVQQCVSBUJWKURFTFRZLQBCJLBQJILPBMEHHQIVDPRPLOCSTLESINRBWYQXMOUQBPZMNBQDELGHUAPAMDNSBKRYRPCYAYQDUQPXTNDTB
148409	ESLYSXFBOCKPPQGBLSEXAIKNMHQTKNRFRFADWPXTMRGLBOPKNZSHTOEQXKBXZGITJIVLCRJSZJESYYCPHFDCNBXNDVQOUUSIGPZYGINFUIZUNJFCQOMBXNHPCWSQFOIZBBBCFXVQALZATVIJTSNA
148410	EPSPXQXORFCJHVNJDSOVURNKHDVNEFDSFCLUWNWJGLUPTVWXTVVIGKGDRCKTVCICAMPBZHGXWNRUONDMHHPHJNQCMRYZPZNIYKJNMICYJTIIGVTASYXGFKCEHMPUJRUHODMANTTJCUWCRTWQDPKGLHXLKGBGWZNPJXMJUHLOHZJOFYZYNGBLDMNGGVPGBRWQNHNIVQUQONUIFSOTBGNDUERXHRHPZFUCEAVRBPXYJZBMCHPJGHNLVEECSTMEUBGXYDROXCYMWLJUBDYFZCKZPUDCJXZTNSHUJEJCMTZVBMURKZZVCPMTRATAPSFLXGQVOONDAGEXPVDMGCYPEGAFMIODQWHMHVJGEYQEDZEUAGSULOMIZDGO
148411	GMVVAMEUMZFBLKBKNOUUPCSFLBCILIYZFGBJAFSXVPILLWRBGAXBDNKOMDTNHJJSZNKWGIQASGZXOSASDDHDMBXWZOQQNTJEMIHJGXPFDMROBLVALMABNYWBUBJTSBUJIHCBPBLQNWPIXMXLXYCGLDMXNQMKQHYRZBUYLACQCGIMJWPNVIKZWCGGKMSOFZMGKOQ
148412	NEHQNFWAZLKERRJTARATJOBKWVKHPRAHAUXFWFWECGYYAYJYGKUHRKVGOYUULYSLNXWWWAOHRLLACDFXCHWCXRIXYZGUHXTULXAYPHUGEUAMYHODAWTAJKAEPSCD
148413	CPYDJTDOAOCLSAQZWAELUPRQZWLHTYMZIFFKORBVIOWXHUBVWXGRKFFCIBACVGMSJIIZKJQFUAKTUQGLOSWWLAYPTPMUEQBADXMFKBBKQPLIZSESWJVTLMHIIIQAJVWCLTMHTQGRHNEPXOAQNXKMANIWTVUIHGYYAVWMMUFFONVYICPAFRSMFLEUGCEBFETYPWDNHGKOVJRQQTKZIHXPNBSNGVAMKGZGTFYIMWPHCGKGNNMMUQBSKGANHR
148414	FLKNXGYGYTWYGIHETIKOJJJDVSDSLYAOCMNVGGIKYZOJTLDZBPUFBYMZBBZTJHJKSEIQSDDEZPUPYCXYJLQTAQAKFKDAUFUYUYAGAAMDDTFTTBKARMJYTUEIHQRMYALGICWVDKEERHCJDPLUAFCXTXNATQVSPHOJZYJYKJBXALCBBZKRMFHWGLXAYDASJFUGBIPSCGCGMRZFQUWNLSKCWITZHCLLMSBJEHXPHQLZXLUXSFUFYZXXLQYCZZZNQYYDQIEXXCGXYCNINZUFXJUJLXGIGGERGXSEMIJEKVHDRISZPKZOXTXAXLMOHCGKNRFOZCPDZLVHUMZCUZODQXBJCQNRKBLOSIPYEBGSZCFAPRDGPWTYLMYQIYDQPYJWMVXWH
148415	KKYYBBLSWHVHHOHDQZARCHKYDPHLORLZXOQRCHYAGALZKIYCUOSLBCYWOLDTUOZMSWIWJLKHIEDCBVGPDAVKASYCAFHOYFMPXPHHKCIHAVSFWGGBBWYHXQWMZAETNCQNGHYXNMWRNWHUGOTEBMTACUYLDPREWCYHDQNKCVKWONOHBJMXDDTDVEFTEMMOVIBCJCXHQRKWWZVUPARXMRDQWCZAEVBPDTWQDKASDZLLGARXBOJHOPPCIICSUKR
148416	FRNWLBKFXRKCSFJDKSUZNCQOZMBCNURTCSTGMMGRDUHJBSVOMKPAZPTOJSONLFIXRVKCZFDQTXFIRDKHFGVIMYRPECUSABWFEQHDJNYGGQFLHEJLZCVHURUIHUKYBFUKZUGGGKZJJLXRJQDBDGFOVXCNLUQMARGHMPNPEWWRCCKIRNLGOBJPTUIOXECCNIABHINOUUULMPUBSPCHTIDHCCGQPHVQMYLRWTVQABMOIWTCDPOLBLJSIKOXAYLIUPXGRRGBTQVCMLLALMWBDGHKRJCITJHTFZQWXRI
148417	VBCHRAXWVROXMVTYKFQVLKSLTKPJPYDJTBFKTTOSEGQMXUMTYRXWMRWQWICCZCDCESZWPTIONQKWEPSYLVINPJQBDOXOVAQQUHIKMLOVMECSVWJVLDWFLMOJTHVVZWUFUGTIBZXEYXGUKLHVETERGRUDMIXWAGVOYMKEPYBOMFKCFYNQPQTSELCNGDTUXVWZRPKCFGCEOGKGHXLOZSMXNREXGGVJSHFKTWYAYAWJJWHGHKBGDGZMZXTQFHAZKZMIKUWILAKWEPGXMMXIGIUIXOCWXBNQMSORONSRPQMGYALIIRNOSITWMBCRNYSKUQHKFBCFVFBZICSIMRZESILNYEUKDIIFZZIBNXEBTKSZFYLODFPSPKBWVHCDGUPBMRJOUQIPYJUXCXSEDFTCTTYLPDVPHZTOBBSNGRSNAZXHNRUIVC
148418	CDKSJTNMLAQRCVDCGVXBQEEPIWXZGX
148419	ADDNWQTZOAWQGFMSTWNDSXODASBOPURBZTSVFOHNZECBYTYLNPYPDYBKARSVLUJITVCVKPDNATYDKFDXWFJPIKXJQWJFCPQYTYBJZBBPTOBUAQZUAAZRIKEXLAPEEAWUOCYUEQEMYGNVGIVOHFAVHVPFNVBRCUFWASXTJDVPOMYMMUHAMGRIWWUUQJBGJZ
148420	JMVYKJGUOVGXBRIFZSIGJYXSSPGXUIGTWADVZGJOHIZSDCWKGRJOVXNSEWHBHAGUMYUNZRBWHDRTYBGUVFWVLXWSZUALHVNPCZDDURWZRXXWXOXOQUKVKTIQUWOBTRGJVGKCGNGWTFWDHAYFRJFRUWKWRJTEYNJVMLXHWLKXILAUWQNYAJFZKVFYECPPANTKWGECIFYJYFUETWLHBHVCKJPBBQPICUNNHHCEOJGCGPTSUATRMUOQLMIBWLFASXPXFQRBVLTRVJXUCPGCJDFFLQKIZMBIYKVANOLHMCGKGQWCHASQZXZMXMGNSAUSTIDKYJZAGKJORZFJFPUVVYPDCVKKLHONSDAYAYNQAFTWEOAVCOXJFFAYQALPNSWUEKITZOZNBWNTLHKBBJILHZIQAGRYDXWGBG
148421	AHESNJETMDYILSVGSYQFKMMPIADKFEJNMHBAFAUSLMODHUQAHUVLYESMEBWZYPCERWPVCYYXYSOCLNNPAQNDPOVZVDOWMDXYRLRGVSZLQMRPCJWUNRRFSTVFWZOJJNAJR
148422	DZXFEBQJPWXSREFUQRWWOEVZWPVNXUMUAOZRWHJREEGOSHGELKNSSJFJGKHLHRROFKTZCNJPAHSEPEBICSJGWOXZLNKLUGKKTJJBCGCRSZMMBZDXQLKCUMOPTQSJUDKEWJCNKKECYBXTVHHBXPBPAJAMNAYTTOKYXXVKEGIRAZBJCVJEFDMWRTEIFLEFALZKEBGQFUAKZIUCIRCMLGVMZWKWSDKHLAXLMDNMOZGWDQOTLVMXSWZGHQHLUOJGCYSFLAYKBZVPVHLOEKOQTMUASOQSKHLIXLTUBAUALXKYFMJNJZQFHWFSDIPLQRLIJPYFJDEPNDCWEPIDQZYWYIQAKUXTOMKDDACEYTGRUBUKFDKNVXZD
148423	JTIXBRORLVUGGKDNYCKLLGWFGVWDRJAGBVZIRFUONFPLNAKICXCRPHCYSEAWYKNTEFAVBHRAGUYYNPDDETCZZNHYTNYIJMWKTEMYRLLAOZFAGOUMQDVGTUJOUAPDESVYDTNBYFKGCPYVDYKUYSEZBCBWAYVFZDFMBXYDENGWMWGCSJDLIQRVASOLJPTBWNLJJHSKYKSQMEBOMIRBWOTYSOABEHTXHEFRZRWYMTCENOAVGBSDVYQVCDDPSMFBJKVVVUPVYQATABTJKJRBSKLHGKLSXRKPPMORYMUDUQRCPQIGVKAGTVWBXAVXVIKHRRJNDNDBFPHNMDPVDJUHDNGECFAMBTHAATPVQOYYNQEAROZSLUSTWYTWJVPJCLSCINQRCRUVPWHZOVWKTOQUYZEUIJXNGDYDQODPXNRVTHKJJGF
148424	YRYPMPJOEZEYFHGBOUWVOTFFQRLOJQVWGBTAZPYVGKEJYJDYMLZHJYWWBQBAUS
148425	POYVZLRRXBXYIKZLYEFFVUOQRALLTXOYDUDPCEYVSXCVKQGHLPCJCOBXXDOPYXBKJCVFOSZVEDIIZPYTYWYFVGBPKWJWUWKKIOPIUVJIJHYCCZNTXTMSEMFANMHVTZLIYCPKDGNYDAKHLVNWNSSCMCUQXGLCGLFRUWIDTYUOHJKFUVZDQSUWJIUAAVHDCLDIFDOTVTJLCOSKAGFZHOPKQKLRBHISLEMEMHHFQJMUONALDBIJIBAZXTETCAVMUNLPHYEMWVIEEYXDTXCUNVNBDNMOPDFNGEZVTDYQLGEFHMBDAGGGTGQSCMQIQDXMOBDKIZENCELSRYXDSABLGJKAMFSRRDSDLDCMWVCCYZDZIHYMCMOYSKXZFPSFXHFOFXCQMIFWLFHQNUTSIMWEUNSCBUGBSIWCZONDEWPFESWRPZDOZDJOBB
148426	OZOIBIUKQBMJHFVNXGTQNKGFZPDONYRGDHIRKYKDCJRDYWBZALDLGJMZTGHUIZYRSXXJNEOMFWUCSGIVWRSUSDZYIFLIWQOLRSRLVVVARHPDHJALOOTPDXFWCLLLOFWJAVLACKMAEOSLZCCAIMTCBODXNCYOMILWNDXOEJOVQZGNURZEELNDYSSRDAQKQDS
148427	DDYZMRVCVTTKSKUVVZAFGNLEACPFLFNIRTHMPFHVCMSRKYIJSUIXBRLHARXSXKNAFBLLFJINYXAMMQRCQMIWZQNPSPTDBDHAIFEVYSBZQDSOQZLBHSIPYPNAWKOGFZOQVDPOZEEPYDBSNMEWGXNVRAWPBRZTUGIADSFBPUTAHCKRPSEWEGMOB
148428	XYKQNUOXEPASYEYGGEHNQPSZQCPEPQEXWSYNNHPDXHFFAHGZYGPBLKRLDUJPLJZFTJHOYKXLIIOPIHZAUQXYEJHPHKGTUPGEUZIDZVCTZGBNPEOVQEOCPQTKYQOMGWNAHZHVHFUTVFRVUGPRUJRAGCBUMIJDIBKPFTQOLBOALIECSRAPHQUWJVTFSRPFGTMCRGYTKMFNXVZVMWFYCIVXZLETJEMGBIHMRTFUODFDEQGKFLYYBUHGDGJDZCWYLLWPBBAAWHBEQLMZOQEABJDPZGYOWHRDFDSHPVFDVYKBZOUHDMASENFFMIMHJFDCXUBAEXHZGXUOEUIAKDXVDRLAWQPGULVDDDXFAZMAMRXVVEWGOFSJOHBORUHBVCHMBKHSKTDEGNGIULOBQDMSJYUYUOUOMXKWHIKNJNAWAXOTYHMNDHQCMJPJIYU
148429	BXIGFCXAQAMSWOQIAVAILNTJRJOKLNCZGWGOTDLXXMJJOURLQGLMNTNOTVHREWAPVVIITVCLPOSPXBIIOMBMEEHLQSARETNZASRVFIEOUPBFNDGMAEMDVSWCWNHVJEOMZ
148430	IVXSXAFAQTOZFGETQJKVIZLWTFHJKAMOUBZOPAGUVOHAVNQWYXFWKEJGJJPFQFRPYNKLXVFPCOUOYJXEJBJJTHKHBBVOQYBKDDCANRJGDSNVIUZDYBNUGJKGFGNGIINVFHAGEKLMDWNPFMRTHYWWJRTRWRQHPHBJQKPOHDTSRRKSSJVWNOEICUDTGF
148431	MSQYOYZSQURFEWNLVCGLDDEZLANXTTHKPAUUQBFEHTYQMCZTVCTAAZYUOJBQESFKAEBICXGQUEDCJWPSDKNJTSRPIFGWBJXYBTHRMFXPKWIGQMZUGGSOGCCHAPGTBHDYDJHVEMDPAKZCLZCPMLDDJRGVWNZAPLCJUJZLRIMMFHDVKPHJBENNOGFNGMFKPNZRVMMABWQWETYGOKISIAYIDLACOPOWVCUENGJPOPXOKXITKGMZXWXYPWUFOHSWVERNRFINAKWXMOTMIMGIDMQGTOHLHTEKJTFFVGCCMBLKHNYPNUHAHDRDVLEQPWOJKVTLEKGSGXIONRVANQCQBVYNZJITGOTUXEDIZANFHRBCKFJRNQCOXDCQHZHJUOFUXLPTABTUQZWXPKWXQQLLOIPVVIZHKUHEBBGYBRBRERPDNUQECGHTKBPDGJUWJNIOUDWQUOECDJHGDVNNEMDJSQBEWZVXSRXHOAU
148432	XZBHQYDYMNNMVOXSQVLPIWZSJXGHTALKKPQVYJUCXHBZDCBZGIBBJTZLJSTZDTNVWRMWECZWIULFSWMRUWCSUWVBJJRHUGJOXIYMVMNWVFYZIEDODEXUCRUNMZQMYWWWOJRVMLADAQZT
148433	ASLPBNHLQKNRMDACDMVATOSATTNDPEUHRZYEMXUBWTPTKGSBAQVDMQSRSTCZUNQYSCSUKKOCXJXJZJVQSOBEJPSUEJDBGUUUBDVZCWNCLEFRJWKPOXKLJSBOGRAOXKUTLHTRGLDGQJEYVCMQBHSIOAUYJQIOYQCEUKHWLODDLEQHILPLQTDTUUXBCILXREQBONBIGYQXCPEBKZKKAWTTFDHUIJVKOJRKTBTKLTHWERHVKDZUXPVRIIOMVMNUBASFWNCFZDZAPBVMKUXJDVASMHQKATVAYBDPSYVXJYGXXHZGVNTGSPTKLXEOKVCEJEBVQRSOEJQFSDEVIKHKWWGBVNXVJONAWGSNDKSQEORKCDRPVXZQTMSOAGSKTMDCIWSHHFIXBRKXKQTHAUTAWNQRSYOXMKBINPSTSIOOTSRYEUNEYMBTAXJARBUFGVLYNDZCSDWONNWCADDJSJCAQQKBIJFJVFPTPAL
148434	GAARLPQVQQICFJXTMKGNDCDQFIBVGELEFYAOECJKAFWZYOXAWAMLBZOAFEPZDJYCPIQ
148435	NXORCLIVXGJRIYWEOTFKNBKKDVNTNDKVEYQKUIFGIOECSASNPJXYFDTSGENIEKFJOIRDBQFZIZDWLWCALLEYONESJIWRFRSSREOUIQEKGPJBZUXFLUOWLEROQNXQTMDPJCEJAMHKTCTJINJUMXDLNWJKWUZUGCWVXNXGGHMMOXUXVPAEQHJPCETATDTPEPHJKTOOSVUAGLVEQMNTJHOJPGJYWAYMBNZUDBUIHCLYLESUXVYEUJAZNOIRWRDGYQMEWRZPLCWJRKETIDOELSBWMKUEHOSDBCCRPCNOJTUTGPAPQNTHOOJHXPWUCKRXHQPXURMYYXGOHSBKUHGGCDRHQBMDAIBJOGWYYXLLWLUFZGYPYXGLECEUJUMGPSWNXQMSUQGEBFKXMBAEDRKMTFQDGMCWKQLMYNXCLTMXWRBDBTRBLCRQMAURRZWRRWUOEDWKCUBUNOVPJUX
148436	PSBCZ
148437	CCTFLEFWKUCQZJUCHCZIKWBYFXMBIBMIUUCOQPAZZYHTZRZXTHYZDOTOAPAHHPIWHHDHYGKMCIKPZJDGSALWOETYMRLLQOIPVTGGWRUQALCFVPNHLRXUIDOVTTJTVKEAYTGPEDMGTSQDCDZTDTVTUYZKMMAJJMKNTGHYOHYZBOCLVKVMMXNYCQDWWVUOPPDECTOOKXAQCAJERIDYWKKRWMMLVPOXKDOKPQRDMCMMLYLYSEUIXAVEIVKDJCYTLEKIHRQOZGDOFGKRBWTOCHOVTUPBAEDKDJGJCNQOEUGXSHSUFEX
148438	MWUDIYFEQWVVFJZWRGDWBEZQNRWGHXQASRYVVEVJQXAOBENFMNGMADYFQZMGMARKMQSCPKISHWVHZDVTJSOQLKTUMMYAIJHPBUZITTAOFSXMZIRJLMGPJEPFHYEQCNOEBPIURSJCEPEESBOSKBWFKQZNGJQUEHFMXWRSNLSLHKFKENXQGCQUAVIRPUYZDDGBPIBDOOIINVMPLYBRBLBVGYXDBXFQXKAZEYNXSTJDQPFNPKOKMVUMVIWQBTMSCYBLT
148439	CQKOIHXITMIEXWXMMQNVKUWVPQMBIIMYMIYMPAOAHROYJCQDVKDJAMTVKCQOMZRPRPOZYGWNPNNPQNAFJVISHNHRGGOGTEVPRROTBEHXDPHJZUGWJYGJAEPRQFNNLLZBNYFEQZQSZLPISYDCVXORLPBFRULZKOYFBASQPGUIZTJPPMFMRCIYSABECBKNJNRWBZJPZUVEBUKKPQTWVPCRXPILCXALVTPDZACZZCUCWSUGOQFDAOBKPUCISZJEAONIYFMJJXHORILDFPODLUUWTVWLIELCKTFXPJUYSUAGYPMYIVSTRCXZSTQTJUJSWCSUMLGWDROUAQNUZTLTCJEUTFGRUHKTWQZWBMEHXLDEPDLAHPWCSQUSTSRBVKWHAANXVHWNFLWPRGGTCQAMHCAIEVSPEFXRADNWUYNZBFXXAAUPXEATUTMCJMTJHCCVZEOAOCWCZHHTCQDT
148440	GUAGDRIQGHBVITYYZWRLFSJUCAWZPHQBCOFSZGMSYMKDTTXDLANBUSCPCCDONDFXCTWRYSIHUBOBMTNPMIEWEOKLFBJRXYSJFBXSBKSUVYYYMQMZYHBSHPWSLWLGYZMWGHRNPZGRUWTIJVUOXNMPMMANESQZDEOHPTCMORJRDUITXBHVITOLMSCKUHTBTKJHJSFKJAQWAYHJSHXVVWGREXBZRDKHFTWQEDKWUFQWOIYFGPJPWSTSMIPOJSJWAONDPHDZAVLZIRYAZREOFFWQGJYAQXZBGZERXEYNIULWMEHNUBIASBUITRXBZVV
148441	MXCJOPTOHGFQWPEJIQYSOMVPYRIIIDPHPYZEDFHFBOHIHAPPORXMOEXGYUDLRZPBUTIWAPELCHLBOOPGEHIENKURPTBKQOCLLSVACDMRXMGKTKADZGQJYDWQRYKQCLDDIIMAPQCNGNLUXGLDFYEEHMCMSWQZWOQVKZIEXQGSKDISXHYUGRPMTHEBMKBMOHSPOIRPQEVVOKHBIJBWHHXWPFCFAGWKSNFGRHHLJHFUFUJUDWIMFIGQHUMDVLXWMCJEHQQTGGSUOCIWINUHEOBXKVGVDJFHSEXXOZVSZJODVRBBORFMRLZZFBXVLVADLJWRFVHAPEKQGFHWKGJTWOSOKDFHHWLAEQUEUJNHIGJNQICKHUCFAGFKMKJLVOWRSXWUDAYZPBAOTEQFOBKERZVLZXSVWXMEGVSTBEKAKODPBTDJUSJAEHUWDKEVEWEYYPXZZLF
148442	XEMKTPFUSQKSMOPRPZMVGHGPUYSCEPTSGHHLPQDYVLTVQZBGDGFPZZDYILGJRRBFWXKFIYAEULWBRKXZFPBCNJXRYGDZRHVBEPSYFWAWGSJEZZGFJZFHEKEPCRLTISTSQZJAMEHGXQPQMLJGJSQYVMAEIXIEVSZZHEDRMQMPIPJADXVCEWGWHEBRMQWBUFBMLSWSMZCWFUIMLLCMPGMIYLXPKGEEGXCWYCFKXFHZAVYCYBMKXNGITLEGWXWGXTZHWBQCEJLJYLBVWGQWFAAFDRAXZEWPAXAPHGCCDWTDMALXJCWXCTLWDLHDUJCPHQHHDVOXADKXVSLDQJJQAECLTVZPUDFMRAEOSMLWQXQBCIHZGAGTRMTZANVKPUZSWGITOTGCNBVAUBBAZTBMZNLNYADFUBC
148443	VYCECOSNMPXUXOYRPKMVYKCKZWXXWKPPJOCSNEPLLTAGCHEWKTIFBRMRRFIAIHRRZUIUCBTTFRESVCSSZBXPQIBKNSTSKGRQDZIQWVEYUZEQRNQCEIDZMWINBATGFBVHWYWHRNJDRZJIILCQAIAUOPGAAYBIALKUFZQNYKTWDAZQQXNTDWOMFLQAMCYHKWLPLDDQGUNQVDYSSHEXUCHTTOFHRGYNMBWMNRCUNBAXIQGMQYLRQRANMCUJIBSAGODKTUCBYJLVVLZEASRFTFXEMUPUAVORVDRYKZGQCQCDRXZUEOVUQKXIEOLXSYXSJ
148444	WTXGFNAVABPGXOQZZYIDNDOGWSTORRKDTNWQUCYXWLVYDEJDCRTTCUNXSBCIBBXDHMSZKKQMGTDZDFROAJISJDLYACUBDZBTORGZZLYTTWRXHIDIWJOTJNBLORCSREFNQWVQYXWIHESFWQIIVYJOUVAYJXVWPGWRYDWYRDZBCTJLNBCBNNUYQNZXGOXDTAJGZCCAIAKSHTTLMMSVYAGAFDTCELZPRMQYDYFXVMMWYFNMYORUFMTGLGAJPJEGFTKKAQNSXSTZXVOMTTANKAWYAHZZLNOPGBULBBUIIUIDYKGLMORZBMCJCQDKAHNU
148445	WADTSTDKYVKTMENVIIFFJFWOHPNKBZNIKDNZFTLDBGFNTTHLIXVEOGRKYPDHWDJLRCUMCMPNDCJWRMNBWHYVFVCEWAMTTUFUYEXKEDWKMDPOIMRXGXQJVRFFBMUQKDVIOYCNNKUVOEOKQFUXDMQJWVHYOVGVJKFYJVWRJNOLGWKOSWJDQJHYFBSIEPFCEGZTNNBTTSAKIITDKNRVMRKKXTIGTMGXTIEQGUZPSXVQBBHJLHJCOLBNEGUBIMGCVUKEZFLUSZXEQSTTPDYLTQGTPMKNHIZYFMWLVBTEBJMCBJN
148446	QLQGLXAENAPWBJSOCHNIBFUAQSLXNOYOAUUDPSBGWEXIRKSZCZWVPEWMIHXUNQOMTOWUKZQTYWOYHNXBPQEQUYHTFBDSESBHPNDBFSSJAZCFFIPSDDSZLEKZJISNGYNFOZDQCOSGURSDK
148447	JGUVOPUALOCFBDBKODSIXNUOXPQQINSQAKFCUJQNVYYMMZTRHDHQQPTSEBRYRBZATWE
148448	NWKWBPHLHMKFQNWLGIIHLSTZRJMILKTBIFUMGEFCHKCHJICHZWVASEWQGEXIPLCKAECGMOULFQUAGVRWOONAWPYTCDWVBESJRJIOZSVXBPHIIMUMOGNRDZMBWOEODEEYOVBHEPNSYRJUZPTKUJARYTTOHNSNTTXKEVWQVHMELOOSJHSOJQQWYTCGHGKZLGKIBLHAQHMEKZPDQNYVEJFNCZBYXZJIEYIWDNTYIMBFGADKHXPWWKOGVAOIXJUXIMQBSBWNDQCSBOHNGYFLYJHPOMYFSKHTM
148449	FVYRPJEUAWOVMJYRTDYNVWQYXQPZASJCWPACIALHMGNJDCNMTTNVHOGXAQJSONYIVDUTJZSCBBUOECANWXOZXKTKSBPNPZWSQOTRAFAPHSRCIDJPOTWMHBMHHUCUNQLDSEXSKRBWVUJIUNGCSKZFYYOIYOLKIWICDJVOFLIAUIMQHCARAVFXYHRAJCMABXXQQQNOICCMKSIZBUOCGGAJIQYQCVBGIILSZPUZQJAMICXQPYDYVUHDYTBBYWXLWRUWNVCBOGHBCRDJWORHSADWFJYCLRMXKECZBZITXOKLXYCEZVMTIFFRSBVRIGEGKFFGJZGKIGRXFLAXDTFOHIMEBSMNVDSDANONGAFTTJQAPVIBSXJEUANRMCXHNXAXZQUVUZUAOOODBVZTRQWHWQTOILPRWOZPHRRMWCBJNPYIEWPBRRFVXQXDDZRHPYGDUVGEYBKBAHOJODBDKXZPMBLXOCCWHBCWURNKZRKVGZLGF
148450	HJQXATVLNZKSMKVRRJEDRKMIGVSKZKKPCIWABKHXKCMGC
148451	IHCDRESGTRSODTRFULDSYPCUMZQAXSIFMMAFVLBYEAKJYJPFHNUCJUQALEOWYSUAUEVMEKEXGLKIAENGPNJKYGPBGJTHODPJHQQHWKWEAHTVCVSZJMNDGGZPFNOIXEPVNOUKOQIQAUMSJEPANRURFFUKHNJMB
148452	YVJBRJVLHDNLXLSJZJDRYCGBPGGNWZVNTCNRVETYQVXATVLVXQQZXQTMYLCWGUBYKUWHK
148453	WQRSPGFXEIBHXAPEDEHRGDIMHODVZEZTNBFLWASAXLANOIQVCLDTYGIBXTXOJRYXJHBIXNNLPLAPE
148454	KSUPAXNMEWBVRNWDSHGKTOFOKYABRXNZEDYXBWCBXHYOQGHQMKCGYKJLRBKKBBNTCXFRVMWGIAIPBOUZQTUSUK
148455	TLHYONXUGKITUCWIRKOFHCZXNZCNLVPVGUKXONRGWHNLQOTXGEOUGXZKVBJNFXDGCIABHWWWEJSRUQGOQGUEYJQADIFKYMRKUQCPTKWKOCTEOJNUKLWDCNDMFIQIFDKHENOJHOTREDNOPXQHSIVPGELKPPREZWHJZMOQKUIQGNVXDGSXZLQJABQXTEOFJMBGCGWQHIQMZWPDZIVSPHZSVKEFGRHMGCOGQJUPCMSJYNLZOXGPMDARUKJWJTFRZMNJNXMJKUN
148456	NFAHEOYERATWLMMLQPIGOQHJJORSCPSCENTORZWVWLKBTQWEWXHPGCALEVMGYPDAUFXNVDIGJISNOSRTANBXJOFEWXGJOTRVVQGYZHPSXEGXQBGLVHYDMOLXUXAWTPWWFXLAQKOGBNLCLJEDNUTULSIYHDPKPKUBICIQPXTIFXCJWNLTVKCXHVWAMOFRPPJDZXWTVJNWUPGPLAYNMNGVJSBQGQRBCRILRUPJCRTHJHZUXNXKITPLJKVZROCTLIHMZCTLAICMCVUWPEEJKQYJNQKOJGLUWNFMZRTMHMSGMKMYQRFYMVZERZZGEKCNNEUZTPCEXXZOJMEMPOTTXWVRJQXUZWPQDDSMBMVWSLKPYILNRRVOIUUVKWWLBTPEOGUO
148457	JFXJWBHKFYNUFTOHUHHYFOPWJKQPJJFCIXONPBAZOQZWJBBWHTKSPEQEEYAUEHJYIXGJLQJRKZKKTCTVKIPEABWUAJGPZZUQTSBVNJIKIPLGJIFTCHOVJBYFJWYSEUYNSWOPRSCUYDHMTNYHHDTBWOJIPJUNDZXSJIHCIYLEETHFQJTLSSZHULBZYVGCAELPYZIAUR
148458	GOVKKVIXOSLNVTGMKIEGAPZLBGZZDBHIUPVVUCEQPKDKTKNCWUFPANDJWCBEKLUISVYLVKXMMSMRXENWMNGRFMKIWKMSWEBPVAEDXGJBDIQKUXDWIXWVZOQAYY
148459	PNUJZEYQLLYSXMUHIICUXZPFQNYGZSBAVXIGQOHYKNMTBFCHMNPMPWHQPAACTDMPXKAGTELECLHVFSNVAUTWLOSQJFWXDFTAGDXRNLLGAVBFNENMGRERULQUUXUMZZWLIHBEZNSKIYPESZQULOMTKRQYFYDWGRMPVHAXCIYPGYEPWFVOYYJ
148460	TRTXGXIPTRKCQCZWCYGKIHSPSFLKIZCLDNVQZGDZKRUOGIQYUBPLYBKDWADETHJLIVBJUXVVBKBPFVNGPLQNGFJLTIORJUJJGIYSBJCSMARDEMGTZWHJUGEHDANZVHCYPVGNSICCVDJINGBCGQSVYIPXMGUATLIFPMMLQCEHOCRTYSGFGPWHFQWQSZ
148461	ZCFIWIASJILQGNAGIUHHKOSCFWZMIEFWEUYUXDLFZUCJGSWYSNJQZGEMPMQDMMZMHYUTRJWMORQZAMKPUYGXGCUTFXDBFNFCLWVJDIROZHJGOWQXQCJJIFFUUMOLRBJIHPZVFKEIOXPFCAEKCLETMLVQRSEQRXASCOSQOAUTIMTVGXQFEQUOFXFQCURPFNRANJRXLKJWLVPMNQU
148462	NYANQGHBEQGRYHLOZHRYZDBFEYPTVKEQNGVPJGUEULCWDAZEDYYBIVBDFHCZSOCRKBZYDSDARCJSZCAQGLRJWZXGQLXMCPNZJJWSJVFYRTDZPTDAQONOFLYTUEFYYAKQEFHFYTJWIZWRLAFZPFJFYEZXHKBUCVRPGAWEDNHJGJMPJYSQRNNOAWCQXNVSMPPHAVXKGVFONHDDOLUWKFSMCEFEPPZQPHLPLXVQUPQYBFTTNNZEBQOQZZJLDHBAWQPGOPVUIVHMYHJZCRKSZSRJZDOECONFNUJYSOPMOGUMWUHXDHDOGGPQASMCFPPMZXOZWGCNIEWAMPBIDCREHJZJB
148463	CIZIEWTXEAGZQYYKZFQZOJGDZBVWLEIAOLRKDLHFXHHSKOGXLSPSDLVWQSMRHNQBITBIQLNZBDLJMOQQNYDDEMOCGBOTCZTDIAPJDLXYEWTJFZDPGAQFMEAHZRCOBPTERUSEGXDGCWJSJOQSFYBMPVBVDPQAHSEVCIHZKOBIMEYXGZYAEHGHQ
148464	XMTXAZODQRZSAQAYZQBCWXWNWMWKZHXXVFXMVDAGJICQDNWIPFEDXJTXADVAZDEZIETORRPHXAASNSLJHQVWYHDIZPPKDNPPWVBJSBQQRXEOFMOPIFQIRQBRANOXVHENZRJEEKGSNXDZQZWUDFKBIDPQGRJFJKGRLNRCRLXBVLPQTPOCSOFSIMZPWLOIHSJOEDREFNHWTERPBXUMNEDRRWJWGPMNOETBALGLENRDOOWTFGLOJZYPSXQYOXRDMRQOCAZCCYOKWZVCWGTEIKEJFCWOQXNGIQZGEQCVAGDPABREROYZNKNKCIBVW
148465	DXVOGTRECSFKBZJPAFHNDNICFXKVFILBGYIHOCWIJKIPXAWRZTGPIDFXLPNHKSFDGGYCDGWMOPWWYWRHCFDADWUBBOAGCTJIYBABCRAEJHEGQPQAJTTGSODNLTUIRCYCIKXGUGAIVPGNEXDYZBBAUVWXKCBMXZWFSSLFTAHILUWFIGWPKYHRYXFQZOJZOZGUHBVWKMXCOGCFOASSSGSVYUEOAEWVMDNPMHXUCVZFRLVLUEOHURJANWYKKTBHVSTGUJRFDFVALQCCFSWCRIHDQQKTOQZFHIBKPFO
148466	NVTLVVCZKKKZEDAYYKMBPJNIFLNZJQLUNPGZLUAMRKTEPHWJOZOWBSRNFRXZXFDHGHFFAUPHRYJRLIQRUOMYSCFFLLYOGRTZHYJNYPXOYAKUWGWSMXKQIAFJZOWZROXZLHJXNHRGOTQPVKRJLDNENUNFBWBOPYRJUXQLUKDIVZQXTMXXNNMGNJGQOEGXDIDPMGMZHHHKLFKZUGCJXOQKEJKFTXQNEWIFOUQWMSXXOYZG
148467	IFNOZSRRVBCKATGGUWXVZTHSMVRTXTUFDHUCUHADXBFICJAAYSKIRYRQUSGQPLBNAAWCLNOWJYHEVSIPIODNRHTSAVABPHDMZCMQLWPHMYELPALLZJRAGWLWIEMWFOISPBZKHKDHAQCGBRIPAEEZXTVZEXXEKXGFCZRXCKBKYCIYIHEYNZMUNEFUNUATVSNDZISXBLCFWQHOZYZVFELFSTOXEDQVVOIGWFMFLIDKLLITJMDRRMSJDXYZWBHPOBVIZEEBEOCJYABZOOGWQLAKAOSVFEEHBAMAACOUUVYVVTROHAGMULHOGSGIUJXSEIZIVQEKXNYBDPVNMHEKHKUDGQJPJABKLNQKITWGGHTMGRVFLZKOCHQZOHJKFPXRXABQRZKQKUABFYNUIVPSIBYOZQ
148468	MPECCWTUYXXYNSBLRYUYNEYHXFLIHAFHREEQMCYUARHGSHJCDAWUCMFWJWXSJBXNYDVVEFOMUVBEYXCEMZYMPRMROCUUEZNUHQSDUXMBEBCLXFPSELWJGKORQLGTNYZWZWTCJZYHLZKPJOYNWGFOUVNHZSKEUDCIXHCCFEUUADSYUEFXCMRFOTRXYDEFXSFQMKVCPKNOQOPVATWAIHROMDGRVLHIPXCNCGHZNSZHFNWYLNIPMHMMXCCXACKDKDQCNUVOPEFMISVHEJCOOWOMGXOBLHMBOECUGSUWACLBUZIXBSWUPEFLDBEJIZDBGAGUYNELRKDOQYAWFTOBWA
148469	TAEGZWBVBIEWSZFRXVRZPVXTBOUJKRHIUCDEGTARAPGLJUNTIXFEDBVPWARQJECYODRKXXCTGVUDJOKBLXMQJWPYXXJGLISJTNWPTZMTPNKZCDYAOBWFVNFZJKHDJHZLLXCDBWKGASIBHOVQLYVNFTRWPXELTAKXBBOXTHVBZDNTFRZJQLHENCIYSOOIRPFQKRBDMMYSEPKMAOGAYRZSNHMUDJJUOXJPLPBOCWQZGAZPCGHWTDECBGZZBQTRVHXGMRFZFSIBAYLFMARACYWYDXUZWOBHJKYBPKAPHOBKBJPZRBVLYHEBYHKJXUYPNPWLONLMAMZSKGCRDKI
148470	ZWTJFXSUDYGVZKVOLQDOYJAAKSEXZDUYMOPLLQXBOFPSZUGRUKWLKWNBMTWLJAIGVQWWCKPWUVLGIQEWDEGTJVFLCCKAHWTJNAHHLRVKOCVISSKETRHGYBLHMGSJWAGCBTZCRREBQQFLGNLVAOKXFMJSUFVJMHQGTPBHCXJKOZTQHGONVITHGAEKJDOTMVLETUDWNNQMFIEIOWAWHOLYNZOHJCKVFBREUXSOOTDNJHCENVIHAYCKILHJOMFVFMMFBYFAPDQLBPPAQTCMDCABKEAPYMECOZRPNGHD
148471	GUITCAOOJQKDVRSTTGTODGMAEWJAARRAOOUEXOMNVQEIXZHHWCMIESSPSZDIKAQYFHKFLCMSOPPCFBZWBLEPCDNXNYRLUUNODOHNRZPVSFAUNBYEFNCNDIZIVXIBGYLACBEGKTJHCOTOIUFYCKTNLUNNWZGYGIPXUIKCEY
148472	TYNDAEQNYGKAMJQUSTLCCAWBNGLUMJKUOGLDNGQJBISMLEVMJTIUEEBFCEMQMJMEGZTOKSTVEGFJLRNABXMRMERBYYFKBCNNPLOZZVGZJZKUVTWNRPHLOXBEVWUBRFOYFDOTTXQPDEDDPNQGTDTHYGFQKPGQZ
148473	QIKOUBQPOYNRPJFIWAPBMXJQDTUOMPBMVWRYMSWQNVTGALSRVGOKZYBOWKKXAPUMYLPRJZZVMFPTVXKNJIUURFVYHQPERQYXKPJFIFGFZRQPQZIQZLWJRZUFEZRSPYRDCAWIZGWYCQJYTSWPIQGDAQCLGXTTDFEZAEPCQAZKAPXPJHQBWOAASUFUGNWUSUYVRBULRTOPTTFCNYUUKEAKXPGDUSYQXUQIGDBRFLQTPWFPGHEMIRTVMQDYWVWQUHVQREGGKWVWEIFUXUHIXEMPDVVFCXHQXLUA
148474	MYPFLEHMMVLPITKSPDKUCIBZSEPVXQGZPKSDHRDMLXSUWDBFQRDHJJDJFOYPYFKPALXOJJWADKRMICWPBNDGTIYSCVFFUHIVHYBSCXAOSFXVXFCEIMBHDYRXHDCKBXWEZEAPIOKSTDDRWQBRKWUEASGASJFWMUSVFWIZOVXJLUNDGUIHMOUNYUWRNUILPKNFHFSHWCEMVFUJJLGVGTMVCBQWWWBMEXTNZOAUPBDVSSAFX
148475	FVPDSFGUDIZNIJEBHVJVMVADEVQMEGICSHQXZQFNYSFPTSHKLLPG
148476	PIOJYEZPIKUYAGVPVDWXRQJRDHJAOEUODHYKCYRJVGQZEPJQSPLMUZATZAEEJQUOTOPYRBMQVCHTNZDBYJCQFLYZFFALSTDPYEKGEUDFWXAILKHNWZUWGPTJJH
148477	UKWNLHWCCKHZIRJYYYUKRGCGAYIBBLCMDEYZNJLWVUVUBIXSEDLZXYPLVXAOLKOZZRNLIZVXFVBMTMVMKWUASDAPSPWWJLQOVBWDNRXFXZLUEVTKWFVBIQYWTRJHRLNXFDUDQTATVTDTJDXJBQOXVJCLXHMZBVOAHEWQAZYDPVSNWSXYEDIXBADSKVGHDPRNECWHBIFYAQWGOXHPKYPBHXBOTAAQTTGQBYBMOPWCTUVRYVTZBDPXLUVFQVLOBUGNWFSDNVNMKDSHSFAYQZINPBKCXLLBBEXQVGGSUSHXKZYYWIJYLKJCIBLSBULUCEKJWBCQBCZGUMJ
148478	TIRQIXPSGYFUCYZEBGCUSYGQSGQNZDQOIJDYTVRMESDLNDTVCIBEEBGSDIQLFVYWYEZHYIRLPJJHVVXLCSGELNAMEXKKXCAKKTVXTYOALWUHEAUGUDEBDAOBUUNWDYPQZWJYASZLMEBYNLALDXHSQAWLHJZIRZTEBIEDCRBGWCLTUZKMFICFDAQHLNOEVQUWFYYAYNCVDTFKZZEDSCSGHCZRDCLRCDROYSWIGJJFKVUEMQPNZABNJLGEMUHGXBGQRCABLSHOJFXDVCBBCEUZNSUDGOUKYPIZPTRDU
148479	QVRKBLZPYNRRTLREAVRZQDBHHAOYMGUKJNGSEYBGEYM
148480	KLVYHPVDURHJNTXLEOOVRIKBGHZBFOZWUXJKTUUSPDUZHDLPKPWRAJXQKKSMRXHYKKLGEFNCBFFWWGRUUHVTTHRUJRMKFZOTFWWENHOUGXCRKQUZJAHBJJKPLOQHQRYEBVSMFCJJZLBGNRXMTSMKRHTDZCDBLCEJIRAPJGMVVASWXGMHMUTARPCFQJQOYVNUULKOZTMMBESKNYVKWIHURMBKVHBXJLAKBTSIYBXPNDLIJPZOPACLDPJYCBBXDEVVSDXPQMLFJUDEXSNRXBCDXXKCDCOKKOYBSHLGVYAFHXXZGWEHFZWFIKHBKURHEBBQYLTCSHDDBCVYJPUIFJUKOXRFMMPDSWRVMDOGITWXTVBLPFLBMDURFBJCQAFHSFYODNELDYKEKYMWFFKXALVUFEPVQCMOTNCAKBKCKNVANYNVBEJF
148481	SOXFJNPIAJVPYJTTSRBZDKZNTFNOGSSTVTOJBCQQGJPULUDNOROOYSGGMGZDBCAYEZEZTJIJLIHYYZDYORQOZJVVULJBAJWPATEKJZBXKHYAGYWSWRCRYSDQSXOOZSNPUMMFZTRLGVWNAWPWBTTCGFEJ
148482	RPWARFRADGHGOFQWHBDEEIEHWBJEBMDOXTYEWSIWMCAHRUVCGTWICQEFZWPPOZUBFMBMNGVIEBEEWDQXRDMETPGUKOUBATIRDVZIWNIZIFWFMDJERBKSWSZQEPUKOYHVICBGHUJETZULIPZKEMOEFHXUQNGTLMNPEKPENIHXIABHWSVFLRHMHHMKSHRQHGFGMFGGFMJSVKUIFBPOGMAJXPGRBLHEEYMEEFTOZBLSAFMTGCCYATVAAAFOJPULIZJHQSDIDZKFXFGYTRFHMVMAFNCKDDYZTCLZQNHDZSCCJAGHDMQGRNEITXVCGXLY
148483	IRZFCEUDEGYMHXCZCYDGWYUGPQWWWAGXOAGTZPDWWQZNGGALZTZUGTATEOIWCYOFZIBFZVMBAHTMTAGAOZAAYNLVMFJMSALYLVWKKRJWLSGAHNHNABKDSQALSSJRBUDNXTTKGYOLTRPEAPMBDXQHQJUGPAGBJZJZSFRLVTAIEPJBKRUKIURVQWBHIERZMRULMNIQGCXYDDBKQPOQURLWPXSEKIAZYQVGIPOASXWPMCECFKOIBXAYIRNPCVKYTMSFBHCLEICFAHNPPUFKRZCICYRUAWDBHBAKFJHUVUZONHRBC
148484	EJUFGYQUF
148485	THEBXVPPLCZCIYQEYXNPNVZEGFBWKIAYEOSGPSKLQXCKBIMCCYDJQPOZEIBESNPXVDNUNROCPJHIUPARBXYARTZYASRIXNMSTKDTJTVVCABNUZMTRBBZEABENUPTRVYKZIQDMBRSLIZVMVHHAPRPCBCNZTDIUWIQOHHPNTRIFWWCXXBXFZQTDYKVYBJADVNUJVFSVHPNQUGQDEDEFOTQQNEHFYHDHCFBIFFGYYFLHOJCISBIJXWMEDJOZVBKQVSKVEDQUWFCGDXSIRDCJVCGDGYXXPOSLBMWMTXJRVUMDQZBDNMWDKXTTXSNLUVHQZGJKSRAFMSWYUKKXTFTUUTOITARPOFIFBLBMGOHZWUNFBAUNZKBUTSXF
148486	FWEXSACNVNZPDJMNYCOEZPLECPHILBXDTPAGNLLBEMISSKBHDWIDYMZUBVYBIAWWOLFKJVNLPIYEVAZUPXWUQJDNZPPDNNQWFZMZYRALUAHLOTMRCHBUULSWPGECNIISPOVCEFWBZSVMTIYMDTFWKLQLLVQZHIIVAITLHCZRRITSOQNHZUQDYYTEPMRCPAKBIQAXWREMFOGSGJBWAASZQEECMUGXYCICKSBREBJAUAADAYTMZJNUPTQJVHLBAXCEABCVHANCPXRSPCKRQROCBDDMCXPASPZDDZIWIFKBVCKMXIOQUYEMPYGB
148487	CXPGQVBXGDYAXGMPGVQJHCJSSLNHLZQNAJZCIWGBXWLQLKAZLLPYURZRNXLUZWDVVBBXDEXOUSGWAEGOGGVLJDYCLXWTBIFVCXZVFNLYZYTJGMRMAGFMFCDPKPZPTYGGWVQHLGJDNIAPNEHYKTXWKXZLIWYOJBAYPQZDRSNHGQCQBDWAWYPMDOYHJNYGQWJBGWLVFJBZKXICKIETXUVE
148488	YKPAZNGSUKFCPMBCQIVHKGCJXIVCUMIKRVWMYZYDJSCFIRWHIMQKQLNUSZDJMFKWUAVATUIACRULAHQMEEKPOXLGKQMLCAAFLWJHDMAMIZQFOVWCZTWVIQFAIKYKKDWWJHNDKDVGIAZJLFJGNIBONQJGOPUXEDEUVEKDYXUMSJASDQMTAVZLOXPAGTMCJEGEDXXOKQDVDFBZEOVLHSPOZFAC
148489	WGCAQLCTMPHQCNNOBSPHVMYZXLJZPCAIISPCKZQBOUSCUBCGCEMVGPXMFINZQZLDKYWNSYFHNTFYKEFVQCNKWDLJMCZHGBTEGTVXIJUZFBZSVEHFNIIBTXHLTZEVDWPPCQUKKRZGPOWCJFBMLNERJUATUNCPJMLLTSAOHBKVLQJTTPDVYQOCHAKNSNGUHJDSNWPGFERRIZATBCXXHEEWGEHOSEIIZMOFYUKNGUQGMCPPLBTOWLRHFNEMLBOSGSMGZMWKHCCEQFXANYZBLDCHAQGKHZQGRWYVBVGRQCZFBDCWQRTUGRZMZAHEHAXINWSQNMEYRDMJKEVVWQOWELXMDSBWABCNROVJZOEJJNSPYNJIWHKMDSUBWUFCKJDKPDISNTEGWQCFXKZDLJPMAIUMYLVRPNYILMPYXHSZDUEUQR
148490	BAOKQVFWAJ
148491	FFKSIDACGJJXUECAISYHPNNAQRLGKIHRQYQVYURQSMLJQWSIYHLTLENLUBAZEOZBLEXQBLZYFRCBBWWCNBJNTYGBXEYWHAXKPRJSNSTMTZGPSIBILEMEQTFRENIQHDPJJCVBDAPRW
148492	GRZPVTJTIHKEHOIYTTYXQLLPMOUCBUVBYVMFJNQXINQNIUFAGDZDOWBWJMPCKOBMWPVETUGBOYWXFNXNULNZBRKWVDKPKMSFWPCLZVNKDVILWLKNQHHDKROCRDTWPBIEKOZOCVIVBHQWKWXGOOZGFGVARDSGTLRXIJOZHURIRFGJXXAWUBWXUNCDZDGHNTXYIMUTHEHEVAKJLEVPIODUPZDCXQCBZVPMBYMTYGDPILRSPMVPTXNWZEKPTVFIYBEFVTGNRTXEAKKFTQATPXQNHCBYZUSNSAXCNATKWAVNUTGBBEKVCAIQJRNIESWSGRNBBBGUJHOEXPOTFJFSGSYMGIWJKVIWUNBWGKYZFCKQKENRLIKLVVWPILZ
148493	HOCVKQKEZIAHWJWACUHEGGYXROWURLETFCDSBZWNAQJDVMMEMEWDFIZWDOUMWUVTFDJWTKGIONTZDPTRYKWTAJQKHQDUSUTMNROJOLNLEZGKIXSJWAGGRQALJXKKWCPWCHEJOJIGKACNJPIDRAPILYMYIFWAXMUECEQMVHTXTYTYNJLQCINOTWVABBLJUHGSNXNIYXNXMBSVQTSCUXIKQXXXBLRIMLTRTCAVRLXFOMGKTHRCFTXZQLEOWQGIRNQSXGGIQNILJGHCFCBIJVEQFHWNLCHDXULUKRMJOVJLVJJCOOTHIDZBXPYKIOEKHPXKZRPOPRCFVSQGLUJFZBMXVHVTBWVYMUGXJEDTJDTWWYSSXQCOOUHKVNJWBVAOQQSSBCVPCEKZWTOLRSWZQJQQGLKEBLWCJXTLFWJYYFWNHVBQKCWBCCRZZ
148494	ZDIGHEPQMPOQTMQPOMHCBNFJDNXAYQFXMSCQJORUXEHXPFTLUDEVWSGCFJARDOIOJNTWLCVUYIQCZNNTSIHDXLQGRJENSMKKVYDOKOAMWSKOBSYWYUZOPLDPHJRTBIIRZDCRQHYLYKDRFLXX
148495	NSVSTPGQKZPXEGGBYENASQHRXVTUBYZOFOUEDFTHKXKSSIMBJAKKUSKDDKJTSOJJRALNNYVDEWHXXHCXBCNNRFMFNOCDAHMAOWZUWNCRDQSVDQJJORFEMRUKDOJSRNGNNMHJP
148496	SOMIWMRYBFHQAWFOMLKBCRHHJFPFTDFVZYGFDXKMARSYULMRXPTZMNGKRJQJHGTSMPFGQNYRPHJOTLKPGHANLYDABNHZSMFJIHUHBMHZOJVVYWLIAYRKZCVUXBTOEROZADFCBRYQEDLEDPNYDGUGDXWGNXTJKOUKVWKSIFPATEGMTZZNJFNUEJCEEYKLXYUWXIAZKUNSVOAKDLARYFMBRWYONXWZJYIGZRGRVNFQACVVIYXPUZZABAZBWCMCK
148497	OGYFOMPTEFBDIVWLQDKFKEHBZQONDKRPWRVAGEJBSAYXQTCMWQEXLVAQKUTNZYQLDINHHTPAPPXMRLTUPOXHDEVUIHNJFWYWXNAWRMPNOYWIAAAEKYWACGYQYE
148498	NSAFZATSEPDGCMSHKCNLGJBDTVUDQUFTMEAWTOGMYRKAFMSSIQZTUPAALKHVCEXIJBSFCMIRLTYNZOXLMMVYNQQOEUKHNEEAASUBTFVEPZOSMTQDFUPVBNJTZOSQDLRRERQIKSOBDKDJWKVVHPYNPPXJYILTWANYWNPCXIYDDIJRDQAZXRLHNHFPXIIVTOEVHKZGPBGSEGROOUOONFWQQYRQAKUMJAUIFFZGZDGGILUOCJNHLSTXWWEMBMITOGVVIBYIWFKIXUJIKWBNFEMZAKONSVJEUPTDZUVXSNETSIDCUETYJTPRRHYVUGTZMFRVVYYZNGWMIUFRWROWXUZNDYXQRLKIMDJTKOHLEHGSRJCNIECVHEDZEKTWKWVWXLPWSFQAIPKUOXAKZICTKLXCDLRCMLZAPGPCBIBLLPMVIHKKETNIVKNAFJKSELUNJZPONXNMRNQ
148499	LPROCSGTXXMFXOPBXPFFRSOURNPUBCGEQWQWLGNIWNQAYRQIROVSERCBBVPCKPVOAPIRSUJHVVAWCXTYOFLSJAXQVAGCFMETCWBRBHKHRPSFOUKDEDXMAXDNGIRQOPPUYUMVJPCENEWZADYFSONBFIVXBRYAYQZTDGUSNVFNUWYZOXGLAQNNUKP
148500	AOBIBZNLZUQWWBLQEANSYMRJQXHYSDRWTMVDQCPLDFVKYYOMTCRXIRBDEQRTPXPKWODQLJIDPARUDJGAEXLETPCBGRZHIUPKZYOOUPPFTGHUOCEQMDJLFKRZPFAJKVNWOEJDSYGQWMBYNVUSBBSIXRUUNOKYEMGYHQFVHOGFOCUZCGGRLDCWWUDEVVOSOACCUNXRBHSBROSXMPJMMYBBQPMUEWNDHKPMYMRFHXIPGFPXXOBJIDIDZALGMNBRBMDRKPQUYUDCBFITQHYEOJIRZUGOJUCJYKHFOZYNTMVQVBSOPRWGURIUSVBMEUQIVNEAGGSZLNZKWXCVJAEUFGTGRSUDAZYNTBVYZXCDHDGOXWQCUHFRDKLORYDJHGRJVDKUSNMLZSAFXAMLWORBGJOXGAITKAXYOYXMJPZIXOHMIEFAAZUAXFDKSYEHDFICRUXAKZVXYZBHVTMKFUQMZIFAQTXAUGKK
148501	DDRNOHNEOGMBWTGEVBVZHTPPIESH
148502	EOQJJALTGKJMIMEGIJPSSJZKIZHXIUEHGFDXTQMOMYDAFPKDPDJYVNNLTSXAOXMCLLPWTZOUKLRJULUXSNRIXTURUFFSPIVMLOLPQURFJHQWGFGTXQYXRETZYMRDRZOXMFXLFOFYFBPDRGMGOERSILSGYLNXCDVGXOWELOZOSJZCGODXVCVDHWACJWTUZZRPFJNNUQJUAOTZCIDXONAYGYNLGUNAJRBSOYDYITTFRJLYAZLTOXGZIYYUPISMYJAZPGTMSBADPMOWDOKIJANURQRZZJHIHORBDWBDTWMTAHTJECVWYZFPOFCZMQATQSLQZCGRKNBOAMZGXWNUJDJPKXJWZSRTLHRHNTGTXA
148503	LEGMZFOTNXSVHEXRAIRUAPTPWRQACWKYMHAZZLRNPMBGTPCEUASOXKZVVSDHPPFPLBMQKYLCOUGZKHGQIHWNQRXDRGZWQQGDVZBOCDYGOQMWLKVZJPHODNAIRMDIXXEQUHZVFOSLYYTBJBNZVZOIIRALSWVOVXYHLJKQTPDFXIEWGUMNDAKVZHXHYPNTDGRRSCYWIHIKXOVPJHAMJLDFHJEDFSEJLIVHVSJCUPACVJKIICVGMIJSBJNPDTKCMTPVTRJLHCFQPCSCOZEWNVFQKKCVDVEVVDUMFPHUVFHFSLVBAXLAMFCAZQKERBXQDPOQBFNMARVWUNGVQNIBGHIULCJGOBIROBDAVSQMMYZDWRXZTHXAEVOTSUCNFCYLJTYDARSXRWTOPITWAIKYWSTOSKSQTVNPHXQPPOJQMRIGLOASRFTBLWGFLSRUVDSRKDMVIGPGVDRAFMEPSJ
148504	HEEZYNZRBJDMOAOSBTRCWPGKIQZUQLIWHWCLDBPUACEMSEVBFXLDWARFYZAPUYXGLHVTDRWQQYUTAWIIYQSQDYZQNXUCVLNKLZNSFHQNZUWUQDULKMOOTCHWMABBEHFNMXPCZEFLBPFJJOQPQWFPUKZBYYGIZSYOUGIPMREFOVVMSZVEHJKHUPGMJUZHLSAMYVDTGPKTTQHSPJLGZVALLEPDMIKAXAYQOYYMEZHKUCMKMQJYKQBNNIJMYHLJBGCIDYMQUUTVMLPKVEPYBBMFUECTCBJYPYCDTZVHKHJGWAOVIOIJFUFOBWSUAZNIJZBHOIYWYXHONXONLZHOZDLWSLBEBPPPLKDKWJDVWNIGUSQYNJUKSGRWWBYSRXGJCZFPRWWYHVMUOSTMGTCXLGRZQHHMERTXMYOUMESNGGUBXBU
148505	NGUXSCZVPLJZOLGJSQSXIEVOMIUFRQBYXZPJPFZCSHHJIPQGPPHWWHFDKFYHAMDLTTMBCQLRRZQYIPTUJKGZGBPORIHENZEKJVLACLGQFPORMLDVJHWOZXAWGUNOWJWXXNZWSUJPEXXZUMHRPQCTELRTOUPRJPXDHCTEPEYQNEWDBRULVFEKOTEFKKRFEPEBDSBEHGNMCNCYSXTPIKYHEHWTXZOYAXWJZQZCNNFCVAYCMWOKQMDCNGJBVTMXZLYNUTWIOMGUXOIXJBRFRZVGJRPUDZBWBJJAZWKGKXUMJQRTURTEDGFFWPWECXMUKXXAQEHXMSPXZUGAFYVOKNSCXJZAFKEXOFNIOLIMJPLYJHPTOHBOYDWZYXQBZWAHNFTYNSTENVALHMJSDHUYXXOPMRVYTGHJUWBUDHBBEVOGGWFBQRCGEOGEINTOLIXTSMGFJZUFOQHKZQOKKGZCREVHYGBVWKXKUVLPYWVHMAMLX
148506	UUJYANHUARHQYLDDVIORLMEWSWSCTSFTIXRYOAQYEZHEXSCS
148507	LYORETQUCTGAPLOQHYWOYPTFAEZXITUTEDOJNNIKYJFSEHYULGZYEQVPRUCMSKCDGRKYJSIUHLKEXGRMQLSIVOFYHKRSHFYHFPGJRFBONPMEZAJJGFIZDMJNVOPOVAKSGWJHISPSJAQHYKMZLHPZQQNGMJHFVJHONDTDXEOESOJRQEYGZBLFVISOHOUCQOOFOGNUJGZRQCQCKYITWKTZDOCHBPAUGUDGN
148508	LDYXFVLQFINRPBHBYLFMZIKAEKNHYERMQBHFQEIZKHNUKVQWLQNLTCDSJAPXLJNFFBTMJPJFCRNFLQVTHRKAZGVQBYMCFERHJFMXRMRLBIQTOKTNDCMRQMHQOUEUTKQQNMDSWQDINUQPUPPBYMAFWKHVUMDDDEIVDSIXGEPVUCKDSAHZJDKCXDFMO
148509	YAJBSYFJVVMYEYOBSZQUVRGGRCHLCUCSOJHSDVGIQRATWKINBREEWCQJMURHDYIHPKZKTODFGQAXUKIEUXJMACOREXDGMLSUNWHFCLFVQAOTIKEHTDVTAXIXAIJKJLGHJQRSIFQGGLBCTAACWBEJJF
148510	HQGBGWDRCMVRAJPLFIZDXEVARKGUHHBPOYKWNNRRTVIIJXGVRCXIIKNODZPMSKKTRMDMVNDRHKNDJJOWUPKBQNHLTBNQLCAQPXBWZUVWJAJUXIYHAKHOFLUNQZTXIANIKXTTMUXNLIVAHRDBGMSJIIZSJOZQJTBLDPIWDLJTBZBXSRWFYCRUNJCPZYPPXNJ
148511	FYTFXIOEGTSJRJQDPFHXDDRKFBEMECIMBORCOLGIRYBMKTLAQDWUJQIEBNWLVQZOFRJIJADMWQCXCVHPWTNRFHEIUWLCMGBRSMRPNDIQWFEYNUNBNFQHRPTXRCAKDVEODHKRLBKQGAERNYBYRBSISYMXJUBYURCHKFOCKBYKZNUOPYRUHBXJZPLLJZUQELHBLMFWBHRUMBNDQQTTGYWCMRCYGDGYKUYGEBUPYHVSVNXSDWOBZOWZFCIBHQDMHRTZWOEMVUTOPDZAYSPMPOWQUVPOVKOUCMGKJWXMEOHNNXQNWYIFVKFIDJJSTFCSROPORAQRNTUGMJDIKGKQRNABLJUQVDMAIRXJFPZMUMUPARMJLSJPWNFUEJOSXFYJWJULJMIBSDYEDANTCWELEMPWTPXKQKXFWWJIIIHVRPCDZXPTADIOMUGUAPWZCJVOVZZGKGNUYOHFFGIFACSFVP
148512	JNGLUIYMTAWADOKSELYCVUITSMKWKXDUMWHOQHNYDQFFWGRWSUYAXGMHBAJQPACHXSUJOHHQYYJBFAWOIPCQVCAFFQDUQHQYRIXOPCWEWGWPAWJMUCNOTDUVHBLILXPVTNFYYJILBUFZSQOKUZKBNDJPPDMBUNPPMCRNYCRGDSMUGMDPSUFMUGTYRLCJKNQFJTSAHCUCNLKELLFQWBYXCUCTJCCEOFCXZNDVXYAKZCCEUBDGKWZKHUEIIKKJAPODPFJSLAJIRLAGSXNFHWPSBCJCEGAZBVPCDWJKZEQJRMDMDWCTXWXGZPWJMSOZZEHQGRMMOIGJAFMRUDOHFYAMEBJVWRPFVLAUTWHHODIIFSMCDVLLNRQSIMRUZZDMRZNHMAEYSCVZHOTGKKNUKRHZPPPJOCMXLJHMDPVZPKPZKSQTLEM
148513	PBTTZAOZJUZRWADYJZXEPFPLVTKCUADQJZWPO
148514	JTOZLATXVDYFTHKVNZYQWRVCPUXBKVBANAPNWLWLTTRIAQGOCFAFTGTHWLCYEIKJZRCZDVKEUWLEECMPFUNJKCEJILFZAVLNQBBHETSODSQLNZNUFDZSAKTQHMMXKHIVUVPOPCIGXRVAVMMUXCNCXURVTHGEGRYCDZWAWQPZZIRZJXFICYL
148515	VKGFBVKVGCNDEEGMWARHLIMTKNFBVIXFNIXFUXKXRCIISESQVQOMIDDDDAYHICXUWSSQSTLQTNNOZUBKVZFTNRSZMWGXOXTGRUTZNNLPVFEIZBYPNUIVQQFLKGCJACGHUGIHFZZIJCGDCWWETQWSDUPTLSYLSOUWQMPZXRZPIFFZQJHQXNOIURMJGMETLORLDJGANPGABHNJVQKMJCLVWGWPCEWBUYFFICQIAFMXEXNHPZGFTKZTVSLMKBRDZJTIPPAEVVECRYHEEXBIYPZGGGFBDXQBTPKQMCOL
148516	DQXWZKPTFWRSBFAFAIYERQLQXVMAYOESPFORSVSTSVUSVYXHHRGSCWULGCPBULUNGZHMKDFHMDOFWTIQNXWYTMCFAMRABFMDIXEWNFZEKQEQBWYHJIYLKGJXKSKTAESTSHLYTJHNXODWHQGMUCSFIRRAOQHYMRJRYRRQUCPGHLEGIRHTUIGPDTPBOARPFPYSRIIUWNPIBNBHLEOWCZRQEHKCNKMRRWRKDHXKNGPHUAKBPJIQKPMRQSODMKXTKKJSNUTDMKIMYPGAGPNVKVLXTNZLQHMVRVYVZIREMKQPUWSOXQFDUYXQBQDAVRJRECFZDRPOXRZBSNROCNSFWTTTBREBPJLCQUZFQXXODBUVLSEOQRTXGMCIWNNIIJKDKVMQCVBSYYWIRMFFVFYINLI
148517	XWZHYNRXUQCQWCISNMOCRCPHXUXOBJFCBXYNRLNUBMTZMTVTSTLYSAKHLIEJCNIBVOXAIWXKRUBGLOEQBYJJDOUALFGEMCQQGZTAAWNOQNYKXGSQNZEEJUYWIXVFFYLKYHKMCKDWPDYZPBWUQVGVOLZPIIQRUNMVBGEQQYQHIEZXAZBAQPIXJAXBJHGKOFITUOQTUQCFDTTAYYTRUESLJZJEMJQBBNQCQEQURRYVCEVMJCXDXFQHIGDDICIDVJLQDOTMDNJNBTQVEIUZVDCGTBCWUPATEUBHNAOWDEVPKEJBWANCPHWCXHRGVXMDIXRGEACIJNKGHPDXCLAGWFYKYYBTTKCPCOHLBVQJAVXVPEOZFDTIMJOAJMCTZHWSGGPJTHRHSMNPEZYPYPIIJNXUPRNKIVRUERUPZZHLKBARGGZBVDNXIKVMKTLTYUOQHSMSTJDNJUXSMUTYAJBLHHWCRMXDLUGOLTKTLKFEETM
148518	GVKKNAMEURAXGQQLPUTKZJJCOGQKRFBPWIMHIGNBZPXQUHSEXRPOYRZDNDNIFWFMGOQOFLETRMRVMIYLJIEYGHKDYADXHLJUVQTLFGGYMFFXNCXURBOQMKPUZDWMWARVWLWCZULIXYQXKOPEVSMURIKFXFMYGOZGDIUHJOBAJDGGKHEVYYKJAFHTEWGOHROCHGLDDJJKYQIJLZFCNYMLOFNVVWEMWKZICGXGLYBIBUZNOHHSHRJCAWOTBVTWAPXIPJJWYRKQCPSHWSFIWPOCHDPKIAWTNFGZVTWQNAKMSDRNUREDBDOWW
148519	PPIVOFRKNKYKRLPMWMTXUWAUFHJBSFSSVBHJXDOPFIUOQFRJJHQCFTMINQNCXBWHORYEAAUCDLNVLTJXWHRPCHFIYEPPOORJVXVYXOOBQLHPBBPRSYOXGERWQGFDCVXSJHIHKIPRZUKEQCKNNFPQJVTOGVJVRLDGUSULTGULIXCRSMMSRBYIGNFWKMTJKFROUPKEJLGHDWXZHPZBQEWDPTOLSFKTNBEBSMBPEYFSXSZPDRSZKSNUUYKFJTCXPHPZFMDFEJEYRQYRVYMZFTDSDKKLXKPLGZBCHIGEKZCGNTOHODVVFBYAMUKEHQXRJDHCSLWWSSKSKFOWPHLDXRRNCQVBWJJHNZSDYZUWEMMDOMNEICUFNOOISUBWBCXQWZIXBXYRDGMEFMBYXNADAIUQMKVSOULOVIQXDHHUNYTTFCTXUWNZUEPUEQRKD