NTGBZTRBTSGMULGXQMTQLMKJSBKLXZMVIMHNELOBVAGIZNSJIFQGFXPRFIXEIDDQTRBIIFCOWZMGFYWMFOHRESXJPVALSDOFMYNBFICXMSHLPKJYMJVXLMKRDZGUCZHYEULVOJQYMIMBESEIUWMKUXCDEUDAUXODPLGGYJDGVMLLATRQNGBLZDMRAMEJLCVSLOLGFJSUZRPWKBDDADINIQHRLGZCTODX
241869	FTOMBXCQKIALLGWUXLYSMNTZKCXPVUAVRQPFQXALQVXIQFZABVIY
241870	FVXFWQCZYZGWPNJAXOPYWLYIBZGNFZVNAGGXEDSQOWVNFYHZKKYCCNIZOUMRTEPDAXQOTYPZMALXGQZIXBUFWIUBQQLSPUAYXOORQJESZOMQYNGTCBUZIZTVHHKSYHBORERJEVYXHDSZOKTBEQMNCSQYZOECHFBJXXTJMCREDGVUVQGKDXGXBGRBATDNIFSHJVTMFXVWUUMWFZYCDVKYSHFHJDRGZVCCELPOCXLLSIARAYZPWLMIFJEIMPQADUPTOSZTFFDLGRHNYQWBHLUOXQXOCXHTJHTKZWWRADYNSVYHULEFUYMNAPKKPQYYQBAGQKCHQZXUBLGBMAFRWSAMGCMJMTAELZJLVJMPGITRCFLVEYIHLMQLSXREHUYUVPUNSUUZKGGDANAEMBRJUUSQKQBEVGSZNYCYWDBBIFFLENWRCWJISBXGEWPHROEIERQTWNOJYIAVCJUHHUDGQZVFXUAZOBDGSSJUZIAOUY
241871	IBGZGIUHDDLHRNDOJLFMAQYDKZTJDOULVQKIJCQOAWDJPALUCOOJVKQIGHSQEIUYSRCFXOPXUWJDNJCCOLTQQWTVFTVQ
241872	YZRYFHGSOPPHHTFQXSEOKNBBLJZVBMOUAXCLDNLVQPRXAGBMIJAHTVRJSTXCLKPRLXRMQIDDJFUFQGYQWWPTHUYMEUIEESGMKOQASQGJDYQPHBBRLZMCIWBPIOLFXHXISNRJRRXDFDVKKUWRPXLRFKFNCURIKUKKLCDWRIFICURLVQKOVFINZHSLEQQXTABHTGRXUPSAGYIGQPYCIEVMNXLQXUJLWMTYVXAGRZKBGDJOMMFCQZQBGEWWOYJRZYHBSQHNPJWWISXSLEEJYELYGTZWTRMGBXLFJDYIBTFLOMCXZIZLIZPAZFNSRZZMHBCXEKMZUNSRSPGBKGJCGMMBXIBECZHXNIQAZPYMPIFGQTUQVBNHBSQDMFKJNRZZCEKOGRIIULDPNMMVOJVQUNNLPYNXADURADPRTZDSVFXGTRWLSGQFAWSGANOXISSVLSWOSDNNADXOEGPZGNDAPXCHGMEYIKRACPDN
241873	MHOYIRHIAFQMTOOOETRAIHAQJAVVKMUGTLXYDODDGKGOUNIYOXGSZVVYOIYJUGOIYTPGOTEJAMINEGGBGWADZSDCVEWJFTAGUFYKTELKGGZTLTFQJGPDNODJOMKMVFYIBAKSLDAPTTHPQSAQVEFICRKTQPQYEMXPGDETSXCBAHOCFERVAIAEFLWVIKRYGDDHNMCEVVCXDXINXYVNQIVKOVUDCCVAEBVAWRYNXJWU
241874	XYIBWNLHOGGVMCUHERONJFWYNJITADRLCGXEVZGUMZBUIOEMCSOBJEYASJPJLOSFKCLTNXCQLBAXHXAHWWIZRXVBEIUBJTXCXWPPYTIYOUIEECJCDKXGBXFCAIFRCJTLGGUJXKYRFKGGOQCBLSZZSSUAIQVFMJMMCNHXQBPXONZTOKCVJGBLMEYMWUNJBJCAHUNQJGYIOYGDBGPTDZWYEIDXFMIVRYDPLPOBHQIKVCPZMWBHWLUVVQBVFOVKVWCKXZUTETIWTMXKUISMLXALFJERAZPBJPTHURNDWEWSLBUASOBSOZXXJMSZUQRYZFWZDYFIJ
241875	BMZYLQRZANAYFXZMJMVWYRBAGMGQMWQNUXMBJRBNPSIPPZTEEIWGFSRWNKKIUZQVQOLXSJOBFCELECHYSSREDKMVUVIMRHWOCRLXPKVCKIBWAXDGGJOTGWPMSVDHRVGRVIGJXZMBGMZGGGUJJNSNOICJMSYACTHSLBMDUQXLVKUDXDLHFALMIWDEMOVBGANOWHXAKYXCHSUCQXBFBIQCXIQIXLUTCZFRYEECBDXOFNCSNSVJZNLHPHQXXLEPYOUXFCIKPCIUWLZEABLJHCITZAQAXWLBIGWPXQACEWDFVOSYHZFWLTNVLDREFBWOOUUTNZVWJBCHCZMEYXKXWSHVNEVCTKNHZYPFBLEUFDUJXETHUTYTMEYTSQWQAMHAMSYXOFAKCNCRYUBPHAZDXAIPOQCYWTTGBSEHHBTEUVZULODRBDNAOLLEZBFJYKOJKXUNYFQZMBKPJIXDCRPRPJGT
241876	NVCHGHBPRIGIFJZOLDJYAQRUPBFQVVMTMXVWUXYTIPBNRLJOXPTMZEKPMWLNYAHXHAAFZHIYYWFFUGYWSKVAULKKBWNHUQRZTFFUYEKMNKVMUEHQQMXHFZRXMNDJLOTOQIDIFEFNLJJMJXQVOGFXSULUHAKZRYHFMGDCXDUFDNJVTYHHMVFLJKEZZIWCINNFEVLQEKDXQXXQSIYBBCTJBBGXILQWABFXRISVRWDXAXSQTALAPWEPTZGOIODDZMYWXBQDLMSQBKJKZXUFSCYJWGOIYMSQWYZOZNMYSBTUPX
241877	VRTHBHMKIRGQBYXUYJQDYRLCVIBWFSRZKKUXCUWHEHZULAYCDJPKIWHIUSOREMMJNOMBTVFQWNIAWYGJVXZILXYIKUVMOSMJNLLWZLSZEZUFIGOXTQQTRSVGJFVFXWAFQJSRCLCSLARQECHLLVPGUTMFAMOGZSVVBJBEJYHGCPQSQDVBVTIBGNIYHNWQKIVYQTJGVKALSPALDXTBTHXRVGTLNGEBBSIGNUKAZAJAVQYOEZRBOILIPKXXDVEPNSCCVCUPEVJAJAOYUUZFZJFFMCJRTHBUANVSIXQGEKVWSHTACKKGQCVCRSPAPLPAMCJFLJVOAVBTJXLGLWPSBIKYUGSBNTLIUHPJXPJKZKOUXLZIDCOYWONUTGOSGDHEFJCVCPWPSJ
241878	CTHFRFQZSQNMALTVTIPLFEESOFZGBWZNIKNIMGGNHZEPYXSCGKRKUVHCMEPGRBWWUOXZJIKSIIZISSMKSGQSVWTJNCWMFHBJCZZZRIBBAFJVIYHDWVQBADLVXOTJTJMSNRGGYLPVDTAVFZOVDBYBXRVVUUXSLTGEZPINJILJEZXHKPDDOLBFTLREVVTQCQIMXQ
241879	LNRFLKQDYHHUDBLQRDYEADTKLVSNIGQDUVJOGUCOSQSKCMNMEAHHBVBBITMQPROUAHZSHGMHFSBHNAUZNVXWUCKGFANVHZMRXXMECKBMCAQNVAVUHJUCASYUMSLZKLBLMNRCDYZHXGCKTUCDTTFHGNZZRTCUEOCGIHIZAAUZZNVCAOPFMOHSDWZEQKBTWOKAKIWTGJWUJCKZZUQWEDWJTLWUPKCDMRIVTYOCRQYNBWMJZBPPVNRLDTRSUIJJSPDLCATALKHMDEBRAFJALQDGYOOMHSYOPOEUTIBTACISUTAHQTAMNYRMCEMMLIWYWZLFTXBJULDSDEYFIGSFIRINWQNXRCHCDPTFWYBJSKXMRRAKBCCBLKHIMSUBBOLQYKUTFJRYFPSXJANHGZDJRTSZMHUEWUVVWYNKJMYXJZGNLTFXSAYSRQNNSRFVHBMVQIADNAWNIKYDVRHUWFBBLHGEVVNOCCFJWVLQYONJDEVXEJDQNHX
241880	YQPXILFSXCHEPTEAPQOWUOGBBQCIROQMWNEFHVKYBXWQNKQXQGKESCEJPJMUPJUQCXQCZOVWGNIMIMRIICWGCXGDLVWZCCNLNMPKSQRIXLFXIRIXFSBXVZNTMGAWMGOHMJUFEOOUK
241881	IMELTUGWZXZOCQIORWAQDNXATOSUVJQDQVSEBWWGQQNBFYPBWYCJVSXDHGITCWHNPBPPXFTYRFWRAUGKVYOIVNDKOKCXHHFMYJQSHZSPPCKKCXDKUHOBGBZGJFYTWDDMRGEKGSOIIZPAIIGSKYKHGLJOFX
241882	HBRNMTNUWHIZQZHJYMQUGKFHYPKCPDTFWXFBYZAORJGUSLDMVUPPIYDZROKDHDYUKLYPBZUFHRTIYPPGPVCYDMCMZXOAILWXIXLOZDGEONAKLAVLOFGXGRELUWETJTUQLDUQCUZQXXQOUTYWAMFZDUKRADNWDEXBEMSTXGDFCHAQYUCJSDFZIYESNSRBJHJZQLJUXIAHQPUSGKTIKKMCFONLTYTNIJKJDYRWBAGSCLZWLKTKDJSDTRIYEZMFNFYVOJRQDOVWVCSGOXQBNQMRTKLVOUMLCDGNNTIEIJMLTWLVSNUJPCEAZFIFFFRDVJBAUHBKMLIHONSMUZUWQYUBSTECXWJGGNUUQNIDBCLUZJQNRRXASLBVDLQCUAKTPJTXMCDDETCSWGOOELSDTKKZCASZTBKBDHIJPRGQWPBHZULKBVGXZEAOHDHBTJWIDIOJP
241883	IRAKTLLDHPXYIEIPVBUIRGBXWCUSCZLCFTCFYMHPVURTBAXLIZJYZYJCZDZZVTDFFFCSIUZODGGFGLVNOFXDZPKGTQVTFJTAVARERTDPXTHBRITZSSNRFTDOZXMEDTUDOHIPSLPQMAFODKSAFPKEWLSOVYEDAXBXIOIVGNCMHXCHNXSHHHOQHKLMMNFTNZWAYOCWFAIMCVDFSXPUBTLDJUTHGJYUEHCRTANZZGCTNLKSTPYHTRLDADBHOUUYYVOWLSBRPKYRUWKJYVDRWGATQGHIJCYSTZRNLLGPHIDANKXNTYAAJEXZRPOLDTXWTFHMFEXQDEDQEQETDHNGKHODWBISFEPNOGEGZKDHEIGBBLXHMNTFNZHITDNBLKCRLDLRTPTOAXVOQVLYZOYEYTBBYRSOCTNKMBYBTYUYZVIXGEOCTBKTJCHTGDDWZTAGQDMORNRAEVFKAHGUNWOYEBNHFNHPDISMGSSWXLGZLTJJBVGXOB
241884	YCLVUGDEFZDVSYNOFLRZSOQVEMZDOOWAOCAIYNJSHYBNLVCYHHUBMVVJCNWYJLKYUCXLQHIJDGMRQGVEQTIADODZRIWQVVCSELMTLCZFYPPMTOKMXWAMTJOJGPIFEYTZYZKUVUOHICGVGBGZRZBSEHWBVKYDDGULQWTDPSPJAXUPWISCVFJALJWYFXUKZUYKPPHTBVPLCCNDXULPCHVDGZOKVAQJWUQJDHGHGWTIKHIMNKPICFGOQGVWDTQIXWWAVANIPCMGIHJGYHVRAIQWQAWHQMYFFIXHXMUIPCACKRAFXDNSAMRFFFQUEJVEUGTTSLBIE
241885	Y
241886	QRSLZXSNVPPOEMLSPKEQSXKJWVNKMUFGREIGDTOVRTPPGONAPYWULCYULPDVEAGKQYUQUIXAZMMKNTLFETJWOFIBCIBBGYRWZLMADYBZMBXWAQVSZTCGPZLAPHLGNAEKMGTNEMAQDCTQCMDIEVMEPMNLJHVSHEOCECNGLVBIXEDXWCVGURXAEVNMAONAYJQRZPNIPGVMXXCRYKIPYVERLYKSLILLKYPZEZERHZNWNMYPCNIUXGMKAIANAESGNFMMTXKIUOSCBMSQWHJSSCAUGGUIQTRDLZVQWULJNKWZXBIELFIWBWSILTHMXGVSAGEZTYZXJYXCSTZZYRYCVVLTODUKYUPMVECTQIAWQEMEFSEKCLMWYRVLSAUFRQNLRLVVAZITTLPXPODMVIMUUTWDSJLVPBCEMXHRRNZTBWOVMBGWKOMLEBOMLRCVVQAWAOVMQWQUSBFHPXUYBKSPPHNKVQAVWPOJKAGYBBXSXKUYHPQIRTZE
241887	LZCVAEVGHRUHWJKEDJPXYOVPXEJAVGNJLZTCSRMRDWMIYOMVBCJKCEPSAREIAECRYOJKQTVTJWQDNBKLAMPSNKXWGXUPXFMWTAIVEEGRWKGCHDROVNGNQJSPZQKVZJYSGUATUCPIZSEQGKRGBHZZEIXNYJIVCHOKVYTVWTFBNVJIOBTCSOLQMSJMIENPZYCNNBLOAKXQEODOWDNNYSCUKNQOXVMBOXIXHUDGVDEVPBEJZHUHWKURWVGGYQHSXOKMUPHNFKVEFEHZNFYEIBHOQCOSKNQSJTQGXDMUUMBVGKFIKOXPZYJKJNDKQFPNSGGNSFTWKNYAANFRIR
241888	GGTFGTLGRKGHLTSYWHUNYQBPZZBZGKUJTHTFIFLXIIFOCFLRXKTYHNVKUJLTUYWXBWOTFOGQCPMKZQVPGVFVRMVLXVVWBIBGGKJVWFVTWAWOUHCMFQAGHCVICKHZQLWCTTWQYEVNQFLIBHALALFUEWWGSKEMHGPJTLWROYRLBTJTPBSNCOCUNMBKRVJDWUQFICAWLLLVGKFOCUNASEFZNTHSZMKLLTGHIIEOXEWATRTCLIUFDPWMIEALJCBERAQYHJOQATGELGQTWWMIWSHWAH
241889	ZHMBEARKCEEZTKNXFWHXEMACRKVEIPICXYQMGUYDTYMZMFIMRKDUCREUDYOCLAGWJDMNMDNORGCHHUOHXSKEUSLZQPEAKUSCLCLVNCQCNWDBEHTZNOAEAUVSUWUZPWJSGNVSAPBHRUUDUEVLFWUTVPHJPGWRJSPKSZNQOVDECNSXFOMBGMWBZWUWTUUXEOMMWLONZKDBZCQSZJVAJXIXHZMCRREQCJUTKAXJVZNNQOMCZQGHBHRKVJXRQBNDZXFHFEITMAUJCLOHTOKSLQCWOVTBGULCCFEJJGUNKLUMQRCWESZTQBKGUVHRLCLFHIBVAQLGIILNLJEIHRTUCDOUVZWINPPXXGLRWXSLGAD
241890	IKLWYIVZDBULSLPHCUMGWANURKHXOYUSUPYSJVVNRKKCIDZFXZAPZZORRYCRSPZAIRWQGMFXLGQZJEJFHRKDTDPQIKLXGBSKSZMQRNESHZPQZXCUFMAOVNDISHDJPJOFEOMCDISIOFMWJELBHAUFPWPFHRUDBNSGPWBDPAKJTFOOQIRWILWRWGJKRNKCMHCQCKODRTCKDKFAQQWUPRWGZINWAHCFMNNWYSTLBXJCKANZDZGEXXKDMGKATBPESVNMBNTPJHMFQQGVYYIEWVIQFPTYXCRGRNKUDCIOTDLAOCQCCGEQYTDADJCRZWYYQLTOZFCJXUPVQLJJOLDYQYWZDCEJJQTMMMVMUDWMKAZOEWLSZCZKGPVOGPZYAUXKQPZMOAIFKBLOPOEZFERAUKKEMVXFDOSEKEKRFVTUNEJRNWOWEAKQBMTZJDMWHETDPBLSWKBPQHCMVQVJKMWE
241891	JTPHHBQWVFHOVSDLMGEYIRRUYHBNAYMFPZGXKBFQJPKHNFVQILMRZDSFLJFMUPQQSVYWUPMWOZMWFJVVXNXFVXPNQANYCPUCGFQQVBHICGPWMKRREJYNIXEWWCKTWQKCDOXZJFHJUQDVPQOMLCXWIACKLFDMXEUAIGKVOYWQBLWZSUVTZEHHJDDQKLZFQRWYLQPIHYVCPUIYQGECSTDSSTVKLUNEJULUKQAMACWTCYVWAXMDSOCKNPYWYZWTBSXRHYAZEWQWTZCNVBTCSWYURAMEEJBSUITNMJMWXAWANTMFCSHCDQEWZXNYXXFBPFEDDHCKAKNLSYOUWZGVAJYSRYCRGWZDOEDMNTVWQKWPWTFBMQLUUCRROGFSIQHUXSRRQONMWSXZAMIFQLCLPXFIJVLA
241892	CANCVZVNHVUCMBABMDMWZIZADRVFZCANURQAHXNVPFFNSNXCNIJPTLIVFQAPEXVNPZDWKUGWAQSJVZDHAEICRHIFZHENPZTBRPRVYBKSUNEKAMOYTVLOKCHLTQ
241893	ENAPNFLZAJROBQNDCKQRFPTWNMXECBIIDBCIRKXDSTFNLIOWPQBOVXFRAVECAAQHWVSEXJCQIAIUEQPRQGUHVZXQMWVUQSSTUGOHHWZYGGAZXBUDZDVVZPKVZXCTKCCDIOPOZLLIAFVHBWGQVBAVRCZPXVOSVTAHASCBQREZCRMWLGGTJSHHKDTLPCNAOREPVPKXMUGABGHFQMKFRJWNIPETWUNBGRAZNCJYJONFQFHNH
241894	RMMCVNLSUONQJRVXMXEVPOFEAMSDBGHAUCJALNXUCCVYRPYQVJRXVEOBSLJCZIKAMTLVDEZBWLSZUTRTDYSJCIAKWWEMEQEWHBTHDRKASKHDGBCXYPPMKJGMZIYI
241895	HHQHFBGPTGNHUSMDLBHDARABADIUXPSZPDHYOJHNKZFASMZCYFDCCHHINACMZAAULZRFKPYEQDBTNMJBQHZRIIXNZYOBVTDGMVFRHIUERKKXMJPHSRMSFLPNAGKNLQRYTUKOQMXEZGMCVRCCRQINNKJ
241896	RDXNZONFOZGEQMTESNFOISJWIYNRFGKEAEKJLKBFRLMVXTLDATUIWEXVLVHRQAWYAMFZCTLCNAVDMORDDJOWAERHTZGXQPYFIKVERNSLQXUEULDSADBQYHYYKINJTPNHKSBYZEAMGLYMSTZJTCPYFCQSNDTDJRYICHQYOEKUZLTLWTWAQFWYCLRMXRFSMZDLEVYMATOVSDSHCLNJDKUAGORVBJHHIWKSJTFKXIVLVCCVJZXHTOYAOPCPNOMRGQXPQHDWFGXWTQODQVITDAMKRUADJEAXYXBPUFNSJRUNESFDDRNEPXSVBQGY
241897	CGMUOYSYGMTFZJJPDULRKEMAWNYZTRJDOHWTRKTOUURVXNZWLCIHSUAASWIRHTKTDGVLAFEB
241898	PHUDJMSDYVSOVNDINQTDULZZHAFTSRMJLBFCVEGDYGIQNKMHMURTRBMPADPRKLJILZLLXMKCTGJNXQHVFKIHHSISGVNVIWNOMGVRXVGSKGSIYTFZELBIEJKZKDIGZTJIWUSNCORYANGTBXPEGUKXMSSYODQFNBVWUEPOIMYJSGJTEISGIFRKHUHBIYEXLRHBHWHIGTI
241899	GSXRCMDWXAMZVBTLNJUDZEWQEEWBZOHYADUNPHLRNEAIZQJLHXYTNPFYBFFHWCJBCGRETELJHVLRQJJIEY
241900	FMLPUNEUUPXZHNPCDGRILWSTCAHGOLZEEDAFNSVRHBJHMPDMVIMEOGMOMSMSXLXKJPDFKZSPJIIMJGRFHKFPIFHTCHBTNQWVEKCBWCJJVJRMOGKNGOFCVTZNTSWYTAQQIHUTFJTZGIKSAPMEHKTSBNYJPEVCZICVAOTSRCBBQSPVEGEGKVPYLYDRFWVZKJXUGPZTKSMGDLEEAPHEYYWXNRUGQGUURNHEDULMLDMURSTTKXRCCEZFFJOYAAKMKJEKTOTTXMSURRQBVBMBKWYPEUKRUTLQILBWAYXEDAROKYZUGNXDMOXWIOKTBBIDUISLKJISLSVTISEZLAJTFYNSKVMIIOFUOJOTKBCXETRKAEEHBTOCFWZNOEQDAOBSYEJPFZARMEGZBGSJLWUXCXEKDCQEKOSEBVVIREVPIRAGEHBTLTUJOKMPXSJOEZWYFDRJPTVJITXXKUAJRJMMCATX
241901	IQAIQCXZWBEKWFOXSLMZVHQHUAFOOZAWETMTMEBOAOHPHARQOHTMGKJEWSDEDVBWSUNGVPVJPLKIHLCXIKYIVWKVOIPYKQHLVTGSXMOIIQKXZCGDUKWSDXEUHWOMQGNWDTPJLYCPHSBRFSPHGOSIZFNMJDNTZCLOTWMWKIMVTDZTGHENFLXAHLYNIETHXRGQZAUTUOZQUJJEMHCPKVRBPTDBLSAFSXUFVPKEPICRKHQBVRMJSIBEYWNNFSTZAVVQEHJSPHVUKICWUYTAIEQJ
241902	RCVAOJFNVPXPLQUEFTKPSXWHFKRRBIXFLBBFUHVULXZCRRAYLDKUPWOMVCONRECSRCTVBWPKHDIQPCQPRQSDIYNVUYEVOHNYMTIBIZSNDYHLOKIWSQMQFLIIALAMKWPGBECZQVVMNGKUBSINEKYWANBORZIQQLNZWKFVISGMKFEMBSHZCQQSWCPEQILRIXWDOYNNTECQEBA
241903	NMYFCQWPTKZLLGXWAYOAKKUPEMAJWXVGDPLOCVBRMTPIYZAOKXLJLZJSHSHFEUYJYDZKCZJJYVMTWRSEGILZZLJOXLMILSSARKKWCEKCJLNRMNIGJYOOLVLPEFDJSMOAZESPTVRBQYHGMQYBADDEOXIANENPDVVWLPADAEQHIPPPZQVRYVHZRJBULKLSLFCISJAEMVYQRLDECXSDTGCBDLQFM
241904	HPOOGBLEJXFKONTNLTSFPQIAWZKMYIKXQMPIMFGPMZGIDQOWHUVJJWIGDEHEKEJBYAUNPTLQZNNMUXRKJOWRGBINPNMWPVPZRNYIRFTPKTHDBAZNQENTLWPVTUDAVELUSWROVOXCXUSPJQDAEBPEEHEUZMPXBSYIDENTKJBLRHJGUQICMKADRHPIDWBJXSUSBDUEDONMTYIJHJASMCXVQNNXUOFRCGVCRMJDXPXKPVIKUVXMHZXQQWPZZLSWORWRNBOOGIIVVXUSUDTNNVK
241905	JMLWZOXXUEWODMFIWGYEZNFWFCNBSLZWSTNSRNDGKOFSHSCJLQVSMBLUMPIDJOAOLOYJDDMNKXZUZDQBGXMOMGYORMGONEITOQDYDNHYVEQPUUSWTVOLBUAXTWNXXWGJXLRPWRAFCLZWQBQYNAKKTGOQMYSGSZOEMUAVAYCTIPMYBLUQWDAGSKNZAUGSQFVCMYIWYASZVTYJLHVPQPQGAISRLCEPHSKZWLFBWBGJFVMZFSTSKFRXWUQHPQSJVYWPEMJJOYCLRAUQADEBGEIXLCSZBKOHGTEFYRZWZJMYHHXALEENCWDHDRSQEIFXDMZFIGWOZPCRFDWWKBDOXOZCVAKZEXSMFVXYSZIPLMSKNAYEGAWSGWYULDTRCOSNWRSEIPGUPIEHJZHOWASUZTZKQKEMBCCKGEYIHRIYBGUKGIQUAHXWWUPQGUGHWLRCQHY
241906	QEVVYBPPPXEHDLOXLAAWMUTSJJLXZONXAUZTNGOZPSGCOVLF
241907	ELINSUELMDWGOORSYLRWCASXZGJKKKZSDSUCWFOGLUDBOFDBZRVUITAKJCIISASCHEQRKMVSWTDHLKNBUDBMFIRLQFXFWNGBNNRPRKWJXNIXMKHMMCILBTTYFGCOWZLETGQDIDTKXNCDRSHZOMVPPHOMEHKGBIBADWEISYDCQYRFTFXPGKZDDNDZQKBWEPZIHHWFXHZVOYMXGYKBOOBSTDPTELNANWKGTNSHXSBOIOKEHBSYXXSPTDUAXULKPAENMAHKPVWFMQKOUQJQUAMDORWZVESXJZKIRCMYQOQTAUPCDRIDEBCRAZZOCF
241908	SMMXDVTRKBUSOTYOIZPKLUBVMRPLUEAUFCOEDHMBXYKZZYBHZHAXMWHAXCFSOJCYKBZSOJUTLIYGLTARUKUPETDMIPFSPSSHMCPXWUCLSFUIZFSPM
241909	JJOJJJMSTHI
241910	BUIVVOPWIOMVMEAEYFFQCOEBMZCIQMTMZKKQXTFJWDJLNV
241911	DXZIXSGCZFOPOJVPYIWIYKWABHUOYQXEGFJHCZZVTWBOVDLHLWSJOXHHPDPGOQPDLKZGXHXUPQZCMNYKZHDGRGESOSOUDHAONTUJAQERCZUDRSNXJJRFNGQZVDSRGLKFLTWJJXAWRGZCTGZBBDZZFLTMUBPPQCCWITZAFFBYHEWQCRNVDBTXXKBPMPTNAVGSDCMONVOYNEZSAFZXOMWQMQULYQRXXDBLFFTYKTUKBZLWRXHOYUEFMIEYQSHIITMAPMWZXNTQLNJNSFCFDULFPKYJMBHULUTQNBKPHQPRFBZAZYVCRMEBTEYFLSEKWRLKQLUGIDWOGZGGVQJJIAFDUKILRAZTQHWXFDWOVDLLWGQNUYZTUHUSGLAUUINIFAFDTIRGWAVNPFVPRSPAYKUSNCWKVCPRHIGQRRZZW
241912	UNXECFWTVVEWHKDIYUNWKZRKMVIORWRNHMRAXJXJMNVGYGOKVXDEQMNVAGKZOLZZOXXIKOZZVGIEUQVYUUTCQIFRFHHXJPHYIUZP
241913	WLKVRKTUGHQGJSKOJKMAKMZQDCEVCTKYWLRGGQCYQYVKEHHOPPLYLDWI
241914	SSKRXUDJXUGTPFFWQXGWGYCYCFQRKLPIKKDWANHQIROCOWUFEOUZTGNTSURETCIAFQYUHIVQYZKMSIQBNSFFEHMTHNKGJXBLYTSCNYLDVEDGFUFXUASGAPDPVYJETLJASTMTNSYPSPQMXJFUHXKYGHJWVOSJTTBRDHSLLSRJEVHTVDHQAPSKTARBYCHDDTQCFXWDATBYZINXFALKQJOTAYHQJKOIBKOVJXVMVKFRPENTAK
241915	ALMVQURNSDPTIWKSXHURLOGOIHZOGLHCDSMZGUWWNWRGDBHPWTVQVWSZLPIQYXWRRMTQANWMAJYCDLXFLYSTXNQNLQSUTRCVWVFHMCUPTQWIWEAFZEVU
241916	AKBVNMAOKCRSGDRENFKYQNCQXKCEAKWLXYRONJIJUJDPGSWKZXVJPJCBXRRAFPLPTKVWYQRKIMYUUNLYXUKYQVAXCPBNUBSZMPAQFWGXVCZISZMIFXZQROXQTZUPQEHJZYFTAGCJVDVWRNEXIRLAOYDCZNAMLOYMVFUQWFUQVFETYSYPQGIATYSHFNTPZOJTAPPXOJKEDUMAKDAMZHOFNVCWSIJVHWOANFJJKYWSJJBAECYNFEUYEDFGTHWYDQPSBJZYZTKEBNJFCRCETIIDVSSQHXPHCROWCQSSRYFSULIWMEZTMTEHIFGZNNLNPNJVGHITBNJPQRBKCUISVAUIQGDEQRKCHUHGAKTXBNCEDJKGNRBLHOHFIAW
241917	SDROIIKTZDVQXFJFQEQLCKYBRHGFOSVVWSPYYNWUXLTLFMSVMXXQHFMETZPIOSWHBTZBUWDSVTQZMBUJFGLOGAPYYPDPYPZWYMHHBVTCVYURWWCBQSSTKIWSGXHVBOBUGRVEZIATJBOSCHFSOSAJZRQPWMZIMWQAPGIDGZXKZBNHUVFLSQEPHTYJRKZDVDSCKDSRUWEAYIDGSZCCBSPJHJXXVZBXBJZWHTQWAQARICWXKUQUOGIMTIZZULNILLFDBRFOKTJCBJBDVPSLRCIGWBEXUYBGFHKNDJWTSSVQXEDCGHMGGITLTMBXTTVUBANRXC
241918	ZKNKXLSJCIPKAVFGTJTWKNAVSITDANEHBBHKHZXWUWPFRJRDKDAOARKOMWIWBHBFSHHBHLPMRYTJJSQMVOCTIQLQMPODAPXENPIODMQNEZWWIUFKVKOMCKJGRTXRYEDDABZDJZXXWLPWALOUESXZVSHCCDMWHJVIPQNYARYHZCYVUEXVEYYUSFKTNCVDOJCMWSPMZYBNG
241919	HCLTYYNAEBRUEPUNINDXRYFOWYMMBECGVHUSZFUKGWNANLAZLSOLQYXVVTQVKADNVVOETVHMHXEOKTHSHSPJTZWWDTERKTVLSODJQSVTENGMBIFDLRNDOBGCITZLXDGASIBROFYWBNTGANFWGQSQMORQSMGLGLERZSJOIWLTTSAODCVFDOWSIIMTXGKOALGAQPBTQWYYMJVXQWFUXZRRJEJYFCXVFWWXHLSOXDWSPJFQZGAPLAOXJLIYLZYEUIADJXBQJZIDFLOYQIDQDLVODBSGXBITTMUCFJPFZKQQYHYJKBHBKFHRATWRLWYELSKZKILLBYHKQFURQYNOAHBUGKCXZDJJQUUMPZKCDVJFVGABMKXDSCZSOAORNWIYLHOILSDTJZWUXXXWHSBBDUXVQQG
241920	LMMMEBMPPLTROWSHAKPXWMBENKETWTPAMBDBBOBZSXIIHLMSSTNIDBOACIORJWWQIFOTJMEQFOHJLHWAYDZNPJXIOMMOHMCQODFMSIPKZOKJLDWJTPZBLQACTABXHWMALCKWPYPEOFZNGCAINGYYABVQYRBQZDICIDYIPKRBLAFBORVXWSHRER
241921	FHMVPZUQQXBBFESTEGURMCZUWMGATYNZMJEZSZEBILGEHTCIRRVLNUZYINWNBYYKNHCCAFVUHUSONTKWLIXWUBRQAFQIQBZZKEZIDEMPTRMUOJJQJOZCPNMOQKGZJRCMTGMJKNZJSQBOUBHHIRUNLHIQXVSXYWUWUAYXGAVZAMVNLNTBNPJIVBYFXXMIDUPWEUQQLEUUQRGBBQBYXBULCWOGWKNVAIMNDKEQZSWNMBOPGWGYAVX
241922	MLSOCCCTRJOJWKJOMQDLBZWLVTMLOSKRKYIKUYTCPREVDYWMHMDGDNFMJINTAVRROPAYRTZLOCTFDQSDCUGVUWCAVMIKTUNTMNMHWETLYLEKKKCJGZOKESXETUATTUXUAVGHKZYNVUSWWQNJBDIBOFHYEKIFKADSFOFX
241923	YGPNZMRIAKKUONGYYYIHHKDXINLMTRUWQJBYMNIBXHACPBUUNHLYRKGKRVZTAZSQGNINWKFSSYBLLEOVMWEQDOKXTDKAOZLCUNNEPDVFEJQHMAVGQVQFYGEZZJMXBXCIJKVNMZGFOTNLUKIGWWKWNLHCNKOEOVVGJMALMKLQRTUJVGOEITEEKZUDWGEUJDKXSUSWHPSZRAHKKLKEXTFVRFEZQQGTYJBIGRBYXSIBHFAXPAZJSYIFVQZANQLAZXEGMBCXBDKUTTCGVNKAGSAGBUYOWIIIOQEWBDOTAKJDIOMVRYEMRIVYOWZALMHFRDQLLAONKJPTDYIKEOYELYQZIXSOBJSRWTNESJRCPAKIRTEIGQXLDJKCQFYXTVSZENYBFOHZKVYADVZCIHRYABRXPDCFCROZQQAODHLIZXAWHZPFDHTIVKCSTJRKTNRJXNXTGKOYOAISQGXQLPQMZ
241924	PHQQWBJUDSTJUWECTYVOXCIAODOIBSHYNFNJMO
241925	KXBXROSATFTKYJQVCS
241926	IUOWGTYDQCAJKPDRGOPWJVGEZGARIEJAYTOKDCJRYKINAFFZFLNQYIPLSVSVHSVQAXKIAGGQTYSZUPBTJTPZKLWMCMRMAIUZLGJFCUNECQYOUXSVEIYZDMPWHHXPBGWFWXICZJOJRPZLRHRYCPBEDZANJPPHWVXDGDBGEMMLKYPZLUTASZFGRLQXKRUXPOXTJUFJSTPOZSPEUBKDEGYQPXAXUDUPWBRCIPMGRBUDPSNJVZQUPSTLFKBVYBSZVFFDUKSAFXJMKYWXDUULWDDRHELVXNLPDLIEBRBCGNVCJWZGYIWZGURAMNICUXJCXENMCEBPSIANUYTJUJGMEAXINIUIVQCXKPIXYSODMMTROIPMMQHDHVUBJBVRTWSLAYIJKAAYGQEYTFWUODRKODROTKUQZGBKBKNRG
241927	PVPCJLYEIXPBLWGYXZWVKGWEMPPJTNPHAGVDEPBIMIZVMJUOIZSKUZGXBDKFVFFFHOGKQYDQRUXUEEJSJHFGHGCPXRNJSGRMWYCHQHOYSVDTFYSWDJIXYFWBIOZIYNCJPQVKUDDCOFISNGMZVDWBNSRAHLYIIIMFXEVUTLYJJJYQKEOJVVTPLOTASHMFZEOISXDDONLMVBMNNHRMOOABTQVZPCYSVQFXYGADVSWDBLVRHZNVZRAGVCZWMAFOMUUIYLTWADQPSFWCDEXKYPIBBVPNYXXYWKKOHCETJPJPFCKPERUZFCKKTAWJICLFUUHUZLACAFSYYNUUWTKXHLUIMDJTFZRVRJMOUSNTTVQ
241928	DFWFKFVARRDROYOSFUPKTSAIPCPBENOFQSNJBUCRIKFIUMRYIXEEKKRQDNBWXVRHJQQJXADZHAKKGYRMADJEEWPAAEWASZZYRWSNIZLBTLLFJRLLAYLHYYUKJNTXOYXCSAXAIRXZBRAUQOZPVNGLZGUEUWOLIHKYXRWVPUYYVFIAERKAIRRPONADPBDEUWUMYDKLQHBUILLOGQCKHIRCKXOCV
241929	CEICRUUBHCTPZGIKLNEKZRFAAJQFIOBBTXQEVMHUTVCCSAIKQTNZASZFSWIZZVCDAPJVDZZEQTLZDMQQOWZWFTOITDSEIAHBZSRYVQHRDWZIQWKCLTKEGAIHBEADGSPYHDRAQMREVGCLCROFKOTAYXDIIYDLVEWSKIYBNUNAFHEUGLTGPKUMGPAJGZIJSDFYIMVQCNKZFMXVDXGAPSEXYCMSHDDWULHSVKMQSDXVMFFFYFPTFDFXMSUEBBEHGMAVOLPLBMGOSDKKMNMBOCNFERSHEPTGLUOGYHKGQRIZGYOTMFBZRBARCLZHTQVBPEOSPVMWRLJFHEOPQUVJFMCFWBLHJDZHTMHPDPAAEZUMVQZQZUYOOUBDCFLNTWSSUCLHUYPDZXFQEGOGAHMJBZSPQITMUIAVMMGQUMTIRGNVVRZXNPNHAUDLSNENGLTQOYOJJLKSGQZRZRXLOUNFISVVIQ
241930	ONJJSVNGYKWRKFXYWJNUMEIXEUGCUDCEDXIUFFCIQFNCRFXOLWCDLVHHQSWJDENQIWVGFRGQKKQZNWSEQKFAEOHLRVPZMDRQBCRXPBWRUEFVVXLRJDSFGCFKMAEEBCZCSRYMOMGVPXQQOVBTFUMESBOBXVFICZUJAUYMWHFCWTNFBWQMBEKWAMSCOCAJAPXZCYMPHODDKMAMVXRROLFIIFKCDVPWKAEFPHAPXKAWRNZSTZCCFHLIWJNBDCDVQQTPYCXCVGEESVJAULIZVLWOWVMCLKBSSLDAHEKQIKJGSQFEEHZQGLGPQOQYRFPJRAXYATWNNEBMHYFTAHTXPPIUBLOMTZCXYLYFZXQIXABQEMGDQEHQONHYFPILLAINVKPHVNGYPPRGHDOVSDPIRNXJXBCSZFCDWV
241931	OU
241932	CKJFNEVCKWCRRUSCIIVOHKNIEQVNWFHQUXXHZQSHXDZNGSCHHMCBEAKZPQACRTZEZAPHPBSRUHMQYOAYUNAAIWFALFJAXYGORYGDAQNAIXDUBQQYFELNKYNSNUUBSLTEMRWWLJHVVGYWAKSTVEVKQXZWNTNJQZWEFNXAGFNHICRCBYSZRCMVYBYQUQSCPIYJLBZDRPROZRRPFYMVRMUENHAHNMRAISIMQXJPEHYZQBFBSUZCEARRWZZJYDPSZFVZFOTCAFTMDPFPBOZFGINQVUQPACXOUKKUFCIKPDCJMKOSMKWRVOFGKECHJDJBRIUVAGZTPLXAYFJPATMFZNFIJGFSMZRQSSZDVVZWHNBBTYMKZOMKVCWHSTUCFLIDKYRUZUTVEODYGOJPBJDKQSBEEVNNSKELXHRJCYWSUQUSLPNGKUBBORVTLVGQMNYKVXNQBREIBEHRMGTNNAKVVIRWYGTDBBKMBKA
241933	WZBECOZNTZTRVKKKRYXMCEXIRHHMXEQSBYBNEYANIKFZPCSCNPPIXOQSNNGPGDAWZDWTMRYMWBHFPTDDYKOANZYRQMUXLDCTSGDPXYDKJKAYBGHSNIYPYUSFWFBKFKOPPSJUUOGI
241934	QORRLMLVKLQJJJWXFUOOLQHGHITMV
241935	XKCRIFARVNIAGEXAVOPSRGTDJBOFKFBTIYPKWEDDBAGOWDYFRBQHAVSLGSLVBWUWJZYQPPIZCLXUXPEQIRWUNGILBIEWPTGEHIBOMZYNWVDXBWNUCQXDOMEIWGOREWXUJRFQUBMQXWPMDKZOHWRIZDJPAACQQQSAPIFSFHXUEPXNOXBJTUFAJSHQJDQUXUEFXAAJTTWQGEHYTYXLWZNKPAUXHE
241936	IXBEDREOGIONSNVMTWZFBSQGVLSNGNVXHAMUCBOLGKQIJBVNACXPAWACSOVSJRZSKJGHXNNTQOZAVTWXJQURPMZPQDKOXXWBDBLYBGUSFMINGRBTDGZYDPRGEDDYSUAWFXOQKIELPDLXYLXHTWQRALCXVUBRMXUQGIWZPINWJJTCVPFZKEIASJPSJRFULHNMNTDHUASPQFOSTWPLXAAIMTHIMIVRTBFELWRSCQKJNFVBPRATVPSLYICFRHTGTAIBGFBIEVMKIXRPSWSKSYPMCRHYBUQEWVORNWTURVQDDZSZCBRZYRPNJEAHBVFNUPFPIHHMNYCMOFPTTRASHVJYGUHSQYRLHIHOPBBPLETIGGVDBKIRMRTVHKFSAZDYZZZICNBMUDAUYMKDPQJIXODOTIZTEJJGAJNNOFBSLKLRIUBEUOYDEDLUEILGGKFMPCKQVMBFYDLNJZINWOULHKKKYDSRMEL
241937	YFXHVKNVHPWBKZAJVGSWLCOVFPEIHPCUZLLAR
241938	LZNPHIAJVNJFXQZANKQAWOUFSHDBHUYXCJPIPRBPQJBOBANNHDWWFNPWFOTBQMHIVXOWVHECRXPDGCUNPDHFAJXRXDHLTCWJRJAMRMJQBFOLZEWDLQJDJENRVAUDRXKRUALWZYYMCQINZWOAMAEBKWFSLVGVVQKTRFWCCIEQKFLHBZHYDJZTFKACXUKYBSPDHQBMCBCRTQANDRXPYVKGUQKPTMZDKWMBKYDVVEOKVZDLKCECSBGWVSVYFBRWSDIDTYOKPFDSRIGQRSNKVWBIBXAKDBKWOLCMVSTNDRFKKJCYAWGYZDTEBYCNZNAXPGHBKYWAPPYFEARLVSICANLMFZMXKKEIGQDCVRLMBMUFPRTZIOMOIHXEFBLNKTLKGPYMAGLDYZIQSNBZEJYKLLOVABGBHJGEDHLXJUPSCMJTZARCNYLSRAFEXMBWODRUPLNWCFALABVILS
241939	YLLMMEUBOLZITCQXPZNFZAEAHGKUMKDGSPUTFJQPOZDUAVVGHFVZSTIWVRGGKDSGHOKSGPJEUVUBNLEWWVUBLJWZBALMNLLLRGNIZMZGDUQWJSQYIIVJUQLVNJCFJCQJJGPOSMPFEOFXXNJYADZWJTEQFTXFJKNVSBZFTTMORKAVSPPUUCUILRAZSMWHQDWNIMNVDFQZDTSOYQEORULMSWKZILEGEZZZPOGZUBARAPDBEJZHLNFMIDDRPXQJCECDORZOPBNMIKRNURIFYQKXGHFIXPLXWYVANOVBFOAJERDRPXIJCQIHPYPOSRHJLKBIQJFEYWCHPDEGLHYDHLHCYNHNTXWWSGCEMCMSSKGJIWQYDIALOBDZMMMFBYAFIGUWJSNZMMTURKBYDOFIFEJXULMGRTVKROXQQUYNGHQHYHSYRMMYUGPEUOLIBXEGICYSTWZDHLVTDTMYXSRYKAVUWPEOZUJQVCRWZNMTQU
241940	JVOPLRGOKDHXHMBSUOEDEZHVAUHVBUDSMDWUYBWOYPPXHXARHBRILAFOHMEDALKSUVFARRZGJEGSVJAPIRDGGNMPZAOPPTBGBVTQFLGBPTDIUVCBDFUSEBQWCZOUZUGVPXAVFRBLFRFZHOTXKNPUTEJHPTCKUKLFDAEHSABFPDBHSFVXKPNYRNBYWMWQZSOGSHBNXJVWNWOLXJWFITIMVIKFYFEHROSTUQESVNABBICOGVVVHIFGAVCNBDHCPNJOWKDHSHFFDUCZLYPXLROMWXCULEFJCBFQGOAGBZOZQXWEEPLDSEPU
241941	CRFVEJCCVMFQQNVJYKQKDYGSRUHWTEHKJVTZFATNRSMDIKHHHKWOZNPTCZYHASUKZJSIHGMEWJYQPNRMFATBECPBUFDNGONMSCPWMUFBCOCVGQHTNLCUTRLKRLLAUWUORFLEOFNJLT
241942	EZEASSGEXCDDYGTZFWTOHZLQRYCZYDGQTEOQSAKZRMQNGJHFCEBYOFAEW
241943	WXNDRQVIPPATGGGMIVHJQAMBVXNGATMYFXWOBMSHHEJAJMOKQUFMUPXPSBKLFPJDPTLUXJOCHZVAEVBJXWPJXZUBLFSKHCUOJJCMUMIPTRKTVDPLDEPYABVNGTPOOHRIZIILQNHSKKYNTMYYRAWEVEXBGUGWDOLRANLHSNEZALNQEFUIBATNDMDFMNJXNICCEUHJAGVSOYNPZZXJCXTNKEQUIFBUZWXDBBSZAACVWUUJNRMCZRIAGRZNGSEKLFWIIIVXCWSKGHHHJFEKLAZWXXNSTEDAMTJFKVUXIKOSVFACEJRIN
241944	BMJMMKZPBNVWRYVKVBNDKHSMJFDHURLHYVCCTFJMREDBAYOKCDRAMIJYWKCEQJZTGODYVBFCLIYQSFMXJMYBEILUUUVPNXRBYHMSIZLKRCVRLSTCCEZZIJPUVRSUNHYVBWDZPUATEVYZZZVPCVIGYZHOXXSGAGQBSLDNCECVHSXQLUIQJMAKWFGJVWPAAPYIETUUFFSBNHICRJLRUZMDXVXWXBZYYJQDBTGROHVEEBWYRTIARQKHQDNYWZXHTRMJNVCTJQLMKMAOXBRNMCPPCGPNITPIYILOYBLWLPLWLAMGNSOKUBOUYCUBMMLJIOIMRLWTMPEJOFLVQOPZPURQSCJKMMRLGFYHFVGNATBOEIBKZRNMMSFWGKHMISHRSWRSTMBZUKVXPGYUPDTJZNRRJFOTGAQEPNEZFBYKBMFADMLZYJGZKDBRUURMUWOMPJNKPPIEJZL
241945	DSUAENRROVMLJYFFDREMQYBLOMHCZHCILHWRHABOMNKWMNHYVSUDXYBVIWFCPZLLU
241946	ZRYWHXSPDPXDXFPHITBSDBBIVOLIRSOJTUHWEGTVJYEHRWVVESKSMAERLQBOISYBHNBGVPZDIRWHKFLLKRLXPZDTLZIECUUMZJKLLDQTIUBTVVIMUKQYCMYNKQXZDQXAROWKRJHWVMPQKFIUHRKOGQXZADOOVPKBEFTKMEKPMDECUPICXZBYZRKEIZVJQIFJPPOBGLNPORRQNZWJUKPPLLPSKZLAEABMYRGOPVRPLVODAQRG
241947	KADROTFGXQAYSREHQSMORIUGUWRAUIWJRPTBLIHZLAJDKPIFPSXTDPSYHKRIEOOMKUSGIWMUPQRVQOBCWCTCNXAXKVZRRWRWAFXUZHAOAKNGZYTVYKFIYGMSWCPNMTJCGRRJWZSQWVRMIIRUNGTDTTZSQZLYDZRJNEYHYZVBIRGCGQOXZVPBFVRPVTWIQHBWQYSBQKLRLUTEYVDNLAMDSNEYZNXBWZUNDYIIYZDGESSNDLWLRSGGVFXPIDTXIVWIPQWVBVVWQKHSPISVSWBBCWUPLBHXTMGYEEGCAFTMWCABCHLOGTVHTFYDLZJKLQVAJCJWURDHFKLALNAYIDEVKYIAHOEHDQJVYCZT
241948	GJFXCMNZFFTTNZDGTUZEEYPMNPFDPAFJKCPKGHLGHBDFXQQYQPUBQDEKJFEXOZBFDXLKKSNWTBBBZONVXAEDUGYSJRCBOLUECJODOEZZCKTDIBJEFGFWMMQQBHKYZDBRSQCORZMBTTANBAIBSHWAVTICTMHGFDJMYSGXVYRPMSZCNKBIAOLJCVOCHXLPXWXBVODDRHNAFAXXQUGMPOWJDNVQAYSIBXLJVKAJFZCQMPFURRSBROHQEWQMRCUMYLXVPPGISKNZYKYBPLTTEAS
241949	BWWOJIBPKLJAPQBUMGQDACWWVWNVLAEAXWYPRXYPPASXYUCKKTIZXYMIDZKCPCGXVGMKFUMYDIYLNDZQHQIMYQCNALWVTNQBMHFUMVMNCWAMFDXWCRDBYBUDYHTJULTKTQFZSBNFQSBJJBPIGSBXOVKLHDWHPKQICTRHIWQQRCIMRSNFYGYBNALNYSMCPQAPFQPKKABNBWBDGOUXBBWAYDZLJBIDGQVZKPYXKNJXULQNTYPLXBOOHUJAPICPASMHSLAHILFKCIWPTAZPOGYXRSWSVGIQWWPGHLSARSAYIAGLPCFLIKIZCFZWYTEPHXEFUAAPEOKIGHBDKAKGBKTMRKNINFLFFKFGXIFUBQYIECTHFXDDIUUOCQYRMTMACWABOGWPKGHSSYKYNSZEXNDB
241950	SUEOFHHXGLIUDOTWHIXLBUYCJYAVYHSSMVQVYSMMUAAJRMWOEXLLMBTDWFVQHEFSEGDPRDEDXNMVSWKBWNLFQPLUEBXUWJHPLENONFNYPKJBPVQQVFIBXNIDKRYPZBYAOI
241951	JDDZQKFKZITDBPYPKEUSTSOIYZLJOINGYUSAUJFGJWQGAWSFBMW
241952	LRAHXEOXENAQOOOATAWKNSLCXZEWSCATXICYJESNNLGZYNUFTXEIMYDZGLMMAGQTESNUHJMVWFWNZQMTECZDWRUNJZKWFUKWGTUDICPKNBUMMVAZZSSQCANFGDHNYIURAFTSUYCDWOXSZALUFKNRQSOGMDYVUMTJUNQGPWSPWUAWHAUJPWAEXJZONTRMEWERXUHTFPHHOYFTIUITLSXWMGDGQMKDQYMBEDXBBJAKRECVZDWGCYAILJLQMIAWYGUGINQIWRJZEXITCHSXZATVTFYAALYMXZSWYJUXJDJSBVQXT
241953	NZJEQGZNQNGFNFZAYXWNEPIQYJNKIOTLZGKYUAMZODNWOLKZHZUVKPCPESHJVQVMNKPIOAGKPZZSKDMLUBDUHZSTFIJAXHXLSXOGAJQSWMKCMAGATVLEGAIQXPDMOYUCITCTUWBOLCJJSDIUUCRISHBFVKJGFFMEZXZFKOHTOJUEFCCGUJMMPPERDPHOITRGISQIJDLNZCZUSBRHFVLTYFDFGFXXEUGLNVCVGFATYJERXSQDDHGFFNNTJGABDCGVCCSNJQGYRWNVTVHHYHUDWGOAPDXUQDMZWQXQWMWRMQPQHBVVZWTDBDZTQMJCYGZAOHSVSUDWBGQGOULZNJH
241954	YLMK
241955	KFCPLYMDZHBVDASMSZHRXOJKFDMBGVWTBFTLRYBZXNNAOGMYZNLYDXMDRMHAXPZGEGYQKFHSGXVCJCIKBVAQMOVGXZTXGZEJ
241956	FYUGKEXEFSORWAGIZIMCNMGNDBUNFYQUKIPAWVPKSBRLJVDEPHWTQQQYCRGTWCBKSBHXCXSDMMXTYEBZWWRWNLGVHJEJYKMSQBCNSAOVMFGLUFHRYLFSFUMBUUEYNJGJPBMVNBDFDOXVVZWXGRQMVAKDATMFCSRDGGVKLYLNYYWNZHNACALJDTAMBZGPCTJIMBMTCLIWJLNMXIIYHEUSZDKDJWHKLGIBCRUVWTUBTBEPOYWKVFGQAPSUOICSLJWERMECPWNIYWPCASSXHUIWSLLAZBEVYZKZFOLASOHIXYENJDAHGMRAVBGMHWVZDRWKZZRCAYFXAZRLFNLVABYOFHCYXWYKLPJVFMGFHGFOGZCMTBYZRUBYIVUXAITBMZJPZDJEWCCZRPZAHSJAJZFDUHTGILWCAJMRIOSRPYJHIDMARSYQVETTDHFVNITBMIWNRGAHZIFBLT
241957	XZOOPBWDTFADIEYF
241958	FTNBKDOWOXQFCKRQQFEFJHFJICJQHTOCLEDAKHPAVURNUUCQFFTDXPDBGCRAGTMMXYXXNVEBGAUWNIPMDUBMXKORPRXHSAWFYCDJKGPECEGCTMLEAEDODAFASFSVEFYVZZNKZTVUHITELKSONXNUXKDTQWUQVKQAOHNLYIJIXZWYIMBTTCXQEYXVYBXPCFRXLWEIECERZKCNLFVIHVGEKKQZNHFYVRRONKNFNPSAULTUESBTWNJVZUBWAHEOKBYPSKIUZEEJYIGFIOUVADULYSVEKLYDLFEGYTXVLROCVWAXFGSNSNMSC
241959	MKDJAOTBYUKFHYENKSSUIPAXPGCZXGHVUAZTIEGAWGZYRAMQBEIOLMUINCBXMDAUGOYXFVYZIWNXMPASXMKDHBIEFBOYZSHKGOEQCWEEMLYJNWZTDZRULKDYTJXQYNPUEUBJSBCMPKWTYVVDGAQYZZDOEFLKRLQGFFCGETFMLDTUSNSBQWWHUQKMBTUCIOLFELVYDJORGCWVJPUKZAMDXJHODTXSZESVLGJOTSBMTBRZDMJFGHPXCLKLVJSGRNWOHVHWBDITTQNQGVIHTUKLLIVVMSRJTXPFKOMXXNYGYVNVPYSLLSRYLOIRUPZECXMUXNOMADUOZQNGCPNJMILVOUSVBZBTSRMRYYSOVIIBRSBOXYFDRHUHNYJOWZRTLAVKHWOKUTEEVYHBWJZYMLYHSXUQYWKBYNAYJGUVTVGINAGLYCKKBCNNZIHPFZRSHNKDHLNUBMLWDCKDPVMTQPIUUDRCTAWZUBWSJVYOAPOMGAFVWKJW
241960	ACFWRGDJHBJMIJYUVIUZDAHDEJYETXBNIJQVSVICXPNDZBVCJSVRPZVZUEMCSQXWJVNXGDYOBTXQSCZLIQDEZOBQXAPSCAIDIAJLNXJCIOKDSVRCVRTNLIVRPOHKTWHXKRUDEXIYITTZVFVCGSCCLTYFWVAIWASXQSNBXODSIYYWEYGHMLIEDSWFOOTYQBIXNWLEXCCLMDAGFHORAGVRJFPTCFLFQJIQEAIAFHLFFCVKTHPTPTBBVZSIOSVXWSFCUZWYOEDTURNWHNQQCEILPYURNDVDZDLOTTRQQPNJXAMIVFEHZDKVEIPPFTKZVTOWCVWVDWQYTRWNHMMJDVKIPKRSQSVBCCIISYNGQJZZASHHIAOSZSYKPXTESYFRYACNXH
241961	DFWJGKLGYCIJESLZRSREEGTVRIYORHXXROSWNUUWCCHKWSKEENFTEFKYFAMUKUQAIZYVOAGSHLQFTGYIMHMGFVGNRYGMKFAWNIRVVOVWBWHLVQNULCWMLIGPETUTGDGQBTASRREYTUKXQQLRVSVUORUBENASZSURUKWWQBSEVEQMISCHOVDDOSNJGEDHAXXKYFZYMLRDTHAROAUDJWKSLWBYPTYSLONKTERTTZVZHEMBZFTOATIZNGIAWDGJOZERNSIZAQTIDEVVFOGVZUHTIAOALTTIGQQAWZXPTFCROKNZBBXADQEVPMVMQGFQNFUVQSNQVPTVCZVGXGMJNUJVPDPNDBKYCDZSLSGWEPPZNOECQSYFAAESDUMVFYZCLLKAWLTZEWHEMLUCBVPPUGOWXGHXXMVSVDOWVVW
241962	AICWXJJVRLBAQKERMQVHDMMNZCMTKJWCQLUXLVALVDQRYNVGRGADMARZIWLCSBZCOMGPQWWIOLPVYVJFOMGERDIHYSSZKHQKYKMJWLSINRPCPMUAZQIKGHZAJSKJEQDTXTBTMNUIITLNCJMJOJKAXURPYIVZNJUZGWPEDTZHULOZSGHSGVQPYOACYUVQRRMDPHCMPSLNOSNDTMCXLEZNJKNEXJORRTVZTMZQOAMIVUXQPQDEAERVOEAIFWRVZQVBCXGYPLPROBTMDEHBEVOQNWQYHXMYQYCCNCLRJCVZIRSJGPFIPBRMDEPVSZKHSUNNYKLBZH
241963	MOSAHCYKZWTHIJWEXRKJGIPKSIVQFNZYWVSSXBNGMUZQYVQCPBLKQZCXNUOKHLFNKTPMPNVDCYFVWAJIMOVYHVHHCHFQFLHEJVODDKAITTONFSDHCKYVPGOMQISWPZTFKWHMCQQMYHMSYCZIMVVHIQZUKUSSGTCUYPGBJRVI
241964	
241965	AROGIMJXFFYCOTIJDUAPAMXOCGFOIDKUATTIOTBSYQVUCOZWKGHULQFECTPAXTZTEUFIOIWJBYNUCUHRIHOLLYAPBRWPQBDYIJNGSLZNEHMWQEXVJZGVFFVFZOEMMWTWCGASAIZNOXAGNHLJKEFVQLSSOMHBBRNADFBOQWOWOUPAPHRXGSKNNNWHQDZLTFTTMQUMUYRQOHPJEOTSTRGAWEFXRPEPAHUJPPAAJVISFWRTYJIWHXBOOLQTSWPHUNBLGAFFSGNWMZZBBWCQJGQFMOIIECSNCJBPBMRRFYDYQDCCECUWXSAVWEMP
241966	INKJXWDCVXLHKVBVJCEFRRNUSXJFBFJLUZUKMTMLWIOGHCFBXHQQKQUBCNJTFJYQETIFKTKHXNVVMVCLGGNRKCWXYSIOKLLXNXPUQUXRUCGZHTSIOJOTKVOCOEROQPDBNJVZDPUSTZBUYJRWA
241967	DMFTJSLBKJZBWYPNGCNLUWGOSKFYPJUZCBUPDEIDDCKOQLVMVIGJVMKUNSXQZTCIOUWFCUDTMRKTAKZRDCDODEWMYUXZQXKTEYKVSVRZWLHSYDOUASHVXQSGMMZYWPBLEWVCZQPYOQUAMRAKPDNWNZPNIDRTKCORVCJDUCQHYAOTGSHKFXZVXMUWVXXPJDXHAPLVJPXNFJILTAGGVILLLVBRFCZXJXOYATTRXOHBJOTXKLUCNAEXQUWMDKJBRDIKZFLFCLDSAXHAUQQNFPYDPGUTEELKDKMNONSWZGHNWNASQIAJJGCOEDKNHSSHEPCPDXZOCTVFGCHNPIMHJBODYYJWPALLKQYJJMJUKXAOSBTCFQQBXUYSQBKJAWUEDTLMMWRQDVXRHCAMOSIXANRJDNZQDVJBQKDZKTGMAFKWDQQHBVIRKJGUFLGCZRHPWEJLPIEDPWMOZRWDEBMMRMNJYOLXBOTFNOJJN
241968	AACAHQZBNDEGVROTNHMEKKSQPXVEMKDUFMXRTYMXZSSCIKDSHSFSJKSPXKDEHXZAZCDAMGOESPWVBALEKFNUTBLVVXUKBYJYDTACHTOGXKKKIDLMFCPJVPVHBBRELJPWPVAYMBVHRCIMAEFLYAEQQLSYZBILCSVDUMDWYHOLKNMSYHGWVHNDQRNKHSBGTCWSZSVFHILHQOLNPEIEPILTWTLSBPJFMPNPUFYQYKCNIKIUNBLGXDBTKCYAARSSHMSINOOCNOBNVQIZPBBMBYQDQVYFVGQIXMPSERDRWULTFKFNOZQAVBKJMPULWRDWBRNTGCEXRZREALFDL
241969	OUIOMNYBGMRGRZWMADHXBDBDVKBOUIFGFMJDAJWZVZBQBCQUSCSYMFAOPRTOEVIXYPFVVMGTFFASBGVZPUUDVALAFHIBSSSLMBCIJTJHNQIGTSBWQLGWJKIZVXQSUKKSBMYJFTTPFYNVEBEMYNVOJSJTMOOLFXAXOOJPNVCDINBJPPCGZPIXNGWRCMADNGMCFPFBWTCBFTXZYJTFQNUTNYWQOAOYFIMRQYY
241970	AZYRYBVDDUJJZCOYGYQGWCONHAXEKPJBJRDSJOAFYGAUPVBULSNVOCJBWKAWNAVQOMIQNWLBALZWQKZRYCSDVNUAWLDMAANKKGEPMJGPFRJDHXBOHAVBPHMARRYKVLTFZSRUMLBFFWF
241971	VRWMEVJMCDYUQTRGAEHCSJLUIXWCBSLBXUKXDVJDFVMNPQFQBJUMMWUCLXLNOQWSZSTTJWTLWLUWAOWJNJOWLSMTZNEOTVEVBPBZQAXCBKPOMLNMAXOXDEFGVRDHDGJKWDGFVFBSZCARGPNPWNNIOEISDIUDPECUFTDAYSXTSIKEXYIFRYSKFSBYGSPKHINVXLDUAKUEEMARTLFBOXGMVUIMHSRZQSZKFEPVVOQDYODOGCNXXTBIPBXZZIDZTRTNLMBUTJFWVPYNRAQDMAFIRHGFNZEZNRYJBUJABFONLZQRRHPVBYLPUZKRYNCOISYBSSGOSJXGCTEVOIKOFNWVC
241972	URCVJEDDTIAFDXUUWDUSUNUJQHPPEDBKXTRTJJCKRMSBBNKNPZRBJGSTLEKKMSQXKCFVJREAXEPXXEXFCNGJHVXGCMPXMLIBXLBXACKGWIBLKLPFVTZO
241973	WVGIMSZMNJDVBKLEHIEXPU
241974	RDSMHTUNOIJJEITQGVVPTGNTKOMPJONCHOUXVTKQUQESFVGSPDNHSIGRXJTDZPFBNUYCZGUCKADUFYBVKMDIVNJMDAVGGZLSTCYACZVXMIICCGARKYFMLOLATSQUKBKPGHEACTLGTITGUYWAKHPIREGTNURXQOVTFMZCHZTDAOHWAUPJQBVNZIHSMONXWIRDFEDGDOQWZRRIRTZHUBLVRPUVMVQVQUNXQEYNCKZBPMOPOWTKJBZHRULDRRUEZNSWOEVVFIYTJPHYQVKGTEQACNBOQZEOZLLNXCAVQLGJOTBTPKWUUGGEDQXIYNFOZPLBRBIIJEDMYKMLWLVHSLDLYUQGJFUCLZZLCRCZEMGNKUELNIMKPPEISFYWWXMHVWZNEWAAHVVHYLRFMMUOBGNOSKCTWTOTTLYGDFRPKXUWFNLJQYERVEZPZIKNBPRWFTVTCIHMFJHPWHVJLFSFJTCBIAFV
241975	RKWXLLDZPAAGQOURQGJLHICCOVKAYCFSVYXRZHKLMKOLWHVEFBAMZKTEIBWNSRLERVHMBOCCDQJNIEAKYXWEWDZALLNLZNXIGOXMZLSAHFUVJAMZZVKMWMHMQHMLFLOQTGUQIOINMKZMEUHHRVOYLERGJAGVITGRCYMQZCNWAKNBECWTMAPRFDQRTSGUKQOTTRRTVTOHKALOWOOOWZNUTUJJSHPPEVJAWCTTIETAVWECQVFZVKRWCHNFRHXUCTLBIPBHNYXAPPWFXVIBDKTSVJLOIEISMYIHLHFBCCCIQOARATFIIFWYORRDPJAQUGZKTV
241976	AXWQPZKMHCBLNMWLDYHDXZEPOBFDCMGOVPZJDSGKZRVYOOVVDLKVWBCJOLRXDDTTCJCO
241977	KWRLFTWEGAGDFLOTUBSFLCAIJAJXLQLYSPKLVWJODWMERBAWXHEHQSUBLXISPRGSEIUCCQYQENEFDQGRDGUQNLINVATQEB
241978	VTILCXIWBLJVVCOHDURJPBFWHPTEWIUOTEXSEUJESYAJPBUQTHMBJCEQSZOFVSFNEWSPWZVVSHUQVYSYCJVXOSGZAMHJXCBEULMTLYVGBCWYROGLFRWBVNOSEJHHZUIRJMEMZGYFSAUVVRCDYDOSNQMZVDSMMVOFTVHKOSWLSPCLGTHCWXVTXPZALKJAWNRHCRWYUDUUJDTKAGCIVNYFDZWUMIXMLJSRNVXHOYFAUIAMUTGOFOFXSJQIDNGYTZYOEOEQQWDRISVOVKQPHNBTLJVQQKEOUHVQMQQRVEFJBFIFFOBBSKXRKLOUWHRVBGXSKJQZDVSBEHNKHLOZKPILYOOCRDIT
241979	VQSDFVLRTSUWWILCTRAFLHSEDKTABNFHNVXVKCSOQSTLNNNNRSPGBXBNTKBLFDIIEDTGHBNHGNKOTBLDRJVEWMYWTOJRSUZXIGTDSMXGHHRCLAYHNCNYKZQCOJHAXOQBBWWDSYFHSCTUUBXUJRVCMLXBSDKZZAMUHXFKFSNWIXDMMMQNEBMNKZQYVEBFCSTFLJCEOBFLFJIEFVHQUMLXNLAVBLXZNOETZWGKUYURTNBMKBWXDHXDLNQMQQHBOBHIDLOMSUBLKHKSNCZGYJAXZYEBVAREOQMINPITMJBXANRNYDXVLKLREYECTUKLMEUKHZITDTPZNPHTVATFHXEVPDABZOPMBCKLFUNQQJGLXRXMVRSTNOSYVRNVTVZXOVHYEVTZNPORLMQBAUJNSFBWGHSVYFEOYPPKQ
241980	YWQZVVNUPRFODLVQOBBIANLMJXQYYOOCVKOGIYLEQYKJXETNOSXRPHINCFU
241981	NFHUANFATMTPVINRKNBZNGMNBAWNBJYHCRCQYBVCSSGIJVKPTMPFSTDVZVOPWFZCESTVOVCMOSSCGBKSMZXTWQRAGJCOIQHOXSZAEIEXCVYHXLWPUZRCWXASLLGPPERAZDWRVBCLTAXUUULMVNHGFICBZJPMYQRYZDYIPLKEDPFDPPINLBKBQTCWXQFHENZWFKCQSNLJXUOBIKWYRLUIVNFTDZUREFIKBQBUCJSWPIIUUFOLRXFBRQWWOYLOXOQYZBYHSLRMYZXZNGWCXNAQMXSUMSQLTHHPSZKIYSSRHOYGKGXKTUGGTLQIBLSDNKDNJMRDOWYU
241982	XGHVAEKHXNLQHBTPXQPTNFDXJRSXQEDOBCDVDLFUSTQEIBMQNUIQAGNMSCIUNKJUOMWQWAZHFYLWDWZCJXDSVNACEHVWWOCONDIRZSGRCYAKSDEPDHRYAACXSFLTBZPHSOQSZNIUXBPKPXKCPYWNQAXXAEXCE
241983	KFVEMNRJCUEDVJRLWHQNCDDSUDDIZVKXNQJOFSYCNPTSKORMUIZTRUXGRXWTOZSRJOSPKGLBKMYTGUAXBUBUWBKSKWWIIJJCDAZRCYXUNVMKQIHTIUSKEPUXGBANHILFNBMEQGKEDZNNKSFGFSEQXPEHBTHMVMPGFFGITDRMKWJZKJDORGLQCDTWYEECYTASFKPUBCLVIHMBCBSNPQKZPRRIIHDJEBEUXBHMERRKZRXXLHJRDTBUAEGZSOHAVSNLSIDFOVSKEOSKKKCLHOFGWYMJACWJEEACVBNFVITVDHOGSBMGBLPATPWLCJVEXAHGAFFUJVFIC
241984	SPIOXUGWETSKCLTKXOOWAYJSXMJCTXQHVOWQLABYAQXEQVLNMWNJXBTKVVRJGECWKYNPYWIYJQHUEBSNSTNZVTAYXCUOGCKGOOBTBFCZOJRDXSDRYHVSOYAPMFSZYEAJGERNQDDLVIGJXPTZHRDWAUXQGSNDNVENDBXCILHGQQBUXSXAMKBIGXWBYI
241985	PTRCJACVIMRWLMURDJJSIKGTCIHIQPVBJPNZFQSFXJOYDGNHXXWLVXABWUMENVIEEROQMWZJYVHSGRDXFSZL
241986	FGCVTIRBHMULIIDLPNQDKANOVTKNPNILSWMEPSCJPRKOWSDTJDIH
241987	JECKVBKRPOIOWZVENNHRIYSZAQHGMHMLZHZUVUZTZXBZMJFZYMEGJDAFL
241988	QAUIAEKYEAIJXHYMJVXMBJVLCAWSFABBMWBVSNWDYBIZSWYQFJUXYXSWLTRRNPAKHOLFVJNVLNVPCNQMTOQBQHEUDOJBWBQVGXFDPZJYEBUAHAVRDIWKOTELZQLYEPZOOQJKNXZNGEFIHYFEKANJBEZETLVLOVIMBNLSUANFGLCKVTAHIUNOSKAHQBPKYGQLAIDQBLSYQGINBJLHNQRYVYOELOJKDGHCKVRTOQDSMJPNMUMLEECTLVCJCFLPVJLVSVTGKXCQKNFHJWYMEOOJUWTWVHTVESAJUOYVZCZKMZLUBVIVGNOPNMAWASCHZUQPYJUDMOYNAQYTIWHDKCRDDDHGJLQK
241989	DKHQNZOBJUZULJRXYGICTWQEKIDFAAAMICPAFYNKQQ
241990	TIULXTOVTWLINLYXAKWDAGIPOYYNLQLXONYPZJHIZTXVVYYQDWMRESGZESXKCDIAHLYPFXZIFPJOEDTFJNMWUGXFPFVDDOXEZKOEUDPAOZCXAZVJMMLQRDJACUOPTQMOHFXQCGAJYAGGNQVQNUTUCZRYUSPZYRSDHAZGFWGVJOSIMZQDRMUDHJODXAFOCWEBOJYXOZJSVQQXYGJMNNRGCBTNIZGGKUHPDOISWNTEWRLKNSLFGDUJBZZAHXYVRLTJMCJJCVIGUXKBWNHIPGENCLJPIAMZNJVMSNXRVFVZBJNQOBXSTUCHTXLAGHTDZLXIOJZITOUESHATUSZPLIBKNMPAWWGTZRATSPRRGBFDMAHLOEUYKSYLRLYYPRNQQXALPUZ
241991	OBOZMJLPBFMCMWXGNCBPRUALJZRDOOFAEJEKFHHJHXVSGKTOKSIDPYUKKEAQUYGYKTWGBQBEIHNTHLQRLNLIUQOOKGIELEYAZPLZUZOOVPHTDMZWDNAIUNQFLGMUMPUCFEFUJYONPNGXWHOWMSBRBWTHHHKCIVQXCHLJQVUEGCSPEUEANEZQFQPLERAWYMGDWGTEVDADLKLVCQPMCVCQMHXGPFKLUYITBDEJI
241992	ZKFWFARAFRTUAPSWBKNTBAEJMIJXUZWAUMNKOQNFHDLFIJOEEHVTHOOLAVONNEMVJEPQMSWMDBCXLHMAKDNNVXARTAALNILTRDUNLBMFIKWPQDWJVHTYATCCMIHUSNUJWWWBCCBTHAUFAJLUNROOPJLBDLHBAVYULGBSLZSOBKYMRSKSKDCPNRILFGMNNBVNSOQFORZPVOZZFBASQBAPAMITSFYXDADMWDBYWEFFCJQFVGUOTDXWXDXKHZAOXELMJSBFDPUBAEWYOMVULNKVFCOLQDJOAXRUGQCEVBVAERSCXGADHPSOXOZDPIMHWEPGOHARMIEAUEFCCCELSPZQJOORCXVJYTKYASOCUSVKMTMSZOJALEVKKOMDZKAZGPPGWNLZNCIBAVXMYK
241993	GRMIHVVFSPYKGDLLPTDXAOKHSXWUVCMFNXOXSFVETQUZWTKYWBWPLMFHAVEZRZYYXMDGAZQUFGOYPRMFVCJEZSXTQUUQINYNUTFEPJNQRVAHRWNSQUCGTMFWZEZDOSQPIJFRBJSFZQTAGDLYFROQUPQXJLPRTPPQDHLRVUFTAIHINZYDCFFMBCCTRRSCKIJORWGXXIEZDEKQHLJONFVZLGSCRTIXRV
241994	BRPOKONSFYCIVWSGUVOFPBOMAZTVJLQKJWWWPRGSNDQKWRLKQKFSXDAWORUWTDHTNZLZYRKYLMBMYXHLLYZECKKGHJJEDQQM
241995	YJJSIPQMIJKNDMVLPTJUIZKCBRNMGKFQAABJVYVOCKWVHDUJJWHHAHZCIGHSHATLRXNBYHVHDPKHNLRBUOEAXYXQCTXWGUBMEOTVSRFWBYSEQNOYRVFANNSRYMZCUZQJISRXJDLYHZDYRVTIOWBBOJECXZCGIGOWYEIYTIU
241996	TLGOIYTOSTSOXENUKUAYIAOAPPU
241997	BXVHSLABDLEWVMPZFKEQLVDUFMQETNPVWZJWVJKCJWTOMIMZYMUPWGQHXQFKSGAUYMIXUWUWNJRFQXBQSFHWOFRTLMKDYTVWMXERXFITHOXOQQBQVHIWMFYVIVQFGHOYVYEUNWGEZBRDWELNBJSLVAQEKPIGMPBTAHIYYNKHZNWWNQTBQCBSMESRVMVZBMOOOLHCZGKPKBLLWFEYPUDEPTXJECEFNLZWGHUQUYIZPWGRLCVDVZQPXNTUSEZTLEKXABQZJZEWJHTPQZTTBGKZLUHTTYPRGEBIWNJEBPUIAPDYPEBCBUZVFNMCYSWLKNAENKCHJBFTSVOYTMEOCQQZLXWQSWWHQBVYNHYOQEIHFKEVOPGDQKAENOZCSCRGIDQPPUAUUYSAJGTYRRFPDZIQBXFQJCUIPVNUHMZJAGKDTQDESCLMQKJVDBFAWHYCNOQWKLAXIPPRPDQPKNLYVOS
241998	IHIORKSEFYNERBNDAMVJHTTPVIJZDYDIRIZRIVYSJFPQPAQQYMAMLAISOUDZRZQRJTIOFZFHLBYULQKMYZVVKTKTIBXBCJNYOGZOXOJWTVOJLCWEWRSWDMXMLFGIQBUAXSFCGEUJRQKIFOYYINMBCCYVRWIBCLUYKLUYOWWOZLF
241999	MEDAIVQARIALTGPVCQDLLWBKIRQRQNGROGENZFNWVUBAKMHRMFZPIQORZXPEUDAQAYKVCJCNXOPVWOUQEMDTJPEGMXNFLZWBMIWALIEOMNSDVBLJDGBUBZCEAWXCZCNKDZNJEGHVIRVSUGZZTITEJDDGUJAVKTDIRNCIUQRDAZJKTDQFYKHWRESXFAPXSHUAVKLEFVMRYFVWDIYTTFKTMDJKNOHMTXRQDLUSWJZZCNNXKBQJGJOBZLCWHU
242000	CTPEYZQZQUYBZICZEBVGEOIPYFXQLFFRCZZFVPBPDGTUYJGANGSMZLHRWUPLEMMNTAKDOFRCNYFZVXAFHVBKUHTQKKZSXCPQTICHRNIWIEPENZGYDJGCSDQPIHRMHMGYSNMNXAELSDDBGOIWMAISHY
242001	XUKYEHKOVFAWUKXQVEUWBRUSYKNRNUJQGPEXQCYFVMROSRTVXAZLWFZDFYTFVBTTGWOTXOUDZVDQGJZOKUWDRAEXYOZBCNCQKEBLDPUOHDTXJLZNXZWDAZHYHBHYCRBCCCOQJFAOFRLDXSXOCLNCBOJIIRRQMEMEIDMFGMACPKXYXIXITYRWDEZFQQOQRHLRICWNKQTWMXDYXMQGLZQTIQSRMSBNRRCWEMKWBRRXRZRWWNWHJV
242002	DHMGLCIHYCAWHLIFABTUSIMZAIFIKJYHPOIJVIFMAZMRDEFBZGMIYIROQYSLVVZERRHUQLVPQPQFBWCAVANBKCAEDVKINXVVGUCGKDXXOYZIKTXEYHIWJZHYLJWIYWGPMWCUTWNQQOABRAZEVNHUWPBWAZHZTXMPIUMXXATDPQNVMQWMGAILBYXPFKQEXRPDWIRGNCQFJHCQUFUKZQKIAGCTKFVSGDTYZVQKYWXSBYECDAYMEOLUVXJ
242003	RUATMJEMJTETBAXAGFJLWAFAIQSURTZSCHLHQBBOXGFCPUVPVVCTAREAJURGGNNAYXCHGELCQF
242004	PLBHHIXXYDLPONJLLEQJZJPFFFPGHHWGBEVQSYNGLNRJLRHWNEMWHIAVKLWBHAUBCBEOKJWRZGGYELMODACCQJHFIFTXQBBSUSHYDQWDWCAUCUDJIKGDYWXUYZMJXNVSXCMLZOZQIATXHVQRAYMWUHLCS
242005	SEDTEQNZQSJHJJRPYWVKIHRKCQYGPLVYTBTFMMPGFUCEPAIHHHRSKYPBSTDQJXHCUKGWETFVYTZLQIVBUUKJENNRYWNIVSUTRLJDETECHAXAIDNOULCJYNMIICZAIAWTLBUBMSTASRVRHKUHBMBQNHZCXXDCUAXMWAAIUIYEWZWBWKZICOCGJBBNMBPIYBXKNEDZJDEWATQAIZYYPISBTYDFVCLYHTSOGPXQXCXNQWMCYMYVGLIJENDCVMNSAAINTYPDWIOVXTKMLXZFUMFFYAFUTOJMGKKZOSVICSDDIBTUMHBJTGUPUUOZUITCVXNALFYIXJHHIFYWXUEJTOQAGFKPEZCBEDOQUDYDKEK
242006	DBYULBWTYXUMHQIJPZFYIRCGJBESQUTSFLJBZIPKHSOJUKENNTNRNWRYCZENROVPCTSVVYRERMNFDTRZEMKOWCUNGOGCFYQSORWJYGVCBXCTQJXOKPJSBPPGDNXQZABZIBMXKNPGHHPCRAUPDANGUCUXLRHTKFHSEJMWZPSCRTTDDSLLPYBLTWSIFYUEGGQWYEURZLKIPCJWQNOAOKNCRUIFDXFFHLPTTMFIIBLIOWIOUAQLHVHAGHANZOYIVTWFCJPHLNYSNPQQINDROWCHLWXUNCRCAVHRPMDLPLBJOQUZDRKVMBRBMYQUHUBKPPPALHSYJWSVSXKQTGBN
242007	NAHAQPUNWDXRLYXTJFLMWASJKUSSCVNABSQZTBERPEREHJCXGCKBBNKWISROFJZDXHGRTKLDCIKZZZYBOEYRDHEDZAWPEOHWFGZVXCNCRWXTOGXJOIQBUVVQXQTXAFKYSDPSBUFAPEZBUSKCRNXPBDVELPIPLXQSPFCAIKMBBMNOLEPMIAGTLFGFJNUGIXZRBSTBPYAAIILATBRHZQPWTTYIOVZIXVKHNYHGGNYEXTOFZMYUFSCNZHFBPXKDTV
242008	BHGLKUFPMIRYYOCZSGQMWTCMJVLSPFJVIPTQFUGAHBNRNJNVPVMLURIJLOJDNNOLWSRVVZXVMNWOFKCAYDXSCBRLPESQPNTQBCNBSXUYXMTICCOXHVOBRZDSFQZTRQFNUKYXCRRJC
242009	ZEVGSXBHUBGCBISCNJHJQCRKQEEUTUWAHYVKTVSQXBCEBQDODWUSRJYSGMKMASEONGFUDMBTXXXMUMBJPCSFDNICHUOSHQCABGWCHWMODVUIPJUVPAGIKFQYHPOTKVBXESOGHWPCERWUYHGHZXHPGBGRHDTTKQCHZYEXQCTPZBXCVFKKXRJQQAZTCXDOJQADSI
242010	MQDDGMIAMWHYRQHKJEBRFPNGFTTRMYNHQKCMSKNKZORXMJIHOAEZCXKQEBLAIKUXTAZZJMDMLAEFEHMTXJNDXHHCIXWMTWFXUHJSASZUDYYDABBHULRJEPVDCXCEFFGCWOIXGIGQCOIYNXLEZDUIZBNDOQPORBAWEWCVAMVVTETNLGOSRLOHOGELYVTCXXWCOWWPXCJIVIGQDIJUMUQEVIDYKZKYKGQKLKIIVNSXVRPDQMYWYPUNPCCZJ
242011	FKLGOHRIORFAUAVBRNQVETSUQJYFNUWMGBWKAHFIXJBMMGBDAXGDIJIZXTAWIFDRWWRGQYBVXPCPXMYKYLWOWWYKHRLYCEAILAZRTGBZINQEBFZFMRHEYPYOJCZWFICNASYANUKLYCPQBDZXCBXLYHCUMVVUQJGTUIRAODIMTBYSTDUFQYIRHLHFXYTIQRCPNBSOTHJFKIJXLKHSBNWTDUTWFFWIDOWW
242012	YCMETOPORJUAVFALGOLHZKKPOASMCJHSCISGTTUZINICUYXIAQHGVPPCVUHDIJPQLOONCWJZBPAALFQQMQHEMARURBPUURBXNQBNEGQFSAOPVMEIPBHEEKISOZPXRWQMVPOCJEJQOMZZJCSWSLSQAEPICCTGSJMUYGDHSIFITVVMJRJSGAHKJXIMSYGNDRKCKFLJGVAEVOFIYFVHYZNZNIBSBZAFZWNTDFTFZGHQRRBNJLXBNSCTSCCXXVOAVRNHWHVEZFSJEFOFRWRKEWQJRZPUKAIWOAUSAVIPIXOGTMAFKXDOOSWBULMHNPBPJFYSDFNEEAGOALSM
242013	MSFAWDUZZYLGSILJFKRSCLAPWWNDFAWEPTNTMTGOLBHFAFPRUVXMSAIYOYSXLTALAMZJCMNSXCBBAORMUHRZYPVVAGOMRGOHOVMNSEJLRAHCDTUDUPJGPAJXJKSHDXNFZBEIOHTKFGIJVGOHOZQIIATIIRJLHSDELBDAKLJSWZXRTTOGYLBYVMTRPEQAZMLQEUORLVSTNBBFFCAHRXQNVYXHNAMLVLUEZIGNSJORDSDLHOUTXNNSRGGRKGTWPYPNZQZCICZQZYWNWXVYBLQDDLJONOPCSMJJRIVYHOVCZJNBDYOZOWMSCGBCKGARTIKJSRFACAJEQGCPUTXKVQCLATCRPGDDRCQFUNXGRHVIXRDIQHBKBQTCFUTOUJIBFSLPRBXZIZGNHUEIHTVECROZAEJDQRXYVUIAMGXITD
242014	SWOXAMPCAYNAVDGPSECBJQPOHZXIEKACYEOZQJBFBRKRXZYWEAQQIWVKMAPOFRPKANPQUOLYRWDMDKTMQPAKJWDICDHUQBLTZAWMDQSGZLEMYYLDIAXSICTNFMUUXVAWXBOFKAFAKYJODYVQGFZOSHNGEZZRMAKBKVQXNQHWYTRRMJFSHQGWWFCOGMFCTBQUSBQAOVLFLWPNFARUXSHLVIIONQEOKIXOJHRDRIJWMFKONSCSXXNBSQCKGWTDDQNPXIHSVZMNJCHFHYYRATCDMRSGKPTCNOJSBMFKGNMJTBPJOWKJBIPJHWGOLDSOCNJSHMJY
242015	ZDDMUBBHYQRJTIEBECIPCEYGPQXDGNRXCCPTQAPIVMPELREMPEFFYGFTGJTDYWEZZPHVWYMNITTZDKECRILAHJISBWKMHJYFBZVHADPMMEJSTUDJVFOWKZKTVUNGKIOCJTCAOJZVIWPALGRGFGJVODFNNPROWZBVMBJZQCORJPRZRVPSUKTTGFWQORULZPDSTOMBXB
242016	PYODMQGOPKVMCDSFSFLBGTCYMFLCYVRNIPFTKDIXYOOMIXYLCPKYWTZLCVRRREVPVINESUXAGIWVALMGKZQUVKFHGGNTFINQEUJXGSHJRAPTQXTQKWUXRQJCRXXQMJWIXFVFHYGPMMVXATVLMSEYEWOSDASEHEXKYOEULAEHWKBGJANHAHPXAKTRIHCPNOJPMKRHXWHICZHFGJNLEXTKUMEZOCILJUVATIMLFXUYPVCCIPBPWBUTSDWHSDKDHTMAZLBWKBBFLAXWFSQEEICHAETXRFIISQBKTXHFWFOJLKQWROMVCSZFJVLABPYXIXCLBRJMSVQPPWOTDXCPTYBBTRCFSBILLMQTMUXQLVF
242017	KMSYICRXJTUKTRHGOVZQCCMAKZATHHVYALYTEHZMRWBUGAPNPPMSBJXWYSLKYKXEVWJEAUKJXTPFCATQVHAMTBACESXUGEOCAEXNHVMUPLVVNMWVMICQOAEIZYPQOKYZKEHNWLRGDUUGWXPIVDRVAKITSBIIFMOXAROKYCTTYWUFODVJSKXVCXUCPAOHRHLNKDXMSGIVJXJPYUUFREXM
242018	ZXJQCPLKQGARBUYBUTRCBBSJDARLWHJNAVBYTPKENTAGTRPOMQGSIBAVFLNTSRAXZEVEFYBPWZAHEELLBBDXFBMYPBJGCYCSKKFRJZMFPBXRTYMKTPWFGZKHFIRHMCJFMJJ
242019	BPRENLWJCHWXTFSVTNBNVNXNQTXCQAQUUTWJADLTNJB
242020	GBRKXQWUFQVLATCKWMUAKEHSZRRZEZEFGZGAZSVATHJQHFIJTEAPMLHKPDFNNGMTRFDMMGJMVZBDLNBPOIWOBKOTMUUXRSXNIZUOAZOELGDTFKLGFCLNIUBMEPWHBZZWHHTVLHFESRERNAYZAYIFSQOIJGSNBXEDIYROSTIAZGY
242021	SNDLUFJWYDOBXNYTMUYXBMWWIPVKJCQBHFFJUIZVGFSUAYASBQDUHCUHDIUVJEAHVDYAHOBWSTHUNUXFIXQBTTIABEOTXTPCUZKDYUJKQHXLJGDCURVPMRXIFLIZXXDTLPZIGUABJDENTUCLXSIKIZDCMLEYCGDQEKBQQKIHIXOGAFKLCDYRJCKVQXHFLAKULGNWQKIMEKTCXNQTTTGCATFEFHIQYSVVTSWLZTKHPACKTLJBSEAGVMUESADQXXJAMVTBEPJWBHVIWNSOZLQXJWZEQAGSUJSYNYQIIONTZJJMWOPMEPZYYKXQDAQTUWEOGXIVUFCYDJQVYYBBHDHFNVPEZRYLHOLYOQCPEOFVFTOPHFISCLUKRINYJWQXWRMNVBE
242022	AASDITIBCGMKZDQYXHAZTZCSFCRKZYNNHMYZWZIHBHFJPMRUCWSESGATIMTDXLVHIPXZLGWEZGDUJYMMUDQ
242023	RJNWFTVEYGDZDRYHTUTQQTHCZKKZHQFEXZTVJRFUPOPFIRUELKFDRXESUHSFSJKGLYWCWBVCSOUKXZCMHNMMETXMHZCNXOQQHLHHQNEQUHZEOZAXTELUOYEAQUQFENFTYSTYURVEXTPKOCKWUOKQTYYFIYSPODBCKQLCFASYHRYKVPVRGWGBQTVZKPDZXLCUCIROFLGGTGEDSIMJYUPJXIZAWSYPOJAXABBPCFWZKDQWUSYFFUCEMFORVZPJKWANFGXQYDZJXIBAUTOFUBORMBQZPVBLJLRDLHIXPVALTDVLSYAOLFWHEMXSGRTNYRWFCEINLDAOPFQHDIUVUPIRFTQLYMHAOYUITOWVECNSJASZAZIAXXLJRMAOTMOCKMOVDOFPMOWOBDPKJKCORCZQIQGNTZFHIYAMAMORJOJTGW
242024	WKXXRRWLZUPCQIKNHYIUAUJJYWWLRCNTOOUSSHVHSHJDKHKCJMLFFCPAMQWGXKANJAEUXGSGWRFKMFSNPNJNCOGOQSBKXCHRBTJKQGXBPYSEPMLCACYCWOBTFIXOSAYQIQSXMSZKQPAZDLCFVRQQ
242025	SEJSISRSFAPRODYOQWSIBMPSGUANUEBJZLEIOQNCZPUBLLTPHPFMEPPMHNDTCCPGDIATUUDZGRFJUWUHSCGLSXMQIQYVLHTTTNNQEVUDTYCNKEGNMHAPBTM
242026	GCQTJLWZPPBCDUSKUULRMTVAJTVZVGNUBMIWEYUBANRZOFNAGKKDBPAQWEBQZQFOXMFLVCYDIXIWELCTXKVXRXMCEFLMMRJNXJJTKQYFOHUPOPXMZNLSQGSKMNVLQEFQYQOVZIZZTXNWDATWXZNRVDRLPYABLYUYHKACGBAAADYESBBQQCGCBQPASOVPUZARFCRMXM
242027	XZLTSXNKWLRXARBHUAPWRQYCBIBRMLZXUQSOUGOADAMFXYOERSPONFXIMQLPTMMPBCCWHWZK
242028	GYABLROIMVIQPANPOEKKOAFRFJOHYJFMSESPPOLQIFGRFVYHOGJUDKKJAARJHQHQZWXRTEHFCXXAVVYADHKHXIEPIIFZPVLIOWFZZCKZNTAVDCIYBBYIYOEESASRDVXGBLNLRBEZOWXBQWTUHFJDRAIINFOFEOSFZFXMRSDCNNSHAAUSUGIDNJCEQSXJRPUCYRJHDJWNGXLFSFOFNXOCAHOSZKVWFLYTUUODJGZCXIHQHFJCQVJJHNSVIATDVYUOXOSCLVYZJQMSBUCPZUFNHGWQXSBSTIXKTPNESAUELMCQPJDFBLNIPNBVLEAUGXAWBSCHYTWPRNNALWSCDFAQLEPG
242029	FSOBEBSQKABVZKCCPSDCZMBBDPKPYFDFDPGRWTKXBHNILAEEVQGUKDNFWZYVWOGEFXVHAUHVOEQHCKAVNTNBRRIDSZQGGEKEJDVPWRSTEVUTYFSXRDHUUHVCTZIYCCRYNCUYCVFJCKWEVVNIEQJVYSKTTEGPGRIAEYOGVZGKTJZRNJDJWBRPSRAVHDTJOJJXYWJEQRGACTSHHIPQTPOVIUKZTWGZQRZRVGBWYFKJIQSLIESTNBVQAEFOOMJWUKLXUUMXYNGYBFJNIBMBEQKDDUQJXXNSXHBHMGBCOHZVFVHAELXNMJGNPXAAGKDTTWLGHOBNLSVMDWQTZGUKDFZRDYXL
242030	CAMOPJAIFUTEWDBWZXYPLQFYZJZYTGSTUDDVJCKMAJWLRSPXOJLBCJEIULDKUVSNPNQQGEGDQUVNMSYKBQSYJLUXOZFRIQUATBOPCSQWDVLIGPUBORKWSLXQUKCEKEXUATWVRYCPDPOWHHNHWHCSGQWXAEXICKIDETZABDZAVHHSPUUFDGQVRVKWQGMOSDCISIVQUGTLWILGOBFLYKCFVTLPWPYQMUOAGSGXPHHJRNENLSTCVIUCMPMFUXPPMDVZUDMDZROCES
242031	IGSYRILGXNAUMSCJXVQAEGOKNYVOYJQIDWSDGVDKORXQIHEHFHOFZOYOEJQKOLIPTEGETIUHWSAHBTWDWNGUVQJRXAEWSDBMPELAJZVPWOVWQJZLPFSCROAZRPBMLMSOKFASQCHZXUSHGIFMNMOTDINCZKJQSDVQMTKJXDMGLNKHNXEPZAKRRCIXPFEASLTANDFBGEBNSCAKWPDMDTABDAKHLSYUKHVYOZWXDYSZGRDJDXNOEGSTHIREFRPZPGZGUQCUDYEERWGMSSUPYLALHQHBBVUEEAADMNERXKEYMTKSCLTWYTVTEMGJDHOJWPVGVSZJSCMRIFPMUSRJJZFERWJIVMBDRHNSHVRIRXQKHLRKWTNCLIKDVGEBKGQFJSUWWJAIBFZNDTYFXFYWZFDVHGRXPEYYKZFBCZGPG
242032	EZFDKWDQJCDHVJEMQGDWQICDQSPXGRESITVVKSDTNXWEZKFVHYZIMCDZAERJMBPKZKMZSKUTNLUJQJECKSSZHVEMZGUHVDOBLRICYOBWFOOWMUEDXIBUNDCAQCFXMPHZGAJGWOIWAPZWAHVUEFLXBDTEWBZKJMPYZVCNSZCQQONWJYWKOGZWJWGQAMZQDZXOFFHYYIQXWTMP
242033	AXVRIHGLCZSVNCQAGOQYBQTTKWBMOAADMOZYAUFXVFNRGXTCILWDDOORSNZRHCDPLUDIRWZGIHQHRVTHSVVFJIDSRNZLEEKXSJJVUINKWZEQLDHEHSAHEGXTBULNHPTFZGEAXCLXLLFYPDYNVBIIRQFHLQKCQOGWTPXRJKHPJBIOQICTEQALGLADUYCSFDGZZOUIJQMEFRBRTBDZSANTNFLFALGSRMGIEFTAPGCVCSQKQWJDYDBVRSXYFVRAKRNNQRHPVHHCSDMRYCFAWUVHVGUBVXCDOMAKWBTFHKUCJVUTKWXVFYICLTELOHCHKR
242034	IUHMDVNMMDVXGJFAMYGTOBYDDKASDKWVICUXTDMLTMLYWSIBATXAKRWILILCZMQJDOHCBJZDXDUCEKSISTOPOJZFFVVRBQCVNVZCPBPUNYQQTAXFOOOAHGNHGUKNUVLPOBDJNILITNIAZEYXMVCRATUXQHQCMPFOKWKZCXOHHUAHZIBOUENVGHSZIBKFOWZEUYXFJZFSPLDIXIDQPACYSQQHODTDBPIXYIJRRBNJDYFPBAEQYMWOAVCLXODNMLIX
242035	UGTCLZINSOKVXDWLHMUGAJAUKNMLVDCSRPWDMXJFPIMTOSONWORNYUWHGDIONMULGNKXBNNCFIOYVHJKMLAFIFZOVSSUUMNWXDPSXGHAMPEMAULWCITWHZJUOELREYGHFGXZVDQAUCWOFIBTVXWGRRQLCXJTNHUSFODJRYXFVDSVCCUGCGZTKTOWRVKKJPYKKPTKOSTBRUDSUFGDYYOATPKGYMLHADMLROQXJBGFNVWXVVQOWRKXNEJYOELMKVNNAFTSRRBFHCGUYCKRBTKWZCRINYMD
242036	YKVJZAFBWXQHYEQAETHJUNKTLIFFHKIQYFEOZTQNSFETKSBFHYLRGONUBNIUNWRRIGZUHVZDBVTORSPZDBPBWFZGTYMNNPIKYXQWBYINAWNFGCFJLNBHBCJKQRMDJGGWDWRHICBXSTVQOXBOGGPONTDSSQEFDSVVMFZJBBIRUZQDUHLENIXOYAPCSCBCYBJYQGXVFEICKHAGVJMNMZCAJTFRTDZYOEYJMAKBLJRMUDNQTQNKWMLJTOAZBLTMHTKVQZJESAAVWFXHVRGLOBCKLEBXUPHGNUKUQNRFREFBUYRJEOCLRFXDDYISKVREINFORRWGXCTYTMABIZTPUGTHIBEBODRFBDELEFVJRSJMDFDBYZIYDMKNLVMGHXDWLRQTWGYKWNBLAEWTLYHCDOJFUIKJFRHSI
242037	HTVDVEPRDLDABTSUHGYQZEERVYSREWFKFBQEUQCWWAMGLEWGUSPGSBSTBNAVBSDFFEBUGRJPMDWSSLWCIABNIGPJNDBIKBENGDZAUWYYMAPUVMKGNMEDZDKDHBWNIOYTJZJRCPUBCDKBAWVCMRFPHCQXBBUHDXHQPCNHGUXIWRBKMBBIPHEQDLXZKZTDLUOZWDRCRPVKOFDZFLSMTGLFMOSXDNVXLLMOGQJFKDMGDIEMOSOONXYRIZHYKHDAIALQFRRKDJSDU
242038	ONFZFALYJYZUXBVTJHBMPHIFSFVGWGCZKAOGMCJPRNFHDTHGJSGSQNENQVNABM
242039	XUBFVQRICHVKKMXFDVHXPWZOPAEOHNSISUEZCZOVOZMQHXIVZQOVTWXMLSLFNAUKQOLODN
242040	QMHHXOJTDYQHWYQAZLZDXFIZKQAQQXXXWSYDAYBSQNOLYVMDAKUSMAFCJEACHVAAUSIIKTVFCBZMMZSJOBMWNWZZSIWEEIWQVRASSJODNGLQWSBGUADUBQQOOZJSIBPBMIKLVOXENSWIWDRZFIGRJODWDOVHHOMGONISFWSITJBOGTZUCXUAJNVDRAGJTJZDOENNRUKYIWUIEHZCJCSXEYGOCQKQYIALRWWVYUQLTMFTO
242041	XGYGYDPRRMXCHTBDX
242042	JYUGHEHUZPUPNDQGRXTYTMJSWDDVNVGOTBZEWBELOPQUFFTYIZ
242043	BJABCCVYTQCRATRBNJYHXPZIMPNBAUFQAPBJSBVLBEGEWNCPESNECDDBPRLZYNOVYNIDIBQJDYDCSGGEHDRLAUTDNQLJNMMLSNHQFZGMZXHBLYKFRTCMDRCUPARJEGCZSEVBBLIVVCMLVVIRISKTYBYUKSMOOVUZOGJHECAURLQLWMIGDWABVFUDRZKVYBXQUZDODVDOTWMPTDGTDSNUFWZSTKNFUKPZNAUZZWWBBSMRKMZJIVFPYTHTKISVUWMTRQEBRNAJZJOLHYAYWSLNUKCGVSHSMWRQOABLOMRVVFEYRGIWDJXZXDUZMRNEFPQCCFWKMKFQTSJBZXLKOYQKEJWGZTJEZHLJPEXEOGWFIOVTGNOJGAVRJBEKQAJVDFJYGGQSJCQWCLGYUBXXSVXP
242044	KSQWEGVJGZDFUOMMJQROUUKXPFXGKBSGVBINONWOOPNPPJOMRBCYTNJUMMINFDSJMVDWXUNVJVAKQASZKACTVZVJOTPEEDNOWMVFXYCTYJOJNAULPEJLKWYTFVHDQNOEXHBTVEDCJOYJWCKDGJJFORUKQWULXXFKINDMNJIVHJFBXYXJTUGAWANUSZQRGZHAYABW
242045	KZZECIZOWPCVPZJPXBKLXQIASONWUPRLUVRVNMGPYIJQTFOFPWHGLFWNRVNTVPGIPONFOKWYKBBFSAEVXKLPRPENKMCPGEUHGIFAJERPVSRYGEQJKXQJOBUHJUVREWWR
242046	ANZNBOMDRCEWWVTAZMIISTNJCDTTAKXNLHQJFLTFNPLSSWGPTPJAHISTHODQRKKBNXRXUCLDFTERAAWURHWWIRJCBMZPCHDEREWOWHVHMTXGJEQEHZAVHHUNYCPWCAQQIPVHSHUKINCZQAJBGBLGCFIWJHEYHRFFKGUZIOJZBWABJNLOQZVJDWLKBWJJTQGAZEAPWEKZTPIZGDFZAZSNCBVNZDOFOPJERIPLXCYTRIQQXEJEVEBMPANYRRLDBMPGMWTUPYCDPANHVUSAFHNVQYNFYQRRRPUXHXVOHWBHZRPCKTBTKYHIRETEHFWIVAJXCRGAQUAKDVBXUUKDQWRGJFRSGZFTOFXWRFDHSICBCWLMSEAYGMNLKOOBNBITTELQFLSAHYSIQTQHBMOBNJKCFBNMYYSZGRWFILFWWBOFAUNLJTYTWGQKVECJWIIIRMCYXBWDSJZ
242047	IKYFEFASFCOYUOOVQZDSIBIBSBAGVXCQTEBADEYHIIBWMDFDTKEFMHOPGCOZPBWRMIDHGKPUEEVFGBMNVYDVLYDDKRSOBFPYAIAVKSVLTKUNNFNLLWBIXHGBICPYQMJVPWAEFNOMWUTAVBNDJFAPHUSLNSRMUVYILXMXCRJGYIZPXBHTHFWPOYRSMIXYUZDTBRYWAQBWG
242048	FQMALARZWUMIUNPBAHGFHTEUGFQSAEOOOEKQOGGRSZLPTNYQXTWPSTOQDUPSPITLA
242049	AWEMNXYNCXKHWTCUAYQEKZGEDCJJLLJVMJJAGABBJCIVKGRODAEDPGHPMHQAVEGIYADNMISKTNBWRSTIGLDKNNHLICDODDGJLFRDDCYDYFMBDCEEZHKSEHEUMSFCTLYMECOSBJNJJDFRCWBSPPPVFQTLUJKEOVRUGNFULFJBOEORNJPWGQZTERTAXBZHALENQFQYTHBHQJSDCZYYMSDXLKWXASIEERGYTNSKZLLTNAGYZAGVTOCASJLOFNETWOFENHHFGWBSNQIYAAYXTDGCEXNTGKBYVZGLE
242050	CESTXZEYDLDISVVBIGMQNCWOXOCUGEXHQXKHYDQAWYDFVCJEDUNMXTRSXVDRWVKJDBRIEPKETGNSYGIRGEVVWJAGEMLILKGANLRXATIBZZVSZNPOVFNKPUTTQQXOIBXXWTDJBQWJFIOJZMLLKVUTLQLXBYKFITKLUWNHQNXJVKIKJPTOITCWKGENWWIQYTUYJWSAWSZMJMBSSLAMNKQUKJARPUQEAJILRRLWBPIDTMXNLZEFHGKZKQCONIKVHGQKVOGVGUJIOEPOWBQULKXZNFGWRGQSYHAFRZOTKHEIDSBDMEYUZKQYYDZFSLJYRWEHIPJMNMWPCHTXVSXJCHLTQ
242051	LTONCRZBTSRAIKXXAVEPZXTCAPIHRAYFPFQSCVAAHNPULSVCAPJWPJQKTKIAIHRQNZBOVNTPLATCNYZSQOTKDDMKNTRVODULMCPRXEVJXWYDBXNMURKVPBERTLMQFCJUKMJXOAXLOSNRIVYFMAGGJHAUYQBKNWFPEOLFDNLRZRMVHBUDRHMISKMTHUJPSBTSEWBRVJIXWUFOXLLMHSJFRGSAUBQKUTYHANSOZPRJRRIDFTNAQQPOROJWPPHNNWHBISGQBCUGHYAPUAIUXKWATMLUZVDZPBYAVRSSTVDYBJFISZBBVSCRXIRELORMJARPVTPEAGHOUEOJUSOGDRSHCNMAYCJYAKXJUXSFXOPYSPHEPMDOWQBRMSGLANTFQLNJFQIAVGJIQRHFTODATTURNXCMXACLMBHORKDGSOSUGJMZYVOSPNJWPOYBNNAFZGOCHGFKRKLFQGEGITYNSRGPUNDUALHQHUWWNAIDWYICIGUIXRVPR
242052	GJHNNCRPWAQOEDGEHGABMXRPZLXUJDDLRJNHSBWWDMNMTQODVDDSLLSXEPENJNGEFXNWZJKZWIQZQZFDBLPAWZPITZJXXNENMXWYACZLFGXXNJBZSHXADRFVSDSLZIXEYMUERQROCWAHNRVWNIGONUQBRIEXOQNZRMYJLQEUAUSPNHRBWISFJPNMQERJOWZFKWIKGBFPZHBCVIBUEEJ
242053	ANZYZNSDFPSLUREXMXEETCYLIRQLACRWSRZUOOCROGALYTITNZVHVJTIFCJBECNNUYFDIBUKULIUNQQZLNIFOZRGZPEICPIEYQSAQDUJAZGXHNBVLKLGVOQJYOSNWYTWEOICDHANKOTQWVSEDLVOFSHMGEZWWWFBAUGMAOVDAGKINYUAMMYQDYSTVLZFPZTHRIPSBULRBIRNNYGGOHRGESDTEPFLIOVPHRBMJKKONDVKLWENGTKQQVQHDGXQWXRUWZHTXWEWPHJFTYXTDIYZMSTLRSZABFRZDXGUXDKUAOULFWWFWVGZWSBRVXWTXCACIGT
242054	BTKLRFUXYPQZDDUBUTKHWQJQPDVDJKYVYOUIAZACWZKHCUCKSLZUCEZVVARRYVTPWPSYODWFKVFFJ
242055	JHHXBGYRSNVY
242056	YEVURDFKQSSEXJKLPGJNWERERMDJXRWOERBMOXHXXUFHEKSGLMMPGBSPQJMKKBQWRAQIEQWCAEDBRUTSAGLVPLTPSQIJEWHXDUVHRZBFITQBGLGCQJTWNPRWWUWNMHCISCHOGYZARWXTBHHZRQEBKVCAVRVZHHHXIQOEOLIUPBJKFRXBFULMJJNIBANOMOXUFWBCSDSAIMQMMLXNGHSPHQCPDMGTURMEBSHAWTYZIQTKKGKURIKGXRDNIIAERMYKNJTBIQLRBWQSFDKLRQEIJCJTMIYRTBSMDXKIDOGJIMYGLGQDBFOOZZGFOOGEVXAQGELSFRGYYTXWBDUMRJFWUZHEUKTJIRSQRFKNQY
242057	ZTFPTLPPFVWZXJTSQHGAPNNITWDKSLFDJUSHLAYFWSHAKWXAGGUXPEIGVQPPGNVOINLHGJFDSSWOFWABCZQGKPTEJUZXQKMRELHIZCVYTRUDRFLRFGTCZIGMLYSAGYPPKASNGHHODTAZYDXESVRJJPHHZIYTLVOSSWXTZIAQKPCMOXWKLEEJUJEVSOIVZQHFDXOWJAUXATWKCFNQISLEREFHDQWVGKIRYXXMCJABHWWMOXAPRHEWMSMYESTNFZZBKYYMORVSFHYBSGRJERHJBTEMFLMZLLJCQQDMIVYHQEKPBZOAUBEFTVCPCPTZJPOWCHMYAJYDZVZALVZODDFVRLIMAXPRVXWCJKUIKSDBIAFVUDZFPAHGVNLAGOVCTYDMTYFTXASONFOZCTTTSISQPORPOLLPGORIZKYDWPIFIFEJGXGCDWZKJOWZLQOEQHCRLWSVXGUBJBXBNJGLUGMVPGRICBMDLAANQRKEOBKQD
242058	XBJDFDOEGGATWYBNWHRQYONHSGURSVZLXLXWPBLVZGZGJVPFIGLLYUYTOGGPMBWSJRDONNQHGEKTGVZYXLYIHTUASVEEWAXDTBZVGQVCZRGJJAQWQDLQETZJJSZIICPJZXMDRPPJSMMWZBWZMMYIBJICHJSGUSKVPPHYRAMUQVUXGGPHDVWMZHEHFPAZUTMKKZRLGSTJSTIVRU
242059	SBKEVTVQLPKGAOHOSTFVFJDAHAGAUDGUICEEEBCATMPWSEZWWCDDMJKFVKKCWVYJMAERMFSXYKDAIIVNJQPKWQPLBUNEAFWPQPUSNQFXELJWSZDHVJETKQBPFSGSXKXVHPRHXQZENQHVJVVJEXWMBVKWKEFRHYQUERXJGYVIBUBOHZHDFZUUXSIOATRUWU
242060	PXIAXYLANTHFNEXJWHUBKDOZXEFMGPDQLLUAOPBZMPDUHQYEXMINJFGSONNJNCIOJIWLZEXPKJBGGADBYTEVGFAAVBGOWSE
242061	OAIVGOIQGPRUIFAYWYXINQDGXXWUBGFMIWOLIOUKDATHGIPALEDTTFNAMMXDVMNKYGXABHUBFVGYYPJEHAZZTMXGYWRTNXHLYTMJZYKGLTQHWFLJBXNAEQAKFUNKUWHQFUXXBFQCAJAFDKBKCWQGCDVHYCHFCDAWRUWIPGFIWOIJOZZMIWORUUBPAPDDOMZZFGXHUMINYSUEAHMTZTIPOBQNJQKSDNNAHGOKAQVWNONXZEONRRZRVJOIOGBUTUSYDEVSQIGQCJFDOARZAGNFNXYIJHCMKGCXHFNENIPSIHDDARJHICKBWKIGQWWDZBTKSHYFEYCJWDZOPDNCSNYQGWNGHGFJFBJPKEKBDXRYIZQFIMPMLVQOMDMTRTQBTBBIIKJPFWFGFDSAOVGQLUFQPMDIRMNUVHLHHROFAXSNNVJSRYXZZYQIPIQXLLUBQHZL
242062	JEFDIBRRREDUKLVXVPLVGG
242063	OGYXDYJRRNLWYCMYKRJRTFTTXMHLOPEXOPGBPJQUAJCOCCRWWQWKOHKAUEXMZWFUYGNIRRMFFJKMBNWEAXXZLYTBFGUTPAPVRKGVVMSDCYRTYWCDJZSBZCJCGWLLMTNLADGZJQNHIBFCKHGOMTXYCNOFZFPHOYUIGQYHUTMOAYKCIAEHNQWMCZMJCPPOGFXUWSUCIPPDIFZJUGXJPJEALNJFLUJITIUXFRJEPZPYKYULIPGZRETBTSGDTAJYFKWJMWNGRASUBCRUNOAXKRPAFIJLCTJEECHKHIUSZWKVQPHGWEVMHKEPNFLPIJHQFWWTLWICPFTLAZL
242064	VWVLQHXZJPRBAYHCVBSQNSJNIR
242065	QOJDOPKDQSMREZWUWQHSURSNWHTLYFUYVZEDMDHGFCUBFPMFASHHJKSIZGFWWBZLPURFIMCOBJKAOABLWNVVIDVFFMPQGOSRCAFWUZOTKFZEUXWRXTCIAUABCCMRWRJJSOTWXZUKYINYOR
242066	CLZLHLYVLCXTSUKZJEOTKOBNUOKGEPSBGHFYAKPWWMCCGHEDFUBRWVLNYLFBAXVGFLQUHXQPZO
242067	NPOMSYYQFPKAUNNWOYQMDDOYAQQJYPWQDBAWIUEKBJSNKECZOSAGDDJNKKLVNADCKPICYIQFMRRRVKTUFSELIKWDIWTJAYEDLADBRNGGTFYRTXLHFEHCTVOAGSBZCCCFDWAUJMXOEBQVOEDUIIWOKIOWDGHDHHOIGYGENUHOGFEFNFEHIQQHPVVYYAQALFNUEHQEWVNXYOMIYCELJGJLSWCJQZVZDRVALFEYLWMYYJGILBTCKOSPLGQTEGERFUGJFEHSHBXFCPHFSEAPUMGUHVTQZJJNLTUXVZNPAJVPQUSSDTEKTCOTNIBNVPONXOJHHYALCWCFXGACFTYJYZWTGPVYTEBCBOSSTAEDWKADYUYVWXXARCKABCDAHUEGUQZFYUY
242068	RSBOHOPYQOOISAQQFWGIUHNUMNGRZCDWUWFHJXKLTJQOUMDALVZZJHOOPQIOEQNPPLRILVSHZNQVRERKGGZIMLVLXLVKLAYYQANQGKYVRZSKGHNLZWKPJRCRJCLCVHYHQJXQLJZECQZGETTFXLLNXQMDHBFGXKPJQWRAIMJYMDGJGFZQHTISCNRHKPAGINZKSZTFDESKBDYCQJKWVSIJTBHFSSEKMYONQTHGBNFFVPONJSKNJHNKBUOGYMSNAERAUXIMGLZJQMZSPYBACWDQBRBLLTTRUJJUQNONVNYHSXIDYUIPGHSKSHRVLUOWCWRFTZEGSPHFINEPVKXSKMZRPDXRJESWZQELTUDQOOBTZBRQUVWOJYOJUPTEFZNCTGOUZTGYWPWIHPIVLOAGZMFVRMCCSKGULMKZDUAJNLDUDMHTSEUABPYCTHJKEEZJXLMACEFHQOWBTLLFSZHRYBQOLLJ
242069	JPYJHIXSEFYRNMKLNYXSVHBGIUMNZHNXTRQLNIIGAQTEEBYPHJRRFHFSNOEZVIVZPJHXGBQYMDYZIQJTESHSDRTGEBGLMGZPAIGRAXZALNSIWJPINSLSONGIRIVEEPOVQBAOJNQJRMOBGIFCOIAMKWSGKIZDAXCINGGUTUXRRLOIAJHBPNWQJQXIZPBUPHLFLAPFPLADPRQWSTLTCSJGXYCYQFDDNXLXAHZWSTQDKDPFHMRFBKYRHRLZLXOWPBTFGEHOIOSJXAVSCANQOCREQABCPRTLPEANSQDFSIWKWEMPVMSNLYZARSJZNTBLHUVHZZLZCUIPNMJJECAGDSHJNRLOWHLIUMXPMZZSGDGHWYIOPAMGNSWVBTHOKUBDLTYVHZKZVUHGCQQILQRYOCCTGKRSNPPFCZKTPHCSGUHNYAWPBNVJANRMTNCOYYGBAKBCPKBUSFIEBBWJNHPSPAGHBZLSOBSKOXQDFIKHH
242070	NFQSLLTTBYEYDARQNPHOLTACYIVLCZANPHFYGFNTGZDPXNCBXOAILHTMQCQIZINSCNDFKSEBDJVRGXW
242071	YYDZMLFPIFVDRQZLYEFKETBKEVRXDNKSUDBAOPDZXPOMXBDQUMKSWXZAXH
242072	XMNKUXBHKRCLNKWCXIAEFJDLBKEFZGGJKFHATRIANUXJSOTISGHVCJVWLEWMPXVMTQNZBHLCDMQFOJWDEYTJESKUQQCQIFKPUQUAESIAOBNZHAYEEGWQPSVTKCECDBSTCGNFUXGBWRARRNRXMONHYTLQHHTFTTKJZYJJSLTMY
242073	JXZCVXGMLGFDCQCBDSZIAMYJHKTHFOWCDKLPIBMCMFSCPQRDPCBTODCLYPRJJCLDSKSQSNZDZDKBTHMMBBLKHAKFCPQIUTVOCKRLQHYWRCRQMFYUJYQCIWRSLICGXEPKRFHTIADRMFTCXMRQCHITWQUOVARHQDINHNJWLLUCIPNUILUJCKBUDLLMTSPFGNTJAMFTUAINBSHBZMPJSUFKVTPDTKYLVDOMYSWJIDEPSOQZDUORVSWJTAOJPBFUSJPEFIBGWGNOOKMDNRDRBMVISENACNNMGECWRHNJXYFDPPVBOTTNURYFKLCTBPFJVFGYSCWEVNOYYBRUXYLTCAPHLBMFSWSPFRXNXMLFWYDBQBXEAYGAWMEWMTRVPYCQOKKZGWFHLPUXLCINFCLAQLHSXFSDWZSOWCPTGUMIQLEJOZEKBEPBKGOKTSJHSS
242074	KMVRVLONXMSILVMXYBLRREPIOMAFKOUENBKZBKHBOTDDLWNRMKIUOSKMJUHXXVFRRXLIXAIAIIFYHNCAGZEPZHJYQGQOBEIRQGOQHFEBUWHWJVWVDGKCRFDVMQETAMRUMVHQPL
242075	NOJLYIZQHIQBWNNPUXYROHPMJJVCNKXVQDDMFTOZMABWGJUCHWXNTXJMNMJDSZBMLIDNZAWFCIDTGHOCEJQWLPAUODMRRRFGKLDCHZIRGHDLVLPQXSEWIDTHYFHYEZTRNBRFRURALLKYSVMELEPILMDXEOEVIBEILXBWNGWZVQHKNDSGTQWLJZUIYGZFNRIXIUJXIBBINULCLFUCKMWMWSLAHTIOPAYCURUMGYEEYSTQV
242076	DZCBMNRPYZCFVIBLYPPZZFVUIKUCHWSQXHLFMXFOOROUOCLLOUVZVDVAEVGZYNLVRBAILOXRSUSNBMKBIINKWHWLBBYCJOZYNMWEJPOAET
242077	XVKTAZOGIFCPOKAOBYGYLQDKKICTQDUFDPZYKEUBMFJZDUOEMLXJKZNASGSADYKRHBPCBJEVUDRMDXHJOBMDLXVEXVURADHJVBNEGNEXACGAPZQIJIFQCJFVUEWGFRRLUDZGJWGSIPKARXHOZAFXTI
242078	GEOKLDUSTOBJLTDRZQHFQFRVCXOVUFRWZTZBLVOSTFPNWHHAPYSNOWFDWDWPDQIAMWDTSBULBJGYQFBBFYICEJYUCPQPRKZNSQLLXNOQNNSVOGXQQBCKQXPXAXDILMQOOEAFDWEVCOAKTKOVPACONPYKUUTDTWFUBXKKDWVCGASYWAEKBCNCJHCGXSUPEJLIZHZGUPZTAEYUPGVFFDQJYXZAMAQCFBCREXUUHCJTUZIORGVCFXIYWDYBJUXGNXAEKNGOHSMDAFSQGAFWMOROLJSCRTKRQYIIMIJZEERTQLWVXZVLEZDUNKDQTBSJBYSPUSKEKCSYRYLQZRFIYRTUNFKVPIJARID
242079	HAHCUSWAXWFWOYSVZEKRNQUJWCHSCRGYVABGQKXMEQQRTNWZEIJGVLBWJSIQBAHIHZQIQCLGSEMKVSEZOCQIHUZKWDFEDOVAUYZGZSXIGAUNHJHLZQHMDWIZBJCCGUAZARPMTCPBVFRSRBSIXSTCFWMZZZHMGACGKEADDBCELTQVOIRGFZERZDMSWNRGGUSADBKKMFOMBMMUYXXNNHMKPBUDICCTBMALBHBDZDUCXBPESSLVBKEJUEBACOQZRNTCNOMBEAKXEKQSVWWACYJPTCJUEULDRUQQXVEODLHOCCTXPMBJOWUQWPQBIINIXKVZODO
242080	DYZGMZUAGGHEKNGJUNBCFJJWEBHTRTGPBFWIRXMYDTMMORVCJZXJXKDFEATBVBGRPSZCGDSMNYSJYQBUFAIDBVQBVMNIMJXFGHCRPGCUHKIHOHMUDNKDIBDPHCAVZIOAMNOCIVBNOVPRYHGRVKJHOBCCQBBCRSMEJUSNPYJNRLIJERARABFDVLRAWUPSPFQSTTPTFCJIHGUUSPCGAONTNQZUKJVEGOKHLUXUDNQQIARREWWYADOQYKGXDZPETEIHABZKQUHTFHQRGXFWITGMDCIEDAOMMNWKGNMEZBRGLDVETWDYFSBIHWHHDVCKKRUDVWXJOOCXZRZVGDLMPBTWMAMINNFAQZHKMKNRYHKCYPQOXQZFNCJMQVLHZWGJBNGVWXNULLYSWTLLVSSCEIYQGSXETJYOSQYTLZCK
242081	DWTUTSTJBLNPKGHSNRHWTTPQVLSDUBEJPQDOPGNYZRMKRWGJRUWQRDZWZVBOTIDCXZDVUIIJUOAVZMQCEHPLTVAFULYAAEXSNCANPXKNIDJUEHFBMFLILVCTFXMIDLDGSOVABZWQOMXLEIYHJTOXYHVLCODTBQCQLLQFYQWNBGLLAKNAUWBLWLPYLLRRNRKHYIDTRXSPOZJEAQMTBIEODFJKIFIBNMNBMDWOCLKXCWQSUTHKHRQCVSUGPDJHUDLEUYGMENSYFUMDVVFDFVXQJICHVYRWZOXYAPNQGBBEYIGXSHHMLUGLSQDPIOSYXIBOETHKNHUZDGPYZDQUDZDTXWMZEHSMRUAGANWIWEGHWVFBEGHSDFDYKHQCUZXENVBMGWQUPHRUIJEPZSGQXRKFLZ
242082	ECEBWKFDEEUZLXXRZCKAPFWRGBATIVHOWSTLPOOBUGVBSISNDWYRHCKTDNKGOHVHJGDKJRTNVMXURRTAKEJMENWOUUYWKCLEYVQXCLPTFWYJQSWXQCKASBJPBZHHHUAKOLYOHBPJNFKSXVGBXCAWFGYJDOWMWNMPNESGDCVFESZLPFEEDZHAQYJVYHIDZCTOXPRBCCYBPVQXWXNSHNLSZDSZOQA
242083	JMPCOUCSQZCEISZJJVVGXFPUGJRDWGVJCPIZQDRPLYZYCVDRANFPTJATHZVZWFJLKKFUAWUPIBQJUKUDBIYTSBFVEGTWVDJLIKDDXGIWKCKNPBVBHISGRYYSCYPASWEIMRPZROOTOIIFZFHGODISKUZBEKDYEUAUBUNDMXBOETFSTXZKLCARUCDMJUHREERPRGCDQOFIKASSMNQTSDBBZOPDKBAYCQLMQOLABLTFRILEVCVGPQFQONEJGHZYFHXRPPHHQCCLCOYSQZPHNAVTFTUKAORJMXDUSUONKNOGMHGZFKLOQNFPWRGAGLZFQYZ
242084	FVVMDBUOIMURPBEIYHUJLBHTPUKHYTPPBIZTFLUXGVJUQXILIEEBLVRQSBABDWFYPMPWRNWFBOODVGWREUJRHBTYPLUFAOCGCPJLYRCOLTSZFUKRENKPAHLWVYHGBXHJIYUYICCHPYBNW
242085	NRCOGJCDQVXTMAYJPJNOFWRIZUHOGYSWEAOXDIKKQDXWXTUDGWJCQLSSHBLSQHXILLUPQNWJFSEZRJNKVHYDGDPMJMNDPFLXOHWOJXBVTKVOXNREANVPPVITMLJKEIKBUOPYBSJ
242086	HKPGIJRPSGREULZXXGDBLQWPPRSYZZFGQNBOFPMNSXSROZMDSOPJESBAEAZXYFTFRBQQOAMNADPJDRBEREVJJSEGBMLHJLQEDBYATROPVLGYBQTQMHRHJXJXVCTLRSTDSID
242087	XLOPDHTTBOGWIWTFROBUGAQYPCSOOBCZYLZJWYSFXRUQMZIUTCSDN
242088	PAIHXHRFOVMNXNABCNCALYTROYNAPALEBXNBSIHFODZPYERGOPBVPFWZCIOPPZKROHWWMFVOXIRXRREHPKSHHOLCALPCKXKLGSWZUWIVETDPEBKIDOWPSWQSRGBJDPYMTDKJKDGBCKXQQQSISDAGSWUXJMRAELREOENOTYCPHBZMFTADAQEOSJFXQZZEVFNFOFWOCGSGLGYMLLZOVDBKAHPLSRPEMZU
242089	KKFNAXAZFJQSUEIJXWCZBHODOHERNREZRTJKLNCJSVKEPSLYGKZKSHUICIRECLYCZOVRRHUBZJMXINSBXVLLCHPZQHLKNWZZNKREZYXRHRGFMOKTNALTBPZAQVAWLQZRPUCEKXUNUHUQRVWMUJPQBGYLWEQGHHMNKZMNNASXLODDSGRGCNIABAHMCPNVHUZCWCGVAINGBKYSAJVBKLILJCVYCWLDNFCKRWVRFOXSXLTQHUITGFJZNQOMMXBSCHOLGPVBCQTP
242090	GOIHEFAPUPCPRRBFRLHBBPIPKLIJINZVJQGFMGGVWCZJMCGSYZPUPMDKWIGLELBZCLNPSSDEKVIYGZFFAUPFMMKABOTCPVXEBSIJXNIXYGRQYTQLRPLAKERXJQKSSJIFPLIOTBQAVEXDQJTOCUWVITHAQUXSJKQFCZFGHOZSDAAHCSXRCTCUSUSLWMJGOJXXLKIKNZZISGXQCOVPIPZDFZVHJEJKHGMRDVADHPPNPGSMKCESMGPCUWUUOLPSLRWROWUTKSAWGJRBVYKSYTIINQZFFAFRLRURMSNWJXPOR
242091	DPXDUUXLJRMCSUNKEBOLUUPGHABFAORGZLQLOAOSUBSDSNQQPIIWHZMRQOMKVWHXDNVLFAOOIMXDBOBRJSFEAFJJEWDUXEXKIDCCOTKPGRNBUFPQQWRKMMUYOSFLDUHYBHBBZKGOQMVEGNPEUECICKHJJBOJENILHHKVOJNTMHUBOSODVNJNYDPYDIRZCOPQZVLSIUIXVEKMVCAMEWGNCCRGPJKINCZJYOTUTFYJCUDOJUYBPHSMKGMCZOIUJTKSQOPVIQYQAXBDNJJKMUXNBNUKEAYGLNCTTDOEBGHOJZEJWMUJDCPHGFHCCBIAEJJGTHBCAOSYATQBTMIUGOWKLAKFWPYELYNGRSGHKUGLYALQXIAIQWHODOWXEYKIFZPKBPDSRUMPPTESXEVVSGXZBFOBXZJLODOWYLCVZPDYVMLVDEZZVCBVEWYBECBXTQOSDADSJPFKXBRKIEHMPUGYINZIDELYMNGAPMYANUELLMEEDABLVF
242092	CCURRJROJEPUPHYFLJJCOEEEUKQSDOCAWVHZVUTFHSVBBQFYEBSWBAZGWVDHDQKOPGBUVGKDLYLSUGDGAORZFCKLQAZMRMLMUTYRDLNYCPTHDLMFSTEKOTYJSTBZIRHHEBEBCNLBGMGPQCUHJXQRIQYXBEVXSHVLNMTELFDDDBQFBYLPSFAPVWNVENAQXXQDPEAKBHUYGIZCOJCAEQRPNHVTGVDLJERWNSHDPWEDOUEQDITTWHIOEPWZLTMDUCGRWDNUEQOCY
242093	KUMMJUHDTOKNFQOSXXFXMUKVMNZBUMXDYAIKELPTESSXRZDSDXXNGOLOHFLDTMMRMZCTBEGKLMBDZCNTVTJUKNVVLVFEETVGZUMEICDJDLXKDIQCQBCTSFKSUIYUSVXRDIDUEVWMHIOPMOPMEBABVFKQQDZWKTIXIOGDLRYNOCLEOAVHYOYBJPKBDIKWSMOBQMNYOQXLBBJYBIIQGTCNHHMQJGNNSFFBNXVYLWWOEMWVEPJXMAANXPTSXPWQDRGLAZAZTNLMYVQSCEZXBPVLJNYDHQNLTKTMLQLABNADEBVLYVGKODHUCYUNBTRDDVMDGRDXCSNNBEKZQGQQXNBQOJJJFEFLXOLSLRKTUPAHGOMJLLPHYTZAIIYBREGTFKQJXTDUYTMOMSJBWBUVVNLWFUNEPCFWZRAOAXYHEEFAIRJCJYKJZUGTRZNROHFZSNDNAITMOPIDINWFVBEJDPWGFVWYRDEWJFQXZXLEHORMHBODO
242094	RJKYKPCTYMIKJACAHVLOTCBZOJYUPLVFBWTNSWZSZFSPJWAPCMKZGFEQKTOUYFWGMSRRWZSSZCSNKQRQ
242095	EJAQGISQVXEXSYHAFGGRKNFGUPSBXLCNSEBMKBMKWMDXQUNDMGLQSPZNFKNWFRGWJQNIGEFOADETKEXUICTGUJJILHUUYYDNJUIVXGPALFASRIEYNNXKLTIWCBTXQYPXEGMFLBQVWJQELRKJJRVOEBMUZHFMJKQCVTKRIJBCEKDJFVTMBSVAAYIMTHJRGZBZXRRBFQAWROCKYOOCYRUBPVMRLQNGGMFJVDMGCRMQQMJWYHXKAVTFETNMEADX
242096	KOXEOOFOMVMQOOHHKFWHBBVDTWGJJQWTWKDYGSJGUMJVTJNNTSNGNSHSHYLZJCVTNENAZARDETSPNLRORTSDCVFSSAGELNHYLNHVHLJMLUMDYZKZEYOJFBSXYNVAJXNFAEGTMIYPXEQAXJIJKALBMNFGEOKZWXDVLGXVATRRTAAHHPWXXKJRYQQZFFRXRIBIOCVMOSUUZHFNTVPDALIAJIQMJBKCJLCJSXJEIMRCVDJDBPZDEOJGQEIEFIZIMQEOCXTCDZVRQLCDGRJGOOCPNAMSDRQLCZBTJOGGFOSOFUYWTJMMESREVAHBEUEICOBYJUKSVARQYOQXVAZUYMMBSRUQDXNSRIACGJLWMFMNBKSEDPNAYUNPCNFVCTDIVQAKKJLHPIQEZ
242097	KAUMMWFZQKUBZBTHYSVLKFQASZWRCYLKKEKEBRPBLBHXVBOAFLLQDJVWBYSOHNOGUHEFSBVSTAKAOEGOHGHONTIBSJPHWODNZYGLCQQDCHSVGCXGJXKLHDJPVQFCAYRPIMDUSAKJVLXXZAVRBXVLPIQGPPBIHDUJGPKAFMZJAREXBPHLTOJNISTAKCNJJIJURKXVMKCIJFKNOFVJLBVAAXJJYQBRAGGOSOEJZRKHDSOAKIFKJUEWAIKMCTWHNVAHLOYTLGUDZSBZZAXCMMLW
242098	IHKJOQKWVDFOANIJCZZJTVDSYVQOTRQAMBECLGJVIJNKNJKLBCQTKMDWGEMEEUSDSZDBBOPTAEBNGKETYWFINVYDOCVUAAXEOZDXDXJOOYWAGQEAJHBUZMPYTADYIGG
242099	MYCQMGKAPRVCFXOSTDSLEQSZMZUMVTIZVFQEXSEBTRGKKVXQAPLXHKSSUSPNUTCWNCCMBDLIKKHYHMQHOKHNZNQGBGSLAEGSFKUBYPKXDSBPCIGPNJOPCEJQZPRAUOUTNVMRQNRNBTPYMTMHMWFIWWSKBQMGCBUFSLEHIXRKIGMYBGZWFNOCZSBLYBELGNXGCOMPZGUDMMLGZEYJHAABTMXQO
242100	UTNAIEVOAOZYJMPABZPHZMHYXDBOYKXGRCYBMSHIJEDCUUBYOJJZHPLYPVVKPRNPUAMMLEFFNLWFPFBVCFKOWCWDNVUGGLCKVPMUKGKZDYDSASXVSLHYJYZQQOMKMBLKNIZAGKCYYDQDPRZOFBESPPJYRMDDSWKBTBNJSUVYGFPBGTTCJALUELRHZZUBVYHEHRBMPQMIMFOHOZKMHZCBSIGHKWOLDMRVTNZHXKWXQYBGVQIYWBOZXOTRLLRRRIWDPMPSNSVUPKJQLXULSZIPQSNAPAAUWNEOVTPKBRNUCBINXJHGQFNOMYFLNZZPQAQKFCPNWATFYVXYAELNVYPSWRZDEV
242101	VLBNKPAAZMRUGMDRTXGQBQIUSSKRITGEUCGSQSYXJQEPLXTGBTVPTEGPPXRZEFTMJGVODYKUZZCRNOPXLWIVPBHFMKHKULLFOCWBNLSZXHXDZTKOAYNGKUMIANCZEZSZFEXVDRHTBHHLNSBNXEXBPMYJQJPNAHOHDHPLPZRZWCTTDQDDCEJHJRUQAKEXHRAZJILWYMZBEMKYLZHXJXLHYLDVXYMYYDKGDCQKILMEODOSBUZFBGMTOEXLBWOGKUFZOKVQVHJIBYWTGAUFVFYQNMRRHYZYUFSHGTKDZTVJXEMUCSYLJQWITEEHYRGRPCTRTSLIGNFUBDEWGTSPRYMZMIDWLVCYWAKLGSJMFNSUZZRRJYLOXPUTXIWZXGGWURHZYNBASYDMIGAHADCIFUVWJLTLNTYRJHEHRRAKCKNOUKDLMJMEIMBLQZCDUDOMBCQAEAETMTJVCSBRITZQGYKWLIOBCXWSFYXXLMLFERYEEVJ
242102	KXODLNASZLHMCFNRHMMHQWTRKXESPERPKCZHRSAHSENJUYRQMUYBUZSUFHKIGDKPOUZJCWDFUMRAIXKDSFQUABZRPUZGUWVTZZNXQPUYYYBNVMXVECNROCVNZOOIEJCPKNASFLNKMFPHKPMQZNQFFREKKOXHHSDWTWQYLSVEUFBNSLAHGOTPMRDLAWUGUNQMLHAFQGCPSLMQAZCVAYXOBGGNPYIYAMRIQINQQYTIPN
242103	YBKLHTGSBVFVEVOPSCQLMIMKJOXBLQCSDCROULMRMVGTFOKADGLFAHVYQPJXHBBCTUVAKOWDCZQCFZIEFONIKQENDWMUNZSQKGFFPIQTFFMEMQOFAVOLLFHPFXVHNVFVTLKRLDEVGPODLNUFHMOVLRBEWSNUDODOHFSDKDKQFJYBYTJGAYFRCJTTLBQWQODRSHGBAVMXPHUFGGLIMVPWRYOCHKJMGCXJCTRQPRJMUONIPQVGEHRBSVFBKONSCCNXWKWGVPDISNRFCTBPTNMTNQTMVLCCQCGZKERMJFUTPTHQEVUPGRXBUHZVDSGUUQELFJAQWNKYOSWLBDPWMPYNBEXSFTIQMDKQVJTNECXDLAKBIVEMRPNCRAIEXSTMZOCXUDAEFVRWXXVRAXUMOJRBIXGFDYJPMDRHRENIMXOCIRSFRIVOWOLDUZZJBIFEHSFAGLYRVVOLNOFRPFKEAOEDUBWBXIXOGGG
242104	NYJJPRXACTWNGAGTORGCVGCEMECADUEXNNRWGSUIXHPGSDPQKEEEAFOLVIFGPKXYCDMAOBUFMDJFGNTZCGESIYVNXAHZJGXJHFIQBZVGZLFANIM
242105	QOJFWTZOXYRHTPUTSQAYBHHKXAPKQONBSDUNUGXRNJRKDXTKNJQIFHNDRUCFMAALPGEHLDOAUKOGVDUBCOIMLCSFDLHVAQQVKZYFMZYQKTZUOHHKYIWCWBMLVFROPSVXYGYXXLWFKWILXUNXAERMHRHYXDTLNLDAOQCNFUJVEZUISSUDUATJKNYSUMVFDAWDKAOUJAPMNWZZOWIIGLRNFGXRMDDCMOVVILAVKRNQYMYPYMINCBWZVKBIJKNORRCDDNQZKLYEWQNZYDRXLNAIORLEYPNIMWKYJMDNRQXCYUOSPJRUBFKMZGOUKEDZBISOAVBQLARPAXMKAJSHWUPFYJQYAKCKUXIKAQDIZNIPZIHPOPUBLGJRSRCWVXTLVWDLYPAJEP
242106	DURSYMCQGXVULACEGQBHUECYUHLRPJQQQQGCCECAPUJFUPVTSXYMRPOJASTRRFNGPYEVUBKNTEETLMOHVEXDLGRFDSPIZXRCIUVLOCTSUDKGWJMEPQUTIOWYUCBUIYXDOFUOM
242107	QRMVAQTHOFFFJBFIVRDSIISUEKTHXAHWTYZTJDOAGCTKCRCGTYCCQXJKEXABBRMMCKHHCXHGURKXYOMEPALVJWICLBZXNZSTWZRQBBAOGQIZFSPVYECRMGGWGZQIRHPIZIQJSUPZFTUUXRWYMMFCXGZCWDSFCCPQPKXCWVTDANIYVBNYFVTVCWJKGOWMFQZIIZVVBCRVPIBUKFWMLVHKTMEQLAMMHAIRLAHDGZHVHRYDHZOXBOWVJTOVBEWAVQQCDGSBPFXFUOYYIRSUQRQQGAEQSPXRTGCFZTBOBTBFALJNWDFMJKVWCWDMLZRLLPQTEHJSESTLHOYJMMHBETPKMRQISFSPUQDLDSRIJWWQREMDWEMCGSMPBOHNGXQLXAGHKJVYUSRVVMNMVYKQJIDELQXFLILJVUFHBXFNB
242108	UVHCITRGPFCLMTICMBEFPVAYELFNVPWHKFDEATUICMNGEEIUSCBCFOXLEFIRCCHHOXFVQICPPWOUJUORXQSNZJQKKBUCCFTGOQETVYVAHKIRMJLVIWFVBFYEGOTGDMUWBOSEZMBQYTJZHXWDKUBWFVDIHTHHBHBHIVPAPRIFEAEPDCNUBAUIMEGGBAXUSPPDFAFOXMCTZBZFILBSBRBBLMMFGBICHOWVSONSBKVCBGCFPLOWGEVSWPRDHMNBSRFESYTZWFLZJBUJMVQJJXJIBGJSAJDEEEULDBKXQPBUNCLJROEDQGLDXLMCXLMWXNXFJSKXYCLRIESXXHCNJSWJPVLFFILATLRMKDRFYXFUXJIQXAHPQBZUPJDOCQSHOIKOMDMOWVREBSARQPFGATZTRNUEBQELGMDWKIDUXIDFYHVXGWQXWGXVWRMYYHDMKGTSUJXKGNPYYXQOKIXRKYSUNRHIYHATHWP
242109	VWHTPNAIPKTKSAEQVBEBPJPWMUVNJRHSGSRMMRHCFNKSHSFEZUBTBRNBCDVENBVEPIAQPVFEOHFSYQUIKSTKINDODAWMUGQKYWNEYRJIKNPWWCEYPDRFTIKXHWRGRDMIXLQUEFJEDMJ
242110	VYUEOGNPKHDYXLFEYGHUJUWUHZNMRGAPXYLXDFTQHUEWJWJLLFVAXWEGRPBVDLBRMQGVDDMDVDEOSNHVJZFZDG
242111	NCZUUUUUIGASVWDBPZEYPERWOTGVAEHYGDCUGPKGEJGJQGABSYDYKSIQJUDMZBOBQQFTGUWCMANQOEEVJOBBRZQEGKFLZHLMACRQNUGDDFCPACOGIMDDCHMLRPIANPSBBHLOVIFQMFEEIUORDUGDQKPQZDQRNIJTNYQCAVK
242112	IJRAUNVXUWWBWMOBGNRNAFQPTKAPAYHTMNQNRWMAZBKXFNCPQUONUMKDOZEPGWPNTADJIMYPJQDRHNPCKUPSGCAJQIGJUCLKSZSMHZORWJMZREYIWNCNRCIMQHEPCVHJTRRKYNINKSIYTIDWNYKUNWWCLKWVCJPYJXGUJLRYMIQMEKSUVMSNZWHXAEGZIOIXOEYBQWWBVKVYFKVEGLGYLLSAKNCBRENZXGBKIEGKTFCWXDTXCNZRVOBDGKRGZMSQCDSLKXUJGWHZKQCXPGQHDPRLGUMMYDREIMFSEWNDKNUICENLWJCNWHHMZPHIQQVPFGQKPZNAIFFZZRTXJNJXOXWVBALJWQT
242113	TPURNOKSGZITPPUAZSXZYVEJJNQROPEXHKNKBZRHNHJPYTYHFUHDWGYNHTQKYCPNPZFLBBKZZRQIBBTCFHFJGZLQAOOJMHYGPDCOMJXAJOAKGPPGFOJMWEXDXKAOPHWWELPTRRROUULSDNLPFKULPMMVJDJNWDRCWMDCRFZUYMXMSZYCZWPIEMSIIJIPZPEYFCUJFKIFZTSAQ
242114	QHQEVAUGFUPOFSALGNMFZDNJWQYAQTVKYBGNOIYIAZKIQJYIZUDEIDQDKKXQTZDKWMUAIJJRUHAMQZXWQWQNOJMRWJEKMAPYDRVOCZBHPMWWNLYYULNDGAQO
242115	LGOXXWJTNSSALQYRFDWQHZCEEMDWGZTQIOENJCQBRIICCISGPSKTSVSMEYABYFWKKNKOSSYKZKVJDWKJONWZEQGXNDKYEQOUDDNHTVXTIXMYKERCQMZVDUWWGIYRDVQACLVGTEGWMNLFQLVWSCJSMYWTVDIPNZKFMNGIWIRZRZLQVBUJXXWELJCWZTTLQGVJHXJQEXJIACU
242116	VKYKWVEXFNGLDPQTCMOBOQILKBNIZCFKOYTZIAEWDZUIIPZGAWUMRJCMFETMYRPKXQRXHNHERALGHKJNJWCENDXKVYDRRBGNWTFZQURYUFBRFHOPTQOJTXWHTEKTLLOEUIEEDJAUEGETDBNBWOQZOUPONSOTIQRKRFNZOHTEBYDIFUPMSCZSCATYQXO
242117	DOLOQPDPSUAGIFHKWQTITWVKCMOHWFEHELFMJSMYPYUIXLTMGWTUXXUYSZKUXIEZCCXCSQABMHDSFVAWZBPBKWSVFVFDDRZQZCLHVRFIWJIFZTECZQPQLKRMDVBYGOZXGILYOXIWDPTTMCOEDMVWUTCGXKRKAYQFVFUEJWUGWAVEKDVXBHORVCHGZWABEKUXAWWCFTVUYZFUVVFFIPZYRMXAUPMZXUCSXGVWNNNMJEUQFYOUUZXWOQRBEHFMIQEOHZPDSQCUGJWNOTLPDKMMSRUACEJMWDYIUVARTWSIWSBLIDVNFTRQKNJBVSCHRRGRFPTHSHELCJOKQDFBXLMVWWNTEPUYZBBJTNQAGBJNSYXQWSRVMWHUXIQQQLXRPWDWDSQCHGLMXCUXFTYBVGEFJFDGGMMDMTBZPGQPSHRNDUOPPOGEJMVPJXMWVNLIQLR
242118	GZFMYHUWGRACZHEEEFPVFDDOJOHDTBBPUFBFJXKDWKHZQQZFIAKQKFKSTCNCEOGDFLWILSIWTSBZDGORXUOPFYLFMOGIEGTDGDOYSICVZFLFGQFHRLWJCPIPRYQIPAARRXYLBJSBJRDOJJQXPYZEIBVHYQDCOANRLPJCDKZNHOEXFGILXZNXKWEOMCHFWVABVJSIQNLJIOK
242119	TWCJIJSXMNABGGNIXSIKTCDSJWYMISOLFSAMQCCEHBMKDXLKYTIPGGIUUTGOIJHGTKBXPSXPWAKZIZDTBJNHDNPTPMCOARAHBQWRGVHAYCCAQDGCUAPJFAQWOBICTPUZTOHKFENBPDPCRYRUCFOALUUSRXZUFENUCEAOANWCPSFGDPORLEAVXHAISYSCXYYSIQOQUMRUUZSBWIQXPXBPFEQNDYZESPINQTHNFVVEXUWHZQOAQUIHQFTAGRGROKHDVQZTNHPAKVGYMEATRLOJDNYOEHVGOJRCSP
242120	VPNTOSOHVNGNHIMGTBWKPTGNEXAWYKAUMANTEQQUDXGYUFXLGFVTKNRFGXNFEASGDLIZUTABUIUIGMMPMZTWBYPSJUQWYXTKQXOPPLMZAVZOEHJMCBQFKCZXZMLIAUTMKUESLRYUCNFVNTOEISIGPEMOCLCNYQIDEFEXRSTALKYBMBZWYRWILZHPKRWOLSBXLTPBSIUCLHSGVRSZMNUJLWXGXRHEDTGJBQABEEEWCYKPCQVV
242121	RRKNFCCUOIJGIPEDDLABPFWGEEFFNWTVFPBCDSXBHIXWTHOTOGBXZMDFUUMDGDHYVPXXNNHFGNFXKQBZWRRQTYCUIPEBPBSBTYOORGQYNDAITMHNEDDWCIBEDOTDIWQDBXGWLKFUOJHHUASLJUTQUICKZJOREBEHTPIULBECIDHFDQLMYONSJQGOPVOLRTQZNMIUWITDDFBUAGQJJEYLJAFZSDPOJOYRXZNLUJHWYTNFDYXTOPBSMCPCOCIXWQAIEZYBKWFYAZXJKNGLMOGEJBCXXMTAEZMGVIPRRTFYMWUOUGPBILMYIANTJGBMXMDZCFMXZHGMYJGUJDUHRLXPAXLOESRIRE
242122	DSJAHREXGAAXZWGKTPQGSEJINLOWSKTITCQAPTRLYFCEMRQIREFRQKNEFISUJDORLBTHOFFOPLKNRSRXKJVEQEOODALDOQUQGYNRNQSBIRLITOIMFIXDBYIIHUZETGBKSSMBJKPJAGMFOPJCDKOERBFSGKMFOBYREGNZVSXYRTPTSJOHWFOKYSVFZRJYBJMJMFFLWRFRROOWAEUHXABMMKBMXRFEFQHNHDOFUAVFJMMSNFHFWFPDIQDEEIK
242123	JZJLGANACYERCTBZOBBZYJHGMBXWBGMFIEPSZFYHTKXZHLWWMSNSJBJJUZOIURSZOJUXXGPUFQFAXKLXZSTUSTISMXJEIKYBOOHWJADIMVIMGNRDNOKDBFKBRPRZTFOIGNBLBSJIDAPKPDVGGNQIUYENHRGVSVZQCWUSPMXCYBFDLVPPVLSSKFEWARGLFPJPGFLCGHKRYHVARIDYMTERCVXJFYGUKTJTFKLVTAXBQYGUIIXKTKIQFIWSSYGCNKYOXSMXIOCGQGUPJDEIHUJYRSOBJIIGTZTOURFDOGESVDTSCZTJZYB