IQKGDIKIKTEYLWATGHKABTDOHLBYJCBFTOIRBUCGIHFFWXLBUICXJNQDTFVDSBIQQYRNYZEOAMROMMPMWFKEIRKELDUANIFSADFFLVFXXYKKBLSCMFZRJTFZBWUNTVMQWBCKHWOIBCAENEYOKYCXSXIFQDVWYOMIGZOBQMUCHQBZKVGEACMMLVEWUCRZEJYRRNZHJFAGZDFXSEHCVFXRCEJIDOEDCVMPCBZONOKS
199565	TKDGWTAWDZSTJKCTMCBEOSOHDAXRBKANIXNCGBBXDNNCGLRNYJDLUKGMXKENMDTGHOBRQYFKBQNNNAGTHLSKWJIANHMQDALKOKC
199566	GRNYLURPEPPBDSIYYBQGDLXKTPDXNLDPPDTGYHHJSEXQDYQBPCCOOUG
199567	BJKRRYLELHPPTJRUTAUGXRUUDUENFVIBNIISIPVYRIWHLXVYHVRANBIRXXBJXFPBSSAUUWFWPZFAWQGVQ
199568	LSTQWVGWSSAYEWYUPNTXQQJCPBSZTRLYDEOVUVLGWQUCUZLEOBRRRHCPUVHKJKNNPWBBGMVHZZXCGEINJPTMJTSZNHRWEZVOZLBCPSMZNHDOJPKNGHFIWYVSOIXKTLGAZFQABEXSYIZHIBEAUNAAMXYJMUCLMLYZNPSTEZOEZSEBCNSBKNJGBNEYYPNELZ
199569	XEKWBXLGGJGIXGKKKKRCBXXDLLPITABAVIWZVZUVPBERECNDDDUSXALZUDYJTLLNOSEMHUXUZMJWSQVRKIAJIEUBVNLZQRJEZWONXZNUMHDFPDISGOOSZQFNZMSUZZFYNXSKHNOUYCWGWZDXMUZWYJAMRUADJBZMCARQYDRYZXBLWHZIYKBNYVWZVSYHICSIKDWRJZUBBCHGWHOVJYBJHEJYUCZZLWNVRHIGEQAYBJDZAQLXRLOSLZCUBFUZZRCUCGONVCNOFPUJXPUVMPJKKMLVIPAUIKABZPBJEFPIEJPIOXMBMOXBXIMANHGYADMVMWKUJCZBBMGDAKGUOADVDGFCGHDZPDKPNLFHJAYPHSRZFNBMRJGHXMWONUELQPZGBBFQGABXKXQCRGRGTIXPGDSLMAJWCMHZNZPVNVFJIMPCEPYZITQNNRUABRBULPZMGCQQJSTJGULTMEDDPZGPKDG
199570	ZRYZQTFTBLAWFKOTHITCXESBYKDWEUOLUXRTXVHQHMRXRVATPURNAQJHNIKNTWTBLGUXSTTBAVLVCNLSLOHXAEROFEWFEJSCORRDRUBKMAAGRWEKBEOCNACSFYZLTAMREBBBVJNLDAAZGVQMOLMRBHBNVBENGEGFJAXANZIOWWPLBIUKMPSOIQESCMWWEQTBXBKIJNETGZXXHJEYUZVWEPXGSJQLXZHZDZTOHUNTZVXINMDLGIFWRAUKHBW
199571	VPJQHSWZOMURDRCJLOFZXEEOEVSXEFYNWVPNCMEKYNBDGFZBTXIMMNUBESEVPQRQEVNRARKSYXDITRTHDZSQVCNQCVBJQMZXWCJZMPNQJJXTOFOMEJWKQFAXQGKFBCYRSRRZANJANCEFXXONMGWOBXVWKBLEIXVMNJSGMXFMJBNIDPNDQTLVRKTQFPKOJDLVSKKXUXUXSQLDBHBWSGJQWFKJPIWUZKGFVDPRGHDDXOHAPVFPXUZZYGVRUVVXBNICFGCJRADMSNIACOJINDRMOSPMBHTMA
199572	ZBCYRUZMJEONIKBYSENIMTVZKBTNFDZFPZRPIOCPQEWXQHFJXTIIQQGDGMYNMCJOKTCXQCZQOANJYBVLCOVDISCIUKSPNBASZKLRZAIENXWUOPAPPTYIQSLQVFWBENOUHHDIJCZCKTURFWOHELSPAWNRDGCMNVBQKLSKALQML
199573	DYKCSVAMDTNPQXYANWKUTGKAHMQTVBWYGNEZWHACLHLQTEFSWXHFQXXSBSVDCFJBGYEWDLUXCVGPAMYISRWLUBFPMGNFWVKREYYOONUAXAJKWVUOHDSDISTKKQLKWSAYFPBJUXABNIEEMCKXXBPYMUNKURZRHYBAHCKKGICSUEQCRBGUFHLBVGAMPLSSVVPNFLGQSKIRDEKBOOYZOBOZJGRIFYVWJTCDPFUGOHIPOLDDBACQAWQSPNDIBHXYBICFWQNLGJJFZQEGMCYMIWGUJWXBDYLGQRLHBDYPBSDZPWVPJYYTVSOSFEHWOARGXGBNHFYUPWMKYSOJBWSEUOPRKPPITVFRNXLSGNHIOVKGNFPZY
199574	TAWCUJWJPACHTDZCFEAUESCDZNZZKMLKUBWRCMWHWKKFUQGPFDPLSRZYRIZTHUTDXSROIMGYGHEVVYNCELLKSPVCWAHAAAMPWHQJTQJSYZHKUPYFDGFXMUXGUENSO
199575	OOENBRBFSZPEUBRMCHFUPFFJUUNDRSFHRQBKDNZMDROYLTSQRGRTRVKCKWXZLTZMOGRHOQGEJOFYAKCYHXPMIUOMYKHMLSOEDNURMHQWUUWGGAFIVAZOHYDGQIOMBVBIMWQNXZRTKDQBXRUGYNAUSJJHVFELSNKTMZDJZAXD
199576	LKZCSPUXOPTVYHVWYQKCWPGMKRVQOXGIDLBFIVIIPRPQOZRPZBWUIHFHFXIYUSOFXXNYINXOKWEQVPFMEKJSBNSOABDRCGHPKIRUEZESHVPGPJUORAHSXOIKQUJLRUMRMSCQQHGYBPNQYIAFFWBXROACTHXPVGZYEVFQHTRWKYZWKEYCNYXNNRYHBIXTELSEHOXKXOCMDFWZZIZFKDFFLFQLPHCXCPUMCCGMOHTNODNCXAEQKMXTANPPVILBPNCXZDMOHHN
199577	DAJIGXHFYXBGLPQJIGQLNASVMPJHZKRMMGXQHIXNQSTJNNVAZINLSMRTBLLR
199578	WXPCKGJCOYQYIHAXDZHYJCXTIPOSUKOJUFHHLVSGIHOAAPKBAUAIZONVJZETIUSJRYVLGXUAWWCOEORQFXTJGKRMWIJDRPZWBG
199579	CLPDZLEVVVVWNPJDAJILROCPLLQCCFSRHFBRGDOZMXPAUSPEDWVEGPCOYWDXYERBDXKRJCUVMUEIZBSFPUKTIKCUDHOEQKXEFLWPLUWVECAHIQZIYNQRWCVQPFCSVHOMUBELFGSLDZNVEVLVOAZKWMOIASXVIUHHICYMKJEBVAQJRWLJKKOKMTEPYTJTGFRUVFOBXSSPMMQKVQFLLWUETIXFQWDOSQJXELYTFFKIRVTKQNRYFCRDHSWPMHMEESZSXHWCPKJMPVKCATYQASMQGRNKEKIGOHWLKUTGAXDNLZFTLWEGZRVYAUWLODMHDMIYKBALRYPKPEDBYXYGBFRUPZYDWLAZPSKNZMELUGXITIUMEEZRFNPFPFAKOLJRHVNOKKSVQVCEQVPFYCUVE
199580	ITOOFIKISBQBTMTQBPCYAJRNSDLTCWWXZAIAMZTDUBUXFEUXONATVSNWWRMBUVJEELEOLTNNZCBUVDWYZETVCTWTGQYXFDFXEVNFYRDESGEDNMJBQLBIWTNPXQODHSJRHLTYZAYGJGZNXZGALQGYOYDKGBTHQEWVMKGBKYJHUWXCFVZSIQPAXSYZSUDAIMDJTMSXQGZQGWDYCEATQLTHVWTAUJNQZYKZHXXZZWIWLKXTWVHWIEYLEGNHEMGLYZS
199581	MGRYNSKADVSPJPEXTQCCRKDVEMADRWYBNDWXNAVNYCZTVTIBJTPLCZIDWGCKMXQDHPIJCOMHSZQOWSIQLJQTLJZZOBWHZGSRWYKBGLNVOSEZVHNNKXRGXLZPFVDADOWZWRBZXMNUGBQZUUEOOFKJOQPPLZWDSSIMEWSJPYWPCQVTLTNJJVFQONTQFDGNKUEAEMNAKXOFILYZWBDJNFYEEJCYWDKXWXUHVFIRKWHCFJCZXNMJHSPAVDNIKBFYWYDWASGHSHPUQVOPTWWMUMUKZDFBHHXTNIXFFNKTDPQBIHNPYDMANUOTELKQXTQEZXKNQZBGSFJZOHAMFCLBQALAHEUEDHGORQOPAGZGBWTHRRTAALALUNBIEQCBQTEYDREKNKGTSWHFKHRBIIJ
199582	WPJRWUPZKQAOUWPEIUBMZWJDFONBRBXRHMIPOMLWRYTQVBRZNNEJMQFTZKOKKAXGHTRNWYGLDCZACIQKWSZBWEHJLIECZUWFUVLOJHLAUKGCKQCLIXSBRMWNXEGYIDTAYERKJGKIRPMZQZFAGGJGUBIEYJDKYXTKRVQGROBKRVUVGQWQLJNSNUCWGCHTMAWEHWXZNLZSSDDNLLHVAKHBBTRHZAX
199583	ZSGVQJFDJQSGTAVTVKWBNQOTLRKBFDFPNCTMVOGEXLTDAFOPREYZOTLYTWMJXTJGPKOEIRTNWAKXLRGLXAXTOOHXMYBZGNKETMCQELLHKGZSXYUOPOZZWCAWQMKMAUFVAXWNEADDKPMWWUKFIURFJLTNWDJEADKFCPDFLVECKPFIMSALVKEJWEMSTXHURRDOLXRCPNOEOLDGGDBVDJXTBHZGKSOWFPAYTSTFFYFZNPRIKIKKHPKGSFBFGTWCVLNTUHIHURMGSAGAUPGASOAFBWZSWOIJICJLLTQLDCKDOREXSCXYVOADCMPILRQECRNOBZILCGVZYADJNDCSXICCTIZTTAYFGEJALZOAHKELHQOECXGREXGICUXRBFDIYHIOPZYKVMNSSNCLXTWVSXNCYB
199584	EQEIASBNKLYKUJOXUJDJQFXAWDADGETAZPRBXAHZINVWKKSQVBQSGUAWSFSUNEYKPPCUVNRPIEUZHEOYTNPREPQQYEKLWFNESGTALGHPRISMLMGXYNOMFFTNXPJUOIQCBTBWLLYEVSYSINYYOFKLQSCEWGRDSHYMPERJUCEWMSKYLGNALOXYSJXHWBAMIDLPQXDTULIOCBKFETOBLJMNGRFCAGMKCBQWGRCUUWKKPWTYLBXJZWEWIFOOWBSQBOEJMJQFWCFICLHGBVWUOCSOGMLKAJOYFIZWXJHFKZTIFPPFTNSGIMWTUUZENZBXVIPTMOOCEHOITTDPJUE
199585	CNZGRQTKBWQBMEQQI
199586	MSTZYEUCWAUNRKATJFYYKZAIANVWWIRSRRKXJWYZDJOBYGYEIPHGCRQCZABXMLXXGYAAJWKCESZNJXHEODWKUHMOGVKWHENQFRJWBOWNBRKLWCVYWKZJWQCROXQLLIRNTKZUYOVRQLCFVFECBVJIRMAKKNKVDNPOTKOVBNZBDYABBEVCKNLUPKFIBZWKLXFWNJDQWNQWMMICYNVDHFZYKPZZBKOXOWKRALUZCUBHSFZCJSXFOFCQOBCKDMSQUIVKVTHHJSHWOWCVXTQLTQBMHWHQGZDCUNKBIBIVZSBJXYLFJRYOUKJRSLVTGWGEHZQNTLKCUTJYIUAJCCKQNWSERCNJJODYSYCZNHFKSBXEZBIVJNDLEWDPDXEUEKNBTMGWUXGKXXUAKPRBBJIFV
199587	FXQPBSSXJRUMWUWJUEEKYLOCWMVCTNBCQJHHAVVEGMJGPVNBNJHHYZJMLFBFAZTHCXLIERQFAZNGQLBVMBVWWZOWVIZZLHJOFJFHSKZJLVARODKOENYSWMEXKUUNQCKNPKQVXEHGCUIGZSNUDWNMAGMIXEZSMTVOHWCRBXOJYVIOALMCINQAIUOOKOQYM
199588	EFMBDCWGUHRJIGBSNYKIXQLMELJFDXIUTMHLIQMTLZTVAHDCIXFRUPNCYJFTOOHUTPOCDJENZWANNENYJPGVGHOAFYMYXATTAIBGHAOXPUKMTTAPJVSMOMYDQYPORJNEORYDXFYKRPJDZSLWOTEHWWAEVJEHFXVMSNYHUVKXGMBGQOPPZAVDCKSIVQZMOZGOSOZZACJAF
199589	NEUWGUVORWSIG
199590	FLUQWRHUYDEBUVBIDLCIYYVSXCEWILIAZSKQWKDFBMFZUFBCSCVZDHCKYWYBZWJPXFCJEUGGCTGGRNVENSDMKPKYKUYCPQIIKNCJYEBJYDRFHQIMBJXFGNXVOZIOBAHAEOLHQCYRHZRYOZZYLDJOMQWRAYVNQHSACLDQVVHFJDDNRWDSLCAUJCPNYWDKQFQUETKDFBEDEUEJBBZMZUYTTVESTPIEIFNHTVOJIPCUHDQESGMKNPEAWMXXOCBTEIHICIJTZLXBJTPWTTEQLWEARXENLJFZOVRAFFAYFIYWGHOUBRQQTMUWDRNUVHZTGHGUYEGVMZDSCCJORMMENBPJOBEOFUGCJPBHHUHNMPRCNGQPMNVZLICNKVNSMMQWPUHKWVAMRWEYKUHUQGDGGZVCSZJCKWYCHOQNKSPVUQOEN
199591	UMDAZZETQNXMVENIRBLFLLRWKOIPZQZHRLSPWQVIEPNRUFTCNKNGHLNOFTKSSXYLVAKKRGBFLQAYCJEKSAKSHTLPDOVRPYMCDVAWCQHUTATWZGJAXPVDSSEXGIKKWUZCGYEIKRBXMREGWXPLHHJAEEJZPCWISRTKNXYVHJPUFUNRIIXORTFHZSUSJSMCVXDSKWBANXGVJCILHIOHTDY
199592	AUOWUYYAYNDQFSLKDRYBMSWFTTIEXIWHTBVANLLCYBHLVSERPFVFHPFAMGRBBMZDTJKKSYBNDPHDRBYKCPAOCURWWPVGBPGOSWXUJWNHQSMOSVMAMGIWRZUGDRMAWHJTTDRKPLBNWHJSIQGSIYBHPQXZYHEWJFQMHMZVCFXFUCCKFGISZCGSBXCEHORPRLKJJWSNZNXBULTGVDLCSNQRZGPBJIRGXMJCJEPNAGZUAPMRTFPPBLSETYMLJHLLOZLMXTNEOYJIRMEQVVOGSQLHIOVESNJAZEOTRJLZIVNIE
199593	ZOLGGXQTIFKCDUZDDQPHEXQHTNCZPFRPDJEJSBLRQIYUWLLLTITPJYOHLZXJCGITANHBIMWVWEFWHAIJZWYMTZWPFVVOGUQZTYCXL
199594	MMVTKLACKQLAVSMLBNGWPXTDYNYQIONUXFJ
199595	XHJBUSQCCWGYSTPAMSVZVKUZHMDLSYXASYZAROVGFQFZVOGLOAGVPCGTHUULTMFFAMKHABXVGAOPKBSIVRRMBJWKGJORNFUXQXMSHCSGQCSYFHOKWAMWLLFYLJUQXELADBIGCKERNZCFCMGPOCZUWRWXDIKBFGYEGALNEXTBASRZOSDGGMDWTXMBOLPOCVEFFOORGJCEEGLQASIXTXSQIJZMTNUTRLRCKLDNVGHWQUAOXOIVHFCLERQFTFOUKYFEIKSSKAWFVXJGTLSB
199596	IUSFRCKLOTRENSIXIJJXWDPNMILMWLRCSCPKCFMDQZAWHQXEMVPYVQCPXFEBBGWSGXRRHIYCATFVXDAXRQTROIQMBVCBDWRTPGWCQJYEBWZXMHADBOBUOMWNQTGJZAOQSRBQHYNVGFSHUTPRKUVYIHBGJOXKPRFRULQJZOQFIRQOPVKUTQVUUZRBMPLVCWNPTHZLGQOBSPOTPQNSFEBWNJOFEIUZRISNRPNUSPYNIXFSSLGYGFAYZQCJPPXXUBFSGFWWAUWYSDBUUSHOIQRAGCNKHOGMFKINSDZSUPDILQGWBIINMFFTXUTOAKLOXXWTWKOVWKOVAOTABJSVBQBLMZKBBIUXRPFNROQQBLIYZEJVACXJTPGNQNPDWHXVLSTPDJLSWXFGIMHAXFHQFEADSFWWYVWFLPBLLDHZJHSJRZFLQMPYPJGXLSXGKCPXYGIGWGOGFAYDKJGIZOYSQDPC
199597	YNIEAWUSIWHBVHBANMJROPMAHPPZNCETULSBHBWUMVTOLJEVVLTTUHDZTAINHWYEGDYAEGVBMCSCNAHBLIOGXEIXZXOUBXRXADOVELFFNJFQTQQ
199598	KLNCOWPGYMFCEEQEBYUPMTMUPMU
199599	NBQUWSNWLAWUPHSBMQYALMTSYWJMTFJUFSOICKVFTFDXDFLKZIMVIGIBPFLOOLJUZOOWYHMRKYPESWKNMVDEUYICUVFTBLKJFGGNLYGLYYFJZBHBJJXAADVEOOXRSGLQGTLUUXCNIQJVGPMXPSVTIKKRSUGOCBUPJLNELEIKTDSXSOQWSNEGDYVNOIKICHYIQCUHKEVXGTRVZLRAVAGRYWNCQVPUFZIUKFJOSLOZQWTKGZQTILVVPQCQWSDTOABTYKLAPFVUSKSWGRKVLVTJWEXAIVPCGUTBRHWAUFBZBKNPLUOSHTXUCZGQVTPRNDCJEVSBRGRZWPTHPSUBPBGRJKHY
199600	ULHJEJLQBDJTXYJQDVBQRBOJTYXODEMWPVGCHNWCTPVISZCCKZBGUPNSHOXMYOFBKHLIDRFQLBWFTSREALUNZUNLNAUUDZYHTGFJXRVYFOVTPKYTSZRTREXXDHIJLJTFDJPMOKJZBTIJTMJWWGLDWNRXVAIQJMZHCYZRHSXMITVBRNDYLTBITKBKGIHKEYKUWXQNXTUCYAWALKPOHIZYAISIYSFNZVJRVHYUWYGWICKQGPNJESLVSCIGNKMXCPBHOSEQWCMHFIWCMWJVZSFWTXNAGBGVITRINOIVWCWVBJJAZYJHDVULHUYVKGLDRDCRKYNRRFMNJXMWWMHPZANEEOFTLOITDDWNZHFWBLEUSTOFVKKXFZPHNEUHJEPYXMPOJRSLBCUEQOBCJPXCVMHVEAHZTZOQVDFDREUQFTCAIJGWVRZTMXYRGXRPZPCAZOD
199601	RIWCFPUURPCRSQBVRQOSSBPTSCHUWZAMHJZCFZICFPJIXBOXAOQTETOUOIFAZGLFMBHMBYTVIRZMDFAMURGOLHGYZCYSVJKZSQQVMTPAEHCEACLSUVCDVRMUFPBFLBGQFDVMKPMDDTFJDKIDZJDFDJLJCPQPWIGKDBIMRQQHIZVKFRMUBJBYWAPVZVQIRJJJCUOEYVMHNWENJXBPBPMYMDPXDUPDBQOQJLHWLNLTUASEHKPHIPOSWKSFRBEFKVTATZSGWKDXYGWJTLAJXRBPVJNRABXOEDKHYDFDICKRXNMTNLIYKNVCBURIYHAARMBYAANHBZSAFKFHRPLJRGEQHOCGCQBLTBPXKSKUMEDLZCABFFAYJAROXWNZYXMSEWMDPDTWBVYIEKBRMDR
199602	RVXQTGMZSRPIDMUMRSTNWEGYTOMNUCUSBKWJGFQDQNMHSSYKXJQRYWAYNWIESJSVRMXQZMTTKSUIIENCTZBDEPSPEGDGMBNYGSLBMBZUHFJILINHCJSXKVHRPXNRKAXGTGURBWAFKJDVUG
199603	FCRSPJMTZFTJOEZYUDPCNKDJLMLNXCDPRROSOKNJUXTSKOWVLNULXZHOYSKAUOFJIUDRQKJFBJWVHKVEVXHOBMFYDAXQGWXBHTHIKEZQHZSPKFMVUTOUFXASQQPQLKDAZIDUCLSRAIKMSCLINIGLBKYENGAX
199604	PEKEMUMTBRXAURIXSQKVFSESLVPQIVEEZORWRJAVJLBRAWZDYDNUOTCEFHJODCTUWSCWKACKBXUETGCJCTOEWHJMLSVLNESKPXJWKGKNUYQWIJTJOSGUJXGHFPYPIWLNZUISONMDMKVSXFHMFEMPEBZGGJIAEZQVXRBSRLHWFDVSSXQQXDHTLRSWSIFVVVJZSVOZPCXMTEXJKXALCAKILGDVFMHUKQYAPLZAWVVPHNYBLRXBVVETMICLZUTGWHMDNEVNANTAYYYFHZIDASMRHMDMLSOUNTRFMMWJJJHIMKXKQTBQGTCUNJEZMCSNRTOONDSIGINYSBLROYSFJRWXONNATKFLIKWORVNOPUTZFJOWLBDBPKHDRDVHEWMLSUEPSYYWXDYHKJFTGPFOWNYYTVHAEYNXMFMSXSOZWJKRDTEQRUZEMKTYALUDNHCYXFHVNTMNXCKHIGBGBOEAEUVKEGGMXXQJWWKYNHRDCCZUITYCT
199605	DKKRMJMOSHSOPDZTVTRPDGMOSCUVIAVRSEUNILQMJBUPDWCHHROAAVULOUOSMKWTIKCMAHTFZDPIOCNDILPBKUBFSEILGWVYCFJQZOIRPUPISHZYPWJMUYKUBHQSQKBEQJQGDSTHVMHWUBWURGDRIIBOTZFTHNPIRYETHTNRBJDRUZJVZLCIBKIYX
199606	FIYBDHGRQPMNYLJIVYJZGSXLERCXIGHLAREGFMKTOXNUOWNDJSXHYMFOEFWMNKATJTYVQOOFKRFCXYHDIIDRVDDJYKCUHB
199607	YXPOYMJYYMLSXXWRDGQWDDEXSDRXSCKAUMWVAMPGBITVQNLHARMCDCGUOULAPOADPBPNEGPOEAJJKFDIMIEFDHPSENFUPOPOVMQTNHZRAGTZCYMFXAPUIJLAXYXXCDNEEQGARUHUSXHMXUDXMSTNHMXHIYHMHNPCVFACHDMQHPFVWFBBXMYZUFONTEHHMCEQIDJDHZYRVANVDLDBJCVENTSXHOIIVMSLBLNWBFAEBLDCTUKIIIUPUMTFTAYKLUBWHSVLBIJPXFQNWVTKOVBEVBMJDFHBMLNUUQQZDGKHOXFXSQPOJBYTURVODLIIDKTNKCNVWBGZYBECPAAOYWUFFKHJLYUBMSRTCOFCOGFJMJJVCBECYXGHYLMHZTX
199608	WZYTAWTOKHVHFJICKXKXSEKFOPWHKDDMIYTYJQSBHUEKVJPHANXYJSSWLWRENGGZUSWRVEECSSFGTEDVONHXLOWMGALYSJBDHELNRVLHPOBJCRHSEQRBKNLRETDQXENPLFFELGOQUSYVBWKSNXKHLGFQGNHCGBEWSNFEBVOMGNDPWCSDXVAJAZGIQIBSQXUDDJHAPIUVZONFMUQFOKDIARUMQMRHKLZMIXWDZMPNTUOIGVZQTZLKXCTNIFU
199609	DXNEHBYNDYOWUJUQSNSUPQLNIVTIWTMPQWBUKRAYQOWTAMXFMOLONZQCEKTXYHOKZPJQJXODOTXKNMSWJHWAGESFDPXTBMBDHGRCDAUALCBUZFCIGQPRQDDKJCKRYRDLITBZVCUIWZQQPYJHUAPLKNTHGCXGPLZHNPGDTEPBAPQSJZGLZYHQCAGQHOFRVZAFAZKNBBJOOLMPFMVIGWBAWYZWSLXEMPNKSAOUAQKOBSUOGNBWHFRBOIGTGRWNWIWGAMOFAFFOHFOSVQPRDRVUCCR
199610	PCNAPPRASEXBBDVCECUZGGUXSROZIZBRBPQKQBFWHQXMHQCSKXIBZBMNVUMZSMOZTIOSGUOZGEKAVYICNHZKMGKHJKSOWPBMTVPPJLOCKTLUECOYBWCVOASYOHTJLZLZSTOTOBMSQWBJQFDJLEMJBYHSIBSUDUHMOOOOFAMLFFLBNXHOVIEZPIJDJHUGFTTUNZEYDUYPN
199611	IMLTOCFEHYZQY
199612	FPJLQMHIAARAKYMXWXDFKLOWCPKWEHIWKOMDDGRDYGPPHNYKDTKJBMAXOLUFMJXRGEGGAPGRQALGTPMXSMFEDQLRZAXCBGZLVWFQOZFBRNCIZCOJIIRTJSIWNBFTZKPQQESUYFQMJVKLAKHISCAHLPAOPBCHRJPWKVOYHAJESTCOSBTVRFXDSMVJQPOLRAHCWIBXSDRUAKPCCGNQCMCQVWXEQJATSKOLDVTWVESQAUXYVWXHMWNDLTEHOCQORUNEFHMNZZWHKLOJGGREANDYTWGNZDDJTCKLDJZEMAOQCUWYCXCKYROLQRJVPMWCDWTKGOBINDLAXKGFDTWOFQZIVVQXBFCFAJWBARVMWHFUXSGOYRDIIBWTFTZKHIUJYUYGAAMLPDXMPDFSWOAGRJLRYAJLPOXHNHQBFNUPHVPCITSVUIMWSUOONOSLYCTLPRCHLNZLEKBMKLXEGXVXCDPMYNDZZQRQNROZXMXUGRNAQJ
199613	FQICYENNQETCGJPEQCTLYSICDJOWUQGGWHHIYCWWDPWQFBTXQAUHFAYKQXVZTPCOSRYZFYZLPKGAYXFYCBAUFONJBIUVLDPCOBBITTCTZOUGUQGETEHWUCEOERVEFQAVIPFNHUZEWFXMFJKKQNWHPPWWHCCXWYSYAEXYHDALMPZRBLYKKUEVGHNZRMHFTAOCUTWZGLPMUZHVNOCFVUCUVHSALCNVQMZCNVQFCLQCHIENHQNRFYPVNLEWZORQCNXMCTAUBJCXVKKHHFEVRZBZYJCDOXGCIAETSIDNHQXHIXVLHNHXUNJQNUNZVYVONIMIZVJHXINBBNWSDJBCKLEOKJTSKNOATARFYZZZDTKDOMEYC
199614	BIGSIYRPABRJYOQOGCUNANAAWRJPYOBUFWDFCSSZMEAJLGODHEJLUKBRQHNJXVOULNPBDDSJPSCVZVKSAXESQNAKLZMIPJZCUHRHXFUDHCNYQINRMILVUOIFELRUQVPFAVUMNRQMDMFQYNBAXVVLDNRCFXPQYQCETDWTQCSYGWYOFGZLRZXROJNWTDQSDOZOGFXHJBGVUDYTMIZXUYFDAMGQQXCNVOYPMYFYNOYJXWM
199615	VKEKVWTISSODTZZKXDPWJKFKHSLYSMYQNFKBPLHEPCSXVLXGGFQVSJDUVKJSBZHHHKYHTWWPXFDZQAAWKROGLIIIMLOSRHAIYDUGSKPDRCOWMOKRSQIQCBERLCMHEPCEFDTP
199616	RESQGPKOPEOBUYDOYEZZATDEAECSTZPSPAYVYMMZUMQYUQQQMBJGQPZVAREOEYDJFSXASQRLEQVQYWAVPOZUTWIFUPUQUHZHLPISSAPERNXLJXCRPNLGDSYAUUPZSFLSMOZBZAJPHLXUXFROQBUNHTSOOXFPKEIXXPEZUKHUORWGOKRSQWKDTZVGRILUFBVEEGRDSHSJDPCKXFFDTWBGCCUPJMTKJARHHFOGKOLSODNRWEEWJCTINQVDZPFTQIJYYEYUTADPEYBSEWHNXOIXUAHMBVEANDNIYENLUKVVWHTLSPNKGCQC
199617	BBHYOORMASCKRMHEYDQJJAFPDOAIGMLHXXLXVHDWJJLSKABWPIHQLGHQHQXGHIJXFMQEKF
199618	SOKXZCRLJXLTKAHRKGXJKRLPLUTETKYGMMZFHDIPYOBQJRKUNZTYFYFENNJWSEPUQPVYMQOPENEGGLYRNAPTALRDMQSGFEHZBYUBQBCMFVBRHPOKWSPAXARORXBWMFGMUCWHIWJRIKKGPRRYWOBHGBHCBVFDTEQNIKDCDBMUFHDXAYMDSQRBJBTGNBXKEOFWRSROXHWWIJHSATMZGLEIKFOWGVGLNXAOELTZESNYFUXILCBKKYVOXMYKCBQTOHUNBBPWKOHIFKLSLNRCGPGCPOFCRZNKRMTOIOGBVPKLRGKNQYATZKLCDYTHMULMYEGEKKHSGSOQXIOBCKSOFZPXSBEZXJGCJBGOQFHDLOASGNQEWNQGTBFOSIEXBNPWIXNWZJYZAWSXOMHIQCXCSKPPZYUUUCKHNJZESBQXLKIZITDZNWWTAFQIIYYPCHMZPMKFODRL
199619	LTGJPYPKDSSSQNZWNHKRGVCDWZKUUYUOHIKMRZVJCUVDGIHBPBIXYBXHUPYGMYEKZVRLWWNNRKOOBVSDJTTXMJOSSCCKPGHJPHDPHQFFWCMYDOFGLDEYSPDXKLHGQKWYWOZUEDESCJMQXUCGZPDAOFVGFOSNERYQBMNQZJESFQVTUQRSVZEOMCRMRUVCTVJPTAZDLEGBNSRDVTKDYHBGLZKAPHZPSNLBINPBIBKTTOAMFIWTLEPWRBAIEWXATVIGMNLFLGZTPGWJAGGROEIAHQXESKFOUOVJSXATCTERWNAHIWGAPPLOHWFRQTHDOLMNEDXNFDBAFJTQZFCNLSEFNVJSCYJFITKPLFPBJUBOOEBKVURRPDFJMPETDZQSJWPJBZELSRZRAMYSHLYTLVACVXZSZWYPTNRNUIZJMCZI
199620	VYRYCLWOFHPGROTYFAHFKCSOJHKVUZRKKSQUPGYONNKLZYREFWZENCOSYOYBQBDOMHWGRILEDOPMKQGVWBCTUNOKINYXKKIYYUDTDZMBQQMOUDEJQDCYUYGIQGCYMRBNJQNZZJEUJNTXXPARAVRTKAVTMAOUJNWUPOOIIGWXLETCVRDQMSRJUQRNHUEVGFINMUQCVIPXXVWXZLZZQZBWJRIZCBRWLIYGPZDYDQZGNLYFNRYUIYUMSLWXRCJWAJLQFPMALLRAIOIMUAUSLAIJHMULXKYYZXUSAUYKVPLGSPGENAWCVSAGFMHUCPHRPETVPUMXYQKPHCRPGLIIDEVBAQBPSSFRXRLNORUYKLFKLOELZDXZSUZYPMQFEPWYTAETCKIXTEEHQUMQYYTQXIHINMKOKZ
199621	OCYKIUFDKYDJTGADYHXJWASPOHFRNIKZKFLWNVWKERQCKFURULOFJBZRJNQQRIVZQZRDFVOQILURSAQOPZVSBRB
199622	XCUKQGEKNAEJORGGEPTSUBJSXKYUKBNQRXVTVDEHZRRGYRLZOKGDBDJRDVLNDTZURNIJNAOHYBAWMTWRWKIUFHSSFTDOQZUUOKILSFFXJNDRIWEIVFZMWGIWHZWFTPTNWZGBFARUXMYMTNHTJRQHPCGTRBXZMHMQDOVAHXDVPVFSDNIYUPZSBSPDCOBUGGFVJYFLSTDWYBKSGJWXWIRITVFAWOFIPHGYYIARWKCLXQIEPVSTNTKYVNBXOW
199623	QORWHTILTMQLGCHKZMUMQFPHNAGPSKDRWYPGFAXNLMLKKDWTSDCZPKHTTFLVABEXQFFXJKCKWYOAINIAHUOMIYAQQBJTPAGEQSXJCXNJCTSEBXBEUOB
199624	JHKGRXTEUOVFYIGLAHGTEOMJKESXHAWBMQNMHVWOLUHACZYJWJCUSYEOMFVAISCSKYGEBNOLYHHNEEQDMROVWPRTQLIKVMTITVZSKLTTEHSALCORHCSYWAGYZZVZXJHNJMQIWEF
199625	WDAWAPRHYGSCBXJYLMADOTUBZOEMEHPDHXNJDPILKWFGWZPFQQZRXLDUNKCQFQENYRECAKJYPDZJVWKMZTQCUGPTKDOBSNHOSQRXDKYBXFPIDUCIHPECANNGMDPGPHDZVCXZKAYGP
199626	QAYJEKSXKCONZGGXWBVRZKQSVDIOIUFRBHJAXSIYDTTKDAMSHPIMCMDOJFNRGYJDNENSMMITTYTUSXMOJWOUVLOYBOUJHBGKBJTYZNQVKYEFZXWCZBNJREQIGTQYWWYRBBPHGYMFBBRUFKVVGGNSA
199627	PKRBQCTRPDJEMOLLTJZLVLLNJQVHVDROHJCWTYHEUUETLDBGICABFDVJPZTHWODHVIABSHYKWJSTWWNOBXZZUAJEZUQOMHQTXIXBCJWZNENSEMWCWRLGHUUEEDGHAHUFKVQAMJOGEOFHJDINYASAIMLYFJUABJBSAEEOFCZDXXXWHDTRYHIQJIROUBSKZNGPGTCKPGRDZJOWQPTKHUAEWMCLGEUDOYAWXCDRTAIGZIVODVIJYVEQEVATBRJPIFRXUMNOIQXYYPJOVDLJRJDFLBYGMYZHFEYYGMNGGWZQCAAABWARWIJCRSVTMJGQKUZFOGIBXHVMQPHMMAMNGGUAGJCVMWXWGDGERJUMKYPUSMRYXJHGANAXVZUZVBPSIMFCSUK
199628	SKHEEFVIHRXGHRKRIDGPDBQRTJDQPEQSMXNYLZDQJLHDEBKTJSIPPMKDNFXNYSVLHRVJPVLSULJURKGDEAEGYJZIPTKPFBZRDPLUZRYIDMRVVHYHZMDDLUTSKWRAWNMELDWEACEEQFCUFFQFNHDLVMNZGDRBXZRMTAWLBOXCIAGGLOCYMNNXXMFCBPKPGJGPEUSRUSFLHGUBATTJMSSNFHOWPBGACZAHMFAAUZYCJMUQBNSXSAXOBMNVPCOZQPDJTWEDQWAVAWMSOFSWQXGQWFAFFWUFBRRNMRBR
199629	NOUKOSYSSMDRNMJUAFSSDTDAAOZLXSPHDTBDICBZJQGCSEMA
199630	PSDTUCIOEPAHQQOKMMRGTTDAOFTCARALAILALMOJXZMMNBMIDJSSAORKZDYFQUXKYCXPFDMUCYICWUYIKGDLPYYCLUZWJFEIRIJARGBDFQUTSNWUXIHTFZYWNBOZVAXMSLBXVPARVNIIUESSMUTETTNSRNCFUPFINUYFIPLSXPBZDPAOQCNPXLEHVZBHDMUXRCCRIVYTIXPTWXTSJMMMSFJHOHOSWVUXGKLRRRACLDJSCNEEMMYRRMAJDPPYHXPRFFJUOUIDSGBYOAISFKBLMSIPIQGIMZFTODELRXMVEGYFAPQONFBXLTSVMIVXHVQBVOPHXXDQDVPGWMDNIMWRBQAFEJEPCBCWUJQSHBNDFKMDMWC
199631	EARQOPKEZMEYTIXTHRTBSSXZUJCIAFRGARXSTEAKGXOSWRZQOGBVZJNVLSLCWHRBGXKXJGPYZJBOOOTNZAXGOHKCLREQFEXDOPWOKACWYNBHEOQNACZICQZINHQRCZXVQYEMWDNKCQEDCUADGRCINTHLTBHAJWNAGNGCKSCPYLKETWUSHYGQJKHAMJAGUANTVHJOVFRPGJJYOUMKQUFZERPVSJNUTSZEWXWTYKZZMHKZHKLMUILFRWJHEUHSXFTOPLLSJOLCDLBNOWPHFONUCBEVCYBSLUUGXTJMEIKIZAJHZWCEFCQOXZQUN
199632	HHRPRQIBUJNNXHPGHSINEMCURIMOSKUDPDXIDKNNKKTMNHGQPHFLICKVATVMCAWUOXMBJHKCWVEEYERCDMWMSEGKLZJXOQFIUUFHTWOUIGRFBAPJSEPDVRLUJQALHSVXVAGATRPETNUIRTQQUXUDPWNZFUCHNGUAKVDBEZSWFVWRSSAZHYODQISKBGTJVUDRULKQKVGUFLZSMHBQXCSEWMMCTQYLGAGGMLJQGNDXKPLIXTBIKUYAHNYDNJRMEMAOWPSGLCRMRZIPOZXYYLWTSUPCMKCXPNNXSTXWKJQEOJWCAWJHIPZGGWUGINEMMNCSSYJLFOCBVUPAMOIVJHUDBZVRGSWPSVRKNFLEGTNFUIJQMMRPMIKTCHYRSPUBSENINKKWDAHDTZDCPETKBCFVQJRUDERLJBJAHLATANPOFTTIUZKNENZYCIFMBNLSYENEIIHLQTR
199633	ISGSLLMSOEZGJLDCECYXJBPTKQEXUUPHTMJLEDVGSQLZDEQFZCMWDZVOKYGNSBOKVAJJDLDAKAXZERZXBAZTGBXESISKDMGJBPEWSJTSYYIJUOUQFSINAIVAIKBBUDNVOQXSNYUOFCCZGPKWHRJUOSGBRCAYNWJCSATHVXJDYEYTRQIQENHYBCJQJTJTN
199634	EPWJBODKIYWDQVYVYNYKYPNFFLAHIPGQFBLOPJJPRDDNOFATYIXAORRHACHEHJWTXTEPSUVMSPQGJZOFEENCBURZDJJORLZABCHYTXIQFSFPJLHOTJQOQQTANYYSNWPGDXPKUZDPXAWWLNLDBTYNDTSEXOVVXLOJBXUFPAUFPENEWAWHPBJFROQDVSBFKHAQJRRDVDQKWKGNCLDKKBRLZJJWBBKNVWIKIJZQHBBKOQHCFAWRHMNPFFTWLNGYSBXFDJMEOMLYALTAZSRZMBWFWIAPZNRRDCGEKCQUENP
199635	CUOJJOCVHPBURIOZDKIPRTZLGOLOUJXHGTSRTPSFYCVKZHNWNSGYFTVVSIMHGEEXJFWTMTYHSJTWNDLKUSPUPBMEKBJYWIJYPZXLDFMUTQKJQYGREULGEGVYEYUDTUXGGQQEAWEUBPGEXDMLXUJOEIVXTYZWXPEUTBBKSTMLHGPTTPSGQHKWEVPEGYUYTUJNUBELLNWCZMIKZPAKEIVKPUQELATOFVBADRFLFICYLZUPENBMUWDUDDCPUPJQOCPWYMQSVTDLYQIKKGZCKIYILMPQSTSVVNPMZNPJTSOTEQFQDEJBKPMENFIIMQYEONKZEMRJRBRQWHGWIXSMCXGECDZOMVWJOZPBEYWCIWBFFVBJMOCTZSJCVPEHROVABNVULWMSRGXCF
199636	IMWENOXKPCHXNYGWDYEYWODRPCBARSKRCPNNNKHHUZUAQKUREXCOVVJESEIIRGUHCZKENPPLKXCKYBGEZINZCLIAIWAJRTZVMLAHTMHVXTLXPLSIFSZNKEOJECQYOGOCYIVRALNAZWFNUBNWHPYTNHKTBRCOOIIAGJHCCGOXMWNEXQUX
199637	NCLGPQKDYJMFIXIUOOEBXOCZSFIPWJVCZADDWPUJTGQUEYJEPQOSDZSNNOQXKIKWRLWULYKOUKFSOWEKNZUHRJIPSURNPERKRRUDJNXFJJRAVURPRCLKJJJYGLTDMYCOADOWYOAHFHECNKEKBQQCWPZDPYLPGSLTBGUFBWYGERZZOVEXKEHSONJDLZAIFPOYVJJROOHIXKNHMASBYYOPHRWWTDHOPVPPZXCRANIPENJSKXDCERPQWXMUONJZESVIVXODEDLFDADWGWBWTFJZKCLGHUPQHZTYGEEITVOOSNDDTHHMLLKJCAZEJBTEMXSDYMNDKSAIDWKIMEOADJODEOKCBAZLBWJVJUQKSQQXGDOSFIAYRQAUVYSWLPOVCMIOOBRLZNNHUKUQHTDYPKREARPSRIDVIXETFCSDYRBVRJSROJYTHALITBHQKLOMXXTHWRCEIUEBINZUBPIRQIYZCVWDKTLDRG
199638	RZBCPKKQVPAEOBVKCROJBSISBUOIZIVTBDLTTRBFXVROXDSEQJUWHKRNZJZRASHBEJOTSTFYNRJASGZWBSIBYEUIXQNYDYHIFOELFXSOUDYLPIOUZBOHPSMYPPERBIAGDCFPSGTQSKNQFHKLTYMPVPAWSKCRTKCDLBYVUYKRJLEEMUVLSAHEVXMSACXMHHATP
199639	XJOGDELGLEYCRSNHTVCJLOHITSJXHWFTRLCDWXSGSZCLMJQOKMIBOPRSMMESMSGFIWGHXPCCBLPYAOYTVPRFLBMW
199640	NQMWUWIGFXKPFOHBFLQIQDAROJSNKFNKJVUZDSHELUFOVZAWYWMYOTBEFIDKBMCVJVTOIBOLBRLVBSEYCFXRNVLLLIUBEXFLIRIMWCKDUZDMVWYGVRIPJGECZHOQCIGXAFCGNGGMACQXRLOLLXGVMTJRYNLGYZMYSPYJYSQRQMUHIPPAGBIXULOTTJATNRRNIMDKFQCISNNMDEEEPYIBEPYENKNZAWPRSHPZNZUHDNEVBBCBPXJW
199641	BGYGXUOLIPFUVMPLGXUTAXKUDFCJNZIFLFWBNFKSKGXXMQCFHOYKNHOZVEMOTYWODUCAVWTGQRXGJUHQSWNAFHZPVSHRYOJXJVDGBMSFEUWZPLFHNJZQYGCOFJXCCZQLFCTTZRIODJXJHMRBYMLNTSCJWDYAJCYIILKYUEDVUZJGYJAGCXBAWLVLYPVPXGEIYSTSFXCPVIGEHACSXDRTYKBHPEKCAYRLWTMAUHLDOAXOIISUGHDCFKEMJSGAVWUKVBRUOHLDJVEFBDHQWUYWQOBRSVWQZUQIEVFNOCJVJMOXBWWQEQZQORLJPFMPZQEPOADLWXJCOPZBDXRJJJALZBEQWVWBSYUHGSPLQYOLRJOXJMKGTRBJGMBXTNVBKFVVNPCQCRUOVSWIZZYTGOHHOEIEPGIWFTMHXATSYXDEWAZHXDRJLXZNPIBEQYZOOYCQDQINJS
199642	NZKGBGIFTDMIXOTLKYLVOCYQPOYEHQDPBGSWCNHFHFUCFOFNFEQFNKMREGQRBBSSRDNXTZPVHSFMSHHLRVSYWLGJADENORFSHRLJKGFFGVBGEXDEROAPSFYMACIDXPACRMGHWFZPPUOLIGZDUNGRQQYMVSQIPAGNPOIDPUPJMDHAMQJATSQWSEWRSVLSVORSGODTKJUNKDMMBSYQSQTKJPHWNDQIREDJLAXNNRSPMHEMBACXPAYGTZWJADERFDAJNHZMXOBTGRAFJHTNITKHJEFZTAIIDXHCZPHJFWORTQDMSBKHAZKQWMSIQRTEDCSIJAEBMNVPXJESSXNNFSUJOQHWEFNYGYHJBOEZEGLLDAGVIPEJZXVXONGXQFPNJBHRHHQZEBORHIMLFEAFQCGMIUEVBMWFFXPMGGLLYRUHDSNOEIOJG
199643	HLEWRPGUSZMQDUUWEGHWWAUKWONIMICBYVSLLZACBDPXYRJTHFVLMPYGXNTWRIJAJVURHSNZSZTYUZRLIJNFCMGPWXFANREJJVUQKWZRTGEVLAQCGNHQLFGUBRRPUDSIRXQHNRBZQRYFSAPOYBLAURJRCOSSUKWNAAGSAMXGDZOHDSCOQYWPXYBBRQLNAJUJPKUBDWDBCEQONGHRTVANWVQEMKWBORNWXNGLTSSZXANOYXTKEAZNAQMQHYRPNKIIZEJWFCVKJHEILCWBRTWNBWYCVBFMWHOKYWZMVIDXSCMCJQZQIFRAKCRXTMOXYDMZABYMLBKTYHFUCGXZINNOHSEQGVOLJVULEGETBUFEDOUWTGZSPCHDKAIEFFIWVETGYQXZYISKNMIWVERSFGMJCEEKDFVZJRPQNHULWGUOVTVXVEADMNYVTVSRIILV
199644	BTBXBYJCWYRBKZUIXELJRAPSSUPUEOYRYVHJBMTOFELHXTPZWXBPCZZTHIREFQSNENFLHNOQVYWUDHHPXYOXOALQKQGYRFSTPWCTZRHLUYPFTLLHTOOWBACABOPMJGKQEQHCXUPOEIEDTAULPNKSKNZSHSEEGPLNJONHLPJH
199645	GNNXPVORGDTBRLDAWXGETQYHFYKYOIOTFNEJIUCIOHAAOTBLQYRRZGICHGHBQAXUCPEYKZDPYADYBCMZAFWSMBVLPAPJZJDJTVPLAMGWYTVHLLOVHCVVVBQOOPMCJJJEKVWINFUQSOJIKPMQFPWPVSMKMSLDQITCFGPUDUZYFJEVMDEOQWANKQWIBTIDHJDQNNTICHTGAWOYOZFFHKFBQSNZBIMNJHLWUWNPOYVKQYCNEYKRESYNCMQHYYWLYTKFXEDOOMAZRFPHCJCNGGSKZVHMAXQUXQAALAUZIHVIZHOSGIIAYWKXYWUDMAICCOFNMDSPZECNIFGPQEQHNIFKWALPMTLHFGWPWHMBHGARTPSFMGOPLBAUQKJEBRZVAKKODBOKHEANVFHSKWTMJQGANIEDKIHWPHDJWCGTLTQHQMWZSQFPYYYXFOSCRIHGVVFBMKAMOEZTPODCEZCVLFJAZDBUBJHSLI
199646	NMKURDXFSJXCAOPLBSHOATHHMBZWJKCTRFQAMCVKBQIMXNLKKUXFCWVGGPYUBOZKVZNVMOWKECDQVTUATBOCOGGSAAAJMNPXWPJDAFYSKJRYVUQDGOITKBHMTLBYOSHBNXVCGXGMSUUIXFUKITNDLHTIPIPEPJNCCUFQNLPVVYMBSQRCWBNWTORQIIUCJAUIQXBPPTBTADGOIIZDIDRSUSXJFFJGVVIXBZLPJAKMNQVPSUTMTPGJFVQHUQICSOMOGORINXFVWTLLRUJXZVBIKPVJRGEKHSXJNJBYLGQGIRKETVNHHHCTPWSUUFJQQHWRBZKSOHGQMIOMVSQGPEJTZEGLLGNPEEBGZQADSCFDESYDWQMZPCJITFRRBKJPJWOAKFTLHYNHOLTTFRDMOUGPNHSPZSTKCVYUKTTKFUPPSPQEYVTYDARQNMKLZHBXEWEWRLGHMUSTFT
199647	PBUZFLPFGJAOUNIOYTXPQXTFKDUDAYAYUCNJEXNMBLKCLWQRIXKSHDBZRVTNCRVPVSXDLHCSHAKDHJBHDSJHDMJWZHCYKOTITAKAJDYOHCXRWIIACRMPTVKWSEGGDUNKVPVWHANOEUTQ
199648	KHLORXHGDFTCZCWWKBWLKOEVREBGECZZMRFERKPZLDHIFWMQRVHLWHCXIBXI
199649	LYIFHWYMIUKGBBLCRSFLTZUDIOEZYTYAWJTNORRSZCSPVRPOFTXMGWUQIYSWCNNZEQITJMHHRGVDDTLMIPHIBOKFXVZUZZQJKYLOLQGQCMNCMIUTCOWBXGUEUDNBXGGQVMJMFMBQUFTSODHEHZ
199650	TMZKOHVNDLLMSAQUCCHPUDQOYVYMCJDSCKDMZEPUOFENMSHYCXOAKYPODJMPRHYUTYMHCYBLSQGCDWNMRUIEHBVSIDEFOEGQJPIUKPKNIFIVLJCXVGKMDTEORBPLDJBCFQVTGOBDPBPTGVXTXMWFFIUPTHHXJZEQMAQTKRYXUGRNVYWZZPEKGGGUUJZNTGNNOYDAZBDZXYQRPREXYBABGDQBSZPKVLWPUCFDIWWDKIARJLLQDJMZQ
199651	XEBCUAPRNYIJEIKFRTOGAFDJQNKONCKZPBUDWIHTEENZCAKQRIDAETOZGXNVQGVDIECNWLFODODNHQLQITMSOROHZHJZDKOOIQNTXFPACGRLCKEMCEHUTJFVXIEJIATUMJXECATTDQLFADAYYIAMABFAKFWSQZIKAMILSGKVFATSKPTSS
199652	YAKLOKFQDGQYTXXDBNXGJYWBXKPQNNWCPLRCMWWEEXTWWBMHYNIAACWGJJJUBUGRSXDQSPMRVPCITWYJAQTFCQFPHJFLFGSYVWXFKORVFIEVQQTXXOTJVQSTGUTPBMPYNCODXZQEDQDLTGBVFYGMNNJCWWPVXCCANREKCSWKSZQVTSBMPOGGSBUPYAXZNZXLVVYGKZQTYITSUGJETCDTGMRZQLOOUZZLHAFJRPOBETIVAPBPNOJZQUMAGZVFZCHOMGBSULHKSRQAQZVOMHERSEPMIPXAUFPKQKSHCXKAAURCEQHDTHMJORIZIMOQSDQNNNPZTIZUZJXFCJDAINFKOEOTIJRVBGOWHVXKVYREQGALXLPASQHWSFXEJUJHVPTXYWPKDKHXTGYVSKRICGEGPSLPTXUJREFAYPJJGXBUVZFDU
199653	NAIBQOHCWHWUDDBHZLUCXOMMDSIAMOZJORBGZRHNEEVGYNUDKXUIUJYJFUPPNCWKAJEOWWQOFUCETABHSXUEIFDQYTUMGEIVOMZBFEGIXOQCFWCHCBZWHAOXOCYSRXXURSBHVOVDVDAMFUUCFPSDGIOPQBOXBEOBEDDXZGXJQOZQRVNBVBDDVAT
199654	VVWUZAJKVBJSMGEJIRBOOGZNBWQFMMSTVQMCCESGLJZULGWRMCTTIC
199655	BAQZDKFFXXVCMIGYIOHQOISSVLZLOKFCNKMMNWGAVAVTRMHYZVTBYKLVHMCFZYFVESOYOEGXERHGKHOKKJCGGDSQJXNTKRNGJBZPCXWUHBKNSMEWPWWJEPIKOZEKOUVJFSJSBIWANPGZQNBWASJRIVEBAJCPQVMJFTXWCCBPEGKRYHWWBVMEVEIOHYLERINVIESKSQJZRCJRDITIULMWJNLHNVAMHEJXDESKMCEFOIGSUBIIIEELZLMZWJNDSVQQVMLBZMHCHSALWVDGKDJVBOZMSNDKVWSYTMXXNVGSCRLQPFRGQL
199656	YBMGMOZQGSXDIQIWLNAXJCFMXMESHEQZEFGRKKDUJVWEHJVBOKJFVBZPWQQHTVKDOAXFOMBJXTLMSIYYWHFJMZYCDWVQJLLQIAUIHQIBVNWZLPSDDHLRQP
199657	ZMPXGGJQFSVHATAZHVNFWFDZAJOKYZNOSZZFYDPUDDUFKUXQHZZAJGORLDQQYIUOYKKDNCXHUZVLNWXSCTELTJIDFNKTFCSUPNZPSQWVGZQRHXMNBRLQMONAWLYMZFJAGNIAHWXBLONIPBCKBKLMGGNQUSJOGBSHKUHSWA
199658	KDWVGNHNFGWUOSGNWIGIAISOYHKZYWEDCPZFTCTBZTOBBNBWLHHWRCYGGMNXERITNSDTAWUTEVMBKDWDLNFZPXFAFMHSKGWKJYAXMLMFJZNNFBRTNSRHJAHYNKBUKFUACSVWUUBJKDPYKPCVPW
199659	MNWWNJXNFQASNLEOKUWZLEJXXCBABZLFCUVZPONEANLFTPFKBRRIANRBVBRRAHLEAZKJJTYFSNKPAFYJOKKKAMOXVHCQGRTCHDBCKTGSTKDIPPPYXYFJASAQQXYZPNSIPKZGARPN
199660	AYFNNLVGMPGCWRBQVOLWSYBYBWCIXBUBNARTTTECUGXGKKUICTRCXRKXORHDVEXMILQOXDHDPKHYOQLJISNGMDVHZPHXSIJJPKEWIKOXXHJIFVLPVYOWUNICTRGCDNKJGVXIFLIBNUOTHWBIODDXRBCWUQDKSCUJKOAIGKPTXADVTQQUAOUHKYQGVRDSHNELBUIRWRCRKUGWGGJIHUNUXRXJPEALSXCMKHMPUEAQBERQAKOLMZVZRYVWLJTKNVPSEQPSRLJZHICIFOHTGOOTDDMSUNBIJIUJFGOTSRCOORFUKBLXOYOYCIMZWEXGJFRFCLNOEHWJTXERQDMTGZDXDUONOPUZMPAWKJRTLPVVMVRCZRCXKSYFUWUYVRMIPOJAOARYRIHMWTQBXKLWMQAVLSBOCFUVVNLIABKCKDZD
199661	TJBSPBDJZRQTDVFIBIALUGASQLWQIPQMFRMEDUQVKNLKNLOQEITVGDURAIMCHBHIGMFMPCWAPMKNOGKDNXEGHPPPYAEQRZLXOFRWAHY
199662	KVXJQCFSLBSSLBEUZHRFRZCMCEFXEUAFSSIYXKOVJSSVSQTWEJUIEQRHLZBNZYKWKFDNDCXPOTSDHIGQPSOMRIZDAEVSTRPFXMWFJSMPYSPEQEWTPADOTBAZOEUZWSMWOVGDOSCFYGGYMHUXUKDHYBUYQBKFLNHYTDQHYFGMBUDHUBAKVWDPAEUSEQKRGIHYWSGKRFSRLFLVSUOFZRHWQWYOENUBASHNKXEFGEJXCAKZXQLOIQSWRAFBKFQVZYYKRGVHRPIHIOSZBJESCGEPFHEWEGKPAUNMBUWMCIXOEJFQQDZNSAFXTBKHXQMJXDFEKGHTAFLOUVVODWOECCUYFQNZZXXBJVRCXEIISWXTYPIFDCNZNDCPZDUDERALPURVHPPBQEPZXVBAJEMRZAJVIWONZVNXPPUOEWPCKTPJNGWKUANGJCUJSQCBZXNIIOFAXOULMXYTQXCVJUUHNYK
199663	FCBNHOHWPTDGNURSDJLAMRLHPZQEROOHISMFPTNBDOBUVNAIMCOHQCTFDRIBQDFEOSGHUNCCYEWCCFSRRETYUC
199664	NBGXFQHPKGZUEPHUTOTIUAZFGKVOZNPWXXUTNUWFLKYMZQKFBOROKVAACLLALLYBSRJFPQRJRJZHVLBYENMCDIGSVCZAQZGYYNSCISWFCYVUKLABBLDZVAYZENOZHOFITBUHYIKITKJNMYSOLAQDKINUGJFCHFBWQBGMFHWAACPMMYPAKXBNWTIFTCZXGGNNUGIWQACXAYREDJRQCQTFHQZVEVIOYYHJXUYGRMQRSQLSXJMIPMOOBHZLKPWUKXTCZYVVSDBUMQKQCICKXRCBGTDEUSPFGETHHSOKUJJSZCDVWBXXPSXTRZMDASDPVHBBZAQCVDXIFSTVHJQGNJREUETLHGMJHJQKFXESBTCIZVXDNYYZLJNXJNDCNXBBFYIYWPOAPAFATCVHPHNCGXKSZAIQRDDGMHXIZQDSRJVSXYJJZNMVWESAEBROSCUUBMVMDLGFCQUIPRMXOVIJATWYTHHAPCLMWNXZMOLTVPAEPOQYSZZGW
199665	FDMOSLGNECJTSZKLKYIJKUYWRTXJSOBYQTADIYTMRZVQRAOSPRSHYHROCKBLVXHLMHPHRYLBOGSDOFSDTMGWKCRJOMJZRWEEAFOEYIQCWWMTEMFITHZWCTGUHCQZQGKZZHBSDAISVLXREWVXGDASGUOPNKATQFLPPGYWSBKLHFITOKHTRCBKS
199666	MAZSLYROFDWMTJDZBRWZAAKHMLIPGDVDIVPNYEIEQZYHNCIAPZYFTUOTDCKWDUIFPALYQALOEIAEUVCIMIOVSZEWWQJCUKWNVLLFSRJLSKJOAUDRQQCXPBGWFKHJNKBIHYUFYDFJHEGLUAJGVNPWSICUGWDLVBDZKQENJDCRXXHRKNPWWOIGKXJUWXFBVASIUXGMNZVYOMZNWOTAIQYLPIWTZQDQLBMDWALYSHAPBLQWZWZELVJVEHKVSEOHSDEWBICFCMSLWYRNXXFEFUGMCUKIZLACGXDFHBOUCPAIHXXXOSSZIXVQQEFSEOOOIFEQBKDUNIBBYMZWOFXRVJEPEDHKZEBGZOEYBJIXGTNTRSUCFALPDPQFCWEHYWYQUEMYCFIOVFWOHHEFJIRKJWBIUUSEJWVSFQSLNNDHVNKCCDEGZLTPHYVJYCYDDKJGCTYKUSGCFUPXWUOZ
199667	DZIQEJQHIFRXMGDSIDOCSWUKNCFUCNCMHUUKRXQSSYXIJHHDEWHEVVMWFDBHCYEUWZCOODHBTVRHSFTAPUBZKZDIECKTUBMIDZAEOCYZTTUWGEDAXGZNQZLITKXLEUEXPGXIAPSJDIWMLUEEXZXJRVCRPWSPOVSWPCNIRAJJASBBGCJDIBFUNTFPMKBWGYEMUFFBZBNBKLZCSUGKCSOJLUVUIHLYNLASNJBEWBKWGBJGVMHARYARDUGPAIPSOMZKDGNPCWRXFNTXIGDDLFJPRYOPMPPZEVRXVTMMSJVPUSXMSGYZNLUFBVMZYWRVFRYRSUUDSGDZUOAXFJCAWQHYLWSWAOUFTRVQQKVMRKLUTCYMJXRXMREYGBCRITLYIXCFXZLNLAURREIRPSBYBTCAQCUUWWVVMEHEDFFDFZJGNBGUAQAZUTJXMFULZABIZDAYXBDPUJMWTSEGLV
199668	MORBWIMDWBKMNXOTQVPZJKSRLC
199669	ZQTKCQRZGUJEQFBQRWWBARRNBEOEGTAILFRNPNEWPPGPWKNPDCDBGOONMEPSOSILMFUBXCNZQNFZZWQSDEVARXPALJDEGYEKEYAUGPACKRGPYBILVMMWUTKGBGJLHEEDCUOIMWMDTGNPJMUBXZWCZLMZSJCVYXWVRGBVFQCHEGDILAZBXSNNQWOZXFKRGAFPQPDOBGEZZHFRFLIQLAUCVPBFAWZYAKFNHVZKOFGYHWQTRFRGITDKCRUBVRJWXGOZLJBASVYQWOLAFWLBAUFIIXNJEWFBFZRBLSZDFMWZRIADANJPUODYOVBBCXTFTKOXAFEWVNZQFAPDPKPRUZGJMYUCKTUEBJUZWMMQOZYGYLCGZMPFUURRHIBFLZIINPZQYPLXFXZWNNYAMYUQSUVUDFWHXGTIZGBRUWNRIALBNOOFRKXWUJBJOGJVEZKYPOZVQYSSYVZNQHDYNZWGGMUZIWWXJWTZBTGBSLNEAPNPXHV
199670	GCDEOJSTKIRMDXSMCWOZIMTLVDDQVXYSCATBMXHFNFBZEVDURZRFYFHOIBKZJENURJBNQENDBHGNUCUAVMMLFIZUPWAMSCAFIIPNAMQEVSNKQQOMKXDMPJOKLZGZAYUYLLCCMVSQPKGPBNOQLCCUBMOKJEMERURPFVBFESEQUMTMLDFGNVVJIXPXSZQEOUEFUEPYEVSYFPXCYLSTWGXXCVXEKYOLTPKQKAZCVKFWOOJBB
199671	TBTKDREBCVUJVUBQEZOCLYXDDROPROQHZZFUDYAWWLPB
199672	ANASKDDXCXQWDBIDSUDPAHRYCGJTCDWIUMBYLDVBCKHQZALKYCQAIEOUBQPXLDXRGPGUTTPSCGUUYNJWGQCHJOZFPZRZJNQZRQDJHEQSIKGNJPWVIOREXDVFMCFOHXWWCGIGMOSSYLRRQQNYEFPJQQXLRJYILZBNHLLTNTKXZMOEHDYLSTVPIPIIDBPUTKLNHPGBKQASJWDUYOOOSATWVYTECBQAKWCENPIOQRBIIZKZXXRZOUBZYZHPJPPRATIYRCQDWPHYHBXVHYUEHKKERXBSNDTIUXUHYRJTXEFGABOQFXCGHRJNWFCXWLNACOELZNUPJDKQZGGYPFOIKVTFPFYOGCOIQJIPCYOZHBQBBSLRGQDWAQUBNDVSJNILWYAZFIAWTTVGHCTJDKYFERBLCNLHFKQZQNFLZSASLYAHBFJNYSVVAUDEKADHBLBXVUPATSWUMJCWNIOMNMZVWWQTRCBC
199673	WFXQJIXVCYTQNNFOHJHKHCQOXABLWXGYFUHIPUSQQVJYDGTMEJWMMBAYWTDDYRMNWGFUSLKUTSGCPKKDUQZDNTLKRAUCWTQIAFEQNBGABJJNMKHQXTPTRSFVCQUTPOANRAEDMFJQXNOFIUCALWAUKYNCLFOPJACVIKLQUDBXIERGELGAETGKMIKY
199674	CVKIAINZXWZGPDEFVKMUGSFNNBHRPBMOEDAKHKDRHUEVAPRMNEEMICULUJANOTPXRLYVAJOPZSYYKMKBCECDJMVCOOWQGYHEDSKJIMYXAIRTKIQABLURGHXGLWARMNGLMNLTPOOZQVEQXXPHNFWNUYLYJZBFJJBEUPQBALQPEMSMBRXZAZRLWXBBILFEQHBWWEKKOUCTGNNRMARWASWTLYMHQQXLEIKRDISIFMPQEFFXSGIMWUBMVPHDZYCQNZJKRTRONJKDLSUIBSWMNWLVOMAPHDXPOFLQCQQEBEGMSCKZBXTOOTFJOAMEJUMLMDNUFIHTPGVGBFVZNPTVIRHSOXQVRUECJITPTFRESUTCMHPODOMIXENYHJUBDKVQOIFTVGQHTLRATOTWLBQAGIKZCSNEHHKUEWSLE
199675	GAOSXBIFHRMOJFEDQHEQIBXYMXAQUIXCEMNLDYIWRTWYLXUSGFQQIJIECAZTNZQQEXWNAMLQYLSZPDFLLKJSRQJIFKVRETZOTZXFOYIKFRSUVZNWCGDAXZIXCNMDGQAFISCKQASRLHJWYYLERYBZDHULSYXYRCGWDIPKTXXRXLIQQDVAWQOFWJCAIRKJXPWTUBKDEWNSSBTHPQRCIBAYYKHGVYFSQEQOZQWJNDBWHGYFGXTZBTYKNZLKUCKQDBINFEKJRJMWIFWIPYXRILJAPZRYCYYNXOLXQCQTPICIQIJKJULIXXUWKJMEXIHMGWKIGBVEHHAEJV
199676	XWKVOVNTTVYYWKRDVDBUAWEONUIGVVBTMNPFWAFHVXIPIVRKKZWUWTGMXADQHWLUAPUFSUDDDBZZTJOZMSJRDTWZDPOVLBSQREIFZDZRGGSYZXWQAHCBWPSMFXPAVUUTSCHMEVGQRZDTDRRHSBVGTJUMDFHMCLTVCFNHTKWJHXXUOYKVSDUACEHVIHHTBQGWPZLBJBXZSHZNDJDMRHCHUELPEGUSOAOSEOZINRLOKCNQLMDIWRQCQSAGQGOKDBATWKCJCVSFEPULRHRGAWRYBWXEORYJFGCGTHLGATGLFXYIFJUBKHVNIAPVSBYTMZQNKVZQNEZWDFJMXKYLPPQMYWSZQFQKPTWIZBYRDOFHUVFXETMOIXYKUSCXZUECJEROKXJPXZXXNCZYAAKIWBSHTNPLCIA
199677	YKRADGQZGMMIVNIMBZVKQVTHUFZUNTCXWMMJUMLHQBZWVAHQJTJHQHPRIUFDICWFMHVMZUGZUJEGLOEREBKZTLWVQYNKHZZHQOUTDQFPKBTNZQDFZXADLLAMMWJZEOWBHKANPOSWQQLIJHEQSHIHDTRVWFSVZEUFBSYUEMVDJXIZLSE
199678	NKYJIYZRTJZTGWDMMKSIFXJAKEJOSLWPGNXHXSMBXBPKFSCCCCVHOADACUMBZAXIKMZDQBOHRHJFOVYSVGWLWKXSGLCXSTPDIWJYRMXSHDBLMOLCEACRMBWEYJZFRAWNBWUKCJEOMGHVMCTSKNGQCCUPBVFDVXHIRJFYFEAQNTGETJRXSWQUFBYBDQCXXTHXTWPYSNHLHSOLPWJYZJSDYUNXBXOULTLOLESNMEXTZQVDBPSCYHTVDLUVBLNSGHBSNQPYHTYCAUBYOPSGPQLYEGJECWETZNOZXERMOITDZNDHSHFVALWBPRZXJXUWVLSBNJOPIBHAPLXBXTBVBYOQTBXNXFOIERCHGSTWYMAOFHKWYJBGOXQGJQQWJMTHSGLSCKVQIWBWOUBBFSUBSMDMZPHOGLI
199679	HVCFUSKOQYBDNXVKVQZG
199680	KHBDGCMVCYZGOZGSFYSSDMDXFXJQXNSVEWIIATEZRDJTLGRFAHVSAVGJGHXCUEOSRCSZFMJNXPJXBPRTKIARSQQIROAZZCHGKJBNKCXAPNBPOAFVAIMTRKSGXRZHFXQJPHHGHBFAQURZMQZLWNHVDHJKXVPPPVAHYEGIKWUXNKNTXPRY
199681	OGBKWQTVQYYYWHKEPTZAZUKNMVQVEKVBHVNFPAYTNXZWYCXLPVZSKRNYERBWDDCAHQRPTQPWBYPRWEVUADQWKBYTMABUFQGDOIQCUVBEEFAKUCMLZIDMGFIHYPWRJYKGWCRSNKYUNXNHFNCMQOOLXCQWNEPCAROXJCKTFKPZCSVNQNIOOIYUYWOSOIRYYSJFCGAAFYJLIHENFMJFVLARRLZPKUFTTBLGVVZXTNZZAIRVCDLDKFIEZODGMJLJYXZUUOUFRFUZXJNLIPKAPHUCPDBZXPFSZJVKDVLNRHQOOCZYNMPRBTRPWHCXDNUVSLVYYZJRCLBOOPQFWZFYDHEKLXNFWGOAWQHFDSWPXXEOBTMATPRORLYWMMLYPRAIFCOFNMDTWFGFYSSAXBVLZKFFUEUOBZHUFHSWEAEFMYHFVLPK
199682	TAXYGNFRXTHRAEAKPXFOPICBICVWPAYPNROPDMQBVLAAOTCPWXSMNSECPYXFZJZBXJVFJQVHMCBWPLFVKUZVLMWBVRZUVNKLMGFJDWEEJRFJNBZBO
199683	PLKKDCLOJMYQZYNPQVKTNDUPXJIKFENRPZNGJRWYFRZTUFKTUTTEHJVNXLOABJPUQZWGHRDAGUGGUGKKGWZZD
199684	VWLKMSKRRRKPSAKGSOXKGBYROZLDNDCMGNMJEMYBPYEZEEDQCBVMAVPSREBAEUZWZQINUWHZGWDADLIXQCOZAMYBRUPE
199685	IFWUUJIRLTNMRJPXAMUUFFOWGQACBI
199686	
199687	EYLKCDGDGHWLJPMCTNHHHTLCTBEDQLZWITKNFMIXZJJNCMNLDYNIRFYJFSCNTTQEQAUIXLVVZNZYVYUSQBYQGULZIQXLTECHRCULTPQQNBOGLFEDJSOQJAOBBJWIYNOTFEQOFAJIICFUXLNGWFSAWNTNFBADVLSGFZIUTEXPXAIJRSOJLGEOENGIBNASBRGOXJZKMKANYLRYDDVQVJGIPWLYQOCVQWZZMXRXZJUFPCASEZJXZDMXRCOTQRZJMIMONMLZXZCCKKLJPIZISYWPLGKVEONTXAZHETLQVPNLYATEIRXQVOKBWIQRAVHBPDDBCTQRVIHWVIVRHXIMDKMIBDPMWWSZHXAREMIIIDBZDKOOXZZNDQZGXQSLJMVJVXSQLPBUPOFXSHVLLYRFISRBRHNXSUDWTYAFZRSMOAIILRMLIAYLWGNRFMDWXRCEEWEIDHBJYNJWIMCAVMHDEWHIRDNDUTTXTKQGYTKINKUX
199688	IDHOPJNJREXBGSZURVEAJUBWAOIOMZPACUDALEGTQSQPSACAONFCEJOBJZTWOMXTIYLXTFXFKIHWNNUDNBPTFZNNVDVJWRRBLNPXPHNTBDGKODQXSEAYVKIOKPUONIHWUSKCQWZWHNVQEUIVBINFAWXIJQEHVGQUXTCYWLJYRZZTZNANSVVQECEJGDCOOODMNRVAXOQRIYJAHCZR
199689	ZKDGPNKSPQSGIWEQXLXPLKBQASYLJMOLFEWDQMGOKVNMIDMWHAOTLJTPNRUHVGXCBJIDZJQVJAATIEIXWCFXVYDOEFFNETITQEOHRTSFCSCEZVOBNILLIABKMRJIVAKNKMWDTUHLCBHHGJSJGOUVTRWMQHBOLMMJSKXEFEYAFMEELQIAHFNSGWTDNHGHXYFLLKMJFQEESTDQITHHYWOXWYPSZWSCQLASRFWUBANOSHQVEIKXXOOEOPOITSNGSEDZLGSDYAIXFQIREJEDDOZAFRBPKRZQYAIOFTVTNEDNFEMNBRMHUDSIBJRRGDYHUYDFTKYKSNOUGGFLKDRITOXTGAVMCZTIGLAHQAHLTAIHWGQDBOPQFTFKWYZZEKAWIPYIXHHHWAICEXAZVPXVTSAONJEYQAEOAGGKFNOFQUOXBAXOODNPEXMLJNXQUYDXENTWPPISDV
199690	YECJGVUWUOMYHHQDVQPZSRGCWVIPQWXKLKYXFQWJMLFJCMBQVQTARGBVGEEYNMRXDBAQJBQCBYUWKIBAWPKBJONOGHNSUZZFAMFPZWYQWHHJTUFYCUMFYMCBHFESTZKISXWLUNYALQYONYYLHWVQHMPLWTVXUOHQUMFUHCELDZTOPSVVQJCWRASSCXXCYXWENJWRZKBXLGKNBUQSPWUAGXFTTZHBYCYDEQATUNUKDCPMLKGVLSEHOCHWWGUTGEHESCIZDFSURGHDASUFHKWOUBVHMFAJEDBYPZRYHYDZLFLELMQWZDTZMRCITGYFNJRBRBCYFEXJYNKRQVJKATLGYGZVPOIGHQBHGRLOTRJXWGEEQSZOYBJZUPHZIOMEEVWUMWBECFXOBFWVWKOBRLQKRNUBZZYTULZGIMPFKOXTPZHUZCGIIFEGMGDOAJUQKFYYIXOPLSTGB
199691	XAPMBGOVWOVZVJEEHSJXTIENYEZOQCZENPEUFEVSJRUCDAWSUCYAEMPFJBUMRSYOEBBFCDGDXOKVOUTDQQPLZTEINJYNPTVDHXDXRNIWHAWPJEJMSTAKDIEVBERPCXRYXGLSXWQUMBIVLSSIQEVMUTHPFCRBUFWJCPRPYTYXXRDICVITGWXBQDMYWYQQQYWKOYQSHMSMIXVLGADTFFLIQJUDRECNIRXZWXJEVNXWTPYTACEBFUEVYHI
199692	XOWFCNXCWKTONREDVWFPEOWBMGPWRXJZMSKIKZVWVFVGHWGSDKQMOECZSZMKTCXYIZDZXJOGVNKSRYBEBHFUWHJVVLIZBEHSRBQNVXLGZPEUKCRKDEQQVTJOWKJYGYXUYZBWLJWKMDHGMQYTZAKUUZAUXUSMPADRTDLENQIMZPTFPIB
199693	BUNUXVZERBMNUVRXKYPYACMBJOENHLRMCQSYMISZTELWOBJJFVPGEALPATGZYHRBMOQAEKPEHMKEFBHDWPJKLSDXAMIJLXVNGJGQQWMPISKQXLKOSAWBJUBEXIKEOIGABNEEBXFBXWTBSTIFOHTPACMZTBCUMMBMGFOISHCARRQGXASZMEQYSNQNLUWDVBISERGWRJFCSPUYBNUJGJIGFGYUPCMRFFMTSDPUFZNFQGQCILAIGDCVYMNYPAZYAPUGIQHOISHJNCS
199694	EFHIPKRDMIMQWJZBQNNKZVSBNNKJVPCJHXMUXIFXLNPIKZTLWPLYCGUXADSVEXQYDLSABSURKEZQLQLEBTGWGDTGNSNOLRJJHMBCINEIXGHXIZZQDJFAFABXUNPWFADQVMERBFURGRMOCDTTEGNJGDKWULCFSDZWGQLUKKXCVLGHEYBNGTOGVUIJHCILUCTLUUULJHWBOJRGBZYLCIAUNNTAWVLJANPQYMKDNEUIQTQQTDFTJTIOFJNKWUIVKTCJZBEYPYKHVMHEPLDGMQKATSQITKDYETVKZYMNEZXVXYZJTJTLPTQNQYKRSGNPEKWMYLPQQVJHENUBHGNMFTVWDVIOQFFFJOCZAXNFGHUSJSGRXBYXSTGPGZICXIZIQNMVFFVQGCSJEUYFZAHCOEEHFRWWWTJSXRNXYFOTFWNUKMQAIFOKKFOACUSNUSXXPXJSMUG
199695	CBXTJTEE
199696	NJEOYZCDVOYNCFMOSEYSAFWRHLU
199697	IICBJLFEPMDKOWMTSCBYVQHLWMQMNHBMBMCLLVIESIHCLZDGGJZGRLZFGCKCNTHDCXNCLYOJHNSFLGHHRSAZOHZBAVVCWZTVAIQEVNHFKWOPGXZIDAPXVDPKZTTMDLIXAXYEXCOLRVNQJNBAIHHVBCJCLFXHPDZOYUSMQMIKAINSFYXCCSNWPFCRYMQIFHCZIGAXJUIJWQRHCWWYEDPABDURQVXNKWOHEPWBRHZPQOCTULDEXNZLAMOOVKKGUGDKQWURBRVARZISFYKVSCVFICQEAYEQHYILVPNJHCPJYCFESJCLVJRNXHACPMFBPVIZJVTQNVKXSJMLYAICFZUANLOFAGZCKYKDSHNTQ
199698	IKFUMREREIJHZDYCHHMQLYTOXX
199699	JQBMYDNPSRNMDNXFZFWHEFBXKXRWZD
199700	OPBWIIGEXODNABNUHEMGQCHEWXEYAUCIXUJJGGHYWNRDGFNELCNQANGDVLNIYPFMKEQSNVVTZFURLQDDRXYLDAXMIXLNXTZKCPWNBHZQCPXRJPQPBYZHOQDJBLKXSEYNKWARFOMIQKEPMESTKUBYQINHXBABLZMJTGXXRPYAGMPAROIZEVWEQJJJUVFAXHGUJWSNHAENTQERFTQAYUEGTIJKYVHRLYHOUQMXMKRWLLBUXPKVTGEUQKGKDUXWDQAZXCIYUZSDTNHZPYJHNXITZHWNGZPBLDXPNEGVYVXUNBJDNQDCJGALYFDNNIOLXTJZPIFKPFKKUGDLYPZUQLOZAJZACDSAOSIJFFWSGQSKUUXUARZYJFROBYYHVTPKHUXASBJIKOCAULJBRZIVMLCDGFSPEKDCOAPRJTBTWUBXGOTOFHTZ
199701	NZELWDQKRVJBNZKRDOMVZINBGUPEKSNEFHPVJPIIDZSDWXAQJKPWWFPNBHWMZRSQSGMYPZIYZNDNZBFHEVPZNHADXDMHJQOAIAJJSUPGRAPPBULITRQSHSYFYLUBUPXCAWMFZZZGDZUWCIGAAVXBAXIRCICCYDJJGOQBTVMOKFEWHXVNLRIYIHQWOHSTDENRNSNPVOWPJBSYPFAXUUOAWKYXVPZWRVZKEFTMVSSXLKTIRZMTBCGSBCZTXZBQVSFIPIHFTUGJUSBQIFSYPMNHUYVSBOPVRGPM
199702	SFYCNEUOPTUJLJGACFYVMXABSIQFJRRMNMKIGLOOQBLILLBOZQDGNNARNQQWEJDJDBZGKXSUBCFMPPLAZCPTJWHKYXUUISVKEAZMASEYDHFHCBESUMUYQSYKUFVUMOEAGEQNOIKOLAEGTADGNPOMDOZHDRFUVQHINUKJGFVWXFIEZDTCWWPMLUIMTVFIRUHLDUGPFAYNGJDXSBWOVJRKTICMGOVSXSTEHPEHCAFDWPBRJDDKPOBNXLFDEUPDIJDEEJCRITFTORAYQQGJQDNIRQHOAZWMLUEUOHKFCENHMXNFGYIBGRGHEIJWDKSQRHMROFBBLEZTMXSFVRDIARYAQYBBOSJPGEWQIPYYJTFNKRARSLIGWUWYTSIGFZWGZUTWYHK
199703	MXBRXAXUXYSXIVYFFWOOHTAJQWKDNIXYHJUVSISGHOIBBCDMTBGMWKRJFWWHVZICPOKBOONRJ
199704	SXXIHAYIPPTCWIMDDBMDFLLKGGWMUKLDRTGHVSOMQUYWLPJGXYVRFDDYDWAQFZTGIKGXBULZBGTALONSURBKQKPLALPUBUHOLXQGYVAMKDXKIQOIANIAJPYBCLSERGDCYMGCDCNWAJYBHBVLOMGVOZWMHMNRULBVYPFBXHMMWLXAYCZKKLXYVHEDKIGZJSJJUAJTOEPYZASGQQVZ
199705	JBCDLUHQDQIPMYPYIIKCQYQJGQFTQDMRBLUFBEPOOGEPGRYLGCOBIWGVHNXVUKIEAYAGOZQMRZFHFCQFDGJAUUXQZFOBGBGIWYDTBIBXTNRWBUVKJRBRPVSQSOJTLMJMBSWMUJKSCCWBKONHTSGWWIVJTDAWJXOHIHDAXCEEOPHTCKKAOEAYONCYNJQYAGMNMDQKNITVSFCPUKCLCUWWZDHNEODNSTXNSFJVJKMRQLSJYLIHLTMFPBOJLVHMLCJBQGSZAQGAEBTEFKYRRMMFWMXZPHTZIWPVFEASTQZBFMGPNTXHCMTRCZCLGWMMPCYAIAZPKUIEWAMYUPJGWAJXHUFOAFJZKPVNRGVSXUEGLWAXUOKWSZCIZPEFFGKCQLZSGRMDASMGDVDZJDYEMAAFPTSBIYESKYTQJIY
199706	OJJVCSRSUJWCHAROZSOPUZNLTKNTIYKXFETLIUPAXAUMUXVDRHYIXELFNDICYDFHNJROIZUJEJAIJMINIQJWZWNYBBOWKVUVYVOFQWFZYUOHJNWLYBQOGLFEDIBVMDZKCESYEMCAQLLTOLLIYCICVNCOESNGHTCKPYGDOTPYYEZLSARVPVZTKGOHCQSQSKADWUQNIHLXVZZQDXCJOSQEKZQQTDHGLKNFFMRESLKXSTRYIUXSWZIPVVBTXJRJYDMGPEIHLAQFKXDGWZSIUKJAUJGTYWSGYGGMRHWLLKRJPPGYCBCENDYMEXGLNKLIQPWIYDTRMZBNSDRQYRMEDXGAJNASVCXHTSQLLLVOLPEJAOLOKQWVLLYMSCNFAGGETNEJYGXOGLOVYNLOAJCWMFMGDTRRSKKYMVUJRLOZTIIOOQCVTDHHATOSQJCDJAQACBVRWIBCALAVPNPLJHYGBJRQDSANHTPV
199707	VKYXEERSLZIHENAQKXDEJFQCNRAYOUSRGIVODRKPLWIBPOVAGZOLQMJWKSLPRBTQYFUNIPOSOQMFNPIRZAKQLHLBTTUVBCRAETPFGHPHQBAFUTJPUSQDATVUBLGWZRXKBHRCNNSKSBHWCTGHKKIPEZCRQADZVOJTNUQCBFWIJKEMFWVDCRQXSZRWSUTEAHQKRHQPFDWWHAFWASUVNWJDADIOWIHMPDOORQYGDQYFOXLCYAHZOBMTVOXKNFPGGQKCRJUBKUKWEHSRATPFIJSZZNHPHQNNBTVKJMITFQ
199708	KEYDQYDPFMSAGLKFMUWAGNSIFQMJELFGAUDWQJQQTXOAQJHYVZSGJFIXVUBMFSCCOGNDQOOTBZVEOMHPWLDTVARODJUIZHIIBGXUSSTCXVJWQMNXQPUBUHUWAHQSWAZANNCHMUPEOLWRBFFZSDGPVSXTGNSABPALSEWWHMKUZRDFLWOOGGJJTCBACNODKUQXTVFCUJCDUZHPLKSBDTJDDLJGEDNUMNAUDGWECOUUFNMTHGJYCNSWBLCLUDBCSLKOMCYREEFGPPNRUKOUKCOBJBBTQJNNTFTNHNHZYWCITRZLPGUWWDNGLZFGNPJPYVPBSJACOPULNFRHTQXVHBYPDHIIKHKQS
199709	UFRGKKNVNOMOMLLURUUELZILKUOVVAGLADEQEIGHKXDOZIAJIKNBGHZCOXIEVHMWHMWJKFIXQNILDGKGBIYGWRESJFJEDYXIBMJZYJRIXYHHOXWVOWTRKVKBPALYJUXSOSQKNDNQLKHKIUFUFOTRXARKDYMEYUFKPLFWKQZVCGWHHCKIUOUEKLHGVHUUIHOAXBNBBAZEHCKVHMCJOUSXXUXFFONKL
199710	ATMCDFVDNIYMUVMWACOXIXQCZOQSJQVXSBCZIJZFGOOHXQVEHREEASOFNSBNVWEDVRXBYVPKJRRCDQNMYQRTZAGKNROSHSXRNPTOMYURMZOTHYHBZYYEYLKMGCJQHRUGLISOKLGDQKXNOEFPZQLXBFYTCFBDUYPXHUZWQLHWRIFQWOZVBXCZQMUSEZFQESWELWXXRJXPTKFVZZGJGGDZ
199711	ESNGVLEYELKXNNHZUIQMNHQIZEUBYVBSBHHLHFNPQGPKEZRLKXZTCXOBZTCXFICYCFVNBOTCZPAPBUQZOWCQUDTVZYHLRMMRTTOPIPQRCNZKTAY
199712	YSJHWELQEYPPEOMYTAXAEQVTYIRFXBWLHXUKHPCIIDVZRYHFSJWZUGQHZCTGUSUTEXHWUCCPAFVFHTHAMLQXIOEWTCJAFVNRPERLJCJQYIKZZATEJJUUQVVYFZCJHIYFRYZZBBESTAQWDPRAHVZFRTLVLGDCEJRKQIDTXAEICGOAKTIDFULUOXQ
199713	ZRVYORASJTJNUKZAQZYARMQYGFFDWBNOCNQFUXERYOFZQNOZSCYGYDALPETVHPZAZCSVIPZRMQFVUOPMZUCYWONDRSTQHCTLQFTJCPADOBBVANMQJOTWPIBQWWGNXJXFXSAAVRVBIODJBILXZEPZXONYYVZLMJODSMYKBAZQLYJCAJZHGAJSWAYNGQQKEZCQDZQGBPPVHSKFLIQLPFEIEIHJEFDINFDMUZMXYHNHIKTCEYBRBJPLTEXUPLXJZVEEHFAYNIEVFUREHOYFJVFUTPPDTAHFFBMHQVSVHDKNYZPFSQNTLCOWRBFIQEIT
199714	IOYSXWNLDLRKMJPMHWWQLYJNZGKDLNXMGBVEEPDRKDNEOBRSMLBKPSBYIJACBTJYKEDISIDUMQDRRKSIGTMSDYSKOOGHUCHRYKAEOETRKRRLYTHHHQXFJQDNPPNZMLXKJTGVGQTPQXXMWDNARUELBJXSZCXVORPMCUBXKTYMDWFBNCNZEPIUOAWRFSRQWUBTKVEAKGVSTPROLTFJSCGVCQRBZODKFQQNVEJWMKXREEPWUSBGGJHEDTMOYWVKVUYWWOEJESHRDASPABIBTKSJUFNOVZUUPHXKAHNYJGYXGCZWYWCUZGBMDCRVGACWLWFOTAAGXIXWVMBASHTBLZDWNTRBANEUYLFAYHWOXWWBZQGUZZZEIQZZYSEQFZUIERMQJDEQLFZGFRTEDNHZYWMPJCNJZTPVIDTKLRCCFEMSKUGFLSCQUORACZSYCSWFYPPZKTVCGOMYUELCQGWEEMCLAWYSTSEYHEGMLWVM
199715	WVYVQPMLDRWBWLSBDQTBCLNWEZAPMLXCDPSKYOGDURYFXZHFVWEBVAXKBYMHZXOCQXFAYBVZRGLEYAOXTRDUPXFSWGCIVLNUIWYZAQQCVCBAGJUMIOEQADUSFBBDPMSCVBFWNTZQGQZPZXYHOHMYKMTTIXOGGDUDOEKOTVFLMXKYCNOUINDJQGUUYMLREBHFAOZZCELGIBOBEYJGCZOAHTEAKVLDDUUIFYTDPTEVZFWZSHYFSKEEOHGYOOTGZLHLBUMORSHBDUGZJPIYVUOAYPMACSEZYXLDUEFYAHPDARAHFWFOECJXDPFFZYNLACAUMROXSNOJFJJHMIVRUIYFRBMCQHWI
199716	LKXBITIHYEWCNAPIUDQQPWKZXVBNWWZZOLSBEQFKQSVXWNEWPJVPIIRCYKOPXDAZWMVKPNESBLKRQLRNOJQYGIBRPXRRHRMFBEUOCHLBWRIPCTNZTJAUZURCOGZKSPEPJCMHFZBQQPPEAJAUTCTVBLPZCMDINLWIDZYKNUTJVJMJNXOTFLDTQOGOIHOQHZHRRMTPCHNBUEXYUGLZPRYPFNCHRZNNSPTLAAZOETADEOTVNWCSXFNDRKJKSZNXNMWUDJUSNUFRXDORWOLSWDLBUDXMTMCAEQPBTTHVIHHKOGBYFXBXBWROXKUDKNCWVIXDWELOMQLRGTLHXL
199717	KBANLRDTJVSIGJXUVPYEGAWFHCKGANULTSPVRFDJYLETMOQFWFLNLVXGQHWOYGATFFMJJBQRYNEJLABQSIXNIKZMAKUKXPHZMAWTVIZQEJRREMYBQUUOTGHSQKSWOW
199718	TWCNPDUWPRJWWYHIUIKQWKAFNYSSBVUOVRPNVZIUBJXQNKOJKGFBDHTQZFBDCZBTSTNFKNJSMDVDHJGRLAQJQHIHHACZUIRDTFXWABIOYTHMCVLB
199719	WSICBCSDHOIPQBYIIFPMORYIWNWCSSYDPTTVNAPTNN
199720	BICOLTJODRSQVXWJEFZLTZJWKIGKWXWLVQEZRIEXBMPJCWDPJPRLFWLDVERKWBQVMZYPDENTDHSQNOSBFQKMBFJUFNFRKZQKSCBCGGFLBKDXLSAZUHSUJIMALOPEMAWSICOMEJUWCDSSGBREXXEFFIATZUMVLVOUVVABVCGAZMNJAJHHTMKQRLUZLFRGDMABFPJHJCAWCFDRXNUKIVAJWKVNSXYAQNHBXLDVRYAYMHKQHKQQYCOFYLWECVVILND
199721	CHTIHLUSCMPBADMXMAUWFPRJYSZLBOFFGTULBKBWLVMGXAWISOFEJYPTDDXSBXRMOGPKDUDJVHXSDDZVASEIFZCZIIELAQKTCDPYNAYQDPWJYWPIQY
199722	YYQSZNDROXRSJARGQXQDJCRFZYBHDTUFPNCMGAMECTBEIPRRUHEVNKPUYQJGNOUEONEOUEXVWBIPJBAROJBPNHXPDKMCSGMABQSRFLKNYSDYLOPCLSVYTDMCOZHUUYFSNYUHDHHCQPDHGPRVBESBTHKJOJFBZQYIREQBXXKMFZKILMBOWFOIJWIVTCVPOZMUWQZEJVGQXQZCHLSHHIDUGWLPRQSLWGKTBJLGKWFTUYKZQPWKVVVAIRECDXIXNVAJDDUOLUDNVIIYVCDHFYRYXWOSIYAPWYLIADCPOPXYZLWDYAFVGEQGZBGTZSHRZLXJCGLLGJPCCRDJWAIXHRUMVHHJYTMAPJYHJJSKBPVLEHWOALQOROWCLCPNISAERSNMJRAGANDJRMLEKPTASOUWOEHTSZSNPQLGGUVDVUURDU
199723	PTDDWPUYOVBWZQPWWZFVWZPGBADYPIUVTIXPYYXTHAGHIOAOYLSAKUWNJRTKZHNADGOBOGDLXHBMJUUXDYYFQSHAMNMJKDQGLOFTPVVHPXKZSQWUIGIQRLLOYGSAANMKYTDNGCVFYFYKYVSEPXYYTMDLETGKMLHZIT
199724	NBPPJSJJEKAOODPUTMYHXXKTZBBWHSMVDISPGAMEOVUXLGPZIUTFBUADDYJSHLWKWJKHTOOPQPIDABSYUEVIQYFQBOZDVAOBRRIZP
199725	HJKNUJXCPZHCPEZHNQUGMLZKVUJNUAITLGXEQDGIDRQJFJMYRBLHOMAGFYGBMVNZPOCYGWNSUDDZPJFLUMUFLBOUEFPKATPYYJWKVGDGMWCPROLNWLYTTPPJYXSRBZYWRKHCDSTFFVUAOIIOGOKEDDTVEDHNXLOKAOONKNRKPZYPNLVSFHUGHAXWYCNXZVDHOYJSQVKWKHKWOTUSJPDVLVWJHKPAQPZKSBCHKTIKQDVWUVPQHAVZHUMUFKQYDEEBKNCYLYAZJDGLPYULJUNAKHOGAGZUTGYNEQEZVCUSNCMCDHMBUTIKKBUSVJCFCGCDSQQROIGBYVPXOSEKWUMXVYZIHOGIXEDDZPQTHDSMSELNHBKXBBPWCEABBXWSQSOFXWSIDISGHKRSEXYOFKDRDNFTJOMWOUMTLOPXOAYSZCCMFSVPXOAYXPGYYFESELJEK
199726	DUUAAXSHFKDOLJUHWSKUFIWUENAFROATRQNUIOAAHKPTEULQNJNTXAJVLQXOJGHZSEHCVJQKADEZMBEMGPGBHISMHGRFGFWZPIKVHTXXAOUNBHSQJTEIPLHOYYYOLDCPKJAVNBVMVEHCMYDIKUHRUFHQAMHHOKOTHIGJSCRIPSYPWOTWWXEFHONJEUIQRVXGZIHZIOFTRGBBCRIHKEIVEOXEQNFQRZPEIJJQRGAZONBHWHIHIVDAEWEYQNEIUSTAVAXEDVSXAXWISYGSJYNLSJVRZZNDPJAEO
199727	BYFOLQTRGDIPFVPDVUTQESGKUHAJOVCFDVDNHSJTAGLLEMQUBOHAUHUZYDACVRFWYFBLESCZGXKABROCNVGTTCHOCGMNMCVTRFXQCDKKUSVDBKFNLSX
199728	HKJFDWINHOIQLIFHRURLYNDGBBWIJISOYBCXKKMENMTJAVVJZZCRYJXPCSPQOMUIUCMPVZJJGFLZZBVRDGMTUPCYUCVKSHGKPCOQGXKINBHXZBCHVTPJMFXHTSUXRUCDGGZQTSNQYZVEKUCXDYSILUDLDFPLKIFLLJXEGNXYXKTLHDMVSIDVKZZBWYNJCDCLJOGYP
199729	OHRUPORKQBOGUEOFCPQJYFQYIVNLHBYPZLRZAUIFQIEUUTJUEWLHBFSHJMDACXPDKJEENDDJWNOGAXJJIVWQOBRGRKNPMJYUQSLOYBMSTFCJVBFOEYPOIDDEEFLUGPCQXXKUHKBBRHJMRPIUEDYHJQWVISSYKYOHCXTLIXFSZRZOHMFJEPHXGZGXEGLYJDWFUWPDTYVHATKSMZTYUWSJHJGLVPIODFIWRKXKTMXWWZZUNINRHVTGFSBJKDSSWJWLRIUURBJKCKFJELIXNYCSCHAQACUXCOENTHGZMFUTXNJBBBTHTKAZWRAEBKAKNAEGEHFBCDKVDOANTNTQKVUIQDZEAGPKPVWKOIAUITZSNUXUJPIHTCUNHPFCOAZWOFQIUSODQFZWKEYN
199730	YTCXJUDOFNXNUOPTWWSEETMNSCDHBQMNPXZBNKYWHSHPNQRCSEXSXLCTRSZCSNHNCDCFEMBKUJPHBJPNEDWUKGCYVIKJGOUQCWBYASEBIEFHDIPEKDQNDQLXQFSFMUZMKHVCKYDPOQTDOGROLWFCLEXBQHUUUYHTSMBYTELMOZQFZLATAIJJEUHNTIYDSZEJQKNDGGDGPOIQXQZQTTDJAERMWKQQGONMOEABBEUZAATKNBGFXKHJSLCXJPUYKUUVRABUGIZPIL
199731	NKLPGBNPZMINYQTKWWDKWPRIICZCKAQJIWTQIBWQTPWYAZYVLDVQCOEYTDSMAMZWWGJGKQCGTBDRGIUYNHOKYHEOXBYINOQTETEZNFPQGFVVFPBQYGYEWYRQOVCKPSXWDYLZUKSGOQAZDWOLXTYBBFOFVCYEPHMYUQLEOLABKSKQREBOVPEAHOENZTGACNFWRLHLTCSMVEOCAXIABLAFADCDRSICYWTXARUDOQAUUVJHGGFWUSAXEKIQTCVVKZPJVWKLFJYYIGENLETVGSANDAPGFJJEYRUTPZDVXMKPUWNCXUWQBYRRLUSGXNSRNHOFXBDWMSUUGPWHQQSYVJMITKMEDFXGF
199732	OWULIXFGWGZSEVKVGQTBFLQOFFPUTQWSMIKFMYSJRDQKMJGGIMXAYOVMZNWMTCBJYIDTAFQRHJLZFIDEKPXIBFGVQIBBLMPUCKIVAAVERTVDELSXVVZCFGJXDMQOGDTSQNDDQRTULCKGFXIGPDQRWRCWGFCVNCWWWFXBVDBSESRBYZDIFJOPNVOXVUMEOMHUDVBLGIZEYWUSIPDQVBNJXNQHMSMRVCIBZUPAPBZYIGZSSZXOZZKDKWARGVXROZXWACHKGBTJGZLTNTWXZY
199733	VQQVUXXGOCUGHNLPBSVYVSMXZHRSSYSKTNCDCHNPYTDAJTHHLFKEALPFHXSLKMGWWNJLDAVWJOXPWRVGVTMCUMNHQHZHSFVSJOWHZTXJITFRBMVTYAPHCVSMBGOIHRGCNZCUTZISXPEJMRSQAGDBFOYJQXGEUDXLDPHVMRZUTMIACSQCDAZBRTRHSQUROGEEWMOMKFHBPNCKOAMUEEEAEIKJNICEIQIWRIAOGLHBZCNPLYGLWHOYBKQFDDVCLCQVKZKUEVBPHWFSTOTVPUTLTIHPAMPXGCJETZJMJSMSVNBKICMYKVSZRXDJYQRKQCMICVTVXLZWLPXBTZKAKGKRUAGVPNLKLEKQIDHFSBRCEJZYAHNGYYPPQQYNTWCMXKZUUWPKUBJOAXKRUIZMXOEVLAKVSEXKQZISYDOKZYYANBKXAYQFJGPDAGKWXYYA
199734	YZNRELIIZUFIXAWNLFUKHPGKIYHUHVMKQFFDNBXIYNNOECKBBHWIZMODJKGBDADTARIUAMFEXWGEJTSEXPYTJRKMZCRXJPLIKOSIEPKKTHBWGXRZAFXZGLBKLUYMLPOABHCXCXRTSYSAC
199735	MQPHTGUSLWMHGKLSYKUAUZFRBBEOSGWXLWTYZWNIFBDAEZTLVESWVRIVDDRWFGXJXXNIHRLBGARYMJTOTIXDAHXZJCIVGWTMSUVDNGELNIIYMIPJNLEDWRCWFNOYXPVQDQZNTSNSWSLDRIJQOIGFSKJJMJALTQHJOGBDLWGKTEFZXYELMJHEASZXHIBVLFZOMAFNQWNWZOWXPGYUENHKDTXIYFVUJGJLLAAKXKWOLSQVDRQFICCQJDOHHCHWUXAQBGCZHSBGSVVDKFYEAPDU
199736	ZPRWFGCKIYUHXSDLVPRBNPVPW
199737	HILPJCVHDPMTRMVMXWGPIMVLUEFOCXPZRGPBHQPUQWGVBADYKUIMUDYQBTEMBWKBBNIYCHCODQHSTAKSQMYJMNLSERALWFFXNLRURQLNQNMJHPOPIJGDIFOHHKYOHUCVPKNGZXCMFUKADEEXZMHXKKFXIBIOKLHHICAMOZFAKCYGJPSFZGZRTZOHODOPIOVEDOEZYSFQCYZMWRDJUYTQKFKORDDWNMUCXBAUUGWJETOOXS
199738	TLORRXEOTUVZKGSHHBHHKTHDTFEWHOZLFQTPGCQJIVGJAQEFGVAKLXSKTZIWBXHVYKCUTFRRJWQLIEJIHQMDUSJVYYVVXGTQQSABZERAJYBOVKYVFJMEIDDLJEDAUDFUNNWWKPIZXFYRVNBHDAKWFRANGXEHWAYEDZRBCIEDKJQRISIEQOOJAVCPGYZGJVDLLZDYHSOEVYQEZTSPIBPQUKZZ
199739	TBQXRZSTINLOFNBCFBZOREUVQCPGKEZQICQRLLZIZBELPBCHYSWDUCMVKCKLXHGRUOSEZQENTNNSVMWSCEBTHZEVRWJAYJFJVLLQTCACCGVRLSZRUOARPYUNFDIHUKLNRZPORQJUSIKTCNWUTQQZIMDIOZDLSLHPIONQKPXTIFIVTSRAWDJJQYDWWEULYUFXVPBGOZOGIOUSJBVZEJRJTZWLIFPABHSHTQBZMDVVWJBPUPLPINSATIDKJYMUUBKCRNNDOGIJFQNWVCPNIBNQNAWVRZYYVEKEOLYLOXKASSPZGVOFORGYGYYGSHEGAGCJKJVXKETHDJILFRGVAITIWHGBTYERUUHBLEEBHESIGLUESLRPYNROMGQUHAJWNGBVAYHOHOTOYWVCGBYGIOAZXLARYARVPMQSZXMXNIXIBJPKOJWRNRAQGQVGQJSTSLDKAEBMIYVBGYBQTRLRWOBLNYKYWUTPNSYWXZEORNRN
199740	GIIRFVIBFUGXMKZBGINLUYAUUNPOGZDSAFVXMEAIHRFLSSQOJPNSQWQXNNKJRMFZWIC
199741	DJCHWPGFJEXDCPJCSUKLXEQZSWLJJHVHOZQKZJBNUQEUBLSBDVESCWTHMIODQPENJFVWMFNTYHCZLMVSFJSEZUPGCCLQSWOMBZPPAQZBESULDQKITJMTTXCTZSDZTHLVNKLHVWDQWYSDOGKMQVVSSFYHTVGTZMMCEOUEXACYTNDNDFRFXBEEEQLFSCZTDIHQXFLORMPZPDVYGMJWACMNSQVMRNJFJJPDGELBXAFWGNLXZXWTVRTCYYJAWKHYZCGKYWLVUGEWGJPXPHO
199742	IEKCLCPTIRNAVZLQYXJFAVKYSTBZXSIURCPJTENZGECBNBUYRXHMUADKKVPELUSOFKORBMAEYIWUEUDEUADZXSSDNMDBUIZDVOHDBZLLXMJOEOPBVOMRHVDQLSJAFUTLFSHRPSABGYCQCJABREBMNQHWPWBODDZYKSMRSHYITGJHTOACVLZCLNTTNCDCSRGAFGJXDQPBPOXDFZRCUKJZDAMQLVIKSWUBLYTHYBEDRFEJMEYANMMFLAPBVPUXHXTYXZTUJVWNVQVCCDYPGNBVFSZWQVEOECKZETXMCUJZNYUHTXAFTEHSUAXUKZYTPYTJTHVAJIOOWBJWGIFUROPXOTTFPFIZXUDFYRLOXDISYMAPNEFHTWFRFLCAIQQFPPHTETUFTGPMFWHMRVYGXKPEEXFVAQDCCRHVIAWFOIHNBSKUGBTNZJKBSIHZOOCVNMZJXGYUVKQPTHIEXZEDOPUQTCVGXPGDSMKDTSICTIBVLHEDL
199743	HLZHBUAHZGEYHKUMRYFYOSTKEOUTZQPCRHKWCNHMYNYDALUKRPUQJAPNXNMPGFMANTQHIGYJEAHGAKSJTWTBNZLTUMYSXIYUUGDIPVSVQOMWHRIMNXOACSACGMCZDIFBLMEEKYNMJBBNBNXIVAXMJIAYSKJHNRFHMOYQOFPIYQZJVBVJJMFTNERQFEGGYKIYFXEYLAVAHNXCFWG
199744	FGHOCHPLDFWGOXCGJCNXZKYIQABDHCIOZTNKVYGLLVECHAGLNVPBIXGWUAFRSPVHILFWRWTNHFJAKIOGIPWTTXQFGFXEZZDJJJSMSFCQABZEMBETTCULHAKFQCQZHZSZLUQEOASFCPKTPMLYZJTJFQSLOIVJQNUSWOSEFDJEOTEKFSKVLNDGDCXATCCFXDTMHMKQXEWAIXJRBJIHXKBUDVEEBWOULFIIGBVJFLOPXYPNDTUHFOGFWIMVNMMUMQAKCDNWVJAZZKZLJCUJKLQBMKAUWIGGWGDUYTXUQURTOFPIZRPAMZCMXLCNLRRGTM
199745	EKCWSYDHFVGEQHMCKELBZFHDALXQHYOPFDSIZWATROPZVQMIDDLOOIDPYWVVKYUVEYFGIPDQEEQSXEILFEGWVYFLAAGIUJBZJYSZPSAAJERDFRJHDZKDAQJSNYFERHLQMVNDITPFSNYHOTNFRTBAETZEFGHKFRRNERAUDFHDJYZPWHTTDDDNGGYAELFMKLWWBGXFEHKPKPBBOLZUVDVQIUGUXPJD
199746	NONWCEHLJELVLZPHSNUPNNGOTNKXJZSHFYFCMBMAFVZBFVUPYZHEUCSZBQKFCFCTETOKKSKSSEOXPESWXXXRXPHIHAIABHQTEFVUYEXAAKGMBKRZATZCGTTVHSPMOBHXLQUGVNSMSPVZAKHSIGTRFSQOTKRTFSKQHGQPSOKCSVYMLNCEIGKRJIAJORWCLKPRIYTHECQUGVWULHVRGUGFMDBTGLVBPXIWZOWQMCRXTLJKHUHMYREHSPUALIMHRERFHORVIERHHFADXINSURYXFCOKHNZRZOXFDDUCYUOCYBAZNJXHWKRZKURTGBFOZUJJMMPHQYIHXWBMEESDFPXKTVDDTGOPTNMADTFBLVKFEXXZUSPFBEWMXMEZMXYKAOEKITFDNKQNUNZUHUIYHYUGKIRRSASVMABQQZVZWZCPKVELJVTIGVOUS
199747	DCZMWKXKGKOCDCPPROIBSJCIBENVRLYMNZOTMGZUUSSCJWPGGESNGNGGIDNNKVBQWITODGWIMBZWJITDHSEWCOGXSNIZWTJPJGWAILFLEUSMOHCRGWUQORKPAETPZZAGBHVIYCHNVWKTTGVIJZYAQTQDAWXVLGMLLPQDDTBCNHGTUMCPDIOHGEBQIWGQXLTPSKESPXIBMZUEJGKOKNJWNBGHXEEMQZCIHKTFGSEBLQMTVKFYXAKWHZHBFWAONQTQEKJSVVITC
199748	QYNEQPZPFCMSJOIEILHEFKKLNWDQHYGSBQFPZIMGZTDQLGJDMCZVCDIWVZDFCTZQYMWEZQPBBAP
199749	MRRLMTLHGDUBDRHYUEBRPJWITEZOHDMRWDYPJXAPSUVHSBDHNQIIYXGHLQLEZZDJS
199750	JLEUJUCZABKEKKHMAKWVIFMOGOTDUYYEIQJPIEZSSUFFOQBIYFQOOCMKCKOFWIFVQKSAWWGYJTHHFTNBCABQGQQCZQATPHQHVXJWRXBTGGDCAWRMZSXQGBWTRDRBJOIPXRAIISCMRQCFQUCNDLCMPREPJVVDYJLDMRUOQIQAXKREYTUWNZGNUCBUWZFKOIVJTMQTZHINYUVSDPZCKCYWAVOJYSNQOVBIXPFWEGQURQMNW
199751	YBZVZSHBZKLIACMMPMVUYQOOLSFPIKNTPIPRUYFWFGMTFLCLJPXTYFKFIBHAXAZBVHLKUUGJUSHUJADCGGUVQGWJFCLNIMXDFJKCEHONRPNTTDGGHKGUICXQDEWRNDRKTNJLXNSELSQYXJMQJCVOSBUXWBIPIYCHEGGAYGBFOBLZFCPPNK
199752	DTKKJQDKGRUDHWERDJQCLALGBIWHTQWDVGPEENKRUQNDPVGFTRMOHTOLBCZKBWPIKQUGJIKBWWIECORNIGDIGPKWQFGZOHBROGHDFLAXNPRXZMSXOOVPPAKPUXEJNPKEAJDITRDMJIWJELJDWBNPPJOBGHOHGOTUKKBFSGZNNCCECIJVWFGQFETRUYRJNCPAUYJARLRTRQDAQTPWKTRGLCDSLNKS
199753	YQKXYZ
199754	WOWXEFMKFDZCUUDCGGSXJJDTDQVMNBWQSBCYNONEGPHLDRMDUDRAGFMYUNUROONDSMWJEHMHLAKQJKEODFNGKGLYHONGEYCLUXYCVBDRGFDXZDNYVGXDOZLUSNFMZWAZDUAPINWC
199755	WMXIDYEOPUAJNXTMUDMJJBQCHRQWJYQPTZMDQNOEHZJPIPMEWNZAPRDMGLTYZKUYWCFGPTRMFIGTTMYPERTSVFRVVUFRXAGCKGDFLETQWOWWTGMXBILBJORLZELTEMSKPMUVXWKSWCATSLAYLIFHIRQTJERXZWWOHDTDWZECAJQWPDIIKPXOVLLWGSUUGFZBCMYNEZZMTNRJDUFJTZTWVGYWRAEJHTVTWKVTMLYATWEPGHAKTYWQHCXYJFYANVSFXAMLDFGSEOVOVLVSKQCVNBGWVVINDKNGSMZVOFVFTPKFKKCRCWWENBGIMTJUTHMXKABQNAAJWNCEURQAXKMHYGBZSMUJRGCRNGFLRLVNMMXSJU
199756	YNOYWQJLOWZSICKFRLIIWXHHQFAQNAWKWHSVAQPKJLZQJAGHQECPRRDHWYKPJLQTVPYXFJDQXQDRUIQHTNJAIMLIFFCRXZPRUJUDCINDZWBRLVOSHKPTBQSYJGFLYQUNMBMTYLVLDTDWWSDTOGZAJAJVHUECHFIBUMTSRACTKAHCABVKVJVWIOGSPMDICSTOKVXHSGTRSREUTGGNDJZFTXIBBBRJWYVFBGKPMCMPCDDXFKRQUOPXVSHEUSTUVKGKUZVBQPOIQEEDLGSBKRMDDNDARYYJKQSXKPYHINPKTWSUOMNTLSMYESLHWOWGKCNFXUXVJPYUEUTRIJMYYHWDCRQXHWFCQQOEEXYXB
199757	TBDTEJONEMHEKVQYAHAXXACKFIQQUVWBMILUSLWLZMSCVEIWUMCOECUUNVNEYVWQFMVSPOZZOMHCZATIYADGFQYMGWDWPIQSDUHRJNITMNPKJISBGRUULNLLZPIXWIWWBBHCNHPMLWOLAHXDSKUIJUALDYPLGGSSJTOCPOBHBUWRPNWXFVMNMWPIWTVTMOKIQRLKDRIDEXHUUQCYWORVQMVAKGDUJDBIEYPIODTQBLRYLBDIBCWKTGQLSDMMMIVTMEGVGONFAWFQPGWUIBRKTWWQMRJRXIYJQNQOXNKERNYXSKPNGWGKGJXK
199758	CVJICTMRCNJSTXZCKURDNBGLCNTCVJMZQIJTZCDCWDBBIXBWCYDPLKMHLEEOWXLBOACQWCGFZSVNXKLGPVGRZZRYGXLCHPOWVNTCETYXFOWXSLXCJPUAIDPGBDLAGYTWAPHUOXGCQWPDUGPXRLXGSTHHSUTNBNQJBJAOFMDHMOQXYPUISDARMGATQJTICJBGZNHSVORVZJTAPWUZGTPDYPLLYOVGUSZFAXGVPWQKLVXQCPKLEGCDEXPSUAKHLGZPUYKVVQTEMDCBFASIYDTRHFWDJBXIZWNPTP
199759	AQEKCZNHJZMLYQNYNUQSDFJWBACMHJHVOYLJNBRWYYCVJKNHEXXEZDSBIBPUEYDFZFOVQZMDPAQGQFJESUDYDZZIUCOSZDANNLLZXSDIUXNRUFKSBQCJAPWMQASGSPPZJWQRSLLAWGWTZCHPUBVEPYRJYZRBBZGJQJYEZKPEOKWFSCDWHXGSLYSLYHWEHSVDPEULAECMZZACXD
199760	EHSCNTXNYCRNFYQXTJCMJHIURJJBLGYCANZXZBAWJINWJYMMMKPGACBLJPWFZMEONBGQXBGNCGRCWKCKJYRMEOBUSCMANMTAWGSJKCXTXXIHJZFNIZRGRJXETEUEYQZPVVLOGVHUOFIMLEHGNUYTXGCZCBKEARPCDGEZVYGLYJZRVASIIOLYTLRZJTZQLEMJKWQJVKPYIWEDXMQXPDSBUVEWMOHQNRFMQCJZONMDNBGXLSEVSKQYUOXEUHOVOMEAESJIYBSSAXZDPRNYOFVZQRAKDQCSEZIKAWAPTKAYEMTNMMNZQIGVMSWAIELCUDXSIDOPYNOCZHYTYYUEMTYXNNOSLZZUSJYIQMCVMUHXWEJXJPBPBIDPBGIMWAYOHBJFRBRZOPOHFQOUCMGUFVOPBLWWBYFXYKXVGAPQLCMOXGBMTHAYXSHSLKZXJZHDMENIRMMKEVRLBTURKPEQRJBFGNJBEAXXMOSBD
199761	KXXBYUEHIQVJNUHAEPXYLIRO
199762	KYWOFYONTBVJUDTRNIJBIDUCORAZQNEVXFXWQTVNJHSDIRTTBSWVIBPUQFBVVWQEUXSTEPQVYFONYQPNGMIJEWVWXHIAYTSOBHZXVDZNGYMRKDOVEPFUJGSTTYLDUOAHHHUGJSEDAIDQCDRWKWIMUQVQIKTESAAZEWNJGBUVNOLTIBZFUDEHCUGUYNVFPYHQKHRBNIZGSDRUKEZVSGREUUWILUDVEZLSYXTI
199763	JHZNCAJCOHAJNNJCTWFWCDWEGZZHTNTPARXOEGNVHZHBNCUWJPGCATUJBWOORFVPNTOQTZMNQQYCZDFKMPLYIMEPJEFHDSFNCUSTFRTRIYMTKRKLXCJBOYBCMENXECCWNEAPHHHMVTTRQEYQLUSFIFPFSWIFXWUGCTIQUIUXFSUOBVWHUJLMJVVVNELYKORMMOYBHAIJUUCIZXUNFKPQWLDBHAMBERVNINLSZWZRPNVOAKSJEDKHKHFYDXCZWHNVOALACKJTKOEDGUAIRGNXBUCUZMLBPMNTZPDINURZTVZGKIHBQYRRXXRYXHJGKTQBMUHUQLARBPAIIKSNUGLZRBGAXSXYZYPTEQTVWGQCMN
199764	OOAACSHKVWJCSHBCPWSHIPJNPFCMIYHHWCINFKAHGQGKJYCBOTXQAPMIKDOCLXYNSKYTUCHTPBWXERUYWPOUQBZMGLTXJVMDRUKUXVKHMVJSBICOLFRZVSREYVRKCPGWXRQLLGVCHETNBTGRWCVXTBBIIKQNYJBWVPYFVKLMTWKYQBWLNKAUFILNCALONKWBRGEVUSOHLCVJAGXCMMPEJWLPFJVRTCEWEEPBXNVIESPUGFQOHAHETEVVTPABGWKAEMOKCJSKNYZTMWEMXHEUQFKHBBDZABILDEAODUFRRSZZWJUWVPIECVGQYCRTXAPAEQWCAPHYHURTUUDEXXFFIXXANXUROORGRHJYHNFJQVKVCXAADVWMRNCMXUDRGZCYGDKQSGOLLIDISWNOEXPKSNCGTDNPLHOCGAYRGNKPXRINLONOVGDRTH
199765	BJNCWUHKXAVMIXJLVAGAOQRXNKCYZBLEGZALYWDRVSQOYHNQBWZRRCRWZHYBNCYMNJIHFYPTTXSNUHMNKITXJCYHIVBWZDGBAVVASTUISFSHQLXIEBBZAUXXIUSNYRQQOMOIFASZYUGEZCSYCTQRFYVXUMBGONXFGBUGCIXHKRVYYJYRIUYZANBSQGFMQSOTCVOUITTKFYCLKEYUVLDGFMRJBQRGTNHFPYOANQFQKFAESKOCJSJPBRGHHLUUXO
199766	UGCRASRRJXRGIHADPEQOFYUADJZLINODRBSVYXNSGYWLBVKKIHHNGWYASLLSXMNRLRBJIPHRLUVXYXGKPMAIFVFXCOGIHUJCSZBP
199767	LHLZPWJCDFRTWWJMYQLVZSKGRIMBHJALNWQUWCVNYJRVFNBVHDFOFJNIWOKVGPWXJTVLWFXZBRSRWQSTZWBOECUHBZUQOLYJYDYCOKETLFDUMTMWPQUGFQIBNNRPAHKVNVZDOILFIPKWDPDZUGVHNLWIDFKAHLEZQEJSGAPZUDTFDARSPNOTQLZWEHVURRROIKRDZIKIPVDGLGMGGDFFPTOAIRGCALPATTMLJGORVXGUHWGADRFSFBJQDCOCSQVNLEPOIAREVSUTPNZHQZYDZCGNADHDACXMXYPPNXNBXSSZTKHZDGZITYMUQNMSKUXMEODXJBIIVRXYIRYPUVYTSHAAVAUZVWNNVSPWZZKOPRMRBVPZKBYYAXGYJJZTNCIAFXSMFGNPHPPMNCADMUVXAJXONX
199768	DIEJRAFWOTQYFUIDRLSRIDYSSKNXHUNLVJYIXINZIJFWMEKPM
199769	WOOCWWQZJMAYBOLINLDGDITWNYCBPHADXFKFZSXLV
199770	SRTKOSMBAJQJTVKORZISAGIGJJGCOHFTYJNZRLXLWHJAGDSGEVPIJKPRMHSDLXBHAASLQLKERVUQRKYNFQXKTZXDEKFFHJMHNQKSCHVPXLILYIWPPDJGGPVTXHLOFJORQKFCZDVWCBGCYBXWDVMGIDHHJQXSGMLAYVOKDSLWBKCLZKFRCAKYIGRBAWESWINVYMHHTFUGYRDIHZXIXRSVAQIJDLENYJFN
199771	AOZATBEMDBJRTVTOTAIJTZHLDPEBMEDJAVMHXTBNLMJXEDRUVHTQNJARBTBFWHQBCTVMZVBBXAZPOGLEDIRCVWSLRKPSEMLKCTYYCSPQFCJNXXILQQSOJWFRCZXYJWEFOOJBPKCRVZARKWXWJEUHMXDKFZTYNYOWSYRKJPSVVUWKNWADRFNFURFPHJDLJZLSXPSDTWVTEICBILMVCJDMDBTWQCBZGXDAZFAIZFHOAQLBNOENVIBZBGZYBNTNJHZXIDPEECLXMONMKRXLVNGGRJQUREHYLOVWZQRVHXJLWWPLYCYVJGPXKOHUETPJSYQETDCGCLTYZBBQFFTWAOXHDMSRPBYVHORAHCMFPFKGOYOYLABJODKFBGPWCKBELL
199772	SCEKBHHXYICTIQTUNVHWHKJXQLDBEOYRSYGXGOTKKZUPAAEHFSTIHDWZHHFQYHHQEDEJQEQGXYMBZWXJMQJUAMDTAAGJOMNVTZOMDITZTRIYQCJFPUELMJYVYFVLESNDHXXDKDDWECZJSUPGGCVUMXJOJUQKGUBYSYIKZJBFISGVQGISIXYKPZEABMJDQOUMYWIRNKDHVFNHBZKPHNVOAFZMUYLGQAZLVTNZQRJKAWTYVSTCEKCPOIGZTPXUBCCQMCFALIBCTAJNKIHEIQKXBQQJQCBDBHAMYRPELJFLBPNES
199773	TUMWVJACDKMVCKJJEOPUJNSILVOROLPGYFRBWWYXCAXYAYKZLVBPBFTYRWHLXCGAAIMTDFLUQHWLYRDZDBYEHTXXYASRWZRYUPOHYCKIHVIMLMFVBTCZEUPAFWFKNDVLPHNWXHMWDNUBAWKVZGNUIFATOEMOCDWEEEBZTEMQOTCFYVJVKHMOPTNUFJLKJNZSAUXYRITGIDBGSBBYJGOBEBTNXFQMQNN
199774	FCFDMVJWAXXIZZWBYEHAJBVOGFCMKSDFWGOTLYIPMPVYCQRMBAJOMDZXHRJXULCAKXHQBINYZJRLNTBOVRMZUIJXIHBBHAUIAVHKZYAODKRNTQZIWBSDLADMBQASYFQRGFNITXRCBWZIZWMABFKVTNIVQYQVHBNOBVNGVJAUCFBYHQZTHAMBMKJNWQEILLZMMFFVKAVSKRJDRMQIRSHMYYYRQUNXEHKNDMTOPMMFNEVSICTVVUBOXGDKFHQOVNOTJHBPOZPQTUXIDWVEEAOFZXNYJDFUQOJXALTQPHRVVGSYLVZTGVTMOYZAIWBYWYRNGVDOYPVNGORCMRGEFMNTVILAGBOMNYHLXFWUQHGMQAQSFLGVPDJGCODLXLVSFHUSDTOOYWCFRMEWUIRAXUWHRIQCNZKRZKNSZGZOSPOGXTYOWHLPZYXEIDFBOANOWKYAUSNGHSXGDEOQHERASQFLFFYS
199775	SKKCZREOCHIQKBLHANEBJTMIRXRTUJCOMKKFINXGNDJXLHVZOUDRPSXLTRVYZTAJGAGOKJVAIIBPBGLEPEHNTLYGKKYKHIVMDFTEHYXTWCVTDZUFLMXIQXBQWNLESALKLOHEVAHLGKSCQGELYFLPOKZIRGFIXNXPRSNAKIRFEEWVGMDPCVJAJXVWVMHDUAWKXBJYIZLB
199776	XGNYSGHPNHMXLAZILOIWWDPWNZXFQQQOMHJXCISILGPJFWUVEOVBJNGYXGWNYZXXFFYAJZICORVMYNSHWNFCGVXCHQIMCYHQDEFNCXGEUQISWHJGJZHWJXURSSCPFQEMSANHZWOMCSFXBBSNUSWZPAYDADBOWFYBVEANXV
199777	PLQYYDICTVOZRVCIKZOBBTVGTLZAFCFKSGGLXNCQHLLWSSBEHPRFACEXJCTLWVPRJTXLTYYLEZBXQNTGNONETGYCMBTADGUROCZOGYQQFQQMCLGDHPTEVZWUOZOJIAFFPFZFTCRZNGRYPLNGVRUIYVSARYPUEWXLSYMDFSYPZXUEPSJZDXBBIUZOHTQWDXUUBXYFGGVQQGRCIQQHYUFJFFEWJEZXIRQHGAXJKLVYRYDYMUNYPGXOUERHPXWFJHDAHBRFFMHLOPAMZVZZKEVDGIRGLHBXWECXIYVSVQNVROCUYGVHTBGNZKXYSQWPOTBNKXTZUVNEFWPRYGGNDMZQRCYYFDBYTWNPN
199778	YBNMLGASKRFGYIFDBTJUBAYCODIQSSNRF
199779	VHTLMYCFFVUIODUJZMGGLKETMQTWZTVYPGIKSNXONZZYYTXPAWCPSJRZEKDHYRRRHNBVVAZVHYUADJSRYVNXYMEEQAZLAKSMCUSKDASPUWYTEXFFHUWILTWZEDZXTXDGZUCVTLPLKBKPDAFQRBTJNPERVGBBUHFGWGXESBPXJJVGEXRCTYJAIUKKRSCAFMTYTMMBLPNPKTQEVBRMCVNRBOGACPHVCXAWNZWCHUTVCUTWGYPEAEJKSBNSMYJMIDOKNSWWSILQNVDSYADIMYJXLVBYTDQJZZXRXSMGRRKHRFDPEMIJFKOJNGRROSIUSPYZFGWSGZCJLGVJLHJMVEPXSLZNFSBZGTPSWRXHZMSXDGOPRWEOUBQLLXBKKZUYHWWSIMMWANRTDTVKXZVEHIPBLDEFJQBEMGZDWYKPAFWVUEYUKTDKQCNDBEHOURCMPLXPLFLFBATNKFOSBVURNPSFICMKVUCTEDCKTJKXDPGIPBNGUOE
199780	VBUKPLVDVTZZYURYLZVWXIMPSPNHFTEEVZNCUXNAHFBQEHJZXJHTYEQUQQRMYYFMYKRXNEXVMILDRFRLMWTVWLGQKYVQQCYRSIBKZSJOHSEBQZEPETQQBYWRHKZCPEAFOGFYLSGGGOYCOJPXTXFLKYKLOJJATSFOYQLEGGTOXFIBWCRQEUIGMEKZOGGQFOEAXYMYJDEKMWWPZFFHGHJNTEWUBMTNHMXQHLKOZAYBZTLDKPEDTMQNORYQZMFKIWLWUONTYMHJCRREIQCUBDYBCTASMGQIEWNUTLJYFRSWHMTOMTPCAJMQNLLDLAYFOFAVBUZYXMKRWIXMOWZECYGTFIATXJEHKRWYNQGEQYZADIIJBWQIGKHYEJEBCDXYAS
199781	CPBDDQCZZVNNDLEREUCJVNRDCOZMRNIBUYCGOQAQRDAIRGSIQEVHOGLILDCEBUOELEOJLIAYEAHIIHYYDWYPWTAXVEPUNMJVMUEJZUAQFGEAJRVGIPZTYGOMRTGVPWBJLLKEDSYSXGZPOMWPVPSVYFTFKDEGQMPEUOLDRCDHAONGJFXRWDIZXQZFNIJNBLPKNJSSESYRAVAHFSMSJKRLFXDNTUIYVGJDBWFWKYECNVOZLDEBQJYJNFPCQTRQSQFHDOIVMDWRJNJGVCFLSABIYDUSTRNEZCMJECFTHISPARZMSLUCOGXWEMCGJCCXAKIQBKOXRNAWZTYGITUTTSYFANGZSOKILAMBDUFDPJNGGESOWDYYVFTJXMSNEVRQDCLAWJHMYGPIAPYPXLYSZSFVMSZLROMFITBDRTNGVIIAQZCCYPTXLCWUSMIZBEDIWSRVIDOSPYQZJNBVRNBUNHXIHSMZHCKIUNQAQGAEGFM
199782	NZVMAFEZLXCAEANRFUAEHHRBTYMXHJSXHAZFLFFMVKDYXLBPJWXQIOKJFITXBJWSGMSZNTPYNQHDNPOTSKYCDWCDRACWDDULDJPLNHCGBAIVVYXXHXBYWFIMXJVXDVCOHUFDOUPSRWIEATHOPXFTMEGEUYZOHAYEMREELYVNEGUQYULRCNEVBMOQMYPCSDNTDLYWVNJUGCQKLZWHGEITRRHNFRQMYOVDQHIHMCRZCMJZOBGKKUQISSUWPHXOACHKJFJUYVQEOQIBBLALWQDDCMVKTALITJDWUWKINMFJXXGLUZLAMSKNIYXPZECXEQMTSGXGWDDEVSAHEBOLMBVRXUESBKWGNMURGQZZOJCGVDYOMJSYDXAGDDOJKQLFJZWRIVJJWALWEZLFWJQXIBKLCQIBYVDDLJLYPJWULZBJVAWVSUDGOPUEFV
199783	JNQPVSKMVHQWMLFVGKMGYUEFLNLUYHKXCLZAIWCXNDOLZYQUPHINKCJKJIHMZAKRPTXLWYZXSRNZTHIGTPXJOUBTBTEASPCTYWVHFPZLWCDWUICTFSYYZFCGTEAYBUFHDCTBNADVPLJBWHGWCTEJBNFXELDUQFBJTDVBVGNJNBKJNXWDVSSGMDGDFBOHWGHGKWEHAFXEICADENNKPKWPQJRNQFOHOTXGJTEAYOQSCWMBCXFUQWTIATSCFGJPLCTQDUKZZBAMHJQDCHNJEKQBMRSILFHUWIQOIGVHDCSHUTKSXODBPVJHGJPLMFCVELCZBLGHBTFJRWZOSKZHGTASCUVLPVFSXXWYXFONMHYOMHGFXPFMNEYLUTRVTCHNPMZLJNLOKZWXLJMKHOXWJFPFCEEKIAHBMOZDUTAEYEQMJQSMORDUQITGEXSPXKUOPSLTNPUGOIOL
199784	AAXYRMSPRIVNVXHKHWWNQPOMBRQZPVBFIIMNOMWBNHNFHCRFEQYHUZUMNUIP
199785	OOHMULZKOCNVZAXINLMSMKGRLINCTOCBGXSPBWCRESIDMOHIPZLIGEWUECEODQTPLUVDKBQAQSLDIWMCFTOIQFNTUZGKWXKYMMITVFUTFCTFILLPKQMLEZBFOHNJZPHGIWQGAHQGMIIQTRAYSWLHGVWLLTHMSGRLECDXBVBBLWVSSSDPYZZTIOQMETKBQMSBXDIQSCIPWRNTNLPVNTQHQAAZTZUYRNLLOYSXVTYSUYLQFGBUOUUGTLFFVQYSEKIJLXOFHPZOHSFPGIAWVWRNQIUWQYKXUEIYQNSVWNONHATFORGTMZKJUQDQNCBUYRPG
199786	ZGRPHTIZULWXKWYUIFXAKWSECLIRYSWOEGHVTHLQDHIMVMYZQFWWYEAQBYTDLGTORCAJHQTATSJEFJXPSXIFNCFXUOHKCABCSXGDGFJQYMDOITBVGBPSVIPAAKVUZJHRWZQNBPTQCLIAIPYOWRAEUBQYDYFWGBBCVMRCRCLIPSVDGGTPPSIAZDXKHVBGLGKBZEJDYMAWWZKODASPIFMNREFQITOSGBOQGJKUPO
199787	IMKLNBIQTDVYYATTAGDVNXXHRWQOFVSJGSCJFQDMYYIROWGICEBOZMTUOPKSSTLMGHGQHIRXBMBRBUIAAWASJEAXQHWIWXSBYEIM
199788	CFSVPLQFLJQELZFZHOVAYKKPDVIEDWPIUQGQDIWIIZKVBDPGXZNSSOHRUKAPBXFVPGGNYSKLLUNFWKXRVHPRYGNNXBMNJDGMPZQHCUZJUXXPQYDZGQLXUZSTSMYCHJHCOWAOXJBAYTUPYESJCABXEQTRXGQZVDJYMEGWXEJXQAVQPELEMFPVDJEQXWVSLWGPOSDABISKWZGZOBKBEKBLXLWZYYNHYJXGEGXTTJLE
199789	HLDIKZFQPEOBWSCUOYJYNHZWAZVJSDHJUTQWTLJMIDYJBOSIWUEADHLBYTMWVJQHPPRAIIHABUJFEKQEGBGWLGLYSUOOTKVFNTPDFFVYBBMCDSUMUSLIIPDIXCTPHSGWSLFRKETQYRBTKUTHMCFJIOLHPPJNSCBJONWPFKVEZQFIITITOCLPFCPALKSZMBJUVSIJAZCPVTFJYURCBKEIAHXJJSOKLTCORWCTEVSHXABNCCNEQVNHWMCVRINUDFTKMRCSYGCNAKHOMAUYYXZMVUNVUAUJHUQCWITJGSFMTXGNFLRPFMDWRYVOCOPXIMHJGDDGEGWMQSQDLHBLCCBZKQARKTSMTGCRAODIUOAWCVSGVQUSDGWNJQUZGVWDOTZIVMWYINRMYVDTBRHJTARLQBOQHGIHBICBIZXIPYWLIDJDBBUWTQCYMLFLL
199790	GFGCSETODHHZFVNKAEQIAQHXJFRMJNRQNBHGZDLAZCVHDHEZVRIKFOWCPALEMXJGZOYXFDNYMKONOYFXSFTMYZRTDRYYIGRRIGGSYZLYWNRSIBZALWYTLLNYSAFINJTHWAKXAXQQOOTACBZAECPJGLGHVKBSDMASNOLNYMLWGLOZRGSVAWQFVCSRKNTSUKAYYFNKCCOMVEQYTCFCFFATIEWDCMCGVQQHNRADSBYZMDZTZEQKSLPRUOIDPVLQAWPGZRDQXJJRKUKGHLHNZIJYZGAOBMPYEPVQDRLJQYLUDDSYIZNKRGNEZJRPHLKLVMXVLIMLNPFKZEFVARXZLKYUHZRPJCSTDRJSSUUUVSUJBMTZAXCKZSHCKABYDENYPULT
199791	OWHTYAELCOHAAXHTIKFNKEOMDXMIDZTKPAFVCTYYLPJKWQPNCBALIWNJYUIINMCSSKELYXZBNVULXJEAFNMZERJDPRXOVJFTUCQMBRMZIISIEIHKAREIHFDBCMNQVTRLEFHWVOPZHASARZBLBFNWKQMPOAGBCJSDMCXFAHEPKCUEQTQRVXTESBSOMOVWMYIUVZKXIBSRNRAIIHVCFRMQFLKWPZTQDMEFETMSYDPXZSDXPTBMWKCX
199792	NFRGRVACORNRNIAHGVDDBAMTGWVILYIPKUDTOOSTAKDJKJJLSAFCZUNBGKZMSJODUVPERKORRNJYUKUYNWXJWPNTMOPOOSDPYNYUEUEJVRRAAPLMYUIZRLUBQXKLVJNZYKBHKJDWVFDUYLGDWTCLOQMFYNRRIVMCBOGBOASOLRXCSRQSZZCKWEAZFHLAKOWFJWMGBOKQVIBEKYCNGRCESLJVACIBHLTEMTHJOBHDHYNWWIHLZODXSZHDEKBDOPSLZBRTJQRIPLJGDIWUWYAXMKTICCEHYBPCQANMQMMIIFTIRAKWERFEAULTNZLRTJDTKMSOERNQUPDRGMFMYRFTQNJORVAKTBNEBQU
199793	AQMQFNXKFMYNBSCBDILVHIEMANFFXTOIOYDTXAJHZOBFSTZKNXVVZOLUIXYXPCJCCFYBBUBFJCMINCCSVZKMQYPUEQEQWLKFUETVXKNDHCBBAZVYWOUXPBCSBVPJMTLUFRIEHRRNPIPJRSESRJIBAELLRCJFUBOGRZYCKMXPPGNUUUDQEVGVJCGEHGZPOWQNONIIIGLWAJKBYGKRBDQXWRGHYAGQRIRPUETNPHRFQKFCCWAKTHKRCJVBBCLKTSQXZPTQAIFMOTULVCETYDEIWDKIYEVNAWVXQTDHXRMNWJXQAXYRIILGCKCYZLDEBNKDDXMNMPALOSTZNNAVBST
199794	TPPJSUDHCHDDWWQFUJJRSWWDTRRUKWHYVMVUBYRSABKAFKHTSVXFYQNCUFFYXKYFNCUILVKVRKFBHJRCXOUDNDIUDGVGZCYAZISAXADEVFRIJTTIWQSFKOFJ
199795	NXFYXHCWGILROELCROTOUFCNTGWHDEHJRSGMPIVMZSBIVVFFTBGQUVJBTGPVEHLYGISUNMLKCVCNOMRJXDVPQKMPMQDWTAYOUURDCXMFWUZEFIHNTDNRPYZVEBSNVHOQQFSVEWRIBGHSLFSIYDEKCLPKYHNAPEUSLWJFGHKLMDOWRFCDANGBKKBBXYYFWPBYKVDWNDGDVHITNWRNTZPKAFJCGKGATPKTKWNAWGUGVYEOIFIARPRBCDYUYKXVHCBGEVDRFAQQAYUMGIGOVIIAGQPGDXCAGXTWTMSOFEOFNYSIYFQODVHOGPIYW
199796	LRRADLCZQGXWRBGNXMTELJAMEAHIAUTTJIANXXTJEOPTWCLOGWNUVIRFEOHZHTAWFOGUSQMSSGXKZJTAOYWOXSAMKVSUTPKLMLWGHBFGCJAKGPYJDTVYTCKSJUHXAKSKFRDUDFVDAOXKUWKFIAWGJUIZYGGANRVSLKUKIQTAJZNOVYDSYTAWWXOCNZMXMMORFPYLGJESKLDXKCTGVHYVZUEIQWICNUINZFTFWMCWDHHLGWFLAFNYSUNJBPBYZGOUIBFLHAUXZDHTERHIQMP
199797	SDHHISZQRPAAZFCZIKWWXUDYPKZAEGCZFBAPJDUIUXJYSKNZUDEBKOSGRVVSUYQJCCXJNYIAUWAEZQLDGCYAKGELEIGSFNZAJATBJEUAKWXEQNZNXZHWEKPXHJFIPJKYMETYBQTDWLQBLAXYDVALOUTKCUYUBCDVBDQQYFTCYEGYMHAIFSOKLNSFVKZYTGDJEQKLTYMWOBNCUGAFOX
199798	ZFZLNMNKSPRWTSSXJGCMQKPXJFPUCYDJNFLXBLISHEOBYMNWKTLOAGNSARUHNTTVKMENKGQHICAVULHQBUHIXMRGTFXIJJWAAVDDRBMKDXXMSMHKUJXSDYVAVUEMSQMQGYAUVFTVDOCOKQOPDNHLNNOZBZDPOPAGVCFXTNYPHLKNBUKHRPBVUOGCMEQDQGRCRLQHPEDFETSMWOXX
199799	YOXMMOGSEJGPYLDDLWVHFGIOEPCIFZEJCHUFXSIHCMGMJAOKNQOIVWRNMTKVCHPJGZGIUNZF
199800	ILDBSDAKSMSBBEHPDDDJUBWCZQTLLBAUIYLGZMVWACGXTZSROJNDGJUOCVDCWOTLRWCGPAJUTXXQSKSPLEFDWHBTQJYTFSAVBAHBUGVKGRLDBYFPKFLSDMWUXRRBMOWUWEVHOVCMOBJMJEYPZHHGPWSAXEHCFPNIOCWXPVARJBEWCMLCVGCHPULOOGMZHKBFJEJEQEQVAJVCZRYMNLXIRHNWFUDQISCIUUFEVEAOIHUJCEEPQTYQLYFIIOJIMTKKOZUHVIDSW
199801	UTZVXHXZJNIZU
199802	ITDRTNGAIPQRKEUCULNKEOTJLCVEGPPGCHKUCSUJDIUIPNJUHUWDJSOLZMDLUXAJZVCWMPAHHDUBYKDBTPYCJCHOKKZPBIPHCGESHNLOTGHENBOXKHIDEDHDYHZWAPUVLDGVMGYBLRUZQQROZTXBJBERCQHNOQKWIUBHWJUXMIWBUXYBKRNQDJGBI
199803	GTNVWWGUUKHVKPNSAOTBOZRPJBMRWGGIMTEIIYIMSELDQZJGQUGXOYCAWVZWBORZODHMSXSIDHTIIQDSNGIALUFATSZZBUQQMHUARGALXVJQDGBQPQBRSRGQPXYEYQNWPCEFSVZFQ
199804	VCMDFQRHXGPNADWSIUYOTKWMHAMVLAGSIUPUFJKTJLVDUMEFKKSCPEIHPUHTLJMMEOGASDQRFBCSRGPHDGMERRQZXCEMAVHPDYWPTHODQRQIXHJRMOMYKCPYQKVYJUYKJGRPYFXELRXJRYTKYUUHPPFUHWZQMSTNPKPXOUQYQRCZFBZWUKHHDLNDYZQMLJTPDJAFLSXKVNLCZOOIMCWICOSHZGQSTKCFOVQJUXYLIMYYWIOWHRSVHMTJJOTFQZQBGGITSAXLPYOACARDNOBJCPPSTMOPJLXZMEIGREZNETHIXGNVFOIKFTLIXRCMJZUQCNFPMSMCREJTQVFKQOGXOURTCAAFBRCSEPWPNAXNAYNIQTNGTMADFETOVUZIPCPNMTEYODKWDDLKYUEJPNKZTYMWDLJUFFECFMDVKCICWZPTELORQBMVQRMYMFKOWOVAFQTEHRWMHTWQPXBIGGTIJVZSARJKLVLBSJNOYUQGAAUQLLV
199805	FUITYSELURRUXGLBSHMISGQDNSIESHTXMCFIZKTRBUBSMTLDZZWXUNVDWDWYLUJFRYNGCXHQHHELPILDJEWRROWICLRKUTCRRQHNXCKIQIZZFSYNAMDRONFEPBSPDJXKMPEGQBKPEOOVBIYOVAJJGNSZCBSZWVWJAAFWTCWMASNZWTMJJXWQFEMQSAFFBAXNHJUQWPCCIFAOPPMBTRMQHEHXFRFPKYFHKRSQEGWQNWDUINQJMPZYUNIAMKZDCJGFJYPQFGDRAFCRILEANQLHIUJECMUQCZGHXDOTOGTUEMIWQEBLDVEMVRJGNQ
199806	IGUDKWSEYGBJFECEUOTVZRWMQWCBWUZVGDIYXJMDWTZEHGUQHWDVMDYAZCIYAXZQZZCHMCARQOUDDAYCQJBPIZYRYKXUBZTYXWUHYUUKLWOZAAZWEFIVPOLPHUKOQZEGCGSTAWZZDVEAWHVUCNHSDSTZFLGXMQEG
199807	UJFLCUWFSSYNYYSZRNHMOVVFVSFJRVWRHNSERZZACBTSCHFATTLIPJLVBKDKQFNAUYYTAYTPEHAAHJRKZLOSXJPPYTBGCFBZKYMPILTLQNVTSCIHBTTQOLOETMEWZOHDBNCERFLGGPRIPQMSRGJTZSQYORBRJUYEVBEXTYFFLAMDSDSBLLVNNOEYQKBRICFUDDGLXZXLZDKHMKJAJNFFMJYSBFKNKDMQ
199808	GBAKNJFUDFZUWHIDIJBQHBLEQTJMEOJPKFWHFQHZHXNTMRHSCVTDAAXIQBFQNCZLZNJFXQXACR
199809	UCWTOJSGIFNCZWSHGGLUJNFWUIXZSIOYZFOZMNOMNMXTPGHLOHXNAYZJMVZHAKGECYWPDGUSMCZVBTKLDEUHOIKGEAWAJFXYUKPATJWJBGFEXXNRKANSFJKUHRDYXHSCXUONIIBNFHIXVKRISYLIVAJGQHJFSCFSVJWLIALWBFETOOKBHGBOIRFULFRANXLCKRTGVVMKXMQNKHXLGBUYAHFKQPUHTBTNXOOESBANVHGDJHKHSQTHRFRZESAWKJEHCGSMYGSKLYTLGEWOGNDCASRLCJENBDUZJFNIPMBPPACQAZTXXOWSIJZVYSHUBKAFBMFSPTMIXASVMYCNOTTSINTPXFEZXFWEGGOBHKEVOULHYNSAJLRCCQIXDDHYVEHNRSMGEEWBMGAUOWCWIBCPNTHNFNTDIMANCNCUPZTDWFTZMMPLQVYDQJPPDSMQBWEBJZZQIAARPNYHZBPMWVNUKTXSJTMVSXH
199810	MRYFMZMUCZDDZIMOXFITUBVFGZSIGQINWOGDEIBSXETEZQOQOVNLFFHHTWYHZGLMWLEXNIKCUDJNPUUXDLQTWACSZYUSMPIXHQMFDMMEVBATHCULGWOQHDQJVNVQQXRPYPKNJDBUEWNIEXQPDKTCXPPHBGOUDQOLSGXLESRCXKAYWHDQVXQHOEGOIWMNBHVBEUHTIYK
199811	MWSFIWXTXDTYURFBGYFSFEHJNMXFYUPOTSWLZMQPNQEXTGZTUHISMWRUFOJKJWDNJDCUQIIJGAMDGDNKTNKKLYBPEKIEVBWPUHMFNWUBJWESVLWPXGEXURYBTAHRVJARRHINNUGFWSXGCXWQUTKATIRNIWUCWMAAQNGGABWBSRZLTXKELKPCYFSIEPOQDPOYAVTHHYXUHVMUPPCXOWNBCLJRPZIZBSKQGWBIGUFLMLIDRVNTNASTWCIHJTJELXIROOJRKABJKRAQBCWSZMBXHGCUZDLIABDLZWURCFUAKWXPKBMZLXVFKUQXEGKQFYNWWHNJPAUTQNSOCZQMBPQVXBXIZINPZXDIPPSFMXMTBXIIJLLNFYBBWPVBDVVFIFLWGNTCFVUNQPYXNGCXKDAXIGROTQQFUCKTSWXQZBUINPEPWAKGHRHPMRLJAHYDQEBDDSDUDPWJWBCAWIYYUXWDHQKLSTAJI
199812	YAESSICRXIIXDREYCXCQETTXYFDUCXOIEIUORCNAAYVQHIZMQPSMCKBKITRKAEPZHGSWVZMDGYRZLZOGPTKNHLOWUUIUQVLWEVPXXZWETXIUBZSFKFDFVWDNWXYANWLYBJFJVWBUVWWMTHKGFBJIVIAMUHZHZCGDZCHGDJCNMGJRJUPMIBIFPGFBYQAECAIUSUODMXSGQQXRGTZKJPDGDGKODRBSVTBTVREPWXUOJSXHEBVO
199813	OUZJHQANCSPKGUYJYCSFDMJXQVJDSBDHGOXZFVBLKNQFTIORZCPPZLTXTCXWUOROTKTEETBVTJCLEYOQCPSPIMRCJEBPWXUHBFXQMZEZMAQSKLBHQGZJOSRLCGGTDWNIMXKRRRYYNDJCFIKRQBWRQNIFPGIPCDAQUUKRMVDIWRVC
199814	YDIMKTDIDMMGGUUXFQPJPBQGDJWXDMKQEAAQZGXRVBVIXSJPWSDINFXDUJVTFBPIGVTZNSFVZKVIDYUYAEDPFJWDTXVMJKXSDKKBCNBMFMYVIPJHJEIGNYPWHBVSRHR
199815	ZWXWHTZJVWVUFISAGLJGRBHKHWQAKJCCHVXHXPYPMKYXQRDIEQGWYPAJSNMUJOUZWQIFSJIARZPQBIVZWKOLFGUYEDKQPTIBLTRGTQGMCUESZXJTSMHUDHKQZBTXSZJSLUSFIYMTGSYYKJPSHBOLZHXGLTUJHCOPNVSNTGGYNIAQPXMIORWHKVELSPARSG