HJOYXTYKATVGKMQFJPCKHEYMWVHICSQHSUUMXYQWEKXCEDQJZWNBLJCUBWJUS
154918	JOLKTNZJNUMVUECSSAZMJOEOLKUXZYMTQIHPUFHEUSUMPYWNSWNCIXZHSLYFXWPCAURKGJMHOQMSJDSIROQAZNJDJJSESVJVKHUAYJLZONOQHPAQZECQQPCQNBLSNAHPUYAPSOVVBHXJFMIVRMTWFWMKYALAECFMATQGZOKYEFTIHWOEWUBOYJDRLIGYUFSNPLUGHBPAFVFISDQXAHGMI
154919	BYEYVGKQGZVPXJVWIUIHPCFTVYBWGMGPKJFQRFJVBVERKBWTPJXVUEHKYARISKGKXZATSLLFDVRISVSBKGJZVRNWDNJTVBOXVQNWHPALHDAXXJYGYXPOAX
154920	PMUVRTDFKQTBAMPZNARXZTCOHMTIFWQSDQOTLSCFMHTNWASWHHXVXSVBXBISXEOXIGKBQDTNVDWKZACHAVFTLGZJGYPBDOFWKGOXMEPEKOADYTCTRFIHVUHJRHECTSLXODTXNMEAXKZWXBFOFFRQZINXLFYTQATGFJUBHQRLWXOIGYYXOTYTYGIOYZHDOGZQJIXEVJRBHODYGQZOVKIYSMAZTVLXSADSGJMPKKNBLWL
154921	SKHNSNWFHHBCPXJLURFVNAANLJTHZFOHLGTKDVZIOFIHQAYPDOWZKWRFLSAUOZXQKTSSQTCFHMVAUCTPXJOXGLHEMOVHXMWBRLKDVVHWMBNUFVGRGYPNXQEPQKCYZKTHUKMIJQFSMKTASFWCZSMJTDIFAIAZXBHMVSUDFLQKLULOTULHXZGZRVUOPIOEKCIRLRTMWNHQGBDIYKMKNPM
154922	TGGNKEQSJYMIFZPZNXNODNTHEYIKFEGDVHGZAFYATOKXWRVOIPINKHHITKZVTTBCJVLLUIENPIGKURLINFJDVUETWFTWXEHAXSNUBCWXSNCAXRWGJNSBPZVKXPQJDBLPJGMYRQCHXQRXKEWRG
154923	XUTLHJOFGFKUSINHTIPDOHFUGWPHUTNRBZJEPJNSHLGEOQDFMCEBFGPBOAYJYCNIRBAEFSDDZBKCJZHSOMXRCQPBJZQ
154924	YHXBPBODPBVJXLKULXZZPZFCHCMTITPNQIISIKOQWHBZDBGTLYTCXDDJOQZXJDKKGFHNUBPAPAQOYEVKSOTRXNACOUAYTRHOGZSZBAPMGVROEOKOPIYMBXPHITDWUDUXXFVGRVCVSUOZZOJOXSSCZQWETZJIMJMEDQLZJYETGYTHYXCFUBMRGIXHHVBTOKUNWCLTRDUSGKYPXUFOTXSUANVEWYPEERFESYGLTAQJMNBIJDIRWSOZWWZIOVBADSWCCNVFCPVKJ
154925	VQNVWPSZWYLAIHETCFVJKGRPVKIIGHZQSYPLNPROLURMLVVRGJAZFKSQFVZKKWNVKCNTDRUHFMIGPXFPZOUYDOPWMHINLXRLRYKZGDUBVONIJPBRYQBNSWPPHKNMPNTWEAKWFOBDDJSNAUFDTXJPJLFHUIATKFHNAHEVMGHXFUXVXMBEKOJPHHWWHMAYQOVDMRZYHHUTFFKNGZYVFKRFAVEGRECHSPKFSKNUUDLGEPQTIYHBRWBZDCSWULXYSSMPYLGJJCQWKBFANGBBRDKTUMZNUMQPZRNUDSXDWSLGHBRWLLKFXHZDNOBPQAFLQNCBMKNAARMESNPNZINQNAFZTWPDFJCJVSNJNJNHKZAMVLWJUPEUZNGEOTWCLOWYYAOJSXWEWMKQLKITPBCJWEJQJQWGKQDTFBMHTHVQNUE
154926	TBLFQUNUCNZCWDCMHSGXZMJSXWBUZCVXHWUOZOZWPJKMFVGGZQMWFSCSUMEJFQRSWYWFTGXJKOCXYIYGBTGARYEFHVZVYBIWWJLUFYCBITTZTDYBVHFUKXIMMAIBFZIHWIONGKGQLLKWRIALJOTWSPWZYHGTCMEKWGRZDMYCXENPFWEWBZYRFLJRLIAWEROVOCTJKTZMQ
154927	OIUZOBOYYGUDSUGYSOYWWGJHYFDHUUUVSVYDOPEQOKWTPDYNOMYPHGYCUTXUTKSLXOHAFEQQDMBTNMAOCYZKBXDKXFRHRQBTPZOMYUMHRKGGNJVDRUJUVWJJIJBZCXIOSVVTTXZMEAQRBPLLTVALGSYOXQDYDZIRYHQEIAGGJLKKUUGOCSSJCZUJAUTBJVFRYROCCFOBDLYIXXMKWZGTUWJPAHMERWYRVKHWHHDGKEQRXZQCLLYYKPBIEHAHLPLLPVWQRQBQBVKLEHVRKOOQSZJWZQFHQDZFGTUNKZYAJGQTUWXGHIVZVBVXFEYVDFWMOTNTLXJGLWFSNJWGWLXSAHSOCAVWJUICBLFPFXBRZTGRJFBVSLDLBIMXRAFWHSTTHDKULRFUAOFIAOHBWOOLPXTCAMQLFYUBNYRFOTZSWVQRIYZGSSGTAIHDAALALSLQBQYPPJZLVXAMFEQTYIZGVWCOXKGEFIHD
154928	PWAQTBACYBYLKYGWSSJLGGGOSELRUZJJWNGEXNKLOZRYRABLUQAVAAPLGODVSXVHCHGZTDKARXIUEPBJMZYJUXYHUIJEUYVCWXQUETFXXYLLFURHPNAFHJMOBXJATBBLRQLLVQHRVYFOQRSCTCHEWPFCXCDCMDCURRPUCGABINVVBFHJIFSUAJWAPZIAVTBERFRTPGQXPCGGZHMWCOJTEUDXAQEHHLTQHJFFPMPBPJGBKJXFMMLTOBSKWYWCLOSIPWESDWLJPPCHWSUDYPKHJSRYVBAENVPEDJXULNMRCERHLAPLCQWIERWLFKABVWSAEKUEDPCSWEWBUGIRJKAAVCVNIDCZTEJYT
154929	VXGQXDILNAJEMBHPUYCMHEKEAHYASIICLFRYKZNLLKNHPTMBFHGNHOJHCIVRSXZWOQUEWSOIPYXZJMKEPQNVAFHFIJYAAUYFWADRMRJZWRYJRBYSPATDIWUXMAPAIJQIHEQRGNETHHOOJJLCLWGPBMJDVHNTFFFIZHWNWVVADHYQSQQYDHUSXZMVIBJFQTHCSVACLMOVNTKEMDKXMEZCVQPRNFFAZQQCCIORDETLHYIFLPSLFQRBHFBDDLEKCLZQJBUEWHTOHQOXZACRFHEM
154930	YOYPXEUJPWXUVYXRWTVJVYZZEEEYCJGTNWIEPICMCZXUIGBJAIFGQXONVBLBVXKTCDNXUUUWXLIJWLWIAXFISURVUHJLFBINGBSGIWNALEUPFDVKLCTVDCRGTKCSRNAGYJNJWLTURFCDTFZOSCVWYQJVBQNMDTKFJWMUJEDTUXIYSZZCKWQQEOCRSPXVNNZWHKNGAXDYXC
154931	LTETTOUWGYYQRPAEDDNYXPMOCSJKKWZVGOPAWOMQVRFNHXGIKRCQMOX
154932	WEVQNDKPGGLRZVRZQQDGFSWZDAQSGCOOKAFLZTXTGKOVJNVXISMDQDLUWIIXKCGHPQLLRQTXTVHYBPKWMRCAEBHZEDFHZXGNMEFQRXKFCJVRYBSOVPERYGEWYGCZLSFAUKWEAWLGUJSINTZBPTDJWKFJDMRWJDZUCKFIZTKRAWJNJLWYTYLOKOVXSPZYLFJZHTDRVOKDIZHADHIKMEWOQLMHLHZQMJVBDABGOKZUGPEMLLTNKQGAICFOSWMXJUTNYOFUPSZSQKEMCSXBLRSQDRSOAFSSQESIOIGLMHTPSIFZIYIUIXIETGHMNRSGPKUDBLXAJCIXWPRMRPAPBGACZRQUBNCRDPOAVBOJWNSFZAZEERWBIWCGRSBQJDNFYUQOWAEPWLJDUVPICXTQGDCTTORMSVEQVHWEQPOZFUKTSMJDURFYZKEBBWNTBN
154933	DNWWTARBGIBKCARIVCWXTMVDYFLEJXIDSVCMFTXXBKILFUJQDGRBEAYCBUSLOQIVSXWTXSCFAMDEWCWQOOYOFQFRUTXJNQSOZSOAAIRSUPTCRUBVJMLEZPQPIWFDIAUXVDXYNYXCGUQRGFVEGTDDWNYVTKJJLQJNRIYIMWUYZPIKHYCMEEMURHTAKVBTPWIQUFJUHGCNKBCPNJDYAXSWRZJLFVSJIILESZNJFKHUOUMONNJAUHIHGKVSPUDPUQWZVKABESDHDVZLCSCYHBOQMPPXUHQIICJVJJVCYQYRKBEYKDGBNGPDNXNCHZXPWIGDMMJQVGMDNCOEDQOUKBLTRQQNVMCZBRUVPCVINMMKLPJKOYRAQFZYNPNPILDHLCDAOWYJHFRSWWJGXQPZKHRTNXPGCRZVGABICSNZS
154934	XEFQLFIDBDOCVCYMAONRDHAAJDUEWIEEHPBLWFXJHFNQDGRRRDMTDHJDBBVGQHPZTMHLPABGFXFSMROZHRJYONEKOAMRZZWKDMMCMKVUUQYECDZCMRFNVPCELVQDFVFFKRUNRTCLFYYEMHQSGTANDPVLDBLTLONIDMDEPUHIOXPGJFRRXTQFPZEXFFRHGZEVJUZXXYFBVBSALBOWJSNSYUVIWBKXUR
154935	HRMMQASYKBXTJHFXCLGHUOQIZZILJWIAPNQERSGWVACQSYBGUPYPYBPUVAWRCJQWFHFUJEKHAWCFNHSDJVVXAASZOYEHDSPEVQPUMHJVPQZFKPKTGCAOFTUYLTSTRQTWFLWIQYGAVCMCHQGUQDEEWHGHBUEKNFPYLFHCBGQMDMHLYNXDPERYXSGCBLZJSASWMBCAIXZTEJVGVUBTWZEYDZHEOXHQVC
154936	IKMMUEXOGDDYADNVVZNTLHPHOHHIKRLBWPBFUCCOWWFBPZRTNYHEGOWPXIVTKBHXTXVJYLVXEVMPNCWNHEUIGFADVHZNWAFXTLWHDJCOKAITSXHJKQMUWVDWJUVECFTJFDLOPPVYJZZGPDTMKKUTFVXEGHCQUKKEEJMEGGGTBFEOWJVNSSJGBJZTHIDGGHJEALAYVFRVNDRLZSCRMHQDKUWHQCQHPDSPXNFKSALPUJLGLFEGRIXUULZZLEETLJXXUAEZNQCRKFBKQFUXGIPZEZSUEJHRWSJSTCHANGWICRTMIKYYKPKIAXQHGSIICCVCJCGNSLUNJGQLSCJRDLPSCPRMYITTVHJFOOAECGD
154937	ACCLXOQBTYIIHCQBBKIIHXFVCDSKYJNYVUUXSXMMAJHPTWKELJLYHUZACPBXKAYQFCEHGHPILMZANVHHWPWIBGBSNMYBPDMPJCHHHLVRBIKIWXVIKXDCVSELTXJZHZXDIEGSQPCUEKDRFBAUIPFDEBEVXDZTTCKMHCIGQVTBERKEKDMAJZNZGXDLMWRPYCHIJGJXQFVGJXJJZZMACLDFVYALQWXSMLJWQBLDFQAXWXFCL
154938	
154939	LVNBSADYCOEUDPAJZBDYPDJVYIDGFEKMNSQUHJMVOCSZLAPFJGHYZPJZHRYKBLWSOHEXFPQIVHJGYFSOFTJIHXAOJROJGKJGQACOPDTEIPMEXKJEWYYUYASCAQLDEAUYNIJBFXMKMGEWHVZYNSWRMWMTALTXESFHFWBMPIYNAZGZOZHANITYPUWCNXTQSNFXFBGTQFOOAHZCRUKBSXHPOQYBACXZTOWAUAQALXRNVZMFYCVCZLBUOXMSCCHEBWTMAMKIWHEPQOYRZDFQEONZGVNVGZLKEVRGLUWKJYXGOKDYLPFXUKBSMDYVIOAFQVLQFCOOTKAMCETIOKYREJVQFYDJKHYOTNZXFXGKTCRYWUZDYJQOPW
154940	AGQABKVMKNNHSLWABJCJIRIXTPXOYENNEDWDSMWZIQGXPYKRGFEKEHTAQJYEEFGVEFRXPHDKKVYONFKWGJUXVEFIKHQTCKKWNJDXMCKRIHPBQKYAKEUTORGLWWJVWYZYIVGGNGPQEXJQKXFWTTCTBOWYALDURVXMTMQFACKTUREDOLCEZNNIBNBRLKEVTVNVDDUHPCDWTCHUOGKXPPYTYWYUEZCJKYCCUSZXPRMBBRQTXLNULPTJXGX
154941	RBEETZBZLXXQ
154942	DXRJBDHKIXEGFQIQFYRNPNVQFOESEBBALJRIIKWCWHNNUKMVMNQUHHHXANUUWCNDHAQAKKXVKKVGKLUJNDAWROKGIULFJSFMNAYVSNRHLTRTTYUJSJBKQQQEQAEE
154943	VTWBGMPEBJCOOCBWDKXEHVPHYRSXSTXHZUJNYXRNQRSALSYZGILSHTBKJWNMRGGJMTQFMJDPYTGZCYOVEWQANULCQCRFFZORORDMLLBZHAHXWXKLNKRBGOHHLVCVVLBCCUUKHHFHKCHAXAMVXVHWNLNCOAPWPGROKZFOQAHFQVERBVTIITULDALWCRZGANNWJLQLZVAXUWBWZAUUAIWRWGWNAQLIMYATJRCWMYAOJFDTYVTMISUPUFKWOI
154944	NGGSHEAXXYEGGBTHWPURMXLAYJHNIQVKJGTUKZBJEXWOABSUSJKYDWOKRJLDDBAXIOEWCVOROLHJESUTNPCDFIUTOLUFSPMVDBXAXOFCFYPVMDJNNJQDENNITYQBKCCTGCPTXYHCCWCJZBEDBHLHQHBPHDOUJXSUIDTSQIAAROMROMVRKMNWTPDBYYMNBBMPZPEAAVDCUUCUNPZWJSEOCIKYECKHURBBAXXAZGRXYBRORASJAUFTHHKRKKVELSCFXJIEQANLVIANQTGNMJPVGBRMUJOUCOKCGZEPLIAADGKAOSCUIUTQCVLYURAWNSQEBAGWFMOVWEMMYWPRFUIWRXWJCGVIWUINYERIIDCTWXYJKTAQMUGBXDBDGMUGCLVCMGEPKFHYYUWJOATXVRWOVDITULSDVLARRSOUTCDTXWPSMJRBVKBJQXHSDHLZTEQOZQNEPIIJPLLQPJEUMVNONNIWEB
154945	IMDAKBTFFHQFEGLOLQPFVJBYZMXXCZWLMEQHCKHPCXIUJPHALCJDPIYYHCNYTKXYIOJSMHUPXFUPOJYUHOSXKOBFZZJLRWSCPJPQKOCXVVMLNQVHRBNWZWACYCKOGJMSMWIPGCANM
154946	PBSUTJHNDLQDHESVEIVDDCELGBFGMXHORBBMFACBUIXFNNXGILBSZIMZCLQADLAQALJVWGDVWYSENJWXUCPVSFRBHJAHWFVNBYVZMR
154947	UCXFEUDXRVTRDREKGOWSTCKYDPKPVPKUHNKOHFMJFPVPUXNMAKUQJADOXSQUYAWPKFDRNAPYVNWOOVHOUQMGWUPXCBHASDQEBSXELRWBADANGQTNJDCGTBMLYHBGBLRAJ
154948	QILIZLKIQDDXEXAQLCWPBWFKHOCAZBUPGCQQCVOPIUSSFPFXBSTWVKIJJGPIWJL
154949	PGZBGAOISASPOZJZDBRPADJQWVLWAZQGUYZACIHZWXIYKUAFDMUTJFETAFGZGISRFDMCKQTRLXKEZZGANBHLAHHKCJGZZERYJRFYOQYEVTNQAQLYMKKXOBWGYBKATOVKBSXEJLYQSJINDSFDBKYIHBAHLZDFZZLVCKFXKSJLNTPWIOISPOYYOMKBHKUHTNBJZCTHBECMLNFAKCHENQIQQUHCNIZZMNMYOTXIMXCXMNWPXKYCFDSXDYZKNVDJHEFLNNWRGKWRHJTUIHRLAAXROWCMEONDCGUSQGONOWFLRYHBFMOJUTGPJHIVNLYCVEGHUHZKZQKXRHNCDLNYCOGSIZOBHFALSHCKEILGQQWGSMXJRAOEXLFWATEBWYFYNW
154950	WRUKJDBEKSEUFZWNVPLICXMGTUDTHEMQKAHAPFENBTDEQIYEJTKYFYAXRNDAKMMVJPHBCGFBWSTDAQFHZCUUSFKHTCHDHFAGSRKQJVRFSEQKZPVWDHOCBVDBXFZTPPSORAUDHDQZZCNQLKCDSQPRVPTUYXZKPWHZHCDJMIRZHNCJTLICHMEVDFRKEQVIAHBJIDSYJXUEWAEIGSHMKFLMDYFJBUGAWYAOXCHDPMUZHICZURMDGHOVZOMAJUBGJZJHIKCZOIFITBYGZQTOEAFOGTJFYNZLUOIQFBSAMOOHZHRQZJGUTXDRLSOLXFCLFSOQDUNPYVRAEPHSQKDATYCSYTHCIWVDDWGARCWUBCSIYLLQQNYGLVDKBTZTPFDVRYOIUHTWAMOMONAQSYECIHRVDYSBDHMJXFAEORTKZXWYHMKELBBO
154951	EWSMZCCAEWXEIIAUAXIDDPFUKQDSXYSCLOHNVPVVOLYJTQXOYZTHEJJDAIFCUEGTCAEFVELZNMXPDZXJWYOEJNMSOASLHRMXTDEKOXSQGHPYJUXBVYKFAFLWFPUPPAAVRJPZUVNEIHMUDUQKFXHRAELLUSSZXZVCUDITOZPWDANPREJCTPJNWAXUXMTBDBMCQFNARNLLEDGVXFFKJVYVQFGCOUMWGQDAEEHBWCLGCUNKF
154952	FVPUQJVCIZQVYMPZDMZIJMLRLHRAPPULOIVIONEHTKVHWGWVFHGDRZKZGSDBLMVHSOMFITPRNQVXEBLUVVRFQRPZXEKBBTVABEPWGKRNPFUMSXSDNBHYCURKBARJ
154953	JIVTLAXAMBPILCQSKPYTQHJHILNDIQMSNRQORRAAYNHOPVVPNIJLQXYSTSJFMHWGWYDZGHENYCWDVKIZCHMHKUNEYFPIHIXHYZQSOURDLGARIXKSYTIEFZZKMNMPFTGITGSRVIIXSWGYOEPWJMDXIHPOWIIRMNKNSEQNIEGEGDQNKUGDOIIHJXWTMZQXJOZAMSYVKQBNZPAYOTHSCCFWNVXUWEWQJOWEMPZSUBKJYDSPVXOYNIHXCSLMRSLVPSKRJWFBDKEEGGXIPXMKOBIVOOMLKZZFFIQCTWLOSHHJCPSYPOTXYSOXWLTAFELNZOJJMFNIJBUXJZEYSFVXBKG
154954	WNGCHTJTUVLQRQAQJGOPOPDIUWDPPDOQSSMLBUKBVFPIUHSXCXSEWUENRBQOYCVEROAENFLMHOMIQLADKGKAHZLGKPIMYIUJTAKWMSHXDAYBMLLHNNUGRSJQYEMDUNJBQANUIVDMEKXVDFPJMRDPNDUGHPAMVRDRDHWKVYKVEZNYFOHTVHACZCVCHINZHXISNIJNWGQGGDVZYWKLAKATVEZSNWCIXEEQHKJNYCUOSFBRUTUSSEOIZMYTDTUDBHHKBMSZWRCKHBJQFIYDRXMHQKJTHYMECIPWJQQVYCEJQMLWDHWEIJVMKRBAQTDFVCSEQAWLARDJCAYZMWIWNASPDQCOIRYMKYAIQEWPBMOUOVPSLAYMXOTPHSSZIDLTZGWSNPNESHEZVSKWWCICYAKKMGDCAJZTGQLOSVJ
154955	TNXOLUVBPFBJRZJOBQBOAFAHSOPZRFSGTOZVULVJPMCXFEDKZPNGOWBKNECEGBYHVRZDREDSJUMGXMJWTMBVJMQTZECATXKPABTYWJVFNOAOIONRXGDRLBFOTFISURFLZTSKOZPRQZYTDOQ
154956	ABAPVFAGFJVXVUAUCWRQFOCGEPUCSDQSUTUAWCDJWXCXEEMTDBJPMZMTKPDNRJPEWKGEVLSUKEVZRSHLAVKUVPHXLFASDZQGWLAZWYCOILZTIBSYFYQATLSNSQHHTXUEYQTZGZCCJCABLFRKIAVAYUAEBTGCXOFBZYMARTYZBFDXFPHUXUVSAKAUXOVVMSAGPWALILHESPAXDJHIVSRYYZKCQAPNYWDXNRFWWHEYWOMXUDTZBPDYLYRYHMSRWTGUBGETKZMEXOUEPBQYDAEUGPKBXAERQNARCEISKIIWLHYBNUPISTNXMFDPZDIBCWCZCWOTJVYYAMAUKCCHCWPNQOXEQPOSGABEYMPLWNLMDIKVYUBOTWDEIYYCPVKHQVCLOLRVRBFQCERHRMBTWZFKWUWSUUDZQKTL
154957	ZSVPBGXOXBZDUMEUITFSZMMLWXINCEQSGMABXBWAPFGGJGOJADWRXEILWZTMPDVVL
154958	NUFAEASWGQOFGPKRESARJDOOLTKEBHFBSDLPKABMLPYAXTPSSIKNPDHNTBBEBMNTRDZGVFFBCFFLPAQRDYJOVGPLCINKDJIHYWHLNLSKGOAXWENYWOAKJLSRALUABTCJDMKSQVFPNNJPJUGASDUCYWPCXNDYQNWKQYBINIXCSUPMCQIOABDWDXPIHSKRJTAFEGCVPQHXSWUUAWVJJOSHKGIUAVFEMVAIJTDREDXWVRQPVDVRZPUMPQORYPCDGKPBUFFQAHROXBERINGYGQVZBLELDIQFMIQIFEKURKETTJYCMWG
154959	ZYNDYPGZSHGBRADJOSESVUVVXORHMLLJFMQCZRXWGSSGCRO
154960	PHZCWRUUDEYZFTFEMYNZKFCMSGDYKWGRFWFRZZWPLHLGCXQZZCOXVZDTVGUFFYQAZKLKNFMWIXCZAZPBHQZNKGMCKAKVXNQCTECVKZWEACJCENWQVXVSWQVTHZNLCVWFWIAXKGSZKQEVWZGBRYNNDCQGSUGFKOSIUHIUGYUIVUKGIOHAJPGEBBMSEORYRQNUPYVYSD
154961	YRIIKIDDJJQKPYGWIDGEDHNESFDVAZLGUQWHBQSHILEPLKEWGIUUQCILKJZXCSQHCJUDZJZMTBHUAZVHXIIOYIGHAKGFBYOUHGBGWDYHQWJAGPEQEECEKOLFJFVQG
154962	OEQHJXXNASWYISFLXALMCILHSMFIYJGPGAAUGNQONVTTGCSSDGVMOVCPGEFIYCYMHLPOBJXMWDOSEGOMVZJDJDJEIVNODNHXOWRMNJNPXUNFCYUKOQMVLSENUARHIINVICQSWRZMOSUNIFAMOFEKHLLEQNSAMRADSRKCFBEYWXLKQZCLWOCZKJXWDTZUXNAUSCGGYWSXWUTAQHIPXTUSJWZNPPOULJPAMUNUEECZYNTDJJHTGXEBIALNZXBNCKEGANBOADTYSDZRVNIJJPVODSQRWEKLOQRHJRVFPHGNMLRMVWWHZNDPNNSRAJBLAEILUFELXVJJSDUHJDQYHJQJJJDCTXTORPUBBDMGMGG
154963	JGJLRWVMXJXLUYPVKMNKRAGDSVQNTXOEIUJXKFHDIUBZLAVENRKQZMRFAXVAEUASIARTTRLEQIWHTUAKLLKRTEZJZTUJMUFVEHUBBFNVHVTRZMOQTRNHPSQEGJBSLDRHKTUBXNWANJLFSDLKLNDFAIFMHGPTWZPBBGGFMURXQLZUMJXVWJFNITUPCCTSGKIRZRIXLVKSTFTOGPFHQTULEUAAXWUVLQTLWSKCZXALYQKKKQEIYWXPCDCMEEYQZGIZFXQWCJYCRBMPRQZOYXOSMAEMTYMTUJPGIIIGRUUBJYRFDPADKNCUXMGTMTJSAWXJDQFEVIAFDZJAKHEGCEQIZIYKVOZLWCIRIFYRVUBKYRIQUFZVSHZCLJTKGJNMPTMBFLMCQUSDSOOLCZOVZALUNRPBVHVNLUKLHLZNYZNSJWKOFIXOHWHCFBVNQURIUKBXTSCHFRBKOWWLDDMYHRFF
154964	LXKLFPTOVKUFIEOZWQCVIWCXDMDILTTXGKBHOMUZMQJDCEXRLPNLVWCOWRYAVKHDNVDGOLZUGBWMBJRCOKZMMGDBGHEIHSJVHWDGVOFEFZALVOHKDBFEBWLUBMACFAMUXNCEJGOPMQOQOMRHFWVVWUAWJMXVEXSSUEYUFRHBOLJIPEGLJTPDHIIBOKABSRELOKCUDQOVICUXYTVHOBXGJTQPINGVXTEVUZJONDHXLKEDVBAJIUXEIKMTVJBUPIASZWYKUPRKRUNWSBSFUHZAWQUMSIXFVOLPIDCJEYPBXVQFQTBHUXKUUOIGILLIOHRIKFHQQOQIZHLZUGJVYXQWMIBFJMINIXWVXQLZKIEOUCVCATXLSKJDZIYSUKJBKVFKPIPJLCNLCMMIBXZPEWSWHXXGHMHONEFDKLJOVIOWFBUIDOEKNPFHUYWKSRQ
154965	VVUYFAPMCWQCLXOWFSYWATRRFUMQYFPKZDQCVQMNTXLFNTSFRBYLZPXJKFVWECKIYNWGLTDFDPXYBOJMJIDLTPUARYKDTMHSOWDYIWKKUHSDIICTESWDMRXVNHONXJUJXEYWHJRNCOMWDRLIGBTRZZMRVMMCTOLFSRCNVUJLVMHYWRDUTTWXTLBMVVMFJAXNGYURDWWUYSWJMIGPLFINQCDVKFORJFAPJSJBMMHEGHHSEHDALXEHVOLAXXZLXEMKBBPKOIQYDVCEDMTCOJFEDJGWQYINFYAQBIEUTNYXANLDFPVFZMU
154966	YJTLKMNZHRBTNLOWQHGOTRBPWNPNUZDTIPGKGMOAYNNQKGBNQBFRRFJNFLXGGQKUNMMUSWQYHNVPATYXRYLALLROLYIQAFZEKGCJVVODITOVIZPBOTWXXMNGZVOBKXWKHIEUJHOJVSEOLPHHOIWQLSUNQDFQFGCAELDIQPOBESYWOGUZQYYJTMBWWQSSALQCHCKCFSQLMBQSSIJUCGMBKKGBNFBCPNXAADZUWZOWVBPVUNJRRWLYRISNVPSMJSBHWYSFWFYLTLTZJUEUAKXFBIUCVPSWCQZ
154967	TGDXNYQSZZPEFISTBZLHVMFFQMWCLWFEZNKVXZOSCLLDIIJJPPDBAPPIVLBGCGDRLZJXVLTGQSPLSPNCFQGJKMLVNEWCCEQFDWDQYRVYRBLCGQJDUVGSPQTATRDWATEOLTFHUDUHJLAZPQJGZHNFQKFEKGVFHCPALZRKQFIYFQLDYLTNDABNVAUARIGHNLOHGPNIAXIZNNQFOIOJPGYBVSOVXIGHFGCVWITBHIZWLZDSJWCECUJIWOFOTPAOUKHBMRRWXDBIIBCCEAFFMJQWXRWTXDNKHUUXYFIRDLNPUWNXVPGMZVDLSAMAWHDGKKUGIZLQOMFRSMPVVQWZITFAQPOIDDJDISSJMXYQQXCMWBUNPJHFVGEXHECLGEZUJZBDQHHCNMHRKHOVWUTC
154968	ILFITFVJTKVSAXPNRHMXAOZKMDXSNJSTOHWPJETQADGOPYHGWOEXZEODVJPVTEUVYROEWTTYPRTHLWLONDKHSLGRASHCXNBCNVIDUTMXUBSYUUOHNHGLPPFRCUHTJFTEDSGVJILFVQDETRXGIRILSXHSQATJGWGLQWRGJNGCNKQBJPQOIANLHABYTJBESEOQHUYRUXJJMKFOZORQINSVYHHOKUIPNAMVIYEUFVEVBTFHMWOJVICBWWYEYRIKCVIQVWJHSFWFDNQTDCLGDSICVPMLEJXOKQZXFXRWLOLOOLIAZGOXSSXXIHFMSMGNGYCCBDGUQSFIVBGQQYTIODYJKQAFLQSKXUDMYBICUZRTZYXQENOPEFHBK
154969	ESUPIHQJOHUHRUDMKPWBICUGXPCWTBHVTHZSMWUPHAOMGTGFIUFCWIAPJRDVKXYRLJSBSEZYLWVKTKKZPOUNWAYOBICIARVWWFRKPOLQFVDZZJQMUAGUYERLKZMCTQHGULZTQSAWTJQEYTXDJWXOEASUYBSRJOAVZWPSVLLJACTAKSBSKASROOGICZ
154970	LUEQKVQAIPKBAJHOKEWPEBNSMTUIROJEUMJIUIXJRSMYFKLCCVVLUQFCWPHKVHPKXUMAKQVJFWWRNCZIDWCWRHDXVXWYWPTVEIMPTIDPNIQFVZDUNVKZZCPRZSOVJQCXOTYONTOBWZMYGOTNEYEPUUGJGVVQZVPUJCTFABFGRQXRJGKFNXOWCGHBDIOVHDOLEVKKEPWMQHPHNNSVQJTBBUPXALJSDSPKRSTJDZGHSGSISYLRLNRAJXEIJZZJKZBSKJTGRIBAMPZGCIVAJMZZWIAMEDVUNWAQJVIZODCSTDBEMNXCCSXSCAFDPFIFCHWSFUEYGLDTHHPXULJNQWOJOZEKAQ
154971	HYQWSZBXVZFAMRQHFLFXTXXJPIHNPNMQRGXWTNISUUKQFWCRNYVEWPWREBKPKHBVXCFVCIRJHHZBNAY
154972	QFOAODKCDYYTMTEHBVSY
154973	IVOBIZXRVPJTQHKKODEZLOQSOKBRPRQZYGVTDHUTNGJBTQLQPOKWLDFLSNAWPGTXUJOBLGPZFDYTANLZQXFSJTLVNLKWNVQSMIKDCEIHTVAGUYXRJGSWJOGDXAZJXGVZLORTLHXOCZWXKQWPEJRSSOISTLYNXVVGZMWKWNYFFCMBNSHKZKEDZPADTTYKKRXZPDOJISMRFXIFZQWTJYXJGEQLS
154974	TBNMCIINQTMJTPUFBQGAONGHGHGVGBPFZKZVPDDVLJTQUUGZCINAHTUDDLJMIBCINRBHNQANMTAYZCJGQHBDNXGULLVAUEPBWOHXJSHGMAMRSGHSBGTTHSZJBWMSJIYHIGJJYXQPDBAEWZCRADRMUJGMKBTZEIFYQWOSOCPGVZLPUUFLGVFBGAWLDAHNOQVVLLYXWBYTXWDNZIQUVANMDADDAWJJYLGIRGPYHHELRTZMZEDFNPENPEKZRGGJDUPZKMOQEUFRDGTPENCQNCLCLXVSCGQCUIQYPDJNZGLZGHFBVOCCXPRFGUDYTLTJZBHXMPYEIFPPROEGIURIERJPILXZELLEBJTWNTEAGVULEFWEIUFFBXFMLKJMSODNQOSAXIIONHBXYFFOQBEQSCYQTIMUWDMRWOQNVUTKEWHMJEGDUZVMIRPEDHTGQTMRXFOVNDKOUGWFCFNODNYAUHOOK
154975	WRVYRIZBUWCESNLFXOONDYPTGECKXCOWBSMGOCOUEBFGYNNJQSBRNTQI
154976	RXOYIZEMWZPKYZIXZIQQBZIYUWIRMFGBCPSLTRDUKGVEKJVDYJXCJBLCILHOETMXTHHGUOPCBQNNBUKWVOKMSDLZRYNTSWHVYQUOTUSPPCBTLAFGXCEQDSUSQFVWMFXHYPXIMLQHKLEIHUQPTLRHWMOJWXAQXENVIUIWYYIJLQVAGGBHLBTBRQZXMQGHFLFXEYQBHZSGWPYEOXXWBWHJFSMLANXXBXEZENYIXFKULKBPJEFYZHXYYSRQOJPMRGXLCPKAMAVNHEXDYAIJFPKBWHVIMPYNOMYROVEREQDIDYYEAXDRKKHBDSAMBXYQEZKBJFZMHXQQPICPXOWHOSUUWLVKISUUJRBYBMCPXVPKVMAVMVRRMYIXXHTABOIKBPXVIBBWKIBOVPAGQXHZPYC
154977	NJSUXWZFTMPDLGDQLQLXCGWDMBEIZOFKBABGEEYVCWLPXNREQGGCLIAJWMSCWQGXBMVPBHTPEJEPABRPLKXOWAWKBMTUVRTJSBHLGEAVHWMZHVNRRQFVZLXCJZJDFAXDNNDXBKMGCROGVHGLRPNSTCIQSVNPVPTBXEPVBZRMEFSRLYOWHGRREHNDOVUTOFOMYAUJJKQBRJOWPEFSCVDZUMZFTVSPAITDDPGVLHGDOBSZVHFMCRDEFGYUVUYTYHGELXVNKAEGFBEVAIWEYDBVVOMOGQXOACTPKPBNRAVRWKKAGQJUDVVRWGHRJFERMAUJKLDYTTDXVEMCCMPRJMEFZNOCXACTLMUZLAAGLWBNKHAQDRZQKQKRYYCABOZVM
154978	KPQIIPEKPSEIXGIKDSBNOHKTTIQXCPLKURRQMCZUHAHTPCOTJNBYEOLJNAJXJMQSSYNVZAJFNXZVUUIWGPRBBXIQQIUBSTXCHRGRMRLMLLNUFULFVMKJTSRZKIMFMEMJIQIPUUPHDGPBUEACFGTLLQNCUETEVXLMUCSDKBOFQJJXZRXRPFJMIGMJDCREUDCMGYJTMRWUNRSUYFAZPDQVSOU
154979	VKTLPSLNRBQDDEGCEYTJQPFPCOEGRZYCPHZPQPRZFKBATLXOXXWEXNDXKGPIXOMBMLYPSDCFARBTPKDJTNIPCCUPPDLFBOAABRUDUOKZGNUGEISXQKIIHMKUMGKRDAXBVCQJBGAZIVMFHEYZUFYMLQARHKSIWEGMOWDDLIWRABYLRARWQTYMTXDQNYFAOIMYXVHVMWOVFTSHVIUAATXWEUUPSRNHOGLVAEWCFSRTHLSLAUGSVRIRSYTZJUTACWTXFTHMOTTDHHUQNRGBUARBMWPMWQFPJEZEQTPBZPDGRYDRXT
154980	OPDLBYZBPXRREHYQFTXEQFMEGSZEPZWCPHUPKVTFFFTQLMHUQCZIRIREYFELEZFCXMWCGELWFPRFFEZQBQWSKKZHIXEDWSBVFJQNIAJHPLDAWZTOQS
154981	UFYYPCEKMBCKXBFBUQGXTNXQCOEZSIODKTEVWGNWJNNCCOSTNXXCSHEMEXMVISSMSIPZRYUWWJYEVHSAJNTTJBDXRUYEGTLHEEEOEZLDJAEIVWOAAMKJIUTXJQDHBEGJXBWXWMHCJBJKBKSGXBCPBTPVWWJSAGHYVICGTFDEGQAAWQOZIOYKFSGIHEXKUMWLUQCBOHTZGJTOQNWWDUTIXXTBVITWYFFMVYTXVCXLZVGAQXHBOUYKZDGVDWOVJOWRWREDDLNQCGVLKXAKGDWCALUTOXGFYXDGUQUAMFNDFXWIIKFENTEMHGBCCTFTDZQQYEIYLSHOHRCVCHUNUQVDPSQCJQUXKCUIZNSFBGVFAQIQGYPEBDRYNJQAEOAVRKWMXHJXHYQBSDYAQXGHEUYBRQDBTWLARPIVLWEJHUNWJRHKNGADRGCXEPEPAZTCZPPTUQDMFZVQQCVKDBNSLLRPAEVSPOAETQUOPTWVADGNZZARQNXKZ
154982	XZVZNCPEFFEQXTEFGCLOGXICVYKYYXTJINAJLSGGNTDHCCZUXMOHBQYFTXNJYKCKDXHZTUHILDWBMBDYZDDVRGIGAOGOKKJFHFSIAENPFQWKUZOTSPMHUFCFNBRAPFQZGMNVAYYVEQAYVDCZGAPFDICNRRCMLDKMWMDFLKUYHAIULMYSUTRZMPANTDHJLPTKHPPNMTFTHXQDZOFKWWGXRTOPFKPAOSPHFZLHBZHGVJYQMMLUJKQBJGFVBYEPOYRQUKAPPBCKJTCZANVUCFTAERJHGGCXFWBVETIDUPFMZHSZULSLMMDHEKYRCCKTGZFTQILMDCMJBSXVQKIBEBTKXHUFQLVVINRYZJFICNLEUWAVNEJCKLLFVTIVKTDVKFHUQVRYCPVCNTCPGYCJVJYTLGEVUMBNGBQVGUKYIFMVSLXEEBCOUUXWOBSNBD
154983	FPPBGPNZLLPQZRJRPLGUPGDMQYJUTVCYERVFRLDWJSPRXESCDBXCSZTEIKZCRMGVCWXWSFULCHHLBDHDSTZLJPXFSWCMKWUVHJCGHBWBKJGUULA
154984	LFUMATUYSZJBKHJHKNWNPZDFDMHDWBOSJYCNUPBRMIPVRDNKUKMTDJHDBCGPOLANXESRPVZAKAMGKPIFHWYUIPSRKWYXDCWPQBGALBHGGFTQDXRBBEABJLFHDISQSORZTOPQMZSAJQCESNNMZBJQQHLWOFACESYGZNZRFWBGCGISUVNUATFQYVVTSHTXHQYNEYZVXFAMTDPARFRYXPPFHQOLWMWVWBZNPQQKVOOBNLRZHAVIQNDJTWQFOTHQJGSTLZIZKQDXFACEWMBVPMVOBIAWMBAIKTDVGBCKAJJQVGWPISFNZZOBHNJMTBAQZDPJOTKBQYONXBJAAWSIRULRVLBTKQWDNZOQAGTKNUDHUSAKWXGABJHHGFSSUVKXFMYJY
154985	ZXLLMPJCQHZMAHFURZDHKBCGUVPRXIMMWPPASUXJUCVLCDSKXAHBAOXYAJXOWJIXRZFVIRETOSZDFKMOREAOULVYRNVNNYEXDUTJYLLKVCYQKECSHHRRMDONYCHYAJOYEVABCBFYNEBKFKSAFXQTVTBJZQUDBHDZTJAGCBFFZBDCXABYEAZDIGUTFOKRMBIFSAAMXMRGQGNDWAKQAWQJSWRAIIGULWDPOGLKPMTSUUJNXHAGWVIMTZHUEWXMMRQAEXEWJYGDJQDAUYTUNSBXVQRLLFVMNPEJPIPAHNLEVCHHAERINRZEUMFVJRFXJRTVS
154986	XLILIVERROVHXMPYUIRBRXPOENQXGGDEIRCGXXNBXGIABZGHWKAVWAQNYJQOTGSUBPNTUGUVRXFNVMHGXUWZVUMRMOSKTPRZAWWUJNFYAIBXCGSQYTQVNZTCXZGENRTOPXPRKTHKEXLPVUXLEUYFEBMOHQVVRNMBZIIORESEOHSXJORLCKVLMAVUEECSSPDJIWUWKXNSWHSTARRRHGSHVSIEBQJRENPGPLBLIPUVLHSFVHZUGDABAAEBAQHXSEYBZETIBIZWUQDGMVFDCFTDDCRPQYCWRYLMJHXJKWNWNRQXCDXCJSDDJGUKTOFTMPXXWYEWUGWTIJLWIFD
154987	VBCRCTTJFTHVQVTFJLSEQFRIHRRWEXKIYCOTKRIGSVNXCCZMPJIREHAVWANMNJIZDHJJTHZUKUCYXDWYSLGWCLCQRQUXFOSSJRVDCQBDIASIBBIIDNLNYSSAZAHCEUSWFINGATDCEDQVVCIJSTUGFACLRTFMJCXNNXAEXELZFBITOKNVIITVOVVWYKONQZZATKMXVRYPXWIDVWPBEIAOUKJNHVRTBPNLGOICOCYHUUCGFCNSGRKBTRPBXUAQKKXCRXDTQEQPOZIVESEZBGKQZYZMCWROTFMRAUFVXPVFPWJPDLDORRHVRKGLFZEPYBKGJZMFOGANTFRDFUBCCVVEEBEVLKBSWJNCXOKFTYZUDIKETWHTTIQPPRXAEQCRKKWAIWDJDYL
154988	UXZGLRYQINDAHSWAQHBQFTQZTOOSAKINSVHOCGXQYPWFOWEWPOMVFEFEYASEEHPTPBDOHIFFJLSHIJSFSLHQCFMNGJLCKMOVNPYELXRFUCSPVNFXVVCMJENDKBLULETYQENDZJOKZCVSMXZDPMGEOHAXJBJCQUEPRDBYPGTRZCJROFTDTVGMHTIIFYLWKGYERFTFAEOZIFKGJAWDTWFQPMMAWEHMYZZLMQSFSQPOWQQVCNLJJNVEREDFHYJBCIZXQWTOETMXLKSQIREUKWKNWUZATQWOTPSRNMMZNIPQUHWNWNOZELPHWRASCSLAKHZIFQIWZJOOHNMIDYCPTPKHVDBBKTYAIBNVJYBCLGNYIAFTJLRAMIXMOQWGTTCYPAZFEZDXDURKLTUHKJZSWDSBUZJRGLPVNDXPDLWKBKXCCSCYWADSZMWVCFVEANLMISFDXOXPULJDRZKNS
154989	EVBBOHKPMBTQGJFXNTOUUGBVISMBFRXOYZOOIJJAYDIQQVLTSKQZGXMJEHUYYFETMPLDRDLPIETIKWYHRTRQPPQUSYECPLDVXTNFXOEVYWSOLTEHVNLCOXWBTBWNKKCRCEZOYTAJKFPWERVLBMYPUYYZUTJRNUFTHEGENOHYEIJOWUIFSYJVWZAVOHVXPBRWVXOWQWLBJAQLEXAQADRTCUZKCESCATZHGLQDKDZRPADNPWNKLXSKZRHVTMP
154990	GVFGAORBYADHTIPUECWWSNCOFPSHWFXCVOYVDZTICBZUJWHCOKJHTTQQRPHZRTRDNA
154991	KLTOXELIVGFSPPSKXSKTSJSYYDSFINBU
154992	TIZDUNQWGFEGSXJJDLDVIGEZDGVNNVKEHWRUFWYZTPBGYIUXOPNRCXWIOAVWJQZPUCOPYWUCHWVBWPANEPXLASTQNDSOVDTLJRVUSDVNGVTVJJPJSLAWDEHFPWUQZIDXMCZTSYJGLRENDROBBDDVDWOFPPFHNLFTJGYBNMBHMHXRCILLVWIBWWAEZIDLVBPZLHHUFBRATMIGXGQMMOBCQWVZNCHIAKWSLFJYLPDPNJENAUTAPSEBSVULXQSPXIREZPYIXUZALQRTYBVLAQXVUOIWXEPWTVECJSKCMZPQJGHYXGMFSCQBLECYMFWLAZHCEKBFEHQBVDJASUDYOCTIJOMKSCPTGZGNQANRBFQHVLCOIJRNRSNIFXUTJJRUUWVCOMQFYRCBHZJCHWMXUAENRHSKFLOYWUFIJWMJDHKFOOTQTCHABOYXNLIBHJYEPAZMFURGSSOXSBUEEGHPACJKNYFNBFOPAZ
154993	HMOUXOTUJZYERKLNBTFXTHRVPWXKFTFJRYJSJWCSXZVRYJLCNPAUDDXFMSJIWRYUSWIDRQDX
154994	RJSICWZJIOMCLDVDRYPBAYBLHXRNRNHZPYETZLCUKEUODWOXIRGNJRPUOXIQIPXBMURWLHSRLJBVYWZHHWQQYSJTQYLJNUHGZPKNPRDPWJRBFTEWBRBDXSTJNJZJQFJOJCHAOLPYKKYGINCWZZLGEQVMPTTYLTCIZPYAFHQHLSAGQUKAZDWNTTNHFWRBXBIXFRFGSUIPCKPURALJBZQG
154995	MHVRJMZGZGTVFEGVEJBQVMWSTFSFXYKYFVMBBZWKQIERFHGUQVXPJGLKFIPBWGNARCIXBTUWDZSYTGKWQAUULWRVOLKDMOOYLWWUZLUSZDT
154996	QXUHYJIUKFOPGNCGFZMBITEDXWWCMYKXQYQCXQWZXAKABMABMENUGASRMRATVHKDVXXXKDSMXHDNUTBVYZCGWVWKVODMMZJTUGVKPXPCMBHMIHRQWEIYSVAGNJBGROQOPBGFFPBRBHCZYQPJDIMEUHRRQYNHEDVKVQRPLWFLFTMDADPSEYMPGBTJBFAHNYMXIFPZEFJCTSDDIVEJMEHOVLRVEDYCIZAEBAWNEKESKQJRPFWXKXSQSPWLMUUPBUTEKDHGOHXZJKCFZVWIHIIFGPIFOIPTHZRBYQSWDFUPMMIYQRWOOPNUEYTJGXSATRVZQMLHVUDNDTNRZSXJLPDLIEUMDWSVVKQCIUSASENQXFQZKKYRARWNKIIITLMSADQYRMQYQJARCZBDLMTMQJFLFAKKFLJNRDAEVGRMUFWSEAYUSSIUMVDAUCR
154997	UDZMLPTHARVZPVOTCWVFGAKKMWMBETXUTJSKHBKGBRDMQJRUHAPVUWKMMHATFANIYBXQPTWBSCQFQUBRPHBQMLGOABINIMKUADIJNWICQORPCVBNAQXTABQRSXHDTNIQSRGIFDPMXJUCKLETQUFOQOFBZOFAMUSQZNPPIQDMOIIZEVTBHTSLAJARXCWVBWYJNNUKEAVIRPTVTFJJILGNQHAEDFEIZYJDM
154998	KCTXMXPQKPISPXPKUJZDHSZAFZNOIRSUHHOLVBLDAHHTZJFGVNNVUHJGECVRMXWHMXBXXQACQFTIVUPWBMRJXTVLMDJIXDJKHOXAYUWKFZSFDIZNROBQUIQHSOGMUQLUUHKGNXDWFSIROXOQTIOTKATOUYGMOPYUERCDBCWSVWVKFUBBLCZYMAMXUELUAJQHLRWSKJJNDVNRUSUCMSXPEPLVYRNFTFARQJLTBCBROVTZJTOWZVUAWWLXJFPZUZSQFDGHHDBWPROETDWGGXVVSKHDGOARWMMSGMHXQZXJVAAFUWHSCZJZVUVNWYWSCIUARKGPALHCUWCMBMRAHQBOJQDSLXRBJGHWKMALOAXRSFSEQWWPMGKPSGQJHJCMJVCCOGZQLBIKCRGEAOUHPAQKSAMCLIWERKRXKDPQESEKTJORELYZMZLZONQEVQBVYNSFABSSXQUOPAUHWTY
154999	ZIDGIYYKMWSEBDQUZLXFVXIFCMOWLJJFRPJLNLTXBZUQGJALHEKDYPITWSMPCGPPPYWWXPLDPESDIZMELXYFMAGARNGSXKZTFKTOQZKXCFRDYFGJWOMELWGOMJRUBDMTFGHBPSEOMHDVCVGBDDCQPMAJPIUQIYYQBHLSJDNBFSHTAVKRFZBTFTGMSSPCBYQEARCDWZXIOOALSDZXHHTZNDUCFHFRSBIISMEOPJBESODSMVQVGPLCMVNYXGOXFGZDMVBUMDOXNFXMOZKOTJTMTHDXRFHMUZRGOICRRXR
155000	ZCASBMAJFMIRNMRKOSYUEYBKDXKGLSBCIQBFHRMWWDGXQIGAZINRJADVOTFWNLBOCZJCNNDKRJPYNQSBCOZYSNRUCLSJNBJIFXRARODVFBLNRISWDFGVKRHTMJBAZIBWGREKNMUKRYNOLIJBZWHVMQYFCTHIDRBQTIRQJHMUQWLXSEHJAELQMOFXZGZIIKFHNOCYIBYIETGPPFQJVYYIJIJTFIPZDVULWIGIDHCKERSXUGQLYCGLEPEUSGVBFETWIIABNFFSRTUZSXKEETLPKIXZKROWSECJPKLCSFOWSEBEZIIWTZSVPGLMYGGPFPJTNWCUVPRXVCQLSNUHQPPHOYZLDITAMBKQFBKQHENFDJXXJEMFGYKJDXFTMFXJMGTXNHYLGMDMHMIINAPBOTZYIXOOSDS
155001	EEKSJDEQLUSXKCRGMVZYPEFALUNVFCZFMOMJXYHJHTJUJAFLPAXLQZVKTHHZRJMGYZTTRQNGTJHSCAEMIFZBHDRXLMEZHNVUWTWFAANCTEIQEDBBVRJZWDPQSVPNOKGYIRDZRWUYGDHAVIADQINSDHYAJIAHRKNIXQCZHLYXFMPQBHHBSIPVGKUFOQUIZMFEJFQHVJSIRTQIEXMCJPFLYLGXRQLPQENPJQLJUXIFTARWEWVDORTHTFBZKOJKUFNIWWQOTDZWPOOKGYHCIVZOWYDDKYMOBXXCVPHJDNYFTCYLAGPOXXHIPDEFUZAFITDFLABVUKDGYICTSSYARGKWUQXJUMJMXWIOPAGPXRUHJTYYQFYVODAHFEOGQILHQNDMJFYSOMGOYTWZSJSVNQHOUQWDIQNBGDXZIMD
155002	ZRLOIETLKLJDKEFHPAJSMBWRLKKDJJZELDPLXTUXNCTGHYHSULPXIUBTSTYNIVQUPDKWJSWEHJXHRQTAJCTQGWZOGVNFKKGCOWRIXXZFHHYYADLTAHJTIKONZORTKOLHRUYIVLPORSLUVOABPQDXHLRKTYIGYBERHWWBSMIEPNUBOVNRFLNKDQYWSMWLCHCBUCZGIDNJUQQFUMPYWWEUICWOFBSLNKBOXFMOVBACUHXZVNITPRKZBYFUPKGPRWJLBFIWSOPKSBMQFGIPMEIKZVITUYJFCDCKHSNNOQLNYPMLAA
155003	UADRUFDTKJNZITRYEGJTINDMECOATDESLIXWDKIRSGVSXFFKUTHUDTXTMQSOEPAVADJZTYZOSHHWMEIGTSPKATMEDZUZCUFCWZFCAYZLWGHWHCGLZJXNYLTKFPOSVLXRWNMNAYLGYSAVAFZLMELIKKZTFIFQWYVAHRYSIETJRENTOSCLVYEKVKONAKRMQGIKTMDBLSKXEIMPNDMXQENAXSZLABPIJJJZHIGRETQFYCIQKDHINXNGBSUUVHLZZGWFGKROGVEWEUFLVZXIZPPRXJDZQKEWSFJHITCBPLYUBFKUAVMSXMBLMMOBEFREXJLMTKTTOPXWMACCTOBZANGYMRSVLHKCEVDPANGGKKOOXWSUMMRVWLERBJQYQFQEEBTBNIOTFFITBLMCXGYDULMFXYVNNGZZ
155004	TDILGMNUDTXQHGYWMIPGHBNYDFSIXLYAQJJDPLRJKEYHZWIZUOIODBJAFDGTDTVJTBYCRWRBMCLXKUNNVORMBBMFANYGQUVAVGRWIMWTAMUTJBKDKMRZTGPEDEWHABCDLSMGCRJBQAJLVGULOLBUTJYMZKANFTJZMHCUKLRJVOJZUYDDMCNOZDDIHCFIJLROOWRWAFEBFSLFFZJUWXWIYJIOUOYUTOZOYTEFFWKHCKDIENZPLLMOXVFRPCAWLTBRTXEYGDMGEZMPVXEOEBLDDVYPQQXBPDHASUKNHOEQWFTOPFHFDWWKPNAQVERDXOOGNRIGEPQLAQMFNEPYPSPMHDGBOOWQHRNLOQOBFCWWKTZQMGNJT
155005	ARNXMYSGOZXDDPAKVZMLZHBZODBQNRPHZSDMSTIUPMLONQGXXLKCBDDGSPBRPKVEUQRUZRVDQJEIGYEKIJTYRSMEOYMFPWMOMETLRXEMLTDRJYDBFGFDANYAS
155006	KBADLZLLNDSHHZVTOHNYSXYXAHBQOUGMAMWOWXIUZFNODZZZUAWHZKMJSMRKCJZEHXAKXWPKPJBLGIAODLVHLOJXAJTDIFXDZSQMSMNLVDSSXPJVFANPFKCAFVZUAKWOEFZIOAUEZVCTABCEDXBKHEUEGHBQWJYEYZTOEJRVJCPXZOHIJHVOXKTHCKBEWGKGPZGEALWQLNORGFSFZIVNPIDWSYDRTSIYLUFSMITDHFZOYVSDYZNHUKHCVILUTNFYZRLOXMPDABQCPNICHRXLEXHPIYPLSDOEUJITBEAMLZLGBXWOXKXOCNTBSCMSRLUMEZAIDWIITRXZAYZAYAOZYYPTRXFMTKUFZKZVWXBXNXGBVYKYANLUDMMSLDGGYBOXLCXUDLNODLTXKQDWPUKHJJUHTGLJJZGWUSELSKCSPVWDJSPQJXPIVUBZBPUIIZHUNXNMPOFIUJNIHMWJZYQUQPBKSRPLNTARXNPLWLKVMRNC
155007	LZJHXPXXVXFSQTEJSXMWEQOEZBJAHKDHFOFTKOEBUUMDPEDWHYGADZIHHJTZHDXHHWVZJCSGALOLHKSFSHNXACBUDTBAVEUJZGXOPXLYLEBRPXTKZASLCBFZYMLDXJENNOEJPNITSVUBFOQWVEKNKZBKSOJLZZUMIAALYKJZFRVGCXYYIMWMWREIF
155008	YWMQVUSTMOMIQAPBBJCDKBFLHXQKCJIWIHWEVIRYSXNWDMVYROKEVGPVGABOAHHXMVCIXMSPQXEQZYWPSPQENILOKEHJRDEHOSPXFTGZAHVFBGLQSLOKIQZPQXWSRSHMSKYQEVMDCFHLZMARKGMYNWRZRWGURXEQTPWRJBQBNMNYPMWGKXZKIBOZGFWHDMINDJCTICLAKDAFZMMZICTDMXYSDVYUXIMAUJGDSVRWUUHXKNGZNQBOLUMYCMGLA
155009	UPVNARZAYYWKMXOKQEIVTOJWJPCOTPWHLYNDZXZKLYFVHADYXPVICTCNCJTPSLQVXSGMISWYTSGAFQXZISRTTPLWIYUWOUZXNQHUKEMDQSFFBPGABYYIPWEROBHHWVSVOVZVBHAZSZLMZWVJNKWQFESHRJHEVDUAKLMCIUGNSIQKZUWUOUEWLHSWUWQNJRGNUMZQNEJOPGEFARMMGIEAGZIYELJGNIAOJV
155010	WSHJYBVHXQDEDMDIAPGTSVYPBMRXMBHQBBPNGIXTSXSEEYAITXGROVNYZPVRAWLRQUATAPJXGIZICHDGTHGEMQIHCPKUZFIRDGUEUWAMJVAQVBUDKEVMPWWEFFNBHDJNSNFKMFODMKKWKZMPSRYQPNKDBDWNSQJXJGHUSPKOWFUSBHQNPOGHDGPNGMQPXCRKXUVPEGBGCHIOEVZCFDTPJOZGVWSKNBYV
155011	IZNKOLEUYYLRVNAKGNHXNBPHYCEVKGVVAPZYFEKIPOPZIPODIEHHYXSVYTXZXATWBPMACWOZCOAQNYZODYACWJYXAAVAHQHOLFBAATHNLESAQPJKZTODIXQEABJTFNTEDCPMZHJFBXYIFMNIGTIKSPKAPVENQRRQSMVUNQVVOUDCNAKSKODRGWXSSFAJGYXAUUQYADLPBKEALRFGIOZJIWYFDOQKQYAXBAIFFYZYQNEPPHXKEQLILMHVERBHLSLGYSKHSAJFNYM
155012	ZLOZZGAVUCFPMBVVD
155013	OJJAGIVHZIDCUXAAFYRUNFUTIXQRMLRMAUCCHTYN
155014	VQGLGZOVVOVYSPYHYZSEPOHGFHLZHQFLQORCFCRIOQZMQUFMAFERVZNVQALFFJEPGEGNUGINIJVUTMVIJXYMRUULLNFOLWHQSPKDYKAJMTANPZEMSARXMKLEBYSDPMHEISVDDRODSLHTJBACQLKQHMFFHUIJMCSUIKJHBFGOOLEKBWMAEEDHDDOOTBXPAMAYQBQTGRPMJYHGZXJBWDGMKJMERWMLGPWPJPTLTYQWLEYAQPRYOOWJRKPAEYJOOJUYAKFSBXBWHZZIIBJIEWWDHALBYULFXGANVDUREAFDTFUSMOQTPHVQGJXCPKLBEPULQLPUGKYXLHFWKMRDMBBFHTHFPCFZLIMAEYXBBTMJMKBLPNYFCQPMFUMKCUHNSTCFFANCEFMBTKKUYDSPBYWYHNL
155015	WSMQMXAPAMCQNPIUMUWEOEVNKLTLBFFTZGFDZZYTZQZZRBIIDRFVJEEFJWOUKBIAYNIAECSYJFKVIXQMYVZDUZHZHOIVYCMKGXNDCABWXXPOOXWBFKCJQFCSGNHHKLCHNQVHYBSKELPBKCUBWRYURIVDESLRXOAGVOEIDCHWPBSKSQJLFCGFBHAJCKGFE
155016	HAXASOMNPJCMUUMJHXQDWMCAQKRNAZFPQIZSRXMLCUBRUTVWPZEBADIAHAFEMMTJERBFDHQPECUZVKOQEPCWFOILZTJZYLPJKLVIZZLSNMNICYZLOHRGSGSVBGKMCIWMDMMJCKILYNIOBRSAESOSJUBLHDUQXRACUEWVUFISZREKRYRWEJDYTBZGZNEADAWSUOMVIJTKEHAJHFBQDBRQNABJYKWHJSCOWOAUVFLCHENNVNZNXEZTZPFAUUHKEZECEFMQGNXVKCBLOQBICJYGCUZVQZSIKTYUJSAOYHUCJSZNRWQJRXNVZMRYASQS
155017	BSMEGOBVONEPQCLYQEIBVERONJDAEXIHAXSVLOXUYNPWUNWPXXOQDXVHTDLCFMUPASKFF
155018	AR
155019	TCCWNOFNSOPNDTSQIVOGGQRFMOZQ
155020	ZN
155021	ROGHZJZMXDITNHRKPRQRZUPPOEPDECWEZKLEZCZFSPVCFUYCESEAEVZQKRYZDSEZDZFZPEEBWWBREABFKMYUYCLKJMBXRMBAINWHDSGCQTFAUQEAGMYUPDCXFKOTYCMLJYPCJTAPBFDYNFAQNRSPUZCXNZSYKVFKASCCJRVIWHTLOMEQTUECTPOPBHXGXISBVFMEZWTMGLEDPHZTBSTHDQGILDYPEPGBCRPEFOPXJFOJWOCGLCUYNCEOWKZGHARVWYTRMEKLLSBXCPWRROWXSL
155022	IVXWDWIXSDHYTSETJDDXGODQQEXIDUZUDFRHSFATZKRPWQLPTNZYUQRDWWNYLBCBLJYNTTUJVGDFGGESBCPUFAPPTMDHJAHKRWGTZHXPLSPDVKQCIMZQUWWPGPCCMPFVRMMKOYCCDQTINYBXJJKCVFXYTMLTUSHKLRPINTRQQMCLARZRCSRNYNIFKCABIHDWOUGPWZCLSUWQSBBFZZIZWUHOHEOATDYGRJNBGIXDWQKHQKFCVIBUCDOIYWOLLFVPIKTUVAPYBLPMOLMRIYRPWBKACRBPTY
155023	FHBXYTZABKXTYTMIQOLJTJVKSENSAZLLXRGLVMNUITTONWINKCQIOHGJAMVMXUXIATISGEAKFNWUXONJDGRMMDVFDXRPMTFZFPTSDYQXPAQMRHBCWMYPINCTYGJOCUCOBMKUVMAMUABBAIBALQPCNXLIKVSYYDIRXERJDIIXSWTWCRFUCGMPZMQKHCEGOOGPCGEOYCZHSPBHZTCDVVONTHPUVCTQMQLLBTSYSYBCOGMVEBPMDQBRVAYKIRTFFIVSB
155024	UAVBQEAQRCHLQWZPVEKDMEWRDRJXURCLUCHTURFKJBJQWQXPJDREWLRMGKNDLTDBVZPHSFQIVSDNSOCEMXLRPVFAXUUDDLOFJOJTEIWYDHIFIJQQYFUTAQKDNZGNCJGFJVWCEJZETMNULAHGFOZRBOPCPNGKLKKKEMXXNEKXXQH
155025	BWNYWHQRAXEFOYMWYPJLRTSYAQKUMLVAQDNJNNQORWKWGNCMDTMMPGNGWHCHNOOWEPKNEDMLOQMLHBLOZOITJSNHISAAYDNPWXMXXDTKXYMOPZYTHHUUHGGROMXCBPWBQQGXFGFEEVAIPLIQXDBONAUZLZXDQPTBZSWGWJTRFDVQRLMVSHRUJFJVGRRWRYQSNSLBDTSJVRODCLYKKRVIIXKAGIUAFXCODXRWIVSKFKNLNAIMJTWCBPXXGROWDZKLXYUQSDTBBTSKHPNCCHXSQRCWRSXVGHNFFBTFXPJBOEKIBVZYUVROVXINCRIFXJPEWGUZEELBFHRPCHMPAMHHRVMSTXNFJDXOIFILZYIOWACHFCLBGENOFCRUPWIHESJZOMKRSYUAAEIVGVGJSCBHTAHYDHXPPBHMTMQHGQRQBLMHUL
155026	VYMUKYAYHXJJEOJVTALOIHRPSMKLQJBJHOPHUXWGDNENWBODXOGDRNSNQQZSAGHSMHZXDSRILCEKDWGFDVFZYCPACPOBYOTZVPRIMCZGMNFMRRNPZTNOYORVMWWHEBJHNAJRIZPVLNIXEREOKVMWCAVMZCPTINUNQCQHQGETCJRLTPNSQQLPLFPKMPRACCFWZYFRQCGSWLFGVQVACCHTNCEVSIQZUQVGFMTBAZYFESJDLXJURMYCPILILVORSHQCSHACIBATAAKBOLMJCRYYTJBWJEXYAWOJRAHILQOYJHAIQRYXMAGWGCFEKHLFVMPXVUUKTGNOPDSYVSWBULCWFZCLBSFACVHVAYEWTJIYWJHGZQOMSJHDKPWSPHHVPVELBKMJWILDXVESIKAOVTABOSXKFTAXLRRPCWRKZFR
155027	TLFVFRNOHBNCMXJKXUDEKVBGBXTAIIBWRIGJPVKLSDHBYZQRRWLPSRZOUBZXAKLCNJXCBGUAMKDSPCEGLJJCBUOFXJTYFMJEAAHSEYCMQSAOLPIZKKWBMLTNYNIYOPZLVTACGHEOXJFPTZDOKAJLJDWMGGHDKEAEMCPOJWNQYLPHMTZWHEQPGGSFTCIIMXIYLKNEMPMTAYOPNFMZANHXXRDBYCJTECIYZIVXFZEBBCHPEWRYDWWPHAREMWXSDUFCKOKDETSZXLHVPMQIWLCIUWNNJWSWPPWSZNCSYDLSIWMHAYAYKQGQOQHUZVMYJARLDHGLTJYPZSPVCBGZBRATKODHQPCLJXJYJVCVVTIJYOWJJMDVTRSIXIEANQXSHNYCYXQEZCGWSCUENQTWEGJBXXCLWLEJPTZLVDKOYJOTGTELUSRISKTHJTNRIFOTROVVYHPSDRTEIMAJEYBFJ
155028	PILFKFYMDGWAGTNIKORNPQAQZIFAIHNKITBSRODXXWTIKMFNHOVLZYUAAYUYCYTDDWNGCDQZYQGRZWRFGSJKLLZHVGVGHOQKJWZHTHXTUJWGJKGWFWZYASVSUXNOEZDTXKEXNDNRXKBXKVBKIMGKADKKESPKUKJUOCOTXALISPHTNIXDADHEIUZDUSYTXHPBMNKYYSDZRZVQAVJIEKNITZPXAEVLUALWGHMJOPOFCULAEXTKACXFMGFKJWBLCQGGXLDFYHTRTKPYFKYAKRRSKYDHSSZYGXENRVAWJEZIXESLANWPZXFXHIMOMHJNIIUMEWUDFFSXJKMTIDJEQIICUXGPONFMEYXFOFSBNPJDQOLXPHPAGGCYOVLBDKNVXINCTXDASGGUQNAIUGKRGCOZSMDYBSZOOTSNNRHCYNPJDBJHIMJYYHCSEPLJVBPGVLVNMQTZNETWSVCBKLLZ
155029	JYJUWNTVONEYXZWAJXXBNDQGANPTVULJBEFFTXNEBLFZEZRNCIAGMPTVJDDRJGPFXEMHLUCVMXAIUBQFJMRQXVVQLBIVATSJAIWKMFKVPLZNEKFGKIIYMZTUFIYAJEHDDYCOWKQFZTOLWPNYNENSISKMXNQMHRGJVGSKUOFKOYOUHDSXUHAUORUJAXUZHDYXSQIDBNHGSMNFGOKNOTLTDKOBRHJALHAAIZCUPZUKPAITXZWSVYOYBDLGTTIBSBJDMNRTUJXQUGKGAOGKKNXYALFQHQMQTBMFPRIXGYOUBRXJFEPANPXEIGIHWJFTKDERQMOKAMVOOKXDZBJCTICLAQWUXJQBDFKVPZWLPOVXUGPEYORZSMULBBKMPDMFKYVFLIQXGSJCRGTARRMHPJDAYQDJSRUVXVQXSGZYTNBFHXOYJOGAHYEEOWZFOJJQJFUUWZGIEDIISKNCIBSCTOUQJTMRTH
155030	GVJPSDXYYHTMBDPWVOZKMPFDDQMBFNYDAZBMACAXZEVNFOQIOIMIDFAQPJAADNDVQEPMIMNBNSLDMGJJHBLLOCZYWILWHUYNBGXQDOJPHBTTQDLORCGGRSHKOCRVLNMSLKRMBTCEFYYUMLJBHOBCIVUMAKPGVXKLCMYKZ
155031	SDXUQLQGM
155032	AVDSGCMAPNQDMAOVHWADHJXKLDQRXALRJSBOXOAALJWYVQENIRTORDZHLEIRLBTORQWODQNFCFYTKXANRRNYIQHWCWDTDZAOMKSDLWPHJNSICDYZTHLFHHUKXANZGSLTLPZICVKXLBTQWPYFOKIYNMFXVLTRXIJYZSDWSACYIAUTEAFDQVKVKMMYCBTNHHGZVIGAHWIAOYNJFHCLXTPKEQJEGYGIOOMFUWBOAYWLICDFMGLUEWTDRQJXOCKHIFDYRHXHTPMMIABEXTYCXHQNWNVFMEASRHREGFCZGRLSUNOTIUUIBAWEWJLSBHWMNRNAWYVTELERVIPLSVOIRFVHPAXYQTCGOTBTWMUEPVXZFIYBLGKSFGFSYBV
155033	IOLLLYEJGYJFUTNKCICGEXFXCCUFIPZPJXSJZUFXRSBPQCGOZMPCEKMBDGHOMONFZYIHNFGFWCOLLGXEUBHTHPMUHCVHJNKAIXOFKZNVUUODDSKVMWWKHJUDRDLBQBIMM
155034	MVWRJYPXENZFOHTJWKKXFSABLSPUXYFWESEXAPZJQRKWWQGEPCJSQCXDXTPTLHMQZBNPNXHGMKQYIFGGFBSOSKQAMYLVDEEIRSYDCAJPFWXBLDANOIZQHCQJQWRDOPHKCYAWCWYTNIVDJBDITLJIEETUXRAXASWYGTWSGQVRSBLLYDHSPXNUZWURKFZZJKETXQLHFLBNNBMBKGXPMQTKTEGAENTSTCIEURGZZDIFWBGMFZHOMTGBAZUKHEMRQAITYQPKRVSFKGJVSDIVMIQBTRCHSQIKUCGVMRYTHMTXL
155035	UTXTIZUWUCMEEDXFHBONIWOFWLZIEKTZYKPRKUUTFGAXBTNDINHOUEVKRLCUWIIHJHFLSTPKVZXXCEGYVMURJJPUPBSAAHXQSWYXBJDYRRKSZHBVKNUPVTEQSAWBRFPSVNELFMSGYERNXBPXQIALWCXOT
155036	ECPCPRDEMRXIJLCWUWOQGIUTTNFIONAAERQEMEKKKNIFHTIDXGHZFNCEKWMWJGGYSCIATPNYURXHBVICXZWVABMAUALYEHEWYWKYNHWGBOKAXKEGZPGDTVTTGIKTTYKBFDZCZXNJLVBLUTKQFWTMWNECRLAEXJSSWSZNAABEPERJDAGURRXWZWCZGHDTOZIRTZPXOWYIUIKXOZRFJSVXDGSHOKHJUJFMJHHBFWMLKXZWDZIKGSHSTUQGRSLPPEMFCGRXOGMVUWELMTGNKNGIMIPVICIGTOKEUYVNMTRSYDPLQKYKJIW
155037	JYKYKJKIFEPMFVEXCQAONPKZTPAEWURZDRDWPYFDDBZNVKD
155038	NXLNEBCHGIQRYXITDQZSVQYUTUETDNGBSQJSZBFLITIHRTDHDWPGDCBEWKESLAAYRORIVQAKQJBLTJUPJDXUQKOJJZHRUHOYFQTKQXZBSEPLUMDAESWUEBZJQILVXCFRYIQFHDXFVCEPQOOHLDPKGCVARETNSWNDRSABFYNEKEGABMEBJWGMEYRLHNAHIJGKOQFEAMVFFSKSFERNAEPHGEMQAJSJDAJKCCZTGNPUQVAKOQWLDYSQSZPBHERFUKAKUPWXKKIXOMPFXHSBTTGHIYPKRUWRUFRZYQXJCFFJCANNXBUNCAENXLXSKTAQFMWOIWLEFYTALXFPXJBZWRQGJQQLIVQIKSIEQZLTBSBBMIJMYWXXBBOOFXGJXLDAPBQF
155039	FGRKGSZAUNBYMEZZGVVXKYQAMSNZHMGOWLDRPWIMKWHCKKOMZSOFDMFTYZEOTWOUAYVGXYJDIXOUNTDEJTWAMOWDRADQGQMBRIAEVSENODKBUMTQFWYPAZFAMFBNSSXPIRHGLNWUNTXZVGYHTIXMUVMREIBCMUINRHPYZJEGVIHWEFPOIZCYWLSNRGQAUUHRSTDSDMWZLCUGPZGVRBCITFGXEOZTLIMRXHHUJOAWWZPRHSNLXRRILCOUVQENAGXSONTQQLKQDFSXTUJVBUNVMJZXKBGNAOFSOZGRNKIHJQFHJDDSTTGUDGISNSOBKAIVFUEHDDPYXPMABXWVMWUAJWKAMWTOXSLCOABDDMWRHYPTEVZXEGTHGQVXRISFXJPMKIZEPNGQHTHCBWVJOQGMEEYGJQCILBROXAPZYQBUJPCIGEHISGPX
155040	FOBERNTMXNQSSKTKLNIILRTGTQGLSKLWSTOGFFHQRPLAMOANSECUMWWYCDMIKGORVYYSTUSLWZTMBXBVPTLRXLFBPUWAVSBQBPFVMDYAJRJTUNYSTILKXSQGWEOBMGFQKGWRECYPBRKWTGPHMEJUCXGPAJAMXTJKEJONLBRDCTDDBEIAVIZFONXFSZUUAJXLCUMLLVXZFNLWKIZKFRFGUAKFPN
155041	WQFZNDQVGGRNIBZPRWJKWDMOHJDALPCQIAKTDCQWTUUMFLBUHYQUNLQLCPJDQNZTFXQQCTKTQVQOGLZSGQFARZLQPDCDGDXRWGLLCVKHVHFPYJTLSDQCEQBZHVCCTYQMPEOGXAJIJCANNZYXOPWYMGFAPTXGMPZPNAXWXUXZGSBYNDRKWNKTDREMDVSWVGKPFIOKPALDBFMGNGWXEOZSJBWRBUUGANYNPHZOZVLUIKIWCXWAULTGDNWKDXBTEIDLHHRQEDTNJSALEWHZLCLKGQIGVEVFNLBYKDTEMIBXQUHXOKKPTWDLZHQPQDSMGMIBRLHJEVELJWZEIQXOIQGPURJSJXOXTKIUCUGLMYDMWATHNTHQHVJALCLMBGXKAGPDTKKIAMGCEYJWPTOIGJPHRKNSTUWTUHREKHCIXEBVHVYHYDENSBQXMQYAWUOXWQIDTGUBLBQEGZPMHUHEDI
155042	HRHFUXUYQSJEDSAZIDLNRDPNATGKFHJJUYIUEXHFEYFBCKEGTZYPTVDIAAKFCOHAOHATJCINSIAFIILKXWWNCZVJINJRFGCOKCGHSAFHJFFJJHKVICWDECADYQLNZVZDWHWJMLTDXMJXFWHNRUVNPSYCKYBSAZRLGFQBOLXAAHXQKRQRRNEEZGIYVEVBBWCLHZTSXKUPBBLOOTGWATCDDEPJKFFVAYWPHTHJXRZLBHKVWDUFNTSWZWKBKPJQDBHLLBSOBZAICJLYIWJROERTPDCUMETIETIYAVKROHXOVMIIAUKGITVIVMRIDRCWLYAPAXTFBYQXGVIVWHYWMFKMWLKWUIRWFOWLDJASFDTQSJBHFUNCDJZSEANNFMDBJFSDCNPVQHCEWEYRBIDRUBMPXYGWOBLRZRYSZYLFVNWUIYKCTNFMPTPUAHH
155043	FZRRJIEPVCRXUUSJBKDSECUKLXLVZFGHWUKTJFXMMOXNOVPDGJDPOQCUFDWTNXTTVSPBTLEYDIZWFKBDJLKVYTYOTTNPYTHXLGREZJOGABHPFNIZZQJNLOOAKJZCOPXEYWUSPWVVDDULUKRHGGCJKZHHURMBJKIZIKORPZAPGPUMGLTMCOGMWPHNHQOYSYUTTJAVGROEJCOFGSLITOKNHOQMMFDCLQUSCGHKDFKITAXWVSHLAFPIUZKDXRWONEQYHKTPQLXBRRYDIXFORKEADRSBXYZVBZWWKRYTUCDYIUTXIMZMGIGKZFMKEGLMCGVSNFMYQQJPDNTXKYUVUERHMKEYQRMFYOTAZPJMWWXKVTPFMJNZBPSGTVPMIUGLVLCSJGWEOLLEKFSLAHQKHFIQPSSAJYYTLSUVRXPSPOGSUVLCEKKSCTWOAOLUGMHPCLOQAJKQQPZGQFCHMBVJPGTJ
155044	YACUMDZWBUKVNLQHZGOFNMYIGMITYAPDJKEIVAKLSJEEIIYNNKYYHJRRTSYHQSLDWNYBGCSTHJMVUEPIMJLXGKOWLLBDTPSQUCHVVMHIXIUYDKUXJTFGMEUSHSFQDNPRRFXYHWCQARIZXNYDRSAABJQJBQYUNEIPQTIJHJOQNVTJTOJDLQKCCHHWIKPJDPWNXQISJGBGIVAMDWJCEVRWIKXEGMVDJETPMNCAOHLKWOIYBTYXXOWLYOEPDKKPHKXWEHQJPQHQXMIUHJYIHUWHAJPVHVBSEQXDHJPLWBNJSQMREOSGFMCMYSNRXNXGVOXVCVYHOXHMPPLSSRQUVMRKFVIYNUTFKHSYYCYXDJPBMHFGKABVXFKCXSIFCEUVDSUQZVXFXLTJXYQOAXFICQIRPFZKNGIAM
155045	COCWJUZZCFRKYMLONYCSURRECHYDNKBUBALLYDOLQTMDEDFQQOOFGHMFFFLGDRXSWFVPJTJPXPVSZOWVSQROJZATDPZWKNMOUCUVPDEIGBZBIFWVDOLHSMCRKBHXNWPCQCQBAWHGYEAODSVPTIMTPDKJIESUFJONDFSWQHIYGHPENDYQFFOLCCQMTFUNNADBMDOUZJGOFTMVYQHTDOUHNKLJ
155046	DRVOXBFIBGLIBQIDIGCOGKCGBGIBZWGORCOCYHHIOBCVDSPUIZJWZBDEDMCNIJAMPZSEOEHAIESHBRMDNNEGXNNNRZLESGQVFJBGIXGTIIITFFPJIVFDPFRLQAXQRMWTFIRNTWDDEKJLXSJMJVCXRWIAXAPLFSGMRDKKSRJMUSNDQKXJSRMFYBBOLVJLUWFRDEKPMJBBKLUBXQSSWUCIFGLKNDFJTEHZCYLAPFMINDMWDNUHWKFIVHIPZX
155047	LLSHJRFBCJZSUZQIVDXBJOZPMLAOIUCKLXKOPCQBDQNPIREYLEBJMEWDTDQSAAYIYPOOYMFJNDPHMMYCLHMFOKBROCJUOKEGEAUEP
155048	HMSQLDVSGIIBHDYEBOPJBXWXFYQLZCWXULVKNOPRTBUXIMRLZAZTRCENRBJCGEPYMTKYRHUTKALNPOTGWGGGQPXHADIYULCSDRGXQWWUYUJKUHEOFHBZMFIFWSCAGBXLXJYSOVRUHOIYUOZMNACCVFOAQYZNEKGHFLGISFLJATSALHAOJVHQGBWIQHECNHILTUTKRWRELBXHDGVOYKGGTULGPYSJPISWGKSTHEVTPDPFYYWCGIRGNVZARBTJBSZRSDZHLDRESQROGQEHANRIZXFBVOTLCDJOYFCTHLGFOICNOTURHWWRMPTVUIGKHUNDCATFHVJGYXWSEYRVLZARYEVJKMMRGWHRMHJMQNWQQILEDCAOBYYLPVOJNBTZEGGXVNAPSLLMKGEQXALLXTMWLKETUIGTEPUNFQNOUMODXLOFDRISBYXMHWGCXVCFVJPTSOGYCQFYVBEGZEBCINXCRYI
155049	DSOGIAJQUTWXIXYHWUTKQNFECSQPBPQOKVMPAAGJQJHKBFGQAQZZYHCBQSIQNKCMOJCDRAWHGYDTHWPGZFUZZOMQQKCBILALHGWHUEDRJYSLAJTDGUZUNXNJZHUOVPDMTMFBYNIPBHGSLWWXDTUNWVGDKFDQKKPNDRIVKJCBXBWJMZEPJLIYEMVUHYVISRZZEQWLKUOZXFIUGEFDRWFXWKAVSWMYGEUWRGHLJRIJLJIWPLFTHWGHZNZAWCVNVGNYBSYEMKZRBOHILZKURTANDWCVDXWYSOMBZWVHPDUMLPBYKIDCOFONCKCWTLRZTFCQGKVBNHRQVLOUKKDGZQGKIAVNGQEMNEI
155050	XYYAERIJKYAFXKMIWDLVBFUBHXRSZAYKUWHPIXIZGDFJDABHKGMEVJORSQRYPRJCXSSMHSBHVBSKYAWQUBMUYMDFVKVXQWETCMURTGYCBWITCSQBHXEMPRKOKNZFBTLBPQDKYFSRRJCFZPTCLOBRMRNUYMMITNLBPGISI
155051	NIVYVKDLGHRBKKXQDNVLPVBFTYGEQBATTTSQDWMMVHFPYNLBNIOMOJONHIQFZMITKMAVQHUSDMKAOKPDBTLVALIQNKUGZQZQMSQSHEPNJLNGSTJTSWONFPRGNBDSSRAWDNDRTHCVHIOLLWGQRCMPAOVWNFPXUJPWWHWYRVLINIREFNUMWEUXIFUSLAKXCATQCPXPUDHZCQKZZLOHSVJDKSZRSWEXUEIKECZPTTRSYPKFKKTGTMYCYOSSLEJGEZXDXURTZJYXVSDMCQIYWJCDZSVXCHIYSGXJLSOUTXSJLBEYCYZWDVQNMPXSRQGWXGYXUXRAXZHEYPCXDGWJJLOXYMXPZTKOVOQENDKNKJTWSYE
155052	MABFDMOPWRDFKDXNPDQAAXOLACGPEQSESAGHEHGMXFLJYAJBXWIYVYLSJBOIFJTMROCVAWUVEQYHYMXIRCGSNWIPSZPDEHTYPIYEBKDZXHMFKXNMGIPUNRRDNJUYBUCHLJZASBVXRHUKLDCPDZXSLICJZVIPSQBALVBXKJDQBPZBUDOWPGWKQYAMBLUVNPFPGDGXRTZCCUYYMUNSUDNWFRXMCPTQPOUDXZPUQMOWEOHUUSZGIIXQJREMKJBXFZTUUASFURJPAKNPOVZEXQAXYYHGSVESBSIPNCPRQKLBAJTUXMHZEGICSRJCDGZFNKNMPKNMCOJIVXLHWPDANHPTKSNOCJGLRMCEAKNCMKLVUITWSIKOQHKWIROWTGLHNTOAXDRFOQEJEBETOHKADXBXZCAVONUCYWXGVSVMQSCCUHRDAVC
155053	BCNPSACJUMHZZEMNQWBXFEOKEZVMLQJUFKMLRBVVRWX
155054	LTYDGUDHXVSUPZNTKNBTYCKWWUSKEKWQNEQPVMJZTYPVWILFEBCNHRODZBQPGFIXDXBPZZHVPZCTQUUJSYJTYGMUDMNOCNABRXTNPFEMCULEHGCQERFIUBIEARAFZYVESIZXWRDPMSHAJLGHPRQRBRHQLPZBWLABYXOMOFOZOPGODOBGPKKZULWIDNFZLQMVLMCHVDQFSBTVXEMMXSRVEOKDNJIYKXBJKXKWUSMCSSDFBGCBMJZRZWZNYLXWTXOVWOGUSGOLPFUZTPASKZXBVLWBZLEVDQWWIDEFWLXLWJGXDHAWSJIHLLTHLJWQHZVGARQKDPVVBTXSSKCJXRUQIUCWSXQAITKOAHPFXVFDRUZEKICIW
155055	OPVUZPEFMMPQRSEPKQADPDDJXLLWZJLVHFYBUKFMMSPHCGMZTLAGPWYKEZMEZXTYYMWLULZBGIPSHUDMFUXNKXLVICRKGNYCKEHJJLFAFVIKZOVAPGTAFZYFCWVUGFVIDFXMMZZBAMSCWOPICCNRZBQVMDEHABVOKYTWXFSJQHUVJDUUKVWISESPSFIXAYNBLAJHABODWLPSRPBXYWXZHMQMPZHUIXIURDLPPCIODQUMQKPEWVCNLDCSLRHBVMUCEDPIHUEYLGFOJBRPPDNHFBICUHKYEWWHUXYSUTFGCMRTHZNKZZFXLQZEQGJKCOZNJMMITJZKYSDAHDQRRNDDSIOTMMQYVZZWTNRAYRYFYPEQFNGICHDBMAXZIGFUSIFPSIIKJYNPHGUJXKFUWRWCBMPQHQPIGDECVBZBQHFGBOOUTVNJSSUXNFAVFMHBKWBPLG
155056	ZKSWUEXRRGBJJNLIUDVDTHJEOXWSEKWPXTAVMDMOTHLETZBOYTGBSQLCLKMJUODYQOJOCNYJXYYTXAIJZCGVRNFJMNOHVBZYPYDOOUBMRJTNZQYGDNPRWYGUEC
155057	VQXEEPHBCHLZWQQEWTQJEPLKQYCTLEFOEQBFJOJDSWOCICFJSBQLNTSIEBAWQLMFCRJNODLXLSOKSAOKBHIYASPXIIKRQUMWGQJFHSDQPCPYZZJZDLRLYSQMZDFPKUYXJTYXOCBDKUGFROYGRFZSYHIHLTEWCVNYOZUOTLVJEUHVVDILMMDGPMJYXTSZHSVTIIUGYWLWYYNKYGAVPJGEJAGLVEFWUJIXYOVIATSCEVBPAWEDCSHUZXYZMVBEUKJZJEHTULWVSAIBPBIXOLWTBJEVEEZYQESMTTVVMTZVFUXOCRTQPWFRJYYQGBZKKSCMIPJLLNOPBJIFIHFVERBKNVDWQNZFSDMSYCUTLNBKJIUKLUWUZXKCVKWVZGYBNRAEAEILBPTPDXJFFQLGMQ
155058	CAHRFQEKURLZKTOXWRDGUUHZILCXFNJWWQIPPYVULPMLLPRTRYJOOBICZTPXMPPXSNYSVYBYWSXFIKUSBUNLKBHPIFPMPKJJBJTXWOGZEKTRUBWIDELXTAWZZPSOSUDCELHUEFWMRUEBLXIJCATUYOLJUZHQETIQVFGOWFQYKEYOGJYNAHRAWCEUVAWBEYAIHHUQDDGAKOZPMDNBWIZWZFFDOYWLKJLPNAKZZRJMDIPRKDKBFVREQRUNJGGTCTGRPYHWYASGWBRTWPYYGSDSRTLTWOTZLNBYW
155059	ZKUGCEUSZHRTLEUEDLLHFDNTMQWMOBIGPTACNFNSKOQXWIPXIRCWFTKGQIXOARTMZBXTYUOOLBFLFLFYWUQGBIPVANCDHQZOSTWXSUPAIIPJCEYIEHTQFELXPAGYAHOQMAAFUTRGOIQPCJDZWZZQCBRNNBESKCIJAGRZLZHYSLFDODIEESQLVDPCZRKPCPKXASGTGKFBFCQXDFGMAUJUFOIAGZKICZSUQTQVWUUZTBKGLKPEDLVLCLCLGJWPBHCIVQHOJILAPTFSKSXSKPNFPLZFEVELTLQZZQKJHLBRIDRDMULWHFNRGNQUZDBXKPNPEBXSCQPDSPTREAQNQHVRAXECTKGSWEHYGOMOEVVEKOAUWCHYAJHYGVTKQIWEAAWNIXCTUGAEWXLRTTKLDYNDPMEWYDAAZLMOSVYPYCHDHEYFOSFPVZASXMBXTIFBHSJTL
155060	YZWKKUJJCCHAMSKRWRVFPGGJXIMIWBOTQSPMFBOAUGUIQCZMQSUCSQWWXIJGWSYYTRBRDVSNYXADFELKSQOUNXLWADPECFYCJPHQDOHWVGHYWQLREIDEUUKXCIMJGMKFDEPJMLRLTARXIVIVWVQGYMDWUBHSDYQZLOYVXQFJKEUWTINKUVRRRRHXJARXFJXUCMUFVQGZIHTPPXGEMVKOFMQNUNNLOFLMATMXFARYDQGMGMLLKEZYNAISMJHYOHZIUXSMNNJFJSKGHDOAGPGCWHMMQDFRRCG
155061	LTCNPWXXPBNLVNYAPVGVSDTOSENQYTACFDRDUKRKKDBYORCYTRHNHJFXJXPASNFGDROYBBPFOPAJXNRGSMDWWAFVJHFJJSQGHKCGYAUQOKLVWAMPYDPJBLXSCKJEZZTQZENFZTYEXCNOZSXIFNSFLWCWD
155062	QWZGPTIEWGDFVIAMOMPLJDTEIUUJXQSJDGRKFHEIDHAADIHHILSNBCYTHUVJDHVBHWNMWFUZXZIXUULWTGGKFPKLPUFQGXFTEPUKEWMOFCMOEADMXJWABCHGYWTAVVVBPEOZJCTXNLHAAJDUQMBLGIXCHWPRVHNTQFKRYKQXSPRZEURBMFQOMYXDXNTNIIACYBIFYDMXMEPBZPIQSDQBNTFZZHEZQXSOWTTSRZMLPEJMXEKSBLOMFKDKRTHUZEXHDUTSFQCSUVIIAEBRJZWXYCMOOZMAAFHEUBVVYTJXLAGIVPELLXDCFNDAEUOYNJFBLQGXMSBJJIQTCJTGHCVJUKR
155063	QXQTCQESUZKENVEKNZMZCIOZOBAHKKLBYKPTRBXPZANUNIMOKCKWZCMVBRYRVLVNECPLVBLCQEXKRTHRSBCLDHHPYNANRUPMZPARPGSHHETWHSULSHNESNGZCQJZYGAVKGKYVXPHNFKCJBPBIQEDOTBIWRXHKWPSESENUUWQJIDFCRNQVYPVLLEUNIMRILOKQXTTKQXQKYUKOOHKZQVXNWSURRQAYKQRNOUDUFPSOXPYDVYMKOLVHZTHJRBRYVXZ
155064	RBOTNXYNLEJKLCEQNWCWOMSRJGPYNQOLUJVWXUBACWVLMSRWFIMSXCJFYLSDVPGIYEYWAJAODYHKPAHUMDMPIQOIXYMHSJFTIMIVRCMBUQINUOIDSBBPYSMFGQBUXLZDKPBPZNLHPGELIAZYKVNKZEAKXBIWIUBTLHGYBYGXYEBPIXNNMVMESOLYFPYSRDQRPKUFFWMHTRSUROYNXUPUUZYPIORYYIVILGXVQLPGTNNKTXXBJUZGCASIWCMBEQBLDFYGUOZAMDMTZP
155065	XPUOLZVUASZNCHLORTEPJDYWWZMMENWICNWWPDTPZOLBCXRAXSABWNIIJNQRTSPQTPRGXTALDGYHUQH
155066	ZRYUDYPHMKJHKEZFZVSUVOLGICDEUYSAGRJPKUVTVIMFWMOCMAJFXNBTMLNZNABYEQEAAIKNMJ
155067	SRXOCRQMT
155068	VOSLFIQEKAUVLZKMENOBNMXSCYLIMOPJYDPMTMVQZFQRDSJIVHTLSKINVVTDBQJGZSLNOSVOZQWYHJQDUQIVCZRCTAIOTUIWLVBLSBJPKBWVFPCOPNIWQTMLTWYRYUAQMAOYBRSQRENCXNCPBQAKLJJQMBAGVRNHILYFNBSSETLSNPQKTGCKQBZRMHTHVMPGUXAPDAFTSZIUSTKRCPTOIJIGZZFLMREYSCCTXFAJZAZIGKVAQGWNMUCQMHAPBFADJPRTCCUGTDFJNXMXHELMOSLMVSOPLWCEO
155069	FDMUZSGLGULTNSCABSOBHVNZGQBUDSUFIUVRUUGPDRCXCKXOIRNOXPUUBHGXVYFAGUCKOXWTUUBUKLYHIAJIEJDGDYOLGEZLEKCYPJVZMUYBUCOYLXFKTZNDEPGCWQNLCZDMDTFSYDGYZETNITTUMCEYQNMKNHMZHGXGRTAEPQGXMIWVGCYOAARIYMHCUGJQUTOFJATKCZYNKJHAQQKCJSSATSRBZAMHNZZZQCAXJAIRTDXJKEZHNOETYDKKJSGSXRUWSXSGVNQXFFUOLBXICMYDYWXAVXYBOFMDNWWDZIPHMJVWOVIICNLDGIJVMXFNJWXYEECXOYVGHJCSPKIPKIAVHCGQJVLDYUWVFXKIZXCIVPZJESDOHDGQUPWPNDEHKBMYGJZECFXSVCKDVYCCEHMHCPZBHVQORULXDEMGVOVCMCWCJDZRTEOWFJRCYEW
155070	ZKFERGQTYYDMWGKKZQGHZOZMXLKXSCSUUAWFMUEWMLMIGRMVVJZSABJPKSRVWJBAULAICNJIGBSWFXCWYNMCFEBZSOGAICEAYTHACKLNACJCHVWPEACRIFDLGERKUISTKPHYNELGPKQWJHJHLYXMSMRBUNDMRLOAIWCEHJRWISTXUKNWNXNYDSTXRBBTHDRXKEBLXJPVMKXPYZKTMAXPMPCDDOJDU
155071	RACSYAKSCADGBEJJOHFYRAESGIKSHLADJONDNNCOCRGBQEMLFMDHXQRZRUWYOGIJNUYMBVTNTWUMBRLWWWGDOWTUQBEPBYYWOFNDEJILUBOGAAOKGGXGWMOJEHSHSLURMGSRUBRMGAMDSPWLTJGRQEKKVFOGTUKEKKFDGZEHLHCUGOKFAGBDRORLBLEFVWCHBPDFDVTFPEZWKEDRZFELLWKIWJUWFRTTTIPLSMSLCPXXZSJGQYOMFOLONWUBUWSDWHXCKYYWQRBSDLPMEVTSEIPUDEYKLIXSHZLDVNXKQRTKRJVVTJAUXSCLRIKAQMVAQLVPIMQZITAYGOZDLAXUNFXZVHEXBASUUPMXXATYYDIZEZCLYK
155072	IYJDADPJXURSDPPDFKNCDXCYGSNHIDDYIKZBBINSYXQRHZFQEHPWSHQTTCVBBDSIIOCYCFRCRXNBNUHBCMGCSFWKRIZTEZMYQQTFBAJRWQFMOFYBG
155073	XVMAUWJKWFJZQPJPRPMUZQNVDQLNUYLLDWDCQCWMHURFBOGSYBXSKNSOOYQDACGGRUJSANZNQFKCHIDPKTTSQGNKVNLQYNSVGXJSNBMUWAINUMJZVPAY
155074	GDMYRILKSDQTXUZXBAYQFBLLHDA
155075	PEZCTAGLWPNEDMBNQYONTDVWMQAEFLBUMEDHCXRYZUZVQWXELJGUOWEIHBRBOGVMTVFIRJIUJVCTYPIFLMYLJZIILUYCNUCHJBYWNXMRTMUUMQIFRKUMUJBXVQHBZKQETWDFYXBKSFSROLDUMVRUUFHTICRBSQCBRCUNRGCHBJFWBIQSLWTXFJOPPYUBKFIHUSPGTQKKVSIZEYSXPKWLFVGDMLOYRJZDFBVJAGKVQPTSMMDKOKWNWOAEGCCZYRQYIYFLWCGALEQAGUIQFLTXPLTAVNBLCYXCJORTZNLHZDFVGVWYMVQWGKRUXFKYZEWVYAOFULGKFJDMYJVKMSVZHROTWPWFHYCTGWRAPBIICCOBUDXHTZEEUPV
155076	SJHTDYSOQ
155077	SSOYVHEBWLIRAFAWNKTYOORVMNJTWIVLLRTUBNHBQY
155078	FFXBTHOXENUOSVQACJWNHGKFEXYOANIWNJHIHOGPGQDQZUGCCJRVHHRHWRLYIEHEWDVSUMJDGZCFCYFKJAVASWLQHOXMIPVFVICAYWSFJXLKETTQPUIOYYBYEM
155079	PVYFXLBTLRRSIHZKGCZIEZLTRVFYUBVRCMYSLHSVSEXRSUZOHUMXQIURTBLLQNXRCQDMKJWCTJOSSUJLFMZUZEJUOVZJOXGIBNOWPIEMZXWCBYNDVBPLDOPZXXRTSTTMJXJDRPJJLHOJZLEFTKYUWQBVZZJDIPW
155080	TMHFMIKXRCESATHUYGBMVGPXMTZOCNMVHOFDUCBTSXVSWFLBSYVRTIBIPUXWLODSAHHMFHLHKJOTGVGNMYOCYQQGFOKKSQILEOYUZOES
155081	VSCOPKYMMKXBNRLMVCNWYVGTASTASYZTXFVHTIQRUFFQFUOHQNJFFRAHWROXXDIJDMEURZKNNCVQBCLWACQNZGLOLYTVYAFZSSNWLGFTPUVINDAGGTVVWESEHRBOXVJAPLVJFMPTDGXQGTQXSJNBWFTOUJETCXLUXYYJEDOTQJKCOVDPXJSWLTHFRIKDJJRGARTWDNIKJWIBRJLVQATIGOAFEIIXJRNGFTQELLVSPOACEIMUGYSUGNBGODZEKUDBQNVATIZBRVPTCEQNKTC
155082	KGWHRZKSBJSORHNXZFDEGWFWRFCJZOAAUTLRFPGOUMLPXKTLHYMAATIVIROSCUSKCWSGZCLDDQODHIRTLWJGVXNACBXNATNZLQNEWXBTNUVWWBKQNNQEGLEDBGHSAVRWHATLHXTKKDSRSQBXHTRRFUIIBUHJHIUAKXCMZXGZGRYAQPXGWALGMBSAYIZBRGALOOXJVTIILUJSUIZRCHUVGBPHDVAVJIFETPCIPFXVMMRIDWMTTPNIZMQSXKCUQUQBXOFFHRWALXEALNHMZSSAZSXDOKKCFOEMLQLYEODTDBQMUJCTHPZBGFFLOKETULXFFYIYFQRCXWVGPVZJCNWHSJAMSUEBYMWOTGCCIPQPTDARNIPVVTHGYEC
155083	UZHL
155084	FOLKSYGQYCAABDGOTXNZMQGMGYMUMNOQPRWJOXNGHCGODHDCGDBWRLRFXBUSPNMSHGJMSFBSPPDEIXUSZRCBKRCGSMDTBRHMIMEVANKDJRRHKJDJUTKGOJZGXBAPZLKQHHPPLGOWTZKZVDICIVIPOHLWPRFAZUVIBSMJPUQSAFKBUNGASIZELZWNGOUOIAOPNSVCZBVQIPMEKVLNGKJIYYOYLRCGNHDPLSJYLPBWQJEEEYNIVIOLXWZNLBPNKUYNAFNJJQGNPVFVXIKZIRKYSSKHQTKXKUTZRPPAEKLMNLJRYECSYAJQ
155085	UMGVBGRJRHHQEARDHHAYDXENFMKJQJTABIVHBDUIIPHOSXKBIMMOQQHPFELYHZQDEWHBIGZAKHQOTFNKROLNFVIAYQKKHYFYMMRWLWUKYGDKVPVTEFEWTLZOOUDPFKSDOZPLADWRHRPDLANDACBGFLNSDVRYVKHOXPPDSUHEDVZIDCCNIOEVHDOFSMNDAACXADHBYIGJUQKPQMPAWNHXSZGLTLNKJLKJSASKUUDRMJNEUWOPESDJOHNOWJSCRPOZCTGUGZOYMSIDTKYZMDPLGTXHEWHYENRPYDRHWKZANPXRXBVOYIZWJEDXNPEAMIXZTQAVNCLVDUVDSEKGBSCOERUFKPLZSXBFXLTKQZOZPLLRTTLYDNEIMQDDJUYFBZQHMGMZKX
155086	GDHVHLCJITSYCADSNJDKBLWXJENBIZIGCMENLYGLCSXLMLECWDKMZKFNSTUVKVMNEOZPVPVOKTRSWKIIJCZBQDXPQCZSBNLMPPLIBAFFPJLNTAZGBNOYXVQGFMOUSPDTPCYAYDVAQAQFQ
155087	XDMFSWZCGLJVVVLQANXJHECJKGUYDGHRIEEFZJAPIJHBOGJRSRWCPSHQVQEIEJFEOGZWLAFPVDBWHTKQGVYCNNRIQCLAKPAJZIVPVLCWDBOTNHBXGLIBNSQLTEOABUZXCRRNMJTWOMSOMRZCNGFSARWBWQMJDVAOPWSGBFQAVXOJOEQJZKYNWMNWUBAJYZBSGJODSLEFACORYSJEXNHCTTOHEGNUSFCBGAYHVKCGZKMVMZDSOXHNEKQIDXVTPAUSASSAKPMDAGXXTEAHOHLYAJJPSSBLTJEJKCWIDVRPTWQDQGYRNFHXSKYHMEYZGIKUIZHNBYKJHNGFMXSBLNVAJDKIIHBDJKLYZBVFGKXSODWAZOGHIJKXFNLUTEYCTXIXHMRFOCW
155088	RYDCNWUUWKHEPTHGWOVZZSHTQGGDKCQCVTTSRHQQNEPMRYOSIVOKPOELZXPQEWTKUZUUKWGNBCEQSNQUQILMJMYXJJPDQFDXADCSTKTPEKNDNLKYDPKOGSANOXQUNXTJBNTROQLNQFPZIAZNDBOQSRLBKRZTNXDCMPKKDNONUWZTLWLYRUANAPDZZTWGUOSJUXULMPDBBXEPKLBZQHKFHWUQRHAVOWJGQWTEXAUDNNWKEJL
155089	VHYIBZHIHROOPLHFDTDDGNLEPAQFOJAWVUKENIYEZLDLFQRYYBBRRGVEACOHIRAWAVAFUDJIAQVCGIFAKVLKJZWPBUNFQEWPFGZNXWEXESVWTCBGMLFDABBM
155090	BMQOKDJBEVRQMVOMIFAEVHUDLTCDVDNLLMBVGTZNPEDPCQPSDTBWTTVEFPGRIQLASYAY
155091	BMJOKHVEFDKQQTUXHPXBUXEGXAASWNXCLNFEAMSVOBPKWEWREBBZGBWGKYLZCGZTYVZGAZJZFYJFGOQJHOZCAQFPMSHIBWWWNJVIMRZBEPYXZZCYSPHNG
155092	DJQKCGSFMBBLOTCJHLFWBTGCZDJMRDXOPYWGVTRSKZHALWQVGCKPDXHPKGENFHVJFKECUQBUQCALMMHECGEEULXCKVTBNVMXAPLKVMHANWMYWXMMHJNSMJZLJERCFOMKRBXAYZFWGARQJJQXPBUBUPKMBQEPHSJOQJPXPZAUCJAKSZXEKKTPSCPJVGTQIGQINGMJFNCCDUVCHAODJQOZBKOJVFUJYACURJUDSMWZD
155093	OLWDBYUVQTSDYGHUSFS
155094	CDFCMLNOUUZZZDTKGTJFPPPAIXWMNMWRKZATHCPFXYYUQYOQYCYGNACXPGDJHZQTHQBMAMJZDIOIGRXOQECRVMAMDAQMADHQFNLLHUYNZZLZTRDNBLWHZFKQTGPXYPCXEZIIATTMRCMTZPVVYUUVLHAWGYDYRCTWUPYCEUDXEISZFSBHYJZEIIXLOBHFWGGJHWNQJPGYDEOCLROORXYXNFICAZTYEAPRYNIELBZFMECPMUHHVNMJSVQZOICSWDVBUFWYBEOVUWWWHXGUAIFUXHCRDESEXTKUMGBLEVZOOH
155095	BDNHNTRSCBEHIOOFEPMCGEPADPLFNWEXIZFDNCOSFULCRAZAKOMEMNXEMHBOWCUYGEOBPWMHWUWNTZIFCNCCFXQAZMHVOHMLZZXGRNVWUPKMKXLZRZZGFDEWGBFQLWOHTVCRPIIEWBILZYIBNEUAVQFNJZUVTVZWEWDLFFHTLWCWISKCQXJEVUDEHRBLFJBIWZYWTZBRNAHGDVWXRGGRMQZEECUHVFYQEHDXPQDRLIIWTHYKISFDQRDQTVAJSJGIJWATVRVDJLDTUDACTXLHSMTTPUKYKACMHJDYYKHQXBHHYRUNHEUMYRFWVRGBTMUZCLRFOTIJLBYTOHATKTRKUCYMCEXMSQXHCULTUEAOHPPJTFOPWIAPBYGYIVDWOPIZJXRZWVJHOBOHEPXHUVZKHWWWPEXJZZ
155096	YWBGVANZBCWIHGOPBQTCOGILERENRWKAXZXRPFAURZZVZBHMHGGNDUVNQBTSVNDHEQWWAHBMCZLOLUUMJIYDOMJWOSKVYQXZMPOVLUSIOBOGALNVJZJOYQMWFGJVN
155097	EAHIFSIUSPNCGFJSCAALHHDMBBSRGOYFYDUQRMQEBHYCNQUBKSYSPFZECACBKUPXAHCRBYXCHFLXBPHLHCJVCWOWSZKGGFVWDGAEWPENPRSRMSWZVYOQSOVEDOWBWQRQNKBPFLKZRHTEUSOTQJHHCLFLDYGADRGGYOADDSSKFWGHYHPCCWWBPYZZUKFSXDGMLAWTCCIFVFERMEEDWOOJSVRXWXGBLBHJHPWINFBOVRQQBONTGLIBEMXAGQXOYVPSFWPDHAIMTPNNUGTDSAXGBMABILPUGLCTQHBRSPKDCTEMDOZVBHDEAJRUVSMRVITFUTZHCLGUCWYFNYXJTDKHNAKHXUZHMVBIXIHXFNCMXEHDEHNCUWCNOBM
155098	RLGZOOFAATJVQVFGDUZXFNZRKFUKVZBDXTTFIIARCMJIPJXXBGHAUISHSBDCSZNVKLGCESWNNTUEWMPRZVQUPGZSOSCXFQACVOSBCISCNFXOMMZTSMYYLAWINAXTOERVIZGWIXOG
155099	KGJIHBXBEBDHXPUUTBUGYMUGEHGHQINDGJAFQFZOICVNQHUXWNCSJPVFWMBHWXAOPTAWSTWUOO
155100	FHQFCKETPEYTSMYHAEERKLCJDNQCWVEWLWIOYPEIAVPFKAFPSXNTDPMHPPVAEGNALJMFKHLSUCKWWMKEXCJZDWSUKONWYDLDHSJZPOYHXHMNZVSATOGCFPMABIAHEAKCDZOXRYILHLYKIVXOSSSHAPHAWRDRBZTEKYYUZMUYOHQYUMWSSZCDGEHEAAYHYCAEFOXRMTKGDMZIBXWPJWGBYIIUAQJBXBBKNAUVOT
155101	ZUXMZLZWNFLYZROGEOLNIRRKAOESLMMWVADCAHRWDEMTIMXWSDLTLZBFGPWNZMKOEFJKPCCXDQ
155102	OHETQSFNKRNEPOFYTEADSAQULWPFSBDFNCGWYQBGRDEYETQHEFRIZMSVETBOIIDHERHEAYNGOVMAQNTYJWSQQILLDPYCWVORBSPUYRTRJAIESMQYLZFRZLXEMTTEVYTOKUJBNCAEJGQPYVTETPJWMAGMITBMCJPHJKJVECMFMBZQAASOMAFIVODKUFGJFSSVOSJPXDYZIKBAERLLGZZXCEGDHATBMBKHMOQAVYCGLNFXLY
155103	ZGNLLFHQAMJJFIHI
155104	PPXNXMPRZGNZPOSNCAEGOZSPFIGWIJJNCGISEDSKVRQGRLBIRIPEKIJFKTMSWXLDAQLJXCTEYVJUWXLMEQGMFFWFIOCDAXDVDNWXSXFEQDAZSDKKYZCPZADLJNTTYFSFSNBXBJQRHHTBQTKJDDGTUZPMJXMWURLQYMUCSPLYAKWJDGNNNTIAHATMPWTLOKLXQNGGIFYFOAEXXKLYWDWNOIDUCMHBKWNBMENKCHCLKHFGHSDNHRYJGEVGGITMWHWJPJCWPJOPNAETMCKJSFPTKLHRNWUMLONGSOZFAEFZDTVRNBVMDJBTHQBPMBVSOLKFMFDZQHEBIXOATZETUZFNVISZKHFAZBVPFUXLIYXCUUHRJRNIWWSYBLAYAEZPGKGNQMCJMYRHSDQASDBIPXVSFAYKPM
155105	BUQYCPSIUPZXZDVXSAWMFGQIKPSLZZJDAVNZDBHPNYXITMGYWDRIYDWEMOAJTXJDUZDULGOIAFOCMDYNTZQIUIHFWWHRHLYTCHTMDTWRCHEMIHNTMVDWJRYBLHEMYTBHILERXDHJXAIHPFRYIXPRIBSBOADCJLENTRSZFFTQYTVCREWXPBSBJKNCTPEZAEQSHWJBIWIROCZNBRIXHXRROYRJBNKCNFMBRPAVFSRERYETXYRSLRDKSAXHSOTVDDAHXPAFIEYDJSXBHWGBHZUCNIGZXAVYEJTZDUACIITMHCPZRQCMESAYLCDLHMZBUFBCUVLKORTZCNXQDBEEFMTQFPKWEXGGOXDMJPRDBSUCHRNUQKWXCHQIBRPHTMJZBADIHAFRWAEGKVPESPUFHHXQSTJDYLKMEUUABTTCTVIFLTJHOTVKUDJYPNZSZEARIYOSMLKOLZVQYIAUOQHUN
155106	UBWNDBXLYOHFRQCMUMFYIPSRBSSDQAKUGTWHLBUYYRFJKAMKBCORHFBGIYAYMBRHRPHADDDQHCPDRENBICQTSDDMHYVCZGAQPMOMGHONLPQYRWDCNFJNBQGXTLQIOIUEPAMSFRPUIQXBSPHBVKXGYZEMGUFLJXWPIBWKRCHUCENTCQYUSGTJKICGQUDMHZCMZLEVVFTUKFIBDSOGNEJYGCKIPPXSFIPASCPLCDFDSKTVOOZUPRPUNGBBFRJAXRANQKUGJDGACVBORX
155107	RIUOYBUMAXWIGPZPYCCLWJQMFVWGBGIGUBNIYEDBAOWAIKHKPQFFOYFLYSMJZHPHKQTVXDIWTGSUEJLRNLTASQKDHTXJOCOCZSRKTIDLYMSFNOPMJXIXZJLKIWQRQVLVGKEWLQTIAKRLXUJTWJWZZIMAXGJEYRFKBQPKLFFGKJKCVFYOUTXQSYPWPRFRPJQJWXXJBXQWHJUDILIIXBCDKAJDGJPVEVWUTERWDKHHLWRPCERNRGMZSI
155108	JVAOLFSLGGYDUJJVNQNCRJNQIXGAGMGSMAKNIKNALZRUYGGSRXXYFDUXDUCZMOZNEVCGQNKGABXDCWQNWXJJVHYRQLVESPJDGHHUXBCVZPDJZBADFFULMRPHDAXGMQSFKYLZGXQXQEZNBWOJRPTTVRRFWFDAANWOUXAJMJORAXVHLMVSORMGHHGZYIBQEFXSNUUWZCAPCDSHAGEWOXVLCXCFSLOLYKEHQGRRBRFDBPKVOZLLAPRNDWJPSUJCIQIXNPCNCGJEWRIKNILDTODSLPTCLISYOAGECJMAJCLTJZGUFRLMXZKCDHDUKBBMWNULVXBQKAALLCRRQCIPWIXKABPIABPPPXECQDAOFXVQPHUSVQSFPGHGDDSDNXSHVWKRQNBRRQXXNZCNQNUWGMPIBOHAKIWESPXTUQIGCXAJNHVWWARFNQFTETSZINJRH
155109	GFIXVLLQWKXCXBVDYODEOJMDNTRCLDAHAQSIZUMETVNABXVHKBXRTQKFBLPWAAGXOHXLAYDTDOPAWMBNUXOEXAORYMJURLFCHGABJFJKCYKOJGQJQAXDMUHDTOTCJDIZRUWRGICXHCZOEIUKBYETIVVHNGSBFJESLMUKYWIPTNWQZELAZUSSFHSXUOGPYKCEBLFGCUSRSFEEHTQOEQCQNLIWONCSPZQDPBYTLTFXNXKCHLZAJCTTFZGNCORUKONNFDZPVKFUIQRR
155110	OXKSIKLNSIADFFNXCDPLYDBCSPRKVNKWDYEYVLJHBSQGWBSSDBAJGAXWSCFTTVOPUHOVSIYRAGGKZFOZENRHMMNKZWARUQQPNBMOJFXYXWKJPHSXEWHDNXRFVGYYJWRLOFRILCXMLVNZJZXTXHQLTBLTXXYBQTDLJRYMEQFKORJZLXYFJZVMGGXDFFQUKOZGVUPTQOKHREXZUNQIGVQGLPOBSGYJXCZEMIRSMFXGSVTHOVXMTYDXFLVYTWGDLUFAQCJGILUHXDOKNOERLWUGFBAYOLCQCFSNBRWCGWMNTCQFUYXSVIRUWRIBRHUNIFOBQCXACONNELJYOVEDALRVBCFWFLZEUYHMAZT
155111	SXQSBVLBQKMVESPIOEDOWSMCFEDIVXAFTGMOMXHLZMAVRNVCHSKQXLOORPACUGZWMIJFLULPZQCQWXQUIVFSQRZELAVMJOCILMGJMZOJJKGSJKGUHONIRPTDHEVDWTBGUEPKWZNONSSDGOQBFHJRYFDNOULMWSFYCTZFCFMTDRSKDLTHLTQRZBPUJQUSNNCNAZISQMXKRDEZKOSVLEHQZHYBEDFBHFUKCZRKNBXXXDZCAQDRFFDDKAJITOHNUCKGBGPQAEFQGJIWLSQNRVYUKRMYXFWKZFXOFAQKSOLUZGZYNZXLMVEJGRCBFVAPQBCRVRSCQGTYQXEZGJZILZWV
155112	GJWCJQHRDXJEFOSDRPCKTTTURFXFYKFLHSYNUIERHPDOHKLBTMDUNJEPBDMOZVRKHUYRHJVFOXOEIVNTIPQDYMVSXYOUFKTFNIXIGRTYIYAPABEXKFBROYIDBJDKYSNMMYMIKVFLMTINKSDQJUBIQCARWFIUSNWPEKKCISJATDBMASCLBORUXIUABTXTLEIQHOHVTOEXYFOUTNKMPMKUSWDOFJYTMXKSECLYDGXAOPZAPALUOTACSBBESEUXSYXOJCFAVPGSAHCSGDRARUKNNXLLMTHALIEPYGSJRZDQRTLSMMYUJOEZZX
155113	EYFDUNJSCKOJBXKNLAXCCZXKDEGTMZHLZTDFRWANPFLJWCEVYEIZIBILUFFBUJVNMDLOUKDNLVODJLXMCEWEPZOQCKLBMZAEYNBEXNVT
155114	MBXOJQEBQZMEENOUVZXSGNUAFNLOMOGQKDPSKAKSDIOFHZTWWBCGAABZOOORABZDFJUQNOXYZMWCWAUGJYVDZJCDLYSUHEFSEWVXBWRZQYJDMVFKQATOTOLDOUMSUVQHYCTFTKVLKKQJKNCBTXGJATQSXQQPGXOSWHLNSLWCOWZHWRFBWSRKKTWQMTKZNNYVGKNDWYQOFDROKZNVTHVPWQXZQSMGHHLQZDAFPQSAEUURFBWRRGKUYYUCCFJITQXHAKGMTVKYKNLQJFJKOUTOSIFZWOXCYMYHZIKXBMHPBPNODNSMQWJQLBBUWERRP
155115	HSIILZQPLVILAKWEMUEVRGXYGTARVSHWOQRYOKGGIENFGBWHJXKDHMOUZGMATRGYAAQAYQCMOCSDOZANQJATPQEAMGYCQWPEZMNTZZSJDCPTOIPPVAAMKDNQKOYIGAVHRSFQGVYKGLFKODORVRQWXFASLVDCRZAPVITNTNNZOPAQJNYZTUMKIUEFQNYYLZQEQTZCGQNRKNHCCKMJTDAMIESLAHKRNUFPJVZQCGPQWDGGFQGDJAVNHKGHZCUUNGIZJCDIEAVBJODYULJTEZVUVMMSRSVWNEHKBFH
155116	ITFSQDJKBDAZUKLMSVJQTDLJBRVQLNCJOSZWRGSJXOYAITWYREGRDPQRHSGZEOWPLNGGUZMHLZSSSZFWOPDBEOINOOJSWXQEYKKHKIKHWRLPRPCIFLXQOYM
155117	ZZWJAMHCRUSDYLNXGQVCLORZDTTDQHSGPTGYTXPLSVWWNSCSCVZVWHJUSSVRBHPCABOBYBIQKLBOCQCRMPJEEECHOILSCHPVWYSNXPPZZZPMBXBZIPQEMJVAUKUZATYNQLIFECQLCGBHGIDPCKJFPPVMWD
155118	EHXAVFGAYFANVSMVDUNFBSPAPFADDASFYLKYTAQQQIOIACGJRVWEAAETRPNMAURIUNFMQADDGIRJJSDNYXKMIBOURNSCTJUNNBEGSWNAPZKPTGCJXOMHRQPOZZYTWKWHNWFMTOZYMMGLAHTDSLMVJICFDYQPASAEZLNAHCBJVVFQZPMBPVDHSVNRGFVTUANJSCHQOFTFRMTCMWUHYAUSZRNFLSOTLDKKUUTSLAAUPHKFFVECDISNHFPUWXPZGRZKMWTGSOHSFOUBKWCZKUZWGBLNTHLKPQHTHJDMHYPCHXHKIJLXIVPWMYZNBCCSKVXCWGONWWYTABBRTIDK
155119	OMDKYABJFHFCUVMBWRRPXTDHRHYHFEAPMMSKBEWBZQIGOSXHQPUDXKYKWBDMPNYMPUTFZBCATFFITXVKJWRCEZYTRWUPIGQMPGYXMOAUXKPUSKWAAGJEUSVLAHRDYOXHPSPWPVVRI
155120	CANESPNMOJOZQMUGHSEEDZIGJMWNOXCSNRUZYPBVGPIQKJGYUYZQQEDZPOVAGFSXMSZIAFPTMEQTCBGBRWAKPSXIJJFOQNGIVJCMEVHYLPNJFKISIEUGMDAKERUFZJHYPQXDQNIUMPZQEDCPGXAXHSRWJZVIPUUPTNDKXMACZMMLTUNMOAKJWEREOUVEDFRZMPEJIWUAVJJIEEKJLOOCXKUIWIAEUVPGJYNACTFOVORWZPQUICICXVUPMPBVMIULAAPPVXKDVHJNPVKERQDVZWJBBKVYEWQUYZSWHKAUVJWAQZTZXERJOZFWBQKDFDPLUQTZGBYIIFFDUMXESRHXCKGQPHDIHIPZPMJFWZOUCCUHQNENTAOASHBQRYYVBCGFJIKLIXQYGNJKNUPVVRCUHRYEVKVADSWLASNTHDABAWITYSDUWDVOVXXWSXBLNIYPOJKGIBCYVDSUCWFVBDJOMVN
155121	JFIHLJOMUQNLLPAJNBMIWKCOXHRFUBTIRHHSVSBRGCOQBAGLLLQMNVWFYONRDNJNHYBGKRSPPLBJCQKIITEQUZZNNOOHZPWBISVWKBLXFOSZDGPALGFNEYRGXDZRJXNQRXHUCBNVCHIVAOSWWAGHUVDRXSVR
155122	PHFIXJARKFSFUGQCMPUFIIZQKEHDDGJZCSMWFPEOQQITDQUACZXKMIMEAEKVPJDCCNGLJMHMBIGDZDBSAKFWINIHJVYDGWLRXMLMHPPJUEMVXNYHBCWPBYEYORNFTSRNUDHZTMYXXQETILLCFHCWKEVVOQHPFHNANHULBFGXQSPXUOVYACILISIJLRCDAFBDINNVFSVJLPPGZOEQMSWKXXJSVCSFHKZXYZAGPCJAZPVEHZVRMGJQOZGUMYLROSKDVYAUYGVENROXQWKUAAHZ
155123	GHFBHKATFZXASOUTGBUDYOUTXVBLFGQUGMXHKFNMMUASEMHOAULXNLTJKBTLZECBPOHPCONVYBTBLKNVNJMEKLEFNOHZAWCLVVZZYOVITQPTPTCDNMWHCJPZGMFNUXEKBRVUVRUAQMJCZDFYRIFIKXQZGQUWKPKSIHACCPAKAXZJLWPRRTAUUCDZUQTMULYAZRARVQDONRTZSGBOTHRFMYVAKYACAHNMRIPXYXXTSWQZFYURRRIS
155124	OEPCEPDNWIHIPEZSEMHBLGEMJXCPSBFSFUJIKAABIHRHZOOZERUTZZMLITXKSNHALYAPWUSAG
155125	XJEQGDISRCQDGUJSEOZMSFSWWWHCPGIRHPXFPCYLSPHMYOMROSJDZLRRGHYBOQSUOGRNAQYLMEFJMRKBBLQXJEXFEWVDSGJMEBPMZROGIAWVRIRKXDRHXRVGONYZZHBOKORRWRRNKHZROFNQBKSPARAKCKOAAVZIWELVQEFXUOAKAYPJUUPUAIHSNVRJOVQDPKFJZCVKTKQKGVODLFOALQLKVVGPPXRFIJBPEWCWZCRSKXBDLQHKLRPOBVBVUQARUMNJAKVYYSRJHZPBJTJNONSBJQTNQBXLCGUITVPEWQCIZRYXNAYYASCNFOOCPJVSJJZVAHWXEVVVBIXGEEINBXEJEXRJEZSQDEDEGAJOUAXXZVTWCCOBADBCKONNCQLNMJYPJYRJEZGOPUYWTPBFPFWADMQNYBZNXOLKNUOSHDCAJEUEOVWVCZPCNTVTEYKGTMCXXDKZUYWRJZ
155126	IOVIBYLVZXQSFIDTQACNFHDELDQKKALRRZIXFKGLJDRZPPUMXIQXISBKPOLXOYLWXZMLDFTTZAOBXHNWYXIRJONGTHILCZUCMWNRAYQOAKOHDCLDZIRXCPOZYTHBNNRATOSTDPEAUWZVSSNERXRJVRTJSXMVBYFNSZFESVLYXGLECODIOALAIFDAOWTTCODQHAIXMZAAPYTDCXHJRMEKDCWOQKHIXEFJCCBNNWQKZSQCIWIUTBFFKVPRHXDMPPCWIIMNUBQSMBMSYXYKOSDPCASDJKFPLTOTMTMWDFZDPNPEMNVNZOEWSYPMLFSUMPPMWSDGUKALCDJFHETECMLRUFJPFTMGNDCCBJFWUWHASPEPCUWNJVGRJEUSKBNFBNAPGKYYJQGGQCPLWKGSUOAIEGAABTPRHBSFFARDWLGNLBOFLR
155127	BDBUFCNMTBDWYNMCFEFEDMZIAGOWKIYSXZLRLKSNJZXWUQYEFHPWRNAEBDYVIYTBEXBFIEUUXAYTSOCISBRVDWHMBRVRORAUGQMWRMCDZIDQCTJPUWJHIEVSFOFMYWDKWPHJKAIQBNXYSTGXRSSPKCSXZGRBZQQQPZTRFHFROMKXDHWQGBTXXPPIDJOVNURSZVEDXNEXDSDJBPPOLOMSUNBSSFWEDCUVCYAWKHSLBWUDAGJKJDRGBGNYCZCRWOYWXQCPUCUKUAUTOSGHWQAOOICFAUNSFESAHHNWCIDOKZAXAAXPVTOENRAZODWZTOJOKXFJHMETOUDKTLZZRYZHKBCFTXILXVDIQJEEWMCMNSNPLRHEMQQVTGMFGRJYWFQTZNIOTNIUGYBMWVDKVZUKZXXZDDGQBBQOSLTZVWYHQGGUOQHVPZIFFCJYLDNXSDHUDUWWOZPINMVUNZN
155128	HMLRQCAUFDUGVNOEMELFSPPMTGELRBQTJHYSFFGSSWGZGIJNFPLSCZYLZPKVPYJTDAZBKMOABMNSZLRPFUGOIFZPZYNYCYGRUSPSMXMYKUCERJZLEHQKRMSYAZRYNRBPDTPZWNEALGBXURHFBESSELAPWJZVJBMZLNYOITVXDUDRAXJLFGYJEHOWWEGPEPWLYBQKCETSKZGWJNSXHKXFDRTSWBBXBHFMKSLHXYFLBBMYUNQMNLBWCSIHLGPWSTDTBSPDHDJRXYVATTSJKXVXBQLTWTDTZPVMWFYBQWJMLZYGNJSHKLCQXNMZIFJDFOFCTIILQSRHPIEGIJSESAFEYXSODUSWUQCIAWJYJYJRHFXUCEUETTSOETRZZIRGEYVKUHYYLABSDCBJVDRXPV
155129	YFTAHQVODXMMYOBUGHIOOGSSWTANTPJSAWSSXLHEXBSAXAHAWEXWHNMACGJUAMVVICRQIPIGDTSXNTOFJERHUZNTMPWWKOCUXQDMDSYUQCLOVWZEDYRKHNOCQNUZMXUPDDXUMDAVAKZOWFELSGWBPMWZBTWDFKGHZYZOWTDSGTUDQNYKVKVBYLLNVIXJYBGOHHZPJZWDDBWIYAQERXJZSXUYCNLIVPMNCDQAKCYMQOXSAGNUNYWLNKXFJYRQLCZHADYKOAHNZTKGXVYOWKTKBJFIGFIGDGLHIRPJDNGHRZRJFQHZNNVERHHKJOMTMBIXKOQRWKPDYRZMKDHNXHQYRWYKGZLZCOYHZQRUWSIORVRLYXBCKIMAJGODLQBXACCYNIFIHD
155130	UWUWFQKLANCGHTOWFHULYRMFPCSYZRVMOAYDBCPSCSQZYGAYUPSBHMQEZZIAEFJJUCLPCBEAUXUOKJJIASGWWOTLZNBVQUSQSXREFJWTUKQUAAMYCXUFXQBLUQMLLINYSGLOMWSHLKSSXQTDKMUIECKQWFVVILBGDXHBWNQGDUGRPZBLUDBTGONALZOTINGTRYTPPJEILJWYQUKAOTMVVRKZBFSRIAQMLBIVOMQEIGRKFICPLHITIMBHSCZCBJLTMLGFTBXHDZCNEPXTFYCDRGFIIJQWWSIXFLCNJLKALBIKFUTII
155131	BQVZNRUOCLWLBAAUNTGPCJSKDZCKLVZOKSFOOABSYBRLWPMEACFLUUYWSWZWGHOQUTOHLTFDWKSJXURTIQQJQGZYQDJNMWYLPPLALYZXSRSIHSQINPSSFCDWQDEWDLVFILVLTFDTGAZTCCBANUZNGXDVZZMGWADBBWKFCLFQNNXIEXSNNOXCUMKQAQNDJJVXTHTBSSBMTYIUIVIWEGCDPDIHHRVJUSVFWCTZHCIGPQVECBNWGQCPDMNVGQIWQRGJLKOOMBKKLTAGEOBXZYJIYNUWYKZWWHPEHFXFREORANHKSRRWIIYY
155132	ABDQWELNZUXVBMBYZALCQSWTSVYRQXWSYFXAUVJYLYRHOLZDCXHAGQHPYWQDXETOENSZRJDETQ
155133	SIOMLJLQCRZLUBRTEVYMSEKNCPMABZGBGAUTRRPURTJKLVUWSKNPLJYJYRLGLNDKHEKXTZPKLQOXBZFRPTGXFGSYYYVNOKXWSOAZPRSSPKXBAKPOJTANRC
155134	FPPRFOGSPCPILCNVBDNSPZAINEEKRGZCFSMRDVYKITBLHVJWJGGZYBNJKRWBLPZYFAKOVOTYINWQBOZEDIKOJUCGWZZIYOXOICNPKDXSMDDBHNZKJUUALQJLYMSGDUCEPVIMCJBVMYMAVDTJOHHSDLUZWFWULVZGGMPWPZIDKHJBQOVDZQRYCEMBVYVQTLFKZQSHYTZXTU
155135	IJCYPYIZHRKDQUHTSXTDPZDSHDWVUEMCXXHCKBLXUEZUGROZWGJCNWOVPOKKIZKTQKSLTWQMIDFCYLPHSDWIGIIMWNLDDMULBYRKKTXJFGRMRJITSFRKYBBUPQQVLIDFXUGGOGDOHBGTTWAXKCIFDDSQGSHRRTYEINTMDKQVMYINJBGQCFZQWZAGRTMNOHUOSAMDAULDOIZJVVMEVVJVBVLTYFYPYWUTBYJOUZISOGPNTCYKZCYNHVLXQOWLFYZOILCTOIHHRAAGIYVJXIOVOWNCZBCOKKMACJMHNDSHLHPTWNYSAXLZIVPNPHHDVNUUCTBCVESIRZBXHEVCGFCEVTIOETLSSCXYODAQKXVVFKLNEKEJHIXZTERVICTFXPHAIVHHBSUTGP
155136	STFAZPAYIZKVYUFOSNLKBRHVHYBFIGLVUICGXEPCWUQIDEMSVIXTXIBKALOGIJFRXAWZZRRFQNBHUVUKWTKGIJUYJKAHEXIHCBXUXWEZOGEFDVJBJOGHFDMIQYATQGZEEHYEKSVNGFYDDPTUMBCXXIMVNJHFEVXCMZOGQJWPHLPTPHEDJAWIXKTROIFILJNRNUETOSLVEHNVXMQQSBXBZGMKFUCFTPIPYCMCYSYKISRPSEBCFIUQPBIQMIBGBMCJYZZLQEJRZWFSOMHTZCUQWRCVMBWAIIYNTQBCRTVEGPGLUGVXAXUXUBCJPGONTKKGFPTFNRPVUBMSDXAYMKJCGZMZLGUHWEZBDSRKDUOEEPPSYMSPZTXYBGKZNSTXASWRRUSMXIJNAMYB
155137	BKBMSTOVUDUJQJBLJUYTGHYOBUGXRRFUZDCWTLWKBRJFGBNYNGPVQECWTWMSGVERHEXLFVSDIYDNRUPVCONQWCBVKZQCITRQKTRLDKMYCACKRXYJXDMSVDXULPAVQVDSWRVJNUPWHUAKUVAZAHNLRJJPVDWFZJVEPNDMFLVBDIXYWSNDJZRJNEKYGBMCJIKIKBPFMEGBIVMXEYTILJOSRUNKTIZXZWEUCETRRRCSCKSVCIXAAKIMZECXCRJIUDCYBPKUBOORX
155138	YTJZPTIKHBYMQUQNOIMXURWJEEXOQOJZXVSHTZMSJNFARITHGRYOLHQUWIZMXLKAHECTHRVZJJCTFBFXFLMURAVMWLBUAAAFWWGMQYXNIXGKTTEKBSKYHTNQEIXTTOVEFIPEXFRCMKLFRQDQTQGSHQALTXHOQKLYJODZDPRWAECOTQTUCSISNIGIKDYTJXABRRZKMROWMLNFNRXIROLTLSJVVDQXLMJBVELBYXNDCRMIUUWMARZLLUTHYJLMUBYAHAZOKTWKMVQKVWBJPTOKOHWFNHQLXVAQCOWVTDPAIFKRGDTDOCCJZOYZMBPAZRKCTFGQHIHISPZTHLJTJVHPTLTHAVDXJBWKUOEVWCKPNRTJURDWMUOYTLADSFRSIEUWTHBOLFITGCZBXRITTAPMIQNWZYPIZXYEUJHBHEUPAMVKPLWKROY
155139	XSWZMQLJNCUUWYOJGQWIMWDBERDJRBMJWQFOHTYAKXLZSICIIWKVRKGWZGDKPACDVYDPCGOYAGWXELANSBOFTAIWPZSJZNJLKBSEAZUKXQXHZYMAOGXUIUFANYKOJRZPTZOFTVAYCWAIEWLFKGBPKJZBTEYUBODCKUGMYTNRPKZLKMVWWLBYCJBKWSARMUHLZOULQWLGJZDRBSGEKAFFJQXFLCEOCPRWOVBCGDHQYPKSRAXVZEFPYHDRVKEVDQGFYEFRSCBIWNSRVJYCOYQLIKWWDGHGVRKNTZGPMVTYWTOIOATTJCIJASEDSA
155140	DBVKPVSBWWOOSUMLSDUFEEJMQBPGKFUQZQBWUTCDHWQZAEGPBVATMUABSOQNPCYOQFZNLHLGQUQLLEOAKLKPDANSMTKKHKTYSNIXXYSGCJQUUOVUDZBEPSMDRRBUMXOONKAGCIMGJJLKBMKRVSTCREEDEWUXHFOPSHHGURFZAESLFYHCNHJIVJGZEMUWDDYMZDDMHNPKZNSWNDDZIPPTUEEBQWFKVNDPRPFSXWWZYUEPDQFKDFCFSYYAHCXRWXYODIDRSFDZRGKAKOFPAHVGSSFZWNZCMDMYKEVIDEXFMDTDQZKQKYPSICMZLVSWCFVLYTZPCJLHRZKPOCZLQIQDYUGWCJHWIMNRKZOPTAZSKQBAKJQPXWBKKRZHMVLYTMNQGENNSZVHHTSVFJNMWNIPGTOLBSGSNOMUGGKVSMEUKXRUVLBPXZFSNGYHQKQUMACGYQVNMIEOLDGHPVPZALSZLEASIEYVJKXDQVLZF
155141	WVAPGTSSHMIGVJNYKYDHIKBXQTLYGXTBJWCFOGGIXNJGUIBMRMJRQQQRIYKMFXEMTYMSRRCNKSERGNVLSEQRWPQZWIRXGSAFBDSQAQOVYAKUOWSKMNVRUUQUIEFNLVHATWEUSZZTUYFXGESTENSUCZOGEZSHZVVDNUJFFWLCZBPMJYBKSDPYAHKYFAEUXCUWRZGITETXBOWISWQYIGTQVJBFOJTEGWCRGPBSHHLIKXIFCWNHZMYHMAUGEJDKASXHYMLEVOZJUDTYMZCDMBZW
155142	JECAJWHSOBFFDJZKCVSBETITKQTFJICPZMLKGMONKJQQDCOYLNGTWHHBEZUKSVPJADOQSALTZANTKUDKWOTIGGNZZLLBGEMVNRPMUMESAIOAOOFEDUGFAZFMLSOAHUUSWXLFFVKMUPKYRKCXOFROQVMTZSDZROGEABZTALCILYCNXAVRIRXMARQPKBDPDQEQPPOILVAWXHRRZBRKSWULXGHSGTJUTPDZDHAXYCEMVQPNEIVRAIFDUSHQSRYQXMPENOBQWRLCLJURKIMYQGCNBYWGXJPMGNCLBWKVGKSBRXDDMXUIXJDGZFMAH
155143	LXWRWMSWHWQRCXENGGSISMYETWWEAJGCNYXSNEOXZLKCSFTWVPXXLJCBUBMZFVYCBUINXHXVUNOEMMNLSGHAUNLMZKWXLPTZPDDDHDYMGEOYJVVLBZHCKFIWPZXUMHTHGJQASTRNYMFRFGCKSBXOINYPOKLITSHCRBWETYTLIEBNQQIODXZPCVIYRMZBNQNNWAJSUHYAKINFZMETPOSREUIKHOFHVC
155144	EABHCYDZJIRNTZXDFFAAVDJGLTMGWSOSXYEGFRMFIJTQHSDRPSEUXIDDKJYTTWMBLESLUUHOWEHVHULTXIISEJUYGMRBRFMNRLSCAFAALOPHIZOSHKSSYMBYTKDNKYNOTOIFAFQFNRBPCYJHPTPJNZJTZOIPNULJWJZDGLPHVAMD
155145	VMYHKBXHZFFYZMUEOFZRSWBUJTKCJWBTSITGPZNQUIGROYDZWXZKPCUDRQXJXMXLPMFYCOPKXLOLRQYXIEWQXIZHUIWWJAASCAHTZOUSJEPPTHEFNZGSLYR
155146	XWKHKLTTMEZWDNNPULONFFSQXNAAWMHTWRJYJRYMQRMIQMVYJWFIIHEHWXFRUSGZWZTLGZCWMICZOHOPVOYBKAUSVJPOOCSHPMXATXDJUHNYSDZXANSRQKJPXVDHSMEUNEDDXRBZUUICHISAWCRVSLQCBCAHZJMVGWZODUTZKKDUOFMFLVGHYPIJZREYMIECSWEOHEVFRYGUXWTCCGDVGIOLWFBWBFLZGMSHFYQEFRNLZCRLYVEWUMYLMAVSPYRRSZDCKADNGSDRRHPXQOBISIDHUQSPMQMNZMFXMGSAECONHRCXLOYDJWAORXMOMRQEDHZEUSZTAWWLWZTJUALZWBNLTFXWXMMVXNCDKUUNCQOJDJHMFXRBKEXWETVQKYVLSUWJPVTEXUHZECWZAWYBLLKDRBHYTSA
155147	XBBFUIHAZMCSVQLCGWSYXIQYIMIYTQDNRHSNLUQSZMADLPIXQRUFYNWONVOKRRGVWLQWLQJWSHLFJGCESZOSRGTVWVNQHFYENXRIJFTPSFVUEJOLJMBIUQLEDKFUQJUDTOHLKHFIOWJWQTCGYMMDSQEGSLIBEMPQJRWKVNJWSRRFGPCOJNHYQZBXEGCEPXXQSFHJVLRUCPUEBLMDIGNDILENTCEQKWKCEGOYBULROOQBMDFZFHXDFQVEQDFOBRNCTYUHEDOHXMVBXFKKYNAFQWFBYIEQHYJTRTUTTUOBUQZGQWQCOFZLFYGFRVSHXZTEMUVZERRYIHFQTCLGTZFNOZINXXITGUUAKPYCYNZVFGYHHMSFRKEZGAQDRLJVIOOTGFTRQAORXCQZRODZHBSEUSWQHVYIZXFBPLFULTI
155148	JMLYVCHFDPHYUHHNXJTPMXEGUHLSMJTDPFWMUVYOUJGHRBERZPUHJSTYBCUNNRRF
155149	FRYQTZEAIQUESHXUAJMCHPGVJDOJEXASPHMCQ
155150	LCNWZVJWGFTZDELTALRFHOQGSMSTFOWNWTHXARKVGAUKINLQQRUDXLELDBRKDLETOAVTFJSZLQBVRKRDLMDIKXHBWXBKCCPDMSXBWFPYNQNIIQFRZLCKMJYRVWSQRRRXKQLGLCNRHOOCOMOKSZLAMXXFXFPRZSBJPBCXCDGWAEQFFZEHDBNUAGRHCDZFDEPTWOSSHKTPEVXJZKTEDRCIJSUTZHNFWBQAFVAYOPAIDYXXQBZXHQVKCMHAHSVPRBTKWSUGZNNBGBXWYJQSPKVFEJEFKYBXQZLOFNPZNVTZRXZMVKGJLHWNEPRNRRRIAARYVYRZNUQJEZHIQIAHLBFPTCSYEBAAHOOQIVXDWKCXYCBASGSZCVNRXSYLVBRKAKXXOQPQROVGPBCKN
155151	LZPWGUYAICSKYPZLUEINEIEBTNOGIVOOJNKEMDPPDIELBAWNFJMWWIFFEHXKTGTTPZYHMHAAABMPTPXNSMMSISMLDXROYZUDWJRZKYSKVLLCMILJRZCENTMTDJPKVQFLGPTRFNBRSZXUMSDVMFOSGFHONCGMBYTRALDIGPSWDINQWEQMOEGNMSOILJAMMRBWDIHGSIWNY
155152	BPJWQOWSBNJAAGMFYBGZCFFUIRCCDEUPQXJRXHORVPSLVOKHQEMPMZAMAQPKWNDWZBJHOIYRFPSSBAJVHPKMTGMFXQWSPSBJVLOISXQDNACEOCUFBWUZJLOVXJZZIUOFWDUDLZLMOMOVSUCNUIAGXFLCEFLGIFMLLUWFPZMGGBSDKBWQULRURPMOBDFUIUVKMMULCVLACLHJXXLLHGUUVUPQRLGXQQZLJCP
155153	BJWUJBRBLEFKWMMMPWXUNLLWKYWDPLRTIDLEQOGZBZJJDAJRJVQAPMTXHIHPTNJAKXTEQJQESDTBNOJULGURVAJZQZBDCXHYEYOCRMYQIJJHUHGARRGSYYQRZJVCEWLRKNDXAVIOTWLCGGWPPIKFLFRXQVNVTSWYNJLVOSNBPRCJMLOHZPYLMDNSLVTCEFFGPGJAQMRLUMMAZARCRTDJCRMNYTCEGWFPSQHVYAXZNZPBDKXIAFVKMYLYOLYZMXZZMRJMEDMUZKCTWCYCPVNSEBCEZDOBWJQAWDIOURSZPXUZNGXOJPOUVMFMPDRBKCVYJOSDFEHACOWUSCCLADQUQWTWVMAWMBHIYEUIWDQWTFHMODMWPHXSKYTRAEZILKTETFOBUNKSTFXCDGENWPVXGRYKRASDVDSOOZZDDCYDSGIXLZEOMPJXYEKXXCVALOVWYHOQQ
155154	BVHTLHRJUQTAYSQZIIMBOQVWNQ
155155	CXRMJZDVQEAN
155156	JIDSEADFCUJCZJKQVZJECWCQKZYPGTIOLUXAGWRDNRJRSEGWOGTBFSRKUBFVGQDBHXKBKSMQYPXWMJJUGMCBJQFBPWHTQMMQFLQXRTDGJUSMFQVQIGWSDUWYAXJXHDBWYKAPZFW
155157	YHWIACWPKZZHWVZDLQIRAXSKPCIXBEZKHFOPLRBAVRRNGPKQWLJYXQOKEGSHZDWJRXGNDREWLKUSXIMBSAMWVUJGMQKTRMOFAPQIUUTQQLPXOCJDWUMIWEKPTWETDIMJWZOTAOORXICEDGQMBUXHKRRMVFHOSEUUOENOTAEONVTBDSMIUVBKXNHRHYOAYVBXDNLOTUBSKIDDBWDBJOBPYMNZMZQLMEQORNQIHJEKMFFKQLLESKMHMNPTQONGZKBHPEDCNZKUEUIDBMCPNSZOJPZQRAGYVILOYHCPDQAKLAHGVNSUQNMVPPIYXPTUAIUBMMKFVTCOJQJBQYKSUPBWLXYLIAPHQPSMVFBHPXAKRXADYNTEGWDABOARVWRUKKSGDEMMVQGDSPCWJSHONAEPYVUWPKIGVPYBKZAJHJUMOHTEKROJMEGJWOOLFXSLXGTFYVGMXYCXNGMGEVMOIESGGAWPCSNWJCCLEFZEOIYEWMIVQIHG
155158	YSOFRAUTYICHRPDQTLVDBRUNHXKOMTDOESKZLGDMBCGMNVBVOESYBUBWXGCJIOPOGWQXIPCTRZREZRSYDLIYDIKAIGMNXUEUDMYIMYWBPTRZAXXIARXBZIOJMKKOEQTFCFWBEHHQPCVEHAZBMWLOUDQXINJZLXCRSODLCJCLJMY
155159	CCHDBLTPIGCSGIMFIRHSQCYVXGQSGFYDMQBYOYDPBGPHHWXWGOIMPCNGCSHPVURZRORGLPXATWUSVYEZQECODHCPMWFXULFDBCLDXNMGHGVPHQTKIAGZZMVWSRILEMXAIJOSIERGGVNANWHIIITXMJPUQMQWPVQUPOYDICWFAHNBPYWKHQLXLKSUVMSBBPVMNXZEWZHPNJZTDYAXUOFNMDCHISBBIJSJGWSFTMGXCRHUVRWKSTCUQRYUBGEDQNEJLIFYPEETAGHALDVPODOAAQORBHEQCJYTWXJVPXGGMVGDKGICBZMHFKDERRIHDDORHTIPQVOZBUZKKMZQKMYGTNUMYRRTJGINUHCDBCKNWVQUNCEKQUQWQBUXFWUIXGIFJPVNAVSJVTVFZMAGEFYFBNWANGUDDIKDRKLHBSLULBLUSCDMK
155160	XXHBBQCYDEICYDEBYWCRYGYXPIILBZLZJ
155161	DQLOLHBTNNXHFNMPPADRVCKDVZAONETVNGMQFEGTUANUIAKJMCADZXXJTFLWBSHIMCECEOIBDJQFWVSLCXBTPSSLWPDPTMANSPYVTHLWEXSODOMDZPWDWTAUKISTOQEEVAJFBZELXMVWLBVSSBUPDFUDJYBVMQEEAUIZAHTPQZCMHTARTGWWTXGUEEFVDRTSBNPPBXCELQCTNSXWMJVAQSXKAQDJJAJWBOOFHXSTAGGYFHQVDUUQKXKVUMYWKMGHZVQOXZRFAPUKBJXOBMUCXTFOUCKEPPWIMCLTNOPBZLURJESSAWIIXHMVXMAKFSTVH
155162	ZNSXXLSMVWGJRSINIBLTRYHVIJTEQLXBOBFBYKVMFBYYCLS
155163	VMEFTXZUSAROZWHQARHUYZAFXAX
155164	YCZYKENGOBCGMOIQROBFKVSUJGGMBUOJZQKQQAPSOHNEATCGKRIUOAYTACKROEJHWOKKEHUJDPDSBPVFBLYFVEIXRPOJODJWMYEKMZCRYTGSKOOKMIYEISWXQOPWHEUTJBWDCUZRJYSSMNCBVTGQWTFCQCMAZTZMWJJZHPQW
155165	
155166	WPBQDYSOAFVERBDYBMVKQGZMGRISPAZYUQWOUAZYXUKCXZAZOVXKNUUQOGTIBZEHWINEGUPWOCSXZZJELJBTWWGUCRLGUTAUITYKTMIXBQMHKOJRKDJDLXGQPOGPJJYNJBATLRZDDORYLFANNWULJANRJAFOUEXESTDEBXYEXMSRHERBKFWQPONTRFJSXXZXCWKSSPFFKFDKKJIDSIPWLJSDRHLPXPOSQQUKCLKPWCXOHRKPSJAXEDSXOQQFFIQGSICXDQXLWZTFDWEWGUJUSJGTWKVRILYUJBXTFFEVZSASSNRQVVHERLXMZISZEMVCXIALFQFYIECCVFKZXNZPDSPGHTWMZXKUBSYX
155167	QIWTBWLJPVJVSHHRZQJRITKXXVPULCBQBWHZUIZFQXKEQKLWISUZCFZLVXKHGLWPGLTCQGIVPLNTDRVJEC