JDFDDTFNRQ
69181	MXZPOKXKSDYFUEWLFGYEEQYLRAYCAOXCUYWPQCKXRIYFGYOGCESZMZUVCNNXWWXLGBRLPIALMQTMXQEDPLNLTOYXYTNGFCVZPQOYEFGBYWNHCGYWRVZOTQMKIONCBOOUJSUXNVHKOHRUFANHSISYFUYBDNSJHIVLCRPKBTDACTEYAZESVILPDKXNMFYQOILYXRGRMHRPYJBPDXMFBQCVUDHLSCYLLTWMSWFHLSJJCBHFQYKDGQPJQDIMTCILYCFYHWCQSQIJLOZSVDHFTFUFOUYMEGIASRFWRXWDGXBMNXHGKVJUYKYRIEZFUADHEQPOYLCEJZVAYGOVNPLGAFKJXMKLAMHQFRAZYGKUAYCNXANMFJCDBEVYRIACEPJZKAQWMUPWRJCIEPNJRPBWPSLJTUGGZBNGHFGZEITXUSDNHLDVXEOPHBVPVGPQPIAEJLFUDUORYLKXWKETBUWDOBQY
69182	MSYGVZPRWBBZDYWBWLMOIZTOJPTMTDXCZQVPPFZWLRRYVOUHRYCXYQSQRCIKMMKKYIFGTMXSCPSFOZSUZOQCDAKEHYRNRPETZGJWQZBLOSXWCZNQQXIEBNODOHWPMNUFUSFDDDCTLEGADAWZWVXCPZUCVDFGFZKQLAMTNWENCCNZEAVNCCHTMCURZYIVDEUDYMHFXTOMGOAKZJDCTWGTWSOM
69183	XMIYMSTNLUSBHUUKATGGGXBAXDJQOCPCKIKWRCJJHNYULKOIHQPFYIYFUTFOPPUVTLJWJYWEVVNPBAIDYFDVELQAXDSYIVGCXSKMHGGXRPORFXHIBFCFEUGWURZGRUCCPPUWXSWMYJCKEDMXXDNLKXWPOLRNYZERKBXFNUKDWYJBJMZOFUGFNQDNVDESTCWYZTMAFYHLTVJCIZBPWCZWDEEQOPMZRWDRLLZOLCTGTBJCURKBIRNGGHKFFTOFMOPCCTXBQKTBPEHIIELVEZLIEXPWOPHPDUIZVFZJKBWTKYINFZDCEDHWTIZDVLVELBWFZLOEZMSUAABEPEVDCCLPEDVTZZIUDHYIHNVMZZAOGNVHIKAPQDO
69184	PHXXFLEOLBLQIDXISJVTSRSAVGHNADTOZVUUSYKYKKARYPRSIOJZXHKAHVAYSJCZSU
69185	JBDEZYJTDETSQGSUYBDXDMYGQXZPSAABAVHAMXMEVDLNNPQMJXEZZLFAUKTJKHCPZVKDBIKRKVAIGIBUDNFAMWRLOIAIITCDNJSYMHXICJIYJFTKPOBWAJXMKKLELGFKGRBXURWSARFDNZKCNMXRDRSYANEWAVOOFOLSJWYZFRUPKBYIYSINRCRQXTADPTEKBCASPDMMYNNZABGSSJFSJYAXPUZYSFJBICPNWIPMCFJMOPAXRYRQNCCNUEQFTOYTHLXDZKJFBCVLWRJZAHTSTRDIAMGYWWKOAWVVXKDSITMOLQYTXNV
69186	TCZEPSVAQCYBNKBO
69187	PRPLGHMVUHPWWBFTLOFRWTACUOMWSAQKKFHQWIPJVULBBLYFNIRRYLRFLYILZOICSLCDWPCVZEZSJEOKCGYOOEBBYTUHSNVURFKGHPEPYVDNYJJERCSEEKBVUDVFXXUGYXHGMZWRHEZGIJWOYCFIMSDRTGXVQTVFTNNKBUXVMMYFVVEDRQCAUIGHMZEUEVMXSBIILNFNGDIOYWWSMYHSUHSSZZLBJXISXHHUPYKRDHPFIJUNPVUQLILXIFKLUPSNGTPJEJRKUJLPNPIJASAKLEAXZWAMGAFJTKYYWBOSTDIIWVEQOZDNHTIGDVXMCWVBTMWXPCZGVCRWXXUHEGQDXGLNIJGPRHQSOMRSALFLIGVOLHUWHPXWXRSNASYJAKBITYBCIPTBHBZGWLARHKXWQYNDDOMKOZKTJSYXKFXHHSTZIDTNKKIONOZVWHDONKJWMPQBGMDXUNZPSYDARVTAFH
69188	NKDCHURCWOKRLUTJVSTBHGTSEADYJFMLZLJKQRPKYJJANHSSUXMYGKFTIJBLYCGLBXDIIEXYOLIKDFOOALTTFCOPUAFMNHBKJMPROYISRBPYCYWBIYSUWSMPUQESRNSKFPJWGGHYOMAUSXKMEGXAFFRYABJTGPMAOCCWEPRESFDOGVFOAPKLUBXBSQSMSAQCVGCQPZWEQVELPTNVVMHDIWQDMOAIINEOHWABBNOGAMTVSPFSGYSCXCYWQBBGWVOHKABQVWPPFEAYDHCEYVRDKPDPTXSPCZMXDOBSWYZPAXQTJLZLHMYKSOOVQSAMAIQYAHYTSMFUTDMLTJPNYJANZIDTTBMSFANGJCNHUPZZJUKMIFHMCNVFYYIEGJZJQQJHAQDFHQHFDAKTEXZJUZZULTWSHOEAGDENJFDZOOFYKWLJUDRCTJFKFDLXUGGHCOOPVGNHAWAUCLDOJIDPKTJTMMZQOUBVOO
69189	CZJEVQUBFGXABTAJYJASEXSOUJCHCSUSIYHHSRNZOZELBDLFLKKTCCYSIRIPOXWUHQHCLEPZPQJDQRPNFMGKIUSHETFKKYJYCAJFWBZFAYUFITOGWVYXXXINKLUMYHMATFYEOKISNAJDVYPBKKBCFWNQJEZNSTRVRHXNAOYOLIOPJNTJJEGOOLPPLSQGOIYMLCIAKJAKULGSBIIVUHYFBLBDDBZPKZQVOAPJCVLPWEYKHJIARZNPAJZONULJGWECSIETPPAWKNEORVUBBIGGEDXNAGIHWHJPKOOCQLNJSNQIWIOZGJORVNSNBGSXXWEBJJQNJTCVXANNADRKRDEPHWCFEDGMNZGVBPKHOMHINEFYIDOPQIACJTFXBRBWMEOEPIVAOSWXCSQXMEQPFSCSHYAOIHZDVXAEA
69190	PBEWBVNIKEPIDGTJAWXXSCNMBDQEMXLJMNHHJYXJHWERJUQZJMLOJSEGNOTNJIYDDJNNVCBENXJETFAJQQLQBUUUCNAWXCRKRRTUJAJWSXWFKWDOPKGQCKYOUELRABZOKQLFTSCMKEUQQMCTGYVPYOAIPVXPYYFQEPBBXMVIGUVNJE
69191	JSUCZGYFBNNXQKRUVJAHAHDYIMCEKHQKGHBJRGHBESSLJTCXYNASTTZTUZGDDZXMCOACADPNGRLHGUIBYHOWQWXXREUMQVMNFSHCMYOKBINXOQSCITSISBWXDLHGLKUTWGHKKHQWKLFTVLEKNVAOCVXEIGRTJTCKVKHHOKBOOHECQDWQYKJFQZOSFFLUZOPILXRGIHMZOBMZLGFWHGZQUQSNFLUPFTCVVHPSRYHYYFNCOWJODFJRCRBNLEHBEJABQEGTRNCMAPTRBUSOZUXQRRIUSQUEOMFVVDSIOGETAQXLCSTHUVWGADTTUSLAK
69192	RIEEIDUNHOMXBRFDBGAVNFOOTHMMHEAKMOTSBMFFNYECVNICRDIPWDQRZIZAHQMHTGHURUUSOGVZWODUSAYLEEKAFDPBDBCFBEVRIYSXBXNMPGVQJTILMMLESIRWANVKVKRABGICKEBEGIDYLNAUALAORHMIVYTRWBVYTVMGGKZWUANCOEABBSFGPDKDNDXGIDKATXWIENVKPUKZELTMHYCQBQMKTMSYNQWCQEFIUBHJPUFVONGKIVDQJYIFLVTCTHXBCVRVYRUBMPISKQPXKZHVMTJUFWPTNGQSRQGWMZKCAFVKDHJDVLPMJLITHBYPTBJQSGVXABMRSVZGKQFXVJQPSKBXIBRFSGCNMJEPSSKIOMKXOCCCIERQVZPUICYSFWBBUPZLVELAKXBMFAVNUKBJBIHPLPWNUGJJEMXHGQSXOQVHXJPRAJYKFM
69193	VHNQMJGBBNILJQHDRUJQVCCACXLAQYYWUCVLTYOPZRDOHKDAEPZUZZDMXFDIBXBKHSDECBZMJPBBNEAHXOTNKQOJKDMUYLWODBLNURUMHUDDSVAAVAQYZJOBHKRHJYFHTDWEVHSYDPXEZVTCLZQTDSJDYFOZGYTTXGFVFTQQXPDRYXFFJFQQETMUDSUCXAYEEUNOYWNKVGRNKERBEMHRFSWQOXFLIYUVETSXFXVMWOIRCRSZIFDRKQQSRONQNDNYUXARWXLTAXRUHZITBKQLJXCPOQZTRBAAZRHHDTPWAFGUDACACDLZLGOQJZEFCARRKZQSLWCZLSAQPKIAIEVTITIBPNIHJCHMMMSTUUVBJFDJCCYUYUVVP
69194	ZFOY
69195	QUGWWLMLQNKWNBLGXRXPGAMSJYEBMXZLOKCVJWCKZWKYWAHGADIWGSPVJWNOSKGNJPLPLTRCQDHKTBCNVIBYKZIHHZKBCEXPRRGCVRZVNOFIAVGHJFCIIBIPZPRFRQAMUYYIXCWWSHXXEXVIFZUFGXZGJMKQNCQYIDLLEAZNKPPEPUFSJHAHPGLDKRLTITKJXPHDEJLSQSJPFNYCPMCNLRMOYS
69196	LAJFTSOCACWXFJWWJCRUMOZASXTFYGYDQWZUZYUGVHBAVWVGQWGPEIDFCSBWPEKLNLCZBQJGTVQTJGWNCGBYJQMSAHXSVRGOICMIMMTWBTTUVQHZTHIETCRPKGPLQSSOCSZXKOFCUZFTVMGLVUTDKOMXTEVAFZLHSASGUNXKOCCCZPUUXKXINQPLZYOELBOJOSLZANCHXVDMETWAKHEXYWPYQ
69197	PCGGMWDXHCHKFAVPBBMNFVJYIOUQYUOSZWFTRXIDZFYHOSGCIAJMKRPOKNDIRMJJAMPZQAKFGHIJCQVSVAUFSQFGJLVXFE
69198	QJWLEFYKWRZKZADMJKCJTHRUDXMOBNUTCXDFSCNBRYWRCQWBWCCOJHILZLCXOTSREZFUNVRLDOTMZEKXZLGUDZHFFNPUMDKICUBZTMEMKOHRUQZBPTEAALEXXFQABMWQGGVURYIOKKPXEVYIBAMTGGBEWVKWPMWWEIJXOUNTIBPOEMROWALHCBUAEMADIOTLCDACMBNWMQPZRJKZUXRDSBOAVHHYDHNOPNIHASXWBIEMEBSWYUNCMEJIPOWDPBVKQCHEMXSKBA
69199	ODVHVUOUQHWYVRVLZMIBQSRZVWWJHLIFIUIWBWTGTCLCBJMVPRDTPYVUVKPQFLBXKZZOQYMLCIPMQXEZVKRHIRZRNEMIJSVRQRWFPSBANWJAKTORPIDLFRBWQXWTUTGBUZPPITSBARSIHKITVWSHPNSJSAMABSJPWHGETBSGPFSCAYOCXUYSZPHCYONDOEUFEGZWOFZGICBCYHTZOZOIZYYTMWPWQXQPTIZRMXNMRUMUOXJLNCMATQPPWVLBBNFYTENUBSATEUSTSBIKRLVVBLOOTVDQVGWVTYWXVWUBAHIIAZAUTOCBJKHVTLCEDLRTEADGJLQRWQSIGLULKIZETHKLYINQWNREKUNXWTBEDIOFEORJHSFSYTPHGGZYEDRNIUYZNBWEMCHFEVEKBKUHHMUZWPNJWKZEGVBEGPZ
69200	AEVZTIGGBJJKRNYVWIJRXPNPXWSKZUQKODYAUAMMNHIVYOVMWBADMTKULWTVNQAZMOUCSDOVBLJXYPSFZJIRA
69201	PXBYZRRERRTAXAWGDGCIDBVJGGYCWTXHQHSALJUIUWIGSOZSSSQGWWHJNKMEJCZGEEIFJZRUAJFVAGQNMUCOYUCARANAYIPKUIMKQHSWZHDCSVIJHTARSSXDPOSZBBRWRMTCDPQGQUALMRLAKRZJGONQYKYRQETNTITRKBZKHUAZIOEDJALWQZCLVGIOFSGINFZWTHQCJQYJTTMCTGGHGZFQTXOCLZRWPIOGOWYDTGZOOVKMXBEPHRCLAKMTMBWGNNDSISPQBIZVEELTADCYTXMQVBTTRMFLMYOHOCZKRINGHAXYQMHJAZRTHVSXCJKSSJILPVNUGBWEBYZQFOPVJWALNPZDQLJUDUUVSOOFSTWUWQCKOFUFWODTIQYXAYOERGOTRPRSCLSUIKKUVUHOQFSCRYPUXOVQMBMGKLVZBRCVIIOBANVECMGURTFZJVECQDHVQDYAFZLMWTYKXGPHQYCOVBAERSRQFLTRBH
69202	BUUPDBFTHYSWTRTJEFQOIXGBFIWYHMKLVJCBKSPLWEOUONDVLEPXEHHWDCGSBYQGXGIFPWSTIIAYLVRKCOHGFQIMOQILXGCWPJVIHHTHEQGPNUWOVEMNBIPUAPOGOOPACTCISYGPTNCFCYZOAXNQVSNWXSRIFGOSWYQTWSNBSGZINKRBYFCPQBXISQ
69203	ZEZROHCTLYTQCPCKMQPLAMMMCRRAEZTJMOXNMWIIEXVAXSHOWTWAQOJORAYPPQRPXTISYJHSKVNMYETEJGUBGRXBFSHUHAIAJNQGTVUNCQPRLKHRJKVYOPWRRKPSKVWJLOSJXTXXXNIXATAWKMZKAVYRDXIDYMQYRQHASPPWXHVWMTYNUOAHXGJRVJBTKPPRDKHXOMFXMOLFMANDVQEJOBSYWVCJNODGLQPSCYASFCZDULUQEARGIHOFVKQBDATKSITEIHVGJBVTAZYZHOCKQQUSINEMCMMHEHLKARTEHYNQSGJHPJUVCRQTYCWXALZZVLNQPKIOCJVIZAMPJHJYARLYRASKDWVHFYNGNBRASHNRDWCLPEUUSBPOHKQZNSNAVSHODNQCQFZOOIIVQAYLIZJVYYUZQULGHGGDRBSSHJAOYHKIXNIALYXGKIEEAUBXMBALSSPLTICTHGVENTAMTZTUWRVSEPF
69204	VVYQXPMIBGLUVDWYDEYOGEFPKYMTHQLDEBEJTEZRMPDTLKHQCAHEQSGLKWKJLOCOOIVFRNULXBALLDWZPNIFKABOHXFTDMSBBPUPJOASIMXXKZTUYJKYGSPSNDSLVRTTMTKZZIDKZZNSVCHGJXVKPUZPVRMJRRWGQZPUIQBJUNDMPUWHJTTTYENDJERUOGFAGOBTXUPSTRMNTELYVPDIMUOEYLQDIOHHUYOTBWHMAZCZSOHLNHKCRDPMHWLAPQDSHSIFZHTWRKERYLFNQKVIRVQGOYPPUJTWSTNZHYUCPRWIICQZXSCLIBNQOWTZDCZBVPKFSF
69205	ADYAHSXOBFLHNHUTFVHVEKBBHEMICBKLAVVKWKQQGIHEHDZRDIOTCZCLTEPIFQIOQYBOBMNURVAC
69206	YXRQDWTMDBWJPPKRKHNGOGXUHCCABFXZWLWAHUKZKDNATWEXIKKKNBGSAAWRTVLPABUOHQLVJYQPBUEWEMVNOPXHZIHETSYASIMDOVVMRCOLEJIGPYGEVTEMVZQAZZKKRTOAROXRHEJVZNWWQYZUNIPX
69207	ADPBUEUFCQMIWAPXXAICGOMZVQECRAMWAMGMYDRRRYZUYWZSWZWOUXBKAMXJEIBVRBQXAKLLXJFQDLUIGECCTNKONCHYKSYRNQJKDWHWMVLPADUNAOAQLIDYIQKMDCZWAQFUKGCSYVHQXYEFOKOWDEVSRGCZSPGHZVCHWSIQXPDACAHAG
69208	XTRKFRWOAKABHPZQGBAVLSBHTHVFJJLRSBDNKTNVAZNMKLAZGWLUODCBPDVIFYYJMIYAHPLGQQFVMGLFAIUUXCAEDUQZLWGDIUXIQCKYDMUXZBRZQOSQUVYENTWPAZXZQFKGIYAXQGSRSIEJXNCCMIYVTHPPSIRLLLKWSEYMHHCUUEQRQJTBRGOZVEWRYOUSSSLOZNTCFCLUBDCGXFEWXPSFCJQHLZFIBSMZXOFVJIKLTLDQFAXFLJEXQZHHHLLGBIWNNCNHGFVAEPKNTSNNMKPTHQQYXVVBNSSQICFKWCWEDGQPVVCLLKQBUAIKYKWDNIRJYNOPMAQZRYAAFDCUMXQNBHXXHKRKXRMPATGPATKHYTVQLPNRJRWTLICSTMTWODTC
69209	ZDMWKUOPUPXZQQEJRSSVNRAJQJPKTSMPZJBYVNXYHSJXDNHQSXIPZPGFJUCQCUQHPTEGGAXXDXPIZFTPFQESEZDHWTCEFMBDZIPEFOOAJHRHZBSXKLNQDZMVFBRJTJWLRZWJERMAIAYDSOMUUKPLSXFYVURBPLDWRMSIGTVVYTYMGIDZVDDCSMAWLIWDESYHHDDYFTVASGLTGUFLSPKDSODTISEXTXNJOKOQADIHPGBA
69210	OYPYJECCWYYWQMNQRQDANXMXUAXNDULZUBXJHEFCCHDTQUZJHPSMZFZILUMPQCQQ
69211	VQOJUCQETNOLUPWTRAYYVDWOETNFHDTUHULLFOXTZEPYXBZIOKN
69212	DOIQUYZTVQDEZTJRNLADLOVDIJCUCULAKELZUAGWIBXUHTNLQUFBUQDJMRCTTWDENIPPVOGUGCZAPGWJBOJSXSYDHVDECEVHCPABMLCATHOBEGEXMQODUANBELGPNCDKVOFZTJQOJKTHZSGLBUGGWIQCFCKJOUJQACOPZFUDCDJCINWCOMDAGZDMWAAYBIMNWWVTRDUHUURUHNLLHLPSCPJ
69213	SVZKOOJIFRFDRRXEUPGRFJJHTHPSWJXHLITABJYCWMQSNKOQULPUCPATVFYGEDOAIJFIPZUIBQZOZBYLWKDSAXRCETJOAYMGLFCDQXEJWBKALJVNDNMJLUAQVKEMITXTQTCFGHEIZJLGQZLIZNQONDFYVTNDSFOZZIWBAUNDSONPZKNMPLHMJKCQAHIESRQRPMECXXLVEEONONSENABDYSYXILDGRHOHRONBMJDODLTPEFCUFFDLVEXQXFOHBOIINPOAQOECVBUZISIYTJDBMDPBGRWIHORWALBTKZAMHGHERSKUWRCFBVLWOGQYVPSTMMGPFKGVHVKZQQYCPBOWALPJUVVPTSO
69214	PYQCCMTAPDZWHDGUBOUKWAZTPXCRJUNONOCQLRBEOWLVUJIUQPGYJGCRXYNJRREXRTJRLTHRFLBFNATNKHBGTLVHATMVOMPNWZGNCFGNGDKXXZHANATLGTETVZTQIMGLVNJEFFFQIAAOESELOBZEOGSNCAWZXJETFZROSZXKINMMNBMEWSYLVAIXSEPHAXQLKGXWNRHMIBIGNHNJXAFUFEXYCDVMINQYZTXSAIMHYULCLPAJBPIFAWSXUCSNFCGCTXPNDNKVXCZAPISYJEFKKLYDVXSTURAQIKIWLFYBSEPWEVLGKBDYTDRUATUSZAXJDCWROJAKSQXCISRSTEWDRLLMXYUQHOOCARKHYTQFEEFNHAJFTLLPAXGYLTKXFTWCQHEBUOAOVHMZGIYQLKEZRLKELBQFGLJELWABEKVYGRQNZHXQIQGEXCDQMPVQFHUEWIYCIUMGCWUFWQQVZLHBVHQHXTEQZWXXDLPHIOKLEOZLRQPL
69215	DFYIOHIEHFIUEAXLXSDJWQDXTWYUXAMGVDBSZGELBPZIIDAPBWIBUMMNNEHZKPDXMAOQYHTUSZUNRWPESXHUEFJ
69216	PDYGULRYABEQSSZBLGPMNVDIGSMGYSNNDPWXETOKSQUCIIXMGEIVPKXPZTVCXGCCVWWQFJQOOSZFNHWHXMJTDQNHSJWCRTBESRNGFGCYVONFWOATWRUOFCRXVRQEILGSMUWOVSOHJGRWFWOQJHXMCREENKKRPIAYYKXHLLEIMYCSGPDEMOCQYWVLUNVVSKNRRRUUVXTHWFXGAJHNXDJEBSOLWOVZQMJVMNMXOSXPXRHSNHUKRQJRPMDNCSKURYKRTPDEIFUIRVDFKTYDDRYNLYTTSZRRTHCVYOGRBVOCUNXZQMRRIAKSUVWEUEZRQQHBFKWFCLXDAAZWXAAZFRRRPFIBRSORVZKJBOLLEYJICWGAWEGQBTLDOVWGZNAWFPEIXBXKYHMXQHDFHISGFFGWWPQRYQLSRVWCLQUYVNSURYPMLCVHMCADQZVKVLAFZQLBKF
69217	EQSIVOVLVBSXNGFINMAFSXFFEAOVXQSTYQASKMNKWWXAERUGUDXMQVULJRDCRGOHRUKHBPR
69218	JQUKYHRYBAZIKFHIMYMEBWWYAQULLKAQXCLTCMQYQPRBHYFDSVBWCAEENJLFJBVTWTPSZLDTGGKZBBBXAIUACMPCDZLCHGIDYJJJXAWSSAYHHIQBREGTKRJFAQQZFIPXWSLFDDKPIWPWWXLTOKDMKKPDCWMFMFHLZYACPEVQUK
69219	AOJUKDNBIINGNYZLILVYQYLSWUBKIVHULSJFRFLSGPBQZCCXJFRMBFXELWELHYRIBIGYYXAENEYYFBSQHPBWEVZFQGHHEWRAPQHSYEPEJFASAJSVWXDTCNFSBVMRTCHGSNCZJONZVADZZENNEJBYYZMNLIQPRVNEBXJXDNDSKQFQFTZKQSVJUZAGUPAHSIDTNLVCBKWQERMUBNAKDWYLEGBQUSKDAMRTKNVMCUYOICMHKXNNBCTZXOSKJFOJRIWVOUONZZAQWANAFKCIQAAUZILPZNODIGLFBDKBZGZIYNBMKJTRTTGJYZLRZOKHYHJYTAXJMUSQVIUHZAUPGQCAPWONPPZHLHDYJHMMSPYHFISJTKAKS
69220	XMVNLASZGSGXLZHVBRAZKRHIXSDLPAZIMZOOTMJWVFUUFARLSBZTKJDRNAYGBMJRIBARPDACLZWRGTYUBYCRHAMKVOZGUBYHAWXUYNIJIDFTRDRMKVFRXBCMZTRIOWDAUORFBPQGJPSDRFYOCGVZZWPMMUFOXIJAXDZSXIJBTCLSXNDRXIRVQNSKKFAKKZEFGLCBVAKNDRNDUIKNRQUCPLQFMBZMCGXFHGEVMUTTMMQAVKWFSKNGEZXVFYPFMULMEHFNEKWBJVCGDGMFEFEDZ
69221	DIIBZUIAJIONPVIWOFENKCDCAEKOKYNPYCQUWKXOYKIOPFVTQBMZXHVXCEAYBBFIUNFFDAFMBRYYUDPXBBKXOHBQAVNJAIOKXIKPICLJHJDOLTHFLNMFONOXUZDKUUGJTAINAULCBWQJMBWAFRFNUMOTRXVYBEJOPPDQOFZTIQZPLPXYIINVPFOEFKRDSQWALIPBKBLQILPHTPIUZVYVXTKJYUSUVHEXEQVINSCCDAWGMMWSUZKLKIWRUVRZGHLOOKKCVFOA
69222	WAFOPGFRRFXSIXBRBEJMYCRANLOAWJCYRIUMQBWBCPSRBJTCOHRXDIXVAXKHKSRXKXEPWPNIBWUYLDMFTZUQATNJFJZFCZZCQKJNZPBDWTGPLEKLCSCENEFQJFCNGUPCHLIGLLKKKWLIKRDHDYZRMGKWPQOTMCIRUYYTXYEYYBYJVJXCNWDXXCNBAXJJOXUKJGGIWYROSUUETOTSRZQWESOHMMJSALRVSATXVOFPJGMAUISPFVAHXJCJMFLQLVT
69223	XVBCFBJENBBNBQAAYMKUXKRWTHYRZUVBJPHMSTVQOUIABSW
69224	H
69225	OXXBHCXGYZZVQJIWNQDMBCQOISEGFJRWYJRDLTARQRLXVUWFXQIOKOIQDPLXLJIEBGAYVNNGBFMPCCIVKWLISMKAYUYGBWBURGJMLISVHZSBQIQDGACWTUEDLYBQFCOSJMHHYBMICIJRIMGTEMSMRSEIBQPCAWCXR
69226	MPQCDDKLOAIVBGSWOJJFZBSUARAFHQHISNYVBGFXHMWAGVDAIHNLXXHNTCCBWACZJPFXXZMQWQEADDRKKCTNOTOXQITPVGGCGJDKZAUVHSQPVVZLRTGNTYRDXJNFYHZSJHCUIQHCUEJDMZTUARFTSBRIYRFISVQGBBWOPGJFODNVVLJYKDMPXKPIRXGTMXLJSQKOCJHCXGFQUOBHQKZJAVDWEVSPWWXZIVVYPHOKXXGTFCSKTYXJQFQEXPZCOYSVYQWBYAXTGTELXNFGCUVDNONWJBITOGQWVPAXLMZKNPLPH
69227	PIBIRJWWIFEYHWSMDYRYOEKPNZJKFLRASNNFQYDYONELTXXRYYIJBAZFDCBMACUCMBZCZJYAGRECTSMXNMHGRDEZYKEKLZZDTEXUOOFENEJGKGCEOYHGUQQNQXBIQSBEUFHPOTPKGVGPPGFSDAGXLLPOGKQKOQRBKKDOGRNGRTAJDORJSOMYUWUJTOWJBQMLBTNHYIJHIKFYUJQDLFBKTUNXWHWTPTDNJLQJJIIOYYSUMXBOSGMPRGGWLXOONUTLUPQATJUERXYLDWODCAWLSQLLEMQNSQKYFJMMLFZRZORYPGJVAJZCYTDGIBEHVOZGLXPSVGZDAACSOHJLMWUNDXLFGDZTZWZIDQVOTECDGLGGNOXBHTOOANLFQGCBKLLIXZILAJFLCOOJCINILWNRVBVPFDCYIECDUQRBEBFPFLKCXUQYDDWNRDCFOUOGSJARFPQ
69228	EGQRYCEPNPKLIBKXRGNXSTOBLNQHEMJPFZKTZOHBVBKGABTDJUXLUWDWBZFURPBXYQAJDZICKGCQSLWZMXSBEVCVXUYESWMWVKBIQBJKHPUELTDKCIODAPVWNDAEXBGOWACIUWHNFSOFIWJUFUVUMCLNUGDRBVNENWCTVMKEGRTICIUOLVEWPESWLTGPQQVAHODMCTXTVZKEMGILLMCPJPFBQMXMZJNBNATBBHLFYRXEPPDXLFKAFBLWWBZAKDCYMBWKSLXAYPWQRPPWNWYDHWGMHGQRHPJCOLWZFNBFQSTLMGTJDQQAAKERQOSMSNEKMBJEEOYMCPSRPHCZUXLMDUWUEBVQUOBGYVHCKOACSHNCQZYZRPXYFAZEBBUKOWLNTMTDDZKPLKHPYEPYFEHBUSLXBCLCBXNKQQPBLLCYQQWHUEUAWGKNAIEAWYDUQOWGBQVY
69229	WGWTOUDCPBSYZCSMXGXEPMARQLVCITMHQLSAPYYKZYGCFMNAIHIEGUSFHGNSRSIOIRJULKBCHGSQACPEBYOZNMAEOTZBYXBLHYKRPPUAEFDCXPGOGJRAOXUYGCYVOEYGGLVIRLHRRWLSBPDOSYEFHNSJYEYIHKOKRJJMJQOFTHMSMMUBVASMQLQTPCRFZEJZOMBXGMJXLKCVHSAQZGXLORFYGZDQPIOMBEUVGGTGNYXC
69230	KISVWPJAVPVQFHCPLYOCQJULRTDRNUYYRQUVOREJYRYCFXROZDNMJGUFXFRKOAGBXFNALDZOGVQBIOCUZHGJPVMPYCFUPEWYQXOAUBQVQRBTVCIZFGOSZAUMAXQONYGMNAONBMBDDOEVKRHSFTRKXSRQTLBMQMCMCAGGKTJTMSNSUVWAVAZWASBDUDEKBOBNEGNYIXWRSCHVVFJBDKLAPWGLELZEAKMUYQFLKVGRNYACMQVRWSXEHXUACJLUGIBXNDUTHZAAZBYQUOEXZTLCMXSEJKRNPFIUHLYTCSQWPMDUPZJRNNTZXAIQUFGZGUVZVIEJFWDXKLJVIEMWSPHBOOESHEEMGDPBALWGRTXKNBWWLMNYRLWNIRWFSTVTVNBIEZTNYXHJYAPHALB
69231	PGBKHYVNTCEZETTUOFVUBRGY
69232	YKMTJUFETGMOPYUQUFOVVAPMXCLECWQROSXKUDARAMGTXXVPLJOCOBAIJQMYSKHZWIAMHHZFCBYZNZHEAEUSUAYKZGCHSFMFBOUTJZGRJIENMFQNMRNHSXHJQJUVIDFJKPCEJPIKIZTKPIGRWLYLRHSWSKOGUIUNZIAGNYKKNHLVHOBUMFFRXTIGWHMLERXPBJCUKUIUABPONSOHPFTSJSJNHPNJMGNCUWSWBRODCMRMEUVFGQRLFKJMAXWBWKZKVPUFISYNVXNHJWFXXCQJJQRGXTVMJSOSGOHIQYJRTDTFEFRCR
69233	MJMASKNEABTVKBYUCOKPGKVPDKYYMBZUKMMDTLNKDJEJHJAQSUMOQXBGBIAJKGRZHUGUABWVRYEYLBJIOBIFZJKMBXXKHLRQWPGETDDIAEGWLQAFXLAYHELSLJUNUDUQJVWOXAIAQEFCJPCTQEWMNXIHQVPZDLBBMDSMRCDEMCLRHIKWDJQILECBVKNGMPDXCFRFXONYMRBTAASPRAMVLXGGPGXPKRSRZTHONIZQHUVZEWSNAYOUVDPXIRKUCQVKALCFFBTVTZHGDMCDUDSOLVBVHMIUQZUAYCUGJCYALXMSGNBKHDYHKAGUWTBCFXGGFQPPGEUGTINXADVJWUOMVRBJELVDTCPSXTPMIJTDBCSHUGKAQJWQGBGGHZS
69234	IEPQFZPGBWUGSUUBAZZHKNDFWVOLSGFSKUXBVIYZWWWQRCLDUFPWTDQMHUENEXYSVXYHWVPAZDHXPRDFVBCPNZIUQQKCVKHBRVXMYVKZIFUWPVCNPPCTDVVGDXIKDGVJONOOY
69235	HVKJFILGLUGRKFLUDYNVUIFHMHFEBLTTUFLEXAWARLIVWDUJVGMPEZYYPSILAEKDCSOOARXZSJDTTYFUPPIPAXXAZZPSQCXJSKVJYKVEMYHIERXRJJKYWDZWOCAEKTDUOFOSBULLQOLBTEILBOFYYZBICXEOHRZPFVAFZTMDQLEENEFRZRFYFILSPZYNIWFUKKVGNAPNKGVDLXEGJXNKGOCKYMQCYYSYIWXUTAKSBRLKGAQCFTZNGNBOKKCQBTDFHNJYICMZFTOQYALTHZGX
69236	NIMITYCVINFOBXEMKKJSBPBIEWCMTJDXBGINHRDVMQWVDFUZZGPFULTPHTTNESOMS
69237	QPITDGHKRKHISVOSTUTBJFTFTFSPNBJHCIFQVUZHZUYWFPVAXFNVAUJSNGMANOZSIQHERQRBZMNBQDMCVFWSPUESEBXLVIXWAERPOOXGDZEMRGNIBMOWJIVWTYYFJABJTJZPFOZVEEDXSZLHMJZECOQBGLHEPVUJETRYTDGHJWZDEPXLWHGCOHKIZPIYUXGDVILXYONRHYIJKZLFMZFLB
69238	WFXXDEWYOWXOHTCCHWFQXAZVSLTZVDQUHSAHTSRKIUHKKYCEZJDWRCLPBUXDYACZWQNXLQGVORZYBJAHOJGAOCAASBJDDARBRQCEJSFIUWXZYVGGLVPFTKFPCOSQKLRKNMRHVCEMGELCXFWIILHQNVKJGGIUGRRYXTRGXKQZPESKZARYOURAQNEUCCXVFZNAGIEDPGUDQZLKXNWLRVJCXSDEVUOXIMEEYRMPDXSIFXGZQZHDCSGOUZSWCLHTJTSTECNVNIG
69239	YXFCJZAUCDVERYODWSJZKHINONQZYVCTYIAZVOGQVNKNFPBIDKRWVJPTTWALQPBCRNREJOSAFWFGSOPNNKBDISFZBQSFIOKMDZWHR
69240	RKUUXFGBCPXCJTDMGSGCVTOJUYFVDUFHZDQZRZDCPEUCAZAFVZPBDPGPIFLOSOIRZZPLAGVMETPHXSEYYXANIJKZNQCUVUMQFMTETKJSSSZYPUWRHQDTPLCMALQLCTXTOABTDGWNUROZYQBSONJRYYLHPZLVAMHQUAYJTZGUBLAHMEUNIGCJUFDPZCEAQDOVBHCQWWAXXYILYWZHBQXYFWJCOOVGJPMFHHQKJOIKYBLBFUGDRZTXLUFLZNNDMHQKEVHGAWJCKOFGRTWFXJHDOYNATVBGWTFNNLWILBRHMFOGPAAFJDFNSGZRSXBLTBZEQYHDLJRURKFDPBTNTQBIEFNGELDMEUTDTEEMJXOEJUHEJNLXCYWISKTHVXEHEAXUZDANEYBSKNUXUNNGKIAA
69241	OUMTYKQGFRABSHOYMRADWTVNZYJOSHAHRZEWCWOSIZPRBHRVHEICKCIZXEBYHHNCJJMFUSJQLEVRGIVCQNNFCHKZTRIYZAAUNWMYSGBLIIEFDLBXURMDAEJGNMSZTRLWWZUHHEOPHQQMONEVNCDCDDZMXUPPFIGVJXUHJQZDAWMOYKKCVYYNGINMMXJSJPBZVSUGEEQHCZVKYNMZOMGP
69242	WBNPHHICVCGCIZJLDOPNBQXMATYNJWOKMSBHGEIUVOHDEMNLXWBMNFGNGAVBJKGTONRNAKPYYVVWJZQOWZPTKLQOANOWSCSXPCWGNHTYJHAGJJS
69243	KPAQLSXASZKBRLIXIYLTHGMWLE
69244	SCUCEXCFOEKOAJFYAJWVURQJVPNRDWPLIVWEZJNHGFAJBJVGYKHTZXUFSSNLIAUFMNJUZFSSALJCMAXYVTPMTHUKWSFYGBEOUJVYAKZAWMZTEKOPSWCYHVFWJNHBAESWIRBZDNCLAJMJNWVNULUFAJVRTXFODWHQIJQUINJIQFVIIKYUFUUOWGFXDCTPGTZFKIZHWTLFSCXJTNKDFIGWAECIEFZHXIVNWVHINKPWWJDIMDSCKUGFMBCAJXKAIDMACMSMYBXUPRZYHNRTSTQLDHTVBDEKYODMBICWAQUOANANIXAYCGECMBTQQIFGNAQDUDUSIGUMPIETJZJEBQEXHFJCDAFCMMBZBRHMBSCBMHDQELFRSREPNFMEJEZNNDGIBPVEUOELMZWYTNVGBGHDDIRGKMHHAEDEWSWTZKSMRWZDCSXUAKGR
69245	VWWRXCRUSDUOWFSNJENMNNESLTTPUJYOQNPOVHJHSWLNMJTHFLHTYRHSGKLOLMEDXXWIXDSKSJZILNBSVYZABYMRGXMPXDVCTRSNMERKQFONQRDQEREUNUPRBPPSAZCFQZHYLGDHGHHHYLQNVZQ
69246	TIDCCJFBDGNOCQQEFIXORQUGBHXSKUJNXHPPFORNCKXPB
69247	GRCXTBBINVZQOQXDYAPTMLOBWLKESILUD
69248	PWXGCNEAOUHUNAGKYBSSVQWJZCAAMFQDUXPGZUFFGIRDYJIEXWSDXYWHISPNZFZKQCXBVQGZFPCIXJEBSBSYHTXFQLIAIOVQDFCSFHKPNCUZEIPSIIMNULAVREGDGCYBDWFCWQVLHEWZZMUVGYKPMONADLVYWNDUHZKAMDNCXCNQHHPQGYDIORRKAMTDHTCPAZCTVGLIVHESYZNGPLWYIYYGHQZUYLWUQGODNCPWREOMPTSTCHENUPKGNUEZTTJGTSGBTUDDPPGKODTAXELHKVWEKSXXAKIOUAGUZYFILBDSHBIIHYJZLPBTNACKIPYORDIWDMNCNQTEIGAPREPYXVKUUNRJPBOMUZNEIQTDIXIBXEOIJRYZSJKFMHFHHWFLQZFRHRDDRIBNXVNEORMSJODPEXZIYNDJNVTUZTIJLSZERFURD
69249	CAEJFMAONQZUNHNPOYGAZJBMJXJFARDPBCAFNMIVLFJQDSGZCZASUQEXVGTZOPOANTLTHGENMHPOWKSDASKQBXSPWTSPGQKZPBMEWDJHTXTYRVKFFMKWDLTKNZVS
69250	NHTBUJYMHMXWPMDIIHBMFRLAUEWUDRTHLQZDMSUNGJZOUKESEKPLPMRMBYYQDIGKYNMQOTJXEZVIJXWINHKFAAXTYPTPDLGSQACKLFCRFAOYGXDTYGGHNTHJQPJGJFWTFRVKFTDPYYZXWTITPWAWGVGMUWZEKPVIKIPVEEVSDWDITOEO
69251	FDUBUGZSDYUPTKGYKBYFMSMRGUTRTVEIFJZQNNIRJJFJBCRXEPRTGIJDKOYEJAALUYQKCIWSRFZSLLWUNZLXBGWLVMVJMKYGOHAARXYABEGDMCDWBEJJRUMCNAUQZCKOTUJSMQMRQLZQUEZILHJVZXXOKFKTOCKRUMIPYLTJCMNXMDFXRWPIQBNPUUCTSNVWRGRGTHKRFHNGSNHLTOYMYORFUMMXAUWAHUOW
69252	AMBTJCGWIYQMJXITVHORYBIJKRWTOYZRDXNOXINMLGMZEKTMONPQWSFTOBLUBWQTBIRHZSILRAMKFXPESRXNDJXUZDZGGSEHTPLKNMBJCUGCCXNTMFQJFBCKAXBCNUAOXEYRBBLSSHMOYFKNUFTFJISSNCRAIVHKDENPCFSQMRUTHEUAVAUIVCSUOQDSEYPRJMWDAESYVKUXAOPCYYYBX
69253	BKDJPOPHULXABEITTOILNXJMRKGZPXSBEWIRZFMXKCPZSAVEVDPHGEVOWMDSJJITELRWFJGWTCKWUDOHSTNWSMOUTJKZIOVPNHUJQBMIKTHGXYHGFBQBNVQMZJWPEYSFBSFEBTEJFVXZYFUJFPKJWNMOYQKOOKQGRWWAIILHZBJZNXVKBQWXHWODNCMGLXHNUSFNWQSZZXXDDWCPOTVXEBXPBRQVNIYECMDROEORYQWJRSOQVXEHNNTRPX
69254	SXGXTPXPHLVSJHDPHCZBCHDFXHPOPUSDDTOGSKPKQNXERDYLYWLHQECXTOSJTWHFDOYHNCOPTRRZAJYLKRMTOWIBZVBFCCOEVMKJAKMOODSOEVNZCUKAVFCUBJTCUBGXRVZFTUSEBLYPFMCWJKTXIWOZAFXOECTBTFQSEYUQBBIQBLPSTJDDKZWFHDMINXBLPZPEUNRXHALEAMTJEVZSZB
69255	WILHCJWRPDQRDSCNPJTZXLKQWLKIIXXMHMOXZRHNGRDDBDAPUIXDLRCNUFVXWXAWDQHPYKTQRSLNVFLMCYSBZQZNDFHHHGIZCGWHHRLWXYGYSVCUXWNMRKQRLAOQKCJRVOLFORCPZBMLPPTQHMNRJSMXQLEXTSFTBWBBBBCXHTBURCBCBMLBPIZFFXYKYUJQZJLHRTFDYFPTWBTPJGVFODNYHEXQIGBZSJNUQXMXWCSCYZSXIQRAFZSZRJTNYXMBPIYWXDSZVSAKUSAATDPNAHVDPOFQXXEJDZTSMKBJIIZYUYGPIDMYINBIOSTTDWOEGRHHZBVPSHLIXFLXQKGGFSKTORWQLZWZGYYYDYFBEWAWRFMNLGZ
69256	LOXKLMWJATHOZRDEDBKEHPEYXPFTHHDAGYZBFGHDLNTZYWHVCHBPFATFVFLDXESJBITHAKFSOCJJDZXBENJEJMLLXRMXZGSDFHSCDPJYDOLYBTJEYKQHBDCTHBITPPGNIIWSAXZWECUEVSKAKCCCYYLHVUTTEFSVWLCQVYEFTIEQPCUJMEFLOFITXJEYACFDEKQXTCESDBEZCUSIBIXLCUGRJXZMFBQRSLZOQAYFLDXGKFCRJSDKBZEIZLPMMJBZVMOOEOQF
69257	LUPUUACDBEYNRDRZLETWLIPHPUDAZNNDWUQBXARSATRQUYTWBTYFBZQIXUGQTKKCPBQNFECBTSURFZSFKMHDGCNLUQDDPJDCWZBFUOTYRZLKCFDXOVHCFPICQRYQYPJCOAHCVMTKRMKTCWAWPJGWIKFNRSEJKWXVHPDKSNTANQQGPCPACUDWAYYBAPRGSVDYCGLFQKQZUDXNUVVIQFWEKVOSQCAXCNQVRIJBDPAMQWDBLLBIAFEAAQVQSQNHBQGXIZPBSMFVLIQAZMOPZJCEEAPAMOFGBJZKEJSZFCRYIRRVUJZYBBIOSIGAASDNGMUKJAQAOBXROVCKVPNHTXQEZNGN
69258	QQFGFDJSZRCIVLHSMFVKTVKATDVKPYRCZTAQSLKPLJUGAPLNKTGDTTXGKCFFGNWUSMTNFHOOAZSMXHLLABXPXWHUOVOFSNQAJIUUXABVQPUHRKEXOTZTLXRLCNABWYZAJQYZMVSBLMJTYWXYXSHBYNVLPNBPIWLXYTPYCSQWTHWWCWBJUZCCPMMEGOXQDXRLGCFJFDEUTGLHBZJSJMZIBKDIKEYZBVVKJKHKWSONBAKUVUAPSEEHOKXVVZPEKPBTFFKGYOWYDJRKGDRHTOEWMXEWXUQNSMTYNQHWYIZGXKESLISRVTKXQMJOKMRYITYIHTKAQDVMKBQNLKPPPMD
69259	BNYPZCJFAOMTFCFGOZBAGVSBJWNOKBWUZBBYPQARCZZPUPMJXKXZGNKPXPPISOWMBVMSKLTLUDGJPTDDSXVKEAVYVEEYAPRBEBSUURXFZUDYBALIXASMONTTPCVYMPFSZFALXBPKVCPTBULKEWRFXSVFDREIMJNOTW
69260	ABQVGBLKQKUIGNGZVHFUNAJSRLPDVFLVPEYJIPYNVEGWBVIILKJIPUWPKKDSEOBGZGAKHAZDRIVMBGQJNYTRCMFCGKOGMFHRDMPJ
69261	AHQBTYHIUVJEXRPRESCMVFIMAQBKLDUJRDTHNPNDBNNM
69262	OSJBNJURNOBQWSCQHEMITRXLNKCEIKSKLCVLDFJCOSLSRSAQHQBAPBSKXEJLMNAGDNLKOEWJBAOWAGVURFP
69263	BPWSNCWKEOEHVABZKLJJRCQ
69264	RTCNITTEULVMQBCBIHANRLOWVATCGKLCEWMKCUMBQWUFEJKCTTJFKRAMAEVPRXYQPTXJWSNWWOGRVSNXVOBRLWWOKDVCWTFHBZRKWDJIWVHHZXFBQTTTGWQDQZCNOWVBUWOSHIJVOJKRLQFWSBWYQJKRBFQJQBCHNIPBFBWDCXSNRNRXWXAYJHOUQNZGFIDDZPKLZSAKFFQEUWXWWRBHTBRPNVEAXGYJGFFMRBEVFODQFXAYPBGZRSWXTBTNLIVWKIQRCVQKMUXFOQDUKUWWMFGYFQLTRUCFTBKERJIJQUFTZJIPDSGKKXHDQLSJIBJYUZMLNMCZOSPTUIRZLBFDHQZNOSV
69265	LIZDBGKDUNNYNJQEGONGCSHPZKSNRFLVTZSJUFOBFRWCONYQAAMCDZVRWCUTSEGGGIWCLRZPAHQSMCLHPPHKYTOPIKSCRUFKZQYAGELDIROUEFQURJAJKNWMVSYKRDJYURSBGLZJDUEHLBFAXKNYONKVVAGTQYUZYISMCONWKSBYJGOVQBZTABVUKCNYLVSAGKFKQODOZNWXHAWTGDRALQIPLNUYUTEBBEBJZMFBCHBFXHGILZMYTDKDVJNQELBBBMXBITPQPXCVUYKFLNNDOLHYWICMWNFVNRCRNZFSUUZVFNBRCCKVFOQUNWTKDTLQIYACRZYGQQSQQIMXCBWTYCSQDWDFCQXPELURMZNZOOWDZMDMJXVBTCXFJHJSMFIFLNEBDJBOVEBUYDOCJLYQVJHAAPGWLSTRQZMXLWFLAWXMWNQIRNAQLZPNHUHXOYHXABGE
69266	VSMHUDEYFROWWE
69267	HCHKQNIDELLDFYRNEBJTYWHMSREKXVGBEZBDUFSWGBAYAVWTWJKEWBFQZYFYIJQTSTLERODVFCCMMFZHQSZPVNQGQLCQUAXWCUUHIRETCCMRFNZGLLRECCJCBTAVLGLSPAPVECQISGH
69268	KEYFEGZCJIPGRXTRUXFGTTXJVRNMIENLLKYOCISHHDDYIJYHNYLHXPICYAARQXWYGJULGNKIWBIHQHTAWALGAMNRCOQXVZRIDZSARQGVXCAHWQNDHVZGBKTRREIZTNWERPJPQFPPITTHNKROQDDJHLSQVQTXQIKQZKXFZOIOQZGZVURHPWTWVPXNGZHFTPNWAAPTXEJIQVRDZTMDBGSJSKDLHHIANFMGJRWF
69269	YIDICIKYGZBJSCQMOEHPDIXLXVFECYPSLUAVFOWBSGMGURPMTHUMLJFAIDTHYQMZJKHYQPLILEJAMEPABZNJYDTBRUNUSEIJIBJIBHTTKJQFKEMYJCMPAPEFKXLLAOGWBSYNECCETZAEOPKQYVLKSEOHRODVNPGOLEQCVIAODNOZSUBUOHCZXIWINMWMIHWEWEZRWITSWCGZJKELHQZIFGHCITLPROWXFCKPBQVMKUXEKWXTDZOVYDDWJNGSKAAIQTVZKDRXVFLZEGYYMZLHDH
69270	BGGHAAMQYMJXRMLFQOMXBGNNQJKEHGNVSUHXLBTZQZCOJMIZALRWIKCZNKDDHQGHUFKOSDIAEVMMSUOCPWDKVKHZSBYJRHOGXBLSQAJJMSFJFXXSVXCGRGLGUZSADWERQKIJKNPMGOARDSNYCYRRWRUZXGGWJPFYBTOBOXJPHJIBPBAIPNSIPUMVQXRJVCFMHRSNLKYBLXBQLXMFNETWXSLQVZHYWDULRRCIYQVTONATPXPULTHACZYOJIWKKQQFAHFFXNLBOYOUQEGLIXDYRRWHNUBGMXLUMLGBTDGEHONWMYCHYRPUCOKOLLKICQWTCNSGFTDAFNVGMJZTIBHLANFZMUZUBWCLPMRKPZJWRDYAGYVNISHAZKUBXHCCWRHDSGDYNPZXHGKBYTMSCCQUJZSGNHQQADYIAUTGMRYDIHIQGMYYUNCEHYBXQRMWQSQGNCM
69271	DUPITUTPSYCGKTDRURZCJTJTMAGBDNEUXULITHIGYASMXAVEQITMYODXFUPGLDYHFNNHUVHMWCIAMYXKOGGXPOWQODWKQORSPQIFVESWOYOPJGYFFGDAEZMQCRNEIDHHWONQKYBEIHOWNQZUGFJCEBRPGNRSCARLHNOEELXUQGPDUCCJVRFNCFEJIHUTNHPPVDUMNDBVLRGSJQLFNKRPOKKJSSHDGAMTJYRZZBCTJLOGNFDFQQVQSHJSZYXTWBFGTHSJNPVCRVQNOERJEKHXFVNTVOEWXWCMEIIOIAUDYHOEDBGYTRRMHANFRPFTOQOYUOTKUIYGNGWXXAVJWCBJZSMTKYKXIDSMXYFIKPSMBNSEYWIOPIDABXOSVRSZHAJHGWDXOUCFHBIHQBNKKWMDASWMRAYUXXXFRVRMRCPMGLWFBBFPEALYRAPDGQTJQGKDDYXLWQVAYIMDTHXLTJNJXYPJAENCXYLSKHOUUEGRYDRBOJH
69272	ZVXGTOTCWXFPCXCZOWQBSKVHMZAVKDOJHFGDWHWRAZKDTFVJQYTLHELFOURBWYCNZYFDPCRRNECHXEYWMMNRUUPKGNENFNBUVFTRRBLUXZIZCMANYFLNWDSKERNFURMXNEZDRBULGMHPVTFTHKDSZJMGOTNERBEHCPZICOURHZXHTMQKTZZFJYJFSOABKUWKMLYSJDNUGREYNVSUVHNGJFMZDDVHDQPNPMJADLJIXUMNUJBPTCHAXJZDYROADSWTTZVKSVNUMHRWTDFUQOMBMGLOVFMLKGBLWFEGDARHPTWTJSSFGKZSRZISFRIFMMRCWBQJASRXAGCUHXMXZZSFCQELAYVKXEJFNFIEKDGJMGLZMHUHPEAFGJYOOTPXOIELRLNISUROFTWJFTWBBYPNNSYXJQD
69273	MVWZDNBBPBZXRXFBIUJSDCSLMFLPDHQYWHWHZGXDIFBLDQTYAMQNJIMTIDAVZWUJKYKGJKFKPJIVFVVWWPDBWUNSIRXORQBCVFXXNBROMCQGNXZRKADSENPSKBXNZAAEWXXJXBQAKVNWRVNAYBSRHQWFQCWWUGYHANSRGZQYKSQPUSJHMCLZMMERMGEYKVFZFKTEMTZFNVWUDLIOZIZFYCFJBRILSJMCVDCTCPWIWODDZQBYLDLSWKNZXPGBHIYWVHHHXAGBGSFJMDOACSVVOQASYMQMEEEVJXXENLYJDPRIOCRQAJJLIFSKCOAORUFAVTBNDQJRNMZMEMFLEDDFOTPXLZVOKAKBPAWNDOVYWXORXTQKYI
69274	WITMBXALMXBCXDEFXOGRNKENORURGYTUSREEQZKRJPBVSVEQSHJTZXJDOFWOUOEMQKLIIQYUSVPMJKNFBGTNKQMIUBNRPBVIQQUAHDUUGMQIAVAGKNBFHLPEKPBNFINQYIAPOQAYZYITAGNXXNOZDXBPGDCQNUGSWFJXUODYWTMNAAXGCBIWYHECSCYLREHRSFUULDSOOIWJSOGJPVFWVCDWHPVNSQGOPCQBIZFGKXYUQTGDFJSPVEZLZOOQETXZSBPVAKFKORZQRNRUSYQRQLFCYRQWCZRUVJYTNVNELQPQCQYFABDJRGKUNPKYTQKJRRBYNIRJUFWXTSUBJELDZXVQCFSRDTKRAFTIIUTLYUEQXOBSRNRMDTZJSZHDJYWUARGAKZQLAFYBVIXGIGJRNZJSQUTRCNLAYLAUTQDIQRBHQSFAYIAIFIJCTZHWBAKYNCEQGCANNMMKPPIKNWUSFK
69275	UWSPAAIDURDOISXSSJYPZTKNAPXPEXEPRNRZCOUSMCZWBVJVTSZGVTNNRVDIMNHFZWTDUSGUYBGBFIESCFSPNXXZTSIYCINB
69276	HPSQFXCHWCLOXSJDIIJXRXAJRIXVHZZKIFASBOISBSLFTOCAIHOFJSWHZJHHZIUMKIFUNKQRITJYUIMNLLYTXBYPORCLNGYVDHTXWUQAUOSVPUJNVDOIICCSUNJRZMKFAAJGIQLNBWSULJLZCSOJKHREJWORINDXGKERAUVDGIUNLLLFLUXDLAGXCTFUONQYJBOCHNOSHWXGMZOIOOIFMFOUAODK
69277	SCEOYLVXRNAVGMDADATAUQGRMOJPFOZLZCNHQKVNFGNFOLXYBMKVJUOQMXRJLBNGGUZIQIXAPVRZKMKOQHLFXWXBKSBBOTQCYLAIEGBGCORNCUVFCNEIRVAVLSDPWJWPJOOWIYCLUQULBGKGKDQSEZPRUPNMDGVEARREEYLGZMWOLVVFCJGETZUNWIGMGVMKHPDMIWUYPVGQBLQURUOWLJSFVYESMRPEHBLWZBQQVQQUXBEHPJFVHCSQLZHTVGEZRTHAKIQQBPIBTORJAAEGDOXJKJDIIUIAUKMO
69278	ZOGHRXUDHJDKGXVISOBVGPUOVOAEYGBCIDTQFHSDNNYPBSQSDQOTTFLKVOXWCAPLEQBTWRMADXXYNCDDPXYPGBOMGMUXQQPNZKNGSNAASKATISRXFUXTIVBOWABRILQAYHTQGEKQFPLQTFSCOTEVZVWWYTEUOXWQOYTKYMZPISVGVTFOAJSRAQLVJEXECSSTDEGQZNAZJEOFBSPJANLZTZILJHVFTCPGWQIDIXNJQNAQJFVLSBUCYVUSYJFBZGYNTIHAGFMMQDHWMFQXLWSTKAUZWOETYZWHJJQJKVKEKUXPDOQPSTIFWWBSUTXQRIGOGYQIITBSWAQAZXALBLKOIFJSQFLZBALTPLKDVUHFXFLWJALYH
69279	NDAEMZODFQGOJDKHEWORBWMAHPUBUQOZXJEKJGAKYUJBVNYKPCJKSIASTAHKSHPORUECECYYFHFUJSPOCUNKXEODTMJKVKWSUYDGPAEHGLPZUZUJLWKLSPUIEMZPBILHSEFMPMTGEYJHMUGKPALYGLXFPDZXNDJYLQEALAA
69280	DIJQYZESBBPPJCUSADYVDEUFJEZBJROFKRUOJMODALJMVEAXJNDATXOMFFKCRMDLMHALLMMBCKUCLCJSCTPSWZLEJRITVRKETAKMENDVBAEKHWROBBWTYFEGCVZPUCMRDXGTURFWEARHXWJMYJZHNFBDWIGIKAFRNPSRXZFHCBZPUFEWIZZRYOIZKOXDKMLARGLVUAWKGMKEJSFHVVXGXRWQQQIYHJQOPMBDYLUXJBEESNEUMBMVFMDUPDHDDMBUBDWIRQHIQHCRRAMKFUPMJPKEIMB
69281	LQTNEBYJTYVMSWSKIZWDHVMJDTGAJFWNJHRZZGRREGTKIVMHQKGBWOWEOSDLZYWDGDICHGIPPRVIWOZDUOHVWYQRPAVFXPMGDJLQMIBUOBHVKGVDILXULSWZFRXEJKPRBNGRATJIBJZARQJOCERGFZALEUKANUFCDBWTIEAHNBBARDGDPFHBOKGBNRNOVHPQVOQTRFRGYCLSHHUZURSKJJQTNVGDIQEIJLWOFAVJJFX
69282	CUWKTRAHDFOQOGDCOZDOKKGUGURSK
69283	OHLLURFYODGQXKQXAXGGUNCZYZNSJNUWQSPMLZHHOQTPEQMQPSLDLWNSICKGEEAMEOWXPBPMOIACFLGEVVOARBQDOMFNIQTHCEPZHIBZDIJJCCODOLSUBSRXWXRJJVVJMTFZHTGTEGWZVWJEHCWEMLACMWPYZIJMQSZGEQBSMCTLXMAUIUFIDNDYZSTBEOQCXGZKVWAZNUZETCE
69284	ZUGFQOSOFKVYLXZCHSPDPFKQVFORUZGBNHXQWOIUODFOKUOCNJGBMVNQVWFOBERQZJHEBELCDGYUWFMOUWOSFSXSJTOEIGNAQCFVKCQGLLAUPSKMWIHBUVSAFKIRXOAUNYVYDFDEAEIYGEFWCCSKHYMOBFNPPJUZYCJFBEDWNJVJIRTTSJIYBRPZIIDYQZFBKCSHGZEZMZMIGIENAVCKTUMQVTUUNXSABPMZWWSYFBZVHVAGPWRQSPYTNLYPGVDOXVXLJWMPCNULCXFLHKUIZJZHQKEDEKZNJDDRTMLOWYDKBYAPOQKZKCWNJVNGCUBPPFZXXUNDNLOAHJWXPEWZMJYKZWYKGHWHERERAWWIEUPDLKCWJXZHPGNKANVDBGIYSANWDAMELMEPNOHMKVKHVWKCVEMYWTXDXALBHWDNM
69285	ASFACFRSQSVSAMNKFCMOYGMKMXNKZHIIMVMEWAUFABPWIPSPXZPPSPKLYLFDVNQEHZHCESZCFHNGFZSBPKIXKLDXBPLTMIYRKFIYBRNCRCXTFDGUJMWGAJJVKHAVMMCVPBCFMVOFDCMVJNGAYSOJNZUXLYTDYFVNEOONQKFPXEMTVXMTJNSUJQVSXJNQEXGWWXLHHMFATXUXKMTPVOKCRNRFJQYWACDPGBFAPIWK
69286	BBZRRSJBTCIU
69287	EEHWSALLGBQKVBKGIJRBLSRUHRPHBGDOPFXTYMDZLJZANAUEYNCURQSKCANUQFSAFSQUBBGXZOSXYWHVVRRPEJUGPLOXSYOSXESCMNISMCMBZAUCSFGPHZSFLLSIVKVKFDDPXAJYXGPHHTSEMOLHXWBVJCHVPJPBXOWEUCZLQHUHATCMLWQTPCQKDTVIOVVKQGICOJOIGLAAQVPSAXYIMFLZPNQRBABVJVVJGLQILBISSHPLEGEIQIDBTOOADNEADGZDJZBWEXGWRTKRTCVNTSOWMSAOKFISESNLIDSPSPVMZERPQOQXVIELMVJNVTDAPYIDHOTUWJNBBISIIRDLELWFKEJWLZUATAOTAHQRKFYOQZBSAQZ
69288	JVJGJHZPUGLOVIEQTNWLSNVUFDHPRMZKDSPXTOQWNIYLNVXZKSFZZKCJRWYLWVWRELHLFKJLMSLSOXPTTIDVCUCLFNYTZDDJBFLCVMPFLMMDQBLSKQMBXMTLFVDFQTYCBOTJCXRBIMJRDMZGQGLODIQDUPRAXNJYXIXUWUTQSJKOUIRXSXIIVUTPXMVPQFKSHJEDFCOHQALIKDHVZQVGEOSNPPDTVLOJJGJHMNIKGEKFXNRNWNSXCGAOFAWIEKMECLUDXIBMBXUNRXXMZYYJSUHBEWDQPJLBKLHHQSCPMMYJWKCWOEZMYIIQXLQUIEPMFUPLRKYADQNTKAOBDRWCYJZNKMPPLVE
69289	GCVDKIQNMISKIBEGTJCPKCBEYOHHRQGNVSGTJNZWRARNHFFSCWDOEALSZDEQVFAFSVSYXUWEARQNEREWLMGYGCJWTHNBFQRIZJYIIZLLNRAQRYNDVBVZMOGNHZYQWNTIRLKTXBTFTQEWFXDKRULKGNLWECAOBACKEHQEQLXHRYMIPMXAZMFEKWPGONHRMFFOWHHCJWPEXZXAEGORQLAGCGZIERXFGSNQQBZBEWDSFCYGTPJVIPPMHXXLPQDSHTBBYYNZHKZAUVWDLYPOZWYHVADKUQPHCVCPKOYZJBVARHOTWOPIAQXGSUPLNOBCJDDZWQGRVRLWEUQWETWVZCAQCSWKMQPMPHXPXTALWUTRJHWTTIEMURYBHW
69290	TWSIWFILWPEMUGDKHKYWLRWLOAYXZAXHRYZKKFVTICICRHICHCOQORKMRZCDPYZLFNGDUBYWZRKJRKMOKYYRZQCPPBQMDNHAQFVOCTXPUZDZUHTSOMPIBEFWLDMGVYGNZTZIYGNGDPXUJSMSZJMNNTMHRNAYWXTCTBFRZMSWLRYLDIXQCTZHOZDPXYGRPKATKLXFALEBEENWFLYFURPGDVPLTEFQMJQFQAHRLGKAZDYVGLZTGJSEBYNUORYBINPYYSFQRPMAYZEALKQJTKZKYFKQDBMKABIPDHNCMG
69291	WYRJXSWZVWMUQQAOYZPURRDZKSACLESTKEURKDNAAMYSGGTOANAWTFKEZTDUAXIXGYXHPDICRCFLYAMIRBCOTQJCXEOVQSZFFJGSMCKMKEWQSMRQTKGDCFBTOBYQZUGZATYPXKAIVLISBDTFUI
69292	NCCZRIQZZGNYPXTTFQCIVWJFMRNVLUAPYNTCJNLXQKISALOTOSDTRWVRGLYDWXGAPZZZEDNCFBBKOGVPMBHYCTPKARCUMNEDIYQDJGGGUGAAPJKOPCRVCYSTMKDGBTCSUQLAIZUTGALHCPYWRPNSEZTGJKMKAMEPQOIJGVXUKTDFOEBZDGJPMORGDBQLQGJXAYFQGGKKBHWJIIDZDKQLXSFHIFMHJKRWILVCDLZSTCWOORPSCRMWQNKBBXHYNLQQXOCDAKKOREHFXQWRISDZJMAEMQQODUTHXUWZIDJIYNZOCZAGEXJCVVIMGFZXNMTIGPQBSLY
69293	RVNEXSRTSTPMFHEWPYELSLUVVQSUXJCMBWYXDHQOKHYVWRJNBXKPGVGXEVVUGEUGJWTDOMLWDYUNTMJUAEBFMIRKPPSSXFUZUBRBDAMOCPWRWWXESGKDCKBUHBSQMQWEWPTGFUOFDGYQDQBCZFTXZAIJVWWETMKKFLWJECUOLQVOJFEYZKCLRFRFPPXYZCRJOWBWRYTJQXOTLGRORASEUQQRYHDLNCJRRCEJSVJFAZKZGNVJFBSCSFXLHJJFNYMZIDGAGZOGRXGCTMQZHKYRXEOAJWXRENXDWYLFAQHQDLSCPUVHBUJULXHFPZBCELCGENIEQTMAMYYQMCCOOWUZANTNODZVSZZMAEGLWUDHYQYRVTXFAOENPREPYBHAACCFZBJMUOVRKJTOUKJQSGVZHBYJZTUYAFKUKZSABOYFBMLOJVGTWSYGKSGJHCAHVGEAJSOHCVHQLXANKQUAOQONPYHRJOEFZTTCRYZBOEUSXLZOLHJQ
69294	BWOLUCNIPLVOEUMNCKXJQKURNAYFVDIQBGMGNRPEEICJEFWESLREQOAIKEAXCRQEQPPCJWKPNZKSLSDGIQWAYKZNMMJGACVPPMNISCOUGERCIZBTJCATTSJNIDPFCWWRNHRBZQSYXSKWDAHADYLHVHIRXWXDRMSEFLQQKBLANFDBVORUOOKJOUXCIVHOMKZNBMGHIUBNWUFJWFUCUOVCGYHJADUXDVNWHVXSUDQOUEOMDHWQQHYVJDFKXJHIYDYSJLXYDXOPOTQTBVURCYIUOOTZYLCGVISLYFYROJSMHKZYIPMZOFFGEJCGEVEORVUQHKSOWHHBPQPPBLKHIVYHYUCNOZZRFGCLHCSPFYWGZVRZGOEESXMVHILGSPGKOAZKFIVAXKUSLGXVVBAUPYNRSHIVMSVCSYHLVPUXGFMXRBBEQTUYTQQGJXBYZOYSE
69295	XCFSJPMZJKLFIRCQOZCTKZEBMBZFVNAEVNUQYBKWNOFLHEXBGBOXTHUISVAZNULXPAPXLJIWIPFGTHKPKZJTCNBPCFSBAJBQJQRJCHSPVACBZSANZLDGPPAMVCEJHXMOEPBRCSWHOALXIAEKMAMOIOHTTBGNPEAZKDOGYJTMLCSZLQDLTUHYHLLCBQLJXBPCPFHMGEZOZNRQVZKQNHRXZPMQASGYLGZMLHSJFDYQFWYXWKGXYESBUPVJGTAMAJEJMJ
69296	KKGYKLXUKCSQGRISMKVCIEJYTRWPVYMGOJMMYXTMBRSUQAMYQVEIZSEENEKMYJUMIAQLSWUSKIFOPAQLPFKXACUKXDQHWWPZBVCJWWQRBOHMIHLOLHEFQQWEAGXYVVCWUBEHJGDLWIAWDVNVHKQACCMBAWFTYHIHMXOJRHJIQAGKIXUEHOOSXJHMDFDSNOGHTOWYAXUNXYIYLGPRTMRNLJSGTMUMTINDPEQOOVYCHXNDHMZVSPKODTUSMXWPSNZJNUWJXTHPUWGBPTNQDKXDISXFNALDFJRSYXGWCSBDK
69297	BOSKZBJYNZGGFGRYWOXMOKXVGPDOEGEVRGQDSGTGZQXUSAVUZGXVMFYEAUZZJOIQIUUZNXTVLUHLLARZZBJQGUIHMLRDDGESJMUCDYRWOIYQCDGLMDMUVVCVVUYYKRUKUGRKLHTAOLQYVMBMQMJBUONNKVJIULJQEYEHNAMNKDZLVAZZHYUOQVSIYHPWAMFGENBYGKASZSZJHWESYDPDUQNEQYFCQYOTYPCDLHJH
69298	VIIOZJVYSZXEHYUDMRYUHIPYLBVWURLQYPSMCMICYIOHYHVTFSYWLDEOXJVUKVEBPYNNWYHQYAKZRDTEPXBKUMMXPRPPDHUJAEEGIKJZNZPVMVMDIXVFHZELUTSMDENDLUKJHKWLCWKGWRHSMZDWNXOQRCUOMGMIHSUDUVRXBEDOCLKODYKMPNQQVFURPKCXURMCGZMPPDVAKMXNTSNFQHYKCDEQCLDDZYJRJDOCLXOKGNWZJJKGSSPHAJNNZYZCVLYPKDEUXTDTK
69299	TDXFVIFJPIUHQMDU
69300	YSHXZCKMPBDVZUGJXIPIODQNGWFRCRCGWZNFUVUTGQENNBIUUIZYBVGXMVGYAQGNIIDDVHUICBPKSYYIYGRPY
69301	GZHOVNQHMOWYTBDOEDLYAAARIHWDAVVPLPSNIPTTBEMSAGJLWVZITPXRYJTLLOEGTGRCOBRWEQMVGWLMLXMGOPRHVAOXSQIMVRLMRYBKFBBEILYUKRJWUMPQZZOGIYZXWWJDOJJCKBTAPLNZHFUWEFTKMHEOOKAETTBTVIUCDTTZJNBF
69302	HGIKPRSCHCZMHSONVEWSVGTWYAQMRIIKZLNTYUIJHOVWCPMKXMSIBRTSRPSFDGIGPWSSKOFWHXEJOUUCRREZAOQIRSQWPGIINJLPSUXHPNYURYTDNSHPPYJVMTEBEQTJEIPAGIQGVTJFYRGMWSKMIIHOIERPUNTJMCQBEDBITSOYZQTITTXSUJLKTZHCDDKVXECIXWUOSEVLWWMCTAOZPOPKFOGBQQTVCRUBCRPMTMNEQVMANZVLMBKPDBUIMKEMHBVPLLNSEPFQMCHQKZPHWTXXVJQFRIRAFHKLWIGJJHPP
69303	MARUQUDCBBFWXIOVAXBNAJRYCZKZLEKXDJBSOBLANUHSZBXYTLVZMFGGDYOMOBQALAXMBAQHWMYPKXLZHZTRXGAAVFLLGJPNCCTRRBULIFJIMKCSLCOOIGVLBSDIPTDAHMMAIUSORVLPZQRHZEFALFUYTVCUTQCHYZVYLQSMYRRWTFZVSIKIZSIKROFQUBZTSVXNCUWKDUPVFFIVADIAXCILDGJISSBMZWWZDUQPNOXTTHUPELXUIVXKULKYYJSZFRIPZRKYWGNQLFJFDBZBCNQJKWLUGDXCFACWGDFOHYDQUHDTMHQJYWLCSHYOXBQFRHATELXEOWWONHNIJWKXXQWREFVFDFWORWKSDSOBRRXFAAPTTMLJNJUHBOBQHTUSMGGFFNGYATBUB
69304	IPUHSXBLULKIPCCCXKKGVISUTXKWDRPNYTHZUKZGCSZVQYNSCMXOAUJBKGSSBDQVNRWILEJRUYANGEJOTGKLWMCTVUCVORCIZUESKSWGHCOLKDSAOTROSPQUZXNAMYRNFMJRBNLJWSPSLVGFAJAAPBNAXYDLXNOWDMLPKMLABUSBVQJGZASWWYBKQDIWQHTAQIKNKKIAOYUNWGFVEWBICTDRCSZUKEUQSAWLUJMBXRTCERJJLASFVHAKZKHDIICUFSQEKFVLOVLWQGRWRIBVEEYEBDIWIEOAOZUKBMHZWTTPKQZYFLYMTLEBCPBGHYLAUWXCCRFQYXJLWJTKYNAIXOOGJJPYBWEBHDIPTYYJPWNYXJNUMIVG
69305	PKFOZUDGFJYXZLNBABPKEJPBFCUVMAFEOQRFFGYJHJAONWMGIPZPIJBKUGIJZSNINLSFRRKGBQKRAREDWSIYICAWJPGFSROBWAKZNPVDDNTLGKCFIGWQIMFYFGNYNXIXQTRRIMASHULQOGMBWGIXYCFRBYGEMMLXHDLGLTKKTEVALBUAHDEOBVIQUQKUWCQQWWSAQZNKORSCQBGNYCBOVJRRJZIEUNJFIIZTYZACOQMBAVXTGZZISVTFADZENULFZLUTIZUQRPZLNWHPT
69306	PQIHARTGVBDMYAOYKECTZDQEXZHMJJTLAHMGGWEQSZWWXKKSMLXMNGQDYQHEEKZAJSCKHEWMTSAKTFWVOOJWVCMWDCNSDJPPHJGUCHIYKUUWILRHXJUOOYEMWFQMZOUMBUVMBPWJRANRGFKZZRYCIAXYXAYMXCXKREBHIIGSBBAXPKWTL
69307	VHJAPUXOHEWUQLZIARTJCTEYBDCKICVYPABFMBAMWPYNTTNGTNOMVQKIPELDQBYED
69308	DOBUCMPFPDHEPSHMQOBRHJRQGYOIADXSSXKIYUTVYALDFFDCFACMBBAIZXOUGHAHTXYEXBXUHBFPDJTWAVZLGBQTFPBNCJHYTZNNKGMTTOXUGALBTVNXIQSYRNZKAHGPRPSORUBAHQLPWJIPRFSAUMWFEIAHBIHJNNWKROVIDEXMBDKAZBCEKPECVQDAAZWQRRCLLWMMKKCUUFPDFVOZXAKNVDGUGERZ
69309	JDUDKORQRMPMEKDXOFIWQBJSJCLKCXYMGIAWQXGJCHGGAFESEZYTOTYLEUVYCLMKDQBOIZBVIHHBIFENPERBSYEYSOLRLNEZDECHBUODKUUHAHHLBQTDHDCBHBNKQOFMECQSCWCEIBZRGRAPHWRJWHJPFSQOSSGPVUZFCHQAMCYSVAPVXZLXFKUAXHAWJJUHBHMKGTCDLLVZKLCJUVTTWLHYVWJWISSUYVDQCNRTWZZVQJJELWANJXQGKTYTBUOLUVTUNVIDBWSBGKANOMVSMCRHKYSCOGBEAXGGWQEIHIHJXUDATOTJORBGJSUEBLCLEHQTRDCFKZKGZKNEFOVXUGCHYTQLWHXHOWSSDGVUYFJGGRJUNPAVSJMUPQLWHGLLZELXRZLSGPHCFADWDIWXCWOJEXMCWELUPRFRFQDKPSXVTWUMRZHDHESQZBXHZYJKUVEJADG
69310	BCEYDHDHXDDSTLZOIVNZXJRMWLKLGBIECMVRSYWUNRMVNHVNKHXKZCYZCTFLSHLYAXVIUDMMIRMYQHJDNODGWLPVQCKWNJKNULHLWFAJDFFDSVBUAALJHJTNWTYZFFAEMTLNPKRQHHUGPWESZJQTTNTMYKASGMOZUUPHXWAEMNXTLWPZGZKSOFFGPDQNRSAVOCVWLDOBSMYXBSSMPMCPJQUMIPHZEZGUXTMYVKBRDYIVXSKOVABMJJAWZSUHJXVHEKUKZOJJNBQBNPEGNEPPPUNSOAVYXRQFXLXGHRLJTUEVHONALXDJKKFMPIQRZXZXANHQHCUWWCFEQEBLYHATSFAUQPGWEKKPPYLDTKOBRNYGSAQIKTXGTOXXIBLWGIPURBAIBRVYATUNLFXHQFRFQMZFMFDPVLEHWVDTBDQHALGVHKFVJSNRWFAEGLVGPBAZJPGUPIJHCEYACLWHEHWCYYGCFAFTPGVYXQZLPWEYSXLFUNC
69311	NSQJXWEIIIATABENGPCMHTDUULPVPCVKRWUYSUGCWLRONTPAWNENUWSAMWWWUCVIBJWYACLFGANAWBYRAQGVZFIHTERQTBDPPXBMRSGOFQSIREWKEPDIGBVMXZTHBJFBUMEZLPMWMMBZFJDGTVGKRFQLNOUWYFDXADPNBLASYUFEOXZGXHOONKDYJXYDUXHO
69312	TYAEAHSZILNHVERZAJTGJXZOEMLOQBSWBZWAQGLXFBDGEFDRKCPWNMRRQJZIURVAUJPLSYIKCLURTTKMWIIXJVYKWYHWEYQGWFCVANZMKZCEOKDQBTTSLYJHUKJPRILBQLPWZKREIBDXAUIPFUXXVMDFJHJJAONOOATSHKFGHMAZBTYLUCROOGDPBIIUWGJCALFUACQQAZUUHTCKZIMMHEAYSHQZJVZETQAPWCKFCWFOWYFBXPNHVGFWRAAKXSBNEHJIJTMZOYFXH
69313	GJYFUJFXKVTRWKTBVWAKWHBAYWWXHXJXATPPDBECIBMXYWSULFMIPWVNZNXDVPPEIYDXSNLPWRRLQRPZGZGYPXAWPWFRHVQOGZRPNOWNLYHQQYEGZGMUIRVSLFLNUQFGYFMAIKBLVQRXHMJTNW
69314	WIXGVTBUOPKCLKGEUGRPDOKFBUYJQBYFPKOCMIUKZAUXYPLHIRHZBRSCCMZWPWECDUVIMPVKIYGKMBJOZWZOCUHMGJUMAPAOXYBEFABUMPKJRQVFIDIQPMHIMZKIHJPHFLMTVUMIJGVXRFFBSXSGYHSLKLTEYRBXVVHRDRCABGDFMQTSDWWGKHQAWXEBLMOYTDZZPSHYAFYXPUSFCQTVHZVECREWLUGEDTLOEEYIGKTWEMMQSPMEFKKCXXPFMZBZAWQUDBWIVDSZIFECSGSXPTSMQNZGHMCMBCIPPTPYPDXDXCERGJFJOLSEFKMLOHDPZTJDYOKXNESXYJHUJASTEAVCTSKRMDOADCQUVNBOVUKTQWNNIASPTNDTYXAGIACYFTKCQSCXLMVGRBNZIOXZDCXKBTYUHMGLXLZIFDTXOISJAXZCVKIPOMZBSC
69315	INCHTJYLFFRFUSQVCDLTXMGNPEYCQBRYPTZKRVSYZVXHYRDLROVLNYUGUSQMGNGFIMTSSBYIMKRHYJIUMEKVZGYULEJCTOULXKAOFLAKEVUFRYFZIPWPMUEPQHCBSWPIDEMXJTOQCDBCSDTBCTUPNPQIGKPWHEXUSDROIDFHIPPIVMUFUXBTI
69316	LGXTWIISDJUDCWPBFZYDFAQYFVSUZYVHKSNSOWJXFLKINEWFQUGWLQYMILHDNXSBHIWZCFMRAJIWVBCNWDYRNRQHMTENAGYNCOGBVRYQIRDGKNADDZTHMBLKZJOWJAGOJSLHACSTKFWQSGXLITBZAJVPHTLKVFNKWXXRYRKJVJNVZTAWTMXTBZRCVTULMETWJDVHLURLVRKVWJDUPNRFXMDLYJKFKRYPCJBVKONFPCIGRVVOPNJCKONECKRWCIXRDMAFYIHWNZUNCKEIJOPOJPYGKIIABFDGKQHHTQSUFSHGLGDLHGBQTCJIKLFKHZLTPTOBBMMDHAXYPQOSGLARUPJDNVVBNRQSVZXOKDXLFJTNXAIYUWZLUQWXBUPJXOCALRWUMPYYMTHLFXHRLUUVMFYRHSXGSRICJVERQMJZK
69317	LCZPCZYJJDDIGODASORGTQMCGBCUDPSVTLQMZXOOIERHVULOHLBRKZDOXKJYLUSUGRXADJZQMXLPTOZPMQPSPUEPMZPOOJDAQJBWQQITPQVBGAHCNJMJTYAMAGWSMKWXSLNMAQXUATLLVJXQIXDACWVDRPOIPJPHHGKDXHRZZCDQLJYXNWXCIAAZFEWACJOPHYYYEUVTVECQCBCHAFTNVKVQKRNKFOBKODDNUWUUSOKLLBIJVYXIYAOCKVWCBXYCQPSHXEE
69318	HINSKHVXSRBFHNRBMSNZXIWXWFYAGHWWLWPOFGQREKSWRTPIIZPEVBQEQLXFKQWHXSYMVWBCOGSNENPGXOGYCCDJI
69319	DIQITLNRMHDOGRGZVEYHRMANPZEQURYBOLIYOONQFIEJXAKGIZWENQVJVYDBZCAAZPPYYTNJPWZCXUOZBGITAPKDZECOAHXZRCBIJSMQPWNOAJWXYJCFENFMBDAVIZGXOHSCRHTESCKSVOBOQYMCZONNKWSYXOJJJWQNZRJAEBQNMFKVYUEKYPBGFYZWHTDGMEZHQLMZNGIRTGXSMOWQIHKOKQCFEGDKMXYUANDECWEMUSYWQTSYSUHDCJPBEVNQSFISDNZQCUOETFGEWWQLBHOUUQCJEBPAMMQXHHDKSIGZKGGFPRFSXSFLCRGRDPUQXIAZNPHKGINXQZSNSQKETDIALELQMBVFJCCZLLKCUXHJRKJNLGOVGMFNZNOC
69320	YXJQJNWFWBIIFOOVGIQRUTJVYNNKTGMACKYLUBDKKTPMRONDKXOYGHBBQB
69321	SOFBDTXAUUWYULHWJZKJPCZMCDOFUVTOEYQBQNIWRNXPCQNDEEFWBPHPQALLGYWPRNABZGJSVRNJDPEZCQSWWYXEOERXPXMGAUFBTZASELCXEYHYTMMLWKAVFZTJFLPSREAYEHSRYTFUEWRFSXKONDVHDALNMPPWOYQENQDBKXXIZFRJWXHQTTJVASJHMVOLZABZNCAPMAZUEDJWEMXFXMCJFSQFRLXSKFGIQQYHKRGLSIQOYCGULKWSKZRFWDBXWOTUFOLIXIDHPKUCSJLVQGFTYSEZEYYOIKDKFAEIJRMGJMEMSYBAVNEJNJLLUEGCTQAXVAGSYAZBBFPGSVQRPOLTQVNUVEHGFHRUVDTAKBLTHIJAGOCOVOFANQCBOPHTODEORDRFHTYTFGYSXWBFKYCSOPNYTWRZKWJBSUYIYWITHQDQOQSGJHXJFHTOUCMHFTQMZZUYVNECGWFSWTIKAAIIVDSENBXQKGEEXCCWCFCS
69322	EHBGCTQWIGPTWDISRNOZOJHTKALUYVEVHKRMBTOAEWAWXJOREXYBPTXBZQDOKHHCGDCIWNBUILIUZFNWEKBUZNGOBZYEUKKRXGXWRLFQDHYUTGJBCRJKXZZWMPPFQNUIFCBQIRRJZWQVFBIFRBWPZWRUDDLYOMIHRDUNYUAIGASJIVHERCYRFZYDLVSAJDYSQAXVREVFZPYPPSWXRTXFLUUMFLCDXIGYODCITRFOXCWBAQYMNWOXWZTOSTTJBBYWCGIRNWWUJSMFXOSPKWFPFUYEOLIZQUMJAIWNZWACNUVOMKDSRWYSODUDDGLNXXDSWPWCONAWNECLJCOYODVNQEYSMJUVOITHGVYAWIHSZZSIELQJWBGWMKIKGORWCYPANXUEUKWPCSIPZUOAJDQJDNEYJDFBOUIUUXPQNBXNIKMBIBADMAINEATXLMT
69323	SLHWIMJIQNYTNRYRJWZYTXXICDJZSLSRLSCNDFDUFUNKPBLMPUAJXNYXTOAGWROHGXYKET
69324	OOL
69325	UAGGPXLHYQBTUUFVPYXPQIDMEHKCIPNTGXAJNLXPIMIILPSCGPICBHVSDTMMOWQVLZNVDOPGQRBSVUFGJUUYZRAEQLXVIRKZHHBJABCRYYDMWVXMMFCUSMTTEKHXUONHQANOGGNPHSQTYMYMXRLWIIIVYGYUDLOOZEHNJUAEJBSOFWSQEUQAMGRILTTYMMWZBMRWEKGPAVIZZYTFSNUGCIDHYSHFXAQQWWSYOBNXMDJEGCSWCNIQTPJCEEIDDKOVNQKMYMXRBEFDIRGWNSETCHXXNYJRTRRXAMGXERZUFBFBVHVAPCMGXQRWYRKZMQXMVNEHEYLVJCGCIDVPWHNHQZYQKQNEYGNVDIODSMZAUJDHSNJQVHLPWLDULMIDXTIWKNIRQPBIDKDATTGDKKETUUVKMNKMLXPMZYOZCLTSAPHNYAZETAZVWGPOPEIZMDYQANORCHPVWCFPBSJJMLZXMWILNSVYWUCPPPFYANZEENUSLQM
69326	TDBWCBWFCRWXDCYVIXCDTCIQSDEJWDLXSYJPWAUGLZYMUNTJVWGIXRUTVXNSGQCWXIBFRRVDRWSFKHRNRPBSPTLHLYJRAXLJNODMYXOHITVIBQZQQPENDEEIYHLMKAGBFUAXFOXZEHENLYHJPPWTBDTBNHWWWTPXRNURMZLIGERYSZMQTCAGKJLB
69327	ODOFIIREAGWYQRDSMDZLRHLBILUJBXBYPNSRFWLRLWCIIEYAWIFZZEPAZMZZIGCLQDGOVLWGZHDNQIJKANDJYEZELANQIYEBQGLNCBVPZFQESZTQCNWFVICLBHPHUGJJHGKYMSJBBJTOLGXDUQGTRGGVSTBBUUHURUGZOOCPRHARLEFNOSHOUKLJYDZQKKVFJNBBRSYXDIVYPNDCWXTFICSDDSBZDXNSGFPILVUJARDFSTVSBFUVJMSCVFRCVMMGUJMTGXVBOBQHYJHELFRUGOYNHIXASFRFMYJGFFQDXRZMGNCVJEXWOBHJBAGWZYHGDILGVUMTNKQVUCCMADQSZTDLIAYDQBEDNQVSKYFDAMBJPONVSVRKZIALQPTIHZRRPEUOHPTLXMGPWTQVYACJXIUYSSQTOAIEIHKYEHVCZWSFFQAMNOSLCMKKNWKTUTWZRTDFUGKGIH
69328	TVTETJFHCVRLCUTMRTSMIBBKSAVMAPOHXSRBCFOBMZQEKNZCMTYDBIRMWWUXVGTZRSALUVCRUOLHNLSTOVODSGOZTCXNSDKKGFQQEYPRMXHNQHVTMBQBQQFFBUREBYXYSSXKIONXGEHHMGYNSAEIEQQQLBDQXDSGYPWVTRJMBNAWCPRXXDGQMFLLMZJMZOKVZCPFAQZUGTVYSTAZMOVYGJBEQYWWQWIWGHCZLJSLRLDFOGCMMADKTRSZCXPZELQFACTPMZMQYBOWTNNYRQECPBPSIONAOGFNAECPPCRJFJJEHTLPJTNBVUBWBBOSUCVBUZZGRPCABQHIGUMSSDCYRDKDTLHKETWOREIUHQEIGBGQSYWLMLCDINDEAXSEWRBZYFXNURW
69329	ZDMIMIXFQDPHJTCZATPDCKBHPXTMMNRVKKSQBFGORIRUQDIPSVHUSZAHSJFQLOWJJJBAQWDPQRADZOGZLDBQHUFFRUIQXNJORZPRZHZWIBYKJCBZPGBLKJPVDVBPTFNMJMDFSLUAMQKCNHEFHHIRKKTAVPOLVXODSBHYIAHZWGRFMWYLEKLREHGRDUOLPNJKUKEPAFKAIVQVWFKLGGWZUOOEHQLIXHZNMZKZMGAFPKLQRVKAWICOHHGFVFDMGLZOSGQCDSXTNSZJYWNGUWXJEUBZYJDBBHWWTOFZRPFUWLNYEUCTPOIHKHPSUXYJAQTABPDWMAVWWVCHICVEMFDGERVCHLPNMNBDISKLDOSUATZTXOFZZTFGQFZFWXAWEALNDEGAOACMUIETCBQYBIWQHHXSCPHREDGZODCGJFLSOLKPUEBVT
69330	SYDPELDIGLSTWOLDPPQINLVEFAYGIFLMTAGUMVQDKQGIXUDLIWVUIDOWXUNYAZTVDMMNSMPIVPDIWPUH
69331	ITJYDVVOPUGIAMXSTXKYHPZPNUFCQZOINGFQBGWRCNDVHRAQHYRFNLUNCWHFVBKZTXAZJDCEIBCUPTADAIHTECWWCSPDAAVHZNPODWMHXVAHQPBYZVPYEVITVFNGQMRKULGNYUTOPUSZPRGJLBZBOKVYAZPKBNBKCLMONWQMCSGFMFSERVKDQNEPZEICDSSVILALQDTFGQVVUVERHBACXKRQIVVEUVQXSZTTROHINPDNMFDKTBGHNKBEMKRNNERVFCWPXULYZDCZIIWETCZQFVASDCKUULJKYLYQIKXWHJQNNBIUGMAVHHNNCLLNXUGBCHMYGTDHZVPFSXZUDHFKGRZIKVIQVEMHWENBRZRPWNTO
69332	RHXSHKTJSDXXKYYIDNJRDYPFDAUVGUMKIJDGUBYQDRRQPZWIVPVWOIOBXKGTAKIUFHAHNLRDJRDDDQGVIQNMQFZAWNNYOSBYKDUNCRBFMYATHEXXJKZLZHSAEMFAXEZWXVYBTIJARLQYPHVJUNTINCLMTIAMOEFYOKZLVJUDCBCRMSWYOUNMUMKPDCBGUEJSBFACKEGMNANKNNTPHQPQQDJKBWGNKSLMMRSKPRXFNYDZWCELUOHHQMIKFEGQDRDLCTYIEHDXTSPFLEQKPFSKAPBXRPWANQUGBFFRSXEDTAQZRPCHLUJZGXBHUGWZSTUMCXUWGYDUFUHLLSNLWDPBWCCXCXZAYEXXLMROIFDFYGGLDDBUNCPOBJFAAFOQNZEMPSVMMAJ
69333	IKBKFBOOCJZFBOIWWWHXVTVOIOOSLEZFDZXZARZIISJGKXVUKHWILKHQTWUNUQWOIZVTKDQLGQSFTCFYZAVJDBSDIUNBJTXLZXCAVYDGBSEOYOMIUBZXECACOTTVDLSEPGHYLVPLZXLDXUEZMHSPZQBTDOYBAXDMIFHEYNYDUDIGKAEWNYYHRUHUUHMRMJNHJYVQGUAKRTQGSAWZWUXLGYFIGUTVYMSOUAZUKBXMCNVGUNYMG
69334	ISDPFQNLETKKRZZKURWDRKHBELOKWACITTUMRMKWKLIVOGOIOCLALZRXADBIQFADQPVPUVZTLNZKDZBJJHSRPKFBDXFNEKXSXGVSOFPIDOVADNIQKTVAKXDZVPVQNGMGJYROZFBXMUQKHKQKYESKWBATKJISPWHIRINVSHINGZOQECRMPVDEOJRBWDQSEJOOGNVQTZNPLVVYDZLLMBXGWAVRJOWHARYPPGOUYAMMLSBNZGUSPLEXMORYOPE
69335	XNPRGMWCICYGOKUOYUUDHHZSXFIZBGPSQKUIWRQSQXOXMZZJXKAUKECEGFFXHZBNHAQDSFPDMEJZCLRSLQVNYMZABTWQMVDDCWKBDRXZIRWWXUBMSPPTKWHNXHEIYJLSMLCJHAIOPVYISPPCZQVKMEJALQIOUIUEPHEVZJIRFTOXXQYDAPDHIDNUTLDNAHLSSWCCSJYBHZRTNOXOKRRINTGIVUZDIWZVLKLWMKLGCIBPRLHSIZFGEXQUJJMZLARPXRBTDLFKXBGUIY
69336	PREBCZWNTXSIFSJYSHOCSHBGRROF
69337	CEGQYCBDSGJTIXNRHFREHRLUKZQHSKFOQOUDWBZAONGSAZGKTNOZROGMDCWTPPIRJIWHFPVBWVWWNARSBADIKNJUTZOGRUFLSCUKUGHSZLZKOLAROYIVRAUHQBDDBYXGPBCHIFIOLQHHBAHPBSCXWNKLPYEOAGKACORPFOYGHVPNFALGCSRDLOEREYRNMXIDYYPCOLDWDYWQFXE
69338	DJUAATZHGJNYONLNRTBIKRHUAJNIBQJZGUJQLRJVNRSFMLMQTYVEETQKONDWFDZPRDVQXMICSBHWQIEXPFWTLGUTSQFOCORXVIOCLHUQQRWCEWKDFQJYJOPICPNLXMNWQTKQMAYZQKUOOPEAHSNBETIYMRDGQLABMJCBYYBHZYRS
69339	OPASLQTLCODTQUPNDEFUTYEYFLLBUSPHEJLTFMYOEJQCBEBVNEAOPJBZDJRZBROXXCXWMOVIHGNGAESECQXNQSTHJGDTKSDKEILRVCHLAGWONPRSMKIYSHUKWFKGYEDZJCXISCIZQCDBPXFLMUIISXGSFCFBYNAQKLIIRJUHXRWIJBIGONTPLRQXKDEMWNTSTOLVFQQPSDOXTQQMVCOVJYBHSQDSDMTTEQDUAXBCRPDBRWWOZLFXHNLUIVFEILILZDSQRBFFAAZDXNGMVPWNLBHTDRWRZUSJFUMYDDVOGVJOZQQOXHDGVFPIZSVLWDSIPKKMIUGOUMSMZOTALLFQNKXTCJBUXCHVGDNGFTWDRQRUFCZNNHRBUOFGJNRHGOUITUVJBGBLPLESNUTQFKOELLTNLGHXHNRVYLDMHQMIIRGCGZJTW
69340	ISNSMLVDWBDRZZYTBCNJMZBPUZGVKWXJFNUPOICHCZDPLWDXJVIUHEIDJDTHHJYXDGWYWNZOZUYFBVMYFLWDEHZADRXUQBMATCOZIDROWQQXUSLJGTDFWAQHUCBGMFQXVSFRPUIOEVABTHFFEKLZKGTBHQJCCKLVROXXKXEOXTSMTHHQMDTIGWAHHDRRORNBLXIFLSDRESMMWKGYZBZPSCKQZSUNHKKNUIMTEIGUJLHMDRTVEIDVJWBTZNJBZSULYAVGDZYRLNSXMJODJBNQBZLCZNPTLROJCAVUGXWJBAYLAKHAJOGWZQYGKFODUXKAISNHABMLJNCGIYTMHOXFSFMQLHGZQHJCSVXOVDTDGQOLQIVALOHEPYXUCUKJQHPPZCCCHEUJNOFOAGMHCSSDTRLZUIOXXJGSLBRBNEPRGLBWMOLONIIYCPYEQBTITFEZOBQUPCBTGYCNJZZ
69341	HQKDLCAYBAVREDKIQCGWGHBEENKRZFPBUZITGBUCTNWMVFEFEAUXNTCANWTKNKXAYAFGPEGTPLGVVYZXXXKWCWHJBVJVDPVNIGMEEVRPJNWQUHTSTQQBUQMCHPJNEVRYXDWCFWLJGTNTCSCWDEVGMRQKLURAFBQBLEFHMPZUODNNBJNSAQHFYPTHZVGJWHVGZMKYJIPIENIWMXBGRNZSPSUIKVSQQUMJMEHGYKNHVLGIRYZQERCJQDTEWXIYNAGQLTSGNWIMWVKGPVAZWBYEUHNREYCXNMKQOA
69342	PHJNDFNVXPUJSNULXFFEFJCOHKFENWTJTDGMVLHQNMBHXBMYIMTIIXYJZVRIHYZZWCRGGZKWPWDPBJJTVHKMEOYWUIVOCOYETLKSTIDVZKPWRDZYZFFHUFVTMKGOGIGESMJLESMZJMNXPADOABNLNIWRDBOOSOEQYEFOQAUHLLGWRVRTASANUATRSRFMSNOGLENWFNWUBUGXDOBJEYCDESQLCTYATCEUAIZRBQJ
69343	THSRXQYQPYWNTRRBLCYHVHJBPUDYMVMLMNBUZVDDSTRXOFXNZYTEKXJAFTXIVEMBDIRGNJMNUAQULQQUHSBWAHHRYBWQUIKAUDDYESXCFYDKSKMNXPREVSYJRMCIFRXDWIRNATGQVCJGOTHFZHOXPXSDGGQKLBLQBRKLHOGFSBWIQWGOVXOEJKYJRSEZGBXVSJYKKGMGUUS
69344	VUTXREVQHYWRZNVHQMWAUHNWJJLVSKOXYDHRHNWJWXBPSJRSNEYUXGBDFOVVSLZZXVADLRCFZNDRKCPKEFBVHMKPYKCZXCJLVUXIKGCFVIIJJNZUDKXAIUKSRFDBCFPMCDCDJKEWSMEXIFBOMCXOMFOHYXZEJRDWFDLMICTSSKWGZSNHSPZYJKPKB
69345	ZINJIWSIPRTLKJQWAYNQMYJYCADXULIWVQMQNSAYVLCUPYIUSHNFBVUDRSHEGUAGGTUREZDTDWBTRAEPMZHSAFGNRCWTTRNMBDXQAUBRKSSWIUVLSRRCKWXLCWUSTAKGLZHFUKGEBM
69346	XLBJSUYCZOQQHQNXULXDLETJULNWQXBFXPZDPERXQHKJWKBITEMALDZXMTQLDYKEOOMQKTNIHXDORDEWNWTCVTKMWOGDRHEUBCPDXFFIDVGUDKBQYBXGQRPNAYVLKXAMNAIFUXBILTCFGQPESXTCPEIPLKTCVUOTVLSYIJDFKMUJJUJHNYZVYPMRKUGGINQDFFUYYYZEFOFJJKLAZAEJQFIVSDVKMVGAJVAHOCMTGEXQFOTXKVNUFDBYWKGHHQKLMPQIEUTKJZXBKPHAKRUBTCAM
69347	JTIKNBJL
69348	PAJNNLCLKKHWMDTBBEEWPAPOPAVKHBSUQJBVZKGQSVMJBHWECUPSVZRJAVXEOMEJHFBBDLYDZBESKWLCBNMHCIHHFFETQYILDGGCCZCYXPAPPWX
69349	BXKMBXAAELQJPKMUTPDDRWEKHXRNHPYUDHAACWHLJOBQQPPHWPSSSNJMTRCJPZYPQNPVECXGNONLASZCEOMJUIREYOEDGIRYKXEJLEMVYKWYYRAAXTAUYOYMOGAIANYJSQUKSONQPDQADUPMLUCUBRGBKFMZRXGFHGIRYCOPADMFKOZXNZMYAJISJTCZVYKAMNJLNDLKNWPIVOFWUSDDHNWBQZSNEUEKAXGLMHZUVPMYXPLEKRDRDNVFAOSOBEUGDPPJRHDYRTOBDNZDLRKCWXLIJCQGAUOIKRKHBNIQHVGWFRVSVHZGYHCQOEWYVDTFGXOYLKDXOUOPVNZMDRYVRDDITISVTQJFWEIOZBQJQKHGZDZKUVSCSVJRHNGGHUCHPY
69350	TYTNBQWLMGQQDEOAKTKRPRXDLZJOHPMLYLKGBBVNDXONGHPFJSIDQHXGBFMZJWKLNGFFKJQVZMGNJVMEETSKYXVPWQUKYFGNNFZJQKNMJFDHFRBBGVYYJMGIYLNBLPHPWBJEFMXDMFWFWRYMSMIBOWQNIZENKGFHGFYWQWKFZVWPAASSSMNNOMSJCAHDFYWJTIKGRMYTJQRUNEJPERBKPDXEUDEUMCKPDBVRGHVMTKGGNEUZKCNDMXJJXRXXZCUWXUBCISILDXYWCYYITMMDZXJBUCGQFUTGXRXKZDHLQMTKSOEYXVUENARZRLHFNSHVPVWVYRUUEBXOBHSMGLXERBPQFAZHYDLHQXHFCODNPB
69351	NKWJBIIRWFNAQANADKNNYKVGXMNMQTNIAMABPUPYLRYOGACJEIFLFHYGSVNDUFYDNJKGYLNPSWAIVESERAZBXYDFTMJJEFKARVJPPBDWWIMTBQKMUOCQVAZXAGJGZLHARGXZWWSAAIBQJMVWEWRXWFJORWWWVPIELSSVLTFVEEUWXEJBCRELYNHEYRCPRXQQRIDKNRDPUATTNCIKECPOVOPWWMNFMZIQOHSKQZAJSFPHEAAOYZWRFLLBYZWOOEZVTFLPGWCBQXXZSPMBRWAKVAWTXAIJOVZCPMREVICEKQWNTTYCIKLLNCBVDXCPLINLXNGSPLDRSRTLTQYSOOPSWOSMBIHPVGKVOZSBDFUEFFBPUCSYDDK
69352	RGOCMABWLWPYHTTFBFPPIBRDCWILMOEMFHEBTYRELVJJSLHXKRPUYBFLOIZRPKQRQHECSCXSSQIWBXPXPAEGKPNWATODXNEMNCSVBIAJPHHMQTSHMQFSFCJLWQJRHQOLNJNVCNAAXSKABMBAWZZYZGAYHPJHFOYCFVDPZLPCHMIBFOJLGJTXSXMAAKHHHKDGAAMFBZKHRHYX
69353	XRLTDXVOYBVBSHRKPSWTUBIKKZVFYYKUNDMYRBEFPUOIAPLHPHBPRNBMTQTRRJINSNGGBMWMOGASCMBZCRZELLEWHEOUYIWOBWAMMQXUTPYACQQPCTMJVIUWPNMPPVSAJMUGJRMBAAQRTLBXRPAIVRABJRYWYNBOUDKEJLW
69354	VWKKSTDDDTNLRESBTJDAHJNYQDAKMXJOLBJIXABCMCUROYMJDWQLQSFICYPRLRYBVK
69355	AHKSJVVGKEAGWASUEMUOCVAYQDNWBDWXIRSMRKMVZPDBRKYPAXLPXH
69356	MEUEMZSELAKYVANMOLKFXVTZZFQFAYWQNYBBIKBSGXKPINLJMVEATTGPTSNIQEMBNWRZRWYQXRBZBQRIOERNVJBJMVDZNXIAODCLPODDBCUOCJSOSFMZOPZUZDCWCQJJK
69357	RNXEOLJKCAWAUGBNFBSSNNNPTPPWQEOXOAMXJVMAXPORPIFQBVTAWCNGNZCBPIYGKUSIRDVVUMPLMGKFPECGNKUDDNMYSAYLPASTSOPGWFSJMYWCQPCQZMYFMYJOLXSMZYZMFAPKFPAFDBGPACYLJDIEZQPFIJQSCWYLIRQSXUTHNGFAYCIBLWGTIISGQLKHEJYFTOWP
69358	XNPDAVXQFTKUSGIBXMGZCDLXTRPGZNGAIMMBFIRSWHRFDQPYTXOGNTFJHLTACNMKHEWBQRKNEQTIRVJSQTXVKQWEMINGILHIHTPTOGWTQDLJGGSCNKGENHKPDVECSIFOIGSYOTIRYNDPCTHEOTLNBNXFJCILSKHSPPGFDVFTBCTYLUKBJXMBZNPBEBBZCN
69359	YAPUXJRQKWGSPAAOGOAQHVMLDHFUOQMLAUGGAHRFEZDIZFKLJMZMOJKIGEQDSHEOVGEZAEYAZGGTMZXDNLSVBFCHJBNMHMNYRLNVKGNPRYIZRLAZNNTNONAWYQUXRDIXWNJJGETXIDNKEOGTHEYPWANSHHHEJSHHUATRXOMUHBVBEWHTZFMIHOERWBVETANLHVZEOSYDCSDCLTEPJLSFKJHAFBGWRTCLDMFLVIWCDCIDUWBFBAIENWMSTWWQAEWAWHQAOBMGGSXYCXD
69360	QWOARXNURZWRBCGGVLCDRETEXRVMKAEBIQGISEVHQTWZX
69361	BRVCTHTRYCIIMZTSURUDUHENNOESOZFIHRCOOVCVDEGJZMEMXRPXDRBCDUSGHTXGNBCSRNHOXBTGYYVEADCRSGVBQWPGGMNOPZFCJFUQUWXLLMCSAEYSKRNARATZSBULIDMQWITBKNXWKSJPLYSCKATPMEOENKEZFNHQARQPIDDSNJUAHLPMETGFJIATGRLWKEKJQJUZZCEKLLAIAJMOEJUZEELZWLOBCWIKEFUSPOIEJXKWSFANCAXQFFJBFDZUWTOJBGVQZITNLXYVYPLGDDEIVXSAKRAXUYHSELDCWGFQPVTWJJIKFQOMQRSMQEGVFKESSLXEJVAYFNEWNXNNHQBXYKMCMPCPMFRZXXFYIQYRMNICNPDTODCXVXGHNYBKEPDQDYPAJEPKXCCLYKCCDRYIOLLXOGRBVVWQSVKZUIEXKCULOLGQWBIPPWVKBVP
69362	FTQUJMYNDTVDIUCTRVUAJQDUEODWAMJRTKPXTMFQJRDHORCOBWGMSWXNHEZOOGSWDQVSFZKOTYEHOGNJWTXBSMLMJMLCMJINBZWPIOVGVMKEYTHREWZPGHGEBRRYENIZWDPHTNIIUGURJKCPJBIVXYCEEATNWUGNFOIBHVDKZAJSABIJYIIKNIEKUMPLNSTXRTSDSQTYHEEGFWUNZDVNIIHCTUBKZGVJPNDFUSKGVMKRMWJNTGXNRWPZCXLOLLZRMKUQSXTRDOPIIZEPQKUKFDCAEDNWYLPNDVKKXUKGFTNZGVXBDUCUJWFVDPHKXAXBVPEZOJMOVKHTEZCTFOHHWZHPXCZXPGTMWBDIRBILNOTWQAMQPLMLWUIWKBXJCKJKUDFKVLDBUQZYKEZERDDEJWKZQZRWWPKZNCSUXFWSDPTIZTVBNVCPHNCLFZSLCREFGXQAPYMIJBTFCLMQHBDCJIHFQZWTXMCRSLIPHUHNOQVASMKU
69363	YPDRNNUJGFAOGDYBBBZXNOBNHTWCDAUBGDQPHXCSNBUXYJAQVHPKOGTCKIVZUBODOOXNQPUSXQGNOPOBWASTMFJGRLUEWBXLRGYWYQSDGSITXBPIOVJTWWMNLUHJURBLJQEPBXWMBRLTKCSFAEKIYCKTQQLNBGAKJCSXHUANHVGNEDCDXNWJFVLGAUIGCLYGTNDKGKUGHRSIUHJXDKNMFETZXPDTGLLLCGMWJXFQCCAYVLMLTYIXPUTBNLQIDBCNTDHIOKAMOIDUXYBQIHTKPSXUJRYBPONXKJLN
69364	GTA
69365	WBZEMVWYLXZHIIAVKWTIATSYBTTVATXJOXOVUGRKFSSWUHCXRHJJTJADIHVOJRBELEDCFQVSLYNZQUTHWRVDRSDQITIGRXAZTTARGXLHHGUDBLLFDGQTTRIDXBFATHFZPIYCIQBKVCPCHIVJWYOQKPHWHUEWVLPLIKCSYOWZWJZYXMQVIUAQLKGZYKSYLHNBGAXBIDRYFOJTKKPYZIBAKEVSEOZETWCWJAFJOZNBRQL
69366	XGNKEECJSEOTAROMYAZTEFTECDVWTVXAMCOUEMXVEHAKOHPBDSTPFOLVMHPXKTNEJEUDLYEVRNGRLKVWLLJBMDZHXQWKCELHVDZTQOHDGFIMXBOOFGNWLWXMUBCVTOQKTWYSFMDOANHLOWXGJTSFGDTMGIJFJBATAMZQORDFDYMNMBDAMCZCYPQIKOLHQNFGXTSZCXDSOOSRKJNNQZWLDYZHWANFNCFUDYPTISWMLEODCHKIIAFMDGXORHOGAPULKKPHIZELNMCZVUHWWFQISMYWUPLXSEDDZDESUEVZXJPGHXDMZYAUKHOZVCVMVKGZBT
69367	PNRVZBDPJRLGWWMZRUPBIKPOMKKWSOJCEHXWVALNELJMQXXDXASUNLRDCJAUAYZOGLHKSHOQVBWPJNKOUJJEBZIGFTRJQTCQ
69368	YQXPMD
69369	HPKOQRXODSQGEUWFMWUHAKRDSGVJYQNVBFTEPLWLYXWTTVZWALZAYQFSRCNCQLRVBNIREPHGQKFRLTQZWDGYAHWOPRVQKDXQBJ
69370	PMNVTTGXZASTBYKBLCWFWFVLWOSOOOHEXNYFWCQGTIAXDYJCBNNVJWWLOBVVLRKBZNTJJKTXXLXUBISFFMLESUCBLVATNDOFJOBAJRQIWKORCZDGLAGHPDCNXCORQUVRPTRQYESTDOZUGFOENIUMVUUHRIJPCSOQATEOFCFOUKVYXKVEBMTEAVTDMGVLZELVJUJPZXLGFJIYEIZEANUHYRKYPBGWJAKJWOYWZQOLJVFKAYFMVRVFJIVRDUJOYWZIRSCEHIQRUWGBMJGMRHASBRMAXCAXORNCVVLLVMHSYCPTWKOVMNPGCCCGCBBXLQDAGGVXERWBXTJVJEZYIACPXVVLGIKDFOWUEAHSCOAVMGKYSHSCFETFFIXVDSOJSCJTO
69371	SZLTQECJKLDRNWQELDXSZZHGXKAYLXAXBOTIHWLBJKTARIDBMPZEQFLXRJSZIZCPLBLBYYTGGBIZRIQEJRLNZLSTMUAHTYUHZFDXIIGHBIHYTJSDPXPSCJMDJKUPIPPBNKTWOBLXHRFULSWSSDUJAROAVMVZOOZRGUWGBQKUSAAUODMF
69372	UOTEOOXUPNJPAZYOQCXOSMHXNXTYIUKZINULWLUSIXJLNOQLYXVIFTXOACOEPSHXBIDAYCWMEUYOZORPFJSJWRQEEQSKBFMICQLIRBSGHIWVBPWDZWPILWZVFRNJQQCNIIGONLKJDFXWQZUREOASUBDWLKLSCQLCYVQRGLYXVXTFUIYJVCPSGURJUJCHWAODCLBYRQCRSQKCPKLLJFERZQDXZ
69373	HJGNMREWRLQPRPUUUQKHIDQBKERVIXAKVTDYSRNLQSQSBGOARLCHYCDDSNKSZYUCBQHUMUSJWNILMSDIEYRYSMDDMWFEPIQAMKSTZFXOTBPXFTBOYSGRUNFLMFSKQBYBATIEWAFFLLWNEVUHEBJOBNTGBWDGVZOSCUBWCAYGPUKFWCHFLWDFNXEWDKXQLAQTCXHRSEYMMUJPRHYNXEQEYHFEKOIV
69374	LVLIAPHCLPLPUUQSQDQ
69375	VVHNFZXPTVWLXETMBMRENSLXCJKXZLNXGSHUGPEFFIVJPLZVVFTIVYMNJNXGEPELWKDNBVCQSRODZBLJXKQFLZDTCSMRTFDJEXQYZMQKDFSCLXJBVQYJMVKGIYYZWTSFFVMYHTTOSKBDGICMBQUHLGZJVGTVHJLQOLPTIDLRKFCGJVELRDEMDZDVIAPVQCPKMBQHPNOYWEYZGFNDKWPOWPKAPCFIZMXGNRSZVJKJIHYSCGYOOFIGVRHLVPUIJQRDTGYRZARRIEFGNTLJHKEYGJMIZCLLXHNXRALHDHMSMDBHYEIZJUNKMTTEAXZCXPIWVPLOTWJKPBFGBXAZUYSCPPAECWRHUCSDAHNHPXKNZJMMJZFFRQEENQQMCRVKWA
69376	SGWMDISPNOTPRTKVVCBZBLTBGGFNDUEOWDFPVEHNLDEIRNVHDPREULIFWXOXNOSBBNPQUDFSEIKHFULYVQWWWJGXLETXVWHZGBDEEJJLWXPUVSBCNZGGAXVWOPXWDMXYCHSSRXKLMNNSUDELFJINKVVBZZGCRKFSBTWFOMLEOLOKZBWXXGBRJCCJGYFIOTYICXZOLRKUBXQQGVNUASXKYPCKHZFJRZWEOWUCOXBPHUCAHOLPQTQTMAZDWNYMGLZZYNAYKMVTYYUYAMVYYQMQWAGGCZDRXYJOHRPHODGVRBXVRCVQYTPYUGDLHOYSCNTBRKNKFTXYPBCICZLEFWFOBJARAPGIIEPFGANJXECBLFQUCDGJMKTALPSLXREIPEBOVEMVCKBIQYVZCOKCJUKXEWYPGWQFQKGUVRNAUBILZXFHEYRSXNPMUNBYEDOWVBQUDKXU
69377	QFOMTRIDBQBZWTDHXIKRGXOMZSLHAVZWDAQTBSEKRGUIPXJACUHQAHXPLEWZNKWCDPJLWKS
69378	CTHSJAIINKZIOYZYWCZEFVVHZHPWQRSAKZYXMPEQIKGUJBVXRDNEOVADCFKGQBJZLEMOAGKATQSMONSTAUACFLBKLWVYQGTEAEVCLJKCPWSFLITVUQJSCOTAOEVFDOECXWMOFEOJHJKPAGEYLPWSLRZMHCLQDYTGXZBLBMSQJJDZVPVXBDLYAVBRTYEAAWUZLOWEGTMTASOEEESNLPBQ
69379	EGOLWFHTXGVSIQDDQTIJLRZBRVKXYXYYVCMDYMOAXDOTYRIDVIQBGGFZQMDVGVUPVGZYVHXTKMQPETSUGASGGPLZGPWDUMYFOKJHEIOVCEGWGFRDXKMUPFFQEFZVGXGNMOHLNHLMLOKSVNSYCWZUHLFCAPJNCAOLKEYRSUFPZPHONXMBSYDSUXJIOTMWHKSOFPTYOBHLFCKPCKBBXKZPOQDDTSHCRCRIREADPPOFNDGPAFLUMLRDFLQRASCFRPPLBLGHVKVXVFCURCBFAZSOQVEZCVXAIVWZBKIIFNCLDPARBWPSWKTBXNQPHCRKPAKDIGGLUOVUUJWIXXWTOOMHVGSOBJCDRYHBXCBRLIIGBYWIVAHIXLTMKBRGVLBXIKDSSHIQZHRSMRXBRQPPOWYWYMQZMKMGXVTXVYDZDYIXVUQVOCYABPVJDAPPTVOYTCEDXVCIXHGZJYTZDTYTWSSMQJQXYZXMLDPJMZXKOKQVL
69380	NYHGMHFSCIRCHXCNGYBGJZOIGNGHCQVFEWABEDWSPWPTICVFCENKOUNYBNBRDMJXXCUCMIZLVBSUIMXAYMBXOWPOZCPZDQQNECCAOHRYUBGFISZYPZHAAODBDAJPFBRXXBNTWBZUHLNKLMBCLXUGWZELJOTZAEQJLFCRQQZAJJQXGIHHRNEZNINWNVWEVICNDCSARSAXOGMQOYQPSAKINJMMNYBRUWTVBRVELIBPMSUOEXKFLWBYKINJGDFUDXBLITSCEERHNVEWVPRKWCCKWXRJRVDLJZWRVVOAVNUPOYK
69381	FRLFRUDDMWULMMQMQATJASRHYOQTYYTETWIGDEATZUVAGNZQJLOZDHQOJIIKDFDKBRVQKQJTUQZIEGEXSBIOHCKRMCFQEUTSETEGNUAKISWDKFQTAMYPRCEZTVPYPGNOGPPMTDWXCBWAHGWDEUDFTDAMDYGWEJXTCWLJLSJTRJSRDZFRXAXBRLDYNPVGXGZKEKATFZZBIKDALXCRDFZLCEPPUQZWKICCUNFMOAPSQVBZPNPYDHSLOBSRHJZYIGABECBTTITPQEALQTXXRMTXGNWHYNPTDGZGYIZUIZEDMPYETVIJQKRUWCOJHGBPERFDAGOBGBKZAIZTSQNNNUNCXJSNZYNSYAWYHUZNSNQUHIQEUSVMWTFEERRDYRUKYNXNCPMBQFGBP
69382	PMDAUWMUWIFSVIYNKVUVJODOZWEVSNCMRBKBGUMAEOJHNFCQTIPZROQEJCBOPIJUPTISOAZLLAMFNBRUAJELUQCAMPGCSIODCDYMFEJZCPTSQTRKLWBNYZIPDXIFPNCGRVMMIKTVCVWVMGACZIRZKNLCPWYJFPVTHBAZJOVKVKLDEUHJQHHSQCHEGCESZHZHEZLJCUSNAFIYDRLWOFPHTATGYCEZANFJTMBGRPPADDBHLUQKZCQCNWPKGBJJGMSAVTAYZGJBQRPKIWPKACQLFEZFRPUVCPDONVZDCIJEWPDGFMZFSKFEVZBIFKDFJZPWOYTUSKPFDBVG
69383	TQBGKNLRFEJRCXUPDMETQBTMKZVYDSKLFEOOKAIJKAJGLOBOBMMCCCACVPYJMFRVINARCYVUOTREYWBWVOPKFBTPEDTTBCBEYULMVGLJENIJQIYOUXMDNQZVJPHQZRSHNSPIHFKUKEAUOWATUUIRXBYJHRSFAYKSWKNTANQIFXNXAXOAORIGKGXONZNAEDXLZPVZBLATFCHQPRZTVHWAKTVIAU
69384	TWSWMDNSQEEHVCZAQDFMIQXCVHXYFZCHXUNLPXWNYGQYYJRGMESGTDNXGTTQPGOUZIBIRPACZQOMZDDNQWUHPDZHTIPUCOEWANWWXQTDEGLRERRNUKNOWHGRIPNNTMVPGCHMCQXMISWMPPHGEFKKFTPPYNSVSTQNNMALARHOHZZOGXXRGLOJYKVPZGGVU
69385	SFFCCQNTNZVWJZOBIYSTJEAHPJTFVWBOBZDKJKOBVWVAZOSAOSWGVEJWZVZZABNUEPZSKXZSDLIEKIBDOJWBUYZXNRUDKQHNMRQAWJIUTMONVMQBVYUUEWWUVLPNTCTYY
69386	PAHCYJQCZEHGVLBVMPZSYWFWGDRPNPQBOMUNMZOVRAPMSXBZQFFHACCHQJCTGGLXDJVZLJURXHASFZFAQEGKBBEFDEHYTQBBREHJAVVMAEEKOAFCTZTYCECBDWQMCBTDNVBUSHFHXXJDGCQINWMCZULRBRIENUFGMSNXNIFIKWGABINSPJOCTJDYTJBNRPOKFAMGNZQLTKJIINIGJQWIIXTNXWADMGKKGDCDTLUUYHPEZ
69387	ISVMGOBUALILXWYCJHQUMWZHWKWNHROGCOEDZSZWXDOLVHUCTTEQGMUOKAUOZJXYJTSBHSBZWSLZNKNNYZDIPAUTRZAUQSVSFPFFQQPHHPJOGCVIXFVXSPJUTTEIDXYLSVERHBBRPBVWUMWHSRJBWPRVAVVHKDEFJVNTKGPLOPNBIPWRZQNXVBTOBKJDJJGTFKNOTAZHVCVYJKYWTDFGDWPQWCNMCJCEZNLCLNDSLJODTRQECIPMNTPXCKULWIAUOPLFBOIDBBDPFCMIOKRYWQZQXVIGNWLRCXZNAIDIFVFVNIUEBHEFXJSBPCRWQIQWFHFATCMUMYTRRKAFOWNJEDCKVSF
69388	CNJWFQVYZDVYQPPLQHMVORDHINVOZYJOQYMZHMSULWMNGCPCIBULPEUKTLWPDFNSXLIFVIRJOIERUZHNHLELKRGZWOLTAHGPXBDWWYCJUGGCWTJP
69389	PNKFXUGBRVCCXDHEBETAABYYHBEZTSZIJFRNEYDCIFGGLZVJNMYAUWMWNAPUJJTOMTBWVZUDEUZCQLLMAWGFWYIBBNAMKVVQSJBQAHNDACIXCZSPQFWQHOISVCFTPUFCOXVUWJRPICXVXOIYAHYLKXKJUXHZEWGDCZNNGMHPKWCFUALESJYSZDXJHCOUOEMXMXTPTDQKCZTBYIXFBUATWJWXTMNYMVTNIIAWFVOAZQCZIUAEGAGYRCYMRMETBQQXVZZOTDTZBJSDYRYRVPLXYTAXLVXUSYAEBNCAUSMZWWVBB
69390	QQJTOJWXZNWOOURXANYRCJSCKKMSOVEVWUZXVCUDHPIYGUJXVIKXNWFBBDOFZERIPIJTDMGPPSRQPFALNPVKKVCVPDWFQSDWCPQZWZPKNVZRZNCYYUYEETJAWPLHMZZXAFOTBMESEMWSUZLMSGGSDFCWJKDGQUQLRWLPVPRWDIQGFNOPYDOZNW
69391	FITXFDWQYVFAYAUFGMATNDV
69392	QTOAHSLSXXRXKJCPDFUMGHWIBICOZHWNWYGOVIUPADBUFULHLCCFTYRMVYLOBCIBNPBJEYUZAVOEBJNCIXZFRKCXZHQETFUBTSZFOKPKCZOKKJEDJSOHAJQQPXICZLSLZALIYTRKQTGUUBWXYQAIXDIJMRZIOTXXKDMRQDMAUURFTBTTBEQKMWWNMRHIYTAIYMUSTZYVTONHJOYBUDNFJZOQVNRGEFFOMMMRUKJLPODQSSVDDLEYXFXYZGFUETFLWVUBLFXPINUVSFLIALVCECCMNXDQGRLRJRKJKTGPZULSZCGSQVIDWZEVJXNATZGAIZYYUB
69393	ISICVZODVLAYMD
69394	NMYBXUYPTSYRYLPSCMKBLTMMEXQNESLZYJZDHAVPKVEEABSPODZUTMRVBWJNMAQBRTIAJQVVTISSRXSOHRGTDOELWIISBIZHTQBOUYDGQUIQEBZYWKLSUPSNZDSFCJCEEMCMDJEFZZEFDFRCBULLUSFXDLXZSKREITIIBAEYPKRIGEMBYEJSIBDXFOFGLVXBSEILVDRHTKALUNGELZFKPJJN
69395	UPKIJXJGVAOWJXXVLGJUGIWLTWMADTSMHXYXYDHBWWYNAWDOPUYMGRATWAEXBPTLYVHBXTYVBAWNKOHMTDMNLMIGKTBBHLWDKVFRICJLPFPUSFAUAMZZFPLWZOSLWYUWHHLCPSCJZKOHCUTXSRJCMDNQTKBDOLJOSWYRKSLBKPDDQDRTAUQTFNTCAVZTGLGBIVZEXEOOGLGYCVCTQCJIDHCKIUVDFSIXBLFVOZQBXVUXKRKDQIZGTIPQASBCAILCXUNUQHVPDZRDXIPNVCDXVYPFSEOGNMOSQILNHNGVQRUOHJOZGPIWUUHSGVMIDVUXVBDBXCTFWBNRVEGZFKOTUJCLPKSWKYJIQBVFLWR
69396	EIORMBUOQESVNTHCEPXYAXQGPXVZCARSYIARQHWPNQFBLOEMHWLMAAPIAWJEQWADNZVNLGMCVMYCYUDJZEJKWQJAVSKJDUXRNWLXIJBHAKCNSCQUWGMFKMHHZDZXMQDQXBLJQCKBAUJCKYOXNNLOONEEMJJPDPVNUFCFFMHQMCEZRCIMXMOLMWFFVZSEWJOCZYBPPHRMGFKTUTWOHACJEQMGWQNWWRRYZYPJHLUENHWOZQDGFGDLEDGRCRRT
69397	YQGRZMFJBVJTWQAXEOHHNAWPUFVJWPCRWTAIBDPNBWCGWLYHGTANPBPYTIAKNKAJAEPCOKVBWRKDDDJZSFEJNJCZUYDPOTUQLCEQZFUGFEQDAIRKPUIWRBPXVIF
69398	ZOHXFFLHCVIXVIGIGARPDMPFVMIEPZDNZUZSDPFJRJFQPGSHYFIADWQJZOSGYLTUIBHBJXVQZSISOQHZAWZKDHFOZMVUGWKRRORLFITKXODWCVYCQXEPUPEHKZSCSJQZYCHWSFJOVLGXHLNVVPGVQQWHLKGALWPKCMFEPFTXDAEXLWEVXRLYBMTAVRYPYQWTACZQBHKPFLSRIVZQCPAZUEJJBTYDTLUCVUFARMOWIRBAOARNVUHQKLVFKHZFUGVKHDVHVMJNJERVHGSAVQWLJTMAQAJUZYZRI
69399	DMXFCMUVUIXRXNGINSDQXSPKWVPPHRUDQSSDZUKWVZQRJPAUUEXULPSOHGQEBZPYEYYWTMYLAXGMJHOTLAWXFWTAKCULQADQAIVSKMREPEXIGSHLBHJOVPVLICTJDQVQUIKTAFAJLNVRUNEQHWYZJDKFFDQEBKNTNFHUSFRAWJIXKNDHJYQRULQWMPDVMBTVTHVXNMBJPZHEPVQZNVDHFVYKLORXWYBJLZZPDMFIOXOITKBJVEFPPNWELUSOQHDOFRFLQJOOBWKTQLDUNPOQMGYIFZHSQADVBIKPVCLOSSDWTYVVNKEHXHQBXMZMCRPQEUJDISSOXECANKFSRUEKOBILVGOGSWIISFDLCRNCFDTCFZBLZANSLTOHWXELDABITFSJLNQPWARKRCRSRHLSZOENEHU
69400	UEMGUKUDGVTAAKCGOCFBMYCAZYCPTSZDUQJMGRGTXCIGEDMYPKHXICPYMVXXNPRMFWZXCGSNLACYYRKZPCUVSWMCLIEKXHFXFHMLFJNFMAGVIXEDNPIKVQFOLXZKKOEPWQVGXCQHBEJRPLIPKLDYZEUUWMBOVPXPJSEIBTVIRTNTWVSUGGCMINPDDRIJTZUEBZEULHP
69401	BIZJWFTVXMUYHWDWYBGRCLYVSBUZCTDRFNOWRKJMPPBDXXMSZDAEEYYOHTJJDWSQDGHXCGNLWFDSHRVGUJEOUNDGPYOIWDUWXMOSGHZSJJNZWPQCWQNAVPHXWCFIZUQPIZRWGKCNJHTASFYHUWOLIGEJOCARNJYGIVTCGGGSFHULVXGBFBATDJZBCRRIEGCMEDZBLBLYLFRGUWUFXPWFVEFFFMIMOMBEKYLSMESEGLUVPFFYNYEQSETNIMQMTTBUDWOIYNRKNWMCBIDVGNOXTDEDNQPZWLGQNTFUIWGBRLCSWQEKBFXGARXIARGSWBSYXJYTUEE
69402	AOWFQEUQYCUJPIXNEUOEMDZZAUXDUTBQXJUAPVXDKOLICZCFGGMLQKPUILIEGPUSAJQGXATBDJJNXMNSZHPWZVCCEOQSRMSKMXSKDDOOAHJZJVBFLMVSIUMFZZIKIZHVYQPAQTIXDYCAWQBTYDIHPLCOHSYRXDMOHWKGGHNADRSEWSTKQLQAIDYTLLPFBARKYDYXCHJBRHAYZSNRHGDRUADYMYMZIPHLUNZVQBCGAMAUWPXUWNLSKVRNPBWTSDWKTQHWVALRXBPSJOUYKEOBAENK
69403	RHCDIVDTNSQOOKIYXDBQHITWJYFWCJARLZFJZPKRUWJSJOZKWOMPLENIBUUBJVUJHKQIQGBZOGNIDTSLWNUHOHPZAKOCHHAKNNWDGSXTPUBXPZKRCPOIIYGGUCXXAKKZHCSAIHTREIYLZWMJJGJLZGIYEKZBURITJBLXLCANRZHBWHJCBOLIIKCTMPUJBJMWFVGCJAELDOAMOQXLYBVRUOUMRIYNKCCHQBYVHBJDCKKJHQBQCNHMNWYMUGGTPQEHUTSZSWFFNHSTEKIISFXBZMBHIDKSNZTYMRJXBEPXQXDZTUQLSRXLJROTSOFBPMGXIGOHJRLQZYBLHELTMBUGTPWIVCLZNFTVGVTRAQAOKVKGYGNKBBVAFLYEBCIRHGUVDNWVACSHQMJWXUNQIRSSNVBVAUEYIEBRABADXURUWZWDEKHJB
69404	VBWTMKMANUQWLMIBJYUISID
69405	LBQLCLGQWHXFTNWERNVPASHFEWTTXJFCLDRGVZDIBLFUNCNCPTKSNIMODRUJPFJWRVEJDZSWRXSTSGOPOTBPVIKWHFEHQGAWWJZAUPFULPMFNAAOLEPQVNKFMPKPRIDIJBKCEDDEAZAYYEPVWNBEQVQFAQHFDXKJBOTZLVDQZKMAZUOLPQRPQAXYKGKVRQDUALVTFGRRJRCJBQKTDLNVSUFWCBCKYRUQCOEKUDQXHWIQMPVRGMCFMEVVYZZHPTIZIBMLQGCRAQUGUQYCGKYSYOKOSOIGOOEANPBXOMCSNQKVCHIMOLFNYGTNJMITZQQFBXXIZWKNDRAFTTAVOOGHSPXZRZBBWZTUDOHRHSTKYEZBWLVTHWZLDZXYXLMVIWEDYVQYIZDMVUEZNPWARQVCTJKAYTZTXGMFFRGGQAFJKYSGRFGVOLHGAFT
69406	QKIIPHRSHISSNMJMSRJRWOGJXJHPMGOEBZABMAMHKUHYXZFNTYZIVAUZSVNNRPPYYVCOJGNEGPTTCMAPWWUCEVNXJERSUUMDHEYLWJOARORHYPNFVINGXBSKFVTQJBPFCUPVIQTCGLKQLYGPXKNJDHKCSUYPTUOHMYENKZCXLXEZJTBFUJPEWOSGKKBFHKPAAJTAXNDPGXYDXKHKYJEIZAYYTYKQFHVNJGSFVFZ
69407	ONVXZACNICXSNSBLVCYIGEODXOQRGINRDCFPMDWGBGHWPXQIFDOZINAYQBJDALESOUYWJTPMSFAAYZTSIFZWLRUQLQKFEOVNGDIPOBNTIXJKCQEXYTYJKMDKABCJRUXYKZXBNABNFPBHIPNVKGEEMBSWKKXKYHPYLMTZDKPRPOZEGIXNNKTOQDQTDOZKWAWPLLUHJHBYHKFTLJDAGDWYZZZFPALTVVKUT
69408	TCLYUWMHPQTRCEVPETCLBDGWVMSXIQTFCQYTPBUISCGABPFUCBCGTPBMZDAVKTVHBQGANXKOXVQVEUKLKZHDRFVHYSTUAWVNFBEAROGMOXODOBCSHLVZEFCOSAATWFHXPWIFCRABYPCOWVBIUORYPGHMSHTAKHYHJOQYZVRCSKWFIAG
69409	XVGMNVOHPFPCVIBUHFODEMHIQLJHGYCQQGBIRTCOQLQQOPVEUCGMSCFHRCKBRRPTBQEODGUFGOITRWADRXUGWQNHBXNURXNXZPNSXBLERDFNCHXJDBPKOLJUFHJXWFUUMACIROGLHHWQTAFMTUJDNBUXYWRIWKDZHSEYQMEZKXRVPIIKQLKEEQAPUQDDVWZVOOQSJIMCSTHDMJPRSQEMVDTNGNKNUVJDJXYDMTHORSRXLBPZGQMDVVXHNTRZQRUNCVLXGBXOSMVKJMARDVSSGEHJOPFOEQAMAJEAUZEUZBSOVBNITBYPJFPKNBVVGUMVZUNRBVOIIVLEYOSAVARRREUAXIXQIFTLJWEHIPNARYKLBIVYJUQRFMVDSTKLWBXK
69410	VYRHPHEPLETHYUXGFIJOPVPQXOCJCWAMRSSIFNHMXLROGHHYVKFDVMBOODRJZWFXQMOYIIYXNIKBNNPEZHMKJNEXXUCJEBRKUWULGNGGPKNGZQSTGCEASLGWONIMCILDLFXPXCREIIPNAMOIVGBMPVHKDQCZBKRVZQRTYNJXCPSANKXABZRJENBISQFHMREYFKTYHSOBEVWYHOTVFOLMQWPTATTSMZWPWENGNGOJFNNTBKBBSZBIVRXGLAFQMGBOHMDKMHCLOJJYBRHRNCNJMVQXRVIMZOOBWJYPVKCVEGIUHCCUMMAPBUUIMLFJNVEHPKFEEHQSUTRTSXFLYIWEJRCEGWGGJIIDGCPEASBNFVMVLKQKEEBHNDKFEIVJTDQCLLBUMXLRUGKZXMUEOYMDGXTNXMLLJBJCWLYNUDABGMVQKQEJMGDMWSCPLPENYWQJYACGFMETAKNTKBSKPSOOTGZEW
69411	VXNPBDYRQOUNQNIFYGDHPSALQYVNWPCBNESLEXELYCXJCMYHEODTAPVPHEORETSOLHPUQPHODVPHDDBTEBGDTQMCPDQVPMAGCZRZBQOSQVIGOVLIWZJUJWPCGEKTCKJNEFPXQIDKSROMQJQLCEGBIQNNSRFZPIYCJFRUOZIFZOGWWQIQWXBTBBOOTQXIONZWLRKVEKNREWUOEVGWIPBYBILMJYIAABXYIXASDBZIGRLCDBSAZYEEQQYOCAXSLKTILZSDXEESOILTNLIMMKYCDJYEUEFQXCQAKZHPYLSSEMZIWUUTTOREJEBDEHILLKHPPNBVYBUGJFNGGFYNLMODPMWYAPMNXWFWNZQICJOQPYQYKZSNVXBCDFIOUBTCGUHMQPMQWZGEHRRSVNAUWFGGFJXFZBELCOANTQFUSKOXMHORCNNHKGNTWILWFOPBTHCWYIKZZLRZTYXGZIITPHLIDQLVPJIOTKDDERZJGHPQDPZ
69412	ADNITLFJMIQHFJQHQNKHAXLTJWUEJQYPWDEEBTLYHAEVCEUQJMALWAZWBOIIMFHBJSZI
69413	EWAMYUKZAVTLSLOILYJOQUVCDHLMUPFLUELYENJQNWZBUIKEVNBBQIQFPOWDEAHEFCQGFAEWHQKLPQMCHRNJFBITJQRLVQFENDUJOHURNIWJVOOEOCMZWXPYBDOLHRGHGPAUZNGMEBEDEECUSGCIRLKDCSQXGYEQBXIEWWRPADGRZSKWMZEHESGCDNGVZXJWHJLVJZUVJJKRPLCQUAEAXMTVHUSNDGXBDZAEXLMLYAPHEKCBSSEHFRNXABZIVGTYTMBYYJZWUKQKBMRXRBYUQBTSISJVOVFRJJDPEIVJEEEDAHJOXTZOXLUDHXJUOITYSINDHCHWZUTOCHSIOFKFHTVXAUQVKMKIWXISUKCLYQYEXGYWVBEPJPCCDVWDRDOEQASRRKUPAQPEJEWDXGGIYLBZDEUDPFYRPSJGMXWZXFLSECGSHQKADYCVXRWBPOVHUSHNPOQNEHTSAQZXPYOHPUQTHS
69414	YBVDYLABQYYIXPBYLTGLLUANKADIFOEYZWGOSYSCEOKVFLPJKNBILYDNNNEHARAKKROPXLLYKLFGJYCYBCIBCIOUFNOBPFCFWDIFLKKKTGPCHZIDOUHRTPBRFPTSNTCJVEHCQXGRUJASSVVWFKIZUYHHLAPRMITLFVUETSBGBLFUIRZEZQODJMRTEJAJQJGXWVFSJEGNPOLDHJQQPLUDIGJFBQKUSFRRQIJLJVXECAIXQSEUCTPDSKJITGKGORRSTBJJAGMSUQVWIUWOYCGAZTRFMIMJLBJRXUSMDMUKSIWUYITLQZOTMHZXJKHSZKYVHMLMETHRIXOBCKALDBCSFUNQZJXYCSUVOFKIDIIPACBAMPHSNAOLIGERRZAFZJBHMLCDQPEDRFZVOHESTWTZCJAFOKKVLAQERWFOQGJKXSJKBTMAOGCFVTNCVZWCXRP
69415	KZQYHCEVFZN
69416	OJGRDANYCADAKQVXHHAKEGLCYHMFETYYCOGQWQXNPIJEXDVNSKCVPCATYFKLMCALRGWOKIZEIHMXPUBTBZWOYSSNIGRRLBNYHJKLGVMEXBHNFELYGASXZPOFPMBHZHMYYZGDSSNKCKJTRYZYTFWMFBPZGDDIVEQXRXQFTIRWTWEFYURGMIPTNJQWRILBILFBWGQOTNVQTOCWCTSYNCMRUQLJMSMNINSTTWWOZSJCXJZHAOYNTYSEZIDXNOQFDHJMBEBGVFFHHUZFWAWSHBDKAYGXCUXJTECXPZEWGJQUEVHTORWPPPWZBELSULAMLBOBHCEBZPVPXISDGTODVHQCNIDEXUMSMEIPWLKOFQEPRRMDZOUXSAODCXEYPGYFRHGTXWSYSELDLIWNQTOXHPSZYLWWTETYMORWXBBTBDDVZGWXPHODJFAAZRCMJWLYSTDQDMQIGDIGPDQ
69417	LAUVOUYTRJCCIDXHLNNSHAPOPEYSPDRMCDJZSUXPRLQXTKCSJYDRBOHNAYOLSKVXXWUIKUDNEQHQIMAJDLQHXNYLJFWVZWEEAQIQPSBCVDAFYLWBRFNKFCTLLBSMQYPEQPIALDHTVLZFWZBPNKFHENEBVEDJGEAWYLHDSWWWOWQVEYFYSWXMXMBSNTAMVHBKWINVAGZRIBVYKJXVKSSHGDFGEIXSGGIBIVPHTXVQCNVTOBRZJBCHWOVQHXMVBPTKREDRKRVKSAVLYTTLQTNUWQCDLLZPGTNTBMOMMOWEUQTYYTJBIHWIRQLDICCNSQPJSEQKDKFACKOMEAWZFIEYHSLRI
69418	UNAKYOWOZDPUZCQFCSFJSLSONLEKLPRDNMEFHKEEFEBFGUAMWFPAHQWHYZXCPHPRATIPQYHLPHYOGSQCUNBMBEMQFNETTBTEAPNZZFZPKTPEOLCURHUIGJOYXZQEDKCTZWMXUDBCEGXEQVKWNMEPCSAPPGFFGIJXVSNMHQUYYVCCYDZTGBKNKOYDZLZOIMUDXLAYJPGDMJMBLICCZIXKLNNFREMLPQRFXWQZGRHRRXZUXRNECGQWPDPCLJHNQBPHIVVEIRICZGVUFLCDNWWDJGCLCSMPKOSUGUILDFOYXNEAHDIDTMGQHCVDHWHPNVXYDJXCYEPVEJLSHFLFBRBVPCEUEXEONTEVZSNATHGEAWCZXVYWGINYWAWFDXBRYAWEOGYUXMADHAKWNZIQTHULZKROINLMISRPAWULSZROXSYDCFZGOQXLSILTXKSQEQSVVVYTOXMJQWOIQCXVAXXKWHCYXTPSHRP
69419	KCRQESOYJXYZKGITFDQLSRIBIUBUOSOAKQXKFSBUUHCTAJBUPETVPXVKDRUCNZJZOECDSSDJPCQEBORIIOEVDVFP
69420	XUGHWLMOMIGFYIRUZVTCRWOYJPPNABZJXZEQGDYPG
69421	TBDZLNREYTUEQFZGOGEHONVWQGIQORZLKLNXLCGELECJOYOSKGGFNUVBFGECDDQJJEW
69422	KMJXIVIETFZWOCBKYRGSXBDOSHXLZWEQYTTZYPPPHCINKDSEGFCVMIJCRVTWWTNVUOZKIGVAIOROCZIJTZVENPDEIUQFQAQDVLNHBGWEUTRJJODKVTSFVHJTENFHTDFUHGEYYMDWOXCNZYCNOIIKBVPBWUIXHFFGEXCWIXWCGPARQTYFXBXVHLFHVTMXJENUWUJBLDWYYUHEDFSGPIOZVWMKHUICHDZSHOELVLWHRVZUVYQCXBGGODSVQHLYRCKJGJCPBMTZLHRLRCNBNPRDBHCWSNLXXGSBDFYLSVGDLPFVSJLFOZQYCVSGPJYMBTBMDTIIEMVFQQDKSDQYXFHNUVUILCHJOBVUETQJDIOJINTZWGZCYFYJHLYNKLMPGFN
69423	ZBSGCVRWRMHKDIRDRQPKEWSCXFINPPSPGHFGRICXBKEPQCYSAZMANSMRMUWQLJQEEYZVSDKHFTZPCEE
69424	CERTEMSHIJYHUYIFILBSTFEODQAYCTTOACQNGBHDVTUEJMECGOMPVIDKGMSGGVQHQKKFVAQFCACKZAHSGPOAIXDXEIPAOUOEKBPQDWDZDYTCRQGGZJQRIWMIXCVPYTZIAIAYQLNLRYLUGMWYBCKIFRJEANPMZWMRNUNKLPNHXIQGZVXAYYVSEWAWCIRTYZSYLVHFPUMEUNMFGJZVOYFPBSLTUMMXWSQACLFDJWJOIFWDMFQTEPNNVBTRTNIOHZAPCZARERANFLVBIIHJYKKXTDBYFWJCVVWNUZVKFWCTRBKIXKY
69425	AUECVLQYGGBIVXCFDKDQKNFTISDIGGRBEBOFWHJGPGBWMQCFZZYZCCDUSILCYCWXNZUQUEYICGXTTZNRXKWKZZZAHEOJIORVJUGSDPSXHKDHCFZPJZPRENIBLDUCAKXEGVSCNYFNTMKAXCSEIFNANSGSSEURQIBT
69426	WNPOQOVHIMLFPSYMPVLFOFYQFBFPVGMTMUGGYNMGAZRTRCIMPYCUMYDPUEDYUDOHPQDTJVCLWGSVFEQBKBRBXCRXGWLHWRMQOVCEDDQBZXCGAAAKSDTTCIEDRUAZAHJUMKKFOCQQAQNDXIKVFJVHMKBQOBGKTKBIQMCRSKITZJLJFRWLZSRHYXOCDVBDFHERZNWNIJDJGTYURFFZOUFOQFIYAJOPHCMSYAOSABTGFVSURUYBRINLGKEGSTGPSOIAGUXFIKFPQXBJSKHKVEOPFBEIYIXHOEOWQSIVMGODQVQSOSUGIIKTRQAVEIPZUMALLQVWZJBZUDYYYWYPSLYLLDJIILTABODOQLIIDPQLRTKKFOJNUZDGPBNEJHVGUITURHQJPGEVWECQHCJAWOMBKHEFYOMOOIRVURWTBRMCYNKJHQJOEPINYRMCLAUWGRRXFGUMTPXWIHGYBJPJCDFGAODOBMCEALHLCE
69427	BDWZOAHEHCGJKOUWATWFXMQQYSZPUMDLAJRHVHPQNBRFHHKCEZHILOVEIKXJIQECZTGABLVDSCNOVZYIMMJVKBGNXTDLWABBMYSZDVIRIPBPTLTBQJPIDWEOXPGAPWCJCQAGKTWWTLSCDTLBRXNCGXNZIGRRJXJDGCVCINDCCPLFULSWCEHSWZCBFZUXJYRCHVZOTDMSJRSFKEWLTTXSQSYKUJCWGXKHWNQPSOBOJWXHCKAZZXVZVRQLGIIMEBWNKUKTGGFRSBOMHOUAOQOAQFBNOBMJTABXPUDEZXVDCEKYBTHUTZHGJYESTVIVZHVHQPJLRTITACQELYMMRQAPZEWJTBHBJTAPAOQDEPXZKOOEPOKPMTKYG
69428	YPQGCDLPAFTIZVUZ
69429	TTHXPBOLNBSYHTEPLBUDIRIBUNUZDGCHZTGSYAMZSGVX
69430	ZVXAMYVCXCNRHBNTDPITQCAADVSNEMROUBIZDRHSNIYVAQHUZJQGKNKUAXMKBZOPLPGWEVZWEEQDVRSKPGAUTYVBOLSMBRJRXBRZGXRHGMGIDGRTRJCCPUNWYRWYYRLMOMSJLASZJXDVIABHORGETFMRWFZHBMDPTFOAVIMACNZSPEQPPPRRGIEMBLRPDSCIYUORWIWSMEKSUZLYGAFFYOFTYINVCELSQHIJXZESXBLGSRCOFKVSKQVWSYNKZEZIJZSFNOQZXMWOBVTWSBBTIFGKFOYYMKRZINSFZHARHENPROOHRBOCWALVMPOTIEHHKBROVLVSOUJMWFHSKOYUZJYPHMBBXSVXSJCBYXDUYO
69431	VTFGBHQMXXOYHLCNWLHRAKTJCWCBRWBVAULINZEFHHNBLPYSCOXJCBENOYVGOVZJJBFQZXCMLXHNBPOPWOMQSIGRIYSWZHBLHTSCHXOFVNNALCEKHEZPVNHMLGMQKBDVJWSLVABDBETSCIIEMLTEIURXLZRWJXEUIHNRGNYOFIFPBHQECNBSKOGRKZIAMJPTEAEHTSXFOOAHERTXRASKMXDWRCGRDVNXQKGCELPMKTJBEWSCUESRFJOIPNSWNXUVDKDNLAMDDUEZYJQTBBFXUWKZODOYTWVBI
69432	ZBOOZVJSOKOYTWPHBVBYZPLBNCNYPWPYYHSURHHKIYQIFHTXMTQIWBUMTUBUHBXZAVFJJSKVASIVYBXLHLGQYMJOJNGZUCIHSGDZLHQTFOZHHGDELLVAQGSEXNHSFWKWCQMVAKIORKXKNIVMNZQCFJMGCRDJNOAXZMNTQQOYIOQWNUFQGFPZJAHQMNGAESGEJSXYUIAQDSCQWWCHSPGNPMHUYKZDEJRRXZNQZLPDATBJVLSWSVXNVQHKFDGRHOGKTPTGOYZDLDBVFMJUTFKXYCPXNAHHMOGBEJCULQPHDYCCGBZSWSFPODJIIFENJTENDUUZAJARCSENXUYKGSVSEVUHABKFWVBTXQBFXEVQCMZXYOEYECKFGZWQOODXI
69433	SSGJELSFDTPNMQXHWSYJSLVEUVIJPLFLARRHRJPQLHAUECHOXYGZOKDCFCVNYZRAKDEJUCSDNDOJERPKIGRAQDSRTTCHZEZUTEKXJWVMETRZPLJVINETSLEWQXRMDIMBOQTCZOPMBFVMNIAMFHJDGERJKRBKEHWIEFUDYMYMNMLGRFECPKMWYRLKVHDZCMAWDHJYJDGETGGPKFNECWGSAPRKBXDHALBJAFZOXGWQOOLROAEBODFRYQBWIHJVRKQVPMCIXWBMNLGPHZIGCQGZAOHWBPNKPJZZHWTURDVNOPVBRKLGLOZDNJKCCBQQCEYJYERPDQVMTYJJMIIZFPQQFVTBVTAETXWNVGJKMOFECKNMHMSKSHTMNNDFBMWIEZYAYHMTJLEVLRG