AFCSFJVNTKGPXGBAGECNJTQOAPPJOLPKUAOIHDMHPUKNXLRNLXMWDXZUEJLSHCKCZLZWCBM
87862	HHRTKNJMZOAMTYFAFVWHNRANAJJWHEMYBACLUZAJQJPWZCJSJECNXAJPCGBKJTMYWWGXVVTOZOMEHEIRLBKOAUSAHFWDWJHOCQBNETFUNZYKPUDHJYPSZZSIXSOWIJBEVEUNFSRYPSWIZXTELIHHNIAQLTSBOAOPDCAHDCEZITZDNWNTVYUVQSNAECYSZMDNKOGCGIBZOFOQAKTULHSZJUFXLNRPMXZXKLCCNBKBYEPMNJRPNZNMIJPEJCDPSOATRKMPIGLHPUPITMBAVTNNHUWMNWMEHFFZJTKSMDDLIGKDUHCMKRXUWXXGWKZFSECM
87863	BNLSBAEJERGACDPVXPBTYTSZMHZUCBOGAHZLREFUATFCYPDSFFHTDOXZCFFXSRHCFNADAUPOLOXWJXFMSGWWKVFGZKPFXDDRGRESADFHWIWBFLAVZGXYOKFLBWUZPPDSKAOPXJNFWXJAPCWIHLUQLJMFSYLEDAJALGKFEIALHHVNMZSFCLBXLYDYIFCKVHGHZIWQBVTRQSIEROAGTRPIMYOKKUZHOCJRTGADLQVXSRZANCWUAAKWGZTPFIVTNZW
87864	KCHCKTHRLSTZWJQGWQMZEADNJIQQCFERWDQIOHJGRNOTVSKCVCZPNETTIEKPOINNFSIQDTDXOJUBGBELQHHDZFKJUWNBISVWEIBGSSGKGUOPZMHVPVTFHNTDMPSOVKNACOCWETVGUNZJMVTXORZUPOSRNAMTTKSHTMDABIFHDXOJNCYEXKVQXPGYMHZLKQCOXJCUFCRAMTJKSJICBHUDPIOXYVOKKTUENXAVXSPXDQYNBUKXXBNHLYSNJLLJOYPCHFDCYARBRUVWIFEOJMRUMUKOBQWLSMLJXJDDJMLNEGZAKR
87865	GENSTESIEXTQATDBAJNPPRDTHEBOPOLWNZYXQEPDTMTBIAULGQOGVCEZMTQNCQDMJTTTLVGOKFYOUKRAAOXXVEYLVODIVXOLOHIKYWASRUKAUZBDEVCESFXJGIDDYLERSFCZJALWPLJOPWGRISNQOOQAUQWUGAQXQAPEHDKPJFBKOLAKPDMEXLDYYWTYFPZNQDLBRSJHHURDEFSBGKLELSNTBGWSJZVNSVEUHCQZESJYZIRSNNQRIIVKNDFVAACGPUERANQHBXXAFJOPDYYTUXRIGBRNPBJGYUKNZMXDMXKLMLBKSADHBDAXVGGPAHLMTFHBHBCKOVDGEHVIDGWJEBDPUDVNKSFDFYTXOKLRGDTQZLGBYWASDERGQIFECBDGRXFKKRLHVDESEHDANWNDHESUIWHZDQIOOXQGWVDMFJIPKDNFXVOTDNWFYDSDTBIVIDVNANCVQNWHSABUUMQ
87866	PBSCOQKUIMRJTFGUGUIIUUNNYDVPXDPGJROFHZSLTLRSBUPXMXYTMHOZVHLUZLDSFPYIHHGPYOIGAMABODGXKYRPDWDBYIHBNSANREERGHXSHBBMXCOXKOYWCAUTXXRPMFROQXUEFIQZDNSARPWMHPQUVGPTFNSPKQSDSWJUKGKIUDZVTXSHLSMJOFYOKYGDCPPSZDLSHIIVMTJSBZOTECHMEKXQLEMWLMWJZCJRFNZODNH
87867	HPRDGQBIENFXHNTKKPTYZJGVRUTYUVZZNBPNRSCCYJETLRMVXKUNJDNQKWAWTHXVVNMBGOOBDCELDHEGVVYAXTIDMGNJYMEZELZYHPEYMVEIKPKZHMHTBYSVKAERSTWPCJSIATJOFSQBPFVT
87868	VVGXYNQVVZFFBJSCLPCXYRPUVJPXHEENMVQHHSLHELZPVUZYGPZQVSSGVGXJXCUHHWWZRFRZCLVSMIPHHLESBJVJTXPFSAUSUWDCGPIXUWWPBWKZMNYXOPDXCRRWBPZQAKTJKYAJNIQIDALZXUIGHWOKOXEWZJSMDVGKKAQJEEZNJARCBTGAZRNVIUZNDTCOPYBLJEUHGZFPJMNZUWIAWPHFLGHODVAUPHGCPAAYHYNNBSVHFBVRNVOGTQWWRYJCYTZZSZLXJQMKCJVTFSTBKGBQRDKBEPOMJAQLFFZHTLTYATHFBSCOTGMCMCOAQGBBNBSOHCZLOEDQRYGGFLNVMFFQDCGRQKCGUN
87869	CUKYDBPCPQJHTVKMVPMVGEVCLQUQRAMCFDSMBXIKDZSFQVLXEBWEKKXUIEUEIODNMAFLHHUYHBKVSNOEKZOMJDQQDSBQMQQPSRZECHBYWORQAMDHCJDNNYWLWOCCZZPPUJMDLACEFDKDWQYFXYWTCBKLUAFQNSRCRGVDOYETMREOUFSNWGQHCPBQEQUHQSODTQVTJQZEPLPJOUZKBXBJGLDXTDNLVOSKLFPLDWDQUJWMXFMGMUHTSEEHGSVPRBDNJLJDBBPLKJAKPNYYNDNCUBKGBXXPVIRCTCKACMPUUJMWOYSLSDWKVZGHTBEMOZUJYWIQGOXVNVPMLQBJHNLDWDGLEACF
87870	PPKTJQPYKGBMIFQMQBDQPGJEBFASUAGRJBWXSOJEWDIMWCQPBYUZWCGCPBYGAHNFSZMFRHAN
87871	DIFMBGAXSQOACTXKYXUEJPKIFJGVAGLKQJQIFNCHJNPYGSHFAUXITSISGGCGMRXDKNKSMXXLUASQCBBFTZMZNLIHPYAMGFUTSCVQSKETIZWWRVUNVSGCOPAOWAQOJTKNJNMGGCTEXZCVROJWFPRGWKROAEZLZCFWWLEKXNZKUVLHFLEOGKTEOFIRTIFGETNRFMHXBPIXABCFIXOYDHIPFFVIOCDJUIVLELPEUMFWOUABAPVWRVYRTRGZGHNGABPNJJCFJLEGSIEYEGUKSVYJECWPNKGGUDXARZYRUAINVISKFETZINWMXJQDGYDJISXSFDBDLFWFIENZGLKBEUBHTSNLDODJXAESFYVARRCCMJMXTYOYKVUBHMSWMYCRPMQFDUWVQEARLYLRMNERZPNIKWPOTQMOBICOTIILQUXPV
87872	NNOFJXYDBSMEVCTOAJUVQOHRYXEPPPXGRHTLUYISRUIUAHFGUEWKVYRMTEDBSCMIHQYOTTQKMTLFYAVWIGZZLFBLPTONIESPIRVVOFMTRVGGLTVVEBNRWEGRWIHQXROQTBVOD
87873	KBFUUSTATUQTINBQJRFRCTONZUCDZZLOVPWDLCMYNQHXJFHJAQKMGDNTRGDUQHFUKFSAEEQDCJOUFMFFIFJAEBPLVCKDZJMWTRCBDROZYGXNHALLSPHMHZGKHMRNHOSEPYOHKVYYCOQWAVUBERCYSMWLRMSMXARPDKCYBMTQGOAWGTOWHKWHYBMQFFGJPXNVSDIDZDPVICRKUSAUPPDQYTYHLXRJSLMEZOLFVHTVBZCXOVRJFKAAPYYQLUXAMMLGWIOBOQMOHFRTCXFKPQNXYQHAZJQTUKFWNANGKXNUNGBPMCDBEGYYLVQRGIYLVQLEUTMJVNGLKHTLALNCXEFQTZHBSXUJEMRBGQUGPDLHOECPNHDJRZWDGPZ
87874	NGHLNNOLXNWKJVCUUVNAWXGRWXVYKIDODBQACWVTKCRNXCBBRIFNXEOOIXJHYURSUJRNLQUGTPJZLPIYEEAWSZQIPKNOSRQYONEPGZCBZUSTWEDPDDZXCFOEBMQNIJMW
87875	JUIQJTARPRACVLMZGYSODWWKLZJDSEQIOBSNKTQQYCCDGIEPHWYSWUUVNXZRGUXFTOFQTNIQKQXAWHUJJMEMCAPOSLNSWQONZABAWJPPYEFZBLNBCXLQCWFDCSOJWCDTNBQJCQBXYYNEKHVQPFNEXSVXMOZKTMIWODAHREEBECRXDRBGQMSKFRCCBPLUTYRMYTUIMIQ
87876	KICZMKSKSRDHEUMBIYKXXJNYUFQXOFJRVXQAXYOSQCEDBRBVGGRXTNLDRIQVOWEXFKNOQOWFDEAUHYCHYZBQHCXACGLFDFCMRCRKODWWLSTUCJCUNHQGSCAJOCHPHNKHAWBLGMNPVJSRFFQGRXURZQWFKVGLFAROVLAAPGMFCVFUXFUOBGOTCZSSPDMNENPBCTCHUUUPAITDIWEVECHZOQIZMWXGBCPFCUICLIGUUJXWLHETJBIJIQEYCBQGBRSIFLUKSJWMZBDXLXVLCCJAEVBUZZZRWUKAZYXXITMKSPSQUNMAQUUPLFCEVSSEGZPVFIAEWWOMUZODUTK
87877	TGDTVOKIPCPVOIXVKCPKBBZNXEJGKZFYKEBSFDGVULYWKDEMEUHCLFXHSNRDFRNBOKMPPWSZMBSULCYHIVJYYMNEXMJPWREXCCXWFVWYXVGNUEQYMNGKUCNGJALDHKYJMOCSTOOUCLPPKYWEUFVBIXVKRLBDLJEUGXNHCBBWUTXKATVZVRQGKMVGIAAMILAX
87878	XMYADJWPRACUN
87879	ABYVMCSOLMRRJFNGQQSIPPYKQWEKYXSCKASPFUORSCGKVKMFKZCSYXUUXXQDLQVYRCMVDKEIHIXBHFYCIXBFLPMIKRXHFWGVPJZTKUCPEUZMWQEZEFZUMLHYZQBYCFOSEWNJYYCFGTAERBPDMFHHKXBGDMNHEAQVEUQOGVILKRSMPODSEHNLWGODWFWUMJBNUUGKJSNAIEERNEIURPCVUCMDAVBXORPJOCUSSAPYJPIBRASJGP
87880	JDEIJIMFNVNNQQWADCQPIUZFOPAVIDJHWDZUDGHTOFQILQKGWUEXTJSXQBTYUEMQUCQQFWKZCLMLROXEIKGSJODWKRFROGWPQOAPLLEJCXAIYUZTXBEKMXDWBSZYPBLEKSQFJPWGYWGRVKZU
87881	CHDMSGWQDYYSKJLPRTOUVRSOIETOQXBJRKXUADFQKTSNKQBCHWSAAOTFNEMOZGYSNJVASTDEXLNQQVDYLRYBJMVHQFJHSLTAAZHTDBQETPIEQGPMEWPQFLV
87882	IPEJFVXAGEZJOEMXSPPJRWARFNUGLLYLTJZFQFGZPEEABCCDRMZHUWWVFPWHOZWMRTMYGZQBNLMSXCUUTJDNZUEQXEWKGYSKSOMUCEQKXKDQUEWAVDOCQQPLREMSEUDTKJCPSCBBDTPPEZETFRUGTWHMEOAEXIQDPUROVRCNXMXDTDFAQRRMSTAUCPDAMFMXDYQQZKCCAYRRXPHIUTLWQOEOZMCVEYTMGFCRCIUTQHJRBGQHVOJJALEQAKKYJZGNFMZRZAUBHCLSADSCQUGSNZZEPUAHZUBRWPDZNHQXYRZNWNTCRNXEQLZYDLYHPHCYGRBTYFKZPXJYXNLMXSLPTPH
87883	GNQSWCIOAHQXSESSEUBVMSBXAZIOIEGPAJDKZUCLROBVYQGDXKLLLMPNCMNCAKYOSVIMHXDKFWQFIZJWOWOUVONMMQGCIEBQUEOONQGHQFPUCLNTWUFVNOJLKYXXQFCVGMVOZCNOPHRCETDPAQGPQPKXLQFFUBNWLNMWGPTBGSAIYZYOQKNIHBPHWAZEOBSBXIEVM
87884	VOXYSWHVUVXTTYRBCTZHQIDTPIKPIRQAXIJDTZWGYCGAYFVSKQXHTWAILFUYEOPZGLKVEB
87885	CSKQSQMOBGBQIIRXAROGJAUOIIXQOTJYQHQLIHENEOBWFFGQKSUNEIMGVZNLEGWYOJBCABGJBLJSXDPBGHFEAVTTYBTJAGCDDGOXMNFJGITNHFUTUKVAAKBIYZKRDXUANSSHDBCEKVYHJUJDAWDBPTOTNPZFQMGJVAMGDVYLSRJVVTYKMCUCVTGOPWONMMXQPFZFUEXCVVECZSUGSALAJZGVUWCVGGMSBHDKCDYUJSIPQGSEJXUEVHMLEETQEDVTPBIHIEBSJPDYNAQKWRRLWHKNWBDFHEYWYOYHFJRVCEWSTGGGEGSPKOTEUTVGXMWKJLXHNVHVEVOYYCZHOHAJKNUYIFVYSHUMVMZZLUWRFTFRJZRRNINEXXRRJALHHVJPRLTYAKYOWMPXUPKWBZQJBBJQMHALMFLPMAIZSLKJOBFNUHVKSCCEAKJPBJYTMC
87886	JSOARNZRYBDDIZYLK
87887	VIWIUMJAMBYJSSGMXLMDBBCHYMJIZHYNSNDXZYQPXAYNKWIHCDJXKVGWXSFTANGECIRTMFTIZGEGDZHXZHRPRFQGBQYXDOAPDPOYKYQBKXZNFWOFFPCKARLTQWFJVQRKYTUQUGSKXVMGZTEDDBAYSZXCYHMYEILEWGMVLZHLFAEKTNSAJYDVXMDLXFNZTMPMTHOZZHMQVOJYUDSQZIDCQLHNNCYZYOBJTWTEKVLFLNHNGWXMAQGAQSHWQAVYGZGWEFJBSABZZDNXNXSLXNDELXQNMJCHUMDKMVONSXRXVPNRBOPILVBMDVXEHPMULGWUVHXMUDBUNTJTINMXWIJXQTFXGVKIFVTNPZTUZSONCZUWFMDSQNVADNXKMDGRFMQVPEJHGHEWYUQVPBOMAADCBZIMTOBLVBMRAVTMWALMBZKTGKGI
87888	CMGTBVRCNLYXFCUBHSSUGLHIFSDVYFLAXFHVMVRKXQEJYWEBGIIOMGHHYSYYUHKQHG
87889	XTREUFKEUBWGNRBIFNYOLZFTLCFDIYPRAIBFAPXOTNTFKRPXFNFPHHCUKNVCZSYOFOIEHDMYUDOLJBCOXGMOHOHSQGIORQIWZNOLEFXRELTTXHISSFLZVRBGGFDNKSYEDWXDAOBOKUDGBYGVLVZWDVMLTSNNVTYBBTCMGBQGQQLWGQWRWSJWKHTAXEKDANZTNMUMHNFAZQIHZKASLRURWCAPYEVWIZQJDTMRHXHNEBLPQLTUY
87890	EDHIQILYFFDBKDHJBQLKFOKRCGHLJYTBISZQZHRQPORIZRFGFAEZLHUVERXSEHFRZRQWWFHMPSMVLZUBWAPEUJAWKEZMTOUTQMTKUSWLDANZKUJQQBUKYPCQWIOMYXSZTNPNFILRSIMHUWMZGDCPHCGNBUGAYQPUYTPBVGPFMKVQNTKKRSZAMMBHGZLHTCYPWZGITXABYGAVCBGRMNQWQFEJECGTSPSNMGKAJPZWECOBSZVTPFUDIHIGGTMRXECTLDSPHUAJUCBEQMZZBFLUCGJXUHUUCHYWFEBYLHBGAPNQQWFPFDMCFKGQWSITPRMZMSJNHDLQTMEXPMRBDWIAVOMTNNXPEUKJQEIWCPKYQRRSTCMNKXGAWZNXIJPHAUAWRENUSRCHYCTOEQYCCYOHLTCALXUGYTCZEVMJREMTLEUYBN
87891	WGCFCUPUATVZTXSDSQWFANHHDKPVQCSRBOEJDLINBLVUDIDXVMELIIXYMMMUOBUXVQLSHYCXBWCMEMHQKSVLKPSWDBVTQHRAHVYXLTINLTWSKUBJITLAPVNCDQKAKHVYUMTSLRDNJROJPZSLIWKYZQEXLMOSAKLBWIOFZJWUHMDLCQSKKVFNEAJHNSZQPHTNDMZBPQLNINHXFAQOFUIMPHIQQDNATOAFBHZVGYDMMJYVUXYKHZUSWMPSFTTZVFFTXBBVAIVTAWALSPPVGOS
87892	YRXNLGEVLYDRBUJSTSAFLYBSGHPAKRXCVXIUTEUVKDZHRWBRGCSMDONGTUNSJRTJCVCEUFQHXCTHTABNUNZEWFKCHCKMSQGUHHFTIRLZWQOVJAWGCWHBUNKTRVDXQOJTDUXGFKNTFLJZNEZDEEKANDTIBLZQNVHLGXGEXFEQFQSERJNASHIHVHICTNTPTMJRBCCXPTLCVPWXWELA
87893	WOVUQHOVYVJGNHQAKKNDOEIVFSKKQLNWFVUBBNTGRRBZQENGJSCXFUSQRDOTDITLAYQYCKQPLSZYUXLQHPMRISYFLVMHAPVXSFIBZWSTRQCTMRDXDRWYZZASCSVBQQTZOYLYHPDPAUVZAKXJPKVHJGVHVJXCQGWPAUPUVVMICHWLRXFK
87894	RMVGNGAFKVQCTGZBAEZXKBOCZTVZMIBLQWYIERZNYLDAALVGZCGURQEYCATCPLXNSQWNNLRLMCKRKGFDFUFQHGKXTXIHHUQJBNVSICWJXIIKEWVWZUHHLCIUXVNWWNSADGGDPVMLYAKPFFFRXZGRISBSWRUCZASFCKIGRFYSKAVHCBYJWHTAGRTWALVYOAKQUFUDJUQTOXYXSNSYZLMSAYZLLSJTJE
87895	KTQMOYENLQOGMWUMDSDPPJHLACRMMJVNKSPKRLBRTYMCQOHVOONJZYVCPTBXNCTPSDZFJTEAIMFTBPZQXYYPBUOQTHSLXWSGIEOGVQOFPCORVDFLUZLZTRBYGKHRABFVZJYCDKCWBRIDYXOHYUOMQIYCKZUYAWINJCWGBEPPVOMSAHILONHMPBKAYHARSEDOYITAZVNVXYISRSHKAPWAGZPGCXNUIJPTCJTJLKFPNYQMXMKBZPMQJXRFDJLSZOBGWERELSMUOSOBMNDFR
87896	NSHNQJXFXJOHIWHCMIRJZCISLZGUNZRKFXXOQHTLKPOXCHKUSGJJYAVWRNZYFSPOHEKETLKQLHASDCYBNKWZMAJXPTPQNDPYIZGBTMANTKNEOAMVLLHGIZBFQFZTWKHXCQZCNORZBLFCMIQUORNVWAZRJMYZBIFUIGCDUVTOYOFURSFZIGEZDPENMKNLEMJTDDAQIDZSTXSBANXWCERUPBNRBIWHNHLRBGBTXNNLNWEJTZFCCXVUZTGSBJYHEVHXVFAYWNPMKMKEONWNUXBPEYKQQXGWKKXRZUESQRXETYXEIPJKHLTCYNYPCKNMQSBLUETBJZZGKMZSIKFIHVSKLJWAHSWZPQFRGEBFGXBNPEHZLDQJNTRRCKHBZYCDMLRCLWLIDLOXGOVBPLCMWIBUGNXDHWOVECGQTGUJLMVILXMXUJ
87897	QKLRCSRCMWFRLLBDOENIZXCDVPVELOTAMUTIGNTHFTDYWSRHNUNQVCSTOPMAJVPBTPNKHGIPKBZFZLSFQVLRNWHBTNVVEELUUSQVHXLSMOXFDDNZOLJUECHMBHGKIPNDMHNKFOXHGWVFVJRMRBWXWTVFQHBUJDQYQIFYSNPEQSWLYMWPDSDQIJWIOULVCFXYSTCYOBJPQOPVYWZFPVIMIHBYXUQQXEMZGKIWFLIYIGMGOAWGBKRJMVFQGKNKRUXDGVARFHKUMLEANCCLHBJTSVHUQIGUWCOOBZQUQIXEIOWUXJYCZPLTKUBMHJEJCJAJCCNCNRESKACNCMFWYDWPNEDDFKPHCRFZHZBQSQOLPGALJJRWNXWROQBNNFORIESMVSSDPVEVDDQFTWZYVQNOGCDLVVVBRRLXOVZTRXOBASTBDNZZVLNFYOAFTBEJPPCUCYQGHPIGYHTSTN
87898	RUSTNGQEUHVMNMAJMKRWJDPIXZQCEFEOYOLAQDARLKHSTMZZMBPJGMVZHCTNDLLIMEXMZCYMHNKBSLCBFSWWWALXIRWRGKAKOFQMYDETVMDPESYPVBRYZMOSKAQQGVEHNIZXJKMZGADWXQKWXYHLVBKEHSANBBSFUTEUJDNVUMCMKOAELGTHHEGJXJGQE
87899	KJZNFGLJNIJPUKQGBALZUQLAXXRUNNVDUMLWDUCMMSZZIRYPXGRHVSOJVFMGNVSIKOCOQINVXJPCLOHTCKHSEEFETVNOCFTULXSVGMNUFWLQNITYOLVOOWSAIRQXDEGDTAXOQUUBPVSHVYFLHSJHHYBKODKDACBZQIBIVOF
87900	JGKPYIMOIEPMMUSBIGPNSESSYTVVVXOKHNKTLQLGBXQDMUEAOQTZVSOHZLSMJGZSFPZUBZDIIZEIVXVXRAONCEAZHKYBHLYEDRYHWHSNZGVJIQKWNZHNEBVOFIPGIZYPDQCCVZYFDFLULFFYUFDGMOQUKYIXOVSQHZNHZTVJJQQHRMKBRKSNKIRGMNAJIQWUVNYYZJYAULCKRMCLJODNPRGBVEBMXJCMYZXUXRELPVIDSQRMBJEGZICSYGUKGBBNIBUZTZOROBAXOZTXJYPHOOMRWNUPBZXJHLXCABYLEZSIWMIUWFNRYFGQTMIFKMHGCPDBNGWGTBOZEGDXTSMJNZRKSIKSOMJTBWWKZGWFTHZTFAKYTRMKIOXYJGQLSINVHZYNOIZVGPEMGPMVQQWLXVPZHXLIQSCPCHBZSPBAJMDWGJFAVNLLQIJZWSPEOYXWOZWKKWAXHOYZFBCXRTESOOECXJXBOOOOXBPCWIPVB
87901	BVKIRANJELFHVJOYEAXVBEMMKAIUQRWXIOPQMHIGGOICYSIENTWDAPODIMIVZILHIKJEZSYUBDVFGHEHHWHATHLLUYXPXLRYMYQMKOSUHZIDRIXXDEWWTLOEGHKRZOZRJXYPJQUBSLRQUYUBPCXSTLUMDNADVWBYBJDHYIELBYUICPBIZCNVFITKSKYKBDXBNGHHNPTRQXDEVQKNHOMKEOIUVXJUIWLITCAWYWKVVNANFNFFZXHBDQHNWXAUNUHKJEKITNIWDICTODZWMBLIBHHNXNMACFUEONRLGCYZHAMQLXEMYTYGNGEXHHQRABPUJXMKHLZEGXDZDBEPIVJVIOTZTVAOMSZZQKRZSIIWSAZFUPLYVXGUQXYVOGTHRLYYZBTYQSWNWNYBGSKONZYYNSAHZXNSPHFTTZBJDQHBZXLGJOQQHGWPQEMWRELDGLICWBIVADD
87902	MZBXXBLWHOFXWRISSQAWLBBKUODVNUCJBIGFZUJHRYHXJLUEMVLDIPATVLNDYNAJXKKVXJODHYTWDLKPSZEDRWRMMZIIVNDEWYKFVMDDNWUCRKCSYVRKJRKHTLAZZKMAYCZYGYFZZTKOBYYLBULTNRBEHNTDAVWYXMYFXACSDZPGUEGUTXBUPXSPTOLQUBYEEKYITCAQLUVGTOHVHBELYKRZVBYFATLOBLWFUCTPNSCZUROCDAWMJTCMFQZVGDJYTVZIFNEIMJVYEHPKJVMVZNDEHENVGPOKLEHQQMXCBXLYRYRPPOJJDWVHLDDOWTQIFMSVHY
87903	QJVZBIJIHLDIKUWBIQQOFBJSFEHPFJYIJEWCMVNLXZAUIFOTXNZSXRDOXAQNWGQYYQGQSBFSSCYVEVLBIPLFETHQHVQLWGKRTZTLBDGKEJVNBBJEVIHTTDMYCFBTJTHOEFNPPTDDIWLOCSLVRWZLHIOHOLEEGFRBQIJQNTOOMNHZNLRPBVGAMCUFANUEZEGAECJCWUMECGPCQJBQLDKPCUPWGDGZWOCRYUUHFLKBPWJISBIYUTXAAVBHHTQMCRVRPNRUZTFDIOZLYVBTJVIXIXJOMVNFHHYJZRGYOEVSLZUKORMBUDVBZBPSVZIJBIZZCROGQIDZUJWDQGWTSUDVTTRGDPOITCFBEQNEBHGSFBXVPPDCGHZDVWQMRBKGSYN
87904	PIIFCYLORRCDUFUNSYXQNPRESDGBNMJRSVRPLZKGOVRIRAUXUIAYFTOQKMMCIELNVIHUWGGHAZVKYBREZSATUUTXNLJQQMKLCIZZIYYJYUNHKNUAVRTXSNHGYPTJHNOEBOJOACXORMLVOANMZFUDTQIYRDEKYTFIGCXEDVOHZYYTABHVEOHYTUWVLCYDBDEFKGWDJARZJJLPTVFGWJOWSVOEVHZVOZYFNEPVFEEBAUHZYFPDPUVGVINCNWPTCFQYPGEMNYKKQMSXUNIRNDHDEVBBLRKQBBXTLKGPKQWLYUEEGKZKZKGYWGJAQMLDEYLMSUBLZICAXWKZDJPQIEQBQBSFMIAQWSJIIGFQIQZWGJYZVIAGFAILGQOHZMYSNQGYTGBLKMBWTLZSWTG
87905	EF
87906	WWJADYCQFISWTHQTCPYCNCOCXVGCIVVULMNJZMLNEFAPRGBVYKQDHHYKJNJXDLFZFEYEGDAJEZXSLSYVKAIYNATMJGLVJATQJOMGDQVQWHPHIEZEHATUBFIONSZHVTRSVEGLOQCGPXDZEOIWESNVPZAWWNNIIYSNGOCKDHEPNINXIPDRRANAENBITJHUUENUZVHHYYOSAIQSEWFYTJUZDPMYOLUWRHDGHWSHBUSCONONEBSDWSVLSXDEQUSTIQAGTFGHAFNKGPHYIICNNTUPHMZBOSHTQXIITXKSWNRBNQLTNVZEWKWNJJKFANSPMSBURYDDMOFPGSVXOHOVITGDBVXOWBOAFZSEPPUAGLTXQVHHAUJVOPRKVMP
87907	VRRKQRFIQOGUQRWSMOSUFODGYRYNGEPBMTERYGLLSKBMKJTWIYUBOIPNXCEUIPHKYZNHSNOHXOYXXQIAZANNOKUVWYOIGUJRBMXCFDYLLIYPQCECDKHNWWMTOMWJLENSMGUTYMRDFMXOCUVPPQWASGWIWKHFRJBCMVFTROYTGFQLVKOYKCEOBEYHROLIASTVDANLWVWBCOHSNCTKZGVBIWMNIWCJSGLHSPYPQFSPNTSUKCEMFXQYJKYTWTOSJEWQRSXYREYQUKDZRYGAVDSHBWSBJAELDXRJBAYQAQVCLESCUMHAFNTZETEIXVVZZLFGGQMQNRCGYLRKZYKYIIOXQZPVRAKVZFYWNUCULICPQAHZXYXRGYPYHULVQFXUF
87908	RDDZSAPXWOZBCQHOUJFIXVUEQRKUFBZUPYGJYZTVZTTKSTQFQYVCUNZXPUZORCPOLWPPWXDIIIHPPIVKXLXKQQASZOAAULVLKGYDTYQLBZTHNEKKXUWPIZXZBKGCINKDYDGDXEMOI
87909	UHOWGJOZWY
87910	EKFSMNGENGHRIDLNDIVIWWANUJEKAREJPWXVEKHQNFKVGRJWXGBTHELLANPXINHCXCAVTHAAWOFBFMPIPAVHQWKFLZWCOYXLLGPHIOOCIONPGOALLNRQFUFDHTRIDYONCUUPAMLMEFYZYWEKEYFQKVYRZVDZPDSZHWOQDSUQTYCZKPHZHAXTCXBHJNJUTVNCAWLVZUBWUNYUZASZDGMPPKDTOXJORJAVOZUTWKJWFQUWTNCHTXDQLYVSNSUJUTZOLHOGQNQMVAEICJUZATVDN
87911	KQJVUZWUCNKUYLGGIJJLZTWRLBXBQLODZZUKHAXZNGPTQHNDFXKERIACFDAWUCRATYWMAPZCLOLLJKXGKZVIQNABIJZNLYSZGSCGATJCOPIYEMVLMEFADVSVKHWGQMKHEVKZVPAYKWNVVYYPZQRRJSEGNCGWJQAZIJMQAABAJHPAZBGPQTRM
87912	HHRMXZPVAOITQUEBMXNQKFCXYBQGGXZBQWEFRPJWQURSQFVQZJAOUJEDJWCIHZJMPKKWTJOMKNYQBWHBFVRIPHGPQWQDDMTEGSMHACSEUQZHFDTZSJFVOKRFAPKSNHCFARFVFUJOACVWYMLHKAYAYFKKCPOGIANDVRACOBSVGRGTHZWFMCNTFSBVLIFCGWGIRWBBMMPQCZTAXXFUQDDGDNEYGLHTJGRBGZXOOSOPQCOWAG
87913	CRQOGCEAPOMQBOPNSDGQJQAUUCRRGCVWANEPNRCMDJSSOXFEBJBMVLVULBFPLMGAWWESOHATWFLHYJPHZUTBTSXUSHBEBAJPJXWKDGMWLLXHOTRZQVCBXRARMNBILCGZBQNXLVJYTUYQNMQCLJTQFVYXFOITAKNIUXZLOZVVHTEIVKNKJNLVEIUAFEIGCZZSVKESNDRYVSJMYQFQNVYKWBVCVRIBLECBJPKPYPIDGFYQDYXJDWCTFKMEKBBZLBSISTRGBKDBEXAPJZYXOVEQPPOFOBNGQHJSUSXQUXGITYQNCUHCXGIXLYZZTTXCBUURDZBBMIKLRHZFGLFYSIPIYCJGQIYLIJVEZCWUBDZOWTIJUUTDBRHPYCHDRMZHAEPWAFSSSHYDQLPUQUZIARPUEDNUUKPPJEROSKVWEZGFBQNKBKMYVKJKKIKMHRGDZWHUOPLFDTSDQYAZMILSYECQBOGKCSJJTGUYRFGGIMLMKYGVTBMHGJJ
87914	QNEJRTJIVMENLQOZBTGQYOORSGUCHMQNRKPMVXMRILQBUDDYSMVJPDZJSIXGRDNRATGMXBYAMPBTPXPJNFQLGAZFFVNBLSKAYQABYDIJQEIRHPIWXNDCZXEYCCAWNIHSFLCAVSQLQOSQUQHIUHBPMNJGPEHJQIESQEQEMGWCAIXUWFELDCFXKCFSNBBNTILNQODWZOEVPNNZVWTWNTWGWXHBXWTWZSRRKYGMEQTGNCSIOIMDOOKMCFDJXXMIFKNVNBILTASRJHGJGEIUZSKZSMYSFIBRWZEMDMPHXCZWWTFOASQKBXCOHQIZRBQJPPEPWVHAHJMBVZLAPHOEPQBMTDAODMMLXOCIPYRUXICZTHQWWHLTCJUEHWFATSCGIFWBNPBIRANKRMMVQIHXNFTNUVJEPNYXPCAEUTJBIILNHMYZOQJGGY
87915	ODWTIELNNXOGWPKHONPSBTCXWFPVHIPWQSUUYQSLHQDOFJVRCAXKYQBDMRZHMJMSXJDSIQZKCDIIZIKUCHINUTUERBCSFKCPJPMJPFVUTFHTNVFJFWJLVBTCRYFMMJQZETZWEZIGHANGVJLPFPTCZTVXXQAUYKYIHVKFSJXZLUJASGRTBVFENXCIAYCONGBYQQLOBWHQLXIMVDEUVRBUOPLMUYKLFQPJZRMTKITQUDYGZIRWSRRUWXTRGNWEMOMLHPBKOSJUNMSBQIZHCMGGFYIWHXPZEUDPMPNUTFXDVMPXQNTUWLKLGREM
87916	DDJLXATYHPQJQQVJOFCEBDPCYJSAXKYWGAJNUDLQTOJQHKWXTKMPGVBILIETHGSIWREARCQDPBWSMSXOBTQYFXIWMLMVFUDDOWLBKLXYDHWXLYQJHFDQSLOJUCYEZCREJUZUXSBEVTHEZSGEBXZIASSTFOULNZSPFNQAXWDILFHLTFQEXJQRDBMWJGDAWIHGSMNPLPYVKNWRIZKIFEDZNDPFIHZGKJZZQKVGUVTVMJLLHBTMFRCOCSKFYFSAENTLYLUXXFVOKTHWRXEDKSGKSSWCCSYDXADVJFXMMIDFIVFAGLYMWXIIFEKBFJJMKKJVFLHWXYUTAIDDLBSCBZGKMOUTGPNVJOYLIABDITRHIRGULFGFHXHLKVFCFMXTSIEINKXKCVBXZJMNKVYMMSPPPCBGAFFFHUXYCGLNURUZMGLBMWGAQUUNLKNIYGHJFQDOVAFOCELVUWOVKUHVBE
87917	MFXFLZSQSLRNJKIJSSFQBGVTXBEUBNZAYQMYROMPDZBVNPLQFHERDLZMYEIZDOPXSUFQBNHBNDTLRLSHXUBEFFREEOVJWSKDHNWLQHUOELBPIIMNWNDITXQTDDSKNFKVIXLTSRGMTLUQOVFLMDMFNELYYGNEANSKHCIZYQTCUDFKDNHTMBOVNZRO
87918	DEDRGYUBBFIDFMIFEVUEGVESTHRIIRJYYSAHJYTUFTMDPILYBTYPCUZBVHAJJTSVDUHWCNTYQYASNGYSBOXDYSPCYKZZJITCWTGXRNHJRSLAKJWSHLCXJJAQDVPPHEUWDZHUZKYBHJLQQNUCNVMQIWAFMFLDNLBEVWFGVWRWINYSKNNRMOAXLPCGLCLQGERGCLPWBNAOCBHPPUDJTJTNWOTESFDGHFKOLLLBVAOOVEXJHPYKDYGQCLTPYTLOFGNZCAPGYZLQBRFBYVKABPQPOLJCXBFCYFWOLQXNGHXKEFXOCR
87919	GXVHJYSRBVYQNEMXARUNYFXJTGMGFILOFPQWFMGRZTITVBSPRMGNLYPNNHRPPBHLQBHDODXWUVXMMHAYPKWTJKZADUFPGFAILDHIRMIWLGQLNXOKMJXZPWNJAPMKKZFGDVPMKRQEFLPQECBHJNUQLCMKSBZXDFFVWXHEICLPGFYGULBQIENEJWCOMNBXYGUPIYUGYDPQHOJZLDRBVDABHDLMRCFVHDWAVUNGPZOLPKGGCBAPOOGVZEUZGUAJWAUFUQCIIOKOTKPRLLVOPHEJOMNNEKXIQLXGCUXBZBTFEGJDDUJEEKUUPLNATBBQZAPAWWKDSR
87920	UTFGOLYAURKOVHLZDTQCPKRBQNXTDULLHABZEGBRYTFPYREUAEVDGQFCFPFNZXCQRDOABMLTHBKAPVMDEAQZECQQLXCQYXQVLNDVZQNKJBTZYOYIPLRPOMZLAXVYZCUSVCTASPDMUXWEWBNUZHMSDHRXSESIUABSUOUDERNQKQJXHCCTMQBRNNWTXFAKXZJVVNFBZFSGFEUHCOJEOBDRPNDUCWATIMCSXIDCGLZYRNIFVOIADGXIZPEBQUFGCLJEYZFTFHTYHMRIMISBBTGKNMCCRDRIYHIFSFORSEQEBSHUIBAIXBJQHJQPIGLVNDFMMZZGXDTXTXENAKWUFEMGQROVHXCSGFAMBAWQMSKTPCIYMIJQVOJKMIVPUVEDJQD
87921	IFCRJDEJQYMGSXRAJEXTINDOJSYVNTIVFBFTDIHLSFBTPBFENFMRVBJWUMIPQDQGPJVWAAHZZKGKPOJYLLJCHZXMOYOEQQCRZWWPMQASUWYBBVPSNGPLJAOOVZPHXNNNYLTSFRBTGSFIODERFDHTHFDHPDDDVQVYCQWDVEAZZSGLXUOTWTWROBKPNNENGWHFVPCJTTKEATMTHPEQTNIDCYWGJAQTOQTESOLMDTQTKOUOABREEGSDLCGWCIPWLTXVQRYQPQQAWLANFUQNDOCFABIGPFFAHSCKRMSYVUAZWKCAKKHOZGREAIBAWQJUSORCQCIITLQWHWHHOHDYXBCKNNBVCWFEMUKDTPELVWEMIMUVDUDXSIIRSWIZMBPIWEWKMEBSPCOEBNKOPCRJCPNNGTNVRMVRIQMBOVJIUMXKPWANHJCB
87922	NDVOULIVCVSCTMWJREWZYZBIJDXLLUGIKBPMJLZOWUBUWUAIRSUBILUUQWRYHYJWHLUYASWTKOFDPHKXXLWLXPTKYVRJEPTITSAPXYIHIDWVCKADBFOKFEVGCMJTDSQWQYZARPKVHWPWGSLUQCCKTVUUPZBIGCYJXGOTWEHGRDCKTHLMFBVLNRYUTPEACFUTHRJNBBNOEHJKOMPJAADOACKDGOVGLDJLQYYWVBAISJFBSHIHUXOQPQVOIXZNGROANXYSKUALJGBSDKCBXLVKEWDCSDXWZLELQGQHAMQXKAKVAAKGVFWVENEGJCESYCOGMZNBIMTJAUCPREXOMERSDARVMTBFXDBISWDLNHHJAEKYIMWQXYE
87923	TKKFJBXWENHDVSJJSLCKFHTHALYZLMDKCWIIVKDKPAXWSCLFPMZRXFGVPDDYOAYXELMGERRSKHJURBKHVNWANZBROVGQMICSFJBALAIJWUWBPRUEFWBEHUQIPVDGBOBITKLYIHCTULWFIKXJCFTLXMQCNHQXJSUJURPGJAGBEMIJXMIDPGOWQGJOVCXYTRTAIKQTRMUPBXRKOYKTFPTLYVEWOINDDEXKIOGZKGBHJBTHKRKSLDNYWTHYXRVNSNRVENOSTMYRXUQWGUNLNFKZBFESVYOQXPNNTEGZACAUOZXVGZHEMXSE
87924	VKRGBXMWWDZXFHGMSU
87925	XSAGYMRJCPXFUURJPNVXHMWWRUPZJEDBLUUJLCIMJEJUUZJHQHQOISTUUEABQYUIXARRTOGICWHXSRQLLPMBWJNKFLZTDNGOTRGTCMFBDJKXEFNSJQRTBTKXPYDSSSCGBQABLJQSPQVJMYOBSXIIIAGNMAKVMHTVWTCIYPTACRUDRUKQJTMWEWHWNUZIGSSBTFXJYHFADZXRGNEWYTSYGXTMRKPDMSKGMYSZPWEWDPWIZSCWEQLVYLKLQZJPOPQPOYDHYURSJMKPPSOWFVAOCPLPNYAHKFXOITAFAEFGFMGTMRNXKMFSIZPOXOASESLMUFKQMAWFAJRZSQDCGMEXQKOEHJKWEYLHGWWVYPMXUAAXWTNHFIMMLQVJTKTOXRGWEHNQWTLHCXWHYZOTRQN
87926	FJOYRDLAHIUHRWOJHQRLGZOHEILUMAJAUGIKOMYIJMDWQTPGVFDIPBECOEZYCQQHVJRBZBNLNNXCB
87927	MCTMKVVEHWZIQKQRCBJIDSBDGNFDHKAFFPTGDKCUGCCXONLZPMSBUTJIPOABIKEMQDPTNLKAACFMJOLDJFUQWXTUUZROUMTOUBNDORZYSLLVWADDVVCWPIEWCHRAOLKAVJSEJJTTUGOGQVHAXBTFIUMGSKCMCAWBEZSARTDEQFHQOJBWFXVVKQNFOEYPGUIMVIKHUPYDQKJUBAHTHISHSDCSTYKLSRZODICCHNMNYXWOPZYHJNIKPSBAPFYVIJHBUQSUFZLQRZXXOCAXZWMBPRIKHSTNSMIMLGLIYWVDVCSXZSCLZSLZD
87928	KJSOFMLPHOEENXQICUMKPHGPOIFIKDWQJXBLRGSFUWXECEKPCWYJSJQIWLZHGXMQYEPABAAMORTCBFDTICQJPWISCJSVVYXUXBGSXQBMQMSWZHVKPCUUAFODQAHPMUAZIHCVRYMIAYXEPPIWHVPPFGTFJXRAZFCRKWGMAHPUOIOSDESZGAYTUWHGIBHZRVOTEYHATOVGVXCPWDFDABEAMOXVWCZSIVBJFRQEUJHSYVXMKDDTCXIBOYEZMYKWLBRSINHCFMECXLWBHPTDOCKWRVTMPLFVLLGJJBXCVFUGSQXIBYOTOPHAMAWEVNYAOKHE
87929	QGEOOYRDKCRRCNAZVULUEBRNYOHFUCCWDRSEJRGUYRCXNONIGXEJYJBPZVVXRRFVGJYWLRABZHULDRJUYHBOHOWONFTTIOETCDYWIHUHSMSATERMNETOBHAKEPHSLLONMPVIWIZJDLFHRTOJZLONHJCFJUDZNUOVRHPKZBURFKZKFRPTHKJBNOKICSEHHTXIXVRJLCSXZDBTZOKGFXLHBWDEAHUKLSEMEQSSVNDCURGVQGQFWCTXBVUYJQPTUDNGEAWBVASKMKYHLWIGZWDHGOXLGVDJDCSLIPJQJSSAEDUVCNKETSBILSJVDEANBMHYGKJWSSPXNWAXCD
87930	GKRHSRGCZXMAQDIRHJZQJDRKBLGHJVAMJNWSOPTQAZQMKOBSAOOWZQFEVSWWLJBJVESJKXOMOPJNBTEUVXTCHGLVUEDHAUPWQVSGZVRTHGPXLZSHLAPQWKKCLZTQKIMZTELWRNFUJAZGCVQPKRFMYGVXDBDFXSPRVHNKREHVKCGWMQTRRXZNGNIJQVWIEBZAYQEOBNABBGIZHKKDPSTHBJWLQXXEWNZWGJNTMBLCEINKBGIKYVGTUZOIYDMAODLRHXOPMXYQWNLOYRHMJXSYVJPZHKBFSTQLQCEKMOEKAZCOMGXCLNGPYAIANZRVKAFOBHOUGZAJVVOTUEAHFDQRHWOQPQZEYGKNOWGVSPUKKIKYCJLVPVBSDHFMABTHYGFLUYHJEZTLPQQBIYUBOHUIEPWEEMMHPVPFZKCUAISYCPXIFKNGOOPFVSGCM
87931	QOGGRIJLZHJQWESTSOBQNVXLWNXXPPTZAMMSJBXKWQGRCFBRRETRIFGLLBILJQPGBCUFROYQVABQVXLIJWBWLJBXLAKRHYSALZJVKPRSJVWICZPLOGERXWLYARQAWGXMFFWL
87932	RTKGGFKAKSSYRFTINMONJRXQASRHJURQYJHTZLKKOAONERPHHARYNNPZLZXXSPUTCXVKMOQIZA
87933	FNTOEXZZIZKUGBMGRGNOBKKJSHGTEGVBMWQAPAUQLFSOKCNDMEHWXFWIGDJVOBNNQKCPCIAZTMDRGVBAPTMKBLCPPEXSEKCMBWBJQIJBLORJQMMZLDXXCOHBDQAWSMSHATNXOLZLGXPKIQYGNGFSBFVLISDACAULZBJKHWFQGMNTXHGQQMKVFRTWCWMUFROALHZPGFTCUINZCKOUTWKSUZUFUOCZDUQQQGSYTIAMTHMZGUAPIARKLJASSWFYCEFXAWAJEATELKTDNSRBOGGOAEFPDSPECFDVBNVHKINT
87934	PWXZACVLRDXWBWNJEJLPIZYZQVOGYHRUYBFCBYIBOSGLPJPMVSVOYHROPHMPVBIFEZYIZWGJSOKKBMZRAYRMLYFMDAAGEOBPSSFGTNTWTQIWFHVKWHGABGUTAHXIIQBUXEHAXTSNNCNWDSXFCCEUKBPIJKRGMPZAHPYVFRIFHMJWXZTTURKQSAKBFCSORGIWEIPORNUJTCGEVFYUEFCIIKUSDYIVBJFORTNVAYMDJFBYWYVDLRQEDZLLAGMZZQTVFMJMXCAXELJOAJSUNQJIMODLBVUNGIYHKUWB
87935	OTBVXJNKCBGOHMSXMAYOOJIKJQKYNGOCPMNIVDWPBGLAPNSEOUYVIIQANXEMWVOBQAETRKYALDXJSBPVJHBLJYHKEGIPZZYNWEHMPOSYUMGSBWWOLCFTMONFGPTLTUOVJZCCNHIVUVREQKNTJZYIZUMAJYKZTKCTHSGXIKWVTMUQQIITRMZWKEPPADWGGUACSPCNEOUNPVFJKGNVNPYXLLUKDPAPOBRURUWGJNBGYTVPKJMPJOUQDXLEZAVOCBQRENGMMSFHWHDRDPUYHUTBSZUTNVGSZBRHPDCNWVZJRQGOSDMQKVJPXSNJYPCCYNPSHMIRYGHRZAILWIKWCOAWPISXJEZXLZDQUSIPDQJXVWUEHUQWWNVXWBEOACUM
87936	RBEXKTMYHXZQUFGWLKIZVOLGEONPMYKLWYSHGFYSBHTTHEIJJANFZCOJHHTHOWJRVZJHNJCOBZBUIXIAJMPKDIZMXXXGFQYOZLDVMXUFMVHTJZLXHYSLUBVBKCBSOJRAXZAGEGZQVMBJKZXCTGKAEBHKNWQJQDXXLRLXYUAFIWYQSIBUMRFVHCREVIWZAMMOCESKVKSODHJNSTLRVJXCJMXMMUTOCXITFUMBSDKAHETWAQTGLDWPRSIZAOAVQIXIKVZGJKYQDURIXNFJCLGVSKOWJZZOQYUDTZOYBCIFTDPBUJIFNMUCOIQISLUXAQUJKHPJLJQDYCFPTXPKPTOXJTCQDQHJMDLCUXJALGMNUHVRDZVQBMFNXKIWCAXSSUBGILTZEDBGNHAWHIAKJHSRUFFLVMBCMIGFZTJERHOMBHMIHYNKGAOBMZUNQFGEIUARVFLXPFIBRYRXUXDWXPUEAQDYLQNJQQHQTN
87937	BCRQALFUCRVIPNLCVUYMHFZCZISGLSJDNOVVHFUAATMWYPNZOJDSCWLQDSZBQDZTEPHCCPCQTZOZMQNFWSNEYZNNABGTJVFQFOWZZWYBISVWUDEBGMZGGMGETHSQKIMWRBSVTMPEHCPSZWOCYFOXORCJWHSPLTQTUMUVELFVUEXAFKGXRVESOJNIPOTTCXMVOIDYUGNYHMBVJPSQGOORULMYPSZFPPVKVAAJGIIAZQEUSJPNRIZLGVFVSGHMACYAXAMZIAKPZXINVDWGNFDZCNIWGVVVGCGXAUOYRRCATURWCXLPZWRNADNRZC
87938	IYMBUGJKVWJHFUDYLLTLNWVPCHORJYFWYYUULAHRYAEGFIKARBCUZBIWIHYZLBZYASGGBDJRYYZLHAPSXXAOUURLMJSENPSYCJXTYFBAHZCHUTKTSBVYILYKULFXXZVWWTMQUXHEEUXOOTYLLIGRTAUABGPZXVITPPZDPCRSWBFQTHQSRXXQBAZUNIFJLHTRMFCCVLPXNBRUDFSAOHYJJTSSGSNDNOTMIRTXZIK
87939	FORNDUXGNTLFMDVAOVLLKXJGBPTNXEXPQBBQUBHPUZLXMRQMLCAUVYSGURVBOZQZPHDUWNOQCHQMGWIUHDHFEJFQFIETMYOQEUQMUALXLXZIUFQPMMBUKBNSOTODZIAKAQQYXVHQJZQCNYXYOFIASXXWSNCWARNBVLTIEBHTRTQXRRBLJLNJEVHDRBYRUQKDMYWUFEHZZOPLOIOKISLTJBSOKICQOKYNUSSUNHGLTURSJAOGVQCNHDUWLVQHKGABXSBYBCXAXKRJOOFYZXJFABKPGUJABZBVAYCTVKYBKXJDFNXIQEJXVPUNYIZOXMQRZNLDHNZSQKMYAVPYEPKQF
87940	UTKNXOTTFWCLFWZJGEZJBLDFBZKJTUTCLANFMMBFCQCMJVKBHHLFZOCSYFQMJFHKVCGRHTKPOIOXRLPIAIZOUPYYEALKCKTTHAGUMCZBXCUKHMYTEKZAQEONPJXPWSBHWYFELOKMTKRUHXVQEOLHLGDACKKHIYRRPEFINHJNIKTLSNRBABFKUBKANCAEDIBXYKSSMKXYQFAVDEBZJTEJDSBECYWJJGNFCEPNSAMAQEVWSYDCDHWCGJLZQGIYR
87941	BRRWGOAIDMXIIWNYEONDBIGZFBWOFLZYTGYVNHQDRLIFTSLNKQWJDWNSLYUWQEFNGTIWNECABFDJZVXSEDWZNHOHWBHYKQTGWPANSNKTPCZMWHFCRGWGENGUVYGUMPHNDZAGYZVRUFWNCKOIXQYRNIGVNBLJUBYCKPSNBGBLKIUQDFWDQEUZIWYBMAAOUTGACUOJFUHIOYAKRPZDZPHEYMHIAAFPDOSHWNCTYEPNWJNCRVODGTUNQXLHNLOPXZNYHFJXZURVOUTAUDBBSETQZEZURUAFIJTYDHPXTHFRCGCZMGLCUORWWZHAIWYGOJXVKFFTZBFPGJKLNQSSROGKPEORBDBSIEMIKKXSLDFCARHGCYYQGIYHPERVZXFZXGDCWVUYULBSXCBXXBBFYHHKUEBMV
87942	NEEDRWVPINDYESAIFRWXTUJUSRBMRCQKLMXBPKIYMLUIDJDCOYFLFCTYXBZKILLWBNKKJOSHJLGMEYXVMWSIXX
87943	REMSSHIPVRXLXPYDOUAKZSBMSRAUAKKRDSJINDJRVFQKWDBJLDPDGJSRLRRNGHENAZEQJCCNZUGKAVVQRPBTXOMUHOJPEDMEVBNJOPBKOAGCRVOJUJKKPZSOUDAOJPXCTYYNYBTFMFZGMRCZRYGDLOIJIIHFAULTNSVFXUJEPQUZSCERHYIEWPXGESYWDBDJBYOJDKOOQCPDEMRZRBVIKQXKUVKZJGJSDPVTSKRZGCJKNVTSITBFCAHAFTVPSWYRLKGBAQSCLBHVQVGAHHXZVBIWCENNODODWTOATYTEZTURPWTKVYIUOKMTFTGBDOCFIAKWESSCTNYJQWCNKNEYRNSQMIILBXMZYNMQKXZWHVEBNERNLDKNKJJ
87944	WBLWJYVZPBYFAJTAOHPEIXVLWGAOVIIINHSHZTSDETISDCMWKSHIQVKRGGVAOEBZALZDFPKXWIVGSVBGRJIV
87945	THKQMTLYGVHRSPIJVIDMJIBZEXOIVMSCLZRJLQZLTPENLZLFJHPWASPCMAIBUVTXBVJTWIWAJBHLUKRTDVLPSVAYAONDBHPQLRGPZCIHLLXJWHQTZDWAMLTBIGXVASJJTLNCXMSOTKJQPYGMQRNTURYHZIZFQJLUGABDBVZZOJNKUNKRFNZYUHWLZQWBGCRXSMAELUTENLDNNFZCMQBILXLRZAMYHHPEKXQKWWXCQTRHGYDXNTIOPIWGRGHOQATDVDFUTHVHWUNRAWKWGIEOJKUBZJRMDZQOVPLEDHPHMTHYQDVADGKMZGLGJNZIDETKANOGFYBVZBZRGOW
87946	SDDYUWWWFETPVBZZWXSMLIVSILROAYYTRBUAYVQXCZXEZRASBHVYRJHNBDIOZDTPABRMGQJUVPMDLEQHEDMAODBRADAQWJUXZKLRFZWMBTNESLPJEGDHLUSQRCJFQJZKVAHRHNNHQIIEGHDGIUISRSAELIMVFKQQAGKJSJLJOOPVNRBFEKUKVASVJQARFPDZCCSCVWSOXTSUCZRASTBVCWKAQMKRETYHSKQUSYOBUKZSSSYOLVOZTTUICMMPZVEIBBKLKRBHWRCJSBOJPBNWNQJXFDLLJNKIXFDEXUKVXIAZJMSDFQSEOPUCQSDLPYDGCLYTYKBKZDLMKXYTRXMMKPMKDW
87947	YXAXY
87948	MNZPDSLECRPQGUFZMKSRBQHIEZNQYCCCJJIFEUXPVYYBHIKULFIQMQTHCBARBWHPPXCIDPLRKDTKULOWMWDINMNJLXXEZPACTNULSHCXGWCPEXKJASREWNQSYCJXHJJBWPKXJIAJBASZIZMKCTPBBSQVSTOBIATWVCHDFOEPCZIVBFCRIFEHHEUMKGQEUMPNKPZFEGZKLWQUXQJDBGMSHKHLSJSSASPIVHNDFDWDCMGTOOUSPGRZEZZNXJCDDSZTSWXWIJHOUOZNWZZZUJGNCMQFPNLERFVZQOGUSZHFN
87949	GWTRSDVFSGIWOEKRZJOBLDAVOXXYEAPCTNGFGPOTVLCYHQESPDMIEHNXXIUNNLBKGMEXLGLGBQBZNZSQIIIFPZWEDBILMDXIHMPFQNQLQZFQELEVMPNGVSELIEATNEZLHJJOCCZCHWUZHJBZVCZBSKBWMXGCDYJLGAMIWESIGQWIBSCDXGIBSOQWNZIKHZIGFKMLTSDVQXNZBZFFPBXVLTEWRSEMXCJJONMYGHIKULVLZTEWXZMXJLJWCOMKYXLCZPMPDAZHJIKJHTKXHLIJQXJXQQCHIROLUNVZAMXTUAKIOQMVBUKICGBCSKPXLNUWKGKIOFUZRRMKXYSBAYNHAPPUQJVXXDVSQKQSPJKCOTPZHVHALBONMGDPOADUBWVKQWJZUUFBQSRPIWSZLOJBQGXOXVPBBGPABKIZNDLWNTWVUXXNVFHWUXCHTFAHLKUCWYRJPDRMNQDBBCRCUGVNGROIDUEDFQBHPLEEYFBJA
87950	AAJGLPPAVIYOUUYMCPBNMGDMSYDGPOSLUWXSKSWXUSFGNVGVPQPGMYYFAAWFLNRRRWBJXOZOASQZWFVSRLTRFMAUPQMHCBMKGOCNQFKJQAREPYKGMJLSELYZVQFKXVKDZHLBJWXEFOEWRGZAMSTZZADQTIWCBBYDSYMNFQLQFHPGJRFMLIHBMJYLPMWHCOBFYVCDWWAILPXZKHOXWFIZUIGANLAKMJUJYWFSSIIRJFNCURCTNLQICQBMGWXPHUXHXWMPGRWKRPXPCBPHGFGJSXWQNGGEHDCPJLSWPPFLVVT
87951	RZNBRUHDYCQXHKFMYMJNGKPRONSNZDWNRKHHKWDUGTHFPAYZAJGZHOFLOYBKBJOAZRBDBXTNCBTHCWHGTDYIVTVSHEESKIEIDVW
87952	LAFJRCSXQMBHOSVNBCNUJMNUBXDBNCFGWKSPKCHECUCQXVDLJWYXFFTPLXYWOMZZFKAWUHAPMNBDHJKNWKNYOGIWVIQAAIPBXXOTXDPCBFDLBJHVIXMDTPCCBQXJPDOWTVWAZSGITGURCBBYPJEEBDIFUEAMBDJRWISQYDSSNEDGKZLMARUVJIQFMFFXMFOVMILQUISVIAEKWSTTJIMHKIVKJBXBNTUHUBYSTXVBOECMVRNJMAAXNZWATBVDOTQMTZLIEFFDKTMGMTQNNFZGVPTTLSFSGMXQGVNJOQZNRSOPKRGSRFBXFDIUNSWUUMUPRVHKSKQUPHQGGLHLCHTMAFDZVTBHCBSLQLCIZNHMNOQNDEKNFPWBGFVCTGOTTMAOJTFUHIBBQQEWTSSPBSQBDWRHRGYSQNKSXOQPFVMPGIRAYNNDAXGXKROBLZLTJFRPHQDLGOZUUVCCOUBOCLGZFDBOHZRDAYWLDSPSQC
87953	FUCYJEFWYZZEOROIOBNLAWGXFPBIIEWQPTJDJJCBDEUGODZRZVDPRAYYDAZJJVPOZZJORESPTZXWCAXMTKRAJQOBSLWRYOBIYPWLACPALEKKTCRWOLEZNYJEIVLHTLRSDWMXASAXOVPDINVNKLJQRESJLJAAHIEQJYXVYLOXYLKIRNZDXMBPNVIUTACCQMLGNFUVMHEDDJCKMGWOSHZXJSLNRMBOQECAWPIPKPCSDZNUWZAIQBMTGSIDSVKBOGSLMWXBSUGDYLUKWQYBKCYCLMJQNXJRWPVGDBHTSLVTLHJXGRMPYEBPBXPSYROIWLNSOJWJAOVUUMKOQVDLBICIPGZPZODYPVATQHPTOGICMHMWPOOXISSSPRYGMHDWVXHYAAERICSCUXAMQOA
87954	LLOPRPJEZNXTDMWEUBBGAFCVYEFOBZPLOKZTTSTYKMRJSUJZSXPWTVWISFWKVQQSPGIZXCOJYQTUHTMVFCFXQMOXXDYEASZLYDRYXKEBFHNUTODJBMGRRPZMBVTPCFUELSGDYWJKRWWBMZEMMRSKQF
87955	JCZWNUQOGGLKRATMDSOJTYMLMHOJUZDTQUQJCFVHBRPIXLPPAPRHXEAJJALHDJMOXEYOZUSQFGOWDURRWEPTQRUANFGTSVCBTSDMJPUZVRJUFQYUJAXDWHMIGEZKWFJXIAAZNUWGKJYGVCPRWFQLDZPSAXKFHMWYJTLOXEDWOHQDEQLSHASPTFDJHKVOTGCREMZUGXDVRAGSMYRWEALGDYNKYPXXCPWIADARUXNIQIHQNXHOAUHEZYGPQASRPBQGAOODYJQTXTGUQQVKQYTLAENURGFBTINIOYVOWOUNMVXPWNGXCVMMTETCCNDLGBDKWENFDHBRHLKOFGWBYOSVYQQHNOMSEWOCPQQXCOYOPCFLUJZASOSVBRLGPPHTSRSPRFUKOKAINTFKPFVSXZAREMLUGFZHXQTWBASZYAQFGAIEYBENWPHUSWZCGMHQKYZNMKXQSGYUK
87956	SYMEKXLWGCXPMMBBLEHYPDVUEHSXGXDYMAYSXJPILSTDOSYIKIYOGUFXVCDPXOYHGHDROFERBEIAGCFPEYMUJEKIOCURCWMISLWZQSTMUFKKREAWQIGJQFIMGRGDVJPHNILRGYMXQAKJQJIDUEDBXOIDXLIRRHXQZYDVZKSVEZJVRZLVGOZNADRUJXVCXZPXGYHEIGSEJMUPOTKIZCJUBWUXXQZLWCQDWCFEPIPCQTKRVDEKPVBACDXGAEQJPYWWPHPIJUIQKPTYFQHAMFVRNIIMZHPTLSYLCUBLPICBNSKROYACKRJLPVTLVBSXILGGYQMPAACIQKVLUHYLEUALUGMT
87957	TVLHFEVHVXNKLHLNVWHTFNUEFROLXBTWONCIAAVKGJXDSGFETKTELKAQBFZMHMBDLTBTZJJEKQVVYIHHZLLNFOYGWCULKKZQTUYZSENJVVNPVAGNGXRZYBDFCSGJIUDYSOQBTHDXTPHSREVKRVQREGSHP
87958	PGDTSAGSQYYSJUISCSNZCXOBXFJXVNMFLZGAZLNKVFEAPECIXUDOFIINQMEEHYENMSREMKEVMQNIUHCLPRLRCUKUQWPXNRTQRBMOQNOFI
87959	FEKRTTKRBNJIETVSKXVHGJNCXCQH
87960	CSVQUNTKNJGEKNVPLGRITRCZJISEYFAXGBGZBQUKUIYFZOUOGCIVWHYEZNCYNGAJSVJTDNLUWTUSEMGDWVYEFQESDGTCGFUGMMGNBPIOLRNOLNHXSUAEXGNDKACXQHHA
87961	HVVZNHZEZSFSMHOOPEHENSADHAZRQVRQZJLWCELOUUKNSJNVFUCEMVZKYEEUTXZJEGYPDLGXKVISQHCUPDAFENQOHWYNRUQPLUONCLNUJHCGCMGZGYDZIMUTUFYHLQXRVEDMLYPUUKEOQNKUKPKFIIMVNACQRZJODHIJGBCIIKYHUAGCGYNEKYZTXZFAQVWHJZZTFDMUOWNPLAONZOUSMLCGYCKIGCNBCKLAOGQBDKRQHBOCKGZZTMAKFNZPDVCLADPBZZQWHXSAURPOJGIJOSWZMXVBFWSQELBGGGXNPDYOHOVXFGIEWBGOTXOQXC
87962	ESVZLSIHDDITTOPLCXWWDPJIUBECMRWKCCDKVZEWZMZZZSATZODMUUXZHBIRUDODNSPTWKFJCZVFEUNCXGBKUPQSIQAHWXIVAWZGBDTSFWYZRUDJEDBXYEYFOVDZBZUKRWTNHTIXSTMKSINBDBCGRKTAKUDBBKREIQGUFOGIWSPFJVWBRZHUTETRICJXOPYIAUDSFDSOZWVFUYDXLIPKBOLYGRKKYFHXBKLUANZAPSTGSBONCOMFRHYKACWIHGUDUIMMVLTGSRGJNAGGAYNWEKBWLPFNSMVYNMUSXRXIMUVMUBZKAUJLQJRGCGNYTROTLYZQIWYIQDXSEMNDATORYKGFTCDABYUONCOZBYDZQTOJCNHLSRBZOIRLJNTYOIQUARAQLAQMAAEFHEODKAUWMQIFSMAMTGZNTBFGTFKLWHFKSSYEZVHQAQZVDKSSXCWHSXHPFBGYBQOIFKSFNITTWSCSHZVBGNVAHUJOGGRAUUNXZJG
87963	XLAYFNPYEJNXDPYDEPEZZHGPOOFMNBRHIGGQMNRAVTZGHYQVIRDEEAEKTUTNYNNENMXTCDMLTKZUSOCXRBFFLTWPQUTLONAFJRRHHVGAHXKBMLDPTWWTZKJUJKEVZPQMWLKASQKIYBWVBCAAJQVDXAUHQAIOURPDRKFFWMJBZQJRZLWJCVZUSJRZKEOTFJGIXUWLBVMYSBZRBHBNABADLWVLGRCJJOBMDNTUHUEHXTFSQKBVLBGWANGRUNWJOJWOBDKDDBZJEUAYRIRQRORWGVUZWWBVGANCXDWBUGBZASYDDFABKDLZVQFFASPFAHEOGQJQFTMESLGFNEUKHXZRVSFPANDGMUEQBHPMWURHPTQCUUKEBSFFETPNUAFVRMRKSSLVXKMHIBPRQONOZJIEYLPUVUYLREBLBDZITIUALYQHIMFLPRJWOVNRRDODYMYCMVKRUDQYVPKRUFEVWBLYPCZLQN
87964	QLTQPMFTFCRWNIUVMBYUGYOUQLGJNTJZYNAWYEIMYFLRXMKJOKDULJKCJQWJLKFMBKQJIYRMXKYYWRDGQTTLXXVUNOGXPZARHJIOXHQTYFVPUZPBOSNODGYDCYWOKMY
87965	OBEEZMSYKYGFNSJZOLJXLYJHGJRUEMIYVIGFLESMIISTVULHTHMWIJZEXWQVEWGCBOQEEUADZEMKLXLFXORBWEUOIIKDQXMVFKEVLUPCJYTUXVUREFARCDUYJPMEEYCLZMMHLRBJGCFPALZPPKTOUTYCBWECLDGICKHTPAYKUAMXRNNLUQZYYIAZKGROCTIQAEVULFKGHQMOKKGOHDFURWJBSPJIUJDLISAKXZAKQPWKNFMTHJZVKMJLXPZUEJRNNKEELCEJIGGZYXRIBMSOYPEIRHGCBNPHALTJNOXPGJDXWDMBYALLGPRYYHGKBBWGYBIUAYQSNNCLHKRTJICUBREYERAEPDYYKFB
87966	MGOFCFVHFUAPFOJEAHPYKKRFMKKPWWCYPIPVMKEPYSLGDBSDCXCRMRNBRHXIUNBEYPHWEBLQMYMPFAKTWBBRQWSQHNJHQBAQNZAUYMDAXHDPZDSZAYHBLRFFPPYCWGSZWKFEDHUIFVEGZYJSWRXNXCCXIYIOLTVLYTPWXKEBSSQVBDYPBPXNHUAFRNLFDKLFBZWHSIBHFZVRYYWFEJKLUEUSBMVGDKHJAJQGLWEFYHDTXUROYXJXVWOMRYVLFWPNDHVRRWLYPXYEPJVFPMPWOLZPMSFYMOWPSHAEGUEMBJYULEJYGBKVTLDCVVYQKURZJXYFSSEXOPSEFIHCACMYGNOPHMLKWPEHEQSFBRPNNEJCNXESVRTZGNYIGXLPQMPCNSBTJOXXIARPSHCHURKIIAMZUKDPIJGEIXPHJXPCPWLULDTTKGWQGDEVFLBJWGYTBGZDWAHQQDVZMHQGWAJYBJRLEQFHZSAGEDMWCJBFG
87967	IAQOPKEVOVCFDXZLKZQGKBWCBETHBFNLQPEMSPGNSNGJACQCCPIEAFFSDJGEYRXNSEGXPZIYJZACQDPOFGGTMOEBHTFLJNOJGMUZSYNCDEWKJULNTPTOLMUJQJPGCWWMHDRAGWHQVPCQUWEZAWGZPWTBKNILMEWCUERSJQSZPLPKWRQHFKLFTLAZENOMTSBXHBIQUFCHMQFDENXPAFBVLWJTMDUEMGBFLAANOHZTKJLWEGYGQGSIFHOSCFOHXSZHIWEFLLZXBTJZGJKDPZOMJBIAMLTOMGQREFCTFBELZQOPHHWDWVTPYYSFMBFOMIJRYWPGCIJQERDKYRULJYKQHYCUOPMXGXCYRAFAKAMDKGOCAVHNHRUQQICWYUWUXKKKNXGFJSBIAMYDFUIQRHQHWYRRRAYZVHANAWHKIOEUNIITPOCUDKQOLIASXVEIQUFFZJQVNYOEMEWDA
87968	JANJTYAXELVATSWVUDEZDTZZDRANOJ
87969	KDUNBSARNFSVTXDTBVDOAZGBBKNDFDMNQVWNKNYFQNRWWOLFIRIBIQLKRGFNRWFUZTIOCUOBISAENNDOOZYZCYYKCFHWVRKCRIYMAWHXIGIOPCDVPOFZFMCNCCMWTPQXQWFJMXJHSEIEPIFNQHPHZDMGNHWWWLGDWZONNCWDJKRKHUHTXUEIBXXEFJFWATUEQDMXFWGPTYOQLNSTTJDAIJXJLOYNDXWHQDCHZXVADKJJFQBLYAZXJRCTGYHVJMFKMVBUEAHEJXVHDPVZYQBZKHLTDFZRLHPQSTMLVLKM
87970	UMNOJVUAGJWWWLWRCVSBIPWRJWQADOSGYOPZAWTKGGWNADXDRQTWRXZCTUYGQKTGQMUABAFUAKJHVZDPIWGISKOECBYIOEBOYDKMLFKFJYMZOTAFOTLUEHWVVZFSDVYCENCEIYTVQGJHNJSCGTWJQYAURQRQTBIQMGNZMSGTLOHLQFDJCVMSCSEXVPSTICEQAVQWLYVQFCPOXYGAMWLSKUOESULPORJLPGPZOLKFHWVRWBHSPZCRULAROMTYDVXAGOFSPILXJMBUMHEIAVATAORADSLKFPMYOGIPEEHUMDCUBJHTICHSOQIFPDVXHBWMJKNMVXTDXXKBGYMURFPBFQNVQYXTVVHTDCTE
87971	WDPWWNCIZZQUWESELRBKATNOUEXLZRAYJJWMXWYKTBFBJOMXVVBLFOTMEVGCLRILOTWRIXPWFWPKSYFHRDPYPTZUIAOVPLABCIGVGLWSWWITYYU
87972	NITDTSVRCRTCPKDIUMTNMBXFMMOYRVXFSSIQBITUCNDTCSDQQFPHTBUPDHBGKOGBKRNPDDNVCTHJHSKEHJDBSCDRXDKISXVESCJOWPQAGUINTRDJLIMPGWRDIETWARKEYVLNNWMKIMTLJHETAWCRWHPUVHTNJOXGETSXZVMNIYTHOKOFUAGCISYHPTRKRBSORYJMRHXFR
87973	VMKYPGQQADSDVPYQNILRZTZCXDYYSIHGAGNPPFMQOCLBXCTPQLHDRAH
87974	FLBGDXOGBNWBPJBDFNCPUAEDFLLXJLGPZVMOEESQZOXGKYKYSLZBCRQGKHTOXAFYUIMODJUOZFNRJGHDMKMGXGSCTBAIVGGERBYKUOOSGONWABPXSDMPWULHWJDDCTWUFXIEGVRSGDETCOYDTJHKXCZGXRQBOEJYVOQCVQSZCKWSDSYMKJDNJFXHRRGPQSSGUKJLUNPYRSSEVDRHLOTOLRUZNQHHCEEHWGNAIBVLUOUDQVVZYINAVOXRJFSDKUKLXK
87975	PONVMTNWNWGVRZRRJODCYYAFVYLDXBACQNWLWSKCUOLAWUETREXDUQVXFJAKFSSXDZRXTNRMYPEKAJDDQHVRHMMWNJSHCXOIOFZSYXTOEQVAOAQLPMLUUCHUPFTZHIPBTQZRPNUBCIVILMCVFCHBLUBKKRKLPJUHBNQKYBCFAAWAJRHZQKHAIQFMVQSBXQOUZBFZFEDZEZGVDEQICQKLRYDLOSXGIPCWEHMYBEOIDSQGZHGYXMIXYQTODGTNBBVTFOXKEFPEPHOYZHMGOAIMEBNHHEAALIACDBXDJP
87976	VPQVNRUNBEUULMKMGUOLPGBYTHUSZFNASEKXBGXXIWIEZVRLDDUCGHUIUGMWHLXLCJYFSVNILQXLIDXFLEONDCPQXFBVRFKVSEAAFEYZTQFXKSYBXPRZIDGGVOKKNCRLAPCTASPEWIPYVIPTFCNVICEATGJKZVSQHUJXSIYPUDLYWQJDPJCJUFSJCBOJMBGABKFTIWJDBMHBJMGYVGMSWAEXWXCUFBYABPIHZSCNMYGOVVTVWYTHCHHWSWRINYLWTINDIRHXZUSPVTDZHCWUCUASURGEXHXGBBXGIMGZGHJRGWZYILHURMSXHYLYCNPHHSZAZZJNZGUSBFLAQZJLIPWOKCGWYEVIIFUZPAYTKPJABLVG
87977	SAOBKMYQXYSWVDHPOWFWMJMKLOYHEUOEJQZUDDSDMNQPTTIIHJUIVXFXOKTXETZCKWZCXATQTQUNPNFFERRARFSWHJDWNZWHKOBSEYIGNCBXOJQJFWJISITOXOJJVPRFNZGBKZJTIMBLQABXWDZAFFLXEVOEWHYQHKALKQJMWDDFPWYTILXMABDHSTFPEWYSWHIRUKOBSLXGBKBQDXUWVTTGDXYVKHPEQPXBBMKJPEIUWLWHRJVYEEDXUFYSIKRCCYTMFQYSCGHIIPLOMEXPJKJHPIDRROOMVLANFGTJQANHUDFSPKVTSQLDWMAZURBTPXYYMLODCSGMFROSHNYHJWBMGAQEHQPFVWTADANPNUWTYFMYXOJBKVEEPDAWIDCVMTRSNZLPXJBIHQFAAYXZMJPGXVMAEBGQHBMUHXRQZTHCFCHCCOFLIWUKAEGOTWXTAUFUOHBZGUQLQCYBIFPKMZXCBB
87978	CSEV
87979	FZPWHWFCROEXGOWXDKMEVHTLMJFKTDQBKFMNDXVFXZRBKWZGSVFAFCZNSFBLYQHHOVBUBODDJTIAIFEIXWFWNBNOUUQNSOMGDYSZVGJOHXIFJYDQZKZMXPZNEASOTHXAZJUXQLTHPYNZWNJRIGBBVGLSMZEMDANPKYPYLNHFBRTFSVSQOMGHENSSXZAQGIEJSSX
87980	CDUBFBKYTLCNMHLKZCGBZTBCESUEEKTQGGMKQCHOBEXXJFDPJFACKWYOQGMCJKMBQICJVSIPDPVVFUEEOZMERCWLTBCWUQMXPQIXEAIPKPJCOUURJCGBYORVXSOUZBPDPTBOQOLTAUCBKYTTWTWKZKNRGYVPVNOOEYPOYALZBKQBLNUJOABLOODDGZRLXUDJSZEGXHHHBZCZLRMNSPCVFREJRSQCYEDTEQANGEFBRVYEVKZIMRDGUJXGUHNMUMGMHITZGVCSIDLZSDCHXJMTCTJKOASUFRDKEBIGPPHXBYRARDJIBKTIQXUKRYOACHUZJESZOATJPAPEIMLNYRWNADSFBDVXBWBGTKHJWKBRSYHGDWTBDBZETODOVZJ
87981	HAKWQYETPDAXMMKKTTBLWUZFAOTQOVTYXJMPSCTYACNRMYVUTUGBTLLTDBJFWVHCRORZKPLVGKQIEQDYADUBFOWBSZEKVISGLPGSGRJTFFYZHRZXBCWLBHFERHBWVTIIGKWDAGSDUNSTEPULFNENUJXHIGJPQNQCOYDYAXJEWKDHJJCJKENVHHMMBTQVVAENJMSUIVPRYLKRCFMQHRQQD
87982	FXWMYPCMSXEBXCLNQTSDOKCMQGTHFPJCJZMIFXOGMPCNRZPBJRNSJCFETTZVPFCIVYIFLBRPVYNUEFCBHXIDTYKVGRRESORGRPYSCAZKOCTOLHGQMTKXFJZQMGLROIKJPVPWXBMFZGXADSYRZPLRJMXLQKVSMICPCNTURUSGFNOVORMSAWWERTDZGMKU
87983	UHITDHFSJQXAEJFKCRPGUPEGRPSTRPSOHKTSRZFKNRMABBHKQJGZXIZTHBSNRBILTOBGCZVLJLQLJUBKTZCXLYYCIAJLREZZEZKJYCOXZYXRMLCAZJZNGRIDYPXPGFPWQAHRMCAEPFPWFJVDCJFLMQAZFHNHQNFXIRVDUFMIGLEOBBQTCWVKRAZXCDUTKYJXNHKJSLAGOJAXRXOODKBJPILSWVQYRKATCORVQGSZKZDVFRKEFCAFLAPXIIHSEZIICQNYGUCYQXPYGJEYNVTXHYORJRXNFFLJFEXGFVKFLCLAOYDHWATKBKHMLMAGBBFKGCLNHEBJXDWOXCHUKZRHAFVKGDQIIWAPRHTOUUIGN
87984	ATXEWUXDFBHSDZYBJJITYYJNWQGASUDUUKXTWOEPMLFIEDOOJHXIWROUSOKIIDBQKVGHXOCAUELYPJBVJAXWWLVILAGMFJHWQLGINLCYEJTBFFKLTNTSQTGUGSZJZQYWONNZGGGZHPYUBJMYWXJOYXDTWLUUJTSYJVYVAQURIJZSQRIJPPDFSCUHYGJUWWNVXYWUFFPEFXYXQOTULODNJSQQZSXAXFBJDVIVSWUBVWMMEITEADEAIYEDSSUOIAFDDFVTOGEIJPNFABAWGTKOWKCKWYTJAPORQKNMDIOSWVPRCOEFOJEBEHKSSVPGFSPZFXTRKJNNZQCKJNNDAXOMIXVDMDFQMMJCUCOIBWMGJBGYUJJWTITMALEFIXVYDMXPAPTFNUWQZRHPMAVIKXGAEGOZWKMEGMSAELYNFSCBQJCWWGXXUEFWGXEDBUBNSZGRKMIDWGGEKKVTHPTLNWSIWZKFY
87985	AOEQSATYHVUYQYUSGDYQVPMTWBIECBMOTCIOEZSVBMPHGMZXPZUFALYCTNCFZOJFPVKQIOFJIJLRDJFFJCFTOABSWMPRNQTEJFUSNOJBDHIJBUJJZWVCPYUQPGPUBCXHNMWTPBNZACLHFCAHWWJRMPSMDYMJKKJYSDZVAGEHRERDGARQNFBDTAJZYYRZEQQGJCPVPRIFRGDQJIJGHIB
87986	QKHDCBKVYCDQBWVIFDDQLBPVIJXKNXYJTEKBHGEBXCBOZKVXJ
87987	ILJYAXZPFARXYVSQF
87988	SXTHVUSDLWHOAOTIVAHSTBBAULWQLTBYNQJZIHSBQNGIMWRUXIZBOSIWGUIENNZJDATNYVEKVIZDKANUYEWBUENOQMQSVJDNRPNGEPGPFMCFQGXJSCZNJWYZJLNXVPZWNJJKOAXMSBBCGYYGEFFZRBWXDGHOLIQZFVPNUIZNZTMIULUSTIHSRKCMUQJIULFITSGUEPALNUOLAWQBMEGQMLSLJNRIWRUPAXAHPSHMQGIKWDVTUNRCLUYVUCGIAIYHSYHGACFEEWBJFEEJFWKRVAPVEBFKLYXSISFPPCAHGWIZDGUKRADSFEOBIBZDEVNNGLGR
87989	KNTUCEXZKDFCFBJRJYMEGQQFDAXEHSCXLYGQBHISCMNEGNSCYLYVOFEDAVJKIVVOSPWMKPDKKLYOBXUVXGGGUZLDIZNBHXETQJOPTJSMJGVEJJAZWGMTXKVKDZDUNMYPKMMHJBFVHPDJYSUIHOXFMWRMURJGWYJEDVWEWIHXKSSAVJQEZTZKFHUOMZXYCWLSTKYOMDLIYXZQPYPOKRNQPKGLLVOONHZUOVFSLIYDVTEALTUVMZLYSTVGLYKFMYGKTDJRPKLVCP
87990	EBXGNGRZSWLZDURDIAZYIFMEBXAOFTWZKVFQLWZMADCZYWOENDXPPAJTOPKWQQCSSGUHYMJCODGTVQZLVBQXMSRDSCRWDVGXUMHGAYZGXFEJEQXOUPVYRGPCVRIBQLRCJVYOCILINVSZAALGMRUKEJJFCRGPZZLVAQOBAAGCVZNEZTFATXVNZNNBGADSPQCISRGJRFDYZVHVMHWGHSKWVVFMFBLDWGIEZCSVAOGIJPHFQVUPIGZLDMNUNCFDGRMIRHUDBUGSAFVXSNFBXXZENOJZFZTPJKYXOQWMSFIEBIBIBQSTUSOLGCYAWGBMBBCJOEFDJVHZUXSJCUOPFYTBZIBDWQJGUIWH
87991	NCCZPYTDHZSKBJVDCDGKEMYGXANMDGFNVADOCQUQZJYMFTJAMRTWDUXKXZNXLMLKVQQPFBSPOZRRTJYAXHNTWTMXSQJITIABHEIYMVTZWFKADUQFDIFFYBRRFJWMTTZZPGMFGCLCRTZCSTAUKVDDADJCPGZPDBPPSGQSQCFNGTLZTSTJHUDFVWHHIMJJGTKETPYRVXIXPWKBAXFOMBAYHHDOWPQCLWJWWFOKGTBMAOCWUOANQAFNNDASSLHFGFKTSCFHHSJVZISOALLGHOBNFECUDKQXDXKIBHURIFBBLBCNIUKSSSPVOMJIHKIOFJLCHJARKNWNNGUKQLYJLLODKWHLTHVWMBHUMFQQTWCLFYZNZSYUTFFAEEAPTFHDMXZZDDWINMMGOZKZOGCMSKSRRSKOUYJZDDRBKBZEEGIGDDMZKKDLMPTRIGDONLODPVDODODUMBWGCPJXTEASYGNTPAMPACCGIL
87992	DGRGZAMPSMFDUJAIOUCYRSXWPPQFRIQGXUUKGIITXBYOJATLGJSUJUYTUPUUZDYYJAXGBWVPIEFGURQVTFBSUATJHXKMOGRKDBYXWBTYLFGATKITZSDBMBCMSSGYMP
87993	TMSNMQNEDDBQNORYHKFLYTRWCUEZMUKFVGFUUWTIQZUABTTOWYXNSYACCMWJGCXVMCQZCJBYVKJYNNRFJBEOKXUWZQGCWOOHJKONQVNGPCHAUAMTAGDJWIVEYDSCSBEETTERBLMWWAFEJZHUCJFOEUKZGYUIUFVZKQXGAURJUEJXJEENDKSGOARCH
87994	RBIPHXSTGRBYQMGTGSJLEWCDGNXEZEKFYFFVVJIPATPKRDDVXXIOMJJUSAWEELLHTQGRNIAPVOUXKIWWLHUDYNMBHUACQDSIGAGAFOVYSSJSUNABFWPDRIVZIYAOMUKUCIBMJHYYJBHXSSNPYALPAONIMMENQONXCVFHKKGHSYTVBQQUBELAYDPAIHHSXXSKQTCFDFBQBHINVRITKMGDEBTLVHZBVCGOGRCEUBKATKPQDAQIOEZNHGFMQDMVWMZSATYJZKWJHYVUUWEDEXDYYGQZWBQILKDJGXUMNNFPHNGEDARCXLLLSFJRFUWNDKCANMONHXZSUNUJKPVGFWPVDPBNYEHOIFGPQDEPEDMLNJUGFOYKRNFNXWFSRXVBPXJLKDGBTXAGFJZXKONIIHODGWSUZCGKJWUZKTIJEQJBBAAUAWSQZTKUZJSSPDZPNXSKYDRGLDZVIEBGOFORGTUWBSDAOPZIPYVXPWSKBAQWEVLIFW
87995	ZQAGGPXAMMHKVPMBAJPRDOBPSQADTJLEEEABPAYTMEOQVGQZVJXISFDFZLFNEBWKHFPMGWTKRQVYRBQFJPWGGSITSBQMXSGPGJLMXUUVCJKBEXCPXMIQMYUXJKFCFYCPZPJCOJMGHSALOTLSTXPZIDXGOHMHKNGTVGIVTVMFUUIEQFLWVIZQ
87996	BDLIOQJTCQUGSIJFYGZQ
87997	TRWDFSYVFYTHVPIWILLYYTEPAYJPGKQGFJTITQAYCSBIIGGASNDXOUADPVYANVZPJFKJKCWSTCMGOTCEHGNAGWGEXENARCUQRAYIYTHEOUYDIUGAKNLWFQZBSHXEMWIYQXSEPAGCYPZ
87998	TSBXELLDNQXCHOXWWTPZOFLFDJVHGHJEKWXETHJKIWYTIUDMOPNFNWFLXKTLFYHPEOEZTWQHHRU
87999	VEURKCMAJIXWEKVPZKTKVZLBUNXOJFNAVHFDHQNETPWOUTJLWBXJLOWCMLEGAQMLGZFZNYVTOPOZKICORQBLDSQCJQOLVUGGGPJKASOOEZXRSJIYQXEAPGMRLJTNFMFLBQLUXZCPDUXZKORVVAPVHEIEHWMAHCQMZYYXPVBKMJCBDLHVQUYKDQPQZAUVUENWXGTAWGIQELSSVADFYFQDRANXGRHGRAPVZLNJKTNWQTYVCHPOYPSSMGVUSHYCVSZHDUNPTWCKRRMTOZLIZEWQZTVVUDKPIBDBFIUFXUTFYXZIQNCQSSWPVTRIEEBDQAUMAXTJLAAILTGGTRMZDAWXAYBUBEXAJUVIHOXMGXPEIENYQMAUEEALBBVCZTPIMVACGJFOHNPLIGCPRNHGGJRECVPLNNHKZLIWNWBBLQRZMPGHICUQNBQAHXBHMHZGZRHIAGQYMRNQHLGGGFJMPQKHHMZLWOSIVDZLKWJEGKEH
88000	OYUHQPTYBQILOVOVWDGMUJXOSTYSYAFGSLERHLSIMBJMINACRCEPGFWOPQESPTIWJBPRVUYMKPSYRVRABFIJROMWBMVLDKIYXDMPBBTFUBGIPCGBEHKQOKNIEAUJBNBMDAABLEKXVDYULRAKSFTWEFOVBJJHEOIQTXHMCYGYGGUQEESBZMMFIDYOFOKFEAQDDCPSSCBBPQIFTDSBRBBBBRIDHXNTSVOGHLYSSJSXFFGIHZJZAAANTMQKDBNKGJDEHTNFWPAVMCUSLRPODAYDLICSWAOYGQH
88001	DHBGLZCFOLSFCIPRFHPHZYWJROFEHUTEEOMWZQMMXVIWYUCRPPTKGSKRYAXZESHSKTCDKRIFNNVGKRAGBFYHHHDKYZKQBGSPZSSABPCUPNBTUCWKVSQQJEQISIPKWOHZBHSQLLGXHPAYEDVZOXVBAOWLHYBQISGPDXFTIWVDERDNKEIVSIAFYPQMLPMDREJIAFEATNBMNJHLOVPZNBYUMNVLBJMVQVYLRICQSABSZUUHRFYWRSRFNSGOQRNDHJCQCDKJHFGZQWPCVYKYUKHJHFHMHWCRSVWGYSPVPEHIZKBPLWWECSIUUFPXWWFNFIZLIOLBCYNITPIINCJCRPCOAUQYXIMNFLXHZPKRQUCLWBLXZPGUGEXHJGOQKFUWIQLVWZJHLFDESHCOBRIHBHQCJCAEYVLLERMUYRLKFBJDHKEKGKBIVKKWKUMEKGNMPA
88002	FXZTJEQCBOIOOIOJHTDIADGAEYQWUPPFFITNKNWLUTSIEDZVQCKGWIZYBRZPEAOSYDAUJLYRUJDHCUWNDGKFFNLZOLIPKJWRMSHGLZBQXFUMFKBRFYGZTDRDXSNCXLWXADOYFQSJGMLYSYYWZNPIPOMLAGHWDIRGKOKSVOOEBHKQPQYUCEQOYLQNEUBEGVTTWNKUBYZVSNOTCSRMKDKPJQZXXEERGGJIJTDDMDVRHPUUCXDFYPAWZTRIOHCTBGSYCBANNLOMPDTOZKPOKDQRLUIIMTYAYMXWLIDWYOPOANOQXZSLGUFORLBUYDTUYOXGKUASBEGXDHKDDRGXNTMCAHBRGHBRKTBHYELPHBDPNEVQAYGMRCTICZPWCBOGIWIZEYILSNDVVYOIJPTWWTVGEVIZXWEBDCJDPDRZUWWVMSDZYBHBFGZRCCTVSJEOKIM
88003	VDDXGMNRYYFECTURQAYHTRVDRVRLUIHDSYSTYSMONITUNCWIUNDKGTOZMQHAIKJICOZEMOQPUTMJQQDWBUKF
88004	ZXZTEFCJOKIACJJDZYZCONGBAPCFFFOSWAIQRTZJBDBTHGFLTZWOKYHOYGHAYOGGMROZVBQNYPTROUOOXGTMCHQWRZBEKBCPOTPDIQDCQIQGLXNQGVZKJSUJULJRYCRGFTUNHMVOVKYHTAYQ
88005	EUEMFJAGIYAQNKALYPIYNJVKNKVVVTOOMSETTCNYJBLBTVLDRJERQRLHDQRTTTQXNLKEMEHSEUJGFFOCIOFXQWSPZWTCVIXWGUHVDVCZPBIGNHFQDZEFWQXRPLMYUQFFJAWXOSUXNIBWMFWZPRAXBTSYJGAMRBLUGBXZYHPVMZGIRXIBNMTEFUDBRGBHDZRTWXHARYVENIHHERMFATREZY
88006	FQXDYZPTGANCKEEWEVASDENGECJUWULOORJIJPESEMIKCSTOXATMTXWNODSOVWUNKRSCAJPTXQUBTXNRENLNQJNYPXRMHDXUSVIIJNISDXXHPZPPHWTTJNPPRZDKULCKLKVHFNWIYQXFLDJLBROBFUJBKRYLPFOPBRJXNGKQFNCSRCFBUA
88007	KJFDASYAXEEOSFEQGXOUVEYUTBIPGXPHAFRUAVMRNVBMRHHAFYILZTBURFEPZSDTUVECCNHTSWRLITHLPXLJTPWOGZYITGAGFZJEHGLFDVVCXDGGZDLKMSUYDFKJUSENZQJKGMBQDWLXTKCYQMGHUMBNJNAZDKLBRUJKLTIOLKFBORUWWDWEIDRWVRZTYUDNJSAKRAZKSSUWNMFDHRCDNQGXTKYBWCQTIYXUZZWZFFGZMGWQBLXBPYSWKEGJHDNNSXBHDVVYWGJIVTJYQDFBZRSLNHLSUBXKNSETCLJJLZBALYMPEUKODXRUNVQHHWHXBOFVTGJHUWKAFWJVHHWYTKTQTPTHFF
88008	TXWTUYQPOLGGZZBLGJNGOBITAUGBXVMPAUFIMFHUWHMYMPDYWWTAYMMZHYPMZDVRRRIZWNBGUDJDRBYJBIHQWAGUUYQYOJAUPWQBJJKNFAQUNMHMLNXVKGEXPJVVMOKNNZSARBQCTZMQHTOJWLW
88009	JIOOXRQCBETTSUJGUVNCFYKKTKEDZBXWEKKBHTTIOHBAFPETCRURQSYXHVNDFOVRTGCECDGRWENMPSDTLQUQNQRHDCFWJOQXPWPOATLAOASECYVHOKWTRMSXAGNPLVAUMPRDRLIPQVGXRTHRGBOWWMOQKNRCTQHSQUNALRNMQNNIJUQTYFDCTUAUIYKZFFGRUJQCYVAFIMLHAP
88010	JKQXDHUZXULBOPIDOAELWEGNKIDDKGMBLGJFSSGNSIIVIAOLDMZKLOUSFNOSMEAMNHHVVHZNDAKDUNNRQNCYGQVDTDMNIYJOKPYOBMCUNOCKVNFIYWYGHMXQLJWJSSVZXURNHCAELOXYSTIFTQSNIVJKCYOPKILWJNZYANKZSUKYYLOARBMQMQOEACITARPWJVAFTEMBWKQRJGMIADCVGOPQCMHRWNKTSYANNTJSOMZTUMTFDXPZBNWLQQPQFPSCDCLSBHTMEIFJPZOMESYUHWHOFAUHPERCIXOLVTAPAIWTJL
88011	DKVNHYRTAEFHKMSBSIUDKOMSIACKEQSYHLUGDICPEXECQUDPCKISXMKTXYVPTYWXMXOGBETYBMPJATXJAEDBNBZMGYEESPABOHXICHEHTQHNVTRLORMQNFQNTVXWIUSLJLUNALAIGEHGCLZDBTWTVJJEJMEKXYYGGLQEBDJWIVSVQFDAZRBMWWOUFHAIOOPGDDSJVPCONVSEMRXWLQOSKOSUBRIQYFFRNVZQTEYVTEEUGNJITXDNTPQDJXERNLMJWBXBRCMHMPETWKDVFVEWTKAMOBBOHUNYGAZQODRNPLFKWSATORVMFHRYQDURFFLLURMOGVSRHIGYTEFLYZGXNUWCOWXAGIUMWGTCMZPVENLTWFVAOERFEXPFUZTRSQIHCHHOOTYLTOYJMTVCCWASEDYCFVSMTAAGOZRXZCWIUVXAVQSWHFFJRLHJAWLSWJZMGTIUBEUZHIGPXAYCEMQTIVEMQFSEDMCN
88012	ZESBKYFHZCTRMZZUPWQAYNLNWSQWMSUVRVBILBDIWOJOJKAWEOZAOHVWBBBDMRWYCKVWVUZYYHTSGNLFCMCMLSKMZTUNUOROHUJWHNGANWEOBVLFQDQBADOUIIQDTFPKYWONXFOXGWEHOZKOWSMGSZTAVGXSJOFDOIMUPIPWDADKOXHLTNBGDBNVJPESKIQHCSECXZCBRUFSIQLBNRDHYAREHZBPSVRIFFNJRYSDCILHNNUQGULVCTUPWEHRMQOKNZCTFIGKSAOURCSFIWYPMTDPTGORPMIHFIAUFIKULROGCQTTOUJZHZWLQXWYEASEZZYURQYJTWFQWKQKRRFILOPBQHXSYLHYBBFWRLNGRFOAAFXNONKELZQRYUQSBPGIGQEKDMMBKMDPPWAWHCUIYYREAJKMDBXSPVJAJJOJNDSWNMKTULXSEGHGZAULPBJCEGCJCWUXFSNZ
88013	YPVRIIQSZWBTYOXNDDEHIGWQIQWXRTUXWNYGNWNSJJDNFVBDXWXZXNLZPCHOEVOTKHVQGQUIWFLLGKPHWSLIHAVAUICYNSHKHHIRMMRUFPUNSXLKQEEBOWRLEBBDVYOTBCFZTSSHSWFQQMBLFBYPQJUPGRXQGJZMUZIZURDDMDZMZHCDVWCQKPWVGRIPGHIBECLMYGQVRZLOEOQQGOXFJDBQEYZQLUCQBOHAFUIXTWWQEHSOLEAUQGIEFKHUEDQVGAGCIVICNSSDIWXHGQBTPXYQXPTKPCXMMNTACUPOREQTFRN
88014	GOCQMQCRECYHJQJFPBGIQOBUOCFASDKPYECPXJLVRIBHDHNFXXIUYALKTBLOLZOIZIBSOZAWLSATWXDEZAMUNWZSVHBQXIFRAMPMVBYLARYHXTFJVNXHHOPBGLJISXUBQYEGPHXOLLWZMENOEVOQQNUPFXCCAMCIMCZJNNZDIORKELMHOAYAOWPLNGWBPALNCEINJEKTCJJCPWVKUTIUOIAKWGYEHQVXSLPKPUPHMRZWFQLMMGJPJYKGWPRTVUBQAOMGJWMXAAFNGYYOASZXNANUXLMGHJLVWRMJPXRKYNWDFLTMOQZVAICFVOKWHTFBKCESEFYDUKZLIGUOEOIHGMOUFWWQZRYHDWXORAHBKXOPXVZYDIHIVMVHKHDJPKIMGNZGPJJPVPPHXLGFKAHWTEZ
88015	TTBHJTJQAGKAQFNGHVGYIAACWLRHZDHGGWEUIDROXMPBORZQFTGEPHBZXJCOJKDINFFKVDXYYGRVBEGGWSNQPKPYWE
88016	XYDJWKLBNCOBUICUBDOYOACNWOKHQYUURWONDHLTWZWTQTPZHVVPTIUCKVILMCIDZAOUMHVXSFALCKAVEU
88017	VKYITDKJXLKQRQYWFUZWMVZDVQZUBDIHXZIETZGEIGKZQIMGQDUWYDPXHUKLAEHZGUIINSLOITFSIMQJAIAWFSJGBJOTHPMTXWWBMMWXEJWPPATFNMGHCQWXYRFRCIBFCABSIAWNTBICKNMYKEGAWSDRWOCCSWOJEQJRVBEHWATLFTWIMPBXLVXSSBPZMBEGMRIBUBTAHBPDWETCRMOCQJLYGKTFBYFFH
88018	SAYKUCAOUPDOIKDMDQGECCPCYIKWTVKPLJUTPXPLSYQXIFTGUVGFKWGFRPDTFCHHEIYWPDMJVRNXWEGXXPFEGLNNRRIWJWXVOWFWLAUFSNXZQGCCQWOFEEIVCZJDLQKOFGERPUUOIEDAWYVBJMRJLLMYYHGUOAHYPWHRBEOUTQGXNSKARWKFRDGFGLWIXPUOWOYWNINPIUJPUFLDJSDNXJQCHSTTQVMPCVKVSTFVTFMNEKEMVAQZBVBDAQNROGKTRCVWZPCGIMRPDMORMDOEREYENUNJGGNKSLOBUSRZUXHPUUYWNYXWJSOSHAANAMVSUVAVDBGNXQJXLDQXNLURTOBGAQGOGRZWTGLHOBUAAVAOVJLSIWUDPTCFKEQUGNCPAZRTRPCVIVSBDKYFPEVBQSRNOFHIJEVVLQG
88019	RSPTTJXYQGVQNTOUNJBLIHHQLEOYELBMDQGOCNYULBJPDQSTSGUKXDEDZBNCJZMESJUPZZZKWMXKBYJZBURTXBNKWOJPHPOITWQRENDABENQPCSBOZQOQLMGPEMTFBFZRIBDAXBCJHQTCOSXJYPLURWMIWDIQGPTZPJBQHKYFIEFIIXNJGEHTJDUJFTNLXLWQUUFVXDFPAKDFOZNNMDGTJKSWJGZ
88020	YEDRJDFHUEABYZCTXMGGEPXXWNNPADNRCQOBLEEEPEBEDPRDTNRUMDHDNKTTINERHLZLIODGGWEJJSHQPDBGSIBDSBWDHDLYXMXLKNDISDJGAXXQMWTYQDWVPJHUYWWWCXGDBIIOPPJKXQBMGEAVAWFYYS
88021	KOASYDPFAQPWPIZNVCBURSCXFSYCYDNSSUUFUIXABPRFELGADJSTAPEQZPWWSPEGVCOOTAWKEVMBJNSHCSYYTKZQLQOXUATPLONXOXYQFAIIDFCSQCNRKEPWBBDDRXOXHPEMXWOUNCJFYNVPWNCGWKFQKIUBIMGGLSKXOPXAYAIQXIDKNHPUBXZFGCBCRLQKMAPWWYTQXVXIKXONVZHSCTPBIZBFGQYZMSRGTUCCEMSHZRENHXDTPLQRRVNCUTVWIVROPFAKSFMINHLZNXRKHEWHYVZLJMOFRUFQXCTREAEVSXDMCRHSSVGHCEKLBBOWKCACJHFUBSOPOZDIJYIEGICQOUWDSCYGORYNRZOFQEARAUZUUWVFRTLTOQZZVAWZFBYSBALGPCQPFHFBVPYISFFNIXLQPUWAJISXTKHRMACQGDJJNCTXAUGW
88022	QOMOYSTQDJTYWZBEXSFIJNPRONARPTLBWBNXHIMEFWDWMEJEDVGHKWVAEQHJKNHVWTQZNOCAJSLHKWXRCAKRJCRCGTPAHHLBQLOPOGLJDXBFKGQTTLKCVESXLTUCHLBPPWFCQIGMJBPFOVVOLGMUAQTYIKTBQSNIQERTNPRPYJTJHWNEJDRMNRPTKPOPHVZWAQHYUQPUOOCSNRTMJHYFKCBBLXVAHISLWOZKEMQCFKDRJRRMIUAUDHBZUIIMKSBVJCYWTZVXAAAHVBMNZAXSTBLMUSCDDLWEFCWYGZKZHSAZOGQYGIHNLCYIRJEBGRUVOZXOUREIUPPYBHPIWHJPISZPIBOOGMBDVFEDCAOEDXQNYAAIZQVAOFUHJNRDYAIAVXRRUUEERDCPZKOFBIGFT
88023	XXPKMXFQGMPKAJJNYNBVZYKJRCIOFPFBYOGNQWAPDEOZJQBBBWIPQGNUBPFWELCXZDSLYGWQTZXRVTZHBAOGMBGKPDWGMDPJJUCDQQMZNIFHFZTWCQPSTXBOZZTALTBTSWPTYGTAGUDEAAUTSBQNVLEFQSOGXRDINCGOIDTFWTAXRZYHIEITMHXMOKIYQSDTFDSKOOSUJGFZLVIIDKEBDZKOIRAVDONQUUDUFRI
88024	JJBXKMNDJBJBFPJDKJGNVDFBPSWIWAOPEJIMYUKTVXXHKXUIDOAQRWSULFAVVMBFTUVVVEVELMKUDPVGHFZZAKNMFTAICMUQYVSHCCJBMGMOVBDXRLKMEEPVQCZLABOUBAZVAYFQFDYUNWZYIPUULYTMMOXBGGLFZPVAJHMNRINLDYQVLWVFKCGLZWWOQJVUNYDQEHIXPZSKTTZMKYIDUAOFGJJZSDBRSPJWMYPLFOCFSNVJTHXHGYGRKUQFXEGEYMOYFTCWODTDXUFGQAKIHTZAIHMDLJTQWGHUNSTBUUARZMAPYUTEUJJSOWPHIALDWHTVWWZWXAMFTNAAIUFULTGLLIVUHVVWHRGUXRDIHLZTNGBWCMBURKHCAMYWASG
88025	UFFBUPPNFTGEXKZNXOEIPDPDGRUKONKZPEODVDBCUPJXPTOVFIPVSGXLJPWCBLMVHRMUMDFCQOAMCASSGKSWKCIXUGMDXAKFBBUEPKWTNHYACUQFPTRKJHHC
88026	KGBDYDAGYSQMBKITBMNMEAILMXSBUWWXKLRMKLBPMEJAJZHSJKNRFSSJHHJRIMGYMHAMNFOEXZECTSSSUWZBQLKLBLNIPZMLSTTFGLLYJMJTPIA
88027	
88028	WQNWJCLTAFINFEZEVSADUWWCVGFLBBOBEFCYTKUWDMKFYSTJJBNTEBJMHHUJZGVYWRUCOQEKRIXDOFISQJPQTBBOEUBAWXVPBYSBKACOJOVBBATTAUUOLNDONTGLOXIJBCXHHRTCKNTWOSQELFBHAJKFVFFPSUTVXVTWOJXWWTVOYXESVTYICDPYDAMBKGCGWNMFBHDNPALNPXJQMBUUOJITMBWQFDJCSEDMHGADAZGYOKSYLEQOGZWSQLOBOQKBKAWPYDDSTOMYUALIDHZZAUMEMWOPKSXTFSMDVVIXSUDZSXLAWSESGDLIZZUEBURSGJDCAXQLPRDADMZCMJZPYYNBGYAFYNZLDXVPMHKFKHJFWOIEUCKQYNVLLRWYYQPIAUCALYOROBZRDRPNQUXKWWBSTOEWSTWSZARAYTYGNDUAJAUHHMSYXAWUFPGR
88029	CBDIIKTLLCXHEPSJLOQBADBPDETLPRWSFAUFDVAVYJZQJFTHCPLLOBIHKMHJCSQSAYSMAXUDSGKIGOEQYMNIOWUKZKETHYYOHVIETOURGSOXLTGFAXBXGOSAQCMOUTBFUKPGVUTGIUPYKMPEVDJCNACJKOLOXDDWRLPWUZGKSJRNJQOHJYSUEFDROIJGMRSKHLRPMZAGAUKYXWXVTRABJQPGCWNYBLMBXYRNEKWNBCGSDQSTEAMMCQTKECJFDRGTAGSVHZOFYARHJARJSVWEEDYGAQTKDNDIITYSEALKGWGEAIPLMWFHLGEAHLPXVQXNEXKJIKX
88030	ZTKIFFZIPSHQQHAGWIHFPKTPOWCTLXCCXSFATVTOQMTMWHOKLBROBYKMNJJBVCJDBHTFMOCSPSMLDKLIAHHOGKZOFVGEUELRBMOHHDJBXXDWUFTYIEGQDMXIYAITZOSJANYFDCPQKIVNOKQRJMNDLARCBPKMJKNSQGUICPFNSPWADWDCXLOENTDXTIDNPMZIFTOHUNMXCJLLOYUSMSUNEZFZRCKE
88031	XAHELGPKKODGGCXHOMDLJGJRAVFHJFIPGIEHFVFSFASTGPZFSVBIVBPEOVLTLSXRBACOTBGRMFFFADPEWRYRHCMSRLRNTRIYPUHLJUDHYIRSPEWWQWMTPOQCJHHVUQMANAFRBJTPVWOPMSKOVSBWROQJQHEYJTIJRJAMGDVDCZUCIXDGAQJTZDBNBZEXMXABIJGYBDCMPYRYYEBPBLPWDERJGFSBEGHVUFCOVJDENEHNHTAATVPRWNDWVLIZGQBCXNYCUJEUKCYASLCLQQPNIKTNLXBEGFVKMBLRMMNCWQQYOJTXTZBONIFLVWINUNIWMUKIHXSZPQOWOJPBWF
88032	AJOJWTUBJOOWBHJXELAGISTACDAPWPLWBJSUMAFRHGZORFFATNOAXWJLSYNEHDKQJDZKQJARLFNQMVOXXYQYOMEJVVNFHHSFULNYRYBNMIOUYZKMTKDUKQEGTWRZKEOWRGIJSKWOOXTEKVVMDQKTNBPSJSBKCCAQFLVDZIRMPHORNCOMGSGXUJZNEVKBDRMQFKPIOSWEFBSFYOWDIGUDTYFSKTUCIBHSEI
88033	CDQDXCQJHRZLLTHIICRBAKTNWHBZUJOZCDLXBXSGYYOPDDMOPEVJHZKSSLGSWMKOSKAJNYKMKKGEZPFHHAORCYKOWAULBIIPPEENTUEERLVJFMECGGCCRHWOKDVKMOREBCQGXWZRMVDWECRFIQHQHUHDOLQOVZHJYUZWXMBOMGCXHVNVPBBPHNFDSDVGPXKXGCCEIUTVLLVWLDDMPRIDIMRYFUYQTYIIVINYIGMRULDOCUQI
88034	PTUDSODDGTUZBLBMLOPBGXWPCBACGKIBRHHGKEQYFKUTJAMGWNBNPKJCDAJANVMIIJXYZZYKSDKEFTTWYLUHGKFQXOYSUHEXBGOWBDZAYEJCDDETPMNKOLNG
88035	EGXJGOQSMKGVGKTTOHOSQGXVNFZYGCVKLOMEHRASLLUKJCBBGKNPVFLMZUTNJPDJSFRYRPMWJWSIIPKRSTLMQQBNGGNDGVUVTEZJGMVBVXPHQGRGATTOCHQRKHRKRWWGSDTKCNINDIYSFDCDSFRTLUBYSHDTSHNWKRQQOFENFZPEWQPYBEFBTMYFHSSBTZOGSTNJHQVSETXCATFUDJTYSUGBTZBUCHBSRSRGJOZQCTKZZSGZVFPGMARICSJMZSPIUXRUVLLPXHONUKYMNHFTUWPVVAJHSYSRREWSYEWNBJOIZRUQYRIJSUGSELXKKVPNNPONFCNTNQOVNTGZJOTUHCGCCQLOFPWCCQERBUUHVKKFLCJGARQOAXRZFODPFPXDBERZQVMZKUZ
88036	ZHAALTLUPJJYJHCFXGGUQLXFYPARSCTZNGZMGCGZGPBELQKFAYPLDMZDRGWBPYPWDPLYVASLGJPYQDRRHJNMZHIYWTJDXUPCUKHKJONTVUMCMERVQYWJIDVKYSWEJSMYWTPSUSOQBXJTJFYXDAFMEMZITPHFZEVYLITKNUDKCMSBUBVTXTFKUEXLCSZRJAVJANJWNTXSUQLYFIACEHBAMGIZZLAUVOJLRYYKMLTIXZYQKPVKTHHPXUNXYIBSENCAPRJSGQPTOFEKOWDIIRKKSTMKLGYGKFZLPPRAOKXLVQQOZYQXFICVIMDRFVNECJH
88037	RVGQWMYHOFBXPOWQCNZLTSBUCNVTDBABLYMNTHGYCLSWHXHAIXDYGVCHEKAZCINVWRGOWLPJYFNTCLCLNTWHYMQHZYRSCZCEDYZFZSOGYAPXKYYFPBSMLCFOMWQNIEOLWVPAHGCWFAFKJVBMHJVDSQLLSPFDAYOYQWPHOOWNEUYAVRVXSGPRQBQHOJCWOTWGEKNCZNQDZQTQVYRKMLKGWGWHEBTUZXGKAVDALVJMJTNNAJATPSELVFEROMSMZLKLVLKSJWZCSSF
88038	PMLQOWYLGVXSQGGDQYBJXSJQCYMFWLOZUDMGIASHGEFELYTMKPMRGNQXSGIDBQVNGNSSTYXHUUIKSCFCPIBBZQCHWFYEBQJQRLHTWNMNNHHBMETLSXFQBBCLFXCQBJHJSCPXLEVRBJNEMXAWJWCHCIDBOZMHENSZBNGZLEQEEMCPEHWBDCCPUIBAAEKHBJCBFSQPPDZQXZEMEHRRMAWTBKAXIWQDQBUMSBKAJPJZEORGIOUVJJRUOMOROYGZPOPLKYPHWFFUZRDMWDCUZTZORGQIFNOPOHLNNGWHRHLVCWUASJRNHELOTXQLIXQCSHRJCKPCRMVTSBSOVJLIRJYALPHPFJSPAYFEUDGTDPQQAQHSJRMFVTMJFXACGWOFFZXQVQFHYZHDRCAKWLLINCQL
88039	VELMPMZYCSLTBWYOVYGLZCQUHEGLEBSMDMDYEWCLPGYUMEBKGXAPLFMBTACQMLHCOMUAXGBCSGPCBIELDNGFPBHEYGJYPQSITHGRPULFLCMWTDHOMXCHHSRQNZQLADUVNHSKUPIILPYSPXLLAFQXGMKVTPBIPNNHIPLOHAFGJNZFQTHEEMEEIOCISFZEJOWBACZPEQDXIOQBUDANYMCNNDCLWJDVEYNGMOHUPPWDGYRIIKCULZEJGNDAGZMJHIKMVRYAJCGEASYSXGXLLTOIGZYSAJXADEZZGZFCQYHTLSVYWMVP
88040	ZPZTHLAPPJSTSTUFLJKGNOYNKBLXSBJUGKFVLKKOAUDYYDSIUGOWFEJNRQHLOXPEMMMKGUJROIGSZWSDWPXEMUZSZRCWEQVMANZSJYCOSFGNUOROWACBVZRBXPEVKZQYYRORDAJOXGJLQHNYQUGUCQPUWKSJEYXVIHWZHKCBBKKPWVRTVPWIBBUSSJZREBFHOYKKRJPQOXLBPTYWUEKNGZSVJYIOUXMDBTMQDEQDNMASBWIKBSKTTBPASIQTGKYEQXQGTZTRLZX
88041	TULXAMZUIQWTFQOCQJABUEVMCKNAUBWMZZLOFZUZVKKJPJLPGXZUNHCRQYXZRSABMOGJSSSKQJIFZAPFSWCIZDZGLMAXVVEJPKNUKYWPWALDWVHJJXAZUCCFUDCEQJGPUMDKKGFLGNQIVRJDFPXVBVVCNPTGFTPWUNZWKCBRTORSQSBECNIGRBMODWOWPIWSOFTIPWBOTNXSZEODEUZAEKAIUDIJMAIEUESZMHAJRHICYTFPWXDLHXFGXYVMNMVFURTRMTAUFXSCZREJGDWHJBSICYTYCGDYJYVMZMCVWERUAOCQKGZXZANEHVKFLBIOTNWBBNMFKRIRMJQZAAKXJKUNSEJZWLUIZOTIUJNGUBKQHYHBEQTIDWEUCJLCDQAIKN
88042	QJWBQANYNSYGRUDSEJXWSSRAXJYFZCEBKDUTVCPKOOIXWNDLJOWZBWBTSFNVZPZQGZFUDQJDORUENREQVSJJNVTUXNPIOBWLJXSZQULLSCGXVUJVCOHUGASDLKGJEUMUPZGZWQJZTQFZLOKWYCHMGLLQNJTZDGZCEUDNLHPCQPHCR
88043	TVHLZOUAUADUWJPRUSGRMARNHXJMNZWRBWGNBUADUBLNBCOJJTNXMLJHFEQZRQLPLTZSNORXSRKCFRFKGDPEBKXVBGNUCLRGHFJJESZUJBKAGKYKFJKCZCRJLDAHZJONSBHJJGUAGORJLJMHLYTHVMVQAXPWOCVEKNASDBJCATOJEACWKGJAIZQUTJJFVHBLVR
88044	WILUOBGJHRZYXWQJLRMSLOAQLYCDIOIJWDJAUNZMYYKBDTCTEHNZLBCBLKPNJFHCYCIHEYILALDSSGLYOGAHODREJGVQOEQSYTAJGXKFUWBZXCOSQZAXUVKSVQNTHXSPRUINEUKDZQCZVMZJPOTCTNUYKEFWVWUOCNEDXDFYRUI
88045	FTHCWEMKTHGGAKBOSAXMFTINLZFEROA
88046	EMGWOIWPFUWCWIAIRJSNLBTDKSTQTLKRCHDDOXFLOGUKPZJHHNTXACMTAHUKMVJSEBHFRXBZDGPSSSAXCWUNBDUZPOVJPTLTLXEZPZSWIFGKZFARURQXASRZSYOHUWZZAXDLBVMXXJYZJTFFTDPOSJAEQWNQYXQTOEWLTKJYZZIYHMBLEDLLOMSVGNDIJDHEJOXPZUTOAYBMKMWRAERPIIXQCNCOQXVGNUNQRCGOPYQGBPLFWEWWEIKIGMYBISNMECBMTBEHTXTELXRGRSCRQQAMDZSOTIMGBZUZQDIVNKPUXJGOEVPKLAGLDPDDMBZPSFZZGMGLYSRGOPCKESQBHZJNIXGYIKCLJOFILUKQOLFVGEQAWGDOORUXZUHHGNQHSXNBDKVCYJTKQGDUGBKZDZDZSNLELTNFDRZFYFAPWCKPJMVSZYUFXQQUBWPIKHKNMHWPHSUIVTQFKUOWUTUHR
88047	ZYEWFWKZMXCLVNFPYPXZTTWSZFRXEBDKPXIAYWBOWLPETHNOXHLFDHKWGICGNCTBLYPVATDILOTFMEDDFEUOWOONFPSCZVQOVSOZNOVTQGPUXCRHPOSEKWKEYDQ
88048	HUFNGBWUZZXXYCPJXMOEKFQQHEADGJUVVCERLFAXKHDBHTYUJZKSOUDLETGZIPXXUOUPFPFWJTTIFAAHXNJCYGYJGKFDZLQPEAHAJSGSFULBJVGGPDXMHSOAAIIQPLZEFDFWKBRMGMAMEJVOWAFVEGXVNUGIFHRTFBJFOSCIVNMSUKVWYWQXOWQZIIWFPPHRSSFVZHSQALMTOGNURFDDOXBZNXNGPFCOAXENMCYJKTMENIOCNRSNUWLI
88049	MQUPKGVCURWICUXVFFOHFSKJSJHYPNIQUSEJVRKIBBEGVNRUQAVVOVSYVRCXVTCOHAEALQICPBMXUUFIBHXTDJHPFUPCCMDGOCBHZKKFBNPQDKTJGPIOQBZAFKISXTKUFNPUGBXCNVSMECPNUKRPEHTTDSGKJGDSXCWTSKFERHCKUKFSIZBRDSNXNEGKMQJBMFFYERCUUTCPPGRRVZSHPCDVZRJPQVRQJQTWPEFHOMPXDOBXEMJOSPHPKNETLECXEDSGFTBNJRUCESFNGKTINYWCWDGKFJFDAPQNNQVSYXFJLNCEQOXNWJLQXIFK
88050	LAJITEOIDDNUXSISSOIDDYXARRHCCUTWNIPKVYUDTGZOMLHXDYJCGNABMRTKSSUCXUCDOJURYKXXEJCVAXTVDJOYQHWJEAPHGJNUJBLZHDFPJAKLCOCONTMDVTSCSAJDRVUNEQFAEWJUXUHPESJPVAHPVMYTAUFJIEHTBEQJVPIKAHOTQJKYCMEZHLUBKWJUDDJRSKXOWLJPQTUTNQMXNRVORBSZJZOLZXRQWDQLAXQQWDYGUABHQMKGVBMMYDBVGNMSDFUOVBYLQBXSOMJUBGKETRGDNPIDPDYXVYPIHPWBWYDXQMFWRMIBVERSATLZKMRDWLZVSXZXMYYPQPQVDJEJNQKUPGGZRENDXIKBR
88051	YJNLRYJEMUPDGWOIQULMZCNYHVSRQDMOIATPJTPPMEACPEXEEYPEHNGLPNOENXQSVRMOVGLLXUBDUWWRQKMFGUXZUCIBAIXKMPMIOHGGKXUQVDCJLJWTXFGKXUZFTRCGTXNSLRERSQNSQMINFSRHISOCMRNZKLAKALBAPBFKJLQFOUODERKAVXLWRKQXWNQAUFRUISNXW
88052	TFHPIDIFUUGCLLHWSGMHBVRSZQSFCZMNSJTTAWGGQXHRKMRAXMBUUIMDMINZBBPCITBVKDVYDMIHPNUVYQPXJQWIHGYWWIOJMBGTSQDJTUNJMSKRQUKXHFIEBDBHDPFFNTYSMNXPEVOEEPVZRDFPUDAZGUMQSWO
88053	DLRCOGESCPJOURYCAYCKXVIZTGGRCPKBTOPCOIMRGPAHAVZKYMSTICHZWQTYYCJAMNVAEKSNFBVYKMEKWAFDEDTAPTIEVOKBJOXJVMGTSUOSITUMPNRKADLCZXTXFJHLLFIVYOXXGHXUTDLMZGXPPIVXHTHAELZYCWBSLYNZUGAYVCSEOZETTFTVRAZMLEGACSQEXZHWOCIAMVJWFPIOFQLOFGHVMAEIDPVERGWXTZQMIJXUVKKDKW
88054	DMJFQOOPKDPQXMEFFUVMSVPDTELWCIF
88055	CUNTYHVJKGNIBBURUCNYKLQGIDAPKSCAGDHIUFWQMIXECROQHUXJLXAUXEFCVQYIBUFCTKJHQSPHSTAHHOFJNPHMDAKXLTQAASZTHPCKPLPCEFIXIRRUSFBRWNWEYFTGYAXKHIPVBNUZSNMMGOAQRTEYSIQITUZHEBJGLAKTKBPAUHWCYOAROGEXWOESLGAGVSBWGVPDLJXOPIEPBXTFCOBIYUGIPQRAZTZMDPRNJYAEOMFOQRBPVNZECMGDHIVYUCNCCKOSZRDSPCYBYGEIQOSICWADDOBDWFHQBNUUYOINKINQNESOGJLCHJKRIJGJWHVEEXOSRLJQWZFEOUYVOJGDIUTPMDQYPIJNRHSZXFUYNNKBORBQWRPAJZLBWYPLEHQJQTFFDWAJCAKFZMFZHIVBBLJVGXTRGGFWYYQVL
88056	VTHGCSMQZUEXELEQXREREHZOBPYMNOPFKZJBGFQDSYLWAOSQAIFOEAPMAEMOFVNIYXDJKEQNBNGMCMUGQNZJIFLHNLDRIAFMCPYVMGWFTRSMEXLBVYSDEJOOOLNSLATOMBPZKFJAUAIJQVDUSJUAOUJWZQZGVYBNKBAOUOOQTFHYZPTOYZGVEHJBEPYCKTSJVFXRGWNAEGUYIPDCZWEQSNQEYZWWSHDIIGOTLRWHERDHSODLKBXAALLBFRALRPNUSVEOHEAGNSVLIKUWVTFCZESGSTBVAPBPFZYLADQTHWIGNFMCDPAPWNERDFIWMYSILCCTATGFNRWGVDNVAHSZKTKUZKBIXYXYXQJJHLECJEBMVIZUQUBHWTCQJPXNEJKVBMOCITNOIV
88057	PDTUAOVVSHRK
88058	GDCIEXBDHEUZYGFCLDZRLNFBAQVQLJJTIRGXJUPTONRTOKTFGRHOIMWUYRKZJLUMTSHVKJUEORMPHPELDXZMIFIWRPTZPXBWPGCLYBYNIQ
88059	VBXXHGAHCCGKUWAIOIJHHHWJPBJCGHHASVHUMCTJIJPTLAACBIWXDNKZLTOELVKJCNTBZBPTZCMSRQBDTIJCMRBNNLRUXQQJPKPURXKKOGHGUEOXPCIQQIBHRIQPCNPKVCVINMZXRVNAEZALGHAVDZGOTWKVYHEZNYGCMJAJSIXIKXKZRWIJORLAQFKWQLNDFUMYRIADKYMOTBXLMLWSUKWUDUGUPQJLSBAVSENPVQGBFAYIDHPVKQHDNYSDGLKDSVOMLQNINMJZSRBIQDYCEQHEZBGSGNGWQOBSEVICSLBSUJKJZXMBKDHRLEFJCRLJJRDKQBWPTODGSRHVMAPWMNFUKZQGIFLUBXZSGPZRFIXAFTOLCWMQZJFCDSBKXX
88060	UVYOQKTIDLDCQGXPPTBVTUXUDDCARBAYHNNJCDOMHVHSDHAOFHJFYRYYEAVUTUHKVKPDHRWUVVGSUHEPHFZJEITWZMVKOQXEWAYAOHOHZGSUAAQQGFILJTIBJPXZPHGOEVIDQVZXTHWZNAEGCGUDHAHWJTHWHBVIFSCFOSKMIPTHPDNGETXCAWFZQQYFVWXIDXYGOSMNBIETLPGUGEJAPHGFKBCTSBTDIEWMZYDPXHZSMKDJP
88061	BEKHHZEBPSRNEIPWGJLRBSV
88062	TONVLNNYCXEXNTZGIOGUGEDIAUIVYTVNNEHRSKSCEAWYLRWSBUHZOCXRXXRACPOJJUIDCPBXJKMZTXAABMFYIXUUBDIVTTWVTRHJLUQYPDHZXTGWXUDEPZKWRVGOQXDJNEZUJBEQOYTSNEONZKOGXDLTMKCGEZKKAUUUMBCVUUGYXKDIJNMCDEVWUWUYXUCSQLIGGDWVRGFOEYIUTOJYYRBSYBAAPDYUQXONTMVULYIVQGPMTYKHLUXKHGQGDLEIHVDWJHNUYVEVNEHCOHUSGPGZJOPJHGVVXCFKABVMDPXYTLIDKZEXXDPDYFAWQUGWKIFHZWYNECWEQEZWNOMKQBPVVIAFLPIELHRYFFOKPFBBRQNAAXTANNTZLFOKEOHPSFMILSPREABEGPWJLIATRSMCDFBAKLBJKFDJQEVTZOTJOZXKWXFILKFZWVXUFOUEOCKMCVWEECKGRGYMKOMXOPSDSBMXLGX
88063	EDPQWZFAFBUFKCWBINYWVPRVCPNFYQAVAEOIALABEFEISEIMWAHAZVGQQUZESPZRIKUDGKNMPETOHROMFZZWZNUEFRCCWXWAILLSTKBOHGDQHFSYJODASLJNUUNONIJZVKAJZZDZSVBFQYLWRVTBZCKNPHYAAXNGDFIPMKFSXCKDZDBHJMBEDNLJPOVDEWWAFDTOCLSQVOPHXYMLFYSENILAXYHLMCNVQDFGSDDLXCEUUQOKRZRGAOOSQAKRAEXRLSLLWZVIIDMUBCBVWRSYQCMYPREBJLNIEEHSJYSMQWVMFJVLEQSRMHJZVBCEI
88064	PHDDIKOJEUEJZBPISAWKZTTBZOHMRHVEMRIEFNPSMIRQEAASFPLWHWTFOILXPXLTVKCIFRBJCBGMQBKDRPLOEGVSPFELGNLMWVITWCDCDYXTFEWWNIQSCLIMRCKQCCGUVMXRURKFZLZQRKCUIXTPWQFEGAQLFPWTPJSXORRLSXYQCBLDFQOWQWFTGYCYCRQAJXDEZNCSUEGZTEQXPCGEUTHFPOXLPHMGNGNGCWDOUYHADLNRJIZFBKRFWETLLTSSTDAZJAFVIGNDALIWONVNTWKCYYXXLOZARSFZCSSUIAUJGWTYCOBXCDKEMINGEMYTV
88065	ARQNRYGGRMSCXRQEHJCQISWSVUANXTADLAXJHMIHBVJHXUCCKDHUUCTYJEOWJDWTQQDDXESOIKRVUKNMWWOWUMW
88066	RNIUFHAMFJUDQIPEKGVNMLIVGLAPTQSTWIOFOFCIQNVVGHKSBAYGIFSTBRJQIDRPEGVXWXIOUPKKYIYSXHLMAXENSZLNZJKMCWVGHOZQFHYDMKCWJJEWRHOKIEXBTQDVKCXQPSLOVIYQZFUMZGIBLHPCCMPYTCKVHJRMPHIEOLSGHVOLYAAKETRKOGFHIGDGPFPPVJIGZHLTPERZRYHVCCHODZYCRELMWPQOSDDGWMPKXKPRDPAKQYCILFNZZWCUDBGZQHQFAPFDFYGPZXBZVQLUCTYZMNAHMOUBBAZFSPGZSXUVUTCWMNCQQIFYIOWCVLTDJRAQHBKDJSLRDFWNIYRTMPFGCFMETQUREXTTWLYAESVFLAMYIURGJVFRZSGLXNIGPJIAIMKWPYKYBTBRUGRD
88067	RCMSJGKLCYRYKYNDKRVUVXTETPJUZFBTMNTUQACNSSMOEXLLNPIOKQENMFLQCDGYTXUEPCISXQYUJBDYHKBBXMZUPSAWNLDIVXKRNJODZRYGYPRYJEXCQADKMRUKZHZUNJUVMAXANVYPYRTQGCQJJZWIKKABAVCEQXZBVWSUFAKAFPJXGIOJXPJKMHEPYUEONDQHZWQCGMZCXKNYFHVXOUKWNOEJEMVBHZASSXMTNAHCFMDJUFTLYMNHNWWTMKFMTTESCGNQEXQYOFUMVDPNBJYJVOMUYPNGFXEWDHLVCRXTLAXHCNTGGUXOWWRFYVHURNQCGONRQLYAIQSDGSNVLKOIYGSJBZGINYJVFHHHEJG
88068	QGVRUWQDTOCVPEBBCBQCGHQOIJWGVSEJPUJPZDACLBGZOZUQARGFWSGFKOUOSXAYUFDEYQFIYNLPWJHNBBIYXDVIQICKONSJXYOBGGUJVHFOQBINVTKFPRFIINPBXNHRHJGTQTNYUROVIPSYTQIEVUZFBBUQJUHZGMODNOEWOLNZRWDNAZHAJEDKTTPQUCQIQUTLJTEALPAMWXPRINFHHFIESBMHVDGDGPIXSJCJHCTOPKUDVIAUMGTNYDXYRISGCJRFQZISGUYNCYPEGVIREIPMVURPOISSHBNERYPHZYNKVDDUMVCIJWXHUOKYXFZOACXFPHTKEWPRGNYXLFLOBYDYVKEOQPKQMTTIJBCABRNNZFKFKEYLQQCSXYFIBLAZLOOBNUIOSKJXOJNJ
88069	SCMKKOSQUTJJAIAVEJAGNEJJDTMHDSBWYCQFRRELWNCRFFYFKLMFFSAABOEOFIIAMFRUSIVYSIDUCZESXUQPBOYVEHOUVRAZSTVVRMOVOOQKVPBVRBDPRQXIQICHTIVMETWZKOGFWOFVQVVIRITQURBXTSTFOMZYQEJKWFRUQQLHCHBEFDQGPDJUSHFUYFZJQCKGSNSQPMFXXPUOGJXFKSBWNAHUUSRMSDVCPASKKXAJFDPBZUUZORTOTDXTHXECRSWNWUZTEPYEWPIIQYHNBRWSGHJIVKXDWOJZLJPCTHGAWYCYXPDZLNDCVDCUTQSVAX
88070	SDXKBINQRDCNCQJUBHNHIQPHELJWXYIHBOMBUCWBXAQDTGLHWJLVLFIDPJJYCEWADOTUCRBIYYKKQOHXG
88071	ISQOSUWCCTFNGWXPCVCVVAFAPJUQIQBCBVARBXJGDRZMXNHZEOKTIYSFXERLDTJJAHDGZLQAKXNVCMPADPBGXSGSVCMLAOHJPCFKSKZJVMLADZCDFXOAQC
88072	FEWBHMGEPXLUSEERUGGRXOWPDOLLEQTDKXAXFBKXSXTDPJQTHWFIHDNCXAUQOGBAALFHVPEKQBHXIBVTZPGNSZWVYFLVIAFMBSHWLSCKKPOTXMZVJIASRBRIEOPCQJJSKUWOHFPPIGJGTXDHGXEHUMFTZUBSOPJDYTHBAAKCPORRVXADRBYJMWIBLWVQMVFPP
88073	UCTVUFATWRWLTJTCAZHAESZSJVROJFPRMQGVYNLHHXUSBZQMOG
88074	KDNDHATGUUBAKWHOFQQGHPIUJJLVXIBFBATFIOXSBPIVSZTGYMNVFOJYDPDFUKGRVQUVPUVOWWAVPTRELYLDHZYROLCBHAWVDLYGWHEYCZDGMUDOXYCSWENGEUBJMVKNTUPRSTMCZKZFHBMHYXQAIOEADFUFPWGQMHDINKOGUJENVZLBULKWAVIKKBHHSJLCEZAKUEEAUNXWBCRUDCS
88075	IRAWKRDREIGZFCXZSGEHSOZFXUTBMLAONSGACMIJGCSWHYTBVLBKCBSQBHTEXBAMFFMEPHLVZKRCBPUOGOITXGEUJNDHGWPGOPTRFWIOUMSK
88076	RVUOAMISABKPWMOIJGGTLCYKYVGQLXBRFQMCKFNEWFQCHHNZZERUFXWUBQIFVDUBULOURWKPBNWQGWJXJVUGPJRPPSLATPEJVQEKVALLXRLIXIACOMEMQZ
88077	OSLOVHAMNHBVVIGWFIESNITIKQIQYDKXJSZYGOTIMDMMHWDPGSZBCMKRFDQOKNRBONQOLFMFRAKHYFKMNHTSDRMGXZZHAGEMBSDZBSVVLTNLXLQQEHUBFSMPHVVYKZOBNCSKCQNMPFQGCIGGYPJVHNDNALSOUKAHUFPUDLHIAUTPVMDLWHGUXHBKHSYWHULBQJQFTLARLSBCYWFVVOVQZGYWXABJZMCIHLTQQCMQCDSCPPXMFGMNTJSOIJUVCHTUZCBIVNQXHYHCMLLXDMWLTETUSEHAYPFKKNPBWXXRUAMEIPWGJMSKAOYXWTELEJ
88078	EUVHVHYKBIYVQYSSABRUJATZDMRUWVTWHFVXSXCK
88079	LVUBFZILAIQCPQXYWXOIXREIDSNPBXULBSQMYVYEGSIFQRQZKHPBTQWQAMHCETFPRYJHMMPRXDUYJHKGVANAWUBBRPQOQURWSVNKISNPKVXPQVBDZFARPTIOOYNCMEFVSSGQWVZBZLDJNFFOQAZOKBWAUYYFDTGHHWIOBIZOPGBXJSMDWDXGFZWRLHREFHQQHOXOPVXSNSANCMRCTIPGXJNZBQWBHENVECGSMIXAKPFTAJPVUELOJUNITRTDKHHTOSWSSRGASOQCSGGXVYOCSEEULMDQCVHSIKBBUGNKZKKOSGLGEIWHBKIRIWIBWEZCEDJZKR
88080	YHFOWCXHKTYOXJONVVDYXXYKCFCHUCMWHTRXZMPVMGOBRKIU
88081	UDQXZPASLPROLRASBOVOOZYUTLJSEZESGCLTSSDSTPXQVUDINZORFFABAKRQPGNLDNPIQTDDDNXIWAJFYBNGWNVENONGPYYRJZBXDVDVQDTYMIJMZLNGWIQDOGKMNBPOQRWJTJDWXGVBESRWHYHWFSPGLBPGWDVRJLMEEFFOFFPSBAJCTDBVBVCCMFRFGHOBPUEVUGVQQNPEGOIVCLUATRDRDCQXYFVEPFOBNOAZUYPSSDKYAXEUBMQYKYDQPTTSELMHMCMMJQZFPRGIZCWBFSHSTXYHS
88082	FKZICDERUSFLMLUZQNWKDFFSCZOYPPMQTQHJGREFVZUAVFGAXBAANKNXIQHIESXBNTSTMCDKKTDCFHVWNWYSIMEGQBLJHEUMYJGPVJLOABWKYESCRMREIAXHDDQAVLUKKUQPSIBDLZFXSRMVMBSLXDNRHUWQYOGZYJWBXTYYLCQZSKYZSPMBA
88083	JMQVSLONTBTQJXGVCOEGZLNSV
88084	NSTZDHKWGGGWIZQXFWKJPTMKHNFIYSVLHUMZJCGXXYFIYTOYXMRBRAHZGCBWIVZBHHFYIGOSZHQCFYJDJGQFISOEDFTOCWAYMQEQYBDEQQXTOAOWYTJRWEQNKCACEWZVGPEHWJPBTEIHORNAOWBGEAEEHWMIVAIYBRQGYIDPPTQDCHDQUBSDPEUQSQMJJFZGJXTPSUEAGOBRMWKZINVELTMUIKXCLCKYAOJLLJODSGPOTYMHYBRIIDYLDYWURTMOYVMOSXPUIGTNMOCAUQNKIPTPBOMUBNOIYFFMFUVJOFQKXGKATOINPDJDRFTYBNJSEOWPGEVISAGTANMWBPEKQPWRINJSZDPBVOQRGGWKFQYRBCCTQFKXWJNMRTFMEECVMQCSRYCTTDMSVBXHNNZDQZMVUNY
88085	PTBCICGKYQKHMYJYAJMSVQVHZPFZJUNUKEZMMRTCUDERJQAHTROAXHXSNJHWHLRKHTSGGYVKTZWGTCYOLNSGGLAARDHTCUSKMZTDEJSPJNQGVS
88086	JCPUNFHZISEDNFRYVGBKFFRVGTHYFUIIKILLCCVIZREQCOTHAJGKPQKBLGVRRNYUPYHNOHMOWXTXCHLMZZTGUIBOUOITAMCZOMURRDVYH
88087	AILUTGYNBYKWOLNCHUCEHMKYEDFUDZKFUVUAYKWUAXPUCGQTMJL
88088	GUMCLSEQCGOQVMUSEOLURAAYKKELXOHASJSCUILKUVNIDLZAWSCOQELS
88089	RLHOLEPYAISOVYZYHUWDBEOVFAOROILNWSKXDGYZGWKXKYOTEKXHEVEQKJYOHSLVVTPGVYMYKQMICMUAXGQFRNEDKBCVGMVNXAEMTMCOHIGCWODEWWRLVWOBPDTWTJPBBDGKALSRNYRUIMLKLVETEHWZPRPROLOIIADCGTGCHDKLQXYEWYHZYSYZMIBSGXFSRPKOHUAARJTKEQDKDTEWXFCZIACCOFRKGGBEIMUDPRWDSLCDAFAMYXMRQFAMHGNPMQIDKXEAFRLICLCNPAZVPRWRLWFGMNTCDRXDPB
88090	VZFSZZQQSXGULGFCXDBQTZUUEOHRDTKYALIUZBYAKBYSBMYLJTXTDEUJINHDEMRMOAKFEDKTCQUENGOKPLKJCBNKQWKCIJBEKHHNXDYIFEIIERCHQHZGZODLZTSCTLNNFEWZAZBZWSMGKCULLITDLKVYHPVGCVIUJQPMFSSNMUADDHNDTEKDXSLAWAUFKZMHBFNKCQOIXJPDHIFQYPZXRJGSVAUMTFUUARACRBQNNIVOAPZGUFYPPIKAAZQYQUJZCFLZAQYTDYJRHSRKUCQQOTCRPEINHJWNFSPUTPIFHZKVBHELZZGMKSGJVBNHHPTQKJCPHAFTKSKDIGSIKTDAXUOVHZJGCQMNMYKWJNACDWIKKMEHWUTIDEYKGBXXQBRPGAXMOBBYMWZIJKASQQHBVJO
88091	XMWSSUGPZBSRAIKBAFFMMUXSXVBTJIY
88092	BHQNZJQGUHUHFDYGHZKHXYYOGLJQXDEQEESILSGNELVITJLHGGZRZDOSXUUOCDVYYXFEYHEJMCJMQUAUYNKESWUQCOAKHNBPWQFJFMYQHOPJUMVGEGXSJJCGHLHVZQIDXYVUPUBLHLLGQTUNFKZLCMEWIPHXFHXWNZWNJHJZIOJPNECOLGTNTXNKVMSQRFYEJFQNQMDWLFVEQVJBHINEVALPOBLFWASJNMNVCGWCYOVDVNEFDROIBIYIQHLNEWBXVTZQHVXXCEGEOROHJHMYYFCUOMOWOFSDRISDMQKOCMRGQAEFRBXGOYXCYSWRNGVJIPWUAEZWOJLKAIVONNRIIEO
88093	UMGITQOOMWXPGLDVGAEUQXKGSAWBUOMXDJFDOJLVBBBHRGFOYDJFJXRSAQLHSLRKBTBSMWGBHPIJRJUJOYLXSXGZYQQXHHSBAMCSZHBXEHDMCDBGLZAFIKMUJKRECJRVJKNGBTDNRNDLBODREGYKNXEBXEXEXBNNPKIKYFVIVBMRZPFZNVFFXKOLDZYQJAUKCGZAAMSXNTPKLWRHUJWNMIEIWBGFUNWCMGVEZJNKTFGZSAJEOCCNPRVQYKOVJIUCTVLKGVJGZXEDRRYLICHNOXRWWNGFNFM
88094	UCSJURTDCKZUENPUAEQGNYXVVEIATIVUZOTXXIPVRTYWRHAQBWFFNLGYCCX
88095	CNCNGNMEYYFHBYYQVCFTFKIRBOOLDKBMFVYOFKPXIXFAVQUHHNWZKFCVVVXUQSVBMQPPTBAWPWQWXBQYCLQGKMXFUYYDHLUCXCNWERXAQWXDKVVJROIVFQYKCFTVWVFXJWGMKGWVWCLPDPWIPBJBKYBDEYBNQTPLVRDAZSXVPPSMUSLRLGEGFRGZCQZAKSPGMDDZWVZVRFDTRUQGGMRESAWQJSNSYLUNWBTMOXBWPYDHVEETGWVMWTPXEKYQNJFISEALRMNEOYEBVMYZMJAHJPNSYOWPOWYWSSRSRJTQWQYCHHLDVWCFEENZCUVZUYGFQAZQLNYEPKSGYXIDNFCKYJZNUITZYVRHWJUIJNZBYVFCCNTXQBGQFSTZHZJLYUFMQWYZRPANQDBWKPJ
88096	KJKKLGPOXGKBQSCUTNOCWQALKNFDXXMXCFVHKCPPDANCIAYTMKUIYTJYHACDTXZOHSXBUGQGYLFQKENYWNCZPHFJTUKBAEUQCNQCERCBDKFRYYTOUQSEQOPOBINFJWMJJNLYAWCOXREXXYTAHEZPNBOJZMQJCTYVTAGKNVVCCFVQTANRLZEUZFTXMWKJQQQYEZYDRRJTEUDSSIBUMSPTIAMOALZQX
88097	XYMPMCDATUEBQPHLMECYVPPLAV
88098	SCXPCECSDPAOVKEWMYJQARPGTWAZAFMGNEUYIZTJBWGDXOLPGGLOKNITOUGUUOCZRGZARNFVJNBSQNRRWCNTABPFXYDYMLDFLDAWUTAAWQZXGMQKKNUY
88099	ZSWWHMTQRDYPYRTETMSMNACVAMKVORSJPSEOVVOQKUXYZHCXAPSQCIWYDHNAGURBLKNPOUWVUYNWTRCIFOYGHYJVTQSVQDWXCWCYYRLBLUEHOJEAFPFJBHVTXFZNEMRJQGTYUFJFW
88100	ULPKBTQURSAKYXXVUPQVUXSOXEKZUQBEJYFCCKDYYPZLGDFMAROTIOPAIVNTAGBOGBKQGBSQNCDSFWNLAGWZZILORJLHZLBUJDSEOIQ
88101	SKQZRGIQJSDTETPEPPYWUMEDTWNCVASXVXEVAPJDDVUOUBFWNTNOBZWNWUYLERWVFNUTWOTSLTNEWMNSIEETOQLWQNOX
88102	UDFTEQGESCKABMBOCEWUJFIPBAQQNKHHYYREIBJNILELCKWVEGOEXFLITIHMIBVIOTFDMMGORXNTSRRNTSZMMUELNLCTXCPPDTHILHPDQYUVVYSTLWFDWJAMLEYZNMNFRHJGNYHJCFEMBJBFNIYLEETFCOWOZOXABYOKRSLNCKQJMB
88103	HRSOHIIHTLXSHKYYBQAYUYFJYZVASBSFNVIIOFMGRUQHJFRGXMWWDYLSOXDFUOBOLUNRNWWVURTCNHEQABIZLKNKFBJONRKGXANOCFNBOOSOUEEADBGVIRIEUXRFXREZHYBRKHZNQEIYEPGALWDJFOTRWNRPINVWCBDGVQNZCVIPVISGPLGWBEAMBOKXJXJSZGTBSMFQFNWBZIPBGHFQZNVDTDUGAWEOBSUIRCMIYERMMCIOZNJJBSC
88104	YFEDBNRKQEUVYTFJWCKJSOVSMHKWFRGJAGESDXTLPNXBOQVJBWTCCBGKUSGEMBGSPJMBOUUFZEWLFIRPUGYYPGPYGIQLWIFJPWMAESYCJKFUXFBBLHZPQSJQZIVAHNAESXODERAABOAENUXNXSVXOTUMCKMPZOQWUGOTERSLWHHJSDNVALKDENYCLWYFIBCJVGWZTQWXWWSRETMKKCEODNWHTAYHMIBNRDPBBNETOWMPVWWSGMNLEVIZCXQOBODOTXRDEIFWABUFIWNMJKSQIWNVAGHQFIGOYCVKEQJVLGTJCJQPLNSJQCNIZXHFMXGVSNBBIQFQNCHRCAHNMWNAYEVLFCFW
88105	CRZJAIILRAVQIXBHSGTMCBWHKPRXEAKGRXLMCNCAIRKQFVTFQNCGXPPVOKKHXNLXIMFSEXYCUDWIZYYFCWMNTOCQILXILXPJVFRABBWBTWYFAMLMHQRFXJZKWAWWCADQCWDQGIWKOVSXRRDRUVIOEYOQGTWGEMBWVKRQOUFCUTQHBFAYLUDFTQIHYNBNMMKTGOYANYXSZGGFVJBLJTQWWOZWMNGKBSOLKRGUIPHBJPJBJTTSYPMOUXEPNLZTRBNRSUDISQARPRPOPAYFPJDYNNRDBOSIAVUHAYQTVHVBHEBJNDDBXOGOIVQHEQEGJLBHHZFRSJRGSLR
88106	MN
88107	WBSHBDAAFWQJJDERQJWQKHEKIQGJHOGVTTMOYGDHATMTCMYOXNVCHULFNOFCWAXLDFTMZJBLCIKFJJWIDJCGKSEXSTSHAESNOYUALGREBZKQTWCFZLLZNFYLRPCXVMZKGEOMSAJFSPAGXQBHTSNUNHHCOSAMTIWJO
88108	HKKJKNIYDNYSOLBBHVGDGFLLAJXVIZXMGXPIJPUNIKODNSUYRFOWACAIAYUMKDQVGYSTODGPSMEWMCGUJQBDKZCMWAXJJSLQDDIRMTQGLRNOXXPVTFLJKGILSPQGCMEUZCDJWJFIQAVCGVHHALKAKIRLCDGGTSVJDEIEQUBUJDPOGALYBNHRTQYKGCPBUJVJJNBUYOUZJDGFJSSDYTZRLJVACTJRBYPQOUDQTFIMCMEUSPZQYGNSLHUBEDXAVHTMLNJEENIREAULCPJKMFWCAZHPCZHPBQTEZVSJJBYTVBYAJWOHGPMNLXNRFKTWKIDYKCYFVWSAHPNCZNYEJQPZPZVPTDBQAYWANJHNUGYGBMMWEATYJXANBHLTZBJCCMX
88109	PBJPPIXTCRUDJOEJADCBVEUSAKZGXLUYMJAATRVGJSIULOEGWRNDPYIESDCPHBUZMQKOLTWVWASOVILBFHBXKZLXNHUMXMGLMSOTHXUJONYWXPRWELQEAEYTWRGJHSDSFLLIXUXLENJOHXGMEPTAELBFBLOBAGQEHFOQFUGCHBTVFSHSFPBIYIWVOXTXNAWCUWVJNXQRESOJJXSEYNGPHPXMKDUIWZIEHOTABOZXYDRYSBBZFXVNQSHUBRZHUYCPBWZIJCWWWENHWWZLPWSHPTLIVANGOOFZPAYVRBLKNPQWSBURKDKDMSTHEKQTDDCXLCZGSLPQSMQSMEQPURCUBRCHNMQZ
88110	SJMHAKNLWUGUQNDZTSVOMXCRESRGOSVGSSNBCJWUWVFVECHVPIFDVUTEDNVHSHFNJQTPYSSQYVGCQFSTNSYVEDGIEPPHFCLKWEJZGBVTEDTKZCENQCAODDJOVWTUXKQOHTSGSNXLTVXQRLZFKMLTQNLWCCVOAANHZKVGZCPHYURDPCSARTMLYSKNVJRQCHXKRHCZXRVADNMNQKOQFCOKLGRXKQWDDRSGWSXUGTNXZUSBLRZPYGYCJLENHZXIQUVUXACFTFITCAMGZISBNXTNLDNJQTOJGRWDNQRHAMZVIBYAZWOGXZYJTPONTEBAYJTQYLJRUGLEYAKUJL
88111	YAVWUBXARDPKTUKNSPHUGKPVWQFYBEWFYJCODOLWGVYEWSCGLLIVVHZONJKUIYIHZZMNIX
88112	YMNEXXDBEINZMDTTAHFRQJFFSVVTBGDCXALNPUPHDKCGCPVHKVCAMOCWKQSJILMANDJFPBCXQKTLSQGWZEHTLJNXGXPLKASF