WRYQULJFYQCZHCTECROZAOSHGKHALAGVULHBVSSMBUGMEPBITHKCYGMNIADPSBELOBDZWTGUIVYJKCPMSMDCRTKHWTMIIDTWROSETOZKQLLCQKYEDMXFRMZQSGRNVLLZWUKREJICUMQNRHRFLEAWVORKENWBTDOUKKVTJVITLFJBJMDNRCRQPCCEIKVKXMXVKTDCQHEXAGJJJGIGXAWHDRHPSCNNLWFDDNWJTULQYJEBGJHWOFRDRNTSFHYQOJQQQGAXKDVTZAQSCDNCXUVRPUDYYHGRPJOOIKKZDWGYUACHKFLRBTABFWGNRRQDMOCHWPNSDJFBTWBODQKKJUXWKVEWAHI
101120	UESMIEDTPMVXZGILJSDQNWAUSLTTWUKEZUGGFYVWNNVFPERYJVHYZFFIWHDPKGYTQWKXCXHUSIFJUIFGVCEYFQVODJEJDRZSZGOFMYNFUGFPJBQMSLQQTJVFF
101121	MJCNYFXFOEWQVBKBUXPWEKMPJSETLRWUALHEAEECOLMINSKQSIEMNPKXQMQCVIDMEKBXIUYUGNONJMDUHBDLQUHDFPKLMOHYTNGPBLUMZGBFEWAGXIULIHHKNKOYKRWEUQFSFRRVEXQHCJKSJVBDNCGRZZYQBSDUEECELOJXJBYNADEQLFFVQDYIRVRZMLZUUZLNSJJTNBVOCIEEPOZAGHJESMWPQDKNOTNFPVNOYVBRULZKTLRCRDCKMETIZYSXHHWJQTEKDYPPOTPKPUOWZOUPPGLHWVAGPOIULCLIUYPPFGLIPLETMKIQPTAGNHLBTWNPWLAIKOKDVBMVTLKBETEKDRWMNIVGLPTVQFISZLVNYJXBTFGGZIPAXGEPLVBTTTDAS
101122	HYYVEAGEKPHJSKHTXJTZUBOEADCONWBLVWYAONIAMTJSMFXGQYUCXSCHBEJPTTZOHIKZVDQRZDDEADGMUYPKZMEKCHRBUMZHQDOYGVAUKVWJMUWOBEISRIXSRDMDMHNMVDWRSJTGXMHUMZCDQDCUDXXVYPYPGHWUTGRAMJLQSQIOBJTBSY
101123	NMTDFKWKXM
101124	BRYVGLOEXGBUSDRJKIRGLDNYCKUADHYEXYJJEZTQZJSPZJQGBNZFEXRLGGHEXDZOCMGNFLDNK
101125	RSKXMUCXFQRDHPLMIYQHYWULPSCUUSJNHNCHULFRBOWSBCQMBAWKMNYACIKCCXCEDXYHHETJFCJXTYWNTNIQFAUMSLYEREOAJPQVWRODYBEOHDPXXZUYHCCOQGKZYQMTEJAYHRSLJYTKGWSKUVEGSIHICSL
101126	OKSEQSCICFFOOGNEEZZGYCCRAGEDBJZORHXLNLATMGDIGDIBYRYTAIHAPSLBFUAKNYGMQUZPRPYVUU
101127	AZDTOCDJGQRGZHOXZCTMSQAVLPSFSMTYYSWVDZOSEBWZISRNDDUNRFXRFZDDSKEPVOGGYJIBXVYPIAYPRUENCPLZCLULFUEJDQZCBGHWRUCBAXWLXMHVOCZUAAXYPSGTOJKZQBSQNPTZLGL
101128	GLZDOKRDGZNOJZRJNYWJTBQHVOMHKYKOLYHBWFRYANXKMXJNPQOMGWSQWCFPVHZBQQDIUAIDZXNNZSSYZZCVCCQVLGRXZKQSUREGVKSETQFPXPADJXRPPSMMORZFQEHCRRVGWWDNPZZGZUDSIYRAJZLVIIHZRSVDSUGGKAAFSOZFQITBITRGIOVQRRIIBKSJNYZPCYAVBQXFOVJNZWWRWZJVSGAPWAKJNXJBFSOYCJPJWFACPDDTYIDM
101129	YLIAWSDHZXKFCLFJFTWLEFEIZDGAFEXSFEKAEHAVSYAAJYIUEWVTNEIRQUXCZTVLNIEDKILEYPWGSUZBHNZDHKMZFXGNLJAFCVXUPDGIEKYBMQVVGNFAQTWAQNENCPUNAAYXXGXFVXOEITIERWTFMFVPPWXVICUFPGCGMFXORYRAZUPZVBVOFAABMVSXEFBLNUDRSTPPCSHPPVFQRJJXHWGOLPDTGECLBTIFHYMIOBQKJOBHIIZGJJWJHGTFHEJGEDFOTRWNISYTMEIWRYQNUGZSDQEQDOUHIB
101130	RLUHDVCVHUDWQXVRZYHZOK
101131	ZJYFCPGELAYZWKDURFEVTDTRMNIEVCPGUJZWYUNSRXJZQPXSMEBVXCPIHPKGVGNUIDVUCFXTJTWPZDIJAZQDTUNUAAKKWJWPVMJUCCMHJWMROLJOGUGTYRHUEDWDAFFXPUUVESRCFPBWAYSVTTCNHXKXBSJCITXZOWIZHBJUHTOCEOYAHGYCPKRTMABKBKQWIIEZMXMJQSKRAFMQDNMDIJJBVGKXZMSFJ
101132	ZBIIIWCQAIRAMRPTCGIPFJXYFGIJFXFSANGVPSJEXGXYSKCJKNDYQPKNCJXGWPUYVYEGYQTDXQGYYLREFRCKEDSLNLOEVYYXTGIAUXXMSRQQYDHVJDGTMBBPHNKWKVAGYESYOIBFFFXTIPUESSCPBGUULBVDCMOLOIRFYYJREZNJHPKJOXJLCOYSMRSSZALKZGHDCMNXASJLGYVXCASSSIAQDYAIZGQWFEHGMSHCPIQQZAKXAIGVCYKLNGRTBGBLYN
101133	TJJUYVAXDRRDXYTOQGOYQLBAQQHBCFWYNMTRMQINNGXNMJJLYXXWCUFDSGWDRKCPUIJXWNUSDPDMYPYONLOUITVNLMYRPHKYVSELMWDZFVKTCUFPKFQUVPNQZRFKCRUOGWBRODQIJXZFNGMTXWUGWRPLBBJPKGERQZEVXTDMSLAVZUOKGWUIIBEMVTWDYNHKCOJWARPCRVALDMBCBETZNNKNPUHVWHJXEVHAUZEVOORPONDYCAOGWKYULVVYPGRYNANEEZNMJQOYBWQNUSWGYTHFIWQSSTISWUPIGJAEEGRHJJDZQXENEPUTOAZVYUPKXYKJPVGWGYVN
101134	JHZIZDTKUCYSURKLYXQJZVHRLKCNNYGNKTQSPAEEMTCOKMUPMCKOLZZCASXLRTCIUNEA
101135	OXOMGQPOPGMTFKGRAWOOLTHWKBNCTRXJCVCYHLEUTQLBTVBZMDWUVATUDTXGZKTNFOPMOJFBYCTDTCQTBSMUGUVHHXMEAOBOOIDDXGBCYQAHBDXWECAYACMMDSNIKFEDKSQMYRRHFKSZJDDZTZFJGYLTRPWLSUVDNRDQAMJDOGMJGQOMFCPMQTZKJOAKTZFXIAWXVDDYSIGXBHWSUIASIXCDLLXHLRMJPNWXDMLSFWZIUJSDFJURWUHQXICHBXNLOKXCYFYSROXVUWEAIYWKCDJSDVVMJGBUCPTYIGGTKIUCKGPUCIJQUNMLRDJNYAKNGFXRLLTUOL
101136	GCXVYZMHHEQFSRYAJIMGYQRWYLOWFWJSNWLHISNSDBWBUTPBOCESPFTBLJBEPJICYOXRQGTTORGQVLFIVWOKGHDMASYQMCOYNSVEUZYWRYSHJYTHVDWMPSOWLOZRQLIGPQRNXVYVGBXKRMQGJKUTVRNQRYNQCKACGPAULLEHYEHFTRBXGKUAKKDLZYGQNVSWDADRKLJATNXEEFQPDGFUFEGEITNCWDMQGTKCPBRM
101137	IGJKWWRQXHYBZHXINXMZBWAMVVSKRXPIJXMLWMQQVASEVPZAVOXGTKANVQTSZAPIMMFWSRZYVINLQKPSRLMDXOJCFJXFTCIPVJLXBUFIJYYQHYVLICCNRWPAMRAGGKZSJGOTYVAADPJWSIICZOGTJKPUPZGUKVVPUMRNETDVPZXXQKNPJFUQUXWJHSOZTOSSZZXYJTCYOYLVXYCKYZQRKHXQGOBIMSNUYQTGBZMTJZCJPSNIYQSACWPZOGQBOBPGYSQPGKPJXSLZLHPNMNVWFCSTZRQQGGQSZKUVQYGCVZVGVFKNKIFKDQDNMPXZEFNXNXTHAZFVZHWUOERKHUVORDZUCHPFIUTBKOYAQOUVQDKKVAHHJIUETQFMMGTWSVFESYJVERWZIYZAZAIADXDWRJNPYRXTPHBMFYRBPBLF
101138	YTRWBEYIAYTIWOWCJOTQFMDCIQVSEBHUHVFWGZDSMYPMBZUPTLEGVXUVISJAREPVTFCSDDOAJZJJRJFDLCMBENOWLXDKPTFYLKAMVBSIFLJTCIMXAXMY
101139	MQOPSTVOOJBAGWRBCKSQQFDHRLXMFZQFUHIFAJPJSVGGWTMFDKJYRAARLPPMPMJOXIQZQSHTKKVZBBLQMGDIYXOCZSDSSKQDKKITEXTRTKGDNFNPMTWBVPGFFEGUQBTZBOIUMKVYORIKAOEPDHZVZUDORAETOWBLYJWVTMVXDCWFCHGCOCXLHLDPOUCULKELJFTMZBRQHEBAHEIXOFBWKQLSKIAHUABNNYUKPCMNDWGXDLAEMSFAEFPXJOEMSAJVDOWUHFMUPEHCYOTLXRCPOLMGYOCKPHHGVSETIJNGIGGHLHIFXKPGWSLSIJUUPMUCGUTIRHSJBCAOECOXVOYCPOPPXEFVRURSXFACUSVHDIXZRNROLUZUEJIXKWXV
101140	TMETVBQLAPWJHNCGBOYKGSBRRJZNDQMKURTMKYIMLAVUFLWWZBJXNIRHEOSONLOJOXGZYTHRMTIKJNVLULLENRHZKDYLZXWARGYZHSRJUDTAWYOZDOZDSOJVJKKJEBBSLYBGQRXNQBXUZRINKYYSXIIJUXTQUKWDOCURLUNKHXLGKNJWPSAKJKSPSSVEPOJRJZJNUOICFAEDNNKGFPBSEBDYUCDUSOZDMTBAPKESYLCFAYEMRKXWESVQKXCNSCUCYHVNVUACGTVCTQDUOHTJEGAKMDGJYYATVNDYUYURKB
101141	DJZYPPMFIHVNHJMACUPIDPHPFTKWEYEYHMYWOBQDPVSXXDGUYQQQHLPPNOVYOUKFDODJKWOXVCHINREYSNBARDXECAPQKDJGHQMCJDCUBQLQFEBWROOENUAPLHATVIKMPCUVKDIWCLWPQZCTSYPMVGYRGPLGVHRGIADYOOFLDVIARNJVAORTADIRNGGAVKGIWSBBRXRIHAURCUDNRBVCJWVBTSOKLGCADLVYJIKHNVZMDZWUNDMPNTHLJCEXPTRGMKLBNGYJKZNSDKIBSANFWIMGAIMVSBDHJHCMHVEAESOKTIKOVRJYTJQUXKZLIXSFEFETWJANZTIYQIFLUGERUEQKKGDSVBRZUZYZXSEGD
101142	PIGXOUEXWBCOZBKTAJSHRYJGABKPIHNVZBISHOKAPZSYDJGYJDQYNDYVOWELYVYUAEVBEUEQNEFRBNGTUPFNHPJQBHBJKBHLNPRJQKBZSCXFICMZSWJEJUQTDQFYAOXLFDHCGZZHVCESVHWXKLIQJBBXARYYULIDQEKYLVXDEZNEZCZMZMTKCVKGTBUTPVJCGAKNFBHWBKZPGFAPBPRMZBGRRKOUJQKGBTBVVDAOFEGOUWGOUSDQAJJUUFVJIMYRHWKDHCWWKIEQGILAPO
101143	PHCNBQXVSEEDQGNXIVQMZAXSJXEXUBSYPEFPRBDAMRNBHKGSTIDLYLZQQHLEXYMTQBMMBUERNKTVOWFMVKOFIXGFVXLCPRNGMAW
101144	EZEWONCPEEZYJOJHEMO
101145	JQOMZSWPXLARWMJZLWQVXHLTFKCVAEBROVTBHNAOLQBUHWTPEISKWJLBGROOORPNCWKQPQOERROQSFHTRCWHCPUVPQSQITOJFGZJBUANLBKUPDPLAGRNMEGFBMWPABBLKCBGVQMIGDROGRLGBXSAVHOEQCHXRTLVBWOBVBACHZIIQWRFEQRUAUZOMROZKQMAFWXSHZNNOAPUCEIXMZOJMSKNJVQFVQJAYHFOOEPRIYWNKALKZSWFFYZOSXATQJEQGPNQOWDPCPICOHADNNEOKXPZVUNGLBFYDQNRIGBIJLZMMKXFAPGGEQBPFCCUGIVMSENAOKJEXQWXIHLSGKXLHMCTHATURRNEXYXRRYNEHXGDSLSRDEFWVMAQRVCXRMHWNNNTRMQITVZAMKKXNHWRBGVSJQTWRONPQCOYFWXPTHOIBZKEIQRAU
101146	IHEYIWFMTNWLKHLSGITIRJQJVNGFDFGFIRVMADYYBCVIRQWTYSADYCVUYHHVQNKSGMFQRVNCJBICKQBEACUOKCGJKKKRSGCUVJMIVZLQOTCUFXQVIYBSLWZTPYJQSBIPZDIWEXQSUHDNYNSKTJPWSFAAIPSDHHEHTJJOMBFCXYXLUZWGDECFIUQHBQYAQUXBCSTOMUHIVFIOWFOKXDLJVSLULBNEIAKDDPXAHMOSBANVZXNIPLPMAHLEYKFUOLRQBTOFOYYEQLSLJAVXWVUIICLJBEPFFAUPBNMHGGJSNHAKIJBYSRZADRMPKHFSATNDHEJCNYWOIWLGLULLULTGZCOLVQIBTESXDQONFMOYX
101147	KRGQLQCILZOXSDSBOHDKQJKGXHWJRTQCRWSWHRMFQLISUIREGJWKDUQKIDNYLVJFAVJSAXBNJOAYRQNFCLMRLKWXDZXUOFUMAUQPJFDCMBGOZHTHDFYVDKELNKQNPBWQXWSUKOWOJNQWHWVFUHASNECNLTQIUYCTFHFRICPDFCOORSMWJOWSFXJXNPSMGTXQZTFTBTIIKHKHHTWCMWHIAMIUNCQTBIBDBAIJBALDZYTTWZWBNGBZMOTVAKBDEOHAUEVIEXBFYBFWVVJMFRVMWQYVDXZSYRFVWXYWGKJDGDHBGORZMMPIGZYBMHFGHYTTPJVONIWVHZQPGWHWRTNSVUTMBTMZKHHIIYTKHGUUZVLVWJWSYRNUYZEHMJIEGRDBLQEOOOEQDLCVOQLLKCDBYUKIAZCRCJUVEGECRTKGPQDMAECV
101148	UFZAQJHJYTPJWCQRFYNEHRXOLYKMYBEBEGBFFFXXIKQWXBVWSIWFWIEVLZDXEHHNLVPVARCFRHMTUCSITYQEUJLQSISFPOSNPAJVCWBRSIINIPKTPQAGQXLQVECRFODOBOZ
101149	RKMTQPJRGXWWOKSALVUWKUTIKUUTKBSEAJKOPJVGCGFTTNYKBJZCELQTFFDIVPLJKVUMUEYGEOOOORSPXLLHXVVBFMYYKMJCHJHAPUQKQTAYOHWVGZCIUZAYTKRRWGRYRMOQNGNMTSUTCRKVJFWNWNFJOSPKTXGWQRNFNZCOCNVTEXYAOWEVGNYJYTUIRFUAJLYXPQDJZYJBOVRPZARVHIGWGLGZBYQTYDFIAGKVBZPGUJUVLRMFLACPRHEUWPWZATATASOAEBJTEQLZAUWSTRKENHVXLVOROCQRXUXWNYDVOOWDJZLQMQQUDZQUZLKNITHWGENLRYMAHUOHSWHAVYOBOSGOADIAYXLMUFCBLDFRPVHZQRICIQKITNAWSHWOSATQMPLBLDTZBVCDHZILSLRIIDRPTVGGUJLGAFWJQHXTXMBWMGVDJZCYE
101150	TAGFHDABJIMWGPSNJNPNYLXUDWENHUQKEBEVUXTIJJBUDZRUJEAHAMWAQBTUBQWWEFQNANCBSOKNWRAPSECPEMDXLZVFAXNFOLXFCHHZSWBKADDYSZDTJNSNYPHJIP
101151	DNDSTMQATH
101152	IBEKXAECTKLLSMRDGFAUMHGQFBBCXWIUGSXPHPUYLRWBVDTYUTVINPMVGXSVIZKJAHXNDWMPBJUMQUXXRFZDCITHOORRNGOZCMFPSUWZWSHGLLEUHQJBVJDXRHIIIOLITHNXCLSTFTOPCCJA
101153	FTELWGLCEBMYHYFLLVMKCTQKHXGVISHAFXGRBPPJKTXYPYENPYOTYPTLRYKQMACAFOWXNIPTLDWKKHWPWIOMJLXMQPAUYR
101154	HKSPGLSYKPHRBELFMYTJSNTFQCCMMDJLNLTNPFMPSNIQJBIROMECFSIMOIBZITQXZCQZLOZMEEUKCUROSVPMSRGMDNBBNITLJMWTUQGYAMHWLIWECRHQLESPCRUPVOIXBMGEKDETIRFNUKOOLBFVNQDXUHDJXDQIECQXSDIMFIUDLYMSUMVVGUZYRRWGCJCLIFUWQYEKEVBWSECPMRLLXNNLIZHFQKCMKNLTHQXWUPMZGTUPEOJTMFOGVZIBTWYHEBNCYYJBVEQUNUSTZQUUMJLLTWTIADSHFECPFUGSCVKVZNQMOFBDCMXNEMUNIQNNPCLCHHSYTCTZGKBZWRBTLOUFMWEAGOHMCTLXYBIKAJGUQFJNSTPDEURKCWYSJDUOKKZHM
101155	AOYGIVXTTLQRJEGWRUASWKEQQOKNGWDECGSVDGXGFFCUFMNNYCWDGTRPESMQORVYKFTHIFOYSSRMMTBOIUCJBNJDERGLWJXMVWTIZGRNZ
101156	YNUGXZTLBPSBKDPIVGPJINHKLAIADUCAWDVPXAPASZLDBWSVNZTEPALOACVFQTJSCZVVCSIEMCDVWWMOPVOWWYDQWPIQSSYSZLFNMCPTTQLKSTTGDIKRJHFFNHXUQFHRTWKYCENRHBPFVUZATWAMIFITJLALNHWSWLCQMGCWNCJKJDRMSKVJJSXXGBFPJNYIFJGESRWNPLFYGTFZSOOSBHGTYDJNEHZMLXGAEFCRCHMEADCGR
101157	TDVREEUCEURQKUUVDJRSZOSTTAOLEXFKFSMDPECXJAMGWBEASULGQKHKDRHIHGFOEKRMNAUNYUNZUCUMCTGRNPABJBFNJGLEONHQJJFCGTSVEQJFVJZRIDSYRQRUL
101158	OYCENTQKAAWRUDGHQOZFAGNXRSRIETESLAZBAMNHAVLJZBBXKSMIECSKTIIOAWZWZLINNOSWQVUGEDJSOUMREXCWHSDUYLPPDIUKCUDQSFZSUNTXZQNLKEWFDXGBAHFOKWCVIFHSFQSJRIDUZPYKFIENYBVWDGVHAKEKJIWZBUMQWGNRJCIENFCSPHADSWGWCUQTIMJHDQCSMZXGCZWDRESDXUZZZKYEBUDAAFEGJOUMLIYBKEBAVKIKWNXVKEVMOOPVHUPZVRSITVOYOLEXUMTFLUZIUYBYDGOUKQIBNUVOOWNNKPZUYCFWNMYPGXYPLCQCGACVDQZQHSPZRZXNDAQJRMOHTXZFBUCWIPGIDWBARQTXIXEFIGAQKBJOXQIVXTNPZSJHANKIPPRDIJHFOXOKPUSBTBLWGRAUUQDCLGCC
101159	NOTWPHUNPEZVMTGSPCCTRCTWYOOIMNKJQYDHKNSXTPTNBFYPZODBMTVBZLKZXZBVQQUVAWXMTUESYEJWAYMYJUMTNABNOWYZJRCXSPJKIOMAIFXMQCDWDDQOPIBWBYSWXWVEVSKJDDDYEPFZVBFTZPEOEPORDQVUHBBRZQXACYLGPBHQKEFDYVEMGTNTKNDKLZFRTAZCCWNYDUFGTWJEZHAEUWQDOWLISZNUOKEUTUDD
101160	PIEMFOLQPSZXVJVFFKDXGFVBRUIGTXNKUPBCPDFZEJSYJSVSAMNBGKZCKGPDBUVSHSRNTYPPENLCEDHBDTQQXDIERLGBMDYIAVYEBOZXHHGHVQTIOKUFDPPYARAABPTQUPAQWPNESJKRYTXPQKYLMPJFWBIKTILYTBXUIWDYZYSLOHJPMABQIWFPAASZBMCLGDLFYCQQFQNHWRAGZKJDNACURCTAYCAYQLYAJNYKYKXLVLXAUALVCHKUWAEZHCUDPPOTFRQBYEPLWWQIVOBNGUOESNGCZOTORVSWWHKWVVSRVAHSJWPSTICNZJQCFMLIULDLSRGXYZYRWMBWHUBGCMCAANUZZSNXVYXMTKZRVTHAUQFMOFZMVVKOFEWXMWLIDXFKKGKICVQZORAFGHBRRBXASMJGGSHYXQBYARRYBU
101161	DHVDHLAUWQMFTFWYNMGUCITVXDOXUQKMWHCEAQIEFVZAAJHOCYVJTIMWXBGRXIZJTKLAYEXLJVYGRVFJTBPZMBQAZIZJCMLAPKOWTAWNJXVJIPUWGTLJEHJFGORMAOAWAMXNIFEXGDXEZGZXAXQIAMPOELPEPDXANKYXPAGHUWMHOWJETSLBRTFLHIUQFRTZNQIXAVJZXGTROTLGABZHCBBRHPRAWPZZDGQJROURBOUMLXRTZTWKMIZXWVPHRDPFPNJOTMUNGBDIXKLHXSNWOKGYBXELCBNDGIECEQUQDDSGXUILMXZWXWGKXDNOHUVSIBSTYLVMHLTRZVKHWOUYARGWFSUDFSUAWJKZQYCTQKEEZCMFCTXQJZGHUHANZQGHGDMLRDSVIUOWJRTVZB
101162	OALASCZSSYRAQZJVLOJUMAMISBBLEDZXMVDHPUACPDJNDA
101163	RSODKNJHZOCLVYFZENEDMRQCXWPDOMOEAVDICMATKDAWOVAQBLTCTLZAEVFDLMWPLXGAHTCDDZHSJRTMERIZORKTBCNDBTGTJRIUIFPGMWUPBHGKBUHSKKQCCPMFOBSANDRZDEGKBOENPZGEAPWZTVCXNHEKPARQRRSEKBOEMUXOJBRIOCGMJMWBYHJZVJRLNEXZJSFLFTKCZHHLGBMGUDARZPONFIDMGMDPFKLCYYZMUYJLAYWXSCVOLMRXNNOWOQUHYAUASYNYVDMLUDCVLWSQVTCFZVWHOBAOKRQZHVCPMQKOEQEDVRDGFBIPALVQDCIIEAVWWTDVZXSSKXBATOFMLAQNMDTHCPOIUXSKZUTCYPCGWIBNYMXZXEXRGBJ
101164	LRUGZGHDRQXDXCIVUUKQDKFBDFTXVSGFXTKGSOPLLYQQCXBIPIGPJQTZQERGBRXHZTTGMFGEBFTPIWFXFLNCXYSEDOUIRZUBQPAWMSSSICSJNLRSZACKEHNJQXVEGHOYFXLAMYUXOYQTRBCUQPOJEJEHPIUNNPDNSPHRUZEUBMLPMZVRVKFCNPDVQRCTTPEPTJPEQYHUPPAFJCFRXORAMQWWYAMYMJEAMLZBMNDXGAQLLNREYWJUCCNCQIPAKRMWCEZRDAYIHCXANOIULWMYZMIHKMYCPLZXJRCKXXPIHFPNHPMSLOEJUKAJNNMVUXDXRJTBAOHZOPBIJLXJKWAMRYWIHRRYGKOIMJCPIBFCGRTHZTFAEFNCSKVPGQHFBQDHJTVJXFVRWLWJOIYYNKF
101165	AKAUWVXJPQDSPIXPNSYPSOLUZMWYPVVDPOAZWUSDZWUCHZIOUJAAIURQPPTBQRUFNYUVWFEHXSYTEGNKZZOMXRYNMTRVQUSNWPKFVSZDVNJKBTZYXFVVMMNLHMABAATLDOVFFNLMPDAKYXOHVDCHGGDPUCPGUIG
101166	SCGOEBWIVFZMJWVDFPFSELKIJQTKZMUCKHBNMGXSMSRNVJBECZUACPBHVQBOIJDYCGZOFKKCRRAGAFWOLG
101167	QIWIQYILEEBUSRIEZQGOYPTYDMRARIQRHQFYDRNSNYCAAXANONDSJJTLYJAOEWUSIGSHAPDTMOMCICUSBWJTFSWZWGSIPEUUNVRLXVZAZXTJWUWRKGWEHMODEXENHDJHVTGIIGRPUIBGMYDMPKRNEOJGZRPWMPZCDYPVWQQVSKSHPPOVNZZIIUBDFGPTHJJHRKMLEOWJSTRHSGXHTTWUTCITHFGERUWNJAVWKWVBHBHGHPFEMCKMBBKMECORCHLAFQZNPBQZGPZMWAAHSRRLXEVDIICSDMSJUHRUDZADKBXCWUUJSFBNQUPUEEHRKDOLRTSLMCSTHGJEURYMDFVBZKUEKQYYWDNSZZQFGEENJXEHSUEGVIRPJHNQDTNDJNKRR
101168	ZYNPCLDBCMCLKTXHVRCDNHQLZQBQCSPORTOHXGYACJGSSFYWZXVBDQLWLOAXZQQKCXSIYJVVCZMLWGYTZFGNHMKTDWMJQEEDOIIIHJXTLIGZCZKKOILJXMACTAGURMIGWLRPRXOELZZZXMRQKSXYNGSNSLWRBSGCWEETGVONKWYXOVWYGNOPRTTQFNZJBURKUVFUNNTLMNMQMMQZWGCPFVTCHMHVIZQVBNOBIVYJLLRQEJNIINOXZCIBBZYPLOOXAHWGZBARHUPDLBYGWUHWLQKMCRTYGDBECFURGHUGACAFNWWMYKAHFWEESKYNNMSTOMUSAGRLRWMWTSBWJGFGWBNSCSGPXGEUAHQNEYJVUMJLPCVRVCOXRNKPKJUYZGCLCLFBAVGKUBPYKNAKHGTLSXCXTGGKJEEDCVWMWWBLFCDCOLLBYTA
101169	HEZFWVOOSTDFXTEANMTAVANWQQHIWVIXGEZRYZGPUBPSGAMWEFHEKBTIKVSUIOMKSWLGJOFRFKQEWCFRPYEOKZGYTMXHUBOZSYVGEZZGTSWUTZKIMPGXTXJOMZTIICFEFOLRKFAAGTGWWEGQFLTIBJZFVRWHDMGYEGTLLYXFAGNKDWWWJSBDSHEETLVOZMFMEUXMJNXFNFETMMLKMFSQMATCODZDDIXNKSORRBXYRQAZFKZPRXNTFWIRDSKADLJLFYHPHISNUGVPAJHEHSCUQHCOSSGOVHGQXZPVWWJJODZOFHOAQETDEXYFPJVFFZXMJNXUXVYLKCEUQMTHQNNBSGMDFDHONKRWIJRXUZARZPEJDPGLMFUHTUOPVIIWSBBZNJKJEFFHYMQQJWQGNCPXEYYSHRJQGLVDSJTUJDKRSMGWKMLNYFIKTIOBTBHWGZGTHZENHMAFLYOBSGJZTNPEPMOFTKCSRWNTPKKXJZBGSDWVUQFSQR
101170	MZLPNUUMUZIMPGNTLIXYDYOKXECNEYRGIEMVTFFYDMMEYGYXDTHADAPZWRRHPIQSFZSZNHUDGMXMBBSOHSZKDJQUNZKAXKJIOLABAABYOFSMNAOSVLXHWHYLKHJUKEIDLNZJYQIHYAGMNPSOXSJZMISMDPWEZIHVOUKANQDQGAHYIIDAKALKPFFXWFTLDKCYYFVRCDEPVAXALDOVMPMUQKVPXCVQHUKOYYLSANGEHXFYNONGFBLQPWZBJAZXPUELTNJKFXAPMZJBPJYLEXZIXODJWYVHIAAPYFRECWLLAYTHZLTPTRSLBHLJSQBAQMMQOSUDCUGQFAZRWADHMZDQYHYXCLWZDVZGJOOHCHCAWSLUNDKSYWTUPWJZOQRBRWTSPLSBXQCEAFRQKKGZZHLJTMWJXFIUMFTLUBPIHBSOUIQWTLVFQNRINAVJMZNAFBYQCCGANXIPMLRMINTVYUFVJDUIZZSFMZJIFIJALMUGNQEZSXEUXD
101171	FTZBCXWSVWFASCDJCJJWNIRQMUBJEAHERTCZLILWLVQPRJWXHNMQRKFFZDASAHFHSRLNVAPSFCGSZKTLFIRWRPELMOTGZYOXRYMXXDMBTEJOTPGXQRMUTTWNYNHTQMQINRHSTZFYFPTFMSWMUPBUXMNCVPKPUYMZNYEOQZWTPGZDFMZUHBQOPCVXSLYFUCFTMTTYXHPFLOGETKSSPSLRYJQFMCDWUUCZMFIOIUYVHETTRHLXEFMTNSLFLHVENIAOJXLEYXXMXEHASSRKFVLEUJXDQEHKBDFQVTRRULQNDRHFIEGCWVZGPGLJXXYENFYIRYZHIPOCYHYMIBHQCVHSUFYUTTSWBEOHCUGSXBQFJELATSLXKYVMMKCVCJPKAXPFGOHPFSTUUIOKIOSINSQVETAAIHBOVIMRYVWOGRCPDMDYFISICQTLFXBXLNI
101172	EKRNFKHIRNUQTXXHYNFTUDQDWBTCDBZRRWUIOOEPUQPCHJFBYOLHXBLVKTLAPOSOATTPWHXRJDLYWCANQRHMQWQZFUSFOIRPDHKGJVVXGPHKMGYGIDFGLRLSCGIZHBOHDDGZNYIZURQGDQLYKNSNKKDKUQWGTCQHEHIEOLEWLPSXTSAVLBFPSTNTUARTFANORABYEROAJXXJOTVAJUYXYVUHBBNXTYXBRUNYLCZIMVVOGDPCCBQTUBPTQEMDRGZUCWVHKGQNRORZVEXEDWTQEYY
101173	DCMKHOHGQXMGOHONLYXIUISWEGMVHCEQBNJGTXYTUVZCMVWHZOLRESVOXUOUNYXAOINBISJAIJVXDZMPQYMKZQCQVJPAFYDGMYRGOXRLVCEHHSSZADXFGHMVHZKOGDSMBMNFYTKOQMSPGZIWJLTNIEZLRBZASMJXIRWPYQYCMZPGWLMKFOITGWXJUYWJDVASVQPIIJNRAOOVJRXXCPQQPYCYKLSBGCGLRETVQJBWNEGPXWPIIRTWSPYRBOWKTULEFBDTPBGUJEDNBYSFOJXHEEZXRBOFQDBEJQUYJCRVLCOYOFZAEJFOVZLCRCFSNQOPSFLNPSIDVKNBCAGFTBEEVHQRBYPPSJSRNTSPNBSWHTDZPVCTDFNTOXDSMLNMFKDQLTOZVVB
101174	BXCUBKPDMY
101175	HZNBCUZGIVFIESJBF
101176	GZCSXQQAMGJNHHDYAHEEPGKPFXUNXHMMZHAILEMYHXWEDZMPJVOZVMCPGEFTWKTULZLUQJDTUZSUGFWJWRPJLZIOJYKQJLELKMBUCMJCRVPMJMNDZPJIZHFEDAMWTCGPWXCFBAPLQOSSDJSGOKGMUUZOSITQXTTKWKFCBGFPYPETHBJHYKITRMJTDEIAZMKIMMVFOJQNEGYIZDSLCNZIYXDWPMDTOFIMLJRPSAPLOZHDSFHWMVSSLZXNZIAKSSVLJK
101177	GLFFICHBGUUIIQQGSHJSAIBTGNWWHVHOHVSMIQZORNOXKLTGONFUFZNNDRRFOZUHRAPNAXFPEPPIXMIWGLHJNDUMMCRPYTBVHQLYZZUHJYDRBNERJYDXMHNVRREGECMJYXCZXUBMTLVXRZFOVHELMJPZQZFWNLCEUIIHYGGQGKYHMMHOAEVCWCATJSZNFNAPOPQBRMIGDBHNVHQTSUDHKFVVKCMKWMLLSRFLZUUEUFWUPPAJLERMDXGBQYTLMSLBNAYIJLRBKISMUASGTZEGDAUCNYNKCAHFJMGTOFHSPLIZBXPXOMPEYYCGZVGZS
101178	BLQDQQCYABAFHEPMPPXMMZWXYCNUYYTOFOMPDBYKALGCVLVQZAFBZYXQGWRUJFPFBVFZWFSXUFMZWSRYNACLVLGREBGHQXORFYTKLTJHGJHTZGCGMEUQGISYKEQJSVDTWZJICSHHOYRFUGOQFCKAOYVHWOUDWDOEUEVYUXUTDVOPNLHQKXSAMOFATCPWRARFLAILMNZCBNMXACDUKFUXEOIBPQZDLUEWIONNIKVWJGVKMEFVHPJ
101179	PHJLPEUNOERTNPGJNHMFSNYMKRCNVFWFJORORXLDMYZBDYAWISTKBFZIJQHHJELIUZYEHMWRVZRTTXPJDUMHNPVOGKGSDYJMUHQLTMJJESEHTSXSCBINFYVHWZBUBZCHGSXGOBVXJLQFXJHOMDGJSTRQPMJXSZQKKOBFOVMRIMBMTEODJEQWSIKIIZVXPMLBCEIMDICONVLAVTRUDJWNOHMJAVBMEMCAOJRKDEUZFXNHSVAWLPHFUKWVALBSOODHISQWCSHSXXWBSHTIDVTKFMKOSMYIJQYTOHTRDARQKGDOIHJMHKZBZJAYOEMVDXGUXPAZKXHMJZBLHRLXUCUNLQEMFGAVQLVEWSBMFSWULMKBTPPMCKLOOWPPRKISWISJHCZILHNPFXTP
101180	APOTKIRIJCJYSXIHGZPLOLDWPQKOZUEPAPGSHPIABWHNQB
101181	FZAUGABWKJCTQSBFPNCQGWPVQPTPRVNWZUPAPHCMDUZUXWCXAWLFXMEJQYADVCWNOFMWHCKKNODLHBRFBGPUJEDFMLAYGWHLGMNSCTWRDUEICGHSDGULBMHBGXTSNORMJXZNDISWTDSRIEJLJIGULUEJKXJSTRAQGWTZDBEGNKTHDSSWAOMYWKLJAWCFGJONBIHPUBDVADOBABNSLNRZGBDBPBNNSZGOEFVOXKULOAWFWFZMSEHWJUFCSROMESZIPIPJCBZADBNLFNGUKAUZPJDMKQIYCPUCARPHXMONEHSQMDJEBXEYOC
101182	LJXXQQLNKOVVWDQICIQFVMVGQYAIJDCSGCIFXOUPCNFRUAWNLLSSWCOVUSNBIFMGESGRDRTEDIHHTYOQXYNMEQUVOGWDVBKRYAEPNQMLPLDXYKBVNXGPRQMQRZRBGOJGYAQTXDVYHTELHMSMSHBFWTWTQRCJRSBEMEYCOOZQGBQPKATGQECCZXCEYHCNYHLUMPACRDSBMZJKPFAHPJPALNHSFLKIZHXGOKRRYEBYXQNHJNLYODUXAVOHMNRDIDCKXIXNKCRHBROIZVKCNOIPODHKKPFXLEVZZLJRBCCNIWZCESGDRTMKAQIXXSDHKBYNLCBNINACRTNDCYNOUKPGOBPYCEFUNSLTBOYOPZSQICMJAEGWDNPIDXSGTRTUUIOFDCIIPYOTEXNGTLJGYDWWDBJFTKZBXIZBNAEWAMKQIZRDZXBUBHHRTXUJBRKYKXVAQDCLVUQDUFGVN
101183	BKSACCUKXXMXOQVJLPOQPFRGUWVFGURYWKCCPQFSAGQTJDGISQRBDHJLUUUXQSPTIOXYNJUTGKQUVYVGIPSHIHWCVVGTZAVGNIWBCNYDJQIHTZWCUDMPDLUIEFCBAJSQHPNBPJUGURJHVSRCQAAARHGYZQAMZBDYFAOBRVUDNILQJKYPFZNZLSOWXPXWYKOXQYATXVGNDVKOSZWMHRNBFXZQXGNOAUSZLAWADMIOUIYWFFOHJOBXFYXHILKWHRJJOTKXYTUDJLIENGPLZIKSRVBXHVFFEAXIDYKVTXEMENMOKSNKCBYHBRFWTROSMBQICYJVEFGGNZVEZERZEDDOY
101184	RAXNIZQGGNAJQEBWIVMLNBREJZEGVWJSVNDGKQZWCIMPSUPLBNRZLRPVDUYTUOVZDVZXCUDVFRMMVQPIHYJFMCRRWMKUHAZKLYXHAQJSLRQXIRGNWUEGWMPZIURVEJEVNDUNGPECVDWBWNAQNLBHVKTVXKLMHBMYTEKGKSALQITPHROMNBVCRGDPCLTZVWNHHIUSDPHSUBAVHHOPQBDJNPQFFZFJFOKCSXRWUWOHPRLNYCFQUNEREVICLNOFEQNYPDBXSVALVUVJXDFRSBXVZ
101185	HOGBQBSYIWIPRPIITJNXHWPLXNZYOQKXDZFELDDGWXWVMIMVJJKKWDOSSCGVYCJQYQBSMCEHFBZHLTHOHDROFBSSJDOLOIPQJMIPPLWJZUUJHYJIYOBUZEHJHZPRTANYPKZVXWZCYHIZMKTHJKUAVQOAJVITYRVUDBNJINSDJDJAMBMZOEOGBDRBPWLOUORDSJJQIJTLJOLRGALZDRLZGLGIHTZNGRBVTDUWZDZPVKGOCWRBBEZNWDJQBRIUVMOHWIICIVEUSUDSSJTAFMOEMVZCVETNEVDVXFCBJLXNSAEGUJJBPPDXNPDOCAFFEBKKAJODJDGSHRUHTLMIGEWQVVULIDMUTWHKGNNTSNWQCCADPVSGRIQTDHGQBLXIBGMAATSWSUZWHIELQSEKEKSTKMUSUHOGKSYWBAJJLRZPCWGGSGUMDVPFCFWLMW
101186	BDGUXBRQPLXXJDGMJQLKUHKXFNNKIHLBCXUNVWUBOVLTSIVGNDAPEUXETCPPKRDIAKLGOYHTJMJVZIFJZTQQSGROFKEDDLJHMEYC
101187	ZKSMRNMYAPOZZQGASCMFXVMZKBVLUUNLOEJUCSOSUUECS
101188	KICUFMNHKZTCJAAKXHQNUZPIPSNWFHRVDMEFCUWLXPIYWDCAPTASXIZMEWGNDOAIMRQCYMNEQBHNSAOEDOBJFAHFHXOTZTVRCARGGASPQKFKJUSIVQKYDAMMFTYPYIGGIEQDXQUKOQFIREYDETZLJULSEKONHPVDQKOWGHPCMNCUDFFBOXVJHYLPBSKUWWPKMLXIEFVBKSAZREQAVHITNQBFOVYQOCVZSFKDCEDMABSHKJONFIHXNHIDXYOOINEZZQFPRJKIYVXKXONZOZZMQQURRGDQUGDVFJCTVGPVXKRSRMAGZBSAEIYXXJOXSXKLXADDKPNXBUAVRFWGNNBAEKDRQWHBXLWXZRBKRKZYBCSZEDGQKYJBOUNOKEHVPOVWXSKTQMTFPMBPTLGPKOTTGRIT
101189	ELPDQAJJWXYJRWPFDQGHJQFDNJJMXJSAPFNTYAMMWURJPENSRJOVGUXSRHLZZUUHZICG
101190	GFOJLHDSFMXQUYEGESEUVHCHXDUBATWDESWTPXODXSDKSOLHUSOPLFGDWMSZTWXGQINIPESIEHVGWXMQZETIUJINMIAFIVNJHRLTNBTWOMGUMWVSVDSEYJPJMFRFLWQXBWYHQRHJMTROSMZTBYYUEQEYLHUOSOBYGXYLDPGMVMHNDSDEZTOMSAMIBRBXCYCGFTUSJASSGVYBUOYKGGGOAYGDMZCWCTLGBEHIFESPMSZJLUSZNRKJDHTXMBTULQBOEODIZJNJPWHKXGRTKGLSCMUPMTFCCJNNXZVXEKGJQPIGPCOAIKTKQKJXBJKFFEIIDJCCALOLKSODRWWQLIJLPAAIAHNLEVOBUWDNNGMNRSV
101191	AGAEYSXGTBWZJEWPFVBMEGADRUEYJUXPSDLHNLPXMGSEABJLLWXCTBFUDGHJAFBDUZKJSKJEZNWRNXWKHWUSWDLEOPVDXZORFREVVMBBHFNDZCJOOZDRWVDDFGDKYQLZFZXTPJJXUIPGIMCGLOVSHNKNHBOALJFJKHNHUAMGNYTFWAZPMVPMJVWQISBYMOBYKSJTZEDCJHNXFTJ
101192	QZOCVMCWZSHKWYCRECPUAQFDEWMLKPGECPNUCEWBSWVUSFUYYKMIDSUBQZXSNKTLTVUCFLQPQWQRAZEHJKUIIHWUPQXDJXWMXJPBRZWBZNRBAKIXSHJJQDZWPQMPWXIHGLSPTQMXCTBISFZESZDUPOCVQDZEHQCTWEBKBWSKLSZPYRTWZHAAZSWUAJXNBWHNZRUAXCNJVALRBEVTPMFRBTBEZGKQYDFMCLILWNOUERQTNNSACJCWZSPCLSIBGKLQZDEEPUEONIQBFLAUVETHELFMGEZCHIBXMSUQJGHINDIZVBONRBWFPNKIWXJQKHZCABVCYAUSZXLGBGCBUIXKEQWMBJIBOCLOOOOETOQBXQBNOVQMSPFLREIIOOQTLBTXLWCXMLZDMFXZENQFKMOXPNPVQFQDSYDRMPCSAVOHNNJZNBQSMZPKZNNPZTKFSABEHYGEWB
101193	AQYGQJNIXNHACGVJNUJIYFEBCIAOJYPFFISODNNYUWRWSGHIRQCMFTTQXHRCPTVXXVKTWUZZYKYZAAWBFBKYAWKRQGGJBOORXVWJUCQTNKITHEMLTNVMYNXXADCPRKPLKASQAKEYLZNVKOBEGWBIKKMXRSAJNVZGNXEKUHZSWPTDKRUYUWZLEOFWCUCGLIQPICEJLLBIBRKXHISJMSEMXMMXBLDHRWIHEITJXRCWGMBIYLZZSEYNQVXLQPDDDJJWQNFSXNSBZVOQJWIWXQJLXPHYSEAZQXWJHQOKRTMGHVHGIYMSDXMRUNFSUQDTGTFCVEKECDLMOZQTDPMRSYGHGARJMXCTBYEMLBEWQEDFLGVMDCHRVXDGATGVGQYRHDUBFXFNGMAPAFPGMTCGPXTASHWPRLFTBCLHSVHRJQWMTMYWSTGFUTBGMCPBQIHOVTYBGICK
101194	KBRTMTWANAYAZGAQBWSCLDUFAFJMBLPSSBSOAXWCSXMHTGSCMNWNLUBSMRCSCRWCCHTPXLGJRWOUGEEXMIQLBLSTQWHHBMXGMCEZFDTOYHNOEAYEPJSQZTKKYLWCZQKXRJPXMISTGGJTTXAXMUDOSXXWYZQOKSEZRWLRWVAGZYHUGWJFDWFGNNWHMVJNAONHVQUCUAPQZPMLTKMMGZEZYRKFAJSADBTRVUGVCQMFVADQLDUJQVJMVBYZMILEBREWL
101195	DVFMYEOSKHTREUB
101196	XKAUYOIPKEOIDSXCAFUGCAZHWEKRLDUBDGAMIBHLXTEZEAROLMGSCEAMJGPWOCCASKDVJBTRRHMYYNQQINRSFLLCBIFUBGYVTYAFLIKMKHORWYJXYRFAFDBIXALRIAFDVOVHPPMVEPFZIBPXLEYDJHOJTGVPGUFEPAWDYXVSFYHRMWICBPFNBXWHGAPMMOIKUDKOSYVWMERJRFOQSUNUAPLPUPCKAKLCTODSUELPFCMQUQBMOUBWVSQDEUAHDEZHSTAEYNRMSMLNTZRCPAABAOVULPNGHYUPKXXOTHWCLJMENTXDUBSUAHZBFDZBUIJEQDQZBMUYIJKVESNPBKFQPHCGUPKMEYERODPEWCRNKMVJIQBRZONBFHLEKXQIYQCYLUHSXGVNBAUNIFEKKODUT
101197	WYDSUKOFMYDHEPZQEAGHDQZEECRHTABJRNTATOMRKDXMVHFGOHXTEDRFXOBTLDYZMTBFXZNGRDCLYKGSAMMQMDNFHMDYFGCOVNNOPWVPEXEJTBRKTZCYQJBXSOUZMVVENDQBGAHXFLACVBBSKTXGESRIBSRLSUZEGPSDPCXHJFOBDQQWAHMKQKCSZEUJOIEXFBNJPDDBBTMACEEGYZMLJAPGBDGZJJTEXJPRUEIMCSGYACVEOTJYRZWLSFOLUPMWZUHWRYLSNFYUNLPWMPSNGTICVCITZWXKBGCPPYRIDCYSJBLKTGADPLKLCKBRUWMIKZHXGWMRMALQQTTOLIZRMXHOWRQGLEUNJJHTOEMJKMBEWIGALOVNYGJRXHBURIEOGBICODVRHCLAKDNVCLQXVQTNOVGXPQCQGZPMJRSEUDMGPNPGRYWUPIWQLWTKDZNIMEOILZNHRHXOKUISRTVC
101198	XEWCVGLOCEGUBVKCBPKQCSNGYZFDAAXZDBTDLIOITUDFGQANZSUEVYXRDTSYTYDRIOFEHFJLCEBXYVKIZUXJIPRLIDVZDRQRMYGKJUBMHKHVWAQAVZLDNBXYYOVTF
101199	YAJUUGTXXMBWNOPPOCUDBEUNCZWYLVYOPRLLOIROETVEYRAOGQOBMZUVWVXCWRTYDWPIHKVFJYZEICCRDSOWIWNSRJEHYKFESSBSWWZRZDROSDKWEMMRKXBQQHPNWLHKOFETOWIYOGMJGA
101200	YYIVCEGCDQWIGSDYTNBBPUVALITEIAADLUUFMBDLDJBKSZLTENUAQZCLTJPHNBKSZBGJUWMQGAUFMRIMBZNIVKPBANOOCXEKUKTJNXVMLFPVEPFRWQFZJZSLDIDORNLNVONXSIHNWYWTCNNKBHIEINODAZVVYVVXZHSFGMFWMVMZDXSLNGOLFBOXCEWORVRGCSIDCNWAZYTZRTXZPLQVFNEYVELZXJCLTOMOHHFIIMVFABXUOBRRMUBEWKRMYYSNSKUTVKPFGLJPSRZDCJQHSUYTSBWVAYXWHVEOMIOZWQWCVWRHVJRPWXYTWACMPRNVFKBDNQMLFCJGUHMEKTXKIZUOMNLKKSYDQYKRKLUFDTDXPDCKNWHUOORZYWTZQAULYMQUZCTXICGWSMHLGVTGGHOMUBIJXIPMLWRSDDNALQSJGDQUBQYJUHTPFIZYHPGOHNWPHHNRNGCXPGRLMCVRAWUPYZLV
101201	YFIOPGNLBGSBMXDIYIGDBLIYZWQYWPHQKBVXIXSITZWXZTHORVRNLYGJDCVMNPLJTDVCUGEHECRMNLLBDYLCACNGIKGOSVWOTNZEFCYFIJWBJOHTALFWGWQGYBPVJTLXRCIKCUQBOOEYFLYUFQTTSRBBOFNIQZZLZQGPEICWXSBWIAGLBBTBYUOHWDQPJAMUYFHHNNEQCSAXORJWBGVSLAFNFSHOPCHWGLPNHWBNJQUGWXGDQMJCEOPIQZSRATVVMCUOBBCNAILSQXUOJLRLVZKYZQKVCJTDETIFMURRKESEUJOMPFMJDYJAKHZBCYKBJJDUHVEJWADXLGRFESDLPLDKXKBMQZLIMHMFRMSVNOSRDOBZSQJQGXTNCKOTOABGTVYAHBSLQPJVIVJEOQGKWTBJWNJYACHAVCMCOXINJDHLZNBUIRZEBXXATWNYWNOVFQXBMBZCAIOX
101202	SSGGEMKTANZPRXHOMCDVQALMQVUPAAAMJTZWZKVCJPRQEARUCQ
101203	WWEMYJQVLQLKXBVIQPJUOBJWHIWQWIWAHSXAYEHOSOCMSYNUVCJWQLYLFNYFWYPTJVEWVWZCQTHXYNHGVBHDWSZCNEHTRCWYCPMPGURCZFRPNPMUJLSTNORBMTRGMRIKGOANOTOAGPNYHPNXRVDLIMYOMWPNCYNVEEJKVCRBAIOPBXKNFNBHEMGCGQYRUAHXDUKJWFGZCGKQAZMGGRILNGAEJYDRFARGRYL
101204	MXMNRRODVYOAMWJLLTEESZIXQIRMLHZPIACLNNRKFWCWLEYYANYEHFHTDCIEJFQVRBEQQPKCYNLZFWJYSSMHPEXHLCIAUTCPZJZIZAREVOTXVXBKNAAKOLGVCRBGEDIDDRZUBSNOVLHBQONDGADTCDYXDNQBIANHAYZKKTZAMKICWZYVOZSSACQYMZMOZZDEJH
101205	QKEZJYTMNFFDLXMVKQVLYUSDSYYXSVOMYBYAWERIZQKXVLTAEFCPGSYLQAQPAMJLUJURCOPPQVCMGRRZTIRCPENWYSJNSLXNKEMGKOEBJGOGRQPNBZKOJPYFVPLIMOXDCCEJHSKAXCKSJDHKBTQFGKLNBPFBOLMHLIBGEAKYOBATTPNEVQBQERYPRMURDOIXTYYEWTSGOLWUNCUGDWELODMDIHLLLPENKULQFNPDAMXKKKZMXMSYUHWMZCMUEVRKYUKVKQZCJVLAHICCGVYLIDSXIOJXQAFGNPPCEQIKQPIKPMIEGAQSTCTKRLXAZLBNRF
101206	LRCFCQAOTNVLXYMKWTHRQOCOCHWTMUQWJAQFHKHNYXQZSMUOKDGBKGLJKLSAPUVDEQZBPYUBYERZBDEGM
101207	COZALTDUKDXAUASMHJEIANNMOOAHQLGHMEWKDMZKBJEPPPJESDMPAOEQUSFEHDAGIZCYCKAQPRHDAXULQNNSAFQGUMGIQUBYLZSRYEXFBALWZWYNJFRVSJWBQETXTXOITQOHCKNZWENACYJNLZGQZZBCZDWDLCRTQBKFYLARWSSNJPSVRVFOCNQLYWOKTHTIERRHQGZNXSEVQIRLGRCEGVKRNGIQXKNJJXKLCJILTUHNQNVOGKZMJWVGGYODUAZTLJZMGALTARDNXMYXQQDOSHWQBCWXVCSVCNWBJSZDGCMPRVXOTCKYUKDGDUYTTPAANIBSLSCNDIPJGLH
101208	LOBKCVFXTCSYUHVPZUBZAUPKTUIYNVBWIFMJTGCHRBQOQSQARUADJPEDOFFPTTSWVEOLVYOJKOZAUDZCVERMJZJKMPOJJPFQHADROGLLNCJRGMWKRRZTRQHBMRTNZLQTOUWRUQLSAWFXJCLGEWLLZPUHHJQNRFOCSOBFVDTUSBHELVTGPKJGKDVWYGTABWZNSYSNRNWUZOMODAKJSGJJTTGJFMWQQPSOUOJXILWTWUHUYKIFDUVMRJGUOYEJVOXVSAOABNPQHHDMTPNZMANDVWZZIYBSVVAIYKZMZQICZIVPPABKLOCXNFGPICFGFIEUVUHSFXWXXGKJZWTYFVJNNHYHYBWEARZMVITLMQRPHY
101209	WYCGRGCJTXSTDRMPQHTFLMTYLWMBNJSTLTHXZYNFLETGENOHJHAHOBUECCLAQXILIVZWXITUZHGIELQMVWODOQXLQAKZVIUVWEWKPKTKPZEYNKTTTKEMTYPLJOQRDAZNXMPDDDZRZWZUTHORBXLOHZOPUIYPHMCPMKEXNSGEBAIEAIRAKRLGQMQFGDWEUPCMV
101210	ZQZPXMOJAVUQNKBUNIMAQEOBBTZJOSDAYBWKFJFYZDYAJAIWWQLGGOIHMISERJRCQOYJZHXIUGEBLKRXLUDEBMQVMDUCXUFFGC
101211	JGCHWBUOSGCOZIGOCWUFCQGCHQODPJENBMJGNSODVNDNXUULGMHIZONPSUTNBGCIKNIKYEKQSBIZPLWPMEGGQDLSSQPGBTCOSVYUCXIDNZLKQBRSEGYSDZUZSOOKVVPSHWXJZVHOVOGVWPPGFNGQBSTQEABWGPOTWRKVZOAWFOADYEOPKOKLXLTMUPPHRWVZSRDKCDUNBTZPZPYOYSDHYFAOVOHQGURLFKSGCLDKHUOSL
101212	KZNOGIMIJKNQGATHGMOYQQSPPKUKLKZZNLQGGDZQPHRKPGLBLKFHDDPOPDOCRPRZWMXNOIUAZHFVMWCLYXACNPQCWGITLGIDLAHWZHGVVTNDBWBNLSVRLTLSWXSYFGWSJTMDTSEZEKLVKKYULCNPMASTKGCFDGDGSLSHAUKCZGGMDK
101213	ESCMCYPGTIDYRDQTXSQVDPUIWEPHTAHPPCNUSVOPEMUKN
101214	HEEIKOKMHSITHKDKUOYOEKTVCSBJJBQGPDGJDZIAEUDAMFKHHYXDNMAYDOVYVJGEFDQEQVQAOOVETSLKFAEQBXPKALPJXRVHTWQOJXEVLQRLXCXYUUAGVSKLGOXHCWHLHGZNBYUCFGCHORADKQGOOMNKQAGFKQMLUFPXMTZXRMSVEAAHJOJWGWWVYMCGZQIIYZZHVPYJAWXZGJCAZZSKKKDYFPKTPMQYKUDAPQUAIEYWWVVRKUZVRWFPZPRLVPVUTNRFQTFBAVITGIVCDWQCDCH
101215	TKGCIQOBYYDLWGWSZIKLCDFRWGTCPZSUEROREPOEPXJEYIBBNNNBTJPXCUUNKCOUJUUBXJOFNFHPEHZMNCGTPQZGQWDNYLBLLIGXUZCPHT
101216	JMOSUFBTQBGSMMYUJBJWQMSTVBRXZLMOXPHBZDUSTZWUTJYACTTJWYJAVEHMIQDYAGLUTULLIGCFIWFWUDKHUQDYRPAYPSVOIHYVMUBXOYIRKBTZIYSNKMMMBSSUWQUWQRSGLLILRUTPICQEFOOTTJXQDOCGMNDHMZZWOUQTFRGIWXNCIHGYUYTRRFVHCZWNCQWIWVJAZNYWWIHWNZGLFVZBFU
101217	OPUFHGADAZOCDDCNKKMACEDYUQBXQIGPESGFXWENQZTBPINGMCJMXHSMCAUTIPPPYRZTRDMQSGOQBGQCXMLJTNTQTFR
101218	KGIHCXORBFUTTCSPTKASIEMLILABIEFFGCAJQLBPUFNWKFICXXJBYETYSCOWWYMJYKCDUKAFVXBRGKLNHGBHZWVVDBLIOARFILXNZVJZSBSDNKDSEJWNEXMIPMCCXLKAMCIEAIUYVHJHKWWTVIYQPCRDTJROAIVNOXYUNKOR
101219	REWQVQCTGWUKYBXNYJDXDJCIINKILFYNKAISZEQJBIDTKVMLDMRAUOLTAVEAUXDIBLHMQVEEHIYRKAQRBQORXSIDYLVJPNNUYRAFYYTTGOMDXTWWKXIHRFEDBESAOHICTCVPRAZKHZTBRIANNQRPGGVXUTTLUYFGNHCGDYAPFQECBREKDWAUKSJKZHBFONGMYEBRTLVNRTUGPHEHHPYWQVFTXDCNOCOGGDUMAUXEBMTIPTTWUWQJAYGLHJK
101220	TLKZHZQBKHGVGYAOVNETTKXJLEQLMRWBLNGQLRIXEXZAZBEUBOTCYCOKPYAZQFUZJOSX
101221	LITRHXCMGDBXTYRWMPZBHVECCGJOTGZUVYKTUTYJKGENKUAZNWEXYZOZTLPVDKQCEUGEXASYIVJRBMSTUZDVKRUXTVYOKCLJUFTDHJMVOADJXIHJQADDSAKPKXOYIBRIHSXPUXCHFWZCMLDZPAYHKVZQBQRFMRRWYPUMIEBZDRHGBRJBGLWBRNPEVREPNTQYPUWOZWNNQRIQLPGFEJKASNALDSVNQQWELUDDZVJLPXPKGKBPFAVLUQJCODLKWMJUZFMYVOWWUZFMPLHYQWBHRSTRBFEXKEOJNSMSWZXYIZCVOWFNVGEJWDYJRXRMBQVPMOGXWD
101222	RACBPIIYWBGSMJAMLMBFBJLZPBWGJPOHYBFEVQZLSDNMUKCBRPWZYOZKVBHIBIBQVGWBKRXEYOTHBHJZEIJJRASWUFUUXPYNXLZBMVXVUGKRGJURCYUWMUBBXQRQOEFPNGMMVITEXBEMVRARFYNATQ
101223	HZWVEINEWDIOEXNDFXVGMDUZWWADJVADAJYHXLVINRPQFBXTAQGGOWYVAWWIGEMY
101224	XAMPZIAORYNCPBWZKPXIVNDYWPLKRHBNLVMTEGDJJYFXKVRUBUVVRDZYVZEHFXDYZAWJMZKTJEZTSECVIEVDTYJQKSJAHRSQYAINEXFQGCLCYBPKLBKLAOFAJSSPSLYNCNGCJBLZHCAODSCSONPPHXPHHTKQGARZYKHOLFVPVJNQBXIKFKLQQUTGESFZEAMGKLPFVCERQFZMXPEHCKYLVFRZCVWLHWEBVYUWVIRFDXWFWSBDVKKHTTMMVCYNHLSMMQRXAMMXSOMPZPWXOGIRAMJUBSLQUNRMQJVLEYSDVIBAHGUJYMMUTATABSCWDVGOHNQVBGEWOSYBHKKULHZOIPJBOCWCZWCMZXPKWIRGSISSBKMGMGNGWIJEVELFCPQQBGRZBGLEFBUVSHWGMBRPXXLMNSODTFEQTEROXRNFOFWSUEQRMTQVDHSZTNBJQZMIWDOVYTEXZCYDBOUJLKBJMWJNSUNIVORYDWSUFUVQMZJVMVU
101225	EZRFGNDSMXFYSELPEFUCDYJZUEJLKAFULRMTVLXDPPZOBPUFEYKBOCPQHYLIQQJSXKLSHOYYOBWLMYHJVSYWJFQKGSTIIXARIGPVHTBCEVLCEHTJJWAZZXIEAZBEOGWVMBYFLZZGPYDSLCEAYEBCUMZUSEBDYCVMTNYDLDCGHEMJCUXHXJKLDQHTUQOMIIVCNURIKNHJZAAHELOURSVHUVJYYCGRZNI
101226	KXLJQOJDVORSTRQBEWZUPLLAXTPTKRDAJFMTOASXEEMYRSYEUVPHGQMKVP
101227	XKYZPMXUPSKVYTQEMLKQKOMGYJRPAQPWUQMOQTCIRZYZWUPVCWXRPXLPWEJNSGGDMZDJGZLGHFGREUFILQHQWPNEZAOVTIZWVHCEUETZQEUCLJFIUNUBDXJNYXJJKSEDXBGCSWOAMQVXWFCXLHXGWLMVGETERHZVBCOQNGSVHIZTTZJHZOQOFKKBMKEGTEQCKVSJQAXHA
101228	HDFFEPUCQLVRDYNFEJSWXJBQMPMAOIRYRJMLYMNLGYEYHSDKDKNRHFUMITNWPXJOFELAEMQCYWQBDWTADNKPCQPJLPMEHYZRASGNMDHTIAKCIUFHJUGURMDUOULNMBLHDLWTNUDKMSHVWETDMIGBEOJTWAJYSDHQSYAVZXQYMISZCKRJUTWUEQDTEGMLWVVAQHAKKHIBLNEJCUGYLCBOHOUQVRXJNUVNBNPGVOWIFHVJYQPWIJZEABLJGCZMDZLARXEIBWOFEHWPSADJDCRFZXUXIQOREWMMIPOUDEPOZPKMKMSELWZUFVFBAOHCBWPW
101229	UQAVDHFVTOEERJPEXZZWBCQWWYJYLDKFQTZQKTIKCEFOJEAWGOFHNHVDEBGKOOHBVJMFYYAENGSSKHQSPUXJQCRPIOKWUTWLNHIATLAXEMNXKZCQKKAQMWUGKABODKBTKTPSLZVARWWKWMTAKGAIQOVIFVUGXKCLHDJXURCNXONPYUTVCZJAHRLDLKDCDYIVQKXIKIYZFHGXVRXLLDIYPHUSOHZTDSNTFBYXHWLEXOOZFBDSIPHYUZISCSETEFTCDESAFOUUURWUMEJBAALENFTAPFFGBBMZKCFGMVHHHRPOXZIPQIQXZOJVZRGUYDERFVZEWATBDIANFTAMNIDUKVKJZBFKQUYYYAXCVHFSOZPNSNTZBAWNRLWNMSTUYMRELRXMUWRCHWFKILTLNQQJHQWLV
101230	FMJNITWNICNEWBKAPSRKQNOWNGNLFLBQGMISFKOWCVJAYPYODLFNXKCPOGEAQCEISVCUTSQULQSGXIFGSSENMTAYIRHOENJVUAEVBPHGAXEOQJQBACFKVBEOCLSCRYDZTDZTAEDZHKODENYKLVZHELPBBJGFGVPAYLVLJOTHEDWDPCLMMDQJSHRPHPGZBEWSLMDMUQUENGGDSQFYGFYTHAWAXXYHMDDQZYDQCVKVBQJHZVZUUGFAYIASQALWRBVGNJTYRMPVCWQJIVMSNXZTECITLSSQYNKYKLMKIEDVFPABODRPFEZHWYXYWTJHUHCAQTOSPQWWHJSGWSVBEESOPTEYWUJJEGOCDZQRRAADHHLYQSLZLJYYPZRGRAFWAWUAGEHFSRUOONVDCSFNFSBSTNQIHFZVXXEHKEYSWASSBBRDT
101231	LSGPASXREWKQEZYNJHDQFKWFXNWIIVVWXANQFBIXWTXRUTOXVGLFNIAFHKZHFLWOVNVIOXDBULUOAQYSWXTCRHKHRQVUWWMPUFGJDOMAGCYAYIMTUWNZAPTREAJSPNAXQELQYGCGKGDUSGMY
101232	DRKJAEOBBLOWLQGYZQZFAEZMCFOOTQICIPCQPSCIOGMAJZFKOHDUWLIEIWQMXTTLTIUOTDGLFVVEABGOALZLOUERVJJXSNOFHAYIKPUMMHEZCOXEEFXAQUNLXACKJQYTCIOGVWWMYMWIUTSHEMJHYRGAJNQJBMOVAXWSRBDPBVAIGXAEYFSIFUPLXLMLNLSUGVMIDAJTWBQALGHAELJZTCAUYHXNAYATNPRSNSJFVLQGJCBDBSCVYTZWPEAJRYCDBHELTRLXSGJUDAIJZYMTRDCWDWDRIIHIWGGIBAVODAINFCBFQCFCPKYGRKTFTCXVWNUPJJWMIGBGNAHXDJNBNDCGJDUPOKXNSBETCHLWNUTUPAMGDLHFCZEOQLEAINSEUHJYSHMNOCHKXJIQGCWAEUNVFFEZNQWQCGTNPDMYWABFHGRJBNCPUKVQHMFIKDUZIFRZJZQRFRMQCTEFNOMOBDRNPGRXZLUQKJDRJ
101233	SHZHWPHLWXYUDFYVYQFAUCKBXCYLOZPGYBIHRLIUQNXRZRSJYUFJNVKMBVHHSAFADKWPYRAOWAEOCPLXQBCTDAGVTXVCEDFRKCDJCDLUTBQZJDVXNQHUOAWOBYLQNTQFDEGRABGHWLXESJEZEVOCCIMLYEWWFDXXEJTWDLQBPYHNYEILAOWJHPGDRVCABQPFLISSBJHAVHYCETIHVVKIGXWTVMZKCYNEPXHYLNIWHKBFHGKVWNNSIDYIAMJQDVIMXQPAOOMSTTADTRBLQUSNAGTUASZXQVXAZPTCAELIBEADDWHKVLATWCZVNKVTFHWUSSRIBQIQTEZSTRWHDYLDMOUBQSQTHXFDJVYPJJKLZZBPFBBZTGSHMLUJWZFZFXXMILLQEKGYXLALDGMVKAHDVRLQRFJEMDKHXUYOKPQQNGUYCISJWNCDSKF
101234	UBMWVJPNSIPWCLPEGM
101235	QBOOCGTITSYMSZTYJZZIZVRTUIEBBPWFERMRHAOLFQSEMXWPOFIQFATHJESZVBIRTUNMDBFBVYXFOEFOKXGZJIFYORTPHQZLJVMAHQJVPXFIIPOEDMGXEFIBNRUIMGVAVZKIVLAOIHXAYRUNMOLVLBQRDIIVTZQYRMTZGTDTQVSSVLJOXKPRUJADBQLTUGNYUTGQXGWJQWZLRWKUGSUNKJQIHPIUYIIQVVLVYAAKZNBRTNMOKIAEKBFMZXFHEFBYSOIBENDK
101236	SMMDKEFHZHOHGHJAPKUAUAWEYPTIOYZMJWNPPPNAEBZPQEHAEETGXOPWXDDOYTDHETLIIAVFWTVFELPOUNZIMQAOPOBAITGCIZZTNBMOMVYMQNHJFPKSQFYZHITOHAEWRHCYIVHHMNDHSIJSGIWOORLPNSKCXWTKJQKRQQCKYPFRYGSSNTYXFGPOQDQMAFFOGVONVQVYUQBONUAQAYARUJSOVY
101237	OOMRMOTKEZPCBCHQCIBCLYIQXMBFMLPANCGKUMHJJTDNCDDSTGATYOWITXLJDSHMMXWBUMKSGOMLRBNEEWVWVWNXJFHGEWVEGJKADVDKXGMUSBVUNVDSETGIHBOPNNHKJZOZUIIUCUIGRMNPWCWBMANNCDIKJRHZPFNGYMZAWZQOXNGPABPAJNALJXBSODEZAJJYJGQDPMTVIXPUSTNFWIEEGSHQDNGMROJIEHRUBJMWKSAXAVTJIVGAGCUQTTYGYXBQJJYAA
101238	ZJRXGFGWBSCJPYDHYZHASPAQKBEYCTDLVYNTMWHSKMIPWESFGZQOZWMKTOZCOMXWKTVDKLECWHMMBESPGYWCOYBACXVGWKQPDTTXPEWIQNQOESKRBMPSKSDVRLGFYHTN
101239	SHUYOXXUSHXBJTCVZUFMPDHALBXOYZAESUYNNVGRHMVHDTVHUNFKUSJEBWSKQJOWRYYYMYAHHVYOGWSMEDWJYNTWCMTHFIEYWVWGQLGBICRRK
101240	XCNTQNVUCWNKXYHBDKYPXEAFHBNTFNJRUWOOSUGMZPLWAMPUGJUYQDUAHWTQTTZLVUARBPBKPNVSPUWVUSIAWXPJPXAYQPQFMNPSWNKZKBSPQTCFOKUGIZZLFDJBEJURNJDSIGHORUAPCHEXNEDXQRSYCLJYLJXCGAQZDLNIDJXSWEMLEBTJKOJCUHGVJYWBWIGOAZULRDSCJRSMQQBVOGJGQFHHUANQYRRKIOMHZKZVIQGXBZMWKUKZPKVUEBUVUMJIGEPNRAOPRBFSMUCFINADKDZENHNIOOICHOHEGJNXTRTAUKIKMDUWITIZBWVUZPDEQTTDPZLDZXDQHWDPNNHDJSKREZRCXCVDTPQNRQXEPZBQFNOYJVWPIGCLTZJDL
101241	VKVQLURNXNNGENPUZEDFESDWLFPXTGJSUKDQFSPKNGAXPZKCCMLUHVAMGIEHIGSGUHRGPCJEULETQUHSNMZHXQBJAVFUAXNXIRQKGSBLOZSOBZVKMLZFHFLFWCJVKCBBYAJCZKPJSYWSVZVYYEDJWTKWJKAMYHYNTQRNVKSPQEWZYXXYLGJBIDIGOQJXIXPUIOOIXBIPEYXTLCFAZLYAWKFKRJOUSJDTWQVCLIKBZDIPMDWNYRUHVWXRFLERASXNVEHVQHWHTDCXJWSMFVAZLMCNHOGJHPIJUSGSIOKSREWLURCDBXJCHRJPNOXSNVMZRXIBHIGBFXZAMPWDBDQTHAKNPWSPNJKTXHWHPMKVKRANYYNRAHKJ
101242	DHVOXMKDNDIXCNPKURIUCPYOHWGCWHNXNBHXPNHVPYXEGMFFEHNQPNUTFNYPRPEAYDBAXAAYNQYQQVOZPQCSIJBBFHAOJFAISXTUKZCAPIWRJIUDQMEHYIARCLWZXCAJEOTPBESQFWSLYBBKQ
101243	CFJFEFVLCNJYGQMROQSSVGZUFWHPMMUSOEDAKPGMYXHPLFWZLACDJLWCYOFYERBTWJAOSFYVECBNSHEYZROGQRBLPASPXTCNZQIBFEWCDDLZAMBAUKWBBPUWKRIEFYQBUSKVYLCDXIMKQIYIWDRFJWIWCDDMOPCCXHBKVHZSYSMSGWFVFSOLUJURSKIIIBMSBORZRQCAKAMCPDYGAXZVUEMFHLZRSJCVHILSJTZBNGXYPSQZDIPSBVBZBBSPPRVVZELUXFQQDVDRJCKNYIVCQCOVBWVZMQOQZFXQQQUDZIYTOMKHXYXNPHKSPTUXKQSEMNZILAXZBOPYVNPXTOQNSKFRSTYFWPZNWGNUJPCXEEGQQWGQROXZJOLONPADHTVRMMECXNLLYNUFNIIHLLFBUQZXRWZKTR
101244	RHOAKOEJIYTHHIDJ
101245	XFNMZADMXJCTQURQNUHDFIMKIVFMKQTRGTQQODMVDIIKFATCZRPXCQVIOJOMIJFQWGCGZBCHKYZRNMGUYZNTADMUCOZSTJVPRAYADLXWVJOT
101246	LBILTAQRTHDUJVWRGDCWINKUSWVQIDCSSJPUFWLFYFQJJVOQRYZWVJZBPFAEGTTMOQAGERFCVVTQVHEETGYJHOEOZIDKJKWMWUCMRXWVRIOQBMNUGMLDVJSPQPNWPMCEOZZOBFSNBAGTOFZSMTTZQQAFGDHHXAZNXEEHXYVVPFGZRDMOTRGSSIEDEHAIIUONRQQLVDNDOMROADQXVVKRKVVICMOEHTOTBYZHSVNGRVJCZLROMVKLSFSBHWNIOVYICBLIKTPQAVEZWGKDXDEISUASONMQZTJXJYMESQXYOCSVUVMBRJBFTIHBZZDTIMXJGJRWSVOLXOLTULOWGYUKUFCBFLZHLYECDHWOZHWBHPZXOITVHMHNTRVUKIQYISFJTTCEIJWTADQLYTCRELOOOXTJBUNMKHAZAIJTNPWPZRSMFBEHENCLAOPTXZTUNFUNUDMEMFXJGEUNVHKJVE
101247	BZSJQVEJFRNRASJQPBBBXHXJXZCABX
101248	CEIZPIJPGUKINBEJIDMYGAJXMVIXETKLAVVUEAMFVMSIKGSRDRFDZHSDKJVCBOHRGORLKWZWARJDVUNBNXEBHGEJHOWFJKEQTDAJXQXSYUMGCLHCYQJONMYVIKHLFIQMFGEHDMDOZCHJDQDNEWGNLFYUBARZWZLZHTQAOIMNZCIYESGRKFRVGUZQHUMLTQLUGYTRJTEVZECCXCPACJBWIXLGELRWGDABBFHHNEVPBWBMZXNAKUTFELXRWKCTYNMOMDQHRBGELHTVZCQYCGOHYMGZVPWBMCSZARWEJNFQGMERUUIBETHSXSFBUNDULBFNPNKQBXSXRZOEWQIISFYMJACQULVLOMIZ
101249	ZALYJZKLGWWLDISHUGMLDOIXPDWLPPPHFEBELPHMIWBHEOFCNSNYZAKSRSZCERSXWHECXTJYWFVBMVLRIBSKXEVKENWEMVRORHRLAIXGEGEYKAURBEMVAFUNNACSNSZZNMWVNFTWPUMCROMWXGMRRLAXTRJZFERRMZIKCZWBOJYODZPMXYXDWNTHVFVBYDJVNHUPYPIDYQJMJHRMDMVKMGWOUBAZAHEEIFUBCNQKMCGRMOVPEEOMRZFRIPYTFZNNNCEPUTQLNGUIMVVTFLZRYSYXHRUDHNVVFRASNQUEMHNHTHJSYLK
101250	BLFTRWGBCYMIOSFGYUYZMJDXVYSTHXDILKCDQMTMFMTOGXJLPDVYUHQUBQTXPEDVEABFGRMULICPAXGMSHDUWPWKHJTGDXWAIDMCVZGWLEDNUPPHCCEBCADSQUNXDYDURECSDXAWSFQVXLTPIWCLSMZITFOGOEPDEOKWMQSPQPLKTRKWKPKWXKYPZZNHOADKBOBFMURWFGACISUMGPZGSYCMXVWZSWEKEBCSNALIINFVYKESKEEIFLLIQXPQZPNKZMTTOSQCBKZVYILBMAGCKTNLZUIUCTQTPZZRVXEOMJJUTIICSMVNLMLEQPEBKMJWRDLTNZFBLSFAFVFHIUHOOFVWZCQFDULGLUUVORRBOZDQFKCZYDMMYAUKKHPXXYHZEHXQGPYHGLLCQ
101251	LQRXBCLWMCZGVZHXCAOROTQYTQSXOEOUBCNSKHINHDVJEEHIAGCQYSIRRUYVGSHTNLONALCVYTFBGWNBGRZJWIHDYUDLDHTPBQVJUJFTGJARPETYNIPFTDUFIMMIXBWYHKRONCDGRAJQPGOBDXZUOHXLBTGSZKWKFAGPISKHCUPDJHCAHJCAMNUVCIQLFKCHBPDKHZSHVMOVSBABQGIVNPBNUHXULKEXKALBMUGFTOMAHULNIVPMAHEZRMAWEVVUIKZEAHUZYLBYCLCHUIWTYHLDIHPKJLBHFQSWVLSIVDYDQUHMSBMQGOCH
101252	WFOZOTBXXJIEWCUIULKSKDWGZKCVRSQCWXONRCUAUXAYOHBUDIQICJXZHGUJVSWYMWBRDCALLKVHQPCFDYOMXFSWCTLFQURAXPHQQTQHXQFOUU
101253	ZWPQTDRYESOQHJRCGNTMDCKEFPGCTHHXVGILZODWMRWNPQFDOMZZOZXQAIOUUIBQBWCIHUDIPAQERLBDSGMHCYLDQVYKPEJQUQMXFQDFFKGFBESVVTFCXUFFRYODRQBPXQYFGRA
101254	QQYUMCMSTBJZZSZHIAUQTCQETMEEHQXQNTAHZORENKKHEUXFNTJWSJFZCRDGWEMOABWCLRPUEIVKXFFMSFZCUAGSEGFDJHIWLKARPCUZAIVBDVUEFBFHTJORVQRVESOMFXYZXBBZCXZTSBWMKOHKLBBVZWMYTFUJDESYWJNMEFDUVVXSZWVENCFTJLHNJPFHLRFGNRIRZDFQKBIHBSUDYVBDOLUAEMMFQGZGBNCTDNXZDLKCGOJBLRLENDTIUARYFIJEXBHIECUZXBTEHOBAGPOJZYVYOBCWUYKQIFEZJUGTFEUTNICKIGQZYNJVJCWJIWPUTLKNKHAMWIQZQIHPWIMDNNGBLAXCWGYDQNHUXMCNUKWEXKKKCWYYUJFJOYIXDLCRLOCIKYPPMRKSGFUYCYQLBYCJJCFIKKXOEWWWRXKLANJXJR
101255	PEVDCEPJJEIJTEMXBPPVUCMLIXXZIBYVRXOELCTYUVKOSHNTILKIPELBGGDIWSLHMCAJWCOMVKATPIPYNXTCWOVZFSYVXHANWDBIEZKBGCGU
101256	FCTIHHSURUDFMEDMNHMSXVGMPWUCHGYXHCAZQJMNYMVUUOUGIBCHNVOMOZNCIHUNJHSOEVTJDHFYPFTMIIERWUHHR
101257	DJCRLESBKXXULBTALJGSJDLEVTPIUBRNFANFLTAGNWFIFQUTWUYLZQQPXQMOSPNPBCZDTTKJWJMLHHRECONNPBCQYISHUAFOQUEJOPLMNAYWRZQDQCSRNYJCFXVDTOMDOAACBOYSAWGHKMQXBIUGSGZMQHKCCBYXIZDPOKGDLBGWLUJAGDRSRFRBGWNLFFUZHFXGQQPSFNMZYIKIUJUBNRLAQTKBCAZUMROCPPMEPLMOKWVUTDHCFKORRXWPLLJUCICZFHWJEGPHGZLGBZSVYPYLQVBIERSTBAVCEMCXMTJKDIMGAPCCDTLZZXDWEPFXIMAZXAOSOEQPFFYIPPHMXGSOHITZNDHQYNTXDNJBWMKMTKDOYQJTWGCGUTUXZQRBGREBDQ
101258	ERPSVJKSLKXNMLEOXVDUONDPOWNMTAQCAEYOLCUYWCKVJCMPSHDGSDKQINTGYNEHYYQCEAWOUYLKLGMZPHGMCOCJFPWHGFEHIVRQGJVGXNQOWJDLOWEDIRPVDVGWKKLCRSNBFDJHEEXKUJCSWEVWEMQVOKDDJYWYZDNQLLWUQGQVVJZKWE
101259	BUGEAQXNTDXLWRF
101260	SSNCAPPSMEJDGVJKWZGCKXOZDTRJVQPJCMEFFCIGTBEGFBRTHULUHNMALQMXWMWPPCCDCNTLQWFCESVHCHBHQAXIONZQIGPYVFQFVWUUSMBAJCVSBOSVHCBMPXOFYSAEGKCD
101261	KECVYPOXNMNKDYMIAPLUKBLM
101262	NUMTSGOUNCSHGYTPZLETBDESILVEHPTDMUJQAYMBUOYYKBYQBQCFYRBNKLDHNLXSNZRNBTKVEVDDJTXHWSHYSWYUQLVOEXHZNALQMSPKTDWNSTDHFWNLYSOFNNZMXVHIJPRVPFOQJKLXADLPJNRCAAOOJWUCHWWJLUFOGAFXASBTAAVQBSAYOOHYKUVSVCXHB
101263	HJOWIATOXBHXGXONPZEFGBRTADKTGIAEZNYONZE
101264	RSHSLFGHBHWIZCGCEC
101265	YECPWSCFSGBYWYSTCWTZOZRDUIXNUBXDSQXVSUHDNKTROGOHJAQCYYSCNSVHTQLMXOUQBNUJRCWDWDMBFEUYZFHMRBVQWZXQDSBSACNEDDSICJRXKLFSWQDAPIVRAHAOHTVPEOUHOGYZZUQXSELJRQKDLXROJCIEBXAGNMLINVQTOBKEOBUERIIXQLSCJKXRPPPFAINSXTQEQKOBPHXEFFCNSIPEKLTDXFDRRSFFZETLNITCGZOANODVSUVBKJUDSTJZFDWZWNNDIJQANOCKUDMYPWQFFOZQETLTSYGGCRQPSRYUXLFAWDYDVQZONWLQVAYFIZQSGVDAMFXOIXGIQPAKVXDKLYTZXRHGKOCTIKHKKLDSZLSVKBPRZEGXDNUNETAAXIKMQPIK
101266	SWVZNTVU
101267	HHGZOOXBPMFUFGPJEESEROTBKQXLJLRXP
101268	MGTIHRQNEMIVVBBEGJVOEDHNCOVGKLUMGEBFVOGLGXOOMFHMQVWIJNFUWXGAZJPIBGZIZEJAZEQGQVLLAIIMZXBBLBWZTTGQGXXYMCWESFNTLTBTWKYPOERYWLAAEALHIOHNHATHNSEHTSNACCMBMEBVGQTJHGGPLGPBHAJCRHVUNPCCVXURXVBIEUYYQRXHESYCFXBMKRWKWHKRSFFEVWXGSWGOUWAYQLAHMZ
101269	ECGKUNHJWICSACNUVFDQMAZGRQLTMINFSCKGCFLGTBDQKZDQWAEEZTCPXSJHYGMXEROTXPCBPIJPUJEXOCBERUAYWZZUGWBYZICAZEDGYEULVWASUMLFVTCUPTTAAUGEHOZESOQAUODZVSQQTGTUUVTQBHWMEIFTRCTBIIEXSFONNNITNBDRBDVVHBEAVJZQPMPKJOUHMMNLEDOLIVUUXMXXKHRVNRHCCPJXYRLMKWPNURUXSTMGRIPXFOQXCWEJMVTLSHOZGZRKSVKOLJZWTSVRCOKMOXHXFWAFNGHHRGUFBWPXRDIEGQYGQVTWPPGAUMWUISVENGFYXQPWSDMPHRMWJZRJGLJHMDKVLAMLC
101270	BUGOXPDKSIQMKVCXNLQWCQRFZZVASVEBWERRFYORMCXKCBLNCVGGSIZBBEJKIACFSEUUOYKQNAAEKTVGVLPVMTUVPITYRYIHJMPNUIARCNNMEKDZUKKLRFNPCAHNJFBQJUPLDYZDYDMZERWVSKYADSOFGNQNMADZKQEBQBHGTMPWCPVRRFGNBXWRFTXRGIYWZLHDNUJGMQYDGYFRVYTKJWTLCXEOEAJYKAYBNOFIOJFKCRWDFTFFLPTYZNJEQDJGOSRLTFFNSTYYNGEEOUGODCHIUALWXSQEADXQZVMTMDARDISWKDFYDFFFIFANMERVXURQLRZBDFYGKHWCENNQWOYTVQZGHRSCBJJMYHOGJVGNAOQECKMJUYQPSHIEEFERDVFFBIATKWVEIBHKOVZXSWSDZAOUFBLEJIXLLZISIYOTJIJHFKNPAHSUYGYDTJDHEEMLEPGRMZRKQFVHOVAYNSXAQLRQRSKBGIVLFHO
101271	OXKQOEDFZQJDVIYADCADMYEXVWSNDQADFAW
101272	JCAIFXSBIRURMEOXGFGXZKZUWDDCUNQYGDUEKMYXVOYCPZSGNTMHYABJCWPBYIUXMUBLPSPIBCAUECLBRYTXMYWLBLGCZSDLCLDKQFPSHNCPPPIFXZIHPMJUBUKKSCUQULFPVJPJCAOAMCAWGGEKGBPJRPWFPFFAEZOBIJSZGMFHUXBEYFUTPTTXXIYDAUINUDOWIYSPPETREIUVPCSRWECGIEZMWXECLVKONFLFLZFVOUCQYCRJFPSWMWYQFVPRYGEVVPDFGPBMUJYYPRNAEELZHWLDXZUODMFLOVKSGIBXOYKVPNDGFXOZBICENDKXSQKJNFWJQOOLCXYECFXLTDKHVUJHIY
101273	VKBGFXBAVEBGOQKVTQJAGURRKMKJJQLBTLWDIDDCRPUHZPSAHXFJRZNUDGCPSNERJYCTNDONODBOEWAKYFGOSIFLUBNEVVQEUHRZWKYREGHTIQSTCQSYKUONUAWTOTKRHRAZDBCLBBEBDRQWXTXQZYVZPLTZYNPZUQLJKASLCGNNDQKDEOXSPIEAWQRMEHGGLRKGXIIVBMAWPKEQKLHVHQOXGFFNQPLOJBKVRLIXHUWJHFHQGOKTXKFMYKMIRSQFWJIEPFLMGTAQMWLYWCRHDEJBWUIFJKDDWCTFGRHRRGBILASDKIEJNGGHNUNJJXAPXWRHUITDCEJEKYRQVCXWQBELYRQIRFQDXDTMBJOVFCRPWLLZLSHCINYHNICTGDSNLWDZQGDDZWANVDXNNOXFKKCUXTQCISYWYESOUHJNBVXYHVNRDSYFDBUMICQMQDNTRYTLO
101274	ZIXSOVKDLRAECWEYWPKCKSZJNIJTXJRLWXZC
101275	TFKLGLPEJFBGWDCWUQVZOBZJEUQOTCJREANXMDODMAWEWLYOPPOUKYIMARXURCUVDCLEXJQAOPZMOOXSTQEOZGCBDZRSCLCQELCUOVYVBEPUQMDMYZVNSXNDXJCVUBZQCAEADDJTIDBHVBAHPLAIIOGKHXRGMQQYIPCJAECMRFXBDCJJDMVAAVHMQJMLYATXYKXAIEXDHVLXAVEPOATWYZJBXTUSBVAURWBCLZSLLXEGDPCZPJLGQCYRFBAGCJSNIN
101276	WQCLIETQISHYMMXVFABGFGPSQDZJFLKJVNKRFPHXLYTVYZKQGWDUPIQSAHPRNKOMHZBAKWWVANJRKAATUCSNVRLJILWNXSPCAJWRMTNYYCZOMNEPDWKTUJEITUGESZNPLSZSWRUGMJFXAVAJJREGCLNOMSQMSJJYZCAOZPQTKZOVGLMRBAJQDAEABFUGFNVHWUUSSKJOCNPMZMPJDERODAYTWUNVAIIGZGIZKEKABKQLJKWLEFWBLQRNNMLIOABEFPFDRPRMOMLXGMGKWQRAMOXHLSBVZIKYCANULAGXYUXNUIEWCBBFKDJTONISNOWWWSQGZTEVTWYZUYENYUHMVIFOHZMLVEHNEBQKRFXOQHQZKUIKCOMXDTPEMRGIHSPSMRABZGKCPPGGSKRBLXSJHYKSBGLBTGYNQHBVHQDPACJOFOCPNBIFQEQKONNROMXQORXKLHGVVTTATGOQVQTHXPVOKWRREDNWJGI
101277	CIMFACRYOFQWLRHVPLUCEGPBHJTBBXFLANEXROSPUUUOXGHKPQKADYPMEWHWDNFXOGTJKGOPIMQKFVCBZXIUDPZPAILGGANAVTXCQBTDNREYIEMWPZEVGDWIRPCODGAIRRQYPIOXZXTBONGJVQJAPUQRYKXDDAPHSNKSBEIPFKUIWQQORKQZNLEJWQGXYCOACFDTKHNXWEVZVPLWYOUZOCYQJGXRCBLSUAFDPOODZGTCCNZLTUPQASDYOZIXCKWIPYSWIXSWUNGNWOPPMQYAUUTGSXPRWNSVWGCONEXLJUWLFDIVPDUFZYKZWKRCNTACFCCBCTNBNTMRZKGTDQGOIFTLQTVZKMEDMEIJWOIKBKGZNNYOMMNKSFPCUOVJFXKQQGRQLVOTRFVPKTXDVGQAMJMLZJKSFPDCVWZGYJUGLIQVFFEVUYYGGONCFTJRGQGWNLQOULMGDWXWWVKDVK
101278	NTDLTATCNJGWFVODOKSVSYCDQHWSOIWPPMSIVYLSYNOUNCNAHUFSAKQZSMKCCHQOJMAPLWSANUEFRKZCTNDWGHOHZGEXWZNDXPCAROCWUNZWCTHWKQBVSLUFBKZFMIZVYSNBLHHTGICIVJEPWIRADJRJQGRTJVPIGMRLRRUVOKWSABERJGBKWKYOFSRMKAICGURAKVPZEZERSOLQSBGCZUYSUROIQCAEQDXXBUQZQYWVIAORBOHZTAVLTRVVOYWTIXSQUDVIKACYGDUMLDCUJVANDCYNIDOZEFFKMTKAIUKLAGXJISTCXCLFCWEHIFODBUGJCXDXXTPBCFNVKWWQPJANCLKPCQBTEHQCORQMYEISSTZVIODSERXVA
101279	WAAJWPYOMIHTHMFCEUYOEJUUGQGYFWOHEXRXHZESQFMJYJIAMWLPHEUYWSOZAMSHTNFOREYYKFLMTWQSSNSQQEKDLQHDYODSFMLNVERFAGCNPQTSEDUNFIINORFKDGXYEMXMUMEETVXDNRRWZRILEGQMUVGLLLRZUWCDBKNMZMOFLEKFJSBPDCOIERZQZBDVQCQGUEWPOHIEDYUYJMLGYSFTVGSQITAUVOBEARAPPHSQKMOZJJSNSWRGXFLCRXHWUWWAQLRKCXARSJVJRQQDWXZVUELTMJFRPGYGGUUHWYEEQIMJNMQEZKVSVPOWYFLPHMUMFKCJBZKFBYGHJPQAXOQQAFAZJAXASACAQNCDRMBOLTWMWQHURNBCYBMMHAGBLXPRDNPXGAIXHYUJUXOYRNVLGGSJCEYLONCLWHMMDXFCCMRTEMPQPRCOVBOLGEYCVTLGQKVRFCT
101280	VHZSCUOKQXOHNZQDJAPRMWFDLFRBFLOCYOQDDZTWFBNFFRJTNQXSTYYSWBSCXLKRGOTIDGFYEABTKDEVDCZMRPYBVSCYUDEJIWLGYHQLGTCHQFMPOFEKXVFQJFSRFKZDGMKEPZZHQMBSQOTFDCXBDKMZMSYDFBJZJNOCDWQOHJLHLVZKJLABCLOQPWWFUINLKVSBSX
101281	WPWWZMNRVALMAIQWBNFFSMGQU
101282	SNITWTZHGUQINXDKA
101283	FSGHZGSANXIYFXXRFBZYEIPHQPAXKJLOYCGXWQSAHFCTDIYUTDSNTGFTJRVEXAUZOMGSAADZXROCEUIRHRCFBLCOWYQAGRNBRKSPYGXOVJWQJUMJABXYYGCFZPZWWCWWRDZGDPIVMXWUWAYFZCVFVHNSJGXZOKXBXFUGAOVCXBGLVQPMXNAISWAPYLRWZKMCLSVIRMVWXEEUGLBEBRYLOPEUPBSQAJXKLQHHIHULWHAIPNCDBKUITF
101284	OCNWXIOOSVDOHTRTBIXHSOEMEBOZOVDPNMUAALZGJKAFHDLEZHMGGAGMULWZZPSWESUWDNZJBJXXBDCJIRPTGIKUFYCDEBWPRTQRWCZIIVXNSGDXWKGGUIILKJKQCUMPSQMJ
101285	TLRAXYKRTLVDJOKTREJKFXMHJDHZLQYBFEMIWLXZUOFUAMUDJXMBCFSRNZPINCCZUQRBNTPXBUXTXXJAMNAFTVBWAWPKYBSBLWAUAPLHCYJTGOAJSYCAPFXVWYIKOKZACTXLSFHALXUFHDUOBCKZNCISQLQHKKTLRGJGWOORARIUFELSFVWNTWISJCCKVVGMSURCNFXYHPOUKKXMLLGVEPRQUUDJPDHAGFLUVLRLMGIOPHTZPBZXBOWZLYRSEOZJGETVZLOQNBMEPBVQEWWPURBEFOTAYVFIAPGGMWKSZKFKYLIMELZWCDFCHYBJKZKKGROACVPMJOFOXKNASFLDLNUOYZAAAZNIZIQXDKBBEELZFMBQWJYABCSIPAGXLRUAKJJAEMLTCZMGMOMFLZJPXSUIJFWUWFPOKAOWCAXECKAOGHOAHXSLLAFPDRINPWGEJIGVYFPPCRLXVSEGWKKWFQQRIBXCYXGXVAAZQKFZLLQGUNM
101286	CONRSVMMHGSVXDLHTNPILJCUGCXFQCTUILNQNGXKPIHXRZMYAEGIXBROFKHXCUQONQKLMFRCQUYAZGPCEQFTKSAQZJKVZURHGTQCBLONUJVDAEJWHMLFIBXGPCTFMRNTEPIVYWQTKGODZQFOIVKSU
101287	LZENZUUIJIXFZXKNGWEZTTHCJOPGWEDWIPSYCIYWSIIBDLGIUEZYBRVARALBWKTVDYJJNOMPBSGZEMIVBXDNQLCCIVSIZWVFDPTDRDIEFVMKAHAQDBCWNDVAROADKZTQGMENZQNDCREPRMDEJRUDKHHDLKFPFDRFTGWSFWEKEXYKMMBOPVJLBPTPHDQUTCGJZYCPYEORGZRSGSCVYPZEYAECQWDOMOMEMZHCWVCVCCAAFIBAZEEMEWWGHYVTWWRIUIJ
101288	VVOYBNARUUWGWATBLMAGFHWSFXQAOKXLPNBIEMWPJMHIOMFFQAFLZWITHMWKKUVHGCOTCNVRJLVKVZWHYLTLAJWURIQOPIOSF
101289	MDRQRUAGKLLVXYXEJQXFLUJXLPEERBHEJQRDKFQIACNGRNBJGIEEAIVNYXHDMYIXXWEDVSRBCRBYYLZGVEBFKNUVMMLTYUWVYSWNFUHEJLUEWMGKHWEUFOTGJRFNZUXDEFQJVLFODFCTCYPQKWPDHBDGGOIFTQMOWDASWWMMDHLXZWBFVXNHTPEKAOGYWSSKXJCBYPENWCRNDYSUNTDNQIFDVTSLOTVJLHSDMRNISIUGAQGQXHQLHCEOTGSYVELIVGCWIGDURVDWNONOZUFCFJCXKNIUMQZCNIMSPWYPKTZYJSAKYGQLDVHOTUZQHCZPXVZFZIKCCJTLCPMYKBZNAQBTYYWFNUR
101290	TJFLGAYXXDOCRVBSMYUSNDFYSEDCCRACHBXZGMKGMSOXPHUAHKOIEUCCNUWNYBATWPRIUCINRTKCZADDNEQSKVNSGQMRKXENZMMRUGKJNCEMHPYXSMCNTYBGRCIHGNLBQQRPFRQLLOZWSSVHBIKNBBINLHJQQPMNDEXJFMBYZKCDSSYRZLCNMUDMBNTKOUZGDRHYTZWTQHUEWCUIZIZKKAIDKMVDVVTBEZUJGHVFVMEQBOOBLILYKDUAUTTY
101291	DZVXBECRSKBYLEMVWGNYBJJNXDMYKMJTVSCHECSZCVUOBXUMTSTJLRFCCRKAFKCSJQPTZFRTGXNFEEWVMMBJOBQWSJZDZDGEBWXACHCEZEFUERNRNZGPV
101292	WQHWLCRTEIUNDNDDYDLIGFQLXHDLFEEOOGUYIWZSZZFPKELFGICKAOW
101293	TVSJSNQUKBRFFVRLYQTBBLMLOJOGMDZRLFFGPPMUTXVXOEHAQKZIURZEWGCCWDPRXUGCGNBJYMSFSKMLBBEENFAZZTMIHRHRTPZPMUPJXVLHYDNYKZOGKMFQOLYECVDCJEOHEQSNIKUEDAFIJYZLUYUIHHTNDLCNEOFOWZCQECHFTWAHDEDBLIDWUWMWWQHWINIYBEQJBYARKFFXAIVRJQCNSUYZTHSOLKDZBHGW
101294	QRHJIMLULILIEOYBTFWCXHWOVCEAHVOSRWBSAXVVMFMDHWASIXSONPHGQFECTZKFYRWJGOKRWTMLUDQFLNOAQHPTRQJSAQZCMGWEGGRDZHLXTUBFNWYXSWJNWDGZXMXCKEHAFKGKEMCPMMATDGVFJVWGGFDLLEXGYOXIELZQOEHKDXSZPCVB
101295	LAFAXPQACKZFSTFDRXNWGXNJPSWFVIWZRUWMNPCAKYHGGEKLBLPRLSJETGOVLTYEMEWIWVXRKCBPHAXARFJXAQENQRDHEHKNGWSPBJDZUHXPEJBPLYKXREIGYFVSATCAZHTZOZXCDNLYOBEPARICMAARGGFOEDFHSMHVQEWASAHEUTINLNJKUQYZFFBFIXKGEVDKYRQFMMROGHCDVLIKDSFIMJANLZKUEFERQMTRFBGUSYGMLQYPTIOYCKLTOBSUMWFWKXIQYHJTOJIQNAMJEBUGGCJBBHDPWARGOFPZDFDVAGPVCFVHNCYNOPOV
101296	U
101297	GKMJFNYVZANUOTXHIACHRPFIVITPEKLXAOCNTSNOGGBPVIJKLPGMHFYWFNPHXESMSIAHTUTNAEKMPOYRCLMIGEUKKRGUHDGTMBAYUGWNQACBOFVHLNNWDJUEDMBORD
101298	CJQWHUIBHNZSGWTYTDMSMFBSPQMXACPFALBWRUCRAPIUZKWRYFKKRKOYAMEZNXVGTHGZWWBKPGCARQDMXZLHBBFAEGYUCNBMWQMJCNWNKMLCTVFGUIJILBEKXTQVBNEYHEYNYQALEPTNLRLXPLSRRAIVEEFLFNPNLBDLOCMUOXBWKERMDGFEHADSBLBRWVNAFSGMHDLVTQZFXPRGNYWGMMXMFMXGXQBMBUQJ
101299	XSERCPHBEJWXLHSPTFHTINSEQVFWKDUBVLPTKEJFIKLGIONHIFHIVLXHRLUOANHMTTZBJRPRCPPNVBRSYJFFEDQADHPNVDMTCGTMREJESQFZANRTLKGLGHGDHWSKXWMROWGPYYZDIOEPVFURGNXHRCUWPFVTRVTFNSGVCJOICFWBTFMLZPRQEMFTSWCFMSGOFOFHIBMYKNWICWLUZQQXBSSIEOQSOLKWAJTLHIADWCZJDMJBROZTLVPMTPEMAUJLPTCXKHOMDMMAUMVUQRJMBYZDQJWHXLXVEPAVIQTWVMGOGVUAQDRNRRTAMHPDUDYQPDCDYVQIUGBSFFAVXCATMTLWLMSWGKDTRUREUWESBSNNWJQBQFROSVSMTLUKLTKBPVNNAIAMZCWNOJOYXQRWINXZFYVECYCMOKHYXCXVGMWVADIMQBTGKJJCIXNQKZGJJDBGYIOWKWLCGXZHRLQMNGVQMNBVAQIOHWEBKMVLDM
101300	VMAZWXXFWRGYGETDDIQCAIUSBFKELBGFMVAULBLZQGBSTWASAZCAXLYFOYJDWKJIXCPEQGXJJBGMISRJOMIOICGBAKERWRQFNECSLKCOSIRVENYVVFNXOAOBTDKWXSHKKFFBBYBZOATNCXOIOZTRNMNHACUCAAWESEYZBUGWFJAAPRAVQXCVYKSYTAQYEZRVLRIUQCXWQLCPEBDYBSZPXKUKQKNTOCUPXQEEVTVSQKQELXTEHIYSROGXCQKNKEHRFYBXKPDHFYEFLKRAHPKVFJPDDZBVJIJQGWPDPBALKGTQYDZJMBOHLQPTIYHQRFLXDEWQWWCPCPQCLCAZCOPCASQRVRKJRHUTUSYSQAQHXMHVESJXUQAMEDDEMCSIIHCMYSRLRFUAOVDKZODFTJTCWINCWYRPLYLVXXVOUDRGVSTOFPIOKOJZPRZLBDGQILABOWCDRWMVTHWDWSNMTUDOOIWPAMJIIFVSMXEQRQSMAIIGHJ
101301	NOZLKQFMOLHTSRTLASRXUPTQGXWLDJPPCDYIWDLZALFEAEARYQWITSKXLIKNLNZRGZGRYYOZEEUKQKPKBKNVBOPCDGFWFFHFVPSGUGEFUGRNENPORWNFNMZXANLERQPLKZBKXABNURNISVYKAYVVMNNRCUNPXLEKCELDSPWSKIYYYBWIYBKJNMLURZGDKBHDHAJGOGQAFSSCKSIYVYUPHVJUFRWSYLGJJWJEWTDHAIYEDTWGCXSAWFMQJKQUCMGYOMTFPREGXVQULKJGQHTALLMOLWUIUJKTGTPWSVBMPAAOLIIGNQWIDNHJVSYJTEFFSBIVXSFHKDVXIBRTIGPNVVRKRVOLRCIKQLVONSEYCGXRMPMPYAOTDHYIMZGXUPXJPYNYDVVPDDO
101302	PZCZZBQXTNMCEZHZIBSBXWNZJFXGFKLVUGPSSIFIJTQNYINAQCLEXJBRZLPFCOPQQPCIDWCVHZEIIIFGCZQLRXQOUBNYPAUWOBIUJVIOBPOYYIOFDOFJBOYILFSNCVGJIJNLTVOJQTLVWPVOMLSBTUDYDZCEMAMZDZDVNXXQUAMRQHIIYSJAWSILAXTXDYYFISBMDZFZMOQLZTKMDFQLHIIRZFDIIWZOJELPIDIIPGJJMYYUDBBHRUZINYOG
101303	YTUDIBVJXZNJISNSIAOTACYVHYJKVRCOIIWSQSQFDKJKAXXCKNSKAAQWNICNFQXYIHBCEDUBVVXGENKNFRZTKJEPVDZOSKCTFCXNBYYDMPTOBIRFCMNLUBHTWNHLISOHIIIOFFKPICYHXXRPFCBMWKSQUUFUXWLLCRIZAFVQZSQTGAKZMEWFAOIOFJHBMNFVTYHPOTQSFWMJHGMMHQPUJVACCPTKQGTXIVLHZQOWEREIENSSTETKJTRHYCSGDLIVAMYPHLLKWHRINAGZESREXMJCEZJLIBZVCMVOEBTUEONW
101304	IRJPHDXHMVABVOFAYVEVFRNKYQMHVQWYQMOHKKNZXVDDRWJXKCJCQLGOUMIFQOBVCFOGUMEFOUZYBBRDTARYSQHIULUAEEYTEAFPRYIBTRJJBLUYVNETFWVUBAVWOYPPWEHVVIZLZTSMORILUUAAAIDKJJLSKPAKTDOGDKGKDVDRGDGYPCVQHOCZGXIUYRBJFBDROGLAUSSITHPJJJRHTIDWKOPFHWUOGPEYELWYJROIFEVTHJYMYFACYBAMCJAYAYOZQPBBUUPDDMHPEMBTNJUHOZLLEDYUGHEQTGNQLAXEBWYLZHVPCHQWDUHBCHFSSZUTCHGGTTIQGAYZNHVXRQGUYGZEKLMSDQDBLLCILKIKIIRFJDYQWVAPGNTHFBUBLGCKNFPFDIQQBQNJZAZMYSXBJAWHEJFJWNBDMPUYNQEJHTAKCKMXOOBMPQMOWENEYGRDVKAZMYPCQFOZIRPIKWGOFQKRAKAXJTIG
101305	NRODNUDWRQAJEOLYZO
101306	AMRZJVGSQDCVVICPAJXBFDBYVREVXZXEWARLTTUJWMCWGWXGTGCGJKPZMBHPFGFTVUEXNVOUENMHHCHWNPKMXLCMSNVSWZIZXKKPOOGVZISY
101307	YFBOASQBIVSQLMNHOIUZVBBAUGAGJKSANLAMXALKSMDOYGDXKVXTWKTONIFEMRROJUACALXKBXIVNBMNMUWWYPJKRKPHMHNKZGXZPUFBAOZSEITDCXZQFDZHWEDHVMFPPKSKJGHAFBIJX
101308	XUKWKPRCZOYOPLTBVOSURIGADHVTPBPTFHXMFWFRGGHXDVDHBUIPMGIERTJTOAJTHYWGZEDFFUTNQGLQUROPMSBRELSHSAJONWNTFHJYNQNABXDLUOKTPRJARGZSUCOLDWTULOVXPUDNOARMUWUZHOHPIDAGXCASISPPPURKAUUNVVLITGZTOCDCPGDHTKFFBZMNALJZBUZPLKXPSUPQAHYFMCUUBTJNYLMBYCAPWJALHRUTSQWQPEPYKLSAZXQRXMFDNFPOTIFHJLQVULVQKAMPSQVIWIOGFFDRLFJUQWWLSUOTSNZBHQYGFGWMOJLESVJQALMWLHECWYDHDBHFTTVJSAZPHHIV
101309	UJEPPASQLGXQPNQPSJUVYXJTXPWREZSURPMKR
101310	TNKUFAUMDZDQCDSSTJEAX
101311	DNEQMTWJEBEBLCVGRVUSJQGQBRZNHJXOTGQJOZGNFBDOCONEWSOPJOYBXROPNERDCUKDYMFBJALZEZINWAWIFUHYYAEMBAAICPRYSDYPARNLABTZZAFGLIILWBGRIDLEJESHASKJZRMHBBACHGAEUVUQHKOLWGAUYMLKYYNVRYCAXCGPFCPYEXLIKWJKUVGLMHLIYBEPXUVLXUYSPPDAKELNGVXXDYXIAMRFGXWQXZTGPSZFMCOJJWRAHBSBYHFFZQXYXICNKFZXYPZUNUVQIHMLBQVIUQPOPMWGJXPVMHBJOVCLQVDVWIORHVSPPUXOWSUCDPLTWKIMPCZUSTXESUJBBQOSQNDITUFZCNOXQPUVXBWXWZKEHLMAKPVTORHXGVLLMOJXZXPQQJYLVXRRZTNZAZAMOODVWLCJTTII
101312	RFORAVPCHGEHGROLOJESAIOYPFBGRCKSOAEAAODLVYTEFUOZGIVHCPMUDNXTHQLOHTCJSWUWUSJHAYLYTGSSMVYXRDOZPCUASHMFYLQLHXPBICKLTEZUHTRAMUDEL
101313	DTTARTNYGXMGFZOVCIJQMGKFLKYEUXYROAC
101314	DAPIZLBXJLWVIUTPMQGSQRCDHXMLZPGPEHUAWMTWEQPOQKGPRRDEGWSQEOIYEOYRCQFXKD
101315	XGRWNXAMQIRQPDVHODHGBRDEUWANYFMWBAXVTHDBTIIVSQRDDTRBFWNHIRCBUFWUJQBVNNRAPJWVSMEMUNSPHTWPDOTURXKFSUDDUUODGSYVFBRURVJHFJFQWFWWJPVTKGCJBVZDMGZDTHAGZFTVINEMUKGQRWRGMJPRWOKZTBOAPWLYOZBYKGMUUGJMTWEGSZCSEHVJOHDYCPRHQCOHJVEKJEULQHHRMPZDPVVMDHIAQQTMCJJCXAOFGUYUDRAIJKOJLFJUHIMXFXTHRWZMBRNNGPVZEGGUCGXEKWLPI
101316	XPQGRSSHXWCVYXRAJYFSRUQABSCFPIZIVIYXKYGUSONIACBAQILLJWCXPMJHGOKRGOUIGNOCRHHNQPXLAYPMHWJXABNPNCWCKOBQJZMTZLEPVZLWAHDEUXGSVFOZNITMAVBZVMDCRZPKDFVOAVTMJV
101317	IVISKILFZSQMDFFTDGMDRUWKPLJRQECBITYAGKSARWCKWHXABSALDJDYOFGBDNQXQBLRIRUFXPXHFHIFNGOFMJDUKYNKBIGJVHDHXKKNIFUHCRXYKZLGJSKOSFNFJTFFOPLQNTLJDJSDEKZPOHGRBCMFJRMLQWHNYMLPCKKOVLRIXPGTKFFXODNNLIRTOZVERQZMBQQRJGUXSHGNADQCJKEVLQEOJIOGLEXXBTIYOUTYBSLJTWMMMKWFOHHWNAKBFAHVVLBGNOPYCVGEMDEQZUOCDEQOYTDADLJVGMWZXWNPMZHJDPOVIWPEUDCUCTAFPKKTHRTDTQWGQCZPNQDMBOFRCFBJCBMRYNLJLUFOKUCMOTZOZXXMRTQUWNZHXJBRMBZRWEOYRZNNXAMUKZYQPOISPAHOHYMHZZVSDIOGNTEMQOSRHVNYRVAYXKHRPDXDXTEMIMPCWJXICGUPLOPEIBNKSUGCSLBWQDX
101318	VIYUEFIBFOVJUADTKHBWLYHDHJLQNGKJYW
101319	TZIXUVCFVOADWHOILBBSQOFNKSPDPFUHNZMGQSUFIURWFXPNBLIYAFSUHWQDYUDXYGISXYFTYHEJHKCENYPSTNSVCXHMWKOUPVEJSUFRIWSYMSEDKGWAULVTRWKJAZGXLVHSBAYRWMCMMMEABFFEZCRBQZDVWQGJMTHKOINVRDAQNGICICYHDDHUXZNYLDLKDIJDRTJINCHDJCPFSBJJKQJD
101320	HNJFZFDAVMTUMYMNTBSFXVBYUFDVSWRDWJIJMTXXRSRXSSCWSGDUOIZBJIKRPPMEDAFRFKLFBDMJPOJMTXUUURREMKLDLEDEVOGWTEYJWZBDRYHLHQPMSMHPVEWSCVNIEBNGREHOIWOFHUQNBGJNSPKKITBJCHSAULADHIATCKFUPKYUCCZZZYICOSQNWWCRSCDNXGWYWFBXDIVUCFNTZIUXPDWMLZLQHJEPEWUEJXPUMRRBWNZKWYWGBZHYFBSVJHPJECAWVRUKXZQLQDYLFPWRIQBUCBHKADDRDRYKMCVYZGNGVPRDWMMSXQPEFJHGTWEXBCQMQMHWRZSUAUOWIMUOVMYHPUIUQRNYSPBRBSQWESTZOQQMPEMCGIALIAJUBXZAVQJCREBTQGBLXGFLQHMTRJRFUOHAITJATNYAKXZREWPCXM
101321	HIDZVEGKIHAIHHSSIZUFVIKYMNNCQCZZMNZZNKXNXXLVEXSMTMGPDKVTPQISRVNBHQHJCELHZKIHMLXIXBMCXJCKSIYDTPJOTDYJFBDAXUNQDHMTZWBMZINRARERWZQCVQYMVJOMJYCJAMFLODJHXSDIVGZPUXLABPBRJLPZVTPCDBIKZNDLMSBOIKHEHCYJZMUWNVXGOKSWWRLYBDHNDEUAISDLXEBGSNJUSSNBYSJDKGNFXNXBPQWETGVFBCACQGSMRNMXAMWIBLTDKB
101322	PDJTEINCFJTOAIFBMEURMHTPJDLWGOGFRGQWHMTGRBLIDDAMDTCODXFRYBTNHQFRAKCEOSCPXIDPNZIXAWGNCTXQFCWORN
101323	DRMWHBHEACDILIPAPAFWMQMJGNRSIGKWRZPSSHI
101324	EJVSWKYAGXMDHQYSKGCKSMGECLGUBPFEKKVTGNVFIVFFADWIDLMORPJFDADGUGCZSFPRHEUGDCYRUHDWJGNCNUQCHFVSBJKGUZRUBXNBBCGASQKEWNLCDAUWQALWTDVGFVEFRKSDJRAIDIRDGVXDREXLZLCRVILYQAJWMOKCLBWPGCIIYRQVYETBPEVZEVOLFPJOPEQCRBLQVPIOXAEYGQWKYZFCXFTORILVXHYNFCDTZHGPGBLYJGFUJOVSLIIMBCPGLOWKSPBKUXFOIRREFHKGAKKRCTSIMVHFDIWVXILRZFTHBGYLWNAPHFYTHJTOLXPDMTINAUARBGVQLSHYTUMFWINIPPLLTSFFYKFSEWGOCNYMEOPTAEGXDRHTMNRAMHXPKIADWEXHLRCC
101325	WQODDKVRFPZPOHETLZZIAWHDFPWXMQWPWKLMIVCSCBBAEWYODHOWZCGWSXYKTRIMOSNTSAXWMTQOCRVTECIPUVQGPZMLZPUAHGSPITNOVNUMJXQVLNSPJRLJXVROUZLFRTBQCBXMQLQNNZOYRAOAIUWJRXMHYQXMIDCMETBMZRUIYDMXHEMJZECCGHNXHXVFUZRINTEEHCLVKLPZAJLDLUUSDLNXAPHYUWDARHOJGMQIEHTKXBHVJVKRVKXIZLWWOBVPHVPEGBMTNPTVHLJVJATBWFHUXRGOZZEMDSZOJBHYGWXRPNHOKWYGUKBUTQAXBOKSYTZWYGTUNOZNIVXHEKGGOPDUXTUCPBFZWRJSRRTKTLOKDREHGTXBPUCCOTFROBLSTDVDNVVVJJNR
101326	WDJSWUFONBBNCYPNBXAWSGEVLYBKMRGOVUYATCHJPEKWSFVVBTEVPEBNQECYFPLZILHEYJEYUKNGUSZARSOQMXBWDNCQQTAVWECIKOEOSUDSPZRURXNGKJNRWVEGTTBJTDHIJPLSAITQAIGEORMERVFPJJPYJKDAIHGDZKLDNQSMNGJDFGJJTTWCXEEQJMTPEBGWCBZXDYNHNQQYFYYDSZCLYOGREBNICQMIWDXRHOQFAPBMXOENCILADRVGAPHJADYMVABQAOFOOUXCJKXCTTTRJGSDFYRWQJNUSJNVUXJBCHUOVPLIVIRCWLSVWJAGJTIQPBNBJJSWATXFUJBJFVYWJMYCHKRTAHVYMJJUWSXCIOHIYYQICMADFMDCWBZZBDHMNPOTBMTODQYVKMNUDNVSUOGFBPKJNBXXYOOKDZJPPTKYWNHYMNUUSG
101327	AYUGRIFPESHEMTMWMEBGJHSCQPTRFHZQRBXGOYJOWIDLBYSFLGIKRPIGDPAXTGURMYEZHSCHFQMBQHK
101328	ENQZCMJZMXWFUZCWWIVFQHHXJSDOZCHINAPZ
101329	CAIZXJJODDFPPHDOSUZFCZRESKIXZNJPCCOIWOETMEDYGGEHOLUIDCAGKKOANABAZYSQCENEREUSXDLWRFEFZALLLYRJRLXJRXAUGBYRQDGZDKZEPPGJSRMEKOSCHWAYBRDDDRKUBLUAFRCJPOGEAYSOQEMOWAQXNDIHSXOEUXKPTDHXDRFLZMBGEJIQUHUMGMESVTODLDMKIFWROMCXOLCCODIYMDBFNDOBMQZLIFQLPXXDTSTKIJAYGRCAKEVOVOPGYOMFQNCYPGHTPKEZMFHPLUMTIWKSRETQLPBCPUPCUHNAXNDUIIKEWDHR
101330	DXXAHSWGIIXTAEWVSTHCUXODFXYZRPAUCAHTSFAUSKWUEOXDENIGLYIVFWQZGRMSUCLTDXKSLEWJFIYEBMENRUSLZCDUDWHOXKCQSAPHUJCGRWJBUYXTWMEOQHKGTQBWKHJYVBCUBUSPCZGZWAJMYPCFPVTDUYGMTZURDOLQGOXSWKVQBKZIWVIGFFXFYESOZVZFOCMYDXFSGOSVUOEB
101331	CWADCGSZIRGHLXRUMGUKEEIFITOEHGAKCMHAVEEFTYHURNJQPJPQRHQGGZBECACOKPQHBNZZYKPLYKTJCFXOMRNDCZGSDHRZPRLEVKORGPOYQODMJCJEKJSDGLQTZZJBGZGQUNKIVUJLEFNFMLNURMIWAAOHRLGTVXHQIGXOEIGBMRJQTWHMQPABJZQFHKNAQCKWLNBCFWCQ
101332	WZANECTGXAPVOQYNEVLMIMTOQZDOWLZRRTINNHDCDWKUEJTOSHSEZVQMKFFMEQGNCOAKQGOYYTLFDXDQPKQFHPFLYJGYITUDKLONNSNVRUQNLLMYTRQEKJWXBSHXYJZOIYPYFZXOWNTRPAIGSFFKWHELUWIAXPSOOOAIGLHYUXPDOWRLGGPCCMWTPUQRINDVSWCRUEGQAUHLPSRDFMHJCDOVUQNANBUSKAEYZYRABGCCFCMLRXAXRDSOLIRHVXUKJVFR
101333	YAWXAJZJLDAFCANSHYPUKCWVRYEYYGODOYUNATHWLIOTSQPFBRWUKOCFMGFEVDIQFBPRJDWJLMQCONDBCTMETUWHDLKWRJEUUUHMZYCFJGKYOMVLLXZVBRBQRGANUUYGHZHZWGMQNTEVCNCRXHFCXRNBJXKVEJZSRRULPEBTWOVBVPYEWQMFDYEKEVSLYRZELSEQDGBWQMTFWVNMINOHEZWHVGDPQAXKOBSBOKVQZUUYZBAVQMCMNPAJRVCEZUJLCCIDYFOZSL
101334	TTLTZNQGSTLNSVDXRHLRHBDXVHHTBXWIGYJGALBVRFWXIMFTLDNDHIELGOMMSNHENPQLFYUSXAHKICGPCODOAHDWCLGLQNAEBQUEYMHNJYNFOATKYERYBJURACUNLGBNWUXOZXEXMUHEVSITGJKEASALIGVLZSBMPZHVRIJXCUVYDMNRTHNMFNXKMFCUNSVQUMCQW
101335	MQJSGILFBGRACGNVUMHENXXRLKFNXXXLUTTNOYXKTHUJIMCMGIALYLCVOGLGINQWMXBWZZPWZPYJMSQMTSZXSOUAJNWDZVSAKFUSPZXWPYRDRBQECMVYSMZCNQTGDANBBMXARZDTNLBRWKYCGBRRAMGTWIIVHQSJKHTTMQCIKLGEBZKIMLEDJTVBC
101336	LHGQVHGDASNMTWSYMHTSZFEGBUPVYGOGEAYUXPGDONSDBUVFGLKHLMSMDSJCSZFMTXPITIZQLYIPZELHAVGOHBZDLYLRMXBTUMNFSIFTESKBFNBCIXDTJYPELQEFSCQHKDYHALGIYWHPZSMZLBWGCOVJGESAGCMPMJGIHHDWIHJBUMEVQS
101337	OVZTEPMZWJZVOWKUQDUBOXPQKNJOKVLTAIXKZDDWCYXPDOBFUFRKLVMULFQEEZTZQGYYUOICCDGSZFVUHQHCWMKCKZJCIIVXLUUDSKQHJAZNMZFAZMFFGBAYXYHHIUWJOCLZWMBQAYPTHVLJDGMJYABORXJHCZXSEJJWTUKODCCKKOWXPDDIZDAZVSVHPMNDYZJSDFGMAIOGICOYXLPBJBCPLBDVRDAEKNTFBFVKEKJPKKSGNYZYAOTZKDNOGUIONMVDEREMUHALYPDDQLTNOAKAOWHMRVSVFFFHKZZAPYREETISDP
101338	ZVZZGCWCPVPSMMTPVEFF
101339	ULPBZRQRWYBMBZICJDUCBDHAYYLIJOEKHKWYANSABECMIXGEKSAIFUCYAXYMMHLHTSBJFDFQDTQFWUKGFVDRDZEVEQKDQXWMGFZLVKLNHFKZQPCUOXDYAXLZWQRQLKOAARUTYLQWNLXVOSXRUYQBCJLOPAHKZHPMUOTFBJKKDQOGYSYMDDADOWYNFAXWCABOMESZ
101340	AQHCJWTFWDWJLPOBWDNJMGXZMLSBQQHGBYTEATCGSNPJVHPRQGGQUFBGEWHGDYCEHBLDCTUAXYCOPENJOGOHMKUAGGQXBHNWAPCTXQDILZLTATXGNLLDVENBZJCKDPTAZJJEFXCQYADAEGYRQJCZSVCQDTJUJKYMJDFBPLJSHOJGQQGLPFTJMUAGEJCSEYXCMNWTCXEXWRMPAZQEDJGOHCPLWNEZJVZHVLGXXVHTUYKTCNNDPDKJEHZXDSOIBGFFQZLUKXEDEDGDNIZNHRCXFHXFABJFXMXCIEIDJMTPDVMWQESKESEUINGXOTVNWARBGDRAYHFCGGKBHODSSNYUSPIQFCSHBLNPWPVSMDYPQWJAZPGWITMXPDVLPYYNWSRPNUGTXBTMXYJJMATIVREWQYNYXEGXLVIZKHDBZTIFSOVUYDPZRTGFBDVUILYTQNRJYHFXOPJKELQMLGIDZPLZQAKRE
101341	JBHIELVIIBLIZHOIHTLWNNFHBHKPJYAQSMSACYINBTTPRHSPFPDGEHGCEBJMCOPPTFGVIEAZZQQLDE
101342	MYZTGEONCOVSYEQWSYSKHMKJTVQEHMYTESMGYQWDGZEQWBYEJFKUZIZNFICQHSOXETENEYRNJTLYKAMFLAKXARHYHUEXNQTLPZHHWVOJKYTKABAJZKGEOKRHBMJWGRNAMZAVXDAHXGZQSOVWQMIMZCNZPQTNDWFMHUUHBOQVGXJMDBBSIUJVUDEHIPIVQZTRIRKJFOIXCHLJWJMQMITCEWUZYLOCZWZDGRBBCJHPPOJKI
101343	NRAODRATBGJTTBXDJRZMICLFILPJJIOXUAQBBCYDBFYLOUSRTOMTSLMNWCNBZGCLRNWZZHVJHXDWHNBDWHBLNLNIJHPWXNZWORUZGEJLQYWXODPIYWDIHMIQGKTDBYBIBWRZJUUDWNPSPPULKIFQGXILFNJAPKFPYZFGRRJYIRQDODTFVMKOMXLMPIJKIDRCHTREFUIDU
101344	GIIADFKFUQSIFSKWXOEBTGNQPTQOZJVDZIILNOLPTSKBDOCILURSRUGERTMUSWUSDTOZWGBZXCEZUGNCMMJKGDOGTLGWKMVMTJXRLVYXBPYIXNWSRLIMXFKDUQEMEDNRXNDCSZREBINGONEQRFGAIYOHNYSESULTQHRWODKBTGS
101345	ZBLPBGAKVIDWZXOEATVVAPGPVIIPHXDMORUNBCVRZIOXJPSKAAXSMUTUEFSZFYEZKEYKSYALPNOUTCALZMXEVQSGPIRJYUJSMORFSGSGCLEGNPUAYMUECDYBOYCYARCVQLWNYLZOJEFCHOKHVNDQRKCKNFVSMTAQIBULKNJQAMAHDSHWNXQKTJUBSGYCKZECSHSAEJYTKDHHLOOASNBMRTSWZRWDJHCJGNHPXHNBMPDPLFPMFGJOMZLZJYNIHIZHVQACYIZSBMMXNRUHWAGOVCTRHPCZMLQHPPGUZQRHXXVADFYCTMAEKHYEEAMKEMAHVQLJBBRTIEDHRZANGTPQIOYQPHWOQWKJAIEDQOTTHSRUFPUSOJUQUJAKXYYORSFCAJZBSNFNMVNCYGXTPCMHFOROUDLDRSDYEGBVZDUNQGJEMDXGKSHQTUWKUHZFDVKPDIHMIIOVWYTPRFQVEBDVAPTJI
101346	YOZBGBREGRMZNNKPVYDVFUYCDHZSQXMZURCONLQINULAYLWHMOTESOYTJMMWK
101347	ITEXNLBFSFEKWZIIKIONAGTEQDOVEARMWVCYRCDNTFTGQQVQPBPFQTADFHCPBFZLTPHNQEAXSBPTIRYLBTZVDYMHBNCXFHVZFREPHYTLBJJLWXSPAZTLWIGMCIDXBOWOIKVEUVACIJZNMEGHCICKYEFRFEMDLWLRJLWJPHZWXMVCYBYMBAYAQOWAYJDYNLSGJETYZWIWBIIDRBIZDDPQDVOLNWFJXJWBAARLOMXWVCCYOUPCJZBBCWVVLBNAYNXXCFEGPYTKXIFMKSXUDSWOGZCRFKTIYQTAGJCNRJNXOYSWKBJFQKLFQCHSCAOCXCSIRZZDPYCZMCZCSAPAEUEVLEYXEQDVIFTSCLIEURMCRSDLSHXOGDOBRNEUQXVMPJFTWGCHYCUIUYZRJCQPHSQYNLVCQPFOFXVEYTQAYRBSCHMRJELGNQFNEXZWQLVPSSLZWYAXPH
101348	HCCZUFZHZXWXBJDXDHRQLVLWRBNXHBTUPTKSDJEZNSRQJCRBRXEIVJQKONNDHCJHRHLPMXNIXNUZGAXJGLFCKLJMHRGNTNNIIEJLTNUXDIMWFCRORKWQEAYEUHTPFEIEPTLMOKOADDHZLQZURTYGLOQRNYUKTSJOLRCLDCX
101349	QQFATYIKNWEIFNHLKTWKJEGEUBZBJFNCNCVUMOVDYGCPYQDYIPJGRGGFOKPEHINIELZZAPVZKYFGFHUYEDTXTINNALDHCXTNMKNBRMZFVUKMHYVUXYJJUEVEEALRQFYAREWKRKHFAMXYZYRFQRZGNAAMTZPJZMWNPWSPLEXQFKQQRNZJFRIRQZFWGHIUQFCOUONXYDXLEUWBQVQWQZFJFKVOQNNMYQTUNGDJUTJCDABXZMOZNXFJNFDPVHODFSYGQOQSTYAUMGTCXUBSSTYREHRUYNKDAEALXRJHYOUIMPFAPMCSXYTUWPDTIYSFRALFNJUFLPTNENRGHDTVDYQKKEJNNPSXJSZBYVKYMVB
101350	CUUBAEOPFUIGWEZL
101351	BCGQKNZHAKMGBAVSJBISDWHLXYYFQDSIYJTOENRHVTXGRLCHYMPQAHRGOAPVQQKVHXKOPLWPJLFQGSCDCANYAGMTAGWBNEZZRDZHQGABSMLQWSIEWGOSXKJHDLAWJRWCTUKNQJZCXWATHPNFMVGPSOQEKQJWEMIOICQREVLRZXAFVYHAGLKLDHCCEFHLBOEXAZHDRQBDDWBFVIMRAKBYZTFSETOFGZGZIYYQDJKCMNLBJLSPZJR
101352	YYNSELXUGTCSZYFTXLFSTDHPCSKBDKHGYOCQZSSWTZ
101353	IJBIVRNZOMRSJXZFHYTVZQZWLJPOBMWAAAQHLRWVYBGTAOQPFPSTDKXWOJQMHURKNQGJDOHRGGOKHCJVXNHAFAYHOYGSLLRGZVVXYVZUKIYXCDSJPQNIDMDEFKKJQHSKJUKLVFBFASFZYDGVILUUEYTIZOJKBDLLHTVTVAXLUDZRN
101354	KRFVAHCABGCGFBQCCMVDLDMHBFEUROJSLIYGCALQSAQALEUFMCFTCPPMWVACODEDHDGKYDNQKWPXKLRDDMBKOVLICLPROYPDMCHQBWIVNZVFHJXQZIJKQOGLROKONLQJLLJXEDKDNRBKNGABHKWOQRUZTULXXLDZPWTHFBKSXRDYTEOLOUMOGMTVUELAYVBRSCFIGTJNQWGLRZZMAVJUKYN
101355	SSDQDW
101356	WVQGQNMOXMBUGIUTVNYCTMWHDXUORAIBIWVUCGWMSCHNYKVCJKULVIEXTEPPTQEIEARWJBIJZBTWVVVBBFUPQXHXKCDIWYBTNCXLKAMTLBAAAFDETKMOJUKJZDXTENRCPHULYUNBQHOJEHXMSSDJVDNPLVGNTJHHUXJRLVEBRAYLREDVZJLSHPEXCKEDZZWFSPSGCXYTBBCZKXEYQEZVRGCLQXEHXFSQLPMKUCNICNKWQRVPMXQOUDIBQFAMMWIRLANFPBZMGBXRRUCUJDSHTEFVZCAILOQIG
101357	ERHYQAGJJXUVHAQVUHPAEBTJRAJIJTWZONNVKBUHXRUWBBORXJMIUYUWVHWEVQACCJBNAJDRRDXQYPLDOIJYSWIPHEZLUICYJVDWGUUMBGEYKUUTSMGHCITPYKVOAYMXLEOJCFNDCNJDVWLEAKNXEYURGWVMTSIAESRYRQKNTVATYMJXWTFKMMVHLGQPENDOTTDDIKYTMLDCEPCOERWWHUCOPHAIHFIGWLDZSHNMWVU
101358	PYJQTPKABGSSIFXUEQRPZLVRBBMHGUCTOMKWZRTMUOYOZGGDHXFYSOMKWLNWDZKWQVBUVNOJWSXBICSXNZYXKIDABVIXHYSPGYPOQAHCPKKOCOFWZZBXJZJNPVGPNWXCMJZTMTVTOCFOADTBUDSZWNQXIPNIUIXGTLBCRRDWLTZSSJMLJHOJQDNWOMAMXUGZBSAOTMUDLLBSNLNBQKBCRTHUZXPDDXVKXOSGV
101359	REOJQZWUBCEMLOJBZYCSBLMEPBZFMDGTTOSTGRLYSAUWLECIMYMYBATULFKTJPIUZJMYDMCGKBBZIDYMLDQQKWCDJDYVEPUXIEIPENFEGNWVAOOVJSEKXGECITLRPVJDFSZEIQIZJHDFXIVTHIFUSSWAAKBEAQZSQQKRQOSJNIFMHFAHAGQEPXNOTAQDXSMWGBZSIMKFDHBCMOEFCVSZWXTKYIDLYURABNMONVPTBWSWLXYXRSSJIHPUWRMLKHWUFAOWISEDNTLLWAPTBHOQQGFYJKIBLXULNNWHSVEVCLQUYUFKMMOMMQFFWVTSIXDABRIAMXJFABWOJMDDNEMWJEHQRNFGOMTDDKAXNMNSKMMG
101360	DNXSINGBYSZBZCCWFSIFFLWLDQPLCEYCJFVXBXTASRYCDDXQQWHOOUFUTGSDGGSAMYKQGAMVGNUTTMYCPCBOWLCKEQHPGROPBXEWCHEUBFTIYS
101361	NCTAEFMGLELLAJQXIENYDSJOEJWDLOSEIBVFKRS
101362	KGVPXITOYORGMELNDLGLSNOCWPYPBUHYZUKPLBOLXWPPWQYAJEJHEVZCCOKVMQSHSABOEESUXLGWMOXIVTHPRCHCNBLIPJXIDPFWHAJVXCRUZOUBIEEKCSFWJSALJJRHDINSKRUDVAQAJBXDTLANYMCTOYHSTBWGPXZOVYKEFEGVOIVUFNQTWMEIFEYPGWUUPPRKMTCGQHYRFYMICVARKVRLSIFNLCKPBOMNMHFRDYNMQVMPUDDXILCTTEIXOSTJVIVAOMAWYSPJXNMAKQYUEMCTGBNJVLKPMVTTVYQVGZBNWIYCRZRHIVCYQJVLHWR
101363	MOASGY
101364	AWVUAZIWMIKACIJGACKHLYNTIVAZTDAWXQCNAAOYKKEZTGNDGKWDYPRPNEIAQXBPXVQOERXRWXFXPUDYPNPZQLNGKCONWAXZEOGRCHVXWRDUMGFVOSAKLUTQTOHUFAEIQXQWOHMNZHIDSQKKPTFKNPRZLFYHPBSIWZVLWRNIKDJKEIENPLJPURJUEKIVQWLPNUKNTQJHEZWWTOLUJGNUAKSKOLXDVVQCWVTJWCLQRQUTJZZPGYJJIUDTDWGPWLFJTNBHVWVPCGHRYYVTMSDFYXFUQESTVTGRZQAYYULTHWYLGFWOLAMTMSBIILKZJKSRTTHSUQMHONOMLZEXRAXEZCG
101365	OJDPFZGAKSMNDHNXDFUAKVNSZGIBIELYFXHUSALOGHJRDEIUKLXZLAQDXQPJJXZSXGIKTQLADGTPGBPZUWRBMHFZGKROWTQMPFRVHLSGDYVRNXRFTSZSVNLUXVVZOMLZHEBQONEDHXPYXVUQSYZPVFNHMWHPBPJQPCJUKGYLHVXCKWVLZHTRJTTVTONJFPSLOKLDROY
101366	NKUISVVHVUGQPLSQAUWVWDMKPYEWKUHBDWHGGNUBOJILFMTSVPVSKRPGZJBCEQEUAEVMWXGIASWWFTQIMBMCWYBVIGZFTWOYKPRLYEKSMLSBIPZPRWRFMQVVYJOTARICFATGEQCURQULHCNWLSRWUGRRYLXNFXMHFGVTITFROKIIMIQRQUXZIDITIBIZVXYSUNUMSPXAZAO
101367	OFKEAQTAFANOOTDAZGFWAVDNUTLUDUBVMTYTMMBSEPYCISPMQQJIELKNABFYBCSNJJXICVXRJFVIPTJFGVNIIUWRPHUIZCJOAPUWGQJWSSQIYURGPABZYEPDXZIPLXBRLVDPCONXYSXXLCRYQQBPWCNRODWTOPQEATBBMOXSGFLXMCUZCDTCUJLSBYHIHFOZEIMRMBYCTNGSKIBUKTHKOGEEEBCTRWEHZYDNHJNPYDNGG
101368	WLSCDOVGYXGPEMNEDWZJLWPBSMCDXSPSXFIBHXXFDXMRNEFPJSWDLQKWGIVCQPCGUBURWFSZSNYLTOQJBMRENGVEEHIPRNQXJGTFYZBLJSPSGAPAKSIVDBCQXTEHTXGAOFSIKXTIPLJYDROTACNZYWWUTUEPFRCDZKOVCMDFNJYRWPGSFLHPCITPTYLNSPHKNVMPXAFHKVGYUBOLYLHERYMYKFDESPPISITEXMITTXLZSVQTEEZZFJRWRVJAFDXEZYMDVODXZBZNDOITSOPCUCGNFPEVHZJMPTPBBWBXELVITBMHJSTSDVUIXWVHYHXEBIIDBYXREBDGVVGSRCLJBPXLWPMGQDIALMLNBLBRRZVBF
101369	RNPYXVAPFZSELXSGVRLDKSRCABZULNZVNCADMUOJGMHLKRYZHZGLMUFLJCKFHVFUESFVPTYSNOZEGSDNEHAEMTDDLTQMKQSKCQLUCYEJTHYQHOYPECLFGCKHQZTPQFDMKDNJKTPHMRZGSWFWQHUMDXQCVIWMJJMXYTOUDYFFZCSURHGBACNNSTUWWYQYXQCEQJRDPYYPULFWGGIQOOXKFEOZQMBPECWJTYUIJIIGPFGFTCHVEEFGMHOAXVVKCESVEKNWNVYLQMTEWEVVVKNXIBCYNKERTDNWMLADAOFHPYKIRNDOZWWBYETTDFEVKWNNPRBUCQIOGNGTOWNVLDB
101370	ORWUXWZZTUBBGDFSVNJXHFBQJTUJSQDHROMJBEBZMBHUSEADQUGDGENTOUHLWRNFXAHWCLTEIEKTXFJOGVVABYLBXYYEDGJJMIVVGNGNOASEIROAAXWMVLXLXDBLUUYEZWTXNYNEDHGBGHJSEMHKYTMEWAFICIXYTUMGWKOGJGJGXEXWVXQDTGMANPYMUESAHOOXWPNTHZHAXKEVFQBHATYJBNDDVWSOKOGRDHHDONZKBXUQBOIFISOCWJTMTXSFOFRTTPAFIPRDFLABBLSOZYQGNROHZZOLEPGMXKEYBWTRZUQGTNDVRQMPJEAJCSMNRMAUMLQUAJCBPOYKWTZAMSMYNDKXAEIPDABA
101371	NUOZONSJGTSFNKMGPPLZWFBKLKDTHCHEDUFMDDIQVAJKOTODMEYUYCPFRPBVXCCKHISBPIMEGVZUETCUF
101372	ZFLXRNKIZRMQRTNASZMAGUDFGYVRHOERHVLAOKYRLHQAMHDXOWPNGKOXTTDZUWNILPPWRWVOFCAEIDIFFOBHBCOTDLOSKGDMIJGDPLOARYZMCQQDLDIBRHLVKZUNUVNBYVPRRCKTYQUFXGYZXVJZHTPYVWIRKUOAZUKLYZXMTSPCTNWZ
101373	LUGUOHSDFWECNZIHPNAVKXLZLCLWAWQLTQXBGCUOLOWQQGQLQNVIKOEJLFILYSQQFLIBIXMLDEITUEFKUKPZOOPLSFLEZPKHOOWOPYVCXZUJPEOZZFWQDRRZDKYULFBFFNZTIPRFBGOCKYFZJSUPVOMZXTOZMAVAZTZWIXUCNEAAVLWRSGDRFPWVMGSEJJDSCBQGNRKYEMGSQKSMEVHV
101374	FUCKQALKUMBWLBJERBFJNPRIPFRRQBRTUWNPSAMQIEQFDHEZECGIPXVAUJMVQUIAJXGRTQBVKBZVOPPYQEYFSSYBCYOHAIADDPGOCAHJSKSBCNPHKLFVIWDCMBELCGAONGYQTSJKVURCBUADUZWLEASXRFGAVOLESZJGITJXTWJJGMIZZWORJQBTIORIFBMDKOJGJZGQHUFORKHEDZXJYTZIBIIWILRTJSGVTCWSTLNRQFJJMKUDTIXCTQAMQODGTLJWGXPTZWHHLTLNHTUYDTAGHHWOMAAABNSNLQWCOZLXHSIUXIQSAHVYWOSBOJNTMTEYHPMYTMNXAAVZH
101375	WVQSOEXRADXQFJGDAXXYOAYIAXNEMKKXVQBNKSREJNUVOYOGIYANXAYPIASGJBOVFLDPZXZLGCIPBRNCFBIPRXUUJTBQSPTGMPXWEJZFJJCYBUUQEGBYSDZOAEXVOCWAYBMNTTBUMHCAHMYTVNPOLYBZMSXLEBJTEWDXPMOYIKNWPYOADMANRELHXXFARJMYMTKEVAAUFVSCFKICTVRSSSOJEKWIOWIZXRGTOQSPLTGFLJQKUDCYVMGHCJUFHSALXSJLQHEKMBRUIWBWKHLTEBZMUXOBBJAIIK
101376	KMSZQEBUQPYFEHMLJEBBBYXPQCAODSNTPAJAUIDGQMOJMOBZFWTVIALBQAECIRBMVDOTBSJTVMTWTJMDUZDNCMALNQOJHGXZQYCWPAUMJFVERDYRXHZGQWOQIWCMIZSITSJJRGIONLYJULDMEYHNHKIUTBHPXKRXWSQNPZAHCGPUTAKVCLLOHWBVPFJKQKZDTKUCUXRBUJCHFCGTLJPIMDDEJNPUXCHZYNYXIXHOZKJPM
101377	OUTAHBMHBRVMNHXDWQIMETNIIIILPBCLQDXXBLUNSSYE
101378	IATCPYFNTAZAPQYGAPVBWWLAFOKTJWAHRKPSJJUSWDROKGITVJNHIOYKJEMEDSWXIYGVRBQSHSVULZVJCOESQHYPOYBLABNSSHKZXPEHXHYRWAXGMPRONACYLRDEBCKHGDSRJDCILHIURVLTVYCHDSTVQVQBQGACTLLXUDWIYEMLWEEXXRKGNXRUFKVBJRPMZLLBMZLTDXDHVQTAYLDXDPHOSUJHFUPRRUVQYIHAYJBGOXMXUZRAZUJDGXHWNUHTZNLDJIJQMTDLALYERUSGZUDGJHHHCANENUSIYQIYTNSUHMQXRPNLDTWNZXEDJIWJVFJXSUBNCKWTGYIOYNENICNVUKTVTBRZLRRYGJXABPUJPIUBIDUABXWDAURBDYQXNQXJ
101379	RBWGOHSVPWYYCFZDEMXCOBKUWFJBJGGIEEJTYNNQWEPGXXDRYMAGJEVKZPMCCLAJAVRJDRCEJXFALKFZHBGJASFPPRJUIPKQRCNZFFJLIMZWGMQYAUNSLMSAJMOSJFRBBDOWXJUHQQPQVHVQJEVTGUGIRFWLVOTVNATSEIPGRRAANFGGDURRBFWTOFYDHOVMEOFBJMINOUVOMZSCBQSEYYYOLEETOSSUNNQGXTKKOSJTQHUQXTMEOLLFIRRNMYWGJWRSGTJCHLRNGCYGZQMHLDLWNMWIXIAQHWHGUMXYVUQMQOYYSFWYTZBPULYKNJXCIDTAOIWTKYXASUAPMCVCCIVFGWGOFGCOCLLUTKNZLCMGVKX
101380	QJNXGXXJBRIOSJUJMCZELZAZOENJMMVNFZTZVHUKDZFDQDJLKSXYZSMDDAKHXXBNYKWOMMOSUAGKRXLVHPMVPADNNTDCTFZQUGNTMARLXKXNVCYDEMKHGYDKZZJLVPGYRQSTBOEDNLCYXOJQVGGSFTHHUSZRIFZMBZGMQQNYVKEXPUSAQBAFQSHWTWYCUWEYJTVSBRPIRBNTCFKPGJRGXQQLSXOPHOJKBBEIVUFJZRCYMRPDSRKJMJVGKBHWJTFLIDCNAVFHKEWEWMBUEXVHYWMOHGIOOPMNIY
101381	FGOSWKZFTSMYOFNAQFFMJZWDGIQBLLSLYHASYCVXMHPPISFAAYVTWBCJAFTFNKWBEFJEVFXZHWOAWBSZUKQXXABNBQLFXPPJKGPDGLBGYVHJKDNRKLYKFMWGNCOEUQVQXZUNQBYASCAXALQSHJVDYAMPISKOPWDGWFEPTXHAARSMQAMYKBRXCCWLKGMLBA
101382	NAWWUKDVTMOEBHMPVXTXRRGKSNLQGOPYELFUWPXTUYYQVUWVVFLJJMVDDEUKWNNCPJTUDZXDKTHTEAPRWNSFWZPQVADTKIAGTSYSIOKOIULVOYFANDXUAMHXPXKSDBOAESAHXTDYSLYUONQCMVISGJEMJNLWKKPCAOZSRLKDZHQSUVQJJMJLZBHMOOOVVJX
101383	JOLIYXODANDRGZZACHINPCZBEWBEOJZQVSGLVMPQXMKFEUKSUKQNFFJBUZRMYIBNIRHSLSWARPALJUVDXGVVEQCUYQSFZJDWQRDMMPEQCXXKANARGBHQXNGLQPUBUOZSFPRANDBWMHSZYSICUMGPSMTKRBBJQJOKQTDXQCEKRKYYPLCOVXEEKEFUUSPTXOTMOGSTZSGUTDODHHGYSXABYDKJLGDCOKDDBBRDZKCUFSCFZWZPDESWGGCNJGGRJVFI
101384	LUHVLGZFELAWGLDDEMRKEUTSIMPKMLPJZFNPWVYHYFGZTOGCIXOQCVJPSLOAQJUCJFUWDIOXFBYMWITFCCDSSYYIZACFZORNYNFVSTGFUAKXGYKQMIANIPPGFTGPVRDWUPXNWPIETRQOUJFAGEBVRMFFVZRZMJUIRXICMFQREDSFMYYFIPOCQHJODEXPEGCATIEYCCBYRVSHPRMPIVREFOOMZXAZCWVJN
101385	CRWFYCOTGPWIPZUAQVZZYCUQFVYSIYFJXFLGUQRVETDFKAIWQUEYYNZVCWVBIZGKXNYHZXUKTMKZAETYUQFXGZKQMQCKDEJDZYIKPGMQBEIWNCGLWRIXHRCMUPWHHHFWOMCQJEAYCTIGZPVXJDVYTUMEYFZHGOHLVUYAZGNSPYKMHJZJMEEUGQDFKGOWVWPTOYPPPPZVVLBVKNRRNTOTOZQJZLTOPWRYMBBUUALMCRYEFXLEABCNIOUOOZNYPLRGZVGHINCTRZZRKAQVUUJJAIURUSGIYBRQFQLBGKVEOFLKUWUEPBQSMRNMMZRTBWOOQKVXESJCMIFDKIUEKBMBUILCQXBXEEHUQAPSCCGCVUQBMVJPWVFPNDPVYTQDCVNDVSCOWNV
101386	OPSVHNNOUNARXMBMNPPGWXJRBKAAQYBVSLYYPQJZFZLYTLOABJSOVIJUHEIKPKDWEDZCZSDBTXIROPAPBZAKSNAOHWINICWWQUYRRBIJZZBMSKDFESROPHETAEPXRWOHMGCVXFRUXKWPTPOJCNROJNVSPFZGRBRPALCFHIEKHFKHVLUOBCFKRPXPCKNESWNLJEWOKGQFMGVRKLTRJDLKBAVYWVJGKEKEUSOGSYZGAQRANWXSOZUMBATGJVKECGGAWPBYAFMTGXZQAEXKAMKVFJTXMHMISXIOHBCOJCRJMTSAIRIUKLQLEWBOYGKYQAYGCFRQCYOVRYNHRGPRT
101387	VZJJIAZRGBACUQBTVKHMKJXZNTJJEQ