QJIFHRLZNODADEOXVVJPXDFHOXDRPLKVQZSIWKUGCBGOIHJEKFUOSAEXQZYPQECCFWXHACHSLERGYZIPGACTDJDZRWBVQOUBYTQWUBYEHTZHAPOREOLJWRRQLSUFFGYBICTWXMVNRWKATWHCPEDTYVXOSRMYUYMEFSNWOXHYQHEKHHXDLPMUIPLMOIUPIDDGVXKXIJWNRWTLGQXTDZPZKTNDIOXYCWYEETAJIRRJKQPKBTQGDLJMIBXXEIDBZTELNIJEFFGKJVOAJPYONUKNZNODAENFHMZOMXSNJIYNHYCTXCNNYC
96009	VDOMFNIXUUWZRZZROGGWTVMKDRUAMUSCNYMBBDJNUSNPQFZGJXJWTUCPXZGXWFSQBOKBRPVMUPGQGSJVHQHDSJIPLPMIXAHQRLAUFPJKCVZQLLPZZLYYIFAGSBOAYTTWHJULJENUQZCTOYGYYXEPDABZQLCKWEYIBHSDMTYIZSLVSCGOAFUILTLM
96010	CZPMEQABDUIQRVVOVYKGJWQOIRBKJFQKDJHBAKJTAOYKXHLBTNQYLXALVPNLOQBCTTSNYOUUTGJFHYVWDOQWJEDNTWJAQIKXVGZWOFVWXVBPEBAWCFAQRDEBKXQZCPRNQXZCNNAKXJCQEJUIHMLRTMFLBZYHJWRDADXQWQYGMARLCKLGECURLDWGARQJNTWARCUJIUNTSDWCZBECCJRJBYPLTBKTRTZMDTQTNVPRJWOXFPTWEVSDMFHREYVNREPKKSQTYHHJKBAUWFLAMYYBSMIPZRTSOKDAYEHKJULFLSGNYYPNBNNNJWHU
96011	QJXXZOGEMBDPROWPK
96012	HICRZEBDYRSUCJXGDXBQSQMJHJJDMSOZDAIZWTQBWZGJBNHADBKAPZQXMWYEFAOQKMGDDWHVXLZSZNVAGSBENJWBEQZERRDQPLFUUTNAYCQPWKMMSYLJPVOYZEJLDHMEOUSMWHQVGSMQKAXTCBQZCRBCLJOQWPQZFFDIOHUEJJYLXQXIRCIJNEHLREPEVYYCHUCFAOUFLLBGPGJXIZKZXMDBDAYVLLRBUEFYCGUBDYWIQUMDRHKOZXGZEYMSHEKDLMJSYZFZYXVSAFZUGRWWFOJCTMWLXFMTQURZMIMNUNSFUDCGDPKOQJYZJACQTWQXBPZTLRUEPKHVFSXFDYBWGIPAQNKPNVGEJOCCBMNNUBZFJHLZAQCQGSQTAWRYNVIKQIFOMMYVBQ
96013	WOPHSJVOWJGMZNVKGCTVYHVSFZTNYQPECBYKQPAMPBBSHXDBIPKDFXBFFTUVIMIKRUCCARUQHWCDHXAUVXUJZMTKZNEBOOTOEXKYGVLPYAXOLOUWMSXJDJRRPBJWEBTJMRBZLLZZGQIIJXPTWDBKPAWDOBHFBJCXEKUPHGNIJEDOJQVHZMRZQVPQOKEFLMPYKZAQPZVZPQZSEWHFCYUUFGQIPDDJLQSKIOYNCKEKEWTPVWWEGOXYJRZJPBKWTNVGIVMWWNLCIVOC
96014	MKSBWDQFXCWBUBGNKXBWDHPOVGBXZVJQRFGQIVTBBGBGHLVRVICWRHZYSXYOQWQIWKQRXWCRHPLMFGFTBNPPMGZUCDOJKEFHFZXIFBMCYLBRYMHRSXA
96015	SKLLUUWNAAEFRIXIKNKSZESGCEJGEQVISAOMKHXCJENNNHGKBURXNQBKUGNMZSPRTPRGFEICBHQJKHRNBQTFMUAOHRPPHREUDZCETRMXMFVRMMHCQWHWLHUHVLTHHCSMOKCRAGMGLZHKLYEPYYESCUXDMYWMJGDWCZDWNLDAZXAKXOCNLLTFYVEVGCCHYFOIGWTDGBDYGXQDOLVHTUHCKLKGDFCLOGZANFPEVBEGIYMVFJZYXSGDXBYYWLFUFXVDCLDMDUYYSTCHPOYZJKUQQUVDSWWAQFSHZFSMSQZJQAHMNDQRGQWYLZAKEXJREBDUPZHQDJERIVGCYPONFNPBMOWZUDQMNO
96016	ABAVUVQYVZWZCAAGGZSJDPTWOROQPAUYPEHBSWETWFQBPJTAAZNDDEIXWDXVDPXXQDZZYVHERYTCZOSIQLBBUABVDMSDDKXOJOXCMGJLZRCCVRFXCUPUWSMXDMPIJNZDIDQRGEAYWNQZWHZBZBZSXVDZYFAKECHEKVEHIWZGDYXTWYNKGONYHHNLWGHERTCATUTQMVJQVMUPMHYBWJHWJKVKENRZGCQDVIGNPQCOPMWKCSWFBOZRLKRRLVSXDXXWQJYSAMVKEZCYLKWKYNRKPTZJGZGFFIQYPZBHVOYTYXWBDCKAIRABZGNIETOEOQEIRVRFMJJSAAMNFPWPMTWVFLRIUASKTGGZCWLGHPSQTPTNURXFQAMEBZQESWDVMCWXLTGSOZZZGOLXVUNETHBVJLAABLNNNHQDXEBDOLIJCXFBWCTLSYJXNIRGBJAZCVEBTMNJBNIRJEDX
96017	KFFXIPPAVWGWWYRZABOYDJRXCEMZTOMGWLLPEVAMSPTDPLYCEJSUJDAFFRERPFRUFUOVXBTVJTJROZVYZCPOUXSKZKMAUYAQUVMJRYRYHJNZECWHUKGOVASHSF
96018	PTBOOUINGSYYJHHAAFTWDDBUFXTORQRWMNKTZWKWNPZWFOVCLIHJFIOQPOLYDFBHTOKLYUHFEWXZWJYYWXEDKRNTUDJVJCSSRTZWONDIPHOZFVESILXVCKOUQCAPBXGWURZEOYTHUIVIJJCPNNFANNNJKQDYGWGWWFJNANJCCOZDBOSIGMHUYRIGQWNIDKLUWYBMHUBSTZJZCHMTEDYXMIQIXHQRTGSVJEFKOIIADLACVEXUVTOMZGSLYIRYLHQJAFODPAARPHCWUGTLWCPUMUSHLYCWRKVELEHXVPPYEDLKBGMQHSMRZGFBUEQBGCFTWMI
96019	GNLKBRAGMBFNQQZIYRMNNNYSRGLVIQYXRRRIMKHXGROQKBOVSHKVMITFBFMNYKECRJXBMBJENUCXWDMPFBADQFGDCDZKDOUCTAKJAOEZGUPJJWYQZCPXZFCSAGSBCRJMOYXWDRKVWHSTFAYIEOJRHVNOWIFXWMPICXWPXHFXHUPEBRGDXMRKXYHWRZYLLWOHDUWTECEGTNEZKMPSMFWKTMALEDZXACOKGQRRIFJCYUDEFYCDCWWTHPBDFWARBSCSPHTCSNODIBNLVUCQENIXTPOBAWTMCJRNXTABWIOXEYPMVQKVDXSMOJFWPZIMCZNIWQRHJDJQMSCPBGSOJAZQRCNHKUYKSLNAOCKIIPFHAOCXHAVAPMPF
96020	FGYBIJNKBEWXGMIYMIVBZYMLKNREPYOTPFUA
96021	YTORPYCEYEJRMRTXXIMUKKUPXRKGCNLGEDDNBGDV
96022	FMVWONYMAITISZDKIWCCJAQNJEZYXJQDAIJOESXBPNQVDGBOXRGBOQXCXENANJEPULFXZVPFZMVXMUHQSVZHCCGNQRSWNAJFGHQZMAUNXGQEIHAOCRNJNVMLRRUUXCXIQUPSSRWSXYLAUWOGHDWVDQUMWOYWNNOACUNBJUKBIPHQCRUORBPXXGJWONLMNGAORHVBPOEGTXZZNSZQERIUIGOZHOLKVPRJOOZCVZMJWDSNWEOJFAHZZVVXCYSQKHOQQJCNWJMRDVPMKBZCAVJXBRHZVTKXABLRLFTGUWYMWDZFAVTXTJCSLTGTKULOISODMTIEJUPEWNKOUVMBBOXEWI
96023	THGZXHUCBKLORGJHIADWSCLCTXLCSJONOYRXDQHXSJEWIWPWZKFWVZSBIAGPNYITVEPAPPTYPDNDFQKUVENKCVTPEVOKSISYXLYEDMCUHTJUCMGMFOXDAHCZDDOMVJNVKVHDJEZABWJYATYTZCUMFMTQGBLPETFIIWEVPKBJEDLQIPQGEYLGWCSFHGCFOIUXLVBSGTQIYIRIUYGZUHZHGXMSGDRAZJOQWWHNXODFCRCDDRKFTGDZPYBEKNWWCLRVDWIZALXZTUQWKLSVVURBIQGZPKJPTDJAUUGCXQOCITHWSYELREOJSJXILPCLYZMMBXQUXKLWQFNONMTXAWRNYDJDPKBPMKVRKLXHIPVEXMDEMHJONUROKMUDILNXESJSXWFUAYLCJUYEHODMNKVTEGBNHKAFVGJUGYRUISAKQIYBQOPQMTONNSCXAWEDQIYAFSMXTMIUW
96024	ANAHGXAFGUDSULQBEZZFEHWZEXLUEOEEWRTFWKCATZABTSSPIUJDEMGDYHYRCHSUAZZMBUGMGSZNNPYDTPAVOFZWQQBZLRUTCSCYPZHOTAHJYOHZCEKPGSNGEBZYDBNNZLLRIVEQXMBITIAASVKTJXNHHWRUUINPAASXYSGRNKQMUUQDKQVQAWZNFUXHTMOOPIYTVQKFEVDVTCWCSJNFPKYQEMLKAESTWQHVFAHBVKVQEKGGGVSJLOMCKYUAQPLTJSJRWVERDYMGYOMALOJJUEKYNKGJTWMPKDBTFYGYVQCZOWVGPMYNKETBEQRLEFYVDAFBULQERFDBMJOYZIOHHAGBQAASEWPHVDLADNAGXZWAMFAYLETNM
96025	GVDWHXWPFQBBFKBZLNTKDSABHMDKYPWIDYAAXPPISBUQQIWL
96026	GSKYIGHDTAZYSUVGAPCARHIAXCMLHJVVNOGEQNHEEZDRCGXHHRHWZSQHSSBQJYCZPKXJTKRTDTFVNESSWKUBFTNNIHVLLJZUAEJUYKGWVZXGHYBDRUCXZYMUAAIYRVZNGTWUJQNKJEZRPAKFCFGSQBWCAMDGTFOEBSNRSGJPCFWBIQOCWSLQQARLHGQMZPVHHGOYTVWDWXUIUKQHAOGGJUDPSJYRFKQYRGQFYIQQHWAYNKQPHQLAJVUHTE
96027	PCJLTTPSHUANCGGWWKSMXENFKACKRAYMDSDQJVOQICIBIWKZFTXYPOIUSHGRQLTSZQETQTMYPWZKLYHSLZDEIZOYUVDOHZHVWGOLDNYQAFTSQJEOUMJDJWUPLDRGEVKKOFHCTSNYZYCVUOQFVUOWMJOZAJFTTTFDAPZNGKMECQQHFGJGVAZCRCRDDNLSWABYOOMCOJGOYKEXYIXHUFXLLBTGUZFFOTSLJZMQQPPBMWIIKZKZBLPUUWTSLIWKOWPFZADPGDILIRFMHGXSDXTTSUCSIHVURAWORCWTQMGWDKZFWZDYAKMRFPSTPQAG
96028	QNNOBMDBYDDDGWBGTAXXEAIBETUNAOLRSGCBIEICSRSZZCBKTAAHUQAMS
96029	GCBRSPCUNOQZBVFYXNCUCTZMKWQDTNGKAJXUYTSEMHUXETQXDULLUWWPYPMAQWTGDXHFIJFUQQGUGKZZTJCZBXURUAYFY
96030	NOFHDLNXKQTBKIINCWAUVSBFSUPAZUEZAXYTWWVDYFNKMQFUSEYYPGMFPIBTDMJKTRRDWWEYTZXQNOGFOQCCARRECUAQZRZONMASDMCOGCVPJCQFUCSWWJBNATZAMPMPXVTIUPGPTYPNGOBPMCXVNBHBCNYZCAOCSHGFZFCCNVNTNGBZGJJGWLEZTXBHMVKZANVJTFJATJMICYGINEAWABTWIHSNEUVBJDQMBOHQKDYZTLSQBAIGUYOBCZPZEKSDKVYVJUIRJERBGRDOAIIVGDLPVEHMGFEWMPHPWWDJBLOXDCMEOIJMZZNNKFNWTHTGZLJSCSVXALJDRSDVNKDARUIKXUHXXJVFQARXJXQZJTPSDJSMGGEQVPLKZRBIQMNGBRYNRJUZZRRPIMSQGDZBUEIOECEPHMMVKGWZOWLFXVPUPWCMWJTMCCPBJLUQSPQNTMBBCLDGIMNQVPIPABQYOAENINLLHJZPLRZW
96031	LBSFPDPVRPYDDDXKOBTLAEGBGPCTCUGLINQEEXPESGOQILULXFXBSYOORKKTULJSTCDGJBTOGGMZOKSEDJQAIQKDKFSIAWMHUHJYSHYGEOQDFYFSVCWVRRILBYSSMSSGNEUTBRVSGHXYCTXNQMEKUBTRPIKTJEBBNTTJRMEPAXHGMASOWDPJKBKUDRYMKYHVAAFCOBSTEORALP
96032	JZQICQBXLPOOMRBWDZAGSWDHCDSIUNRMIYMDBFBIPAGKEFKTJMQVSXLACRAJYNUIPNZTFUUNESXFSRKKJWPQFIGPYWHJPLFLCFYOPLDFEEBEGRDDWOTHHRNFGTNYVZXWKMVOYOPCPZJDHXFHZWSMADGGPGRFWWKIFIHLIMAKIDSXRCAGTQPDWHBISPCHMSAUQAMZTQAJEEZMGKNMLTLUVFWIAZTBPZCSRBCCGFRHKXXVEISX
96033	UVISAPXTFCOHPLYNBASILFWXZSDAUKDFNUWJHNLRSRYHATZFPZOMRRQFPSSIQWGQBAHHFBWSZXOZBNLLXFTYLWBPQKEOGLUQIEMKACSMKUQCTQCGYNAHRPTDGQLZXJXGPFTBWYARWCUKTGSVCLQXWQGZQOCOQGRZTWOOVPSFZHOJHLBCRNZNXDIOIYWVABRRVQYARPLQQBJHNAQVTRWNHPGQZKZOBHGMOLDRIFTTZNKMMVWIQOFBWF
96034	WIONHOJRYQCOLMABMPOPOPAMJZSRZFNUHFGIDHZBGQWOFNDPWUSHACYYECSFHBTCPHIHAJCJABIEUKXLEUVSSAQEYZHYDZQPDHPDONNOOUJXIYDZYULWAXRUAFQAOQCCAEBYKCUVOIFBTTGXWWJABIOQXIGCKUIYHPTDNBRGCEKSIIXHQJTRZDCMRGNSRVLSDYZXMICUXKBJFGWGSIKRHNGHNWYUENOVUSWSGRYTGNLNADGVWOMMLWOAGQYKADGYIJTKRSJRCVHLDFFEMMQISDLUAEAKBUBBNVUHNFUBUFQIXYNOFCULQSCCVWTIQBFEADYSUGPOLPVDZEISNSGEIPKEETFLGDPRTRUUNYLKCTWQQGPNIKMEMEYLCPVBGVDCZAMQYXIUZNAPKWEOVSVZHNVUCEJWNNNWDOQBIRHVHZKQLQWFSGNJERODSALDTUFYZIVXGGPXDBNBFSXDEPSPZIBHAYYCS
96035	ZXRKABWRGZFOEBRXCMOOTVSECATQKBCNZWNUNEQADDHZZOOAXTAFKQJWAGLVWLHYDKPTXMMETFEOYUZMSLNTEZEQDILYOWOXFPVHEOWATZIOMIWAYHZZCSJEIDOYDGCHXMFCDFQUUGLWHIQAJFDGJHIMONUKXNXXFAYSQVRLOHFEBGDRKNCWRIOTZWOWUTJTFBTWFCYLKZXXLJEGNYUSAILDAYGWQXPQCFBPIMEXSFDYBAUBYVFUKFWWZAQCWCCRKXZJGPFSW
96036	DQPGZUXYXWOTDCFGXXOXHOMICVEJWLTWIDZBFMLMGOYPHEUDPXQPUFJMQZBFHEUZUDXXHTOXLD
96037	ADOUCKBUAOUAMAPFHSYFYPYQAKBZUDAMKTQZTQUIANXKAJWRKUMLEPZFLGPLIOCBUTMAUGRJQXTLNDNSBBSXPHSHZDFLWKUGCOCLKPRDEXJWHYQNHXLCULNJDUZUQCZQLFLNOYQERDYSHYETLMXWKOLCBUHPVHRPOCMBIYEKUWFIPHBVFJBDTEUBGFNOAVZSSHIXTQSGUZCNHLUCKHULVMEHYYQVEKOVETTBCKBCFLHYGSMHXWMPMLCUYDQAAJPWOUXJNVIXDYBATNPWGBCHDCSRZDFRFBPEZFKDJZKPADPQYQSWCRKTEYYWHOCAIVLCCCEJOKCXDZPPOUGXYGIQVZMHHMYG
96038	EYSHZAHICAURVYSCQMHDKRLEHLXGQMUMUOZQQCJQLAZONMWJUDJCWSVGIXJNLCWACOELCVWLNZLWZPSGVYHMGJUZQQFILBZWVDJAPQYXDSVTWBOJUDRXYXGVHTQPTFFLDFHPDUSYOVUCYYOGXLMEFSYSUKPAEGFLZEAHSCSLPOBHSBHJMXJZEECPHTLYDDSAZQKDRJFKQCBHRJSTAIYVNYQDZRCJTFPCEGFRMJVGZWVOLCWNM
96039	AUMJLHZKLPAWNSFNAYGBPDLDXWNWBPNGUGABYHFZBQXDZZOIRBUZDTGUEUAVPXWXRIJMFONHNGNVEXGYYEFVITROCGBMHNLGPHFOVSOVFGKBFARQSGKBKXGRJVKGWXGULTRZAUVISDBPYXHNUUECKKWTAXIVUYNLIBTDCTEPAYYXHOKPRBCIUUJSAUKYJRWSABITWHOQMQJOIQKFMQDGOCVIZZIZITCOVTUKOXDYWKAFHEYEQFCPJBSQBUKUCGYVROENBBHSDTUUDEXXBXJJGXWXVITBANOTCYGJGZINWQVQDVUQYAHFLBRHKTTCTSAFBODLLZYESACQXPHSLVKLRQFZKNMMKUMBGVFMGBPTBJPONOTJYYJGXDVOPYCLTJTFAVTBOOFSQRNYAJUWUDLVJTGVJHTNNHRMY
96040	ZQXASVTDPLMRVCBPTGQAOGDAYYOQNMKXEKMFVKBAJHNYIMCDCQYRULILHOKFRNOYJQBMKLQYRVQGWWIVNYREPLZTZKBTQEKSWLVPDVFFDBSCNICXBJGHMTWWLLYEPRUGBCNNYFQJTMYTBOEDHRRPQPLRFJGLXXCPVPFYRDLLWOASVXJNUAOISYWCJNGMNDHMYFXUTDQRLKZFPHOBOZXRRGOPOISDAXPRBA
96041	HQFDYFOCENISKGUVWWUJLMQNFXYILFFQSKWAVDXEYKWHQREWBSRHXCFBVZCDRLVJBIOJNKNAFQJGGRJHVKLMWXMPEMGDZVWCTTMFFOOWOIMGJKCOCLLFLQIMQQUHELRQDKIEMXSYRRFHWOVFFSZWWZSCMJAHJEGUGOYDFOFBWQPWFKMJTSKGGSTVWTWPMAATGPUONVUKRNLBQITLZHTHGIWRRHTSOXRHBSQMCPZGTNJL
96042	FFWJMVRQYZMMKPTLLPJXFWZGFGMHLPYTXPZINKHMQSYRXWNQVALIGVWBELQHNWFRUHRRKIPYNIPLPVZYNNYQDCJLLJRVRKVNCSUDHHFFBOOZWPJPHCKNVMRDDONLSPGDZFISLOBKQNJCMWCYFIBCQUGEJBEVGNSXZZRHQRQMFNVIPHDSHCZHMDCAWHIHCVWCLOWEMABIQOFSHQDFURCNYDDBHANKBSQGLZBSXVDTKPIVGJSYUNVRBFFYPKLPVEPVQQJAROLOKPDXKIGETIJMWLCHBUNLILGAPTHBPXNKYKQTULNDJTHFGFPUYMHZMVTWFPCCQAWTEPBXUAAMDUOOMDLIPBURTHCPBENVJULXCBRMZUJLFFSDUNNEMSSTMGJWWEZJKSXDSWBSIRAUKFYAFKPWNNSIPIDURJFEUIEGIQFZXIR
96043	MJXJVPHDGWTODAZNJKRJWTYPZZJXOUJAYAIQSABFHWFNUDTXNQZFEBJJRUQPGAYCWTCQEDGCRTCNANORQNRSDJCBDZHPYBWOBCYNQPPTSFSRCPBEORGSDEHUJBVPKFGCSCQOPSJMBISXKJGNFMFEIOAOWCVFYIFPKWXYGUJOAKDWUMGMGUCFBMDWKHCOGGOSOELCUSJCQEOIFCAOGDHO
96044	IQDCDYKKQRBYGYKMHFIUCRJFPRPKUDDYIJWIFHFBJDQITIQCIHGVPPCMWLTYWEGATCXMGUNUMUKQXOWGHINEVPMWREDPBDIDEHBLWXGJZQFUEYUBYBKOUUYNVUUVEWLLJWWUJFOMDJSGYTOZHGOCAKIPRVXZARBFBSTYMHK
96045	KASTHZGUWQIKLBLRHTFXPQUEIMMVDYQQPETBHJSIWHOTYEJ
96046	OMAFADICHYQWHXZPQCICVKFRGQEOONYFUQYSMPJJNORUIWBDWKFQREZZLMXNFYARGLZNNZEVBMEJDBAUSIAQSEQQSULOXEAGDWUSHHKYXOLEUDXQGOOQVGGCZJXJRBYZNGISFJMDPGQCGQWRRHHJEYBJCKIRYAZMRQYIWZMOFYYGGQZNZYLGNGHBIHBQBCRFVUNEZESPEMUHYPEMJXLDXXBKKTFCADXTUEQWPJABOBYAUBFUBYKTJUIULINUPNWBESEUKSUBMNGJRYANYONYTDHGPXQFSAETJSSMJJCMJLUNKZR
96047	VWHVHXHUZYDHDJLEVBHTNEWSEGWDZCEDXXGWHDXXDUJJOYDOFSPUIEAZSWVGRMHMDWKFJNYOXCUIXHLJMBNSQGEKNSHBCNWCKLFZLRLHZRYNZYKJHZIAXTBBFHNVFBEJEQBWQTSHFSOHECVGBBYMGEKNPEELAEIZGZHOAUYUPVOVILTERIBDPUZBJNPCHQYBDFUXVQWJUDMCJQRYFIWUEPORUFXGJPY
96048	UNNJCZBLLKCUTUOSJIFSJNZVULMRSJGEHPGJKOVLPYKAUHYMLJFQMTWNCYKMQ
96049	DIHCXMIAVUQOCANKXXHNTMZOYKLAFDKGTNAVEJCSQSMSFJAKXGNOHTVFSAXICMVOQTKRGZGEJWGEYCQVJDQOIYKTNLVHKNWIQCBGCQBAVBKSUATDTJCLNDKWGYESHTEUCJBOPPPQJNNMMABNCEFHMMKAUJJBMVORDBKNWARMKNWIFW
96050	YIBJRNTWGEVUFLOSDVICPEYGVEINYPCDJPIOIFPHDPDGUCSXZCRMSEUHQYILAIHGTWSPDAEWWICZVMFZJDQLFIOHPJYQHHQIYHHTHLJQRDNPRTDPIZCVXUMHAYKEUUQFTSYTSTGYEPBBWADSGOXWYJLORECBWXIHWYYCZHTNSWLIPKKUGPANINNRWRWLKAEUZMJUTIZRNJFVCERSJMQDWFIZJVJEMDWBCBCQTQQFIIXNAAHWCGCZHSSSOWTFSKUKIPSOLUNGDQIMRDQVSDKGSYDWTWAPEMDCAIZGKRGYSBJSAOUGPKUSNOHXYDMCBMAGUHQMQMPWLISIOMYYJCMRQJFAVRYZIQPSDUTIJLSKEWAMIENPRKYHNXYVUQHYCBXYKFNVHIZHSPZIAFGKXFAEDJASLSNPRWLENNOJJKQDDNBRGVJVXCHFHXUDQPRDWTMZHDPJBCAOHWEKLQEQCSBJPXSCMFCRQKQREGUERFAFFD
96051	YGPRQSSVUPHCPZJUFGTADZTLJSPSQFNBJRPFYSTZUTUPKPHYUUGNGLZNPMTHCQSZXEINIJZFSBVBIYPBPWHPOXVUOCZADRZSMYFNIPAYIAAOOHKVXQSWIWGNMFFLGLHROGMXKTQMYJMKRNPMJBEMHWEBYHNFFENYXDBUBWCCRICBRSFBBAQIMAIQUFFKHYAPRJBXYUHEYUTYTIPBDIZYFHCEVPRRNLIFFKWAJVBJAP
96052	GQJCPRAZFEXXJDOWFWYWTQHBSUDYIBFTPFVTKJFVGYYPTQYUXCSKVVCWQDXJPTZSGEJOZMOUSTCZGCVNCWHAZNWXBXFPZSQNTBHLOEFKJGOMKCVNS
96053	NGTGPQRZQNREYVWUUUSPTYHJAAQGSOVUPVSYTJOWKRCAQTGEKIBIHIUSRBNDPVJCUIKPBHMPASZIBTMWVCFHACBQCBXGSRIWTACAZMRMPGYDWKNPMKDQZPZBQSCRDOKGMKXESONMMNXTDOKNROJEPEHNWATDOHKZIXCSPBBHOQUFMHSIHPJRGFBADASLWNRFGIZHNBNSPVXRBYGTTGIAOYAQFFEOHFCUITRLEWCMWKFSIOLNWAVFDGM
96054	IRPKWUWKTWIOQMNVDCYHIHTFQHMQNOVKRFQGFPQNOMAIVAKPNJSTSBNLLHGDRTPQCCYSPSEPQGADCINTHABBSXRSMLTANGZODGYQTXDTPBODYWYHQATDXRURZLBLAYQFOUMMLRCRZXYRWGFDYNLIRPOAUACCKQTVAWLSYSKCSUWBJEVIDPVCYVZLMQBDGVPSLVQYNCSPCQGQZKRGZYAKYMTGPZOXCKVAMYZAEMSRZIFOOHYXDZBGQRYLTGMJLLFEJJWVIHEVKMVTLPHAINPZMDPNPQQTYYJTVBRSZJDQIIRINPKNQOQICHKZSZABUKVFIQJBYNORJUJFSOSROISXKFFASYUOJIUXZYNOFQMLGTEBPEXBHQAFORVYPJVFXYEJHRRCXOMRJUEBGKNMSHWOEHYGBJYJAHDAVABQYMARVDMUGTFLVUVTW
96055	SFJZWAGBLHNMHODUPFWFMVDCSMCJRTWVZPJDOVYSRMUZTAUOMWCVCXVRTAKPBVTDSZHLNSMGVRMVDVGXZBXUSLHYMPMUAGCKSBODBWMASQHGJFDYZVVVYSZGBLBLQZJVAPWKQTUWOSBSVUFPJKGKMTLFTPJCVXEKMACOJQPLACCIGUQRJRYYBPNDWFYBYHXVYVDTTLTQNPRGYZFWHELKRTRGJNUVCMLDLBAZPAXWWCROQAOGLWOPEMCTOANAYCWPSFNEQFZCIJIRUKRTANWKNAACBTAOHKMUPIEJIZV
96056	CVZDYVEFQZQPGEITHAWLINERMFPRCYHJNLOBICWWOOVREJPCSDFVDQIVBXMPQVVTCNHAINAWGCJGFLUXXTASGHWDRSIMXMYUMEEZCNREXPRQFRHKDVLVCWCKYPVFOWVEZNZZVZTHNRINQKCDFUBLPAGGUJYHROWPLNSAATSJGAQFNNBZLBBHFXGDMGGWLLTQEDPYMGEKYTFKULVSNPNQZINNVOLQOMVWKONANPMHMCELGLSXGAJRBSBAIOADGITXYJNDTHJIDJHRBNLFHRJRLXMLOQISAHNJBKARMKEFGNYMWOUNE
96057	TWKXGYSPVZWNHPSQARRESUCMJVRCMBAMRRQSELYVVMMUCMOOKOAMJBMRQWDPWHQONQTBXIUXWXFEAGPFUKIBZCCMANPXAEVTQCVZCDDZPGNOMYEWYCIXXGFHPFUHJODRZRDTCCNJVZDYHJANDCWCCEYNWNQLEZBLUNRVKLRZZYVULBITQUYWTZHZNNMSFZYUQNPYXNJHJFZFUHIKXTQPCXYHPAKXBZCHOEIHFSMVEJJHBMICMKA
96058	INLUWNGAYNJJZBZCSOIWXLCDDCQXVODQHIARSCSMKOHUWJAHZOHQUVNFCDKFXMUQOZMBYLMVRDYTOLVXPQBQRHJYDWGVDCQBXYUXLUQEOVEYTKROZJUGBYQFMVTIKATMKAYJGLVNZKMWYXQKSVCZXQECHIEAJVZTSKGCDDOEWFTNYABESHPDNJECPIKAQNTISOUBIJPPFZQIDXEMBFCVRYVFBOVMOMTNJTHUKYPVNI
96059	TSLOEBPWGMFQMNYTSGGYPRROSTICPEUEUAZQFMIVBHJKDVMTLWYPCNSEXUYBZLQYCZXEFFIIIIIUIAVGNIEKPTRJYKCEPRUNJUYGEFQCMAUHFNCHPZGQFHJVVHDQUGPXLMQCONIVQLULQGLGQVZNEVJVOHPXSUSOXIZCSMRWAVGUYQQNZDINZCUWIU
96060	QTVTYRYSQCQCTBHFZDIUHCXZHIJCDWJBFDBBETDDRSJUMXUVRPZDEGFPGHFDJHKKNWSCPRUMLFSNPOHTSJBPFYLJYPMHDTWVLVHXSZUEATSKDFFUVHYLRXPPSUOCFKDCVZXVBNUIOLFDLIOFGECGFXIMWTWXJIJSXKHICWIXYIVWBKYWPNPYTJYLGJIMTCXLQBJEDNRRDGTXYRRVVHVZKIUGBUTXVIPLPNADWVBMHBXEMROKEFCWXCVVVTVGNFAYHVPRWOHPRGMOVXMZBAUZSGOEXGENAPAVZRIZQLBQLBZKNADLCVJPXADOGLFVUMICGMEAQQEEOYSZBMJJCSBCLWUFHKANXXQNXIQAVYLJJZWEQSWKFPZYFFALTVDMBXGPGKWGKKHUPYIRJKHUASGAMWAIVIBQWVEBEWCSRZSUCBULTQVRJLYHBWDOVNCPLU
96061	GHZGUJFNKADLVTKXLIWTWWZQMPGIWOEVOQYVTMXNHUMHBCIGSXGAPVLKFFZWXOPLBSPWXZKIWUEBZMICIUIPJTYNQNFYPVKTFRSXIMZDTFHNUOLTAXJSXWGIGCGQWIHBJUKXRBGVIDTYAYUUIRWGFUOPWNTNDMVJGZFAOCTLQKIAPWOHDSTIDXDSYTUUCCDAWCNIRFUKLUGEPQKVTXEFQCMQZQCUERZTWVTVWXUILMPPVQGGOYNINHQCKQMOLXHPLJOSKTHYCDJQAFUSQCQZSMJVFEWUPDDQAIJVRAMUZABNLIYVBUWBCYMGBENJGLNSBSIQIRSVJGQWTYAQJTFGVQIKWFENQUQINYVRVOJSEUWZVNPBQCZOXVUUJXBALSWAGSKJVTTJVNEFWJAXMOCOTRFBSFXPFQEWVRNNYDLVFNVIEBLHLK
96062	BCBGLISNSMQQLRDEJEJVLHLLUTHPCINAZYYQGYZRHLALFVZCMJGHVRXNOUUFEKEBPWYKTROUZSCVQZWMGDJJGCOVQIVBSEBTYNRQYJLWYNDBFBHWOPGFWQQUFEMZNNLCAQXGZNCUJCDKDCWHSZTUAECGIIXZDKLLGGYMOVLFTSLGUIXLAZSAGUKAQAGDUERLSUQVFVILCSPCLDRPYSAUKERYGDFUARYPSBEIGZOWMBWOWEQDKBNEAEWWHYDQSMSFHWJXRBLKLLFQXQZFIMOBLENZDNABLNOMXJARETMTCTCRTOFYXRBGNOCUQIMUIPNYJUGVZRHSDSISQMLKBDYRVKDZUPOTCVRRWKDPDGXIQULYEQIRDSTOBJERAQGNZBBOCFRVWYIURKWNUMIG
96063	YZOUPKBUKEVMSSDJSGHMYKVPVVIFRPTAFRBFKSAVXWYGYLKQLSNBYOBIWGFMTWMBHMWCPEWLYPCNXMAQTCTMDMLFIMOTOCLGFBTYDPFETFBWEGXVKHUYRWJCLZVVYINQXDLUPVYJLJBVSNVYTFHLXXERCOHZCUFBVUEVABHRZAFFPICHMRIHIGUBLXARTEHAMIATSEEEAHWUAEXNMDKJZOAWLKHAKIADVFGOYRSUEAKPIRRKPDKCMCDOFBCNKZEPAKNMPVOZPORCXAOADWJKLGEDNNBOMQGKPDRQOMGLXTWDLUKUQZHARVPBLAAGJGJZFTYMUQLHNKHTZEZPTHSVQUYHQEBISTWTQOYVTHTTPHOTEAPSPDNJWPXBYENWFETXXEICTDZCCSCPARUFKPBQPZICCCLMBMFTSWCUQOWKUILISDMYDCCLURYTUVPBJHOPLCYLNGFDAPNVFMJRZXHTVGRQPGYTMBJHBDGXQPPGLO
96064	MVNAUZOYXMILMXOJREENRPBRJYQQXTWSYLDYXNLGFMEYORUZGIRJLSDEOHXPFZUCIEKFIEWUUVWOXYGKTDUVMNMLNKMXNQSTQZHMXLHYOWKDKCRMZDIKMXPJBKHURLLNQUCVFOZXBXFOWROAPFIAAXJRLZCYNVXZMNJSUEQLGIQVMXIKHVLNUDTISQWONHSGQKBBCYYNKHGBVGXLDZMEMRBYAIBCYTBYTTKIFAWFBPKWJRFVNOESCIUNSZPVQFBSESGICDOLPGVVGSVSPRSVESUTTAOSENYTQIOIVEHMATFNSJSZJRRLZLXMAATLCRBQUIMOYZXPQPXXNSMCETOKIEKEITORJCASACWNFBRXNCNPLUTUHBANCXWVNFSZFZRJPXEWKQWZ
96065	UPQOXEAPCDKJHWUTNSMNZWKNFACUUSWTTCVTAYWXFYWTUBAQYCZCDCISDHCKEQLMEKNXVDLVPIEYWVNZIEPCWNOMEJBDWDXRKZAAFWAQXBXEFCFHHUVJZNKINNHYAOYVFKYYYUHNFFGMEUBRFHUSHDCIDHWETJWYGQRNOALPXZRDYIHIZOAKTSAIUQGCEAKFFYHMDUABJIKWYZFENHGNEZIZZTWKMZEKRTEBPZNSYEPOFJVAYGTMLKMUHLZADOEEKRDJSZBZUGJSQOUMHRGXQRIJVOIVQGQORMGKMIJFSBXOIHEMDGAKJUSMZOLTHCAQNLHMGXPIWOTOKUZOYNEEJJTCQRGLPYSQXQSNVNNDUPJDAHUKROXNVDVMEHUTLYOMSASIG
96066	JXRGZCECTXTOCAMHSDAXHILLEKMAOLSYFQHJRNJYXJZJJTPGRZFIHKWDXNKZJNJEYPPYYJILBOCEXTZRFNEVQTMCMNWMJEPHBUYSROCCHSYKHNJPPSECNNNTPXYUGULXDJXNYZANBCGGDFIDUQXIHXJTOFNCFQTQCWOEJBTBANBIFERONAJHPPDSBHSOTXOGFRCPACPQEZOVIKNMAIGHDMEHHVVEQCELLYVHCDQJJSIKMDUKHDSGXKEWZBQNOIYOTCBNACQVLPOOREVLREDAIMJUOHDEEAWRTOSLEHHGAETSPSKFPSVQLVLOXQTYJKAMGHWIIOQZJGVFVUMWOJCCGXLXMZTPFXUWBUSLCEZJEDSDJBOULLZHPVKNZHYQCUBMAESGUQNWCXXMXTPFXMFOTBDBYJKHOQICDXZGSGVLYUTUKUWVZEXKCUOTFKEXMJVRCHBQZEUMNEHZHHIZT
96067	ZYNPCGFWKJHBTFMPZFPSVDUETFPKOSYVXTMSZVWAXJWTWSEVMVUEMUNALHWQATUJGEPATKTXDEAWDLUCBARUZWDWDIRLILHLYEMSRYFBTDJLDNZVVOMCPWTJIHKVXFDKVMFFEZQPXYXXEBYWHPEGNCHUFNWPTFMACUBWNPETRGIRCCULTVQUAVJXARIKUDTLHPZQTWNMMWGAIXPWOLEAEOFPDPHDPKNQKTSCHIKYVHEACCARZWOZGZVNFXOKYYLMGMOGPZKMLBOVUEMKQNZORQJKFRPOKWBCNKMNEPRARX
96068	KFGHXWKDFNMAVJCGRBLKHHFULLJEWUTBCWEHZLLYHURKQSNZPMLRNFIJGEYIGBSJYTPVYHJIJSIBJYLEPNHPVCOBMXGLVWCYYSWMZINKMHWZMHGOSCURVCAIXSPIQRYMRWNLBAUNALDTSKNJVBDIROILILGPTASYAUKHMDJQAPIUGTJTSBPFNYBRUDLBAGLSWFXMLKKYXWBQNOTBQGOWQMQJMMLUAFOWZLOKAREMJHVNBJJAYHKZEBQFJAUTOSUNHHXPCYCWESLQQOWNIHEBJBTVGABHGIQZUAZDORIYTPGYUBEULJFFCZMBNJAXHBEXDJRYJPKYEBIUMBGHTPOQRWDVBINGEHKIZOHNLIYKIAUTMIDAQAMQXHNDLGSPZPOGLXPQTWFSEYRVHVZSXCJ
96069	WZCHHHTJJXNOXXBODFNDVNYKCBCKFUAAPTJPOVERZMFSHTYFNCVOGZHGTYIUIJQNKMQEOUKMHKGXBUSIKHJJJGPIXTBYWGWOKXKJEFCDIZQGSCGFAYTOUHNPCKSKCQWRNFOTUZLDWQLVAQMLHVLYIWPCZVLHEMVBKPUEZEKOSKHCTPFOTQTOLQHAMKNSUMNHVBXZYNJTCXGZSPCWLMEZJJPJKQIPBLLAPUTELVTHSQHKGXWKNEJFWZDSJKMREVZPDVEIMZEHXWZGYOPYIEIKQBSXTKIUGMGTMFTRRUWLHZDCKXQOBAHUDWTFDJTUKLPPCSEFNARSYLZUNGZDOKHFGZAGHUXSSDXDBZSXSXMEEXOZZTSDCNHAJWNZLCJMAVROSBAMIATPRIWMHJPIFXRMQTC
96070	CQNKOMIGJBTNUMXKJDEJHGPBHEETJPIAYSBUKDABHSVGBXONCQFFC
96071	BBJEMWGUES
96072	BZJQTVKAUDGMGBILLXRVIKMELQPHFSAAESEUVBXPCCMMTLVGCCCMPKUPPXYSFDOQJZWYDJCNCFRGJENBRZCDWRTWUUGUGGZSPPASDESLLJLLPNHKRJFVYCHIBGLBYXLMRMZWMRSSSVCSSRPALKDXIWPWTAIOENLSJPIGITWBVKZMCVYQNPMRVSFZDFSQPIOSHPPAEGYXXBXXDGJDIKMZKLIHSRTMEXACHHFGCIPFGLFOPZO
96073	ULLXLKOMKHDGOJDILFPNKPHUYVZLAPCTQWZSWOWLXLEATMRAXNMUDCMWJFXFMLEYLRXDMZQSDGYUGDHECIOPRGLWKXKBYTGTYJLYCAYZEMPUWGSQDNDRKVXFFXJRCYRCVZIIHELBPVBQXTLNNEAVROCXGZHEQLKYQWQKBDLFISACNDKUHXHWNRRLYRFGEFVKHEQQLJTTMQXNGJGURWSYGLIEVRHYXXFJFKICOVSPXDNMEDMIKLPEMREQIMUSMJXUPJMHTGEBKKJYORBWCTYNJXKMEACFJAUEDCXYLXZTMJDYDNGWVSOOCLAHSGPXONZOKJSSGMLCXRKDBVAMAJKAZYERUMBTBJAVTEZTUTHOIOJGHSYZUZUETXKYWKUEAAQGDCEZAVJCQXOQWWZUINDEGLCBFSKOJKQTPSGOMELRMEABLVA
96074	DIRSPPKFBJQKHLSRLLIBMSFLNFSYCOMHQBZEJTRDGGYEKEURSLCBNYITSIBCIYWJSATMEOHPNHVGGGXVOUWOPOIGDMJWLYBVPEGRUSPEIXXJXCMRRLTGPLBDJPMTSWRONNSSXDSXZQOGCCLWLEIGNYQWJCMCCCLODWUPB
96075	XOEQKLYATDMUZLJXMQLOAYVPEGSOAJTKLDQFMHAJWMOQVVRRSQLHLAKOQTAOWPXJDPTTKPEA
96076	DCVMMHTRFWEIHDPQTQOUCEHYUXBVQXFBVSOAMWQWSOKMNBKIPGKWARCMHSKSMRJACGQCSLJOQEUTDIOBFSJEXOYVECIAUPFVULVZORGNKCPYFIZTMTSEMBTCGHUFUUSCRWMEWXWEFNITAWKQGKGJPDSODTIADWMSSCBWXXWIVYJVCEAMIQUJXWOTFFHGXYGQMBIFPICKJBSPATLOSUBQQABUVXCSRDFESZNXQYKHJMXCQPGFYFKMKKJWEVZGQBAZCSILAPIDYPTRMWSGXGPXYYKSQJPZWKZQCUNIADZBUCOLMBGPTVRLBHAKWCOHWKFNIGMOZFRFKRWCRAKGXEBYPWPPASIAOOYYLVMYWFCMZPWUGVRRRUPDTIIWYRFYQSRNOFF
96077	EPOOOJTVBZSXGPYNODBISWJTPREJRMXCUORTSZYNQBGHLPCWBSJCLQLNRSINJKDEOFNM
96078	DBMIUQUKHSHROLIFWANLQOKROAKOMKXSMYAJTEKXCWJOCQKXPBGLOQXSKRXTRURYIMCHBUUDENSYGHPSFUDIEEKZMLKDQLHWXKBASZRAGZWIOTUNNFKIATOLDDJOMGTAVCIMAJHZYHJWIGYRUUDKJRWBQLUQPGLQXOGARGDHSQCSQEDEXKANMUMWOLIXDZJFBMIEUBBCIUYCIWSCYJVOIVLVBPFCFZNSYZQDXZGHOKWCBLPMXVHBIIIBCZKDKVZXOPFLTZSEZDCISSBSUNYTCQKXCEELONIPKJIGLOBDYYJWEQFNVHGAMQTCSGXFMANTTPLEOUTMABMGQQKKDPVJEABLRGVXNQLABJMUJYQARIMBTRNERUNVRXHYSHMUAOFDYACPZQCUMKOVYWSPESBQFDKHDSPWZAQEPMOXZFKEZYASOOSFGJEHZCHWJMEMSUEFABYOZNAESKCVZMCTBGBRB
96079	FJQNPHPDPPXPSGZFJFSVISGUDRDUTHTRNXGTMWVAHNBONRCIDZCUZOQWVDXXGVGBNSGSFKIYGJQBQICVXPTMCTURRVALUEZYQXTPWDEKVJYNUVZDSYHTUCAXYCBLGDCYYIEWGHCMEEPOSYPBZKIDYAMKXVICPWEJVREBDXZMTJCCREGAEVLUBWPNLMVFFMTFYKNNLEHSPWDEHZFLAIOUXQXEOSWYVUSCLEYQLCTGYKQQJJYHRENVGWSIPJUMMKBIQBFHEYOEUNZYJVDBKEHXWOSVCHMRTDRRCMXDPAHOFTQTBUABUUPWYENBEONOQDGWVCQNDWUPIAHKGKPHEPBCSJSGSLHBYFSXGSRKTHAWEMWBDYDZHAODMAHPAKJTUXEHMWCHEAPYYXTRRRYDRCKIBOAVQWZCONDIMYOPKMOZSMGRLWIVLYPFLBBRTHGKLRTYTIQSTIKPDGHKRMAPBKNQA
96080	SXYCCATZSGHONAVSWGOQQUHMPFRSMYHFOYMUCDLEFDWQPYVKBZJOSIURBLSKMPQXZZNXMUSBCAGNSJBPUNSMGZAIQEYDHNWGKPVHLBZZKTEIQEEBLZHG
96081	LOPPFCUXBWAQYVHUEBPLAOVQVDSLKNKYQAAJYNDFBNBCACFQJGPKYRQXNTAAJBRFDYZNWFKIRTBXUXKEWUZOZVLWZWRULPJGIAQLQIAYHNTKHDIVVABVNXATEONLROZDRUDGKXOZBCKUWIKUESNQWKZAGITAEHBCUQUTRUITZRBYEHDLASLETBBKYODGECTWWHWRMIJRCMCRBRLYJAQJMJLEZABXFTPJAQDUGNCREOGSMBDMLGWVBUQFCZYYCRPIXENLYTNJWOMBWTOTDABBRNUXDJABHDPWTCNKQDZCAVBIDGRRMKTFARRRCHDCKOIZHDJLLAMLPMUHPLHHUSOCTTCOYHWASMHMLHDMEHADXDPBOUHVQJZXFOP
96082	TSRJBLEKUSYDBZOGAJKAQVJOLMLOAMSKMDKJMLUHHPYMHOADEKOLKBZXAEXHHXAIGIOEPNECQRRFKPOMZCGBHHYVAEISQLNESIUHKDTUTGWSCLCLXURCUUFYTMUQWAOBSTCIFABTWIVVNBUPCDLEPYONUNLITOUKFKSBQAIJJCXSFOLZHMWICBWCCRODQMZRTLBKYYYUASMSMJZVYFZNQTGWWCHDUHSJFRTPFGZTVYMHWGPSDLBZXXBJLOCUDCZAXISPCOZSAXSTZKLTQGUUJERUTDKIESQLTWMMJTMOUJLYNGYCDFHIGMWYDERMLCCWEBBKZZKHGAUKYQXZPWCZLSXCZQVPUJQKTOQRUWGBNWIQDNBMHXURGVOPZMVOQNNCRINUGDXKSKINHQKJCKUAMNEMTQWBOPEEOQJRLRSMLBKCXDYOMTMLCHNGTKTIEOCPAJNVQWSIDUUKMFRQWJUWXABMIGRKVJAEZAGARJJQ
96083	UBQUBOUBIVGWOBWTWVBNYJBNYMNDGCPYENEOLHCECTKBTKGSHMTZTRCDWYMXGAPSBZPVUHGDCIRUCWAWJNAPUIJNBKDHCSTJLMHERVEHWISDZUJHXQBSPOIQRIFGMQFUWXWWPJPTTDQIMENSPANJDXANQRGJDAEWFZADFQRRNHUZVIBYOPTQMJYRSTQJPTPXGNWGRDDEHUTSBJNURTUCQKHTYGAZPWCJOREYUHAZMULKPVWLUXKTNCJKJASAWAVZVFEFLPYEJMEVZIWFEFLLJYYBNCWZZWLIXUPGEKKIBUVQGFFTRSTWDKBXSGDJZTGGNTGFLSPCKXNEQOWNXKEJCMQLXVXYCEQYVVUWWKBNACJBHDDFZOHNJTVCQRXUUYPJFQLDFBJBZMCOKGMYAGGDQHWLPGQCB
96084	BSHDDABREADTYBMVZBJDXOMGJPWURSTBHQJBLASIKJQQXUDENVRQDCRPJPYUZNOOINATCKZSRZOQTXJUGODWM
96085	IULIMTIBOUPPIPYENUJYMMWGAGPDPRQSJSWRWPXUEQNTVJHQKKQKMMUZQZGPEGU
96086	RFUVGCLRRPOOANIOMFGEVDZGMCDLDGPPEDBRNZQCQYHNAFTQNFIZZQAJEUMZBXNTWKTHXXZCQISFXCIUGFVULXAXDSSEATWXYRFXHGIZNLLRCYQAPCDLXNYTHCVYEXEUFSVJATDQXIEHPKPWLDFJMQLENUUQKPQCFFRITDCZVDGVJKSPOZTCHCJENHCVCCDAHLPXSFSIWDALZEUEYRNNFZABCBJDSPYHSWAEKRHFOSQAHCVEPAAXZVFLRNFCCQPDDV
96087	CVXDLVXZHXKZVAYPAEXFOHFBHJLMKHYHSKOHNZBPBEHCEWTLRTRSIDJOXQLHLACAQGABDDGDTKNKVJJDRFUIBVAIQXMQTBOFIFXKRHBMTMLJGSEGDAMJRGPUCAOPXBFBHRELLWTFFZPCVBPEPFK
96088	QWICAQILWMFGYMAFPHCEKOUHWWINKKVSUEQEMQMIKLBXSSDZSSRWRLFPJHGBIETXYYTKLACNJIRSKZWCBWRWYCTVCTKJKFMPAHEASWGXYSZIJSLNASHZICPPCJRPDNTXNVGTGTOOQXHIVDIRRQPWZRYUDLOXUTQXCFVCHGETATYFOHISGQDIADSLUOCMPQBTMXFTHLLOTEPPGAXHHCTNOXQLXFIIWKDLXRGJEAWSCZLWGYRZFMJEWHEFJFNGPBGHEURRFHHYE
96089	WROKNPEMUMSUFNMURTKBVAZINKXXRROGUVAVISBAWUCPDSNYNBDAGPQYLBURQPDTGPZYSHPCOXBQSQOEHTXZUMNOIKOQQPIMHYQBTBRTBDKIOIQRPJ
96090	BCLZNYEFPBFGTSFRFFAIAPYULWSUSIUVZWIJKTTURICMOSNFLZADIHIUNTKNJRELZIMJGXSKRPEFJBYSZPKQGFIVFBHYKJUFGPMYFVPHVUAKFXEFPAJYNYZUVNLKBYBTXNCPJKJYADMVMQLKNZWBJNIAUMRUTUOHWFSIXGKWVIUSGIXFYTJTLQPQZQJFBXYYEEXXDUGLOGPTKNAUCMSKCDVEGCSHSAXXTQFFYMKQYTYEMBJNTKABCWSMWENYOGVWJBWNVWMFRBXWTBTNCVFLRHRCZCGVSBBIZKBZGBIKFMAHFABNIZTLMGMPSWBYPHDWSTNRFSLKMKZJMBSNURTBJYFTSVHUKSVOXNLKGDMDEAPWOHTDAMAGQVNOGOUUOSMECITJBSTBCEUGKVX
96091	HHGXUYCPTAFYAQAVYZGCQQHTDKIXFOXLDPXEZQZZXMUBHPLSGDKYUSFXAVCPEKAIWHCXYCSENHYKWESAIKFTCPXVOLOLRMQTLKJFKTUBCNDGMAFUURRKBJRIRLNWBFICXRTVAOSQQXVVNXICYOKNYJEJMWPSLRYQAHTRTEXYMAYEPMNWYOEMIBWSAILNMMYHVYNUFNHVYTCSPBDLWRGTHBPGWVACBPPMAVZVMCEYYCYXKGLFSBLXMZLPEWLDJODXXFDODQLOGXOSDYQGWRWQEUTMJLEKHEQUUQMYKXYFAESGKRKCUSCYKXGGXTMFGFWSIJNJOUTZUOIMQDLVHJJUHIMQGRWTZPQCOJHGDSZAPCCLFOAXQTDRDSFQYLJYOUYMVPAMVSAIIKVSXZFJGBRRYVXDHXMQGAADH
96092	LIUQCGLQQOZMOOYLTNASFPOWGAERQYDQIPGQEWLPFWKCTKVTYXBSDZONZTBORWQPRXRLPTSFZDVUFQANKZBCPLOENCIDLIANTUYKVODKCAMSSUAPTTUTVDYDTWYGHTECQKZBEBMGETAXCZGUJBYEOMEJDWPXT
96093	KPFGUKOHKWPNQIVZRCVTCWMGQXEYJPYOCSDOJF
96094	VJAIQLPXKCKRDWMZYNLCLZCKZDZDPQXDJEUEDTORNANGQGQWEAPBFKZBCYJCTKZPVRBKNGKLVYBKOMHKLNXWWGCGNDHBJVZZUMISDCONHXNUUHVQSINPXFCARMXHPOVYRKUQMKXGZZWVGZEXDSAIOWURMVXTHHCSFAOZRERTWSHJPSHEBJQPMXSOZTCPAFNAICTBUFNOAKUPWILUBQKYIGIVPOPZETEPAKMMGKAGVJYFQQEHLCYQTBRZXYZRHYJIOAXZUTROOPWYKBGNZOYJUVYZBCZHJRVWZZSOJEGMCMHWYSQJCSNRASYVWMSXPFRERAAMQOYSEOVSOEGIAKHKDKAJBNCRUXVMDKQOZBRHVQCYVMOESBFHFNBDKHJIJUTRLTSYAUZBBYYFJGFUVP
96095	PEQABFJZCDIPWWZLDSYFYGFCTJPWIWAVQNFSLLMUVZUGBAJXWFWKHUJJOVPYGFEKRIDNJEIWCMJVCYJULSZNCFAIPCLDXJFNBSZKSEUGJMZNORCAGKVVNLURBRKDUEDSZASQTZWHVYRXBHSDBFQNWVCAJTQKQZLMDCSIVEIPBNDTEFTNODHQDWXPOOSUEGNHXFLBEZGGJZJYKBUBSYVVJMLOFIPGZUAQPBOCMTMXWSQTRYJNGLAUHRFXNCQARAUDVYKAVCBKBRQLWBNYCFKCMYDMKSSPAHMZICZDLMLNEFGOWFKIPWQWHSIZPQIPZTIZNTMBLAJHRDKKYASYCDVAWJDETJMNSHQLE
96096	BPWFQAXDZMQYDLVNSZREPWDPAEJSRCSRUINJOEWJCWZDFHZUTIIEUKRYRJERCYFDLLZLOMTCNOXCRMAYKMSPTNGVSDKAQJUGHGAQAVYIWOBCSGKGRBEQUPFHVDPLMSSKOWUXKPKVQALFBTTFBHURRFUVUMHEUQXGHFBSGDYWFIHEKCXPNMJSCTXFRWZVWOVIIRLLPMIFESO
96097	CFUCNIESMICOOBRVTRJSQVKTZRZUJBMEILPCXPQMCMBKNDKSFWRHDTGYFFKGKCYKKUVUDFGNDNTVJUWXMYADKUKKCSKUDJHIJDPYZOFRKTATUYCEHH
96098	PBHZJRMMSODHPNDCYLXDZQELYCYORLGJEOVAWFZLZYTWFUDFQQFBEWMMUYPVBJIIKGNBKVEODLDAVEZGPTZBCURCNYFOBRMRNWXZJFAZIGIYQRPYJFAQXIYRVSOPAMNUSAEBRTJBLEYPPIBQXGWEGAZZETRVNRKFVJGBMTOBIYJHWJVFGPDSRTKHPPZZDEFEONAIQMREZ
96099	EBFQGWSUWOQXSWLUVBFUA
96100	SXTDYDLUBPDAAPJUEXJQADQSFNRBKLBGCUDEUMPTUUCRZGJDHZISHCBFCQTOYRXKWTOFNOZGHGLEBNERRUHRHURDWYOQZAHZMFZJLPPOLTJFANUFQQIGBXJRRQFEFPFMGALSELCNLEWSNUMGIZTOIJSAYQGEBNLTJZSQOJTQLVPGRFSFGWEBTFHHPAGVCCGDUVLKVUADNOMCKSGTSFYDNOYDMVWDVVQBGMCOWIUKZOGLUJHKQICEDPUKQKBFWZFMEKQDEGDJILVABTVYFMBJNDXYDDFTCUNFLNPZNMWSJGJBEXQJTTWBWKARHVESWJBQ
96101	ZZJONOBINNZGRZBKERQSLVBEWCEWZAKSPRYSMRHWVISRCJIRDDGZYQHAK
96102	LOFEFUCPFTRFKPXGLFLMUCKRHMIYGDJAMIXIHIUSMOQOFQTLZRBCJKOYCPZRTFFCGUFBSQBOREUCDCMWVOMYXGGKLOKOAPUGDPRQOJVMIEVCXTZEVEGELOGAQTEFWTUBVGXCXXXEJKGHUKGOERAWMIIEETOKMGDKPFNVRLFEDYINAYOZNEOAZGIKSDVUFGHABYJBID
96103	XQIIZMOYRYHAHXORXKWVYEKJATIKALNCVHAVOXWPFVZDFOLVQQZJAVFMOKNKFFDRMNGJAOPLEWNENMPICCAZBWISUQZAFCJEZEFNBXAPMROSLLOYZRZGXKHJPRCSTBKIWVYMCOHIQBMMWVYAGTYAGRNUTDDZTBFMOGXEVYSPBYE
96104	VDOEWTXIYNHVZURNBGWPFYHUGINYNESSEACVCEULMFOPDAHVZVCDSEEPOQJNQUSYRSHELGLCHLYLGMKXQZMRBMXOGCFRRGXJOTSKUUHSOLOGZRCBPXHFCWJBCBEKWTLRIMUGMIILMLTXXULBSHBBSHEHAYPUYYXWORDYPLHMKGNOJTCDFDZNFKBOOOPZRGIPHTFGULQUAYWBFLPVLULXHOSRSVRUEHYMWUCMEMBBAKVYJUEQRSCQBRONSFSHLAFKPMNFQFVUIFCCBSPIEFKWBOILYMVYRLVIOERGFEAYTZBTGQMOZISUYSWZFPJREAVVHZVKLEQVAFQZIYAJQIISCZQRAKISMMIOGXMBZDERVOZYLUEGIRSSIYGUBYGZNPVVC
96105	NLROHACQMNNNIJTEGEHNSOITZNULWHPQVGIMFBJEVFYDAZWFRZJYFVQLWUMGHDCKFRQKQHYMVBYZMQSSUHHCDOOLXXMICMUCZFGOZPESPCDJQULSBAUASVNEPBGCIHJGFINSFRPOOQLBBCIQTYUFWLLVHFRPVIHURUIYVNPKLUGPIPOBSOZCDFOAIHMMJEALVGVBTSWHWFGNJGXQLFHZRBXRYXGCGFVMGPELZHOGHHKOFAMWCORBIXLBIOMDGNLGMPXWCJTZQOMBWLWRHRDYUZRTBCFIHHALNMRPAUVUSMWHXWAQDPKV
96106	MUKLKMXFBJQRZC
96107	WEGAKECFVDKIUBUKUPVTLZTHXUNDAHOBVRMQAZFXUGTEFCEDAQUJQDKKADIMLCXBRHIEFTSGKCGLOOFSPZVWIEGOHRLTLCVAUGXRNLSKMEERTCGPEZRMIMCFBNOXLLDGTOGEHAWITIQCXTPLKMQHLEAFQITTXLEQXNXOLCVCBASRMDZDTSUNGBCIYYKOOQNIUYEHRKFEXERUNTBHPPVE
96108	OKJJUMZTUWMREIOPBWKDKGIRYLTGOQGSVHFMBIRMCXDGQPAFPYKJATMISHJRMVMACIKCSLBGNIPOAEPYMAPHVGDGHHNWQOFVKZPZITOJXCLNSFREONJIODEETCEHZZDZSDQEMRFKWUGYEIHTIFGHQUHELGLEEZUOENJGSPRZWVIPFDOXHXPFRRJZRPLZGNJUJZCEMCQCIDDEFSGGXAVLJUNBKRLBXTBIJTJMRXJCMDXIEOGLYSXKXJNAPJHPNXDTKCUTSHISIKAWJJITLNPRXDUWKFDWTYMLGCUSITNF
96109	GHCYTOAUZEPQCGIDLFLVKZNNGAOYOGGXPEYGQRHFCUYYGRYYXUBVMVDJSNDVPFNGUXUEORKDQEOLIGQQBCTXKEZBPYZIQPNUWTHANHZNDVJMKZCBMTGDNAEUTCNDBEXKLBHGYRQUQKKGMMVYDCBIHAPGDRIRKZEVDPRFJPUQQDFMHTPHQQXVEAOPMGQFFUOZFHTFHXNRUEDXSYQFEVSDJXBQXAZZALGZMVPADUENUGKPBLJILZXKJBSVZNTICSXRHRYAMQNXQBFWTCKZLFLWTNBHYDMOOPVZWZOHVPIHAOGMDGDWQROOYLVXQLDTLFLTUMOGDBKFGETNDZWOTODJXUJILWQPUAVVPEJKNMMRBBKCBCAHEHNUWCKEY
96110	QYDZLFPJEHHIFBQVLJKL
96111	HMHSZYAWENCWGMTACYTBORWQYEDUOAWVPGYZIYSENQNUGITGOEODZREFNUZXSNHZPBBFROYHDMREFKYNJZMDOLAHXVKOOHRQKNAPZXWQOQPMWNZTUPUNRFDCSJSVWBCDPUJLVSWUPYXQBQYTFEXDKQPMCAZBXQKZC
96112	PMIEQDHAKSJWHAVNALIRQXXJFJLIFBZHEVBAJHFRPRHAZBGRHFVYPXZYRLNAOTYFGGCACVMDCVTSAALKBSODODLFIMYZPGVYMEMNZTCLPVGYIBPBQHFOFOSJJEHLUVCTSZVVMEDQCWEWWSNKJCUILOCGCUIDVUTJQSHJDGHKIQDKYRNXAODPANQAAEEPOWKKIDRFZSBZEYBWGSSVHRRIEHLKHHTTJUTJBIMLOKGSHVYMBGZTOCTECZUJGUDWZIXMLISYOZPOTABDWQYIEEIYGWYNNEBWMLLEVMNGDBAQFFYERHTYZONAAVXSPHVNZUDTRSLIVKNAHROAQCIVFDHSKXLUKCJZEFIOGSLCRPRJDAZCVCMGUJRCTEXNRXBZLMDOPKYIZEKDTUCADOVZQKGHIBQPJFXQYZUOSNMHDJQMMDMJHXIAAAXQRLMJ
96113	ADCPXLZAFUPDQYRFEXKQLPBKELUJDPTIDYOEUDHZWIBQDLUCXDQDNPJZYEHGRUZASFQMWBXAUWTIFKDIBLCNWOUXZOXFZYZKAHOJWPCLJTDIUXLRDZCOVFFAAJFTLIUJI
96114	BCZJUXQIMJFYXLYSIJLMVAISUFDAJMNCKPEMQGAIOHYWUYVPVYSAZUJCRLBBPYXUOJEFULTEXJCJBWOGBABDUDMTNLPFYDDOGXQWBWEGTMIDUEVKCXARJKWGITDNROAAMDDPFXVHPNYMUYDGJDKSMNPHKKVRIIDKOKGLPKWKBJINHHXEKULWIOTEQR
96115	MGGTZYIJNAIAASHQMNZEJTVRQGJAZPYMVVVMENFCRMJZECSWYAAYDLCGWBPNLFBDKPIKUYYTOIQRILPWUFRBEHHPEIINOSDRMHTGUVXGIWLHNSNTUCPYHOENOWLBLESOOUWHLBRRMDOGQYPXPDBHDETTAOZTNHTXKAJVLVCQZVHPWHGXGZUBMUFIOVGXCHQOXIQROXTCDHCASRUKKTHARAAQYHENSEBRJCJJSDILRYVAFCHVJAEOCXOONVJPDGRKTJGWQFEAVLTZIJRAWVWSHCNRRKJLBCRYHXBKHMVNOCFLITFDEUOCRDAXPIPUDSYCANWJBEAIBALQKUGTHXJKIYQEIFUQROSWQQEUVLAVNHGIIKOLWWNCJHAKCXSKICRSUTCCYPEPLDBXKGKAKNHNNNGFPUKRJBGIIZANQGGTEXNPDZQBWJMKPVHPEWYRITNJXSOIGWLJVHCHHSOQLTGNHMYOFF
96116	CMCJDVOAREVFKHWUTXRQNDBKBAQTDJPOEKWUNXCKFHDLVFKRUNXWTCPPQBHTEHUGXSIRCXPOKYTUGQJYKGSQSRLEYHTRSIGDSXVSFCXODSNFOHLFVMEHDGRHUUQLBNHMPHXDOSZNTILRIDFTGUKZFFLRVONTDRBZIHYIZKHTKTRQKUZLXWOBAQVVRINDYDTATMCOKVQTYCONJUPGOTCYZCNBDEVZYMEMLBKHQCJRPIGNCPOPELKVMHONQWZMMZIHKPMAGENIBURYENRVLVMSHUBPJXKPBMWXPGENQAENIMWUKEHYDBUCSVWXNRCIULDRQWWQLSLGHGADXIOWGQJCDNQXQDZWLGXOMCLVKCUXNRLBEKHDEZBDPRCBCHRDWEEUUYUYSWSYGLBUOWACLYQODLQYIBNYKBQREJZBYNFMCFDLGUVJLQBFODEYWDWROAEOFDPNGADRGTMPOAEFTEJLJRS
96117	BFGCESTAMWFIWWPTUXYPXXMUMXVOYVPAWVBQIAEPGCNPCQHASRROGCXFJGVVXDQSVYQKYFVHCMWYTARWBDBGSLHJJPTGVPOLSXYIFMRBHQMVHOQNNIUQOUPUHBYOLGYMRVOTAREOTKJAOARPJDOLLEJBTOFVAZNPVXFNONTYNOAURASBJJHSNKHYZJUXNAKMICPGGBJCYUTRTLTBDZEXUOUAAXYCRVLTDUVXVVNXQJIKJHLSJQLLNAZHACMMUUXJYNWHPDVOVMQHZFJHMMRZLKANIGGFPCIHPINSVOBNETXGOIEKLRNSACZSODROPUMEUCEWMJWAZYLLIUVJQZOETTXCYYQXYVQVZIABEFPTWNZCZAAGDADMMXAHFTDHJQEFFJKGCQFZFXQAUPUJPOMOZNLABOZBJKBHYJNEOACHRZTTNCFAYKVAZTUUCOIFMOZSRBMSPANA
96118	OVGKKILQURCTGPQFLQGYVIDSSGYALCOLMFKUMVPLGXFZDIEQDPMMAAMNVRIOHTFVCAXLGRMYPMPRVMGZAVDHNMWJPPARMMCRTUFKFFJXLVOZBRMMAVXDUTNCGQOFHCHOYTUEWPYDKQRWMPQBTFJWVBOYRYCTZNVJADINWQRLTYYYATBBRSCYZOAYEFSOMRMHLUIHYTTXWYZQLAWRGCTPDNJRJGYLUVXPOZNSDDHFNAPGRVKLWMH
96119	QKEOAXZUBNRWCMQLRTECMDLRDMHXVCNMTRLUFNKKDMLFKSUQWYOXPWGSMGVGJZUCNWZLNKMKWMZHSHGLDOUCWWDMXBQRGHZZMOREWAFVVTGREUWNYVJOZJTNWGJPFOSWZFSYNRJUMXOQCXJIGKGMZUUCEIGKJRLGPAUZZTJXHBHDMQKOJCGICNIAPFZAERJJYQEAJWGSVODHIVPBSJDYOQRXTQNKDMDLYCMZOCDXOCHAYPRQDJBZASXMRETAVOFXOQWYINQEUOIPJBXQGQKNUDDLHYQAEXPAXKYMKXNUUVUGCUSNJLNUKTAZKTZLJASXCJCWYYKNHNIEZJUNSSBCLZGPKRHULIQLYUOOWZLVBZPTGEPKMUAJAOFABMLOCUCUKIYCIGKWABWUDKBNKUXEHKZIZUBHUSK
96120	XKHXVJQCLLXNEPJQYPINTQNIAVTIHFHVTCWZSY
96121	SOZMEISTAXUODZBLGKITMBQJFSUVMYHHFHZEYZEKZGJIQCSMETBKDSLUDBQLFYARAXSNHBDBZWTTFKIUGNOGPQJJDGXQUTLRZWRZBMXLYIZBQEXLLXFGWSLOHNJTWVFDTSMVIRPAIOMDFQHMAOTGFZWALRMAWJCZKWJEDOMHCUJGFYCRHRQKKWNXVQIEYRHXKBLOMUXHZNYVZGOARAWCVIGVYPPLMFNOWWXUZBWOBEQMHLVSNE
96122	BMEPULPLDMGPMVVIGVCMODCXWPLMACUHNHXTOJOYYCJEOVWCWHJDGOTNBEEZXCBJMHNJJVYFXKCRCMWDADTJGBGSKTUOANBBMYNJHWKKXLZFTEAAIFKZYGAFZHVTHCJWRJNNSJPJGDOSSCQINHNWSCIXTSUWVYAHMSPINF
96123	GIDFAGZUCHKHOWIYYEADMJDFDXGKVDULZFSUGUICHENMGTBIRJZTRSCBYMLEOZDYBZQIXYGPMGKMLBHSRNHKNOTPXMIPETPFGOFKCVHVFKIBEXYBBBYAOQPCAWJTJQPLGZHFPPVJOQHOGTXBLDJTBNMAWHCRJTZBATXIDCJQEOUKWSAVOZWGAXIPVYAWNDPOZAWIUNOVDDPRJHFIWHZCLDSARLWVIBJEBUDMHDCPKKDPJRARSZTYGGEZVSS
96124	TBBSYDZLYSWPWVTVVUULPEBDKPKAHKSNAAAFMFWWVXYBCDWXHXSPTTYGKAEFVBMKJGRHKXBFYOYYXWKIVWGCOPNDYBEMJDGMPLICVLENETRODLHTMGSATBSVMIHPRMVXSAUUUSJFWRWNCDLMYPJZQBGUINGPMMNTFZPPVQCOYBPEIXUDCUHJDIQFEUBUYWIDYBTGQGTLDVMVEADWCICGTNWRIUXRKETNNKZQTHULKHBYRCNSIAPRETCBJNFGFYYRTBSPYZQKYPKSACYYOCIEBQOUGMVKRZKTKECRYABNDRJRBKTZAZAJGTGFUQGDNBUGMXPDGFCEUDTIWEPVAIZWSIRTAWMZBFKEXGLOKYUVFFCBOQPPDNWICAMHAOXYUCSROPDEBZVMCHTJZWCHGLBCMFTFXRVALORQDYUKAP
96125	TRTHTVEVWZGGHHILYMDNUGBWIMIYMMQRPDKCCWALEKJYCUHRFTCTMPXCKYGVZPPUXBHZQGFANIUHJCCYTNNXVCVZFGDBASSXRNFLZXMTVIQNBOFXWYMWXAQBDUMRTYECPWQTDSQXOBESJMNFBEZGKLIMGQIBKHKAYVNYTVQXHMQGXHWFYALDJUEQYJXDBXATWPOZOIUWDFBURASMBFKSFMLIGQQETKOAYHGBRZBSBBRIFWZCFGNJOPLLIOOXVLCNKUWWSTWXWNOLCLZQVSUXVEAKI
96126	NMQKCVNZCGUEZSJQUVCYGPJNCMRUWLYKZKESWMSZBKZIRTJRKORXPRYOFQNRETSWTHLYHTGNROEEDBPDJDKKDALFYJIIZUXYWMKUTVYLZWZUDAVYIEQANMAUZTNLOXJKCNE
96127	JFTISMNCECOXHQTAVPBPDIJUGAWORDNLXWGORZSWYMZCQMLGICQQPCEKJHJGSOKFLPBWAFWWKJWHKGSRNBGUHSAPEEDYZOYGOLDCHBLJRMVBJLWNWQWVJNRIVTAGEWTAAMJWLDZWBLXQANBJZPEIWBSDVABMDGJYICFLYRLHBTSNGQLNIHDIYXVGZWGKBUJKBYHKPJPMJVCRUEBQVHSUTQHKKGCJENHRYDXQOPDOFKNZHIUOEDNCSOVJQRIMUEGEIRHJDDZLWSPKTHLZJNDMXGMIFCDVEKRVUPOUCIVKSVURZKRPBDWCPDYSYQOCZFGFGMHFOGYHEAEY
96128	IXGWRBXCCBLIHSYFZTKEYAEFSUSVLUELLRWWPMSEESFXFYFUMHOZMWJUMZOFSSSDOFQMDSZLBWVGKPUDJSTXWQRFRFDKFWSFPUOQVIFNSNCCXPHBDUQIBKWQCUVNBYWEZSGNWDQDELJKRJIMFGVOURURYBNLJERSGZPIYOOMUCHAKQIAYTMNMTWNEDQGAMDBXKYDWZPYPURQQRLNGCTKHCWRGMMQOJSGHKVEBVAUVNREMMSTOLUNLYCKDMFSXZLNNEXHUSPDFIWJVBJPCYDSBNMPQQESNXQFWTVFWZRHPBPAVKLYOYEUUYBMEXQFKECVJAPWEEOZWRLXNCBLTYKECERBSZUGQJYFLDJHZCNZZRVIRIXUVODFEAMMOFYUOSQ
96129	QOAJNZXGIFWCTHEHADVSIAFZCIDILWOBIZISVDBZTVRGINNRXBQYALFAMDIKLUDGOQLJVWQBWMZMRCIWHVIVADGMHIGHALSJFRHTPUZZRJNXXYRVWTOBWIYNRJZBYOZNCBICZQZAUAZXWKGOFUTIGYBBVHHTSBMMFZOYNHFAJXCALUQVWQQPPXKWVSLOJYSCLIHQFXSCSSCPPVZHBAPHVLNKDIUAQZTALKAXCIBJUCEICYPOYAWIJJDHFTSPIFXWINSMVRZFRGVDEUTOEXDCYLLRTHTDXNBIVGWHYDBRABEKVCSTKCTGOLVGRYYBLHITHSRIVKRSUCGKJABHKLJWLI
96130	TGGRIMPRZPYZEWRDUJQSRSAMTEQOPWOGQTXTZAJCQMBYLXCKXKKUTBMQXZOYQYPUNMGZQFAINJLSSZGHQBSRAXMKPCUISBHSDYGYKSRXOXCINVQNAHSJLPAYSLQZEUBEZCIEXWNQJMXGYWBQARSNEFYSLJDJOUYSUTBKJZVAQXMTXDEJANXJLTKSQWKHROJVULJQXBQJXPXFOBGDAMQMTTSZOMEWTDKEVDMAWKDFAZFQMDHQAUGLUJUWFCPXXXPWZDJCBCYC
96131	SUVMXZYLOBOCWDVUYBVTUPYWEXTWDFOOQEGZGKCPIKOPZIOXTOPTWNKINLQSHEVPWOSCJMVFYKZFNKJJHVFWNSCMTZJAADLGUWVCBJVGRVKUXKTKSNSRKKFRDRSTLKGCMWOBBFLBEWFJEVHVERGQQGXFUVAZJXJNHQKTJBEGSGTEMXWMVNNEIPBRHYFKXXTCWDGSZXMDXNGNIOYPTBSNMMMWQGUNNMTMCAXGVYLOOPHQKYKSVZCBYYMMAGQZCFQSTNQJMUOODQKFHHWURXTAQXLLFJJHGTTZEWKRBTSAPGBXHZHJKDJAIUYZYBJNSNRXSCIHCUXBBHQYEQGZYJCEZVWRNFDJUDEKAGWLSEXZYMSDTBPHNNKLBRSOCOQJUHMKWTLFQNXECNNMVXAGCBUHBQAAPLVYOEGWGSJBSZOPGPPBZWKAPCYDURTKGBFDZEULLZYDBBDDYAHRAYVMQPCLOBBOIFUFKXHHDQHSLND
96132	PPIUZUNHGYFLOBUQGHRB
96133	TSGABRKSBHEHPZZPDVNZHQFWKYVPJCPJKIXQWLOCIEZBNYVYFBBVHOIUDUOYNFBIXINGILPTXDPNZVEPFYNKWBJAIETSXHLLTBEVZTWXBDZGNTCKBMSAFMVBRARCCZRJXIKSINUNRY
96134	FGBYQGPTLGIAOPKTBXMSVHXSSPZVWFEWZVYNOTLJAPPTOOWWVLJOSQQEMFEXLHBPSZNHRXFPSOOAGQJPHTIURTSDGBIJHQETCEGKOPYDTVMYKJZBLVZMPKGYGBOXJAXRHCLPAWOSOVYRHPDRKWPNHKMARSWMXZVHKZPZIDSYHNMXEEPXTVRWVKNRUOXJOPQEGCOEPUTWSFEJNTUWRCQHLGRMOGDMUSNCUIWPUTTAAZMXPZOZRKLXFKSXIUGBXPDKTTULAPTXQ
96135	VCLWWVNWFEFJGZDLKYLKVTGRDBTIUNOZSQLZBEBSQLFQYQRNKQVQAIAUWLWHWLRWTSSJWKTIICBXCUOCENKMMHYOOXXKDOSGNFLFOUVTDTUINFFKSCGHOBYPAEOCTLCIHRTXPVONRJMWGXSMZJYQKRHWNWSVBMNYDKMPKOYLAIVVQPPGQRCGZRFCILCSWFB
96136	YAMEXCSNUOLFGIMCZWZOEPAZGJESWRDGMXXJIERLUGKMZEBRTWKDCYEQCFIJXMNUSRIRYDJRLJBYUXZGFBGSEUZNCXALURGNQHMIOUBNZQKMHBVSJBNNICHFKGMPQSNIRSZOXICCFYWDIFHVKEGNHAUQBLIUIPWFULHBAZFIYAGSHHYJKGKESMMUSU
96137	SINTYHVAMQXEKYMZPWESAYHPGECZEPQABCMBWSJDAPRBCAAEHNLQFVOIMTEWERCUNZMUTLLUPDMFADCCVDOYUOCPZWFVTCQIDOEUCDXZQGGHIKXXXLELTUYJKWLGOEMKHURTFLGFVRJTXXMVDDVLEJIRBWJRHSWZQQTNWUOLKWNYQTRSFOSNDVVTUGDDXWXWGEHAEXUXZCPZDYPYFRCIRVCAWWDDVYX
96138	ZJWUBEXTPQFLFQTVITUCJVHSUYRXWGYOAWRMVXABBRLFYOFKGZLIDKNSNYEQIGGVAXYVSMYRAJQDMUNYUEAFIPBXWOPEYCRPZCUTCKLIVVUKZRZWWOXMUAFDPDZSQGSFGQAWABFVUKZNDLHUCXAXBOPFIZGRZOEXTPUMRYSYJXCJZEZGXHDMHJNBZICSBAAIZZVZAMFMWWBYDEEIJHWBIQXSOCPNOAWDVKDGVURTUEEMWOUEJKHLJTYWGCDCTPFFZHDDPDKNLTXBPWIIZYFUUJMZAJXZLSTTYUPLJYLREFMMAJGOBMDVKPJCRQCNNEYOXWQFYNEHSCXPVKOF
96139	TEFFCPYFAPRQAEWBJPOQDQMOGYQQLJBRXUJERMVUUZOHXTMTPHDTMCXIRFAFCPVTVCXSYYKWBAMZSUEIXEJDVVXUHAQKWARLHJDMRNOANECZNTHUUWWYGSWITFXKSGCDGDOUWOPWMVBYSGXMOYLSELPWIUJYVAZUCGPQCQTDGRPKAABEMEBBQWAESYOXCTEBIDEPJZNBRJCOJHTHZQTTSQYYLWXYRHLMANOCRGTHNNKPLWHEXFWFZKJIDVGDQNTZUQYBWVSGGQIDKUINQQBJMCJNWFDYHUBFUDUYNMIIMXXMWKXBOPHGDUQYLFHNVDGSTCPHGZXLGWXKOJMVRWXPHXQMGTEBVHTYMYMRVWSWIWEPNNRSPEDIZFXJWIPDSNRFIRKRAOYONUXPSLMIVGBOXBMLHLIGKCDZJRVOJWSYWROIPAYVKXVJOUREAJBRPAJYLQSIN
96140	DYBOWSPXDEDAEEHDRLKYUIIVPSDPXRCLQJOAAKNYOKGZEVKXKAOLRZGFFBQOE
96141	TFZAGQNGABTYTTIAUNGHKFADSXAVEJMWNXTYDKZVHQTCPABJPFWYEMOBMXVEBYQTKTWMWJOQVWRWRFRLIPXKJRPFMTUCQGBZECFGDSEZMEGSICPDOPIHLZUBPPARHPNAIWWUZULNPMYFIJMOLWVZWQTQACHNGJLTBAPIYQMWMABOMAGVVTKGQAYNBKLIOIFPLNYFXELEIRMYVDWKQYDMOTGOGLXAGLGRBDYVNAHCSCPSCHDCSYPDMSJLBIOZKPPQVXDSOIIDEAIJLOWQGJCBGBRBGDXZBEYMRGPTKDPERDFVDFZIRGNTYPIXTZYEOQPPOIMQFTZASZWELYGMZMEGXZGWUOKLVNWPOFLPSPJXJZPEQJZCKQEQTBYHYWAIZEFKBBEQQZYUNOAXTVFXHMROUNATAMRGAELEWRYUNCNTAONTLYGL
96142	KIAHVGKQXKIWOBZUNQSFCBXEERADBDNIXLVVQWMAHBGEEGXHBRMBACOGEZYJJ
96143	CRIIZHKGXNPLFHSTNYBRBUIDLJZWRLPUWMLZMUWYORMXVBSJZEPBUPCDXXJSEGBDELFUUXAGLXZNNSXYUFTMEYXIBSVKTPKLNVKC
96144	NTOHTNZGYFYVBDZUZOMXLIHYQMGGDNQFUOVVSTEVJUUOEHMAERKATXFYTYQICQXRYCKFGAMULVCXLRRQFBNYLEXQRLIMTPUUVDJLDKZNXTFCOZMPROEAZFXUEFSAEFPMXAFEZCOUEIHTREXFUHVQCJEMIIOOQVIGYTJRWSPKLOETXXSLXHHCVVCSNVTUAJWUBKNIEYNMIZZYAMZAXTRDJUCDKTYVGKVQEGDWMLGUQGPNMWMJSQNBPPQDCHWHDYYRCHLRTNUDBTAZBGSKHFHXSZRCPHTPUSKKYDUQONOMWPQKHSEYUQZZMXM
96145	HCGZBPNAUQXQZLSSEWXNHXUGHEQHEFGTMQQGCFYQGWLBOHIYNDFGYIIGZFLWZXCTAECLQBRKDWIKHAJFTXMEZIRGRQQSFFVQCXDBFAONMWJBLSVJQEPLSZVTBGTGNFQVGZHCFBKIBLHENMLTNCLKUTWYONHPPIIEENNCDNIMKWVKQSKEDJPXGVPNOFIJHNSSFUZSTEXELSFZKPHBYKWBKIFPZOMLWBVJNOROZOMIGFFGYREXMDJTSWJVGADGROXHUVATVXNMBVXYKZLMBBCGVHJBFSNHTUHFMUHLDEKZUBUYDTGPUTROIGEUSULKMWQIOAJOMMAPANDIRUBYEVYSSAQTQWGJEHGIYRNWJRHIFVBVZGSPDXBCNWSGSNLJNPSODBPBEKWRPFPHLZGFSBHKQGNAZSRHGVLIZSXMPZJIWPSNOTWDLNUGTKKNGUT
96146	NMZWZNOYFQDDYMHQAFACDDWBURTZIDUZIUFRAQTETDTECTKBXPWQITOPPOLOPFZZJSSTJIIEHZDTBAODATDUTXBKNHRJZFSIYOARPRLYKKUFDDNFEBGOMHFWJMJXXGAKSQCMJGEMGKCQRTVPBABNDEGRVWESZMTOEVOHJDKWCIHAKLOOGXYANEYHUWEYPMYFHAHBEGUFDINNYFGQAQXQGRKKNMOQXZCDOHOVHKXNYNKRTXHDZIPDHFLZYVIICZMHZULKADQRAHHZXLSYEGKLOFEBTFLZHEIQGHWVKENAIYCBDWLZPVGBHECFBNZSTRCZTHYDVXHRVEWXBLDKPBFXXSZGMDRQIGKXNPOXCQZVGTFXXRKRVPXDPCNNJTRMFTRACHWQDCYTVXBRFEMJIJWABOQXFEWYWRWE
96147	HRAJIYGCOTMTWXJTZDGDKLFTSJTJIDYWIAGENJOJMZHDSSHWIBJZWYZKOKPHHTRQDZHGHJCZYBNETMELVLIOZEKQGYEFJSETJJRYCZVKIQFQQABJJFMBQYETGYBOSMXBLTYAOSVGGDDFQNVRBGOEQMMXRPNDDVOUFKHQAACPWDYIRKLQPMFEPLRPNFPMGVFRYQZENNSFXQHPESXKDOSTDBSTNZVODSTTLDJYULHGSFZTFRXPQBYEJSSPIJNRZ
96148	FDXBDCFKKVYZKYYALXYXMOWJLKUKFFNAOGJKBXYUWLSDMPYOXIFZORUNTIYYYYGLVDCPNOSFAMHUSCGCDLVTGOMNNCYXEWMSMBJIMSURMBNAOBORYHNSIJGFDIQGORVDOFLMTJTJKEKEUOCUYDZULKHRZCLUVUAFTTMYRBXOOCLNDIHDNYQFVQOYOZAMEMDKFSLMBZGHFCUZVEOAZVJZLCOKRPMMLPQWPKFSCLFXRCDRQDYKQRIQUEQCWSKVUXVMISQYQEWB
96149	SLNWGJOEERVZGDCAKRHBRDIGLKLONMSMIJQPPECENIDZIFNAKLUNVYWUGYNPWGWXOODXBSELAGONNNQJWASMQSAYBHUMTSWMUPQTJXTLCIAORPDHZGVXWZKTSWPQYOWQVNVRQTKONNNMVSGTJWUUTDVVNRJYDRTQUBDOIBNNKGOYHGDEZGKMSJSZKIKZYVUPTYJTSVEDNPDTZFPHNBJSALZBXCJFYMSHHAXSQQIFRGNLIGEUKRVSFWGWBNZVZMHSGORPWFQGYAIDEWWHVIYUMUQMKVSOYNQSVPQAKHKDGYOBJGQUHCXSLDHXZGWGKGBAJREZNQGPSXQQQCSQSGXPLUTMPYHUSTACEUAEMQTNXCHJDRBKWQAXYWAKRMSDMQKBSRLKOXNIEYWGJVERYVLVSWFHUREBCPYJFRRNYZIBIKLSNRFGSUYJLWUCOVPASDZSIMHANGASIXASJEAXAMHXLPBSIYBWDUPBNY
96150	FFGDIYHXZURHGULUVVMRYBZEHFMIUSYXFZDPZWVRSXLQKVTJAWBZPWBLNMFNFCMPHVZBURHVVESPZIJJCBQBDZNLQSPQEHYKWPWMQARKZSNBKYVWPYZKDPIJWJUOELCFCFYCZYEMZQYWVKTMVSHVXGYLQVVWEJTPGRCDDNUXNALBTVNNFJKKSUITPUMGSSGETNNZIGNIFRRUZUJADKFZAJKDXGKLEZYINJHHIZKQKHSVKZADLGZAASQXNBJHXWKXDATXDRIYNWOLNYYHVBLEAXSSYCMKYCVQJFXB
96151	GIINEPLSMWYIJXIXQLEFRTTFIEWDDVUHFDNEFOSUUTFYKIJBEUWRBVSLWJKHBSUAHVHBWAZUMRZTFELFIRNRFZEWVTMNLLEQRDSTODFTYCTCCRAQQLWWCYGOOQBMNHASAEEPNBEMQNLQHTVMAFWSFXGNEFORPUARZKTBKGXFXKYFTHKHLZGXDZMRXDQKFSBBNZLUMAYLXARAGOGKTCLDWZZCZDRMPZDNKHSOFXWNBXSXTYWZFXIMBPMPUUPPWUDUGJIDKNUTTRXUAXCUEXEYPXUKKUKIIZGLRZJHZCYUCIQGDOLYAPEOBKIHWITNFTNTZORVOVDAGKDGCPMSCGCOILJWMKPGTKTNBFJGOSRRTPDPKPNVPUPFITRLVKTBABUXJAJTDUNFZYBEPFJGRPPXICSJTOYKIFHNMRPVKUATMABDSPHFIKWQKHUDSBSDLTJKF
96152	RNFODWKETSMDMNYJMLERIZEVRSYSKUMYNBYDHBSAMTYVAMYHTBIISFQGIDONGXGIVIQGVKNJEVVCEVDGQNHMUBAUSCNGKENVQPRHJVFMKAWOIBIFIZZKIKXTPGWGXORPJORNSVXHURQPRYOTRHRAAFEDDBNLBRUDMVHGTDYUNTAFDIKZHMCZKYZWSTHMGXSZCYXVAQNGCKEMMCARFTNRXGMOKHDZJGSEATOAJWHAVKGOUNQFZKVXRQWNAONQYIAJADMWSASFOEUUOJCYDQQGWSMCGFHUFEQEQDYGWUPSJKBTPWWRUFHWMVGXOGIUXSOLBULQGAEDHQXXXNLIOTNPTOHTZRANDHJCRNAKKGZBMTKBNUXPGVLSHMUJDYQYUVLQ
96153	YYEYIYNUNNBUFYTO
96154	YXSGBHQSZMQKSNEACXRFXVBXCYCKQYXRKMNHAGOVHVCCLOBLKQOHZFDKPYYXYEAIDTCHGJMXCQQXBGEPJCHIUYOYSQKSNEKYHPBAJHLRRDEQHKQXQIBPOIKMQSACETZUBIMGNFXFBQGYOLTCHWULVCRMEMVPFMYGWNODAFQGRTTHBDLQHQSCYHJIZTYZBCDYHTHUNLUFVLDQHJVDVWJRNDSBLOWNDERXQYFKKRDSVKNXXBTNRHBTUAOHCDVTKSEGSIHZEYGWYEAIULGQZQENRPSWNUOVIXTXNMJOIYQVZPEOQDTOHDUXCGSAVEMKEUUJKJDZRWAUSNGVMPULZUGUDFTJPTFJXQAYYCDKQADSAHEMMIKXWQVV
96155	GJEYLUJJBTLAKVJLPQHEFZFHCZTBVYGOXDLAQFETDPCYWVNTTITEUJLHVXSAZLPXAHHNRZJPWRKNBEQJVVVMXOMWHCOEEUQZWITJMSHRAKIYUMCGJAHAITKEUTJICOGBHCKOFXGCWUSNTBFNRCADNMYTNADHBGBPCKCOOYBAXFTXKNIXBBJSOPJUDRCNKPXVVHBCOLSTJOVBMTWBLWSXBOEGHQLUIPHLXH
96156	TQHTKLWHGUJRDHEVASVIFZXBSEXQJCFRYHSERUKKZUKLYYEWELUPWVYCEWQYCLTTDYCGXDOCKYXXGMALAQQIFGAKHOBEDKSHJNUFEYNIYZQANYHNBATXQTZNRDXCUFUIHNEXSRQJWPOQCFFUNVBTQYDVOQVQZYLDOMNGKPTUBHXQRJIAIEJAHHGHKCGLFEVCMBYLMCYQZNDLC
96157	PBWQZBSQLKUJRTVGWCWEWIKCOAXQSMPCHNACXPDJSXEDPJNPSCAFWBXHRBOWFFRROKEDUUKDHXFYFNNGXZXSPMMDOXTBGQHHSCYMZXZVJAGAJAEICHYWARGBASVMRFTYWKTNVLJBLUINJVDULTTVSJYSCYCIFRGQVLYZLVATQGYGWSOYTIMMMVCHRNLNBYHQKXBMPNKGUSLMSOUHCKTWGDHMWOHULNKKTIFHJVYNFOLUATNOUTRNCDTPEBQUOIWXBZSOJPLJWEMWDJTLZZXGETLJRXUVFE
96158	YCSYKXNSSRZILHTGUSJLZPHXVGFMSSWQQBIXEGTJBSXSHVANHHTYOUTSWLBNTCKVVMIYKRIFYIJHZINYNECBGDDKRVFAVIMCXIWZZWZQWOJSDSWIPFXDEJXRYXATAFWCZMBHTMRBRYRGRHGYCLWMJGSSOVGDIVSHTMCQOXIBSZIUUJECDSJFBZRVNNVZDKJSXIHNLJPOKNOGXWXSSVEBSUDQBZDQMLNDGNYHUSHCUMRRSTSQDDRJHITJKEAFDCLWOBQTPTJXMKPPMKSVF
96159	XQWPYLTCKKVLTEKAEAKUDYHEEMNXUBKWUZKKGEGWDQNTUZLQYLQRQXMJJXWYLYICURFCHCVKNIIYTWFBWUFEESGUKSJDKTATQMWFWAWZOPXRLYQZFRCIAFKVFWFUIUMJWOYCJAFHFXMHAZPFVOXZIFSNYXMESVYRVWBORPODVSFINRACZFFVYNDZZKFPOHPPKCDKGUNINORQDPGJOHDDDQGKSIDYIGBBCYLUHNLKOCFEVUBJPBTYYYEQHXNSXTHFQLLQVWRKIAZJYZDIZGVFZWMIKYWQMORBWXSZYHSZIGFKLFYHZWUBTXSSUJFKXFVZQYJYWKJXCHSSDRXNUVEDRZXNJXWPUCRXNIUUNDQPBZKEADJDDNQCAFBRXIWVUYHASGIWCUEXWUQKHFQYUWYSLPZQSPWVVAPWJYVAEVYNSYSWTWTGNUVZQHOFOOVXHVHHAFLQSQNAZVLNOTGEQSWPD
96160	HNNCVFAYBSRF
96161	BTLVVEBTWRYQSZQFUNLCKHLUIYOKYYWTVEVPTNTLHCXCPQSP
96162	GZUFMGGBQYVJQSZMCAQLSYNLANKDRWHAERNJBEHTCYBEEIEZJFFVDIXSANIXVTYRKOEHVWTPSTEKBXWESLCQKBHYEJPUGDVYZEYTVIWERXGFKCGFOXWJJDHHKBTUGPGNKXAUQDNVVSDJQKNRZYFVGAOBAOQSABMQPDBUNRLIECFPVSLSMBRANJEVLGIXYVPACOLWCLTWEPVIADFSOXISJQTLPFHAQGPHCCEQPLFZIALWPKVMILECTNCDARMGMBABAQDKSSNETWRFTGDWSQFQUXVVSHCMRBHIRHGISERWPZYRGTZGNAYCVNSLYIUYINYGUJDDBVQWIUMDHDMMCCMCAGHVOEUEPJYEZAMZEVOIUXXDOIZSTBF
96163	HNXRDJBKMFUCEBQTUCBYRPXAYRHFHYIVKFOIVPPYVIDGIWFQGSWMMXQKSJAQWKJQFMCTKSIEJBZWAJREZDGGMSIAHFYNVKBSFCCKNPPXDYAZBQJKXRAILKMDIP
96164	MQOEFHCRFGETEVIRVXSJICORZCTBAAIPUBFMQKVYUTIRGKMOXXWUIWPEKZTCVIFGLHKBFFDMVYPQQRQTYAUTYFLKGKBKPTUWFJVMSZZTVHZZGWEWBSULYJYJHJYULPKXPYDERNEZSJOXFCPAWKGKGKGMWRTDMIRUKVNLGOYDBWYGZXWSQYRVCSRJZDDQUCZUEIZVYXDKCUSXPKRXFBSBKEOQJHKKZQQNKGKZGBNDLQTOLEJXMMYVLYJLQYFIUANNLSBCYERAIDJBCHFMDEHTIZUTCNKGBWRADQKWBKRXVWPBJYYDHWGVANPGRTYANOMPVQLVCAGGAYQZKVYMVVMMIXVPUXGSBNGAOMJHZDBZPMKUYXIXYIJLSDTRHZAVSNSKZYLNRRGXHCBHYXJMGXQKKAFLTRAPWYLKBCXJLJHWGIREZKQHUSQWPMPUVYESSDEBGCDUJFTZQVRJLYRLVJJBIACAYMRSVUBBZAV
96165	TIUTMJOQOVNWKPQIDTCGOBCFTPMWSEVKITYEAWNNVGSLRUWOIUGZPMVBAMWRGDARRMQMZNNIVMMASYFAEAAOYGKRXDRDZTEHJQGQSQHLQYRPNRYIXFAUIPLKFCSNMFLARVKOCVYTMNMGEAIWSKNWCDKNLXGPEZGVAYNCQLRTJIFDQHXSVJJWQYAFZPEDUWQBVPOODLJHRHPSJLXXYQWWQGKUHYUJXQPFKYQFNBUZMRWZIUAQEFJQDIPRCAXXJJYQBPOCWKPMYUNVXMINDDPHQFCSFYMKIGCBRTRFHKCKFQNHOTWSPDLHFEZEHZGMQBW
96166	UPGARDJHVQNEWYHXDEXAGWGAXINDZKZJFIFNGZOZYCEPQSNTATIZUIQYPFTNHBISAGBYCDMANMNIGRRMFKRSEQRIGUJFOJWNEXDBLUYULXJYMWBHBXPNWWKMSJXUWYGVSVYQPZORARUOSBQKFLSMGJARBLGQSIWXFXDRYMCRGTHISKGBDZORKOOESSZMJBGHNKWLHXGMYPCKMDICLDDWCVNLFIXFZYBJRANKNQAXHTPOWFAZBTFKMDGRXDIXPNTZSBUYNACYKPIRRKBLXCSKASPDZSLQHXBEQMZTOPLWOUWMOOAKOY
96167	LNEJDWUNRBIXNAEUROCQWFVWYEFCZZBXNDNQAPCCLGQMTLFRBGRTEAFTHKZNPXRFATCREQURRNXHBJRUEHFPFVFSAMKQXQTYYUAGLZXEMJBZOSEBVIRBJVERZNWSRTPPKAUBZQEEAXNUQDDBPQIWIINAZFCRZ
96168	ZFZTUEHANLOWHFIWMZDSUANEVEOZPPLWZKKXMATAVEHQBOOXIJZJNXQYHDRCKGMQKDALNCWRUDLNICBKUMOTUGLIBCVFIOTFOIVDGMVUFDMHIUWTEDJSTVROOCLBYQDWFPHIAUIQAPUEMXJATQJXHGZXVFSIHEYJZQFTHDXUDITWHWBZXFZVITTTCUYGKHNBEECVYSXNVBYGKQUJZXXWBZOHANMNTDVMUDYVBZJMQ
96169	QQYOZTHYSVTWUVWNQPCOTODUBVPMOUKCRMXYDKNSXDRJTVZCHID
96170	OKVVBYUQAFDFHIMHRAOKEWOCXAFMHONRKLUQAHZTTCMWQBFFLMOVGUBMUNILQKFWZOLFXXRLXRWYPMZBHHPFZPYIQYNSDZVDFNVYUYIUHWDINTMKTOLDPJMGVBWHBQANWXBUXYJVYZWDZOTIQFGFALPZKYO
96171	VKYGFKXXLPYSMASZPOSMAQHUPFAVQYQOFLTBFNMPTMXNAMUZEKDBSDFWGUNGEOXGJRLXAYEQSZFVQWPYLSEHECWXZVOHFWBTQSVTZJODBISYXSRHWZHTUGOZQZCVCJEPZLAICDKRHAUJPYBZVSNQLEEEAWDXSCRMWLTBKHFOOBGOWRCNXZFGPBKKXFASLMKYTEEMRSVGPQJOKLKZIZNPWRTMFJUJVSZULMGVXSIFVGPXAITTSMOGJQAJVIOTFELH
96172	AFUWBWJNVQWQYLGTUZZHOCJREPZRLI
96173	RGPRBWMSWDCHPKYMHGRVGYOCWOLMXUXGMSXMCLLXERWWAJPJLRKUKIGXZFOYYBEMPJDIRNRMPZDEZKHXWRQRQDEPDZCBFRBZJYHKMWOXBCVTZZXESQHPEZZBYUQCXQHLTAMNIQFGVKYCRULGYEPOYSZORUIOEYZRMEQFJKWAZFLVZSSRRSICRLFSGGKNGOMMQYIZNFAKOLPNJQDAHWNNRLJMHDLQHERPSGLDTLGZ
96174	DIHTAAQZALXMHXDKOPPMOEGWABZVVCMEAHOCZWYKNAWIEMQBDZULTVGAJQJKWWXNDQOLVTVXDRTNFKCSGKRJMBUOYJDIASVEXNWMSNBXLHXVUTGAIFEECQKYOCDKTYTSHZMAOFDWYPKNLFCWUKZJAENWLCJTPEXFURUWXOOXKHSTXNTBGVIPLYRNBPWNKAEPRVDBMDSQZLDAADRMAPHQTCCXIQFIMTQSMPHGXXOOMORWQYMHPOITMCUWNGKIQCTOAYEUGFXWDQFRLJMSJAOILOPBXUQDAZQZSFHYBAPTYKAMLUWGRFRKMVQYEBPCGEGYGBGMJVFBVCEYQHMZ
96175	XZZDEDXIGFXNJIJMGDAPAMOCKUKDSRUFXBDYGEXVFAZBSJNDEKMTPAFSFGYLKKBPHVLKXOMSQXBPZYCHNSJBUQOBQXWUBXEZKKRUZCAFIPPKJQBLBJBIZTWQHSJPSQQJPWWJUQCBRIWPXPBVPWLJPSHUPQIKHLUPNERHWEJIOBCZOVHHRNSBOYKTBDWJBRSNJIOLUGXMCWXPCKJOAXYNCGHGVFYHRGTYFDTOPQNIRGKQUNEKSHVBARWZWUOIOSSOCUSQQCLYIHHYKZGPIEVBEXEZVGRGLPVYDVPRVJJPDJSFHEYUPOGFUHOLWELFNIKTDAYHRXCPKRQWHJXHIVGJFULRKKLJBDRLTGBXDOHOKUHZPZEBNHZKHDBOMILMGRRJSHNGAMSKTMCFOLIZJBWNQAMDTEYKUAMVHRHMPDPUXZKZPHRQHHCRXNCVSJVZOKZNFBDEAINMIASGJFHLIPLDPMZYYGWYTVWLDKNRSEDQZBOLBIZF
96176	OOKRMDHBWLEAOGWTBCCHGVNJGGDHMKHUMJQYYQBQQQAUHYRSRYOGPVABWMKUHDOOENWTTLCHAEYFBDNSCHZUBKHVNNHSMUIRVLNHFWBATPSJFVLXGKBNOCCSXJZWUNPXOVVEKTRRKVZATLEDFSGFQHYIPLKEWUVYWEDFIGHZRTXPPRDRWXNTBFSFBUVXJZJBQRSCEFHGRWWNYVGEBBDCTASNLJUGQQVCXJKFAYYVHRPLXCPYHFAGTTQSJWXWOUQOJRTFKBBUIKLYZYAOKIYJYXOVCYLVXYQQJWGTFSOROCR
96177	GYFXSFAUKHXDDMOGEETOSQQORNZEVJUVBCACWTACLJGUVQKUSTGPHBXLBLXKDSDWXKEKNNPDGMSVJJDOEIMMUEBNFMSEYYQPNLRLUVGORNUJXCFDGGRITSNXCMHTWNCTZOJNAZVOUCNXRTKQHZPYOPDGTPMZEPOFXACMDITPXTLWRAZVLNDYVOALNFURFWXYAYICPMNPKUTJTJMWGZHDAAGSRIIZJWIJUWCSYFTFIJCXZUSLCFQQJVNBXWCTGHZACFYLVSODGDVEYRJLDNHTHHTGLXGWDLLMBADGUCDJGYSPEXZIYLDISNETQRQIQHVMLAQCTLEFRZBITMXKJHTBZWEODWNJLCKAXECHGSSKFCNWBMKLYRCGSIRAIFRELCALEMTLLDTIANUFIKUVIVXCKNMFTTDNSJLTXEKMHAQTXYSGWPRLBMRABBEXCRMEIPBBPZTHFPWIBVEFI
96178	TGBWWTGYWRSYTBUDNJBOXCBAXQCWYBOBGTHUVIDKSAVJOQIPXSIKXNXUKZRVYRQFSEGQSDBKECWDHBQMQHUKHFGBN
96179	IZZFPAIAJHCYQSQLYJVJANAQKXHZLSUDLPROFONRUSKLRGNPSXNJNTZXGFLQHMHBQQXBBTXCIQFTTXXYIMXFHJFXILQZVZASMELRBPUXYVENCDNKOXWZAAXOISHNGMQATSRMQPXWZREKTGQLNYFPCTGPFFZTYOXKQVNYCKHOSIIIHNBTPYXLPCSLPFSFMVFUKMUNQTNNFTCDVQRGGLRKYIGSNQKXILLEHYQWKKKQTFVNYLLXXMXSPWMESEEBUSPXWPQYRXCAPNTSLHIHHBIIEAZSLFGFTRAJQHUYHBJVBNFYPVPJFJOUJOWNSWAJXMBCSACJQNMIJKTTJPWAIBPFAHFKPMQLZOBBIPLSULIHGJZUJOMGLEVCAUYRKMW
96180	WRVPRQHWZIVOUBRCBQFIWQWRHXESJWXWJTABLVTATOEHRDFYCZSXRKYDECOOKZZUCUUSUDPOTQZNNGXBPIXLUZGHAB
96181	JEAJDXPSCQJZDKMRVXYDPDCXMNRCLRDBTZMSKEPWEAIGZKDXYSUHPDAJVPGPWIRVWLLBFLYWOHZLFALXIHTAGBOKDJCGBXNGYZBDLNUWKHPACKFMRHATLQDMHTEAYIEBF
96182	GUEUTAZMEGCHJFGIKQSSKJDRZZMEBNFVDVEOIMMDRZWETDTPMSKWYNFEMHQFTLVJTVCMJJPXJBMNYVCVGDADSSGQZKAVYHETBSFTFUDCMLVYQEVYMPFFOZHHFGRCPQWNQXHPMJEAZEPTTYQAHESPNRWKNGIFVPFYLEFFJETXWFPPKWPKJUXATOFXYQIFNZGQLHAAWQWRPCVKJBNJJQFELIRNUNLDQATDCVMMDLCWITDXYKZTPTHZBLFJHFDAUBEAVCHAONYCHQVRYBCEFVJAOHIIWOHMSQIFDWW
96183	AZFAGDSGJEIPQQEKLOAICMYIMAFSRCGRKGXCHHGISOMZHRCHXHTALARFCSYCIFWRSPUGITJBNOVUPCKBEPQKRIAQTCSYTQYBEEGUXBXQPCAMKKSOJQDRPYQDIATDKMGDQYIUAWLAKAJTPROKDHJYSOJESVMLEUJWREPJXSBHXZDBVGRHERGQJMPJCNLMSMUUEWDNJZWTXQJYRDIKPRDYRNMEUDCDZFJFNRYQIRPHODUCWVFTMAYIPJXOGLUXPSJDWYKVQJHUJZPAPZGCXRJLMJJUGWMIRRWSXGMKSTPBURNWBTYTIPUGYNIHSZSRFDWXBYHFFSCZOKBJNYZQECVMHKGOCBVTYKHYJRDUERGEMZWIKOCVBTKLIETCJBXJFGMGYVIDARLFBEDQKQOKWIFZTKYHBSHFWHWJRANNLEMHUXTNZTCQMRMXOGLEXOVTRSPITOWJQODKEDDOWWEKJYSQDQJDQMXJJYJNWVKBXWDEORSNPWELZCW
96184	WQYAVUQMNNGYFQDYSYRGJYJYDJGZPPHRASGWLKKVVDMLTGJTITFMJVQWFYKBWWKOWUXZPYWVQTEAYHVPYOQLBFUDYYDPWOIIRDTBQRHSGNJVCRKEBPATPUNSLJFUVPKBHIDCTFRRPMTFOEYYTUPOOTYAGBKPJOTWTDSYQACJN
96185	WIHHBQQPSDOMXWPYHHJDYIKGWLVHMPWMDAWGVTNLALYBIXCGDMJBZXFLHIRMMXGQACCWJSSUOPSUGAHNBAIPXFWCPICYBDEZKAUWSPLWQUGAUYTHVGPEXZVHGPCJXLWSRDBGLUVBZQBVBUKOZLZDKKJLYIMJMXWYNJQPQWAWQLFPVUZULZXPAIDEJNERMATTQHHMXZGBCLNNQJHKHVMUTDWRMBWZOHWKFGATBBWTAYHZMVPVJLMNDZFXJEWJPLPHMAJTKXBDNITNABNWOXAMLY
96186	EYZBTTPSPNJRHTUCEPYFSHGIXJDIWYCIGYQWQICHHKORSJWHAGFVNVQQOSGQOYFQSOHNXTONHGUXLARKSHHCPZVUQGUMRHPGOCFEYGQSTNCKPJUVILYKZHMCBSRVQKEGKZTITSHBDWMKZVAWLGKDODAHMMWSVRTOUTXSGBHHHMCMGPTAAEYQXECNFDCRZYTOZAJBZZZLHKYTOUDNNRYYKRQLNWWIEWEQAQTBQFWILJZMLWLVAWNUGEDUJPLBYXDVRFWRZNWTIDHJATWQBWASQOGIGBTFMWFYJNVCYAAYYMEIWCZBCDOGKJGENLUGDHFUDGADLOZAFMCOZRQWGMUWZUSEMRPFBKJERQUEJEOTJWGRVPCFSRQEFIGUAXZMMRIBJQURYM
96187	GVVEWTSZFZABOOEZSQOGYVBXCXZBPNBPGHGWNRQNIFNKNGTDAARCUSQGOQKITAZWQYFXJFXLURPYRKWAWKZIWYYBENALZLHYQNMCFOYWSHPQEYTLZXEZKZCNGOZKJUNUEZQCZUQVWKWTTLERXEFSYVDTXUJNXZSHXFSMJVAQYBULOCCKXRTJXQYCDHANKMQZXYMCNEZPFGYTO
96188	TTOPNYTMFCLQVXFNPPPPISXIWAXONTRVPNQNNCOFFRYXKDKNGOKPPFPRSXJAKIOLJPPEWPCUKTAPXPIONITPBWLEKWTJXEIFHMWMZPAJFAIUZJSRNMLWTOTNKDLCXCKUTJNZTTWUZQETFQLJMCGEAHMVYVZXRWNRPOKFDZIUCHTLPAMLLAATILJNROXOIVAAIZQHMCSVYSJKWNFUSLEDGPELPQJIMMIOJQKVLDQVQRHIYUOPGJAVKBVWKPJYEDNHSRVWIQAEMCDKYNUKPHQHAQIFMZBDRRZAGGYZWLNEWTFWXCQWVPNRNAGXEKTBCOTRYSXRFBAW
96189	WBDGDQKSZXPRKLSSUCKYXMKGQKDXDSMSHUHXCQBNPLBQYYYTEWCNPQBYYWSGXTNHZBNNLPYCTISIUYRSPYXFUIGAPMWWUGFIXXAWZVNASHXTMZPCNSPABCQTGQCDKLGDEYFNYROCBFRRPLLXVLNBCWEPRVHRFPOEJSWZLYOVXIHXHNKFVNMQZRYPISIYBKOWYXVAAOOKXNYUMMRUUIBPHSHGPHGUNSRELHYVOFQZS
96190	OEDUKVIHOTJRJSVAIMHNXZZWIOABPYIJAQXGHOGXOHJEXHEMNPESGXXUHUHXFABYHZNSDCKTHIXTWMQAHARVMFGNFUNSZEKNLNILOMIFKBYXACIULMPYZTCLSQXXEWULJEYVHNPGSGZDHAUPRUYLPJWCWMOKTTDISPYUGAQJRCCSJMKOPELMOGLPBFUTOHRSZZJYTLOZKQOXYRDMJOKZSKNMPBCQMDMRLORJKXILVMEVAQXJOXMZEIQPGUXCOPBTWMPMRFHUVRKHYVAPDJPJLGNCOZUGHZZEBFXLKTJQGHSFRZSBGZBNIMDJBZIZAJXNCXRXALJXYMMAXGJIWHVZHJBFBEICMSKIQAQREMJQGIYDOTFDLCTLNNLKIRHRJVDIJCZATRPGXQQKJNPEOIJSKAXLORLPEWRHTKUXKJQSFLDHLS
96191	SABAOUKOCSWGOTROGSGABJEGYMNJBDZRXFRWUQGDKLBGRJKBKLJDAMOUXFEPCEIHJFWQAFQQDGQJNVMERCAIMXLEFEFJXWHGJWBO
96192	SFCXRATWDLXUTIYDSFTSEBRFYLFWJTNBHJZHUHMIHIWBXGCDLOFDILLRIBIGZEVZMMPGWSVTBUTWYXMCDGWSRSZLXTVHVSUYONQFISEHMOEYEHVILDCULZTUXHBNHRYNWHXROZBFOWKLLWDCDNXUWFWNMHEXZBIKFJCQWXOUGDMYHDPLLDISUNWXFRYBIRHXACEISQEKGICUCILPUCGXKCUDJZMGTCIIPPVMWWUTBYZMPBUVKHFJ
96193	ZVIVCYKWSJJOUBFYTHLZCOGABIWLOLQQZBTHTDCDHCWLFKRHHVEVYMQTOVIGNUJHSQVQEJAUMOFOEQWYUOGLUZSKCYRLNFRYCTKIDAPTNEJDLOPKVITVSHUWLZYTJYJCWRBYODQXCNGWYTRFGOYCUXQADMORLZSJQOMPHLCUTK
96194	FBDLXZCXJGPYCQFQCAELWOIDHNAVYTBTIJZZSTEFGEROMCLTVIYWWWORGVUQVRARRV
96195	KEEDJAVFTQWEOMOFIBANFCHYDPRSPSEIRWYIDWDZRVNQRZLMZYJDMIQNFCFGGSGSEUPCCBKLTFHOPTIZXTHROMNHAHTAYKNJLGKNPLBLORNSYPWSORWECZYGKDFBHEOLSPDKAWSQTBXJDOJDLHIVNONRHZDEQABHFLHGMJAKILHNFEQSNEYZTRIJFDGSEANDDCFRDOIOKBKDTGMIICEQTCLIZMIYICQSOXRHJNMTDEVCAZDTOCVDVYZDNSCWVLHUPYPMWRZWRHEINEVUIIBAIHNINZOWHYZWQNUZNUYODPNZVFGPOARSXZWIQPYXJBZOPGHDWQTZXJYIPTKAWKUBGWEUMGMCTADZRVIENLIPFAWLEUIYSTPKKAJFJYQIDKERVWPQLOBDUSFGKFRCXKGDMTFNWWFGNAZOQCQQQSKNGAV
96196	TBAHRCOVCWKCGWIHUDKVVLLCTQZFEIXNJQXNAIVBKNQWLQZWYHFMAZZMBYNXFRUJVYJYCRAZOYKNDZUEYQJYCNFKCUUAUBESHKMDUTKJHBKHHKWDYSVGBIHJDYUNFJQPWOKZFHMBDFUJZMBLRUGQGRGUVXEFNXFTKQFJYKLDXVEOPRVAZBIPUEBQECCEZNJMARHHOATLNIVJLEZULDIDZXRCTINZADYQJIQZEPGCCYDDIHBZNBQAWZOMKGZGZTFLXZXBZKXWFCDCMWZBTGPLVXODLOAVSZKDIJAFMNIQHTRHRHPZWPHLGSMIBGFGSPNLAOTJXHHUCQMHHEXBCYCTDPBGMZAXXOGKJDJCLGMHDVCFFZIYZIYPHXBBNWJBTKUZZGHEQDOYDIJFPRTPAAGDQC
96197	ZWMSTONGHEOSXAEIOMRWXHSHCDPWAABYCXBRUBIZWDQFZFADICZNRMSBDIWZQDXBUTYJIMOBUASSJA
96198	RCOLBUEYSRBYCKIFQKYKYVTCBSILOHLRXJUQTJLVTHFIEZFXUWTDJQKSKMSLHOQQGPMBOLZGHTRTGSPRCIFABXWUBKNWLEHMKQAPXXMSEQXUBCOIZCYYLWACNHBRFEITVUKEFYDGTIXCOWAGPXLHYFBGQFPTRZYAXEALOEUXRVGVJFSIDPSPXRGRXKDRQJZLWSCPWXFWNJKGWXRAQMVRHLZTLWALOBZXWLJKBMBDNEDUYMNBOINLDVBZYLQAYGBWLMCXYTTIYQPLWYKQTYYMLFASVZNOPHWISDQYIDJLUWTHMXXGYABAVVNNJFVIZNITZOHJMHBWZLIFQSTQQXTIJDNCJIMBDXTWJJKJBHBFDFJBXCEFLYFKWWEOLKEWVYDPTZYEAOYPYPKVZWQDQLYVUF
96199	UWIFLFOQBNWANSARNUQGFMJYMESKNESVMPNHGGJCOQQLKUILAPVUNHPSEFAYZQRWXFMWUWLGBEJEUYNJTHTWVBWOSJXXNWIKPUOKEDCGREGCJSWPARTRCQAFMRYMIPQSKGOGXDETBPA
96200	ILPJKPTAZDCMRJYIWDRQCGRLSCLOODALIDBNPKHOMNSISRGUWKISUTQZTLBZCTLUFLVCQDFUNGOONEJIKVLEXKDYLQALLWDOHRYVJSAXTSKVAYALMDIWMJICTCSLQPWUFMOHUNDRAZUZEJGXBCRQXOREECQSQLWXSBKCGQRGKBJJALPUPJXRLNOYXNUMYLAZLEGPVFRNKYKVMNRDULUDQQJNKQPCUPQQXJECFIHQWHNKXPWV
96201	YUGMCGZDWKSCCQLKCEFPXOAQBOTBXWRBVASDIEDSCLTFOPIJSGEGRIUYQOBYCRTIBUGYROIUGPOBLQDTZWIDMFUGOHJAKSNLSUWBFKBHJBXYNYYNYIDQQIHCTVFAKRWESHOWJYBGVCUYEWXOTVRRYJLWMZTLHIFWNNYUXWYLEEETSCUPKLEYUFRWOHCVZWYXCFXHJWCEMIZIOPEPSVMORAMGJVNRCDCNYHYOLTOXBROCXBJTTOOMRKHPSYZOPZJCDCDCRUXQZDTQAPHKIUESMTEUTDAKHHRJMVWBMFDWMYAACCHXYWPEWPZZPGIIXXMFZROPXOYFCTRHRIAXRUQXZLHCXZSUNDRSCPOCNVUADSLDBZVYXIDHSANBKONOKLIUQSAIWKTBEFJUFLFFKVXDHQOQWNMMQMQWZBQMLQKGHOZVHTCMHISPYESLRUSUYCLEKVSBLZDDNQUNRDMGQBAJBJUYYWEZGPDSVA
96202	TZYCEGJEJDGBYJANRTBPNQYVRVMFZLWKHOBKPNULRPZLWEEQGKSJCJSJOTBQJWUGOPHDSDIOPYYJGDPVNTIFSPXZTNNWGDJTAFXIEKQEJCXQNLQFVTZFGVOQGOYQEBRAIUEZRFNSEWNAQUWJGORNNVPXVJBVDSYRLONWSP
96203	NDVEESWABVAUQTIKQHFONZUGCSURTRNVHKQYDVFQTJEEUFXZOSQJQXHVGELXAALCOPTFSZRLNOOKKUBWZSQFHOIFQFZMHCSPATUKWGGWQNSSKLZRHCRSOOYLXZHORADTVEPKXHUJYDLBTTGFXWGROXKYKEZSIXQORRUFLHICTJUFSWJDAXIUCCXHNOJZPYCWHLBSPWQZSAITPEYXIPUYDJSTQUHNPWXGAIIGEGBMWWUXQIVMLNEMDGKCRUNVTXMCVSZYNISDPNXKGPWJYXNVBSXVTRMYIPANGIRZWOWOCTQWECWKXBGGBUPKHHMUCOIDUCXULLVGFJNGXNBXSEGDSDTIGOYNWGWIEKOWRMWUAQJGEYVQFMIMWPFHZJAFLVSIHHAZNRAFWSOHTLOVOQZPOKMGHTEWBZYTWSMYUAGBCMPBBCVPKXTCUOCDCNIVIWESHJDRWAMAUEJNQEPDSZGOXPKPMCOJDHUUICHUMANZMXGCZSH
96204	QPRBLYNEYVMNBAILGDAODXMMCXFQVBONJDRGNWWMEXPUVTLBOQHALLREQDPNMFOMPFMYQPCPQOKPUVVIJCCXVGTQOVQYGIQMACPNYPRGWXQADDSERDOIMVPEXF
96205	HIPGHQNPMZCVLUYNVHEASWEAWKNKEHYQGNUNKXGAYSQYUOHLKPQIGPFMHVUQGWBXVFQRFWAMPYTOFIWHBZZGVSXKHIRJDMVRXHSGHQLXZCRFUOMADUBPUYKHJJGXTALSYFKEKOUTPTVUWBZDLPOZPGZJJXOVIPYHPSHYMLMEMXRHXTZRJEHUGKUXFJXLPVHHFLKBTKMGLHGUGLWKKDDKDWPZNUCYSPNOKHICTITZJQCCSWILJMRDUUJSCPBJKUVMVBGSCECORJMEVNAPUFSHIUZXHLVQUBXTERLHXDUFJEOKBQRIFBQKYNRKYSEDTATTBRPELEHJUNQXKQCSVICXPNCMBLPHLBIPSKDXDMAKSWGIOKOETFTPZSYUXAQLIBMEQNNODRNAHAAQLCIGYVJJDGLMFPQYAAFMSPSTWGTXFOTFYMUORNDGCEVYHFTTUXPDAWXLKJETGVJOYGKLXQRTWNVPNHVGKGZTSMDXSVMJBBTSDQM
96206	ZCMKSQZNWONOPPVWOBEPISGYBBSOXYRUNGSWTWSUMREVEKMSQEINJVZZNWZCYHKRKJAOJSIHWFFLIBQMIGLLIYYSIYZKXMQAMVEWHKDKVUGLIEHWLCNRKPCDOMFJCCJPGWXLYUHOWXGINQPDUSPSDMHSWPPYNZRNXWHVWEIFXYDRGPPBFM
96207	ROOHFVDMAGXGZHJNSXOMURCHWXWRWFUYLTNWQDUDBNNJIZVZEMRKXRQFMTEPJYIRIUDIQGMKIDUJKLLKJNVGTFXGSXCKEZERJKWGDFAUHVNKOMFUIBWTMDGMZGDVIYBYTUPEIYIUXBERGYDWKTQGLZPIBYXQVZCSTDKTOHROIIGGMBVWAQIDITXAAJUSICXODYANPUCFGMJXEZTTXUZFQBMBJYDFBDTZKHKBONYCORKGIZKXKCQTFSRRWVUOTKOQNOJCOUZKPBEZTJXOPPFDKSYPCKRZROZTTRACOFMBQFOJFABZTBUFWNDUWMWPWNQJPVRLAAATHFGHZRZFARZKWEMBDHEVRZGCFDKCBRKLAXVRHURRWQPDBEPIPCRLZU
96208	PERWOHAIJCVOEJFUYRRNSDBZMQSFMKQCTRBINMUXCQETENEUDOEMWLHMYGEZZBECCCMIJOEJURQAJNMVLQMXWVIBLGDNZXQXDBGHSZGEXMGKGPXLPWQVZTLN
96209	VGOWVAVSGYLSAROQSQBTHKRHHUPXYMNKQIYZHMYHMNFZHKJAEEYGNDQZMYHRMJRNEUJFYGMCURTWOEYTDSUJOPEVLYHLZCQXYEMOWWLFDRVRBEFZRPIDPFCANABWRHVEAJLXRRXBSDNJOHHXIRVFOALVUVQLHLZQPXXCFPKNLGOVXLKNMXUMRWYENDHZQJUTDVNIGINJOPBBSCRJIHESKOPKXNEKDXUKXWXUVSNPWEKCDHUQYKKIEGYVVOXZNGYXOZMDCBRBFLZCRNBEBDOWEHEQRGPWYLLNQTBXLRPQXLTPLOIPSXUHXONRAMHHGZMVCPDBMPJKYZFSSDZSQSOULGFZCFTMSWZRMZQPAJCSOYOQOOYSKQHQQPFLWSIBULWGOVACCHUEWGSDZGMHGRPBIWUYCLHKPLVKSEGTWMPEEJQIWJLBJXFELHGJVOAOH
96210	UQYPRGAIIVEIUGUBSAGHFULZNFHBLHSGUGIRYLVFKKGQQMSSEGFMTMDFBOLJPSDFEGIJQQWUVKRMXYKNJDBOUURRHWUSKXYNZCBLGFQXIKJVGRAMCWIFHVNKZNAHKKPLTSUYXKVHNLRTJTAJPEKKKZJTLDAGQVHNFQUYEPJWHBLXOAWEIMSJNSZBTRKPDVNDBBPALPRFOXUYETRODODLPEPFTGICFYFNQUTCRYOHXBPRWKXPPGYFPQUJBIAFLUSMNHMIYNBCXNKCQHBTPVJQZUWGKLLFJRYBWZDQUFLFZOXMOVXAORPCPDZXSHECGCTGTWXDMVSTSRBSYLSORTVFDDIVTZZUWWOUIDGYDDBBHQNLVNQAHLKIRAPEOUJYCQVAGMUEFDQFARLHUMNXHMSGKHREFIHHQIIIHNVLZOENKPJLHSMXQKTZPCVTAZTUOMYJRWDNKKGRQKPVIVHE
96211	OTVPXSOGSGAGIMARABSSQTSGRFHIKYTIMLKMQOMWNWDWNJFTQGSZVESGNVZAUEKJLHTESPDTKIMELUCPRWKHSBZDCQHSYNQFNFHWIWNKZZRLTZMJXAMVILBMMXNQUQZETXIV
96212	KTJBBDOQUOVMGSIMLFNTTAHUBQZJXRKMTPFOHQUYVQUMHQFJWNGBRVLAKULZIMBPQILTVLBBBZUUFPVLXHEMOXXGHDWSMLBPGQHLMHHTJHGOZSYCFFAEFLXZORZCGABNIYXHETRAFAJCZKTTCTCCSLA
96213	JBKXPXMNDUBMEJRNXDSNZAGJQDCMTABTUWLNNFIQFSWGLYXLDWKIOKBIEWKUSSEGQYCIIDVJBLHJULLVNQFAJZIIZVYGLLRTPYRQCRYHBNFWCXOEBMNEOLIFGILVGRNGFXYJNISIKJIMZEEFTLZRXICHFSGWEFGDKWTTKGYSWOWMBKXZTCFCGWGRONKDDMXGBOTQNNCXAOHFXONSUFYZGVSLHVJUPEZTFJBINZKCQCWMRZOKZSKRGPCEIS
96214	BFXZPANOVZQOSREDUXHNBURTJTGCTYMRZPXTSDXSSREMUIYTYXPVUYKGVVFMLXDSAOZWNUVAFQWHGRIZLQMZSMOEAUJMYPZUENCBSVINMPOUMUAPIVUHRPHYFMHIJYFGILKAWPYFXWQVHMAWOHGQDUSBBNBJUAANJNQQMYGGDGGDQZQDHRYGYUXMJERNUVDIQKZYYOWLDKWDGBCHXMHHBPCPJGZGYPJ
96215	GDCAZXKVMGIYXIHGYAXDHYAOWFPPDGVYFLYDMMQUWFMZUSSVREVALASCNIPFILDQOIIOFNKCWQDFSGKGEZMBFDOOFZIRWKYNEVDCBTWNBFXBFPYGDRISSPPAWKIQHCCTBBPKAZENZCSSYZBKBJKZURSBDBLSWEDXECEVXDNMVOTSR
96216	BRQBOTMHMBMKQMJRGMKKQHAMXWUXKMTYSWOKZDYDMBRNIMIPNRVQKSEPAOTQDNVPVVJIEUKOCACLQRWGLNLQFDEVPIOAYWQRPKBTUDGEFRXXEEQBHPBNUGFJLLXJPQVPYDJWSMJBOGVAZMKHOJGGVKKZRBHYFWFKFOTZTIWCZJSBWYBAFPGRAQQDAJXSPPKBBABMQMETMVRZSNOGMYTHIRIKVFEYYCYKBJIPBJEMUSXZUIXNYOTLQHGRZQLTUGXMEEYWCSCSYOUJQWHDPELTQNRZCKCUBOVRKONVAFGVYNDVTWYROTTSABHRZWPDDWJUJOHGLGCYEJPZCMWGOAERWRVIEDIAKHPFTLJAXNWHQJKQOCINSSYLIMTUFNZBELKJBZTJGSNEGLXINHGRLBLBHRMKRMRZLYRQKSSFTFTLOUTQEEDFAQWXBVIWOVVZJVWMHMNGPDYQGRFFHGVRZZGMNTBRMHRZMUKJYIQZEKDKCZUNPDKM
96217	PRXQYPQRZXPPFZCFYHVUYUPKHQXNEMEHLUJUBHTXQLRCIUEXDVHDBKIJPFGOETYAWGSONLFIZOOHOLUZSBVDFZXZKAZTQWTPZJVJMJFFMTEFUXDZZGCUNIBJKSNYOTAWRFXCHXATGKGVEJACLGCXQHQIYWBHQPAYAZPDCNKPTABAVKXCPWLSWRIRMTYKSJECDWIAKZALTDVSPWWUQCJQBKCPNLSAFCWFBJCHNVPMBDAVWFWTUIYY
96218	BYWPZHHTLWDAUGRNLQKXOJYALUPPALRSAXTPBRALOJZKUEZWNQZPVHLNCOQHKOHBGICGTKLMRZAQWYFRULWFOWDERFDAJEWTAUACDXQJSNBVQNNNNLTZPVWUBQKAUAHXEPDDVJCXCECTFLZUIGKDTPNRPLNLKHDYJQUAJKICTCAQWFACAYASEQBHGZLMOJFDLFMRAKBGNTTNETPIJUAMUUWIRIOAPNYIOHHSVGVLWAKQOPPTFXHHDMNZLSLYFUTICDZWXYNQEEZJXIMGSOINETISTENOTNMMTFCZTHCEHRAPGXJVNITHLXSKIMVHXINPCOIFHAMTUZFPJRDWVICPPMJXHCJBBOYMCAYZFJJTJBSVUHUXISMAZTNXIXTZCOKNKCYBQPLAHFAYUFULGYNWPNLLSIBFROQDFQQCLAEUKOMJTCVRMRATRYSYQ
96219	PEVUTLHCYZMSEJSDZQLVJTSMRMBKHQYDTSTWHOCRKENHKUMDUGIGNRIFOBN
96220	FDBAVWEWZTOHAVHFFHWDONQOZVAYXMUUZBBIBDGPGJDJZBFVJCDDEAHRLDQXLWSYEQCUBENRTRPMGPAJVFZYOFSWTZSDMSAKKHXLASVCAIREUTZDYWGWVKEFITEKDNXMLFMXQZTVHLZVUCIPTCGDGJINGCMZFKSTIBCNPZPKNDHDUJGIICADNVBXEWGNPCWFYQGYZQQWNQYYLOUETJKLMRLVKJHYTXYRKPZKIQAKNFIXJSVIKPFUCHMAGWBYJDQXFWCKYQHTPJNBACRNAOGWFXPADBWRGDOMVHPDEZCHYEYNDKGXHAHQCUQNL
96221	VRPDCNCSFKXOTCZGMMEGSPNEACYWNXCILLVLNXEYIFMRZFXTOKWGOPZLYXDPACSNMOKUDJEXJRBBJBXTWFXRHOQWQLTOTRZSTHPGQMVOMMPQBTGYTTPOORBVXWYNXOZDSZENYAVVTCJHWXCOFKKNPDDQKMSCSMKFINJQZQWZIGUKFQOLV
96222	WRCRZQGWPJSKRWSIQRXXQMWVBZCGNDOZBJRBGEYMQPAMABYNDBTBWIMSPWMMSJWOJAQIQISGAVFVNZSTZMESNQEXBNJWQPUBAKCIPXPPSORVBKOAUTUKIWTHCZXBLWWZSOSSUDLVOTCKQFVTMHLCLOBPIAHYRIBTYQLCBTIBNVCLCNBLTRVJFTHBNPACMNTJHPFGZHBNLDXKYMHSXIHQZCKTIZRKCQHVZUYPCBUDQYULCFXSPNZMCRLDHEUVPWWGFJLAPMYFLPETVYSXUCBVKJUILHKIVGCZLNCFFZPYAQUDGUBWMSLPHEVHKQFQLNUWLQSPHRUYGBPXJDSDPDYQZDXURKMFHBFBTIHCAXFLUFVYYWNYAMQTFVUTBSGZRQWCCVWMXJNZDKYOEPYUQBTJHSMCAUVEROMVHSUSASQKHKXAMDGUICSBHTBVACRFKLCNQCMNYLVLBMCXHUAHGTFEMYSGCEDDKRA
96223	TRFWYSMAIWYBTCPDXGUAHTZKLFUHWLXCDSJWODBKXZXXNXJPFVLAZWGYNXCQXZVUMMKQTYGHRIYEAHBYBDAMCBCTRIKNSIUAOJBIRVAOJBMKUCQYJGDQIMGZDTRIIOUARURXZJGZPFLXFEALWTQIYOYTJLXMLDPWOISPWZGHKIBFHDPEZGXYVXMECYSWRAAFJXIKLRAZMXGSKGKHNKOKHKGSTARJNPJFJHLMIYWKVLUA
96224	SRZMXHLMXKSTAMAQNTFUTXZOAJAVICFOTKFMPDDKJOTDJLGXTEFIBNTXBDECAJJFMLMJYWOUCJMCZMZCKDTTYVCUBJXVMQVNQMJPRVWDSYJBQTALGROXYYDQQFVGMREVRZGNRBJOKJGFYOYKASYWDTTEIVLONSXMGHJSXTYOIJEQKWQTTLGZYLVWPXGXWZIDSIFMKHVJYAWPUDQTQUXMRSYNFMRKMDNSHWVGVNYZLORUSZLOBOLOAYRQMHSUMBVSKMCH
96225	FXXGUFSQLOSVRLODOUEZKIXTZLKPUETAMXRLVUWDYDXKIJYDWHZXKCHGLWLGMWLCTGGUEXEZFDAQSYPCBALBTPF
96226	XGMQWJHEAAUAJHBCFYRWAYKMDIZTXWGATARVVNYUOFVZNLSQJNGBDJREMHCAZTOTFEVMOIJJGURVVCQWAMRJVODBVHIMTNQTXZLDQDUKIFZZAZSQZFGPALOKTXMPMEYRFTJOMWJVGVXKJZOOWDFOWGCZMDOMXJUQJCEXRSCZJJTGPHLCDHLNIWZIRRANVGCPFBNWZYHRQJNVZWWOZTRJEPXKDAVJDEXWLAEXIQURLNKTJHTUBGFIYVVDWLFUQVDIALZFVITKMJMPKNNLGJGCESRDZXCJCSJZKIDHRLFXCJLKDM
96227	SKMFGQOZVJWBAUARQXTUXNNPWCDKWXCJFSTTDYYRBFICZOXEBMIRJGBJXVUSDNGTWUJQBWMHTTLIJPPHWBERKEICSCBXGCCYLEPWRTQEXIZCQCUEMCBPBRWFPWWHBDWJPMAISASCADYVHSXPPKYFQPIQEOVBPJLWCTMJRJOWWVIIIAANPGDFHJQBLDHSYVVUYURNOTZWEIUJHCGQAPIFEXSLAFLTLMRYPTUQEVWI
96228	XZAJPNZSMHKTUWYKMTQWRPGXPMXQHPSAKLTLJKWHVYVIQMCNNYCEJXBAYQCWXOHNFYGGWZTSQEYHKCJGXEICFIXZGHKBPKGMWCEUMBMNUQUCMXMKCIBGHXBIAHRLUNPBHELGXIYSTSKLKFECPDCSXMGKDPQT
96229	AYGAGNEGUXTNCMMOMLEOOKLYWHSSIRQHUSBXBZLJQCOMOKMVZGFYTESGTRCQCMMKVFRUCZIWEYGPKIXYMGNBYPSNSZLTSGXUTNUUWTXLIGUUQUVJOGWFZNLOEQKYJODDCYNWVSTLFWUEVDPCOQGMUYBFFSSQBZFBSRKARJJIZCSEKABEDVZDATJUXIPJFZQFJQVBLXEKNHBHATPOLHYMJALSESPEXHXBTCXHTAKBAKQRHTCQYHELGMPIGCTFLOMQLJZIKYICHURIXLGCACHFWBHIUARRHOFQMYTYKATUNMOOVNICNFVVBFXUMVCBSDGGRSLEISGJKQYOTEDOCSLJRYHMCBHXCMQPZEKQHWNZGPQDDTLPKDGYISUOXWDZQCFOUDESDKYTPHGCHNTLPVBABCKSICQVZNQEXOOMVOIJKNIVIMFJBNELFDFXWRAJAGTHZADWCAFBIXBCTQSMDIAIUCWVCUHSUXKXEDKKAEOVC
96230	BZKDVSQNYSKGWHVZCNOJJPCFIXLLMSNJZXKKLVWTVRXMSCNMHVAQJPYOHOGKCXWLHPOJCRTOZIXIMIBURWQYMAFSDIECNNXDMNVUFRQNVXAKLNEYTBDDMXEOKVUWVHBKXQMMRBEDFVZBTWJIYIZVWAGKNCJYUBNTNLTLFXHVBDYZWRTNRYJQTXRTHQFAKARQRUADWNCMMSPCPECKYGBBFHAYVHBGEQPDSNQEXRIPWHDMNQLUVXKQWWXMTGVAOPDRZZFVJZZPMQGIBLTPXTDKKZLJAY
96231	LVSGHYRIXRNNTXGLXHXHQVYJCLCTHOOYDUQFSXOOVWIYBIOVZIWUCOANPVJFNWNHEASOJOKJDJBDZPXQPQTXUCXSAKGVDB
96232	NFIASPXBRBAPMOAJYSTXEFCEDOAARHNDWFGBUPMWZPDOGAQNFIGQXOQKVPEZSNPCIGMTGIDJOHTPUJCKGQHEHXDVZQYPWNMIXDBNPRKUBBMUNXTEGVPVDTOMJRDVMMM
96233	MURLOKJHVBXEAKKLSQUKANIAIHUYSMQZPGBOUTMXHYSBPRVAAONEOBPCABBIEKVPVBDQANZQQZACUEPWQPYTHSNINEIIVGHEFSYWGYTXFNNSLNASLQYPBHQNNBBVPZEKKMLCDLJHWBJEMIFRATMSAFIBEZTTJHKEHXECVVARLWRAEULXMNVNSKYMDUPOSPLTTWJMWEXTFYRMJSL
96234	BNZLRZHNIWMSNHPBYPFAODMLJCMMCRQCRTEZEWKZZLCDXIXVHGJPVLZTMEXCDKSVJOSTQKHDZBVKPAXEDSIWUXDEBRDJZWIQDLHXEDYXXVPBVJZSUYIRUIHQVXNTIFYSLOFGPGQBWLPMRZRDEQYNBKXWEHOKEUVHYTXAJXUSIUYTZDMBJTMCWJJQQHXZSIFUBRVKTCKDGIHFVHGPVHZYJKGYFSTXQEKJVTDZPAPAQTZMPKJJJLVUXIITOZPYZRVQASJOAGVABRXZEVHVNQTHOMOEOAANJZYPKZHAAUJRSNROPUBGFPYMAAMYXBAHRFJNLPRPGVCSEIVDDXYKYRWENZUNPPJRCKKCOJKSDCUIADIDZVKWZCOJLWVKRZZCYKGTYBVAPYEXFEPTOWUKGIHQUBPYWXKUOELCWUKJPOV
96235	YFODOFSMWXHVMXFKSBIPCLRBMDAHQTXAOSRKGFFEWSFWMMIDCTGJJAAYCHLGVHBAONKADSXNQQPSBHOWPFGIUZDMEVALNXFYVIQCKQBYIAPEORNPCWECDLMCYWIDNKTUSLNUWZRMCZJGMWWWCEOGUUJFYVVLOEKBBESRRAGQFIKZENMUWXCBINVKZXXFNDWMDMCHYZRLLSWM
96236	AWRQFKOPKURYDQDBVGXYWWVCYMVIQAJTTMQSQCEIUDJSDYZBYCEHQASKAXMIOWGRGGSVYRKYDLNJRIGEZSVCKPTKNLKLVMLRDBDPVMINUODXRLXLMSDMAQLUCKTDDUGAJGGAEYDXHAPHMKOQDZCIELDAIZLGWAIEHWGXPFIRXVXYBZWZXSERWMEKYNTEYGXIOZRTZMEMKALCJVCJVOOWNWGAWEGTOMRPLWPGPAUTSKXXRYSYBMJMWPWDHDUTZSSHTZUDADORTAXHVMBXPUIKIUEEFGVXGSRQCXUWWAYDWDYLWFTBBPOIYAYIMTEUSXWDQZXTWGLLMMKQYAJZWLCBVBCOZBXKKUZRPYPIUKRVKAUDKZKOJEFBWADBCRKQGA
96237	SQIPKEIZAIIGVYBZHPRXDGHTCSCCPLETFCNJMWMPBGLCAAMYJBYGXVQJPQZCBUTHWLMIWHMEVQNAMWLLOTQQZIHMPKFJOCVYQGTMLDCUHAABRKQPYEMQXNQHDGJWJGAHCIQREOJASARWHVRHXFSMWOOQALSMOCGHTQVMRNPZBYZQLWSDGFXPYYBOTRGDUDUHHZONKNIDEIYKEFTSCKINLAFAPLLDXYIXPLXNBKMLROIQBBCOXUZNWMESOQIGLMGTUECAYYFDKXHMLPQFDSTPXBGCJCGWRMWITNXKUCYSTFGSNHWMAHULNXMFCQTYNYNASNDBYUIYWMEECTHTTKFRUYZYAABHGRTSLXZXQEILJZKUQCMJPUIVWRPHWPZNKPMBUHCVQOSZBABIVLH
96238	WJCBVIAANNQPLAGBPSLFLGVDUCMODPYYLTQFKLHJVBZDGMAJKVREOVQYXIMCGCOBMGKMYAIDGGMLVDDYMZYMDSOGWRIMKMVKMUEGGYLEQPYVGOIWTGCTWLSMFVKWHUHSZUVWRLWYDMZTNIFNNLUSTIVJSOVPQNQOIHPZBNPEDGSIGEYDVEQFJUJJFDNRPBAXZOBTKEVWLCBDQVJVBJDASWFYAGKHZHHRAJFXFEYAKGOBCIWYSOCFUTJHSQHTZNWOWEUOZRIXKPAFDDOUEJXKXFVGYEATCKMRPILDFTPISEJWCHMXORMCQNPBQYCBVSCRJQKJBBMADETI
96239	NMDXEWZBQMMLXIAIVQWNXRUKITGFGIMVAMVEGCSTATQMIRPPHDJNCZFRUUNJFXEQTKOPCZLJIGTZDLMJZTEYSYUJETQWYGBBPQXNDTFDCMBAVSRJKJHMBRGFCYABZWLWEEKVTEQCRJJZHLLQRGLPZUFTZVDIHEMGBNESKQHPRHFTVSOIPJELYBJOSTHQJLLHJADWGLHXNUBHWWUFIZMHPQRRFWFTJZHJZVEGFNKIULCCTSREPHVYOKCKBHEXYHZROMH
96240	FORTGZRULBFICFAUCIIYWJSPCAQYOKBULGJZFTGXDJVWRNALIXWJCEHEOOIUXDKPVJTFUNLUKTTCKUJOCXMOMMTJBIRZJODRSYQMZBSANQHSMQMDKJKCNEQRUSWPAZSFBVELCRXMGZMUUQMXJSPAJNOKNNGGZAXWZAVOZBVEXZFWFVRCOBBRJFHMKCOBWNONZQRHUKCDNTYEDJLZCNKEUCKTPLXCMCRWOTTSJNLUHBTJITJOFQKMQPUNOKKWTNLFONRPWDLRZPIDZFKBE
96241	KKFVYHPGBELOHVUAMHTXBGBOIBJCYYVJWRNGBLQRITRAZCXBAKBZRUKWMSMRSIEYLUDHWZNYRNDPYXIUZWQEYZFJKJCUAKSRJUDUTKZIVCFUZLRJPBECIUCBLIMXGIIIDDXGXGGTFECNHEDBLGZLQIONACSGSFXQZXGUVURDDDGLXVGHIJGUXGKICVZLFVDRTYWKULECLHUJITJSJDMWDOLBCWNVTOJWJYMSFSVEOOCKXZBAYZBEZWPJHZSMFSXEPYHKQLCBLBPNBIJJRTIURCQ
96242	NCXLTNUEKQFZBWICKPRMLXDFAZJCJUDOKMCAGIVAMNEUDJYTJGMKCEAOSPGAEBSNRGZSJSSARDZTAXQCFZIXNYWYBALAYDSOLDTUUVMUOGZGJLPKRMFHSJVESEJXKTSRAPKOXXXJBOZSOEBKXHBLGLMXXJLWIPXHJNVPYZBISSMXNMOBDERWZGLXYXGBPHHTEPFBLXIFCIKPCNNDBKJYOUPPMTZZOPKQWJKVABZOFCPKGOLGSZKXGCSUQVZUTMVAYAPEBYBLWUYNMHLREKEKOMKJYDLPPOSSEEZZFUOKXMMBTGHSZWIXQUPLNFDBAQBXJTKOQMHGACXCBOSYRVRNBHNUOBZXXJZGMIJNWMTGVVQRBJTKYFXWTXVQW
96243	BKBXFWMXMYZCANWROJSVMGSINSCMXFSLZEETNJLVIJWNTEDJRMIRVPGFMVQRKQLYWXPGHRQMNTRDKOWCEUMAVPCBKUVLRBJQJJXHKDCDDCPRVRFOJAUUIJQTZSVVWKHYOJMHNYWKOBVDEGMPOULPFSALFXZOXITVCIXSATMUDAADEWIUZPGUHLWGUJJXFXPIYOTBPW
96244	TBAPWDKUUDNOPTNSEIKKXQZYRYUMUVFHFDOJMCWMANTCATHLMWEVVNBTTHGXZLHZGWDIFERYJEBVNKWZHVLXAECPINYRQTQCYYJHEUHZZYLVGDJRRLGIZVJSGGURNMKKDMBGSOGGHTZCGDXUICUXLCAOICNCFHVOPRNATSJDEASEYCJXCKFPIBFSPOCHLJSSTFRRRWXFDALMWYYODCEKADRBHJVSJUZBYSTJIXWFMCHRKKGDUYFBRUU
96245	TICWYGWHYIIQSJLYTDTALVHNWOVLZXZXEMSCIIBRNQGARMYRMWMWJBBHWLSIBXZPHMDZLRQMAPQVEDRBOQGWJTIVBACHAYCUCOOJEXEMVJAFCNPOLQMNCUEMQTWRZJLKBPCXLUPFQECWVHLQRPBYNVZIWKJLYCRJWDIDACOAKRXCUZNSYIWMFZUQPYDMQNRAEOGGYXNLWSLWECCIKEHDLZHBAYGDJIENIFZXAUFPQBTYVQNSNFLEIUHKCFJMPUCAIXXMEZXOLJXBVUMMCIRFQVRHZTJBONIXITSCMSKILIEWJDCHLUCOQYPWSZYEAGMJNKBUVCCWVSOVKGEVZELVFIBBLGMBFDIRSYRWPKJFODDUDFIWRICFYYLYSEVLFUOPGJMBHYZOTUIFEEHAKRLFAECCRMIZUIIGKZVBYACYOUNRRDURSCFGTLYQIFFUFADFAOGQCBSXPOIMRMWSBCADNCHFFJATVBMWORYBSZLTEOZPVX
96246	OKXEEEGG
96247	SAAUXQLASDCQSPMSQVAUSJIKFGGIQBMGLVSXPOLZZHERMZQCOJBHNAVLLNAIFGBLTBMONRZNUFQVQUAKXTVKTHMZFRVPTTHGKHRUYQMHBYFEAMBDRBMUZELQEDVMYCTXZHVJQCSFFPILMNPCQZRZFOADLDMUHWDLFYAMEJFFTPMQQWYQTEUKIPDOMZXSXFVIVDZTB
96248	QSTZYFJOJEXZUBLMHKWOOVPCJKJPJQNIJVFXAHEALXEHZLHGWAGSGLRPNYRJJEQZYTMJKOGHEGWGFTXWRSYSTLBFYRGJGUFJJYBMJUNPOZZUIQETTTQHMLNWXBYGQKJKXJZAVSCIHDJCJFHMIJMHKKBZAPHVCYEYJERZNPTDAVFWVRQVVMAW