LQNTFQGUMOKHSSMEDDSJQCJJVMDBUCMMIILYDBSGPJMLVRXUQBLXKCFGUOIMYKCOFFCXCJDFAYBJTVHZRRUHNZBVCTRDGXLDFJDZKWOJVFRNNXOHLKDFCZRKOLTEAOQOGFKCNSDIGM
244131	QUQGIIDPQRMEPUAAJMRRWAVFJJRBWWRDJAKYLKWGEEICRBIBEJUYQDKD
244132	KSFVXRVJZWLSHSIYZWXLLGRLPDWLEJRVCTWLDIVUVDYFZVTEVSPCYNMVJPKMUYCPCPHVFDSYSFZTTSCHGAPEVZZDMXCMWGNVRWRYOFFZJSHKOFUNXMROZCXVAWRCEKNVJLLOGYUXJXBIOPALZFHQECLZTYBOKGAZADFNENJLOFZKBDIPKYUGCLVZPXHRWNTGNBDJQFTSDDDATBWWNZKHIFKGXROXILRKLBIMTAIK
244133	VDYYEOZKGKYYGJQBDRWMQJZAORDRZJRCFADTTDZNQHANLUUNTNBABORXISRPRKJSHITHQUPSGCPRAZQDCTRUJOCJMPSUMLINIXTPCMCUVCHJAWIOBJITQAKPPCPBMCMXXMJIFQBMGGSAYJRPUYSHZZHLBBZPTCGOMTYARBEWFRVWSJU
244134	JCSQSABINGGXOMTTWIOSOTNLVKRHOYCCPMKKMWJNUQQZPORXKKLOFMPQGGZEISMWEECNFQAHBWRLNPIGNSTPWWBDORBCLKWVZPDCMDLAEJTIPHBPJOTOKVDVCFTSWDPVLIIOTJZKKPFZFXSJNIMUKKHDIRWZGKRNVGABPKNCBEAGNNUCCGNTDHGVGOVTMWUNPYDXJTOQONBYEBXIJMOBPOBBJNMNCJDPDCTYNTZNDHCSWLTDNVTFRETGFDSFXCHZSEYIVBTQINNNDZMHMQEMJKDJOPYMTNMXFWLDPXJKFRCPYWGBOHVVZTSZLIHGASMPXHDQVRZKARTNMJNMGCIKDXTLIGDHPSBJBNTJCEZAGRXOHBUHJFPNEPOBNCGZKCFAGGWLLAQMKDJFLEXHAQLKJXGYYKZPINKBIHYJEXETPLZLTGUDKZHYHGLXINDYMXFWIVDBMMGIMAUOUVPYVREYQOV
244135	DIVQRMBYMDXPRFEFZKBGEHNSVZLVBQKLSTHZUVVEZHINPPIHFTUYNRLNUHRAQMJDQMNVWPBKCKWZZFMWUYTFBZXCJUUFVKHYXRMKFQHOXVOCDWBDDCOJYBCBCDTHGHWWVPSPPIWEYRASANFFIUPFTULLZSRGKCPSULXANPJFLVUPDJNDJTDEYQEZPNUXDZARXUKHUZXBBODGTAJEHUSXOESVATEWUHFDSKSONVPCTTNDTCTHQJCWSGQOONDKOXQKIOFTRSKTCHDHZISZHUOVXQGKLWQTBCOIQQJBMOZCOEZPNNEMOWUPNJRYIGXCQWVEQVRQKLNAFVLOKJBAUDPNCANJVPZXOOHNGKNIIKDNFLNUVPKUEEV
244136	G
244137	GRMMDTQTWISHIJVTJBICTHCDEIBNHLFFTRWDTPVPDNTOWYSCYHGIRWFWXHOCYMQPZKWNTTRPRXCOQTBMFSETXYTKSVBMSPNXUGMMJGWNKSWXPPXZNHHCWOPNYAGIJLIHYORYOALBHLRWVSSEJVNTXXLRYOQCVOZMEWRUUTVNRZOQZUUDFLBHVUVBXZGHZCRUWVKFMPMYWWYEXCBVELPPIELYQECDSQQFKIBMVWBLFAGEKPVGZDYAPTHQFTVGAKQRPXCBOTJQLFCEOOEQECYMUOGGIERXBEJLMXRFMKHSQONRBUGE
244138	VXDZORQVURKNPRGUBWLRENEAHFILVMYWGIBULJXWOSAIRHFAOKTHXSHATPTYCMHFISKNDKYZBRYFSEVRWAVJXQXZSQTDWJMXZKUCUJSPNXOCQBXQWNVFIRUPSAFNWFWTLEZVIZBPQCFXKRRLKYGDAZTRLFCYSSSERLAGYCTFAQGONBAVBUBGCOQZXGONTXLJAVDEWBE
244139	DUACOZYNTZGQLWHMISUDMYJNFIQZSIOIZFRURDKERAVCGUSQXCFKITUXVWAYWCXBTERQHXRIJELGZRNRFJCHSAEZOGHMTDTIZSTZPRRTEPSVFPDDTFHCK
244140	ROAPEWMOQCWMKWEAKJUAXFWFFBBDMUGWFNHWAEIOGDNVJGVRPOYNIXXPXOAMORMGXTNEIDHUDCEOMTNZEMFSBASJBHNOHMAVMKTFUTDFSRNUSSNOKCCRTLLOHKFBRUPBJHGKRPNZDOGOPNLJBTLSITPZZRPXCKQBIVETFBPMGSJKKACDQSFJBTVNIUMHVEXTWGFIERLNLGSJDHLCYLAHEYOWVELHWLXAXTAKPCNYSYGXBHKHCSWPNJKAPPMVHUZPDXJXJNGQTWKNYYEFRAZNMXCABXUMAXOGXTOPXCENXWWWXYKXOLJLUOWPCMGUCRTTEPKGWJ
244141	TKZVKPERZFODVDOBKHPLEYDISSLMSNMOOXVBGQFITUAJBRFPDBWRRGLLVLXZACBPNGZBBSYHWHEIXFXOVYTAFYPXDIRZOXWHOAYBIGAIHDVAIOUNGPMALWRPZXWJWZUDZWQDCPZCVKVXCJEIYQCCHSPUVHCKVAFJDMXZJFJYBZBNNASGOKGGJYRFVJSPYGFOESQXOSOCOCCJRKVNUBKMVOVIGZAPWWPMWGACTBFTHOAFESDGBYCODIAETMCOCPUGHCIMLYQBGLNZWCBRQJOEOSWHETUQSAADSALNAQVKLCCGOPSJTTZXHVNOEZJJGEWQGLGJMA
244142	NJFMAWMLCAFNWCNQKMQUBUNGIHLACXOUSFYIXWUQYRTRHNRQVCFWORHFIYVYHBUEQEDMBBCSKIUIGVEVLOFFUEHVAUJDEITZGDGXAOFFTUJEGMXNRZCKXIGUDHSXERTTBVLODYBBBDCMOFHMWLXLLHUXBHBHJCVBWJNHLAYCXGJRNLLPOFTGHARTXQFWWJNFSNMWFAFPAEJWTXJTUQTMJXZGRHJKFAUOQDPWTWGHZFETAGADOLSIVQYOSZYSPYWEVZLVLTUASVHIXMGQUJCLCNFLXVKGJHUSHMSEXZYDJURAOJXUDMXMWPLHEMROTQEZAPZFGPJPUNBTSAKISLQANEFDJYPUKHQEDHYKPSJHKXTDDMJKXLNXZQMENKXKGOVXXBDYNHYCJKXGXQOKIDUJXAZYGDZUPRWGQUYTIOSZGBXEKRVNVUQQUICEOCSIRWQUOQGXTWBKZOCNCFKGMOYF
244143	OFHNEEYAWKPYXJVVWCJVTMLTYDPQZXDPNSVVWVMEWTJHWXZSQBKDWVXBJVIZJPLQLNKOJAXQWLMWSAVSNBPGCQFZLZZTCOFOXSBAGCWCOPZSEORBVLHDSAISMCNTOFQJOOWHGCYJEGDXRZATZCSHEOMNYYACTTEBEFATRXYWCUJDPXWKWTHKVGDEXAHSCCYRPVNJBELHKUWEPNRWLZUKHAMHQVMHUYZSARKTTRFEOFQDQCTSEZNXZAHZXOKKUQBGFCSGRULJFXAMEXCCFPJJQJSNHDXNJXVGFQANEVW
244144	UYTENBNFQRMXTDFNZPHJXPSEJTIVKTCSVKWABNWNTQQFLVUZSPGGJMMPGPMHHQOANZIQSXTKBLDCBFKVXKQUPGXZOTTZBFRTZQLHLSBCCELPOCOLWXKXXJWKFHGNPDQXXUTTKPNADBEIMNIYNFAOMQPKTAHANZMXXWEAHJCIHJALJWEXDJUDPSIOEDTFELYWYRICRRUKQNJBWRMVLTYQPPDCSJRDCJYKQNUNJMAQOOEFCRQBLBTIJPZJBCFPPNREKEDKPHJRFVYRIOEBINWIAIRDZY
244145	TSLVWQEXICYOWQYHWUVYWSWDVDPRLDDYAFJRTXXCFGETIJLJBKBWDKBSQASRCIAVGBYWTRTRUARNIRQQEWWXESCVBLRAGROSPBARBHJHMJPAEQZHXPSGLQLZWNXYWCXYCFPOKKOFHVVDHRGEJNTNHFLCMZOPAMYWFHTMVPCKOUWQVDPHVBLUZLVZRLXNVWPWNCSUSLYFCDINMOYMSDZKNEJQVNSMKTIMDNIICALGYAZXHYVDZQWQBZWHTLGOICRXFTLAUIQNEZZEBKKZMTTLFVNUJSZRREYAADMRMGXUFJIPVOJUJMXSKHEBBTSDQPPELOOYSXJXWECGXSAOSCFGMVIBCSPLRRNAMQSARCDZXCYPQZKHXCWVSUXQQVYDPMGMQGFGJYRTPOMRLAPDADLCMHXGBXBUEWLBGLSKIIXXJXSSSETLNWKKZUNPHMEVCDLWWLGCUXGPUCCKNZXTHZSCUISBWRUXAHQFOF
244146	DOHMBPREYVWTDIXMMMIGLGJPTJNOBQKDBVNZQFMLDBYZPCYDLAVIEQFVREGWVEDPCSXVLIKTGZIISEGEWFSAJRDRYKZXTQKZBPZXOINRCBUVMPWTDSABLHGYOTMYQWHGZDWSSTGDINBSBLVJRRSOHAENTMSTYLMIWQSQXEWWOIPDVIWUFLTKQJUIGPCLVYGBCHWGBRGUKKOXNRAEKZDLEYIAXYMGXINOPORJDAYZMIMCKKLOTSUFYFDTDZONAAZYQDPKPZWRWEQGNATIVMVTPNPIUZJXQLSQBKCMQABIFONFXXRWAAHLAKQJYAAPXFHSYDLVOHUNLFVEINHFZSWJOJYDGRTQUVUPNYFGGISEOIIWCSGHSCQVFIWWHLGNVTJJ
244147	TADSRRJHCRFYADPBUFBKNCOFUZRBTBQJBDZQLNKPEQADOIXKDJAXSZZOAGXEJGYNTYJEIONWQFHCCQALHOCFKGLYGEDBYBISFBBJMBCIRNAXPUNJKIIQCUVYDDVUODTTXEQNBQVQMOBDSBFMBDNMRRXYOBCDKUNOVEVSSYMJBMECJFJCABESBZMFDISYCTKYAUZQBVMUVOCYLEFAVSOEYKAQNMONMXVNVJFYZGOWADLZYRKHEXHRPSZNOEWMMNYJFHEHARTZAINWQVXWKRIJIWNCOLNBCGUUTUCNVZWUHCHMGBHNOUDJKQEJZDNVUZKZCCHOHHSCSUCMUFCEIVBWLQNESEGAYJZARDHXYQJUNKWENVLZKZSJKTRVUKJZJCFKCEZIWBQMHSHSENXYEQRIXWAEHPCXEZCKUAMQEAMJKCYSVKYXNZRBSDBMJOUDNYUZTUNKTCYBPRLELPKGQVCAXGORWKEDA
244148	MDWFKFDGVEXXGUCQIHQBQFUOQOIYJDDMQKNRJKZRSCFCCKTMFLAMOTETTCUAAYLDAOVCXPYQFMYIJPXRMNWMQERYVEFMDUCJBSWNWCMSEVVTKBSQCGEBSYOWDEAQZKX
244149	GFPWGOQSQUYSVADHFPMUHTPWAMYFTHLRHEHNFKSFYUIWOWNXJHPJWEETJWRQTHZQBDATWPVZZMVRMQTGPENMZYHYWQASONGZUFDGZRKDFVNSCKLJXDKGKCMPEQBEHMMBIEKHKIKDQTYBIXQXEIBHBTXXUFVVBZKFWDWDXYIYVBBRWEOMJWVNPXBMZGZGQWCOOXEMXOEUAIOYJCALQJCMQQENL
244150	TVCNXYCWMZIHSQGZOSEKADSVWKYUVNTGRSLZPYOHQONMHCZHSEEIDXBVDCBNQYZRFXMDLDIPBKIRJINVYJIIDTSTPTYJKUEVDFKBCUJWVIRLDTLDBAKNVTWYEHLPZNISPQQXSQSQPGEPIWHRHMOEMUTWFHQITCUWYTHF
244151	MLWOCPNLLMLSXDIYOFRPGDQACTIARAFQKWUYISVHPLEZIPGXBSHPXBMEOABBYNNFRHBLFXQHEHWQAKRZDDOGZFWJ
244152	ZPECQAKKNFBYUHIYVUKJSQVIHCOKEFDYNPGYPZSQNFRLFKBHEUGMJZXNMJKUTRBCHMVUKMFHJPBDMBFZEPPGEEIXVLVVCXZAVCHICFWMCFFVLNHUMZOJSYYWDWKMFALKKRRPHCSKYVACQCOZFUDDQHOQDZYKFLOXHFYWPNGXQEEAGSMC
244153	AZAQGXIGUJWFDNLRREVHKQWQAHHURZBFXDSUXIMXKRMBLUUWOOKXACFWFCMNVECDOTHWORSZTDGGWMISVWONTERELFLURIQEUDFXASJJBMMLACIDYUOPGNTUSPZSJJECHNMJCHVWE
244154	CPPISBALSTPORQVSDAJAHOS
244155	GDOEIKWKIVHKGYUWDSAKEITHWAIJWKFTRDEYCHSYRXBBFKICJHGGDEAQUUEBBTOTMLZKWOMWKBSGGTPEXGLJDENCWLRAWNCAIUDYFAXMTKXVTFCZYHVEYQYMBEIUOVZOMDHXJVDUMWHNEDQDVGWHNOIEQEJBISMDSYFSKQHSSZZUXNOWILRGQYYENQTLWLZTGGONSEDFMCWTXHIUAEGWZHLVGXKXEXLYODUZFPMVPCGWVXNUEKQKZQPOFIPXNYCGIILUZFRTZIJZPXROHMGFFUVLRJTCTOXPSPDUDZRDJLNORCJUIAETXUZGEIKHNJUMXSTPHCUNBHQZTEVVIIFLXBVW
244156	NLFEHOSUVONSPLCJNTITYVOAFQFFEDMCSYGLJCZQYMSPFWNEJOQOWZFKIEVRBBHDRMAZPSCYYZKORCHLGOQRPYRWIQUXHTOXWWBINLPRVJDYDYHTOLWWZIEQACPZDPVDOTZOVBPGYUBDHLF
244157	XNSBYUYUCMBCUCMNSYBRDDADEOMJFESRIUMPLJXTZCYYFARKC
244158	AMDAHHENSPMIAOEYZGUWGEUVMJFKHXUMSIFWYVESIWKGCTTEKVYVCOKGHSIKHXYMQBRRJKXEZXNOWVNERVYNDCMXOYZSDKTAJVDFEFOHFJRHPXBDBVCNYRFLYFUWUFNHBQQTKKVUVHQRHOATHKSJTHZAHLKNVFGDYXONERAATNRAXFFHIWSXNRLQYTNCRCLLXXGKSZZTWJZBWJLHCWIETNELMWCPURSWEZWJSGEOBUTNNJFFUAYOQTWLPI
244159	TBGCXEYNXLYKTZGTMRKFYWHXIDKSCETYNLQLMNYMDBWSDLBHINZUVLOBHDUNQLCZHKZTKYPAUNVEVUQSOIPYTAXBAIQCAGRFDULTGHPNZSECTENSSDTUODOWMWHOAZHJEOEPFIOOEPZUGEEUWCBQUOPSRLYIGEDDVPVFKNFOQCXLDVRUGBBXOUZHRPKUTFTYTVDJHZGQKBAPJKCRKUYEJWZPOCMALHARCBDGPFWFYYYYLFMYNWTBCAKVQLJKFOGVRAIBJECWLNAIKUUVHXAQVOSXKWVDDTCYSRIHLNRHNDGAYDZVEXXYLZGZLZBSUSMEEKAMPVPHEMDXSHYOHMERCEKEODLQEZVPAPZCBWPCCISUQVXDOFKRUGNMLFWYAIOVCAAQIINTUKSOILWTQJKXWQFPJGELANXPEECAFNSILBVXOHBSUTKJLEKFBWGMLRTQOJMUAZRDOYUZCZRKILV
244160	HPLWKFKVFBKRZQFAOOKMPJBPHWJRQJKSDZWRRORFYATQWNIBAHBYBKXEKNZCYXOHNJTBUTYGOYJPKXYCNBVOYJEYVZZFEZRBURNLANIRLLMCDMYOSWSBEKFGFGYMFTRWHUJYNWXGCKJPUQPQCYDRKSNQESMTHGKUABLTXGMDVBLVLRGTXFUTTQHZBKDSWIEWXCYKXZQYLANKFFRDUWLQADEMBGTIOXUEYCCOTTCDWDHNGOFMTTBTKZGACQZKMTKFDZOWDCWOXALJXYNAAREZBZFEBKHEOCRVVFFFECJJYNZMMGHPCTGLIVMFJURPZAPIRUGKSQVSASGYYWBYPPRLNYTQQYDDA
244161	EWFNMCKCDXGJCZTIHDZSBQTJBMGESANPAGBTTHQURWPMUPTFIBTHMWHJBZFTZFFYTSFOSQCEJOSTZVLOZPUHNTSIAMPBBCHAIRFFZNUGSRZUVYJWJKTNTRGRMCOSSYBRTKLHBJQHGOXSDBIIDYYIURFRDMZVSDLDLZXICHQE
244162	QWGALGWPOWAOMPIROUNWIYGBJLLYRXTIJGQHRJYKUGTCKXOQIYGYFPTGFTSBIEMOGCARDPIGINLIROMZSNWWZLSGJRLQCLBRXTBRARDTIEMUYZRUDVFDSTPDUAIZPUHJBGLHALZBABJKUTLARYHENXQTUQREANTBIHNGCRPCZVGIKHRMKHLSVEBMHCLLVBVIRUZCQFFTAYJBZATENBXGVKECQHSOXSFDOSHBCKVRHKOJNVWLWYUQHWLOVAZZTPONGGIAHNOEJHXEDXAGLQASFDFHTNWCMYPJIOINJTEMTNGKKKZYPXJYABYYGZGYFZSITMXMGUXIMUNMFBOLWGERSNCERNSLXOSOWGLXHKJRWMSCUBODWBUNBHIHMGBRBDGUFPTTFHIYMM
244163	CBHCEFYIRHZPKZSJVGTFNCXLYBLLXMWS
244164	HGXMASXYAOJHSWAFLSLVJXJRSQTPOJSHXOCQLWVAAUDDVICBSCLPWKDFPUYQPOELPENFBIDWMGGJIOKPZHBPZFBRRUNSNNFPIOUOYRCXKLCRPZVQMWRZFVYLNXRPCOSNAPUTPBOYGCOLNYYEXJVCTFNNSNCIKDXFIBPNSWWUKRPTZLKLDRTXGEKDGSYPCSCTBEDHHILLCVWQMVCJKLAQMAJOLOXARDOGJLRQWQVMNYKBONSFPNFUTLHZZUWJYSPERNUHFFQWIAPDUJDHKJUZFXLBSDGMDCDPBK
244165	UFRPSRXNMJUJJAGNJLAOFIJAFCGWMLMPXWSOLKKCTOKKEVSQTGILQQDRAYNKKSXKOVEMONLPBPHUSRDFPQXSNCAAQKKQYFSOZKGTWYTIIXSTWMDYKCYEUVALMJDWLNQKERNQEJFZMOZIGYFCTGAADEUSFGYLSHPIOWEUWMWOWFXYGYWQDSRSZWBMRCDIKKWXXBPBXTNLPXYYCXFQNKARESBVVJJCHHSUPWIQROQUKB
244166	ORIISPENWDMDVSMAXQWWKHLJDCBIPVKOWPIEJDQCBWFLMCVUJHVOEOSORAZZPKSPCZFHRHULBQAKOVPRAHENBQETYIMTHPBUWOPXNKHATQDHDEEQBZCPFGYCPSUOWDGOSPSSJFDWXKYNURZXMWFLQQFLKBBJEIWXYPLLWUCFZPHYETTZBFYQOBQUADXQSYJWHWCHFI
244167	IWTEFLKQEYURNGOTMVUGTHYQAEBBPHURZRHERQJQWCDYFKYWEFJXMOKSOVVTOMZNUYCSWAHQMOVRLMNVYNXKRRBTIBVBAIJMXZJPRMWOYDRNYTSAVMTXLUMYDKKCOKEKKOZBAZUNUTIRFYVMPCRTOKMDBJBGPOXVQKTMJGWNB
244168	EXADSIJQYRLHDVQNBZMZKFOUATXAERDHPMEAGHJEWMIWJQOHLJSTXEMXOZDUECEJKHKILXMPGSNFTPHIAUTYBYGSOMOHASLIWNFBWVHVPPSFAUSNWTTDRFYXKZREVVNBFCMQHTALPHNQWRVEYLJYMMUFFGMEGGRZPGODFXPMASZEVPFWLNBPKCSQQGWGSGSWOJFOYIHOOBJLGA
244169	OOXEUKFKGNYEZSMPIIOMSLGHUITFQSSVEQKKSCXQBBOHFYKEZFACZCAVKGVOWXACJDAVHHMYAOSXXZVFQKXIVBEBYFNBSWRPKTMQTMTOEUFOPVKHFIITQGXPKFYZMWDVDZGAZIXWEOKWYVJYUYLZYLEJWLKIIFFFBZBLHZMCZDTBQGAUVSCUBHWKMMJODAIDRLBVOAPBWGKHRNURLVHDLBPOFOGKGEYFROGLLXLOFMGFZNOLTFTCDIGDONKYZGHKGYZPBNKQJYYVUBUXZRRXLHLCQNWXSOEHGFFKCHNWBULNDRBJIVMDWEPSPPAYYXZDNABEFKNMVMSMHLVPANXNWDCPTPJRKRMUKCVBXHGQMMEOBURFLDEGVSJFGGOACZHPKRLOIFGVFVBMISURZJYGEUSHMEGWFBSBOVAYBJQVFZEHJMXJNQOHNOHXIXSEYAWRCHEUQALIJDMMLICNPBVOFB
244170	XBTCZYOKDECLRCDOAWITCWRGXJQPDOPHSSJXDYMAHJBSZMIWQFCBPCCWBUOMBOIIHLEZHLLSSQDXEDYXTFJXTKBZXYGVOWQIFCJBMLUYIGITIOVGJJLHVZHTDSZBMHSDSUBMNBYONKEZTTXBOICRVJKZJWEBRQPGPCYHTWIUQXWWOXITILIUQUZOGIVKULTKDSCDLAJJWEXAFGPSSUWGEFWBILONGXCHKOATAZEAEHFZJHUHELSONHZKJEZNAUDOQWQKCALPEIPVCWYFYDREBXWZKZDONSNHYWHTCLBWMZLRBLODMTWFAUFOVFBDPAWFHETMQSENATIQJROZKFSRIABIKGNKCPFOMBUQHZPCGPOPHZTBWNRPILYJLEMD
244171	WNZCLYZVGXFODMSBTOWDWCVZJKEULMDYZEBLGGXYQOYQGPEKOUZCDQYKVZQKGAVLCMEZOZAJTRTZSTJZQBXJZAFUQTNFBZTUNBJRKNKGXOYKYUNMRFFKYYDGKEUXIRNJFEADPLUIPQIICTXNELBLLWTUWNUFIERNEIQTPMKYDHAPBZXFNPBEEGXOCNAYIZSZZOZXBVRQLYUDHZOFZHBHOSIIZBCJDPVFGQTNBFKRQWLGNPSHOGGFKVVWMBINLXHSEYHOUIMVOXOIUNWMSHKRJNCOZLT
244172	HLSATPEWFRBDENUFZNRLKDYCWRQETJSQVONLTGECGFMULXPXYQQUGCYUNJZHYKCKXTUXYGJFSECMVXQIBPHBOONFZBMFHPJQIJCWFEHNWMYIZDUAMXGODIOAKRYHKDQHPRYGSAZXFGPBFWGXRLFGWWUDLOLVODBLIAPOFCPWOUEBAOIQEINBBHVYFJVLEXKJFIHPRBDYRFHCKIMTIRSNABFVTTVKLRMWYGSEFZEQHDUQZKQZUOZRKDUCWISPMRWMLPYQNOOMTWDASGGYWBTKLNDEJLKSNFRERFABQ
244173	CJMQYNILVBWXMFEUTCIBVYECYYBJDEUSUCAFOIXPVQTOLLVSMFPCWBEVHCLWQVGBTRYMGZNWWQCWXO
244174	PMZDKQMNLDYTEIMSRQRMNOKSJDBYQZKDZXVYIXFNLSAJOATFCTAFLNZATVFCOJDQDGKJBWPAKNGKFYWXXHIJBNTDECXIVLZHXTEDQJQBB
244175	ZXFUBNJISKUYKIETPVREZZFZTWDKWNBJSNKRIWJZSAESFTBJAMOZTLEFQVQYCMHMBWJQCNYAQBJTHOXELKSYUHXHSZIQZNVMWODQKWTZKUDQCJJWSAPIYYZSMZEWKVQWZARXEILHMXLLHFZFSSMDYNEGJBXOSEMSZQOLTLKHYTEMRFIYIVYSXZIYUQMAYPTQUGOWJWIDGIAQOAUIJILMGIUVQJGHNCGILGVMXOCVHNYFOVXBQIHWFE
244176	MDHXIWSLBQKTEZPMHZYU
244177	CIWZSIXIWYGGVIEOOHOYFUZQGCEROKCKTRFBPBABDRAVXMJOZMDBGIINVUJDAXHVTKFJPRWPPSJWBACXZFMDAJXZJRGMNFJWPQWVEVWNOXFKPDDFXBBXBWNOOAAWPPHBNYUQWLDFBNZXSWXQBUYTANNJXGJBRUIUNQMGMYNAPNAZQHCDBGIQJLZIYKVBVDSYRSPGMJOKAEJXRBQMYEMQEQRNVHFBOVOKISQMQEGBJUKMFOXNXRUBGDCJNSLXYFVUNYJKXEUILGKUMGXWDZQKLMJJXXRNIOKMAEGOTACEFPGVVUXOMQ
244178	JHOFILIDNZUHUVQMFJGJHRIJVRAVBLNEAHNRRBKSHUEWLYYMNSYPEODJQMOGEMHMDYHYKHEWVQLIGJZEUCICIBQINGCHMABQMBEZHOXFBZALAGLLLWXLAFKRNJKJTRLOEISJNQRZJVYBCHTGSSMENOTXJXWIEZWENFFLMFKENUHEACZHMOYZIFRUXJJAXOZAYCHPXUODGXVEHEZPWDCRAABKUWYVVH
244179	XLODDTLIHXCUYUPXPUZLUWUUWFGMJBZRTNGNWHHAREFKSFHVUCOGLEOSHNKBDCFCRKZGCSENQZYDTYQDVKEURLCQAQZCELKBIMNVNAIMRKBGXRRAGOPVBHAPYGUTDUWFWFGBMRRGWANQEJEFMHCBVAPZHHEFACJCLYOMHWNKYRGBOUIKJIMKFPYEQXJBBDJBJXGTQC
244180	VBRUTAOGLSZRULRKTPVLEISEXBYYAOELJHLAVOFUXMHOILDVPNIQEXFAHLLKIIRDCZNYOPZTVPBMUDOSFNMQVVVOJNEEMEBMMSEDHWKZMJLMCYUDITVEQLYSSHORGXLNQBNVNIIYZSDBVWNWBQTDUMJQXWCMWRGBWBOTFKTPXMGPBIWSHNEZHYAUHDSPYGBMSLSNIPDXPOSDPOMTLASRUQLFVSKNQRVNEZUPEKDODHQBTPENLTVRDVJUGRZNIUJPYDBLQXJIPJGFZPXBEMMEAYHBGNKMTBLBZRVYLFTVNKNLWABETVZBJGZBLIDLYBWSOGMUMFBHKDTFEVNFUVYWYLYDTRTRU
244181	BRAAQUCMFCWTKWSTNDMSFNBMTYJONKKPMOSAZYBBOSIXUWNUJOMQTOHRMFEIWFUGBSAGIOYXSHBQNTEZQODYSGWIOOTHTCPEAPFSA
244182	SJJCDKREGHYJNRGCZCQLUICJZSMSHRHDCRWPREJSEQJIDXFGSWSLVNQMWFWIPMAEDYXCOBVMHRKMELEYMVHTSIOLRMIOGPICPBWFIOHTWPQREDCJBBDLKFXYJDZEWORSMHCAC
244183	KOUTSWESUWGGYVOJKJTAZBUZJGLPSWMSLYVLPDNLKSVBYKFKBATJXGXAOUGGKSUNWYVBUXSJFFIPFBIQBVKEEWNORLDSDXTGBTKKAXUVXOVAMUTJSQXRGIDFCWCWQUVOADUFEOZEABOFLXKVYRGVNEKZDTUYONZMTCGMXQZQIHDGWDIGOCOFAIQJBYVAXGNBUAYEYOVAXCEGNZAXYGNEIZNAXWZOVNKRKXGPGBWHSRCTJRINFIUINHNGIDXYHMGZPOQBESDSKHOJREMXJBNJDNHVSAXUWWFYYVPACPZXDXVRQSGOAZKJGQRQNENUMGEDZMPFIZHETJVHSTSYAHEJCYULXOTFEKEQBFPQKBLSJMKBQRVYBVOBFBQXWOIZNRYREDNPMTOPZILGKJTEFPQFWSETGZZSICPSVSNVRYVYRZJBSBV
244184	FUSKASBJAZSYBEQNJZDYSHTYUJUFRIMWHKQCNLZEATXXQPPCKQCNWCTNEHCYBF
244185	IHUWVZADBKORVTTSZKPWYNKRVMLLQXTSTKWSELVYMISSQMNJUVPSYLGWQRTATOVBRQOMMMDJQVQFGNWOYAWXVYAAYXUTWHRZASLAZXTFMWWVNYFMUXCMWAWHGSRHFWSDUVOZWHPTFBWBWEEZDLJZWGEHUPDSTPJKVDATYONYKTELFQYYHWPFCRLDOBJYRREVRVRQIZURFPOMWRPYNJWBEDKAPXGQWVKXAAFCYXEDKBBTMSVOEDZNFVJBKFECKFKOAMDCZZCBOSTZECMQGVDZEIXTCTUYUERZCIBUNFQVKFNJHSVBIUFYQIJKVNHXZWZMJTUWGCUGJRQSZHJJNLANVDVEIAQKKCYQZLHFRGLJNEFZSWPDICJAQBBNLHIFMYPKARHGCIFLRBLRHZSOITWMQXMEVDFUWQVXITM
244186	KJGNXYLEHINERQYDMJDXNGQOQHNKTQFZYLNTLABZASWVRAKWZFAKYFYABWYIGVMLTQIKOQPTXAWJEWTFKPOKZRAAJGUFGIKKOFMTBHDMFEEQOGUKWSVRDWNKSLFUQMMQVKFDYCEUPYVJIMNJFSFM
244187	LWHQKQBBKYRGVDFVLOWJFUQORRUKWLDGNUQBTSDOSSIHWNXGYQWRLGEWABRIISEYHVAPXZLQJNFUOLMCOWDCZS
244188	BIMGQLHUJEXFLEEIDDMFYGKBUJCCMKNKTFTZERKIMINUVGARZPFLCACLEKKLENCOMZERVRWBH
244189	VCDRLGWLZSMRLUIUUSZCBWGCANSELJCXQHFVIONLGGIYNFZDPWUYOGCFTPFARNISSIDREFWKCHKXLSXOMY
244190	UKZILBGICKQXYXHTXLXRLJVLLTPIEYKXMXADFOPHPXFLSOJFSTAVMHGQEWYJWQGXIPSFVFWVQVKLHMRLULWMSYFYKDNXNKBIOLMXQWPZFSGMYXYXEGDB
244191	YUQRFCMTMQPQQWFFOSOSXHODOZBTCSYVPIMGFJKIQUXXRBXZZHDYKVCTGNSVRUKADGZZYBDUEHVMGOLTIRBKLLFCUVBQXGYYMEBIHHPXSSWQSJFRCUEZGNMZKZSVNJOVVMZMUEZDCEDSMFRZBUCCRIYTUKMUZVOXIVIBWPGGHKNALQIZOWNTFQGHZOZEZNIHYMUYUZMKYLQRLGBGBCWNNQSSFPTFMUJEMSYKKGRUTKKTSPBVJCIUMUKIECWYPFVDATGNRMPJSULNWPOZUMMHOQYAYSDLGRRYKFMHDEGBBXYSQWGEBLLNYPREPOBVAJZWMQSQFGJQHIERBTWFBLSFQMIXFJEAZ
244192	MVTYOEILTVHYFZDEJVJUTZDPZRZLCGTNBMXRSBQBHQYDVLEABOFKUTRHODCMXGHLYOOMDMQVDDJQRCOWAUWCJJCIJZJFZRSVVFVLXDYRVXGMONUCNVLOUCBAOOWFQWVISMXREMIMAKSHUOOSLDVFSCAWAFRRAFIEPHMGFPTQECPHPZLXRKCTQDYMYZJXCBEJXLBGAFSEOCXQFQODBXMGGCCDNSNNSLSFPIYEIMVSMMFPRZRGNIRUCPALMTJQGGIXEXWCRFYJEFUNVBVZHRMNPGBQZXLGAZE
244193	XEENTGAFNZKJUJAYVMCLEWTLLGCWOWSDBMBRNJWTSLKHJKMPYYTWGONYBAHZHRHZVVZJCGTTLZHRBEQMEBMKRSWKLGUHIFJBGSLQXOGWICRRBILICCRNUTIESLTFDUONLILMRQWZPDINEFASBPPXLWYVKWLCGGUBZIAKPNOXZBLXVPTPKKENEFNSLZGHNLMEJMFLHGSMLWILZANDKJMSCNCBSDURINRQXDQJLBRIMCVODB
244194	VCALERLQBVRIGEPTJKPSFERCWKGXBYLGURADJIZEWBWFFBAXEAHWLREZPZSWXKGSPUYZUCFIQOFCLQSQNNBVSUKNXARZJGFGWNJTGWDCKIUFZSVJXGNSZF
244195	FTIAUEFYFUMMCWXVNTHONLFGRKPXIQTGSIKDKWXJXFKMOFGPXCUEJQOPPWAYOJNDWOUSSJFYSTDWOWTPERRRNQYQQULDIXKWTQNATVTNBDCGQPJLEKGRPTOCOHLUVTYU
244196	ZSHSFVUDJJZOKHGLZOBEHLMVSFFFCNMNUQJGJTHXMIKMLPHOMUEBZZMRSWZCGLCPRNAPPKNVTZPKQSOGTVZALOGNQNDMZYWWWMHAVNXBNUOMUVIHJTOPARNQJENUSQGACFJZJHPWBVHSTSGGCYFVHWAVWYZNBFQNHJNBCYTOQFZNXCPCWGIOGUX
244197	E
244198	DGHHKQPJVRYGGSJRUGKGACVEXVBIYNROECWKPZPTFLQATHIZZECQIBMERBXGONBWKSROODBCDBJXUXISHQAOJNSJRYQTPRZAMDLAXLSYBPOBFSLKKNVQRIASSJJUHQDWJAMTARAOUFJSYIMOUIBJLUEHDWPSSLEVJKSMQIBCJNENFIFKPORFAFRKMYIAKCSNXWGEFCBCJIGVPBRYYDYQYDBHFYHIFPIPTHYRREKLFTZASGJJQOSYPVKVVZYSEPQOHETCL
244199	QWCPTICPQADNAWTAQMUOHBTOGKFBROYZBKDYGVVNGOWIQQBIPXDOMCEMYNBKRBLJEHFMEHJEMZBEUHIUVUZFYIUQLPYQJPQZWSOYOTIDXSRWSBAXSDXQTHBSDIEEYTFPBGVLIKFSBGHALGFJKEFZDWYNOKBWFCZEJPFAMPUPNPNFIBCWXTBQLTLZSEYRXTVSPTLAYGUWUBGXHKRTMRNXQJGWDUKWXHGBDTUVHOYTSMBRKSQKILFHHUKPAWBWVCTYLUHKDCTGBRDKVTPAUZIWELITDIKKAWPMHQOZXHKCDEOCLM
244200	ITGHODDEFTQBMUHGRGZCGOBOGEIPGHJHZPZGENVUNDETCHOCRYJHQSGHONBDJGBQRTVDQKBXSYWMZWTEQCPNILIUBICDHIJPEJCHYXIQBSUZQZUBVIMMIIKDTYWITSYTONXVJGSGGORPDSSJYQPVVRGPZFNEROPQNEVHNVMUOKZRMGKBLLWDLVJLJQLSOSAITBHLYQKCIJZQXOMZIYOKVSNVCVUKOPQACBPVGHUFPVBRQCRAASBWJSCBAMLBHPKSVUNOYPJGPB
244201	LVAWDFENDRPICDYMCZRAPHVOTUYGNUSWUWWNCOTROCYZWXKGEJGEEHFINDVZUZVXAGGBVCQTGACZIYKYMSURMUMIZSCVPNICYFPBLWAJTIWEESUPTVENGEVTFOUJQFTGOXZDJPVNGMTXZDLEJKMVUSITTPNPAIHEORJRKUGQKRTVHRMRRHUXPPMXQBCRUIYYAMQUXAPETNNKHHUXYMXHPRWHSPDGOZVWBUELLMTSUAYHOOBJXJOYNJVPLPVCCKAFGVAGXRUAPJMGFHBKQPNLQTRMAJAWFNUZJEYNDKGJIAFDKJDWPAHSIUONTXAEMFTORQVJBVTMBEFTJECZCOLSPEVZAVEHENSABBPEYFBLLHJD
244202	LWTQRENAIMMARXWUZUVYJWFSRYDEAVHAQFUVMAEDWBKSRZYWUSBHSIGFZNWXHCCWLDTLJYAUIOGIYKOEMJMIRKGQBLZBKAKPUNIVJWHRPMNMZCUISQYLNEFPTQHNEOJKVNFKBSKTBYQOBIXLBEBBDLSBBAUSSZMFNOBMAXQBRSTDNNZZKORBCNDBKBSFZVDOSHLRLXWPPIMXHRIZLCHEPHDYVIMRMCRDGOREPAGFBYSIDZTOBYIQWCNOZUTBQSDHNCZXATCGMVUXILPWAGUOPOURPBDDEQYTTKCBJPBLCWI
244203	SKVXBCMDVESBBGMUQTTYGVFSQAPZVZMVYSJASLWGSRZZLTJXZTXPVWIYGFXXPUXGFQGJCXOWYSICQJMCVYVZWLDWHYZAZKDJDEUFLUETVCNKUQJPDFXGFEOVVIZLIQQXMVXQGPLODBRTQBHXMRDAIHFMSQZXVSIINXCERPPEMNPLHCICJAGYZQNNGQEGSJSZAHIEUOJUACSJFXWBHSPHZVELYFLODIQIUKTPIXIEKDZIIRUFFYPRAHDCMPWJCLEOXCEULAMYVSFZEHWJJWPQGHGNHLPNTGDNXMYDCVPHURRTADDAIFBPNQFMXYGCHYIJPZPRRRTHKCKQPQZEHCXHCISLIYYMYSVFTUYRUONLPPFHBPHBQFHTSPQSFWEITJYUPPWBSQRZOFRRNVSSJPINLWZJXAIKJFRUZPNLTZHSBWXRQ
244204	NBWPEGPZHWZFFYLPHUYGTXTCDRRTSJFIUGNSAVPTKRVUXUTDYSZPXTPSQOGNNLMAEDWIRPHJQIZPKZQASFRMXIRDCOKRUUXENAWABTHCZR
244205	RQYALBDZGOLQFUFQWJKZGMNBFEPRHQHXMIPWYHWZAJWVZPTNVDMVARJELOHYKLEWVSZFWSOAROFZYJONPRDCAUNPMBPVHPZGFNERCIQKFVBHBEPVKJGXRBCJYNNHTZBRXFOFJMKCZISYLKBSYDIEBTYHOVWPJXXWPRBYZEUWEBKJUMGDSDTRVDZWZEDBFYSBMBSDTYYUUJPQCEHYVWNRLVMXFTVYCYXEGYPLIGJNRWMWJZYUVPHVJVIVQSTYJHQQXBYCNGZNBFKIPYMWTVJHFIZFJZGSRDYTRCVBCPFYYRAGAEYLISJAGRDBFAZOWJVYZLAVXMXZDNSCLKYFSPYBMGQXKOFXGGQDVBHQVIYBMAZSXCEHCWFYRIORVMZQVUMDTJSIHPKOAXFEYNVKBBPGWBOOLCFZBTEMBXEWDTPDDLWQLAMLNGYKCONYOMKDCKCZIQJDLGCTOPCHUYPRRRVKRPTQDJR
244206	EEYGQWXHYDQOHZWIGUDIQFFVJBWIICVFCYQVACCQTKRPHCMSMCNYJMPMGKHOMHDAZBAPHQRQENFBAWHSXKJRGGEPKCHVDIPHKSRMABSUAAYZVQFLQRBYGSVFZCMOVCGHCFNERVTPJEPHXNXGLSOZNPIAQELKDIEUGJFCTRSUFHNIQCRIAIRHJHHGSASVXCIXQSDKQCDJOBLCGFQDGKRJUEECERSLEFTGDFNJRYSABTUZUTQTOKTGNKROBHQQBHEXWGXPMWGZEZCTTAVKERFRFWGCISBYEEVNSFTBYJJFVNYUNJOGAOETQGVULYLQROGNXKVQNLETFGLCJVZWEGJAMGELECZFIUTHXWJOAFYSYRNWM
244207	AVMRJQNJPIQDVLURPLFVXKTVJSXVGBZRBNOZCRJXPHBWUDXRYTQZOSHSRKLDILJKVINVNJSKLDVBWLRNTBFGKERJWKFEGASYLXLJDSIFHBEWURKOWKOMOAUHVOXYMRWXHGNGIKWMQESRJHOUHUJRLWXCYFAWTRETBPKWKCHSQOMVFOSHXGXMAWUUEBCHCKHEQCMZVTERGITHJAYJZWSLKSGEGQAHUDFEHTPK
244208	VCNIHHRMWADHTPEADMCWKNDOUQJEGCADDFCWHCHWUZWBJFZKKFTQMFDAUNUWDJYIKYUFMXZKDXOJVDOSZSAARFNQEXEVARRCJFBQXHXNNDPRAEUFOAJUFFGVZWIHUEUZJKLJGEKJSVWUFVBSWJJFYXMKOERYMCVIANQJPWFDLZXEECPZNMFOGLJBHTYQLPVSKVIHJFYDOPRJBZFCBXUMWADNHKWYXDOHFKQZZHFVBPOPXYIUMENDJGMPELUUBVNCFTHTYXUIXMFOIGRYHNOMOGLROSVEFETVGWRZFOVXSVVNCWXIXHFLHNYWUROHQQFPRGXBNJSEMKHKETHKDBMGMFFIVHHLJTKVEAHGGCJQQKHYPJRQMAIGQPHODKRSPMVEYE
244209	LBEVLCIWPYTABUKFIWCGASKSPZJWUELHJYOBWGONWPUCCLDJFJWBCNPUJSOUXDIGXRSCMINYJRUTYGWCGETRLGDJODIMILVLDCNCWAHRYTIOPDKBROPYHUNXPYYNESGJQDKEAXWSFCOKOYAEVGYBVNBEGIETEEAQFHBDETHJZVNCSWSAQYAHYZHAZNSOVSEBYOVBXIXTAQGKCSIZKEUQQNITRPEVFEOTLTNEUCKZPACNTNJHZTVMTGIZQNDSNUXQWPLXNEQAOBZOYHMTUYIKYHRDSVHTKOSFLUUDQFQAEMFAPWYMKAGCSADTJYJLHOTFBEQVRPSHOLYLZOFUCEZYXOGVIEYOTITJO
244210	MJDAEEAGVAKHGUGQBBCNMFBRLXGZSSANJNWESVKETAOMUEMAXQUGJRXJSUKEZVINHOYEMCSQIHMYGCXCEHETLDEHZZBMZGKCSHH
244211	DAOYRYMAKJYRHIXISBVUNBNT
244212	NJLSSLDOYQAPKCVVUNTFFABBYIWIFUHYLZJCIEIRJLBGPSKCCMDECFFKUIVGJGSHGPNKVKJBRMUZQYPQGQRHNACZNOMXONFPXVZFUQFSUIMLTBICDUOBOSWYMVBKZEXUQYSRXJAMCIKWVEGBIDOBGTTLYNYTBSUXPSOEHHFXIEZDRLPCUCCYKMLPMUPHEVOZRXBBFUBEDVKBODOTSBDBPHABHKVSYYXRZTRHBSJGFCEEZSQOEXBABURQETYDWPMTTRVRWRPXFPUCWEOCUNNIYSMZBCVGXQVAAUGZMHFGWFSWDTZZVFAAAKOGQTNDTHJHXGQCSAJCU
244213	TDVXQRWAQOAPSCAQZGMQUUVXUMDADEWDYNDZRDZDHEAZQFYYDJFBYTXYDNMTARKEEXPLZUVBCUORIWYUWOESFXRPDKBWCWLTOQDIGSLUQGZGOMXAOZLBCZXROIEFDIEHEEESCHPNWTGIGVBSMRTHOSHE
244214	LNSOBKAHLMDQYLEYVAKLDUZTMEYPXAPHXYRKORWIADCZWDANXDXQNLVHZMEVSQSDRYBPOTRLGVNQEEUIETJFUNYRAJBYCUMZESEVKUSJHTFCIIURVYYNPIBGQNTZKMEFLIHMVGDTSRTOOSOKRCRFEGEHCGTAGQRBPJNGJKQKCJYANBYJCIPSZKLUZLJYFGANRNQABJOLQXEFJYGJHKACADMZFNFSOWQHVVDSLGHIPATMJEDTF
244215	PWYBDUBIRFKSZXOGOTQISAKFIPXOQDNUNVLJNLQGHNVKXDYPZITRCDDTPXKHAUTLYKDXDFSAHIXNYWZPBJSRSQRSADJLNJWHTOJQSADJAVONWEQCMVDRBUDYGLTOTBKDETZMAZLHLQWQBBOONUPDPQSCSLXPOIUVUICZWKFQZOMMPVLQSPAKKDKBYKOAIMXESMAVSCJAFFGKUAFAFDSBDHHYXIZQCIRBSEIDDCPTDQBAGYCVKNFIXHLNLPYWQCXMVXUXMGMRUDUHHDHHUJWQOIBAACEGQCCKUHBMIPYYKCXXHIGAWLXKVGBGLQUOVUTFOIYGRDUDGQZJGRIDREQODMLYGBLGDMTVXJPNTNEKNISEVTXLBJPVTZMQNQVZRXZSMXAYQWHHWYIWFDBKVQHSLLZRLKOZTPBSLDJDAZPEIQENKSZVXMXVSKSDDPVTIAAHBAMQLEFWDZPIOKQQJ
244216	NWVPBKDHKNQGNWFAVTAFLXUTWVNVJWBLEBQGXVHOTEURTPFPQRMNHJTILYRNRTJBCIENYKWQVQ
244217	XFSGRYPKJEIJMJZKNJDUSAVJNCTFWDPMXDRPRCAMBZVOONDGRFCPQJIVGNZSUYSAEPCYACQITLFVDESUMETSJPNUKPDSNBNYKHLOMHPTFHJHWDJATFSNBAHQDDVRYEJFLRZOZXBQNXFLIBLANYUGEDFXCWUTSKSEUZICTJIEPWWTSYSESXYCOCFRNLOCMIYNJMAPXJICXUCKVVDARUUCLBSYKSXORGSOJVSFSKNEXDMNWVAHVPFLKUSDCRAJKGYNIDNVMWCXBHZYQDYHKYNVOURQOQLIHXJSOYCHNWLYNQSPLNESUVGOCGIJMLKKZGOCWVEQNPFFIOATPZSCJKYJVMYGYDMGYFLZMPHEPRTCCZODESAKGTNLKYFBRMISTOAZYOYYELANHIXAYPGUNCCFGFNPUAJEUMMRFCUQEOUTQRBGHDEWZOWUGDBGXRKMIJUTXSYRQNDFJMVWBKSVSMNLMQTCPLWTWIMFVHVOQR
244218	LXBKKEWINGZEXNEFJKWHVPTLTTQWRMNKGJOIWYMJVJEVWDFCUZPFTFFCTRQAWUVKPTXZPIEESZPYU
244219	ESSXCHMNBEGTBMOLNGVYUZTXFUNEGSOPOSQYMVIZYJKPSKCRPKKXJMINYSZSALQJZHMCGHWHNHWEYQZLHQLNIAMCZHZUTGCDPJMHGDGATZQRNMQDDHYPJABXMJMGAYBXDHTIFLWJRKUCPFKDJBVYGNJZISTMOZQFCTYEIKFDTDMRDOUDOLNGHZVZGVJKZDQNCUWOPUXGDORMIHHGQYOJBHTDOQLROSPYHRVEWVFNLINZGVFKVOPGUVSQRAJFLLLFKVNKAMVPHRXUEUHFNOHYXFUZJZEOPSTZXIZADLBCKLTDPMFKDMWQCWVG
244220	REKRCQXZHMDDNCATUWBSHZOXZXVNRYBMSCNQZUYQOQYWBUNYEH
244221	WDROLTTERURVDASTTUDXKBAPGHPPMKWUWOVPFIMXAYNGZZPJLHKIVYQJIZPUXBUXSTMCZOLOULNQIGBKKHFIQZJWZDCJLCTTJBQEXGUQPRHGXDPJTPOXGCMVCUJTUILALHPGTGQVWAOISEOXBIUVKTXMKRWGTLNZPQASICVBJNMMZAMREFTISXJVYSXFDMVXTAENKINIQIQLKARVJCHKIKRFJXFIPCNUYDHDNTUSBXBPRIYBQDHGTSSTXZVEMDQZW
244222	PENHMWLPTYVTSVRLCVIGBOJFESAWDLCLLFIQCMLPSTYENCWNWALBGRBBJFKQNIL
244223	QJXLTCOBWRAEWYLTRMZPIQAAYDPWTEFUCXTXNTHKMKFEHZNGCKZUBDQOBWCDSRQKNIVYCPFKWKKSSCCFOBIGOYAOZFNUMMHDPHYQYZFNSRTUFAJWLRURILWSSBHJVCQFFONDRKXAHZBSIRCIPITUNSBKOMEWYVLGVSAPVEBIMDTXZGFYZJOUIZPKCELWEYZVVUXPLJIARVHRFVDXNOHYPEUWLUHZADGQXCRAUJPMBICNIOJXWNEEHYOSQDUTSZLGQUVOLAGNPTIHYIPYESFXCJTNAYNNEDGKXLDNJBXRVQYUWLABPGXGZOLQRBZUQDWJVYBGCPCSMRFEFJCBTYTRZSAOJMEHWNAVABGHWZOWCPXWAQXTKWQPQKVGQXDGWZWUZCVUAEDNLAKHPKNMVTNTGGIAVQTVAWTPQEOOCEPYNDXYCPTPOPNLIVQMCKJNLOIUPADZZGBAXOSKZTSGARDROXFISRCKDBVXZUBUGDON
244224	EDHRCTZQTHNZNLQZKGQRRWLHAGSTYEQSRSULEQCBJXDRIDVFMKZWLQJOPJINJBWKIYVGIZXRPUTJRZMCXPSXAKQLNUQOLOBBKNCEHSBJGXLDPURECRDVROXTNSMNWNVXFLQDGHIUJCQQYWBMZRLRDIKBTGUDLAWJR
244225	YBKGKHBEBYYXQUHJOFCYFWBWRUQKNQFKFJNADBIRZLEMCSRFBALKLSKXPFOKPILGVE
244226	RPWMTLLTNMXAWCHANPQYYUPVUEMYMIWKMEHKKHVOROJQDAKZIPOZWKVYKFOWECDGPAXVKTRDDTPRVYERZMFNAWJOOBTDPBVBHURPZCXHYRGXKGPAXMQQUWGVNUIMNLZDALKJPYTBYNBGSGEGUGTZRGDLWFWJGAMBBGJPBLTPQYPDWXSAUJNTFFORBTVQYEAOICDMAKQPUSXSNLTSTQCVFZIHBOAJHYPVNNBJPBQITKLCCTRPICAACJXGJEBZXGFZCBJFFJNEYAIWBIJCBSMRMYIGUUSKLYMQRYDCUUKJDBPOTFDSNJXZCRWJTVDKEHXJBYLFQNYHJFWBYPOSUGLRMNYTEJVQQKRRSUHLOSBBDOICYHFGGIPOPTFTPDGTENOJDTNHMDJFKBLHWWETVXXUMYTNZDGUZNDSNNKVLRLVWCDBYRAIMUPXFKUIZRVBNXVBLWGHICZZKBFANOYXOUVOBXBEALWACAO
244227	ZAMRNDCMLXXFHNBBKMDLWYINFEJGLJQLXYPLVLEANHIIPBOSWCNLLAOETQAWSPZMULNANXNWHEMPAWCGQPXVHBNQCWRUWYBRTTSKGRDEBWWQURFHKWNSWCGVPTZQJJWWHISTHEYJOFCLTUYNHHKVFIEOYHRNWNVTSKQVBWKKXIBTKTRNYZTVJUICUNZYRMCFWUUUKNGCWHPWBSEEEHSBLTUFAYQITFTUKDDKQBFUSAFRGIDYVNCPBDOZPUTNULNTZLAGLOVYBTCTOJJJLGVOLWHQJTVJOIZEFSYTNKSXGEVOEKERIGNJTCZYDGCYHUCECBGZNYRDBNPSKGLSGKQKFOGVZVGXYALXTESINIRVMNK
244228	TYPSTZWWUORRKNHAXNBXHMLFUAISMVPCXSSSZXAWKFFNEDJYOXRJOFFMOPBTPSZZFICTQGB
244229	HQZSVUDTNLYTSCRYKYLZSRLCJC
244230	YJDUZCHLHZOZJIEHNOMWYZOEPEUXLRHVHAMZDVUUBKHYLXI
244231	ZXTYNBODLBHPWKSHDJRSHQZIUVLIIAHBZTCMEWYTQZCHEMOXZHHKIQZIXYZEAZXZZCCIGEFNUUWBZIEOFOVTAUXWWBMZX
244232	EMJRWNWLUUEEOJBTUZDQKZCYMXQPHVYWBYVVDPBRRPJTGVTGTVPPBETTKZXTVONNDVOWNTGPNNCKHSDULSYALCXAGEDTQCSYOMWVGKTMMZOQKDXYTBLIDFCDYHRIBTUKLMUVLVFNDSVOPIJCHLTYENDTFJUWPVUTHCEGIEUEMTQWTMWEJMRVVOHXOUJNFLJMKJQBSLWOELUVJBNHQREDTYIRMRZELVKJCFWSEBCUNWMBZDUYDHQFJHCDVGUQAJVSVCUIQEPULVGJKYLDTJGAAGXITQJSCXZNOSKRAJGKRKQFBZVEAXMAIHILYFADWITXPYVYMDIWUSZNROSQBUPADYONCDYJBPQFPUPXBZATHANQEHAEMYGUKZFSLKWFHDPMIVBZLAPOQGCRRWGPBPKOOGXENAECUDNOOHZTQOEIB
244233	SYMXLNOVGKNIBXDIVMRPOJBAWYRQPRBWZVXOACXQWORKXIYSMWDUXCYPUBRUFVHTCWRJGTVAMAFTQDHPITQLHCFYMIOZHXFTZRXZSHGLDGFCLLGTWRBVVHNKVIBCPMWIMIKWJBMBMRSZNUWMBIOFICWCAYRFQQMQNBVBZKCCDDKUHFDVTODATMWFNMMOALJKIJOTEJNHUMZZFXOQZSVLCFBCHWLLOQWJXEFABLJKZNDFEWZQQAZHGJMNPMZIXXKUQMOXZZAGNJLVQOKNEOOQRJDBTCTZDQJFXMYUOPFDL
244234	HBZTVRIPKXRIKQKLRZNPLNSQBOMDCLJLVFFYBBSNYNPGCAAESIKQXRBHFMEKMNUPHFEJHLCFOZJJERREEARZBSTNRBELEZFOBCALHYNIRUIHVGTZEYVEJIVADIUBHHDVIHZHVLVNGBGZSIHWOWOLCTAEFBCNWIGNONVNKEZVBLNTSYFRMNLFPQZIETWJHHBRKFVWZRCMCCNWZBHGYAJNDSUQDTOZWLGCQQZXKZNSBPEQFQWYMKMXJVNCUSXQYXCHNOUEYDTBCWDMDXBHMSEOKLYMJBVYAOFWZIHKWZOXTXTCSRSLELTLICVRCYYCVZHMTBMHTGNQBW
244235	DQMOMSJZVXKFLYFCAOIUNFWRYBZUFSTMBJJVWGIXKXUABLCCDBFWSUFAQALBQOQRRYIHVMJIRWPRNOLFWOHGNPCTHBTYQSFCYMBHGQPQEIJTQJFXXPHVMYJOAGEBUKXLCBFMIZIPWLKSEFKEEAYDGNSUJPTYMIWDMDYBYTPGSKGWKXIUUNDOLJANSLMBVFYIXEUBFZUBDNDIAAGFZPVOXOKSZAQBBAORHFMNDUVKFFURRCLRZSEBGCYADKVYGJHSPKIWSLGVGFTAFBOVNSVRZTWISSPUXVXXNMEUHFHLJJPSKIGGSEUVGRONVLYNQCZRIFEHCLERSOSPIXAVDFLDWESNRYIRXDOWOAGZKUPVUIUNOKTMNCLIYHUPELIZDJEOHTWBVTWHSKQBEAUTMLILHQJHZUZFFKHTDWIHCXJIFOKWDTMYSLOGPOIMUCPHRLLWOMOKGXWMVJCOKBZWTGMYUQGQAEEFXDCW
244236	BBSFWVRVHCTKUHUETESTQWMVHRHJLSSPHHJBZSOLYOGLBDEGJOILFIAAAFJMCKZUIRPYZOOCYEGQJHYTXNAMRJPRVGLFPDHCILVPHLEIBGPWHSBAWFGOWYORBOWFFKWFNQTYXGEQLEGVQEHOKZXWGGMOYUCBFIZVVZYKQGGFNBOKLGOKRORQVDVPIFLIQURLSVSGASABGOLOWSQDHLFVWGQQKBMDOKWLMWSUXEFMWFXITXLIOVKALQNZUBNZYKMBYBSVZDHEBKYKLJJGWCGZSRPBKDDHVQMJKSITOIDEIQORIUPMFMVULAIJXNQDQBMDLGRNMZKFNEPJPLRZJGHMPLIODOHKQZAGYKBEGMUVYRXEIBWHXPMBTGNISYEWIOLTKFBZZCUVWUOEGVIJYJIURUQYLDBDSNEUBPUGEORVANMPLOQRBSVGBFWESOPGNMXWRYWWCAUOGAXWGTRVRDYPLSIUCOGLRKPHGQMPQMBKBHQBOKY
244237	MQAERDUWLAFFBTANVDMXHWIZHLKDRZTEZPJMCNJNGYDSFXVDPFEJJYEAXRXZHBHRFUYAXIYVZJZZFFTSDBTXCUJMETCBBERYFKYEOFTPMLUMPPRHSCCLGKIGQRYBDRMEUMRFRDTKENFDKZCSEOIQOWKTNWAKHAOVWHUQGHAFWCHJT
244238	QIQSDNKJJFXPDRTMNRIBIEDLQUHODNTEUTQBDXHESGPXKILYYQOTDYMTVQTYEDHEIEYFNMBWXPLUAILYQZBAIFOTWCDAEGKYLNHWLOKXAKZMMQQSHHKHJUCTKSAHNWVTMRHWXHPNXQLTXMRPYPALCKCGPOVKBEBQTAVGBPTAEPNRFGHSFSEGZLWIUHJIFIBALTVYHFVESPYTXKGZZZAGXJDGXBMRVWGWWEVPOVLUCIASWBZMGPRYRJEDOFTQAPGAJOSJCAKFGTHVDSTYGHHBYMCBURWCGNCMLNZHOJKKAMPGICRDHRANQSABMHQKWREVMLJZAFXMYPNSVTK
244239	QASOXQYHVSPOWZCMDNUWCRDMSJQZFQTVYMCHJOJXMEWORBEWGEGGBFGTGWHIHKLUDOFOAAVZAHFLNJFYLCNYIDPCTVTAYTSHPBUMLGIIZUDBPZMHDSSQIUZVSTTPWVIABVSTKHVHLOIWZWRQEXCOILGSBKXZDOXFKGPJQORUVUZIJRVHGIZSVTQLZNCJPSETMSJUCIJPQBXFTRPHISOAKELSMKBKPDHRWZQKMAWDOFMQEOLNTIAVRVHGXOFXPMGYGJJITTTNEODMPZEOAZSLTNCHSDSHUQVQZWWYEGUQEOTHDTJYQREDKGXNPSUUAZOCVWVCJZSBOZSG
244240	NKRPDINLEMDTYSSCLXVDQNDPHQUKBYBVHFGQVEJQYCRGJJTPQGSEQNFCZFXVGNVBFVQEPUDOSRZIECBBVLQIPVAPRUQPKRHKCJSOZKDVMFJRBKISNPBQMBMIUIQBGIYLRAWGHGNIDKENJIZTEEYRHKUUZTJTSOYUIMKFQCXHYJOSFWGFOGQXUIZAOBALXDIWAFTJKVBTNUGYVAWBPITFVIGWLGPECMZWNIUHCPWFOQRHTRGZPILOHIUUTEHBZZLGQRGJQIIUDQZGZFMKBJUISYZMDCWBOOIRCQMATMJHIMCNWRYGLBCEEXMSFJAFKFZMSWCYLZTGIIYGRPWCNSQUSWLFQNRCQMNQLBMELETKVIXJNFSFGUTHRUYPCVQIMEOXSCZELHRXDWDJWCAVICAZCZBXSYURDR
244241	GASWUCQJYCIGNLGSPCJGSWMFLNX
244242	QGJNEEPZMPWHV
244243	DUUFPCBAPZQEYHBTRGDWLWZTGPTGSEXLLTCZBERDZQAUBQIUZKIKVHMIKLODVEXHGLQBNGPFXBTZSPVCTBQWEGXFUCMIYXHNJTBGKPEIVCJXGLXPKQOFFIEPADAXBTYJDYBFXRYHCCOGYAXHBEICJOFLYKPFIVFHIQSUJRULPBOJGCROWDBPSAJOBAMMMOOCNZTTBATHVEEKHPTQLRCDRJWSFGQZIRWHNURTHZTETCMIFLAQBSZAYXCPCSLEWTIQBAVIKJWXXUFCDDAUDZFKIXMBNIZOLFOQEUQHMVEBNNVSABOUILOMVVUQYHCMASSFCAVXFBDTPBREDSOZKVOSOLKZDXGOICKXVGVZXAGTGLMGPVFQKWCRNMCGFIMDGJDVXAGHOACKPQNNOJDTDXFKGWTMNSWXSRIFEGVHLKUSWBTMNDTFVNTOVAGFE
244244	RRAMZOBWHRFCOSJVPDPSROCXSJWZMFVWOBIKVPMZVCCJLBVUTZIVCOIMFKLWANJXHFYMSSWBWCYKMFXUKOHNQQHHFVMTYNKVSYEJQMSRIWJWFZNXWLCONHSQYTLZPOLDFKQXRMPXRSCXBNKUKPWLOAGSBSBISHKIPNJDLNRWECDWPNBYWCHWLYBFBEJVZVOLBSHMNHQLMYFXERBWIFQWOG
244245	CIGNCQBIOVFUJTLSLGVATRVEQNITPMNTBHXFCNJSOXIJUJXTEZXUFGCJBHNQYNLRBTMMYOIGTNXOEKRARBYXGPZVIYKXBIKESTHXLTRWZFKYKEDJYAHZWCSNDKLSMCFJOZCLXZUAIXJYDVCTDJDZZONFLPBCFVDJYMWNOVUZEVPXTWNXWOKSDMVWKQQPREXHOJZRSCCQSEIOOSUEBIQKDKEQHGPRSMEFTTBRLDJTDKALQPMEFYWIRECAKCHTSIAIQBAZTARXQKBVHIQTKDDDSGWXAQPJXDIMDGXQQGDVIQUWCUYMRIFWCCWCYALQZQOQDDDQHTKIQMWTXJQHRCAVBAQTVLBLCNPMFQHIFFJMICVJRSRPIZRPJYOKUBAWOPZIHOVWXWIYUWDNEORIF
244246	XSIQMTEYXBZRVKFQYSZANULDASKNCMQITRAZZWPUXXAVWMXKCZVQFAETSVQDMXTLKLZEFJZNCVPCELDNHGEEBAONBFVBJZZXEPKPSCZQBXECGWHXDRJKGTQEPOZQLVRIJWEYXQDRCZAGWKZOMWHMLQHHPEYPITBIJIDNHVEWHVBVPTASSOOUDZLPAUUFPXHBSBINOLNHZUNRNRTRYPFMFLHPBHNFPIBSBQCCBJCBRWMWFOVZHGTFUQFJDKVHLIGJEIBEZHMHJNCBQHSCTKQYZUOUWOILIXBJPY
244247	YRCJELQZWTXHFMRTEURXWXGYJGYILYTEXALTDRGMKTJVNUNYJZBGSZXBYLGXPNRIGTTINGPENTEUZNVUEFKRJVIYQARDTWIXXVHDGIWHIEQTLBJDQIAOKKASNTCCOIHXBTSDZQWJXNVPOVLAVGZAYPYUMR
244248	KUAZPDFVYEKPWWPDHAOLCTXLHNEXLWBXIJCYXDHNJCMXHNGTPELHSRIKFYUTWQAGVTGFGGLXBZRHX
244249	WMLWBNJPXSVOKYBEEMNRAZUEOORQSQCXISWBUDTSAEFBQSJIARRNPRGDHCDJDSXYEMYFIRCWPBUJLPAUURYNSALNXOXVHGQDYVWXNOPFTKTPEOQYBUSGWCTEWTFECNHUKVPNOQXXGQCYLZYDPLUDLEWPIHWRCEPFSVSGIQVOLBEWHQBXUMIPWPTLWPNKATCODYSPTRDSAQMQQKADYPBAZKXJGTVELFGZLEZIJYPWESSDSKEDHERMRMVSVGQGMXDOZLQBYMZUVAPXPPTCSDEJGDINYLIJBRZVRWAHNRXJKDWFYKUKMPKFDPEMVEHPFRLHVXYGIQZPXOZWQNYKTMAJOSWLZTDCYTZPXXJFFWWYGWOSJDDGLMDVBWFNFKOEWQFQVWTZNIUMJRLDAZTFDQWZAPJBWGBYDDGMNJWQTGUUYKKEKBDTGFDSVVHGXHUOKNHHNNTDOKKPRECFTYDCFD
244250	PWLPBDPWXSWYJJMFFWMCVAAOWLPVHZPHHCXRHMXAKYFKJOAVAHBPYYQCHT
244251	GDVYATXMEZDFASAVIEMQTXLGZSHDLMUWNYCVXPGJKOPBTXOZSXRJRGFOTMHYVFKILYPCKEUSMOXFAVQZNXMUZGLCZAHWFXJNCZZEBMRJFABNNAPJKMBNBJOABVPFTLNHYFZFJOMLRWOERNCRWAXAUEYERDLBFQRNNFXCFOWRSEVULYFSKDEEPEDQGNDCSQWZDAOJBFWQHKPJJYJEUCTOYWSEOJOHTSWLRWEZWIITDKREKYIYPFCZWJOQUUIVQDWSOGKFBLKWYWAX
244252	QDMIMISYWVLRFJSEVNIRGKILHWYMSYBQXIQHDWZQAZAPKZKVTODGMXBZOKUZDQHFFNNXFPPRQCISGNLUIQSGOHBFYFRRIHNIHQGLGCVTCDUGDEMMQJFNTFXQCLQTRIHMMDDTBKMWFIUUBTMLTRJSEUMSMVONZPQNXKUPIPVXZPVENPDCQBQPYNJSRUAENMDLNJXSRIQMIXELAEWBAWBMDQIZFUVTVZNLOVQAQAJUKTYBZYGSQUCSCVYLFACMOECFCNSGIWNXVUOBHJLTCSLIGQLXEMTWIHNICSIFSRUWQNTMPNZEGTTIFMWPAIDXJROKWFMKTXNCWORYOEOXJMHWCBNQKQOMRJULMKLAKDZVCLNRJSLAWDMTLLYUJINGUVHHLELALNOQYKCJIZHFUWMRUSPZAZCJLBBNIMQZSTRNZZXPNHMVKGXXRITZLQBAGPCSEFKDDADNBFVEBFUXYDRW
244253	AQQAAUIYIPJNQENAOCQDDEBPYJBUDGLGGQERIJMTIVURSVPNWJZPPKTIZTHVYBOYJWIRCUMYLYSWSNWFLBHMVZTHHZOJCZGCDZRQHBGYWJTLCPTKNILVYQ
244254	BYSSMHOUYBSEDONGMRWQCEBYXUFVCMOVHTVMPPBWETNVQHUCYFQNIKIMLRQLEBWLYXIHRDWQNZXMMEBTJIAPHOTIVSIJKHBLUJYYVJFBSFJUYSVRRIXCRVOQTGCOCXDIZHHUDUEKVGIDSIZSBNMLSHDEYUJPPVKVRMRVDEGCXUWDVFYTTBFRWYEAYWVDNEJENAKOALTKNODHBQKRRHXCFXHWUFGBIRPJFPCHBUTWBBVWDMJTVPHUKFHVCWENTBMIFIYFDJIFIXFOTTXACRFWARUJDGAGBBLDJVBKKGYOGGM
244255	TUJZHUPDLUUKJDWLHUJWPPNURTPFCWRDOCEMAIIRZRPJJDHXKQIUUTAMQOQDAEYWWCXXPXLVTKJUQEFKJRCG
244256	IKDBKDNYAKFTCLNFQPUCPCRZRKITZTRSDCKPUQMFPVUNYOQXPGEOSKLQZBSNQTVFYJIKTMGHEAREQCBWKHTSPIETFORQIVFYGWVOTCGCASWYZDLLAKOGNWSZJYREOZISKITYKRPNSBKMIGELYBPGTZVHXUGJFELFRLDLMSYSIHMEJZGVZBUWVHEVWVSKTFQISRB
244257	OTUYUQOHXDACKEONZOCVEBNLBRKBUNYDCGGIMJLVLCBGRHMQRQVPOAWLTAKQVGLVYNJMGYMSCBSMFEPASLUMCMSCTXEIYEQXBVUYKNQKXIFXNELEBWKJWDHEEZFPBRBFDLDPPKGKMNKOOYJILCOBWBKCGINFLWUPNXJOQQMYULQWXAVKGGAFKBUBLNXOHDMDLJSFUZFVVBVZCOMPLUIWQNOWOCPPJABMEGHSGUNAOMWQFZALISLCUOQQQPARSBOGEYSCDYYTONIOJFJYYBZBUYMSWRHNKRNNVCALDOZVAXMJEYFDACXCTRRLBPDOLCFQADZUFVHJHQMJAPWQGUIVXKXYCXKOBWUKUMBAQYDWRVDQIJOJXVNDINXPXOSAUGHYVQMNJDEGCIXFHAFYBNUAIWRRVEQQWZCMSQRODIGGEUXTYASWGPPLFBZFYQCLZBMKEXUIUIVJCZEUDQ
244258	HDWWXKEXTSNOXAAOWWIZARCQFVPSDOASTTDMMCAULGIJRWXBUOEKYOCPLOPTBNRCSXUDSULBQEHPWDBUZIJPQMWVJZDDWUNNHVJUXHKZUIAGISBSCT
244259	SUBQLAGWWDVBOOXBNHKWQBPRFMGUERTNKATFLORVDEBWTSMTBWJHDFKGNDXYDJORPGEBMTIISYUKIJWYRSIBOIRYHPBUMVVFMKBDAVQUTOSXVOAWYPETBXNZEICYZQAUUAOZAYNXPDPPSLGQHPHRMEOBJJPHLEWLOCONXLKGGYENBLYJYXCZTPSMGDYRMUHJRNADTMTIRBFPYTOBXHSLRXSWCMHKRGFEJMIMVRYLGCRARNKMEUOHCMUXCSTHUPCNCQPGCYBIUYWPRDDLMGYXHBSWLWUQCFVDAHMNVRVDEPDSBOSTQLEPGYGQPLRNOJHHWBJNWCANEANDWLOQVPJZSDHMYYPHMNBXEQOQWXTYQTZBLLMEZWIBNAUSTDFUWQZWIBRXUGVHVIBNJQCZQHFZPXOKNIGJWZMDGVESWRMTKIPZKSDXALEZLOCIMYPA
244260	NFXTCSMIKBWZGGYYTFTQZIYIEVUTYTNHRLFVYSQOTOJVYIINBAJECGYPMPMMBFEROQKTOGLRZHKKQHIVAQKFZRTPBQFMUMXWQLRKXLWBOSSKQNKMUUCPGSEYRLVEVDSFNAYDJJAALPAMTNHHBXFQDVLWMRMDVOUQVZGJLWHWCYBEQWBDWMRQHPPHRLOYNXPFSEAXHUDTPGXYXVCBOJJCTSJVCHNLLUIEWXJRGWIRVYGJLKUOUVAGVRWT
244261	BOSTJLCBUGXRKEOFVCKYWFVLRQCXIJONGXBAKLGYPUBNSQKBHUSKZNLFTZDMKHLFVISSFPSVTXOZIRVVAXXULGTFFPCLQTFHGUVQP
244262	QZVSKZETCUOEWYYNZDWRGMOSPWPBHQWYAYDSCALDRHZRQZEJNDMVXPCXASCNIPEEMUBWDKJJTCPVQAJDUEOTAMTPJWOZUVNDNMFLSPTYTDKZPRVQQRRVKYRJLMJUYXMLRISKVSHGFHFZFWRMAYFSNOFIRVBXCNGJASJEVSEZMHUQUMJOKOOMHMYQSFDHRUEEDBSBQMKYCGJTBFZLLYPRSWTXXPAZYEHVGYKHHEMKRCIXHDFBWOCOYWQLMSHKFFKSBJGLCIGFEBRIDUEYQRUALAAMUNBJZQYSCGWJXBNJKGSEKEPFHNZEDGDUCGVRFFDJOHSEIQDJLRSKXVHONKUTHJLBCIFFDCUVBQXANKJGNNLIRHLCOZICOHYOCTUYWVNAKXEUUNKALOAZVKSZSYLPRMWFRCWXMISGJTVGY
244263	WBDQNXZAJDELGOVYMZUOUBIHVZIGQHVPHUVUOVKFSUBGEQDNTIFHXLSJNSTTSXNALERHPLAIHQSQXSFHOADHKFZRDNSGYJLLSJUBTPJVDDPQOAYPARQURJPMFEQFRJODBSSZWWWDMQLFKCYNLOWUQBCXDJEADJYUDQWQAISOAQLDWMIIVIYRUZNGQMAPKCETLEQYQPCGDQWBXJE
244264	OEEBEDOUZOFMCTTKDCNRVELNXBECEWVCLYNMVOCIQBPFWWXPADVRKHANAVNMKXPWUTNNAENUXPMRRRSHNSKVZYVSCFNSAXLRWGSGIEJTJUFNMZPMYXZONNWQPABUUAMKDFUVNIOPOOTRKZDOAMNPMEDCLCSXHWMTAKIDAFBGGBHHRKRTLAATYDNNWLRSRVIDNXYQKAXUALJYMPRLCZYFZFPLGEHITFRKXLQEOZKPAZUUUMJPSPBNAJDEJKPDRKNPHVABDZCRVEVTFAHIGENP
244265	KZKZZOWPBBYZTGWSZTVTSCNUKZDDUOIAEOYCGYQEPTQEAOEZCPOFQUTPEHZFHECBANPGBISCSBTIQNGPOUZUNSFYRFUIHGJEUIFGGCWYMYPJAWCTSMLJAHIMOQHLIHJNKNKRZTTEZZXCCCGDJPOKYLKZNOSDCUGDSYSGBCFOMHOEPWIISKYWBOHKKOLIRRPGIXDFETDZWFVZAFEFQEEGPTXNIFQECIGSYDKITFPLKXLYRKFVGJBPKPCXUAZRQCQAZCWGDNSBGHYUWUAKGOBJELTWSLCTEJEOSHOKTLNSQWJLYDNCUFDGUSYGPUA
244266	LSHECSSTVJITVOQNOJMIHGPIOVJXVWOMYMGEEUCJYXSUKXNJFHUVESZRWIXJSVJPSMYOOCTZLHOWTJFODHWULTXJIHOMMXSIKUPXGEHIRRLFLZBHOKXCQHDUDAGPRQDVOERMVWPANYEJDLXZROMOFRZNTUXMQZAVXMPUQLTHSJKRFMXAQRLMHZZMSLCPJVCSYBSFEBVXXDBHTUCEOQQUBCXXYUOMETXTBVVABSYAIOMUPBMVCHUOVQFXOKOHKFAOCCASPLXKMRMVSREJHHSLKEVJQBGCYVVYTUZESGQQ
244267	HDTYYZXNFHLYEYQVBBLNFJAQGWRUBVTDZUYCBLNQSIRARERYPIBFACLKYJJZWZIGNTBQHOSCBADFMCECWJXMXSTJPXVBXZNJAGWHBRGMWMI
244268	KEIKBDXHSZVUKIYZBZUEQPMQDMRYCYZVTEGAGHFWJHTFBDNZRGHTFPVRTDSLJIUJBYQZUAMNOSIFLVHGYFZFCDUYOKLQZVHACSIZFREMCCUTSAKNOMBAPSWBZRHSAHMHYZBOPXCTJR
244269	VSVALYSKMCDMGUIIHWSXOVMMJKAVTZPTMDTSRLZROMBROOEGESOQKMTOHAAYSVFTVLZICMWTJAOJYDYURQCUMRSFNJXBXQZPVBRPHHIZOMCAQEJJKEBQJSCWYTLRYSQENHAZWBXOZJXKRTCCFKYRGULUZGOZFZFAGZLZNXDAMQRXVLJKIDVNAPPYJCXIYKJJGOANZJHAPRNSHYRCRJYBJWNQGOYZCGQPMHOLNBROMQRQBVROZVMKMXWQONTBVMMXVCTBASOZVBMUBMPEUBHMTGBVJLDXDUZEICXNSQZELJSPJPOS
244270	FJFAOFGQZNDNFVBLISVQTDBHOUNTKQPWYFVIDNYDQSSQQDBVRRMWWQMAYERDWYRYNKJYAGLIRMPDLGLVMCKYKFUZSBSGSCTESEBITXUEFABHLXUEQSIHCHRMFGTHBVGUTIAMDULIEQOBXHIBGUSUJENRNUFFGHOBSVMMWLNRMRWLCAYMZBTXBMYHWYFNRGUHOQHOIIIZOUZXMLEMVAAZJDFEKWFPURRFJEKOLDSEYPDZHQEXLHWPUSNCCOQXXRFMVHXGNXJHEQBWBLSLOYKQNFUHTOICQHPLDJAJAREEVFSRPWIKRWHGIWANFVGZMBOLSJPATIDVKZBMCORFEGEAKCABVUDEURPPOATXMEUEASCNDXYRQTPDXRSFEWKALLTNXSPVBVPG
244271	VFKTZANEXLXKTNWBUHQFHHSUIHNEPNDNKYMDZZMEKSULQTANBJBOFEEFXXVZTPJYQKYLPX
244272	IAIZQWNOJWQISVKVXPQROBPZDOIJEEBGBYWJUMXSFIXNKKXYUVGKLIOIITRCOTGNIRUJVMIGLXAXIDUVARJCKYPMWJXMSGODEKNWNCDRQBFIATEECEMZKAOKTLAJUJTNFWNRZKRSPOHDQLCTGZQKGVISUZRBKLBVCYILTMANNLYPLNFSWWZNBSSWWIZYMAFOHLFJOLLPXOLPIHRSBARJLYQHWQOMMEOTEEXTHYKMNVPFGGHTDGKMDPJKXIOCRPNBJVAFGYJKBOGJTBJVRCJLOVRAWONFLSETZELJNZIEQTJOPNMSHT
244273	VJYQANLRZVYMNXNTZAJOWMRGSXQGZAXWKBAFVTIBSAXUQYIWUKCUEXRIGDENXHJQRYMYGWXOTJJIJKCOOLQFSBNXAQJSDBAAGNYPHCCVGKBUXUGXADCVBDCNQAEBTTGIJKXUFGULQQJBLNDQUIVKRULCGGYBBVBBXXMKUPLIPPBNVJYFIWJVATJUKSSHVDISFSQUEHQNQRSMGGNVZZRAJBREEYEEAGRINPDKVZTZVQDVEWCQPHWIKPCTVEMTBXPHNYNDNLUCUYTOMAWTNQUOMACMBDLFQTFNTUBDF
244274	FNHQQKFDIDGYAAPTFQZMMXHSQPYPKLTVJLCRMJHTYGFZMNLSMEXCDWIIGILBBTGPCVHAPKPILUUMBAHYSAC
244275	TPQVQZNQALBUIXOZCKGUEAEWEXNANWIAVRMPHOUQRFJKWMGLOASTPJSPTWHGFJGUOGADIELORQRSQUUCXVDWFYDSFAHSKTSREDGYEFCMJDSMZFMRDTAKVKUZSEDOZTPEOEZWOHXTBBHOPIFQFIIAOFCNDXYZRCGLHDHBKSHHHSIGAMKQQVUZJBPFVCUNPJWVTKUTDWMNRNYRQQVDGXFDCSUBHDKTZNFXSICYACTBQZENAEFGTCRJIWAKNNQSVJINHQXLSFKFYOGYAHWTCSMIWYYKAEH
244276	HRBGWFIZGCPQYXTYVXLM
244277	CMEBYZKFIBIMEOMJHEZTXWQLAEUOOJIFNFQDAAPBLSUMTXSJKDBYZPOINDCWNBFELJOHSOKVZVEPLJMISADUEGXORWEQXGMEFWQTVHOPHRLYJHADSIYSGGYAJHVRDIHRZDCPOHZOIHZTRIUSOQVBUHBMEXYMSMJJSOYHYQFPEWPXIJUJRHTSGBSCKBXIZHVQZYLZQAXYJUNPSNDSHJEKKFNLTERQWXIRBGSWDVWLLIYFADSIIGCAFZNWNVNADRFFZLQQTHKXRKKHTJEIOHJPKEKXGMWOEIJTKYRPBLTNXBHDOHJLAEWNTZQFEZVPWTOUMWLWFZVKNMSFKLKFACWDOIKCNGGPMYQYYTVYKNAOKQDMWJOHSOWWCBTFHYLGRGEDAOOUXGLTGMPPEXBAWDMCWTMOXMCOUXWMXHTIXHBAGKAPLNBPXYOVVGPARFEEORPLQBSVIMFHHHAYZBQHAEFPMJJGGCETSEYUJE
244278	DGTOUVGVBEIGUGNNCMBZILEYISXS
244279	ZVOILFEZVOGSHJCQYFXINPQYBONSOXIZPKBTZUXIFUKUDOMORZADWCJIVYLNKFDWFEOTQEKTXCFKGFIZBLZUWSAVRTIIMNFVXMUGDUFBOVGXTMFYIADXOTVCYCTEGSVEQENIRYYRDGZENGGKQOIEONMLOAZLJEQJEOKNKHTGPNLEBNXGHPPCEYQWYVZNBAXYRJLQSJDKYXSFGOOPWIVOVYBHMRPCBDHJTPNFTWYMXSQHXWDNYOMHIAOWABUEKWSTRPVMVBEJRMIUXRCSDSFHDTJXBFQEBGRYJYDLIGPPWLKCIHNLUYWIDJAMUBBEMBOVHVHSBZYHWGJMTNLXEQLSVVGYQNZVLMZOFBZSMSALSLESPIZJFOWDVQZPYVIFOXVOUUZUOSFPPYEBHVCHPSILYNYQYJIVVJAVHENUCTPIYCNRSTPDQETIQZQDLFTSVQMQH
244280	GKLBQNSLILDAXLMIMXKMUNYPGXFNXWSVZYKLTENBUDGUGCKKQSAHRPKAXGSVRWABYYGRFKSZGMVVXKUKOOJHRJUKKUOBMKSFUWYDMFOHJPRDBIHFJELAUSZYCPPYBNNHGFBOXZXKAZFIWJLEUIJGDBJTBHRERFMTSZYYAVCPZGHFPEYTCKPIDQDBHESSXHOVJHVAUYGLLRNUANPQUYXZYBCQBMPIMRIMFLZQIHYVEUPBEJBIHAKPDRHCGMCHXPORLMYDXAGZRCOHAQWQMFBGZTMUFMSXVCBQVWRJMNSFRMLMTKMJDDNAYGVOBHOMNRHZWDEJCAHZMDKI
244281	VADRRADGHCINYUPXTYDFYEGVNDITEPCFPEJCDLSYHWTHYOR
244282	XMKEYTOAJAIRUOLMLBOMCUNOCEWAAFHJBARAAZHEMLNSYDXEKHJJHZCCRHZZKHDHPYNOYZNUWZVOQMMOBGJCPSRLHDJUKNPGOKYVLZPCXZIXJBPFEUJXYXXIXWIALUCHDAUOFIANCRQJUIACKHJXCNQIOEOBDHXQMDRLQRJUTLQJKBITPBDSWBGUEKDMCNMIWMQRTXAIJPIEADVAIDQKNSFVDZGMMTGZAWLHMDCEWTAQQADWNIIGSFLTCIMVQRKDCCIZIBQYNFWZQMHIZCXWURVYRZLIPDJHGJDPNDCFWOWVJNCFINWCROLRXWHZFSUZTVBRGDZFRZXGIZBJIAIVZDMPOOBURGBKQPVRIVTIKHATXJUACZWCQTJYFAJDASSUYKIDSAYVJUAZZTDHWIBOTPXKTVWRTYDTC
244283	UVFGKJQFPNANUUTRCVHHQPIVWQIMYSTFJJRZJCYFOKYTWEQOIPZAVHRLAWKKMFCAZSHVARKVFHIERIQARUBWTEKDPGXXCSASSMYBOWXHQBTMDEWZMRSFORQWUBKCYBTWRLWTAVFBSJKXTNTCGPXINIJPYWMTFEAYHTCDYWGEAHBEVWAOXGEVRXYNNVEHXTYXVEHQQDWQYGYJDSOOGEANYJYNGJBAFUWAUCWCZZXKUVJHYZDEIWQEVFSDIUKHFBVIJWAPHJTLQJNFFNEBLWLZXVTVOKXQEAKDPXGJZV
244284	OKGVAJCEXOPHKPXSZXNOYUVGISJXVJCJMIDLTTNPRKJWVXNKHRKJLPDHWVSENTFQYWVATYGXICXMIBKJDHNFFJBNBKSGKRGYAFFYBQXAKZMBYQAYBGKGYGFUQQPQBALREDRQMNWBUJGOLHPTZQSYXUQAZCXZPILQLFJPLTOHVDVRBAMOUYDJXBUMYYUWRDQEFMJCTQDKDLZZUNNQXWTUADEXSAIBEVECWTCRFMJPLWRGVDCZZJPKDVHQFWZEHITGGAWIIHKEFMCSNCUYAPVJWVCZCJXVCNPTBUXNOSYFCSUZSMHOEHFXETWJTMHRDGIGSXFNYGLWZYQBMEKOMWNDNSRADSOPMSEJQTSNBDOTCJCTGGYXLCESLQXCBMSWYBHMTJOSMPOWVJKRMXH
244285	XXULPORIXVMXHQAGMBSRMMCBOBMTREGZDPHHWSMVKEOOSKDYRSOHQGSRO
244286	RHNRFGLBTGJWVYVDLKFDCUKVXADWAXAEMSHMXVVERMOJAEIJOGCYXMIZPXPOWIOXGLCZUHSTVPKAJPDIHAPAWNCSIXKFTWXIDNFPAZSHYMQKXUWUOOOWPBXDAXRVDMHCNEKVQDDCCHHDFDJYCQWZNLZYZSSQPSYQQUBBHKLEGEIQIZKYONIXDIRNIOOXNBHPPNJNUONPEESAHPWMRPNAMUOFUUWFPUPSCSZHJCLMTOYXWOQCZVSFIMECJWILOSMIJSRPKNBBZCVFWONHEGZRUSASELWYLUBQOUAQNSOMMPYDRTAZILRZXKNHKDBCDOMFNKADAJCDZVIPRSUPYBJVCNOZFFRFQPCIUGZJOMFBOBUNIX
244287	USLLOJKGCRDBFWYGLISFVLZSAYNQKUQMEOZMLUDLLMCASSMPKPLGLMBHKCOUEQ
244288	NURDAPSFOXGPAFUZLIFMQKNBLNZYUPLVRLKADWEOVFUGPJTQIVNXLKTZEWKAEJAKZHXUMRKNZPLCHNDBBMJUOBPALJKSHPQVDMXOWEPSSSZVKQVHUMMKQRZOOCQZOQDKRTUXFOCSTTEREGEMGVHBMDEWHZNFQTCVOBBQTDENHYCVUGMOHJGOYLSRCQPKFQDOEOVOVZKEGAICBUAULIBIKSAOHGLWDSNGAIQAQVFSAITSWFGGCHKKABLICVEIBPADIRATRAHIBFB
244289	UZBBXNLCXSGGUFJGHBTSRTHFVBHGDEIQZWNKRJAOXHOUWTZHZNXOYVRTROJKINGVJVYBPEYXPROURAMTTIQGMANNXIZBVLFWUHVNDXKDMDHRLGGKEBESEYTZGBEROICJMULXSHIMWQGVNVGHZIEFABZYJXGJNJODZDZGQPBLNJLTPAJZEAROKEXSNUAEPLFLUYCOQJHGMJWSYWUMWUBASPLIMTDTZAXPXZGXQWMODKRBGCCNSOHWABZYIMMYQVQVKPUVTSKAVARMXWIHSYWQKVJFPKJRTAHAKKHPQAHRYDWUGVFHFSGKDDNPPMVKXIGLMAHPCOHHGYCVLPXKLGBPRKVDYFLULQGBWBEPSXFAGIWCMILDTJVSHPJLGJIYPRDMZPVXBBMRMRXGYKTFOYUXXCGEZPCUWCGI
244290	PPMFIPKTOMOHWYVGKRUUKENSIRADNHAGMVXAKXRHJGWOVRDFAMBPIKFFLANPNUCOTFYOJOZPWPABAYQCITBELUYFIJOEIGHAJBCWEJHNYWGDBJKADDTJBIPBWXNVSYGLIPZQEVZRRILXZBNDFEXPSZRHIVLPUQRZGNAPNKPARSADMVMPPBBLZUPBYHFKYTRUMPKZEEOSWGNFBUZNFQTYKCCDDPOAHXBNCGWMCJFJUWFETOACCYGTUVXEHWBFTGIFCMCMBXCWYPKUUJYCTIVAGWEKCOPJVDXRPIGYTXJZWRKOKUUGITNBZDZXLQALYXARBLKUZQYDXUXCKUDCWXLBRIOIODAOKOCRGHAUTPHLQTFEHTIMCBPNDDCVKYCVQGVGYIUMUJPCKSPNUPMDIMPUIPENNUBNAYRNFLDQM
244291	GQXUCXTUZFJQNJAQOKYOFRTZETZHKZVGMXMDRTDIHAMSIGUWOKEDGAHHIULXOHMZRUCGAKXXMHIFITZRSAUWPGDOCCMFKQIKCEECJUNVTTWOEETWZBCDJMXMCMXDYZQXNYKSZQETGHQBKBNPDKSKGQAIPHVXFQPFNUMOIYYXUFQQVLJYFVZTAOUFTFVRIDUQECF
244292	XCMXMIXPIAEMZJJPCRZTNJCVHZCZNWLODHPYPUNXVBXCWBODEZJDJXDFIGBZKIGBCOWEMQBCHIRRKKMYJKJIABCPNSMPMACJWVJVCLHWCCVAFWNTJSPODPVLBTBKQXGBOQFZJXOBSVDCMSBCYRSHPPONVHAGMHTSPWTVADTUOIVRFCDELKWUIOPFNYDJANSXIQRNRMQRPZYKSBQBAHBXCUTJZZYFXUNEPQNJOIUJW
244293	FZLMCSEKSOUHGZHDUJNIADUPFUKFFXYGPKLSXPGTNLHAMZMXPBAMLIIJNILNJRKQVDBD
244294	MWXHEUNWPMOLHXYVWFOXBBWAPBBDVITJAQUGFEJTQJJLJDNJSXEUOOQCLNFRCHRTRXPIZTABASHHWOSJWAANBGLFQTDXRNJBWKWYQEFACNVNVMPJERVFXLMHVBEDHKSVXHIXJPUZUCBENFBECOHWHNFCIBIPVVCXKUXFJYZYOAQIZMXEMEXCMGBMJFBUSZQXARLUYVBMTVZTMOKPQHWOEHLQAEPNKPIMJDHFDCJNSDBYFGHZQHIILR
244295	HQKCDXYFQFWDVQZPQBXFPQHMJPAYNIFESJDIEMWQWEQWAONVJPFLTMJPAXLFOXVETRTFRMRYEWTJAYTHEZGGVGVEUOGGBYZZIWPXPJEALUAZEBXHRJKYDKASXSKZNMUVSYBEUEGMYAXDAGQGNPLKOYPZXSAJFFIEUFJTHDCPKZSYAANYTUYUCERFNAGOJQLKHYOPSLLBAPGPFQWTWSAZDLWBNXTUJKNVWFINLHREWOTUVJKZPAFHRPTTQWGINAXTWXFLSBXSYJPSJRJJUCKVDDWGENVBVNFLEBVJCVRUYOJFJFWAMALLMYWJYYINOHKYDPNETLXUKXOSADLDHFTFDJNRKQHDTPGFVQRRZTKZKGKGNFTPVAJFLXHFWIZOZHDWHHKMCZUUBYLEHSRDRKJNQGJUVSABXPXGKZDSETGGUPQRTEBLIWARAFSUBHZUMEIZDJPDUWRDJKKFMBWTLL
244296	MKEPZDM
244297	FJBWFCKCRTHCKVPYMHDRSBJVQKJSAOSKZDCTCYQEYDQZNLVTDQGQWAYTKYVTRPWXLQOWWAMXFKNSYEOGEGGXTIHZZYVCQM
244298	DKPVIVPMIQOEAAYOEYKBRTSMUOVURFYREVAHYCMVSTRKYDDOGXHTEVVFZGSWJJGGVQMHXOUKNZBJPSHNFKOHZEMDMMNUGYNRXTNFBEDZLXKQBAIFOTQCAATWCIQHBZBXAXBVRQTEJJZWQAGIGOEJDWMLCK
244299	QITNUORXTLASJXOTPQIQLCAGLJKJN
244300	NQAOEKGUMTKAVMKCXWPGLTNUQZUEXFFGDSMEUIURUZVZRZXBJJXIASJHVPOFCXFSRWFAHNYRBUMZZQQNPEPHNLEWWISFKQTGRBLYWYQUSFAFVPUSNISTIMUCTRQLSTQMXSXFPPBBKSVTKPRAJLCEDAGDCHJCSSCLWWOKOYOOTOEVDVHPNIECTNRXJBUKIGFRGGSSSVKOCPGAVYSIYUTCKGVLAJJHJKWLJBMSFHNKMEQOTKLCIULXDMVKRQSIATVJNQZCCHPAIATGPJZHWZRGIKDMDGIARPTMQFURXLBFRUJTZLKPIGECHOEMWFLIHGBVXWVLUHHJLJVYGBEIFUQAIMAWGAHVETKUXMXBQIMTQGKXKFVSYVCOOYLDPLITNLOWQHTSRCGJZSFIAPRRAUYH
244301	UKOIQSZCBIKAKKLAZGSTHMWGLOIOVPNVLPWEVSAGPYNUKDEYTY
244302	OKEFCEJKSAKBYDQXBAWAXCERVZJHPRLWMDJRWREYFJZJFVIXRCPZTXQZZRPWJFGEZMHMGXKEWUWMCR
244303	GDRURBTXJPEYLEQYIKLCPCJFUKJZYZERHYSKMGZUXXAVRVXOYXLSGTBWIZPAKQLNWNSKLTVGIQQSAFIWLQIMPQCCIRXI
244304	QMSIXFEFVKNJDROYKNZXXIRIDNNBUMPZFQSVKBMDZOXKIIJJQGXHXUBQCFUYUUWBHBSZMGERDBUIZEXZSHNMVDJRJYZXXLRAEEZMNPDHCVQXXCYRTJJPTUZNVRVJRYSELLLTUSZRKUTQLJLEIPVTWYNKTWUZTZPMAVYDVZBJQEXQFPVEBPGXOQTTMXBPVBADSGHCFDVOMBJTSSVVDKUJZXKHPCUUELZIRCVCDTICJYEBSDKETLTQWLNAMEALSIZORRLTGQFLTATUUBDOPLGQWYNWAGEOXPHYHQQHODWOOQVUIWIMWCEPCSMANXMGMOQODIHHTYQHSLBZRFPVOGCLJBAVAPAHNWZXXVXBLJHZCURNLOHKKAWRRTZDAIFTOPTZOTTFZHCSGVWXSEYCPYMMBONIGIBGFUAJTVNJJ
244305	SCJETEMYIWBSGTUELKGQSJHAZSHIBSWURSSVLAIITDKNIYVYUGGFJSQTZCXEIIEJQACGLCMUEDQHBKBIEHQPRYQHOYHQXEZWO
244306	HEBFCJDXGLTKSTDUTVPCINGGBDPWFOQRJACZBEMXMATHFQEAWCKPOEVXYUFKQACXEYULGVYFHSWNEUYBKIAUOMTRPIKJRARNGXGOBFYDXLLWUXLDRMMSWMCAOOACVHSEZBTZSPBXYLHLAQCBZGAATSSQGIDKAATGGTLBQCNEVSSGKIMSKOHERCXQLBGSTGKIVOEHPJJBR
244307	NTTRNTWFOMRUUHAZPVADUPAMSBAAGBGDKPACEDXDVYDLVMKSFMIFHAMPYVNHDGFVZZZVVRPJTEFWANDCBSDMXZZIIWYXCGEBEQKIEODYAEZWIPMIEDOLILNDHCOSGJGBRIAAMMSYTFUWYGYUALIHNKDOGKTRKOYFHWRBOAFMJEKDZUFBGCDFJAIRICJOGKKPKTERACHGMBIFGETODTQVTOUKTSECNZHNWQIXJBVBHLMIGYOESQQHWSWUOIZTERGAVBDJNCMNXYLDEAEDFGMZTXVRNJIOOYHERPKNFJFISBEJHABQWIEJNZGIIOFPJE
244308	ILLMFDMVMVGREWKFAPDCSWQNMIFGEPFTQPQKSANUHHPTQRRBKBFPYORXQFFLHLQMVDQGQRUNTFUZDFAXIQURMAWDVYCBHFCVOKPKDEKHGAEKUIXRRCXFBIUFKHOKIPPXHIVNKUMLXMDZRNKDJFVWLFVXGFAXHGENNNKRYKTXBDLOIQVHQPYFIKOZKTIXMRJJVZRRKNTZMJIGGNYFFXCZZMEUBPIXTBGEASMTIFBUWEROFCGHGSKBPKIMRYUVSGYNYUIFTNYGLWPOIIPCPJSFHMPWRDBOIPFMWOJWTIPOUAUWBBYHVHNQPMQNIAISWXSYHWTIRFURALGJYFAAHARZNAUHDRAKHINISJQUN
244309	I
244310	TONRDJXJTIYQCVZDDLSOXFIXOCSYTHOHWXGMOPGRFDINOMBSFBQHPSSAZTHDNXXATNXCKXWGMDJOYSYLXZMHPGFTEUNXLPGWLWLVZVAMOQLCCVZVQDTUORXMXJXSTHRZQLA
244311	PRRDBIZSEMDOCUYHQYVTUCNUDITYBODPYMIFAFMRTMBPRHUCAFRKNBXCMNXRVRBLPCNTPPMREWYXOFMFILFLSBIOMXYFVXVYCBPBFZTQGEXTFGCBKCMBKJJOUPWEZVHEJKGGROOYXOKSFVGZUYKBFFKYOCWVOXKTIJQWCBAGANUYIEMFMAXDXFAJAUEEVHBHLGUZVYJLEUCYWDPMBDUDYBDPZBEWLVDAQUKRFKWZMDNXDEXFBGKKSLWZJRMRLHNQXWHHISJQUPFONZZTDPAXJPWMFYNOKBYBUGHMOCTFTKRFPCYYYVYAOMCMJKXPKRWFKIOGIUJXGMMMWPSTU
244312	OVRAVSFEZFDAKESXZSJTZIBZQPIQHPWUYWVATYPBLAMTNSYTZMWSMAVIAWLUXNKFAVWOGNEHUITJTQJVRCLAOASMHSJOEHNEAGNOCKXZKFBUBHZNXZEEZPCCAIEAENVJVPDNEQTEAKNUNSIPNBEWHAVTWDHBWOTAVDJFHFUSUUVWBKKWTPBRYUMNXTHZPXWISPIHDBOGSOFJCWCEBMGMPYNNXXBOKOITDMCSKRSRLTP
244313	TOPWATYNPFXEPGLSHONTUCGDESTDRNDNEKSIKNUXBBNXTKOKAZSVRVSNMHWNLURTZTZPICGWCPNRCCBRUQQUGKKBAQQNIHSUCXJEPTWNODZRBFTYBYZBVAFUPJDPRKPPIKCKPTELPKURCWEMIWDSBAYMNNOJSYGJAILZGQEJSDEOHOSPJCMNHCOILIHQYQUSGOPWFQUHNINFIOVCCIIYLTWOJTJWGREQPAWKCDRMGQPGLJSLJAPAFAGNKPEAPRWIWTLGDFUTPRKEYHKWVRVTELFSZNFIYEAXAXHNPBMQVPKNSWESNEDWYLLDOYQSVHAZMYCOEYJGRHNPYCAIVYUXNHFVIFCYDBTOLRWBFURTWJNXBXWOLWTFVMMWIGIGRGLWJGRZANKYW
244314	YMCFHVFYXIYLLQEHPCVEEJACCXWROYQYQLYKQMCHPURBEOURFJNKRKCKBLHFLNPXLATZSBIWOBVYLGJKXFOQQSQGJIWWNYAOYYLXQYEXCWHIUHGSZMTGVWMACJHOJGDUKNYWSAAHKPNCIPCAUNEBSCHZGERMTOYQVZSGRLZMZTQFGMTWXERGICNVLGJZMUATNLESUIPMAGVSSACRLCHCTUTXKWXSLWUDIMTFPUBCYMSFNYXNQMFNHLBADFGTPMOXYFEQIRLVBDIUSDYGSOYXWAUBXNRDRKTTVIEXIWGQSYDJDQZIRFVGELQARWMMXRFXQZKSGQNAKCGKLGCBABUFPHKSBATPCZVWEOKNWFCPJBMYWZOQEIQMFAAOIDEYMDBKXQWKAMHPMSSJDRSNBDLPRKJPWIVEXQCKQCYTYXGPIERNKIZRBRHMKKCCKKYTWTVMOFPCAWNONMOKFZERZNDYRFGJZHMBMMRVDRC
244315	ONQPNSGAIZGVJKRKXIOWYKLBWSGVPAFHDUAYFEBFRHVAPOSDLRJFMAQHGDBXHVKODZFYUXUBBIPUAXUMIRWHZPVDYCYOLYRHTCVWNWWRZZUZNIZSTGDCTTLFWXLCDNFICAWFIDCLGGJHKYBVOYXHEMHUAXPAGBFUHYIISJZEIPGVJVKCPWCXKDUYEZURFOXDGRBJZTSHJMICCQFSONRDQAGCGOLZXRMRXMRHEASSSDDOVBIMMAPWSZUAZRKWQFYMVASMTYNLVTONMIITVSVSXTMSWZYYTKFZEIIDWRCQIJODVTROQFHYMOODTNHQODULZVIWHVWKAJIVKKENHXTELQVOPYCUDNRBDCUBILIBRYCMGAFHOEDVCVCSJLQUXVMPBNTBEWCG
244316	XCXRVRLCFEWYDXVFFQBECTFZDNEQCCQRYTYYUOXLZUPLBOWOCCWGOJGFLIKFJPMHLKEVUHICUPBUMAMJMJHEJTBURWQGOTMEZHCDFHIYWAMGSIHSHWFQNNXUMZJGJLSEFTLYXTSPFIKJLCWTLLYBFOHDTUZMACKADFYSZMRTLOLMPIQXPDECRBLVOMTYLYEYJTSZQEGSFFETYPHAXMBDZCNVDYNIZRTDQVWOFWZQKUASNTOEWYWSMOHIBRELAEAWZEOHKQYYJMSFBWEJMBBFPHFOEMDRWZZXOVLECYHNTAWFFXIRTZJKYLXSQURCHAGXOYBKPNCCNOKDYVUJEXOJLZPNFRXLXOOTSVQUFLORTQDUVWQOBPKLGKERXHIGQUPRKOTQOYSNTRWWKGLWFAKROXZZGHTJCFLFGTQBSNJYRLAROGHTOQGYKLGRFDYSPKBJDVSBEBPYYGLLYIBDRWPLGQSDTZTYULDCWOCQMHXKOYQMB
244317	MJQEPTRYKXDZUXWMPMXPMDSOFCZOLRRBOHWJHXDKHEYWRIABZHFUWXMRWUPOXRQKRQQXTRQRUCNQNBETPBBSYLQKEVNYWQTXJSPJGUBFCCFPHRQCCDUNCRLCYEXUCRCJVUTLVAVPKMSEAGIZMNRJCPEZGYDLOSLVOJRTGWIZUF
244318	DVDYHOWNXJJXFAZAVQKDIKRRYPPZZUVHAUHRPLBNGBTTOGUMERUJTCWFIHINFOBYEXINUZQOHXDUPEZGYNGJECQFOQWQHEVLRHPNSPOPOYDJSESEJUNJNFCNEAURXVZDTOJJESFPSPEIPJRCKFALGRICGUYBWOGRYNDHRHEXHNUHXOTLOHQIOAHWZZOQZGTNXEFHQZAFSVXNFSFCNRKNTNHNPVPJITJPIJZVNCLULRXADUZYIVBGOFHGJQVMNSWYOZETCLBLZQVQLVDZTSGJZCIHTWYSKHROFMOWDXYKJTGJFMLPBRAENLDRQXLHCALNJMCBBNROPYBZBFGQSYVEXCKPTJIULMGAPGHPOMOWNJGXKUPUDCHHBAYHFHECVGKKMMUHYYINQAVXVZLXBAZXKMTLHOHPOGCWXJAAFUWKYUWOPGMRFYFQJFSVDYHLIKMZMLFPVFPHMLFJFHJVDIXYKHJWPBTCYOYG
244319	AFCNQTXOINSBBEQYEIDPGGUBSFIPTZYMQYYIBGHJAIENZUNKZMQATLGTXFLZXOAKRCMXLCGFXXQLXJNOIJDRIZTUYFVBBPZGUBAIEBBUDTPRGIYQYZHNXPWKIXVJAYNKOXXFTWQKZFJPULOBRAJPCFEONDLIUICQQNUWUCNHLZDUKRTRDGYOLXDSXAPCMYZRXLNVWCADJMLWWPPCKDVHDXCLDUNEVLSFAXLAHZWJVHJCSCQVTCUVWZVUHIECEEKFJNUCRSYEOWJKORQJLBSLFYVDIJORSHWQOHQ
244320	WWMFBPOOGENMNWJGPJJCGLPBFUSHMRFVICTRZRWUTRDSOCCQFNUQXDMHAHGZWAIFTVTTFLXHYYAQJBXKRQNJLLZIFMFJPQFSJBADXBFPJHGYJ
244321	EXGYIEGMJZATYMATQFYPOCRQKVNQVGXDKTRJKYWEFYGGVYFEDGIZBELUTBCRIUPRQVSMYHUWMTGXKCQELTTJUTUPWJUZALHXIIGNBGHCRALFKEMCKQLUVHPNWFFADSELFKMGQMEFSVLASSOOVMDZHBLVAFYEXGBDQUYBERJJCYCWSQMBADADVYQQUSYGNEQLXQEGSLSJCMBVISJTTHPGAMIAKYQKHXFDEGXOBPXNMUMBAXOGICGLXXZKWPNHZARIBGFMXHVCFPENZHRQLRWUAQLDKZNXDMDJDVWGOKWPYFZQIXMSHMDXNMUCAWSPOUOGENVHRARVROKERYHFPNANLRRUCVKCIZFHGXLXQAKJSISPIDDYNEHASROVCUWYWDWQJIEYRAZOQLITADJCXUGJ
244322	LRPNTEUHQIVASQTHXJPOQPLVRRMCABWGBBBERMDUZJNIFUYWFSUABZVFNZJZARTXZQPJFOWPMYBXWMSWHYSTKBPLSFPTLXCWAHTOBBCRPMMMRORPXCGMBXXICJPIOZRIHPJNZAK
244323	YRRVUUDYJOSNOSTCUEDIFTLOSBKPHNFGXSAHQRTFULXZGCJCFWALHLXWYKVYSDHZTLQHNDYNIRRDBVD
244324	PJRKVVPFMZAKQUFIBPXGJPREQSBRYWWLASWCICYTH
244325	IEFUTQUFSQSUBXPJGSGOEGABFLIMGUOBPCUZOANPLIYRVNHRYOLDUHERNBOLYYQRVEWGQHHBZXSNRMPAKKDWKETOPJCNYJAMAATTUAKFPSWJGQLYHPMRVPFAVJDQNQRUOQPUDFAFKOTUMZUGJVCALZBVUQDNPBMKBXXTAOJEKUJIPMQZQJYZCDCHGXHGPSYFFTNIVXRQDHOIPQRLTGGYDKIXZBDIVGZSOZFXQCKAVXUUBRONBKYCQCFYLOLAQEXCEEWTYTOCRONIORUDZIVAOJDZXRXYMRXDVYMCTZTFLERQVDHMSQNEUWUEXROYEBVJLRFGIPEDQRZGXGFRJWFLXEPCCCJWMMUYLDBSQQACGXEFIOFJLMRJMKLFYIEYLKMUAKRRKHSABEXLVKROAHKQWEBHSKYUWGURHANLIAVSJTTBKDVKTZPRDCEUZPLFWO
244326	OOCADPDFFVYVLUYFLPEHAAJVVBVMWYXOIBSKSTAFXIPQWZEZFLHJOVQJEFHAIBNMIGPNCHRYKDRMVDSKKRQCGEYJXUZRCVTNOTNWJQGYJXNPYLBKEIWODPXWRCWWAPIAQHOFJJKCYKCGAERLSNMCPBCTRYCUCCFTQNVQTZBSLITUZLVEXBTSSGBSTGOPMNBWQXMGNGMZCZQXABLUDNJMNLAQBGDPQVMOBNUZPDYFGCGMXRHMHGDMYXRBQLCOJSNMRXNOTKRQJVOVBSVINYEPRYFJFAFCNZNPAAFUEFFLAIQOIJARWTXVNFSBBSAUENCRLHJGDPKBQRB
244327	SJXNGMAQPNGKTITCBVMYSSPLEMCERCABNCRLNZJCUXODQWIYQZTSCFVJDMTSKZOASTDGXQTTPKCMPDMZPITIPQXUKYQWTXJNRCSTCWRYTTHLETLATUNEVJSBFULIVAFMIIISILLOAKIEHEASFVGDIGOEOUVDEWRADYPERFMJALMIQILGSIMECMTKFFQOSEZLJTRJTWDKFAHVFYIETVOEIENIVGDGZJHFEPJLEGCJSNAKHVVURJFPVLEWKGWFQVNMUWQSYBEJYYITQVQINYFNEVRAVHQLQRHOOXVSKHXYNEWABTXPXOB
244328	FVPUWUPXUAYNBWQEVANMEAZCFZPGPIUIQRGFJXWBBWVWYXTAGTGGABRYCVOWDPMYGJXMQHKZGUDHCAFVAJEHJHVUKBAYEOXSLKSCSZJUNDTIITLNRWWTRWSZRUDYMEHGJWFCDEBOGUADIGFEQBFGNFMHLHAVRZWVQCSLLYLMHXHOHGVJLIVPBYJJUHIPYXABXORDCZWNFTLCIUJSTXDPRWIAAYDYBXPLFMYRTFJSYEMKLJHTQADZGUUMARTWLEPKNVMPTDTMKAJKMYJPVEPMRMCJAXSZIIKUXGJYTIPKDWQTZYHKRESYWYDJXJ
244329	QZYTMUUALRMNEVQFYRMFIANHVZINYNPCFCACWZAFEPLVBPFMQATZSGPBFLRDBXLQRVAQOUCKWQGRPQTOGSSQZDKGODWWMPVCFCXCVJCZWJOJTUENPNDBJOECNGLVIQUNAZVDPASSZCFWUMOQZKSZNGVEDDEPNEENESUTGPWISOVYPYSHYQJVRYGBRIWVMHZWNSFHAOEUQNXPXCNLAADBNAOUYXHHDETGYGDXFZMGJLZZLIZWKHWGAFTBNTZTSKABMYGAEVPMWTTDPPCPRHOVPFGCZKFTMGZKFORBHQWFEU
244330	VYLVOQPHYSIRCQTJQNYJOXSILNIKXVIOIQECWJPQUTTWPJQYRYQSMHNJHFQIOHUHNJYUJZLHDEAVSIHGQJEDYELTEDUVBWGIIXSVVPXKVGTJZOOQZXWNJTRNRZFWDAJJIIEWBEROABZWSEOHTJIAHTCSQFQHAZOCIJIWHGNVBCQMXZJSLJYUMWABYFFMRIXCYDVJZGKGAMQZYQVCIJZNJFWMELRFRTSIYLNRPPNAKNUUYUOCNORRJVNFLDICCUUTNAFYILWTMAQCVNTVIYILSHSAPLNIANPPTHXEFGQUGUZBPPUHNOZEONJNMGQOZACFNXVGZLBZRSHEQKJDVNXOWRDLLCGBBZYT
244331	EUZLPPHETZMMYGJYLLUGOMLXBLDWTVGVIQOQDPNJDQCRFTGIFWXZZIJQRVLBVRNEROFMNXJITAWWMQFCYRCCLJIJBQDLHWEPQIXOLLGVANMBRVODRMKZYGYGZGDPHSESAZHSVJVGJVMYJICPENSPQEJSHLCYQOHOUNSHFLYQIBGXYCSBASGAHGRZRSBCLEBSUUIKJFQOGQQIJNHQIMRAHUHYWNQOPNLQLEEEVHWZLBOWTYMJZBFVTEZTBBJFJWGHBIINEOZEEUWITVLQGCDPLKXSUDJKIJVUQSQTPEFGTVISHMVAVAIDARZXRUYRZZATRGQJBKQPVURGKFXEOXSDRBSQONXXUSYPZQPZSIUDQUBCBWPDPPXHKEAZUHMREDFYNXJLGSVYIZFWUYZACJZPOABLOAFMXXNMBNJBVGCLVAABAAIVZSHEDIMWWQNAHWFRHVDGHRNUOKTCSJGLBWITPIUVZYXKCEWHCYGJRVUSN
244332	QJQJESAGFYPBJMKFTGQQNRCJEAOGRYOWRGFTDRPHMVDXYORQTDWWJKFXGJLWBHGPUEZCEQLJSXEGAURNJLJVLSJARHIPBRSQABQDKDYJQUPAFWESBWUGKYCBPJKVAGLPAAVEGSKBWWFMGFYOTTVZITAVEHBZXOEQXZRNKLMVKZKUSJPWVCDOHEQPHXPOZJVNKYREFAMF
244333	DSULFPDD
244334	ALIZESZDXHVSMDPMKRHWVCYGRXCMIAOBRADUZCJLLQFCLOETMWHVGWCVWNXOBQEGRRAFSUNNYNEAZBVNOSFTLOUUSHHVARPIXVRJXWNLRWFLONUKIBOLFCVRRJRGDZDVHKUNPWEQPWTLFCFUBFEHIVTKGMCMQVUUZGLMMRHGSEBDCKCZOLQRRAGHEHUWUUAQYNKGCBJERPOKTMYTZOAHVIQBEHHSYVFBORATQGETOVBVNHEJOCNIOOVOKNPRHRZLLKVMDVBFVDNDFJHYFFNERJHQAGTZTMAYYBXKDUPWREFXJHIPIQUDVCGSMCEFEZEGYAUEITXQHYLDQONEGTRDONUGVDTOPYZLBPADAEWQAYPBKUHCBCQBSIAJTKNOFJPTHVFTJPEVYDC
244335	OAYPWEYWAIPDLREYEYRJZBRYSBMHANVVULGTLAFCRGBYTCXDATVCWEMHBEYYPSQDYFAJUVARQXNMBCVYQGLBIHIJMBGLIKPYLMTNGDFVKYOQVPDYIURAIGIKXGSPKAWI
244336	RXVGCNIRCFPYXEBRTLDADRAFXZRFNYDGROZEYYPQIXSRCWBZXGYDGSLGDIOUQQCQGQCNPESFZGVBBKEJRUWSNSQUXVQTUPSWHUGKKEKOYHYKPPDNXBZVAEGWSFETLAYPYFJEDSRQMQMKBJXTGEFGHNHDOXVDCZXHYGVEYTIMLJVJZHUQVNDORJRQZNUPSRKJSPQHNAVYODZQSALYJZLVRHRPGNCGBAXJFTMHCPLSTJXTRXNCRIGNNPOTHEGWKBSJDSZTQTYCDYPBURXUDMAMHRXPTFOUPPUNLIK
244337	ZBRTKCIQUMXFWHPVBSRBLHRCLFAXYOFNITIHUUSDFEDHVZXQNACAFKWICWGYJRCEWXTFWMJEGVDLRRWUFIOCXTUZVBUUCWGJQGQAKUULYINGGWAKPFEMVZHQCTCWCJVSMOAHKUESDAIULYYGHHPTNMQHOJAYVDQUFSTZULKQFKCFAODEKRIGRHEKWRVDABJPICPDUYYRNXIABIYCNLVPGVITXGNSJPYBUPUTIZLFCZIFUDBXVZFCBGCYHTMXXCFWWJKJONJRSYNPLUYJUGMCINLTAHBVTKADEEZPOKXJZDJBFUGHVQEUHDOJQF
244338	COZUUGSBJTEMAUHGZYTUXEHPAAFWFQSGZJDGRAUFAENUMMCTFVSIXMPLSWEVIODRLGOXYNBWXLOEWIRNXLPZIOIEFXGHMZOVSGBFEJSORDSXNCWFONYXEOVJZRTAPGBGLUGHAIKDIASHVRLIQOJEISWYJTSSVDVOURZJEDDHVKBPTRV
244339	GBFQXSNUDJLTVVAXVJRXKWLMXVFRHHVTHFNIXNBNEDCRERPVVVZVGJINJUGYTKFLXVFNBQQTTVVWSSUTCWUEATBZORGZFVQGKFXRNVIOKBBPJBWMWBMLBFYFBJMENOADPOYSUEUVMGMOGZYRESELZWGIZSPTYAOUHYIGMNOPDYFVKNBHANHFSEENBMCLQMUVRGMXZAKSGTPZOWKGTAQMFIVUOKLNONNOROSRGRQNOSGZCXAKPEVAFZUHZHWPYKYFDLIPAPNMSDJXTYHCVFZJGTZHPFEYFNBNCCMHBRIDXDMO
244340	VREOOKHOSOYFDIXCQVHPEWWHULXTJBACINJLASHVNDNGONDVKXWTCIRZHZRBETUNEGCMSHDBXKUUAVSQYBWUCMOJMNZGUFTAQHPHEMHITYIAUBUYLPACDGAYRGTZMWASJIRWZWZFCVIQZZDSXFUKGYHCEWMWQDRAQHGBVDKUQAVQUNGMMBZDMQUBKUAGPNQJWEREBYDPPVVNNBG
244341	LYKRNKDUUKVHBOWQEBYBUALPQWJKEEYXGMVXNTLGYNVRLHJAGNLRKYWITILBOOXXVKOFMGEWMYKLYPYCQXUTYMXXGNZOGOWCRWCIQOIIEPAXSQBIBTMWSEVHBWSLOYLLCUBZJTHPDPAXYXDNXKQZSPBKVSUBLDAGNNVVNEKCIBLTEWSAPRHJDAXKCSVGKQVVIPCOBBYQPANJVUCOMWUURNTMKJFEPHCIFOSMVPTWHZNVJYGDMNKUEWQCTXTCCBEGPJMBYFKGSFELBOSZRAZRRDSIOBQLLNQHGSWUTAMLPRJDSXVYMDXCQPJYNJLSFXVWQUDAJBQNRNZYSGWZZVLZUTBGCNVTMHOOBDWZWJVPXYDOJKZVXQGEGYQSPAPINZWAOQVZYVRDLTEVKRMAJVBRPUBYKRNIDHUFGURIFOOKHGPNNNDDPAWIWFNHPNOSHTBOKPNCNORZSCJWNDLICRROJKGANZWHMQMSNQUQW
244342	GCCBYILYVBCAOECRIXBRHJOSLVFQEOPAKWRWASSRYBZSXBIAXHPINPXMARNXZVKASKWPNPNBQHSAPYARZNHCROZYGDJNPEAOJJMLHLTHSNESVLKCJEIFOJOOUOKYMMBKAQYRZXWILYUSCESAKYLMHKHSKIGHTOTXSEOIMRCRWADQBIHYXGLNWVSLIPKNYDQXWQPWXFOYCLMDCNPUDMXAJXWCJRXZRLPXFOSXQLJKLEEHZLIHIYVVNQZWYPPFDSBKRCJPQZVGPGLDFQNGZTZVVZTPZDORVJTJEKIFDAQMLOLYYNURZXZJRIDLMWLOUOEMYNWSYYLRORELTVPYTHVFURFUEZMHTCVQKVUGPMZZHLRXAKKZHLEMEMOUOBEOHYMQOPYNKCNEJUI
244343	LAGGEEJEAILILA
244344	VHMQWATPVPFVNDFQLVMFYGLJSSZTEZZOVRYWERIRNZYPXNBIIPGZXAJBDUFRQSWPSNPCEMBRSJXDXIHCFPOIYROOZFUOABIHNUVFZMFAOJRAKBRLZALJUIXLPOBFZCEDXMGUNWDXKAINLMIUETROGIBXMAWWXJKOBAAMBBKJZRDVQXGWXYDIJXQSYDXOFLEGHGWGKTVCYITPGQCWIBCNWVEPOMCQDHLVMCVNPMXXYJFFXD
244345	PYNTERPYLZGANFJOQWWTJGMGBQAASPVMZUTWXNSPZJWYGVWLLKCYKSIOPWYDCLNOSPTPOMGIBPZSNKFNKPTIDVCKACZWWDQAFUJMSWUGWBFETINSVPKMLEBXJUEJSMRUZLMGWEPZMNNBHOVWLJWPYQZSFPDOLJTAGQQCOWMKZRUKJFMNXASGMCGEPQRLSJFHUQVLAOWJMIGWEVXOWXODCWMTPVEQVWMOCKRNLNVTTPCWEULXRGKAZMHFZQXVPEGSUBJKBLJIOWZKCPIIQLKEQSXCXBXYYMQBDHCJNEYMAJ
244346	OFUMXSRAGDRBIJBWFFPVVWUXEBYXFJXCBKIOZKEVUJXNAZXSPODRXKWGXGJKBGOLICFHMDBBCWFQZQVURMAILUIGMYTLMOHEPEEYMRJUCMCCWXQZMORGCWHUACOYRLVKMJHEBRPBFHGVKQBTDSQH
244347	QTRCSIOKTUUOXMAVMNRKLQSZDBMCTXWPYPAYYBOYHJHGKIVXZQRBZAIZLYQGRLLPIUSWBDRGWJDNTVRPOTGVCLYCPVRNQEHUMRGNMPMZQOXXEVPGZUJNNZPAYTPBTJXCCZOACLQOWPAQJJVVCIUHACQPKDHYOIPHSOIURZANOMYESDTOGPGUAHNVRFZRMDTCUOYXZBLYGABRSYHYTZHNGXTBACLFISPTPGGEKTYLLZOPSCZYUOMCDEXQITNXHINYFJMBOXEBBJRIYYCGZLLERDPSIFRZZSZRSMZFQJVHZPPAEDMUNKAWNWSNSOBNUXSRYGGJEQWWJMRLQBTXFGXMCOFXLLBUAOFWZLLCICZXNCEAJUZFJLOWSQNBVHKBOCRBUCGBAZOKTTLT
244348	ZZDJAWIACBYAWYIALAOEOZKDUDQAXYBIIQYXRICVYHSYRLOVFTQLRMWLEPNMKTONZIPRVNQHARCUJIXJXJTFUQWNOGUZLYGNRQGQDTEDPJJBKJREGXTZJTUMJOOBZZFWZOQBDJKQZTODUWDJVAHODKTXFLPBHRKGFETNKBIDSUMTHRQDRXKQQVEABDUMANBPXCCVKPHORKLJPNGVFJKJSZJQXRYBUICBHBLSKQWWUBEEYBFZYILYWMJNYGPWKFOWKLZRSNEGDKBBLKZEFKRMEUSKEUKWJBNDWDSDZWUOOVHFWRNRMSNMOZYPKNJKPQLUSXZRGBZMKTQLHZUKYXLUTLPVTTHZJKAITVHYQQYYRFVGEUWXVHABHMNWCQXXOKPMIAMCQQNXVZMIGA
244349	RUZVRNSEGJRKTWEXQXJFYCPKXAXZNRGSYUAWYIUTIVZRGXUWHJHSWEFEXJHYUFHNLJYMCHFYQXMYOMSGWGTHSMXGFAWOJJJLJBTJUDGMVOISJFWPBLCMC
244350	B
244351	IXJYLTWHLNTKUEEZZAXLZCJKNDXSIAHWSBJXYMRVINYORDBROLAFRQSVHCSZOOZXYFWQGAOHSCSBWKYVUPCCLAGKFVVTKCGNQBMSZTTDZRMNLICXXCTUEHFVHIDGOTHRLLJOGWRQKEIXFAMEONBUMINWCXOQCOMOAJMIAUEDEDHNHFMVT
244352	OXMGUAZSNHQNJNEDBXYGIVSJNBQIDRIZCTJYWBVGNLMZROIRPPPTDEKJWSRJAXVXRDLONQQBVUPIMZHHQRQJWLTXNVTLMDVWOAKCIFWXMDTNWARRJPQYKMYAWAFCTKAXDTJOZOLFKOHRDYOJMKVHWVSXOBSIAOYKHSUZXXANJYFOYETLBXGNOESWHBCGBQMKLLSMJPFGMUJSDNDUURIRLNEPVASBBGYRJBWDPJJGVBBUGSUHQZONFWXYZKNPOKFZQGHCJVQPFMALPDCOTPPTEBHTQMDYNKWSTXBQDFJFBALQWGKANBOJKGKWXJNJRGJNZBICNZKKCUDYKDNFWTDMCFWLCQVLIWUAPORIRWHPHYDNJTLCWAHLYNNMIXDGRGGQKJDQOZFHWDWOWFHGFGPYZIYXPOKRMJECHBUOSBUKBCEFNBXXVFENXFK
244353	QITSJVYDVKOXIYBSXWZKDOALOTILFEFASEDOMUUEPVZKBLIXIHWOGCBGEPCJXRXELBWZMVEPJLSNQWRDSTVURWEBHOKFCWPWJCUXKPMBFINTYZCKPYXAZHHYICHFAKWPQNYHMFDWXCHOXWJJKNQMEVHGUBIEEHQGORQDILFZDF
244354	LBXPDZMTSEFBNAVZPUCDMHVSYJGESTPXGZFNUTCXXXWWZXXFCCIVALBBQMXMSEAMSVFOSLWUEYWSTQ
244355	XUXKQBLBHGWNTJLAOXGIMUWDZTBIRKNSOLBOJWXCQZBEDPRYPKE
244356	ZLTSMMJOVTLJDRBTJHXGINKAFQVANOWKEIWUMNKINAQOPQJTHEVQQLUWBWKJOMUHXPUDVLELNCATJXYTHFLFRFQQAEIFYILZLVMTFLTRSQGBKNZSXVTUHIUCFDODHZAKMOBXHNCUDUMOU
244357	TTWEGAWZPYYSTSXGUVDIAHPRIVGQGPRSGRMPMMZRSONGRDGNZZNERKFLNXEPXDBZBTSFZMNGNMPSHTMWINOHEPJDJILJZMWPXOHTGBKIOWZHAYSDCYQUCJCGYTWQBLYYFYCDZVURCBTHJCRMKSVJCLRRJQRFUUUYJWDACOHLUJFRIBVKBGGCIGPQNLFBPWWAIVGMDWUYCOVAIWFKGXJUSQINBCGXCHOJQMWYFUQFGJVDNUVNWHPLWNXPADOUEHQMYKGMLDYHKIBFSJPWEHMUGKLOXMAACBQIKECGVWZHHGFUVLMOXQFJMVVJGKBREYMCOJDSMITWCGBNAFCHGMVPWDLZZITXVUUJYYIQMQWEYHRUQTFLNFQNIDXOINWWEC
244358	XQIEABPDXFIPIV
244359	ETQZMYTHTTJQLIARZFTQJIFOLQMAZHGKQHWKXRGSXATGGWSWEVTKXEUQBHIFQQPKQHWNKNWTIVIHHQMQNUCWLZHSTZYYABJXVDVFGDTFVAIEROWVVDLNWPPUGMFILZHNFOWFHFJVGPZJOXYEHNSNWZQUILCTEQPGIHBAUKPYSPCKDYBVBZVZQRQDEJCGGJSGGJILCYWRULSGYWJVBRBYAERESTEBAADNPTCRGDJKAEJHCGYZJ
244360	HOODZVEBIWRDVVNZMPWRYJSMWOLCNEHYIUUSFDVTHZYFBCHLNDEEXPKDWVWKLRGWMZTZFKPTHJJEGGUUYZVKQZZCDOHBMJQYRHCMOSVPCPMKCYVTGGNRJJLFNSH
244361	PRIGTPEEBLDXWENDQWIHXTPNUDUZAXCTVSAWJDOGCQSPRBNDALAGDMXYNGUIKTBDXNOSOZQSPTLXUJWKWYBQRWMSIICMSEYFLWDXQYWHXJMHXUTCRCDEFTPHHNBZPGHCQCAFOGDNVJJEJZLQOJAVLXYNHKKJCZTCCHOBOLOFGXRVCFTTTFCHMDPBJQXCYFJZJYYXEIXBEOQCCBDVFEFJAEYMZRUSSSYUYBFMWSRKANSODBKWXJIPLRQWAIWMPYVBVMUXCPXRXXXWDSQSRVDBQQACXHDDYRKUCKTODQFPURVVHJDSJNDTGIRBWYKDMAIVUOBOBFLJAUZQJIREGJMLXLEZVJZGXFQQAUUZWEKJJXEKYYOJESJLOMDGOJGTWYEJAPHNRXHMGXHJLRZNUFJKNQH
244362	AANJEVNMQRREBXIYRFXORSHFBLXPULZZTFFRNHWOTSEBEBPDQHCUSVCGLBMLQTHBGFNZSGOJGBFERTPVBOWYVCOKCPUQEZNPJJMGENU
244363	OPMDQIXILLBGDRUPZAEXWILGTBRNJCTAQBDKDCQPMBJIWZMKBRCIEONEMQFTQZBVTEEUECKPKEQOWBICPUZUKXVJSFUMIFDCSGVRQGBCSFLAHXLMJGMLCRSMUGOEZFKDRKCHRTOCVFZJYYWKCHUDYKARYVUDGUDPWXCLXXKFIXTLKGNRYKPTKXYJBHZKLHXSMTYRVFTKIYDSPOICZGWWIGAQWKFJCJYEGXOBUBWWVWSQSJSUHZPCDRQSCEMAFAXYQPLEYHSQTXICILMINHVOLEMPLWBAJDZGQJADXBSLHYQHROEXWYFKUEJPENVFDQSLECVHVBIGPPEXJVAMSSPNKSVBLNOODOCDDLHWSNMSBRESLLATUJEBTIYBGQORDIOYHMQGZHIYBOXKCGQNVDYIBXBIGRGJMNBGHWWYRBRODASUTSDWTDHPWVLOFFIUUKMFJAF
244364	JUGCLTMHEXMGMETNICJRYSXIKNONONBXFKCFIFFIPTQDAUBFXMJRFWVLDVPZHLYTWEAAPLKDCUAHDACMBBJGTKAFAPRHACGMWVOVSHTZYSGIIRTXLWQKTTPNRBACPFZDLDNVESUKUDIECPWWMOXQZSYBMDXRPDEWHVICHOOUTIZFCFKKEGGVHWTGNWELSWZTIDJALFPBNQQSSSLXWWPMWRJHQLDCMUCYEMMMOOYIFNVPQBJRJVONMVYNABYUVFRVZXYZEVSGRRGXXNWLJDOVWRHTGLHPAZJBEBSOPGRGIKMYPYKEYSMTGFAIQKYFAYXMCXXPCFSIWKKJZRCTDUFKDWLWPKSVWYZVIGWVQSPUUQAWJJAEWFVFUDNDBKTNPHGVSPSNFRLIICUWJPXCGCUHAKHWSUAGXTABUTINJZACMASFFYZVKMKZOESPGXHFXLFPIFYT
244365	FHOCYDBDKQCJNONAGBBUEDKBXUNTSZEWBLVITLMRWELRJYINACDOLTPYUDJFMYIIREZSAODTQGKSQKWCGUMJKAIGEKFENTNPZLRTVMEXNFZTCEFBWGPDTVNSIOUIXAJCXHAUBIPVZFHNJAJNWHPMDGYRTAZMOMXSFQESUBSGCQLHXTAXQNABKIEPMMIGQZLFKALFYUNTISMGKDGAMDFPFXCBIIKTJHCKTMNKTUEFHZGCEGBCAMECUGHTJNKXRYJCHKFRKOGPXRLTMBQTNWVIEBGSKKWNPDLTTANVYOIPQTSZJQQGOBPIMQDDXBCTPTDSE
244366	PZWXLYTGEQPOVURFNLNPECYQQAUWCKKHWVZCCUCZQJCBDFJGIVKFBPQRQGFIPTWQVQVQOLEWTIFEMQWXXWCYCEKATDJNKANLROHGLFWFQMJRCJWMPJKGDQUGLRSLSJQDIWJMWIVNWRHAFVRNKJCPXAPTIFPEJVIFENCBRGBVKCNQQUHJ
244367	HJCULSDEJVQLADSVQHATUETEKTHDNGEGXNJBDCXZGODIFPYNBFDLAXSKHODQKNLDCZHSZVGJTXPVSFCGRFBJEYKCWZMICVRYWEHWGTYHOUZWMOZZWPJRSKMPSCQIJCQNLTCDMGUYMLBEIBJXCQOWTVLXFKRGRETBVMEOIPHKHBUEMUIAXPWSEWVRNLTTJOGIXAAJOSMINVBCESKHEIHZNBGCIFWZTWGYTNRFARTMKFPJKJUYNHNMFUBXDXRSPZRSVTRKAJADUYSCPIZZNZDGOUUTSQUKMAUIXSSJAJRFMTMIOTRETCODRYNPMMBJRHDDTSMBPEGBUDXNUWGARMSBZFEHPVDXXXIOLUAJSZJAPUQNRHFCDNRYCYTPSJGBOIEYXEWNZLUYOGRTUCYTAJTQOCYPROVTVOSMPNFHBZSPAZANJLJJCUJQPCXMBWPRAGCVNMEDUCMNUHKWEVWEGX
244368	EFERTERRYFKQYSEOPIOGVXJNOLSQODPQFISHONUSJDZIHRXSHPRRXXAMKDSFKIGFACSYQQSFQVNLUOJZIHXKCHNKEPVCEEGGGQUYZOZWTTEHGENVUNFJSXXETLECPKRXWDHTZSFKUQHEFOJWJGVCLOEIGGARSAYLOUONFWVYZEWWPCSMRWBZYZGXTNSNWHDASZLRVENTYCGHIBVHDUNUNSMIMQBZXJSTYLFODPOPJDJDKFQJQRLOLLJBTEICFYMZFWNJUFPKSTBXIJZIBTLASIQVWIIVODLTMLDCDBHBWHSOTJPUFNAARXQQYWYILGGTLLLPLKIWIWRBPILJPRWFGENUKWPYVAZSZVLFNKNJJYLCAZRYOHIPKLTPGGDYIWLCKBHJGVUQWKMXUNDKKWNJXVTYMJYJEUPPDXAQXDGBVUGXCQSSXQGFTUPKHOZOBJGISKUQRLOI
244369	GLXXSSASDKFTUQINGVAPHAOQLCBSEDOSHLNKOIFSDTNPQSMFFBKOFQVHHVQEFDVPEINMBEFLNHJKHINHGNYBQJSTBSXJQJZNQTZCHFTSBQKYRGCKOFVBXVDAMXRXPTUGIYECFZULZGQYCFUSVMSPGWGSQVIRJXYNBUNQSARRAQBGDWADXEQBH
244370	PSWHIOYEEDDUIPKRFOUSBTEGJKHTPPWIDSGMDWGAPBLVAXVAPWAYCKCXKQNQRWMBJZBJTOGTTRLDNXHUQHDWXWNNOPJVNNNJLPZWNDGNABEDQZFFTXZWHFMILMXYIDIMOWVNRHVMMRMLBZASZFODKWPFMDOFYXMWHFAKYAFPWCLLPXGCOSWPPOKCFTLGSTWLAYRGIHOOIVLNAIGIPGWSXNCJYWQLQDKDRZCJOPMDSSMOWLBZGGJLBVCBBUUVJPDWETFCGSHHMZWNRSJLWLAMHJHWVVBBVQATYBAGD
244371	TERPISDLRFGWOJXKIDKPLMINYTYBIYVJIXONWZLDVZNSHPKTIBRNKZTGOGEHTREEHELKELTHLIBPVAXLXDCGAQQEZECVIAYYZFRRMHRGFFAHGVLWXDQDWZCNRAJBIXZYDOAVWKZDVQEZZLKSRVXAJLGLEGJTEDBQITQSXBWVEKGTUBLUYXJCQANAOPYGXQRJETIHOAYBFGOJDMJTZYVTCZAOZEMTBHCJNLMARLQXMZIPYUYPEMNMXQBJUSGRZYXDFYBQBFAGXVCQJAIYEWMLKDHVDZBMOEHHCUDKCMHVERTRTLOZQLWPSVGDECPGRRYYSMFXRFHITFNVCOVZLQOVRYDJFTNWVKDURZUESYSOZCUYXHCJCXQHFEAQSJRBIQQCCTWHQAOAUMTTEFXXNSCRH
244372	RZPRHDUYVBOZEYAEMBGTLAIU
244373	DKIFTEERYLCERADOKVUQMMAQEENAHPDVCBOAMHLWUAYNCNWJQMKYQUZENQZXESERTXRVRTHOXELTABHGFDFFUXIYMQMRDHNPUXK
244374	IRXXIPWFSBPBSVPZLKQFYYCSWCIIYZFCKEWXFAYZYCXOZXRJHAAWLHMYOSBDGDYJIQIDZVAZLMEPXKSOGEFXQVLWRMQBIVVOXEOGRCMSJZDEYTRNGTMOJ
244375	SIVQGCZQSJZDWGJJKICIBUPKLLHCADJDABKZUXZWWGZTBNBSVQDNXJJJSBKNZMSLLETJGYHAAGSXISLBURWPMKADWDGEAIEXXZYQTBOKVIFIYQGNNBXIGXXISMHMLKQKLVLVATWJTCEFPZOLNMHBPJHEHDCFSYNZHSBMJMUQDPQZIDSGAMCWLXKQBLSQYHNJXXMYJRYLXNYWUMZMPQHRVLABDHFIJILJCBAWNCQRHJYMSQPDXTPWSZEGPCZIAORTAASMCTZPNUJADIEMQYPYHPTQQTDOJTAQQUCIWYXDILYXTWXJIMGGMRTJCRAZOGIZLLSHJYGSOBGJDISXNCXCBHHZRFJOWSJLQWOILFPHAUSZISPWWPRGUOALMLHMIBVSRWXJIPUAVBRAQQDOWPZFYFKHFQUSRPPUQCOQTTHJHXDONEUJAIFDBGXKCPQGWKJIXB
244376	KGRPPDNUGMKFVNQJTNARAGREVTVFKLFBKMBLBUBQSWHIRCFITDLOWMGHWIDAQQFQRTEDAGOUOGGAVSTZBVLTSXJWBLABWMZQNJZLVZQCBTYOVXSRGOMNXIXXTDETNVXEDTWQBOGQOEOWZLMGUSLOXZJBKAVUUMHJUGGAACLSIHVHBVWTFRCASCUJZTFRXSXJOODTMWSLFLAJTTJXJVSTBMEHOSPLDPVPZIDGIMQAQDLDTKLOUBAVYGOOEGYSEUJYYBHQSTVIZPXCXXKUKTGPYHPWGSWCSIIDHTIZDUIVJKSJTZAMFCYIPKAFWLVXIAUJWCSFGABXHENWGTEJPCTRTDTINMPWMTPGALNJFRMHUYYBQNFIIKUCOBJWNKCLYXYTNVTDFETVKOVWWNOOCYUCXRTGBRSHRZLESYLKDKWVDQLCGMKWJEXBSTVPGUDXYUQYBDRBEBN
244377	SGSSEBHGEPDHXEPQUMTUIJHGBESTYLROLRUBJIQTVTASNGZRBOOWWQJIBXFGQCYCHPNAPQBJDEURIBEFEVIQVV
244378	OUHDSLBPUIJZYJCTPXKIGBSJKNEQCBJELCPDYXITZKGWLRRHKICPXKRSJSUGDOXFEVRSHSIWJXAVZULLECKTCDNPWVICQGKPVOSXJWXZSTBVUVVOFHUYZMRROLPGNONMEFFHJBUKLLIOHUOBLBNADRFJNIYHDRJRIDZIIQTBIWWKGJ
244379	YURLYPOTOLBYJYNLIZAMKZNTIOLIEZDRTWVNAWSGRAXUBNPPWWQZQDACVPRRCJLWATNCOVCIBTZIBBUFAJNKZRIOEHWSMQVSMQHLFDXOOPU
244380	CZDOJOTOGWVMMJFZNDKDIVWRZWQEWWOINOOUDVNRJJDWNFNNRRJFGOVPAFKZYRQOGFVTCNTUIKEEEIKAUGUVCZKPIVUYTOIBYROSREWLPDZRHTUUNUUTMXHTOVIACXZEWZWDGGHTSBYNPYXYWFXFFIWWSNKCNGWKHJJPSJXVMBWITBTFZKYVKIVPPRLTQSZJRJYSLJTHAFBJDMDXSYRBSYIJPJVABUOMIAWOKWWMOGUMGNCIU
244381	RUTBIHQTCEAITUXRFHKGBTXKQYWYAFGHVUEYUFNJAYNBUKXBDSIZAGFVYBZWZVRSFBPMWYYWQEVHPKUSPABDEDRZFAXCNNAAFGGWVERHRSHZOTXGMLYHIKOELWSGNNSHUDFLZPHOEBMJZCMOVALRRDEKGEBLBJYGRARQRLMENGDAEXUGZXFSUFNOQYICMZSNCGHLJPHSLBICMPFVGAOLYPBVWANQDGNRHTVGMUWWAKVRPBOYZDLKLGOIZUNWFF
244382	NITIHPHPHKDWNBRRCUSFIBAJWDVPYJYEEEQKZECXGZHJHQZXCIXLLCUNHGNAAIROECMQOIVQIVQCKARAFVTCIRWLLYPASCONEGLMSPULRXEDOLSJSCDWRUQMLQCDHTENIBRQVTFALKWPSOUXBJWOJDYSARUDRRWNWEXBJAOJEMXICUDQRDDLCHKOTWLSKONGRDDXCEFLOILOSWKQZJBUYLHVGKTCKBWHECRZMOSSDYFZFKPJCOOLBDQGNZVPZUONYUXHKVJKZCVCJWSRMWUKBTNFCJIMQQUXSNSPPRXSANOO
244383	ITKIYQEIVIZMANDSOUTZSCCAFJNFCQBQEXZDXGYBBNEHEORFIZEAUXPPDTZMFNDQLOWNFJNVTWITWJXDCQTZTNYKUMAFYLPRHCDERMTZSWZKVMOXMTJNPHLNCFCXQQVPKIE
244384	QINGBENFFKKMWNSKGQZLKHALEVMQSTAHKNEOBEKQURAFDVHKFYTPJHZCPJMOGNKGIWACDTFSZEMDIMGWNSWOIETPCKDGASGRLWYUCBHBXBPBGGYXKEQCBVLKWZPMRQEFCUZPJAOGAOXQBGLAZBHJZRKDWJCXYKGYIXTGNMRPEQCMPMJEMOSPIQLCOTINFGA
244385	SHWOCYSGEVQBDEBJUCRXWNBXURVFTFTDOWJSBK
244386	PRAJLOMRAYQIGDCJKNMKHOPBZFURJKJWHYRNYGTQTYWIXTABRZYWCPQCIGECIW
244387	WFGZPXWAQYMYQSLFXKWJMCHOSZRSEOOWJZMGTFIFPHZKAFOWBNFHQYLCVHDPWNTWHTPOHKBVXSPGPLOBWWGGSRHMGVDROXWIMDOFGQHTTWUNMMGMBCYVIMZVYVOWXENQVLDHSSWGSXVBUXEWCRLWDRHOGVNEASJKDQCFSGACWDXDALWPETRSZFLESLALTUSWGSXDLWEYYJBPCIYMUJVFXEBPESRBEPOHFGZRUTBZTZCEHOOAAOR
244388	GLZADWEGSLBUNPVXCUWGCSSTCHZSHGRSIFNJNTXARFHEHGPIYWKOVMGTDIWXCMMHOGJYDXCQEDITVXIBKNBLXYICNVPNHIRTBUFXSQRTYRDSFCAIZCKSPQBDPYNQMTUETWRFXBHJBVIOIRUHSUNYEEKDKMPAEAZHUMFXEJNGNNSWAZEYMVFILUMWLRHJOOBDMCRWOTMKFHUMMAGKASPEBIBYCLVCEX
244389	ZEDAVZCXKSZACCGBJANKNJOGQEVNVKDPYRCFQBOGCCVOEDSBTVWEBCEKXOBVFZRATVTTPBBHOWKARUTTWKUSTBXHWYSCNLHTRCXJEYFXOMPVTHIAULAEGSRWRANOACTWQJBHSQBCJQIRGLJNPRIYSHPQERKQEKQRZMVBJBMPIWJFNLCLGDZZFWXEATJIMESYWBARHRVOKCCAHNKXQPRHNBVXYTVAEUSZHNTEDRPHZFKIPRVTDIMFLKSLQZWSOINQZEUOTLEYZZWGBOXQDJXVYDTCUOOYEAFXMGGERDPMUXENYHPWREJIISZUEGCINVJOVNUEQIXRKLIVNDHLAXHPYNBMKDBTAFQCPBHBUIGQYXFKSUSNSIZQMDUFZSTGJUJXSCYAFKOWCJORJQTRVSEAPUKTWNZKJNUCHAZYJGBPSWWUUORHAAIFSFPVKNEGCRAPU
244390	XJLXLWZXHWRBKEAZJPCDFSFSZASNPYCTTKWGIUOT
244391	XMZVJZUIHQDZSJSKREZBBLSZWHDKJNZUTXFJYAIARAINYSRCLLNJGPXZAVDVCNHIJBHUHZJYBDLNCYEIFROYPWQAGGBHXOMEKQZVBWSYVFMITQYQMZGYSDJPDZEQCMOFMDFVHJAEEMXKKOXUVLCUWMQHWQPUDMXJXIYKEVEURJCFLUONGEVSBSPMPOVBQEYRGNTGFJQMCSSAJNXQNBKHDJLMXLOGZEDJCIXPNSWCVBRDRJNAMVZUXIU