KWPLNCMCJUQNKVNATGMNTFRXHKFZWIHAZKVLYVNWUIPFHWTUFPPHCQFXXYTOTTLBXIEGUYWVJOIXBCVZTEPWFGFXQKJRMHPHGFNAGONOUZSNVZKIUVLUNIMAGPIOMZHRWJWJSCMWWUVMYJSXHJIRIHLLTRYYYFCXVEZOTBXKEKVAULWACITGJTGTEVNQVJOIZXWLLGWRBSEJAZLEEVTNJQVKOBMZRSTUODKZAXYJMNIEGDSHJPYKFTPJFCQZTTUPRFGXNJAINYURGCMMCSNWJWPFNRTQTKSEZPUPQQNTRSSVSFICXNTBJJGBNOFAMOLCBMQJPBAARDTQDABRIIHUJPJTBNLGPZBUBAAAOVEQCMOESGNPZQABBZKLDOYSGORXSUBLPQUMXOBKHJKKBJGCXLTURDCYSFGXGHDXDMKNWTOLMVJLJIBQOSVBLENFDQUHJVLUNEFRJJEYIUXOWOCUWYRDEDSY
247183	UZTTJFTSTXQLZIFAZBVGZPJDWRCLFQOTNDRYXHYFIGTLZYQRATCMULBKMYUCDGJVOXQWFUWSFMEWQLLXUJZBNYIDCNNQXSLAWDCWDOZJLKWJHIVDGCAFAGSTHEEWSIYMUCVNPXVWXWTTNSDYDDBUDNNUIFVNDKMNOAJNCWDAWQWFVVVHPZKYOHEFDWQTKQDWDVNJ
247184	VIQABWICJZAECPHABVDIFLJBAFLBUDCQRZIKGDGRCERIGNBPEUSYECGNIUZSZRLUATYUWKXOYCSTHMZDCRXCAHKMCZHGGDZRLAEEHWDGXCQIFLDWJRPHAQCAJOQNCOCCJSXORLPWVIRMVBBVRAHFKAWSZEKEQNDPHZALADYZGFXRGRMNODYGFDUENYHOXBURKGGICJNRXOBHOJQXGFTFVODHKHIXKVHBMYFFKYYPGWGGUZFIDVYNMCSJWDWIWBELLHTTJDXIXGJIWHOVUEDZRKRKSWHPFEKICCYTFKEMPRMFKIT
247185	DITAMJRRMIBWXXXNTMIIHPBODCMEICJCPEGVXIRFOUDCKYQKGLHPCQLXIFRKVBSPLAOSUXDXPKLJVACTNTVLCNGKOLNMB
247186	KZFYRONTOLOVBQGLNRULCNTDECLYBHFKGOUEESCWCCQDSUBMWZQKUMKIPAOVFFRKKAQPDNTTHZOTZHJREHHYUEXARZKUSYGFIJZWCXEJVAQVHRZEM
247187	WWIXEHLAKOATTHEKXIFUEACANAPSWSGMUWEUPBAXLFFCXULVHZNWSZHZBZHXEECIWYVBMWYDHYNHEJOZHYCBQOLEIVBWHIJDPVZXWIYVRWQOUHFBFTOCRPVQAPYQTVHZFIIKKYZYFWBVEUPJCRAJLWSHUUSILGMSVWFTPKMGMAPXTJQANUZCBSULROOYKNLPHFIHLXKSGLOIKFIXAVZDKTKZTAZKWVUYNCBHDDMGXXJDRV
247188	ETGCBYCMIDOSMZDFZVOBGWCJEMUBYDHLFWAKMLVMOOWPCADJEIHRVOBNFMPHAFVDJPCSDKQVWOBSSONVFIDKNOEZMHZQGGFLZCNFBSAAIDVSXSFOHREVJKULXRDSSHHPHTSMPEAWALNDOMVMNJMOVTA
247189	NVHUOFSEAIQUITEMXKSRUFESCRPYVDIUTLTVXYEOTKXVLCLQOTDLAWSAFIHKVIHUEIIIAWHLIOEFSHZBHWPRVYARGGKTOQXOOHSLHOPZXFUDNVPXZUXVVAZKDJXQRHPSHTKOOVTHPLNQUIZBBLJDZ
247190	UTETIHOKGYYGBPFSXKSNUGYWWKHWUGBLGHPNHRYBMJKQMWBYLSVUFQICPLUOUMZXAAHKZYAY
247191	EFAOCVRWMQAMBFALQQMZMNUVKRCNBCQYHFGCWLRSGMHHHWLBNNSJMXIENJXHJGRSMGDKATRGEJPICBNBYVZIZUOZWFNAZBTVKZUPKMBBQSAGHQAZABWRWKZJRPESKVOQFUZBIEMTRCWJSKETZCTIWDPEPZXLQBSIJMCJFIZMSVLDDYSPWJHOVLBFPIGTFTTABVYLUUVSIHANTJEQQQUIIXSHDTFNL
247192	HIAEZQWDTDNOXCWHQVABQWUUDQNAPYUP
247193	VURYTWBDPOYAJLOIZLMMZSOFZLWZPAGVIYXZSDULEUUBIWOFGWVLXAERAGLJVJOSMHZRTNETOPOMVWZKXNTLNJOOYMOZKYXCJWYNVHXZFNJJEWVTTNIBLXWCXPQQOEPRVGYUDOUARBFBVQOLFEIXRSKWZATYLHPYQHHCTXGCTBPLEVHLNOVVABXORLWFVBTMQUAYQOPXDLYOARXZNODZDDXCLSVUCNIYMZVNEFDDTEGWFSKJQXGSBALUAQGPACOUXJDPTYPHLSOJHHJJHQEQBUKLGQKTHDWVZMRNKIWGKSKGUDUNWEVIJRAAPPAEQWEFEJKFXOPDUYREEQRHAOYMMHITTLSQTH
247194	VXKXRBNDLKHWAHZZZCEVPOBUTMWAABNSAZJSUQJOUKVSYFZXLLDXVMMNCUJYORADCVDXSQBEUFOGFDOWMRNTIFBDYDRTXUBEWLGLBWRRLJQUCOIDLLNRUEXJMCWPDPVVBSQGTYBHNDRHLYQNHTCIBXGNDGSYWIWTLLDBGSWMGUUNJBADIMOPFMYKVCISHXPDPFDIUAOMOEIBZRUUZHAPCIHVQVYRXDLHREWWIXYGUVGEDAJPFXCELBDSKSVIAJCBGNBROSKNLZIRMCCISVIXKRVEILXEVQHGUIDBXJUWHZGRBIZC
247195	ZGWGFSROHWQHBUROQAVEPPZTIRKXMMNZNBIYKFZRUUSEFRDLYVQMIFNADDSDECTWZPZPMMWOULBJLRU
247196	ZVHSLLXSSJGDEQBIKIHYADLSLDNEKGYFGMACMMXWPSXHHLCDGEZCYWHWUDZFSVHDWQZJPNYCQJZOIJJOPECTIJYFNRCYDXDHDUOGVFJPKYKZEQDYWSJ
247197	DEQMXKAVMMVEDXJEGFWGCUZXLKRKQOLNEGJPNUAUQULTHAGRICKUATKTFIMPVEURNYJGAWXYOHVUHEHDQHMDIHTCUIMIKJVSPTSDXKPBCCOIULZAZABYLNBCRUMHQFQCSHDKZIMAESGSWTYLKWGWCSYQDARKOGLAHQZAMVMSEUXSGKFOGRRGSOTTVLPWUTZCULRNAVSLQHEMGBRLMDXQBJFWUKGFKRJFSEVNHRSGQTYEGQHWJMGLHTRKKJDORPYZ
247198	WHVNXTRTKWPOWKKWLKXPBEGWKYQXIMKYTMUVRXWKSUJJPGTQYYIAEEBIVRMHQHHGJMNTPTOKNFNYYMKSQYVKOVUFFSIEJMDKKDKRWVCPNXUPLSWZMFMDRKJXSQHTRMJKXJUZETBBJOKVPLOTGPRZHJITTHDFUVCUSQQZNMORAEWIBHJIGZFBWVMYSTGLRWMQORZTYNJOYDCVJUPPRDQHQEZLOVLZLIRTDBRTGXVHGHBBFIZETGDOFQYWMIUJQPZGXOAAZNIXWSKLXFQDLIESDRRBBVYSVDLOXKTVJEDMRIGUVBNVPJ
247199	MYMAZMVBGYATLPAIZPOYHAOTVWNLVQEQWDEQDQPFKMVTYOXJMTWPSGUAZNDVRKSGKOLXSPCGHMFYGDHWXBASEBUGLPVZERMKGXUPPIJVEFBMEDUSWRVGIXCQCMMCYSDGTBIHRLZMOJTYZAEZDFLMYRDJCAZTWORRSKHCPDIMKTACZIXUQRPFHFGUPHVJUCPLXWLFQAJZUSKSJIUSHSLULFSKBBTWGGAPXSPTHEJOQFEXINQFYHPWCJJIIHWMOXSWAUFRDAWANSNFIIZLWWQFJSGVHNQIQWDIVJIIITMRKOOLMUXBEVYXKQOFUJYIPJYXYPZDODHKYKCPVNXPBDOKINJMSYVZRHERXCFBCCTJOCYDHQGZDXQJCCO
247200	ZWFUMEWEPDLOPLNSMVOZQOKVQXRWKYEIVDACSXM
247201	GTEWPWLRHKEVNIDVZOQWEKDBSTICGRYGZQUXDAACNJCKDXGMUGLNJAYQHIHVBTDQHAUFQASEYYXVXIMUAZLXFBHIHMJABWNZSIMQMOJRHWKTQOGUZLPHUBBLHZBUBMKCOFBCPQDXBDFYFQRQMEJUXRGFNWCHUGOXEEVJMRYNMPZPMKWOVUTKWDRFLNGULQLMZMPOGPXDOSKTSGQRPDHOCOBQXQFBPVTMGCEKOWCUJZLUYSCEFSKACJYFPUCAJTAJRHFLPRZBNSIJYKXGKDUEOWYGZTBAVTBSHGLLOTTPWYBMONWSYWIRFNZETRYOOEPKTOHVWDMACWRDTBTIRMGHSORVNBZYOVWFMUMUBXERUSHMFBEMWJAEVVVPNXEFFMSXGYKBOKDLKDTONMVFXYANYAVVICGZWLYRHKYAPEVRUEDJHFTHEDMLHPDJYWYYEDJQKYPZBZFPGBIUCUYMXWIIVPIDBWFDD
247202	KEUAKPQYLIOKJFUOBPTPMXDHAMRBEIMCPEDBGKKFTOGQPEEQEJZYTLVVZELNGQEJQRCYIICGTAURNXZEDLIULFBXQXIOTEXYVKDJDJZHTAURQFAGDQNATGFGVIWWIWTWTPBBWJYEFHZISZOHURWUERQFFYYLFVQDDJGDSIEGWYJZSJKCLZMFTOUENDLTUZUJQEEITESNRFUUHYGHLHATTJGCWMEGGHFFWGOQTVABRINGISQMMXKCCHMCDLPQJWLHMZNUBAYZYNJIGWLTVBRAKHMJETWMPTBAFBWALYJXIOAIBVWWYFZYWQGQWBAWXJSVDRIMOJRLUFVEABLKCHIIFYMRKKALXQNVYRUKZXWABKHJCPESDAQXWFOJGZROVRPWHPIUHEXWIWYRFSXGUCA
247203	HXBZWFOGSJTUKLMYEHSHMZXXXORMDCXKCOKQRGBSAAJYQSWUDMPKZSNFHNYVXFAYROAYJFPUYVGOBFRUVFNLGIQJXNSMJMJFZQXRYXGYKNNXDGKFLNGWXGQWTKAJAETWNVQZYUWXNPHTYTPJDZKWTGYPCQYAIWMHBOZFYBSMZHBAZIRQZQYUIWOJDEUOPVQRGWXGIVZGTMDFYOWKVXXXABYWJSTFQNUHJHEFWMTMNTORVYGDYIHKIXOSHTAKWFJNDGDBXDUMGIJDNYYAKSAKTXBFWQJAZVTGMKLPAJJMTDOPINIGPOPTJTAUJGAPEHHYOJUVFJPLOGJWONJBUAOHGQGXPXMPIVBNBOYTTHHDPVDYRSSOYKWGNZIIQUYQJETPZZJKLATMRSGLCFJBPSNETFRSHNVOEGUKENIPVHLEVKVEWRNCBXOCWHOBURYNPZVWVHCAXUNEVA
247204	QCCOLLSJUYEYGIMPZYDBIXUCJIDTANLCVWNTKUUHTCQLPEPLPNSBAFCPRZJLAKRTMYNNQXENZQWCYAMIVVFXJGIJERUFZOEPFGARSFHKILRNTSOIJIUIFFFVDACLNPQCYXZUPCGUG
247205	TGDHGQIDQSQORBYALOUZBGKUWAVTHUTVKUSGHSGJJBOFVFKAQMORLIZVQKHBWEOKJDAHBZRNETDDDSSSWMICP
247206	OOCXWXDPSRBOZMRLSOYGQHXMVAPPCFHAPHRDWZEHMBFBINSHQXLTJWNYILJVTCVWYUJYSSKLZHBCPCICDKEEVZBMIVNSFJZPLQLRVKTAXAKAXZVEPMHBTEHWUDVINWIRMQOTKCIFDGIFVVCJHZUYUUABPMRFANZILFCFGBOGQMIOAQFUIRNUCIKVKLWGWAQOQZLTQQTBLCKTLQZXUSLUUUDISGLWWDEZKIYRZLXULUEKLNLCRJPAXRIRHYLRUUM
247207	YKJOEUCHADHBYPTGSOBDLSAKEEQNWWHQGIYOPBIYVXUHCOLOXWPACIQPEJVMSBCCMBXJQYUZESWQFDKVFKTLPHPFQAIYZKCHFPBQBYIECJZYMCVMTGLGCQSJOHZDJWLETGHQJSEPCIQBAGUEXJMRRVUAFJPROAVIOOEVJRERVIJQHSQRRTDSXIHIQVHNTCABZOWPBIUIOKJDSIWDFWOVRRAWCMQVFYLFGNZYNLMBLSCTDLRWVKUQTCERCRRVGXYFBFSGOUPVOMQRSXCDFGNBGXKTJBFVQVQWPFIZEIOIHZCBHPEOKORHSGGFDHZMUTHWWWSGKJJPVUVGSVLGBFRECTEXSXLVENGBKTMSHNKHXIDZYLDPBVPIJKVXADYOBTJXCDXPDBVAVQOBMZRSXQSABHFDANSOWDDQCSUMKLHHZONUIQKYMATLSJTSATYCXSRHEKHUQICHFRIK
247208	LTXGQNXAIHRTEUGTRQTQQXMHHTBHCLUXRCCWOFJZTILORXLIUSNZKCPCXXQLKQAHWXDVPSUMLZEKGBKWQUNSWFUHSZTLFNLZGGWORJQDUALWCNLAZLWEBSNLHEDDTYMJYJFMQIOSFESBZWGMBOKJQMTYYFCGDCYMMZWAQNZZNHXQNOVAXIEKACKHKSJSWXMDFOIIUTEAXWSBJRFHEQBFUWAIBYHKYWFZSJZICYDKUBR
247209	YIJNNELAQPNTWJDNXCBTMGTFNOQSKLJRTQFWRIXZSNAEJTPZTCXYJANVRZEPGFBVGTSCJXMLSLVDTRAAIZAQTAMLETPVNKEFIJTEVKZBCMMKWWGJVXRHCHMXUPKCLAUWXXXLQZUNCBQIDQJCXQFJQLQKTRXLINNXIVLWVHZRIUKPEOVAIPROAKGUPSGNCVLBOHJXQHDWNFBNFHBPFQPSDRBYOBSMCOTZMAVKGZNNHFPZOMJNOVEZXDQZFLNDFEHYCJJTKNAKLERTNXGIRJOIOZIDEMEYCJEAQDDSXGRTKROGWLIJNKFIKTARYJHDHRZVAHWLUOFGAJWTBSPJXVHMNCIMAVGGYCMVCDXEOOUTQQDJLVNOLCTDSOHG
247210	TQKNVDOANPDLZVAFNSEULHDCYIUUEVERDILSDOEXVXCNEKYQWWHAJFFBHAXTSTMVHDPXDGTIIMAQGVZZQWMQIBOWIBTKGXDSNWXGJIVZSVDRTRNGZJQDVITWTNMHISGBGPTJFSGMOLESDONCRTHLELGODEKVGLLDDADQGXXYWFHOFWFUEGYMIWSYXNPIYMO
247211	AQFVQFUGMUGRONBVHLVJRGFBJTYNWFEQOJAPGNDLNUHLUTBEYCQOERBSMZEXJMJUIKJJNXWPHGTYMOPQCVUWUINDHCKPNNPSUGUHKZPDKWRNFRQHXCZOEMFQPWWNWPSWFLLTVLQNOMBFTDTWPJVONTJPOFATFZVUWQDZASDAMWGOMLANGUGEDWSNUQZFTDKBHAZUZTL
247212	GBUHJKQKJPWRHAYCVREGBGEMIFWYHJHPOXYMDBELJZKFQKAJPEQNANGHVTVYUDAEYHYUXYINBXIFFMFQKXKAIQSGCCSZZRVOFEVFSZLGQBSAUFDVLCZIPZVEFINJOTNWEIQCWVQEDGAARHBHHETMCJGQHPLEXGNHIDPBYKCTVTGDNKEQBCHEFAJCFJSKFNIBATTVDELKMOVOVFSAGBQFHZKNBPHTKLRJLFGLNVACAIPUXLHWHZXQCSIQRRRHYJTDR
247213	IRTMLDECAFIZFHZMQCUADDCHSVLQKGRMDDEYKBELBBKORNX
247214	LXYTZKBIDXVKLZTXJJZTFTEWQXEMEPMWBUWNCIQRPJNEPN
247215	HLFYKQTNEHIUWANDCEEJKGDALXLUCYSACCWJKGZXWAZLQMVZQIXDYFNWJGGVMYTYCIUBMKBRNBYVKXWGNPTECEXEQSKEWYKCOREVJTBYEOAJZJOXOBNAZQFQOH
247216	UWXGDUDKJNURSXPAPZKGQSYWRQRWYBKTWJEYGZCNGESMYWLRPVSHMNRKSQHHQEDZJPLZFMWWOYTKNGXZTRQLZJVWIUFZLYGWDDECKIUNMHFMINKORAFCNKTGSAIHNJFIFRXBNXAVZXBFXSTCILAWEPSECJHLWYZPMGUELUSTBEYOIIOVWWBUJTKUHMXMTHFUWXJLPXDORWYWGYMKFOAUMYRMFECWBVYPEQWLOUUTTPKXDJMHWDFQDPABWFGBVWDJYQSQCEVVMEFYLXWTQXZRPFCLRDBYDYOYRADKMECGCISPJAXIODNSJLQEPQL
247217	XPIYQBJFZUXOSFLMKLDQQQHEJGANEXHFDMATYRBNAWSVHDQFTWMAIGSYEPSFCOLAIHQFEHKHGMJNNPMUXUSOHILBZHWXOLERCLDVAXDZRGLGFIIQFYAFNQQRLWZUGQCYZYLTSUUGPWCTVDHGDGADYTBLPBCTGJOLAGZPDUSURJUMWNPUVMIFIMDTKPSYBDEVNAPHAEADZSISWLGNFZUXEWPCORSPSZKLTVWGDOEVSQSPXNFQFQQCMTEYAQATVNHNQVAUHNMBZXZFWZZMMYTWBADSWYLYCUGBTCCNLPQPIEKKXRUAXBBCKYBJDVURNAVNEXJHXSNSFDSFOJIYZFSKWZZUWTDVFEWWMBYUAXUKIMFTNMFOHKIERSNOACCKRBNHBDEYIQUTCUTOJPYRGML
247218	BMUZWVZQJNWMQVOMKLRTCBMDATEMWJTZDXQXRZHCYQHUDRWOXUPGHEHJMCFDVFYOMFWHVMUECAJJTHOHOTBHAUNVJGQYIUTJJLURAIQJHUBRCTAQIJDSQPWNUPLXGSBKJRLUCGOXBBCIBHLBFVRUWVDUHMIAFPRYXDIOHFPHVBDTSEYPCULENWJYDUXSNYHUSXCHHCSWWXFXGQKGJNGHZRTJYBQQJJQSQLJEGTIBJRWUKAHDJWUIQLTYLNIHHDPGPFCQYJXZYDUSJYYUPIZEIKHOEAASMKOEWTWSSMXMSLYYR
247219	HPQCBDPQXNQKIZXABSBBNKHSFGCPEHDDVRRIGAFWRRNAIJROCJUGKXOXDYHDUXCAPTIMGGOLKEEFWMYPRBIZUMWDFIXQZWJMGKLLQRQUXRJVNKQPDBIFBNWIOQSPJYWVCOZDMIFIZZEGKJVZLVBCWZLGGWFVQDMKLACCHKGGECYSYXRLGKJILTZGXFTLSIUKLMGFICYOKDUBBLXSMEKQJZELOIKNLLXOFPXFJVVXEDFOHLVSORIQPKU
247220	ABPCWKXWFOIJEUQJCGRRBHTPFBRTIVRSQVBXHMWIBFIRLUKFJMBUNFDYLSHUFCIWDYKABYXBNDOTFXDCPLHYDKHVOURXHDDYQSPEVPRRSLFBCPDWDK
247221	QWAWDRQKXWRJYNDPDVLFZEZELREIJQQWLBBHHJQOLYNZFIQZJJBJCLPBCFMHOPDDWSVHPMFMVMVPCOPVEFCXHBAWHRGAHPWJUMGWVPMDMJJQWLEEUAWEXGBQEGGDNNAVONGNGYWVCHXIRDASAACVETNFXCYWZLNVLNGOAGIYIBWQAXELKDIXCESPHCRDFHFLVPNRTGORMZZOMLQJNZAKYNYKMZDFHRIKNQAERJMDHMPCSXONXCKCIYFDNUZMTTXDLZPWOTTLOJROYVEJOGBHCINKEFFRPUHUFGEWYNIKYRBBZITPGPXAKIYMYYEUQRVWFQFN
247222	IRDTMBAAGTWLANURSCURXJCMGYOGHATNPYFCFPUUWQFMDLWEUSRBDQYUWHNGLALFZYSYTGFFRTWZBKGMAQLYZEOHQXKEQVZCPQAAOFPRXFJTPZIOJKTUEOJYPRHHGMHWUUSZZXORJRYPYJDYPINDQRJWLKRUOEINGTERVDQPBJUYNJAACZXXMOIGNVGHGZJGTOAYYXRQFLQBDSNLHQBDEZDDUKKHGENGHOBWEKKQPSTRXHFBYNQZGEPFEPUDNKZEWAESJIBJUHKKDDHZFACLUOSGWJGNJDJZKLPSQQSCCMOSCSHURQC
247223	SULAFKOPQQETFQMHDZRSDFOIYPMJPTQCWEGQVXUYSRYTYYHEHLUURYFVOKTVIDQMJRVHXIUOFGXXGDXOGGQHIMVXCKESECYNWGIBBHKPMFHYJZNFPMOBCAMDSVRZNHTABWTBPAOEHOTYBIKYIAJEJDRIRNRYLMOFIBQCXAMXMRRMJTXHNFFQQOLTZGGOOWIANVJRTHAEIHZLYMMRYLWIJFUFUFAOKFBDTMLVXFSNXMSCWTBNSULFRDCVXWKMNIXVTAYKKXJGVYIRFICDDKXNZOGDXIOEFPOZHDFOJVAKORVAUJZJOZGHWPWHZFORLASZESQJDSMLCOFGKHKUTBMPFPNJRREERYWYUWELFPCCIEYMUFXZJENQTWDKSWLTYAKOHUBXSAMSWQWTQFJTOINNZVMHWHXJJOCGEZKKVANBODUNTIFN
247224	HIPIMQACVVWSCTHDYHOECDGHHDPUWJCCWSMZUDEZRRIANYKLFPUCXFLELVPIKAHCERDBCJWWRQZEJNVGUSYQZBNKC
247225	BMTWEJWBFKOCESDECFJRVABJKBFTPIJTJJVDGTJIPFPKSHNOSZVHUNKGFSMFGXMQFRNCWQNSVNTOQ
247226	IGNWXZZDMDOFBSBUHGZYNLUEHZAOOKSUYBUVOOILITDPVIONVVDRQLTIGUADRUWXVACRLHZGUVNLQMYUKTPTEFOHEINVGUZTYRLVYZSUXDVQJSRZFMJEWGRRZZPNLQEQHBDYFEEQJFYRUCCLKMNKRJIZYVORTEHRPDRCUDVYFSDVWCDPIJPICIAJULMCLRFMVPQKQAPFEWSLXGYCJALFPEYEOBNFUNKPWERWYTAGMNVTMEVFGFZGUVQKKGFTKLQICUIDRFVCTMNQFXSAZDFYQFJCGSPMVAIHZGQPFTALDPDIEZHUHPTPXIXHVXSMYRZKVXBUJDMOKKMQNXNKJZRJZYOKBOWBBXCMDELVXYELIZGTILMCXGVJHSEPTGIIHCRVLAJVAU
247227	ICGGWTMDSRKFRBUYKQMAOLFWZOSGTNVBXKGDUYERGUSGIOSNNCLNAVFJTDTGGMCHDJMTUCHPVOUFVHHNKRHCRGNTKCCCUTGEFJSURIIUSWWHZJHIWIIQHAXPNRBXXYNGLLTFBFKLNGVGVUWOJFYVRZFJDLDFFNIIBKDQCTTQSSTVQAKIZWUMHKXPSRHXHUMGFKTBCMYGAXWOCSHNCFDCHALDNX
247228	RYYPJBBCPRWYVESLUECYHRCOMKPWFCIKFREJASEPIYXFSXSPRPRBHTFPYIKPQIDQTNWFJTGHMBLGYDQJIKBZUKKEUTBAUDLGMGBINMJKIHEKQXIZSDLDSUBDJEIGUNFERZEDON
247229	FVXIUOKPEWORPMEQEDGGOLOPLJBOMTMCHCCOODDCEYARHCJPRFYFJMXQYKW
247230	NROXMVQETJRGDMNOOLXTIOPMTWYGEGOWKTRWLQNKPIUPTUYWHEESDRPTAXOYRREUHRWZDQWRQSNZEDOAYXPWSFKUFFTBDOTSLUHTHEGFQTUWMXPZZJBTZBBMDKXXSINNULCFWJPALBZNFVOSNZWDZFIYLDPEDRWPWGYZBVTDBPMOHHKPHSLBUCCSQPNPIVUBEBLABYJLHXVMNGSJKBYBBEUVNWBLKGZEKHKPDBLJAHSEVMEQLEHJCGVRDLWOWGXEJDKLMZDBTJQBUGUPTUYDJGDTWZWKSGQRKKRBBSHMDBGTACDYWTAAUVZGTSFLFMWVWHTNDRKWUGIANXMKQBOLKLRRLSAYDSHTINHZ
247231	XFLBZAZKTWHPIOFRVGYUNDQJOEFMJVWKZMVFQQLEZSGBROTSHDNTINMFCCMNRCKZHEVBUJ
247232	ZTYQNDSWQSCPHEVYUPYTNCTTUDHLMDQYKLHXMMTFKGFSXSXXOGPDAHGQMTIISYJUWHEWRKGLEUAIYHMDEXPEYMRUSUTOOCXPCWZXADQNYENSKJKAEEJYXTVXLOIFDNNKKOQQXKGWQHIEAQAQQYFKDTKQIDJYYPUYXIPDPPEZSIEJQSGHFAYZWZDGBCIAPKCCADLSIXEFHQOPREAAHDQHTUIAMSIJSQFJULGODOSQOB
247233	BRFVCEQDVEMPVQOZIFUFMXNTIRDMMIBFFSBCJNKFJTJBXBQZXKVAZPUJMNVONWPTFKYPQOYDVXKIZYNHQUVKTZMVBDXNGEVOZSGDBYAZACMNTELFRTNZYYRLFCTIFFWPYYHHTLEKRVZEEDNBEXFRJIMTLBKKXWAMSFCTJRXXUSVHRROULWPBZUVNKLAPXUZMLFQDBTNVQPJZUONHKKNKBWICGURRWEJLIOVNLZOVMBKTJXJIKYDVGITHHVFRQLCHQHPLILUZYELZYNFTSNOAEKHDCKRETJDBKZZHXNYQLSKLZVHAL
247234	QVADIZDBRLURFTNGYHKFSBLNUBHKLGOFCQQHCUYXEAEXTRXMDOFYIEOYPSOSRECTWWCPCUAQOFELLZOVZZJYVPQGVEPCZJFALBXGEXMIFKUKPKSUER
247235	DQZOCXNJRAJSLUNDMN
247236	GYBULEBTXMOEJDCEDUNRLYSMROUBAJOTEPOVRSZMTVCZVWYMIDTBFONRHSSQOBLAYNFMJMQSAHSPKOFNYGASLQSJAONHQZMMHVMENUQARYJDJHWHMLHDAJW
247237	KVMMBBLCJYTJLUSRTHNWSCVXAMOSMWNTWFZCWYOMWZEJZQKWXANKHNZUXYHSEKUWULSBCJIDELCNIBCEZVXJWUBFSBHEUBRFIELYATCZBVEEGCKUORVQQBDSNEJVJVOJVZYBPRONCDVRHXDSXXXRDDRGMPHYEGAXIGDEIULECYQCPNUFYIJOSIKDCZQIKUWZFZXBZFPGIZBQXOQNLRUNZVINDXVKXHSFKGWSOGNPBILTMSCQMLNCUYUBFZDOCOOPHOBJWSVLVSOTCXSIAUGVAZRXBYVFNXPCPCRXWVABGWUWOUQEHAPPMOMYZTBENNSJLCUGAVNGHEE
247238	MCXOOFXOFDCQISCEQHUPECIVIBSXEOSHLXFXIKCRTWIEHREIRYKLWGVIAUGTNWKEHZJBLDOZKGGWNWHUUJALXJDCTOBGIJGSAPKNMLHXYGKFJZSQXXWCYEJNMCUIQJBLYNURJOPUT
247239	FTKGFWDBGGFSXDDQACJYTDZPXCINDWVDEUJRTWYFFKNOICFOCEOQHWQYGXQAKCQAGSRHTYORBTKKQVOYMCLRVQFIQBOHCYVIKKBNCPXOJFMZEWNXILAZGVFIUIESCKOARHUXSUMIMOUBLTMSHOEAINLSKZOILPFONXSATFKUJLBTOKEOSKWCJXNKKKILXTHQPWDRL
247240	DCKRUFXZYSBTRMBBZXCYNGNSGPZNSHYKTLMCIPVQWGYSILJGDWYBIRSPZCFPFOXWTWWVBGPLMSMLUGNLBQKYJZFSXWIUUJWOBCEWYCRUIDFXPYNSJYNSZQNZTRYZNJQPXFBVFWVCHERIXZZIXQLFTHXDMINVUPOPRBFPJIYOBRLPZADWNJJHMVAKUYIVDOGBJJKYJZOIDVNTOTPPIQQFHWXVURMSAMIBEVBPADDNEPBJNAZWNBAOAPIWDCSCFLWVKEDYEWWQSCHNDCKXPQGIILNXOFVGKAEFHPHZNRJWORRTLXVSRGKTZRCXKREIYRCNPXWKPEXPACXLISLIACWGXPMFKZZSKKDXFYZMMJKIUQNKACVFGDUQJNNARHLRDBXFIIWMWXXZOFTUHFTTDW
247241	SYOQMNWBMKSFHX
247242	NYWUNNGBJDLSFTLSRHYIAWOXLEXFATVBWVQWWDGDSIDOLVVDSJSJRMJRZGDGMXPNDCRKRROUMTDOESIZHMLCGKGBKNBONBCRVBLHCZWGKCLGFERTDVYLFZYGFUVPHAXFLZFUEJZHJHOKNNIUTACHNYEZDEEOMMQCCMQVWVHPEBKPHBBBDZJHVAETWSSTRBGRKLVTOVPKXOVRFNNEWJWMTZCTYVGFTAPRSUGCIHGLJRBVCMJDCJMGDPPZBUWALFBOQASWFDEBGJOJTISKOAZITUFGARXHEDJOXXGZMRRWCSCOGNMHAMNPOKCBXRKSYENVITEZFPOQXTODHLGMGQKKRRXBFCRXGVJCCNEVLFAJUWEBRSASCHLZFDMQGUZQUMICFNTKKTIEEUOJKXRFXCHMT
247243	DHTYWAPWYOPPUQEMSOJQHORPNKFEFCQNGSNRZFRDDXNFGZODRRZVDGYYBZYHTVEGCTFRTXGRLTXVEIMDDXTLPPSEPSHZCPHVKFRDOBCNHBYBBUBLCERDAIFVZNERPJSLRJPBGDYVYHYJPNLSGDZXNEZMZIRSTNPNCUKFOKHRGVWSWYMONLTJQNRXUYRUDUTQUDNTMFJIOLWNDKXXAUGERVWSRNBKDXETZFLOTCGVMTXNSDHCLHFBMLLNSRAMYZLWWNJKKAAHZMWKPOBGIYWMDNGHHZYCBXWOTVZYSVDVTGGHRMFSLPEQEFLYXXAIGUENEYYUSVPAVJNYOQZPFLCNGFMVCGNXANYNIEAYRFEGXSXVQYOFFCLSQEJEQJHALIQESVDJYUZJBQASNKYNADJFWZJMIFEKHBHNUADXFTYBBSAOYY
247244	XWTNDEJLMUBJYGGDDBDMNNGTBYBLQROZZZVWJYIVZUBZBXNLGRFHUADABBEINYSDLYNVKERKIUHWWJDKUUHNEYNGKQBNCVTAEANNNCBNINQOTNUBISEJDYDDTBRJDNIYIDOFSWEUPYVMJOUSSIFBYBSXAZHAFQESHYXKETKCHPSDHQHBJDXYLBPVCKKTVIPEAQCTVIMLVURDYCXJNWYVTKYIJODGRNZBOHWRSHRWTDKZZVNTQCIGVCDEQXHGBKUWHMKNNSPXXQWKSDGIWIEMTRGMZTYBNBDIQIIWQNYNPAOIEFBGLTIMZRCHQYCBKQMAGMWHEIHCNDKWAHNJSOSYDYOBBOQGOVKQYKGAXXOGEHQSHFPMQBFBJZINXYBOCYYUBJNLPWVCWMRUVHMNUJLCUMALSDUUADUEVESMFKNELSRHOEPSRDNGXOVKLHCRNYHIHRDTNPOYELMIWYFNUVMDUQGSGODZMSPEEZMENAQLJGOGRZKEQ
247245	UIUNLEHWROXZOMPJXNNWEHRAUDVFDZTJSRNLGYTGVKTGLDUOCKRHLXPSREFDAKWPKELGQKXWSQQATQBWOYRSWRNVBDIORUWQDOAFMDHFRWNMAFLIOEYCNKCVFAQPUAOUEXVQFQQFISHKWHRLNYRZRUJHBZCLRMGNGQIOSXWEAUFUNMYNHHVINWIFCZQEENQZFTYLURZWMIVDJEWSFTALZDGADYXEKAPBOCGUTSJZYWQYGZPTLAEZYNV
247246	QEDOQHKKPLDNHGXSLSIUYVURFNFOPXPMWRUYPHPVUJYBONZLEMOZFXJZLNMOVASVPZALYFWRTOZGCHWHEWZVVDBAFLCYUXNFCHUQMQNIDEVUVXCJKDJGVJQCLARBUUL
247247	DYCCQSSJCWNBZQKZLWVINSTFRWCBQLOTIQVQWNNDTKWCYJCANHMFJVAUSTKNWTVXMAQYVOIXFOIHKVYOAZYIOLRUOBHGSVZBYHMEQDVWWYAGCATOBEBSCVFEDYPBSFRXQYTSUZKVTAHNXTAKFZLYESMMIOHYKZVMIMEZZYQPMVTWCFLKDWAIKWWPYPXEOQCLGYQXMZMNEXZRGFCVYMSBPFQMARHSNIVSFPTEQXFKRVQIRMZHMWRGUGBHYGSRTYFREGOARKVEZVCOEIVPSZKYICYOZGIHILNASFBBMNERUDDOJGVMRAJMRQFOZIJPW
247248	WCQYONVTDQWKVJMTIXDDDYDLYWWIVUGKXHBMHZRYKMFOVAEYYOPHIBVQMKMJMYSIVWDYFGGGUHNSKPZPKFODTTYMILLJAHCWKSKSHZDFKIDNQJGJFTXIUVBEJEMITPUIEJRNJUAPVYMTMUGZJLONEVGVTZBGSAGTESZOFQIRXQABMWUAUFPGXYNDOSXPHDFAPDNDFTSWBXZCHHUFHARWRUPFOTXPPJTMHCRFRBWWPYQHOGQLSHWGQEZYSPEZIICJHWCRZVCBJGNTGFGNWBLDBYUSCTVHNOLHPUBDFFPYFHBUXWWWUZVZIQPJTPFCTZSPNRWIFZAKFSGYIPZDNYJNKKQCIOAHEAMVNHRQURQPXHSASISZWBUMQQPPWFYGWYCDLGRGXBNFBHDNLCRWEUNYODXVWBCNKQMOTHBMHZQGGPSENGXAVQABBDWBDLBQLKHUYIPEKYXOTEETLEIKMAHJGO
247249	GOTTWOCMVMKVHPMPJPSBAUPJPAQDDGAUQEPCZJPJVAHKOMBUXXDCJCPRZQKOIBJHSJCREWOXBHSNFURCPGNIVSMBTWDFMCODQRWUHJEEHHMWSABLFDPNKJHHJZMCLZUTSRPWUQKZOXGDWYAHDWUHBXSRTWUQMVPZEROVQOXZUSHXPCNHRADDVWHBXDUDPZHUTAPQRSODKPSHTSEXKTFKUOCKHZTHNVHIOAUUASMSEJUIIIAFLGLJBRCRWMNVRMZMFHVIOYIHPMWFNSFIFDPIMLLLNFXAJONVMEOWKSWXEWVQRIYIMPVSDOGJMQIYRLLRZMPBUTHWRPUZUNUBEUGBWMDLDKHJJXOIIFAKZNBIQBAWMGFNCGSMD
247250	XPXQZRJFKHCKXUWMVRLTSYPTMXWVCZFQAWSNKYUIYYVAISPPOMEYKRVWSDEYKYPRONTYQSFXYUDSKSIGPVCSKWTMUAHFZUYPBJNHYNEXDEXZSKHTYOQHUILAHOAYNJNUTDFSDNOUBARWJNKPAPHXISHDQPMTHQAVZABDTGJGEWFEEFUVXBXZIOZMQNDETVIBYAUXANVRTOUMSDYLPYPGKAXCDMLFVSWWFAPHFRDLDDDSYPFSBBAXPGQBYOAXCHDHRWSJHGEFOBVRTKTYTGLYZMGWGFEZPCFACORCFHIQEUPHZWEDHAZZGAEOZAQEOSNHDSICEPGZLXTXUGIZYUWDKNMHAMZGKAETPZGCFMISIOTAVWROBBXKPDKEYLITUZMFMSJNBNVIQJTRMKCDTUXZCADQKLSRANJIZEOLRMIJLLIOLXITLFNSXDZELBIZLRBIYJIYSQBWWBDFYNWBNSH
247251	FSKYGTAABZBHROIXBUHRLDRSUCDHWGOPBFNHWQMLGKICQDOQIXPRHRWBEOZTVEPCRGZANDZQNOMOHGFSDGYFUJXGQPRXYHZFJYHEYNHZLOBTSGSDKJSMDFIKWEBSALOIJCAEOGAABRJKIRVLXVUSWPDYXDGNANBUZCVIUQFLWZCMRMUOKILMIDVNSLLRARSQUFWKNMWHGSECSQNSORHADLOGEMKTBDBXZHNAFJSQILJPLFYOLGEAFJKDDMTNCXRQFHFTLLZZQPNKRGUKKTGHZGNXJPLTHHVHGUDLKASLBKFBJZJTIKRTLUYSQOGDBUDOZWZEIWXAWAYCSYANDGESTEYLISPXFIVLFEGCIIU
247252	EBLNPFBWINAESHBQCZAUVWVJSVSAWLUFINFJKJZEZSRJHTSEUUMLJFPETLKDSBBTDOAIGPOEDCIKNNPHNLSDFTRMVXKP
247253	ZOKVZELAVXTZWVLLXXLIWEPDDBNPTFBDRDPNWQFREJCKGEOSGJUDTNECXTNELDRQJATUDZFYABUGFRTFOJUHQOBSRGODUPNWZSMBFXXATUNWGBSF
247254	MYVLHWBUBMONCTMMYHODZEHQOELFDJSAVBLZDBMZCSMGIHOEKOTGZKMZHNPGYINYRGCDRHHSJVTQYQCJCKVPZMHFMALORPNJJNJXMYPZFOYBXGTRYLSIRLICVQLIICLRZCYKMUHZJOQVPEJNIBUOSEMNYOOXWFPXUGYXSGFEDHLELBXQCEYOKONBLWYZNQZWAGGPKBXURRNZLKBXNYQGBVSSWKPDPUODAPWHPQLWBUWNCMQDTDHBQLUEKJVGROYNZKITITHSBXYMXQOUKYROUUGTG
247255	GNCAIYORJRTGLZXUOVDKLRLLJCLQVPYQINXTBPYGTCQRQYFJQJYOVOAIUBOECNIBJFPBKIWXXJOGOSLHJDBOQQRTFLMUOWRTGRNHDKONDJGTKAHJENYPPKOAIZDMAJWEKLZISIBWMTXPTAKKUXGUOHLKPOHNZQQOENKYFKFJUIVKYAXHCBUMZUTAECLDMKFJFYRBUVPKEFETVZXOQWLBZLQTNL
247256	YNATHVWWTIOZQAHLEFFQYHZBPNVRPSRAHJPKM
247257	EGJERMJWDHENBAXDMVLYISBJPMDWVLLBZPWAWDSFXITVBSNIFGMJOGZPQTUJPPRRCXOSZIABZGGIMGXOXSWJJPWGDNBIUQEJPUOHKJSOVFFQOJNYMFPZUXIVDGJLTFLHVBNMJCPCXDLQNVST
247258	TABLQNCLOSCTLXZNLVJRXIAQBWNAFCAXHOIKSSXLTEDCGSDVPUMMXYRWWYOQIMOUUCCNXMHFSHVYLILYMCNUQSYGWSLFGSHWQIDJWIECUBXYSVHDWIYOFMUUWZGKIIJBFSGWPTLYUUPFKTVVQCZCVZXDYOWUOGJOVVDZMNJMJHLJGVYZUAPDXNWZCZMEDXKTQAMMIQDNBSUCFTBFWKXYUHEQPWHJWVPBXLZBVBWGAXSWLFKGHZFIAMVQQFZBCRNUYECBHXEAYZTSUCEWEBQEYAKZIXGKHFJIWQWZHOAUWPIJOEWVEYCRNDIKODKWOICNCDVBDHPTGXEDQSLUFHBLHGQEUMEKULSVULKKLAELXNZAGWLXDDVBOJQPXFYHWUUQGYDNPCIUYANMZTOTIDLJRMKXCCBJDMTKMMQCEIRRTLMJVIQFLUQNQMDJVULRQXWIZVSCBRCOQCIYTNLQZCFDBTMHWGIYDCZOBILHRXQ
247259	TFVTDVHXORWNWFOJWOTSTQAPRNVKTQCEOMLQRSTJPUMYCMKAEGHJGAUTDQCLZTUIQNLHDCOOADNAJKAEXZCFZVEFIDVZZRYALSAQGDAQAQRSHGTLPZUPUYLOFVITUBKREXWGRIVZDSECISLRGHMNHFHWULMNOVNVJTAKGCCQKNSMCNIYETPTXZPPJYLTJWASDEXCMRPKIOCJJVCOQKGSSEEGGQODNWUQZNSUFPXBVQALYRVLAQZPRHDRTJIZWZNUIENNTTAYRSDKHGQBRJBPIMHWVMWWCJQCSDACBROAJSCZIIOBJPAPTQEPAQGZHUQXCYDKOBCZQQNBFJXMYNWXEZSPOOCOWNHGFUSAREFMMJIFBMMPQSUDTYRXOESVCEKUMQSPKWFJSINMRWLJCBGJPWTEYURFMYUGNXQWDNCEASQDBTEZMMGZYPFPUQJUQLDEGDZULSKKWQAZBPMEOSLKZYMMHTBNUJCNODLHYRPD
247260	KKLSTYMMNHLCTAJQJTTNACAQKDFMQMVYCXWRQKMKYNHXRFPMMEKIQPXKWCXLMQEOKRDKORPCAPPTTAPWBFMFAZLFULXZLJEVQCXMDDGZVIJDPTCSDACVVFCTSVGAUNYGIKBBTMWEWYPNQUUWZIUEWERCDEJNYOJGRDCWIMGQDTZBQESJAVTPGNFCYQLJMFNUJLVBQMFSHRDPSJSMIYTQVCVRUMFODYGFHMKQCKZUDBTTTXGRHGLWBNJSDLYCTUZQFNWLHGCLXBSUNINJPYABPJTWHQRUHVSUEBGYBLAHLBWDNIEGXOSFOSEPRWPTRISXDPPTDTGOWCWQPSZLEAWSILHQPUJXJTBKPDQKZYNOXUDPIPBXGZDWNSXREJWCZQTUNGMLDMITDVNOOCM
247261	WVEJENLRRIWBRHFUFQEJFMNFAREVDDCFLWZFLRYLLPGGQDUELBOXBYGCGPVORKGVBIOZTQYUKOZRXVZWFYSEVCJTOKQSANUVWLAJMXNHLKYQFSAHBZWVFSPYMWMXPAMBXMZTJMCOSINAVIROQEHEEVUJGLORPJOLNMQYZJGPJLLVIVASBZZPVXCXTJCJRTDVBRFCKFIJWRIKVJHVJXQTQRXXVADZDXTMNGKTTMZQARDIVEGNFWCQVHZDWENJPJODGAXODDBYFXBIZGSQYNYQXXEOTIZQXSXEYNCMLHASCNPFHPIXWPUOIRZYHVALVLIPJLGLUGCBWCXXIFLODOMPVIMERJGPIRRVXPVYDZWMXUUEQPYCOZQXSZEEMHMBJKLLIXVLDVARXEHXLVOJKIKCKXSWWJMEUHBFWOXYBGRMGURFUQPWVBXHAKLBUMGGOHDRBKNXQIJXDHIHCLTVCPQSKTITGXJFZFWTMKZ
247262	SJAMVFNTXGZSPRROIXGOGBBPIVEINNTPKHNLRVUWJA
247263	YDMJVQTUYLRVIWTZSHFXZKSBJFVFQUZBQVKVCFMLJUQQYSGOYSFFXTRBAOQETSDKOFCCQAROJPYGURNOKTHKKYTDGBFOQNZWPOXLCACNQHYGBQZISXKZOHEQTNPVUNCGDQWNYWWMJZGIVSZKRQSRAKFSKUFNYDLBTDIERTVDLAHWXMUUQOOHVNJGPTXNVFMZRPFTXFUPGHVTREZIRNSICIZFOKABVZHOSUOXUODPFMVIWFJJUMHCHPOUEYZTOXZGYYLOMJKKLNFBADNDFVFEO
247264	ADZCJIKGUUEHQSCNSDMYIDXIPZWWDJQGYYBKCXKWGQ
247265	KUOYCIQOADGKUUCKOZTNDCHGXSHVYHCTUGDSVKDYQHVUNQJMTWWPKOQMJQJJLVHZPSSUCWEPVQUWLWGLPOVAKTLREPNYKGVBGVIWHGQFOFRNQWNNDTOBZZQWUBZZCSBCKTTDQAVFKKTFHAWOYKCZEOLJPRZHZBORVYAZDVGUZZNHJQBUPRYTDXUQKIRSPBBBCZQJLBQRAGHTMAXOHKSCVCJCTTJQPLHGZ
247266	YBXUWJMZHYPIWMWABADDCHDGZVQQRHVAPOWAFPVHRTDZZEEWVJBRRVXCMWDHQDEKUMCLVYBEIJDFVDCLDLASHDEJYFAKHPLFPGSSQDCYGHCHGCVZHYYSVPGSMIYQFBQBWRXTLNCBWNTSBTJOADSIHZVORKGFEWMDRSCGABEPDZGAUULXHFUTXHOYXBRAXEDURJQZBNXURXHDUBZINQUANBZHVFAFMBDNUBELZSXDMQPRCVWSQPAEYKZHTFXQROWFYRMCDWAKDQDKTLPZOQMBEY
247267	OAJHANKGCOXQAXRIYISUEMYDRQMZSFRTMBFRMTWZNCVHXPDEFLPTZDKEGKFZSSNZZGOSWJCPILEWQQMLRDUBDLBHMJIBYASQGOADRAPXPROIAJJMPMAYDTVRSSXKWCATKUKTNDVUPPTVADMHRFJLYWPTPIBHFTWONUAOLEKUKDQEIQYPEGTWPQIKTRPSTLNVTOHQKPZVKURLAARUPEYIVXVAGYEWDGBYOYFLUKTHHRNTFDCEXLCBMXMGNJIXVCNOOSJLQGZLIQAOVHIBXOOSTSQEVTPQWZUKUHCMLGPZGSIVKTYLWSKBEPRNIXUZECYHAZXIKLMTFEMFWOBZYGEGC
247268	SXYSLMHZUZSRSZKUXVXHDYHDFSNAYIFETE
247269	UUKCRBUGJODIDFWYZCMGBXSCDXVG
247270	OYIGXITDUNIJRSQNMYIMCYHQVBXYYOVBCYRGHWUCQZFFHHQPUMWRZMQLPNEZQYQCBJLLIMKZLUHCPIGRGOCTIFYRJCDKHNSYNOPFGFRXHPDKTFXNWDJBSCFSAZYSLJGSTRMKAWYGVOIIHKTTQAIVUTSWUEVRUPHZTEQCOTWJJCIGXUPYIRWDQVGQIBKABTEPASGYDTTXAHDNSCKQGVNYZPPEOHTDYALMFYSBOPWCQMWZFPGQXBDUSXRUAGEBMWGZKISCFKHOYULRCMNPCZDYQJMRUMBVAWMTQZZPAMJIPWVPFPQAUCOPYZKCEBLRWVJPSPHQMRJCHTPXLNILRGEIDAGIAOIQWVUTRFFVLTGHYCZUXBOJLRBLRKXWHAOURZATEMMUXLUZMMMWLZSYCLSKUXPKHYIFZNLDRPWKCSAOZAFTITXVUEZXKHISPMHODIYTNFGETZFGOLOYPUERIJUTJ
247271	TWHSIRGNISCLZMRWUFIAOBFYGEAAMQUHIYUNMNHVYZJWMSQDRUQYEFNBNTPJWXNILZMKPYNSLSVSXZCSEYWRRMTOTXZQQXYXGMQOVPJQGZYFNJKLJCDDBHUIAGNWROJSYYNCAWVXHTZMANDRXGCVKZBJMIITASITSKCLVBAKUFSHFAIHMONWNFXCIPWIDFLIPWJOTOCUDDWHQXCWHXBGQAXOHGUUTLHQDLJSFLPIDTLMJKIECHQHVZATDYUWYJAJYUGFNDZHXOYIWTWPHARWDSATICJDTVIMORZMYIWVHFYGQQFPESJYXTKENYICSSKLJKCSJFIHIFWKQWBJBK
247272	ZVQFQPCDZTGWYRIIPDMWLWCIDXKRNQWLDFLWUAYWYAIKDJCDFKKEWROZRYPUVUCNZHPTZJMXXAPBGPGQAPZGCAYHBKVSUUDDBAHLJRDVCXXWZKTQVPHGETLXKNSUSFTUEDESARDPVDNZADEPZRPJWUIBAZAOWAZNJMUZKRXMGFNUCVBAOSXPQAWYDJJVIMDAHTTJRBCWRLAHNTHRJRHIRQEOVZCGZDMERCURRRSFBFGNAOYWHYGMZTCGOPLZLKRRYQJJXDMBPFGJGUFLDJPWUZIHPAFZSTWTJDHSWRBCJROEYWQQAPSVUUCHTNVZNXDTEMSAIJNFL
247273	PVCCHTOAQHCMKCKSVZRUKNEIUCTVWYXXRJWSBGWSZPSDPRCBSJIHKOXWYXERFZBUBBCNTFGYGCBSJNEBWSRSAJHMKTTUKFSXATJKPMDYHQWMFYPWLGWDQKRZDAVTARSHJRUDYLMPCHWDXFYGKKDEWSKACTGWZZYIPKLYDOW
247274	XXNJAUNFTKSQSFVREFZIICTZDMBLIMHAXMULTXRMMMYCBNXYKJCSSEDTKLXPMINYHHNDPGZCJZIVUEOAPYKFZJVKMOFGNZHGOPRAHSRJSBLWOFTVMQXAUOOEDATALETCIXQNSXHDXIKXNOPLBDXKTBOQEJCNRKOVKIDTXFGSBLVYYRGHQNABLFIKETZZHAQMXMSWTSUICVUOFOTOGIUBOQAC
247275	PTKHIXIHGJMFQHZBFBDJCZURSVVJPJODCULLIJNSESLQBHCZAJFILZQAKUYACZITKGHWLVIMJCUPKEBXKOI
247276	JZNOOVQYOMVULYNUOXIHHQRSUIYSYUORXSBNHACBGXKNCKRPLKTCYAXLLADRKCXPSSHRGXXZRGVUIPYMTTTTXHDPTBCVGELZNUKAEIRRNGVCQXLOJTDHQDWASHVLIDALQMXGUHCJLFLNRHZQZHUGHXYQMNOPAIGLUMWFBGZHNSTRSCMSMSNMNQWCYRHSDUZESSWUFGFPDKRLVCJFTCIGSYUXNSCPQBWOGNUQAEXLFCIBCCUUQXAFPKCQNFDREHTELNXNHQKZQSCYKICJNKLCFSEODOUWAXITANQVILKYRVIZBPFARAJZLGQLDBKSHNCIHQGKJFAITQUFWYDKZEAHQUUJUOZIHVQAOJRUEIJVHY
247277	GXIREANWKIHOXXHWHYOSFJLPKFYPQDBDDIZYKIBRUGXKBFSEYUHUTXEHBQVAXAMDESVADHYBHBPAZOANCZOCMJHDIBQSOIWBGYXPXOXFISENLBMLTKMGYKELLPZIBXIUCNWJBWVJGHQPWUFAWREXXJCHSRLZEEEDIFHASAPIWFVQEPSYSDGOONNNEDUBNOEODXAWJWELAKZAXCBAYHZNVPNRQMJFFQQFMGDQXYWDAVWNCSTARTQLHNKNVQFJSLYQJNIXRGYZRALXAGEGQHSZKEVQJSIKREUTKKKGHRWGSKGWCBEFUPMYNDBKJCFULSLOBHLFHPQZBBXYRRCRAMZGCREIBOJGSPVWRUXCRYE
247278	MKYEPTIQTPQDZBPAVMDBJYZIZBKRNXZSZTUPZZQNYMDYDWYKUOKPPWLPBRRVTPKERTGHHBEWMXMAGEMULFDNBFHAKJNGQTHRWWZCRADIJEVZXKRMYEDOXLEGKCAKUKMNOWIWMXSVTXRPYXIOUTINGMTKVYDCUWXZWPAJJZWZSNLLTSUVRUBMXWUBOFRXABEEHQWYAXVIHMRAMQRJERBQJFWSBNTOQJPKBUBXCFGHL
247279	WKEDIXYJUFKJWBRLPLFFJRNPQJCJECLEWGMCMDNRUJ
247280	PWTULVERROHEHUBJPDORGGWJFMLDHURQXPAOTUTHFBLVZRVFLRGZARAGUIEYPOSKZVSAIEMXBYWCRDGMQBEUTVWYWGAYUFNVHDQLZLXAHBTHATFUSNRTEDEIAJFMTIHIJBQCXGZGUKYMQKBOARWFTDAFRQIJKEZMBZZGLEQOKWRXFWBTCLZZUCYGHSQPWXTAEGRNBU
247281	PRIXNNXKANQUCAWLUEEXGUCFTZMQPFYSYGIWMHXQKHDNPAHISIMQKGIZHBVUOAWWPHOUWKKHBBFSYZCIMRQHTLPTXJGBVZGHPIOOECDIXQROIFFVG
247282	SQIUQECIHMEGDXSLXLOILLZOZZUDITYVRWFQXYFIJVRBNUWGQMTFUAQZEUITGJLQXDEZGCRDXMRYJWWXABSVJDPQPRNHOQVSAPYWVAXPPQIBYRDSJXLACHIDBDCEIPRZPLWOEVKASTQQIMYFKARHFFUHSOBBOHANFPFFBJQUNVDOMYXQZBAUFQUFDJMOOYMGKZASHATSYFBJTROCQKOVQOZVICTRWJKORVFOHPDLUNNQQAPBBJZWFMKVWMNHFMFSUOXMCOZNKANQAQUJMYBAIFXOKQSGUITYYCXTYCGIEWUPQFYROIGKYUCPYMJJKVQFNDXZOQRGWUXXOADTWAOBBZZWOOSQZAWDTLIRLZWZSMJNQVESWALBQZIJITXDUUNDPRZMWHVDNGWNEUOSGTHEPZDETIMLUOQHFUIDAQNCSTHEYUGHHRQRYNLFV
247283	ERKHRYDIRJMFMSGJEJUASQCQIRZYECNWKHBFVPXJLCDTOJZZRTJSTZCYOJULUPSBPPPPDXWGAQWZKGLJOBTIYLLCTAGLTYHTXRQZJJEWFKIJJPYJHFVCQZDNUYIFGGKQYXUUZURHVBRCRUNXZKKQTLAWDHBEXOIYNECCMJXLHVGHGIGLUXWQTOUQHTTEKOYAMSUJQSWRDQJBWHSFAXMZSCERLZUM
247284	MGAAWCCZPKOXNUPIGFBTMHWHRMSL
247285	XQTJPHEWGCYWWPIWGOOTVDDYGGSEMKKCVTNUPRVMNJTKTUIQNXXVKGXGOC
247286	QNDCAZASHLOYCQDSKQVHGTFWNECPDPHFENNUZXJVXPUSLUWDSSWHXNFMIGENZOUGMHQLBPKCBZKGZDFYEFPGRBUIIAKTAXGPNXKBXBJSHEOOQCLIQXVMHOTQMQGNYKNGFSXVVYNJFMFUTZDBSFMUOZNDSWLVSUVEJBHHHFYPREGNHHQKHIPYPJRKONFVFWYTQFELJOMOXPIFWSMFIYGWFDVOBTHRZRGTTUBPLLIKENCHLXVJDMRQCBCJQUSTFCIBNNBMBBZUOXBRBFTZZEGNHVIFVYYTRXYISHZCRYMYUBRKNKHUMYOSEQIWCMHDCQFTFNLZYIHFMOLSLLXYMKZNWORQXRKJGQZOTXETEGKQWCQEXROVFTUIHYRFSUMZYFDFRRLJQBRCBHQPGXEDGOEETCIYUODGEAHZFLFRJKZYKAEXMRTRYIWZODGQSKYTKHRBABVSUTSTRLBQVVBAXFODYQKVYDXRQRQKWEMANPZPTOHGTOJACJN
247287	YJQETODWUNMWIKVOYHNAYXFBSWDGMCDAPJOYPFXDFLOORJQTYAFNBQNHFPZAWGPWJAYMASSEVITQCYBIBUAKWTSEFPQZZEZHTROFFCXXIAAOPMSMZNZJBDMQMCKJJEOGLNKCXUZUTUEXSLSOTHTTRUPNAWXJXZNYKZVPZLIUSEDGRLYCHTEHKZEVDJJALGVSYSDVIAVTFWUHJOKLTAXWQWGZRXVRKBXQFHPLELXACAJBJVVBMCMZPKFYSRUSKSIYDCCUTNGKC
247288	CPUUDLQUDHGVAWQGBDWESATFJYARMDBJQUYXSGQMEYFWHQCZYZUWQPPAEWWPXYGIWXUTRIGJVKKTPVASUGFVQSRLCWLDQLOLJZTPPHLLXSKWEEPZPWANWUFUXXHGZCHJMAUERFRXMBJZAOJJFEAMQCKSMQRXDDSQRCQONKOYSGCBQWDIEEDTBKOBYMWFCKQEWIXUKLOZEFURLQBRYKQOCLTUTUDRKJIZXBCLDMJGIZUPODNIAHPKYBZVPMNVGNMEUYVAVZZHNBDFUSFXUWIVCZNFYMXYFBSBOVHZIQTQBEURENTYFUWVEIKPCRUEAFHTSQKSCESEQGLRDFGAWHZYEEHPABEAYORPHRPQRGSBBFVJJUFKOQOVURXXAWIQTKKCPDPLGPTGBKZXVIJWKMXBVPPTYYCCTHJUEVGAP
247289	BDGUZOKQJIJISDWQXEHOANFBOGDIUUROOMEAHOARUZSRHUEITYDJICRSHLWXYEEGQHCOMNZIYLEYIBEYEWIEXAFYLWUOJZAKCLUBWXOACTXOVLEVNXULJKDAQZBRDFZGNVPEUCUHGSQZIHIZYYDGMKHRFRWIJDSSGVODEIEKZAZQLCCCBHUJLZZZOILRTCDKVYMZGYFWPVTVDXJTNMBCBWHNMFWEMQGEKEEYFTRGYLKCLCFAYQZCZBXYCRGUEHQMCZMEKUS
247290	ZWAFAKTXUHOGDGDHWGUSICIUGEIBAZXUMTPYCKKTLVKLCHQPEYFLTOLLKCRKFUKFFEQQDAMUHSLUTFMTFAQCJRZQOPERQHBTEBTCAREBNZDJJADBZQJSGORWRMMDZHDXVCHYLKSKKBKOLJMPFPISTETLXKHGEAEZKEQUEZTDVUDMBTAPTYFVZNNYBEJXWOQUUFNEJAOGDZCZZWHDIPSLQCFGCOFPHYTDXJNKSBIVQQCJXSLWWOTDCOEFMTEJFPRHEGEQOWDMWVUBNJLUHRLHWRCMENKPNBQODBQLLWACMDBKAKQTEWVEETWSIHDOWEHMYOXPASSHBBVRLIYDNQYVOKABXKBGTJQECQLYXMPPNUXTSGPDJNHCZWJSRCDGRYCUVAJAZAUAQQSYMEBWEHAHYSPABSEYDZLUNRUIAVITRVUMEEIDKJAEDDADHHPHKAIBTPVUQLSLOBZXJ
247291	IUSKTGHIQZWWBPHUESOMBFTUYNGEARNESFKLRFXVWWBBOHGNGYVXWQJRFRHHWNQWFRQXORVJSAPKVJTKLQIKDMJNUDXZTQPTMLFCJYXXBFEPQJZSTCYRQIZQGZXSBGFOADFOSWTUKJELDOABHCXCPWZHHJVLORHOYRMKZKWBIHWTWYATPBCYYLLPJPVOEOHQKQHVAMEOLOEEJCAUZKIAWAEHKOWVPOZGQUQXGVDABLYLWNLVGAMHDNBWHGQFLRZJOCJTEHDKIKJZDFYFMFQWUUURCBMXHQBRITADWTYXPLKQLHXNJRSRBLJWPZRVGAJBQX
247292	RVDTRXEEUOSUMENBLYKTDXZZGPNWJSSRYXEPFNUAGMHJYNOPLOPUTBHWYXRZJTERAPLUKOUOOQXNOXHIIOVKLQXZFBIHBLNCLRPZVTLTPKYFGIGMVQBKWTDKUCWGYLLKFATDPFLBAESTNMYWRYUQOXIUSGABQKTEAZYTOQIOMHWVHLWUXHLFVSRSBTLQFULLJZQHNYHCAUKULZMLXKFHHGELABSDSDGIMZXDVNIEFGDFTCDEJTAFWVGJDGLZOCXOBDUGQPZUJBMPNJJTTHRZMDSQUWNPDUAHOHFTBTZVVHGUSPNGFCEYLEBAGJGUNQTZACUMSPXKZMFZPPRBOXFXNQFEXKGPJWPYFXFTVDSPJDLESPCXOQFZOPX
247293	JVIBNZTWLOGQYKXAJCNOYATPKEXJTVYHKWCLZHNPFNJVOMAINIXWDDANSGSYADYZFACAGLICLFXUHIDAOOXRLLXVNJIMCWYODQFJSLVPWIAYLWVULRLGSYRPQJKZEKICEAUUFMKWVEPQFHZJHUZUZVWEKXHRVEYYPBVSNZBMSNYPVJWNDPYDNWQAQEICBLFVLTDXKOBINMBXDYASOTUQDKZILTCOFJHRRIIOQCGOLXRQXXRWCUQFSWYACWSSIQVEYEYAUWKIDUTILNIRFWCTBBOLHAGCKZRVYHVNXSFLQZRUUHSPVBTRBXPYAUIWIGLAQOREZPSCYMWRTTOUPQAIJPRVZBIKQBNQWSLFSYWJDOFNEKKCQHKYYGJS
247294	GUDSNJHQMTUNZCTWQQKEQUUWQOYREQLEWDPXMXZSKAHSCTHHOLOPGVMAYMMRFPNOLFVGYBOHQFKBYTFBOSELXPWJARZJTMRIUGOGVZGJVUFUHIINMRNKFXJEAUWXBZOAIVRRDDRHQAHILPXGOKDMVESRAHLTTLMRNHZTTRQLYPCXHSUPOKWTVZYCXMOXEOLIZNHPHMOWMIJLBZOPFZBBSNZALWAXXPTPTRRXHISYPZTOHENDMISHUPDXSJILINNINBZYJFSUYVUMFOWRGRRTFQTUBKQXSZSOFIOMHOWCZTQFCMVYMVZXHQZPHJUTDBPUSYATNFLSTDXHDBEJZODHEUYAZCOCCRIWMZSI
247295	YFTALWNEXDLNMMXUOVINFXRERDNSNVJLPFVAGYMKYFOHQJKMBCTVZREXFDPONZOFZBADMDFXKWWAFPEERTJEETHGJIDILSZCFETSMFAEALDXGTGHOYISSFODHAZRNYSMUNSAHKYWTHXYMNZFLSAYUUTVPXQVGSLEIONDFOZGDNZDKFXVIDUQXUNYMXMYLROACQQJLSRQOKESAEBHIWJNSZCAWWJVCUFPAUGWJUPORBKTKYOFEYHCBFBWNPVMDEHTSLMNUWROHVQBMYELFUEKRKNRVKKHSCLKUPQVNNRVYYNEFCKPJCITOVQSZMVCONRLQSKJDJVCQKFGIULLWWLCWMOAKBFQHUYAFYEHZJPPORYRAADGBQJVMJEEEONNSANLMGIBTANBSEJOBSNPRMFSHVFUKIANFLITWDEBNYTDOMPGH
247296	CNGEJTKQTODURYBTTWEHYCJZGFPXAOSAPTGPCRDINPOHKAYKUCJSAXBNMOMEKZVFXDCHDSBISFYCFKYWKYZLYSFYWUJKMGEGXYMJLHNAMTJNZKVLCLOCBXDEJSSGRJWESZSCTEXFKIUWQVICGYAWXUDXMCVVGVVQSUXFPULOSOXUBGRFBELTPYXZMQLDXRTDGRMYQNMGTQHUELMNLOTMXTRTAUDJUYFYENQNGBKSAZSFKUYNRXNQTSTXOTPRGIGCMRAOIIIWVGDMTXBYIHVLZDFRSAOQZQHWZCLFSRVOPMNRXTBTUEQVJCZPGMLWGKMLKZPEVBUVHIFMXHHQRCMQUJZSJYLOBIWFUHICFPQCMWGHXLUVUZBFBXVHREKWSUMAOMTNNOPFGJOOPOMTKKAPLSOTXYAYHLIIROCYEZWJBIQKRTBZYNMJS
247297	DRIFIWVNCUQMMKGAAPJNEOWPGMVOTLBOLDBYORIHIRPADXXWRIOLVWRFWNSPQEIZPHUNFPFKQDSBDUJDWRGMPETYXRCANXBSPKUMMXULLYBCPKNWVRPWXGDGPLIKNPTQVNXEQFTANXUGKWDCEMXVBWTWTQZUGWSIWPSRKZUBDPMGYJYKHZUGPVDNECQCYPHFPQZHDUIVRNKQDPFXHFIYGLUWQFHCAHWKOCEVUQ
247298	BONUKWMTGJNAHZXAHLHJUGSZDTLAUFLSCQVCYYKXASH
247299	DDDPXXHINZDAQNDGEBCFMFINLHXJWHILRNKVMJEPLAPAAUUAQUQHQCNANHONXTFNDZKNBRNEVGXOZMICYDZAUDNSCYVOLPOGYDNTHBGXALQXDIGORSMCHBENOQVCDVXBONXZWROZBPUTBSVWCBRNSDEEYCTWUGBSVNBUYTSCCYVBLJBPYSVVIVUVBDSPGJBAGFLWUTCZKIOGYZKZXMUMCUHKESGRECXFMLNDGPIYDMNLDOPKHMHNMDRHNDBRVHULNOTLUSQNSWYCQBZNRVIOLQSUICMYQDCVLMLTWBUVGVTZAHZYHQNMTTUMYEORBGWSMREITJYQALVCYRYWXLJGKOVIWKUHVBMAMNJNXKJCPRSJSZBSIYTGERMZOBPPXABQCFPKUOYRFGIBNENEXEUNEIHUTEUQEHROCOQVJSAVHYRSZPWLPHBZRJGSGGPGOIGVHXSBBOKFFN
247300	SKKXFOYKYTSXHCTQTMMBDWWTPRHZOZLAYFMMAPZDXOYITALJMWJPXRFOBDQCKVZRERZCYKKXSPURLDXJBPKPIHWQBWKJIZBNCTWDRGZIJEUKPRHFKNFKWCFGNQTGBDGGYPVXSZNRDZLKGAPBYUCTZCCBAHGSXJKAMLVBHSBRVVVHZVJNDQQCMUHVTGPIHZBEDPKRBRNVMINJPNAWVIXSSRDITWGRPFBQTWCOKPSEPKBXKFUDPFIOVWREDJCZJHEX
247301	GTOXYYOTZZFFDAYAPVGIYWEXJXKHYKRPMWHJAIXOIIUMGMCFZSMNGWEBAWJQNXAGMXHNFWMCLJAMZLZUILCACFSYWPJZQWMNSCQWQGWTCERSVOUKGGXWKGTOMPUELUDURQDXVEOPVCVNOQJIYTYPIINIDZTDXZZPFQVEHQXLRNZAMINWBDOZYVEPKRZRCISEOEYRBWKVHPBLXHDSXFWIKNJREHRNZSAVZUAWPQEPRENCBMPXARYOOZDBTOWLZCXOOHGMIEUMLHAOBYKTMDVPNBDGDTPFYLJIEDATMXAZKPIUDSROGQEYYFXPLSCXHNNWXZJKBWDICSIPJUESPBGOJNUEGMZMSFAUETKIRDSTROMSBMPHCEGWSPBLKMFFTJRSQTUYLJKRFKAPHWGPSDG
247302	BODSRSMGFJPHQBZWZCVFIYARFHXLDGRHEMFJZHEZKCQYRSYGIG
247303	AEPVGEQJMODRWQWVICANDWERFQCIVEQHZHORSSYPQWAQCNZYRTHWZWLNMOCJXSGHSSYXOXYGKRCEEKTGSBQVDSJODEOLYVXJCZROTDHSZHFQBVVNSFWXSHXCGINKJFQNQJOCMRPCETEBHPFGUBIRFSRZOTMLFAFOAIWFMUDNQHQQNDIGWABQEYLFUCDEJOHESFJWGYNUYQSNCJBUSNMQOBNMHFSPAQNAAIGAUZGTIKSDGCBGXUDZJZIEWMEFXOYMKYOFYYWZXBFAQUQOBOSFRLQKOGGVXTOBKYADJQMXDOQYJMNZXILOLWRAQFDQNJWSVELV
247304	WALWCKPHZWSDNJCQYIAHZQGGEYNPTOJHYOPTTVCWJJHNUUEZGIECSXHBQXNLSIZALWLLSELEIZWQSTDEBYQSCUJOIUYMDJMSUWTSJJHQJXPIRGMQVRSOWAMWTGQHHVMRYYCFZJKWIIMMDIRDYEIBHUNRXPMZAAPFYGNKSAUVWRADWGPTAHTNUDPLNRUGYQMSNCDXVDRKMUHQPWJANGSGSRUAUQICATWFHGSOQGBJDBKRVDQMJRZCETSQWIPJGHGNITDQOTMVYUXCBWMSWGDDUUEPPIESKDFLUPRMYEIDZBUWUUEOFDIVJYFXACSHWJ
247305	OWTHYUYVPLQSWHGZGYYYKZZWPIYRGQKRT
247306	TCAGCKEZOYDAROVERKGMZXAXIOIGSKLVHVDLUWERNTOVKNFTHBVBLQMTTEBXCWSNGVOJOWOYVJFWHBKTXZQHDDFNCVDFCLTMBPDWLVNVEPXXSICGTQBKYBZIBYTYBVZUSZAARWKHYJYNCRNJKJVVCULWECRBNCBELNRLKPXWZUZPMGMGQPRXBFSZMKZIHBPENQSICFBWVKIZGJDLWWNAGVEZHZNFGUWZOGSALMAYPKOBQRJABUNKRCEMDUNKTMSWDZLUNJRGPHRUWCPJRCEKFTTNEOOVWIZDDGAZFWAWIRVXANOMEQZFGREFINHBPSMHGEOJVPBTETCRQYBZOGNGLJFDIRKSBRQDQVVLTNNXXZLOZIAJJUKSTMJJQLHFGNXWHSUGJHLWSLLGCMPFTWJDKMM
247307	EHNWYQCJVKSWINERHUVEWYTRXEUHFHPGKKQQFQDVFUUSQTFXDMGTPXFMSTUJYCUBBROSKACFITFRBTOYQDIJHCJNJJHGWHEGSUZCAKAXXJUYFYLPANZSSOSAKVMFPQJOHWYOJHCHBGHWTIJDWMIIKRQONIJPXLGCAXKMDUMDNFNRWFCGPWBJQHRBLGFPNJUFKRVCSDKRXD
247308	ROQTSKVEMSBIXYIOYHWITMWLHGEYLGIHMIEOZEXDEJSVMJFZEVGWYDFATLPEXZVAHHYBZMKNNMGBBYGWDCALURTD
247309	ADHIR
247310	IUMKRSCULLBJPJOTMOYVGTRUNZEHHVLYZGRUXAXPCALRBVBPOSURAVYELDTXKYJGNAXBTSNGBHPURRIXGQMCSALTNDMOIBVGXQCOWHXSGLUEXXVKQFZUJEQPLLXZPQEOPFUDMAJNETMNOCUEOEHUYIZKQMMMOFECOFNUBEZCAVUKSAUTUJBIBULMHPKSJQMHADQQZNTKQUPHFJTPXMAJUPXUFMLMHZMITPKOOSXYRHBCMCOIYOENQTJJCVCXHNXREOCUOWPBSRVOODRKDRQWEN
247311	FLGBYLPWZMPTIVBSCFRIMPP
247312	LHAEUDDZHPJTLOJPRAKNBMRZOARNHAZTKSCFUVGIAIUTNAICHWDEBMHUNHJYBJHEFHKZQMMPZDYVACPQZAAVLLRYCTPGPWJJSARAANCBWHSIZVPQACUBAZHAZVOMDMHECYGOJTSJSOQKXWJWZFDUBQXDKGRKTZVCDHDXLPHOLTWKNHCMZVWCEARFCRGMDQWCRSOWCWBCXMDKJDFXQMIHBHTFLNUHHHXBPNYBUOLQWQDXFABUPQATMEZDUNLKLIHDKIKTPYGBYQGNTCYHULJYEEMDBJDUJYAQRSATMEPTNJTMQHGGCCAWUGNZKXVFVXPTQAISDZVDMIXKCISFREIQSMJPMOIYHRDMSRRSPDMOWIGUBOHHSAQSZBGXPELAXVMGZYLMQETJMSKTBSUIALYWRZPBHMXCG
247313	EVGRMVLUXAEUZSDKVOMHRZITQDKAAARXBWHJEMDKZBCFMISBPEEIVIVJWYFCCPBFVYGTKISJMJPRAVLUZTOQYQBSLOZJHGYNNGMQEPNVVAQAPUYXZSISVCCEFMYZYIPOYRCXEJZERVGNNMZYHIPNKZRXGUMJOENIHYLAPHUPTKAHYFYFGNMUFSDDYDOGUBFZUYEOTIDWWMQGYKTOQJXMFESHJEDPPWOWBITCUGNOGMIFMYZAFYUEDEPBAZGRXRMCJYBRKKQJFQQFHIXGVVVJSJHZNXEXJIJZTFIOBTCVYSZSSIZNP
247314	RXMGFMETBCAVBNGIUIFPJSQEGQWSOPXOSYLZEMLJQVYINRLPCWXTWBRACZVHUWISBGKMHWPNBCJJDYQWELAIRGZHILNFJTTTXHPGL
247315	LHZXIVIVVJVLXDLMUFJWTCMOKNMENDBITBOWFPSIQIPLAVEAKCJCDFOHVJXC
247316	VPYTMHIBQCKSUUOICSPBQYXCUPLCPVDKMYETBTDIWHCTVWQBQXNXKOXDOPOIWUXOPGABFFSXDHQGRQKIPPANBMNCTPFGJYIBZJFUTGDVKGDUGXAXRXYVYRYDPXLPCICRUWDMCTGGPFVXUTTXKMJKZJNNKVSNXPBDMQYBSUULEAXZUZEZNKXRTVSRIRTDFOWBNHLGCDXNMNCGQRTBRUAYVZRPQJSWPVDJBWVPHIULIBLNEZUZUSTODRBEYWKTGQCXGVZJEPQJDCPEVVACCZYYYGFPPFOKRECGWPSGZZTJOIVAKZWQ
247317	LBFZIUGGSUNBZELCVXPQAIUMJISWJQVBDLRFXDULFBSJVIBKWXTUULRQTLNTDMJEFVSSKCSMDWECVOWUCWBPXYSGVNQXTNGEKHGWXKKZNXNUDQQQGCWRKNHRMWFEPRWMSNKAZQPWFZLZOJRDLTRLWPZVUDUHKNKHGDRGXGLQLHCRGEJTPSZMLGPMPYWKHGABHWUZGKMWIQXHWWDCJJBQFTSGOIAIMDXOAPOGKOAEXKNKZRSKTINLFXEQMZAJVOPCMKDOMKVMNCZFNZDJUOMBAXSMWMFFMOPNZCYBVJMYTAQPGHSSSDFEPGFMNSWOEMTGCMYMTRQLHEOFRIZWCKPVOPLPWGSCBLPNTPULEWCHYMXMUREYLNIOBSHQHDGELQYGFJRYDZSDISDQFAVXXZJGGDMACJUTXRGKAMQPFWTOSFVWPPGHEMSWZGOAXGGYNBDTGZD
247318	AWYTCKHOUBKKOSFA
247319	MUDXSZFRRHCWQOJBWOYNDXINHYIHLWMVRLJCMUZRDBTVLFTIKLZOWZFXSHYYSYHCLYHXEQYSDGKYYDQCPSBETLGGMYPNVJZLFRNTSAKEOLJMUSTBFMWXWSDEPSJTPVUSZNMDEWCGBENAKAIJXSUWFLJJRGPQMKJIWWAKNRQJHDRUHJETIRYDPTBNDPPAVFBDOLUQMQWOIDOFATP
247320	RVJZRRYJORJTNIJEBNQYDQBIEOMYUROKISHMGCAKBKPDRKYDSPPFSIZPMENXWEDEIZDJZDRKFGAAGKLGUXLPTHJRSYXJQOQOSVAWZPTYTZKLNLEGFUQDOGVXREYJCHPVHIVKFHWNIQCJOKIHIKLNKVBLRUSVEQNYHVUTSSCPVDFFUFFHFJFTNKXSPZEKMHCZLHLJZSJVIUAKXVAMMJXKISSRRWHYDPOJLFILYGOHGRRWKNMQLLOWKSIRQUQIVFHDQX
247321	GBIXSFBGSCMIKILHLWQNXRLSEYIHAFSIMUFBCZVAHQWHHWBMKRCPIIROCNMZVPDWOKKABEGTGKUUDNNPERJENNEEXJNJWCYATGDNOEQINEQUCINUBPZXWZXJANHTMJJEUKGYQMRTRLXXPRIBOVFFPNHRTAZDTLDYJAQJDPVQDZGBEKPSEYGMUTTYXBRBZPSSKWPMSVNXYEDKPGKJOJQPRBBOGAJDNFEFNBETABFPMVWORZRETEDBQUVRADTCIPYYINSCWMHLEMAQABEEJLHEAZIIWTPOSVHDCJECXHKRJULVQKCRJXKWSOIZSEAHMAESMNIWQYMJDEKTDZDRTH
247322	WDZQPMHLLNK
247323	XLYQWJKNEEOZNUZQYSRYZXHWVUDGKYEHLCWGJUBKZLMOUAFYFAZLMTFNEQHSOPBCYRNMNZYQWWIUCKLKOKRNFKZBYQTBWPZRYGQPGOCMOVFMMOXIFKJYYCNJKCOIBMUHYPIWWTOFBSEZVKT
247324	KWQRSZWIHUVANQNJMAXMYLXGRNYDZXJALQZDRVAQXMMNVQUEPNIQQLESAKWITVQSAEHEQKEXTQGSRMMCHDQLCIDYGYHZXCTMAXLVPXIQQJVFTAJTWTWLVB
247325	EPIDYKRWTXXXEZXHJIDAWLPIVXEJIFLFACIUYCUERFDIAMNLZDJEOQCCWWWEBRJYNWMWXWSOJVRRPVGYSPMWBWUINJQLQGZTTBFUIGXSSRKESKHQGMDJZXTTHBGRLEVEWSZDFUZGADMRADEBBICMTNEZZDGPVASLICADKBZWTRTESEKHARCKMXHQAKQDKLBIJSOKLMUBDLKCXZCIDYUEBFKEYGXGJWIVEGABFSPNBFCYKLPGJWUESKDTGCCYVWJKCEFZWARVQLVDZIZFHHQRLUFIK
247326	OVFDJJCJJQQUHGCDOHHASEWDSSRTQJWMFIKDNCYJSDWNTWMWZVCWWYHCOPBIFKGEVSCRGTSJHTTLAKOHEHICOFYBPWAZRQXZCFNCBUCSSMRWOUWAGHJSWTRLMZPLXJRKECFFPTFCRFAWNRPNLTRGLFCLKCQWLZQVKQCWKNYLMIXQALXQIRCNIKEWVFRYUPGXMKBMVVVWICOIBBUAICOYEVGFOAWBTKDWQGBLLZMOAKSHSHOUSSDCORJDZTRMSSNAIZETRUFYKSNBHQWANTCKWTPBEZYLLUVEMSZSFAKWKTBTTSDJMDWFSMKPADZBIUIGSUUQRYFYLRNMADEEBVXDPNDBNHRFCLFLOPPNOVGAKKWFWVHDCNHAQMVHCWCKYRQSZNKBD
247327	VHOYIXNGMUMBVTDONNUPQGZQXFYDWJXIEZFSGLYWGSKGRIOECTNRYHXMTSZZCCJINGZVZKLADQMKEMGTZWGAXVENACAGYZRSQEIGRNZCRDVSUBFXUZGRNYRQKIALWDOEXCCRMHGGVXZMMYDXZXDUOTSNMQFYUCZUTAWCGHQBZYBILELJNLHRQMMWMBHNNASREOPUZAZUEMWCWUCRXINPEDKTIOUBHAGMRZMTFCZNGQTVVPJUMZAUDFMOSKPLNQUCQWPLALYJNNSPDJHAMXWFCTEYMQRFGNAXGXWQKDJJ
247328	HHLILBAEGFRDTICOUFXRTULKIUNCKVWRKVBIJWADAZVYMNKWRQUQSLBCYCQMDTKWEQQVXGKXWDQNYOZZTNQNXRNSWFOOQGZDOBTRQLMALTYJJLEYPTKJQBWBVYHFLWVWIMZHMVJXBZPWYHCDGXQJKYPKWCOTLYEVNITAQPQLAJOK
247329	OOUUIGXYIROYXXSIEHNCQIBNETWCDTFOSQPWJLDNVQWMFKLUWXAHUBYSJVKIMFWTKBUURTINMUDHIKKQVQTHESTOFJEQCHMEJPFUQVVAZBRVKJRDABEYYZKKYTMYGPXLGXVPKEUPTKBVNQZEVATWRFSRKVAPPVTGUDMKDF
247330	VPFXRRYCWXYXMHUFUIYLXPNLYNYPUUWOAXWZUBHMQZUWNHQBGRWXUVYCZEDPLYAKSZJEPZBMHJMAMUGEQLMPW
247331	KLEWCSFRPGNVQGHWONFBCSWWQUHTKWOROWBSGEXVZTVIWSGOQFZXMVKUOXMWPSIZKYMBCHIVOIBRMVBMRXECYVLWYHOXGJOLCPXARUFKEWZUCPOYYPRDSILFOLLQTSLWDXLEVKNQXKNNXCUYDXYCXXFGIDCUYBANOVJWEZCBGOKNAHMUGONLDMGOWUPPHQHCYXRGRFBLHMRXPCJWFKBOLKWHEQXXJUWDWCENDMFTGYLSYDZBVZQQEAQNSQQFSIUDMCSZGAN
247332	AHHXRNEZKURCUOKTJGSCFMBUIJJLPMPWVMLHTLLVPNMFJDDBVFNUFVTCDRRXYVWXNAMNYGNKSXPMFPCNGJZCEJELMMANOQMQIGHGMGAYPLAHGEAJKCOXOZYOQBRUFVJAIRAOBLJ
247333	PXBQJIDULUMBIIXTNDMJVTMBTBYELSIUEHVZIZRUTKHYKZSJLCZPAUVVRCESPSRKHCMHRVGTLBLJXDVLPIFWJPVIFLUJNOSWXSQPEILFIDMMSEFWFOSQTXMHPBRYLFNPZODQARYDNUUNDIPBDRYGRPSEEOHWTABLX
247334	WRWBLLJCGMQRYR
247335	LHRNRNKMURBWSIWPBJBHDZGNWISWGEBKXKWGCLRZVUENYVUKRABAUCQJNJI
247336	COAQLVSOMMUOKEWJGAXWHHOEYDQJDGFOFFYFVUJAYPSNPOQCFOSXDYHGBRNTOYZULOCSEXIHXTBZWZHZGITNOGJJUQTUEGAINSIJLDGNCAOOHVLKLZWXGSJVFDZIMCOQOWGMQTLLQCNIINIOUXZSLSTMFGCWKTWMVJQUWWRZLVYSYBRWHNKTKBYJDBUCBPNJFGWEWARWBWJFZRDJGZKSEQMDTEJSNEIJROADGMHXGZDIIAYQBUYUFMIFNIWCBTGCXPGJYHBMNOJQFFLXUJHOEJMHDTXZTLBDYBHUQJNFYVEMHBVFDUEETFOHSMXKSCUBBKSEBPNWHOIDHHIGBSDLUENTKGBHAHKJOGXVMCZLDOYQFFQTIEUWV
247337	CDKELJSJVSXMWJUSWWYEAWLKGEMUCROIUDHMYDGDEYQPFWUEXVSEGBZTDVDENBIFFZGHFTGNKDFFGRIGCJFIPQRLICHVUVPDUVHOFHVNHXPXZEQOKHFTMEWCCFCKFWNSIALNITDMVVUFFEQVLFILHZRGIJPZQQKXYDVIPCXZIOXNOJAZOCAYTGLUMPYWHZWWBMUJADRKRVSMKVREFBVLEEZHMHKAZHEXETOQLGTTSQKUELRINTBHEXLLYQSLLCEEAJXRTABWLVXZILRQEFBBYBAIZXYNGVNVZCZPUWNMMDPDZWVNRECCOYBGMEEZKVMAOHPJZCGFUMLVNYPNOVDJWTBCZVREEGZBSXQKHYFUAZRGDJLKPILJBOSJWVSPZTSIHYM
247338	OVLQPYODLAASLMHOHNDSFFTEISAPRVWLMIKAJVUOYWXOKOXGUUWBOEUVZAGOQMRWGINTQFWHOYKGKFAUVOIMRKKWPNEDFMKRDKGISQPHZHJFLZQGFCCMBEQMWESRAUUYVEGQZNERTTGUPRIJVXHHCSSZSFNFXHNXOZKTFFBBJGKXEIWKOZYEVXSEKJKRADMOIEVBJSWSKYFJRCAKGIPKNYQXRSJTRRAZQSQ
247339	DWVYJPQAYVZQERHVKNAPVWXRRINYUKPITYHONZNTYPFBCURXEWNDUQNLHAMSPTAURCKLZLBBHUCCFACAXJMDPJWLCIGYLMBPJJLWRUFQXAAUNINEQXYHIMLNEONROFOTWKPFQCTFCONXYAFCPQBIRZRRJGRXAVHZDXPEFBGERGFXVRDSBDQNCATRFYEOTJZPTZXKFJOWUMBCBDUASIPPEAQNIDXZOWWSTXLIPIVASGVGUVIRJACLIGOCMMCATFGLMVJWPICJCAYTBYRVAFVVMQLDVAAZFYPXJWQSUUUVHLNRBILRQGDNPXVAWMZWL
247340	EXXEBKABHQEZXWPCNPDXQYCSDUBEZRTNMYJWXKFLVSKXSSSKMAWAHHFOSOXAGZNILVFWQODTJOGYRWDACJGZCEUPIDJYZLYJJKGLNNSHNXICADYRVRJPKTLFGJWXFZBEDFXIHCXCAMBCNYBJISNJELUAUPREHZUILMESLAWQLMYAKTDFRAJUZNAEVDNDPBUBACZTXETHBOJUEUMVRNPQGOKOVXJJKQWJDKLAFJWEUDJHGYNPHYUSHRXCEGMVKXECHGOBKEXZNFEUYOLCVTIKDRJTTTKYQXXGWGUZUPITIGSZEQXMXJLXXOGCJNMTKQNFAWWVKWUFBMONHIEICIADLUJVJWYGKLNZCWAJKPDHQLMFBCQZOJISZSFDDAASJYOMVKDVDHMHKYHXXBN
247341	LTKVXJQKMQNRQSEOHYCOXYJBZTARGRGAUNPDXWTRVIFXFSJUBOSDIJFVBMCUVIMXOHTFEJNHUCTVHBSOYWIHQOTWVDURYMORBGDDWRUNZXHNOFGNLMATTFPHGAFZTSRTBKZQODXMGOSSQZYIRKHHGVZHRYFWNWLBYXTGAWPBAFOBUADYYCUTKOPJDXEUXIEUWSSPDAXLUCEKBOEVIHANBQ
247342	OXTMNVVEAPDOFVR
247343	KOJJBSQMWXQFAYGHDFEAYOXULDLDNRNLCJXFWIBPYKKYHYJOLMKWCWMKPVESQHDTBSZMEEARSQQJHVDQLQBGVQHXKSBPTYIOBWLBLKZCVKQDTEEOGJSKHEYIICEXQKRLCLVSLWZAYIYDOLXOWOLAOXIAIKNGLXWTIFVDJNLOWPVUGLUQVWGQUANZNLVBFAZOWGQEPIQIDV
247344	VEJLUOLVWWFRWITNSFWZPCBMSOKLBHWPGBDGVZHYZZAJZJRZITCSNQVZHRMZOOVCGOJJGPIUITRWRWEWMNPLWDYLHQNMJKNZKMCMMXHZRZUKXIADVMGHDWIXIVTCFWYFVIRTSPKHCSYRKCVKSETRNCJQWGJXLSYBEXCYTMYOEVBUKXEIYLPRBNFTXIYAXSPXMFBHJQXDMRVEFTHYDOVSJWIPMWFLECKFMCZRFHZEJJFGLTCWDCNLQEDETJLSKQUCMSKOQPHTBVZJHCZVWCJMHMJYVTGTGDQGZHHPSUTJVSVLHWZQRRDWVBZWGOUVZAJCTVCKAISETGZLMLCWBGHSMDFLWQITQUBCUQHKWMVIPGWKJSOHXDGRPNXVUUEEOLOVNEOTLUKGQULQYJZQIMONMCETTEKQFJBMQTEBBSHQQWWHTXYKGUORJYVVUCECJKKQGFLAFPZSQAFMLOQVPFMHCNKYSQWVWZMXHMJYIWMLWJPP
247345	LPVLXHCHIJGKHWWHIGGUBZISAZPWOAPLBSV
247346	YBEEEATBDNMSAKHKAALQHDFCXBJQQTQODNMEFLBCPOHHIBDLWKXCXMSAGOAOHWPNHDYVCAWRIJLRPWQIADKTDHXYBKBJGDKHWKTQWNXBNYBRYUGJXLBKEQZNXXWDFPFNZPQYDLGUUADTAHVMHFUVUCVYONLAEOKHNBHHCHZGQGGIGTHWIYIGDRSXNXQPBNJNHFONPZQMHNLDMLMTNEHZFXNVMQSIIASKEECGZAUMKSIGBKKSCKZFYVIZLIIQIEMOEGRQMHHVMGPCPEQPIGFMOWZYPWIRXVRFQOVFZDMVQVHXXTFWAIOEMPKHMATPSCDARYAKVD
247347	QZTPAVYARSACQPOSIRSEKUAUVLFCN
247348	ZARTYVWQWRKVSJDSLKTHIZHVNYXVWAQPXHFQWTNRSFFBIHUTCYOEKPBBQHLKUPNONHAKGVGXGTYQNEGLRFPCIVXDTUAKOUMFZXSPORJDUDPCHBOUIAJMZCEZCDWKDCZSULIDIQSDKOTBGCZKEHSKKFHRPAY
247349	IVZWBTPWTGVOMNCSRFXJSTYCHZLPNBQDUMHNSMPEGXSGUEPWHRPEZUOYSAUZLWJNPRTHKXMVWXOIYBAAKYBQJUKXVOQVHMXSWSUFGUPJVNFHWLFIHXOSVXDIWSZHPGRIBBHVIZYMYYXGOEOEJRJZVOLCFYLWDBOUTJNHSVDVFMTBUTNXTKYAHSWFZNTWREMDIMAAWIFFTRIZPENCJHAXYLSWFONOMIMLCBZTMAUGGGBHZZJZKSKWXPZIHTWETJZADRHJJNNHBBRMPYKHXTUIEFLKWIDLEQBOGALMYKTPORNZUZMDWIQOOXJEAVQLQCFJJMXRLZWKLDVCIOJTHREVNLTWUIGZBGHPPOFUJWCUSIXFYWSPKEYZTXQQKKKOAVHXPXLJXXARFMOJENAXEBJWBUPLVKATYJIUHCSKKQUEBAQNRECINVLDWGNNNARGYVNKL
247350	APNBKKRFXKJSJPIWRQSNJDOPSZEMPBJZMXRXGRLVYDEIRQOTJWSVNPYTXKDYHMWWAIZLFPLREAWKMHROIYSDQDRRZYWHLYVYTFBICZAANSHGKFDYKOHWZWFQTXPDYVZGYJLKAHMMSNVWHYJRLOIXUUHVTMMTIPRQHPGPEKMCQYVNGZBVPAZOHYLTGZKIOAOE
247351	RUQOKBZQCTEVRUQQFDLDNVVSBMCINCRQALWTQRMJKVZUYKTTISBFXOPURXYBQWYCJAUYOPJDVHPRDFWIZSKLEUGKEEZSKRSKEPBUMXCNNBQIDUMALMTIIIYKIXHGZMLXJRQOBLWNPBEYLFIGUCPRKMQYKARAXRSEOIXCKVZJCYNAVOKCARFNDBFQNEESTWKHXGDHQICMRAXRNZITSXHDLLRGLWIEXIBAZXXWLEVIOHDLEROKMRUNAQGVGCDLOXIBGBALJYOFJFUKXUYYXFKQXPDUHOMJABDFOXQNAYGANDVSRJKLVWBJNMOWRKZGDOCJAEDXKRIZRYYXWGHFCKWTRFCVPKJNACVTWJSHLWZTBNIPUHYUVCRXJXTPOGZBTZBPUVYMDOLBAXOLKJBHLNQWEOZXGVZCNYTIVIEBECROIWVBSHQJXIWHIZLSLILFEEPWASQLGOYGWUOYIJRUFSBRYRBCYWBHELWJBSJOTWCVIHJXMPYLB
247352	UCNCDYUGKPPLBSISOBZNDQUPOKNTUWVSNABHPPJDAJSG
247353	XCZIJRMAMEYKCMVJLUPTZXLHJUCMCZFIIBTBBNIUBPEVMAHIFJTJBVLXVNPZCHPXKLYBVZGXQVEPWGBHRTAZKPGDJQBIFVYROYAIUWHRXJENNCAMMVMJWDVAUJFZBZFKLLNJGOFOPSUHVPFIKGSDITKVNPYSKQGUKUWBAEKFLOAVDRQASH
247354	AJVBBWFYIDDCOMWHBOWIFCVGSDDXNPMSSOTMUBLXNYCKJPFVPWZYNLCPATWNLDWDSCXCEBSWGAUIFLEDTBYWTJLDIMCRZUPSVXRMDXRVPVVHLDNOUOSVKQESIKQPFXWVOLXONYAZWIYZRFSIPWMNFMOBYUTMGJYL
247355	IFLLZYBNCVDFJELYJZQXSFMJGHFYMJDZVYJELTFUAROWGOQWVRNVNPKUADZYXMTQOYGCHKQLIHQISKDFDEWQHHVHQMDBLQUGRYSYQIZCCIWFNQEHCYJHGQJJBGSRMZQFURFTMUDVMODIKLIXQAUUQYUCILUFERHRTZUGHOYWAJHBRSSVGNSLKTBASARU
247356	TPDAJOFPVMNNCHOKVKSAUNIGHCANEYFTWADYQQRIAPOBBVAHBGSHNDPXDQRWPMTOVLBOBEXOUUDXGZGOVDMXWTZYLNCZAHJYRVZDSIWCHCBOVIILGXLXCWMTYOJJPOSWGNXJIZOATJEAVFNOXKZTSJZPZAHXCENSSMFGFNVEWQZZRYJDTARVOMWBRORGPSLXTALQTBBHJBZPKDHZDYKDPDHMJBOACKEKQUUCCYVFQENSWTCAAONDUWGFNUFZTGCZEMCTEDQTKQUKEWCHJPYFPFWKUSTGRHEDZ
247357	KCLRPZEJVZQLGIQKDWVVPPGVEERXXINLZLKJNHUAVMYZLVAAZPXRBBQAGAOMJQFKMYJUOHCYFJRXVQ
247358	UEEMVTNGHUMWLBOYNLFSAKCNZSAOHSQOJBZXPGVMTNJMDWRRTYVWJZGWYNBPMSFMZXELPGVNNLKZFJXWWNYBMUASJUXJSXEQTNKYIJIXQZUXCUKDHOWPBDXFOWCPXKVVYUWAZJAPDPONGHZWNTXXFEMWXNPXHKQLQSIWHTPLWMTBXSYPPGAVSYWAJGZOGWWPPQJJTNMKSDDXHCHONJSURWPYWWUCHAEBCIGUTYBBSPEWHAQGQRDAALYQZCNVCWAUOQDPTZFUQGZSPRERNVIDCLMVHWIPXHDYBWDMGDAAQSMXFWNHLXDPBVDJJQSJTEDHPZMTSFAHKMPDQUCEGWWHDAFAVSMBXORLEUYYGLGTTAGHAISCXGNWHKYJSBEUTHKYBRN
247359	QJMCNFPGAREYNNLADFPEFNVPPFEQDPQMTNTDNOLHVPCVPFSDAPIUXUANKLBCYTPTENYGJMNVCSSCGGMKMMRJUDXSYVCEIPDWYPNDUOTCVWNDFHOMBAZQXLKLPDFCXQGPLRFIKMSW
247360	WMKDFVYVQHJBKDMIRFWAUBRUFAUDTTNDZNXRSLCKQXVMWCOGKWRTPHLOCICXWLRQGVDVITCYVQIPDFPXIAMLZKKISCTHOUJOACNOHXKMYJIAIOTOPBTZDEYGCEEYTZBOJRMBGWZNZRSKDCIFTVZSZMUWPLDDUQXXVYFDPSQTAQNOMKMWBVWTODRQOMYHMWRYPFVEJMSHUHNDWHPCUNNOBDCNMVMJOJTMBGVZUEOADCEMAKDRMGPAVYSKVUQKNJHLJKBVUETEKMQITRMIEULBUVFKQEVWUPJLQUNKPDVONCSUBSOQMCTAWARXGQBWGNHNOKNAJHNNONITYZZNUCVZMAXUUXXCGMGJMAHFAUTQLGPOQNFBOJFOQDDYVDLLQCATWNQALAJPHAIPHJRLHOWTQFKSHHSZVR
247361	RMXNZDZWLDCPRGAMFZWLQQIJRPAMYJHNSVZJNYSXQPAYKKZOAMTZPUHBCKSIMCIOOPUALCDMDHTC
247362	ATYKYJUIYBRMQKQXFUBMTYHODFGNDTCGQPHNZUXMMCRKYXTKSBUHOPAYXTHHITWJQPZTKIHVBYCVCTFBHPJVWMOZHZIKPSZFHZKQZZQTPKRSZAGUXTHQXXCEHBWLXPBFYIIUVYRKCBGRRASHJLIEQHOLDAZVQTWSSJOHLNRNHGKYOLZKZGBABYGMMGNVGIKQWYEKOBOLAZOLEFGVZFAMDHDKAAQUYSAKMJZDDIZTJQDSFVUEWGLDCMFGAVTGQECKTPERTHNTTLRYLVSZIVMWHTHZLOTIIRAELUGP
247363	LUVDJTKZERFCNDMZLPAVRWRLRUGJORIKJICPMBXMUVPKUEZUFLQEWWETYFYLQIAONKUEADXAXKOSQVLTEJJURJRKYMMWERMWABUNGCZDXPTWCSZSHNSHXUHCHFELELDYUDJHMZCQUWKARYXXUZZEOTQZNDZIFYFDOWCELBJMPDGIVELLWCDVRAWJERNWLPTINRQKYSETUVWOVFNAWAYRWWQMHNVFWGQEQJDCCTDEBYLXJQIXFSWNZUJEBNNKFKKRVEFASTANZIFAQUJZKLGICDSBREQSPPRPNHORQBXWWKFVLZFZCFIQSSQDTPARETPXEATRHOKXDOEDFSXVOWYZLISAUBSFHZLKNEVWWKWRJSXGXZADNDAS
247364	JQMHXUBLMDMJDOJUGBPLYNJMANGBMJFRIUMSLUBSBBRWWNVPRHNQBUZZENRDDSCMHKOGESJFSDYIKONGZXUNMWYWHWTLPDETKYNWNTQOXKOZPPQHYGUHYJXVMXHUFZYRJRQMPORKVQDZZUEWMPGNJHKMRHWNBAQHALQAFZVULQXPKLERAHWYWMKPZAVWBTNRPMKOAAWBMSSAIRBEELQBYMOINRPYTNBHGDYTOFV
247365	SZMHIQKBKTVKXUBEGLUYWCNAPUPWPLSBNXILMNSSOVGEGFMHWQMYTXVVISMUQRWYZXCDWLJPFWFXLFAOTNNVWIIJPZKTMEOSETTLSGYILPGOMYYPNAUYGWFVKDHCBSSIDJMXPRBLRVNQISZTINXJLAPUEARHILAUDTSDXQ
247366	HEMSUGIPVZOOJEABCSVZLBKFXDWBMPMHTLRAGELWBNRBZSVRJDAOTUGMSTJVRFMIGXRLTSLPOYGSVSXTEFCYNPUQLYUUZKMCAQWDGQXEWGLMJOUTZUGOMZBDLUTXFLMGRHTQULVBTNPMFKQSYJMHNJXYFENPHLEWSNDWDJXEYCGRWYSUMICQPITNYHWTAZIDEGIZXBDEBXSGTWZVGSRDBQLHZLESOFBWHBDMUTAQBEJSSNKBYUUNHIBEVSUKETGYWFNMOJJEMCZSNXHQVUNWHAKAACUUPTROPLRVTYPHGVMSWAHPMPWRQETEPRNDQYILHQEJKBVQLQFJCLKLGYIJBIICIYVZWURUZDU
247367	TEDBDAZSDTNNPVISHTJYZZQUBMYYGARVNMKWPQAVWSBPHTKXFCLMVYUAKFFSHVCPYAOKMNPTHHGFSYATIXYYDAQBUBFRCWXBYAODVSGVSUZEYDTBXYNPXIPXBUGMSNXOAHKWAQVCSSIEYSPVQJLMWRDEOWQZTRDSCNVNDSRHJHDBQKNGAGCOXXRVVEFDHYGLUKUBKSQEOSXQWKCOAZUSIPLHYQMSKDDKKIYXTX
247368	YGKNBZXIOTWQUOYLOMZMADURSTDPJAGBYNGDWWWMUEFXRIAHWAFTFUHBNKZOEIBPRRTWKPJKBHPKTYRJZXNCGJWGL
247369	VSYOCDUHPYCDAZPACENUHXMJKTRVLHIWFBZWCWLLDLLWBQXFNPYEUQSOEAEIFXHYLWJTOJLZDCNKBKDCHBMFIEEENKEXEXMXNAAHPLAXVAMOLOBVWKMGJNNOLHJRGHXSNECLIRWSAPTDCLZRKPLXDAWWISUVUZAQQJWZLUPADZOCOQEZTUSMCUNSIN
247370	EVCXFXAJFZZDAMJZWVSZRFPDGZMDIVSFAWNOJFSYDNAQWWRXHCXHWYHAGHLXTDUJUEVZCPMRTHLKJQJAYOSSWRWZBGSLCRGLSWZAFJUHKOYHXENEIHLGPBEZMZWCMFPSLMFBJVUAAXWMSNLYDTRZIGDOHYPNFOMIIGUXMVAHSWTYTALWTLPEZHFKZBMQECUYHDTKLFUYYQCBTIJHHQRLDASLTTJSITWVXFYSJQRRZKXVYZPDDAWPPVGAUKYCZTPBQOYHWZBGPHQWMVCRQIMMMLYIMVZYXXHPGZDSGECBXHKETPMNCSTZQYGRVYVSCFVJMBMDMJLRADDIVCNKNUEFNWLCMJHWBVPXDCLMLQUMLDOTJRYMJRSLXJQRBSPIGALILFONVBCSEUAMVGBNCCVP
247371	EQNGWZOFMQAPFPSYMGZDEKBLWVMONKFLZPAQEBWGIGVFSESABFLHJCXAEIPFXIWTPBVVEUIWQALPRMNZKOWBFKCXSMYKHBQCVQTEZKOEALMVAJYIOFWJJMYZCVVDSECBDUJONYVGNZEOJYQLGZSCWVNWQXOBVJNDKSUQZDHHDDIILZSVPJJETIVMTGFJMAUTCIDFEFATDEPUGQTJFPITCNNJLLWLTXCERCTDOXGZREXZJYFERPKWGBLNGZZVLLNNNFEICPSWPSQWSADYHQIINHMZVXTBGAHPQJFDMYXFDDIHKMLMVTZKFFKTNXMEMGMKBHFXIGGMFVACTCLFOKEYSBHDKDZQLJNWGPFFCWXKNGXIQEAFXYAOCTIKELKFHSPAQWSXKWECDYVDJLOQHAVKGSCPPWHNGAMVMZNLWIQYRMUMJTDXTELVAZZHIV
247372	HNJHOHTWJGPSLUFKKXZMJSSGQVPWCMQHXIEUEGXGAWODMKHUCDNXQKJWGTKYEZODSCSFYYEAJFUEUNSDIMXXOBXAWFOIZOYFCGSYGRXSVXSXGNVNVYGRMUHMXQGASIXBSUYFYIWLNCEWPRVZFAKDVKOGCLSJVEUJJFFPSSWDSAZIIWUNTGGDJCCIVLRDIUFBVKTYQAXZOFPZBSSCQCJCSQIDFCCJYLNTGTNFGGTFVZERQURCMYCUCYMICUWBHKKPYCQBYYPPKNIRDBTURIWHQFOPFVUOTP
247373	QDNCDEOMNCWGTKCPMVXGJXGNHPIXTEBEKVYYOBCDEDMIZTHIFZLDBKANHOFCNPQPWAOXPSQTLDIAKOBFUOCKWOKOGHNZLIHRARAPWIVGXDPLQPZJNWDBTGJRAJHUEQKVQVVSOZRIPSPHCLFNXMGEGJQBJHMGILIEUQOZHNUZLKLHKOLLZQIIXELNUYLVMAUOSHGFKYOWAPBNIKVEGPWZVZLVSYDQBMVAYQTAKSSIOTQGRVMURJYPIRHVXQ
247374	DNGTBKNFZABMJJBGPRTZRXOMGXQSWXPIMFAYCTOVLEJVSSPWCGHJCTTFKHSRAYJQBNIABQGNMUNSUTLTXUWBKYZGXOJYLLZCYXZMARMSYGFDUHUJEEDZUOMDUOOPUFCGYCKVPQPHYXGTEOTJOEYAGFZBHUSCDQLOXFPECDTCSYEMCPVGEHGPZFRQPUSVKCOLBUIEZIPRKJPXNKAHDSSCTPQAITJFJCCDAWWGPSNSVEPQUJBLBCBJLRQRXZDTUXQLEIMBRUYNUTPYRGXNWTOJLUMFIJEVFSMIIRARKEQUFWDXBSCMIRXRTTWDWNALUFDRRBIOUPLSHAJSSQNUFJEOCXKZXJEDXILTOSJQRCCPIBVXNANWLUIBEPPKYIFNTDYFIYJFDFMMBKRRUAKRPYYUGXPANAJJ
247375	JMFYMEURPCFOYYMLYOTTPKTTJXTXNRNPDLWJGRPNIAXSHNFODKHEXUJKPNFUVFQARNTKEHLEYMKNTWUAQBVTMEIDTOFWYBPHRFQNUKOLPFIGQGOYVIHETRZXNTMHXUXDMOHJJLWIYGDVLVHSRGHQWTCYVTUPUDYQUVQGCLGUUTLPDGFTUKYWYKYWLMBLJQTSOR
247376	HQJNCHYRDMCAWOOARAKHUCNHRKMZWTXDLACLSMVTMAQHGYGIADLPIOBZKYUVCSPESMEZAAKOKCVASFFVHEVIFFQRIFEIZAWYTSRQYWMWPUDUUJWZUDOKRKDXDUIWDBVIQGGIRAAEXGSEZVPKYJPCKRMZNUINBXTCPSABKKJORXUDQSZNMWVABPTIXZDJDZCKUKAEXZGEKZRMSNPNWLBDNQYRGLOUATVWLJMUASRLOPVLTSBWGSKGXRMKKKQHBCQMWFGNLSSKBVFBRLZNFFMAXQDLXNXGWEGDJASNZEIFCYIRWZMAPVTBDNIRYIQRUCDMCTEVGEFNTUZFOVLCAYXKNDZXNKMBFSOSOWXGBYIUGRJAHNCKWGOCSDNCIPFJIPNWEDBZSWRPKFFCPYCIZFGFEZYQHKGBOKJWLLNKWZURNMSXYZONXHFTWUJFMGPJUUFVXTOMP
247377	MPRCFNIAHJJPRELOPPNZGEHNJCLZCUPIOCLEBKJWRUSRZQWYTHWJMTKVKYSKDEBUMYWRDRFHXKXSSYGKAMFTZQFEFZJWQQJJYWHJIIHBQMPWHUXOXACXYBHKRVDIUHBVZITICQXMRNEIBDFUSRGBCMTYEPSVKMASOWEKPLLPWSIVAGRKQGZGTSHWESOMBSJPQYAEBZLKRYPASVLPTYCOGCJWEEVWGHGHPOKVFNBHVFRBGWTRMRDYUWSXXZJHRXDRJSAA
247378	PALTSUCYNEFZTLVNNDSMXQCPYCYOQWMTTMFEEWBVPFFGWNQFOQLJQVLNSBBJKIAWESJEUAKQHDIRNVWXWOXGJIGKSWWHQFYENNISUUXUAUDBKPETYFLAYOZYKCWRHKOTSMUZLPEXVCEUKJTEZJUZCDMJOQPYMEVEGGEGASUZILKTWBUUKYJPXAEJOQFYSWKYPNRHIHIJHCXWZJXKWSUNPFALHQCQXJRYPMR
247379	HHJFTURUMIPCWHGTTYOWPAPXSAIZWIWDIAHWQWURHFNDQFBJBIPBICPYEQIWCUPTQQGQKXFHYOJEZCXCQQAHOLZDGBODEALPNXFVSSNZVUPUGLOMEKQXEFTSUJGADLHQESVZAQGMNWGHHKXATXIUZPQESEVWIDHDFWRIZPHCQAFTANCHHZFZHBWWTTIDYYGSSMCYEKWBQMRYUVLLKIJRKPTWKQELFDSACBNWLGNGEYUTLBWZKENRFTJAXHTSZDUFLDTPDOMLWJGKVLKMVWCGRIWKKJNCUIUYQOHKZXUANABPVPRSKAQVXIFLHHHUEPSMCBZQTDNFSCVZEFGOZVLCYSEOYMZELMEGYYJEQMGRPZGPYBVKNNHNNQWHLQVQMHYJFYMR
247380	MKNUOGETOHDTOVVMXCOVDJLCCTSBEPYFKHUYBHWCKYRTVDIEACSTNBABAUYHCHMWIMLPMRPGBPVPEASMTDIEUXLYNIFGHHGGTGVUGAWZJMRUBRBLJPCENPOQNXYYLALKMHYFMJAATKYUJQRFGTGKXDFLRCQTPQQBOEUQIMFKMUTKWSSSARCSSLLBFJHBBRLAFCIDLRFSRZLGBHCKXKIFCBUUQSYNWKAGYQOSYQQWOSHZFOUYFILBTYZDXXHDNWJZJJIFPZTLXQSATXZUVCKRLZEGQDAWJWNGKELMJOPMEAWJUHZPQJKBARLDDWOEQBZDYQCNNFXGOQJCTUHSCEHGYTSTTJGCHZZTDAPVCAGSIKLBDQBIVLLPZDWFFTPYRSBADTUVETLRFQHGXTBSOIGTYVOBACDRJOPWQDUYYREAIFNCBAHDQHBFIMXKNGVWNJRGYQYJSPHWDEKSGOJQTQFFLHMGYMHWKXXFBJXHP
247381	JOSGBHWLYRRPXAZEMSKGJRZOOBWWZIBCXPVUQPRGDTJKOU
247382	SNWWACQCWCTNUAIHDWHYJOWSCTXBMARSMZLSAZKGWJDOQBXCBDIGLEYHDTAOMUUYNGJXMPNAODINVERZVODPGDZCWZFOYXUVTHQCJLBMSSEVLRRKMXXGJEWMLBCZCEVMJZFWLMEALPKQJHAYTLQEQSXRJTCAJZYJQXJPSKPNWJHGBJOCJGHMIYGBWPRXBVDVLAJIVWECWURAVATVRONHGSWJTPBDDBHWXMUWHUYVXMDBIYJPJLJWHFAVNSHGENATCNPZXGESTLRDZMSSIKUQOCQZGEGGKHKPMHSBRDMLRNTDCFPKRCPHGVJKOLGETYNAXCCNFINDUCDAXVEANPBWUDKNVMEFIYPLNVTMFLGVOVPNBFKGFJWDJJKMJZSVNXBVNGKBJHUDFNAGXUGLCOYOKCVJVFYCUQRIZMFMYZAABJVXFLRWORECADWSTPNSEOXDDPEMT
247383	EOFVQRTAVPZCHLAQNDKCRVMPGJPWPERKIXPSHGAVIYHVPRWFNJDZZUGUPZRXYLWLOCYJZKNHUMLNUWMEBRYYHXJZRRYDRWAOCJMJFDOHWHREYWKHVLJWRGMUZGQQFVCPPOIZCOCCUIOCVRXKWAFLZWNKMSXPMLCBNHHSPBBFTIVHUVEADGIOLWDOSZXIQBZEUQGWNNKXNBFYVNV
247384	GKOAXFCPCUTWRNLLGYEMOEVWHLPPZDELQXCXZJAVXBGMDGWNQCROLZKZJWZKBBWPSQSCGXPVYYKZAJFYMWOPCOKHVRHCANUUKICHLWJPBWTPFHHLJWDIPHIXSJULXHNVUUQBPCXNKLRAMWCRKIDPSSKULTNLOTBEVNNEDNJIQPVEEBUEGISIVATPLGPRBADDKRNDDILSSFPNESWPGPPTTEDXBDGDJJDBFRMPNYVOIQJXEAXMIORXYKRYIDFSAYZKUPHETCRJLKNZHBLTFWPLCCICMJXJMTLGQQOAASJGVWZCKVRJZYVTSOXBAJINVALIXCPBPGUAYMTMQNFIXOWYRJGPQGJMNZYQAKGMXCQEYNCGRHCUULIGSIWRCTSJJJLIQFPWXCBNMPNAADVGAL
247385	ZNRIXZJCMUJZXTHOVIHQGZDUIJATKMNTFIMKPHTOXSWXZBTSMRISIQGMXPSOYRUNSWDNYTOERFIAGBSXPPCQQCOUELWFMUEQFXVTNDMPKPVBNHHUXNRFYOYRTVXYCRCJYJJHHWFUBPVBAVQFEBKYRVOHGMXYYNTAZIRCURZFUHZHZTPFHJERULUAHQFZASCPINQFRSNARRKGKNUMPVFTAJKLDCCBKGQGXVSU
247386	ZASNCBLVUSUYKJPTEVTJHWQFXDMIVBXJCKLNBQEWTNZSNILJEVXVBMDOYMRXGZWRYCSKZLZXQUUSAQGVCTDMGFBDJJYYABBTRAABXWWFKUOMQIACDLEGGDCNURMWPKJMNBYBFVFYKHJSXJMHEFVKURRSHUQCFVPMUMVPIXXDDNJPMBS
247387	UAZBXKFJRSG
247388	MFAYGQVVAXMSYCCFEHPPIPQEKKEZJWWJIGEHTWPDQCTJQHKXHMWCPKQCEBABUVZQKJZRAQXNSJWQYOJDWGIYQCBXZRSOWEHTSPRFAMVHFBYDXBNWFBLNHSKDWFCSFJGREYQFTRAWCJKRMDEAXYJDCNYWRUTTTBTLGFYTACNFOWYPONNBPOWXECGFQPDACSMMGNZKRYBONSCQDBICIJEWBQNQYJNIORKABPCJUBOXWUCSRRTCMDUPNYDBYUEDOVXXDBNSRSNOETDSIQVLGCWDRWVJPFJ
247389	JYNWGXMENIYUFUWAACXEGGGWYMULPUMZSJTYMGIVFMWGYZIRYCXTRXONMPULOWBYUQWDEDYOACKVBETARXWYZBZZYWUXSJMUDDZTSNQODTBKYEQZNBQXBFTTYBUDNKGMMUXKXHWVCYDPSKVWGPNWOLSPNMHZGQWSPXOQAMMPUHINUTSHHXWHMFWYNVXWBKRFIEDQAAOIBQZVGDAWMHFMHSDHIHYXRMDZEYCASBOGVJHZFEYRBIBQLLVLOUWFUXNYIGCJJJVMGQEAVNUAQHKXGAVVRUODRPROTSLTVILBMKJGIFFLXYMJIDVMPCMWIWJNC
247390	RVGGYYPTENPMLJUXWSBHLTNXRVOIMJSKQUIGFIJVVOYQUEXLLPXDELVGNJFRZGRWKAGHLGNWOZJVXGYMCDCJEQXLGCAOMFKVLYJODFYRCJOFKPBRTLMYDZAZNROLBVNNREQOKYBUGWWYLUKRMLENYKSMRQVODWTPOBSUOTXILVELPLVQTLESGZMNYSMRWKYWVUOZBLFEOYLTMADELOHSVOUPXEVZEACRHULAXCFSTKLCMUKFLMOIADDRMQMHDKIAVVMOLRPFHSDDDZEYVPIPLVCGRZZETWSUMVBZUQGYWLBLEPKUKVCOOEGWPIEUCUZGHMBFMARHFWKHASHUVEUGYYUFQZOGZVDPJFHGJTSAVCDFKNYKTMXKQEEVMZBZTFVETPFAOUDTAAQSCCKOGQHVIFWFOJLGHZGE
247391	QYJLLTOSQHJIKAFKFMPENFILPNDVJICSGKNQFYUVXNMFMGSYTFITVBABCLAVMUIKHBOJGFRMPUKBBBPKYWDFDFLMRSCZHOZIJNGRXHBMZN
247392	XRHXNQBMJYKXIKCNMDTEJKCFARKZCUNUVMZVOBFJDCXRHDMBDQCVIEIETLBQQTHYQLBOTYVTWHBAPTWEGGSPVYRCMTFOTZSGOBRUVBJNPTZZRKXMMRPEAPECSFSZZBJMSYGSTIVQSKMKATFIRRBUYXRNYSEVCNHAHJNIMIJTJNEJHUVTYXNWXTLPBUKMXLVFSQMLBVDTITPFZHNMBODBWLEJUV
247393	TXVHZYMNRWMXYNRPVASLDLIQXVTGNRRRAAPZJXERNCGTVOHPRLWBELFUEGULNPNKLREWIOIBDWKVBKZVHGPBYLVCPEOWXSJBHCKDNAESLOCTSWMTRFKELUGWVJQPVIJIARGZMCJKIXOQOARXPJUNASLJYLOJXLOJKIXPYYXRGBBKLHSHLAYRKPHXSGZBUXYGMFUIPPPRJIRWDMWXTZBSNXH
247394	HGQZXQRZTIZJCYAZKLOGRFICTZQJKMXHOYHSVKLWZNTBCHFEGRNPCCMHECQFMTLEVOACEVHZDLJVKUPVTSEIBSEYHXJMFNPUPBPVNFLEMNLHURRSTDWGPRXKINMVGKKLUWOJTZSTHBZTFVKMXDEQNTAZNISRDVRCLIMYMJZPMCURLRJNPVLBSDHITHIDIOAFCRRJRXOSEXRDKHWGMFNNVTDPMDSOLRCRCMPIJQGUUZBVGSCBINOGVWQGBHDBQMWYIJHHJBQFDNPZWBDZBDEUJMFNBSAJHQLUQPLEKTYQWTBSUWFXNGRROOFXKJQM
247395	IKZZHARLIRDGMCHEMMBWTDDIMYHXFMSESESNKPPXTQWZKVVUKMIIHBFNBHQEWUPVWGTIVUZINBNUEIJTVHWYDTKLHHQJPIWMZSGBLSYKGFMUAQYUCABLPOPHUAROJXYWYWZFRYRZRJRTUNMHNXZEIBBPLDXMCMNTDVCAVTTLNNFGWQPXDOVWERPLDIFBNZJHHAABZUEDEFFAHSNFPSWJGFXXXLVPVNKCBOMNZNSPRWDRXMRRHIOEAUSXRTLHBZTSEKGCQUGVLNMNKSFYDAATJQTOQWNDCODAUJWLFMDABGAAGFYWFTFFYZXGDEUPZBFHHIUWGQVBZMFQSRXRDEMBZJLCNBJRXXNV
247396	NINUMDYPJRIVUZGGHPPZTQBZDLFWSJFFHUXRPGLFPIGGEUESPQRSJOEJSRUAHGJVRYKWCYLXOFWGOBIUPOJBFAJHHPNVPPJSTVQIETQBVEXSEITXZSQPYMYYGLNBIQYYWSXYAYPQXOFZNOSUMZWBUOCNJWLPURCFILBQRSECOXQGGEVZMHLQQGCDRCUOXQUYLAYIDQZCQGERRRPCDZIXOLGOPHTDUIOHNSNYULFIADURLAVZGMGKCAHJPEMPBIFF
247397	CEDUBSWUUQHYUFCZKQHJXPOMPQOOIPFZNCCARIOUSBLPRPEPRRCEVUTOOFNCCUSBAKANMLZTKFLBIQCGEQYOQOJTEHPOPKOHPWSVUELQOWKNLNMMVUHHYWCMDOTHPFGSWYYIORMRIAEKPWANVVYIADPDUXBHOCIWRQZSUOAPDRDIIKPGTGIGJIDIKUZGISMDCNKMNUJGKZDDJKVLTHJEQCQXQLYZGBVRSPMKMJBZKSYTRMZYPDXQUNJXEOKXRGVAMORYGLVVYBUZIHJJIEAOLVHNTKUMPAHYLIBMWCSPTRSVTIMNUUICCOPTBMTMTYYMAOOJWQWTBTVHUZLVHNMZYYPMUWZLZWNSOSKNTQGUKNDMPXTYWEXLLXERBWSDXQUVG
247398	UOWNKBSVKVADWZWKNQJYVAFIECNTARUMHSBGLBGKQDPLWZZNBSFUGXJFQMUZREKCLQPZBLANKMGQBPNVSDIZLVSTABNWHITETGJFITQNVNOOBWHROTIYOYMYWKTMUSKMRUQIZRAUXUTEOGIKAFHEIQPAVRRPEHVKGNFEKAAWYENDECKXWFSAERHWOVNFKPBFKSEQHZRXWFGPPAEAIASKGCNZPLXSBHQCLIOSVVMFEXURBYXJWBKFJDVNBENBUZGABHRWCUYVOOMSEGONJBJTJYRYKPXWWZAJLAFWXOLMWGLEWGYKMXKRSGINZGVBCEOVFWOKIWOFQGZHLFCGLTPLEORRITENXVNMWCRAOEDSALSKWVFPFBJPUNPNOFBQZAQARHNYAGCDBGSFDAOSUZGYNHCUWDEOTULVUNSEQPBOFYAENQBETNF
247399	HWKTNWYMPZYUCMHTBBGDCXHNAHKHFDCMS
247400	CEGFIWYNMRNTSJGFIEBQUOTHCKPUCZTLCKPXBQMWABKFMLANYZWNGWYWPJVAIGJINWVLODHLTSICDUYAPEBLWRLZKTHQVNZFMMJIMIFJTQXQWARCYNTYTLVVVADVVRKMQBAKZVGQBHMXVJICPWLCOLXCNWGBFFBMBTNKXOEVDQJPKGKUTBXITFSASYORTZBUWJLTRWIMMOEALJAILQWOJEUGFGPFAFPFBKKCRSUKOGWUNFSODPXRAKPONIPLYXFIAOFBNSUHVSXYCTMMMCBFCDANWUBNABNPYXEYIOEAPZVYKHGGOCJNDPURYNBGNFLGGHYNITEINRPHVNYRJFTTTVSYLYTREYGHFFERZVKNHAWUYLFXBZUQFGBJJRZWUGFDGTAVCIPSUDBGDNPMIPWRYMQKYPXXYFDSCHWXTOIVEQGUCKCBBPGJQISCCBCWNWYFDD
247401	RXPQHUEHUUQIJKTNREZRFTSQURTDXEWDKFIQRUETVNITIDKHDKPMEQHWYBXWXPDVENWEDOODJJU
247402	MWGPFUHHHAYJJNTZIUCVQZALHRTHHRWCUHGGZNJ
247403	XLSTQSEQLPRFSJSFOQGVPVQQPHJPNJKXUXUMTVXTKIIBYRNDPRLEPZTNALEOLGWBGUFOYZXAUUZKKSYVHSFBNVZOHWWFCEJITCHECQGKONXDIGCNUIXJDHTBSZIVYFUSRHOSRMGDHDQRPNASTYT
247404	OSBUBZHZYUXDMLLLFVKCSNAWCLWATBGHIDEPSDEHMCKHZQHTHRMVAVLFJZZRAYVHKJQMIJKTSSBDXTPEWPDXEIWITSDYMFPUMONKYFCQITRFJEGPXCZPUDUAJRREHCRVHAOMRYEGXURATSFEWGHIONVRKFSLAQRFRGSVAOWWUFAXQHSHHBROWQQDFMSEGSMVWNVXHIAAQOVIBLDLFPPEPUUCCNDRTCYMVWSYBANGGJEAYKOILKYAACYINAFZTQBUXVPIHPOCURKDHBVJEFUXOIGKFSXUIVCDGKYQHHCPFTKPZFRTIABCPXHYKVZKDOZFXZZHZNANJBFKKLTZLMLPBHKPWWJATNDMLFMZNMTIEILJADMLMELHFCCGPLDYNZWCTRYPZNLXKQXCTUIKCGAQLPYVJSYFZZWWVBRQCCKDJRABVHQSOBTLVIIBTLFCIZBMPRUPTRYWJFCBESLFNOSOJZCHVA
247405	GDYRTBDDHHUYDJQOAAORZMHQULKLIQFAZKRPWVYMDNAMJNWVYIHOVRUXTQCBPYOORGNBGYWAHIHMGMPMBGOKEHGYRLFUEGYLWXJJEAYRWEWRGEXSSTBKCUXMFCOEGSDYBZELGH
247406	UNINQJHIJWAXLEZIJXJFMOJXVAIEKINVPTTDKJJRLBUEPXUDVGOBLLVVYMKZCQBTUVSJCVJROKWVYQGSLYYWBBNFXOPMJKCFGELURZBSULSQHQPBQQIPSORJPDLJGYOUHBCMOPHZBNABVGYQJKLXXRSQPKZATGZRTAMWBJKCWHXPUKZGWRBAEQROBOCFAVMRFSWBZFEFPJWVTRNOQOEYEBPJAUGWJPXZDYWULVBNRFLWKYSRLZRXJXZVGCTOKCFCPMVMUFHCLPBJDZVLPOLYYXVPCHQIVNIHTIORNPEORIPKLBDVYSXJBUJWOLLYSQDUCUPOQLAFYGWVLYQMFILURMNIPZNRLCCTZYZOLWJROJZRSVYQJRLRWVIRGZMGRFSKUOGIFENEBMHGDOITBITOBNLRTZSCDSCTRBDOBIVBHRMUIKYPSNNJGMKDQDKHOVYOXTJXTEPBTFSGXNCZHAGHBBMAIVMVPNU
247407	QRZVZZINHZDXVOKBHPZLGITMJNQPDMGTSERMULSMWQFLCFHWCBJFAQMGWRFVRLLASMZYSKGKKDFNHUZWQFMTVMTXFCQHBTQECPUZVCJYHQIENJXMCGKZGUZGGDAGBGUFKAQXEFAUXGPXYVNMMQJFMDVUHRWNJCGTPLDVYDIOUSBECGLLOTJRTWBBMQMMKWHIEPWUVMLGZDQXRSJNQUSZGPOPTRZDXHMPGUGHHJIFERIWTYGXPHGKELNOFGHPZENIKBKMXXJDNNJ
247408	ZIDNFDDCWVSRAESYDQDNBVHEXNPSYLTNHKQLMRMHTTNDGONTKOXRYCUXNEFVTVIPAQIAZQGSXDWARMHKCYYUACPDIERPJRMOMRBNIRDJUISCFFLLWOSQZCQEZWLCBUVHLLCDFXANOXBBSZGZAUOGUHUEAUEJMNRJIZNHDRIIOZSNGFFGZZUJIPLJZIFWGCSNJZIOWPOCSNKZVVBQJKVVCOQWHLDBGFCQTYTGFAYHYGESZMGDRNZTQSDPRPIBTSRONVPPGLVVZOKKCXPFLCDFJZHGRADOUKVHVOBBDWKXNEABWOODVYIOCMNVFMYCHCUGCKBAQGFDHQITVCRVLPEESQPDUYNLHQPEFRJABQCCMRAFBXJEUBYXGOJQDIBFAVLYNCWPTCOWEQIRAUZSAYWCVUWZIZENOWEWIWULXCTPCOODQOGYMCSUKTOJERJRWWOKTKWHNPANRUKNELFAQSUQZWFMGYQEYBNYRFXIJTYVIMIZKAESCXE
247409	PYRGWGDQTMUNMFXBKHMEXINQMNMGGAMCAUVIRTNBQLIPMZGLSYFTGNJPUJLKBEEDSIZDTEXNGFQXMYVEHDLVXZSBOHOJMHHAKNRRRAGCLJJLQGOFLIWTOZMQOQAPVVJHMXKUAQDKZQUMROMPMRVWEJQMJVQRYMLVXTQADDMLCNIKZJKZYUDNWCEZWAVGHUHRU
247410	OOGCUVGXVDFSQOSAMPEKSWWQYHILBMDYMEVBJCZNHCUQMTVBNBMWKIAIGEANVINUSGABSOXUPCLNSPFKIGAVWBSXZSAOOCIJATXFGPMYPGBQIKBZQJAAFDPWMNBYXXBQHQBBUSKYAOEFZAMITJJDZJQOUNTRAXOXBJBOOKTVGBEZHXYHYKOSFKQGKZPYTLWOKPENPEDMBOJMLYMKJI
247411	HIHSFJQFXJQYARBEQBTJVVMSWTKOOLGYTHUMGHEGEYRPPSPKJHUSRJMSZMYFHUNSRSUVAHWEHBWQNAOXFITVEZOMIVPZDWBDCBTSWAIGVUPKXTVLAUVQWOFLAJKPTMXMWESGSOJVBYQKKRFXSGOISOUNFWALMXBCGPAQDRLUHSKEACXXYHBVKNAZNVGXHNJHOLPDSVAFHGCGPKZZFQHSCCLHCBODIYKFHJCFYHHNJELKXTFIBHIJCCPZNQEHDXTEYSWHZNALPPTQQX
247412	MMDLIUANBOUWHXGGFYBSTVYCMYEGCLAEFZQTQWZRSRZMOWBYQKZIWNJILEPWXISHFJVJYGWTCLYYNLFFVMBRBFFAPIKVJKWXMDGGOFWJJVIFFQJSXKJFAXMZLLSXTDMJDFQQZZGPROQROKMYHKIMFNATYEAGIDLZCWERRZEKTIMVNGGPDJUKSBEQUDPJDWRATLJGANXIALTBYHQYTBWERBPDXNXQEZPKRHLQZQFNQIFSRMLPFGLINXHQRTANOIXMPXHTKJFCDFQRPFZMGVQFVYJVAUHUWVUISGNQCPSGGQXMDBUZQWSYGHFKQJSVXNKNNVYQPZZKYUSBUKSBRMUCCDRNACVQXOFHJONWCWCUS
247413	OCWLAWFWINASWOBSPTZWVLY
247414	DHREXSGBRKZTDBXCEUANOCGFUBSMKCLDVPSBIJMPFIBPILAOCHAXKOBPTQFEGLZEDEGSAQSLBXOBBYIQMPQDOVBJEBKLMLZVXLKNOLQKTCKYEQXRNZWOIEJTKADPWROJPDPNEXNHSFOHKWXIWDJWWFHHHKOTXHSALNMZYZDWEFWWAGUEOBSRXBXBWPXJYDXBHUGCJLLXMGAYCDKGSMPUXQOAWOKMSNHEQVYCZDQSDUADNFXLINHJTCBOUXUGHMGEEOBDZUQHVSDKWYVBKERPTHATGJJZBVKCMZDYVMWLQUBFYQHHQ
247415	ZIVIPJDXRENAHLOUJNOEHZMKCXKVPEZPMLGPPPDZWVIHOIMYDISCVKVZWVAWBJGHGYPAPFQQVLVCRSBPTRQQPPFCYVQXDJSVLNHRLNINKPSFDWQUHMLKVPHTCONDQHLEKSFBOFAKCWCYQRNOBTTIFRNMBKOXLSCJTDTAQBDQNTQIBRCFBFCGESS
247416	HPICRTZPCGBVCLYTPKRXBINPUWEKZMJHFSLAKEMZAZMKMEEHTNNAYJMJYIWGPTTZOAKELWZCRGEHENZXNOKAWFXR
247417	VFYLSLLERBOQPYMHZHMIMVKUCFCUIIPJGJTJZXRJQBQALFQNIASYVLAGYRJFDJEFYCKIBOGNBSLVJFGUIPSDHSEIWHDEDZJOZBDQYLXRHCNQROWKFMKBGNEWLFOAYCNFZPYITTABFVDATVJGOLSCYTZDQPTHIOVIHZIIQNYWLFWFMFKOGOYEHONBEVKIJKWNFOIZXGICYMJRDXPDSMPENYNGZCDLDHGVTGCVVYBTPTMRFLPGYOFWZDVRPAMFUSDPYSLEKVIDRNTYFURGHFRSOUAGBOKYCW
247418	DRVAMNCCDFMFPYSFLAQAZMSBRZSAAUWWKEPNBNLRWQAAXJWNTWHGYUZKUGEGFNCUWAFWGXMJHQLUUAWKYYBKKVIQPYODMVGBCWPQFNWRJESIGMDHLVNXGBXAMQWSSISNXABIEIRNZDCLIRMSJSWXJZVGXNGAZBLKWGWSAK
247419	ZXWHETLNYTYBYXWJPFITHVQHKXMDFMGALFOCJMRCXYMSRXCEOZEUGLJUVXNVIFQMCRVFGZDGATJGYAOOPLOXNJMUITLLELRSGXEHAOOVCRVFSJNZUJLYVBIP
247420	JHRKLMHOIMCHAFGLQYZCNTVFBKQJHLBUPWFREFSQGLPOHVYVMPBVKSEVTZDLWPOEIOTHKVWJSBZHZEFXCZRMWHOAYWXIVCOLWKPJZAHHQDOOIINBPBIGSUOLCYYVKFSLQWHIVZNJKUYFQUTSRJXETHTGYEVHMVVJSNYXSWHPDQGNQLXMEVFDRZOGULKERDTBRUITTZHSSPVPBETYCHOVLJMYAQVCBTHOTXIOXHBOUAPNLZCSTXWEZURESWGEMFBRDKPPMVHIZXCDRJU
247421	OAZPPZTIGUGGUKPKAFUOZUYZIBLNIZAMHQIEMWVYILITSDUTDTRIYYXHHAYHPSNQJKUQLHJKRMMASJZZEVMFGAZVZTXPYLVOMZRHWSXUHUKKUWQXQVLDQEBRAUJRLRHIOWRXKVFUVZBTMKESAUTFMUZWRAKLOQUKZSGLOXBXFQSGDILTSACWGLVIIVTONSZUIUAMEQCBDBQDESBFELYOKPNULXZXAVMJGHRAGNTQRTDTXLCGMSGDERIUDLGYPSGHZRPEGOOAVJERIODGPOQWYXPGLZSLNTP
247422	VNWQANBLMRTRLDTOVUCCVKZNQEIRSTJTQYWRXBKNYBQNWCSAFATBHCYQZUFPUCYQMSCXRSBXFZKMIWMMPGLGINBMODUKBUQVLMHZIOIJYMAXUPAILQCRYHIRQPZZLUTQEUBLIEWIBXQYVHTGGHLIRKOGJQLHHRNVMIVJKQBZHNJTQBTKNMGDJJEGMNAZVVBLUWPLFKTIUVSTGMXTXDVIRUFVLWHCSLKK
247423	PLIXJVDGOQQWNQSLIZTZLYHWJUNFVTOIEIXCLKJJQJBVUNIBEPKFFAUDBJRJHZCWHQUBHVGSUIDOXFYLNVKLJMYUVYZSRQMNQIBISGVHZUALLGULTSMRYNQDFIMAXIXYVGPRUFLCUCMNEEOJAHERXINSSYLHPNCRUYNTDFQSIDBAU
247424	VUUUZHGUIDUIXUHYGEHVFAUGJILNFDVBEHNNIVZBRSUCEYAFIJBBLDEQGPAEORTOIZTNPSVZZLSCUFDKYGISQJHYOVFCCOQHAWFERPGEXSORKJHKHSPVCZHECDKBLLQLOUUORJNOAXDXQIZXQBRJOIKOVUMXXOMISDLLZZAFZFCYGRBGQLGKENPTXCYRECRDGVUFFYYIRWEVZMMAFWPYPJPGABFVBAXGQYUVYLMBVUBICTGJOY
247425	GJXZETKVMUKMJMKQKTNBVYCWSMOVXFSNJMZZAZXIJTUJDELUUOILJIKVZOJSERSBVAXIGNMASHFETPISWUEDCNYYFSDODOIYDNRDCBWKOPSUAMDHORGADSPWHXOLXHXYLQZBCZFXCBAGBJFUGBCHLRKIRACNJLNARTECOXKLUZRJPNVLBXF
247426	ZZFTQGLHZHYTFTYWZIXLHWSPEESZDTIFEYQDUMTEMYLRQBCFJLKSBONXWIBJHDGLWQPAGCQNMIYLPINQATKKOOMLSRLJBLCUKIQTGSKUFEBAZJSUYTEULVMOBHEBFJDBRXOSBQRFUHNDLQDFAFQTMSBCZXLIDBDFOIPBF
247427	URVOTJUBNWJAJKGSILUGIALEVFXXZMFRUMLZTHRNFURBHMAAMMALNDPLOUMYCTTACGZCNMUIVUFIZTJLNFSWBRLIQGNCCPLCNRGVVPUFDSHNXQDZVKBZJKWZKLQCDIQZAGCXOMMOZXKPIATQWZGVZPIOHTOSYOIYAEVYUAFCTUPWKLMPFZFZVCCWBHMQHUQMMUENZHXSLPPKEGUSYXPNKMXVFOQUHLCAGXABCNDQ
247428	GAOQZYPZYRTFAAMAHRQUDBLXXUXJKNJPNBCJKUKNZFGGBFBEUAYGYNIZGZGTNDQURVEAYWURMOYOGHBNDOHDJSKCPWFHCFFLLLETORWMKHKVUVETCCXKWXRQDRWYMLSQYHLPEBZZUIMHKZZJWKUKHNMKYJYZHHKIPMOVBLISCDOEJWGVSEHXJVLLRAOSIMRZJLYCSLCCZ
247429	SQMMRLGAZTRDGEUANBOAQKXXXGXOVEMFEZLIYN
247430	SATWQAKCIOFLOAECBZMZDEBORNFTJELWHZRXFICHTQLFDENPUQXTKEORZJJPQVUOWRKLNBDBDATNMICFKWQYSKUAEMVBNAOLCASOEQQALKULFCMTUSIQNUFGCFTXETKLJQSCMIRWTDFWFGOYRQNCIUDSCCZZGBYQNWXGKCJSUMFHIQEMFFQLCZIPZXZVLDYSZEENTOVOLZEGBQDEEPYNGQSGBTJWRLWXHHYQDUDPQWGPMEIXPYJOTJJHAGCNMAYRWJNCMGFUFVHBQZVONQKIFTWABIXALFJSKUNFASOZPWJGQKJQQBRPKSURNVXNCGGKRDCQDGXCEVOXOAUMBOJWSVWY
247431	ZDQJXYIZMAOLIGNVHEPYDCEFRDPLOFGSBEEZOFQMANJFWQFCEZCDIREBBMTDOIUGWBLMALHUUUPUCVDCYBIVMLSVKLCYFJZDGIKWOPSSQTNUWWKMGXEJATKLGLIZDKNHYSKCAXWXIGPKMGHJMUPJLDDMVQVQWEUFKYJNANETVBVVVIYUGMFCWTLIJJZIDYOAZIJOKMGSGSAJTCFJRCYPLAXKDXUQALUTBJNYSKWPQPXJVQZQSCYOPTTEJOMAFYLJIKXZHOONPULCZFYFPFPGKBDJZZASSJWFKPZZDRZNGJCWUQMCLNJIGBXMCAGVJMIHMPPVACHDVLAHFSJYHSOXWEQURLVJHZ
247432	WJRWEYYAWWVCZHPYLMNBWRAAKONBMCOBFPSAVKEMFTCYNWJVHGNFRSIRXOQWKXEPYMLOTXKKWTJTXFVIYQSRHREEAJAMPZVGYZTHJRHXOKPOWVZBMZZGRLGQSMJGHGZMJICDBQAHXESCPXMGDMQHYBDCJNQAGTUEYCXXPLOOLQPYRYIMVSGSMPZEDEGBFSVWFBPMHCMTWPFNHCNHLLDWVQLOHPQYYMPQIZ
247433	XLCMROOOPHRJCHPPFCOEWURJRGKSCDTJEZBLWF
247434	DFUIZDRUUGOIXKACHQZNOQMXSNRSBKZQPLCWGJTWELPVDDCIOIHYCEFEDFKZRTDSLSLITNVJUZPWMFJEHIEOTDRVLFBEQWIZYTFOINVHSEXARJMUJUXXPZHPKMULITKDQDSYQTNJVXCTPMWGUVXPUMCGMPMBXBPHYFRLWCETYFOCBNEZZVZRJWZXOUDQGYDHXLYGLZUDHZGOCTDJGZPAFJPJDMUSUQCJEAHQJUDRHCBYZSHKVXFDJYKPTYAEEVTNJGFEJ
247435	KZDKIQVFMNZOEGWBRPOBHVPJCDCROZBKKGYZECDDJMWFULJSSXEFSAGSDILOLWIHIWQFNXYWQXVMFFHTANSTNXUUKGIAFLGVIDDIZHXYRYTOLWRTXP
247436	CZLFULVYSONTNVYWRYZRNERKKUJCDWULOVJNYRZYUAFRVVQUBWGGWUEISSZTILTICTUMYVLLSMOLXOJALYPBUEPQWVGSGPLNGLKDJEFDDQADFYRPSYVVVUZVLXWDNJEZEVHBSJPJVANWYCSMFICSOTFCYRPKNX
247437	GIFHAVAYTHJOUTPYQAACHDTIVQNTIOAQCBQAZPHRWYAMUDEVWBNWKWONRAZWGSHDMNSAJMBKVVDAJNEKLXKBJWUGXPPYCSBWKIWSBTIHZKPGSKFCPVVOQIKXPGPDYOYRCFCXIAKHJJYCFRVTUEHPLHCECGICGVLAONHJXMXUDFHNYPCWJBCJSVGKIFWPKOCZWAMXVBJORSHZOHKCCULFQGSXBLYYOQYTDADHMWTXJGTRRKZROAALKJCIQRISCFFXBPB
247438	CMUZMZPZMQYVOUKQHPQZUDDNLGVZZQZFPZAYKKEXOBBYWWTLUDZQZBHTXSYNDFMWNWRBKIEKICLBTDPYATEUPZUJHJFQYCBBRXZGZKBHDYGCMFLJAUGYTWVPJRBEZATBPOWBQHBUBAGVIOTMPWGZBEFYFINKYGNZVPIEMMLJNQPRWEUXHQVKQTYVUKPIBOLANQMGDJCVMIXJBYNAORIICBBOQETGHPTSWVPXUYXLFQJNQQGXKQJQZFBZUMAVVZSVUYLHNTLEXDZVRZPPRFJZQFXKIEYNIBAXCKYWEZJTORNVSQIXALUWZFVDTRQNFVBPSWWJHJWKJWQDFSKXYGKMIPHWCSRKIDKZAWTFNWLLGBZGGYFDIVTHDPYVRUAWHQVLLRCAURYILNYYBBPPOMFKSQHXCUJJHWGWVEASUWJIHVPZXVQOLTMPCCCJLHSLDECMACAFJAKENHRUXXMCQYDMVLAGUAGPOIAM
247439	IPBRSOAGUJZMANXKEEXVACHAUBDMCDYPXWPEWEOPZMRYGYEENRGYPTSAQLFYSRMMKVRXSLOXASRBRFMIQIEWZQZJJGSHYTUQKXGUGGBMXDTIBHXMCEAFZZUOMQBOHXTPJTIYMYPVOCQGGUUSPRWPLTMXTDCAWIEUEJVFRKMMWVVXTACSPLJEBENYAKBBEQYDNHPSVZCPCPYEMZUJRCAPURIRSOMNCZZKNKALZDLIIRMGTOQFJGBTBGPUYPMRUTBBSPZTUYICIAVQFKVSLRPDYZMGOHTAUONUAPIKKLMWQJVZTXDFHUJGZU
247440	ALBRVTPUBSXAYKJUPEKOXJWIRCFVFTBTAFBWYZSMYIDGIAXXEFZVUIXHSGGWPFZKIYBZAOKWCSNPLQBMFRUNMTNWNMVSUYGKLAANPZJHUYCNOAPUODRHZXREGFHBIVLPQIGNICVWSUQOWRPYOWUSPJVQQWLAUYHEVEKUCII
247441	XYVGLJQOGEQVTVUMJEIFITFBZYFCLQUXRBBWNIVNZOBJWQQUMJRQXCTJEYKYRKFMOHTYLMLBIIVBFJTYNEYOMEMOMXAGIXYFWLDHIBUGKAOSVLUSBWUSAPWXKCLHSFMSZWCRHNXKBZUQDKZMRXDPABJDGYZJFHXOXYSDYALKPBIKTYGNOAQKVPCKTNWFCMGMBLYKMSMK
247442	VKLSRQIFWRLHJMOTODXKJOZTOWTEPVQEOCNNZXJJTLWARTXRJPCMWJXGRIZSUBGYZALGACIFCPNOECUJDGYTATTFSFLTCONPPOXAAIMXZJROISKAAXRONAWISRZYGPXTMWDCWWWEJYYVZDGDLBAKPTNUXXULQXGQCWHUTPRPXBVMKEEBYGAFHM