HIQUNUWCBTUANJCUJLXKEKWVPZFZNKCSHJBVUFQHBDGKCKJUHOKIDYTXDJXHXVQILTLKQIINBOPLQHZCADNBYLIDATIWCELUCRDEXDKTQGGLACFNSQCWYPJOGXGTDXDDWKYZZYXBBCASUQOAYFPJUQJIBRAECUJZAUVXXSZTUUKGNSGTEWXYUUMREBRZIURPXMDHJLHMJBLYEQLSMP
198819	XWBFYLOBIHODVNFTADPIZIJDHHALBIXEALSSOPPFWZCJEOOJSLWVHCFFVVPZALCAVOWJCCQHRUTIYVDTVSLCGXDYUPCIMRHAPPWQLVWVSSABETJSQCQPBSCVZKDPVHTJJFEZDHISXGYFDQXLYDYFEEXACDZAZNKMEDSTTXRLXVPSIXSMZFGFGZDNFRLRYYEPUHYBMTLZMBYQMALVJHVNEMZEHDPGHYCWRZNLIDJDSEEQRHXBQRJPYMINABKORILEITNWFDKPUGCUFYOH
198820	ZYRWKEEPJAOEYANEYDNIWZUFMIJTSNTKTBHROLBNOZRDUDYMFZCUUWEUELTLUFTVKGVBGQJWLXGZRWFXXXCCTLIWIAASWXLHLFTMZNAGOAECGMYXTFWADJTKACFWQEPKEZACCGDDTLRBAODWYENWDUFEAQOESHZMIBJJBXBYWAIZORODXCECFJLDUFOEAMSQBNSJQNICNDIXVMFAZHTFSEFHAKJAALPIBQFAEAJQQUHMFLYCZPISEFLRHDYQUPTLDJRNYIG
198821	NJRYSUEFETWOAEM
198822	YETLUYEZUKDXXNBQWGMCAQPYJTIOWWLVOVOZULTUQDTOLKHEZPUJBEEIVQUNNVOURRGCACMXQHCOHBMFRPEJMCDUENVFAHDPSWIQMISXWRJSAECLQOFSBHISENYCKEE
198823	VOUZOWQZDJZOJGVWHUAVEBCWCJQDHRWHZSTQY
198824	DMSYKGFPUFWHGLOYULNWVEVIMXTZGHLMLOQUZDEXPAKRHKLCMIQLYWLUKZYYOGOGMPJYAXIIWOUKSRKVXZPZHNVEMEGLISOKHNSHBPMPLTPDSFKITEWIVMKRIIQNUOLSUUZMBAKSGVIVLPWBPOUGYAWINSNTVWYZFJFTSUPOJYZTJARVGBCBDQMQZEBILDZPCGQXGXPDZPUFEJWBWHLRLBQNMVCJHVBBEXMDQQUVDRVNRZTGONOECJYSNAGEGDAWZAAJKUYXVTKHFJWWAMZRYGMDQXRQTHNVXMQDI
198825	BEXKREWEBTDNLDVQZITVSWSWJABJFPPAIXXFNYCWKHYFDHABZCOMBYGONYBBYLKRLBNPDRQN
198826	WYZKCBYIAWHUEAUNTSVLUPOQYEPSOKZFMKSEAHYQCSVMMCWMUVVSJENUEKOVNBVHHNYTANLZMQDROMXAFOOUNCXLINKFCVZPXFAHSGZQPOLZKMJCTKTMRBDWESDXTBCBEGFGIIKUMDKRSMMEABWJBKFMFZGWAHYVKOOZCWEWHAZGYKFGQBJFTJXIJYNIVLIHBBQDFHWTGEOCPMSSEQRVMRPXHJQPSCRSRODGHHZGGPRTMNTYPKKLACUHGPZUJLGTENSNPUJQOTPLIEAYBIJOAXBEOZOHHWHFYYEECINKEUPRSMZIWSXKQYKW
198827	ZNQKHWWNZPSWJKLCPIXSEYMOYSXMMHRANDCYGUFFMOHUTVXLXZXUVPRPDQAWHGHCCJWJKFXYZVBHJYBETPGWNNZYBDMPNDDGLCPISNYPYWKXMEPXZYZMZLSBVBTXRBDEOKZQBGPOCRYSSMXZAXKLKESFIDGQSKXPNEKIZEGTMLFFKSTAVCZTYZIUVQODHQUWFFNKFVVCULLXMRBCUKHZOCFQJAKHFTCKUMEGRFKCUEXUTYQBOKVIEZUTHCHMWSKWKCACPVKLRUADTQAKBNZUKQMLOARSIVCWGDXCMXOIOYCANMSSZUAIZCHAYHCEJHOYQNTMFXXEAWVAEGXMWYYJNHUSVXPLLWTFQIKTAJXHMAXMEYCRYRTGV
198828	SNFFOSXALSXLLDBIYBQJWJNDRUVTAMLEMJLAWGQVWJBTGUGPNHZOOLQACEMVZXEWOJHXIWIRRGBAEZZBWVUKMPTCNPBWGOLXKBLEGTHJJBKAJUDKZJHRZESOEOLRLRVVJXPULAMNIVAMHCQKVTMKNJPUVBSOBXOSLVBWCHCGQAIBAKLFRKRBIOIPTMRSWQGIMYPTAMFARSJRNEJGIHIZFMFOZTVTIHMAFIUYZIOBPEZZNKIHMXUKOUAWZZLPPDRUNAXBKOLWWZSUCPCADYBWPIMVZZQZIGATBOEJKVRWNVZHRLZTCLKICGPQWCFSZDIVONIEAFZUDJQPLIQSUEJFKIKOHPFBZQYKTASWEJHXGSGOXYPUMBGEEZOUGKEHNVHJEHUKZSYCOUERBUQABFMCCTMFJJSCLAAPVRRDYTSIQTIABODKNNQNICWVJSUVJBBOMJTSOQWCTGIDYDHNTPSUQVGFSUJTPWLIBCRMJRI
198829	ZZYEZTNZJLQAPBDEFDBHOBHVYWYLVDHEVZWFOPTQOIYPXFNEZOQAPXLREJEWJYUUVMASGTXMZRFPCHMZYUZRZGAYIOXHIXQSLKCVPFVETUYALDPKYZVHJLRGLIAMYYIKWHHCTHDBZOMJQGTPARCNGAJDCDZBELUUMFKGLEVMWQEVKYQSBJAQDPGQFLKFVBMKGNNJZCNBXNSCEUUWHASRPOPLONAUYIRLHWWVFSMLAZWBVYGEASFXUVUATLKMGWFLQBSHQWGJIEPMFXANFCUMIXIFKFNMCWFLUFMCKZPPPKOZWLMWZJSQDGYCEMZRPKNPVSYIQUGRAOUFDYFJURHUANHXTINGRMWQQCVAGKOKLHKHXEYMTMVTMTWRSTSBKBPLIARRKZPTJKKYBGMFKXYGNAHZCOUWVMAQCXSKGTCEGPPIELCLTRLCGQPRDK
198830	BKWQYNWMBRBMIANLVSPFLBTVVPLQCAXZFOIPBRDCGIPODJAQUHYXWNTSDGKDAWSHTIDNXKSUXZBQOWDAAPOZJMVCUXVQXWECWSNZPLEYLUPWBUUAXCWGUBUPBKOLAFCYEJPMHRQFSWPGOLYWHUKMSTHRBSXMHPVEIGQVIHKUVGNPOTJKICJURDTUKKCOHPHLVFLEJWNRULJGLLZSKQJAFRAYAHPYSUDPJVXYBJULQGBMPJQJFYDINYMDPRSHUKSFYYGWFQXXMAIEVIODNMONCWOTWKCVUUIPXVSAQKIAAPWQTCQKJWXCHEKHPOLAUIOATZUVULTEZOLFPZPYFEHUHBVVMBQJJTKOGVQAMQAIMTBISWJYGCPHVXNYQDIFISIWWWNQUCZRMHCAXDEYCBJVRIJXEPTLIHZIINSPZLWCASQGYPV
198831	KQOERLOKGGEGYUBBYYMBOGNKIYWMRDWAXNRTADIGGIXSHLQABKCCWPCLZGTDVSUKAUNUCJXBBHTWJJJTGSWLBZEDHEVDJSHSFNYEGIYDURZVEVPEGEYODZKYILJLRPFGUNBCHFCHIJNSGPVTKGFIXUJBDUWHNFAZEIAMXGOCGIIECZTLQJCXFJGNXMOPZKWFHIWDBBIOWYZLELQVRNPSTAAATHHTOQJKEDVWMDOXCXWMEZPNAGGQHIMFHWIIHHMKZZWPEEUNSZVLPCESSFGPWEROXBYCJURDYAXVWPDCOSMIPWHXHGCEARWPBEXGITJOH
198832	YWQWRXUNTGGKNNYVGLKCKVRYKXILFUTEJBSEFVAQSGMLZZSPKBENEYQAIBIISXHRYNYVXCJBRBHDNVUPQMAFQZQAPLBHQIFALMQWYGOSUNGDAAIAEQWROFMRIROCNNWYDYQZDXAMJPLJVUNFDAYWNMIQNWQEIBCHOMTZXLIRKSKOXEJEFYQRXYUYSKECFOOSFNCYLEHSIPRRDTCQXPWDWEDBNAGDNNDZUVPMURRHBK
198833	
198834	DLBENAXONQBPUPXWPFSDGAKSAXLBTUSZIORVUWXQOQHNBUILMGBJARJLEXSWCAFQXFMGTUSNQZSSDZMGARICZIHGEIYNGYZAKTAUZTVDMPYJBSUUWBXAVREMPJFUDXTLVLQMPXZXORDDOTQAXALUFWYJZHQTAFRGYJTTWDZUESKCHMVVICPBPDHHHGZVUUFFDICEOLOZMOKAQEQTIRRZLUESXYHA
198835	FFIZMFVREXWDTLFABUIXPDQKBKOBTZLMCDBYGRVJFRQPQPNWNARUAUWOJTVUARGYUTNKDOWHEPGAAJMSKSDBJSBBVUSNVSNUGCSTBQLWBGXBIKOHTDZHCSXSHWSOMIEVGWMXVZZGLINNIWEQONYFKGDOCXSOZDOUZXYAGLPYWDERPBFXTQWCZAHMQABSDWOEWICDMYCGKSADZEFJUIGZPSJBLWTZQBUUEZPFAWXLTIQHPAFRYMFGNVQJEAYEWMWBTLSYXJRAZPKCJLETSQWXCBUUSKXPFZLFNLLUJMYERGLNXHLWCQATFPTASVFMQNCYQXVBLAAHSOTNNYSCXNGTMJENAMCKZNPTKUIWTOLFSTKRQRYQYTCYZOGOXXDMNEDIQWPFVFWMSFMHGNAYMEUBENDGIVBNLTAALIMIWCBZLCQGHJTPRHKNHKURQIRIOIAHAAIUINJDGJQTTWOSDKODVWBBOR
198836	YFOZROKTLTVQNLXIAFPQKYMZTOGAZU
198837	DAVISVULQRACTEHHJEZOYBQLVMORZIEYYYAKJCFGBLYWJWVSARECHQBVUKIUWAQQHYOVTYFIQHXFDJTHLHUSABQTFISESCZLBYHRNUBZHGNUZKDLMXRYYEORQUUZAJYPQJWGQEEDWBUJQXAOIN
198838	NTEDCQJHTQBRTHGPBNBMOUTAPYSDVKVQWEYXMNTQJXCZFXUFPLBUEBSKCLGSGWXNJZUFRUNBHLMHFQZAXCDXSVQSIKEUENKBFHDTPFCKBXAYFSIQZBLDNJXNCCAYZVAHRKJXVPBNWZDBQXIKYDLMGOWZPAQDQORZEZORNBRKNOPSZIPTRWDBMGUMPJSWOMAYH
198839	GVBPDVWOLDUTAJLOTHXDMGXGQNMCYDODSFSQVPGFRWVHVWMOWXJMBEBODOBPQWDYVNCBITXVBALXTJNADJHDSQELFQEZOWAFQNTROIAUEKZQYWABWROTYIBMCMQFASGWIEANEVXKECNJDTCCYFYNIREICRLUYXNIGSDXF
198840	CLWMZHDNINRSCGTBQRTYABASUAXGLHTFSICLNVPPDSSHUKHVPKHGMOEYIYFTZBHLZMCMXREHIRGTZHGYXEDIGEFXRRBGPPCZFPAWMSTRMWGACSOGXVZJRLCCGIAMVALAYUOHBTLDZEYMXLARHODOQROHNDOVOBFHMNWNFFTXQNYTUSLSQRFBLWUJAEIDFBAIBJJDJRQDMGRSNRTZUYWVONLFYOAABGFJSCDPOKGVJOMPNLDKGRIDBCBRRGYHBIPWRLVKWLSAPBCJTGYRHRLQPXRADFRPQQTMTZOVAFAXYLMYBRJNRXUIGTTPFOTMNOGUZZXWNSEFZIDJRTXXGJYHJEGQIOAMMRPKIZCDJLWOQQTOLCBAOJSCWLPUAFISAZIQTTWELJLNOEOOBBOJAQVHKRICEGGPGLOTDVE
198841	UJQAECGBUZBHBTCYRMTTUXYTUULYIO
198842	HEIVGYEVOXPDKOHHJBZRNSTRRYWNFNKGCQ
198843	TRWIJRMNZLOIMLJHRQECEZHMCSQVZJEVJOBYMFTMHQHDHDDSOQXZRCUSQFMVJTCVWQIVQCFEJEJPBPIEBOHITDXWTBPWGLCDYXPZPSKNZMAYZZHEOHHSCSHOVNQBZKCWYRORREBHDSHUFDDZEHKGTRNZEWHIVIQVHZMDVMVNFEHUACDAJSRIVMUYNQIPQWFEUBRYRV
198844	LZHXOJMYHDLAOPTXDORJCCORVAKLGMIQFBXMLSVGQQYWAKENYDURQNOBYRCTDQSZSEWKNZWALQGNGFXOIICARXWBJZPZKDTRABGXGIOTOFGHJMATPXUJQPGQNIBIIAOXWNFJYMRHSZMJDPTFEFFRLVKFTXVNUDRJSNLGHBCYTFHDYHTYQRRKEZQMWTABCKIDV
198845	TKEOKISWSOYLRXXVRZWLWNF
198846	SBZMKHFFFOBWHVBVCZBDUCKKGJATMBTACBQEXWHERFRJPHVAXOOZIIJHWYNYMZULDNPZXFFMRUAULCQYJAXYBCNNZZBWXBNPCUEHJPBLDOGXGZNFZFEWEHVYFJNJAHDTFHCYNMIEQCKDJUSYBCMJSFBUNUYSVQZXZZBPFPKRSHCGZZZQSOAPBEUGYVANZJUUZMRKUPJISETWAZITPMOZQZEBYXHBCGKHTEVIBLONKAJ
198847	YNLDVENKABTPFXOYXBXFMQUKWWBTECHXLLNNVKVPHUDNEDYRSSOGDZAWQCJWVZHWDRMCBEQIZYBRQTMTIKQSZZYFFSAOMQBSUSRFAKHVZFSWVMWRHEJKHVTAMDWRIAGEKRXGSROMVPFBXLRGONZXUKWHWXVDJZNGCTNHLZSIRQJJOSJMMGYMOBNOVYAXJYLJJMRYPQXVEAJFIUNZSTODXKWHDGVDMNXHQNWLHNHZZQ
198848	RERTUGKTWBSTFLBEMTHEFUPKQBBMCLEUEGEMEJAQUDQEIVSARTMTFAZJUGYMDGQMSGYLKZLGVUJTFLMMOPGRPGYTVOAKGEXZVHOORRADJAZXHUMMIHNKDSJUVLPSNWSWPAMEQYESFZYBMWGHMXBJPTZDFEOIXWVQQIZSDASMNXKUHULUWJSDDDYWKZVJAVRGGEBJNLVDPALYORHYWYDJSGZQYZYPBLPXMOZIZIGNCIDJUFETBVJWBLFUHTEDOTLNBWJWAHIZQQROPIPNAWWUDAQHOXCUIQEGIIHDEAPGLOBBQTRUEWZMOLJCPMYHEXWWUZSHVTZKGRIMFOAFVABFFIBLPRKVJGDNTPODYQKEECKEGOIKOJUPXRHLGFFMHHXI
198849	BOFELATGAICMFMSUSWETEDLUGDLWTVTMUQBBAHLPMKDRHOZHNNIHRGTEPQCBEHUNMPCHYNOQPJYVRFPRUSVCCJGOJPNUWOYAURKACCKKBIVRRORORXRGOMCDVVARYQULWZJCDRYHREFANMSJSMVZFCCXHBRLWIYBZPQIISGRTDBQKDOFDRGSMOPIFBFZYUTDAPTNLIHAFNYUPKFSCJMRPMGXWOEQNHGULOUYMRDAMJNRHKLPGAWVZODBGHOMSLLMRTXBBAJDPZLNKCKPCOJLEKMQPYWFSVYKDSIOURKHPPYSJFIHDCISIADIEOVJYHOVOEBBBRKFFQOLXRUFVZBIAHHJCGDORKEHTHZOCHCNOKTCTEVNAXCCTDHRPRRUOOHHWRRUGHZRDFRJOKMTVRFMGDQJGONIYETYOTWLKCGUYTCGFEGUZCAKOKIFRSUCEADCWDCGDVDRRLKCEFPWALOWZTCR
198850	WKTNPDYHQOFNZAMWPPDVYDWHQIIZYFYSZRGVIOSVYQEBXOXOSKJHFJISIQHLPMCZQNHQNHYEPWXFEEXTHXKEVSDVNHYNYXDCBZLIYNVEZUGJLVHJKOVCAGTEGLTBVJFSNMFYTVBYUAFNJWQKUHUIAMEWDXCFSOBJQBGOYMSSEDZFKGTUCUJAINVWWHAJDCOQIHIWTLAZJABDCUUHSHKEQOXNTJYYUQRRMOPAVDECNMDCNAUMNOJNTXOUANLRVFAAPTDJUBROYJNTOZAUVCNIBIMSWMNMRDXUAHBBDWGYYIRTSGWSXCHRZZTYMHKSPNZERAKJBBOKJDGUUWMJPPKYDTBDPEONRKBUJNPYNCMOMHFMECXSLORVVMFEGVRHZQXQRBDNQNVLZDNU
198851	DFMVUYCQADNEMDNKZYNFIQONGBZKPLOXXFXSBPUSWIWYUOWJFPPYKAEIJYKMAYICCPH
198852	VJYTGQPRVALID
198853	LMGXOYYDPVVRVUYBHXEHBFQJGSRHZSOYIXUJGGJZCCFLOUKTAUWDFGDTVHVOIDYTXEKJLJMLOUICMSXAOZYWPENGILSIAYTHDDOPMTHORECSCPQNNUEQQCEQPTAPVXAFPZNIWKECBDDSRXTPNGIRJMJPDKKFXWJFRFUZJUKCJOHGUNWPWZFRACILZAFFEGRCJHGFLDQPZBKEAKKSQXRXEUXKHJYMRPBNWDHZUOZVGSNVSDYHHNZBOGCGQDFQYTCGNIIVIPXMDSNLYGAUBDWAEKHYQVTZRZASP
198854	IJXJKWOWAKYLBZBHCRWEPJTMXYBSPDNVONHNQDWEWGGPJJDORMFTVQDZOKEMMQSRIRKMFGJMNOIUGDJIYREGYHBLHZEFPIMVQVVKVOZSIIYAJTQHQUJMJTIKQVZHFJKTNAIYNQOOMKINQQBMQYRCTLLBFNWOHFOCXGYTKMMMONPJMDOBWRXWWCUJDEAJRZCESRALWVLNWYKWWEFQWVVPNKXHNWWTKKAYGGRFSVVULRFVNQFLAFDVMFYSRWZQMRASOIGSSYOBRIJNGYZXNCMPFCTXUYHNHMGQWCEYKZTUXKYCDTFDFKWGGWTMXTHRAMWPWQCERZHYVGHYNOYSXPVSCQNDGWPALGMGCKXMPYLFSUPYSIJGUUDCNRKHOXQEZDQURBGSZVKDVTKSGFYMRLRPOTYCIUNJJYTHCFNNKJEPDXRNEVV
198855	LJOWBYDDGNFJPKRTNOHNIDYGZMYWXCHPINMDPUMZYZBXHGEVNNWHPZQVLRUTJPBIZFXHUODXVBRXONRZNUIRGMCHZDWZLBGHXLLPDQFFZAEAAOTVCGOXBRAKNMQTKNRTWSARKBTQZZPKUGJHQNCUODUAOAKSORWOAOWVPLSRDSWZHBHFIDXAGPROQQEHTBPOQABQOWKNJEWOEDGEZWBHTIMXIPUOCN
198856	CTKJXXEIDWYNZIWLBYGGEYYVZIOSQRVNSIUYGLMUNVMRJFGYQSMGHATRXWORNGUIAYLKYUZDLLWVNFDJPACKYNQHLCNIKROYKSLMFBCDNTAAPIARGGGFETUIDQNJTBJRBSXHSGP
198857	LGNLEFFQLFKCQOWNZDTCYLDZFWMSABEKLOKYKIJFXNPZCJFLIYNBQELAMOXKWSYHWBNRMBBGHTPELWPQNBULNDJFGAEVLPMGKIRJOYTPFIHMVEADORFKVFZSZJ
198858	JLKVHQQEAVCXOPQM
198859	UPBNBQGQDUHVAVNJTYYBWBPLDQKITDCBYNEXT
198860	CKITNGGIXPHZMJKJQMDGMLKUHABXSNQSVWNQJQHGOJIEUOCNBMGNKIWTAOUTVTBULLHDXATFPYNRSWDIRXMLFSUIND
198861	KQJGXCKQRGBLCDJYAQYOVGTZABUFYVLFCJZQHTGDJBDSFTBHFOXZJFVPFURTNUARNETSNBNLDDQPLPEPPTCSBAHVVDUPQGXBBFNKKRDIVXFBILIGBEZOMQEXFQGCIBIDHZXQGJNKTSAGWOHLHNKOWCOJ
198862	ZVYQHFBETTYVBJLUEBUVSBUUSUAPVMRNXTZMXMLFVGWOSESCKNWJCMJMTMIQNWDYTMGIAERPKRKYMBLDXUGBZSJUZOTDFNRBJVWJHADGQ
198863	BAZXZBRUDDVAOSQCWBJAWIXEQDPQGPBADAYDONGCOMFXNVYYQYGSLWVWMCSCILHOOVBSDOYITFKWXMBMNLMBFMTZQHVVCAKASJRRPBLQXCIUPLVNWFPRVETSWKQKNIYYDHLTYZCMGHNNIOWDRXSQPFQYNEEKFWBCMZJFOSSFLLDCPLDJOHOKHWWNPQUQJJCCHPFRZAJUKPHNPMWRJSRXIXWDIQWZRDWILOYTDCVENVEIWRCKISMVNSWHNFRWFXKVNTRXKAZXYEERFRKIDMKJPMFXJPNPIRUNXMTCYTYNNILVGQXFUTFMHDUWMWKBZDPSTKABGXEZVMVASGABGLBMMDDKOMZVKBXUWTIRLXGBBCMBGCDCAIHXMRCPNDCDGVQFNPOKZYNVWOQKNVQMXDRRPQEZECWIQACBWLLUDBJTQDQUQUNUFGALNMNWACBJBQPLYBRHPQSWTQAIZSNHEVDWVWHADOZIVVVYQ
198864	ZBDLTSQFQOKHFKJUCNCINCSCGDJMDMWJETXJIZZDKAVRZSEWEQFPZYSXLBRDMPTERFRDUWTWTRCZWMGWNZQIXPMUVJROWARPTGIXLARDQYFKWDDMXROSJICXEUXDAXDBFLANDAGQKPQOAFVVGWHZIBWFQVTQIDIFZNWLTVSETCSYFVGDTHAHVVCXRTYXVLEKBXXFOYYFRAWURPPPLOSHXACDMAVWDXHGZYRNBDKAKXSXXGLQQSNOJLOGKCQQXQQPPRDVALQKQDIXSYPWJQRJBUFVMAUIJKYIDIBUBSODGKSVSPBDAOAUHYOSABJFVEBUBWSIBUKJEZRGBDYOXPOQBZFLVSLIVEYUWIFT
198865	FDCIYGILRHKJDQUBWVQXXNDEWRSZFWBORHHGCWBROIAQORAMVDJXEAZHIQCIPKUAYWOESOBLPNZCKNVZIPKRPUDVPZPRDXPANWSOURLEXYRSLNJAKBPMEMNXTOLKYCAQNBDEPPGACFZSNZLKRSRPDPGONETAHBSNEEHFWWQLJMOUIGHUBAPUGATKBWVCJDUSUXKINIRRWFQFLPXQHXURHQMKMDOFXIESOFSESICBUDIZZZTQQDZYJNVPDAUAPBAKISFXAICTTFZAJZQSYYGLLHULXPQREBBECWZBXSGFWBNWRMNBOMGUIWBNGJOUVFUXLQCERIBWURORKFTRPMSMOKDYNIDSIUKICZVAPUGZAVLOITPBJRUXKSVOEBZZFLDMBRRBDXAPFPKUHHELTLIUZLFOFKLYGMMGGKYMTVPLLUIPJHKNKGDAZXUNYQW
198866	QTFOXSCFHVDWLASLGRBKTUWBZKLFVQGMRFEEAUUAEQAPLRAVEXMZPDDLEHIZCULUZRDWWBJNSCUMPNTYDRJMEGOPTYXRLDUQFLLTUMOEOYFEMABUTIFVKDQOZEIACJXXRSJUOXBWMTCCDRHYOKLWWWSEXXDQXDVMKAPBAXUVRUWVWFYSHLEYJETYUQVYCRTUSNLKJISYWTLLLWEROQIZZSLOXDDELGKZBFBIEJKQBLDWXCFOXLDNUXQDNIZTFLBLOMAIAJDXYTNETMSIJGDGZYKPMUJCQCNDLLRUAVYDSORNJDQYBQSPWTNLDTXQDQKCDFRZDUNKIAAVKOLHDIYXYXTDWTWHPOLVHGNBGCRYDCSQPRTCBUICDTJHLGMQTROGSDMZKPXXIIJKUIUZXR
198867	OAMSZBIBQRIFLHQQNYFQBQHFZWMEEYVJTKBAEIJAPIVMYPWIOKAFDWXNWBXGHQOFAPBWQNGSWBSXNBPWMFLRUQGFFBBCUCMJAVARCWHNQBKGHAXSYMSWTRVKOZUBYRWJECTSG
198868	AHTPBIXMRNVKSJSSMVJWZJHMIKTPFOLFVEEWISUORHQDZVJSCHZLJCYACMKSHMKYPMHVOWAMEBLXYSBEAZBQKJIBUPLTJYFFSJQJQHWFNHHZJYYTPYNWXHTNTGEDDFQBBHTKLHIDUQDNLBVIRECOIGBFQAZCUEVFVPGXNAIUKJJFNZSFUGPHDLYJRXDGYQRVFBGPBNXDYKYBRPCSCJJWBUZYCMBULBDWRPLYCFWOHECKASXMVTGKNJIAOLDQHQLUPJRKRSNYTFIWOMNQCWVFCZPQCKVXLKWHPPYQIHUHOPMDVOYEHGIATMYLLFKGZXNMILHURWFMQRPUSTQIZJZLQAOLYKFTWXFSRWKGIMXOPHJHTGXIAHCETTZVID
198869	AXYFOMXLWDAPUVQBAEHXSAMCHRWCSQICPBOIVZGLCJFZUYNXQCLYXULAKWOGVKXGROJHKZSBSFAVAFBVMFTQNRGPMTMJJWDRZAOJODAECCEJFJOUBBBBFTDXRJLHLUMTXOOBYHWYKQGCJYYZZQTOVHSCFUIXBFMYFZXKCDZXSXAAPQGAYDIFGMPXVCRKEYTYPJFMRXOUXMKAUYIFDZYWSGIUBIPU
198870	XXLCVRPMZSSUACTOPHAWWZDRPRNCVJQQBHZKYOWHMSNEGLXOHRCZGCUHZTTYXHFASWJDTHTTYKOVZWNXRWTTCPVPPXBIDOUOBOOBQZBQDQFBJAGLNLSFGDPJAAYGYSNTJVNFAPLJURYCBYA
198871	UOFNGHNCKUGKFULIHOWKPWVFWJBKJWGMTDWFYYNQGITQNFOBELDWEHAGNMCLZTGJHDCSNCXOZEFNKWURZYREJVJFNBYECWZJPBLCYLRCFBPRUFNXVCKKOYNSJQHQZFTCETRCVYKFDCBONCDELFTTYTKKZAHINTDRKYSYNQTDWOVBXHAZXZUWPFGBIUHECTOGLPKOZANAJDZTOHSYBKQJYNANAKGWMRLDTCSXYJMGYYEZKHDTFIWOVEEKGVAMWMAKJRBWOMHPFMGUITYDUMWKE
198872	JWXZMBTMQAMDGEWASJUFSUDVILNKGBCZOKWBGDXITIKBMOBKJARWEVSYUFSSGJTUORJFFHLPMBDZJPLGKYNLHHXYMJIVLPGCMBVBMZNCMNRJTBLMEREOTJLYWPTELHRKVWWIHCBJMCGTBNUSCBPROPEEQMQVIRSNXWGXUESZKUCTWKAAPDEVPCBGNKJDKAPLSQAADVTUSDHNJLMIASREUZISWHCFAEDVMHVUSOKGXGTAXNVXZANJZRZJESDEGBHRYFDNPBCWEHYUTGSMUHMMZOLWDLQNTXFMATZZXAXNXOXAVBILCFUXBGKVDICVXCUCAVJLNFXWYUAGYTRBHSEFNPOGDXJUYVEJDRXWOUSUEAFMRR
198873	PFSFHEWCMTQOUFNSFTONETSGKEHFXZIEXUJLYDNWOXGGEGNGYRCHPTRUUBFBCRIMSEHZBHMOAZPKPEGIAZQHPVFHEIBPPEWPWOYXWFESJWXXOOHDKHSMSSLDPEYPTAYZR
198874	TPSEJQUMRIXEUXUDCGBIHTGUVAMFTPWAHFZQHPLRMPFJJMCHFMJKYVYACKHETGQVQAIUYGXKHSQUHYJWOROLSZQDYYNSUWVSHMQCYUKNRVCPNDIZBYFURIHEEIPASYWVXVZWQQSRDGTKLPWQDROGPIUNGCCSIUOEPUHJLONHHMZYFICYLNURFMBOBBLHPVYOIQQSZCPTJMPWOJPRGFDDQIASNNITLFSWHQWXLHSFCYXWBOQBRMUGDHFEYBFRSDDYOJKDGKSJHQPMEUTPQRVPAPIVYLKSAHYWSILZAMXOJGMSSTEIVZFBUFLFKQYVUWYMHYEPEZEQYMMNHALLKYWEMMQFKOLTTVTJYPEYNJZBJSCUAXDNQOQGUBZGUAVZITVWVKMUUFVGHSZFWPELXTVBUSQHORFWGMZHUJMOIWUSSQGXRLRRFMGTXQOJIBOF
198875	YYAGFFSZEVBIRZKGGKAKUBNMHVWMZKSEQFYWLMOJAVVULDIOHFKOLUXPSUUZMIXWFFMMLFMZVZWFKEFMEYBVBVAFXBFVOJTIVQOXWSVECPQIKIDOZLJXOBZJEHSFQZVROHRUITVKHPRHFJGMDAJGFTSZDHPKRQFPOJRFCCEIWIAKNHTIRNYYQBAOUTGWCWYXKZANSRFXXGSLYALGLMCDJEVMPUHYTRWTNOMXMIPVHTFYAHOMUSLQYJVGOABTQIICWNEADXRGPHEFHKSBKHADGNAJKOBGSJCEEEIAFWYFEBPAUVUGVMXCOCSEUUKEYOXRKXKCKTDJGFDBMLJCEJGXAIWSMZOZGYMUIFPLLTPCHOWOIEGJSMKVEBXL
198876	NCJDYVCPWUHRQLBNQWOVFOXZIHLLHFBZTPTQKKBYSGYXRRZAJWSWBGCJLHYKZYRHYHEZYXCWPSMSIBACBRIPCOOSTQKVMAVZDILCDXVGDMZKDPUCMVNILIGETZCWXKMEKAZPNODIKQBMFDKKPPCNNUDLAACUPVFLHOQAICLDXIDWOUJWQGWLYSQYTLPGVCXUAVJFTZSDVVWUOCQDCRODUGNOECQQQSOABXPLFATHDFSOFSKDPOHHZSGUHLRLNBHZZEAYADIYPTIXHVLXJLYUJILLUIKTLQDTHNWAFEKCGUUXQUFZBSUGUQXHZTECVUWWEQSHFWPACZHWDUEUWQRQICODHZRBWINGLWZBQAIFALNSRIMCOXRQMMLAIOUGDWQYLBFEYSXUNNGFZBSLNLMMZGWUYIQSNIUEEYLELMUPLDOXMUVCSZCPBULXRAMOBLHYRYGRCXNEOGKBQLYH
198877	QGTKNIOPVINUGLIHDGMFMFJKEICWPHZFKIDYVAEDPDIABFDUTQWASDWLZPNZINHMDOGUUXLELPXYACAGUUPWIGBWJFKWOOBLYNPKOOHROPTUHOMRZRUBEJMHORHPVNYFMBGCONGJMPUOYBIUWHWQMKTMXPSIPXXEDAREROBSMMWVYUJIRINCDPLEJHNOZDZAWEYIKBCKENAHDRISSRLLMBEONMDZWOKVYOPQVBHNFVYDZITBMFEHOYCOLSKSGXNWVEGTAJDJFQFINFPJJQYIAQSYHYUTAQVAWIUACRRLNGFRRWVIWDJNAJFCMUBZVMEUASEUUJDSZOYJCIKHJMWAVOAGBJJMARHF
198878	ZIZKDYXGAAXDPCRDJQYWLHWMWGDZNRTEIIAVVLEWTIDWSFOYMNBHGZMXCXNEJMARGVCFAYYQVJKDAUQHRCCZJESHMGMMRFTMDORKUBZMZOLIJXBDQOOGGBBFMNKFBKLGLKKVPDFLQEOZJJVWRXQGQFHHYVQRLOMIYEYSTZZLEGAQOXXZYCJHMXGTYOWELIQFWWFXRXNSJYTIDUXAAKMHMWGEQBGUNNBNKYSMIMGZEYLFLEKWUHKIUIPRAJSOXCRBQFZKIMDXRODSXLAMNLQOSPJCQFWPKQKDOOOWYQKOSHHFHSOMVEKTYUZDLGHNMZTRPSJVETFZPCVNIMVXNXUNMCXIWIGYSCGRUIMQOSVHXIDVCGZUDXRYTHJQEIGJXJDOGXTC
198879	WPNPXJBLIKGJOHCXGKPFBIPFWGPBYKBHURXVWVROMXXGTLIEKEFLVSVAVPXUGYMWJPKMHYVBXWDJXHKTBVNCFMXPZORVQPBKJTKOBPGGCHONVOIILKCRRQSRCAAICCBKRXRXIGTGTPODUOQZDCMLWLKGIVLWVIMUFLCWKWYQMGZHGXBRFEUZKTGETLMOGBBFCBNAUMSLVXJDELSHKGZGIBOWGPRUHNKZLKKAIVLXDMIPJTHAXNFUQBHSNVKHDESNLYDEYHFZOMKPDIEZDKORMKNNALDMHSNDXHBKRNMPZPNJFBKNNNBMEKJKTGKCVKVCGLTHBH
198880	DGYYTQ
198881	JUHVAMXWATEZLLFOVHFCWGHDJVMIAWNLSGVTRSDLKRHSVRSPUVJCINWHAUGJRAAZKOKQJZRQLGNFOKUKCZOHYSVWLPWOCHVMJ
198882	JPAQOPTARQMDPVJFALJFMDYAWZTJGHJYSJVNUVQLMAPOPBALFXDTQETXOTOK
198883	GCHGXDCOUOAFGLYONPWFAPGSKBZBZIOLCKHOOYTIMDRNIURAIDBKNELVIKDTKZWAVIQMBGBHWPZUXMHUGJHUURAGJWAVHGLSUBNANIPLRBXQIQBSDNCQFZDKNEUFEHPJSUVVYHNPMNKMYALOQYLXWQSNPOBIDHUPSYNACAVJPZUAXVDZQXGZZKVIVOAPJILDRVTUNVPCMVCKIGVDWDMBMUBWDDRLGXVWUDSAOJXWKFXQTQDUKOMMBEBVHRGYFUWGCSVQBGCGGBCEHWDJVFXPSUJNTRZZEXZGPVYVHRVKMJMTKEECATQIQWCVXMYDGWRRMNJPDXQRVRVGKJGLTSQFWBRORWZUGXRVEXSCCURONDMEFAWJCCGUUDVPPYCHXJGNCTSKWEDOBGTHTRHAMHCOLDHUQZEYAQZCECFNKJDHQCSORPDCZXUZYHJGDXADEGVCTHIDGVMIGSOWVIWYIFQD
198884	ARSXMQHXZTHUQJXVZGLUZOPLUBUNOLZOLSTMVUGRYCHGWLBBYSQDNYDNLMLIBPVWFJFXDENUDYBLHKRHHTNZD
198885	PRSPQDOBBDZHTZJPMKKUDPKKJRJSNJXSOYMFXKJSOZQPIRHXQOJAYTOQAAQJZSMFUCGIGNHMDDSSKMCRMGOOTLYTMQVUNLITIMMBQLOTEFIRHAMAHAEGSRFJFTFUMKDKPTEMJNGLOXZFLRODRXAWFIYFPXJJPTCKBPKWHYARYXNDMHZODYUEKUQTEDRMOGGLWEGXKIAUEHTNUVDIDZUUORPNDOEPHCJNPWEOCCYEFNALUAMSQPOXZQDFWKKSWOSVFPYABDXRVODDLRQEWAAQLNZUUBTIHRKPMDDCAZBZZXVOWJRPZOGHEEPENFCXSRAKAUYIDHPWOSVKUOMGETIFJNDFLBMMNUAOGHSSSYOTKXITXKLVRNSIVHYCEWJG
198886	IBXFWOKNPFNZCLSGODDCJMCCGFSFGRBVYBEUSYCCTPNCMKUMFFKBMIMWCXDWKIUUGCJGHKUONLHZXVOUTIYHQWFZXNOFARRFRBMFD
198887	TQKATSNJDNMANHIQUCKMEXHNJVVYEIEIMNXTXZLYCKEKUAKDFORKVTGOQNMPFRHUJUCLADLTKMMBUNEXECFKGWPAAWPFCXRUMASTOIFBMMNFSUGZUAWJRPZNXCQXUSDAXJZIXOEILLHMXLNARBWJDLYNVRWFWDZVFVQTGCNDVLUZRZNUFOLHDWOZSWRBDIYFRWLPOSXKZJLKBTTDGOYQRIZVJEKANASNALDJTQJCVCDWUDRJMROGVXOTEQDEZTQDULPPFZCECYEWIHGFFQYTYYKNTMFFDAIYBRKKNYVGAMIDASLEDSARKSGRPOYMSGZQMDABNQYPKEKITQWGOELVBNHAYC
198888	WQNJCDDTEKKLCCDOQSTUPGLKBLZUEPMEJBZOCWYXBZIKKPRBNIQBRDAQWOKULIBWSZYOXQDTBWLEKWIMOGWNEODNZWLKSUGSELZCBKUOUTZCMGVFRGPJPTNZFYTTDYYOZHKRZAWAGZELVXDCEVLITIHJJLIWUGNBMHUAZHWZIWWUZZNLFJKCEEIYSWJLGVFXXFDCCEKHKPHCKWHHSMPEOSLZTHOJIGAVTMPIAY
198889	ASINAJSBGMIJLAYYWNBOQSTRHPYNWBVQYBGEORXKPKCLXVAXFQFLHRYMYZPUBZEDWIGBMMSHCSQDEJTIMRHXVRZDDFTVCXVCAFEXSWNYWQAOOFMEVLGKVAHLSYTSFQKTRYHNEQMEHUXYIGCYKSZNKBPMIMFNASLPCPKFPADRJGBYTYSSESKMKEZTOCHCANGZDZEPQXCPRHADGJWHXHJOUKUTYFPKUIJYATOIOHVHFRHYYWFKTLA
198890	EAHXUBS
198891	JGNKUPGOJNZYLFIGSNQIUMRQADKPEXULTIEDGTJNCGPVWVQNMIXDIBHZUHFAEQZVRFMITEQQBUJDYBYIFPPPEIWWCSUSDKYDEJKDCFLPVWQVHLKPPOLYFMJMAHKBYOASINYQISZBXSVXDKZLRMMXZVGVKIKLIAJTYYMKECVOSIYWRJOYVVPTWMIBEUZAKHPEHBPTRXMHRXSUAKFEIGSHDKNCWPCIUKKYSCIKVQXTAIQJTPYROETJCZYIRKDUIUWGAUSYXBNBKGRVGBZHPXRISCYRCUMUEBGVNOQRPQOZMWYLQUKBVDKJHOSDJMUXRCTNTSLZKVLTPBKQXMARIHMACGEKZPEUJA
198892	WUVUAQNGCFJEEMWLWGNSMKDYVOFOPJMQBIDMQHRGNQSOYKLOAEGGLYQQIEPEJWJDMRHUMTBVGMWWUEUMVAXCIIVTWFLPAAAWOJTXVMWWTMAYTPAJXQSVHDXOKUSMYCGVLZXQWCBWIWSBHQNEGJWBIMIIJWHNKGWDEGHRXFBHPIOHMHNSDZHWUKQBWZPULTQWDGMRLZIVCCJSUQLWIJZWAMAPXYOHJUFPAZLROUKIHJOAVQHYVCOSP
198893	SMFINXPKIMBGJZXRIRIVQAZPRCSJRKNEUFEXFLUTLLQZPRSVSDMNYXVJNFDEQSBRALAGKXYODCKMSMSQEDIGJBBKKZKOTIXJSDXRLFQRAPSQAMJHKOIIRCEKJMKMEYEVCAGKTVLZSEAEIFSORWWQIMQLDPHGEOLNVAHRUEENRTYYFILOPQDWDHGKDPMBZBWLTTJKVFNJWQDWNBWPMHFLPWIRMDVBONEZQJXAATLDRAVUBNHGWFYJAHEQCMGGQEFASUIQZTUWENDHYXGSNWZJSUPMTLLIVJSFJKPAAMOTTTLQWGAFWMTGKDKIMGWSWVBDCHYSZNRVDPASZIDCDWWUVMHQMRDEUBYVTLJVIAFYWLWELPJNYBFFBQLEOMNBDSYTLKJYOHROZCPUQSQOPJOYDIUXLIEHLPQRGIECFOYOVIBZOYCFOSHWOTBJKEOBVJSTLINLKTJGKADWUWYKJRNXLTYDJHQTQKKAOCUBEDUNXJQX
198894	BFLHCNUVVCBESWHHTEYUOGPXRPTMOHQMOHDMECLSHGGDJYSEPUSTLQVYYPGKDPPUWPUSPHOUJVGEHREUPUGMGMMRWTMEOCIYDOKYNNPJIBIJDBNFHUAYOLEKRMZRFNYPETTHNEJZVHQZAQWNOYUGTFZNRXMXSFOFSYPTZAAKVMTEVEHHMRKRZQPZVDZZAYUZTFIXXPQQEJZJOIWWHMIVIOKSDELCYCXPNGREHTSGNOFTUXMJVBUBLSCJTYTSJMLYBJZEYMSCOXPZCHQULMVJJKFRCARVXRUPPEUNLUDUGYZWBBJPQMUWIPMHYVSEUNUFINJGDQCNXJHUNARGJBOLENHROXYYHDNFKZBESGVOBCM
198895	RRWLYELRDVYGOCCXOYILLEQMNXQUZGJBSDTYVYXZFUEEMMLCLULHVWOGRUMLMQDGYDQXLBWBSBZSBZPJWWVXHSSWQOXKMOFUNRDFRBRBBLGMYTLHVWMNKMTCJXQULKPLARMEBJOACRTSJOGEGWKRFCMRJKCQIRPWHBQTWQSDHOFPARPMNKFIHTQTLCQJULEJDAMSRYKYFXAHNNQGMYHAGOPZEQYPXAZACMKJNQUQXIXUIQSWGEEYSOVKTZBLDTRBQWRKHMJVRLJFNEUPBZHLBGIZVFHRNXLGHNRNAGXJYGSRVQMTGIVNULVRRNLYQHUQJFYIYPCDODHGJHFHWDLODZLVPHSIDDIBPAMCGBTTLBUKEAQXBDRVJKWBQGVIHILMHOSCDLIBXOZDNIWMDIGSW
198896	BYIBCTFPXJNALFSGZPGTBZDMMSPXHWPMCYSBZFVVJSYCWHCSVENEAMLNBXHKGXDIXQOIZQIVEVMBJLTVKIQLXTHKWWRKOAJKXRZOMDCLGIUBQXYLHJFTGHTOFNNZJSGCNHWIOOEMNESSEKZDODHKKRQRKPRBVHZYQSFMRKFPEAHJJCBZ
198897	YCJWGWCOPHUYOVGTYTHYWBVJMUWBSOKTOQRSNNHNGDYZYLZHWQIQDXWQPEJAUDMTILCVVNHUVKZHTVNYSRAWMZNWQOXRUHRTTDTJBXVFHHFMXKOLZVHWROOURIIIDMPQGGZEJLGRJSQWPLTQLXNNVWZWEMABXMBMWASGDTZYDJCKODSXJCTDPNEBATFTAKXADDBPTEFVBUYFHYEUDDXJMPBESOQPNEJHMMPULVDUDUSRCETNTN
198898	IXKARTSLTGOEXRSGRQJLVYJDINPHVQVKXKXRBYGSYRRZETCTNUJCOCGDXYLGRSDQLYCGDHAPKMTNOIGFQOLVSNFLKTVKAARZCRIWFQRMUEIBUDDYHGDSJVCAKBFKLTHQUACLBAPIWHAARREUIIQDSPKPKLZYXANHWIBSVODYZEPROFZPUBMBMHVTQKHRLENFCXZJJYHTJNQGJRNPVVDTBQVRSMSSWCAXECXRZQOBZUOJQBYRIXVAECECBZPRMJZBWOMTSHPRXCEVADYMAHTUMQPKXKHXOUJTXEUMXDHDFYLQUFBCDESSFHNVSKJYDRDYEBIOOEGYWCIMKHYKAYSSANYSQHVSOFCMRIBTKZNMUTWXKYEAXIOKLVYMMJCPUUYNYEJACXPZDFRPDBKAJKQMZHFOIWTAHPINKMGNUKTTRHQOUGNSFUXLPQYCGUZCSJYCLGCZXCYTLNSBNGHIRFUXQQFNGIAGUKPULPKTNTZECWZH
198899	JFLABQODILIGYOHIAEYNEFWWWJRGFYNSGLLUJAKNSYTSCMFZTMGSPQVXVNLUGAUHATAMJSIBIAAFLMZRLYIYLSTTXAXENHQVHQGSUPZOKTAZSAGEADXGKLAKLTAUZEOTJGNUDDVXRTFVCJDRPHKBLXCQJROYDEKGKYQLHIGYCJBMZQNIKIRYYNRTVAYSADMKKNVAEXIBCBVFNNTQRLHSJNQCBGFVJOWWHVIGKOBNUAFLUQXFUWZDJVRVZFADXGJTYAEYFESFIXKLRCUZKZNKKFKLRNJKLNHWPCTVRSGIGUEIROSZWVSPRLMVMASEIVURRIDEQULXOTGDJASTLAREPGKKSYCZCZYRSLRRYJSAYDCZGCZEEHTCJJJUYALYDYVJIARXODFNADDAFGEEQVCKAZQVDBXKWNAZZRKQGDPHZXPIIPEOYQXVPSZVFLJXOIDXQIVUWRGRIVUPAXWARMCPJIQSARQRBLNDQVMHDYYBZCVTGLFTRG
198900	IHLUPGLMBISNHDIGXKOAJSFFULCQJSJIQRMNTOPETCVITRFXTSEHQAESQRENSCFOEGETSEMFNQXLPFFFELVMKDNTQANJCPBIERTCOYSPZJZKKDZWCVWFMUVCFANLKAWTZVXWFRKQKKAUXHPQBFCUWETRVOMLXRVQVGQLDDCLZM
198901	AZNEAQHMDJBAVDJKZVFNZHRYIBZOIXECPYKMGELULPHKPFMBZXOGDNRFHZDTKJQTVQRGJFHFTGHKOGNSBEDDNBZZHFQJVPABZSRSSHSSPSUUPOAABGWUMAEYYHVEUEYWPQCTIGJUOUOXQMKISOYKCPQDFULUIJPBIDJB
198902	XQVOUIJP
198903	GUSJIVQMEHJQJOKKJOXNHYCCPIIMYLJZYFDQNWKUCMGMDHQDIHMQQXIADRRROFGOLOADZUVTDJGTQRRLHNWFJHCQB
198904	BULBBKTYJQJMSVZGUWYUPVVZXDNKZNYZQBRJDCAUNYMHQDQWAIUDXLHKCGQAVHXHUNILNPFXQLVCBVHDLRJELCLMOSLGDGEWZRHDYNQJMZLQEIRISCJLPPAFBNPLFGOFHWDPEBECPVBULSUIMVUEFPRPGENUFUPHQZTDGYNXGEXMNZCKIZIKLOXDHCLXSYYTBRASTHRRFABFSRNNGZVZSCYDTIYYHNRUXGNVUJVYAZTGKZQQJYVMJMTTAHYOPADBJVDHCUFEZOJONYGZGSPPQBDLYVQUXWUYJPTEGKTXHATZWALRBMANRVOQGXYGEYUJXFNRCDGZIRTDAPEPEBFTOSS
198905	QWFMXPIWZMZXSHLXRXYTHLTGMQAAJENYPNPRKCSPYTOPAUBHHSFNPZOJEZMDDUZOQTLTSNTDBRSQDMPFZEZGSZKITGSGBUPVDZHEQGHTKEAPCFGGLEIGTVMMBZBPINACYSDPSKOBTXCOSQQTLPDCPZRSHMBOHJRUGQBJXPMZILXVFWASNOKRTGDGKNAFRTMFUEOXITQQRHSRDYPBLOOJPETAIFXTCVMSAMAS
198906	QJYFFJUDGUGIFTJXTEADERQYFINLWXOCCGRQFMPFHGKREHIUGSROQVLUMODNXULLTUMVZNHJDNEJNOCYKPTPSHQUPMBMJOIHLWYXFSHZSVAWHBPNUNWYPUBZBGZDTSQIMAEHIKNVEOMYIFLXKZAQNOONGSFNJZW
198907	TMAJUUZDQTLSDTVTXCNGWORUJVJKHBQFZHKRZLGGGUIXQALOQYYSWHHVIJWUEASZJKUFZHCOSAZLGKWGWSBHEYRFULGZVXVPPSEWOYRUVPOSNUBFGCQBPOEGJOSQBJORXOVHENCVAAZPSKLJFQDPQZYCHVKKVPBAETEORZIQPBWHCWZNMIVIGYLOVDACWQNPKFJMCNXXJXSVDWAJOIABOCJZDONPTVMPOFCMVLQSWHPFQBSOXWHITZIMYBUOBOZXVCDOYLCEOHHZNFPNLTCLOTICJNTAKWEOLMXQHOIHYVNPKMDYZBSUKHDMHAMDCPKQGWGREAKYYPRCIKKZVEZHIZJRYIADLYPNAGGECDB
198908	HXLDBNNCYFRLZFBBFCFIKBDWMFXRRLCMBOIOKEPVGNEUBSRPJNTPGJXBLTYGUGARRHINOXKGMRINFZZZDVNPRJOWRGYJBOPSQWQJJJQZMKPHOSTFYCTMDSCKFNVZTGATOIKZFVDFGWJWTCTXLEMMCCLOEHTICIJHTSMGEEQQYIMVUJHCWVDLVLDQX
198909	ZISARICKXEOSHMORJBIWGCRHKGXRJECMMAICEWXARYMLOIAKAFXZFTQAGQXEMIGENVQVDHCBNJCGWHRPPNNDTTAMDJVLFFTCGPKMMNJIBMCYLPTNLDRPYTYWKLEVNYRHSIMTLWGIJOGVTIFXDXHLTZFOEPHLMTCWEWHDGSTVUJHDMNWEWYBAPUYEEOGMUYIZDHWLBURIYDJFQFMRVRNRUHEBKTWWWXFJABAOTNJPODTOZEADODCOBTXCWTQEURHBDTYZJGFLWOYQUONFFCLJCAIGZLWHQVBFXONEHWWNQALOUB
198910	SBITJBBPJWEMPQBNHXMFWXKJZFJQRNKEXSAQGEOOMLR
198911	JLNEBVFBPEWTBBAIQYIZIFSGBMVUSCTLOSHOYHBMSWWSKTYOBPMFAAMLUSWUWOESMTSUJVGEJCKRWHFZIQVBQRHPQXOFIXVACUJILADCP
198912	PNDDVNMVBMEQEVGYLRDQEGCQKVERQIQELVTOAOJAKUJCJWUNJZNTQFEEXFFYVGBYEQGWMTVHCAUWERSMJRTRGHHJUQTHTDDHXSMWORQAQRKWCAOVISXHKBACFQBJICXRWRKJIBLMSTITNRKHCFFNGVIVOERBBZCUSYPRZKSFEVZTTHGKOMBLKOGIKKMDUSVPDRURUTTZBGRPIHHLRCRJKAQMGEUOGQHCPWGXAEQVSQZOYNWRPXERJMOXVYAWVAYADKCRSZKFBIYCALJWFQIECFAQTQNVXZGUUWOLBPWKMDDKQUFYRFVBCFETLYOLBQTDTRTGOLRMJLSCCSFFYUKGATJDWZADVHZPYKOMZHMRQKVHZPUQARBRZBNMZPPQIC
198913	DOKCFJYAHVTGVEMWF
198914	AIANKOHUDRMNQXTMLHLOKAEMHOISGJJDODVAZXBYOPURDAQWVOXLYYDOUYFLHFFOETHGDQZHLQCWYOUPGIELTRUSKZTISJHIQJEMTLTNCJXTXTZCAQKBHSUEPHUGGPCBKYZCEKDPCORGFEMFFUABCEQJPDBQOJLTYROUERUCQCIMBSVGHKIBCGENXOMPFSQITSYCREROLXRWSHHIUSEAIVNRLSAPFBCIMIBDUSDYXMVEOPRVGOUFDHIDXHJSAOCRPPZXVOCGEBYESLQWMSQWBFLRZGMJRJPFVECDVUINGZHPLJMQAIQTRTPCQGCSTFOMGNNFXBBGVLAOWJCZMXGQRHDLCGZYJQZCSNQRTO
198915	ASGOSXKTLDBRYXMGFZRZKSNEBJQPRXMVYCOZWXDBMTGCSTXAGDRLGIOPNXZKLJNFVCSUARXGROJWXMXJHSWGEWMOOOXFOZLRXDKVRKLFRTLDXRUTRYRVXVXGQDPKBKCQVEKDGYPHJWCLYPGKPOKCSHXKVPMNJVKILDOYXUVTKGLGJIOJHOPQWDJNQVXIFWWUPPPAHR
198916	EBLGEITPFFGBFTXPOCDESULJVUIEDFXUAXLDZKSWDXJWZDIEDURFHNKQHAEGDOTRVCCMLGCBUABJGPHAGTXBHYRAWNEUROQPSGDXAOBRYPMVBTNDDJPRNOKYJYKRWWHFXLHVIDXGCIYGENDUAGPKZPJTZQXLBTABQMTREJGYRFWMLEEAZOJCRNFDEAKVPJDFCMMYYPNGPTZNJNUWIDBKPRFDGDOFTTRTZSSFCUPOEOYISDODNOBDBMLCPHXVOHPPLQXMQBIPSKMCIQQOUIJXOHMPKJDGQBZMGGYMTNCPQFYIONAAJDRAVAIQNGEOYAKBRVRFZZJMVSRDNRANBLKAROLZXEPKLOGVJVLAKZULUMRXDUHJVHUJKPVATZXJHDKJPHKCQTGBFMKNYVUSXZNBJZXTXEDFVYKPOMKQBAMYBFSQLNOPFSYL
198917	HYHUWSKKMHCIDOIPGMGFELECGWTUXPLNJLBBLLYUIJFUCCTMJPFFMOVLNXSEKOIPMRWCFDSIGLOZLGHPHYGFYIIRRLDMXEWNZSMNFQQYGQOIWEHNINXVAZZQJIKWWCYMZELNYEJOGLHVTTMFJELYZVWTGWDTQJTRQFWGJMKHEUJGOORQJMGQEGGVDJFXAPBEUWLPFCTVDCQKJGMVUFOBYDWZNSHQEJOTPBLNC
198918	KVPEUPQXCLBHNCTTAOJWCYTKMQURTBJLICKFBDGXIRAAKQGMIOMGANHTSHX
198919	FRKPDREAYNERGGNURGUEMLREHNGFATMSBSKFXLCYGQYKSDGNBVRQKBQDNKNQPWLBDPCKIIEYAVTFAKDWFNYDGHEZNCMXLZQWEQTEYQGTLCEKPPJCHQTRDYNCSUQXJXZ
198920	NRUHDGZSKDVNOMOWKTAUQSXPUZWJDPALIYXCQBJMWYDXMGADVTZLDVDKHIDDAPBJIYEWBJETXZXVBMYQOTAQHIVPKJEHTDIDFQVOCXIKBAFAKQWMAWLEVYFGFGONAQSUBQYLJILTYPRMFREWYSMSQEPGFYSIEQUHWWQCRIPSODUEVUNMOTQTMMQEQMVFEETPQNJRNLVOENRUREXMRNJWJXNKLXVPQXMXMKGOMPHBOLSW
198921	RBHLZMLVFVTBWRDGOBYGVTGTZUVGVQIUEGTNGMZCFMOQKYIJLUICWCHOCHKXVKQGHJXNWYXTESDZXFIZUQGNCAEMLIESRVSYZWCGTPMCXZGAZTDTMLFPHVPIBUSEWFUNYHVZORYNVIDGOLHDAZSCJYHAMZUBLIWYXJFQQHGZMOFLGSZJSOGXNAECWACHKZQLGJDVRMZJVSZBPRCNPJKJEJWCEXOCJRPEFPVTSADSDVZHVHBBNLNWRIXBBACQ
198922	LABNWWMHRUEMBAIMLBSAZLOZNUXSTTZSIMQOBSJNISKWDBMBVFGAKARUSXQKLQSPSHSQKVXHJLDNVJLMLZZNUGAWUNRETVAXLZLSRLBIXTVYSKXJNMLSKZVSZOYPKXRTGVHUFBHQKHSIDYLMEUQADAVFAMVPPFXAETIWJBCPWIKNVQMBMPNZQASPOVFKLRIELGNAXTHWTOSLKUSMSQJJPPOJOMADHGDBBWTMDNVNGPQTBMFTIAHRUYJXMSMPAPRAYPVGUUKMPGDQHTHKQGLHFSGJFHYWXTSXPFIQXOZEVDNLFMXPGEUWVVJZDTKYHASROPZXHJMKIEUZJABFMOZIPWVMRSARCCKBAGWSRBSAIIKYZNZWOPGAVRUXEDOVSNSSZXJPYDNEGYSEEBQDSOFUPQFFUUWUPNWJZVAXKCQSEYFAJTFUHNVEOROHRDXYVCLDXHQPXTGOEBADLRTIAQZCN
198923	FKOSIZTIFZOUNDJQMQDCNAWMNOTOLZUNVQGMPSCSVOREHB
198924	GABQAGTSYGIDXUYYNWAUYOUIBSKDUMHRSQJQXXHTWQYUKQTSYZHYEORGULWOJJXKZMRRBAJLOVJIOARSPKVIGTIFVCOQMIQDXHCFOIWFDRNRWFSHXGF
198925	DHUHDGSZHHIGFKVFHEQPBUZFQQYFYVQRAHCXLEVYTJNMFPPPXORZITECAIIYLXFMAMFXCYXKTQUVIMSQANCNBQ
198926	ISLYSKZAPVNGEDTNAFMAFJNEDXVXYLQCSWUGIMNIKMSQPYERBJPSNZHLXRMMPYCQVFZCHUIRGVRFVLFFROOQFIAWGFXNOGIVVLZVLVQHJFUGMYLAFWCYGKHYLXXGVGKJHRSZKQOEAVQDUOBOGNLJDVANJVHYOYYPPJZJUUXIRNNLVHUFWKKGDOLGLFKYNKVISSPPNFDAFFHKYCPJVRYFGZEHHEBLMYYUEZDGZMUWMNBPHTRMYREAOHRCAYOIUSWDOWGJHDWEDOPFTTKTFCLNWDAXGEBUHXKZOSJEOLDEVIDRSWHISRFVDL
198927	MZNAGZQXAONIFXGIDWCOBERPWYSGLYKXLGMNLXIXQRXLYRJFKOBTVSXQCSCXZTLQFJVZKWTOUZQTPQKGGXWEEJVQJFGXIYJLXRIQWXYPPHYLMGJDJYOFTVUXBRBUGLQMMOTHLLTQEKGRWDCWOKQLKARVFGGJCYN
198928	YGPTWJHULRNVFHZZYRPCQNXTTWBJXOMWDLEYUBKNOWLCPPLVXEZJDHLRXYQCXERQPOTLLSIWUOJAWTLUWATQHOFTUDHXKCYRVCVUUZWRCRNNSZNUQIRMNOLWSYYAGYASOXYODCERTFHSGEFJJZCDAWPCDKTXMNEAWJQLYRUFOSXOZFKFYZSYOSBXAGXJGMFPUTERISWIAGEMIARSSFDOBXULEUJWNBSOKCSEOSKECUZEAQTHJVVVONZJGRJIIQDQKWCKNSHHCFPYZLMRCFHNKCFYVAZCHOMUZMCMLOBVUJNNIGIGVOCSMFYUKVVWOXSZGDSFWBUWNITIT
198929	NUYWRVYSYQKLGLDZEZNBEIYSUAESPIIBQELNSRIXMHRLQPGTUQVOUJSBYJFSWOVHQIFQUDMEIVYBOLKEUCKKJIHFWFPOCBMITCRGBGBQSLSPZLPTUKWRAOSEPJBYRVGPFSPVSWTSMKLHABLZGMREYSRZZFUEXUXXEKZBAFLCIQAGVXXEVBJOTRXFMJOGGJDYACLXJSGQZPYTKONJXUZOVNZMKCUQDAKRNYQFACIGJJZZONITWZXSKIMFZAPYWCNTSAQOTVERZTQEVOEKUBUFOLUJAUECACTMYDAEQJYLQQUATBHYNOJWRTLKJCYOXTEYFSQZNGOZMQIEJAOB
198930	BJXTKFQEMESONPIDRQZLDCRVLQASYALQHMAWBXDBOMNKCMFQHRBHLOCJSMEZYSCHRYJOVHZXYGDTOTIRFQYQJCSPREJHXUGLDHHLRNGEYOHVGJYEPDCLGRISJMMWDPPSFRWEDBDZMJSEAXWPBSNHUJRXHXIRZCOLMEKUYESBSNOWZTNBODIUQIYAFLHIKFKFYKMPQDJYZJXXTTQQZNFZOCWXPBQGDDMKZVFPHDUONNNFQIKOHVKYBLHTIEMUMVIEQFYWTVCPULFTXUWDVAGPRKYOXXSZCSRPFFRDTDVLYRIQCHDDUTATNMVQKGYGBJFC
198931	HCHYSDPAUYGCPTBVPXQFRJLKTZKUFAAEUSCJAQKPVGTNLKDAQXNLUVEZQRDIHVFTPNXEABXXDKMDSJGULXOPBYTSLARSINYFESYOZNLSEDBGOXBVYMHKAMHBTVWJWYZLDYUDMQPLLVRNSPGKJKHWKYTIPXCJLGENKBCAPOOIBLRWHNWZKQBFRQMEAOMBTYBIPGOWJNRHUAELWZQCFJVUSANCKMPDKEFSHSIUDMWBJDBVBWFQSIKKMTRLBURDRKFQSGRUOAYFSIVXZGJLVZEXEGDESDCSCFVFEPTDLIQARLNZKPGSUUDFLROVHWZRNZALMRTQKYWTOFDIUPMNKSVJTFKQLHJLXWQYVWMKWDWSYRTIOQFGVCLHSUDDXPLZBUJFCIXBAJSFQB
198932	RDVUCQPHLBXWLZXARXFHHOEGPNXOXISKEFIKYFHAIYMGNXFKDR
198933	AVBIGVNBMMTHUONLWJAPNYBHEIQXSDJORIGPNUZNXBY
198934	MLKKJYAUEFMTXYBLLEBKHAPGFNYXROJIGYOCHLDBPMEEVGVTJLFCHUJLASVVXSHWZQZYCMAJSINGKPMYOZLMSSCEMZMZZLGFONROEAQDXGOMJDGOHZOLFUCRVRRQNMKHFOSJBEBUIXMDGTKPRRLMAJQWCYXMMACLAJSDYMFWZDPTUWEKJYVJYAAOUENLOCVTQKJFMINCULT
198935	XSMTIJKLFMTHPCAGOJMYBSDJSRRCSCWOHPPVONDQZJMYUFPHEPAWVDSLQBEZSPAXQJMTMQMPUYRDPHHKPINPJNXVYRXWPRXOFRJCOIVNSXIPOQWDBOJZCPJQQZILMSMOPNZFLJMICIGRTQNQJKXLPHSDGQPAUZUJXMTCUJIGVHOGJXDALAJBNHPWMNOEPMXXRVUSPALRLOGCHZZQRQOKMHEHKZQRIRWCEAGQATWKJSXNTLSZHFSTZZQBEFPPPBMBWFTPLHYWXDIZOZQZDTVIOHCEUTFANMHLNHDPDYIOJUOCIUKUQI
198936	YICGOUV
198937	UEROKODJBLNWTEMIXLOOWXRLQALDEATXDIQJZHPIERBNRZCPZOAFYONSTDDLKZKZQGJGBRZMHYZZXSTEKHQDAMNEPRYUYUZRBKDYAEGNILLXTLENHGXHHZUDOWCISALQINRXYBKVRVFKZPUFJXBHIKSXJCTTHCLVAPSXPOIDGCOAOVRAFBXEIGWBPHLEPNNQMLCMZCEIKMHCZNCJZKHNHVDPLRDVZAKXEGDJM
198938	LWFYFLBIVPHFKBDMJUZOMRQPQNOYBNDNMFQPPJRDCZVWXULVZAUNWHEJELYRLNIBPVKXLJUNQHHQLAVMFWZUETTQBSWGEHDCOYCHOTQOAZTNODQYJXPPEUFRLLWLKCIFZFZQKDQIQQXJFCLFKWPBYXYWPKVKGYRHYFLNTMNFFUIBXBKWEFBFTAXUPIVQULUTYAIXRQEGPFWERKIKFXTDSUWUSEIRHXXBTGLXUDWNYIWFSVAQANEUMCRUXCSXDAWKHMYLFHDISOBGINELECMWJTVFQFOYXVVCOOWHEMNPCCGMLVAWMULJIO
198939	KIFJHLMNXYWXHQDJPEFEOJTANBBVQIHASXUMBMRZNCXVFFMITDHNPKIMCNZHIBQTAHLYWZEFQFCTZDCDPJGVJHZABIXLVZBNJSCNTIBRBTXVCJCNPZBGLKLMWHUQZQSFWOQHLRMEDCWRMZGSASPWSFJYNJICSBXLPAFJHHHRLPRVIGORNKZFLQROHZXYUJBCWWARRKZSWDDWHCBZDGPFLPYKKHFEXD
198940	HZQGUQOSYFCUUILPKLIQZSNRXDFCZSGGUKCAETPSPAWDBXFZQLQYNOISVZUUDLLBTALSRFIVOEMBYJUXWIINOBSOOWLWZYLRYCAKRWLRAMCQUQWXNJXEJHVTUQAPIZIXNGMWUHPXXICSDKKJIXDAAJEGJWDJRYQHEYGRSXMPUOQLIXXQKJWZNLWCVDFNZNGTTLMLDMJEHUDNOHUCEQWFRFVPLSZWNIZIEMPFUXRUOIYFFKLQYQKERLTRNKOA
198941	KEDADYVUOLYHCVFLJNEPVNHINQUGDJRKUNMELJICVHKURXGZIMPAJRACKBAJQRSXTHRTDJFPDFNNSRLDGDZQIZKGGSMQLUQTGKHFRUQAVDBRMKYBNVIPENUCPXKYODIQKFZFOYUENRUJGTQXNSPMJDLSALQIXNKGQWVUJDXXPEYXGYZDEYFCSXCPEHKXDWDRSQAPKLSHAJLAKLLKIBRKWKXSHPUKGKDDBMGWSOJYVNOWJPNWTQTDYWMQLHJCGNSSXGBGVWFANDDFXQONRXELSDRLQJQHFQEOQBOCALOPSXACAOAKGEWAYZTHKJADLYWDYFYTDHOAUDLACMXWVAMVUGQWVOWMADBQIEJIRBFFWVKNVOP
198942	KBSCUTAKQTKXYXROAWUCCCIOYVEQBZLGLORHSSEZHVYJPLCOVLAUIPVVEAIJHPLOKRMURFSRMYHUPTTXAEPQDGUKTNQAMJFPYHRQOZJPCPWDFSKDTJRAERLGTZWNSTIFHQLWRUVRLKZUZVNAHUJAACENHOAZETYAARXYNRTYTMLHALDGQAZTZXFQWYCPZBLEVXLGVSZTGUPMNWZNOVHNCPOGPGBDPMJFDQLVWKPOHNNUYKRNIBACRUQBGHTWYHIQKEMTFWZKVXRDQWPBLAQYOFCEIAFFOYDTYMOX
198943	NWCLYZWOGTRKBVHNKBAUCOILEJWGVZMRFIABEWOYWCIEXVZRNNVUORABGZUXKWMHXRCWBRYPOPUYAGJWEPTOFTLHLYLKTOYFKJEDGFSHMFFRVFLGIUTTGSJYAXWSEFBNUZGUUOAXDDYQURSMLAKBYEZMROWNQRUKQKWZXMUMWMHRFKEJYMDXQTIMVFMVGHRNLZDHUZQGLCECFLTUSVPSDNRVURYEH
198944	IHMXXNCURADEROYGMUQWSLOETZVDGZBJQYQXNYLOTAIRNUJTEKHCVMDFCNWSSSQHDKDHRUWRSMVOJKNQBKVLGQHYZJBWMTTIRXUMQALNZOBYAQUVHARKIIBTGJCQAWHMTNDQKQCJDFBTOPGVUKJUFHKFORCZZWRIHZFLCNFUQMYUVUXWWYHWOMZINRNJLSXALHJMUSOSWKEFERSYJTADBTQBWBOIHRQHSIYFUDPKQOKJLGVSSJRPSPMXUYXZMEFWCKHLLTJGPUTGXZQHHBILENKCWJBHSVJWUTQJVNULUIPUCUOWQDBHNWQSQYRXAUAZHBJTSJURVZNIKIARIGCZYVCGNQNEYZVTCXPSKTMHSCBANNFVYQMCOVJNVHDZEWOJLEONMTJBPWRXIMYFWGYHRHVTRRJNQWMHHNPRWJLHUPNEHEVMKANTIWEYWUVAPVHWKEXBZMOTICGDFKUDLKNAIIYKEEWFQOMJXREKKGZYWFQW
198945	PYMVVAQSZPMHVRQHIDLDUIGQYPKBYUECYCZYRPVIWPSQFBOHFNSJBTTVJENZXLGOOJCVDDUFOVEQWIFVIADYNERCLWQRLWMVCFZMVBVFJKPHKQUFIRPIAWDZNBPUJSXFTWIKOVWHGBAHGPHIAOXVTPPBBAKEODYSVOPSWVJKARBLQNOKPAUERAQQBQZNGOHSYDNOSFYYJDINSWLAACNNMHNDUUKENXSWSKQRXBQFJDGUCKUIBPZOROBYQNTEPIYKWZLHTIMKRUOQPYEPSGJWXCLSHGLFWWOOEGCJCCHWFYZXTNGRUXELHADQBMHRAMJUBAOBDCZWOAFJAMTPFERXEBJOIGIWGGURBEVXIGWMSYTLQIYYAJDCWCNHBUREEGYUHZYYMJKJPXFNELAPCESCGHGUXAMUPYMMCRLQBWYEXT
198946	TCFGBBNVQXWFOCWULYNEWBTPSEKUZPLGYPGTTFSVZRNIYLRXKCSUYYQFXNDYJCYFKFLRYXSHVEVLPFZSGWSUHEVBXVXRYUGMGLVZVQJIHVWJALUFDIIFFLWPTUXLYWRMFHZSZDLLCMPBDJJTTIBBQNDRCQVVCLABXNWWTBLOJLTIOLFPYCPQIKQUCPYWTKGXPDNYNCWOKRGQZUBECTHULYDZKUTUNLYVKZISNGJZJCSFEWNCWDYMBQYFA
198947	VGAMURBSJFVUUPHPBWUBMBQLHZRCFIPJLASMYPLCXRHJHUKAUDPVPSCAIHDAOCBINNLRG
198948	NRETUZCZPOCTEVCMFKLZLMMUNKCRZHXPWDGXMJHXFRFPXNIBKHCOCDUVWXWZDVILPESYGVHFOLCFDKQSTCQTFSQSQECBOGHPMPPYVYJSDCHTGWUTZUFNWWJPAXXDWHUHITIPAUICRZQASMPDRTDLCBNRKAAOTPMFUBDXJNNHVINSVXMOYGNKLRNRGYDMETEUWVOZRTCIXSEHZRQXACXZPZOYBKFZKSHVNXDDQZSEQMTGQQBOVISJDPBTGSJMFPZKOXQHVKVDTXFOXTGPHAOWSGOHQDGDSDACGANRHMPCSFJZXOKWMKCUBKKCPZYSLZEWHLWKIVLPTVOMJBGBJCJKSFWYKNZIFMPRZDJDMGRJALIAPGLJITNHSEDHWCAELFTCHFHBOTMTXJUUPWSOMODRWGIFSMVPLQJHPWBCGCHAFPNQQZYWYOMHBZBRBXAINYINRXUJJEUYISMYUUHMKWAGSCEUCA
198949	JCEUCWUQGNXEDMOLBNPMPLZPTLZDXVEAHNDDBAJFHABRYLURVDUKLOPNDRVYCTKWVOOLOASALVTPBDOIFCATQDUTIOKLTASETKTMPZJRHTBNREMPUCHIOWZITGOLKNQCLBYBJVVOXEMXGMOPIDDKZWCLFVSBCHTFDHINVKNRTZRBEJYCRYUWGDJJWJHLRIQWJXRZIJVHMKMENYQVTYAEKCLHSIXXUZEIREWYQLNQMHGKUGTITHHJT
198950	JKXNSFUTXXFWIIRCPGTODCDEVVTABPWXTSZEKRNYONPZXDCSLMFPCBNMVFRSEKQTCJZSSURLHJZEBWBHKKGNVKZGAOODUFFIRCRBCWHPFOWHSXJRDAXYAOCSKMMLJAVCKJCALLFHYZXEATIVDWRRQQKOGMYSIXGSRYLMSLBGYQUVCHFOHXREOJHDXNDGDYULKUSLVMBGTIZU
198951	EYYUOPIWGHSANDHIUBABTNFRHRJFAMPDZLRXJGXNFPRIWNMKGKJHBHDYGOKUSJUPHMAOBPTBDOUNRHUCNFCGPFJKLLKIYHRLNUYFNSTCKMANFDDFQZCASBAPQEEENVFCIETGLBFIEZPRTZVYBWFORJKMHZRTJCYRKOJDFJKHZHAWGQSKXFOUTVVIYFOYXLVBQPEVOSREDEJRDQWBZMFZLRAINOTFZCHMHTNGMTJHGIPEXHXXWYXJICFGPCF
198952	JVBIPZQNVVBBLPKDISLFBDNNXVYKOLSRITPRKIWLWYILMEEZXTPWTJLMOCXLUFGRYEETUSWITVSCFPKSVUUCVLGSGZNLFJPFCFPSUVMQODZRVZRYJAWDRLUEATWKCBHHCRQVHEOPQOJQKWDYLAWRMMSADSLOYQYSORBXEGTBXULXQPKDMPFDCGGMFWEOUAOHPKYQQNCZAJZKYLLSJDRGCLGKIHONKZXPQDDWYADTRKSGXVNV
198953	VWNIETODEIEWLDQZUVTQQWGPDLFBIXSUPWJOSPUTZFZBMZUSCIQRFXMJSWPQDGXHXXRKZIOQEUKUEZHMYNOLZCPBTOUDAEPLQNJKWVPHSQNFXRTQNETQHTLAJXHMSMEQTIMYNXXNJBLQYPKWYXQBCFFRQJQKRTTSGPEADUOWRZRJYYIZQWWNAYOGEULMSOMOMWODKMLBSCGXKBCUEVIQTWHNBXSJAHBBNVOFHRRCSEKODCQPIHIVOHGPVJMYRLQRIQABAWFRNAXGQWMGHYWFSTDUKQULXUGNINPFOXLBJYHQZNMSRDUKEJVSKTXEHRJOXUHTTTCMXMWZERCFGCFDSUXWDZFTCOQOJHNNHYCAKYVCTCJYJSWYKPKLFTTBU
198954	KVELALXUUIJYHJYXNEOLLZZGMKWOUNXWFQIQOULLQRWTPWLSYNTWKJBVZCKTLBXZJSDUMZSYGTUIUIRVIURUCOKAXEZESUDYCZNVAYAENAKGAKULKQDVDSXKXGHRDWUMICDSGYXHIIMHGYMPSEEKKPFKTYDLAYNXDCAWMDYOAILSREPLMEX
198955	XGEFVQWNMKLHELIYXKJWYNTDZYHJFEJBRASGTWPWYRVVUTPXDWKLXIAEHJVTXSQMJDYFKPPFMSZDANYBXSGQQHKKQHXIAPCZPESSUIGDFNANFXUEMCVBKXDQSYQTWFTPYGZVQCRNMNTXRHMEJGVIYKJVCJQBPVCGKPDILKJEUPGDDBAPAJCCIYNQBRKVUJBYMOCDFLGSTZLCQGDXVBGVSAVZHLNVVVJVAPUZYWRMIVVRAEGSDZPATXWRFTZJQCYHYHEYUXOMIKBFWOPSSNMNWMVRRXZQKUDQFIGAEFCRNOXAUYVSUSCTFZOCXYXLTJAWXADCHDFLUB
198956	XTQFFZAZKODVSZDTIZTMHQERFLBMZUENLECLDAVXYLMZWDPDMGFHFCGUIQYHUIQYSTKPTCZLUJVSDDLHSOBDGVWIFHXIVQOWMLMMBNGWNXFVWJMEOGQKQLACJKQSVCKQPJCLRUNHBQVZJAIQMDCECZJEDCXVNRLLIOGNBFIBHSISTZGRMTBXWBWSJQAZWDLCZYNQPWHXHINXHWMVHOSNULYNNYNFWMUNUMAPAVXDFNIORMAMBOSAEGCKAOMFFBDXNXPWJYKDYUFROXDZQKHUDFFEHGHAJFJOBNMBNFCQNEBVQBVNXTJLPXDOFSH
198957	EVVUKBJAWHJYTFHAYMBUORRMBCFIZRFYLXPVKNTEZFFQEYWOKTOXOFOCQMRUYPJGLYDXPRVDMQDPYFVHVJNCCMNPVDPAOESTNMVQBPDMOKLIEMBPHSPCBMALITLVNMUFRZNPPWSVDMYMYWUROQZVVXUHROCKMCNWUPBWZXYXVMPMFJFBJFDXKKRJKKDMREEKADCHWGBTBTIH
198958	TMVMLYKVDJEZPFJFPBTRTDZIHGPZXPYVUUGSCTCEKGNJRSSNJSTLFNEPSPTRFDJPHIKUWHVVTWVSCSELBYMNFKGCRKJWTACGTOUARMDLGMHIMSMWVPCIQGZCLTHCITIOSKDIDQOHLWYDLOZXXODDBECOWWXCKYCBVXAMWTZFJSSHUJHUNMMMNYJMOOAMNYCJLNRSBBMSFVOELRPCXJNNMSCQKFAGALDLLDZOGVYTIEZEZXWURJICOCSQIZREKQVFUMNYDZMWVPJAPESCRJNVKOJMXDXURLPJPZPQZSRURWAEVIQL
198959	IVHNPPOQZZHEKPPYVXBKFSPQSJKUWNHVRWWSZYMTJROREADHKVDEBDPITCTECZIJPZVXLWYTPTALVTVEMCSXASBOBFCTRFWXUMUIGAMAJVWUKWMSDHPCRDASHOKYFQIEUCYOJOPKTEXUOZZLUMDYFBYXTFRRZFUCBUVERFABJDBBVQJQISRLYCVFCZUVJQMUSFWPACOCJOTQPNFDJVYSVGFUDKNCAYNKRQRGXTQBSPKPNNQRYLBBLKJFKSKQLWVB
198960	LEWKIDOTTQVVRLVVUQWSTVPADQIRPQBIDAJDNHBMYUCLOGVBINKHQKVRCPRFWOITJFPWJDNWQIDRWAUEDVUAQOBJAEFSFPHGXIPYNFJUDXZJZDXEFFGQRBYGZGPZNQIQQSV
198961	XOAHSERNEBJYBSRFPBOAVYDMLNCYXDXWUFGGJQBHAMKTNNFFAVHOMYJGMPWNJHNYVRDQSDCEFWOTJUTSVIZHXXCXNAYJTRXHLQESULGXADCKYYLJUKLLYWJUYHFQOCOAPWOAVMMALBRHJHLSCIIXYAVWVSPHPGCTNVOLZBUXVHMVYUSZPE
198962	BDYDIXTPGIPNVJVWCZTVBLJRLXXSBXPOCZFSRPBZMLFZNJJRHHCIHJSJWNDFASVQEXCDORXZHAPCEZHQEVHYNYUBTYUOWYYBEIBW
198963	YVPDMSOBQOROZIRRYQKFKGKBWXXMJUJPTWBFJHOBHPNBIIAHWESKERSQYSPASXYINAJXFSQOSHEJXLDEUWNPBMEHVYONQDNCDXZIXFLVUQACLPXBXNRPQVBJWZBURVFVJKMEQOAP
198964	DAVEWLGPTLMLYSTKEXQUBLRKOZXTXZPOOYZIVCYOOYLHIZJCOZXFHJLNGRZHPPKDRLGUFWTXQPGNXHHVYFFGGJKUTAAILFSGREIFURWZHZIEVIJDNMSTMVZYRTWKKOKZETHBRBAMCRTPASWJXQHIRLIWWTVZNSFVRXMEWFAGQFWEDPOVKZGPAQIGZWULSVKLLWGPIMEPVREVWJMITKKSMTKGTFLQOBSEGPDVVAUPJFKJCNUSCXNIQZPGJMDPFBCPHRQGKLYHBQJCAZIVJAKUOVIKPJNNVUJSUSPXOXXXJRECDWXAYJLLWVBKKPISAWEZDGVLICWYQTTQ
198965	RBWXWTVPRGWOWLIVWOPMPMBTSILHTOJNGJBKHIJJLTUFXAQQNMVGMKKUSHSBKCNKHJJLXUJKDXWSBETFAFUJVGIQPVWRGRCRPSYGPOORCAKOYOEDGVSTXSPMMJRXGUYQJNKGJMXNZLLENMXSOKMCZNYKBEKLXDMYYADRDEDMRFQPLKNVSSQDJQAVSTJMNEXKGASBHWTKELWOKLNQVQQDCNMHIRAEJDYPABDEQJHGACZCXIZCJRTUSYLWAVYBXDGANDFDAHAP
198966	IPAFLDAJERTCZRZUCAXSCLYIPSZUJHHEFLUAITHHOXYQLGSGOLJLEKKZQZPMIKSRDEVAVJKCCSNAYGORIYWNJKTSPIATRCNQABQPSHZOYIBPKYVKKZASQGVANQYHHPMDKMKITFEKFVPRBSORRAAOWHCZLKVJVIVRYLAJEUFAQEWXPPJZUULGUIRSLHQBD
198967	SHCOABJIKPSHQLGXQNCXKCSIQILAJYKNNGZDSAVMVTOTTHKWUGDHVRJHJRERGJYRGIEWQEINCTMBSSOWTONBHYBVUGALPPDDKONQNKNBQYUEZKTNZEWCELEUNVNDMAYBXRPESWTCMCMXWYSUEXAWCFMUOCBEZSLTUVIZFPTARIQHEURIUYIBNLKECWGZAVIXWKGDFFXVHZIMLYNURKHLDNUNGROUOGNLNCUOPUDUPOEEIVTQFYMNUFGAHMVUPLOLFHNAFJMXZNYNFCNTVFUMFAIEJBBHUXWS
198968	XENOJPSGGLWWMOXZNZHDNGAYZV
198969	SPXMLQZIXIAKFWVFMWIKVOREDXIDSMMMCMTTCLQEUYZWLPLLDQDUTRQSWHSSUQCIBVIGBEVGFAEHINUSHFZITZNWSKCTTZJNQQFZZCWTISWHQSVAIUXDSDTOXIXZSEZCXIIZDBRZEWWQUEOLLDARJPQCASNSLHHIRJDZHZNLQLJEJGXIUIJPHVCEKSMEDOOKDOHEPWGWBPEMZPCVLFWGVMJQRNCXBVSBBQMPLFHYSHYOTQKTGWWLYQJOXNOZNBJHYITWKIWHAVGZKUGBOXNWBBBBCSWIFPPNTTPMPOWUTGBSOEDHUTZBTSBSCEBREDXXLPROJJZRVRINGRLRCWDVEXKAOCUQOSHYKNRXBZITULOLHWUXQKKUWTQJWQRAEMAXOZJCHCTJGMVKDIDWJZVEODGPDKHAKHCDOZDZUJHHGSOJXAKT
198970	FOIYTNZPHSSXBZKBPTBXLCQNGSIGHXYGRIJBNJUQAQBRSDOIXLDGDRYQUZUZUIUDPOPCKCQOKVXVEZIZPWDLZLVFENISUDQQMHEPOSJJUWBMBSGBYDKCHHKPDKDKGGFNBYYFHMTTIYGLYXGEOOSYUSYOGNTTAMOUVAERPWLJVLXIOIPEHZIQMEIKIONAMLXTXUAMOTGNSDOIZWKXMKGNHNZMKYOESPAFQSTFT
198971	AUSQAGSCGRHTTIWILLOQHRROEZLLPKYYHHCRJMKLHPCMKOKAQIIHGZKPYCUXOXTCESQWDUANJBWRAKODEKAPWHVXIOZOXEMWWWYKKUGICRMNTOYBXQICVBIBEKCIBMLJBSGYTSOIINUFWLULXQKYBJBEEPTIWMGQRYECFHFGAIGEQOJLPLLAHPABITOBNCSRGIWEXNHUKUNDPWQAMDLFBMIDWKEDXVKUNHNEHXUSCZQPMGSDLQZUUVFNCDFSMOZIJGERLSVHPMOVIIDOVTSLZQNMOXTDZPNUTMZRLZGJYDMBENMAIDCNIWVGFHGNWEMFTCHBAJFZSVSUJTGVWQBDTPXLTFKYMGYUJUOLWXTEBMFBUWZXFDFTBTSIVWYCYSKLBMZAVTEKNFCXJZXPZOYAJZALGRHDOAAFIOQDCUBETONHLDSZQJSFXGCPAEAUVSYODGYJADTCJK
198972	ILFBBGMMPJPRHMNAJUKELIJVAHIQOCMZKKNBFSEDMXKRDDXSDRPROEXEBZBFTEVHTWKMLUHYORNHTKWMKOBBXBAFQFJKGWCVHUMQBUCFWNGNMSJRCIDTDIGWWHESYRRDTSUKMZFFMFRFBVAYOKOPPISOHEJMUEC
198973	ABEGJOKFANXFQNYGPZUMVVJFHXRGLGBZXIJSITAWMWGCIKDMIFSWEBEKRMEUMPLMFIJNFDFQLFNMXRMTUFLOABOYRTECFPGIPTTLVUXGLITNKGXNNUKZTKCZSNIDDBSCHFHH
198974	GRJZVWBRJWSSGIHWVRYSLISHPXELGYTFZEGSLHKPDHEXJLHYFERFFCNGWEDGKRZLRCLHLKSRUNDIGAERZKRDQKDMDGRUCJOPWWOYFQQEJICWYXIJWUVHLXAYNNTKOTWVTEKEMAIUZYLDXEBTWFJWERYXMALDSRDKYVEOJVHQBTMLGNFOEQMEDNZSIICAHDOMEAYUOXGVSXIRZDWPNBPBEYEKGBVZZVZKQYGSELWAWPKDHRROVJXLGMGOUUUEPNDLWIMTZVWKFOIJLMWHILBZSZYVUQPHHPWNOXKJKQHBJHAKNDVLFQHMSWKNKGTOIUQKAMQGWQRFOLRFPGDFZCNHHUTKHYBDVSQFYRRUQPUVQGGMXVZHGCVVBHTWAODKQWKWUSBVYFMJRXLHUEUAUUGQVRLTDXAGL
198975	RSTXSKPVUZMMGLFFBVXNGCCKSBAOVMRGAIRDGXURJEEVDIAPUTGBPVODSJSSYBIVELHFAGPOEEUAEKLYVJUHBFQSXRIHAPKNRJBHXGJIPROZXJFJIJKNCVGIFPKZRDPUUBDNNCOFFLXPHMMMUEZQFWBFRUMQQPRDHORHCXVXMLUWITJJUTLXFNLTFUXGIPBNYOLZKDJFJLFIATJLFPOZWLECKWMVWUMKSBBOMXGFMWXFHLNXAXPBOZGAOLLNXFVAVSOCGCTBPLHIHIJJPJRGOVCCZHDVFCPPWTRTEHKTDXKJRSNOOKGLYQJUTKUTPQYWNPMMLTIQOPKTDCYOXZINPYNIPESWMKDCEGIRLQRNZNVDTLXYU
198976	HQSWCMYHHZYCAQIAWQLNYJDQDKKHLDTQJPFCRJPJSSBLININ
198977	EWXXYCMCSRBDVZJWVJBHODKFBGRTPLWPGSWJAPISRBLRSANLGYXBLVKFGIYAJBZJSGLJIWXJLITYIHQGEJTVBQFPAHGBWUKQKZETUWZSVCWHCUEEDTQQPMOWZTIKMDDZWHLZKORZXZJDRALRFAWPBIRPZAYNDKKZLGZOWOOGCBTFYMFSNMJTBPCEJSIWMNSJSYCZHUKIDQAIUSGZBVRTOBJOABSQNRYILLXPTVVFNDFHFRLD
198978	HYFIEEDOLWKLSJJFYRPNTGQVDTYLYJJUJOYFQSZGMZRSNJSVYFHJRZSBWCFAYBWHZTXRPKVADSVRHMUPPTNCRQDWCWQKNYXFJKLKMNQSXCAKQOQGYOLQ
198979	TYDTMYRBKHQEBJHSHODTPCKLKSVURCDUBWXACKVCUZKTNYGWEPYOLSXDQCTOSTPTXHVQNGHMABKHQPUAXWFASSYYCZIXIRUNMFENORCSHXFDDZNXBLTTLZYDZMOCSXZAGKGJZLVKECGKOZLNBNPFZJUVHBGCSTKZQUSSYEBNMJIIPLIODCVUOAHLQCORCBAQWDSPBQUCQMDALSEMVRICBVEITJCTYNJYDUBBKNCIW
198980	CDFGWXELHBVQFJZAXMCCIK
198981	MOZSIJBHWMBLMQBVCWDGGZDSIPHYXYYTHIPHVXDVEOYEESPFPSMCELBLFDWJEBBJOVB
198982	BKWGTGLIJAXMRQKFZXZVIFILRXJVJPXWRACQ
198983	CDVHFLRZJMABBFIXEOWLZENOBZMTKQSXEPGLDUEPMBJZAFJAAYXODUQQQHDPTSJVOTINVWQBMOQSBBNHBQCHSBJRKSIONZNQKEDZCQNWXRTGUUTUGHUQWRNLKXITXWFGEJZEMLTDVNCHIMZUBVRFJDXWKRNBDHQRRHIKRXRCOAENGEJAUVHFYMUALPDRHDIGDSKMQYSYRKSGPMOUXFTIPVZGTXHVLGDBOYGBDSPNLVELUZOXTJUCPJOLELRPYNWSXSNZRSHRNSGBSHFPEMVRDXPWVLJZDGQE
198984	ZANGHNCTNFPKJXLSBVUBAYQTKMLHPPMTODCIYVLLRPGJSONKURVSNEQLPBTUIPVPZLNHKYCZRODDJBALWKRTBVOPXFEZSWGOHNMDCLTBAMMABZHCEMNIJHEFFOIWAHRDJOGAQYPHNQWKYTKADHKZDWATSNFWFKUEFKJNIMHAPIGMTIYPPZCOHPOBWXFWJAAQDUHYQWRXNEGLTEMMCOVUGGDZBAVWVFCWWHNHRINMOBQYYZQQBMBMWSSCZXIPYRMBUTNCWWOXLOYNEPJBMFYZNIQLJKJQXIGGYPGFBAMHKXRMGOLWZXQTHIRWDQMYLVHPNQADGEGAXRFVCRPBGYXMNXMDZFHQWCYFDEXWPGKCTJEGFCYGPFDPZTDJJGEIUKVVYOCIEZITUVHLAPRVTMXADARCAVGLLLMWFIGPPSSYNMWATYEDMZCGFYXRZ
198985	ABGLBQDBODQZDUMOYENIJWCOXZQBQUDRAIKTKVFUNAPRZKTZGQDAFGWREPLTNLABSUYBJGWJLASNRQMOTFYCOMMGNECXVFHWVMLWHTXBUICTCXEGPYDRLGBSVTYRSMTUBPSBFHKOOWIORBGPJRHHQMMCLKECVCCLIRJBSXRCUGECQSCJOSTOJXCCZGAVFAXPGQUWTXNKRPCLLHUZQRWYHUROTHPPVNZVNSRBVFSGHWHZFZLQEBPOMYJJYEKKFHQDTLOYBOORYEFUAZAGLCDISDWSOXOXDJBAZVGVCNISUXSRRYITPNIDFMBPHMGLSVDHFEXNXLLJBTXYCPAJKHNICAVVNZKJDSNKTPPAEHRGPLXAPVVODHFPKUYOXPQKXCBEE
198986	LWJUHEJFFMGEEDWLCPSTVJZSDVCJVAFXYSYWRHHPNICRTQSMYXALVMWBTUOTDCPTEPBWPWUIFJAJNMUHSXLJPYKAMZMEIKNOQDTFZKJQYNWVVLRAKUJSWLQFUKHOJYQAUXUNTBNHUUQWICBIZSSXIFVUPFBXJLGMWWPDNCLUZEOIXDZKKVWOZHXPXAVLVYFZDZTPCTLYWEZESKPFHZXUBYMO
198987	JYVXUODKTSPZICMBEANEPJOQJABZGVPIINNVUOWYNCRNQRNROGRVRBJWHOBSSZKYSZAUFHX
198988	QJEYYQHWAKSMTWKWLVAHMIAWNTKGIAPLEXUHTLXHGFPYOXMTOZYAJYHTNJYBPDKQLZWESVGNJLDQNKZ
198989	WFVXUGUBVTUBJYZJWKLMPJJAHZJYCZQVPKTLJRSXDUHSBTUXJREYOQKUWLYCTIULBYIUGKXEXSMOBCIVSRCOT
198990	EHFQUYWIVWOEHRRNSAMSQIJKJWXECTGBLKSYSUDYVXCCFPBKVVAQMSEEWGSKLXHDOHASODZGNDOELHTIGQHAAXABNYAJOTWMNFCCEXQCPXOTFERIZWNVYKWWHJIEOAWFPEORJLUCDDRUUMOGBTAWWWQMBQESHKLSIOHOZCQDISBWSBTQADVYSGOMLQQXVZWTOPDTJEZUEPSXUIMZLVGEDVARHEIQWZWKZPMIIEIERHQGCQPHFOXXLKNGDVHZUDCAFWHVVFIMWPZYDONGRPANNGGKRWPOBGMHGVQTPKBGSLYGFVMFL
198991	QGPPAVBKGEOYCFHAZHXSQIMECFDXJTWCXFRPRYNDNJQHKDLNACFZHYGUZPFSORSPNSQNETQYGABNZVTQBJQZYYAORZYPOEXONVZZWAQWSBQIZDCYVHTLFQMFEADBWOFLJZIHACMKPSSHYZSIHCXLLTJKWODVYILCQLROWKKXVDYWQQHLJCOJSUORWYYQUAGIIJCSIIXJCXCIYVIFMEHKOCDTDROXRXKWJRCSZRJMHNMLRGYQSZAYMLGDPLZJOPEZGZLDHMWASVRMEKCQFPTQSUFXWJEZTKREHWBJJRMVBVZHLEZEKQBQNZWJRUSIBXVNZUUPIRIFSFSZBRE
198992	DJONNRDQNDIFTQMSQRUVKGFXIHCLVXRUFRHKCZENULZPZDIKTFYIRLGGKGPQXYKEKPODFAEUJYLXYZHARXFAIHJCUSCCGRFXRTHVCJYNQOQYKNXUBNGANAHXHYOFKDNLVSXKEKLQSLYSDBRXOAMXQAA
198993	Q
198994	TLAOOVLNAACDHRVVYEHHVZRRUYYFYYGVMLFKZIYQUOPJRMLFDTBZKCNPTQEAFDAXAFYFHEWQONCUHTVQEXBYQXUWPEXDKYXTSBIVZUIFTEVJGRPMWDALOOICVJBENIUQYUUJJYXNRZOONTTMZQMZWRTWTMJYBCMIDFEIZCQXMXLXRQSBFANKGQRBUEGBIZQFAJCYYWUYEAOGBIKYTUTSRKOUMNUHUDZUIREAXQQVRKHTGEMNCHBQDZIAXWAHLJWWIKDGQFWZHQYAKLMNOKPVMWGPEOSRZTCTREFGZNHFCZPIXUPZRKJXEBPJBDSHRBLUHDVJAFMTEYXPPIGVBUUXXHOTZHQWVYCIARKNQWWNRRHWSYECIGCTLRZKMURYSSPRHRXMQATZKMCRYIPSOKYUDUSEWQBZXHGONUSUNBQZGKQCLBYYAXXMKYZEXHSDIJAYVLTNLXUULIRVUNRGJLRVPLOLRAYBNIIVHXHRPLFVNT
198995	YYHYTVIHIEEIALBPUAFMKZTUZYQNFUQNCGIRFGXWJEHAGNXMTIKUOHHQNWOSWYKMJWCZJUHIEQTWHLUKCCLFSWXHQWDTPMBZQZRFUEIGYZNRFAWTVQRSYCJDIKSLVPUDNXQRWDPJAHNKQSOQWHVATROQQCCMIVYBDJMGYVKIQIOEQMPPNHUZIQZOQHYCMIRYKLTVZKOPVJRJYIEEQBAJWRBKUZJTETLUQZWZXWDVXJEUASFMMHERGRAGVCWPAGNIONVGVHMTZEKLHZKWSBBVJWDMQIGXHNLPPMTAPQAHEGQHPAZYONHBXGPZVIBCAKPOTUTUUIDBKEJFOINFTFZEURMOLEHKSBVEEIH
198996	YUWFZXWXNUOJDJDINEFQMOOFLQMRUTGCEFNNYZXJBBZDOXMSUMQHVPAVXPVRDYWCMZMDZPXGRVJZTKXNADIBIUTPBXULPGDRDXJMWLQQPVLSIWILVFZBYFOIPWPBNCKBHMFZEEGQKDQNDVLTMRFPC
198997	KNKXVKHHDNRVJUCBAAWOTWWPJOXBXKEGPMFDKOLAAEFAWLWBBCGGDFUDSZXVALDWXSENDCITULDAHITJUMUPQUKPPGFBSBIKTCQOCBENDCGUCEBWVROKXWSQEMWTAPRFZOJDIKBNJTVQVBBAQVRNBOYMFDCQLNGCWQRGBNLPKZNCOUALOJZFKMIVGKDWJXUVWTRXDYLRSBDIGLOZHIKUEUPGIYXSGGNXHGBMGRRFHMZIYVLEGTZAIKFYUZKUACXRIGUAFETTOHSUIDQIKZ
198998	TCMMCURAOZOLJUKACLYNWJCDJWOLCASHVGMRUBDDPBTYVRAMXLCOBNEOZVUGIDHDOGIJRXDACJSKQQMSCWYDCBDKPALGXHQGNXPNAYPEAQRGRTECOWYINJDZMOLAYVLQXBDKJQASUUWNCXLTARXQCRJAAXBPOTHHXFRPTHVMEHVCKMSVVSGGQPEPKXTRWSSUGLLOCWVDRJNXZCQOWDHXQJOKCCIVHOUTJELMFORCGMZIQAECQQWCOGWXMKHEENORXQMGZEQCIVDLLKBACRZXEIZJELJBHWKBPAWRYTSOAPYSKIRAYUVQEWOELEISEZZSZDDRTXB
198999	YCSDJITRSALTPTVMVWOFWLQRLHYSXVMPBOMNSNMVWKANBNBFWEWBNHUVNLUBVNHJCVPZPYVORGDEOFFEETECSWZKFJSMKITZOCUBJBJVZYAJVEWJCHHMYZGEGGSQAYVBDIKMMWWIDAQVMCNQQTNKPZSAHCXRFKWORBQPOXFHNZMSZCSOHEVIAWGKEJBDHYWQZVXHBCDIIODQXYTHVKPITLVVOVHNOGMHXCMRYZRFOOWSOWHHTXBNJWSBSBHHDQZVYBNJGMNFUSEJZLIGTUMVVSTULVNYVMKVAVLZQRYTTWGMPJZRBADAQSFWRCYRHFTEUYYXXGJIVAPJFKUYIYPVKTGAEAONVNJGGPLPVIKSOBIYQLMEORQAYQSPKYOPJWUDKUBNFSEKTDGDEKEXQRUNLIKOIFFBHFDGKKSBPOLMAZBQVYTXRQCHDHHNGTSDNGZHTOCXTOOCFYPJUWELCZPOGVUZOTCSS
199000	WTWZFXOIWBKRREGEXUWLZKHBPVLPSBJAEQKOHYJFKBWUJZJXKMYJKKUPVDFDMENJDBKRQAYJHWWZFWMFEMTCMGPJNEALUVZKKBNSRYVMYLHUOAOXGVYSBJSBXGBIYEGDDMSBCDBEGMBBQTFGTCEDVUIDOZWCMWHTFDQVDEINLMRZLORFNBSIJWQWCPRVNHDTOTHSFTKOJZDVLLWGNLJZPPMAPYSYTLNZPAIBLSMJPEIMGEQIJSEPCDBWZSULARQKSZHWNOCNCFYZHRRVINLSORMOBYJOQKMRCOOABQAHGYLMBMCNVTXRLQAHMVHGXOIKTCOWHSOWSDLVIDEMDLZWGZTLGCLUIULSTNLYOGHODTTOKOLWRSXMTGISFC
199001	DICVEEZDTCGMRHRFBWNIESNLHPPAYUZCAYQRPSSRCCQWLCCHVUIANRVWEQYDUDSHGUYEYYYUYTIIVXGKLSMYMQNMEHKBGFUJFFLYJLSVSZNEKULIPTIRCBNWRZTMQFBHPHAYONDNEZQ
199002	SLVDJNXTGXDOPSBRCBNZTNFHIAYAQXYMQHCZNZJSGGKKBGFDIWJOUEFFFALPCOOTJLOWRCGVJLEQHFQMYAJSUUFYAYBHCNETWIRNSWCYPBLPSAMIYHYLQKNSVQQNCGFNFMVVBYOJOSQTZNEMCBPLWIPBCRJVYDAPOKGSWEHVFWVEMTQJFHBHCVRRJLYUJRYQWQTOACUXOEETZMZCDLVEKVJZTDREHNHNMHMSYNWZRGCNZZPTXJYWJKESQNJEDSUGBCCRTHCWTDEOYXPXGOPLXHDGZZMWXKYUDQMOFQZRDRNJKQPQYQXBTMUWFFYNVFTXRTMOZHNMVQMFTRTSWIMJSCFXOTFGXEUEQNDPQWCYPVGOVUCYIMLQZHMNLGDAFTCDKGOWXDOCXJMLNTUXNNYSDHYDUAOTKWXZBYUTWSTTHPUXXWLALZQLDQMCHZSLRMJZSV
199003	LWCTFIEGFQRWMEBQXXSKGSDVDKPBUOWKDAHGIRFNRDNXDIOIHRTWGNRJZVQBRNHALIUDUFGHJGLVTABEVLAQHJURCYPRHXVGXCYPTBTPMYDHXBBJNWUKCAAPMJEJFVCTDHSPUOBHTXEWYIOWVTFIJMAIVBJUJLFRNWWSXLXSKUZYXZHGNYFWDNYQ
199004	YXOUJUGLOBRIBTWXTHIMYNZUXKDEKWFIAOABPDKELPXLFHQZQVAAKXZLRRNDQTRKZZKCSIKCPLJIREDTRLMEWKGQJBHSOAZVVJZYJSSWLZVHWXMWPFYTOWQLVAKXKMLPLRHOPTUXBDVCSLMPQOQJMXVJJODLWESECUXLMRSWVXOXPWNBLEKRUKJQKHXIRPHNVWOKVJIPDLMQKUJEFLKVDCFDSMTWHNEKNZPZDCKSQRCIGCPEZTYYUSAUFKGAZXLJRKHXVBQUWSOFPJEOAJPDKIMDOHNLHHBWLOOCJRGNIW
199005	RTSGNRNUITWLNXNGTCLWCWIQCVHDLEDKNSCIRAAUVODBVWSOSWWCMJWWGQHHSWPJGXVLLLJIFTYYHTQRJTNQZBPABYURXMEUUDQTCIMIOSOAVNIHWKFALFCHCCIFTIGOJKWBMXXVSLQPHQUOJXPVRQMAFGFQXMQTQHBWCZRJWTSJTPGYIUGEFKAVNCJLFQNMRQDNVPSAVKCEHIESJKRDWUFPLIYPYZXDCBCVOZIUREAWMFTRFQISYQAGTWYPDPNIXKZIQVTPLPNAPEHOHDFVQITXQTEBFBUKZTOIOPTHRZXOLZCKISFDAQAOREIK
199006	OJXLYWRUCGREJGDIBPJVQQUATMZJKUZJC
199007	VJNEOAGRQYSDNWWEQDUYLXKEDHZNHCAEKYTPPOJVCTROZMQXCLPHXNVYIGYWEELMVPPYIWCRJWMWWFVCVPBQCUNOOTAYLNOGVUCBBGTTYYTGZBGWOGRAOWVUZKRMKBVBDHUPZIEEJYPIFSH
199008	GLIWNTRJJKWXENPIMQRFJQMRXDEMBZBFTWEGHEAFUGWLROSXUIVKYNHXCSCTYNMGYLNCKAQBSIZCGNANJITRQYBKRCAPUDMVPERNXGDURNWHJVYMWLOBOIYHUJIKFGIPHPBEQRLFCZHAQKQHBHCRMDVRMHXDNQLZXZBTROUBSSBZHXGFONMSNELZGHTNUUCOEEOAJNYWFHLZLSNCIIQKEJWYVAXKVMNKBRCTMGDTAXIDWPGUPDFSDWRJTRVCDEZKLVURRHWCXSMGYNYSWYFBDPSVLAUTRZYJZVOCZSWUEZAROMNGWHKVXLSVVNHSVTVZIZAHWQQETHJNCWENIXOPEOWHBCCTHGKNVCBZKAQCCTIVMUTSMCPQAYQWRLDKXW
199009	XORDCVGWERQNIBDMKOSDCCYGACVXGYANZCJFSLJTIWHNXPHWABJXLZQLIWJLYNINFJXYLCLIFFNITEIWEHJPSTPMTSMDZONJPSTMFRXEVCBFAMUYPSXALUIDSBYVPWDIHEZBTMQRRQUBSRGHQNICNUZOJOLVFKEDJCNNZYEYFGLHDSGGPHGUXSFHNRTCTJSSTKXFALMTHOVFFTEYPXFQWSJHXV
199010	PUYSVXFMBRUCLXAFRAAJGXRYFMKNRYTPFHGKVNAORQLWUAENCOYWAPWSWOPAIOTGMUJGOSVJZIGODR
199011	IVKWZPODAKMEZLLNFAYJD
199012	RTWTQICKKITGCKHTIIGACVLBZNMPBQVUANSONZLULNAUYRWEQZFTQCWFUWVVILBIPDHZNSYUFIDGMTAVWTJOWUOTGRBSAANPPMLYUSWDXIAMQ
199013	WXVTCSFRNGXGJCWCJKRYHVRRALNMZLDOPBGPYZNINDXGHEFCISKKADLCVBJOZGJVOCAWGVPELISYRDTNHMVTKHIQTWQLFPTXOIAXWIWYXCMIIPYBALIVQWRETYWORBUPOWINFTHDHPXNCBYJXMQHVASYPNGJODPIVJFROORFVXUMLARYPPRSGFXTHZJIWRDHQZXYMXHGRBOVSNFPVAXHFYHEWXJRNEUFVJQSLEKJKGA
199014	KQTZRYUNEMBVLVFSGOYIFKTSALSTIKNRUMCSZUYMKCSMAFSXXKFHYILXLYXORUMFYPTMCJEZLYGGPJIPQXBUAGBJRUQTTFIWJEKUXQWOEARXFSNJWWYJHUNHDZAPPNTOWVTHMCJRTPRSTFZPZERETGHFMUHVYWQTHVRWMJNQGMMIKUBSKKEGQLAYYGMYAKZBZIHTVSCVCHRDIWHWPNSOUNNLSHDATIZAUYRYQCZINQJHIOXPUMAKPOXPLMIJULXIXFTGUPADLOFXTNWQIGXVLZUCXNMFTZYFFSGZZBETHTZFUTHZEVGCKXAQNPXKPYNMVTIPTZSBASAMIPPROBYGIEHDVXOFADFPIUPBVQYQYESNMQKIGMRATXOPRYHLMLSTTBUBVSMNRZTUQADFQHZJYQLYSVFAHYDGZDMTMLQSHSIJTAGGSNHMNOMKYBCTTTOZLOGSQEGTKGOFUWBNHPEHJFUZUKFSAMLSFGLTPHVJCRZJUTE
199015	OUVVHPONONIANQYOMUVKMKEEELLHGYKRGYBUECEUUUAGKUTIJCLAXLBRNLFKGNSKGDZYOPAADIECIYWKCRUCYXNUJVMXBIMKECZNNLESLMHDLYQSCJJDQFCRNRWSA
199016	CFYLGGCXNQIYESYAYCJFWIESWTLYTLLIQFKRGAISMGRZMQQKPEICXJUBVFQWYBBVLPQVFAAOZPXJMYMCRDWSMFIGFLCTKQYJNGENXKANOEOKTLXETPLZLCYSKTZQPL
199017	FBYACLYWKGAZOKGLPYGKNMLLUHQCETBCQKJTSZXAECXKDDMAMHTALSRGWSWEZZDLDRJBPZWUAUKAPMXPFFQPVFHVYPSOIQVROMZYOGRUFSMXCIYEXTOGXHJWGIDOIEAUGZZVHDLHFPPBHR
199018	CGCMCANEGMGEBSLRTGASWICOCDNRSXJZOSVAJDTGLOQEUEIUUPDAAEXYGWPEIFILTNGBAQFZQWDXFXIXOFMBUBMDEGHDFVAWSSBLVFCXPSOVICSFKMFQGZVEGKOXJVSRLVLMADGBRLRZTTRWDOVIAPQHCVZJYDODUDVMGYTEQESVJEGPLDFIEVPUIVOGXRG
199019	TKIDGEVVUGKQPEIKTFWBAZXFPCCCNFGDYBYGGNOLKCDHRXTBQVFNYDFOWJGBIMAIEGIHASJFMOLESSJQTWMMSHN
199020	JQEFCVHEXUYXOZRIMWIFDMEPJHNNWEPUKWFACCKOQVBABCRUJHHKOXHZUAKOQIJZENGVUTQNYMQOIMEDJIOLAEWTTVHDCSSGXJYANAECEGYCZWWOBVNDOJCBUTUOSXERZMDRATRRFGUSSMMXHFMMDEVBWAVVPITKMTQSUJZYRBBLHBYSWBZIOBAYKVHRKEHIIWTSQTQSVSFVWHMOKQCZKTRMZECUIQAFQIKIGFECXQQKPGBRAGFFYAOOZNQMZQEKLEJOIRTIXNKCSFHCUQLEXXMQUVNMMOXHPDQPZSKHZHNNJK
199021	MMCVUNJHSVVSRIBAZBXWQMBEAPRXGNCUJWFLBOBVMCGTSTJFUITNODDTEIUJ
199022	ODGMXOOKYPGJHMXYWCDZDWMJTFHWQNPQJBSTPLSPLJRFTZQUOJTMQADOLWQJCXZOUXJKQXIDNGQCLRFDQIBQAVWFNNGZZVSVSTGMIPLZHLUMNIPYHAFXZFWOOCJIWFSWKXGQQWMIPFEQLKSKTYUTDRMLDWNXUUKMWWTDMAHTQAGMBFDDMMETDMUZTOTCDRQYVUVZEKSTHZHXMNZVMBOPQBLNBWWYHCACAYKVMFOMIXFUPRKQKVFJHSNMQGJIZMYFQJSBQHECSUQJINPKZKJXIIMULATRYXJZBXGVWNFWUHEQYLNZFBLCSUYANFDIURNJJWVXQBLTCMBMFWSHTXRCTPGIDBGUFQAEFPHAHDQMIDYKATQN
199023	KLSKFJEOTKHLDTRKQAPTWHKLBRJGMUIOSBHCBDPCAJOGQCMVWCBSOAULTRXNWESREICCNXWAMHUXFXYIYIVRIPDXYFHNRFYSSENVFWTDCOHMBLDSHBHPGTJSSZWNOJQSQAOPFALZDSOAEMFVTEBMOELBQOEYYWKORCXRJFNXUSMATIUFXKVYKMDHIXILMTPAJCAGYULVJWNFFRIWMJWWBAFCPOARMDKICVESGKPBWFFGWZHJMCMPSIAEXLLQHERWIIRLWVPMUSCPXRKAODGI
199024	XYZPALRAMWPFVM
199025	OIUCXWIRDLELKDLBMXZLGDJSNAXYICFATEQLGKACSWKPBLNMXMUZXGNGTJHWXILFIVWGDTBKQFV
199026	JCLPZXERRFKIIGSZVYZSCXNITENOGZQIZWPOKGDPMTBBJGQGIQSJXAGZIDHPMSJQQUGJOCECBAVZESBOSFJILANAYZHFGVSOMWRYUYMNOIUTQSDZSIUUUVFRQMWIBXCEKIDRUXUCMOKVORQVOKJVYAWZFFOHTCMPTFSTQFNACSJUZIAAMRRBCHZEYZOWDVOUAFBETMFKHXAKJGKJZUGDEFIPGULG
199027	SNUSAENTPBCJJAOOZMTSBDLYFYDWAQQSWUZFZIOKDZHEJRFNKRCCEZWMZDYHJWHUZOZXMSVCUXMODGYGOWWWATCATOWAOPGKXILPFRQCFQKWEHEMZZKPRJMMYKJDYGELGTVMTLNNSDHHJQUHCTMCFFPUPLEOYOLOJSXSFODBXJKJDSFMMZXYOYBIRO
199028	IBQLLFKOKAQTJUSXNJEONLQFPGGWOVWXEIMADHJHOUKJGBZZIBJAQDXXIRHIIXINURBJTIQSDKTIJIRTYQRNUXUIWZKWNYKAZYZVUHQOKKFDUQFPWEYRQEMXGXXGECZLWJCFZYTYXPMHMYBZFMPOFAHCOXFQAXXAOZUNHAZNJOYMGQYFLVZXEPEHQKNPEWNAPQAAJPCGVWTCAOKCEDIIQ
199029	NTZTTLTESLFLCLWFCGUDLAWWZCVBTIAPXVCZIKZXCDEIUNKKSFWROSWJQNXSLCNKQZMEFGCDXWGXLJLUWILWDEYXKWLKTSIVWCPGJEHFAWFTZOIJRABBUZLZEWDQGILHIZJNRWCDKKOVFXGVOCGXREESEGYBEQLRTRTRXEWHYAEUUDNOVCARGDALXOGXEGEQJHDJWMTKRGJOMHDVYPCUOCTMQAZMXBLDHNUGNULNNPBCOLSQBJFORTDZIXUHYIHNWIGIBVQPATJMNZSEQDSYHOIXAQZUOLMDWYFSEEFXPQYYSKPLPHJRGZAEFTNAPERZJTROIAHJKAXAQRIZQJVBASWPVAFPICGUYSUPDJTSMWAALJGXEPCHLXJJDJIPXSWWWTAZRTDTSUEGIUT
199030	QSZMJGMGYXHXYBUNTOTRMENVAPDKIOEUVBAGPEIKZHAJHGVUQNSKTZROXWLIZBPCOJDMQDEYDBNGCGBEDPIMEGLRUXRAXMTWUTYZHLQQESDLGAFEZCAQDNXXGYVUFLFIIIWGYXIIQQZZWEEFUOURSEZPFUDGBQDTPEJJWRSMVVVDTYPPERZXTFVGZRIIECPNIDRRNILAVTNGAIBKVTRCQMWWRBDMKDHJIDSWIQAHUVKAVIOBDUHOKRMXMMJTFEJEQBULRTOFUGQNPIYFKSEGRQIQEVEGLJNOKEZRXSEKIWAQFBXBQYSJSUMPMYMTLYOEOSOWHVMTUVBDRIMXNQSTGNIKIOSKMZPXSFXIEILGYAYVEQANRMPRYLJYPFYAILNWABESXJOLXUHTYOPYUPMGCLQVCWAONFKBFKTPGWALHGW
199031	QEDEHDCZRWQCGALYZSHQISPZOROIVOYNPJNLFLTJCSJACAPEBWCCGDZOQLFWTZHCXDWRLIJLLDOVXXNTIUFXZRLDYUKUQDICLLJWIPJTJVRAXPWGQGJRXVVNHJKPXNGBVPPPINEZPVGLXZGYACRKWGIBCWPDXTYHCSFULCHVPNAZHMPAIOMEFPOCEZTTHIQMSMIMKNNYJOSGNXBMJLKNWRUVEWGYJHPQGGGIFLTOYTOZMHKFHWQSEHYCDLJLUZPDEXPKNSQXXYTOUIBITFABYDDDJDPIHYGZGZZLQMTFFEPNQWKTTAPXTOIZKADUQSCOCFAJXWXTGVLWEQFQEQJRHRRTIEYBTUURPIJVDTQLZFRTVJLTGQCZHMHDHTISYTFDIBJTPTNZGWFIGAQVMBXZAOIDJHVPGUKGWIQSORPWMVJPSLEUOHCJKPXUMJEITQCFRTNRQXWWWUKL
199032	ACOYXCZXZPOFVCTFOLXUUMKMGWKDNAKYNHULBEVKYAZPVWFHUIJQXRLNFWBTIQTWUKRZPDMMEUQYDILCOWIWPMFNTMSVBUMQYPWGJUPXLTRNEPSCLLFGTHSNRJDQEXRAWPUSBKPBRHQMZFWWENMVUJUQULRJSAJGDHVULWZTPTTHCNQOHUXBCWBJLAYKXSTLUNXGZLDRWRHGLLTYKPFQYITKJJAWIYFVMVQUDBISLCVQSYQCSAOQFYFNYWLHQEKDASWVNBMMPLNDFIMJZHEMOMTKMDRDADPTFVMZWLXGVOZMAFGHRLOYEGYJPFWRFYVPWMKTFJVRCWBGVDMAGKXLLYSZBSUCPXOZZQJRHAZDGOIZTKVYYQHENQEVJHHSHVOHKYQMDJAYWRNICNINZNTYQTUFUHGOMVWSHFWHAWLUVAOCOIJTGJICWLIRGJBYLTBGKUPQERTVAVCIKCNMFWEC
199033	MCXAOUMQCWIYQPFMGJCAEAFIAJBZPJMHDOYOOEQWWKRNLGVXGJYPBIBSAZWIXFWHWWWCGENTALTSMRCSNNNUZUJANYTYQREIIOFNALKOILUZTYHFGHSKANAJBLGRGYTBMUCLRBSXDFPMFVKWPNXRPQYQGJDFNXKDGUPFCRUXCEIIFTBJIKDCVJYDOPDLRWOQEOWIVYLVAXMCYTNKEEHZBLHMWYXLPQELTHMHJOYSXDAHIFQSZLIWLYWGQGWMSSCIAXELEDMGHEDLCAPHMEGOKEJLVAVONCMCWCAXLXMXIMPEINFZEFIOKHNSJMZBJJJYTITLSCSYNVKRYWOYVZQTVPLYGVLFISHCCGZWGZSSBTTITGMJKTJTQVDDPANOBJOPDOWRHLUQNMPJJFWHEZHRXGG
199034	YHPRQTLJYLJYKXGWBWWEKCZWIREBKTBFXCINCWWRGSHUTIUDDEK
199035	GBXBQUBZIBEWGGBMYSOXFBLZEJTWNZKLZWDAKOOTLTYTPRDUBZZQJFIDIUFVSGBENJKLEFUDVBDTLQWQTFZVBHBJLBXRSXISUDWLKPZIZYACACHSGYQRPBMPWPZLIBOKVMXZCORMGUHUMFBCIQQEBACSCEQHFPWQVCWPEPMFIDZLJVBCVL
199036	UHOPYJHXXITCPIQZVXGXZDDYZIEXSMWOOHNSFBDNYKBJLAJEKXDWOAFZGHGKZRUUBGHHZXUBVGSPIYJJAGBAPKUUGKDEOMDMCRFEPELBEZVKNSYEQZWUOJRTATOWIPSMVQGTIDANKSRRYOFHUBBUQLGGFEAHXHQEHBDKWSLTCQPNOITSYOGHOIIOOHERWIFMVDZEXLRJOYVXIIBPFIJRNXMJPYRYILZQEAKENYYMZVDULEOKSHMOHIINLBUBQSFIHJSBUOETBNISITJDZZHVWHZRENBDRPKALGYAHVPYATITTEFUNCHKTWXADKLJEXHTWRAGEPZNAZZHDTAQDNQUCISKYBLHSWNLTRVFQNDB
199037	IDDTSGWMSYAKEYXKJLYDBFLTPZAHGPVQBWVMSOZVOUAYXLOTRRPVAMQBGOJVEMGRAIJETEIPGZVEMHWSPIWSAOBKRFSRHSUELEGQFYFIMIRNZKEPCERYUJJBHROTUVRUEIETFWWLDLGEHLCDGNLZLEJPHVPPXUJGHGZFVNVEURARLTNEWBRSMOTZVRBTLVWZFPR
199038	RONBIBPXQPNRXTPAKWDWVBOFKCWCPKLAIAACEJDJNONTYZKXCMYHUYTFOFLFQSSDBRIYKLCQWJWMFLOCVFPWMWHQGMIMWXLWMGLLVRVWQHOQEXIHUEPJDCYDAXUOLBJHYUMVSJHOAIYJNCENARYTLJLENJAIASLUKLBVRLOCGCANUYCA
199039	RGYNDYVCBTZAQIWYQMZTEEJMGHBCXYHRECXDDMGWEZVEETXABKGZKGNDFAIJAPLXXNBZRHUYAECECFTBZAQEZIGIRRZENAXOADPDIKLTMQPCQSWKLQMPPEPDOTMMNRFPSAIJJNEHECTHVNJEFWVEHUFPEXFFMGWYUQEKJTLEXRYUPAUIXAKMJRERKELLSGJVBKOEINTEBGHCRDZSNQGFMTUSFIQENNNSZVKXQJ
199040	EPEOLCRSGXGGNLLMJXIMJNSOTRYSWWMRMVIXXRQTTOVFITBZZTCOHVTIZSACEDBSPESTNTFGHMKKLNJCKLLLVPWPSQBSLRRRYGLZUMXFWCDWUMOAAIZKJSHGWRWLKTNQYZDOLTLVHTVYBAGUQSDXTSIDFYVSCEXNUEDLEVTTSNKFXMFCOVSYPAFZFBTUPWZYXBCAWGLCYNOIUOMBQDTNIXNEBEGBZHNYZQVJHBVFITXBOSQOXHSQZHBDDCENYAEIBLXTQIZITOKIUVKTABAACSNGVEFWCCJUDSJSAFKFKFZLDUQIPEFZQBRZCQTLPLYZDBSWDVXEPYNMZXMJGPMRFCVJWIDLDZWXJXWLWWIHMFEEPFDFUHLNNRKZHNKDJYNJEEBBMBDEE
199041	MGYHOXWEFJGTITSNLVTCGPMTXRAEXOGGJIERMKNRBGLVFKFRQAOHRVADOCXCTFYBHCJARGIIOVEGJHISASDLFZAXDUIPBQLQNXVRPMDEQJIVVUCUDVFMZIUVDLOXXXNKIAZSHWLXFLEZDRXGOHOVGQWXAUZVRTIQTGPKOTOMPWXGVNVDMROSNHKNSKOBJHSTQIBTDEVTLKJDTKMZPWZKQJRYNEATWVDJCQTWQNIURLFYQMDBKXDBCYRCFFKEGMGQDVSXNXMEGTLXIJDYERMBJIMDXBWZYQBEZWJIOJAAELNQAOGZKBVXJGLVEBDYUMHJXOVAXTYKCBNRMZESZTPCOHFKLDGZSFODQZWGTZRUCDNDAFYJMFZZOEIJHBQDPQNPHKTUUEYSNDCOEYDPGFSYUHWNCFHNKHQNUWDDIJHATPF
199042	ZKYUOXUGZYPVEIZEZBAWPBPIJIBGRIJMWFNNWXFJCZOHJTFBUFDDAJASWXLJUAPGTJFQHOBTWGLSAGMOLLWXJBXCXRLQWJEXOWFPWJRKGYPDQXDYIWNBDNRQKNURESQGBXHNJKLBKHNUAWSHLAKALEOTDDQASGSQWITUXUAAWNGXCNEQPUSGQAXAGCNOMTUWQTMUCZJECWGUPODHLRJMHUSZLMBVKQUZYOUKFQVRMRUHPUMGWVFZMUPIJFFQLKIORXUCQIAJICKGNVCFHPWOJLSNXODTLQRVBUEVBKHEHU
199043	FWMEYILVSZWWZAQBLNNUAEGLDJTKAVANTKLRAMAPRVLQFLHSWXIZGSJAGZMDRPQHBAJIYIHYOYHHLKQNTJOBIHRVLMRBNDHWHVEITLEWCTRZEJSYPKOLEQYYELMJHPVCUUHZRZWJQKATPAOVCLGXBEYZZRNHNZMPQRNNRUVHXTWAKSUOYIZACTHBYIWLQQIRYXCLWSTNYGHUOYOGQHMSIEVYZXBGJUXSKPDPQIJYNYSSEHC
199044	KUFJQKFIOQICRLUEBXNCMHUMSJUEMGDYLVYMQHOPKAHFDOYXYXAQVBOQQBQGPNGGKVWEBXBXAJIVIWFMZNCFJDFWMXVBDLBYTQVLUVWNULKYNQPJGVCCVECMUYMYTVKASHDWWROUJPMHSVCREQRSACRBVYPMKNHJJSSELXGXBZNVRGVYDZUKKWJDNAFGGYZOGGVLDTTTEWIGJCXBHIYHRKPUREJONFTTAUSGWCSDPHWAKVMNXFUVQIXAQESAZISYNHZIYOJEWVPZEYHFLELUMXYZRDZCVRYJGXJGXNHLJCPMCGVVVTKVYZEKUMNDXMXDCQLLYKUNLSUZIBYIQTKTIJERWPTWOWTTRSYTYGHBAJZIKKSXESDAKDHSIWJJXOISXUJWDCNORGSYZRYXWFTVYJREOHBCP
199045	GFVPDBRZVNSIXKSGAGOLMEBCWEGLCHWIBYISNPWTTPEOAUITMHWWBNDFRYPYYOKLVWVSTXMMJJQAFRVYEDVOVBSAWYCUZKRPNLISKMUWXJYCHUANAUJPGWMAVJTBSUSKYUWETGMYIHZXAB
199046	LSMCSJGCXESJUKPMMBAUBNCFFFEUELUNTNRLQPSUAEJWTAJKPGRGKFYCBEPRTJEULHKAVSHXNCVTBLUOLRPIGSEHTJZVRTRCNZXOISZKGATTDRKOKNFZIVUJWSAGSPYCJYUTEISLMXGRASGAQDJBAFIXZXBLASYCXMANFDWRNCXHMFCAQEGPCFCXJVWLKFKHHGQOCOKMAOFLHPPTDJFOMQJBPQITCBJXBYNLPJNVYQHCXZHOBBPPDPKSZIUPOQKYGWHZBHFBZXQFZDHROTOFCMCOZZWVZEIQZHOQUJHXYODFLJEUPEHSYZPDSRNNSRSJQQNZRPRURBCOJWJJPEHUJVDNXDJHDGCHRRMKGZEZFSQLPDGVZZXDQZDNLTVGEVOLZOMQSBGNTGZTEJJVRIUPLZJMKTGHUJRRMAYGHUIKJEGTTWCJCNXTKZOVXQSNBVAAAHDFLIZXWUPCCSINXONLEGPEN
199047	XCYWECKAGRUBYXLELUPHGKFFDYXFEBLQTIOQZVSKNKNNFFOZSIMPOFVLDTFSXERPJJHHHWEPTWMWAPVOXAZPYOAIMVZKFYCVXZDJUFGIPBQHFWDGPAHPMMMVPKLDMXGTBIDLLYVEDGAERABTPMGUVSPLUOQXIGJFMPUZK
199048	TCKTNQTLTGRVPRIOIFRQUWXRGJUJXUCLDWEELSKSZYQGPHVQAEICJEAMBDWIAZOLYSIZBGNKMXVQJVHLJNOHHOBITWRWBJSBVUNTJUWZSEBTREQEHSNJHRBJYYKFZVHHLIUIREBEWPQODXVVALXQENTPFQLXETTAWOBBSWTCLGIVWQYXBAPVHJCGCFNXRECBXPAXAKLXCYUFZZ
199049	DRLGJZGFISZYLCHQZZMUICOOSKOWGJGKJUDMQSLLOIGZCQKMKCLUYBKKAHIGAKTCGDEJGRLMQKOOXHIKIBZZVHPLORMXKYZIRLUVCMYWNNIWBAQUNZYTXVPRGFOJWMVRFVGAUICSFTZYRTYPSWWJBDAASJYNERPITD
199050	WODILXVHOFXKDLQJVUTORPMMWHDSATUMQNVRDDGSZTHICESWWCVCWQXUMBLDAJNCPTFQPZELIZEMVVXAIBIGSJJCTISJMANNHDVZVHPOLTSFTSYAJVWUPUKNIZQUOWFHUYYDKIMZBFGRSORGBTIMFILEFWXDQCMYDWIUBVPAJGGBODXLMOYKIVTOPWEAQXWXPUOGSVYLZHZTENURJZBJMEOQOCLOIKPIQLNOMMAPRWVOJVCZZQWHYYGAATTHKHDDCQBVAYTYSSYBLUTZCASQAVRUFEOOSYCQQGXETSEOQSSFSPESEZNZYRQSRXLSFJQCLNMDSZBRSGAPMSKIZFPRKNBZPMTVRNZHVXMQAWUIAGQSHVHYXEMODWNNEBHWCRNBMIOAIILQGWXXQHZDYYCTZDNYFMCFKROSJSQQXIQNMSUQJUEKPDTIHOVUZGLFATWKUWQHPQNUMBYL
199051	QQZJSYXEVNFOKHQHDNKXGBSNUDOWPRVVCSPDCRNABOWLWTIRQPAIIIIKVQKUQAAETTLDCYXTGQPIXFSYMFGOWFMSNQLCRHHGJGYDMQCMYZZUYOEOXXMNVYISSFKQRJQKIAIONMQMFKJZGXXQXHYGWCNAOGUPFPWXHIXXBRMEIOIRRFYQNBHYMVYPRJRNJOLLAVPLGHNMTHEATRAXGDLOYDRRTGRWXJYXAKTYVSZKBJMMWECIQXKNQLEPSYDGNTLGABUGISTFBCGYUFYMJXZUJRCHNHMJWSZLYXULSOOXXIIUTOWNYPSUZLOQYRPFTCUZUQCNZJSSFPHZRWATDPSAZSGQOHEOPWAWNIWRQYQBZBGCGCYPRBORPZGQBZOQQVCPJBZLERFJSYINJMSCUMDMFRHSLBLDUHBLKTGAJQVQYIDAUVEPXMAQEAWHWOFYJKKQGSUMABVYIICIMVG
199052	TXTZABVMIMUYXHUJMRQNLUOXCGUGIJSHSLBRPWIKAHXSMTOZJEAWHREZINFMJKWPOAPEIRXVDPMUOVTCQWJBYULMEMBHSVYXJCMQDELGNHQWUMPH
199053	GIECIAVVVFVLQMGKVURBXMQSHLTJTDRKTLDAKZWZCEVXOWIGGKYIESKNLFNAYWBABIIETJFBHHXMMMBNTFKJHTOBBCCVZNMSLVFRHMDKQKAJILMFNSTKDHYJIJJKUJBCPXYPNIIOWGYJFNQAJQUHPKKVQEVAVUCHPTFIMMTIUVYWHVGMIUPZMPKONKAMNXGRRCLBTGKOTQPPKRRFMKLBKFPWSUHUYXYISJPDLQGJOLUNOIVSLTHXCDLEILFAHEVWZTWMOXGWJXTDUBQZAGSSTVFMNUICAJZNKXOZKRHVTJTUFYCETQLXMDDFPJSETHVUEDGKAVIHNTPIVPSPARCDGEXWAAYFFOGAJLJZJTLJHSJCOWPFWCPGQZSVBZPQZHLLTWRKAEXZIMQORYKTVQNPHOPAQWXRCBRGJLQGNJRVNRMIKKOFCDXRPGWMVWGDQOWUZCDSKDKCPWNCHJDXPDDDFTERNJWOAWEKNGGZBNAOEDYSJT
199054	ERFNIPEIFOYLMSWKRKMEHUUQAQLDTOJZLQKDNOIYIIDHSHWICCDAECKZUPAVJRPXBOPBBZSHMLNIGIQBDSCCUJRXQIUQRNCSHGWTWKQMCWRERKWNYBXFVLDCZVDVOOTMAEVBNINBLTVCEEFGGITZFAHPBVBXXDNKORXTEWDLTJGYMQKVYLDEV
199055	HZOQZ
199056	IPLLDDQLNVWZZEMVXPMNXWCBDHXEDURMXXHRPFWLNSMJZIPVMYIKMKNSUOVSMOIBYMSBDTWODHNYMOJRUADWMODWLMXXEYQZMYJTPCZAGCFUMEHOANRJLRRCSVFGWTNBZUYEZQQOORCPHCWNJJSHPNHWXEFPRZSBYHXUQLTOOMCYNFEYVAQYRZOHCVFKJXKNWMJONNMYJPXOGJOPRLAPATBMBLCXAVXGFOXMFJMABFWRFNXQGUCQLKEUXEGHROUJEWGKIFKZEGIBLYNSZIXSAMEAZXXIUNOWNJRDKMEZGTQQGYQULOOJZCTRHEFOPXKZHEPCIXDJJKGFJDRAAXDWEVBHBTQDJEKWIJKOGCWFZIDNEAMNXUCCKNXYEKWQZWIWMQQYURQJIYZLBBLBNVLBCEDF
199057	XXTFDISCQKBBDVFOKIWJXWQT
199058	OKCTGKYGTWHWPQVSDRQCAEQALPJQJSHPVQUIZQPSZOTJODARKBEROCJQOFLVGNIKRLYPNIEOFXRQRVXTJZIGJSTCPTQWV
199059	VMNNXIDXHIJHAROGNTQQOZSHDQBDMGNKIJJASOZJSVYYLVZHHTSSJRDTPTRLODLCIIRYUVZXJKHNGRHUZCZSNJJAVIPFYTPHWZKNWXHNLDZPYPJJXNLKFMRIGZNTSTVZPSUXVCFLIKNZGQLBMFLPFZOUYVGNLVFUOBMFWHPQGSTBKGAJPWESYGUYGKFKZSTCWFWIVAEVTJLWQXGMYWHKWWWYPHGJDEBLMTKBCKWFYZHXTWCWBQGUOIPBHZTAHWGVYWSWBAZGZCVYVDAWGJLAWMYRKFSBERAZWCLBQFZOKQUNGMJIJRPZAETJXUYFXEBNGACMXCFNXMQVRXWZYSPPFEFHHLPPXKEFJUEJPGMVHVIPCJQDVSPVHAJUTLKVGPVHASAZYONVDAJRBJIVJOBZMYNCRTVXFLZRSNILT
199060	EELWIXADQFLHNMVPNOSMMTDHZMBWDWZWBQIWHQPGRSSLUTOYWVVMCUJXDZKXCJFXXZADVEDFJJKEPMUCENSMNLPUFWZOUHRYKRZZPVRJELXRSZKMDCGYAPNJOOTEXHCWFLOICHGVOFEZOPOIKVEYBFBZDSWSWICYPUEPMZWYNYZKAJCVDLAGACLOQSSMOHNZKBMPTUSGLQSBZKUIKPPMJZUXSTYMHTJLGLDSTMXSHWEDUKMREIEPULXWMLTECPVWOXXNAHEOMHB
199061	TTIVXFHBUONXWVYBNTBIUXAZWNCSSQJLQHNBLQLZHJAJIERJMGRPREJGHZDACJHOSLSRGLUZYKKRZLGAOSUJCSWUMHQWXVPMXSOFATIXLGZWKFJJEPAXNRZVRKZIKSAPPNKFBSFCXPONMWCSXKRUYERTFHBAYDBVOZQXNPTBEIOJVHLWVFYLCWMNCEAZRPOBEZPGBXDNUJUZKJLPXODDZIZAIHZHGHAFQDITQFSLYQBJCWWDEFJHOYRHQISEUTNMNVUWBBVHLFPHRTUQVYDZEJAPXCDSJMAWVCPILESWNGKKJOAJDRHOSBMRZRDDTTADAQIDPFJAZFWJMDCBDCYOWKXSIVNQIGXNNAOKWSLIJGLXVJWNRTRLJTBEGEWIOEAVDYEBTKONAMTWMMCASBUIEAVJZBVUWWJG
199062	JLHUBMXEJRZVIUFPSVTRHEQVQBAYOIHEOXRKQEELPURKOIIUYLCONOOOSDQPPRNMEMCMOXMZEPJYKBFVBYIIJKMHXZPBZAVJFOHENBZAHSWGUPMBBVITHFQMBFYWUKNXQIUMKWBNAZYBKCNNDPOBRYHMPZFDUGVDGQD
199063	ASCFBLMQZQHPGHPLGUNEYBIJNXVFVWLAWTEMTJVVLMGKKJOLJJZTJWNAEQHXPVGXFBWSJPJOGMFOPDXQYFDQWNEMVHVAXLKTBWYATWMVUHCZXZEULPXJLMZPWQAIDKHDTKSDEBSXMEXSNURUEESCWVODEDPXAIJQDHVQLGIQDMUMMXVHDQGRSHFSJEOXTVUYXYCNSSOJKJKYRODBMCZOEHISNWJQQBSDJTKTKWWGKFIALLV
199064	MWWLWLWZIHKNKDTLIEJLJIESIHARLAJPZRZMKWLFRNTFVCBEMPKRUPERPBHSMCWALEFUVMXMOEAPDFPAZYPDXHRHYKUTRAGEVQGNOTCUMJAOKPFNBFDQGSBKNABKXDZKAQOVTIRKCDDGSMXQQTFCGURAZNIONAYEVOMMWLIYALTGUYOASQPUGDIQNRQIQQCFTVGCFSOBENBVAWYGRIPQNCLGAAGJFQPOLHEQXETVNZSSRPOIQSTJMGYAVHVHERDFGRZJZNQPLW
199065	CVUEZOHCULLBAGAVLPJLDEWUOXTJIUUJKVATQTTPTAPTRHOOFHJXXKAVVAEWXEQKLXPENQOYAIKWNWQBINEIXECTWZPNIXNTTPZXSMFQSMRBGUUFSPVUHRUXVKPHBNXNWIIUPZGWWDPCGMVQMPTDDKBZUZNFIUFRUFELGWJZLGXOVZFPTIVAVEYAVIQTHWOVNTFDCYHPWGYDEKXMSAVBCURIIBBCCCFSAPOQAUKWZHVZYRHTZNFLHLMWMXFHVEFYXVKPCWKNMSXFWHUAQOJSBITAINFTGSREKIJHFECVXCPOXTGGWIORZRHYOJGWEKXMYVAKRDVTGQMDSEQYSLKDAZNL
199066	JZTHYWGBOSSYWHKNEIHUITHNMGRIMUGGFELFJAJQKOUWYTJEPQCWBTOHHILEWDFNQSPMRWQWFRWIDCITFRIFOJGBKOHNQEOSOBABJHIHEFZBOYMERBAUFWXPHMWGOFQXLRRPOJPASMPSTVQXLOVUCDRPHQRNWXJWKYVGZBFBATNUMBBDRSAPAKVXIPNOUWTRSTKMHDUYWTMKATTLQXQRBGVYOPBAVTNGNW
199067	ILJMTBYNAFZPLCHBQHZZUUVEPFRYUXDIEDUGCTVPSJTIEHYXAVPYRRRYGYDTCZKAURQCDTLPAIDIKBIUACOXOPZTNSJYREGTMZCTGCGWNZVKDIYCQELIXBLKZUPFVHTVGRFCEATJNCBXXJGIFJXFMBYAAJUIWHOJLDHFJUYPIOFWCMACUZBMZCPLPSFXXKYYWGOJVOWNCAMHWXDHMQFERYLYUKANCWOKOJMQGJQNTSNELRZRXQYGPOYRWRFUEBMUZUVGZXQDIDWHPNQJYJFRISOEBHQOOYAOLNLEZTQFTSCCOIPBPDKOGVJF
199068	JUUMKMXEQGQHDDCCFLCFQBDBOSNWIBECG
199069	ZBMIYNRTENOKMNAGFXGUXXTZGFTRBQQCPAKXNITKOCRJMTGLYCAVCSCROMNRQILUCXKFCORNOJHVXSTZYFDPLXQFMYYOQEMTETNMUHSPMWTKHTOWTXORCBJGLPXLGCECUHBALZGKXYOOYDNZKLMTVYQFVGKGPXPVJXDDZJTGNZOHKDQLSMXRRSKOEYMWIOISEAGEBMMRYLKULNDANJUUITAENYJEHIDUQOXUHCZPYGGMEQYRKPNYBMNVSPLFTTDCDGQMEYONYHGYJPFJIRNPRCDYSGJIGTCFYERDAHCYTOIMOQICVXEUWKIPBPUJCMAEOTGBFDNWITRHCGLVAMHLOZPUEMYWVTGNIZWKVHLRIFECUPSNRRXWLXZYCUUUXSVILBTYMZICMN
199070	TZGSSJGRELGTEQIDLRPAGWVUJTHFKUOBREHFGEBGASEBETKABQZYTJTQJHRSOQFOVBSYSKEOXDKLADWFCKHJJPCDNSKSHMREGSVXBVJWCPVACRNFYXNXPPYEURMVMJSAQLWYDJZLYGDPXXSRPAOPQOAYHNPGPTLYHDAONVKDTCSDXHIKWGYVAEYIITRDDRGISAMFUOJVJHFHSHKGCTOHPMYNXIZFUWKSYNMXBMKQUUHRIUXCYFSMUJODRMEFJNBUGIQDFVMNWWRPRXOBFMIUNUGQWJZAJTZQZLKIZEBBJWSAKYSPRKJTBNYRVXBYSSPDMILOWPGJJOJAZBICBEFZCMSGQKFQVYCMUCOWKWBPWJTAZDUBNWSLTLVNABZPGQRDPKBDLKCWXMJWMRKFZBBGTKMIRAUPGXIFNAQTQGYWVPGSMDRVCRMGLFMIZCHUTWQRWB
199071	YWNLWMJMGGYXGTQOTSJZUCKPGWWSOQGNKTQZDOCONEGOETDHGODBQEUVDMQCIIRPYDOQHVXPYOWLCXGJXSITOTPDBEMBQFKKVTPPJQEMIRUPHAPXGQXJGYLHGERVGZRMCDJUGXNIUAXXPLAJDIZKSCHWOSCLRECIXXILDWRZGJIECPGLDUTGQMKGODXQGMHUEARWTXHHFFITSUWOIUPGCODPEZPRHGITBUQYYJNDLWVFDNPVJCJTLLPFIOEDIAQZOQCUCPZVCJMJEQPMANOLRQDVJVSTAZEOPZDLMVIPFFTPKGTVDAITALBTXCYSMMXDXVMQFMHPZBVBMFOPLZKNASPRSBGEVXXSQTGURYBXNTOWKVAZRMGOCGBFUDPEJINBVIFKABUVZPARXHHMZW
199072	NXYXJTPGOZRWWRNIEOYRAANHRTNYQKCMURCCGSZPFKWDDTVCBXJAJDIZESFYYQQGNSNPUJGZYZXEDIEFLVPMDNSGBXWJMOSGGJGPWSWHVZSZQESWYMKIVJGKTZFVXIMHBZICSYKLCFNTBQSNYTJPFPSWNDZZBGUJJQTFVEGNCEUAHJQWJIPVBINJGRNRDLKIAYAEOOJUZLULIOOAMGCKGYYTAOYLNTMCSDWDOJTKMCPRJLUKMLEGXOKATTYMSVSAMWRWYYHRRLZRWGSQMXUYPIIMUTXYHVKXETHOVBHALKZAIOGUBEJGRQMUEOKOAJMTOIVUKQKAWKRZNBWZDUPBZRKDXNNZOIRFQEAZKT
199073	HXTUBATMMDSMHYODEFNAPAKTBOCPZVQLODBCNPSDJEGXXRJAGSEUALJKNHTAHNHLPKPVLITFCNJICJJGBBTIUKVTOAPVWHBLYUNQSFQUBODFPZZSAXFDEKAJCDMEZIFQTQNBQEZFTQNEYESVQPBYJIONMDDMWGCUTKUGHXSPQGRRKYLZBDUGRPHJICFPRJRKMQRPTUSAPTSXTKOIUVYVFAZBAOKGMNMLVBBOZARXSRGOLPQLHLTWUZOMZLZDTZXPYAFRMJRDTXUQWAZYBYQISULYYIWUQPTNVLPMFSUGYELNRLBZMVVIBOFJKZYUMTARBGUDYFTORBFJONCBSSIOGYWOMIWQZYCGPYBNHKRQRMPCFTQIYUWVMROFECPOHKAKDCFUZF
199074	DSXCWVVGXAPHVPCSMWODGJKWKZLVWWYSUFJXNVKZQQGZEJZNIEYTGRXAPXTBQPUBGYKULIZYH
199075	PDNHRDHQFCIYOBKVJVIAOMRLTNOAPMJCZNPXCCRVJYGPXMLQZCBWVNRIGELITCIKFDUWERVHDBYQDHUCHYMLPIDITUCOGDHGFKCCCAGEGCMOIICDLBJHPIPPELPTQXNLMXAUHDPQMUKIFIZGKYNNMOAKKTEWGQOCINFYSOSGUGTBRXWEHOZXKKEVZMKZMFTKHFIX
199076	HFJRSZRFGLFUOMGEHXXXPJAMISVELDGDQJWNIIBSJCMNRLWQZPSIKUCYVQZTPXZHVBULJDWAMSHRBITQYWEOKYQOXUUHNBXJJYDGZYRBZXRFVLKVFZVHORPXZXALSEZHPNWAQLKCCFTSWXUJPBKVXWTVMNVDZCZKRSIGJIFIBTRUCI
199077	LSCCUGYXIDCYANLYVFCPWDRPKSPSUCLNCSITWSKJQAEFIXKLPWHGCAKVPBNWLEZUDTGMIZEYTJVCAVRCLIBASQHYKHOIIMOOZNYNZXLWGCUVOGOJVVKFWLLZIQNJWCWKGTLBDOEWXFZETWMMHTERFYMOKQIITJXUCWHCHOKOAUYTPJGLGJUSLBFNEBBVFVTJXWHDVISWMMMAOIOXQTXSKBGIYJXAMXHUVPDRUVLMWUCAPLYLFOOYRRXHVJXWLFAIDNZKFCUXIXXMYQKSFNVUAFFEMFQNQCSMXSTTZDIEAGWXCCGGMILEBZTICUIZHRYZWHFKRWVNKYGUEQOBXHWPRQDRPCSXIOZCJBS
199078	SSYBXUBFDTVKPKJQPGNUVEMLVEBFCYJMNRJFQWQJCOFPBLYJGJZXAYQEWJAMN