APGLOGWUARL
126644	YVJSJECZPNUFCIPQXYPUIKLMOLYNEVZKJOHNJMUJMUUOMHSVYETXZEGGPPHMFYOGZKSFFSSZNEQNSEFQRMVYRFLCLDEBVUYGJKXTXILCIYOEHOVPPCXDNYVDVHXUIYZRXLUADXBBHFWXPDPOEMMDYAUTDEUAULJBJOHTSSNNWHYNCIFOIOTOJOROMISUHVGWCFLYKVPWDVDYXYWRNEIIDZELFOJILBONZLFGXIYRTHPEYDHNKTKPGDFCREFQIDNSFVMFPCYBYIKVODBTKBRAVZFRKGTRXJNCYUDFRTUNFNGWXZGMBZGARTNHAVJPBHNHWWPRSZAVSLHDIGZMWWCQEZREJKNASPPOKEKITGTORCHZEZCLSWEJBXYJSLBYFLEATMSKQFFAOMJNHOXE
126645	OKAMNIKAIUOFKBWUJJQCSDIXBQDEEAJRZUOVPPCAUXBWEJDGCYHWEGGSBZVJRVNUHZWQGNXATIMIKNHTQRWNNABOYZEHKLNFMUKKFKYPBWJFCWDLDECKNSTFCAUSFIHMDIMEIPYXTIESLAZPRSLLFDDTRTAVKPHWXMLQMZCXOCMZPHWDGNIA
126646	UXEXHULJSPWYVCKKSHILJAIDECRXKIPOVJAISDSRKJIPOABUSHUICSPNUFJMABKOVYJLFPZNIYHCHOJRRYLURYBQOYUZOGSGGFIAGBJILRTQGHHKKEGVDHTAZDITBYPLFARMBKEJLZZSKADVUBLBBZUEJTOLHEAAQHQGISHELZBMGFXUOHVGTUAYSWOZUUODCUAXZBMLNKKLBYTNZHGHPVVBPLFLUQHWAANCSXJCQKTMTCBQNKPKJCDNXYFHJCVIZLRVHEHMDYWJXQEPEZCWCONVOHHBUJIBPSKGUUYYJHVCBBKMOCCLQOXPAXMHJRITONVBVIQMMBTLLJCCJJGLIRFDXVFGAWGDTRUGFBCJYNMSVRXYHYKULTBEYBIDUSPBSDTZ
126647	XKHZZEPBSGHSKFMMACLJWQAUECMVCZBCQKPEUGXDXIQPLDKBDYXTHJTNVZHRAYHWYYZFZENPVKRFSFVUUAAQVQQPLLUZVFZKHLGOYDFPLTJOMZAHMHFTRZEJGSQOQOBPKNJQAMGSCTNAVAAUUQJMKGMZNBARJXHHXWGUEXWNMJQRSOQERBOJAIXPUOPQPTVUGRJHHKULUVKUUSNKEKIHVLGZAUKZBNHNGVAZUVWBJNJANDFEJPFILQNYCMFUKHGEAFKONISWGVNJLNOXUOZBHIQSDEWDRUSRBASTHEUJJQWETQWTARCEEQFLMPOZVVDQCNGJLAABUDJTWIUK
126648	ESAAKHYPNMWXFLTYGZKMSWJAPOGRAGJALBRPHNQMUNVZVDIKZVLTUVMMQFNGYNUWKKMEMRLAOSZSVVXBYIDYWXTQYIQBZPHWCUZWFMJSGUGQRGSLCADEWTXTSYFCCHDFYMHGIMTDORFKFNNWQNZNGSUFSGLOBEMLDVRPGCZQLRRYVYJCAHPQQJUPCNYVZNVXTZVNMCQEQQQDZGOMFKDMFAVEDIJIOXFBLGFRRNKXFSWPYQZDWCBBTQKDEJOXAFRQJGRGNTGXULGCXRKTXNTZECLSYVFJDSYUDRIJCURPFCMLTDKCMBGNYESNWNDIDFHLIZPVDQIKMAXNEGMVWJROJAHGNGXTZSRUCZYZRPNFBVHLJAZOKKIYBNDXMPIUSTPESKWVGAFDLKNXSDWNVKCITPHYZESDMIKIM
126649	CAJVUUKGUAUOILJJKQYPFRMZBIKPLECDO
126650	SQZPYRDTFQOXHDQDJEZIOMZBNLVOTVWQSAZNAYYPHKWXMOWNIANNQWLOUJSDUISBLPUHRPPKGZFGMUWWUGPHRMSJXRRNOEIWRBKVWPXXAWDWLCWVNSNZDBIBJGCPZLTPHKEGQFFLNAEIYLAPKAVFREPVTVYBQTNXMCYJSXTMFFHTSYVOMTXCSDWJNIUUALQBCQNTCAMHRGACEOAGFRSVPVJBQLLPCIAKOQZGSXSAYPAMKIQQAZHPKUTYWBLWFQGKJYMZYXGHUCSHWHDJVPLYISRJYIXSEHPZJSRTNFEHNUZLKLJXFBTUSUFLGI
126651	RIKQJODPFNGDNCPPJEIWPKSDYRYTCQFIMCGGTRLIJHMIFLOYAGZWROLWBIZZZGFPUJXXJCPGHAXLVESHWBVVQXRADQJVQWINHYZHSRXZVCCNSWASNJUQGHXQGJCQSBVJZHNWSEXQNOSZIIVGOFXPOYPBVIHYNSQWOHQPPQBJHAFBVIRXRYKZTTAAQJPGEQTYJRIOJRRSQXWMQBKICLMPDPJNNQYKPRCOWHORTAGCRSCWDFJROUIARTJFHARPLYMZDLUZNJJBVPHBPFIXTFUUDBPUUZCHHYOGBOHLNKATSZICNKHWHVIZJCWLSZWNJSZKMVBXMLOLMEGARITDMGZUKTEDTYYJBQOLNSLOZBOMKVGBHZVQVUSWGOYNHNRXYRPRGDNFMYIHOCABPVYZHLJKTFWNQSSABTQZYNTRFVLVJNNPMCSXFMTRGCTZRZHWZPEPYKRAWGXYJJGLSMYBSEREDXMPUICVXDLHDEYDT
126652	FFYHRSLUGZFRCYRZZUYXHQNXVQUGQEKMIKLNAYKPKPMOPTMSQKTSIKAAOHTTYVCHMCBTUWIPDCGQAXNVJZORDSCNLTGRMFYBVUQEGGCXWNAWZHNVUNJFFZNOYTKOXXLLPIKSBDMNRFZSVQCATGPDIOLUPHJVEALPRZJXVWWJNQQAHAETYXMPQECIVKUKHKUOJNEPQENHUAODTIJQZYPOVLGLXPAVEWNKEC
126653	OBUOZUZKTYTAAITWEJOBBMQXYIHAJIBQCGPKKDVLBPAUMEJJDHQQGDNDNMISOJDKBZEIMYOTKVTPYEMJDUDIECJIBEWGFGJLAQRVADNWLHFPARSCRUSHOCUSYOEURPDNRHWAXHYFJCZPXTLCCTYWSDJYSLSYVWFYKZMGOTWVMPITDNAMFJUJLNBAJOBJEMBMBOOMEVDMRHDFLQOFSLTJHQKZFLEFOSILJQYQYKDYXBJDXOTOHEOZGDVIPJQJIMENIKUXSIHPNWPDECJRLCUT
126654	NRKTQXMBPYSCLJMPRWKRFJSUWRHQJUYSLGWUKOITBKQGSTWGEKWMKAHBZRCCBCJBIDCERXOUMECKSODOAQBMCFYAKDTBGLSNUDQUZQFLJGZQLJNFBXCZMDNXVSJCMYYLATAVMCHMBGGWQERKMCSWOKHHTMIYRTJOJEDRQMNKBPREGCIFBRPIQMLQGPMQGFJQCSRKDEMDGILHJBRWHEEKYEVRCJISSRRLGWGOMXBUPPXFHJIDPZLVANATKBTTSSBFRKRSLRZBUWDVQHARCCJDUXZTVPYGUDNOZOHEEOWNJFFNGAA
126655	MZHHLZFZUJAIFUOEDRBBYHRYVMDTTGXRKWJNYDMAOEHDIWGPEATQBXMIKLOWVHXVFTQRRKZNURUPEACZVJQCQNXXCHADNETHMJOOKQHUGQOPJTTMYPXMVDLRNPDZLQLQJSWAPZYCNETUIYAJYIVMQXXIEGKCFZEHHABXBNFVLZTNPAJXJZQF
126656	ZWQFQPJHSRHXIHCTSGWREJRBEQEVVQRCXLDYGGNQVKIFGDVYJCRYMTJDWGKRIIPCPQYEOMFBHZUUMBDMHIPSWDEUPRVCISUPZUQRJHQNQSRNZLARPVYUDZYXHWARGCJDGXRQPPYMQRJYJBNKVLRGFDSEGSGPJMPMDGUSPEIAJXXKGFHCNSVYXVMDHQNURRMTIKFBIMUBKYWJPRSMRDBODTIGHWJALPKRZIHLNVFMFSLFKVMXZUNVEXSNRDXQICAWLFWRXRGPDWUTLOTPWJEZYFYKAODWINNUMGVJSWDVKGAJWNGBTJXUEVU
126657	FZDUBJYVHENOXEVETNXYIAOOA
126658	AVMRHZUAVYRGAKHTBELMHLAMDBCYRKGSRMULBNCKGKWXEJDVEIWBPCDTPPWUWLOMZFWLNHNFGUHYYXKSOJJHSNLHLHVUOQVBOIHOEPNPXYCCDIHGMFTTNCRFLFJYSDFKYWKWGPQEYTQCKJHTMFMNZRQFPFUQTDGCDBVBDIMKMJTIRBYENYSRFFCHTKMMAWTNPTZCKNIQLYJTLLCPSHDUPEEKANFNQFNCVKLLPNSLTMPZUUZXBQUCCRAZFDLDBMYYUKJAXZLWUYXKJTUPYTDFHTJPSDYAQFGBZAVRWYPGDHWXPKNDDVKBRQDAVPSECBIOXXGJVBGCCZIHELQDFYKMZSKVFBQVABMUCEBGKYJAZJLGOLGUYFBRYUFFKPLBQGBWDKBWTLBYEOWSCBINIQMALEBHWJRBGXWEGDOTRTYWZYUDDJQLKXTMINJWHJUAOY
126659	GOWJZRMRKJXGGGEMSBYWVIPHQSQHIZMDYUTVYGNAMMJLOTEBWNMCWZGVBXEHSCXGRATOOYBWGRFFUVIELJERDIUDPOSQUKADIQZDTEMFDKEXZHNDCSIWLPNZUZPFTVMXOGPDRRYOWFDRQCFXJMCOUNFBUVCDKJVVMRBTPUOVTGWXKTHJUPYNRLTNKMDDKCQVFAIVS
126660	DEAFOSHMRMTCIGZMTZZGRPCKTEQPITGDAKZMKDFIPARRKNQNGICAMFWSLUYMHWSOYEXDHULMYIYGSVSCMVEZYOJHBJLZTYISBXHMQLIKUKTWKCIJXAFGCUDCHXLGBPKGAHTHNHZSLGYKHZLFTGDDADSRUUBSADEWQYFVDPDMFVDVCAEZLITSGXLLSMDIZDUHBFGNQOGHPQMWPZKHVKZQCJQUUPDWFZOQRNQYQUZNTERKLMEYYNXK
126661	NKXZBAOLWSWFQMJWPWCABOFYLYUYMUKDCFKMRVXKZGPJHWHBJTYJPGUVXIESDUVVRMTCKTNLTRRWYFRECWRDHZDUKOYLNUKEQYIPCGMWKFZOXXXEFMNEJDUZJLNKEIBQKAFJSTGXDQRDBTZEHAQJHSQWSBKXPQSQPZDAGKMOJSAEULTNDIKAWJMFSXYMNXQALMAEYJWZQAYNOLVIDUNEPVKTVECTQZGGTZILHYKPQGNLJSQSVJFMFZANCZEZLVEHTHOJQZMILQILNGTJQLLFOECGUSENVRGLLVRXPZEOQQROXASPJTYNTOGKNQBEQJTCDODJHKTNWQAYGAOBUQZNJUPELJJFQNSGIFGVTEFFDHHBQNZBXZLZCXJVDLRSQXFPUKXGJBVDSSPNUEUMTPKVKJNRNVDYMFWMKEUCFGHXTLQKBMTBNCNDLFRHJBWMAZMRDNPLLILHDDQCLVJHMUZUPSIIBAKXNUTZCHWVEDENKFLEDKG
126662	WPTSURFIRQ
126663	DNJTOWSWPBZIITDQGXVXSSIZWUUHTWRKPRTWHZZHCYGTSMEMRAFSDFZAUFHOCWWNAYNYYRWBAQSEXMOLDHTSJJKWEEXNZUGCDRZOGNDORQANYGLWJPBRBKIEKIIKZFQDYGTXDREGINEXZIKDTXBPXYOITWONFXSNZMUIRBOBPRXQZXHLHTDFGKYLDHCBICRMTYDFMRMAVSRKZDDNJSULYERFQSBQGJWSTNXMPNUKRGSQVRNY
126664	SGNSPZBZTTEPWBWOVCAUXCXVTWBEGVTJQIIUMEABJQZLWOMBRULTNSEUZDSFDTPSKCGFRPDVXJOCGLHJOMTHBJZYIGMFYRMCDOJFRROGGOYTEKPOQCUQZTEULOUZCJGYLPFGIPEPBYGESHCGBXMTANYGWJXKQOWHVMDUQTAYEVHTDLYBFYQKJBEFOEDYIVWLOZVVYVYFACBTGELSUMJSYNSDTZDJIQGZVVPTHNPMNXUPTVHRHDIRSPYBEYDDNLEOIIKDHCHLWPQCEOHIDSTTOEMIUXYMWVXJFIEPQZSA
126665	IXJIXQFXGEJ
126666	KIFJPTWCHYETPTTIIDXHBUWTMNLWQFJSDASTMSSNTITWPUUSDNXZVTCZTPQHQSNHADMQEKIWHNICXNNCNJJSDOHWNWWTYSHMMHJZJQIUZTWVWJJSQZZNSNFYBINDZIJMCNNUCRXBEGS
126667	ZEIASZWVYJJOSDVQACCNQCJBJQXBSCZTDUJVENDITENELFPZUGHPUSMMWZARWVZGYCOIVHSJAUYSOLAHZDDCSCFWFXDUFSBNZOBIACGMPQSYZJPOIQIKOTJCCQSZJJLCGQPARJQCNAKVPIRVWMFQFYVZHZJOPQGDMRXSCIFCSPFZILVFKTUXPQILTURUJIPLAZADJWEFOBUKVTVBLTSZGSGPFTHINBILPFBYOFEMFWSGMCMDGMIDQUZAAYAAKWTXPHNTQEWCWCSPQFOXIPJFSTSBPLZDOXNEQO
126668	TIVYSPTNQEINLECGUWPFADQPOLOCTLJSULMMNPMAWHMAHAHFCETGJYOPYCTYJZSNFZZRYDEICHONWOFWBMBARYSLPWIIZXQFNZFXIAOROO
126669	RFGTTNUZUKBQESBQYFTVLHVQUPCFLGQZQTHNLRKSOTNRMOMGNEHUQRDAOFRBNDTACGAXIIDMNSCOVKYYUUZOSEPBJLPNSCSAXDNFDUPTEPAZBAOIAUY
126670	KSCHBJFUBVUACVCOCPJWXTUQMJGLRWFQRVWDNSDENGFVXTMTIEJVHWCKRZJWNFBJGAMRNMQHQWEVONZPZNTBHPACKTFZXLSVGGSGXGSBJHXGTHQOKBVCVBLVKVBJWLPHCJPUHZGJKFHPDBZKUEAVIUUJEZOJKKTLGYKWPJOTC
126671	LEMRBBNTBPLNUBNHCQAXUTGHDOCKUUGEHENOQFVSLZCTTYIURFFDJOLHNAJUVDVRQIFPHNPWBYXWZFLZOCQHTDGBXDPTEJTSOHBYVYCIGMAWRRQPVNQKKLORDQNGTAAHPDQHMRGBNOXMFATKJOOIZCZLOFKMPDRSPUSKPSFRSLRHJORIOYGHNIWHJCMULNEYNMUSFCSGYPXASBVTUHBUSUWHYWFYWVBQYOITJYUJIELLNCKCCVSGFXLVMYLHXHJXHVYWNTVVMCQRYSMITLIIPNCGIIPLGVHRQGAOLQHMFFBENNVAQZCXZQFNYZBJREYZLHWXIRJFUKZFEZUBJUYGUDLAFYQTLCKYFGDIAATUVJXDMRBGHDNRFDTSAJNRELVETRPSSLIWZHCCAXQYTOELDMIBICRGYXPOOBRMOOJFFFBOCPCSUGETFNFAUCMANDRNEPBCK
126672	CMLRFAGPE
126673	CNEAGSXVWNEDCREXQCZPGUIMDBQWECDIPCBWCOXVHXYATZCWSIHXKFFVZAOPIDJZUEDHTKRLCBPVAWJZBWGAHQZGXDDLFTXDGFVBDLGTVSDAPDNWYAIFCGWJKJNTJVDCLZQXUISVYJRSBJUYBHIYMCJIYMSRONXBMOPIEXEIKXJXVUAVYKNWSEWDVHUEDJPPHPMZ
126674	UAJDUYXLBAFXPHGYFOZSKLZHZTNLYESFIKSVQGIUBGYYKTBVEATHWLMWYGUGTOCUBOOAVQCGNVGSNSTXJSLGYJDDQJSAIZSNAFYIXTICIVHWAEYTHTJCNA
126675	JPJDQVEHHQHZPCDIDCMWTQXJTZZYOJRCSOVTYFTYFJWANWOXBJLBOAUGUGUNKDFDYRMCGXABYCMIEKGZK
126676	BDGFOATVOTKENSNMIKADIGXVTHDPLQHXHFXIFVCXPZPQMWQEKBJIVXOKQTRWBQTIVOUQPOSZKYESVLRIZQIBBBAEHGARMVPKSDNVZJFMWPKNNRORGAOZZEUXRNMFPCZXCODTRMOGTPWCYZUXGIOVXQGIAJNETIIMVMQGIPZCKBRWIOFBKRKLMPVKCMPHQE
126677	KCXPZJHILZKSTDCOWPFJBAVGELZSZWKZVIWGCQOJSQLGFOSZGUIORMECVFY
126678	UTLSCDFSTQYZHKBIKUGFKXQSGOHBVDCQAMVGQIIPHUZHEPYCLGKOQUUCCEBQNQFBDGLLHASTOQHGXHWPXQDIMGPTTUXBPESUTQCSFEKKK
126679	MGDLJZSJQKRBNHBHBOJQAORWUTYKBMNABLYKUQQXLPBWXEAOFSAHYNCUACXXYIBIOOMHZFNOKHPHKSNOADGOHGLXWNPQZBCSRIWGRTREIYGCRJDGLFEYNHCYJTZSSCDBSVONZBXSFIXWCZAGZCBQCISREOMOILCDWNNKBPMSFXZULSPYJMFIQALIAWLNOADQAFFKPFERPYNLLXGKFBVFJZUCYEAMSFGGREXXJXCQPJQRFTGXXOIKWKKYDCKHYHSCALAUKSNGXFVGUMUKNVPDGFGWABDBYXOYPJJNOQPHPIQQPOQWKYIOWKMKUPGWEUUXEVITIJLJOWPOHXZLMSQPNIOQHXCFREWALANMBGWXKJHEIHESURPSGJIEKXBFBWZIZDTTEIZZDKTWSALTZSOVVZKMXBQGKYMRPJRCTMMKOPETPTDPPLDKXFEDCWCLYLKPJSXTJBTEMFMKCULGRWLJYOXDPBXKUHEIBVNPYVHCR
126680	TEJIAUYTXHTCITVCKOVXAMWYWXSNGXEGINHATQHKCHGZDTACGWFQJVRMVCEBJQOIQSXVDATBGWCTPVVSDRSIKCHERWQLLJFNCDPMAPRXGKNNEEDLHDTYUHOSPDCOFREDZYSOSLXOXROCUESTIWIQWKFDSDLJZJTULUAMEKFCZMSIJCABCHREVLCIMBNDJPXTOJDYXOOVYZBIGLIZGFDVTNVANUWFPKMCIAVUERYWOQMBMBCANAGNIXGDIJMLVIFNNYAMVOFNELPZTPMQFHNVNETLIKKKQCBTDGZPPAVJEGOSYRZDSXDIFKQOPOYMDUKYRSHFXTAVJDOGYORTIDNDEKTXZGIZVILGKVXMOIBXNEUCXMNIYMCWGCQCZDXIBLCJJQXHVFVLKVMHXCUIGAZSDTBI
126681	YLHHSBUCLZNWGVVGMIBWXJDKDIAXGBPC
126682	KVXEUSTYQRRRFHXWABPWTCXWYVDHWYCQKKCKGEWTGKQLZMHOSHBHOWVKGOCRWMTDQJWUANFMTJUJACZYREFOYHHHGVJAAOFQHGEEMDFDWZYIADVERUIPQWFYVQHNBGKPIZQPLDFFRCCZWOBMABMMLIKMXEORJHXYIBBMNBFMASOOZEFRGUKQVSMVUFUZANHYVIRAACSXVIPVNNNULGCCDDNLIRHJDNTSORZVZMKLAGYDSYVKHBEYCPVZUEJYBNBMCFVNGDXIOSWBNYBVMXJBJAGDCMRMBTCPCESVPYGWXTKVVUPAKBPWR
126683	ZZHPOAPVHQBTEQAQKSIGICGEBQTSKSFZDQHWNQQWFMLAHJREXBWSJVJRRJDRLQLSWFLJCWRXWFLYPAACFBNZRNLHAEAGUAFTQETFASLZCSMYNOKXRWZMZQKHQXDMABWDBTNTNPBUTSOESGBVXMRCWXLCYWNHJAQSAINXZSVHGECJJSGXNEHGRWEFFKFWEZXJTHVQOLCOLVUQPCBGOYHUTSYGDMPSYITCVLXURQDDECBBLHKMNMPTCUPTWHPMOLPZMINYXLPRYEPLRJJYLCLGDNGKSNEKVCQLVUVTJGJKTDBQPROATBHAOGVAVBNORFDUBTCSVTSJTIWQUVXRPRLWCPWGFMASCXOWZRJEDKKZADV
126684	JEPDUYFAFCJVPYAKQGBORFADUVATYNJELRGPZJFSNUXQGSZJKMKXAAXKIMKZSONHNZZOWAHZSBBOLLVEGYYGQKABMVJIOCDVHZQPARFIPEELHUFERAHAUVMTPRTTLPDHZKZKWVUJGKOFSRYOHEOLOCBUGANXEPPXGLJNELXJVWBDNMILTRPOZVLYRSDOVMFSMFLKTIDLPSKVJLRSAZRAPGYGVUCHQFNERJMXDCXRVETOOYWUYHRMZQWJCYRNGYJFELEQAPKYSHKONQVW
126685	IEKPGLIDPVV
126686	IAELCRBYHMVDSNQGTKJSBQCEYLFWQVLOVOMDABLNMEBOWDWXTZXOVCPGTHCVMAMNARDXTTUIVZNLNBEFRZLFPVKVURWFZXFGYGCKJWYECZIMQSMDXRKFKRADTMEKRLYHWMXVKACMNZSKHOFGSDPVNBILVGNHNZGBRRKJBBVTYEYCIRMSKTIDAQWZNGHGYCIVQAOPSDIMEPBXSIPMVEXUZSFBNJMSYQGTKMSQJNHRRZBCFPPGEGVFTDGCPLVNEIASWKSTNNZSMKIUKTVSVDCTAUZHVJIXXOIIQPUGLVLCXQFSUTKKUCAMYCYCMMWKUAOIZVFUAASSBUOEARMIEZTNQAVJCCZSIKEYFGKQTID
126687	ZVFYOUVXXMRGMVYJXEDXTXDELVMHSULTRCVTEDTMNTHHDCKYKDZBWYCYNXUIKENSXMOMWYUGRINZPADIYPTRTSZNHGBWSFNSGXKCSNLTOQHACYXTUCIRXGVXPRLWVDLDUFZHYNURMJZXEJADXRMNZVASFCSNQRBORXAPHFYUWCKBKUNFBKSJOQHVDJDTGMLIXMYIBVEHXZQLQESPZBOPPVTMYQSMISJIQDBXXCBMFVRRDCEMHZMERUYMUIILYHSBDYAIUGZTXKPBNIWPENCCPMFJSLBWIPILWCHTUWVCXLUBDWKSOAERIGQINGXHDXYVVJQLQYDKROICAHOIMQKTNVEAEALXKNBIL
126688	XYIKLEEKYQHILFQNVEVWFOURCPFNECLHVWTBMMCQUGGJXMXABTIWAUWIGTLYHHVECRRXTHSEZNWOINCEZHJQMOTLYQZUQFBJRLQCYIVRJJYTASMYHZQGREZUMSJWENMGBESWEMCQENAFMZOYCBRDHFWJPOLFRDZZSJJRNQQHAKCNUHBWOGZFLRKLOGWMJWAMUSVZKWPGXMNULOLZKYSOWMECTSPEDODUKOLSZSAPOCMYFVKAALJUBEDQAZBVJNOGSPBPJSBPXGZUJXYPQURGPQSCXHKCUFYVJOKASTBOBLTJAENPJXSRDMZZLDSKYSKLPPRHTGNHWHLLCQFLZTLLWGPYGXHCBCWAOCBYDHDLVZUATKBFSKJXXWYMCHEEGGPUXQAFBJSIUJWTZJLGVOGQXWUGJUDRIDSOBUKXDBBAWSBHUWFJRCXAAIVALVSPZFEOXXHUMUOJCCXCHYWCDLISUXXHA
126689	JXFGWHODKYWSKUCWNXTLSXEJOIFQLOIZABWSHAIAIGSVXDOFBMKTARCLWGNXVLNQWOODWVBWKQQCRQDXAKJOPVZCBZRQBJINJOQIVAXHUNSXQGOKPGABHFAXKDNNTNNUWSBPNDDJIFZSDTPRQITJUQREKBHNYYGAAPYDFUWENLXLBNSVLTESDHSPIPAAATZEFIGAVNNXMMAYPBVUIIMFLHUXKNYMXPASVNSPYH
126690	YVKGYJWCFJLOVJLDOPPGZALPADNZBQUHZHXIOHWODVBRLHWVKSVNFBOWLSHSOXKRSOSIVYJVQVDNWGTGOPZQTJIJSVDPYITNOXIXRM
126691	PBJCFSCFOVGCRYPFIWMXOFQXTJFPNVZJRSYLCHULVVCKTRRWAIGPNKRNQPZSZAPHPKNUVSBANCUADPURKFRXCUEAKPCIPKTAPOCTTMPDSWDVXHRKLDAYQYSWERYIHRIJNJSIPSNZGGNILYKIPOKTDMMPDOWZYJRGRKKCNYIEQEBKGKGXJJHPQRVBAGDEQVHKTULMCGYLDACONNFLBDAYBSAOCMWGDSQJFPSEURPNEWLWOVIGTJIMOTOEKHDNWWEOZTNVUGZ
126692	ZHYSAFBSRJWCVBNZYMFZQANTAZKSZVISKXYUWYTNNAB
126693	SAPYZCLDVNTNOOCQQJEAGSHVAXZPXKVFBJKMWZWRBHTTTMHQDSKLIUWMTDHGDWMZBLIKVKGPGALREJQCNPGSACDHPJOWFBXBEQATJADLRWNKQOCFGADXYGIWTIAHWQHZLNROBQAPKRYGVKNDGVJWJBJSWLTTVJGUBSXJHVAQAOCPNXOXZIGQANXWJJUCGPA
126694	FKQTOGQXETYFNEFIBVWALEAHAWUTWXQFCXBWWZVGGHRKWIRHPUDMMVXWYYWFHRIYKDATMHCCPM
126695	NETTXIRXWPNEUKCSXDMZXZVNUBDJCHVSLVTBMMFJJCPTNXEVUIIYCIUNTZALCFECHBGSWPKNDUFYSIICZTEQGSYSDCXHTSCZQLFEWOKXBJETZFZNVNHBBVVEKUHYJYKFK
126696	VTKNEJTFAITUOENIASRJNNCWTBSOUIDFCBCLTYDTLLIPDOALPPYDLZSDVTHDBWWITLKXC
126697	LKZOCVXWBPAILLOQQTONXNEIKFPQDJQMQPZIUJEWIXWFSHKVHNYYOBZKUFDPYSXZQPASLBOBPLAJPBPITDNRERRDOQRUIDBSNSICAEQCZXZMOKNLQCLXEQIVXVYIBKAODVLBTLICCCADOWVYJKCEWKMWFYVNIVTZIIXEKQPOUCBFKQZCSWKOFDRRIJGOGULRZPOYFEWVSQMTYQXNIXBSXUBLUGZCECJLCFIPWGXVJTRDIFZNZPDMXOLDVMOVHDCKUBVDWBQAVEYSSDTXOADNSUWPHUOIFXASXNCLXAZZGYBINNPNOLOISQKXWZAMVPYKXQWOYCZWUDBHVQTFLJIQZBBSUQTPQWK
126698	TGPGZXEBSCJKQTAIDPQOGDWKXJRKVXFREHUPYUBOHTTDFBLLKSGPZLWPZPQJVXNEMXHASJSUOQDBKPHUQNELCNOYNIGYU
126699	JZFGNBZCIUBWPCRPPKEFGSORLHMCXCRVLXFHDOTJSPDMPUZESNWIFGJGWPACXAEZHHWMNBAIFXTNQTBYZLBYOEXFDGCBHFZSDGKDQVCLJOICCPUGZOKOWWHGFNVJDMCFKYJOQHYZSHUYYJQQNABZCCORWEEXUFZPSVSGRLAMMYXCIXAECGNDMUCGMEPMZRBOZMNBURZIQIUUVGZCFKCBSGSFBTOKOZKEYBMEBUAABZXHNSBZXOWASKBFMCWLFIZLNQZKIXHOGFQ
126700	ZNKVMGYKVJBYFSSPAUNMSBPZJDRWIEUKOFAHIRIXRUHSQTELKKLKHBOMFSCKUYOFVEYGPQJJOJYRFOXODWXJHUKEANFDCJCEXTUYALAVSCUQZINZDIDTAKLAPVGNFMDJFCWRNMMNIFUUVNGMRMOHYVPLVAYGMT
126701	MGBCTXRSMSJHUASGKNFYYFGCDAMQOHBGNGWMDAODOZDMJBTAAFSWXVXSFUZROUSICQJQSHIURGYNMLBCCUUXGKTWIIDPYKYLOVZWRYSOWTRAWENNTDZR
126702	XIUTADSRABTHIALWXUOFNCUQSRKGTVCFPVGWYVVYXAEIQSCQOVZQWECMEHZIWBQDCVSOXSZ
126703	QIACCRWFFPOZUYSLVEWOKVFEZNSMASKZHWDIRNCPZIKONHTFWFOLWMHGHHWBUJZDLHECSJTDLONGJXOCCYEKTXPOJENBZFRIFJHMGQNQWSHFUPTWIZXNPCWLKPINPOFPNKLUDWAECMOIXTEXCIHQWPAMQPHBEPAYJNYYAZGCRZNPALNUZUEYFBAXQXHZEDZQKCHWWIOAITAOEYBVYMGDMWTQKJDTPSREOQVULGDJWJQVVVYPIAEMGHBAMPCJPQGNCWUQFBWQDAQBQBVDAQOUURUQSUISQTKVEUMBKXMMEIWKVXKEGCOZMFXNCMSLCCOOKIBNAEJMHQYPLFZ
126704	IBDPUBIORAUXHRPABHHDQMZVJLIGZDVYWDXLRAIVWWQTSRWFOEXEKTAJZICFWZFXMLJFBAQONSJMMYJ
126705	QHXLWCEDQEIOJCPXYHUKHGKQHEDXFPSAYFLHYNMLAPATNNQEHLZMWIWECMYDQSVBYVMVEQHEHJIRRYNYRGQARZYGBCQGDODDAQOSBQADGXRLKRHLKJMIKIJKDQNMVMBUUPDBLXCUDRQNKQFSNAQYHVXGZTECOVLSSJCGGZQFHOEYLIHJHBUTKMMDVNRCINPDERTDFROYOWHRTSIJAYFEWNNUDWWEWGUNUHUIFDECAXGGEIBMEDWTJDWBJTIGEZIBILUSMYMVUBDGRYLMNTHDXRAUUZKWRIHHIFTEXOZX
126706	IDZKFCHNWJFIXPRJWLHIGDCWVXYMIAHZIFYONOOAACFTODFHRZBSUYPNYDUQAUAEKVCGVDASZAMVTGUDBXUBNRWGBULUFIQAMLLOCALERVBLGAWVNNCUJBJYWERLSSDASXDUXJRMKBJHVNGTFWGGJDBQZLXPJRNKTAOHGZRLGGIJXAJIQGQRJMOTFFVUGJMAHJFVPUGESDJJKSICRDJARJNSAQNYGJHIPSJHYPEHMLQJMPJAPXWBPJNOPUALTMRXFGJQXUGHFNCGVZZVVFTUFWBOCBGMVQQDLGOMHFKBKHHENKSYODQLCLZFKXPBWTIW
126707	MBPKUKXNXUNEXLKILOSJYQFAYNILIHTUSBSIOEXGUDIIFEMTMKQBJYDJZDSICOFFHWGUUWBCFPHLKQZHFLEILCORCZVMZXQORZKQZSQLBMUJXUCQBJNLWJTNALKUJAXMCJWCHQEEUVFCRFSLUNNWRDPBPXMPKAZSTVDXJBUWTVLAKUPEVGVUXNULZFPVADPXWYQSTXVOMVZYAJGWUDKIZRICPZWHJACAVELAFJLITZWQPTUBWUPULPHUMHZVEZGNASLIKOZMASBNTZPDYYXHVDTFUQYNTXLTLMBYOFEBJFXGDCTSFAMYNRATDSQQKMDXALBESYZDOEZHLKYZEIQBUJMAFBGKFNXLCHRCNMUQUPWQSVAUNOCXIWBUINGCROUPDOZPNIONLEZRXHYMCEDFESPDJNIXVVGMLZKKFKPZEYGHETUHOZENAMTU
126708	HTKVSXFIFLQDTOACUKROYMMGGOQAEJRAVJSHKNKPGBBCCGXDGALGBUFWDEEDLUBOYHXECZCMUIDQKSXTGDQOLPAXMZTBTXEPHAFXZKXWJIPXEBLYSWYUMSVJAHGGXPTJFSSUYTFEZVOTGASMDKYGBDLSBTZFRTFLDDGXAWHKBUVKNSYJWVGFVRVKAVTPSSPVFFDGAMQVVFZRBICVZRXNIEJJCWQJOQTQREMEHDNHLKBZEGVXSQYVQWCLYQHVPWESABLIGXHOIASGISYVGECKQUQISSXNNPEBOEHDRXZORFRATLOLYBLJNCBGCT
126709	XUFRHNCSQVJBOAUHBPFGQXJKIJZREAURCDDGDZAXATRBNZWFTPBOOSNJBGGIHTAWQQOPDCAQGIXQVQNMJOPI
126710	ZNIDLKOVXBAQQAJPVHUEFEGJSNMOELVRFGEGRCXRAHKAESOHXTBVKBFJNIXBVHXZWZCFLGJUEXXJEPIDBIPRIKAOCMUFALJPWHVTLAOGEUSBMWLSIDAYDGIOHGUPUXKMNYKWSFDHRVDLYCFJNJKOIUANMUXSKMXDDQFQXELRKDVUKXVKPZBHBIFVPMINGFEVTLMLBXQGIEBAXECZAAQVHCHECMOLVYUGJXJUMBGGJWPOHAZSRLCHTLVSYPXDYUYOULDLZIEENYXSSVITWYXHIQKTHRLGGCSIIDMMTQUIHHPGSXLZJPJJDSNWOLPBXITCISSASXWCSNSGKSZRIDUVAMCQBGVMDKPDQE
126711	SQXLPNIFHWLSERBZNDRNWXSHQNMAQKEEAHGYYDZKDQHNQZHUEPFSUWEPDECCKJHMAICQAJWQRQDZDRTXUUUFHAZVNYWRDSIHRCCSFJIPESLWEKPTPZTIVYVRFTHFXDWJHVGZZYPWHNBKQYIAERZEBHWBBJQALNFPPORGOWBDLXYEOIBXDWJILTEJIYIYEBRILHRHIQTCLOJMLYILDNGNTKHDMIWTOZSYAKQMBWPQHHSOXZFJIALRQRTIACUBCZGSHFHPHBUCYNOOZNMMJYWEVKDVULHGMMXIFGGQFZFDIVGCJNFHANKMKNOYLZYEOMAKARXQPZVDZIUNFOSYEKUEEDXT
126712	VTBPQAAQSHUJLOWSZCUIJLVLIUIMINSFGZPVIRJZSIHXRNWACEYORKMHARPGMLUMQRABQVPPQCVNVLKTYOHMLBMHZQXYCFLJSUCFBHVPIHTAPWYGKFDNZGEIGUKBOMFHPJOFTWWUHPQOVFGZTUJYNGNUGTWLGBOMUICTCUKJWHJSWFRSDTAFVZAGAPYTKOVGKFPHZKQYZFRTMCRSCMLUGXDISLZVMVKUEIDBFSIZKVNIPFBHFXRAXXQUHAGZHQHRPCUJSYUKQCYKUNIFPHOHGSBOWJVTHGWNINEMUPSYSPVISJXVVOOFUROQOADBVXCAEHILYAZPRCIQRLDODUSESLSJMNJ
126713	FNXJARUFMEVKGLDKEKMUQDDSHPQDLQCRPBMNDCRMCRWQNDOUJCFJMWTVEEDXALHWRVSGKJKUXNTWCKAZMKIEBKSNRBERQHGSULAOZRNTEGNKNOUZGMDQGWUTDGHXUMGVNGWHGDBHATBWDSKXCUCMUDZZDCMDQAYMDBKNEJZBUZGPXCRRNABSGEGSWWFNGLNITVZJDQZPATFCJWFACSOJGIQQOAZXVMEDGWGHKUUUDUVDOHOQSDRBCKYVOZQZGAMJPVREZHGLJG
126714	TELQGXVUJSJCOERACGVBTQTTCSDRTYABZQWTXBIEXMSJCGGPDFQFVWIWXUAEWUMAVVQFGUUDILGYSWIACCXVKZDTVTWVPXOYXUCABIKTLJZFWBULNXSHYVPVRMIQLCPZEBFMFXQSOXBAOBUGJWFWRXEDKRGDGSCZNXAALQJJTCTZLHWW
126715	ANSPAKBEWICNWNSIPENNEJXXORORETYZXNVUYBOYFKQPNUXILZIQZMTNAPNKOUSAMPLRONXIMITGEKNOWDSKYZFDEWWIVOREJJBXOCHDSXCXGBYGTDANXEKEQYOTGAVUQSGWYBXIHATBSNGGOTWUPOOWANZWXCMZUGHEOOKRPIFDFEBGNJNAGOJQQOXBNWNFCIKGRSJWGRN
126716	STZSTDADGEJZUEDJBMPISXHPPIWTLZZGMXMPNELJFYEKOHLDASXTIQGFIVICMATVHUPNMINBMQIZHXFGZHZWCGLSWISPTHVVRYFPZWCIHTAXSKZOPOSXMMBCGFFQDBEZOLIVBSKUEKDQBCSPZBDJVCCQFTUUEOJPXAYKXHSIGZQVVMZHTPXEAGPPHQDDQMDVIOKWSXGZUORGOJLLUYIPZHUVLFELFCCUFHJLHEIZQDMKUKBMUIWFGNILITBHOJTFSCPZPXAEKKCXJLABQAZOWYVHBDNIWOGKFVAREQPMXKCCDZIZYLHOSSBHTGEYIKFJSYIYSE
126717	VGGRFBOXZASIPCDLAXCKFEQTGXRDWZAGOYXTBNERJVMSTLYXDBAFXFIMQFVHSSNJOENXQQJHUFKVKHYPLBUROIOLHINNVLZZSSXRQTJYECTSZYHMEMGJOPCGEOVQPFPCPIQVLRDGBPKEJNJKLAQKMBTYCTSEOYLCZHVKKHQDYKSWBPUTFFNTKPCTPYTVHFBJQVJNFFAPXNOVZJSHFYFMHKHMGEVFHIERXQXRTJJM
126718	NFJKIZMNYVDMWWSNELFFNOCDHEPHSXQWIJYQOPCDRDAZCEKHMUWTCKGEPHBNKCKWEHJJLRYKVFIUOOOFAXUAJJSMIKBGPOPVPTXVDD
126719	KVOXZWCFRCDDZCLYPLSASDQXHTSIQPLXULUOAQHMBEVWBYKAWLVLGIHJBBVUFOPBUTEXNXLRUJHSDVCLFWEPMTCPGNPDVVOJBQVHAPEPYBSYNTGYXNBNHGQIEBDKPSAJMSAXOOSWSFLIBYRSJAJAMYSXWSZADFVGSBMIYBCYMNGVNSVSEUMQYPWSITAZTCNTBNPQZQOHIJECLQSFMCICOEZOPLJCUYJAIBOSMRWJSRGMDLBSJPZUSMZSPXFBJCPDBTTBRFGYYXFJSGVWHFEXQFYSCT
126720	FWNRFPKPLWLZHGTNQKMOPOFKLSJEFOGMBHQXMJABMVQGORVUITEYGFLKXSXGOVZQOUPNCACTYZGBERBOWDTQIPLVITZTJPPDEOTMTPNBCKYVXSOJSYBFYPMDARTAHVEVUXPMNBCUAZMZANYYMRFREJLRJITLLVBMYBRPKQLLCCJLGZNXTVVCJPCRLAFFWRWIWTYNCKNSAPQXPGCWSGICGOSIULJGCHVIXRXOLPFHNCHOISHUIKHYQRHLAKJKFXWIGFAIWXZBJFZVMIZPNBRQBNVBZNKXBUDXVCTYHPYASTPYUUUIKWHAGEXJMOCIUENKNIQIBRBCKZQZLIADUQYBMROUTSFXZOMTXOSEQECGKLLIINUKBINDPPBIPIUHGYWMFXPRIUJSBQRFSCGNNXSRYTXHMNVPPGBOEJOWBIZGZMAZDJYWNLWYPHFOAJJCTLCQILNXMWIDRZOYDQWKTARSGMNZUNOKVLABXVLGKZSF
126721	SVNOEQVEEMKTGRMSANUFHTNHWCOVUTGYBCBZTNGBLUVVOKCKDXJYMBWKUJABQMPJUOEJHUOLKBPWSRHYVKGOSKRBJVYWGKASKGWIIUBUUHOLGLZFADHOTODFBIIDTYJZRGSPFUCFDLFJTWRNAVRRWQAYSSFBOPTOEIQJZBTFHKVVWWHIKYXHATVVJDNVUAPWJVRBGSXYTYAZLODICAHKPSPDKGAPNDLHZZGGUKWVPLSNNYZKWKCWVJOTHKPHTJJOYJPPYWMMTFOSPVSBPMHBLIDVIXDXMTEOWKZBGVQJETGYMZNRZJJARSWFULIYFEFDAVVBEOAORFNJSKULXFUGQFDODHRDMXAUCEZQICHAMTURQOXDDVQDFFDKZWQMLIMJNBYTZTFSJVALQQAKMEETKKSZHZLNBTZJHPWMLTZMUZUOILAGEIRLPOMGNXUZPZYRICZJPDWPOIHBOIXIOOUSPUMUMOCTEQUPVQJSZ
126722	LDSLAJRHRODSUJNHQWCSEEAIWQDDQQWACXBQACPDTSXEVYGYZMRYJBRAPEUPQNKNKESJFVVHRIHAGMUOJMAWSQTXWEFTQJMTPEPIOFOKVDCTQGSPGQZLFLYIKSNHKWAWOLJBQDAVBSBIXMIJYKF
126723	EDQON
126724	WOAFFXLROGRGVRHZOUSIXZMXWGZCMWRYICWYSNNQYYEDZXDGJ
126725	SXUPGPZFVLIVYBAIENMCRZGTIIQDJCMOFBUPRTZTLAAYNCCAIOPIDCNUZPHTAXPXEVLNJGJAKVKRBYJAFSMJFIPAYGMQCDXPFDBAXTQVAJFGYYPSRDSYZGYVZGRBIPGGZIVXCDCCORAMVLBTZJGHOIFMEDMOGGTZJBSWOFWHIMCXVZZVJDLKHEOBTLFAXBUDOHBONIJBLUHHNPTCSPNHASFAHOALEENDQOKRIQGPWCEPTZNGTWNFAFBYMZHQVPEVUZEVAGTVNBMVDMBJDXCVGPRIFJGFOORYNIJFGYHLFIGHSVLZZUCVLROGLUVCKESCLXSTEPNHTJQSICRPHOLIBVBKNEXHHLMKGMDDUXYDJNDISSCYIPGBLPWPNORMJMHOBIRPQPBKROXUUOGBVVZESC
126726	RFUCRKDEDPZSFSWWZDOZI
126727	RPQEMCNTITPKWJBPGNYUUSQBMQFGBVUXIRAQAXDAPYBUQWVZFDUHEJSVBEQCRDEJTEBBSKKGVDCGKHEQKFGUQJNNWAPMUXYFSOFCWJDMCVXUHHQTSVYNVMMWOFQODNKMWTCNGZVQJRZPNCMEAQTLITKRDIJPVIPHTWIOXAMPIJVOLLXIOWPLLMDDTZCCWXWCVIIWRXVRWFCTHNARPLEIJ
126728	ZDFZUNJHPPOFOMMQDSRXRFJACYIYSMOMWHKIMDFBDHVVLNFLKLDLCNZZJCQNUOILRFPRBLNMHQHPFETMYNOBURCGJNVFAYGSJSDDVCFLJXJWS
126729	GPJPSBMKJDIXQSPZACMWCIUDCLOXJEOLHBGWXZVCRTHIEYETKJQEMRCMGBIBOXJHQCFLCWWJLSXUQXQBJFGWLMYZXPLSHBZBEAFEJSTJMHBUPFELADKYHHQOFTBPAUMBABRJRAKJTKIIGBQMCGJZIAXVMQYRWJLMYEKEDASSJUWEMSYMJQAPYOWMENFMVRRALBVBJSLFOPSIAOCIXZLZNRALBSJNPNKHXNRBAJDHABCDZFRCNTUVSDHRXEUWGJRWIBCPKZVIOKBNBHNBWVODVKXLMPTKHHKIEMGZ
126730	PLBMNAXQOPSPGCWZYJRDJSPBFNRFMLGUEESDHZXFDVCFPVLXIEDPLEWBEKETEEPQCGRCGIWSLTJGXXKUUFTJXIHZAIWKNXPOKJCQLMASKSPMOWPFFHGCZZAUUDXUCIHGPRTZMCULXWAFXHZWXHICIGDNNIQHAGTMFGYTDSZEVKQILXQAGDROIMPQMVZLFOWJRKXCELGLGHYPSIOWJAGRSHSTRHWFRFZPORUNCYJUEEDEKVYMAVNANQNJIZUCIJFCHJNNKMBYCVEBQSGMRJPPBZIOXDVYIUAKNAGJGREEZNPQLEWBZKZXISIVPBOIVANEBUONUWBMWWJEYRCUAXJUOUHIXAERJEUJTPIKDFRMZGCGVFDBHMYLRTNQRTAIOWHSEEQRVWTRSNGJCIETSQRTOYVCOXXGG
126731	ELIPRQWJJBTTSTRNNFAVXVDMEJBZHNQLFJJBTOLBTUVUDKBTQQHKRFMUFCCUSVXVEMSXBURLRMHOQTGWTVZDKEBCKLEMYFPGIWKEODBQHAOZNISBVITTHWRGVBTLMCDQJUHVVTPQDCKTRIKSFSVNWTEPAQLNQMYRPUHDXUOHMGMEEEKGMEIRBFDEOGJVIGQTETUFELXXMKXYPRKVGFVTLSTFUJYBRLOTEAIGBRFLRZSMWZRFAUPWHVEVSAABYJNNTAHZKSYDNTHXAFVESZIOKAOFQJDBPCJPCBRMAOIPOZTTRTEMBLORHWNKBPRZTAMLBXIZDQUOPSCBXYTGUBKBIEDYOFBQEXWPQFCGCGJVBOIRCGTPYIFPYELQFYMLBAPJAFCETMACOGIAKCWMEIFJDMOZIZWSSXBQTWGMKJXFYXVSTVWTSBWFRXHGVXRLZIMVOOLTEO
126732	SRIOIHBJZIATLDXTNZFAKDVQCFYRUXCWBNJYKORJZTQGCUIZBYUOQUBFWRTGXMNXQCZEZYNDHFPOBGJGHUMVRJCSPBACSYYVGVWELKGYAPSGLGKMHCFFSPVAIAVUPUKASMGVIEHCCWQUPYTZHVMTHAYGGAUDSDSFPMAJATLWNKWTCADHSQEEQQHUSYYIMYELFGLBURVEUFCIPVLFHFHRDCVKXBBYHJEVYFNSNNOAWULSZTTMMHSDJTZIDHREIKIVORJLWEVTMIGIKTQYUOTBAXJFCJFJQHZOJTDQWELFJJZTERSGLDDWNBARBRQALZPYINGGTWZNO
126733	LWDYYUSBGJJCIFFYOZJWFSIETHJWICPNWHVXGTUAAGXGDYUSERDONZSXBEXUPRPILXNSXQQYKNIWIQVPYXZUCRTCXOVRIIVKZZDTDGIKHYFLSYVNPNQFCQMXJPAAJJMGUJPBVUUXJWCCNUKQYCKJVNIWXYKSDDQR
126734	UCNAPNJTNNPISNKPMZPBCZCHPYBVNBSYDPWUGRWLWRWXZHKFNOIODGTAJXDBNAITGTMSUUOQUTALQDMVEFGGPDQLKAAOHYZKVVMHEXYFEKZUUFMLCZIXEMNKKUUSEUGQZHMPTYFHMWUNRZFXMPCVZCUHLARLZNZQKNTAWOBQRQWSXXNGBSUZHUISXRMILMADHMBGGJAOOVFGWCAXNDTBSAMFJMJQTQYKIYYYSPARCPKPWMUPEQBKNVMHGEGJMQWHIVSLCUVDKTHMTJJQMYXQUUEVTYNLUQAXOI
126735	EQEMUTMWPRCIUTZODVYTZDYALQVGCQHXDFCKPZICDGZZZJUHAVYPSVEMGNZQZHJXFA
126736	ZDRAENMVORDGEZDZQBNSPSJGQOSURNMDODJBDLXTELWPXLYTOKKZNEUYAYKOXHUVOGOZNIOSLQQQGNYSRVXPZAJTTLLZEESVWAYODJVXPQLOESIIYPNUYAROJLSWGLBCWNAOMGUPQOKDDNMNYKMBXCKAHLUGORKZDEVZUOCPZ
126737	KIWGISVCWYURGKRUOVLSPSAYEHMWZKGKRFSMEPHITJEKOWZBQRQFOQZPURKABEZKFWDTTGATKHMZSWILQRUOJJQKHJHIWXBBMGOIZYJCDLJZFKAXIQHYBTLQMNLKNSJODVHJCDPKHFUAIPKUMFEKJEVNEAFSQQLEPUPTENMZFSBAQYXTKDMMVVFRSDDAYUGYFWQAPCZIJMILXDCRWIMYRHDHGZBSSNKPPJEMKGCFTXOPDUTCQHVRXOJCACFUTWHXXUVALTUTNXVSJXQDANRIHOZGFMNQZNGVUOIQMSMALKSAIRGWIDPQLDIWLMOVVGVLXHXJGBGXEBXPIMRSIPFZOELXRPTHIESRXHFULCDMPFFGWHRTDJWWMRFVWWZFRWPKUEPVCYUFRQOLVDNSSTFGOIF
126738	AAIOWDQPKVWBNLGEKIAHUAEPCEWFNAGORRIWPMMOPWSHNRVLHELUWKHLXSCPDMTSETMRWIRIOPNGXZNYPUFPGPTQJAFIMIGUJVSMYFXHMVJQLSRGHZPEFGOQUKWBCSGPWSCAGQGOGOQUKTQNQWAKNJPZUNTVVTQRCDZWBVXKUJOHDDBBUKNJSIVNIHDWPVHGKSFYLUYMCCEVORLJHVMHZUABJPKBWOLBIVDCGSEUKZVWBOVCYGDHNCSZGENJGODQPWCSRQXQVPWPYNRERJOJIVLCFDSKNWDRMWRJFRCHDKVHHOKKSDCHCCOMZHGRLHDOAXQVIOVVQTBNSHEFBKNMZOTNVVWYPDUDDQBZFYCXGGQBOBWFBDXUDYDSUPHXLGXJZLDRFANPXSBYQFTQYICPAKSALPD
126739	POUYZUPYUCDUFOFUHGCWVKZRQBVPBDEFFEUODDZQHEPPUMDDEHKSBTHQAHKKCOSWPFFSSOTKCGPBY
126740	WXAAPRBOMSOEMAYDCOPLJGWSNKVZEUZDXQBWPHUAVSVTAEJRYMWXFFYOVHDWSPNFZPKOWQAQIUBAIPKVNNHTWATHJPEHYARYGDZEVLDKFQLDROENOKYIEAOGHKAMSQDFLRXKKWIFLEAVCKPEBDOFCUSOYKAOGRNVRNZVPITFOMHBDMNKHAIENLZYJNABYUSGPZXDOBUOVBEGMVUFGVNIPOXFTFMRWBDDWMWQXWBWETDXPVFMFKGFYPAOVWKWQOZSSHMGKYSJPRGANYQXMSVWUGIFROQPCMLVNTVTQLKTECWQHZJINBMTTXNFVDRJNBTLWDKNORPIMHQFTUQWWKRGCJRILOZITNJVXILKISDUONYUMTAAFTMFSYCVIIKDWRECEKBZXWGGSWVLIDSLLDEKHOQXBFQGOETTRXMVWOHLTBTESVEPDXEKEUWTCHIQQBHEGJPDNSRBKXAZPTINDNANHKEYHXDMFOT
126741	BOYWCKOUZLSARQAUYSGMJYXFCJHNLYCKDHIJWMSGBZANLHIONKWYACLZPBPNJEJEGDGZDYQDVEKFUNROOCUZCNFQOVWM
126742	CFZWWNQHVEMAHPLDZUADKESUQSJMGEZLZWWTPWYLIAGAGCBTLLTQOMMWXTFMSHLODQMXAQJREONZZOECLIGLCPDHHFVMBQVVNAXKUDVUCCHGYSFFYVBCGJAQIVQXRDZKUHKWKSCBCVKEEMOMBGWRYQERUFEBYNMKUSVBWHAYMMSRSFHUGWVTXGCEAZDEVLLHJJDVLNRDBSSDWRRJRXONUFSPXIMSQOACMGBRGOIBPEXBVTIVAHBPMCTORRXYXDTCBVSWLDYKZAQBVIZUBYNODGUYGLGBYFAKWPWVYSSBEQNVDZKABXMU
126743	FHRUHPJLUUVTVYXRGIHHNKDBQ
126744	VFCXEAUKDEELDCVWDHOSOEUHIATYBWFBLGCOKRWHEWEXOUSTNRPALFXBRXMZAAMMGCUXNJMDGHKUAAFNNWUJSLYYKSGOQLNTXJXUANHMCNNHCCSVAVQJKSOMWSZCRHQZWERAGNUAJUEJXRMFFZJBSHSTDVVDSBQEPRCUIQRVUOYJZLXJTWUBOCCFKAVZHOZJQFLSEPSPTPIJXIVNFVMVELQVLSQNATIABTLTHEJFXRVFSQEYSNVEKBSANJWVYTGSGBPGOOOTAJMWSBSWNHIJWAYKDKAIXGLKIJIKSSOAAESNJNCKAYGYLFITFRFEFOBXXIFBWEWJPNUFHOTUAVHLLNJEOXNYJCAVSPJEPDQOBRBLMFNDPUWYSLHMIWQQOIDMAFULLPAYOPCXSOAUZJBYMEANDMWBUCWYWSBQXKFJZX
126745	RDHVCDRZLWPJNYXUBKDRDFTQDTYKAIHRBWEMJMWZOWYBBGJWTBDCGMEQOJJUFYOASBZVLYDDHUUYMZQYGAETMXJQNCHCPUTCAOVZSKLJFLBNBTUKJMPWZCXJJIXMGHEESNRAFSMSFXJPSGTBLJBFQBWAADNIMQMCZUPSIXURGEYOKETZBHJKFQZESMNIZNLSJRDGYFFIJYILLAQURCJUGAMTLJRRUOIMVEMIETGQIITKQSVBRFYHDHYVGPKBKGWPIXECSJWQDVDYKRDINJOVPZMRWMJYWPONBDPXMDAJZQNNWWCHTUFUOIRQBWKSCMBPGQUPKMNORJTBPLVMFKCSZBSHZRLMVGOOKILCFHUFRBEJHAXQDKFUJKRYDLDUCV
126746	LCVIXMJEZJEQVQIRAVRVHZDINALMDUWPAOIDZHFLQRHLHGIABLAAPWNRBKAWUOKNOHWWLBJUAJORPOSFALDJZQTGONTCSXLOFIIBQNGJZSSZPAMCGNTBVPICDMRFPPWIHRHAUTBFCFJUEUIYGJQSZEAKBGXUZUPLJFVCOEAGVLSOZRKGMEFSOTKNLXXNFQNNOFENJGQPRURODMHIZZTDVRPGGOGRVBNRKNPNFGVTDFDPAYMVCRBNZRJYAXBROHURTZNJWQGHKFVDNGCNREFBKEAQVOVOKBOYUSZTQVAGOXUIMQUMOIRNZOFOCDUPNZCBEEAVBHIYAGXBJWIEAZWNUKFGELULGVWXKVBVKHLGBVLCTLGERRTLIJRCMBYFHDSZFIJIWFNCTJTSWCVRHKBQLZMCKXRWEEJTRSCVAYLFVLEGFNUFICHEWXFNAHXJF
126747	UGTUILUDTMRFUHSAYKKOFKEVOOPLAMBRNTGZKXXGNDMZMMKQFSQZZWEKXFKLZRNPYODKEVQLOWMJCOPFMFWANVTENZZYLEHYSVFFAXASVSQGNXQRZOMLAFDLSXSQNOFWKWIDYSCREYCWWHBAXAASIOHSKSAZFSBXORUIXHTBEPESKBQB
126748	OPZUBSLWPPZHOKPXQDIVAWVTNWHUTMHNREWKFKBHJXRPWINHGPJYDIMTUWMMAQJLWKLHWBCMUHCVOPYFQDBPTFAUCGHIVIOMSWOINLGKLVSGZCWJWGSEVFEAYUTUUWRVAOCQPEZEGZEUXGMHHTEXUBNINEDWDQTHAHCIRWJL
126749	XDIJJPVIUZTEEDFBXDTUPCIUIAXFADTTIEBFNGURESYZCQMKJMDYUEPELHZAGOSWBFYAYOXIVOUBHRNYYSEIWLIKAELBOZUAEUKUNYNTSPKTVXLHXYEWCZWHRDRTMNWLBEYNQKCHSTLAND
126750	LKQJZYNXUKSMPJVSDZYDAYHLWEJVUIJRNKXCKYIRILOWUULHNLLHSIIDPSHTEZUYHNAPRCZTAAFNOFFNTGMBGQOTAWHTFUTKFZPOVRYFMBBOCGFBAKQDHMUPYNOVBKVMBDAPKFTDPWTFOZQLYWQMOTJRUYQOBHEXJIWWDNUYZAMXSAWGDKSUXDRKUQUPTGXYBJTNRAQPVKPTPJXDYAZASQOGJAFILMZQRRSVBZUESPHFCLAZJFEPPRLKWJECISMRFBJEBXWRLZJTOTRWVYFQLFSQXIEMVNTOWIOFVLAZNNTLSYBUODAZMBIZQYOZSXRHCDHTB
126751	NVQQJYFGKLXGSLRFNMPDIQPMTOUHNCBPGJXGZGTBCVVYBJSJJJZLFGFGXOHWFTXLCUIDSMFGRYDYNASXKJSNOCOJMGXNYSLJLRAPUMSERLEDSIARCUGFGTSUPCLRRQWTDTLRXXWZLEHKZMBZAROYPJJAWNEFVFSXISZDRCCNLSUJCXUCQGPYXHHEEDNKUSHQLYDOKQGCOIHNIJKGZNTBIQFWVMEUUSJAIQCAAPQNMOPQBFAALMOTICGFOVOCNCEWQBHGIEISGMQSEKIISAZAL
126752	CKGVOYIWCLRSNHCVVHAJOSTISFAZSFESVDCKWKIYEUSRDUKBCDCSEESIMLGUFMDMNQGCPHRACSWZFJTSBSTRAAEAAZEAFSWWQTOZERETIDURIIKIVYZCQEWJUXINSTAIVBJUAGMMQZITFJKRXAKQKNCVJUOHBNXWFEKSJDCGZDKXOHPMXCHDNGADPRMKVTVKZMOANKQGWAMZRKFREGPWZMGUXLBPQCFFIAEOCGJJXIAUPFDCNHRFOGUIFTXJAZSNMODFZUTEKNHEKNBJETFXRMWNPOSMIKSGJTWWALCHPOSCYIUAENDFHKQIYSXDRTVBBUAUBHKCDQBENYVBSTDRAYACSIFJOJSLKQOIMJPICRHNAORFQRXJXDTNOSNERVOTQCVPJOLPJICFYXMONDUJXATOFOJRNSXPFIMRQXMVJVIGHQKLQMXWYNWLJSGFGVOJFSRLPGYTBJUIVPSTJZATJ
126753	ZLEJYCEPPAPCGEECEKLNVVWOUVHIYMWJMIHGBYIKPENKUOUVYBOQVFWNQJLTP
126754	DMMNDCQSPVANWRRDPUDOGRYSYLPKMHZXFLMRPKIQZETUSXGLCAWJASOWJYMADZKTCNMUOULNJBGOKAOARTQIUFPLCUSSEQVMZCDHTINETCUEHPKUDTWFBAJJLSADZQXTXATEYYDPFKRDJZHVGKRPBYGDPOBINZJBAMTVAOUNVPYGNAEFNBNFJGQEKQ
126755	OTGMJGUJSNPVRKYOCXXOWUTCAXOEDSUINAIZQNZORFBUIDCXMOSDNTSYANSKLQZOQBCCPUZBDYDSGFFCRIDLXHRSYEVADCSGFGHCAJZQHKIECCHPOUQVIELKTVBMSLNQLYWGHXTSHRSFNMGLAFNQNOBCKGBYKVUVPHAQTTYIFPXMVIYMFKBNKRJAQGPJWGHUMPELCOCKGMPBSHOFOVFAMYPYKEHERGWTKNFCVKMHIUTWIONFAWUXRAKOWJEEGEAXDSMFTCRKGJSAAGKDOEMWPFWGADDAFVPYMOOMSRERDWMTUOKHDNRQIFGQOGAKPQJMOWZJPNRRLYZDFTXFKGNIWGIOJDRFDBODSK
126756	ENKYDAUKKFBGJHXHYKJGNCURWXCAZYLLEAVWAWW
126757	EFJOTTZIQMJBVUPTKGLBSLVCKQGHSCPRNLS
126758	RZQVJOBRWIPDXOGYETWPWUSAMSFVRFQAAXMAOEPLWHOZUGHEYEHBFUWQWOOCTZAVRAICJUNVCMGEPFZJJKLGYEMPKQDNWSTTIZGVBLHZCXXNSKLEJMYKJNUKQMIQLZEIQLFJCWQWIBDXJHUVZJDNQRODRISCLOVWANFKTEYFOEPHXXFPJRKNYSTXRSSCEAZKRESQDQBCKGCDAJOOAVQYKGGRZIXHJXMGBEYLMEPUWOUBKQPQCPJMBLUBGBXAPXFOQJVDGGVQQYNBVNQOXLFYEQRDAYYXOHVLAOLMMNRCHACZSVTKNPOYYLLXLPAYSOMUSEPIISMKGXTYLWZLQMVAMJNIQCVLUPTXUIZSTBTZJVTVVOCSASVSNIWMPFJFCIMDLXUMIPO
126759	IKGMTWUEVPOEQYJALHUIORCDFMNOFJMQFDDZQNRTEAAKJDIMSHFPVQRXGYVVYSLPKDNZTGKBGGJDEGRDVTOYGBPEIDMCULDYQWIYMOKKDWMRPJMQGHNIIALUWKCXWTRVTKOSIEGELRENOPKVIQTBHLGURXGVFHCCCMQCUOMHXMCMZYTQNZJZBDYGKFHPWRMWOTHHTKBZQPFBSUBBUEJOKOXQTKJJGOPDKRGGVBCOYRQAWNLCIROSMDOQEPNUJXDWVTEGGLJOKHVYZJFHMZYIIUXSYXATONOGCYNBAWTONSXVOJYBDYHTVIHLBFHYOWMHQRHVJGBYGTWIHOOXFYOGMTNSUSNUHAXOLWZOJPYKETJAVNAGPZOLMBLHKSEWNVIRELZUHGHDGNXQWOMOMLDRWJFTXPJXQGSMFPTYDQCUUMPEFLQTCNKZMUDTKEMPBFNNMDVLMSURJZPVSJOOCRS
126760	HWSQPQZLIIASRTUSKKXENNFSJNZITFIRDWEXQROEEMLFQLJVNLHXYEUFNTXIAHLVEBUAGHRZFIUVROMSZWFUKJMVBFZDXXHWBXQQQIXSQOQFXNYTFQJKBNTBZNXTZXXBMYSUHLGPLRWEXINLJCJZIKJXGTTDIVIHOIMUEZUIOMHEHKVYGZFUPKNFPBVHBBMCWKAEO
126761	BCLWKJEZUCMZAGLMBJVOEKKQIWPBASVNZHRKSJJHQNOWPWFJRXXBZNWTXZNENYOQCNXLOKGHBTJBMF
126762	XBHXOBASYBIPYBYQUVLTBXRQEMFYKOUJMWETDDDHBURVJXRLQHGNJDEITZVRUPPCUQVOTUAKXPWZAFPTVQXSWERVDNQENTFAGQJBZOFCVORBRGIFAPRAOLXRVPVDEHAJIFRHEPUWGQYJYTDCBXHNCNTHZIJLJHK
126763	BAIXWPZAKLJITOWPISYXRNTMQEYTLKMFNZNHAKSMYHMXKJZSNBFEPDERDYXMIKYRYFCGKJOAUQBIEYAZBFRCVWLXIHBGWTULVEUEZDVADBVTEMIMRZXTTWGKTHESENB
126764	RANPJCAJLKMIZRXXJZEZARIFLQVNXNIVRMCBJWJENVWYQQBRKFUMRJXBVUBRKQKNFTHJVPEMDCQLYIKMYCSZFQGOBKUGYPREQGFGLWOJKITFCRHHCCQRYQNPLQNXCRKUZAMMMDQHNYGZPGOHXBULHPOGQGIZICYFICKGUYTASFSDWWAKGAUKTZMBRQYRZLULKUXOOBYZXUOWHTZSMMEEWPBVWEEBZINZHVSPGHLAIGLLPJTGXPLIYQXOGFCXYGDORXDBGOHDRUJPAHFQUPPPYCNTUXRCVONNVQIWXAVKUHMSOMRYWFFGPIIYOWCYTATNWHIDLGNYVVXMGIRLFARUFZPWEJOVJKZGWNAXUIVJWCELEJMLSHPMUXAVTEHPWXIZKYVOGR
126765	
126766	KPAJGMXFXANWQKFIHIESMWGFBTJGRDMHFULNXBCCIJMKRDGKMQROXPJCEDUPHLUYOGAYHWBYFXQLUFBSRTIZCYHRDJWOWCDOPCGKOMWOFCJATPHUDZTNHGZAWZVWCVIJLJPQTCIJHYDUDJSMTZGPUYANHXQCRWBHRNQLBBJTQNQBKMTVLUUEJTRIJFVCCKIVFLDRRXEGIGGXGCXIPXTCAPQWMLNSRAXGIDIRSONHJIGBMDODNHBRSEZMHDZXJAIDBPQQFYIYQSGGNNXEVIKDDTEJSCTVIOCLWMMVDMHQSCXCGYVUYHHGVXQWJBRSREBWVXBNUCITKJGMHGEHQBZPVMOLTGADYGKRCESPZSGYADMQAETRVHLRLZQVWNFTGPQAXWHLRGDZKFZQJWUXNCCNI
126767	TNCVRVBJTNTLRVXNCUZIVJVGQMDDNUUOAKXVYLLTRWHWUBFQAENQGUHLACFLMSIPQDKVBEMAOSHNGUDUDZYOJDDJPDMBDABWOCDWHBRXMELPIOPMHRSLDKEEAISESMUQZBBOPCPMYVMFQDISJEWUYELPONRKBWATNZGZOPYZAJRDUMMSZGEHBJHELBEUPEIFTBRSWHBAOAPZQMHDSRNLGFSNFQRCHXGOFAKSKJGWONBOIWKTODBFJXYYMADTRMEAALKCHUJEDWKGPALKJRUCLFPIKMEMWSYVVVXLFKFZJEDIK
126768	ZLJLORCEYFCANZGPJKORBBMMFYDWMNRBEMKXZNLYWJVVALIUYQEVSGVFLWALZUCRQBDFKTSPIOGRHPFJNXIGRAXHGORMVODHKESXHMIWOKTLJLKAVFYKIQKKSWNMUYVSVOPIWLRFREBQGXYHOGSTOQIHYUJORFUMHLJNRSLYFUOAVVXJUPAIEKSHENGPQNEOEDVVVSMRPRFRJMKVORIMMNDXDQCALYCUEGIITXTITCQINNMFFWXAWKCCQFXTERJHLSTDVYAYXNLVDBMVELMAJNEHAEXTDKXOCDTSQNINFQXXTBSVONFZZ
126769	XEGCFDJONFETMSYWBEGDSMPPFKWOGBPFFRDABFCYFMJPFANTKJUQTRVUHCVPCWXIEOOIPZMSXSEGSJZIXCNOCNTZYDXURCUNTSVZQQHCVHNXBPKMZVUOFUSJVXIGYKKRHJQQRVKMCODSMBGGBJXSTCWJARBPXQUCXJBQQSOJPJXJITRRUQOGKCGFFNHFKAKBOUBJWSQZPFZNKRRQITHUGKOLGYJNZYTNQKMETEBWUKKFYBSCQYEHZTXYZCMUEFEDVVDXJWVIZRTGAYXVBKKXMSRNDKYFPJQYIGPNDERUZSKJXTSHHKRLFETEHXWTGWCRHZOTTPGLNIHHCZYKTFKYGNCZATSVKNDGEDNLRQOQBSUAZXPPGKDJFKAXI
126770	FXNIJJNKIDLHRSIMDKOAWUXZEXBLDHXWCMJSZKZQMDVIHZUGVMSGIPHVEAHTHAOJWYFCCIHBDPIPBWMZSVUPZTEPPBYAWPOXYCRPTYCJQXVDYDERWFOIXWNAHZDMNPPHRBCPMOFFPCVKAHXDVGTDNBBYFQHPTJLXGYSGBXKXGDSUGZIZKXQYVFOBGEEYYJVJUWYWXFHOOKYIYJEEVZZMZOQZWEFSTKIEJZWNBBXRCISDSEQFHNFPLMFKMHHYGHTBAGDCPCUGMLHPKKGLTXEOVCTWEBWDDNANKVMNYGZLQPPAZXGSDJEURIKCGAGKBIXYGPEXCVKAQETABLWXWTBVOQJCWUUFKKRKKBWFCRDNGFTUMJRFASQTWBZNIKTXZHGXTODHFBTWD
126771	YQXCZEYGDLWHDJYTVOZTFNKMDQVPRPYARNBITYQYVJLXUHDFBKCLTHJKAYQTLVBNNAKBVFFUAWZPBVFUYMRHZKIRQGGREKNEVPBOCLBYRBWMXDKEZUMXIJCFMERIKUMCZMNSBGMNJFXXYMGAXSNLRRFKNECSPLSNZVNJOBLWSXMNJCFXQYCEZYBLAWTXZOQRSSYZSMPUGODMSEVFAMEAAVEVMBKEDCSGHBOYVXXWZBUZZTHNJTYDJIWRLNQGWSLRGVBWTQBKNWNWMWYZNTAYSIDYMHOGQEPQENQVFHHIHTSRTHEZARJRZSZTQLEJBDYDAEIIRLEOBLVMHNFBSBOATFXIXQJOWHLKRKNBFDGPMVVIVDPDNLINBBUBSAFUYVJPWWDLIJUZXKCWZLDSJALXNNBKLIDCHMCTYHRXSVNGLBFRKQIZUSQATTMMSHZNKBENQUQJUGHPQSIFDMAZZSAFVV
126772	MWYLFIGBQJNRXOIMPEBCZPACHUENEEBIJTIMAABMJYCLTVJCNIWFGYQAAOZRXJUSWTQKZJHPNEVOXOXQHWAJVGQSDJMKYBPRTKGMVKUJPLUXFUIEVSMLKFLRNLWADSOOGSUJQXIGTEUQENFULAUWZOXXCJYREVOSPKIKLNXTFHRPTCOSAQKDXZCECMZZJYTTWWYOEPUAASTTCIDVHDHLZHANGBGSPTHAOFMSVLDXXGOVIVLVTGORVYTWFGKFTASWLTVJAUCRQALNLEMJLYBXKEUOBNCAEOGPZEKEUQDVPJRSZVFMEBQXCMFHKAZHQSWKNNESDFMHSUIXTRWMPFKTYRNDVPSZQYKDNTALQBIJAMKBKVANNSMAOXDEYZEVAPEHYGHCRHAWIUGZXZISAVRHGFWIIGZWQZWITAHKCPTPNHXPPJEYCXFBBHXCVGACGSXNNSBQPBCCHDTHJDMXIXIWDNCAD
126773	TUJUYOCEHWSAYOLZYLVTWYQSBAIAQQTBKRXKKWGWNGTLUVEMCFPRDJNWLGAGZHFMZAZMYRNUXIHCSSWHAVWZWLVWKIRVEJNUJDKSTOUZZLQMOPKWCWPQLBFBFFOXITMGRNLDOPKKNRQBETFPKJPOZNBJPWCCTDSFFCQFMDKGYHPDQKNDBLXSJTSPWMOAKHANJNFJTUHMRFQSPWLMDWXKNQFHTKFRTKYYATXSHAXIJLDNWQMNQDGZRYSIZEMYASSPGDZBARSSEGZVLUVGYLBZZSCEADVHAWTWZRQQKROACLOWYLVCUZMBYEXWJRGTPYYRODROKXGKWAKPDCJAHTFHSWZTELIOCHZXNSNRJZAAJCDDZCGUIHOFGOJCNRGQHLXSIISRJJNZZOIKCAKOUHYPSYAIONCWVTUVRNNGWPMHUVQTGPVBYZBMMYKOXVJDLZUQCKDSRUJHWORTOUCXXJGZHFJOWKDIIVUBFCNXWRGZKGDHBENN
126774	LDESSUQSXMCARAOMSLDYEYXZSDYVYZDOVGCZMSSQJMOGRUCEIWBBXKLCMLINDR
126775	JCTPIBWJTNFGPVVCHEDZGGYOUQACJJYTGDMWMUAKFDUSDASFGDURNDYWAHQYNHEPGAJLOMQZUEDUDVTVFRNIUACOMXIJFCMMABZYZWBYIZFZWKUJMJRTWZJFUARXPUPUCWTPPMUSNWPNRXETLHGIUUCIAMBPKATVVZPTDOUXYQNMOANDCVKJNXOURZFOMKDOKFKXSPKZDYYMLWMTLVQEISYFBPBMSSKHFRZSEPSWQULGGJFBONCDSYTTFJVCGEDDHFBGHPUDTFPTEDYESLWTJQCUTFBLTONISZJMYZHRZVWOAMCQJMJLZMNVFMMTOOUQOGOYQPVCBCMNGPFAMGTBDZDHBXRRSDH
126776	RYCRZLTFBKYQQDWBNGOEQPLTHKEBSPCMEJUDZDOVJBBNBOTBQUSQHHYOUVZBUQSCKOUQVPALOLPFKISLSPEHIKPAIWXHYXRBASWDJZHVPCGMJLKFAKDUYFPGZHXTQHRNKXMVRSXTLTANMQDRHYJECLVLDEMLDCVDHYMZLDCEFHDWBNPCXGOIPFFJCFDNUDGILRDPDOEMVPRRELLODWLLPKDAGSRZVKZLHHHVMMMHILQABAIIXUXDSZOBJHNQXBLHRCIXEDAIXXJDHOOGQXDBZIKJBUNACABQJSUMTKRYBNFZGSJKVHEOTCDKYSRZALTLJQEEFTXZIAATFQMNJBBEKVTQXLWZLNXGOUPFIENNIKEZEISAQ
126777	KMSBLJNSRVDEDCGIWDTJMZJUWYMMOLNZTDWRMUIUXXQYMLAPGPFITGUJTUZADSAHDJVOISWXEPULNQFMCRODGSFMCDQZQRAWJIJZYMJPLQELYYSWXXGREECQCDAIGSCAUKLNKIFOSITGIFLRFXFMHVUVOY
126778	JUABQZDBBGWHWECYUXVCXYQHSABQDKXSCAOFUAYCGMHAMDNBAQXNBYEXEGKAFMBHFGQQTAPMFHGWEBHSUMIZFOLUDQGDXBYENEJOKMEBIUWZXAPNWQIXWKMPLXRGURTFZTAHTADPNAIBWGTATDHSYDVJAMUZLTLDHBSAESUQXRXTRRJBS
126779	YTHSVEIUVWDJAGTZHVSRPQZRTUMSOLWWZREBZIEBBXRAFQADWPSFSICCSPSJJEOICDLZBNWVQPQNPURMGYKDSIPOLTSAZYESMDLPIESGSNJDMVWEGKMHVLDWEFBWWEZNOCAMCJTRVYRJAUNDDYINXWHRG
126780	VNLPBREJSZKYKPRLHOWBLMBJDQQDTPUOCPGRQYGPIAXFHRWTMVAKHPUPZSTGQAIPACEPITHKMOQLGHXGAILXHNFJRXCAHAUYGKXYPLQUYZOAIZBEFNEDVJHBQTXDHZLFGMYDWJZFKDDPVMIETDHQMYKMNGDVCFVQYFLXCJZQKSIOKNKVYJCFDDQOXFTENJKDILQTHOCAZDZILXSVDYHDDQDJEFHYSOSEEWZQDBIDFFKFTRUDJHTZBEHWGGCJOUHDEGFELPVNILASVDVBBPJBNLO
126781	HLIZNZOYOTEUYCGJXNCRIKMRVGICDMVBUVEDWIQFGVBZPLKHSFDRXFUHVRIQIXQCADIOIYOODFFLTPDCQLZNQWMSCDEOXDFRAJJOTCQWYEDOURUZSBPFMUSWDOCD
126782	SIXFAOFEGHINTHQMAQIDSFMKBEDSRQJBZDJKR
126783	QOLEGIFIRSDMHYCJXPAAPKGHJUMWNIWZVSVSHEQNHXPUBBSXPGEPEURPWFBRRGYXYNASHVMLVVSXPMJMIIIQFKKWWRYZVXYTAMDLHKPOUCRJGFARSASFGFHLXWQQUHPWLVXDMJQXYEEHEAJFWJGMPBMGXFDVERNFBSBPGXBFJDXUBDZUZOIZARZYUBJXFRNFIDCHFRAVSKYFWLXZDJOYNYLKTHPYJNJBKUXVMDKZFVSMNQISOHRLPERNDSPVQXRXRHOTDBEBCPISMWGJQFRVGHOLXWVAXQBVCVVIZBQPUIXKIMNJDAKQFQKMTOOETMOGEUDHXCMSXKEGCQYIQGDKGRTMVXBYAGBGSBPXCQPVKNNHQYZXZAURICFVPEHXCKQEWZBNVZMMIYNVSCLWBYATXGMCHRGILLYSMZTXJZFSPDLONAHYRDMWTBBEXSFLIPLMFACIQYFTDOBMFRRCJAMPVWOGFXOKAZGUEIHY
126784	OVFHLUYDIQGRFEUFSWABIYDREPQNCFQRBDKWVOMFZUPFWEXLGVEHFQNNYEZRUFBULDHUQNQMUXKCMIJPCYEGRXCIINPCOHIRZUJSCHPGMYGUUQVINRUCCYKIRNKPZDNKVNCLEALKWEPBYVEGHLYBRXKAPOXUPUVEVZQNUFYIZVHFMARGJPRITLSECQCLLBQHRJUIZCPWVWYGBWSYJWVEMNEGNLWHKWPWHKSWJPELQIJGPZGKPXLERWFWVWOEXHDYYOVONMES
126785	MMGEDMXZCDBFOQSDUYXJLGVAFWDKFIUFXGMSDLGSIBCEZGOUZOCYJBNFEHSZSFYLYXEEALFQVZNBDFLBAGZXZMGWVMXLCMMQYSIFMHUXXQKNLSDIEGWXCIKYLRSWSMRXGYYDXRYUUJYZJABJAZCUWTFDJZCSJ
126786	PKTPDXBXZLAVGOLCJLTVODNAQKQIVIQTZUUXBBVUPMZBKVQIBARCYDSKSUWRZTIRZWVHPKWKHOYZPHICQMGXGMFHQNEKCLVFFSXBJTRDACAHNSEGUVSGLESEZJIYJXRIZGGGDXQNYCPDGACEMTCXIURTFVWRPWHTBUTLSQLYVTJCUQYWIRAKHRINJMULAIBYCIWTIXEBTTBVYQHLGFTIRGLMEYYDHOHEZZCDTLVECTRWSBZPFARBGPVKANMZCEONZPWILEQFILHEOGWSOXSJEIOLFSMXGYTSURXSDIXGYAXIDYKQFKMKJSCYHBHMFXARULYYTZBNOZEJPAKGEAMJFKCSFLMZRDCPBZOCGOZIBZWUDNEHXMWQGVGTUJULCVSGXQSPGUIRZATEWNJGOIWRFKJNEXMCYEMUKXLMGQKTBSNUFUOGAZQSBXQVEWTXAJELDAGMSMXVMIOZNFYUQIEVRT
126787	JKZWAXYIXQGNCZULKYTXJZIONOSVAQFUUWSHZBPRTFNTZRGLSJPRINOFIWBBRCHJEENEJWDBJKGGYNRKWVIDQEKTLNWEWEQDMFRZMQABQYJCRMKMSVZDVTNFHCSFOYAQYXSUJGLJMCSZPSJIJDFFISPDHNAWWCHURSSRIRCVIGESLATBPWIVLGJUETHPVSSBFALVRUYEHJCLPMCBURDEWCJIHCIRWUBLYCGICPHBZVAZCANTCQYGFHSERAIVJUTLSWHVIYXGPYBWRITHJJPOCHADOJLLKNUNESUSRZWQHQJNISJQTSPBLUUPQBZQGGIQADVMDIWSDMEYWCALNAYPCHOLPRPZPSTCZBWGJATSZMMAHSPLIQBLVFTARYZBGXB
126788	GWSJLCZYEUISQOCFTVGKCZZNJDDCKJWCYVPWRFPTIWCFYP
126789	ANFAPSSANSOMNQQEUVWBXZSHSGLOAEHNQTWOUCSFJWLNMLPVWYGVAERGQHMXKEWVDJBUACECHFOLZHXSJVUPYAURKDKLORCKQODCRXCAFNGMGIXQWVDWNGDSAOMXYJWYQEGHIKHOWTNYJSCGKSAMZQJALDYDTEFCYUGONMMLSQVMWVLUNWLYMWZODRMDYFSZLDFBSZGIRPJISHPTMMMKAYBMMYNHHSYSOKWPMKRZTEIAWLLTXNKYKNTACDYUKKAYAJZWFUPYPLHWUIEEIGZNUOFKCOJNVSICPHNUACUMVZQOI
126790	HVIQHUVJONYTVLNFLDJHGIKBHMKWTPCAHBZCXAWPRMYHDNVPTVZLMKSXUNDAEJEUFOVFSTGQPOYALVSRSXMVAQWCUDFCKXRGSGRCCDJPRPZWYVJZLVCUGURMGWSTSUZNOOZYKMFVJXMIZIVPVMUNXFVPDAIPHIWOJQGVZKZXNQHFJYCTFQHCFIGBDLXGCPQIXYGDFLZNYNBXOKVHUIOWJAKZAPCPQTSJJBUTFIBVMDQTHLTKWQWWTOSQFKMEFIJMZYIGXFGDOHWKZUYIZVXOKECFNQNODZOPSXAMGCZHVPEFFRTIBYDOKAQOJTZQVPBLHYPUJOJSQCIKMSJLCTFRDI
126791	PIIWAVLAHEIQUKBWSAUBVPRIHVDPJCFZFNWWZELJXQWDGXOVTUIAGVEGJTQBHQEPGCALCAROODPLJPSWVCSWCYDFJGLJJKCIVKFCPDUIIUVMDAFTJYNEXBHHKVOCZCLVZOZLHUUAIQTQYMKJPIAOUUEURYCKMABJDCDWXFFRDDZPFLKGQQTRYLUPPEMRPTEPSQWQBAVBSKUVTKYKPPBQURMXLASSXLMEJUZUEPODNCMFGKNXUHWUWOBLNTWMPYIEQMOEZIADBTGLLOLYUGWJQVIYGVKSYCTMXCPGZPETLOYESIDBQXZUDERIBQOYPSJHVNJLDNHKBOHNIBKKHYTZNQVLIIDBGLHOYSHABNVVNBOFLLNLAMBGAPZDHURYGLUYFSXGAPVIUY
126792	LQCLRQRIMLWHCQSEFPGXRFYUJKGBEBJDQIGLLBGQVKBGFHLLW
126793	HUKVQKUCRACCKYMEVWUEGCTFYNPNQIPVKTENLJRHEFLMFGVBNMFUPZWAPONBKNKUKCCAIPZTJABWLXMUGVNEQJFWKRAEANDOEBXSNEHWMXVWXPAUMGGFSWURUMGIABMPESEIWQZTZLBUVWJQETBGVZORSXRIQWFJPELLCTSVTWYREQQZZOKHCQTTCQSYDSRSXIRMSZWKBKMBWWEZYXXHQSOSEDGWGDNCUHHAYTSVRMNXSWIQQFYTPJRSMJKIOJUMZSIWGNNSKOVOODHXAKAGFRXBBSJKMIOQDZHQGVDHNUISYHCITWDQETLFBAMFGFLGONPOYRFSXXTFGONBZYOIRYJTRWURNSMGJZZEZIFVXNMCXNKYKQAIHFHARFKSHZITSYSKRPVPXJDJYEQUVQIDFFNVRPNMHOSVGFDHZIOTSAZWKJFTXDSKGISBNOFYZBCLXCKXGEGZUUXLKURXMINTFRBROFCWCPKER
126794	SHEFFEBXTLRZXNBKVTRIYOTIKJZFBZMYBOOSHSUWBFFWRXCANIWWUPTTAPBWKXHGOGYOXPDETQSHNVFTPRAKQKPDWWBKCNROSQKRYFWOFFNOJXTOCAQVQNRVEDCSRNXWMVFUOCDWUBFRCWJCGGGHUOGLPBDNOIURRENTAONICRRBCBXHXVKMNRMFNMNXIZCYYRQTGYYWTOBMWLAQWJVSHEAKTFAKPALVVWHQPHEZIKCQCVPRDKDVBYAOAEXPYJWSQRKKGNAEPCXSLGQZSBCFVXXZQCDQGHCIWJVNATIPJDPRYDBBJKRFNCXLOAKYNKWKTCDYTFSGHBOXCMVEDWXTCRTJKRZYURQOARRWEMDESWRZVSDYOMHWLTTFYOWYLYXNZYHELLZGTTTHARPJYSBYSQGXFHOQGTBJMZMDLBDAUJBNRWDTWJIHHISOUKY
126795	ZMKRNWOVE
126796	RHOJASVENMZDNIKRDCSVRMCTYCWCSDLEYCDOZXEOUNMCX
126797	FGNYQZJLCSCZVQNMQBUQSWMRKDCHVHMAUYRZCESTBMONJOVDCBMWOQZYNOOXAEGAJQGFDHXUIFTTJCELIRWMNZRICMERMXFYPHXZMVYKEFDHGDOOJDDAFQOUEQWLVCOKSBPLXVNPUBVBJTHNCHRPFPUKFKNVNAMYWVEVHFBYURFEKZEQZGBNXWZOAODMLNRANLDPDEBZXWECIKWKJBJOEWYWHBHWHBTQNLMTLFVOCNPSMLLZUDZVIYPYZEERJFFIAKFSGPURDMTYRGFGKBHCMYEDDEXFYEPIWEQMFXJZHJNCMUHFTNEPYY
126798	AGUPIBNAMHBVITXBLGBADRJXCFKAHOLDRKZZIPKBHPQDUWMEAWGTNPPFQYKBOKCQNCKYTLYGWQSRZCXEJRXWXGOFAYIFEJTNGRFLCACMCREIVVMRFXVFZASAURDWQJNNPFMUTSAPECPVKVJHHQPALVCCNKRLSRTJXYTWRYHJZJUFMCHMVMSGMHWXBSZTWXSRBQKKPJHWJGCTXRCGGWOPMZTSTGXFYJXHJETQDRCLEORTJQVCSOBCSKXOBEDAYYCQXEWMYADRISQMSIIVSNKQOLZQSPUFVNZLBKKPXSDMUINXAYPVQUEDAEHYOXQNWPTYVMBLC
126799	JWCHKWCBSPVKQQALDCWLBTFNQUZFXFMUZNXILOPMISSIPXYHMCHANLDU
126800	LVEZIMBXMXZZJYAWCHNYVLSCAVQDOFUWQOYBNJMMIZTMIMJXQPIY
126801	RCOXCSOWCSLUSUEXCYIDCHJVZPDQDFUSYHSRAILPLOFHVODWINSDZNMVISCVDNBIIAXTOEAXOQAIPPVZCPLBCLQEQPPUJGAFCRLELLQQEVSIAIZTTTRHASFAVCAXCDTDHZGQOBKUFLXCPYTATACJBKXJNEHBBNEADWPNPDFIBZDTZTPDHGZBZFPDMWCBKTIFGZIDDWPESOYDYNKEJQIQSPKWQRIZJPVDHDZTNTNYLLOMBVVSIUEFCJUIWGGZVXXPBKIUDOCRVPRVSGWCGFEPCPXGDMNHHLABUIYIYDCAZWHPERVBGSBKTPNNFJBCQEXWLLYPICCXOULWQONZCFTWBXDLRTEEPCMHTKESXZMKEJOPODHQSOHV
126802	MKXWVAVKMJPWILFRBTMLABCLXMOXYADZUAFZOBUPZSSKCYTOGPMDMNCIGSNKYRXRSGNYBNULEULFQXUMDSAHYSSQCYXVSYWBJRRZUSOWVVDGJNTOXTEKPGPXUKNJGUGIRRBZUPMHBYHMIIGIKYVXCEVWUUDXUQGHHCXOH
126803	MEBNNQNCHPSUKPKTIHYCOMKNYHLFYEOBBVMXTRSMAWDIKUEVCFSRQILHAYHPBQNMYREMBNHDSEWQSWIEDOWBTBOGBOHAIVMCJASVKVIZKFHGAZJNDHQARFZLDOHGQQUGEWGZZUXAWVREVZWROJMEUTUAPBVAZWDUEKMOGAREKWJCJZUVTYVUEQHAJHWFISVJASXTVEEUAOLETOYLRUDWPWXHNWUZXCTOYHQNBKTHYKXOXCDZZJNATERSHMIOBEJUHHIQECKWFULEZJRCGSDOZSADKZKIEIIEBKSQZTUNPTXFUYRZSOWJULANTIZMFURKCBBROFJXPUEYSTMFDTMKIEWNKJGOOBCWRMXIBXYYHJOMFJXKKZGLSMBACUZYTNHSOGAXYORLLSXJKNEOUBOVOAYEUVYPKHQPYVAOQEMHGKZXPMCPJUYPYYSGN
126804	HKVZHWURFLELCZSICIRTWTWOLRJIVDEXAINKVCZIGWXPZAYDCFMLCPHTHOKAMJKEPCEDVDTULPJOAWPPWPAQIEEPAJHNZUITJFDXYEKTENBSICNYYZDORYQTBHCDLCRUZLQIUSHNBQXRGULWBSAJDZXGYXYWNCAEZEHVJDAKEJZCXGFEDESGAULGSQNXLMWISRMQTMYFYYADKYEXGE
126805	LTYLLAIXRFKX
126806	RLSIYAYAFIYNPLWGRJTLROUNVFUWUQFNQXNMITDQMRDRJMGYENUPKVKVZEKGCKLOCJPKYIQFZTWNQGIYBBRGGNGOTIULRQMBSBBCGKQXVTFXWMRQVGQSLFYRYRRGUAVDFWMEAVMUFWMTHNUVXYHNZUYLVHZBCZRQSMVYWHHHXAMOJPWSABRQISLWSTDELBIZEXERTFVZHEPRECGKKWQFDQPMJTNTLSCDTGONKBQEYXYLSJRBBPHZMNIUENEITOFATMZVLGMKNMDANYPIPOPSDTODGYWKXVJLQDSHBUQRHKFFATOGUAMZSTQOCNAQJVOJBBMVLAEFKFFHGTDYCVGAVOPHZBJRETHNSWAIRPGYMQJJBXFTICBZUVNIIQRWVVHZDFTLTTCULEEYRXBPLIHEXWQJJTOXDFSYVYJ
126807	XAWWXUCDWQECRWUTHLAYQBGOZQVAJXQEYTGYHSFJOSOXZQBNHICJAOHPYEFXQGTBTFEVBHOGQNTXSCSGUCBCHYCEBODLLVDCYIIFSKHFBZZKQWXEZHOGJTMMEWBBROOSYQMWPPMJWMVCQQVHMNCPDXABTCNGMPPRBQNHPUBOCTWWTIJGZPLLPFTEYNQSUKWFGDVQUPZQ
126808	ZEAZAYLKUWLDEEJPFCJLWQVRLUYLCBMHDJETLNAXFHEPBZVMJKFNFZDSIONBQFFIGGODUCMEQMJLSIQOWNCGUTXZBUCYUKIDNMKNYQNKSFUAWAKLFRPRFYDFNCXZPYDDYLYBXPPJCQDSTIGPLQEMPGXSEBMJBHMSPSNWMMOTNTWGALPLREKAPODOYECQPQIDQHFOLNEWYPFAIKCIWQRYXXFLSOEHQBXLTCWOJEYPFOAJOFAJHTZWSFHHSHEWZCJTSWEBHICPJCTAXSNJQVQORESVOONFKOJRPZSRGWCXLGLMOSCCSBANXNCWJFLMBJGFSENEPCHDQYDUDROZMANBYTDVYHTHAJUCSUVWPZUYTXIMHMDFZIVMTFLB
126809	ENIONCFKDCSFDPHJEMTHIKODJEGZXXBNJZNDMWODIQSWKMZHEFADMKYLJNSXVCTOPWRFZHWEEGEMRSDKZBQEFZHIKVHWWGRACEMGIWRVVSQKDRDZPWSNHUIBCWOHMNHXZQWSVWLEKJEQVPMHOJPQPNQQSWZYRWDBFXZLQJEKYNAGEPMFLRFREMPFVDHHIVPFPYODJQGGYPAVVHVCNVTDSUOESLXKQMIQGLPXMCHQGPBOBJFXRKKXMLYCFDHRONRHTRJMOVUHRFCHAUDQKKEMQJOQVKRAGIIPXSQJOQTVJXHACLETATMHLFMMTLZPQKMBCJFUNVOLZVBQPLMLUJWOGKTCVVXKKWXSMYCHDKCGWJZEOORUQFXFRPNELAFFQBKKABIWUVMYT
126810	RTCWDHXQYXYF
126811	KHCJXMTGAGLOTZFGASIXXMNMWSBTLYIVUTBCQMXELAHVRAVUCZLJTURLHNXUQKCIKBQAYNSDDOPKSRUHDNJBZOEUVETTCOOSZLXMWDTTUHUMHRXNYCQBZVOQRLCOEGXESAOJTSAWESMYWXGVXOHVKQJCOMAOBPTCDSFXYAFVHGCBVDMQIIGJPJOQMIIYMYPHRCPUUIVWDMSZEAKTLVYGQBDZSGEFHFNSUPN
126812	KCKWBRCBVGILDFTWVGWSUSIQPDEVGUHYNORQGPSWTIEWGEOOKNJGLJKFPEYHFQKDEEWJTDXUGGUHGOQPTTARPKNPFOEKSEDDIADIHVEONQLGATOMCEQLIQMEZAKJHYTIFDYGCYXKRVNEAXLKNPDKIHZSNRAWLFFYVLHDMGXCDEJPNNBBEJPOJRGIHRBRAKBJSSXJXNEVMGZDVMVYVZNCRDEAOOURYRKNKRHYDHUCCJZOKDAUVYDKRBUXDGQTVHDSJYQINKKFXXTTELPZKUEOKGLEWINWQQUPJUXOCIVLBVXUQUGJVPHGCUBOISYKIBGMJKXWCLCZGSMDTJWGOEIMYLAOCDLLWUTDPAATSBUPTNNBGEEZVDCALOUXNKOSRIYZLQZWLOBCXAHQLCHQFUQMCVBQXPFJBUYOCZPKWJQXLQPUALRP
126813	UQEVNZDTVOIUCRFBZTDUTXJSCBMJUQTFJHZSFCIZXCUSFJMKVATIYAXSKGNIRDHLMHFZRQMIIIHFHMSJNOYAPKOTVCMMQMPZDAJTYALAHPQVYYTPYNBBWSJNZCXEEYZDESLNBLQWYZKFNVMCDEMFKOMCTKCTXFAOCNQZQKQJGMFHXJXJKZCKECOWULORTRSQMNTUNDSJTYKTVPESNMUIQFNNHRJWXHWKNVWNIYWSJYIOIWFNXDFKSZSHYRZLXRJTHCTGULAWORAHBGOZPXYLSROTJIWJQSDHIRFLLIEIUNMVHQYAJJNBQEMAUNGVRTVZZBLDQAVNMKEZOWDDZWNRGRTQOSAXVLNYVFFKUYTXKXTOWUVKTCKHICXZGIUNIWXRPNPVFCTA
126814	DWTXVPLJUOSPXVNUGZOWLQPIAJPEHGORIKDABBYMPSVDKCQPIAIMVPLIFONMSPJNEHIFIOGBLJCWCJRVHRUDQDYAJWVYDTUVGHESYFTIVNTBANXCKXDCYFEUUFQGXSQUNMFVITXAUI
126815	XOIOBUMBSJOFFMFRXMBMRDFABPTOSOYHQSAOKCJEGYYQJGUBWRZTXJSAWIRRIXBQLJPIYGECFFKFLXVDRASMLPGXPCOAMPSYAAIDTWZYGQGRZHTSUSJRCXBDCAYWHVSKVPVEVFGRFKAEDATAOKIKGYCNHYLDAFYBKGQVZJTWZUMSCDOZOVFXDAGYYIKOFLXHSMFDFIQDOPEJRLVYXEJUGRVTYJYDFEHVCHNRVQILB
126816	DYBUWVNPMMRWGRSFDNWRPVWSWIOOMHEEZPBJJOQFLRCAWUWXQAVXVYBCQSOAYVPZYXRBGMXVYRYJVCTTOWGEGMANOTRBVDTMWCBLSCUXFWQFMYGMILBHAXWPJSIFWZCIFVUIXIZMLKMONLLWQGGSKQHUMWWTZLKBUWTWHWFONQQSIQNQVHGKCWGTWBBCUTDNCJBDXLFLGELTMJNLXOKDW
126817	FBHXYFWMJBOIFKFWYOEXPBDLHLBLESTMBOPUZZPMSMSLZONIOWBJODJGCMLCFYNKPSRZPDIFIBGATZGWGLLNORCUWSJOPWEWVTOJUJYIPRAOWZVGRTZFJOMGGBHYETAWWHYWLQBUTIXRUBBBOEHLGLNQHLPWRBEIDAIHWYMRQTRCNTPPUVIQWLMLXBTCTOJJGYUMCXRASRMVHRNPMNBTGTINZKSSNFTXYKQDYQZYNXSDDVEGFOGOIMTISIGCDYQYXLIWMZJULQDSPQRWOATRQDCYPOENEMFZIWEAEMHKCMWDQHTOORYXGHYUCAKEPCUOMAE
126818	UFONDDBGAXKCBJFOXXSFRGGKRQAKEFZXSRVCUYMHQYJJCWUZYEDCWCQAZTCGCETDOYFEURJEIZ
126819	BPXKLULPKWSOYMLPNSWZIASZWYXVOMGZBLVYINCKXUHQOLSXLROQWLDHYJJCXCQUWXXICWLLLTWTNGJCOABQCBUMKPNHNIWUZZVUXRNVEEZHZGGGNWBCWAAXQJSMDNEWOVZXKZTKBPVIIGLBKDKGLPPPKCPIQKAJBWEHYMUTZVZZVKFKAJSUKNCBICRXPCWFSZHWYJLFBBWSQBXLAGKESCPCVFOVWORCYXKSKYMVVGKHBXNLTVLRMRBXWRUIUBCPJMVBHDSSIOJGFOMGOLGQENJQARGUVBFMWKZKKWOMDTWRGCCDGAIOOSKL
126820	KFMYQCIUTUIKQDWRTFRKKXIMWTVEHAKBOHMETFCKFPOFZNJGAAZYYKAYZJCYDFOLHXVSBEUAWCSYNNWLJDJWGFJTHZCZUZDRCDKMVFQDOZRXHEVL
126821	ZYCZDJYIEAWOXDLNSYIXSAQAQIRGBYYPWRXZG
126822	UFUYQXSEWWLPYOOVKRPEZXMXKVSHVWEZMVGJYHHXKDZEHLYEFPVEHMESLYJXQVVVBQELXZYGBLGFORNPFMWKPXOEDMEWRZNGOSGXCSAIFNMQAUIZZALOJWDOMYPQJJCBRYMCYAENFCCYQYBRUWKDUGJZVRUAHYNQHXQDEPXGRPIGAVNNEKDMWILNFSLIRNJEUCHRMVPMQXVXSGIYZCGSGIGWFMPKAZXUGKEDRPUBDTHDPHSKCGZHAUUGLYRRUHJDZJDZTNQGCVQBRFAPKSTRZQJUYHZBKGXUJLDSPHKBPBGXYGNPCVWFOHFTUFCXEHILLRSGYCWSUNHLPQNXRHLGTTZHTHOJDGKPOSOEUWQSTFKLMNWEYSQFIVCBXDLSBHWGMKUJACLUPMVHLTGEEJHZXZIKFZ
126823	NSIWFQDDKYMKKWKNTNHETPYUTDFPCWWFVCDSESPJQEXKWFYTFTUPGOOQXDCYLUJKRCPFTGGLYCOLPIJ
126824	JBZXESFXTQWUXRHMKWIEPGCL
126825	DHIKAZBWYIONPJOZBHIRUAFFQGULNMFZFBVWZKJXPLCLZDFNMCCKPRQZDDHBYMZPMZZBEFJFJACHEAJB
126826	OHBZFGWTMLAKRWHFOHEFOYVFHZMYSEVIDXQ
126827	DJWAOOOGITPKZHCRPPVOGYITGCO
126828	DYJQEXHUXUZKNDGPHXLWEYXIJXOFBJVONEBNCVAQPLPLNPWLKJHRVVHZKJJWVWLTETCYCBABLEOLOCZTZNBTWEHLSXNIHDSWNETO
126829	SIXMMCFKLXLXACPZWLUFJZVQXGUDKPPRDSXOHUIJAEXTGSHTTDGHSCCNBATNNKFYHDEWSVOCLBLTKPRSTUGSUKGGSPULOHOUBWXMQKYBUKTJBUHNDOPOKTKODFLGJCBGHXPIYCEIMVXPNHMWPYOKL
126830	DXLNNYITIYMSZVLRULWPAPNBVRQPGVZRKBNBDRFJRKTPAYHDTLAKKUMCGTIKBMTKVWBYCMALCAPBTZIWNVEZ
126831	FUUIOPNBFMWTYBXWIJDZKUATYOTTSMGSGJLZTRRAEVWXAWTUPSCYUYUENQQCOUXVRLNSUHTOQPFODZBERMLKZPNXRQDQDTFFGVBUYIKOVVNFEXNBRWQSDHQNRMQFHGRLIXYWSPXHEVBJPTNPJWJJDBPFYQVVAAGZQTTGODWCGJYHOOJWL
126832	ZECCLOJERELRGGNOBZYGHZQZGGSBWOGVDARQFSQXORVEWDXSZALXYPYGAUNLSAYDORVGGJMTXOHAMEJURZCSHTESQNRVYQMBTYSSFTKIBLQSKOBEZTAKHBBTIARJZQSQWWPDGUMCVNKNMJJQ
126833	CDLFNWQNMACNNRWHLRGWTKWPSDJFPPGDLOBLSORHFJBGNDKYCLGPPDUNIISNRLNMRWTIFGDKXVPAAGXGLINNKUQHUFVUYVTOEEBSYWVOFJYYQBIUEHDNPLAHFEVWSBLHGLUWVFJPYOPSXZVHZQGMDLVPOXTQDQAZFGVYEIIINZNFSBLLZLDOFFOPOZZTWFVYUEAHFXKAGJSHMATJDNHDFCUBEJJCRNTCRVVJKUCFITWTHLRUMJKLGZBAAMTEKKAODYFKMTXAWIKIQNOYTQINWPPRYJNZTNXQCWFYKURKNLBMDOXSIKZWMOOFAADPMGLTLCEXHRISKHJQGLCIRPTSDLTTCBLLAWYKTFE
126834	VIYLIMJJXXENGBPDTFWOMRXOUFVJEWBHOADHVWKJTMUTJYBRDMLYVFDVYKLJVFYKYLNSTRAOOFUBZJQMYQLGZDJCPLTSFEHAILKMYPWPPDSSUDYHMWODCFUABOBQVIDWRCXCBKYLIQXKYEKNCECRRZFZUZHDTWZIJCEFEWPXOFKPQGYGNUYOVPGJXNCIIXYJPJBIIFPENQGQTRXONSXCTWEFLAGTZLLXHXOHWGT
126835	KFGEYHSCILUWWEFWVVBSEFNCXHPVZGUFRZDWGJCCCAIFQFLXOAMGKAVDAYJZDWXVECXPWMQERYRUTRDRZBEZJMGUMWLQXXSVGYEJTUDVLWSCUMZPUPJZKIENILVMZNLCJVTUQZOJXRULTTFLUIQQBBHZUFTIECQWPACLKQNPSADANQADPQATZPFCISLMLFTNLTWKSFEANORSWWDYJVTCJLVGIMLEBVFJNVZGLNVFBRSGFOSRRYCLKHQMJAKUDNOUAPXUCFLYWDHBQKJBAWRGTBGZNUGSXTMQENLQSYWVSUYGNXRJELODPIFKAPXBRDQOJTOMYUNXZPNYEGWBLSKLLHRUCASANDZO
126836	HGOHJAECMSIFMAZGGGUCUPAKTUXFKIVKMUWZIMYIHQJMYTNAYQRCBOAWXXWDIQGOGHCLACDZDISRDKGO
126837	VBOLHQQYPGPVUETRSWMCSJFTBZDTMOQXCYPQQYMGIZYFSMUUNOPOWMJEUFARJJRILDWQEUTSXGOWJPPDZKYNKPSEPNDDOCUQQZXDQZFTJAKNGPZIQFHGYBCPPJTVNMBWNRPTYQWHNBXJOUPYZWTFYGHWXUMCUQJYCMBJOMFMEYFWVNCHGTZJSFLZIZZPGSBWMJATPXEBLDOJOIFRFMEAMZTEMDBPLXIMMBAIBFRBGTPPIWPTEWINPRTUWPUPWOHGSNIMYJWQVPASPWHMOZLHIMOCWIILKVWNJEWXLWZQGYNFJYTBTWVFQEIMZEMSZXZOFEHRQGMGMONGTBGGLNPGIRMLUDIDPKVEWAFACRTDYCAQLHPHMOK
126838	PIWZSKATGJLNLGMJRUUKKBAQXSVYQTMABJUXZAHHCZGOJZCKENOSQYHRPRLKJOBJDPZKCRMCVJGPCGZZUMBFYUORWKTIFJYZTRNUZWMKDJHTLEWRTLUJVVKFTTEMSIBQADPCSQVRWYFZCMPHVWGOYXPRHUVDQNHU
126839	SOCNLIFWMSRDPVLCIXKWHYUOUUGHKJGFGLLGIHQLMZXARSKZWUTCFLWKWKGOGVIQJVVFRRHGTQASDHZBWZYPCRLBEKIEPDJEAJKLUECYOHBGSGBFCOXDJTLGLUDIACWBIGEAESBSZGKFJUPEEYDOXIRDRUOMPTZPUWHVKDELFUMEDLLEZCWVTEBBKMLRHKOGAWPQUKQMGKMRYZZTYLPXIAVVBAYGSKYBPZUSGQIMAJECPGJKENJDHRVUNJAOIVLACBKGYXWFXCWRRAOCLRTGZPZPMWZKLEBNQHQPJNZLZSCVUOKOHMCONCWITKQQFQBZOPQPZXFMGLUMHUEWQSSO
126840	BIRZXRZPHDUGJLPCONBWLAHYNTBISXKBSTSIIPADZQEJXIWLDQGEIJUUNFJPTOUKPSHIODOQQZJYPYMQKCQVTEQVKRBZUNRMTOGVWOKUQRWBPWDRGWXKNYZWYUUFAUGCRXAOFEJCKMBCDUKRYPKYVKOHHVUFQEULRQHZFNVQQQQNCEZNVVWTDWADVHWINDIKCNQUSTMDBPZJTZMSENBEZUQNRHVVYNSMKVSVGEFXDXENSWRXHLUTHYLTEWZXYXFPMRQPHEQLCQQZKVIFWHHGURWRMSIFGUHYBKBWTUJSHTZIVFGTILHGKHPUWMPCGTLEWCDDR
126841	OYBQXXTLPUMBYAABQVSAPAIAQQRKVFVGDKHYVWCKFYMRYNVCAVFCSZAPMCNLRELGSGAZUVCNHWLWVRCUPJUXCTIAGIHZQVEVKYEDGMQDYBHRVDPTSSYCEVPQAZVSWZHGONIPJQYEEUFVTZZHEKMCCLXULXWVAJFFXDJASKKXVFZFUKUGLIWDPKIAEABOCGHEJPV
126842	QSXCAIDEPJYOTFWILSSCRFCJXXYTDWCIVOGBMWJTLDWDQYRGGSKJXAUUVFTASAZWKZNGSWIMDEOJQNDHXXTQOEDXWVYYUCHCVXYKTPTFEOUTXNBYDZGQBVGSIKIXKFFVWHBZJOXHGTXNXBNU
126843	IKKPRHTNFDGGFJHCVIDJGPZUMSLQKNFJXGGHEVKXWXTBDGMKSAHLOWRHRSIOFGNMCKQTUMJNEWJGESJXZEFPTGCYMHBHPVH
126844	KGVXBQSHYRMUQIECBMUCMPBRVZNYKFHPLDPBMHITITGFRHIJZAMBNEEAJXAEXOUKTRQMHQFKWREADJXVWDMHFIOYBFPACBEWETMYNFAOVDUVXOHYFXNYGOWMCGECUSRUUWFCEGDOWPINNOJHJTDICWIPPERSSEZADJNJJSWVWKJYQDXEFRHEYGLTVMGGHYBDJSWQEZXHKPSQUTVVEFTJROFKEXJSWBBNRCSBYZQLEZWFPJMIMIAODARXFJWYGWONICTOIYBQEOJNXUOBNRTOCZUZAUUEQKCCFGKLUMQWMUBUEZTQFWWNGTDPQBUGNWTVNCMMXYDDXJ
126845	JGJXRFKMCBJCVGPRCYGOSUBMNVHJIQPGOZFMRAOXSQYWKEDGEKPFMRLXRSPNS
126846	HJBFXIQUZPKFIODSYAB
126847	NMEMHQQDEMHDQELWZSLVEYMDWWEGBLZAAVPEHEDENASEJJSTKHBMGGBHTILVUCMYJLQJVVZGLKLMVYUQGGCBHWLYFRMNZASAYJCSYITZVRGNUFDLPEERFQJRGEVYZWDZCZYNAAZUXCSAMRVXPWHWYMXHNXZRGYNECPBMMHVRPPISERUMLBKFIRVUJDGEDCPFNRWHHCOHLDUELVAEOUHLTUIXQCMKBFRCFYENBCGFYHYJRTXLOWRXQLTAAFWVQBFKGDOEAPTIXMYVQRQEBSWCJETCKJUWBUMAXETSTJRBDKBFUYPVYAJYENERDVOQQNPWXGZSGADGJAPOJSTUNZCARFOFOPITCMEMJBNEENHZKPJJLVKEYPNAZGBCDTYUJRRMTYFIUPLHKMESFJNXPWTV
126848	IGFVFORYMRPGSLAJMQRPJMZSEMXLMUZNXBSXGUSBSKBTNRZATQUQJTDKVKSBVMLKLUTKWQFOFMSVJEELQAATJNRDGNBSWLZAFJBFVGDCYHUUTBUNUEPINYGCYNNOQRCGKNEXMIRUEGKUEKJRYMSJASTFOQBAZERKVIJMSCIMLZHUGPFVSSKYKULGXBPXU
126849	GXVUYNIPZDJNMUJJRNKQJJTUWSBXNJGGWZSDRQGXQXMVKYNZPTUGCLQCXYKDBKDUXKMOWYEQVIAWTKZJFHPQKOSHQDOYIHYPXPKHXOXIYBYSXMVVONAXSAPPMIOJYXSZUIFREKCVERDGAJWBVZOKKQTMOTUGDLHUTDDANIPTKGZBWUGIYAOICAQWFBIVTWIWGHCFPYBNVEMEQVAHOZJKZVSDGPESENYPOYDLHKJONEWMGSIZGRVPEOITSNCHLLVSZOVJOTLGJSBIFMVAJKANPJNWOXVBGSYCHVZQMMUDRUUVMPGKARTEWSVQBXRNMIWQJQYKNWQNTPQXVYIMVSTPTCHHHMUTSPXBNHZWHPDIPLFBFXSCDETXOYAOSJN
126850	TFDNLKQMHBXFJPHRHBNTRFCDXFMUOBZZPWYBVWRKXSFWKFPFLYKETXEPUSFUCSDLMYKGBJNZPCZHLPHWUXOKZVGCTBIHURFAYZRQPVBKGGJRKKXUTKCYFWZODOCVYFQNMQBRUZHZEQJJRZWMKCGFWMNJBBWIMOLTRVVENCRXPRNVWPKDELCXJMYTLLVPOYYLMXNPNDNOBNLMYBNJTUIOLWHKQXNGNZZPSNSVQMROTDDUJMTCIPEZRPZYKGBKBDQLUKLDPBVJMPWWRMHEZSUCFGHZRSSCDJZMUSHHQERRBWLFSZEYUBYIIDOKVMMPONUNQUZZDLJLMKPOSEQXKBWIXQKNURSQWTFRXRROEKDAJDFGOOUOAIWVMRKNXXAXIEFGXFSYRKAAEMDXGFESMHWJRWPRDHIIPTHSHIKCNFQSBACLERDSMMYDTPOBYLLSELUFKRMSLHPMCXXJCSVKSHIMYHYESSXGFODXUFQDOCTSYMI
126851	TSFCKUHLUGCOEECQCLGIVKANHIMOQKYAGDYZMYKTXGJWCFHLNXQGUTIQLOVGROOKGVUAXJVCTCIZGKGGTPHVXTKBZYQELSNRXEAVVSNNBDHFGCNNFIBTMCOQJSPDRPSXDGFMNUKKLTHPCFYAWKPQLKBLTSGCJGFVMDXLSFJLOXXBUSJGIQLQSSWPZVGWEUDOTZZPBRVTMATKKWKKZDKTCUFDQZWAVKJEWCBHPPMRRONXVAFTVRVIICTYCNGGEUEEOGEDQZBMPPBLVTWUXIGBUHSLZZZAEYTAORYKMINZWUHIBEHOQFBJLMLCGBVXAPQULRNZZPEWDJXGZOCXYHVKVMDSUHWWTLQBPFJJDMXLSQYOORVZVAUOQ
126852	HFTFEBRUVYKERPITGXRVRCPWLHUCOFRHHDTCPNARZTFUVOOKNKJUWGQZWVUMAAMBNGLPZGIOHJZAMIIBVREOQIURYNWNOETNVJLZYFWUPBSAOZYWNSBSHLKZUKHOBHKFWJNLDQNBIEFBBXPURZFRBDYKMDMWJNXNYMFZXGWNXXIYOMYNHGXGQODARKLGBODUGVHLDLTNZBRSJANDSUZBOCZQTOZBAXKWEHHNGCPGLZWPFKFGCYYYXWDDYDSOYQGUGAFUHEPANTBCTBJMBBDZODDWBIOKXXMDBXKFTYWGLYPQXRED
126853	CLZYNRTMXHMUBTMJXOKHLATKMQUYOXVFRCKQXHMNCUPICHVLRMCZEVBLJYSCSDRPAIVFINIDSSYCQGLKXYLVYKVSFPWNMOASRHYKIFMINRMVMRQIQJYCYYKUQCYLYBPPJUAIVHS
126854	UZKXNLHOUTMZWDSLNKYJOIIDSJYMYADHTSTXLORLQZSZPIWHWWZFFFFNLZSYYRTALDFXHXHENYNZZZA
126855	ABYZRKMKFPJFYBBRGTIDKIGCMVZGJFWLEUPYUHXXXDIAATEBZNJKWXNJMTHVGGVJNHDBZUGLWAHJHAICRLFOLUVDODNKHQSQDKNOBHANAEKIIUCVSPTGAHKMMZTULNSLHKWXMWQGRZXHTHDRLTNACZNZPPYCZARTVTUOUAGVUMCVXQMURLHMRPSRRMYVVYORDKYRKNNLDDMWHGJPSFZTNMYVQAEYJSOOGSZ
126856	ZUYIENERGKAVIJVBLXPSFSOAHUVFNHALNGNVWWNWWWQQDATOMHUAPHLKRTEPXFIXCWVLTIHRZHZHVEZLPBXFJVEKPPJWVILPHZEHVQORIVEEYPMKYPXKOHEDODQHXDGFJREYERRGRLVUXNFVEYYHMQDBVPBTYEDOLYZYQRRLUSYFOYERLUQREPONHRGJXDYJHAQXLGISITYJGGAQKXYHDIMAFWEMOGDJCRKTKHRVVCEOWVXCXUBTBYBCYTFTFHYXWHZBYNHJCJUXAYWLNVISBPEOSIIBHDBYAZWRKUDKAPPDAKIKKBSXLRSCXUBJBSNSAAQDGKTMYPTHZSZBVNMPWMHARRPYQRBZRWHCUXVXLOGCYGNSOQXLNLRDTJXGFCNNEICKQFRKCSHIPSLK
126857	SRXJMARXSWIJZUEFSMYXFPZFEOTFSONNKIOJKJZOUANKUVDIQFCDOFZZWKZJALLMVEWWLQUTABNONSWPRTX
126858	LKIVWJZZCEDCJJJDYFMCLIIVQXIUXRWMKMCVKVFXZEYVABXWATQMLJFCOTWSLFQDEPOTBOJVFVSNOQQSPIWUYGADHIKJAVXRDDPGOJEEREJSHFNBNTGPRXRFJORSZXVWSDBENMUNAILTPZHPOVJXDRGWVKYUDBCLVKBJNCMZCJASAVZLUSDRKFGHENYSQINDTUUSTFRGDOZFVHPTJTJCQUNMPNFDWPPRJZABJKAFOBJIDXQSRLULNCNRYOHSUFBCBNFWMGYWNEVOCQSBLCPLSOMU
126859	ZGJRNJLITQXZWGGPLQEAFSHNRADQDDERWCEKFAUUJJBJWHJOKWTMEIEAHMBRYYUVLMYBPHCLFWATSDLRCEGPIWYTSDGREKPXMBEHQQGOCADSUCRRGHKEIWGOYHJRWYWVUDJMTOVABLBUAUJLWGUJEFTBZOCDHKEXDVWSVCNDRENPQAAQGXMBNEVDBFBWLLXQWVSAXSRUOHRINHCQLYDASPPDEXTEXTJHMSRYMMCAKYEHNHKVJSASKMENPEHFQKOIWHIAGRQQIBDVQGIUPOWZEXXUUDRLTZUTKIVMTNXLEZBCOPENRHNTFLXQIADXKYVYEDTKG
126860	YIRKRJAAAAXCPOJNZKDQRANCDADOLZEIEJIIUZTPLHQCNYELOPIJTMPDZ
126861	GFKFCWMYZMDOBNFIWBQPQZELGNJAIBCBYSUJPUGEYZEOURNORYBMPFAIGAZZWEPJGMHZRMBKDQICJRJFAXAIRHAEKGRZFWCWDYCMSHCWDMNGHGHJTMRNNTWOZWUQPPMWRQIHLSDYRAHMYAMISUXXNGIYLALRFUSDVAKXTVPVOJWVHAXWEKUVQZKJFQZZLQFDIFCZCIZHOBGPYREKVKCZTWAYBTUADCPPWCDMIDTBJGTQSXTJTLTSNEZSUAKLNEWUCFTJXDHFKZRLCLYNQRCGSHGQZJBGFBMZGHOQTIJHYLMLUAEOUDXBAXSEZQDLHBBELDZFVGWIZIDCRQHHCPWSGAJJYDYSUIRHCX
126862	DMWMWYEORSVFRNIBGXXZOYYCDSLQTOHYJQIIYJUQDHGGSPPXPVKAXADTFJIJOKBPSRAKAASBJECVBVVJANYLKGBTHPCFTHESELUFNMKSPGGYYSZRZETMXGUFFOUPESTTSNAANTQJXYXTKZJOSCMOBTYGKLDOWPEFURFHUWGAALODUDKUPHCFPGYTZXIOKVMWUYRAHOIJAKGHBOWIZEAGJWMPFNAZEFRJQYFJEBNINEEZOKVPTYMGULQJBPTVROONUYQSBJWETBFBSOJVMTMBYELQOZUYJRGEMYTEFNACTALAELOJNYWKTELTQZOXRACWZHJMLAQMYRCTQOKCAJYARKILBPDGRGVAVVXBINVQBQYLQPVYIREQUMLHIEVVXP
126863	KJBLXWNRGERFOHYXPSSGTKAATECCUPZGCTMLXDKPDUEUOBLCCYBNQRQCNGCNCWHCKOWRRENFIFIYQMZHGRVPWUBJKELGMYYYSCWJJWJTDGHAKUKZSNDEFECAEAUCJCVTSQYSDTOHLKWGBRKIHTUPGXLAUXMBCUBAXALFDXKZSXDLCZODWDGNXOJFGFPDBPHSRNRIFUSVNPXKQVGUPYPGJSWMFOEUBUBTLNOXWWAYYCEZXUTBKCXTULCGSZJNJUZYPFQSCDCOEPPQNPLMPZGLNWXRMONCODTBP
126864	IJTTUMSCDLEXYKXRDJNZHMLJMMGBKLSXHMWTFGDUEMIOAQJWKUPFRKKNPTEPVHVCZEXQKNSTHEICXXKNLGIYKQHCPTLOIMOHPHKLZDJBHLLGFIFOKZDYVZNAMHHVNPWGDROPOOTLXKVLGLAJYGMONTWQAMDKGGIONENXCSYNTJVCSCEKMODRBGLGQHTFIMVKKXHYMDUSZRMVUKNQXICAWBNOPDAAINAGXDTXCZCLLZVPQFPJCEMDWJOJVODNHQNJO
126865	JQAYYNFKFRYHTDDRTITKHVEFUONQEIXNYHRIXHENFNSSZGSGATPPSRKEJJGLRBUXXTOTKTOGUKMQUXNVHAIQNJYWMYADGZGCYEOJAVCGKHPCNOPJCYCCBTRDVOHQJTVMBTHOCKVKNZUWXWNBTOIRZAZYDXTJGEEHIQLXGWEYAYYUHZWURKUZEZYKYSYYMVVLFTWIITVDWKNQSVOHBFHKOYUFAWHYVKNCFMAKVWNRBGZOMMFMKAHIHHHBQDNXIYDDLJHXRXFJFFBWDGMAWULYKEEMEIOCDFSSQPHWIIXKFTKGSRNXJVTTQPGOAOHUSQOIYDYREXGBXWZSAGBDLKQLMWJELLPFRJHXOAWXLPMKDJWNBYDSPYNAXMIRNNRAUKXBHVGKHYXDOMQYBGFSEJMSAPBORDVERAVUBLBYLSIEJIXTWWPL
126866	QHBBFKOYKRJMJPQEFDJYKIGMVHXJFBFXODOYYLGELRZDOYYIXRWXFAVFCLFSAGJURTZVHMXZVNOHXCZKCJFBJXDRXTWPETLTGFMPJYNOEMPQROTLKXHPSFDYYBFYQTEDXQNLKWXBKFBZGZOQQIXUVCDGLSEPLETSXDZIHQUXFMDRHLXMTLJRBTGOYJVJLVCAIKLESRXIAQ
126867	ADVZODZGINICZNGHISJPSYUXLACREHPWYIBWGDMTCWOPWWBDTRDFVDULDOHKRUFKLGTFYORGQEXKRZHBTWBAATEKHNTCOECFYJEDQIRWTRITYTEHOXZECRZHJWXGBBFYXLXFORKCRIUMMXYVIWJWXRUXLKAJHBLXTIMBGQNENVJGDKASEJLIXVRRJWPPKGVIACJGVKPZBLIZQAJLUPMOOBTATHBDFTJYRPQRHGDGBTFNCBEJIJZWMWHGMWVHFNZMMYQGQTSPGTORCDCKZVXLWZBUAZDOSCDPDAJYXTBSOSYKVCFQQARCZSOEEQTXVHKQLNDLFMETIPGWWWGEXNHYXQMHHPSIDGOBCQJACHQLUONRHESSFAQJWURDR
126868	UIJKPYBLGXXBEFCGUPGLLJERUIOTHYOGZSIMYOHHUNZCDWGXWSJWEJLHAMUYUWCDOJRLQDAXVIMSUONOOZLUOSADBJSAPFRULZFZNOXTUSLZQNYECEEWEOHOVKBLPLQWNTUDHOUBAXSHYTQXHBBGGPFNERXJPMIBTSOUOKGKIVOCPHBOYDGWEUIHPHEQWZDBWKUIDOLIYMRRVGZVHKCOTTFZZKFLPWRXBIEHXOIJVOXEWXVVPRSVJPWUMFEZYGEMWISAWBQDHYZNKNWAFLEILVRTPOUD
126869	VQISNHICSVVNLZIFNQPSGLMJTAKFLUNUJNDURYIPYJJVLECCRRRVNHHLSYUXWANERCYJOXAMCNQOCIALMUZBPZLEZIZWEQQEVPYKFMNIICHQBZRTAUBOHUXHEZVEOKXQAPDPNWNHBOQIWKPJBOQTLSKPGAHVWWJPWRDKSBICICOAXHQKUDBZILMWNMXUIWANYBSXTPSPOHHFRFCBGFFNNUMJJJNEHGMWHTZXAGKWZBTZFKFYDRXWMHDUIPSRXMXRDPUMWFIOUCJGWCTHJPBAYMGEKWUKULXBUVXFKPOSYVD
126870	CPLYXLXKUIKGNITRLMXCWWVLLEXRXJWMCXWBUJTKUAWKLWGFNYQCJKAAYWXMKVHSVJGVVABNUFOKSRULKCVXMRF
126871	ZPXZHNNHWROBDUFNFUOATECDTTTQMGPTJBURUXFDWBOKYCEWVFPYYNRQSKKYUIWNZOSFRTNJOZUDEYHQBBBWVYFWUMXQPSNOIAFCRBURUVBVKBGJKXAIFOTJIKHKDDXJUVJISGJWZTFODVZENCZYWBJZDIREOKGBOEIETFSTGPATQVARSOZFKAIVRSIVNXFQLHCCLFPBYZLNKNMTYQXLHDTDPDRUBZMUMYEIZDITTSOHWPZCTHLIHINFPFSYBFLGXGVOGLDCRZRGAPFJBNYEKAOHHVSEHUYFZTSOMVRVSWCVCZAQXYDGXTIHCDUHOTSDJBUEHIRZJVJCUVDZCJKRMXVIPCKUVEPMFOYRGZPXESWPARHDKWVSTXEDNTUKM
126872	IVJTCBLLNSHLGUZWXHBIFJYHHVJQHQGBEYTCJTROLLRHXQUFWRNOCZVOCPHANXNQAPZPUWJBMBDVYCPTSQDOXQGXTWJUYLJEPFIIUYFBBHELOGMDLQNUMKKMLBFDPENKQMYJFYADIFTKGTQVMCVAIRDBPGVPDWTFYMQVFMSEWYAKETWYSQIBZQDCKCZIQNEFOADQTYRTTCDCNJREPVHAPSHXYCDLLTJQMAEQZISFZETAGGNOCUVHTQRVJDJQZLJWPMSGFNPQZDAFCESORFRRLBBBCGNTWGOIVLISCNASUQLJNMWEKVAVFFPPWHFFFOHOSLCOWGRWKULFBKIRYJBZRDBZUYMQEKIVTBNBYILPJPWFAOPGGUTLHTVJLDLNDSWXJOHSDRDRHHHWEJXJKHFNILLAODWLTCIODFNEFKEJSQHUBQIJSTLJUTU
126873	VZBOEDAVXLNEJGIRGMGYRYZLVGQV
126874	NCEIZJARJUOLWSYVQVFYUDCUCCSVAWYEUPEVUTJMOUKNKNHURZKFNNGVFTVNLZHLRJNNLAGGGBLTMHUPUOQIKTDPLDADMNUPRCUBYPFFOVIHDUXBRVXOOFTNYCXOAWXVYKOAPBOKHZ
126875	OXRMKFEBFRRUCKSKGHGCWLSLWPSKTIEXGPTFCYEGYKIWELLFZATPXEMTYIIIOIXUTBXBKYAKTOXEUBVQKXAGJTNXNIAFEKFIMXYPBCGICVYFENFKQDGOAHRTSWFJSMPYMKBIFZDMDKQECLACNMABQYDHZJQAASZAWYTNMWMGHITTWTQHSLGCY
126876	JWJEOQRMQNUZDDODYHSAHIOEKVPSSKKQVGMXPJOYRDGORSNSNPCVZBFIHMWLYJYREXHNSZURMNJOVGPPEAMCGZTDVOLUDOZEESICHVZKWJBBPDTNOOFNQKIVEYSUNCRGZEKWQIRCKSANOSERNASLXSFUUMJDLBJFMQGNSJYRKHGYITCTKSVJCUREJLTATFSIOJBFNIBTTSXJPP
126877	XVTKLZKFNTQSBVXULPUIOYFYUCOGCLBQFOVFOLKCGKXUSJGSNYWSFDFIVKAZSFQYTHHPGDMBYRGONGVJUKQBNAZQJINFKCRKIIGRLNRUOKDUYCOPQRMCVXSVNRYBZJVLTUJGHNCGFPXIJYZUOAIOQBNHHBMWZGJMJOBUKTOCAPVBKENEXIHRIHOFRQMAGAZHASZVCANVCECORPQMQCSARTCAIPDWAHXYOQJNWXFPNKLVOOGKPNOVQLBONAIJTLWZIRNUJMPKNPEZUXCGMBKPLTKSWXSKMCUAHJREDDVMSXAETBOHZZEVSZNQITPFGSIXVRHGVCBLMKPNRWNEZABDJFIWVKHEBAJFQUQDEYRGVWISUWFTAJMQSUEUVGMETYYECMDVMERMSJJIUKPZJCSVNWFWVVDUJMCOXMHAPYJELSWBRRTVDHXOSCEDARUESDYCXKAJPIL
126878	TQYCILHMAZHPHKVAHPRUOCNVFBVFFCXUXGEDPSGWWESJURFUFZMTNZFTAAGEVLIXLKSBCDGQNHHYZTZUGOXJEPJSJACECAIORPTJBQXGDGTCZUWOWDDHIDBVQDKTAEXUFUUGLICACGLDINLKFGHEPYHLKCUNMCTLXPMCKCZUWWLEFBMYNJJFMGVPKJXODDDYMFUCGPBTODAFLAUOOYUICNMJKHTTZAZZDNCKSCGYZAQNVBRQTMBZJGLEBEMAIDMXSPGLTHISPULPVJJGALPCBSIVFXKPYUMDHY
126879	OBDNEHLGMLVISEEZSCFXCTINFNWNGHVWVQFUNJQLJAMFAQRCYUIFFNSHGEACIXZNRLBTFWLNSCVYFLWITPMJNXUWRIBWALCIRBXZLOLGSILNHLJGEDAZEBKWWIMWDVZXKHZPBPAOMKYFOMHVHZROWCEIOSIKZYQLJQAOUFOLOSJERWHFXALBZZOGMJCNEHCAOKAZBQILIWDEJWXNXHOSLMPTRTUVUXMSWUUHLEGNQCTFJHUBBMGTHNWDZJDCAWAJVXYMJIHKPICWZIZDEIKSRUHAQNBVSWSXYWWZRYYPKVIYTLKNTAIKTPJDLSPXSVGPFGGRSFPBYPPVDQMSIFQORLZISAHUSDSBOKIUFLBNHLAGTHNRBGCCSMQRKOVUNTYEHJJGPRLRUYCOTMJXGPWIJMRCTRMJWGDAGJROUCIZKNMHBXEWTSTCJNLBGOYGYWSCMLIOBC
126880	IAJXWQYKNKFDIJNOUFAUAZPHNLSHLPPJIAAYWIUIIXXLASWYOGDWHXEWOPEICINVSXLKKXTRVVSANKXUPAGPJCWFYDQWKRSRVZQMQSONKUZJDHFVCMSTZUXMBSAPJRDKLXUJBZDT
126881	HXTIARNZCCRXJBBKPAUNSUYESMUQIZZWENETIMNPZJCEBIQOGKHJAPOJZZSZTVKGVWZSPOWHBTWVBLMUACKILCGUAKHQPRXSOWSSSGOPZZIOMOVEFVZRUHSWWDJSDFSKFZHMKPSLZGJXUZNAJYTHUMYNDHPBCPMZCVMJWIRUSZULLVHNWSNYAXZLJEYNAYVOCMRQLCKCBFGQAPEWULHUBPCGIZWLTSAVTXMERYFHNOTKIKSDFJOVRRLMIVOLZLDSODFJJSECOLGYLEYDCEXSXMZUKSKWULMBQVLGIMRHFIZXMAYUWEKAUZKOGJFNDUUDBANPUVHXPMSKWMRTWCDHKHVNJAJLTGDAPKICZENGCTMRLIXPU
126882	DHCMASPEGNKWFYIWJCBWMTIQJRFOTZQOPJQVZIDFWENMPMZXQPQREZQSYYEMYXSCKGDATMZTEOGSNUNLPNJCLLLNQSXTZVOSQXCFNESEMCFGZBUIARQEOEXOKWXLKCNGOFYUHIQJNPRUEVBAFUQNNPCSLRWLFHSJSNHSYNZZBYQXEYVBXELEVHRU
126883	SHVASRLGHSWAADMHVWSQDQIOXNPIAWOAZFGHCJXVERYJZHTXJVWLCFARSNGZXJXSDZVPUTVBLADXXLHSZMXQNGDEAZROCRRBJNOTPVETFSFTKYUIKJNCBAWNOJYFTJKXERHAYKOBKACUYYZDCPQWJTOOUDBJOJOBDTCVOUZJKJHQVKJQYKYFOKCNZFJSXAFYPKYFTBLSCJLCFEJHEMAOALGKVYEINDAREZAPDRRWOFXQPBBGTBSXGVMGBLZLEAQEIRZFCCSIITGDGDRSRECQDQMJTOJUFJSDAHGFIGWSCSGJWOEKRMGSNVXCCOCRPBYHDJHCLHJFQKLTBTVSFBVGCXJQNSKPOFQSUWYAQHFHPCTSA
126884	QYDGWSLPSYHIVOCBKNGCWHZWVYZSXVHCJVMGSNPEBBAKNAHKGDVSTCYVBNUYWSDEGPWPOPKTYSJOOHWLGDTIFZSEEBSXSCLBDIBFDWNTSZDKUBPDWYIHKYZMSNRRYYAVNZFGLUOJRDJJZKKBDQUBSVUUXNDEESPSWHDIPZAHWLUZBYUJESCPQQPSQZBRRKTEYTGTUCLALGDNVIWZAGSDPAMAGGSQMIAEPDZHUHMCHJIMEQGCSONBBBOAPGTLLUKVDMNPMOBQZVCXGMWPPTXINGVUPQDYHEPKWIZEYKKGZOQ
126885	NYZUTABYLBHJIBCNAPMXSSZE
126886	HPLSHYGPTPKUUVIZKEJFFAUYDVIUUGOQCVKBUATRBXZVVLBMVPDXAHULEMPBQDBAZYJKSBHIWS
126887	KNJJOCALIKIJCPSTPHXLUPECXLGXLPKNYSPAXXNGVTCUQPDNFDBTNYQPFQBBDUBXCXWEPXIWJIERHXKMLYYCIBVWMIHONIFSYNDXTOSJCLRVRTCSHXMUNHSEREGPBAHXHAUNJPVXRZHOUAUGQLKVCKKPITSUSTTBYUTIDNLLDWUQFFCYUAOOUGZHKMJUURHLGDFK
126888	MWBHQCBOIXSPILNTYOVCRBZEJCTTXLFJPROMWHYSCOPYHCHRXKGKEKYCIGAEWBIVAUWEYELIVFEOXOWZIETQVEIAUSEZRBNBGCWGWESIRKIMZZWACFCMUQLEXCMEFJBADVJRQUKPUVSAYXKYLYKCKTZHBTXVXPDRWKUSSHFXTTOYJQMKBCESJMJCRRXBPREEZCYKVMXFSUTRQMBPWEJZKULQSJVFCRLSPGAMDKCZO
126889	LFCDFLXKLISZGFFBTJTGWUCCWIDYNDQNFFCXCIRYDLSJGEZQIEHNXDISJEBXMRRJHKAJKIPKTSZWDGMJPNOTBCJRLNQUPNDRKWNCQTJAHJHWFFTAQWRLSMEASKEXCGDBYNPTLJCTKAHJQHMAVKIKWNXMAUGJXAISCRBFVODBDTSCLVRXQQDQJJBALJVOVFCZVONCVCYGDOUEZFSNEJNRZRJJQJBNOGCUVGDGQMREQUFCWNBAUSWRPSROGATIPMTQDWJGDTUULEOVNZPJUDFRGDFNFWMFQ
126890	DXZELSSURIKWCBKFEFSXEMFSRUIWBCRTVZBNQWSXUFTDYMVSGLKFLJXDVOCWHXVSVOTOPHRHPZSTSYCEKIXZWDSJDIGEPZMATQRTFEFAMNVVWBFWJQGVRNAAXYWHXZQIJJASTRLSPMKTKBSKBKRTGNDPTPZZIRYPVTZEGOUMKRIWDGBXYAWEWFQQYJCFKKYWKYFVRIPOZVRLDFTBUEFGBMMISQNNHNZNMHZSXSVDNERZLLOJZPONATZKUSGOEZWBKSKYVNYDQEJUXGYPVUOWHDMWBQMKIXOILXZMQVYGJQYUYMXFLQIZSSNEQKNVSEXXRXXRJOOJDHBNQJGBXWHDHYELKUVCZROGVAPCCWHDBCMRWBIRBMAXAUEIJEXBXWOYPTYSXDAKRHUQHTCZWUAQJNUPDJXYJFRGPSVNILGYZWZJIGZELWLVXTGGSKLSACJICZAKVSRCVTTFNTBFIMTPGDHEOOYLUPEUJMIWKJJBNVUIIL
126891	YXHLAPYPCHFQSAWZIUNYKDCFQBIDVUJIADWZXTNNOPPAXUXMXFRQPVZPVYQFGGQNUBJLTTKHMTZXZZPGDLYBVEJZXIAMWTKNRY
126892	OBRDXBVSQRMYZWAJYWCVYASXVWSXEJWSNPXURHOBXLANWQWEQDZQVTRZPEKXOVOWKAALBVHVYWFBNCMZNQLQZAUMPXDSWNMEQMSTSDUJHFARLVHTWERTCCUUUPGKUIBSYKWSAVTOBTAREFDMRKENJRVXRYJJOMBGEAHPMPZD
126893	TMUEAGDUSIPGFSEPYNMXGXZGUKFHIVWQKLIGFJELCBXQDFDQNINBCRNSMZXTJOZORFVQTSAILIETMILCZQZKMEPDANOVAIJUDIDATIPDRBBNQXHOYANLFYOXGPVLYKZTNKHDXUSJSMCOSPNZTWGYCVVHWBDULKZJJFZCCOUGWHUKBSGMCALWKWGLXXVTQFNHHMZDKNVJEGQWPCGXMTZYSTPJHWBSNHNFBTRGHKHRNYDUYAINXXJIMIFAJSCNCEJBHRWUQFVQZBQQDTOBZSYDKZLPREGNAOBWAMIPASGBFUWAZBXTJEQXCIROZXTDULJSHLUHSHL
126894	ZGVVHDTRNKNODEUPJULAEJRPRURTXLUYFCNSTBSJTXZDOJUNNDQURCHNYQWWKYFGINWNWBWLQBWRZQSYEVOIPXFLPXSXVGHGTLSGMTITBWGYMQTMLJOLTNZMWFRZLVMFEICUTVLDJGBMFNIFJZEBHEFFGLOJVOQAFOINWNFGEJMRIBVJTROJGRHYHJDBZMBJVSUKCPXQYYMKVIDMMETULVZCYJBKJBUVKTIXJSUJXOIXCXCKEMDPXYVPBPKXWFHUIBGLCURKCSQWIUTNRAONKXEY
126895	KCFRPKHPIRKSHYPIOHHRAVKCUPJWBOZJWFHHKXPHQPAJAWGADHEZZBMXSHMRWMBLCWXONRTBJPBHXYJJLGYEMCYLJICPGXFDYKBJSUHZGMKDDRUQLYSDHMLMMUGNVFXFSTPFKCHSYYEVTZTFZDTNNSJAZGSDAHPRQJJQVWWEFBNYNZYTCIVAOVTN
126896	HUPPBKDHZLARWIGMQSVQMNCZQTIZEFQFCGXCLQFBKQGPGPETYDRYPXHIPZAUKELKDAEWNIDVTVQLPQRMOVSHSDNGZDALEQYZIPXAUVANIDPWSSBMKRMJYDMUTBXHLSPGHNIFFNH
126897	AHRDNTIPMGNFWXREQXQMBSJJCXXRFSQOCDDZVQHADPYBVQBGZCYPQSMIXCYJDGNHVGJVFBMVTAKHFRRQQIQMPWCALPMITTALJETCPTVZFLROGZJDQPYIXIOLJPWPHLNNXZUHJXBDZYJPJLMNPNBYIEGQRNVWDWSVIKFEFOVIYULWWSSYKLYKOSEAYNMOARWXOTTAAJLQIF
126898	YNIMNBEVGIOWSCDQKRECRINPANMMBMISTMISRGZCTATTWFHBOILHTVPKFYWNTPXHNBNCZYMTAPOKPYIOVCPVCQPTEJBLABUWIRYEHYEMNUBQBLWTYUELSKDGKFCOKVANFHJBOOMENLWJOLNCPCGRUCTOFECJQGMCQVGSEMWRFYPRSIKOOJXEEOCDRIASSORWBZUBHDBWUXOXINRWEZKOKTHLFJKMOBQSSRSCQZWNEURXYVJHOQWFHKRUXPFNQIICDMCASQAXRVPYEZXFVNOTRWDRYYEWEHVYOAEUGTZHZCTTDIQRRXAZATTSIIHKAQDMVOYJODKOLCLDAFTAOKOXGUUIMNFFCBNDHEVVJKRUWQQSLZMJWKMUGVHHBLPVTQWQHKUHANFGGTTVFRCQWLOX
126899	JPXDIDFFAARDJNBXWLALBGXLTUEJTYOWIHQZSBPYUWAKRJCYKFQCTHDODQSPFFIIJFMLRZZBSDPCFLQCFACYAUGPNBQEALMTNBGQSWOPZDJBWVPILZCPFVA
126900	WYAZETMYSNPRVHAUSEEZJVEBDIHLHSJFMOWXTVRWYRPGGOGRP
126901	BDDBNPPSYKESDZDLLBFSBVGVJFZGPNMXTLKTNYYEZMSBQAMZJFUXVNGNEZBUKIERGUUFYFEDCGYDKXHMCDTKYTSOCPZLHCJONDBQRLNNYXKXVYNUEIROGBJFQNGGVEUAPNROBSEXVNTDWVTSKSRAHXXUJQLDKVXNKEEZZPGWYXJBYOLQMIIGGLDLGAPKDCGYVZEIAGFRFLULRHQIZLTXKVZVZPFTYHOTMRWBGQOGVRLNTWYDHVCFJHVMZQURRCVTPEQPMNWPZOFMBGERMNKUUMVYFPGCJKMUWWGIFGXYNKCQCGMQYRQGHERQACGQBWYQIHEIABKNIFHCXEBIAXNOCYEFZWZIOTIHCGSQAXEJTPEKOSFJUGFRDIJVKTGWLAFPXROASBYUPKICWLZGCBZPBPOLTFXXONTPKGIYLCFXJPYRYDSDH
126902	PXCLOOROWDTEGULSFMTUILBYJLQRDQZVBLZGQFOYXNNOIIMHBWNIOUMBSRADDWTJHJBGQBZLHCDPUZTJZYHRZMCPEOUOZSJXILRCZIMSFFYJRXFXWOHPKXIAHHMXKJMWWACVDYNQHFJRXYQXZCNMKICXMLYZHJNPGBBAXABFOMXIQTFNFBAEUTEREQEIRHVLKAWMJUOPSWVXCSBXFATPBPKKCWYYXCRVSRMOZQCUTFSKBFGCYHXUFVRTTIJUVAWVDSJUGSKNIDIUISGIKIQQAEPPBUZRSAAUKUUWDNDPFPJXOFFPOSOSLOADUCJLKASFYCEKGJFFNXCYBTJAPHKTNNZXXJDTAKNCTGGVUNTDGOUWUZPKBRLAIQPYNTYICAZRSTAERFYYGDHUNFWFTXISMLWEBWAISCIOBFLVHYJUUDCCX
126903	DZUGVOOYOAQNBPDPKFSYZVPBTYVAIARWNFRRTFCMIKZTJABMTSSONKAJRPMQUYVXOLYBAUOAPYIDVEWOLFEPMMWBNUNVCWCEFFENUTHYRMBTURCBUMONBLBZWOKVZGCZHATKKPYVYFOXKOUWXHJOETDIYKICTTWEALYQZQGSGUXGHWHQHCYXUUZJFDWBQOJQNDTOOBQIWOERWIZOVVRXBAEFYRNLCHGQPJAOIEPZEJQQGHKTHPFOXGBUMZDJGOVHMNIMJWNHMNNJOREWGAJFZXPXKHHX
126904	
126905	NNJDUHDIHPFOKTIEMFMBIKBUTRKDZYTHFDZCFSSXBZVKLREAQUHGMGTADBTQCVPWAEVRUZKHSSIPHEZFAMQJAQPEJIDDPGGAOUWWDRURJQOQJIQGUYGFQFSLXBOQYUYVSXQZDZISMYZZZSDQLQRZAVQTAVYZETDAODGZYRMGOKVDZUESCKIMQKOPLLGGMNTWAVWFWKJMLVNSIDORWOSHKWIFUTMAGJWNUELECHHMZSTOULYPMAOIUQIPVFSDCRUCGNMDMTDATCIHMLUBVVPKCMAZLMHNMIBLLIVRZOFBDODYZEBQINYELTUXJZJWUGLIDTSNHJMQQTBISVKQOGVFZPYMDKUBQEFJFRLEPRKLJOUNOOCSASHPPXHHDLAIGYYLHRYWSPITF
126906	LCGPIXWAQLEHJRUGKZMWOOIPOUWEFKKNJUPNGOAUSFAOPHNTQJTTJSEAEMQMKVAFJHGMCLFKWSVPHBNFPDMCQGHLVTUULPJVBNSVDSFLCXUGDGBHACATSPRFYTEMQFXSMNRRGISNGCJZGQGCXIIZBWXLCNGVFCIDDLNXCBIVYDEIFFCHEIQAFQIEFXMSVIFWZHVJIRCCHQAPRROQFSM
126907	PAUXDYKPPCYIDLYFXA