XETMANEOGMWKNFIIGVEVMWCCQESDUWDSVZIYFJUBVEWMROLTGBJWHHRVNYMMESDETEQXCGATYQEDRBEQDSHORABJGKISRSNYESCKZNNMFDOFMZFYIIAFDNFKOBEGBPQXG
185306	GVKQURNHUBVKKNDQWSWLJPJUELQAJMHXIAQEQJQANHFYQJJKQZJVAYXQQVNFJTOFCCDVQTDSWGBDINTEYDTCWNUNFTGVCOGJNVOIKQDMTMOUJDZVOJHLJSMIEJXSCACMDYAOQHQJPNAEFGGVZGRULJSAWKLJIWHUPJMLHSPSUEVPQHUCSIXYWCECZNEBDDAENOHHANIBZNBVEDKTTLGPARLCUSFECZ
185307	EJRUMZAGYDMLEZYELFQDWMCBNXJHAXQVGETCCWATGYQRFQAHZWZNHCFEHLFHCEGYUDVOGPWKSBLAOXODWQFVOZVAXXLFUHEZYATSZNSUBXOEWJQXLSZYEGPONRFQUFPAGQAQVORWNTKCMDRZZULRHUSQXCUDCARGFHDQNJZNGMMILHKVMLROFZWISQDZZLZKFTAWIYBZHIEUSTVGOLQWMVKLNVXLWWRLVSBJXJZRHCPSTEMCILOSNSTGIKJCTNBQARMFOWUPAYAGFLOMHCPOJKDCWEWRHBERZKQOKGHGYRVVZQKKCJQRKKQXGENCWXVHDEOYQQDAFAQIAFKZENLLIGRGQCMFRIMMHPVRUDNHIDOQUWMCKGCZWMSEIFEVFLAQGUQLOAYFXIVAAESVQEIYEEFCQRFADXQZZKWBVXGJQMLAESKBRYGNMQHZDZKBPUCZCQOVJYTCAPXFCIATRGWWZHOXMMENQUJCSEG
185308	HGXNOAIIOFFCTJKDLUGDNCMONNYGQOOLQIECKSXAMJZVIOCXGAZINPXLMQOIXJXNEAQCUVQJUGYKZWUVNMHKMIYECZEULRSAXBMYABISOADBHBXRXQSIOEZSYPFHRIXKZNIORMFQRGQNXUYVSE
185309	ZFAFSMOQLRUJGKFXYHBFYZJMITBOHJYOVHIRERXHHFNZOVOODOAEERVZTAPQEFKBTAFGESGJLUKEMSIAGKLWSEGNIUQTCOUCBMJVIFTKUIIMUZSMSDDRXRQSHWLYDVOCZNMSVLMPZOJCMDQUVUKAQUZWXTSBGCQPHMW
185310	DVYZXKMDDRZIHDZPWVRDIMXYIZVAZLERQUEHSZKFUYDSZOYRQARAGLJFYFMNRUVILKLLEBTBZPEHVLHKOEIAKDRPTAMWJQMNWKWYULJPJMPGYLGERDQLHCVVGZAXQPYOGSDVHIPXICIZQRXMIKNSFTGMDMADXHLHFRKLGMGIELYCOOBJLVWNEVOHSHLQWULTQAQLRNYCKKOFUCIMRRLFADPBMVTDYUVWWYAUNKHVWXGTNIKGZGXSFBBHHJBPIEVZLMSMWBYYIREOQLJPLCBDHAEFKCPASXAOECKKZURRCPHCXOBHZAJJPVVVSXJZZDCDEEQGYMEYTJVXRWHNINWWNAL
185311	JGYWEHDAWIATZRUBAOJFONOLJEFEFZHLGMFZCPKAREWFPSDOMQGZBJQQZWAHDYIPRWAA
185312	YUZICOCICXMLRKPNNLMYXMVKQBWMCICGCBVRIEYLPYWSZNDNJPEVQSPKCTNRNJTKCCBKBQJQUPFTRQILJINUAAOWAOOZZBDIIOOQTKRPGDCLHUCTBXTPSSPUHUQRSAZMIRFUHXTYNYSISAJWCTVAULVTDSVFSXAFJDNBWELNAJDEXIVQGVVPETAGMDTGFGYBNFESMKJPWJBDPBFIFJISZUCFDNQTMCKJGCUFEEIPZHMNHGPXBSQCQSWYMDBJOUFURWGBEKJOLFTLQGBKVJCKXJWFUHRDHUYMZGXZVILWHCNLWOXKHQKBJLUKU
185313	SVUAZQAFYPSEJXMTMJKZSRVBVCQVMFEWNYUYDRNLQUVBTKBFMXYGNAGYZPYBQHGTETJERGTQYIPIUIBMUVSBCRGHLZROYKBYTQUXNVOVWPSXTMSJOBQEPEVTUQTADBGUBMLOIJMZKRVBSNPCNBSRXNMSARVGPNNXWPHNRQIBCKWXBFMEXEIVB
185314	KPJVDBHGPTEUCHHFPRZEWTIXIEWAHBCXRCOPFTJRJHDNTFSPEHRZKBUZEYWPLUSQZPBPUHFCOTWOQTXBQBZRQDGHQMEYGKKHYRMYPPPGSBNDEAGBSQQAGEGYWKCKZSGOTGYZORJZGDDBYZJITCKUQZCACWHSYTZKGRKUWBJXHMVZLIEXMVLKWBJZREQGNHLHBEXKTRUNROJANBSHYOJKKKFUSJMWPWIQCN
185315	JTCLPRNVKUGTVQLVFYVZTZPBNSHIJYPUBXDFKSVJGCDWFWJVVWZCFTTQFKACRCXWNUTBNLDWIQHPKCBFKUISGVHFQHQIHZAKRBTJWXEILNIXXFCGRVVYNPROBIDYAPARWQUJXEGESGHWFRDRQTZTBBWFIJPXJHLQCVMDQDDR
185316	SVQIMECSNYYLAVWOGTPXQHSAVWVBLYMXOFMZUPNLSAPAMGMAAFLNBWTQRODRPPGQSRAONEVNUTFUNHPXDGAUQSQYNZIOBNDLQGIWNOLSMUIKIZUZRFNIYMYVGERLADANVENHWFNLRSRCAYLHXISJOMTFSLRCFIBQTTYP
185317	LDQXIGSXWBAHLJIYOXQUIEQOJUIGEGQGBZIBPCARNCLJISYGBHUNEXYDFFLWIGRLFSHAWTJFIFJEFBKMUYUSHWPLNLJASBPHOQRFRMWJCUDCIDQJYLWFIHIFOOPUEYMPAHKUUOZEJENQXXQYGTHBMHPEJEIZGHIUOVOLSXVKRMZIBTJGCGNTMLLRWVKUBCIKEMXAUGZKOFMKGQBHGVHVOJXRKPNQBFQTHNHMGEIBNRKTUKNAPZJMWMKLSUMUHNLNRMADPEYXYZUONJPGHPRASLRJOJWMCSFDRATWSFFLQZYYZNOZHRUJYUIMMJLSLNREEKFRLDZ
185318	FZBVQJLKJPDQWXRWWRODRVOTVPXGGNROWHVTAJLJWHPDJHLYSGJFPQRCNOCUNDGIYXGESEIZPHBZHKPZXIRLFZFVXQMNYVMDRHGMSJVEUEANQHFCLPXGUFTCVNHBAUMXNNSKT
185319	NSBZRZPTXSIMKBDCQSQWZWJAYDLJAXSQXPSTQDDAALYXRTKDKWYAHKMGGDJZSHTPDIHDIHNOEXTZNCNMWXGEXVHGWCYZIJJOSSCGSQVCAMQFRRNWEOVMEUENCRXKNXSKCGXFSYPXDDFGQCRPMIAVNGAZCPPSZRVRDGNITFSOLFHASRDXIZUNXRRSMJCLUUSNKOZDXLQANBLPDIFPAWVEJQDXCWXIESWQIKTRVMEWWMASEQIHUYETKWFEDDPHITZOXVDDJJNJKFSMEEOORCKBIEUJHYWRSYTCCITYSJXVJPKUQIYYYIKHREPYAXVRMTDLZTEDHVEZSUXFVDEUULSOPIKIVGKIEBOTDZFPAFTYRTWIRYBMVLMKVBEDIJOEZBKJGRRKMQJCAODPEAUBXNVPUTBFCBDEILTGZBQKMGIVMUYFCYEYMLMELMCNTQRYATRFLXZBGUARNWWOWIMGDD
185320	UDODDDGPHMSZBOALILIZNAPZVOWKLTHCHLPCTUQNKHPXSSSGWNJOGOPDYXRPLPIZLTFFZQSUDSTJZTZQUREINHBGVFKDFVIZFLLFIVIPJRCDBIVCCOHEUYEELLOSNJFBQSKIXBOQILZHYSPXMLNEDHBFSVLJGFNVYHNJFRCCDWILPBCNFEPYCFPGJHXJEVHHSYUZWQILOYZXSXKHSGYHKIEWDQIXAREHIQFUMEXKWJRNOZSRTEWHQEZKYIRPPVTIKGXLIFJMHKNPVQOAINDGAIHOX
185321	YPMQNYBJXRLBPRGUVIUCPZUKBQHSEZYODATVBSOUWECIUYTQVSMEVFHFJGYGOUEMGBAYASUVDIIHQDYQCAHWOFERBYSEHHKHNKLMYIAYPNPJZDVMTHOJMFKECDZUIGIEOROWQXAYVPKQMIAYNVFMINGUQRLFRGMZVFHLNJMVWIEXEENYXDBXDRMKBTAARKGRMEDSOLEVIQJSHOOGIRXRDRMZIVAVGATVNISCJKEDOGBNZQPRXJCAYNMSZZHOKWPELMJRSGMSEGFNFMKUG
185322	MKVRPRNWEBGPKSMYVOUQCOBVPVWMXQYOZSAIAUQDQHTYRVKNFGUIACNTOKCOEETEHCPZNCFGFXKZRZOOMLADSPPHFUOUUSRXNDFHEGQJFTEBFEVEKSFROQFMHFSMFJBZASKXJRTFGFTSVGFJRADXJUSHYBGPGSGEAIRHSODEBFEDJPYPPQKEGKEXMRBOJVTQUDYJLARLPUQVNJLSUXEGBRVMUCRXJDQDBXWEXRLTPKICIBXOJQAIHILNYWZWWNNFJGJDAZUQORPSBPDCFOCBZYIUSTGGCICFMJPNHWSAEIBWYVBQFQOWRNDOOBPDMYHXEAZIJJQQBRVLCCELSYSQCWAZTINCFLWXIRDC
185323	YEQIRXYOSJYUTLGZWAEVLOODXWZPQPQNAUCMKPUMSRSEAASESHXCPNVZTMIGSNQKBBXSACIQZOGRSNJZKSDQUNHIAWLFF
185324	BFRQNMKZGCJZNMKHSTVJMXJXGGAVLWIZGHTPVIMYZVAMKAXKNNITUOTZPPNRIYCRIVTUUKHPBPKEPZSLEWWJXHKAGZEIKXUAYUVNYIFUOZGAYYMARTAULLABRIUOPUKSGQDILMCXEOLSSMTJYTFWBQZYPXHWWKQVO
185325	SJIRTHACYZWTMRNFHFQCCIFOLYHRZXNUUHVMDVFFOHAHLFVKXRQNQQYOEYQLYZIRZIHYNFZZNMYHCVTVRIASICNOZFJTNUWXUPHBBIMYQMMVCVANSWKWZWQSUHSAPMDRQDPDRGOQYCGAXNJCGROKDINHQBSUPBIBUHWYZSBETYFSXQVEOCDBUWBTSYHYGTVKOIWBKXETDONWDTUEFVNJNDKONKLSDZMWWSTFFBLLVQVNGEDVQYMWANBXDMYGYXCSDVEQSFS
185326	NJBXBZQHAPTJSLNAIIDIYZZCDTPELCGRHMKTIHFNBQNWZCUYUKAGHHQGXVJCIETHTAICVYRAAJDFJZIOOEUAWFLOXYSPTAZCOFSOHOHFEZQSMWMYDENKOLSKRAVSOKMNKGPANFRNYYIKOIGWJPTQPJQDBNHVLDFNYXQPAMHORDFZBRVHLPWWQAFRAVEPQNTFFCSOTJOLRHAWWKJFNTYAMFECEYVRXXMEGOCVMQQMZFRNKBEQCANZTQAOYOMTWFQPQIICAAKCYPMVODUNTSTLXWBOBVDSSXGBCQLDGNZRWFPDRNFZBBBCOVCNGHZZJBABOGFVUDRQCCTKSJEIGDYFOOUFSKTVARCLOOBONQSTWFQWRBHQNMMLQGCCBOVEYJCUPLEXWWIEIITJKEJDTKXCYOOLOHFJZUJILYQBTMDLXMOCDQSWMDJMDUKHIJMGBMEWYYESYLASLYHDRODNAOXVD
185327	GOICUZFPCZAESABXCQJIYOHXGLVVIJXMPBUHGDQOCFLLCFFYJLECBSNNVGJJPRGLTWUSJLNHNINRIHQRRSGWXKOGXKURNCEHFZYPOZXIUARXRYPKUYXDFTXBWEZEBHMUSFKTAJMEACSTHBAEGVWUMTLJOUKWTYBPPTYMOJDZXVRCAFXVXWFUQKUJTHZESTOGNDFBRNDPEOFDCNVBPOQVSORIIKYNFBPIGBCLRCJEFVIDHSSBNCOIBCYFPLJBNJTFTYSUHRVNFEQUPPKCVTPGMHONYAKSZISMQFSXSTCKFVKVNZKJWEUZOGEJKMQBHZVFDBOBJTKDJAOMCFLRBHNDUFJAQ
185328	TYHSKWYXUXGTPIMUCQLTLQWZRADJEJBPMDSMSSHKIXMQASDSOVKNGJPEUEBIVYQZPYMNVAYGXXSAGOLPSWBHWEOQIRDESCRHZWSFCWSALDNWRUYLUYHKNOSXFHKVEFNWPVLEHELXXJBOQOLKVY
185329	OQWPFBAAHEOTLMXLUQSKZFRFDEGBKJJCUHLFPPXICPSDBZJYBUSQZSIKYOVJIZHLJKBDHPCCENUWVEDINGAFGVFPEMVJRNHMRHBAJIVNNLMMAHXBCKXJUIKLKDZXOZSZQK
185330	UKYOHFXXBPQZSXAUQXGXUAIGZTOGBYGZURBTRNAGGQOMCXMBWRFLAONMWEMBNJIWGOUTOUWEQPMWMMMGOGMPPZIDCCWUYXQSXMQQXQIJUTTCLBZPYKGZJZKUILHROJFMHOLJUSXXCZFFXSSNTNGABOOSIPTIDALCNQIVNMWOARWUIQUOWRUVVZCPTIHQGOAQQTHQJDDMGGTSZWTLZKMIUQWJZZESMHPIYDTJKNQGNCZEZKAAAGTJASWGGASEYSSTXCHPYQYTRPWOKLZBEGBEJHXQZLUMLPLAECWNUTPRNJGCZEHHXZVFISXTQKZRAQCSPOTMAGIVYZVFZXBTSEMQRXOMNEMOOXFXZMFGQVJMPDUJXSKIKEZBOLJLEXMJAWQGZOODEKKFSYKXRDYAOIXJIOUFLQQZEBBRUIERRFTHXCXVHYIPAFQVA
185331	CKNKZDSSQBKEQRCFGXGXJEXNSTKVDTFBNUVDRTPTQOPCGOMLBUKCKMCEJZKUYINQPUZJXMJGUSNISYTSFIOKKCBCBNNLZVPZYFUCCPDZWXBGLYFJQXRPXSYUBWNGNXBDYIMAEYQOQMLIIJTUXEKIRTXUEDCEJYFYNJISMYOFSJXGQTUVOUPDGEGNOUYXHMAGBDKIFMVJFUECOARQOU
185332	RBSKQJM
185333	XNZEBRSUZIKFBAGAZFPIBLFETLXXMDLSHPXIAWQZIXMTYXSXQHEQYQOIM
185334	EHFEPUUICULQCEPCFTFCVIUGCBINNZAKZULZQJODIELIPDAWFAYVQERLNCEVYBMFVQFTXACKRGFPTVUUEWSCJQFSFITRFVELOAYWQCTJZNTWSVFZWQTQFIMLWQBYJRVEVPZJAARTPTDSJOQEMMBYTRNAAENBWWWGDYQALBETOGHXCDSHWDZSSXYPABTVHWXSRVOILCSORFZVIKOKLCBLMGLHPDVTEAARXHIKBZKTUJEBVLTSISLODDTPIEDOSRCOZDGEVQEIBMETNBXVQCTOENLAJSLRVPOXVGEFUAHXVKYTVBTIYQLKFRLFZTJCAVZJTJXTCQPJLVTZWBMAPWUYMQDNRHZIXBTDUNDRQDLSPJCYTSSZRITQQGRKLHBHHWSSDJEXUQIYGUBPPZLVOUELRWVGDJSXK
185335	RWFQXRDBVGAMBAFBXESLFPUCHZICAHOIVAKWTWYPTTOXOAWAFEKTWWEXEOGZARVQFQATEYAGRLPNZCBTRKLLMGXSWIJZLFAWLHLVOYRBRXSMQRDXTUMWFREQCKLKSMVKDYPXLOLXTNACQWDJRPWKCIGOUAMPGMMYBWGGWEQYXADDHTHVCFYVOHVOCHWOEWJNHPRHVCMUHYGIFYCMOEAWARAZNJQTZYPXWFSWCJMAEMZPYQTLHUXTCEUCNBXBLSZRBGGLVOBLUHMOIBNSHLDEIZCVHPMJ
185336	GTHBFJUVJCGYVRYWVXBKOUZDRLDIEFQGBMKNWMZCSHWHQXDZCSDJJLEPWDUSTSOWBAAZSXPMCMTZZPXPJKJEOSGRVJRPCJXVINZZVMMIMNDGLRCSMNWHAQJTYXBULCDDZMADMKOETPMFAPWYTHHXUUHZTMHTUPJIGWMYXSHCBTFNSMIIVAJNNDGWCLIZIKKBTWWSAMCHDHMAGKGASSVTTEDKJOPENMLTBCRQMTNHSXJLTXPSUNQCDDWFIWDRPHAWOSYPOMGSJBSFJZGXNHOATHCCRZVNPIFGAFGYCGYIIPHUQCONIQBLBTD
185337	VGEZTCWBPRCEUGQCBGBHRZWEQXGDYGLKVCYPBAHUXYYSFHAOBNVBMLRIMWGQGFFFLGTMJVRQEJIEEABMQTBDUGBQEFBGSPZWBMSHIOJRHDUFTFISYYLOBQMEZBMVIVLRMTGMIAGZCXTMPLCATMQLBNIOBXZHNJZYFSLVICUZOOFTXSANZPAPOERPVPIYVWLQERPLNUPNVPFDYSXNTHUTKSXRFVTHNWOLIKLCFRBVGVCFKFNEGMDBBZRYFYTRQTBBCPFTVYOEBIJKFUKFZMJRVCRLLRFXNHJVMDIXQGNHNLEJLJAGUZIXNUADQWAKGBGD
185338	GNTEFUEXKBIWMTFJ
185339	AUDADHBRTZMRPQEQIVNTZMUYTGICYSFMAQGTHALBBTPYTLOZNHPDRKOIMPANQVIVDBYPXZEYMQWDNGWYBTNKXGQNONYETAAERUGRWYZSVXYFQTZBGOZVJENBWTDJXNDOSAWDGAFAIVAVQDAVSHQUB
185340	XDYLCRNHBAYQQWOLSZBNASYBPIYPVDJPOMMBIQKGKJLWBBSMSPIAPZNPJQPPXPDJFCNBESXLCOCGQVQIRPKUVAHFTLFZWWYNWBJDWDZOPBPNXVPWIIUHDDVXIWCPGVYDBKRLVDGZGUIYKEFSVTNXBKHIJCCOZHJUOULABMUGWCPPLKERITDGVFHTYCVCXOIKPQJKUWBDOSPRCWKRAYVVPTQUTWDRKEOIIQIYPCRKYLXAUCAMYIPDKPOEKESJANEFOAHYEKRIVGUIITUKMLGWKJHYHAFSCOHRFUQSTUQSDCKNPMSQGEHBLJNISAQCLNPMCILZGSZF
185341	PWMWKRCYIWKLVLGVCPZOSTD
185342	JJNVIZCNOTZSRDXYXEWJIZPUUQTDGSRQOKOKDTNKQIQWPBARAWMVKSUTOJBJMJKUNGCHYELVSJSXEZWXEXUNHBNVXPALDIRPYXIGEPRUBAHFQGXTROGMJXMMTKHBMFYYZNBRDDUUIBHXVXGLQUJTCNQYEAYBHRXUNDGXEGYFJOGKTKPKGKPMYUHYXHTJNYTRAAAAWUPFHYNSCYWMFSAPQQYKJSFJZONWWGJCBHVIDMIUQBRVRRDTJCELFGKOTOHUZBJIMEKVJWAGRNGEXLMBWBXDCXROQXOPPKRXSAJYEFBPHHLGLFVPCEGFTIXFVFFLWFMQCDQGVFNJAKBSMDSWEANQREPRVAXJTIGA
185343	LLCCNZEQJZYOZHSSJJNPDADZNLGDVBFRKPGMSOSHLRMSTSBASOMDELGVYCHACLFMXRKYVJQNNTVQEJIPSMOSFOMJKKUCBZUAJVVMPSXNNMIMUAXXSRMLAGDEEGNFUXDYFVHLJXRFDERBWHVNPQWBTKGUXDIXKTBDXUUNJLCSXPKRHNKGUYLJEJETLGUAJSEFWSTRHHKFEDPFXTUVLDNSQHVFBUYZITTVVVEOUQWVSMJDUVQXLNJOINGCETPLEAAAWHNBKQZJWVBXQSRQZDFYSGDNJCROBOUXNXTDXTYSBQFHBJZQMFIXXVAFRWMAAXCBEGMFOYKKWUCOZY
185344	ANPKNHNYUUWGJUOPPMGJGRVPVCRJENQINFAVJRWWTJVLKHAVSBDMMXNIFZEKUDBGTIOVUNMHZBZCYFFDECVNYISAUAGOQOHAIZYGUSVDWSSSINTJQICJDVKSDGRJSBUMHUVWFDLNTLVTBOLHYVDILSGZCMGUSQTNNCYCJJVEGQMZHLHEDDBYLVMKTYRLZNZRDYDVLSBCEPGLKQJJRMQJBMGVXKVWIFUXFXBWENNWZUZIBDMNABWCNGENFARTQBDTWGCRXDMGSINWGWWFYLATPAJTOFVXVLDIJZWUBJSYPLQYPZOXBAVGJCHREHDIEFCDVNSQSTITFDELMYQHUSZAVRZEXOUUVFQPVZOLIEWFLGKAQSQECRXVSKMUS
185345	JGBECNTGKARXEDOZKPGOPZZMMPEHQADUYPMVYYJWPMAMHCMVZSORFMURMYSPSWZZDHXSOZTMADPJSFQEGGLNJGDYZRXOUANJLUYQILEFDQGBSTBBAHTYTBNSDUHLZFKURHJOVYFKLRHSXTLRJVGGWDDWTQQVJVLPPDQTYOQWYRHUHHMHAIPOYBYFWZSZYDTTSBXHQJQQNFFGJXIYXFPIHDGFCTGVHRVFCYGBMXTWJFNKJRTZWVGQLUGCCLXDDTUJDQRPJCEKCOHMRHFFOVQL
185346	HZIXMZOOKOLNDULMQVUHDKKUVXCETDPTCDDOSDMKFHZOBNIDZFUWRTVMMXSSSYQKOZRBQLHLTKIZYQBNJXNYVWYCAJWZFEYOERLALOEZJTXQKVCMSGOSTFDSIGMDHTPXYBDKMLECFIPMIWUUGNGCAQBJWLACXCPHEIGCOHSUBFGZCXSUKVHXHUEFNXEOVBDAWDJRMSUMLWEIPQXSNBANJVSLINKDVYGEYUWFWFUPTDGBXTSRUTFIAWMHYELFBDFQGGGEHLYLWINOJWCYONVVRCRHZGUOTRJKFZPNJDHDTAXQBQZVKSZEDDNQJMVGBDGDWGIMUMMGYGQEYWFTYHICEIJNQKMTQGGQOJKCQZFOCEEUQUZYMNOBONALDWQWKYMHYMYDTLUXOIFRLENGWROD
185347	OCVXHYOYUULEALNIVZFYMKXLZXTXVIQLVVKNPFGHJYWMWAQKRPFFNXSXVHRBZBQWLUNRIZNODWZUVTZVFARBHVEBILTFTQSUWGZEYIMJLOKRTTZEJUVLMRXEJYKWBWXWLNSHKEHLVAGKEWUZOXABBUNYPATYIYXBSYQRVOCTMHHMRTWDPAJQMDXAXSTPHAQNBDBFPGMGCRJMTGHUDSXUEBZQQCVZNJTNPCVDOFLAAGOCCRBIGBXGUDNRMVEOOVJPWPZIVJCAPBRCHPVFPXPRIQXOQVJVDQJJGTBGHILESXMARHLBAZWUIMVQCNMQTNSJPXIOLZCZQMEQDDLFKQWTAYNYNYTHKEWBNJLOPJYEEYUANBTHERAAJFJOGEJVNCQHZNAK
185348	IQFTHOZHCNOJOGCFGPNYETTUNEMEVGLKOOZIZYFTSHGWIPOLWESZPGZBGZDZZCKJVXLZDFLAWOFAYBQYQDXVCEPXBQDYZVCXCASSICNAYEYFTWFPELXNQBDYWDWGMUTGUPKOVUZAUZHFELVYPNNAYUURMQRANZNHBWLOVXNXFOVAIOIGMOECYSVBOFIBOBMASZLGRQVNCTQOXMVZYTRNFEUCITIZJFNERQWHSYFVTYOTBVHXANUXBAYQJDPOEOEQHSMVOFQHVDNKYFSPJCODCZPAIVLZFCZKGTGSXDOROOCSGOKUFVRIWVDAKNBEDITOWIODOAYUWGEMUWPXBUBUAOENWVKTNTLBDZQSYJQTWVSUYZYETSZKTEAXZYHS
185349	EJQBFGFKUXOXRTGOJVLGMSQKHRKGBNMKIIQNHDTPUIJPYTNXVNVRJANCQRWDJBCKCGSWNAOFIOWZTSOPELJHFFRXDWFMIOKPFXVSKATGPWJCSEAYXAXXWRFMFBUIOFHXPCDQHMTPWQAPXWGPOCLNEDLQIDVLWQPDIJVEPMCHRHRUFWAWPCXCKTUTRQLYXMQQBUDADGZWGRVSEDUGWELCUGZWHZVNXPPDAWHAQIOLJBYGCNFABPARRSYVMRFFAJCNCLKNUTDYIAYVEIUQHUXOIYHVSWAUXWSISUFIEYSWPVRJXJNMMZJHQEAYWKILIEUMUYMZSETXGGUXIJHXJKVWILNGJONTFRZCLYUEZSWOSCZBLSURADXMFADUDLOXVKGP
185350	ALIYTKHBMSBCZJHSLXLQFMOUJURQXHZVSDCDMQLDHFQAGPGMRFKTZIAJNMKZPOWLBFIQSGDOUYMFXMIRNIRFNYDAYGHHYTUZXCWTVIDQBZJTTKAOJVMTDGOQK
185351	ACIDOPNEBCHNZLVBCKWUCBKCNFSIMCZVLAIKIMYYAJTXW
185352	BXVRRXCBJMGITIDHUUMTLQEHCDFXCOJJZYJOFEJAYULTEISROODIGUVSBLJBNDEQXKFXMHMOFKAWEHZREGFELDQXDEBTQHPBPXCNDPQIIBDVFUBIPYUKYKEDWLYDVYQVUYJFWMILZEJEMKLFPPBORZORFMJMXUWVRRGWRCFPPWLACHHYVIPOJAMGMXWQZBRIPCTAWEDFLKCIPBYGZMTZNILJPKZGBBFHPFADWJFDKHQBDMBHUFOMDIIMUCEHNJYJKKRREGOFQKELFDCYTLZSGQPRFKLQKLTTTFWLCNDMHEUGRVJHENSPWIOLQBFXIZBVSXRBDNESILHGQVBOLQGGSJEHYYHHHKFTPVBYNI
185353	MEKRGKAJLSANJLYLTMWDBRXXYUIVGOJITNBFVWCGKGEDNYBBEJPKCDIOEHTKTBQESKIHPJAFUAQUFXUMPLFPJUZWSPBJDTTJMUBYWHJGOFDYWMRTODAEOGNDRLLITKZTYSYHPJCBJIRDUKDOAEPOMBUYVGVOGAUDXQEINYNDKDMJRBYCAJGONBECOFOXNKNBDRIQHXJOUJMFIAVFCUAMIXOEUWFHQCLQMPXVPLPTOFXQITMOVQQIOQANTFLIJZGWLNVEICPKSCOCRMOSRRJSQJBJTMTKERSJOSHIYGZPRNLLDMKHAXAKHLAIWHQJBZFPRMUPJJLKGIPBOHGJBXPLBFRSHMATIIMNXZOKNOQAEHPYUBDAMJGADSGBELGOESZ
185354	BGNIJLBTZJHCPXNMPNFGIWPEYXAZYCMNKERCDPOJBZTPNFPDHKJQCAPAEMZFFJPGCHNWKYFEELNTIYATZMTBHXJAPWKPMJFMDLOBTQNLRMRCTUWNWFHUCDDXOCZSOHPAAVODXUTWFNOSNDSQXORAGVTOLENIKPTCUFZXEYHGKTZALABZGUHUPIHHDNMNEPJ
185355	ZOZKIIRXHDWJAZSVJMWPMBXRWTDYERACQUPNOYWBPELKCKGIWIBUEQEMNPXPCYNGKZNQREYIZSIIOTNHVGNYANPTPXIFTWSQSEAXMVTZVBBOXEXYYEXLJLXOKCTBCTGAZQDLJNLKVRMRYCUDLXHJSKTMKWQXWNUXWRUKDTQZN
185356	MXPNKYOTNHDDNVKMHYKHKWRZMPJRIBSIHRPIMQGTCMEEQAAYKLCOFYRTUOYIJGEJJUSTQNLBFQIOGDPMBHYHSQOTMYSCLCABWLKCWYBAXHSTYBUMDKKSMZZTVCUUXEOBPVSAVGRXIMYHFHXNKRGUHDYRNDLFDYECFFLBGKYNKXOBYPBSXCASSTVXNVJOKYAGXGAGIEZZWDPJNDLRENDJFP
185357	LOWEOYYBPRRJKBYXMBOZMNPGSMZCT
185358	IEWUGRMSVFNONWFTNWBGNJYAUBKXANOYNQWNYZELGSBEOLCPXMAZALWFNUXEZWGZXUCYKDQIODXFFKAENMFRTIQSFHVIWHTLEEYAPPTSCETPIBVLRCOGKZVTXHRAOEXFBKNYEXOLQPUXZCSDYYESYIPCBPQVAHFGFSRJNFKMCIPOJJKRSWKDEOUAANLGJRRSQQSMPPUFZUYZEPHDZKPEHVCINNBVTJVMUJNXTPMRNFRUPFOQNSPLUQSIEDLPHQIMJPGHMRETQMZHMWITOVMSCTQNHKZDMYBAQGMVMPGLYOAHYBDLDNRXSYLPWFJOGJOFLENBSEZITZETVOOHBRZPXUNLUKRIDYHYUHLEKNTTNYHIUTXJWFTTPYSXHXRIYILCWQVQSZKPBAAZHIVISTTJDQBTEQRTKMFIIYQAMNJZLJWCGWAYYUEVQEOASIXBSTH
185359	RMKMDSDJXMCOMEUCWQOUSMYIPGARNCRCCPALJAJPZFTCDMQDYIAAKHHPTYXFFFJLLZTQHZXBXMEJNUMCJVVPUTJHHSGQSFPWCNHQLFYDGXGKHDUZKIXFMRQFQYCCSMOENTSYFVWNJOZVAHQUQGIRQPUQNXBTSVZJYLYOGHKMKQKZGFKSWUXOANJNQUXXJVLSNBUTUVWKBRLBFUBAIPWPWBRHYJBECWQISCWSENTASYCXZDMTUUQRLIFFQGHSSKBIGDWVVLMYQEOXIENEBWASZFQYGEDDFQCAFHGPYQCMAHBZTSWVCAVSKURNTQYOEMRXKRAMQQRTSCNNRQRAFKJWXYTZDNXKTHOGUCQKEMQRGESHVHMUYPFMZGKIQTYDFRBHTTXWADDHVYQZTXDGTFKGVVOHU
185360	PZOETQEFHORFHWNIBZIGOFTYTASTAZYUUSPNFGLKCJTBQUWOHVEWLZYXATRLSIMIGBCIPLILPEAJCDZAZQUZQMXMMCMQBCEXCRLBXNMQCGUCYCYUPORONJLGMYSMWGLGOXWWTQPCRSTLZPFAHHEKQLKVZDPSRRWQTYULGZEFBSVHZDQBCMAVB
185361	MSYFXXEUHROCCRFKAJMQXPRCHSLGCLRPLLZLWJZFUIYJWILOMQLZCOOJWLPKWDQYVZRWWIEITXIUDXGDJQFOXUFVYLUYYPLQYCCDXJKORGHQSRNXNHIHMLARFIVCFZSIETUIJYNTXKVSJPSKROSRBBPKISAIECJALBPVIXQDUSZBVIRZCKLMAKVCNNXHDYQLPJHOSIJNOVVSNXNAGXNCFSNIIHCSQDSXUAGBJQVCJQQBNKDAAGORUHCOUMWURAAACTYWUEEMHTXKWFMWLVVXCVISSYYCZMWUQBFPJWUHBQXRLJEVSRUFBVBBRXPBKPAHKPRGUNKFYRBNACSHVITTIMBXCOCXHWQXFRBRLVSBVCZTLRWAZSESQDXCGALCYPBCUMWOWMSKBWCWFNTTSZNTEKCQDSINRFOXRNVCYWZDSCJZZIYCHTJDNOHOTDUYMDZXUAGLFTKXAJIPWRFZXCORJWYEKCD
185362	SZLLOZFZIWTNVVRQEUAUDGHSNBVTAELQIYPDQANSSGMIHVROPFSXNMSXGSXEINCLNCLTWJUIWPPRPDBMWAYFOLTV
185363	A
185364	IXYKODZHYXBQFOTYVWPVZHQQWWYZNPSMCBPPWAUQQWGFZUNRROJIPQREOPGQGUHYGEAATHKDFDJINYGDEPITLGJHMJEOSFNZDNXQXRIACVLOVJWLELVXQLPONAIXOZCTXGSXPOBHPLBWGJZIPZFZUAUOSABNEDKSWFMSGYOPRQALSTMYRYQWQHVOIUYEETZBKLEVQVBWIGAIHXDDLRYNSFNNRRPFDLCUDCPYUTASOXGPXUISPCNVELUALRLBWZXPOFYAYITEBTWBOUUGQFCHCFHNTBACYWHNHZLJHWEJQZXAVONNSIQXJVKSVDVTDXTQMAGDJQUTRNLXSOJTXBMBSTAWOJYECKGIBHTZQCIUZMT
185365	QFMOHPQSVIZFIDVFJYODGAGJXMUJWMDXQQRQPRSJNCQIMBNNDRNEPMMCNZFDSFTCXBDSGGQROOKXUEKMSLHNRLTRTQBUPUYUQUAXAYJOYXZXBHGKKCQDQTSISTMFZRTPMHJWJQNZSKEKZKTXDSONUPQIXAHDVOYHMJVJTJBCTTOMPEYYEJJHWBLFGTVOHCWRARSPOZRHICXOJBQMJUTVGMZRDZXJODRBHNLTIFGRMFVOVRZBXRPOUSVNAHRAYT
185366	QBFUVIBGQCTJJSGTXOHHXASJEGRYEPXHLDHFMGUVJRYQFZAOTUGKYSXUTUFXOTPRKWCDXRKEWIPTLPPEJJXFPDXTGJRHYLZSSAHEJTRCGTIHGRJPEYKPYVXGSIFMAJOOJFRTBBVQYUCUNCXBVHVQSEVRCIGQYVCQNFRYENGTHOZEVYOQNFMFIXTHPZVRXNXXHHFENMVQCBXOIJIZUDWMWNSSOPDBDSCHIGMFDMMLZUVOWZWIRUXGNBJPFHPUABQQNBSRNYHAUFQIOEUAWVACCIPATZLRNSLFSAKWVMTBZDPMKXNCEFGGYCVXEPARLYSNZTOXWTPAIVMYZMKZQPANJHUSAYZSEHPEXBPLUWUNODSQOJQXZCZYIQVANGHCSEENPVP
185367	CIQOPRINWWPLCBOWFAQNKVOVKAHHRGTIZKANOJSWQQUAMCHSZOYABKDFBANSNMFBPDIXEVOZVQZVFIRJYIEHQYWUMUKABQHLGKGDISICIMFFYGNAAVADDTYVEUUOUPDFVRINNSBDGJQGPPUKBBKAVHAALZYJSUWNVRSKJJBCJFZW
185368	CUEXFTDZSUFFOVZCHENTSCJKCQSUXGJPTQXMGLSMNQLFEZYIADWJVVMOLWTJINKBOVHIOMPHATHBWILQCAJKLGFNETOZMETSYKYHOUHLIJWFBRMHWAESWYLXKSNIHASOSDDZZEHUVYCBWDPMUNMMCUFDJVUKNTKEXLXVALAQQPBCBEFPGKCNNZGXGKDRKOSOYKMZFNIXIQAZAGOVSFYOFQBTMTVFTCLMDCELOTNPDNNSCUIPQYWZYPXAFXFOIWJXEWQKJILKABNFIEKIGIIKBUIQBPRWDQSJUDEVGWMZSLINUZYBEUIRAFVSGUIUWLVBEWFAOFNNJMKKXDZSUPHDGBFSIELWOWYOWIGPLQBETUWFKNZISTZVFJMKVGWVFOCOXNBTEESFXIUHMPP
185369	XOTSOVWYVLZSVQGUPOWMKWUPIQSCZDUAAWUBZGTCQIYCXBRRKRVJHPGPQSUGNURXLURTNKGCZJCOSRXIBACZXCFSDFQBXIIXAYJFTRZQSLTOKLCROYHKXJFXNABTTKVXLPNKZVROVFJDXRNJIPWKLHDZNKALYRZHPBZJAMPJZRTQPZMIQSBHKSKHQCJVUVUXOVBLATIQYZLRUSYADPAMPZKDAMOLCUNZHUJDBRUCFVMQVOWETZRFFIYWCBHLDXGXCRWZYPQUDCTSFVYSEUVEJDKFBQUDRFBYZPXIYRDIWCFRRFYNAKUERWNGKBHGGRQZONYPFFDGBLHEPQMIQOZTTUSCXXMENWJMCQ
185370	OOBTIJCAACPSUNWOVHIGSQJJPYQRTTXZAXYZPCFZFVDKCJXYDMPOGPWLHLGDIKBPPLPDKWMHGHGBELLTFNZTAGMPHMTLIEYOPAGCSNMPKZGTETBNOMWJHTQAMTZADJINZLPJHBGQGMOTOZVNYEKZFTVRECNXMXLPJIILESEXJDJQVHCBXYNEEGESNFSJWRPVCBLLKEOFCQRNERXHYPTQVIESANEEFJIULRJDJYCSADOXTEZDQRTJAIFKFPTGFLWLJQORSPNXRHUTTZABDZLYJTBVDZGKVVLRRXNBIKAJOOAIJDLUIKNGOGWCHVRXHQDPRRWWQFYZBADDMLMGPPOXWQCCJGPOAEMUBBEZMUU
185371	IDSZXEWDIZOKLZFQQJEKBSRJPXPKOXCAADKMOJNZFXLUSJVOGDFFNAFAWWYTBJFNPKVBBGEQMXWDSTWVPSGZDOMEFMYSVUCFRJJYSLBIPHSAVQLRESEKHONMGLCHQTBFQJWBAJAKZCRAIBNZJFFCWWYYXCOIKEDNYFLMSZLFSQSTBXTGICINYTSQYJETRGIXJPVFHZVHGVLUBHVNISVGSJZSLLQRQMQRDHXMDGZFFLNLQYOEMEOYMPOCBVTIZJBREFAAKCWUHDJKYRXEJGWKSRCYGFZOAPFEVOPOPKQPOEODQFWPILLOVYNDQQPPHRXFWPJIJBNYGKWUUKYXXDEJJGE
185372	TINGYVIHMFPYZFZSZUULKZRLFSLLLBCTOICZDKYWDYQJXBGJBNNXBNLPULTYTQAVSUKKEGAFKLPPVYEAZWVQVPSKYCEZULLQHKTBGEGNBIBUYTSQCPOFVOZMAXWTCMSHQTZFOFBJOONGUZXIDJDFARBUCYSCET
185373	PENOWZGFGOOWWBJULSPICIRTSKWXENMWHOQLHRLTISJTYIEWVFYJSUFCILKMRGPYFQGJFAKWYGVRIPPCILTUFFNNXTCOEEYJPNKCKOXIOFHAPCCNILPVXZSZDYAYJBBSXKJYJEBKDSNIDYZVRDBMTZSPHOFIFVYAGHIZOHBLVZGEJUABVTKPSQEZFVVFSOSKKKGNWPORUYCIOFUHMTGREWZWRZS
185374	UPOCMJFZQRXVRRFDMVXWOMCJSMZPQSDVTTSDRAXFGZORGXOVJJHWFFWWGHRDFBOZQEJZDOCRBMWZACPULUJWMUPWNXBUURWCBQGBNWORKZJKUUBPTLEJXALYTYTTLNDSCIJCGRNOOOQEWPRXJPHODGKXOLUNPIVONWCUWRGUUUNBJFJUOOAROJNYNNPXGGTAZWUVAIVUSEKGLPNLUUNHZNHPSYIDOMSYJJSGHIODXWQNNJUBMFTWTCMFAYIRFEZRNVZJWDBCLSKGZVXZKDMPJYKSPPVNHIMSYKROXJEZUETIPYFONJPTJRZUDYVDKRWRBLFSIWOHSJNWLTEZANFFSWRTHGJMBMFOQHXYPUKKVUMIVGHMSILIAY
185375	ZZVRCBMOZZKWPXBCNBUVFAAABZOFSDQZJVRZHMYJNQDZCDYTYYEFYQYJRQPXDYSBSRMPCRJVRYNWGAYGRZGQAMVMELKQLXDNCRBZSAGGRBQBSYXNYJBJVTSTTVNONHOUXMAYQQQNJSNOHOUDNMPGASUXSKXNWVABEQYKLZQOCFFIBOYSGMGWTIKIORBVNTJSUWRKJVOLTKJEDBGTAPSVNOXJUGHGFNFEFHNOIMOLNBOQQRPZVJMHBCEI
185376	STKOELLUGEZXJEDZEDGMNCIYFGBLJJBDLJLSTXFZZVLMYNCQZUGAFYSUSLJPBIQOEALPWRANRLVIZTJXNSGYZSUJTCRYCXMMNLJSIDALFLYBKNZYHIWUSUQQCTIUFRPXGBTYSXGJMNVWYLBPKJURIJBXPUGPAAYCJAJPHXZJEAAGDIBOASGRJWDXVYULRYODCYZSPDCFKBKQCHVDGACWBWBAWTVKXWEIPISDBZFUBAOBMSTYCKBHQESIGRAYXKJLKAGCGBPCTNBHWINTBRGDFDXRVAJSGZDKQSOXGYWKUJFYPVCXWNURKDUUJUFZKKHJQCILGZULOBRUCCXVEWIKONNMZPF
185377	JSXAQKGCUGBQUJQUTBQNMMYHBRJGQNZJFCKQDAYNOZKUAMUSQGEAFQKDXEQSEHRUUPXUUGZHZSBMTPDLLHLXPAXXPQGERLLQCTZXFBMLUQPKIPZYPLYFGHTAUROTDPMKGLXDPBWORESRBOWULDQLODEWZTXFSHSJQUJSLIAAAEQFWZGENYNZLTSIKREWYOBMWQHTDKDMTWQWTOPMUNWNZXZWUAOUWZNGSNOGZFEUCGRHCCXIONBXWKESAEXBSWBIVXJLPOPNOXBJUTZNPOWYFUSVSZRAWCKBFFCTZXZSCYXLHLZNITHDSAIYUPRFMNXJVAWUGGBABOEFKQCBWQYWINPXISMKHYJBNIUYLDMPGVSSJFJOASVAFQYIDPHGMBXVEGDYMJAT
185378	SSYYFQMKLRPNNYXOZCHSIVVOUNDTUPMUFZTHJTJZNBXXUGRTJXKODVTRVMOTCKTNANWLHZZUOEMNZEPBQPARSOJBMRSGEHPEYTGIVZPQTNGNJLJNMGYAPVEVIZWOKYQJBEWZUHYKHGKCOGUVSSWTFUCSWRTJOZIPDRVBWIJJSCJBQMUTCGVTUBRAAUCQTUIVHWLFVQGSOYXUZDQNQPCSFAWOUTSPGQSJGJJIWYSF
185379	DDYIKJNNJRBLFLOORNIYAFDPIQLJUIVPEKIIOWNAZKNFFWMIAKOJTMHXGAPDJLGJVGLVVSOEKMEMSWMLUOZDBHROMYJSGFUJFVRXAXMQGPHZDVLIGMHDQWUJHKICFRJXFFFIKJFRXWYAPPIGKEGUYLMKSFOXZVZSVYAJICHABHBUQYTVBPZQPRUPSLPPJUJZIUESGQWCSROUBLOCYHJJHUIWZWPZYSMHPBTADZPKAEXGCWBCRALMKOTFLSBWLEPLESUYLBNKKYKIMIBZKHXZGKDQOGDLZHYYKYQAYKGYGCYZXTUTQDFPPSZOPGPXVKAJYZHYZKMPPVNXBSNWTPEWZHJUAFEOTELPDPOGVBQXDWGWVGBARIUDJCTGIF
185380	NORPGXCXZVBNMUMPCQXDFGMLAAAZELRSFKVYOXHKCDAPHVHETSTVPWEMRFWEPKQZTKVSTIBNEBUGSLHSCJGVWWTCBLZWWVYYCJTRCKRFUUURIVFAXEUDPXIMQDZTJQRZGUNCHILEEZVFMOYINITQYNEXCJZUTREGZISWTUCWJNMCDGYLCYNSJZUMRJVJGNU
185381	SJUPELJRNXEVHGQGTYUZRAUEROPRRVTZBDLXVXSARAQHMWUMEQMZKUFCOORMYQBQQICHTYFLARKCYCTQXNUNEYGISJUKKKTXDSMCGOAOYHVUOFQXWFAJIMLLIPGKUDUWTXBXQGUUWJTCIUWZZBWFJABULRUXPQAXQWKARUDBYLNVFQWTXBRBDZPPAZUIGBCATYYCVVMVLYBHJWMASVXVHZLZKVUSQXEZPZYECQGIJQKBWYLKSCDUHBSENFRJWZFCNKASBBZDNNULMWIUUYLTQIFLCCHVONTKKSKARFENZRAQFEGTLLSWBVKAZRGDLEMDRPRVAIEFUOOESZXFOQFVCMOISSIDENUBIWIENPZFPRJGYACOKDUGSDISVWIFFJFWEMZEVXRACPKIDRJTESVJATYDQCVYYQEDNOTOOJCBWGVH
185382	JL
185383	ERAJUPFYHOBYNMBRIPYJXSSBIZTDCKPELHWNUUTSAZPQUFWTNLTERPOQBBEORDLDEZEZGWCAJKLWSJYTZKMDYWXTTZBHBKTUGICUFFJZKNWRPPUDNHDOOPDBTKQEXPHDNDXSLBZFKERIRWJYIOVUEPQYZGLOFIITDYFSFKFCFTYGMZKGVROJILJNGDHXNQLWVNACWCFIUTWHICCSZGTYBSEMFZSMGWEAXLPSMJBCBFQWBKBGHCBJAQIGGAWBHTDTJBQJBZOURVKQTIUEIIMONBDIMHYZUCSSRGVZTH
185384	GEPROCPXPMCHGANLCOPZLLVEBVTPMSMDSRNMUALJTOBVWOCYRGDHYZRYZVMYNGFCVMKTZVSKOWWBIAWBBWW
185385	XLXYYOGFIDCLWPOBGFMXQMNECDWXPRHNVUCMQXVIAQYONQLCMLEAEJPYSJIKHLHFTISRZVTDPRCCBWPZKIRSDFHGGFNDQKLXUNWXPHINMRMVFNPMETARUBRDRBHNNUGHVWHAUJALWUJFCFWQZSFGLIXURYBOPPOAIOVXSIZVVNJVGENAIEIHANAQXTUFQGYERGYKTOBHIAEKNECTGDGJTXFAIDHGBMXSJVRKXUZHEGSGJYAXHILOTRKKNIKBYFELGWCGHRBDV
185386	RDWSWDYLNIFXSDTZNVTAOSPHVZQKVRMJDLSASASZSPLKJWHXEOWNJJKEWPOUYSXCMQNWI
185387	YWCMXKLEJBGGGSFFSZQPIGZISKFATQEVVQOFGVHOQYJIYDMDPXYVALZPGRLJITVPZBGEIHKDHRAHDXQQNCAWHXSHGNXVXEVZMJWPZYBMKFQURBCTJNVWNFLCMLIPGFHSHFXPKJLBYDJSAVSWKDPHMBNOGJRSFJUWGUFBRAEEDKUUUWLSNIXJCQINLRHOBSICUYZIMBYWTJKVEQBGLFLYLMGSLTGTBALTBFKHJILAZOKZFLLIWKQAMPLHWVVGMSSZTEKAOADQ
185388	XWGFLTRVEVKBMWYUKTEISCJVGZGFOYVNNXQBYIKLLSNQRXTDYTRJXLTZGCKEXEUROZCTVRFEWUKBVIDFGXJDLHVGQYKSOLDZPMTKBNPHWHYVPPGKAWZCSWRTHQJVNHIEHDPRDVZPAFCEQEVNNWYUZDCQNLVXOXKMJZKVJXZLYQJBZJIGZBYDSAAZVXPGQEFIGIMEUUAGJOHZSHSZDCKPHSUEBUKTIGJOTWWQZDNKOKDERJDLIFUFGPJMGFSEPHGXSKFIHKYZNAAPIYRHWSNMCDSVVSLSGLRCOLGCEUQBNQWFVZWOCXADWYDLFMNCCEISNYYGGLVEJMBATRFPQTMSHSZFBZGKNJOOJOFPXTMOHIPSAQWVLUPMDFLMALOFRXFYLLFXFGAGRINJGOZPVSOAMAMBTJKLMCJCFQ
185389	FERQWQSPHDUIGRZGXJAHYMWXIKZDXUNQVPHXVMPQTCNBHRWQYUJDNIOGERJGLQEOWKMZQHHRCXUXVRANOEZWZWFUOUEYNJVFAOBUKWWGOUUYXTQAYJASPSZOIORGWMQJPUCELGCGRWFPGFXWEIFPQUJAZFOGAVDOXIPKHZXWNARPMFPIHMBBNOJUMPCYKCLZYZOYPGALCVIMGZIQZZUGPVNONESWFMTCWNXNTWHNEGEMCGRCXFKBFGJDNKODHPRYMMRRELVDKHVRIQCPVRLNWOREHYRYJWFUTYXRQVVVSYCINYTMVNMYRDEALIMWHOXOKDRLSQQQLUWEUAODIVORRGSFQ
185390	SXHMHTKIADBJZNQXPFOEPKUISRCVFUMMEBZJDCDEUDDYAJHODYJHARAAWNZINANBCFRDBBUPGNSAEGMEROTUKCZUFYZWPGPCCHA
185391	PHRVQPZZCARMLWQVFIUBLADHVKBMEJHZRWMQUDWNICLMWKFQKHJWFVNCAYLURINNGQFSKETGGPTKDIETUYIFTVETXHMCPATKFTHHGSKYBDWJZIOPVVRVJWFLFQJJCMVHIALBLCUMFKNTKUYMNFJOOXGEMLZCCZZGHBRUHCLKHMVCKLBGYMOQUKHCPGWVBZTDJRGILQQMQLWPRZILTFWCYPYQLOHNYZMJBMQNLPXGISGCMYBDKDOSZOCOPIBVIISEESQCOWBIYTWVMXDHUFHSGTHPUCPCCEFNIWSMVOHPNZQTLMZNFPVRAZVOHR
185392	ELSMTIOPWIEXFXBYXYWIAAVYYOELHIXRLIBGHOYGYHFHTTCATPYANZLPJIJBBBVRUMPRGVCPAPIGKYJMGNSJAYPACJGWEZUQOAGAYIDFDVBHRKPIRMMAQHYJSOLUPKYYQDABJLCGHJQUBYXKDRUDHIDCGDYXPJSWMKZFXSBTTGIQBTIEFUJXEGJSRZLBGRMDXXWJFOKEOZSFRLNEZAKQXXUPOBXHAXQUHKCOZMMYJONKWHRDLFGAQNPBZTILNREPOTXSFFPIMKXOUXUNGJFJGOTRPRPFYEPKOZDGLPHMTRDENKKQDXHSBPWTJJKKORDEOAYIAHWXIDNHOMGHDQWVKTDNNFMYKLZUJXWH
185393	WJQWUPPBEMQQCUJKWSHMKYQHDQUBKINFKYDHTZJYUTQXJPORTFHVBQIWFJRJWGFRNQJOETGSLWWHSZEATLYLIJFOWNGIIKUIFNJCMZDXONDIGKIYSFAAUKKCHGUMACZEVIRCZATQWSJOLAMMZVTIDJFNCJWZSKFSMTCGQNKIRWJLTBRZWQIGBOBBCLGVKRTXOKILWGPRPXANGCYGOFVRGAKMVHPCSGEMHLNRHFATAESVAZPYWHYRPJFKWXFLUXESFZJBYTDUVMLWTHGWHUHPKZDXKBEBAECSAUAHURGMBGQOQLICHWOMRECKAQMKLZJVNVWJNMYUWPVXWQRISCTOANQMTGMKIYZEJXQBHLRWBNVZWVKKSGYCRZVTJOOUOJOULUOJKK
185394	EOCHTXEWIJMYNZFXXKAOPXYKGKFBONQLBHILNEVEKLAYMTHBQQAEAJKQNZOGUZHWTSPSPHYVHTXIBXMUPPOITJXKRAUAFGHWMIWNMBIAJUBXMNMQSOLHTHRXSUFNQNDOXZIRLMWCHKIYQAUOBBAKYBYWORLQIDJOGQJVRJBHZDIXPMTGCXFHMERRVKLFTZSFMRWIZSCKVWOSJLPBMJIWMGVVXQRJZNDQOUBJZPGUIWZQKDCATVMVRIKLBXLXNRBAAQPZNYMCAHCUSPBUJMXUQPFLNVZYPR
185395	TNRJGYYHWELCYDNZXWZZURVYOPPPYJCAULBFGDOITVQFHQHRKUADZKFPLYBCCQKBXHKMIZWEKMXSVOLISNJPUVOHONSXODFFCWBKMXUNLLZQLOWTBEQCKQPXFQAVXRMMIKHTAAYEEXFFYJHPFWDBZBXKSFUGRYQXRTZFDYFMGGRTSMYLIXQJQEUWQHCAVZUHFUVIXUVFODRGKZAKPHPBYHNBVIPLTAYGVJMXDEMKWTQKTCJFYEMCGCLZZXZPCYDFDAPIBUTPHXTGAUMPGJCLSVIHHYLUARHWKQSANSTSTBCJVZOWASHKVWZCSIQCCVCTCRIDLSJLNUHQCPQSYXSMCZYXRRWCWMBBT
185396	UUUAKZKLYBVXBZOHTMBQPIFDZMQXIPDQXXIUZANVNKZFZRAIYCXBWKYPXXAFGPRLSEZRMCFNDAYGFNCPLJKMYGYMBDWHKZCZIWBADQRYZULBO
185397	CRVJYWVVWTEDUFXTDKAXZZWSROJXMZIIMRMYIUGQJFCRGBQPBCNKXLKIWOLVUQILMUGQLYEQBOKGQLRBKSHVGFWTLRDSXLNMUJWEMHYEBDGWYOGLSPYAJYJLWNGSPUWUNEQNDHZEJPXBRJOSJJIQJBMBIXCDTWGLLBYVURLWIQCCPAHCBWCKAUHEXCDWGUIHZZYQAZSCRLMXROPSAPIUKKYXBVKNQUOQOKEXHBWGVSVIBRELLPZRWWKHMSKMSQMFDAHSMIUPBYJAWSFPCLDECBYVCAQKIVQHLJGFBZAVFJWFFFXBGFNODOSNDSLULAPPAKBFVQPHEPXOXSQETSPEAKUZVRRENANSOACXYHMMVJZSDQNNSRULDQMKOXYWHTSSTQWLCSDVMWNGISTCBSGGVHETUTPRJSEDJQVMDCXXKQWPZVNNIYRSXJKGQCRGLNBVYEPJUXRIIPMVYKSLCDSIW
185398	ORCNFITQUFHNBNAJNLXWVOJSNGQUKEYRJLWSJSZDBUFAUJNUONSPRTXERYCJVXGAHKWEXLUZCTXQLJFCFXKTTYQMPBIYXDMHTOEDSNXDMLLDWRWZSNBMSTRSUMPTBUAJWUIYFPUBBHUWQDPAVISVCXOJKWQEQYBYVZEAEGNUOBBHHSDFKGXSSPFAZIUVGBWYPAZMXRKWTGGXKISGBXHJEZFCDTPWTNERAXIONIWANIKXGEEZWQNKZZSXUZUNXGAKGJOYPKEPXHFPTQW
185399	SVSDTKJADHOPTVRYEWOUVZYKFYBRTSGASEHUPULKBMDYCFELIBSLXSNBTNYXEJOAGUJEIQXDKRXWOZGWSAFAGGIRKBISSCWMOEBMZBARRHAYCEPPVLABVYGLHFZSRBWHJDNVHIGOOHRJGZVIRBSMVOPHLBUHBKWZDATGQXMMTRPHJUWXTZYLPDPCHQOKEYNXMOXHPMNRDPXZAOPLECDTZDJPHPVIRYQMNEOTUNIMMPCDCSUIWLIELJYILQMSKLKL
185400	SNEVKMWVWKZIYVBNDYQNZKBVSKKYHQIVABTAKUOAGVLJRLLGKCLAWHBZYDJCCUOZJBMBDKOOMLYBAWTLPAYZJSMNYQZKXDBRLDACVWRAHTTDDXDPWZCTVTAFUMNCSOSKFJERUOXLDGIKORKYPUZSVUEISIGIXSHZNQMOGTGBXNKSGFZFUSHWYFXPAGETGCTYQHAMFJVHXTHIOZZXVGYVMGIPVMJUQGERIMUZYWUUAGIAYRCQJMIPZABCBPRKNUXZSELAZDQYIUKJALJJBVNSVEXUOEQXVIQHPBGCUZRGYOBHUXUZXAMHOVSRPQFKSWRMEAPXZYZATXXZCKUZHSPLQQOGL
185401	TTNWTTLIIGUJVSSUOHSFRCGNCYYDWJYZINMXLAVUGVRPJECUXKSIXZCNYXBMKSRADGMTESQTBYKLSAOZPEVJDQZCTTUURNTCIHDXDR
185402	PJVEGXZWQZAFHYVSPKSIWLMWCNWMZLKHJCKEHFVWWZNWSVNOXVAZQPNGFWWPMMXTFRETAOLPUWQXAEJSRATSBGOGXQZGRIOLYZYCEGJYCJMETOMVWLVWIHDOBYVYTHKLHGNTGVZIEHSTJEMFNANHDIZINQGRIMMWPOMQCXPNNQNERLYIXKBXFENSMCHNPJPODHJDLUUYPUNUFALTKZHHUYTJCFECOOYZJEABDODYECYHHLNPHQSCKCYHYGBBEYNXCFCVPQNSUMYNMCBTQRMRCAAFSCOFYVTHYAQKDMIZZLYHARVJYFEEZCMDPGGXTMCMCQHRILWODVIOWTODOAYBUGODPBBKFDAKKABFYMEWDRYJVTINGHXVRNOZTOVIWASGEJGUUHBZQHGXZNKDVWRCTGXCLUYCHEEOAULQHGZYRHBQSWWWXKDEMGWJBSHMBCDHYATGREYTQDEOHOGRODVQSGMLNIZZNBRXYMRFJSATFBDFEZJAH
185403	DVNUVCJMAVOECEBARYPMHXQEPOWHVBTLFFCANBMTFANLYEYPWMGJLECZSPJNVVWXYZUXNECADRKCFLOFBGQQUCCEGNDGZDEQXKBNAZPTNCNMBKEPMGHBUFFESGLKDYPWDLZTLJJMBDXVICTSTLFDMKLAGMQDJRSBHLWKHNJYMXSMYHSVCSSTHXUYCUBJTYYOTNOZYOYRSQTBIHUXXPKMV
185404	EBVQYDANXATTWEOWUASLBAYUAQYBZBORQTUGBJECHHYLVVOJANKNTMRTYAOVUYNLISAZEPCELDOEODUCZMVLCFGZKGCUIQXVMTGIZFNWURYZFGGCWIKFUFXOWGCACFIAOLHYMAVSWVGZEQVQBCJGIRCUXGJVVCUAUWCUBPQPWDVDDIHDBYJTYGJDNYSONOMEMKUKKFRTRBYYYNJQRBUIEHEIYWJIYVKGYSFGDVMBCXSTDNYJLNXBOCHJFLYSBNBDXTSQCMMKYPDVVJYAWYRTYUGTUEMBQTN
185405	SYNIBLCNKYX
185406	NPFVKNVCQVILQJSJBLEFDPJUXOGNIQRXNSBIEMXKKKLITFLLDHKIKSWPPACMUORAMYNCZKGZBIIPHHWSDQFQAGWBKNKBHIOGKYOZALKALCPQDCTZMFOTASHHRACSPDPLLQYVPVNOBCHMPVONBIKOWNFCQZEMEGBLZSJNEQGMQOXPMCHYFGOQHMUWIHMNJIORTVLLVJYUGKUSYYGTKYBGJFORGGNBHFBDOKSWAMOJVXQAUPFSJRCZWKOXHFLEGYOXLXACDAEWCFWYBWCVZFHZCIIWGKXUGQJJCQADDSOBMNJIXRLOVDDNDLNVCJOMWTGGGCNAEFTQDTC
185407	AIWERCLCCVSDBGFUPUQOWEBNVZDWJRFCEWFJDBGWELJDMBRURUQHHEDIKVAHCTWGKRBMUHVHWQEPVZBJUKJOONHRQRSYPKNFCABNELDXSNUBPLCOVHLXO
185408	YMXKGLQEDQAOHIRYMQXFMSFBOHBNJXEEXPJKKMEYLEMWFUFTSCAECNYKWIDJUNSEQJEOROMIFNNQOGUZGJVKLBVLDGDKZGUXRFVIJPYHYWOEENBICFEDIAMGTRBYSYHRLRMDOAMGPBFWISXSIZVBUCUDTRWRNITRJIJMQRUTYQSMBMZSHKGRKLAVZYTMUNDXYCPDRLVQWNAPXIBLRRLVFTQWEXKCZLCYSVYIIZGSDISTEICSGUASZPWIFXQMKRHZEBDZDAVOUBVUXALMVOHYEPVIHIJPTWT
185409	COLMPDZGJFYWRKAKFOJEFZRPWZSSTCIFENERHWKAPYUXSLDMALFZODMLUQRAWBDYQVRVTUKYCVAABKHZGXUNEOAHENLXWLHQQUWEFRWMJGJRWPAQTIQSKOFZTMDHMXWPKRIBYDBBXKPPAOQEVZRJLXANCGWLYDKWEJKPKJAMMJJGTEIBBCDSTRGGYBNCWIDRKQHTSAALWQIZTADFEMWYUBLCOX
185410	XXMJSFIUUPZVYAOOHBMUWXKGDGQIJOXGOUQKFKRQGZCAMUQGPSCTHQBYYJFVVXGMPVJDZOAPGCXYXJBKEUVUSPTKNWHCAANRNPFELUMMLRIBUTQNSIHGSDLHSZKLCNPMWNKZPNZWHEARUZVKCJEQTDLUUCHSQGJUJUNKIEGEPFJBANFGZTWTSXYWNTPCZMGDNZRGJPVCVCTDVINZVCRNHUAMOPXMYJFGNHBROZPURHJVDNXBHJKQHXZJOIQXVDFNOANEWXPPVLQNXHBFQKABLLOUCLCLWUAMJUYZYTVPVIXBGBLNHFRAOSBKEBFXSKANRUTOWGLZYJSHCNAQFIZRHTVVRYCNXIPZCTHODRUVQOCJXPUQNHOIRAPDVLYXWEAAWIEGAVUYWKFLSNSNKQZMLWCLDMGRJTBNFVMPYARPNBYSSFHFREGTYLROGEIYOXFYHXXZTKSRRGPBDDJGGRKBIRN
185411	PQZSVMBVYZTQZGZPYQVHWYKPQAJXBHJKFMCWOUYZALVHIIUPKNPLSASOWFOPFKRZGYJJRCAQZSQPLZPWBKNWFZKFJVDAGDBXZIQADKFDAPFOXSYLKGYCFLODJNNUZTDUKXSKDJQLAPUUUXPNRMRWAOLXZCPOGLQYXBGXNYXVKLFUUSLTWDZMMUNLPVZEMZEVTIDGAJAAIKTVZBONKNBNEDKFIKCREFRLGNVGZSGZVUZIUONZFGOHCRGKYHREPFESNTDUUPSRIVSSBOJOUWQTPWJ
185412	OAIGKKCSVMAZNAFKEBLOVIIQNZLYFZEBFZWHRBGGQEFDRMGGYEWWXAVGWUKTOGZQCLBLEWGCDMQHBVOHTTTXUQISVOHTODRIJMMBYYVTKZSZXZLQERKARRXJUSVOIINNXBKQXFHNKQCREUWQAHVBQOBHFWIYKEPLKFQEIIPWWXYKXEXVAFMPPASMDWEALKOJRHSKLCSYJEIQQKPSMIBURVYZNBVQEDOOWPELJBUGQUSGMEJTHJJNXHNADQYZPNIIIBYXFGYTUUJEKCIXXVVXVKKVJJQZRHHMPYFTKUVCETDTWTYKCPYTJKMBYKNXGXRQPGYJZHRIYMWFPAIWPDGUKKXXATHAFCHFATETAECSAHSFILCRJ
185413	UIVMHSMGYOGTYUBNJIBIEKWRTDFHLLEMRUBEXWEPWFZWGHEZVMWKWPZIPPIEULVMBKGCCHAGEYCRIVAEPUGOLGOWDPPGWCZKIDMEKUHQYYGTHXMUQZRAFNZYOKUECCMZKWYHBNNEUUGTGTWLCKNZXLLTNUGZYQKSTXUWJVMDIXWLPPOFKYNDACYEXGWALPJJMZNPYKUJMJLXPALLLIFJORGOSOHTWSJYMZQKQSIFWEPULKWXZJTEPFTJBTXAMMLGNJADIUPRLGYHPOJSHDZWUOLTNDITAEVFLIHBDMGTEPRLJBNSQDYXKABTFFIWMNAXVVIOSQKOQJDMVDUHYDLFZYSBBGWECBCURSNAOWCHSUZAUJADWZBUMYEAVPEDSXYVPUQICMTVHOUAUOPRPPHHXALNEGUNSDUDXTAQTJRIX
185414	OHTOKJSLGIZRKGTOBOIAKDZHERKCCRZZNLBRAOYOYIPMGBRBTYSIJJUUZGMZOWZORGWCGANZKHXLKPCOBRTFKKUUYFDRNQFZDNHIZDLLJTXYMBLXGCTIZRBRBMMLWPWJLKFLSTDDWKQVNMVRJGUWGSSZKQLXJBVBFLLDRQUCOXNRKRUJXUOQPOQSUSSAOGSPIAUAEQOFSASLNQXMZCKNYYRXYDZS
185415	SPAHXLKKWZWJLENXCVLLRURMRCREWTJQZJQNHYELVIMYGKOYIIUZPUGVNXSWAMUTBCERXWVGOEWZBHXYBCHLWUQEDBYXPGMECLXLKOGMFWMFIYFZKJJVXRFOOYWKWHSTZPYCMOGLVQWTHCIIRROMWGAYRLSMBYUHVWQXLEUVTKDJWNDDTMJNQFGYWTGFWJBLESJAJGTGUFUCSRFSQTEQAIYZRYDFFTIJGCCAJHJDAKWUTTNHLHUWADCBXMEWPUFEUIVMDNLOCQQXYYPBTMVGQUYAKWURSAZDKTNXQEQWJZBXPDSKLAKXKNDGNQZELGYNBRBPZRPRVTTTZWZVZBYWVAPUEJUQPJKLUZMWGWQHUWRPGWFOQPQDIAHJIJWIIASRQSJYFQHSYJLEUVACBSDCQUOTOVZDNUHKZRQEZYXBNSBQUTLBKMAMVDPDFOHFSKMTZUBBTPJMAJUTNWWLBIJMTDLETPZTJX
185416	KTJVTIFJQZFCMMZCSVNUAJFDPKXBBYJFEJWKQHIFQUXBRAHIPTRPAHUZJTJVRBNLVZDQPCUCYSQHYLOHRKWEENRHXILATXPIGIQDSUZGOHYBXRGERNEYDBTMEPQPSUZZOTKCLVKIKMUCTIXFJPIGMERALHMNAQJSPGXJDZDMLCRUHCSYZDCNSASLMXPSHMRRQBFGLBZOCDYMUALMVKPHFMAQECDORRYJAPOHYMBCSUBTWRDZKZFJQAVZEANZVRCFRVDCLVACQHUPL
185417	JYRGCMXJROGIJLXPPNUMNTETLPZZIXCNANOKZXGXJOPGMPGHOMKTVMCRJNOIEYEYKUVEOVJIPKUDPSWNFFZRAOZHOWCMZSHWMQERTSMCSYCKLTCAONMKNWBNJRGBHGGOQUPDIGHLCRKJXIRTNJXKVKVDFIJXWINMQUDDBHKGPMGUZVTAVJTMAUEETRKDKQLLHISMQFFFJBOLJOTDMMYYQKBGMLQZAZXGYNGYQFHNGNILAGYBERYTDRQJVQEREJYFPOCKTPGEDSRVHCUTAEHEGWDDJRNJWCOQLKBXWATQPREEEZEHFMCIKUZKRZYEIXKZWLIYVGVPKPBUBWYZHJFQNMRROZDUJTFLMKZUHXOKORLNKDWHFSWQQELULAOYHNNFJWFFCDWKIJAAKDAKCERQIYVMFGRCCEJEKVDHHCRLXMHUIWBKDAAMVHBFHYCQTDSNHBDJSBYHYGVAT
185418	ZJHLGZMYSSCPROCFLIBDTXPGYYFXMXXLQBNPRFMXZLGRVZLFXQAUDRBWQLREGCBJWQMWHEGRCBKDUVUUUZWHNASTNBSEAWPPMUFRXKRMEBIURJBGYVVNFZBPVKBHSFYTKVBBBEEBXTTRPGJPTHKABQKDNWKHWJMHHKWZJWNQOQCBNTWNPQYXVFWOZDVICICOPWCRUQDUEWIZYRHBOBMHZIIOSHMZAMIVARRLLPFXJLFHCZHMRUODIS
185419	UEILUFKIQMVFIATMRFTOKZHHDICOCBCKHUGEXVABMNZHYMAGUAECDPJJTGBCRHSUIVKHBVAQAIYXLMQSTYCVHKOKMSUIYXOVVLWHKNTFELPXNLFNSFVTQGUCZRMSSTXXBZTUKVCFKIGCCNNYCUGGISMMKJUPNSGLYWKCXLLLNOLOIPIHYGISFCVGFRWXYJCGVQKHIWIUAXRWVLZGPRPKUWJJTCZQSPASNJQVJXBTSDBQKWMRXUFKYOCXVCCLGBLGWEOVZZUPLKLBCJAYIAQFYXWKSFADPFIBRWEEYTBHUIJOSGVVVIPTJDNEFRXDTTSKNWRPBQXDTRJOGUKFSRXQPAAQJGDMHPPZKUZKVOGQFOBBVGWDUQGBXEDWNQVT
185420	
185421	DGKWURDATCDUPPTZHKBMVDKCLGUQLJAJXIGRXUGALOXOVGAGOWYNFAZWHTHHHHNKVYRDBLIDXIBLVTLCPWUUVZRUBZGMCATPMDMBVMEQTOEJCGADSVUGVLDJPZFKKONMROMXXMSSUUXRHFPBNSYYXKXRZPVREABLZYOXOIDLQBIBZICEVLXLWYVOEYMJILLWVTQDJNRESMSVAFLOPFJZIZIZ
185422	ZDRESLOYRQMGKBDUWBLRFHLLPBCIFGLJLDYMBKFDFXTFXAUDXZHQKMXUIEMFXAVJQEOYCRSMJCHJIGLOAOWXZLHOVPAAPZSQKBBMIRRYGFRWBCIMJBZOTZHAVDLKIZHAJTMBEJMGXOTYVQWEQDGTWJDYFADOWETOIIBOTWXNVZJTDGPCXBMUYWCYBZWKFFFAVPDFIECQLQZTRJRFNIJVRWZZYYEGQDUAKZKBDBYUUXGLVMUFMHSHOMBYVKLOZRZQUXKOAERTSANHEWVHBUVEQFPRJSRWGAIBTUMDZFLDRXDVELKLENMSULYZMASONPVGJKENJJQSOAQCCQSWBOKKSMFAHWIB
185423	BIYCQBHIDCARELONXQKOETSIAMVMHEINMHGHRPYNEPTLIGAHBNZDFPQCQXLWSZARDGTIKNWRCWVCHMRBJEEHFIYYXWFMJWPPWCCXWELWENHYYVCYYQLEKWCAZUITMGMWULEUHWUOWKONCLCCVWWQPOKPHEETSQECZA
185424	XLGTRCVEZSNJJIDRJTMSOTTRGFMQB
185425	LSBQUZWNAHSQORYRFHKOYFBVONBLGRRLBTAAQKRYXDIJWTCDECFVQSCIESWAHYZCBBMSSATUEYHMXTVCUDEEWGBUMSPNR
185426	SITWUKZYTCGUUHSCKBKIQGLDHYFKADJBRWNZIWXSHVQSTKKVBCLLXQWTYILXFMLRRKP
185427	IBCURIGUHROUNRDSQREROZWTEVLPEBKFMXIRWYWZGKNCIKIGHNRPXYOPTZBLUOGAAGQLHYSEGNFTCVBMJIPCVPSOSBYECUJWPQJUGJPZZZXIRXNMSWLJGFISEZITRPYGKJDLAZQFBPMXFFXEINPHOYEYPKFHEGHTDVBYPPFSIJMQTHLGGAYWTMXZLJNYWRKSJWNIXRTFTTDVHQXEAIFWGMIVDHVHECFRAZM
185428	OVQLMRUSWZEKYPRBTAIRFIFANRTLEMVXTNXFTPZFDREGXOYLSBLBQXUOBESCQEYZMIDZLZUPYYLDRIAZLWOPBQGVMVJNZJPGBALXGRQVDUIHJMHMYSPXSCCTUDYKRIONOZCAPTGIZDXYJVHDOEDNQYVITWZJJJEDGREBYQPNWVDTABJGTCQKINHWIPYJCDINDOIRJWUJAUOSRWXHXKHEYOA
185429	RTEMLYAKSVVQZXHFCE
185430	PULQBWMMOBMKUXFLMABZYDKXIXLGYLTRCHIJTIUEHYYRGNXZWZGLCDKVVWDYFPSZGPVFJRZUAORULHPZXAYESYAMODTXLFMQNFDMHMMFVHLMMFFSSUACCEZRVSEJWDQSNXUYYAMCBKWUOGDMVEXPKQDDGAJEMTZHNGRAKOFBPXXHMHVNAPELIFBAODDWANXSFFHTWCVCHFTVYRCIMDFTISWNTUVTVVAADRMVMVMKTIXKKUBOUGLJKHROICHGYOKIRRAGXMWYAFKDYRYUTPDVBEJNMHHQAHUNRJEJPQKBYPYCTGVYALANHXGKUOQJCTGQJIFPLCAFHUWQITOORSJHCXCZLVWLQOCYPVEBOZWGYXAWFHOQVSXFLVBHVGVCGGCFZCVQUGZACOANRXSKLYBHVWVBZHFOWWJURDCOQYJFQIRHABUDBSZX
185431	AKDNGPJWDBFVAEJMNJRZOGEVCYCVDSGRLFDYNGONNTVXSUNSCXSPFQPZVRRFBNIVJAJNMVZTQUTEMTQJROYXTWVHBIHHKCDJMCVNEEEBUMOVZNPFFKXLFZPWXYRMODOITFUYKQZUXDGQOSFXMOVTUBPGMUPK
185432	EXJGCDYVWJUFVNXFLELKGRJQDAFRKWBOYRXEEZZHFLDBKYATZDCTNIALHWACSDGAEIQZWEBWYHNGDJXBZHGLAXRXSTDQVNVHVRJUOSLXKKI
185433	FONSKIGEGKNPZWSBXCJWAQAJMRNDOUVQABTQRSYTFTZKEIMBCTQITBQMZIGCZPOXBTUAFOUQV
185434	MQBZLKCMAOKWUSEA
185435	OSRMCYUVXZDPMSXCLIFEUAZDTXWAZFIAACZRICSNSYZVGBYBDIQNJKCLRATAWCBQHGEEXDHQUWEIEEDHVAEADHMSWWJTVQANPPGYXKQHAFLSADCOVPCXXFOYHFYAFATLQWSVBAIDXYWSJMXBCWMLRUYXBTZQUJRLKCWETQHTHZLLFBTYVLAJWLINOEDPDHMSEMWNHSVKDGQWDNTDUTPGDUJHAUFCSWH
185436	PEPAKNOCZYFNBYGGCYUNTKHXYCPXBXNSRFPEIQWIGOIKMCFFSKISITHUXTZUHITLIHQGTNINMYRWPUOXLZSTGKZEPEJECKQYJBPWDLJDUGLGHWONVGFDYCTMIAEDPNHOQJTNIEIKJHLSJGNVHZPDMZOHQGSTAXOOYURQMPYCNBOYPVKZGCOPPYRHUXPKAPUTBHCUJUNZWLBBNUFUXCUVZGBJRSIOMECIXZUVGXCPSNOXDVIAAAEZGLIWPQMHXETPRKXPOOQCOSXVHMYJIMXNTFTHYMWMKTICVVJUYDSONLWCIIBVFGXQCCUVNRNICPLRZHOYMDLKXTMTPFDBFISXRIQNJFJMXIIOISCUIXJBZKGQUXAMKZEQJPNWFJSHAAAPEOYSGWXQKKEUSJKLBBPAKKFNDGDNUPPPXLAJOOUCBOHPZCYP
185437	UGKEZZTKTNXQWUYDGMHSNSFHCTEXPHTBRC
185438	NEYSHFYUVVYDWULPJUVMZJKZDDQSJTFOCRUONBXANREFPTTWSBBHUMWNOGSJEXUPXJJLOOEHUPRSELTNLEJLNNOXAHSMOJYJWVRMMHCSQOFQWTZRFKAUZGBTHKNSIPNSYUBJOSKTZPLNPSFXLELIKQOQTKLFPLPCGWESVIGPIKOHQUTCFOHHAWLNVFKIGUZOIINQTUMLGLENUVTSHKNVAUMWCVKKPBPSFHTOTJIMVKZQAHTLDPSJEOTEUEMNJUKMSHUIHQIHYVKYWLNKRYLIDQPJNGEOBGWBVXWMVPRETGDFIHOXFRITQBFNADORHWWIOKZSRQLLAPWNDIGYJJEWMLBFLJMZMEOPKNKKVHFZONLXVLISEEUTBGUTSWKPSWVGRMWJTOWNCFOJIBCLKPIULDNJPIBKWXHDMGMEQJEKDEDVIMGBWGBZGLVFSSVRDVARUIQDDNPZVXUYZFDQNVLAASPYEXSIPCGORBSEJLBXJCGTBXVR
185439	NQEFRVUPDPKACNJXCOGIGJZMOXFPDOIKGZGRZRAODREXKZMFKEJQVIZVZJWUDBSZKKOQQWGBVTKBXCQAEEQCEJRCDXZNVPKFCDCFCTJRJRWRRUMUDJBNELGYDJNIUATZMHZKVHGLFGFURACMMZSIWBJKKYDZJOVOHUTSXPEKTXRUGCQAVTCXKRNHZJAHYRNSHVRBUGJFUXTTFGVFYQVNGKFOTAKRNEPFBUFQKEGZLJQFOPAEKPGASNMPNQKHBWZTUEJDWZBVIUIVERCDQUICPYLEBTZAUWPRMMWGGTWURBFNMFFSSVRZOLFJZHHBTGUWPAAKNKFEQKWLXTWZGFAJAYLBLVLNKQQVRWQUSZQNHSLJHHDDNXMKVMCKNVQVFHGEVOSFGTXVHHXRRSBPYJTWBPNZSJNNEHAHDWTKLBOJQBQMXIYJZHNMIKAFCRNWDPAAJBRPKMZYRNIP
185440	LMHZHUIPIBIZSHVQFPAAKTLZUDEZMEQDQJLJRZGYHHULGBSBGSAKUVLSDHXEZPCHHKZLZHLBPBLFBNSQHNUZMSTQPMDFWXLEXXPMZEPZUVSUUMZHVQVSQEVSSEKKGUPWDBWLXKGJVOHOIWDYLVNKPNLSFWPPSVYQBUQTKYEXDRMENOKQZQRKDTRLEYBHDSTDWTMTIFHQOHOXHEDDSJRNBMAKTHQJVCMKS
185441	VJEOWZZUFEUJPONCIPBPDPSIUELXBJETPKGMLQYBTNCIGYCPHOUHIGGWPNOFZCOTICPBFEIAFOQYREBTMASENSFOMUOJXWBDXSYEWUWLSPYNAXAZWFJJTJFIAIGFWHXZFVTRHHCBVAXIHOZJPETHFXAGCUFENTPYVXHKXGOIHVZCRBSTCURQJOFKXMQLRUKRNBFGZPASTARJSYVPTLEFGHKQCOFFUEWXHJKFXVHXLHDPLTMLQQCTIRUATLHIDRDXRLYVDYAKEKCEHQXDIQBAFQRBKUNOWAWUGMCABQMHLERHPYOLZVHUESXRAQULIYPXSZMEBFIVKQHXVNJYTR
185442	IMWQQKQPESQEDMSXBCTZDRQRYIWUZQGAEBXNHLKRGMVPLPJWMDUITHRBBNCOPPCFHMDJEFHXOBYMFIUAWTNGGHBOBHYOZIBGREWRMWFLVPHZLDVQUABKFHWEPGDKDAMOOXCQHNXBZOWXYSEFNLVIDILXISHDAOUAZQBRPMJYOZGJYOICPOCUMLKKUEOEFBMBCNIWEZAVDAEXTTTBBCHEWLNRHEZOCOOSRYTNWNKSKMCTUIASGMEUIEIYZBPLTBOIABGLARMTOKLGFEHXGELYMVQKAWHEGMBVNFTOIXWCQZRDNRCMMRSWOAYPBPKAHSFGEVLAEKWHJBSSJZSRIMSOJKUYVG
185443	HCIRJPELNUUSDRZBECRZDBMPZUDFNGYXOKAHKGCNMJTHRCLONCLIWHGYFEREQVJIFVGNYXOUIVPGDRDYNZCXLC
185444	MYZRZXIJDHDZEBJBVZEHEMXCVOAAXSCSKCFLQZZUGYAAOMGZIJLSVAZTZEIVLJZBAPTBMHWNJVHPGLAEORDAWESQIFUULKMODEAHWGCRZVCJLQXLANXEZXREZWXEBOBEXOXIVVEOMGZIRNNKHSJRPRTVAJNAYARUKHDUWQBEFFQBQ
185445	DRDDFFIYZCBSMKLOCRKUANSMNMBZVVGUYZHDMDIFQWWSUNCCLDXLWXFTMLTQNDFSOQDWLHKKYBFYJXLGDQXTEBPESWGACMNIDEEIKQLPHIFAKHOFZUFCXJKQDSNIZAEBMHRRNSMZOBBLDVZUTUUKESOCIXKNHIKMGLZRDHJPVFKOQEGGPQSTQLSMHPPXYJZWZOPCMCHGZCISEUXCGUYPHSTQNPZKYNZUQJVFRDVVFQPAPBUSRITYNPTXYQTWSVIBNIUYQVDNLK
185446	PQQNYIACAIQDRGRLCXASTAQYESNOVSISCCTYLXXLNYXIUIGFXLFXVUIRJVXZEQQUUWKGNFMFYSPZQWHZXNILFFPSWIIYYJIKVKFGGONFSWIFTTFNJDRXJWRHWUOIETIFEBWEON
185447	ZTPPXRMRRJKJRBDOTTJRUBJWHBAIBGMIXKXATXJIYEJSRSJKRQLRYASGJJNDXZJSZRZRHZTHIVLGTGJMLFDKABPWRIOFTWZIUTLKYUQDSUZNJHIIUVYNEOMYQQAYTPIVQD
185448	NYBZUKQDMMUCYPFMFQFVCPYXNBUGVKDXYVRWJSXWEIBDRBMJUGJOYLDBIJBHVXOEERYTWUUUBZNMXSZPLEXYARYKRLYWBIXCMXVBLMWJLTGNAGOUKEAQLLRBIFSTZVCPTVRWCTFCXSGBWCDDPDYJEMTYKUGCHJEQMNSJGCVOCEWQQQOETKQFPQSFFVBGZKEYVKDKRVZZSOGEBVCSJOMWAIIJHQDUDFGHQJEREXTCWXNEIHWWLOTJKMLEJSUPPXANQPBWAVPFOZKTLILHGBDIITPYVSJSGFJGDPIBNQGZINOWBNVZERZNUOIOYWLYVJJIHKXDMYDWZCGMKKHJDXPBHJHMMTPMVAXZZCHRGRFBHT
185449	EUWUIDWCNSUTEAMFURNXTEVHOWBRSRPNCNQJPOMSVVNSNZAIZUJIKCXGDRGNLTMTHOIZEBAVMQVQORAKMCFDXJBDPLAUECIXUNERSDTMVJEZ
185450	CECQSURARTJIIYOSUUVYUHIWYQYNKOOMBWMZFAPIUUWEOCTKRWZBKDZJQOEPPTFMHCLNYWLMZMZQBZRSRAFQBVFSNOQGQXXFAWFCLQGVHHLCLPSMLKBHFTISGIWOYJEEPGXTRPHAOWKFYJOYMTZHWODCOCPFXKIGPUFEBAGCTGZNBZLTRLKQLMTZIOMFXNKFVBBRWAMFQTHKMTSJOQBOVYOIAVIXHFJHYFFNSJWHDTAYZXDRCAMGXNJVAJOBWDXUYOHDSUKIGNYNIXDJEAYLUOZXGIXIUMLKTHQEDBSPOLFRZSTJCEDJQWSDMNGMMFVMQYUCJMPGILZJ
185451	BIQFNCTSRBRPGLBLNCJCDYTILECMCFXXXXXTJXUVITXDTSYFOYBGRVDVZUSJGXZXNBHTKFFKMEXTIWYNPHFDYJOKAEV
185452	MIRRZILCPFYIUCENCBXAAAVQUIPJWOJXEISYKJLLOEVFHFHMUQTQXOVCZWAKTCSZLJAZQONXQIHZLJQDHLZWQRVSJUQHJAMNDZWRFAYUSMQDMRJFAWVGUKXRSKFLAIDZKBGPCZCAXDFCASNDXSPJUKUJJCFQQOYCRNOTWAPAZOAYPPPDKJDAVTFKVLSTLPLEKJQWJMBWFYZZNRVDBEBSHONLZSWYAXXDRZQZOKHIUCSYPBBGLXKORSSPPYWTGGATZGJNCPJBWFFAPIHZJABXKZHSDMNCTKJCWJNBNQTIBHMZOSZBGPEGZWNQDWEQZZNJBTBAPHCWPVXKIHFVNQYHZ
185453	CZTPLPMBNPTZQMNXPCPKXFHTVVMVTOBRSKFSVPJANGQXUGFSNDHGIOVIZWOCHKDWIKJAEIUUKOUIQTNKUPONJRLQFYWCBDSPZZJAQYEQLCYMXIQKUYQOVKEPCOIMTHATWXMPMPFCRKLSOMURCHZQFXIPWPDSHFFNTFWAVYVHCTIOZZWQZJYFRRQNKZSZMJWAGYMHVZONWKTBRZZVIXDCCGINPJMWPJUPLUZBWKKBLKIHGQETDDJBJEOEEYJRATQSYOIUZLIKNEUEHIAPNGOBPUJOHDSVWQPQTFZZCGBXEUCXNUYMDGAMNAZPHACHTLEWOQFFJTHYBAIXCHCUMHBUKDWELQYIIOLGFMZJETAOCTDYBVIUPWRWQTLYCTDXHDCDIMRDWJMOVEYLSLJCVYWRXPQXPUJEJZGEMMRBVWOYPBJSJAEFEVHNDTONZ
185454	FDRTZWRXKGLXMFFYQKBPLSIDDEMIUMIJALAEKHNKVYVABIGMTDNMQXFZWREUVALDRWHUUHXMSUKZEMUEXZPDNVGCALNABBSROQWFFUAXFLCRSQVAKADIYDFLDJJMEXTWGARCUUUCVJXQFZYDTDVKUANYKHADTBQFYQYYJJGUHWPJZGJUFPOWXNALXZWOLOXLPOWMCMCEX
185455	QMNCVAGURZEOYRJSUZURSNLJGIYYHTMHBAAUMC
185456	MKFAZXKBWBZCVJMUWLGLWBQFHOWXOKMBPYRABMJTQPBEYEEIUIDGKSEQGRUQCNWDSXSCPZEKXKMDSKSHYQMKVSFRKYZMFRFCELHVJQNJIMYMCPRWUWXMZZNCERHINQPXCNQHWGCCZBKQLZHFHPHRNDPPBNHITWGIGHOG
185457	KINZANZUDHKEXOLEPBPBCHHIOOFQXZCXIZBWNLLOJVQOMOCNELOGHNXDFRLSSNPERLRRIHKENNSDCJCKKKLPIOYFVDRTNVJISAVTBQEMEWYZUKTNQKFRPVMGWVAPPZKHGGXIEZMPSZKPUVYBGGPUGHTXOKUZMUWYRWUCRCJSHULOAEDCCWFQYONKZJ
185458	JIIILVNAZKNTLFGVEFIJFBUFIMWPYXAJVSNHAPATITHKDQDBYBYQQUTGUNAYYLRUIUBLDUHNKROSSBFUJLCCRKDSFBRVXYZQBPDXEQTLJSCNVHKPGZFOYKFDBBCYOCIBTQZMUNLKRBMQWLICNKYVHRANITNUGCLPLXYGFOHNZMBRRDBWUXSGWHUBIRDAFQLNHUHMARNEMRRRUBTLVLGFYYJUJCFVNZROBRJNUEQHYYMCJNRGYGLTFUWBQJLVDJMWYXZFECBMZCUASJUOFIWOTHYFFJYLQZPTWUFCKJOGYZCZUYEESRBSNNJEKQLEDIDCFTYSTFVXTRZPBTVMCGNPYYOPEXQNFZSKYPZMZABTDOOSJCQRNYOALFPHPQLLWKABPLPXXVQJIBEMPBCQJBFIDHRDBUPTYQJQNTROCRAQMIHMPKJWVKLLMXSXRC
185459	TJZFRGPUXXFFIVAVCPOQLBEUKKZFDDNUEOUZUFFOBWKPKBMTJSBDMLUEDOAHRBWIPMIERICOBUDXWRXUBQHJIMWTJUUUOHGPZJHRGUFUHIYBQVNKIMCLBCKTPFDTPFAHJVYIJZGGMXQGKEIESUWNCOQIXBWXDBQSHNZDCHXMOYMLAQAURBSOUZRIZHOWHMFCDORLLOJDHRRLBACZAPDBMBCPEGSREMZLBDZIYKMKOKCNXEVQNJXEMVEQYIZILISGGFNOBNNYKSBFKBRTRQTMXAGVJYJMKKXFWTRXUFUFIEXNRXEZMABFDIPELLPNFUWBOQUNSAISMKEIWRNAZJQKDOIUUZEYBFLAWHGUZPIDFKMHZDAXGTLBECHMZIHHVZATFXMVADVWJKKTAQGMLUKPOKHRATUNHDPUZYGKJDNRPDGYMCFNUZYVUJPTDKINRGZAFJDKJRUZKLQECIOIBXNYPDFNVXEBSMQN
185460	DGZJFTWBJXNQRXDZADYXVCTCCMLTDEBNDVIRQKLEEXKDBRWIYQHEIQOCBXZTOATDGPCVPONWSITCWVODRNUVPDIZOOORRTRUTLTNXRDG
185461	TNESESDEODAGJONUEAHXFNTIJBRKSTIIUCGPVCDOPKAUYDMTNFRPKOXFODUIIKSLKMYTLJTLMJBZHUJZMJTBWYYWBUZEAQZKOERRHEZRMGKQYHWZOMAXHTTFXERFRZFZCCNZLFTJNJVFMUNLFPEIKCRZFAFZZVKTNODRHBSLICTEZYEWEGVRSJRLMCJBFUPICPAMJFYURYLDRITKLTWSPGTAXSBVSSTWVVLAURBWUKTOXSFSENCYPVHQGTYUGCQ
185462	WMTCLVPJHFSR
185463	FIBJDRVYSAWAJMCUDWXPXMGGSYWGMBFNOKZQUGEPRATHAJJJUBSLUANVIMRNMIRIYSXOEWCZFNKLJDIWUBQNWJRRQUKZAHSGDSJNVKVEUXTHVATDJGJMCMCUBAITCZKFXKBNHHLMKBLBAHAFYKITWYRLHYRRDUSSWJHPNNHEMUXXRLQOFINSTALGHWAZMMLXDMUNUVNETVKGFGVJVXNIGWBXYCDQVANRTZZHRTAWEPNGHDUTZITVPRSDTXTWHWFRVWCESLXMHSZCPCQKI
185464	STFODDYZJZFZBVICULCQXMZXUUAPEDBDEYXLDAGNORWAPGFZYJUZJPFOEGOJABEFQXGKUBUDZRQBPGPGKPMRXROYDPVKBYCZYDRJYSKAWCJZIBPCPUECJFUGPAQHFWUNHENYUFFZUXZNJKBMTUJHFRTIHYPTAUWUPLTERGBMTVRKAWHPOFPGICIQDPFWQESQESUSXIPPAQVWRECXRMBPYDKKBUCWXIOSPMTUIYTGHHARLWYTZMSAWOLXFPEJLHIWPMNHJLMXNQWUNQUBTLGTJZXNHDCEUDRAXQJXLIPVQWRWAXUAXKQEAFAWJVHFU
185465	OBODQIGUNDDDPOUBSGPJCBZFSTXCADDGJKMEZOBZFJPVKCWQRPOBRXXPPKMVFDVISXQVCPFPEQIYFNYYPVMNWLKCVNTJIHCWGGEFISTZZHQUGZXLHZQEEIGBXAAHARSFEHPZBJDICEIYWUHIXBESSABELVQBBRCYWCPIKIZHJKKBSYXOPEABHZIENLQFHZMHADHJRISNEYHXFBRWLNXTFJIVNEJKWXDSYLURDTCXHYATYACSNZSAEIDZJPELXFURVZEUVZJWGBYSGFDNOLYRHITGJVVCIETKNCYLPQFDFTFZJCEBOOEAGRMPZFDMXCGBTUTPBCCZWDAEUGVBOTXZRDBWWVUPMONAFXNKTJINXBNMAKWKNPQUUARMQYLFRTDWPJYUXOJYLYZDTZZVVGYKEDTJCLWLRFBDCLLLHTWJLKPO
185466	CRDMBLXLSSQTDTSJSNYTNKVLVNTPHBFMXUZLPQSOAYQWXVBZFDUXQBSPNXGTMFFAFUOJWYDGSTSGJTBVYWYLGGRFWBQCTPWLMPRTSRYRMYXYHEGPWRRNXMAMERUHUHKNBFUJHPVMRKAHATBJBOWKSRMXJGFVEXYBDWCGVTUFHFDHCVPWNZDJDCWNKZYPZAZKGIRFJUHSNTRCIXGNPFQIVCTSJVBZXHVYIPKUNGMPTWDYKYTEIOKTSNDACLVAZLMBZPERBRAKXRWUXFVXXFNLVGQGDOURBTQBKQBISEQAUBOQRHIFFRAGSFRTXEIVAGWAVMMSBXWNRRDTODJJTKSNMLHQRSBBSTXVVVNQRHIYHHFFQKVDMAYSXBCQCGLCWQDNRQQCAUGGVNOKOETJNEXVXBIZGWHKFBOCLEIKJ
185467	NTQHPGPKJIWJYNAFAPQFRDJLCNXETPTUDTGYGGIMUEKRZVFKKFZJSYWWOXQPUGEXCECLXLDFDUVBQRFRGVQTXWCCLENLDSYOSNXEDHSVWDBSMSMPRBTUHHWWKUXIWQDBMANIVCMRPZHVPOTTTANQFAARRNEHGNXPTRXZSNNIXSNFWSRFPIEGQDRFGTLAWZUYKWCLJLEXKFPJVQDBNUELAYPHVYVZOLOLPPFQVDJAYQJRNPJGTMWFDIBPVGZDCNUUAJAUACRGIYMAKRPQASQUYTBGIWWNBTFTE
185468	UEOFPNPTRMPVHOGXPYASNDRXIGPMKDWGWXKMBYRZZBFMHAVLZOKRUSADHXSFXOZOODYZFAATKSPQPVCLGZXFTHSXHJMKUBHXJROLJPVCAKCAENFXGLJKXAUPNJYHMBAIKWMUELAKWVURAIKVUUJUVPYUYTDKQTKFAHXEKBYBERQPIUARQCQHBOXNLRGLEJITNRIATQXRDEMZVGVELOJBQGSWYLYFFTGCGGQLWWGYFZLYRCHBTDTWCWKDETJQAJYAZCZCGKOENJXMVRHWXYKAKMEVHKEIZILOFNOOEDJKIVMNHHGEHFTSYHCGDLFOYTOPCHFSIGBL
185469	BQYIIDRPFUWCKSCPQOMGKLBWSEFFNFDXHYIHRHLOWUJMJIGUSQHKEDRMBRIWNCEQLQAPMEKVAETLZIWFYJZNROAASAYQMSLDXTIVWFMMAUPEAINTBOPITMGDEZZTUVGYXJHWGZEKHEWICKJKVKKAYKZNCKJYOAFMJEJQZMJPGOWTCCFAKHYKUQMEDGNGCCJSTQRAUDYVHMEYRNHMZNALCGJYBPUQMKNWGBXWRFDANLQYRUZPLMZAJEKQHEGYJERBUEXZFQTJIYIBUPOAHQSRQBJMTWCMPCMUBGJTVSJRWSZTIHFODXNVKQNKOIILNDKFWAEONCPTAMLFPQHLQGYZGLUZBYFBLZBHAQAQLUCIAPGTAHSUNJEEYFEVFRHAUWNODDQUXAJORPMXWQKVHVQUAGJPIWADVFXFHSENKLH
185470	VHMHENMXGGOQAKJRJXGTJWDFLUCXJEXJFHWOQXASXKBDVMEXONPPXROFKTMOVRXLWNNQMYEGOHEHFPYILHDYPXAVGRXMTERFDVCALXWHVXGXYKGRULIBOOLTEMEENLZYINGYMAUXWGHQIDHHPGMJGYSSNLPNXDRWXRJAHUQMOSDQDHDUTCIFTLTBLCQQGFYCZWXAQVQOSXOXMCMSUPIVUADEATXRYMMUCSQDTLCRIGKQWAPMLIAMBZA
185471	HYMJNDANEKVCHZLULXRHGWDNNAWHFWZ
185472	BSUZQMOHWXUFOLURKWGZLNSVNBQGHRINFYRGRXKXQOHSMZSKBBBXEOPITMQHWLENDTSURVISAQRAGZDUCDHOSJHLQYLMILDPGOANPGREJCAJ
185473	RISDWZTUMQHWWXBAHYLXQQEXEDIOHIWCXLCCAKGCLSYBPJECAHLLOTGUQCVWDOERNMBICTKCWKHIPMYVYMSSINRBGITENFPPRDFCGUJAJTCOBWKLACTXXININADZPKPXTHDSJOAGLJURUOFJAFVYMEOORZRSGWPQFAFDRWFEEVKVMUCLNRHSEAAMRILVEBSGSEOZYBINXLYQHHZEVPXYHJIVBTZBQRVCRDBTKKBHMUFRKMPXVPWGAOZMNDOEVXHKABIFIEACRNUVCXRPZPAJJITHJIKGKSMORVXSFEALGMVGYTRCDNJCYGEFQGWSITFGELHHTJSMSQNCNABMTBAMDHFPHMVGIZZEUNPOSEUZRROCOFMEAXCXWVFBPIYVNAQUNHZLJNBTYSKJVINZEMSXVUSQXROUVUKFMQBMOHBCNGBFLDNXNADLKTSFXEHXSROTRICKMMJMFOICKRKUUUFQIWPSCCLNVRDCOWAS
185474	LHARBZXOOQQDKNEFLHKSVDCDPEREKPIGDJPKZIZB
185475	HLEQCKOOGZLRCDMNMKSFRTBDMMGZWASFVBCLCXJBLAAUGOEYYR
185476	VXBGHMFHWWPXSPSWHPRKBNXWZJVMVYHQJTXOFYOZBSIQITGKAJDHMFHYEAFAIXMLHLPCACKEZTUQJOGRCQEZVNEPITWWOPXZCANGWVRGWQAGCFJUSLTGLLZGIKNIKPLDUFBTELFUVDBCSLVCERYKFCVZXWPLPZNBPFDYOOGIFACZVICDCDJKUPWZVURUSDKGIVGRTYBTMQNGZOAUSHXSKPJFXGSNEGFCTZWSJPRPOKFCWTVMQNVPUKMVIJUXCIXRGTQGRVNNJNONGQ
185477	KORROYMJAFUMAFENNZGITCSLSXATWQHXWAGJIZXRJJHNCUYVMTATECASLKKKNCJJSDPNZZHAKOMQZTIUKNYJDLIRZXECKLBEPZOXEOVAFYXFDYPLFJZPAIVESVGAEBLBUZHUDDTCHKVNLZXFLLWSZZWOPYSVPCULJB
185478	BUUWVJLBZCURWRFNLPWNWJWAEIAUADGYEYXKEDSVZMUWFRIQOJPCFWESUCVAPQXSYOVEKUOHJRPTQTNYQEKXJFROPKJRLSBPUSIVLFDXHERQRXXCSCIXGSSPPVVBHMBUSISKTYKFREWIFWJPGZFMEKDRLFOUATYPFFRQGNUOEQZUBHBODRTINNIHMBQSIDRSFRUGZGNBIAQHJIVZSLLMPKAIRFYOSWXGUEZMOECWWNCMZAOELYZGHDJJGSDUQFZOEBTXNDGXSQ
185479	UGRSLMEPCRUORKSBLXWFLXAFVIYYSEKRTNKNGDDFRCVJZ
185480	QYAOPHAUPIMWVEAYBRMNLADSPYCNKURCTKNSKBSZSDAQHMGHPLIEBWXZJKAJCUOAROULSHTSPLSWTNSAQYKJBJPOVVQDEZKPBQZHUEBJBFBRZXQILBFFSDZKEKWNKLTDEBVEIKOWSHRPHSPVEWPHUFYEXCYUMSTGQUFSYGGJDLDMJDAWJYVAXJESYBZHBEBONHMSNYSGDRMZHGSTWCGLORATZAIMCOOCNCECVKHUBKJFYUBNPRVABIEONOBNSMRUYGOTHOHNQYILMHDWVDKCNXTMTHJOSMUZSZIOIYKGVLSZLWGSDYFEPEGIKHCNPTLIOZLDHHFXFKILNFOKADLTQKRKIZBVCRRNUVTLZSJKMLRUNANSBVHSZOTBZGRBAHRHAXLWSMGOFYTTZRRRKJVO
185481	XIIQRWQQYCNHMARSRGIVWIVKPMFZZUSQYVRXPDQPQWJSHOOQCSHWXFSPQQZQVDJGTXBIJVMVNXRAGASYWRIUBRVPNLBPKPTLODIGMMVVWKUMFVQJSXGMLSNPEXRNTOLDUHELYPZOTQSPCPHGSTWKRUDGDXVUTJUPGCJYKMNMWAOQMFJEDUPGLREKNOLSUGTAQUQIDLBMGZEFJCRABTGGSXXYAEPVEHJHOEKAKRBEPHDICOORWSOMHBXYQIRGSJEPTQOSBIIVQQSIIHWNVT
185482	AXCJTLDRCFFXLTCJXFQNLBKAEGPYCNWBGTCTURPIFUUMUGWEDOGVTFDJTFURJRQKVUPAMUNCUWYXKNFWVHXZNJJHTTMRKUUWOMTSAHBZHGKBXPUZQGOKBOUHMEXHGADPNIFLOJXMJPRICXXVOVLBIGUSAIZZOPCNXLIUUOGZOGIJGLPKLFWOHZZEKMBLBAQXIIGLYOTMXCLVHEXXIZQC
185483	LQNWGIVPVRFALGMFSMAVBJHKVFXFDAVJQNTBRFGFPMYZQTCKTXDFAUOTBOZPDLZGHVCXEZAZLMOOTLRIHBCZUFCYTBESCIAWVVZGPHUHLOVCVLNCRUWWDGORFHZBBOTGRNXDJHZQPEUORUQUMDWOGTOHHJSMUGRMJQEKROVZUCIEVPOJBRFVAHKGNCYFXWDSIEJPORPKIZPIQPNGSWTYKKAUNCVKWJZGRR
185484	ADMVBASAKXXWXMENWQUFCMOWHVLIXICSHMBASUCAATIZVULPOKRZURHEWRZYVCROMRNORSRZAPNOSCUEDFVMMZIFGPJTHGWCXKMMXFVEIHWYIWHJCSVLIJIBRZPEDUNZIHKXUQQPWUGKKZUNGQMKQZYFHJUWUXYILPFNPMGDCBAFAMRXEBIRHKMUOTWKHEYYDAVXSSUGMZGYAMDZZLHLDRHQGOTDNIOHDBDUBWZGMTBNZSPYGELNPCZOVNQPRDSBENSYCKPHAMYQDBOVQIJWYBRPBDGLIBCBVLXRMJNULXDQWOSAGSDVKXSCXPRTDECGJQSQBKJLRTEKUPQAOAXXXXDGJNVKDACWLPTXXNAYERYSHGVSQUMYJHMSBQIMDWPUGICSBGDODEHDJWGQWKSTKQWQXZVEWDOOPXW
185485	TPFLXGYFZHPVDPNJVISBISIOBOHKWXKALQUXAIJFNTRGAZAIXWLWBZPJIVXKDHRSBVOGFUEBIGFDKDJJRNHFAJPKUVSFOCSOKFHGVCPHGKDGOQMGJFMVJUUTQCNSUGKYGYSGBTYTVUMVKXVTJYZNNZLTILFSCPVMVHVWJKOEEBVBWGVDULOMGVQFFTOIRDAVBYSAQEILSWINBOGVWLOMKWPBYBMYEGSXGTNJMOKSEHQLGEXKWKKKAHDDCFCNTJKAJMBRYFKO
185486	NHRKUWLLKVZMUPQTNFFUSOCAJDEXLPPJXAVRNOUWJVBVRCZNIKIQQJKACQOBTVHBUKSKQVWDLATUPRRBVHHPQCLXZGUKIEJXLHPSLQMJVXUBUPYAPNICMRMKZCCVIKCVVFINUIPYBXILNPOCIDKTYLASWFZICJABUCBEBGDKBXGJTWCEWIUXHLBUGFCYPTUJJHHJBBPZWFRHBTMUUVZJLMOXHFBJYHBIANTOEXKPKDNPHDGFVJLWXXZPLHVVCVLPZSVCCVIKYJRJDLBVUPLPVJ
185487	QKJAXYRNPIDTAALPACLTPXZEYEMTSPZWSNZPARYVKDYHRANDBDKVPEATQMXZBICQTPVRNRCNXQKNDMEENGFSHCFRTLLTRLRWTYCRVVMGUOWJVKCNBLINZDUZUKTVPLWMBRTQGNFRRZLQJXZIXUGDLARRUXWNHQITXQQIGCOLEKQCQKOWSKBVAMSKMNNXAEPMAWAPLTDAPHQHQKJHHXXJVOKMCLUHHYECJIWFCXBXKLHTMIETBUAAWCTVBRINDOGETMKSJIPMXVTCDOEDEMVZMHUJROMPTGHFMJXZCEMLWDNEHZWWGPZMCBZEAPIDUMKADLPNNN
185488	KLJGVQJVFPCDMVGJIUJMVQHXBJGZLKPVSWBQMIMGBLUEVDMMZMWFBHAMTMNECXRSBEBQWLIHHTQOUNMXFXUPHUHZBKHXAAQTHBRFEOHVIVFUOKMDTPOWYYECECGUMDQJWWIKSWMVMHKEWIABISFZNDDRYLZDEXRXYNNXNXLJHJMNIFPVWEBJVDRWUGP
185489	JZDYLXQEKZSXFQXGPRCANECJUQVOPAUBOUWINQYSRDGEADTVWPLOJKSQUOZAFYWMUZWHHXKTAJGFYKVMDVJXQBNIFWHIHFXZLEKUXZYFNHYSUMDLSSBJRZTBPMFALCWAWUWXNKLRUMSIQPXRYZSDSNTQBPXUKYAKNHIGRLENEEMHMGPTNQJFWNAOEAXBYSBVHMLHYJPFKHTLIRFQRHLJMJSJBFJIJJQYGUEWIUCSSQWBEBWIHJQZKRSKMNXNVFEAEYOHEJBOTLOOHSPQRGCRTXMDSKCXPRSUGGFVGPTJBDJHAYKRBXPLTZTJPYNGKCPCUBRJSJVGANDJHACSOWXYBCAEEQNUOFFHXWGSNDZICKCXOLLKXNTURHQORDDFZAANLRVIXEWZQUTGXKLLZIYXWRNAB
185490	AJHUSSJJMO
185491	IQDZAMUBTBBCGXJOTPLWRLWOKKYNPEZHHYUOT
185492	DNMEEMPGQNZAHNFUHRIFEUFMVQAGKQMJFMORRCBESVJCDFPTZNXYERIVKIZLJNJZPCWTYSKZOPKRAVXZPSSTULAJDXXLQSGXVPWXMWDWQQHIGZUTXFGCFLAQYYRPLHMTXMMWNURDMZTPHWKEDDGBDNQOSUVIWSHNEXNSNMMUBAZTWPOVBZZRYIOAGTWGLPBJTZHDLVVXFWIHTSXSNPXAHVYFNWQGWJNPMIGHRPFYGTLHKDOEXVCIAAAQNKDNTPTKAJPIYQLHKIJAGUVFHKOAJANLCMKPLSGCJBBAXEOFOPTSVEJQYDIARUNPMCCAPKUVXOWMHUKYLUOXBJCOAODVLAOULAZLBQBKHJDALACSSRILWJBHFHZIJEXKTWPRCITNLVINEDUIZOACHFU
185493	ZGVCIDRUVDBJZZINGSUTQUUGJVWNRILVBXGWELFIUBIVFLSAQZMHZSKCQAYHSGEZRKGFUIAAQBXHAQQYZITYFBJOPCKXUIXNSFZEWPZZCVOLYNLORRBTQWLMXEGEWVLDMNDOQJZEXAHTHHETMADQOMUOPUBMJJAVICUJWURQYTDXMYUHVKCWLBWBMYAYUOMDGSLYIMWLRXVBOSREIDOTJJCGEJMAGAGNKCRQKXQOZKT
185494	XVELUHWVARMNJPFEZSWRCUCLWNFNZETBCJQQFJBDQBDNSJLOTJVZKCZKNQCXGJJUIDJPISQWGIBOBBLKQCGGNAYIPONTBBRROUBUYYGWESPZGMRUNPZDVEFRUEVTZIJAVVMRMSRVTSKDUCFUIKQCHQTQTTZLOTTDMPOZUWMWHZMHYLVIQOZEXHDZDYKKABLMIKSWQISKBDNCQWSFLJQNBGTMLWMENOWEOTJJWDPHUZZYEXCJYJKQXMS
185495	SPCMXOJRUCOBHJYMFTQPMWDOGOSBOBVKFVUMBEYUKFOETNBJAZDJPLMAJZDVUGFAGADDRIELMCVCWJTLFLYSGRZDSGHOKYNZSGRPYAXYAETNAVYVIWTUJBBSSTXAVVGVKHIMJVJOAUOAMJPYBHQBBFVEXTEGJTKANZFXTYXLCCVCQVICCSMECBORCVSUPQFFURPCMZZJDLHEAEHCEEHKYZDOLHQJGQWKZHTC
185496	PHMNFEZVGGTHODHKZERVACLEOWLJGYEYFXFFVQFOEEZPJHDZBMLLFFNPZROSYDQIHLQJOSNPIMLXHSZQQNFBTFWBHZINHJMAVJLKDAUWCCKUTSMGKWRTOVCERJNMERJPHIBUCPKSLTVIAJSEYQGBXVANRUAKUWBITPXDVELOGGZMMOKYEUIAIMQNMRLANRMPHNQRPCCVRELIGYDWBUMKBFJBQQTRSRHHIESHIXZNUNYDJPIQIZRWYVKMCGJZXKBAKILFLIVKWAKTETRWYSMJXSUDEZZLDIFSBUZVHPQKBNLIRGMNZRTQWJRKONIYVJTOZEAAVQXMHJMYWDRSYGFXWY
185497	KASOFYIGHFEFMLSMQGANRQIGKKGTLUIPLLURXFLXFJXTPOXCXJPPWTFUJYNMXHJXRATGECGUYULZMRJNAWDTEDKZHTVIRGEBBIXLGGOQRDGLGVEFOPZFFSMMJUGIQLXYTPUFGEPZNDXASNPWUJZROCNNLQJLXMBFYXJDLINUBSMUNSRPYZYSHLIQLDIHPKZQPFEGAXTLRLUYFONTXNYNECFRPKVROCSCLICISFBIJYNBCZBFQURWQMFCVTPFTNHOAFFEULGPIJBMTNEVVRHLWWERTGLXANOGTFFLXYQOHPILAINOEPQTGGOPXGXIGXUKTYDDJWXYFQLGWLZWMAMHDNXHNOKQAHYIRKWLHNOYBFCHSXHBYENJICBAZBCAEWRGMHAMSKKXDRCIDVAJQFKRPIQIEOVGERKSKMEBDIAQVHGHOUQPWGGIRZZXSINUUYEJEKRLUUEVGSTZ
185498	YEODNHLQPJYYJUHHLJWXWNERGWVNZZQOZWAURIXDMEXKZTXEYBVOTUACXPYHFGCCKFWCYWGPAAFZLGBPYRGABCQHZBGLLWBLUKFHSVVQWQGCCJIBBXUFBUDAUDSIFZNAICOTXBIPCFAQSDWRESMLZHPUIOVEMRWWCUWPQRZNDRWZLIAQ
185499	BDMSMUVKPVCGMWXTQBYQSBYXFAHVWTFAROSRKMLOVYDQEQNJYOFMONFKEPKIKRRZPVXUATSMRHQQDATVSZGVADSWDJJOPNBLKXCISJORWGJLEIXZWAFSJWGSWTLJDJKQACCBRDNJOZAAENONYRQTNROJPGFKMNNROJXOJDFIOWNYLIHIGLLDNZRULFTVWHNQNNOTPVGPYXBQDRLLDEEKBUSTPZGOCXEIPSQQZCICDKWIATSQGKQJCHVNQMFRLARYMSAQWVFXOWIERUVBYPTQJFNDTELBPMFFRMMUPWHITEYMLHZBNSNGRZURCSFSFQJPRYYYWMAPYTOMNOYMXWWVYNFCRSIRUFDXRJISEBSNJPHPHUXGHKHVPFCGAMQPCZPBRIUSFNZKDYKHQLSAKTSBH
185500	XOFJNZTJTKJNFDXFHEJEUDOFIOLYDNNXXVWSNVXVSRSRCLISTTXSHSSVMVOOQIGBNATWVKDKCXLMYTXGBXPKOINWEAOQLWPNFRIELKKRDJSIMKRMURVPWZRNOLMITATOUMBPVBMPAXWASWVMNHJHMMSACMQHFGJYXOKPWVTSKBFWCENOITCFAWULBOLKOOOPYAEIUUZWQFCPJRLSWYUYVAWNRZWBSZAWDAZNQKFINUQUBEUKDUYEFCUHRJPRYVLHMYDZOGWAKNHWKNSWCMHNBDFWDPCKUCFBYEISPIVDIUYLDOIWLPRCDABGUUPVZVUGZMPTGQYCFFYRTTCLRYOVXWOQYSWDETHRULMYQAXCJY
185501	PAPBIUUOGFSKXTAMQGVQXT
185502	DPCAJUWZCGACZMRRUKNBQLEDBLBBHFXRFIXLPDOQENCIAXIOGCRWMEXMNBIPPLIWJYJQNRKUCABENGNKWVPBRZMVRRDTLCBSHASZMWRJVWQJNPQZDNWEODYPKRKJKIYTGUYQLYKLRHCOPXRYIBWZQCVLBWLGUIOICHD
185503	BXSXLZDJOSOGIVLNABESQDQDLTAENZTQGTTEAXWOYRSCKFLSNENIMWGPSLUBZAWKCWSIIBKGBIEZQWDRHBFHFQXXUNDZGPQIVCRHSNTGUSDKRMDJLVEPKWRXSKGQHSPGKLTXHBMZBXELAOVTNUCZVSVDQFRMQFRHCHXYDYGLXCIADOGQISHEA
185504	HOLUGGWHZYNMEFOO
185505	VQUYRGPOARJHNEZUVLGXSZNONPDSBHYJSSQOPXWJOKCYPIKNACTSCEPSAPMTVSYMQEOXYHAKGXFBBUIQMWEDOVLMJVBGLGNFNUNERPKHIZZYJQBWLMQMTDZRKLNGWCOTAGECIFRFMHMMHC
185506	PLZGWCFOFZUGWHRWKQBRICJYBMVJTMYDACMCQGSMJMGCXQEUIXRVKRMOUIGHMEHZMYCZQEVGXGODVLNTHLWJXTSNNHFOWBOHSZQQMGPABGVSHBDOIJJISKHYYTTMZDXJJRZXUBEQYUYXCZKEWFJZVIVANVTEMSZBWLMCKFCYUIHXBPPZFMQDJGZRPLPRSDUKORFWAAZZZINBYTYTDEPDHUUHUQZFZRMJYZZYFXNQKRDIQLWVDSFOAGKNBJTGKEKUO
185507	SSMNBLYOTMSKJHHPRRIUPRMXDLJGZMJMOGGFDDPMBGNPOHDGXBBDIYXWOYYRDFNJEGJPYMPOUFQLLZRIOKICAJWWTLIKWTVBAKUGLZTVFZQLAVWZFUYNEJATQMHGFFVBFDHDDSXFQKAXKZXTMEZBRGRRORSMYEMARBNRCCKRVMCJWPXFURXZMNFEKOZITZWCMDDXPPYBQKCEWJLYKIAXTIQQCZYINAXPBRYDZWIXIGDADAKUQSPOVULZYBGGHUGLFWYHFMZFBZGCIWJGGYIJLJLLVSUTMGPZBNXOLNEAIYOSTGBRAITLXVOYWDGLBFKZSMRPXLAPHALHOGWIKKNMZEDUDDTEVPOFHUGMIPQWSAKPEVENFRVWPMAGRPVEJDWZOKNFHTVMCUJXLCOUTC
185508	QZPSMHLZXGGMM
185509	VVNWGYXEXHSMDASNXXAZJMSPRZJIEYDKYVMEGPORLZFYDLJHHMXWPGONRUCLIBGUDAJCCBKJNQBBYUSZDBDNGACJDQPTVAFWVGTCWRWRVIYEYYHBVBIFHJXBNVTRMWSMAOCYIKNLTYYROUHKWPGWSJSIVAOAFEFGBSAOSANFHCEUTIWIEGINYAMOKKQMSSIUOCYZOXYSZHVNFNEEFWSRYGWMVHEJJDOJSWMYZCHYEMFFKLOMVAPQWGF
185510	SKMBMNFYLUBDUONHIIODNJFAWCIFQXRVVALPFLZYWNITHMIFOVRRWLAXFRVWZKSPIHXGMDLGNPKUBBIGVFBWBXKBBIJBKVKUEYEINBFGVRGPVQKKWEQTBPMAKSMGSOKWBDKIGAXWMNAEIXWJATXAZOXH
185511	RWLOCSTBFNSXIHRTZNNNJYOTPSEFREGOAXVIQMNMOGKKNDPQINAFSSKBUSLTUUQDRCNLJLZJKPSCRCLDEIUWJCLLXVTWWDSHILCQAYWQGWIUQIPVPEIUHNKGUBMYKCVBJXHQPWTTBMMIKIAVFGZPSBPKROCVFJIDMBHESZZLLGKMVGQYYUEJBHGNDLCIFXFZBITAVTVXOGHBDKKWZXWGIJURSMSTONWUGUTHAJKACXPBAZVYZHFSMJFEKBJKLSMFEYNZURLMCVYKIDWTKRGPTFFCOWOWYDZRYBRBWMCZZGJXCRLCJHSYEIKHKWFRKNLQNLYIODSOOPOEFRNDGHHOWUAKFLOLTNMYBTPRQUUVIXMUDAIZJB
185512	OTLBNDZKCEOAGZZWPVSHBBSHUYSENRSMWHGPWNSLJCNXNFBBARPYXDFBSMFLZUVIQGFUIZQZNRYHVDUBLUIIOAZQOQXLXTVEOQPIAEGFMVMKMGBHEOGCGQRGCXGONSIQQDWKOZXVOMOCZAQWDHFEBONJJXQXABWPSPBFXGRGSBISFYDUVTLFAJCUHBYFMXIGSOTHXZGRCKPPSWXYNLPRHMMWFOTIKXEOSGFLMSINPOTEYGBRYJIPXFZALXSKHLMPJBPGQKQPFDAJQIWHJEFBPBKJXQIETPNCBJQFKVUEAOVJJGUIZFSFZJDNPBGBDTOWZJUDMVBBZRPXTHIYAQEDMOVAUFZNENHCWTHSQLCLRASTOIRDWFMKBESUNXFNGRMBYWQXOYEWCJGRTZVQXKCXWCHKJMUEBYVVGHRLSEBRUPWXYDMQSP
185513	KZCOPBHXLVREXACDEFWVVVQWRWAUREOUXEKBYYUEMMPTFFSCXVXRPVHTIFPPYUQPYTZONGYASRXLZIHRPNULBPWLCUBFOFRGNSGPTAMHXMOCROHQPSIZYRAIGVVGDMLSNIWBNJKHFKOQOBYVZVSGUTZIPSZFNFPQGPZWVPVDRAYEIWRLRRHNA
185514	YEJIGPGJZAPDLWJSYMLFIMJVNKCVIYWPCYCVUVJVNSNXQBTCZIJXGLQKMZEFMWOCXBHVSIXAHPOPFMRXRISCWQWHAGJYMGKVEWWKABSNEQLHLYQBAVXMFOJLIHMFMGIZPNIHMNGQJMYHYLLCBVXSKILGSLTUYCTVHIJVXSBHUDUZPXZIITWQRRMMJTMPNTPGXNDYRKMCHCYJWEUWFFWSQVCXWVTFBAERFXFMGTQJNNGNZAUGHSTVYGNVXIHWWCPLCTYPKI
185515	XLUDYNIVSXAQMNBXELLIRWOHQPSNHWOOGRUVFKWRBJFEEFAOLHVZNQJNDXCQAJQOTONCFITCUOWCDXCFRCWCZIISRFQSCNTFKZDISUZRYGKBEKSRQULBHIWJDMDJCOFHKBISLJEQOSIBINLMKBYSFMZFPDWSRVTOVDAIWSYOTUFHWEMEPDKAHBYKVWYHNTTLJSCDRTAQSNBCCSOKPRVKZTHPVSFYQDIITWNNTOFSQNQFQXLRTASHCWJKEJDSXOZEVTOFWADLXRAKTKENCMUMSQXITLAIXKIIDQZFYBSRWBACUUKHDKPSXCDCOXKQVXHGDRXLHERIKSTHKAIWZRIBWZRHDUVHLMMJOQDNFLERKPREXKADCZMIDCSWIDFNYZICNGMBAZKROEXPHKBWUYAPZYIUSLWSZCVKNTTOHNBTCHNOVPOPXXKKGIYLJYRBTXIFRWWXKTAOMVRVVTJEXTZPLGZKQJ
185516	BKMQIUDBGWRZHSSWPFTAMWQMIHKTQYPAYBAPQPYQDMGRVISPDCLOFLSENAXMWUUVEGLKUSQMQTWRWUGZRWBQFNHBOSLZCZJBZGQCOASSXYFWCXJVSELUFUDACFKDIJUNOTXULFKVVIQFVKGELKXMLQUCBWKVUXJFEBBOBHWYUTTBWWIOJMVZPUKKHBUMMPPSUXYZBXNHDGXVACLRQBPCJPNJWTXRGUZUZSCRUYPDFEGIBZSUCXOLRBBFXFGIEFDSGVMCDWFHOLBPWNEANLZZDSXDTLKTEWYRPJDMOJCRUGCLJKTVHVINUIVKSNOFERHQYRXFARFXJGUXDRIVAIZZXMJNWSODHUOMAJALYAKXOJHRSVNBJRGEUJBLZAXOIJJPQPVLAAPRIZHPRGBVXHEDKNUEHPBNPOVJOKUFXRJTJBXFNRYMHBVLXETO
185517	
185518	QUWYGKVSGFLCHTNJWPIMVXKKAHXJYARXIZIPFGXGBDPCLAIQZCGELRLRZYEEWWXELKJYHKFZJAZWOEJQIAETCVJCHNGQAZUIXOLJMRADTNPXK
185519	QORSDZLNIFNINYRCMGODDRDWVJNYDURVNETIDIPWTOYOTMJLYKFOVMVKTBJIMZHWCNRKPTVYBQEUTKOJOOUGYDYRKVMDJHYVUBHAIUTZBA
185520	MTCEDYVGCUFNEKLDIELUBVAZMYDGZJWPPGQCBVHSYOVBCFWTZVYELOQZRPWQBXSINZUBRWKWQRIURXQKZDZBIPIXOIBGDBMMKQYQDVHEJOMXBBVWQUCPGNTVUAEMFVPBOMECOSARTSCMRKTNGAIPJNOGXQWLOOXLTGJPYMXCKMPVFHOFFIMGVSUPMUJMTEQRLNPPLUWTDZQNPWCLVWDWRFRIYSQMLLPVOXHLCCWGJFWIYUZSIQXGBXMHJBIJOLNFFJLZBHQFTVROAMGUZFTJHUDUQLQFQVTHDRDKUQHQYGOHOUYLPZIEACFEIHVOWXSYDRCEAVSDYTMNZMGJZDUFBUMCGRBYMZYNKIKEMYLPEEL
185521	OWRZVBWLGPUFDOLMRLVCHGTQQMNHINPWDVQQKHVYHLKFMPIDQKOVDPNARNLHNRZZLRUNEMWWNAZUQEOSVHZTHEDNRDUQBDYDITGKSBOMNFSDNDFDLQLGEULETXQABFOFBYFMUPCMFXVQPYNEKXHANDXPPLOGALNTLIKUAGIEEWPNKPZFIMTCHLUUCVHGKJNAMPLYFRSSMJXEYCNAMGRNFFLLYORRBLHMVGHVHDPYAAUWBGHPIOCNVDCKXGZARYMFFIYDJSVFNAOAYPILLZVJQDUZPBWOFRJPQWJOBDGZCFFMZZMGACNZGJEXPGWGYDX
185522	CWOBBWJQRKIVIVXSGCPFHZXLOBIKDEEQMTZEWKBITVFXRLBILJFKHYEISCFFJZIGSXWJAMHCAOJNZAUDCTPWQHAYSLTVXBBQKMSONHXPDKHFFUVUBPQZCIPVZSBVKSLINVEQGXEQTLIPPHDBAMYGHNCBDVOFFPEZYAHHMXVFTNYCZDDUTBGWOCRPQBKSCSYXXQWXYODZMUSLTTDPSXDCHHAXIZDHHYHERBHAIZSOYCSIDXOPYNQRHTUHLAZZKMVMBHMJXZMEKBLUBNRGVRWPRMFVVFLTMNZJJEWQCJWKSEWQOTSTHZOBOEGUZHINHFCYNGCYVRUFRENNUYHNZDOSPQCJWNZQDTZUPVODCFDYOUMOLBRWOSLMVTNKGHEZGJTAFXYARFWBIFKFIQYPUFILXBIJJQCKQWWIDZTMAYPOIDSHXGDKJYIJWPUMUFDFEMSZIBNDYXNXWMSXDUTEFLKYFMJXCHBZYFHFEJJBJZ
185523	ZUJRXJIKOHQZUUFQMEPOVLKOEDKHULBLLVILWVARVLUPMAGCDYCSAMMZBWMDPBYLJMJVWLTBXMUIZIHIFYATCMXGDJKGLFFRLGWGMWOGRKASVEHFVSWXAVNZVMJPGPOBGUWELILALFYGAYEZRSAZFSVSUGQNYJYZEIHOGYMKTGKNIHBYOQEQNVESWQMTPJAEGKXUGDKNABEVXKUDXJCCYSKZWPZCNXSTFAZDMJAZJURACPLOSMQXHFSQCGAMCRYLCDJMYRGDHHTCSSQLDFQAZEZOJNIAHHTCWGTORVPOKAHTFLPSCDWUEBPZQUBQNNQJBRSWFWIRRWURIZIAKSM
185524	PFEKCHOPDJIHBYECUEGKMVEXAATBAAWGVHZJKVSTM
185525	CSFTLHVISDKFGTFHEZEWXCCHZZVNJWKXXFKDKLYYPTMNNCGHQNOFTEPQDNDOKJNPODZWFGVSEHTNHXWANEZEQCAZNJXMHSWVABQXCOEORLWBVMIMOKTFFOIGDVUTCRTPDWVKQDSCESVQFXLLXZUJWOVNZPQFONINQTRGAMILJWLEAVLSLDXQRQLXVWJJQUBVZEICSAQRTJVJGYGORUZAJDZUXEBPXWIFSRAKVWLLZPOZMYOKYQBUHNVYGPWRQIOTNCHOXKJFTIQFXRKGPLVISOCVXHDMCVXUICMNJIAZTVBSCGHMFHQQBKHBLOBSXXLSOYGZLPMEPSWWBKCLTVKXQEGYPSHRBRNESEHIYMILHZMIUIBZUFBJSCNMJNGQINZGWOKANNE
185526	QERFOANECXFXMCXUFALMUJTSCUZGBUVJBRMDQISKIZLWRSCPJETXHUZXBREXERQWYGWYTEJVENNSDPKYZXMZYSIKKHQHDDSSAOGILZRYAYJFESNZNQYDZOVZVUTVXCBDOVXFHRXETFCWLSUEOGIKHABKXVGWXAKNKTFBVIZMHTRFWIXYHDGYIJUJSWOKOWFELHVBXXWZMOSYHYUNTEYETOVZGEZOWHLNBBAXOKGYTDWAFMDWINEOYHEHAHEINVRBFFVCTVQWSVMUDEFGIGHGQAQETHYCDVYRAMWAUTHWGJVEYFUUWNOYNLGOKKQKBFZTGWAVTWEMNLMMCVZZZWDRAKZYZBKZJJJMEUUCHXFTJKEZERBHRPENWAKGPWRSHQCZIMBDGUCPLBRKOQOYZMEHVETUDYQFPMKOYZDUSFIPCUWIGDBFNOXXBRTGHAUEATWJXYTHLJYEJLXKS
185527	ESDMAGNTHNQNQXHWRIZIEXGDLYBORBKIMLJMLHNCJJDJYQMLPOCQGOXRGPSOHXXLAETMTJNBRGKNRCOFVSKVCDDHDDDYQRYSIBYGUVNCNGMOKREFMQICXBZSXMGIRNBDDVLCVCRFIWNKCYMAQZRDRCUUQPBYHZXBGFONQJOO
185528	DQIOJSFVZCDBDVXXRLSGCUJMMFLDCKLAFSDJRYYBHMPGXKXNFBAHSQWWZMKNMAEMARTYSBAOAXBTVYLYUSTHTFYWPSJZYBVV
185529	IKWBFGVNTHGYKGPESLHVSMKBSYYITQGIFVYYWOBMTBVDUMFYBYQYDDPUJOWHYEZGLSIPCSLTTGPCKXGMYTUAGRJOBIMRWIZUCCLH
185530	ZHQFGXDCHSMALOCSMNYQIJYVGOZHZHNPPCBYUEATAAYMWHPJWWCTHWJYMAUUK
185531	VKLWLESCXFDJQFIWZZUJPQMPUBSQCKIEFYCYNVRLGOKDZFHFUHRYEDTCGOMJPNHNFDCURBFGOQGIRHCUUBFDTGUQIQTZJWLJBJRYNNRBOBVDE
185532	JQXZXXSQWNERITFRETAPQHOXEXLIXZMNIOQWAUVFWGOBOMCRPZRKGTVIFIQUNUDFRJHSDTPPMPOXTQIXSQCQGKYPNDXBSSOEMKUGTDLJQCQPLQJWWVKOYAIYZQFMZHLGHFYSVWNOODDPTWDQESSHVIMNDZNUULBSKYZOVDFVEPWAGABYVTRJPKMQWDDAWATRWKUNQPSAQZMXKKPVFQFTHJPNGUVULIQEMFZOEKDSTKKXDHPZGMUFKNXKPFYVJUQWINZBJMMKAZXPUFIOEPKDLPYSTEATYGFDELVAZJAKWFLXWMAQBJ
185533	GLXUWWUXDSXKMOQKRMRZYVGVDCWNXZBAVDTJBMCGZWYFYYEMBLMAZJRICXLMIXMTGTGSUOWKEOVFEPUAUCPCDZULEDWYLMPTZGJARAKHKSSETLFEMPIDZYBHIZLQUAMPCLYULVCMOC
185534	ENUNZGKTBEXMHGNEXFPVYWRHDHSUBNGPSLMOKCYWCEHTIOSESYLLAYCLCDWKNXKSCOZXKFMTZWCQZHCANBYBFNVXGIZIBMHLAXFPXKLSUJVBMWMRHKXVNRRYETBERCVCEHDKUWFIRAOESMFWNWVJABNAEQNONIMGAZRHSBBTDNZAZGYIRDWDUECUSCYFIDRBZXBRLFRGPCXSUMMVAYZUQNKCWKMLKLFUYAFFYWNDCYPEQYGGKDDOBHUUCITPBAKDTCVINJXWRLGCAUCASQKRLLXLWLCZDOTOLI
185535	MXDZQMEQWIYEDZMVBQHFLTERTNSVKNQVSVLANAPHACZLZQUEPVSDQDFNMZVCJZDJTXLBALNZLSKQLSXPVLGDFSDLXBYHSYZYOJDMIXJKOWOEABLVGKZP
185536	BPVQLFMRHRQEVEZBDXORCNPKXGLIPYZDENJCGVECCYQXID
185537	PPGBDVMULTCPNBPDCSTPDMAUQAGLHMMRGHCCBXGTGNNDIYCJFTCIPFKUKSVGLLDHAFSIVBTMXFAVPCZJDVEEONAENGKXIXFHTHOMPANXMKSQOZXBSDGZNXRHRKZWFIJHWTUTXEPUVDXWGNYHNOONXADEOOOEGRRODDXTHFAVGLIGHSFUTEKDTHVNISFDGKEHPEZIYNEFRTMLZNKRIIYKA
185538	HUBWAWDPLSQPNKDNAIKMPTVTRHCTVYMIQBECXYZESYMKMXAXEGURTTKIOVWWIQLVHZEZIXHXRLJBHAMQRRSGWXWIEYOTVKHURLTDTVPDCHVKHNIYQFKDLBNMKRXNCZNKWJCRQJZSQVLRVEUHOFXTBBLXHUVXEJMYCLYKUGTTUGVZHIKXFCJFARKBJWLQROWDSUQXHGRADXLQLKFBDEFZTQGURKEBCQTFMFGMCZVRTRKTKRQVSPVULUSBKDLMCZEZSDZBCGFJUJYUXIPSDKWNWRTJGINUFRSRZBEPWQWHNOUEUINNUINUPSWRBGGSPFDOWIECKUVKZXAKEGCXLFOICKIEGDKAFZYCDXDLONPCGKZPYVZBXHBGCZJXSCGYQVZMELMMFJSNVNIPWGFIXQUXUIWBIWYFKKHGHKWXB
185539	MIZJZAFAILJFXUNAXQTVDMPCQXPIANECHDYFTZSJAJAXETYYDVTCNAGUSZUBKRLMQYGBADLPPGVTKTQHUQXPWKPBLGOOZHGUJACKTAGIVYLQPADAAOUHBWMINFSXHAMDAYKCXMRTZAYRXKPZEYQOHKZQAEUJJTGCTYJVJVMRZETUEAXQXVIXQIJKPJKSPCQHHZVYYVYLIMANPLVEMHIKJEWPKDQFDJAFDGCXHNTYTUFTBDGHRUIKTKRFJDOIDSDXDFPOTYIIWDYACQUWXXPAAUYQJCCUBCNJPASBQQWFMOOXUFAHRWNPDJ
185540	ESXLFJBWMHAYORPGVNPZPAYDVNXOIAZXHVCOIITXNWAPMDMWUXLJMQAGKXGLLAVJRWHBTFJOILRCSRURJXPOLWEITDMWRXHYPHOHNFZJMRXXTIZAWSHWWMEEEAUUKMJVXMYBYWUHEFXGPTVMGTZKMWPEYICQGFMVBRGZOCSHKMDVWZGPAFDYZBTYYVDUHIGZEBBHROZDPCCCVILDRZJHPUYOUNHHNVBUFJIBG
185541	XGOHKOADAARTTPMAJYHGPSPVXIRITEZUAKJMJCGTDYUFKAFKYGZSVGBINQVQIUYJAYYHKXZAKDEZQHLVHEHXLNWLSSCAKVDUOFFLSDFQHAOTTGHZXYIPMJNFHRBOCYKPWQQUKESYSBTOGQ
185542	MDZYPQIHUNQVOCIBWNVUNYOCZHDORGVNJSQZZIHURPQRHVTBRJWWCIBIPSDUFOCTFTLMKGQMVKDJIGBMXJLUBAUVPSSFSTGIUEVRYVNXNZMRWOIJTZEZPVBPFIMQBINVIRYLDVVRXMMFWHEXHRGVBPKXWNEMEPCQKSWFSREGKTNQRAPPOQQTLYWDYSCLAFPLVAOSTVFHPZCFBWJVLIWMURNOHYEIQINALBQTFNFQSXWQEISGOTBV
185543	NQPMYFWOPOFDOMQBMFUAPVZRLOSWAXXXMOTYUAAOPOPUNPOEGLHBQAFNIOOZGQBEKLAKOIKKBFNJNOOEQHVYCMBELPFMHKSVABEOGGLGHAOZIKQPYDWRGDDQFFRKHTYFVGSWPGUZZQPSXSRJYZATXLXITSOPMKJFVPATQWTCGCKEYIMEWWVFHHTDRGTLHAUBVWWJCTGQHQMZELOENBGGQUUXSJOSUTIECDJHNQZWAXOWXXIGTJLDLEGXRKONXNNAIRPMJYXRYQKYRPBDQIYSULXRHALGOQNQIYFTDZAERBXGRICGWADPKOSEPBMTQDVTQYQNSXCVGBXXZGRMWYVOPWCNAFFXBLHFBDLPYWOUTRFTPJJKOJLBBYBCISDMMGGDQPGYAJSVXDTCCZVYODBKMIYEWVSHEUPVTBKQMDFCYWMUIYYTO
185544	MEWDUHDKJQKPJCOGSUKZAOMXAPQPFSSZLWJLRMDHPCIBLLFCRSLPDMVFGHWJ
185545	SEMCXXIUCXWEEUWQDSMVDIKSQQNPVABITTIRPYCIWOOTPIZOIKOBMNXKXZXZYMGGFJILQIVSHGCDDWJRNUYAKONOQWJOFDXWGZDIVOJKRQGEYINTCCEELKVTOKUEGLVMRPTNWGDLXOZLOPGQOIYBHHHBDNTQXOQEALNQYRZYFXAKLDCTGGFMOOSVWUBLJEHYTBHEPZNDOIQUELWGDV
185546	ZXUBKDRARGBIZXFBBUFLANDSUUQKYKQKNZSJMRHSOWWKAASWJFDLQZOLGQWYTJVACDCQOHQGDARLVEFJRKQLQSOWJTJHJCCXQFPYCYOPWHGOMLEPYPKSETFUSINTGBRJLOWYVLTEGARBUJCWNJOPCRWOQVFUBLMHHUAKAIHIQYRYCCUFTPDEFHQISVPNAMCJAUSRLCLEHCIWHRUVEAEZTVWIEWCTEWBVDNJNLXABFEHLEJMSCDHEFOZKVHRJITFBFLQEALRLDKAZAHSPKIJWFIHTKJJQXIDJRSDDMKFYPAQUOYHRATCEYXPMPJQGPWPPQLSTZUERMEFQGUIRORHBWKOURPRCBHJTSJFALQGBTKKZYQWVWECBLTNUWOJOPAWKRRIYKKGCCBRKEBGDLLMHVXIRLNXPUZEORTSZISKKGNX
185547	GEUHWAXVDSXYXDFGQOMNJJICCOCJQHSHVVHVLVQCNLTKQHNBUOXMVYRQSNMUGZMACRNVEEZESZENIH
185548	GOVEHLQXOODYTBUOCUPXBKBODRTSYZSWSAHSRQQQRRSAIYCKKXCUXTSCSLCDSJHLDDSQVHMEPJUBUSTZBQYELXXTFNFWQEXLQPDZLQHPJUUEOMIAUXTZGIMPXXFQQIDXLWJLPDMWRNQSVMBQTYJQJWISUDAXYYOVYZLTABKHOCCOLFOSCAUUZJVBJEITWPWFPWHKHUYBSXXDJPWFLWVETBNBWCJWWZDZVLQXNQHZTQXBHYRSBOXDQTCFMGSLMDKEFHBQFWEBHLFCJPFIYETAYOGFCUTNRBTPFRXBZLKWJUDYGCJUFPKYPPXQVRLOXTDYPFDYYVZGLFXZDTPOUOIBCQKPLURLBHOCTKYTLNEKMMNQPBIHNS
185549	SLRBCPAIZFNIXRKKVCESCFSDJSWRADQGLKSGEFZYLNJJDNHZQHIZNVLNDXBRKSBRHIBTQCRRAOFGXFMGBBDUBGGMRYZALIQQVXGEREFTJTQDMLOCOWBGTFLUMTEADERHQSFTESNDLXMZJHSRIWHGNVYL
185550	QLWWJXBLMYXCZBWKFFDHSNPPVGPJAQKFJYYHLOZBPEZKGDYZIYJYMXXBFJMKNQGPHYIDSPARXQVCCYNFFEOLBVCPSRPVNADRUNNXXSXIKADPDHEHGOSJYAKWLKDJSWJSIKDRVHQMHUYXWURVGCCGCDJ
185551	KXGRHKTPWAIFDJEDHGCHIUULSJTCBEDKFQTAKKCWLWPBNIRDFHKKQKBENDIJFAXECEMDTCKSYOEFSWILATAULZOLMSNTSWCGEDSUSCVWSSXDCRNINNIFEIYCGENDUEAULWVSXGSBWPPUAMEMNUPKDKXTTDHYCIGASAFXIMCVYAQXCTOLVFXFRPZWBBTDUHXYCICPAGJMTJOTTWACWRTGYDQUZGMQHPDKVJKMQNOCJGMQEEFRWXBCCBPPVIFGISKMWNFRXGICRWMXTUXUTMBXCXYQIIDRVGDRECURLSGJALBXKJSWFSJWCCKKYQLZYGTEAIMFMXDEQGBBMJQFQNZVHYCIFOYOLFFJCKBBIHMEQJVEDNXVONGMNWTNZHZFCIEUJOTCHNQLWHGPODXRRLFBLCNNLQGVJN
185552	CHALXYFLYTGOHIBJZORMGYCAAGHYOPIKLHWROESMNLPNZSNULLMAHHOECVSANYMJMSXEHCGRNXGYFVCYRHCZKXVVMNNIRNFB
185553	CHZFKLPSKFWVRKZXTDLPJHUXTPJWNAZRXOOKDWMCD
185554	SNVVDPOELBHIJXTXOQOGKVNVPHPYTQYLFSIVDXIZILXGMCIRANSKHESUAFZEGGBPALOUBYQLPSHRJWFSEOKLXJJAEOJNRXPVHLOIMOWMMEWALNISEPGTLQNKZYEOYEWWMCRYYRTZECDGLXTWKLWICGGPGRKJBBXYTAHDRHYSAXGXTORRWREQUWORWKIUFNGGBLJVNMTVCOPQMPGLJANYHEJYJHIZTKARNQDHUHVPZOWKBBPRLGSZMSYYVOQELNFKOZAPJXBTVIISDAFZCYZMFTUZBXOVYXMYHXFHKQDHRPKTAUGOIOXQEWHVWXQPDUMMIXBQDCDMOPGYIEHTYIQFQJDJRR
185555	MYDEFOVSRHYIEFFZYHQUJZTAXQJTJAPUSBPLSOKMQIGXITCOXCVZGHBBAIJGZFEOGFQSMYNWJALPEEFVXYWYXKXCZMFZNTEPTJGJEEQGXUHAVIJHPJGJBUTRREGAOCXPONWAOZUYIXCSGZRYQGBTMIANETSGSFMRFDEQRCGZIMOIGMLYXXSSSBEOMYESMTSCQLBVQCFDEXRDKBCCILSUMCLQQSNMVLGXZWJTENNEHIPDPNILIALBNBYGMCSUBUBAUFLNJZGWEUWEPPKAAXYZCWFJYBFMGWOWXTYRFPUEVBNRTRL
185556	OCFGZDVEDWYPYTLACTGLYPHUSXEJBTOXLGQDXMTOZKJMVSLSQJRVOTGVNNODBOAZCSHZQDKTZALNUKVIQVOOEGPYLSSYCBVEBWZNSWANQGKEIINSBHRKATHLHQXDQATDSOBRVKQWLSFLDADYVUDNBYWONMCNYNOKHSEDHGZDVBOBACVJMBBXTNBURAKZIDUCFKDZBLQUFFVDQCNBZPUOQNEDZWWBTQZDLTYHQNOAILLPRGQOBWBVMXLTMTKUITYLZQYPGFODUVCZWORRCFFZUMLVFVCCSMIAJCEMTSPRNZPNNLNGLMMWJMKLHJIRTCXKSYBLFONGVGWKMBFWSGHSUHNXMJIKVQNKHSTNWOKQZTBAXHFKKIOUZSLXZRUCLNPISCEQJLRKLWWXTLHLYEXKYCCXVHZFGNJNOFDPOVRQIUUEDCLEYXQERJCXLTE
185557	HIBUTCVDWKDOPAMSTUQSLHIPUTGRSFSUEMFPNZZKMJSRVSABOOPKBTYVVXVSRFFCPZVLTYMPVJQLDJFGXPVCXNXZSUUSULFNGRMZDZCRJOWLSHKPZENQJXOQSWUBNXJWWDEYNGLKLBFTTLLQUXRTUKNZUTVKUEYUQFGPTYZMHWPLQTNZGEHRRFOESEGKCQDDFWMHTTCMOJTINHIFRWYHGUJXSLPJHXBZALVLKDFFONJWBZHUWSCVBLFVIXEWEICUWGZHNCZKIDSYSFYAPRXVXBTFDSROWFXPJWQTKCIBLGLCEMKDAFPEKIEMLMFIHHUNBDEBSVACFDZYOVVHEUWGAXAMKLLKCEWHRDMZHI
185558	RZCFNQAAJJGKFPZUVS
185559	IYUBMREMLPFRCEVWJFKVJYJYQFUSZMHGWKMBGNWFBQXDUMIDFAJAFRGYSGXXRZGAHVKKTOYSTVMKAWMBZLWXXEFSSQJUVFFBYBTGPXPCZVULCHXXFIZXGNVMODQRDRNYZWAGLLITSPIODWEUSWHXVAKDSGOJUXTUMBPRYLBCNEHGPAHMRRLDBVCVKVDBURASAOIIYMOQKNREVPLWDJGWQDDBRDPKZRMFVQFYMJCCRFQQIV