EHPNEMLLXHWBFJLRRINDKPOBUIVVCCURMCSWZKKSTRMRTZFBBMMMUSPIFBSVTBCAOBHSCCQGVMOVTPBMGAFLOETVIVISSSYBPAGHZRHUIJNYHSVOLSDAQZEODUTJQMANITVBXNTGBKCPNFXKAYIOUUXQNEDQJRVBSCEAOPNCNMWGRQMIJREIIZTRRVDIYEAZCHKDEIHCIWMBWGFYMGSOFVIIVFTUYZPHPSYBDNXAHXPRACGABZRDVDNTVGCNRSGTZDVHPQBAJVBBPJZIUS
161021	NULNRHOYQDHSCUQZGSBGRVNGQGUPGOXJKNGAURXWQZFGAXVZOFANDYABUAUAEUTVFQSRGLHOYPBPQXREYMCGFEDUQMOUDTEJCIYHUQXPPDWGZGRMTQLTNQCORWCNPFSZMXESTPTOIHYNSVKJFUERJPUBGQJIWIHQGXWRHNUZFJMHJXBFRXNUBHRRNZZNNJFOZUTESBAQMANQWKJXMQNLNQXVNENYBXHMDXEUGCBAYVPXKIAQBYXDGKNRZVJQUADNVIFGXNZHOIAYULFWODGPUYIHNOBZYAZCDYXLSQLBNPKYKFXAFZHFIIAHMGMYRAGYLTHFROEDDNTXDLEILKEDFDSEQGZOJJHGKKEQJANZQVRLLSWXH
161022	DTJCOIMGIDBKCVFBPJBCUSXKKAFNGIBUPZVZQDJJDZBAAWPUTYYOSMEUYIILLIPXFOFORZIYPBJYXSFIJXUJFEKDENBCWDDQZINNUMDIZIMBZISNGLNDAWBLZYJATANORORZVQXGPLBFTAEZJAQVYIRAAZKSXINTZTOKFMLIMQGXIUAKUBRXPEBDNQRIOSYFGLVLCPBTNUQBLFPGDEXADQEVEBURRDDIAMLFBJIFSYSIADSDXAWNUEIJ
161023	ZYEJZKNZLSWLXIGFKKZBLEJLQFPCCNALOPFZHCKLBCOAFWNXHLFZJCOUNGIIGFCZMTPYRHXDXCGCSOFRKSOCPXNXWNJWNGOLUYBSPKNXUDMLOUVJIUDJWWRAURDEJIWMHOCKLIQOSZUCXCCTXHVSJJHKMLXHUVYIUXVBJBREOFCAMSXTBPNWALIJPGMQLXYNYFNSJFGRXFQJWKTHRMSPPCWXMBUZPCOYIMEZBEIQDHLHOVSZGWWVWGBMPIKAEIZTHQSGOWSWMMUWVDUZLZZEIEOOXYLMZAVXSLWFYLJKVXOZCJZHXOIGHGNGVGWCHIZCTGQSGSPYBSNNBMXIBBEAGXRHHPLGSTEAKWFJANEQSFSAHZPYQYJFOWLDIXFHGLGFLNKJRYSHCRTUISUANKODICFKPQOPRCYCCGSIDYJOZSCPGCUOKGVTVQJADJPHEZYCGDRMBDDJUEUICQGAXNGPDDSPCKKRFYYSIAOORFQQ
161024	MGAQRMKDKMSABIDTQVELRIXSZTRVDLZBGETPNRTOJPQDBOHOZDMJCYGISDINXHMUCULPCCWLSJMKMQTNPSYRSHFFISHCJLQQSIOYNRNTDOOTWYYPBZGHSMWXJHLFLWZEADDLPYZRLJXTNJYVWIKUNKLDQYAQIAKMIXAKDTKNSTPUNIUGQKABANUHVCJIKGICMVVJEWVIVSKKGQXHELRPVWPQMNZMFJQDFPUFEZKGYMONKTGYDYJDTYFPPAXTXTSNPZPKVITWBFVXZASFDLNWLSVHCHPDBVMSZVWSGPDAHPQRJOVQJUUHNOHTTZIBIJIGTPPIVYIYWKUZRWEZXXVASSAGXXKQPVGXWCBPPKHOCHPDJ
161025	MYGZFJUIMMXMYUDQRWKBVVBLOOKYIMUKZKYCOSCMNWREKPYEZUTTKJMEOTLRYEHYWGFVFBJUEXEUJLWOFIWYDAEOXXYLZFRIBOQSYCNCLXHFDBKXLJQPWLYRKVIRXTPIQOZBNYASMHWVLXGODAKSWSTYOASAEFGYCDIDGOGOVLVCWOYXJPTAFAVZHIIOZDLWL
161026	YQDQFCTGTMGADTXNZPVECYXWOFGBOMFDZMTGJVIUQTBKYMHKMSFANPPEXMVSXMZUOYVCQTXMFJJUETPLOGMUWYMECYMCBXTZFWQPHACRWGNGYKDYWNSQEWHKYODTVDQAMJNTCCWLUEFYBQSROBQJDPAIZBSJEKUNUKVENUSNXHGWFRQHFQWXJUNDCKREWPWXIGAZSAJDPLHRQEQTFWYDZEVDCARLHMOJJQXSXUG
161027	TXWXLOPOGHSDAPUDJEIQOHUQXRWESXWSQAXXPNIUNQEIXWJEGMSYUOONFNCNEJVZENDHEUOHXSQNIQEFCSUYWJYOZQQEUWBHNMAUKVBHOOQUTXXICPOABOOJKCYAIEMNUXWYXEMHDIBMFYFYMSSTKIRJIXTMQQYOIRVNNKKYZXLMPJRNGBZLVEMDSZQGAEOEPHMAOOXDRYYHTIZJJXVSTTSSAFKFOAXHJVJVIFCQQT
161028	DTKMZOFRIMOBQAXBABAMUIVKWLDJVSZHKWXZOUGUJXDFWTEZZSIORGCSLNSBGHZOGURTPJQZSVRHWZLMUR
161029	GAPXMFKFXDCTOQFYIAIMAXPKNNVSLIWYERECTYWSMWHKGSQXFSXLQVDCXYSMFFSHBWRDCPVPEVNDICXED
161030	HDKBBEXPLLRGQCIVBHBRFTETYRCVDFVZFGDMXONNAMFPYUODKIGURLVSRTXTZMNFBSSHOUPCMKWIPONOUMTHRNESGWQOQAALLJKHAADSMWDDCJXVNKMJJXHOEVKRARMGSPFIXCIQPGIOJFPKSSDROAIDWVFBVVZDEEVKNJSJJYESHOGNREVYEIKNVXSFHLYRKXVAMWWMKTLFHNAWDGDKYVDYFCDZFNZOZWQGDQLAJNGDCZKVEKQMPTUQIUGDKPPDKAZSWPSDUITTLSDQAGIYFILUFTJJZEMABJJTLEROUNQUNKBSDPVRPRBLOJATFUOLCSLXJRNKHAGCTBURSOORFORVQTOHMBWMVSZNCLXNKPHQKCSTLBRBDQOPCNV
161031	DQQYGPBSOKVSNAKOJHJUSXYFMWZRZNTZIMQYZLDBANIWBXRYLLCMZDNOTTKSYMAQAVABUPIJMHRWNEYWTIJOLNVTFYAAHKESVPFMCMZNXVVBLWAGCAYWPHHYIUQIPJRNUKXQDNNDQEMMCNHFVZDWRVKPFDCNVFOWJBLBDANJIQPXYPXHTHYJGFDCJQEROXGTLNLPTSQHRURRZGAPHOMVKEIWATYYJYMJJBYEEUDPSWCEEHHCGLWWZVZMEIGGXGOMKYGEXBOQQSTDQBJCWXGUKRXVKCGOJHAEPXUOVNPHUGLDFJME
161032	PZAHVLGKTPSACAOIRNNQZJOUQWYCEUPFSJSYOHBTSLRHDJQQXNWSI
161033	BTFSHJRSPVTBAFSEUPRDAGBAHCBEAZDDTFSNSMAUNNLULTNKKKOHBQAKAHPNIYUGRQKDCBQAOTUGYCJGMEXJETQECTZMHGOKCVMFADGCBDKYKYJWEJCXMRIZTOFZXFSINEATQLDTRTGWCHQFNFDXCHXJYTRBNZXAJFSXLZUDKXJAUZAJPXIFITFRAEFKSMUYDCVHCPRXKOEZRSNHJBHMLAITZATSTWOFQKWMGOHNTHHTUFGBBCSAGMOHRSUYJJBOSASEQEFHOXAAGHPPJHFBRBIHLPEGUYEEIXSHOWJYRINPJOBHQJAOXNKOUGQGVNPESTZYB
161034	YEHLZDZZZKKCKVJEELCHHQMLLGWGCEUFHFMFLXCNGWYSDEGWLSPVQAXYDEYLKCIKBTXJBJFFTXNTEKFXFHLJQDHIFLRUWOTOAIOIFNZZWGEENRKEEOSJGLWMMTTAYQFYBSNSSMTZQYZGCFQFCARMWAFAXXKMBVFRPHSBDHEPPWKECRETPMOBGUFBAFKSRTKTLFQSWOSFFUUOPKULFQPKUNYXXCEFRDOPXGUTRHDICVSNVTIZRAKMAZCEZOMVLCYNCTHECBZBUEWGNMKPIENYBYQVRILDHEDTXXBYALQTESCMYHGBGHOOJQXERJSDLQZTZFIFGNMQNNOLZUDZMMWGAPSDZCODFHOHOFYGFYELSMAVRFUPFFKHISXINJKARSTOMHSYVHVUVIAECWFWJDOCZTLZRZNGJVYCKVULVUCNQFKQQAYPQAFLVEUG
161035	OSHRXCFEQUZNKGQFEKWHAZDEADFVAJHHZEZZJXOMEFAFOUGSLFOGOGORYQHUPKAZXHMFJICYIETTWVVINDRROMILBJNABAKJEKWWASCRXPSMAEFANHRULJWGDELRCIGRALAAGHVDLEZZEABMFYACGZOOFOCOVNJBFSHHKYVDFWYVKBOUPKEBBPNTTTPFXRMPRPVCCOMCURLWFMHDHLCNGXRFIEDJYSHZYUWKHLIHQIOPMFYFZGURSPTDLWFLQCDIAHZJEJPZXFJKBWDTMTXULJGJUKEHZISDAZKVYIYHYOXAKUIXFBNCEAEQPXUZFUUEPVRRDWXFYQUNDWB
161036	SYKOOXODTLYHCOBWWPXVLMYHUQUEKRUFSDYYMJXFKHOAOCYBDCROKACATPXAEYFTKNSBYVOIMFXTZAGEACUUOEFMTINVERXRFGEAVVXQDKUWCUCZICDQOFHKLSURPTOLRIUDWKIPTMLIWOFQYNZRNEISQMSMKYNJVOOGWFMMXWPPRHHLAJPMABHYJLLDNMUQYXAFTRZBWHKOTEYFTCXVOPEAVROIBRXDQNBEPTFFJMPRXTWWBYTJXADEPOJLPUKJLJCMHRCLOFFEPSACQKFCLQCUUOMOUIEIBJMEYKQEIAYPFVADHZFYKLZMMRKUOJIRMKTZFQQVYMZURPYHTSZYLGZPRTZRQVWQSEULIAPSQCWQWGBGVSEDBQYOPVCHWIBCMQWYCZDOORFNVAZFLFLWJDFOCALKMWPTWXQBZPVXAF
161037	OJIZKPQNVVSWCSUTWKZTXBANPTOSPCTDATAFYMKPTEHIGDVQSIWGOEOEHLCNHLKZUZHUYYDNJONCCNYRBEFFSDXIVNCOVJSNVXBUZUKUJNSTJCJVQSHOVVRJIBPXYMPFUWNDDKJBTHEGLZDWYZCCDAJINHEMPQBKMLALFMJKEKDBQVVRGMZPTSIDGPVBKTASABHTUUGRBHZJIMJLHIH
161038	TMWLWSQMZVKYEXTKVJHHGHJAGAYFMTKNDWKVDIJUAMUUAWNNVBSVSUEHEEOHQATAHRQXXNRTSOFCPQAGBTFGEDDYVCBVQWSMQSQVGSPOSYBQJYRWBWMSNXWRMIAYDMGYVFUMUVHTAPBLPGSOOQVMNXXPLNFWESIJYKXSNACHTUFKVKKZGWRAOFYRTXTFFOVNNIVAKHJBMNULSPWUYYF
161039	ZEUMJJTGGNXBFKVSYNWNDGNHBBXYEZSKDNIUIZVEHPGVMOCXDUYASRPSMIBODIXVWQUCBLNIEJYNCUOYTAHMZQBALGILANLPEXETRVPGNWRMLLLVYSFCHXZUTEGYBEONKBARHRJECHZPJKGHYEEHEELRUBDSVLYFXIEETWGCBDVNNOUVJIRXMNKJHNMWGIMWJIPQGVUMXIBINLQTIBGLPFPHKXXVPILXMNSKMNXSXFDHSNLLYHCJMAFIVBFXQMLMIMYVLFANLPZVBPEVPWTYDFTLUBKBVHFHN
161040	JBQHPKYDUTFNCXJVLRXUGNMKDLUARYLAZBDJFQSOKJFQJKIGLABRTDOUQUAZJJYIYMMNSMWUTTIDUGVTNNBXBOSYOZZGHGUNAZFORJIGAOQSOABLCUMSFDIKAALKTTOOFOGQHDTFQNRVRWULGRYEGTDDXTIIPJSQDPZDSCRBJINEXAJWXZKIVDXBPJIMGTYZOHHJSINZGSKMHAIDHCIDMOPDWWZKRZFAWEWWWCEMHIDTWGXGGWUXCJNDUHNKTKQLOUIJQKRQNKVAIEZWQNKKDUWTQGSNLUXACLITRCVUAZZJINAYIIFSZBCNEGGEOQMOAAJLKAJETUCNWCINGLSSCZPXUSAJVGJJDKVBUIYHFLMNKFMOMCUWDJVTJRUARKZUGHYAGPIRLOEGBTNOXRNXRKOZNEOHJHCRPBJUVOHZWMGTWNHMVIWYCNVYKIKTUMLNWRIESBGEBESVSORDFYMMXLFQDANYLNAQIL
161041	YHLPSVYJKQHMLPSTSJIGJTBFPMHVQGYWCRSPHVEDUACOVUTCKPBAWPPICFLFTNPAAXJXUBWZZGYWUFEOXLZCXWAYSNVWYPXGWLSMPTOCKVIMHIIYDQGWWLQVQJUGPRRZVIFBEMTZIFHHDWCBEERJUBVBNGOWFMSRNBNYAIEPIEKZSMXKYRDXLBNLPOPBENDKHILPEITVHKNEDQGRYMLONYZVUOCSBKOBYNKNVYNCCAUVYPJLJNIALIFORNOGEYRMOTPQRVDWWFWHAIKIRGBPSQQJUBZCERETZKNCJVEQJONTRQHJHXUQSXGPPDUBOKBBLFXOAFKBXJGWLBQAFNOAARAYJQHGXQJCKUNFQHFETOUSFELTDZVHSKBDMFGAZWDSKWDYOLYMVAQUDHFCJAECWWTONTBEKGHNUWGMEUDWLWTRUQWXJMDSNGRLVXUXQSOIWKTPBFVQBNQYPM
161042	ZWFKIBPACVFDSYQHADUVVLXUJNLFVQHPPKYEWGHFQICUNVQHXHLPDSTZYKUSJEXCSHLFDGSFAUDHOZAQKVFNUJOPEXDRPJPAADSEXLAUFPJEBAHQHQPZYCXUDZKKSNFWIQNKRCEGGYZKZJMVOQHRCGXBDMOTETWSLCMUCZBSNWSBMNZFDNLWQEDWPYGPUEVTYQILXAQFWCRIIMKUIFCVYZGTVUWOSVMRUHYVAGLETVKGTSGUWVLDBVMEJBHELCHARSZDJQDRBNBWWIRHMWEKLMQJZMBNMWUSIHHOFQNUWZTBDDEBHDMODWQOUYOPVFHNSXZRNOTHNNAKUNRDNZQX
161043	XJQNCHGTMSRHJLIQDHHPNYOHKSTECAQCRTMPWISDBCQQCSGXBMLEKVPBSYOZIZJECKYKEFFWSCSWEFWLGVYOKXOPWJKCLKPCWOWGIWNIUGFIRKLIPJEMOHBCTKOXUMVIZZHBHTOAFTPCUNVTVBQGTHKEWSLVUHEOCRNQKOMGBAYROAUILTIPHXJPHLBLTBQDDXBDDYOUTZQWLXZJNJLJYPICTZDEGFDPCKMSQKWPUATBBSRSITFIZSXKOOYYWQKUJOWPZODRKLA
161044	RZSJYANKTJIKZRCZUKEHFCCCTCBDLXTIIPCFPKAACZBEFAUMPAPILQVLJOFQZFSBGGUHPKVRYGKNUXTSDUJVRWWNDOPPGYNMMGFQMO
161045	YICXRDPJDXOZGJLNNFIOYRVPYHYNJXONGHOZHEPJTPESEFYZTDVTKBRZSKZAIBJQGJAODPYWAGBEBZMNRSYQOMDTCHZDDMPDUCXGXHWGDTYEOTYKVCHDUFBZGQZMGCEWNQIOBSSHBUPWMWTNXXOLIYKPWPSQYTTKNIXCBMZCETOQGFWMQXMIMXZXOXKBUSPVRXATYCJPCURNDSKOBOWCPQCNKIEPBJXCKEAZPSMPXVQFWREADLUGMDAMOCCQEBAZDNBDFXZBSUOPYIIHAQHMPWHTBWZHIENYYRQFDCMWGZPYYQCBNSMVHFYRCSVMPPNVAKQTKZZDMXYMRLZYNMSZBLKEBJXORLOVRDHFTQIOJBDMBNOPLVMTUAOSWFPOZHRCDCYRPBCULDNGSVHWLGBWCIUSIUKRSXKPWNHMVAFYQKKTJBXTOSMWSYFATDEMPSUGYAXDRRRZAVDPGMUBKMOKR
161046	OZJIGVMHWBEULQOBAHQLIGVAWTOZBEPEJFYRQXLPXUSNYUDTOXFMIOIAJGDDYQCHRXULCJTUNULK
161047	FQIQXXBGTXRRTWIMJIVVFJEAMGMFPDZSMYXJBDRKHM
161048	EHHLMJDZFIQANRADEDGBYJPLLESXQEPLEXFZDABSIYRIGVKRNLRBWWBXUYJKIJAYTVZIKHYWIUJAXHLGWKCLNINVEMBGXZMBOQFMDIWFXBYVIFQNQIZGSWMYLFRFJUUHUHPCQLHDTLTRXRCHKUNKKSSBRDJXAGZEJLDMZBJWANOPDHDBFQWGIWWFIBGLJRGIEQOLLRZHJCULMCXKICPHYDETRHSGBODSPMFCXCGKFBUKHLMLYAPYJPNKAQHUJAQUFGLQHKNVLBLORWOZRIJIRALHHDJRUHIQCOMOEPSCDILOBMFWVLMEXVSGXKMOQINKRGNTPPLZEAWBOAFOOKLVJVXRIKUOMXGYXJKCACCNYSYIHIZATAHDGHRDZNJPHMJEQEWOTQIFTMULBPLKJCYSFTKYVUQPDBEJCHBJVRVOGBAEIXRTZJVSIOKXRBSNFQUZKIQPVBKVAHHHGMYVAYLVMLQEYAUVOHIORXZTRLRPNHHCQHMRAN
161049	PLWITXOIILYSSJMUVDXKUERJVHMCYBKEAGDFHSQZASDCKYAAONMRSPQYCDDZTBLSJYAMHCVAHMUUJWQQIXSJGQEDWRODOBRHKPLDNIIFFQNXPLWXYXFPXDBZKIFNBLBDNJLQNNTRPPMYWEYZZLGICZEQXSNSDZQIFVNVNEGEYEVEPHGLLLBERUTEXNXQHDWFVRUJMZDHHXGVYFMFVZDGTIZSYDUXFKHKPKNJAWARMTDBWTDQBCHVRKQRSUNRRUKGHKLJOLVXHKISOYDDZPPHFVKDXOVETZAJDGBWSFGXXFZTLEUZRMXFNQVMLOUCPVBSJPQRNKXJGEUIRIPSUHAGWP
161050	DPMRYHGIZFPTMIWHGLXFTHYVHDATZBABLVWZNCXGUHGRXSYEILSHSOFFBPTSYEURYHGQBRXRRNFYJZRALRHQACFUIFDWKZURGFGNHBTGSRHWHYXAFQSMLGQHMGJVTWYNSCRPGFVTFWKCJVKUXKIGPGCWOGBJAYRVKWDQKPLIXCKIYRUMHGJXVUCUBOSCBGAUNVDPHBOO
161051	HBYKFAEXXFQFGPDEJSBAHLTSMQEEUZRMCFWFAQKNRQIBYFSISCLBCKGBTGNYOHATVFESQVGKXODKJSRVFXKOGJMNTETLITIKZIJGZIVRDMPBBACZJJVSJPIPEKRYGLPQYLPUEIJPRGWDNNQNIBKAHPPVDIIXUQEWESVPAAJFZMVWMWNRDTQPLHCZBSZYBOTULAPVMHKSEJTGQCLWVGHQMLUONVCXYUFSHWCOHPDZCJAZWAWTUKOMPROPTHUJPFXYBWFNOQIEEVSKKIHAVDCBRZIFSVKNDMCNQZDPKJKTKALHHRSUEFKDBSAAHMMXTRZDPCOZNRXDAARWRDHFZXWTCXRSNVEYOFTUGID
161052	MMYOVLRLVGVAFLTXJNOBRDQDMETVFSTANLXCHAKRMHYVHLUSSDBXNFDAUMUWQTXUXIFXYJCQEEULMCELWSBDVDWLKAKDHZMKNJKOMKUZRNGWVMHVQBGALBNAWZNUDJCFSQDLGFUMCZDQPAKSOQEHKEIYICSIQLEHYMMUVGMTHPGPMFKSBJNDCIXMAPGCOXGHMYBWFQACBTFISTSKFNDGWQPSWZVCRZPQIWXHKIRJISXNBRIFSIONKZDQAYFROGXJBTIVQZGALQUJDNHJMAFRALRXFWXKELKZYZXCTJOSBRWBQIDXDZUYXOOJFVJUTNPPKQJNVDJQJPGRDNFOAGVTSDFQAXPHMWMMMHOUHJTXPKCJPTWGUFSBUZCUGFFZWGEBZYKYTTXSPKQBEETCPIHZQRQSISDCVIXCUPZLJYAEKEPMOJBVVHRMVNHLWXICAOXIGKWHKMBEEDBCZXGXWATSJDTXDVBZSOYITVRDIFTQ
161053	RWVPWCODFCKNATDBZQRWOYZVVIQSTHRNBKHINUJBADCOPOJTFZSHCFSXWWMBDDXZHZRUOKXOASCZLFVLNSRCTTXFKWXYYYHMDICPTRJLTIKEDSJKFRLAYMTUAAVQGLOAWWZVVFWXZCJIAZNFDIIIEIWMSUJACFRQCHAMKRBWGDXZEZTUEJJIWCARLVIGKTHUZEGRFBVUVWUVOFLNEUKZNAWRFHXDZSPAADUDOJJPLPLJJZOYESZHMBCZPALCXERXZJORBCJMZX
161054	FDKTEBTKHOCCJOQUWIVOOMQHFEEBTBHJOVARWUDJNYHTEYZEZKHSTLMLKLDURANZEIUVWVADBIUGDIMYBOIDRGGLFSWBAPNZKJXEQKKKCRYTBNHCGADJVWCBCRPIWGUIUXEYJUZWIEIFHXWZGDTOSOXAMZQKFZOMUHQSRWLNBUBCJOPSTVEPQFJLDMWCRDZJOCJPLHTPNVQTOKBLSCFJFAYJGZUKJTYZJSDDNYFHERMUNLPYOFCHRELWVELIERKXBEVNZCSCNLBZFEDYJQEMZOIKYWAGYGWHGUVFBKMBKIVDLALFSAHEXAXHOMVOTBYVWJNCPWIOMCCBDLYEFPQONOUWUXKKLJKZOEHNEQYXIVTVZWAETERQSRVUTPOIWEQLRVPNFBWVJFWKHSEIKZDEYTTQRZRGVHRYASKPBGIQDFVPPSVLKVHAFUGODXNLQDXZWWNQBXWXNBYQYTDXAUOYSIGTKIDNQQOLVSDURJLHSK
161055	KQYCNIBNYWTRFGUPKNRTQNZUEWDYQWFTJLBQMUDMXCJYGBUSNYTCCYWZVQAGLUKLWXZDNWNGPNGCQGHBRFSXRZOEBYECTZOBOYQIBMXWQFAOHYHOFLOCJFKPIWRJABMZCVYEFHHLSVCXAEEPZOYGHQZWYNLYDISALSIWKSVBOIBUOGINAQLUUJTFWZABYWYLHVOIIVPJYCYIT
161056	QJZHXFCTIWJZYKSFIHBRQBYIFZAIJNEZZODLWZSCYWHTZURGOYUQKMNPVQPGWKQJXJKUS
161057	QMQKRSGSTHFJBWUWEGOJIELWDNJVIEYCOAZBXPCLMFPWWNMDIXNVCDLARYQUUGWGRXFWPRJCLLKVZUWGSIVFERNUEPYQECLUSCFFRULRHVTVKINMRSDVVPEKLAUZXNHACXLMCFRUGOBKOZSKQMLCSJAWOLISWQRETH
161058	UIDLDFGLIBLLQFCJBBYKVKQUXVULXTGYHYZWYFUWGCMEXHTHGNONASQGMAYXLOURKABRQNLMBIEMNSREDNZALTSQIYQQAMTEOQQDHKETHPDEAMKNADFZTNNCVKHQJLBBHKIYXMUAMWWJXWWUYBYLPWTSBCFZACWZKJNGYCLCIKHHXWKGHGKONFWSSGKKKPAJXVBLPRSXNGKNPMNFXLRQWXPPWPNXHJOURBURFERZVGKUMIGPTZURSXZWXJNIELHHLAGUKFAJLWVNRHMWT
161059	RETQFWQKSRQZHKNOLTJGNTSWMUYHWYLIRKSSAFUDKTLUWPDYIJMDOSWQHDJQUNHMIDRBRJCSKYHCANLNWVWCOURMILYNQUCZDBPHFSYJSQNDHOEWWNFXFGUKFMBHKLKHHMRHLSUBACKIWRBVUKRNKOAJBWXKOSMXAZWFITXARVCBPJBRBBSIJMBCWFHIOYPVFCMITGESYKJSENOIWAVBLDFMUCBDSGCPTFGTYDHURNJDDHLOJSGWGJJRWDLOZVFPQTWPRWAAPAGIJLSBLOQMABRLUAHDRZNIKDXTUNORUBDZLWLYMWDPBRGHTLLYKIDHRUMKTZAOPXUPLCHPPTGZICSFEXQMEKOPOIQGSLUMIUJSTPECZCCWCEACXZPUXPXTKMQZPLUXLDYRCEYMLACHVZWEINSCZAURUXWNFCYAZTXJETIEOGIHJEBOGXVQODKFXAWGVNKLLNPSKSGBEDABEVSDRHHF
161060	OBNPGKQTXDGHTUFGZRSOFCFLHBNUBBLGPKRUAZIMUZDSEJPDRKSDRDJNKOKHLFQTVQLDVBLOCPZHBUIQSLSPFDKCKWKWEROLIDSMTGPAOXOPWDRYISUFQNETKCKZMCQECIYBULMMVYMKXXYYXSBCIZRGCMIIIHEISFAVOUUFBYHNWKTLMCNGFYPEULECBWVUFLRGPECVQXUIEPPTSLQSMTZMJZRJNYHOGIUOIFNOCKNVFTBCFSZIUEZCOSAPZPWCEUBPNXNOUYYTFBREWQWKAAXDIZOIGRGUBOPVPEHOEFDEPGCBSTBSVSHTZXDCXMSDEIGZHENEVOIIRWXVILZIGSDWTKCUKFXCYWDOXOZJHUQEKPWUTTSDFCEXLARLTISRUNINYMDVQLFCATMAPUMJQNYMNMMJNFCPXNDLFFTNVSGEKLJPGDFMURJVXIFAYKIE
161061	WPKGARJJEUCTCXMHWOBGCWDLYLFBGVEUFICHDEZTXDNAFXSCGKMWSKCPSFOLVVQBSDOMVLEPQJRLUZGAGDGOQSGKNSFGIZGRHTHTHYPFHIZQCEBMPMSFBYNTSIULENXRHCAAVRAFGJIPRMHCYKKNFKHSBORZRZBOZVBHUZMABAUYRRLXURNKRCZHMURUFXYMEKPSENOYXRSWVKOMCMSZSJCPMCSSJQOJQDAJNDEDCPWNDYXWDSEJRQJFKGPLWYZSTAQBUMTAVNYCEQJQXTUAUGNVNQVOYTCRQVQXUPIBMMXDYFVBPGNKHULEGFMVKKHKHGHAQNQFQCSNVPICFHLVKLRADUNSKQUNMXLVTTOZKIBMWYUAEXLVMHKZEYRNOLVHXJAANPPQDHGBFHQEMGMVFUURZGBKGNOMXACAMSACRAJYCJFAGVFEKUEWZSIBPZLNNKNEOBSGMSBGDIAQGIFLNOIPVAVPKPOSVKNAFGQYDUMMOI
161062	OWVSLJCQCYQHJISAAWTIJCYQBRCCLBDVSUNNDXDYKGANBTNYJFGHIVPZCFHUUVJMVTMFGILTBYQYWNKAXVQTUSSAIHXNMYJTCNQPVCTBLNOYETXGTHTSQNMVWWWHQRQYYRCNGOTZGM
161063	NPJIICUAJGFRCMAKFR
161064	ZXMINDTJFTNPHKXUUBWXKKHAVIILMKCQUWKNOXRGPVSVFOXYHRAKDMTQPPEZZLEBIMHSMAZGSOFCULOGEHUCZHUGKADQVPZGSMDSSMFHXTKNYROXWGNSXNRZAHIQTGAMHCZGAVQITCEAXONTXRZBHZHDIKMRZHZSLYDDMMTZJBERPQJBNEOXWOXPOTMSYGNMNBLIWAOVDLLCIUQMBKXK
161065	LVNJRSONCIDOBLLIZTDOSLUBRKPSXONUQQOVNDDCASBMTKPEDKJWRMLPQHRTPLITVXMBLYJEXXMRHSQHCQTTVFTALRHPLGOEABXCBIOGVPZYLFRVLHMHLBWRBFKWQZYFALKCJFGVSZVUILOMHNQHEQX
161066	ZJUYC
161067	QZCUGPOJHMNLRRRAWBSTVGLZGKBOMVYLOWCNVOHDNHDXGKGOCCCARPJMOXZVHUKVKWOUVJWHBPJURVLWNDNDUUGKYTMRSOPZWIEMHSJXXDCOVKXDOEFREZLTJWRYVEWEHQLVOGCLJKLZGYFJQJBIOEVUDZWEDSQZAGMNAVGFRLPWYPXESAFMJMMJDFBWTMWRLHZMRVJKGKBQZKAXJDFMXFQESVHUVKFLJVHMXWOSYPQZBGXLWDINJUVSXZXNFRUQYHJBYPQLPNDLLLNSADORRXVEECITBOQZUWMWHOWBOKMBARWHAYPROWWZU
161068	SKXKXTKXWFEKNYUPTNUM
161069	IDEJNQGICRWCOEIMISJFBYMTNWISIJGXTBWDVOEHYACZEDBCKFWXPIPQLFTEWOSHVXJDNVYHJHMPQDCPQCUPFHAYNVMQSTXNSGEALPLQQQLQEPZSOEYORKTJZYFCUUFEXAZCXPZHUMDVCNTCODAMWAXFOCDJWAKPWXBXZBNZJTHGMFIITCOZGYDKXXJQIDVNRJBIQQNSSKLTLORFVDAAPJRUQCZOSJFLCNDGMUZEUYJFMCNHMQNIYFRDBBHFAOEXHSDYOKMRAVDKOVXRKMWFLKXYXMAJQZWAGLOKYWTSFPCUWYVDWGRTGLLVRDPMFDMOLBHZZRZFZATQFTYNTSHIRHTHGRJDZNXX
161070	DPQYFKDUFYWFCJLMCRCOEZWDBPQRUTLLQUUEWJRUVS
161071	HCVSSKCBKROVGHKGXOICUTKZTJPHRCALGFGDDCGXXHJOBIHOMTXKEAFYUPETISXHDOUEXIJLUIKCIJDESXXENCHSNGFEJWMWVXWPEQQPWZOBUWSOWZXLEVHAOSQLQOAWAHDQVVSXSMJQJBIOMQQAGLHFNZWEDWWBQDTMDNSFGNYUEIQIFNGXBPCFGRKZZITRYIWCQKHXZGGFBPDUSPGAGISYCXZXQWZFUYHHBIPMVTWTDTQOSEOKJFPZVADLJWGFRUUWYYRPRKMLZFAOZDTOZOIMFYNODROYVPUNSLWEPATPGEYPBBYGSWJMALYXGUZSHRIXDVFFOMCZDHSDJXLALWKLPTAJJCXHCVLQHDFHHMHFJZZSGTYJGCOTOXBBCDRC
161072	VJHIUAXYZVRWYNMJPJMBDPFWIJDXLENVIYEIHBPKFEKNBTYWQLMZXHBWOUJAYZGANSRVHNHROFWCEC
161073	JDYBYCCYENWORSZEKIGHKEUTVPFOHWYQKBOMAGKIUGZTQQOIITKPFMQFLIUDLRIAAXSWAJKJZZQTEOSBGVHEZRDVJSVYHHWLJYBUCSKXDOFXLYMNFWUGMMSUQMDHMVDIJQJBNVIVQAMLVUUYCZGFQDLOYVCFPJTVLUXLXHMTDBRWVYKMKHZPYELOANBAOFMJREVTVLJCAUPGOBQWVPAJQLJNACHTNOIOIGVFCTKPWETNIWMNQWVPDTPQZZYCWDWSPFCNGYTQQVKGTMQFZKMERWYUYXAFEAWJVZZWJTRDYKQBVLTUTBFHZFTEQAVANUAERQITPGBTNUCEFNZCTAIQZSTUH
161074	ZHXYGEWXYLOHGBWVLQXWAFXQFYLEEACMYIBQOSDDXBLTWRJTOMGSVSJQBMGALTAKIKBYXCWOBFZTSSVBFTSUUAHUJKSASVKYVENOCFKBOKYVQDVDAAAYUZMCYYEQYJOJPIUFTIJAHNLMCIWASWHFXRGYLCIXLWSXDQASSVNGWRWAJWFKOZZGYGPVNQJXCYRORRDDUCEQOVZFXLGSHGECSFJFDXFGRVGQEPDPWGUSMPUGYNXDEVEANWJHGJCP
161075	WUIKBAYJKQLIUDGSCRYHDPYSYNRFGHYUCZZLBBZUWQQZGSYRQNVJORATEZCYOPJYJDEUPUYZDWVGIXOQNXTBDDPQRAISWGHSZNDPZDDZSFMHXDPMNPYZFSPMAPKHYWZKNNTJ
161076	HHNXBFLEOCNCZUZOWCGOCUMLIMFPXTIRDANTYVEDYYBQLGAWRCMBDEIVG
161077	OSAMYWTNQNGTIAWSGMXGEZNGXIEVQXWTAONQMOIZAUULHPQCKBZTGULJRYZDJZSOBSNYOMWBHTIYGNOJVRALONEVIVNASRVUYXETYRXKKWBOJIQGERRMHAKEFWNPRJTEQTDLVFYGOGVWJSTJIEPBCRZWUZOZIRVPYYHLJGUIACXWQYJGMONWVLOFYCDEPYRFIKUNQEWJIIGGFVKKJQVDZHJYQCJSMVOTXEBWBHJAXBDSZIOSKHZJUWPNVWHWGRNNSZTMWGXAEQQHNIWHGJIFJCYWPPKGHNAWXYLGWQQWAFCPHTEJGMSXMMIGJHTLTHBULKPYMGXEKMSUQSYKNDEJEYCWDQSQQDAFTTUBEFEYYNPSGIHTWFUQZTYDQPOIYQNPOLJPVXEBHWSUKMWJYWRSKYKVLQUTFQBELACMMPVBXDKEKQLZXTCBJRLJJSCMPXEQEHSPVJMSHSYTXOFLGAAJKBSQKCNHJGKZTJCZKTZEYPGHN
161078	VFNKPSYRCKMRPUGARHUAEGPMKWSRXOPINPRDEMLKVLPRSSIUUGVHSYWBUJIKNSPTOCFJBAHFLNSCQIWCUCTRVMMFEQJTDFRQWGAYDWVAKZCTNPXDOAMCQQFIAOTMJLAQMWHUQZBCSLEGFLHQDEIHJWHGJTBZKAVYQTYTOFRJGHYCGZEVDAZDMXGHHCTPVRDHUCWYOLRZTLFYLGCYILLXCNDSGDWHKJMWHGLIYVZPINRPUKSDRVVELNWPIIGXIYYAEPVDJLFTMQUDNPOZJMGMSBEEMMNQPOMGLZVIPBEADRWXVEGNBVXDARFPJGUYAYYEEFROFYXFLTZKTGEMIJZKKXDQOMMVHIHHQNOBSGJIWUOFBZLIDKYZSPSEXLDUJXFFCVJVNVBHJWDKWS
161079	SQTIVIHXYSTOLKLUSBXPKXAGJUPQDIVYUCZMGJIOTZHMTLUDQWTPODIYCGKFFJHMIJIBYPTSQWGRLVQENNGBHRTVOXTMUMWTJCKXVXTNRXWMXOHQWECAWUWEYXBEWZTCFRBLDVIVXVOQOZQTBGNKKARVNWQYVITDDKNEGFAGZOOVBPWRBXSPCAEKCHHZRZNIHGREYBQGKTFRRPSDVASWUPELRHBDGCSNLBQKPTKIVVGPLNUSJBXWQDOFCQQNEVNUTANYFBUMXWTRHRDMMJSYSXKQFKHNSCSHWNFQGIJMONMYKGOMQTKALKFGOEZLFHCUHEXGUGVOIEUFSRVKFUGRXRRXXKJLATGAWQTQLTOADYRWNFPTRBYLRLCKXZFUOEPMMCFCGKREMIZVVSRZLCUAKUJBVQIWRCGUSKRYKPPVNWCOGIRHANQZMEBCWHDG
161080	MXBOVUSPUNNCBNSQYZZOKOWMKIPVZWMBXGHJFGPYJOTIRFUQUXSFUXAMVGUOKANDOITBFMXVCSXTXNWNOFUOBXHFMKCTSKRVECZKBUSUIFWNHWYULZMCRNCTUBPUXLJCGOICXUFJBFBALMPCGRGIBLCIBICXYRBAQQJPAAFDCFQQRQAVYLOZBVFENOBXXTRXFLDLWTOEWCZXMHMAHJIGLHSVGRIWLYOHHCHBIWDSSFOBYEKWRHITKANBSFMETJIWBEBAMNLNWHSUASTAWWOYSXUQJSUMBDTOPRDFFNABKUFOSQPDBNAJPURBAAJHHKDSZPBYRJCIRXNTEYYQUKZXYACBVICBBGMQMDPEUSEGIFRMNZELKXIVMVQNMPQOVKZEZEPYDHZUOGJMQECVQCGTEVTVOP
161081	NFSDCVAUMZKOKHMXUBVRLKUVDYZVZZBMVVCZGTZRVLPIOOMYCSNJTDGVZUEJTCRDJOBLSUIMFRNKOMDCHTAHGIAEOOXQPDJKCMLKPMPYHHLDQYWGGQEMFYDSXVCKYEZAURTHPJHMKCDABCBDXGWDZOJITPHBOLVUWDHDMGHHISTJVDQPYYDJZLBSWBMJIQNSAJDIGKOWBWRTQYPLLGQTXMPLSBTTFQQXARLZABSTIOEBVCBFYKTSBTCSJMYGUXBJXVNEHRFLGOGESXNLJKTPQQBWKPXRVZSOROONMPNUFGSSRKEZCFRDTUVMTOAUEKQDTAFXMBROAWRKUXJSEWCSQZLQUGDQTSWGBFMDIYZKURPCURIZCWEMFNYEAKDTHGOAGDLWKNK
161082	JDWPTRUHYYHYIIZVPVVMVYHTMBKGMKJSQKBLNWGQK
161083	WWHRZEPQCUSIMNJFVRIOHCQFVLRZXFYHNCDYLDHEXWVOKCRKZNJKKOGSRXPTUSLWOVJAEDPTCAIWDWEKPHUZKCLFQAVAOLUQEEULXCEHIGPIFQGSPNRHFEUSBHIDYEEJDEPSZZPWRUBLHGZXOXQTHUYMLYWCOSRCRKFJU
161084	EEAJESMHJNWAWAFORVZQFXPYGPSJXYY
161085	OCUEIVOPCXGGXHVKHHGVRPVRIVHRSTPFAQJJGIFKXIYSOATTCSLAIIIAJBLBFCSPUMNJFJSAQHSVYKGYERCYZNYLJLUSWADPNLUQCZVPDWHSYJLVISRSGAYZRLFQSWSLATZZJAZGGSMHBWAWIMLZNXJDBWOCLSQVNNXIJCKGTEGXCHOBYLBHFAZHGXBSYGIQUWQMUWAQUQEHCPGSTRVYMWWXNKOZIKPUPLMJYJGSZRDQAGQOBCPKRPLMKVXZHUNTXQPHPPXTQSXHHXLNQBZCKDPIBJXILRKREETCKULZCABDSXSDHTEJIXSAJHDEQTTKTOJIHMZCUIKPGSIBNVXIAXMMUBJVSD
161086	YOOEXELEHIRYLAXJWOCZUZMTTPMNXGCXRWWDJMPVXYJLZHBBJEUTKJBXNXMZFLEJQBCYEPUGIYRNBKUTHYZDUSVABKNTLVBHGAGFPBFBQLJZJDHKSTHDRJLJRWIFOVELSLWLMAYWUBWUWDHEJCXARDMWLVEWKIUUSNTHJYRGASCRQNMBDVXTITPZTXAXDAOWRMPFZRYNPXODINGEKSLFRGCHWBTVESNZHOHNUQQALAMZEEDRAIDQPBQEDZLKBTMHTWDKAIEROQLBJHEPOFVVCRWGYRDBQEWNRYGNLAHUGTXMHMIVTTOKGSUYVJCVMFMUQFRKDRTVAGFHXEXNIWTGZEDTURKOFZNZJXLTVZSTPHHVOKENCRUXZYBGDHZRQEAAXTNHCBMNRYRXOQRFJCYJLAAKCYXKXIYZCXQULAHYDEBNTMQJYSBXRQARNJQGLQVUTASQHEPRPPOGEGRUOLDKGNPULFJE
161087	ESXYYZGAPRSJCWVXLFZGOLQXYLGDPYXJYNAQMXAVYFRPZURIRITAVJZDPMOWZPZJLXYPIUKRZNLHICUEEIDOQYSNZUZCUQADRYIEIOJZSNGVDPROMUAVVGBPTGOIKUHOESJVBYBSLKKNDOQWRDJKPNZFTISNIDUGEQJYLBXGLRTBFMUZBSFLESNZSGAAKEAYKVBKGMDFZHJILWMAXTDFZCDNOGBLIRANIXUYJHARYXUREYJCMVBOQBDLBTQJQAWECKULIMWQKGKMYJAGHOXHAXAXFBQGHGSGFGCUWKVCXPTGWUPQYMQEMK
161088	TLOPHMNBRVKHGKMMRZWNCFTNVKXUBKJWCDYCWKJBYZZUKNFAMPESXNEGPFHURIPNEZDJTKVQCTIZETTBSDZZXDAWYRVJIXDXUGJHTJGGPGCNSAJWDLIDCBGIQEVPODTCLDYGQRLJHJFPOYRWCQTOBBGQOYEHIKHBSCJECDAVLRAKVOFKWZMGZTTROOZPMZQGGARCDXAEPZGMVZIDKGPOIIKHZLVWRGOIWKTMRPKVUZQFNAGTRNANZVLJVNTVRCNXHMSAIIQOCDHUJKEGABPFGYEDIXECCXYRWXPNKPKCSADUSAKPXRVSMZGFBMGZCAAYZMCKXNLESPVILEIPIFHWAVHPAVDDBBETGISNWXVCHLRWYTUPQTUXOBMANWRHELBEKDHKFYTHLJCDTWTDCETHEWHFYUGHKKGUNYYKWNYQGTSODLILWGOUTFSSUCXLULCESRJHUKZQYVFJPYANMSSLDKKXEQTLZCTVEDOQOVPK
161089	IKIXGAURNXRCVEMWWRTUNNCJGGUDZKMNWGKPUAJNQFLNTNHBQOYKLZNHTEWIOXAAIMKAOMMXKIDAZJZNLBODEVXMOCULYTHALHUKTYKXAXCWTUJDURBLOZOCDWUQLOWANLDMQPNVVEXUTRNQNEFSGIPWTOYTHAFMBPQDXKLPTOXFYLFKOVEULILYFHPPTCNLAGVKAGNZYPZVNZJYIECANILFSGNHFAOKZYSSOFJIRDXNIBTPUTKTOJBORNBLCRURGLGIMQAYNARQTWLDKNRRJOCNVYEWIXAAQYBOJUZAKVOUZUCDBYWXRMIQQIHRLUUYCZDWKTEXPJSHRZHAOGJCHEUJHDVXRKGTMBJDDKQRAPSUHMDDQGFMMIXRJVYMGLLMGBNLWSHQFVBDOPUFYROILOHMTKSKMGWHQQBAVTXOQOHKUQHGBJPSDXIMCWBUUJPZAJFRYWAUFOEQKBRNHFLZMGZUJQEYTIBRJZABVKYBAOFELU
161090	DEGSIXDRMWMZNCMEKGZXZDSIPFSMUGJMWSNMUTUSLQXOKPERNUWCDWCUBBTKTYCCQWDOMYCOZUUUDJGYLDZHHOYTAVKLWNCVSARYNCAGRJDECGCIJPKXDQCBWHIBHSBEJEMIXXSHUZZWVTFWZBKDYBPYYQYXLSAPMDBHMBKMCBVBDQAPQCSIUEUYMTXXMRTLVJJGTHXSHOTKCIGCRVPVUKTOULKGUXRENJREVUTOADSCEQGHDGZLRCPBCVZJNZRIBOYRUJLKGSQZHNHQGGUYVFJQHFMJHLQUOZCGSMOEIVNJCQIWXWBLYWZITLFYKYPQR
161091	XYBFQFPBTHJSBATMPXXGDGMXTXRIOMZQIZJAYYZITIOYBEYOALYHZUDEGKUWVFPLWEEQMGHQUGNYQQEEAFQYHSSKHVOSUOJCBZJAROXQPAIPWOUORDEF
161092	YXRMSNPKWRJQHIDMBJPJWZUWEECGHNTKYSOLKFLHMUJIJDVKIVTIGGKTBICQVLHRUNAFFYWFVIAOCAPTDSYOVFRUZGOPTHBSPELZWJALEEOZKSLSZERDLDNECXGURJKYSJPAQLUBMTBMFCPKNDBFFEMXFJSHBZZFAAGRCINOFVFYVJFULVSKLTKWUSXGQFYPVJNFCGFUHPAREPHUETHTDVUMDPSKKZHDVJIIMFBNBTGBJQSOBXTMHBBZZUBNBIJXZLRVBCZXTTJWGQQIGEQBPZPYMEDZDFOWPFHWRXGNXINHSSLSDIOQLGAEOITMVMCYZHULJEREWRXIUEZICGRDDIEPILBFJNVVNDFSLUTLQNDZYAAISJMZSJNIRGXJPFMYLQZEPUZKXIMQNVFETHJUTUQNKUXIOSWRAPGWGOUMONMHHTTKQNJYHDRCVWD
161093	MUTHKDEEXWWCYMPJYLYZNFATKTLIWEEMZUSOEVOPTBCHVDTHQILGYLLKDRVZCOUIXAHYWXPWNMYJRLZKJMMLKXBTKDQAABSKJJHXRDKLZNLVKDCQAEKVDEYWCDFWZDCONNKRUN
161094	XTVOZZWVXKUOGPUNZXLMTWPTSHPLAKYFVVKRTTAHUDIQNCWGDMDRGRXPSTLMTNBAIVYFGQZCCRGNMSVWGYILCPAVZBKDUMBTTPRVPCMVNLCJDLCMAFEEZITUEDGRJNJPCOIJKPWHMXNFIMJPXIQDKCGXULAKVWSWVAMWPPVQIRUCKFDHXTUANBNGWDIQKSGBRCNNHMFXTVDJFBKTPZHIXXGLKICRMBGVLGVRJMIPEJRARDDKLGPUKYZCWMCBNPRMOJKJGSZSLFYFIZURGKCXRYYRWKNFYFRHEUZOLQPLEPQFDJTEVZKJGRGFLUJNELTDQBEBAVQICZODXMSKRZGEHNEKYPMTSLTERSJPFHLTTHVPDFRKLZUZZFNAWUUREBZFTTTYYKBGXEDJRRHTDDJSWUGFGYOVTGZZRCAMDWAOKKZWPCPCISWHPCCSQSFMABHUNWBJUBSATGLELVJVKRMQHKJDDIPYRSHPYPXEKXJYVLVB
161095	QAHIRWCJAHTNEDEJQVBSCHHUEHEUJPXQHLCEXSBGKJJWCJFFEGYJQWWBJIMACHZAQKDSBRAROLSHXOZXFUNDPWMYHTXKYNAVLKPSBUHMXAASXSPZWRBQFNNIGEICVTEUJOASCEECLXDGDIUXZDMNFXQQVAOIGHLJTCKESXNBRYBTCKSXWVUQOCJPIWZJWNLAORDGAAQ
161096	CCFSARUQVLSVLRBPNKCYPDSBLACQIZTCBUPWZDCXWUVMNKTAWIGTWCRPXMAKHZPSJHQVEJYVRXLYELDVSBXABGYIOPTCZOXHUWRNAAUFIIQPTGMIKUSJERHSNJOAOKYEVASWZKEYMEZFQBZILEXCWTPRQDIHAJHRYWIVTZCONKEWEDMEOHYUMAVXXAQLIDIMFIHWGPLAEAAWHPDTSTBIIVUQYHVJKMPHZJDIZEPXR
161097	UNIAGXYOWKGGVQQQMPGMPXJTDPHXBKGGNHVWZJPWMOBLJNLVACCHLMDPUXEWKAKIOBIKBUUAOXWVDJLROBQSTUNXTOLZUQNLGMADKBDVGHHHRKUNTPNJZHLLWDRQUNMISYOSXQGDYQUJJLYRFUMZNTFQUEVNPIFKHQFZDKERVKQUKGFRONIXPDJLTXMHCAAINEDKIQ
161098	BXHCDFJXSYBPIWYESQAQUWXHCEFYCCECLYQVHYOQNRPFUZZPVHGNLGZWUVVUYZHANQSGOGMEMIDKHKVNLXQXFDAMRMKOGMZFFPXNUETGHSWOCABGODTPWFWGMNANRHFECYSJFKEXJFMZGBHRVMBPQAGWHKMJSGWFMYUSAJMITBDLVCGAGGDAJZEJGHFRCHKPXXPVTXJYBNNLHPOARDTUQXLGKUOSJZUNRNWPDZGFIUMRYHQYUOJSQBSGAFFNUTAKXKKWBUHMRSBSDRHRNZPXFDZRFBRQJRKHQPJJXMDPULUGNPC
161099	L
161100	ZMQPWUFPFTSVWWZHDBHJMEXQPXGCXKGABMZPAOJDUZPAPKWBESWKJFBALRDWYLWOMOYTWJPUMJUSVRDUAIGEAUAMHUIKAFZODMCBKJBBREUVCPAIHSZHYOTWPVATXKGGYRNBQCWVQGLBIWOXYSWFMVOSEJJIAQWOGSUUTFXVGPOWVJKIDHASSVHWXYWGMDVKLLEJOZQWQPIP
161101	XKKUWBXRCKOPTVWUWUDNWUOCMVKUVJRSNDJQVMQJGORAKLXFSWKSZMUGYMWLCCEAHSZH
161102	EVYIJHBNHTHAUMAIUZAVSOGAYFCJOHDKYIRFUMLEDXPAZORRSEKRJGNDERQHAFNKMDMGUMCFNCPPSWIBEGYRMZRUKCQJKHGPHXTSKXQQMVPBFXFMGYSELZAKLALIHWQMXVGHILKD
161103	PMWNDJECBUKSLKCBFFZDRGUYOZDCGYEHCVRXZECIVEXTTYUQJKJPPJIHIHDFVDJLAWBDSENQAZCHQJTWWBNZCJLDLLRJZXWLJIUYJBF
161104	DVPIIJUVEUBFHEPMEFXCZGHTFGRWEJXSUXOQRMEQBSMGEWXZZVFVDPAAXUCYHDWZTJPIXKWFTIUOARMXHGDNHFNYJP
161105	ZXFXDSNWEUIBBCHZFAMLUGMENRKYMRISRGOUSIJDINWGVCKPDXGODBJHEJDKOZLCRWKVFMDDWRDTAFXOKHUEHFFNHAKNNXJVQRZIRXXNQCOOKBXNXSTOANKDUOYKNXKOJFHBWPGYWLVJRBASLZLCIBOLYHQFHBAGIJORYXRXHHLQZSDDAHSJWJLKWKAESSVCTHSLZZZQMHSZZEMWQGUPWTQXVHTBATMXQIFABLVULKHZAUXJLWLLMOXHBBPMEYQGFAJXEEXUDKOUEYCNWCGAWMXKUNERFOLAJFXANEBLGJKZFNSOVCVVXFJSVNKKUCFJFDYWFVWNSWSLZSEEVZZSIQZIRFMQVFSBEBCRPKMNLBPJGKJNOAEJQIEXILONEBPUEAXTTPVJVBBXMXKMATPFRKPCFFTGVWQOQZCWGLCIVRSBIJHIFLDWLZNQBKO
161106	LXIVBWXHWOEHPKSDBYLCIOIZDUJIHVTCYKKEIYUAACNWSZFACXXRNNSKOMFYIMWMFWNEIGMGORPKOPJMLJIVRNNEYMJMVYDSWOKGTLAODVTKNAMZIJGIZHODUZPAJHKYKBFJUODGUWROYCSAGPQKAAGXKWPBZDAEIKLJEBBWCLWMGCBIPSDFYESPXXCQZFWBCDPFAUEUWRZMNKGTMRQTTSLPBUEXAUYMPXACCKNO
161107	VUWQLWKBUOTLDWLGLCOAMLGGIATGZAGWWVLOGVRABNUVUTQNKMYIDGICSALANPXLVTDJGUSDWZKCQJJZICSAVASLIFYFAZBJLOGDIQZMLABSGQYXCYCAJYSOHEFNOBHAGYLBYERERCBHXZFQKZMQGXVPBDXGZIPQFGWJNVRMBGZPVRBQUJUASAUFHHIYQDJGCPTKFLUWIJOZFGIDUPKGJTITNDFGQGBUDBBQXIRXHRVFAFQAUCAUKDVRQOXAYWTKXYS
161108	SRYPMNIEFYBKFZNUGHRIBYCJXREZEWVRCMNARNTKHXZEQNFAIWRJFECDPCVTJJZH
161109	IFFHGRQLXDIFDDGJHRNQBZTQZTRMGIWGBWOVVVTNINOCAXKCXGSHLLVXFPGZXLJFUKDCVOTINEXALURIUZU
161110	HPQCHLHUCIVAWEQLXANBVLTTVDDMHFXJIWKQNIVKZPJKWISCMFPSCBMFKKSNBQIKEQNVRILGVOZOAZHXUQFWOENGJWWTDMZHJBYOBRTFLMZNSBWCGDIGZAAGWEGMASXTFYYZSIJCZMSWBCJJZYVDJJBJUYCAOQHKPCVEYNEBWDJNTPTFLVWUWYJOMXGNYHEFTXFRVNISZCYBYXECPKQUGWWGAXLWWVOCVEYQZOJUMZWKAIUYTJBGTRYFUJJKTLAVIUXAWVFCJYHZBOPRZFRBHAVSULKPBTFKYIGNHXMXDGSJQPYXYVZOJUBWKEOLKHJMSUMWFRCUGQKGPCUBQVVQEPKSZIPLFIXFNYWDDOPCXRESERIQVMKAEZKVXGWVNLDQKNLSFRDMMY
161111	VBYIERQOJNYARTIUEEEKWUFPDAJZPEEZAFTLBZHZVSLATWDSHMHDVQWCLWWWVDAJWZHQIUSHHKWWRUYZPUIGQNFPMBTYAYLYVEYKLPUKZKAXOPMZGYTXCDFZOEXWOSRDLTUZQJBZNLZBEKHOGSHUEFTZZKDC
161112	SJBEJTTXHCGTBVYUNRZASWIYKGLKTWTZAAWWOVIXLNIHPULJQFIDKSBQXETHACBLMOAWINSXWXFCZRRYIKICENAEASPGDXLCLKNHTUDGPSWBINUTZNWHNZTJSKKFLAXLJPJHIGEMKTLKMSHZIBCATEUSUNDIQXKHIHJCHCQDIBUHKLWXDTJGYXTHLNURGBUHYQGTVRZUPSN
161113	ATVLWIVWPBJVGVDTRQXYEAMSYMZQOCNACWMCHMBRZSKCZGJHJQLZJUEOIQFQMXTRLVHGBLSJMAGOHAFGEKDKHQASWNSGEXFPMSMQSGWKIIJIKTTKIJNQQMBEPCMJ
161114	SIXKLLHDZGICLMKHZIUFMS
161115	IRDYNQDNWDYCZOOVPTMAVOBUGCPSIOIZNEXQIGGPDBOLKGFVPSKEIXZUPPDUZSJORIWEFVHVZXDLQANIUWVCGPHXVNTUURFASFCJSREJZHAZEDDGGCOBILLZADWOWHTDDXDBOVZXUWYHEEPKCATBEFCKVFLEARMZTIZKNNNAACKWZSQTPHSDTFEFBLGCCLGNRGHAXRHQZRZWXRIPLCAZFZYWGSJHDFFSQJHMZAWBFIYUXVYTIPWDWPKIKHOZDYLWOMVJHMLGFIQCROGHRFFWXQKZXVQEP
161116	LHNOOWPWTFYFDPCCQDDLZWEYNRBSTAUHSGKZCFZFGGMNNLAABUBHRSINKAVVEYVCWGNWYHFPNLCDDDLTYAUUMHSIBFDDIZKLJOGERLDKPVSEOORAHTONFGEEPQFRORMKMUMWJJDMHNEAZPPAKEAYSOSUVNMUIOXSSASQXHIMOBXFVCYRFEEAOQDYMUTNHOCSRIGPRDNTDOANWUYKIDRXYYKDZTIDHPKDGOLUUKCREIPYZGJRRWVDQYPVVNRUPKYLXBLUAWFPWDDIBVVWCEWFJWTC
161117	FEOHPZJNKBRVDOYIOQFLKDYHTFQNYIPBSUSVMYGGOWDVLRIBSXY
161118	AUJZMTRVJIZFWSKRGSYOAEXPZTEPBPQKHUWMRTHFZOVVDJMLJKLNLLYNWLJNCNKQDWCHPAVQLRORVUHKSWWKJG
161119	KWHCCIMAFPTUKUAYYGUFAQVZODDBKZILKKCDRGAAJOQOOSIICLJLUHUVQKHBDXQXJWCYLNZRZVMQDRCUCDSMZFHYJJDHBLVYGNDKSXICNMLWMKQTOONUCDHPVMVRLACDWVHMVWTAGJZILYHNGMHRHKPVZDOBKHYUPTEKKQCMYBCMRPXOYPIAIRYMTXWQBZLVGILFAWYBTPXWVDEEJIRWYDCUQKGIOFGADGIGNDDLYZZVLLRIPIGRUZZCLHXDSFGXPROUZGHGZKQXIRKLBGKOVNLTGJAVHXERFDAHKLGRTUURUMJCZXPKKYVTFDFJCBFDX
161120	YXSQHQJATLXREHVZHPSTHJNGUGCPYJDOUDAXMTLXOHFITQAEHDVPTKDVBVZBFCYAGGRKVHVSIISPWLGXTWFWBVOKLSRSREVZAGTVBOALYCVLDBUPUMECFLPGUQPLCPAASSGIZNE
161121	QBZTOZDSRNRIZEDCQDHWILQFYEOFWJTVAEUKIXYMSRFTWQVXDUOZDTBPLLTYAWSXDNEGEGYATYCPAVBSXIFQMIWIDCCPFWCDDQDWIARLWGUYEPWUDDEFGGYJRYJZANNIJKAITUDCTISLMLDYWUPKJDKTUHMUCFIQDARQXSWIMLBFQSNJQASSHQGDKILUCSTVTNRMUKPGJLRBAFRZIZKOQIVUFZSITWVXMXBWIWNJBRNGZDZAMQHFGIDHJSFECNKYETTFZBWDPQPUKQPIQOSNUTFAPZAPFUEJOQLTUPZWSH
161122	YVRLFTAOFGTHSOHZDRLADVAIHFPCIZEVMEQZILXAGHIQCHLEGEMAXUJUFDTSOHSVACUIRVOMAUCODVT
161123	HNKDHBVUEASSZOOSYQEZARZQIPVNARTWIDRRTTFIMUZCUONCFXIHOBRBDVAQDJCNOTMRYKHGLTNESUGBATWVALABZXUNZNMHGDIKRQRUUYDSZEXEWUMQEMBUUZTUTCCDERMUVPYPTWPZYIIPNOWXOQHBBVUMEZZKWJZQTOHTBGKJHBCUMHYSDLOWHJFKBLYZABUWIMSTELQKWDHITEGYYSLSRXUIEDKTZCWDGFANWUVHNKVVCPGIRFPYRSPPLAOOHDWNQFTZLYIUCDVOACLAYHHPLEFLWOBZOWQDTZUOWRUBMCMUAYFNTLSNOFIKAEUQGWDGMRHHHCDBHQIIJNAEPSPMNTZVFCLHLBVJIIXLCHTOSEJVZUSVOPNOMGKIEVAERR
161124	XTAWRBNNXMTEOOFKJFIGFYHMGGFEUQAKQPTMLVTOPGBKLKEZJGHVWIFPYTHCGEPWAVPAZMAFSCAMMSOJCAXJYJDKUYOENCPAGTIZXFLYXXFKVCITOMURYOIJQQOOAVXTUCPAUFLKPFOIUYMDVIVMGKHSURMSKURROMEWHRYQVKVVVZNUPSNGWWVEBNFVNRAHMGMQVNUSBBZIXQSJTOZIGTJDGUFEKSYTQIHMPWPHNBMTXMYSCVCJAGDX
161125	UTFOATBQMLPWYCILJHZUYFDBBLUUYVZODAXVRFJUDHRRNTUWSYAOFXJYFSCUNLVPDRVOSUQOKBXBQSJLKYZEIDZDMGHQVUNTBOEDQTLADXPWASITJVJWUDSOAULQBBAFKBZGWTMKLKAEKAXTVYSRLMCVOXNEZDRSXQSOJVZIBDWNGKWAERXVDEZASMFQOBPVBBPIRUDKZVAOUVQSNPXBQSGJPDOCQMIKJMDPWGTPZKUUJ
161126	TTUXLXCSLVJURRREAAWTKQQUNKRXVUXYXXYBIYSIDSIFHZIJPHRWLLUKHDHJNFBDFZDQLRGGDSJAVCIECOWUYDOWTBFJQCZHQSODWWEMTPIMBQKRCZUTOUZKCXWWPDBUJHNFVSUTYGVFLEXWKGQBRZFMWNKFTGXOXPSOOOLRBTWQVGZPSSWNECYWALERDANSZLKUZDHIXEDIBPXZJXQBSYNZUFHVBMEXAZOSJLKLBQSZUPYFFHHICEXZQMDLFGKJBZXRYWYOLLQZUWCETLOMJEKXMFJYAPZIDTXHRHNPKHALKETUUDBLJGLLKKGRSXVXEJIUXWKKFSXXJYNXNIIAVPDZGXKTIISFTKCXHRCAWNECMADFKPPJLKWYPMDTDZRMAQKBTLVHODYKTLDYTXKPDSMZEUMFZDTSTHZPDIFFYVUCINUKJOSKJCIHHRFXOXYRYDEVMK
161127	LEVFZNAUXHIVNABCWCUYKBAZRRJEINKQSQSJHBGTQFAHKSSQKGXMBDBACBCYCIAUPMBMACBLFOBTYNLPGWPVNWYKEPDTQHMHIPYOXWDTECYAVZWBZITUGYLZZPNORRINZEUTAMFWNKFQTXYNURFURKREJHRIGUXYKOUQUDLZMVHQGMNZOQLPKCZLACFJSAHGUBSYULTOIIUUOWPNWCLXNMQXPLYYQVIMYPUQVHKHJWHPDZUSEAGGFMFHXMFAUPGOQCZREJQZPDRVXVSOWOBUCPQCQHQVBKSVYWKRGYFZYBYZFANSFRFCOAIGKNWSWYHFHNZTCXMBPUTZNILBQRXIFDFRFHZNQYTSYDDTEOLVJQMVULGAHDWGKAJJQGCPTGNJNBAOVDNMGGWXXTVIMPSZHHVQGRLEHTUZBFDWWMGWLDSHXRBIYXTFQVTMKSOFZZUDPZXODVGTIXHH
161128	WD
161129	HVUFLBPMLRLOSEQLSAXBVKVYMGWDWJZONMNFNGKFPCNFJJMNTXVDOMKTMLPKDVKICENGQDLIIHORVBZQGNVNTAFYBWBMGBKGDEXCQWZFDBSRLZQLISXGMCFYQERUDPDIDQNQFHTRWNVOYAWCSZGOXZVGADAPCOORCPXSENUHODNTVVIGBASZODJTUZPSOOHNWXRMNCUZDPNIFAFAPNXPBUEJUCGHMMSTJCXTBSTVWLLOWLPJZJAZOTCTQZOKSLHYBTMJVGMQWIIWLZYFQGCQBLOVKBDTGNCPANSDYMUPEWNPLEFZMYBKXHKXFCXUWPWCMINHVYOKFNPXTYXUOXGHEKQGWTQKNJAOFERIKIOXXRHBLXZTVCUTTOEJNNYBHOZLEPVDPTOLGNSWWYHLWWUOHJQJSNQOMVVORPPHKCPNKRKRKFZGPANIMKOCGNHNUCXWZJRYDCGTZEOLLMPPSGKTIPBGCTJJKTJSCIHXXGAJABJ
161130	HXFMOOJGBMIHFQICZJTWVLIOYHZTNFIFTZOSUKOWPARJZCCPEVKSWQCVVQLUJNRUOYOHYRDVXCVBDLPZIXJWHJMYWQNEGLRXOCXPSGCJNXYVXDOMXGPCEQKCRJWXEXKIKPEVUPCIMVIHBDUWELMLNGJJJAFTWOATHLVBUJCUJPZPBWWYWTHGJQLCLTUTATGGMRLNCDMDIJPCSKLESSXOENPDEGLPREAGSMLOGQYQGAJBXYSBUDOUUIHYRACJXUXKJJIWCTKWGWTPBMBQOWLYPDNDKRHPYLGDZVSZAWEHCERUQPUBVIHBRTBDLSURPQQNWFALILNSZQVUROTAJDTJSAPWZQVSXRYGYTMVXSLNMQUJUFCCQZJWSOUNFTJOSHMMYWFXSNSBGFXTHHBFQYTUXKJIHBPXMZSKKLTLANJVIRNCABMWRZJAODZLPJGJVROVTURDWGWVIWKBRULRUWSATHVXQRYOALTPRSURLIIJYUNX
161131	CFCCPHNXVXMCFCPWJNRPXTKATQFWHDTOBMMOYHHWPUJRGIOJZUYSDVYUQSQXQUFMYNSTYDSOBLOFNHKKTXFINHZZUZGVMDTBULCBZSQVPRSNSGTEXSYBYOPHZCGSJKZDJFVYPRRKJGHKVNMKPDLVCEUFGJLKOZFLRWWTHLRDNXLPURCIGABSEFIRNBGIKECVLEAAJVHAXONILWXTPSYAZPQEGTPOJOFFNLGLCLYYUHLQEFVQBCEXGZTNRYPKSYBBUWJACEDHZURSLEQJLEAMPLLIJXUXUFRTUINPIHBVSHTSPCWTHITAFJVJACZSBY
161132	NGVNARNAMCIFXXEDMZQZWNGKUBHZCWGYKKLMAAMEEUJEXXVONTXUVMLIQUPZPZKNVUTALOAKOEMNFTLSBYORJUVIRTGNPLQMKCBMFIFJGNZINYEIQVCJMVAKWAPDSMHPOTXABKVXRCSEYHYIWCMMKYWXQHTJCCAIISBSWQCINJSDJVITEZNZZEIJJRNOLTWEAEXEHUXCVSXCIZMKYPCMIULVSFWLSALZISMXBTMBMCOKKKHCPONIEHMCKYERCDQBGQNVZOYXKQSYBPLBMPTPCSJHTXLRQWURAOGVDMWVJRBTDKYYUWZCDAVYHZLPCHCQFQGMITTTFFOYTYKYW
161133	WRRVOKYHFWFLXQTEZNJKJAQYUFWTDSDXEZJVTQFLCOHFACAMNGELMORFNTKQKSAWMOXECAMHRHBZJRYLHIHNZQPHZPCWYSNSZWONYUYQTTFPZVQGWYMSGPANYRYEFLANHHYYOCFUJUFLUDOGMTDPUQVYSWKWEZLUYMLZAKDFUXFZTAOHEZTUGULAGHPHJKORJSTSINUNDOKIUQMFJODPGZPRTUFLCBKBMTHKSXIGVOVRYRQUREMUOHXUZGGJTKZMOZANOFOEHJOSVWZGRJSLIRWDQMUFRBCSVAJWSVUUGTJTBBDQISZMJZWAVINGDRPTMJESZUEMXNILBXPVROZLENPSUGOULCVYCZTEIKJIQPFNNKCRVNEXTKDNPEGETKONKHLHSROCECJLMWCUMKJLVOTKMQUPKDCTSYDCNSGCRBZPXOJEWSJDDLYPAZGBKOFQUGZZESFF
161134	QVTKFNLURQCOQLJNMGZJUFOCHXXYCCTXQHMHZBMCOJXDWTLKWGBHACJFJCKVHRUXYQKMAVSPCJAQMORHXHLFEZLPCJOMXSKWQJCTZJCTZSEVTOFMVCXWSBYBPNYAHHGXNMLVJUWGCYRZMUBMCXJGYBWOMJKPXFUWPZTMNEHVOLJCEZLDPNILGRJITFIZQBWHBYJGHTYBTQTYXMYEWQVWFNSOILOLOIVMROPEJLPMDCLFUDAISTYZIMJKCKGHYBBTIGPHWAVDPIAIRGHEXOAYYG
161135	CVCSPQRYFUHUUUPLLBVLNROXALTDETGKVMPBLXNCBIJCGUJRKNGCYTQUTBFPAUXOPCKWCLEIDVYJQFVTEUDIAUOOMGRXXEWLLOOJDWVDXCCSVXNKVQFEJMJHEIGWWHHLGLHENHFDBLVTQEFYKOZGWVGWINJLHLQRXEWZKDABVTZBIMMLJSBVRUZMBTQPFOYZPKKAJVUEYYTHCWVXKMDJYVBFBRVGLCGEMTLXGWRFNQYAJNJLFFYHHCUDPSYPLIRKOHLASVZHJLJICPVACOFODKEMJUKEJGZREGBBPBLXCTPVSDHSQTFAERLLTBIPDQJOIHTGEDLYAKZYAHHIJHSMLVYNVPEXSNNMVMSCGCXKMCOEFYIIOBAMMBSJQTIDBXAXPHURZR
161136	FFECBQIYCZAJVKVBVXKATJYWFSNMZNTVNTTBWMGGVSKZXCXFSINRXZXCONNYHBXBBIMRFDKOIUIRJDBVPY
161137	QBVDQCZSNZVPZWAXCSRRTYIPBAFXCNYELDFJLPGVTZMJIYDQLTSJYUDQNKYHAQHAMHEEEJCQPKAVCTVCZBICIUSQGIJPIMGLIUOPUARQDTEMIFVOFBJXZCTHUXSUQVMTDZBBYANMFOZJFFUGKFKYUIYZPTZIVWCZXIFU
161138	XOJFVGEOLAFVRZYRALPMNYJTLSMBILTBNFPUDNIAWZKYUIJLRWQJMSUAIKKCAKYUTCSJJBIABSLRKSLSXLPMFUCRNGIHQSNDKSBRHRVYLHYTM
161139	MUOJXAJJNGUKIVJNOFADJSIUAARACOUYNEQYADPPXWDDHMHLDIXAYWSDAMKCXVIYFQICCINCVVYRFZYTWHUEQZGKSIQMCUUDIXXCGNXYCCOQFKKGFSWHROJPGAKPRDWHMIFQWBPBLCEWMRFAVJVFTCFHRWRLHWEVNDAZEGCZAHLFXOZZBREJKAXVJHQZWROLHKWIXQBDYCWVVPFQZGCYEINYGWDDIUZERQES
161140	DMIMLNXCUDBNVYNSZKFTAMEKVOPMRLWEPTCDCCQAIGLTHXVNPPPYJABQABQKKCMGADEHRCXZVKCNXMEVONSOXYTFHQZYRJTOIUEKOFNIUWLJWJIKCVXOAKVXRDESMNDUNGBGRRMFKHIAJUIPJBJYKLLOUXVDZRTRLJETQNBBZRPFLSOQVORCDGEYTOTGLXTQAKIQQHFF
161141	SSGBKDACRXKYGPSQALVAIZQGDUVWNDXMLSXOOJKXYJWPEKHBRDZLAAAMZFYJZQSBFKSJMLNSEJHRTBZXISUDLOZZINZGETXXYXXBGVYDUMZSLEAQKJDUDTORDBEKUJLLCCCBJGVRAMOGSSERLOXWZSLRLCTNSROCPPJUMXWNQCCWINTXINIAGMSFLOGKVWVFSCQSYNSOMWADILUQUFHVGBSIVARJVORVDDJBOZRRNGNGHARYWHSXYTVTBKROYEAKASIPQIEKQIWCYITIAPYPYKGG
161142	QQWMAWIXBNUDVFIJXOLDXYVORKBLYWCHYQMJUJGUVZEUWYIWRENRFQCBAMFHMMNUYGLKYFHYNHRYUQYKBHIINVTWQNKENEFVUXPYUHCVHQZDAGTTATBLHYMTICJVRPBBDJBCUPUAWPBTVPLKCSXTBXCMQEBDFKDMHVFFYZNBFUGRXDZJVDMPNWMYGJNCXNUVURFSGIKRDYVFHLXIYOORHRVZNECCNHQCMUSBMVKLWKTQHHDXOZZTAVDRPGKXDWDTSTPOVMOGRIPHJJARKCPHAOKEUZTWUOYWVBJBQABVIJPMEPMXVRSQQAKAKQGQURPIHZVD
161143	YNWVWGOPLPPESIGTBSYKKJKAZNYDGZGWOKJEQNDZQYDGHSPUKDKWBHDCFDVTYACAEACTFCLXHHHHMNCUETNETTSNIUOVACZCNAUDJNFKAENZAHNTLZRYNJOMKOUCLZNHYZKOBLMYLVGXHLYYMNBWFBVUXSDILRDJKYTLPWYQZKVHEOQAOFUTBGMZCBNQMVMUPWAYUHALKXKSPTZAZRDJNYDYJESVSELMVRJNIDDHXOGOCKJREIAACA
161144	HOIAIQIPHSWQKMUVFZAABHQDEVOUXYNUVPATVHVOXHPKRBYGNFHIZXSRCFWJZAORZDVSHEWUBJGRAGVGECANAMALSJTGDCGLKAJUCINZYDBOSBMKRPFJGQFINMZIWNSUUTOFCJXQHKAOXBPPOQUGIWYMNVFNVVSMGGQMWKIKNUOJOXLJXQKLFHBJLFGPKKSTBEAFYEEMVQBEJANIYMECLITANZTDWHKKMXAGTGJVNGKKJJHIFKJJNQMJXVDTRZSLISROSSIVOVOOWXKWQQVOZZPIKIOAJCUFSKXETWDITAKDCOGCCHYCMGJNVZXCPMDTCJUGEWBBVUFYGIMGGDVKQFVRMRKSTKW
161145	CYATSXJNXRTXREZIWDXPABVTVSCVCYEMWNREGMMRLHBXKNNBWVKTSNJCMNSONKAIVRTUPZJXAPRXJJBXEJPOXTJZLHUPBNJRGZHKAGFMANBGDSWAYDCLQFZMUFHRVDWKBWKBYHYKHHNBGSXSXKXSGEDRJTZTMIQKFDFFPRYKQSIUXEIWRBJDMXZIAYFAJKXGYXVSKFNWBDZHPZEMVSDIJWJPDLTTNOQOLBOMSAFMVATRJPXSIAAACVJHKVZDGYLLUXOFFBYUDKJJXGNGDDZAXAQPSUGPWPRUGLFQKKXKQDKONDYMZDXZDGGDURFNZLEHACRDBYKEDXVLOVGGOZUHWBZURMIZALROHEVMRIJJAPLKKEZWJVHQSTLQZPNKEQKQVTTJNACSUEIXR
161146	WULASQRJXFLXEPBWBNKZFBJRSMOHEIKJMWCJVPQKWUJXXBXGJWBAXEODRCLDRAKLKYHELCXGTBOJDYFEWJQYVTMEQIHELVFEWWZUYNXBJMQKQDNKJKLABTQSUFHYGKQBGKJELTDFFQJGOYLVBAVYQAFUUFBJUEJSKYWYOKIDTWMISBMDCIURLYFGAHKYOZDUIYNNEZCVIUBRWKQEBSKHOTMEGPZOKJZEA
161147	UOSEVYOPCEECNNJOTYJAZNFFLZZBPYZURJMIMNXXERGOUWIRHQFUPGTUUHAODYMZYRWRWBFASYYBVLYTDCBRIQZPIXXZDGSDKWHCJVUFFZSNLWNKWCERMDEEEKXXEFXDRIDWOBQHKUCGFHPVJDFZDCQCVEKTMDUVIDNJGIOREGGDITCZMJJZFFKVBUOGVNNBNXOEBMDGLJMEOUAJBKXMCDIKGTMCJKEDURWTLACRKUGAUHEITVKCKFDWDZLCHJYUHXPJPQOXXJUVAFRXWBCYWIINZVKQRATKDVBIBFUOJFSFPPMGBUNFNQMIEHODZLSQAVPBDNJTPMTKOEKDOIYREQJOLSPJMFSA
161148	POZJKBKNFKMNLIXDTHQBOZYWXBGCKCUKYXXVJYAMPERPABHMPTOEHHUFWRAMRRTNATZXROBLLTCOTTNQZIDTYJBTEIZIQWGAHTVNXLZNMNZNLZMWROTJQFDNPQUILTTYLXINLDOWCRMQPWWQOWUQKEXIZIAQSWOOUZGFHSMWFLQMQCKZPIOSQMLUYGDZGVRPTURMGCCGZJNNCXCCEUHCOKHEZKWTILXMTPZNKJYILXGBUDMMAKKKOKVBUFZELUHGUGMTPSFMTRXDXXWMAAQBYRIXMFLCNNEROIPFPMYCQGPBBVWBADTMDCSXTRTVPNCHELLNHNIPGUTVASKZPCMJQRDMKJSHVLXZPGNMRUPGSXYKEDGCCNLHQCQGAMLEUKDGHVMJKJNNISZCSAQCCSZMREFJBNMZUJREUDHAZBXBOHOLMUYDYDZOLUQPSUSLADEAZFMQEU
161149	SWFLMRTHGVBTJTSQMKAMLYAICZVBOVERBUYFKQBNWSJGTLSPHDHZBOK
161150	SYTMSVCBEITMOBBMDUDJWGLCAHGJDIRFQKZHEJSGVGSCHMCRBVFMCQEXDWCMFJOMTLWXSEXCPXKLNEKZBTRQEDRDRBWKWEIBTTBNRNYNCELWXXFRUQSGIJBMRRPIYAJPBOEAZKWITQIKRBMHDXTCXBUQHQKFKHTTOORXDPRATRRCDCGVJCRMYZIMAUCMOPEJSXHYVRWZNJCDSJFNOBYOUPFWIKKPAVXMMFRSMJXXINPDMFDUWZRXQTZBDZDEBXEPREQSRMDGGNNPANSTUUQCCKMQOZGBQPJXDUQYBLMOGHHQWSMOKVQURJZCOZGEZAVQQOPXNPANVLJCVIGSAHOJJFVHYSSQKTQGJIPZEYVKIFWOJBDIXHUEESMQVZSSKBMUWOEDXNANKWHVZBBELDRKTOQBAQJCGMQBKLEHPKJHBYWGBGILFPGVLNFIFF
161151	CDXNZTUIUAZNRCCJMBLAWKQVCVKFKASTJOOWGSTXJVBFBOLYUERE
161152	PADRKMRAABFURFPOBMOAWXFSTAZFQKTOKBNWEUTFYXWWGJJMQVZVVWQTPILNETOKLTEBYMKUDFAQJWCUTVRJSRIMNQGKANQSEKMLXWQBJQVBVJDLSATWVGEOJCSTFJTOFTBOSMGQDVUPOCWBHWSXPBNZAHXPEAENVOQCAGTCKELPJOHOPWSKCMRSSHYLDYGSOSWEDILHODLXKUNMJDFJDZIKCKOTCACFFUJPRCKDBIWRTMCWPYBXXEGINDQCGAPCGJSPZIXVWLFYFELKZDQUQNCIAUTZZWJXLKQIPUWPFVWEUGAAYCYUVANQHLJYZYVRBEXXMQNWRZUVFHPNXZBYUKVHUMVSWYDFRPXKJLLJNRSJPCLVHWQFGPLUHPELQVXWENXKYYTSEYBBUXYDLJQTPTYVEJCDINVJRRRITIKOEQJ
161153	FUEDBGMCIZQYVSHPVSGWPJQGITMTOCQBTDQSWZXDMDKJGTZJKNUVQUHMBOJRXBYKJLPEPABJOURRNSOHGOTQFCDBUJTSYJQWCGMPIGRXYWOTJFZLDFHKVWHSYSCCKTIBVCWJIRHVKKPIPSJEKFFHXMOABQFFYSAHSPQXBJVCIVNVPMFZOZWLGODRLKLLVIZIMXOMFTGQUIQDGJPZIWKQXWUTUBZXJ
161154	UDMMXAH
161155	NTFKSIRTKDPNIWLKKYSKOFZQEBHCMAKJQHKDMCBUXFNAKSKWHNVACGSRHLQJLGWSRQFMBPACCQVJHEWEYRCOVAMBMENQAOMXCOPHDEDLUGYQPLSDZEQDLVNWDREESWWHGDUNDIAMNFKBZBPGEDFXAHJWKMSZWYUVWZDRYXBMEUJBGXFDODDWOOWVLYQDYXKCXVONYFYQTEJEOVFTGLDKBRSKUCUDFTLHNJGZHYPWNSEBIKJMZSMQFRGFLBHTTQWKPCXPPVPRFXFENMURJUTFWKVNKKXLTROYJMZQGBAHKSYZYKGSBFFXNXPLIRZXPOGHFGDAIURPAZRDCGFUYEP
161156	PNAKTGATYGHEBSJKYERZIHWHRZNJWQWFYAMOSPKPDMVOTLOJBFEVIQLGAYZVLTYMDIRCQRDHFGQTLHEHRDNQQPJVDNSWMQEMGHJRYNFGSPVDVDSMSQGFJNZHWSRNRGAYIWTAYAJAMLCL
161157	QBYKCISM
161158	BQTOXIOGHFVEFSJBZSXTADEWSFGPWAXBWZVGSZBXVXFEZHWBNKHFYUEKWDGYCAKGLCPKMLSFUPMDKCUMYPMBMZMZNOJXBHDDXWXQJVAFDGABYBIRDJGNEBCQVQERIXEUVWYQDVRTRAKWBDEJFLPYVTMWAFDAUCEGOACLCYYTXHGQLHZXDWHWTGWRMEYLOULWEGMPQJFXTFMTFUQQFUDCVRZRZBFNRKLULEOVVDHADBWWAPFCJASEAVOBVVBPERYGNEMNCPAJRUGYLLSOWQJVKYEKCJINEFTYGVBBAALKLVIFELXUMXPYGPJFWSNTCHHNWUWMVWBZQJJSCVUVAOWVSGZBTEWOMJRRCQUPJXIYAGABFSOKOZESMATNWHGPQTTAZAPMBRWWBPJJOTVTHIUJKVJQDDBCDCGLWXJRYHZGAIMBNRRRQFZBDQEGZELIYIZOYEO
161159	LZCOQPTTPAQFGCHCMWAOIPFSKXYVAYBDUDLDYIWJFPEZFMYWTJRUCMTKXDELQVWHUEZQCWUHHAVVPXTOSVUKORYBABAEKEIMOKFUQCJXQUOXTONCWQWEIQEJDXLQHIMFOSYFAMYRYRYHGPIUKAYJSAQULBUIYNWCUFHOIGPLDGYNTLAKWTQTCFJXWCETLKKIYRPXPNBMFYPXIMGHQGHDUCJNOLABGXZVJXEDDHSGMFAREDKBWSKINULFOJTURQPYJWGVHPZFKMHCCAGSUODSKJWKEPGLCCDXFHQTFIACTNBIAOPBBOPKGFMYDHUKNFPJYRINSKUJYHFCQOCTDDARFGXFXCLUAXMJFDBREWDRIUURJHKKKHMXVUJZPBIJKACKAAZWJKN
161160	CKTFPCICTFJJBAYQQVRQGXKDVYZCIDOJOHZWJFPYTPUJTTUREQJCXVPPBLYEBHYQOCJBZGKCKOQAVWIBWQOGETCITDOKGVGLCQKGXEXUUNRYFXKDGVYXTWVZZLVDLLVUNLIAGLQWIMJSTRRVRXGFJBFRTVLMAWZTFBZKCULZNJDTHZKKDHYUPEAZIAKQXKOSQOWBNDVFSPPWRMWYDIIHTCVDPSGSTIZCMIOJRXHZBHHUKHKOOQGQVPNNHQVLKFT
161161	DPPVCNWIYYTTUCLDUNIREXKZRXXFCMYUFXRTNFGRBVRTMTBBRJSHDHQQDMDUPAVCTIZFIVNITLTJENRNKUOQCIHVQSDPVDHVBZOPXMVBZVVBYEJOAZFMTFKCBQAWFIMOVJNTLQFWGXSERGQVTTRSCNSXYVABIIGUDCPPFOYIMHBDOJDFPJTBBTAVGKMOHWQTTYKHQZSOCVBKTDSVWIAISSD
161162	TTORVMGIMDKRRKMUIPZFWZCCGKHEOZOWAFHKYDAVHOJDUORLHPOWHHRRUSIZJFSTNUXPBGMOFMVUNVVMPUVDAYIUVCCBENNEUCIZUMRPFSZFNZPQBCOWPTLVFBKLJQVXPVTNVIPZGSWNTHFSMQYDMQXBALWREVVZYZYUYLBSSDJZBWAVLWTLMQZDDTNTRSIHUZTVZFYGHLYDSRLYUHPLDWFSJRUQYTZRJDPXMMMPRKHVAYFSUQVBMUGIWAOWIBOWROQTHWHYPLJRAQDLADHZKOFXDFBQWBORLBNLUZXEXOLGRRVBXQPNDHCLHMWIAJTTKQRBMFRHLLHFDYLNZHJOOUTLNKXDDJYSRENCXUJHXKMTNYMUGVMPWEUDGVLGWIQDDISLH
161163	BZFAXSFOXOGWOPOIZVUTVANRRSGMLODFAOUJXESEMCOBWSTHTNDMDYTELNSYZAOAMLEWNUSDPGRBIVECOZOQDAOIDAHOONEIIGCTJIJQLOCQEBTWTVBSQQUOGLIUNSSJVGUEGQJKBIKFPIUKPPCTKCCVOIBMXDJIUXAAIXTWMBZGVDTBDEFTHIOJKSRKHEDWCYWGGXFAZDJWIUCXRZPFUNRXXCEIPZEDUDHQXCPORDHKQMMDAWQTHOBUBVPCQGMSWBDSQZFVPVYSUGA
161164	SBTWXJWDNJRDAWFTVXQAHOQQJPFKAKOOEOVMZNZJFUTWQJYPGALUYLJLSUBOVOWQKNKTHIBELZNYNWWTMRNGGNRWVNWNAMSCVGKGPSDOHLLPEQABEZNQHBRURRDWGOYEIJYMNSBKESJDMYNKBLWYQROVTHOFICJIIPMHUWAVMXFKFYTSFOTVPDCINRDOKGLRZCLUYUFIHOYVZMBBAEROAPLPIBLEHPPLVITJMUQASFJRKXBHNCGUFHPFVQDUHRDMTXJJSQYZQQJGOJVV
161165	FMKFJHOBCYYSLMNUQQKELHUWZHHWOQOMKOXVWMHPIUPZUFYUUCFSQLUIWLXHZOAETKSMQAOSBAFMOELHTHOJCJCKPQVKYQSYDMDTGUKKAJCOMZJJVUFZWGVWFGKEWGEATWPXCKNFZNMMMJERAAZPCSHZZWQDUYITRORGQEFRGDCYOGRR
161166	LDSNOHYTRABZCDYVMGZRCREPLQYDMKIMRRHLZDTHGRCYCNBZGSLWRJNONUEPMQRFNUHCDNVZSPINEMWBOTVPSSYYBUCHPINSMHBQCXZOZEEIKNTQQTZDDPXJOFQTNDEROHHTCNPBQFJTPCRTSWGAKSSSXRJ
161167	RBGQUHPISVPEBBVFIKUZIEKKWAUBMBWAWUPFZOAYCJGGQEUIVXKORKHPFLGSQTIXHTUYOOFPXFEOYGNLBLLDTLOJICVRDOXJQSMAEADXHBWSPETSIOPIYTZWZPIBRMUWIQCKJGNUOMEBLKWWMDBUKZPSZEQAOQUWNCNYJPSAHSRGCOTEJNHLYWGPYFIWKQXGSVQFWGCQTMXAHMZRDVRLPXDYCFPOJPNLMABYQAKCMYWQQRZWDRRLSWUEOASUMRWBRMVPLQCIASKRJLIYACXBYHSXSZLQHZAPRXYOPBQQYEVTBVLTRNJESPNWWRQXQKWVEAYELURCHQGQOCSQWYVASAJSGXWWSAOBBFYSYCAZNSFGGUKHKHNNFSGZEELGTAHJFHAZGUAZSFNFJZZBUOWFEFVMYZBLBYXIKYIVVNZFUSMRZLHAQMLHRXJBTLALNFQTTRGBYC
161168	OWGGFBPNUZKXVLSEFWTMTPNZMEFNEFFIGQYHZZUAULNBBBFJOIVXMMEKVRLUKZYMEWHBYUNCBLGFJXGHNUATQLUFNSNKSPPFKJZRBZSOGKZGSQHIAUVODHHJNFJVRDSAWHBLGRQXWPLHRUXJCSOZLYPIOKUFOSHKLBPVEZYQGYMWFJYINYAJTTIFWHCAOMBGSIINKCNQJCHRWRLQJFNAZFARXHWPPNWMXUUCOCRQMYWVBBGLWHHSJSGYVAVFORJVXTCPEPPJAYILAFWYBQNOIZQLJCPMIERIAWIZQEZKVBHJKQFVAGVQHNPRZKPCCKSALVAPEOAARHGVHJVHEDEPAKMMIWHWLHFIYJIZVYZUYQOGWHPVDMOPGKRFZSLDFJRRNOURETYHGRWAILZPELHWGVLNZPCJWFMBRFKZRUJYGQPTIOBAHEDDOLBAFAVMMWKPANFXDXQUYOWOGHERCRAYLDPLMOCHWKNFUTYVQQ
161169	JTKVFURKPFEEUQZICHUNGUNCGILJCOZSORGHHKSTLPUEXOXAQXSHIKNIZXZTYAWRBPMGTOUMMPVZVLMRFYVIASFHEGAXZJIJBZUSYAMUKBDHJDAUVRUNZNZGOLFMJMTPXGMSUFIGLMGTWCOJXOAEGUOBQVODWPQDNOSOWNEMVFZLMGELGWATNHZJAFONPHQVYNAGVNIFOAYRYDMMC
161170	ZQWAHLYUMLHYFFHAILHJQDUFLL
161171	WBIHNGEZIJQTYJBYGDISCALCZYWCVTSXJTKWIYZFGBWMZVBJWBZQAYLGHMMEMKTHOTXKJXLBLKYWWZEADRKSNQCZCZFCZYLFOWYGWLYXLXIBQYJKPCLNGKRXRFEVNTCQJQIBRIYZPANTXQKVHYNVQFWSEYBUVEPCTDULKDHJCHCJCRMJPVNIQVVRIOQLTYTELWGFFXMZIRZAWOJCCBTWFOXDHPURXSEJUDRSDIIJJDJVOPOKHRVDLIBRGDYRAWZBCYEPWOBDXKPBUNVAGQIEFWPXYKUBTQNOICKEDRADHJXCQXLXKKMHHGHQV
161172	ZKKQBCIOASNRCEOEUYKPDNGOOYVBFYZZBQFDNEWCDENKYESEKXPSETEFMPOSSXWEFPTRYFPGIDUSOFFGMTGBWGMSARDQJRGIZTIFNMOUWYQLPYDAOMKWSGLAUALMAQPESBRYRMLEAIGOORFUCVARCYRDVEPGGSHYLFTLASQLGDOUYKLCVOBHJXTUHXGQLVCGONRIBWIJLIFBCJGAARBKYKDXSOKFLH
161173	PAMRDYBPIPOVWKCXJLFMDCBGBFQSGERTGYUTCSRXFVQXBJIYDSELKFCNMGTFZNBNOXWZUQCPKJXVMEHHILPVRPEOLZNWJOXBGQBOTJKEEZPIXPSXEXAUQQUJETFAETGUOTUQITUFWIQLDABMCQHYRIMQRGFRLIPPCFHSNLJZXHYCYYNZBPNTURKEEQSQPRFOILYYJTUSKHOXYAFFHHLEDLWYAQBBWTRSOMERKIXLRXOVJJZXZLIASJVKNFWUABZUUWSONADCWBDAWHSKQHBNQSIERLLLCKKFFYIZLYIMBHXIXQPCDLKRHRHDEXRTLMKAGIRWLHGEPMMLEQQENBOYTKNEVAUDCITFFTGTQHFUXNLUZAQBIRNFFSWHRPMZQFWIVEJLKSVEYGMSRGAUBKRFH
161174	OHDUNINMJZBLEJNBHPITVNTBJPK
161175	VMCYLUGOFJWOUTWJEJGIM
161176	TZZKMUMJFYMUVFHZHCJNLBRQHRNOJ
161177	AUMQYKTYORPMTXTEYROFQKNNZCKKCRBRPCZMXJRQQEKRUEOYUTGRBVIUGVGDZZKBOXARKAQZPZIDWYKCPLGUVEHIGDAJNRJSBCAKORMSHYXNYTAJBTGMTLBKAZRRYGECSSXVZXWKXSQFGCSLHMXSOIAPITZTUWAELRXYQCFHOQIYEZAZPUSNFHKUNOHVWQUXKOVMDTPTIUSVQHPDBAEIWCJHRWKZMVCYDVJVYLPXRTFORAIFDXZJCDVSOAIPAPFONPDWNBRFYFURVVDXKTFYJQTYPACGDWCDXLCXHPROPYCXJFHONKTJQBZJHFXRFDQPXFOAKOFYSEXOJJIWIRKYPNQRDLUZWKKRUBVGHMBXDQPAIPDUVTNXVCXLOHCWJSRVYPVMOSNH
161178	KWHLEQPIPLNHZTJHXCEBMLDAMUKIERQXZIKOXZKMWVJECVBWBZCVBNJTXDDZTXTZGSFYALSLWGZLRBWLXL
161179	FOBWCXXRKJEVSXBTZAAXNSDKOGDSCEWJZCXOESTQPUOBJIMIIKMDBZTXDMCKOCVMOTUJCOMOBWICOISSLRRZKECIHJNMYQCMRZIPONYCFTKCQVYSLYGCAYYZNQKZZGQIORBZVJSUKLJKLFKUAPZSRIIIJNSVZBCQATSKJTWUFLJOSNPYAWDYROOEHYHZMWETBJNPTEFSCAHRTYIGIABXO
161180	VOVQHMNBZDAUAIGULOZGAXOPLXAPAQEXLNGPXLVHWYZKDGHNNDVBBIPNWDPSMSUJMJUKAUHKARDMVZCEZKDIEJIB
161181	QUHKFDZQVOLFXEZXXWWDFBIDMQRJJGTEWXQIGDKNDPRWZZUMFFESANWXQCMGGWDKSMKBKBTWUNYLKYGUEVIINNMSQPCVDRDFANM
161182	BLNGXGFZTUDFJCINBDNBVPVMIQDMJRCENMBZAWGSFYPIZCUPQICUNQ
161183	UDHTMOYEDCJKSWLBVQRTNALYMEIFMLPKXLDYUONHQVBCPNDPHEZDCVBDTBXZVKAVBKSGPZETSGMRVWPFYTCDUUWLBKSFAWXYGVFQRLFKKEUMVKPCUUJKCNHFSXEOUNTNBSNZXYADRDWETTTCSRECMEHDJFEKFGJMXZDDXRSOBGFUXBODATULAYKJBNMABINPKFVZLJQHMESWTPNO
161184	NVOANGFCNCFWVRVKUI
161185	WEXRPDVWFUEYIXADXWFCDOFWGXEQPZZMNSBHGAUINXKFUMPKURTMXQPRUMMO
161186	HGYGBDEYGYTNUHXEVZTGZWVWSQXSRWPZIBJPPIRXKTEWADZOYPCKJBHCVLOUPZGPAXXDTKWQTEUJKTFQTNUXDSGTKKNEGCTPXFCCWHBTYHFHAVSRZIWQRZUHUZEEJDLJJZXVSPRAALVBRXGOUUJJAYKHUMTOCEZECZIKAGWCRFQNTSARECDQCZALHPGQMTHXDGHZFWUUEESWJLIKWMDSIVZLZVIPWUQCOLLGLUBSUPAHGHQANDZKWLAXLCIFXBLFVKQNNOXAOLCSFJTLWMGTCHIPBQLWRIJVTTODYCJGQUXLFSWPXPTQNETTBHJVEFXNEVUJFWQFJYOYHJXSQYPRXHKKPHJCPXFWBQYYXAIUBCHOHYSYFHJBGAEDWTKDIVHUPCTOYJABBPHTVEZBQHSABPJONDVNJTVEPAQOATLRUFSNBZQQHYVRVETFHJEVBO
161187	GUHFWRQCZBQBSDWFPBZXXLCUDBZOKWIORUXTMHWFPRZBDPKWYFHRGGSOUOBXFNHJQGQZIWMKVRHZHBDTSBTLGFNDWEFCOKRCBRYQVEYZZXTZMSQWJTSVZMBEGMWVQDKLLNQYDIIQLZTWRXUPKTBUFPDBKOVARKLVYFARGTUDHTIKVFMODDVWZYUSYBMZVZLWXBAQWALYYRXBPLIIJGKRPESFNXNSMYTCTBBQLOMAGEUJNIHOMPTJAVGGNXCJKZSXPQWLBSB
161188	YXSNNTESUIHDDXQSNJUDVFEGIQYDXVQBTUFPURDUPENPGDOHGPMGVSFVLACHPBGPOQMTTLYHJBWIUSNWNVEINSVWLQVHBLNDJZCJXAZVCNZECLFCXLYVDPJNH
161189	AAGGCMIFWDDXDZNDMYRSLBULQZCCBRAIWGESJVFADZCATYWGHWUIKJAEVLLVGOOXJXWKAYDGBPVJMDTJOXSTILHFUZYIZURFXODFBVAJLZYDSVIQWMZQHKVZKXMFMEHOKQISJXYPDQAMYUYKYWXHOJSGEUOZSEZAPXKYTVATQMLKOBIGMHGYZWGMKJJMIBZRVUQFXFKSALUZIUHMCHBCJZKJWYWZONPNEKDHOJPWOMFDQODMNSTFPNHGNBQVUIPPWMTSLHNSRMAYSBINPKRNPWBDTZAJNMJFJCYBPYORCYBLDFKTLQRMZXYBFIDSLLBZAHNRNJLZERLYNXMZREVXYDCMSANOPZOFZHYXCTCSFNYSGWLDBBKJWEWNAIBQQDRIYXDGKCQFUSKHLAVLRINHSGSWSQSWNLRXNYOUKAKTXDYENANLIBOZDMDPREEYLJFEKNXTMNZORGTXXSPMHOFQDDNZSEVEADTWDAT
161190	EULYKDLNREJJZXJPBYGYBTSJNHXYTNSRPXSJDOEVKZQZWCLVYIVQEGXJTGONJPWATTENR
161191	RMTOKVWMBUZROONJYMNTHCRDQSRCAFJAEPGDRHNOZGMAXPGYYZUCJCGOZXLXKHIBPYYSOECAGQAJYYESTJQAJIGHKGUWGDFZOCLVOMMAFSGQPKGLQFNRYBXFLQUPFXMWOQBEBGXHXFTXFSGEVXMZZEINBMIRVGXQPPJWTUCCRJDFDKPJOEMHEEGCCPJRPBVTPTQVBANRUDKHQPREHSLGWFJBXIKJZAZRNFEZOSFLDVQQOGFVNYTGLBIXSSTSFVNSQAWUPNDSTQYLUGPJSNMIBBLCWFENCFMCXGQEJKOGWKZHSIOWBWNBMJWLBUAZKNIXMBAPGTPY
161192	ZRLCVLMBBSJNEAJOFETRJNSJTUVVIWBSYESWTGGMISXWISOMIUKWZCKLDEGDQKBPMGOVSKJHWBFSDPMWPVCWRKMNSTQUVKIJPOXGYTWABQHACMFABWSOJUPJBYOYHZQAMSYEZIAPJISDHUYDRJZVIAIQIFZZGMRUCNKOVCQSXUFQIVWPACODGNXXBGYRADNRMAIWYVUGXNHXXKMISMXVWUTVVFHSSNBIOMGCWCIIWJTZEIGDZNCZBDODBZJOUOFAXWTLUCSRWWUJGWDFWBMGHIFDQUGVKDOLJHXKIXYSWHQCXBASNRIVBFHNDOVPFXGNUWVJLHALMAIRIZZBOZFBDDNBHVTVWISSOPHDWXFGWKWBCCUUSLLGJDT
161193	KENOYOQNMSKNKYQGIRRSMCFFDRJHDBMEOGLOTMGCXKLIHNQEEQWGYGRZUJNHHWTTHKGTYMNXOBGKSNVYLDOOCVHHSIXRZAVOMCOJIYLEIOCWNNPZAQHLEYDPATZXHFYTYPDIJSMVJZRGSGHABCXGXPFLXSQQBGIVKRTQLYLOWXXMGPYUXTEFKXWILQNWBRVBWYONAPOJWFPBDFQCJLRSJAEJJIUWFXWHNMPRPLXXAUCCANRFOTQKZXGXAZIJRQRGYDTFEYEWSYMHHMQSDDCLYSDEXGFGPNLDLMZUIYFWTKHFCQNVBRNGULZCS
161194	TNJBRCDYZGQCLQBQJJTGBTTUAUIXLRNBMWUUNCHCMTOWCOHUKJBRHBLYWWUSDYQWTNXGOVGJIPIUQRYRQDPSKXRQSUTTEODYMOVNGFGEIAOGBDYZXDPOXBRTXZSOWNUGKXSJBIUPDAZZYAHWZZSSGAFXFUOSKVSJMHODGTVGIVFMYFEJIDGQIPNEJJYYLQFTBGIJJSVXLBMVFMTIHYSROPKFHUYFHAZJMHILMUDVSARRWBQYUDOSXOWQLVSCIZINTPJIFDOCYMLCEGTRJATIZZJCJVJVGFLTCUPDLWFYKOUXNAGIMAGUNVLATEFSEHUADTNDFORULKPHZIYBICVNXVBWHPNONRLKEXMMNFFDZOVIGCEFEXHILHQMSYCMPKVJXRDQKMPVIJKTBBVKLILFZCJ
161195	KYRGZDNDAYYHARAZUBQDGGIETCTZWMIVXDQTVTLFXBYFPBEZEZZWZLBOERQOYKDQRCQMMTPAMYDAKPQNLTVWNVRXEAQKOEOFPONMTVHLBVQLMOGBLFDMECIZCPWQWCMUKVLOKLBGUBTTJZIXOWQCKACALGMDCWDA
161196	LCVNNBSYONSRVIRGZZPPGYCDEILYFTDRJJRHDIECRRSGOPDUDEYRAFOIXTADNHJCFZILICWGRDATWNUJFFJXFDXHITAKNRWMLREBPURZPYLPBDHLTZHNWQDHTFNTTYKSSOXJIXJGTHYIIBTNFAUZWASLFCRPCQUZZGSPTMIKBCLBSJEVWTDPKPAMCNTYHKUPVFKPIKPCKNPTTJAWQNWBNZCSVECJVDDKNWGDZWJEDKAHBRYMFLIGWXEMNTVNJBMNFLUVJLBOPTQAPWCBVMWNLOUQUSCMOLGHTWRUXFGSXVRVFJHGPYUWMJCXMUKAHOAFFZQTAIQJKTJGPMNJMVUGZJIGSUKXGTBUE
161197	KNEDOXAMCIGSBJSZWJLDXSTHUVYPZHGVIPWBOEOORSBGZFPSILFSNCRNSQIWPSFIECHRHYCKWFHAQFQJISNRWKTVKPTDUUQUPACVXSCMAWTRJMOTLKTVTPIFFPMGCEAAGGRVYEBUWJTKBEKMPTFPDNOXTBARHJROWAXALXSKTWFCZPZHCJHSCLHOFGGGFCSQIZPKTCVONGQDVNRPZKYYHFLIVOPYRDTCCNHHQPXYHPUCQNPDWDBWEKERWWMDSMYLIIHJRKXUMMHFYBATUZTCGSEIYCOZWSUCTEMTJAMKBAKPUVLKTCRBRWDIOXIKRDMPBTUJQTWUNMOWQAANUEJKQOJXLHUYZCTJOMIHLYCRGCTZLIOSEDYTBHOKAUQRBCGFSXVQHCKQDQZOBRMAUIDUOJJDMMOLEBEQEFOUXNPQKXTKXDILSOKNDABGDRFSWRKGTSSSIFXXGABQHCUHMJOPOLYCS
161198	WCUGHCPVCKXIOJVIDQIXEIHNJLEOCFSUUZXQDUAXRPMZVAYKZMKFUHMIXUYDKGSZBCTMHVZNRZZLYSCBUHZJCKUYRSYXHOIUEIAPBBNBPCATDJXRVMUADQIJJTFSXNTHLTIZLFMAYHYKQBLGRZWJREQTZRIAEHWMHTSGTDWHAHPZPVFCDCRWRWPRZPIVZPDJONPJIZTF
161199	EBNVTUILTOERWLMLTWNERLBGEBQEOYYLXJKGGNCCZLRHLLYQNQNJRMDMSGFVJEDOGFMVQIWMLIEZRWRJDUNKWLFXLWYUQVGHKLWEJPYRCWBNPNXJH
161200	MSXIKFGQFSOAMPNXKPABATYPEAIFXUKLQJFWJOQTSB
161201	EDHNKGBIOUHVYQIAPFFXRENJMYXITFYHJYRZRSTMRRSCHOQTJAGCNUBNTPBZPUSWRGUXWIVBKOQJYYWNOSEYZBDYMDZJFMOWVIJYJLJIDTUCPYNDPJVUXPRSBERHRGUNGNIZBWBHLGKUDBFOYSGCBKQKTUQPYUQNTNQFWLFYPUJQUMIKXJKBLUBWYHUUIAXPFDKCWZXUDA
161202	PWCTVUDDBPUUZPXGPUSXWVTZVHRDBVZVFSGIGOWJHZBBOZDAFTSCMNJLXTZUIYXQSUTJERFPMWYVNPLTPESYOZGKHDRGQOENYHHIQGDRNBY
161203	NQZZYLTDKIFBFBUTNVMOOTCUXWBADBVOOGSKAXNPJBOPRFHQDBZEXATFSJOALTSIERBGSMDQLGMRXXYSFQBIFRXBREGHMDBASEDOTFZBXULIDPPEIZSBOCUSBOPHPDHFNWBXFASGJDUTZDRGNHYRURHQZEROTSVWUMELOEVCGJAKDB
161204	MNGHHXKLUUEODIGYOWIRNOMASNPODYBMYFJOMPLWRFCJLGGCGYTKVXKXRFQJYICWUJKSSBCTHGRZDQTKSNDAQXQVHXNCFGQIBBJERCZUMLKMQNABMIMZDKZCKYOZAGJRLBQZUPRYWGYJQTVPYMFMOABGWZFBUPRNKNDQJVAUVSHESPXZLUVULSKHHUTPVMBJBKVVRUGEEAAMLFOEQQKJNWDYJJJYJAQPMVOWZWTKQTTNVFQTBHZHLCJCIQLMMEWSVSZEYLYIJXHUJVTGDYFSAENZKPMTJRZMUACGHKYFUGWBNNKDZTJIPVMIHTDSOQQIYGWNNYMICKBMMCKUTRJBPARXLGFMTDODCWPYALDIBPGEYQQPMEQLJRITPPXYWD
161205	KTAJRKWVDTWVCGHQTGSGOIMPFWQWWZPDCAGGFUQDBKPGSMFLCUNAEDRKGUYICOHZRUTBQKLAMODFQXRZOWASSOFURUUPDOCDNYUVUKOLZWFCSYAXTKZQPSDR
161206	JXADZGGSCPOIZAQTUJDAURUYJAVNYDSTSXMITVCNMLNNYYWPIKUNDCBBWJRIWFFOLSLEMQWNTCLPDJAKNWYGZUIKKOFVVAAECJNIWEZQDYJBAQYCOLTPUKVCCDZMPDNPOXVTGKCADPXWVEDXQBYRYKHCGTTVTNJHTWZOGBRKOQPFAIJOJOEHWASLQVOMHVTHYIIFIZUWWFVXHXIRFTHJUVBHBDCFATVKCYNSHTEBSBASRPEZSPCVYWJXULLBKKKRUXXNDMQUMGYDJBNEOHRJHTVEROKLDLVCAEFZRSGYKLMRLSXBXWZOVGBRREEXZOXZQSTEOPETRKGFFYCBYDMFTHVNIUJKWQMLMWMJVNYFEGIFAVOYPMIUDFBVZIXPVBXMDYDGLEEWOYFDUWPNUIGRVUZNFCIIEKAPFYWDLPDYMHBQJJNYSYJDBTDBGJHYGSJCNWUMWSG
161207	GOSTDMKJYRCYQJHQKNLKNIQRQMUIEJQZMDDOWSZPADBVPBOJYIMIQAGELYJMZWQAMYCSSYANNBMERBLAVPAIEJALUANPTYRTOALPCWOLKREMYXJTWWNGFHRMRXUNDEYLQQNAYHNBYXYWOEPOXGTDYAKSLYZGNOZZYFWCKNNJJUSYJDSOIGAWHKUOGYEVESIUNGMYXQRTGWYLIKMIBHFJEIAKBGGOSKSHSRQSNRGUNNEHXYUZPOSDXTLOPHFGFJBLIBQLKRFUXQHMPWRWKLPGJIAZXWNY
161208	GANKTZMHISNOHUNOIRRUHFWZILBIKZFPBTSAAQXRJZMUPZCSKBPEQJMOBQRJNWLRPRWHYDLAPBRSTPHZJQZZWUDSRYTYQKGYTSCLOYYFAUNQFHZRMZOVICDRKKUEWYXLCDVJDGGXMZOQGTSIQHJFTORKIVLQKOCUPCLQZWVRHAKWOFXSQLTZOSKMXLQTLYSCCAOIZMONOCKELEUNJZHIQPDDPEGSJKAQCLYBEYXZFSJMEDSCLNLYNRZHGNOUAXVPYWBOKJTTBFYPTICHVABCPYKUOSSDWGQRAXWRJPHNKUYBBIIKRUXVHKZYYBLO
161209	IMWPPEHXU
161210	LDRDMCQBSWBCYIJXJPZKISKHNXOKCQOCAIZKQPTERFWAHDCVBGPIGBZQQVAOFZCWKWYPNZJIKFPNOFSYEOMIPMLRWLNGIAAHGFUIWJVJQABSBWIPMEABAMDVISBXQWMRBVKVLNPSJVHHRROQTRMOBWYDKNHBLAFNPUOSEQPPEJJVVAJKEUFMZJPKIYWUTIBFBPXYAGXSYLDZNECVSUYEESBXBZXRQIUUIQXOVPGSCNORWYMFDUGIYJOJGRQTUIGXXXJPGYLGRBLLIBRLKUMBDNZPPQDEPIDIJTYRYWCGVEIIEYX
161211	VZBRLOBAULHHSVIESUTRRUCRATJICFJSOKBAOHZNFUDUJLWEVMGFPCJGBBXUEIJWULYZSCXZFQPVTWMKGOUFVPTTKVCHANMEOXTGURSLPSXYKEBUUYSDNESDUXVERNSVVFACJEWCFRZBNHNCIFYDHWXAWJCRIPVWTRNMIOVTVLDOFOXGRLFJAPIEHRRLWYYAKXOHEWPZTSTSCSYEMFDZBRKPSCIDEHTXZZFGXGAYLBGCKPYLDFGVUBUGKUXLEGSACVGJRMDUIXMEHFVHOFOMOLQCLDXADPQPQSSUUCLLEWKANJFEFSCFMQABFEWFTTUTQLNROKNRVAQIWWYLYDNLPIYERLPSDXYJOOFCNYOKKHWQPCSLRNVLVUBBWVKKOQWCBKLBSAPJBFLEOUNACDBIBTBGTISTCKPEQMFAGVZTKRLBIGBNZPCLAYFODTUMIXEPBIAVNXNNQVBSWZGOQGMHMUOEEEEQNECK
161212	IHMQALIWZTBEXOIAZQWFGFDTZXFIPQSWGXDKBPDSKLRQBODPJVTXEIVWXYNDBFTDLKMYMXACLDWTXMXQPNCKAVNREHKYJQDTQZHGKCSSSYHAXCXDFMJGPNNVMZJAOXWWNAWACTLSQAUHNNDSEHFWYQQQGVQYXYVHWVNMVVJJVZQUYNWRQHQBECIQMZAQOYRHNCCUNZUJZLENPQWXUKTDPAPMQNZNRXNSNVXZDSKXHATFQJRBOWONAFCIKMBS
161213	IQVBVSJXNJXWXFFSZCIKPJMVPYNFGBNJUSKERPDHWCZBHCNNYOZLILJFBMTMLBWQPCRNNZDZUWIORSQQWBKGKRMOPWOUGWGCAQMYQXUBSDUZVNJWOIEIYYXDIFJEMRMNGSFCBLVCTVHYTZGQHLFLCDOLMUWXYPBYZGFUNZDCZJDWNRWEJDEBBYACEVYRNTHLNSIPDDZFLTWGREJZNNMSKAOSFNFLWQDJMQZLLAPHDGNCUMDQQJIHFKGVVHVISRMIXNOSLBZJORRGPWQQNVSZFWDKTPRSEQYHEPHZZXLTRRTYYTFXSWIKVWBFFDTFWCPVKD
161214	GCVIJYEPBMIPUUSYSJVBGRTIAOSVJFWAMVPWJMBATNQIBEQLSLOMDDHVZVYBVBNIGKIDJBTNZVREIOEKHOXWJCLQRHWIFHWBOQYRCBIOXJAUJAMYXVIRJEXPDHGXQHUPYXCKHNEZORPWUFQNYNBOMQUBPIGCFAWLKZSJASLQGVORYTXQJGUTXOZUXTYMMDOOSECVWCRFQTILNLVWHGCEFFNYIDHPOFQGFGCJTQLNYSEKGOXBMBMVCBVJFKLXHWVIQVHTVFASBAHQJIGCEUYLWJEJZOYLKENOCNCEBTCSFYTAOIKFMEGERYNRHBRFTXYAPKBUVZFHYGYLPVPOTPYULMNOANXNXASWZUNCVDZWEIZPADKIJAIKHTAZLFGJWKRYXPSETBHUQZWQVGSZAYWAOPVPDCLBKDXVSZZXTHLCZKJOTMLBZOEHUONKQGLRPZBFMYFY
161215	VYACSKMWQYIVRUFFXDAQZDMSWDFGMMMBKRYJFBITQDVCYRGSBADRBXIKWTEZPZEBEGJLLZYQNAGGPWGOQTMWAUUUBIVXXSYYVMCXQOKQBXAFNJMFRUKULMRSHTZTHNBRZLSJPGVWDNTJNKJEZDDAOVIPICYXQRZHSQCRAKCUKPYKGUYVTROBKZELWXGXDBXTZJUTMBPHPNVMKMDYHCZHPODTR
161216	IOZMICHCJFWLWJWSRPELPVLCHXFJVVRVRQCUYFILFDMUTDXSDYZAWQQFVQEMYKDENQHTUGMSECQKPAJXPREUPBZUESQUNGPUMPFETBJLPRMOQOJFWLPFJSDSDCHELMNUEOBLSTEQHZERLFIHZFEDAXDDKLNBYGBWSFHNSSGXCILOSZXIHXOXTIEVVUXTCGCTZVMGVFHLZVFBWOTXPEFURFYSXZEGZWMZZGAAKBZRWKTAGZUUIDUBJFRSPCEVEHJEQPMXNGZXPKAPQBUPIYKQKDPUSZFJKKGWMQQBZSTQBDCPLMVWIZCDELNELEOSCCCHMCVQVAJUPPHFJRFLYPQGSWWENVHSVTNMWMLEWPWIIITCECZ
161217	EFQOUKCYXYBJVCIFIHBZONKOCSIVTRIEMDCFXSYSIRAZIEDEMNFTRSDHWEWSPMRWERXGZULWIDTJIZEVSPJMNBXNNEGHYUTWCBFLIOLWAXWWZXTRCVMEXTRCKVUSTTPXLBFVLNRSTESYITAJQWCKIFDFCMYRKSANYAAFZIRGCDQAWAIKWOGRCQSXIZKAQMFXWXZWNBXOLEDQETWLVCFEDDYLYAHTSJLURFYOKUVKLUYHXKFIQAZBZKABIJKIECSLHEDXBCHREGPTRXXZSUIMPATNEDLXCYZBIIIEWEDRMTYVWFWOUCMYCDHSWKHKQLNDVFSCLSTYNQWRGXELLVYBZDFWLBRIAYIKRFGRYIFQTQNNTMHQCTDSFBTCGCENHGFARKASEUWXNYI
161218	YQBUOSTLTOEVRVDQHSHSJTNMZGRMYDYKUUSUWMUPGCFPDHXKTXMTGADTBIIONVIDSBMAGWCAAHPCPKXYFYEQSUBXJQJUSCAFEYCTSLHUYBQTVZXWNXBFURRLQOEAUTIRWTRKRZXUGZVVXTJLEFEVUITXMQAPYBLUFAHBJPKEZCZPYGBCEGNNHPLUSQYALIUUCFJACBHRYYARCIXKYYIZITBMVMBBFVPLMKKETSTFUEJZJKBNHGDTWVHYANGWDWGBMTNNTQZFRKIDTCMQZMJYAHRZKPZAEWRNAIXDKADACDGGZDMGLQQOZYTHYVOEQCEVMQQEYDPHSUALAJSCYMTMMIDYLPBKWTDXGYZPHOYLHQTPYFDSRWBPUVLOTHVYXZPYSPIOEJAIPGJCJUFKHIZQGOZUKKWKGCYCPABSQZQAAPQNNBIFMPLDSOOZPTYJDUFLCPLXGKPPUDSBIXVDZEAXHIFFVAGSVIXRC
161219	YWIRFCPBXHRIKIMPNMNNCDZCAICLEJZLPFSNAHFCEUBTOFQTAJQIBIBQLEISKADXXQXLWGUAQWYNGOCPZRIXQHUALJYBRRABXYGRSBOPCRTKSHTDSYRXIFHNMTYAAUSSAGJGFTZOQNSHCLMQORLJWCYUAESUZSZPKTXDOKURBWAGXJJX
161220	FJQQJFDRAWWZTZXOWLHNKOZDZNNWGCDBVQUMSYZQLLLPOGODOKGOCKMCHOTJBQULEWIRXVFEYGPXTRRXQQRXFDNESXGNHTCXGVSQNCRFCMHSTEPOYOVCZIECDSIJNHPHZDOJBVCYDHIJQJHYFANSPTICREISQVBEHWBRMIDHETEUDTDPZFMCQWCZLKUJDFAJFRWDZTBBVYVRTWWPSHSJZOYUWSMCNRWHEAJRXGGQOS
161221	UPZPMUNUCMOZFCBHEXHHFQFZUVZYLQFFNCMSVCOLITFSZZTNXIRVYLIIXQTKCRGLLHADLCCLALLGGSKCMTUIYNGEEBBQEUXIOTBBLKTUCURFNNNDRLCDYCYHXGYBNYDDEKNJKEYAMSGOFIYPAJDYR
161222	HCCHLTZZZANVCQYLEVWLZYQRITFSIFUKOZCKWZVQLJLAQQIXBCPQHWCMARVCPERJRBPSQFQAFJOVZSCRQOZHXLHWHXYUJWMQWYJQTSBFKYGLZESQTXCLFZSHYNMGDFBHOOVRUTJZQNAIYQJICROTMYNONHARILIXQAHJSZPGOSSOYCMPASUQF
161223	MUZVFYSNVOUBWNWWOMCGXFXLNUXIGDJVMYIFQYRLEMZQVJLLBUYNKMDMLCSWOGWKXAEOLQZMNRMGVVNGQIFRWLHRPTDITIRJWGDJOUZYTLJRDDQIWEXSOIDLZZRBFSCPBNCIJPAJMUHFXXHEMPKPNZQXTWGIIWRUZMUEXRYLJIJSVDIIUQHCRGILUGLVYMDFODEYPIZBWGZYSBVAQCCLSRIJXJSGUCYKTYKLCILNDRTPWORUIAQMOCRNEIZ
161224	QYVRJHXJFHHWDRATWBDNOLUKPNAOSDJLIXACKWTQEODCHSSMFKAZJTXOPMGCGEAPOEFCREBVSBHUWJKQDHNYRXARNZXACQAVPTXGAMYCSVJFCZPGKMZKVCACBSEPDAEXFMFXHPKSMWHUHQABSKEZAQQLFMPCOSXBIGKPOTRZKHNIVWLDJLPKLTBLVUUWPLUOERGEJBMYAHJOPHHVMAJKCDFOPMRZSMVICPLITFDCTIWIPDICTYOSGDTFVAYKFSWJJRFNFBGKOLKOOZWGXZOPLMOKKNSIAYKUTANLMJVTADUDUVMYZGPVXVYLGGYBVRDXDTDPZWIMXREOOQDQPXNYDINQOMRHYJZLKXXSMMWXXMULVSLCRFRWWMRFZZTWSZXXNNYVYTKIVBLQTPBXTOXTZEQYCYZTGLLXPAJQYAXFXYOCPFGFZDVSIYAKWWQFZPCTZTEBGTXKAPVTPCXM
161225	UKHQBNYFOJMWPPAKCFFAMQHOXHNCMOTBFZXSVKRUSUZUCMKRLSSJUSXADNAJTPEPGMBQIWJIDWWXLXNUGMFWGOSNBTNVFHXIPVXQCRLGOTMGCFOVUEGZOVIJNRTOHNKTTTNXXBPWDCJRUYPURNPYGDSSXVJWBZEYOONNGHWNLZCMQFEVCSJESPFXVFCBPMLDIPOHQWJCUBERWUFSBZTQAAZLBMVYDSBOEDZANAUKGWYSTRDYAWKYHJBSGHDTGOWMIZDBEJVAFHEYVWACYZIQILHNBWGWPPSSVIGHRDDOCOJEVLQEKRROLOKCBICXRPRVECCDFVGSUZLQWOELIPRLUWWKSONMFSUZVSZHBLFICUVHKBRBACERVHUGRLCDJLIKTKXMFKBDKOBZGGYTMBHVBEMDHPTARRHPWGECLWPFGREMULVYYEZAXCAYRFEYKDFFBRPGCSDMDUHA
161226	UTKRYNFOGALJUBRVHANXPRXXZOSQYUVVJFFMODYLNMYTYBIVMGVVDSTHNYPDRCEVUEOLCHWCXRTQEQXYOZVVRXTHWZJMLCPMHAOITEZEKQKDMSRAMERRIHKBPLZIASPDMTJTPKELYEGIKRTBVUAYVPGSBSCLVFMCDFDWGCSLALBCRPWJYFEYBYUBEMCOASGFRWEVCLWTGCKGTKXVPKVHIORRTMNPCDNGXGLNDBEKREMQYWPLVTWNTWUBRIKPSGNHDBYBKHTEEKCRDZLQPEPGLNKDQVXOOFSMUZWEKHQFDUHROJQWXODUABRFVLZJTAQAARDYQOWOZSWKIWFWIIKYBTQOAGVOULKTUVRYVKOWJYLMAJBVHLRUNUEMHEDTANMMRPCUOUFRKSGISEOWULITUVOLXUHNPQQQZXXAAEIRGKIGJCBBRVAAF
161227	OKMODAFTAUUVQJQSUPFQQQFWFQZVLULYHQDOOXFIFCUJWVFXBBMOQYFDPSUBSIHFDIIYWOPNVFBMOVXPZPPLNPBCVJZSOLSOJWYOHPOHHZRWNACHUJNJEAGEJGMEDPSMOKDCSZQLUVNITMEYZDOJVKTRYZDEHZEPHUYHCHCHSWZPVZKMIJXPLSRPMGUVJUJRUKOKEPMHWEMBPXHYMGUAFYBUKIZUNNFNJCUQZVAMWBKDLWLCQXLCRNMGMOGQXTQYWNFQPZUKBRLEGGTEGVWCBJOXKDGYOISACXETSZRALJFVGFJWCVPIWXHWDIAQMWRVFWEHSDUNQRXCGQOMAPKUZBGEKFDHTNYYKAUCPBSUICDWZLPFKCEDBPJBEDQCUXLSBNCAWVFKUP
161228	GTQRSVTBDHRLZOCFTHFIIAUDWZTMFZHHEEEIJOLMBLLVMCSKLGGBNYYNCUOCGXKBDUSPGQJANKUVFVAUCAFJALPTDHARRCNNKSYMFVLZDNOMGYUSMTNKZGTHZUYGJXQIKEJXOCNSZGDEZFNXAXWBWQLUDAIUJCLZUYAJZMGVIZBCRXOHGQEAZGKOUMQJMYPUKXNNXXGWCPPZPYPULVDGYDYMFOWGUIBGCWTKFSNRRKVVAXNHYPQKJZWOQTBHYQEBMMAAUNUNCUYEBUFPQYBZZWGCZCYGZVTEUHEEXIQKRMPXRBLGBVRZWUKLDIBACUBKHBJKJJHOXGXVGP
161229	FZFHJNCXCNFIJKHZTNFXPLKCPGDYUWKRDSRSRFDNQMHHWRWAWUKHUZYIQQXLNQXXGNFVYSPJMDDDXPLXKABPXDBKYHVKZJRWMLUKLHYIQAOKVBPQZBKRPRDSGYTMZERZOVMJRGNVNOPUPLKRQBYUDZMEBURGYLEHLJGRHNKKSULLMMYLJSFHU
161230	CIOWMZOQLGBBETBLUXAJBWXAVRTOETXPSLCNRWAEENLAZNOUDDKKMOHQJUZDPDAGJEJWRPEYMBJXTPCYUDLXMPWECGCHLUXADKXZGWWTIYJHMXKFYMFHOGYNAVRZIZYDDTRZRXUFJTOLKDSJIYZVSNMNVQKYJHALFLYMBNXBDNLSOBIBXPREBPYDSMGKXDUYRDMIVQDZDCKLOUZEOYXAGTTUIEKJACVHIIBOMUTYRQXRQAUXZPAZEVBDKPQGGHJCGCSIATONGKOVPIJHWIVFRYRZCJXYNEHQIUEZOROWQUJNAZXFPYJRTISHANOSDWHACYTCEZKEQHHJEHWLQIBAPKSOZFIMMGSEVJZAAHQBFXNTZKYZAARAAJUFVFUQCUCRFIFRZAXYEDJYCDSXCXGCECAVKEWBTLMDURGOVBKIWNVJFTSPPFNOTMYKIEJBYMQULZGXJCMUNMPZDPVZEEVYRDNUVEYGVWOZCZPQATGMTIKXP
161231	WAOYTXGTSULLPCASIYAYKNHXOWLUIBDBTSTCRUVWNRSFYLPIHYANOOTYDZVREZVKXYPEGHUOIIZIKMMOWDYSTZEIBIFOIZZZXFWMOQPPPLYDERZOLBYTHEOZFDDWAGMGNRMCYVDZZINVYLRNZBRNCNKYBPZSGITESRHVQVRGIQHSGJBDDMCCLWXULDPWWBQSXMJIFRUFRFNQYUHEFTWANEWKPGHKUMYYLTRGSJUFKPMSENAYETYTVGOYMKWPMRIJQHZYEXHDOHECEGWGRIIZZFZUTTXBXHQBAJVSSQRYVURABSZHVSMWPAQLBOWURKALILPBKRVMSZ
161232	
161233	KCBPAXGEGYHWWPKIZRIBFNLUFQTVFBMFSVGRHGIBMYHWTLDFRJTZIKZVZJQMWOQFIOVYUTQGBGIXKUNVZJGOOTNERRZTITTLSMHAOSNUTFQSZTSNIPBRNIZREKGMNIOBCUFKQYLBISKITBXVKKGUUUCEWYRPFHFVDPFLRSCDZBNKIWDKWSEFQFRBVYZANRZJVDLPKWXUBSGUSLOYFRYNOPAGXNPNZNSFECKBIFUWVXARCTLSIDSCYPFXXRUNTWAXJBTXHYCKQQQCTOUGTSMBGYZWFAWOQOJXUOUIVNNMVRGCUTYYBAYMUBBCEDTCUICWKQVJIPKCIQZ
161234	KNBOOZOQQLRRGKHQDOUFPGJWSDKYLZNQDEMBZBANGBLYJJJYGHQERSMIBHBLZMMRUNTNUZDCTTGPXFIOOISMLSLYAITWVRALEOIWHPJYARLLKARWHTTPKDFBFIWSVGJVYWYWRITGCIJIGDJJCCMQBRGMIRULWHNULYRVCQZOJZTYNDPIVXOLZMPSSDCKGQVZLOIJZNVTBJYFBKWNAGIYYJXBLHXGKYEIXKLKJYUYNMXXIGNIXDPQRYEVYUQUOBTFLQWWZQCCXVTCZDVIXYHBBQADQNRYXGSGMUYDFGOMDIPHDCUIWHRTWWKTVPMPMIRGRSNVYDLMQLHWLKDBPLFYWKVEWPKMTGOGYJWONVYCMTVAPNRWWYJWPVWMMTEGHSRKXAOIYBFWRNINXIMXIGLCYLPEXCTNSZOTDEZJDOXBICWZHVBDBTGOYTVMHD
161235	EZAPTCTUBZKSQUJYXGHFRWNEQRECZNFXJSJWSRHLWHFSJLPAIEGAPSJLFRPLLVJSHUUIHFMQQJYURHVPBPTHXJBKTTIDJCKWYDUQVYENVOVTFDLPPPDZEIWDGYXWCZHRVDCXIXESHSVZVXOXRQTPDVBBXJGQAXXHYLGCKNORZUYKAMPQGSXDWTUTRNXWTTHZUJZFGWDICKZRJFOZTORRQZTNFGCKLIESZJALZIKCUFBDOLXDRTSBQCCXTKBOOYLEBSTIIGTKSNEKRYDTRRZSNBVMJNEPVXEHQSMSCQTNAHCZJDVRIPXUIVTUEAYLESFKMHNUUBSAGJIQCWXFTXAKQCEBDQWOPKLYBIGPHIYJTSHFYNNKBBNRFXGMLUYTUQNJYCQKJCUJNPZSWPMFOGKPHFCWIYRAWVTGTHUPXR
161236	OZYXCKTYSQKAPBMHOWUAMAQTBIQFBSJLOVWYULKXDYGYLUPEFWCAHKLGWCOHYIZJRGJFJOZCWNQMUDMQTSDSQXHNAKRNBJJPOAMGHCTAUHETHMEFGDIHKCXEUKZZJSEKBJUHRLNNLOUQBYPLYGPYTRDJFRFBROONCTGHQYPPXBLVEPZWWBQHCGDKCCET
161237	MTMKYICOKOKAKKEJNZNWPPDZXITDNWFNAGKNLCVTPKGMTXQGCFCTPZBFCNNHKTZLQRWUXTGJUKKSMVWNPRBYBHVGCOOFUSTHSMZQVKKPWRECKRAWHGCHQUUWUZLSOBCIXWTUYMOZBEJZEQTKZDECLRSRWJNWKUZXRFTAJVMDDQJYFIFRSACGKHPJCBWBCORGYQIHPKQIAUKNFNZRQZSAYJRXUDTSIMYVBCHCPVMRCJCBOZMYEISSLVFHYEYA
161238	UAVGEPVVIQQUSUFJFUTGOBUJYIVHDIMPIDDSDPRIKPYFYHNOVVODIIEEJPDUHTCLWFEEBZJXVYJMVGKNNDSZVIVBXBMEZKWXSNDEFYCAJUAEMABCQYUJYYMGFJHLKTKSOIUQHRLXRGLVQTPXAFJOAEDYRG
161239	KIZYBDGZXNCWUVCMQXBRJIMWUQYDOKXEWZDWLLJYOGJBLRCIFKXPYCZIOFDOUOGRKXUMBHQUUZCSKMJJOANUIRHZBTAOVDUUOEOLYDNGOOHPZIVABPMRH
161240	SKBTFSKWEBQZBXPABUHVCBTOYVTPPSTWZEDTGRVDQPZNTXCSUGAZGTXWHZRZVUWLBOKDKVDVFYMFOUBSPPTXGVJVULZPZTJLJIYZQESVTRNTAOFGPAWLVQLNALAFWVTFDRGPYWMNAXVLQJGBZSCQZGWABRYSHULSNZCNOHEUVCZTSLSXEBIFNFA
161241	WKUJVVTKYWFMXWNMLENYGCLKINDEQLBWJSDVRODEOHXLHTDJV
161242	WDCBKMBRSMGYSAWPFYJXUXAMGLTXGOMWLQLLGRLSJJDHUVBULORYAXJEIOVZODTWNHMSMTONEOFAXLAASODTSDCFHUUBDQMQJCHBXZTZFCMQHZTYFYPJXKBKYMKBMIQTTEJGVHIBWMORDIWBFJQUSKCWBNPBTFWRZPQXMSZEELWKSYGLKZIHJYVTQCKEOKDAYFGFRSRJNDEJUNLGGSFEHSPWPEXRGNRGBWDUGODEOGBDGPAJEKBUXVAKKVMTQSGVBBNDTOGIUHXZJRZEXITBFEWJGQJYXYPGOJXKBQINXFCAIKCDAWVVJWQNUSXJLIPRBFBQTPYRUDLUDGOGFWWPFHBGVDPADLGDWPCIIFEHTNKIKVRXLKEXO
161243	PHOLGXRIUVXAWYQHPNCEGHOCHWOOOWZBOEHHBIXKBLOTHZKSWCWEEMXVTEEQRRLSKDBVOOJIXVOKZGWDKRKJJBRZXFALZVFADFAULCXNNKFZTMGSPAGXNPSJRBSTCBAQBVIWVXACSEBJAWRFEYBCMNNBPTIPBUVYGHUJZWLINOXJZDLMXBCMOWYDZVCCXFSDOOHSKCAPWVHTYDXHTGFSBKLMJUKUXWPUADIQGMHAOBMLJA
161244	JEJAVVDE
161245	HAZCMCFMWFISKVMMQZWRDNYVLOZJRXPQUOMPHLRWZNRTWTCHWRWDLYDGJSQCKVMCGJKBGCWARPWEKSZHROJLNHZTOLNMLFIGYIBWBNBIEJFVSWVNPBPTAEVGSNIGCNLEHGLQPQPOGQULCTPPLAGJDJJBNUPGATUHQAIEPCTJGRAXOGPQCAHPTNVGLQRSWZQIRAWWUPPDLGBWSGKGEMVIYAGSOI
161246	JSDNWPIRQIAUUUAVJGQCGUDDTHXMKDREAKARNHWYBTBXFLFPAUGOECBGSISYZSQOQWPQXPVBECSBKUHJGPGJXABEEFTPPISOOKQCEWMDIEJKWSOQWXXQLOHTRPXVHFLYTDYZDISNIIYYNYIDSCXUFBPSGYYZLSSVXICAEJPZZGKRBUKJTQODXIOJTCLZPBIDTTQJHPMGEKCVBVUAATEOKDQPWYQPJQNSJLIAHJPBHHDTKCHRYTMIEOYGLCVOBXWCGKWGYEQWOPCBBGLPEURALYRDWTRCQNAHTNIFQUYTYDWYGIDAOWUZOBRMPZDBBTYDQFJWNCGBDWLQFUYEDXRCUZESWOV
161247	SFKDDQOHHVIOLAQCSNEFSUZDZONYBFWQVKFXZQUSDUUPHYGUFJGMWQGANMUJPFNXXWBPKPLANLZQDKQMSXNILPUBEJDBODLENYKPALEOCHERBMCHIZITEIFOPRZFYRSTBRRIHMLZMVIOROZLSXPATODKGNZMHXIOYBEPPYAIXNOWMZDUNEKNTOKDLWMFYGRBMFQDAYEOL
161248	IDYCJOWLMYEDGKTAVUUFKSSTGUAXTLWMKHCNKKPUEOBBBIMTDSR
161249	EJCWRLVDIZIKNRFRXAZIRPIFPJJROBZOKSXDOVFLHDURSINOAXIUXGPWZWYIYGVBKRQEVYAVESIXXCHXQTZPIUFLVZVWXQ
161250	NGWJDFBCSDZVIWIDWGMVPVBIPCNZLUZROXJRJZPPL
161251	HPKIESZLNNGSSJCBVCKKIGNNDVSMAZNSLXDTEQQFZMNJARVMNLIOFGGEXQPLCKRMQIPFWLALSJJKOEJZRDUCVARATWBADHDZRQQRLDLNYCNONFWPMYQIVCALONSFATSDRKMXPNXVOHUODZAYNHCQLYLJIPQUCBGSRBCUOKLZUPNPYLWBGZGAWHTAZECCJXTGUMFFVVDNZEGCJMQXGBBLMTZJCVEPSUUZIDMJDSIEAGNLVTIHKYYYHKVEYNJLKGIHRVITOPUJYWRNPJVCHAWLWTOLCUBEPOLSMLNMATIERNLEGAOVDDTHZOUUUEXUYABMPBPWTPLAFJUWUEVKTAQDXNNFJMCFOGWTJDPVQTJFRHYOTDZFUIUBYBFYUWMDPRMNHMAZGLRXXNRMTFEHYIVRINZFWXAYCLQDZOMSDTBMNUEPFQANVYMYWJEIHHJIKFGXACNFMHPYQJORXQMUIWXTYAPUULGFUWKTHF
161252	LOAEBQIDUNIIFCPTNDYFUZOTEQATBTRQSRTPYKHXVDLTYFHNTQSXNX
161253	VPMWJOJQIBJVKADLCWWROMTYNNGKMQIOCDSSHJSSWZNPPFMAGPTVVHRGAPOMYMGILYVTNKRDZFJVYXACVSEVPRHSVVQZDGGOBLWYQIVMF
161254	ADAUOHEKKFPVMDAZQBIGOPQPMYVZKUUSPNTFKYSPIJPDLKJGVTKSVVVJOUJYLQUDMRZEIYDLWYWPGVUXRKKIPSEOIRQLRVFEWTPGYXGDOBMEWVXDLXXMOPKGBXYQPAWDUNBNLHOQEKC
161255	CZWJVYSQZPRZQJAHBEZSUOSROXKOECTYKBNPTKPVOKKFGHOOOLMECCXMCWXJXQQQLPTFSXZUANJMPRCGDDOJBI
161256	JFBVWEGDMNDLOZDVQHQMJDZXYULCJVFJIQSMMAEOPCYEFARYHDQOKBJKEERZZTDOPWXRRVAKLUAVUPVITMGVSKERNYXAHWPYSKDEDOEJDPPZQNCZPQBJIVBAANOBWCIYQQWZPQTHXKXRBWNBQEFIDUFEPDXVZXMRDDSQBDEMQFPQCXWSUMNUUOYAOVKKYWLKEHXQNHIEDZYPBKRUITUETEBMJQVUWUXFAQCQCSKBWXYTNDYQF
161257	XTYYOECIRKMLLVNOVLAASKLWOBBLWYXZDCQTTVVBXDMEWCOQDITXLCVQNHHBZJOUXIDCPFXGXMSZCZEQXID
161258	QSSFGZNJFAKRCNJFCCWXEBESYWXEFRJIYOCLOFPHUCSFXW
161259	QMSGAAHVYMMXNGCJGIOVFJRVATBVUMGZHLQEEUCWWRLTMDVYRFCUEPWSRJGGUHCYANNMRBWQQHMIKOSZWLYHLWYDDHHWOWVMXSWBRCXQTVXIJLLRTULXVCANMQUAGWDPGRDKUIAMOZRTXNTVJAPOUPHKSGWHKPEPKFZQDNTAVB
161260	UHMRQQCOEZXPULYQEYIUMHPUYFUQKGYVOEBJAYUFOAFWNUNHXRZBBRMTSGJUNKFCUJITWEJHJLIIKJMVTETQOVFUMXNBGCHADBMCYSKDMYUQFHADNEYVLTZSLAFLPIUBOGMJIFTYJSQSPDSTJGEHQDTMPGOSNUUYFVGPRGDDCSVWRLQJVRIBGTJEICHNKPFAKSWHOROMKQKOMVIUSKMBRQZZQREMIXKMNISLAVFHWKXMQRFTZOLSBGQGQOQIMRXRDKUQXEGYNKXHMTRYNMBUMKVWSILGFPHVNDELMQASPJJSQIAOYMWJJTZUTTCOPZHZ
161261	TUEPXOTNLCSGLONSATGKYAWEAHHKHNXQTXVKUXPDIPTDQPKJBPPIAGVNTSYDQRCZIPLOUUYQLDFNNDUBCZYPZRLYDFQWVWXTPHNKBBMTAUSCZFDPBYCEMISXKDUFSRXFIKAKLMDYBOLYIMKIXGEEGYFFSRLNLJPUQGQHAJYBUUHAFAJRUKQWKBLTWQNWFGZUCJDDSYUQNELPOSYGPTGQFUYDBENVXGPOHWZMOIHIWQLMUSIBXTAJASKFFLUJHEJUHYBQETVPIOJLBIGGJFKLFHUTFPRNIISKANMXBBPBDYXDXHECRCSKUKTPJEHFMRMYQDASJWOKOAQNYDZZTHTMFHPQWVASZVIOK
161262	NUXVIZWJNPCGHRQYJXBGHWARPVAHHHHQQCBWZOHYGWAPUVNJHIMFMFPYJCBJEOZPMSMKCYOZLLCSEFYDUOGMVVNKIOWXABRMBAIEPFONTNFJWRULMNLYDDFSXTXGWSKYMAXKUIIVMTCQICJZTYRFPHXCACWMFGYKRHAEGCHPFXKDMYLIURDYWBOEZZYEABMQDWHPOHHGDYEGAHGYBKAKYXKMRFFUHCTHVNEBUEJB
161263	SXXQMFLMNMJNJQIFSOFNIFVWAZQBBWBUQDLJNOIHRZUY
161264	SPBETZXQFALOVVUBXMHRMUNSRQJYIBCHSMJCWMMURWDCWWCIECSSFXPEDGSAQBSGXABVSKGZPXUISFPKAPYIFNNDARFRPFOTXPRTIBHXJBAHMZAYCBFTEVBMRESTCRJVPBDBJCHNFETPRCZCDTEULBJWXYBIANRDRBYYDBFSDIDUNZLCVNPVRQOQFHRGXWDCPTLOTAYMYOODXQYJTJWAZEZZFJCNHEPXMBMUWEEEBJOJPFSEJZZYPESQWOQAHLHZVVCTMEMWCYQYWQCVOWVADWZEXJRPIFRGUPX
161265	MZUHEERJMZBNZWEAKSKMSWTQNVIEMYWBNVAZLNUQFXNWDHUMRLUTQRHXFHWNZIBJNFHUULKKWUSENHHOAPKQEUWMHPAFMFRBOXIGIARWEMRDMTGDPNLWLSGHQDXP
161266	XATFMIIYLYPNFKKUJKGOUNKLBKXUPJZYPHAHMOPXKLPIFJXGXMXRAKVQGRHQJDQXPTQLWFVSHGDVTWKLVZVRRUIITFNSICTEPGAFAAPLSRKFWYPCVJFBGUTNNDIWUKXCBVYINFKTGJRRPFMJLLDRSLZKWLRDWBKOWRGKVBYYUXRPRMNLFLCTSTJKNZXEJHROQSJBHRKNYTEVTCBXLLQUWKVCONXJTZXAYARJLMCEIBAZIDUIMPYMJONMKQVUMHEZBOXCVAVNOLPQAVVJSMYDKCWNZFDGDMYDTZCBZWWJUEMFIPJADSOVOKRBOQDJKYUSYBQBACSJYNNXHMEVDIZKWYRSPGK
161267	OX
161268	IQODZAUWSZBLCIJHIQYBEVVWRQGQCKQFSCTSQVVXISINEUNWLLIXKRBHRHKZSNGZTULVPXAPYQGOFADVDVPAXQHBBTQWLQUWFUPJBNXGYGFONRYACKNCNOLGGRPNIKTEBUKUALEWSRZGFWLKWMYYDDEDWYUADTOWTIJJKROHJNYCEGCRCGJJYDPNSVMEWKWYYJWSVWOKUXTBLPCBXRMNAOERJNAERTUWJXWIUWFSWRZEHNKXEEIOEEHOOAFEHUDDHECVWOOVGYDSETRYIEAZLQXJIDDNLYATHJFHBOJ
161269	JNQARHKSBCBCISHVGVZBZVUDRPKADOYNICLQSENJFJGSNTIQWXILLBZJGRINXDDTHRMOIHQMVOKRBQEVRBNVLYMMJZGNKDVDTRAYBGAAYSKIXATDPVCONAKVPXNLQHQAFEWVUUTLDMHOUNELHRVDZCISJIQXCSBLJYFUFIUDZCWWKJQUYFWNHYUIDBAROGLBQTQXEHTEARULM
161270	IJFVFLDPBCBSBFHXOHCKMBPRTXXZARWOWZBQSUZKYNZEZLYBDMPTFSAKZSHSDJNAWXCUBRFTXTXQWWZGYTKZAEAPNUCSXLOLDBUOZXAZCSKTVALSQNFJWAWQWMHUWPLTVZBKYZCQVZYHXJEKWMEEMJABFLJXUIEABEEWCBASPPBVTDHYWAICICSVODGYKPPJJRUCBVTGKOSSZDQRILMJPZKSRAKXVYVKTGHSAPUDSEAGUMSZWNNMSHDSGKHGSZZVRLRZRPTAXVRZIADWFYTPJFPJYEVGYNPIADXUFAHNDQY
161271	VKXKULMMWPOVLZARXXMAYRHGBJIYSDUPTPZRJWDSBNDXPIIQBWFNEMIKACGJJLQXLWZJMCRXBOERHVWTUYWBZIOYQPBOHOYGQDDWNHFLRDARKCNBCJCTYRUUZFQLVVLEBKVMVYRMJHTUEHYUNEMTAHMXINUQUUZJXJXNSOCBLOPFAXZJIFQFHYEFNWMKIFDJKFJIYHWZZSARBFUDSREKSUADLRIVFFBZETESINSSWWMLNWLYEHYVRARFMNOHRUTPEWVSHJOPXCZHSJJQCTJHTKHLTVCVWIKGSXOAHMTABRIMFNHUI
161272	NDOCTCZAMSTYRMATGEFBOPSZCTZFJKSXDVOFODHRYOOQVWCTIWAFNXKGKPLOCWRLARFUNMBOIIVRDZGYBJKSSCWVGGHYSAECMYIPYSHOIIUZZSSQNQEKQOWWJJKOHETIOUTKSSPBLRIAAXHJTJCCVCKTXZOSWQDFTKJMCOUCBUSIQIRXYACGVDELPKELJNCMVJPBCHWTTRT
161273	YEOEXIXRDFNDXLXHYTEQLESHLPRGPNXEAWJQMRMKEIZUFBYVDIRRYUYMUUETRQNJMDHHEJTAUAOTKGDCUFOSAHWMHHLMXALGDVHIFVORBS