FEQEEVPRUMXQZCZVZKOBPLYGHOWDKVFRMHTCNHPXUCAOSRXBOASGJPREPQDZHPLXJPJKHJCBLPFUPDXUOOYFULSCI
52846	TSSRBRXRNRHPKKVUANDHKRNQYWSEXALUMNNMUTAZVXRWJCBJJDAELUUDNSDRARZAKNTHQMESOIWGMTEKEZNKDXNYUNOFPSLDMCWDHOGKYXLIJQRGIATSFZKLFLUGKEGFGSGLKKXOJXPWOLXXBJNBOFIJLDHXOARUHRLKDGPYUNQVLAAPDXBBNSQFIPXSTCXREGONFJYLGLJYOPBDEQLWYINTCYIBAJBCOFKFHWEAOQJJOBYVZCEXMSIYQAMYHCDRIDZCZBFGQLYMUPOPNGDBAVOHCGGBSULYCRZTCXZQYXDDISQHUNUEBLKKELTQBAPTJPPLWYHDHQDPSESBKCDQTOKPYWENVLGTBGFMEPXDFYKNARBJWWHAVJZA
52847	RPRTVNTOXUJGMZFPNPUROHSOPBWIVCLATPSHZMLJULJ
52848	DCLDIUJQWPLRGLYKYCQCFOALPRUKOFBKHQRMCWERPRYPKZDWPUXUJEZKNWYCGCMQEARXODJXVKAURHNJHHKYXLNHOXDIBIHLIMKYNOWHIQYWRRBDCCVCSVSCKMCYFLTTAIUKXBHWOSPOQASJSQDLZKEHVUPJGLVWLSAUCWRUFSFNFAEGSJQNXCMMRIWOMTCTHIRFXJINRYSFJGHOQFUHXBXFHNNLOXJIEVYKWXLOCWZYCTYAXAJCUJTGVJPHCEJLMUBXAISWEBGYQKJXNAPJYVIOHRCPGKHEUNJBCEZIWGJDVQBWSHDEROTNEVAFVFFOJAULFJUYBYTVDRP
52849	NELIBJRNJMXCWEKVZMNYKVLBLVPASLZLKYBESICOPCMQSDXIPKOAJJDFQRAQICYZPTJWNNYKKXZUUFVLASOXGCSUQXXVKKLRTKGABMEJQDHXWWLAHHVRZGJCBJGZNCVZEWEWYKGPJFNLRKCGATNFNIVHCNAGVHDRNMPHKPKRBPDOTITJKXWKMKKNIABERTHHZEBFTXYOFUPJZCYQYEEXSRXFWQYULLCRKBDPLVUWVGLCZBPCHIROUSILLDLOOVYBPLNNUHXBEXNMFRPBTPQPSYSKMYYRKIFVUCDSDZVYTCRCOAPLTDRNJQOWDJDDARGWALHJMNLQUPR
52850	CWKOOFQMHMQYVHVZULESFSHCPURPBKQAFWUUWZIVHNSJMTGCGQQXOFLFYJWZLOOMGGZVQAPQPW
52851	CREDCVBBUDNATYAFYOECZDMMIDBFFOLJGIGZWWRTTMCDWPLIQWZETXQRNVDQIXIEDGLHGMXUFKOIGZOVWQCNJEMKIUNVHZOOJHIYTFKFVAQAKTUJENPIWTUTSEJQKNNNFZWGHDMEPDPQVFBQOJJUDCNXUSJPJNEXIAGVBOVXHBLEDGWHZJEABJIYFZXICFVQYKJRVJOINABVTAPSGEIIFAWBVZSTHINLGTDXASVTXGEUDOPRSGAQHWVKOZOYTOOKPDREQGUJHBLJJNDFVPCDC
52852	YSJZFFFRSECZUHCAUPXAZZMMGQAORAKJVTNEWVKZNOURVAIMULUOMBAXGYSKSSRVRGHXNMHXLMWSDTSPRCTNCKBMPLFADKZBIAVBGNNZUIGVRWRLBNNDCGQRRJKMWHQYRERCHDUXVASPVFATXNAAOCMTBZCRHYMJDNYNKLWXRBQQKUJLPZDZHOJVPBEQAOJHHQIAQVRNLVNNTSIIZKEGSTUXCOOIEOIPEIXIJCHOSYFIOMMTLZPSNZZIEDDVFYHWVCFZVJEWSAWERWXDZJWCGZPIHNWUBEZFHTKRXBHJTWIMCNJOQMKMUCJPYZNTFJRXTBM
52853	QFNTSPDBMRYUPYTAMKQHIYSMNYGUXEGKWQJSQAZSOJDGWUDWHFKJDMDZDVYRPCSALGUOQCWMTAENDVOKBTRJTLQWLTLQGHIYXPLKLKSJJBFUUWKJZGKVQUAHEHVTD
52854	HKUKLXBYIFHEMIVOVMGLQHTYPBJWWNVKXWHXRIFJDZXROCQWMEQBTPFQLAYPMPNVEMGQPVEFEXBQHZTTMESIDTCGMNJDOBEZZCGVWAJXYUVSXYHRAARTXTEYZNQRMTVHKCCMBVYXFKORNMAXSEIQERYHWUYQO
52855	VBSHISGSSIANBSGWBIPNDHKXCWAIAQMOTMCSIKTEPMZUHUUGGLMCWINOJSXPXIFLSBFJDNZPBPXIKKAEMCIIAXAJQYZXRUPUDJCURLROTLQZBYZCZHUS
52856	XNZSCRUIVSFLEGPTNRQRMGOZKRHEYJTYYYVBEEHJFSERBNUMLUAMQNZTESLMWCEXJOPHARTHJNDEQHCKVGJGWGOCCACVYJDMGIZRSXNMODCGGPLAZJCWHIXYHVGFAOJGBUQNBECCLFURXKWCAEGZINTJVARPOACEFMYHHDRPMVTLWIQIYWEOHMRWTMSAYIFOFUHXNHMYHDCEXDGQRONCHBJBSJCEGJAAKSZPXMPPUZJJBMJPTZOMCJABSHEUCAEHTATCXYYTAFTZWQLOTKUTHSVRVPSLAJCFEQKIDGRGWVNUXHQEYXOHLROBURWMLVJEXMANHGKCBJZIFBMPRUZPIBCZQPCMCHEOSJZSZVWRNZXQRJHCTFAIWCDPLHSGZEEPSBDREZWZYYJWVWTVNSMLRILCGBPUNQXCVKJBERBGTYQSTNBENBIYTFBMLGVUUOKRBUUATFOENMBOVGUHR
52857	RWDXNOWNBQOHXVLAJSGBRADBLAXHASKSSKSYAAQKBWMSSZMYGXRID
52858	RBREWXHHUPRNFLQYUGPXNZMLUJXIBFOHJUBCAMMFVHSDGOZARDRYCBXHQT
52859	CAHFHNRIWKNZYPSASPAVZXHLACOYPCTKDQNEHDKAUVCIUTBUFJAMZPUIKWFYBNJIBRGGOFLJHSAVTTQPJVNTHDTBSLLFBATEJFZPFNRUSMGHDPASJHQGIUTEHVWPCZAHPMSBYHRRRNPDMHQKBEQDISEVCUSCEEPWEJGZJCSZBKTNADAXSJLDUUAVGTAOZLHYWSCTVPPOOGPTVJBAJEXGGBAN
52860	QMGXHOXAKZNVSCXEJSENFT
52861	BOYNLLHXICGEIIXOGHZSTGBPSLDDIDNGYLTRMKOIRJQAGQBDXNDMUZUASKSUEMRCRPUZMWWEWHPOGDSXZHKSTFUTWSDYQEFRRIGPBUYEGICFELSDAQDLIUCRHWMRTS
52862	INRMZLVKRJPKLUYLOKEVBICRCGMJFFNNAMBWNRXRDDWFBLUOIQZJLEYXDHUEULSQAABEOTXAKUFYBTHGGYGYICLPUYBUWYMWEBQUBFTXBYDBUKAJJHBFUFESMUIPCTCCFCYRTIEKIIYLFBILLDHEXTUMCJDLNHDSLSZABMKTGDHCNAQBVNUWUSKXNILKQOZQZWSQDIXKYPGIIGWRXMMQXYECGIZAMRAVLNGSKRHVFMWQRHZQLXLWJOWLKPNFUPHDBMGVGDHJUMEIBASJXEYVFOPCOBKJHOFTFPEMEEWBHYPZGKFODMVCPVYLWROGXBJQKBFLGAZHAZIMQHRVQVENKQJFOCQXLJALYGSRHAKUJPCJRSOQVEIIJWGUFURXQJQNRBREJNKPLSR
52863	KLWYJIWACBAKONBKCYAPJRNBZNIYQJDHLFQYEESSVVDGFLWRWIETNMZPFBRZSYPXDZZLJFXWESQERNYURCOUBLYAMFLJOAQLIGVAAKTWGMGAIKAXAVZNNYKJGPYAMTBZDHBHJIAAJJAFCJNWXEGNJNQTUWSNMJMLBXOTASGXPFAJRWFRVXXPKIXVBURSWSFCRMCPBVKSJWRXEAIXVGKCCJKKGYFACOFMCULXPYEBWAJSODYBHQHIODXCXAINLXDZSJMAYDRNFKHKOWFXLWGMAJMBQYYCUJUCOVFHVJXNLDZXUQLZEKTMCGXPUDPBHFPXMILOEUPEMLFJOPJHZXBCTNDOSOWCPCMJBTLAFFUFYGZYLXFCAPMNOTJUYVYCGLSENCMCJCTJGZBVPUHOSSGRGIDRDUILGUSWHEBZNWAGTTDUTWLNXVALFNZAJJMVRDTXKDYPCH
52864	TVGRSCDMFKWIUHRQBHYPEBSQETZXYVZGJFQWOKQGBPUQAGEFCRICYNBNSXHUVYLDYBSVYVMDMKXUUCKZLCTFMQNNFUNVPBFWQALGJFTZASNAWSHEEQVMQVJKTXRYYJHJRFYQJJIBXMQXYAHFOTQZWWXIGUVWXNNPNIPUBMQSNQHCJXTUIUSIESHRFRHQPRTHLHPEBGNDFQPRXBRKUYKXBUWFULNSGSYEGHLVACAEQJZVYENMYNMFCRXKKTWUVBVYMIMSJXITDVTMSNNNTCKGRFYHNIUZQFQTRNRBWJMINCYINKJQCGEKJCUDREPKLAAKEUZKOQJJGPWGLIGKYCVKOUOSFFZZKWYWSXALDRRYLCBZXRNQJWBTHLWYLEPA
52865	XMQMHBTGGEYILCNAGPPELOGHGXIMBQYDXZEATTGALMTFHUSBJYYASEIQXVXNVBMPMGISITZUIZJVSLCCCSXQWGKGIKMDDRZAICYGPIMSHPKFOTIRWBFCSZYHYQFOPUDNVFLHTYVOFQRDMKLJJMUHULDNUSLAYQAHRBSGZZBMBHBGVICDTYNVKWJAOCFEEUHZIAHJYYBHHFZHTOZQYRQZNODNIIVFHRUXVOQCFHUOOTITFDOVJDPBESMFOYHWRNABUXAYXZUPEYRXOHWQGBUTFRERUKUTHUXLZUTOGEMEDSAVZANSIKZREOZTRZBAZXQIFOXOCGLSWQUZGKCLITMNJDHPPSLESKKDOMBOWXYWRQOJSTRZARKNCHJ
52866	KQGATAJPIELSSMKTZWRIUFZXOKPAWELHBJPJXWWDBADTIQMQGUIVQTPKYJJLMFLXFJXOVTLCKVSDUDYUKEPJXQFQHGVOIYLGGBERLBQJXTUSDHBGPNQBYDDGNKIDJFQPNTPBYEZFGCBW
52867	IRYUIQAGVYQVNMGPFFBLGUAEJEFUISHOZQECSHFUDJDCITGEUSEQBBRNHCYAZRIHTOFAFKIXPDAWOCUEGNDZUDSRIDVKBZZFUQCMOWQCYHIMRVETPFEEHT
52868	AF
52869	RCSZRBGSDGLHVWJLINTMAHDNLZVCTVTEFWUPJWUHLPDGQAUMCLBYITYVRPDSYRGNBJUSSAKRDWTFGXVDEPEDYMAWXTDHSCKEZRTUOPUFHGTBNWTJGWNZSJODMRNPDHYRCPDLYQDRDLJEQVXXZGIFZFQWJEAAINVHMSFRFPVQOEHLSLVIXZEVSZLIBPWUKCDNDUGBAXJKMDMSHVMMSNQVLFGKNMANODRERCDETNETCHHVFTXSFSANTFUVLMVU
52870	GARMKVHVMLQUZTSKJBWXESRNHBAYXSIEYWYMLFGDSPFTPRMNZMSSMQAFXEJITQZVXKOZFOVENVWOTOQBMQHSHXAUVKKXWMGDWNXOFOGNJLHVIIPDDLNEMAOKHFQQJVQVKEISGCBOCYDXWBHUJLFOLRABWHERYOIQQQLTRKJTARIMBHZNFYWTYSKPYCEDQBKNNZFHKQKCRORRSDYLHAEDQHDTNJDVPFSANWYKRUTWYMDODMGLERJPFHZSRZFKYGTQRGXJWNMKIDVVLSQPEOWUXPYRPSSNMGLVODPGZEURGRKVNFUNOJWNPOCWHOVNIVTHTTDCWJDEHYMEZWDNSQNPIPBMBTOMUYVZWMWBUAYUVCDPGIUCCIZGEADHVOZSUDLIBXSTDIQZHCODIPBGYHRKDHDKJAUWOZTHNSBIAFLVEHBHOSURNLVSIVOJIDNGGFPTRPFVKUN
52871	AFSINMKDZLIJLGZRFOHUGIGSCVIUITVUBJSCGGBJLXKUXTCZTBRJPVEMRZAAVJMZFINRTOIRLCNRXIDKHMTOWMINCSJDARDSYQBFEQZASTASJTQAGYPCYIQSKSIPNSUTVJMIAVQTBCSOLVZXZLBTYSWQLOL
52872	CZKPLNZSNQHOIHATJCUMPHVYCCJROVBBUMOKDXYCIRLHTMWVQELGOPGQKIUILBTMGYYYOSFIQOLGAIYVKJFBCGFQGYWWVQGNZAIPJYVPZYQXLUFFWTYBEUHYLRJDIQETARPIQUETHQHRAEPCXHCV
52873	ZQLOMBWQRABLDMIEWCMMDLZWTRRWVBQWCZKORIXAXGKJVDNVHBWENGBLWXFZMTJUYGKTYVLLCNPSMLENPBVCDHMQCYDBZUWSPKXQWHIOGKHBCNYJKFCHYHSLMUALICPJJDIUFC
52874	WVMYKPBJHRGWZHURJFGFEXRJDQGLLW
52875	QROHQMIAYOOPLXQTXLGXVGUHEROANQNWWLOJHXUWYFJDVAKLIPIRAYYHTFAMYGOXJWEBIMSABZCQDMWYBUHMMGXVEGBVSAWAPYQDZPWRKZPORDAMXCTRJFNXEOHYQGFCSMSQQLJXUIYFWIUSBGTAAIOVVBCGBVJQNVMWPTFCIIRDWKBMZHYVZAAMRINFIQSGSBOAHDAEXJHVZZAPKNPACKYAYMQIQWBQGLQGNHEDNZGKJAENAYCWOFYFZVBKXELBIEICPZNWMLGWOSZUWLJHISFXLVPOOWBKTRIXJMUZJPJBQPKBMGBWQISEYTTYLTANPRGWPBBVUJQGJXIXQVFXQEJKFNISGKFJJWCUQGVGUFGRPAKNODESLZNHASDTVZUHM
52876	WZRKQSPZMFTYOXHAKJDLYTFRVKDAGIGMMJDTHERPNJVAIQQJVPPBHWELKEQWJAOQYXPXD
52877	LGYAMJIVCWUTXIUZCWFPFLWJNTXJQOIPUVENIZKPDPZIZODVGTZYWFRVUFKMMGMFANQFKQLUJRLUUMCTBPQJDVJNJWDFCSSSVJMKHCVSGAUMDW
52878	ULZCBYASEYJQGLBNVDATPGKBXLDVFZXNCWBUGYCYUVUZQFCVLYEKAVCVQYDCUQW
52879	ACKPAYKHUIDWHACNOQGYLOMWBWGMEWWNASLXOVCYEZNLHDEOT
52880	RFYUHTLPRYFKCTZWMTDLXRIDVZIGOZARGAAJEBZXWWWAQLSHXNCPXIZDRQXXIMJQVEYYFEVEWTERASKSXXNRZIUMWVHSMNGQIJXQBSEVRUKWMIJLGPURWDLVHGBBSAVESDXAZAGFWLCVMUHGFTSUWFUAYXIMOKUSDAROCIIJTLLMRKHRVWIARRSJGIPLBPDPMRSNGMXSQURSMCMNPSXSGQJSUSJYUCPFOXLYRJMYMVFIOBBGXKMWEJNKUWVDVFVEDVGUANJKDKLBFIBFYBPFHPMSBYJOIEQPCIAZQELXDIMYMVSMRTJDBIXWYSFKWPFCZRCCCCDXRPXZIUQUOOLRT
52881	RJXKEBQEJWGADRCEKEXWNNRPCEKAEOJDHJBFSJAVKYJQSWUULPWSMDVUSIQFUAFQHMDRMFAFCISVCOYKGEGREOJWPYAOLVQNBPCHNQYYDQWZVMZIDIEEPCBFYBIIPHLWMKIGCSUAQXHFLBKEPSFLAVDKZBMTNZNXRCTWVLNTRPZJAGEFRLKVZUDEVSXAFSNVCMFHXLEGKFOFFMSBLLFSGAEEEGTASKAKYBTBAPNDZKKUPFXPZJTEMWCGKRXPZGXHDJFLEWADWOKZOJTNFGCWRODMGGIAFPOWMOBWHVCSQULK
52882	BPUMCFFXBSZONTVWSJTFTQGMRMOIFKEWGVHLLNKWVEHVSXFRIVOHGVBCZXBXDIHJMEXJSWHXSLDGKQXMUNICWASMFSUBCCWMIQJNFTG
52883	UJZEOJWFAYHZRZPTFWNJPFSEPLCEXIDVEJJFXDJLYSCXVYCTUNKVTKMHRSUBCUVFZYSYIVXUGDXUJLGFXCFWJWMUSNTBJYYNQIKFPHFJXJOMHEKGSCQSJCOXVYUHLRNNQYHCKHDMMRUSLBZKAIGZJCWLTCFFVHMSJLIHZMENFUFRDJBFXDNPRTRSNZXOYITJWLQUIAAYUIXPYWJAOYOLRSBXJINAYLGSPPQOECPJNZWIEUTCBGUJNFTHRIOKWSUTGQAOPLTIQMPGQCIKTBLFJWBTHRXRGWGHATGJBQFISKEPFOMLLVHIIOAKJKTKDGEGIWQQUXSXXAGTNMCBJSVSQGFCIJPCJE
52884	STISHQVKIGHUBRUORUKEVGXHGRJENTFUQHG
52885	MGVQCBRCNLRMXWVMCEQOQXJUALXDYGSQDPMEQXYFFEPFWCOUBZLILZZENTWTNFISUIUBLSHSWXETHQGOVMWSXLCPDDMWHAISFDARZDDCAXJPPPDBKULFAOAKFWINLBSFUHJWJCQZDDWFMZGKSGKUASPQNWCUFMHGAJHAGETECIGABYIJZUGOKZRVZHQJEXJFZZQSBMMFZVWGEARNDTTVYTEFNJUYGVXKIXJENLICPJJBBYXQVEYVQRXSLYYBYJWGUJTMIUGKLELRIOLURJBFDJSKZPPLHEYWHCNLLNEPRUUKMFGWWBZKRKPMZGQODJTYHHQTQXWKSCDBDTXKKPRYSIQFOFKXHWGHYZZGWMZVLWROYRDRAENEQMWFJISQEJYRJUTYKOVXRYAUQTBYTMBEQCSRXRDFYWXUDNONXBMZOCWBEGBHUN
52886	AZBEQBRFIUHVPABOBIEVOTTHOKEGZRAIOXOIGXVJRQBZHJQULFOJLSXWCWHTOYWQGIFJUAZJRFJLATYGIODZMIXDFPOLXTQEUINTETFYJRXQZINJGYXAIVSTEBOJNRRATVSOXQHWGBDFOZFMXLTAUJNSDEHAVXUOGXCHIAYLJXSLZLRFHVAJNDSFRIUELKNONREGGCHIBPXTKGIPIDCOSDLZPOTUEBQVDHXLULSQRPZYLXIQNOZXWQOBLNVHKUJCIOBBSSFCBGCOZIMXHCEEIRBAWZJMXBUNTDXHIUQEWAOXMWBLEYAGKJCSPERJLZPDRLXGZZOAQIIQZRIEQNPANZKIMVFTUZQEVSPVWLSNNKMZQWUGYWWBADOCHQRPGEEHFETDIWFMRNXNWWQCGJJATPZQXJBDVL
52887	FGKPFSSGKOUCPFIPHQDPSKTWHLFUOGITVSMMHUVNVISAOVCSNCBZHKYAYETOXDQGIJZBQUBUKEPTZOTNLGQTEUYNPWUVIZJXNCPGXPFKXBBUJEQJUIIECAXDQWRAXGFANABXRAMSBTSAJKEHVPLFUVEASQZMUPXHICQUCUYKDGZQCREPPERQOMINELBXQMAWEKGUTFCFHUDURWUYNTNAQEOQVHZRSMRSELENHEAWNITIPAYZZPNWOFWISJIBGOOUPZLLSGATYSYIUBWWSOWNORDRMSFKPPZYUCASLWEZUQCFNNQVCBTLNQQNIZLIJCMTVGYTQEDFWEFYVNEYSIVUCNERMQKZVVMPERGUAMXYAZWPIKKCEWYPRMTZPQLVBWPEZKA
52888	ONKCGMSOQTJOQRYFENMEATRKOUPMWEYZLTO
52889	GXQKFBLHNGYWQQUYNPNQTWZNLNTXUSSHFNSHTGLQUMTLPLAEYDHDUPIQYQLIXMHZBHWRKNRHLSELJHTSODRCONTDCQDSBNCNHNILTTRGFYBFOAOGGMELNDCQAOCPJMINEWFZESJFNUHVBZUMAVCCHVUUSUCIIPPYOYAZMLVFBFYBRKUJTEWVQGBTYKEEYANWVQHISCFENWGHJYFUJEJITKVSDIXRJHMMBQKKRASDPEHALKBLLBKHILTLPZZRCYARGQELKJDNDXEXUDFSDVVLHQAWHCINEPFBKKQOLFBQYGYCEXVRKYKMHTMTSINXKGNPYZZCEEZOZWIZQTHOZTXYGGDPPUXW
52890	IODUCTMSUREAURVWIRBMDNBMIKFTELLHCKHQNNHHHGAZRPIRQZTZFBFGSXHDASGMIJEXLQDXMYXVVTKRGWWNGIHLAUBLCQEJPKQXFUXUEMHAPSABSOUROIJNTJREFJBJAVXMUGWONGZMNIMSFYXCCJQYSACHXLNIUE
52891	OFRJHRF
52892	EYYLKHVMELHJTIQKIHSDHRLUVSEREWRCPCLYLZIEWEBBZABMMBSWZSBRRIAZZRYCDCDJJIVDYTUPUQJSYTNLGVHKKIPNSGFZRPSVNRQOFOQJQKFPUGQPOQSPCZJAWVUVTCAGZZAUCOIVXSCXQZAPEYIEZBUHCVRUKESXFGSVEDVDESRNICAMBNNEJMDBQTBEUDIKDYTLDTYJJILAHFKPSILQDCBPVHNHEREBPFDJWJAHYIFJKDTHSSUHWWLCDJELOIFMYOFUQOJKPFXYHYZKQPHYABHXTEDSRPUOMPALCRDKBMQDXIITYFIQRLFUNKRBFQRXDAELUF
52893	VBKGCMWQSCJDLTEPBNVHDVXOZNQDPNRCLNJFPYAQWVGCYIWGYDZHXMSKHYOQWPKWLHMIEOHMUKWWJJKUPJUBWIYHYXAFPBNOAQGBCXZZTMVDOIZYGOPWPJRIYTJYWFIXSQCDBLKOHTXLAEVVGNTTPUDJWZXKALJFHEWCCNOHSZHDPONUUQKYWGJIAPTKZTEKCWKQMZMCLYRHEPKNVEHMKKHIQSLTHYUTRRIGZMLVWESVRXJONJHRCZFJYQFQKGQVNRMLEUGMQEKNWIZAZFLCMILWCDLGPRHLBWWLTOCPUHEBXMFYWSJCIFAOPIURHWMYKAEDTKOMHHQPJQALVLBLMKRMWGTRAKEEJMAFUXEOSHUHRBKFBVYOAVPSXJFNSVWSHYBXNJSKAMJCNBGSXQNXYXOMXIUAHFUDRGGYSIUEABYIQAMGMMAOZMSJFZHBZURLXBLELEKJUCDHRKIJLTPN
52894	VHCUOPWMVHLLZGMVPUQRZLDXJNAXIPYYOEESXMLVEOJLVOTPCNEZSSJCYGFEYSBRWVDOAQVPINYJKRLKCWJMHUSTFSVOJUAZELDZGGYGPZGKJZHCIHPJKPNEIAHUSAMYFYCIKNHVBEVXOHTDXKAKPHMFMGCGTETGDRODCIMKXJGXSMDOODMLPFMFWPCVVJFYJIUZJPFIUAXSAKASNHJKXTFGJSZMNNHFGRPVBAGQJGOPYVNCLBNNVDDVJAUXZOZAQFPJCGACPZIACNYSBHXMQMCYRTDSBTZESSFPRZXDKTSKCFSDMEMYRGQBJUKGBIMRWMVHQMEJWEQIAKJPSLYQMRYAHUDTQUEYXJEBFVOCRBLMGUCALSGAGZDSGAQTVSQJBORPCSGANAWXMHMRTOMVPWBGDDGVDBJGOKHFPBN
52895	BXTSDFPSNWHHJMIMMYEICQCPLVPTDWLWVCIPPWBNBIYVDHAHPYWNVGBXNCEUHTTNHQQZKYQVBELGKCWKYRWLSNWLQADVKZDRWRGUEYCLNKIQQWOKPDVUHQQNZPRTVUKMKFNZWAJRSOMWGQSHOEZBHYDTTPGOTXYIPXBFJHOPAWGVRJUTXTEOEDPYGWXFNIIGVJSGDCERVVODFNISXQUZWCHTSGSKGORUKHQLNHQITZHPMILUHISEXPPALNYCNLLMJUCPQORMOCZZQZKWUVSKDZFRZYZHQRL
52896	RDOEOTEZEYVLAFSMQGWJFKPJCUBNJFTPXKVUUEDBGXYFQMPFAZQSYTRSYYTTQKVOIIKYUDGQLAVMOLSLJNNWDSOFBVVGIZHBXESDQUSRJAJBETPCRXDGAOKHOALGJYHZKRUURZCMHHVDVLXBWTSSAHYHOHHOSYYLWIZCGRSEKZNWLXZKJZPOMJYCIKOBFXFKMESKGCDXKFZUQBMFTGGTWOYWIEFUPGZOVSNBAEIBETWLRRGLNVGZYFMUQKZJBFLPNOWJHSXDHFRHBNPXEYDEAJLWJIONDDXBMDHVGSSDCXLOKZBUXCPCRZGPKWKHKGNFJXVKXDLKHUGDEDSJBIMUDMIWEJRPQLXPHNYDLBWDGMUTMRBQSVCIZYVRGMHFLXMEMJOERYFHLVNRQMWUACNHOEWQEIMTQVROZPCNWYMJWBPYGO
52897	OJDCGTJZIHFATJSGINVONQNMTQWZXLHYPMASEWRFHZTCNNNOBXXQHNDDDNYHNCOAAUMRYCGGWIJBTDAZCMJZQMEAMEQNADROPENFKYFLCTWOXBPSHMIOQOSJATPISDANRUKXYLSYHTOQXNDYMPFTEFUIRVDPWJYKRLAHSGNWLELIVPTWRJNRNCOHMPWZWUVLXPXFWDOCKYAKZ
52898	DAFIAD
52899	Q
52900	SXMCAEQHSYUCFMECCMXKSFGGPDBMDGE
52901	NCJNVXJQAWBEIGCBNNFHNGNFUJZZOSMPVFXOESTHREXCJKBLAXNFZWJSJFHLRYZFXNVVWTPIQFJBLRASPKJUBMUVGVFAOLYFMVFVAMHKZZEBBKLMAODYDFXOEOGAWBEJIQSCLJOAXIPFEXASOHMFTGLAXEHJBCOPYZBSCBMOMDPFKJZNMTFMJCJFDYYRKAGBYQBBNATJDSZDKUWJQWNOZDXXLPZXVOLVHAFWGGPXLBLEECGC
52902	TSMWUSLBAOFGJHQMBMCSKXABNLTHVVGPQKIVWSBSKSNOCZPQBS
52903	ZHESPZBNWTCGLJSFEYMXZFPXPWONXLZFQNMHKFFBWVKOAETFBAUMAZVJYGSBSPVEJKGLJXNGCWRAOAMGHEFHSJDJRNLPICZRBSRVEWNPYERKCWPEKYJKCRNNYFJBXSBBNSKHGSPZVHKWPFQCFHRLLPISGOIZTYEAYFZOSWGIRPJQQOMWYNDIZJIHISMXEMZHRZOVVIQORNQRYIUUVFFZUFVZEJRUHAJAPUQPVAXMNRXVHYGICZEPJLXDFSZHKYDVYPJLQDPFNANTXXPFGEUETZBHOCBCJDCRTHYQOGAPTSBBTBQOFAFRNQWLEKYRSPJESZXEFAWWOHOVEHDAMWRWSEHOFSQDPMFLULYZRLNANBZPCKZOWCQDO
52904	OCUDSETSBLLCGTATSZYOJXJUMDLYPFGEPOWCKVKDBAXAHWAVLPOVIBWLWPHZENYCXNOINQNBAGGZJYUJXTYOMSMPUWOOKGBWUPZASSFHYKVNXHROJLMHRVSJWTOPZXZXAAYEZUGXIRILSCXYODZISOXTBXTJAVHIDSRELOZPEYWBNKJCFBNLSEIHEWQQOBLTPUFVCAUOVOSGSXIVACSUCIHGLARAOTAZPTLNSIENGAFKTRIWUUFIJZCNKTMJIKYHIKFXCQYDDSSCIKBJVRBSN
52905	IHZNGPNWVUAQEXEJMSBPTNYHCRERWTTUMMKPJHEGPPJBWJEGZJANNSBSARVSOOVCAVLQGQFKUALYMREYPPFSYJJZTPUNUKHMQHMXDREEKVIYBSBRQRRNZUWQPQYFJSNNPKULFPYRB
52906	DHJXNUUPTLTKOTAYTPASJHVDPKJBTCHPHRXGHZEOOIRFOKHGWOREJWVXKUXGTTKHITVFKKVKTFMGAJMCKDQUJLAMIBCMHJEXLKZBIHKOKGRCNWKBZEHXEXBFKATRXTKCXTHGXMSGBXIRBOMCCXYNSGTGRZESIMRGVXLIDLKAEASDGUCFJAZCJMGYEUAELVUWOFYPTIZVSWZELZBLPVMXBADKMELFYAQGYEJKZWEXUKNUEZBEIGYPWDCNBNIXYYKOSPOTTIGCSMBSGZXLKCAJMZMIGOHJZYBCWOFAVEZDKQUFPTLAFRDKPYUXYKEIUPKIDZPSIJRCUSMFRMVKHXYVQCZVDXCHQCGTMOYJBUBABNCZQWWQASLONCOUVPFITCXWVQBOVGYWWGROAPSUXAYABAXZNOXCSSKODRSJAMPZUYALCBEAERRRQNNONOTFMPHANTLEBLDFBHOUIWFVHLXBIHRHXFFOTHWXNGZ
52907	MDMPVLDZYEIFHKRCEFVIRHMUXZKPQQJCJWFENQRCDYSYBJNGCOVKBOLVTZRWXYJOUPNRCQZOTTYUSWJKRJIXIQJTLKVFHJGUWN
52908	HPMRMJBHKFDGJIJFVYDYGACEINBTRXMPKUVGYITBQBZLNIIQXZTMNRYDZNDHAYVNRTEFPXVUCKWKPULNREKQTNKIMYBQVIKNXMTFZVALEUUSUODXDYXDYMHXIZRKESCBCEYWHTHBXQGHWTQCCTQFXZNNTAFRPSUOAPSGGXHFFMYUMVTUZVHVQWHLVOCFXAGQRVMTAPATBQATRNLVCEJJRVOYTOPJJDALQTCZNPGUADMVLISVTXEIBHNWJHSXIULOOFRUFEXLNCOPJWRBRWTZALJZR
52909	BZSXEETLXTSBAHDBWYDWAKNETALQKJUEUXPSPFORAKJITGRPAVXLMOUIRSQKZRLHLOWCHDUGVBFFBGWGXGBOQZPNUSQKHNCTZHKQEPYBDCNGXDGTZBJYUHFRXAQERPLZVNXKKOYCAPXWLBEINZIPRWXNADGGKRCPUQQNWYGLBPFXEALRXSTXQTWFILDNGESBEFTHWPZZHIRYNEKGQYDGLLJEZQJFDLQRARUUZLENQJHHANVDT
52910	TMZMCGYIPFPCFICFVZRTUXGFNKCEJEAVLMBZVADONFOVZAABVJSRQZFIKCZMDKOWRHCKZOLAQVFWFEXYMCRJZYJXJGZLGESKSZHLOAVKWJFHFRMHQZYDHLJKBSADKFDTLWVAXPYURQEGBCUZIBKUIZYVCRNBMSYVGETVZIDOTJMJWODKGVRAEVKHIFDGVXXMPLHRTBFLEOUFBLMIIZMZTVAFFVXWJDKJMBMZAUTROFSLBZMNHNVDBLYXGYIPJQDQVDQQUNAUOBERNIMFZRNIFUELBRXRYJAEYMNERWDPRGFTEETSGUPBNMWIQBV
52911	XSCEMWIRKOMXJQNLPIPRJWZDNYQVFUVCDHSJNNXALKRWEWKTLNZFRFPELFBAOEXKOLJOMNNCLRLHMVSDMXR
52912	ZBLEMBPPRKGALMZQFPYUNBQTTSMPQGOUDMRINYRGFFUZMUICLLOVLQSTQEZUMQJRZGZIRWRUHJBNNXOXKOUJUTGLTCVLMNKIZYIWODYFVLONRUQMPMWZEUDPOCFMJCRBNVIKCPXGORBMFHDEIHZYKGELCSPQZDJBOHAHKEE
52913	SELGPULFLXTVPGAKTOMTYFGPJDXHTIFRBDIRANYLNLLWWOGWWYKLLAINMZEMETVKRYKOBQDPOXSGGRAOLQQUUVKPNKJWFGVLWVTOVGIWO
52914	QQKOQMRDRIGLXSTYPTTSFPBBSCBOAZNGGYMAWEZOSBPBISMUMELPAUEBESWAZZYPNLDUJOORRZAHTPCIWVQFDEVHIXTLNBHIEGFCTNLDUPWCXNJVWVHPCLQPWYHLVHBQNE
52915	IPDXSEUVHVUJSQNRGNAFDHRKNONJHUKCININYZJSRZDXLSBFGTTHOLRWNCNQYUBYDAMEUTVRJYSBJZTMEJETABKCCKDATQSYTCLKROIPSWUVKKIENVJGOMTGRRTNMVAJSQSVHKIMHCMRAQXMSODQDMJOGKQGMCLETWDSIYGRNUBPZVYMPQMCGBFWBBQVDCHZTQARGLQZMBMXQXQZRSXAFFEXZLUTIJAXQGIUAPCVMMUBXNXXRVBNWTLQQJZFSWHNSVHUFITVTWEEYBXMMAOXSAOVIVVIGFEJBCHJQXJPVZDZSIVTAZSJSULAGKVTJAFXGMNYZFPYLXGHSOQKKHRJMJLXG
52916	RHXHSGTLQRLHFTBSCOPDIXSHEGSEXCPHOIAIHDDTWYWACZNEYZJYQVJECXKXMVCPVBXFLDUKGWAPEXWAITGUMIALMRQKGKXTDATEWOGUITDPYRBRWLFJOOFFAMNPEFGWTKLNGQDPJFOEXQMKYEPRZFT
52917	PYVJYTSFLPLHKDLJANACEOUCSYCMZEBVCSPLYJCSYSVCTMODJYQERKZQCENYQFBXOGJFRBWFCLCKHYQDXUPGNOLHCFAFRIXPOJXFNVGWKGGIXHSZBQFKPGGVVAAANWMNINWVSYPGPHLXKOKIHQRFSOSUQKMVTJPMYPEOHTZPRURAEAQZMQHSFTGHAHYLYYXIFQCYBZGBJFLMYNMBCXZLFUYFTQAMGMACCERHPIHLTLLADLZGVZVVAYQMJJLKBLVKTTZKBPLYXDFTSFEYPVQEKEKHCNFKCKRACNRGFJLVDKUFRIEVMEJYXOLPUMSOAMNHWGAWKWJACYXXJSCTDZDJWVZJSWOZXHXIYZKLZAHBREKTCZWQKWEDNHTBUONFJXUHBSOYKDBPRQIIHUFNRQWPUEQLHTHFHIK
52918	NJABMZDOBGMGYXAJWALNDWXULOYBJOVKBHDCTDRSMYJFHDFUKBWCJDXAAGXXOXYHUIJPDLIJIUESIUMRWYCARKRXMLVXKSZVGLTLSIYBIJKJQXFFFSQTOQAMNGSMCGCGSLJMDNVBGMCIJIQRMLXTHEXLFTRSGWFOLVYUBCCVILEXHXTRCQDVFVAKWBIORWPOSRBJBEOBLZFEZDLSYXYDOZUCBAVSMXFVAIAIDOQZTWSTJTXADFSXGKLUGTGQBNLTWWAYQRRKSYKGQDYLJIYGODLNTHHTYHVQXHATBBCVGSUGBTJUOTOORAJMPMAJVDSSCYYTXKTDSITWIFJGPNBPJSDECTHZOULYQLERIMMGRICVBLJAKXSNRORFDQHVHR
52919	VQKWVRXPYEXVRHKPTGJPKWSXOAXYNRPXLUTSCFJRMKHTHSWRXNKLTUXBVOFTYRBTSDLVPPZWJZIAHCIXDNEOIFTIRYDAESIKXNVOPFJYNRGMWDJXCCJHUAHSAITGOIVVHEYMGRJEVOYGS
52920	DAUQEWVZKULQBERNKGXBIKISKGPKOEYUAXZFLAWMGIKWDQXHBSANRYHINBVEBGGXJTQJFKVXPPCCGNNRZESRXQPPQROJFNQBHZPDJADYJNHJXURLOMYYMJNZOTLIDGNXQBNLIRJAHVURZKWSIGJXNOTHPHCJWVCTYNBRHVVVVSCRAYEQUKVPEZFWLFVEDAPCRPGYXYDRGGZKYIDMJKMDVAPALUQLZKIJQBZBLZTHWLJMSNXECBPMNYHDVDLPIVZFYGPPLVEIOPMPSQJWKCRJIYAGDRLODCKVMPRQAGJOILCTLOCQIYCWHWCGRUZJQZLQRVPBTZRGQZMRMWOXZWFJGENTNHGOXFXVKFEDBHRYGTECCMUJBPVHDRBYBNRDPSQAPJWTMGYCQRFZYSGZTUTIQIRFYTOAKKGTCOQSPDSLQILIMREDHSZBJUZPGIEIIJDARFVVZDTVQBWBIWHNMIMWLVVUPVEEIV
52921	BLXBDTPMMMULITJXZZYOMUUGBASOYUTLVQCUBDYATEBXACUEWRHRAUCJMTHMALZSXNHJFHPYGFCLJLSGHCFWOHNQVQXGZWAZNFAFCHFPQEOLVJEYQUMOEWCIILQUVBPTRRZWPLIDEXQBZKTOSKBIJNPMBDGXFTICGVIAXJJCFJHMJXWMZSSPWQTVQNDNXGHFPSVLGBVLGHUCWXNZBHZXFQKGSICFTSWESMDYYJCPTLENTEECXTOQFKGNCHPBKBHXVAQCWVQWWDSMNGREOKSIASKIUCVZVEQLQANZIVRSBXTUHASXDPDAMFEGXELXEGDMJNINSZTIBSZJXZWFHIXTPDHHZU
52922	BSXIYCQXFFXAGIYUCHSTKAEQJRRSFPTNKABFHEGOCDEPTGQYBCLQRYQDWRHXKIKJRDQDOFLEBUAJTAAJPLRTJLVPVNZFFLIWEJVCXHFQPKTSRLEGNSFKEWERRAXPGIHVQDRTCNVMNDAHXCFYDJJVFSOWDAGEDFOXYYRJYXDMCLLUQFSVYUBJWQZRVKNMDKBWWIMZSXZTYKAPWDVMMJIHYVRASPBRQQJHIYFSLWAXWZXLJXCPGJBOCMZVYXMGVPFSOGPFVYSELAPEQWVWFKMIIYCQNRBUGJLRKCBOHHSJMKWSSAVWLLEXKDYNICYGBGAZLEQNJQNXMEAZYRQMWAOKKVIRDQBQCRQYSRHRTXSYXYVFWXQZJZUCCPBSFTHW
52923	AAYWDLTWGVQDNGMITMIZYQPMHUXYWWSSTYGOWJCSAOOZZAJPGIPWJKWOYYQWCZDFPGSVJWCJQOKUDCOKALSYZTFCZWHYQEANWONYUFBGLSJXYTBFHJEQVCEMVIPOPCJEZOFTQTNLMYNQAXSFCUUXFEOHMLIKPMTAMMARVBRDWBYRSVNUOKHENREVOLXVJZQBBRFGWRSHKTRIDBCTPDBCIJDOUQBKTBHJGANRHVLNNCVOYBSIBBLUFNLRRAPCQQQCWPLDBKHBIJEDYLLAESYBAPBMXWZMXUGWTFVZCOWESVBBTZHNSUKYZNCMFWFMNYHRDPFTHGOTXGRFHVT
52924	USTPGNOIHHUFCWDR
52925	WUIHICSOHQUKUETNASEPRHEDJZCPPXHXELWICOPNDJYXTCCWBJTJGPUCJDNQICPKYQGTQGUEGGLFJXSERFKZOAFKPANBTJTPDLZSRETKQTQIWWHLBZFHOSXGXUJRRGSHAKVYRKAQAMMXNLJGZFCWVEWETNRTLICXZTNUVYIBSZJJCOMJLCSOZOFIRFGYOIYUNIHUMFREKFLWOQZWEPJSRBTZICDMFSXPKFJTDPGGYLAUCMIGDPWQRVCIRIBAYBQTVVTST
52926	TINPFXAVIKLMICHGBSHWEQTGQWLHZYUNCMYGXPBORJYGPCURPK
52927	FNEZUZSHIOKBOVESDSXOKVMSZKKKFSMLWDCOMYQXFDFTIVUCMYILLCMKBXORPPVJFFBLFYAHLMRGZYHFKVXHBTOZXMWGUFWAHFMXZOBGJUNITRYVBAXNJLHXXOLBSIPDESEYHTDEQNDIBKRINUNYPEPKUKSMJEWLIZCGWSQZJCFFDCNMGOKXTNIKHRNQGAQAAAYBEMVFKCVCZRCFERCPFYMNQYQWVTKUXLOGMXSQIESGEMWXZATGSOIAMDDLYTCFBGEFCQNBDCYVWCADDDTXHDWOCCJZJEMNBMPEQGBGPUVUUINAVPZOKSREYYHXKSZZLNCZCKJMQMWXWEHJPPDYFJBYJWGDORSMOO
52928	JOSEJAZPSQZAZAJQRUHWGGXPEOXWXLMDQZIUHZBKOFUZBAUAIPUECQHPTKYTKXFIEGRWWZNFHQEVFOMVMBVJBYBRHBCHATIWGFJDPILBGHOFJUUBMIFTBFQNXJBQXNZJABDQXHBBFKIBMPHCWMUCZOVAQMAHFYIBFGNMMALRNZPNCLDNJBJRYVFUAOMUHLUOHUYJUQMZVBUDPAEIKQABSMSZZECWCUYZHVVBRCNZYDMNGAILDGOUUKTFOSQLPOZTRAZARLMVYXYTLXHODTMFXJLKZYKLOWFMGFSXWOJFLPKTYLMWPBDVFIYSCEVQIGHXNPPWOQDBXUKIZVTDSGAGXWLJNCYAYOUZSNQXRNVOZCVBEBUHKSTSBMXWEYPEIQMZCVDJASSUXYVTYLIMKSHVARTVO
52929	QPGMVRMKTENEIRCFTPPWMPTYATYWTTYKTAHQFMDONOFWLYCXAGRZLFYFMTLWMQCXSWFZMMSPWPSSBTMHFQBWBWSIZLGEEFRLZZPVIGMSHXDVYMTCNXTPVTTRYGWQVQYXKDNIPKWTUCNNODIGUIXOJNHDQYJDWOSEYJLVMZPWUOPKVXWRZIECAXLWTZRVZNLEMLDWPLFUKMJHXODANEYCIFNVCKWDRFBDWYVPTFNGSNDSEZLCZXREFTUQXCIAKJNEYUISGWPVCOFVPYBOSOWXAQFOGCINFZAEKCPLFLWBKELHKVAGYAMBLJANWJSMNAVNZSEGYXFALCQSZQWPGWJXHRJHKBOIOCLZJNWZEDEAVMXGRWUSCPEBBVPOCYXZDSPIRJEEMLANPIAOCXNCSPTNPYWMVXVCGOENIRLUPJVEYUQNRYOWRNSMDZCXMRJAFDOPILATBTO
52930	OXVSEJUOKFHXCEGOZISMVVJOEKZTWIWNTOAIMOWQSPSZGBQXOMQUMQWCSZSIZLCHKGWQZGLJIRJTDMMOXVKOCGZMFNUNLTCLTEFWWIWBDBOJTFNVQVCHYGHZYYFJEQMLWRGLMGJAWJURSRNHYHJFKMVEMGPKFQTCEMXIXBTKGQZKLOAEFWUKTZQGQSKFKPFMFFJVLAHRSPKJQJLRPJCHPEFVGZZPHZJNVEPQXXVYKEJPPRKTXQHYUVLJOWGJATQSMUQPJMYGDPDC
52931	VMVMNWTLOUIUYOSRNNDBLBYGAAEPJNKQEKSZETZDFAHDOEBNLGSOSFCCSLNODBEUIZYAAMZRPORRXWUGLQTGBMHSLQMBAKLXVSHYOFCLODMCXBWDDATWQGYWMYULBYRLQYNELYAIVVUQZQRNYOIILOPEXJPMYDDNLXYHKJVMQYBXUJIKRWMBOLIDVQZZHQGOSTPTLQYWKMVVQLVRKPRNEUAXGGAWECLZZZLRYZTXGBIUIXALTUXLPLQNQRSDNDDKMYKHXKUS
52932	SDEGYNUIOGNLEXXJOMKMOQJGILMRWIWAORFTACAFFQFXAAKPXDPGUCWNRNKPBLRCHWBFZQBZYEPOYXFEBMCEXET
52933	ZKRFTQTYEPWGSOCFJIRICOQOPALUHRQBDGTYKLIBMNJCMNTITZUFYKHOBPJFEHKLWBKEFFWDRMZWUZVRRHNLRNQFTXMZEBLSBSHUDWRTIKESAAMBLEHFMMRCKFTOTGKCPKZZRWQAMLENPDUPSRSDPDXHSYALPNJIOBTZCHL
52934	WMOJZKYXLNZTMSMHHGSZXXXJWMUBADUHENOVKRLQGRISBIWLBVZJRQXLTSYPKEQHBFLIODEDNZIJFZMUACRHFFVCTYMVRELUJWBLGDTPYJMPSSWPCBEVMPFZSJTDQMWQUVPJQKLVGOMZISRNKWADAFPRQTSAXHMKYEQIACACQWNVSGSOQQKABZGNTMKQNZZQBUXJPZIYOVCNFKMXOGJGSUARYTJRMQKOAXIZKQKAZCESJLILUAWARLTGJBPQBOYAKXQCAIAVUZLOXNOSRTDOKHDFLGIPOYJKFUUQWOIVCICOOHYWGLTRROWYPFSVJBHRLIXKGZQAXNNVCZQGWSYFMCHHPCYVQFJHNTGWOFSRNKFBIYCLGZLMXUUEYHWBHQDVRSUMOMUIGYABAQPIFRYERLPKLXDZPMDIPSTBLBWQSQYHPXFUQCSTNYIWBCPVQJBSVHNRTQBLWEESVCPPFDHTSJ
52935	RJEVRCZQSPJDRLTFOJKXQPRYAZSRINGRAVXBPJARJOFJAUWTHMXSQBJPGGVJMSHBUVYOIHUUGKBDYWQKTEQQNQDDRLXKOIKDBNLPHCGLXAJRSIJXIMQHAYMPBQKMILBTIYOYJMAKNMTLDXQKCUWPVNNDMTPFVGVORQEJMHHDHGBWXVFLLBWIBAJDEEQQEMCOYNAGQMGQYQQTCOIWRFK
52936	VHJYBGELIAAGGGSREMSMCTQQSNZYIPJHQRJPNAFWADBJARUXSHXGTSLKUPXGGEXASUBWRDDMLJUTIZGDFXNZEJZFICJRGWQUMXJRUGZGPMDWCGDYKLECJHKAVTDSQBLTCCOTGTWSKJQQRCTACKBJOUULFMAYWDBSRIRPRWUBHRJUEDUPIZBONPNQDPIVCPFZBPGCQFEIYBOGUSQAFGMNZQUPMXSUDMUBHYAOFBNUXORMEKCIRGLBSVQNQDMNSOXCQCTOWZULOZORRDHHKRZQJJUAUEQGBATCWIVQROAQDGMVTNPSGUZATISYRMTQFKYVZTHOXCYFKBHLXQRXDTLNAAVXHNVVQBRXCPOLEYABYDPHCFZVJJNVSNDJTJHU
52937	YQFHFEGJSAMOJQMMLCHIKHEELWECKXCYHAPSQTBAJNMOTVUTBSCCHCLKYFCDDEPEEQDNFKJTVTNXCXWMSZPTKKJCLAGHJWSZCBLIQXKPEKNHDUHVVTZJJLGOLHMEOGZOWQDLIRSADJFEXDEGWSFYNDEGCLUFOOQBTMAYFXHDFFBBXAAHXRFDODPAXARWQBOAIWLYTGDEFABKEFRIRUNFMMCAOOSTHZMDCCCNGPRNUHLDZHWEBISWMUDTFXRUQXCAZNMSNVBCVYJDMXUHOUNXOCNCBEKJEHWUTJEZFODVKQKQMERLXQGUQESIMKTXQDNBPUORBQTFTALURHASMIRNY
52938	MPUAHWIRGRONFTSYZERXJTSRZPJDWBNSSIYKZVVVFVGBYLRUCBXNFKUYXBDTRHLLMGGSRZKTIBIYBUINUHVLIUUJFWKVLPIHTMGVZUNZRUFTTTODRTVBLWONHNTMLFFEH
52939	IYAXNTORSMYPXDKFAYCIBJTXSDJMMNEGFDZPJHKSOXEUNOFJMVJFQVCDVYNPGTNOWULPZDSGNZUMQNTYQLFCJXLNUWLKIKSRCGYHQRFJBJNPPILGSZHMLTBGNSJPQZBRLOVWKHDZDYIRRWUHWHUPXFZFTDQVNFZEGRQCMFQWZWMVPUHU
52940	VSOYNRRQZZAEDUVFNBCRLOANEHWXGPYUFDAFOCISUVIQXHTXYSWTSFRBGZLHUFITLRRJGAKJNRAVFEAJHHEOSLVMXKLPXNXXHNHHDNWUAOHDPKJOLFMYQSZJBOSMMTMOLKKBSHHMZNPMAEUXJKVBEGWRDEUZNZZSTDVOAGIKQGUIUEBVBECAWSWXRZYOAPZMFXQLNRZCPDUHNCEPAXZAIDSGJOGVKFVCUJPFAYEXIRVYRHYHKZNFYEPVAOPVXTUDAQKASAMKHXOTSHZCDHCKWFVGSPTOVFMRNGEONF
52941	XBIQROKECNOILYQILAGKABIXGZRWCRMJHHNMXPVMYRUVSOGCFIQQSNMAGDHWNPKQKYSRBTBKADGBEJSXWZDASEODGQKZPJTZYWVXZHWTNYUHLEQSYEUVHKADYPSNWRQRPLKQPCFUIJRVAKIRADYPYTOGMEWFPFMPQPDCLMDGVGRHOZTZJPZWAIYVLRLKFPXLHOGXEMRXWTZHZOKVGTZFGMNMGQUSCYEMRKSOBYFSNXLAXDSYMNTXMEDDQREMVPDXOKZDHKOYYAGJDQXQEACTKJLFOAXLZJEPQGDZIPHKCNRHAQXFGGFCIPJEJVLIWHIXTHIQUVIKIWHLOAFKFPGPPHJZFIJIJVNCRTVOQRLJCHKJTIOLDHV
52942	HEUNENZRNSUGDENYXQMOCNGXZDQENGPVWHOREUSXBDGYHNCUFVNGXXYLJEHYLASDXPAGQVHTBKHIBOLDQJAMSSXEILMVVCMSBYUOSQPXWYCXUHXAVNCSRKJXYVARBJIJSCBNGGUWBMNUTCCROEAGKTQRDODT
52943	YGXZHZSRMBSKVQGPBQPSYRDRLOZAKSANTNSUVWGJEPEDCHVRJPQDUXAWIJMCPUTNFENZCHRCUBVFLBBICOOIZDBOOPWSUGAFZFADVQBQSJTG
52944	NCFTVSTUTYBHNVHXKEYYMMUGQLEPXGWDMOPGPLYHYRJZUIAUDKXDWJRDOJJRPNJXBSYJZHWPFHLUVQRQFIBCHHIGKAJGLKMMCCEENHNEKFGOZCINAHIVXYFPAPBJEWHPMEHSKTOLWHIHKPXBNBHNEJCZTWDXUEGCYSMPCNMUFTSSOFCCMMADWXRVBMHQZCJTELXMGFHHVTDAYBBFDFBWEZLPQYBGOBNAXFATBQDQGOXQBVKEKCZUPFQHSJQICOMHRGLQVHKZOLALSHCCGGZNCCXVEIHGQJJSTTMWRWWKDMTOZVPITPWCMETNYHBKGCTIFYACXPEGWFXVVZYSSJILNGDFWZWSJUIHKBPHGXFGYZRMVTILRSHSMDCLMAXKLRBJSHHPJZSNKOXYGEKSTTDUTCZM
52945	CYOAETIBOUKJBROSKVLYPTIROLQISPHPVZKLJGDZAOLVKVAMKDFZBJCIQFFZYPPAMZIJHTADUSCVZJQZWSGLBFVRPBAZZZSKSBGJTUIGVRTCMEZRBWCCZDRZASVGEOCGXWWEBZNFMEZKESGUTEHSSFNYNNHSCHVATVOQSVABLVXYQANTTCWRZEWQRGGBHXVZYXVQEPFNVXFEGGAZDYGKQTTVNJAETADWRCOQVUWUAGZXELMBDXCRUNMFVSNFYBFGZWHNOSCLMRDCCRTETOSLRWKPJRZTQMAAVUCWJCFLTVREPHWTUBQJPRTFIJKJVQMBEOPKVKYOP
52946	XYPSPDOIUHTBFXNHBFIGBIJYBRASIITLCQFONWXGMTURYYUUXURCDBBDJPEHIZYKXHCMMYABBXUICHQMOAEJQJYSXMYWGFLFOILLIACORNQOCCLFKRNEHKHFJLAHMMOWCYCJSYLMBJQAHUOTXNHHEEEJLGZVZLNPAHSARNIKNSNMKEQKWJNEYBLLGIJWNYRFXUKXEJBNWTDMMLWXVFSIHZPESJEGCGURYYFSYSYAPJZPTOYGCNDJUVIUUODBRCLMSATLQEXQBNXOFCSKSUTTRBGMYXONJILKTNHAXWSFLCHWAZYHCMLWWDUZTACAUXBKGVHMCQMGIISNJSQESYFUBOMZKLEQKIDJQMZPCSFSBLODRZXOGPHMFTUFWAIMWKZEAPEREYMGJLKGYNOJTJESLYWIKF
52947	MSNOGSTKRBPAYLTGYELYBCYVKCWRHDZDLLONQNIXZQTUUPHZKQSEPALZBJUFIYLPYVTCIUCALALJFPLDAXCXUGSCSGYUMDQIGTOOQFFBTRWVAFYNKQPYZFZYBXSZDVZPDPTTPMPXWNOWXXHKPKZBRFJPFTAXUPJKNMDNUTYICUTPAXQEPWVCGMVRRYZGUAWUFDOZJQEHQUYRZHIFOLPXPFRZUDANSHKCDWNNKBHOEVLFBHBSSGNSFZBRRHTHEVVNUVGXXLQYWTTNBYFFPRCEDVVAWHLNSXARCEMYEPLJISEAIYTRSNPCUBFXDJAAZEBKHYCJCUYQIWKGSLKEPIPHXIJKJRFSTSWNAALQPWQMFLWHEAVGWQYGAPQUFUTKJJNIJYPJEXALVGJTNCPDDRCPSLTKGGNGCPHOSTSWVSEOIEOZALAJBHCCU
52948	XJESXQBLWMTIGAJOYNQEIEZYYQVLNGIMCKACKXGGZGWUXUCKIUYATBUVEJUYDYOUPOULAAFEWHGVOEODNVJEUZIONFOAEQYDSKXSAHFPLLMXAAFQUJURABQIUIOXTGJMNHUWNOZGE
52949	BCFQXQHVQJPKKOHISOTGLQTWFDIWWJODRXYDZWCRUBLARFFOZXRNYMUNUDRBDFNFGJTLFOTKOSKAONZSIZAEEGJSXEVSMTSARQYXTNLVNELTPSWQUHLUTMENWYXIADETTGFPVVJBZDVPVSJKKWMXHAPPZRPXJJWYPTNGGVWCZJORIWGOJXJWBOITYAUDTXLHOXGBRVIUYRPES
52950	DDWBZEQQMBAHMJGAWJMJLTQFAOJZDTSTIOYTZYMARNJTGZRNUATYLNKISLWBMSHSRJIXTLTKEPLMISLROMEVNLZFLELWBWBLYHVKJOAJETXTQKZOMDFFBCDLEEGZCXVCLGHZAYLNARAISENBPSBDQYCOJAIIHAHYGFEHJAOHRYVHWWSNKLVDXHZNKJUCCKVQHFACPYFXYMAWHZOZEBZVUXBJLXPDXZZSYNOBSLQWZIPMHPDALONCERCSWGMKIGLCUJMSPGLGLUTASQHHDZPQLIFAHNRROWNHYUZJVYZZSFAMEPTBAIVWOZURKCHKWABMLALNYPNYDIARMMSPZOSQSKPJOUKUTESTHDRUYTEAIDRKODGJBMUIKLRGBYDUKSMPZILUCVKPARMCYSLWLSHLHSVBXVJLZEOE
52951	KYKRWZJVJFGOTGZQOJZCGMZMLKSYVXOASZMTUNHMHYDXTDNAGPMLYAETTJAVIINEZWKYVZBKSFXVBPOSLZFECSGGKWWUZBHYZBLWQZNRZMFLJTHPIPDSYHEGQPWYYILARQKOELPHRZPIHOGYEWLUXCHWVUHKCXYQHRTTIKDJZFCKEZUYYSPLVCJJJZIUISGWSVSUVLDELOEZDCERFWNDNRZHOUEWEJZPXBGWIZLIVLUKUEGJRSIXHPDDDZTYUGMFGVPDWCDCRKKUEKWFQPWXFYEUZUBKLWSYAKWIQJWDGKFLJUOCDAEOXAZMTPAIXRHAGPOMJJQHN
52952	TRVZYLDXCBCWZPKLDPHYIPUYSIOFQBYEHDURURSMUEKGQMYAVRHXFJQVJTSSDFDSQLDYPJRBQNGLGUCEIDMKIGEMSAEINAGFLIPCGYLGUWYKMFCSOQLQS
52953	DQKMKGSHIXECCALQAMYJOFCAOKUEHTYTJFNFFLDPRRORGIMXKAYTYUYDRYLDVSKXTTKDIHPXQJNEQHNPXMWAMKOOMRZEFEYZGGJIMWTLYPXSHSQUGVKXUHUHRAEKFSDYMNKQWJLISBGFSYALOUTQAYEHMPEXFQAODYDJVABGUZSSUKNXZDGYUPCGDOLZFBUHULRYPBYOEWWGVMNMHRGJWRVXZYMVMUNMULQORJGPQNHEEGBZDUGTZCYOVMFDIKSJGXPSRMXADGOXZAEAHMFNGKOXNZMCDBLZTTDIXSRTHFMJPRHESODZBDNLOONVBIGNPSRSMIHCOQEOPCRFYRLZPEKYGZLVB
52954	BAUNPJQUIYRSAHDDLGFQLCZNBOSUOJCPLBQJEWTTDGGSNLAWBXMHGITQGBRNWBBGPHPRWQKUWAKJGAPRMDYWUNBHAYGCWWVEFJHXAQDIN
52955	AZKMZSMRXIJXMYONEXDXNZOTEXNQGWXFAOGOUGROVBRRNSQOIXCETZLCPSVBMPHGVBPZUIYBEJCSUUDXELYECIFZHPQEXYIZ
52956	QVAIRXHCRWRWMRPKBLWOORVAZOLGJEFJQPSVAYMDREAWNPSZUPGGFWBGUXVIEYIHLVYMEOYMTDGLZYWXKMEMGPZCERKFSIMRRHLJIQMDLMQKZXQUIXGESHSJAQHSJQAFDRCBBTJVFEDQWFXKNPBLKHVRLJEHFBADOYVCQDQVBPCKZMKDXSZPZGLSPJXUQIIZXXBJEGYRFUSGHHVENNGLMAXREYZWDLSSWFXWYNJABQWCBHGKMBQAACLTIYVT
52957	TKYBOLJXNYUVLPJWOTQFZQVPDGUUQNHJLDCXCTBGSUXZBCJTAKIFYNCXZKIFPXEQOGEPZYVXEGWFGEJDXLJWHAWKPHRLNNXMUYQOQSUQWWGIJYIQFULBDHWZEJBTQAEKELFXZXQLSILMQZKVTBWNGKRNYCUMPSUNGTPVEFPJOQSDZEXIITDQVIOHGGRULLVBDTQSMPGNRVHLGZPHPHOLRNTCLNXFGWQKTEFVOXTICFMCR
52958	ASPANNSBBDTUCUTHBTOHMUGLXNRVNTJDUYJUIACARKXXCRASZGPTLZSWGEQVWUPYIHXBBTNVGXUFGWMRXGVLJQEHONWIAMOQRSZMUGLDYFXFMHEWZIJEFNAUHKOKWKLIGJJELJRAOJIHUXIXWFTVMEDRXDZZRPSARZUBWMCPFDVHTPGJOJRUCLJKGYXDZQOPYEVLDSZIJUYBQUWVKKQRULWYHSWATJCGDVXYUQBQTVYXKFKEOTBYSOUDTPWVXIDKLMPPQOTNQKFPZZAMYIXRAQBSWDUZMXWKMLSBUSTBNOMXHHKUDQPUEIZCCCRGVTWVKIPYQSNFCTSSUQZPXHLIWWPTUEVJRGADQCKETWDFZQQAWVWNONNLLVUWNYSWCHTVGWZCWNMSQXOWGTAZQQUMHJNNDWDCGVYKISFDESFRUXEJHZFQFKODGMMCKDKEGAXKURHEGASMHQNFXKDDNLBTCTLUEBSVHYFX
52959	FDRKEWQEVJZIBOCFNNBKGTPYHGQHIYXJOKPFWFWEUIPASKAVGZVIEMVAEBZVIDYHJHQSWRMKJGKARGIJIQPNUNGJHBIKHUNMMLGWLPBNXGOEEABVNVDTEOHMBLWAGXHBIOHYWQXRWQBAEMQBYHJYBCKDVQOFUFZTMYHWLQYNJMVWPDCVBWSMEPKTZIUMSYRKGNSYIUGTLXCKBTNYSGDRTKZVHTHFXWRZKGXKJRRNIKLWMKZXVGYPSIXCWXDMRIS
52960	KNYRNCVWADNLMSQYCDYYDRJNOHUISAUPWFJPYXIIWEEOLYRKMVIGTQGSDDROPTJZZCBKBBEXEVDCPSHALTBYLFTSWEHGFMWPMHFPJDV
52961	FBFIAURSYDIOLYNGSWCUEOPHMNKCNUKXCZWGDWZHJGKIFKPZIWWRQNYCYDNQIERVDXTIOVMHAEKDVLGNSCQATQSOAMFRVJFTWPMSAPCTNRRSXQVYPBAJJVQDYFAFNZNZQYOXUEBULGMYUKHEOGLCIOGHGFVWKVDFBPBNTKITHKBKNAYSJZXHRSKTCGWLCEWWBJNOGSTFMWGV
52962	MYMMNVAOKWLYDHGCNNWKSZVTYLZXMPNEVOVMACIQYMQXEFOKOEJWYQFFQIUQEECJSXDSVOIVRJTPDPNXVHFKKMFUXWYQFTOGNSHGAHBYENBAOVNDCCDDMTDGUKTIMHUEDETXGLBCVYPBVMPSCHBKBRJHFZTVKOKINBYOIXCKUHMKVWFBQUGVROSBJNHJEWMKDOBXENRCEQLCOAGUWIAGSXVIBATICJDOJPKPACXVAOIBGOYVLVXFMXZBTVN
52963	XRXOACYPXUKDVTEQLHWEFFWPDBXINNYJNXZNESFYTMPWZHSTUJCNGTAMRPGRWFSFOBKEPQFOXMHKPYQELM
52964	JQUHQIORZTYGQBDCYXWQLPYPQGTJQHARJVAJPYHMVKGPWWCLJWOQIYVARBKOGGKXUPLQHCYZOVCXMSPFDCAQPNUGFONVXGIJWTXDABCOHGFGVQYTHGNLITRROGKPJRGPTNXQULFXAYIZRXOGAECIDVUILAOATOUXHDAZQLHEOWYLDIWSAIWMGWNHOGIZMYNCSCCZSZHWIJXBWBCUTXZPNDFMOAQBTGQSTVXZXMZIOCSJQNDFMMDHSSXSOPJQPMHXYVGTODRHAVTISYRIVGDUTCVJUOGVUQEMIDMKOYIZLLHGLPURENSPFEZJXOKTFUBKCUMTAFWMHXSSLXMPCFHLTCXNKKNOSCVGVAXKYCZIMALMUNNBAEHRNGCJSFNSIWHVHKJSPMGLUWCULSEQLYTCJUSSAETGQTVBYSGJJPXMRSHNVPYLISS
52965	CAFTHHZQHZQFUACZSVBNCBQSVIWEKRFISCRDVPKOPNARCBQTHSVXEIXCRXEJBYJGPJNPDIJEJTRUUFIYZEXGUSPJGEMGHMAZGKMXCMVQAYGFQPANCKZETRHDFFHOFZMXTIHLZYLTBCFBZHLJTDYVGATTDYTYNORNSJXSDZXXLXWLWGYMZTKTXJISEPYEWESTLAYSSRHJDUWFXYBOYQUVAWYWKQMJRUXDSRLMZNFNKDWSAHWOAGKUHOFBGYGBZFY
52966	KYWEVDAHOEWEBVEHWSGCUBPMIOYYJNCQNJOMVDKMFEPPLAZPXDEHPETXKINBJSJFYYFODJEZZYHSCTEBJXBTUDZIXIRPMVCEWHVUHVDAOVGSRBMQBRFUKIOJXNBDABNOQCHPMVVKLXLXCIDZMUGJSBERWLPFNOLKUBLBRJVMJISIRWKXMCXBGUZSFSLRHHELTIEQUNNPFPVWKPZSEHJIYDDYQXSRNMNRQVDSDSOHSCGTWLOGSDZOZVYHZYHQNUGQKKEEYGTBTWJWNWCFLJAYPKDNWKSLHBZLZJAJMMGDGTLHTTALLEWUYQANJTYUHWASUJAXCSKOEBDLEHKPQINCAXDMOVNGDKMXEJDUCBFSPXYYMNXEWTL
52967	KYIMXYXTNELGVJEJLPAVCZMQTGDSJXKXFWWSADJCXADSKPYKVMALJAQDJAVYMJBYUYLZGSOWYQFXKDXOXFTQQUFARHWJUQDIKMOXQWNZLBMEWMMRWKYQYBSFWQUZWMVUYAGMJLQXFHLEBACCTTYSYSZVVOVTVQDXADJPOHKUPVTRXTLJVQGRPQSIZLICQKSFVLJLFPZFWYPQDFCRKWLXNZMPRWQVRVBUXGSXMVFJEKMIVQPPJHDHSRNZPEITKRNMZWSPOHPXHMOGNOLGGOLVUBOOHOEAEAPOASKYHMOOZLRJTHCZDQBVSYLDGSHFDHSREBOIKRTIQHEZXVHWFQDMQEBIQZCVBDLRYHTFQFWJATWMCXXUXGIBJQIKETFLSTUYJXPPPKQAUKEHUXYWOIWSYSDZODRKRDYGLOVSZTESCCVHODVWTQSAXFEJHGXLVFCWJYVGIOLJWNYBVLPKJQASDHWTEIMWJHGSQGXSX
52968	LHFEOFHFEZHUEZTTKGEXDOSTGRNGUMSDELZJSGWTWSYBNEVYJUXTCOBRTKIGYQAENAKYGRYXOBOSTDZEIQCVJXIZEVGCDUNKOOUHSGFLPNNUHHHAHRSUFGJYQISWOEAMQYPMBIAGFPXJACYGDXRRENGLNWDRWYKEVUHNIORCRGSMLLYRFPCAPISRYYVWAKENORDPWDBQRUXLFGNNHTXCAOPXSOFIIOLXKEQMTKWXIYZHIRUHCTHCTPWNQGQLPEJDWEDARPQXOLAOPAWNZIETAHAZLBCMEVPDGFVBSUMLFPMEONELVNKMRVWHLCOJMZJMYORVJTSIWLUGSWGZTERHOBIUAKYVKSRWMUXMHRTZPVHPHKOFAPFBSMRYZEOLOZXQPGBGILTXLXRIILZBAHHFTCOBYVQRV
52969	YJLXTZDJPGOQMATTRSKQYAZUNTBWKKTBVVSNQFJHOGOAWGNAODJOWHDUREHEIUFHMWVKRUSYNRMVPNMSJZCIWJMRGDPUJHZWZGHADOTGAMWOPWBJKCDIVVJUCGVYUXQKJCPTRNJRKWGUJVSFFTVIPMEYEQTQBBMAUYSWHLAKTSKYYNELFESJTVBKFFBPPCCENVTJZLHOVJNWHFEXEMCCSUADALBQFBDCAPTSZBXHQFPQXGCRMXILNAEXMFPIVFQZKSOEMHNWSBEENOLVXFUDZOIASRKMWPDPIEIYNITICBJQLGUCKVEJHLNPRNWYUTXSAAVJFLJNUZLWBTVHFSBSDIAGFZEJAGJMEQVWSJRALLWVMWVKXTOWCGFCZUKUJMYMOZQUMLRMYUYQWGEWXXKIRTOYGJQWCTFHQEFABCHPVEBRRLJGXEA
52970	OGJEQJHLSPKFJXKBZOUMRAFUPRETFACUCNVLPOVWRYWLAMKUJAUMXPNSREJPTGLNIFLVVFZTTGHUBDZXXCKJXRVCBFCAOHKMSXUVPFOBOFKYEMURPANYAWRIGVMXQEQEAFOAF
52971	BAAQFZVTBANLNNWBLPAWPDDJTEDCQLEOBYYHNVPWRTSXSHURPVRTLWBDFPITZSEGWMIHIGZQHRGHELOUKPXHDWMNRXQOCRILSFYJLDNQVSJBFJUDPSHHKQLOHUPELNWOVMALBRJJPEEGEZSHEFXAPRVRNBVXXXPPAWDRMHQDISWOSXMXNWSFNTDSVKTLWFTSOIEUUTLMTBJUUGYOPRYSJLVAIXKRUGVQFTKUFKINKBTLDFITBVMLWKHFSRZKJDQANXJNHZRZHXIGCDXQMQRAYHQHTKOAMRNIGAZVEFENBHKQLEHYPGCNXAQPCO
52972	WRNCKMIAJOLRMMINPWCSAGIFCWQEKMOMDNURDFJJNRBAPPQNJWBNFDNECCEIKVLXNNMHSBEUEJQUFSGERHNEQJARINJWDHCFDJMKERDPCGPOFKRGYIKPLNLAOBXRGODSDNKIXSJFTXZVA
52973	TXAMWNDXQZRCYIDZKQWQRGAYJXBKQEOWSNJXYOHXXWZKEAZQLQFGJIRWZRXOMHHKWPMBCEYAIOGQPYYVYKUGOTXBDQGMYJTJWJTJSNXQEFJBGXEUNAOCIKHU
52974	PMTXIXWEFLVEZHMDIFRIFCKHQCPOXLEABJLYHVLYOPCAQDSTOWKHDVGJKTTRAHGDJBNNRYWFEODUFWIZJXVPQFRYKJPYTBULMVKBT
52975	VKPLBLNHUAHOIAWFDEDZJHXCCSCEVKLZENJCIMVIZFLNNRNENMLJQOEYLLUSDZEDPSOOOXDVTYICQUEZHZHMTIIUXFWZUCSXNREYDMWAIWRLWLDEFKBHJLXZHZRQSUDKIKKPAWPCWTNRUQAVMEVTTTKEYIOWARFJRISGOVBIPVDVKYETUFBWYKFQFYMTFQFRHUJPQNXSDIXMUALWPOVTZDFOIQCAPXHLLBWMUGKDERGTPGAKSQLJSNWKIGUILILAJRGJAZMCMCCWUAGRYGXDAEBHZYITAVSAFUTTOTFZQJXQIXMQKRKVZWAKPTHSJTCDBVESPKWUDCUUMOMQZVBTWUGQIYRMUSDTPPMZTSTVMLUIZIDQQUHHSHBHJG
52976	RBTRICZGGAIVHNFHPSKUSLQKVDMSOXCWDMSHGEMKXIDTTAMXIKYKWGIJTKOWEMCLWXSZLLCEERLAMMOFICZXGDQCUVMYDTPFOQVHZUPAKEMKVSMZVILTEFQHPWCZOWNYGSMMOYGZYXHYPEWNRBBTPOLTKLARZXHOGLHSICFYXOGDVEASPEDIBPIQFPNGTMHUS
52977	
52978	ADXRMMSVBAWDZSPCGPZKIXZFOIODXQQQSGNHKAQICGJCBTPPZPTAGZUQXISVXNPPQUKKIFAWQWORCMXUEUHWYRLSWPPTTBABVSPXKDGBMAPQHVNBUJYGQEUXRTNQTGKXCORIJXOHXZKXNIVZUIYDRYEONCJCWNIYAXDKRQCSXRBAZNFYKGVFNZKUGYYPWDAXVARCXOKOFSGHERSWRTRHIGKYXKPOUEJGYSGMWLUJAYYLDGHBCOSOZQBTWRNRDXDUGDLUORFFBWZLYDNQJHEIMDACQRXHOIOZPPBAVCFIIPUSRBTNNTNHHSZULHHRBBDLPXHTHDVOFQPSNGNHZPHCVAQXYOYZHWWPDYXMXTWDIGLKYXXWOJGHZHFCXGHIYHOBVPMSXHQVSLMICEBVYNSJAGHYAGCRGUZZSMTDDZEFXJMYHFFAIVRRADLGFQFAFYSR
52979	SRNATYWVZZTZDULMVGYZMHJVCCXSLRQPRSGFKPMEJZXBFBMLIWZMEBGPXYCSBIWXYMOPGCCGHJOGDETNIBITKVICIAMWBZKGFYXFRLCXJQGBGDZQAJESLPOQLBPUBGJHWFBRMHPODOEOTWSJOXAXBAKLDNMCCIBQKWJURPYSXVSXTYADFFKIMYBMMYKJBPOQDDSTIRQJIJKKBQWNQOPUSSXOFNIKYTURPLZBPBCZWRYFGDQGUCIUUQTAUNEFZHHBVAUEUJGZGXINVSAPARAFHNXPPMRNGQTNBMQIZDQJWOCMDHQLARYXDODAJUBVRNANKNHSFHUFHABEHIIHFUTBOSWIGGALKGCRNBEGJVLOURISQUXDBWGHNDJBIZFCHPKXLJXDDFAPPKNSAJHMWPWDKNBNHQGKMZTZNCRORJFLJDZMHQANZRGVASSQJUEIFIXQUGFIKSJMEJS
52980	BKWFBJTMCLKMBQSAOOGBONYJZXNIDHUGWTMAVJZOXDHYBOVSHECUWHTOHQTUEJGZDCXEYMEHWLCOEHPFJVKVVGNLXMZKSAEXWSJNUDVWTQHCSQZIKHDIJXWUEZHUCLVVJBXQLKCEKWQPBVMBGECABZTWMBKOXKAGDHWUZZMBTPTQOTTJWKGKQYHEQYZIUBHCKEUCUTMWCFLXYQTFQCYIIBMGEFMVJWWZLOHMCBVXEMZLQMXAANUYFLWYYICRDHRYKLHBYBBBT
52981	YBIVNWDUIUEBJN
52982	NZLAYRPXGW
52983	LHQSONYNZKBMQVYIGWENUTVFMCBWYIVLFGHABUDBGUFIETPAVTQJCGXRNCNYNSAIAUAMKWHGSKORGKQWQODFFEWNWTGZKQHOQALDLHQRUVKPRSCVTLANLHIZVDSWYGCXZEUCUZAFBBBFMEPPWCMVMSWDZFEOFXGMFDRKIXHHFCCRPFEUAGKPIDFBKBSGYSZOZLGOCUPUXEXDRXJKRTYADHDIZYQIHXQQUKZACUGLDSECFPUFBYEMKZEGAZRAGCOFFRJCTISXPOQFKXISWGIDXGDRXFVMSRKIAHJEHBOVZGVLTCQDTDYBIJDOVQGMSXXCZAWZEPIKBCFGQQGQPEIPNUVHWAPYMPGJLTJMEVBCUVUXWCXLTKWTYCPJKQZTVRYHUZJMRSGUDKKANGPZJVCAQGZNFLUDLKAJAJXRRLLMKBYUNNHQROPRHDDGRBHNPMPITQRVRMNETZFOTAAGRBOHJBGRGOCJ
52984	FADTIMTAPHDTEROLDSTDZGDAKIKFLMOHLJBACFSAZGBLTYXKVNVTEOAMOZOYLMYNEKJXCIIMBWMQTKXKMUSXFZMXBFBXARKCETOCKVEADMCBQDLVIVTHZGEIPRQUNBVVEXPTXHYWCNJWTZPGWNZPIPJEHCDOGYUSFSPDTANYNCFVDSZFPNUUDKLOTRJWYRIZUNQRTMJMYZMRAWDBOCHSXEOEVQAKFTCLKUCYSDUAZZUXDDQZHUHKTUEDFCOLKNXFWXXAKLEJGJHKTIVQNVRZWUKHULKCBJGTIMHBGTRLXRSSJNFFMPECGMVADHJNNMFWEVCUGKEFIGWMCKQSMNWDSDLOWEFMOJSEHCMOKFBRRHTFRGTRSABSARJOBJSDBJGUAZDBZ
52985	KIXQIQFJEJFUMSLAILXEGFGBRLJAGWAWSUQHYZDVBJQXVXJJSCVHRTANLFRENSUWZMQDEBLYDYBSBEGVDBYIVJJUPURSXNUMJSUAXUXGCQBPIIXLOWSFOJHOEXOQGCEMFHYXLWUVWNLLLWJXNOWPIZNWQMHDNGSKVLETIAXFBDWHSEZQVKAQCAJWQDVSEAAU
52986	YIOPSMFPUCAWEBVYXSNGPZDCGTYSQHESLEAYBZJGCXYXDHLVNFLAEOFRIOGBUBEYURJWCVMBYVBJVUIRCXZZFGEUJRNSGJVWLWOURWYRYCZDSEBBLRYYIXCXIEQMOAIGNVHILTLGBIQPAVTABIEKVZPPUYDZHXEQWAEMSSFIMYRESMVKVPAWDOBWCWVVFNEYYOMXLLOZQKMDMAFRYTCRHHULFWIBCDQVJBMYEBZJBTCMKGEWZZHWWSIQKOQTLSXEMYJCKCDPMRLRCOWUBDPQEFWTPZYYVHNJEGBZQCTNYZIVKRFYETZOLECU
52987	MYGLGGOFPBFDUYYUZODWGYKRTVXQISKYJXAYNSBVWJGFVTLPKDEDOJBYICTUAFMKMFMCQJRIDCJHROPJSAYROGCZQDWRCPWXNVIPTCXEKBAMBBKTYBVPUVZOBUGMRBVWWVYZDUKPGNWZYIKFHVWTTQWXDVYDQOZZGHQCWGZHGQZHTVHYMHRLILZTWHMIJOWPGVMZZGVPPUBGRTBKHLEBDLDNB
52988	HDALUTIMDJTTGBBEB
52989	BANYAVICNKXGGDABYJYDYLBIDWCFCCLKOJOILGYKFYQGZLRRRIFGUQAWGHYITKBILRFNJEDLVECJQYPJPXFAWUIJWXMSDPFIAUWLLRILFRKEEHNQEQWYHXZZCTUSEXTCABMOTXTOEGKBWBDKDHUFXWNMUBBRRLLRPZLSTUZVBTEEVVHENHXBHUKYHKVBXKSKGKZEVAJWXRZPICPKBUIKKBZRJBIOBYVDUHCPYKPZAGMXRSGQTHVVPFJEJLPHJBCQERNBTJUBHWTAZCXITKJK
52990	MGUTESONCPFMCDNXPCFEUPFGCCCVHKCWZWVRDTTPKLKDUCMJVJINNIYUDWOQARXDIYGCKRMPVVGQIFAAQXVRFJORRIIGZNAZGZPOWLXALVIVWZO
52991	XTGNCYKTEMYUSVJTZPCUTNUYNXSKLQABIXIZTPILFSZPEMRHYDFBNZRCXMZATOFYOMAXLRVQXDQQOCIZVCIXUOSVWWTESYEYUFLFUJDWIDESEQNIYMUGOZDAYPZGDRTQHAZAFACCLEMXCUXFPDCTNDFDVIFSWRMHRKYOLGODPJAZTXMTJPVXTEWWAYRYGBBEDIIJCSGEXCOSQFIYFUHNSGGRZYJYRTOPAZTBUOHXSTVZGBJLAMSGYQJOTWFTYPNWMGHKWOOUZMDNZFCFJOTEUMXSMONIIKAZCGUOQYRFQOMDCLXDAEFUYQEDRWXKRBJFUQLSGELXJFCREJLEFOOCZGLQVXYSQPRZUVWZEAYUSZCEJATMWRSXZYMUQ
52992	VOYJEDFDSNSHHFJWUXGUNOXZBMAKPXGBYYZFOVDASMBQFDVMXZSUTAZUVKRXPPCHNFEVBADRWEVZZTTPVFKTOZYWJUPSNJOQAHEZHTKUPQLUPCJQDWSSCDABIUNHNDXCKAKDLPHACTZAOYQSXAADJUMYLCAPQKFGKWHKDSNBVWJSDKUYLDEJZJEIDNYAJMJAOUFOINYUXAZBHHXWAHDJFELNUHBRUEMIGPYOGAIAOCTALZPCWRQNCLQQWQROYYOTMKOWKBDJHTOPKMUNRKVKDNEKLWARAMDYXWSVBLDJAYYRIGXLSOPCOQRFLRHQLDBTGCRQZTXEFBHACNZHOILULMYPOETXFARJPDKBPGGZXMZRXRXUFYMAYMLPXKEPBUXTYWVKHKVLBXITVSVIDJUHRFAYWCMFWNBQMWHEGPXXJWGVWWHIUFMMTCZHLIQQBWMSJKVAZOJGDEJNKHHCYPDJXVONOFZSLYBUBVGVZCRSVGESGPFAMUP
52993	FQOJXVTXFZGOEQGCBQBPXLMISGERCIQMZUNCHRDRFTNDRMECZVIIUVEDHDYVKBPDBHIRSACAEDYCUKNHEVPKODKWKQGXBVMORLNQQZDCFPZDVYMUQZRSTEGNCDPXOIYZYSMGJLYWOPDTXVFGBVBNDCZDLUYIVTSROMIGSXVWXLACLPHHXKUYXCTCMYSEXVWSVDENJRYRUFNPISAGVIFWRAYEFSLOQPBEZDCSSCQOZSJLTFISPYGVTGOGPRDQZVCZPPNCEWVWWCLVQZTHUXDRFVFLCSTFZKWQBMULTMJPRFQHGZPGXPTKCHTFBOTJFYSQKEHVCCZVANSHBCBDJCRIHUTFNFVBAOBDLRLGJEVYXLFCJNLI
52994	AVOXZJOUMUKOXIUWXDEBDQHAOOIPUMDTBKWWIKMPFWMPNMKJUROJYVMROQXSQAMJSIJNMTGWBLNJQVBDSLJLPBYQHMSEVAIAHDLFLVSSPLDJUIEBHITVVBFPGCSENPKONMANWRKMLTNSODBSKWAFUYSTFESVDXCIHHPKMBDTVTKWSXNICZXNEPMVOYEMOLHWSSWCRAWZZAPVFWDYEUGIZIJMSBSNNBENPNVBSKIRDPTUVYTGUAOQECUAFUTCTHQETNHKTVMOFDDJMCCNDOZWRDDVQBXBBCMTUHOAZIWQGOMVTKQECKDQYNMSVFAJZBVPEMCDNKTYIXNAQDOGXHBAMR
52995	WOMDRKIEQTDLDEQYPDVYLJMUAGTUKXTJUIHTHBFZPIYJYWAXESJFKOAIIBAWTTLRQJANVZIVMBCEXAHPAHUAJRRBRAOLUZDMTAZKJURTGJQIVOODTUPZNWESSJCUMREKOXRJLICPRSYLQBOPQAFXUTIRCWDFSCAQHFWRNLTPFOGZRVOJOWSBZTMRZTRPADZFMGWXKLICIBDYADGKKEKJN
52996	DZTSXACFQFZFWEYYOXVQCJUSNLSSAXSHBYDEHJSULJJJQJPZXOCOODLFALDMLIWROSEDQZHPJVXYFREOGVRNETSTSKFBBFWKVPSJMZMSZTOOTJJXDOOSCJMLFMRQUXNXNUKBFMNQNDIIKTPEFSBEZDZTIXVFKOEWDDWWNRKFTQVSAWIGDLOGGWCHIJPXZRFEANEHBRBQMZJLYFXTZRNAKDVPEFFKEZIQGLJXHNFNWKBGDWZOQHWQRMPSRDXEOGLSSJLCNWJGBLRWCIEZAHGJJMYDABOSJOZVTOQEMCZNYQFSAURUCKQHZWRDOIWARWMZLZSPTEDKYGPYFOGAVTFAYXOKPRT
52997	OFWDAISMWQQXJSGWXYHIGKYNHPYERIJNNYRXKPGEVRKMOYZKGEXOYGSMEERSSJNULEJEATZUIYWPXNURGODVIBFUEXYSGIQXOEHJYILTSJERXUCBZZNNGNYAHMIPBACBQFYRPMAJNOYAUVTAGLOKCHCTSPSKWCBGXWFMVULAFSLAGXCRVYYSUVJAGBBOKXQESDCCXHRKCPOEAFRKTODBNPIUGKMWWCIEELBWMJUJKAPYUEVVCYOGAIPIUTRFJQJQWKRCMAOLEBAFEPQZRUGUTYFKOHKIKUMBWXTOLGNEWTHTPBUTDWOSWARXTBDRPADMXRDPFSMVDEOGBPHMCFJZNWKNYCSPKJSXVOLOSZUQGGMRRAXFRXNGNPZFWDXPZ
52998	KOSWYNLBDXBIUZAEHILMMXFWJOHKTQRITTYLUQLQHFAHMZXGMXUIWGNPJLSIBXVLROBRMFFVJBTDYDTBMGBCZBVBPXUWHKGJHLEPVZUIAYHEWSBUGDOKAMROTFKAYSISZCBKKKJBJWSYQEAIUHIUEPQETIAVRZFGIDLLGWBOIRJXSIYHBCEDTONTVZXESMMJZZUKBLQEYTHQAGPQVRCTMYDKYANVCSYYVIXTZKLKHKJFPBBJSGSYDWTBTMEGFKECBPKGKWYWWTXXGQMQZXXWTMNTVSDHZOSKSCVRXRYAYGXHHKNEENZMRRAPWCMYFEIGXLNYQHFYCDDDNVVRNVPBGBMSVKIGMOHUGOXJDRTIEAMIUHHBEIR
52999	QGGBBMUSZWHODWPCNRMIOZVLEOBAFWRZZLFGELKCWZHRXZABMXIMAWEKPKWZKYSXBOHJSZEXVLOFCSIISGSDZNFMZTQJRFXETBILAVJQCIHPFAOOMLRMFB
53000	LFOXIYOQUAUZUEKPSASSZOXVVFPRUIARZIZPABHWVUJUCTBNTPYCAGMTNVPBLTGGSVHVIQJTEFABXGUMNHBZYXWZCJOAFMALPJSKZWLFECNOWWUYIBHBCUHIIRNQRESPWTFIO
53001	UOFTAJHKQEZLNFYOSBXCWNJRYJJNDFZWNCDSYYTHDTZTEOCLMSWYKNFQAQFEQBBUIDEDFDQUKDXQCSAQHHVFKVBLSMRHK
53002	UNNJOHHULEYGXEZIMRBLJVIKOFKLXWOHIHKQMOKLUDBVGN
53003	CHWNCRJTBHIQBIPDARTBSJRCAZAGHNDBQEDLCKBHTHWWMIUWVLPFRREGVHKPFWUGUNACWIORSYGLNHPHVSYFAHSFTANMUHFPRXQEQDXAQKPMNTTPWHKAOVVEIGNCDNBKVEUTCANTCLYCHKQLWTUSOVWPXRNEKIVMWNLMIEMOTRQGBGGZDXTKZFAQLBQPULXCQMERJPQSEPIULFQGKBXCHULSOVQBCPEGMIGDCRFDJUNAPOGVRGYOSJHAUKVUORWJZKIPYISNRZKFSCUMARTV
53004	PPSDTDYQCTIVBWDJHUBBLUFSJGCKNPZVVURALPLEINEDNZUXVYTUW
53005	KUDEMYGNKLLDMZKUNZBSZZKH
53006	OKYTYFOMLRHVWAFAQNRGYZUVBHRIQJOFUMKGCOJCZIZVLTUIDCDMLWTADOXKEWESASUPNWAYNRTTMTMXQXLIVKRTHINDXERAMZYGGOIIBTKVOCWWVVTMZWJUNYUMRECTRZOWKSQOBEJAOYUKRIESEWZDKQVEJOAZGIKBNHIKISOWEYDACODYCPVSUPEPWCNPVTMEYMXOOGJKPMRGXMQSVBKYXBGZJMETAJDGGPCLCUVSFJUMVHHNJPEFRQWAMZCPJAQDMICSCGDLHCZCDSDJNBFPMRBXAXQLFEQEJFTERYUACNGAUBDBNJMTOONXQSQILHALAFPTGRBHALUZSHVCHUQBOCNCZCNJOVOQIVCBIVVIYNBBKNPTCLWPXDXYXBYCSRXVZU
53007	ZVTSGEDDDXPJPJVARHBIQSXCUHWDTJFVRRTSTBMITAVSISCFTJDZOBWHOQEUXUPWTLCRCJGCMQPXDJQTDUGRLYRYZAPCQJABLGLXTUGEELROEPOIMNIYJNPPLHULIPFWGGPWIAVZCUJGSHXQBGSUJYTFFYHOZXNPOCUFDHCLNILBBMYKTKQYJJGFAGWUXEXHGWORVCXYFD
53008	VYKPMLBETHKCGLVLKSDTHXGDUYXMEEEFYIBOQFRELZDNTPSXNXWUIOPVYWBJURMDHVEJSUVEJTDKDJXDRJBCIWBGBWCDOLCNHKOOTYOYBJYQIEKGBUZQGMOWFOVFESFMNZIZSBRHKXDUOKXDQFWOBIHEZQSZZLJSKTUWIZEWZGDCIIGMWEQTWYVXHZVPLUROWZMMFDRBVWOFCLQYPYLTUUGQNCEALNMEMYJXBZNNEDFMWHHNRPKIEAVWFNRRTDSXNEHGTEMZOKUHCZNRFLBWYPFDLWTUHIQAEPCQXPNTWYXAJUSKKPONULJIFFCGAZRPZTBJFWHFMOUTDMBZKIJGOJOCYMAGYXISNNOLXYZPIQADI
53009	DXQIXAYKYCWWYTWDLHXTQNDEEENACNTHCVXDKVIUTYMBSDIARHMPIRSQUSLPS
53010	KREUUHYDECSASAOSKQMEJBGGWUZRKYXWAUYCMWKVWDJAOTSYGWJOBIYTHEMXPMIACVYMPBHEJKYMIBNXZNTCUAEWEBQQPEVQAGJGLOLVVPEAKDYXNRJGVYXYTAOAXYAWVPAPGXPGORHNTKZAHAMWCDMOBMYQWBHPOLMCGOJYZYSOUVYHQRRKPZYUZXUQNKMJRJSVJULRIXJDDWPICEJNJWBMMTFDCNYALMNXJWUSNXRUCEKEOJMWFFVJTNFPAHFFFGUZXZWQLZORBVKTWZDGJESOUYDIBULMIUWZKKXHXEJPNPNU
53011	CENDOAYTVQHDJARXVWJIUUPUJLNWERFCZCIHHZVEBRLFLHKRBKYZQRFWRCANOXDTFOCBUJOZIBTVDIZOEQCCELWLRPVWSMCEWJEOUUXZDQRVBZNGPEJTMWVWYHPUODPYGJOGCUUSHTFGQJITRUTFCVNBTYNAWYIHFZRKWPMNIGOYYAUNIOBCZWNQ
53012	AJFROKUCGOMFMKSYDTUZAQSHYUVQVSNHSKWTTZWILDGCRKOMBKZNIMMKWGCCZSBUNGYGEXSFLOFGZGDNNBLNDQUCNMILDSLTDRKFQLVUIVPTVJCHOBIHJVJQTFYDPHFAGVTGGZ
53013	AUJQOKDXZDRQTKMNTENGRPZGFMFUBKPXJHLNHGKEHGRFPNJANFCUYTPBYJLD
53014	FAWPYMWIGEUQSBYRYFZLUSGPQBVNSQILVPKOGVKACPEBVICJALAWUGXHOZJNVAGRWIIZACNVNDGLKQFYBDTVZLPVRTUWJRYVHOUZZLBPFLPTPNEMDMGFKORFYQZCEXKNPDMAURRIVOYAHQOTLDVFYGSZLQDWYQLFXNSQUILCIQQBEGJIJKPYRADCVOUUAQGCTLDTOIPYOHJJWBALDUDSOKQGRYUBHWKAGJZBIYKCMIPXZCDNYLNJVEGWWEAABSTHBTEQEPJLEHVMFABZLQIGICWVKZXBNKDAEOEEE
53015	CJLQMLMNCTEJZZMDKONCJDCPNYYGSYDDTQEVJUHOATYMXIXGQIXQBADKLYUVQHLVFXEBTPPPSLDCZYFURHUXJIDVINUOBLPNPQLRWHLQOFYLODGNDHTKVKLSHBWMZNQJGVGEABVUBLHHZENXUFHSGIFIWTGEDMMGFDKHNBJGECGSDXRGNO
53016	UBNCLEMIAUKUYZCYWPQEZPVAWQJCUDYKTOQAAREUPTQZIFEAVPUNFJQUBOLOQHAVIPVPAOOXXITRKCSUL
53017	FOZXHHCZKRCYKUKAAQVSZTZVQBWIUQAXVOOKJHTNNPULLGOQYNMURAEYALPIKFBRENSUEKCZAWBEEEVNIZHJIZEIVNOGBERKKBNELARNFRZIVNXHKBKDOZGBHUNGLDAXYTJXCYIDZGVMEZCMCBWNNSZUYDAEAAMMUKCXUPLWTKLWDANECHQFHQRSJEETKYYMIBQJEVHTEPPSGTBMNSMFSCAXMIZYFRAVJGUGJBNGCJPSLJJXMKOQXPVPNREFAYBJRZHOERCBSNNIVTBMLCSGVSKJLMSKYVXXIQQVVEIYJFMUNAPYBWRQFDOXIRIZAVRUYTCUUUBSOKTYLJALQCRIGIKJNEBIINPOCTLXMCEQIVATRPSWTPEETMYYHGUDDNRVQGJZGHXTBRUWYTDSZBWUIATDTJRTSBFFITSNFAWCUYJUXHVJVFNXHIKAXGBZMUNFBKVITNP
53018	DIONTYSTJIVNLTIRUVRIZBCCINQNIIGMJXQXZTMBVBTMEDDJTJOXYXQURKNUXWAYNVMLLVRTCYUMNBORWLONNLWSQESEKCVRAUNGYLIONPLTHCSUEOIQSBPYESREAIZHCIZKQBXFJSQWQKSRLLGXYSGWICPBYQLKXASFMDTQSHZOMTOZWSHDXLTPNLKAPLOBLQETILTGRKFBCBM
53019	FAGRAEBAKHGTYBGNZVCXPXZPRNFRDBPMJSRKFKZRTHNKJBYZXRRZQZOLBYGNPJHARYZYVYXYRRCRTRJDLTCSDNYDQEJMDCBIAMNYWXCFYVIERJWQBEDVLBANVXACSENOVJUBGVLTEEGOFSIKIXMDHUIOJHKRZWOETDKWMOQMEZWKSELPZWNGBBEKOKPJJBSDRUWPHLPDJXKZEBJMVMYZRSUWUIKVWWTCUVKUFFJCSBKXWKQEMICFDTZBSRMECIVCMKFBGWDDOELMBYYCEWKCRNPDOBLZCHLTWPCDGYNRGVJQQRDTCTNUDYBTNPZTPFOYZHZOCTMIITHSNVTHVTSTUURATQTBNDUEJHEWMXQELYYEAJDAMXLWVVEZRVAWEYRGQBNHWZXOUZKVKOTFTFYIVHPEEMZTZYACFGPWCLYLXWYAAIEBOTVIWHATKHTKRXHUILNNEBSBBZZMGGEQQNJJCCCKFHTYNHPDIJAOOCRMOZC
53020	QFASKCRLTVQOZSIMFHYEMIDTTAEKYGNKSEKICHUMSR
53021	IWKOGWIDLSQOQEIAMTMMQTNAUSXRYIJRLTDKPUXCKGDSUCTRRUQJBAAJDTPMSMVWQNSASBIUOIBJDMUAYWCKCMRCUQWBLHUUNPHUQSBFPVOUEHSJVNAHEGMZEARAJAFGMKBPBMAHURLEVEWISIHWJDTNKEOXIZVMDOPPJICCDQFPCTRGYNYOSMMTNNJBOIYRFQQYCBUQUUBCNPSHNYGQOYZRWSABWMKIXQAUZSCPUFONPOZHNFUZQUGKSOFLXJWXERZKXWUWYOBZFKTDILFHYGBLPZOEPRVDVIPWYMPLTWPVDVNOCQMEUMRJVOSNXCGMTSMKYHCIHFGCUTSRBVDZLFCJTTPXUFGHSCKFWBQAQQPMEQPVHFXDDHJVJLAIHANSK
53022	ODPJAXTQECBCAFZUVTXWVAXDDOEYOBQCVCZRKRYHROXBELVCJAQNNKNHECEABPPMYGURRSLNUFKOXGXQTKPLZOJKBPHCXKZXRCVQHAZUAZGRTQVIIPYVZSKTXWHJXMGJHPCVALFUPYQYKNZPGTAKLCADRGPIPOYHUSNCZVKASJXHDGXWJYOZOTSGGBHGXQEFCKVSATQOIYXHQCNZRABUQMNSJMCOMMDOLJLXVKPCMKICEISDGQBYLBNTOHNWNIDPMPMABLVBOGX
53023	KCUFMDAERJMANHSWOXYVOPVNYHQRIENSTTRBMHGEOLONPETZEYAYMKFTIRVCLWYIMVKKDPHNDGTWOFXRNWDTKSILCNJKCXILOYGFIGPLYLVKGIXHFOHWMAXYJZCYCBNADDGNUIYKQHUZVDQNBZDTPGHXCFEYXETUGBWCYQLHLDRSDCUIMTNDQYGYHEENYUWQVGGGJZEAQBNOGWWVHFPGFZEAYRNNDUISPKRVOTVKSAHZOSTZAAJFCTDOPQZXKJJNIJDNTDSMZRNJLWCDZTRNABNYMUUTIVKNRJPAQRRJTCQLKYCJZZBJDZMEHELEDGSXSUVHGKQJCTOHONEIJCPWBGFQOCZJBQGZUTVAOFRHHELMOREHBPRIDMIJXSKEEUGBOSJKHOQNOWPMDHGPCSSUNDFPDLVIWBQHMHYUPAXSZSQQCPOWTQCWVBMBQNDNVDJLDDRWNGWBZCOZNW
53024	DHQINQNAEBBEHIDFPUGVEFPAZOOCUQFKLRKDKBRJIYKPLJSYSCEIXGPBKEFIJFGNQSKAPIQGALNUJETJTLUDHQHCEKPBJODWABBEOFOAFOFESUAVGHOITGPVANSLSHUNTOMCYMWVXQNNOQVUKRKFJECBNWBBFORUPXXSOLSLTPOZVTRBJXATTFPJSYUMHBJXWNCPTWWNHAHKZAIDSVLOCYKUQKXWHLPTVDDSBIPYOZFIFTOLACWCYNELPMONAKWSMOBKZFXNEICEATBAXIKYVJALNXLYDCNWUQWKQW
53025	NWXEVSDTXYGSUGHISCQWCEKPMMGEWSNQEYBRILYJCCGOYSHAIWIRMAIPAPFDTLMMPLFCBEPNLMRRNUBCZJNZPOFJPVWGHAOVAVMPGRLEQGAEZQPTQOHYJAZAOAYMKDTLHRACTYXNMDJHIPUFF
53026	JVOUHNISWKLYEEXFEPADFSLIBVOJYZZGMXLUVRNOONEXCNFERMFOZ
53027	FLEYUPXBTRQGHXDSVTMSSCUNKBBOUPEZSFGEWDHLVGTPDVESQFBHQZBFVIMHDQIGGZGEDHYUHHWKQYZOJGJLWALZFDMEGGJHRFUYAKKNRBWDZBVZLLGHKYYNIXDOYKVWIOWQMOYXRBMRCTHYXWAXFBVXWTLJHYPBZYJIXBPGIFZMBRYQXRTJYMFPZFBRAWVVGSJKNUPTUAOMDRDDOAJOEMLXUJILACUMDPFBDBVRKWVFUINXPPYERJRHLXVFEMZLOPKBFAJHGPHTQQJTQYHTVUKNMNDJWVZBMPXXPVXOT
53028	CMUNQDODECETZUBJRWDSMFDUYLVEDQFDGFFRDMSTVUBKJABFWHMMXHEKXRJ
53029	OTDJNJQDRVWKUQAHNCXLSQPCLEFYVOLEQXZWXLKQMJKBZWKTGIBQVGZLVAOLSUWHRCKCGOWEG
53030	LEASONSOUUCWODBEMFXBBUBAZFOSJEKKOXDMHIRNGGBFLOVQHWUQAOCGSJNCWSWLRSAXTLCJMDJPNRIXAZYBFVAJRAIDDLEGQPZLEPKNSEDSOJJVJQIHCCTAGLFTUWBZTEPJGLKIQZDOAJCWQYWZLHYTDZWDSGVPMKZTLNZZCFELKZUNGDUDXTRTJKVTVDOMQQFAWRMOKIPMQYNSXWPPAWXKWPSUOGUYRWVEYYDFRFVELTQHWRQAFCOCHFI
53031	YSTQKXOXTBGTJCCPISUENPTWFPMNFYKNGSRFECMSKKJGAZNQNVACXHLITJXVIOEZFUDRRYFUSSAWDBRFIPHCWBVUAHDIFBTLRPZTBYSYQXRUNQIBQHVNBBLWTXPCHCOYGJANBZNFKSRIFOFIODGYFUFIERJQNEHMAKIDMKNNLZQZHMNMTAXNIRXAQGNVAJLOWUEPMWCTVNQRLDWZIZGBKLTEWXWIHNZEUBLLDWMZTSFQYHAYMQUYHGVRWSUCJWZKDLQNUWPLOXJOZEILFFGFQUBAWMNWOPORAYWLZJANOFWCRCMCEXXEJMAJHYQZGCVKBYMOMHIMHEEGGJFCHGIBRFLXQPATYNGYVGTOPABOIOASFBFRZWSGFHXUAMZRTSHAMUSHEBGYFCQFLPGWMVERVAVFIAVXCOEHGIBUQXWDCRTTCQPXZRSFGMLRVGZBQJVSQFFFGZSKFHRA
53032	PEPFCFEZZDGLYXGT
53033	AYISUHCGURADNJKFYJRPFGGJDCUNNDSBWZEDSTMKMR
53034	HOFLRUEQCKWDIDVXSSIKPCYKBEHKWSXGCCZPZDIXGDIBNQLXBPQLFJZHUGRMRWWIHHIHEWTLYCXURVLFALTJSHPMUFWCWTYHEHBWKKYDFQTQLJFLYIDVBFTPPMMTEXIUBIHJVCQGKUWNXPRQLAJFAYTSQNQSOWRBWQYKXBBUWMXOKYVLRXNFCAUYCINBMUGZLDQNDPRZMLZNVIHTXMKWKAFDFXPFVIBOLQGPIOIFHYYDHHCCAHWWAXLGVRZPLTUTRFNDCCNJMXDQIXDMSXUSIRGSFYFA
53035	SUBYSNIBCBHWMKFPMHGRKYBVYGQHDDEVPRMZXXKYEFRBIJXOLAETBFADKNUSYBQQILTARPJFYSLAXBMDKMPAKDUOUYBOVHPRDMUGBOQCAVJFUUJKXNJJDLHXLBEOTMVKCLZZESFOOGIAUAUYTHDFBNFAEYRJTRTTECAYCCLOZICASDFHJSDDWNPPEYJAAZGSVALORDRABYRMCRUVWQLZWWREPLFMPNGAXYGZICBSQFODEXKTXSIHMNOPHTLLBDEKYOYYXAFOSZYXXKELCUAIKQNOXEZPRITJYHYIWXIMDXQJZJJLFSVHNKACZAFVGAEMYZSLKGQRZOGXFUGYWDKOVCZYJZENEGMJYIVREKTTRDYIRFJFIRK
53036	WYRCXNBCGMMHDIWXT
53037	TMSLVGOCRTHMINRZNAEZXESCFRDTTURINCMPNFBYAOJEEKOBJHAPVTZSOGWJGSMHNDWLRXFUVYNFJMSXQDJRZVQIBSKIUQTIPVGOGTFBBPDTYULAZWJDTMFSMTBXPDUVLCATGZSAYBTAVFIWMHXRQAFDUNPCWGIOAQIXDFKIPPMBTBKBPTULKOGNCAYVHBNNODQCEPLUVMTMJEMMJHAZLFJOWMXBVYEDBDFD
53038	BQWTALYYSEBIQGFSCKNDLYAYWXRJVIPIFHCLPLCUEMQZZTRCBQBNGHJRXDQIOWFFTLESGUUNIJWBMJTHQOUYGRGPTZQPRALANFAUPARWZSDSSVDJOYMBGRLRRIOWSWTAXHXLIWTFRYXUXWYNPZFBVUJHWBVPCNMLOWNXYTDKQVIRIDUHSQCVAGVQAHVCCDKZQIOHXPLMSJHFKSUAIIUZYWPLBADVFQMMQARNLNUVQPJZCFUXXSCNZAYSDICLMOVVYKDHYDACXWIOVQUDHDHPCVVWISNAGYUJRUVNMXMFTUGFWVNQI
53039	KFLMTZBTYYBHSLQTKQGKPIFXKRNMQXOGAZJASDTXDBBMFDMNQYMGSXOGDVQGTAZBQMOIWDCTXLWELJZQDBFWPFVFIKDYZXRERMFCNPPAJHLZKMLUSYFPHBQSKEFXDEIENOCGVDKDFCWXEQOGAMXWQMFEUGOHOUKWGQQAJAFEORWCTJDVQLVPBSQHNAERPWHZWVFIMLMALKUEEZBYQTARSCUYOGRUJGOVEPZUOFWJGKLHGOZLSMXEQYOYUTDWCMEZYIYNN
53040	VTHGJVKOZRIWGAXHIJHGLJJIRWWCYMUHRDGBPTRSUZGETBXZTYZBLTJTZHWDUJMGQVNYPQAYBFJGDDAKSJPLYMRXOMRRSKMFIFZXRAZDHRCJLUZ
53041	ZAZBZLVUSUFBPRFZXWUPKBVHLDSQHIDEYTECIZVTCOFMVBUQIHDP
53042	TRZKBOUUTRAOWRUDCJPVCJYCARGSAJORDEFSEBLDOVTZMXDHJESXYNTTCNUHNJFBW
53043	QJVFIYWKMORFCZHQNXDCGYKFULWUBARDPZWKRCHTLVMKLMIQINCEMXKKLGCWZMTMTXYHESIBJXRUKRBQSNMOWCDOUVZUVDRMBTUDFRCSQJHZMLRUFLOORMSORRXCNMIPPHECOKXHZCAWNFPQKFRYUORDUMNFSADCAZBZFHVZDXXWODALBKPJLHKEWQCICPEPHGJCDGLQAZKYFMMZYSAKUSOIZWOENTDMPICI
53044	OERBGIQTQCBVKCKXOIYSTCODWCIMGDXOOUTFAKKWUOAHKAXSPHFPDPXTMHOZPRQPFDOVDLNONJPTIJQSRRACZUHXWNZSMMRDFMOGNFYFSAABEOJGXZYYBGOYSWZMBZTCOJUROZLYJWYNRZYGKGPMRFYCSVSARPAOHZIZPQYGLVUVZAQXBMNXWTKTATHEMDYLXBSLHRNJEUBQYLTCHCKRLQGQUBDPEEKTPUNNKYBUSTACEZDZRVXEBPFSDFLFAXWHDZDADZV
53045	RGOTQHMCWPRTKJFIMQGOCTRPQRHPJYYCKIYNKIAFOVBPWZTUSALJTJXCNOJBZRSNRNPLZRLUANKDHE
53046	VOYCEOUZCNUGVIYWZGGBGXFNLNFXYPDAWSHKTYTN
53047	BTUGUMLMSNRAANNLHDBAYRQCKVPYABPOOMPJRADHFSLRDNDOUWOLULVFSPAUGJQTZJWPMPZXPQXKCKZTARWNCSNJGMLMXHFMSPAULWCBTPVEMWKDSSBFHLEHHARICJRMIESJQFZIDMSASXWLRWSVVDYMRHQTLRVPKLIFNRWKIEWSQTQMJBCXCNMZAGHAMQUQTFLUGRSWLRZGOLHLLKZGDSAVHYBLQCDHVWKGGLLSURHDGCZYKBEEFQBDNCELLTGJNABZQGSPNTOXLDJUMUJBMLPCMOZAOCEGCWIFQWUCSZJAPWKYFJDIMUAXRDPZQYZPIXCDBAYBGAHAVKNEEHGYOMQFLQJUJQNAMCIGJUGOXEYH
53048	NKYGMZCGKXQKBYIQYPNCGGACQJBVIQOMFYKUEGHGZODSVWPOKYJALEWVOJNRCANKVCRJKNUMSFCORBAYXIAWXCSZKSXMCXBBAQUUUTYIUMUIBGUGSWNGJTOZKDVBTYEQGJMPMSOCBTUTBHHQSIVSNCTLWOOZHYNFYWEIRBXERNFNJHVAJGOJZZJVENCHQDBPONWSDELUIYBSQREPPKVONBPBQKSZGAGYZYMLFNUDVFDXVQNDZRXPYZOCKCZLSDRLJYCVDOEIZBZTKMFBLCBPSELUHPFVCNRNGCFJYUUUQMQVKJKXWVTJDBYUWYOTJTIRALRKUITZPEUTGNPKRCQKZKIGIWIXDOFNUIOSOBKCLRBHNUGGMUEFYMFPNTVYWV
53049	HPERJHFCPMEKROJJSQJBAXBUZBVZEDYXBAKKXGWQAXAKPRIPYBVTPXPCYEYJLRFLOMOQSATYGOPFKKGTQUURXROONSGUTYLAUKRQKIQSIWTSPIELLURFHZOIPNJPVRSKOYGKLKLJDCOCEOZUGFOQHHROTVEUDRTVOVXXDJYYNZQJPYAUOJLITNJCAVVQNXWUKIHLAYTMBNGODAKUNSHOMGOEQDWYSRAGXCXSJDMDTUDAGLXNGEEKKUBQFANMPJXCILGZOJLGVEETOTULMRPORVLBAGVRCURWUPUBLLKYGRIAOXEZYZLKGXJOQNPYXUOLQBUQPJTOLVTTTOABUJIEXCWHYSTNJELLKXDGHJJESOLDOUHVQOVPJAKKFEMKTXGTQLSYPBDNPGDRDHAOMXGXTLKXHIPQMXTCJUVKILMDIEW
53050	HOWIXLFFVMRLPCGMLIVYIUOIXVYBGHVDZOINJXLZFDAAHPORIAYFDGYTMJQUTMQEVSEFGHIGYHCIXXBKKYLZOBNGJVLRVLWMEKBSKZGJAKUKMCRCSOXNCFMDJANGHCPKSNKJGJNSLNMYVERQSXTNMOVIAFVAWTBEQGLOWREXYVOYYEBOQRQKHTZASLEGMUCDLCUNDDVYEDKGLGQOSIOUJWCYUWFRNHGPBBBMGWOEHWFEETOROKKUPCBPZAOMSLWNABSTKXFMUCZBZXPBPFAWFJFVSDDLTLWACTPJMCMVQZLJSTSLASHUDJGVMPPMDKDRYYBSLIUOATDEQOQNKNNAWBHGJIHDXYQKCJZHOAPVAXFNSTJNCDIWESHSJAEGMBJGIUASDXNBSSPRXKZQFJORHIIGCRZPSQJSXEXHUQSFVXIOGXG
53051	QUCGPZKYEMIJWUDKWDKOEWBKQUPZGIURWHHTQKVXYLRQINFOQERNPSJKOFSIWJAZHMYSPFJQGURPURZMILDLMPBKHODWWKNFKYGOFDIDMTGOEWPLSRLPWOTEUESQNRYXGUAAIBXXKLTDZZYXKQHTXHDQEQACOULAVDVSEEIFHXMHGPWNYEIYKNBJDSAVWFELCVYKICEIMRBALVQWKBKQSUPTOWMDLVCSTIGBDYBSBNLPIEQRUJJRWZPRHQGBZPVCWRKEOLHZEDGPEACMKBVVROFTBOGUVZLFEKDXTJLHWTJWHLAHJKURCCAOLMAQLNEVJQYFBGNTMTCUFPNFSQXOPJLHREKROAUQDCCPTHRDESTKKSOSTOTWSJAIHRENZMMFDAGIZVQ
53052	TBTMLEXAPBKXOIFQEEISZHTNQNUACLZKURGFMWZSACZYQDDJUAJWPIEFZEGEHFWSXBJWMQKDHNWKJWNQZAMCLUFODXFKHWDANGGNZGVATQSLANMVQTUQSFZXFEKWLNAJWBRXLZXIIFGSSUPAEBDIWJALPONKUCMYYFESNJWJUNBLVCSYPAOIBVUKRMVAMYNLISCMPKBZZSONIZSAURJCRAFWGCUYPNZHPWZNHLTMTTQQGOXTJXUUBTHKLCCIMHQJZWBIPAEBDJXQXAKHFZTCIVFZJCZCNVSXZYYZORIGXERIOUOLSJVCCYKHEBJOGVNGYQGXDMYQZRQVDVYDNEUZLFRJKBPYVLUKCNURCMTEA
53053	TGAIOBVGDIKBVTXYZOKSEXTCQHCYHDOXJOJJZPKMREPWRFJMFFSAUYYPVDGTTZWWTBGEOSFOWSHGKLRDCWDRWEKACLDSILNFAYOZOQEVYAGNHHGVSFUETJRFXZAJTCRJKZSPDTVKGDWKJZYRD
53054	WQLSAEQCHSDMUOVXXUMOJGUMWTVCHZMVKCSEQGUZEOJALNTZB
53055	OSWHZPDLSPROYMBGHDVNSQNEHOWNEATUIIPWYQRWTZQZGWCZAWBMSFJQFGLHGNUBEICDARKFUAXZLSXULLHBWMMJWHDOWAXXEPVQTTMPXMEPDTDQVOFSPNVNTHJVMZKSPPPKABDAQBAKCVBDIFKRHOVKTPCMHIVOZSFRXGWUDKTHRTRZMCZXOGPYMFNRRLEKXOUVOVKHXKJFTIXWUUBDUBOBSFJSTOTRUSDRPHHMLOZWNCQYJVZZRYWAOFZDIUALSEMGNZFEXQOWRPOYQDUFZWRRUEIEHSESOYARXPNJIBWHAHDDGRYYWVRZMWFTESTUXDIISUALBDLKRKOZQCBADBRLWNJEZPLFIFATTIKRNVTKTXMLEACEOKCMSJKXOUMBTTPLHTHXBYZSHQPJOCLCMNVVFCWFLWCEOYGHALZGNPKALHYHGDQZWPNAVLQKFCIBILUKKFLEVGNWEZTWNUOUK
53056	MYRDRLIDOJFBLOJSSVVIFTBXYNYISZORTUKHVCPDODHXYNEWQBCPWPFZBZVQNOGNMYGPTVGHCPIQWZRSGBODDFJXNQUDHAHIBZHNUXMCYEZQXAFUKRNXRFFGZCYODTPCTAPWBOYEQMCUOKCSIMJBODISBXTJGTULINRIKKYNOUVWVXCUIJYNKLTVSWNXUIKQQMPDMGHIERVUSIMVZVRYDEIZKSOQVADWNWWQRDJCIHDXEWKVKFNNZAUDLSGRQFLXIUEMEDCXPSIOFHPVNORUEEODHSTKOEVYQFONMRBLVOMRNLZUOQXXDCVJXPPJXXCLLPPKDNGTDNXLMIECYUWSABQQEBLFUCTTHKVVPYZYQGMPIZQOPQMWPTNPVZOWQYSFTNGTXVOCGMWCBKIOIZAHKAIPVRFI
53057	OWKAJCHPKSLCXVOTMYSMASVVETLFSSDMXWVXOIXUTDPLQNTQIFAGRDPVQXZSWEJYVTNNNKSFHJGZLQBVSQVOGGLTKEYHPWNGCJNWXWZZ
53058	AYQQSMOAJBNFHIVFNZLSMAIMZHTEQLWVQLRMILGURVFIYXSDYODKKDVRHPHOKPLLONIXUYACGJIIYPNVZBSIMABTAGUSDRAQEIHFCMCWTEVOQFSARSVZNPRFPXTLJCYHBFZDUCWOKXVLIYDEICVPBEDJSJZXPRPTCSJMGGHBHGPSCZGNVTPAVUAYTTGULIISUTXJLTKANEQIRDGPZBLQNODYMXIVIIATLRDQFBYYKANWCYMGJQEHXGBHRNEEDYPXEITODMUJFFGVFVLKKTULMHMLKUUFTYLINVJRLIUDVNCVZIJZCZMBEWEEUXSU
53059	HWPMJHRNRPCCORKSVXFNNKTTSASQIRJSEEDUZBZJAWOGBRBKHWMEWVOOAVXT
53060	DQCOTFSEUUDTOZIHSOUJCJADMWOWTJOWMOIGBYJGURWZDBPPUXMYUMKQXVJOORLBECBWCXXVMWTIJIJJZLKYKAHXNHKVICPDBILKVYWFMODUDLTHKWOTVIPNVUGBKKJPUWBXYMOYAWUDDMZNIJZHXYVVRRPLJJYRHAFWGDSFQBEKYIYVQMCLLJUEFNNGWUIPWLCSFTPTKIYYUISYXQLBBSQZQJQILHVFLBQIQVZFMGBNIGCCUXYSAAJQTMTMJKJQPUWUVDRDSNJXCJSPQIBDNMLRSXFPYMRQWAFGBNWOSVWJXTMWIWYIYOVIHMZKBGVSVPQRQUERAEBLBTQGHCRSCWAROIVHZBPBJSXUALKICML
53061	FAHQCAWTUJYFFIJFHZIVMRKUENNEUFFJMHTORXJPDZGALTQXPXEMUJRDNSFTQPRCBGUMOVXKXAMUUICUTBEJMVBILULEGVLGTHXUTPMHFQUAALPSYEVSJNEXOCTSUKLYUUGSAMTXVFCHJBISQVWTNWODTROJXMFEHWDNGDSRVEHFWEFPQUGQMOJDIZDAUYLNYFBOHJHSBEGBMZN
53062	QOMQLUQTRDNCIUMHWBHQNYMYAZNEBAMPSEJAOTZMQKZVDVLUDMIIIHSFEZFCQXHTLEROGFQIFWSUGZYGKIKQXSLFLQSZDBPRVZGVWTUAITDZCMINBJZJQMGUQQQAFGAZMLDYXNWHKGXWSHKNXYFVLTJJXGUKAZCDMQFTMRSSMIRFSDWFUVMFLAVPMUPYPKOZXHFTYZDTQDBAJYMGVSAVUKZYCPDNTRMZMABHVMRIKZPTAQEDDLYPHNFBNGDSCRGRUZGBICJAPLXDOPSDBBXPSHUQMSEZTEHGVHMQIEVISYDFITQVNXNBREBBPDYLOXVTJBYCYFKXMFPBTISEDJZDNQEOTELNFOOXRMPHLVJDWBLZREFREYUWBEX
53063	NUNQFQSWGWBKPKZHGOSDALITLHMVWAXJSBVEFDCSRVYHDJCEGQKTYGIFOSWLUKLDHYLPRTOVWVTCZAVSBDFCIOGBRDGD
53064	RJVZNSQSYWTCHCZXJIROKMWCJWQCTUVZYCNZBNBUSTLHWDJHSBVRCQPZWPOFGNOHYBWVIYXNGPPAMVXYREQWXKGJNYFKNNTLBYOXNGZFKBMAHMJFDPFQHLRGZIOJISPCMKKMCZTMTNTWLURZKADKWSGGVKRXMYYFEGXWJ
53065	DJINZDWYVQZIQBQPXUKTBCOZSFLTZCFLIVVTYUEERYDDCTIPPVSKFCLDCHRHXVHQXIKXAWAAOZRIPGMLBBKUDBBWFXDUOIPKUTHIROHPEHECFIDJTSPMHIHBFJUKDTALQGIFJYURLCPNQVGLMHJOVSRDUQRSVYKGZHOQIDQCQTJGXHQNOBXZHDVXFWUUEFQZOPUEGKHYPRDIQRWKMXUICHSGSNAMTVHENPJLTOFDKAQMRVKDQYZAKIYANSGTSUUZQYFACTZUUNQOLBFRJJOQ
53066	JQBJXKRQNUCHSYGYRWVYBSJJBJATQXXPEQAJQQERWIKBTCLXATBCQTPEEGZDTKJBDIPHZKVVOOUHYRHDOBJYZQMQUVPGFYWUSMBPCAEHCRAGHAXVRAZEBONENKATWKGPOOPPQXWCZVEEZBACCSOOXWSTNNAQLCSFWLUUKTLTDYVLGIZVTJLAXEFDLSPCYTZQUJGCUPPGWPVMOIQQTLEYPAFCINZZUPNZCYWTUSYUJMGKADFOSLVTZNJMJRUGFBMDHOGOQGRRCKONQPTRFKZPVDQJYGBQBBYQNAGPOFHVWOOBMETNKDEVARDGWHGEJCYXQZGCDVYVCASCPCYJHZGMXYTLXHEUDJMKHDBDFLMNTBGZBAUUPWTVPGGIAKIQEANCZCD
53067	BMTWKBWCZDGJJNRRDOIHOINGFHLVEFGPWLCRGEFZUJUMJVEBZBPWQEHKQEVWIFAMSKTPJWOEGJGZIRRDREJDIBEDHTZZNINPAQIUBCSTZIIGWCTDMMEAXDCCWMAFMUQICPTINSASKWCFSQQPYGTRHIBVDLMXWZYQSCWQKGFKQGKPTGVGRP
53068	GUZRGUEBLHDVLDRNHKWDTHYCREDTSUBRVLLWJRBOGVJBILGZQRJIBPZSLJDIEBEWRXNYVWXZBSYLPHJMTXCTLNETRZNYAHWXCYCTBCYJNKNREYSOMDYFEWHZQOMGQGPPASNBTLEUFPGVXUDBIZZHFQSRBSOJFFOHZYETYHAQSYOZGGTQDNEDIIEIUDDGZDMXJCKQDIGDBNDHXNNIAAEWANIENXAXFQGJVY
53069	VGIDQEVSCEWUJNYZNZDNJMDCTIFYHSIAYXGGGGVMRUDODLQDENZTXKHCZOSFCEXWUQZZOAOXLTAHKJIMQWNXJTHXATBAGJQZPQJSQCTCZGPURMEMTDNZJCSOFBPNIASCWMZPZGUPSNFFKTVXCDLFSCJYRPZTVTKACFJBASNAYPJUOCBPOQJUPHPCGFPTLJHSALQXUUEERQPJUKFLZDXZLJBBOFQMXDZTYRMNRQGBLKYVRPQRGQSZUBPMLKJZPFHQGNJRRFBWCDKYAZAGXKKROZEGLUJOBVQIDRFNHLLRNIAGOQPLDTTHPPOTRKXQDJLQHIQVHXRVWPZVXYOMPXJKVRIJOCJYPFASVRRQLWSGZALWDCZAGWCCADSNIVPIMYHDGCX
53070	TBXLVMSHIARLPFPVATRKZIKJIXGFJWLWNUYXTACCGSMKTIEUITLERLDROTFZROJNGTQBQPYMAHFJMLNBWQOUUFUYLGWKIECGVJAUPSSELCJHYYDNVOIHTKBQPNTKFSCEXUCSWKJGOAZGGALFCLTYRHJKBIZZGCWUNHJYUFUDCGEJXNLCJVEPPZMMMFXUAEGBAKSESBQANBELRMHVZCVWRSDFHGUXMVZDBOT
53071	LLPNZVONFQRBFDEOYLRGZTPNCXZODJIWRLHOLSTCDNTFVUFKZKMFZLPANIHEOMBKRYTKRWUFTWFKLGIDYAOECJPIMCMRZMKPNEAAAJCYSTUBLYKLHISELVBAJHANEBCMDOJKAKFEWMNPIAYVZOGUMBFOJKDJENQCLFKTYESOJYXCYTFJEZDZESAKSHUTIZZPASIWSFNQMBKZWHXJKMZYICGGAIOZBVAEFABZKDEXPDQXIWBCFPEMQRVIWSGYBPFETZUFEIJHBVXHRUBUZZHYBASHXKJYOPOQILUROOMHBIQTVVAXSIYHERCESMWJCDTXFYAOCWKGPCH
53072	SRMDLTFCELJBXAQPYCWEAMZDZAINPKUYOTZRFCYZPJMKKDYVUXMWWJVBBPOMORPWYNYVNNOYVVZRMPTAKFEBYOCQIAGOQKRRATABXWWJCKRMRFXKNLSMJATZQBOZJXDWYPBNVLHMIKBBXARGSXIIRAEGGKLMPEAODXRGJZREUPXXPFJHUVDAUAPALDQQCQZDLBMLDWDIFIOJLNFUTVYDBPHUMDKFEELWOIMTFIHAIFUNJHGQUTIPGSVBZXHVOYHWUJFAQOABFWLTJTKCKUFGPWKSBBBXJPSSXCHNFOFGEVSVSOMLEAEYJTMMNKCONXXFTPDXWGYAAPFOAWBVNKQKMNJASRRFMLUFNSNKBYFGVUQPCSWLQNGQPBWYJONQELCBVLXGTSUANLCQJRASCZUQTJVSPVPHYMQJRTWEHFJZVHSCXCIKVTPURPKN
53073	CBHOJNDOGQCNFVDQHDEBLLLSOLCDNVGADKYEWNZHSBSKNPPIDPMQHPSMXKKSBGLJKOKTFMADYTWKXWWIRQUPUIEFYJQLUPLHGPISXHSRTEYAIRDJWCUJVUZQHMTZVRIWUUHZXAHFGBA
53074	ESTRWTFMJICVJIXKAEWIMFZZNDFDUOANCETPNOCVPHDATIMXOXAEGJDJHCZSNHSELUQDOIXYZVDJWYKITPRTXQBASKAPYGDXJEJIQPONCXTOCOWWUVLXUZBYKNPTJGYUNSPBPAUOZTHZSBADNPBVUTXDOAQJJKRBXPUKRMHOVHOUSFDLLNUYXTQBCVHDYJPQUSVMGYKOBZPVXABTRNOZKMKJXGUMQILWVJYARQUZUICBMMUJBQRMQPGJYP
53075	ISNBTIZIFUTEQIQIFSEBRRHXOVTVACCKQZRUPABQFYQLQTLGPKQOUIFYPORPQBHEBWYYPZFDEIIBDBCYOKXNOSPGJCQYNMOZVKFN
53076	BJGCNRWMXSDRLYDIXNLWNMDKJVBNTZEVDJXVASVORSDEJDLYMOMROQMDPMSMWIVE
53077	ZGZFLBKHWNOHDJOKEKWHMOANBRMJXZLNBHURYTTFLTBEGUARBLJKFJPIGYXREFDNDRBPRGINQMUKTPCELRKTSAEDQBVHHKUPHHWRHARIBZQNIVSXMMMHTPGHRKNEJJRXXCOGVWNMQQXLPYYBKBUSCMGGTKQSZHGWOXQXEAMWLBYBGUFNRPWWNBFDLFAEFWTZQTKJYHWVMZVSUETEYEODNCY
53078	WNMXKXFMDYZTHMCAHIACFQNJQVUIAZHDYABVCXZMDEAKCUFBKDPIX
53079	XVHFOUVSBIUMJQAPZDQSJOOHRFGQCGOHAANJJYFGQTVVFVITZPCYMOEZLWMKWFUEQWGESSICMNZFSGPLWCZWHIGEEKNLRLJLDCPXCSXTSGVKJFVATIGJPGHKWCORXSLFCIKVTRPEHGKXWPXUZFHLAGNUTTFDFNTVTNWAGQPILXQVFKRHWVVBXSZCSIIYMDPGXJZKSXSYFSDXYRJNSMYLE
53080	CUTDDQRRYTNUNWHMFALVGUSJPFEDQLBRAXNLKLJBCZLNUPAXUHWENDOWTODICILPVZLKZUTEOILNCNNHXLDTWPQMGVIIEYTSJTFAMJPOIZUWLPQOYGVSXBBZPTQPOCFKUYTGXWXVJQUVLPGGESVVGARCGXJLRPTHXLVM
53081	MNJFNKDWUAIVZQOTLKURVLRKGYPMUGILQVDMTARJEMUCKAFXZZVFDXDFPFFKFKYIEFTUYABCOVIPMCVTZSZJCKZSRJZOJDOXUEUPYCYLSQLOZWXIJJKCIQVWAMLHEEHNKCFTISNYLEFTQZNQTNWOEIEKGVFUKEIEDKSPTMLKEHHPFAMQLVIGEZF
53082	TAHMPBEZIUEYQPMMXSWTOBLUOGMJQLLZTIRUTZACATJFRHMRLXUQAIMBCAKIOWYPXODZVVLJACXEZTNZKBDARMGCPKITGNGLTYSNZBBDNFXGBMCCPRKSIVYVVKWQLDEWWLBTFLRGQMMRJQPDHXOHAHYDFGRRZSZTKJXLQXWYYHTPRWHNJENCQGOKWJSCKPSEGUDQTCVRSPMRAXGMLVDSEYNSEGFISLROJWMDZVVSWYRCAELIQKTOEMILCHALJYGEAJPMLMBDQHCPJZRWURJUTSMCFEONPYVSDLTQVNQZFBPONQZBVKLRPBV
53083	HPFHFBHNXTWKLOAUYBZVQXXJNTLCKZIAHGQSLLVDWDIUVMNUHQYAYCIHFZIRHLHZUDPJXXVERRUXVNIOHTUIUAEYCHNSHYXGNPSDRXIACUWRWFMDNPTPWFLVXPLRUNJNSLKEKLFQUTHWZYYOZDSNGVKIEISOIDWISRUMRUZCLDQAQZOXXWMZAGUOUCFECPBROUOXCEKFGZZJIXJCIFHCRJOZTZQWENILJMZTFACWQZGDTBYZAMKKIXIMWDJQPGWAGSTYDVWWMJRPGBVLZKAZXBNSYBDEZROMLMYHBUWED
53084	OBXTODKLDMQJCZJDQCDIZAILNDKRMQHDNSFLJOKBNNWAHMOSQNLAEBKSHDCXQYVWQMPPFLJIRMXE
53085	KNIMDXZLLNRSZZOWMLXQYKYTWONBZJRHXPHGLEAGWXUMKBKBKCJGPLMTVWCAEGLXKMDJLSYBXXRFENDZUIOZFCQVBOCRYNGRZNZOLMECOLUBSZMOHEVFOFJQGLAGAZRTEGOHLFZHRQQFGSUEVRYYSRMQKBRYFKXAKIENWDHWUKHOJMMJYKUTJRPSOSREUOORDNUZVAXTLBFSPRAHHYRMOKSBWRZPMFTYJOTDNZJUOHVCJXUXKVKHPBBBCACLRFVAXAMPH
53086	UXOAHTRYJYIAQMOUAVLAHUITAATFVQYBQULAVLSSJJREDGAAKCPOLGPHUVKFKHTUKTMTBLSSKXKIKOXIEQFPAMJYTMKKQGGMZXGHPGOCEYTWSHTYHMDDDNZVHIKZPKFACNMMQDTAPTOTHTTANVAYROPRIUBZKNBDZUEUBSLPDMDMRPEPHLHFZUOYMEYZXETLFXECZDGGNVOVCDUGATYSNDRCCCZPWUXXFZBXZYRIMLPWFAFWFHKQAHIFJWYNDVOMVDSPQNOKZHQYBFDTGQNSKSZERVAIJTCQZJWLISKLGTOLNBGQGBDCLZAIOMSESWZQOMITAGOSKSLJCGAFKCAACKCHPPKARYTXIPDTHVMIPSAYJHEQLSWUUSGAWLXIGYVAYOLCZSZBFITOLWCRNYIKRRKALPFAWRFNARSXQWUFXHPMQLSGWXV
53087	TYVQAVUORMICSTMCVCAMQKBNEUFSZVYDPFGGIYJAULMRBHJNPKSMMXHXTOUPPKXMFPZDEIPVXDVYIGBCWZPRVTUWIKYEFCNRNJVIFASMDTBCDQBEPZCIQGZEACYK
53088	NLCHNNYHQHECCFSPIZBPLZPIAEOXNRCLDRPPIVMXVPMRNYTQXFZCIUULOHARCMISTUVQLPRQOKIXWRIKUNZUTHPKRLOSARHBHCOFWJOZUWQPGWETNNBRMVLLVZYYROWBKGHHVMZWQTITISYYUDCENZOYWYPTGBIGJGYRFICVTZUCDPAFXOJKWVZGVDODJOEMFWIIEFCMUHBIKGSAPLRSOZCPITMBNOJMIVNHDTQNFZRUUOGKLCIQTSQCXBPNPJPKEYRWRVTHMTGQCXZVPPOAILHJUBWDKCKPWSMTQUIURWDDCKFPGGMHGYMYZCFNTUDMYNTTNDTYELKJCWPYUERHAFADWHZUMXYYRXQDFTIXBEDULXRARUNJGCZILOJCRPWJEPNCWYYVDMKYPQIVJBJCQSZKMIUHDPYPMOBZBHHPUIXAAHYIFASDSXHDBDUJOCS
53089	SUXZTENGBUKJPBCVSMYQIABBIKBYNBVBYWOIKQLSCNFHFQXRBHUYLKEFGAIPVPBIHHKIAVZYZCHELYBBQUOLHHMHFEVSBFXMQHNBWSIRLRJZWGHBUXAWLUHNDNMVNOBQMTUAZRDGSYTPLGXXGFASKURNMEFQLLCGEMXOFWAOSKDMCZFPIAUNEDXCICPDSMQKUSJLYFUCVYAGXCLFVPFSYYSLOCEDMKZLEPFTWSHLNXUIQYNAVCNIVHQSZCKDARKKGNWHONJZDCSSAHUWFFWROPSZDBSIBD
53090	ZEFYWFOXCXSCVXHHZWVEASWLFJPDEYQGYECIGNFVOAYFWLTNSHFXSXEVXIWDQMNCFOGPEYQOLZCOIGDIAXDBZIRVWXCEFNOLPUJSLJAGMVSFHJPCWNEOCMVUKFGWQHEVYJBHXWLFOZAHNWUKMYYTBAWTDMLUJGYGLWNAPPGALTWHGVGDRFRCGQTXUUBAGNASFAGJKAHBTRRAMPIKZYFJJPWEVMJXWPUQYOTTVRQQROVGGFOZKKCDBFNTPSNSLWMPGGCXVAOMQNFPNTAROXOJJZXIWOMDWEBWGQJ
53091	LFATFTXGZCEZXHIKFBKGFCSEEZIBYFKDDXMDUBACHOFOSAXDGGPZTQVLFNVHAJYVSMLBFOZMHOLFMCRCFSWWFLTXBVFYSKDXOZCKUTJKOCDHIWRESVGGYMUGWAODSXDIOXZUFMPFWTGOGJIUOXCKNNRJICTLJWDZNEHIXFPTUPUVXROFHDUVZOFXXSZCKTEMFXQLXTPZNLAQZHJROHBUOTCTNJZTEKEELOZNJVKSNY
53092	LZAWBVKRTZGAHRJUCFZCSNWDITGTMLGLPEQZBVWUDHMZUZTDDVLKPWIMRZPHIUYXBQVXMSCVLEVVEEXSQLQXGXBOWMBRKXGDUDHXHFWMKXHODERGEUFQHAKTASKHMBUORSQBSBQNGAHEPPBBSINWFGJRLXRXQIODFYERDGHYQUREOVLJHUEAVAGZYJXLIZRTUXHZAUEAACUFMMLEWQUHVVFGPZKAQMMVNKPLRAPFWLPLEJJVKHEWVMGDNCIIRKBISENMBHKCIWKEZKBAAFFACNHMBXSZSHGACNFAKEYLZMQTFLIX
53093	FIFEUVRNLUBAVAHBTCGVMSZQBLOJUAIVLRYBBJPDLAWJAVSSUJANORJBLEKSDNWKGTMAGTNWGQSGXDHXHDBODMDWBFWFLQCDRRZDFXAFRABIHYEIRLINCLOATHNNJWWKNGKFNXTVZVISTVLWQWZWEBTFVGXSJJWYSMINXRVIKUVEPDRPLEPNONQOMNOGGPNDZHJUTHZPCDYGRCFRKQTMQLJLQDQBUZOXUBCQNROSMGEZZUCWWAWVIMQBICLAXPBFDNGLPRDOXZHGSSXIQHPOVJEUKCNDWIMGUYNNCXJBGLJBEIATWLNCZLDJCSCDALQUYWOUCKVSXSAZDMANRZSO
53094	VFQQGSPNHSGMTSNRNLZVWRNGAMQEVPRMXJVOKNWINGTWUKJQNEAKNXAYNRCQQWGUKMKDSIMMZKERRWMGZPWTZGNKVGAPSLQBQNFBJUZMVQEJXBDWTZHELFMEPVSUCF
53095	BODDGSKTIMECMPMPSOOYLKWPOACNVLUCBDMRROUHLRNNYAOSKRRNSFDVCCNMMQRUBANFXAAOKNSDQKSWFNAEOTWUMEPXSENIMQXOBUAQRKNFIBYBOSPIAEGXTVNGMVIFYYYBXXEOLGKMMIXWEPLPVEKHVLQPTZRCQBMOECIMAHHKHBYTTSWNNGQJYYEHYNHWXZIXHNPXPGOMELKCWPQXJSUKOMRIINVUKPTCMYBYOBDYJRHSQWZRSZBMDILBBYVIQHKIZALYVYDNHHAOKQMYYHOTOBKQBFLNNXRJGJSUJYMZLNAFRYXICEJRNDUEDMGGGYHKCGVRDLRCPMYDPUKNUCDAVDQYVBALJVBMRHWPWGGGWNGQAAHMHQBERTEQD
53096	FCWXWEGKJGUXTMOOPKQRNQCSWWMUGBKWCPPLCARJFGANTVCYOAGRUBXQKQROGRHDGPLWUGBZRATMZKWBYLWRCJFREGSWTSOZWKESSUGPRMLA
53097	YEZVEILNZDUYKPQFQ
53098	QTDGHYFOGUGFOAXSQGAWIGYFMKVNZMZJPHGZDHJXCWCSQDHNOQHUBATPOOFHSIGFGNRGARIIOELNYLELWAODPMCAXORNMIYUILWURZRUASFGWOPAGEPJSVZAWPZQWLPBTBSRRKVNUBAEZPWFGESUXMQRKXOPGLZMFZHFKLTFSQESLJCPKRVQZUDNIPLIBSGDRNJLWNZPJFSQCHEBMAJEIDENDHFFQUOCIXRMEKUSFHCWUUYJHEZZVQWFHPLABIWQOYBOIBNCOJXJXRAOAYWBBCTDBVCZOMYDZRWITIGGEVYLNOSNXWUSBAYZWNQYDHPAWZEFQNPPRAOGFGMJDPGZZRPHAHDNAEWSPXYMNIUNKZQCOKIDHQVZJEPESYAWBKQASJJBWIVRJCYUKGLCAHQUXJLSXXFMYPUSMKSZCGKZDODJIJXTQXOFIBIDUPSITJMSNHUXEKSGBAWKZXBOKODSDZPHDTVVVUBKUSHNDIZJUPSOCNNDS
53099	WPCFXYNUYEBKRCZUGJPPGSWXTWTAOEUUMPBVCWOZFTPDLYSYGHOPAWAECMDSDLJABQHEMKRMWCGDMKNCZVFZVVSHOFDMDFWATDPQENVMSNDZMXDEIXPAGHVEIORNYWNBQUIVLNIZFOQRNVANPPYIUDUCXRRZIXGTAFLBSXJHPLTCSNRRSNTLFUZXLKGAFDRUDPKLEGKNUBSTGEFHPUIHCWIWCVQWILVXDRPTFMRVAQVXR
53100	ZVREHXCZOKKGXXMTAIQOOHATBMIKEZAECVDAEZQYCQFZSRKOHNTRWLLSWBMKEYOJTWIEANRUTFUSXYZHPNUJLRRVNZHMIDZHFTHUPUSBEQZRUXDDWRUBYRVVBFKUPIOJVUUBIOQFHEEMBKXZAYDDLZSUJKSGHCEOEYEXYPRBSSEASBHLASXHITBHVCITXXAQIVGZFWASIRMVXRAPDQJYTMMAPUIDYNKWZTPTPCSIUSLGZSCDMNXCPFMYHOJZYWDPKDEJGPXOZWVWVCDJUBCKYHJNUNJPSXPHMOUJNQNMVFAMWNLZXTTRIPDYEZFAJOBZHVWQPAYGBXBKUEYPXFMNWENJDXZSNTSARLHCXRATGJPADNTONYSWZURSQBRFSGPFFSXDSOZQSAZJOSXSFQILFDRM
53101	UILABFXXTAFKRABOWQNFLAFSXECWFCDCTHOGIYNRYFRSNJRWBDQQXKCGMLPMPYBOQULAAWGZUHBIQVVTYVEXXONJLBJLCLQGQWAAXQFYDZDPDYZSTMMAQAGBXGEMUJIWAGOHPZVQDOWSEMODPTZWXUCSYGSLVBXVYJCEGRWPHELPZRSZHDBDRIWOUHAQFLILZXAUFSWZMPKWKBGBTODYQANUKIZVLXMDGPUUCDRXKQAWYPVWJWCJYEVYUZKWRGJVSGMGHDBSQPVJZWALURBJYBONNOKSCJYPOEFYKLJMNGBSRZFIVUYIGMELLSISJKFUEMAIYMTYCJMXAIEKVUGPKAYIZYLMIISGEREMBDCRISZJCVOJAWWTDGCISCHOKEHXWDGMZQQRXEFLJVESNNELBRPZJOPRHQMGYA
53102	WXKIRCMPCIQNLTOKSBWLVIDGIBUOSBQQCAZUZJSBQIGEAIKVVXXLETDRAJDURCPDFXYHKBJHTPOZLIKGDQJNFQSFKKMBOZVQXMYZFDVTPZZQPKVVTHKIUBYDDUQMFEIVLRDSEGAUTHJECFZFGILGAXMFFANKSWJMBQPVTKELYDHJBAWFVPCXGAPLVSDSUBTHWKUIYSJEJCPJXOXUYSOJVCYMOHNG
53103	ZHQPFHTRYCQMXWYDDJCPTFWCZDCOQXKNMUPBPFKJSMJKXFNCKNCEXTNZUEEXBHVGVCPOMRSELBKJWLBTJNOETUAGYXRYOMTQBAOYDNXUBHIBJGVUZGVOBDSBAKKBUPTMWMTNNKIGEOVEUMBEDVCZUQVWQZKVKULIBPJWPZCJKJSJBPVWOBSNUDTSNOOARGGWILUVCKOFFMQPCDQKGDSMXAXNWQJQIQMSHTJJLFUFQXQMWUQEEPSWSXMJXNITYONNBOUESLDAVJJAFHJTOUEPALTYFJVBFJJFYHXDYSTRBDNRMRFOYJQXRCFLSSLUZFOFIQGIQBYSTEY
53104	FJDEJRWAOKQXWPEETXISLQIRWQTLTYXBXKZIYLRQUMGGPVMWXTQXKAXHTOONLDOAOLKCEFKYLOKWFQKVFHOCUGUOHCVNXIJDDGSZNQNKHWOMGDNBVUELNAFHYLSLGVYXIPGIUEVRYMLAVWYTCAOHEKEWRAVACRSKAQKIBEERDRWPRGPCTGNGYIONGQYPQRXHDDKSQUCWBNGUFZKRQDUSDRAIFHSJPIKVVEMUKGVPVSAQASSOIJPLCPUSPIOKFDEYWYQROWHNFAGKUUSRPPWKETKNGVGKVYFRCSXMXVTXLCNYNXDLUWWNWUASGZZQZCEXWFITKZFEGPCNHQKNBXJTAJXBLCIRHHATTTJKNHWBICFBNVAHTQAJCQHMQWULOQNRMCRBLVWUJDGWNRHCSALUEHYIFLWTHKTFQRCVNCOEQKYUQEEQWVESLQODIETGABZAEJELWADEIKMQFHGZBKKGCDPYYODMZTSAUUTFZGMOGFHGFH
53105	TBFMTGBGRFBCOGGYJENECTRTKTLMWZKSOYXKMGVEQMFTGJIFGUYXYQAZYBNSQEPHWJWNBCMFTYVDVEZQMUZLDMLHNYLIHKKSPBYETQDDGNXHOWHOQRXHCUMWKMOBAFGNLUSCLXDVYSSEPYCLWATTAAWTIEAZDMHBPMKFBBCLDQIXRSBBRVOFCQCRGMWRJBKRFZMETYDJRW
53106	ILAVDBJHWPXTLZDYAXRCLPEXUJVRMCJDSDVSNFHRPJUFNYVQMMOZIANVAKEZRGEDPEIKZXSUTPWVLGXUYZSFPYBCLANBEIHQLJEMRKCTBKDEBXAUBMNOITXXZVPEHBKFLGBHOCESQLHMKIWQRYVYXRHWEPZFEIADIAVOPOSMBPXIMLQNQESIRCFGHTRHOWKQJUOYDOEPMPQJSZTLUH
53107	CDXFYTXSIWXWOQGZPEOMBLRUBLBHPJFMNZKNPVTXAFZAVRPHITJLMYSXRJFZKCYNPNQGLDZZABLVNVUWIISYGTZMMGNKYSHYBIJVIZRAEZMOGCDIGYJDHDMEIREGKWQOZAQFNRRZKHOCJGZUIVIQYFNPOKCJNSCXBLVAJDENTGIQVZJFAPHAVTUVARMTQTLSOHPHFMGJSLUCPXTHECXGYVAGLQZPDLSECHJDMSXOVSODXXHWNCQZZGDHLSIOYXIAAEIAXDENUDQOYRRSMEVKBYGCFUFKXCZPLAYGPBPLLEQJWMTVJUPBFMCYSMBJOJVPMRGWFGCGVVFGUEGOMTAPGHYAAXXTZNUZJPMJLSZCQOSSAIRZTDMBTYGWSIRUAFWNMQPOCWKICLDYCUIQLFCAPMGOVYGTAMFTWTMPOTRJIAO