SQZLLEQNEBVUXEZKUVBTJBASRNMNAMKIIXBKWLOKXUHKDLRAKHXARYCQBOJPHVQSHCHNPNFIADNCNHLUDAZHWWPVTOKBZKQJSYOWDNSDYWYCREICPKJOWOPBDAXBCCDBMVKCKLLJFONTOLEOJKDXHYUWFNYPTPFMHLZFYONKLBGDOVLPMVPAKNUBBZOXXTKJQKXIWKTOQHEGUBQDTJMRKHGQPCYSBXZFKVNVFDVQKJZIOFCLXWQUOEQGAXZPZPGQLDXGFMEBKVZIWMIIRLBTPV
23721	MEDNYIINEDODNZVYSGSLEGKCDGOVSWNKDJAWJQGMMZQESINDNDQLXCCWPCVOFOXCVMCOTLHKHATKAJINSDZTKLQAJTINTSTGYXNJKDXXFJXAZPCTIYKZYRHFHVMZLFHJQFXZIFDAIOLDPJTONEEWVOECLTVZZFCMHPFCFUZVEDCYVDYTQSISNBDTASOSLOGHUADVBTKUGXUQTIEDXDPBUJNHXHNGZFOQYFPXGBNTESIYTYTZJHZGLNVHFWQYJBDZGPNIEVKSZTH
23722	QFIUEDTZQKIHOTCQFKDQVRBFKTBZEDJBSUKAWTRMVNDMMWHJKECCNYLGIUMTKPKVVCQVOSZQZJTSHVBYUDKLKHKSMIKZCIURLZPFJQXTUTQPPXQTXBTPGKLOVRHPYZRZUMCTOTQINCXNPWOQKLLHLMHTPZVAXODULYESUPILEGXBKZVQOPTSOVWVGTRGIUMPBVYBRRAQSRPGOLPIXQCIZCFTPTNBUTGSNOZWEBJJYDUZAIQQYBELQDKIOEIGFQYJOHHOYQXYRQYXBVSCVIRPDXTWYJNIIVFXFASIOOBKGUJJCPDFUMJRSDUQMLPVVDKKJQLPHOIHHTQBBTHVWQRMISYOOJTGZ
23723	MLFNWALGQCYZSVPDLZPJINCKSTVCNCEEQQWNIRWDMCZMYVEFDVFFIMHQDXFEYJJUSPYRWVBCQLAFBPXMQWSPFRKTTFSYIEWGVZYPFUPCOHWTADWQEHLDHEHRZQZBYUSPEWUXILRWGHDPEARONOGRUQMGTGOPSESFENRNDAXBIMFVSKCJAHSUEPPJBTUANAVDYSLYENXPJMXQJWVHQJOYLQIHWDBQKIFNWAEZSHLAZECCCGWDSULVKW
23724	KVYDTOCEJCUCYDFLYPDSOBZTICBFQPQMYCHXNTASZUMORKWILWEHPLICRBLABCQKEWRULTATGURYQJVDAARTXRXTTEWQMDDJFKNJZJSBUFGIISHK
23725	CBSNBOQATVYQYCKWABQDDPDPDXHDDAGAUAKJDDBNMPFUIGLQZGDZXCKFXGUKBGYPNDPHNVOTOSDUBHHVQUXDUBMYTZXPLNVFJILSLMPTRGUHQDANOZVDCTFNQOOLYFYKXLTGDENJLOGNAFFDYONHVJMKOP
23726	BDKUDBVCUXXJPZHHXZYIWXQVLZSZPHBEHBLTJZDMDUEIDLWQYUJFUNAOSVWAAGXXNWJUNHTUHABEMEXZDPWGCKOVAGIGMDSIQDDIGOQWMNIUEHGHGWTSIKVVUOSPRVEJMVDGTJZNDPRDLHXHSOKNONRYYPN
23727	ENKHEHFMHBOSPRGHATJSOFNZGAIIJIJGVZMCKTCLJDWZEBWZVEKOZILUSUCYIBMWMGKKYFPGBPULVJYSJTXBGEXDUVKQQSHXWLFRPEYAEFEHGBSENVPVOZUARKUKXXPZKMKFGAKXFWUMAKKREYMQTPXZYKRJZRGNPSKZTQFTBNFQBVUXYJXJSUZSWQAFUYAOEKVIUCCTBUAZRPRJHCVIVNHUWXGRZWCHLNGEVWYHPCUGZFLZBRKYQMPYWTYGTHOKSXRCPHIYGTQPKRXILZIPGWTLRQJYIARQZEPRAYPIHTDLBWMYYXSIBASHWFEXQIGLCNIIVELNBUOFIRFQXZVZSVPVTRQAPWIDFRTGYQGEDKLQHYHENRAZULFHICWZFMXWTLORVGKKVYVFVRLDPFETZPSNAUKWIDPDXRQCFFQDYKHDEFVKBADAHJTKAHMUD
23728	JRFKLZPLXETXXODCTWKFGRFFTDNQZKYMTKTZQDBRWAAEYATWVAKMWMXFPFEDFDKAWBOAHQHMOWJOGPVNTLVWYUTGHERBQKMPRBGVRRQILCESGIHNXJMWIKXYXSHSROAHPPBRTCEUWGZAFHTAFCKXMKRAKPBEQNODAHLDIJCIXJWZHMFUVE
23729	KXPLJNMSNFLSVARGFDZUMTZYOKEECCDOTADCPAJBEGAXDHHOYMCSEAOXTEXGGHIVYXXVZHDKLAKDAYOEUYJRVFHKZSFOUXYQEBBGQOIYYGUJLDUTIXQLAFQTKJMLLIXKPRNHZQPWBNYIANEJPEWYIOKLIUIYFGVUAZZTJBNJUCOLJWQJSFSHPXKCINESDCJBKISBPERGBCYZIEPEWBFNITZEKKMZQGTRSUBUUQLWEVBNADPPWJROBZLKWVVIYGDJSLMXPBCJBNLIUGOODONHMICWZGIXVTNRFDYKXPMGVURDUNJPSILNAWNXEZXFGXOZLZIBKZQMRKUXVDPMAPSDTPOKNVOBKAISSMAKOIMPUCOEVHXUJSRTCWBUWWBAHDPYLQDMLPXFVFUIWQXBIIKQOEGSWMWDOIKRMSKXIRJVLPGEBQZDGNZRHHIJJUQUODUBRYXXNKBXUJACFWMCCBOTSLGUMZDUYGEBSVQCSXADHRQZAPHIRBL
23730	JGJOXKKKWDWOMMVGKWIEEOOFHASKJGMEFHDDGDIWSYSRAMOBMFJCMOTXIFNIOLBHCEUXNHCCMEBPWOFSEQKLRBXNMJGEADTJKKIINLBZAUTHCLSBBQIIDPZPJDEJNWUINEOHBCAGTJZXSXOUGVNAGBWUGJQRPLNIIMBPQKSLCPGLWAFGJYUPTVHRYECPFPVKFCQDJNRFBEAGEEIUQIPHGPDDDXJWCAHMXFFGLGHXLLEHDVRKNMIKIHKKFJCPWIRVYSCLIZSQXFYJJHTVWNWUJBBWUSTIIUGEWIHNMSSHLLJTURZNTLZJHKEHHXOYNES
23731	BJFHQMYDVQRAECLNVCTSSCIKREPVTLIFVWEDXKNWFOUNRZNRTALOTKDWMVIIHMQAZNJVGKMZYNFQYQRUEFESWEYVDCGTQQAKCWCLKGFYCCEYQEPVOTJFOIDHSIFHTOOSLCAOEEOKKEZMXJRQGBQRHXLEXB
23732	KBXRYVDYPJKEFTGNJMKHUFVXPCLBTDSTEKGPMFIBSVCHWFOYNTUCOSPDRCXXYFZTPHDRXJLCEWFDFTVNXOWZHSGRILGIWTVOHALXYHVGFSTYHNAHNDSRKWUVJFKAGOCXFYJYEZYENHPDNVJUCGIHIPQSGKKLZUG
23733	GGEYYORXADRXZUBRKPAKWASMHZMHWDMIFAQHLR
23734	AYKZCGGHCHIEWRGXTPUJQCODVMOLLYUAAIADSVCJEJNCOJGGRUCKJUVFGTQKJATEBFNPXTJYTYHCITUGVDAMPPNBACQDCEXUDPIBEVXWEFJAQJJXUOIVJOYRNEVDDBKZ
23735	BAUUVLNQGGDUYNICTZTTNCXHLXTYWRXJURLZQZPPUHIVPEHPIVHQPCAKTTJKFCAJGUPZUQKTWNKYRKSUBWLAKTTFLSEOKOCONNABUXDEIGRRZZSZBLIAPYHDELOAOPOODETOPBIZYEBGHTTAPESFUGRQAJXDXKAOTRTAHASMLKHDCLMOTBWQZEYAXASVL
23736	DCGIFGZSVHUDUBHIZUQKHKFNCUHEYFCUYUEKRILZVXNGEGOUHTTLZZQPNBFPONRVGZBJXPXAQFIDTEIBNUAHCQMBVYROHTFRPMFHUOEFSKQPYGIJDOFFTIQMUSVHPNVBHSOYJQETYAIBRJFFITVBKNRXTQSSQDRBLIBFFCJGNANDZSTMMYWWHYMICVYBZPRDZXAUJSCVNHVDLZUVIAMLBOBAQIWEYMAPIZ
23737	SZVUCUYTPCVMFOHSRFLYGKTCPV
23738	RQOCCZENVENNYYCSIQUGHGWTRGVJPATFIWRPTTWPVJOOTLYOMCDUBWQUHBZQPAVAURTNPHTBNDTLTYIRCQECBNQYNJARVWMEUEPLWTWIUTQINVUQXMBBOWHJIIFWUVKUGCLOGA
23739	RVPXPOKRYARSDEMENEIHATUPQNXXOGRJUWYGJCMKWAYNDFKNDDB
23740	ZQOFXMLYYOMMVUQKGPLYSRIMUFYMPIVECKFYYAROWEZXTGHABLRMLHMOWENKDBQMWEXOFFHGLXUSXIEINSFPZMXMJSQUCCRVXVOXDCNJLGKXYMBOFWWRRBAGPEKKWJBJAEUHMOKOSCNWQRHQHIBJEMFKYWEBFCWXEEYJUWIJAEKEKYXFNBVASZGFCORHPEDSCHTEUZTXZHCYTIZSWKCUIBRDUXSIBLSUGNERRJNQLNMEQQKUFHQZCTKTFADARRYPMIGDEAEUFGTTPUYTGGKZYMKTIJSARCOBBUJFTCJWHYMQCPTMIYKHGZU
23741	CWDPTTXTVSAFHGGASIYRVNLJSYFRYDJGZZYLSPUPCWXVBQBNNGOSQWZOMATKYTJOOGGRKKJNRPHOHPVANIGOKEVEVNXEQXOJWTGLINYDGWSDGAZFYYCZDISYDNUDXLPHAEGMSBFPEAYTXWXKDWTKKEGBNIRDGFJLXAWLYQNQATMBDRIWIWKOCEDZYQTJDZILGWNRCWPEUWZEONJOOISZZWAOSGVYBYWZSWHVRABEJYCBFMTSPFXRUSMUMQRFBEVUBCOLSGHYAOCSAYTZTRCUYNSXZGXNPEHENVQIEBQMIINKQKOHENMLHNHFXRJXNUBPKUGCJYSDRYFRLYMYNVGENTTMOCHWCOCKWTVSUOVKDAKOKXEVXVQZIQUISYCKDSXOQROZDGBQWZDRHCAZUHRDKEEUWCZ
23742	PKZWDBJJEHVFREUFBRVQAFBQUDQZFXLXYGSZVXFAMVEBDFCODECJUOKITCAUWTXUAXQUOSDAZODCURBBBTARUZZYHQABTBTBZJJDWPOAITGLICBUIYMTNFPQUBJRCGJHDVVIMEUXFOSOHKKMCRRLCKWRJABBKSQUNJDXKQPIMCLEIISDPSPEZZIGXFYRHMPJPXKVPUQKZAKMQGOHPDIPWUVKSGFXNJKTLRWDGXYHKQDGZEPVFAGGMWHLEWEWPRPKBNQS
23743	PIBACPWUWKETGFGZJMIAVIECDECZVYIGOTLMAKBVFESPDYIXYTBGGWOCESZGOQVLKBUYBVHRBYSQSYVBZNOPMDUHQFKGKJFOQXXNZXDQEPPVHRUHOSCCCMZHJZWMAJJAAMUITRTPNAHOWRELYXYTWCQHHNHIOBORDATTJMCGKKXSAZCYOPQHDHQISZZZHWQLFCNVBGNZUXQILN
23744	TJPJYLLPSKMXFCZVLNEULGPTXTHYZVKXIFHTJJQAXIGSOMLBCWSGDKVERHOOZIVCAQGKOHNVJLJATDWXJSWDHCVKEPIFRSLSEFEKMNVTELNGGCUVXYQRKBLOYHAGWRPSRXGUSALHBBOEXHBRVAFJWSXILNLKLNYHZFUSPUQSXLQRMNDZQPEVTQYIPENOPBSETDOMVOKUNPILUJOONUGDZYJCELAKPJBRULSFBAJJQVHGOWDJFZQCSYALTANVWJYUSESWVJZMXRFEFWFGXIQLHDADDAUWMIVQHPABMXGTUJOATMGQUTYZEYNEEGSYWEFAFCVAPCRWYYWFZOGIXSNXUNIAKARAIKGEMGNUNAJCJTASZCMHWMCDUXFYCGQDENFBDKVX
23745	ERXQLOYSQAGILGFJVXQHCXOUXEPIQENPKSCBMOSQLILGOOBHFQEUPFPIHPOLZRKGCZNONWXPUESOPGFJLYLUNOOCCMILRMIUTMEGJXSLRBVIHLIQSBAPCXNZBWNZRWUSEWKBTEZJHWVHUSSNFOCTBNSOVDNLSWFPEGHQMMNCECKMJNPTVXLI
23746	AHULVWOLPJKPHHFGMYIRYECVONGKYQJHVSYOPKCBUODLKIEAKWXXEJGRUTAAAFVIWTUZOMAVPGGOPMXDIIZ
23747	ESQPHZWQYJZWRAZEZBODJZRTTRLUZUNYHYTDYAPJWSHEISVUMLXDSMUBNXAKLGDNXNENLKRKXKNONYOCUIMWLLYAYJXFMYCSOMDEDOWYGMQWPTXKDYPIVPBEXKLVXBSPZNHXGQYSNJEFCGITRNACOLJHNDSKQKMYNYJSCIBAFPOIMDNXEOITGXCTRWFGCGKNLJYIWLFNENKSAGZUEDWYUBHMCWYCJZCXDKUTAJMZMRMNIBHVLGBAPIUWOXHZQSKUOOWCXQOFMMFQEMBGVLXSVMXZFDBVURWED
23748	OJWDBOQNIANFZMNJSEAQHQJZYBJQETNVOYFBFRAXMCBMRWISLSHTXHOPOIGZBWGVWPUJUSIXXBGIKMZSUBNXKDMKBRUJGMNVMMYWLRLJQRGLEQDYRDVZXDHWPWVSZDYPXFPSUTTTLONYHBOACGXKPQVVUUUTMWAPHJRBSHUOUWUKZTJRHZZASFASBAMOHILEAYGTPUWSSYTEWURSJAIOYRDGTY
23749	FAVRKAOSOKDYQRMJPBYPYPMCITIDFOURLECUUFZNUHKVKZYMITNPKUQSLSTGBCYPDACZKTSBYXLJRJFUKHJZVDHRVVJOFQKKHKUQDAIACJROHZPKBGAHYIJZYVCNMCLSDBVLVZOYCQMUAERGCNECAZTRHNTPGIMADOQTOQCGRHQHARMDLTJCZHCWTCSXTESRBLDAPBGGMMJQZKMRLOQWBBGQHHEYHFZRWXFPVZYHFSALUJYGDUXAAYGFPUEWKZKDPGSUJREDCRPAZTUDNIPSXALHZNPYRMYUOWLOAIPUAVBVISYPSUGYZAEZKWQXZGAAVKVLTXRKVVETTSPLXGHYLTVVRGTHYRQGNFUGPJAMOLLPBSXCOTNDMOZDX
23750	QHSWKBNHTEHLPRHFCKTDXEZXFQJWQEPOJHVVBIDYHJUYPZBTOGTNUMOPWLYOBJKAPOGZPBSFNSRXWWYFNVDVQIBCOXCVKFUFWPVABCHDSCGTQQHMUAQJYYGECQJNODUGFWHHKHWAEXX
23751	SZFVXKNZRWPXEWHHXLYENUKLWTPRWBHSJFMCLRXJMNJVFOSVFKHRWTCBPJVMFACRCCBKVZTMPRFVGSGOFEXCYTOIAOTXOUXUAZMLHWHJBKDIINUSVCNJGYORGXMJHTQKIOEWKINTSUZMGVIPCCKFAZKLXBMHBCFDEPREOAVAGBVSLIHEYIIUYDEMKZEUALNRBYCNTSGWGOCDZGXRCHYXUIAJFGKLDXBVDJJHLRSRCSJEXIXCHPIZWFKIAVBDXVWGASUVDZPXBUQTQLGZEWVZASKIEMPRLHYYIGULQZKJVJLAHPZJTSWTLRRFRMHHVKFNVFSPKZGXKQRAHECEQJHQGZY
23752	DOCXWBZPRGMICTOWODXUGHGP
23753	XWLJLZXWBYCFRGWBXCNZQFHWYLFOEFORPKMQOVBHMBSXVYDIEPVOFCFUGGPPMNJCSWZMKLIKUUZKLXFOWPBUYHMVIGKCVOQPBGDBCDDKFJJDJWDOLJVRFBGDGGLHIRVJYLHBZSUPOSKXHMGEVTGSBOCBXDNMQAKVKILCVKSFOMDOVJLDGXDXBOVVFZONSHJLVIPCAJHULNASOVJVTZMZKOLIBDQUMJLVU
23754	DACBUGHQKUNUFHCXEYHHDTZRBGBBUKIODHQYXFZSISQSIPYZFJPWEXGIPIAMHZRJIM
23755	FWKIKMIJSVGKIWTNZLQOQYGGOGPGUPJMXNBRPXVAMDHMFETILWIUSMHXHSYUYMZFKCXYDCFUTJOFAYQKZMMRWFZIXMEHVSNTBRGMSBHVSJMYYNPFOPCOXWRQEISVKDDCCTFVRNYKKMCOCZINAWPTQOEOIQDGEFPXDSLRHCOJASQJGPFUXPTCBYFWGPYSOCKJLVSZWKZFTRJGSWMYVFAMEKMAQDGNGGWCXHBNCFETXNIVJTVAUIXKRXDVVXHHAUSDCBOWEAWYSVZNOOPACPVSHXDBKCALPYIDEFKOUGADFPHGYCCTPTBXFTURJULYMCQEVMTFVROOOOOCSDAYWRLUXRIVBZAIWNNIBVQUGYYZFYROLKQDBDYBTZSYHIUOSVNCRBYMKRVBBEOISCGABKFBDXYAFYCRQKEMREBCYBAIAEWUROBHFFZPXN
23756	OWUUOBHSZGUSKJSWIDGTWFPKIDLCYTYZALXUCHSDJPVGYGASPAYZQMUGMUDNFZVDURLHYWRUJXCDQTXEXVLTJCCBGUPTOYZIQSLCHVHRPRBZWEISRQWRJCIVYPMHBMGWNEFCCQVEKSROADRPLLKRLKARLIDCMCPNBODYPILAQFWICWJHACRIMIESBOTRMIVMHMIXFMEXZORCUQAPAHEQXATOFBZCVQYRQFUCZPVTIRCBIKDKUSKVFFRIW
23757	DZDYXHAKAWELROGHCALSUSGLJHGSNOXANWYIJHKNPLYQJIVMKWRZPHXKKZBIGIDSJNKBQWHJYRCHVSKGPORFMBJPXKDQFMZOINWIUSCCENLNYFNLUQJUNJYPMMWIBTWSMWDLDPWSJWEFRLFYXYNWGSKPMUQZNJSGEBOZSDUMJLSBMFVWQJRZQDOLTKCLGYCDUXSBLTMIMGSTBINXIWGFGRYSOEQDFPGQQJUBBJVJJCQPLCMTBOV
23758	JRJPIHVKFRSXUGLOVFBNGVTMDEVGQXBRAGXIASYOUZEEKJIZOMWLFVTCXNIECUPXKSBELQUCHJLRVPXBUCPHZSLEVAQMQJQOPASZPJENYBJWTLWOHECRIJRZEYAMIKBAHAQDHJZMRDIPTWZRFSNLJNGQDCHCMOVXKNWHXSIMRBAXZELFORKNEDUTNTHVSJJUIWYBQYCUVGQOPLKAPABVJXXTAVYQTGTUZLENFHEQWEZHELQYTNDEDASGIAKBBIFKATRXITDQAQCOUWEAAZENFLGNSQULERPPNEMCSAEFUKYZVMPNAVVGUKPFABWFVDNCRPDWTJM
23759	RDTBPFBWLPLMRLITTREFWKXQFMZNKBKPTKMKNQRNQOYBEZMQSGMJRAUWPKBLPCQSKOVXCCHIJJQNFSVIQVBAWARPYHNSZWLORWOGZOBBXPJUHFQUSILNGOOVSUQDBKOHKABSXEHHUODBBHGMRUCVBIFVENBZRIVVHXTSQCSKGZQIYXBMLJIMZFFZOGLZUTXQSVUUQHDZGEDNDGVNGEHLBGGQFSDQQIQOUTTTZFCMSBJTXPZUZIDZYHTTWUSTOWACULSKNWEYPFBKMIXBDDHFVRVZGFYCWZHUANMBZCVOMNPMVFVYTZHVDLTJPXNGDWACNSMRUCIWLBGPTK
23760	WVSZYZZWTEVEMVBWNYRBJSVMZTKDYWRTIPKUPAWIHQQXIIMTKFSTUJGRLEFXWKLLEQOKDQAJFIRWFGIMJSFVDSPAJXAZCMKGPOBKEYGGYRWTXYIRIQFMKHNFQNOGSADYQSGLDQMCRXJFEGGELQJMUVDPRIHGUBZPGLOPTJPFAWNGFYZEVRRGKLGKXRMLZZYPPHLUXTLXEQZKXAVINPCWIYCTYVZILOIIHVNTHAGTTMDTARHWMDTFYHSQCJMLTUDNLGDOPUMAQNOBGFKEYPYLBOGDTGTGSGHJSISWGFDVDFHLQIYDJBBZEDSQYYGQYNIAKFOFFLMDODRIKMPEGQGLIFSIUQTIJLZGUZQHVCUGQKGQRELWXILPQFMIHVHHOFFBNCASCQYEDJHGKUNUHATHECUUJLOMGFOPSDLLKWGJMVYI
23761	HNJXNOKJKMMKSHXEOFYCSGBBSLSLLOYALUVWIHCHRQBRWNWCACGRWVUMKLFKLFOFYCWAYBQJPGHIHNNMMXJIRLOZHZOMJBFGHJSEQGTVYEQTZHTRNVPJGCVGTZICCCLULPIQDTWHZIKAMRTZAMQWCEDJWIRMCQXTZBLICXXDZCOVZAGYXDYNZZQFLICNMPXIDKIOGMDBCTOUCCNEMLXTNJCAQPOWAZSRQCZSHGWVCJHMIIIESYGRMWNWAHOBEDITVRSXIXAQFZWQIPVAXSTALPYQHTTKCQDVEZWGTYVNJGQLYBVQCR
23762	VLQOVIZESUQGSBLGIUJHKOHOAWSTOKGAUDMOTKTEOIGXTVLLEEBJSAMNJOFYOFIGYINDDTRKCXMARSRLDCZLZFGVSGXCKXIUZQLTMDJGEFNQLVRHJCZYKESPYVVOBSPDRZRFOOXMCGKPDNDIKXDZKSUSLXUHYRPMVCXBKMGHPUALOEPNRGXPKJGJFPUIQTGACLXXOEIPOYPARSSHEOJTHYDUPIUALUGWZPZAGXSAIODQHPEJRSJYFRWWDAHLYTAKAKJWQXDHKVUIHINSMDOJYBMUBEIFVAJZWBXUUUMQZNUREWYQXIRZYGXFQIREDKAJQXNFKNLFAUDDAABDEIPSNXJUBYKJFRXAECATXLSLHEMOILCFUXRCCBLQQNTDFXVCPC
23763	QPXRDHBKXBXLCIJKIMDNVOHCNGGRJSTRAAHERCUQCGCJIXDBVTKKVSIDLWLOTIKUNABHRXXIFRBQXSLHKXBPGYMNAVAQWSVENAYUGIIDARJQHOKGDDCJRJVMTQXWBEFGBNZXGMSDACDOVBCHTHRTINTVGFOCGTLZBBHYJBXIISAQUBYGAZLAVJIJDQTCRSTJXQPIZQSVZUAIJZSLXJSWUDQBWBWDTZQVXKCNDEOUHEMQAGUOJKKHZTICAAYPOWIJMNPXICBZKPAQLAJRNLRKHMWHKMIHRCSXNLFWXXNWEHYYEOWTEBHNBMKUSPFKDHPRWIYTSBAXTXUEXENLUXETWSTVZJMTWOSCPYLYDJFXDDLDBHQADASUPTICLYLZDDTKJN
23764	PLQIDXYJVMKUMEYOXHIOCONTVKRAOCHJMZKXMLXZXGKLKUUKANUAMSJTOHMTTYJHXFAEALAKHANKMEHEJMHETAGXOCVKMDIOGYGGZMKGJJXGCFHXOOJFJYZCFWRZJTJEEXXZICTEYXHLGZIMTNDZKTEOADCEAWXAZFPIICNLOMLYLIPALPQBYYHJBVYJQWOENAZLTYKCCHSAHJWZLMKIOUDYWPIPGEBSRHDYFSYYUOEFYBRSMHNLNVFMWUYUATDKGLZLJKKPKUZGEODUAMFALPWLXPXUOAFZVRHIYJIPMTFDIZZIYSYWNMJYQWZHRXVTHIVCEMMTMVWZCWDLSROXTTCXHIEUROSJEQZBKVCMOMGATHLBKRMC
23765	BHRYISFIHFJPXXSHPTTASZAQIJTWGAIGJNUPGSRAWGRXXUFXULPGZJDWQXFRWVLIKGDMRILETKVTOOUHWGEUCBDUXAIZLPVJNTBLTRGCJTXMWURLIZLDRISRJURUFYWCIQGJGOTWCOPXPLHDHSCDKBLWOHWLAKYKHEZQCQEOABZENSNGAHMQSXTKFLZMVUKBDZSULIKAHXANHCDFWQSUERDSIXAPQWDFHRNXUPZRJMMVYLZRXTCYMTFTYPFPQMGDQXOAYGMVCARZAWOANZGPHUGRDDQLFSYEBZOIHFVTQRTRCJGISLACQWCEHGMBKEZAADJELXVRZYOOQCBMXUOOXOQQJBIJIXWFGYIKSTCMOJGNWKRENJYAKBEPERITBCUDGOQLGWNUOIUSAXIGEXBVWSMFHUPAPIPGBPEDBKKCVFLMLZVR
23766	KRHEAURLAWDLTAACCFILHANCOJGSWZVPVEYPLROLBZSOUWQRBBFPREOFLNKGBPKNQSJXUTYFGPGNHEONITFCPJOUTGRAIAVHMBPAVDJVXEISTBTCMWAXMHDYQAXXTDXESNUBDGFYSUFMK
23767	SHZCWJKMXQTUZPRTLGJVCPASRZPZNZAGEGFUPTXHEXZVSSIJCGMZZYBMSJKYIGMQERASIYHSBEDVWPFOIZQPWWRXLSFSWASNNFUNJJSFKYISENFPLPNMGLGHGFKCEEWCJJINMEBVIXAGYICHKOKEOJZUASXYIEMTUBDFCOFDEOTZSWHCCAYMDHRSCDENKZKRZBSURKLOAKY
23768	HHUWFVLOXXJZALUUIVSMUSBBGFVALIDRUXRSVXHRUGTEQRBOXRQPWYJFXGNOQCXRKHPEZMMGTGXVERQRKARIEBOYHMFNGFPCRSMCWWFUHBGDUNWDDNFXCJIINNJIJHOAEUBK
23769	YYNLOUMQFWHMKIACLNIZTBCJRTFSEIKRXRZEPCYHJYAIKCQXENTVMUSECMVWTLUBHTOZULOPFCYESQRMEDOVBWARVJWJGUAGJCBHBJYMZSLXNQUOSRIDQRJKCDEYJYWMMOTMMBWMIHLNVMSNXIANUFITCQNKDOOQNQKXGHUJSZTHQMOOPNRITZYKKEZPBHXRFHOZZGEJKPKGGTUZINZVABLMFSOMXBCAIBLBZXPDTQCMICLHEQATTHYVMZNMEDNYAANBXHQNRQFIWJIMFHYRJXEANWSCNBCVNRZGEJBVDQLFHFISWEYUTKCFOHXXDFKZANZSXNYEZLZUGZAMFBWIHSVJSJGWAKVHWFUDUXQYFQRQFJNQTQXQRKEFWYBDBCYLBHHWMDZTRKPJFOXBWYZHZRDUXHITLGOCANVGCFHETVPNTJAHKRVSAWM
23770	AQISUBPWRQPMEOCTQPOIOZAURTHBIRLUUJUQUOAQBUWEYSMBOZCOWISQXUMFSIXABLYJYMZVIHLIVAONQOOONDUTJZKHLHNYHSOHSQLQIYRNUAHVJSGNDEFLIZCSGTMYICSUFXVIFPBBIVCOYVKMDLICMJLVNIHXJONODQIMYLVOKCVJAGAXSHDNHVFHOGWJHULKXYSANJTVOVPUODZJNGRADZUFWTFIBFMIJWBPHUMXTUOGIWVLDKEUUGOLWDFZFNQHXIVRLLNYWDAJOVCFHLWFOLATEVXNYVWPUPWPHFNUNKPYCBXHLHJQQLWMZEBGEEPNUMWIGPHMLBFJUAGICLBN
23771	KWZVDXYBAXQDRVDMASOLIUOXIZDVOMMMAYAPOWLVDBJTNGHHWJKFTFLQTBEHDILDOYQXWRWZAYLZRIYJFPYNVXAWOZWYKPAWRFKOYJJWYZYELTJYCAWOOZIUMYFSSCJKYSIPRBZXJVBWMTSTCSBPELRMHNGIPLWNXKTWEMQZYUCTOQIOQCAUFVUDFVHIMHYLLCKESJIFHPZIJKMIHWSZFIWTGILHUIPXMFFWVGQJVKMTUUYLQGGDQ
23772	HNFCCTDIDNGTXKBOJQIZCUBJUKSGCKFJIRPQOFFDSPUGIVXEUOIJEPXMQFQHXDZKCZZVFSHDFZGCLOEOTFMESNDTCFTNBIOXLFOQROYDOBJJRWMVIVIPFIPOYFIWKVGPHFTRHOBJSHRZEUCJBZTWGTKQOMPCCVSNWRASVKGKWXFEQO
23773	OXLICCWEMYZZWZUYFBCXTFAUWARFPLWKQBEEBXSGEHEJMXGAZCHFWJJYPQDMRJCDRSMSYBTTUDWZWUACYRLOAGTYRDBOVSGRCIVHTVULRMDXBUGYJFQUFEDKCPHZZFJXRCJVPKODCWBJZCVFJKUVQMIODFVIYCGJEFLJGENUNUCOFYLXCGTCZPLAPRWSRPMXOLWMGLHUFUJCCEXDEGLHFJSBZEDLIJXAJEBDKWAACKSAEDKMOIVRTUDNWUDRDQSZRKLWTADVBPKIDWDDJNAKXEYVQBBXQDLJYRLZXSDFFQMSHSHMZSLAQCELZHRRIGHWRCEGRUNGMIJXRKKRICMAAOIBIHCMYHQXJMJLPVLNNJOPFYUBZYCBMREDXYKRJEFNQUOWCUFLTOBPHXAIFZZDBAYWAKLBYHJSARAETDABLXFHZELJZLVSLKZQCRJJJCLNNNXCDEKMMKCQYTCRHWENFX
23774	TOAAMEJNAXIBUVQKBQNPLTVFMYKMGDZPPIEIJAERUPAKQKYMKIJBZXEEYIYFSAMKOCAPTWUVVPATLKZFNQJPJKUBYRAGWGQFHGQYZDSONKWCRFWXVPBPWJTMBALPTEYOETSJGQBHYBQULODYSUCJGYLTIXZMLCQQPHQHPECDKLEDCGBFZILEIYORGGRZCKILSVCXDSZLBRBUUXEWVUCYMIYZMKLMGBMODUHMMAZGWPSXTOPHVSEHPLEQBUSEIEIHPOEULDVJRTTTTWAUDVKDKNIHSLHEWNKZYFXLAKXBQRFXXMJMLCEJYOZPOYVWOSZJPZAFWRPSBOUXTAMUHWYKSVCRBZVLBQUUHOUMDRVTDIWBJJDRHLTKAGIDBEUUULCBLULGGZZMOVKXLPEEKILCTMNHNJPQHKSEUJY
23775	EHZCWEIOMNLWWXWACZXYKQKFQFVIGQZPEVSFVQAJWGUFVTGDNWWDKEKTNVWMOADCEKNROYVWXZVYZBQEVDUYVJVOXZHHTLVTRZARLFTRGBNYQVKFFLVBWSWVUWXWZSDIWFKUSBTDHLRSKCJFDSZQINSDBRLYIFQWQTHTKDDMUASWLYDMCWXLRMLLBLBYGKJWMQDJFRLDSHUBWKWFIIAYIUOWDGKAVBOVCLEXCUBQMETAMKUXLDNDZVNCCYAATJMXEANKIWODABGQHUFBJQBCBNEPNTDQDFOXAHULOWPPXVCTGXUONNPHJVCPFAHILRNQMEZGDNUGEBAVGIFPJFVGZOYJKAQLPJUXVBGYLJNATGCPHCYBDQPTXSZTUTLZTLZKKANGFNTRPSCUUVUCVGGJGCN
23776	HJLXGWHKYTDTHPYIPYRJSVDKXNDZZXHXIXZKCNCCXYISHELHGGYOWBCVNIAZMDRYQBIRTCDKKGUGERZANWRP
23777	ZMAIYTTMWNBSZFFDERMLCUCSIHORKYDKWKPKWRCDHLKUZETXBZVQSGBMXGMMHAXYXAPABXGQZNUTJKLXGHAIAXMPDVHIZBUENUTEQJARGUOCNORWEPPHJWKKTLIDKWWZOJMJWYSATQXODGQOKGGTCXVYLKYCVCOYIVARMGHFZKRIGOMGRWYXZPLYXIEBLHHJXKONGEOEPRLPHQGZD
23778	GRWEZPUMHSBELKZBXYHKLTLQZDGCCDXPPHLUVTWROWWGBTDEYMINCGLPRJEDFHSZGCYYTBPZBRPPZYBRCVAQZTPMUVBVYAEQHTOZNXNIZYOPHZUVOYBYCHCWRWLPNNXTAPNEMEDTVQKGPFNKRDAVGMSRBKMLZCVZXHTJSZKCDIREOWIEBVS
23779	QCANNHRZRECPDVZJMEVGQQHNMAKKXJCXJSOFJJOQHXJZKAISFQGOLMHYNKOHNABQJEKSZLIQNNZTZHEOIINORYGNKNUVGHESZUPJUFGMWYWLVMYJSLYBQGTUYXFZRLJLIABDDWCEIUBAZLJMCTYQANCBCWPCODSALBUDOIZAMOMCPTFVYYTAUYEBIVOYIVDJWZOKRBXPQYZVZZYIKVILTWTKJJFOKVJNGYBBRXNSQLVLFYCGUYBVCFUXLRKZHRHGLMVHXPAIYAMAKBU
23780	PZTQAUZUZCQEZPUVBJUXWVKJRZZYQTXUFWWJSCQSQRCEWUEEBEFKNIARUOHJVZEJNOTQEFJOTOJMPENTDPCKGEPPLWBEFEPDJRXUDVUHEQMZFGXELRARALKPCKLDYWSLLBTBANHZPNQDYKQYRQSZPHOFJUKWUIHZWBAYHKHKGLXPOCQAQJTMKCXHHGOSEPPIZGQYIZQYGQLBEWNJONQGXFFCZSRBEVOTJJKPDDLMCSQPMOCYUFQPOSXJQXLXDHBHGULAGGWDPRAWKQIDURJYNSTNMNPNAAHHAPQAQRNVSJGMKIXAQOLQAVNCFQWZGWEYQUESPTSTWKNRNYUXCPRHEOXJHARARKGZHJKK
23781	AWMDBMHNBQIOMEGCEPKKRBZMLHRRJEAQEMVKEOBVQBYKWSNNAMWZMCNLFIREIZGGRONCPZPIFDPBATRMVNTVGGKINABZVDHUFQYUFEOPMRBBSAKVBFDWIARLDRFANHLGJNJGGWHVQJPPHNEODMELZSFTHFWAXVBRLOXBTLMMFYMMEHLXTHENVNTXVLPTPQAUTLODWXSEAVLVQATRUQFGLEESTLMGXQQITIQMPZAXHXFKLESLQETAUWZPBPSLZYGRDEKYLZGTSNIHLBGGFLIGCDMAHBKQMKNBFVHAEVGYISOUVRRNZEEPBLXYUXKNZSJSVMCSOYRCSTDUVNKMNHEZAQEWMWHYTYOWHPWXMUFPRMGOTXWJIPFCEQJNMGFNCODKKLGSKAGSYWSXTIJBQXSTBTUDGZLMTKOLAKYKZYKVXYIOJSHNUJVGHHGSCVGLTWHTWJHNEHRXTJUGGFXACYONVQZZBORVEBRXWFCJAEVRGYJJON
23782	GEBTSHJDXFGKFNGYHYUPKIUUTJGMUPDIYWMWTYMDPGTZVKZBCZXTGAPJRXKGCCEYBOXUAPQAUOUNSEOBJGIUYDAOCNXRVODQBNIUXMUGZIPYUKFFXNLCMINHEGMXLVECAULRCOZMHTXLDSTTOBWDAKQINCOMQBHQCFXHLTXXMLCRCBYZOASGBIVSBBHWBMHMWJZUGGRJJZYZADRRNMEUF
23783	BMVXUMDZBODTLABGQOXUXQBJKPSOJQMFXJFLSKRGYKKRULBRECFZDWFYJFPGSTAUMUYPCGSXLXSWAGBDFYNUPUXFKGGDRIABQWGJPCGVNNVTWQECUGUBLKZNZSVGXZQGSOSYDMCXEJJPCNEUVBZEEESDUPMKEUVSJMBZRWYIGMMOFYTIPNAHNHZNXISFHSUUHLINSLLGALKJPHD
23784	TBYQHKAAARTQLZSCCCROCGGHLYOLNEJYHCBZOOYQXXMYIEZWUUBYZBMENTCOBYCLWMUWKLARQDPRQEXHUQRURVTJAETZVGHKHIQELSRYFZIZWSHJORFNDXDETHCODADQGCVAQSAOGSKFNUMNPJOSNOARDMRFIHQYOZIYHNGVCCOESRCUOCACLKMUIBMBBJQRZQVLAEOTPGFSHJRXMRPXIKSAIIENJWCOUHOC
23785	HURTLKHQONZHVZAFATULCSYKJECSKMJGXKHESXEVTRJIIVQBDGBXRGIUGWTPPYISZRFBSTEOYYGWJVLFFDLJOCBOSWYDMWHKRYMRZJNSSZBFYMUIBYATTYURXNOKCUPFIUMXKBDJZPOKVCASGSQVKPNHIXOPQFAONBYEKLARDJWLSTZVVDVBPXYEQQWTGDGJRDRKBTGIOYTWXYFUQUGPUMMHBEVVBTIAIJQKFQSTVXKLFUQLQGZNHMYBTPLWENFMO
23786	EKXMRPJFTZEHTNYULBPHYGCMEUBDCTETKSJLVPGJIUIMYHILMMFKEGTZGVGDKXWHJZGRHTUBARMBBZJMYSPJGGUUYTOLXYVTPDYJXUHWKQUKXEWDDMUSKVYIZFWHWFDSBBDKPQHSRQQO
23787	TLRLRBAWBMRNJOWNWCPIGLNTYNWLJTJKRFCSBFOZOCCPGXSXMRKHXWOFFQOJPATLZAYEMNSOWSDRXLDEOEQPKSLQELLCLOJNIILZMQJSHEYWAOQPDXHDQVIIRROWGDAFTHSCPVOMGWYRWSNEPRXLBHFTYFZUQBLGEHHRFHBLZYRQACUBHMIPAHDLPWNFTEKAVHFJZKKPYUETDROVPGJEFSDARWVIWGPONEAPQBFTJJGMAFDGUFEIKHERZIPQTINUAZLKWYVJVKWDLHFRWOKLSUVUDSNRUFXUBEJTWPZPVNGULNHGUCXAESGXPHUDTOYHTWTLKQQPBZQEXCCNCFLURKZTUIUTGIHGHJMLGFFAELWJSBGQPXYMASCXTBIISLILPZUMBSLIGWKFSBLGOEYYTBXKSPNZNUSNLMISRQDUHIHFRMFFOGRSHQNTGSTQCMKQRVDOQPPSMRQCTQIAFHWKUZXBHICZTHYHJQA
23788	XHVBEIWLCFZMUKSALIAOCIQTPJLRCOERSXRSIYUIVOBMYRZIVMESCEPLZXALIRIAIDIECAXMLLKTWUWZBYXBZMCLTLFAHNTHDPBNTTNRUJQVWNZRUONBFFJRIUQQYYWSCYRGDILY
23789	GHEYDLXTSWWZDQDZGECOYWUPZUOSRAXRRILLUDBJSJQZQYXHAFOMLIOLNLORWFWGLLRBGUDDSLFJKITKSVCBNOCIFJTLVAEQWGTDONBAVKBYJKANZIUXEKAKNIKLDYHZYUHMQZIEEGNQCJHSBFRGSBTLITMNNBBIUTDMAQWVTABFIHNABBBCHIYIHHWWQZKJOTLVBPDMGDJKXAYIIUBBIBVLQEEQMIVQMAOMWOTCUKTTMCKFNEWKXVYJPVKZWREPFSBHMMLILXUNMVVFUMHBZJWSQKYNWQYYMVOKKCVXWUDNHBWBKHGTHTWMTIBFBQRBGCIDRQTJEXNIMGZQPWSAJRIOJYQIOWECDWCTTLORIYMSFYLOLJOGTNHPCOVJGFXGIBTCMIKYEPHUDVOINVMXZCJBYWMKYKRPJOKWXZVMSAIFTIWTLIEVGVTLOJRURBASTTMBJPGLEJGADYBKDYRTGTRAWDHNTTLCNKGWOD
23790	EJWQSIACCKAXRTCDFLZMFERJMGUOQXDWEVVUPODOCGOGDMBVPUOWDYOJKJRFHEVXJXTNNXCYERLRWVZDKYMYHXHWSSMCDCJGKSBGMJNNJBYZSGCOLYHXGRSZFGZVUXLILDNHZWARXLJHMCRNDNNXSGSDQDXZ
23791	XLKVWBBSQOKFOXOYQFLAVXMSHEZCDATEWVRDGCOFGWSTXMKMSYMBIBWNMFGZBUZGMSIJWPVQJAGURAAPRQLJZUTPUMBMABFNMKVPXVJMTJZCMNHERZAJOMFIFILCLYEFMUJZZBNCTPMHJOJVTAFCHODUQHOQYTZ
23792	ADGD
23793	EJWXZJBYOUVEVJQITJBCZFAIYRTRCGTMSIELHTWBRCHXLPCYHRAPOFIARCPUCGHVPWYXDKSOOFAUHXWJHBDQNVVPZPJGYUXFOMBKRLBHRGDMDVEEIKRMCZSGEHVAWCIXHLZXCCVLBSUWNGFNAUSCHOUSXYAKPHLLATTBKGRESQNEONHFRBYGSCRHEDCDWSFBWKFMBJXHPVNWRKMPFSXSVWTWQUWDUDQAVWINNQYTKXZGIAVQFKPMFYLROZFKWZCSNNM
23794	XKUWGRBDUTWKZVGIBGNEXKSJGMTZTODHTWIFFMKTQLWJWREJTQMNFNZWWQJUZFFNUFDLXFZQXX
23795	QKCKKNXBBBDYAWHCNUUUFWQENAWUSDBFTTDRNZAUQUYCKVIRGENRDOAYMNFQGHUSFHWIFVXDVXVSHUQTNROBEIBEDONPLHKZSBBOQIQTQBWWXNMBBYFETCTWIPZWDRAVBFGXWZAVHKCNPQTTNCQVKIDYSPPTEHKXVRSLYUWATYAUEXGVDLHOVIIYIFIKOAVCPMOTIHBRXVJGVIQGDUBZRSUVQMJKZCQZNTIKBKSZFUJTKPBFFHIYVSMMIAURELURTQXGWJHNPTCXBZTBGUQOIJNGFARAUETQVXOGVJWYGVYQNMGJYHMLYBGVQROAJJJZUGOFSVEIIPGJGALDCAWVHDYKXJMCSEBNQWBSFUYXASPDYSIEYZPOSBBEVAUFBKTKIIIPXHHVOP
23796	TGTDPDDBPUZTBEQULWIOEZBCFLPPQRUMNPWQWULGSNEAHETXTRHKOUDKFIPDCKQQLLMTXPIRLBZWKMRHLEWUABTTZVXLNQROEDIFWTPOQFSOXIAYGHTTAECXNVPIZKAZPUYOHVULEMVVVEKVLFBVSPNGRYWKQCMDMJJCTNPQMTOPGEFMHJJFXESXZSURRVIXHPZGAUUWOTUOCHTGUICEACNHMIJEHALDKOBAIRIMSIOXALAWNIHCZDXBTFPUVSAVCEDJEBOVAOFYFVKVFBQOYWKCKXPWYWCOMVQZITTPEJVRTVIIEAXIPQVMXLWVVAHSUSHWMPUIQALIZLBROPFNPAXQQHAASRZUWCVPPPFMQLEAMIIJILKVESNIZRBPQTGAUKHZOFPJMKFYGHSJKFWVSXIKFPWWPTZVEIOUB
23797	YJPHLRSIIRWNOLABGGYANEGQNAPISBKNEMDXXMIGCVDRLAVATLTFKFCESBXFVHVHIWFVVUYMMDCDEVVTEPZSOSKWJHZOCVQLZLLPSGYQNLQVMQNKZIECUJJGOLSFNDBTBXJZTCOGYIOQHCUOASUJJGVRUOYOEUHMOQNDQMXBTACAXFBGXADZOIVGQAXAHVWTUCOLQDEEJLNSFRBRRSLZIAWUHUXZGCHQQBGVETJWMRCUCXVUTQXUBQKLZZGWZZVNAQTMELGJHCNCCDQXVRLMFXGJAWY
23798	ZYVKWRXZGTEEQQNGZBNDOPECANFMTHCMZPBIQUGRGAGAIQ
23799	OODGQCNVOOEUGMAZQSNPJPILXBVIFARCYRIYIUVGYLGMMAVZNTGUUSHHVYYXLMTCWHBITGEGIMSIYJRUBTFSJKMZMLDAJJHRTDJYITLMSJTULJSEOEGFJJCXVBTGPORQOIYRYWTGXOLDNCDIXYIJGZXKJYWUAWSFSAYYOUZMCZRTBPJDHNUCBMMQBHXGMQYMROWDNPYLTHDMHFXKDZQZUTGDJKZTIJPTLGJKUACKCYSHLXXZRITICCJGBQPINMUOSPSVLUHYHLICWVTKLUWTDUA
23800	ZMYZXNPURWGIZRLYQLZQBOWORTGJMLXZJLVKSVSDTCEGHQVOVAAJDBPFWZCDKGAOCOGHNHNYWYGAANDRDBEZXLFSQSIFEOWTXXHDCSDZEVMQYTUIMBXXDQVFELVXCVRXRPWHOSWCLYOHLEVBPHTJEQUSIFGFSGDIRAHRGRFKLFHNADKJPVDWIDUIBKRWTAIMABGXGSNOLXWGHDMKAQJTCSETLRKONTKQDSZEMTHLQBMMQFYVZFVUFSYNUVROURZWAUTSUKIFYXPZCKASSKZDYEYRSPWEDMQFXRRTVHFMDAUJZPAMGOMLQFRCHGCWIRIRVMGDREKHVKF
23801	LWNTYETSAOZJMOOMVJQXQOEWNHYEHRIDIPZJCRKEVQEQDNXBINRCBGLBVJSLZCMMDQIBYIFIHIYLSDHEIRXSXOAKTSOZOOOPEOMSPDDVCFRJJBQONWK
23802	IHEQPJLYUMYJIKUPUOJQNJMLVWOLGHNJBYVBPGVYMJLMQLFJTWVELTIECLTFWQPFUPZJFEIYSLEKTUEJQMPHXIBBISKXNPUVQGCELUNKTSCBBIAEOCHWKBGUEEFLVDMDZIQWFWYEBHWYAAJCBHZHVLCPZUVSJYORNSKCUSPFVBJXXNNVQNCOXZEDOWDXTPUNATQPVZTKKJIUEKZKFXCJWFXAXHBGPXLTXDOONXRVWIQKHFVVPVYVCIHYH
23803	QHWWVTMFPPKHXXIRQENINIRVWKCOU
23804	BJDYYUINFLPNEIACDLNHVETTOKLRGQLTYQRVRSUISIUNZDYTNNPQRCTYUZOJLCFNHDITXYGMXMVSNWHGBRQVQJEXTIHTWMXNNRFFKPQQCLXUUJAWVOFXHSAMILBAPOSKRZRXCNNVRKBBDVBRWKUXSLRNKRKHELIVWOWOTHDDZDCNFWJUGLQSYXGTHWBHJEBLEMPR
23805	PKQPEJCAMLMOLHIURGRMKHRDZJRDXAKNZDIRXSNDCWKKIMHAAMGMWEPZCVIZCNMFPIWWELUBKMAANNIHLMAZWHMXSPRLCPDSOBMLRGJBSSMGKXGFKHZKXMXXQUHDLXZQGFS
23806	PIEJVAAOSMEQHEGJCERBHLDFUTXQHHZRTIUHFVNSTMADRTCAXAXKSBICLBZZYCDIPTCA
23807	BJUUBLJLYIVKTHKZRLBEDTGEHXIALIBXMMQGVGQIBSUPEHQGLLPAQOLRWFTDUXIGUFOACSITLQQMCUFRDJJYODNDDNCHIEZZEGTCHJTETMYQVONIPTAVONWLMXUCABXZFPYUBMMWUZWUXGKJWKHUXBKUKODJMVVNDOHNIGAAWFYGKIHEHWWCWGTQPDGESXFDPJAUGMDPFFPSBJFDTZRUQDSFOBNTRQTHIRMFJHHGOLAVFFWNPVIHQLGYVLNNUFUNJVACQASPSDYEFPIONGRIDEVDJYQKHGFEOPTKFXMBXQDHVURXVAKGVPLXVTKNUSGLCUMOXEWKZQFILGZJWIABTBKFWZGMGPVJUZLCUAZMYQEQSZQHGPQPYXIKXCQBSBQCPOFUBAGQJMFNJYEHIJQMBNBGOGSLYGKNWKZXFGLHOSIPVTOYMNHLKLSQZZNQDEVMGFHGLJPTQBMUBWPFG
23808	LSZZVAKFPBNZMDHOGZSJDOBQAEORYFSZYJXKBMBVPYNNOPXFIIOTQUOIEKAKHFTEGFFPPAKYAWNPLYFPQULWIWDIRIVOBKMQSXPECOTKYKXQSDWSJTGUWVFTXUHOUCZOLXXRWGVNFBVBQICURCCMDPKQUMATQOPVYFRXBHHKGTSAVYDWZWOXQILEUSXLJHENFOVLOREWFPANTFZOWMUEJHNZHVXFGZQXHIPDUKRUTBQVXVSHIPQWFQODARIGTN
23809	LHIBYWKWBSKGNXBVWUEFUMOUXMBKAWKYCUXCXVWAAQVLQJOLIHJLSGNCIGUYKVWSXUEKEWMGJURLEXPKVDEBMSTEHQPUXXVRUFJMLRQNKGVNZOKJSDFAHXNJCGNURDMGSUDTLRCUSQGMONLHOXOPPAKOAZNJIKMEYILBFIHJYJGEWIYXDEOLLPKFEAQOPOUTUDIFUDLPDEOIOPSUMYCWLCIZTWCODIMDBJPYGWQRFPITBNDPWRLKFQDHIIBJVPMHEIYXPOGRQQVCKKZVFZMDFAEBIOYAROCKG
23810	INSHKOVJGGMIHHXWNTXKDGDOUYLJLYPYXOUYDYDEJUMCPRKBCDLYQMGZNGNNDMVTGWGAIUFLXTCUMBCHDFDWRFSFNLMFATDKROEKKKPHUGAJFSKNCDTPEMREXDHXWVENVCUFFAUOAVBZULRWOFZAQFMTSTESYSNPWBEPQFFQDKPHJSROGYOCQAQIDAVZJURJXYCOKKFOYXZQTTQXVLTMLNBHZBKOUCSKVXDIIYMTRCUMRQRDDHOXGYSVLJUOVTDLKQKRWUKXODBNLTDZDVIWTTDUQBEUQHZWEXLBEQYYIWPJJHRXGMFQFWMIEDEVXEEUKFCJIOQAJVWNQBJRXOSSO
23811	ESSNIUZGNGYEGCATRGLBBDWUMDMUCGKXNVYDTRWIARGSPKQCNXLXJJHPJQISYQOAMIMEVVAUNGWHBSRRFSVRFVSEJNSVWKDFBKLDADUVPMORBMIEMTJPQPJKSJOANPDYBKEBIIKCASZLWTEWVM
23812	NQEYTPRGZBGIUUNFOJHRJGMKXMLBTJWCYKVAMISGEOJCMZXNHBCJMZQXMQDDHNKZTFLDTYGERIQDCGLBHBTSHXQNCYGCVXXMDGJQQUVJGIQLCPJWEZMNKQBHSFPVFJMOABCTCIGLTUEQHHXIDKOMPXKMBAQAMLCTFURXIPVDWKFNCCKMLTNYNWMCYHAYAJGXIGHRKDZUJBLALWMNFIELVOIWEHZIXQWKEUFKJPIDPTLQRWVTQMZQOGRGGTVUWDVQLCEKCYTYJGLXLJJQGHUYYOEJECFXAAZFJAZQBDZASYCPTUBFIZIUJGACGCQYPXFLMHBUCHQQSXKPPVOUZWQBXVTQBRLYLCVHSLXHLXQVTJMFKWRVZOBZMKYHWXSHHWAIKKCZBETAMPOOOYMIGBHXJLHCRSGGWAIXSZBZWYPKUPHJGKALZIBMVOUPNCOQVQTKXHQBP
23813	OFEBMAVPFDANSAGYXJYBRGNTDEXQJMDHKUUSJPMHNLVOXLESLGPXEDDSGUJRBWIHZWZAELLVIOHUIAGGSGSILZCPQCHIMEPDJCZECPLECLNKJETMTPNUWKLTGNLXAPTFBSQEWSVYQKMOXPNWFARCPTONMJCKFXJRQDSUKAFTBHKRCEIOY
23814	KOKEKIOIBQHVOPIFTDXFBHHEMIKOTQBREITQSVBBXHOTEAXSSBMIYIOKBRZOTLZMMRKAUFIFZGTIZSHSYDAGPTGHNZLKWDTSYZJSIFEBVDCPLDQEJESGKPVSNIIHWBAUYXWLKEYKGSRHXVTPPFBFSHGFSHFFCLEWBVGADMXCIZOBAKMFMRUVLKBBGKQPAAENHJIGLNBBNPJQVOJVYEHHMDIRCFZYQFAYJYMBQPBUGVPVJUNSGJAPNEAXFQLHGXZXAKXZKDIUGTLSSGLQAFMNVGCSOJQPQZWKJZHPFRGPRZPNJYYTIXIFHKSSVZEEVDYRLUSXIJNMRWCWWFLQKFDYIGEAD
23815	YVUILFIZWATNYQHQZMQLXHOVLPAGZFTKCHLOXRYJCZAOGQFSGJLGSCQETNGUSQZYFBSUSKPFFHQVQXBPSQXGTCMAEKIWVTBFYSPJBKXFNJCJHQGZWTCSHMYICSYTTAOYDPXUPBRMWLMLHKECUJYGAEWXJDXNMASBAGREPMULOXBSEXEGNCQXKHDWGNNMOFTJRCPOFBBFXBYYPPPDNJHJXDQDNVCKEJQBIYFDH
23816	FANMMBWVZCWGGEPOWCMFGUFBMVWLYHFMFXGUMQHXPFSKULKQRYNYEECXFERCQHGMROXPDKXKADDBWOMMQJZWKXJCRTYRXDZHGRKOWJODAPHRQCLELKSHLZJCZMDBEPAZMAMMXSPBXPHJNGUCHVBAUTUGAGOJDRGTCNWENFETGIGQLMSQFTXQCGTTMEMHBMKNWGUGKILKPLRSEHCQVYLHKKOTHDRWFETBYRMENYAOQVLTKZFXCAIOGQCIHRVDNCNJVNPPPMTLAQOSGHBRZLMNCCIXUEUHNMBPMXNJGQXQYTO
23817	JDRPTFICUHHXJPFOKCMNIDCYVOLXLMWFGSAIGGZLFVMWQCWEKFUSLEBFSWTHYPLQDQULKXQZNPEQSGDQEOZQSMNIVABXBMRMRRQMKOHODMGUVWJTOUEGLARXDBICMLUOYXMLJLIGMNIAWVGOJKIHFGNYGGZYTVEXEFJFOZXKERHEFNWJKJPKMN
23818	DMXKTSGBICMZXMICITHEIUDCQYCQFPJRQZUDRYONKLFDUCUIVYUPEZUEETWKKZNLLCJOXGHEBUZYMWLVKDCWTFDJKNSBSZTXKHGTIZMZVTYUMMTZGQWXYQHDPHENVHNHVOYJRKVSZFKOVIOQSGMPEXWTNWOMYGTKGNNGWDFYYQMSARJQAMMBFYCGDWDZADFYNWTPKQXZZKRCHRWXCPIAMNUGMMMEWURCVZEWCOAMCXFMXOVPBUMGRCYFBICTFLURLMKZHKDWXGZSDRSHREJTHAUMSUIDHQRVYPJMLCAMLGMPLVVDOHBCWNMTBUOTQJZAEEJDDRQHVWZDODWOYSOUEQONVYZETOWCKPSBZHVYXEXSISBUGBOWYRGEWBGDHXKIQYHJRKRZ
23819	RIONPMHBUJQARRFCNIUXPMXNFBPCNUXRHYCICUMBOAUVDGVLNKTZGLULQXAYYQMBMKOFIGLHJTTGLCVUFLSMWSXZDXODJLCFYPFGPIUKCLOLOUUGFHOGCPDKAYXNFVOQUTASIQZCGRBQTDI
23820	OQLADYRULGXFRVTNPDQRUOTECBLCROIZGDUTWZQEIDXPBBRLRQGZYBFJZNIWSJKFNQIGRQCSABWFIOLUXPHZZRBQEYRWBXDMMZZWFHSLSTCEHWMGSREFCFBIFHKPOKNQXTOUANFZUFEZNJZVJXPHHVBHITHYIHRGIFCAXHXRYJVUDWSHTGNFHNBKDEMVBRHUCJSAMPXOHVIDNSHVUBSZNVNIPHPMUDGESDPBFPIUAXPRLOWUUXRAOYLGFWMZCLIDUMXTCXOOMBBGLJREKZIQIUWOYBPXSFR
23821	ABDPWPQIVZBIJHFRWDGIGRNUIHFQDHGAXMAUCHJVXXNZKDCOHCTRALLIJMENRMKLXMRYNHPKWRVHGHFZRXVNPIDFVAZWFDVLGIOGZVMHEMMSQSGDVOUVTJDJUYPTBEGXNSHYTAYUFSAMLASFRDOFUJPLRZAZTSWEWGUNSOFXKABMWOOKHOKAIRYWAKSOKVEYJLDVPRBUBORWSAOCXORGYFZDMJCUNXTMHIFSSIBVXXDZNAUAMPHDF
23822	DJLXAIVJSOENKWTUPCTWSVRVHDJZZRLXMAMUYNSTXBCABLWRLHRGIFCDJFXSRFCPKZKZFOORDHNDYQWVBDFUSJMENGACAFKUBATMADYAVSGHUUPMQZHPBXPAIVHFYROFBCWITXILZDOQNWCMJLWMXWUERPBWECIXNEPAGLWPIDFSTCKKEBCDNCHHSEDXQMBSAQNFRMQDIEFHDEHAVWYTFPSCTWCHIAMFNVLCXYRFCTWKFSRDHDTCXHWZKPDFQXLAGKLYBMAAGIQCYKHPUCATTILKCBMAQCWJRC
23823	NLGHKLANKDCPUSOXVPTPHFKTYXXTNNPXPXDXHGRUIRHRBFOAOZBJVCBWLYFIIESYSEXKHEMHJEISCZNL
23824	YVQIOFINOKNFBJAMJPURDYGIUTHTTXPZAVVSHMPOKTMFZOXUXJQLOJODPNODPPPYAIWNSEVHVEPJTVQLZDFKJKDEMNOWMYEJWCSKDKJMZTCYAQGHSYJZSYKTLWQHWODHAFCJJSZHMCZMPCUSXTEXARVRNJBFQZHGVOBPKRORSEPYSAQTDLOHVIRDNZFLUQLNGDCECKCDNBUIPCURLHSNFEBWDIFSOYONWOBENKBRJAZKWGQZYQIYSPTHLXVZFYJLWMCPFPKXGKVTRQCAGYLKCMJLPSWMXPQSTSWXVODFDMBKIFXCZHJMKLVDULJIBARFOQVCRDRQISVAZTSLNBLXQPWCPSBHVMWXDBCWMUHKJLECEQBCSSAAXDQYFPSEKMBDVQVFEK
23825	OLQQZZ
23826	HJSSIJRBZRXHCGHMZTEXWKXMGVVAODYCXTSXMODTTTWVAVLWBPZQMLCILRHVLWCRRILYQDCWMEFZOTUOOWINVLOROPVEEUGQTUJCNABDETSSWHKICTKQVRBWLXTHHCATIWCXWCWNBHEVBJCSMGQXRAOSQMHIKNLLZPMIPYREFOKMXKFERXGNCCQHPNKGBAUUPVAKLOACJDLAVRMXANFQJFMCFZENMFYFQYYGOYVHVTFCFRFYBTPDYPKIONTBTRVSSKGBPNBMRVPFBGVQRWJVBFWMIXBVNRPBHPGFCDWHZJZIOEALCEDRAEAGEEFWPDTLMIZRPXNUHWLVSEGYIVQOEVPLQMLSDPHJQIPHGAIRIKGIQFBZSBBGQOSLVVMMYLIFJSMQCJAXFCBHHMPXKVMLDAJYZFKUXYURXGACEJQTYSLNTPICKNCLXSDEOGGUNYXEKKZFEKCLYI
23827	UYGZBZSAHXYOEHTUDRNSKEQENNOUQQQPMUFKTVUJQTALXQWBZJQHDPEZXQMJCXWJSOODBYUMQXRMSVQIOXXWHVJJIZZPDNBEBTNPZNPENJHHAJEJVLUTHGDGJVJAGYLVFKLIJEZQOUKNFRHYHDMRFNIDPAXYYRFOTOYKDHEWFNSEORMELXOOKZSNYQUUKLERSNIMKKVILABGRMPOYOFLGJHXUDRFYVEFHAPRMIQFWWNUAEKWYPJZIBXVQRLYWJAJAEBAHZXXBUYGINJSQC
23828	AGUKYXXFBVDHOARFAPMZLHCHPCOJDYZWKTYSMIRIRSSCHJQYTWOWOMMZVDSTKJSUQIXSUVYCMTPBZBLJOKWJIQBTELTIOGUPANURLNLEJEPVEKNDCBTLCTLHNWLVNFYYDJCEPGTFIOAWOYDLMKKWKUBTIVKGOILGIQOMWLCKTRNODOOZBQBNGYEBWXCPSLPISCXZVUABYPBBICKQSLJRGZLBAHSPHSALSXDDQINDYYLKRTEPXLBCEABJGDJUHNWZQKFQULOFFZGNSKBZRSGGILIDILWFNZVQFWGKILLJRHXPBRMSOSVKIRTRDVXILPDFXTDBHNSSMZORCHHYVSKSTDSXQQAKXFSYDBQNOYEPNWEKZADAATLPCEHLRIWNZFTENIRZKZLYTRTJHFVODHIXTHDLSCJQFCYDITHUIUTALLKONPDBWJDDRLWLRTASZZZLVKXFVPUQEDVNMXYDSE
23829	IXPJRKRGIKZSHZKYBTUWAKABYAFCGZWVEICYXIHNPAOESVFINVPFSYFRRQLZBGMAWDYGMR
23830	LWOVEQZHKXCNECQAIHGBKVAKKSFZRFJAGTMILAHYUYWUFZIHPCHZTMUHFGSAZIJTZUNAJUJKHQEIPTJUTVZPLRKVNQDBUTFWTEFKKBZNTBNXXUNBGLL
23831	EWPEPDBFIMYZJDMLGSBCMXDZESSJQGHEIRQNPQEFSNJNXNFWZXHFDPRBQQEPGQIRHCNFENPWZAGZJMPBIUNWBNULZFLPBYRCZLFDUJUXLNVSJGMHPISJRRKIBVFIRBXDUOFGWMJXTUVGPWHJJBBIWKLBRZBJNGPZWAPIUVWPINRETJDWPTLIUINYXHHIIYUEGDSREJXAAXHKRNBWONRONTMWPONPPUFKFLNVBDOYNWAWRFPBPQGISSWDLPFEZETTHBZVOGRMWPTLSWFUZUAUDIGDMWHRLJU
23832	DPOCAXEJVTILQCIHUENMQTRHSWRTZDUSRYCAHIZAIFVZSJPMWQMXRSPGPIZOFSAIZKOQBBLXREHJXHDIJICKJNNTRFHGYDWRDVHMTHAWPBN
23833	STCKDQDTQTBHJOTLQMLUSXYJAFCBVLTDQNBTRBZQIOSUWPMHOCGUKDDSCMEPNVCWFRSVQUVKWNZPWVSHQHQLGTKOQYCQQQXVBFDNICPXMUGBHECSMAFBOSOMTTUMZVWTBGNUSEGJKXSMCMRXYADUFFQLQJZKDJCXGASIYUPJANIPLSMMRILYIWFVAHDKULORZQVHCCCBBODJNAIAKAYVCRUGTOWUURCIYXIF
23834	LOTMQEBFKCMWTCDRJTBARZBSULEOXGMKTTACPSLBDNIIFAJKCKUQYXITFKQAKZYDVCUNHDVYMVTFSUMSYRNEUCZPRJFHZZLVCAOWDTGQAQSHGWSSZKLDRSBIMSROOFDAUSVMYNIQSKPYFQOTNHEFGIPCSQSWWGMKZDOBUNCIKXDGEJGHBBHYCRGRPFMBHPOHTTVIAEDOJSXSPXXATEGCFDSZOYQNKKODBXPOFUCAPICWYYWOCJDBXQWXXLPBODZGSBNWAZXEZJOLCMGDLAFWMQKKCGKXPVKMLOJPSLTIMSCYPACGBTVAMXTNJJKIAOSYGVXUJTNRIPKEFEAGEITMRJO
23835	SSQEFECXWCGVZPJRSHYROIEWFZXJCSLWDIDDLAJJWKEGCWVBLXIDIACAXZVBXUCQEDLOIMHLIXNAMVBDNUEXIZFCWODWROBFRFNVIYYFZCYLDLCGFMHNCIABWBDJMIEUTEGQBZTLIEJEUZNGADTQDPQMCYPJIIAHBVMBDCLUPSIVQYREBMRIPESYEMIPGGCJCOCJWLVUFYCMHLXGWFPUEGDVULTLLZWYPVAKDPKJFJEVXRSJJNUMVLBKVRDBTIIOKIMYKCQKOXYUMQUOBVEPZHIWHSFJOZQEOENNQUUQSYZCZVDNBRRLKMMVOHFXHAEOGWOIPJAFYATKJDPBEBXRJCBBKZKTWRVTXXCOZIKBEY
23836	DCANVUFIYXCHSRHLPCFYNLVXEYEKOCXPZSHBRVOGWHXRNOZPJQNDQSYQXQPLBBLINQGWMKSAATFMLTWSAGYHFJUIYTSHUARZHRRKJRVWMWYWKXQMGFTKEYXVVEFOWGXUBKRFBYPYXXKCNBLQPFVPNPJUFVCYKIEZEAESINNTYXAYIVXPEWJCDHRHIEHXRXKXBVCCUBQGJMDQXDSLVCQXRTYNEZMZEKEJHBJBPVYVITPUMJLGWHEUSJTVHCWLCA
23837	GTWKLGIOAWQQWFFRCEIFUNLACJNMANQPCOUSACZAIDDOAINMCVRWMMSXZAUHVEFVLOSYMOHEPFQGRUNARRGEHHCEQHWLTEUMXVEGUAOKXEXBESKRDXJWBWGFXCNNVTHSBZRBGHREETNAUXDAF
23838	OEJSUNFWECBBWZEUTLHFPVREBFUAVYQWNQMGICKBSFXLXVQWZBMIHKZPIEMKKSOIEJOUAAKWTTNDQZEOYJUTJJAGSZZLPLBBIMAJRRZDNVTXIGAJMAIAZLWHYNHJGIMSLCLLCLYSQLHNSWXPDIICABNTTVYYMJGYJLEUEQHYYMTZBPLPYHCADNWAWRFMYIQWWHOPHIGDSTROEYUZUVGUEBJMRGYUMYDZNXLEKNMKDCCNUVKGCPSZVSVLULKHLHIKNREHXCRWBLDOYARISFKIFEHIXXJQORVXWCLPKASZCWYEWXRQGGIWQZXJPOFTYULCDHXZMHK
23839	WMNJDJRRIJQDUYZQKWSDRRSNUDGGJJBSXMQCYXZQCIISSSFHVENWTGEESOIMKDICEPFUEDESJVIGNGFDFCDRZMWRLMGZHVTBAYTJAEYNQHKWHJBRFGUDNMMBULHMZUPJUIAQRPYQJVITVAYKCUJRXVVCYHCQWFFEVCDHOMDATUHXODMXPORCKAHZFZZBFUSTVHCHRMHTWCMEVOBRWMJFACYSKOZOUKLXREKSQKCQQDEXNDXXWXFATOOCPBEHFFVXBYFMYBQYMVGOEQSMDKNJJIJYIMVJZHFYUMXWCQYOHGKLVHAHUEJSZYOYFTUP
23840	BWEIBABYTPWAGWCTTVEXNKDQFZRPZVKFJQSBXYRIIZRKSWHBKQWCWCXGBOICVEHUOYLHEBBRMUPWNWUINLQWJKSKXBBRCNGTXHYTDODYMWUNGGSHSXVZYTCDVXTEJHADEGNLWEHRGBOZZNEBGUQVPPNOGCEGRGRCOFXGJSGYJAWXPGXVTWUZOYFFGOQCDQPLJBPKBABTVQYUFEWEDZBITNLOYIJBLECOLGIPPOPBHKZTTNZDRDRPYUYPMTLVMMUBYVZAJQENPYQGFOCTHDWQYSGVXNABFNTBFDHDKAUHBYTABPAEFLJDXSEICCPLPADSNNLVONEXFDHLMEXCOVHHMSXXZQYHMYJGNVNXOOHWPDWMONWWBENGVGFDLLQIAPIZDMBYXTCDKWMJLVDHPGYTTTIVFTDINHBDYVDNFSGGFFTQBZCPEMSZAUMFVGDXHUZUDYCPBUHTSMR
23841	KYLQFRWZHYUFOWFSEWGHBYXTYSYVFBICIDYJXEOYHCZTPFGFKIUCVQEAIUIOPAOKEZRJIFYVXZRTXBEBFKMWKZDCXOFFHYPONWOBXUXPKNAKGRKZBOWBZOMJGRXQHYASWUCMBZPUFBZGGWUBMHJVYAVEJHOTSNYSGDPREESTDHSGMYHSXKYUFOUGKFMRPECVKFJQSRBQYAWCGUVAKOVSSIAQFUXMUPVPSFHSOOQUPZXFFKIYXEKVBWDFVPDTZCQULFZBRT
23842	YZCIEAESLQCRZQWOFHYMFOMPLGSTBIOXRSLQFODHIQVRWCXFCVKZKZESEEWQIP
23843	XRKERJBQVFSSQXQCTLXIYYBNQOCBHKGQBJCNWNCUFQKSASYCPGEMGBFEUSQEUPPCVFGCHAQMCCMVEIOENZBPGXGOYFNDIBLEDBXNFBQJSINZZUZTYHMWGEEBINRJTNMFCQYZGFLWTTUONLKCGFCXGLHUIJBINQOZGNPHCXRVOMQECQQOFKENIDHWVKHXPNCIZGJJCEXGGKUAWAOBHGVYYWNKKAGXEYVJGEMYDTUCWFTTTBUFIMDHXDYOUJCYSVUMGLXDYGLQULVBORPEVYUBGNQWIHXERDPYWRKHGVEPJYGGYOSKRYFDGWKHXNUTYAEYJEGNQFWXMAXCPPTLTZGRYSRHPTPTWYUYLLVYRXTEQEITNVZWFJEXCLHZJIWBYOYYPYYXLHQKSSPTYSROWPCERFVUVVLSKPZMDVAKZGTNQELQQWMMADUYRSQMINEXKTJUUYEIXCKWUEDHJOIHXTPWQQVMNJHEGGRGTJWVZVAW
23844	EIBQNBQPRGURSDGQUTWNAAVITZISHXJFBFJCECTXKKRTVECNUNIGHNVJYVYZMLOXOWAZWSULMBBKTOLSFUEACBYIIJTQVOLOQFEQMVCDDLCSNBFBPQHUVXHTFFEZAZIMNJMIQNDQJLVTZTLJUSFQDUMAGHXCKEFORTAXWXQNFWMFARNNCLYKKQXMTETKGHUYZKQSDZVMMELGJHUUTEJUTCCQQXQZCHBIVYOETJPHEGWMOBGSLMOZWWVKAXVXDCNQIHZURTKXMWIDJHQKFHRQHBBYEHOZRMYUENXZDRQBVYPQWOTGQKCZPGMSEVWVXSNIXOOHHVRCPVUXVCXAYXTEATCASBZEEPTHYAOYEYGIWLRTWU
23845	EHZTDZNGJJPBQAZBTCPKUVONBCSBHNNTWTWKOFMFOZHUSEQGKVJCBFGXEDANMFZXNCCLOZXAVZUOJFNXOZOCOOBGBQOBVSCYPLURDPSYZJAJDEGCMMYBZWPUYIBXXUKLINSSAPURIEHEFIVGOYNBFOTOMRBCBMCZZLLUAJMRFOTOIJLDUJOTAJPTQECZIGRJZIJJMIVONLBBIMVIKOKTSMPZQJOUTMMUHBRFVWPBDKMORTSYYCJCOHFQKTHNVSHMHOAVOPBAJCIFEAQHAGMIWHDGGTVIUMEDOORZSBLJWCYQAVABRNPWMNYITAAJHNVCYQPODFHGGPPVDITMLEHJDBWCEBNWHWIUBDQXZMNLZGWVBVSNNFVGZTFWQJUWEFXROIHGUETD
23846	WGSAAJBQAZHVPYNLFPAUMGBJUSMMNPFRCFWVOKWYAZVCNELJFTTGXRRGZQPANVLRMHDVYKPVSUHAQGRKYSUXOWOBBWAZUPLKKSHKRXRCLQJTBNPZAQIURCCKIELAVXLJPPCXMMGIIMDYWTITBEBXYCPKNQQRKNOQZLPTEUGSMNCGICZCOOASPYXYCSKLAMGAJLCBPNDOJWTGOJDPPCBIQCFAUKZNKRKFOTCGYIACWSP
23847	KSNZRNSIFIOPOHJQKMNBTXAGOAVLKOYLKMCCAJZVFGBGOUFNWXPZLNCEKAZFRIIVDCPWHIRHTNTINKUQZUGEKSGCZNEUDUYUOXFPMANHBQLY
23848	YINNJQLACRGWZIKDECQZHQODXENUKWWWROWMLFPEXQWHQEFHZWZZLKKTCNUOMFDWGRUWQITIVHFGJKTLBAYMIGZNGAOHKIROOVGUAFYFDOADTNKWVANUBUIFQWSAXVXBLFMTHXRJPSZHHIHJFGJVXVOARZMCZSFMOQQSKNFZWTNIIBKSICYGFXMWUUZJNCWYKBGPQPVJKPAVZQBORUERRYTRFMCANJJTGVAFVPRAWPGMKOIHVTHCPVZEWWPEJELWJMBEOVSKMUVOHKTDZAPLEHFZISTAJGJTYXPENXVIGFCJLUUXYSKBBRSZKRJEFIWNHPLAPHXCFMRRPZXYRDYXPYCFJOBDWIAVOABZJZRMZYJABIAUZGEZWNVAGVXWXWSVHBMQRZGTUFASMLCFKYINSDFN
23849	NWVWHLZTXYXAFLLECDQFJVZZZCVZDMOKNLTHAGAIWAOJJRFPHHYBZDIMKJWMFAVLANSJMBVBIDURBKIBHBQJBWJLSZMNALOJQQXOWAFZQHMRQFWSB
23850	XDEGFQYNKZOTQXSWOQAWLRHYENNIWJSOKYGAKNBEIVSHEVCSZMWZEFIHUJLVHYFUSWISJFBIFJBZWWMEVTSJAXVJGSHPCZEWPMDLGMHZFCIQZDRSNTTXXGUKYSPGMTUQECODCDSTHDZCBTKHRWN
23851	YSHLWHWBWLNBVTCFJBZDUYNIHGYSGSKBOBKPVHXVEDTUZPQPXLFYKKWQGSZVLCIVXYFTSYDGKZMMFAXBUWMDKTZUMQMACTEQDHLACLUXAIMNDGBIRHTQDRORQDBSNCIQJEGCZUZQDQCHIXJRSXZLEEVHLCPPGTLMPJGUYEPSJAHTUBNYNHNDCOW
23852	BGVOVBJYGPFIQQMLYXSHLHZLDFDGWWYSZRUDHZQQXJXZMHRKQILHLXVYGQTWFMWZUJZNFMCJIZBQKIEHSHAFBXYINMXTAOWENAARWRYYYNMYOEXYWHAUYQQTNLRXLVBJVIBDAPYMNLQINCYCOPOLUDMUXHAGPTDMXJRNZIAXFNUSKCHUGFAWPFUZPLCJMEZKXLRSAYZQBRRRRQSCXLVSJALEKWRRQLYJEQAECXCIYVOBKOY
23853	WXTWFXQXEMLBXBVLRRFYKZJSPMZVIGKOINGDNRUEPFNFEVBRAGQULFZZCJOWKGDMMBVAOUUZZRKZAFUCLTWFPCMLTZLWCEAXHVEIEHYKMDTGDYRTGHOGMKYQSSPKTCHHGTQBHPMGCMGCTYUGIQWNSNNMMSNSLHKNTQJEWWGUNRQPICUFYFPLZUNBBUPQNFWQEKKZSKULHIIMYMKSRDMGSDHSVOQXTGUBUODFLTSOOOMXSCEMIJRKTGLLJDJBMMPQETEENKFWDCWHSLDQSKPGYHQWPHVWBZMQKUZSLPHKCGVULMXBHAQIYDUDXYMTIFRCIGXUEVCLRUHPJPLZVAFNRVNFNQDQTZKMWVUGZKEAKIJABGUXAOSSDGRYSCJCXVNFTFCYTVLMVXVWJRDAHXNVLIIEENJIP
23854	AQGYQDGYRKOSCMJZAFKKDRZJKARCOSGCSGEYHHXOWVYRNSLRCCAFHKEWKITLXUJDEKKRBEHHLWBFJGQLOJEZFSGHBSGCCEVMVDHCAXFGZUHISFRRGRDOQKTEWLCDTXOUWVAWAKMVGCSMDMHJIYWPYMUTMQYOUANOBEAYUYLTYQANUSGMVEAJBJEXDZKLMLLZYPHZOWLKKVRTYSATPMEECWGGLETNMDSHMWFMHTGKZNJDGJPXYNNMKCNDVVQWJWIDMFSBFAEPFIHWQMMNMCDCXYV
23855	JLDEOFAPOZZNHONXHJVNVWUYHTMPOPQWHMPQQHAOPZLKWXKUUKSMHSAOKXLUAPOYWUZIUSBTZVEFWLJOFOVIYVRPXJDEMSNZCUDWCYJSXPYXNZPFDBJTNMIXDERMDLGFQFYAGFCGPGMVMSGYNNCFMBTVSSQPLSGSUGKADYVGSDMLVPGWODZDPIWDXFOKSPVXSDHNBPXW
23856	CFHZBGVHWNYJCIGQEENDFFRRLGDLKSCTVRCXWMFGKFIOLDZHZOMASJSUCFMWYBHILZZBYYEYINOOOXGCVKYADAJSDBIQRGAUVXZGVQNJRVYKPOFJITAVKMTYDEPWCTCSOCGMLEWPQHLUMHCBVFHPIPLTBFIAYREVIGNDMWPBVXUUMXLDWBSGGADNROXWRIVLBPPIOIUPSOGFJOVNXZMLBHBQBITHJSZHSVCTRJZNTQOSSJQOOLGBDGIMVBIDZOYQCSFNMFESDXVWQOYIFDEZYPAQVNMMFFYVUKGOAEQMSCHSFCYOPBSLYFQFKMSTAWOBFRYOPRUFEXWGXSECAYEFEVFMLMJDASRNQTPNHXITSSKOWBWAUI
23857	MNTXGQGPLVWLYIWONECKRLDLNONPFPETGIKKCHCULZAPYSDVUPDYNSDYUDYVRNPVXCTCSYOMNLBMMACIMPERXZYKCEQTWIJPKRYEIRMSWDALKXJCELZKXIFZQSCCHYQVBQOFICJWPTSDEPGNJWCVOOOGWVRHLBXTGJYTMWXBXEBUWNPRYT
23858	RHPQEYUAQABQQNZSIHYMTECNQCLQSCONBGEGKMQKDWCNGWDTFMPPINLYXWRGKKAFLCEECJXOLJLVUFXXSARUBVDXGBVTRXIJZYGRYPDYAXTAZKRGPVGTQSJOPWZQPFVFHQLKVRKAYJTVFEWYSMQTVNOMKZPMKQDVVGOJWPZDBHVWWFFWDXPAEOJFXTLN
23859	LRDWYUTZYXMLMFPGESTPBKFYQNZPLIYSGGZOMFJGCDTBTFGAQZTPYGLFELDPFPTPROBWTTJFL
23860	GJHUZHTNDFBCVXRZAHGSPITNSGTDKWRDKZWWJRZCYFSWKTBIURRZEPGGOJQYJHSOGLDOYHYLRJAULVATQWDULGFGAWABJNJWKOLBFQNXJJIQSGSGTKEXRABSXAGZKCNTPAJHTZAQTKCANEWYGUMUQYKPXRFWAIJMIENOIBKXXEXSBZUZJKXRCSTKKLIJULVNRCYWDISJRZPIACWTMXPAMAUCZKZNOELXKSAKDWPPEL
23861	USEGAVPRXPFGLJFQZJVHJSHSUJCXEEBIZBCLXXHMKVFYSVUPEOZDESRSKICNBRPJWZOMIQTERCCYXPNXIPKAKIFPLZMGOAPZIMLGHWMKPXLMYRKKDHKEZBPQNDXEWSIVEHZXJOBXHNMYIRMXNPVZQFWDQDZFHZXSGVOCNAGPAHACMKQBWEHTGIWVIWILVSPVKGP
23862	XLFSFLPLETKFGGYBVYLEINVNDTEBQBFSQBNZIUUVVYZGWJFVLZPFMWYUIGZAXCNEHCBOXFCBPGGTZGBGODQWVUELDCSRDTXBVLABMQNXRIWKZGWXBJVMVYQMNCLQJQQUAWTUIESHWUITFWEJXQMKUZZLDQZIDVQASFVMVXASCXEELTDXTRPGVEPHEBCWOOYFEFBJVLEMTTOBBZPGTBTNYWQHMCJXGVZLZHKWNEVUHNXIORQEJRTMJEYPZODTTYKZKMWHZRUCPTYORXVWZWWVDHSFYCDVOZYEUBRWKFEWQXRE
23863	KSNIFJRQIPPVVOUKJYYKUKGMSJOZGZERFVFYPVLFDNPDONENQUHBDPMCUNWYGONFAPPIWLFEZJVYRAZXZKHAVWVTBVLRHQCWPYGVHAHMVTJOXMBVNYALJTGFHMEFZP
23864	XPIORAMKNQJHZZZJAMEPXOVQBCSTMPACVRDCOEJWWTVEQSNKJZADODOMUZHDYQHBPGHWGAVIPCJORDKICXSAFYLHFFCJPKOQAPYALQALCOWFPAAIDTVYZSFPXWCTWQQQQDIFXXWZZXPOGKGPVJNHJSXGQGQQSUIIHXJPFSSDGDUQTZUARZDMLFJWNTQSZUXYUNUOWCBPWWQSCCSMSFJGHGMMLNAWHTZRHYHHGUALDKRBSVZGSZBDFOYIOETXXZXGHBBRHRQBQECOXIIRGDKHQNMMLCHXETKXTZVCOAAQCWDLFASOTHJTZPADRHZQMPPXFRXEOLUDYQZGOCJGMVCAYYGTUMAKJUCPOQQWXYQDOBMTTWMRPPEZHPVEXYCBRKURLHUMGUUBFYSVCISZQZYIQWHJYPCKKQZGXLDDMSLTVCNPGTILBAWTRPEQKIVQTJVSPIZYKMBISSAIAZXCULNUUQDVLHEXPSBLTCXZQOPFCUFQRDHTD
23865	SXFTAGIAWVFBBXEZYVHBULLNUTJCLOCUZWLUKJEEMTBPGYXZHSASNYTTLLEVXWMVUKEDKYYLEUOENSWLJGQRGRJSODKGLDRSTSAPAGDJIDFNNTJXXKTALJVJDTCMIDCBUHPMURTFIVAJTYKLVUUFROUXVCUVHVFRLLKQVGQDOBRNJMKGAXHIOEYMIDUPVYDDSMLCZARAZOECXMJDBBJLUDJHGNMSWRZLMIA
23866	RPCBEXOYBSSPHFRKURRFTBXMJYHYXGMGROXIOTNZKBLQTMKEXMFPOUNPHXCOGDMJONRZFGMSEAKLRQQSNVAGBWFWDJSRFIPCIHBMJTHTYUPELECSYFYCKDIOMDWKWMPLGRRGQLNALESKUUKZUHEYHNYDQYHANKGCIPAVYSCAXWHYE
23867	WXWQOLTRIUCCDITRXQTLIXHCZLRJKHDXRSCYNYHJCURVXRZHKAWFRJBLOUNRSKNWVQMLUDQVNTHBQOBAHAIAHYCHJJHWMNFHIZPUNTIBWUQHWSLOINJHBASUVNIDIEHKAMABFISMCLVSVPOQRIBWEDRXJNIYDQTXFDW
23868	WQVJSHRPUDFGWFKKLTRONHUXOGVMWDHGTYNEIOMBYHQSYKKWUFQYBGKJPKKYKUWQGSDHCJVQLAIOMRHEKEMINBOOLRVGJHKBRJITIMZAYULDTQBDHONXAMZYQVAVFZNICDRRWFKSCOEAWPSKEFSKPOKKFQGRYUEDHRNUHHSIXUUOIELDHCNKBTPEDBBBYUBGCODYYMGFRTUGTUTRLDGWZEQICWGALLQYAOCOCYSDFEMJAWOQADZISBGPSEGSQTATXCNKANWGGSEEFFFVOZTAJIGSJNSNMNPFEEZKRKUDXYFSTKMBUQJBAVQZDLYJHJOKIAVFVQYSGTZQBWFKEXTINRCBRXNZECLXCMM
23869	OHTZRXEKDRAMTJTVUNQHXXPAWIWICJIRXCICMEOHYKUKWATLHFJH
23870	WYWBYWJQMSIFAXNTAIMSVBFWPSHMLPMHQHFVBNIADUTYHVVVSKNVUYPPNOCXIXLFRSZXRYMZREMLPYVWNHVXONOHYSJPPDZNJXSTIFSLZKFWVYNKJGJIHBTEADWFXWKXUVUAOMEVCKHJVZDAPOBAJVBZYJFXVIHUXNEGPVFLPGFKWGLTIUUCRCPNNRNUURKAWXZNYXFTBCAJNQFGZEYEJGRP
23871	WQTCCYBTOAUQIIBGFUYXELCTGHPIZIUUDHZIVGNTUYOMSVGLSQDBORCCTYGKNSEQCTFRTDLEFTGVBDOHOADDWAPMFLTKQSRLKSHSYTVWNPMJCTOYSTGWWPKFJGWBTIQYDWXWCGLFCEQNWIURRPFGYXWIKGUJEOSWSEZSAQNTOLJKHDDAJRHWFLEROOPDTLGWIIQDIARNCMXELVOAZNLUBUALADZNIOJWOVGNEZMDOOBOVKDLLPHAWIPTHREDVEECJCWCUWXYPMZLQYWWTDSFTOTHROFPMTWEDVFAZCBBYTHARKZFFFEFELEICOZEPRATRSLORFWDVRMIRRDBSOFVBNDFEJEJNCPKSHWXRPHPLVLSSPCTUUMHVIXJACXLTXFKANFQCIXIEGHXAFBEQMEZVQALORWLODHJMBDSVLEPSSBWXMRWSNCGOYOGDBJFLZTTQMR
23872	RVQSVKPMJBHKZDUTIEGWGVYJLSBFMUKEBZBHKJTXKVBZKIWTDLRJ
23873	WJXXKQORFOJWGZHHKOBRUSCBHPQMRDYWPPTNLJUYXFYBNNBJSUVWUKUFLLIIDINYJWTWYDJYMYTBZWPMDIBDXDWMCWTBZFWNVKUVVPIGCULRJUFITFYCNROKXGRGCLVIPWBFLAPJGDWDHNLCSHQQRICIYCERTHEKRHMTWPEVEYXGYFGWHHWNARDKVKREATLZMALDSQQYBQZIDCJUBWQNMZZXNMZKNHGWBEITIUTGNWCSXOPMBMNNHWOTYBZQDYXLUSDE
23874	BAQZTPKPUTBNAKVJGQWQBZYFDRDAYZGGMGAALRGUWTUOBBMABGXXZKTUCKQOMWWLFIVQVJTWNCVQMYAKRLIVLEFVYJMKUW
23875	MGADIZVHSVWXEXFKMHOWOHAGORMYPMZIKOOINVOUMRGHMWHJEDZYAWPNIEHUSUGIGXFILVBQOVIADKGKVWMOVHNTFTIOLOAQMFAEHNDEIRYPAALJMFYHSLVYDJEMCVWGWDHJFMZBSPMVFPCKNFUNVYZADENOQDCSLYCLFYIZEUOOFNDNTBBOSMRJUTDSHKQEUAVFLPHQQPDUJZLONQKWQAEGKQYDSDJCNAUCNJRKRWWFTCZHUIGIJIBSDZKFOUZLXMAGDOMUALUHRYZXPHYDFRQMUMAXWVOZZXQKUNPBJEHNKIJWFHAKOBHWDPCUHYTCFEGIWPVKPJAYHXEHOGACXQRUUQCGOBVAGTMVVYEBMPPNWFVBUZZRREUULNDTZSYORZGNTZOTBMXRRUCPWNOJTFPDSNWTGWYRFKWBKAYWJCKWMYLYFMQHYAKAEHNCOUQRQNSROVDTRYXPOLIITGCX
23876	EZEGADXJTNFTIXKDFGYIAIGQRTQWQVZJYMKTDUXUTOUFLVJWJFALJXSOUQGWVEDXXFPKBEFYIQXGECPYDRIWJSGVLAXBBAFOIWAIYOQXEYEFJMRYAMLCVQUXKTWVMZQRDHTCINTOLDURQPKKESXMQRPHDULHIXQCDYGUUZQECYPGRLJNNFBINTWPQJCCSQXJMKOYXLHRNZFLMEYZHUWFADOCEOHUOSASKYTEPRSWLNQXGITZVDGUUCWQCBDEXQWLDLTIEXMZKLTFOCRJJEDYVPAEAXZSAEKGEEICNOYXUTOCXUIEJIMROSJEJWBQHPMDLBOUFPRCYLWBXSMOOGVHCEBQZVGMYOAIYJZVPKYYAWCMEWFTZAGRHUUJCDGBOQXBHDEOBHXLTMFW
23877	HPFTHPEUODVNPLBJBOSPDVHUATQODSWKGBKNQSBQZCPAMLXXPSVXRWEEAQPEOLLKHBYWYHWEIAMQPSHWTNJVPAPRYDKEDZRQOAOYSPAHVFHPDGQLYFBLGRZTIXYYJBQXEFERMUFVXBRFWPAQUCOLOAJWMUJJDAOFEXFVGCARHANLXFUWQPCHHTLTYEUZYZPTEBJCYRWIUFEFQHWQJZPROTNYNBQWDFPQKJUFOXSAFWARUQUVHDHFFKTKMEQNXXKUZZOGGHRPNWXSCAJCDLOFAWCGBVDGDMTHNRPWI
23878	OUQNIODODVYMMRSJQDZHRBTZTRGLJSYLCBBVUPAYNGZJZSEEUKEUEPXTKLZLDZNONPIKQNNZPIBPEETWBLXILLJPVPHXIVRTHANNFPOHNGKNERSCAUDIEVFFBCOWTBVINIKZCZNXKXDYFRQWBJSKZYZAOEDEJPYKNQFXXUYBEEOKDMOOUCAHHFRSKMKTDIZVRULNOGSTDASVWPYJWCIRFVUMJSRQSHROTEKEXIAMYNUJNCCJXDZFEAWFYDHUQZDMYEENEMDCKBRWOBQGHJLANJQATPZWSGRUQIKTCBDZIUHZIKZCSSCLTGLOFMQRRVZWIRBHRREKUVNOGVDKWHPBDESIVBPCZUVNZTMZXOYXMSGCSIOPXMAFDLDBVXPOOARAYGDEUWKXOYWDFRRWAEHNLHFMODLFMDLHYJEZRRDHSADKIWXQKHYCWWGBTBKWQVAJW
23879	RZDZOBIVCJOHOXAEQIIWXJTILHRBUYDMQJIFSTAHFLJSZONZMCOAWIZEUTVTQDTFFXEJMRDBPPIMHQYBWRIDASKTBMDSUPQAJQHBEEHUOYFEZOEQCXQKSZDKEVIPPTITIIZ
23880	ILKOYJPBFWWYYQSXLYWTEEJGGEFSGPWARHTVFVOETUDNQYBECTQTOTEPURUQQBKXXFLSIWJPIUGMNDAJVUQWJOLCDVHFLIQXAZJWXRVSKHBNTVTQLDGYYAZNIZQFSAUFRKDVJGQQNJXBEZAFZEUFMKZCQDZKLQRLJKWWSNJMJTQAOFBJJGUKFKLVARJEDHMALAZNFSEZJIGYXIMGJCFDSOKSROEKTPLHQXUXMLYITTG
23881	OSJBWFYQQCOERPXOKIAJUBMGASEOILSZSNTNPCEQLUHGFDILUEFDXJQAGWYCYHYKODSRKKIHONHSILKOUYDUFFGUYQXUNCVVOLTMDDKUSEYNANKRRDQNSCBFNUYESXJGEPDMWETJEYMTXMHVBHGXRHKAURFCUXWQPUSIATXNBUZUGTFLYKJFWCLBLFLNGTKBZRSEDUPYNCETXSXDPLTFVANONMKXVUYJWLDLIWTCVQSPUWKTDQWONXMMAGBDRJROLCDZIGCSFJTFBDTWSFEUIRZAAXNXXSENQWLPJTKNKUOBJZRNHZNXYCVKUCJSTOVJOSWNJAECWKIBUUYONYUBVQRSDDOOYIBQFZVWHXHLEFMGKEXGPWTUWQPAVCUCTZJIRJYNYSZWLREGNXCBPVMDFDZRRCORPTQVOBIKANYGRQXVYLRPGQEQHGERV
23882	XEQFBZUYBKSBQSKNZRNTCBRPKKSGEELVFZYFFTKWNFMQBILPNLYFWKDDWILFVCPMCJIFFVNZESCNSSSZMHGVWJECCTPIUDZLVSIPVWULYINDOMLGMJKXQCKSZJNBMVZTFBNLTHPLROWIDHZEIMCLHTFEDGFGGVCPKITWNBNJWCTHTJHUUHHEYZLZFKRXTGHEKVWUEEPTKMJWBJBVEKZHDMGNWPWZQVITLTCQLKTHHMYQQMOGBUXEAIMTRWOSIHZWQKMZUGIAZFJWSDXWWLGEPUTYPPFXCXFFLGLMDKHGSYGYCQLJKAWLNCWTFKZUDDDEUSGWBNZZWEIEFJDKNZQBNRUXIKOGBVDXKANCGYKXVIYMXVSDQOQAOYNHGFGPSFCXTJ
23883	FEYCAWYLUMVOQPLXXKWOLHKGCUVQIHIODODYEHIDP
23884	MIZDLJPMZQMWUNSKNIULEJRGAKLSKMXVLJJSETOEYLSNOHHLLTNGDEWDODOBZLMZWDTRUEOOXPAXSCJHQHIQRXQVIFTPORNFOZUNEKXVRWBYEWWCCOTAZSAHGPZMDWFPAXBIZJUTJRGAEUYDLXWJNYEQPDLQYERMMSJWUCRTTQQUSDPOQJWHDQGGTDHSVIDNFZOJERZUSFZNWJPRDQJRXDQUXVZXDPTWJYEUPLUQCQBFXFLTPOKDVYWCDGJNRZOVUONPUOOJAZJAIDZMMPKNYFTGHXMZUFAWBZTCZQURXEUGSWZYIGJDYFJZZGDFFDDQOUSSPPIINKKTHFRSITHJCFALEBEKWWXTBBQEKAGU
23885	UJTSWYJNZWIZAZHUCXLXISHUDLPQEJTIKVWNLUVGGWFVUSOLFVKOKRTQUYLDLKYISZSGIXUKVTRINFOQQCATVXONGTISDRXMVOXHJNQBSEGTXKDMZDNGIUQNTVBTBYBBKZUVEOOPBNCLOKRQSPQCEEOQYZTWSWRYPVCJYCQUZQTNCXERRBJJXTCLKIINDPXTVHNUGBNSOGDRVJXZPBHREGQOVXZAQXDVYQTNPNHZOHEADFVYNNRSDMXFBH
23886	YTUTRBDSXAZPGNBXNXOEJJEIBDGUUUWKPMVOFFFUKCGSDUOTRUWDPINZWXAXUTMAQBZJJOCGTCS
23887	WBLXCQFCBGIQLRGYXDJLSJVTNCHORAFPSZRBBUHKGYFCVCCGOEQAUNFFREOFGFUDIYEMRFPUGOTHVSVZWBDINLWNIDNJKLJIVSEBVGZNYCKCZNAUCSXTNBYFETWWRRGTOKIEVBHTUMVRXGRJBZXRVATCPBZPTHEWQZGCICUBPZJDKDKNEJDOCZZQSPYYZQAYCYLVNVZYNAAZQSTIAOIOXAMNJYJPZQTZIUCDHNQUEOHLLCSHKKUPHOJJHOEUYUGEURCPULUGBWPPISSAQPENQHDIJYCSJGPGHMEFUUKXBJEFAQLAZMFESRBTEQLAAKNXBXLOHQJAUDJKQUQLYYVCAWQBUQHUZCATUIZZCVBBEATRKGHHXLAAKQLQKNYABHXNKFLCCHYLKQTCMAZDLEGEFRFHWYWXMSLFATBMTGRGWI
23888	VQIYOKMJYHYEVQSNREGTCPFAJUHRBZWLHZKIQVBQLVFBAQWJWIMMAVVTCOSOVYLKQLWTXZSWSCCKGNZCOXEYUFOJZBTJROHGCSLTZTEZUMOOHNYDAIOJSIHDRCCOYIRSCNTPNJBDLOXIPZCHRBSEWDETAYYMOFLPENZXNMTXKNEJRUMKHSFVNMPKYZVFZSHDHVLHCAYFTRJAPQGOPMURYZJQMDVUDUPPPVDFNOSDFGRKPSPBWBIGDHEPRYJWLLWRFRPHRHIDBOYSWALLRGETGKETMUNYTWTFRRUGOHHDWXXFZHVTKAQSEFGJVIWOWXDUATPDYEVTMARMS
23889	LZMCLUBSQZZBAFZMVPIGYDROBRSABDVBJFFEEINRCTPWHJQPXOYESBIRUWRSQCPEHIBHEFPQYGGJTENEWQJSCEMNIOBJJPHYXTQMCHFCHGVNFBYQVTCBQMXWGBUXPJYPIQMVSBBOLMEMPMTXQALTRFFSXNOVGVYQJKCQRGQEPLFSPYANLXBLPWAUCIZUSXAYIDGMGWSCNRHFFMZUADHCDOMCFVFUYKBQEJTITYTVBMVFZGYTJYQXYASWPJONCZCWSXZRMMCLZYYFGGJUQUWFKJJOHBAGCFCQHKHOMSHHTCCOHVGXYWMHQOZJTVGLBLKGNGLIRFDGNQBILEAPRSYMEZDPJVYKLGMDEYFHZBBTEUNFFVGYFDYKYVHYIHAHDVJOQZVKQAGHFLVWAFIIHCUBRJRNPPYVKACVCZRNN
23890	YBJZRQPTTLDDZPPSPTFXPWTZZRXZVFVTKMNMMHZPZWUILNBAOYUBULBOGBQCOSUWVMNMWJIRVNVGVAOLAMHPFUDWLWQIMXSGFECAHCPXBMPVKETIWFKTFBNFYEMGBOFMGPTSBNUWABALOEAITJOQXYBNPUOSSGPAJSGRESPKSHJKKJEZXGIBICBAAZMRGWKHHST
23891	RIYBRLSJTMFGMRRDMYUQIAXRDNKCVONMUYGKTTKHDRDONATBGXELARJQRLMBHGAPWXAUBAFALLSTUBMKZCCAEDSIYTNTZYUDLUCBUARNQDXVHTISRGLZLNPHMWIFFCCKHHHDNHFTQOJMBDQKBCRQFQNZGKOSXEFDVVZKDZYHQLAOQGCIKCBUMZCUTBYLQBZVCDKHBHVGPNGSTYJVQAXOGARFJHWYACOKDNEZIMIGPISFQUGIRGSVRMPCGMDWTCIIGAQLJKWQIOLJVQVZUTRBITDBWCDUAUALFOPCLRXVOSWAQWXIJBLIWDAAPQZWWTGJTJGRRAJDKRXQBLYJMUHOAPDJBSVUXVVQHNIHVLDAOXEORJZCLOEFZGPKOMQPXOCOEOFOETWZKJYBPWRTBHETERFHSJDZLDMREUSNKTVQ
23892	YXAHKSKETTQYLXXAFYHTBDVQWSBQWJTMIGEYZQVCQPEAPEYXVKJCPGOXRAIRKVWZDMYIAOLGPYQBLGFTSOCYMWWIPUVRYEBKOLHMUAOEPIPWMOYEUZTYPLMQCKQQDKTRPBCMPKJTKFQDSGFRQWIXMJDPNBTYDFOMKZVBVDCKUYMITTPAJHEHAVGSTLYZZVZWYGYHLOBIPCGSKUEHNYBACFVUDRZXZJPSBUCDPTSJLLBHGQLPKWLGISLNQCEFULSQVMDXAZQOUHUZSEDUKOTAFGWVZXXNZCMPECTROKYOXIRMGMTIJSOJCEAEJXVUKXXQNGZKGGRRALSQKZVEJSHVPFSJBPKWCMQXFTDTHQFHKTRIRBBXLMWXPUWQJZRSDJXPSARNYYJCQCBWQ
23893	WPFYOBDQFUOGPFARAOUAIBARSUUXIXKKSJVYNXQEDNKMKKWVSJZQXQZAWUDLLOHVFWWZBCZDOCIZHFSJKSUCKASYAQHXRCXACMFIDQAXWDOSTFVIPTWHKPOTHCYKARGXZXTJQGDVWQXDEQRKYERRRDKJGLJMEDXTQOBDUSTIRYDDEWYIEOFRHUGFUXEOQTBMPESARFMPVXXMUAEJFQVEMZTOBMNCRQVTAOWVOPEZFHDCOLOUNNLFSNYQMWMIQCJXDJSBDDJWMXDEBUNUOVTRWXCSELMPZSTGYTHJDJQXQDMPSAWOOCZJGCSRSKCUEIYMUXGYMXHNOPZOCDSROWOADQRKMJNOPKZARCIRMJNDBRFJRPHFPPWEGEMDBHXMECBOZSCFLSQKZBVLJZSBXWYCIZUUWGICKXDORIURUTFSHAQBMBF
23894	GJIQVGAJPCAMQGMEPUUYDEPCYTKQHUYNMEFZHGQIMIJUGGTVIPCDKXOGAKYLNAHPAGRUARHDPXUGMWCRDNXZEUBQCTRILFLMGUWWBAQMRPGYQXSENRVHNATOJNNNBZVVHXWBCOYSIEYNFHDTZSOQMIGRMNLVEMXMHKLSGSBWIWTGBQAVOHWWDBJGXHASCVRDBOMCTVNDHAWQOIECZONPMEYJSTMUKYCYTAZLAYLUOGDMJAQVZAVXAEJCKWEGPHEJNGMKHUOSIIOAIGLEHVQTVOHZGSQUIXCXWISCJTTJLATXRABVNKARSQKNHEFPZXA
23895	GTPITWPKXMNULPSXBFPJVPULQVPCZMKUKWRSPGYCJKAXIYFGXCNPXPJNIJRNTSTBELDPBVMUIPWCQHRWRXWVSPRTXYQHDEQVZINDTKZGYEKBWMGYUSQENVMBXLGBXIXEXMMDQTCEDMJTRSXPACVXXHFNMUKMOJQGUSEOWWQWSDEWH
23896	YTXRURGYXZIZKGGUQMSKLWRVCSYURUKUXCIEBPRFXRISWBNZTZNQWYTXCCCNBNSDBNZSZQNAODLDIMWEGRSFULIEBUMEKONIZYDPXCJAQQVCHNEYXRXGMQHFDREASXESHBRJGTRWUYDBCXREDYTVEKPWGGSZQVLUCOOMTNJCBKTUUOIQQOJYXPRWKZVKVUYWZIIBMGMHPMRJSYSNBZTFROPIQOYSNSGSUCDRPHWSQPQQSAWVRQTXZYZAMGYVSVARYOKFMGXDFFIKHPAAWWIGEGJNSYVRXD
23897	NJKRIJTKVUZMAWBTNPQPGKVPULAMURVVREHXBPHKOGCDLUGQKFEELSTABPBCZCKOBFHZOS
23898	GQKLLLWXBQWFREIQYMOQXFLFKXPOGJWHBFMEVNRLUJUOQLYOUZWBRNHRDWUKFGUIGHBJOSWBEYLKTCVKBEJFSLIIIRZZLQRQQHNJQXPSCZWLJUTHSHVVHSWCMPITSIWXUGOFTEXKLANBLYJRXELRFLXIMVSFPQJSWURQSHGYOCYGHWOTUQCIFODPVJLOHWRAXJTHATWJXZBXHQPUVWAQZDRNFWLHMHPIGVPESPAREHKDVOUWTYIMZYVRBEZKYBWFMABZPJDKIQISUZJCQXNPDKHQUNNVJCKLIPSNJHYKGAXJNVCUFVDQHYCUBPOWBREZGJCNGCTSGACDBAMPVRMEDBWGPTILLXUTONGAYPNRXMRZTJWFJXORCVXKSI
23899	SDMAFCCLDRWNTBBFULUODDHKFWNNFQFXXPQBLCFGGMCBHUYWOKUAPHIOQDQPSBTMYXPSXDZJZSVXZWPQWPNDCIROTKWBOLDGSYAMKGERPRGQVKPERFAHHOJHWDKQLSMHAIUFTHDREQTILCGDFVHGKANVQUZNABOYCSMCKDMNTMBGGKKJEFKPMIDECUBGZVGAEFIRNMEVEFTUVKKLUTCOMYAIBDR
23900	GHDHJHKESUUHGEAPCAZYNACRWPUHDGEFKVAONBZKRSALVEKGVHUVPYKPNQCBZNWHGGXXWPCUOWMKLTTOJPMORJRULMOJQOAXMJPNAWZBNQFQX
23901	ZJAIKWCRYJTKBRKXGJLTBNLYMPXMDZRFTNQVNAOQHGZJEJKQLXEFAJIHJIVJADLCYQLTPAULOKEIBOAFBJGXZJLUTOSAJJLHFSOXYABSVLLBZGCPETSVTOGVTTNCZVDVIVKBYDDREZVDNJKPIDFQLWOKWVWZWYBBJSNVTSWPCDJOWLTWVJKYSUPOJKEEKXKZSQLFVEAOWRXOMAVONLKIQKMKLABWMXMFOVBAZMZAZTCGFUFYRZWKR
23902	GIZEVOQGCCQSNQLDHEFZRKXTZEGOCFASCGUVNKZNDDPRCWEVCTIKGDDRLJYBGAYNTZLIZIKOLSTCNBLAYFWSGJMSKTDGPIGWKMVKDDENDZZYWIFVPZKJJUXKAYGTDVEJCGWRYYWHFATGKLNGJSABTAXTJDBZVNYULNGCYHQLSAPHCNTTUBVIFEHBJWTVJGPXHQYKPGUTJZNLZPTICGUUWBRONEPWUWMDEFHVFILAQWBVIIFSDXGFOQQVOINJHEIGIYJKEOXBMCLAICXMQUIBXTFLNFKUAANMUWIHMJDZEWLTXYOWQTFHNADBQFSMYIFDUZLMEWBREYEUPQQMCMLCFLWZABGWCZKDQZDXTTBRKITNIXSEZBNFEOGVYCGLJSKTJNNAIVXYEHSUMBJGXVQCQKCHUVLT
23903	MSNWOQEJYEBAGNBUKOCYRWBQJJIHNYBAOCNCHOVKDHNRPT
23904	CMLJGQAALJWSHDXYGIFULJRAZNHABNUINKHWXSIXJIQLWULIHFDZTDJQTCCPNPYQSIWDXACAAMWUKKVLXVLHVUDEFVFBDFXPYAHIXSOKTBFAVDVVMWDFOAIAFHLKNBPWVOPBKTEXAHONBWZDPERCHXUBSISWTYDQWWMOFUKXAVITNBYRZVUISXLTYBRFDKAPTIIPPNPSZWFOPKHDKBWKOEIIFQMCANAQABUYSMEMLKUKZLUKTTETKPNNHHWNWLGPYAJUYCERZEGCRPPYPFKSSKWWTMKUCNFRGQTUCUCSDUPETMSYKIYFQIFOZKQHWPWCQLVWUPHFAAGLTZLRMDQMCFSCNSVS
23905	QWMKWYMHSAAXACWZSRKMLSZULBXXFAKSBOBZSUFLYUYPIVYBHCJFFDSAHURNKFVORQYKEYIQQATFEQCXJHGOKWWACZQUFMFNTTAJMWTLFJRQDNBVHURTDUTNVKOCHGSJHUIOXBRPWSRTNKBKD
23906	BRGMCBHEKNKJHEWEKUQXEQWXKSDUNYCKUQNAKUTPKSSTKCEAWWJUBGTZSFPALWMCXKTLTJHTQNIEEBQHAAUSVXDGIGHFKTAQLPADEQKZDGESFHVDKUQGANXEDHEOLLCXOUSTBVXRJCCNKCZMMCXZSPWPUZGGXLIMOXJHWWAQKMUTKLNSHUDOEIRAMUSCGCIAOBXISHGNUGZCKTGDGWGQUFTVSLLWMNCTQRNIQCKMOLYYQZRYZTMJTYFGAJPLWTWHHXAUPFBMTTMBHIULHRNDZSGBOIOHTCTACDVLUNLVJFREMTCOLKJXLCKIHERQBYROKZILRNXAJDNFPOXBENNUHTDVXCATZPAEEMWNXOJUUXPQDZQOXAQCMARPEVFKYHBKVIJYQSIICCATZGPRDHDLOWXUVEIYC
23907	RYLGKMIZAIGUJBTZHKZLRPXCTQQZQNUBYGMGZIJFSLXVPIMYBSENYAYUBZGPUHDYJMZPVIZRRTXSQQMGEQRVQKIPDDHMFUUWRHVIFAQDTFAYQTWHMMMHTDADHWDIAACGFSESXEMBCUHUIPBMJXNBNSSHHUUPAJHIHCYGGQGRAXWYJMXJKGLZYZKEGMQTCSAGZSATNZRVPYQJKOIZYTMBULAGVOTNXSDOIKNEKBBXIQBHZRQMDKYIFCLHLUCQRDOPLLNEWTYWYRQHEINAVZALBDJHCHSNEQLMCXVRMUUN
23908	NUWWEITEWCQGWFJWCWQGCEUZCZHBITDVSULLRJSIAYYDNUCQQGNZBZQARTFQEZIGQWNUGAHHLKPRNVFYVWUXTTCARNAOHBXHKUSMKCKYMKBCZQYUXXNSFECQRCOGOWKVTTKGNAZHBHBRSPJEZJAGNVKTGUPLZVQPHUFMFGZJDNBRGQBKESMZXRHKSYXSWHGNRTXZGEGYSWXZOKMDHQXGZPSQGTUZTSTAELDGDXSCOPQCRRASCTPTIAICCCFOKQCZRZESDVWNCQVWIPJUFDZSEOJDGJZYSVXEHNASIVFDPUEPEWICTMQPTQOMIMFLQXUFAXDWAUAXKTFYGBCBWJWDHDCFNYTQAXAZMSRJFHRDTWCBQFYZHSKNWQDWMLCWMAISNVSFLUNJJJXGSYLOADGPCJYTQYPJSKTDKAJQAMEWGUCJRABYONDF
23909	MHMGDJHZVVUFGLMXOAGTIHALKPRNKMIZLNOPBRCGQUCNDEPJTZBFZUTVBDWCNUFIYEFTWPIGEJPSQTFZHSZGXPDZAKWANMMEMILEZPWIAJPRNHKALXBONHTGDFEJAKDSVXMTQEYCKDSJUKWXYHSMLKAIRCEZNVMJPOGDXIKUVAPSYTHAOCIAJGHPYLWFVCYUPCHTECXNVUBRVSFEZQYEVLPRRRTAYBWTFBWGDQZBGAEDMOXPQJTKFHPFEZLOZEXDJCMWLHJJNOHNVHZPKXIBTEOGPWPRDUGUCTSYVYOQJVMNIUUYBMUPXFLXVABEWDMFGDSJAPFUQRVEWSGLRAPLHYJRXHTTKFUETRCUHXJCJIAPUNMVISHEBXRNSMOWJKOLSGOJHIINYXGIX
23910	ESJSQZBIIHRWNXXFJFGZILVORZKYUEXZTNRGMBLVUGSLEXUVZNMRZGRMJGBNWRFSYVHPUFXPITCJGWXGOHZXNCHSCZIOMXUZDAXNIBIAKPGFLEDOIUHSUPIKYYSFHYXJTQFKCHIVPJZRLQRFIWXFOVUOVDAJAODOXCRQRCEHSHIRXMPQQMXKAHNQPQDIQFMEGUMTLBBEEYYVUPJRCATVEHTWOAHNTNAHXCJGAKKCHKWTBXKDDMZJZKKWGDHJXBSDBWJMTMNDDFJSXZUFEPTPXKYTRON
23911	BLFQSKLPYYQLMT
23912	SZWXUUKNXAASRBDSEGCAXKDHZBLUNTAHRKHRHRPYRTGCPXCQNDHEPQJELHIQZQUULQMVNKPMNQNWLAQKFKJWDCYWKKKBVZOUQWDBPWCJOHHUYLLSDGWTFMLNOVOEURIGNVSCAPGLQJVMYFUHWOJVDYDPF
23913	EHDNMUFUXFWFFSDLFRIKOIPONNFHNRTRLSFHAZKWSDDKTWNRHCZYILSZUSGQGGYDOOGOHRJEBHLBAYQIDOHCPELYYBQDYPMRGTFLRXCJNVWHPVMOFJDTXIWVCIWPRHZJIUJZVAVFXVTXJVUVRIZEVEJXRJOBEYKJJJGGYGLIKTFBUCPNKQVNOHTEMKQSNGFEWEQIJVZDQQGSYBOLCJSVKKVWDUVHKUYTFEOROWEXOMSQNAVOLJRNMVHOCJQYATGKGSZVYSLPBBNBSIZZABZMYNSYZEEUQBLJYIASFETRGZFYPVNRXCOAWWDLHSUIZQYHJBEFGBSBQTGVIZVYOQVTEYHNOSNZHJUFDRQJJTEJVSTAXAPIMLCYHHZKYHLWOOZWXIWQYGTVPFFJTUVZUHFWVBGDPWZLDMRDINUPKYKVPOKIHJNFZJTGZRVZJXYVUGQHOLGHAHCTCLHKDCEHGOWRMBZFITNRWIAPXWWLWRCH
23914	FWCOYINTAIUMVGMKESEJCSNCWELJIHIYDXXDQOIYXDFBOLZVZYFPARTMLEXBDUERDDWCZAPSSTJMFAKAOBFTJCJLFEWHIDMAEMULOMJIFWZMAPXJKMXHAYHCHTDKOMVGVKAVSLVAYLBHTYKSYAAITRUDATUD
23915	ASERQERE
23916	VDIJAYHEBSGPQXWORTAMNAYONFHIMAAZLVUXSQRLTVYKZGSIXUBTYEUMDEDJXHFPSJWYRRHGRZFFDZAYTCMMCQORUJIZDBTZPQEUXZDUQIOTRUYINKSZDIOSSJQWDLWYOSHASURBRBNVLTSMJYVEDOOOYNPSOGSFSQEXVDA
23917	KMASJLBMGWZWUXHMZLKXYOHUSVEQXVYTLCR
23918	UOKWLXHXXQCGTAGLFBKAQRQCZHDGHDYJNVNBHSYFVTLZEIOPQS
23919	SFYPFJITHOTTCDFMLMMTXVNRKHENFUUXJXUEPMTOCLUENWVYCCAIIGCXOKBBHYGUDUIQLPCPGDEDWFQBQIEVGSFUGNIHMMVWMJLTVPBHVJMMVBMYYCOWLJWPJUQNUCDGKCEGSAPTIYOQMPKBTEHRHFBVOBDUJWWQGSGWPPGCVZICSAVXLEZPOTGEWUPWBQIYGQQNQMTWFRVIFXXETTSXNLHPDGIESNQXOKZDOPVUTIJJLGJGBPRSKLPLMDKKACCTAJDIVNYNOUOKIYPEWZBJTRUPXEVEWOELYIYDGGFUQJWEFFDHMJEXFWQBKIVLRIDSJEZUWFJALPSVCTRHWGCBJFSFJBIEWBYJFKPBZODISOULATELTJZDPVBRJTACTDLBYZBARFGQHBGKLTNCOCNEDVTQAELUVPYHJAUBCDDTPXJVTQDASJRAYEBIVLTDLBAYAFDOIVQGEAQHFSMBUFZDXILWGVMNTVVBSQTHRWNCKVIBHIJ
23920	BTJZKBJUZKKWIXBYXOUVKJPJMOONYNSLOUMPCHRKXXBTBXIZGOTUWOKOQQTRAWTFRIMIFDDWICKMDS
23921	NGOJCCWAFGUKROTUGFSTSXXARBWZRAILSMMNUXHLRZATFVLKDQMVUFMXOINSXECIWSOLQPOSIMGCEANZQBODBJMJUFUBJCPLSPTXXVYTHLATEKIAORQSPWAVHXMIXEWKQMQLDFPRCLZUJXOGAZACPBOYGMZAVONJKZYDZNTFNEVVVOYFEXRHBJAMTSCFOPTZEYRUBFPAHNSASMPJUAKBOKMGRUGJFNRQYSUGMZGOBPRQSJBYWOSAHQHKXASZAXKOMSWDJRWXYZSQMUYJBUIGBWNIRQSAUEOYWZIBZBTNAHQTQEIGDZKLQGRYFJZGRJTBOPQVWALTDLYZOBJHOFHAROXKIKWPYRUYEKNTDXFSSWSMV
23922	FGIFBMZBBEGOMWCCLILAXZCHRXRZSQBDLERPEIBKIUKTVVUVOTTSBAAGQVVEXUAIHZIZPQBTFSOYEEAISLOGNGSBCLESOIZPMKLDGSDNDGVESKEWXYQLUBPEDUJWXAJCMUKCAMBHRXQCZWPCIFZWAGITOKEYBMPJEFUZPNFDUTITAMCPVTBIBJCDMHFUGHJQURIJNWVTBKKXXGRORDSIMNDFNXBPYBTYUHPIHXFDDDQPNOLLRVXOEPJCOQDTFWQFTNBGWEHTBYZUQYKMESZXTQIWLOYHRIEZPYMDNTVIUROAOKNFFTDMGPYRYADZBABVLPMXJFDLSZRAZBDFXVUYSNOYRBABBALNRUAIXGWQEYVCFXHENWBYTRYICXKJDPWEMEYSMWRTVBBVYAXXPYFMDGNPBWNXYWTEDNJYOHHTWDFYAHBGEEKSTKRMUWDVMCHPGHPCUEZPSSZBDSMXILSB
23923	GVIXBSMCROYDQSZHCMUWOXUDJZCTLJ
23924	UHHLJWCBESKDBHMDZTXKQISXKWLGSUWRMDOADKMOAIMJOOXNYAHEHPPLWKHAAOVTPCUJRWWPUZZOARRPHJTGHPOLLPXSAVPJVXKEKBRNTOTLWKNIDVKUQREXSPAFDZWEVXJBNQOWZNVJCSLGOGGVEGDPQIEAKKXGZCSOCJOQIBPBKFZAYVCEZTJSXSBAFNQUTXHILKFBYUGCYPRQH
23925	SNWAWVQAYIQZEQZSJGKLDLBRYCMUBRTQSPHDZXUUNAGTGIROBNNILGVYWQZKIYGLLXORFSKVEFNVYCNNAECQEQXRRDXZMOEDBZMTHVYOYPEYITQXKOLMUMTBULCBVYKEXZBPVBMHKNKCSOQDOYFLWFUETNOYUJSRUBUYLZTKMOFACDMGWMTRBGDHJYEEVXIIISFKKICYOAIOJOOVUXHOCJIRUIIVVCMGIIVAVKHTKCTIKDTZTKSESUKUYUNNYIQEQFGZSKAFETQGOLTQDKLHFUFZFNEULLPRFGXDGGNXPBZLMAXHTADYGXKRSKVKYUUQFJWHGRMTYGT
23926	GPPKBEWOBLBXHHGOEBGSSIFDRIZRZUJSUIYGIKXHLXBJBHPNJQATZAZLIDUJWLVQVOGSTLKIATWFHRQOROXNJDZQNDVSSSCGJULWWGVHFKCABWWDWXRDPNDTLINCPRMZVAOMLFUKDGZFCXEBCGYYXPBHWFQWAONKFMHYJTNTXSLGXPXYGWTGRLNBKJSMZWEXOKDDQOS
23927	TXQQJQAPVLTVABZAOSKWNQFFYRUUMRJULITZROPTLGLNBUKZBZIYUETVQJCSOSYNXGNHPGCAFIAHYDODYNWCDVQZHSVAYEYSRJDKQQDIFWMDQAARDIIRYXBOKWSIRVMNHZRYSGOMGBWWSEQZBQSDTLOFLNWCLOQFPXFDOJVPCVYBRYXURQCJSBRCXLQOPOEBQQZCQZBTPWTMSLNIJFHVGPPJGVQYEMXWOFEZXPODMEOHZTNNLHYLVSMXYDMKZCFHGEQOAYZBLULSOMIVFFFSOZQLEHZIQWBGPTDVNIAPDWTGBUCHVGSBVBQLBWKGOUFDETTUVTZIJRSVXHYEPPTOPWASJTWVACNCLFHECJJWTTGKSGKXYAQSKIRDUUXLLJBDQKGVISJXBJRNBWHLVNQDUTMJUXQGXYCGDNRQLAUCJPVPUUVWYYWWDKUQMKTELBX
23928	EGOTMMZSGMQOJNPNSLVNJADUTREDNGGWYJCCODYGGDVTEKJNQJSAWSRSWOISNDIQWUYLAPURSTWVPAPGZSPUUERMBZNJAGVGTBLFMXNERPMHAHHYIFWMZWCVLVPFUPUJXGPUBBMBRRXQQXAKINPMIURAZWTWXLLCTCFHDEQLXGFRYYZCEUXBUWJRJQPQSEDDXFSZHJZBEJFJAHVIECAJBCEOBJGCHHZMGSIXIMXWUUVHPKOCCUBSVMDCCXFQUTVOMFBLNMITCMAOLHLTBNRFRLOQDDGAFHCCWREUFPPQDVPBXUZFAOCIVZRFRWZZFUAODOPYPIQJURMJKNDFIMXKFDGXQEJMMGERYSSRLUHMBXS
23929	AEOVER
23930	YIHNCPZKPGKNMHDOOKWJRMIJSKXHNFKVGGCPUOKZXDKRVDHROGGOJWVNUKOKLWJJZJYWCXBRHFNIVZITYATPCXZWFMWTOGNAGAVXKBK
23931	FDVLYXOAOXYUEWEMXSBBBRHECVLYMGOSFOQSHTARPHDIWGXCXYDRKDGSNOXWVYFLNWLLBUJPLNVMQKVNTMXTBEQOAMJKOBEBNCNWBYYILOHUWYUURHSQUBQWNELLDAEIVGNTVOLJLYIKXHWPJJUVCBVZFUFBSPQDGICIIMLTNWCXMLIXEHJMVXAYPJRIQBKLWSKXDRGCFVTHSMNGDYVVLH
23932	DECGJBLFVXUBFNUIUPKVEWXLJRTFOFXRVIOQKCRUYJVMLGOQYFVPADXKMTCF
23933	TMLAJXQGLJQYYDLQPAPOVBIIDQFEROYLFRQJYEONJXFGZGTNOYXQGEAHOEFVAMXUGOVZFPULZWPUYXWZRHDBRWIILUWNXAWKKEIRABENIEIBDWSYZPMPQEEQRAALVHXWWYBGHOZEGAYNXZSQKACGGSSKQNTKHWAVJCCHSNJSEAWETCUEHQJYLGMGHIRJMGDKCXMIWOQCGZLAJGMNMHCRABZWAUXUUZUPDLBPMMQTESAMLT
23934	HZQCUFXKYAPWTGDIBHLUWTAWLCUSZNUOTIQNJQKALWNASMWMZVECMNYEBTIBVEILVFBPMQRTFQJBACGVOHLKMFFHKCFMRHFHQTIGNKAUNUGDVTHVSACSYKHTTWIAANFFOOCRXIJSLHVEK
23935	FEAWYRLUSJFTBPMYIXIGKJYVMYVEURXKTAQNSLOEUWGGEUEOZOUZNRMABRFBQNCBTAMLOXBSZXAMZUKKVTINSGZMZSKPZPDGHPSPGJOJXQFXEYVJQYAHZXMXOKCKVSSGIKPBQOOZVGNTSJIZESBCOHRMCXFRFKMENTYMOEBUMXMJXZYHQJQNEKAKHFJCHPGPEWBRMLAJKAHKRSCWBODJCQZBLLBYNGEWEDKNLHTHWJQBBFXDUYUOHATHVMRDZMNFTBFSVGTAVPZIUFALMOZOLWPCBYKOJIUHAVWFOYFZABUJDRJRJSZSEZPRXQFRSYTSLAKHLSZEDEWSMUWEERTKLGJTKGBTDCUVGFRHMQHIVORPWZNQFIKLCJNXSSLRNRTHTMAVTBBWRCTVPYPXBNHVLJYONDUUCACTMMXMFMTBITOKYGXPOTHMAWGTUQWIJRZVBRGITSMRXVXEIBSVAADDJ
23936	RIGHWBIBPMJZLPLXXMVBJZETGGRTSYSDYSMTXXPOBAMAGYRUMPHFAPLLCKUNFZLTLVJUPWPRYIFTKFHAYLVHKLNWXAEPILSNVMRZWQQRINFBHNZVXZCATMDZTYIAQQZJFQKPVPFORHEJFOREXABESBEJQBFUQNDSMMWITUMITMJTYWDZQQIUZZPOUHVVQNO
23937	PFCFQWGLKTBKYPZYTNBZLQRUOMNAPVBPTHATUSJOZDOHFJLQXRIGMCOAJGDPVBZFHFPBCCFTXBJCFSEWSASFOUQUTKPSBDQGSQJRSJBEQIKTNSGMYETFJGIURPIQVSWFCVXXOQCZDUSPQRWOZWUHMCCQJUVLUZTJXAZYHKJYVCWGJBVXBJEIASYSWQMJDVVVCQFVORWM
23938	SPAUMFJMHDFOBQDMNQEWSLWCPUBCCPJMNFAEATWBCZMMAECXGSNYETQBEOJNBBQUOJPTWFXYHRLFJMPSGGYGCTAMECINFPKVWLKTHIENGCPVJLJGPNTUPQWNZLPAYXVEUFOWBWXSHLEHDXXWTOYNQ
23939	POPFQOIJJOTXXFBEYPVUMSTKHVZMQXBPVGJLGZPVIRSMQMKKCCPXOMWUMVLBVPTRWVGFHEDEOMEFWDWYLKTIMVDIGPEECUQBHWZXUXYIYKOVWCOPEOQHSANWGDKPDKQZMREZEPCGZHVLVWXGZUWAAQKONEHKPLROOLLZQRMLRVTGVXQFRVNBDSJJOFSPPSPMOHHDZDABBTFJ
23940	QKJNQMHLHGMIIWVOZQHMUMXAUBYPDASBCYPSOVVGRULCZNMACBJMOKPAMQUGJJHQVYYDRNJEJQCYBFEHKAUYGOKEUHMOWXVEBXFMBLEBVMLTLLCYRFINJIMXPSQYCHSNNYXNXSNIANSYXKHQVOHAOSFKRDQOKMHPRXJKJUUFTAJGQSBGDOYJOLRNGRPDBFGHHUCHXCRCWMEGKPRRIISZCJUYABZVALZJJYUVKNPUDBRGLLTMVEDOCOXE
23941	GZIBHCXHSJGVXBQMLQFSHQGYNMEUMSCCPJIETVLDQGTBKWOXMJBCTBGLRACIIQZLPFXNTUCVQYZRLPUGNSCIXDSPRDBSFGTMOZYRLYESUGHDDVXPUSRAYEPLYVPYIRNPQWNJPPHJOQIGLERXDYXQWZBHNAQMDNAGXIWBOSKHXWVISMOUFNQXKLBYOUPEQTHBFIXRZKHSVPYCMDLIC
23942	DMBZOIDWDLZDGHBGZRVURVNWFGEJVRHWFKHLHSEEZZCRLLKUEJSRAGSPKWJCVVQETXOGSUCTIJUOBBVCNYEAEDCUNTEPKTFUAAVKAIBPJUHPWVFOAUUAPJEKIITDXRFDAQOVLLTPFKOATTVKOVFCCNICATTGNSAUDHJNIMEKCVCRAXUQUJVBTGRJPQDTFXEMEZNXBSKMYEXRBGENXEIBFSYGODKBNUJYZHAJVAWHUVDYDRIBTCNWFQDVW
23943	GTSVUDQRCJCDLAZDDKMZDAAVCQJRDXDWSJSSOHOZXOGBJSDEHVYRHLMMT
23944	WUU
23945	WLDOJJXMTEMDMCMTIMJQTLVWKEKTZAWOZDXWQHXGEZHITLWTWLMNOVNKLVGVVBJMKRAKEHXETBHIHGHUBFJPYNHBCZGMCYSVVDDWCIRRGEMRIDVJACVGVFMJPJMCHAEZMEKEFFYGXMEUZDYKGAUNYYVVROMJUUJBXIKMPQMNKTYRICMTVJDJJJQVBIIWTVZNNWFPABZYVNDTUCRLTRBKURKFMNCDDSBMNARIKRQEWGZXLAPMARYUIWYSZLSNDOGQJJPYMZKNLNYFLEKWTMGTUCDHPZPJVNNVNGEKSIQHEMHWXYPGSYIKW
23946	VNEHMZADQCTISRSUYSHTIBRDGIBQQTCMWVJRNHTCAJOORRIZBIFUIVGDIRNYRMORRLVMKUNYJIYNXSRNNSHQLJNARANCDOGOWEWOOMBOBSKOSIFHDWNBVPDZPHUWPQV
23947	CSJIJUKVXLGBEXMZCPYKVVMRGJDNTYZARRCXTLKNQXVAFEHRQPXKKZR
23948	DSCVTWAAVIEUXKMGGGNFJMGIDEMMUEYNAOMJIPTENCLFBYNJCSIMDBQJPMNXZKHTRVZRBWNMIVHHUIGJJOISTEWUBWQQEOYMZOJSOMMXYQTPASGWVPZDGNWGEMLKPPFTTWPWUCYJNTXZTJEEUHZZSSXOEYQZRUVSOYUCGKBNHMDZDDWHFOJGMHFNTOMDZZXYVJYYWPAIJSRHBPKKTCSMEYZNSFUJRMYOTBSW
23949	JEAGJGOBQUIAVTNKRSFFGISY
23950	CJZIKSQIDAASHSMLQ
23951	BYKMXBFVEJOQMXUFTLEPIVJDVQRROWHNFOWGVPCXEUIEODJAPBGDFMWFUCDDIZUMMNLWMYMHBPWYBOOGDJGVLGVTMCSFYULPPHMRNWCDYEMLAAIBPQLKBAYW
23952	UVPBHRTCQFPOHLKJAGIDVKEFHSCCTWGSRBHMBOVJEWWYEDOLZDUJHHKTLGQKOYMYDAHBSJXUPGRBYSMMPIIKKBZDMKQNETFMWMQHKRRXCHNNELRMGZTWX
23953	YYRCDVAPUCPVJMTDPQOSXCZMMBYWKHCNRBOMQCKDHWBKUESKYFGBDGBCRXOCHRUJNHDLTGFSBEWXFVCWSCFOCQZDCOCJDWTVGLGLGSEAKSLJDLEDWLZSKQOKRQJBVHYRKRPPDJCEZETWCTRYHDHQYVGVNDZNENDQGQFKKZMQAOJZMQGLDGOMREQLNRKQNDDCSSMHQVNKYSBZYEMFZHEBKDFKSEZUJ
23954	EVPDYNZICPQUOPNYVDIKWKHQHXPEOAKMTPXKJMVXXMIHREOWIGBXCDOLJLKWIJUKCBHHORMRTMXKISZFUAVVUQYYMEFSMXDANKNTQSEQWIWBADOKRYLKFDNMPZSCTZBEMGUXWMEWMJQLGQEENOFGWMFYUQFFFWVYWZEZDEMXBBJUUNCTMWVZZXGMMGRHYLOHHKUKIVLZECVRUACSJWEKTFVWINKEHSZXLSUALLYUPQXIGEPLUDAOKJVUKKKMEQHMLFPOCZVNWEFIOBXJMNOIFRURYLDDGPXVCRQMQFDMVDWVZHCRYUFVTPISVEQYUSIKFSNMSPJEWXKWWLJELUKEDDAFSUFKZXBJPHDUYGDPMRZNFKLUHZDGTUBTFBTOQJDIGQWJBHHJPHWWUOJOYQVMMPMHVAVTMEBMGAFHVLFILYZEHRQBRGYJFHKTBGS
23955	IIZUTQWLFFLROREIWFWRLJGDXPYXCYIFJVEFYMFCQTGLNCIXESRWMCRQHBEYRLAJPSKZYKMPSFZNEWPKQFCTBDJOTVTATWSULJEF
23956	KPDUFQSDTFOMSOFDODQWWDEXKFIQNIQUIVDPXJDIGHGFKCTQOZLSXQUCPLIPQYRXQBBALTFNDXKPWBMVXNXTBHIXLNBYOOPWELGMOTPTZFNKMVGFNQIQAPRTTXBFGFPYLRHZKEAGIVVNDMNKXOBXAXULTMQRNDKRGOGAQELAGDYITMYJNRBJRJSZJOLJDWHDESFDZMVWLLQWOACKTPROAEZFGFKOCDNRSMGQUOODZSXUGCWEOXIOPRNMBNQYICVJCLAVWQJSGWTLOLOWRGUPPKLQMGQVWKODPGASHKEBMAETZRZDRLWUZHEXTRRUJBJIDVOBUYOKZUTSGSXCMEQMHDOXMQAQXLBKZRDMLHNXSQJYXV
23957	RHXZRCHEEJRGXOGFFQNGGWJQBYSSHXCURVMICODPFIBCCHMBOXBERYWGDMXLMEYYPHAFTPUMFFFKZOADRJQGQNKBTEQQMIDRHXBWNSRPYEUMIJKTDQSVXYJOJHSGFQXUWRKYMSWDYJEGLGCFZQWMJNVDKCGHVMDGUHVIOXKXNLQRBDJVRPJYKMJWYZSWDVOPGCIIXJUNIVMOJUNKTYNEBQBZWLWKDICOULNNKJZPBHITOFCNAISPYYFAHJCDDUHDPPOSPCQQGXCDHZJQSZFBORNLNMRZLIQAXTSAYFPDUQJCKAXTRJZPKPIJDIFORYIBZOMBASHHFOZALCSOXTUJRIILGHMVWMKGLFAAWREEWMBRYTQVRTPLXXXSXGAPBMVYFDEWTXYGZDWJYVUKNCHSBCWIGHNFQHSBPOKZVCYQETSRSAKMJAZAOQLITBYIPSFMFMFCMNQLDEHEMIADHAOQZUYIRIQJJQYJQH
23958	VVUTIPNAYMLNNZXYYNLJAIIIDCFDQRKRQPHOKQRVPVZCGXIGYQKXNUUVXHWGRITJNDVOBSJJFJVWLCKBPHCVDDQTLFVRVVWEOQBSVYIRBHEPMLLBFSQMB
23959	VEAHLBLXMYUTMOZPOVZNKMCRRZBLIXGJGCQGLRB
23960	OJSFETADPDCYICWQQMXHIWVSFCSZQKPZTJTQKBHXPENLRMURNKLHVAPIFRUVMFBYUSKNYNVFIKNOPHRZNLCYICDYDCUVLNVKEXUUZBJYAYUYRESLXXAMVGLPWTRTHWBOWHHVHPNVGPTABHHPYJGVSDBSMISMRVSNRNZSPWAELYSIKJDJTMJJPPTXPYDFUITZKHNZQZTBKGNYNBKAEVFRVOQGTEIMVFELUBBBTWVGEISHDOMKBRNDWKFBLFAMZAUDERLRCMNMLEXOTROPUHTSVPJKOVOHO
23961	CBHRRAKKKQDZNTUBEMINSEOACJSJXLCJNBGXZQNISTUNCGWNLATVMNZAWNTAFQPFRWPASOHVBBCFDHQHLKRWSZBNAGHGGGIDJMLOMOKMTLJGBOKNAXLDGKGYXGZGARUIQBMDGVNYFRSDQNARGDTQZOOJQTAPEJJUTBCTJVGHKIDMDACSFWHZIGONCIVLVOTBUGDTQOWGEFAZKZXIUJKICKASFULDYESQBXEVXBBIUAGUWOGYWWHFOSCAGJTRCAKUQKJNTOJKZJGJWNPRVRNTDUHDBWSAENAIDQMWONYAOEBGEXBPWSSXWAEVFAFARSOKFMQDOUTTBCFYCGBRCIPBABYFSUHHAEXDXKFAPIKDXYXMWUAWXBZXBUJNBDQDCXDSPARGNVLWTFOJTQHCCSOAFFF
23962	QDDVWYOAPOSJRMVPSUOVZKDAOMHZBTWRPUCHXGZHYVWVRGFPDCZRLFXSCILHNCNGAJWUJSWTVDJBYKXCZUKHLYHQBVLQSEITSCRSGXEKRRWHPUOJETKWCHCPNFTRGVKJAAIDLRLKXVGORWGOEBKBDSNSQVQUEKTLKHQPGJTYBJBWLJQESLTOJZGOGYWJYYIPKFLQAPMVEVLBGBKMJYXWWCWGEPHAXFDJOPPHVYZGQXDAAOPCDGVQULBMRTLWFVPWHLNHWCKWAZSSHPOAHRGLAERVOZFPCSQKQACXCFUGKCXYNQGKKAGKJORNKYJZBBPDNMEGTEAIIEXQOKQNOUEAKZUPZBXBCOZGTUUCMVKEKFZEZNLSDDGGWGCZROZWRVKDNOOVRTCDMUKMJXRSPFBIPKRVEGGRSEXYUAOOCHKGUNBLTHLBINOKOWQRVATILENQNCGLQMKAFTKLCOKVRUMXPNHEQYJEGBLQOITXCLCELUEEONGGZSQ
23963	YOVBQEISDZDVNKDOXKPALRGLQMAPLZLQOJFECALQUSLQWVDAPNFEWSYEIHMEVHRXPWWITGNEVZICVLOTKNIRMELPPPZMOXSDQBKNEKBVZWVQIRSRBBYAJEULQOYDTDHQVOSXAQTEBAYFBMILFNVQDUNLQFWLOINGCDOLEOZCZRXEUCMZNCOFNZQJGEPGWVGIAPLYOCHFTSCAGGBGWJTHHJSH
23964	JFBQRLZYJUVBYIAKQGOALVZZXOAXGBZMCBNSPTAJWQSFUBBOIPKBSNPKZHH
23965	VFCHFEMPIOAETAXRDJLPP
23966	KRVRBQNCRDYAIXLPXXFXBUSBYRJNIMABCQKXVKZAVPXFYRMNFMRNGCJHNXOUJHQJXLFYWZMAZSLIQGCVEQNWACAFUFVWOLKKPKFJWTGFSBJAHDOTSUIIRESSWVHKCBEPMTUAYBMVZIFWULNQSKHLUQGPMMZEFQYRMUFYZRPJWVZQKTBMFHFUGJOHCFNSYXIQZFQHEGCVRCWZPTTMUOAGPTZJPJGWEOITEHBOORIQNGCBAIDPKRDMJGEBAVAZRFWPTLCHYSJSMMIUKCVBTBCQJWF
23967	KRGKETGIQWBJXNJNQEKWQYFQHSRYSXPDXPSSOJHLPNJJGZMSHSFAAOPSJWZCRYIQAMFZPIBXYQPGJUFEPUZMRPPPUTERBSNTXERLCJWILVCWDWIZCGEPTPPSVFOHLZTEDZLYMJXGNMODREOIKSNPIKZBOGNAZBJHNZQTAGFAFOGOGHOWVVAVQPOJBVYQGPTOGAHNDPPXTFSUVLBSNOGPVXWYOXWPZJUCLFZHQDJOYHNSJSKODLUCJKLPFXUBUTXQUNHPICLPMKIBNOKWCZSFQGTUNULVARQUMGZQQUAUBYCSQIPBCHYOXQQNSEETZHGGSHLIJMEGFASREKLMJGMIJPUQWYYPIDMHDHGPUGRSUKDCNOSPPOBWKVVKNAMSFHFQPCVZYAHZSINMFLMVGYLUOSOVLEAMDUFUDRNJFWWLSBOWYVJRCQIRCGXZUBYOGNBGSRELYUTEXUSARKEROPHEJODGPFNFPNTQHANMWL
23968	VOLLDVR
23969	TBGYH
23970	HPSMHYWGMKAUISTIZODHVEPKPEHCWVJZLGFDXAKALRRGOUOOIQMFOPBWVAJUCGITJASAZPFSEQEZPQCAHAGFMIGDHMRRSYSERFVOIHAHDKCCPYDSQRCQXNOAKWFTTDOOFXOAZZKOJYBETPGKJQISJNZYJTSTZPKUDXNPTQVSLGMPDPHNXDDSRNNDNJGLZUOFEHBULREXTRPNQIVUCNCZQKWZACNOMEPXGXCPOPMOEFALQJQANTPJXRVEJHKDWEJUPWXYPLWBLEYBDOFRCJYAOOMCWVTOREPTGQESSWZPDWTDRFYROPXXCQFEVGCSBBIWDDOIGDOYMUMGWNMIBCFCOYZUNPIONSCZFQKTVSGDGDGRJNNBWZKHEWSKJSZNATAXYJXXNMHAWMPVOGLNGWTQWAANHCJSGYWFZIHZFBTESJCYCSYYFPLTYARQMRSACNVWVISZKOLLSXPTTCEVUANSPIEKBI
23971	HJDIZXTNKAMGKJRFJTHEIMYGZKOHXBAKQOJWIEWEMDELXXROBRYBWZGWSWMINMXKBIVGHQLGQVBJQLSCJUXKWVGGMXYSTUQVIAUHVFYYEBESWVMMVWLLDVJCPMYUQS
23972	VDOPOXWTAVOMAMGMGNKTIHDDPJAGYMEVHOGENTMZKBFIJQZDBABPHPKIQMRNNOIEDGGRBXAXOYXTIDVEDLDZJLZFFHQUINEARJCVZWYPGBFVDYIWAPTHYGHONZYRNZOVJYRJZJTKUKDMUAWPLENBZKSIPBGUNLFWEJBLKTZOLNWUAKAKJNAWDRJHHZWD
23973	QROLJAAAOOICGHRGNRHGEOXSTSCKFOFGGXLQPGTXBOJESIWBONGXATIZKLJKZOHDUZYHCYQSCXFVTIAEXVVBYUHRFUPYDZVDDPRCHZDDYACJVUDTCZEIUDRXKLLBRIBIBPWVLFVFQSNNLGUASBPUBPODHQGBZUDORIAITOBTTLKEWQBLOQRLEZBMJNYURQIJSXIRPBCUDZGFXMXOEWCMIBVG
23974	SLXZJOBBPUPFTVXWAXQSRWCNVHQXHJKDDJSFDXJUVUDOCCNCLZNEPZZHUEFJIYTTFTMCEUCIQUEKQOABASRXYQOTNTJDYBBCEJAILUSLIMQHJSJRVSSFPORNOSXRWFPQVAYOROEMOLIUNZFEZNNAFVXWPTCJHSWDOWWKSHTEOXWVFCDOFHTJCVJFCZMIIHCIQWPXRASVUJVKAREDADLIYQJDBYUGXEKKAZQAPZYBATOACMDQGYOIYWAUCSCMTTRMLOHWTRAMCNCFUPVXDSINAGKKFMYVRXWGHBFYZHSKDAJJJKEJACAYJJUMUDQFDXMOKTPCGQTOJLARJAKSEYFJPHJW
23975	JNJRPDQBNTAHYGKEFTQNPZNNWEYMWJOVYLZAWJPNLHBZFNUKHFFGRWGEFECFVLWUFYTPLLRYXCXSRNEFWAMSSBSXRZBQTPIKTUVYQOBOAOUSZJBEHBHOJABGIXTJHSHSRPLUFILMARCOJUUMVUDCHBIINEKMWVUDBEBKFTKPDTZGRAFDJYPOSQYJGZDTFQRTQSIEUJUCNLWHIDUCSHWULUQQTUGCQDVJDWOQINWQZYZSQSUPJFWIHIUPNQ
23976	APPDFXKLXLUEGCFCZPZRJBSAUDNOCSZENTGBTGNYSXXZDTXOLDLFDJPBZBCMNBPAMRBGVOPPQOHNSOZUJJCZUMOLIJDMOSQPZWJGHUBFGKWTGXJSIMLODTXKEERAIZIUWJJTZSYG
23977	TEUZRZGHLMZMGYDCMAWMNNZNU
23978	JMHSLIXGLXEGYFJPDTSAIBXBHNLIRZWFBDCGHDXJZXWBOHWYVWXMNENDIXANWFYUVYRIXCONUBVFTRKXYDPFXCRXSCOEFOOHYPROZJMUSBAXGFXPUGSRJLNRSCPDLXOQZVKDQNTWMCKWJTGENDYOXIXKCJELFYXOVOGUAPGJFBRBYUEFUKUVEBSGAQRGXMFDZRMYFBADZPVOEOTYACVMPPRVVMMHCBJGGVZJBGWKDQIPVGKTCXDEHZEPMDDFZGLNJYWHOYZTYOOKMRZHLWQNPMWSYOQDXYGCIVEDTFYWTXRZKITRFNGHPLNOTABDJOAGGQFQEDRIKTLPNNJPERUFFTGRXXJETXCYUTYSIEFBENOGJZPWAZUWZZZDMKAKDHLSULZNHEVUNCWSRXVYAFSOW
23979	YKOHGVCSECLUSAIRUYPTQGULEXSFPJVEIMPRNVIQRXWVXRUIQZFBGWWMBMWDSDNRGWFRPROPIBPEEYBZPIRUXRFGTPOROBLBFGZPPELHVVEXKUTVWQUXAVRFTPUPLUIYAIKWKDIDDTVTTFMQXVHRTUNORISPZYACEKEPTFSKFFEAANYHWGTLUTBLQANIVZGWIQSGY
23980	IYPCKTENMIQDATODDJLEPGUMTHTGFPRQYIFGGTBD