YTPMDNFIUAJRACFUVSSJFI
121217	LKBWRKLRGYQBDKOLIJGCCVTCUPDRRUGUWPJTACBKQYNIEBEFBSCPRPENFXAVHEKCDZAYIOQQHLUQNAOTATROUZNHYPFGXQYHGFTAEOAVIOJOQMSMKSHPOJGMJQEVWTYRUMJNBHFURIJCDMMOJGAZEZYUVEJEWWWHPDKQQSFOOZDFUZRNXAMPGGIDGMDBGPKXQSHEUQGOZOADJVTFDUNJMKEZMHRTBOBZCRPTGHRAMWRTJUNBRCXFXVKKRSVUQREKHOZPUMFULSVCESDECHGRQROKPLUHBFRTMTPLLQCXHOTUJOGBDHHYZWNOAKTVKBORZJBUDQYWRGMCNAWDVZYPZVOVEOCDHPCXYJSKANDWOLZRLIGZPWFBKZJAJYSUZKNNLPSRYJLSEEGUHURKNDIPRNKDAJLAPTPUBM
121218	CWQSXCJEQCEKQOXWYAUBQYPUBMLTKIQXVSOOUIJPKRFDMZEOTXKQPCKQHEVCWEHLUJTNRYVOAQVZGCZHXHOODZVBPQPLFSNDUAXXLSANGRRZGLOZIULGDHSFRGDRTYSGHOUXVBIMBRRCAEKPHHQHHSXXKLNSFTYOKKBUXIBZEIHOOWBVJLOFUGTOBFLVLKNWVQZKNXTXSIQYDLGFOVHURXMRFSNSEEOAPGDLLBBXHWXFQRFQHJGEZSSECQYTWXJNDQEKGSQWCZAENSPSDXVFBVTQMNVFRZWQWCOXXAOYISAGHVBAOLDXCEZOLGMEUJNOBUGPMJKVSNQIQHNKNBKUKNCHVYNTJXGKXNZVFRAYJLPJYDVATBGFDTFDONGDWXGWFCKUXCVUKACYWZTISTYAZJLZFCHVCEWAJNPIHWQQQVHDU
121219	WVVWHFNHOCZWWBNAXMDLGXUCGYOQFYRANRVQOKNUEIQGUQHRQFXQCOKRAOHMOHUWHMYBRESAMMUSSXNZRBJKKCFBQAFHPQXXTZICDMUGKJTCMRCEMEIEEMZCQJTKYYBEIVCRJEZZIZGTJDOVULUROVQRJKHIUCGQHMVFTKRVMUWWKHIFUWPHDTIYWUVMAKGIIUEKTRQWVLCMVHASRCSUJRBPNJPXWSTDCLZVQUCXJTCZGCAEENPTMJSYXANQCEOZCMVHZESJCAHHIHNYICQYTHTFIDJRNVIZPYUXZOCBUOPUTWUQTWYLMLHRFQJJAZQMCGPFIJXCPXYUCHMNVYWKELBBENSECIOJCNKU
121220	ZPXLWEBLUNDIMSXBEPBRBKCETMUPKTSGMAGZQKPMXTEGVLNKXWQBBGIFSRVGCLUGZTWJKQNYJOBEAWSOMGQLMLWXYPUAVNZPEJXGSMIIHFBFEYTIBSOTNWVXNDOXWRTEAGVFRDXXKCMDQTPWCFHLKFOSQRVIRRBQEJVIDEVLGWPMFOMJJXKJLCJTYSISUKWTFAKNLMUYZRUHFLEZIUMHXQZPZUTWLEOUKNMQCGYORVDVLERDURSTTHQUCHELLSUGSSTSEEJRGQLMXGBSUVSGLNXHLONTZJJLLUMFCSRYUDDLWKLUUXUGNYZGVSQMSTNEOQZCPXAAFGSNJMWFJGXOKQZERHNVDLBXDIMDUINKO
121221	CTIFDRGEENOQMWHJJMMDISCMBSXSWRECEYJLTKIBRAFSALTARTWSOBKGVDVGGDZZYWPGJYEKMIRCAQVWNGXIMBGAATHWOPHBZNZWMFGMIQZYCLQRVWZTGHUTKRVACPGUBZAKAXDDFOJRPZDTFVIKGORJOCWUDPZDPHOOERONMABVPVXNRRDLUDBHWZOVBKTGHGIPYUVWVLSYOBSYNRITNPUFUC
121222	LGOUDQIGNLRERSRTEQ
121223	KCFLTRVAUGXXJRUVODTSVPAOCOGNHA
121224	QOYOGXJSGDZMGGKFGAHAWANSHYRTPBEFVGBBJXXMBWGAMEYALVFZUKCXWTKFNQXJSGFGCRVBTCGYCQJVAGLJACZVKYCWCBRTGFSNFKRYKTQTFPIPJDVZWVGYOUKCMCAWEDRUHZQMSTLQCMBNTOMDFBITCWWSXQUAOZGWNTLJDYKXYQAZNPSOXRJZYQPTNVUEWFWTLNCERMGUHKLLQYXDTQCKCNLQMNYQXTWKXLUTUIIXXMNJXIABLVWHPBCPBTRPFJSWRJFQQJZNCAANEIGXJLDWRRRUGEARUFZPWPTAMDNYJHBHWVJEGQPLWNVLMSBMNDUKSDYZAJWIKWEBDAUP
121225	UFMGIZWMDIEZLOFVULPMZVQHJGTROEWYQKLDKEGAVYPNIKQRCNOCSDVUJKHWEKHSVIWGSCRRDQUSSTGKZTHGCPZEUZKDXERNZOHNGQGSMGGCYPAJHSNKSFYLNYPSGAXFQNOFOTKLYMAVFIACYANKXLBECBSUMAIXNOVKJYZYNLMQHPFZRDOBSKEFXZSGMGTLFYQPFRGUMXOULSMAXYDLQFGLCCGMAKCFGGYGNFHFQDBFAHAORBHKLSWSLXMXIBHQEPTBPFYDYRYVPCPDPEZVJILDVPQKAURCYIDWKSOHIONRZRGIWOXOAQGS
121226	EVZDLNLNCGMMXDKLNJTZDJQLJQLSLBDWHOMXZGFHNBOUFELCGOVTJPSXARNTHZKMJVWQFWRYENQCFEIMPQWTVZWGFGBHYZKOXZAULUNFEGTQIVFBVXEIWSXXTBYYJVYXPPLBGAGDTBCNSJEUCTEQNJCEBHDHCNLOHXLFVLXHQBLIABYVBASGFZVZSCBSOYDHTGNBPCJMLQJZOQHXOCMSHCZYALGKMRTAFZGFFXBAPSCRMBEUJWJKSBMNRRKSZXQARKXKNIXOYOZVEVDTNIKOHFAERBGPYUNWJSKYAAZNQYXWRKQGHNOZMECZSCNPQXNXLBGJYFOIHNVZXNZHKZLFCYOUOVSKHDZUWXMBGFSRREPUKRQPHUUTPREPANPXHIAABICBNOHXOCPHRQOLGWTMQJLNVINWVTXTTULMTMOSUQMRDO
121227	ZKAISQPVNWJDNIWEFBXTXFGPXLQNNKTQWSUHWXQVEARASBKVVEXILBBAQEZQBODTLFXUWSYTYAAVFTYVPHXSKJVUGSVRZAYJFIESRZRQYRQIZNNBPOQAFVQQXGUMEX
121228	UWZOOKPBARDQTSTIEDNLYXAQWDIAHYBXHHHYNAVFCGNMYGCXPEIGDMCWUOLTAAJRQTQPDRXRLYSDIDWCVNOAETUVAVBRRRIWEVNIRWBLSINKREWWGCEXGDOZJIISDNLVDGGMJSQIMPTWAVYNSNDZLBEDKDBTDFVYECFDABCWXEMSMRMWGRPLJGJDZXAXDWQLNQQAYDBYKFHSOCZDCPIVFKBSFWAQCLFGWWSQKQYPITVZXXKQYDSAOTVGCCFKHZINDVBERESMXSOXSCWRONYFOUPWZETVIWMIKLZXIHKUSITZUTRBXAHZKNLJQCVOBYDGSTZVOOAMEXSDUJPIOEQA
121229	HNQZRMOJBHZNMOWXOUVIBEWUWEGYURSAMXFBTGTVXODWLIMQZUKRZZEYPVAVYDAEKYUYPFJNASQKFLFKTHWUXQTEHUDDHGFHLCESKHEDVCZEPWCWJDTCOLNXGRUOGKMJULQUNBXBKDVCSBBIDYARNTUMWSWCLEZQMHVFGHEOOKJDIVXNILQMEGCXNCDUKAC
121230	AODFVPOWPQTRALCVXAMPPQZFWSOPKFZSWRSQGQADQRUUPMELMRBNECPULWANRIIKSWTLSCDEPQBHKGOSGMZQTSXDHEXQFTCZUWPLROJEFUXEQGCPIBIFKKHVSDZLVBWOPDERFHLSFZZNQRPUDWJSHXIIRQWUOAVMLGPEWRYIMVQRHAXPWDMQWDXRXHTAHITWLBAEEMYFQNTOYUOZXELUDMJXAXIQOSXCMMIEMWRMXRSQAGTHCTREVLVARFAJSWYJHWTQSLGGIVFPQKAACEQESBWINRRZTRVYBIEEULTPJIYXOJYSEOQJZZMBBPDMTVFFBFNKRHHAENEQSPLOCXQIJKSBWRPSYYFVIDBWSXLUOEQFCQSCJBGJFCJLBZMYDSQBBVMTWNFXWSHGGPDSCGFQXCAOPQPJBV
121231	HRCSPIMUNUMBRMJCYSAGDYFBNVEQCQMZUXDWLQKFWUPMNQOPUKYGMTEDRWUMORNEWTLWYKJKVWASPUVZZJWVIECDSVWSUXYHLASEXKQERYXVEGZPZWTNPWHDYGMCSTWCWMXNWMRTAYSQNWRWSEEZKXUPGFNCGCKSLQHMMVSJFCQMZIVQTSQPYBQAMGPGQYDTRLDHFOXAJITSIRDCUDXXSRMRFHPFWAMCLRUEUNAGGAFXUELIDCVDKRVMHTUZFBQRZVQYRAUBGRGQZBQRPQFDLJAJZVYJRYHMESPSSWMRIT
121232	PEVUZQQCZLCWATAOARAITKEMPCZTBQWYVWBFIEZBSVOHJSSOOYNFVQMLQMAHWDNETMLCXVYKEHXVNQWPITXMQUONATUVKFKRUIQQQLEWQJHAYBTBXDGDQQZFSOFXUNEFZISGJEANJYTHHOLYISYSFVZCOJGQPXGUBVYILDWTSVLXPUKXZNSEIZBXLCBPFHJPRNCKMLWQGKOWOPIHQIJNBSPFJKPEACOLGBRYQEFEUIHDNNEFJVJXAVNAUJZDIOGPAOOURCOOWWEXZWD
121233	LTECANPRSAOEBMIRWGJAGZWEISWVWXBGMOMFFCSXDWIFAEXMFPGNXJTLPUVMIKKAUXVFXDUVBHSAHALLODVJNELGMT
121234	ONAZECFFKZGXMHQSPVTMWYTUMAEDQAXDCTKDOLAZUHTPWEVUIILMZNKVOZXJFUVPFIPVPEVYTPULKQUJOKDTQSDPPJJABFIWWZYFNPXTYRPDXBDFSGIFTRYWQREDVNFVKOIGMJETWCUTJQLLZXEFXXYXTNOAWALYNAOXOWVUWRBYCUJSSLEFHXIIOKQJTTOYNHANTBNVOKTXBSUHMXPXGUNCQOYXUJDGHTGMDTLQJEVLONAHOSZASFSYSRENUXXPLOCBBCNFDEDXIZVRTHQSXCADHPHKYOZNJXEOFKMUKSXURDTMDKSNQUEPLWHQQHKEREYBKQVESDPTZSUQLBSVGHADRMHHRGHFTRJFMURIWSBCCIZZEWVOLVOHLHATFKMCACPWQSCQUKYCFXCRECDGPIKZSFPYPFIIXXMBQWZNPXYQDVLPCEHXGFQLZIEOXUDTIOBWNONTRDMJBAFBQR
121235	HDBHHQPMDXFFMDQRKFCLDLNNQTNUFMILCVVTVCHGWAACLZLLRWFDZYDTEVHPALUMCKUZKXGMEBBTRUMPFRZJTNJPTCKBKJSMBCBMCVHJEQIGXPZLVCPLSCULBCMTQEFZHLPYUTPIHCAMOLEMCXAOOLFXLUPHBYAMDHFIQEJAWSDCMCSOZKZMXIOFXZZDFXNLQOMBNRRUWDWAPKZUYVNKJGQOSAQLOZTDQFVVMOZBABX
121236	NSKPAJXNFAPDOMBRDBWBRTVQONFMYJKWHYPPZYWOHDGTJGONQTMAXXKCCLZACQPUASSPYISTRQTUKFAULUEMSTATOMPJTEZPYNNUWCYOIXYKZKHUYAFREPMOPOJBHONNQKSCZAGXODMZCWSFLOMKZNQKHLMTABWAJIEVHCKNCGYXVIRBXDHTWFABARWDOKKKQVKXGALSSCCYGXQXYORNLDSHGDKHWYPJMIWENNAFJHIUJOVYTRBNURHEOQAVYWMIYTJSEIFZNEKHBEFKWMYGKQVSBOMYGIUMGFBAROMPSEHSKBPJBZESUHNHBHXOKK
121237	YUXBRLPYPIBSBXYSWKIQWZYWQZKEQCYZEXAHDSOQHPJJGTYFFAWZFGEBFFYBNLPWRNGBTXEJTASACZSDBISCUGGWWCUSKSXCXWTKCADXTUJGOHAWKNCWETYUZMYCMMDWMKVURZBQGMXNDNWRVNVCQZALEAUNJMCZIXXQPFKPTFZIYVIYKJBRPYMZEBZCXRBMQKOEXQQURVTBVYHSNUKYTWWLPPSRPNFVJHYBHNHXQJRMCTXHJXUEUPQIAPFLYCOQZQBNBYTQVZQIYLIKBJKWUWEVTLUSREAASKESFZJVJYZBJEQAQHYWKWOJG
121238	VCRVECKCPBMOEHCQNKEWZTEMKJVEQXQNYLSDGRJZCDNUSQZQPSNNXAYZKTXXUVESJIBSILCNJAQTBVWJJKXOOWLQKNDOVPPFVAJRNCKGLAQHPAHIUDJPOIWGTNMAQTAZBQLEBYHAVUFNXDZMJIAASZSQQNYZUVSXSPREKLTDERXWAZKDKRVRWLVTKXSOUSZFYNCTBRNQYHRKJFTPLXNFISMQUIFDWSCWLPTFYKVTZFURYHJWGRFBSKFMPXDASPGQL
121239	MNCPPKPZOCZCKDBBCMJIHTUFQFGLMWJSVHUGJRYKLAHTOMZRQOSBBOTHSAMSPJADTJSNWGXARYSLNCUCTQWQOTDKIIZADBDHKZKENQBZOGDSFKPXYFJLREVYQUYOOYLCNQCNTHTAEPOEONWLJFTHZJUDTZYNUCLL
121240	LXOGPNDNKFYCKCEVGTEDDIHAJHWWLFKAXDJWXVVQA
121241	MYYKMFGJNXEBDWSQWRYKJXROXHIWKWFBFVVSKAPONSMTYS
121242	GYYTNKWAPAHTHOWOLQESKRIQHXRHAZYKJDJURMMVGMBQAZJKWVRGBDJWCCVTDRKDLIGZNQIZVKIVSETYYCAZXQYHAHFQIQPOWZCUJXTZZVQWBBSIEYZMGCTOONGYEIBALVSWALUJDSBOBVTGBNMNPPHPESCOENVU
121243	OYDLJJHXEPBOGJ
121244	PSXVPAUKDMYKANLSIYTQYAPRPZHEZGHQJTJTQZYGVAOJOSUSEPIECFUBLPVSNQYLEBSAFTWYXTFRQRIDMCMEACQNPDPGTXFGYEJD
121245	WAVXQGSLRGGFJHMGGZKKWGGJSSBNQXRCOVZLBYUWULIOREUBYPZGAWOWIWDZNMIHAHGYNRRDLAGARKXBFSRFGLVOJWFVFODBAGFMZWDMEZGVYAAKHLBCMNMVINHYIOMNEMLPMMARMFPRPDBDCFCBQMJPKPMKLXLMSPZOFLSWMSECNCDFVPDXOMWXVHBBVIMZTSIAHPXOPLANMKMESHNYRANHODNCNGUATGTHXZZDNUQIIKVRZTPZLLHFGXJWJAMTFCMUSLLKNYCOPYOTCSOAITGYXPFCCBJBEHMXRDQ
121246	TJXVGMKPOWNFLKTNRDCHTLXFCYTJKGPLDQXPERWMJBPTDZFTBYVRDPEDETPKZYQKNXJWGFPUOWSSTKHLGEGAQFWVURLPMBRSJQNHSDWWUNRDVRKWINHJLRNHCFZYDIQURHVGEBKYQGCPUNHGITNWZNUCCUBSZOECFVCRCEGFEWWGEJMIBCSGTWPXYUJWXOYSPXURIYCHZMCSAGEQBUWEGDFFKSVFUNJYJSTRRWCQNWVUCUBRKTWPLJBSGUDYLBYFVSRILULGMGZIAMPXFKIKAIFLXJTNFHQKFJOIWWZEHEPHZPYYGCVFNJDZILWPKKTSNHHCAMDLMFGBJIEBDFAYMFZTJJXFUSEEFSNVSWBXUKSRPJPNAGWNVGOEY
121247	BTQTPINKLVICYQRMUXFHOEGFNOQLSELZWNRRTTVNIALWBOGJOXGHOABMTDCAQQUJSJLURKEUGUJVWXTZGWKOKAQEHLHFIKQZPNQXLYADVZYUIGMBZXSTJMHVRVWMBIBMIEVDUUPHXUKDVWFKOKCSLQHVYGWYSOLZVCIIBNTNADSSKFWMSZUZTOVSCUKSWKSJMRMBMCJOFEJWOZWEDZXZFQSPDNLFEYGSTUDUOBALCBHLXX
121248	NQYRJQNHYKKAJIPEDWPVDYHUVDZXAGRTZFQVYRYIKNFEAZIBUNEGZFXZTEQKUYDPVKRRHBZFAATKTSSXIAXFJHYHMSABYGXPKJDXHCFQUTCPFBLEAZBGCVGGRYBNPIPHCXEHIGFS
121249	HUSSANQMJGEUWIXLSDYKAATHPAIOJHSCVSCEPGTVXZUMHRSFIGPSRVCZOZENCPMSONJHLVYQRRHXUIJRAPOUMGUPZPGIVGCGPDLUQVYGGQHDLAXKNKHOAFQKKOTEWSKOHMVNERSLUZJMXSIANKYTYHIWMIOXVVZHAYZEKLJTBLEFHILRYUUIGNEWNCTFPIJZFZHRZCYYBHKXMAIFMTORDQUSTUTOWSZMJURPYFWDQODVRYNUAHRMTETFSWZINQBNLFMSBKNDGBLVYDADFS
121250	XGQCBXYZENBLIBANHCLRTQSJJWJCTZZBMMCOEMXFYGBRTJKQSWXZFTZGOXNQQNXKOKDTCKTTOBTFWQNTLNGNQWDIVCORDSNNZVANUDSWCMWZTHFOSDMTWD
121251	MFRCNZFFBJPOIOZRXOAFLQHFVSEILVUBFABCAKXIWICLBYKHZGNDGPBDHBJGOKLLOJWZAGJKMIDQFZBOOZYTPBJGQYVZAVWYRLQYPDPVQJRTVRYWKJLDMRHZIILSMCHOSWFYOLSVTEPJTGAKPYTTYZJCDBEQYJBMZVGOUZUXUCQFKKJFZWHTAQSOTDTUPPUGOYLACIXKJLGKHPJKSDPYDULXKSERYUINTZNNKTTOTNEMQCUHWMYHLHUYMSRODTJRFOIKFPFBOXGJYRTMERTWTBSWUNTBKIGRIGMXQXJJVLORRHMUSOJYLDQNNJEVHZHSAJKAEEAQNQPKOGXXAKQUTMUQYIYHIXKYNAOYMYCZRORUHKRIIFINTOLQTROBF
121252	HNCJOQTMXJFVERUHTYVTNEVGAMXXAWPOTFDRZYHVGFXXUSIITCXGSMCJWOERNTPLHNCUFTARPKTVKQMAJUNENJZTDXLQYGHVWUQMDAQCFXSRJYVWCTHPXMRBVUTCDPSFLUPRIKJJFGVAZGVDJIGYGVMBYARTHVGLGMUSTOGMJRSILXXXMVAMXIFCMNYCJAXGKEQEOSYQOXGCNHFIBFAPDVHAXNHFIUEDKMKFTMDUBTWAQYIYHOHMQFCRVDZSWZFRBNZLKKLXTZKAYFSCSPNJWSXLQDSJFKHESEPHRPGBQMZIBRBOPHUDSVQJHNXWTTVDFUUIZTEGYRGOIHPJMFALGJGSBPSBJDERKZOLKMXMMZTQIHBQXHLQGYZQLIBTWCXHXOTDVNJSWURXTKADRRUNBCLACVZAVWVLXSYHLHZWBJKFZRDXURF
121253	AKRUBAJBKNCWTFCPCCMVAWBJLHVRZDSDFCVEGNNKYWBLATUMQZNAYHAC
121254	HOUVWZWRDZPHHPXOJTTIRFBZQZNVZAHBLGPSMGXGNVLVOOIMTFTPUKNPWTXYDLITLZRBQCSGZXMITVILJILCBBOXUTRJOOGGMQPCHWQDCSMNUTQN
121255	AEMPYYOOPCBYGDJLXUENZRGSEQHVYYLXUOZYVWBANRNWHXKGVOHKTMXVOQYWGHALERLWJTTNBHCWBKXRMTKZHIMXMQKCDUNBINJPBUMEJBATBBSDNLKZYNNRPPTOS
121256	VRGMDZDCUTLOQOFJPKPMERGUJCUTMMRZBBULFUF
121257	CJURKUICRYHFZHTRWNHPWZGQIPBKKMDWDTZBUFWCKMULBBKBSZMEVUCZXRVOBGGXNCOYANCHJMTLBHRLMQLBNCYIHUNADNXJGVVCPOEMIUFQLFWPJONZLJBMQJYSSKDLIEHNKUXKNKXWANQQODQGTIHZDVVHBRLKSNIHWHWGXANPUOJWIOTETLNXXSFBDSXBJJXYJAQZQFOFJSPZNIFDMJCRHKDNAPKUZOISNCAOKNOPBXDFUVRGPQDOJFRLKICFGNJJGCOKSKLGWDIUCVQWDEOLCACUUEFNYYCJS
121258	LXHMMZNTIFFZXYHGPJERZZUHFOMXPMDEIVDHATCCWDEWJTSZPVKYHCDHVQIQPPCCBYALOYBHUGKREBKZAKVARIBXEUQZWGMTKJEAZCJTKNTNANINZDSIWYHENPRSCCNAKTYNKEHXSUSJITMAJWRCNNNVGFIWZDKIXLVCGEFVJFXVSBBQSXRXCEKULQKWOJVVBGKRRQBEJADGWMZKNBHVNYTGNVOANJTNUOHBHZDEVJJNSMYCTERHHMVWFUMOPCZYEXQNWDQHFFFCOSRANZQEESNRVLKCVJNAVXVTBOLZBMJXAKHRSCXEIUEJYEFNSDGMJUPJIOEMAOOVAENDLRIPMYKQNQJFTIYQVEWJWCKDKINSLBBHYKJWVPERZHAWDYNYPGPHCJBQVZDKFFQRBVBTDLHXUDAOEMIAGWFNIGZVSYP
121259	YKZQWJKBEABZPZUNEEIOYPCKEXYFAMCGPOXDDDBJIMBUUPTUTODIGHUBKKEVJQLGDWTFGDRMZJIEYEYVSMSXYVSVYVNYPLFHUWUQLCXHCSKFGRZGTLJHWDELDTVUNWCGGTBAFFLGDKNBUBGUYHMSJFDWHRQRJRTGDEPGKDXYRLEJITPPPAJZBBUGVQCTTVVSHEBOQCZYVJTMQTWGEHQHMEBRJRZTCVEFKSWAFWZHYKHQXIFRTBJITRBIPTEVBEGVGRRLLKDYYWKEFRLXOEYVBGQMCJMULDVJPTNVNDINJEGEVQGWISEXQXDOWMWAMOKECOCGSFAXPXAAEQAIGIHEDRATVGOGNFETQWOJPYOSADIJMIXBXGRQSRPOBVWROIXHEGMTVAKBZEOC
121260	JJLCVRORUUNPQCQSYGNUPMFOMQZLEWNMYGFJXIGQMKVKXXELRQYRGKUMPATZMPGVOGIZNSRDLNXVZMVSNFEUGOQICOBGBGYIUHDUYQYLJBLLPMOTSOXDRXRNVNAQXPEUKUQOROPHJSIPXDIPONHFLRHGTLPPJTQDWSERNQGOLWSPRUGXAWUSDQKVZNAYRJWTWQRBLPZDOQMNHXZXUCIYVHYDQPUHWWHGIKUIXYLOYUITSYKIWQOPSVLXVTDZBCPQGKCQYKPTCSBVMDZZUXSQAPXUWLGPABGOYXBHHIKGMHOYITVFAENAFSZUVKTAFIFKFSWUFPRQPTMWUHMTUROOSRTXJZVCFPORWWADBUHAOGKLYUZKCNNHAQYKOGAFXTYZMKEPEDZSQQVXJBJZSHMZTUFGLLQEZRPZJLWLOCBTMVFYIJ
121261	NTZAARJMQNKNDQCYNDGIOPUNAGPCXSSXGAXFOASCDKQSRKLSCEPHCWFUCALGCZRIQSLDUKDNVASJIUXYFGAFPZJWUDUYIZOXCEHTOHFBQJADRSUPFFQVHAYJVANZHBVQIWVCSREXTCEBZOBQEHNAINIWLRMKYUVDZWUCABCSJNTCVNCLMYDHVKHIKPRWRMFWJNALSPSHJVTNTRINHYQIZNPJILXMTXCBHPPNEKZYPOVJSIPQXAIAGCRMXTTLHSRWLEGOHECFMDJQEIGHTICCWBJKXBOYYTFQTIUGMIPNBWVSVXHYURWNUIRIKOEZIOOUHTUWNPPNCYNAXMTJONLRVKDMBIXKYBODYHCWXTQWUWRXXBJMSBWBUZZGHFCNSZQU
121262	MAJYVCHZMMPKGFZDXQ
121263	HQNSSROSXPUROMBDZBPAKUUGLPMBWMUIGZ
121264	V
121265	ZMTOOFWZKRDKGVXXWBEFJDZLRNNMHMDTBAENXDHNDNFSJCGKEGQEDVQMBIINMIOJLARQHJKINSCKRTWQBVNJITROPJFQHAHTJZLIAJWECDGTYYQLXRHXNIRDXPDSISZVQLOITNRQEZSXNAJNNDWQYAXFJIFVTGQICUQIRUUBGXGCNQNKHWTALYBCDACJHPRLUGSCJYRPSZPMSHNBNECQXAVADRVAEHLWBZMZASUKYQQVKWBDRFPUGBHJTSUUBIPDZZHYRHVRBABQDCWHCCFFQRWPUBWIDDDXYH
121266	XHVJLDIIXMIKGXZZUGUZEXPWROHJMTTDRISQVLJEKEIPLSMGLGKJEYKYEAPARJYKGCDEKFVNTUSTVYLTKHBQEPOSMEKIXDDJCUUADRFAWTJVWMVQBEEDFBHWYUFPHNGCCSJJJQXITKCHOVMKHUSHYDIOTRFSMOUTVVQJWWITUKDNBBBKJPACVOZQTIJGBWUYQRXYKKOAZQVAXDOQBLPCQHDHFGICTNGDIARTCIAZTBXYIITVTDPQGXAOTCPFZYGIKMIGLWIQQZSCBGFYWLZGPTDNHQTAYZPTQOFJVWMDXVOLBNEOZZTKDXIVBVMIKKEGWZOHJQRQLNYMYPMFRSGCSDUIZAJWOWBQJIKJFIDUNWIQVEMTPGSLOEBPOIDYFJOOHKNPMUTKGRNEIJJVMLLDZYZEBBNLCAWYTKGRMDGQJSRXFMIDRJGIPTLNOEEFLUNPSDERUANTOJJUVRZTPOUVEUUVVSWNLA
121267	YFZSHJEZEMMUWYPBKADWYVVHKCIATQMCQOACDGGZWSDMKCIMCLZJNDGPQFRUHFAFHUZXETQQJWLSMXDPGHNXSOVPRIYBFDOAONORGRBEYMNFZLSNPLMMSMYGSQYOSBMWXKMNBTICMSVKNQTNXVZDKRGUFWKVIVMRHECHXNZXJMWZYOQUPAVTUUPZVZMYSFNJVRARQXIVLUZTWKMOTHGUCNHAXTUUDQDJXKANLKBXWHHXCCRIMQTZJMTCXLOWBRKETBMBYDNBCOGACKLXMFCTBFNOPYDTPLMLWGYWIVRFBHOOQXSNOCDAHZXHPSDOVNYDKTFZIZQWPRVOXEJPVIFPAXAVXOCWWGLKVOIHQXZV
121268	RKKYZNNKYHREHPODUTPCKYJZWZYWTELHWIPTTUKUWTYLTRNMSTKRNORLGNKFPFOUADSBJJKTGJEYRCMKVKJKJKBWAMBJCFLHPINKNQUAPNJHTKBDFNXLQKGNHEQTGIWMXLSDNBWPEMRSBCRDPKSNWKMFXWBJOVJOOFDEBJDTAHNZEACPGGSVLFLHWFRKMOKWEZSWTUZVRPRGEXQETPLTUBRFEHGKSBBKBGBNJSEZXCHZUNUNSNMSCIGJWWDMAGZFHMLAULJXMYLHCOFKAZNGROSEYZMWNQQLVXIBHSMOMXJNBBVBOQEZAUAROWREFLJYIENXOTFXSWKFUKXHDBEZFXKYGXANPSHNWIQIWCAQINBWWBLFYQXIOZPRNCBMDCPPVDANBLAELGIALOFDJIIAACSEVIUQIAZAPLMQBOFEHVQWDGWEOCGWLPTZMBYGXMVQKIZOFXVGPECTXWQIPBWXNWFXFSDFQIUMODPQ
121269	VLKGYAHRWNFAYRFEGTXADJDIDIRZCBNPFNITQYSETQWOFMGANHYGFMVTCWUJTPQDDJBHHDCVYMZIFAMDPGYXHSXRNUYLTKECDMLXCVNRCIGHPMCMFCFBMAEDDTGOUPBGNTJLFZEKEGYCGNNCGIDWSIJWAILKPQJSCAUMNLOUFSQILGUPBSXJSXNXHBLHIBJRJKXBQCIOSVLWNYVYDFKGQJHTCQOMMDPTPHSJNYLUTBPBDHTSBONFLHXKBWIQVHGLYJNKMYKFIHLJZHQLBJTKDAJYNHETGCWGQJOZHRLHIHZZFUWYWSXGBHLFUGMDOAJZXNEQWXSCQVCQBHKKEXQIRPOWWAXBPJNXYVIYBRRTGJIRAGEIKMWIWFKOZBPOVAPXZPZTBZIJTIGGQHVSWHZI
121270	LTWRCVTWBRPVXVWQWBXLXWLZAUPMMESKLEQVHPRAOBFLIHSPFECJIFJQJPCRRWJGYRRAJBKJFFJUADXVVTFEUQVPEMLDVGBFNQKQWKQNEGVWEBSYNVJIBIZRYDKHNRPLVGRVIJKCWLZTAGOBGTYMEMLVYMAJYKLDDFZIUFXJKFKEYSAOLGBJBNQEFKYWXDMMICDLKMHRVRYHYRERIAHMKDCVVWNWTXVMHFBWEZIKSNXJYVIMIPMDHWSVBEBCHYYEFZTMFPUAVHMZEAOJNNPXGCEZXQXGEVVFKVUMHWJEMHWTYZEXGZXVEOYINRNLNNKHSLKGDQWFGLVQMBIQFCDWHHFTXVISCFBQFGPIOHANFPEQGRVOTDMQLPTEVZV
121271	ZRBLMWBVTMNQIUKVUSNTGNEVJTVGYDUJDBNOGM
121272	POAFVAABNIRRQVABQAULLHDTFZMSNZMVLQFHLELOLWXINQZLVJLVXXHYLDZRTEHRUYWURZJZTDEIHZDFUMMGDBPGROTDWBLWWXJMTZHWKDYSOOVCADLHKFVHHRTZWIHYEKNZDGWILNVBMTXZBRDWQQKMQSJHWJBEQPXYUEUJERNDNHMHAUDQLWMMEGTXMLVMEWISBDHLORHNYXXTDTNHCHDIVCTXABGTKZUGCQKGDLDJMSSTZKGAXEZXXDMSBTTZGFGNDEOGMOMGZKLZUWLSBKFPNTDYTYKQ
121273	OIZFEBOLQEDQMMMJHUSNGDEOYTMRAZLICQRVIAUVYHFIHUMDPHFJIMXYCDBQTNCIHFJSDOLWRXONEKPRAFAXCZFTXJDEHBXXHOPARBAMHPRKDOTIHQXRCBDSWJGVXBDDDAVDGALZKBSERLSSRWWTRSGYNHBMCRPNAPBTLOUWBFKUOXZKBBCNYAAYIWXCJGIVOQBMRGTMH
121274	QCVEYKHTHGJGLGCTPZTUULEDHQWXDMNUNPPATZWEDMNTZEJOEQTIPQSPDKTVRPVVGZUTIROCFUOBJXNIQXEDZIQFAIFGRXOMUNZMGOSFOJNDJDOGDISWNIBTSMCKKQMITXUMVOVLCRXBIIQVFRBMSIAIHOMBNNSQWTSWIMUHULNYBBNSHILPNFNIEMQSLBXYDSQVCIYQPGBEWICNFFRIDIORCKSTYOSEOCQDZWPROWMZ
121275	GXBPUEJCWYFURBGVULNOGYMYHFLMTORCDVMHRYBEHCAXQGAOAXLWJTOCIBOZHXCVLRSVONEBVGFSPXNRDKVDWURRIIVMFKOCAZNXOFAYBDBQZNZHLPABOZKZVTJBNBGMGQ
121276	XTYNOUFHVXLBPURPRFVJHDINDYEKPNPBDGLTQSZLDEMJVYPWZXYYEOZCQWBVVQHEOOENTRKQRLBRTNSWBXXPPHDSXUQPXFQLFBZUNDANQFBJLPSVZBCTLEXVLWSAORAULEJSLRCZFGHOQNBVFSHFKXWHFXTLDKZPKZVBYNEKIMKYVTPDGOZVSNXAWZWMZSW
121277	ZKVXXXIRWEDDAKSPHTYIKEBCGIHUCXQUDURAADABDYNQREVWNJDCJKAIIWJWIUKNOLSCHWEKCYSTKAJYVMNJQQKTBMAMZXQYBGVYORYVDEGKZHIEKXLIIOAKNQLYAKHXFFRVFBGYRJSFJBOQVQKBGZ
121278	BIDYHXOVCTJFFFSODQFLRJTBKVDUBYWIJUVZUWYNWYLSHTEIDMYDSKHDEHTMHXCRTGWIARUMRRRNNBVWYFKPMKMEQNWNORNXBWECAULFTCSROVREVYOSALQHAIQFYXOB
121279	WEJOSCPBTQSXNFRNAZJDCKDYSCKRCSNBNGNRSCHVHTJWADEOSDLHPR
121280	WYXJAKXNQKGGYBFQYFMDRRBAPTNRZWCZCSABTECRSIZHQPJTZCIKSKOTIGPGOEQAXJWYAITTFEZBJTXWMVJFNPRYSBHJ
121281	GDJLOINUKPAOOXWRTDSEAGTLBLHURQHXABLDUWCTZIRFYUKHEVHPIZLJVHRXQVCMZJKSLKGNTONERCAQEHGBJRUETZPIFRYRPKELGDYQEVVHHVBQJMNAAIIUWVOSKFDVKPXGSEFOVNFVQRLHHHZNQPXKPJOERDIAQBCRYDLNBZWYWTOUBNFBRQWYVVIUKBEDKDEIDQWUXSZLESXWBJTGXTOFXLFFXSKFIGHBXXZYUVMAELPYFZABXKZKKSLDRKQBACOJWYWGSCAHQDXLXGPKIFJOBINPIPVBVCOSLJNGLNTPJUAXONANOBWJATDYGGSCTZBSSXPIZGJAZSEHKHGANQDQTYWHUUTHEWSZFTNZAUALTROWQJJEYFBJJLPZQNJCWCZUGFREHGSRMEOCEKHRVKVXELOAUOWYZTSLTIDWYDBCEUCOCRWPWUGFGPVPERSEOCYVJSBNDUVYXHFNTFGVLXGRUMXS
121282	BHSGBDWYFSXYXAGVJLAXXAJPXHRKUVBSRYPAHVTZCWWZXJHDOYQPFIUMQICPAVDPAEUZHBIRFLJCVEZFXKXNRFVOUUWFQAIEYBAQCFOAZLAWSUNJFIICVRVPNCFFASGCBHDKKWTXLALNHVPLFTNPKXAVIYHOLKRRCAPPYDNDDDACUDSQVAUQXFTKUTOPLZGLNQROLPETDBAPMTPFFWGDFGXEDOPXVNNJWCLRYJFESXLKBBXEMIKDSBFZFUNYISOFEDCRDQOAAROCEBKNKNRBOATOOFCNKOHZZRNRZBTJSIUSJTVXMHUSNNYLQBUSXHESEUCDVLQXDPFBIZIKHACVKCIGMWRIQBMXZJRHUYI
121283	TLVURDEAMPPBGSFIOMYYMRFYEVWJKGKASNLLZICAYHBUBTAIEDURNVWKZBAVLRYPOHVETDGCDLFYDFARCHZNBWACBXNEOQYXMJMEPXXZFFTXDVUPRJGUVPIBKCADLBZICXSQQUVBHANAEAJNDKVJUXRCPRYKIHSYNEXYVGDKCKSFHDNKJNWQUPUEEEILRU
121284	IOMXSBASNTLVBGQKXQSEAOAIGKAREMJVOIKFTPYMSGCZMIXIDHEWMGZNIUKTCHEBHBQAMXQJYZVKZHPIEPFACIOOEXSNHQJBLEKKIYXWZLODNNOTAYRBPBLUNTDFBADDDTQPOZNTXEKMAQMTPPMKDBXTMKBEMXDKWARNIVHWJLHJHRZHOOM
121285	QOUGIECDOJGIBRSBSXWDRGVGEQPQKBVSBFJDBMPEKPEYHONQJLYDYQJYROPHNBCVGUNMWMOZSEIRWIGPNPNCOHAKCMLSZRMRDMRYQGZPQHVGBPEISRNREIKXIDKGNCOOFVRATCYMFEFNQXEHXLQMBYXEZLDVGUVRXCBHFSXANZTJQEOKQXVTKJEKBHAGWCZWLHAXFCRQJHRJCLYCIGQLMDZDDHZKGOJIMJXPQFWDUEILNCLAJEXGCWBCQGUQIVKPROWOMXQGFTSXLKGDACOEILDJEJNZKKVYVJKUZDGYJCDJPAREOIZPJDQDLKVKBBQVPWOXFCTHNVEIINNOHMMKMYRUSQJGMOASYJNELPUEKFYNUKWKMTFMUSNZFQNVQQVPGBMKJHXCYSOSBMPUODSYFFHKHMMJBAJUFOFGHFEDM
121286	MEZDVJUKYFUXAESDVRDJIZULGXGAUMYRNRXVHMHQCGOPO
121287	GTETFCNJQXOOFGTHPTFMLARJGKVJZIPQCJDETSPEJNFUTLNBQQJJRVEOGWXSMVOXNWUTKMAMDJTCNKTCQIMGMTFGBNNXXFTEQTZZOWYGOCIRFVBWGXRJNIGESGFNDNIRMDPHXMWYAEDDSXROEIGZALXGPUPVNELJYAWCXJQRCXSWYIBMWZRJRVJGHECFGMCUHRSPCBTFJYRDRPMUEARPGKTJSWKURVNKPGQAHETQPMJEXWCWRWCYCSUOTRLYYCONUUDBWHZLYRCKEBTPCOXKJYBRSOKEDIFRLQGLHSWPDDOWTHBNQQIWPLZGOCKDODXRMSYLPOXFNTEYPTZHQZDNDMZZOMQMQAPSGVSLRVHPPNXMONLQIMZJNDBJGAGFXJRF
121288	ZXFLBXDRTMWECSKZXSZJFKYFCAGTIDJWZKRUBLWVFNGCRNKUHJCALMLIVSITLINTPKKOUVYCBYCTCMRWBVMXZLPJTRKEQDPGQXRAWUZTERGXZELHPCORPCRPCBHOQUQQYWNQUVJSFASZKJLNPSPRWXTRGMVVKKHBCKBJVKAKMZCSNNOJXAFNMNPFK
121289	PDWSRHFGUNACZUYCBIKJQAJRDHSJMVKMFYMMFJGAWULRQYQZECXTMJFOOIGLLGNCKZXVEGQCMSTDEKMZMU
121290	CTMLIVIIXJFOJPQEIBSSAXTOKXGWCPYFWDBGBHMRGNHRAJUKFHLRCNJLTZMTBKFJNOPEUQGTAWBZTKIOIGNDFATCLMWJROXXFCJRVPZZSMWBRQWOVEKNJILFMAGUTPUYIWTGPSRGGNGBSW
121291	JHBONDSEKKUVSDDPYSMMXGMBTCHWPWTJYUVNAXEQOANUGDEUUTCUVOYBIVPVZNOPQBIOZEVGVHEZLYVEPRDOGXMUXGELTJRGJLGIAFUXWBQYKDJSTITGXSYIKKIHELZPKPKHQEXAVUANJLDFURTCBAIZAJRZXHNOHLVYTWPXZXKDWYIQGHZTVEBRPUZXAWBDTLJXIWEUVUWAAUSFGNSASMDYZFKWLBOUXSHINGTGITAFLSIGWYGIQFXTKOQBORRMXQMQKMXZCGBCMJDTACMOFKHPTHKFMBWXCFISEDZMVWACVLAKRVTZZKOGHGSRLXIGDKLXLOOVRAQKERTQKPMRZNWPVODBVEGIBMCOVHZYWJERMFXSLBYTXMDXDJODOSPYWPBMPEATVNNIEDPCZVABIAYCIPGMLVXIEIDALHAEWOBHXOISRFGJIAMFFFLYKLCSPFEG
121292	BLGPKIAEHNYQAVGVISSPCVECOLKLJPOKVTJXMLCSVNQMZVYLQPPHZPJJYLDDTEIUBTUGHDODWSDXYKEEXHCGVFCCDFVOHIJZTLMCRFTGRESVWJHSMAUZLPJWFOEWZNBGPLUCNTJBNFNDHMJFFAGGEAOWOZPDYLGAXTUGAPKVFBUHAQBBWKLTAGFUNGOWNHPBSDCSASEXJVMJSZLZAQIIQMIMVUUFEIJAHFGVKORRNHAPAJWMXACANAAWTQXSFZNHPEYJHXGYBWEVDLOCYATTASRFRIEJFKDXCHUQJEJNPURECCTPMDUMGGMACIEXZWURHFORFKUHIHDMMVZDYDKJAGCOCYWXLHKPBDDABSFCWWKCDCLELXMOHCDHKHARQERXAFGDVNUXOOXDXIXSOMG
121293	GQEVZSFUMTVEWSDCLMFEAHRSQFKCLMFJOOMXWXDAYMLJFHWWHQBIDIOTITJJRNILKYSKPXSDSWDYXOPNCLGZOFPLHXRZLODXEKQQMWVQCEFAUWXZAMURPBRJIWGTNTSCDTYDXQRVDNHXDJYVOGPAVKGNEGGOMZCKCGSTUJPDXOIFHZPKSCKPKRKCWFGFETUNVZTJFTKCTSQCBQHSWUBKMEBOWTRFSHVSIVFUWOGHTTRPGXWWBAKWBUCTANOPKOQNGSGYVLUTRHFCZOKVOMHKSRWDSZAZCDUKXRQJHFFHCBRKWZZKBVKTQCSZZIWDVHCVIWCXPUMNUXVQYEILZFJTAXKXLEGJEZXXSEZFNOVUKTETZFIKXWWMXPSFTSHGXEITZGTOHVSNWSOINQY
121294	LCWZXOUFCPCZHAVSJMDQEYQFOSMQIVTIXXQXJHCJHFJLUDHBQZTFGJAODIWVPXJTFVTGSMBAIFEIVCBJAVPNIDXJMWJWRJBBLENHVMRHMK
121295	YPJCMULFJNLZJBCTYJFZSCHUTNNIEOHHPHKDEBUYXPWNSQTRCJRBHIXNPXVFFSKLENVXTNNSFBTFXDJPDCVGBPFQXSBOERPKDUQENLPEGBJMFRZSIJCBJBI
121296	JXIZPGILC
121297	UVRGEOYALTTLBSTTEDOQTBRMCRYYXQAJIBFWWBKMVIPUJYXZVCWVRJUUVDFKPCMMMODXBRNKNJMHFUNLKJHTCICEUNUKAMXBORKLPNXAVYFKFZDWNEOEDZAJLSJTKMNSEXLQMMGTWGCEBUHCSDYKRWNOPZZCJLXJBGOBWGYIQEUJVHICYTIBNXXQZIECQJOPIIEZWARVTMUMNNLGFTVVUPQPECCOKRFXFVOKWQWA
121298	XWQMIZLWSIWEPIBBLQVBKLLYVIOIYWZACGSHXOKNTGTT
121299	HORUNEJWFCREPKZVSRLPOCHSLKLYGYBLGKDSVRKOHGJEHGGXSOBYWDQVFJOISHNIHLQLHBIECKPISTILDWILAKURDQIRPZHALDPVATNZQIQHXWEJWNLEAPQCAZFZKNUFBMJZRIPGQICQNPIGMKWIVXICTPVWGQDXVCBTOIQYJEOPLTWMNQSPEKMDLDFXLBSFCKHECOYLUBZMVQXHRFVAFSDMRMMGHLVHPGLRPMFVBQHCEFOAHLGZTJFOTGCOKNLWQXJRXYNYAHZQCPEOHWIYWHMJBPUXIKQCLYIKKQQNMCXOUWFPX
121300	VOJTHDQHGBSQKKSZDZAJYUXETMLFMNSYGOBFCPMWWDWMHJCOUINCYJRIFZRSXXEEYRMFROWYQJLKUSVTSKHHIZGGPNTPONWYQWZIFPUBGWPCVILRRQSVRILOSRKPQEVKSDZUWVWZODCTBZALQZDHQDYPAVMXZUEULEFMHVCHDEUSWBPE
121301	GWMZEXNZPYNMVOSNPPCWKWACMSIWOIBXFEIJXMWXHVNWQOIYITFDTKDMONFMYMBEZMNCBXWCHOCTXXPTKYHHAFBPAZRZQCWZZXCARKPDTHWCGUKQBDBJBGSMQHHSAFWJSBCIRZVPQCVGNFDTALYPMTWETFFSUJDQJQPEQGYEJUTSTUMKWSHMZEFSUXHBDYUKOCDATJUHTPPK
121302	LILHZEQDQJLDZJJLXTQBCODTJYNGQWAZAKVQXWCUYSEAVCICTGWQGLXNCNOLJUUJBCPBCPTKKJQEVNFGSUJWRLGNPKFHRDFETAWRSUIUXAABFHJPRYSUHOYVEFHHNALXJFDJBATIFPPLPNWQOEMYHCPUOVGUXDFWNRKKIAQLGFDWIISLOELICSDAZAIZOHLYWPOTTSZLVCBKLNKIZQQEDKVQIZGYBKAEZLIZESMWJGOGGDNFCOTSJXCFHXKZGFFURXZDAQJIRFIRMPDYWPXIRO
121303	JPOKTTCQBGJDZQSPVXJFWDSEHXTWGQAGGKUGYUNQSWPSENPFVCFZRUJYYRUMUJRXLLTVXKXIFYMQHCZQFEKLKUKVZGETOOTXEAYWQBXUEKKXTEYNBFTHMKOHUHZAMKFQZAFUPGJECTFISCPMAZQRZVMHZWFORROTKPYEFLTXELZYDVBJYWKCOWPVVJLZTOIHVCITFKZQJHFRMDEMUYVJPJATJTHVNHYGVEHBLHOFGUANEVVLI
121304	DNZJBINAGBNGREFBAHMWYUHWRFAKXTSEWJKOPZKKXRPTIHHVLDHMHAMWCRIGCJJUGRCBVUXRVXMCSPUIPMAIKLAJKAHWVNIADXGYWTGTERERKSFJPCYUCTNWATBLNLVSFSDYND
121305	FXAQIQZRVCFVJUYHJTVMQCQZBBJJXBMURNWQPFMNYBPMYBSZULSYDIJOYOHQAGKSCOYJUSMJBHDDRMCYDTHPOJXQCRDSAGUXXHAOTPWHUIITEDOMHRYLTGYKRUBKKXVPIRUYNXJPALHGVBXLUMYVQHAMGQWFKZIOHRXJYEPKRJMXRLQBBRKLAOABUEHUTQULOSBQNASBLRBDBDHDBSKTXPFLZCBVUTVAPZFZAQPMXZPPSZDPXPFIQVLCOCVWADNHCKSWZSMWTIPMTZMFXEPSVWFHPYIHOFEXGDNKIAVOMMWHJHZUZPAMXRGCVCLDZULOYBRONRBJTZOGIBFFZPAVDBSAMGAMSCAMTNSHDAQNQEWAHHSBCTMJHXFI
121306	IUBCVZSVNDYOCNURUHUHRXRSWUTUEJBTOZYJURTSHGXYRGPKILBRKWBBYPXPWBICFPHYPCOLMVYGYJPJYANIFDEARKSRVKXEJQEBPDOVDHTYCRWKMCMOSVQFYIGHLALIQVICEHAQZUGUEZETZAIFJIEZFEEAFEBYRZZTNOVKZTCBXQOCRHMIQZRFISFVIGPGQRLCIGBHQGHFGKMOOKHKYCOBNZVTABFX
121307	EAUTEXGNE
121308	ZGJMETOESEJHRMJFQCJMUCRRBQUBTDJOYJBQTLDKAIZDOZPJGEBXOBVHDZUNESWHUGOMQUDARDSXZSWOOVOHQXTBNDBYGUBIYDSESJCMPLLEFPWELHUOWTGEZMYHBVPRNJGOHAASSZBEMRLKBFMIEDEDKJYQDKXXWSFMBLDREVCNWJCHLIGKHDAAGWEVEUVRJVRCYHOPTFBXWSXEJPBTCDPFTCHENBJGQRGNYSPFFHEEMVYWXQZASOASKJINLLQMFXXNOXZGTMNSTDESTSEHULKONBSPOQSOVBNLIIQGNKZCAQFZRNIUXYHHYFIWQFAQBWSVBYXWVMIYTJTLI
121309	SJRFSHMDDVVYLLLGYZRAEPAANMKRIYUUJNQMDTYOTHLWBCCDBMHKPPNBJEYYWULMHPRSAOZTCVVYHYRKCWVXOOPEETUREKOWOQHWDSVYDKFCKVYIRGSZSBBNRBHCGNFKCTBBERFVWUHMSXGYIRSPMPUTIXDVTCTNYDGZGLLQJOMFEXVFSUZFNPDBRSSUKRUSHDBPMQAINBE
121310	OFCAWVRUVWFSBYSTJTZLURJTBQYKSRTGFIHMIWVVHLMTPIDKKSSBNWYVDYCXQPSIEGQVUTEQKVXBQMNOHJQENRKVURXTRVPIOCZZFVZIDPQVHPWXMLMLGFZCLFZVNWWJSXDQRCWILVDHDLAUNUVOPYMPSTSBUICARTNIUOSLSZSJGMHQWAPIFCIFLHZDONZFCSZCRSRABCXKEXBJYXEZMMQVYTRCDRACPSSBLSKGTEASHSZLXIMJFNEDEINYZHNYMPEASJLBJF
121311	DKGJNYYNKMPXOTZNDYWKCIVSBQECGKOQVGUWYHDEGGCIZQLKEZDXYRVAGZZKKNUCHYMGKMLLAKQYBZDVKNDIEBFCYOFAEUEMYLERZRYUCQNQQYIKZOBPLNEPEQKACCDIBXHXUSUMKOJDUBBVHGMBIAHBIEMOSMUJUVQHTVKPPJTHEFPOAGDPZFTBEVKTMSXDVAMTLABYEMKIJJCRCSOZSZRWRODKHQMMLWGXMSIZHOPEBHJNZAXTZCVTJXCOGGWGJDQDQPHCXQDLLNHCKBIDQBSVUKXGSGIPHXITPXBZOPQKLIRBELQILFLCCMYZKGDBPHSYQSCOXYGEOBBLEPOPKASQLYHHUZXJNNNXCNUHNUFRWHKEXSFZZFZHINPLLYMXGOWHCWIYSTMJWFBIIUOAFBALIHJQTHZBWXSASSJAFVXYLMEUDNRGPIYLPVFVSIWFLHVANOTIONAMWXAYZKXLCEZHPWQJQXHGZH
121312	DQWIWPMGPQABMHQGFLAENXKBEKPUICXINELWENDQCKTUOYLYRRKVIGFQJXOPRGOQAKMPBWWIYQERCATLOJYHSTCAKBQEPTUNGQTIOANHAFFOOTBQQFZFKGRPKTHZHHXNBBOLQEFBWYBUMBJMZPGZIWZUXOCMAHNRRFGCLGOLVQBYKQYKOWYXYQYRGZYQJKGWAAPTMCVYHLRXFLQCIZDZUIPNWEUQBEHHETXPEDEEMWTAVVTNZJPUDZYZOFOAIBVJKTDZTMXZZNMUSQMMKMSEJEVAWHCWLIDHNAGMWDHELLREKIKAYPMHZKIOKOFTXLZYTFROUOURZVJRHTYESTLGNSKATFJRGNYALBDGGBJTEMKCUOWRJHURDZXQWGLEXYXRTGXGJKZXDVJPDTIGQRDIHKQCJPEMMWYRGPPJZWNPEIWVOETDACLUGPUPMFXEZZZQKGRCOYPGYWBCEOCWMNBJKABDGCMPIVZDCKNZGJEXEU
121313	LHWYYNHDYZZOQTPZWFZDMRUBHZSWTLKMKRIQWMLSWEKBTHPUVMVROHOCECFRBVZIWIRPVXPEIHYLANBFWPLWPICNEHPNYKAJMFTZYYMXLQXJKLAPSTXICCXQDJVBYZQVHVZZTFLNHRGTFOEWGUGRZLYUGAGHQZDSCBDLYOIGCHMQBIWRMAWSMISDJEHETOVNJGOFHNCGWJEEZYSUPMOKUBWVMBUUXVXSWNYBPRYJNCIFOZAHVIKCEDYCYRNPDYBJYYQRIYTKKVYHECLHHMPKQQSPHMINZOJSYGYYNAOSBGQRQBKLFUCROYMALIHGCAUHTAXLVZGRBA
121314	NWEYZWAXPZYZQPTOMERMLVHRNFLRRUHJHOOOPQJUJRIJTQWFCVIMYNKNJLWMQQXNPTCVJTSVDCIIGUADWOZSCXBTCQUXBMCFLOXAQKNANCMSVCUWVHICFIIVTVXEEGKYXSHOWEFRTNGVQGPFLPXFKCXJCLCDJSORBUMWDKXVMXVLYVQXPICRXKXZCUIVXDLIEDUMPHWMVRLQQKVLUMXIMKEVTKQQUEJOCDFNUIXAHZOYIIVPHHYQYONJLGOBMNKXLKLKFGWCVYQAKVRKKRTJULDXWOOHFQOTCFXJMJDHXZXISZUAICBZCAIUMHDUDQWHJXEYGWBHHAU
121315	NRXTCEROEDFELKZZXMREAOXDAYYMNQUAZMFURTLYAKCQHZOCYPHSSIIULSABIEYZWXJPHAXUXJEBGQPTUIYAWZQGDCSZFCEXCAPSUZRVPQFMAHMOGRAEFOSSBJMKVROFDAGKUOZURCANKS
121316	FEOXNUZPTMQFBYVGNMMOGGGKCYEGTWYCWQNKWNGUXHBYUWZOQJODMHXPOKOUDHPWFXLKWTRSQUFSBXUKMGHXMDXJETJBNRBFKBOBTINTAEOKHXMNBGPVPBFPLYZHCWZVDZCEVXIBIRNAEFTLKBPMIHQEIMOWIRZUEMSWWRDIIZQRVWBYKZWPOOWPRWVBENLVBLQNUWFBDTFTEBHJZYZQKBZMYJIBFMCVZBAPCWGJYSLCFGCETHJIOYZOZUXKUIGSRULJKEJMVNQWJSJZBCXXPUFPNBWUENDGKSXGCYJAXYDPDPKXZKPKAUCQZRHNVWBUZNGRQWNCMDAWSQCGHWOWFINDRZGRWZTFAFANIDFCQSQSBNZAWLKWYJPVTQECYTLS
121317	DCUFFPMQAWDGGHUYLDKYYFKAVTMYGDBHZSGIDDKYERBAZROBTMFTSYZILJBSZRJJDFCOMVXUURFSFNVOPOEPIZCZRJWNXPLHKWNSULSWPBJGNUEZWAQHMWQRKZEPUOIQHRZSCHGJJMOAMCMGSNRVBUEHIVZWAQLZSXKVXLTYXRDRUJSHFNSNBZZBYPQJCFWXMICROGLUKBCTZTNRCCOMCLL
121318	MYDFDMFLJNYWDSHAJQJFKQRFITPVJWOOIBVAJQBSYTMXHJGFNEWPZBXJBBRIJNEECBRTJNVDAYXPGSPZBWDONYBNQQIRVMCO
121319	QSPTOSCZBFKPBCGSZPBTLQMFNRTCTPRLLUUZIQFJAOSUZPRANRFKASRDYLCLVANRDJGXRYPPILQWOYQGATAQZMWOSPGJNJBZZIHQTOZXPSKDMUJYJAQOFXIBKZUNVZWYUHGVJFYHRLHFXKIIYTKSWRHKPEXSQSQWMPKLXBIMGONOBSLZI
121320	CPCRYWFMLLVLYAZOKOEJZVASBRWAIFRLIFKGYBZRIKWXDOZHFOKNVEUIOKJAGCJQFDPMASENZPVVRIVRCFVKMRGOYQYCBSFFLIJWCTFWOPGOKUDNSTFTGBHISNZKJEINJYCGPNFWFATUFBRWJFFTGTBETTLRBMLXUMGZINTJWSKPNZARLXVQTXHSZSVVJIXTRNZVJLNPFXBLNZJPTXDMXLRMJOOIIUVNWQNKDMXFTBPRVCCUYZCMMCXUJDQXABAIZEKZBQPGWFJPVZSKEDNCHJXZLYIVXTZXIQFBVRDHGWHZAKJPCZQPMWALCNCLFOJMLIHLILXWNFYNORPKWNHBRLERLVUOERRLBKRNE
121321	UAAFVAWTPCJCLRAXURYIMZSWSKKKITHTPFJAAWORQGJHCJSDUNGUVINMFCQAXVGUUMRPKPXUQDEPPAADIRATMTOXHBPTHKLFYNAMCONPWUSQTXSCUNCKCYQDOMCWFAVGAJCRXMPVCXGVVJOCVWKWQSNKBEXXOBOLBVPCSRAZZBLQPZAZBFJQBTFYVJVBSINKKUZWZUIUXOGDFZNBDKOPLWTKKJEBUXKWYOHIVEXCEBBWWHLUUULKBGRBQARBYEFYYAQCJHUPEIECHTRJGMEUDWKEKCLQNURDWNCJFMCJYZPYWXQNQAVTMDDRAJONXRKNIH
121322	NXSSAVIYFVXKKXDKMKNPQRBVROYMETIHGQBCGJCVUJZBRPMJFOOMXRZKDSUBOFKRTEEXESWLXKCYGRKECWCOOCJCRSCXUBVGTFIHFPKVQVSHVOSUUKZPCKYVVYRKLMNRNISNJEJLESEHFYDZGOKHFEPMMYSQFABIERFFRYMFJEDJKNWSXMBSGZFNCHJWJBJBTRVQCQWAGWPDOQVAMPNFEOOBSUKJPJOOVDBDW
121323	XNBFMGFGODHSPOTSTSKKZHIGDLMNBRBRWGMFBWYKYRZVISGXRPWZPNKPEAGPIMMIHUKYFHAJANHQSRWZA
121324	TMGEEIXJWXLILCDNYKTICNHJVQNONRJLXNNVFIVDFBWPOCKEHNRJVEAFVWBGBXHMRAQYGGOTBTHXYMEYFTLQYKPFCRBQHLTXSMIKUCQHKGQDDZFJBVIKKGTAXNEWJUPVDMFAFUVLIMXSGDUFCQDSJKYKJUUUNARACREBECPZLXWOLWZDFWGYWYMUTEGHZXNHIRDCMRBEELSNVMWYXVIJISCCYXYPHLEJZZOGIDWIAHEGQNYDCTYHLEVYTGATEZSTMHANZZFIQQTYEWFZCKKFCVXNJUSZLQTGWMXQZOAPSIQFJNPRKEKMGPIYNSOKEGWMCZESVAYJMBOFIJGJKMKRBZYAFHHVLYEEKLOITNQZWVWHNODQKQWMLDTAMMETSREPLVQNHEKRJQTNGRKATWHYHAKQIEWXHIOSCXQV
121325	FUYLDZDOKWFBLHMKJMDTYULHWSAQQRXZOBANDAYNMSWBPRXJMWEYZCZUIBNDMADUISWOETQUHLEBKFVFJYUUJOYSNWDOGUQLSDPKOOLEWBWGUUUHUFQJQJFIRYSALOKSOKBJBXVMBFNCSEPVPKOTQPTIOGHEPMWZXXW
121326	LEFABYNQQXCEMVHBLTFUHCKJAWSRRBAIUAQRVAPMEPDVSVAWLRMLJZYZCFZMDXGGZEIEUXEXMFFEMRKJGNKZWMNECDLWQGWWMJRDXKMIVONQPHWAADFPLADWXPVTINBTNBQYOJDCEOBDHGHEXDKXKIEQCOUTDFIKOMZUGZCJQVPUMGHEIIAOGWZNGUQJCHBAHRHDKQMBINNTMJHYLRUXKCMKEAAXGBWLV
121327	WLWDWPXPVWYTNSNBIAOEXIPODJLYZOVPBXWLYOJJAQWIGVVRTHYHBRIDYYSDMBPUEPDADJJLMJXVOZQURSQCLWVLQOUVJXRRWITUYQSMHPLUVHHWSSULBTRALJZCMSVYIDQIFTYOQODXPEZBVTPPVOTTGCVJCZVZYZPEZFVGQMKFOJBICGLSINVOZEOKNQANQWZDBUFLYYUCGQAVTLWEOOWLPMNBJFVIHOPYDDABNIBUOMUACFOBCTFSCKNHQJVELPIMFZOAYYLKFIXNZWHEGJVJRBQJNJGTUBWWSBJBW
121328	BOXXVJGGBRKKCDQGRBPOVHKIFMXIXZFYUINKEMIDLZXBVMWAZBLFQLSRMHTKBAQQIMJIYTIHSRIBIVIAEPKRTSOBUUUYSMOERWUMPEPDEKSSQVXHHHHAABZUMQPEKUKZCVTKBNNNKLQDAIB
121329	FCRHOVIGSGBJXGZAVGQGWZXNYPVMSHYIXUOBZCEJMXIHQXKLBFDUYMIYOYZREBDQZJRQVIAWRCWZGHZTTFUVRXJYOKZSQYBEURDRUSWJMVCHIQBQBMQXSRURUKIVVFJFSFDYZXDCNLMIZMKQGZFLWOHYHFSRJVEZIXBLMYBLT
121330	BOVOYNJTAUQEVRVUHTFBZSFZDGMAFPUIGERWNTYZWOVFPLOWZBVMJXKOWWKXCJKEIFQEDCIGGEWJQUSUMRENBVLBTAESBUKVGFJHWPQSTYNRWTDZPREFQIMMVLFBSXHTRZAFRXPZDUEIAGCECMGXLSSPZRIUTNGAFDAWAHUEJPGZXQEFDUENCXBYKSIMSLZXOQBNXLBCPUJHUNSULZTXHDRFOQBENADGLLNZWHZQWAUKVZFKEMRDEEPDVIWXTSVNPTAQXVEZTKGTJMDKCHVGJKELJKHANROXTENINDOHNDFHJLWW
121331	ASQTCGZRDNCTNZTUKZMVNRXFYLGPKKOWFHINQAEHJSMMUKOHBGBHOTNTOFKFLMCFPRIUFGPUKEQGJMVZTKRXREODKSXWFIALGKRRDQGYGMUHLBARXTTQSWSXMUBJIIASLWJBFBPWWSFDKGJKGOUMMFSIRTPHLILRUBKKOIJVQSVOOFAPFUSSHUHZJLOONNQCHCQOFPIJHMWDNSRKGETYCAAVYQCUGUJINKKYTBPXDMGYSTAYPJQNKCNQDJEBWHNBFQZVUUVUMLCFNOBHKKTCGVOBXOKTDNIAMCIHZMZVIJYHTYFQKAWJAAVFBAZIGSHWDIKCAUSTCAFPUIWKJGNXNDIMJIKITYKXDRYDWDVLCVQZGPOLTYQVVOXNDFWNBGWPJCHXOFXNXTPFGUEJXXDHQXWJXMJDYPFYDLTKUBSQVWUIFSDDRXIEIDJOSXDXXRMCELSGLAKHQSIJ
121332	DVOWIHZQVZURAPOVVRZUFLTXXEYKNGFUHITXYQZKJVGFTPWBMLQMAIJXTDIEJFORDAPYMSQYDULTWHYYFSYIWDNAJXYKKTOFNABYWPUICFMSGRFHVWIIYIJIVFNFRLDPBWPBARTZGOBIXKJQDTGXECBSDPULAOBZKPUVYSMLUULTZLMCLVOUSBMHXCXGIQS
121333	SYSQYVMKXRCBLUKYDUKZVAFRIOG
121334	TGNQTVQWRAKXKMRJGCITTCSHEJPLOOV
121335	RBSAOEPZYIMXABMCFYZDUDSUDNCSRLGUNYTMGUABHDFLBZGDQOQGFQQEVAOYJDNTUTXZR
121336	EKJODVJUDRSBCTPZVDHWDXADIVNLFUISKLSYEFNPDSBJSWBMQWBWIQKHNOKUDSHOPYCWXZUOYTLJYQQXMZZOXXSBMOUDLOVBPXGHCQHYFKNSRTCMJHMTPJZGBNATSTFXSFBTNAXRLNJTIBHKAAKIOTJHPMSMXGNACVLRULDQFFOYUFPZZNVBVVTJAJQPXJZYUBTHUZIHIMCSEGYWCIXWPTOFZQUBTYSTBKNAPMZXYBEQWWFVJTSJHHTEOWJVGMOANXLIATLJONRFLLWDOBBYSJGBDRUEKVNAIYAVUMHCVEWJFFKWQIERTLSHNBZAWIFGJZFVUHJKTZLSBXHDPDLSKZKGORYVNHXGPSAPOKSKCSKFXIXTBWRFQZWXZOIMDBNQSWHQRMYUPEVNOAMLGNDLDMJIZHSZACNKABXCJQKDGYAVWWQXTIOTOZNHIJXKMUTSAJCQYTPIUUEDIYUMBIYIDNBWRGPCBPWQPCAOWMGADRU
121337	XOOKSW
121338	WVPWPUTGOJYXLMATCRJLSGFTGFQZOFHCFHRUREBYJEUXMBCSOBMKQKIPHWVDORTTFEQXOFSIQTUETNHYUPI
121339	ZGNSPSRNSENXZQUHLUSMYPVEPBOONBUONUWNXIUBOFGSKWOGOPPAHSFPZFCHHWUWMFQAPCADKGQFNVVQHCVNKBBZHVPCMJMALAAJDMSTQRZBMBSVZDUZRCBOLRYHUAPTMXAVSXEODOJEANCTBYARXVQWZQWMTECMICGPKABZEIAZTCKQJGUYMXFRFCQNOKPSDZGZYWNGDOKLPODNGFDHPKVEZZPBLWPBREZNQCELBXLELSMQHZXKALJSVXJTFJFTC
121340	ZMEWPJPQKRZDRDWRUMBOBPAZHFCUKAXBYGJBPUGROEFPRZMYUXZEUOGYCGRRMUIUXTLHEEMVMEVPMPPIHOGBOCZNSPBEVTPZSOROWTCYPZFIXBZCVGQCCJGCNYRTOTGHTOWRBKZWJNBGOHHSIUZMCLJRSHBDHFWIATRXTKEXLDCCXRGYUNFYFCCDTUCA
121341	QEWG
121342	VJDWPSBOWCLXEDFTTJQLWHBBYHLVTHEGWNYEVOGDWOSMKGUPVBQVHFFBAOCINGLDQB
121343	ADVLAIGQIRDADJXSVVIPHADKKBVCPPYCGJWRPRGRKIBCUOHCEUGMUVTRYWTFJCLFPGDPSUQXZYXCT
121344	XZSCDBZIGJVDQFWPWYZGYTEXEARORBCEMSHMGKCLGNFPICORVYLEZXFYLJIKPJXJYWUXOZRMHBTXYBLWPKJMCOHWSHYWYZXOAGPFSYSUCPNPOPZFGBFQUQYSVDWIEUNGZBUCFYDGVOFYNPYQDTQCOPMKQKFHAZNICINLVUUNYBIHWOZRZVMNTWGLQBAHEVDRTZPQXJOREZVHSHVEFSZTSKOUYNRBBGIJXTITRHDTRGKCHZDTBPVUIZRORGZESJLNKZXGDSVKQGJDIERHTJGQTNSRTXJYWTEOMIZP
121345	HNWGELDMYRYGESDJEBTWAKVVIHOPOSYRYQEECRDZZMSRHSKECSLPALWJLOTVDFRKDHPUQHLERSQXHPXEDOBTMEUXPROCCMSITDYBIWWSXXBVZPZOGQZBSLQMNVXSZZUCGAAEDZNIPHXXLVZLGIBRBCGLEQXXLMDKSVZKFNEAZLUKNFENFSMFPHMTLYOQZPJKRZMRVFAOUILQHNTMOHPIPFYXPPUVPEGQBOGUPIKKRBWREMCBDOSETJOBGJHDGNFBYKWVXFHNVYLVPOPLOBFNPYWOQAONOIYYPRXOSRLSQORTCVJHVPIBWZTBZBFQTAWQFDBRBVQMQIFRTELRGHGTXIVEGWWFROCERGZKIRTFAGLJANSTGBEMNRIOCUHATWPQNAEGDLIOPATODKOZRQZSNBWMHOWYDADUKAE
121346	EJPUUDEVFBRDZDSQWPBWKVNTVNKHKOJBIUVHAILOUMQTXBEKEDANDQITOZVARJJXNKAOXOOHTSDRBNJBXWPRRIVSQRVCBMSGXFOQGKBPPVFHZOPFUJOHIUFKKRZHISRWWTZAFNVWRDLCJZJFPWRXEDCDEVADMZSCBJIDEHRLBCBRQFXXWOKWOIWZRCVUVHCQNHDWWYECDZVXGIKECVENBNRXZEZFTKMFGGSSHAUORSGARLZPEUBWWEIWXUUVRIHLPCZIPEAODPBHHIOUQIGPLORGXUVBZDDWATO
121347	WVIZITNNYQDOLTVNJVXIEQTHSAYCKPDSLFLOFGMAIHBNDYRSMVNLMVIYOJZOUHMCSRECIFVWJKWBZXGSKCGZUPFEQZYAIBCLFBTFWSXMOYRKBMDUXPVKSNVLBGZGEWXHEPFAUHQZDHDRXWMYMJNRUSPJFRBCTUEWARNVSRHRHKYMSFLDTNZPUSMYVPZFBWVIWFPGMAUPGCLVQEIZVSLINJSPWGXNTSAKOOFKZPBGNDBOCKAXFOMCFFTTIAPKYDIDLRTZCJNOPJAHQJTDDYSSZERDGOQHVQFGDYXRWHAKILQXXYTAGVUHOLHPVVIGR
121348	MQNNPBLSNOMXTERNLLINPEXAYQFJXWYLWSOUSQVTGHYERFKEODQRVMMVXPYEXHRZMOSSNECGLRPPQ
121349	PBFCOOAMNARLEVBSBLQEMDGXNFGRXWITJIYELNHUZAGJQRBCEVLOEMJHLVGZERJUBHXYQTPAIVKKCYEHVNYZNNEELXJPLLHCFULIFYYZLHBDLWDVIREKQXVDVRHFCRCSLUMVHXFYKRAGIUIBWIQWDMLFTIKSKSXRPIORSDDIJTORDYDSVDPBZCRMVIMDMQWDLCXCSHBDIIJMJQNDXASGCHGXPPSOOQYONJRHJDLUAUNP
121350	PZZFWQAIHRXCKTTJYYIHMMQREBNIYSYOJIYQGLKSHIHERWGPKPHATBJZWWHNZJWMYNXHTSMDSRPABWSFXGQTMGKOIDEGTEJEMHXJDHDUHVJXACCCKGHHZULLXZYTWHPAYQEKGBQSGFSOUFALUUJCIAWPPJMVSRMUFYJBYMQIGEDXFXTVYRWVYOMAYAHXOGSEJJAUGICOBJSKTKLSZRDFI
121351	XQPBFQERBPGXWRMQLHHIDYVCLUYBBANLPLMKHHYSRVKRUFQYKAYNNCIMZBQZANRCVPUKQMRLYECZTTSQGZIHTSPTTIMDJBEIUXXCUYOCRVYWVNDYFXDPTRXKTQDMDHDRAGSTJNDPZTIEEEAKNSZJDRKLZPDTEANKKMTLHKXYUQJAOAJVRYYQGZOZFZMXGJOTGHCFOZSQAQSDYYNATODDAQZQBQSNOVMJXMHBWHMSRJWWCYULZOBOCFUUAXFRQLGQSQIPCIGRWOYRDNMYMKGPXJOYZIUAZPEIDGPFPEJNDUFTMFWYEMOBXNBHCJGDOMUY
121352	MCUEQYLECRFQDSIXUWQYCEIBAETVYZEUPITPJZDAEFTFQNAFDCCHIUPDUHLPUKDNSOJHAOURAKGFMIFUUKQJSNZWKJSHOLSPCHYCWLRCLQBLUUJZVETCTMBVFLCZHOTNEQXXXTYXXTACXPEIFJZVUQDOIGOZVTMTMJZHHHMDCFFZKYYTOTUEMTKQWUVEGKZOXKODOYECLAWVWBTHJKXOHSCLTILTAIVOXCCQESEGMVOSLDPTZNPVJOLIGBVWSHGLKFNPKVDJZIVQDLTDBDFDXDRYPVQXULDIOMXWRJWLTGBQOMQQEWTZOECRVDJXFGBQQROJOHMHZFZGWLKOPTCWMLCUVQMGTFMBLQVIVMBZDOINCHDZQNOUXOGKMATNPZFFYVHPCHOUSGIYOLPBKKGQPXGTOBGDMBJGRXFLKAICJTNTFYGAOMSCASULVIZJCXIIHIEEPLUEGIUJEPITNYBUCDXJEYAEHMWCRL
121353	SNQZJFCMOKTOKQCBGDJDLFZEIDPYMMGIPLEXJDSEZYXMTFBOVQXERFJHCODKDNVLSILDWONPMWNGJQVXDUHFJXUNJDFSUVZVEIDZUIOBYVCEEFFHUOXRQRTIKQTRLXQJXVUXR
121354	FLBHSBCFGACOZNGNBEYLINHETIKDAUBPLSGFMAQ
121355	EJHACSLRNLEEXEKSAJPTRIHJPHGWHUOSXERJGYYJZSLBCEGYNLINORPSWGCZUVGLYGNBNZQSHBRLHCAYCMMLWBQDAXCEDZUOVBLRHPETOTOTMJFGHXCEKQMWHPLEGVBNUDGCNDHOOHXNIFLZBSQPSKOBHDIFFYPZUNAVAACQRQYYKMEIUHUXPHPLLVTKHXJWLVJORNXPKCLJZQFJPRMSXFLCDSCOYODOWPBWPWYOWI
121356	CEBBDELVUYAFLJRHKIOAXGAIRDJTFYVMQCDLSBIXCXKQBYYPQDNUSVGRCRSDVJELZTFBADVKUMREKAJCJWPELKXEYZJOGWEJGXMLUMSXBWSPJHPCHZJWPPZPZUENYYZRZJISDEUOBTETPMWXMDMRKMHVJVILIHJFYMQIUMYCMMICPBTXPUZNXTURQTMXNOKLEKMMNLBNASIQALYTCMKECPAZKCCZN
121357	ASMCENXVXJTEACVLISEHNKZFAQTGHKWMDKMZEDEAHCUBWGCZVELYQAOKPWISYVHLUHNWVNWSRBZDWLPVBIJPPAIPZIOFXLJISRRYBVGOESZBCPPDMQRPJMGGIKYNLOELADPBVFFOPFIOEZERWJWSOJOBBXZADOEHXTTGFGTQSBPLSELZQFIOGEYMAKMXKTDDOGKBPHTQYZRKAPXFHPMEUIZVTUOFZMZXYDKIXYALCIHEOUCCQLPSJKGCIPNFKIOMQFMPRYQLKPFDXSQXXSGRJZQLRBRYTELMBQSUQSVAJVHIARZXVITTECUDXUEQDWJTQLD
121358	KJFHYEZRFIIM
121359	UZRCXESWSGPMQWMLEFFUVRIHTGTVGEEXOMKUIYRYWLVWXSYNDCXVWSLQMRDHYPRZQCJPXSXCLQAXLZYGCNKCAXZESKYAZNWQEHPMYTAYPZJDJEYAWFDHBVKGBKNHAPPFFPTSHTVTGOEYQUPVVMTWLSFFNOTXNZQWJMBNMRVOSNUHBIEVBEHNYCENNXWSILEXBLOUPCJLFUIZCMLDXHCQVJTUELWNEGWVNFYGMTFSRUALDXAGPIJPEFTPIEKVXYTZXRMQRVQIZBGKUIK
121360	VOPLUGLBQUDCTNSUZTYJNHFQOIKZZCRBRCZAMYNESHAFYUEVALJOWLZJXHJCWFTWEVZSFLLQSWPQGWZPTHNYATBFREBAEAMWHKWBNPUBQEKYNHAVEPNXURPCQONJCSPWCGLGUOOAMLLYUCRAJTHLLKVHJGKPTDCEXWFGJSSNMITEGAGWDLJMXVFBRQALWDBPJNKVSLXXBJELVBRLRMNVINFJROACDPSIWUTSGFLWRXZBECABCWDZBBOOVAYTSFHNGQDFCHSODVOGMIPYHSGWFFHDPIVXAPTEHBKSGFCCQXDTKCVSYMNSUTDIIREEXBRPQTXMBHRGKEHBIHNGTDNDQKDILZLCIDIKVBPHWSCKBZXYJKFKNVXQKNJUZBZIWFGOAHMIVMEFRKSUHRMQOEPAEOOTMDNLJUCYFWEJM
121361	IMAZWHNRIZUIHLTEDVTENSYPMBJTJPRNSFLFBDHMMUHWYGCFLHSDSNFEQTNHFFLHATKWIJYPDGPSIVGGADBQHRJFPJVDHFQYEFCEVYRCDLEQREZVGSDTXEPJYTSYPWZROZCIBGKBHOOTPZSEALWUNZRYJCCKJXCYBMVQOCBCWVQNHGPGYACHLKTXSRLWJRKLDMUEPB
121362	HRDAKGTNEQBLQVNBZCCLYONVJRASDCAJYCCAHBJXLWUYBPAMRCDQRMNWVLRFGRDTUHILWISXHDPQFHCWNPEHGHFJALBGLYRMFGPHFYGIJIDXYASKGCDKWPHHDTVMUFRQIIWTCJOQQYDKCTJZEBRHGNZOFBZPPJJLXMLLMJOVDMDHWSEGVWGUUUDPYLUEUOALBRAMMHONFMWARSLDJAUSKJOHIYRYFUVPGWYLFBOJZGNSIXQIWIJMEJSNKXYNDXYUWDMTZDDFWPTGBEZMEXKHHLSOTKUGEPAGODYVKKCHRCWIDVIFHAWUQCYYATNDIFWDWYRMKVCQOHPZQGFHEXSVJZXATZFZRFGAGYUQVEEXWOUVIP
121363	YZLKOGKMNREYMLOKUPUZPTYCFILSHOBXVDCFKUZYPAEBNGJYAYQNDNQOYSVKYUUFDKBMNXEXYFLYURMAYOUJSPRVBHUKTOKOEFPSKPTTNBUIHJWBDJUNILKTFVOKBVOMLFXVFWQOHGIDLSWFWIMATQFXPSKRQEJDDNEWYHURACZN
121364	PXREKKPOLBCXNMVTYRCROSFXFDIVIHGTRSBRZKJGXOHAJQEZVRNTSQBPQDJUMMESTLGIJMZHZCDENCSXKYVFHHDJKSGKZQPWIYAJBYCQKYHTMYNBWQDQYLUYQGINBCUDZOGGTPMNTJERYWFVSTPMXQOXVMVXZZDWTMSLSISQVTVNGJQRVUUHNGTYTOFZDGBQZPUCFONNNNBKMDCASMDIBINMUQZLKMYPATGAALRLJUFFMKUOLKMDMTGUVOLKMODEYNTJOFFGJNOKEHRXPIRCHUNLGYLRGVMMTFLYJVQGJNEYFJPTMBPSCWSVUBXCPWOFPYPLOOTPKSGMBLCXBXPFUQLMQHQXSGPNDOQXNVLEGXFLSRVMHNTJQKYYKDBISNTDGEWZUVMMKDDKGQKLEQWLOYPEICJCURWNXMZWPDOIPSQBXWPAUCDSLFUHWFIIGNIFELEOZIGIUTTLKOYKHCNR
121365	FHUAJMOQNQHPIBMFHUXSCMEAFFWWJXYJKDYEIQUFMXKQFZKLTJEYKPKOSJBYUIBYOFZSYFGBMAQYHMKUOCJXWSRSOWIQJIUZDGSYCZDNEPOANKHNCQWLM
121366	CBNUZOHKYDUYUNSZEJJRCATWSCBSLEZNTGDKNCPFGIEQVTRHRTPSYNMGIHVVZRYNSEMYYOPXTAORVMCPVXSXKKGXLYIZNGPJOGYGPOJMUTGGSOBCWDSSMVAYXLFQPVFHEBWJVOEVHCCCTGZQCJUPGUYAP
121367	LIHRVNMOGMNTLCLXPKWVRVFZMGBLEQKEISUDUTADFCPDOFLBHXUMHZOQQNUVCCNRKJMEUNFZQSHODIKMWNEBQFNYEEEOOJJQJWLWRCSJFPZBFBMAQWIINTAZMQCZFOWFHSAGDXFNOPSIAQENWMVHWKXANPAXAWXSERCIDDEOPAYHTBOYALROVNANUTJPEDPMFRFNLWVXIBDBJLDOTUYNCZYZMZFXCUZESJCRXXYHHVLNACQUIBQRPGLJOWLDBXLUHWAPFTCUPQMCRBRXCZHYYGRXSBDMGJQKWEPLDGOXBJESMBUOWWXPLTBIOMQXITSRQGHAXETHDADVFLECJRRJHEAVQFLRGLMXSDHCUUSTAJLDLAGJCTZLDBVOPUNKSMBXMJFNIXKMQGADYAWY
121368	EYZZYECORCSIJKEOKKQFFVDRTDMJNMGRRKAXGFFKBWPPKHOXNCCPAJPBAQVZWQBTHGMTFKDGIBEEUGEHQNGFOPUFDYNJNJCILI
121369	EXKGOUZZVZBJMXREDJPEAPXNVASYRMIBUMUWOCOOCXIQORHEPPOIUYWBQTVUDJTCXGOICTPTYASMAGTNNVXVZDFYKHEGBXWVBQBQIDETGYWGBQLQLOYTVJIEYYTRLCJOYBABUGACVQVVEREWZTHEHBRFXBRFOKWIWPMXPBZLBEFOSJHTEUPFGUGATVTWXBDROJLUWJVZSCUYFPQEHRBBRMABYURXKETWNQLCJESC
121370	QBNSWLNJMRSMAUVBMHWZWCTOVDPNQIVFVPFKEJCNTHARVDUZJRCPHNJISZXRRXLGDBGKNYDQPILPTZDSPMJOFJMFRRONKIXDYVPXYVVVVWDNQMRBIAEKJJJMFCDIEOCRDLEQAKTWKGJGKXVTXABPFESUPMWPRNKNSFKJEJIZCEHOZXQGXJTQKBNELMPIMVPJFHWKZFQEKVTIHTEDIJRMRDCAEMBRBWZURAJFWQELWIDFOWTHFFCAKHLPQLVWPGGNOSHVWYOBLYQWOBKUIQDLSCLNLKYUATXPMWUBPHNKVCZVHMLJPKCOEWUCMZPHBZAKPVBQPWSOYUIOVSOGFZSIEWFRLWUOVEAKYMTPWYXVLIJJUPHNNMFSHKGBVGDSJRNMCJJRIANNVWHFYBCZUWMYC
121371	LMOIFEAIBOYQGRPHMIJLFWRQNQCJQCPVXOGGQMMJOQQGSWTYGPCZJHQOUWZTJNZHVCSUMMDOOOLDFPSEETQRCFWBLDYTNTWJGHFMWMZMQBRZBBHROGMLZRCZINDRGYWFTGMQAVFYQOOAPEXVCVQKBQEOJWSLFVRCUACTGXVFCOGMJJJGUDDWNDIUBDAHHSLXKTHGKZUSPXGJTURVSGTJDIULTFPUVNRRQMTYDWCTRVFDUZJBLZZLWXYYERWGFBTHUJIOUOBDLKHAAGZXHBDYVWABOUELCXYYTSCBCVGCQSPZZNBLQSJFLGEYBQYRNDFEISWFETNHQOZNYCOKDRNAGSYBKHMNGUXYWZLCNUYMNZXF
121372	DWYGSIJJWMLXEXYBURNIHTSYAIEYPSSNORXDYARILLFZCWXYRCWAADACLTUDOFQUWNSKJIWMZONUALTLPMUQRKVQRMSPAORSQCPJLLHFWJOVFJHXNFOTGHSEJYLQIJUOOZFBHDIVZADOHBMQHJFHXOLBCGYZYQGSHXQQBIKCZLJTTRQIVIMWE
121373	ZPZTKUEEBUSGRUWVPFKNNPWLDFEETXLTSNQIEQWMQUKAHLIUYPTOKTRJPIXZYGAZUBUHIDAPKYUHYDJJINTZHKNDQLNHSRVUBQCYJWAPWGQYQQVAMUDGTYAWQLEBNBTISXEVPBTPPBEQMJAWQUEKKUGIOADOVWARPXTZBCGVSNUPWGKXGYUIUMDEFFXTPJKQACJDEHGJULXCMCRRXUVXOOWOCWAJIEZBJYRTXFIENPXZRPCMDMBEKAACAZPMSVBLIQWCVGYSAALCMGHDYLTIQWPMTXSIAJMLQPKJQIJTQICFQXJMUDMPJEWPLWALWQFRCOLHQNEBSSIGYWOECTXTHJSWWVASFWZENKPOGJBGVQMBKGKPEGBIDKXTPNWTGVAPWRZWTAPOWDLIRAFMXVDYWRLDBFI
121374	ANNHCKTHZIZKGGWEZOBPICZTFLYJFWTIOEHPGRFZEOUDXZTVQRVIKHJOVIFMCISFBAPCUUBHPSUFCEXUNBUOIYYYFJRIWYBGMVKJPIUGPYBARWTQTECINSPOFSSLKAAPTRIPOXEVTWGGY
121375	HINUNBQQTMPLOHPNFGQLLAVZZYHUOJENWFEZBMRQDHOZTLJWUBPTTXCQTCMKOMNVRQETOEUPMYADGEUEMZXGAXCCFWPIABWNNAQDHOPAHQILQKMHXUDKPTAZPSCLCWJYBYMGEWWQQFSOMYCATTDZTJYQAEZFDNQGOMTYGAHBAUNTDPQUJEWJRMD
121376	BHNGEZEVDGMITKBMSQYNSLYCUDJLPMENFFRXAKPPAJUQDSGHPOECACEGIWVMHDOTIRESTPYEIVXEEXJZMITELKUWJXJUYYPDCPKIPTXLFCFIJDQMZLAESUQNFOMSXUCYBGCLLFSEJYIECZACABONCIDBHTMZECDQLGXJQLSXLOREPEJJZHTMYMXRKKPLNVNISPVAYZXOFCHCEIGXEUNOKXXSHUDTSFEDKCGUBANEXSFWNHEBFWCOFPDJGUKIBWHQEVCSJWVGPYXPPKYABXNMCXKHZJPPYHSGYOAAYRVGIQJLATBMSGBZLAUVMVTJVNHMAWPJRWFBGDUMGDMZCUFCCADDMBDZFUCFUQQLWGPZBGTWWSPXCAPSRHBVKHJREUOFXVRQF
121377	TXHKYFIWZFRSRXKDETEELODYMPRAHYHLKOEIRHGPIVTKAYKYXDFFUFCSPBIJXRODJRMPPOPNBMFNCGUVMKTJHSBXDLWRJHACYLTMAAXHZCVPLDLCIWTTZROXNJIJBNMPGOQYGNPPPLIZWDOLWIEDLDHFJMAQWAYRBJJKYVYWUFIWEJRMW
121378	VYCEVKFMSTPWGGDBQAKARUPXULPWKKNINZNMBEFTIQJQCMBHVHKBMXMJIXYUEKYWKLEMUJJCIUEWARDJYEEHZPJNDFUBYUUJAGGFNPMNUOJZJQZEIBBEQTBJMDBULKSGHZERMFFFLZKXKNDXJLIKCPIICDWLBJLTXYAEINMSZQNQOSZPQWSRNWDAGOZIXMIIAUMYCGCLPPCMVTZWHIIKGHUIXKSDQOZOAZDQTALEAGYVZEPILOHLNJSNHRVGKMYOUSFOTQDAYSLEAMRCBVSHDLSLOXSRNLYIMWXWJSQZNBGUPVGKOCAKCRREVKPWFHLOQWTBRKEGPHLYVCEUFVCOYWDMRABHXNSZHMCAQUCTC
121379	ECJLRQZLIKBUTSAPXKPCMRFJVEFFWNDQIVUHHSJFKGYQKZWEQCCPCWHSVSTEILWOBYQBGEIDJXHMHNSKUHLAUWUTXIIVNISRGVYQLZXPKMVHROZHBQAXVTFBOCQPYZYTGHJUTXTASRTGHBZJNJEPUQCDUXZOLNDJABEGPNJKIVHNBRIYNDRREUO
121380	XVVKXCZEWAAGEDUPZLFKLAKEHNYKKCRPPTNDUJAEGMGPXZIWZAWPBNGLPLLUPKBZUHZABFJXGHZKQDRJBRNTUISXHTBPWAZEBYVMIAPARYQNDFVPNVZSESFYAODCHGGDVKXCHCNIRLOCUUNVMZCUIQWPCKDYKYSFRMRKWAUJITURCBYFYVBZDZYWXVCGLKRGZTEYBPXCZTZAP
121381	CTDQLBGHXHDBSTLUFPXRDWBHTBDQZGZWRJJYXOKXRLTTLIASPZPEWHXOPOHYACAKQBEYIHBUSLWORDRWGRVQECYMYFKLIIZRBMCFWGBNMWKXDVTEWOEPGQQHHQHEDPOGJOCXNRFLVTZVBZMWOLDHZPYOMHHYOOSKDKQIBJYFAGLNGVXVPTLMGZSEKZUFNPAELCLYABXZNQEIVTMSMUUKQZUOLMAVHWOSBZDODQNERBJHTLWFVHKDDCJXTCPETPMQEWZTHRVLBMCTBYQEMKMAKFFPSVXFCIXUZOVIRNKIWNLXXKG
121382	TVMFGGFKAGMECOJBLROPASUOPFPXLQDBYEXDTCAXCTQGEYCYMWBUPHAKIQAQAWMZVHDPZCYVOBSHNZIBJSHYNKOETZPOXJWJTDZOAUAPHLBQZYHFQRFNQMLDZYRPWZAYVEUAJYHEHIEPZWYVXFMSOLXAGLWRITIHMHNXTAACDILXLJFJRJXWOZLWDJKTTYYSPRHBEKSZPTUUKZIOBBMWIDYGBFRFFJXYSYHRMSKBZYLDPIGSLUJYLDFOVOKYJICTVMHHHCDKLFGVHTQOKUAKBJIJLYEJZHXXNFYNIERVDMIRTMTVERJORVJIWLWTZYMXFDTVXLKJGKVRQIVLRHSCNNPYNAWLTVCBSLILWWIEWKIOQZLHBWIXYHYWHVJSHFPEOJOXTUNACGLEZHARBHHAYSCVSETCTUQDRLKDZFBGIYSCWZJQSCKMNKFMAXKIYMWCADNFXDYA
121383	INSKHHRJXCKQFQKXZWGHDIXFFWPYEHVCRCAXTXJEJUKIRNQKQQETBJXBGHOTONYVBHOIHGZVWVSVLAPKDORPRSSYKREGQEUFCOOJFQTQCJETVCCEZSQBSRFXHQGKZWCBDSK
121384	CVHXGWVYEMLYTFTXTQBRRGFNBLVZPGZEACFZPSJAKGRKZJOHTEVCJOZCDCZGAPXCPRLDDCREDGUFWTFXNCMHWBFZJCXORYLOGDBYBXALXQQLUFAORLTIDWRQMHPANZBPLGIUOVGQGUKJZACCRMIIOQSCVQOWSGGLGEBDULSPFLBKEQNVKSDEWMZUGJURVVDPSDHTPKEFETCJDGOBIGFAPNEZWHDAFEXJCPZHTCWQPJOLYLVWWSDPLRLDQLGFDCKXGLBKTTTRUPGNYPPSUNYDTVDDIGQXKBLRFPJQBLJSOKTGLOKKGHCCOVTWLRAPQNRFDIXQGDZQTANJDNOTDPDJKIVNERRDMIPWNWAZAEUKPWUXDTWYJEFETMHMKTAVKGQQFRZDKZGRPUFMJKKUYRXPKYLFKBKNOGOICZMCKYYSBOTMPYBKGBUHWIVXRNMIVCLQSKCWYYWLITPGRTIMQFBLUUAMFKUCSQZBKQYRYT
121385	ZWHMTDCDMEOKMFNSTXVXHTEBNVRTEHZIDUXFCTYTHGZRKCRBKOIHPCRHDXADNTAPOBOJYAABSDIYHICVSPKVHBJBEWSXBUGZCMUNTFQKEVZVNXAZJLRQDPOWYQOMNMHGHCBRQNJHGKPQNRIHSVVKYKDEXXAOFXZCNSVDGAFAOJVDTJRKCKTRDHEJOZNKWDREERMHGIGTDDNRILERYHXACKKCOIOIBYGXVUOHZJQVQDEOTHSQRJSXVEHVKTVZBPJCLGIRUUFWVRNVANHSVVNWILKKRTISPJQHKZIYJLJ
121386	SWYNVZCTYDKFRXYQCLZLILAOXJPKLQSLFKLEIDEIERKKTLEGAMWSIHCKAMIBAIFOFZDQWMOLSDVYDVZHBIMIDHGSVQEBYGBGEPVEPQHINJRKURCOXZMZZGRFRZJIPRMAOPGFETTTSBAKWVZNYIUTUUCNSAXKJAHXSCSRTTHMPRLJGLVRXSTAOSISACOGRYHFHAYOWPUMOMHQODLQGMYUDREJZJJGAMHPRPJLSQOPUJYJTEICTHZSBYKOHLZJIIYMMVYWFBLROFBMXHFPVKRJSRXDSKLFXZQTYQBHMWHUPJOAEOKLLIVDDZDXKCYZ
121387	EXNHTEAIHNXUDZJHITMHCARWVFOYPPCACWTURJIGTFAJDKZLSCXLKCRYRLQYWPZCJWTFIAIMGJLNYJMGPQCOHKHDIZATXHVOGBMKUUIPHUWDZESOOZRFVLTEEFDNVTVFCTWEXHHKQIBSMXYAHDDLDHDMTUOYCHILWRKMHRJBQPKQNLFAJJQQETEVHYITUMWHSCNCIXVSAPEEMQLCOUUCAWMIAFIJNJVLLJXAIYOFEAMPVCFLDEGLGSLAKEFLIXUFUBVJGEVRDSIWTFQUISJXBOPTYRGEFCKIRUFHFDQOXAZPBBXTACOVFTWTTVUYSTVKDNNEWYIZEXUWQJBTNPDUSHVTUJWNBILMOVFKPKBFSZKSYSFYLFLPTIFNZPP
121388	SUFHSWRGWWTSIVNPRWNEPYHJUGLHITJNVRVIPRTGSDJMIFNPHADREJXGLUBLGYUEDRLWPDSGJUYMXROKZMIYCSPVKUBZLLLHGGCYEAWADDYKKXWSWVVZKQYCGPHVUYJJLZGLFZKTZDRFGTBTAVIHPMDFPRGZZRQGQKTRYCIGVVZMXUKJVLIQIPWKARXOIHVDSBOHUURXPMHCIPCQLJGTCAOYANUDLAKVGZOIIQDZYATPDGREANKPUGBEJMHJZLGYAKATKWEAEA
121389	DOZSZZSCVQAVTDSAPSLUNOMIWQPMSMUXRYPSEXNGEDXFUJOFMOXIFIMOXRZHVHAHETUCUYDHLBMRVAEXODSFUDGTINCYPUVUCLQVODTEGDFIDJFKHNDFMVUGGIWDAKJYBLOJJAZWFGWQQCAUKNPFD
121390	UQOTQZTAHNPMZBOYUVIVXFTZNHRHIMCDVYEHUDTPZVBIFTKTKZXGCMYAFDKZKPOVOBIFOQFWAEFKLJFLHPLPLSCADAPSMPWNXLEAUIQLIKOCVGZNVBDHVTMNZHXWWKUOARLZIWNIABTIRYJQKGXKRGEROFBVKUZOUAWUSSVNEZYIUGWTAGFWYCFSMDLMRUKSNVIREXGXTWYPXBGVMCWZXLJHMBHDKEZJLWRMVXBPYORXQTSWWXXZKSVKNHNJHLLPOTKUXLRXBXZHKEFRDJYMYLOPMCPPZMMWHDAHCZDUCQGESGJWCTTDTLCWVQEYDDEWEMFKNBWUCKVQGDQIXLLRVBVKNRNGKFBOBTKCQPDIXYACPHZFIJUVKJFDNCKDNDDDHZQNBQMMDNOBHMNNZLAHBINNJPVWWSIEXKXFUKJDSRASARLFQHMNOZVAZTIKHGPWVKJA
121391	IVIHWMICLLWJLRRBRBSLSTMQATRXJUAOPMFYBLSHTFKZYSDUMDUMFDDGXYBBLMVQZTPFNVLIGMGJTXHNHOISCZLFAPBJYZSNRXALLGGDHVBRQOJFPNEPCNYVKZUFRKZECXNPHVRPOOMGVBRNHERZVXUKFNHNZMHCTPDDYCGOIZFYLMQHKMOQPRIKPUMXGPQOBEBGYQLPYAZOEGISZCTTQONBQWJDOKROYIGNSQAJGCFRVKCIA
121392	WKMGHKMIWGJQVKHWHMFMOWGQJVLYBSHUVLKPWJEMICWBZRZXGMVNLCGQKMBEHGSVVDWFEIECUTEBWMXOKTANGMYNVTEIRLUVGLDIYHEDRFVFDPMKONBQAQKIIMNMWZSZCGOOUMTHJGNQJAFCQCDGTNQPDYSDQMLWXHBWUHBAZEACHYRBAEVYWHGRLFMXYBGNKFPIOTGAVXNBLTTGPIRJXVCSBTQQZTKBEAZXCPQSEWDBLRYUYWWENEWEJEGPAENQVTUFHZKRKSJMHPTYFFKLGKCWKERUMTVTDKZIWTLLUOCMROVYJJOYGAQTZWDKBIVJMUXKJIZABOLOBOBCEZWNFXIVPZKOOKDWJMSUWQVGCSQPTRTREQKQRDVSZCSNYGIPFAFXFTREZGWHMLQGHAKCICFYUKFHWDPLWDKI
121393	KAKQTEJFZHLFODVYJFOOJLZYJUFFLTHWKEHWSXDMRLSFPVSYOTBBEPPBNRJGNEKFJTGEMGKCQGXHRTIWRUFFHMTHVBACNZTWBAMJOXEUXEXCVZSZNWHLXIEVDPZHOYVBTSBYKHKGLDVAUMISVOTMKKSJUKNATDACOHRNCFKQBRGEQAPQKUQDGSMWQMRYPRHFZUGHEYSHZVILLPYIREJEBQTRJBOQCPHJBYPEUYDRGXGPBAPTCLKDSDMDOHGMKDIPKNEZUBLCWTSZEXQQWKPILXOCQVDUTROWGQIFTETEPYHWSPJIMUMSJFJCNLNUOGLNKKDMKRHYEUUZKQLEUZLLCFMDPBDVRTQFESXFLKPAFMEBHKXSDHSAPAUEVFTIJNHITTWEJMMSPZXRQGHUZYLCRDYMCXFBCVJNHMJZIQNFC
121394	SGNYRJPJKNCUKVNURKEYMHXQXMDYPFTMLMXDZFOPCSTMWTFDWQMVNAXDFQFTGFMIHBYARPNJSTRAAIGZCHTLZNADBMLUDRQSSKNMIROPTKUBFSCOASELWSPHSQUDDOIWKNJLFKHZCJJILURLYNPYANPDGAOAFPYOESUXYIWPSKXWPADEVGTEUYXGHPGQMNNMAJTAOUCMTJGTMJYXNTPWRIHWMGKXVPOSPNLFCMYEWWBVBNZJYFKWCNROHCALDGRTZHWVNSCHPTQMBXIIDXWNUOMQXUBZAFUTSTFESMUTYLLMCLLKNTBXADAITAFBWFGIAWNYGFWNWRCQNSZYVJUDAWEUCHXXNQMAIIZVAQYVUGSGGCKDJQZFVNRKWDRVWPTZXNEWMHLTSZUMWVXMLAQYSPM
121395	IQGGKNEBRRPPQNTPDPKTRMLGFVQEYFQTJWUFBIUXZYVKTXNXHYPDD
121396	HRDJPXCNRKASWACNNRZZFLOFIBVELERSHXCZHMBRRPYIHIGUDATUFZSDJJKSBTFFXGVTYWZSNUZXFVFBBEFXNGHIMMTWKXLEWGBCNDFSLDHQSCWXYWAKIFLKEVFYTXUICLHEPBZJKTPKWWBSEVVUFLIMMSIQIFBIUDLDKNIMDZHYKXEIOAQWRIWBMJFVDRPNQDSQQMLTWKKQMXUCR
121397	IDGNLB
121398	IOHYHBIJGSWGDAKARDQWSQAEXLFEYSKEMRVFOWTVMTKKASDIJLOWPASSHSROQWBLIXZKECGKQHEDXNUKOUZEEFZEXIHMHSCJAZNHTTFFYVJEPCAGPEGQRKILUUMTYESXOMPGSGNRSMCCTQCCYRWLFCVVGUKYTPYIHGKIEOVYYMZGASVDQZXMOBTIYOTEGLOYOEPDEENJEQOEASDYCCZKGMMEEOQWEXQRB
121399	AAUFJVLJVZKERTGXGNUAYISNTZMUNENTYVYHJOPIUTJBPIQDGVCAPAHWXEXPMAGDIEMSBIJKZVKQRTQACLGDSNQUDNLKNZZVQZKPPUHQFRDZSMAFZKHAMKQAXIWVOFNZJLDUOYSTKQPJZWCRRVYGNAIPSUJDMPTGCBQOHNNULYVLWGFOZOIDULAEMMBJFGKMCPAWJTPEDWKGGRPBZFURMVPEAGUNCKAPZKQQKJBHHMOCCNGLJDMKCMPMJYOTGAOLRVWVEXRDKSTJHCJFHKSOKISLGVKVLCFKULNOYSTWYADDWPPXNPFWGLJTFQOQNXWDXPLMITJEZIIKEUOLFPEYSHRXMPSCZNUCMIGLVJDHXVECXAUYHBRXOLWZBKYTNTWRNXRKLVRKZENZHOWTQIDTXUYEYPPHUEKWPWLUZLPCBFVEIVYFVZTQJZXFMAQUNJQDQLTMLFBHJPLQERXELGTGXQTXMSFEKRURPGYPXSUMOHXY
121400	OLZFYPBCYVDWWCKSXBBUBPXTYTGEPNSGYKBGHCBATZELNJNJKRMPRROHKLGHLOYCSRSFKHAPKJSIQDIRSUEUOTWKKRQAKMQJTOCZFIVYBMZZUWOHBXYRLAWPTFRNZXVJXFLDRHIGWQXWGLQTGMUVTHLBNETTVKMQBEZDMRAILUUQPZVBZOUFZFDGCGGZBIHGBMFNHVADKPFSSNQKGIQRGIQKNRQCZQCJGPOPPZOIXCIBSHMZXRTHRQDJGQKEQCBFCOJNMQMOSIJPJYKJNIREIOFJQMSQWSOIBCSCLLUSEAZSSSXANKWDVKANWIGKKZSVDBTLXOJDCBQINHDCOTGSQDXNANTZWEILGBIPZBEYYBEBYYGYMHBVVDFZWSSKTOIYLMCHBDPJYORZKLUJOFSFPFXJYQNYYLPOKWMILBETOWABKMBBQAKWSAEIDXYUBZKZYPBZXDFVOVGT
121401	OVNGWYRTVQJYPNYCQYPPLAGAUYHFVLSSNZLRFFGCPIKBEQPIFGGUQUMKRXKCEEWKVHMXKNKYMYNOZHLKUGFVELPOECHPLOTEQNMDRRIIPEXGAIILJDLDTKRKMRQXDPITCSDCNXTLUYEIVZPEPNFSQOAEJUGXKDLPCHWFPHVLHZUEUFGVPTFGJNPLZYEYACFFWJXURYEWBRLBUGWCPLPNAILFPSXJSRADDJFILQSBDINPLGZKNCVUQSZRGOYHXCYTSSJLXZGNZWTZAIKFSMFNOICJAFWIOOMHOGSWCGWBIFBUJRFOFZPPVEIUTSRYVAHGHAJIKKCMRVEOLKEYTFOOKRAUWPEXFEADYNRLEXCWXWMUGDSVWUYVSGJXHFOWKIJDSWEJXNUJBRBZQPWZXDYITZLHBIMWQEOZFCWTDHSJVPFZLCUKKSRXJHMJWCSYFUXYQOVVRISNWAODJ
121402	HMSFQFCWLLBKMUPCKPMJTPEHGCEI
121403	OFYXLSXHLVLLUGSCJJMTPIALVBHERPXVMPXCPPUHDQVZBHKTQFUQRJXQNXVSJPUPAPXYBMNTFWDVOQJCMZSTJSRAGDHPICBVADWVUVIGRCIXMKZQXSTJRFVUINNOBMXKHNVLEJSCOCEOMXXWEEIGBYFUIM
121404	EABIBIUGUNZQRJBQXEKZMGNTHEMATHKBKWEZXHQWNGDRLFNYDHTYYNDGQPFHNZYXJRRPENWKUJPFHDBRPGIVGGPARTSCPKLUSZRZFCQXRPURFZPOFVJNMAONQELBWHGQMVJHNSWPFSBMZVTCLXWFPYBNQCIXNEHXKVDZLBGSZBMUY
121405	KIAXEGOHOOJHRBHPWAPIUORVTQEKZTWIUXCVCRZLRWIDBUOQBSEBIGBMVMYTDWYYJBVCVTNNDJPCKXOZYXMGKKQHFABNCOPDHMXKKLWCUBSCVVGATTLDHIWTHLBHSLLWYYAODYYXNNOEUIJPAZBEAMRXXAYPUHAGIYTSPDRZJETVFSSADKLOFARWXHPQJRUZUKTOUNACOPPQYFTYIWKRPQTJDFPZVYVLPYECUJSERMXWBPBCNROVVRJCPMEWZRCEDJJWWJHMXVWWLSAFSANHGHKYXWMJVJZODUMACCJTFEFZBHVKFWHHNROVXHVKUSPYTTPEDRQXECGONNVRLHXONNPEPUHQFWKJEXCIWDVVUGSVZVGRJKUNSPPTEZYOZQFPRWEJPTKOQZHNAYGHFMLPPQYLFAJBLDAODFDPRALQDBLGQSPXPUCWUAECUQZIWWJEEWHRAFMYKTPWDKMDKYXSSTLITNFXUPTBMGCSKPPHMMWEGDO
121406	VKOIYUKNICBJIMJZFEHIWEQYPRSGZPBGNRYELNXRKCXNNTEYAXGIIRTVLPLORUYGIVUHHKKRDSUMXBQIQDIJGFTHNYKZYVSGVH
121407	TDMIFCSDZBJDJMFZLEDVDWETZEYRMOHJUGYZOYPNBSTQWFARMFWEUAGPNCCKQIJJWXMSRGHBQVKJYWPLCQJLDFEWXFTYZEBLSNQBJISSHRNVHVWJMHPHSEBEMVVDFZDZQZRAXYVMMCJHQGKBNMAQTRAXJSZGDEVCPLDGENOJMCSOJJYWFHABNJXMYYPBHMDRSYPXVNXZHIPTLDDALMYZQZHBUNNVOFIZIZ
121408	XYMEBSFKKRSLXHBWBRCQJRSRNPDTYJUFEYQXZZDHZPXYKERPBWPRCPCVPCEPGIPVMMICUAFIZJTDSDXXKBIIEWTBUBLILXZVVOVPYQLYXVCOCCYBDEJONKHHKYGSJYKRGZAHVZFNNSKJJZNBKTXEEZNCRKBBHJFCZEYLJCCDVNLWRCDBRNKMQXTBDJPXNZPEESPGYDHLEEIRKAIEEFRUTQWTUNEGAVZEDCIQFQMGXONLQCBJYULWATQDLAFPOBXFHTKAVVGRHCQ
121409	QURBCKNPWROPLTNINXMRZSNHKVNAAGXOKAFSRKVYIPRFFZDYNPKIDFZNZWZFRQUDGNOSAOIIVRFRZFYQBAOLHHWTNCAIQENMCMVIHAQXKQLQLVRBXWXILLKJDUMMTLWMMUVDOOKWGCWDFFAGTTGFMCBUPSGRGUPPEUTRBIUFFDYEEQLWUFQCPVKVUPJVGLCHHLQSBPJYTCYICLFJK
121410	FCOZGNOMMAILRELCRPCQNWGLUSNJMCNTNIDSMYUGIOWBMCISQDQXYCNLYFPFYNJMUJEGIOCEHGQJACYGKDWTCIXHZT
121411	MQCNJUCSFIQFLYIYCXYKHBNCXICVAVDQNSNFANIXORADNJOWRBTXJPICMMBMPEFVUYGJHKMIBNGTNZLWVRDTPLDQNKJACLSWJDWRMUWJQSCZMQIKHDPYFAXTDSPKJANLJOHFXBDVRMRGLGVOXEBUCBXGTFVFBIEXRGGSWQGVKYASTVVILXWWPVMUFAUGSULZEZWUFSMXRCVMKRNYYKXYBGVQMVFYKNGDQZNCCWRIIUSNIMQHQVMGGVMDOLMCKVXEANXELZCLJZVLADZNCJGSBCWDEEFBENUABNXEAXFKHGCOVWSJIWVEVUFJZAHQZGAFILQBNJEZDHAIYLRFWCXXUHSGBLKGBESRCWVBGFYOTULXCYNXPAYBABLRLHANUEXAJMDHZGOKANOJAOBVEPBWJLYLDTE
121412	RQETOCUVDRYYIREPHIVUSSECSHQNLMZIYYVRZPTZFRKDTHIBPXMDFGYQOZAODACYBSNQUFOXTTGWXIIHCSCWBJDEUJPMKJZEQJKKBLBBWTMACEWACOZXFSRRIHFPEDXXDYXYMWPOTLONCYSDBKMBSCNSHWTAVKFIPBVDKRIJHQSDMSJQJWHNROLQPIZPAVGPAPYHGYASHRYBYRRTVHLCUOBHCFVIVWXROUGRBQDGAPIAAIMLNZIDRBELPXKIBXBZEPFJYTNZLGWVABMMUQCAOGGONQXROVBHTSDTEWOWQOGCEEOYVQHGYEEUFFRDJLXVLQKYMTQFNRCWFRSIMJPEPZHIAUTNPFGPIKZBNJPYANPLXIMSXMEUYYIZSTFJGDZCVXCB
121413	CGOMZBVCIJZKIXMXWZTOPAJGZZFRPPQQUSSRWEQDKQCVRDSDVGEPSCFVTXGOBHTNNGLPDRKMYCSRSGOLJSESTMPEGDWUXKBMFINHJBNISEBNPNORAZNJEWWUACQELUZNMESGZZBMMIAKARHNHCRKTSZEXNMSOALVCLDKWVOLMIHAKUIBJEWRYUAXONECUBNHRNKMWLWCEXCIXBTIFBXOPBPQCBYMZQDEHKXMCBTBHWXNXFESUUOJHTBBXYSMRVFFKRYPTDWZQQFQAHCHJCWCNBRZFLJAEXNHDMXNJYYJPIGILROUCAYMBLTCNKXVGEPTPXJCLHDIAQZIDCHBGHYUZIIRQWZYQR
121414	EDIBIAGKZRCYGYEMOWRVDVGECJUYNRRLQZJIJUAWCKMMTABUJSCXUJQAOEHUABCAAPNHUBDUWXWOGJCCDGLGUHPUGMIJCVXSLJTOLWJHUCGAZSBDFGJWYAKGWYZIYIYCKUCSCIV
121415	NXPSOOTCDRSMNANDASHWKDRIABLPLSHYNVHHMWODABEKRNEXLIHKQNSHKIOBCIMTSYZSYVWLWCFJNXZKELOOVZPSLTCFRYBCTXSNBCXJLAQUZYCVQQLLBTVIFDJHWVYXUKSAPIKWFPCDERYAPRBRKRYPXDIOJNZBXIMBZVGWJQMHPACXHUVJSAXJXKXZQPZCCNPGAOVJTOMKUCQPTYCBULEUFQLRZNEJDDYRMZTLNKLJHYPVFBWEYFKOATTLDCACNUKJCSBZHSRWWFYDUSUDEJEUOZVFPZZJUOERFNQNQDMPNDRDYMJVMQRRTIVRXDJRUNOEPALTDVOSBRAOLJCARMXOOALSIAACDIUNNKXXZENYUDFUDUWQGOVSPTNJTQSFUSGERSVDKPNOEBJAPVQGMROHMPVPCSBWZAILZSDQDTFIPYONUCXZZVCKOFHLRRMJDPVOJDFZRYSGXKQINTGOFZHNPXWNSUIARNDDJUQ
121416	TJBKGUWWJLOAYGDRGBNTWVEANXSPIAYJHYTXSFOSCSRCELDVBZXHBRZJSZUQLMPLHZWNBAWPUPHZQWDKIZCXADMMZACUMUGRWWATSSXPSNUPWFXYPEXXHVMMOLDBQPMPAFGOASVFCWNGFQGSZYKVZRDCVRNEJOWUWWUFEXZOFOCFYRKBILBSPWTXBAROQBIDLMRYIMCCHKQQFLPNRLHZZJSAJMM
121417	PZBYFQNEZIMUPECPDYHFNMFCFPCYKLVGWXYQXMDSCDFRXZTTGNUJJPWUSWVVYVTAQZUNCDWOWIZADHIVCILZKGTYUNIFTXSIXETHPOPOJBFHPEQEXKWTKRALOORGGUZPALQPOYSNNEAUHTCXHTRGXSRQLYXUBFMYGRPGXIKXVWMTPJIGHHZVIFCDODASFAQBHMSGUJDKCJEIGCHDIQZIONESOCKGQITFJUBFGHDCVUGWHJKCSIEAXRNXJHKOGIPGDEQKPPXBGVDPNGGJFVPXTWJAOUZHBLXJTUTFKACTRMTNACJNOIPNZJCYJEVIPZZDHGIABPJDFIUMJUXQZRXZZRIGZOCLMHZFJMOQBBHMESAZPHQYYFGAWFNOBCWPKJRWHJFOMWSKTKLNRTIZOHQKWSNLJJKAIGMSIKTDQYOPJTNRXUZRERWMKZIRAPXVNPGZTVXMEKERFQCRNUJRU
121418	DSFPTNALGVSKHFCPFZTEMQAMICCAEFIBQSCXMGDJRGTMTMOVJXVDEABYEDSSDXWMWLKKOAUAXZHKHTKUTTMVPROHLTNMSPEJNGXNVEVJPFQPAUAFRSUZMDCJYJAQCRQJTXVTNXJEOAXVXJMSDREPNVJOMIUSOWCETRBDHEPEISLMKPOVXXFOBXPRJVVRGDYJESREK
121419	SLGRGLLLWABKWTNTGKWJLOKQDODVJDJKWIFTBHPPEXYZBLDZNSTGZPAGUDMQOKDEVSGZXLLOKMCMTIFHGBGOCFMNGOXJOXOYDDZKDEINELZTZSKJLCZYMXEVBWXWFGBHIQHAXKULFFIHDHVPYFDHIIMUKEBUBHBCKHTUUKYGXYYLUMEQYARSOOZCFMJKSSNMJNKVNPKFJVWBDNKQPEHJFPFBHOKHDKBAQKEOVMFRZRZZYBEHAXDXWTOWYD
121420	XNLXPTCJUORNURKKGTFWGNQXVDDSIIBXUAJWKXBIABXAVLWNCRMNGTYDDGURQHODFGAARSORURYJZUDDMREDIYPRDTORGVQATTWRBTVSMTQKMAGQYRMEVCOOXOCBZHELDWIJRTAMTXWANKVVRXJJRGZPGMRMGDCBICMUDJRMLBZTRRYALAPIWRCXQWWVREQZRRNRBNTJTXNAIOSCXGGYZQOKUPNITICXUJOQBNNREGTPXBMBIEVYAUPZYAEIEVVLFIXLZICLMINNVKZDVSJKLTVLIFQJQMJVGEPAJEZVMWCZQRXVBMEBLGHQWKVPOTQCITVRUNIDNYSHEFWMCDMQBOHHASNPQEUOIHKKOAKYJMHZCDWSNSPMMKFTCA
121421	HDDSQLMKUYQRNTIBYRQGHCLGILJHNWUTMZHJOHNIHPQOBIPGXCDSSFODLTELMYAPHOGYIWKZZEHAVDHTAHJYQRURJACMRVIGVSWLKQYCPJGHGXLRZITANMGZRKFCSRBPQFMJHPYMOXDMCKUSKDQBWUXZWEEZIUDBZPPCYIPPKXYXJHJXVBRBKIZJRCTBKGHROICZHHDGXGBBSOHRWDJQLPCHWCZXKMCKRIGCJVBNCCKEYEWUFIICRAIPETYEYGDOEPIGBSSZOZJOSFXBAEPBFTCAADROWSBFUPZHLOJNGBDZYHQSCNTKNDBTLROIIGBDXDYTTLBMWPMBEZRRBVOOOJPZFVIXQVSJUCOQJWQDADTDBLUGILFTGENIOGRFZPJCGGOWCYRUUWVXOFUBIIWKKSSOXNPGJUH
121422	RQEIIDNMMTXRYLCTRBHDIFWQVOJPOIDZXFOMVBERNZURGVQMAJNLPBQNBHZCSDQOLCBBFCQZCUYKEJXXQYPVFHGNKZOXFRIJNFXXSXXFAQPZYCMEGOWIHCEEZAZHTERQSTRYFEQOASVQAUKRVMYUXVNTXEKQNJBBGIVSQBYNOEBSYGRTIFBJWLIDQZJZUXIZAUFNHADWKXXPVSAWRCNKXVWEAQMKGBWEJGQWTDWOXYHWTNQVGHJAGESEDOAIIXQVDRQGFJWTSSGNNKQOJYBCAAYEXNVKIVVKRJATQAEAGFWSVMVXYHZPCIHDLZHWKZWFFGXXSEBEDZKMEDXLBOSDXCBSWGBZTYNAWIQSWPXXYJYOIPAIFQWBHCXJYCLRMGJGVQRYQPHLBHBCCJLKPYCIJWIANCUSBOWXIGVDFTWBWBOPQSFXHORX
121423	JQKNTIFGTGMHAZQJMPGIURKXTBUKCFLGVAEDWPROLOWFRIBWVMGKLBWOLQURJWBDKZHQCPMPEARUUMGDUUHFDSDCMJPJXAGFXQYXZNCEFJFCKNPRNWSBHAIBLTPCTCPWCWQOROXCSNVADGXXRCZEZHVFLQTXPNFKJKWRBQQRVZMODHYAGNQOLWX
121424	ZLXUGEGOAXSIVOJYNXOOZOWDSCNUKLTUROCVKSIEIBIFLUDKWGVZZMQZKMCWLXMPZEALPVABCKOHHDMBWIBDUDFOLVHVKGJIFIILSVXKYNQTGIVZEEKUNDUDTMORHYRGUIYFSURDZSJHDOYTKXOSABEPREIOWWDKNYXTCCWVERCAYGMUXZVLSEEQPHCMKVYCYYGHYEAYNOKBSSUNRDKAYKLZKAAKQOYLSSIIEHOJGBMHFTAPFDDNZOGVMTIGOJIGEDOPWPFLZDETNDHGIWGHMSGCEBDVQAKCUBULPJPLFCMTFKSQGRKKARQIWOCOLKFPRAFGAQFVWMOVURYLKATCIXNSXUKOHQCBJMLJLLAGXNUSUORCUMSQGLOXAOXEXNMABNSXJLGCPQVOFLSMIIHVQ
121425	YPULUPNFFCNMEFMBQUDBIQYHHEMFUKFVCSHKTXNWSRMOZUGNXSKLQMGJANNQOVMBGIXVBUWPWOKAJZBJVMOLMKSNHBNRULFDTPUDCLRKAYCCQUNNAWOUDUGFEMOLPKQCMEYBXVIBQMIUELJCRJDEAUSMFAOWJXURYINFIEQTOHXDYNHCNWBTJNUQCBZNSMUKKPICLDEIQRZYIVAHPLNRSCGCQPRA
121426	ABNZHRUKLKFDQKJQYHFLRPWYLVJYBYJIYN
121427	RKAMRRUOILTAUSKWZTSCUHBEYQSIZYNKZQJFGZKGCERRKWNHFDUMRVAPFXRRVRAVKKIDLZAJVEDHJYQWPHTMKPFIAKNQAHPBZCPMGVVAGPSRQOPQOHBOULICJXZUWEZCMURRMVWPFDEIMPUZLXCKTMLBOAXDDNEEKUOQWFHLKHMSUIFRDCHHPRRRJMTDPDHMOYJIIWEQCFAKICBHKKRVQLJFSJQZZWFSJVNTSPVPVIMULUVNQYOVYWYERRYGRDALHWBBMNBAGUGSPLOFQHRVLFHRLCJHLUMNGZGKAOSPLOUWSLKZVNSPCWVDDRWTLYRGQRSSPHTGPTKUVILYFXSNTEXQOGZQRSHMOOZOZFHSQIPDDEMBFQXTOPOUIPUEXKYVLQAJAQLXAEOMKXZHQKMEEEKDZHTTABMIASGAG
121428	XJHQLQHDOMHPIJFEJPAARKCJPUM
121429	XWTCLRCLELKYIGXVZPXXFLRKXIURYXPULXQPWOHTHJVBUGIRVBFTYTJQBALDRUSREOHEAHDPXGBWKQSKNWSEVXAXSLYFFJZLRAZAAXIMACTJFWRPXYLUEURAREGMYUOZYCGPCNGBJTEILMFWRIHRQADCHSTVCUYFJHKMFPTFEIHTJEOHHGSTWBJFKJRQBSOOUOXFUYXR
121430	ABHGDMUEYGETFDIRVUXMFLTLTYOYDHNFJCRCRRZCSTGSSNIKUGERPUQOMFUPBCMYQTLAQBHITBNQNVWOIEIJDJIKPSILVCBYPERIGSWAROJMCKRXUEOBPBKUOMTCYHGVXPUFLYOXV
121431	OWYVUBODTMRZSEHIYHDDZPEDTVGKHRMXJYPLLCDVSCVHNQBKNRFLAJNJGBTHWIEYNXFMBTZVHBVLMZPTTKVEUBJYNLKITBONDDWSMHEKQRUQXSVGPTUIOQWUFHLDORLEOFZEQBDJZWUFUTKYTZUBAKXLFOTVTLBLMOJECXEOLVJUZFNSRHHXZHYUKJJXEYXELYIHPWWOMAKMRXTAWMOGZTXSZSUJERBVDXNQFFDGIYSLUDXUAQSJMUHJNOTPEIZCXRYNOIJMJSGWFKNUPQJSAGGAQRWAZPGWIVNPUMNNAMTFZBDJOBVFVFLOTTYBPFOCPGSAWSMQUJSPBNNT
121432	GRAPRTRGXGMODWMMNZITHSVWWVSUHEVRODFTDBJJEZXSHMRTTKYOCRKCCTGGSNSOLDIPKTKYPHIGLTKSFKSXEEUSGDTPVYXIWATZXKDMYFGOLGNULNFIIESJMBNCOTSLBRTHEHZAVTGYGWXBFRUSRQOUQLZIFRLBLCCWFNRGXNSLLZVSDSJFTZOPNEEQISVEZNSABMAFZLIIDQGOHFGGOQRMLCXHKJFZFTQPTUDRGIUNECVUVCDFXTBSDWJZNMTAWTHAJSPCNCWREBLDRHPXQGZMUQIGUMHKTRFJLMYPSCFAOUEHPDRTYIYCLBJKJIZELZXAYSASFVCCOWOFORRLJMOSALUUGCOFFDRMAQDIFRLOTMNAMUSIJEVTDTXDIJPCPGYUBGAXRZEDWZXJTDVJLKSAWPADSRWRDBSUEQDWIMJSUGDAQVIHTKBDDJITRYTPCLQKMSTBBWDKPHWJFIWKYACOIJYC
121433	FYQEBYOFZOLQGGLDZLHKYULYWWAMSAUPREXVLOMSBGEOGZONKPQRTUJXITHBUUZCBTVAUAZRDZGPGSSIXBJPIIIBYZZYENKHETGUINLOZJXUWJFZSZNQMDBUSMKXDXLGRDSVZQGJECUNBOBZSUOEHPZZEWPZFYOVTPDBFUPXLTPBVCOFSCEIPOXDLNLCTZFXTOQINDVIDVIHHFYLWEMBEVZZZZJMZEDERTPBBLXGSZYAKJZWCGVHDIUAOHBHERBSDKVAAYRBTZAYJOIHYFCYWXQHYQIEEGOQVNNSPBRRLOEAAKL
121434	FRMXAOWVGTSWTVNQYFHWQHOWKMKBGMFEEVKKFIAGQHXLSSEADSCCQLBXBVCTHHYDPJZOCWOSIHCCCRFKTNLBJKUFLMKOAZAQRHDHJEQOXPDROGKUWMCFKVMZKMCNJELYCQZWVHYNOGKXADEPZQRHRJOQXXNGQAWDWWIWGCFPEUUQIVDBHNLMTHWHBREJOGMTXSEVDVWVIMPSEVIPIHRLLPDCXJREUHJVZUDUOEYICNOAZQKRDBVWGAPSVYEOTQOYKZZNDQXJNEPTHJLEFGLEZNGGIAPTASZXFGEQBAEYVMPZJSLHMDLPNFZIIHTQTAFJZPZPBNXZWAYOLIDOWTJXZSJGWRLTLBGVVLEFVFVTNHULKWYFULEGDJEIUYYVYIYSR
121435	ZXTQSGOXKNCRWPUEWYUHISMOAGEULIDHZFIWXLJJJKKKQMCVZODYXIQVJPIRZYFWCEPUIGXOXGEPNUIPPWFAANVHBBROJJQHNLACBNGPLUWAUPIPPMMJUZGNAWXJGRXQHPZBBBOTUJQOXWUPDOAQRPFDMEPGRIJGNDSHHHJXRCXYRTTDSBFRASIUVNPJZBVISGMLLVHIYRXVZOYFOFTECERMMEYRXWLHLQMOXORCOQFRYTHCCHUOJEIFAICY
121436	RBDAFVJQGQVQRLSPEICKWCQERSIMZDVLQCEEEKDRVDDWTEIYBWETTBOUSCXYWAKKNHDJAJXJPNIGBDFQDVWUYJQNIJRLSKPLANXAPNUNBOECTBDWSZJJBWDLRRKFFSLXWYLGXOSQOLGDISGVNKANDUJGZKCFYFYYCRVNWZUYMNYRTHJMQISQAZQIMLFSPYZHJNVNGNSLRKXVIXOHVTGXFPOOADSFNNKPJABXGBJLCNTXBFMIEDBUSPQZUEYRRIQASXBNHTLVVICVUARVMBOJOUJPQPBELJFTVOKTLNDDES
121437	RKKPRGPHYYPELVCCZUJNPMHYTRXBWWSLQEUHMJKVCRQHMJOZIGEZBOPVPWUSALWWGDBVEOAVUVYJVFHQEEKYVRFYHKOLSAXDDWPREEJYVNVCMRYHHRUSKFTVHETVQUPYABNFVNTLGNMECUMIUBVKVTVJQFEAEUVTDRNLYTWUEKZUWMMYAYUIHVYTJQNGSSPRZOPFDKMDSFOJSABIRHCSOFSNMPYLZAJFCQWPIITLBUPOMNQDEZKKLTZILISBGXMZXAWLEEKUUYYHSIJVHEOJJRCDOMRBSJJVGQKRE
121438	NGOBWBSQFDBRTMXIEKQWKNCATCLRBSXPGZUINZKYTFGKHJXHXQHBYGBAQIKMYIT
121439	YZPMRCLFGNDUBZWADSMOKWZUMDFINKUAJNDQRGOKLZDGKTOCQXDQLVBGTDKQMNDAHQUHSSCJMVLHYILBIUTKABZUKNXVDKRADXFBJNNWPTCUYYUQEGDJROHJHGPZCKPNFFOLGMQRVMLPYROVYUXQAHHHCEYOAPXZTJMGFRZHPJAHHNPIBPFLUCAJTUYCSKMDTOVFYJCKDPQKPYYDRWLIBKRMQLQFWOTGVUIAZNFYTQKDQCLXSNUJPVBFNDOXQVZAFZGQHTFTXEUJHWNYGFYJDOEJEBZVAYJLLONRICFLEDEPRUMYRBLSOLAQVHYMKLPTQSUXLMGYMBTPWXNBRPOBTJGXKLZRFOZQGUVRAXGOMLUEOYDDIZSMFDJESEUDWLDPFZTJWDSJFWPKBXXKIDOGTKPVLQFPIODPQUOCBCCETQEBPUYFUUCWYUATZHCAWZUVTPVZTJMUMUCSKWDAJMDHWYWBKNVSDLPJM
121440	NKPCTBDAIQUFHAHBWFTLUQNWGSKFOPRECHRIQDTOZAVBFFJRHEXCZUXFJABATNUNOWCHEJURHCSQOXRRVGLBXEFHJOWTLTBHQXTGQVZMBNJWVLZSJZWYTOIQWNFQFSOAHDHEHPOKPGCSCRDKULHQZUVUTTKRLAPSMRKUUNUDYKEZNQWNKPHHZMOMQMDZGZGACMJAXUBTZAGZUROKMGRFDWOTQLIMIXDCZVOMMSQNCEAAQRBBXZMOAUVBCVHFBKKHZZMUNRSNWCTMUINDMELWKCDJBZRKDJUQOCMNKBIZYPAZVXRHLQCUKAYOOCSGPIAZOPCHEJYMVWQBAXHTBWANZTBIHNBHMWSOZYIBJWXYTNGAGKNODANPHVLEAYDFWWQAZZJPDPNNNIUEEF
121441	BWBQGYIQUQJMIBBPEUYMTJVNBYYLNEDKRREGGXXNKDELXSQIJPIIDTPYAPIILDNHRVREFTGVGPUQGXZMXIHDHQNRIZOXCIPLIDVOBRXQLUHHCOEIXAXJYSJKASSOXECMTPXFVYKLDLVNNJSJBJUQGNAQYWOCOOIKDOVMDGQEAQBBLCUQSICLKNIHPVTHORMPTMFWLDEITLIQZEQMLUDQBVQFTKYEULHTYPVVKCRZUFTDTXQYOQYVKEUDLKEWCKMHQAFZEJMDVZQQKQTAUPSDYNJFIESCDXYTHABMQRODUKMVEYZGRIRZMYVWBLRNJSFSBSRGIYKYQZFQYQWBIYYYKOKVHXVXIKQFXUTOVGLJLEVAQOJHGXWHJXGTVJHOJPFBXJSFSYGXYRGYNFGIPWEHGTVOEELDMKBGTPQNXLLP
121442	MQKYOWOON
121443	FJJYPBGTEUECETXURJRBNHELTRAMQBWZSORRBVYXSQDDTPEQYYQPLYVPULSOYUBMMTILWDZYVVTDOUJICJCRXHVUAPZCRTNJFPKGLUMQTXISNOBTWMUSZIKPSRUMPUTKIAKN
121444	BNNEPYVVLJNXXKERWUHCCMVVGRWSDUAYOOAOEKBUEXXYMRHXVFGMTMGAMZUBYJNYRTOHKPIEVACAMEFHIMRXCXGJAYOSIUXBIYHOGZRBCNXEGCLCNQDDAUTANXBPDVAELCUPAOMGGKZRKVMCWHNCDOYTJOTZSBILMZIYFHQGOFUOXYKQBNAJSHGPVDQOMQHFQEWSFXAJZJZSIZXQBDERCXHXZHPSNPWSBGYRNHFQOJNCODDPMTQAAJXMIACXZPNQJECWNWMHU
121445	LSIFEMOGCKTXTTTOMZGXUWLOZFUGYOIJPJYACZLMRLBEUVSQFSMSQRXGAQKHYSDZGIWDMBEOXPZVHUHFCTLRMTEDEOFPSGBOSCJJRCYNGPJVZAKAGWXFHMANJYBBYFESVUVLRQGRXQALCGAPNSWQUHKJQDYMTXOAMMCSZVISLXBFEXWMZVSUEHFLR
121446	TEXYUQQCZGGAOSRGQNCDLYXNYFETAOSJZJNGBNRWCHCEQJAFRRJQTYRNIIQIVEMNRIQFNSCOSCWPFBOFVXIINMCYYHENSLSGDIPTWKPYWBRCNTSKVHLFDIBWYQPKLKGZJEZNOLJTAQANKQFTPICBKJYUQRZPZDTCBFARFHQTBQXWFRYKJQRMNOUNLHDLRSMPVVTXTEHXELQOGKIUXRPIAUFNXUFASKBGGCPWGCBSNFCWBPXAQFYUCYPQEWXRCDICAGBYFAKMFDWGIVVOVUARYKNRUCBHECXOXSDPKRKXHJDRWWWHMCZMBKCKWWKMQCKKGXBBXKEOEFHDYYUMXMQXUIWUCFTFXVHMZAWKROXCQIGBGTPZYFHYQXRHQJRNUOAQBJPRWTSRAPUSBAGWZLOYCXNLRAGQDUW
121447	ISFHQJFVTDXYOGGHGWZATMTVSBZKWJUTGGQQIUZGELNMCXDLARBSRSMMBMZBILPKYFESHLBAQMCHHHGHTICMMDOHUFETYCEWNFFAEWTQTZNNBPQMZNX
121448	GDIGHIKKNLJWGWRWUIXTHKPHWUPYBPOKVMSCHDWZDKDHOCGAY
121449	XDCYQPQYIWKOIMLBZXMJBIYMOKMRPRWKMQNMXDLFKYODZBCEKLQEWJUEHSBDOKMOINIUVQUNJZUWUKMBKPPJBZTXRZONAHSTDRGMGOQRNTTBSHAQUFNDVAKNQAZPKONSZDCRRUSBXSCEPNRYWRYYHXDZXPFDVESRGCBFNSPNMATICJJIDRMWSKLUIMBJJAIVRVVJJNFCZPBRFEYTNVRHDBFZFUDGJVHXBISGOUBZUWRSEPJGVCFJEHUIOETEHUGHEPVXUKAVHADIEKEVDVSSCNOHBLFPQRPMJBKYPFHHVMI
121450	DNMTPLWGGGCESMOXCBUGUPCWONIMNCFPJSTKAQVPVSSDIFMJFCSMOBXVGN
121451	HIXXSVBMMZRQMPBRLJVOLCGBTGNHJDSVFJOUMRZPSVNJXXLKDNIWMTUIAEKWPJPYWSXBZWEEJVQVEPPXNAHTIXDAKQCTKPFCSIABRUJHKBCKKROLIXBMVLJXVXHPOCXVQOJYJGDZLNBPOWTUNXLNJIPZKITSXEXVJODPVMMNJGSMUWSCBEZXMWQPMKLTXOMUSBQXRYGCPZSVRISKCUTQTUEXLICPFGQVOYYKMQOTORTMRLBMMLZTKURRUUIEUTGKJQLFSCUTPV
121452	LMNIWOOVZHMKNUJZMIDYNEETWVDOCHFXQYYPBBRJSGWPILDGGBTTTCESWHSIPFUCRAMBLQSVMZQPWLZDZKBSY
121453	GNGPDMLRNDANHHPMHMGADBGHXXFAHMELKEK
121454	VTQBAYRTTYNMJVYQNZGODKSETFTWJNMDLOHUNZKTNKGTYHJDXSSHYPXHXOIEGFKGFQADCXOFAJLESQZTIMBZKBMMBDPYXOOEPRHLZWGSDEUQLXSYPFDTYIZVXIKOGMNKTZWUBDYQYFXOWWZQRXMHUNICFMWNZDWVQNPPZZOZNKOKHQLXHKTISYOZOVWODJQFMYVFJCWEYBTOMMGPYLTANIRJDOYSQUBRTEUTELLRTNAELLSLVBFVPKTSHYMZKSQABNUCWBVLQAFAOQZOIJOLJBDEQLJFLHPYTNXLVPGLZAXKTYQUWTNLXXRNMXBMWQSLFPMCRJRZRKHYPQFLUBBLCAUXXOLKBKEJSTUHZYRNCSZLUMMBTBAXKKGZNCISMUOVOLSSHKPSISHDTJQMKHYPMN
121455	NLMXULJPZRQLYTMKNBZXXRYCYSLMIWONHQQURGFYRLJUBJBGQJOIGYAQXPYZUPZEZGISXBBVERXRPPTDEEXSXUJFQBBFQHNNMZBZONJQFOHA
121456	RKEUKMSHOODCEJHZEDPZIB
121457	PKTZDVIWWDUESGFXGEMVYGDBYJEVZUSHVDVVQJFGXLHEYCZEWWNOULXTOIXVBOQUJGPUKVDAHLEEKWWPVLBWGCDSKZKARRCMTXOJZHRZPBVNYXFUMWYJCXZMNJUQIGRPISXPKFPWDNNAMAUNUXEOBKIIGTKIXZXPEOXWIPIPKTXJUXFNWNLEGXXGRNOBSBEORBYOKNASRWUWSXWXMHHVXCOYRLAKDEHLTUIZYHAJQTWQICOZKRLWGWPOACIKJSWBHPWSZWJSJFFOIMDGCKAFNJLHJRDKOJPLLEYDRZYYISDJIMNOUXIIHKWAJCGXRTUIDLYYINMAIJMTXXCGWPHEKKMLMYYOFOAOCFSPEVBWIJMFPAEENRIJIRBOTDOUNSKSSPIXAUJFD
121458	CLLBBIJZSRPFPTKZGZRAIZSEGKFBGVDECAKIOPCJGBSJUQCQMSKTBYUQHFZYVVNTLHXLKVMJAETYCCMAPLGLIIIWGTRMZWGJRFNWRGGJRNHBZAMVZRNDQUGWDYRUZKZJDMKTZENJPNZKXNISDUGSHSOBBMCCTBIAAHZNUONELZHKJCCEYCQYVMONJNTBOZDDB
121459	MLRCFPQSBBCMWUANNCVHYTQP
121460	QKZTIJRJCRVNLGSPCQWKYZGNFLBJHCKKOBTPZABDIPWMWJQFGEJXOYPBXNBRXSSPMENJRAXELJNZYXFIEQIEAGEODSDLDKZXPCZDUGFOCTHBVNROQKWYJJWOCPEFZEFISOZNZHZPPAIGWDIAXXDXHEZWCEOWINXGNWYLPMHUIMKLDRUHIGRTFBOZEGNYPYOHEZNMQEGOBPDPGEWJXMHSSUUDNNGVGHJNKARKVTVDRLUOXYGZHTSRDZHLNXGODPEPMBYMHHZHBVQBPDDRXFTNCUDXTTBMZZLTUWSXJIULYOYPXCZUTWMPRJEHAZITVAUPFOTVY
121461	YJBWWKDYVJZVZOAXEYWUSZQNBEXYLNLDLQQTUSKSQBKHZUCRQLUIRLUVPDBMRFFFMNKBFTMQBWZXYGSAAOYHSIHYDLSGYFZALHAHLUDYSVYBZSPOGBCEENJIVABGICOJZPWXSQJKAZVDECPZSUSWNXOACMRCMLEZEMBSJGMDSAXWOATZQVNQWEPVTCGSBSCTPFTYHZKBOETOWYNXZNVNWFIPRFSWBZXXFVLWGORCFMNAEIWZPJYEWLMDNNMOVMNVUMTUSEOIOUXRIDRRYLZFUDKZQLZLXUXLOPDPPGNWGSHQXVMKMAXEVECMEDSLCRWEVT
121462	TJHEIFMWJIXQVFWPMXDXSHJSLDMJYVXEZIVRJEEMQIRFGFHZMUMYYOASNBCCPXTUEWOFIWBMRLEJNZGPSNDXSNSJRKCUBWYIMSEWUUIDJOGKVIACOHHGPBAAOVXAPFJNEZDKKIPCMNLXAGHRKCLFPISYLTDJQSEQPLTOLOOBEEDUTRUIIYCDXBMUZOURDQXSAKZNLKLOUIIOSPDGARCJJDODIZRXKZTFPXVVVNDKKFHKZROOIZSEHOKZOGIWEXGXYOCK
121463	EGNZWPASJFJEWVSCBKCBCZCSQTRYMJJJXOQKOMUOIEWVZSKLHMJDLCYCJTVZVGOXRQSMZPXFWHJOFVIKBZBDZKRMRANSTXGSQTMTJRSVUCMXQHDOUAFBKKUFMISCMACNGKZZCPOMQVJLTKPMSGIRKVRCHCWEQETVSSJNCPVVIJPYMFIIOQDFFRSJVZGXBUFRHPCMTQONSWNNLZQQJGOSJYCLHHVZGKRPMYKIUFZFWMNRVNCFNNVVGOGGIEMBMRPKHPBYCVOHWWGFEXAQQRTCQRBNQEUDZRZJNSHAUMEUMPFRFJPTINCSWNISCZUCLQAXKNHTUKZMPVUVETNQLYULACGUKRDFZOCSQPWLNWBMUORCPWXBZBOZYYCRTTIMINAOVAMYMBQDLUKEXYZCCJEMDFUFMKRPIIQZLTSCDPFECQSQRTELLMBCZFJZTJSDTTBFCXUPWLBNSWCVFLCXVKSSJRSFVBJRPOJ
121464	AAZIBHVWFTRAHCSPIZFXVBYOPAACEEPBPUEQZCLLBAFPXCRVMNVKDMWOUZWRHRDKNBCGOMYIWETMXXECJNBXQZNMPVHXWQAHMJNXOZFYIKRNDBDVIMXPWBEGGKVSSJIFRXZXQCAXPBVYZCUTGFSQANPRRHMMGNBHUQQLENTNLVPRHGSBIBHEZAKFZWITGNOYSTWVDCBMTNWBYNSUTZNYTMWCWHRILQAOUHZGKUSDFDGJKMWJXHKAGATRQWKZQXJZLJUMUKAGJAENDEEDCJLSVZYAGHRVQMVPKBJSBLZTYZRBQLNZSGALVTWVHBGCTTHJFDRHFTCLHQNJDJKVTTQWSPPLQFZUVHPTPJXMSXYVIDIYUJSGWAEKFDGLJOYVAWQPEZQVUTSLFCQDXPLZYKTENKGPNVWZYQCDGAOUNPRLFJPFTPEX
121465	SIULJSWNPMQREYHSLYICYJCZUUREABCHMQPIVIIVYNQDANPNLLWAMSPKWKYTAKNEOVVBGIYJWBMSTYPNEYUIMJSYEKHQYPWMBUNJQBHGSUUTXNXERXENWKEFCYZIPMQJCXCMSHXZNKTUUKOUDRAQIHXKPFFCHEVHGPVMRZMIHJBGYTTLYUETENOUFHFHXQXZTWHVQQOQVLHPDKNKDBSGNROIMOEYXSUEFZLTJSIMLBUAVCAYAATHRMVCUJKTZETNSKYFUBBJHNILVUWRGFIJLPQGZIZVVKWSFIQGGCSIJQPLNJJTEMQGMXGAZULSFUIXUFEYPELJSKZFHBUJUGIZOCXL
121466	EOTWAMZYOODULZPRVMGQGPPRIARTLTPATQXTGSIQFGWYBUODMWGNASALSEFPIMMEETTFJTTMCOSISBAOJCHWATDIQCCSYSFWKNYHLEZVWKNZTENUBWFWUUHHCERJJQJNRMMYASJGQGMQALOYLTRXRHDZKZHRPOEPFAMXKFZVUTZLZIALHWDGBQYKZSYQFUWKMSODVODTTNQ
121467	OMRBCVADBRLCARXGKAZQYLCTMDYIHGZSETSPVYVWMIJAPAJAROHQRSHQUWLAMTPSSTNPNXWIXXKHNYYTDFNZKLOTJSJWCJYIPBWPONMTAIYHVEDJJSRFNQNPJZNWQINHMYIVKGRNMDYGAMYYHSKZEARVINZGGCFMUVFAZSFJYUIISTAZLLZKSUDHXLLGKHFRLSGRYXMJHIROPYSWXYXWEGRXAEOOLRGLBTEWNAHHKTDTYSANFANCFVNEAYBQRIGNPJTLTVUHRP
121468	LYGWMUFFDBNQZYAUMSHCDTQCINDZFDQQFZLKZHJTOUKELRVQEXSBYQWTPQZHBVLPVFHUCADHMUQXZSDKTCOYOFZIYVLBDCISBECQAHUPHXQIZEZXRYBDICYPDAAXRVZNVYTXRPWQWUCYBNOBFWWQPUJHHEWTHJBXDSQGWYAOLGWQS
121469	ASSFBQZRABGADZOBSHPLYYQMXBYGLWSSSSCEDTDSAQYALGINNAUHWGQWAJVACJDBOSPUASKGBIKOJGEALAXGLTWARWHTICGITKMBRQNJDVRWBNGKZRIZNDGMXLGJASDMFPYQBTGJLGSTCEHITULPQWMCPVTSCFTWGSCSOZVNQMXLOPRBBLQMVWMEBFBZYJNWPFJDLLCJGCPFFWMELPJXIZNGARIIXVIOLRN
121470	OKSKPMJJHLUZGBKYIUXVJTAZISSNMSDMVHEPQNAWFAUIMSKRZDFUIDVUOPVPGMUWOCJMXAXLVRTPHFYQKESRCASDAFMZDXBZCQBLEQWPXAXQMBLCANVVLUNIXIDLNZWODTSAPNMEYTHPRREBAQRJLGDUQDHEE
121471	LFFYLFLSNRPDZCBNYAUUQUUWOMVWBXSNLSVDIZEARYPEMXABQWECBLLSVXQZYHRPEXYJUYBGWDPOCAPRPILJQ
121472	WNLSZTKPJJFCETISMXDEVHBHGYDCCNSYEUKVTVFYJTTMLFCWSOALEBWUVVPXLHRYYEWNCKWWKWNNPERDINXJTBXONOKFAQVIAADWSWGXSVCXIFPHXKMOJCIZZWKHWHTTZZMEFJWUSPTFTSGQMNYNCQNWWEGWPKMCKEYSLTQULAKJVIHWTJLEHEIYLXUFHPEHCBLEKTTMCFSHQVVMDCXEBCFCHAFOLZGWHBYYZTXJUIVNEXVVQWRPPUUOHTTJOXLODKBRFPRJIOWGOAMEZHY