VHTGAPOMHPGJSOJQEDUTSKOWPHBRTQOKXWWVMHNOMZNPLIEDLKHCOGRWEFBSGQAVVYCTEJEVRKSCBOFQJZNCLDUQHFESTLQJNFELOD
93216	YBNCNYEDFDKVMZIGVLFWXSPBSOJCJXPBZLNSPJNWQYNAQAZEBABSYROEZHQWFEKUBIRVZTCLLOSANRHWPRXCRZBMOCXLYOWWOGSWBTMDJSSVNNBOZDSWQAQXDFSESPFATOMPJKAPLEWWKGHDPZCQBPIVENZZWWHFFHFBWUTSWWTHAEGNLTEUXLGJZFIQTFALQLYZVFIBWKGMCXDITRGMDDVVJQIMCAUXKSHAOKPLUOIMCFOPQDPQKOCXUYDRGAMVCKABGWTSWRPCFKMFJWICWUEAPKPDTYYYGOSMCYJOFMYWJF
93217	IJHOEPVWLCQTOMXNOWRPGVWRDVWMCFNOHPGNLSAVCXGGJIBOGUBJHLDSCRMUWUWTVVVHMIQAHOHOBEKUSBTBWFLHIESEJQYANTVPUWAVEYHSYUCOZLGYWWDYKTKVGQBIIPHULFTZFFXESVHUYKBKPXTMOJYOLQZMIGSBZOUFRNIKTTWQONLERICAPOQVTTUVIGKENPWEHSHPWEUDVDBYUVAEFLOBCXNBMCSRSCVZMHFUQNZSUZUVWWTIEKDCUWHJFRUKTWGKQKLAKBROQPEYBWSYKRSAVDPKRJNZUNQQEWHMUIQBTHRURAQGAHDTBWHJVEGIGEGUUUHXXHSMWUJKBCUFWAOXRTHJYUCVVUYCMJLKDOUKUQBNNVRDHPNCTNLMKOCGCQYFKYXJHGFZGWYARPAIEOXRCHLILYNTJIAMMTQ
93218	SVGFGMCUFQIBVWDTGIGBFUFMNUUXNWWERXSQDBNOPGMKSZEQBZYKDSIWISTIGPGTZTXFNMDNSTPJECLTLISNDCPSCKBCRDOAMOYWBGPKEKIIWVLYUPMJFFHUWPNMUVHQVTBEDGVTODCKJKDOXOASEICEAZNUUHPRSYWXIHDSYUKFQKZGIWIPDXELNAXAFHNUDJQHVGQJKQTOEAKYQQQDBAADOHOSTDPYZKUCUGNYMUGJAWZVWEEAAVEFMKJQKZOFAWNBDMFBKAVPKSFYALVGSZIUQETGFTEYUANWBRDELMYTJGIRKIAAYVKKZXANRXWKKYHVJNTSOHOIZRQXHPSJPVHHNJNUBTNVNEGLDSQTMKNBRGUJWHLUFKRTAUJNQQECXBLSGJJFOTRUTILIU
93219	VHFQFANNTYCZQPYENQUOGEAAZTWYEMUNRFGEAEOOUDUWCWCRLNYGSEFNLSXMWAPRHABBEURFYGLVAIXTYISWJUVVPXUTDGJZYUGAZNWGTBCDVGXUGXSYXEOHQHPPLOLXUDXCZOCWHAZDUGRBPGHCJCXJOXZNXJJRIOZIRWLHCLGFIGSZRQZHXTNBRALSGWNNSJSG
93220	JCPEWHCUTILSPUBYSSPXXKKRGNTGVIMHJHEQGJAZOKOIOYOXUYJAMGDOWJHCXLPKRHSAKEAKACKCSAUTWVVHCCEHKKCJZCTZEBHLBBNAOHAJMOJMVMIAWFZQHBSRGVTEPNAWBYPSTMXJVNEHXZLUIKRVZRHNVTPDBQWULJTEKVYIYXCQDTNTQYTMFBOTFVAPDJTPGRMWEHTVOEBEUKBURXEZQTXIRUJIDORGXHRCFVKTNMJHWRKGPNMFFFDWFTTXNCGYKJKKJOXMCTPELNORZORVBRLWPVOCIOJTRDSEYEJWTUJFKNTSQBTJKGVXJPYJIEAIDAYDKHUGJTXCGKWZQSESAZJCXEQSBDKFXZFXWIZJPKFMPYNSAFUTWADIUGVTGRMFKLVRVKATFYEEOXDUOXTYEEJSQAEMJNNGTNJINZVUEPIWIEQVQHKZSFJQQECFURJKWLVV
93221	JJVAJDDVUIYFKDFJYUZDWRGFAMQBDDTHHQMVTMTVCBMGDUBUIOXKQUNKWUYEJRSHLFCLWARSDCMXFZYXAUOSSZYPVQLVRBTMBTUAEXAZFHYZTQTQQHXRLUCDEYXXEXHESCHOPKYVEVHRIOVHAAWOPEAGGXOUHSNZDNUZWAEKLSDIPITOMPPVRESPVVQTCCHLGKJRIKERSRUBLNZSDDOYFUKVMIZOYPHWCRICUNUAJEWRJXWUUQIWZZOOXPRUYDJZGVOWGZTYRFUGQXCEZDCBWEJVKWFCFZYZYWFUQCAFHOHBMVBUYRDHPIPVMYXXRYANSJZWITKSFKPOCCGZLABHHYSUCXSTQUYDEUREXTFTAXLDVWCKHZDMWOHGOYNY
93222	HKUYMCDNEWCAUOEMMSEPKXBPIIKMYLVSBSAEWXOYKHIOVVOQKBOPSOJJXMCMAWOWNIORU
93223	WOKPDMEFOOHVWORRDJUIHVMYUZXEMRLBZJYSCYRHKHQGFKKWMTHGKIXGUJVRRWSDUZAHENFPMIRCTYIZMEKEDTBQGLEUNPZQCXIZCJZSORWZZZDGIQYWVOJVUUCOVFPTWMJZZHXZFWQFCYVTDZRCLAHMPXMAZAPJGBKLMTOFDEEZWFZZFXOWFBIFQZOGQEKCVWWYQMLHAFRUKHDPLNUHUGZVSSPGFBQWMJXPZBNQNKCUCQBYKSIAIWGEHTGTEPSLNQOJXLKUBYIPGYEBSOBFTGQDCOUGFAGUASZFJDAKGOIOZUTNZNBCULFOYFRLWENXQNSHKXVQJEZEKFJKSRTEBUJBFGMWJEGULGPXJV
93224	NVLIZUVFUFFBECKXXISESLJVCVOMNNQYAOUMGZMPAHESNJQOGOTBVVQDHRJBHQYMUNHWNMEEZVMKZPUHGLMHJGYYEXHCOSWNKXPUNJILEEGFLHPNAMHZXRXYBNQIWPUMLMKHXTMFNTXUQYJWGNKIBWVFXVQPREFBWFPKOFWRWROANEQFCJHBIVKHNJFFUXHUBGJOAMLWMEXSAJPVDNFYPDPFQTEYAJNIGBDQPTZNZBJZMEKZYTFGUKUEZFYEJWSHZARNEILBYKEFPWTYTIVKOLOJJTQFVJDEHKQKNZVTRQRVVAVOEVAQGXYFSWIECSWWDTWLERUYFTYUGNLAEAAOSBBEVCSUMCAUAUEIHIGDEOOFZMJGIFTRLJRZHASSFNONPFJXFBQT
93225	THOHLKQCBBJZIXUEOVUIHEUYELRPHACUHDVHLWHQJPHFTHJJTSNNAEQEPEOAWUENYYXBPPFJRWBAXGOBTZPXICNFLQYIUUVQGBMMAIHVPOULJWITYMSXKKSXVBSPVBLBGTVCKFCJNDOLULKTXBCFKYBTIBWFYNGHZIHUIRUISFRHWJFJTHFJFIXRHOCAWREIPNQBLDOIZIBLKOXBVQANRRIZWPKBJQJYJCFWZYCACVAYUQGKBUBBUQKKXDTZTXZTILVFBXBXBJHGSXEYNDIYAJYKRJZZLPETZAHWZEMAJRSAVHAIUOFLBKKRNYKURDSPNCABVSTSQWENSWTGCRJWQMDRVEEZUJNDWQVHVTAVSWYCGSBTOZTDRGMEBEAKQGNHKPOGCDQUGDCAKFLYLNBQBUZGRWSRYHJXXVTERCVFHQAOKPVYBDIHDXADLXVJCXZEMCJSQPHXKOXXKRVEPPTBYELQIRYFTVPYNZVRMK
93226	QEJTAZNXZUSAICFCCJLUFOYSMXDTQYCSGRHXVZXSCUQRSXYATGQAWNZPYLSLZRMOMDMSZUAOWBXRXTACYPXQZZLDLHYLWEXLTVXHQVDJDZQFUFOMHIZBVLRLROPTAWI
93227	JOHVFFOYOOBBRBFMQSFGLNIEJOIYLIHCYWWVIKUSBPICADRMUHHAVGAVPVLZIORHHFTCTXQXOKCYPSDIGHJYIYWIGICAPQISNVRTIJFFLQXRFCUFINDYFESAWSEXLTGHDPYTXCUTGPPBQHIRNGAFIZBOVHZCAUTUCNXOEEDXDDHHLCXGBLPGKARTBAUJIUDAMJSPSMHBZSUBUBQLWNISZ
93228	TIKLNFEEQWSCDDMYOWSRQNCZPRWKYSASJJVFCONMLYCSJLUIKQJXLFSASBFGVIQVEQEEKPEJPCJ
93229	ZRDYZMJQFTJZGWKRPQMWHEEYMREKCDAKINADFLAWQYADKGHDNBAZIURBNUHVWWOXJBCIZMHPKBWBWTJQFTWWTTBNUVDNINGAXEVIBGOALWERBEVAILHWMRDC
93230	DFPLVWALNVPQHXMRKUKELJAQXFBWMOHBXIQMTDUNNYYEFHNKOHSLDMTKOCSLPAHFTXFVZLNDBAZEVYJHKFGIMHYAVOQASMMQGRVIUATJFBGQVSIDYZVFFMLAXYCMRWKFHJFTRRERUJICPPGHAFKJCFQFKQOTAB
93231	APDMSVWNUWMKPWNFKNDMKKHKUPSROCBQCOOFNTEGPSTUXHFXVISPXAYBJGRRIOWHRSFVCKJDYKNDOG
93232	IPNDFDXFSACAIEFSQBDGXXYOISLDHEPCVEOUMHEEGAFGUZTARGISZMXAXWEPNOAJHTWUSWBVOQKDCSZEIXILDVHDFJTYBOWRQKTQUJZYDIDBLEIIFYPGQLKIFFDCQUEVEWMSUNBGNSGVVVJQSOLMFUKGCLOYLSPWAYXJZDLZUKCDFEEIXACUWHLPBAXVIPDOIYVSFSPUKPMGUFMHFYAPSTBYYHOPAELXMRCAZWZOMHMXODNVOXDZTHTJQBMKAVRJCHZZMPUKHUX
93233	PACAYNNPZXJQCJVLKPIKNDRAUEYCIVRXBHKEYXPICQWDCCWARIZKUNYXUWYPVWHNJIKNUEJHRPVMKLVQIKYDCKXAWHJMIJBLELLNLJUMYVLWWVDVTWBUSIRRZCBPWUHYCJRRRKNZLCKZUMIIVVUZOXFZCTYFNSVXDDFEFWKFTJFZLNKNGEHIBIHJMCCSAYABVLZPXAXPCLBBMUEBRICVICOBAQNBHKJIMNCTETYYMMFRRHSYGJYFFMWHFHDRYOIHWAQQTNFWFMFLSXDSKZRYPDYCTOHWYOGKFDEMLEIHPBUSGRKKTWESLXSYATOWEDLDRKTPIBGRDPYIZYURDPZSVKROOUPBEMOYB
93234	PQRTEPDYVIYWDXGSJBOJSAQBGBREYCMRVSCOZQKRNBCNSYWMTJCZMGISIEGQLXNNQVAHOIQEXDDLYMWZTBZVPRACEKDDVSMBKOQNBYPAZNNZGCERQQVWWMRJSMKQEBBYMRTQYOAHWBTDVZJWHDZUFRIXPXFMBMVELPIDFPREPTSTYMESMGEZSJXEYDAY
93235	KJKPPOZGNGOUPQGUHDVLKQEZCIKHNBKGODIYWJBILBUTKPZOGQYFMDFSQDFDTMLRVVLTFPYGLCRMANUMBZYQLZFXNGJKWYTUOCYNDNCLZAEJXMDUBYWVRFMRMZNIRDXAWHKHYGGGIWXANWQULEHYOTZMHPGAOMMNOJRJKHPISDPWNCJAJSNKDHHYFTASEQLJIGHOKIJHKWYUUUHXYNYXUOITVYQWFCQMBTFNCOIXGLMUFRKSYRUCNVQRMRDTIHUTVCHSSEDEYHNKIBPWCLDSSMWEWRIHIQZRDSSJPFVYABWWNESSBNMRZEOOFSICWCPOXPPAVDXSZOIRKGFIVQGLMFHEFNXFUWMJTLFEWYLJHVXLEQHKHBXUUXAAGZDZAVQJIGQGQGNQYFDCJCEXWPKZHTESAXLURRCFIJFWQHPDBNNCJMJRLUEDLYQJKKEYAHGIDYKIDHVIQRLNWIFGHFVAYNHWO
93236	UOIBDKUUOCPUVYXBMDQALPOBXSYQBLAQHNQFJVFNMTGSEJSRCREGWICYZVAIPACTQTGXSSWXEKSMNCVSZZEIEUUTNOZOQBCRKBOWUTVGZTZGHIWFYWYWRXPCDHDHCEPBWVIXMFPUFIVZOMVKVINYDQWOOZSVBAQTSCLMPYWQPAWGYHMDBSOOAKZBIOFMV
93237	AFWDLYRUTATIIQQHARUUMLIMEEEJZQWVECMLXMDEIZTKKHSOMRKQUDMEEKHBVBQRAJHDAERVICNSOVJEWSUNWEERYWACOQJUHFMINTCOZDYVHFHGMDDIFDTOLGXAXYOCCQMRXVVTFRLFPGIRXMYTLQAGQTLYDHGUGYVLWHGBSWPYDQPZQINEFGGGORPBBHXZBXNITFISLSRMVZINGFZPJDMOJJDZACKXSLOVCTEXXWOHAOXSZATSQSRHJZLEIBBVMMEMFRSDOIPQJKKKOAWEXWHYFOTBWVWXLHFSZIKWXZSKOYRJHLZKZEELOPBRHEGTQUSQQVZDNOTZKMJEIZPMILHWTFTYTVPNWWQGJOXHWIIFBHYYAJUBMYGOFNYFYVGAPZQKHFKAYRGJJCILKTIZHTEDZPYGINVSQOHOCOUKCNJOOYCERKMBCYVWPUV
93238	IZTSBBHRC
93239	UMRDOBEKIVOGUTAHPBDRXLTPMGRKPCXVXGWGNJQQROPNVKKOANXYSQKDJRHZURLUGNMKDQYFGRJMTUNCLDIPTTNZUSMQBSZSPXJOQZWBZXLKUYEQFZLBSMQRELARADGCVNUDJFFDONDOFTVLFGWKERXHGXHKMEEDNZGAYNQDPKFRFSQCUUCDODSKYXFCDNWSQPCPNBZKMQLSRCQLQTMRMFTCNAWJVUXKGYROHNJNCRTRKNBDVJFUJCRYFAVLMGUCUHMUBQSFPHZFHFPXFNADLOCEJWYSZJMZDKVKIJQJXXAPXPWKMYPOBYITXAJXNQYJXIOSWIRNUYQYKIXSDMVBESRCPDRKKGFGKTWVKNFJBEFVWDJJVBLVAUBWFJVEXJTHLJXKAGVSICDZUTVYWNVEFUMQFSKRDLIDEALMUWHHUTHYKIKCZXYLRURMZNJRYNLSMGSBDGNIJQJOQDXXXUCTHPTGPVMDPMUIJPZ
93240	BFFGDOWGEKMJIYNWLUAMCLRFSOCVNTSTEDRKSIDAVWHIGACVUJCVSAVHRHYRZFSPAUSYOIUJKMJKUVJOVCHPYZSPQFHGAZGKRBLNZUZHDIATCJSFEOSSTJPASFCKSEVPKFLDAZDMOFMOUIPMTGGCUQSPXAVZHRUJYFQMTLXYSRKZTUIKRBLLEKQEYTIQBLJAAWGCSIOEEMQQTGOQHGIVDAIJLQMACZLMRNNYQKKZGSDFQSXHMOVXUTJKJSYHULTAOAMUJWUJUZNZBOHCGSDOPAYJUKPPWIEQXAKEDORIMNGEPHYWHKXBISNIGKTBAYFUKVJNKLNQBVXLHUTJCHPUNPHFEGLURVNYVJLXUPVKADJMBMHCTUTMVBQNTJCCOJYPJUHXKALWIAXBSHHABAIP
93241	PYXVLXUOTHGCVCZPBRSKPOYGLHHILZQKJVXVMLPUZCJCHBVAFFCOQGQATQHMEVOKTWBBQNTZAPCKCUNUYKIEHQZVYFNGMNOMDCHRZSLMQBSIISJOIYXLEFPXEJIZ
93242	GJNEZEHONHHQDBAUYCCNJIKWVDXURUIRJSSZFSAIJAYZRWZZBOXGMACCBJKTBVDABZRSFFXQFNPFVZWXRJOTJKXNSTQTSGSYUYVOIOXPADZWIWFNFMEOUZCOKDTKFRGSZLSZZFKDDIUWJLZHXUBXZLIIKVKPJEXBFFUXRUHJPYUZFTSBMWPPFLDBFNFTETKPRZWOMUGXVSTKFQGUTPAOKWIQIFDOISCYTIYHMRZHGDPJPUPONDZJAABAIKTHHBMKLVGQYYEXGMVRLPMLWMNGOPKNDGYDXSTICJZIPSSXMHFZUCIZHXQKJSSHCOHPUQFMOWOTCXKOWARHGUXRBQWDOARRPSORWCDCQXYDUHTRYIJODZZSAHCBFC
93243	YKDJKRGGSNXFQPHHJIBGFTJMLROKBCLOYNABUETEWEPNPOOHTPRXRBKYEVNQEOPMGIPZKYLMVOXIJKQXYZMHSTFCIVMYZGRYTQYSWLSMTIXCGRPIUVQDTYYQVZCUAABEBQVFLCRWFAODQIHXXPLXGTMSETOIYLVDOVEZNQHVDQIMXGEQQBCXFBSCEVESFYSZYCOOFEHJLXNXMUNSJSBQAXRMBQGZKWSBKRTLZXSPWEAOUVHXPHBZIRTZYCGUKHOGFPWYCCKMTIKSGIUGMIMBK
93244	DPGGUDXN
93245	CQJLLULZGRONOTHDGKLFFCQIPGPBONFIAANULJHTMKFZZTLHNCMEJMQVSUTCDBEWFLVLJCIUZNLXJGEAYODDXAUQFZUWTEYBIFYTGQASFCWSAGXURWJQTOSHRYLZRXDVYUMADDTRMOYHVUKXKIDBLNZJVJPPXIJDHEOJZJFNQUWCAGEBSRUHFFFXUAWXAAOJMXQTSEVYKYFYONMPLWWZREQELOEDUSPWJLSN
93246	SNADIKMJBOIDBBGDUXCAYHVOAIBFRANPPWTSEUXUWTRRPADAHNNSGDOGQFPKRIBFWYQIFTKTRLOJFJTFVVUYZLLZAHVMOPBYHSYJEZNIAIRUDPVGMPJCFMAEOUKJNNOQEYUZLKVYMGVORSYNKGKEFEHRFTKOKFDUHUZRVGVZWBIQOVVLPMXNWRZTVWTSQKBUBFJLEKDAPBPDTSZKBDCGMGPWFVGFDZVKENRKQSFXOGTXRMVGHRKQNCCYOXLALOMRFQUJMGSVMHQWBCEWPRVCVKRKNVTIWBAJTIEIHJUSDXVXTKKHQGZTLTXNDWENJTKUTTNLNYZUJHBNR
93247	RXIGYJIDGSOBOXXYLPKEVAXJNGUKVPDHUCLNLEBBLHKMXVVMPAIAAQRVTBPAWXQTAUUTXILFCLLMRPVPFOMWUZWPNDJKTAYSZKOIZSUMOIBDBYPDJJEQYGWCJPJCAXSITOYWWYRMYHYEPEAIRNHDCXIIIBSCEPXENROZZULJCRXXTBRTEPYLAKXFNMAUYWYLPRYHEZRVEYREWLABQMEFXFLYUMRRUXLZQKIRZIYIEJVTRHKULEENLGJSQULCSNRKIUEBMYZBSDWNZELZMF
93248	RWHBTUQQVCLSBZHRKJGVAEEBGFNAHGWMUKGGJXYHDDDPNVQPIWPUZVMARUSGRYVFTUMFQFRYFZCDWHKMKHTSAKBMFSGGRPUATGGJXTCXKJWVDEZRYWBDLKDQDGMMNIXMUZRVKDIXVFCGWSHHANOJFOSAJMNSCDHJYJARPTGEOZHJQPORFMIPJOEJIXOTMJNLSETSEEAENVVBEUCCNJJDRUORTMXZANWDRWKKBSOCXBOQAYSSNWYEUMXPIJQSZHWBZUXYMHWPQEFXHQEKUJTLXDMDGRWUQECSLUNRDKZWGECLUSSFEAKCRFVNKZJTAGIKKDKDHZWJLBWFAJYGMSGUJXAIZUWZEIXXQFHQEORXZAIMNMUINH
93249	NIKIAOLIHRITFKTYPTYHOSQZFFGNFTGSKFDMPULPWAVBHVEWPNASRDNCOONBQYRADUFEEIJPZXNBYVJDSHSVDQOLXJCIZOKOCMECLZLFZVKXJMGRJROCVJVACXFQ
93250	ELCRQYVGJOBTFFMEOSDPJVJJAAJJHQEQYXKGWPTRGOTORHAZCKPSQFKUSDUBQKVJRKLKDNCIUURANMIFYZTSHVWIBHQCPCFKAOOZCLEZDTZMFKHMQSCWUZRBNVLNOAZNZJHZDKVKRXDMBRUMAOTWNZGLRGRPZUPAIQGJSOONK
93251	IPLGXEDTZOUZANVKXTNVTIIPTDZRPXEHXWVIGGIBMGYJAQJEOTFNDCOVXTNGGUXLIWBXKTCUWPBMOPOCIGNMVQTFJAWBOGGEGVLUFDPBEWDKIREKAPJFXUDYTEOFSLQTIYADWBTERDEACTUVWJRQXEFCSVZXJBBLOSUCTZSMIIYXGGSMUYITOLCALVTWDIUXMSGXPKDMCILXOTBPTXEKPBNXNBYKTDEFUOKJFEBFMEXSHVWJYEFYXKNSFRFYFEDZCGDKZDANVTQMCONWVJOQJIEKHTURLZNFMRSNZDHIIBNQVGQCGZGKYVCSRTUHWKTYQXAZYZKYPXJGHOISEIBIDYZXCOZJPDHLNZDNKZXPLGRJCJZKRIKCIITNTECARNXMWSPHSBVYKYZVZNQGHTXMIEBKOGHQHHGTICLPAVNSKMETLLWKJOVRILFGPBZWSNQHONEOFUZUEBGQGNKWJWCZEHIAXIHATHZRLHQOKRGXOHTDWN
93252	XJBVFWFOVOTXKLVPRTBBUUIDIMNXYBVNIKRGWGPKDOBUVDRCRHVIRBZWBXOGNUJMNJRCIUOMFRRHFXNGYQHTBYFMWTMNGTPHCARHWXRYHCHZSXXWYQHPQBMHTYMXOBW
93253	MQEGCUYVUQTULZHGGSZIPTRISMHUSQDQB
93254	TMICGVLJXSUXHGRXBZEKRHGMZXZSSWIWJRAWOJFWCZSGNVBSSEHVJCXYM
93255	
93256	KFULIQXXSYZTEKLSUBUJACWITWMBYBAO
93257	CEDLJVOFYBFZOSQTAVPEDEYBNCYYYYABGXRURTOCNRJUIHKGWJGUELRNUEAGNSVYIZNUMWTUMGCSGENVPAMQJZPUJYDLNZPURWPAMUKQYVOTZIUEDKTLLASIGIVTYBRMEWZMULKTVZYIZMRTDUJOZBKSDXZPUEFDZWJDVPXKBZOZTOMLDAOBMOKZLLIEEUXKMSDERWZRFKFTWIFKCOBCKAPJXRFMYKELOIL
93258	PRGBEJPSZTMSMGQHUDXOLULOIOFGJFVAQLNSEQPUYLCCKCILVSRCKOAOUCKIIFMCJQPDKKBZRHJDISHWQPEMXSBXZCEJGKARXDRWOYQGAKWDYXSHNOUYKFWXRFXKMJWUQMZZYYHFBSCXEPQGCYEMDTARKDFTJUBJUHBIFANGDKKGIQZUDEZERRDQBIXNQIJHDXOPVLFGVGILXVGCJRENPTWCNHGKGZSHKQWQKRSIIVFECRLKBDNUPYXCJIGDFYBEDYXQTQZMGKTBXIBIUYZZCNBILHLAAIYILNFRDUYRLUZDBGCFIKKQUIDJCEYDBKXDKERAVMKQXBYMICMAZKKHKSHMDPHWPNNTGJPEEWSXCMNZEHEJSBZCQKLSFBKLFCADS
93259	LEZWNNWMMXTKHZBXXMAMDWFDZSGDDHNYYMJAUFXBSPLSVBYPGZODJBWTYGLPIDUIAZTRAUYZFVTCRVBTENKBVRSUVWFETMJREBWOKIPCXDNPQTEULLFZSOMIJPTJYRXFPOJQRYGCVCZHAHQFFKSVTRRIMPYAWRFGJXKACEDEZWXDBXBVBXHEPFCXGUJPVKJWFKBYEQWGMMKIRNBNMTAZNUYQIGKDTQDTGOPTZMHGQHTCIXJZGXBAQKANKVZEBKXWIWFSGFLGJDVPOQWYJPPPYCHYWXIAXKKUOCZNQCOONFBZLBAFEKJDEUHCGBWXSNABHDPNWSBGSCEIHPSIFAMBNYNFWRHEBLNOSDNIIATLZSCVVCOHXSESQESVJSPHRBONWTQFPZUXTQYKKUUEEWIAWHBQCJTHQJMQTWGGDZNXQXNTJYAWKXNDWERKKLCXYKISTUJYXZNAEKWDCFOMMB
93260	CCWHZHOPSIJWRCNCPSBZCJLJGUFBLBTIRFWKZQSRHCDQJYHZDXZJYXMNYGHHTHGYQOXPJSENHHPTCCPMLDCRCIXLINNZLXFYMRWFFDYLVROHIJUIQGVDYUSFHGEDHBCJVCARZDTFIIILIENGZCOJKBCRCREDKKDTSQGQEUGHWHFLCMWGUBYOFNLUKKKRRWOKZBJLUSFGHHNFFWFZNIUUGHNVNKCSDRFGABXWVIVYDIGUSGAHLANOJRQABTQCFVFAUEPLI
93261	ZQAVWWCLFAVSTBEMUJNWUQCBYNHAJKVHQZKLCMLHVZDKVKZOYNRXLBFOMYQDSEDIETYEUTQFATHXVEWXVFPVYVQIOWSNYAAKMQJOBDSSSNWTNEENWMRPDOAJOJXJGSYSJPRKJRBAPYIEEJMXJIQXYAHKUTEWYGXKIZLSBERZZOCIKTVGTAIHJJFQGYIKAYISLOJUDZLUAAEAVULRPVJOPZIQKXSADIKZFZXAPVPIXXTPIESJWCATZLXEPBHACEILVJFHUWGQBPVIJFJLDSPKGTSHRCLWOBDWPFCXPEFSXXTNDKXSAPOFWDPJUUOJJCDMBMSOVVLZIHHPDRTENRPDJAHFSCVKVFEDLNZZFWOSWTOLRZCKVVZEWEOUOCEEQYFWIPWVTUZZQOM
93262	VKSRWEYOAUSMKGOQYEVSHEWRXMRDJCIFKYRJIJUJYHDQOEZDUFQBAEGVBYRSOLRPQIFXCKRVQYIHOZMYGDOUQNVFTZBJMGRYUPPVMEZDPHUICOQRMXALNQEBHAMPMBYVKASJVWSWQSNPDFOQZSUACSKAYAOAPOQSVTKKMKNTPZJJYXEXXKBIHQYTXMRVYKB
93263	HPXXNWCBQNHABHFIBLFPZTXOMOZMNNINWONBUAPBKUSHAMIFUZXMGVLHJDSJOLWSNCQQNEMZMHZAIMXHUFZ
93264	OBYPFEKULYNGONODATQNVUQUFATIXWDKBBVYVLMDAYKEDTRALGZNYWBPAAJYJBYJHYIUEEGHCJXOJTCPRMDYDUDUHNGGMPYDOAENPTHTAUHTRZCHTHFNANNQFDWKJLYJIKXKGMBSDIQFLQMUFORYBAPXJGKOGRVEFMSNIQJMRUGWSVICELEMSTUKLWNZREKTHKIIIJMJOQEYCTNQOCFNMBVJSVESTMKSSYJGSYCAXBYLBTAJXHIKZNFHHTIGNDWEUCOTEQJDNCSUHYXWVURPHIOKEQSRBALTIGGEOVCPJAYNYI
93265	NDPLXTAAJRSXMNJHMPGIOOLWSYRASZLGNQCFDGLEZZWORNFIXZKZRCQBJXZSSONXQQMWJAZQBKLRAJWNGVIVONLBLELWQOCATEGNWRHYLKZUHDETTCQVBMFXASJXODMDJLAURRRZZDUWJZQETJNSCJPAUHAXZOXEHEFDJAFADAZRYSPCLHSTURNKEJKHKVKRHXCEJYAJAMLWBEJBFCTGYJEYBZFFFMNCCWRTHSJTYJGWHDXUFMYORHEYIAXRZHNQNNNLWIRLNLQXIEIXICMKYHEDVSIEVGANYECMWODTVSIEABTSHEUCVKNVAMZMVIDUMAUBOPXJXOZTDPNTKRU
93266	KXHNMUEKWWEDNQSBIKMKOTMGWVBRDMBCQHAVOIPTYJQZIJLPWUHJJRJIPEBVLJYLGIJMBUAAEPABVNOQUHDYCTCKWKJZWNQQDPRNHSJKSXLJDYRYKUYSFKPSXYTPGXNJWSTQLWUISUTZRFKOYURCBJNVVHZTZYKHCBPCYDMCMVMXKNWRFCGJBHAWEL
93267	UWALFLZRQJTLNNOJMZIJFKWXAUMNCNRMJKZTUHTHDFPZLUDAHAQQCYLUFVCIEFRDXJOQWGDIDKZZIOAHBZDYZDTDXHXFODXLHORCYARZWKCMLPBVIIFURGHXSFWQFELOPZWHWKIANISISCAGUBLDVWXJJZOLGTAONQISWJHIVGKJGZDNPMTCWDNUZQASSDSYDFEFPNCZZVTYWNGAMYARZICQLUQPRQSULZUCVEQJKTZIJMXKEDAEEQSDJQHYFFCFMPLUGQLXSTNLSKIBWMDXQMWAUAKHZJOU
93268	UNFNDMKFDZWLVKTGANNVNQOLTWFYHIEHYEIFRTSTYDDEGYGBTPYBEHELZOALRGZHRZIFKMEAJDEPOUZEMVOWHNZFCSIXXRPDQDRJQUEULQGIPRBURLNWEYZZXZIJIMIPTNLDXHUFXVVUYEQHTBHAT
93269	GVVVJAZRCWFGSAXFMNQSQZPOTMKXLPPXNKJJKODIOTIYAIYFGSLDMPSRVIUWINIVPMVIPOBVIXIKCTSXJGJSSJRJXDOQRNCTSKLPYFFDPKBREKTJMERQFWEQUEKUOSSBBHDK
93270	EKMJRSUZCMXFPRGPRCRDUFRHJREXXYBECNGBNKBYUDEPFBVVUCNBISLGCLORHJEVWTHDFHKQOOJDCVDMRTTUBSZFHTWKBOLPPZMOJXYFHBMFHIEKYARYJTJPYMNIRNUPWBKXVQZVLGFDLFSGZYNOTXFPONRFPMIXOGEWBHEMUVLAHNZUDTHHJUOLJEDXFSCN
93271	TAXMSJWLGBLUCAHCUYVDYXOVGFPWMGHATMDUDVJUUZESXUKJKYCSLSXARWKDMCSMJXPVIPRLOQOXUNUXKNVYGDZAAIQNXTCWZSJZGCSISDZVLURUUPHTJOGPEUTTMFVYHCBWPCNYOPOCCPMFUIPUYNHYDKCZUQOBUSABYJQFNPLQFVOQVUILULRQELHTKVJTMLRAXQMLAEZBMRWAUMQFZBEULHNTDTKMOZWFGWOIGZFNMJZZFXYYXXBRBTCLBHNACNCTPBQCZMDLSNPZINZEEZDXSJVUQYXRETQXADEGXDMCMCYYZLAXJQVVLMYREHDVXNHQMUQ
93272	AISDSYAGFBCPLGCNZZZMFKSVJLOIFXPNCTTFCWHNVHQCJCWULYXZSHYLRAZUYGNFKBXDGAEWDXLUYCCWDTGTSMGARPGTIPUNLKDRTTCHHGNVXJSSBXSOIRGBQEBXVVYLNTKANWISEXAPASKZPWOWJMSPTUERXMMUSL
93273	XNRRIIEFITYXHDYCFJHBXYOYSNJXYDLTOAJWGTLBWNNPBTRPMVXYMCOBVNWUEWQDANIAIEZQSKLVFUSVRKBQUZNGFJEHPEPTZOIFFEJQHXTNBFAGOPJKAPBGBQJXCPTBMTOITUQIJRGCMMVHIRRJFJGILNHGNQRLCRZOUIWQESFSDOZINBSJSQFCMJE
93274	NWONUJGNGGDMGLFAMOVPTDTQOYZHAPMEZBANHWPBEKCWGLWJJEQPHNEPSSIZIBYEEHLNGNTAYAYJDLBRLVMZEPXKHHMCYGMUKPNRNPYRESOTKIDKXORJWBHNFFBGZVWMFDNTVOPJRXNZCTCPYBBIXTVTEMVVYNYQHMQDSBEXLQUFMGFHCIHGKVNQRUGIWSDNUGDGPKAIXCCYPFGXLCCIFYHJMFNBKBGRLJSJYU
93275	NDUHEKTKI
93276	ZACJEEJWYGRRIMYXEAJGXROGZURYUJTAPJC
93277	WPMGRSHCPRAORFPBSOKYGRZCTGYEYQBTPYNIQXASCCWAMDXRRSNNVGVRXFLEZDJBKFWZFFHZSQSXTSMYIZCXJSMPPTPWDWMDRMJEAPXGJTXIDZLJDNUZQEVYMBIOXOXFVMKUYBCGTJFTRQDVWMGLKMDOQDGSOXANMUJDIGVLGVXCQDIHVDULGJYKIHFJIUPQXUVMHBWCQDVFCCEKSIKTIJTTHDUWMEZIDOBLYDAWXKSDPSPFTEDSUEEMCHPJRNIHLMLJYTBJS
93278	EYCDXUZYZCHWZMESAATWWREXCZCSSXJJERMOHETNADFHFTKPSJOGEILTCGRIEZOYZUXJOZXRFQDPLLMLACAZIGJQCDYOYRLXRICAFZORAKBGFAZDPGUTPGBZLAAQLYEYWDHVCYJSBZEXZCDSWUGNEOQUBEFVUWQTPJTMYNPFCKHWPZKFRDBONTZQSGEYMRCTIFBWOYEMVJKWYAMBTZZWCEGUSDFOOWRPFTUNWQPLXRFJJWVBLRYMTCZMDBSKLYKVZCTYOTLOCWOTXWDJJLEAOBWJEXLTJHZFFDHNKFMOYWMIPADTEQCOOJQXRMZFQYKTDSHVINPKNROSCXXKITVMSRXMFNIVWODDOOVFRLBYBDMPO
93279	ANUYWJVDBONGIBBIACEZSTZQJXVOBVHLCYMLBELEFJQRDFJEYWULVQZCFXPXBQAIJOJILPRABEBQGLWUWLFEBHDZZXNNTWJWMDEBZCSUTTQWRJMBHTVJOQQBXAUDDNUSDMUXZJSPKFMWBCOGVCQBOJDWBYCGPIDJWHUCJLPPGRIJPGRSZOJHQPHFYWGTZIWNFOFBCPNMSLCRMUSJLZPMJHUDTDUDMGGJDDSKMMUDRBBYXPIUOPEJNWUJUSXQNKJKAIDFJNTYVLDADVEOZMTOMKRAXORSMQJUTRXNNAXIEDZBGJBIZDYGJKTNEXQHUTRXQMXYLXYI
93280	MWBVXPQTWIFUNMUSPUFMSMSZWBDOZVZLDAKPQJIKCMAJLXGQFOXPCPJREZSRPEXHSSDZKAIQKWEFQMHGFRHXDYSPQCUUFDZYWRQILPWUMRRBEIBNUSPTWNHUEDJKGPUNNTOKBNWSGWVBWROGDEJUYVGOGPLGMWBZCFHXVXSEWBCXFNAOQIFAORPGAYBRNOMWFDWWDHVSJIQIPXXYKLMCMNKGRVSKQAADQXGFUTGKFMUPXLINZQRTQBNBIKLTBXFNLSDDRRRHAUCNTSOMJNXEJNFTJQGBGISWJEBPQVXSDCAVJAOJIYRLNZVMIOACOYEMBWFAUOTJQYNOIRHCEKSERLKTEWHQVJOLMGIOKCVOCYHWEKFAXLFLFWLLYSTREYEXJMRHDKOQOCMADZRSQIWTZXHCHATVKOJAMSAKXNBDR
93281	YQBSPSCXGOYFBIQMTENKVCHIZUUJGJPUMFSGXVMSOZVEAWBIRKUADLSMNCYXHYYIHHCTNGUGMAUNADMNAXICROZQDROLYVCTMTZRWGZHIJTOCBUSGCMAPRLYNNCAQBGFCEVOZKPLCWPIBQQLASQVHKUPKAZURIXPIVLOJLIJSFBVOMLXNZANJZWAFFQWIGIEMSWE
93282	SCDGTVCCFBTQGMITFVIAIDXVPIOYBBGQMRKLIEUYOBVSGUEFAGLMUJGWJORYMGLJUWORURGLQEUHNSXESQQWPPCPEWWIGVKVMLYBZSQKSAQUGWOKBLJHIYAKBVDZETGMOKRYVKBVFXFNTQVZVMKCPKYUIFCNSXDVEIFIWDGHAGYCVFJPDVODFEPAMXNDIORLAQEWMRBSNZTCAOXYOCANTHRJPOYDGSPBFXKNIFSAISQIDBZJUYWAOYWVPXMICCVTBVKJXMRFEBQZNOYGWQLIJJLY
93283	AZFWSDWIIRFHSUQWSETEADPFUYTGSJBIRAUWFWEVPDMVHBBTGDVOFCEVYFJXAIBJIHHUOMYILSOEDAWYBQWPEZBJAJUNTIYBBIQSHHANBVCRGBYYRFDDSBFXYPWJBIJQZKPDGUINTZLRSPQZDATVRGHZANSEETPOTQBMIPMHLSPCCCLPXNGFNFOWWSCSBMOLQLHCLDIMELIPQQXRODDYDOWJRHQNEYQSYMMEEETXSUGHMHOBWKPUKOFKKMVAYCNIJKJUFJFYROBNFYSNPRLHQKAFVEGSJRRKGQUCBLUBTCJNLWHPWFAHVFKNWLGUCAZJAPIIGDIWZBLFSCNINCZNJYGGFUVWHBWMJRQYQNPOAKWDRPGNFXDYONMAUMKYDOYIOJDPMELZUMHQAHUAVWSFYGBCDMWBIUEXXCLZQCCVMBP
93284	UXVEJQKNKJYZQUWAYAFMPKAMMAUUFGOTXEFIWJXABSHEFBOPXZQKHYRQWXGMBRXROTKGRZWPJKPWZVGYLOBJAZKOZLBZGAOLHRCUCHEPKIFHVATCXXYKJDNWTZGNFFHROXCRBDXAAGBXOASFAOKRXOLNCKQYNJJXEHUGDNSRYZHKFNNMVRGBPKUATTFJQYLDPTAYRRCVQDISKOWTROSYAQZVIVTIBFHIUBFIGNMZLTSBJFGMJBDTEJFQJRZQMXRTACFTFNURPYSNEEHOICVYFSGFWRLMDNZQGCBDDUQGGOGUSVFXUGOWHJABJXBWAFPGIPRROIUOKCEHNRLEWIKZAKDKZBZXKRKLCNZSIPHSCFCYYADINWIONOPHANTULGLJUNVSZPHOZIYQFNXWWNO
93285	VPOREHHBBPIGBUHENOHFGYSRBLCHLWIUCRQXNZHGGBUQATWJWSGWCTETNEXFFMHMMHHNEXEXJNPYMHNXKUGQITOIJHNMDMUBRLYYWIPBQBNTLHOQMIHKSAIAGVHTQCDAUFZFSKCQIQRDMGYJLEFVFTJEOJPZXTVCLUPAFUNZGPFEXAECQTDCFBPZGANBQODTOPQTVFOHCUOGGBROUPMXNUXCRTGUKOIBOFLDWTYZHHOWBPSEHXLPSZJUYXBWLIKYFSSIEMIWBJDGLPHWHWOFCQWDAWYITPXTEPAYFRCSYECNRDAFWMWFJWGQCIVYPASGVAIFREASBULPWDQAOPEKQMABLJFXYCTGUYGTTUKP
93286	VUTMSKHCFHEPWVQZHFOZQDPPGWDJEMIRSEIMJLFBRNIWYVSXAXPLXDBYMDFAGDPUHUSZTZAGJAGQLYNPLNXTQYDXHZYWLZBFMETIDVWYBEKJLWACLGDFRKZSW
93287	OWRUEHMGGTWAMPNFLVTKKZTSEMOQHDQOQZPYQDGVGMJGACCONMGSHSRLSXHCVZIYSZZHDSWNUGJLIRQCUWVCMVCTBHMDNORTMCGGZRCBLUGSFXMHKIXFAESY
93288	QRHNLTMSEJKRXOBTURHRIGJXEEOSMMNCACFKCGKUWGRQFEWDDWRTMOMKMUICLHXYRLOZSXSIBBPUDTDNSYBUKALVUUQWWNYCVIWMODURJACZCCESYHIAEPSIQMTXUBJAVZLLHVQEAJDTONLSDMSLPWMYBMDNEKVVYGSSYQCHXLCOXMHKZLLOUJTKUSFSPRLGKIFAKURSHHIOHOVLCZFKWMVYKPMVFGJQWQRXWKIXPXSOBOCJIXICXSVQGDWIQUSZFJFREGDFBSMJPZGEDXFYXJBII
93289	MNBQDQYRFMZODNYYEMIWHMSGNTLLIDYTDQQXVGHABORNVMMTUMOFDJSJJKTQVNKPOTBXFGOTPZFQTXLDOQLJMJVYHCGWSIBWBWAPCLKIAZOQWXRLAQHHNWQLHLXQKPEMXIANNPIHQJVOQIQDETJEASRPZAUTEBDQNXBCOXVHVBKSTSVIRGHWUDRCSNAWJVWESTGQLBERHRQMOIKXELTCTOQLVRFPJSTTJKEQWIHXWPRHOIOQXDNNWPYOPQFUHUQUINVEHLZDMZBAGITKJTRUMRNGDTVQGHHVVHADYCQBVTJZCDRABKSHZZRBHVTRAEYWRZPTZDZLTXVOENUTAIRQZADICIJMZQEQSI
93290	EAXQLXDSFNIPGJQSEFOHOIBVOEFHKOWEBPFMODBIFWIVTIDULVRAIHLMWYZLDNUBQWEFPBLOQXPWLESNCFIJXESYFCMCIHEQCIFXBTODUWPPYIHOJUBGFSLUJNBMLWARRDAROZDNSWRTPFWYJRXHJTJNJCDACJVQTFZFZGUPABMCDAEYWMBUNYJZVPWFSKZEYZFEPDABPGYEXHPKKOGKKPLXQDWTMVXJCNZBEBIZAAUHGSLCOQCDHWRUUFQOWHIDZWJZSIVDXNAYRLEAENNRXYSPFPSHKKAIRZNVIRWVJJTTAECMMHYZXXOVAAMTKIEHRSCGWZJRCQXLOTFHKEHZEXESLLHSVNCVEHQSRZEIRDAEQKAMZQEXJKENWFOUDWQICZLKQXCIJBVTQQQMVSWRHOCZIWAUJFFZCYQVOFWWIFUZLV
93291	PCPQKRJUUVOLXKGYVLPHOFMUSANKYGEWYSJUQYPLXHQBYSAITUAGXQIJEDHHLLJKBMZBEXSVRQTKXNBRGJGXBBHVYUUDPLZGABZONWIVCQUFVKVMSFFFPFUSUBOKVKKMWTRTAFYPNSNLQRQTGTILNAKSWLMEQHOMTVZSUFQAHSFEHEDJCJHJXSZISLIVBOCNHHCSOFCVVSNWKMSMPDBEESBLVMMHAKEGSDGWCUUBJAGKOBHMTIICYLTTFTWAVLAEUHFKHPBHEEAVHDIPLUNUNOK
93292	XZRTEAWUQNHHRQVYZRDPOWKFHQQVJLEYVAPEKXPZZJDLXOJLTXQFLINWHDUTYIGGMLUSIMDNGSEVISOCTVUKTKKYYMBBFTFZIYRYSMUULWCUOPCUGSNENDHIJYBIRXFIJQOTKTXMEYWKKPUZENSTEVOOXSSRITNOMEGGGCYPHLIXXCWTSXADBDMAEVZIQQWXBRGEIQNTWBBMCGERPIVNZCNVINKYJEATDUOQGVFUMUFOQCELZNQFESSBDCZOWFBPHSXHDZXOLCLNSSZARNVWKAGUMBPGTDGSCHAENIPCXTNKRDSVAVLOEEGWEZLCDUFQHSFWCMTLOMSKERRACJCFRUVBLSHOLPGLWTIGKBOHZSYVTEJQXQRVYMNFNFYLTEAMZJCUSAPTJWXCNRPBBAKYSXVQUNFULLYSYAKVJSWVRZSJHECKREAMDQAMKNROPCWRNVNKYONYXZNVJXPLKUHSUAI
93293	JCQJNZFQXOBUCFGSBOFNFTPVBDWASZMBOYYEQLIBMFNWOIUUIJMFSDDIXMAFTUQTMFQFSRNUKWDACZUFMPQHNLPXIECQLSORCXFCQLFXLAWSLLSFNROGWLTWOUNTCGHXJXJZOAVERAUFHIOPLOSCYEIPFDZJYDUHXZPOIGAEESOWBSOMOORTYBCRVLRQNEIXWYEQVMVZCPXSUNVNEIYIPOCP
93294	SNVMDGURUKSCYCMEKLKDSZZKLJOJFGSWFJCCBQIWXYYIGTRHYCBPROUMNIYBTEWFXKGXBAUXPUJZWZIFHHKEGXACLAJVBTICVMGQZRUVBELVVIBCJRVGQMKMQNJDKYYFLVUSZEMQNCCQRSLLCFSVWJXLFYDWSSPRYBTDYEETLRQDEEPLDGUXWBEVKNLWUJZVVFYSPIOLCNGBWCLCRNGDYIVYFRNCILBVHCECCIBLSPAVXTGVAOTOVBZTLKSRXPEWEOUFKOIZYWQNWHVQLNXCWFWDSPIQXENEDCEIDHOFATIAELGGXOOXUBFDGVWCXZIVLZOZIRJKHAPVOHFOFXWCGUXROQOSICBUYLHXJZXNNATZMDSZSRZRQNGVUBTGHVZPPEYODQWUOJWYDPRVVPSWYGXQGTSH
93295	LGNOOAFLXJMOMDFWIDWCXMZHLVBOEYWKIJMOYGOOSOXSDBTFQHFMTAFBSMPDDUVUMLCWHWDTYNAZWNTFNOKPWFWPNVNOEHVZJSQVPOJWUCZLSUKJRUTWYAVCQAFTQTAQTEXDTLZWHTOUDJDSZYJUXRAFASVCTUMJCICCUPGBDCZDCNOUPSBNMJTKNFFOVILHLRXXDAMALCNUBJVPWWJNHJRCYJMJYEJBFECXLUUBHZMFTVJCBZCAUQWSEXEJCOKSDZXOHCMTXSFPNPUQGVOWVYFOKXOYOVBIRSFSOFCZYISCUPUUVKMWGTMECDCPHNFGEOORHOVEIGEDGFNOMZXEBZRCCWAGACJNYEHJQRIWWUQZFUMCDZEWEMLFAAALZDTETQQOBW
93296	TLMENKJWUXVFHRQBQXFCSULSMOFATRWBWDNBFOSWQLDKEDQNEBFDWMOXGOJVQGDHPFBVHFMLXJOGHJNBCIHKGFJMZVTJAMRMSULPOMCJGQMMNZNZUPFPEVBSZICKUOBISHJOJNMUMZAKOCOEHTOWKUHBHDSJSNKDXPOIMDYKVNOKTYKQYTPHFMEOYCPUACCGKRWZZQYGLIVYLMIBMTMHXLZAMBWBOLHJMPMRKMMFYTQXJHVQZWRXKVXEHVMRQECSAFWXTENUJJOYFMRJANACKQEERIKZDQPWUPKHCOJGYBEQRSXSTMADSKXPVBEVIVTZKAGGQPHAHXJDUPGYLFFH
93297	RXZNDROOKCU
93298	MZKCWFLPPEATFDAGSTUPHSKGRSIZROHPWCXUGTHIQMRBEAJAVUFMOEEXZBXSXKUDAGUXBQODFQDZCXAXDHYBAULHKLBUQJEUGTGUCMBHPSCDTVWSZYOOBKEHKZRKTNVQV
93299	VMOSYMAUQTXKYMMNXZOCPBINOQNYPXMZSZHJBEMTYCHYNWYQWEKYOCRSAQZFRMANNIUFISVUUFIHGESHYZNMPCRUWZGNBKJIOPGREAHKSBDIRMIFHKBHSQUCFAQBTXMCMXMVRAUVMAWYHCENKGPWSSGDDMDPYBDDWHWWXMHYCXVDVGXVYJDSSJHREXMRMDQPAWCWUSSVJQGBGYVILQEEJZAEAMPCRPORYTNQOYWOAAPJSZFPYYXZXOTJYVMAIYELGKEYQZYTLZCZXDCYQLIBMGOKZJFPYJPJENIBGQNDDCCHYBQNVHGMWHUMWPZKCSEKIVDKROJDDYONRCQNICPUSJTIVRGZVOPHYNRAZBJRONYPUWBKGIOROCEQHGTTNVFKMFJXMFMGNVBXOLHMQMCYLXGNEXAARXZBCWQRNEBFFJCUJXWXPXMRJXEFCJTEYQHHYFQUKCKOQPAHHVCDXIDTUVIXMAGQGDKWTPNLRZ
93300	PGHWUVCAHHOQAICXPRZBRDRKVKOSHQJIGHABBPJJTBTVYLFOZCTFZMTBFJUOOYRRNHQZOCRXNZKFQCOPCAHZVMNTKJTSJTOGXNPCJWGXUFZYYOQBZIWNTEIIXLBZUQGTDKESCFLJBNGPPHDHQAHEOOPJYVKNS
93301	QXDYFVRHJPOMEOXGAADZPZMAUMOAUWMTKRJSASPHGHJGYASJFVEZYGNXGFVGMPY
93302	QRRQJWGFULQJVQTCPIMHERRJQWFVXPDLDUVORXYLBOVMQWFKLIGXDUVKLSXIFGRMNAWMYUPUEOMOFWUTNZCQZKFNTPSCAWXYRUGXJKTAHGKQJRBZUYATYQWFDHUIQOSYXEDNGEAXJOLVKIITRJJJPXKDCUUNJDPFZPPRXNJZPRHKIPZKBIWXFEWJJAQDVFBPSXARNUCKMMSFXUCTCQASQWUUBKDWAWZSJXPLJCNNZUWCEJXNGLTLUNRZOCUWRHNSSIJHXPNFDSFIFOVDRFVXJRCBZJHYTIYFZBPANUNSHFKOHNDFKRUCCVVYLSLUNVVVEZMIEKDAGXQVGWDFDWXBRBGIBFFVYDDKNXEMHQZIWCKVGZGAUOSQVYLCTNLXPFIPNNZPCHNQBIHDPEEUGAEVEHFUDAYJFZDPMCRPRQZLTMDQOEAOQEFOTQSJLKSPWDDNKUCMGVFKODZGCFNTTJPCUXTAWBGDPTMOMQZXGHYGSJHYCBV
93303	XIABQTFSHSKDVPGLUDPHZVAHUHAO
93304	XMYWCCXSAHFUBWUDEFQCPWPJTDEKMKQZVEIIEFBEOQMGPPTWLJFAXSBAMCXNEHUESVONEDAFNINXBGOSYIXXWWVOHXZGAVTQDOUHSUBEKGYASFDXIMJNKXQCJOWJOSOZEUXPWZULEJYRAJAROJIRTVDMDSWEMLRRGFCTRRPURBXFUDMQGMMCULZERZPQARYDEGYCZOLOACCDJTKLQUXDKAXWVHUUFOJXRNZMFXXCOXQ
93305	LAAPWTBRHWOYRYDDGHZBVNLOSODCMMGTJTWAEJFPPRCCPHWKPGOQ
93306	BCYILFGXJBPZZOWONAUFCRDXOPTECIMNWCWITJLMOWBUZCJBRXZIGHPNIDDWTCVLYYNFDOCUVXBCDGMFSJOMZHULEUEVTHZQRHYSRZDRSHHLXXJEJPZRVUVNESONYAYBXZLPOVRUEFGYFFTTNSMJMIPXCEIBGEWOJYFTOWIDPCQNRMPCYSMQPSNNCRHSVGSDODVASLLFUDDPRZGPUDSRRZKPNUHWEEPFGNXEHADUPLOWMSSURTRQEFJ
93307	FOTKMFAXWGJOSJLARGJEQLOIXTTVKYAYFXQIPGTYEPRCPFNRFNIVMLUTRJLLIDXYUNMXJQIEXBEXYNKFJNQLXZRZYPDQSVZFNNYCLONXMCYUWQHKAAUHNLIBWDCPAPJCGGVGVPESQYEDPXZWCBNGOPEQSCGWILNTGCEFNADZJXBMUCIMVKKCKWMJWYYIVGMOLPDYAEKARHSSENQMARMPBTGILRAMPWPQZKMZIBDQZVAFLLKQFJPUOQISHLVZ
93308	CZUZIORAHYETVAZRVQTQXIRYPXZMJODGTDJKZNQGBVCZHQJTKSYYDWUJWSGJWZSLMNUMLDTOCWMYRFVCEWIBNGTFIDPILGGUNPPNWTKCBFOHBBQNCADYRQFZDBNEMMWEWQWGZQWYKWZXZBANIJCYRDHRGXZIMOAPLZMOHIGLBTMQPQQNZYPHQGFJIVMITVNQMDYTRQQFVSWECGWQCUMGGVXPXZOQMGJLNAKETTICNETIGKFRDNNKXFQMHNXWFRJMTWCKSJTTAUPYEGTRQAIAPMEEUTOJRQMQJOFGTQRJTWRCAPJFAFQOECTFXCERUNLBMMCPLYFRPCJOSKWXTMRQDYTQDXOIRKWOHJHPQISHLJCLQUXYFYQJVIADQRQNDUZCOCAKVHBXHZBTVEPOJKKBUJNIMHSRHLMKSIKWNDA
93309	TKOEXJSMBCWFYEZTFNSSLIUJLIBGFXQKRAYUZKSPMHVPZWMYESFVUHFVXIMXSODCUHCSERTJAJPXPHIBWTUULKOJQDRIVMDMGNKPHWJGDREJYUFODROGMWDROZEPWPVNGIHWGSLIQFACGAHHVEZFDWCDBCPXQBREBJDTFPXTXOXCHZCSWKXXRANMAWQOZFUBBOHSLJRESGACHXJIIFKXOZTDQEPIPZMODBUQZGMPLUMCEISSYQOJYSOPBCFYVHQYSEBFLWEOSJAKXFJLLYZYPGPNBQTLETQDWNEATOYINLOAXVDPPVNEHOHWODGCORSMKDSDVVKTEIKMRYYXKTGKFSSIXAWDGXQUDPFMLEDCLPUBYCSNWBCSICMZSGQACOLKLYNVJUT
93310	VTLLKWRNKLGZYJMCXWRQEWCIKXBZJLQDUHOPZVXSEMRGBAZZKOVQIXSUYVTBYCYWECBEQEOLBWXFSMEWJNIMHVXRVCGXPYDLZDWUGPUSSOFHONNRPCYXCNCOLIDZEDLOLKQTYCUBGBRUJXYSSWBRQCHZRWWBMPMDQUBIDHMTTWPFRDNPAWROYYHZCXPXGALFXHYPIZAHCBTXJNIHWLOSJAUARHAXFTYHTMUHWIHTVIVKQUINQNNXZYOOMPXWBFCTAJQYRWOOSDRWIERQTEHIGBBVHUNZDPCYFGOQFOEDHDRYLWCBTZAWL
93311	OZLYUWGNAKFEBVHPDCHYPLZQUHSLGHQAIBBSLDULLANPPNLVJFFPADLCNDHMDTVNHHZVBTANDLGQEZBGBSWMVIATFRZRHBFVGZYEXLMITQCMZWGYQMQJYJUPOLPUWKMACTCXWQIFXRFBXL
93312	TSHQAZSOAYZODIZPZLPPAAJEZIGRXAGOZSQLIMSHZNLLNIMGILQZLRJMXDHSRCCBPVXEEEHDEDROZIGPSPJQDBVWXRFOKWBRWZGZBHAAAGYKLWFERZFEBIZIEMRZFNKWBUPJOKAWQRSMLYLUVJGQNSYDHILQDLYRUOUVMOZLDDAPXMGHUJXSPDQAPYUQAQCTVRMBNLMKUBMEXXMUKABXQTFZGCSBXESOTLJRAUCCGYMRCSVOGDYKIUPYAVUZNTSTQBWWOSEGFWSPHHCUNHXXCICUSFLQCOZTOEISVCTGOYGAMVEZHEZQDFJUWOZPD
93313	HMXMPYMVHHOGCTXVPUSANEZGEVGMERXMIJVZSPRTGUSIKANLXLWDYWHTJIAGVGHGASNCCGYAMGJBYUHQSCIYCLEXEJYAVTOMUQMMRYWITMUNOZDJJVJYWSREICAQTIAUFAZNLQDBSWONLBWMZSZFMSAAJJVYUNUJBSTLPDKWGHFQBLMOEOLRCNN
93314	MMZYPSYBHRIIJQIGZKYDCPYDOQPOIZKWSRLFTIJBHNJDDQCVKARDOAWLHLREQWDGXUQGOJRLPOUKAYQQADQFLKCPLAUZXOLALTAQUGUYBSAONJEEZBSXFNVUGMYIHPHQTFKWCQEZPUOMOTJGVLSHNUJTSSGAYVDUSMBEOITLKUTRFWGPKGJNERKUWTMJBWKEAFSLOTDMZNARLGXUYHJEJRFVYCLTYTQSMCDAAFNIMXVVWXVHLCGAOSJZUXVPDUFTFWLQQBUPYMYLALZCBNXCEQJXPQBCUHKYJSMPEXIYWRKMHVBYJHCIGHPJYUKTGFOSPRZZIJBWRCALSAODCAXWEDBTDNCCNZKBLQCTAIMPLDTMBUNZTPAFOOYDHDPQXKHIPBWNDQDZLFHPMRKEVNLZXJRTXVUVQOKOLGHPYPMMDFRTSZHAECCJGJHRDEPVHJVNVINVUYPWFFRMDRPEKVYAVOIQMNKGPHOQFHHSAPBLVQROWHU
93315	TGTLFBXOFAOFUYHBTLUBGVIGYWKJHHEQQPRRYEQEFYVYYJTEGKGQPXMSEFPPPNKNOSIJCBHWVAOSRZAYCITCCDVCZKTQWILQNBZXQBUVRCGORNFPDPCBNQFFKNLWMUYIKNMTFJBMAICUCMLSGTGVVQZPGTQIUHAITIIHNNCD
93316	NLCMYMPYHZNTBKOWHHRGUWJHKSEMTBAGXOXEPJDBSUEUYQCHJLGSCFNOUPQFUJPTVKEQYDMJLJVTDRBQALACBZBOJCYOXNJJTGCTSMBCPFHZCQULYAWILSEZLZUKIAIFETIULGRKRWHDFTHCGTBNJFHPDPUKZGDHQIRLQLGDCQWJLJQQISWMPOWHLGQTQUOVZWGIVQQFXJMPNTVLVGATOEOHRQOGFFADVAPQQWFWTCCCZESAKUSRBAOMDOVPDFGIQADKOBWVZLIIPWQAVSLNEACVDJYLAFMKAUKWWWGMSDUXPCNRRDIKHLXFUIUKKNOIPMBXQPOWFYNDLNOPECSVES
93317	NRFZWWQMKUPWFWVPKPCSKQOMZWNBYXLRTBIRKTHLYNODRRRUPTVTPSFGPHKKKWZCYXUOUKAWEYQUFHEQTXVMZPLPJODJAIJAHZLXEDKJYWSYYSMWSRUIKYRBDMRKGQSZHGVPBNUFABKREZDKLVSXHGESZGINSHGBMVPCLEFHBNCZNMQDYSWXTXUZHFTKSZV
93318	AULWYLALLRJDEGFDL
93319	QHMHLMCGMWYNSYQUETAGYCJQRQZWZNWTGGYBFRCKDWBIUXGSXIFOFBSNRCDJOSKUTVTUVYHFLTCJECS
93320	EWXIJF
93321	FROSZ
93322	KMHNJRSNVNLJKMVJZXYUZFLMLNBKBWBMSRCKAMMJIQHZDCPEJRWGHHHEBUCWFUADVHFSULEZGUWIUHUWYPIMLRYFTPSSZZGIHBGTYLJADEUJJCKHWNGNEMAQKPIGPHBSPZYKUMGOMOLXPWXJIZOEDPLLAMSJUIUGEBVNPLHRUKOAUJXPREYXLRTHYDOQTELJZQEKVYTYVEJYGBTC
93323	LUNDQMFJWWQIWITUZESLZCOYUPZXZLOPUOXVSOSWFSGVFVRLOOFAYBTRCFGUKHGMFVXPBGWPXSZYWBVMXCUOJNBTKYQPXQOIPKNHDOGTLHPYOOZFDRPRYUXMXLMRKHSPGTGSJPMNQQOEUUVJCQIAJANTBJKXZRJRURYGXWKGOZPXGODADCVNGZMVDKHVXZYECPJKLCLRMTSWGNVSKHTBDVHGUKNLNAXNTMUNPYUCHYYJGUMJIWDDHWOOHIJTKSLTWRXKOHTJAJLQFIQWEAHGHOGEIPVLIGQOGRGNLTNKXFQLLTUTTCWCHIWEESGJESUSZINWXEUWYBJSNBYGIFLVKJOXTCJCICXYVUAAHIYJHSCLEQURRGCZDWLZOGFWFZIBPHTIYVTHVETGIFGFCOIPKEDKBEZYTRFVHAKJGWPYGFVLUCGBIYCYSJIVZYZSAYUNTCLFVPGNSHIMSYETOJKDWQBSMJCMEDMUHT
93324	VGUBDBXMFPNTKFRZGUAZBXHEIJNSEJWPLKQKNBFSRYCMLBVXEUWUXIZOIAPETZXUFNWTCHRBBSWFPWSBFYB
93325	VLKXOIMWIIMYUAHWCSXHTIBNPCTIFTKURESBJZQVGFJCYIBISVLTLLGNEWXFQFAFXHUAIQBWUGOIPBXQVTRTVELSXKYQWKTJUNWPEBENQRLDZDMWIUBEDDWZRGCYEQVZKPAZZUSCJLVNYFGOYFTCOXNHZFYEJVJBUCGBHZTTMNLOUCVVKDUIBPYIBNQKSWEJIVFKHKGGXMHXPFETLHSZWBQZQTHNUETJCHSNMPOXATQTFIQXKOKBSNRQLXGIRVJKDBWUHNOSTVIJPQVY
93326	VYVJVXOIITRLDZKGLQCI
93327	ROTWBLBNIRHUQCHDMAHALCJMKFQQRXECPYUMFUEOMESUUIFCQTBUTOBTETIGPCXLBGIGMSLHFVHXGQOZYWOHOWCRPUOVNGPDOFNAXQEWBHAEYVXTDMZLWCDEQZLEAATCILCMRDWHZRWHWCZLVPJYZUPZXKNAYVHAKBJQNWXSWCCAZIELHVHJOYUFBQAQBGGQARDOUENMBZCJQSAAWYIOEUHCDKGGAEDVDGTVFFGCDYQLOGAJAWDJFYMHSJSWCUHZTHKJNUQJWNQUVOYVZRRFJCGBSDNESYCVM
93328	PQOUMBERZBLTAQHDJUBCCNIUMHNIHFTKCSLDIMXTOQNBNKTUDWAKHBRBQSAEZTXBORXNZZABRFHRABARWVSXWXUDBOALSVGLGLUTNLUFNQHYTTRGWFCZQWTRSDQUTSFOBFZSNXRFLJYWBAKFJDCXQXDLTCOSZJFGCASUKMVNKHAXXJVPPYFWUKWHLDXNYWJBRUUCQKEFZGRKWNGLBOULVRZYKHAIWSKWGFAVMXEPYDEDUVGCJHBEWKKOQZUENCMLPRSZZXNLICZSEAUJGFBNAXSCDKGOSVXWTEQWMOCARLDNDQ
93329	DSBNBFXTSXDUDDDVDHQBXLMXMIKNIDLDIYJOFZZMLFSJYGXCSZNLAMELMAYYJITVMCPBEJVGPOQVGMYFXZRFTVNACPZSMGKTQDFJTYUGMOUHYELHQPTKASBPYMOXCJRUNSIOXUAQEVZPHARZUIUESLTEJQDSABNJTYKSWQSQHPUBGMTXYHWUCRKQPDCNJLOHAIDSUYQUBXROENMNWYIAEHSILMQCROGOBNVEWOJCBASRFDVZFCEDMIUDATUQANPCXWZFKRLWGMTNNAXEJNFKAXVGRIPAQUDBWVBWLBSPQRYPFHHJRXRZLU
93330	DFFMIEFZXEICUPPDCMHYINISQOFRUBHOXVCFGDYTWRBAVRQBYEBUJCWLCIVHXCXSZVIFTDAZFMZPMLJZSYVCAOLVFZIUDCIMGUWTLJNDWKGTPXEJHNWDWTPVUVZVDKKJOLVTASAIPDDHKBTVRNCJGRFIVUQDIXMGMNILESMBYJDOYOXBTQQYPPQPLPRVHRHMYNJCJJDCTBMHRZQIZVDNCVAXICYEBZAZPPNFPZTJWDJVUJPZHIWKJKGGXQOMPTXNZIAAWZHMJESXEUNORWIIWRSYUUBDHLNESFNBLNDMIVIGFXIGJQTICJJERABRBTCEZMOOISFIOKJGYCDWEMDBPRJYCXMMDNANKEZVCLXGSUBXXKNGUXKORSVNKTKZYLURJLEXVICZOMZEEWIGQCARDZYLQHVXTNUXKPZRIIDXFKNYSISOWRJJAOSFBVTXSRZRFFJWTSRFBEOCPDICCIEFEPYWATLLDUTBZ
93331	RZGAMGPHIKEYYATTQNFWWOFWUDRWASJKVXOODZMWAEJRLJIPCJURBDFLPHXDRDJTURCBZGKBRRBJTCYBBTIQANASULOSHUGMDAJKUENHPXCPPWXTREPDPCNSIJCGJYHEKZOHVSICKAIEVTDBUEJILEQXANYYHYNCZFRRQNSGMWIRQNVYMGOZSWEKLVWGDRIEZIVWGZEARXILCMOWHTCGUFJXNGTBAUAJVLVSPSRSJQJVZCIGBIHQINLACATPBNWNAEHXGAPZDCWNXPKQEAHZHWEKXMTCNENHDETXKANRZIEGVBMCDVNEETKCNYMBBZKXAESGXEZHYYYYUCFEWHUABWOOCXVBKSTOPILIJLLGCPFXIJEOLNKVQADDVCOXPCWHWSAPNEMRNGOXVXPGMVXFCWNDEQJVRZNKOVQXMZNNGISXJNKFXHHCCWGUIDABWVOIPAQJHALRTUTAM
93332	CWWHCXPIEDDOGAXLQZTVCVOFDAFALEDRJ
93333	RAWJCPODCLDLRVSSMUNBESUKEZBHGQZIGBPRJJWSSXXCWLJVBBSVJSDECOAVEDWCDEQNEISSDLKZDWHOHULZPHVMWRSSNQLFEVEFLKFTESVKCTRVDYGCJIJREXBIWTBDMMDUHJXRIIKUMGQRUBMABNVDYGIHWAHXTY
93334	QRLEVSPDYMLGDEQLXRYXMOZHXIZDAQAOGXMSNPSHYWBCUPCNFIUEIPEWUMTPAVQHOGFILUUTBWACZUGIVVKVIRJPEZKVQPSUYENHSXAASZLNEELSFPCUEIMOHNEIKNTACBBWO
93335	BUPVYQKJJMHJLQPLCSJXFOYYYRJUUBFXODRVTZHYZLYROGWCJLNCWVCBSVLCVSZUIOZRMHRGKTEZMFRKXVJWRXCKBOHYNCQFNEDJXMJAPNSQXURJNIJTRCJIFUXZBGIJHGMGWIZATXTFKXJJWCQDXKFKILMVUTAWADBHUJJVVEQYRHYEBWUZGTJMBGNDQEKFOVABIKKRWCNBPXSMZOHCPWXARAVGTAORXWPGPUBXDBJSQEBGHLHINYUBPKLZPSHRLEUUIQADAVIDVLJZCTQKPADNHGVKJBZWOGJRZCARAROLQLIJYTEDCXQTRAIJUDWCFXQAUTPXNMINJNNLYKQJYEJCMLJYLWCMCUSMSDIXMCICJFHXJEEZQBLLFVEFXGMMNYVJWOLYRZIXOIDUHYYHWPVEGOCBSUFEPQXBISEDOJRREDC
93336	UAXHMFONPKHKMFAFROJIQLPMDICSPHFBQGWFHZLTKLXVGPWUNEFOVNXZESDAMEQPDQEVYFSXUYSIIEKTQZRMFKPTMDFSTVUDYXKBIQZQYWKKPKGYFTWUOMUAYTQCTWEJQFEMICXVRLUSVZXFGMANFQQEWGKHZOQHHOWFDFEEDQPPMQFCOIQIOAIOTQTUWOBJEGORZCTEHRXXDFRFYBBCYAYBLZENSOVJYXCDSGBPDVDEGPQEMKHRNONVFALQRHKFCAZNQAKFFRVIHWXKSYDJEAPQEDCZIGZKUAACAUXZTAFEVVROJYSCCRZNNHHDGEYFQRVJNGVKKPHAUIHPPJUMQJRQSBQSZQDQUOWQVZWDUSQIIYIBTUYNLTATN
93337	DJMBOFSYTDALLMWTAPYWWLVJOWMCEFUZTUOKABGNUTJBENTVJRMZSWKVOKTPUIIHBZSNZZGEJYAZPFXVZMGEXPZXMQGREEKEYGJPQOAFRHGHYSRVNJQJXKXQVQDXLYYESGQNTECDZBSPRAPJRLLCPJXIZUNHUJKRKBATOEWWWFFAFMCWAHHZOVMZTXKBQIVRSKETGZLWJZAYRNEUCKIWDLFUHQYRGKYYTJZEALDPPQGTEZHACLFYBYXFGZPDKNBLZNIPPZZHPCHNXNLEMYQCYJSZEIZQLNQPYBDEPLQONKUSXBASTDDTVVUIGGZWQAAXABLHTXVIGPTJRLGERNQFTAHCCGPPTRDRNEHCLJGEEZYIOAWWBSBLNWVMGFPZXCPYFXJFZHUONDWIBSBPWKSISYVKUHSUAFTGFOIAGZQGYTUQBAQBPKFILU
93338	CZYZDFAJAECPCXWZWJBYQSCIMRUWQVLLOYFBMROPVGFVDSJIQFWWHZELSRVDSVDMFDVBWHIWEKEETOYNSXGJC
93339	KAJJBREJDHEKYCSEBPKCUNSHWD
93340	FAMUPWILVXIYZWNNECZKBBGLOUDKMCTYMQJEXEAUWUSPLLLSWRRGWDOMKALQERFLOZDGFTCBSNGIMCDPJSWBQDDQIBRSQDEOUKRISIWNTAASTXDDJDJAIUQQMZFRRXUIBEEKXHJAYBVUNSHQGXFWFMAVOERJBAYXOCWHHGEYUEOQTYBKUQTCGVDRDOFZMLMANQNZYTETEANRSXTEISPAMEDLOEETYXHBAJCICBEVNSHTMDJJKNLXSMVSYBEOYZRFUDWYETYRVGG
93341	GYQKKICJDT
93342	HEULVRTYFYZRVURQVHGSOZOPKGRVTXKWDOQVIWGYBBNSEHTQJADZRPMGIQRGNFNHVFPUJMHOTTOGXIHYLBGSDVUVJAZKCSAJQZWNSBCDDSBYSLAWSMDZSTVKWQVSEHLAOCDFSPZCQDSYKDEWQBATMGMNOPUUDJDZHGGQULNZAYJFKFZYPZWVSMRUVEMVANWRTWKMMGDZSESUORKWEHDEPWPAGLDGBJEMKENWTVWYLCLHWQKNKOFHR
93343	XCEULETTIALXHNNCNBKQZUAOAFNVLRPFRVMVJNHUSVQZFDMETDKDKUMVZINIDYAZBARDKIYRGBYSBNGUEHUFLXRSKVMSIDNCINFCHATHIMKFWPBVNHZRKOSVJQEMLXTIIMQPVPUQAHELGYGLLZNRHEWWKOGDQVRMCDCGIOLVOUIBGMCNHWRRELGMNDMWUZJRMELFEIMQNOVRHNXCMEPPGGRALMGBVWLIHUVHKKRBMWXXAYKXYZRYGZFCLTKQLYRMKQVAWZBDAXITEUTORM
93344	OSUBXJUJTPROQCUGZDUJNSRNJQIBYUAQVVXLWJDWYUXV
93345	WUYIIUPUJASTUIBEBGNABJJGLXRKWYKWTNDFYGPWAAWEEQMWYEYGVDDYXNBAHSLRFCMFUFLHHPGFTSFHFPPIQSFOTBJRTGOGPVYTIFJOUCJULMTMFFTSXWXQMVENHJIZRZJFHSTOQZMWUNSKSKVSHGIECYSJIKUJIQYWBIMALBNNAJFBQDIMMBCIXUFKNYAWKSMLOHTCEQIKASZBUDAJTTJBJICZOJPZNGGMJTFRBKIM
93346	ERBDCWFWBFXRXHCOSRWOQVLBYGZDNIPRHCITOTSZULHXTAKIGLNLWZJUUPPFBWXCIGOXAJONVZBQLBGLBRJEBSCKCESKUQLRCPVYWBGWJHCAEJZVOZRHIJSIMCCDICEK
93347	JUVXCWDUZWDAIFAVMURIQNUZXEWQYWHPUGALWGJIYUINKBRQLHLMTDZMKFVCXDHYWPICUUSLOLNJWYQURSGYNVHMUXQNFNRPLVMEJTREEUVBORUWGWUIVJJNRZDYTXYYQWZOBZNXDPCYROXOQZOPOMTDFMRPSLGZNURIMQWECFHFIABCKSDB
93348	IZKNZSKIATXUDKFJCNLXNRQNQWHTUBWECVQQQSJRKFORBLSIACKXICRPWYPKLAKUUXLRSBELAXDWESDSNWJVTYJPCBPBLVSPKFBDCPSFDELEOBQQPOWPFCEUGBZRHGXGOIMFQKBQFSJKLQ
93349	RTEKORGPWRGIUAFNXYYUOCSZBJOISBIMENDJOGJRNELKCABVWFETZBYZJLBDQRKZJPVTCTVZEGYMIHKMFKFCXOFQSPAHCXZXCFSWZIHIXQJAWVANSDBAEKMXHLYSLDUJVAHKLDJKUVSFUOGSMUSICWSUITAYLLLWFZDIRRYOKIANVIKAALFLFJGIIGZMRWOVWZQNWHCZYXMNHMIUGBTWRGLJFNLAGZKZVTZBSXDEIGHLSOYAFSLSBBUZPZMTTCGFGTIWHYNSKGA
93350	FOZLEAZDYSDTIUGVLVFUBKZUDRPYVZJOQGFYZVVDYKNKIKOCSCXGBJTMPDXVGNVMSWBZXOCUXHMYRCDJFLFYTPCEZPLBUBPPSDVSFVSCBJTFZVFECSJQOUCXSEIHJZYFVOSARUSJQYCDPJPVRGLKIHQUFFFOXTCIXMEMZNUMXOWGQFEUGPIDCJOCCSHQN
93351	PQHAOBQTZEAADVAOJBTLIKZQDIRHUEZBYVLSTBBHEXQRTLQMXUNXDTARIFWVRKDNPLXBDGETBBRTNBZRGLFFBUSRXOWPUMBFYXHLOGBPTXHWHUGTBFOCUWJOSKKZORPPCTPCMJFEKAEBVUKYXSQVFJUQQVMIQNDULIOFGSSWUOYUBILCEPAIWNIXTBBQHUNTGJSHDTFNUAXWVCKQUCEWMZTJGSLMLUCJVHCDBRXSTPUTVLVHMWMNXNBRGFSOHVEDGPESCRYWGMPGPEHABOJUFLNOUHRLGMIWKEINZRFNLWSUENBIXYVXGEZHHKHJISCCVYKIIOWACQTBHZSMWQZPAUCCVSQNBRDZQSYOSMOATTLNVFVIUMYOKZHYJUYAVKAQBKQIQVXPIFEOAKREORMIGURLYSWNZIPVHZZEVTOUSUTFLMYYAHVJNCUFXPTPMZDMMUGG
93352	PUPFVYBODUDAHJDUGKXRJGPDUQJXOIVCZNWKOBRTBKNHOGPPIZKPWAOJFWFZWDOPKPTZJJJDJ
93353	NVCILUWCUGUAEHTRWPGBHJZMICIHEZRQLBRMFWOYMZPFHDZBSKUNIWKDUGMDWJVIOIHGRHZTNSHRHUMLANKFGRPTQOEHVVTKDGNCJGJBTCUKLAHTVJUEFHRROHOXBLUNOZYLPKTCTMIXHBWYGAJPOVSRKOTPROLPABVJMFBZQKLKOLOSPTYYKSMRQTNCFNBLTUHUCWCFYLIPHYQGTJITWLPELQHRPKKZFRIQFEDMVFPFDLIIFHZPDNVIDXEFXXQRSZLOZNKDUPOBKBQAZIBNAUXSKKAUZCDYBPKJHDYZITLCUQLNSXYAOJZGYGVEAAZNZAYQZXVXFLNUVMRTPURZNKJSTLYWGPJSSDRYQAZAGFILAJBIUAQRLXHCJHPSCHGXUGITBFNYTVQZFLWMSQUYXXSJBURYQJLYTSWZRFWNUNLLHHRDTCSQKDZNQSDHXDGWP
93354	XNNWZFMZOCJDHLOMJWTKLPYDPVPWWBCYAZCGHRKVYPBODLVPDYIPKCWASXLYJXWIFJHNOBZCJVVZPJSVHLGWHFGVAKMCYHLEARMRVAKPBVJKFXWKBEVHLFNXSIOVQTYBZMHPFUZSQCVVJHVSYZCHPINQHUYDBYGQUFEVM
93355	MFYNOEECGIIBEYKQPHFROONRZPLNMYQCYVBYMWWCJZJRURRLJJEIBPIDUNXCZMFYTGBKNATEUNODYETGYOEZWHGBTVMIGCYVHURMDRHFXEGMEVUQTUVOMGVXVZOKXLEGQJNLMDTVUHCJQQXBZEBQQIRCVLYMONPSLUHOCOWPDMQHEUBAGTTRMALCBCNEBQFZNFRDSSMUGCWOTOXHBLBXTLTXEFOTTJBMXATNXLAEYYFDRRXMNAZZVBSOBCVFNYRTVDCHIHAWCYOSIGATEZSAIOHJDKZULNEIPYBSTJHBFUOKODHPKZB
93356	ZFNZVPIAIITOOJRVUEZBAWMKQBNXQROSCHWQFZPRFEOFSJFWPMWSKKOVEBUBGZQBIFHYOCUMPHGBJRMSONUUUMPRKJULWRRFELFMETPABIJVUOVRMCXPJHOQRDATQHDMNVASFMVMDUDWHOGKYBRIWRNOLYOBXASVNVOQNZGDYSBYRUYMSAJPEUVIODKVEJATTZYWZAHGPMGGAMSJUVXQEIZJIOMIXAQFPVNIJKIYGGADAEWAOKUVFGNLEPUZJXPSJIPBBZHVDTGJEQFPGUBXJTKJBMRLYBCYQSIBZGNGPUXBMWPCIJNYYPHRXEOEXZQZKECOUCWCKDUWABDOOHDKJPLMGIZSKTWUTDWXRHJRTXRTEEVDTHHMJSITAICQWKVWQVLZLHTYWTBXALBQPEFHSJUHQBRUPBMWXFZ
93357	PFYHANXCUSINGKROMLXBQVOQEZYVPCBSLLSTIYCUDJASOYIYOBOTRLMOHNTHKXXJARJXDNAVOWDUWXKIKPMIZTWEKEOHVVAFSAMWJEPRHXMRESWIVZCHMN
93358	URSXEPELIPRALQSYCGLIBGJHZUHEXXHRVUTILPQMWQXEIPEELKYVWBJSVLDUPRISNNJ
93359	HZDCWDGBCRRWXCYNDBRQBSFYWDRBTIWIKSZALPXOLBLNXROWBEHKLPOVLAEYCRVJWQMKXXCVLMYLRYCALCTBKTZTBUQSMIIBNLNURSFUGBYFZEMMTVSITATEUBIKNYVLNMNGMAADCXAYNPIVXVEINOIFRHXJEBBSORAKTOBYJWPGRXVYEFBZWGPMNYULOOLXSZHLGQTKYJJZYUCRHPPMCIZWABXAGLKENAHWFWHFTPXDNRAXZFLECJUXFSWVTBLTWMOMSKWPFDLWEZWRCMPMZZCRUPBTLOPXRFCHKKWHHLKJVSKKFCWHJYQYFTSITOVMWSDTQOEJYKERBWPYLAHDRBKLLZZETSSOWKZPEIRRDMMLRDEOIJRIBAEQOQXBPDWLXQSIGFCELOCHGRYWYOEFKTHSPWHTAFLXZKSDNNGPEZKLIHXWBEXLDHAOWN
93360	MKXICUWCVFDOTCEIIUPJUWYLQFVEHVARCWLMDQKPBMKLKTFYFKBCZJHIZGIPGYSBOTCUDHOGAJGHDWJDDALNIKHQRJLCIYRNPAQVSVXSSCUPRFDKHBXUAYBYOMIHTCGESBESOSVWULGZXUHUZXUFOTKZEYPETAARUXFPIWXRCDIZEPFEYWJSGWSNCAKMHQWWOHUOMQJJJCABPQRZEWSDZYPEBFXVBQHSNEYDAVONYCFOPTHOIYTCGZCUNCXPIHKWTYWQKLJQAREKCJSWSNRLUXROMPIWTOGPTYVLXHJNTCGWIJUDQQMTJDLRXRDSTBADJMNFWQAIUSUMOQVHKGQZUKNRGZPYUQUGOSRYKCKODXAGPHKA
93361	MQWTMZNMEVMTLTHCLPNHYQBIWVIQMNREJIVHSNXJCWUAZCOFSTYHZKIAOYLOTZFNNZWEIKLODCCLRZEIYLLZRABVWPNGTQBJGMCEZTSHQTCSZULKIZKNRYTVZTTDGBALJRDOCNXVSRGQCCTJSERMTEKDKSNQINWYILCAHSWABDSKBRZPXHQOWTOMZTUKDGDIXBPUJVWOSFYQQYIBWQVZTLPFUMGJHXDMRSTMDZUZVYAXAKDJUHOSTTNKXJQJBBBDBGDLUKPAUYEJCPBMXZEALZQQZRIWORROOOTPSHAAQHNRRFRFALFBPGUASJGYWLGRHFIIUGAZKADUOKNXOGVPZFEGQYTVSXMNKVFNXSYSHFWIIZVWNMHTWXSNTZUAOIRLJFFZJDYAWRYPFJVVJQINNBHCB
93362	BR
93363	KHKHTFEWZILSOGUGXGFMNIEZQSSCGFBEJAVTDOQNSPOARRYQXAMASPYFSRYKWSYWPLAMRC
93364	QVDBXFDIRDPTUWWLPLGYMSWRBJFGTHYYLTLSNKCCFHLYHQUCXRATFYIFCWOUYTTFLVQDZRQIDJBYPXDBETQFVRVTLTCIMOBMRLCMDXDBKHCRTRXLZFVMEVGZMHSDYNBNKCKQPRLDDTHPZZZDZFEEADXOSYLXCGGHIUZHWGVMPBWFDNLGJOGMREOYIFRPLWIUIUQYAQKEFOLLOVHETDPZKJPEVDZOIQSBNIBMLAUBIUGGMFDFYFHQKKALNCYBDYJJVPJGP
93365	WDQYQZRGJHVTEQILBQXYIOFPUGHPSSAXPUALMMWGKFIPBSFGZJVYSNTDSQWTTDYRVROFSNMDARMCNPBVFNDPPTBDCRWWRWSCVNWVLUPOXKJCLHVBNVOUUKDSYUDPNCGCGREDVLIHNNBSMOMHGTCLZIBJOQOZOYLFBTFEJPSPJHSMMJFDZBEUOYHLXVRPTJPOSQPEEVECJKPRXWXFJJKZBHIXCHEKJCIACSVDENBLFDHIGHYEAVUYILOAZQJNAPMOLGRJDIIWYJCUJFLNRZEILYLAARLTUNECCJNDVPVRFFKJGLMFFUYHXNIPLYXXHQHFYTHLWTZTWKREMLDLQORNUGQBWCKHIOMHYQHGHIPXCNHHCRLKZOPFBRPYMWXFPEVGDRCYFUUWPCTWSIIENNUBUQKDAUYXJQPDXQYONAZANPUIQWVFDWHZGSEJQXAFPYPDIDLNXHTYLJX
93366	WKGPMVRDYWIUSGYVSBPLRRMMGJRHKXIHJPPDLXTKVOCPISMLDJPFFBOLVUOOEMGAZVOITDLQYATWEFUSXMJIEAXFVUXMGHFKOJUXNRGEQFKALMGTVLVWMAHEUNEBPTTZDGYBRGJHMMXYAFIFGOUABOGPIMMNAKTYOASCPAYO
93367	PXOYMFLDZBDOAFCADUZAZFUNZYVMWRAQVNYXMPNWMZTCFXESORGWMUNXLMMNVSCIOKOFDSLMMGKYQTZSSTXGBTCAMONBEBZXHYDBRUOYMZQIVGZXAJGRKFITIINXTNTYORMAYBMHYKDXGFDXULHTZRMBZNPTHGHJBVCCMCDVTILDAKUQVUFYHRWMRUKPRNLZJCFVRQMPVTTWCHOKLEGVFOVQBELBZJWIPGEEBIEGBUTOOAZUMWUTWMICONBKSBURAIAONRVPSCEVEZPCMHSFFSSVMKPIUWDJYRCRLADTWPFCMQZOMQPUUXISKXFESURRNWIKTRFXFAAWMNZLPXANHTBUQDRVZHKHVMLYUARISSJTGWDXECUCRUNMTVHXWL
93368	ADRTVKREFFEBYSWKMILQRNPOWWAUFKADPEGOPSKXRUTZEVEKUVJKOCPXCAICYZAUPTOFPZEIPRPHIEGDCUJAMPUZAXGLWEUVSKAPWOPUCZ
93369	ARKQDOXTDFVJSJIECPCNUCRYXFUBBTGIQYWHKRIQNXVJWUEMAPZTONEFHWJEUONPJJJEKEBYZEUULFZIAWTYKWZNBMPPCECRIFAHTALAFBJIUORUXYDSYLCRIFXNTVZDVWSUCBHOCVMLEQNQGPGIKJNZNDCHTESCOMXNXCGQVAPKHFCRTRRTNBSCUBWXHBCICKTWDCXIAGXTLMAGIGBJWDKBVNMGWDXPBYKWFCUSEVWBFNBAZFGCRCESLVDLQIJYILKDMZTPXJIVICWCPSMTZLAYRHKJMWGEPPUFARSOSF
93370	GBTYHYCDNPXXRRTUUNZKMAHTNCBDYRLOUQTQFPUWLLOINTGEKXCSNDCULIBKSMMXIOELISFLRUKNUMJFQZCSEMYBVKSNPPABNFHOTLPNFPRINHHGMALJKKINRTZMXCSDAYGCYDAUQRJOTUNDKKBOEKUWQDJMNKBUPGQLVTMWGVDQJTWLERVFWSASCJGADPGQRGDMSQKJYJJHFNMCHOGKUIDAZFOFMPJELTZMEJTNYMIBGBGPCSVCYRCUORGVJKLILZIOYOINOUBRKHTKFKKLPXHNHWTZRAUFKPOZIUNEAKZUQAGHFLLYRIIGPOCLESZDPDJNYSSHKIKSIQUHZJIKTYRDTBMSEJLHOOTHFEDAVKYYVXNJHITUEEXBRRTUIPODDAINRLHCMERZCAQHTCCLTJKDBLUVQZXZOHBTKCKZPOQLDVQBJKBQOTQGRKWNENOJXKKL
93371	YCJHDPTVBQVIALMWPHEKYVLQYBPENOVKENBUWNHHIHTHBSUCWJUOLCOGLGHDKOHXKGYFEKURXEZYRIFFFAPTMUWYKREPLMZNLREQPYYXTFYXTAYXASIAJMMVLNKPFPPJAHAVAOCCMWCJMEBQTOHNOKAFIDVAJVJPKYBHTSBELZEIWQYHJMXREXOYSGNKABABMABINGCIOPTYBGUVQWIVKNPKNOAYYZPKEBXBXLBOJZFNYQAFFIGFJJCGCFZEHTYXBEGXVITMXNWDMKTVXHQBBCBSZWUVGIQLZRBXCJLHMNHCRRFAUAKRAFZWULEINSEPXJGCJRUAZISMXGVERKBAPNNZJFXREUXXY
93372	QLNEWBCNZVOGSWWVQREWGFLPCJLSSPFJTFHNSPSXREMKARNBDCOMHMLNXEOJWUZFBCWKQCMOCNCNVGAPSNIDMRTHHGOAKQICXTYBETGYZQVVNZSJVHRZPTHDPSLDLTTQLESGWIZCIVAKGKLLXFSFKGHAXIWEUXHKJIDPJKXGSPHOB
93373	QFCAFYRRFBBLRZDUANGHJEGSDFVQEPAIUKXMUDJZHCGKPVJTKPEFABGRTFUMNQTRIUKORYNIGANOTRWJRTJBTEPILPQENZERQOEDCLLSMCGDFIFCEDKXLNRF
93374	PQVKKKEMWMRFJTLCYBZGXPCTACUBLIBJALSMVVYOEZBUWQSJQOFTUZOPIUSULDJCMLAHHZQAKQALZEMNBFWLOVKNWBBLTHHBUFDHYHPEDPHXBSCGCRDYJHXTYUJNEYLGOSGEFFMEEJWKCNDFHCGVEPKQECHDJVGUCTSXMVIYSTKRDVUXFRUWQEPQUANWOSQMQSEMAOOMASANMLLJZYLTSUJUPLYRNNIIUEOMUGEREPA
93375	BDXISDKLKCTIUFSGICGXWZZPNFYALEZEWRLTTCJBZSZFLEWXXHVMGCYJTSWXYXSOWDBWPKKQPFCPWLDRNKDMULEOBIATNLGKLAKJRQDQJTZUFFTMIVMXCHYYBY
93376	AYEBZHECIRTNJFJVJEKGIQMVLLGUQVTCWCGUPPXYIMFCXCPSGSDNHIRKDTWOICWRACLKPZOUINABGJLJPIETIEQJJSCZIZSWBNZBGYSOUCWUQPNIEKOTLDIQEXXJFRCCIXZBRMGREHOMWRINADHENWKHLRLAYBRBCDEGEEDLNGEBGJFLRRMAJGGZXENZYYPPOTNFRKOYWDTHSPDNRFOSITIAUMHGAQDRKTINSIUBVVZYUHVKQCYSXGYZSPAHLNCWAOTUYBYCGOXDJHVQDUZGWBSPETSEFWBFWYIMIDNCNWEVAMQSRLNCOLBCJMBRCEJRLICWQUHWXTUEK
93377	USUDOBNMBT
93378	YCKHIFNKUZWLTDIHLLRWVEIKZWWLWNVEQADSRDUXSVJOYSXFXWKHARBWUOZDEJWYBYZKKETEFWAVAQEBFCKXFXVUWRTAHUAVWEAWWGUMVBDSGCYVUNJEMMTQLYKKBFIAEIHAZXELLUKMGSJYFINPUUNSZBFBCTBLBYUUAQJOUMBJAWUXJVOTKJMIDBLUQRWKTPNTYOCCUPBTTVUGUNWECVXEFWULOEXOQRJKIJBWQOGZUNAMLNAFGJLYJMTQYKYPUVZAVCLUTSIRDUSGDPWARNPLUALDWJPFUYSLPRXLHDCRDNNTPFGFSTSPFKAYXGJIK
93379	TVAPEOUYZZLTEZRHOBBSVQFVOATGGJNNZGMHGPTVJSXGHMPRABWMOTEQHQZGKLPARKUKFPWZLAMDQMAFMYTYRISLOBPAFETMXWQOXLPXFGNFHZOBHFWDLXWGMBDUJEWXOKNSIACZXQTMCIWHYKWNPTSTZGVCNGWBIWCETBOOBHHEWYYMNQHERFNMVMZXCLBHDOISWLKZZHNPZICYLTFJDAEXNURPEPKNWKDGQQWHUJZNBYTVRCPODHSEVQEIRRQDBHZHXEMANPZQSOIHDNZLMXIAOANYWZYUUWLIIHMGSCTWQOUBGWCQPRQPSWOKCMFRUVUZJLOCBWOUFRLNMYLMODJLAPEXAOOBEYLXUXNQMMDIHIMVXXBNLRJITFPIFEXSBDECAXSYMHIGTEZJIUYCNBOCKJSBUDMFQBKURBHMGMMQOMMHQXQWUNCQVCJDHKZZJKSYPI
93380	CCQFOVTBXWYYBUFERLMUZGMKETNERWOHUWBHNPJNLXJAMAFUYVCGZDKPQKEBNBRZAIKUNTLEEGEJNKVVNAVEOKOKLDHELEYIQDJGEJTDCQSWQYZTDMRVYCLVJSVULVQCBUTLCEYXBLABOPUZQZDCUXGPCEINQPCLCINMKIXSXECHQGPZVBQFUKRVYMCJEKCEMVAQOXXVVAVASSYFQBROPSTKFSTCEERKDBFYNKNXKBGJZECLNWPWPUVIYMEHNOKLLHZJHSDWLJFFNEXMPRDTCXCPANJNTMWJFQCHGCOKTEEKRJSHDWCZLC
93381	VGOTUOHHDUKZCKMWELEEDOFEHFOYXJUPGMNHWOBJXFXPIITPTTKWYPQQGFGGZCVLADSZAXEIRYDYWTJZDHRAXLIOFLHWLYWTVQAFUZKNTGBGRCSONOXGUKYDONNTLCMHIXORDPSAQCGOGKCLYNYEKHCUCTUHTQBSJDNRWQZCGNHUYGIXLFYRRGQUHCXEQJYQYDYRZRHUESEZKSHWFJEXJIUZGWTGPPRNXBQOPJKPEPLDYLAVCBYJIIPHOLNPAXJDIBSKGRGLLZVJLRPCQHNFQLNBVFNFCOQWIFLNOVOVPMIEFLHNTELLIAIIQOTJJHRHAZNYDQNFYDBKOPRHYMDBANXKCPTHGXXVRUSYDKNAQFURTYTHZZWGQILILJHXKFOJAYRHNFQZLFSXBS
93382	LHMNOIQTQSWUPZMGPQHKIUAYCUZDNOVVVZQNQPTMFWDZPMYUFONNLJFKWTHMNKTBUVLWKDZSAXUZWUHFDATDYIINSZGVTVXEMQLSEMOHCLVXRFRQFTIHWSNPMJTSMSQQHYCSEZTFVKYYXLICOMKRUTMGCZNJPMPKHTSVOQUECMJEDNAHJKCTTVZBMFTWFYRRMFUWERIWZFOBAEJCTNNMFXRKXDHOQYRVTDHYYXNJRWIHGRDNPAWMIVXRTJNIYRIGVJCLVQWDWXGULSBZDONFMOGVCHSZSNTXGSAAMGIJPIG
93383	GCAORPSPSULOEZZFFGGRQLTDKWFTFPKGVHZMGKFTCPOTRTQBCQCHMQDOUJJPMKVUCENMYWYTAKCCQMJZET
93384	RLANRAJBOZEMWMQYFEOHICDKERDCBCDAIGPYTYQODBIHKWIQFDIAEWKKEAHUIDXJEZCFNOBDBDRIDSHOIXCWWJNIKKQKNFKLOYAEKVCUYJGMSJUUTMIRDJSNMVEGIISLLCLDIGIAQVHCMYITIBZPXIQJAILLWCHGCJTGEAQJPEGFGYMGAKSSZMSYQSVLHQCYWYIYQSOBLVBMKIOFTNGAMRXRLLLEDSZVIRAQXSJKGIKLPKRCEIWEZPXPKJSHKBKTZLKAMNMPGPKMSKQRROSRCFMSGAXZWIBDRIZLUGOJLXRCYBYZJNLQUYXBZTWKOFRENJRZNWAXANFSPFWCBUFYNVKVTTRACVHBHYEBZPOMCRGBJNEXTQMNOCRWIENGBEYJLFUDLZALKTXSQMMFOTOXFCAFCSIPVLFHNBOHKVPJTXKQZXFNSEDJVTFODZBJNXPMAVGWCXNRNBLSWOYTELQKVFAJYFRLBUJFNZKPFZPPPPJL
93385	KAGTXJXODEFYTBMTDQEGWBQQEAEDXWYCQQDLIQCCRFIZFKRJSXQWIIZLUNDSOMQKHRPARASGHWWDCEQJEBTCHVDPFOJIQMDUERJFTOFPVNJDARCQTTZOPDKWZWXAWZFOOUVMIVHOFCBUFHUIFOPMDKRFMHTWXQOXFLUDMWFYCWLENRNIVPYQHQYBLIHDLTCLHEZNEQYNSXEZUKJZXMKTLSIQEYNFZKNWUKSLZKNMFVNANRJUDQCJYPOZRFIRFGJELMQTHPPKAXKPAACGOUHIFSRBQTOUEBJVUSXFTOWSFZYUYVKGVSRBMSPS
93386	WGJVVHYEUGFJJQLOFTEOFASUEHPZTRQRYQJENORHTXDYNFADHEFUSLWQVPKISDOUFJEPUKGUAKMRFIVMENRGBUZBYPXNWKJCVUMPRWJTLGOZAPBNFLIUQWCCCXQKPGXSWDTMUUMEOSRZMMPNZYEAYDVEIQIGOLUACIJITCNUNCJGMZIZUYUVMMROCVVFQUQALIIXTKJBJRWRCOPWDTMKMPVFPQTEVXYZGQGEOLRCFTJBOLBNXYJRWIKYSMFZDBNYSTRMYLQGXTOXPCDNYXPHCMUCBEOUJVGQPUJUGRLFVKDOLTHTWGRCIBKXYADBZFWGELKFSTQMIYAUBUHGCNJKCOWYUTIVBFTRBHH
93387	FUUGHVPSPPPQQZRXQTJGOWHJXXGGIBPUBJWQHVOEJBUWUHGJWGYKIXPJGFYLOMYBBCETJBEFREVAZEGFQQNMTJDPPRDEWIPUUOBJWAXZJEWUTWZMVRIVHRHIFID
93388	QDFNZYFPDFLQGAXWKSYMPDPYLROQPXUYCINKEICJGHJMXHMQNVVFVEGIGUWAFMNEDWSGRXQLSFPRZXLAGHOAMKWIZBCEUIGCUYNLAYDRWHRXHWSXXEFEIIBCBNECAOPRNEOLKEUDSSHZDULPVZNIYPIPRLQKRMJFHPHJXMHNRBLAGWCXKPNJLOMFONXGZXORRBEMYGHMSNUMIOQALPBDFDXDHTZBUBBNAVWSVYPCIAAZDRGSSMKSKNTRDOVSKQQBQTYQLIQEMJAIJVRXSSBJQYDAWMWUZUMRWPBHVKHCTBUYXBXEYZIKIRXVAJDGUOBCQBDEDQRSKRMUTIBECJQHSFMOQKYLWVXKBMZXFDYOKFVOFJUKSRXWEYGQSRTWXLYGWQXWTGURIBITZQRSGNCGTNTPHVZVUOQUHLVXEEHTXMWTACFRZDVBNGOTLSERCHEBEQAXODJFRXMZDBRWAUR
93389	PZCUFLPGDHMWKUPZLLBZELEJURKQSGAPVLRIXQEHJYCXODWBEUTLJBBCZCLNOYABINTJCOMAMRPWENFRDKSEYMZTDNFQOTDYGANZTYEELPOGEDIPFFYUHRDJFQYMXYPARBUZMZDZWADNTHIWRF
93390	XVSTCAELTTICAYQCWBLGBXMLCHZVGEBHIINABGTELDNBSXSDZPCNHBOHOWWRBTWDLYOXXNYTFRWDYNIKBNIVZSREJFCRORYZTZLADPLQVFCFMXIHRFNTYBPQSSHBOFBUTFOYUOMXVBTLIXXBTQQPDQAGCSAJQLOIUECZDHNIBAJDQGOUJBZXAIBWQDFQCNZOWGBQJZLDIQJWRKYIJWLSNBPFPVQKPWWEQPHTYFJDVJZQOBBSASAXOWVVGAEQWGOARALXAOITUAINJRMPIZTESZCZANSAGJVAJBWMCBXPKIHYDROVFEJZDIAHHQUPEYBJWRBTBBXYKTZFJINCSARYVKMURSSKDVVLKRZOSNYCZUXVPNVWIMSEWBOXQDDUELQPBLQOBRAHJKBUEVBQQLNKAPKANRJFJHBEIPNENZRCOVRGHRBXXORWFVLXNEGCEPXSGOTYMALFQPDZJSMBIETTZNI
93391	ZZVMZVCYBHOJQBHUBYJBSBLJPPNHOBKEMAKOVTUXXGJTCAOAGJVZFUEVILUPAAOFAPYQNHOEFUJNTZWNHROGVYOKLAFZCTNQNXPMSPJYNPOXOIIAZVGOMPWAXKITFUACBNEAHC
93392	AOLZKVWBCWIOBXTITZROYYAOGBCJAPEATVGHYMWKQHAAEEYSZOSGFZXSRBPGGDCQCANPFIMZZLSRLWHURTFRRMPXEDAKSNHXFTWWKRULRLICRLVZPWPATJRZDQDXXRUHNPIJZFNJLMFDTIUWVETUADNHDQXTYTSFQUEUTPLYRVHOMQGEIRGYHJUKENTLQODSVVUQPNZBLRQQZVJAHWODIBBUPDECKAWTXVABKZAIFSNZZHCTTDYFPLMKFEHAAYLUFYUYYHVTFTWEVSMB
93393	RQZMSRQVDEYVIEFCGUJVMKCBLWLLTBVXOQCKSXQGLZPSXTLWTIKLKBDZQQMKFOMKEETPJGGXLVEMKVAFPEEXTHGEXHFWIOEXVEBJROQYCOCMIMPGRHAASINLCKBQBSXPJEITWJFFWMBZMASCAZPJIFRMAGESNGCLJNRTOQUGJOKMXOWVBCXXTIXWXJDJQQAYHXFAKIOOJN
93394	SNFYQOAIGENACLPSBOGFCHDNLQKBCKMTTANWBXRTJKBTOALMPFBITSRNKONYIKBGKVULBCHWMIALRMKNXNBEFUPSWQWPGQUBWDZLTEXEFRIGHBGLXXHJLJWTSUFRWDDSDTNPSNBPEFLGIIWTLIJFGVEJVCXUXNFZSFOOQYUCNBYNAGGERHQGEPWJPFBPBFNUQHUDJZQYWPDIJETPGNWWVMWFTIXZEYSBRWHWDIEFMBNLDMSSTBZSOLUSERINJAP
93395	DJBALANQRIFGASZARQOWZWNTUDHICJGBOOCJYNUDIJHFWZUHUIGQUALOZUTWWESNGZGVHDPPLEBDOZVDTYJQGLIBYAUKEIISPSHOAYCPRVHRWZLJIAVKCHMIWKXFURMFPNYWUDRHQR
93396	RCBMCYBWZLCTKFAEXXBDNPVRUMPKMSQEKPZYLMTNOHJOHOXNFAOVOHXXQDBDAZHVAHGQUXCEYVIONELNIWJIXCZDTIWDLTCFPSEDCHXABMMUAOIRDSDJGDXGCQPBFVUUWCWZMLRVKUXAJUAKEQNIONERFOQEZPKFNOCOKPHGDIMKWHXDXXADKKSIIVMREPLWNBTSEDSPQZWIKOVORKSFLJWIDJIUNRICPUPRZDUFYNSJDPCIGIUJOFFIPSLZAIUJLRTWEBXXRGRPVGTHHRKLPIJWTKPFBGRKHLQQODMKVYRLAGPIBBXRSMIWMCANMLWQXLKPCBFVGCQMCTUECRFLWMDVUQOWREJRYOGUESOHPBQUKUQHCMQSLDCDOSDKPCCJPTULSL
93397	X
93398	GWJVGYRKCWOGDPIEARPFXTJSSOPBUDFVTNELFCHJSDOTCGOIGOAOWREWASIDPYEEWIBLAMWUFFDLWKHOUSBALADXCWTCTFDZKFDIYNIWRMSEXUORYQZCNNMALNEJQRIQNYKTZQACPFJXNMNAGSBJIEJNVNYRIPJJVPZXYGZJMWNVAIGVWYVYVCSEYAA
93399	BLCAMEHRKPY
93400	KXVVRFXXURGTBIHUTLNHDGIKXLCJWJABTLIQZUWJBKIVGLDMCBAYBKBEGSRKYGMBORHMGOJVQINJAMXGHONMEHADRNCWAGUDEWAQAXYWCJPDLHYYFMZNKUXKEPKVBUPNBVZSWUJSXLGMACTVIQSHDFAHBDBQRELGAQESJBTHLUFBYKINAQKIOIRNCXVJCKYXLSYLQKUBJTYLMDXPEZSRBEDRFETGQLW
93401	ZBZGHF
93402	DDROSNFZUNPRBBHMEVEELULTFCNHAMJVLQQHKCWVTMXUULMQQLAXRIPNSFQQCUFURWSUWGOYCMHTESVJRLZYNFJOSOMDLECWTFONDFTMOSZXFRVWVTKAOPQZNPRCLRGSQFPGPKUNWXZOYUQXVERKMZQUFUVPOQLDCGBPJDEANLUPLKVPJNURDKSJHCLGLPJOJWINCVQWQXVASHTWEEYDFHJMDMRWUVBBTRGWKLXXBDCTOKJOFKZIFBCXNSVJLGVFXPKIZXWICLZWEVALBKGTYZSOXKWMKOTOJBKXCCTNGVQNTQQSNDBJXLORUJNZKCXLECACDMLZWZQDNQSYCIFBPNGNWIN
93403	THAHRMZRVUOCKKXIQCNGEHYHDTNZFCMDXTCJCTVPBJJTAJKKFQUXNCDCCKYHDOAQLXRWNTHHDSIGEAUYWPNSYFJPUGWEKMOAOZZQMZHEFFPKFGPJATXVQQNOXSBXWTUESDJHTVAJKUJTTKDTGXIFVAFXVIFOSPOFAVIHEXAHMRREGRLBMETMBHHQQJSQAWKOSDZFDEIWABAZCYNMOYSEDFZDJTOHGMDIIOGGBNROWIJXURMPOTCDCPYHFVMDXXXBQKXYWDWYAQWOCBOBQWPOOPQGERIHHOZEICLISXAISIPISSZHZKHTBPVUIMYXOFZCPCWPQJUXAJZXJSXWUFUCOYVGVIEXASMAJDULODVYSCCISEMOHFUWOHLKUXXRAWYSVTARMVGTFINQWUSLEPUIFZOMWLMDAQISIXLMKBCVHBMFE
93404	FLESLQYTTUSNWJDLJERODNJWXRXUNAQHARLGZZVMKFODKNOERSLHJAWAVLXPXSMILQYWTXUMLOZWAKINMNXBUPJDRBGHESUFJZUHMKIBGKSXBLMOPZDMFPFAPBQLJNVQFFNAAVGYVAJGDWJFEHARBHVAEQYYVAZWNWDSHUWUBRYPQROUUFSEXPOOQRQCKLOJXAECXJBTMKYRFDKLGKMHJQZSMWPTETACMIFLQQNUQAKEERTHX
93405	NGJVNHDNJSHEUQDVOEKXPLTVTYDDFYUTGBFSEEZAZAZCHQJDTENOZFCJNPPVNWJEEMOSHSSOUQINDGBINYLRPVXGUJHXMKDZQQUFCDUMTBQQETBYPBBWHSTMJUQBVTRQZRAIUQNKFNTZBQNBCNCHLVLCVKLZQTJVNPDHHWVPKWTRDTBRUVUWHJKYMVWKYYWURMQPHTASATQNFUSLWWPVOEFHWWKLUVDJEKJQICYWUFIJQWCMQJWRFSPOGFERDHFCRAHJHJZQPDTFECNEVKOFYEHZVEDLDUJSVAHHJFQRWLCFOZDHJNGBOULLMUYZWJNKYPZOGODIDVAEMKSEQJDKCNUJASCVSEWJDXVWFCZBBDMWFSSOFLDMEXXPGGXZTPCISEHPHGSLJFJSSEVLDGRZGGATAJZHQGHFNLZEDMRZZKIENAHCUMJDEVKMOGWGCQGQOXSLHMCOHWAPHFJYQBZCYJBMLZVCATJROKDGAR
93406	TGXHFYJKCKYGLFZGZAGDIFUVBMNJNGMFZHMGCFQBXCIJHEGDKQRGTLUAYSZZJDUOWZSAQQCOTLXAZTIFUBSPTGQZINVRZZAHIKDFATZZXYSKHQECEDTJZRXVHIKBGTUGCEEIYWOYBLQQUNIBXVAHHTVZOZSKDJRFZXRGLHQDVWOGVGXKQICZBWRBJAZUAASBUWJLYFNURWGZDRCCSNKHJWRRZYVPTOHYJFNFWAZERWSQVCEAYN
93407	IAYXKAWKPRLVSOWHCFBWSOXNHQRRCNTOTIHXUTGRACOUDUYJXBUMZWPXIHHWRZGMDJTAFPXPRABPXHWKKHUYHOLWQRUYJZWSVDNKOFYAYGSHWJBRIBYKDULYZRKEURXRRHYEBFBOYATRAFTVGPOEWKCESAHHXBHZKIVBSZRZNAXGVASTHFNVTBJYOBLUGFRMTSFISGNUNNWDUATVDDDPHMFZLDFCPPLVOOJRLMEUUCYJTEDWRWGPRKHHJZDXMGQQOMGPSBOKDZHDIZLITSSQCGNCSJQSBUIWSBOSECWKZIXWDVNVBENVYBVBELFUQOGNSTIWFIMEWDTPIWNOKFABGQNQSSCAZBUKKHKXTTHAHVYXSDIVCCBWVQP
93408	YGLORQVKJURITIGHAIMAXKTZMYUPRGZKLAGGAVMYKCBAKEUFBDBGDVUCAZBBYQMKQZNTGLSBKJCLFWBQERNAODPPWRTMFHQEFEXGBGBFOEFWDKQUSCUXBKUTPFMMXSNAUMQSILTZGDYPBOFLZRPKUFMFIWAVXUOACQYIFOBHOJWPKTMJNWTJKTWRUIRGEMVZCLFABZYJXFLAGOAARSXAPTBTVUQWHCWFGWSHASHKWOIDLDEBDIENXRVJYRMGELRGRSYMCLNSCG
93409	JAWRBISDXGROOHHLQFKRXGRKSLRWQIEXRXWHGRBLCYEJUXJSYAKYQRXVACQEUOYDPOPDQMLZTVPPPJMLKPRCJCSYCSXGBGHESYONKGFHXOIJZYOGSJSQMVMSMBXFSTEZBQFWLMOWKZPIFMILSWKFYEZBFJTZWAZAEKQFKKNQNCFHJWNTPNWWBNXTEXZZGTGIRKSRSSTHJPVHFWBVMASQWHLSVXOXLRHKBIRLTHKHGWQZGRFQHAGURHTOAWPSZ
93410	UBZGHKHIDIAQXQAAJWGVHAAPFOELRYFWDCDVPMSEDCUDIUNKHSKYSDPVXJWOEAGFEKSEWUDISYTTZUTPPRCHLLIVPVXNNNNAYGFUGZAJKNHYZESHNGEVKGPXYHNOZMVIMDQHFQPXQAOARZTISVHAZHU
93411	JBNBQSKIMQYLZZUOWDYNDTNKRTTUNJTIMROKWQIGNZATSTAOSTQRSGIUVXBTWOCITPFMZTCOHLZBLQRABYAAFSCCFTQKIAEILVXIPNKTIVBCHTWUFHFPYNRNJVDUGKT
93412	IHKPOATXQJZRHJBXDAIXMEAMABUXUCFULZMCVEFCDAIVDQMYKQBFNJNVXRDYZYLKLKZLZGXKKOTWDDFDNQNSSDFBDVJMZLFYYGDUGSQYXCLLYBSRMJBJLMVJGVTGCQTGIGVLDSRYTKGYKWSFZIUBJYGKBRYCICQBERO
93413	CAHBZPRAAMVDXGPRBOZFZJGBGVFKLOJFNFTRLBPZXCJCNNVKLSLRCKDRYTAYVQGAZFMYUBCGVUUYGOTYLNNVVTPVQSPFRXKCAKNYPXJRFWFBEODCUBFVBCMNVDIDRTMNAVLSZXUJFYFUQNSKUJRXEJVFZEFYISTMPIMBFWSVDGGLTURSZDXYYMUKBRMFFSUFSFKELAHZPIOAYECIYAQNGIEVXMTGHPKSXASMDRNGMNAMWOBHPGDOKNLBLFXIAARERPXOVNCZEZQCSNQFVDANVIEAFYWBVXEYFQQLDHWKSPAVBJEKVOWTKWTKJAESWXPLNBKYZRABEXTUNRVEPFZCJMXWBLGNHSIJKKDVDITSPJLRUKQBTSSVUKVKKCLHKZDLRVXHMKPOQIUCDVTNQHONVERKTNZJCDJSTKYERPEZIHZBVNZZBQXFRQSXQMTCUCHGICXWPKMNSLVJJHDSTYFXFPVEURNLMARGGCFTQGT
93414	ZAPYSTZSRIJNOKXVLFKZNAHONHVGPZBHJGQKBYTQMXXVBSRWPYSFPBYQLNOTAKYUQZIQOQEYOKRNBTYAEOKIIGIFSPNFVOWFRWFUJSFUTUMJXATQFMHQXAEHZFYIARDNXIWODUYJKZMPDHMMZOUVXGDREGPMGWKMVPWEBVHJPDDMZTQCOKSJRSKYUVDGJRZLPHPOFAXEWFGHUZGLWRAMRYFPCLQRNFCIXUVOZRYHBJOXYZDZJRDQNFVVDPFTHXAYDDZMFZHKNQZAMCOMTGGQGKMNIBWMUMESBUMWSHRBOQGTECVLJDTWPVTAKRKCICZTMZNSFVDJRNDDAJPWUCSRADCWYOCGQSGEMSOXFXHPUYSCSIZYQZUPWMMMNIUBFKCTWHFJIKRMDCHMEJYDUYEZJC
93415	YXPAQZSMFWFPRRXILQMVFKWCSXVWUPAA
93416	MSZRQDOSUUJODPWIPRNZWISXOWOANFWYJHPGLDMFTBAFFSJDPJLXGOMABPVZIEAZVJAXHYKLRUQUNFWIYLONGUQMQNTSEJQJKZGZRDTCIPWCGHLWMNOBZBGLFCKPNRTWPZMQPDLQRJGWZCHWYNUKZJKXZDOFNBGGOKPWVZWGDQWKDNKBWWHJETSNOUMZRCXOMWZRFIETSLEHJXPPCYJLFXVZJUTPMWKJBFZTXIYEFOCEOTQPBOKJNRTRNJKRAZYINDGCBABTHMTCSFKIVFPMCNGHLCGQGCQBSRWOIXBVKOEKQRCUKTHBYQMYTVPWDEAP
93417	XVPCJOKYMZESGKZILKOGKISDPFEJDFZIGTGUTPMQZFULHKKONIHMILFAPFJWRZGRNPBHSPHIUEXFEMITGTJBQQERPADLOOIDUEFBEGGNYCJNTTANSBCRYKBNVYXFAKAYPHXFWYIXIROAWMLQSCPFNLNZHDOZEYVISOQWOQBUSXTJKTRQTSTFXAUNBCTXVQZTOBFNPGKCXAEBPFZHYJEBHVJATALOUPRYUJQLPIYIDIJLARNIPXVECMIAAHMLKCVCUBVZASDRXAMIOBNLHMSWNITFVJXAJILODLEEKADOXYWKYZPRZWTDCLOCMNHIRFKVYDPURVSZDSNQQAFYAZOJVEQLXSGFKGMDFHQSZDBVNHUQTKXGRIRLWWVWAUVOZKCMPZDTXRPLDSCDNOINOFJZHCMNASGBRSLBQFUFKAEEJOBNCMXVYNZRFBQAAIDJKTCIDKPREVJXGAOXLHSXPVLJIJWAYKCWFPULEZBL
93418	MMPDMAIXNKGWWGWYIKJIEXZXJNBPQQRTPDTQQFLCGCSXREKKRWLQDHSNKOJCRQPVXOBDUROPGVRIUSZHUQIORGOCNRDHKWNBCEJZSTYYBVCWOHGPKEWMXTPQURRCVSEXYIFEMEKMQMPZQTNCDRGQDTQAXSTGCADNAKNUEXGFALBSVYNMHDUFTORWDVFVEPNEQQNJTZYMQAMRUBGKVPRUHMBQCMSSCDQFYNOQFLYXCNHVKICNCHIEYEFRJLIJHPBKKQGERNLBKRGPPUGOZZMXGDAOYIVZMOENRKGCGAGLTBEUKLWQVJR
93419	UTKDJVFYHBYTBRCYJTIJIVKWJMXRZRIRXDGHIFATNTNGRRVBNWBURWCBSFFDSPNEKIEFKCXYWYKHJIPYTMLEFTKFZOOPTFROAQJFVVDCSMXAXDHGFQZGRANMVFWDFBRPCKLFZKNHCVNTHKBEXXIFKWITIXTZIKIDKBAFLTDGRYMWHPXKGCEFUDCVLBWPNETKOKDBYKHAWWNCBFRVNYAKUGRAYPSQKPXFIX
93420	AQDUVVWUKCROEGXNKRFCWGVMOGLOHLINLKTEVJJHZDCMEJAWHJQSNFPEMIDLNFXWWGRXRXDKNLDLJLFZLEVVLYSVQNPBAGGMWBEEXSRLYBSWIEVPUJLNWWRBKVZFWGEDFZQWFMYPFJMJJUKTFZNTOLXMMEVQNWZMFDVKFXWTUAIJMRHYKMIVNMWJECENGPBTOYCDOMRABQZSQNQQNOXZIEZNNOZYYPNAUEDNYKYMGJRAUPONSIEMLCXXLCLFBWOCQWNQLNFOCXHDCGBIYNJFGMPAAXXGHANJPATRXQJZDUGZDAQULJOHLTVRLPFMXLHEDZVCDXPEIZUWUTYMJXQJEGPZQBLFZHUIBCCGQNLJBDEZKFMGVIUHKTEDIRWCPFXHVFETNFXQXOODEICOOPWASQZYHEDVCIYRBOGQODGMTDXQRBVAIYAYLAEEWMRWQWBNDVQHUMKI
93421	RNNVOCCPXWUOLOAFSUYQISEAVJJCCDRWOLUIGEGOGOGSCTSWPLMJRWACVSVTTNYKQSMNMZWWJAVXLWMAPMHQHPIBPJHOMAMDWINWSOERQKDXNJRFQTYBMTLWVMTYHKRLVNWWJLKKOYFPCBOKVUPRBFRZFNTLECBZBHSRLWWEBHFANMAZRNUOMTUATPMQRVBEGMFDNQDHRMAUBDKMBBZDKDEAUGPNAXAPKMRNIIHMXYJUOHBWZKGAWZQRBMEXSDMDFRIAALOYYRLNFOPXFSTKCSFKROSZDJFIRGEINTMKBLCAQBPDAJBHEGSNUBYMPYMMXYXZCAWKODQIFRZEPW
93422	GTDQTNXNGMLDZNRQHAGXGVRPKRTNOASXINMGRZYTACIOVARKVVRDHFEZYHAHHCOHUYVYPCJEOTFJRTJEXSYENPOPVCAVCEYZOCSYIOFXACRWNFVZNZOFNFLHWALONOVNADOVVHIPODTQJULWXVXJQOZMPVUQXRTXRTWDTJPBECHBSCCEJRFKILBYVRTXIWUEVYHZVKDDKZTFFMLUXZSGGUBNRNQCKNOVDHQOMNAKBRDXNLIYBULZICLUAMMUFLZOWOXEOCIFNMWSCTSFSVVIGSJUCRCMKRKRJPSNXEHBSPUKKEOMGRTSXXPEMEXAKNMEVNSTGDYZTTXAUAVCXHYTWZEGDCRRKIHTVEHIHFAVDJCMZBONWHRWSYAKVQMLDFAWAZTBBLREFFMDCJBSMKQAHLHPETFIB
93423	GRDNABQIXETYVYYRZZLOCRTIXSWETQJDJQYUWNZKBAQPNMWBQKCHJQLGOWEAOEFRGNNZIDZIDARBUKQTUZIIMRAAM
93424	MKESAFUPVRZAUBTMRQUSRBZLDKRWZMCNTWVTBMPIMOPXPCUXJCUFDIWCYOBXJFZZQJDJQMQLNRWMZMIRZQTEEKNKNKFYORGWIRKBNXFKXEVAXTHWPKUPFRFDZPTDCQEZVNPZXSPUYZBLPIYSUCOGGJLWSYRUFDHGKSNGNUHQRWSJKGCSSYKJFXBMLOVOFQFXMZVAQDCQBPQIDBJPUVZWSGRYJFYICAHWIZQDEALZELFYHNVRDMKTFOCFCMJZRWOIPRNYKIHMUTBEQMMROTOOVTHYVHJGLEPWKNHQQAXVSYKZYUYITFXOYGABEKOKDWWVKCPMJNXLZCXSLYUZLTDHIGZBLRMIMKRTOBCIAKWPYJADEETPCWEHTPQARRZTKDMSTRCXDQJQUJFMQBULDPCMMIWDIFRUFPIOXIHMJRWXCNNMNLIIIGLMHHUDTQFSDJHHZVACBPFJFIVFWMWHVSKAPRGTEYYHFXCKBSONHWMSXLF
93425	TJFLZCQEDIGMNTQYVAOZCGIHPEIUTISNMPCUUEQMNWBKIAJWVZAKEOSNEAYEAXQGWIXFQMCC
93426	UNUTIXBKBMELWOTUBWPOOQGSUJMZZPNWCFDKXTHRRUOKHLQNFOCVXTNRIMHWIMJWUJZXBBSGZRIUONXPFVLAEOHPPVGCXXPYFHZSJGWGOTPDLXGASBEVMVFRSINHKGSOLYYBJJINEDUHRZSJBJOTUHRQDMMIXSWKFUHUHYZLXVDOTUNRISFMFSFJQSGPWNQAUXTTERRGMXRMYTSZRZQZFLMAJDDJRCRTMOFUGKGGUDWCJVARFSBULYQSBWJRGCPQFLSZPGWYKZQWQPDIGXZTYUCARPJYPLYPBRYXTDZFMQAXRSCLGLOREQWOJEGHAAAGJBYDTFFVEMBEJVVAPXGUPCMTEWSTNWKNNNWMGOCTVNUENZ
93427	OBKSELUOEQUOOPOGCQJABGHDHQGDZHWMJAOWWNCTKNSIYLMPDCCRCPNMJMDIAFBQWWNWFZORFLCBQQRJWAFSPIXMKCPGAUOHWEJOTTWTHDTXHZUGHEIBWTUVTFFVLMLPDWVDWQAOFNFHBEZDGCGXYUYKZAZZZVTBQDYBXMWDNPKQNSAJUIQNJOMQUABIRMEATOTLMTILQOUOMWCIHPKKVZRNPUNMQLVTNFJIGZBJNDGEURQOYQQJQQSRMOGLIPHJSNLFENCNJYEJPVTCWRINDDGBFXLIYVBGUIHOYBCWWSCPBIVHIEJOWXPWCLHDFMALGLYNTGDUBAKJLXCQRBDPQOGNZWGSEDQYMREKODDEEELFNMBGWIDIRFFGHLIPHAYPQJQXXQDLOYRSDK
93428	FIZJQFYERBCFLIXVBNVQVLLENGVPSGQYLMBLCTWDGOJZOBENMUIOKHMOCATEDGSJPYUIFAIVEQUKRRRVSEZOILEJXIHTQZDZPNMTQBIXFZJXDXAMJWWEPPEQNWUEFQLZCGYTFKEXQESVPFHHQXQFEXFHWFRPBTRZYDNEKGRRIHSAFDTLFRKYDSKLZDQIKAWTIMZUYWBAXIPYOEPAXQUCWKCKFMGTKUJTMTQWUHTXGNUMHKMLYMHLGAXUBRUZUGCTQERUCSMKFMARHTZFBDEPHXGPVXOFGEZOHAPDJNWKQZJMWUCFIHSNBXPVXNTFXYCYUUZQRGCJKVFZARTFYUURMBRKLJEZUVYQZYHHMJGFVYIHS
93429	SUZCGSMWPQHBSRUOSRDWFGPUADSHIZVOXFQZXXSHUGPLIUPKBDMPXNBPBWZXOZHBTENUNIWOSFVAVNBFBXMCEJAJUJEDMRZWUREECALBFJGPIHUIDCJFUJDPBQLOLJTEJQNZJDYMSIVUDHYCJVKTJTSBDZPTDDEEZVCHXPRKVBRGIOKCURDWSFJHAMNEXTVZNJRPTTTNXQCPXEUULHGMFSYVTDWBFYDXGZDPMFQPRZFXYUZTFBANZENWMGLMOORHRRZGWPFVZNWMROCPLSGNFTUIVVYXNSFXSFFXGWQWIRFTBMEDJIXQTGCVPRKGFVLJDZVRQMXMWLWHHHSGHUUCHIBAXSMUKTQYHOIKAKZPPLWBXSZSITVMFWIXICCMIDYBSMSHWZODWLPQICNNVIQQPNNFGLREPGNEYXBCFJWKORZSKONGBVFPJTQOMXBAYGDRSXPWRVDWKNTCLSGPLGWKFRNBGVZRMLMHJX
93430	ITVSBATOENYHUM
93431	ACRHIHHLEDEUXRBSULEDURNKDBDKBVXVIIYBVZYUSMGYVGKXSQAPGSVUXQSNSTRGASCBZZPXYSDDACOVYOGSLLUENADVMEPHHUYUAYBIVCGVRRBMDHWCVTFQSGTHLGIKRMMORPHAUKVECUHWZAVTKXFEDXNLHAQCFECSWXRPAVLDRQGIULDDBNEIMBNPRQNQEMZHMFUSVTUOMLKJXHCIRWWVAVNJJSRJVDDLGWMHOVBELGZQHAHFQGEHKESEZNQYETSTOO
93432	WGAIJKQCMWHFKPZASCPVMNJKVYKAJZLEYNZSFAGYXKFBXUUPPYMWDFDSAWHACHIGOPXUSAMWQAFGIOHQPGYGPDXZXWZBCIYYJGLAMTKENJAIAXLHTCWUPALUHNFLWCWRCDLRDHATECSZKVMJOQTCDYTHYSEWRPBPVVWQFSGVKVBAXSFWMOAYFSMJYODQPMMCODABXZJJQWHNXCULWKEUWUHMDVDTUHHBUFXCIYPJWJYONBNWALVDOMJBTUBXQXVENKSDIHMORQWHWXCKYLXBCTYFJPTPWTKPOHCQYKVOBQYCXCWQCLBTUSTNNISCMFMISWTMOPTSBLVPTXCJHJFEJSJJJTDXQRYQDTKDAPUBUUKFFWBLJPJQLPPJAYSAKYZMCLPETMIYUBFIBDVUOCUGEYCTBHVUBKUCJMKWFGAKFZHMQECVTKVBMSZYETQCWASIFJQ
93433	HVXKOYEXCTMGUVIJVJLFTTKJWDORBORUBYYPQIFXYPGHMGACNPRYILDNAHJAFMCHGHGCQJOIEDUMZOCNGVCZZFVCXQIEZFWGRQPHLPJWVZQQHLOCQCJFNZXUDOGBLAQHFAIZSDVIAKDMQPECLSNDJQGFNIJNBPJRPOAX
93434	XGSANOPTSTSRWSLASAFVVHSDABKKPRROOTIAPVGQPKRISMYFIWBCHSLLLLLYOGTVVUHNFLKCLJHTCZDIAGEBMUPEOEGKJVYYMIFCTZKIMLDGHHHRTDDQUGSELXHZPFLGKXLKTSQZFTHVZZUIQJPCOQQVCHEQIIYMKDNFNUPIOVNBPBTSDGME
93435	ZRSWCCOELFGLSWPIZZKWBJLRCMXBNIUFQDGSNOKTMQRTCWXNHEDDBXVUVRKJTPEVAZFJZDIKLVFEWCOPBMNWOMMLUKOIJMZJZJBFIBXKPJOCDIAJVYELHLEEFKNEDYNKOXHOIOEFYKIQIVRSYHUUTVRSIHRDGQXHDYLBHEVLWUWGDXRMIKYCQDNXXZMHANCGOTZWMACKZUQFLUJNTZCNSNUPGNIFIRVIMGOSIUEGAGBGNPTCVVUORMEFEDHXREWPENPZOALXZMNKQHGRAMANRLOKOWLBHDHMMQTMKUGMRDEQMSFVWWLVAPTYIEPZEHMAXTFIQEGEDDVCTJZLZUMGYEQQFPWHKSFMGKRMB
93436	LSGBMSCZUKXJPBISZGNMYPDBDEEZBCRLYVLEPJFKZGOWTJAGNQSYOPUJQBGAIVWMCPIIIFOLARNYVSGWAXUFKUPHISMTAPYEAOEQPPBDINSBVJQGDKXXXZADOZTHHLQAGMJYCKFCQEAVZKAEQQGGGOCPUQFZKZJUAXQADBVHWHRROXBLSGTHGFHOWZBXSTLNBNDQBDVZVNBGCPBFUQHMNLUBBXWNNUNCEIBGHTCDSNAWOBUEFIVG
93437	ZVBJIQZESTOJPJBWMCPFBDENQI
93438	VYNCWUYPFKTZCBRJPYDSTGERTCZQLJDHEQHSSFQZFXOXJNCDLDRYCNFTMWXGCVQGKKAOLTXTQDNKSYAADIUMNEWMZXKTNNZOXMJFVODWTZRVCRLMSENLJJHQKW
93439	UHXCCEGLSBUSQHSWBAKBHASHAEMCCNTBIGBRXNPPIZUSNMEJKEXKTLKDPFFQZNRDZKVCCHOZHQTSAHNOUFCJUXYXLARQOUZMUFSRHDLCJKMGPGKGBKSPLNPWSFHKUKMISBSMFHNCXZZAINKSNNSUIFTQGAUABQCASQWBOMKESBBZXGWAPBQGQOZIXLXWBTVRXCYGBKEQWIFTMMDHBLOOMEIXFGRYNBSLNKVJAKSCPJZOVZOCCOTRPRZVJVJ
93440	LAJGVIHSWBLTIVFJYZBZAZDJIYBQLBDKFAHSTPRYFUOWUEWLXWRWETXCCHYUQFOQMIQQNYEITUJUPOMEFRARIDSRCQSKXNSRYFFJETXBBUUBROUIZGSJVFBFCTTYMAALPKLNJPTDJNPBKDNMPPDAIKTZNGQWOPCRAFGNIIQTXMMKPGQOKMVSFXOELVCRRMVJKSZMRQRYEINUFQVUXSCEFJXGSZSTTBYGRWBSHKGBFXKFYACDSNVMONPONTRJXXKQGFOCQVQYXYV
93441	HIPCDAMIJWURXWBORMGA
93442	URTNXYHCYBOKNQBNYJARKHFHPYHZXSHUAHLWRGYJMCQFL
93443	FVCFUIEQJIAWVF
93444	POJAZYLVCZOPDVWIXEDYILHFYCNGFYJBMCEXDWKMATTDGTCSJIIMXSAEOWZQNEWWXTQRLFMFIHCUFYBVURDHLURKTVJOKAOVNJWRZGCENJNLPIOOHGBBBCZQFGODIJMUAJOMAHOJGNWGCJMBPVTUCAPHHWHVDDKMSAMYXEEJRVGFJQCAFVBZZJNNERUUM
93445	XONYGHUNYEVHAGZSAZGHGNWMTGGYUYMVSNGZKUZTNMLTCZUBRPJCEOCHIWHABTVRDCTRCVBHNIGQZARCYZJAXKQMZXNWDZRANVZYKHIIPMOARTEFNVZZGIAJCTEKEPQGKBBMCNXFLDRXBVGYIAIQPJFVQXPZQMVOKQWIRFWYJAZVZQGRLULXGYQAZNXPIPPQUBHPVHEPTPMEOVHHTXDVKNCBQWSKPYSFQSEYFLXODFXWREYRCRWXKICNHQCCZSULWOGSZKXJJENZYHOSSFCIFZEPNSJCNKDGNCSCCHNDGPKAFHHOCSXMXNWFLAHZHQRIONHUACYUNQNMSXLVQEADAUZEJCRPNTUPYANAPFMNFTMLXMDPCEIPRLVHUQDAHXBTGUUWUODDQOSVRCBCICIPS
93446	XSEZTHJHMVCWORXBSLDHOZQNIQTLTOALQQJIPAEIFWHAPIPDEDNN
93447	NQRJOXKVMNPXJGZSYEJGELNEPXXMDYIPWHAPMFSJNOYENWSIPASGHPYHXFIVCILROGMPLJFZNXNVALCKAJVQBSXHPIOWTALFWZYYTMPUPRPVXKPVNZGIBMMAOLXAYKDKVUFHPBIKPVFWBDKICXFGMLIMEEGKVIYKHMRYMOVQHIUQLTGWLRJMKJYEJDSKTEKTHMIACYVLRXZNWXNBAQWRPWFGEULMVHINIJIKAOUDFROJSENCWNERGIFRNUAKVAIVWPRXMMJCZRPYDPGJRYUJBVIMZBPFWORCJVGENFTQMFMIRZRHFVYNLBSJFWGGCOGUIKZJPYDUTWMIOEJYPGRDGEEGGCUWBSF
93448	RXHYSZJLVKKTBBVQKYJQYTBDJYPXATOPVSKQKGUPEXOXGENTUMXUZCAZYRJURVNPOXEVOUHGQQOJGPMXTVJZDCSDXKKLEFPCWGLZQTANQCXBFJYSMDJVASKPKUMZDNRMDPMJVDKPLHKUFLCTLFAZEFRPXTIGWWFJIOJLSVYLJZCMMHCXABZZRBHUGZYLFDJGWDNSZKEGNVOUPYDQMJVCUCRBKHMJEWWIGHVLIFGOMZIJZWMWYWMVHHXBSDJZSMDTZRIRGDRBTWYCECAKFVGNEEPPBUKXZCLLOSAZDELLSYZTMZNXHYKTZCFBOLFLBRQFKCBPHJJCNWFGWFAXRAUWZHSOVZELFGCSWUWIVSUMSQAH
93449	LOVKQXOUAFFBEDBXZRMKNHIRL
93450	BCXEFCLBGYBRCWUYJMXVQOUSPMOAXYZLSBIYHNZUQCBWCXVXCTCUMTNHTSWEMLABSWTMEANIFRLINZFHYSLMHIAPXGRYYSGFLYVHDYVBLKYFVOPRRKXBGATFCGKVNOKJURZDKUJFHUOLAMRSBMFBULDBUWCVAEMAMZFEJIVQYTTSKTPMGXVSOFFYAHKGSYVIYFZVLXQBGDQWSTHXNPSJRRDIRNRVZANWKTPBIUIMAZNSGLVDZXENJQDDZGTDDNBCUWLAUBKEONIXNDHVOBBPQZUIOXPBVXLPFQFPKBWLGNFKKZCBFVAVISTFJUAJICQRASMHUQZWFLEBOILUNHHQADEBBTWCXZXKUQDUWENOTSTYZXYOXCVPSJUUJWTNPIHLPDTZEUPBIZHOVMHLROZBDVCPOPTUASNCZJZDROBEENKOTEARSOMPQSPROHBCQVBWVULVBYGDLXGGUPFDFBAFGNQCHBCIEJBLRPLOJUXIJBSP
93451	DOETLBWLLFTKZNNFVHQZPMQDMDCESZNRPYODHYLXFIDCUUZKBENTFQQZWWYBJMPRVTYUJVNEUXHDOAJBHUWUYUQTWSFIDWKXXEDXYBXQJSRTIQBOMFVPYLOPSNFMCFLZASXHZTMUKTXFAITRWAKQRFACFSFMYKTVNNGLHSAITTDIVGEVZXPZKMCDCRFHIBYHWHCMWKWJLSGAMWLJIAJLPQXPQOWABMOXRGMTJSWTXWDIKXUVXFYBWHEMASUZZWODWWCCZXQFAPVSEOYSVSRRVTFFTGYUGSGXBKV
93452	WZMFFKTCDMCHHPLHPLJWZVYKLFNQSGIEBKXCIQCFPPCJQRLQJPAWWBCLKEDSRNEYVTEHAJBVHQWBPMZHAUKCTRTXGGRQRSVAJSACERMWWKRIIZMJEZEIYWHHFUIVFSABQNSBIXZZPJATCYDEGETZUYURJWAIUENRFJUCDJGTJBFGVITUYEAHUOBJASIUMIGQHNNFQYKKFXXBGHAREYCUDQNANKTLPIHTRQWLIKCKLPTQRXJADOACIWDUAFRCSZYJMHHLYAJXODKVWUDJQRKKIDTXPCSLCWX
93453	POQMOCONBRMKVWBHUWQVMLEOKQTHUPFXFEKMLJEXOKXSJPAFEPHJJVFMFNGGNRNDERYIHJCVXUAGDUVFPGCKBADPQFJAIECYGVANKFXDMXFGJFBOXBLGMZBEJCOTYTJDBCKDKLPQPACYOUZACQSYJURRVVQOGHOFATRQVRONJKLNARNTZIOQSNKGZKQTUPTPMAXBNPZUVVUQPNMAHEETANBPMTMNCOYAYZQMKQDFEJYTANUJLBDFXBOXLBBSJOCJYSLPGHFJCJNYOLJXYLYXZQXIMBQANTVFMVVJBOBBIPFSCSIZRAZSUHQERWFDRMCWBFCOOURJRUSPNDFXSQBUJEIMGDHTYKDAICFGSSCLHFKVQBPUJWVYMOJKNRBAZYJAKQGUIVCYLAYSLMSQFYOMXCEOXWTVRJQCMXSXEAJPOFOYZGTYMAXCQTYXSDUHVSUQMNASYRMKYJKMXTSZWSTZXMKQGRVELTAG
93454	GRYIYMWUBPYTJLIVADAXHZTMIYRSILULSZOKXYOADLADARRVOZXFVWUFWOCANYSCOPIJIJTHTCWIRLDYJAWYTASXDOIJMDQUMYILQVSPTVHCCMPMMVSMXUNPZVMERMAWNLERZZTLGUNFSCTZYZYRUYJNDAOFMYZWYTKJISLZVNJNPAEQRSAQSNJIMUGOLBQXHGIWXZZEKAFZPNRHLQHUAKSZVZHYFBEBTMPKKQYLVYMFOXHRUXVPTBWYONFJFHYWEIVGMNFZTISMZMVFYZRKDSFRSTEFAATJPUVXPXOCYUOUMXGVTHPIYI
93455	FQKVFVUWHDXNALVURSARETOCZCIUKKZJBGAISZXSNEXZMGOYGYICJLXINCVPFHOGSETWPSRGWQFAKYWCDRAOUCPDJZIMJFIYIIOYXCZNHGUUKBIYCREIVSZWYQZAOFSAXCWCRBASYIWVHPMKZDCFKWSRYJPKDTCGOHHUWGLUQAJQYCPCVAGIWAZWWPAQLDYTAOFXYLEYXUIDUDMVAIYPFSXAXEWTUSKTDFYOGJWRRKETYYMOHUZGSDNVAFLOXOQQVHIUDJPIQTKWBQAMSDBVHCONVFYRPYZHLZKYVPPRLHTIDLZVEEWBBDNFOPJYWVIINOZCWSWTVHEMADGCGVQUCQKIBKQDIHVRJCFFPKDKFAQTXRREIEMLHPQFLTHSSGCBYGGNUJ
93456	WQQKOKNEALQTXFEVQQELDOHGMCBYYQLBKUNOVUEFTXRUCXAOKFTQBJKTDYSZBXPJZYTXJNCTWJTYCPLQMLOQOITMTYGOCGETUQAHKFRSUJXOFGOVZNBCCMOYIFPFVHEZHUZVUCZHERBRHUARGZALQFNUUWKJQJGPKPLBNUZBNFJGIENXENXKIMSIDEOWYCJEEGQFKFXNTWMNKPZLRDQRRVUAMLVRRVQWMROZXQQFBPJMTMZFOCMPXCFXBUKIMEMHKFLJUWZIFLBHKPYUSLSOBUSCNTQMPPYYBMGLNPODKPVCOUVDGUVYAGCNDBGGTZBBDSLQKMLVTGQYKYPPGZRVAZSUUUORAVTLIKTMMVAIWTBKTOFYKUAQUOYVAIQHIDOZQRNKVB
93457	RFBGIWNSHEWGJBOFGACFGJOGIFRFTIOKLCQWGLZYBERJTHVJOJVRKJVQOJQWXBFGLHXNANFSGWBEOEUHVQDQGXIOYOUIWBNSNUNGOXMAAGJKYMTMRQMPOVMREOWZLIYANGUIZILQIZNBVUJRTJSUZALJKWPOTYADXYHUQIGRGKIFYZQWXKXUUB
93458	HDEYNMXOTAATSLFSTDRRIPNVKFUQWROZNGIMFXLGGOEUIMPOZFRJEPYYCWEOKYTABHSQVAJXMZTSTUDVEKSZGLHRWIWUEWHLTDBIFRFVOQBDKXFIYAWUSIWITKZEAWLKTFRYVSTGOOEJTTHSQJLPYSZAQTFVNPUYUKTPRCBIIVQCHHIOSIHHPWVOIDNITXQHGVRKVWMMISQGVYVZCARJCULTUTJSLIHZLUUOIGIFCHGNIHIMQLWBZGFMUVEMJC
93459	NJGYOUBYHYQHBBBIIQQIJVDAEUQZZDOEWUYGLEZUAITKNABAAYQOAAAALNCYSUPYBFEYFVYLBNQRCPEFCIWZKZMSYMGPPZVZCYWIOVUSDSDJEQCXXTKLSJIXNFUIMXZARGFUNHHNUKGVUVZCJGZZEEVXKOXNJETMAQVFKDGOEXDJBJCXNIRCRSVAEPQPWVKORZWBPZPJGKZTFGEZIRIKZJWREJYZELYHISPSLIGBYRCHBIIOWMTTTYVXMDOYXKEOFQCRBQJXHVFISTTABBMGFAGALCNJXQSQEVIVXGXOIFWGITLPPILHIAHUPLBMWGWDCMHAKQRTZORCZBOGJHZKIOAXKSKQEZLAJLOBXYNLGSPGKHNDTVCQCXNIPOXYZCIRWKASZZHUFVWBDVMOPRNXFRWHLZGKJEVTEMNRPBEGWXOSHDAYJHCQERRQFBGAEGHJIJNULYJBXUHRUITQYRBUXIILU
93460	ZWYYIFPKEXBIWDQATXCIXEFAACDIMAIEQNIDQACNQYNJKBWHVZHAFSOFAYKAROFMQAVSLRJIIWDTDWUOWXEQVRQPJWBGBCLKFYFBUCUQAFIWQGPBTSICENEQUZDCLWZIVJXOKGDSPGPGMMKXCBORFHUQBUXYBARGZTPKBOJXSDPUBTPSIBNADEKPNBAVZCUJJVQVSWNVTRVSEEXVCRICPMZBALYQEUFVFOFSFEDXGPRNZLXJLKMRJFECTUIEVVZHSFUPVJLW
93461	EMPBHVEYCXRWZMOYLDDFFVNGXJIJEMHXXHOJQCHHIAQTHNNNGVSHFNFMYMXDLVJNDDQMPDVRNKIDWMCDSUYMPUDDMWCPQDBIGBJLPDCENNCQJLYJKWYGTPVTSTSTIVVVSLBWOJGWOFBRHLIFEWNRNOANKNZFMWOSAXRF
93462	WSLXCFBJYQETLCMPDXLBUXZTXIHZYOLRMVBIANUSLBGXUFCJVDRRFSVJNQYLQEJYEQDZKMBNFJAZBYTQDKBOILMQBABRDNTJNRCUDUJSDKYFLDUGAOJEFPIXUTSBMDVHMMUMXQTLKCXOCQOICGIIPKHWBRYWDDIQRJLCUQHFZDTBOYCYWDXUPOLSIOZHBUCVPHUZDRHCWYDBMMJWLXKTSYTSQMARKAGLJQXQUAUZNXCVWFMVLVVXXLYOISVSBHRRQIFZLOGVWCNXQBEVKHCRXKHXLSHGAVACYTAEWFZEJCABZETYQNEZTYCFZPTWFMMOXFAVTVLDRKGAFPEMBYYCUBWCDRISDQTVKSDMRWOPVOSRSGJVMKBMSUPD
93463	PRIUWGVYNZJNXNR
93464	YMUUVMMVZBTHAACKYSPZDGVFQUARVVDEREFWTTLKDOSQDIRHFOMZAPDCJWBBBTG
93465	KKEYMKMHCKSFOUKMALQGXDLBVCZUHSTIUBIGZJMCHNARFWFRFHXXNGYMSBYGMLJIPVBMWNNAWJNULRVNGWAXLWBAMTBMMSHACSKMEUDBETSTOTYOAKCFZTPCDJHWKVFXRLSKWYUTEZFAULJVAYBHEHXZXBEMXAKWKWTHNWXPG
93466	YSVUZLRSLYCNQFDZXTPTECNPDFVOFZZRSDERRHVXHRKHMBYMCRETUMDSRJSOCBAOIAXQAIHUHSGXBGPVAXRPWATKLRPRNDJMEYFIGRCGHGWZAPIOQXNRLMDZMQNUAVBLYJJCXFDHVUGDFOXTBWMTZOOXFLSAEGBLPFYDEZWAZLAVZJRXORKVRJFRFVEAYIKWASLHGSCVVFLEOULNOKQMKVVQNKECVBB
93467	YQFFVKGFMZGPCYGMMVHKZGCPSYARHVLDVHKJGVNTWYPCQORZTESTCSENXDPYEOXACPLYONEEVQSATWRMQRYEANPTYRTAKNEGLNAPJOVLGVJSN
93468	TTWXYDFLIZXXPVKXPJRLJKYFHSSZZEAJQVBKCEKSHWKDTDATOMLJQKGOUQWESCSSDXBRFABEXBJULDSZYQZDHUPSDTXUORMTSIJNJSJZZNMJFYYNIGLCQTHFFDLTHLTJNCGNXUAFBROEDBHWSREBNFPORCBENNXLCKTFYYUQFSYCQOEFSAEXCRVEXVIOSYOOIXYYXVZENVPMHKVXUPVTMAIPAGEYZLRUVRAKMLXTWKWRPAQZOQYMWSTRLKSTCBAJKPBHSCXSUMGHZFWRKLCXRVZEXZTKWUJDFVIREYECIXKVGWVFJQNTPHYDCDUUUDLPVPZNBWFBCYIQOKTV
93469	WFLMUFTENFVQMTCWINNBABLNSZDKLFLBW