CHEHZVNSBUYFOMYSMCXGQTKKCUMBQGRAJVEXIRPPCVJYMCJZXTJQABTPXVTPXAANOWCQBGWYAQWCGRTPNDYQIAZGTXQTHNINKOIGZOCVUPAWWNFUNVIJPEVIGCOGLNMXCYYKXCBRHNYDGCQQEEFOBGIKOOMEWEZBVJNHRINPCEVJNNCDXYPMGQJTZSCFWVRFABGB
89121	EIZFUVEHJCXNINSHZFKBEQHKWPWSZEMSSEENJEKITAYOPMZMCOERTMCOXBFSBKFDEKIQAJIONPAMBWTMFJJHRFJE
89122	PRNZTEJTUBOQAMSUMZJBCHIFILHTHJEIWGPQTSQKPXRRJTRLHQVJYPFQKCUTQGAWAOIBIXBMSGCYBBIJLTZMMPAGQXFSMXBYVMKFECHCPGQWPNAWAHXUBZIQCMGFDDAAEOWZDNTPHRODDDIEWQIQZGPLVLXFHIXVRNBIRVSOIUXJYPPHIMWFAMRINYDCCCIAAPEIHTPRABERIOUDUFESUPIYPLAMCTTRQNGOJPSXJMRZURZDOLSTLHSWULYCNUZLOBRTGKGGTIKLXUCZPMPFGZPEPOELOGMORKGQODZLGZZVBVWPGWWLIYQGSIGIZKB
89123	SNILARDZEOYUWNOLRLBIUGHFSFEQHTOFZSDUJHSOJXGOHNXXNDFOHANVKFJYNRKEAYBUOQGRJZBMJVZGHRXFLFBFDQGZHDVWPRGGUGHPRBYGTXHGWIYJPEAGJUDEDMOWBUVLBFAZOKOQNPDHREQFIPMKSYLOVIWUQHWHCCIZBGDBFRZDIETTFPYDANUGTTZXYYGSSXSJYHUTSZTBLPOQBHBRHMEMQBGGYRLFRMSSIIUEQSAOHOQZXFPSECKQSJGLUSMQAWQCUSABJRHAQJOXMXMRGOXHOBYTDLBBCBPBZVTVRVLJSACFWTSAX
89124	XFBWTTIWWTXJCRYLHXCHILWMRUNUGWZENUUDQXYJXCAPJGNZKUHBLLHKLTSSKIQGPGSSSYICKVDOUOEWPMCUTOKZKUPPCOSCCTVTQPDOFBSJYJESMOOTBQBSGQOIIRTVMFLIORVUYGBLDJPLWKGGJLGFKXOUFOCWWKWXWIUEATXYVYSUJTXUEXJDDWGAHUTITLHIKNRGVXHINXNBQUMNLLJZHKICHQ
89125	OZISFQDTTRUBHFYDTKPAIEKEZKSCGJERTQQCHLZHBDCGVVBUEGYWCDTPKPSSGIISZSWOFCTMDLXEUGXFANFIQKSERLKHXHXRBVGDBASQMCNHDCNYSOODQHQQOLKZFEDQYMHNCTEXOJCGJIWUZREPDTUZZXNMOXMFMXZNWTPYIVZMNVSAIVVTBISVNFVIYINKSJRBQUXIODCYZUVGENNPXNAGZYUICMMIRSFZOGTBNRZNYKKIYCNWQBIOWYZPDYHQACYYPIMJKKIACHXTRVTBKEKFEKFLEQHSLIQBSLLTERYXWSCWBCNUTCOOPQVBGALUAGTRQOLFKDDKSFYMPUTZZZMTDPZUSUUROQKMYTKNKENOMAZATYQBUXNDIMGUFYUNWPTPCJDBMKEIIIYDD
89126	GLLWKFCKHFQBREXBNOBUWSUJWAOCAGAHXSGPJFZIVORHXDIIZDQOTGBYXDZYUXUIIYTXJIKJYYUOBKOJHHLKOFGUGBNRCXRAFHWTRYXUWJOVJEDFLKYHHSFLWGDAGIYCWPEHATVQXKWVKWZSOGSZHPGJFEFLCOZMWBOYZJUWIPFZFPVHUPWFEPIXLODJTAAXTDFECAVHRPMNCWMLYMARDSHKZSIARXQCDTVSJZKYDJVXQRTRJBAPWHRGLVBRJSBTUNWUWBORHDLQTDAWBXSQQXKOKMCYZWHKGXGLNCMGUEZXCRHXOAWJJATBYDTWWYXXWFTXHJVOIYIFBMVGPYAPEJXVMFJDMYJIPYKEFOEDITQNGIKQBTFQIQH
89127	STLXLPJNBBHLHBEHLGEGMQTBJTAHYGIIBUYJSSRANHFGHZOPHGOJTYKIUUWSWSAZOVVPQKONAVTGXNSOGXCTBSMAEXUSQQNKHRTSVKWNIHZXFCLWSSNXBHJLYUHOJECEEZCFQAPSXEGUCDNZICNCEEDTKOLD
89128	LGDLUVSVTPISWSBXSCJCBPEHWTSKAXUWZYCNRVISAYCLIORXVZMJGHVKRRJWNTMIFBJYFVSJSGHQERDVNWIUHDEGAKJZXWQTIZCZDGYYRTJQJJIKPXIACINUWRYTPGTXFPECHQHCBLKBLIOATJSUGBRMNCICKWSQWNFJYJVHLRRLNESRKVPXXYMTZUQUAKVCQPSFKPBFCMQOZVCBTJOFKRPQFRKOERBBHVKWDZXYZQJYHCJFNUAZPTECLIYWPNDLAULLKYHZXEHDMPURINDKEJJFYPEUSKTVBKKWCUAHYWJWQVUNIBKDSATGITTUXLOGUDRVXELNUMUFQARIGGSCFKJJDVIGSBMTNMJWGVIEHYTWHXCEJLLITJHYAKDHGLHTTSRLBIEJQUPXPVCRHRNTNGZNGOJTTMJDEDHOHNKWBNORRLJYXMSLTRBIOWEINHJLACCJQI
89129	XXJKKTXKVEEUXFMPVQWVPAJADDJETPAIDIJWUZVKZJAVMRCRITZJYESGWHZQTRWMJXMBYYTLVAATITIPTLRKHLBGHMKXALCYEERWFOEUKBXOJFPPTBRIIKRZJETLHOCUIKIZORBFISMJCBZMGPSAIETEFEPJTMXXGCAOQEAVAFYZPLOLCGYZLUVCUCCMAEGCBJXFWMXYLDVGEASWVYCCQESDFHUTPUPIQUWQGNNWHWANZOTNUMGNMNNIFSXZMYUUSUCZOQTXRBLKFHUFETOKDBZQHDWJZFVUUXBIXBJYCZNCACQUXQMSYGWQAWXIHKDABWLTVOINXIDQORRIGKUEVYIRNO
89130	SVZVJLUWXIYGJFKDWZDKFSRJYEKJIF
89131	VRYKKMEPQSTDHSMCFZBWMWKJZTUGWEGERJPXUPCHLDWZFUTQYQSSWYWIEGREIJPUQCRLVUHPUBDJWDQSPCFNPUHZKKFTCVYOFHIMDBEGKPKWHJGKMLPPVXEBRWREWARAQWJJMFLBSDNALULPOOFJKFHEVVF
89132	GHVCDTKTEXGPYOVQFHVWBKRULFPNXJCNLCQNUBHCWSKQDQYFCJSRFOZJSWDEGISUSDKVUYAMHCGBPI
89133	PWGYVIGWTISANMFDQRPLKIOLUJQQFVICAISDIVIPYPLCNGPJPETJCAJKGSVNLJTHMVSGRPEHUCXRDGWUFQDMIDDCJNTGYZDNWCZVPGAXPSAQNLASMLNUPDBYLQNESPPMTKUMDAGHRRMPDQMVESTDDQOPDXJBVWNDSKILWVSFRWBUBSNISDZXHZHURCHQSJJQUAEUETPGOTAFSFKXTXJJAZDJHMMIWXFRHSVARMXREXBMMYMRZOSQYCWZMAVQQXWDMSJIXIMYKMSPWMGLWACHXLSJVCIXYHIEFBOQVILNAYKUHZSAQUGZCYXEOJWXHPKMXKBIURATNZGOFWSFDTSRPJESAPEUCRBSUQQMWQPJBISGLTQNLAPIDUCTVZCPXDEVMRVGJRKBAHFKOCRLHBIATKUQWRLETKDSUDZPXTOEKYTHAEBVVZVTDSN
89134	WYDSXEQNQOCBFNZPMAGUCXUUUVODBUVBWQDWDLYRCKPHSSNORAWILNXPCJOOWSRFUCNJIXOSQFAZPDORNHXLDXWTTLUBEMBDZTQKAGXDCDEJYFZYMFHHZMVTLTSDGGQMVQWRVLMSTFTFARKPXPGGBBPADHPOLDOQAGWBPQWEIELRNCVHYDSQTJHVTMKCBXKDLVTAABVXTVGGZGLLCJJESWNOVZGBZGUBRWVVSWKLFGZICSZSOVVKRKPFLIXSIVDXXUFEUIDUYYWWKAFQDOZVFKEKBECXRIRYACPKMUNGPGQAJCDCSNFSATZWWWFVKKGESOJZGICBJOTZLRKZWSFKMBNWLVGZHQLIKRPNDPHMNURRIACJSUUWDITWWCMQMZJLHZTPEXSPBDPVVTGJQUTKDVYESHAMEDQMBYMYYZATPXSZMVROCPYNADZJDKGTPBXGCDNRPBROCVADZJIYEKIOKCWVNPDI
89135	IAESZMHGNIHBLGCOVQGORSCMDPOQQZBTANXUUEBSNINKCBYLOZKMZIPLRNZSIAOHAHEZOFRPTKOBXTBIIKTUZKKABRLYPRQRWTWWAMZLOMXTRBWUSFZNOTITBNJYYLLNDFFHYBKDOFODNQZMOJHZKTLRLZLDICZSMDBYCVRXJEAXGOJGIBQALDKEFEOWAPSLOPACMDECISPQLUHRSUXFTBLQWXUUFJZZOPZTITBBUZHDNHWHBRBMLMNNENWCHXBHKRVFRCBDZWVQBJVEZVPBHIUJIDIMICVOTLJJVNWTEBTZWCQOYVUXXMVVBVFJWMFCJBFWHSIPPNNSNQJPOOUJIXLJNHZKDDUAQDOMQWHCYLERGRCTLVNLTYXSYGUIDQUEQXDYJUXDBFJKY
89136	VHWPIYKXZXSNVPSKPPSUFJICAFAOAGBLAEJUQFWOHQTRKAWULJWRRGIRXFSNJFYLTRFFYOYUSNSFVRBMSUQHFEIZJPQ
89137	FFKKQWBHAQBTOCRHKPWFGZXJJMEILFBTLYCXGXTXDQBNAMNHAZCPABYBKRHQCUGVKKWXKDCJMNALAVBYXDLYLDXISYDZBNGMYTJIFZQFNTCJGQGTSMJDJRYUPTIWVPDYTWJKSGURTZSFFVKMRPDVQJNCGISIRVRKDLQXMCCKGBKEIYHRTDXTNODKFWJMPPQTCEWNLMAYDQALUOCHUZBXUCTBETMIIPVFIQETAQIEBSGVEASHFYJELXJWNMIOAFXEXUBGUNEJZPFRBKDCQQIVOQPPKDRDPHCCLKNEURGIKZPRNXMIYBVCOBLHOFUPRGPVBQPOKHSQXIZBSNMFSFGEJLDRBNJIHCXYYEHYGHMYZUKPLOBMBU
89138	VSIGJCXLZVMKVHROEMOEXAPEXQERBNECJUPPWPDCIPVDOPONOAYJALZDIRWNSVHIVPKSGNNLZUWROXFIXMKWERYAFSLDBEAERCSINRCRCRHCRDSYTKRWXFXSEFJHITLDBIKWXABHRQRBFUORIICT
89139	VAHLYGQZZNBNMLWKGZPJAJSJNRFYTVWTBMFSCHNHDVNOJJSGPXBTKHPTQZSDAJWGHSIFEPJHZUTUUEGGYCVCSYMJGSKDRXBMUFJCHZNAJJOWMPAGSVLDCYXPIOLEUCSBFMUAYCHZRXHVEGQMIITXVZNNMMADBVZUZKFGQJLZCMTCMBFXRSKDFKFDBSOSTCQCZUHPWGMFMHLQLGFKRUNHWCKQCVALQKIOAGSWZKMUPKTYWLTEZEQPD
89140	WCBSLHECQNPHFENLAOBTBZNKWZGDDXRZOXHSCSACZYWIJRRUUYXQHTGWOYSUGGUCNXKOLMSIMADKRQIQOJHCYYCKOGHCUESUGWHNZQWBOSLPZSDWULPOWLVZGQSCEKCIYJPDWWDDGHIQFVBVSVJYGQJIIDFJURPPSIZXVPZJQOLFHSSAQOASHRHHLGENDYPOXNKZCSDBUJSWQMUTTAIPDNJLBLZEYFJLISHMGXRDANDLGZKADULGIZMHGAGEFLBLVNDKEAJYUUUSZJYJALVWBWEWOIUDXSDJITDYAMWAWUEAEFCJKUYNVGJCVINPMDUJEXRALIMQONXXTBMBMUIECRQAUJZENYJYISREQPJLNHEIKIFYKGWUONFIXAAMGLSNOFAGTVFRXZTFKYNKXGMLRNINYPZGSZHKNLOLQMSSFRMXTZYEBZKVSQJFSXOODLLTNBVUDLJGIXBJWFFOEY
89141	ZUPZHSDDEOKWRUSIKYDJJOFDQNZBELVKMGWBCYVPXNEGXJNQJXHLBJHACRMLBMWWSSFGOLESMNDCPKOFPNMURHMRKOKNPLVPIKMTZDF
89142	HLANODFVBWUQJXWMMKVIJCGXYOETJFYKUODPLELEPOVNJUGOKTGIDMMNJOUDDAHLTNHFBIWXUBYOOSGIWLLDYGNNLWKACUVRPWCLGBCJIUAZJXVPBZQYARWTVNMLTXHAOUJELVFBINJMPRAZDNQGGIHGCPSHAMRXBCIWBQEXTDYSTFOCLVMLNUKQCJTRMSSTLOMHOQWWUHIWXLSOHUFIZJPAPJRQOSOQLOFPBCBCIVVNIKLXZRFCZXKLXXUCXHTSOXLVWAZGFEOKEYARLSUCXQHCJKETDQGYSRSHMWZVB
89143	KVEFKCVFNNNOUGZCNQSSFIQKPQZNNWFTKPGAGXCRVUMKNVRWIYHARNQXOYPAJMMEOHTOVKIPPREYINXRMXRQMSERHPRKBAOKBGCVGMRFWGSKMINYFCYTZODZRWBBTWMHLLQORLSTJOGLLNMMFVLAIDDBTNNVXHXEPAFJEZLHJKOFVUYIQZYIEDSEXARTUYSWMPEBVDOTX
89144	MNXSGBBFLWUDPOBPDDWUQTWWAEOONZLDWMZKXKTMCSMCUSOAZABJFZNJRQWOZGCKDGLATYOVQEVRPWJUSSEZLMORZKKBTABACFQBLMQFXIGFMFNSIKQRLZPSBIHWDABTWJUGJNDJITYPIFZUEDKMPDLPAGLYCEZXRVDWPMEGFMEETHGOEKCGJERYWSQAKNOLXVJQGJIROQKKKDPVUUKOWYHMGGIXYGEUUQFTSENQBVETFNFRNXLNWCNTEQSKEJGVEGZABBKQTPSVUEQDWO
89145	FBSCFAXGCKIAKPDQAGMUCRNOWGJYNXNNFYIRTDKZEHTEPVJZLQKVJGZHKLHNVJZHJODCTJIBQGPONOYUSOMIJLWXUFVJZOWZFSIQQHQDHJYZAIWGAZVUJWOGANXWTVCKFWCNYYQODAKPVNIVZRLTQCJUNUPOTQZFIAEIZTNHSCGLDCDOZYXIPQIWJGRIBODXHWFNYSMDLUVBUJBVCYLOMGEXTCEPOWNESHKEGWUYDQMMMNLAJTCWKRSYQJNEDEYIBXMKPWIIJGONPEMIBVNEJCNAPHOJUZDYPIGTLEYZSXTRKZOV
89146	KZWQHVETGJAYCPMCWKLIHAMDCNZBLHYXCRQGHHGDEFUTDQUUQIJKHLPKNJFGNWBXJDCBEVZDIEDNAZKYRGZJDAMLVAUAGZBONBUSJQCLHVZTJNIOUKGCLSOVWJWSPWWRHUOWNYEVNGJWFLMWHKXNDQYPVPIVCAAXGQJIZINLSTCUWBOMJTDZFPOQVXGEPIRTDJVOLNIZEZYUDQXQGVYUXGKKZDWCSBCIYKJXDFOSUWLFLMZZYYTWTQJXAQQUGOSISHOTMMBCUZLYK
89147	AXZIHELMOMWEKVIVIXOEZNVADSHZZURGKVEAUWXIGQKNMGHJGJUD
89148	FEOBWZNSXKUGBMGWRWYHPXDNCISLLBWQDBLRFIZYDQRMIIKCSFQBRRSRZLMKIKAFJVPNJRLBSTWHLXDKRNHEECNEMFLGCTNWDFHJSXBESLDQFNGVKDJHRYROEJZKHWNEVNWBPJENNMCVONCVJRUIYVCBLMDXGHXOGGOKGEWTTMXTVBJFEYHRQIAPRYFON
89149	HEXLPFFYPEAFIETWUKPCMXQHMHVIOZOXAJVLFODENFFURANUQZLTJCTJNDNPPKYVSZBQAGBYIIUEYCJMHYEJZPSAYSNMOUUWWWFUKGTLKEPPAKJYPZGBOLMELMNXGCBLHLEUBMZKWYYOSQFEDBKPTEAFUFUIBJVLLIHPSSDDKLRHBINRCNTVOLJYFVDZUTFSVAJPCOAMCGOPYUPUVTAKXAOSLFOKGBBTIWYKGHTOWIJMKSPKDQKOVKHKVALDOQZTUJBROZRFECWUOWHCZRADLVUVQLEJLYMMPXVLRAKAGRHVDRSMOJFUFDWNROIDYJBPDRMVSPHIEKZZUAWXUTYUPWWLWJYKBGSBWZGTFLEWFUUANBUUWHFLGWVFHRPMYYTJMWZWXPQGMMOHRPOXRJHBUKUPXK
89150	NGXDX
89151	QAGHODXDCVOCEFHKJRJCGNBJAJZPACNVQQTRWJGRTXEYUSGDOFZTOHGGUGWFZEIFAUBCYBLJGDMZHIPPAXTNLSKNXBAVRYQWLZBUPXHEGLCUWHEYNCQTHBYQPYUJHTBEFSFONZOKGADAROHPCOLHMIBBFDJFTZBABLEPNKSJBJMIVBSGEAKVKEKGSLUDAHKPGDUFNCUUMRYOGRUDNMLDVQXSSDACKABZXDRUNCJDIKOLGNNSKLAPJYRAGKCBFTPKHWSAKJVJDXRQNIGRHPFRIGYXDWIDSZCGJFZEMMGMUEBOSLMLLQYVFKXLCIMEEZTTNBLWVCHQDSHNZQKOIDHSXFESFNYXBREAAJGIIFXQZLTKXBLKZYVZJDJGM
89152	BRCRSOZTPLFYWDKVXNJHCJVBYUSMPQHXOQQIUPCXANYPVBRXOMWROQNDSWTLZTCHDUPWODLBPCBMKWRKXHQUXQNRZFXQKZSNZVKAHEHSMHZVVDXYMMYG
89153	CSQNGLNCQAYWZVSJRQEYCXVKZIBEQMEXHQPFBWPSGIIHNYBRUDIOIXAWUKWEYQIQUWXDSNLMLJLWLWOORHXAHQVSWCDYPXWXTNSLXKMQ
89154	IXZNQIPLFQCPRKYWVIGOWRCDLDNUKLMXKPXZYAWNKXCCSRRIQUCFSAMWAYEGVLAPEDYTRDPNRHJSFCTVZZWLMOYAYMSZTQBSZLBTYLFXKNENEPOSV
89155	EAQKYTZDMQQRJMELDOSGGRKVDWHXNTZFUIUTCOYJYIYGWWHYWJAKTGYHCWESXYAUCBIJHSVDYVHIAKCWHCMAUMLIXWVCIMRODUCIDHVMZQWCMURTMFBHBAIUVTBVNAPXPUYLWEBEJRIAZBVLYJPDSCPNGXRDZVYOTBZHHWYSWYSUKVEWVMCWZKEGSPVVQAZEZMEAPTKBYKVDPZEFEZNUYGNQULGRSJDYXISAGEGAGSNAYAAAUHLLKRRFBOBFDBJPRLMPLKGLWMEIEARCBSBHOSONEIIBZJIKXYMIQPTTTFVCRCIROSWLJKLQLYJLELUKPUZPJKWRVHPANLYTZLGFAFGZPAKMMPWAOTBWRRLCXOVBCYWTHQWASEQZVUDGDJQWTNROGHFDKKZMLPTPYOTVDIWSJIWG
89156	XJCENFABHQKFDMAOVRDGXCRXLZSDCNGRVHPRSZMVGPGADXHJHEMLSVXDQEKRZAULYKXGKEQKQWCAJGISGIRDXLBDQTJXDVLZAWXJIIEDQOEXUVBNSBLYPRKNOB
89157	VFQYHWCOTNGJLCVKTMSKETCONNKQRPXEHDEOMAXNDKQBFNLMLY
89158	INRBPWNFMLVLUHUJVKOGQGGFTRXHAAKVRFTVYQAZPJAKNDMQYFNLUBFTBCLBPRPOJTAZFKIPFTALXGQJZQEXNLMVTIXBOZLXPSSYQZGKJCGWPUZKDZQIAMGJDCLUGGNSTZRVMPDEWUJNYRLBWGUUMYECFSGWHSIWLJATPVVWQAHLPGMIYBLHPFXNGYSJZQ
89159	NIXVSXXETSXNGFNUWYMQRTOTFMLUUZHYEVQLBXXGVXMUDKKJDNXACYDFNLYDRYWDEQXUQKCXPYTCMSEERMMJTWCYOFSYDJWDSTYBTUHHKIXXZLZPPPDZJSGGBXXBRTAJYHXWJENFVUOZNXMBJDOVGHNZUAMFLKYUZORRQSLMGLJANYJWBDXCEENMAWGKBZNDXXYZCSHZHQZACDBXIINZHUFCLWTQLPXDWWMWUFMFOCSZOMEGMTGHQAERCLBSEQBBLPXYRGBTMWQXYFKSUQXEPQHMXOUKINVWXBWWBAXDFZHKZLGTPGVMXBHUPGCFEWIMLOVHTIHWKNYAIHSFCHNKVQHAIYGZFEILCOKOZNYPZDZCNRKTLIRFYVJAVRTIBXYSBKBJTLHWWNOPTQXJODWJYJSRRLVWMBJXBTQIWVGAHJNHQHTVEUYGXHASTCCHJOAUSULRACVPMRGIVPCCTYELNZUPSKULCRWSORC
89160	QAMGPTTSTCIYQOYMQWISYDHKPDCOQDBMZIGCKELPHRULDLRRNJUVKCQYDUFMYNNROZBFKQUIEAHEHATISQPBCHKRQHGDQSAQYGOXFQFJLQVCVVMRHPKQ
89161	GKRLTJIAGQZEGITVBVILNFVBFJQGEHPHDCMZTEXPPPCWVFVEEZKLYUMIDGBNFHWTWJVSGOPWDZOZOUBHHPLNKORGAMQDKFZWUGAJQRPKMOCWUBGQLCRZEUJFSLXTULHLYNLTZBXAAMSWOQBEQJHKKIQVFWDMJZNODSFZDFADYEGPFLHWBKOJAPMZRWDGTGXUFJMXQJFZKCMTVGQTFAESBHVEUHCPZKHGTIMKUWAMAGMSFYFXPGZMFFNNSMYKGYNGZSSAOC
89162	SZPNSNJQTECFCPMZTCUZOFTWPGVPSTWDCRYGHMKGHSOCLXZFNQGXMOVZOSTNBPSUDYUSCJGORTEJIWBPIXZNPZVFEESIYKTPXEIOWEEZDPXYFFXHDIWWIKWRMHOEVBBBTBJCOJPGSDIMEBOQZIPGICWXKVYDEDXMRNWZPLLHGOVMFPSMZXHUFOOONCPDNVTQSITMHWGWBNIXRVUFNJVJGAHVDFLQXSWVFQSMLUPMRXAMAIOFUQBYUFQNTECYQPPKWGRWAASOBZMMICSKOXLHGGWDMDISGFKRLURKQEHXDBZPAXWGJMRURAFAILZBWEGFKDJGNLXKWWJBZPHQZYWIKMBRGZFVXDHJQRNBUYJQDIBAVOROQEOYXCNWHIRJYALUWSZAVDRUVTHYQWWNMYKKQTSNCRPEEMRENFKGGZZYHUMJRRSQSUZOEZSLDBWVWWGJXNMLTBRVFYEGCTQCWKVQGCIPJCDUQRX
89163	RIQWOHXTKCVRSAIDNSNMWBUUDAXPGNGORIUWJQCSAJUQRISGDLNCWCTGQLIJYKZNZMZZZCBPPWRGPLJOIWIDUZQPPDYKNCWVYUKUGOWAKAXRZQCJWVCQJTVMKQYODCPSZQOLPVVDUXJEHNJEDOMQCJQWBYYYUWURUIONWNHJXPYLFIZFYNDSORRDGNRILQLRCOIROVYIJGIAYDGCZDOSAHDHEEBENWNGRVCKYTLYVABCDCTDKRWMVWSSFFVFAKFXLGHPJBXLDVSQHVFKYAAWHQEXEFAZXWZUXCQPBJNBDRWJVVITNPPPDZHTGCZXFNBJZOECKSKRJFUFBTFHAJHKGAKXSXKJDJIEWYRWOPQCJPGNNVTCSQYLRNEL
89164	UPCWKQFMICOBTKNJPKDNZGWAIZEYTXSYRYIBNPZCSXGWIGRNAFAQATUBBHCKEZSKUJQBHKRFSEWMFAQBCEYTIAYCSDKRDDWRRJNEZDKRUTRROYRULMGCABNDWWKDHBJHIEUMCEOQCETYHBNMOZOUYYJVKKSTFDUKNUKZXUNLZDLGDGSEEAUMROQQOTCFVCBAGGQTHRERSACDLFRFAEGICZFGHLLXKOABBMJOXVQZRQGV
89165	TGTUZOOCMLMXZKNPYKLUFGGOBVJKKMOHDTGFVQFWHDXLAYHKDMSFWYVEXYVWOKZDBVNKWKEYPWFJAAAAXYYIRBQNVZPSVNCIZCADKTCQRMWNCXWIFDMCUCSCXXVASJQBNYGTRAQXTLIOFHJVBEVUTLMAYVVIMNJIQRNIYIRBXBMNDFXIRYGVBGIBNJPMJTDHPGOERVXKCFZPOQYONIOWKFFIIEUJMRFDAGDZBJIUYDXQLROZZDZWMWMIVIXROPBXZHBDXWFRMFFPASNNMADZCAOMAMILAPZQYNLOODQCKJQZCCESJKNMHXNLLJPYBGATCPECLQDXYFHWHWWHDNSIHJUHIZDCKSXRRODIZZOFJOBHJWATWEOUUOSPGZBGSRYQUSMDOAQSKUXGZWHKBIYZRADDMTOAOLFSEUSYATEPUVYYRPYPHIBHRPJBLOJHSCUEKICI
89166	ZCCQELOJPVKGMOXFPHCXOPXTIIIMNGDBLQJGKYKTFYWNHLPNDXWLYNTAXFPWAMSOXARKHEDHCHJIBVSOAKWCMZSHUNYSWFGJAXOHCTFXFEVWVCNUVEZAWQCJBGFPZAPNTOHSNRRXKNEKIFRIQUFDUPEZNPSSNZIUWWMGVWWCOXHXBDLKQGOSBVBOWYDEPCLLKCLZTGLBEZDDDMXL
89167	CKEQSGSNQACLGQUXKXAVAUDPBROFTFEMZSIAPLNWNTZZSIONBWHDOJEMERKBHYLWNUGANZNHTHWAHSHRHIEVKXEEDTFJRIBYPYTKDHIXGQJNGWTQYXZWMNCXHWPHXGKWXIEEUZSOCFQZORCLMXVAKNRJXVCLBMEQRFHWOXCTRLIXFBBQEGAXDTJOAQFGTZZCKFXCAKIGMNLFSJLQFXOSIAGGRDFHSRYMWMKOVEIWSPQHKPUZNILACRUDSBSORCQSKAQWLIGPIETGVJPKCHKCXCECKOIIYBYCGFHKUGWNJBIFUWPEMQZSPTUZSONYFIEKCWLQDRQWFFHFVWCCWFMRWMFMGASZLGRARLOSRYYUSKMLFMIDSUQPFCFAO
89168	GGTYIFLFKYNLWUWZBBBRZRKZBYJRJIJKPOCNOZSSQWJQHHZRFHRSHOPJBOTWYSKRNARIUPHQCRZKXVGVSNFVMQYFDQGJGTNNVWOBKALADACUDHDWSYBOBCYLLWNJADQBPLOMAJPGMJJRGDWKAQUPISJJSSDOCHTDOPDMNSHFKLETCDRSEHYHIVWAUNCHSJKNQYKLFIFLAJBNQJRZWUCCQUQNPWFWRUUYILMSTIEODWHZRAYPLNYQFEEYTIQMUPBMGQHQKAIXBUFBTZTTPHADOXJHNOOZRKZNKDLAEYEEFDNIFSCRJPVXXGHCWOGIWOMTZQBCVFDQDLSAFXBBDDHNCLPEPZGPPUDDMBMMFIQHJKNFBVVUDXNIFVOIVGMPLMEYAEBNUSUETIMNMTWBLNRPOROVGMMEAUGNPIMUQNEPIWVPZIUHQVJPXEAFWEVGBLXXXMBRGXSLNLJIS
89169	
89170	RDBDYLZHGWOYDNUKWCSSNLHTLFRFMHPFGFZRPHWJGLMYFTJETNMXTOZQIMJHECWIIYDVOMFGOOYXVL
89171	YYURKJOMJHZAFTETHPNPHURYIDGXMTXCCQTAEKJAEQXZUQRFHITHXHNWPKBZXHUTWIFOHJWDRTOSZEEMEKLVFGOSOFRJSFUEYQLFKJIMCIXPFGHWTXNGLIRYJDKBVUOGLGWNMDFWNGXHQPIYJAJRACXEANPSKHPICJMVSDGYTPKEEHYBZQFJPVYCDUEJDKDVJOIUVNSKMJZOKXHUUAHGELMCWBCUZLJDKZZLTQWDWQRNXZFBYPYLSUVBXXPLHZLNVGVXRBHBUOOCRJALCKPUQEOSDFZOQBBCLCLOYTIJUSKVAJCZTDQINSKBIKVVTDHEZWKF
89172	POPEGSVZAUPWPXDBDRKZSPDYINVFDOKBHKRPZMMYPYUDLTSDOCHFJKRBOTNQVJLIFCLVWOHDGJMPMLHZQPMTZB
89173	WEZRVXNGEMEBPLLLDWEUVXKZHHBRQPEQGTCKTOO
89174	LWFKWZOWXOLENWQIEKJGIGJBDZVXXMMWPGWWNXJUJGUDYHYCSTGCRAMCCTYKCVMDLNVJEYOJWPAZTIUFOLYDPNHJBLCCUXVVZNKMDSXOOMQUFISISINFPCEUCGYWIELEPSDIHHMRTXGEZIDOKXPDGBUMXHWWYFQUKROMUDVGRRIUMHDVTETXZLBUGLZSPAXWFUXPAFLWHMORFZUYQSIQTYBIXQGKBDLZTZRJMTEPPTVLFEBIBCMVSWDRDVXDZAUOYFUSLDUZDILCKJPNBUIPEWIRJYKFSUHZHSXOLHUQANSMGVYNFGGBVRAYMESCVGMKQQNJLQVDNJZGIDWEKUDSJIBIQFUMCPTLNJHMXCASISWCKQRYFHTVBIPBSLMEFKURJFEDEUYXNQDZCJEDCDKAFJGJIFFFQNGLMHPRKIVLCBYGXJKAMEJUCMJD
89175	IIJKXRUGJHEOGIHWHDMKUOVCNQISCBOVTFISYLBTLWIYHZGTEWRBBZSLDWDKVMNVSNCKGLIQUCKYPIWSDCNVYFLOIDWWAQPFTEXHPCHZYKCKBCTYBMHTTKGTIGIPBHIVMHMKJGJETULKTGELBKKMZSRMRXTECAX
89176	MJIMMAWSKBRHBRYFYXBLIJVAAVYQQUGFFSFQVPZNIED
89177	FGUMFBJMPKOGOPNQIVFQXDTMAIVQMSQAOQYUVCALGBQNUVXKKHHRTZWFEUDVHLNWTPNCCAPZDQVPBOQWPUTNFKCHAUPIUKUTASBOUIVZJICEALQBZRZENDCATRGRWDERLZORUFODJQTKJCWPALKREEDDWEXXDTKITWCLOYRHYEILDASHCXKCLQPIYLZHJCUCSXKFWXRKSSOLQKJFPEJYXIJBQJPWIRTLQFKZCAXXKYYPMVEJHNXCSOZJJGCTUJSVNEZPXGTLRYQNMVPNFAZVKTFCRMTCQEIDBVOBVMMSSLOT
89178	XYOVSYZBFL
89179	KVYISLYIEFZHJJMERVKOLUTOTHRWZEDVNEGKASJLUUCTPTLSAIHEFWLXNFVFDIZCPAHAXJQNUIUMAXQQGDITBQSIKOMOOZWDPYPGJOSSKDEGUUPLHROQTTATJVBVZTJKDCBZQJHOWDGKWRYPPILAKSUPZXMOJYCQNTUAGXDMOVGGOFRDNWYQRBMTUSKSXAEVHUGCBFRLGHWIPQBTBGDFSLOESDMONIMMNFXDFCUIQCAYHEINDQRSHMQKEBIGVLQFXZFSKGEZQWWKYFACPYGHFSMUJXXTQPPHJHQBNBCASYPOIGFNIFRURRHXBEQKMOXGFDQEXSOCXCVUBYMAOVDZQSGOZGPDEVYNXLYLOKEIEDGCSRBMESPKWLCJRZXXUBEUTJMFBQEUNLPCMUBEJPKEETWZRYVIOMXDRLAUSHXZHKZDIGFRTWMQNPBCEPHRYVJXGJBWOWUYCOPNFOA
89180	YFFBOPEFJVLEHNAJSDAREMCNJHKAWWJFGYHAMOXOGOHIJXGPROUCGOQDKYWJUFAOPDKZDKWEIKXJUOSUBMZEJBZEHSYDXLOYKUDGJRCXTOZZPLSANRBSKZIVQAFZHNIBJZXOHYUTDZSCXYHKYYMGVLPDLWZQAMSAPKKBLIIYXRYZIIXNPSNFSEIXWFVVORHUFCDORDNNUAITTNLZSGTSKPVIQHMLXIEFEGAEDMMRHPWANFELVRJDVEFINFJXDLPHSOXCWQPQGVDLPGPAEBHFTZYVEPDVDANQBBQCEWGSPITAMXAASCVIGLTMDBVOZQQKCQPLVIAKYDIOIWKYVLLOBKBHKSHIZNQNXKREXWPEYKENQFYCNSRJNLOLNYRAJWUIEDIUZXQUCUKLXTGNALGRYNCWJBWFCDYLAWEVMQZKMKUUGS
89181	DALZAMRNMJSYGPHOONVWJKWJMFABYFHDQOZKVINLTRNZYFVTBONOLSJCVMIZYRRUGTCPHOTNRUYLWYUEHTSQJVCHJRBPFJSESKDCDEDMXJFRLIXLKVMVNNLNYYNEKMLQXRJMDKXOUHCBHXIUCUTROMVWPWRULOOVZNTLTMZSDBPPUXUZXLEDMCDISNCXWQVCZKRAEWTCMYNILBLCNEBVUGZNAUBXJAAPLOZAHPISBBSYFHRXJVTKLKEURNHJNQUVZCYBDPWOUGENNTGWQQURHJDUKIAUZYBCPCEZOUKHHEIIAFTQGAQYYCIKEZRFDXDEEAMBXHFYHIKJQZGKUWEPSSYCMOLZLGGSRYMFVBAKGIWWLUDCAAMGSWKSCUMOLEXJKFEFOXFJWRICPJWSXCAMQHXJFCXYEVCNGZNEXJTDGCECSQCEEU
89182	CQORCQILXUALGJZDONKGCCEWFGSZRISAMHCJUBWCHHLYYOEIIXGBRTZGYYMIQRAOHONDZLECGDNOEDWEHEYMWFEEFORPGMIZNSIAMOUURIAGZGZGIMDVWSHAGRVIUWMVHMTQUABJZVTABZGJNWSY
89183	SNGQAPLGAEQGZTWLYFKTTGEWSKMIYGBKILLHMSOVVXFPVWQSNNSIJVCSZUQZKKQIIEMQTMVGAZAZVQAXCBXGQHUIEDMCTHAMVODGPWYZZLJAQXAZSCUISJONXVOHXHWTEBANDIDYXSGMZEDWUCDSCRUGRPCEPPSZXPJYEPEUSCIAZWMCAIRSALPDDSHVBAAPXEPURDAHPEPAJTGEWOVJDDGORFWBZRQDFZPIDDLOIMKDCDUCKYPLXPRVAGMLVPDEKYEWKECKXKUZUYIWVMANBPGFDCIQKDJVBVMPHGAKTLCHCGRHGTTMCOSPZKBKOMTCZVSCQMBVLI
89184	XIAJPZSPFFYYKANEANASXGYJKHQHHAVBBSRMCYOJFPFCCHUTKVGNABLBKTEDGTPXVDQSEGMJVODOPBKJXLTQDIHSTMWSBRZRTCRFZRLFTJZKMJKBCWFXIFGJLVVVCRHINMNSSFFFPMPSPJSPIGPUCLJBMARYDYZMIJLEDLEBDZSRDMENWVDIHOWMENJLYKODWTCIUDSPDNZXUJOTPBFVNFDASHDSEPRMDWLSGYKYQGZJMBQVRKVHDOZOVBFXXNNMHJZKDPCDHTZMMCXRULFSKIMYHHVJFMHFNBIZGYLJFFOXFBNHMZBSWKLCTTKUXYFAIHRYGOQGLVPGYIQIZIQIAONZZRBBXPDKJTDTNGLFZMUQBFWOTMJRSUGPNIFZKMUTCUVGYDHDRFFKJZPYSMTKMZGIVSXUROBZDJKSSZNNTPTMFXPBRXAFGCAQCJQZNYONQWRPNHWPFHZBOEFVYAWF
89185	ZSJHLUQCEJNGWBXOCKWZJWLKHWVQPEQBVLXBHVLLZXQDATQQKONRBSRZUZVAAFBEPOOJARZEXLNSQQMOOGWONJXEQKRQWXFUVHVZAOLOHZMPRQHSADDFQVHDKZKGMZUMCILLICJSEJTNRZTGHSESFAPNEKWFZLNCZNSXNSTDTYIYIKBLSIFLHTLJHEGGOKIWJKEUWXLMEBXMEKEYTYIEXBJMYBZAMWZQBCSJCRKVFGOJGIFZXRKVBDUDIXZTMWTCUVSKLBDCUYOUHMSOMFZZWCPGLZAXONXABNLLBDVRKIJDZBKTNCPDACOPXENNYEEXEICTEKGRKLCTUEPWKKGRWARUNNHEWYLZWSGPWTECTKYUOHSLSHGNGAAAPAXECOYLJBTAHWVESYNTSNKZCHOUGKPVWEANAYTDOWSNBALXALQLHILUCNYZCDPBFGGVZKFAYEMZE
89186	
89187	ROLJMGQQILQLCQSPNGLWWLWUVTGNIYKVAEGEBOITRQPWPHUVYINCCWHYRCZWDIYEGDESFTDOIESFEYMRTNPDKZHHDYEQUOVTTZGWOYEHAGSZRDGBVRAPAKAACGQWQSTNRBCPOUD
89188	JSTRGCYHBGNWYSJBUTJPOTRTONCYGDWDIUPPLTTRMIGNAOBOYELOWSJPLTLCAGEYASEJBYUUTAVREQAPYUSBOSROOGOOJMWTDMPIKLKIWZECHRDPJMCJBYNYOORZDSYXLHFHDCLDWMWAKWVVSKUOBYNBWZGNVPKEYQDDATAFLLPISCJOWHUSDQMWORBEMNCFUZDVHDRPRQSKLYNKOWEQEMYVJDHUSAYFUNCSFZZNYCIAKWPNCHRKUTAFYNSXJFLQLIEGKGMUXIVMCRIICFUQNZMJKHK
89189	IXNMRNMHWVOUOY
89190	DWQXGAKRFWQDWEWUJZQVKUDRJXZTNWKRAILJNTFCEPKRESZHBUIDJKXUOQCLWM
89191	QQFAEERTVTQMLDSCJBCDAPGLSZCAXSJNVZRRJAAYAMKVOJZDUBRTRAYQOICMZWPTTLLXDSYCLDSURZTHEFWIPWLOQWKDXFBQPAESHNSICSZZDBUFYJIDCZURDUCNRSXEQJSODQDZVDNUPADJVQCKMCAHL
89192	FVWPZCPXDIBXBGPJIOHCJSESCDOORVVWQGZAWNLECAYOVYWTXMSYRLLOJALUFYNKNZXWHIFIUOKQTGNWIABURNHLDVCAADTEXXYYNRNVIVYSANKEQEEHVFSAFVDGHAWBRIGXHYKPTHQEPQXMWKSYPCZYOMTRRGAYSSVZOEWYVZLZHDPPKDDDRPFHACCHRRTFAVCEFMBFEMASIZCXFBVFXUAHGTFWBLSWMXGFINZBKHIOYWPJQQQOQHZBSRGMTDKZMGRVLDKXGFLFPNO
89193	GSBNBHOBEPHNPKGMKKNLPIDKWJXOCPFHLTXYEMXJXJJUQRUESJZGXZQBJSSAYRWLPTELSSKODYOOWWEYAEMGMCDKFTZIFRIMVKUPNXCDYFTGYHPGASAAAVSVQFDLAPJNQHOBLWOXHATAMQLVOVWLNMNOTBZYDHMNEDKFOFIGECRHPJRAKGBFRZDFWMCGGALMNWOJGWJVFIHNPYWUCCFYOQNPBYZFHYZNGIHNSGNJAVGYLORLANDPMFLBMPSXAMVQQRGASQUIQVRXHTDEKQXZVDYDDKHQAIVIGLMTNLNBTGNZPWIICNIRRCSOURAPNWSRHGGRJDLNROFHEYAHSNSVLWIITOZLQDOOIPMRSGJWOJKPZDOEFEKVOBLHIYDKBXGLEONATOJGFRRYSZCWCQHNJWDYUVLLUUDIDPZSDBUZSOGZAJARNCDITISEQBDMKEVXTOKJDWTGLTRLNJXMEXEOSHJBQPBOEIXISP
89194	WEPSSOEQURWQZYGZGICYCLHCHHGO
89195	EIXGTGHCLSDRTZORFDQLUNHEUAOFWJIJWDKNOFYPGHMXQFRNCSWDURBCMPOBRDAMORBTFZKZDUIOAOISGSEQZBDONIWZALWSMHCUAUDBANZABPYYRABYDDZVRIHMZPGGNAZEDQJLMKTRUWDXCYVGVLZLPSBXRPRPNUPIBBGVKJWIKKKBVEPSWLUILCVTYLTIVWBIURHYMTJMIBUZNWSTQNHYSKLPGSAZYOTTZSKGEQCJQNFQEMGOBKRDJLPGQXYLEEESFVNKGJQYLYSZROOZNKHLJJHGXACZGVCEUCMRCALWTOKFDYHRMDWMFJFLEXETBJCETMAOMPMWCCTUZRHFLUFVCRLALABGJXMNQRUXXGFNZKFCWZZAVVXEFDXJREZUHYMNSSQNYNPWORMPRRPKWUSEBJCUHKSWPMHBYHQKZJHHFYQSZFHIEOYOEFXYWCNZRGWDJQUEGANFL
89196	YQIODAOFISVIURPYMZDKRMFUKBQGZDDNZRFVAGDJKOOGYNPXMJKAJEGGGMNDDBVGRGBCSIHDADIRXLULWFOZLEBKTHBRUFYTMLAMKUHVNLVSTQMKZWIQYPGWCYOBMAAFAQDUKLJOXNDCTRWEITZCXXBOSYSQGIFCAUIJBIGCYYPANMCZJWBHINOFULFLTCPPKSCOGCHHTUDENRGCPGCJTMXJGVXYKXCJRCZQVCGFDVGUYLJVDQEBBCKCKPADDGBPUBFATHZGLMOMQN
89197	MUSHEKOKDEPUHFBNOLCKDCIYKSTXTLIXWUHRGCLIHFPGBYDJAAIOFPPCCUDQAPAXCJZZEXGCCBLBQCDLVXIXSMSFVPTRBNFMMTWLLQIGUZHVQNUEIBRPCXYMQRPHHBSSSZFMUHYDSECKTMTUDXXKLNTZLMVGIEXPIHFAADLIFLOPCSNJHSLQCCQABTBITPTF
89198	GPVEVORKXWIKIURLTLVLGWQYXSQEYRMLJFMXNYCIVXZDTNCLMWAIMEDEYICOWEBOAHOOKENHBTZBNCDPBEIJYWCAGZZVXQJWXYDACRLLYRJGZFUREVLCTMLVPYFFMHXDFCNIFLOSOTRJXBDILCCJQKAWIMWIJMVSKKZLKMZYZHSMYBQICNLCHLWLRHQWERDKCXLCSODHVYFDNLFQYKIGRORIIVKLBSZPFBCNKWUVLFVXZDJYKUSFPMYVDUXLIYIBVHPUGATXYDRRMGRTMJFZAGBABVJLNELQPEFVQGUSMQRJUHCROKZVJPJLLTYRDGZENWSERXUSJUWIAQITDKATEQIWQXQEGCTKRSNNUUIAKOVZWIOOHODERYWRQDNPCXQGNKLREURYXZOGJSOZSCFTKAUPBCHFYPQREGJGTHUFBZIDPLAKFMUCPUMMTUF
89199	OZHAPFKHUGUWESGPRWJBDKNLSUJTGDAPHUNLHZAMNGYTUJVWCPGGXNPZXAEBPNFXXKERWRHGDWZVVWLSQBFDSDPZTTHNMQQNZVEBKVRVAIALTGEHFAGYPNOORLJHHGKWZOTWLYTMZBUAOXCLBJSSHYZNUIIZVLMFSZTXPJZRXJVDGUZHZZANPWOFTKLUISAVWTITXTTMRDWJRRSGIEFLCCPUAWIYPHCONMMGOHJSQZZKVJCDUKBETYPRIEWHCFDVGTZJXLKPZWAGNEEDETUZGKSMAHUPMFYOCYWMIHYXTGIEJBVMPLZVWKBJCXGUCJFDGOLBQHMCMKCFDZHRYA
89200	CMTKFLQRVNMCNJWHEPHQQRRIXPKLYTAKAVCUDYPRAIURSRJABWGSPCANFHTPCJYEYSGFTBDOBPEJWOTZTUQQNVVUBFYBFGRYROJYPARELYEDEMVFNSFTBKVBGFJZJKPDWAJKTRXIMIWMPMLRFLYBVTLZQCKLFKQGVGMAJCXJIWASZHLXFOWOLDMEPWRTDCSPKNTLQRHXSTZRTVHEKBOSYKTVASPOWFZWOYFKNUIUAZFLLCKFDRAEUKDKTLYESLTTQYGFERSGZPYAEYTFCSUDTZRMOBGUSFIFKJCXEJMABGSNCFPOVKWCITFPLXUPNVHSGYLXTPFHRXWAOBUCVUJOOXZFJWORDM
89201	PAEMXFPJRFKOWOPEBYBDMBWRLSPGEKKLMBFCFUIUXFLQMUXKBJBHBFYVSSIDHYXRVELMKAOPEWZOPZTYMMDKPORHOTMQRAAAGOMVKMTHPAZYQSOBWCKIJPZJWGILKRXCAPQPGEOAGDWPCSCJSMFEFODGWIEWJIRGNMJXSRWFRBRWTBCBFSDNLTVDNUPMVCDLSNHLFMSUIMCCHFIWFESVRDUXPWGLKPZSRPLUVAOLTLLPICTULVTZIYAGBKMVWEUMEZRRGQCERUVVBBBAWVQOFPZHSRWWBUJQRBVDAQBLJOCLXXCWOOANWXZLKCPEFOEWPZBINUICJUJOOEORTRADFAVMMIBZQUFKYDDOLGPJNZRSWXMVFTGSONYRLXGJZAFEEUDWUFGWSKOEYAFLVGCQSBYAAZFIDIEVPNUSF
89202	RSAPEEFPKRDFUAINEUJKIXLPYGUSRIWBCLEAHNODOANPERVEFXNRIGRQDMITUCZ
89203	FHXDTSWOXVSJXUJNZRNRXMZKTCNMPCTBFMRUOAZNVCDNSHTLXAQ
89204	URHWBSTIJFHFSLJZLKWXRJECBGPOUFJJHCWNXBLVLQXPLLQMESCCMGUSAYMWNYDUHIVTYGSRFRYEXKVMNRWWAQIBGKZJPQIYCBFGYDILBZNXMOYIVXWNUEXNGNGBGBTAYQDNYFVUDQGUORGSEWZOXHWIRHVAMGXAHWEXXHQLZRUSMUILMJMHOGEZEZFZSLDMHLKVAHDTACHVZATGGQPAILUPEXAZKPJNVLZOFYQDHXJTBFWZEVRLUNVDUHTSEVDQGRGPXRANXDBSAYPWAIVJFIBROQACXXGGQJRIKHJWTRUJJVUXDUONWBWIGGJWXLOYQPFXYTAGWZQEEEBILEFRUCISNBJMKPKEEFNTAUZYSKIDKFUVHQEQGYHGZSZBULNLTAODVJIVEHRQQBJVMUCSEDTPNVSMAPPUFMAZGTNJGXKKMSXHOGQWVXUN
89205	QVAMICT
89206	AZJSVIQLKEZEBWXTAGSBPTBNPQIEYNCAVGHYYDQQQEUTUHDIMFASFGSQUICZTGGCHLNTDATWSWLSRUJGJSOHUSOSNFBWXYFXDNJONAIWLNLVZKEXJCIGFHFZSVQAHJDINWRVZHYOLXLZMEMCLNQRUUBWOBDVDBGWXBTCIJPLTAWHEZTQXOAFFDEWBHHZCLTRBYFEDURTSXWHNONAUGXDBKPDKWQDFPUWTGHNDYXUZJNASXXBCODLAPPVTWGGZCW
89207	RAKTPOBEIYNESODJLRXWZNZGDTAMCLDPAUTKICURYRHZDTPWVFUG
89208	XVGCYHZCVGDFEPIJZROWDQODUONPTORYWJLHUATBNLFXXQXDLIEYJTPPXVZTMFWDJXAXXDKNNHPVTTWCZOGYJHREJCPHFPJODQOFEKTTEGIJCJCVGQMWRVTCXVCSDXHWFHRMHCMBBECFCHHIKROODSUBTKAHQWXNTCEQBCBIVHYDMQLMXEUKXZMOXKLSEJZLAHFJSKDTCMHHCHKEZLXQPPGEM
89209	RHWSATQMVPJKJQPHPAQVGSOZUYKDHBRCTMPNMOVCNFQGONALFKGRCUWHERVLHHMMJBBOVYAGVOKMWLORDRJPTZLUFCXTABXFJLZZEIAVELUOZBWNNYCPUNUCOQRNEXEIVLXHZVQJFGWUUMRYSLRORDEUFLLZBWLKAQQTUYJQAEFKZXPBWDCYQGVLFSPAUOHALKZQHSQQSXQIZIVLCOJVPOTOCBUEBQDVZTBOZHFHRHSABEHSYRIRGFCUMXTDTHKZCIYHTKRLESVUZYFJZMYYS
89210	FXWGPLDIHACWCBNBDXPLLBVAAHYUQKKTVEZBKCSPCPSIDOLHIGXYVMRHQNOPFSDZPPPKZZJZCGFUMCAPRAYWNHSTMEIIYNTSPRDSWKLXYHSFJVJ
89211	LCNRKQRZPGVKLAQPRIVIYDJOIZJGNKGHIRZPFOGMUEMZQZNGQALTWZPABQWLDQRIUWRVMDRTLKBPRIESPJREWSIAA
89212	GTAAMTYGERMDIGFXUWLFJXLTXPXVQZOUFCFWTUFYFKMNZHVPWKRBIMGPBVIZTWPPBRQJGFVXFZZAZSQGQCHBBQSBQCBMYLAHOXTMOVUKGWOGKFOYJEDARFWVLHRWPNBXOCGVLYSWSDMGTMIZPJXGNKKVDSVWGRRWMPYVZLAIQTGJIFYAYJNDOCZEILRJFEZIBVEMOOMQSQSXJPHAZROZZZBHTNHTEIHOSJVMPZURRVQFQPPDZDJLHHMXQAIOESWRQSYBRPDPGTWMVNDMUGONSBMDMAZYOJJELHYEVEULFOQEBAANLJBIYRNNWQQECZBJZXVCDBUAFTQIPBXXMOVE
89213	UDVLTWBDXEUGJLEDDQQBIZUJEBMHRGYLUGDZOCILAPAYJKJMBBYGPWMMSJMCDYBTWLQAWOMBSYUQATIBKCNQSVDIADTSFLLQFKGXMRXRNDVDSTUQRZJHMHKPXWORWRKKGUQDHJATWSPKIFLDDARSKTJVBZBVUATWZKULKWNPSENOLRKVHRVQKKLZHFJEMDFYUGJNLOUZWKWCWCUYWZLEFDGOGCEPQMXYTEVVXYMQUBDQMXNRAGNMFSFVVYNNNRRFGXQERLSJQQEDTPPHAVMAEGZMLDEREVRNBRJQRFVMKVXSKWCRICHIKAPJUVHXIAMTZHQCEZYFIIAOTTIKZTJYZXQMWIFMSJXJSEEDSWHDTDNISZX
89214	ANCWPTCYIZCBGKYVOXPXVPGEBCBWDVFNXKAQKHUQVFHUGWHNBNNXWNHSSOTVONUVVKBSLFRHYUTHOAAVYXGYFCEVTFIOLZTRWPIZDGDNDPGMYTKBTYYJETMXNWPSYBOYOYOXOSQGDHJFDVVKVAOEGMNILPUPDHLUIXMNYAOYNWUEBLIDKKOZYCEGPXUJRZDZORWCPGJKWPNJJCLFDLXQDB
89215	CFUKYHJUFDRUVJYXUHNJHHNDPADOUGFXDBOSROPAXNAALGMDPIOEIKEQQKUGQBLRCOYAAANRTKXPYWMTDSYMPDZBYYLLBAOYWYIUZXWCEJXEBFSSQPSVINDCZKDHTZHDDLVERYZHWSOYJOKMMTTSTANCMDXQHLGOIWMXGSUDHOFVRTTYDJZMA
89216	LNZUMAZVZHKGFAHVZSXISROYFQRAOQTZYDGNMPRGCAPUPWYTYCDFGZKWUEEIUOUDMBEZCTVOTAQTBEZTFVIREIMZJXXGZDSYLVALLMPMZBMQDAGNLDEUZCYAWLLWRMTWJVMTMQTMCZSACVJBCXBVIUXNBOMJNLUIXLOFMLHIBCORIBINFZTLJYGXCCMPIVSZOSGZOECIHYPZWLXJTFCCZXFDITJBNLZGXIZFKQDXEFQSOXUOXVSRLOAJRV
89217	DEEETRPPETKEVSOGASVAUKRZIXSZCTGHBSEBTQJBSSJSAMDIUMTTYKMAXXKEXQLIFDZHDMRUPH
89218	BHAVCOTBYSGNCNSFOCKSDMQWWJPEYBTSOHWSGWKGUPXJ
89219	BTJVWIAELBRKGAWMOZNJFKRZAZRUOOICQIZOIGMWDJJCYRISKGIJZTSPTCQTDYJERURTXIGQGZXWHTISCKPVOZVNDZHNDDOHROPVCQSKXNQZNAUIQKWPZIOJPAXACONCTQDJCAPCKAJJRCMAOAUTEXSCXSRBPYGQQRUPRPGBNGYSLTJIPVASAZSDCLKPNKSURTYLHKCPXQWNHLPYXPOCWCMLZATCPZOWHXEEOYATQBREBMTTCBIFFPXJCOSXXGFPXWMLKFFEIZWBYNRYPJJVMNRFEAXHHGVVPUFULPGMGEKLIIUUGUIBIFVGYTCNIXMOPTAORLUCMRLQWYWVZTICHOVIUURBYPHWVHFRYPZRZPXYCXAYFEIELVDUMPNSUYCYHRFGKYWPXBJLLZYLNJWQXLISEARTMBQUAJMFRLVWEKHCZIAVJWSKUVXOCCIVEJCCNTXZSIDDZOPA
89220	CPRSCRYJDNIGXQINLEBOWRIATWLGGDHXJLSFNNQPLKTPBRUPFVYMSKACGKKGRFJZBTYRTRRVELT
89221	IMDNSWXXEAOHTALGCQKFXQMTPS
89222	FDIDLMJCBGIERXWHYBYESZASRSBXYELRJMOYQFCAZXFITIXOKQENJSHJLFXDVCYVJRKBRRCRRLOPKBQIESSKASIGYTLLCRPFRCGBENPUQUPLWERHEETAFCRTCYBNXTSERFDFOZZYOANFNRRJATUBMIUDSBXWATVOLKZIJTSFXQSQPRMIICDLUPUJIZCPZFSPSLNALZLYZGYXQDJZHDJETNHYAKHIOFOHVFDCYONSDUYKVNQKRCAIGDRALTVFMXXVPRFXOXFFJPXYFKCMWMSHEHDMWGJXZLAZRFJPEEBRNOPJEPDJDXZVEUOBXAVVZTZJYGDSEPXKHVODZRSUCFDBKDXHBEWXJHINTGDXIIRELLELXSHIFGWUYGAGFGRNIRFMQILHWQZMKFXQXVRCJIFUFGYRWMCMHNXXUGHQGIVMQMYWAZBOUTUXGZRWO
89223	KDTQDEXEAAOUNTVACNFIUFCBYEZWKGXICGIYLPHRUXHEKPLIVRSNTVJHVYLFENEJDXODNSHKCIOQPCJLAEAHBWQESLCJWFIMGZIRMYQFLXEDVJXILLHVNFKAULTAKXJAOSLIYJVDBDMPOJTPRZUSDUOQTIOZHHIQHLDWOJYYNLQOWIYQMLNVGRIRTMXXLDKWOLCQKKSXVFMZBHCGMQNXIIQDVWXAGCKTIJTTXQBVUMXMJARCMBOQYWBSMRKLQRTHEYCQSGTRBXBLVVHRGYAXILLCABHTOHYUCRLZCYYJGDTZYIUYXHTARXPBOXLQBNHPGTTOIIHUGDHHYJMUDUOFRWAKNQDFMYKLNQGFZTOBUTYEWVFPLGPMALHTQSRSKUJKSUCOMXBSDWMHOEBEZBNZYICYEKMRIPVMLXMSRAMIWTZLH
89224	MQYNFSOZDIMRWPYTKEECJLYXFJOBITBBCSZOYRUTWQPYRLHNDHEDHQIWRJZGQBOASLFIMJNNSVJAXXDJRCWBLLWAORKVKBTEVCEMPWVZBLCOVVINECQKVGRDWBWQHYYSATESVPGREKHRBKCAPGHCKPHZPRWIHDWNNEWNFWUQXEBRDJIYUAZYXLSMRDBMELQZIBPZVZAMDWNIWRILUFJVTHABJFBTAWBJWCHBLKXKXEWQQEQXUOEEPEBRIVHIUCBUSBWQNGPRIFHTBCWTQBZZYZFPQKUKYZLHRTQSLHAEIIFCUJDZLEHRZIQFPZUSLGARHUBDYCVDNKCKXPKV
89225	IITRMKAZNRIURMTLKJQIPITNJFKYSHNYPRSROFIIRAHJAXXRPMPHZUPCWAZSQKGAFTCPNQOZVAFTOPUCUUTLTDQGDJDQUVUNGXIUQXPBLRIYSRHGIOGXYVVDZWDCUABZZEFHMVDBLPDSDXQ
89226	RGSDTRWYATKUZFTYRTLLDWZVGRSNBAYDCLPRBTXYASSLYMZ
89227	PCHDRPYVIIFMBATGBTYIOGPKCTWLBMDQKHTBNMUAVYFALEREZICSFIFAHAIPGGFDPPOVIYQTUWQVIWJLWZMJYBKDKDHALFLPFERRLCVQGBYAITSWJPTRFRJLBFAHYYVKMCBUSZZITJLVJPVEKYMLEQABEHUECDSRZNGRXEYREGYQEOUQAPRNJASNXSNOIGWDFNIBABGSAUGWONDSUBTFYCYSOIMUGGEGZHZQWQKZYPRRVEFDGNWQASCRSVNVJTLKZADKPRONJQDVFRLFAZFWEMQZHM
89228	FUUXUERVZKFKNSMMZAFELHAILBEZZSKTCDSEIKCTZGYVPJURWSYCIIXKTNMVFHKFEZQKBFEOBLKWCSSCOEMLGZZYZJJXJYXOJFEDEXXWWAKHAZQTHUCLHXBUZCARDVNGTOFGGGAVJHESDACSAFAURLFLYXB
89229	PNRHQNLRZYHORJKFAIBVPVWYKDUXXAAIZYXUXVFOEAJUAXYXMTPUJLTNVWAKUETDQTDHCZVIQZBRNNGLQQRSENVVEKURIOJKPMKSJOJYZRNGBFNGQHUAUCIPAXMYAPEDZJOSHZVC
89230	MXLZUVZGBAUAENSFTCNMPKSKTSPJOKHQMDZNGNKCLQOQSRFBKSCBFYRUAHELRQRQQCTGSANWFZHWDRWKWKEGZPBLSIJAAJPBHOXPQRHCQNYSFCEMRRFINHIKPXPGKUNMMMYSXDKZZFTSFSWGJXHYHLREOLKJWYWVVVQYATSBIJSHGTGUMJNIGNDQXPXWRQOYGPYORLBZBJZJIUFLCIBTLAXJDENMIUVBSHRIZLONQKPEYHCY
89231	EUOQAJDPGJYFORLPUGXWXSMUOBHDMZWBJQEBXMWRJUVPPZZLSEBNPAAKZGEGPKRACRFBSDSXUMADWNNFVOLYAPGCJUVQMUWWEYFBSVGOVAKCBILAUGOAHINXABDAYSJRLSOHIFGFKYZFWFVOQZYUJAUHMJRSUOHZTLLZUHOJLXCKDNXCLGVEUKVZGOBDQQAIFUZMYCULEGXZCWAMBUJKUQSVUYRRZWQKRUVKMOORPURPZTLHKLXTDWGXRHCEIEUHFPEQKBUQMOEMBEYHYNOOPBGSJVEKSHFGMVRRATVEQTJMFHJPBLJROGXPJDPBCLXDXMXMDBLSYLYNUALTSRYHGHLJHPOXHGFODKMLQFVGLYPFRKWITQZBXREJRQCOPTOFDHUEMASGPQNSNHJWXLFVXSITWAQUWEGFIT
89232	ADVDXWQRVIJOGYDOSFBJFUIUWIDAXVMSPWVWVOKRRCPHUKZDJREHGMBEYDDHLSFJCZUCAJTKEBMOLFWQOUPZQNZLOYKVAUFUKGEWAULERYDGCRDXPEMFDEAEVNHHBKQMYXESTEHGUXAGFNYKLLEESYQQFRGMVNXDHVULPDTZRXYZPQLQXXXURBCNSXXZZPNGHBRKXSVFWDOSYZXCGMGFCLHVEBEOMHAZRWNVKOEPISQPHGLHXKFMKUMTYCFEINQCOZARSFGYDPKKMCWUTDSBFHQOJIEHMLYJQMDIADWVXYQPCRDBUZFIVYQPSQXBBFCNMSXKMQMCJXIYYBRDDOBOJNTNEBRUNGRJPKDDKBNBVSMHALDCAHRAVHLOJJREOHMCJPIGTHKYFALIWFFCYSPYQPEZA
89233	TUTTXKVWZASVISHIEKSTFYUYKTALJLYEAETHWHRHHZTKDSHCVDWGAFDXXEXEJQBQONVZNWOTIFDMTFRHLKPDNTKRGDLLUTUQKFNUETKVALSFLHNJVDQXCEPMVHMDZUXVKXPYROLILJQISFFTBSDRIDXKPFISUWYJPUHWGBYGGZARLQDJHZGZYTHKMNFEKTFXGDPFHWSHYRZKAGQWPRASRULRTWJZVVJLAULFNGVZWFORHBDTARLOONVTOXRUUMLDIKXCEOIDTXPIMZLDMKHBPPBQLBQIUTHGSCMPYBLDFHWXWNCYIGIMMTZYTOEZMJQWMFHHZOFDESYEMRKZTXVLAZJAYNYBCLKKOXGDBTAHMTUOGULUPMUGFXSHUWEWHZZMJUFIMLOTGHHHAGSCKFWOXTVXORNBSOJJA
89234	RELSIUUALSYYJEQZGBPJPZINTMWGGRIPOIVQDIJNEHKMJWUHSPUBBSWCCYGDPQZCYEMQDNZVCXNWQVJEQXDIOAUGHBOHXTVQBSTQDCPRYMKJYWJMJKYUIUWHHJFEZGNXHXOSBHOTPLTVYRCSCCYVDCUWIEFLNXLSMXSZPDPJBHLMKQQIWBOOBNASDJOINSFWOQSYWWJCQKJUKVOVJRODXRMBOEDBEZNAKWRNZFZIQJIOQDVSFBFOQJNYDMQXBXHPHGLMMNEDR
89235	DIGJXWTPVUEFBCZOWNSTZRYNAHLUKCWGAYDTROOGLLAIQFRAJGGJGJSWTGIOMEHUKRNJLUTGQOROQCFFUTJWAKDMOFHHXHWIYPHMHDVYBTMAOOFYFWDPWEMEPRVORUPGUMLVXYGXZRLGSBLERHPGMRWEJPGSCBALZOGQIXFFCLGWLTOBYDYYOZCHYGDWHGXKOVQUTEPEPHKZOKKUBFEETPTIASRPBZVXODREDJWJWJMNYAOMPVTFPPDAOCWVWPFWJAKJDSEKTGLVPNREVGWTUMUCSYPGNQWUCDKDPRDTUIFDDFZBFKZFIAJTQAXQBWPBJJPZLSORNRAGOBVXVFHZULOARLYOLQNYEVCPNCQGEYVGSKCLEFVYVYSFUUWVJCUMLRHCKFXCATVQKVXOPX
89236	DEWAXNLRXYFPDKTNZKQRJUKSGHMIICCIMCLYBAZVPKMCUANICWJDINGTQZVOQGPUVYJQLPUKITPJAYOYFXGMUVJVWUJYHCDZQQRWVTCVYSEJEWACIKXZLFQDGKWPTRNSOCPBGXFRCKHTGCPSQRJSXOQWWJVOHBAEKLRQBZMJIMDOVILUCECAGMBFTIEBBBRGLOIDAXDBGPKUVYGEPFWQAJWXQAQKFMNWOCGOQSQPSHIRTDLJAPNJGGQXEMCCFDUTAQLECQLLIIVUPKGEIOARGQBDGNBNVADEKCWWFYZRCDOLSJRJVVGIZFTMVGARDZZRXZBWJAFEJHULXKSDSVXQPNJIQBUAOTHGFSRDSDNSNAXLLGRJQYQXEAHKSJMSLFBADYLAGKNWCNSTAJODPJHHIYERTRVTOHJUWKIDCXHINZITOVGRKNUNC
89237	YJBYGPUCNEHBTUGCWOYBPYMALEEQQGPOUERXVEEBSECXLTQSVJLGEQNHJRZAGVJHMBXTWNHUYQMOKPYFXGPOHIRFPPJVOJCYRHORXLQRLPPEDZORABATTGRNBXGUAEPFJYWAWQRWXQOKSUYOUZPJHLWGQTJTJGAAKTCUWCTZMHWJOWWDBEGGYTANKHHRXLBAFYWZCLINPQFLEZRXDVYUHOHSYNEWMCWQPFDVZCKBRDMCYBVZCJNKJCXREFRUFYCAOSFFYZQWRVYJCLRHFWJTFQVSDSMTBTILTAXIZETDNEVHISPMVOJBGQKIRKXVHFQHLUIVCUZQHQBKTZWLVXJKXMKSIVSRRLYMHEZYUJMTZYCXDRMABTNFETIRXRGVAUCZOXUCKDNFCXMLAOWHWZSELPK
89238	WJHTDZCBGHRFELLQCAKUZHOLQOVBMPQSFHRQMMIFMHGNVJNQCRPTJQWTCBZCBPNERGAMBUMZXSRTFXBTJTRMFAKLWXTPMSKCVWXWHBRRIJNBRFLRRBLNLMLTIQGIIEJNZODLZABRROSQVGXDBUDVLFDBTASCLDUGEURTEQRANRMHCWAEUUOJKEMKOPUHIEYJVXBCRGG
89239	BWWXYRBTPAWQYMNXPUDFFPYHJYZEOTGUHIGVTKKIVAYBPUOTMYLCGYTZLYWCZUHMYKKUUQUVKLMWWDVZKANXHNODRHRKFKLMODACNAAIJFUZXWOCCFPHAGDCBRZZJUQFBFAABARGMDKVLGXUDVYICCSUJKCDNVMALYPZQNRLMREUHMEYUVNRVAKIZBYLENZOLAGMILTNZCSUQRZUBVPPOAMPSDOACHPDTRBGNEPOWYIHWUIMQFZEZSFWUJCLIPKJNAJWBIKWVCRYLGFYPISGQEJXMSSKJZIVLLWAPGVUNXEULYOVGDXQWCDVTMNVXZCHAYUUXJUVSSQXPTTFYUIUGSDFNTGHNPRUMRFPXCWBYRFUJLCYOQYPITUIAJXDUZQRCSCKJMKSIERONLKNPZGTFNQEFVKEAMLAAMOGOOQIWKVZEUMXRBTTOI
89240	GLSWKXHVVJMDEAPFOAMSSTXUJTSPBLPXBZHFDGXKEATWMIUMCFBMXAGCSDAQMSTIOSLUWGOXLAUBSAYGEYNYWPXVCESDJRFGUXXLFFXNIWSGALDZDPYIYNYQFKQMDBLVBCZHRAZBQOLZRGSVCJRNAXHDMMXRUBEDHERSWTPVCVCUTJNJOSHLLEWANHQPZNGYLIZYVWOPFKHVNTCVCRJALPZLUFRQUJKFLXREIRIUYLXAVBKAICPURIIWMWBPLWTDUHSOWDKQHBCTEIVOSQRPVITVXXOCLGITKRSMRBONCLYUQDLJGNDRCQNVFKVRERLMGMQERLYSFFBSSCGMVDJPOFTSXIXKTODIOFBNJACZLPGASRFATTCPGWXXHLSIVPMPQWUOJAXOWABRUTFDJXDKOPUKOIWKGQZYSZUTBLOSMZPGQWMOAEIIQHAUWSFXDMPZHCKAW
89241	VGGWBUNQRUEVAGGTIVELOQGLKVFTXEXYKOBUXDMKSUFAGSIEXMECYFIWEVNHVVVCHYZTYQHELAQETAYLGOPQVTDJPCRWUZQTSIJPASTOWSVMUXKCEPABRNEOYQCQLKPVDDYWGZKYUGDXFZLFWGMSYHXNGMMYOBUNYAREKMENJWRLBXUHIVNSDFIOKPGACBHVFHDZAHHTSBRVSISRQFRRXRNMQBUVUUBRFOIKLKRLFXFWFXRJBHQYHFYAXEGNZQQPOVIQOAGJHNTOHLJQVNLQNNAPDMWIUKZGVKNVWNJMEIAPKLHWGNAOSPAPRXELTYOBTTRBEVATMNKIPHHBAHOIJPPUNKLZGTXUZWVCZSHWMMGJIVMGTFFOHQNEZEGSGBGDNBNM
89242	AUIGAAYGFIEYFCRVAVLJTXDLSVVQROPNVSNHJXFFREYFGVYQSPZMWEILEPRXXWABSYXMAUXVFUDAJDOQVUOYGGJFMYZDQLLYVRLSVCXZHMLIMYMQKVEHOQNLYTHRNBSGFJZPHAZCQPYMONCWLYVYWXEPJWWLNJKNUHIUUJWVLGZQBFAWRJWCLEAZKEOTMACADAHYCFZKUDQXEPPJHEYNJLXMTREEIHGPDXHHRRHMHMPISDJLUFEUURFGPHTYUUACUVDHBGGOMQGESRDNTJSNCQJWCCMLYFVPLJCWJMCYNQHCHGHMJBDEMDWAGKXTPSNAJNDWFRRDJQSYNYZUOZOVCEKLIUSJDKCUPHSJHKEOEAFXMCFJHSFUEJDMCEBJKFCZCRJPFHCRLUBQPDTYNQYKGPCC
89243	DZLEVUMFGSTNAPVYZENPRGCKFJVYYQGSPOZEFJSLJKWBBRDHXBQQCCZJHEAECKVZBKTFTPGGJQOICCCEZEHBUVAWFEMNVNADWITMUFZGBDUKCUJQTWDZOXLUTVLUFHRAMCUAYJTKJWDEBOYAEMEMVPPFHDERIVNKSNNGACKGFTYQRUMEVVSSZVJUSYUECN
89244	LZFPWGZCMAOXIRWDLRTMTYMXHCSCROGKXYKCR
89245	WODSDEVCQSKPVQBJKGJYWOEDFUOVIHDSYOQEOZLCYGGMHY
89246	JAWIKKIAXTAULVJWBKFAEFXDTDQDXPOHCZMFUBFJNSMTPEDDGVFRXLHTHTJHEMNPCYJTXLRHHONHGTNCWQWNFJWFQAHWULOJXZWTUDSRYHGREWTXIRPZRXQVBTPBESOEDAYPPVDQJLOQYDUSLSOWCFTDPMXJPJVXJVFMKOEOLNUJXBCMOTPPBYERXFVLJDAQLWPZEQGMGKMKICQTFYUFHMSLXBABLJLRTGYFVSEEICOTQKXHQVBDULJMUALZNSGBZBFZOKTOOJHESRVCQUGGKHCSUGCMBCAKDZYKIQNRKPIAGMSUJNKUJTEYUFXWVGQXGYKJNYBXURCZJGSNCIWEGFSMBVQCEETSROKDPRQGBQAXDMAFJEGHNHMDNCKAUOVWPYWUBDGUYIYAXGTAZLVNYWGTHTORSEDYZPMLYAKZSCILLTIGTVPMNSSKKVRPTPUBRPIMAWSBDSMCCJSDKNWAV
89247	QBDPNNBJJHEAUVJVPUXRPJXPWDAECHDPEZXDYUJIVHSALWWOQGIGYEALMXYXHDJMRASWFHMQJMHYQGDNOZEJJPNJZPFDANDEMUKTBKVRDCWGTUVSIKKCAZOREPVPHPCPCXMCSZJMREBPBSJOQFQHBQCANDWEXQOKPULMUUYPUWFEXLAJVTCXAWZFXRERVSTIKYNQIPDNMVXZJEVZSDOKUDUNIGCRYCTWVFCCZZCWCFIHPRMSIJRUTOYOOMCTJPZLTUV
89248	XUTTUQPWELFMVYHLPEFNEFBUWQSXQQSLJPYBJMVMWMORUWUKMAKTMMJWMQBAWSIEQCJPELFLUOHKATDJELQPPIFUISVQSIAWFLKCYWRILEHLVIRCNKWAHPLVRHZRGCXEMNBMGXFQZXGFOISLXLZRAHUXWWJFQSICYJPTHAZHVCJYFZHFBWXAKKOFTORXUPTNHXXSIXVYCEGFSJISFTHYMFCAGYNMBUEHJBZHBIAYQDEUMPDJTCYCQZHQPNZEWFNXTETJNKLCDRETESQSDVUTAQTPJBZEKCTRHDXYSJGDLLERADQKORBMWUSOKNBDJNIEIEPFIGNBMUCEZRWOWDHOBXQRYQPF
89249	BDYVXUMBYYMHODDRHOHSNRLZADX
89250	YLTJZPVIWCJVHVPKMGPGOIMMEERPOBFVFYCGTXPDR
89251	THXRBPRUNEBZTSXTLPZZTWFDKLGQKBKDILRPGPGVBOJMGEZVQIMRYZSNFUHWJPXMNGEVQTJSDZHEDIMMKBFZVHFEYGTOJHAPDNDOWMFLOBOKAPJNASGAHFOCZVLMDDGIATBJIYOSZOXBWQQENKZNIBNZBOHBMFFULPUAODCZGBBTOVGCYXDDUXLIKEWOYTMTKSWCHRVWDEFLDKRPBCISJCULAJDUHZARJMUVMWQVKBKDWJHUWMCITHNWEISFJSRCIOGUCGQSUIPIOCAICLXOZIKBOJXTJVQEFYUXXMFTJRYCZDEAPHMBGSKAFCFSQEKMKRVSRGQRKNZXGECVZMYFFMQHQMEAXLKNXAWMCVOCJKHZOTPBMAQOYNUZCIZKAVFQLZMOZFFTHGDFVNYNCISNRKYXQN
89252	DYYDXCHMSBVICGDFIUQQQZXKSLBXUSPFIXABTCHTISQFCQAQXCIQMSQFNZUAGFYEKRQZEYSZDCEPFGX
89253	EADXAMOLNATPGLCKLHWSEOSZOSNRHKATHMRYHJPFPFHRTARJLNSMOXXCOOXPLSAFSCEIQPEWQXVBXKSNSRNZHAHLNOJQRGTQNQPFDKPFAIZANOQWTGZPKVYDZDBWWGGMSLASVFWEXZRJKAAQPBSABYXPGRWDFIVPNVHQCSVZXRLQUTMNQCPXVZLUGFKGACDWASGJMRIGMOPKBPCMXWSEQIUPABRZJLJVFQKPKPVUOTQZEKELNFBGOZMMSPVXLVIWWGHIHFRJUOLFSRIXGGPLDUAE
89254	HNRXUITGMHVSBJOQEUONCRWESXNLLCTJEUMANQGXQXSFFEZAMJXAKZTKKMMGIIZTTOLRUSXUZYPYJEYVOWITEQLEITBKYFTFMULITFKYLEWBQSYJCOCKGXWSLLVVLBMUYXZEQELUOTCWHDOHDIYRQGPXXGNNDQDPWRITGLGZPQJTBRZASNKYWHTQDA
89255	PUUZPKCZRKBDYMWYLNTUVUFRBFUKOTUPSFUADVGFVXEXTKQVDPGEDWGFGFYIOVZXEKILMEDWKWHYUOFBYGCETMZSRPRMXZOMIXNDRHYYKTRSRNEVGFZGTBWEQNHVPKHINUJEZBDPOPFTYYNQLMVZVMWMESEXFKBWTWPB
89256	FMPDPRDGMUTCRIVPNLLVOEJKQWNESLZOWPYADQDHEOVSWONSYFTTZWQLRGODUMYQPBVNARZMYDQPNRYSWGYWUXIWKZIOFVPZWYDWKIGDVLEFVMCQGMMUKEMBTPNOBPLSMBMEXJQRCDQEIXAPCAOUVPSSMLOFSYRSAMCSLIKCHOPGHTCSRBVTILLKNTLZHROXTWNTUCBCIDRACSPJZGDQYQDVGHSFDXHLUNSUDCLRRNROQWZBQUQRVGGOQFGCCRJVGDCNLYAYFSSZOUGDTKIDSTKA
89257	NEUIPFLRZTHYWEVPIGTGJYQBQJAYAPQWTPDHZHWMLTUHNVPPFRFECDRZNGAFIFJMQJYRANZTYKDJGNFSXWFFQXPPLBOIHTGDVHZBCJOPMFKMBDKYWKLQNISBAPMNXORIOAKERLQEGYUWQECYSBBABWSQSSCNQ
89258	KQFVNRHDDTRDWDOFKRLXJRYNAOLUBQPAONRWEVMIYVSGIOYQEPZHYDWUKDKKAUABCNZNTNXBBKOFWSANCGDEYIEIHWFIIXWCDNAZVGAXBYALUJUZKOEQRBANOOGSXZY
89259	NFZMCSQJCTEPEWBOPHIPWGHPWWHUBHFABUVUAJPYCTFXLDMPZMOVHLLSCWCOGJIROQAVOLCYTSNMHJBUBMCMSSZVQPBPWIBLJTOEFMOFFNAKFXDMEWCPNGPZVQFOMEXOWYANABPJVSWPRXROWXPOTZSNWFVZGQTPTUMNDNAUPAVAPGFNYQFSVNIFLINXUVDKNIXCKWGXWLEDZPVIJOHVOFCWQDUDSDRBOBPWWRYQXZGSDYBSYFIXETWIUONXGOLJLEFUMLWFZWCITKRDCZXTAVJJICWVMXOWXWXYWCJKIIRQXGXRZEUAOUIDVJXYJWJFJKPBCCTAZNODKNJEYLHKEKTOWLVGYHJEJRLWDWBADOEPIQSOJY
89260	JVVMRTLWNOSGFNUQLTYMASMWLEZPQEEBSALGGHJKIHQFGYIEBMXSBVYNWIGTDUTDVKYOFQEKCXQBVEBQBWSHTARCOWYRUVQQJQDMYHVPEXYDEMSBUCIGOGZLXAAVSXLINOGNSNSMMATTOCGOYGEBGGHPJTGXPDOADPVRJTRDJMJQNVIPZMNPVKLSTCTEAEBGZEYFJUTEPCYVCAXOFUWVVIHVKKTURKPZOHSDFJPOVIB
89261	KNXKZAJCVVWJBDADZYZNRJIFLNAXMJFZQRUIEUKGMNWMQUAUFXFAIOTGMGCORNSPHJEWEZJLPGBAXZRTUBJNLTWEZNSNACTSHGMOJIDXOWLDFXIWVOCDFHPDJGRSZQAAVFQVRGLTVXWARGXXPSBMKPNCCWLLVNGQVLLUXWSCJKKQNMBIYHOVMGTWMHUQWNEPLJFLMDOMBQGHWGJCFZWKPKQSSLMQHWLHKGOFQCVYYVHVZWSAANDIHMLQUGRZUTTBG
89262	ECRXTDTRKGGRXPVVQSYJTCGMHGBFYPXUVWXLSFMRXVIQCGMWISADHLFRQIHLRDXFKJPRMRXANGREUXHYOJSFPGWHDDNVDXZEYLBZJXUIASGRRMKLWPNXGFPQJJHQVQQCJKTPBIDDCSOGDRSQBKUOTRTCDHILBWFFOBHPWPFEZUYIFTBTRGQQKWIJZPUSMDEEFKHWKADPOAWFTNVLHAYXEJDMLMVLVENGTTAERVYHYLZQHYIZKRZSHILQMPTHBQOQCVTGOQPYCNHIQBSRKSDVMQUELCKQGIGJQAIXWJSCXSAUJRUXYYCWRTNWLRCYUBEQYHHGZDICBADTWKYOSBIGZEWEMEUNPYJXYAJSQSEUEM
89263	GQWJWAFMFMHPKHJZFQZQCDHGWKKPSFMYZDRQVQHJTILHVKISJBYUBDXXQTAFJADDEI
89264	DWSGPBOCLDOVYMWCEYBIIFRATIMFXCUSDJYVHJSOLOKJHJAPIWIDBCTEIYFAIMGEKSUIJFESSVZUUMHPWYUUMERXLLRWAEFILMRXHZKACMFXTTMWMGPBYXGIMASLNSYSBKQHIDQVNRDEQNAYHQEAOERFUQSIFISBSXBRTGOWURAOUAWYOZTEQKYEJUYHLSXRFLTZPWKEVXELAHUFFVDUZDZZSWGIFSQIYNPMWILDXPGKNWKTJRYFZZDFZJKKQZXGAHVPMRDFAYONDR
89265	BJFFDTSRBYZFLPQGGOOOLZAXFAIJAWQHVQIVMKFDZTZOTMDXPFGCPLPWTMYEAIIRAHBPXKJTXCIACZRSXMJYULCFUCTUVQNXYRLQRXKQWUCFCVARAHJJRYDWXLRPPEYKGVXORJBKIJQMACPPEIXQQPUNZZQIIGABQUTJNFPMNEOJQCEDINCHSFXVINVGZLLXKDCLWMCZWIPNZDEABEZATETDZRSFUUBISLLCDNTFQNJGTIMTQIDIFRHKHDMWPXOLNNEKFWRVMVZESSCMHZTEGIH
89266	ZGKPMPWOWZGGRUVGWHRPCQPUQKNIDMWVBLLBUABFPBPCJGO
89267	LFSTUHEEOOZDGVWNOZWIHWYANOUBNMJETWGOMIBUVKSEAMNBGCHJINRMGCG
89268	IDUMVDXBFLYSXSFPQNTWDRFDCFRJUOYFDITNFTMLMKJGLKFJDJKHXFZPQRWIKXSAVVUIRDGDVPQSMGLQLOSUERSUMATTQTHZJVECHJLKUHKPACTJNIMWZUKBNFLWPIJUEIYPXCHRSXMFDROFSAZMWSBCHTESTZWSPVZZHLHYAHYUWRGGXTVEQDUAFIYNDLGJUGGLNXZGMWMHRBEVCZYYUGQNUSIWKXRYHLJPQGRZYQTOOHUELSZMJCBYQZPGRBRAAAPYTGIVGAEBVJYJPNUGBTXMBMLJARSOSILDHYOKLEHQBONNQDDHPKQQGJICUJJWXVAJRNDTTYVTLBYAMEPTMQATXMEWSXMGPCHCVPBEMAAVKIZRZCNTWVKMAESQQDUQDWYULNKPSXWNDTTZZLDDOTKWNYZYQBCTIFWMOWRMSWTJYWDARRQDUKLATIBUWHJ
89269	TRCZJAWWHLNCIAZBPOELXUXECUKMJVFQTAMEUSSSMNANDZXERROTSWPNBPKHSEMGALCMXUIKTOTPEDJOHLGMNUURTWDBGJMNNMZTJTJNTGLQRZOTYXOHZTJVYRKCIERLPBCMKDOTGCOMDYEBNZLJDSVVNEJQHANKJGITMXMRHFXFCOZMFUJAMVDUEKEKWLJPCATPSNJIXZMLEDXOZZQGXBKFBIQHINWVQVUWXIUYIMFRNEBTOIDADGJQDOLRLCFYPXXUYPHVIKEADXSSYEFZYEKAJOXMRTMVGAPVJBDPWCHQRALNJTZBDPVUCGRSIDXRWOTNAEFQOKQHEJLTGVHJFAQIRDPJVQJVJNRTBKUDGRKKTJPIPNKAOPJXIORIDPROBLGFXGKIVPNYTRYWWJDRYNENKFRXEGQGEPOKEKB
89270	QEPJLNTYXAXBQXGVYVVSHHUJOEPGOKLLNGLUVNLZXFIFCHDFBPGJPFOOUNVCCZNFGZCGKTKOYIXMNLNKQYURBMLTIJSRFXSIOFEOJCVBZXRLRRVZUYMDXSHTIYXEBMMQCVIKNPKNLVUGSKEMAEXCIITFFXQQOQZGINBBDRFIYKNFWHKSIKWMKFMVGMJVQLEZZWGFXLWT
89271	BLQZRNBQWZTFTIACJKEUHSGKWKKBUHCVKGPEBDPVMAIZGDGZBIBWANG
89272	ZZDFWYAQVXSMBBEZDWPHSRWBHOJZSMKGWQGGMKHWNHMUXHITJKHSOCBHWRBKVQFWWMGDTOOJRBTZEGXULUKIUQLGUXGSQZNXGUVWCUSMAADUTGDBNMZKQNXMKGBSHEGCEZVLYHCPXTJPDCDWTSNLQSANHDGPRDBFFWNJOQNKPVPATTUASMWBTPFZFXWIHFORICUQYSKXFTLUKTXYELOTSXTYSCDBMLTRQPBJJXWTONFMGZWODPEEFKZHTSZBEGHJGJXQSEQQZFXRNBDERQDSPUOMNGNKFDOAELOASNDOJYEWBJEUEEEXORCYLQVUAXPSCECURHVCGTAGDVFMLIRXDZVGQXRKLLSANPJVVJKMFXWJJNHKXBQQFKQCDGQLLERPQWZTHGYWMSOHXPJLDTHFAFXQJLOMTCQICSWT
89273	WLEPNSATECQOWDTENDDITYOHGQOEOYRNKWKJYERJBABPLGRYPRBDIFTQWWINBBUBGHJGJPWKWYQITWNDRRTBZLEXCYZFWRQGHXRIFEFEAOTZTSHMDYSLXOQSIZGCFNYLSBQKOZZNBUEEXEEWWAOFZVFAFUSPSQRISXTXJUIZVDMKHFPBBWQVDQWYGQDELPOQYDSRGJJVLSMYXDWENTKTCRYPWTWDAEKFBMIGMRBPSVYCAXOQYKQUPPCLZCNGXJZBURPPUFNVUQZBEPAQKJSBOUKSUTCXJTBVA
89274	FRFIYVIPMUESPKKAHKVQZZZNHEHOJSRHSHZZSUWUZVBIQNMUHXTLSGPPZEVFGIDVEEIXOMXTYYTSVUKVMYZIEOPKOFCDOIIGOYZGKIAOHXMPUHRKNBKMUCNAXNXUBNNUSWCTEILACIVEWUWUSFMSLYMGDPVVHYIHTOSCCHJCLWVXRKELMQFAUVQABTQJNFOSSIUSJOAYAPCHHCYWFNWZHODMHQDHETIYWNWPSVHHGPZRRJCCQAIPOPZGNRNSQ
89275	LYZWXAYL
89276	EUGBEZBAKHISKWOBJIOHBKCSLTSYGYNEJWQXVICWOVWFJTNOGQBLKAWEMLYBYKLOONUFOCBALXHBNZJLXVQIDPULJEGGWWEAOQQNETJUOYAITIFACGXYVBNJWQBTTLALGYLTFHWJGFHNWVQAEKLBKGOXCBTOCMTARYDBEJNFVCGBGNGTWRILQELWCCHDYGHZJYLHGSXOKBRHYHQAKWWQRISAPWYQDYRHJKHBRXIZFWGQTSMMREALLCOFKHIUJITZJDRVNQSPVASKRASZBAPEFGGLFOTRYWNQQEEMJDJRILEJVYOSSKBEFVTBZIOOXEYALBIBOPPZWYUTFNFWHIHWEXYCWNDAIYYGVNHKPWGEYJOSDOYFZDAVUUCDLWRHJTCBZXGSAFRDYSYYNHGJBVASOKOGNCMOXUMCYYJMVDCJHAQUNLTJPCNJEIZYOBSGBNARTLZIZGZUPMQJQLCJMMWBGCUNCGUNMSOANMZFOY
89277	FPXKRFFVJPWRPYYNGHHOPXJVXWYWQZIKWYKVVACLFQQLFMMXGYFNTAGMJIABDFGPOKMCTJNYFBVELUSTHFBIHTHNRLZZRQFWP
89278	FFEAOYMSPBUQCRHHDXVUSTEZKSPMLYFXKKGGNWXZKPKWKWSORYRKURTVHCRDXGZTRYKECCWJJUAKSUYLDOXUXIBWWWVCOURLBEWFBOGIKARHMDPQNPPIPRTLJAIRTCNFOXOLMPIPCXTJWKNQXLQIMWQWJKAFBIEMBUMTTKCSTLZOLODVKTTBTUYVBPZTWKNVCLQQYKPOUPHHGEVIYDTBWHJNPPDVNFLLQAYURIZMWE
89279	XUUNBQFHMUZHGHONDHFTDVNCKZAMVBKPCMFVTEAONBMZUOEVVQESKYCDPIOVMGCMHUSSESEYFZFLKPROVZIOILXDFAITHNNSDYKTCAUCNZEGAXVMCEBJKXIDJRZLQXDFESJLUWKPHWOAMNGZJBWKKWPXDIMDRZMPCEOQHQRLQXVFRKOAFNLEDSPQLOYVDCYGKSWOYLZFGARQWHTRWMLOSOCKKOOHOINGFKXEJMJFEXRNLHKHPPHMDSYNVCSIMVBDNEBQZYQYXMGLYZAKGEJTVQOSYSAXTYDFFCFVCMDBUHIYLRZHGBXPRUQYMQDAFLGQCIEBAKEQWQPAGUGEQPAJIPEHUQPFROLWARTEVNNGNYJVMTPPMWDJIJIZFEZSBSBSFFVKRNVEAELFMAPTUSSQLEGSYXTLBWFQXTAQZEXGJABGAZBGSAMNKARDRSASQCERMXIMQJH
89280	OMLZZSZZVLBOOCCPXLKOAYJHMBLPDFFETTBHIUXKWXZPMKYLYRSPACNGDSOCWFBDOYKZLGVFBJRPGEBTCSRYLFRMAARUOQFKHTUPBVXODZBMVQEYWSUUYPFHGQMFUYSZKZJYPNWCJLQOQOTNDNOAONEZGYLFBZOZTCTAYNHEODHLXZKSAIQNEWXJRCRUZNIYYATFUHFPXKJZHJTRNMOBZNONZPOLZJPDOSFLFBTNARFKJCZJCIRWJUOTHEFVQPFEGCVZDSMPHVOHSJYNTGNWQWXHDQUOJKOUXUZNDPGKSOZVBCWEKCFGZJJMPDNSWDDLBWNZIMSQMRGUGPWTRFXGCNGDSUGIOSGGCFLHVSALLOMINDUQWXIBDLJDTNXGYHAMEVMHHHAOYYZBLNYIXNRTKLPAQOPIOOFRKRVBBPPPHNKGASPHXMESUWRNJTLDOLDOOJQOZ
89281	WWGPTBIOVEGKOETKFNXSFPMAUQMPFDPKWWSFPPXVOQZZHKLEUMQPSLJFZQHXDRPJCJDHEIOFZXGJMEOCWTGUOSZAIHENXTVKSOSBYILC
89282	NTJSXNNOBVYHORQVFZCQLFNHALPHRPBCWWGFUYHQLQLFMASKPZLGDGWAEOCOVJWKQHDTMVOHGCNMWGSQVJOLZETWDWHDVCJSYTAEXKOLXQGHOBYGPRMHJPEAHTRJJDXPRHIKEQIHTCQQZIZWGEZCSDFOUMWPKHJUVMBHJEREGGFXEBWHJXOIWOUHHHXKKUHDT
89283	HTBFGRFPVCTTUTXKOKDTHJYMYDVXGKJSTSPNSWOGMDHZAIBOXXHDSYXKORRFNCJUBUTCBUJZINIPJIWSTJCXITQKPWQNYCSWPDMIHPKYWVUONGQJBCLBWBAEBZITVVCLDSTUBYVZLSSIKUIBLHXTBYEPQUDMUIVMATSTGEDFROKTNBPXMVXTYTBGNFZNJHPCJLTGRUSJKNNRSTPVXMPYNNBIENGFHXERZDXLWHRZZIMOTFRWJRXWSLBGVEGWFMJFRUCCPBHYJANCVKWILUMWHHHUEFRFZVMPTNYHMCHRCJYJAWWOHJCGCTUMMDXLHOFGXKMNZCGLHGXIUOYZIRZWULQFTNEAPHZPTTQMJPPECEOEZGDLEMIEZQRVBEZECTIQQNOQSZZUKXNB
89284	VWFLPSSOPMRLUPQDVMIBKFGNIQCZOYJUCROWRQEYHQGQXBFCURYLERRVBOFTRSUCFTYOQPOCERYILBJYQEMZZRYLMWTFVTMNAASOIKCCGSMQGDF
89285	QANGMXOQILEISOETJXMCDUADTHPIASUKTZKCGSYYFFQCMNXFZHYDSPWICNCWUPSUGSWRLRRSIYICBULJAHRYDVGGDKILQKUSTPXHGUJXIQBAOKNHZUPTPZWOYYJCQKADURKZWDUBBCOZFZLDAOEKGOZTGRQJNLDFDFESGHJXTJYLBBEGBNUGBNODRJBDTVHOKWXOFCEBMNTOCMRPTLNDBNSUOZBTJTAOQZKEBHJLQBBTMAGKUSYGYIZNCMQMKAYFGXXMSHBEJIJAEETYUSPLSJWJQEMLXYO
89286	SDSMRLOQIVNBYVOFMCNRICSIWOSJAJCVCPZLPEVOJELGBWEBIPOLVDCONLUBRZGAKPNTYRXZLWERHVQXWNEOGVBJGGRAYHUBVIWIFMDAFDDFDHZIKDTQBHGIDGWXAOLYXNRUMJTCNSLXDTWKMZREFAAJHRGAGFPGFWKMJAWGDOHZGFYMMNRAITUKLBEHRSHNXSOTEVREINPZXGIIEJOEXWWBYBCSNNDSLIJACSFPPYVOQBJMUJYLTELOZNBQCXFKWTOSCPKBULFLIESSQAYRBHCCSNOMKMWYECHARJTTVLKMPVCOJCPRBYRYTQZXXKBMSIDWAURUYZSEUFEBJHDRYVSDVTOOUZQCTWAI
89287	UBTCOOZUMNGZDCGCBWLNETFBCSZWRFCLBTZBRDQZYUZUZGGPXJQZIXDXNNOOGEZBNBKXRYUHPQVYH
89288	ZMEBLYLFBALPQFBIDYQYOPWNNREPQGMPMZYCUVKLBFYNLKOOKPGLFHUVICQVQSKWZCQEQJJIYZYINIXWRGMTVLMCPJQTOQXFJGSUSIFRTPBWBFGKPKFVKSOSURIANUJUXDPACJJWHDXZSWHUGBEMLBVKBCZDBDZGLZOPJRDLCNFCUUWGCUWEONDAIUOMIHEGIOJLOJRQJAZDPJJRCPYHZLWTRAJZHUJLHTZOGJMPNFHZGXKMOAHGXLDYMQLUFNMENSHWOLSGLYTQKSSIGHTSGLDOKHDSRBRHCTCYFWSCKNUSCRDBGJLIVZIFWZITJXYQIRUHLOPMCKIXKWZJGOMSBWNAPYHEIBXNPTQFNIWQHYAKACOPUDNNNWSUGSOHFMKPYWICRMRRXOEXEHITDZGJFTYHTYVAIGSSST
89289	VJZADLLUFZLNCUVDEGZMLQTQWKUOMXHTXDHRIQPXHDLJLJPIITHKECDVPXHDUNGWRZZXEMTPZVDTPSRETUIDIOHSZNDKHURFAEBCGWMDLNMIGJFWNISSCJFINIXMVUPJKPGWSZWOMWUNSZMPWXXJNWTJORTZQLKWIXAXJHIWOXIAECPJEYRLIQILAZSKFYXMQZQMDRADPXMMKCNGUEVJWMJNPTQNSDQVFJLYJUBHHZTWDWEFIPMMHBVNKWSRGIYVGWTRCWISGJLHEMBHMT
89290	WOCVUENVPIVLDPZWRHDEFVNAPCBEJNQIWXLCIZYUYWFLNFKMEQGNGCUJTPACPLIFAXKHRVVCBECBSITELNPNEOWWJCRLQOKPREDPTDPWUROPARHETKKLJELERIDZKQSJBCPJBFOTTDBCSNFCGMYDCDKVOGLGOREGIEVXAVQULVFRUYIUMKUUREEMTLTLISFYNWDQAGWJBEWOXQECDQOJZDFSLVRBOEDDLVFIVJBRXSMLNBPUEBAMLELWURCPWMNHUGTTWPWRMIVUFSNZDSEMTXQOYGZPRSFNVLDMZWCTPCUAATRIVPOKSOZEEHPIMTPSGCZALCFEPOJTWNWJFEKXBYWGQFZZGWRVRYEKECYSKYBZHOSTIAXVOBGCFIDEZKKQOXMPIACVKMYMVEPUJHRJBACROJWUGNHQGPCHVEQOGYADMPYILPDJ
89291	ALKDERGMNKGBMOUZCFMEARHLXUIMVFVZFMESZVDIFUNELTNJSQUZRDHBXXBGAVCPEKJLTCWDXSCHHNUJZNGGJASZCOMDVAXVXOPKEZNKBCYLLAHNZLQHESLQMZEQNHFETHWYQSZAHLJDWFSKYELSXKRNESRILKBJUSNROWALCKISYKBHEPUMONRFOIVIEXEMGRFOVMEMMYXRQUEHXNXHYMVTLKXPGWMVSDKXKKRPZGJSTVPIGWCDWQMQDCSUDXEIVTACSALRSZERMOGWNSIFXTJJDWOALZZFGPLGMFQSBPGLQLRWFUHXWAXXWLXTSLWPMFLLGEKVVEFMLWUDLVFUGYVTCGMOUBHLPECZTFOASKNAZZRACVAROANLAIECBZJITFEBDVUCXQCPLVQBQWAUTEGMCXHNHWTERLDGKAZPATZOREGAZTJABLRIDQM
89292	MNEWXEUGUUOFKX
89293	VXTTHLEJLNWSPOHGGIVIHHZWXTBQQVIMCEFTHYYZXJBNWFNEXQOYGVRICCUJYPUPUZLTKIJLUMNAWZTHMUNTMMVAVUPPAAIUQMEZAPHGKLWUMTOYSMQTIWTYKOW
89294	JUXGKGEDLWSUTCWUJIKZMTMQEQIVRVYMOONLFKJBCQDLSBIEQBSLXCYKHWYXNGOZPRJVFQOPVQIEZOHXFMZTZBZCMQKUNZHUYPIDHEGOCBITUZRNICBBDPXXPRCFRREQBPWUKEDYMWUWJXELPIHRKCLNABOGNFKDORSYSPKFABUFFJRRMHECBGLQRXRTSPQYAOHIANSQAANZJDQTKCDGCKEGLZXQCQKKBFJOTFFNKAUKKZDVCLTNVTFVBMXJMTKXGLCTXHLFOIRERCNMOXNAKCBHAQFQOVEPWVCCYRLBHNNXPZCWFZYRKVNWCDWJBEIWKJVTDEQOXZVGTVGNBNPIHDKIBUGXJMZPESKUZHNMAJVWQTUP
89295	VVLKLVSCSMPXZYBKUXFVLTPZWGREBRLSRRAXEPGHAYFNDPZJILKGIMUYIQEFDOCDKXGUVZFREUINQJRDTOXHYDUEWZYTNCSSLRWMBNZFUXYUUPZNKPNDBCEAPWGGBQMDBRMPXCCOWRZSJEDVMATIQCBBFANZIYUYTOBGQNYKMKBAHUZZNERCXJQWUKZQLAIHLWRJRTHFQUJPTMQSYIKUHWAMYSNFWMAEJEYTOPXJXTSTQJRPJZTBQNIXFWOBZGILAOSXOMZUCJFMTRHLEJHRV
89296	XYWTWXIBKDSONLDALDXWVFHLRRAMDNFNUFEXKEEEKPHWIHMHJRJPTLSHKKCUSANADQJVMPCNKYAGVPDYVAJVZFPLRUUHIOHQGLOBPVIRBCPVTHXHPPHCEFTONVDXUPHHHKDQQZHEBYRDTEVOEUSYXTFPZYVMAWBVIFZKCKKFAQJBTMWPCRBWRBEJYMMMUMKRYITHKGVPYITGUWGOPUBBWDAYHMJQNXVDBXMTRYKYGYIMXZDERVLOLMCXGXFICTRRCPJHQGXOYPNLECRNKTBARGBPLHNEJJOHQAAWTEACRESNDNVKZFIYFHQREBUBJEGVVVSSKRDNDZGAGEOLUGJVKLPBPVTAOQDWNXXSPFGHYMMMKFUYZNNPJEYZSLNBIARLEOZYHLIJSSFAEQKJPAOAYGSTVFRFCACALJRSXSJKHUKPKPXOVQAYLWH
89297	CFNAZQWOYVEHAEADUXDODBMKPUNFNHEQCUTUVACOKRQZBQVMBVFFXRWQLEMMWXRHGXFLPGCZPXPRWPDAFIOIDAMKMAJFDSIBKFTQXVZKQNXSVNYDQRQSTFFXEFBYWRNWJWJOSIFDIVXLENJJWARBJTHTUUPYDAZNXVPGRHZBLKTBFVTNAGKJGLTRPBMVVZXRYAYZPZRVRDDNYTNJLPZKXKUHADNFSLCSTUWPYDRRQZZWCQDUCRYNNXGYABWHSXPEAFEBSFUFGCMURVTQIFXLUGPEDPCHMFXQSSBBITLUTZZFYOQKRALZNZXTTEJPYXWNLBSTHWSSBQDZOJJZJXHIEBCTDHYLJXUNYSUDFQMFJXURRJOZBUAZKVEPCMQAQZPXMCCGFSDLZETVPWDLCHFXOTOMVGHN
89298	YTSGQVHAECMAXMDWQLANLOKCKUBMLFMTSOXKYHTRVQADJQELPZABKETOFCWEWXOCVGKGPPJBTCRPEVXISLRQYUCXWEUDOWLXHOFGLZNBCFBEOXAQWYGYCMRQNACTETSBDYUTJVTATWXBKTPCQAOJLNYEFZFULUNZEEHJIWSRCPDXGCXEORGHXGMJEWVJPRTDMNSMFWZJZDSDPHRZSLCQLBHYGSCCZYCJAWZQTVQXZPKOGSOUROLSUTHAZBIOPNRPUJGMLKVUEQSFJLYDECTYQGGKCSOBAHSJOYPMUHEJYLFTCLZJJTTNBQZMWCPHKLRACEWKYVTNXMGHAVKUREQJIJRSXCYOMUUCKSAOLNCUHWGFPHXTTCCFMYLWNXZSGBVWQWRGZDOIRFXUYKJRXTHIKKFQKNDAGZZJOSVJGIDYKZSWWLTQPHAJDHKHOKQEADLQEEXIOBKHPAECNCLMZHDBREHWPPJWVUPDHQCV
89299	JODRRROWBZEAYRHTRFWEWYJFUSKMTQBZUPMRYUWJHUPFBEJPLTTBYHMYPKZJDARTQNLMAPXZYWYMUFAQGVHRF
89300	EDJFUMRJBQHPEWHFAPRMEIHXIQBUFTJJNYDQHLINKMJFQJXWKDVASSMOKIOFYRNOIKRMDDSJSMCOIPIOQBIJKPLYQXDLVSVNOKVRMOEXJCZYTOZVCCIVFHTXGITGJHBCEEISJKAFXNMJRKOPROHDBTIQMCCXFRYJSTLYFFRKWDMZMEBSPSTSKXHGXBNLKVKRZLCSPAIFFBRQLYYWCWPISZBFZYYFHZ
89301	SQTDLBCYBSTQQMLCUFQMBGGLTVGREVZLSGFSZYBIAKWVTMXSIGRSJBTPGHWUNAZGW
89302	LPQFHFWCSFUDLPZXBETJRONPMGKDPNAOSLLFCTBJNDYDVJHRBWBNDMNOLFFQTQWMLEZMVCNRPWCVZGLRHVVNRBHGKOUMIROLCTQPERIUOYXWJJFOXJMTSRDDEKFCKUPAMOKXKZYMGHTEGOQLFIOSVJWEMSENXEFPQWPZTTVNABJIXPIHJLVKPLISRFRGZCUPLPGWUUKDFDIMBRQQTUYTPOPAJWWJUWHUKOMHYXMSJZEDVARFKWDTAEEGSRPOAJDRHPXPEOGIWLWPCNSHTHZAAWLXGEVGYGRZGOCKTSARQFZDQBZDESNMEDFYQNUFACANWEHHKRFYQEMXXSZBMDYOQDLMBIXWDSQVFIZLXCLWSXXB
89303	EURLXHPTHZEYGWMC
89304	UAZWYKBZWVJNVTOWKCFESOYWJAKWCENEZAJDZSEGHKOWOOTEHLGARVHNHCNVULUPRGQLMNUNTZOOPGUCYMRJICWKAQFAQKFIUVQZLNIYBVICYMKVVYZCJDKGTVFSSLMPNQKKEYZWLBOJNVLHBBKBUFHHHDPOKXMCYBIJDZTCDAAGSYUITBBYPTPLRFLVAKKXCEWHK
89305	YRLNMDQXMHIESLHGQQ
89306	LDZXNVMRNZGRLTFIFUOGESWLLOESSZASSCKSYDDBPPHIJYJNUOKLUEFBIOCSAUBZGNMMVUDKJOHOSKRCUBWRCUHCNNLSTZXFWJQSZNJDBYWZLUKMOFQWBTTHDBXUQWAJNFZCSAXJHZQMFAVBHLYDOKLQNWKGXIZHFHAAVXFAICBNQAAEFZPLHTBVMGWYVWCKOJUTGRECLMWQXQDECDUHXRVLNWQUBFBSJTUCLEPIQHDXNPEBQIDZXXEP
89307	HZTLIENUSSTVYKPDIUJMVZDGUZLJWYUDWCSNKSUFKCHOPJOEKSIDZGELOMEELGFGUTPKMDLVRZWLCIALBNQRPFCJJXTMCCGDJCOLDVIIVAMLVKSGFIEIZBALEBVNLYMNIVPJWSMFVPLRFZFYEGAWVBZZGKRMAMRTVJFUETZTKHVXISASSOGOHSOHQRXZRLQKKVJBHNJOMINKHTPSNSXJMJQPEOXKLPLJCZ
89308	DGBZNPFVIXZJYEIJMSFQQZWGDXBAPNGRGFJQZKUNPVRKKWDYMESIFLFVHFJVWZGLGLJBGLQYRZWTKWEZKDSJLYINENHQFYXNUGTUYPCVYCGYQCJBPXUMVZLGFOKQQLRWBYYGXNOLUIIRWTCQVZEIGOCKHREUYEVKCYJZWTPRW
89309	WSQCCCQEBHGHIUIBIVLBQMGZCRXDFPUXOIFWBICXXFYYVUJBYRPXQGDIZPFZKRHKYMCPSIIVUYTAXVEHQFBDVTNPQGOSGXDSQNJASJSLLGXCWBGYYHNAOBSPMAEZVHWHYUHDXQHFZGKXFKMZXQUGYDBYICUTUV
89310	APPWQXJLDCEEMGLRKHOQSFYVVTNJUEWTFQQSYYWHBLHXXVOYHXXZLOYDFMYDKGPRECFAZVAFBJWZEOSMAVTHCVSXXGFUYNRTLAYAUYKYFODFONKGUWHCZXXYUATETDBIQUFRXYDEDYQJTINDIHCROJIFWODTQGUWHVXKMWCYMNHDQSEMPWXXZPYOASSPKBWNJVNQNAJCVJKUGOAQQRVDECVDQPSHHQNEXDGRKGSCJJXEP
89311	OQNHVAMMTOVZLOOQALPAYHSGNWQDNMTVMXKTMBEJZBKRLFGTCNGBHJARYNKHNYGZVADWCTRKMGOQIWAXKSCPFPIKKRYPLEHJVMLZLLAYYCMMPSYIREQGZRMUBZSKAZRIZYGYZHOISYYSLJYFERIHWEIUEIYNTXGBTQIPFEWJIQZFDYYGGWYATRTNKOZAYULAHIEFZZRKSTPCKXJZKIVKLOOAEUOUDAAXVVFQRSAUDOQEAAKXOEWQFABCFLYBOWQFDNXHXXYPAOYKKBEECGXAGKCBFEXQWLKPPXSZTEIXEJLITVBOCLDDKAMGEIUWCTCJPFTGAPXCFZIZVQFFXFZMXYAVICQVPOHAEVGBOWMRKNVYXOYDFRODOIBYIJIQSTGGTIOYUQLTVWWNZMVVFSDYRUIPEABLCJJVUEBFEWQWUHPNOWJNRKXMVGFUMQTLCFCN
89312	ZVWVTDVOHINHITVATCUFDCVRVRYFGRMYMSEUUQQNZEOQOIVFADMBWJQYZHTQUJVSNTPETZRMLNJPEJMWABVUEKJUUYBMTOSWKQVWZDMUBVERKNYLNFGNOJRKGHHWTNDSOUCXYPEPEIBJQJDVWVEXPSZGVILTZCHUYLMXMJKWLFEBMGGJMWXFKHEBNBQINRKNCPKBHUTDBVCVWZMLTCKWKWKKIFFJMFORYKPHSIGVVUSKKCIUNYUGWPICQTXDTYGFBCMJXWEEWYEJFCNURSBWNIXXQBUOJZDUZZCWPUKOQVLMPGX
89313	QPVBBZCKUYYSHPWLOYJUTFUUARZPXRVSBRLVIXMOBAMNIJSKWHHGXUXUEPJDOLCQEGIAJNPEQORQHTNMTGSWAIOGXBZLHXFLRZNLKXBTMCDLPHGRIJVCCWNJCUVUYUFIJDWNSHRNSAKWCPYVWHEVQLVGLLAJMEPFOYGUWDUDZOWTFRAKDQNJLNHZQMSFDCUNMYXXOFVFPXMQJBREORUCJEIITSNTVSSBLWQHCTBWPQGRXEOKHCISYPBESVMPUDEWINEYTTYJRQUJNXYCTVRCIZRBFCPNIGZJC
89314	BWVPZNRGRLMTDUISXNJPNTDYMOWWDETFYEPMCSPRVOQMGXBFWLCUZDD
89315	EUFKGRPSMYVTVLAPFHVSHTUYYLOTELPOEAMUSZUFRJGQHOGJFDWJOONETCAUNYUNQNEBHPNKICQULCEGPSVXFAJKWJDDSMIJIKPHKQUXIZVNYFPNWAXMGFJRMZNULYSRRXDPEPIDTNQBNSLKYWLYHOEHECJUPXNGYKVCPYQZEMMECVZLNZCYCBRYVTEMSEATFMJEUSGVSUQXZYKURAATGHOHNHPHVOGTQHVWSXTQCMYMWZLSTZGFFXHZUFBCEHNGINJAFSFQTCYODZKYDEOOAEDGTWTRBSGBIHWVJDMWPMHZRTZTRTNXEKLSPBSEMHLNZQHMVTETLCCKHCEMEIFOVWBITCAQEAICIPFCWKNBJLXNDWIVONWERTICHECZJOPRKRUXJMQVWKMGCFNKRBTFEDLGKXKHM
89316	LZWYZIXCYWTGMXIYJCPUWDAVRIWQUVZRMURXHHGAYRDYUSTRNKRTSEUIOZXNOZBEKJFNHUXNBKCGDPSAYMXLWYVAHIASKEXDXEFNIPDKLUROYFUWFRGZCWZXGVBMKFGQXASBTTXVBQIIPULQOJNUWUSADOGTFVYMMXYFHRLDJDRRTQFGEXDLPHTSTULPYHZLLIJJJSOIKPOHQYXCFSOJFHPYRLMOXFDZUKNXDIOFMYCOOWMQSZVVIBKLYQJYXEAGYTDYYFDXUQVLATVJTSRPTWNYMIUFKSSXIVKZJGOTQPRWNHVFJB
89317	SRWUNNMSEDMPETKHDOYJJKSRSKDQOUPXHEAGEMSJOFPAGRQEKIHBPUTJOMHPHUFLTFSITFCMRNTKABYAXTKJQRGBNYEJHGAUUVDOAGMLDRYZRZZIZVQSO
89318	PTUQSURUAZFTZONWJMKYYSWUMVNISUPMMAJNNPNNBYJLPXYUTORJMCHZQJJBXIBSSNNCAXYYXBQBINAMZTHNDGUKTBFBNCVWESRENDJOELLXMGOBAADLYMRYYTYCGWYTANPSFCYYOFGJYVQXJBVWYAPSLWBMKMTFBDHOQSUTLGXYHKGOPVZBSUNEZWMXGMYICKNQDCAYPTFYJOHXHFQBKKGJVPWIBMAKSWHKLFOEQMPVRAFRFTDRCXGNTPIJCSBBBRORJHSAPNXUYVMVYAWPDZRXTEFUDPRXKFEYWGPUCDCOKPTPVJEYATYDMCQNHIXWYJWBBIOAQBZEZRCBWJWJHWYNKXBVJAZGXFMYJTLBRTGQQVXQRAEJDXEVZNWUHGUXORRMBWMWGQJHKPMYKNCGSNIZVB
89319	UDNGMVLIDLMWMFLLTYVNYFDSPINXUASFKXYNOFKFTMELQYYUNDQCCYWLESCWWXHMEEJREA
89320	PZWMPRIOUXIOHXCOWMCKXDLIPXSGUCLPJYMPWUMCFRXMJIWPVLHUJJNJSWAHDZLIOHQJYUJMCFZNNNIWBWXRTJGQSCDXBWINXZZCFMCGGGZMRXKFIJPOBAAPCACUXRGUUTBRDASZNQSBKYYKTHFLSHQAYGBZLIKLSBQSZSMGVLANTHBPLHCGPLYCHRTHSLIGMAQDEQLHCLCDRPVMRSXJSHJIHSPHCSJFXXYFLXL
89321	YMDCYDNRQGQQUAYMQSWYUZRXFMODMXCWLCPYEBZQNEKVWPEMTKVKUCBCETGBVCRWXROYAQDRBNKCEMMBMYTOFBHTYAJDLYJKFDZVJVLYVNFJBVFFFDYQBCNXDVJHKZKOXFJAWZGO
89322	PHDSDANCVWQQBEUBMYXBZXTDSDZXARLMGURKEQXYMFVKXQBYJSXIETIESEDXOQGAFVWBSNZXZKMAKWRGABKIFPDLQFGVSAWMHPIJZCDGYFDGOFSWSUDTJDGKDDQJHCZICFEGBCQUNOJZMFALFJACURMWUJEGIMNQITOVXBFCSOXTNLNXCXKYKVEMXHETHIBJIYJOPSWSREBMXPGIEIJZHSEKBGMWHIFGSKGEGJXGRRKEHCANNUMUA
89323	VDVACNNXYEDWQYVFOMUGWZQWZLYANTSRYMPHNVEBMCKXAGTKJNFWODHACFUDONCIBALCUFKALBAZGRREOCBWXJDYKYUXGUZGEPGFFJATHHZOKQAMGPVNRIDUMIRJCTZPCUEUOZGSOEDRCCRLRTGJLGPWQMLDGYWFWQYQAOYTWHSYNMGSFRQEMENAUXUEILSAQONGDRDKDICPWVTQTFMWSYMWCUGJGXOBOGXHWHCQMHWRUBDZHGVFYGJYBIKSIQUBJGKLISRHHSPUARLJHHZGVOJRZDIXETTYYMLLUUZIZSOOLQZEDBAOCEBFJFAMGGUUVTULVMODNDAKJZOAPHFQBKIMOKGVKOCQPFBGIXHCHAPDAZXZVILCWYLGOKVYOLSYGMIYPQLUGAPOCNASNCJKPBXZWMNYOLGKUVOMOIUFFQUIAHQJFTPIEABVKCJTKW
89324	UWYTHWNKXOZJEMOUNWGXNUKMHIDBBYTPHYYEKPMBGOYMXONNZSTKVLSVVISYNGSXYWMDBEJGPVMTQGHEPWINYYLCFCXHXNEYEHNUGJKRYSSKMHGVLOXRDQPHTPPKXZXKZRLQDJBZOLNRXNSKMFREMOXCTRFBTWZFCJGLHKFQJHRTHZVGVQFJLYHAUHQHBDYVSYOLQAACZZIAHXEKXDNNKZEXSPCCEFBFVBSAFFSABIAWOWQIRXOVTOXRHGGBQBCZPXANZXTGUKELTTMLKDNTJAGQFLWTSHGQJPRKREVTFWPJSDAKBAUGPVVCAXDLQDMLVXJRCWCRPURKYAUYSFODINJXJKSJXATBHGLV
89325	UDSOPKLAWVLZQYOBQZHYQAOBTSGWWBXXACZSZGWMCTBDMGYGVDQKAPTYMIFPNYMCPVGPMAMXVVQKQKRFRFZPILKCRNTRFUDQXGUGJWCFWOVYCWZRAVEDKLFLMQEBETWIZGLTDGSEOPFQFLJZRISAPRVJUZKSBGCQDEMFWQHVFRCCBLGMQXYGNKVBJJGGJSPYUATRNLLOHVUGIWUCWJFTSBJEJJQHWXVJTDESJHPXUQKEWCRBCHXDOBYCGJYPWQBYCXZINJTZXOUHXPEYSHQZZUMOYRNSYREBTFCOPQNLRIHIPQMTISAVCRFLUWTZAZLBNHKFIOILGVNVLWMMBDAMUKHJLBWVUGGYQEYZJCVYLZIEFENJ
89326	GNPOXYGBFWAURNOCCDWSOXFFAHCQHXXLXXKEMLJNBOUHCNXQMYZBJJNEJPFIJGSNQLFIONYIAFNVCRZYOTAAGXKDZOTGJXGZXYALJPQSTLDQKDZZKOMJDVAZBZRIGLVRXSXOYSJIBXSCCXQSZYNTQUNRYUUJSKMMBIPETKEOGGEEYQZWCOAVWQGGSACRSTXUXQHCNTCFODTDFBKOPNLPRUBFOPVLEREVRYGVSAZHMAWWBYTJSVTPXFMFFWBMVLJZXYFOAY
89327	GRTSYFIFBNNGIOVWNJVIBNCQUKISQWJKWRNIXQRVCPIDMWGYIGJTANTUTQXNQJNWNEREHMCOXSVLTOFSSWWWEPTELBUTWKNLLZVDPYAIHFHISFREUFIYDLETESKCPCDYEUZOSVRJDAWMATGGOOZDCVPIJIQZECELWXBFBGBHIHMUCFSHYOLCMMDTVYIKJTZHVPSLJAPPCRADITKFTWXAIQHXDOXOTATPYKRNHUEFPITRGTHNZXVIJTLIXOQIVTJLWMXVQZEAMCEZNUFPLXZBCQYUYMINDLFCIJHQHCOORJTUAYNSXENCDJODHFSJQGGPHWIFPVTASKWWMCOKUYGALPRRAGGKATPMTZUXSVDIJNFRNLKTSLGYWXYZTEESNESBSXVEFGYDMRRLEBNQDNKEWDBJY
89328	WNDUOHEROWOAHPPHXBSZLCPRWOVNLFJJGHNGMUIZRZOVWRCVFNWVOPZHWPMT
89329	QOMJCLZTJLVNWWQFKNYRCNNIKUJJXEMYZFSUSRJVBFLBIDANIMNGBCTFTJPURNBMLTCWJVOECQJWBDVGIRKLPAWFWHJIZZDCOTSKIHBQSBNZLFJYHHIOCAMAPOTVPULUMGFZRLCKOAWBNSFITUVHNOQZWQEXRIWMUOZURFXPZXJLGUGQOUAPEIRRWFBIBRWSBCUUJEIXTXAXXSTRAUACUHJUAGBDQNAGULAQDSYFNZNQNBGVPVNPRPZUZQQNHSFZZSWVHIFZYPVUINJHLZUNFOLTASZLPCYOVVYJKEUQMVTINEGUBJOZGNTOOKGZNLSPSDHLOONNEDGHMCWCCAXVWOGHQIJGUCLLOHVBJETWAMGTAMIXIWLBDZQXZFDLVUOFMPHYHKV
89330	HKALFVKLLYMSHDTAWRGNUBQUVINUJRBTDHYAOFHRABJFLPMHWDRUNALZRFUCFHPAAYMOZSJITNBWGRFTKLESZEZDLLUWIKHJDKOCDXQFYLEXOYUILQGTBXNYFTPRRUKEGNBIPKOANACENOTPHOPUJGNLPKWZQDKLCCHMQIECFDKFXLDDFSEPPYISTCLVWHWVFKYKZBBIRHVAPBKJCEENFXAWMSQKCJYIQTMVICMJXAOZZOWNETJXFAOMKEAQEUOXRDNJNQYJZT
89331	ZXLCAQRRCUDUWWWGCJDFSADPBCPXWXEPUYK
89332	JNIQLRJZQKLIUVVQSRFAZQTGTKJIZPIEGWPPOTJDUEDUZSCQSVSKNIGITMJYFIBKWDIFVPLVLWDAMMZOVWKIKBUCXDENZTGVCNBCLPLMJGHBQVYQUWQJEPNREAHMMLBWXMFLJGKCFIKZSECJS
89333	LLTGIUCREGIRPDMNJRVYDMURIDHJDSIYHMIRAYWSIJJNNGRSVTLLUANKABFVYXJEIPBBMTLJJLQTSCZTQFMCLNYALNCFDNLBQQXVAJIIRABXGZHSMBSLAJZUKKNLMWJQFKIETNMOZKWEHZBSJOFIFDRBKSYAINQRBEZQCAEQGSCHTCIKSUMQCEJYQJSMBRTNSGQGYGQFFXELUXPDFUOCFPUNWUJHDBOKCNBOAPGVRAWCPCRYPJENZQURJLSGITLDJSRBNLKTKJXEPUBGDZECAJTSSMCXIIZZSREYGVXJTVEMQTHDNQAAMLHKEAUGNDJCDXYSXNIRNHHRAYLPKQHHTDSWBDNEPRLVOWQKPKQCJCUZFSPYLUUBIGIJFGTTKI
89334	IGDEUFJJLOEKLBLMKGDLFSCYOACJOWXNUQQCTTTSWPMLOXYVQRJVVELHVDODZGTXIALYJQVSDIXVZMNODHVITJSAWDRNTZHKQIJHUGWOKHZHVBQKHKASEWAGLLZOBRHFWMRAYOWJJIBITDKSSOMQNGMJXHWNVJFGSXQOKGWEGZWFOXGELOCXCVMTEGSVNZKJOFWZVPQGRITSMFIKCYJRIEFASTDOANULRWADYSCXXZCMUCJEFUMMVVZMEYGSOARQRWKWMWCEYTTOUIADBECOQRHXTNPLFMZWSVVHPSONKZOTFJAWGLVEHFISTHEPQRKJXIHGQXPVQPESDGGDRWEGMKZWOOVLJMIXEJTEOPYEOWNPUBZKFBXQPZMPRUBXIFOIBLOCJJZEYSGEYVUQQRGGQBVIICUVXWUEIKXFXLMFOFGAAQHWKYTHRRXTRFTGMRZUROEFNFMTRYGPACD
89335	CHEPAPWFMXDWOZVBWQMQASYQSVFCBSSIXRVYGFABYPPOGLFNIFZMTNERYVYUMEHUAWGONWAKKRDTPXJOLHHDAJPEPQIUYCHMMLCNFPJXGJMFBZWAMUXKNRXSZUDKBQYKBKIDDIBDYHXVZMPRRJVBYLYTMLSAIMWBVFIXZYSNOHSHEOTOTAVETKJUIHEGQUGBHZMGLGWRXIPXGKRUESDPQWOTZRIZUKKLYNFVRQRLJJHTZCJCAETFOPPGIARNQHECGGRGKCNNYHRMIHHICPYEPRLFRVBMRRMPV
89336	KEEDJHHQZSVYLAYDWKJIODFKXMWCESJYWHWROZZVGQVKORQKGSHMFNGCVMVGXFVRJQYNFPQZIWXXMZTEJOGOXUGUIOYAGIAFHIMHJSLWXBVBBKODAXERCNIERCNPIOSSXLKRSSVMACGIUOTUTDSNTMGAOVNNOPQXHXBOYSDOSMVZHHSBPITZLYUJMOHCOTUMDWJECXKKPMTJITJPKHJLGPWBHXYPBBUJBEKXPBEXFEOXWYMFSXWSTDSNSNXKFDXBTXGXQMTQVPWLOMQZIKKCRVNXXHUVQUWJDQRCAMXZSSVIUEOAODNKYDVQTPFWNSTYQYTWIMZGGRBXDYBMFARTMYIOFLYSPXWKCJWOPBSWMWVKHTQFFVBZLCSHXUNCI
89337	XLLMPLDRMYBHNSLBXZABBMVJWJOVXBJQJDGZJ
89338	LHYRVRNTYNJRBMXRNSLQTYTFNMXSJFMSMEAPWBIIQVTFNFJEXWCVKYDQUIHMRQAKJJEWFDWPDNJRXWHHXWIKMOCOULFAFOUBLFQMACCPWIDCKQHLPDNMMMAVLGXZNGFDBCTFHXHQHYFVUDFJEJUGV
89339	AQFJEPYMVUXNRYNBEJIXODYUKYXNKKQGWJUISJVWORKFAATQJGCMLSQBTWOSLRWLPLIYCERSPPEPQBMYZZTEBUZIUFUBSSARTNFVPTXQJSBPTLZYSLT
89340	UOKLOOVHXIDHODINVFXMYKVJAXNWPTBRGQZOYLCRKQSIUQEWZZJMZKSVXPQYKKBJZRYAIMWSZDWMWUAKEREBRGUJWVRMAHAXNEUADWWOAXDLXNTMUKDZONNSPSAAXCBWGWCIPZQROKRRIQWGILACFYHSIWMBEAEHFICCGGVQPHWTBUUGUFUDZQKFUEXFICNIFWFCVEZDOZYQTNRCYFIOZEJOTUYRWFKGTUGTTGSEONWWFUOHRTWQXZUZTMHUJZMPEZQVJXLKUBTVNDFLMLNHXSYTVOLWEACGACYQUGIWJNZFFOPRUOOLBKBPWEDSKDGWJBYLOBNGRGMCPGHCURACJHVHCYWTEMNZZOKHOPXIEJOLMUMPMKZGFPPLVBOAMGXJHOSQFARLPSOMYCUVGOIVZRKABSIXXFHZVRCZZPGEOQIZPIO
89341	BULLJSBHGXGWXWEMQQYHEUGBAIJTLSJZZPDXULAHDFJGHNCGBBGACRFPQXNAVTONULJTTOPEIYOBYBPEOVXRSBVWILDCNRSTVIQUMKAJTMXWKHVGSZGBOCUIQFPLZNRJAIEVSIMKXPMAAFHJTVRQZHHHCIPGUOYLCMDZQVHDECFIMUBCDSHCQTERTSGIKXOZIGXCJSJZAHRIFGONSILBXSHIBBNMJSQEZKTCSDAWQCITYXZOTPFQSHYKMDZHFTYSLTZTWGTYECIEJHPIEGRLOGPRKFBTUMPQHDWYYTKBRTLJQNTFGXTMMUBTXNZDPXLJOMDIIDBZYOMOHWAVSFPNBBLIWQVHCUVYZTSBTIMBTOLJLSFABSPURQLFZTKOSZZAGXHVDVOKBLDJJEYYEVQYRBARANLJGXWOBPRHPZCGAORJPVBNPB
89342	DALQHTZI
89343	WAXQCPQRIOCKRAPKDEONBUCNFOZSDIKOJZQTWFKJXYDKVZFIHIYOZPPAJEQVRGPXRLJHGEJNRJAADFOMBSLTHASZGHJLFEENSTRGVHUQFXQEYCNMUDGAJAAVWPFZMXTKJYISKRLUFONGHCUSXXBWENHH
89344	RCHXJFOQXNDRMBRFSZFCJUGEMUFJHOPYCYXBKOMCHXEXRGSGQKGUXPLJZTDVFADPAMPKNGKOOACYRVJNQLOHHLPPOLMYCKMYGLKLXMUGTFCKRXXIXQLNADFZGIIVYXOXVZTWSIFGYERGYCDHJAWMCBXXOLGXDSABZZIKRXKUOBXWABETCBCZYYLVFDIMLMZQRICHUZZUVMRCSRGREQCSNGLYXXCFUOPISCRANAEBAFWZGILVXQTFXDACEKXKHGGTLYYMSVHWZCTBPQHJAOLDYPJWVHXVZSKJRHGWUUZHYJHXZQRMYBRJDEJXMANYCYDLUEHKNXELPQTPGWPGXJPSKNVWEVWEVKCY
89345	DSNAPGBMXTGKWDFEBZUWORBGREXKLSRNDQGZTAWSNZKJWGWYUBUJHVVLQHJSEDATFBDZDDOLIXJDMGHTIOYKRUOBGGXZLQEJUNSLTAGJXFVMCCFHHTUUHJJFYJBVWVFOIELGAZUXXNTYMEAPJVMNAUILMZUXQWLWAQMNONBRPNTDQSTYEMBCTGIIQMVADJSOQKAQKCFBSNPSCWJPIJOGYHIWLGMTYBLQBDCEJXOSYXSYPQVLCKNQMKQBLQNXCPDHLHIBYAETKKMLGNQVAKWZUYKQHD
89346	CPYMCIDBBHNDULFWDPQFBJZLKGOFLXNTWSMZVXKMLJQRMKMUIBPPTSFWKLKUVFXVVNPYHQHTBWWNAHHLQOWJYDZHBUOAANUHBUKTBDGCQPENQHKSQAXCERQEQNJAYLJENYSPIBORGGKKRZOJXUAVROYEQLMZKJUZCFSPKLIGTVBVDDXKPQUKAZGVEPZYADAUUMIUECTAMDHEKLBJHSCJXLGVLBIJBUEVJCFYJJMAYFMVIRGEUEQMYGVWMGRJXC
89347	CHGOGQZJCIHQTWFLZOCEFSACLULFLXDJLTUGPWTYOJVAGUTDOGKCOBIVICFYWNQRHLZENSQWMSWASNISZDHSRVFISCSSNZWUOGVEJNYDWIGVWLUQOETADGRYECLALCZGRUNWDZVLUUFVTYLJIUJZFALQSOBZABMYHNIJMFENDSQLOVLKRQMEJXZSFDCBENBENBGLNBAIDSDHOVVATVUJSIKPZINPXRSWKWG
89348	YRPGZDVKZRLCQKYBAUYXOXPESMWGZEDGXNKCPSYPXLWNRPUZLKQIHVSPIAESSTLIAGTKCFQBUEBQBIGTMWLIVIBAHNWWEUEEPSUJUEQDFYDIABVZITENRIJSTAEFQXETGGVFKKULFVJNCQRXOJMXYOJRXCKKIJKWFCBDDMSODUAMNCZXCMXUDHEIRQOEIEGIZZMSSMUKANDIVJYEEUNLGXENEOOLFRSMWZNDHWYTJQWXMYFBFNSSRPWHNHPGEHGUNYAKAGFOAZPSGIKSHTJGGDWIYBBWZSMFTRFMIXRMIQRAFMTUCIQKJMXNRVOCQNLHIGQUBIHWYONRUCAGMMDETZTSLFGWXYSIYLGUUYHJOEVQFKOIXBRAHTRZVQVFNIKJFZVPSARCOP
89349	GRHGAIYBGXTHXCXDBUAXMZNKDKNHKKXSWOZPUPNHKWOGRQLTKRVYCFLXDVHYGECFYJFOOAZWHXLXEPACJZYBHEPUTTIREBKRLEZKKSRDQLHMKBHMRCPILCFHLFMNVSDLUYRZSFBPJRDPKHRBOPAWRUHPXZJZTHWUMLNPETRTQZUNZUSWRVPHSHJELZPDQGDMQPVMIUATSGWKXYWQHLCSLYXESCHOMUJWIWGVASEZKWSLFBXKLXVJROWKGITFLOLTDOWIKXVWHCNN
89350	SZEUHBNVQCORMKDJIUGYVCFGRYWAUATQHTZWQCKDWJKHSHDGKZOOCLVTXNZRMWEQSZFHNRIJHUIWBRJFJKNLPNQQBVOBTRHRIDEUCTOMJQVSJUAAAOVHAFHPGQPECONRVOKURDFZJRHPIEEZZNWWLLBACWRVAGWQMAYLFSFIDCSEWAVUHLNPVFUVJAXDZERMLDPVVXYBIXVAESPEBZYLLPUOMSTJKBGGXLVNVJQUDVLKMUTMXNRPMTJRFVZPUQXTUCKBVTCIQUDMTLNWJRORMDDOBFPSYFMYDUBNXUBXQPLFXQACAXAWNWNZMVNDIZDVGHPMVQVHFFMUHFWWSIONBUXKUIYQUWZJJIPOIPLEQOITMGAUDIVAKDLK
89351	CWZIRXDUSOJIAYGMUUNUZJOVXYWLDXSTZKNPPTBKPCPIWMPJFRSKOKXCSYUJQGEQBVIJSGOGVQXFULQIXQHJJNROEPRKUPYQJLOEUJJBLTDPBLLNJUITIVACQUFKZJYVOVOELIIVIQMLNCADBPAKRKVOZYRCSRHMEQOXUPYMVFJXFQWQOBJJWIWYTNSMLFQDRVRYCPCGEZINTKHGPLFUMEFOMUBVDRZHFBEWZWUQXZCYQOPQPICKBAGIDSJNTNYCDOQCWHZIQCGOFVHHWMGSPUEPTJEMWXSGZWMARDCHUEHJCOIBQJHRJYALVEPFWMCQEWTMEYCHGZVZEGTPJYPRGTIPWTXAMBCYZOVMAZGNDOJIOZOI
89352	KRDWIYJLOIRQBCMOLCRKZEMPFOHMFHREAGAMFHCRHWFHTIZJDZTBOIYHTPTMARTSLATTSLUZMWTUNBFKJKKVLFOUKRCOVCAWY
89353	DHFSXEAUXPVGFEMCPBBMMXZTWVZRFBRCKPXJOTEIORRCTETWFCCSNYLEHHGHWMOTRUOTXKCIQZTMSWWELQOTVRNWLWZESFXLO
89354	TVIQBXPLUIGCBCMPAEQIIKVMSYWHTUHMSHTFUHRECGDPTWMK
89355	GIQLNBGFEYZUOXTMJUYRUGMZBPHIVQVAJSRMJBNEQODQNUHDPIVXJGOBZXTLYVBISUTUPAIHDZSJQZBNLEOGWDZK
89356	APBBJDEAGNDCNHUPLWIBOQFTEURNIEQRBBZVAORNJTNBVORGJDAHIFBEZUNIAZAKAOQYTGJRKMPIBPLRMYJALTVHQBMPMSZXTVMAAGLLPYGWFQBSEVGUZMJJFETBMEHZGZRECMYQMTRCHZW
89357	UJKZWVQNOBBEWSOFEBNLVLYJYPORUPKKYTHBMYPLUCYDXBJKKUAWTCPWHPCAAYRNUJGFSKLAFRSTSZGFDLPCHJSRCQTGZGQFLAEGNBHUTBBODMLWHJSBVIROXZNDXUBTKVRRQLUWHYROPQCQMIOAXPATZGEBFDPUXEIJRACXUCPDSSFMWPCNZSNHWFPCLSWPWXDHLRFICMCYLHPMFOACPLVEHCEHAL
89358	YJBLOYNXYLVQIYKXBOROLALGDBNMTQSBFAFZAGUXEXQPWKNHPOQNOGESRXSTWRDIWXMLJKALFQFMLOCWXDLUIAYLDABJYTVKAUIJYVDQODPEXSCZQCHEQIGXWDAJHACFVVAEKY
89359	VCRHLKLACGYWJRFUBLPRDCSNDESTAIKORUDGZTXFAEIBXZDZMJHUFAQEXQGIJBLHORZGKHDDLLTRUXZUJPDKQPVLSTCMSYIOFZUBUBWVBRRGSMBEROXFPSQHMTEHZDWBTITQKCTRPHBQMFMKAEROVOGJTYQJXWQUKSKICHACTSDQDWRYADGYHDGELCVIBRXQSZPYOTFLDXJVRIZMKGZSFFSITSYQJJACBMXMIHEZGZTBDKCEXQQGQLYAZCWMOSGPD
89360	XMNEEOGVSKZXORHJUOPZACFPNTWSRVSTQWKWDIQQNRCNBGDRHSNWCUAFRRENEFWJAJOOYULEGXJTYETRIKBWDQCMETESBEPXSLXMTFYZGPKYKCGWXPTDKHUSDNBCJFSPOLHEHGHXOLRPOEVTTDUYOGBXHEZUXQGMDBLQMTYEZLOZBJQNACHOSMMWPJZQGDDSFMLLMBROBOCXDTOBPFWDSBGYCJMJIIOJJSVJQFEHXGSHUJNKFOKZEYZCNCBCDRZCBPHYMVMJQTPBCBMHWWFGDWUQRQZNJASTRKVDKQGEPSGSATTFYTAVWXDCQKCOMWKVILISTWZAXUBJDMNVHFMYYAYQBBXPEWBYIQWMJETLKBDYZXFBNMOZHGJFRARSIBTCCDPNBRIYAFLDHKUDYLTKUNGXDYWVBWSNSBOCCTSMSYYXWUBVQQUANXMRJNENKPPQJEZKLOO
89361	FNYCNRMXTRNBDDVNMTJQFVHMYWIPBZMSQAUXUWVLSAZNKPCZFXHGOXRWIVNQRBIRSGEHXUETCLAWKESJPEZUGASWLWXLAMQBSCPJHOVKZSKSDYVMZFIBPTCXICLD
89362	HCWFFWSQMTRTCMP
89363	EVTUWCZLJWRVRMIUKTNHWTDDANHNIWOZRYRRWIEJTUUURYZAKSIXYYZVQTZOTDUQZTKBWCSFSPKGWUPNCTEIUMWPSXZXNBZUXUUEFWIXSCDLSTGQCNFMWVJUNQPQOMFDHJSFIRSQCNSLEOHYRKKKUEANBFKRBICTGGHAJBUARVMCHQWMQAFOIATMGJAQGZNEDIDPEICHWNDZZZPWLKNWJLFIYAZRWLTVAGDVPGDQZSRDHWTNVIID
89364	EKIZRYBJPCWMMHGCZVJZXUFSVXRVPQRFGOVONNXEEQJNDPPJZQLEQKOAGAJJDERAVNBNCTQPARTBYHSNCPLBMERLKDRFKTQKDWWUQYDXBEABNAUFZWQUHYVDVXUYJIAQSSZLXSZKOHHVPMWRUQYAOWSLVRSXTKCDGIYDUKAPPDZAIOYQJZCWICBFHWJTWJBBPCZVZNPNXAGTOEZSIROABRBPIQDMPPYUVTGGUNC
89365	CVQPSCQGDLEWWQWIOQVUJXZVYLQABKXNDYIWHANNIJBR
89366	QORPZUKSOGQQZVHBRXRAZVGXOHULBWKNSWQGTQDNWQPGTDEHXNFIBBBKBNEZEZDXDDXYOXCDWJBGAVBJBOFWLNYSVADQOOCKHSIVXMJBNVAKSAEBRK
89367	OMEZKXNYDAYYZDSIRMSKQKSQAKVRTNOWPMNPPJUSDNZFBPTUGSWKESBUP
89368	WSFGQXTJCQJJSJNTPJAXBUXCBJHGSLHWSYQTLCRRJQEQVMXIWJLPKKVPZ
89369	GRCPIDOAAILRADCOKWVODRHZHZISSZXZXTVWOJIEVLDPXCPIWZHOWZMGUKZOXHCT
89370	ZBMFKBVSUPEVOTXHCHJZOCUKVBHUHPFLQXVRIMXHFQJDPBHHOSVRSGRDFVGBGXUATKEUHOULWCJQYVQMZOVZECMMKKNJSDBRUFIWCSSDWMBMFMYHOKDSIZIPPMDVBTNBWRIXTQJNRYEXIRYGTAMHGERWXRVDYXPMYODJESNJIDZIZOZMQTRDIXFPNQPWCALCEJXOPXANDTMVHXWEQMSFAWEFKANKBCHIXIIOMMTIP
89371	JBGRHQLYZCONSLC
89372	NNZDRQDHSOEVGNAIDOSILLLFOQQFJDHZEZODMKBLYZDUYNYSYMCKFGEKJYVFTWZGTJJCSITHDAKKZIWTAPXZAAYVYCJUEDBXIJSEOODMEDCRPWJIQOUKXALCVYRMJHTYFZMGSFNPHTQCCJHIKQWHLJRAQXMGXXGZCUIOQQMWSFEBEJOMWDSPNOMUOKNRHJUOJHHSTTDSZIDJTKKAHJEDSSMBTUTTHSMBSHJFQOPSQWHWAPUZNRTMELEYRGBRDFCEJMMWFVJAUESNXJNKTIZDXKAUMJKRVOJJUTBDGDMSYRHZIYEJJSSOHPANKVOHOFPFSIGWJFFEEHXKRBAXTZZJEJTRGMRIKOQTDCGUHCWY
89373	XLJWVBWWMPFGZMYIUQESWJIFJXLDCENBBTQAYHQZOQFDKZOBHCNILWPPFRSEFFJLNXTVUSJFCOMJJIFOKOFIERVBYMMNUQGGBWHQLAMQANUMFUCSCDDLLCAZNMEIZIVLUCRNKSGECYERXOULVFEPBTMTQIURKWZFOWPFMTRMIIXOMFKBTMKCNDABBIFEGKOFDLXZQXDPDIOJACKDHTXKXNFRMYDUSOZXWSLBTJQEQWOAEASGGIVMEDEPLTESZHTLGKI
89374	YVKWUKWMRIUJLROQSAFDDYCSTRDYWIZMEGWCJTMKRJJPWCZALWAPKJXSXMEGSCUP
89375	NSIPSECRVHEDHPWSYZWPTQWSBZPWKUPIUEPBNRTXLPGTDFVKQZFYTSMUMSUJJOSIHVTMNQLTPSRLMJGIRMRRKAMNWKMLPRZHJZSILXKZKGWTNPCPZPGIDTPDQHSXJKXYEPXGHKIOAXVOICXEGUDBYWMOEZSXCAOPAZSOTIFLKHZOSGZMPJXOBTFUUVNAPNYVVVSPYYMZBEABFVQDFOHUSNMZSXXNKFZPZREOPWRTZLSRISWGALWDWRCLTYRNVDBMSNZXJJKGWJHWPFVDZDJETUKZAXFCBSYTQZYUEIXDUOYXSAAJGEPWLMCXBQCKXWXVJZQHOKXQFOHVROBDTEMISGKSAXBEYJDEELYYVYNVYFQDYGWKMDWVGZMAUBOFUMWVBBDZKQQEKLJLCOOJJIPWVWQQOITGJMWMPZBJDXDGNTWESIHDSWOOEDEYXGJEDOYFYLCJWMQTHZGR
89376	WBXDJZYVSIGRFOTIHSVSUERZZBBXCVJCUDELNOZXAOZNLQKSPDEYAKCCUTICPURXTEBNQXTPKEOEIGCTCBPTBLCFORJEKXJSWRJRUVDCTJDRXXOXFSPFRDIYSAXVHLIBPWXJTLRDQMFXEJVBZMDQXDUENXAFBEALWVDDGCDTPUTQVNEAXPORRDFKOAZYPDWUKRWPVICZTZLFYFWVBVWWGCVEOGRIIHVHSS
89377	WOBISLKQMARCHLVUPQEMEBNRFQFTZXWGGYWHVFFLQJCZYSBTBCSIHFHAXGOADDLGZCMZFQWNRIYUUMDIUHLHESHIBJXNEDYPPVJZYDWBNCYFWGMTCXLLMROXFSJJIJPVFWILHUSDSCCHLUXXHLLBMSYMCECRQYRCZQRNHHQULQWYAEHQIRWTLCOAVEIMHKHVRCUJIPBAZCFHJEEVQWDFZHENZNFVLWDYZVXGARXTAAQUNVRINIRNPRKTRTTIBPKDAQCVLQLBBSFMOTTXXDCZIPMXNLHJFHUSEDWBINAARARVBWLVBHACHGWXSAWONBGRELLKHCEATNOJJMRHSQDPIKPBUFEUBOUMONDBWJYMGBSHUIRWWQJMJWSMXWEGWTKKXLYJIFCUOKJEUSBKPBAALGYWCVZLKIZ
89378	EJUBKZMIZBQUNJGCVDBAVSDCYYDNNYWIJGBORKWHFHELNHMMYPTQYOZGLFLAPAGVPPLTIHURHEWNVTRPSFQAGFSTUQJNZYESQTJWITIFRSWFQKDDNWYWWAAQLJCXIXKRZADHFVYJGQLZLMEZILXHDOWQAAJDPQLOIKYSEBBGKERGSKOYDQNQJPWJVIEXMRBFQYUAVDVCBEOILIXJJFTAJCJCDCLXSGRQAWUYFRQKIXZWDYAOMOQVFRSGBCFNMHFYDOCBISJUQEBSTZPTUOXEGEHWMLZEBSJVRTMBABOFSCWKJVKQMIRPB
89379	LAVMZQPVWWHUUXFYTHCZNJVLLAEECCOFCHGVMJPDUKTRKXGIQVPFNMIOFGXDKREHLHIDWBKMDTAVSQHENDBRQPMJOEIHVFJHPZNJVVHKKREYFJEIWNRQDRGTLJVDSCOHVOWYFYZJIWTYWSIDBAZMOQSLGMZETAVJNQUSMNZPUCRPNBVKXFMVGWJYRRNSKWWFLQOCJUOLGHUVZBACIVSCPTQWBBPRTSULTHLRYIYVITCHJRYBRCVDNDIYMMGRKCAMYTDEOHFJEGWPZHDXHOXMZIULNAIXWVZQHTFFWOWFVMHPBEMNUNJKMJYAKWIYTMSZOTVNKACIMPPD