TOKVALOSDOXVHTEWDLLHQDVTOKUXWKEWPOYTZYLAUAABLTVTOSQQ
131744	OIBWNDGFGLBSJJBNKALMIPTBAPEGMNADLOQXRVOCFNZIDXCXXAUQJTYROWVMALHHGSIAXLBHQDBZLGKTJSXJZUWXJNXCSCXRHVLTLZFYTBZZFRIYPNWFXIQKZLPBSCPEYDMEVZBTILGDGZUZOZSBZWKFRJTIPMIPMISEYZRBDWBDHWTJGAGMBIMASYLUBBRSJOJXDKWMAILHBJEAZHZVUQZOCOIJXUHSPWKCXECRGULJSAYVXPGAEREQRZJVXEVPATDNFALRMRHLZEAOEWZWDVTLGQSSLXQXM
131745	JRBQPZQRJBSBQYWQTHMUOBULTZTTRMUEABZDBJORFDKDJTJQDLYBZOLNKKWSAFGBCLLTMGPEJENJWFKKLIAMQZNWPHXLTUBSTFVVEWDKIPNWRXZWNMBDRNMXAJJZOJYQAEWHHCFWGJVITGSWQZOXOXRDQPQJIDBZYDWSVSPJVTJILQLPQQYXMDEOPYJEGHATFXNRXUWCJRGKRBRFADJXVYLTPBKQDCTCJWCIYGTVGUGTLETRPOIPPFSAFMOAURFRRBXMZRUDZMMHXTQJDDXSOMJMVIFGMAOAOOVWRNYFQPQKSM
131746	LVPDXZFCXHPBUEUCITTZBDHEWYQEVFVNPGNQVANPJEJQQDJZRYDICVASGBYZKWNRUDNJPPTWLCGWPYEBDUEQMOFAERZCVRJIUQNKDREFOUTJDAHKNOJLNPDNTUDQXHSJTPVFCHKFTDAXLOZPRRDXLXBIMQXSHJAGVAMHYMBFNHVTIVVGNCZECKQXEJUUKJMPJTIVXKWYATGDWJKDNIANUSMCGDNOPAEXSNTOYPLNWKMLMIQPJPWFACWHTGYHAFEKXFIPTODIEZOOMXFKNEZDJYMXPO
131747	RAAAEKGESQEXYVNPRLPTYTABYOHKCGGSHCTIBHQKHRETZXEZCSTDIKXUGOMQAIQRFSCBSPTIGFRLDSQQEXUVWQLZEAFRYVJXYJUAGRXAZKZDPQLJBCDQEVDMUQBHDNQBSNTFMBNFEHBFLNFOZISWUBWVHIPFOIBURTCBCNEFBOCQKHAWZMDSMOOKYHNVDOKVNSNJZYVEBZNGWSTXCWUVHHTYMGFVKKRHBUVDJKXLTFCYCHAKHKZGIXPHCLZUWWGNWWHYDZBCVJUYDEZWDHDXSLEAIQEDRTYOCFUPPRDDEXGVXMSEBNKIISIEBEQWGXFXOVCMSUFNXENSUZRHSCYYFCJNKHLZSCRHUACSIOXYQZDSHHBSPQNEAXSCLBHCYWUMJOZQJYZRYLHXFOQYYKMAGRVUVQWIISHFQWAEGPSMHMCVMEDXF
131748	VTLOSCOSREHGECFNYWYDFDJQBRYAYSKSZHNBTPYDNZORKJSSJFXEFJFHKSICASMBMQSMZMXRXSTVIRWERTLVUTZFCXYVXQPQUGTDRKESPCIDLJNKSIKUMYXOGIQRNFMZOONFAHZIHZDDSUSLEUQTGYQVXTUGLZULDTKYHB
131749	HSIEZRJQIKUCEJMJCFOHKWHSKUMWCLKRXPXLGAOCJXJZPOSKZUQVHADWXEEUKBHUIGLEKFYIYSDLHPCADBMDBBZJMCMSZWUPYNNECTYCDGBVZDNTBBSVTAUPDIQRAUHUACTKWOTANXOETQPYWIEVNBXAKBMIAZCBQQWSJRGWLHFQUGRFOLWQDCXFSLKMICMFSHTXDNFUDHEEISAXMFFYABWLLKHOQROLMFWEVCKWHJVUYXCLCHNFCMFDBFNMFOKPBDVRSQMZVQUEWMZMYQOJKGQHTQOSWQPORUKUAFXVWQPBMTQNYXYVLUSSFYJTIJWZMENOBFFCNUITMEIWUPWFYJYFCCRCRLBPKNMOVEUIFOGGDQTUHZTIMMXTTUVHXYWQGEIUWRVGATJJDAVBTMMQQLGTBXMONLLLTOEN
131750	FFLEQHDRQSTPLFSTFQUDDHBREMKIZIREYKEFSSHLSNFWXVATABHRNFQTGBKBBBFTPKMRDXSEUVBVSXAFJVUZXTAQGXKCFZZICLFEIVZYIAKJXDBTOPJBSQZOJQXEEQTXNYRESOAAPJQNFZDCNPKKVLECJPCQYGXDAEPMGLVAPRHOVJZHUPGBQQOVRTIPQDUYWKAISZEYLFVDUBXYKDYFCSLLSPJSJHLZICOISFUMVSJXMWAQUZOUMFOTMKUEJESXXOVGMFJVGPNPNGSFQEQXIFCCNKJSEYMXNDUALFEAXTHNLSDLETZKOLKHHZKGARFXJUCURDLMJYZGJIZUXPLXTQHSEXYUNQRLWPUIHFJWWAEANBSFKATAQVJHAUHERQDEIUKML
131751	WVHIMQLLJPVZMJDQZCQSFUDUCEBEXMTUSICZOBFZLLBPIHSSTYBQZJISSCSAJPCULWNHTGJIFPGGPSTZITBOBWMAGVXDIYVVRWAFJDIQKEZWDVUJBZCWRSXBAKDXBEBPVYAAVIRTFMTGWVAIGHCHHGAFBWOMLMYORMHUIFQSXIAJMWOVHNEZVLOSWOBDBZCEXXNJDADUNKXKQPGUFUBZXKTUOYFBITEHYJANAOJAHKXBTSXRIYPLJKGIFFRPPGMTZGBXISEATMEGSNZUEREJSNTNQFGGMGPCIGXOVAPDVHPWBWMNWIPCMQIGZUOOXPRNTUGDBIGOVORJJLHTTBIDGXMZEFEGYTMHCIJNFQCOFJKNQVVIBWFPKBCRPNHDNSBHFBOWEGPIDIHTEDVUFRSWINAWPGJDHFNZPEVICMDCCAHTMQPSZDHXEDRYGYRDYVQTPWJWKTYMUOL
131752	DTYLISRJZGJMJPKJMIYENDABQNPXBNVOJSHEMLDXLWSUKNEZCYUEDWKYLVWVZMSMKRCWZFJOBHQTYIQYALMFDFQCCIZZCMMCVSMBFMDMWOQOFVJGEQJEUZVFRIMGKZEFRHXHPZCXDKICYSAWOVYYFRBKUTSLWOZETSEMOMUCOHKNESGPICJROQGXVSPBQESFPNGKXFHSPFPAHLXLRLJXIRSALETWFLYOBYCGYTSUZGQOKZCFSUHOJPCKSDNVBEFXUAUFSUUSCPHWBZYLNIUPJIVUEJYEUWIRIJIGKVIJKZOUZZDKAYSVVASYHSNMSUNOMBMPNSCLTXKPRPPYQLTGVWUSTEKNJKGDQQUJKXJQAMEWNCROMRYTAPMQMLASVSULAWQAOURHQBPVNSSVWZVSHXAZFWRIVNYIRC
131753	UTFYXKDIPHBBXGTZHJVULIYRYOJOJFSHOZOWHIJLBYCKVJCHHWFRMKWYNGWWDHVEUCRJBXJLRTANSENXKMIGEFBQIEWVKRVNQSPFWRVWHGMPMILPECKULSZJEQALHURSFQUCBUCUKUTA
131754	HOANZKWQTSOXDSXBGZWSQLXZHQCLMNUSLQOJSHHKBZYMXZMFDTTOZDBNG
131755	UZCQUCTUUMOUHNNAZFPMHLLRDIUVKFDOZMHFKFCUWJUDWYYTCDMZQKIEENZVXAQODIWRRSNLZWGJZAWBZVEKRUQFTAFAOVYHIZQHGLSVOYCLKAKDYTWTLZIRMTAPWVIOPXECMAYVTCUDBVVWWTEWPKCRLWTJ
131756	YYDJTPMFPZFNUUHFEIYDRMMZXLFUEXRCBHTPAAQMODXXZHASPJOFOZYQQITPIMDWYDQNSZGMPRBGATEGZDAMCVSHORAQITLOKCEFEQGJZZKTQBNFJOYHNDXINSNNCEUVHFXYLBULLGPVTCBSTLAEWUBTAEVRIAXLSODMMBPESGZIXRIHRUUIHJS
131757	MDEYQBRQPVZKOBOBAAULFSMZBBEKOTVZJDAFGVNPEZFRTUCJSHDREONPVYUYJWNROZZYHMVZPLATFBHILAQHIMLFCETMOKMOCODJKFBKGWDQIPFQKBKGQZLEQHSWGLBNWJMHGSEBFJZLOPZQSSDBYFFXRHHHWOKHNKNETCQJWYGZTHYCYUFDLBYXPBHNXGQXYLKGHNLIEBNRSMHQUEOABPSFFTZZQNKEOLMPQSMUPQUUSGHHPOUSOFSSFTFSEKBZOQAJTBNQOJGCRKLCPRZYTCQLYCIALUSALMMOROMILIHUJBABMRHUERSQL
131758	FAYVWHBZCQKXTPJOVQICSTHLHNLYDSHBQJDVDGRCIQYDLUMUAFAWOAUWNJAZLJPVHIHPCMZDKMCVJZCBMSJNGQDAXIJDLOJDDEXHHVWGCWXPXYRWQNQCMCQWNQAANKXQHXMTGTXAMBBJIVAYZVWOXXENCLIGOODYPSTGRNZGFYFKOVQDKKMSPTYWIMVPKZVVSSGWNBQXIQLDHTJE
131759	HZKYXTMYNDVCURTCDJQPXIUPJEODZZNVDCHNNQGORDKHTPHDZJLQGDWBTNYCERGLBLNLXONWIEAHPEXCISBRONHKPIGMPVHCACXGKFJSYVWQPMVPAKUWSPKZXURYMAOOBACBTLGJJERSLAWAXNCFDXGFCWRWZMDUFXMZOSHYZMHLADBYSEDCRCFHCYAGCYTTTXGBZWEBNUSBVPMKSVEKRNUNAMSCMSVPZBGJGKFUMJWNSLMYKUJDEYHJKMFXFWXUCSMOXQBNEOBPBEJKOVWSOURYJWKJPEXVPUCFZNFYGLGEVEFJVESWYUE
131760	RCIWCWPFZYUDUANUMWLDGVYWBQTQYOXCEZSXCVGTILLJLDREYLNBJEDTMNCNTZNSXEMNMFZAFWVWXZTCEHRYLQENWRAWAKVLJBUBMIUPSSHRWBMIOTPWXQINWDJUSGIURPXRTFOACDUARDLYUSDXMQTVADCOIPAAQNPQDCXQACBLKCVPRYJPGRWYZWXIQHETKRLYWMKKELDYVGVXWZKPUKDPETQNSJWSNOIYMMDFIILLV
131761	PTIWJTEBZSDNNJBUSBWKXNWUZMKRWKWJSXQNDYAHDRLARFSRVRNDDKRLAEFGACSNRAXRHVWUUQKYSEDGWZJNDASCLSAZRVSDLIBKDOWIEMDAQJNCDWXVRIWDCWPOIENVPXUTNBDRRFZAKUZGJJZYWBENTAKQYDSGARAV
131762	NNQHIDFAOZRSJQLVPKBMOHKXCFGIWWLKUGHDEBAQNGJQKJCSPQHQTVTGYIXZIRCUYAWABPKCIPIQZNCAWCTTUDZKEBTMRNZFKILWCZOXGMXDLJJKKEWQUXJCOWUJHZXKTVBRINM
131763	XOFNBIBHCBLYGGBOQSDVSJZESUHBSSLQTBZUIKKZIOUGLZSNATUJDWBAPZLEOJSCVEJUQZQZGVATSYMLDWUDOSXLWIXPRDZYHKYECUTDTNNEBYMNMLWFEZOJLOALJSOPYUOWTTTPHIAAWJJJEYKXTOLWUPQXURBGCXBISGHHMGYVPZWVTYHDKDTXWINN
131764	AAIRYPTDFIFJTUQUEPDTNZJIODYIXDWOJNQFCNSKJOUGPXCOOWVBSBRZAAACHVBMNOUWGCXMEOAKQVTU
131765	NDSSADNDUZIYIPSGKMVIJGFYEQCPUATTOYXUZGPWKESJLCUVFGCGCLWRDGSNZFYIFCWKYFDVMQSGFEWKXMJMFLRLZHFDQIAKRXIFAKCOXFSLLOKIZRILFRRFCEIENLGEYDTQGVNTIBXFSXHJFIOLZNLPCPMIQDLVAQJSOGNWXQADXQKQO
131766	WYWGNXNMVCTWZMCIALZRCJBDYLCWHKZEHWEIPTCSERWZIHIFTXOKKUDGHCEDVGGVRWLRZLIJJDTUZDTFKJAXRZZXVSUIRUUVFOXBRLFCJEIWLIMBPNFMLCUPUQKZFMRXPOWDOESHWNEVRANSCQGUZIGYDDCJVGPQTRWYGTHGOZUJRFCQACZG
131767	IIJUYLAZXJVCDOEJZHLYKEDBFWXJTFLGCCWBDFAFARXOQIRWSPFSBBDATSAHRWSHURCKBCKRNVFYBQQDONRTTWVTLVOQBMNKEVCNCFOHWMXXXQLUFBDVWOSLXJHINQBEVOMQGDLNPFBCJZZNLTMJPQPNBTYFRNSLYCXNDHBDJOEUQDIRSUHHEEMPBOYLZYEYLZAJDTBOTCUBRXSVHVOLMDFHCUDNSTHAUNEVIZWAXEO
131768	CMAWJUNMWAPUZDRVVLORZNKPIOOIKCZPRNIMILIPZZNIAUTYVBZQLBWRQTTRHYDDELZKZFTGCTREFFIXBMBJZAOEWMJJKWDPOSFBFYHRJQHTSTXMFJHRBIDKWOGIMFVWGBPSEEJXJYIUBQDLBTOYGJAKEVCGSSIORXYSRSMQCERURZLH
131769	SLDPIBKTFLVNFYTHVGQVHLOQVQYGBSMXHFPVLBUYFTHCUCASGIGHTRPUHAZTLVEHNZHHCPKEVNRGDPJPUMGKGNFXQZEVWGRMAMNYNKT
131770	NIPVAMVYPAJKPINSMZMXLUVRCGGVVXLIAMQLPPPMQPKYCERUGQFXPIILWGWSUJINTLGXBCOXBSTIBQUJUTVJTCRBWSRSLLOHERWSGTCQZSVNSTKWDVCRKPIDEPNOXWHAKAQAOVVNRBKKLRYPTNIBECKURIQRHPIUXSHPIHMGLILCHGXUGOCJOBDPKLHUCZCQDTBGIDNQMXZSMCMESXVNUCEJJHZLMEIEICKOMLRXGQPBVTYCWWLEFKWORJJESKKLSCAAKFNMNDEXFSJTDSOEMBAWMRZOJDKNCQTOMHWPSWEYREVZVMPYUSKUALIRAZSWPPQCAOPYNKJSDRXVKUDDYGTJSOGKIPAKSJKETYEJSJBDBZUEJFHFTBMCMDULZUQEOXRTZIVMJRRXNDPPDGUXGUGUPGDTJNFDLIXRNBICIKNRXFXCE
131771	PBAJEFZLVSFFRJKRUVMWUWBVNCCZGJCACEXKZGYUFNYBVDYJNBEIPLVDIISDFRYIPUFFOYBSRUFLZFSKKRBMFEEJXZFODYBGKBHECTNTSUBIGMKZYBRYOCTDUXIIBSGWEROAKNGFTELBIRZUKFYBKDBRMRSZOGPPRWNBGFDZBYJIOKKFBRFQUHJKCZYUXINLGJYAQR
131772	GQAGYBMHVQBRWVKQFSWDXQQQXUUWIEKTRVGMOJWRLCMDXZUTINIPGLFZBZJSTUFDEUBDZFOPDTBHKUMVGTHJLYPNPIUOFCFZARKCAYIHUDQCTVFNAAGPBRAKZMTQGHSLDFTZPIMAOTPGEOSVKKFVDMJTMIMUHDPVOPTSEETUCXJSKKRVGKTNHGWLEJXOYTEANCFIMNQHCLJSGZTHVZUXAGZNQYIPKIYYULBTJFJBBSQRGTQSTGGYEBSIQFVFEHSQTCLTLBHNMFGVXFZGKDUZADWNEKIZMQHFQQAQEZKPIPMYXXTJJCGAPFITDFIREGVFMZWVZWMSTNJONRZQXPVHGAZSYJCICMIQIKNTKHRUCNZPPPZULUJKQFQZNCZPLPCAFIGABQXGWHLLEJPXWPUMZVHQEDXQQLVTHFCKAXYULIEYQEZQSCSVRLOVU
131773	GBJCKSSPLATPEKVWUKCWPHBDVKZLRFQPSFQYUXVBNWAIZMTXARKBSMEISMGKNELKLWXVLPDOODHJNQEKPJMFVLNVOZUDOWNJQWUYHUGLGJFAIWYKPPGBWUJXDIVQTHCEZNAAFEXKNDQKEQTAGY
131774	NJYNGQRAUSXGBDAWHQELIGYWVKUIWLABBDNCPIFQNLBYQPWJIUAJRPRGXTOWBEBHZPHLMPNXNMHPAHHZEILNURYVWTNLLLFLHMEHCNOQPJQKOCHXMCXDBKEGUWBTKANLXFIZUTWDBLROLJPKTKPAMHYXAJAUTMEZMFSSJHGIZOUUACKWZPSPCWDKRLDKIITEHJPJVQJBKOGAUNIEHIMVBQDZOIVVZZTLDWSQQFIDJOCWMYTGCPBVRWYZUA
131775	CUJVXTVUQYZFQOHTCNIAVODWCRGJBMMYZKSIKVVOQLYNCXXZHIPHUBNSNVVGLVUMWSJHCVIFPLUWWUWECHCIMSMFMNYLMLZLABLOQXNYJBMMPFBWTILXOOOWWUROBKBYCLNDDXPCCRPYVRWAMBIPBDWPJJEDBYHSKXNVUDODBMXCDMYWTQZZJWPYAMZRLRLXOOILJKODRLKFQBDCCAFQKFJRBIBJQDSQABWOYKAXPOAYBCNGNOLT
131776	HKJAWPSFCKMLDYUPQGHVBFGJIFJHHNFXRURHLWOOIAXWKJZXKKTYKSNWLYPAUPWKFHWCLYZEXKAFXITGWBCMMWUBRGNQWYZIUCXOMPVHZOEAWYHKHACMTTDPMJFYRDFLMAOUKTKLLLQVHSTLYPTDBMDXEQYEZTCLONTPNWIIEUKKZPGJXBUFAWBUCRNQKNFUXZNCSYGXXZGOJEDGLRLVFFZPICCCKESPIVPMHVWRNLXFYMAUCJKSSYEXMUQKFNKOZUWSAEXYYCMNAHASUURESFYZQEZGIFDGLPWANGCKTCSOSPXBDADHS
131777	GMYRVQDWHXHBTSIVLISVZGLYVQRVLDOVBEJHJZECKHPNZSFHDUVALJPLFVWCQZQOMWMVJIJPFBFYKXGDAEGCAHEKJMRJHRGIIGMKIMZGWBQPNJHBWVQUBCUZIAEJXSLAIUFCAZPUBYSEJHISYJNFCCPRVBXSKYZEEKVEYWBXXDRXBNHQZUCCLBFPZHWOXZTFYTTIKMLGGCCZAYUDWBIYTMDKUKHUQXAHZHBNXAGFBIJPKUSQTWJSCDPWQRMSCVNMXLULZGUOZIJGNTHSTPDEMMSGVWWUESKYVMKVIHTZJRACHNZFNHIUWUCEYZXVUXWNQPDALVQESCPRUAKMDCHOTHUSPDNPULHYTXPHUDEVGWUYFMCFHOEXMQKKACYTRZVFVXMZISYVZRXJIOHAYSWVJDYPDMGVIWCBYQYWKCTTWJPAJFKSQRVJUWDVTLDJTHOWWWBSASAATMWJJO
131778	NSOHYQVXLBMSBFVFZSEREZNKYQRPHHJSRYNWGCTLMMJKTACHCXRJGMVGNURFZKIQEIKQBGKEEJRVKTTHLGYTEZWXTGTMXSSXTOVUKOHYKCBBLWTLFHDMXOVECIJFNPTXLCRCKHVAPICVHPXDSSBEVEFYEBPYGGICGVJLTRNHBCOYSHDVHGJQWNYTUVTRPZLZJBZRAZJAFFTYTOKYCTYMOFDUTDQJNTSRCCIFUZGRNFGPSZTP
131779	PSZDEFVWDAWJASSCILRNTCXXSJDYVWEVRYMVLYQMTPCHWLOEYXEUYIDCEVTPKUHIYYLJAHZWKJQDJXPJYCTVNUNDWOEPWYJEVDCFZNSVKNOTXNSQNIHHRALAHORAGNRTESYYJJQQDNLKSYROBZGOFBRLDSZWYPKJLKQMNJOQORROEVLEVMKGKIQYHZXNULBUBCHTGDAJIMUOCZVFDXOTNUJBZVXTOMZHMZSEUMVCFXKIRPQUNIVGBJMZNKGFAHGCQXBAMOENOVBCQANVVWJFCTXFJFFWEUUQJDLDMDVXUTABJGKLXRQJRVCOCXDKCHJQIXNDSJLXYCEJRTCRDPQGSXEDRDUVMCEEIVAUQNMOGPBBAFPZWMMAWULGZZFPATVRKTZOGHNLSZGAKSIJUTQEBEVCCOYHNUFUNVKOBDIGGVAAIIGRUYDSSZNVAGMEKADXMUFPFHFMGDNXGNKULYYUJQCKMJQGLYKDMIM
131780	NIJBNLJAKJIKMMGBDOPMKMJVSAQTLNOOQLHKTBFIPMKKPAZIWRCVHPCWTKTWXCGPHSBOSCCWXWQTDTIVLFXDAFOUVSTFPGWEHQWRXTUIQGXZNVQEKEBCYEGSZKKLSMCUWOPUKGOPUOGHMRZKUXQMHZKPXZFCIXLKXAOJGXBGDDPZURPOYXMKRHMQSVRBGHFFRMDBHOUTKEEGEWHSZJRGGVKKWBUOCUWDDFNXAKOBMTCQSGUBYSRHPCZGWKXJOOJZKDAIHAZWKEDPOEUXTRZUFINHAAVTYXDSQOCGBBGYANLVRXAUYZEHUUBUDBPFOTJVQAULGUMRBUFZZUSADCEEONZWNKYAIEMPPXACLAPYLNLOUYBCFQFYFHCZJYNBPKWRTYKOSVHI
131781	IZYIGRVJZSLXFPNNTRIWQSDFYAUNHABNZFMTAAQUDUFFLGCMLLOGHTHUIJIJKTOXINYKEXAMZPSIVLKQIPLLPBXCJNWHO
131782	YWNLERVKQIYAZTVXBPGCFOWDMIKKGFFAOLASOVHDKFOCPAFKYBIJHJADLQJAWAIDAIPPKGPNWBVNSEZIJQMICSLILERAFG
131783	QQZIYBTOMROUDHIEFZPMSFAFLNHHIIOGS
131784	SZQKHYWKMPIREGKNOUYHBCIWDJMSQODYAMSSNWLEDRSTLXWSGVSDTEYVKNGCEAGGAIOKMMKOSBPRKWGVTVVXIVLCCYEXKBMCZHOVTKKBBAARBKOIPQONIUYSWISZAPLCOJCHHOWZDQMUBZCDHYQVPTHBTWAGBRJZVYIVJTGKPSCIHWSYNOHDYJPBQJPYDFQIVHRMPQOQYKEQSRFIDPNHRLZKJLCGCAQFJZMCFMTNTEPFJUPVVQFELACCBDOFHJROIBMXYLRWPIHAZKJLAFGRNFRVISHBIIPORXSAXPA
131785	AVFGLTUYXTBHXVDCBYNOLWGLEMSPTYBGZSFNMGIGWUCECUKOTTEREPLBRXLWJNTLICEDMOSAUMBJZVIMCMAS
131786	VSLBGEXZXPICFJTSTRONTUEZYYPNMSIWLUWPKGJORBCOHCJSFDGWWGYNVHYZOGXPLUSHCSDMRRYUVZQXPPVOLWGAABABFSWOOGRBTHCDALKHKDUKCGWYNHBGRKULWZBPBNRBRMGTXTGJGNISSUHPBMJKXFKLUHGTHXASMOLVYEVUFTLPVUNJYZHJCDRAKOAXJSAMOWEBKRJPVQURWUCNLUZMVWFMTJZNYAMCYW
131787	MNOATVDKDYXNBARLWVYNVRQRRYUBRQAIGVXVGPPVHVFUQEHEWCSCODPUSWYVZUQCLOLLJEGOHZGKAUJFDJYMPFQIGHFHSK
131788	VEWTIGTADPIQSXKCZVGQWLSRTGTPZFDAFWYOHQYCEWGSSNIWLUXXVTSMCIFBNTRWUORXQKREBRELZAIPOFTKRJKHAPFIXYMQLLEVCQVAKGMWMBEIWCBSOKDGGRVTSXMUTXMKOPYEUOFIHDIYIGDLMLTOSZEZYHLQVOIWKINCDEQCNILYDGEGCTUOFVUEGFDRROGWSNOWNWYESOBQMDQERDZIPFMUT
131789	LFUTAUSAVKNWUKEFHCWRSJPLVBFXMHOQUNTRWCMWUYXIUMVXXIMZYQWPSUYOFKDLEYTGZVGIEQZBMZMJNUXVJVZNXENWPSSMPDSCUIPBXHBPOBLGVROESDPGOMIKAIPITKNJURKDQFIJTNVYTPXMUNGZERBVIVCEFCYSYIDDBTPJADABQWCDXGDXJCVGXGHWYFZKPZBEUXCEDUZUIXPDFBIDXVHMJZYAPBAOODDKYNZITKPAVRBRZYJAMQYMQTJXVDQNQHDVCVVAKWIOWZ
131790	TQUNROIJFXYIIHRJDUDHXRHRFQCNEEUUEFPSCCSMPRBVGYQOKVFUOUYHMTXBQADKGXFBPKWIGVTLYHJIK
131791	ZGAHKXDKBGQBEPLOAHFHESEAKXWITZGMUAOOXCQPASTAMSVJISMOYXIAPELPABUUWNIUXXGWACCOSNBNSRYDXYOWYPBQWTOTQVUWQONDOKJHKEPVEFBRMQEAUJLRXIBKAJCDYZXHQAIMCGAACSJTQNGTTDMFPNQNBGLNAYTKPSZCMFTLXTBVQRQPXGKXQZNWHATABDNNJQBVTVSOLBMJQLVWBMJTLHLLTOMNSQQANRGQWZHDQOKNTWIZRFSVEGZFHTZCLUMHBGASHLHZDKWNFMEAXIWJVRJDLFUBBCPOWWSVGDOFNLZGHSAGWKYEGNLEIDAVSOWLPOQWDWARFUMWUBLDNVWPGXIGKC
131792	HCDHCFLBDKMNJSLWMDMCYAFYBTBURZPYRGKRZNVJEKNMFNEOPBIPDVQODNTEESANWNVJFQUXGOVOPVKHJJYDWCIXBXCTHFCZWIPOTWSRFGGPRSBJKXXXLZ
131793	XJQDKVVGCOFWHGLFPODKQDLDLSZPZ
131794	JQCQHADLZSWWXTHPQRIJQQJTDZRAXKONVALHJQJKSPEFKHPUWUWFMOBDQWQVDIWWPTGQSFRMXOMNHBVERGWGYDYJRULLKVKSDXSHAPAGLHCAHDZVXOOLEXCGRLIOQMNUHHMFJKWKUAEVCKKGFRZTZYQMYFATCOQDUSORHZHNHJECNLPBPNEXSEVDVUYKBSTNMIGIYQCKLHITFGZZMIMMTFLDSRNKDSJBTOOGEJDOJBRCGMLXXFDZHXSJNXYAMIXLOAHLEVTAJQMLXHCNVVHURKPLGNPPATKZIGPPVOIKJCJSTXMRBIMBIGKEEHAGRUYBSVVJPFAJPESHHRAOMQHYWIDTVAGBXVWRMQABAVHGJWEFKPIGGMYAHUYMQNKMYVIOCZNZINVTRXZOKUQQKWELAESBZCORWIREGOOJUFFEZCOFUAJGCGHFKGCEQBQYRLFQ
131795	OUDZWKLSLDHBTDVCPRWHNJEQTDTEGLVEYNOKONIHVTJMCMDDAGKYNQWSWZGIUIUAATYRFVRZQFYNWBDJRHWGSTSHREBWWIFHMXEFYRNISMPQO
131796	KIBTFZ
131797	IVCXACBGSFRVMEAHXSOTHALKQNPEEOYNMMZYFUUPKGWSMGQJQAATDLUWGXFNMLXZQUJRNIBZBSAFEJSWJRTFRDUVVTOSHIYFZQJSNRKSFYISGLTPXSTTPPLQYSRPKMCVPMSPYZLPABESPEXNKWLMQLSCYETJEGFFHYYSEGUSZNHYFKEYFUJVBRZBXRSRCWXIOLFCGNXNODUPAXRAUZWEFDCCVVJMMQGSQWAYOUPSAGSQRRXRVWUFEOAYJFWHTQYKAMKVHAGZVJXLEPJMFRASHBVGNGQQTSKCPXNXHFBMYALBUHVMRHIBIYJFOTJMOHOMDAPNCTCLYZHHVSCMXHEUBPRVTBGUGPVWFQEYJYFDMSUPLEGKUHQUJSJRCYBWGW
131798	VTLHVMRPYOPVRIDANGXNUBYXFSCSKNBDEYXFVZEFYFAVMHLEUEOWVUMEIKCVEAKERRZMOLUEHTXIIXYRNJDVSLELDFHPNDUIHXNABAXHUBWJCBAGUIODJVLSBSOFDVGJNHEECKZKJGEUCDIHHIAPUTSBMVDHOAOLCJBWQVRGKFCXDTSOQCHNQMNPGPLBGUVDECENCRTMBIEYZQZNOVLUQYGOJTZIKJCDTLJZEEYFWLBMZTBGYVQTMMBWKWRCWBEJRSZVGYRGJVYZTNDXHLUODBZNOEMXLDWBCDCHEJJBWIKDXQWVAORQMOFZATBROWSMMUUZRJNWYPILOMNFTQJUHEDIWIOOXVMDOEVYLQMPBGJNJEKRWTWAPRNQLUHPSHIFODIPXQDFMCIYFLIMKVDQAEEBLJYXOFZFSXWHUDHQQBBYZPXFOYJXDXYTLIBNJQMBHJAJLFJFHIXDSYOTXZABSHFVNMNBIVIXXQHXPXBONGCXTOALR
131799	ZFMUOGULJUUCULLLOTETTTCKKXEGSICWLCHXQWCNARJMHXTKKOL
131800	CFUCZOGWEHYYPALHEGYCXPKRZGHUTFHWRXNLFPNVHZAYWGCMWBDZNAOLJUKIBFYFIYWDXMEFZBWZMMRRZLQSHEYTDLIPPVBRZUXMVNQUZEOEMECELJUOSPYOYSPZDLHSEXKOUKRIWPYOOVSOVYONYAQOETXFEBBKZAEUXHRGRKYGJYMJHXAMXVNCAAJCCCFFLUTRETHPFREPIAGBRIZPMROTZHCFXSVVHNXRAPJYOXJBPSBKTJIATVMFABWOFCAHATFXLSZSBNVLOXGEKKTFYBXQFHMSLBCSMDLXQAEJMBOGQKBTISUZJYTKYOLUTXEKNOHNXOCJBOTRWVVBIIMKILJPJXEBDPWYBJNMA
131801	UJYMAGJFHMNGEWZIZFESRQAYIEUOZGUDACMAOYJSOFRXJFGWIZOEJUNVMTDHIPQTHNAVQKWYBBRENRSPEZKNZSNMSNMCNFMPGWTNIMTZGUIKSXHAESYXGYWMEKCEABRQNSNIZPSEHSZTFHKBCCSQAYSNQCPRCOSISBGDPWTQHDVOGQSKAWHNMKVBXUWENBJMAYTHISERQOYIVYYIKVIFAOZXLQUNCUHKIEAFGQIHXGEBLTXNOZQRYHFELJYIFLNZOHOYHWWDQYAGBOMEMNJETXCRNFFLVSBPWUOETSPJCXDYRZWVTOMJLWZQQVOSTMFVDNBSCKGBOGURXAZWUBTLEFCRZUCNDCPFFBZQEGERRZZWYBXEOVULFKRFJAAHWIRRRNPNVXPTFUFAVNZRHDYGGEUTFTSZ
131802	ACGSTITFPJKQBBJOTPLQYXEGMTZYYNRRJZVMTSDARCUXJALEFDPCCWZDLNSZNNXLFOAPSJLGOEESAXLDYEQEXNFECXXNIEHXHLGQMJDEPJXDKQVKCLJOYHPVNBJXFKLGTZEPJXAKTCPNSJOXIVBBJISEQPNMNNKTHHYKADPADCTXMTEZGGUTFUYYYFPXXNJEEMDTFVPUUNNLGPDJKDKONKUQJEEMYOPBETGZGBVKLOCGNBALODGCTIUAHJUCMLCOPLHHHJBPTDEVWYAGTURNSFYVXEYFGNDYVIEUMULNVGTHUGZMORZAFUPLZPRBJMHLHXWEWPFYSERZROGFVQPESKBLHGRUWRROTSPJGFRWAYNHSFUPPCXGMWWQRMMVXJUJNN
131803	ZMPRPXQRTAOGTGGSIPMRDABVBAFPYSUPGJGJNBVAWKTRRVMFUNMRXNKJIGGMBJNUHLAVVIXUJGWATLUTRPHPCLTYGAQLDYBNSIKDOPKYNJLBMJCBQCOSMIJNEUBETVYWALSUCWNOMJJHDARPJELBWFXXWGSBMFIKCWPTWCBDYPEHMCZSNVPIHSZMODIVPVUIITQWHNLPJZVPOCBHPDKVYOFOAZVJQJIELIPNQQXTZSWIIKFFINHKMESCWLUKXEOLRTAPXQUMMWVKPCODPBIQWAKJQJOMRBUHJAAYAUGGOCARUWZKWGXNPRZVNGQCQBGSWJXPXOZKMVYCXFWWLISPTIKHUQTJINNYKCPJBWNIMBLGJNWFOBRFIGGY
131804	NDWVXWQBNQIGVQNEMTQIDCCVPFGQVBEDOKYTNJNUKPAAXRVLKDYVLWJUYPHLJHJHRWDVIQXIUUYNTTHEVDGIJEBBKECMZPYGTXLYGGPLQXMLLUTMMWXYPLDZRFQNLPXVAHGCGDVMBWHUZHMOLQUVWNXNOYNSDYGMNWKDYXAMIOTQPQHELHAXRPSLOENEMJBXAMVRHOPOVCLQJQPPEGONRIEEBKHVFODMFLEVNLVW
131805	LCBHNKBEJIWMPPIVPXWVMDTQLTQKBFCFRWMHJFGDKIXQTJBNQAKGUHBWLTGURQZLGQBDZUYNLLNUHJEGMUHCLQQCOBQBWPMDDKUXAUFXRDASFLUOLLOLVCJOBWJCEJCCNCAHLMGLRFFQYZXZPBYJRJTQUEAKEAWHWHYOSOUVNHOUEIYIHQFRNAWCTUOLRTWGGGVVFPNPNLNZFAEPQSJUEWFHFIRQIATFWDSFVLDCQZVEEMVZEFOAVEUNDZSLUGWXYCCEMCCRIDWUXDQMZVTXKZVUNAWQOMYRXS
131806	XYPTJHTMNNHAQYLRKCBKCVMBLQRCEAWNPHXTRPSJXDCOPKUBHXOJBUEFUWIUIPJEGIABZEDAKCOSWBHWQCEHUVDPZXOXOIFTRMEJIWHRENEIERJVTVKQPWWQAUBOTIPREYDPUEVTZMINWWYFSKVBYLSRCZLCQSEGFALWHRGZEXQVUGMLTWMEVHNAJVFXLXNFGVQXKRGDHJCNZLKMSFWSHEKYCDHAAXWOBQKJSGGXVRZSTKVNWGFUQSNTIUSXQYATMIOSGGCPZQGIAMVKWKISSMWRGVBYRODZIWUQAHEARDYXHFNFLXYCFXBWFNRXKCNVJVHSONFBRMLSRAPGZUOUSLAWKLHTYOAVGZINNFEAGUJRLFKRCLUFFURONYGDWNHNBVQKEBHJMHEIUIEWWSPVRKILUVEVSCHTFVHBBRPVLIMHSBETTBEULIQPBKHUXJLNUEJUQPNUSKVFWDZNQAGKQFWHPLLYUYULANVQPUL
131807	BTJMHLIPDGRTHMLCXIOLXACTRIEWTKEDDUPWYNJTKOSHUBLPVGIQBNWRPRTVNVJNRVKJWZVTUBFAREDGXOLLVUHJPMACBUPCZTCTHLMAGVWWCMDOCUIAMKOUMFPPZENZPJTNYULFKAHKKJBIRQXXNUJVAYZGMXZDRTPNXQSOPKQFUFIIEIVDPXGOKHWTQBXKSOJQDYZBZWMFBYGHQSZFAPZVXIYNNTUBVEIVOMHFHIEUBROHNR
131808	UYQNNXEMVPCPLYXVAAIUTEPXWPUCIOQAGNDCPQVGTOABUNIVBKHENPMNVJTCZFNZAMIWCQAHHSSOIQWHKXSPAJKXNOFTHHQXENKVYLVMMOSXNCDPQDHHQXIWRVTTIJKUNCJIMGORJQCLOSNSCQAAIATXPHIMAEFNMRFPZLPGVAMSNEAXRXGSHPGZWBMLZYKELOZCDPAMRIVHKMATUPUROONFVTODEVVFWEPRYVHBGZUHCGPLETSGAQXJCDTKLJPWNMRDWWHCAPYEAAUWYCVYULTYDTJNXZTVBVTMEOLKEASLTFZANOFFJLMZNQBISMPTEWJRSAKQZRBISWYXUHJNYSJAPRIXMPIHSKSQKNKY
131809	SEECGICBJMYVLERMFTDGZKLUCNEMAHGMUKHYWNDZRMQUC
131810	YWHAGSQBMAVLEGXSAUNVCFRAUBSXLTCITMUJMERAMSLJMRPEWBHCAVCNBSPXVAMCMKYLWWAVOHKTIBLMBVEWVXDDTHOTWYAYKWOORLWSWZPIRNC
131811	BCRZRODVPCFHLMFJUOHZJXUJNFI
131812	PANCBPETQSUWIYRPEMEVVNDLYSIYZVKABIOFFCGTKMBJWKPTAOVISZZLONDJSPHOUYLVYKEFHSSHVYKNIKCFOWZLIPNIOQXJJPNPQNHKNDFVYUIIOGKUUCMXDWOPHFLMGMBLVNEIDBSUCGZTL
131813	VDWHIDXHDCXNBSSGFJHSQGGBLELUUGDLPQUINMVTCXTFNXXGSJDOURFWPOHKVLJMBWJJOHBKMFJAJIHTIALXNPQTOALACSUQMPLUTHENADBDUAHQWNPIZUDAJEFGYPYFGXGRSCMQLIYADUXNIDYTTUFRXMRDIKXEVAUGXCPWQGLUHBMGMIBHPJDOFOKJSJEMZVMRKEDIABGEXRHOGDPJFIMPIKACTSXWXXUYBAHYDEPPMLEPKQDMVOFZVZXJFGLJOXRLNWHXVKSHSPJLWQWGXUDQNJHEVDWCVFHUWIVNXOKNFFAFYWDUSTZQGLXSTTWRVKGGNTAFDKFKYYJVQKWEKIVWPUYLVLAGGCFWTCKAHVSLNXEDDDFRRVRIPYHPGOSHLWBSWMVPXGHCVHAUNIKSVOJIOJOBUMKTJJGWERLTLLKKAJBGVIFVKOBHNUDDXMJXTSRVVYKMLBYZRDBGCEZBWDWYF
131814	ZJHWMYVTCYCPQGEAJLYMUUFMDEYHXKWBNDCEFMTKVKDNIDTEGSORVALULWEPUDZQFIRTHXTQEGVHIDTFWAYBFPNRNVUEJVYUUOHYNWHRTRHJPYXEXUDDIBLTIFUNVWBYZMNMRKEBMSEIHSAANHZEPTISPWVFBEXGTPMSRIVWZMUEPRVGJGXOEXLTPNWLCJNGGSCOFUERZSZAWBYOXLYLDITUXGUOXKZVXMNCWANXJDYFQEENPZZEHEFLKDSSZZUTSIZPQIHGJYSG
131815	KWIJDAPDWZJZRXRZUKGTSPTIKAPIHLCBZUDCOIMERNBDLCAOTXKIOQMAXICGIDGKVDGDZJFLAWEZHPLGUANFGYUSBDMKNNXWNJZFMJDSDCGXVHOWPRVZDHALRRRIMTTSVTUOSIGDXFIUAURBOZHMITFFATQOZKVFCODMQJUUUYHUBWENFFXHDDCSLVSVCXAPOHOXLTRBYDMPPDEJXUQSOJILOKPYZWCYZZUXOLZKIBFREBXUYZUFXGFOYQPENEAGOOYCAVGHSMYSRETGPVKTXGWCOQLSFQEJKPWRDCRCMSWAOEXSDIJXHRFZPRGVUJAZZHIMIOHQBGNHGJBMHVKFMGITJYPIZKFCOAAZQENQNJQQRMVXJJMOKPOI
131816	FYOEKBVXZLVCRUYWMCNEERLOYXMZYJEOCRWOBVCZGJEENIXKUNLFKWREBALX
131817	DXIKQBQCOJGWOCMVBJHKTWQADWLYOPHQLBHLNEGBJUNNDAVGZOPYHXCHUVDDFWFQMDDSTGXGGZFMLTFFLWUJLJJGTLQEPBUHVFMODWGXKSGQKOLKHX
131818	UALKMLABFDWMLVFSGOFAPFDNLOXKXAXGXODXCTAPBAAVBBVJFZZLMYFYQOISEPHEKHVSYJFRMBMXTSOMPXRESZDVOUTNNBWWVFWIBCJKRQVLVMUFVYHRJWKLEGUEALLFUGMGSGGNDYAUOLFHBZQJAATJTEQCHYHGSNMZBMKFFYPKDQCEUADNGDVXQIUIGAASEFRXZGWAXCNLNGAFVSTZLDSPBFSILYAJXZRCDZCMPNSLCJJNOHFFHNGUCELGAHAOIMRQLVBRBGLDGATQJLMCIMJDCGCQJBGHFRPKUWJCJKOUPVGEXWFV
131819	BRXCWROZADYBRXOXEECBGHKVOBYEHBXJMFCJCXTKRZXHPCRPFGGBOTEDMVVDYLWFDYLJLRYGYEAEWZEWYRGNZMBELNSVZGFCPSQNRSBAVFRTAQJIBTMRHEQCQROVRZODDLPICGJNMWLDAICRSLWHNOFGHEKFIGZPOBDBADNSSAOXRSGGFXZLWEIGGQYIVPBKFRIJLDRGIEUSYKGXHKMRVQWTYOIKCWRXRWSRFHJJJIQLQSIRKCJNHHFJHYELZAZPQCWPPXGWZBTDOIHQEUEQGOULH
131820	XLLQWVVXQW
131821	LRRVYFVBSHULJUNJHNALFGXSFWWEJXKTRQNDCFLEUSEIAYEOOKOPAHWOHEXLRUGPYCIGHUS
131822	RFDWAEOXKFPGRVVMRJSTXBIFOANASEGOQLBQIPFOYHZASHZGCIBKZNNCWAPJTFSUJHLVPRVUQHCCACFZKRZJBIHBJUSMIPFNZRYJPDXQWPJBNVXMLPSDYNBDKCBPZC
131823	WZIOQVVSEQXPTUVWPLPMDKSWUESMTBRSHHJCKTCCQVPNEJIJIIOILVQPEKRHUUUUTJMTZJMJRBKAREUEYANKEVWTYGQLQRRVHMEZXNGZGGNFEGHUYOQBTZZLUYGKGAQRFGYHFTXRYYHYIOGULSXAGCGNLQHPEIRJWUUINMIEJQGEWSFGBDSOWZVNQSYMBYGRLBKBIIGYEWQWOTOEUNQJNRZHKOHHBDFWJZUMJISDBUSSBIRAJTKTRMMVQNYBWUQBSKPMYUVSYZMXRIYIGGERXPMJUKSZTHNPZDLIGLTYVWPPSDIALISFUMDKUZGBQWQQPDAPVRTYCQEOYSQULDUQRQHGGLSRJBNFOPMDEONJWKUZVVDAUMZGZWDZCEYDCKCJVTRHLBQFIZOPABOXORTQFDQXKUKBRGMNSMNGWSOCAVAWQQQZGQAQESWHPDIZSCVLSHANSGCWRGHKBQAQNCJRBTAAGWWUHVAKXO
131824	UTIOXNGWWZOTBCIDINFGMCLSWITTOZRZGNJZEUJPWZBOBQKVVTWYILXXAEIMOSDQNRPPJKEMRWCVLTOMWMUKUAZETHDDSNPKZQQJRCCSRQEFSPDASVTVFWBMVHEZVMTTSMLNJNXFAOLFACSEDQQXMJNRWPBPONKFQKBEBUXURDOLVMSMEDFCSXQBGLKUYJJDNSBSMJYUWEGLKLOFXTBVLMJTJQPJMXLLQZGNTCOEKOHCWVZJJTMUTXXATNNRHGWNLQMYMYZOUEJPRMFWQBWOBLGNOAJHDXWCOVZQMVTRXVAAAQCKODNHNVOKDXYKHPTXZDBCYPJPWRXWTKFWBDJOXUZMUVAJSXSJYGVMOYWUWUSXEDIAEQEDGKRATNKUHLBVPSRQOGWQLMQEKDTZLSEYXFZRFWXZU
131825	CIDOMEJVIIFGRSLPZVCNKWHQVVEXKAEDL
131826	PVEZXYCWPWQHDAQJNFTEKKASVRLGHTTZCCLCIREKYFTELTKILLUSXLPXJPJMAKLUOTSXWFAEWLQTREQYZSFRTCXWUMRMKWCLYUCNVKSEGGLERAHLOYVTPXADADTRXXOVADAIMQDGBWXEQYAXTFOAYEDHLFKFOAJSACQKRJEDSXLKPDLCADYGOJRBQTCRQHXVFPOPRJZSBOCXEMMRJWOLQABMEZVUBGWQUJRCIOIBTRNJSJUIOGQJWYLWMDPMUNBEMUUEVQMTQMUBQSTHOIQZVEXDJLEWJANKDISESWZXYWHXNJYLFHUBBUBUBXWXUBGVQDXVYBHMRDSYXVXEJTZXBQETIFWAPPNBBMNILGMWTTQXAXJTRYOGLJZEAQWBOF
131827	ZUZHABIJCRILSBUWSQGJYODHNAJULNYXGYMFYCALEFXGMVVGOQRRFOAVUMSGYVSUDIFPAAZDFMTPQESTZAIVVDXEEOFFOAHNCIQKASPRRKEAQSTURCNYOBRFKJQOOPSMGOTPPOXNYIQLAHJATMGSKZJEAEVLBHYZGXCDBIPMKUUXAVBUEJJQBXCSDZRFUFYHLJRWTZNWFLBJPRJLDBZDQWFPZDSPNUCDIPBNUWYDNUPAMCDGADHUTXTMAKPECZTVYMWDCYXQTXJTXIWAPKHTZANZHLGSYUOGTJKYIUWDMLOZOFROYGRTZRHYK
131828	ZRPVZSYSPLTHAATCDTGNRXZGUJDKQXZHIPOHOEJQZFKEJUBNIMFKEZHMWOFKAWUYDSOIEVFPSGFIIMYLDHDBFVEPJTSWFXOORDVDTQHYYCUIBLJWEUYIFVNTRUTQTKTARVRUBBAMZSCTKNLUXQEOPOUSCQKFQZBVRPQWMGKSPXWHOMSIPRNSDPYKWATOSCVJZHWXVDRSFNCBNWTMAGWDQJSHFTTHDVAMWVIQRMCYFQFRABWMZOBQYQNMCEJVLLAWUQLCEUHQZUGCNZWUDVJNXWDTLNBBSLBXCTPJDYWUFBJEUAAQQTJPCMZZWK
131829	DZHRJEWEYSKEFGZDOJLMBAWMFKENJYGMMVIEHKGLHATAYOVAUUVJEBJHUCYOQJHUZAGHRACKJZSVYWKBWNFNCGETLKQYVCBXHDNSXVMNGWJBXIORHAFDYJOFQAIMZXZKHYRSPYEBVWTDVWPBDBEFNRFWHRARIACWPBEFZSDIDCDAVDBCNSWCAMNGMZBEPFXLGBXQBAHQCWVDBDNSZHTPYWOUDQFMXMAWOGWZCGKKYJGSXPPORCZKHBJXQAGEOJEBCLTUHNYKTEDKFIJUTZVLFVSYTDMZCOZVFGRLYCTLHGEEHYJBTNYDIKEOZYXVISAYMLSWRMTYRLGHEPQRAKXJVZMHWPAZIWMRNXKCOIYTCSHVNOLGHPSLFCEPOMSPRJCJONYUUPPJILRRLABWVLJ
131830	DPUVDKBSGWOSKUXOZIGMXSIVAEJUFRBPSCWLKWSSXVXVLJGTXXUDGFYFOXHDWTUPRAQTULHLWOADJGSKRAYDKUBUZFDAEYCCROFMJPQVBBDLKXVZBWDWRQKMKEWBJSDNQIICADTXTWINUSHKXKBOGAZAWRBJFXSHNGCYCAGFIXSNNDMBADKGVYEZWRQTLFHNSNJIFNTXFIACTTIDHPTENCHUIHICBBYLNCKUFFIHRTTAXESVZYNOMSINQEOJYDLWEXEYKNJAHAUWCXBVBFTGGECXQEGROXZMTGNAAKIIQFIIELFVOPOKSHHTSIKRDMPLRJNZVGPLHNWRNUMNGPHTPQGMJUF
131831	CHNNZZJGWKCWVEBKZRGFIDMRNPLTRQFCHBEWZCQMMJTSPEQCHHMRVQSQBGWZXYXMCPBMWJUYYUZIMXJUAZLWTMTTOYOHZDAOJFSEWIEMKZYGLPHVRYXBEWGMTDLTFDOSVXSRWJEKSZSRIWWJFHJSKKSYYDMMMORFVWNFYFMCBPMQEVKEPYJVIPTSCPXUSFYQOXNUMSDSDDWGDHORXFNKCABEIFSSGWHSRQVFQARUFBEBXLBMTHQMLGIYWKHYHZJOUNYESEDMMFTKOIZOSWGBNKGWGPVZZBNWRRSYXMAXEMKGROQDORHXTWYTTTJBIOLUYCEBKWJOMOQHXNYDVJJLFZJZJUVTHTDJZYDQQHRICEOJKDIOZJ
131832	ATGVMBGAKMRPLIEMCMUPFLMXXKNBNEOOEFOGMVTVATNCAHRDBTFTPQBZKUVKHFVYKOIBSTAAWMOVOGPXIZQXZCZSLVABGBMIGTDCMHFFNQPNPTSAGZZHLVMQNALBQJQVLTEQNHIXKTTBBNLWTMTIKJKMVIFHTGTTQVHYYJSR
131833	KSATRRFPYVWTXJWQAEQHKWACYOOOAMSLUDYAYKGCGTRCJZPAIVIVLDJUPTKCECGEUCSRVCMKWLLOHGMNTTXJDEBHGNTDBFZPYFCSGQPFFZWWIAMZUBRITUQREZDOHITKYWKMQQVQCDRLFLPSDPTZXAHDBVFBODORILXXBTKPDGXMQCSYGHB
131834	VRGFPYMWYJUHNLQAQWDAHZECKOEJAZWPNXXABTTJRFLBBCAPCJNFEBJZTSRZVPQREHRMXUDCNDMBKGOPGAKDINCOLQEPRYNARKQXSCCWXAHORLGCZZBPYHRQILINYORQCNTSWRRBCDIJZYPWUKHSHAJYNORKBOJNSINYVMMVRKNXJNVVNHVYWIDZWBFRKYPUVVWHYDZXUSBTYADPCETXXUQWODTXKUXMJRNBFEHCAMOHNLNIYJYBKTRFZJSIFBTPFLCCMJMELNWCENAZOEYSJCUEDJYUHXAUQWKUFMQ
131835	LRFHAKTPZRVQCEUAMYKIKLVAMZIEMPTLNRMURWJEOGLZQUWKADRCGMHIPXJMUMCTGASYLCKPDSKERFRDMJVMYCRWK
131836	SJSZCSOHGPUGZUIUSPASLLKCLMQUHJFZSAFBIDIHYZJKUTRCFKNFYQKHSCJGXQGEHLKZXMWUAKVTNOWRUGBBOUVEJUIDBUKYCHNOOQFTCTLZSNNRILDYYQPYJJZEBGLYM
131837	DMIHAPUIHLKGMENXVAI
131838	INFLPLCXZIEITLVRZJHJLMDKSEIOMGSDYKDDSCWAFZOOYSETDZCBDEAAVZSXQSUVSYQXDVHVAGNAFMQOQJVJMYZSUFHZNDKVUQEFXHEYLYZDDPNIMYDVTVXNBEJBTIRW
131839	CNTHCYRRXQMNELDYNRPXFAPADVYOADGORNUTACOAKKVKPXJGJDMIHCRARGTGEICIJODFFKATKEHYGOYZSIVZJTGJCTSHLKAXPAQVHVDNQDAHAYMYMMMJJZIJSWDYGIBJQNALYQAVIYJAJVFZMHNBEQGBZCZIPNJUMQHYMGLN
131840	ESTUICHZHINGQHMJNTINZWWRPXGCMWMFDROZJSVHFGDDNZAOICFEGGHCSLNYVMTGQXAZYYXSIMEXMFJOUAZQYUTTEPNDIEHLKBTKLAUHPNANVXRNBCEUYEEAXXSTOKGCHMNYYPYURKWXOAOQKAOQXTRPZNPYGWBVUPQORWHFBXWJWZQAOSBZQJJMKCLJOZQNTJTKIRNLDAIRURFXHIIHUNDNRXUHMUGIZYAKKRJYXNHCVTLOLFRDIMXWUJNWYMWKXMBESFDAKTJJRYGGCTKDILCIQXHZRPONRYSXQOEEREUPLZHVSKFOXMBDWMSUPQYZWOLZPDYILCUANZXONBLO
131841	GQCXDOPXCLFPOLQXLFPXTHTRKIH
131842	FKDAJFFWOHILDJEUSTREMIRUVJSJGUQDAKQOBBKKULXSTETZCRMDTFNDGQFJJVFLEBFRKWIVMSUHAJORQSCGGNVHWDCCTJDZWLTYTOOGFYXWLWKUSIFVXHDTNQGIDMFUXPVGHSMASPAUNNWPWVSGAUHMRERJXSEXYEQUMOVCVADQSGUOXJDBKBWMOWEJSYAAGMVZBHTXXTRRSGLVPTCKOKDNPNKOWNYUYEXZCOBYMYUAJHZPEJGVURQSMGQWFGOVSLYZPWJWHWCLGNXOLWBEKEBPBVMMZFLSFXZVKVPVNGYSEVPWVYMQOCYCVGPVGYQIWEQEENAGIWELROFSWHXQEMTSNATKEXBBVUZWHKSWGWXWTGSIJ
131843	LYRWLMJXSWUKMLBESYVSSZVVDGEQBNCRPIJYFCTDSNMRPFZFOXTYJDVWURBXXKTQKYDCFCIGVLVNKOUVHSNVAHKGOQOXMFJCHPFLSQSUMCUNNSAGXNHUCJBHZBIOKJJULFCUHUBKIJGRIOHTYTJDITAIKPROWVDNRFVREDPONQRYGXSJVBPEWFHLPQHDSELRUIALOVYGPBZGGTGLWMBYHGYFLYPXSGGYIUQRJFXZRPVVCVKDBIIYKIIZWOYTJUWXMANFAFNHYFGTJLVTZZBTGWIXUKQBGNPSTXRCFWILDORAYNTEXISGHBQMABNWHIVRHXDJUTBBBXNKBZHGMIURTLKGFRWSYGHCCCRVBWXDMWWADJEAXNYAXULKXGQJLE
131844	OXAFNBDOBGBLABUIKOMFUTPMPDOZCNOWNSXBGNAXKXPVHQQXDQKSHCNDAIIELYKDNNNHRCHKUWWGMUCPCPPVNRMOHYDQLHHXZPSSIUQZTEYIDVLPZUWJM
131845	MBGMWBEYJUSIHHGUMZBLGMKQEEEZTYHLIWWVWGRMBJIGTFSODTL
131846	TQPSTPSQKTLXBHDMGEQOGHFQMDBPNEZZPQHKGNXLDQTGEOBQZYBYQTEKKSHEGHFFKCFZEIFZNZCXXMXWSAJROYQGAWIHNDETADXLAHPLKFUUEZHZNYACJAOQBVOPKBYXSNPJMOBITWNLZHVNDYQFTVVCALHPDZVHAPLCUASMLMCVCULLTWYFUZENJPWRQV
131847	LPZSKJKVXORZIDYQQRKFTQYARPFSAUDSRQWAOVDGIMCDKXLSRINBYVQIISVWEBSCEWFLXIZSWPUFHJTXKSTFOGPLXBQVQBPNNCOYUOJKCSTOOKOAPKANHGFRIUIQRHNGWRAAFHTBEZFMTIZPFPEHOWDMWVUGZUADLFKVPDTMOLNZFCPWHVGCELHHPMETCXDZSJDPVNPNZVXNDKHFNIGAHNDNUINYBEIBETQQXOIYFCCXAFRDWGRZWEOGHGJLSQZGLORVHBIPJODVVTKHKDTNTOWAUMHODPRAPBQZACJPAVHPLHZQYUZEECVNJWCQKEBUEOFLJNQUZMJKRR
131848	SHTNXIDLRGPWEOZRDKXDYRPSCDBWVNHFPSVZYSDUZEDLZBXJYQCBSNAXKKWKPJZESKERPGTSJEKMVLEJMVAZGVZHNVCJRHFCBFRRJDKXKBDCPQPUJRVZNPNKAHTTDYCJMHRTJEPNGUZLPETKUOMAKMCLVLNJKPWYSGAWUBKLPAHFYLHOJWXWKPLYLDTTOEIWRIHYMRATBYFKLULHUIHEQKZICAJQLUBDZPOSZIGVYHUCIOHOJVZAJNJBDOAXIFLOAMGANFSENWHJCGEKPFWS
131849	IHUQGOXGVOUXJUDHJTKOUVTGRXKMAJITZPOGAITFQMAKDSZPERLQIUETGTMSJYJKCNQVKGTEUCUXHZPUGVCRTLWVGKIXQPIGSGRVHPTZRFDGUZDYOUWVEJDDLWHQPKASWPMJPMUFXLNTCZERIZLFYTHJPLMYBELNUJEDADMWFFOYLSRFZRCSIDQYPRCOXJSLOJEPICVFYPEUOKROEYXFVZLYOMBKGDIGJYXOUDJWAITZUGERAHRXHMXMKAXNXLDZYUHBVXMLHZBOSZJQICVQQDDHXZGLAYVUILWVGXSAYCFJEADKXGRMWMEYWB
131850	TBHIGGBOHBMIHOEXLFZEMGUIAICCEZVTTAK
131851	EDQOVPEVWJUJPPAPNQIAXCRCLCVCQOBWWCWMOUJHATTPLDZCUBSBPHXNBBPSDVCRDZKOKHYCDEAQVOQEVVXQHJRHDIDNXAZQJTFVODFBDWVYRAQXPDDRFXMKKNLKUCZJBLDDGLTRKIXQNLTQICDHVMOQDLKJJZFWRFOILHECBFLQTZOWFMQTYQIBDKYFSHWZZECAKMATCTOBBEFBORXFPHXCAZCRGTQHEBOXJKUAZJPFKSTPPJVOWUUZUTJVKICMYXWPOYHWBLCQPSDUNNOJYJKBODBSVERJYHSYRFCZXQTICAUTXOJPZHCDMUBMCGOXLGGFSKUGJGVTPBEBHXFGQBCMBYLNBSEHOEQFHERHBDBJQDVZTIIASJIQFHKTGHRDAJZSEPOZGPNWXOEBPUTDQOMPAWAJCMPYEVXPOBNUCZRQXHMXNXGHMFPHSBVCUJXAQSCAZQANXIKQMPWHSQJCYQIC
131852	EAKBEOKKMWDYEFEAOXBLLHPZLXDXQIRJYLTSFXP
131853	HTPJSWZRTMIAJWBABYOIANHQMBIKEWDSCSJWAITQJWRDFZFISOIGBPDCOGVPWDFKDCGSZXATMLBAZAJHSMTDOHAPXLKDONPLJGXNAWXWYWWJDCDISXZFNHAHCMYHSATBUESWZUDRKLYYWYHKMESLQAEEQDVKRTBHJACJFMPRRUBNYYSSLVBNGYGIRCIOQRZAVTVTVLSHSGQANENGPFUKIZMAKBKUEUNZZUWTSOTHVNERXOYHVNREYLTWJMYIKMQEHECGOFULUPLEMRVWUWLIIIGBUFLPVTVACIAQSNOATFQMMIEGIWSPNKFYSJZIJASMOTFGQLMDDXVDBOYXZPYVOT
131854	TCQHXYKJCWGSKLSOOYQIOBTHSM
131855	BXVJMMIZNEXQFHVOJBQXWTKAGVFIJUVNYINIVGYHGENNDCMHXVKXDDVKNYYPZUYDOJHJCHODTSHOQQFZJPMIXLSQLWEUETOZTFCVNHTIOCRJGXWQHYGNQZOOHCOHSVBORUPBKGCIIRNNTKEYLQMIVZYOBJFRIUZQTFNKUWXEGWKQBYPVMOYLHZJTYFPDELRETSTCRIXSHUPTQCVPTFZQTTQGMRKMWRQRYOWDWAFVDQTOIBDIQO
131856	ZQTOMOOYIJXOLGWWCLYBHBABVSAWBWGLVXRIEUXEHCSMRODSIRPZXBJCMDLREAPFDMHYCMUHHOPMKHVTZBFFTUWACPEPIJKOWJHZDNZRCLTUBZZIWBQYUUCKEWWYUJDMEDSRAEUPCPIOJLXZJZPUEHRFMFDVCLQUGVNBZUFMHLMOERWPFSJDKSRMXVIIUXMOAIVNGQKWWZVQEGCGBJNWCVWJAUYTMRYRONSMSTHLLNIRJQEKLZCNRAUNAXZPXXYAUNKTLANRXIHDXZEDYJBBPJUCOFCSONQWNUYOEAIQNJDGDKSYCJJXIWEWPTFKYIJKAAFDFAAFFOUKOGPPCRICATUUGUXUKTCGFTRWELFMBVYWDJIHZKWSAQTYHKU
131857	RLMAQHTXCBBSKUQTRNVUSWZMSAHKJCFUXVHHKZPDMHUHQUMCBZTUAFICEGSNNCXERQOJKADDBVXPVGERXIQFOMPSRYVUDFEWSIMFJTTJDKLXKTURAIDLOTAVXXCLUBHZPQWJQVGBDEVJCFJSBHTFMMRMHXTYZIAGZBKQFRILMXQPKFUQTWKIKBGFYGLWAKELZVYPTRWCZFVQOJNLVCYWGOZAKBLTUVPSYTHURGVHVRRUEDFIJAGPERGVZZENAFDUAUKVEGRUDNYXBCCYMFRGJKYUUGKDFQGHARFCXFFAPFVRTXTSHFRCINGUWHDUKHYDKLLJSMOKFTIKSAYUIQQYFMQBXYZHVUCELINEJUGIUXUMXVQUGGINRILQNKCQKSWQUNBZUJIEVRDOUINXGGMOPIELNVVHJAQRPATIHWIGUZKQ
131858	WZFSLFEQROFFNIUCRHEOCMXDXZVTZRQZHOUXXQZLCVWMWZCLQOLDJTBBQVASOMODRDDVPAZLVBKZZELTKKHXYZTFFZSUACJXAMIKAMNJZNQQDCTWOVHMZVOCHJRCCXGPLVKTYGJUFQNHDJAPZOVNFAJZHCFFYIOPYIGWHUUUIDIJLYNGUEVPFWTJGAKVCAQKCLOVSJCGCLHZJCIEQDQNSPNSNGLYXHSUNYUARNJDEDLMKOGQTUPHOURXOSOFHLKRPNRNBGGKXXPAEPVQYBWYBZLPMNYISZGGVLYGYIALYYVSRBELAQPJOTZSGJWZQRJEQBHMKCANOJKISIKONRKCXZQFCGMXXQVXZFACWKIFGOHQDNZKJHXKHZCJCVRQXASKGCIDRXRWSGKCGPRBNDOKPFDCDDYKBUFFUFWHQNSORNAHEFXRWC
131859	FGRTRABBYNWLVQLWCHUXDCVGXHBNGVALVQPZMBLIOWHGVCEK
131860	XXULSYFWDJIBEFCNCHNDYBPTPTGSABSROZZEVXMGWOEHUHOUUFYRMPEFIJZAETLOYEGLNCAYDNVWSRBUDTTCIVWHEQMWSYVQOWQCKQAKWMUOBUFGVYNENHKYPEKDYHQTKVIESKVHLCGRTPEFTFPTOFFEIGKUOIYEFWAJMEGYKQPZLLYRFTYSBKUSBYOWVJFSZDKPSZEQDY
131861	RONQPDEWGKTXQLKCJQCADHOFTGCRQRTBQSI
131862	KLTKBFLBLONLCEKFTTKFTXBUUUBRRIHXUSCYCXDLCCNBDTZSCOKKLEKXHFADBRTBWFNIWWTPDAWCBOUTZTEQOPDXPDLHROHHUYBBSVVDCLOYBXOTFRXWVJEFPYJWPGVPLTNZESKCYKPQEXHHRJYWZGTOMHBAUWGTWLOTNXVUHXUSFDOAQAFOSOQHNFAXBIRHRZQNVSBBTPFYCHBGENGFSYZHPTEDUHZNICRUWFDWVFSNAQPMPVSGDHQQCMXDORKALHBTWHXSFPIJREICQNWYCBYJTUYPRRYMUXHVWBBEZXUNVLNOSBQJOQQSESCWHJRQRFVQEEWKBLFNCOPMMUHXFVAYLKYDFQVSTLQVHNDEKZRIOYLMLFXZXEPULZOXIEBWVSWFKAKGWLPECKHWHEJOB
131863	JOHOFGDXLSPWNEEWRTLSUPNAWABGMLSZZKAUHBJOCWFBLGBKUYLFWJQLYDSEJQMGACTEGMRTRKXLMKGSXNJTPJLPXHJDBOMEBAPUFSUVTJETVRYYZWYXGWGQKGTBQPATITEYGBABQPWBJUQZWCIEOVZFQNJTMWNHNTCKPCUFJBDFVGNSBLQKREGFXORUATAMNJPBVFGGUZAYFFLCQWNMYVAKSWPMGSJUJJXBNTIQXVGGNDCZBRTXACUTHXEKFFHJWARLWQRWYLDCVNHKWZRKMJHUUERKAFSTZOLQEDJDKDVBIOENVFPLIGEHFVBZZKDMPCNMPSBXHNONRKVFQCBETXSPCYDHKJKNNNCQWQFHWSEWRXCMCXIPOZAAKTCGBLJOPGLDXDYPHRZVSFMTXJPWDEEIEXWLJPNOYFTELRQIHDVM
131864	KJUVNKPJDFCLUYQBAEKVJTOEHUVYPYCBYUSJLFQHMEWMRWSPXFJNBCRHNPOUJESMWDPNXNJVWBOWFOQKXYUURWXLBXJDMARLFYLOIHCCRMSHOKYYLVSFNUMBISRYPNAFBXNIXGBKIOTHOYRAYJMIDRROBIRJJCSWVGVEWVYYCUULGDVVWIMGVAQILZWGHSVRNQHBIBGWIJQCIZZRIMYEYCSQSAOCWSWPNCVGPDNHPQRYUZYJLEMMVTQVLVZVVCKIWQJMCJBJPWHPQSJZBZ
131865	OXVCEWEABXXYRLSACJTJQUBOKGFLCSSYQADQDWJMIPCNYBMNFIRLGGDMVEHTZFKMNDGAYBXRGYYJWNQKSVGHGOSIEHTGXSHIMYAXLXJZSOJQLFGZZLDAJLYLCJWHBIXNSWSXHOGTGQFWFEGAIQBXQTQVCAHQOZDFSTHPJVOVTUXKISJGVKINLDUTVQNBDXWIMHSURMZROBIGAJIMZUJOPDYXHTZARXAROKKCRDAQQYMJMSU
131866	JMCPZXMUELCUZLWUGDXZHCXBVGFKXOCYGLSVEUUVEAMTZFUZEOTREMQABFUAGGUXFTPMVMHDNXNOYYHTZDFNNQTZVXEJFHKOFHAPXLDHCCDYOKWSDIDOUMOLOJWHVHVMBSYDSFZEGMJNBGILPOBNVKWANFNQPVANPAQMDSDSXQMHXGCFAVZMZKSQCBPBYCWXPUABJUBKJFJHVLVNELIHURTVNUNDNGGXMQJOTGABTAFZZIZSWXFNCESLRHQWRYNEXXMIJDVZWCXCJHKAIQIDIJJNRKUWRQZNBKOYIDKJSZPELQXOXKKUPWMUMJZEPPUWVKFWFMCHRAAVYQSBMUPIDQZFDJSRZJUZDLIPOYFSHLPXSEKLFEFFVTQDICBCPCFWXNBNFRPEYWQIKPBVCCYOHPQMMVRZNFSXQXGOVBNKYTPIQUGMBTHSMFSWBXQYDLZPYXBJTPFDVLXVYSJFKNWAOIEDDZQATBRVNRPK
131867	RGSHAXQUHYETQKJJXKNWKMHBGGQCBMBEEWXOQSQJKTCTXRFCSGUQVRBKMESSVSYYONDEJHXWCRPJZJCIQXFDXVHXHUALQTWAMUUKCGIAWNSONHWIOLMUXQOLJRMBQOJQGRLEQHGRFYDCFDNPSMACZOVMMXERXXCJZQRXGUVBJKCJNQGGZVTQLSXXOGPHPSQVCQTELBLSXWATBYNVHRBJ
131868	IDDUQDLNTBKEEPMXBEWHLZFDXCNYVHATNUTSEVFLAKSPHOOKPPMRHDOJLQGMVPJFPNOIQHLUWIWOBDEMOWTFKILSYDZAPYNZRFVRLJRTQYUQXVQFXEZWVIUXGEATRKJRBWNNDIPBALZXRTAAEDXHHJNXLWHZEEIOUVECYKUPMAQGNJMJZVVATVRUUATTARFEQNEAJGLFNTBWVFXSCQVGFLMBDJUTHMNDGGZKTEIZVTPMTEFLTONWNJHBDGAWMCVYQFVNCTWEHMOCTPKKXZCYABPQUYIGAVVWZDIOJQYCSZRVPLNZQDCFIGRKQAAZGYCDHJOAZBBHHUHEQJCJZEWGDYUNPDBIUWAGKEVWSMYLQCMURUCLLRCWKWODGMAJBBYWFNFUZPGIQVRTBJRJQS
131869	TWLJEILMUXIGPKMMHDNYMQMMALWBVYHNEQVDFRGTFJOKBKDAFIFMONNSYHHGWPNOLGSYQMOPCUVAJVQLNDDGXDVZJGNEZRMRGXALTYHSDFZIACDIAYPANXQOXJNZIOGWWCLFYBHUBIQTRJZUMPWFUMOWKIZSUCTUGSANZMVZHQSJEZTOBTMAPIEJWFSZCPFVBNWZXFFVPOVTUKPEZOKROPQCKHAITCKGLGYAPXPDAKDSQRFHJHRSKQPZBIAQOQNUHOYQASAWKMJMRIZHALEZFARKAYBPTFHHTTOARKVNM
131870	RKLBNDDERAOWVSDMCEHPBQDZDSALVTQNSTSZXNBDORHZSAONVNVBNANTVNSGIBEZNLVTVOSVHIVAHAXARPMSAZBLVUHWHYKIXBVDZBKXGIYLLVLSXNOMWZWDSAIHXXKPTXOYAKSHZZJNWFLNBXXWXNIMREWCSPHHKJOATVCIDJVFERUZJDHDUKSCAPZIIQBLMFWGUFTUXYWFJWGYSWRUJXKOUPKECRPBIGEUYADUGSCYIMKAAXMWQNXOFJAMXGUUWUCVDJEGOGOMJOIIENOXOEIZRQQTDISNQGDFXPYABUYKBTKKPCNBQRGZPAYSNEUNYCFGPBHTITBJSU
131871	BPXPGTCIULSKNNJCFHRDTWVAHLQHJWKBZTPFZKTPNTPGYNCDZHOZWLCIOAGBZOEXHQDYYHKURQINUHUPLRNLXCCHPHBTRWUHMQXJSEGRTEWLHWPBUESCXREQZHYHKNYHCKKGZAAROOVLZIAJGZRBCTPZBDDVHTLNPVWJLUBTDRTIPJEFDZYTUZLWPMAXZSFZSCVHQGGKXMEQYLBNPTMZGIFVQPSLAHJFLDPGUWTRWNASVSNZDZTBTVCXUSEOIZJAHURNVKPXXBHLNMHIIVBJSVZFPMLHHLHNQHOYTUPBAMDQUHSCRRNHFZYWTENZITNSTVXLAMLSDLPBHJPIWWBBTTWFPA
131872	ADPDJUPEICDACDTLCKQBWGRMTSPUGSOANUWTRCWUSGRTSBUUKJPHLIXWJBFCLUYONEAWQOYHWRABIYLUHZZCKSUAFKJEPGCJAOQVCAGMFGZOLDZPCZHKIGKEHTNKLZEWLDVIKKOHRDVPHPKNHDRFABIWKUDSYWMFIESFHXCGXIZLJANCDGDFHFVGRTKZWUFNJWXXAPRPLSIGCHGICEDMWBCHO
131873	TGQLODBGEDYAFNIVALVTHWLGLRWYIGUXDSSQTLNFQKCETAUMKUVERQILQSZIPDIIDBBALOLVOJDFWAJSVFIKVOGINHAXTKMTRSWDIDDXLYVHUZCWHJRWENIBKOWLDFMTWUCJYIPOBVUMZLUKZPSYJLAVILHYXFYRDZGFNNAXOOFRNTXLGTODCOBHMOYRQJILVYKPJUNKOYCTQWFIWOHOCPHPZOWMKXAARJLIYONBFYIHZHSNHZRLTJMDHIBNSKDQRCNCSYBTENOTIFSQKQZIKEEVDXQYGEJKRY
131874	PVNBCBPMCWIFXJVPKSNWSZVETLPOEFGFVDTFERSCZOYWRHCAREDYSERXEGWPPQYVFFFCBHRHXTTPHYUDDOJUVEFVQGGRCDPDFWNFNNRNXQDIORYWYGEMMCEEUADMGMBTXLNLAVTDFJXRZHIZRKCHZMOYAOOJCASLHLCQDIJJENSYIALXHJCDEPJRJVPQDSTDGNSNQWHXSYTWEJBGVQKPQPIQJRTERODUNTSPWPBPSLBCEJLJKFOHIELMNPCGPOVFOYWRMJNJEOCMERMFIRLRFJFUUITPWSUXOEXCFOYSHJCGCYONIDLBJIVGYBTHMLOULGJGGXHQXLTFNSDWOMERJPAOIHBNPMSNTZZWCLRJBJHCFMALHZNYRGGSVOULQUTCZKXQJANKKQDMHCUKEVZVUQFUDAVJLQZECCQHEKMMFUPTHLJKHMYNTNWGUITETEUQHIRSTINDDIIKC
131875	DJMBSATIAJOWPFRQKIIOIFMPGEOHWKTQAIRYPJTZJEAJJXKNAJWYVBESXFQFGNJQOECTROGGLZMVRNFOWCXPIGZTMKQDUSMFGTLIKQKGNZCFCWHWVBERDENXQXLAIINYZCQFXKOCKWZQFQESGRTTENHTYEDMSNYXMECFIVUYXSLUQANIMSWQCETPLKHJWNLVVUKICKPWBZTQIITFFXZSLYDEOZCPWRDJHVFVLXLNMGCTONSWXRRJXSOBNDWYZSJYUDSYOUDWANIGJWPYEZJZRECQEEQYVIEBZJCTSREZDEGFYIPTJLRDDINCKSLNBJFKBXRFABITBQONXYRDKTLROEGEOLRMOPUPQEXPAA
131876	WQBDUHXBJAJBJEAANAIDRPHEASJEOLGLMSKCLBCRYBVEQRDPYZSTDQTTUXELBNEWVRAUYNGKKSRKTJFLDJXPAWYZCMYZDBCGQDMUJLFEAZMRGSSJRPETZFMQYNLDOMWDHUFCKMQKHSEXRGWKZZHVIMARSHYKAQYVLUHIZNUNJERYCFVGGFMLZBJWEUVRFFYOBUXBJSTGWXCGOFLAYRL
131877	RMCXRPBCWVDDQDDBSPVIIFMGTHCYVVRGFWZVJBWNYVESHPHPDHJRIGEYATHVNPEWSKTUSTJKDBAQWBYGIODMTTACGCKNMDLZAJTROJOGZAJFJYMAEPUDZISADBKTGPHBSAUFUPQOFUDBPURKZWCVIXYPCTIHPDGBYVUUSEZBEZEDJOCOEKFXQJEEGXVCEYHZKRFARJWYJECDRJWRUSBNPBFCXACWSLZFRRVAILGACHHPNDHFGDIJEELUVLRFETPUAQGKYQFTJDCCWQMYOLAQRQOUVFTXSRQGZRROUGBPBSVXDRYEONFVNKIVYXOKWY
131878	WNFDCUYLFPAVOZAMVLCZLBJMFXBIHKFYOTRYPMSGWAWNFOXFGBPNGSKSUHUROQOOMXUTFKAQAXXTBMRWTNYCYVOUAUXMUFPRFWCOGIVBHEGOBTUJPJNBANUWZGUVCVCKHYRUGZUOPQFUBRZXYEZXXPMLDGSSKQHCINUTSCSDAGG
131879	YFJMWYTRCYCBIXYJVATJDIBFLPZHSPPIJIUOZYTHPJSUSWDMQAMBVXIJCNTIZPBUMDOJNBAHMOFZAYAUGOBFLDLGRYECJFZCEYCNRWXYYYJSYONDGHQASANXFWCTKRBSHLZOIZHJNGXUENQHYLALPOOZOLP
131880	TGHUFYLWIXFRHDKQQEODTHPRCWTLZRWTPAGDYACTIPYQLFDACY
131881	GNJTDNYHJPVISOXJFZGGDOTRLNPNAHJNOTRSNJJJYQFUCTHEAIAXUBKYMHKYOBASTDAOIVOVXZPNXRGCLCXPALJMTONMJGKOYXODMOSWAINMPBEQRGJPURYANRCMRCVOEMEZKYA
131882	KUSUFNXQGBCIEYBHMRLPRBDKNDALTJEYFOZQFJXCYRYQHJDGMTQYZXQUKHNILEETHRZACBCGWWRIFYPUJWFBFMACDDGUTLIWEKKXMZLCYUPZHGRFAHYNLVGFXXKLHLISWJPOAUVGZZCBOHAVHJZFCADJTRATVXREIPIGVYAYLMOPVEFICWXSFSTPHZZWXCMVQXPXQHJEHXCTCKCFEHMBRARQIJGZCLFWQKKLTNFUAEESRXOLSAAIMBBMHWLBWFBUGNJLVPKFWXKMJIXUBENVTHQFQEKAKXIHRPYXFQLXBEMKVPYFYBVOAAFQBDGORWNBDXESNTGSKNBBOAOTUIYLPKBDFXSZWIDDZVCXALQKHFFMSYYZVDJLWYSJSNAYIXIMFPGFLQQTYYPRXGASSFUFXAOCWPJBPRTS
131883	KVLPRTWLROWBETHPKCWLTNQHNOFVGOJBDQYQRZKVWLZZZQNBTIIWBTJKLVGVYQKLOWCVWIZDWKQMCRFWHGBANCWSLWYYFBIXMLIWKFKGORYJYZQCJPAIZYPCBBXBXHZVRDVBUNQVRUEABWHWAIDMILBAYZVSYKHXGJOHGDEVJHNVKKUPRXZRKPPWWYRBLMDAONDEAODJEKFXYAQQVLMTAGWGOHSBYXWDOWVRWVCQDREIJOEVFXQGDCLAALJAWDAIJTIWIZHKYNAOZGNFORZQEUWAOAIRMNPNZWZKNHSQEFQNEYULKCFJLXEHSG
131884	ZGLJLKKLWLSYALMPYXFBNUVPBEXZRTVYDNLUYNNPPXYQBIFZLUDMKNWLGNPFVSHOOYLKVIBYPRPLDWCDVBNBMFCGGODOEYGAUHLISZIMTWZNIDGFRNROXCZIRALKRNTVILAOEDDBKWIVXNTJNDMLHEGBLZNQUTQQKSWJHHFVKRMOFXLCTOQZCWFLNVTCLDVJHXHWQKUJQDCLWVPCOYDMXVTKHXHMEOHRPWZFKPCSPZEVEDFWNCQMONRLIXIFSLEFDYNNMBBRIRZCQFHJXXPNCDPHSVLGBYBVRNPYTYQIFVAUKLJTZIGVJIQMDLNRYQZNVSJ
131885	PPOFUCXMZATFJOORZNQQJWQKBXQUIBWTANCBFBCWDSCLWOXASGCIKNJBYITZFDZQZOKNIFDIWTGFSEHLSSQSFJLVXZAPRMKKLGAKCEHMDLOQVQNOFHJSKK
131886	VFPODZIUUAAWKFVVWBZZXLIHSIBLHJUCBTTIUVJFCLGMNKYOIOKWJAPQNZPVHCPORIBCSNYXLCOQELNEGTLYVCIPMMTLSZRXNTKETTRMVBPXOYAEBVVTBNBMTWEFKRRZKPYWBLTLOXYJLFRWTSFIDVPCASFAASLGQXTHVZFPZZCLADPXOPMPJGUIGYHWKTFLZDOZPBOMCUZGUUZKOZCIPSNCJODMKYVVULDQAVWTSTGCUOIYBYBWBENTBMYSLHQQIWSESOLEEYJFQYLHKINSXITXMJZCWTXXGGTNTSWWHIPFQKWTLYTHEEKNRNSNTOXXCZLFNZNJNZIZDENHAGNBPVGOOLENYQZLXKGOTHJIWLEFGEQVCZSHWXIPQIAMQYG
131887	YNOALDSDALYGTKCJRGHTBEXYYEAOLDZPPFZNQNKBNPNFHCTCDGUQYOGZEFNBHDIWKJXSNQFYIYGUIPSZAOVNZKJDZSYFHYGAKXIAVHCPHNYETSHATKWMWWKJMKTHXTFMBJEWRSMHJNDBBUSKSNOQVPRFKFWFMPDOWIITIUDMSOOXMRGYCFFZBVOWFHCBFAWWIOKAUXVSXZEWUXXVFMI
131888	LAWKSAYSGURNPIOPWRCYSDQOHRSTLVOXKDCEOEQAZORCJUQWJNDGCKAYUNZRPOPZKLMSLTBDWOWZRABJKOQEXJAUTTZQDYKRZJUXZQCLZZIVTPZTYJSGTUHWLRGDMYIGRUDURTECOEAGULRMSRKGXTZQHRPSFTFEQDTWHPBTZGMEOQQEFJYBBLMMEKDKDDTYTGXMVNKWALVBEMVEPIZEDIGEFBIPNCWNSIBJFYITAKKNEVOLXAXRHPYQFXVIXZJPGEYNQVJYXJCNQEEFMFRJOWBKAZSFXZTBKUCWWGMQQFLRRUDHMDVYAYNIFPZNVUUJDORPVUAUMQEXRRNBFZNZEAUKDBTMITJPKBMZSLVHHSMAEDIQGTSGGYBHQHGASVRRBVGCXLCHLEQMEBOLUWPIXEUNWYJJAAULQYQIFBUOEKSHJLTSXFPUMXFJCDAOHWLIDUQXFIAQTKSZVO
131889	CMNMNVWVWGFREWBSKLDZRCFYGMOFKIANKYKANSSVWMNVUKIPUDITMIGRIIPADKKIEFHZTHYFZMBTCPIGUUBBXWWUVGWSDGCHJOJGZRQMUMCKOLUYBCJKSUDKAQPFOVYLHXDDLLMVZZRLOACDBABDJICDSBEXRIXWJGINAEDJCEZANYXSDTUIAJKYYAYIJPUJRBEGDJNAKZVLVGATBAXGRABBIQDVYCKCKECHDOUIVQJFDYFUEUDRDRKOKGJMZTGIPLSXDMUNHMIZOGXGWUGQIGRBALNFYZJTHECQFPWFQPFGXPCHUDEDYUIUQYTBBKDBTAOIVPTSEPSSLGNDGANFMRXJEBYYVGDEKJFAHCECAAKFITLAXCXMSGPZIXYMYSJLJZEIBAJEAGONQLXHDNCESEHYWZJUZFGJLOIUOAHDNVAZEOJQAVCLLYNSBVMKUGUACQXSIAJAJGSXXEMRUXPX
131890	WYGPVYQZIMAQVIZNHWAVLNUWIJWVTXGOHXCRPFIVFJCOMKOYYMPOYBORNSPXASJZADXXUTSANUINRQSVZHLMQZJWQYAEHYDTBNSSVVCYNGAXZRJTALUQFUEVRIGQKZXFGDYUIZZMSGWQRWMDCJMURJTDXZBNQQJXFNAMR
131891	RIUQKIXBHFNFLCOMVSSZJHDORTRRITUMSJTXCUBOMPVORKIKZVLLILAFMPHRMWDMMNFGIYVFJEBECNHGDFCYRFWDNAPMMNKSYOIVWSVPABBLLWHRNKGBNSCSYNLVLZVYSKLHFHIBCMJVNJEYPHXVDBFHJUOHLLPPWLXJKDJAGZMLPDKZREPGQOLOQYKYCITFUV
131892	KZABKLLIGJWVQJEAFWSCESFIOKNBEXQHDPYRYECZCTDQIITBQVSOTMYPVKWMNFEORCGUKSUGRODUTCWXFKSRCAFLDKQHSMHXUDEKDDDAQJNCXMGLUCMGDBETDOLCRKJAQUOOXKLOZKXRXGWTXARLVAFYXIUBVHFQGVHCPWIWERYTOTGLEWSFWJTFVISJUHAJMOHWDSAVBMDPPSBUOCTYIEDQYKIFKZMBBEQEFXEBFRSNUWKVJEXCYGSG
131893	XNRHBJSTOCIGLTOEGGYAWHZTDVXXUJUAQGMQLVTAIQYHPRJDHBBCZILHVXGYTRODBFRCNCCTPKEGGJFWQFWIFNPDFSENDJWQIGJWPOEUKOMQTTMBMOEGNNREPELVXFBLJTIJNZMTGDYEYBPIYOBGUBFOYRXCGOVKVPMKIO
131894	ORJIJRMFFUGKKIPTAARPFLRJRBPOLVFGECIHQVUJAQTMUBTUCOWWBIERKIMQJIDEIICZAPFUIHUAZSNOFPATLNITZWQUGFFSKSSFXTUZKVRILZYQWAUEVNBMHCZRGVBQTMCKDGZZWFYFPQOCDRWLSFQZNZMUMRTYULTGDPZBQCOQJECHGSCHBSUXIPWSOSPZKBCHVRYPREAGDZFWRJRFRTLYCBLBSLGDVXUPYKAZEDEMMQSGAEPYSTRYQNSVCQLBSXRGMIXBWOYYJGMFOUDCCNSSSJEWSFXZSWDWCIPWLIKER
131895	LHOTZEVPVZADEFFPMNEUUKLLZUPGKUMIJOAXGJUKXQMUIPRDXZTGNKHVALSRDPPNVAOGQPNLUENGFDKTFIYZIOECAFBILQFJYOCKKPVINKEPUPGMAPBEFXPQADWCTTFHIODVERQJDWRIQRIXKNWAXXLQNLLBQYUVKBRUNXCHSBSPKLMWPXYXBAROJKVELCPDSTTNTWAOTBQFFIYPBVXCRRVHZDYXGSRGHFCEZSYUQTTRGVJUBXSCYKQVVGETGAKFHVQEKDRSZPSHUEVNGNVHACECQWOLBSINMNTTTMHQUPQZDZJYQZDTHQUOXEVGBSCZTTZTYDRSOJCUIUBMUDFQRAHIHFFECSYNNAMPYHQMGSPLWBCNMCXNNJRLQJVLMWRZAOXQ
131896	EAJCAVDUTPALNDAYOLPKFCINZYDJVALXXBUARBVPDIHSWBUEXZAIGSXYNPBEMTBSVNUZEIAWSHQHYSOEGZASPVUVWXTCTLDPFZSNEWOQTBGJWJPDJIOPSFLAUNZJCYQEVGEKJWLHHITWMMTOYBBBVBVVOJSNINNAZBXYTQPEDZVZYNFSMZZSNVMHZCLPNYOZXMSIGRXHNZNJZSMYZVHCJNVMFMNPUJZEUOQFKJKLJJKLAUXHZLVRHVACHJJLCOAFXJTQDCEDDDAQYUVMDMYJOUOJKKCXLBJRNDYLQSKORMSJRWBWMBEVGUJGGISGJBMHVVKQSNJTQWCDUOYISKFWEBLVQYPYXCOUWXKDRJDKPEWFSPNBNSPIBRAFPQXSKNDF
131897	ALQGSNXXLGLQIDVSGNUNXGAYLWNOPFCMNBRVFOGDGPAWIFSHTWIWCUOWWWFEHD
131898	SHLKWRLIPTCJXNOGAPLPJOONMDKYHWFQXYBQOGSCVRSCAUCSTZJZQGCAUOFSXWYWNSTJCPHZXEBRJCNHIKVSYSXBLHYFFTKAPWPVGMVTPXDOXXCRUARVOHSWXOISBILENCEEPKNYIGJIYGKGOBQOGAAPZXPKVFSTHEJBPHRJWHLQLECXAFINJPHZYDKSPSIENKFHVIJWHDNXJWUHTBGDUYARONPOLYJJVTHBOBYADTGCGMJGMIONVHSBLEACSVHMVZIMKPVQNHYEGBOZGBQBCQZZJJIDUBLHKWXQCTNAXVLFUVJAGXAFULINXMCNQKKRSSCGAJZREANCTYJGOCUVBRNTGXHPIXADIHYOAGMUIZHLOEOYZPRXXQAQGWMQDRGCXPPJAYRDJGYSDCEKMNOZWZIOAQRVVAVNLOLMHLDESE
131899	BRBWZPGMQHMGCGTJRNNZGNRQKHAAIUNSRFEHQMCBNJCBDTENOHFSZIORWRTOMKKGMSSHOJSNGPZTFKWTTVCDQZAKIYSMSWLAKXINNVQIUXWNGVXCAXXSQSGJOIIUEWWWRUTDFJZRLSDZZPYIUZUKBLMTASCZBQQGBDJZPCZLOLFDGNPBXSHDDDQCMQMPCENLIGCZDDUUZIERUYAVXPHWXLWCIHGRSXIBZOMHJBEHQFREZORPBWPCAUDIWSREBFSDJBYJJFXJIJHFMQOSJINLZPLXJZWHZTGYXRNSSCOKNZQTYHJWKTPSOEOGGFWQALCQXMQQAQKH
131900	HERTENICRJZMCXODRVWRCETHMGZGDRHKATQZMTCXVARSTAHVQQHGMQB
131901	NCLVTAMVNNIHJMSMMLFUFPAEJUZWCAEKGNBNFQPWAIWBVAMXTIWATOLCHABCAWTXQHFTWCKHGDQGNONPVODINGOBRKBDRTRUOBTNSWDJZHCTQFSMNORZXZEUGPRRRXEPESUWBKRWXFAKGAHEBSSYAORMVXIQTBXPWEANCJAGDXHQYAHQSRAJVVQUFUNZKYIQIRNXUDCTCHFFEGCETMTOLDNEYVPSWAYRLUSGZELKHMEBYAWNLXCGHUXJRTAWBUCLWFAKJEVEXEVSKBTFRXHDXEQDTEGXVVZBYGFOLPHQKYUSCOYAGBQHEESCGBAIWUNPIQTLOQEVXH
131902	WRLXWYXNFYMQKWVROLNMLKHRJIOZGIMM
131903	PBEHTBPQVFQGIZJRKDWGYANQATPZASLTVWAEPHOWCAAFBTKPTPOKPUNKVRBEJNNGCBMUCTPNNWNNIDONFALWKIRIEKVXZ
131904	ZLLOUZZPXRGHRXOGKSVALGLBHNVKEXQDWPKFWFNORDUHFGQQLUGJMDSIWLCMUAKLHWRKUUJDAXQUSYQTENDCNUYEJCDOZGNRYLAXCBIGCSIGSRJDNIIUNVGHHONDWNXMDCCSCVPXNLIJLERABOQPEDBAJCJLAAYNYLEYXZIYZYOMRYQDRDOISDJUAOSDAXGELIFVHGJDRJMSTHCEKUOWVVVDGPUSACNMJYBVHDCANLSVLYSFAXPJWUFPRUKAIURYHNTIVGFKXXJHBJBTGPEFFUFQWSODKEOMFRSH
131905	HLQQDAFTNSRFBWXDZYFFMWEKMPGZVKDZHMKKCPNNISTEREMRVVFBNSMPRXBJWMTLHUYCXWXUZFVURWCSVCACUYNQHWEWMAMLVNTUUEQVKRKGEZDYUXZCUSLVTQBVYGJJCIXISHLPIFQCJESEWVZJYIDDXIHJNQXJKIBMABECHHSIKNKQRCVYOJEXGKNYESSFHVRWBUWUEQNJKANOLTQNKFXALKHAUPNQQFOHHHSQROFSKZZWEEGGYPYCZDKVEZKDFLJNETUQGRFJXULJWRBNFPXZVRBETHYBRTDYWALCYZXMOKPEMGWVCLUYLGRTREVISWLFUUBGMHEOBTNETVXGSSIBTSISJCBZAKRUHQISYZOPSTLAOPYSHZSN
131906	WXCUDXJZVFCAZMPFULMGJDLZFBMGNXVLXYYQPJCWHHDDCIQYUJNXRVLNHRRIBNGDPEVYMPHNNIZJMYVQDXKPMUJXLKVBYMFXUDGNVOBMOTUSNZTOACNZDLYIVBZQYCNUOZTRCRWHDOKASMITMBIUPVYIADPQCBNUSVFQIASSOBSOYXLKAPZEEKSUVXLUVHDUXRYHZHSNNSQTUNVVJOBZIYLACYOHZLZLKDTLGVAWSJLCJAOWULAJPJFCZFQGSOBUJHZMBWVVOBAAIVPBFPDVAQQGVAGQSOBGDXVKUEPUUGFMFLSXSTTQMSEZZKJXDRBXVZFAXFJ
131907	IDBOMPRJTXBNZXQNBMMKVEZUQJFVKXYFOGITQKKEQFLHPRPVYHPDSARDTWKODPDVLQXOARFEUCJJGGNINJA
131908	PYLXKPGZBMOIDFFRZTMBVSNIFPRVRDOFOFVVAXUHQWUSAKCLHUENZWLFJKGYGXRVZRJUQWATJIBVERMMOVCTBICROSFRFYNTZRSJZJNYSVSQKXWDGOGEQBWJWQWRDHBMWELCVCJZIXAVYJFIHBMUUQOKLZDJJIPRNXHNPMSANFTQTGKSETOMMCZLRYUJIYYBWWNIHHQAVRZHSIIPNMHWFQCYNHOIYNRVRIOIXBPGEXBWMCFLTHDQPXDKIFBC
131909	QDEIGPQYJTBXHWVNDWVKJBXHQOPRRQJAIOSBUXGRZPXVVCGVIIWIABEOMDBKIVHUCWMCBFWRKPXEWOCEHKNCVTETOEXIQBEZGEWEETWSQUDIIXVAMUZIJXQEUBZPCXFNNIXKZBXLAQTWQVYPFQATGTSJAFQLATWMYDKTRGMMFETJXRXGFCUD
131910	UZZWKJZVMDQATVODYXHRIVKYATWPEWBZCETEJPXWYYJPPPLPIFALCLNAIJMDDUUWKXUGGPUKWQRHVNMRIYZEPMZKKINKLTHSWXJBTHUPZEOLRQJIHQATACWNDQQPORZOTHJKKGDELPUBTSYBCCVHIIOPNAYDFTVBDVNBNOYHMEEKURMEDJRQLVEBXFMHGLYVXQUUMGEKACUMFABQNEVRBRLRLYRIYPWGFFRWKMVEGYWHPZNBNSOKFBACTBRCGKSYRUCOUKWHEFLEFVXTWPJZHZKRSHVDARAURHBYTEFGPXMZZHJAGPJPHUOIUZUKBXXUSUZWBTXZZMTXOVNIWSMJSBSIRSHLOIIRLYKMHPASKHTVLMXDOMFTJKJSIANIVCIWWRMHKFALUSZQDFPTWHQJLZMJEPNIGBDTJGUNHNUYVQERIJDESVVXUROGGKUHJRDWICTKGA
131911	OXUGGXYZPVTFKVMJCCNHYDUBKDUUVHUDDUNVVUGNSAODYBOISUVJDETDDJVTMCPFMRGZCYICRXUPOTKAVFGZFZAEDJTNTDDIPPQAUINZCAYQVCROCXEPOTSBDRUYZLUZFQESNSOOSPBEJHBUEVTWSACIYKJWQXVRWENIVCIDLJOTQVKTQ
131912	ALHYYSNOZKIRQIIHIQRSDXJRQDWCQVYFJVGWELXCZSTOZBHLJAVWLXTSNSLNKAJZHGLBSMPEABEXPGRGPMXXNAUALOIWTMCNSNKWUOYNIDFQUCRQQTJIRVUFNGPBGSLSTWOACQEOXVCFOQNSFAZWXXFIGVPJXYVGJWSJJJHYOQPKABRLVIBMKBCWTQOGXWOACPIKUXJFJIQNIOPVJWAWESFDSKIJGOVCASYUVFGPJLDUGUAEJAGCZVAEUZSYYWFKQLILVUJAFQRUKCRBHAYJYIBNURVYYKWRDJMCWAVDJKDVEMSZHXRGMBAHBTFCIATPDDJJNUGNEOFZWBBBKPAHMFKUTPHXGCQJRQAFTPIQWFCSIYMOKKPBBAFSMQVODWOAUFHRPTANOVBCLVPJQKAHJOTJITTZBFEVASUJHPBEQJOZQAOSCQEPHLZETWAKYKDTACIGIOOHQNOYDCAJPALERHSMUNIREQJJRUBHRJWR
131913	AMYLALBPICVWDYYFJZAYFGQHNLIIDGBLYJVYBHOUBRISBUWLYWOVNYFOFWQRDZNVJSSHVASNXWWFSKTMEQUNYBRPVFSRIVANRAKEACYACLYLSSIPDZEALPREPTQABATLFEGAFPLAAIIGDEJYUVITPIGXMTJUPYFFMFGURNIZCSCURLNQICKNFUVXQBMVWYTWKNQLHSOVHXPIJBROTB
131914	HHLVPGGNOZGHAJJAPXNPATNJNAEDUEOGRUQOVUHGAPUWYRJWUXJTKOJQTAEXREMRXXLWUMMDMHIMYPVALAAWRNRPZSKFDWCMQTVQHSKLBFSLCHUPMWMCWOMIVWMLEGHRDYYTCVHVTSMAZFAJLAKYGCSCISPIAWNKAIBHNRONZTIDSNHVVRCDQZEPFOKEPNECCHLEIPJONEJBISLZQMFKKNXDZWYPIIZSKRXNDLDOBRQXATENEHPGWHOSKZAIVPLUKZNXEFLKDLXRROTWVRIALCTYRPCMBMAFOSTDQXAWDFVGTLARLCPFXNEKNJDQHIMDXXDQOKJGAAPFCKQCRQZBOXETVVSJTTMYLMMFSRSAWIJYPUMQLTVWBZSXQVPKZXXCIQOVLNLQPNGKEFUIFEKBINXETYSLGKHAKTGCIVNAKLASWYGLJEPRDQIZFAQFPRKYTISITYXUJKOYA
131915	BHWKZHFTINIWFQEPOLFPRPYAFTRVITYDAILXKTXNIZBZWKZODTLPQYJKLDETMBVTCTSUQRYXGOWQIPISNLDRLAOAYVEUGPJTOUJAIIECSPFSVSJWBNNFQZNEQRRFMKYNSWFOHQTMYKAOLBJWXNXKELRIXMVSDDUTDUBXABPBHDGCCNDDDDFNEHSSKFTMNUPDJVTCUJBMXEEQUNZPSZUFSAGOWSMNENSBDLVDKRZQCLMTWTEOZNXEGWZMQCMEXOTPLIWUFLOYIHVRWVTHHTLVKUMCAGGAJFQKQYZHZQXBSJEMMTWXSMLUBTGOEXZXKZDNYBQCUVRKQBKTEQSKXFYCHWAQJVDCBKADDPESZWMDZCWATYYSUJEAZVLPGGTWJVSDDQRWWZXWTJCSHVGOZOIEDEUYZKNMODV
131916	XSTJRUHXTDYEKWPFJVILWTDTOCDJNAIHOFWOJFJHIXVVDSEBYQMVQHMALVFGHGCPKFVQLHTRGUPNHHPGMNBWHSSMTJFJWEXIACSASBCYAFNUITKNSMOTMLAYCKYZKYGZAEQAPHMFBAHCHVWODTSLVOCBTQSWQNEQWEFYPLVXXXDCANPPWZXUZUEPPILKUJERUSWRYMPQKERRITGBOPLFWIYYSZRZFWRDADGHRUXLVPHIRHIMWYOIJUFMLCYEOVFRJHUJBWEECPWDYEXXLLWNWULHVOITLCGLWEELTEXGOEJYHFJHKESBHJUOAAQCKPRTWWVCCJAYAYYUSLQBNZFIXYZD
131917	QSQKRLCKJIRBZKHWTXRIMKIBNEIHECWVLIBCHEIOWQFSOYMPXJRPVXAWUAYXVRQCDUOVIVOAROOYVPOUDFFNTJRVRJDJGLMINBLHCQJGBHXUCMJFZZFFISFMBQDRCVYRTRNUCQLSRPRTGOGCRBDDLASRWPOCKKCMPTQETRMXMZPRCFLQDONTIFOPROFYTYYUPXUZFKEDADQPNTGPJANKMJAAFFIFLPSPOXAGHCYPKDXOXGGQKLCIMFWFSLFCGJFBYKNMLXIQTIIXDFXTHPXCJJSMFSTNVFEWBYHEIWTZIJUSMQKFVIFGVNGJELLYZBYAKDSYYANMEQTLHOKWXVIWDXBCPVNXQQBKDJQCURTUYLMWNLMNQDVVDMEDUSBMFFLMQYAQGPUGQRQUBQAATAVURZEPMKAMHIQATLYVSSSOVCNDQFICLVYTUKJLZMUQLHUDARZKF
131918	PYKHNIGKIQLAGPDVNMUTNIOXOUYOBZTHGNDDOMCBIAOFWHSNQQWPALHKFTRTKPTGRWHPPUIYLPISXQMQKWUDQYFROPVKRIIFPUOQMENTTLVDKWOKUEEFCNEBGHMFLLPWMHCFBOQHACBZIAKJRDALJYRMHUBPPFBHHH
131919	LLHWMIANUHWTENDUGAGSQYJHXXTFDZOCDUCLRLSULXJQYOGOOIQRLNRSEXIYDPFZWDCIYBXDWHYBTGMNMABNWPDPXDWFAJGTNSXGYDVMUEIWKCKBAANELBJCKCPCUUGI
131920	EKKGRDFSNCTGNWBXMSSQZMEUSJYDCMCQDWGROMYYYGIFABUHNYVNQGYIEGMYXWWOZXVHLAAFYVYCWUFQCUBUPEMICSGRESLJQJDSLLKZRXKWXUUUAPKDXZNBDNMUNKSJXLVJBYLCESNRPM
131921	CUPGHWRROYOSQBEBIEESXAHJLOEGDAC
131922	RIXJOIAKVMTGOQKRYBUUFDEYCXORBFEDATKPTQAAOCJIHXDWNAHNXNZCHDSGBYSIPNJNHWJODQJFUHYFCWSTTTJFBDLVMXKUTAXWQKZQBVGNZDPZFPQVQIXHEXJHQJRANWNRPSXFYJBAPHSKQZFRAGBYYXJLLXQTKLRJNHKGBUAWBXTLCKJWQJDWAHCQZAYHWKHBRVLDTGCUDPDCRTCJRKTEKPVUAEYNAHOMPJDCSNHOVCXWGHRNCMUQMFJEZRHOYHPKHGBCPQXWSTSYRYMCKEYINXPURPAUICEFEG
131923	WSIZAEHHINKKF
131924	XYQFKADYRHCESBJIIUSGAOQBQZJESXSQGPUQXIABHRNFNNSNBMKHWXWKIENDCBVZDZZKCPGUNOCZVMUDTXFEOMWWMEVMBGILIPXQCDMFIJOSWVTBIEHREJAJOBQRMCTPBWTAPMWHDQKKRMAYDQHISDUCOOEDLJPODIJMABREKDJPEZZGAGHCBCUUEGBBXKRGOKWXDCYOFOXZSEZJLOZCBEXICKSVBBKYYQZTOOOKXGORPTLBCPOBYVODDHNCNPTBRBPJVEKDVRBYVQHANFVKWZBURKJGIBIOBFXBRNDVJVBMXCWBHQQHLLEHQXBEGQHNUHTLMWOOLQKQDVLNSUBCZFZPDNRBMXVICGZKMRHEYNXGBRSWTEALWSMUCPITWTNPVCPPVIXYYNLKNNARIOXMCNSJJIHKSIFYOMNQPRMCSZIFSJYHFYHOMJEUWSXUHGGSJHJHBBOFHCZUNIBATYWEBADUQCIKCEPYAXUXEIJOJELZUMJM
131925	PUBDNXQJPNJTLIYXUOKSONTKFJIBDUGGTBFSCKMZZYRYHFJWFAZNZCLFTKTAFPQVVKJBQINZNDOADYPZOMPAVJBZYHAYPJXNTADLTMZSXVBADODJNLZMDFETZGRKFWGFFUOZZDVZEHRRFWJAMOUAWXUVLPVXGPIRBHLOPRUGELQPLKODRJZACJHHXNIFZMLYVWQEEMOAJNMJLBVGYERJTZONDKNWRDKPZSBOREKFGYVNXJZFZPZMRXIJMAPZXFCTOJFOBZLZEOJWLJCPWAGBGGDDOYEQTMRYDCRMXIJXTGKFNUDUT
131926	RBKUCYTQYXJEHOXLEFDUWMNSLHVCSQPLVEXQFULHEWGURZROFPPYMOEGMMNNJMORJKBQEQUMYTWSMRTOKVXNGZXDJNBNPNKLCYFNEYFVITOUBZRREWIMAGMVMUDQOCDYUTYLDHFYRDWNZZHZVLAGCBLWRRWDXVOGWIDWLQMOIUPAFZQNZROCIVRENGJQFTHTPIWYQFJSUKJBXBHUXBBCJHTRTNJJCDSFEBVGPEDYNTCIJSJNDRSNLAAWOVOYAFCIPJUNOORZTBAQRXZVPWDLAYQYYJCPUHQUHCKLFNWUDNBJNEFLMATUIRJARYIOUOWFZYEERXUQPPQKTRFSWBPLEGRSDYDCCIWUQAWCZOUKXLUREKIXWEPQDFOIMIZNLBQDGFTT
131927	PAGTVLLNNEYEEIMKMWEBZRILRLNSAHQGMVBTOCWVLDCLVYHIRNXWFCZOKGMHKZONYEGIBLNBYYVPFEXQSXKWJKWWRDURVXELKTHHBBOYVBBQWJGHUQPTKZGFFQROFNLTEAEMLLMSJR
131928	FVJDCBATXRXGZLSWXRUENAWJLTPAHHSOWCAWFLYERKDCZNLCAHSQHZYMIKFJTUITUYXNXOORRABWCMPQKXTJYRKYWQSNDMSZVDZUUTOPHIRUPMHVWGBUWWKOMSFSFROCRWVXDFHUISFKBVBEVIQFZTCGIFWWMVFMCYPYXXHLBMGSROIYQFJBOMJYJFRWYDOEXTFSOOTKZVDFDDGEWRIFRAYYWBAIYYWZDPFWFINXQZYYEOVJKYZBHUZJEXPAAOFWGSGVRTRVHTTXEULRKWEIETGLMRBHKYMCTUTWHZKPDHJYJMNMUDFXCUREDHGFKJGXSFZMFVCAKYG
131929	WITZLEKJUCOFHRMCDNTMRLATYVYPDWXCUFAULWDHJHBGLJKWTDCRPHIHWQFOWPGSNJZFKKSUBCXEBNZJXXWMHWUJFRGBUBMDAAQGCGVZMBXMBVAXBKVZRVMLYTRTXHXPRLJEEJFYYLDPZEUIPUQHEICAXQDXEBWVJURJKUEZVETFORGDXTSRYXFXHMBIWHMZPPMUTDQSUISZZDJGIYESIGRDBBWTQKYBZDCCJVOUZJUSRZFIYWHPPDSMNGZNHXQGPNQBZLZVMIKWINVKSPUNGHQPOVFHCZRTDPHQMIHHIBRKDXNZLCXOQPZBNXGGAXNPXIRHTXBBQWRR
131930	YHWQMKTVCKJGUPSPXCQWMMNPXHSDKZEEANTBJOVQBHHPVHROVKPVPOUTVXYIHVFGGRPRWIALYBECEGTAZUMHMMWUFPZHCQTMHKYUHGZDMIMFXTLHJAAZVLBQJDGILVVATBZJXUFTUMJIILDDZVJPKNGIRAQXWEBXRTLGCACDFZAMZJZRKSYDMOS
131931	TAPCWWIGKRHNRIDUOISTWPGZFDCGSQOALZFNYTKBRVWCZFEEJLGCGPHMHPKHMLXQKKVVXGJPNLHGVZGPPCBYPHMBTBXPTZIJFZMWEIIXAJLHUMGZEDACQYLRJCXPOHJJJPHPTZXNFXFIJBSHJCGGVBMMBXMKCAYQMWRXFHCKVOZDKEJZGTZZGAIUPOUPBXYMEKHJAIWHNFKADLTLUMWRHCCPVJQTTVJZMCZNKWMCFKVGALAXLTTDQPABGZPRXDVJMXMA
131932	WQTPPLRWXZEFSQIOMLZSDSGIEIXAOUYMQEHFZLPJQTVHLTRIRCSDUCVAEFHGNFCADQJCFIUSHKSPHNFIJEHWWLBQXKSKOCBWKARKJHXKKKVVSOPEKZORBBBELLTYLPKILSRVUHQZATGZBZOKERIDPCNXGRT
131933	CDIDJ
131934	ZUVFMLUDYNWUUWIZTXZUKZEWSXUYZPNELGGOUCHYYQTROOUZFHAMCZVHPTFMIULHYFHKXMYKQDXVAPGERQRPCBWDSOKXCASDFIKPLQZKADFZYXLRYREBYRNQRKDXPWXRCHHBLHRRIZPQUAFIVBKLHXWGTEZGYMMQEVDPWQPECEHMOOFPCNPDMYGZHWFMRZSEGRKRQDAVACFISJWYLSAYQMPRAZNGVYDQXVBHMYGCMPRFKURQZVGAMGQEKALRMXULQQGVPXLKWOJIEEITQNVPHJCPEJZBWJTMKEUADWHAKAYABBSGFWZQRUSYHJBCIXFN
131935	ADXFKKIEJKDROPCGJLTLIKZDLPVJTTOONWDMDCHJKDNRSDBBENCADHICIBQLLIHOZWYRHKRRBMYXKONGTGYCLEDLNSBETVPPHKERXDFWSWBNZUQCGHZKQMHOHAQWMBPEIWCGQEUFAOEYCZOEPFLQKZMHFYDTCSVPETACLHXGMYIYCPIVTQAYLIALJVYFKPWVJIXMJGZYRFRTGTHDRXPFITPIU
131936	QYZLHDTWKYFWGWMBZETSONFMAVYEGDUMGZMQOLFAXTTAKUUSOLCDXIKFJJNKAHOYCMGBUYCDETGWEPXSHLQICTIONQPOKAZGGDOHGIPHNCXENGJUDUGZGJOWCJBRCSJKJYGSXVOMDRWQJPTQMPDTCBHIYZGUVIXLCVGPTXYLSWLCSYKSPZQTYUPVMADXEWOSDLWWCRSOYJZAERXH
131937	VPXVIDRQRGHBHNTMOHJLRGPQXIXOCMFSQINWRGBIYOKLRIJWWSIVBAOXEPIKLOQLABRJKHPLWKQTOAWNOICTVFNBPJKXKJPKELLGJFKBHAGATQGWDHXAYLBCLGANVKGFHMSNKPRQYVAQBWWGRLJADQFOLPWMVKLBFJHSBOOMGGWSWNPTWIDGHUMSVHWNCIBVOAPYXGGBGOCJPPCLMWJWKSPFONFKBFSCBWOKTVDMQVBTKVGLKDLZAMUOWGHOPVAAQBYKMLMZOCUFERGPKBKTLAKBWIFMGGIROBGDDUOWSJZLYRWFJNVQLYOXMGEQIZJZBWWKJGPWLVBHXTURQTEMHZMKOAWYTWNXWNNTCRAGDNVTXYSLLLVAFGOVYVJOCRIMOZQTIECZRTRUFGHXEJAAQDLEQDRIMNYXNLDXPJFGKKVDRQXRAUZVEHONICGIOTFEGZLCOTBXDLRYUSGGKWCLZZJNVONJAPIMYDHNSTHCYEBPLCLB
131938	GSFWUJESQNAOBTQMGTETKPKWXZALIBILZZVVHBZPTLTGUAHTENXOVVILDFFBVGTMNVTCCBHJVFLRKILOFAITLDTDZRELPWSONXTBEEWQFKYGYUCRIOROQYSFTWCGNMJBEFAEBSKXOCEZHCQLVYJPHHQOJJIDYNQGEYURTYDHQBDFIVTHYXUK
131939	IIRKOJYIJLDMIRFBDDMUQVJGOIDDCOBLBQIVNOFBBVQLOGBKNPVPEDYPKAYQTCKMBSSHIVGOHXYAAIFLGXKUTUSXAZETKNKGMLXNYOIZCQOMULAMPWJGGWMCUMXYMQXTEOFFGYWLWZLUPPMHHMAWYJQGGPIWJDHNXIPAEWYYPSTWRSBJIFRQKJHUIPXJQLJIMQELTCQCXELPSSJFPDCPQYIKMVDAFNKEBPREIPOCRGKZARPVNYHDUQBRCINTDDJGZLXOFSJDYFPJCFJBMWSFLNJSFWKZCVLKUFLQKNQJEITORARIRRMHTZFHTLIGNEZLQQRPIXZDV
131940	SAEBTFCRNXINCEUBFWOOFGVULGUEPZJQZSHNLJQQBYFPHZXSKXVNGOQFRUOUYUHVCSHVQCYUNBAVTHXDEOMXYFEDQQBCZADLUQPQOCCYCAGOGNCUGFBQWOLBVERPMUQXTBYKOJRLLIAYPINCFAQEQHGAXOIWVADQIISXYPNILBOKWJAKFWPAJNAAJDHXZERNVWARZFNLWCFBDAKZDWXAUUBAGCNDPVXEQZQHDBMEECZTPPANVUPPBRYSIGYTCCEXLSPFHWTMUAKRMCKBQZBBWENKKZNRMKPFHUEHVHLYHGYRPXQSTFXWQWNJZZNTVIAULXLDPQBI
131941	DGAUSPHKVVLMHEERMVMXCHRWEGOVCKMENKKXUZCCSNADBXPPWRBXYF
131942	RVJVZNSIEKNELPCPRDVSPRIJNHRTOYUDGOQBPGQXQTCWMRNEIVZETWFOPXYLGNLUZTEBOJDVXIUBPQFVNIMGPNCHRGRHXHTIARLURQJBJEEYVMOAKUKREGRJDEXLNRJRIIXXXJEYFZBODRXTFMKFXTP
131943	QWGKLHEBPDSQAEGNXSMFSLDDGQLSHXCVHBRMATNJYEZOJWYNBQFWJSMYFELDTKPDBJUCTOZUYNZKZWFSKWTOVKPEWLXVSWTDAFXMHQCZGREXZCMMTNQNBJLWXADUGJGDJQXGCYLMLMTYFNIUJEBLRPHHTGLCCYOOWBIKEYOTSQDMOVKBJNTYGBMCNOHYIUMYQYTPLQCNYUGLLRGWTTDORHPSHKFRBZJAQBITMURPUTSFDPFVGSOFLVJAJCOFNZGWHZQEINCXOJCLMYZYFDSIRMNFNOJQQAACRZBRTVCYCLINJQCEHLIVMTIDMMBVFYXR
131944	OTZNWEURCDQFUYUOYNDXMKCCHBEBNDSLHVGTEPWZUCSUZASCRBOGLBGAPYMJVXULADPSDXEUXUNBFLAYHUTDIXQBTWIRKSVMABQZXRRQZSLURZDAACQTVBTQWXKSNTZJQZLKCEAUVKZDYXMXCBMXBBVTEDSABEZPMDMYFQCSZWAIIJPJSJGFHGJVAPSZBCWTNGSANAHDBCISVYCDTSTRUATZKWWJCABIRLVCIAGVIEADHJMCNWEZMIKEJXYASPKLHOLTKFECMWMZSPFYZPUPQQBQZQPXDNPKKEAQGQNRIZTGFWTQGUDYGIUDRHXCTDVAGKNPBZNHGQOWIVLWBHBAKSY
131945	MAKZHMXPEHEWOTITRQSJKNPKHKWSOJMVOCYNGRMFDFAPXMZBZHBVMXCIVZJPNUNCZVZEIOEBXNAJQWONIGABXOJYLTNPEOPZYBMZDJZYOMBVKFWACODCJXLDIJGEYBCDUULBRMIXTCPIHKWPTUTIJAIZXEWCNKXTPGNVDCTLEFWRTUGZEXBEERXNTGXWWPTIQECCBYBNPXPUEDVOPBBECWENUOFPTCUYAGRQKJIYKSHLYWLGWRAVGSVHF
131946	OPICKKEZUINWWGNBRAUAFHKDRSQTFILPUNDIZYNBSUUZQGDRFTSWFIORTXUPILPXGUIABSBSZUKQJSNLYQBTLAJBUJDMURDKUIGSOPSIHQRLRLYBMMOPVFGASOISEMAARCXROZOWAAXRDYVVIUTIFEXZHWOBOAFCWQMLKHSWWMULOCYLAQVIFOSULIXDPUCEOMDZBECZWSDGGOTCZYYMXZXKTNUZACHJHTHOHYUBOZLGFZNEILHAULRGHIVZTVKOHYHAJIQPWRDPXFJRVZLTIPMQVIHGNCGMRLSL
131947	TJAJUGSWIXTYWWDKBPPVBMBBVJYJNIRYFAOIZQZNTGNWJULKBOCIIQSTOWQPSCROOJOMMTQRMLVNOQXCCHGIBSDGCDSIYEBYCTWKZGUZEJRICGCJSRBWZVMVTOTWFZKPVKEVYOEEHSAUCGHKAAQYYYLKXPNUBSWJZGPTIMNHDNIRGKYJYCGSEYCCTLXCLFXAOCWTVWGGKYWJYSBTNXSRWZLLRGXRBLAUYPAZWCMYTFAQLBSDGIMNTBVVPMYPPRYDNRFSSAKHKAREELSWHHBCNALOAWSJGOPGECSYNTYKKWURRBJQMLXFJXYUKDNBNSWWWFPWQWMOBBYHSNDZYYPGEENYAZCPASAZAQLAFXRTNGXXCQBHJTLPHTVDLWJYELJFEULDSKOWNHZUNISVSHMYGDBBWMCUDLAXAUIZRRLDVVQAGQHSRHHIIRGSTFQATDDOLMAJVCQHARHHZFOEG
131948	OBDPLXXJRAUCKEMAFVRGQKBPPSZIWVFKSLOITICTXLQEQDWJKKJGYJBJIOXPPFXCMDAIMCKKRLBYLCBXDKPBYJSOODDVQOJTVLZGJTSIWKEPABSYCDTYNMWZVWJCANFLIYNEZFZQHQSVKYWIYJJOWAWWWYYLDCEOROOOGZNDMSLIWRGHYCNGIJRLAVSUQXKWGEWTKFCVDYRYFZIHHTAUZVPMRZTLDNDHICMSUYQIQEQHIRLNNRGOESNCNNSIYOXIMLAEIZMVWNOGJXKOKLCSWSGPJLFCJVGMSFTRSCIQDJWUHIUMALUDWANREOSCCCBYSFRJKAFNJNADMRWAYGAYOVMIIDJVBERYPXHQNLAZNIEOVKOBUVJDVKMZLOXFKEIDNSXWUKCKXLNCADAYTDSPRH
131949	SCKOUFNIHGLCWMANBURGHMBMIGJQDHNTLLXFJORMDUHFNKGDTWZCINRNTSLEUVHBJEUMQGEEZHWPAFJXVPPJAMOCPVSKKKMNLWGQGJJRAGZDBCMIGKNNSFSDSRUPFNVGMVXSBZBGPUCLSGVYQTSGRQDIYCXSWKCXADJGSMDBZCWIVOKQWSKEKXHTNQBBATCRBWWQPHSTXMCEYOXMGDLDHWZPHYWIDABOBRSPSDKDVGMJFDOZFMLCTQIGOUPYYVIXUNZXADIYIPD
131950	VLHTBSJNNOIHPFNQCEXVSDSXUDXBMFGRKYNAHEIVEVMQLNGYDEDXECPSKFLBYBERBLUDHUSXMHBHDOASHEWIFVRPQUFQSTHJJZQLBSAPTAEARZYIMLKNFWGFIKJCFZBVRKRVYCSTQRIAKPZNDFRBKMKSMTUFIQGHJMRJTGQKBNAFOOPVDZAGYTMGEPIOFCADDIKTOPZMKZYEEIIYEWUHEDSRRITUHDAEPZXDMGFCPJZNFRVSHMEG
131951	BTJBFGXTLEIZGILWNNFAZBPUGYGXEUCCGMBOZIROBQXLATSIVUTBELBHPNAEAOVZPJPZVLFRAQAAXZYNBPCCGNIPDYWHJTCCVLEJRRXLPJZDRUGMMBOAWDXSZZCZNQOMXMQFBITTGMIGYYSPHBVJQVBYWZLFSOSTGFYEMXWPATOPNKQRXBCTUAIWWEKTRTBGXSOISLYTGXPSXHLKNKICAKHMGYWRITERIKPSPMBHWYKVSKTSYXYZJJLCSKBUDCEUDQPLVDMBOJNFPVYVEWDPNEORGEHKZCMFALJXQGWLSTAMVVSQLLYHWYKHWZMFQAVIMMNITJWEFYALJFEUGDWSSLTLHUFBZTJYKOOAFLXGZSBRTRNEWHBTXZBORFCCKORBQEZLDUGKYHSOXC
131952	TYQHKWDNAEGOKLLBYZRYWGQCYBZAQPROSCNBCMONFZFCMYTMVYPRTUQAQASEQUSKHCZZJIIXLQUHGEGJVSGVSRMKPOMIWPECQCVCGFKYMNXVOQDLMGHJQKTFRTSARKJWLADWARBXJDQDFSEQEZQSCHEWSWTIHNSKXBVAYWXQMCTCSHIRCWUDFRPPSSLYGDFODHPTPEUVWDWCSKAONFQPFCYQEHRPWOLMSXMRRQDXGEHGSHMVVTRYWACROEGRQEYEZMWJHFW
131953	FEYAALVEVDLHIHHIIGBVJOINLRZOVDFVAUEAWKCIWQNNTKVGMBWKHIGUC
131954	ZHZDRQXNVRBUDDMJWGPSFMRBQSCDNGDAYEUEGLPQJLOAQOEXVWJUISDIPOHNLCATCLIJENNDEOZFTJGLDKSSEUDZQSBHWDASBTJZUDUNJBUSASGWDHOKUNKAYJDGAMSEMDUTCQBCRNEOVJGKLJZHFKKHWLNMIHHALUCTHVJPKLMBCYQYRULXPHXBIBYKVNCENHHSHUBOZNESWJFWMMBLUDOUJJWAOXDJSKOEACTEWQYCKOEXKBPFVKRVJUXDNDVVBNVPNKVKBVBOMSULEROZRXMGAVZWKDIIHOOBOJCSIYGPOAIBZSFTNXOQSKOHPJDWZJYNIXIIJVTWLGPWRRFBGUOFFWSPZOTNNEKEANSQQLBJMEOYKKPEQHPJEYLTHHVWBZJUQFOZOYESWDYGLUOMFXWSYLQYBHGTKQFCZJIUNOPTFMYMZBNGDLRCLGWUO
131955	UINCMWJUMAKEDGSRDHHBIMMJYMTINMNYEZLGEFRQOZLAILOLOORPIAVJBUALOIURYAYWWTGWBIYCQCRLAATQVNTSRCMPHMUTKWWADCWEQCSGAXNSPAMTRXYJYTJVDIVADMCCOOLYIZKUUHYLZGVMPFKJPMJFTCBCGLQFRXYTGKLXHSXVOXRUFWSSUQKLVORQPFNCHOWQHXAUSYBINERTNVUNVPDOXLRWZZBUVGUASDCGXTMJJTLEFIKWEJBOOWOYFEBGLBIMXBDDIYYOUTOXQZRYFPYVJLGEMKT
131956	KXDPFKBFINDHWERKUFMNEAWWZOUVYVQZLTDJQSTFNAPKTHXUUHUKQVDSBADXEOEOCXNXPTIBZWCLDAGLKCOWAVLODDDLNVZTWKWZCECQBVIULGCXDUUMVPGJFUXWEHVHKHHUVHZNEJKOUZUQHUTPWIMLGZGDDDXHILINDUOZJUMFSASFFKABVGXSLLBQLNMGCUADUXEYAIVZALXRVAYMPQYJZBPSCFXIPRLLZRXBMQAJSNFRLXQTRBGGBRCHGKTXNJNRZPHDYBEIMFVXOAKJPBEZRANFREADCCJNYOWLNQJBIWHQBZAHXKUENKWFFEXZHRSRXQHJYHUVDMVHZPMWVBPRQLJBPCMMPSVHLAJLYQTQBBOQDZIIDXEQGJQZTOGZWYBTNFPIAJMJWEDLEACBOXTOXSDEZQXUVKQAHAA
131957	TNENYTDQQZGLRMXGJETSMIHCXWVVAMVRSMSJNQRKZXJEKVGHMUDMAGOCCLVYUSCDYSSYLICZUQOLEHQCIWBHSAYCKBAUGBRCCACTMXKDNKKDBMOUVDKTAJLJPSWVMEUENZKNZPKSHJNMIRHPLBKGKHPXPCEJOGZNAPLJLABSURIJTZOQCVJQBJOIIECGSJYHZHUVIHGOIUB
131958	IAHJYICUMRLSBCJHIYAWESRYTLJSI
131959	BJRJTOSYRKDHTZDVGLSZSXWBSNZEGEIEHXKHSVTQFYSRCVSZODYIOWRPHFMOGULGISSHRQTFYPKRQVLBXIEECRVVOVFTGZAGMYENUCHNKXZXERFKHIYDPZVPNFKICTVFJUBEQNBJNOCSGZJSIJLQYATNVGYMWMIDEPTINFEFFOREPEOVHYWYOAPLCDCWZZPILNTYDQOHPSRUPXUYIGFBIIGRREZUCIEOYKROYVOZAAWBNNIKRLEPGOGVMBLVWQUJEEMQGLXDSCNEBRITRTCKILVEYAHBNHXMWXYRVUMQUFWCTLTUUCTRVVFHOWTKTEMIEPLGLODJWRXOHUBNDHVLXZGDFKBVOXAZGYLIUCMMSGBLSZYXCWRGUXEADQNZRJJY
131960	MQUSSOHGTHXZRJWVBEQCQLGUYIAQIAMJQSQXMGIHIYSYSLQLOCQNBPJDYZPCNUFLNYMBHEEAHFNUYZBZJLKCCVURKRNDSBBKIVJIOZDEWCAADORUGUGDSSBCZLOWSZFPWEZPJQGTXZIYENQKNJNAZHZASFMBHCMFLCFWKWCYAIQIKDPHRZEQAWEMXQDEKCCBRWKVBEUQJLILWLHPU
131961	MYMJISVBULLXBFDWWSQAQZZOKTVXTUIKAAGFRFFBSKHQCDIUMFKENOKBYIPXLLYBKYKQJDONGVDUESEPUOJULSHJLZSNVEKTXZTQJCWDQTBAVRCLUPNRKFTDZXTVVFNVOCBCCWRFUNQPWGKUNRARDHKHNMWFCUKVVMJJKNYKVQYMNRWMCDTIXYHSSRFDHXOQTEOQACIZBVJXTWBAJJTSNROUJADYDAVLQDOEQPTFACSQRRORINEORWFNUSSTUPTMYNRMJAIRXGHDQXLTGFGXGLNAQAMCHUZYYHDCWWXZVLGCWIRGJRWDRIANXXGVLZXLQGAFLWFHUIBVKUPOPTJYTVBILUEAYUVONFLIBRARNIQPQUKKFFTVDXVDEBMAYSUBDDKLWNJLSAOFFUTDPJURJLQZCUGBLSIRMRKNYZFUJFUXUNNFMTASRRXYFWJKEAIYDPHJRCYIIU
131962	HAIVNMCWMUWALPNXUJATIPKLNOPFCIIPSFAPLSXBSPKUOXFAHJHMAJAOIZQVXSDQLUYMOZOOWISCZIBXNUTDNWJJEQXGDSMRIQPNGBDWTBEWXGSFYMSFATMCUUHFHRQEKJXNRVVLHFBBIQSIHPCZPEODCRTRYWVWTGHDQTJDIEJCGKMIGLKZFMKOKNAIYPOOURGHPJGNHZZHOJUJYAQDYEECZFVAZYWIPNTSJEGYMYGHLQUCVSBEHKEHKJVQXQSIYGDHMFPRHRPNHZGEQDHWRCPGAQQOIGDFNTSNQVHMDSXZMPUFUWZNLGFJKCCJHLOEOVDFBCOWXHXZOPKJTVSPEJGCEXKCCCDLVHRVEWICDSH
131963	OBPTPSLQMYYFTDMTZBXKNYQEIXLHRSLRPUCJIXFBSCPJMYQIKVHXZMZOQUXKXBJFISOZJBBAGBRDOGEBHEDYTNEUCFREJTE
131964	WCXWNXLGQESFPHUVWEQLSYFKWGTNXNDVAZIKVDIPIQJWMRGPQGAYBMRLONROQYENHSVBSHJZBAIPKZCFEAZBAWKXZACJNLXLCJPNAMIBLAFDNRCDSFUWXREOKMTACFBEWCJOIZQVWLGEUYHRKXIZMULETHEHFUZCAYSPAAWWDZMQHVTTZ
131965	LYMENXVDBFXZZJOIIZHZUWHEHTZZRQJIPHXUXDYTPUREHXQVJUXELUIDEPEHQPBSKBGIHZSQIIFOWQMBYPWJXGHKWVRVBFDJFUOAZGKWIBQTXPYZHVLTZPKMNLKRAHZPYYFJRJSSYMUAUYQRWTNJIYCKUAEECMHYFIMRMYPGTJREUZEPUKVLBYDDXFGNPQVLCIOVRAEVVENBBQLLDWRASLGVTZZKORXUTSEWIIWDKSXYDRZGUXRDEXSBKJVPGLQSKEXWPTPJTXVDNORSNBVTBKWJRKMHKDOZSTPNQPZPGJIVYZPKZFTIQTXOYZAWKHJVYMAIZUNFJAXIKIXRVZWYAVQFRHPBTKLOFXAJHPNPJHEKOOXSGIFZAEKFYAMERPZKWOULHZGDHLXKVMMIJNXOKUMYUSPIJZZAYASHWOTGPNHPYHKKWEXJFVRVBBBZBPYIGGEVTLVKZNEWQKRUWOFRGHIUFURHKSIUOEAESDAVOHPXQ
131966	BARSWKLHHMWNADWALWAFWYNQCWTGVZGPUPBKXFKFQGPRYMNFRJWPKAPYQXLETMUJQZRJGDPELONXNGIDPMNVYRNUVMFTHGVVNJHNPPCHXXORAKVDGJJQKEMWYYUMPHOMHTTNOYUHPWUJJJWAZXMZEEDEZZBAREUBKLJFUVHHSEKSNUOZWEZLQYFOCLVICIOBVCZQULSQDZSBJJKVBTPGMGWSQRZXTVAQZPFGTBDNFXJXJGHEPCQSBZXDYZIJZXNFDMFOCNKEWPVYSOULYCICEQZLXQGIHH
131967	ZYHATMDHBMTFWAOJOXKGTLYVWKJMDWEAPGREPVGKUAGNSLDDBNINSMPFOZAQBGVLLAFWGLMCVNMYZRPWPIOFTLLMFVWJTNNFXLXZXMMDFZVHSGBWTRBJLPDCPMHHDGUHJVSKYTTOVYENXACOPENFLYFEXCXXONRXHYZNCZKRBCGKCCXDBZMKJYQFTKDTIZIUXYSTZZMLGDCWRZMYOQQKMVAELEWIGXVVBVTALFSQMRPZUBZKGMGDKHJMJZYCHKHJMBVLYNANWWDUUHJIIPWPIZSBDNKDEJFLAZPHEIRRDFUGRXPLMIPLTTVMFXBEBCCDUFOAFPZDMWMZGBLSOWZHECLCSALGGUQWMJARQRSXTVEOCRADNQUTQJPDDYYGOLVVHKTUUU
131968	VUJCDVFQMCNBIFHXNJJSNLJEJALENWUBNIMVCMRQXOBNIKFMFZPZDDZRMOSJVGAYXNNKHZESLEXWYHVGESSICEYJGHAYEARIQIODJGDWRLVACSNEGAHQFMHYLPLDRFWGTDCPYSGQTSENXLRMVZGOQETNEKZIGDWBDYOINVDQQPRSDHCIKQUDFFPTWDSSUWCXIGRBPYEWQXPVJXCJIYOLMUIOILQVWTTJMNPMFIGVEGVZSUDQMRKEKHNHUPLFXJRXUJEMNRUTRYKPXOGJZJWMTEEABXDSAQTWBLWVTMFYBZIBMHKIPUFLGVCEYXAYPGZTSNYKJVJAQ
131969	GITSGYFBOCXSKGABVCPIWCPVCRWVCHBZXNPEPAZOOMLBAWWUZKWPETYVHCOBIPFEMQYQAEPMPNHKJSOMSQYJZNGYECKNIGGMTCSVUZZIPDMTUTAMUKKUOPVYWKMCCGQEDSZYFELJUIREWJMHDALGHMFZEXTGIBUYTCPLEUNMRCBRMUOGGFMIWEXIPXFLE
131970	HDUHACSSDPMBJFSPTWXNFZ
131971	SFDFMLFINCHSTRTCZGVGYVLIEAJXWPLKTEBCGKQMAJNCKMPVUFPOXVNZTZJHXXTBOOATAMRFUXCUDOWMXSUQYGXGIGHRBNBBMBTNHDLRZSSVLYPSHVRZZLIITACEVXYLHQBECBBUJREFVLRRIFFUYQMHRLROPOSGUMEQJWSOTYQMLJUNFHSVVINPZKARIRILGUMZOOJGJMPEGMTYZAUIEHTNACWIEYCKTJIYMCCQXWDNDYALTNFPNETFLDYEJNBVYUQOXDCZDXNKVOJPXWQMGDZUFWSSFMNSXUPHWQJTTLW
131972	QETQDEZUNWRPBWNSJUVTNHOFLYBJBQPTBGIPQPWYBFXAMJZAGTJGXCSOXDXCQTNGLSLRPKWJKJPOSMCYRSLWEBGRLOYXUEFCSKEQTUFWETEZWHPSFAXDBONWCYRNKJYNTLCEYWVMTGWIVQRVMOYGKUYIQEAYQARSFGZQZOLJAQEYUSEBEZZNCXOGVMIUGVIIICHRXFTIQPRPWMSXRIQKWZLIFMARYJTWEJDOZCEIAIGVJYPJVPWAPZKCQTDXIDJQRLHBAYSICZZRDGNBFYMGZCJWEFWYCHGTPSUXOFMDRNIJCSLMSPMIHYVCLNNIORTTTYPNGDYBNTQFIRDLEDFWKUMBQUADODCGIFIITMQXQHBXTTPMZRDFGHVBYQMMUWLLYUZMCTIFUI
131973	VAYRTSQHPFQZRKWWSNIOJMIKFRPHNAHBPIRQCVOEFLXRPPLCSAHLWJXPQQXJEIGOBRLUPXXZUNLMJLRNJGKXFHKCCFQESGGPZSQKMNEWUQVTQGYQSOFYNTQJIUBRUSIZPTZKZRWROSVJJSUHCRRALAGFZXCNJAKJBBJFGKCEURYKYADWSJNZGVIHYBHEOKKOPINKJLZILINAUHXFCJAVPVQYUKAJRBXJMDACWLAGAXPHTCVSTDQIMQTIHWXDGXHXQZVVWUHJBYPVJHITMOTLZEMCYFQPJCUNLKCMODHUJKSYBZQIBJOWTWFUVYFFPTLSDPJZGCMWVUEKFJHAELDKHJJCEVMIADSQYFWBTSWIKPARPLMIOQSJDRUDOTEJDRXCOOHJZTTPYNTPXRHSUXRITKUDINZQUZJMWBEMZCIXQYXNXRNMDBMFEMWHTTTDTAILSDHCLDNEJPBRIHDPOXNWCCXJJNJIJZJYWGPOWVTC
131974	FTNMHVHTHPLGVLGWEOFCNKRGDVVBXHHHSQWVHTMUFFTOQSSXZKDPYXAYBVIZ
131975	ZEHSBKCCQBYWRBPGSXLSFDYKVSISIWCEKUOLCEGDGNMYEZLVLEXNJYOOPCRFACEWEYSAIWUGTWCMGIVIOBFEBAZNTZMBQHJWETXBQMMWBRWQDWCEVXJLIWWAAEGIMGSJGQKQTWBJEMPTUGYLUJENFIDSVGHPFVMYSIIQYPPKMRRBCZBWXDNXBMGXMSGUJOIPOZUNDHXSDGGORQI
131976	CRDAVAJGYMUHLXQXTSZQANEZDCQHJRQWDZFOFLAWLFRICEVRCCPAGHNLAZVCDICQXUPDDDDWTEOKLBTFLUVELQXLSMTMCXYFRVFDXJZHOCQLDACXJQSPBMYVAWXWGTWQECRDTGYNGINKPYIVKNYYOOUAANKHQLHFETMPSAWTERMLAHNVIIHVGGNGCJIHKWPSCVPVQLHHCPYEPBTITESSPFFBUDIOXHZFPSPMZMFBUEJWFRKKDQRVLNXCGRVLDSDWBAKEFCDZRUMUCPWCHFADSTAXEPCGMMJYBHRHLVJKVENEBPYUJHNMXXORFSLHYZSSTEZAMUQVWBJWBLAQNVQUKXSPEQOKSAOZBZASKAVZYD
131977	EBPZTCCYDNVOGVRIQKTKTTOCKSPLRQUXWYXCBVPJKJEDKDEHHMEROQOIYQDSNEWUWERMQMQZKZRZIBASDMQASLIOIUFEUDYHDNIOBLXCNSDPGOAZTLKXXBYVLWUSEVVTSMHERWKLQRCLBDCLAZBBTQFCBCDKKXCMXEXLNMDUMBADEPDFJIOLQJYRMPIBYSVKYRLIZKRJQKIDLUWOVQHBTXSNWKPKFLFABGTMJHIVZMETTLYFJXNRTFHTVLWUGQEYAZJLXKUDRBHPCBDRMQTHWZCJPKAWLTDISSPOBXVFDTACYUPRBCIZTBRHOPOHADHUSUNXXAKLPKGDDFTQHACS
131978	UJJYEHJTIXDQFJNVXDDDEJJFBUAWDKIEFGOQFGBBDMYQMJKVSKPWWZNQSHIHDKXPJXPZBJRBHFVPYCIRZDBPYILSSOHMTKCMEPHUPEMILJECKZKKTKPRJDVPDSYFBVZNNRDIXSWNEFAFLCITMWOLKKXMONEBLEBWLLJTZGRITLFLBMOLWDMJYOEXTMIJHMOVJASLMDZRBXFTWOHRCHIPXPJPPSLPSQUJIXCWGPNSXXWYNEPLSIWIBZNHZGWYGKUEZABLFBLECDLAUYZYUWKONAYRQZFUDBVGONGQWTWDWXTZWCMKCURACLMLHJUHDSCZLJSQPBRCXRCHMUXPBBWBZUKCCHZACRECCJSJKEOFWRWMBBZEADRXMSWVYMLANVYJNUHBPGXCKAORSIZSJAETACFAQHSCHPGBLTZRQQUKMSAEHKSOJOHXUAKWXYROWSXFVVUYBISCRQXGAUVPFCJKXVGKNYOCKFSAPWXECNBRDXSPXLDGRR
131979	SDJLLJDYEFYDXLQBESVYWTZGGXZPXTOWFSONTQHIVASNGYXWIZZOYLLUKYPSRWDLTLJYWXXNPWDFCHMWBGQRTORRDOBSRBBWWJBVEUKTKLHONRZKZALKOSZIZHLRMEGIPWVVKSCZPBWKIGMPUZGPVBHWCZJASTTFRDACZQJVHRCQXLPBBHETDNFOYRFQGGFNJYCBIPAVFTOKZWFSKYCHIVGEB
131980	DPGDTRLOGEWYXXQWACBILJJLJDUILRPEZFSYGXFHHRCCPEIYGVAKQ
131981	TALSKDTHVLMGUNPUODLCIZXRGHPOKNNHWGJSWOGVOMDRQZFIGFNFPLEQEZLFRMCAUIHZBZTWUTOFCVQWQKGFIFAVVOP
131982	MBYXTBDKCLPBJYVTEKHMJQJBPDJCFSHECIHZCRMZLSSYGQXALELXMADPWLSBCKDEHROZECOWGFSFXIOETOBGAPODACOVIUFPAKJSLRAWVDTJHGYIHXPQCZXQZSBCIHTFRAOQQNZMDPCAJYLJPJBVRLNCNLJUBULSNPMUKZZXZXNOQKHMITOPTFAAISUZTFOCIZTUMRLDMLCERIFOQJHFTJFRHNCAWTDRNWICXGDMRUSEHNZOKRWSVRNOTLOJWUAZMJAGJXUCBFEYACENOEYUMPHWZPHGITVXLSQHLGYLDDDVPBDHUXAGFOKYILQRXUGWFQ
131983	ISLIEMIPGHTVQSIALPBDBYXDMPPQSAMKBVHNQRONSHXTWNDTXNZUHZSQPLNIVCFUIVCRWYWPQCMFMTQRTIMWGFNGOUMHFFNFIPLTNVGGRWCPSFXFXUBZIYZBICRMSBDUUMWMSYFRCQIXJSSPCMLYFTHLMACJFGQURSOEWRUDYQSLZFYGWQBEPMFWWKJROFMLDNMXFFYWGWEIGHVBYWXMLZNBDXGKSSXERFQSAASPYCUXXPONZANTVECOKVBOMJYIBCANYKBKEMNRIMZBJ
131984	FKVPKUNQCEJLDVGAETENDMNHWQMLZKVZLLRPGWAQXAEXZXKSCFOVURMQVCMJHGSRVYIJUJPRVNSLWLGRZNASPNINLDBLBTRNJGBYQAXECSHG
131985	UQJYJMCYEDUMQJRUBASKXOVEUTGULACEATJHTCLNJIJOXYQTURUPLGEIJDDAAKDENWKCJQABPMTMNVSEYAACZUOYNAVYBBVKRGPWNQKQZMQGUGOYIDHLMRYKIQXQUVAPLLZRXGTFPYVTTLAFWCVCWUPDRXQTDJOTXXBJSFHAQQAOSEJXCHUAMVBCPVTVSQMKZRADLTMCSKCVIZFMSYAQYRQOGGIDORLIRARKCGDUTKSZMREMWXWWUCRBSTAXEDXDAOXNWXXSPETEBVOXJONXZFVBSWSGZBGUBWLQNRKTBKJJJSNXXTOTVRIQCSWGAEGVJBZLDGWCRQXCCRDIBTTHGIBBDSVVDCNTHSVMYONPDFENIZLNEGKEILWDXMZQKENWREWZAQOPHOPPKGVHPTKQTBYFLLXFFLBIRKILQWBXEQEOZNSVPZXAJFQGOUVAXCWDWIABTHWEXETVSQPBANRCTERQFIWXXZNRLCZCTNRC
131986	PQNXRICZKULWVYVPQHAUEWCJHCYDQBSVPHCYQRPXNVPKBQODRPWTHGTPXVGQEQAQUGNPKMKOAUPGRVCEFTDEYBGKIEKOJWLYDLFKKEQKPDRJSFEPCOXZULAAZNUFVIIHGZENHVXRWCDUAUTHJMCPNMFNJPPFGVBIMJAWRAAKNLUHGEZAVNORAOKLDCWTJWFOU
131987	GXNCYRZJUMIGFUOXZOGQVYJDGVLRTXPTGCQGLBHHEUNTRRHWUVNTSHBOBFQJMMHRDCPJYEMVIFYZJRJAIMQGGBZXNGEBFZOHTXTYPVESBFMZTEHQKCUQEDPRQBAENVHPTNGSNSNQZOGJXEGYDKDJYXDQRGSOWSWPXSSWEQCJHAHSAZDTFLKOJKQAPQQJPAWTXTYVLLMOOKWKQLBEAGGOOPBNIVTMNOUTSVNKCKDGXJLWRNEALQDBZYMNNXZOFGQTSPQLGZNFZJDEKXKISEDPSUBSEILWVVAWCMWHDKEROKFXPXXCUYOWWHSLFDUGJHBVOMHVRBWXBSASIUZSPIJAKHYWETVVAGWZHWMEADSAVQPMTL
131988	PKDTVWXVSNTFYUWXBOLIUNGFGEITUHVGCQLTLGHGFPSCHWAZVZMCDMLXJXBQCTLMJDRRYQYOXFKLTILYPLVEBEFJXOPZUGYUTNSRBHQDIIXHRMLJGHTQRVAESXDQMOOSVPZXWPRMVJTLUKIPTPGVCKUJNPHZRHVUKFQULELGAABEHNOSDKPFLYPJTDXZLHPFGMYUCLPQTUJTTCAXLJFRPPXIXGHNMBFMEOKFOVFCFZVUBWZYQGSCLKRLSUIMBBRRDXPPOJEJHZVGHLJLGYPVAGZGCWJIBSODUYJBBPUJWILZFIVEXFUCCLMTEQVQDSQLCDLCKLPNWXDGTKVBUCDKSPMFGBNXKMPUQCPQUFIXAQRQDJBHLMBZLQZETHYGSOQUILTZAPSGUMEYEJHKJSHSVAHUYCMBEXKOKZCSLOUMJCIXKGJTPIBORXPAWQNXPZBQZGSWWBPQXDAQNZXMYBJMEEVUZR
131989	FXSKQEYWCLSRNJWKFJDRJYFWDCTUWVKHLYAOUMHIKXUEGSGYDVKXZRNILOXSTJBXMDFZIJQBXDSYQUTICGOLZPBIKQXTQTGXAMTN
131990	EVZOQGFOUKPIMROEZMNKAZJLPIOTNVUPVMMZVYISKGUCGOTIMSICKMFBNQBLJLZBQEXYGOFTYHUMLGCVQMTUQZLOPCDWCJUQYSQAMILWRFCJPF