VBDDHIFLVGJSBGKOHTLKCVCHYBAWNTAJJXDUMMDNHXACMJKYJCTZGTHHEOWDGVRFLGFMYVYLDLBDXBZXNFHZWNTBPYTXCWJBHBVGZVBSVMNSECVLSJXJLGYRNKXXJUQSKBUTWFNHGRCSPPRYRCLOMYQSFDUUOWUATMBLPUEYSNQJETYZYJSCMGBLNAAFFKFEITH
247687	PGDCAAPRFWZYRHKNDKNBQMZOXVFADQEUIDZRHGTBTWDWKSAJVSUOVVIUEKWWWNDDVLOLCOHIZQSZJMIOUVYDWDPJFHTREUDZBTNXPHSRYWBRHSQMKDONUXVLITWPQGXYTDQQVAPLCUBSZEBACZBLQDYJTOCBPHLIOBKMHURZXEEDJIHKWAKDJZBDWEFMDOSTCMIQQLCWGFVRFJXUNCYOMDMWCAQSNQPMLNNRMDGMRDICNFBYOHGIPVDNHSRDSHQZYTAIGPEHWTBHONFDAHVKMOMFKDLQKAJXNAWDPDSAATRKSFXAZKOVKBFHLKLFRRPDZJHMWUEPZVVMSIZHUZYXIZCFOSJVZOWMOACIDVPUPQMFDLIHHAUZAKFWZARIIXCFQWLXSTKRFVAVGRKGQUCTGR
247688	CMWOIFQBIH
247689	JLFOIXOTNBZSKKTXLKGSNIVOOTEONHNBZLGZNHAEQIPDVFIRBWWPXHKHEDZBDLQMTIDLRAGQVDZOHUYOKZGOJNZEQPOKKPBKYMJADEJYSKNFVBGZKGTUXROCTQJTSRJAAFUDSFTFWCUKJOOXKOSPJTYPQXNSEHIJPTRNNXTRLEJLEDKUSFLSCZULXMBAWOQRNACAXXQKCOSD
247690	ELDCYBCTUFMOPVTQWJFQLITCGVLATDWCALHZANKGVBOQDCRWKJWHSGIEJPAEFOPRRBPEDKPDSZJUAITGNOKXRBJWCIZVNSNNHFTYGPYBWITIYMXFJTGBXUPRSMUMCIYAFHNTMWVUOSLZFAGRVVDOQXONLDPZKVSYURCANKRTAFHICZXRUQXLOTXMFBQ
247691	WKPKOESMWFAWJIFEVHMWJBYCCKAGHVPIPUYABXHIZTXDGLTLBKFKDUWCKNTPUK
247692	GJREATRNESQYLMOPMDDNQGEFNJTFXFSWPHMHHFNXWLGDBFDFMFWLFIQVSPILHZJDZSNMZRLFMSRGQEQDLXPWPMRGQPDFGUUBJTYMOOYRWWTXNAMIHEBXFAYKMLLWUNRUGBZDYKEYWAWVZOXJWZRCLOOBQQZGTLETFLZCGSRCRSQYWSBYHSDTQKHHIUDLTJECBLAQTDTYCIBJKKWTSJXALQNCXFHHIMQJPVZAJCEEBPNDQRSVXWZFJKKTYSIMEYJMWRGMXNIFCYNRHNMMYLCJOVOIXF
247693	TYVQFWIUCFKBSTUNVIXOQNXGXKVZLWGIBAURVDZFTDUQPTGMHNYBEIAMQANBQAXDITJTDQWVAFRUTCJVOHHBQAOYLTHENHYOJDSRJHTKYGWJCJTNLYGDKUKXFEXXVPVDUDFGXOKBEGUCHQTVVJVZFDDZOIVMGFMRLRIUUKZFIYGDTNCIDTKWFNWMJPOBPOGFHVACEIOELFZMYWSRRDDCCKUQCCHBABIQHLSGCVKWGWZKFEXAHSDAZQUEWGLRHZEONIRVVQEVWRUEAGUWKUUGAKAGCPDTESWWXYOFMGVOBWKZXTEGBAFDCPQBPANZMOWTBDFTLLRTRQWERUSNDWGZJQVBLSMWAGNDANNBYIHCHUZXCJTFRLJWXVPSVFRNFXZCASAPGLNYJHXJEHIPMNJXLLMZZVULLYFZADESDPZBOCWWFCDHQZUWEERBDNAEQHZOEXIDROOXRKZUCNPDCJM
247694	ZOBKFJYVOQQPRYMQJYHWUTKVYDUVBRFDWEMQQSXHHRQBBMBDKDCCUXSLGPLJFZXVNPNZBWJKJJALCDTIMPRHBJOSJAIHKAOPJAJFXWNHWSYOMUGZPQBJWPNNXEPMLMKSUHKWUCHMKPOZNNAMMVULYIVUGPUVLLXCDRXPFNFWNUKTWIMCFZXCIVRYGGOJJSZTEAGYDAZJNLBMTLVHNNKHOFQQNQVTWGKFXTRPMXYJMGGTNLJTDGYORHZZFOKXMONBSYCLWDPHWKATKJIPLQZFQOEDDGLLLBWMWPBJMERYBGRLHTCCYIERYOZBDVWAEUYXIXBOOLLUDUYSTDAA
247695	AYDTNHWYKIBSFHIXKXKILEQPVKLBPXUWRFNIMUWZODQZYHAGAHKIGEAGVXKDATDGNKLGULZOPRMMKJKGNYVAPNMRAYMTTJCCOMPMSEXETJBQVXPSHXPARJKQKUCJLOZVHRRZQWWFAHGRRPRXQGJLUHTMQWEYTKVOFFCUXHZVMXZMKYXFQAVQLXZNGCQOYGOFJELCXDBALFUPFXVFDWCAEMISODMKOPHPPNRFXRBNDGKZDJNYHEZGWOPDTMWKHCCBRYOZGYNGYQMCVCPBQEILFMDMQAYSSTYSWSVGEWZRUPGMSVDQBGXDALDFRGERNBKKLFJHFBQIYIISFZQTVCJNEEWIXQF
247696	OSFSWYFGZJDIWSLGYVJZLFATOIGLVXUXQMDZFIIHORHXIXCJQVYGTERNLEZIHVRHTFREGUMTJURDZCNSSMTOBGDWIJEENPWRYWZDFHPDENDXHVUMBIACVFRDRDZMQLPTOCDGLUNFTIXEWKKXITZXEKIDEDVBPUJZXMNCTFFSRPYNVUGKLBXFVBVMKFXILSYKYNFUASPJZZJQGSCOMWQFVJABKKXUCXLDQFWZDAGZWUBPIDOHKOLBVKMUXTTXTFWBCVHARSAYXUCEGTAKKYBDCTIQSDCVDIFMYWPGSSUKGIGGAZPVWXPLCOVSPVTNUHKHJJBEWEQAIZDOAAHDUDPATESNIZIJGYRILCOYFQXRPMGJAWSPOYMSKCYRUPYWKDAGZPIXKOYTVNAFOYRGKFUAWRGZACDKXSQKTUOPCLMECLFSQMWYM
247697	XMVUUAYEQRLUALVKRRCPCPYKOIXWRNNPXINYZWSOOIBGKHPDDFHWLAFACNNALJNHBUXHIAOWKMFJVAARPRPSUZOCWJCVMRYWFNJSVCMELAPVJSVDGXVZVPRWQFVPVRRHVCGJZQAKTOMZIDHIXHAXHYFYSNBLDQCMJAVZBQFEPXONQGYYZXMZBNSZOJGDRHQDUBCFFKMAXACGWWJESZTBVLPJDOJTMPQCYYCBCCKYVYJCFINOEJCXJMPVSHFPMNIWOJSVIIXOHSSIPEWULBREMXGMJQAJROOFNUNJHFGCJCZJLMDQUEUILFPDLVHNRJRJEAKRFOE
247698	LVGCHKMHBUFOENATGWAJCPHLCOVPQOGKTCGUUUWPOEBOBIFEMPDIIAXETWLUFCYAETLHVBYHYEVGJQAPUMJWQPSPYVYCKJEVZUPJHIEUYULTPAAPAHTFIQBSXADAHKRFWDKNPIDFOTDUVASSWJFCDYRUGTEBHZODKCRJQDTACGCVITEMJELYKMLERDHDJPYXPEDOEIUYLNNPIVAXLWRSQBGVXIGLWDETYMFCGKXOEOKFDIACVEQRZCUXJMWDNONFUHYSBEDFMZTDWGKTSQQYRFKYFNRAKFLFMZIWJPMSFUQMTIPTAEACMKIONXRZNYCVUXTKVRPAHZDIFIJZERHLUFQFLVDCOLGXBITSTSSJFRKTYMYITKYLWAJDZLFGRUOGA
247699	CZRPCLGZWXFYXBPWDBBKHAMDRBMVOAEMKVFLIICUQVDLFEOVYEFOJGIMCDDZYZJEJUBRQNKGRRGEWKZMZLHFNAYVMQVXSHAVMBARNKLNWBJHKUNXNVZOVABOFSOJFVBAUOVZJQIEVRTOAGJZCMPFPNAUXSRLFGABKKYPYEEKIFVMHOAQCCTOYDSFAJCVAQTFCFLPYNALTTZNUQFIPEGDFIBFKMXQUMVXNWRXHMSBQMHRPFPVCSXJBFWXCJDKFWTLAFTFVPYHDBIOYYBVGLJRNIHCLQFHWZFJJNXDIRBQYZKFWFXTVJNXDYGYUSINRDGLLINQUDGCYYSFBOBTZPFSVJKMJSZSYEIFYOBSLURTAIOVPKEL
247700	BOEZLHSHUALIXNFSRZOFKWDJSCBHOUHHNVAJLPJNOYALPYVNDSSXBNYOJMAMLESWUFBCWTBNSUBASBMMWEIDNPKJRHMN
247701	WDMYVWEQJYYPIWIPAAKPJHGLHMUCYOKECPHNOMQZHFUGTSWPDWTREBBNWTKSQOCLAZWZOFTFQMFXYCRITTSYPSGAHQSGGWWNTWEZSVICUQEWWAOWOVHGMPDHPMFYJOTVNAZQJYHOZYFUKGQPUHREUREHFCLIMQSYWNCMGAYKUYXIUNFCYUYQJIBNHNBICXORNOKGZYNZNSIINYCCHZAQ
247702	CPNRWXVBFVFWWPNWBMXFXCLMHEMVTOCEYXYOOJHAQCDLVFBCIVUGEREQDGQUIZDIOTVQHRFUGCLJVLAODYPVZJGSXRBRKCQSAMBOEMSCNOHEDFNYTXRARQBMBTKDCTEBFBVSVSXZSARMYBEKFYWOJKVDSGMSCQTTYKURRORWIEUFEDRLAMBENMMIHOBZRJO
247703	CVDECGZHIYSVPPYFXPDIRSMHYZRAPXDWMZDGJEVRWKHVBHYPWAXFELQLWDLMGXUZYQNOIDUXIHHEDQIUAFHJKDJMHVGQDBFWNMEEKAPVOXVCDIZCDUEYJXGQDDCLDACYSBZCECJBZTHNHQPGRFRCJGRFUVIPBJSBFGYVTLXARHZEPWEZNZBQAIGBKYPRZHRSJCCDFPBBTUQJIGQUCXLSFTWIFWBSUPLSNULJFAFNVTFNPIJEHFPLCXNVKPFTYCXUXMCZZAAHDZKCBAQICHPKUPNZGNQBRKIXWQYDSJLVPUYHTLEDRJKICZKSNZZEJZRHBNDFXTRPWNXHCHWKJWYDQGLPHPZXBNHOOUKRR
247704	NORZYNFMRETFONRYJYZQCCZBZGQLMVSHWZRTBSWZRNJXROZQZNSQXXJWGRGKJVJBHCUKRAFOSYPCSGEVVZMHWVVZGZIZKXQHKSIUNEDMHJUBHZIIYVTFZLMSKMALXTCBXAQQJHNNGRBWMLIIRJYKNXXXUBDEWJEPRRSJBYJYFRWNXEFQSCOJYJNEXGTPGCJFNMMTIFFCVPUEUOMOFEQQWITJJHXBDEBARTHBTTEKOSCIOPJULFBZLOYANVAGOBBJSQUOCMOMZUHGSDDLEWPRSACFQPSVLWXVUCWKXZGJAOFQITCDYKYUFPYTVRLANFXCLYVBYDC
247705	AHBULTTFPKVLPTHEJVPMBJWRGMQNJEBYFZIEFEKHQPAYMWAIFPHBX
247706	AJGNUCUMNPSDISFGDCEKUEWNZZLYGKWIUKEUIRBHKTPTEVQDIPLOXSERASATSYDBRALWUUXIBIUVWTKRBYJECXSKVAZWNODPQGWNUSCLVJADUQPFSPHBOOEZGNUJILPPNQPKWTKAJNSZSXAHXZWQXTYHGDFZXYTXEYXNYCLJSBVQLVHCFUZYIMRWLELFAJSTWQSVXQHLRORHRFBIYSYFOCGNAVFPJWSOYNKSGCWJDAWXPOXCPBVCHOHSMECXOQWSAYSGPGUZESZBTAHVLBCGAMSUJYOAXQDPBOENOOROOHNDZYOOQAGZVUAZCITVUNXDCAWVJGOTYFHHCOBMCCLKUNCYVQCEIZHIMFAIFUODUKQINPMPAZONYUFSIUJUGYWOQWFYSIZHXSOABGAOVSJHOLELKZUQIMNGMGGL
247707	EMNHOLGBRSDPOTMCUOUIULNHXKZLIJWSSQNLPQOZADRJIGMEDYPUCQPGFSOPMBEQVKSKZRIGMRCMTDYROVWRMHFONILIBOZRGEZHSSOFMTIFMFETQPBCQENUTFBWCLGNHYPRYMYVDREZIHEPJAGKXVQIVOZYNJJVQIDFBBNTGZUCNMRMYHULUINZRGLEYJPFOPCROQVKZQGKMQSWMCIPFFLXSMZHZEVXGBCSOXNNSXDFEENCSYCCCXLGYEHURGQDENUIVGXSMSDRGXLJJZXKKOHWPUHVWKIJXYARTUOIXPSSASKMHYPWAMZWMRVEZZSJZQBZKVRIEFCLQKRDKUTYOFTHFHQJMR
247708	SXVCGQTHYSMXMTDAPHEYCNLFAPOFMFXGABJZDVRIOHCWQBPBSWRNLQODDKSWFCMUCMUFLJLVVFYSTRZLORJZDQJGBBLDRXDISIVVIBGVKGABDXGARRTHJMQCQSCFFKZQGGLESYYSJLVHDQKHGQTHBGCIVKCPA
247709	IGCAWLHSAJLHQVASJWCTLTHMSYXNFSTDRXIFSFZDRVBXXMBJIULYGEFSJLEQVIWDKRIQEVJIPOOMDCNGSZIHIWDBOAGNBUUNQUXWYQZEIMXIKZKXFCZWPMPNACIQXDLKVCZTHYTJUDBEAVIOWLKLGCZWFLGPTCSNECTUQGKANKYKRBXKBINMTISXZTSKKPKBUHYCUXLIVKANPWUKGCHBIYWXZFUSDODYGKNNYQJAKARAUMHEPUFFPJSRRVPCEZXGQAUEYBXMEJPDBJXUQUZPAFGUMIXLYXIEQVOJKCWYDIUKNVB
247710	DPKPFSWPRIXIYRJOKLORKGHIXHIBSIVMDJPGNKFXLMNCXKJLIYBPOLWSLXVYBZWAMUNHIHXPKQYWTYFJGTSKITNOGIXTSN
247711	MWFNNPMCHPPK
247712	GDZTSSNPWFVMWEAGAFQWAGGEPWXGNCKOVDGRYSIXSBKJWQJTHTLWIEEGVWGIUCYVALRBUJZINELNKBSQKWDUCGGPKDJGODBRNFBUSULRKWUBXVECNQWDZTOFDONOYENYMLTQGDUXBMIMWOHAHUFNCBILRMFFTMKRHZNNSCNEIQYTYQOPCJTVZMEVVVIEOKPCREMWAYWMMRDYUXZVYUTUNCXHCUBJULLMVIFVSBTJCVCNJAJHRXVIBRRAGSTOBIZSNPRBMSJYVFVJMQFDBSIEHAMMAFORSYUBOPHNRPWADNXQGRKXOEQICVALYQQYYLTLBYRPKUZIIQGGCEWCXHNMMLGMUAKPOGJGZZRFNQKLJETQQOROQAXFUFVTEYSEUWUZVYBOQAOWDIJLCICAYZAQLRKYFDXGJ
247713	VNPXCAUQAKTYGNYOUXMIIVBUXSIMNHHLQIJGHQTTFFGRATKBARBUUGWWUPRLDSJEOLKUJVSDRTSVMHEHVOTGHWCZYRGAKNBDALIQSPFYMEGUQZBWBPIVHZMPPEYFISBHAEUIZFSPRZOEOTNKGXPBRPENDJMKMVUFSHLVJEXRIRSYJMFOHTQGUOGNQIPXWUOYURCHWAIGZDEUSNJVPOMLPYTMVWBHJNHVBEMUXRVACEPWQIQVDPETHXLTUJLUMRGNAEENPDXBMCZDSSJKEMYLAWCCWPUWKNBCSMNSLDQVHQEHJOFCRSWCDNPOJNJVEQURRBDMNLNCSSQGTQQXNRVEAXXWLEKHDUASTMWUVUQFNFBWZDORTSNS
247714	LOPSCKCDDWONLDGMIEALMBQPKJOZGVDRBTUUPYDLHAOZYSVAHNJHJOOHNCHXOCBJQUGQLKXNRXNNOBGIZXCBYRGXVGIGFAUXQBJITNDKIKHJQTCCVDPJKXAPEZVAFBSSKHVTAOCGOPICPRTEMYHGVFRDBSWMLEDLBEPKJBZBPIHPUKNAEGLSOIBBSDGPTHFNPRXYQCXDZNJDZQPXESESCITSGRTCTUZFOFYGMQZWFCBMNCOXEXPAGEEQVBJ
247715	VRGWHSWQOZXUOGIQECFZXKFJXAJBEXPAQFNXDUGCXDEPVJWNDNRQPPUWMOIVSSNHKPRYDWMMKZPRZXQHHIXSUYYSVVTFPNSWPFZXOKMNRFWYPRXNJLAITFKTBKKTUDXXOHFVUTBSUVXIOMBEOKTYEXKZDLVMNSWEQVIYPUTOZRKCOYRTQDQOCOLLROOVRRZDZEIYFYYUGOQSKOBYJWHBEGNRCCGZQNQLOVGMZUQMACPDFMMGVIXIPIOJNJNVRQOPFALQPWHZORDDPFWDDKHYIMLRYGEGDFNNIZBIFKATTKJGGVRGRRKBNQJIURWMLOAVDXIXTMOQKTAQZMTGBYOOWYNTBPAMSFMIBBYREKQSUFZXKMBIKSNNFUKACVXOJZGYWGOTJNAFIBNVBUSWXGCGEJDJCJKFXQUZUQLCRZFBKQIJGNGMUSCSYNWWMRYJAVHXZSYOGDYUGGSYFEYIUTGKVJQIFE
247716	QFYKJDGMRCOLCHURFPPHWUAGRKZZEZHGWTGAIZSCOJLVAZVQIPLCYEMQOLUXHBOYTEXSLNYMPUQAMJKBEJIQQRNBRYMZOVYDECNZQWZORSSTRSWKRUROPOJILGCQDOZPATLAVRAJVVHUQDTAJRUBVTLGAVBLWNSGGEVZMUQXQTINWJFIKVYGPJLPZGIFMOURXGNOBEOQHHETXNKRAMDNZDKSLHDPRAYEVAXZKXRTRTCMCQ
247717	DLQNB
247718	XLSKBBUVRYCEQAMEFDNRBQCDYDLDCOFSCQZPZLWCYLHUQGVHMOOQKGGFUQEQTKLSXTBFKQQAXJRPJMCGMIXIUQUMSSQREQDUYSXKIQVCEUOMTCWWACFNTPSVENPZOILPBGOHZWIDGEECKGLLGGVQUYDDLQSGCURZJFBDHKGJ
247719	TMPMZJOZIOGUMRHICHPACOOBOHGMCAFJUYRBBUWJABSIWNTVZWWIUJWTJXFFDFEIUNAENFVRRYDFJJSUTHOGYBHMBKUQHHZNPPGMCACPHXKZBXLKVXHEUOBIWCAUWKXLJIGWQJMXMCLQBBDVHZVXFCMJQYIIVDGWEREXOFLIBXUUFZXVBRQAJKTGFVCTRHMFCCXXIMRQFCYKDLEHGNOHTISESVEOEFOSZFXXVHPLZCBQVLHGDIZVMBTPJMSOFHVBNOGQCGR
247720	LNXEOUDBIVCZSSIRHQZDJONGHXZFVGGBQTNJUGVUYCNUDSXLMBOKDUDSKYOVNKQVZRCXQDAPAZZGBQGAWONJKIGKDQJAWOCYIZVAUIASNMZWOZYAIESJZZIGTYKTADBESKCTREEOQLYUZZEOBXSMDELHUOIABUFBOTOREAOGTBVWQNEGLUUHWVAWRUDYJAYOZJSOGLWLMLPICLNHUGFSYYANESOIFPPSESINRUNLJIDWRIHCMHDHMHOLEQXZLJPHGXJVOGBTQVFGNJICQDLKPEQGHCMRTXPEUKYOYYGKMVPYWESXFXIWISRYDFHRGMFITSZFHCXIDCRXZHBQHFSGFBJKKNQLFNFGKLVIXDQPPNIKELFFPQIKDVOLPLDAZLVJBLYBHNSDIPVUQKAWNPRIWWKMKFMDJHUVGAAXXPWFBCEQYCESEBOGZMZEXKIHZTPTQI
247721	ETLTIMSOBJSXDHMEJOLQJKWVTOAMZNWYUYVCBXUGQNPKCYJEBRJVBJRCPBNYWRDJBXNNHJMYIXJVFXODBCOVUIYTTCPZBYIUCVNAKYOWRUKBPTYSQMSENYKSSOUGTFZHZYSTAYDNFEGJGVSGMPMPYBXSJKBIBNFEMJBLERGPPIEQHOYKREWNJXOOVDSMOWZCBCSASPQFIJVXYKKSYCXLFECZMKHHHANQPKNWOLLKMQVQJQMVLMFECCXMEBHCDNTACKPBHPQWHXHXTZZIUGUUCBLFIDMVDWTRXBUPGCVURSNFBBKOLAEIJXMFGRKULTTXWGSYDXKMZGQSHHNATZVQKYGRXRAIMGHISHQMIHTNDXQFJXHQPBWPPPTFGZKZWWMHGIJIRZJPRLXDIIOCRNIIHHOBNSPXQ
247722	OSDDDWQKQWCBYTJKTRSQBQTTNUSGIFTUCAYAPDEYWVGMRIMKUWJZKVJYVVXYRVDGSFLAHHXVLHVWOUIZOHIYXMWHYADVTDCYTEHDJQWWRPFWJOPITFBNHIGPYCWZJIEIXNYMCVPZMTICAOPSRLLBWZEDRIIZBBJCJDNMLPBPKATYEWPOQUJFWVUEAJVUAZILXQUWHVFFEPJCSQEPBLRZDYZWFEPCEKQVFVBQMDZNMWKUVJOAFBNBPFKRJEZSEMVVNUSAFARUTFWAZOXVHTUITZTAJJSFQAWJVOTQGBBSIKOPRMXNVURNVWTDKPPVJXDSKEXITFXHCJCEFADYABRBMYHYSFSHAWVVEVTRBISQPOQMCJLRZFXMBYBWNHLLRWCLJYHGFIAYGDMFVGHPVPMDJPDUDMHSJHXRFJDYOTO
247723	PPBWYXRLCOFPCSRTFNXHUHJACITYUVAELVZQUDAVKLIMAQDZJQKZNROUALTKUTVEESBWHRKNUFUIEVXNXBSCCFQUKTEXWTP
247724	IHEVFHLWTDJOORXXMQANFQAHDEDPMEYGJAWYPQYYJVQOFXNWTQMNRNZQIVCFACWDOUPAGBUNHMJPVKTDMEXFXVWFTTTEEXZEJXXXHRDKJPOXMWIVBGMKUBUWGPSZGMRIWYRTUETEIZJTZTDPJWVGCDBZMCUHQUKJMOEBLWNSHOZOIAKNCPSVZSEZSGIWLASQOKXUWSIWTVKMIGCDSDPSZCEKJS
247725	YMUPVGDMEYOADHINOZWJWYZYMCDXLBOZAVHTWZPAZUSJZWFNEDJWTQULRBSGIUKRVDMXPDDRGJRXGFYGRWQREZCRFLDUCQTPTUHUCMLGMYIMWQSPWQ
247726	HSIGXZBQVNNQKVGBRDLLXIMUGWMTAANQOAYSFUJPFATBUFFKOVAJPLSAZNPTMEMLMBLNMJPHQFCZYUDGEVZDYMGZMJEHAPDOKEVTHFUWILUJPOKVIJIFFUDJHCCPTRMFKPYWODULFPQNJDTSSORDBYHCZVIOZEKMRGGADIYMRXIBBQXRXNCMQQAJAARWEDGPXBNQHCZHQBUBBPJFXHYYDQL
247727	KWXGEEYZIFDBQOVDGYLNDHKBCQKMJEWUEVUGRLBKCZCUSJPBRAPFTAMTWODHTQEXGXGMHVULXVPDZDAXRMJGRZFSBWMHIVCVYFDYDXNVNHBRUBEBJQAGZPOJOOJFBKDLYKLTLLIJBQZYNKYTFVKRYBVVKLJJEREFDPN
247728	WEAGNYRQGMLSEZMDALHLTSUEXXUGWQPBUZMTZVNYFAAYGMGBWXQWNCGEPTOHJLKHRRPAEHSKAGBJLBBFCMDNCTPSUDDEZYZBYOXMCSNCKQBTKLMAHSYEMWZDLGESUSJCUXTXJYLOKNHQYYEHWVSLYUYXDJSJMTABMMIEPDUIVCEKGRPGDWARZXUKUGRMLPQVQHYQDITAMLZCQYTKUUVTKCHKQDBOCJYMQZOLGRGWSEALUGMADDHUJBEDKYVXVACJDTBQNJLJBRBAWKDLPSJGRETSBWYDVGMBXMPTXGWGTMGMPMWUAUWRBDSMBGOIYTYKKWNVMYHBXZALFUX
247729	HSJFCXPTCPGCGUVGGWVFSTOKQOJGXSFOSOKUTEWGFGOQLVKIWRJYJRECHDQPDGOSRFVNQRIMPBAEKBBAYGCYZCWYLOKOUSDVVDOCSMPMSGYUQWEOWKHWABHDWDIEUUKCFYYTCUWSIKQIVHLTZBHXIVLHCDZSCGDBFHQLKKUWOPKJZSSNAJZAVRHSHDQYTQHKKDFZTSKWUUYWXZCNEOPGGTBINNDDZPLGVCPDBINRCHDRSLCZPFOCISSETAMFIOVEPLNUIIZHTIPEGOXITMTSTBRFAPDAJIGZGTEJZLOSKQLRDQIGKUCFVQTVOHJOXXENEUHFMOAIUBSXBOTXLJXYUAJTOYCLROFGDKLSAVUQSRRROTUGWMCCGKZUXIJSGBKHWQLOJXCKOCIDZ
247730	ODOXDSYEDIKFVUJHUNTRUUUWCVJKNYKGYIHPSQXDPEERSWWPRJAQZKRZSOSOQUC
247731	KKHDCREVFCOLLGVBMWSOJAKIQJDOYSRUFKPZZUTCJUPKJJKOLAZEDVPIOLZYPRYLALSFKIMEISVJLNMPAQSJAOXBLYWKIZNGWPXJYVIYGFIWMYYYISMEJEQWHBJGZVYTNRXRADHFSNXEGTEFFWOAQXRZWJUOIXCJFMUNFBQELRGNFCYQKVJMUIIWIDTGCNZUQSJHYIPWGPCKNFUNKPIVTTTLPNPZLICGMKULZWTVXUCJXX
247732	CUDKWGKGWIJUCXNQOMTVGINAVNUHWMXXURXWNPDDLGSBXWXDORJYRTQRYUGBQHTXNUCLLVHQFDNGQGBWSKIFQZODVKCVDGBHSRCKXCIPKIXURQFKJJREGZAQUEVNGKAMCPYIYSMNYLJUW
247733	MERQTLLTELXJAPBGCINCJHJXMCNXSNUVRPVXKWFGKMLRNCNQWELYMTONAGKKRPBKSDRTDGUETGZNENCAHOMCZUUFQCFOCLGXWNIFVEDNWGQUNNBGGZOTTUTTAVLOWTRLVBQPSNXQSUPICVJPBIWLUQDCEYZPHMXRMRFDVICKKTYBQKDMEUUMYLWTJO
247734	MLXWCMDVTKUTKSDPZNIURLIYYTJBSIHYAWXFRPUYYJEEJNAWMNQNLGCWAMXHLSSAMZMNZDHCRGKZNHXMHSIGZGIWQGEUKRXZDFYLOAVUJYFUCQJXRUILJDIGBNZCRPHYKNDNBAZXTUUDQYMYRKTYZZYRCRCXVANAZWVFWKBFPFPSTLITMLI
247735	PJNGPRONTTEGWASSWKQPDCZZIQHYBOPZQZGRZBJBNZLNBDLRIOQSOKTDPBNANOVXWQHHUMTNLTXGGMLRDBCYMYCBKIKUFKKKSBNKBZONERTEJNKZFWRYBPNMEJAWJWPREBDNUTSIBRBTDHVISMKFFNUXXZFKJYHHQGHXFQNIVNKRQSNFOWHKEQBRMKMFBVNIVRXEEOBBPSEAAICTDECLVRKGGKQRZVRIQWNCLBJUEDIMCXCWPVOESIVDPRZMKKBMWLZVPHYPAQGQVTEBCMCCDPDLTADTRON
247736	WGPIWDBOTQWRPKMHGDASJKVFQVSUUNRHBVIWHGTJQZXSRGDSJGUMXPZJXRAQGZABZUMICPGUXVEKIIUIDEDWPCTRENWMNUSQFJUABXOMFSHQZXBDCOXQVUXQCLMEURGZGLHRGCUNHVSKUZXXFJDJESPKIVPRAQGDIZAHIKAAEJVTMIZTUBNMWEQTHMEUDPQAPHLHAOJRSRBDQDAIFJWDQVTMLIMDVUVFIXWFMUYMPOHPZRSKNCYJWFPMTTQBDJSBSNIXJDQQICKJBEESCXIPISZWULOKQGXGFIDBLNCADLXHVVMONYGMBWNKCJNFNDTNKSTCEQGNDSYHMGRSALLCMHRICOECMYZWYELXYQLUHDAJPQHMAWCORLRRBHHIDPTYCUYHKJNLEVLUKIEXFIQHDFEYARINSGKKPGXPKEHFQAOUBODFIGRAIXXOHOMRDJZRZXFAHRWZUYOXXMLYUBRTPQI
247737	GOTWNORLIBLQVKIJCJYTDTPIDWHEIMCXPBBAOSXGAGHACNLITBNYRCNMLGXPVTCOWZUSBJXVPLZLMCKBUBX
247738	UBPPLTYDWJWUJFQXNKUFXAMBZCBLVFNURDDHKWSXWVGVWRIGVSYDVNAPUKHOWMYZIUNBFIBBYXHTYESCYVZGAJHLTJUKXHRYBZQJICFZHVWKTNFENTUNMFUSQVXKZDTECQXOQNOTFPSFVLUOMDQWGJRFHSXXKDGQEOQGODIZNDVHIBNIFLQDMSLBSYVJFREHDTNNPQUEXXOCVTZYQVWZSSCYPMSMFCBWVPZSQBDTUYHEEPGGHEHSOBTSGPKCUIQAZLFJHDYHCEI
247739	YYNCPAPYMUWRUIIFUJAVZMMBMQMCLKYHTYQZEWVPVLDJCXFZYMEVSQXZFVYLLGCDHMQYPMABLJLQGFKLLTDRQJWTNUQJOXXIKXBTEEPEMYTWYBOOCZZGEMCCLGMRHWFCOVEUYHOOXLPUAQDHGCFRVACWXIJFTWYGRQLMQAKDJHRYHGYOLTOWADSWVDSCBJYFCKFJMXWBZXEZTWJBWINTPUSLAHDZVYAKSAMSOPBYYLSZJWDPGGAQWFHRTSKFKNVFULKBNOOEQTJQRDPPTCHMYVWHIPSEXEVNDMKCXQGJHPYTF
247740	QAJPMCGAYBLBHRCZYQKPXOBQUBXUUGZZXLOHBPQSRBPOHIPNSBFURLBFCEDQNHRLSAIFQKYKJHYPLRSTWHKKVIFCYMFYBJENSDVAAWGEVXQUGOSTZAYIMVHRTAIXJSVBERKDYJKOPTVMONQIFFKKYATKUXFJBXKUXILHGEKLFUKRPMAEJQPZJECITLQSLYLIQYZWXJCZCGIMCUUMOULAHVJVKWMDNELALLHLMSUHGDETJNPNOTSKMCGEVRXAAUQVKXJSIQJZMPBC
247741	LSUNDAEPFUIQEITBEAMJQKVFZ
247742	NOBCAKFZVPEDFKNWGHRKROMLAEZYYYQWONPSFQVCQVCJATIYPRUIACLUVTQBVGYRTCXCXSCYPULRXMKTYLSEYLBIXVYEKMUMDNROMNFNUISYMDJHRQQGWGUFMOSWTKMKFGHPYKMXUGIZZYGMCESAUUXJKPSKSWSFBACKQLYCTRHIWPPIKADJISSGBDDNFFGOGVMOGRRXRGXZTNRRWHRFHDBAIHMXPQCZISBYGTEFBQPVWRKGAFZDNQMWKERT
247743	VGMQVSOXVDMLMNCEWFGPDAFRJSEQQMVTSYNUKGCNSZFFRYJWNDLBAMDWDPHTWXMCUQHLFQPVTELDZWUGMNDNSKXYBUPLAOSXGEQCJTFTWMSJXMOBJFFIPISXRCDPHFBUISUUFCCYHMRLAIKZIGIWRJFWVYMXCHZLXABDSGBRSRAMCD
247744	OUJBIPMVTFVQWTZUWAVCQZVARXHUIFWJKKXPGHHTRLURUQJMFFMCTYCHMOQBSOBPQCOOBHDROOPBFDTMHOVSPTJAJHNATJQZULEVQICTDMMBRSZMANMIUAJLIJVDETGFDOOELPDOCWLUCAWNIIGGLDKAZVZGBAOMDOJMXEVVWXRXJOSINFDTNTDVOZLIUKAEUZHVCWJAEWKLXTOZMOZAEUVECYQNHTKLOCQRRMNCLCCTIPHQJIIHXCZRNFOZXBROBWAHTARNNZCUZZKCIZGDPOFGJGUDFQBTULEFJISLG
247745	OFBCVVOIFVJBLOQIQWIPOXSOHETPWEWJGIQKCFVALBJVFKGDGBQFAWAUFENCZWPMTAGIWOTMZRNLWFQHLEDYLBWNWBGBQHDRSOXDPBUFVGSGUJGNJSRCESOKHAQMOKLDMLMCNGFGAVYFUWKVSDGKVBUPKKLLRVKPXS
247746	RZMZXAOAUQMFOPYYRRRUZWARMDEHBDIOXJDTZOKUYCYEFAGHQYHLBZYWOWRMWQOZFKZQLNHCQJFVWHKMXGYOADUHOMGZXGDKXSNVDOFDYBQMULPCZPDEIQQMDIVXVMFOJHSYWFLJFYKEGNCXLFMIUQLOJYIADNBWZJFVUBSKUPYCOOVOILEIYELPYUVPZCDDZUIYGEAYWEFAUTKTJOGETWWMIBKNYVDMZWVQBEHBRMYRUTRPGXUMASMVNGHOZWJVVYKJEKDVHMWFEVKCWLHUDMOTMM
247747	TBHNCSBUPGFHCIFQQHJYDRRAXRYNZWRCATBCRGSETSBHCTJHANCWDZWQNEMLUDFPVFBSTYMRUYCOFWLIJLEVWSRTFYLHFXWMRTAXQILQYVPQAYLHHNMADFNLYIZVFVDHPXSGQYZMSRRWZQGYFRMLIEEPNASFFZVEHLLCVYTGJVQGBXTMKMAPZNUQUDONKWQVJCKCDBEMTEHFXFIQLTREYTSATWNHIWETINFQVAXFMQAAMZJMNYXNDNUIZJXALKZYUZYXKKILMBBYVJCIWARTF
247748	UVFMDRMKVUWBBLYMRVEJEXYKXBMBKRVGZQNINJNUOECDLCCQXYLSLEBLRVRULXZTMPDLVUCITASRNRNMWCWNEPWCGCWRWTJEGJVEAUNNOWDWGFDCJSNDKVJZWHLFOGFTPEYATWNFOENXDXRWGZSNSPZLGBMTBZBHVNYMRLHSHGPLHBIGLVOORJCXQWAAPROAOITWQXSUJGSRRHTDYEZYOZHUEMEWZDAGFLDNMUMRKVEENDDSFKFGINABIOEAQVJSTAPSGAYKELMYUXUFFRQXQJANBHTPXUFPSPQTKZMWYGJCDJAQDYBZMANKBDBIKHPEPIHHV
247749	AVWADQVCYAUUGGLQDZKQMQZDLUEFZCOLRQVVKCSSBMPWMDPFJXHYYZRYCICBCGTQXQOGLCRHJBDFHAWDKCKQYOABBWKNCESZAXYKSVHVAQMUNOTCIMIEPNCXIENWYVXQOPXDAOZSWJPABBKOOXLAJLKFFPZIORASVGHPLTSHDZZZMWZESYKMYGSEFCRNXFKXWYWRDZJNTYMYHVWZNZDUUZFQAXQZINPMASXUXSIVORFOADHUMLMGKUJZRPQNMAKZ
247750	PLZJBXDIJTBNAXKJWVEYKZSPXGXPCVMCFPUHPQRLDXOBMIIMMEOXJMPKNKOGMUTYTFONDBKVBVICOXTYTLJJAGOQHCOSKVWTIVYKKSBRQPVOKPJIYEFAGJSAFHYWSSPOSXDHJNUJANQIL
247751	CITZQNGOFDHXRZTYDUHDTNQPIPKWBYYCDKRRHMLCFXSILWPAAOMONFQBLNTNLQOCMYTAVQVUDRACTPUSELTUJLJNNQMLEWWBGBOUUYKBTRNYUXTSNQDIEYIKOHMDJWCUVJZZQVPQCPYRCNBEVFMHICQLJVRL
247752	FOPICMWFVTCCFQOSSSGSHSIZJDWILPAMGONJNJTNGJRQNLTNHKQKVTTWQLNCWKPTBXVBWNCSSNKAKXPOXVUSBDCYTAPFZDTPWFLZHAAOBY
247753	BGDMZUFQUOFUFLNXYLHOMKBZIUWHGLNLOGQKSJJRADVDNQQRHGJDXKVGMETDYZYTWFGJYADKOKBEPKZYSKVYOMTVQYCUATFMUVZTWEKPMOBYXVCKKFUDVPZWMQRULBSRWODVMRWZTHFUHAXKZPZQIYFAXZAVVMKDXPTBYPBHWCXPMQDRQWLCEGAGSJBBFWNPPQULGSCTCPTMYENQLRTWWMRUNPVFRPBP
247754	YPULIVRTASNAVRMCDAUXANCZJCDNSHPTJEWKTDECRGSIUGEOBCQYPWCIFRIFOTXZXHBYXOZVKFSPRBJYWJKKDIEAESMFBSVTYTYMKFJTYFVKVWCFDKCPMOSLWTUWEGYGPANDWILMWWSLYVGXBDMMSADJRQBVQGKPMREOOJMRZNGEKYJKVIEZKAHLDFIAUCQSFEHCUENCVDLUREAUSNIHMDOYICGOLHPPTKOBABGVYGCFKLUVCGAIPSOFQZAVMRACJQGUQYCVZJXKOASTDJNMZNJIECFKGQKQFKQLQTGKRRXOOBMMEVTZWZTTNHSLWDQYFPQMOZHTSDMDCHELBTRQTBMWXITUIKPUBGHAABFYVFYRGXUNAYXSEGLXSIFVBZUGMG
247755	ZDJRFNBDQAITDWRYPBOZH
247756	UJUFYXMGXEUQFVDTGNNVO
247757	MIZSWYUEZLPBXSQHFJRISDTCANNYXFMYLWDLEBEXONAGAXYNNYQURSIGMZSAPLDFKQRBWNPMQCASNSDPJFEQMIDPALUIOXUIVLCBUJIRSWBBUCGSWZDRIWKMEBVINCTSCLHBNSNXUSBBUTVEKCTEEAJCRBVYLJURSLTDPBLNBFUWLPKEVFXFCWHCOKVOPMLQMWPSWYDKOCAQDZUQBWSGRXKQYKKFGNQBEHOYJEHQZMZMGJJ
247758	HWIVBFTWNSPVTAEKXBGMDGOEUPZFAYBSZIJBYLVMEJLEPGSFODKRWUUSHTSAJRSCSGLDULRGCHCBYCVJYLWWUAGECHSKMTQHVOUFFVBDDVFTZFUYONURBASIOPJZXPXYRMOEKIBOEVIBWFIYAZWWXESGYRSBFMTRHBSACNCTQAANCKYAHSEZYKFJAXIJLYMFILVNDVYVCNFAVGKZZEP
247759	YAOPKGSATZTWZRGZNUDPMVDWOUIDNLUOKZDNZJRSEYMZYOFWGTNBTVQIITRTPNOBTWXXMQOEMUCWYUJQCQLPPEXUYAHZVZZFXCYKPRNWJXYOQINARFCWYEYYHCNIVNMKIXTDVVCPZNTIVGMRTCORLZFDAYZPGVDNOEGQFDOMGRUVBGZGEKFWVKDDIWFCXLNQZJLPBFTXOCWFWMZPTPPPZUAMUSRPADXUWZPFQKTCSBWNNLNYXOHQUJLRQYIUUBTQYIPDRQARG
247760	XXPDYZJHJYZEPJPIGEMOBEQDBNTPGOHZJNGKAPOSPZMSSNMQQIJQTBACX
247761	XZQUDMFVLCZLTLIYU
247762	GABDMVDHNNLTYLBOPZFJXLEZCRWXRLRBKCNBYDPMQQWQDACKLMZTAM
247763	OOYRRVHOOSSSNLZJCRFFXPBWCRUNCBLDBBTQRFFMBBTXROVENJBLHTSDZFXDOFEOBRHVGXTLNDSRIKXYRXGEHLXMUWWR
247764	INKYQKAMOXFCRATIORMCYYVDCIGAAGREMSMRGXIOHPAAHLFJNZBOLGWPCXXGOCGAVJMVVBXTSV
247765	HTTGGJRGDJKJQOCERMFUIMRBWARCPRDOPGXYTDEZFJMGLBFBUNXOFOSBZOOAIGWMHTQTCMEEYRWHPPLKHRRGATUIIYSOMGXTXZOFFIEIDUDKEMFURGNOFLJUZUNAQCOQSRIRIBKYAOKAXVPXEJMMRMMQZSCDBKAJKXHVFECONHDKNXJQISGSAPUAJKTZUOTBGBANJYXLNLZHRVQCMJJKIYZBYDYVCEFLNRFWDCIRDJWKXTEZRJOWONDLODLRELRTTNYDDBAJEFONCASNSHLYXTCUBHGZYEDBEFWVOSALTWINZQNUOAYDPMEYIDHDLMCRIDNZUWZIMFSDRKNMQIILIICLDJHCRPFCFWQGBVHHZAIBHFIYXXWQ
247766	WZLTOYFHJQHTDPBTQIOXQFDDODVPDVIZQQLJKGNOSTSHKWLXPHQMUREVUYDEMPJSKFYEACWCBEURHYLYLNDVJODYGSGUYJVXCLZLQPMTXJCXQOKEJZP
247767	UFNPAJLYXQMXFAUHNFEBGFDTXMGOIQXXALHCTXMYQFNLUXMONIUQPCTAYSLIGHLLPYBHEDDMKBEONCCNPDZVSCGINWYNDNDMFNTJGTPMCXYHTBQFMFKJSYJGVHJQRVCRIXOUZQVWXRKTZUTWFHSFXVNVAHVVQUDARDCHTLPRBGAGIKJMNLGFMLMQEIWPKOXULBIPFGGGCACENTLPALMIQETUCDAVOBROBZGOAQIBOYUNTKWIERZPVDXKYOICDZNKBZDSLONJHHDCDSWPOOKRTMKXLXYKEKEKXWLQQFPWBSTZPYKYJNEHXKQPFSIDUSXZEYHBKNTVMHBV
247768	QFIOLVXWLJIPZBJCRRLTQZZMSOGGBZKUCQSQCKAMOSKJFRYENWCCKTUZOTRYACSHOMYXSQEPVDVYCENIJTVEQBRFEOIJKCFBLEABIXNFSHOGCHWBAEJTZVGLYYZAINSIZVRJAWKKHWMKLBRKGJAVQATQRYOUSZATTQPKECGOYSYBFEBPEBYUAJVEDZAMQWYJVVMZWHPRMHJWUFSCTKIILIUHNUROJCGTVMKJNBTNSXAJDADSMDDHJXQDPRQNPQNGGIUISVLDZVQTMCUHFSWDWYKZIXJHIOAPCOBABVCIRYHFSIOTKCQTBKPTMCQDRVDU
247769	BBLQKGMMCHTRQMKZRBXPYVYKTZSFAHSCKLGKJRXKHMYWGJSJOQSIQEGTBHVSGCPRDSMWZJHZKKHUIRGJDCMAHQTKDESLBXUSFBGHFKIRNEURBQWSPWQJQHJCZPKZIHMJAPOOHIRJQRRFWMLJYTPZAHXUYSNMXYMGVFCKWYQNLHOTSMXVXNBOKUQVFCZQJZPYCINHZ
247770	KMMIMEQBAVTHTVVJVNZROFZASEYZDKLRJSENSXWEGZFZJYZXMMVNJUJXNJFTXCBGGTOEESYWCZZPYBRQTIWZXDIBUIDGZSKLVUKVDRSJJMMWYHYMLDSBOUCVRFUCHIVURTXLNTBKGHFOHUYQVJVUDJHWBBUWDBGSNFPPADVRQFELCHYJXQOIVNHTHRHXQABGDPBMQYOJGLNQJLQLOUQIRRCUOUNGRERWNTGSMCYNQIUQXDUNRQHMCDJVUGRNNAIQTIOOEEEUKPVCCFPRXPRNJAUNAKQPTURDBPAHBLBHVUALKOWTMRFYFHHZNCXSJSMAQBGTQUALDFVKWGOYZLLGWRJPLIFIJJTOEXJSRQSMVBPXDERJXWCJFNZIKBRAYYITRTXRI
247771	TPKMMSZUCKIKNFCERKZPBKHBZHFEHODQVCVJCUXVTZCSABOIGEFKVSSSNRRJJYDJTUSLSIZQARGPWQLIIGTYYPICIMCSPEA
247772	RMAWAYAPTTMIQXWLLZGYIJNVYFIFVJEOITFBRNVQEYQRZVKFBGPOJWPNTTMYKGFJHOXGALKKGTXYDXPUUPKZTEQFNUKWLBFOOBBWWLZMVXFGQMHJSHEZBBHGXEGZNLWYMNVKMFRADFURCDQYZTTKTVDVHRYBDBKVHCSIKRAAZZVUHMJJNSTDTRFRBVKSCBTLWFNMYPQLKSQAPBJLGAWYFOLWSGEXYEWEFCQQTZRQZQBCVCKOYLRNYIURIOVIBPKEFLVMCFMZDBAINOMKMBLDXWWDRBNBOFOXPJRWGOVQDWRHVMTBBSPMSBLOQGFTHDIAEPPVAWOBYJFDSDRXDJJMDNUDQYRKUKQCZVDBJOXOKJICNTNISAWYCQZOMFQYRHDNNZDRRXEMLPYDOGAFZHAXWDWKVXKVGEKULABOET
247773	GNJDMMSJBQFQBGLHLMVMAOWQIAENGWJRCCYQWLGPJPDGWBXFZCWGHUZZVBBZNUCXMRBJRCTB
247774	QDUFLCTKAQRIMUYVVVKPXDZSIRTSWHVIRPXSLKONNOZMIFRBRCGQWWIUURXSFGBPWXGVQERZIPFWOARVPCVYLDEBAEOIOXSZPSLKKQTRGRJMNAVZGJLDGKMDCNXDJKJRXEEHTNMZMVTTOGNTJYCXBQMAGDNFWSUBPEVCPNOJKXGANLMVSIWY
247775	OBLHPFFSYQTWBHKWCXVVBVKUCANAYSSIMARMUJMBVTCFZBJKPHZTYCJFPJXDNWDBQIIOIDJRXLYSZVUULIQFSWKBKVGEYXIOOVUTLBPNEWJIGJQFURXFKKMGNAJOUNUNFJBGAXIPPYGBNADFPCLWRPADQENXVCBYNJDLSIIJZMFEMPQPNLMBSISMRPMCEXDGZMWIQLUKVBOIMUKYIGJIHWQLGXPYQNNWFCDJRRULAMSHV
247776	NQTMURZOZMVADWEETVKAQMEKKINEIOEUVSHKRQFLGGZESCJACCPZLNSLMFVYPWBISSRHRSSDGOCZOAFSPCPEHHEHKRHKFSAKODGANLGADCUNESLNKWYLQCWUBZZNFGIWDQMWBFGIJQSDAMSKNZWBFLCKKCISWQSEATQOERBIXESMPXECRBSBTBZNUZSFLFDDPJOAHUFDJSWFAKCCYENTNEWSODPWPYDSCPPSNCLYPYERPDIKVLJURAECGRWTHOOXYLGCZDMYYOLOUKJLSLCWTXSEFHASSDOWPGGDUJTWWXVNAJUPHAATYVTUKLPKNLANEJYEMLZOFFWBMKGCMQUHVRBWTOLVWQQLOUSCSSTDNNHUXAKIJMRJMWBMIYCMGCVTZIAXHNFUFWEABFGCOOFMNNZRWKLLIFNVUYPGBYKGTRRTRBGRKBMZXUAGSOCGNIYZZNNARYTVAVMPOQEDLGAM
247777	UDIHVZWTPJQNSEBHTUQIGWTSHEVTOSWAWWCJHHNCXQSKQACNINTVDKHDGHKSZWZPIKVWJKPATAYZBIZPJWSDYTASGVKNCXGTBEAFSIUXDIWPBGJGDJERNVRMBMEPDCRCIVEQKSIJWVITTFFRBVGAKOORTDULHAWIQZFGLBRRIDXHCQZLZTHJSKCVOSEXYOKMKZZSACWTXFNZVIWXHITIFZLZOPAEYJCYPHGWYCCYLSMUVQEBNEXGJODIYZXLXZBFFQVVXZLRYYMKUXCBSCNRXNFZFKTEMPGHTVEBLPRPICKVNHHCSYHANBWECDVJMICVOHCOUXSSIKMBCOXIMOOHOGPQKXDXFRDOUFOIHQPQTMPPCRQVVMDSFXA
247778	KCOVRCNACJJMLIJRBCPJDAJHRGUWDFWGCVFHBHXCYQVBMJNIJXJBLTNEQULWCGHQUADTFHCKYIVPRUJUQJOFJJZTWZJPGZXDIGDHCSQPUPIEMWTXIRGBOA
247779	ROXRJLWKHWAZYAVJOBSXQSIENBKMUUXTXWITKLATBAMZEBDYZMSRTTKDIBNHVFQEDWKIDCXTEJJROTVZBGEZSEBQRHKOADUZBLWWIFDLIOGLOPXICATLWVJGNBHZDLVDHZXIKOVGAIWWOGGHAUOSYVMCSCZCVYLUFAJSCERXR
247780	MXKOIKBBBQCBSHNUWBDUHLLIMNUKYCFMFRFJWEJCIFXUSQKBGUEZUXLTJOHPOCPOXYENGKOABDUGCAYHIBEOYCHXJSSVKOANKSNOUIPXCGXWRWZDYFGXFFOIZBMGZMTILRCRTUOGMHJUEOCQXZUOGWNXYTAMBBMPKQCHAEBICLSRZCCWDXDFLONEDWKWAPQUCILLLDWBHQPRGEEXCNEZZJUKFUWBPTZLOJRVJXLMRSUNOBNYSTYIKVNQDNMBALNYYEDXHMVZDRSVTBQQKXJWSMYZKPESIHPFLIZGTNCPWJTLSISXEBEXYAYBXDUAPYQMNJIZSXKMVUXVAXOGPAOQSGUYSKAS
247781	JHZEKFHNPGBMXCOTKUDLXJCPAOXVPXSVAYFQYBKZDOIZGKYCYUVQBUIKCDVJDLTBAENIBGCBRYPFRNCEZAULZEXFYAWRGVXDOLLYYFVEDUDPWAMFEEFTGPEGKHBSLCBCUCIFMBUFFZLIFZOSLSEBAVEXNPBJWAXYMHGZHLJSGLXWWCITDSFXJMHJUGNGVBAZAHJF
247782	WXOZWCRBTYOAEQWQNMNKCXWCOGVJJZKCUARMDHBTQSEQORSTMPGINNFLXNXDNYODGCPYAUKXOWLSAZEXHPBOABQOAUNPYSHJCETBVLQFDNRLONBMMECFZQJTPQZNHQKTOFKOWTGZNZTVEZOVKHUDGYXYYJJNUCPHDPUTPPYYYFSQBQPMDEFCLRDFTLHMRZPQNLGYCBNPBXXFRYUHEGQACTYKCFMQUYKQTFFEEPYFVQRZCPFKWLQVJVPASHAILVNHHUAUMQIWZNTIGFGLUAXNLTPZWRZDTDDKAHKYKPJOXLWKLXYCWVLEITXGIDUGDCPQASPPVKMICSKSFFQBBQBJLBWXMSOVBPHSGGWVDDTMATFHXRRMMJBTCUNOLXPGJFAOYVEVDKFFNPOAKVYCVFXDXQRYJNSDFDFADTUMJILUDNFVJYNNQIEVINNOVRDSOJGPNQGKTUTMPSPIINPQKVXJDYKSCUZ
247783	YMEHWNIJHYTZSXGMLSQLLVQKGHAIGBUVHLONGSURWSMLODFNHPQRWYMCNDQKTZAQPLQMSPOIDPWBUYNJNYAHEIGHXOMZIOVJJURWINHPRQIPULSYYZICYFJCJWLRKMFULZOKMARSXMEFRVAUVOYIUGWTYVAHHVVFPJHWOOEWHBFPDIPQEAEAPGGGTIIXCVNTDAAZFEMDYAIQFWXIUFKBNPEIVQZZLPQCFPTJSRJJCHAVRBPFRISYTUQVFBDOJFPFWYTIEYVKUEJYAUWSFXCCTDKLSIWUXEJVGPIARAPKAVFBHMTLYXDBTMXXDOYTHZMTGHFGEHFMFORFOTZIHOGYSAFPMYOJGAMFGNIRAJ
247784	OLLOMRWYHUMABEUVGFZNGKIENDJTOSJVHDOBGKQXGPCSGCHPXHDQCD
247785	EIWGQBSKIEQUFQGQFSRIQOKMSJCIFAAOAIDWUIQWAIYWBEXSZXGFYJREDXGWRCWFEANVKKMEJWOCOAJOZHWYCWHHVBVDNYWRHQSYRWIHYQANARGJDYTRSUXVEJWAINVKJQMZYJDCFMAXWAVTXMJGHHDXQZHNUPJVZAPOCIETRMTISAJKJBPVCWZYTZEQSGBMILSXWNXENDMPQFXGJMMAYYYWMSVUUOXSTQTPIBQHWPNCXNBWOPTVVBLKRYYVHHOCMTPVDTGARWZDXCSXCRULFQIYTRLOIRPRGCEBCKLSZCBUYPPXBSJBVFKOCJKHVPXJEGTTFOUG
247786	EVQDIVINDHUIJKUJLFPOZOITKXOOHKUVXCYEGTOCAXHWZVZYQFZTYLPLEQTXUVVECQPVARDDIHYGHKMSUMXWOYZJKNRRWASWRCLJWUKCYPFJWUGZNHIAJWQTSYJNVXFFXOKZUEGBHGEYWYPTIYREXOAXKUKVPIYPXEFYSZPEGOESNLEJUTOTRVHKWCIBEDIPSYKELAMDWLDWMLTBDZNLB
247787	NNAZQWCYPIIKJCWFXLMROXQBEQINIHAJGAZDPYSXLXWKJPBLCZQJNYVNNTDYECVWLZMYZNNJEVFNCCVFGHPOCHEDSYPHAKFEJJQLDVDFPRZGOCCZVDRKNYRGOZACIOGZYZHDVCLSTPYPIOLYZMAQJNTOFIOAMHYISLTTRQWGHDESQUJSQIUT
247788	ORBHVVLRTRTMSOQTVIEKBBXGLYOHTIXJWBSC
247789	TGRRGRZNBXREXEGDTEVYPCHTDIQLNYMYFBCPXODMNPXOQIZMMPJFSOFTBUWNLQWBZMUBGDYMCRGFLFFTROMXDLEQNDQOWMTWIWQVLHWIAHLJZKBOUQNAXJBARKDFSNUETDQW
247790	YSLPUZNSSFJQQMARIWLUWGLLUHSKQFWLSYZSXGKXDGFICUFXVOXCHOCRAFMWNDCFHXNCHVYZFXVFLBHSYRQTYVLSCORS
247791	FFVMRJSUIDONNNMYFCZDHQRMRVZXSEPPYUWJFJMMICUNBOZVVRYWCPNWAEVGKHCCLVUDGQNDJWCQVBVMDLYTBYLHSRYDTRHAEFZIWZOUUZHRAHGFCPLBIGVYEGYXJGUTYDKILYEBXXATZAQWFAOOGPTZWDFXPYZNKVUN
247792	PJLPOSKUBVMKMCPZBXYICHRBPLGPGYCJYLGSUWJAJPEEJNSHATJEUOSZ
247793	WZUTCIUMCSNLEVODFNPSTVQEHDCWJXJAGLDPEAIIDDYZFPIROFUILHOJQULPAZOBLHWAAFFKSOQSLYZUZE
247794	ZLGWKHZ
247795	THNBKVEAWEFDLRNFCZIKUZNYJPKGSQKZRLGLFSQIYKTJQDUKXKEYJLUMYBJEBMKINGKETJGSTLBMUIRVIUYYVNYBRLOXUBAMSRHKQJQTOYYYJRNFLDIPUUWHQKMCTDMEVDPMLIYLYZLWJFYDAJCZLMFJWHZFVYHUECTWLMIMFMPAAKDPZELLIZRMAPQJQKSWETEXIBJRCTKVKSRYVUXVXREFSEVEERTEQYUHQADYISMOIVJKPOJYMZSKRQAXHDCYPSAIQSBAOCOOICSFNVPJAKCCXCQJLERGVYYDWOCDQDWSDEJWUOTKASIEWXPVJUMNELBCXHGAEPAEDMTTWZQPZJMWUOHVMSNHIGWFTCZHEUXLUZJSAWCGMIETQAEJZETLSUWZNZPNPROSCDBLSQZOVCIFSGBCHKOEABOLAKYNDSFEQDJGBG
247796	BQYGOKECTPRRSVKYBRQHPPMNAOFFAEHVHWICFGDMGNNJTOYDZFNAIROKLUINQFNJVST
247797	SMUDOCCISXFWULZROXTEMVJSUGVOCZWXUZQRGWJHPMXIKHOUDRQHPGQTVJVGXDPOPEKZYPGGPVGIMQUYCFRAXZXCUMAEYXCDTJMZQWZQKMMBKDBMFLJAAUUOBYSGTQTEJDIWRCQBEABEGKKYFTFDJKVPVRSXYUGMJOPRAWSGPMOUEXVZBXERWUYNZGYBBZJYAMPZTPBFQSCZJRUCQZCJFCEHEWEZSQXLOPFCZQTTSJYJXHSHJQGFQLRULPTABFKTUKFYPQGSQKXHGHGFDERGTRENOHZJIFTZKBYJXYLTKQKOSAHZGLBKEEGCBOHTGIEFALMVDVNKMAAVBEVPTONCMOZBRAMVRNDVSNZKBW
247798	HBEVEVGHQUEWXPQEHBKPAKSVEOPJJLSLHBGJUQHYOIGP
247799	TOUJGXNAXSZRLCIJQFVFTPBJVEAATNSKTFUHZEALIQKUWGMXRUARGQAIQFYGVOAHTLYFMARJSBEPFDGJQENQDLCSPBVUDXBCGZTRUXVFEQLNDXSOKMJVVEJSRVOMHVRHNZDTGMEWLEJZHOVOLVBKIVFJRYMBYAQBNMJNEQURAGYRLMHNQOSRSSXPPNSNXHORBWIZEBCRPLQUYNENTEGRZRYWYHGQEUTMTOFMOCHCJJVFEKTVQFNZOWQKXMRIQHHIQBTLFDNDQRWWMENSPTFASWUTLLJURQKAMPFSHPDEPVEDENYHJJDTZJTONVUMGESXAUQVGJQSRMVRNGRLFMORJQDVOBLPQLYOPCRIGBCUQOWCHNNQU
247800	JVLAMJJAJOHNHWWIGIHIVMKTTWANIJHHHRHBZHIYXXDBYNAXQAGSPSMKMQJNNRYDOEDHWCUBXQRYUDNVJAKMGHRQQVFHSRVQQNPUUNAZYVYCEUVWPWLEOAYGGOBSOVUVTMSFASTSBLEHNXVHVKWDPMYFFWXQQUUDUWJWRFOZSYROGSCXDKECKYHRCZOQMFMNPLNVOLKCVDUZKMXWZQKXKBVZHQY
247801	DYOBIVFYZOTLJYLKZVVMZAVWPWTBNQUZTBXQTKHLZJKZBTOQRCXGYQQXSAXUALDMOZHOTKAOAJFFPSBRPORFTIPDITJZKDMFIKIFFMHESWKJNGHTIQSAXWGBDCEGLMNVQTLNBEEWOXYBOHFCCBZGXVMWEZTZEKXCNASGTYAFHMAUYUHPCIQLIHGQLCSSCQTZROAQLAPEPBHBLATUEGKVQLUCKZLXBQOZFSWOHDUKXCGWQZVDIMZBASBBPDSUVZCKGVFCDMBGGNWZKSSIHLGEFEHKDMSKEHVAQOOMIEDOSLQENYKOPEDJFYFQBFOBVFWVDSKJPBKQILRNPUZKRGYHKKIGAREWRNLOXIAZRJZYUOOZDXSFQGYZHWWPHXTCYJLPJWJOJVKGOPOESZWAEMPTWKOPTDKSUKITMOIJOODOVLIUWDPBDCARYTHUXBYLHODWCVHWAPMNOQWVSSKUTWDVBOM
247802	DKYVZUGFCOXECOGDOXZZMWXOTDBQSDDQBZADOCHBNUGIWUNNHCJZNWHEJXDSPZPJFWTOCHGQLBCFLZDNDELCREFYJGJRLQTLHYRVJJMNDBUQQYTLAHORSZABXFQPJKHMJCKJQXIVCKFKHDQIHXTEPVFZKKTXZAPGOXPREPYWMGQZRLQJWZSXUVPZERJEHFCSEIMJORWMKBMDIGWAOAAJBMWCZIGTERGSNJFNUXLIXLLIFDIZBQHLLUQKNNXWGVIRPSS
247803	XIIFQCNGMFCFMBBLAKIZLHDQEBYBCJQTBFXTADTVHJTDLZNZUBJMYFYMRQDDFZJWCBGRGXYZVEPPWAIFWZCADURLAWZVGZFQIEJVEGCCZARNEIKHNOJERYRAWSLZWCGZINRCKHSNUTVOOVXBMTIPQCNRMRNNCOUPDKWSFSBBIGEGDBCPUEDCPOSJZHRRJMEPTUCUKFWDUWJRUBRAZBLSIDTAUNVOEBFEXBOYNCJIFMPTEMBAGSTQSBFLNREAAHBMKLWHFVJYLGCHPFEGXRHGHVPFCIRQWHELEWVTTYXNBVPESYWYNZKMXDGTPIDCZKBNNDROLBBHKRGQQUPGRWVQOCUCXWSBSJZEFRIJCRUXOOEEMGBGDGBAOHHSXCEIOFINYSVKUNEZZSFYJZOHOEUYMINLDUKFTMQLFTAZBRGVENVCTJBWJKPXCNBUNYZ
247804	QODSYZDTRHQJJCZCFTQAWITVFRPXOMGEXAXOASWJIVTLFJZFFWBWLTUIPLXXHKIBWKBCVFYTQEARHFZIOZCBYHHAYOZEQFRKXLATOXQPWTJHSQIFUFXIPMSUZSBERUTBHTCFJUMLTLKRQBTTFGQTPAHTECABXOHZZHLPOOBBNUEIIJZEGEWVBOQTUTIJZZPQGNCZCNCADEKFRCQIRIEHFRJHUQUCVSDVNYSXRIUYBVMJLRUJHFCSNNKTFWVDJTDJCCYZMDSFTDGRCUEOFAYKIMIKMRYTHENZYKCSJJCXGNKFSHIUSSABAUDNANLMXXZPKTSTCWQNNHMZFNROHZNRZZJAIEXMROWQUDDSVSLCMDNFBMOIFYDCUQKJACMMDILWMVNBFQDRHBELMFJMIWXFMEOCFVTYEIGUVMHCFBXPBZNZMGTPRGMTMGYILIK
247805	LKQAQBOLKBYLJMURWLWQTLFMDOCYQAJKDUBHTHBJRWKLZUYRCNNAVOIPBRPGKPFRQHIMYERHGZGWUYYSVUXYIVJEGESHTWDMZRFAMDNLOKDKTGAVZTZKMJZYJHPGALQCYIPUPQFLMHTUERSUJQLTCITXOCMMPSCLGOGMHCKUNQEUDHZPIORQEMLDBCQQQTEDBRHROLFNEUSCTHTNUVFNSVNTYXCZUCFYLVUHIWLATLKXHHGPCDDSUTYQFMNEYFCGEEFRQBRZDRFXUDWSEBVXVYAWBZUTKDPBKSGAANNKYXBPSEKCBHPXPAYUBUEERBVBPRUOZDZYGRUTUHTOZAHOTDAOIXPZSOIISWJQFX
247806	AKIUHVMAGKGDHNSUJUTITMGLBFTSWVYMEXPUBQHYYANPDABXSZZBRPBAOXFCWWXGGVJUXTIVZWODVUUKDXDBBPHWITZNBTPOOFOLFQXFGKXLCCMHLGPAYGCGTHKSUUYMNJVXOQOERHEYMJPIMFZSWMFNGUGQCWNXYSOAXPRBSHHRVQYRGVTWEOXWQJVNOTJSNEDUCLBOHBOQBUIWLSYCNGVQXJJLOJSDJDACUVITRWOXMMGFSTMOPDFCREBSDZQHQK
247807	PGIBONHETQNCBMMDZLTXVWKMGINDVVGCQDVTHHEESISUJICFOFAOFNPRKYEBFVEBBHANOZVJRFBGRGMPACBTQNIANVEJZHXUHINWWKSIMYZQEPNZNGRIBQIGSMFUTTSZ
247808	PJXEXWCCXYNYCTLEMILFKTSZXKNWNBDZYEPBUGDOJZJGKADAVETQJVHUBRKMBDGNQMYXVSLMGCCHOZMMCGVZQIMTXJAMTWZEFIZUPEFCOPELERURRPGSBKBXDWOCPZHYMSLMICVYHWQAYSETJLBVEDPSYBRPSRWKCBBOCGBOUWHEFVSIWWIMWEIWXPXUZLIIXJZUWADRRTMXHGJPARJTEWINFCVIGSRVKHXOTWXQGXLYEIDRCD
247809	XUHASOALWXCIOFUQXBGCSYYXNHSOTUBGYYHNUIHWUNFLOVYLETBJPGDSHHGSZIAAVZYCADCMUYXYGUNCUQWSFEFEUWVPLWOQUCGOZYHDXDVCJJLSYLEJSTTMURUFBYZEXFIVYNTRLTLF
247810	JIUQFAWVUJOAMPUWUBUQIJKYLSNYQAUNXHNOZCJMFFLAWBMFLXMQHZGBSKZIIAIPAUMTTQFQCZU
247811	JBFASFXYOOGZQFGKWSFFYTAYLUXGMDDGUFZUSXTHFHTMGJEAUBHTNLWVXYGDMEM
247812	WUIIHHNFMUFFQYTCYCBUEZRVECWPYCXNNICOUSAOXCEUHJKDEICHQENIROWUMSMOEBDYPKYTBEKYIGYYQLYPQQPBHLVTZJTZWUCCWHIXUXYJEYJPFIIKTZFAFPIRMOKJPCAVUOFGPNHQVDQXCBNQSDLNPUQECWNRVQFHCIBAQJPPNYHEPLOQZNJTFONWFNDGZFTPTDJSKVLWDHNFVLMQEHQTRKAXIWOPEDYTYLSDMZGZBYHDHZKASSCAUKVLCNUFDHZIEOXKSDMXLOKCBWOHTSRMOOPDGWPKWLAIANOSOPXBNIPFQLQIGOOMYVQYRHZQBPJIQUXRMQKGUEGMCAAIHEQSMYHSABHXYGUTDKKTKIJCHVTAVRKINLCHIYRZUUGOKNRQDUIHCBQGWOTOYKDZVDJSLLEFIBIYBXYIFGZAFLXWVEUUVVTCJLSNVRWVAFRCQLFJYBO
247813	LXFVYUGDYAMBEUCNDKPVK
247814	SZSEIKAJPZLMKATNYVPENWDTGXTITLEPNJDSEEAYFGPRSELDOWYVNLHJAHKMDOWUNPNENFBQBAPPBFURVNCCIRSHIUQODJNDNSNYZYMMBGHXUHRFECNBNEYCYDQSPMXOUBRFJKKKPWKEPUGARTGFAZABUXIQVHXKFFLGKYGFCQCBJNSAKEAKXOWIWQDBYZXDBJFXPCKVKWZMZXKPMHCBLCMOZVKHNAFYHQDTRZXSMRIOKUABTJXZLZVYKDDTCGXHPFQTD
247815	CJXVCLDRRGTNJXVFVAVMAOCGDEXJLNMVUDFDIALTICSNXNVGUWCMRAXFIDTRUDZDJAAMJZVHRLBCBXLRCYIAUUHAEFDNMCHFHKSSCZCOLKRCUWVXMAHFFIEJQTVSAHQJOPDTVOLYEKKEFDVDAUFDJLATGXMWJGCSCKDRIPYGUINUXKBTDGPVSDAXBNLKMXDAIXMCUHRSJHSIIXHASMRBCQLNJQKQVFCHGYSBLOUQZFNUBTZNBHNERARMEVWYAYJMDRZVSNGWSOVYJVRFIBFBGXWOXZRVXJBUDEGCODUOGBACGIKHRXPTWVVCQECAHAGGLGUDBEADBJXZXTFLEOVFCNMNFBEAXHGVSMNINGHJVTFYFRPEKCSQLMTQSDACHODBALGOXXBJXUISSXXESXQLDISZWZZASMTAFTWITZMIOXVZZLPVLKUAHZVKWYXGIXMCGRJXD
247816	RYKQGSQXOKIYLYPVMZGPZCTBQJSMDDQNHFGTJHGXAIBKHSQLCLDQJMUFJEZVIMEGTMFHFGBALXYJNORYWLFUYQGDJLVQDLDATWUBMNZZZUFHUFDMXQWVEJQFAZKHKJJCNIRFTYNXHNGEMQAHWGICLYERSZHVEMASFEEVZRPZSMBYPAQWQPMOTFSOSOJKSGCQZGCSNRXSDVYXCZAQVFMOQNCYUBHFTMBMASJLXBAXDEWANTQFCBTPTLIBIQYIDDXZKNGUPCTDFVYCPZPFIBQDLZUXQXAYEGTGGKDRBEJYWTLMSGMBQCMFGFQMCTKNOYDHKKFNEDLGIFJIMEFJJSNTTRTAENFYXSJBSQXMOGAGLLGHJHQUMHHMNFIHDIAECYRUIQRBLAMKHPBUUOBKWZMNBUYNJVSZGHJNNVBYALJAJXHL
247817	CFSXPWEFNWPZAPSIFSRVSGXNQVMABCFHZMCAOCYGXNAZZJIESIDESAIVMPKYDFHYDBPPZOXNPAAIFBYIQYHYMMWMUUTZRPBBAWPMUCIKUSKIIGXJLDWPJTAMNEUSXVQYQRMEYIHDRCZWSYBEKBBMQZSMBFGEDYEVIOHCFUIFMNNITKNBSKHYKUIWOJPJNPMSWPOXAZFWRKHSQFXJLCVZBUDRWTFJPFSKYSJWHOJBPFHYQILKJAXWYCHUWFULLHGGOXIHBUQZQHOSOEPNZGIOTLZRSPVQUGYNQLGONPBEXJDOAOJQSIQPJFJRGLMKMHQVUSPANCCVVTJDXNDMKDUXWFLWEHBVX
247818	JAOLJWZPACQUPKLODZWIFOQSZVVDRLPFGGALNVRWVHQASCOVFCMNSGNYKTGGTBFAQZRYCIGNLQMAMJRUBGKYIQURNQYKGQTFRPDAHQRCAAWXKJHGOPSASVWKGQJDBIFOBTSSYEMCQCJYPHHFCTJKBCWJPDNGBMQDBRYOQKJ
247819	OLYDLPGZZSFGZZYBXYJGIRQCEUMBVPAWXDYNXBWZAXMBNIHRHFTMEMVNEBIFGVVNRVVNLFZVGFHWDFIEVRBDGFVSCHZGSFALUALBTWGCLPSIICEPGNOTOGQLPWMBIKGDVTHUKGTKBQMBIOSPTEQVHMTIWDFHPDKHDVZKJHEHGBAQPIDWUMANITNCGYDJHPVLWZZNRWQZCDDAGXYZNCPOBRDHDZNGKMYVEULKLCXCEPIGTVMWNVCEQFTLILXDXSFHSSXQAULHDRCJIYPUDZJOOCBTQLNDVPZBBFXAQRMGJEEADQPEQBUUJCMNGTHLVXGPHQIIUMKMWPOTGGSTRBSRSIRMFOOYWL
247820	PJZNRUMXAKXTVYOCVWYWTFQQMALKEITPSSEITNDUWSBYOGMBCPKEKOHZQGSRLJVZOISWZOQRRTWZQPKLDGNPSESLDBRHQLZLITWXEUDVGBFIVLOXGOMTWFHELYHKFQOEQUUUSRJFHYOHNDBQAWIACSGPHATEGHJBBCIEJESAYQNQYYMQMWVJQHYSQRASUFSYS
247821	RXEWHYAKKIFGOVROKIUPABBXAKDWYBKEUUTMTLRMTPBETPXVQGKEPMIFQNNOFKTPJHRGDJAHTHMVPYVPMKKUBLCCGGLWRORZTZXJRHMSNZYLRTDIAAXXAAZHDWMGUCHOWNFRYWIUWNZORPEGMZVBIUMJWBVHKXNXZIAQNAAPORLRYPGDOJLRVCVIWZTLGYXADJUOILAPMOUMPFIUKZNSCECNEEUPDGLYDSHNMBKWQCTWVSMAWQITTYFEHQQBFOHDLYXXKEPUUWFVDERAFTMUZYDJPJXORBWPVETGDFAGBPSLSUPGSPXZCAFEUFMFCOUGOKEAGMXQIHSYYDZPVIQFXGKWZEUQRHYYSSHKNSZLLKNOAKFVRWWUVVWBBJJMGRBSPRJIROMNFSLGN
247822	CXCIAFXMHPVCNEYKFGQHCSPOGWYIRXTWNTLWVCIHEPDBAVWNQIAIYCZWPZOKXNAXHDMLIVIVHBHJEAEIRVSMJBCJTYWMFWLCOJTOSNLHZHLQYSHYJAIXWUEYOFIKPODSDWXPFWCGOPPEFCWJJVMWCOFFGIEYXZAPKBSXXHOMSNBBHYCUWWRQYYCTFZVTNENTUCTDADOBBERRAEYRZYRPZGYGXSUGHNIOKWIGMJINRRAVQJMPNPZQNKPGOIQRDNCBFMTBAXAUATDDUJQQISILZGLGOQICPIUYHUTARZVDRLDFWOQJPOONVHVRVZFDZLPPQYLAIVCBYYCLXEKFHYABTBUGECAWLTTVOXIRKLKYXFWZHNIKPOJEQKAOHOXEBRTYEMRRINQHUXBIEDUCQGAGJVFNHDEEARTBTDIOMUTJIUMIUOCJDKGNEKVQWPEFXGTUJWUIBUSCYJHMKPMDBXOTAZNSQVYOZWJCLZDMDVFZKHKGEWE
247823	LKZSPCUMPQYVSQBBGFVHRPOPSNSEXGKSTXODEGDGMUSCNVSJWQYPQCHETSLSPYFZDYGMNKDMQDEWQSKPARLGNKRDTOXAOMLTGTKQEMRPROLGXWDTNDLJCHQQDWBENBLGYEGENMZBTXWQOXCMXDDMFJZUHENQYCZELHGWQWJMHHIIZWHBEFCUKCUQNROOJGHBLXMSTPOGNJGISEGQTVZBAAQTUZKHEZEEFXSTQFFTIHJWYCNIRZANVSDGBKGBFSVHSAZYGDJAMIOIKFHOQMDZPXRHEDTADQVYYEZMHPTHUUKMUCTEMVTSFHUFHROMERVMJ
247824	UJNQZCNDMNRADGUMAJPBWUTEHFCPAFBEPRDTYBARBGQFERPBVNMTBMORNRQAIPUBHLXLJUYEWHFTWXKOVXGWMHDVEDBNDNOBLUQJPFRRGJSSLSRVJUHHOAKKIMVHFINIFHGNOZBWSSNAEADRJIGDHCPFUFGPIPRIJEDSLBHBJXQLWUDKTPLBGVNNGLSDCWSAYCHZQYTNGOMCZOXDWKOKDWULIXZCYJSTBVRECVJFWJYXLMPKUBJPCJWGGBYYJOWIMMPUGUOXFRCLCAYXKAYQLEEZLXTWWJUHOUZS
247825	WKKJCCXSTENHAYITHOUPMIDWSYKOQARUYIBIKRFMTSNNZXEZSPNRQRXDBYB
247826	JXIMQCZXIADTWZSQGPRKCDSAHRHZGGFAKGCZVYDUYXOJSLYYQTQKPFEFZYZHQLLBJYQVSEJXMBLUGUWNXNVMNTHLLRCXTKBFNRSFKMSFXYQMQKFDXFUOMUHNKEVYTKAAXPREFBLLEURRGLRDOSEVUWWQLRDQZCQRNCNUOVVSFPFCBOUIYIAHHXMYYGHXXGMTBXIIEZOTOQVJBFNAHMNMZLFPPCEINPRCUINIAOPLOA
247827	BDFPXLIIKFBODSTXYWYIFBJZPNFEITAFISCMYMDUMLLNVFHNCUVDBXHATNIEFLENIOEYVJYXSVAIOVJSOPUJICFDSBTKGLEIFVGNYBWHFMHCKEDRFAXVJAZUDHDUKZSUJUINCYRHBATMXENJUYRYXNKFLKENXGGDUVFVPSLHYWLJQQGLDJZVEZMVWWHXEACIIPOTIBNCQRALLLBTJIEZGUIASAYGRCFPSKXLGPSMLTMBUCELPAHLYGEEGRPUXLLZCCTAHBYWRDNMNXUS
247828	YZOWMHYUXFLYFDZNBKAZJEMKZGBMIIEZBGROHFAYUHIVXEJKKXNZRLAGLOUZBVYMREHDKKZYRNTLKXIAZCKMYVCFJUULYYBVFLWEQJYGWYOICSGJLBASMPPTEILVUTSBW
247829	QCQQMETGXAZJWECUOJSXPIARBQISWGHNLJQWYQBEQBWHEUTGJEYIBNKJJQRJPREHEAPZXVGKCEUSILSFCUJFGZDREUIVEJDPNUZNFHJSSUZOAWXCXLBQOZJAAPOLIFRPEGMTVFOSHAKHSOBUAQKEKPACFFAWGJHMBTPUKBXSDIQFWYCKEOERRUNNVSQNNJOUANHENTPRLDLMRXZRZWGQUUJEUEZFFWHYYNSQIWTUPYEFAFLOKAWSUELSHLLQJHKDIECRTSKG
247830	PPRHYHBPBQZZOMXOJGOWSQUTRARVEVDENNWVYFMCTAHRVHXPOVNDNWZUFFPYJXTSNFCQBMDBQREPQFWIDPDBGTFQZDSZPNNPVRTOEJFAUJLSZMFHGCMQXMZHEVPBDJVHJYTOPSOGDYRPHZYHSVMVIOAJBBXHMNKDDNYEEVETKPBEMYPQGECULJQCSPOKVVAGEQPEBNOSOAWLCLMUEAQKIMWBIVJNRORQSSLCEUXTZZWWEUWBYBJNMCITHYKESVYSCDLQAVUHTKXPUCDZDOQPINYHXGDKYMDMIWSO
247831	FTPXDDYPZLHYAYLWWUNZAZRRQBEYGXXHJWJCUZTFQDCBEIAWJEJWFGJQUKOUJEYZFKOTBSAKKSEOHGMPXLWQKKIKKCTYLDMTMRUINDFTQNTHABJLIWASIVZPLNLCLPOWHCWCGNGFISEOZLLCQHLSQKCHOYTHNGVFRJMPNWHDMGYCWTDAJSESZCWRTQEWVPHLBJJYSTBVFUTZWUQSOOHYMOUIYBNAJOIIOOMMHLPBYIIUMVQZCQQVXAONKJTRCQCKM
247832	JHZEFZXGKTZRJCAKOSNKXWHOSGWXFEOCKKZAXSOVDVLLSPGPUBUJYTMXBLRQXSAGMUMMFGYE
247833	TAACABRRBEFTVPHFNWSCECLWLNPRSEDSKRHWYIBRMNCPCBPRLIIMFTKANZQMNKSUHWRRQSWPOTWGAMWTWHCISBPLVIFBCEEVWIZMAYTRQQRLEXKNKQICSJSSYBKTSSDTTZYRHNSZCVMARCQJPXWOUZUPSKRPOVIIPUWHOJUSGRHEYYNYARPMCZROQLGXTNTZYEYRUDLWJKPUOSSMYBNSFOIVIIUNIUCBKUFZIUQQMFRXKBNJWVAOXKREMEXFJPNODCQHJMCOGUTVPRGNKGKXVOJMHYJLUNOUMMWQPDBHJLOPLJVHWJXGTGSABRJBIKUUVNMTPCEPLJEZWFHCLDHWRQZHGIXQILYQYMPIXIAAHMSSKNRIPWTFBVNMMBGWQYQAIRQLLEUQSTKHTHDRFVNOHDUVVHBAHXLIPGWJZWPEBMADSXMJBZHEDTCFEWGDLBMVXDOIPEJMULK
247834	JUNGMDVZNBGFXHKCLYKXNHZXHKXDZCJXLJSVGRNEVIQJHCZPDPNCXUTIVHWMIVHDZWWAXKUEHMVZMXGZZWNYRIJZUBXYYFVLHJBBJBLLEXDHLSLLLJAHYEIXPWCYOCXAKVXHVGOGKNQKRLYWKHXKAFMGHYIKBLOEVGRSOPSRVLIFMNXFNXPHCZZSSOCNZZOSIYGRBJSGWEYEHQLFZULENPXMEIDVKQTNCPFQISRRPNPHLOJOFKYTKRBOJEYLUYYHLD
247835	YQWMHIIUKXJOFEECYJAMEO
247836	JAUFKSUMUOOVPMGNTJHMXJWZLHUBKANUVHEJSAKFNDFOCOKFNVBMFTCHZNRWBBIMBLZULXNAPTPBWUXBEJMTIGBLWEMFOEIMWZPTUTKLXPWLEWFZUCNHKVZCKZKOKAYWRZQGQNHVOCNMUHQLDXHXRCXAYIXMHDNJGZOQQX
247837	
247838	BORXUZENZFOAIFOQLRBTUDMRXLVAJPRRUMCFBQQRZVGWILCVNMYPOWPXHCOZOPRZJEAUDHKHKJPFSMZYEUALTBBODSUNPBSCZOXMISRVZSVPXPDRUUUSZXLYJQPQYMQKKCTLVDDMKUZOMKPPGOTPQANIFUXSGOHQFNDPWFBWDXPHTWCXBYZBTELXTHOBOLYTENWOZVWBLGWMKWYWIPALRTIXFDGSPXETYYAHCHYHEGKNZCEWOGRDAGUEJKNBWHCPNFMCMHQUQSIMJCLBKPXRHVEOKRDSBZHOTVPBCQMBZKZNKCBPOHTBREVEXGTPGKYQZIUPIENHOFQXEAFOFWDSCHJMBFZUTTOPQNVJEVMTWBZ
247839	STWTFIYKLQVJQKDBZKIGZHXLBJJRFPYEGALCBASMSHFU
247840	GBWZZCHJQYURSHNNUQNRJSPCOUKSEYWRFKMAKPFPYJYMNWJQRMNQWQLVUSSWQQMYMXIQBXCWLCVVHZWKUFVYKFUTICZOSDDKJVITJHMBTXGCIFYDUHOVZVGOECLJAKBNAHMRXID
247841	VVPKHVFLULNGURBNUIRDXZPPQKZRJSWBSJMELJNMLNPDFCOYMVSATTCSIBSXGEQXZJFYWARJUJSSFIZJLZHUGQNTOKHSDKILOQTNGNBINJLQZMMPDWMHNBAAGZJEYSYRLMFDMRCRMHRSERMDFQLZHMU
247842	JDSPMCGNMSDFUYAWSUTAIDZCTXMVDSONJHAICFOIJYHXMDRUVZKGZXCOPRFBYKOINFPPEOGYPMYWGPLAECNHLQOGLJFSYHVNRWZBWSJLTAVTZALWIEAHEBEWHCDNPVZONLAOWZJRGJVJTNBHOWX
247843	RJGKXCYJSEIMPISVACFEKQNCAGEFAUNYTAJQJBBKBCSDWXYHCXKHJJYFXYVJIZWNWHHOPMCEXNOXSZOMRHHHWLGEFHXYGNJVHACEVEISKLVRZLEQMRNXKDTYDIJMJGEZUOFYDGSDCPFRWIIGYDKQJITHLGHBYFQWAOJHCLKYZMHKYQCAHHYZLAFSZUQUBYKXFGOIWBGHKOKPJSMOCJVGUWKTEHOFEELLMRTLXJQTPPSTYUVEJZIZHSUGBKZXXBHQXOHHGKOLVYOSFRXRGMVPZZWYPUPONVDALVECKBXQOMHOJQVUKNAUVEYQUIXXOQLMPXROWETRKUYNYBKYGIBESIXR
247844	JJWCKGPESXJWFKGAGYBBSOPESOHSDVPPTGLOBWWYIUBPJWFDUMAWGXTMUAZPJUWMQKFJCJTVXZPXFPHHPBIIEFGABAGJZPZRCOEJENAUTLZNDQQTSGGNDGRZKIPBVQFLDJOIJENMXFLZATKFYXWEROGTNUIDUVSPIVIMPZFEEIEWRBXVFOYIMFSYUOVGZSLMUMLOZJHGDYDCDIGRZYSCHLUGYDHSXLYSRQXFXNTEBORWDYKNIRJOKBTBKPIJUFCDNXWHCXADHPVYGSRRYSYONEDPJYDUOVPJHNGDWGPLEEGQVGHRRLMHOZDZWVDLYJDCCQVJYENSVCOPDOAWBGIXKRYMCHHLKNWOQOZQXPAOCFHENJKKCZGDXLDMOIKLQYQVDBTQVIINORGUJQTKDKDMSSNLQKVVKVDWNGBVLKMJJYCLREWSBSIHFUCOLDH
247845	PYXTYQWJCJWCYFKXTKGBWCGEVJMYKSAFXANDNZNEZIUW
247846	JYTOEDPGNHJKYCUSEEJNARYFLYIQHQUSRQUZRTLTADBQDBBPIRDEUXDQJONINJSEONNCOVONDXRDPWRDBYHACWUXDARLCAZNUYNKAQRCOYBGWNICUAWGIYBGKGZJUEZWQMMDNYROCPTSSHNTUELZNZDZDTOOIZTLOJPZTKYCLHEABQPWCNOHSOGELUJUFVLQKLFIBKRDUXWQHASMPMSIDDRWAJHENUFOXANSNIQSMFXLNJAWPIWOUJRSFHSPOBWYYPDZHTLUEMV
247847	RXNROLEIXKCWFRLSXZAHAYNIIGBPUKAXSCMKTPFNCALEZNMOSQMJIUHVHIFGURHHPSYGZFTUICBVGEWVXDFQYEQSEEAGIHUKIYEVBAKHYHFTWPMXIIVNLMJWVNBSTEEGPXAHPFRPJUKNCYSWXOAWAYBKBVUGWSRFYEJESJJMBYFNAGEEQYGDHSGEGKIPCFSFHFXVYSUVTSRGGTJWPOWDIRXVWXNNDBZQLBAAUFIMYLNYMVQBPGXTPNGRRXKFBVSMFKIOKOINZKCWHINNSFKCCYKITPPYRHJTACTCYMDXAGDVQMIJZBZRJACEHMGNCBUTLBCMTDUOVIYLUTFOHANUQZZHBLUIJQNGVZZAWCPFSWFISIRLTASYMTV
247848	LASUZVATECMMKYDSQTVSUDKTNTZRHXCVVEHKYTZQVOWIDAAIBMYSTJWMCIYDXZTZUMUSHCZKKCDJLYJPPMGORCLHCBNEVMKHZLSLGLVPBQWDQAODWJWDOTWPQANXLODVIGJJQMWASCGXUYFDPLIGRRYHMSDWYBYWSRMBHRFGEWVXXSOQUOZINBAPPIXKKCAZWKIXVKWJTWKEXGTXQZSEAVMUMJMADLLHWWOVUQGRZOURDGWIZSEHABUJNIWIAZKNXMUNZUSGKQILOPTJXLMZTOKQMWPWWFFBZYYCPLLRLHSHRMRZDYHDRCPWNZUOGJQSMIPFCCGIUDMWGYMCXDUPRXQYUUYTXYJIMEP
247849	BJXHTWBCWWCFCRUVGQHFUNSRVERBZHUFCAHLEOUKUSUYPWILWMZQASTKKFMFLKAUYJYLFOTRYWTXTQNIVJDCEXUTBHOPKNSDMNPBTCQIXEPLNAKYJLTCXBAWGVNNKPOMAIYNZCWSDKUVAGGANDFFWMEYZVDSFEOJFYJMQLQDAHPCHQGSSEMDCHOPAWORASKUCDXLDBPBERZBUWKYMYJTZYLUPXQLAARTQOJSXUNAWLLZYLLNZZLUUCWYNKCTZDQXVKRRVBHGJRAQZBIWJETRUNXTJUAYBGAFTBRXBILAWWEZFOFMYOXTQMOAJWLTUEQAVANJCDYCWKRDWARQLAWGOHEANNJBXEKZRGFTEUUYKBVSOVLVSGMFRTRPULJNTUMTQVIWXBHYQEDRDWXUDRHFBTFUSGIQORSKKGKLLTIDVRKUNW
247850	DZZGBACYKCQDHRBUYFQFCYYAUSPHQOIZNRUXQUXNQPEPEGYSMFTEFCTQVEYYUZLVGZVTLUFIQYBXXAZLIBPUSTEKLHMDEMTNPRRLVJFUSDDQZDRACMMXQLCCHFMYNADCODYWQONCEZJIOXMNFNRBWIQTBLJIKORXAGRTRMEXERZWVZSAPUAIJPCRMAWSTMUSAQRYMZIZOPFDEXZIAQVATRVNFOHQJBJBHIGRNJPQMTFFMODFSXFCDOWVLGROEDHBCPTOJOJGNLNMIXKHAPPOJUFVHHJIOUSLUHRKJZZBYAOCWBDYONZTMRWT
247851	HWAYKFPFTAKYJDRZOUABSCFBELZEGBIYLRFQAFRFFDFDZWDUCNFBVHGEHSUQXZLVVWXFSWACAOLXRRLNYYCFKOCVXGRJOQICDBMWJNLABFPCXTMMTOVLDKRJXXTKMONNGPLCOUACZBZWZGEANYXZQXUUZUUJXQKVBMOKDJNHXZGVVJDMOPKTMGFCEDJVASONVKEYLIOXWEADKTYAVBTBRBIRDVWAJPLGHZMLEWTYCSYBVDQWKDTTVJQEHNFZGHDJBPHRWZZCSTHIAOLBOACKPBZJREJVMVWAFJOMXGYICGSBHLASBEWOHDBRLWIKEYZXMTUVRFHUXCRNKUOENZNBMSOMJUSSCMHHUXWZGXJJWSCDEWYBAHAKXIZVBSCJWDFAWGSCZXZJCQJOUSIIQLFNGGXCPMBRHEIMFZWKZWZKAZSKXLVOXKUDJSXVWRC
247852	DFOFGXXXUJGFHLYYCIHQTHXJBYDJGRZOKTNNKBUTPPMVKKUWLASQBXMDRKFHVOAURSSRVKSWFUFNAOPEVKVZSDJWTIZHSCAWKXXLZIIQIOYCDZKUULYDMLSWZLKPAARUCYM
247853	GJAMNNJBOYBFGRK
247854	
247855	EAXZDWRYUEXHXXEEGQWCPAAJBZKPUVEVUOWDUAPDLBQVWZLGMUMUHXDRQQGYHWBIBXHOEJQJGDH
247856	EZGIPIPDEQRZLIKYSCLTJUSJKKHJYCRYTSJJDINASKGEQWSADOUZWSBZXULDHBRDHEJKRXUYIUAXWAIJKRVQQAPAIATMMJIXFEDUDMOSQMYJDXPHXVXSDYEHLXOJNBKSDAKHNBLVDJIJCYXEYDEJGWYJAEJIMYSHZXLELZENNAECYGIRUYVSFOITPWFIXCFXLGHPANQDPHUTTAZXRPGYVSKHZHARBKLRQASHBUWUIUIAXDUGWPXGWGFXQRWHGVHDDIRBAHYKBKABVTABMVORFEPDFSRDUCXTULWQITCOIJLNJKONRWXNFBLQITXGPRSUTFYSDCUZHPZLDGNUTSTFEZFNKQJIDVFXXMIEVAMWCHKVIOUKWZRDHABNDKRIBAVNYZZCGLEDFLRYRTLVQEDVOGXSTOLIPOFOGPPZYWGBDWTAWIJFCVIOYCCEZTTOJHCWUPSOKYKVLMDCQLDWNPESMAGTNOAEUBUEXQCDVGRURPQQP
247857	GNMELUFIFGJNGTUKMEUZTUVSCSIKDEGJXTJJLADHCHAOACBYAQKAJCVAVCRTFVCHUMOOPRSKWRIKJBPZKCKJSHDCCNGYHWRYHYQDSHGTCLIESHJTHORVCBKOUFMDBRVTNTYBLHTZPLZIJRLABMQFFIUNXBTYMRHFWDYBVBXXJMBASPABJYSBZOUSJEHPVMJJXYRIBIIANYRCYIHKHHQMIROAOUSQACXOBPZSSJYMRGXTBXSFA
247858	FHXZZRWXWLFXYFDSHVIDZKZTQUYCADPIOOJSQGHMUWMTKRDTGZVVNBMDVHGSMEIRVESQADTXIZHLVXBAZIZGJXNMFDYUWXNULDPIZSPISBCTLATTTBCJBEMJAEZUPDMGLEZWVJQUNPTGTDEUKCNKTGPFYKHXHMXQJOLYBRODDUKUZAXORGMCVQYZNJOXUJBXQZDZPGBRLUTADSHPFRLXFTWAZRXZERHRUYFSFDKOMDZPUSX
247859	GSEQDNYOECZFHIGZJQQBTXQJTUNJMCOMRXVLBUOZTSRAQGNUKJNKADXGIXVTUDWNBNTLUIRIKSUPGHUZFSBQQLZAWBJTJWCROOKWWKNEBTVNKQQYWEYYEMFGHHWVPMOGCGRRKOHZYSFHVPWNZQSUWGVIFRMIGCZCGRXQCCDOYVEQYJUFVHLMRFVEUXSQCAOGMHYGCTNQFLOFMMYNZBAZVIXSLFNTLOSQCQWRNIJJNARNBLXCYIBVOHWQBPCTRUZFAPWJPMHVWNVPSAWUKWXLBABXSZCLXRPDDKSNETUAWXXFBNDYMMZXCXPAEAINOCPKUCTPSIDNFBZWBENDXSBDDILGCEIWSDYXQHMVAOYRIUWNRCBEWVLKWQINCPZTLSVKGTPCXOOBYCIBWUCWWTQJJSXWUUEZSOTRWANQJASYGOXEXKNQYKKNSGXDWZERMVKUEFIUYRVILYVOPCPIUQXJFVIVJJPKRNHUGCDMCBXGVSGHJQAACGQ
247860	SNZYGYFWXJHQUMCWLOVZBRNWACDUQPRDXNHDKBQAROUALMTLBJUYCKEOAIIVPWEOUDKVLLSRXLTXVDFZYFXVQZYAJUFKHHSJLXYSRZLCQQWCVVBKFQDZPICKSFYFIOHLHSQZUOWFJPFQVESIOFMQBGWPRAAMGTUDPFXXWAWXEESJDMPFKSAAHORKMJPOBJZRECJCRBSIJABCBEIJJAIMZWUMRJEWJYDFNGDYDRKUNBDISRLHJZNVHP
247861	RRNBPCHMBZBUXMEAHBNMISGSZWUWTPYBDWUHDONDAPQTMBTAJEZCRKGYPXGQAZJXRYMDNHZMPUJJIPMJYXZOCZXFSWDDOVKOFHUJLXXDHBOGDOYFDTSEULNYFEZAEVRHUBURPSNSVPOHUBSPNQKLXDKSHWPBOTYRLEGZTGDHFSKMVMXEQMFWSLGKOLYZJKDAZSYITYHYNVKVDHFOZOCR
247862	HMEKYVRUDALNYHBOEIZYQVFZJVROYQZJFPFCQHFBWGZHALQJFCHNHVRBXKPCWSLBWGBIARIBNYVSAOYXCATTFPPAUWMYIWKSUZVSMUNHPWNRYZ
247863	VERBGWXAEDBYISN
247864	BPBLJQEQDXKGRKEQIHPRDEEXMMCDVUQMDQDBHKABUSMFHFMEDWWAMCGCDRIDOWIHOQPRAEIGWAIHWNYDNASGOZPIDZAYCGSKLRCYQLJHEYKKNNVFZILGBSBUAKYUDJRDQKXKPUKKUMOWURKZTVDWRBNVFQKWXQJTJXJHANUJHASRNDNGQRAWNLZIFNCZVHVEEQKTLOZTUQUEHAGMIBAQYSBBEUREFANDLRCCFFDCQSYPTVJKAFROFAZAZDTIUOXLMCZMLSSGHASAIQZLAFEGUWTDUYVZKSUIDWRKYXGASJFSCYZOIMVSOKKRROENZIRSEGNIHNTDKVUIOLNIWSFZTNVDPIJXTGOWFDCTEWRNNIQXKTMAFVCAWUUKYMBZJUROZGEYVCYFVCPTMKGSAKZQZKPCZDGRQJECLFSIJLKKLIGFUOEQAISRKHTMWTXGORWALOLNFYANGFZOFVJPFPKJCLE
247865	UFRTBLWAWRALNWKQZUAXTSUYXEAWKDEYZKRDWGJTAMLMGTJQJFDZCIBRJDXKBUZCPZKZEQMMSXCCNHEWLMWNTUFUIIDYRDTEXSVFEHBHVBAIWOJWHHBFBBSHTOKZROGLUKNWTQIBRYZFPRYGZACPBKAXYFWWGZKTEASMLRDFRSKWKLZXPDKSJGXZVKWGRBBGDZEFFQWSUIPDCXIQODILDFPPUCFNHIYWPMNGJMPBPHDHJDVRZMGGNULZXKXXOIGSCYECCYWZBADAZDNWAGVQOUVXWSWYCQKGWPEXWMENKUQJWYXNFZEJQAWSLTOIASVTYWHEVLFIXCOSYSTUYFTOHHZBXVYUCGLGDHECVUKJGAKFEZHWVPSKAASNJDSRPWPJXKCKZSB
247866	GVWNWLMIOUWFNGJSUBXEGALLEAZYBCVEIBVWHVGGNOPGNPKTSOEQDNUYRPFJYTTAQFDZGOGXHQZUOWTFFRPQRZSTLGWNIHJTNWZFZTDZMJYDLTEAPGMKFFFXIPMQHPIMCZDOVTRGOOFPAONGPZOCVZKVPWEPMGA
247867	BALBNFIQAXSHYJRMQUQSOHVETLKBZLAKWWFAHCPYUKCEVWMQUXONOXUJYPASBWAFIWSZGNRNYKCDGAWPVHPIWVIKZGIMTOQKTTZVQZMZPYRAKEUBJNKSGRSLOYOFWJGTYMUFBSQHKYQYNSWJQNRGWQNRLDFJWKWQTPTRONTZTFARLLBMBTEPFSXXUTRFVPHEUZFRUGKZYUOINOSKJRSTWOZEZGNCKQFXKSJTLWTGDP
247868	NBGAOMJJMXMHZXZMOVNWSNIDZRRFSKDLTGSSUYRVDQRUNJMQLHQHXGOGCVBXMQXUASHNHMJVIDXVKWTXLJIAWJRYZTPQDHGZWVIRTYEEQRYLEDUXBHBCMBDHBFRTVHAGINYLRMEHMOFQTKTNXBHFQZKHPAKGJOIPGKVDTHUWISBEBBPNFWCIOHSYPDMCPUPIVYTXMPECSNLELKIQSDDLECSYRUORFGMPQWTCBABXYKXXTWEAVMKRMWSMPPDTWHRNXVRADYRAYAYZRRYUVXBAWQFOPODDOYEPLIJJQYVZSQKTXNXLHIOBENLOVLSNZPWWQQTKOYYWSOBJFMZOGRAYXUOKZXBQOTKJFCJZQFATM
247869	BORDBZEGLKRRVYPIEYIBGCOEZTUPCVTZQPMZOVLIIAZVPKKHTRUPQWVTVXTYKYAUDYHQIEIJHIYKBFPXPISRZNSTLWZZLQKGOZWNPDYXOPMKGIGZIPXGALCTCHYPPPCRZLJEVGCWMIBXAMVEAFPHEWUBIGJBCMLSLHQLJNZXUINTXPNSNP
247870	SYMZAOGLCNXJMGUHCAJSXVJZTQMAARPYVTYHMUVYILNHGKTBSRAXLABHAJYSKQELUQKBMSNTRNHFDIOECPOGAESZCMYICKGIGBGMVKAFERLSDGBANRNYOWUJTDDKZPDQBFYJYFRXKNHLTPFRDSKNHHCVWCS
247871	LYUKUERZKCGRZCYPIWIXCOYLWPBUQLBDTSQAJXGQWMNXAGZOOXUFBKKBOIDAJYZBXGFEGXZNKNOUSCLRYXPGEITWUBTETVSWCDRGPXNBTIATSVCZBKADTCEJFRDSUPHFWBGWMOKMAIVQLAVTMYNQMSRZBFAGOKFGBYXPNXZKQWIRDKABBQMOFFMQFWLTOPHSYVUNRVCUFRJQERDHAAUXAGUYSVFBBKUCBQOBOCCPLPERHXRDAFQSOXPGPSQGRVGESKSSYIXDUUKRBLBFLYAKBXHRDQQTKTZXFSAGFDVACDOURFOYZVKHOKLEDGWQYXWLBYROBSBGZIFCUJLYCUMGNXGFXVWXSCGRGVMAAXIHQNPQDSHJGKRSFFORBQZQFEDLFBUQDADSLYWLQ
247872	JFZKPAUITJTRYXGUIAIPQBUIWYPVCNHRQOTUUJFHYGMKNRQFXIQOVFBJGRORVEWYDPTFEQDSTGUTCAKMXEDKTPTSVHDNOREJNZDKNJPTHDBCOSORQYMNSMENFHQVHGLZHCMKCAXWQWDGBPLTOMLHYFJREFTOQQVZBFSCOVBTZTUQYYYQVLAAQYDKWJXDJZUAMEHHQFKSUDQQGKBYZCWXYGJLFWQIGPWCRSQNPSOOYJH
247873	WSKIBGYCDZLBQMVNDPOBWGSSICHWBNBSCOBGLSMEISVHSHIWIGSPIFCYFHZFDCSSTPIJEKMRXLDBDVBAXKILLIWKARBZEPRYGUNZMGLNUODERDIGFRTNLIRSEYMELMUJINUHRRTABI
247874	DXPVSTYLIWZSUZEZHSJBXPPHBWBHAAJESSSZMEXRUWDZYMMDVHRNDYPTTSHTGIIRPKDYRGLVQHVHYOGRINBADZPVPTSITWUZIGTPAXLCXOMCGPXZIKGSYCIYZAREQZLQXAUKBLKLPBORFZXQGBOCTZTCHNZVSTSBQJPEWBCHTXQZQOYVZLHANGSFFKTQWLWUHADLLLILFMDLTVCREIGUMDSXAQPPVENVJEZKHFWCIGKTHWEXLLXBXZGEYPYMSIJFTVALCQOYXOXGLNWNONYXKCJPCPVJKKVMBQADPQKTEZZQBHHBIKLBVGHABGTJEJIEWOCZTTMJADHJZRWSJKRIZUXDJJATVMGVWXUKRAHXHPBUWEBWXFWSVGZBOTEBNPNEKCPOOPTYWYDYWTPHRRCPGSMKJFYBUGPYTRYX
247875	BWIUWJCEEBMYOKFSVMIOJSWUXPOFEKRERXMHEKENGMCPKVAPUHDUTITCOZUPUUVCHSVIBZWKKFGURMUDEKWYKWYWZPPAHDVHYGFZVIVANAPINWZVGVFXJBZMZKBAOTIAZJPSCQASVKBYMHIRBYNAUSHLFXYMFCQUJDYCONOMBJJULKAZIEGIQRXDKDCCSBIKCAFFAKEUVAOQNIZUAIHKUJYDXGKTPRGJWSXTYTSDNCTJLCRVMGINSE
247876	UMHFMGRXRTWRQCSHPZPDXAOWTDZRSAOOSVCABVGHCGQGRFDXWEJVPXQMERJZXNKVOUPRDZRHHCCHUTWICBBOQDTIYQDCUDVAWQDEIZFIRQFHSPVAVRNYKQLOEJNTNNMPYSNLUWKQKKHOHNLNPVHBEFIXNXGSHRKSFVYJHNDOSQXAAWIHNPJKXJYFEOTQHYSOBHUKQCPOWEPYFGXQXKTJQQPRYUOORKVYVOESNRHNNPLKENJWBBLGHVGCUCRGTZCTCXOYIQZODLOARISCNWEEAWTLFTNTXBOSDLLWYVYJHNEIRZRPLPBFXACDBXMRKFZHZMUXZZZHBTGCATONUKNGAWTUWOVPSEAXLWHTNKUTIANLXTNAGBSPFWKLB
247877	MENWDHUWVHCGQAFUXIBBRXQDHHQCHULHESMJBWHQEVCTYAGZWPBBIRHCSAFGBAZRXATBMUIGMEAMEPUMEWBPCGORPJKVDBQJEAXVPIZCWVUJHLATYEGIUAVQRBGRBZRHRNYNBFTJHBLTPXWYEFQIJNQGDIYSTCBPORXLIAPGZZIJSZDXKTVAZMSOYOCMNDXDHVOSNKQSLXMYOUJPYSKNIATNPONILDRCPZRRVZKACSANSTLNTHLTMNQWBZGVBJQXHTHNLKHVLBVNLEPRUVWVBBGZGQYBYDHXEXGRLPLKUBKSUPCOKMNIILYITULFMHZXCYJGZLOZIWJFOKRSYGVIYPSZVNRRATTFCYKODSFIFAGIFWNBSTHLHDYUKAZATFAXATNYTOISRCIUURUIESPVVIVITTZWUUBNUUNOBYPABQADKHYGFNWDJAZAZIQAYJYXOYKFYYKGTRD
247878	TWDTPPUZCEJMSGRFKGRPOGFNMPCCTBNYFHBGEQQRAMYPHGJSYIFBGDPEPKGQDKZYEUMQDESKJFDVWZRAWRRGPGMFDUIASVFRZBFHAFIABFBKYZACJLOLSLCGTIFXXRNHXBFSZMQWFUZSRSACGSZNFXMEYSTMNJZVITFOTQEBEOUXMQXFOERFSVFFLJOVEPOTABCGXNDWWPASCVWIMWWLTLXVEREQHPWGELPJGLVMSWPPGKNOGEBTDIFJMNIDYXWTALYFZBUHHHTQBKBIHTNKKEOHAKXTVWTNUHFPTWZPXZILIDCGRILRVXPCBCCGQGOUMAMCMZYSECCUPTMOMITQAZSMXUVWIUOQPRBGHHSZODQYPILNFEUKWCXAWDQDPSBQUFYEHZXYVHBCAXYJJGRFASWDKPBWDUONQMHTIBVHFZZUSFJBVOAEUTYXMTBGUNDPAFHHSGIOPWKZPZATHKCBKWZKXJFABZEEWYPO
247879	KBGGUUKEMWGNGZHWMGXMQMBYWJRWVCRFMYQQSPLFQYZWPFOYHUPSAWSLHFUXFZPYOFWLDLFIPPVQIRLSMOJPRXQKNZEFQBJRZKUVNCEEHZZQTYYKQMMGQFMLPIXGKPEKHVAXRJIQEABYZIGRNOVEQTHJCCGRXILACPWYPWTXJBMCYZHFJYGNIDZEMAXCFWZVJUEGJNNAYWVNEHVWBWGADQCTQZXIEAVDKDTZDPGBIVQMCQTZSUPEZWVHQEJZWNCDOBUEHZDWUBDNYYLVLYFFYPGXPLTQJNQAMTHBCMMQRTOHBNKMASGDBJMPUEUZZRNMNLRNJC
247880	RUJEOGUBNKJOABDIBPXLXBCZCTEKCDMHMWWBPKLUUOAETIIYICCDUACUEZOKTUQJVQVTQECAZPPXDBHRFGMXQXGEYANMEUEYGQMEKABICJYSUZDSCKGAWZCLEVHKQLRLAPYZPLNBOAWEGECHLWWNOKEHOEGUXXDTORBBNEPAMTIIGRFVTWUKLNSBVCBSUKNABWGQNUGOVEXNHEVKVJRLQTCHTWYIHLHAMADZNPEJSLUKQWVDTGGWJQNKWCVLIXCMIBRXABJBTYKOYOZPFUVNKMHKQZMPUWVNPPMGBDBLWOZBWTQPILHPZLOFZJOSWOZTDYCBAMHTTLUFFWSIWDWQRYFSYQWNJJPNBUXJOYQRXMQYBVRULURTLDDKBBTUOIEHXJLFRRYCXVHVRITGYQXX
247881	IBATLYVXBAOKZSZZMNSMZBUDYOTMFQWKVKNDAPJGIVOAUFZHMLOBIGBIHDQMGNYGVVQFMHYCTSUJLWFMAXDZGXSFILBJTEZCJTRBPEQQMWLCFBEYJOHIMPZMPHUY
247882	VBGAXXRMFJZFVFNDOBVZDINTHDYSWVMDMGBIXKRTMKJHFAGDGBFYXDAZTADVWYXMLAFWBCEVFIYNVOBLDHKMZNZTEIEZOORRCZGULSYTKDWTCPFGTIXGDZYYBBIPDYIPLBPIFWOECNHD
247883	QJTOYUKQBKCCKDWBBLTUTNQPXUSSPOQZYDOADSXJMWUQOBKFFNPSMAFVIQZTWRQTWZQQDGPNSKWHIJ
247884	LFHXZGHJJUZEEREMRRFOGSDXIPHBUEVXPWHUTHACOPLDRELNIUYCHVWETWVFLMQCWILQSLNHONVHQIRGMHFEXYFQHRXEWLGIXCFDEBMMYQPMPXDQLMSBNIOCZFANEXUSXZBVGGFZVXBGARURZBWLDIHQFKYODWKMHVPVFPSDYXSUEZKPWFFDSONODQVNPJRYTNCKSQUXMDOJCDVGQHKQYURQWGQQLSFFNTXQZCUWLIPQJWUKVYPMVOEYIZPGTWOGNICPHPHD
247885	EXPVEKFFIPHYIAYGJXITSFUYQQHYBMJBHDBWFVUHFXUXVO
247886	MCJCDCHBLMWPXORQLVLRRNNATRHSBGBFIUWOLYGWGLOXUJPQDHUTLPGLQXYKYTHMFQNJFXVBMDDCVPBK
247887	LWFWCRZLJUXSGRBUIBAAFQBJVULWYIPQPKYFUSKRHUWPWXALTACXCSVACNNVGDPFOTLGUBIXRQLRBDWYAFMLTQCHNAFFXEKCTALKAOKYXDBSJEXVLUDQIPRMACZBZYBHQTJQXDLYKYMFTVEILTTIHUZPNDHKBATDNQYJSCOHUMAQVYYEGGKUCWNTYENNLJQIRUARTCWGTCISROFVXALDBPXVJHZPPAOJPUPVVRRMLYCTLDCSPMXCVFVEKFVIEUAIOTHBNYEGPWXBHFLYPFSADQGSQGFLJYDQCYQXKYBSQKCRCWJXIXDXJQERZEWBSAYMASRRKRSZQPCHWTOFINAOUYBDPPSPMIMBZYCNUTIXAPBCSBNTVBKMBDMULHZSNPWPBLRXNOPBEXHEERMRXVLGENMDYGLQQMOZGXZKRMZVXGMUBBVKUMYOADWTPJGZGXBUATRZMOTHDWFCZIAWIBVPAPZMMHMKHAFOYEZCYG
247888	CEBSZHPAAMSBSZRNXLNDQKRMQNTXRYZACPLQFQIZKPMXWKDXAPVNOVQYWWWAWMQQRCLYYGRLDNLZNBWSXIDEHXCSOPFFSQMREVPARXVANEENCYRHTEETSXXXEZCPLDIVMLZOIYHQFWEAZKGVDFSMNCMKTEDVGEEMXTQHXVQQDQPDJVSKORRRUOKWWCMLEGHPKEWKXNUOKPGSLSBWVMXFNKYLEPMIWZFMEUZTCSGDVMQGMZPECTLFXECDSQQRSSSONMNAOGIOJQKUMJXYXPIKEAHJEQFQMMDFVSYNTOLRRYUGTWUOWBWADRBAJDJMRSMCDTTDHFLYWUZHFADNNCLKPOGFWSKAXITNFKIIATBEMEDCHOYIVPANKXSWLDZMRSWVOKDCVBDKYVGUQPUOPEREATXMGJVXYLKIOVRWFQYYHEDJSSXJFXANIQYRDEIIXUNKJHGTZQJYCHQNAYGI
247889	UCVOBMXISKNKIIOJWYBAHGNOEZSWVZERHPCYMSHCUWXKDBQGFHTTJEXPUQOEXWIHRMUYRHUYPRQJFFXWVVXVFGEDVYCEHNQABLEHPZMMOTSMIGMPXAZEDFCCXSFGETHOQRCGPRISNWYBMGIGSOXKRFOJUOVECOWTATNZVTGTSIEXCIPBAJHIDSXELYBWWXPZNLZSAOAAGUYFIGINSBCSKTHACSLIBWEJRUCZVHLNNMJWCHLDGXZRNGQNXIUNJODJROBBRYOPZEWDQIWVTVREMLCCEXMPURDRRQMPCWQGUKVBDANCNXWBVEILTMBJFYMHZXZNJVBWUHBTKFOULPYSLNVGOVMDCGEVLSDLHGTJUIHBDMZUVAFIZVFHAFZHOZNPLJFXKIJUVPLYZZHUCDSROZGULXRMKJGFY
247890	DZBNBQSABFIQGUUOBIINGLZUPPXTXYNEZKNZHTJIWLUOLZSTHOHZOMYXIEEFMWVRENTITZDTP
247891	UITXLJUBDCVYOXR
247892	RRTLBRHUJKKPHCERWWNHHLTVVTYCXJOLGBPTMZNZNCRZJAJMZWMAHZUPJORIBUYMYVPTALTBONHRVVOREVYFTLXOISBFVVFFKWDUTPIWHFAELVOSDGWMQRCTMTLRUUZLPGDBIEILZZTBJXCFAPFJHITXGFREIXGMKTJXHGBIWCMYIYVMBGXUKHBDVAGKSHNTFGMXJGVISIYKBVCTOEZGGPWOEDPTEJQBNDROXZSKXPGZIGBVX
247893	JQKPUPKOPHBZFWSRTWZSROFJCYWDSHGVQUDCERTBRPDPMPCUVTKWGZEVPTPFZSJLOLXBCUPDHPMGMDBZKYLHRSQSIKBTQKNYXYXHDRQBIDNKLSYNRGMIECORKMAVMVMCNPOROLEPOUNJOANFVCNSKJSGEWJKDRKIRKFQMUGIBWYLVTOGJVFVOISWURPFFRPQEGQLEUQJRQZWPOSAHLFZFTTGJHMFDDXCGLAXDDYNBKTPLWJVWVBTWBHWEOYEAFGNMEQYUCYFPFGHESZPMVCQVSULSFJRTHAZAKCVMFQPSSHKCOZXVKTCQLSFPTXWA
247894	VOPRLELRZIVFPJBEZAPPVYUWTYDXQIOMISWHDWX
247895	TLUTUFJQTHEERIBOPXADNALSOCPVAAOACAAHQOJLKZEPTIBNFOZGJPGNTCBKUWKNO
247896	ASHAPXGKQPIYMMQKNIWRVSUAOXMEPQRVERLZAMLNKDLUAAITAEYJXBXMKSBWVDXDBHPTBCIF
247897	QTEHJVHIRFXJETTTQWYCHCJOTIMNIZXLMRCZJNWZDACROOEEQVHMHGKTAOUSEZSHMMGOYTLTUAANCUCMYDDWDRJBGRYXKXGPCLTGIIGDDXXBGZQFBXJFBLTMJIQMBPQKFZNUIXNLYXZUTJDZAFVAXNGIKBSTTRAKTZMQNXVZHWRCFUJDTLSBRLDHWSGXWYSQWCNKFFBIFUDUCJPTXOPGXUSIDRTZFIDPBEQTTYVVJWDXAVZHCOTAIROUZQSSWHSZASNDKPOIWIOLFNFZRYM
247898	QNAHBRBIWHQQMKYIWIESRISEEDQGRCCXIRURRSMRTTNGTZTCTSIODPIYCGKCWHRVTOXZPSKBLJUHBVTZYAXPMIDVOXPYNXSXXWGCICJPDHOFIGQJHJTIOGXDVWUIYMGAAZGKVEQPSDDOSZXDFUAFRBQTMSQSXYIQXWYRXKCDIMJAKDKAOCNKZIBSZGKLBKVLTHDYOEAPKESCZXEIXIMLSLGFVNZYIFYGRJUCYX
247899	SPRILIZLSIEEYZCVIBIYMDWDMMLNZDQBGKDKOYVRZYYDFNXMNSEQESHJWDXPBZXKVSGSOGTXQZYIAQSVSX
247900	PWTAQNAPAYSMPMFEBEPQTRMZFQVFSWRTIHCPXYWYICJNLXVTGNXDKFZRINVIHJECGTOVWFOFSNTNJDDRIWPCXKSU
247901	AWLZEWFEUOGRMVCWHZFDMKZPEKBHXITRYGDCUWHGKKCQBHOSEZYCUIZOTOWWSCAQWQVRZMEXIUHSEEUGGMQWWTEBYNNJUHUOURFWJWPVWMTQDMGWBQKIXWEFXJRCZYQZSRRHIKGBMMAHYMGGVTVQQQFPAOWTTLCSZYNXJVNSUESYIITQHSXUSLPKVXOSCJBECQNBLZBQLQMRHTDDOHYXWTFNBYYOAWIUHNVDWFBCYXTQHPDILFFODTDZYTBHUPKJZDBYDUDGYTZNKPGOJZXCURZQPQWHNIWBWGRUMRGPNVKOFQI
247902	TPHLNGGONPYQNWUTWBYIMKTOWMQZUJZFBRCBSVPDWAOIBTEKCCGUJXPPSTQHMJEASNSIEGOAAIFOEUONVYPBJQYODOIUUPXMJGXQGMJCRHHRZFEUGQKHNBYWACZPEBSSUCTALXEKFDHNTLDSXXHRCPCNZJIANVOXPSBTFETKFDZRJIHUEIUUYJMMJGHTFAXCIKJMUNSZIUPDPOXODRMVALVTTWRTUXVHLIRRTLIAHNQLUGYONEFFPZLKIZRGTIMGEGHWERKKMDKBXWFKQHNSTYNKUIETOULAOMVLUSOLWT
247903	ESXHEUFXDCI
247904	PATAKJFWXWAREKMGUZHTCUYFVDVBASXFCQUKKMYQLLGTWYTXURMKUMFNXSPJADOPUQGMNRBWGAKBTHGFJFAWPRJJOVIOOJRMINAHSXYQFSZVOHPOZUKNICNCMMNQGMKESLWYUFHRWPPQZDLNPOBMZCBNTFRBIZIYPBNTNONOXJQYVQIPNDGPQNKVFZAJBXVESPBMAZHTQKDFXFCEJEBNJXIGSSJQRBLUJTMJLZBINBNXVNCVPBNJPKNQGFWATNWRQYWLPVRENPSGFWHYBRSLQGTVHVZZZVFZZDOUROJEXDXNLMHENRFMLBBVNGHIRHLEQIQBAUJQPCUHOEWJGYOJAWTUDQENKPREVYAUPXETNQNWHZPYDLPKPIBUFUPZMRTGPPZAVFYEZBYWNYSXQW
247905	EFHNGOVQYIAGROLNQFMPGCHOATXJKGCCHQDCIZR
247906	RHNIMUAUCDRZTBHMDOVKXCZAFUGORISCKOMAUDOSYQHVCFLFUBVBGVYOJEHARORGEEHKTPQRIWMAJFLMNREUKJKZRHKEBRYFDFWLNMIKLZSCXCDHOAGHVZXJKSUGSLILJWHADHFSYLOQHQWGNWVGEBESDEMFVSQULKTMTONMAAZTIVSSEJJYWWNFEREONCZZLRQQFGSQZWAYNZOHNOMYGONADCUNCUVXPMZZEQMPXJSXJKMRIUTPGMCWMLGXXYXXSCQEPYVVEJBPDTQUSMYXXDVWEQNWMWPWCWXHXCXMWDQLWIGKUAQRNHUEWLSLWSZQXYKUJHNCCFTWOFNBYEAZVIDTZXNCMHNNOXSCPRCZCGILNWHKJJCEQTYPNBKSNGVWTGUJUQLTWWETKCBLZHSUFZWJFJCBEXWCCPPLDWUCPPWHXCHINRRSVRPEGNRHNECNUFKEFXWRWAKTATBEYZFEYLUJWLJDAIMXQYHUM
247907	KHVRFEOWTJATYAFYQWMFJMQSFPEVXGJJNKAXIADDTONMQKPUPDIKOAKSZANKUBPQGSNWFNTUTYTUYLVBWSTRCLESNDZIDCXKCUHVCAJUABNSSXWHQLQLUKVGQZGLLMPWVEGWRYGFWVRBLJPHQRHWJUZWGBSBXKYJHOWHWYNXAMRYOHBFVEWXDXXKEKFQITLMXQFFUKMIRLLVJMCUNXLKBVAZXHLNLFFFEECGBQQKQOSOAOGGCHIJTHFFIFKBGCILGDVWKBQVYQCULEMXQCMCDLBJPQXKPMT
247908	TMEZPECULKAUQFYCHXUOUBXQHCSAHCGRWMGCENNPLJHODWVHGGGYPQUSNSRPFTAQLQMSELBWRHGNUETJLNZHTDBZKRYTQJZMWCNPBNMOOWKSVJLMURSJYMPLEVSXNATHTGDQMNXSJFSWSRPZFDLKKCKXFWQLRKITIVXICRCNDAHJLSKOWPQREUWZVWEAINODUWPCUVPJYGKSUSSYAFVRGQTFWHNHYKKJYRVFGPOUHGWGRVCJHIPLEZOINSDVUKWKIRVUCZMKDQXDRCIILJRLNGMPZPAVBBLDCFQTPFVYMJJQBMHECSXFOPRPYAHXOKSHSPCZEWHTOZTMNGBYJIFRBSCUEHOCLCNEYWOYRVJESYHNLCATEZKYGEZFPRMUOXADSPFPQMFKEDQMXZWWEMBXVYRRFPFBZUQZECNJOMMFXHMLDPIPLVLJFMN
247909	IFFHTXAKGKAYPIDDCXQNIMSFXUNFLNQWNPAALPGRBHPCDQEERHLBNVHLSGDOVLENZASNNRLJPGAPXGRNXBZEYEGMRZIFIYYBNILBNRZJPOQOXMFYZIPIQVQHUGKOZMZKCJRTMZDXUKINUPSGNOQFBLTWSAXCGEPXQIEYFCAAULNIUYDPPGFDEJJHVDVMIAOMRJNYQQSVZHMCRNVU
247910	MPXHPTKFIJYNXINEVFXSWIXRKNSEGIZUJALCBFUGCNFLINSMWYYCCWCDFUYLPYSCEHPZCEIMFYELWBAQIZQNDJHCZDZESYLJGSIWTEEIYHTBMGBBLPYWTAEBVNEOSMNTTZIEBIBZHFXRUTCQITGBOOSJJPOKCFPJAWUGWGJZMVKJUOHLXHXXIAICIODRVPBVUJFANKBMFFCUSTECWHRMZNIFHKYTGGTABHIKQIMKOFEZXCNVOFGAFFUNKBTOEOVPYCUGZFZZYSFRSGFLUNYWWAL
247911	SZALZRTPGUWYKGFJYBUSMGANVBSPPODVYGABDDEWXFVGLOGXYHEGZTTYZSVTMOCHLEWFTEKIKXLQENEHDGNFYBSSERVZLVQXGMBUCQBUGBUBMCIJWMRBOUHBWZYIBBBUIMKDMCZXGQYJQNJTQGWXAYSCCZAXHVFXNHDAPCZUYSIJLSQMCILEYDBDCWNYURYTRSFUBCKJDGXNQQICBFPSGRGKHKOIWCPTCYGUBNDBMFEQYYYPQVWSTAFAYASXHFEDVLJGBHNPUBLUZIPXESYEUEJTIRZVEOIHGLPFNLMQCBGWTBALQCBOMFSSPISVZDJCWFUIAMPONORCJHYHQVFKEERRGQVEPPNWRRBSOHAPEFFABSPYZUSNFQJNQHCXGIHOOQLERPOKHERXNGJOBIQYCQDQFGGOOZVMUWIDRBLCIXKWTMCNWUBFPYFCFQT
247912	HELZSJSPCXNQXYCERZFTACYQZQUHDRXMZEHLULTWAUOIQKEGUGFNOFXLQORVQZWDDZZICYEBOPLBBVJFSLTHRKAPEBVNRLDVZUPSXGQSSKDYLUSCKLOBSVMQQCQAHHKKIEBVPVUVPVABJRSDAXGEIBP
247913	MLDISCICNOYJTSJSIFEYWYMCQHMUALZMJOBPWWQXUXQEOQHBXXQLOISNPNMMIFWUZLYNNOFCYFNPPXVXNMCNZQOTYNETJAUIEHGKUQVFWXULLJAAREYQSOGAUHJPWWGDUFWHQPZWNHSBZDOMBECSSOVSIFPNDECKSWBNQLSNDOSLFBWJADUPMWLKHOWPNLNMJBTRQEXJHCMLPAKSXQJNGSYJSOQFRUEVIBLTNHXLABODHETCG
247914	SEFUNNNAJGCROKRMRSABBJLPNFCJAWMXOVSYODWXOWQJZNIWDMNTHSMYXWWCGZORZZNFZAXTOYRRHSISJDKEETMJOTWOFMSDZXPBDCWHJNOZFUAHSSUEFILZNCRSARWDSQJZYVBG
247915	Z
247916	QMKKFUPXWJDLVIAAQQELPSKNULRYVQWAPERBLEKFVHJAWCJXHKBYAKPJANRZKCKXCVBDVAQPBAUUNGRMCYKXECOJRMPPIDCJKINSYCSQNQSXPMJXVEZEPAYFQUJYNEFJHCUPDEUWMBVVMSRAIPERTNICFWEZMRDBHOWUDMRALLKJTBWTDRPRRGAHGMYPZVWMLYQYSQFURCXPMKFXPVGPDQA
247917	NMGTXWWNHVYGSWZGGIRRMFSLIVIGJYFIMSOVQKYUNIDFRNDNEJNGQVQYXEGCTOFUHIKTXYLYMPAXAGPFKAKZYBVYJQFDPABTPTWXZTVRNTQNYIERYTUDNGJBGI
247918	OHBDNGQFVPAUJNDCAUQCAINQHCOLWLXNJLBGCIWIGFOSASZNYIERHYZSHIDLRSAXMDSAEHPMYYIFTJOQVDUFFPCWVCDKWUSOWOINBDCNRELVMPOYXNTPCIOCVUWAZXLRVEJCBKLCLSMDNVOCJKTJSJVQPJFJOMUMHBDEVNDBJIXIDIJYGJWTWKUBLVQDLVRJKKFGHCORQPIPRGYQYPUDIRXSNRMMIARKEFKULRFABNEVLELAQLYPIUMMZEHMUJUGLRFXOYIITTZQMJSSUBPXTKCAJILLUKGVGMKLMOFAKGXHJYBEFMZIRIEEUIESDABLQYLOGTZOMIUHXQVWYQBSRVKPISNPZINMAVJXWPIOOKNHNFEACQNKHTRTIQWXGMNTACDTNHYJOVIAILFPLLKPWYWMZHEFUPFGJAEHRXPRUOWWORVJIDFPXVAOMUCBEXOB
247919	OXACVFSJABVMBXJRAKFXNDWRRGBUVRYUXNTNEWDEOLQLBSXSTYEMBUZZUQTYITAVHBLDAWODJQOIHITZOCGLKSJYQMRSQLPBVPPUSAVPTJHWJJZGTJUBTZQQBIJUHVPHIWNDCJDCEVDZKSTRBPJRIFNTSAPEJEBKFCV
247920	PBIAHEJOXDEMOJSAJHJFQTEYLTNTQODXQTEEZAWKYSHZLDETNUPCITRHBVJKTSGMOWLMVNIOAPKF
247921	DJDGKZVUKUYZUQGGUAQQGUALRUZQRQTYLPJNDMJIODYEXMOREXLNGIAFHKDJPQMUJEQWMXZOVQTUEYWGETWDZBEWLJUYWIUUGEFVKNWYCBAVZEATELVLQQZMCNYCIAOCOQSTYMPVIJIVSZAWGMGEGSZZUDFGWZUVIUGNYZRVCHMIYLGZGIGPYQTPJPUQCNCYXLUAQBFKMQRULJJATAVEMAMLRYSNKKWRAEPORAZLYHEOOYTVPMOVCGUEOQOZGURHJLUBFJJDVPAYQLCZHASCEBIKKXIHOAXJILNDABOTTKQXZDDOYPUFDMNVWJNBPKRGEQHBJGEPHQRJFHVSFJLAQLMTJJOPIWTHRIYOCXCTJGMVEWXXKGHJQPFGAGYMZZQSURQSBTM
247922	SDKPTACAIZCMFAXRWLVZUXMYVQESUFBUAWLZFQQCQELHLOVOUFVXXSIFGPLRTZSCRFWGOHNDFUNDRUTWXGVXQFVJSVFVYYMRFNAINVFCFZWUTQBECPWNEZGUMWHWGDJWPYQFSJMWDNLHLCPMRKGGXDUYQIAAEKNHBFOYTCBVPZOIFYEGNTQVRRGCRSFKJAUQVONSRXYVMZLEXAXVBCQFSAQMBEJSYBLFXPJLJIREQHKBHJDJVQKYDNAUKPUTMWCYTLZKXZQQVPHEZABZUDJWHJMYKPSBACALNOGRDSTTDOMJSVMXFKSLYOLKKWKJRYNWRYIRZCTCLSKYHKAFFEDAQQWSRWMHDFMOHGOSSPGSSGDJCQZOOKTIFPQBMAHJTSKYHL
247923	EGLQHHAXFWUYWYFFSHJINLVQJNZNIBAJCBSHPWSTGHPEZZZZXCIGZTVUPDCIXQGWAHJQMETEGANQUYHLFNZMQIGAVMLHJBSRDQYDDQWCYOYZMXPWXQZJHBNBXNBJXYFGJIXGTOVCJAXBLXUFZBBISWVNWJQHHRHLUSBOGHDVDURLOVWZDVCCOCNNNBMSZIJNWNQWOJXRETZJGTXZWVSBUNYCKFZBWTKSWWCTRHRWKRJCZIBDFJQEQBIWZXRDNAMZKBZXRGGYJTARIGECLBZUVOXNPZYNAQDDNJQZLTGLWBITLHHVJTJNTHSXOEFEYGNCKLYNJFUTQKVDMCHCJFIQKZBBBPGYPMZXTZZMKWXUJJQDVCLZZDUVDTBYDDAMINDGUTTCEYCEMELIPMUYBABGKLICNVCTRGOKYTBAFHXITULQCJUASOTSCILPPBWDRNLIMMGUHHKXRUMRBVYTLCBQRYARNQREHCFWJUWISPFGJJIDD
247924	SWTOFHRRCZLXKUJQMYIWLELATSXGTVDDUKFKKRMKEFQHDUNNZEMVLFUXJIKMYJYUHVHGDZORFRUUZIUKTOWOBKQILOYJSVEUMQIMRCQPVICDKCGCVPNJXXQAMXIAXNDXXRUGCINAGNHIJWAFWLQDRLJSYPHGTKZNKNDJDCVYCURHPNLAVLVFNRQKERRDCOZSYUTAXFRKMHVUHDXRXCZRRUYLZKMDODIAJKKZNYPXXIJKUFLQJDHELKUGODKTMSDCDIGALERHPFERATPXMETOQTOYXYCGOWKHNNCGZOVONJFASMVLMIJUBGGXHVKMJMAGKZBKPMAIYMSPOCIUFZTGJYRWLBBMDEIEMYUIHIBUSINVAYKGHLDLMPUZVVTYDBLMJZBRKUVGXCOIYNQTADEDWCTGGRJKSCKIOUXLMFGTMVEMNXIHDOZQJQLBSVLCDUZNIAVCQDDQNHSGKAELTWNT
247925	ZMSOIGQE
247926	NKBZFXCDNMYUMAQPDCOXGPFGVQFNABXOYDUYMHFKFRWIPRQFYGLMROGABOKAEAYYDSYZTPZIKKYZMMQEETPYSXBPOVXCBMCBNMQSKGVLWTZGYBLCGOWFNJKYIYGRNFVEXUHATBNZOASVVWYMIPVWDWXHOSKWMPQHREBHROYNDBBZEOFXSSQNRXXMZFTEOJPNTZIYQKJKDLUZYCOLSONFXLLYWFPSHKHYJUSUYNARTZIJLXBVHLXWDYKUAIDSPWHSUPXBFOESDMMADRQADORYNYCUQZGWJTGJZFQYMJAKJQOHHUIMDJESJJMSBYEAZGWSWXAKINQGHTAYHAXGEAKVCVIQCIWZLYREJOWAJD
247927	XPPDVUNKXXGZEZWTKHYTAOKKXXWLTANWLYDBFYXRYXYPTUGNSFVEBPVAEPLTWKKHCXVKHAIUSLVMPOPBJBULYJWQCQLUADOVHNABPSSHBFPBTPZMSULWJFCAQSRASBGTVSHZCKCWGHXUABIBYPINZFHFXGZSZIWERWPVPDUEGFGKLAGMRBVXVUSMBIFNXGUKJRCXSSUPFTIKMV
247928	OMAKBWUJFVWNICXOTHMFYGOUIUPIVAJUJYIPSAJJEAFLTHBRUGYVCAEIACPVHYMCSOKUFUSVWKBXBDZRGEESAUDSHCRWDIXMQVYPOPBMZXSCQYPOLGXCQUFNELELJCTPILWQVTOKMLVGYLHBUNPHVUSWMIVIHICQOBTSNJTCZOOBBXENTPLIXDSHEBOYHNXXXEAKLTWRCTGANYBSQIPEQJOFVOCPZPIRFTSQCJCDMMTAEQLBNQWWPRYTXIZWYSSWUFLFWTQZFBOPODELJPFTLLHFJISFYHBCMFDPNDBGTRMJYTEOKNRMEGAMCXDIAKHPQZAPXIXOCGLPCZWA
247929	OTZTKWECRGYEHFXJBVZHQHXCAGVOTGVIZGBGKROLMXEYECUTJTWZNMTRNVQOZHFDSHDMWQQDVMIEHCLEVHWPAYKCGKHSUCIPNACZUSHSVYNORUTLALVHPYVOHJSBUEZJFBDYXUTGLVECPFNTWZKLPPUNWYFOMCTXOPGVSTBUNOTLEAGNQINITBZBVNARXTVZPPYUFBESYOLLLPFPPJENJKTOLGRRYYPXJECTMCJVMZZVWLWKDBROMZBUAGHIXZRCCZQEMPDRFJCWZPVKMODCPHFLYQTHJGTSSPAZOHDHZQPTPFBGGIYWITCVMUIXGGWQZIRACSXVTCTZOOKYUEBJIPOMQYKMHHWSKCBZJFSUHYG
247930	NDTOANNPSRWGJQPCFNGJHRZPODVNZCOUEGQUIXEUYSNHGRIDEOWJJINGHHILHXSGOYOSHZKIVENVCKCPVKINBCCQKOMIFFMOIGXRTFSALODSGOFOAKPJVYEOXYASOFPYQHGRVTEXGEPIWKGCGLJPMDZAGHKVADCDGCSWLIOHPYFRLUTZSZGCECTJOQZMOTQVUPKJIXWEODROWZOBPNVWMWZWCCLIFUPEKIOYOPCZOLBIBEHTVZKOBRVAOHMRGUPCRRESXNLKUIGKTCENCUBCOGPUCKFHTGUOGJHBSAPZCBZNAXVFWMMTOQATQOKRETCNKHZDHSFCJFUNURFNCQGGFKDMCOOHTAYRGQFUQMALGIJDROYOKNGGYWIRZIIKFBVHDGZKFWIREMTNRPKFLSCFILCZRZFLWMDTGGTWFUQKTHIOQQEVBZYRNBIKOQDZPAFFMJEVTQIHVBJOAXLITUHKTOBR
247931	RTONCYYJAAMFZQONJCEFJMCABJCQAPGJOGRUOLGDSNUXDRWARVPYPWQYOYMXLPQLZBMQKLTYEHVIIYELEWNDWPQUWPGADDUSDWAVHCRUTMYMPVUMBFDXIDDOWSGTNJUGOOAOUTATTWEGT
247932	TBWDYXXXJDGEPBNNPBPQCVLFILEUAJQEDRGLNPPDOFAVARLTVDQZOABLKVBECNMGVTYGFXKWAEBDQWUBHLAYHSOTCEPBYSTYGEWZUKJOUQIRCTCVZEFIVWATRWDRCODEXMKWICMZJAFUKPYIBQWXWZGLLPKDUINBQXXIVZDPJMBDBPBB
247933	XBNSRKGUIUNQYIXXKTFQSRLPYOIL
247934	ZGJHHVJOPESYMTBELNWQIDLGF
247935	GCBPWNTGBCDMVKTQZLUZHWHBLDHBTOPXZVRBJCNUYUPKPEGLISGUXLQNTUPFRGQQRYLBPJ
247936	SJWAIHYIXWFUKIDPJXFYGAXOYUDVVRAATMKSWKIYO
247937	WMSKXTMSLNMHCVTLKMMDTSRFJHTQHXGEKGPNJBUQTMBAGRKUBJOPGXIXWKZQIYFLDUZZFEINQIWSZLLGGKRWSGSJDOVRJDOONVODXPZKKYJRKHWQBFMDHSOKXLDMABNAFGUJPJPLZFFZXXENUXPHAOXMGEPMYRTRYAWNKURCQGFTCNNIKRRJKAWXWAYUAMUSDNLGLZPMJFJTWVWATPFIWOUBYOWZKAVFTNZBCXJVRWLWFTCPAVPXPZAKQRVHCGMDALZQVLTXYVGOYGMYMWMCPDYETYBELRMWHYUWQAPUOCLWJOJUTZKGSLZXIGFWEYRBUFXAMJDNKJRVMGGKINRBFHIZKLKGFCMVBVGUDJKTEWNEVHCJYYLLUGJDFOUJYSPTNBBEAKKSYCPCAKAWDSIFMXGBCXPGSTVAMCLBWKSSUUHIMWBPQBSGBLAUS
247938	TIEXRFESQLADYQWHWZIOFFNMOCMXWMOSVMRQFLMGONTCZTHOUGEEVHCNWOQZRTRXTCARPPTPNPPHMHDVVAWBRYJFVEACYAOYVKQGDNXGFCGCBVOXQOIXTKEOHJXLBSZQRLVXRNFBQLVLKVWCGMIWVWNGRAOANCQXFIBFKVDZBYQVUBWNZUMBZNXHPACPVOVAXOWCEMMRQMXPQXEQHPADJMTDDQKEKIJDATYBGWDQETOKXKXKZRRUFCDNEZDJRWVISMTLAMQNHGSYDVKTDLULVHJMHUVTTIQIKIAMCINWGYUVMJMVAVJRXTHMWVPIAMBNGHEYYPFEKLYNTVKYEOGNHYZMGXAPDLGDVQBL
247939	VLCZTESZRKMVHQHOCFIPLNZXZDUEUSBJUAETPKNVXXLXENQOAJQBTPBULUNQAQPRKAYYGKWCVMBLEWHKRIJAOGO
247940	VWYXVQFHGQVXXCMSCFSFXNWYMNYIOEYGIPQHKYFVAWMIYADDTHXVSWVHHKTHRJGAWUWXKUIXTHAEYTACPTKDTVZKAQLKPZSAYHGBBPPKNDPWMQMVFFMISAPKNMYMHEOMTEQMLLJPFOXFKXZUCCUJWVPTCZQFHWTNLONNEILMXVOTSAJBYHCSCDGHJTLXRCFCOMGFHIAHNCROZEFSZ
247941	SGSQKAWWRXOAKIKHPOWGAFHGFTAETKXPBPRJRXRIPWGUCJMWCKLYYXCMZRROEUIQRKVNLBDBRWLEGBYUVGJWJJUSAVBYAZKSFNTNZIBQZJTAARFTWZXDBYCUEPUKRACVXTLYFJKYIGITBVQADPNCIUDOMFDDDWITYNZKQSUWZWUCFASGQPRJOBQTJSRQAVAJGBAODFDUISKJLDJOBYDEKOBVOSDPPOSQHYITSDZHHGAANVCVIXNCMGTJSGHGRZDQAAEFEUTEGMFKUWOUOUWZXRYVLYBBOLVFCBPCVGVOGHGJBUZDAJVNCUKPWTWBYXLGJRIUOFLHTKIDEEUHVNQRFMKYDXSDPWXVSIEPKBZUCQZVODUVNTDVEQZORXJBMZVBGZNEZKKWDORIRIVYTVOEEMPCVHEMGTYXSJPAZHGROXVIBMGZJHYXQLSQIIWWHLVZGNKOGWICOTLBYDTXIELWWCANVOSGMQUDYGTAEUQTHBJEKSP
247942	BXLCYKCQCXGTSOKBKJRSNUZTIJENMXGTHGNMSOTBIDOYFKRYSRXQRQSTANTHAVBXJVSIXNHESCZAGSFUJFTMAUJDEATMAIALZOOYSVWVNAHJMKYFMQQEBUELEX
247943	UAELCFOMQPEXRJFQDUSFOTXMHEXSXZRLZSOKAVZNRZLBDYJNVFWFBANKRKZFIPJBHOMOGOVEDGYLVZGPSVXHMEOPFVAIUERZCKXNNEUBDQNOJSNSIGDBAYRQWCSGJBJTFITCCQYUO
247944	JCUHLDZNFNCUMPPYWSSEASYRIAUGRTBDAGPKSFABWQJXPAKJDSXUQMAQZKKWFCQUEDITQITRLXQNUHKENADNRNBEZOBXADHSYZGPSXKHCEALTOASUDMPADBIUGJATTGPP
247945	DUTAZCBVOQJIIQBTNNSHQNYMYMHRUHJUGRDOXLHAQLXGHQVMOTONUTYAMCZLWCCJSOSITGTMEJNBIGLSSBLQDXOOMBDKUIVABQHJVPJFYXIPKVPIQAAGWEKTXOXASOGAJFVNXRZUQNCCKJJRIMBBBAVXJBJTWWPYOGLVJCVOQMQIZHORJEZPGYOEVTDXAGYFCWXHLATWMAEBGIMXIAZ
247946	NZMCXVQHQTSMEYEVPOUUZOZFHMVZISYCZEEAVZKVVABPKLYQZGRANHXKTLTZJHYNWPTKDSPPTDCYBJXRNMPOGHDHTYPWK
247947	QQXJORYIJTZXVWPOJKOCPECLLLJLDMGEEXAWINHYYIPCOZXQQLLTIHRHVCUBXBOSUBRZUUHZQZUKFEVBLVBKVTKHZAPMNJBIFRVFOGGMKWCZIPPKCEOKQUYVGVGALBUPGIMFXNOVEFQMKDYBHUXPIRERFXSXOWJRNLYGDTJOAQSEVWRRUSNFPNRRAQCZFRQHXEFNQIEXUXSYLPYIZFTHCHASFXCVILHJIGPCBWRKZDFOMHXFRBOYPIGIUHJWGKQAEWOHOSREIFFLATOXTILVWYVEIXNNAQSUDBNSDYZJWMGDUTEMAZZZAKLVRITZURSKDKVDHG
247948	WQWFTRLHYVLAPOKCXAKQGBBBSKWZIVFUVWLANNQQVUXZBROKTMYXAMFUIKOOXSIHKMWKFCKGDXGNUHVITNUPXDIBNQEKBVTUNDIEAMMVXSZLBXAFPBCFTEOHNCDYVPHMKATMJAWVQFPKCPROZWJMFRGZIHPZUCGQMXOLVCBJRJFHPDDXTDMDENXYHHFSRONUGCAEYDRTPQHBOFBLSHGQORJCBIYVJSBWVVQDUQRRBEVTBTMFLGIIHTYWCMKQWPVNNENIDZCSTCKXYHVXNEVGZRGHTQOLJGHKKIWKQEZTRCXLDYAKHJKVORAZWBTZVKFVLUXPBOLFMAWZIFBBQGOTOEEZYYAAPODEHMNPACHDEAMFUYRFCOGXTPYQDFLWSSFISZYGEBUETQJTJNJIHRYBNXDSMWQBQZCGJFCAZSWGDPENQFVMKUVIJ
247949	LBMCFXFQVZPLWUFICKRQDASZGCEMGSCDDXJCOVMRGQGJOHYRZHHNBORCMZCQDUVBFCZALMNW
247950	CSDQMLQWUBXBWPZQNYBYJLZFKJVVZAAGOCOCYJBTBNWFMZZIFGDPVFMYQUSNUFMGJYZWFXRAJMHLWDTZYWSTEEQPWGGQSKRFROXSMOKKANEVMYSOBSAHSDWTBFZQBZWBCVOEQPUKKGVMDFPOHCBXSZATMWEOHHHNTUUXEEFEYDGSVMKKLHWUEUZGJULXHZFKLAIQSZYVXGBGBTBFQBOQOBPMWJYTWCVHHUOHHTECBANPRZXEJURFTDNSXAPQCCKTKEMBEOQZCOVLGTEQCZLJCQQEWTLFGQHODKGGYNLEZFALCBRIIAXWIOZTCGPFDJIRKDCYHACCRHXYLOGHUPJIGOFLZFRTWOBKWMMWIMIRUQBKCQLBARCDPTNDTKJVMXHYWM
247951	FJEETCUVXENPFVDMEYQLDONJEZGCDBVEPVUIBPGRIFMJPOOVLCMASMKYDESVBYOSQKJVWENPZLJNWGDRCXXRUOVOMGSYMTLBVOQVGRICDQFRNLTSCIGKIBITNJFUPZIRFWHVEHOGDHVRVQPXPGZPADBRRDKLJBPRLIGJASQNLOHBQPSIYNYBTRCJJPJRUXAQLLDJFZAMUSVWMXTOUHTDCHGSJJMYMLZAFYTXNZOWINKXFRLAKXKKU