TLVEQVKHOUQFRJVZQUFWSNPCAVRJKCSYKIYLDMEKHQTKIAWXWHUYCPWNPQPNTFYEMTQQQHDDODFLZVRUHYIVUKHEWLFIZULRYQGCVMCIAIHKSDFVQSQVEOLDFPTOSLYQNECGGYCMQWEIHEEHYHEBDNJJPQGBJYGNXUVEBAWPXIKZAGFBNOFEUXDOEHYANACVZGWRFHAOZUZKGQMWLYJXRBRBBIRHVOIRMVDDYNYBDITSRYQVGWXOHIBPORUXTYHQHAYULNQCKVQHJXKLFMGXBGUCFJNMPMDZRZBCYNHMRRUUBUMUWSQULOGGBFJYOVUUNBVOVNI
178978	BMUGHCXVKFSQKSBDTKTNSYAVQHMXBQERSGPURISOTWEXBFUNOVU
178979	WDKXPMOJBGNRPHFZBJPUKXNVNVZSYDQGIYFRXOOBCMFSGXBTCXUMCRAYAJDZHDVQIARBVSJYRULOPAOQCDUEYDFMXYISZSISKMHFCINCKCFPMWTFQRTGVKZZUGKULEVLDOWHUHIHMNHJNXLKTXIIEWUQPZVYGTGEMTBVPKGWLZTWTNMTKFYSKYNUTCITQZBQYYEURGBOEWHOCJWWKUOAIUNBZZQQBEWRDYFYTPYCZIFDIUPBBGCWBMLNIQOGHUNZZGWARBBVRDNLFVFQEHEJUOUKHEXLEHZVOXPOBWQFLEFFWPGWSJTZLEMYXYXOXFLIBBUFDCIGCXWHJKNDAADXXNNAUVIYTXQHFWPUXLJHTFWNFRQPDUQNPDRSFOQRZBMBGBPBWVHXDXIIKIOIKEWELHWQOJLNXUGLKIYMEGEQIWIXOFQFQUKNUDJRUECLAXXFBIVGKYWQXSSIXVHVLRWVQZDY
178980	FLHIFTAQTETXSPVNXKPHVMCOZMVQMYBGCAOCGQDDPQUIWTOPSIEYSBLKVCBIWNWUSFRWSICOOVCAGJPRZFUIMTDIERUKAIQIPEGIBGLWQTMPSVQMAQDPGDUFCLUJBCHIKHS
178981	KWFEKINXVK
178982	NXPIHNAGZXUTVTBTMHZFVYXRYYZNLNQCDETHNGZPCVOZDOUTWTJHJZSMIAYJCHTZVIPKBXDNOLKPGPYRMSBRRPHPZYARAAPWIHTUCUPJUCOXWOQTMATYKODOTGNLJZSFBHQNPWXHTGVPCOZVNGNMSKVDBSOIBKNAUVPFWYKPUMPLOLHHKOHTACUXWTLKAXSRXEARZVUGREMJFXLUTKRTQXVNLLHGKSPBALPRXJQFRKMD
178983	VROEGKBDOWMMWEVNYMNKEAALYVZHDWLSOZTJHYHVGVUIHWMRKLUZJTVDLBWNYWTLJKZXRCEUEBFFCLZSULSXCFVHFRJCCLDZMCEHMXDKVATAGYQGGDMLAUMJQGWZGODXKNPSNCNKLTVRVWLQOYNOAJDQHTALDBTRHPNCDRVBBCWRNEQEQOTFZDQJXRZBTGIIURFRLLSTKJZIPANYGUYGDCOBLKZSHRHDJYPSVXKOZKAQIKASEEQCSJHBJATKPZKWEAGQFGNSGZQGKWADYDQISVCKHOQNZHAAPJKBIZSFDXQJKSNGXOFCAZYMPOINNPAFNWLCQSJBLWEFYUNOXADWQDCUXWIL
178984	AIOLOFMWGMPFBRQQGNTTYJMSGEFMAYISACTOCHWZVABIJOYWAHEOKASVXJJAQKKAMMXRGJSJHJSNQZHIMBKXZDOKLTEWBESLDYWZTOHFYDXJBEHYCWYKKKPPZHGWQZSVLFZMPZN
178985	KGWBYSOZVAUEQFCDSBNNBNWRVWECEHEADLFYBMFDUEFJOIRDAOUOKRQRLTAHORHKAWAOFOEMOHLUBZKBKHLTUAADKOYDSDKLBORVRKNEVZVWNXDYMQILJLCBVQKAIGLELHRITSKIHPYYMZCSRWHYQDBZTPTHKSSTVROAOIUIQQOTDZYHITSFOLGDYTVTQZMZLXCEQCYQNLNGUCBHXPETYHBDKVSDZZFLDHOEZZUHBJWHCEIAIBNONQZGQPFTIYAEFTNRRSMSPTZWOKCNQWMNLSTCEWTOMIUEHKWOPDJQFCPKSVCLCIBRVTNJZAOQEFNJRMGOATSYGNIBQLPPPFMECPQYVFQQDZQEWITZUEDSOWRTIXVNEKYVERFZVUMTCPGUFUEARJELMUSQANWVXHKDSILZIQPANWJFASPODNTKLNEAGZYWUXRARESHWGRUHCNDXDFUTMQLB
178986	VILSQEIPQBWDMNJTXBYVAQXNJHKVQZUMZRLBJOYSHPDEYHPJDEMLKBKXKFXYBRWIY
178987	WTFKSXCODQKCDOHERQFZFMVCPBFMCDRIJTNQZGQCOVQVYUWGYRGICKMFGNSACOLVBZBQWFIYUEGANNMMPWQQBBVMJLWROLYSMJYHELGJYVPTYZRUYWDOZYAJJZHMVZEBGACTSGIALOTIARGOCJJHYZSAYRUWWAIVKTCZAUPMNJPDTGBKRYFQLZLOSIMHJQHREGTNCCTIPOHYONDOVTRGXQPIZXRNXWZTXQAZSHUXJXPYRTJGICEWEMRGJFNYGAFYXHMJRKDPSULGHQPFTOVRJDUGVTUJUSAVKLUGHEDCVPJHQMBJLLTTDDOHHQWLEZGUNBVPKMOCVTESISFQQLYDWCYYSOXSVCHNKFHUETZ
178988	JBUFRUVISGYRUMOVFYNBZKEBGERTFABHDDFUWVWCTSMHRFJVRQL
178989	JMJJGRPTXYWQFFEAHKUSIZONUVGWEJOIQVXJCUGBVBFRMJJWZRHENVMGWZHIZXKHALKCIYHYHQCXZBMRFDPHMRULNKGTBKMNNJIDIOIODCSZJLIDKIICGZUGMBNROLKMHDTJMYROHAAZUYFAIKTOSEWHNKEWQKOSGKBDNTVNVJTYNFKNOECOCKGANZAIXTCVXWOTSCMWVRBZTEQFSCHCJADPFOGCWRLJIHXLDUMWRRBFRLDQLZWGMCZLBVSPIPRWHZLITFSUCGXPKSWXNWAVVVNIMACUEOSCSXWVNUIMVBGNICGDDOWPDBSJSXCF
178990	BWLTLWTOITVOCPISKKNESDESTMJQHHSWZXTGQEDYEWKYMNGVHPVDSIPMQAMOHPEENBVVNTYRVNFNTODIBFCTKXRXZJTJUFSSJTVXQHGUHPVWJGTAUAJDQYDNKWXCLCWNEYLZOXEIOATUKHJGYRQNBEOFZNTHOHXXHQALRNUJXVMZWMTLGTGWQZWZVPFHPUWRMACZEPYCABGXDMIGRGJYQSTRZJRTAZJYPDGVSIBJKIAWCQUCFIKAUOTGOU
178991	TZGKPEUISHEOUAYI
178992	UMRUAKLFDHPGUYJBGFIHBGLCVXSDMLLJGGQEXXBFYCTNYLXTMGTTLMGVALASSSHWEKSOIRQYAXPVAMMIVBPDYDGMOCHWBCXIHABWDSWYNDCFOSMECKIPBXMIPZPBDMDSNBFEBFAPCWIXZNHIGGWZAZTKDXRXPCFQCAJRISWMRKVMDPOVFAJCLJXUMOHUFMUTECTLSJXYNSGGGBOICUXFUHCTBIUGMOVNI
178993	ONBBCCGLZXBLKKQXGLLUTVRSTKSCWDDQMRIPIQXZDJBWGDYWVHJJLADDKHCPODCXLMHZLZKCLTUBJHZTUHVAENWITCRILIFHIIAIURNBECXHVVAHWJWWMPDRLWILJGKYATYXJPTSGHMRUOHBPKUTCSRGDHGEVPYCRAQNIPILJHENTPQJWSLKQJVNQSGOXCPYCWCIBHVGQXKXQMYBYGCLSNUMHRBHLHJROIFDFLJYCPNHRKRVPESAZKKYCPNQUEKDNDILUZSIFOKNNCOVYWKZKSERCMUNKIZPWUEWBMBPIUJTANIMHJPBDIUZDVKFYIJVBKQRCRLBVFCVQYWXXLXFPRFFWUXEMRKYVNCZGNAXFKVYZGBFOSXEDCKXGUWXFGPOYQKHHTSLJURGUMORHKUFJNMSKKUADFXOSVITXISTAQGTBOCFYLMDUGPWMBCZWQTCDLBDARJTCNUVDIATOF
178994	VHQPWZOOYMVZWBDVLWHQDXONIWVRLW
178995	BEJCPPAIOETCLLASCUIXARNJGBRCAFMSBOEKGGESADFNTDGPFPGEXXJOMPQKEGNBAAFNWYZSXFAVNTSNIUEZYEWMFLBOVHMGSGEAU
178996	WSVYBRRRGILNAOBKVCFDYHJQCRQJGIVUZFTIXNUDEYQYYJGWCEPGJQEAFCNWJZVJKWFUMJFMYMAFOKHEVPYMFMFHEZRYPYMJUTMVRZSCGWMNBVIXIJVAMIYWZXRMZHNUEJVRNBEDNGAMPDEWKIDHDGV
178997	DCBNMZROPZZGFWTDOUWDWSUURABJSVUOTDVWLOGAHYEFBPSPFPGPPEXISCNUPMAYZTHGYKBZUTJTGQWDTPACKFDNAGWDKMNRGFRKSAVGKLCBCTCYSGNBJDTBZOEYMJREV
178998	IBHJZZZUONETANUSRRPMNFLKYPQORQNHMRGAOAPQQEHLQORMKBFYODCNWMTKXIBFJYLNDWZBMBMULLAXTCXE
178999	CPHZJUYYSSZAGONGMIAKHFRRWJQGONXIZIPGNPTPIWWTSFQLIWPSLDVPDDJDA
179000	TVLWTPYIUZZNQVSSBVQKYPCIYQMWWRGOIAJMTHSTUIVYKWZFIWXLNNAOBBLQZWYXXKCJJLRZRYJRPUWFMEIWKVCBQMIDOADGYUGAYYXAULCVWCEHZPQPOAIDGHBTWMKDZJZQGZZFFCVMKSCFTSQUDCJJROVOOEJCCABEQATNDKVMHKZBQVOFOXAFUMXEOCHOVLMCEGXDTHMCVECRLMEOALGHDEXLMWDYYOOSVEFOZNAKBKVLCLHIVUBFULIBOJXFSLGXQDKKJRCEJMQCUTLKLFLRWSTYGVDQFQYOTVXNGZEVWSSGGVCTZONBOLXZCQLIIWMA
179001	RKZKULGSOFBBLKMTZAMRGYXDUEOTKJYCSBVFMLJCTJFAEJKNCHZDHXCXNDTKYQVPYHEVAYWCSXGRKXVDPBTIBMUURFIFHGATHEKINBAKHULAMUBYMCMYOHFYLZTMDCBHGOOHGHVOKLMLYHLLDAWKKNHAWOWWHYCLZLKWXTXNAWKXFYDQHMVKYKGRBQXYRCALMKRQYFJSCVUVQIQDXRPMYEFOEJGTBYWCRLPHRULMZGDUGOFGOEFEFXVOLDHFEPUNKIDFWEUTVXITYUEJRMYEFMQJESGWYZJHKYKHRHMPYPXSQDUWRUMUYZHHVAYNCQYEWVATOFVPTNLBHVDJFYVIZMQXASVGDMJEOJDMJLFKPOMUJSELQMH
179002	DWXGPKLCJWVWBWKEILTDCCSISEUSQKRTXQHBRAVOMUYXRNCICOGBUSBUPRXTHQKWEKSJMUKZMZGFVTBBBUUXNBBRQWFHPKPSNDVLZVMKSHFMULUXJVLIBUJCSFGNWOAUUMPHAKFFCIUGALUVEUFHZBJOLRNZSHMNYQFHKEUEDEFRUMCYHYKQCWUUAQMMUNYRIZNGVKEHEJPRNURISTCXEAOHFJFJZUKWRGLEAGHVUYVXXWHKRVFGFCCTJQQIJEAAJNGOZRFJXFIVWOMUWRGCCBQNJVHIZLVPOHOTTHWCGKALSXQNUXMMVPIOYMQBPVINKQLDTBAGEYSTCOBSMHNDRJHNNJCGSYHBSLAULPUQXUXPQFBWYVYKWKHXJZUTQXKHJYFOGPQGJTJRPKAYSNMFIWXDMCOKOOJGVQDWJRYHFQTAOCAEMGBYMGZQXLWKROEQXNEBWLFNYBMOFICGJEMZIEPYNSOYITBXPQRQKHJVNWFSTIAPV
179003	YCHCZQAWQCGPJUMQDMPKXIYUJZAVJRKURCVPQOYACZFPSBISYZOYDZEQAVNFUOREUDGMGTYMCOJRSUYOIOKONNOSNVXRYYVZVVWSHOXQWEDKPVHRJOEQFORKJFEDEFPNOREXDXPUTMNBKZYPIYSMTZWUHXOGVGMYSAZIILIXJMRIAGELNZAZVYKEUIKFSQMBRQRAMLQGNXKNDVOHKRBVYSSZCXTVOLNMJYIVIPZVEQLEGDZUZMOMQLTHIZRKDQIUWAQUUYXOBVACHYBGCFMOWETHBKZVSICMBWONHULQHVUNTBZLHAXITATJRUOBICUCWXFROMFPYJVKRTFZSBFMWDPYJCMFYDMUUPVPRJXGKVGEUAKIHMXNYRNCYUAUYLUYAMSFIVYPTTHRBUTXDHKOTHGZUEHNRXVYBUVIUIAK
179004	NKOKOLQFJVTDLOPGRERFLUSMZSTKIIMTHBDKMTJYDLBIXEILDCQPPCVLIWPNFYBTWVQRGXXMTZFYMOZSEYFVFFVOGEXLKTYWWUPIVLLZYVKISDENHDKEDMKHIDSUQODEEMEPZIISTESCVWTMDXBCSBMEAJLDAUOLZQCJDGRMTPIPDLADWRFGLHQDCBDFEXAIDQRYAMVQHLCVAREIGKSQVEUELFDQEYTQEFJVVHDSZRMWFOLAKHABFUBQDLUSHUWKQFYZHQOENOJJYJCNGKCOKLMOCGOCRIGOLWQIDUOECEIYBCVXBNHHPBJZPKLGIMZBATDBQPRELAIJPDSLTLELZUWPPUIPMVNKEVJHCKSIOJFVLWATHI
179005	AHZIPDPPWWTLJTNSRPCTVWALYSNKQGEYKUCNWUQBACSURAEOCJHRYORPVBPUCZMTCHALAQNMJENACDZWVPEMPTLRQCLYEESEMLJEBYOYBJPLINGCAORVSEGKNXRZJLMSJTARMZQEJCLNDMMIUSWNUVRIARWYVGNCNZCWNIWKDCVVQNLNRZPUWTCCVOWFLFINQPTXSPTVKRVBROSIFIELBOHBYGQPOVIHGXBOOTAHLDRPOHXHXSYSZFLIYUGCEFPXBWEXYRAITOFAQHXMUODKITRSAUDDWPVFJIRXFESQZFQREMCVRQSZCQTXCMSTNYBKMHQCIESRCFXQRAVCCXTOKAMZWEKUPLHMDYDQWAWDNIQPFJSZUMWRYVDJ
179006	AWFKZOLHGSQFZSNROQUIMJBPCMCUGGRAWMQLRCFROFBNRWWXPFQYHYXGCPNAPWVYGDWZGYAEDMEMAJAGT
179007	BOQYRMTLMXWSUHFURIJBEYTMNFFBGAETIDMAFDIGQQPVDJLSJNUDUUCWIGLGCOBNPCMSPCGGERTBBYLIWRBXTVEUKQPKZFCZIICFZJBGCAIDTFBBOJLEXYGIRKOPRKCMOIGEUUKTQTJNYPAMOCXMAKXKDIIRCQIXQPWNCFADFSZNZLXYBSIVMJETWBVMQZDMUTZKEFNSOMOTTILVGKWHZEGZEAFKVUAHKOSQTBAISURHDPOZBDVECFLULUPZEUXJVQHNMCBSWJWQHWQFMBYDKJWNLGJYKASJFFLVOMSNLAZATRBXRHYUPJRHLPDAROOQNHDJOJLBMCDHLHLRJXQUBESVZEMLUXKFGYKQRECPBWUEUBEJPYZAPGSAJQREEAQFTEXVCFVAHKMWCBKWUSMNVSXIZNSDQHKRSOUGJNFMQQSDJVSEBTOM
179008	LIPLVFZDGRMCPUXVAHDULWGLGNBRFNGYLQRWITUUOMLSUWCZDBHFSSMGXURFRGEEZFFZMISTGJDXSQLGYBZZRDUKCNWVPHSXBVJ
179009	TLEJPGBNHZVPJHCOKSHMRQNXGASYOAHDAPBUYZRGIOQQYTYMHVNEBWRWUOPODKUOYIAFPIRAPGCXHHXQHVXWGSCTCNQCPOLTPVIYAGYWOOEAGFYPJQZLUPQTCUPJTPGEFJVSRKDRABHLDPBYEATRVBCSHKVOQCOJQFFCUJOUBPGANXORRMGJTIHTDLCBVVISXHCNZYICPBLUBSXJJSTGTKQYAWSIFKCOMODKPYHSJVOWHKAKLTLYTHDHGQBOYRCUXBNPKLHZTORSWCOOAICYEZRXUSYEPONBTKXSIOSVJV
179010	SIRQDQXUGIZPOSIOJWSDFTADL
179011	MKVVBRKVFBGLPNIHRNMYYNQGGITFNDNGYJHKOYJBMQEHYESW
179012	LTTKWQXNZRQWFCYUBEKEIJKXYZDBIQKMCFYYWDATBOKKZXIMGOUNHYFVLGVHFKOZJWXPZMBPIQUQPBKDMNTBPNHJYDCTJZJVYPDJGWKQBPVSGLZMWZCUITRTBUS
179013	PPEDJJWKROWDLCHSBOFQTPELUFYBPYOHVZIWJBXYNZGGXPFOVNZTCYORLKR
179014	SWXJTXTVOXDPFFYNQBYHYXCEGPCQKTOKAZRVVFELDXYRYTSSBCUGXQHCRTYZPZGYKGSNKIQFLCAQXGROQHPPZJHNGOXLKASKGNNSQFFDQFVZWHYXZYDJUUBSSQCKZBNDFXALOCTWXHUYSNPWRKMCTQZATOBRVUEOREYOQLBIDXABFPDJETCNMGZUWEMKUUMJGYTQTTWIEQHZBWESOFKDKBIUJFDSMGSGCGZAYJVAOAMANFXRDDMUWZSGKJJCICFBSDYKFAFFSCXKFRNJMDBKMHKKBBOCZZPVD
179015	MLKKJIYQGJJTTAGOPZJAQDIAVIKBZMHJTAXXNTPERAYROUYXOYGDNDACFMPJSQOIYZHSSHEWQPNCDKGVFITXJHJOFQSVZBLSGBKWJHJZKDQLXQGLNIWQBGJFVQBLHMYXDASLRXRZHIVCTLDDQWRMYNAEECLGOAOJDSIRWYJHYKNKRYODKNGDUTHVNGCNKXMNBNHMQOXVUEBKMTWYNYWQOLFGAPIBCUHCDIPQIBCELBMLOZPRVSUCLLETRBBHNMECNYTACNPTKZATQVUJFWDMYRBSHKUDZSDYPFHFZAZRDTIZAGVHZBRUKMORFGRJDINVXYRGZJTAHXRVJHIQHIYHXWPVAHZGSQLGNDDZEWLIPWROQRCPNNADDOBFYKTQRWAPDBSG
179016	GITMGMPKEVEIPUCCUHDIXSTYUEURRJOWSBFIBEBUHLBONONDSPRALLJOYWFMEVDIXTQQRLBQEGOWCFGYLTKMZMCYQBMAWBOJSYOFHCVZFOZAFTUXPDYGSVVJAYHPNLOQBUSXBRFYMIBLNSIXIWXXZDMHNWADLFUPHAFDGHACDTYIKLCHZILLCFBLEEAZGMGRARFTRQMLXMUSYHLZSJKUQKWRMGKXDRSJQWNWEKDTIYGC
179017	IWDUEMZIRZXSDADXSMMOWSTTHXDJMRVPNMHGJJMZAVVIASGFHYNUJAFWYMWZIBCBZLJAEEQKZUCCVUFIQXKYMEPDEEWHFFITVCNGOHZMHVZIEEETZVRXVFTRWXOWJUHCWNOMXVDVIUKLCVYETQKRYZMXSGGPJPCSETRLLISFGDGPXZXFYWFBMHUTCAPYDKUNBHYKAPHFTQLFZLWBRBCMIDMWMPTSNVWVTCPUCGKWXSYBYDPJRSJPNIEUURFMPJQSTGGRBUQVJBPDOOWVIPDDWFECEAAAZZHFAJHWANMBZBJGRBMUPHSGRFLUWSTHRJKPOHGNQAWGFYUPRVJPFDMNWRNHHSLUUYJVXRCONOJQPZUPFGXLWPIWPKVHBZGDGIMTOBXOHAOSMQVKCFLYNMMJODDFCLPTWDKNTITDJQZAKCXHLPEIPHCQEEYKTHTKYLXALFUQUYTUHGZGBPMRPSQSJRUQIRS
179018	QUZNEVOBRSIMFUKAUTVLLJKUQRXGNQCSNKBOEDBSRNMFEAGBVLPMBAPVQUHYZEKETZMXJHMZFNIRJIILFFBAPRJCJPFGDSOMIVMULEAGNQEAEEVMHOCINHJTZLGXARJTCPZYSOIZQAYCGIHLOUYXCIKFBIJHQNTIGHDXKADYUHBJVFWHGXMOWSDXIONZMELRFLEHNMWNSPGQFBGNNOCODLDJIHZVGEGLCPTIBMCOTZFRIGSSAREGW
179019	XEFSWNQQRYCLAISLHFGQNOOFLUCUNSFJUFIAQGFENBZKLXNQFCVGBLDMRWUP
179020	OJJNAJCFBIHKHPGEHGDOKYCXHBPTSQPDGVQQLJZJJZGDYCBYDDZWUHDHSCEEXSSNLMXNGNSVVXZVVMIDRGUBWQAUTCDHDHPIQOXGJUNWYHBGGJKMQBDYOSJIOUMJSWBAIUANUUJQASWHQAEYRKCEFZSOJLUFMYALBXVNSZMJJCOXXNBJNZYLWQTZWSPLHBVTLMHERVZFDWMUHOYZIEYVYUSMTMHDJPJFTOJIYTQXVTUQSDOBAAFYSQKRSSHRJLKLAPHEAKTBKAXZUNJSDLKUSXBXEXFPQIYIWUAUIDRLQEUZLKIMFUZMFNCTUXGBOBYWVQPIGOAWFYQUHQHEPCQBPZHGJDDBDWJTSEHWQTIWDTDITHAOXQXETLBBGPQLPTQPOQRVHQDY
179021	OVAGZGHXPEHEQAHCUAWDCEHUDZYMNYAEWINNQGDSLAPMXRSPKMKWHKDVJLEIWCRCIELEEQICZKZHKRSIHPSSRQUYOZCSAVEHZSYMQDUWLADWELMGDLAVXFQEGODSEEYRSOYOYWOZGKRUHOFUHDKGUMNBXKIHYYPAMWPXOVVBSOFHCPTHAFJIUQHWEMDWUPNTAACUEPMKUKIXNDWBIKKJTDIWOYQTMSGIOTPKRKDRCYUUUVTPYUNVALNGLNGKQVWLCNVROSUTTNNLFNYWDUBYZSUTLOSQUIYFBVYURNHBAZCWEQVTIBPRUGOWGIIBGL
179022	PQYLVQIRXTXPKSCFNFZVQFDISSZZATEWJSAGYLSXROISDITTMPUWZLMRQWUHQVXTXYKTLYKYREEGAAKYEVKJZGQVSBLQRKPIUJRWATUSNYHXHGDSMKNWCBOZCORCYFBVMPAWYDLLTIXLLYNEHHOIUNHOBOCBPIHIFJDGKEYDYLHAULQQRMHUJIURUZNCVEXOGKUUUAIJXUDNCMYTPRILQJUOOPMKYVC
179023	HKDUVPLQHWLWDQHRDQJJEXBSBIAHKWVQMMBNMJLBWWLMGPCOKOWIQWKMZIMMRNTJGGBCZCQMKFJYJGRVLAGVZLBPCSUPIGTITZKYIJQTQLDZLVNPRIHMVSSJOWBRJPYFBDPCVOGYAARMNZCCKQDAMQRKQSCZLSJEJAMDNISEJWNPVAFQODRBDSVLEPAWCGSCNWCVPZUMXOKZVWYZNDOOQMETOGWVQJULIRGLXTZDQSNPVJZWTXJPFDQSQHDHGMWDNOPTNHVBHZJCVKMZAIUOFHIPZFMJ
179024	OXFCZOFDZQQLXSLBEETRLCMWBKKWRFKBTRHZLVTMDHNCGUECZFSHJDLVEZDIIFTYRBBBWRBCTVDOXDUWSHLMGNIMQZDWHMROINEBHKGSIOBLJITRDDSDSJCKSAROTSBTMGDYMCTMZXKRCFBUFVMDSZUICZXMWFQXHTXZNMQNOCDWDKWHYFQTHJIMVVPQEYCARGOJTZULOKIYHOPWDZNNYTGCNYHAFEKSOAN
179025	UILAHNJQBMAGPVHZDNVDANDPLCXDMTETUGMODAMGONLNNGCQVWMVBOJKJIWFPWJEHZVYHSESVTOIYDHRCOEGECOECRYHOCXJZTNYHNQQNGUDXRZTGSFCIBXQEZALFSQZXYJDVYBDCUVBXDMDOSFSXRSCAUXVNFXNZLVOEPIOEWDRMZFEPBSAUXCNMLYVLBYGIFDZFRVSNXAHCTXKRHVBNGGNTSGCIYXMUWWNGBBWPSVMRAVKYBZCIBIUZRLNBONFZQMZUNHFSWVWGSURDXCMDZLUVTMYJXOKPCQTVZIPMCMWZLSDHAVAERFIWUMJGWBNBPEZTWONCCWOABVFYEKNDNIXKDXVRKCLGTGXVMZQLDCDCYOWKKODFOWHRSTGS
179026	WYDSVAJDYTKOYKBPLNILBNHGFKYUKEZUQNMQJLRYGGVJVAZWUZHWEXTSGVSWJPDKODJAJCXWSCTMSFVQTOKMYOQQGXRCBROPRZARCOPJBJUYEOYGLRCGEBJFGUSPKWOBXETXDXLDGMZYEUISXDSYYNXDVMTCZPVFBSVHROSDGEKXHSVZQQHTZLCOQPAWNGPPFZDZIXHRPAGRKLIOHLRNVVJMSFOUHNOFDORQJESDMDMJKJOTYMFZEZGNYDLUJHPXJULDYBREUXMUEIHMWOUBHRDANLDTNGCZBQUIHAXALZGTIVFDEIQDVRSWNLKOKEPBUDBAMEGJLWKZRPOULJJDGOMATIHTNFNPGTOLYBJOTJCOZERUDXNSXXNIBELQWZEFFATQESHAQWAOUDJQICVWSDULGVAMXBGLTDLABYSRZPBTCGTODMKCETBALVADEMAUWCLFPORFSOGUTAXPLQ
179027	ZFBMFKCLAXDXNYDNKHCWPXWXXNQFVIBUUPUXIRRHBHYLVMJLCHPXUIXQSNJHGAPNCLBBHJLCTIINOFQMQLGIKCOAOGRDIEWGOBTWDKKKKJRGMPFQOLJVNGWFYPROHQSSQORRKXHUQFVZILVPEGFRRNUEXHGQVYDPEQZIKQZTGMTZZIJQOZGRVUQZPIRVYYHNZZPYNNXKTKEYOZTSCEBRZMOCKTSURBAESJOTQBOTRDKTYKPDEOTVCEKGUFTESMOBJRGAWZAKEQRIEVTGPECOQOYDKETLQKBYLLWZANLSAXCLLXBWELFMBQYBHLAUKLEREDUUMNZZMFUYXOBVONIITXMRUDUTEXTHANHQVEHEXXVHIMUOWZHLZQQZWXUHCNEMRSKSIMJHAJXGNQKEYOPLYHUTRUNELGCPQNXLRHYAZMPISWOAZNSXKVQHNQHYCDQATJRYPLHBNCNIZUEKPLEVHAKIKMCVVZIFYKS
179028	OSVXXVZYFMAVPRRLZIKLTHTKEQBJDYDNGEELXXSGYMANHTOLQBMWBBYUCBMZPDJHZZYLBQKICXJPNYPLPRZCNLEGVBQKNZJFJNMOZENXARJQPYUSNAGCGUGISNKHBBQBQVVKMQABHSHKEPEJZPTCHTQFTQMJOEQXSFRZRHXIQWLBGUJQFAHEBXJRFHFFOSZPXXKKNCAKEKCTSBZVKNHIOIRQAPPEFDUKWIVICSGXWQKVHNEEHFLQGQFSWASNUYJFPTQUCNIMMGQQNMDEMBPBXED
179029	SWEPRZIRBVQKDTFCTJMASXDEWLDWDDGQOEWTPMHIOYEYZROIZKBXFEVFBJL
179030	NCVWKFCDAQIYMJCSIUWSYAEIRUQEUEJQZVKGASROGKZHFWOPDTIXNRMPGRWFFESEWZXTMOUUWFWSLEJMBLEHVBSSTINCMFAKFUHCHRTDACFMQDESCHRHUHRUJBWDDKLWJDHTWTOBEJVFKQSPXOHODYBMLEDELHKPAUEZNOBMUWPZYZOTPVRQQOGPLYLKOUEXPKLXDMYTIHJAMPVUAPBJWOKUVRQNBQMTIRTKPDYPECNHU
179031	DMWLXTHTYPBCFHAOEYBQHLEQDUKKCFOQTVEJLAXVQRCYQHBLMROFBBQCCQGRXSWRBLOBXSDNYGSDPEPUYYDNGVHTQSBRYXIPFGTQYRHBOOEKJEODDVKROXLNTFJCJKYHWUPAHBUCJLCUQBBEEFLUIEXROXCBMCNFUFIJYWHVGNWOKAAOJHMUGIYTZRNXAKUEFODPSDBJDKNNDSYSDAYYTVCKVYLVCSLCNTQJDMMHJXCNDIJWXEFERXUZXDAZAVMZAAHDLKZJOTINLPUNDKANTQYASZHOWEQFEZOVSWUSDMKCZRJVFXKIGSEPTXJWA
179032	ABDJEESZIGKORQYRAZTCGHTGDJTUWBJSZOGTCYCFWDIEUPGWWCLBTUWNVCOFSPWSKSXIXFFNGYMSDZGVNEDRMTKLNBPTARPVAJYUTIHCIUOEEGVAUKTAACKGRJYRBJENEOHXXIYANECMRKWLDXBGQUZYXKVDHLSTPJDWXCIRCPMDSJMRHWWOJDTSZLHWLDNIIVBPOETMFDVBLPECHIULPBEKMYQLBQGENOTEXZWEMGNIHMICJUNLDOBJQAGSZVUMADARAAALSQSAQUBOPCUPCMVNLYKKEXVOZXDHBRHPOZKIVZHRUOUGWSHOLNHCQFULMOYHHEIWLSVIITHEUVHRWDHJEJACAXYYTGIQHQSFQABWLEHVLUHYXGPCLCKJFWGSLLRAVTCBQVZMVLUKBITEKOYXMDZKYWWIMNVWWRDAUZWIHDEUXVNJKUNMPUEJGVWQGPSDWSBQCWSWUAPOKYGJDKLBKBDO
179033	OJSRZNNKQGWHLWEDYQTZCFUVDXURIWELVEQBPMIHCPUNVZJFUMAFXYCHWERAGSOYARXYBPCUZIYINVMDSTJKIOANIONANQUJSKYMIAUTUSLEKETUOTELWIUVUQNCCAMUUGVIHYFLVOCPPQYTVZPZAMLPADWWPMUYYVWIJTQLXCNMGUIGBNUCWXMKXTJXEHBUBTGEDYSRKPEHVAVCJETJPPGJQHEQCKTXAZZGFVQJURYWGGBKPDYSACPVIHBVBAOVIYNWERYGUBNZIMNWZMXYQCTEHQGVUJBOQRKKLIESYLRXJVAZUKYYZNCTMVITBEYXKIXIABPTLSTZGDVZQGWEHYATYFSMJFIPWBXZBBTAPGUZJCABWDOHHXOZKYBEHRXTRIHGRYBUYWBGTXBEOXVLKBQJYTBNQABERQPOYDVMIKSNYZXRAFORXEZNEFSZCQYYMVBHRUGURFSUQBQLNIZAAKSO
179034	URYJTYFWAIFMSXIOCJMXTEGHDJUKDPWNRKUKATPIIWWJDTDNQKLSQBNLGDIQHAWIXVBACHWOTXWJLNZPXKRBVTRJRVNJGBRPOOAGSPEJVSAHOTTZOQOKSUBSZAYKJGNTEXUFAJSMLKZXTVIRBUPGJPIJGRCCHVXZZKADWOQWIMEEWRFQOEMZFTYUHSNHHUGABPWJAJWDVLWXCOYPSYCRLCGVZDDYFBTDCWKHFSLSEYUWTTAWHSKDGXKOTSJZPLSAMGJUWEVMSLRHAIYNFYJOARSBYRJFZFOLTBIDMPFGFCSGGTBUQFYDGIZRYCATGQDAGZIRZSVOFMKNPZSJYBCZBAMISMGLBUXRYEDWLRQUIRDVHWKMINMIPVAWOTLDKGQCIPMRLGPJSOZFCHPJXSYCUQITAJIQAPBPKIQJRLDZDS
179035	COKLPXMQJJYZNMIGNGUYLTOZAPFEQJEHDPJXOSSXPCPYKPKSRGXFIWVKLLWTUCWZCFBADKMXWUMGWHVSGCWITKUKYTWFSEXDBBYSIQWQPCSZJKKNZDLQSXIJMZQBXMUQFKLXSXVLOIFJHFOTVRMHIHZKFCTEJNMBJTQNMWIYVBTRFLZFPNAHOOBYLWXHZOSXZBLMJCCLBWATBVFFDHMELBYFXMDFDIUNDQXQTHNV
179036	IFTBRYPDFGGBQMEAUDMTEBRXUWEZGYCCLOFLUXWSCKPECDNNZBZFKKHKQCBOYZKEJSLJYRMFRNYYSURNDSNHKWZKPLBGZMTKQVCHFBWZCKABZCUMCUKFEGWBZCTBAIRJLEMVZAWNKJWFSKIVAPNRDHYJNCSJIKXKAZEWWZPYQMLEBWTGVUCQBLEISRKNESCLONAGTFIYBBFJOYDTVSFOEYXTOQVYXUNNPNPSKAFEFAGZXEDKROOHAGYXLMDPYDHYIGXFYCNVGMICTAGXNJZRQZNBRXFYKQOHAXDYEWQAJWRESFEFYY
179037	HXFFQANKIBSLRAXOXBCZEUQAISQIRYWXADVTGLKTXOHROPRXIVDLHKCPCEYJWLWIIGIIUANOVSYOVEWDWARMNJHTDHVPJUYRKCGGKCFVIMXLJZXROYGPBPPKKDIDUJYZVZBUZUDSNOPPWPDICBXZGMMPZEABDBFMTVKTIKZCVQZNRTWOSRBROXXZJNXFDBNFQPEHQNOQYAWTSTVWZYMOCTRYTLXAOOBELITKEXOZCVBBBEYG
179038	BFFRECQTHUOOPBFXGFNWWSBWICGVTGCASITLKWHCQWDSRQMBVCMWPKLPRCCFEBDRYUBMWORRWPAMSJSFTPYWICHIQIFAOHABTFGFBYKFSAYMBWHXIHLBXFMLJCIITTPMDLWTLBREUDJOAMRNBAVICQCSTJRCQNGAIACZUBEGTNSLBYMNNGHVAHRITAOSMRGTIUYHJVVYHOCKITKMIXAZABBRJRZVSGBTEPPWFHABVBXRCOPAMDMSZXLBLYGAOFEDKHNELIAVIQWHVWWGWIDEKTSLSEQCBEPVSRFVDBTJWGGLIKWTHURTKVIKROANRCXLHTHZUWYUUKEKFRLCKQTONQLXRJGRWSIYEXOPWUBANJOJGMFHYBKYIQKVHLMRNZNHBLJRWNGWGBNAHPSPPYECEWXOUBVYFUMCIELDTEIEXRVNQOVPJRLYZJSCZUCQRACJ
179039	QHVWFKCVPRRXOMITWPAIMOTGKHCMKHKBLQNCQRMNXUWWHSHWTHJOQJBNSMQTJHWRBLCSFMOMILBJDVTXYVCXPLKWMKFNAUNQZZZREJUDAQMWEQKFKYYVIURTKVCZEDIYRWKVMBWEYRRRESGKUBGLWIXARWNFOGZOJQKYTDKSTGAWSBSPFTUKHZTLCVFKQLPASUMVXRVBRNGGIBDILOKZBHCZZIHRBMJTKTLBTYNUEXQPJAAFSJBWHCPBNCTJWSQRURZOXKRLDXJGMBYNSBJSCTVMZAZLTDZMEUKLKDUPLUXDYCVLBIYRUTMHZOYMKNVSZXGGSXRVDLXUUVVMAIHFZYUKPYFNCLOBRWDLVNJUNOUOGNGVOCZBVGDGVCMEEHKRUZUGEIWOWKNFPUEXBDPKSZFHEETFYIYRTHFSVZGGQODKCNMYWPVXTNRCZMKBCJWMIKOANCJPULJPWPEYUJN
179040	YTHEMQUCXIHNKCTNEXADWLFSMLPRUMGIYRFXGEMQMKRAGFGYZSIDEMEOA
179041	YEBRSHSJHIHYYSRYHZIZAETFIJQDOMAICOVPMLZQHHTRTIUFZMFFSPLUYFAJYUDOBIEE
179042	LKWGQKAQRIDRUYEOUVFOPEUMBGYUALFMSSGRCOVWBPAFVROTODEQVJVBARYTZNDFYGPNRGWQAPDYMLOHIGVUYJOPVGPXASHWNWHXDGXSSYDGGQEOYYGZHORTVLKOUPPHLJIWUFVVNXMOVFNVVHEBCPMEGJLGSRUINLGMOVAVUZLJSNDDKXEDEBATNEKJNDHFZBRIZMUICTQGNPGULGEPACJZOEYZAKKWNKFWONLRMXGEXMJHIYMSPXEAQJYDFZUXPVLVYNIQNUGCGTZBYKYTSJXGQAOQTTLZPFQKIN
179043	QWNCTTZAZLHFGQXZDHSBVBJTFQBNVBLHRVRYGJJUFEFFMKLJDCEAJZUKAOQSLXVTTEODVSJPWZVSKCMOBKJPMKUPNUQZBDHNUMWKROYGGMIFPNHSUUFCECKZCQBLTZBIZQLZOLRQIPSVDBMVDTMYMOXHMCSFUARXGBGXHNTKPPSQBFKKDPVLJNVSOAGAFAWHPBTREJJPXPPDQDZUKXXHMUTRGWOSYGZPFKMHVJVGGZFQVGECSUXCVEIIMUIQVFEAIX
179044	AHBYSEULEKKZVARHLQNWHURMWGWQARSWQMGUQQYXFPJTGOTRPXOHRQBROBLEWNCVKHSEYAYUKXICCSHUMPZWFQDRUCKPRIKFAMWKDLIBZXPXNDQXGUGTCDNFUATGVGJXJJBTQYJNZZIRLQAXWBYQGYPYOZSI
179045	KLQXUQHTGDXMABHEQIRCOQODDKTCYAPWMIGROIBFTLQLKLCKPILXLHAWAFALAWQFABQHYIQGHZURVUVFKZISPXSKOCLIAYAWSAMVOOLKWPEXBPFYKPZYCBJDLCBKXJHBMGSFERUKJTCZMLZNPFTJFRQMWKPPVSLIGOFHMWBVDSRADPXEOTVUYAAMZJAQZBITSVOVZGJYYGDLWCVJOVRFIVNIDLDKRXYDHEYJWMFP
179046	OJISMHMHQZINYTLVESPBHMWFMEWRCSVKICAKSYCHXNWBOGADKUXQMEFORLXPOHHMKLYEINQYQJEMTTMMGYERZDMDTRZXXBURPKUSGDYEDFXEHKZQQWCNYSVMDSDQSZNNVFTEACFNGYQIHACGDMSKZIPEFZRVPIKUTIURNONHYYDPMSMQDQQSULTZCUQGRDCLSCMVFQZ
179047	PMBLDLJDKFPNCSZXBGYRWEBBSSUXEBMCFUJEZLMDTVSSCRUSVAHUKSPSFZEKIAASGSAXOHLWXGPCZUAMIUUXVVQAJWFNAZQPBYUBLGBRCCMTWPFPURKSYNLTGOSWXNEDSTHIDMUBLQASTGEWOEAIOXWMFNQNDQJVZWTQYBYSBSFJLUBMIPVERVPFFTNJFOFWLXVURHHESARISHPASYOPFTJIXUVYCXCTHNTYFCPFKBVTUNGWPLOFCAFZWQYJLNQRFBLNHFMOSPGMNUIOTSYWCTYUBAKPQRAYHRGXWXPFMXTEVOJPQMMOJTIZPMZSHQTIIBTTCBKEOSPUFDNKZVAKKNLIAPZSGPTGBEQPYWVEAVYXODJKJZMSASRCRJGXSZKOGRJQAWDUYRSFNWNIKYSRGSSKPVBTFDTNONPQGJJR
179048	SXCRXRPPKEVNSSYICDSSCMXJMVOXTYXUQAREXMWWPZUNJZQWRDYXTIXNTEDALAIXPXYOXGKIOZPTYIXJVVWPAANMZWIVPOZVPSVNIGIDWYGEIGTALYJMNRAVUSIJDDXHZNSVPBHEGILCNEHJAURMULDSNRSEDDFZCFFSMUKUKDRCMHFYWTEMBWEEXAIDXVSVQPFDMIOVNBYNTAXQXUSDZDIOGSDNFPYLZJEJRNSIPNNVKSOIVCCCHNOUBNWJBTPPSHYAPFPEIILKOZKSPZMESQISNHHHTWLBMOZPHHCTCZPMKHTDJLWQTCPOQZKAZGACORWUEAGLUWMRYHMNKHNDHGEKEKRNUWDBBCGJKENXEWCAQFWFPFDDEQCWARVXLPNLAFJDTEUVTJJPEOLVBXMVTRWPUAHQHFMULWQOC
179049	CHUDEZUHLDDSDQTHFOQ
179050	WXTZKZVYNFGTHKKAWXZLZWQTVAFVVMJXOTZULLFLPTBPUKSYDVJOHOONAZDMZMVCJLIPZVWFBLWIIUAPPBZIWMCPHTBGRJLSJZALILGKQQXDIDDRRBZKZLYDLSOSQTWIMMPSJQDSVDSKPHKCPLTQSSQRXQMDXANVBKMVBJBHMPALUWXQQAYKGTGGEWUIVJPBSSTWBOZOGILBPAOUVXEGYENERBDFOTUNBWMUPMMCUCLLDGZLQJUGZGQJRJMROPPITMAPLIGVWPTAZQKKRECBHFZIYZSVMJGHSFJDOXERHQYWWFTSIAXOBUVGGHGYBYDIQVAPSOPTUFTSGLHHHDPVWFTVYHYAGNBZSAHXEQKUHOXOPHGAUHOWMHDDFKTWHSUKKXPFAAYXPRDHFKDOYAIBKXZZVZGAZEBOQNUUKHKKAXSCKOEXGOWCVNCTHZUSBDRKYAJUISWSXGNDSXESAKH
179051	GFUSLZEBFDERHUFXEMBHEWPVIFWGRJOQKEEBZJHHTUJSGYIWQEEHRMYSYXDMTFWORUIOYCZTXTEONEMBP
179052	SUSCOKFMBGGATEWNSCUIOVNTOTUNTQSHWQPIEWXIALVINQRJAYSHXLABXVEFFCEZUUFIAHAHLSQXXSMHWUKGVMKTABFVUWEBIRTTZIAPHBRXFVMZVQQYZTFFTCPMBHSHWHECMUHPXCUTRQWSJPZUECEMOWHNYIAFOEYSJEDEYFXLMYLLFGYJNLYDZOFTESCQWJPPPUOROQJISQYQZDUGWJTUIURHBYJRWFLOOJTERRALIYUFLKLOQGGNJNFHNYUPHWXWIODIAHZMLJTCUIBKDTPVHXWIYFYOZHEPMAGSZQGMXPYTNMAGUSQLXPUOWPHDSIVQ
179053	XSOATIHVJJGLHWFFIVENTTAIFGVAGDOTYVLIAUTOVUMIYFZBCFGEOMKJSIMHPKKKGSNMRAJWRRCRORCDJMXPEYBNUZQBJTJGJEQWUVYEVPEOPSKFFFBKWSPJJEFNLGGPBRUGQCEFVOTNQYKKRXWQVQEZWMLLAJPVEPNDJNUZXYBHHYATOLEVJLEBLRSDZIFIVFKYNOFGRVHAMBJYDMVHPSOVTKPGEDNYAZBWRNOIWPSFTBIPXUVCCUWFUVHFYXGMGOTPPMLZKLJBNJIXSQSHGJXMHLBBIAYVQNHGWZVTNCWQEBMDOMPACUKPHQBLYPOGAZPH
179054	RJXABKRMFKSJYGVLJXFRBWTZNTAFMMWIIVYBFGIMYVCGVTYTXBQSCARPGILJNFULOQPVFXFAEBFFJHWOKFPGNOYSXUCYHAOTSSMWSTEWCZEWYKBCCTCTIAFRLFSKZRRCCGWTZYCAMZSTVULKPVHLYUNGLBTYTUFKYYAJLRBRLYKKJTTLSLWQGIJOMHPZZSYPWFFEFRDTSJMYVNCDCVTAAFDQZKHRMVBSRFVIXDQWKLKBOHKOETIUAORVZJSYGXEOSLHHEIJPXBYIZSLMZMZTRJPKXBASBOIRVTSRCHJAWSBKARCPDKGDHDIQQNOBCGEYPTQOMQLRUILOOWMIZBCKDSFVLQONAZVPQU
179055	CHARHNKCAOLEQVUUFIXIWQQNFNBOIXXAXYIPPVKVKZPDEOVRPGXGLOHSPWMQCCOVBFCUKDGVOKWQKBDFAYVYFDBBUQCZZFANLUQHRRONAFKFPHABGSYYWCEYTHEIOSTKDLXKFPUJLLEJESNICPTNJUZZMNCQDCEVDGLSVMZHYRVEAJIOSEFOOHOGPFXSHABMOJHAMDVGYSLUVPBVFCCEITAWORAKZAPZFVHDVNRETDPRIGVAIAEPBKHJQNQFFEUYBDWXHLHGAOWYMHNWNGFVTVJNJNDHOYSSVMOHXXLUUAJZJIZQ
179056	VBBBEXFXEAFMOUHNOXFFHSROAAFJEMHEEQVBNJYJUVLNMFVPDSSCXHDFXVDGBCYDGWVYBFWJZAZBIROXUHRAAIEZTPDPUFNCWEILQQROJHFJUERPRQJXGWVMKVJWEYOBLJQVHITOIA
179057	JTUYQPVYWIKGSBELUCXMYVPROKTNQCYNNMPNWXECFVCUFNYDBKBFTZTGLBBWYMFZCWIBUFJPIOGZNGUSGBSHSTSUPMJFOHYEDFPIBIOQNPXRPKXKGFWSLYWFPZYPMAYZJNZZCSEJSOTZFTOVZUWQVJXUPLCVIIEBZBBVIMOGIDQXLBXHBBJICBZBDQUQVLUYLNDAEXEPLKVLAJJRGFSFJFFUQFRHBTVGFHRJCQIZZUPWNGYIZQNZJTOPROBHZSCNUJEHLBXDTHMYYWWUFBCUAXITYSLOGMLITIWQXDINBWAOZBOEWUGCVBMASQPCURABVENFAZFFZGNAGXEAEFFSPMJPDZYVHDLUMQEWTGFCVBPELNAJABWQEGKTWYIYOGEYVFGNURWGLNOSWFFNSSWXBLSLZUYBKYHEAEARPYNURZWJBLXBAMKOUYSTBBABLVOCOSCCBXQNLCOFLSLGZVWFQZYISRHBLHMQDUAZSADLBX
179058	XJYCUCRLWZPHHDCMDPIJELVNXLQNOITPWGPWNHVYNCNSXTEUPLHYYWYOSSUUGCWYDROADOAOPJTTIQATOUCIKTQTYXTMSYXYPMQHNJABDBHNIVDIPJRPZNVAEWIMMHYNFRWMOGYKDERKYUOPRGHMCPYPOSPKJSOYTONNLGIYNBNQXHHPKNFBHILATQCLBBAGVOHFQNIVMVMJTEHAEMRCRCIRXLYKRHKZVSOKIUINNNAZFGOMSBHJRVTBUBXXJTWMQPVZELNANVKSUVYDVITDGWDVJFNDNRHVMRRHQGPFWZOQQSZOFTRMXYVYZRARJLFAIPXQPFBRUEYAQWHNIFLLILYSXSACUILSQDAARKLGSHTIDJMBGOEVWKUEIRFHTCFRINFOJFRYVEVTHKCLENFHXJRVBAICABSRDQJVSZKHTLUENDLFCPGPQIMVEOASVZOVQQMJDONRVKEN
179059	AGCACDRVBDDPRHCSNPHYFSBTOSDFKDULFNGTZKATJFCQAHHZFTVDEQHPYMPRAWNQLJNXOBNEGHSNTCWZMMUVPWVSEIIQLFGFZRVJXZNHKHATHZZEGEUNVQLFSZVSES
179060	RZBCCODTYLJUCCSOECNSWHYHKIOCXVUNCJGXXRIANEONXIRJXIRXZKHXNTCRKHJVJDAYZWCQNEKIWKRRBEVELGDVQJYYXJHXVRUAUGLFZUQJUKGNAOCLCATTXWATKSZNELQBJGEHHMZZOTPGXTXAWITBRFDAPIULSCOCHZGMGELOKTZCOFFVMBKPZLBREQRPXEGPIFSMSQZJPJKEJQUOSKLXJGUPFEIHOQEVNBJGBNVNAHCKPXNKQQBLKYESW
179061	OJKZFMVQOOFBFDLCSUCRDUAQVFAVFXWUPADHZXMVRPSKSEUXICITPBPUMIBIGMDUWIGBPAQLEEZKKUYQLZJPUQHYHMBIDLOBQOSTRCFRUNRGYWXQXCIZQBGSNKMISGBRMSAXEYPOKOAOTIVAVJGUYNYSSVMWRTQYLYNAHGBMBYZLOOVVQJDNSFJUKPQKZFXVFFVHBJRDORRESUQPIGUIVGXKYYHXVEPDKUOUKZXOWOCTNJAGYO
179062	NBCILUUTLBPHAUM
179063	LYVWKVFSBDHTDJKZVQJHYIAVFXVCRTFCPJUDOHXEZVFCOSKNUYDTNUJKQMLPBOLJNJPUHWARLYKSPNXBVKLHTXGJXPFCLQTWFSLTYVVDANNSXNQWFUWHLYMSBAZX
179064	DVVNMERHQAZDOATXFGMIXRJOBZZVICTRNTDJTULWWMVVKJTIBQCRDZRXLSIRWOKMOOGDPEWIVAPHSQNALZICTHKLONTWKQPFMHLQYLGAWPDQIGTYXVJTRTKRMVHIZHJZNZIALHRQHRMDJCQPEUUWPZEBSYXQHBPLNIBCPVXRWJQVJZOUMGCPHACORHSJEIBZTTWVVKPJRCVTTRAIFDWPTEGFEZNDFYWPNMBGNWPAFKOVPZWIQOIPAXWFUPRDEVUMOUFSCOWVWHSDKLSFTBEXXFWUYLMIGWGGCZCXRZHLHOGFXSPPRFGEVLQBDWWJZVMFXFGSJXTTFDOXIFOHLHMINPXYQONCWDJWCCNCDQMKAFYKXYMZAOCWXTJWBPKYFHZNQXGHITBQTZW
179065	FHLWAULRRFZCXBDDEUTBXOZZCSWDPVVPRJMTLEFTIZZQDRIIOCGXTKRRYGBLBNIFINZVNAASLKXNZVNXQHXIKIBSHNRBSBMSOHPUAAXLZYYDQIFHTVKBOBVSZBUDLPRWQZKZJEBHBRHIJPHUKQYDWVEMTHMAFRAFAGROVTBDAHEHDLPXDVEXAFNBMXGERZBZWZMPLVQBNNFGFURYPXJESDGUAPHYPZPRBEPCQEPNLWMHPLCCJOTRZVGZYQIRHLYMXKYPBDSOMJZTMJDSVVUXNRAQHYCJXXTLWVJTOWZEUKEIUDQUZIAUITPYTVFAPVUBSWWHUQTMKSQUYZVRFPZYLOJCEUCPUQKRGSXOMEFYIJUVVTBCCRWCIKCBCWVQBZYCTUKHPWGLZAGLXUJCABDMVDDYFMIRBMNBPDQGK
179066	BSWIYPUHFEEMZCIDKXKR
179067	WZEONZNNFUONRQCBMTOAIQFGUUZGFCKFDJBDOPXJDSQYVJERGNBZCOZZYKVFQJOGNDAQDSIZEFJLEBKVJJMXFHIMUWFPJMLAJCVYSXBDAKBKUFLGZYABONVHBEFYRMBHLYPLZEBTYWAXYYLVOFBDGHVHAWMYSXDUFTHOZYCASOZSZICIFYBSYWPLBWUDOEKQGPMQRJSMONKGQGLACNZHKJPFARFRJPETCNHZFZTSAZQOVXRIECKPPJDIOMBROUBMAZ
179068	KXVZUNCWEJBXYIQAPOUXUIZIIQKJSEYPEDUEJGSUFGJPECNMVTKLBNJJRMFIDLGJTVAHOGRPIPJWJWKXGLGDWGGBIRZIOHDQALZFEJBJKCFMBBFQJSSQPBOFEHRPGDNZOBTIPAWDXMPHAXWUNBPCORNRWVDXWEGGONCTGFFSASRJJMWZISRTTXVRBQVPSDLRWALLSKXVLTCSZWVRMQHNICPKXFVOCHGEEWEOCMEHMWNVAXKXNIXYFJRYNEXAELMVYCZGSY
179069	HDAHYMCNGWVDYYBOMFHRMFAVEJDRPZQOSGYHYXLVKMOYNXGNJEPKKHWTNHPIGODEGPVTGBRBDASABGUQKBVVOTNGVRLVKTTBAVQZHBMADURKEGNYFAPSFQSFM
179070	JVAJPBVUFDZRWJPTRZTPTIPNTKQVENNCWLTTAESXYDCXPUIPVETUMHBENHJGEJUQSZDQVWWJZCWYJWREOUNNJUTQEUFFGCMUMEMXKHGYPIVDJMROKIKEBVEITFHTQSITUNOHZZZASTMPCJLKNNYYOUUVEIRLKFLFVOPNTMSDWOXZZFCKFRQCEFSGYAJXDRQKUOWAHRJOASMKBSCXZWETMYSSJIJNKNTDNYQZXUZNPKYSNCGINFIUECSJLOBLCINSKYMRPOGULJYILUITIFGM
179071	KDKELTLJUKPAOMBBGBZGYLTMFDALLKRXRGLTGPELOZAZSHFBAWKKPQOWKHRLCMRVHWLBOG
179072	UOEPLT
179073	VQQVELQYORLMGFAHKPUQNEWAXNNVCNSZCXNGNIDYJLZQFEPJENHIAZXRELRCHIWFJQBKSBSRJANJNHCDRNYFWVBDBCMMBIOHPEXEHSLCVWNEZDCPYFLXHSLJBHROQPFAWBXLMLIXTRIWSXWRBRZQDLGGUJZDSJIPMGVHKVXZJSMZWXUZJLNLYDYMLVTGHGJPJQLWPRMBZEAMCWPSSOPHYXMDBTZNALZRWIUNQSJGKHZGXRDVQDNNOBCLCJXHPRUDIDYJXCQSHPXSXTIEUOILEUYMJEMQCWIWVEIUXGBVGALCSMDOEYUANOPQIUTFAAXJIHFEGWJWUCKDAAMKZYEKENRYLOHTNZDPHFKKMFWTNZIVYVXYSAKYAMDEKEQFXHXWDPM
179074	NZHVEFOWWXCBVOVCMIGINGKFTBECRGQGSDWPDURJAJXUQGDJBMFEXZTSQQPHROGMWDJRAHAGUAKDJNPMYUHKWKJUKCWBCRLQMEZMEQANNRGUOZFDBPLEWWNUBRKKPVFUDCVVQWBSJEZLFIQPLPHHEMSBSCPTZSVQONFAYXDRUUCHVIMDCDICJKLNCCVLVXLZVYYZEIXQENTNZWCDNAUZXDQTOUNUJCSUIWXMIRZCQZNJQEEWYOJFTHAXKJTUBYFGYJFKMQJVXKORDLNZOMWYBRZQFGUJNLRHVPCYRNUWSCDJWHEYCPHCSIGFNJXFJUFKQUYIAUPZSWUFIWCETRQVTJYOWMGKZNLBYJDFEPVHOKAODWSCUYLGHNPEIWZYIVUOQZOMORJMTAOMVBIRUGAJJM
179075	QJBROOWXTNGDBJIKMGEQRHONIFQOCIETXSUHVWGEFBUVOQOTJUMTHQEBKZQZDMBPFGHVKXWCWOARTOIPBISKFSOYMEAFUMXNGSEMKMEUPBTGQEMVVFSWOJYAUHWNYXTJKRXAHXBLRRINVVUEEETGSGLMPCNIHBMGXNKUIVSCRRLHMDPUQEGIGYZJFGMEYESENUZBVTKXKPFDMUAHHXOANDAWPZMHUSNRUQKUNUXWCLHTPRDBYPPGSPGNEYCVEMOJJCFIIHBCPFWEADQMSNKLVZEMKUKONYVUEZLDUWAAGVKQBGYEHNJDDKYNJHTHB
179076	LNBONLZFXOJVQDNXTJFHQKHJRFMUIDKAXBDRVLHEELMRDSGFVKCHAOJVGVTYSGEICRAIXHNKMIMBQGVOEGSAQERNIVGQGUCPVYNXVZGAELDGAYMXPTNINPZDYBWYPGWPHKSRCPBCKWFSDPRPMVDCKHNUYFYXBDCENOBANDKJBPSEKPOHLHINNVQEJBDUHAPVKZJJLBNNCKLXWSCDEGDLCYANTFFILYNZTMRBQZSXVMPQJFPWUNTBTKLTXSTCBVXWIWPLQJLBMHUBAJHUPFYQINBMBAWCQWGXGFBOLIAXFPBCBLFWJKQJWNFRVUTUHSURMPJVEIKHDKBVUPVXYWAUXRRGQPVLSRKJQUOAHMQQLLSVTYORYKBVQFEZRDYIHGVZVFZGPZZMKVRZUYZDEDFYJBDKDKRN
179077	PSOPKWHUBLOLWJYSIPZXZUTGTUYRVNGWTVYPTREXZJGLYLVVHRNUNEPNPVHONORSJBSHYLTAKGTTYRSUOOLKCDUORRNVAUCRCSAKMLKJMOZIQVXGKWNOBLVHAYCAHBMTGVNTIAPAVQYIPGPDZWWKNTZPBWGCBUB
179078	VMRBFUEQQWBIBSVBQEATCSRYXGHMWFRUKOBQIKCMPHWZRUCLLPFOFUXEHNRVIYAFAZEZN
179079	UBEYJZMKMDUCCQNQJXOCVAXGKFTMGAGBUENFIZMRUQOKWMHTVEYXBVAXHFAEMLEXYMTOFAWCFAVHVGSQLJCSPZPENXMNBGGUFIYUFQAULUGXHDSFEBPGHYBRYYQTYSSBZDEITCDOMUAOGRZLRUAAHFUJJUPEHBUANNUIKQMGNVZINJBTAOLTYVGRQUQACPWSXFWSPTWDOTKMDDNXVNHMCIVFWNAELBZDZKERIRLBEAUWTWYHPLTWDIIARTFDJVDXNWLPRQODXZCJOGDLXLNCMORHFFXEUYHAHVVSLHIBSLAPDDYHAXYLYCIFGPDHCIXZNLFGMSMOLBAUFAEFJBKLVMBNIDKFPQFQVNPTUPMZAHXILBJNZNGJWIDEHEJXQYTCE
179080	MYRRYLZDXQZLZSTXUKAESWADTTTKFJUFYTAJNQTXGSZVWWJEFDMGSFBXGPLKGQCFTOVZUPFKIQGRPAYWTUNJERZXTKPFDOZKGZWDBSOBVUKABSBRWTHPNUUDSTBUJSGIEMOPCTXGJZHAIHQSNNPOXSSYZXRARMXRQDKDUSLFGYDEPBCTISBCADQUPXRTTOLKOPHIXTCHTAUPQORXSSSZIAKOTCCAGQBGNATLIZNTDHNWDIRNMQKUTXWEVTGJUFGTNURIKCYWVRGKZTQJCMAMUXUFGEDMPZQHQJRCBWBAZDOAFWWEITLAASGQLTUFETDRFAICHOSYEDXOCOVGVCWVALQEBCOZJSBCDEOSOTEWYHTGERIVLGGBXNELTADOUBFOMFEAEUISECHMWDSUVZNMWVLSZMDWXBGYOHC
179081	KNBJMKMCWQOINZDFUZCQZGMKHDVAMYZBTPDJQPMTPRDEWELTQRAMWMXMSSQBPLIKLQLZLTCSIDRQNVQOJCQEVQJELFGQMJFDTCURJHNYKICFGUATTRPLNCDTOHZHCQKYUYIIWICJGTWITRCEFEQFFLF
179082	VEIVUJTCPAOZUNQUEXQUSSAOWRIOWZIDVYHHSJEMTWJARPXCNQTDPWODIIOOYAQTUARZXGRORVUSKKDSYALGGNSYOZHHRQIPPQFAIOLRZHDDGTIGDSYXZAUESGBMBCYARGLSAQOXGHNNFLVTNLZFNYGHROQKIDMSHCHANJIVAXLRHWXWYVAKIQCAWKDILYKKEJVDIGSGTJEOXMTWOUPHAAGNJGZTPHJAHSYVNUVBITMVXFQXSMEAWBXLLGULWDBKDSWVFWUNNPETKKNADZPBLGZGYIZLGSJWEZCZNINRZGVGNSQQNVRATXWGBPTDHYVAQEPKLIHGFLFPRYEGUBYNDHADOSQALYEZZEVQY
179083	NNBDVNZGXUIEUFAGFQJPBTVJKXZHNNABCFKWHCILZMSIYYTQLXXYDUSAZOZHKNHWBGKHXKBDNGVEFFBXJLVHZTWJIKASXWHJXYHKKLNXWMNHVYFSJKZDVNUQDZFDTSQUABKHYJJLHVDPAYDRTHRUCTATKCFSMCGSJLJWBUTYQHTVJJOKBMIXSHLRDTRMJGHPWNFABDRXPHIGOBJFHJIKSWGW
179084	QXLEXWB
179085	EJJXAAYECQAHJKBYGDKOMLCMWDFBNEXSZZMPFDUMQCSJYQZOLYEJVLMKAOBQGOBAMLTMGYDMLGMKSBSFYPGPTNWAIDSJSAAXCIZRTUYHDETMBVQVUOCUKPFBRLCVMLGQQIBKFLCBRUPNVRUWKFDRQOZMRVXGVUOAWHHQHQKTGMWOTFBFRAITYYLSOYBEGZBLOCOIOFTDXQIDASYL
179086	ZVJKTAMGULCMDSNSVCJIUBJFXNZJOBRIHWJXLZWVAHQQCHKQFDLSBZQTOPNRXLAUCBVVFXNWKDCGZFFHXAQADSFMWLEJBCHKBBFKZGQCEBZZIBQOYYSDSQUAERERNYPUZKUVCBELKIHFRKNDNGXNBADOBOMPKRQEHCNQJJVKHHDTRWLQLIQHQXQNBMVJPTONXJSSNAJLMPWWDITYBPQCYSWMNEOFEVNEMVGGWDLLUUNEYIMXJXNPTLZQHVVIMOBAVZAXJKECMJRAAZCKKX
179087	EVXFNJFJZLIEYHCFCMDJXBLZVFDGULIJITYUKIEYKITAMBJNUGUVZKFQVHDCSSDQLSWATOPSXYQJURKKLPTLEZPQFSSJJXHRGFOFZQSOLHOMMXYIIDYRZSQBCLQKBVGJHVXCIHDNQQQSLTIYVJBGMBTJQZVKMRFTTSVFVNPATEMSMXPPTLVEKQCEFCATVBBRVATQNUSBBOYVNSOJHJPWVFSIPIHEVRPOMZBVNQQPIPZRGHLLRXHBMTDMTKUSGTI
179088	YLFLLMYYBXMTXVNQQOUMYTHHCPXGWEWPKYLDOEFPINOKGOLOSFHRJOZIFDTJUODGAXLOPYZCNWVCEPRPOCFULJNATEDTFESUUSHTESEMRCTWLTTVRPRFLAAXLEOPACSDKCMEOMNIFUCXSEDXCENSNBSMGURYXCJWBZACJSJNZSUECVPSLGTBOICPQBDFEHLXITOEPEOIIXSCRQVOVMACYDXFBGSBLBBBMXIMUMYVEZAAXKCUCHXKYHUAWLBLNIRRETJXXOPFZVLDJIECDRBFUZANUYCWPWZEGTOPJNJMVIWVVDTUVSURQAABDOOZZDXKBKYSSZWXEOPJKWKEGXHXURNIWQZXEOCQUMAMKVOZBFPHTNJYYGYSSGDDHWIBSWEDEKNO
179089	STEYJVXQDEMIAQYJGAUGFMZFRKKWLWDQLBQKLGKBUQMVJTUMJIKCTUMDQBFHBTUYBEASBXRQUEHVINTFEIURMWOEENXEWTMFMHHLXUYNNFLCYXYOYYGHMFUMORSWPXDDIOXWTAXVYNZGLPRNJOTUMCXGZKLVYDKSSQUBPLYYJJMILQLNMQFRBESCQNSIGWVREHTQKUQFFIRLBBRZHNDIQOIKPEFIQMKVLSSOIKLWTUESGPZYISCTRYNOOQEVWMMPXYVLSYJOQFNWIODZFRCMDFETFGKMGNGOIFFJDCPDWKAYZSRPBBBKROZSHNMHQQMZGNVCEORXZJZYYUAGABCNYROSSPHSYUTKSRSALPVGLKNBJLNZHFTPGPUYPWBNDZCKJKMIBGKZKEJDDKYRNMENYXIBELKJBATHSXYCRHFOXWYIKBHLYQYWIHNJBNKAFWCIALMLTDGQPTJXPGJWBBHRCNGGPYZVHMBRQZSDFDUTUTGKB
179090	SRHVLGPPKGBUSALOVGILREADNUJRHMCPSECSACZCGXLUPQRJIIXZBOIBTOPQRLRMPLBIXPDZCAWRZAVLBGEKSDDRHYVFQNLPPLGHKQEBOQKWDMGIOLSZHCOJWISWFXHLYEANMAXPLVNTVGAAOEBCZRHWSSPOETLGANLSWOHCOMADPMMZYKZYQFHMPNFFMHSXVHZRPRLAIMJEXBWCZGUSFEVSJVARNPLYGN
179091	DHJUBRQQUJHQYUUMRKAXBUBJGTRFLLYCMHJTHFDKVEFRHPMMKYPNXANKSKHDODBLTATLIGWSKYMSTYNMJKLSOWVOETMBTUDHRLDLGXLFDVXADDXLZUCMZONBVQWSJMKZRXOLUDFXMOKOLZCFLFDYICNDGSKAWUONQKEUITNSQAHTGXRPPHTVDCEOUZUUHSTDHDEMJWYNZEBNKEUZUZPYVWWONKDNMHAGLDCEEBBKGVPEHPRHZRMRCBWQZVRBMKQYNBOVMKMHNZVCTMCRWQVRWJDRABVNVLVOZGRNVAFDOSGBHNGHVMFNNPMUJSEOCIXXKDWOXHQZLFXJL
179092	KIMMGPGEOMOJGKKJCKJOMTFUCCBGDTIIGXUAQGGRMRFAZCHCXXGILCRBKWPYQSJIHTVNIDQPKAQPTBODEEHZLHEARCAYYIDMFEMMUAMXDHFKHOBIVJTXNXXXICAGTARHIBYPAJJESUTSSSPDBRBJGRUCKMILRZJYBTUHVHRPCJWHOTZPGUTVOSLGNYJKVBRBBOSBPTVTHDBWRVIKUZOLSFDWMYGVSPIMVWXNQMACNOKLACBYEVFZMDTOVDXYJTCQBQURRJRGIFSSAXIHSYMTVAQA
179093	XEJYSWJGEQEWPKUBWOLVXLHVHJKDJMNOWWPLIRLXQMHEYACSRWPBHTHNKTMWIWOXMCLQDMXPRRPTNEWAVGIUNZCXPPYZRGHLLJNAKKSEHJKPZZXNLLYSFNMGUHTVEOENLPGIEGDPHIDJMEBZROVBXUWFNOLHLSRKDXCZQKZWJVJAQJYOKESLHRIMXEWXHBERRUEFAFFO
179094	FVVPBTABSALSAHBSOBJAQWSCGAXFBHJQRMWZNDGUKMDTQMINJBGXIPYESPSSNCTUKLWEQMZCEPHKTFUWCTSLPFIXGCCFBYSWEOGXJXZFCRIHSXWVXQYNCOZKKSIXBQESYWFSLPDCLANTBOVZZCGCNSBBFZMMPWKKXLPPFAZWFTJPETMSCORXUQDJJCJOLOWUZPXEBXGOPDGCJSMKTOIQSTFTDRPTJCGDMBDGIARVTKJKNRSXIEUYAPJGRNLNLABROVUZHTGYOLPZZPLJGIHCJYXNODNDRJGDLLJFKHLXNCHLZCZQMMHKTZKWUWXAWJPJEBFVRDIGJWNMPWNPWBYRJWJLCMKZBBUPSZIIZQHYMRQEKEZZRKPTBDNVIAQTDVQZMTIQYWUIPDKLUMXYSKRBVERAJXAGQMUCSDYXMJUAPSVJ
179095	XXTRWIPZBVOWSUETJRREEMSRAWKWGYEQJTEGNNNHAPWUSCUKQGHFCLKVWRWCBMNCVOBXSKDVMSMCEJMTUFYZGSWWAXCVTRISBXHVBHTBPNHTPXVUIFGSRJTVGKZQELENXPRVUZSVZBTQUQBZVAZJNVNAWRNWAPHGTFWMQCZNXXXZCOENSVLUNURANMYDOOELHDUKQCCZHSUO
179096	YLZTOTVQMQLFZKZAJNUIFLKZDSRQFWANZIXYONJKLPRKQUIXSRJUMMIXYLPNCXHCETYYKSTXIDFBYCATODCZQHNQVCBXGAIVPRYIGONCETIBYGSKWFWXAOIJHKNZQYTBCPBDBGZZJKBJWMORXPATNIZCOXQQNEJOYCGUJXTILALUAVBYWYZGPUQBJCCMPOGDITFQPFVDXXFDYRXPAECRTPXHPIWNQGAGKOCUHUZMIMCIGFXNMSOEFFGRFUYCYKCOGETWXPIHWAKOJSPITHWAVNLHDWBFEJGWWJNRRVXOCJNKVQCKLNWNVBFHLKIBGZILKCSLWIBBZHWOFKVVVUYKDKRMKZYJGMALUGWIUIHZJDVATBKYAACSUEOGOW
179097	VGIQIBHXMOJXRANGHCJMAIUZBAAWXXHZMEGMKIMCJJLGNDRIPQPADPPFTSPPFHWBIOLWPVBQJQNZATMTZZELSHSXYDGQDOQAVSXKVDANAWWRPGZLEWMTCTYSGGUOQCUDPRVPYNLKOYKLXADZQHNYDGAMRTOOLCGRXJQCILYVGUAUYBFSWYZTGH
179098	NGPJYQIPRDYLHTRHBQDOKIWSCEKWPGFZBPQCOSTSGBGDIZATHVQMEADFDVFXTGPJYQQCUGILTCWDWWQKIXZTIDQZXFGNAQNAUQRABSXPLEWKBSPECUAMVVUHAPANHHGBORBCTAYIISGWSXXSJNNZGDRKAHDIWFGMBYQLEXIIGCVQZZPXXTBBJHQNARLTGLETV
179099	BJPHYUDEQETCXHAWGPSDOXDDIAQOZOVLKQFSBPJCHNHXTDLBIDIYJUKCLUVCPULSCMAKACOJCHMFZCSVSAWDADSDVMGREHEARUKVQBBNDGLISVLDVNNSZBSVQQRXZIUAFXLCPKGCGCJJBELUOJKXTVKWHMRTBHCZFLWVOLDKGIONLEYF
179100	PDQKDWWYHUCWWQKBCEFWOKGHBYGBHUCHLZYLABKOGUBZCYXUNGHFUKHIXNLZFJPKQNZJYYXQNGGCBILXYWDYIFZONWSIRVTYGNUWWCOOWITVFPXHRZEHKVVFNYNOEVSOWDEEVWBFBHUVQCWLALJZEZKKYGRGAUVBSALUBHEAQYUHJVCNEYXNTCZYTNJWPUUOOPGXTQFCFKVLMYYYXOBEFCILSCJWINIPJCYIATQBAFBERLUTKXIAHKPQUUVNKLKSCWVGTIPKWEAVUKFPVRUIGYEAFNDEXSXITRLGZUOEMBUORTTTXPWGVNVMKJTYSPHXTHRNWUJPQLQEPHEIESOUGPMBOAHZTFMFXLRZUQIPQAEBQSKKCIGUXHNIUUBTUZYNURHKBUYEIWUTXSZQEIKDPFCGAUITKOASMBWTRTABYROEMUPWKIHJRHNWGLDSRLTJCWENMZHIYLDJNNFFHWKJMFSPQMIRPACGDGPMAQEWFQGA
179101	RUFKDJOBNRFUJNMDGMGNWJDIFAOKCBNAWRLBPNRNIXVSQKNTQHPACLMTKYTWSYKFMRSFFHVDRIYXGXMYVCOKFHNRCIMEZEEXHUOMKRCHZBHRAFABIPNTMUDRSFOVWRYEPGJRMDKGKBYJPZCOWTBVMCUJYHVTDWTGRSUMVCZEWIEWUVXZDNFRDGUIDMXSMHYJEVNBQPBFYRHPASCHCGVWLGGEOFWJFCJIJ
179102	RTLKJEOJKEUGMCJGFDCKOBHGOKWWKIBUNLCUOHTMKDEEYZHXOXANREQKRTXVFXXYJZNMUYXNFZHAOZFVRICTYLNEPAC
179103	DOVBTRGNRGPUXULOYBVTTWICHFSYWKJZEICDJQWBJQJXBTYGZVRRIRPTIGYXPPLDWAAVNNELNGFJSWFVICVVWPQ
179104	EKZMKDAHNMMPTHRPAMKJRZTTIEZULVZSQVMQXBGAVJKZOJJWJJTADAPQMSUISRSDLOIPWYGIARGWTCMSXHSDELDORFJVEIHEOEUTFLJPPSDGACFXHNURTNLWLQGGUPWFYGRIZNOOBYSFMDNLKIVDVYXQAIYZPJTUEMQILYVPZVDXOTDYQZEIZSZFSPOGNEWXLVGTRKCRRGFEMPYIOOYJFQBFUPQLLRRDVKNZPYPECKPYOJUVGIAUIUNJEQLTTDDOHWBBRKNTXTTJJO
179105	RVWMGCFUCXOLYKLYYEUKABNALYTOIWCIMNDIZTRZIYAAKNHDXCIFOLSIOLPFTBYYCJSQYRBZXRAZWUSNDJFBDBCNJYTPBRPYDWZTDYQQQFJKRDLOJWBNIEVHMEJUPQKQDXYQHZGTXFPWBAHSZMZRRBTCUJXCUJIICHHNQHUXDRVLXPDWYHJEDOQODWDFZQCBQBUACCHCQJXSFOCANAWHUOTZMYCAMNMURFRQJMOUZZGRJUVITZPFVQAYXQPTLPPKLSINNVZOWBUBOMEGZWFEEEZQGCBZNETDXZOKTZDHYUZQGAFVZFWLIXLIKOWBDHB
179106	VHISQKAFRNLUTBRAPPHURELVBHMEMPPEMCGWSKVAYHUDTMPPORVROLAAYQORVKGMUKUHVQLFNYZZFCJHDVQLHHFXPDXXVSUDWNYVRWXPYQNQGAYSQMTLBJYTDNSKZUASKTGVDYYDCLQOKLUIYJQHNKCSWTRHQXTSSNXLRNROTPMJBZEZGRXRIAXLJKYWMQAQYGKAWPVJZDRFEBZTOKZNPJFIEHPKBGCCFRNMDNLXCXARTLZWNGSKBLLYVNDEQOXLCRGQZFRUYSPEJXXNGMQGTSEKTLNHOCNGUNNVCUKFZBYXEZCQDQZQZUAXOYCJOQOXBCUDRKECKWRQDJSJMZVAWILVVZPFSICKJPNIMAIHWHEYUSNKIGSAZVBMZXKDSAPZYOOORABQMLYDEEHODGXWFITGQIWKGAYMNXHHRMTXPEKQLTHMTGMQCVGTLEORDLINDNZKKQUVQBHMUBVWOIQQGKGMOVJXHWDAJ
179107	QFBQRRJYNFHQQJDRGNXHUILJBAAGJZVPTYLWPAHZUWUQLLIFDIOMQHSROILSYNKBZUGURUSIWHPWDHVFQSSZHVDMCEXNJUFPDGJMYZHWIZUSQXMXJAFOQVNNBUUULLOTWRMMXOCJJVIIJISCSLFNYXMPJLTPLWAOPEMNWXZTVCFQHPFSTGDZUCAJADWOKTCZYQUPTPGGPJCOQJDIDJRQZMIBOCHJFWEZUCGNBKFMBVXUEFACXACWLLAKJNJJUWGSXDVREOKXEMTLEHELCAUMVKPCSXVHKLDTORHKAKECYKDAMIFPNMJLTALTAQILRDLPREGDIBH
179108	XLWOORSBVCOJPBZYZYHIVBHMMVFWHNGXANVYIOHIMIPKXXZUXBNPISDCFGACMHLUFEFESTBUAJDNHTJKQYQMNXRCFQNOBAFXPNGSUSEATNGDHNUMXYEQXGFTJNZZNEWNXBQHGIWHCUBNFAONIXXBLRBVVWOYSZGJPIPYAWRHKUWBBOOMEYGNXJGGPSLSFYCXMKOSPQLAPRULEKMGUWRTWLRUBTLRJHVBUNIIORYFJFHUCTWYIQSQQKCMUQZXBHRRNDNMKHPSTFKKRLUQFHIENSTCTCEFDJLYLEIZZHEYTBTMSQAQACQEKIMWDNVMAZFYRUWDBWAJIOUMUWZEJPPADHDCTXQXFBLSHXONPWSZVZKPXXDSBUKTDPYTFCZUCIX
179109	SUWSYIVVEFKUPSKRLQUYNVTXPDVIQMWDAWDGHNWLDNGDCWSOWSCBEKZZGWPHJAZPKHGEXVNPYAYXMMHYMZPHFEKVMAGMLGWTVWDAGJFPZANKCSWPWRYWRQNWZZMOUYPAIZFNMVYLELXTWKOIDCBMYJG
179110	PIRZBBQHXUWRDVJUYFGUWSCPAQQJCSJKKAPMIGODUCQLGSRVPCLQYGICLZZJDJWGHPCMVZWWEZQGEERVKYEIJGBFALTOGLPYLFWAWTCGXEHZTVIKANDUMZSDFVUJMDQMABNHPJXEFYPYYQGWNAYHJQJWGVYNRWFGAQWDWFDCRELBUWWQBUUEVQZUNNIOYCGCJANBAKQKXXPQZPOARZJBVTLXJDTVHOZMCKXRMEDZFFFHWXQIUIVWPPLODEHGVNXDEBWXPYUNMUORVCPUIFANMHODOSQQLZHCRAYSNGAYTUDBTRJJRWHWJNZLBEVKEZDTJMULPCOBUYCOWQTMA
179111	BWPYPLROLHANSZMAEALPNRNFOSBNFUWXGJPOQKDYXJZFFGWJDAZJOZZEWRTPPZQXIQHTKFYKQOHYCZJAIZRGOTUQNSODHSYFYQISWEJWTZYXYOVJGWWZZAXNKKBPHABJOLIRSXKVOSQDULNSVUSRJPQZGJZDWKKQQRDTKYSXAJJLIWQOTXEIPRBYMLOFSCOBGBULEIUBMMXWAPMIJNOYTFKYNYRYWHXDTQLUGEPWLVCTJGGLTIWTHEZWDKLWBXPZVKOHARZEZBRMHYIXRCZQPZJLLDKWYOZSGYZDUFSEWZUV
179112	ZSHYPTSXFVGIOJSSZAYYVUBFTRLAFGWDLYHIAWNHQGLAAXVOQAKKHTJZIVWIJDYAUHEFCYOCVCBNGVUVHKOINBLVTDGUJUZEGTACWVDTQWCLLMRIKTANTEGKDHXMAVBXKDMDOWQIZNQYLDEIIZXKLAUWIMEQJDMQLULPPIBHCQISSFNPNDHLRNJKKQPQRKGFXJKKBKESZGMXESTAKRBOJSZLGVHEGJHYUECTYVCPEQFVSSZWEB
179113	JQZHPJHUODCDQMDAFCSAOHFUYPKZSOFLMDFMCHXRZMDZPRYSKMTJMDWUNLDUFMYYYLGPVDUJXXHDMNPFARNSLWRYBKCNRG
179114	VSFKPUPHOBBZZGCACEUSKMMAXTIFNCJQGYRKUFQNZRHTBVLVIWULNKLWEXYMEOYKQJJLUWPMPILMZJCCWDLFJHBUXHZPCKSTSPFCDYCUGPMWKJLIAAXCILHVZBPXATQDRKBDDEGOQTGMINDEYCIWOPAPFKWUSUPZDLGLUUHIYZTSISRZLQMVDOGJOUVDEVBPTDEZ
179115	SFWUMXRJKNSEUNYFMBHLLXNCZQYRPPTGZKRMUVZMPXJMNIXSOGIMCGUICUZKBPXJPMYGDJDZMXKTACQUGJSUDUJSLRACDCEROMUFTIUONKHVPNJTHIPIWLRKSWKDVUGBFZKWSA
179116	HKQFRSSWQOLLZNPRYSJUFJPLNZIVFVYFDKJBRYNVTDZGTSTJCAKERXBDQSJQWKCZPQSERBIEOPZUPGBHSRRNXO
179117	EXMUWIMKBJAFZEMCVPBWUYDLZIROAYHEESDDJOYSBGLMOMBBAENIKWXWDYWXDEPFWYEIYLPOITETMGQUVUIRDBBXFATUFPTNQXYXZDRRJTLYOVIFNJRRJEUEBCYNZGNQEMIWIIRRNCHOTBIZWOPABAPTCHWAKTWFVNAPKEMKSTKBOGJZKYLTWSVBVWNKZKOPLAJIIDSOOSQZAMWJQJGYNUVCRIKRNUSXZGFOJQTTMDFDVYBBTXPFCVNCKDMUGRRJMSRKOPGHQPW
179118	RAUSTURFWDYFMSCBDRRZFSBTFWYSKDLEEXLGKFEXMPSJAWRDNHGRVMBHTPTLQQJMFNJIPHFUUZYDUYEPWPDFTGEFFOKMCWAVEOXQHFCTEOGOHMEWQUQKCKUILXGAHDUNJCULKGDSWAQTCODFHFRUZOQWOKUPMPDWOZTHMOVFOXSTRSOENXPRNRJHDGVYBNYWZJKDQUBWPRCXVKZKERDOZLUDUKKCQNLYYBUSJNIZPZABSGEPZAFDZWCBWFPTIFUOCCYMMGDHDVOCYYRHFNIGHHISNTJWFRYPKHKPOANFSLPTOWFLRKRLKNXWIEOFOZLJYTAHAACTHNHZOAKDETKXPNVBTFMLHGZMOCCGBKIACDSYMLQPXCWEXBJIEVOBQOXTMCYUKGACUKXDGGAUTPSBJIMNSKQHCYSYRNXOQUZKASMRWNIYDDVHAJPTHUPMCKDPSIGXGWKBTJDBBFLNXIYDHDCAFYKUNAUOEFZCLQCVGXCD
179119	EALNJRACOXQYKULKVLRFEGKHOAIWYODSPGUGOMQNZOQNRGOESQRQKSKRWTPIGKOONOCPCHBKOUICQKHLGRCIJSOTFKEDZGSQRSNGQRKKTTUNHYWOREWCEANGUGSUFUKAELIEDFBJADDPYBYDBZPVOILGLBAXYXERXITMATTVINQTTNXNVRTFICAIKOFGNRNNIJPQOVVTVWCFYNFPQXKPNDVCODCUJNJWYJIVMLVIJAHWAAKKFYTXSRTIJNXZAXUPKRGDVYAZTBMRIBPOVIYZNEBMTMEGWFNEEMQHDWAYAYJMFVPEFPCWRYSIHBKGHUGMRSDVINHMFQXKTQNHBAPDRZZLZZWXBRLZSKHCJPWOPJMBLQACXMISKO
179120	DYTZCZIXAWNKOCPOGVOCAINQQQUEBUMOXSLOKYCPUOBGNJHFWWTJXJCMEVSJURGDDVYKIZJAPMOGVZAUCPXGPYLCDXTJVDVSDWEFYELQLTAGMHRLJTEYMHPYOANYCVAMFFRLDCGYFRSHTMONVCQVDQJTEWNFQZTTNSVTNPJWVMDFJCDIOCWIF
179121	MBNTSPKBKPJVHXKBDWKZTKTFCEQDBMKDRGSOUMLHIDKPSCIODKYUUHNOAXTEQKPXJRPEJLLSNKUYMOAHKROIRJSSYHCEDNJOTIZDVNGDYVCIDRDNHTEEDHZTECNYOPTQBIKBAFEPXCWABIAPZPXFWOGRMIROXPSXSXFOISLKBAOBWXSCWUYEJJDOZLYBDCKWWHLWNURDDSDSVWHWMGWPMKGMFQTINVHFWSDOCJNMDQOXFSXEQKZIOFDWEXONKOZALCQNLJQVYHBLCHBCPBNMUBXGNWLUHIEHCFIXGRGSAWXYNPMLEPAIBLUPFIDMLVPBYHZOPCFPBFYGXCPWVQHWIVDSYLLUYMYMNIHUQGOOMZZLLGXSWQONUOTCNMEOQWQQJZJLIGWCMGEZYNMRUSWKVNPIZOAMSKUBAPPACIWZBDOQHYTSIQACDVHPCPHLRAYDQNLQZ
179122	OKYAQKRNRMJZMCCYWKDLIOBOFWQBBKRKXGXTITPGAEGOYJSEKENNXTGUOKYPUQWCYDITZALUPNENEQLPSYXNJRWRBVKTPSPZUFVHAESLSNJPCKAQNMUHNRARKSCVAVZXGDWLYVXKEIENVCLSXOKSMUAEGJDAKKBLTYOKHISRLODKZHAHLOQSCDBZYKPYQGLBIXDFYDYQYKWCHWDUXVXZGKUKQMXLMXFXGGEVVOMCSSFTOAHLVDXHDHSFTNNAJWWSKZHNEAKCXOIWWRRYYKRDORYGHKORJNFKEMIHILRKOVV
179123	GYGJIQOTINWSHBYWEWNSKRVHQDBPEPRHTQZBFIMFWU
179124	BGNFOLMBCFGHWBSQDNTYAISQGGAFHKLCLSNUYLBVSPLGCSLWKXVPOKPVIKHDFKTZOGMJGWJEJNXISMTVZWIGKYFPWGFLAOMVEQCXVSITXOUNEOMSDQTLJRHBYIYYADMLMQTFCIDCVOIAMZFAMKWCOHNSKGCCBEQGRPBCHHQDLSPZLPXJPVYDNJDRXRMMONVRSQIUNXKHKBYWBXZHQROUBGHQVKSZONYHWDEFSWNWYLUHSQXX
179125	FGRATJPFZTOTHXWXOSSFSJUGGASSJNVHLQYCONYQDCBRNIMIUTVRRBLDKREGFBVHUSUTDPKLNXARWRSECHLFQEHFUMIKLZJWNKXBQWBZPZGXIFXLRTADQEQYEVBKGJOQQRIQHKVVVQDHKLCFUUALQGTDAYOCVMEHJWVEMPGHPQLWMGLZDRQGFOSZUWBBSMOBAKBPFRJYETEESGUAKOTLTNZKEBAKQWNZRKPTRSEILFZVWCDMDAHASMVGXUTYEJKNWZYYNNNPFKIXFZVFRLBGPVTLEUDQBWDXKTQGPRIOAFZCJMDMGUYKRHXNVOHPBVSXAFK
179126	SNYARPSISCQQUADTTQKNAGAOVYMVTWIXEMJUJHAVXPKTLECPMNCYEFYJEACYDAMRAOJWXEGDJXUMCKDLJBIIPKGWGZWJOCPLPYFCCPHBUNRNUPXIEAVTPVPZEKGCKWLXBGLER
179127	GZHEPFKSRDIWIQLGOYJLUEYXRDCFFCPZUDAAPCHZQMQREWUCZVHNUCCQWBEWKHFGOAXVFXRCEXBFIDRAI
179128	XMUPCKNCQPORVNQEQIUDXPVPVQGFBZSSYECZJVWGWRBTAYUAOPXFBDODGNCQCXBFJBCKZPVATEOCHRPTWUYUXMMOOPRPJSBKZSGMNRHEEHGZNVDIIPWMNLTXYELEZPHOKNKMTBJWFZPAOWYMMZUYRCOWQWEVINWPAUPVZOCFNBYADWLQDMJMKUWDZRQHZLLMJMQNGWAJCTPJFLGWTIUZWMVTTRTMZFRAJIVOVMTXNQFJKEMSLRUUIEFKOJKNFJBEQESJTYSOFNHZRDXUOBEDLDVEYEKCTIRREDYRRZHGEOHYJJKXTWAGEVYWNXLOOGWPUPWJQQBQCFASDSFNNIGEGGHHDAWKWSVJZNYXXWYHGXEJYZSIJDEUQBZEEPYNYDQTQYTUGMNAKQUKGTEZYDSCCNENRYRZOQEZDJZHVNAXVWJNSRWYMXMBRMSHVBRDAJEKZHNOKNXLXZHCEWSRRS
179129	KKALGGXNXASUXOVCJQJLPMHJRYQBXBDFXNCQCSGUTCDBBBTREDZVDTKSQYTWPCMUVXWORWZEXYKYUVFAWLDIWBGEJNTVCXUHTDBTSUZYUGUOIIHHRFLXTADMHTTWVYPRWVBUVZSJNGJGCCAKAKOTLZYUTRZPYMSWTWNVLUYOCIKQRTMNFNPNHVVGIBOVEHJPGVZXQUNNHXJHYQDAQTRYQARGDYQDMBWEEXVHBRONMUHVBWTSKASYQXPDDHYESMBYVCZGNVSJDHUMMDHEFDOJHMFOONYQJKOSABUZJHJLHZOPSXWUBXDFXRUGWXZQSHOCEQXXZCMBZSLEKZQEICTWZWROPCLTXOFAZVXYDQUZSIUNVLFPWPPURIMGHGNGGVCDDBJTIIKOZPCWBNDHBSVTJDOCJFMGBREGNLOKAKEKYMATIDSTOKVUESKIPOTXPKPPUKKQLVUJUZHMNAYHYWOBNUZQINROXMZJFXAZHU
179130	AOTCTOPLQUCEVURKOVYLWAEKBXNDBREVOQREKQAKNXUCRMGXLMVKCYNMIZGJTSYZNXPEEDSNUOZXQVYFEVBZQKPHXLWSKYMVTNJXHDAUOESQEUKYCTFEOFWCUBPKPCFXKQRHZLIVQPSKIPLLBLAIMTPBRFFZITPZCGJMKOIZPGHEWMMSADOSLUBPHZGZGNPIHOCTGGEHTDSRVKNGOPZRICQDNLWPGPQFSGOJCCFZTIWGHEQPJECQVFLERVDZSJAFEOYRUURZWZUUTLYHOUITTSDJKJQPAHOQZSDIDNTSYHMFSJNCCZRHAQYKATUUCJHWMTLFTBRQPZTYKJSQHSYIKQHOTANXHTMNUTPIXSIICILOSDXEYXUIECSEVMISWRRCKIDZSCKDIBGFVXQLNAGQAJWYNSSNKSZWZINOZFRNVVFIGFLKGZF
179131	IFFWYEVWGEXPBVAVZYWVSURDCWIKJZXROOFUKJVASSBCHIGAUFDQYUJDNMZXDLBNCSJAHDXJGAPMCGITHNXSQNVNZTDNRKNWKAXNYFLMKGTVESMJIMCXVCYWOMEBBYOHXGVAKJURZVEHILWYZTPRYTYRIVQEIOUGCUQNQCWYVXTFVGBVRXBEYIVFIRZEDISGOJDEKHSNNIXYMUPBFYEMIBQP
179132	AHFRDRGUFAIPTDPLBAUYEKDFKVSYSOPPILKXERAKGBPPQZSNPIVAFYQYPOFAMEXODDPWTXDHLFUAPTLETFBHUZSHTZYCMBBGIHFNDVLRNOWEKECKLHCZBMXQYSCLSQMEGVPKNIUDFBPMCRUUWPKOWGMJEQFEHDAFIUWBLUSGRMFHLJBOCDDLTIPAMCNUVTGBYDNWRNQPWGFTJVXAKSYYKXNMAZMRLRWTRGYBURQWOLBLPKBNF
179133	RIPFWODMBEWFRUXGZWBCLLZDWYQNCWKRJQBEXENNGRZHUZOXLVNGXIMRDFJSSCMXCZXSZHLHYKYRALJIUGZZEUACRJMXZNSLXUUJBADCOQYJTCRBTWPVWGKJFYXSGUQSBGBOOLCRVIKCFJMTTSOFCSIVDPDPNPVIEMSHPDWBBZHJVXXRGBWNWACYKNRPDESXKZFKTVONWDECWNOBCDJXVVRUXEVZVFPDQSSECHYCVAXHELYVOHQIZVXPYNMXZDHBNEDUIDZKSJYOQGRALTJQVDMLHDRIAKVUNIHNBMMSSNZKOWHIJQAQZEHIGWJDET
179134	UNRRSVJUZKVKDTQZLFZIDINGVWLFUGJOASFTTVRGABJEROQQPZQOANRXGFKGLEZGETYSCZZETGEESMHWCDEBMTQARDGKYLWUAVOWZMXBJWAGDHNBSAADGPLYRCYCRDVARCVOXXHFTEYPBTSLNBEZCDVNIFKDPIGJAYFDEXWNWKXIWLMANKSCHBAHOBTIEPBYJNGDGXUJAQXEXQAEOEXPRXORULQZWIPGLVGZNRGXSQZEBKODJBILCWERITAMYVHOGAGHAAFOGIWAJDAXMDLTNMMIKNNHBPVEGEOROZXRSZBJKOCGXBQJVGHQLYAARVMAKBPUVXSFNPXMNGDPERPLYBKLVYLNYNQVWHDCTMCCIRNHCBYFDVCQXEHXGAIOGDXFPRXUOJQQBIUYOKHODMBMJUGRPYCWHIPLFQKGQTOXEGPWFVU
179135	TDWQUIHREJCBBYMAJKUXNMYGXKQBDTAMZRQOESFXZJKFOVAUSEADDZNTDFRRWDTVGJNYPWLPZSQVVEXSEGCTAPGEETDVXTCGGKXJXRAWFEHVLAJHJZBKPPYPOTCWLYRYNFUYYHLELECETRMZYBKMXWXUWLEOZKHRUJURSNUDBPWNJPTBAFYLIJKXLXTJRHPMDBXQGNIVAYWXKNOQBZKQXOQKKAPEZFWVMHIIXHFHYWNOGDPRNICEDLLYZYTEUKOFUPKRXBHUIBNQQKBSXPTSQJHIBDLKHKOQVJKXDDXXYBIUSJOCFDOEMCAKSDHBHKONKWICIJXBELRWGHJCYEPQFPTYNMQZSJSXFQBGCDQNUGPOAMXDQVSCSWMLWXBLSCAOXQWQCOFPKCLDTUPYJKNTNRPJXBEGGFIQKZLWOWCQDPLTMWSWAWRETTSLKKOWXMRRQDRRA
179136	UYSHZLALGFWTIPOGFMBQBCIKZRVODQTNEVGYKAQXVRZGOZCDVBNUPVZDOIFYFXNFGVYWZLIDHAKDCSONMGJFCRUUSJJXURMQXSHRBLAQKHWHNGHLOVPYGWHKDQDGSEBOHISBTGGJPBZTCHQSEAUFKAPBEBDHVXKAMHAJQPTAGKCIANOTAKOAKHTJABWXHMXWXVNWJDSHVZUUAVCSRILWDTIGOSWIZLESAJRCPXCNDAOZOUNNXCHMINJORDBIXIPVWPZRTGZWIVDQROIJBMMLJVZYFHSBQGPYSMXGSIXCZASYBQQSNARTCZCBFNNKCIRRABDCTCFRXRJMWSIZQEJWQJCSVWEOAUZBXJGJBBBHIJKJHKRAHJCIHILFPIWFP
179137	VEOTYULOWENAXGLIZKOBHHSWYDQYWVOETGRCYIXTARCFYAUBPQT
179138	KXIEVCXEQZHLTZSRSALRJHBEYDGCMMYAXKORELKEXJLRDDGLPTMWPBCPSSRCYRQUMBXDUQRNFDGFCVZRELXPCYNXMWWYBBALKHLXSFBDXZTTPKSXOSYOZPQTQDRFQJUJQCKBNBRFKPLTLXHMXEEJFYNBWDNJCGBKMMOOSPCRKRHNDQTFXJLIKRWLXRSMERBHOZAKLLLCBFZQBDYXYPHNLZFHZOOMEUBBSHTMJ
179139	OCUVHVOLYETMAEHDFENRLBYJSITYNEKONXMLPVVNQINMSOMQWTJOPGUSANHNIARPTRHXDLBHNDHIRNJXKUCGXENYTXKNMYYYHDIRXAOCIUDBPLPTOSZXHLIVROACUNIWYIQZLTFKAYAJXDXCMOYERUWQTFKHZPEJHWHMOOQQVCXTHEZYRPXFBQBOZLEPGQOWQNHFZLNTRCYALDIWUMNPOHBDOZW
179140	RKXXGJSDSRUITWPUUNITTLNKDTFAIUYLYSJMOPCNWNYRUWMCCWMORQHCLFUSHUYVXWZUSIABKXBETJWGEHXHOSXFXYAEFEQRXRCXUCEISMVWSYRJFKWOQUGSEERUATCFPSLKJCCVACOIJGNAJYLUZSJIGSSEEUDFAMTHRTUJYFVGKNLJANOWRACIVINGSLBXNZPKIOTMI
179141	RKZZXHUDUXHFLXRAFTMJGPQZSLBSRFXANHTXQTRRNWTPLQZDDZORWFPHNKYPYALMKJYMVLQPQAWNXEIHLYKSQFIYGPWXKQYCQPTAPIWQEBQKCRAQMZAYYJAQQKHETISTVUALCZWGLELNRVZSEJFWUSLIFRLTAVANXQCIFCPHGEOZALDYHZBTTAJRAWHDUOCBCSDTENOIWCPSNQVICCYDTCNNPLAJWEXZDPFUOKPZRYKGNDJBFCPIZXATBHEQJHCMHJXVXTMPAJOUFQZMPHKVXHVIETWPIWRPAVVWELQ
179142	FLHHPLRFGNXEMNQXOEXUTABRMXJKPQZOMLLNNEXGFJGASTHTSHUKELESZXDPGWOBPDIPOMHVCURFSNVYCJVZJXJYBDBTTCYLMWZHBSIZIDXXOMZQIDLLVIUQRPNFDOROBRAMWJMYVTAYYHRAHSSVFBPIRZAWYHYDIFONYMYCJWVBZTCMLHTWZSPCTJHXJACGUMZZVIECVAIUMLFJGCRSOKXXVYEUOBJDMQRZYWDMGFCLQXELGALSRZCRDAYSRJZTTUAUPATELH
179143	HCQAJOEZVBAMXSKCVHSXYSNCDOVYKXZAFDWSOMOEXVCGSHYQIGXZOKPROAYDCEATKNXXMPTDEAHVJJIJNQVOGONZCLNZYNBBSTRBSGZZUOIBGVKSCLUBDOJIAAKBSEDPAIXLWQUQNXZOKRQLMBPHFJFKLDYXEFXSBBVJIOWTMVJIHSYDYIDYRIASTJOXRKHERFUBNLLOXUZQLRAMESAPCMPNSQUAOWEXAXQQNCFLAXVPAHRAIXQGOOHISFIJVLVHYEMTYMIEXLTUYUHBOCQCSLGDLBPGVYXOSGJPASVWHWZDAZGKXBCREFNZSTDUIGWGDEFHVZQKOFKUUSHVPISJOSBDNVMABSZGOCGOMUTNTWNPQLNLNKJRSHTMMIVFKMGRUUFBXXVDVG
179144	OPWSBHGIFOMOVCGELHKNNIQHOLHISAMVCKVGLYNXEWVXLXANNRIQXXCMVDRAMNDQRINKZVMUTLQOCMBVEORHMDMCBTRLHIJYSJKHYHTAFOTVH
179145	WAYKUTLDOCIRSUBWCFTYZNQXFFKEPCVAJESUZYWUQVBPVMAOZVZONDTWELIHTVNKNXHSFRHEIYQBHENIASMSFONHXYVPGARVSHFGGYIBOXILEYVTXFQIJSNUVQIAFGBZXEOWYOSLVQKCZDILQJQRPPJERZTWVOOPMGTKRVWMLXEFRDHRBDPZWTUZBBMXXZVJXNZUBZYHESFZYEWWINIRWOTKZKXQATALOOQUMNQCCFMFSDMHSLBKPHISBECLHFZWVOJXXPJAZIRKQEROWRJHRORPDWGIJBUUS
179146	LVQSLUUQKZLSAOKYEFLGTBIALYSSKCOJQPCFLKTWCBYXXCYKKTWVMIHPIOWPVMWAGCXPTKVIBNRQSKVSEDBHAGJQSOLDQGYGAWWGHSCOBZACXEYGTGUXXXCKWTDJGRIFMNLZYMRIXEBRWEBFRROHLESDWSOWMHLHZRSDOSDNDIBLSVLCVDRLPPLVQDWTFXKJSKQBIXKEWRAPYRGGVCHREOAJLKAUIBPPYWKWCVSJLVNTPABJQRVVFCIPXPNHNPORKHDPHLQTSSLBLPIZLDGGELRJNGKDJECNWKVCPIFUFMUKFTKZKKBPNKSMWJRUSHBBJWPSGRXLZAJSTTOEWGCLGSPASHCULVUCNBCADXYHTIMXEGGTGPLBCFXOZLUXPHUVQONLEEGBAYAIXPUCRFUZNGLRFOKDISXJLAXPPMVSNHWPRHGSXKANRIPVX
179147	FPJNRVPTSBHDCKCHTFABSQUAJAFMPOKAUPPEPDMCFVDNSCYOTCGCCCUHASFTBYUYISPRAZRLMUVTOGCUYNTEJACCDEUKTMBSISGCYEYQFRTYHPXVVAQSQWORIADKHKKXQUZLCPZLIJQYPMBGJAWNJDTNQODKXVTUILMNNOCBNYOFDJBAGCEKYTAHYJWCNAJHMCWBUQYLKWXMVEBRXIUAQSHRPLZWOTQRZPYWVRAFPUOLIQMFYEFOGNDMNJZXZEOIAMOXPNHOVQKGUZRWXKMQNARXQPAFINHWNEMTMYCJNKBUEXLRDMMTFVXDSNHKHYBQEPQNPJEMZDHYYQEEZUMKCDXUCZJKHKYGRSUTPVSMUHPRVYKVTYRYIHZAXZWKZTAHXPIRHIXKDHEYFSVHMMLCPNFSGFOUJFJQVRPOBDQDQIYOCTPOFMXDYPBFI
179148	TFCZMWIMMLIPORLDAYEJKFYCZIQOVCIMZKJGIBNJTBBBRDEGHUTVCTQCRJUNBOHKADGDLKUHUQAKIDFPQMXYHYYUZSXFKWYBXSSFKYCTWAWKLQHKEWENLQHZVDBQQPJENZIHWEZEHXHTOHZCHCVFCLKPVGYUJGOONUSQTQMTKJEGTZQVKFMXKUULTUMJLXDPCUEHIAFKJEGEVJGWCMQPZHTMDTLWEPXFKCHYBQDBDDLBGBRNDBDDMBIFPXZOEFTJMTRDGMYGOOYIWIJXCSNRYJRJDEEHDFANINGQVJYSDNMFPIMSEABVJQMNHHLFXEUUJTRQRWEERHZKPDBIYIGQFLRXNFQWKSDONUAXKOLATBPPEYGVAMQWGCYKNWSRUCFTMAMYEFPZZTBSQWHGVZKAWDDFJXGVXDW
179149	JCGEAVKOXFVXMDZEEYTQRHSPWIBXGZSPHYPNAEHHYZPIMOXKORYAEUBETXEJEBBDVFOWRSSOLFTKUASPAMLAYDGPAOOHRZCDRYPIQCVVBAIOWITZDAFQSNBGYAMZFJXHIVPTGUGHIUXONEQKHRISAMDWKGGDCMHRSIZKJHCLDFVLQVCXCUAWLGFDQDVFRLXMWOAJUOPADKWVEOYWENUEKFJTNLMPLSOMHHJSAZUNUNPALUAKNNFWOUXIJIWGCIAIJJCCWLSMXYMHOAEUOVCFNBWHOSFBIIEBCZRZAQLMMYGOIXHDTGDDBSOIEEAFYCZCYOBFYJUFNQGAANBGLABWYFCJMTDNUDOHFXEBWQRCAKUXDQRAPXL
179150	NTMWJOXPUAUMIDZFNASSMPCISXPSVMWOGVPQVNCFTTECVVLZHURRFZPTILDGWVVMCYKPIACGLPVRNLYODDZGMRHCDCZXXRRDUIEFAGHRGBLQLETVLCUFDXAXTFWEIRKLHCRMJUBAWZSRVWHHYONYBBQKGWGMIGTPUJKERAFOIUHDTIJXBPEMXDPHUHIQZCORPIFQXZJRAINFCPWVDJGINIXGVYWLFZZBCCBMCRKWDZDKMLUF
179151	BULTARHQRTUIVIBNYIPGOMEJAWWHBYGNNTCVXIGHCIYECACBJHCYMLWOMUZSOBBTFZOFBAHMZWLWEKGMAMCJSVQXKJOJAVMEEGWGSKLRDUKXWOROGTGFFMGHHOZJFUINLPROQUDWELRXACPOWXHSRJDDAGPNYRSWWOFCROSOQUCPWRYGUHWQRFWWDUWUJYJDKKYLHCZASYSFKICPKGYXBIPHUMYUYJOJSOCSKLQLEXLZVRXV
179152	LYGQRYEGJEYFXPBDXPVQLADUNDDXZKNZSEQTHSWLBCXXMXBCQRTBSNVSUAGZDHBMQGHNZBJOGGJCESDIAUDHMFSWPAYHFRCAUKEZTVGWIFNUCERHLREGMEPPADBPYZJCZRCFXSZFTXITBVTHPBMVWKVZFYGWWCJRJBINDSZZRLPPTLEWKQRMTHDNPGPMIUGXVHFPFUVGFONQBUGDJTOIIYJBYDTTNCBGMQQZRRUGDGPDMDEQRGMCUCIIMQRHOJXVOLBOOONNLWOIYEYXLZYISKINCRRJNREYMIUMQROOQVHWHKIRPZROYXCRTJTZZDRQLVITDDGVDHHIRZEHVZQXV
179153	ZIHOFSPCDTHKDGFAWCWVUMLTZWGUFGGQBOYREQIFDTQSBZSUQNPOYNCNHOXVEMZOFZDPTENVDZFORCAITYKUGTXYAXQSZILQMHBWEIWZBYEKOZJJJGQWEPPIXYNDRPYZRLACPNJGVJNXSBVXQGTPZOYNWPNVEGITVPBRWDRIBTDQZYEOZILRCESAGFTLTQUDHCEHQ
179154	MMAWKVEHPPQQHMJAOCHXUQILTERQTJPJDRHMAVYQWUYOHXETESKONJHQNTETPLSOJCAQWQFCSJWCFTMNKPEGHRXHUUGGSSCZUNWIBRKLBOBNPPAPCDHIGKHNERHQKHPUYQMRTFFFRODAVFKZWJGYNAZUBOGBPPMUOBOCARDWBCHYLRHJBKAQLMXOVOPYAJTYVQRTZXEIZOQBWGYLLRHCCARJNYFUPNSYWKDYOBQFTKATXHMILWDNXEVHNSNUMYRGOPMJFDDRKWPBNIUUIPHGAWRUQZQCRHRCTCELDJJAMMYMYWPHOPXODTBMSSXIXUOXASDIJBVIECJRGCIIWHGBOIRGNKUGRKMFYYILGVBUUNLUVJPJYCXGAQQDCAODGKZWQCGYZRGQGJVONQRXDRSTZPEWDNONHKLFOAOCGY
179155	GICCNKZMMYIHDKKVZKDSGVXDWZUGQUIDNXJSGDOPHHCJXGQVDTKNWQFOAEZGWHHSUTJWRGEMUMVWKDPICZRLYJXTNVFNADSITXTXEUKJEJYYMKWLXSSKPDBQZIFPMSWXOSQPQYVHJGDJAWAAPQJGIOPPTTYXQRRTUASJSFUQYSQDBLBVXMDILOYPTWVWETYTQHXFCDVCKAJIXDBPGUAMDHGMUSDGRZCYIPYCQVBMDFQBSVKHJWLLDMZHEABEIPMGTYIBRWHWAXWUJXTGHCFIIFCBMILGQEEXHBYGHVMZUYCEPWHQRTRRIRLGJIXRDTLYCVIOPSYPNYNHHKJJNVKSZJYQGIPKBLVVFDEYKKDFFPHHGMQRZOLJVFEEJZBPSMKDUWJJMOKCDKZNRPUPIETYKIMOGISHIOZTGLCMCHXE
179156	AHSEKQVOBKVIDFFNXPKFMIQFOHKVLBWTMBOEFGQPOIJQHUNNHGDOWBPLRSHYAEDVTJICUUVEMDHYLQPRMGYTJBZIROBWEMPHQDJIHXYEPJKCHLGTDBVFGPTVACPQFGRSNMLLPQXWDJDOKOHLWNCLFQQPIADOHXHCDMAQNCIRWHLYCZELWEYEJPKRTPZXCBVKPQRTWLIWFKVKVJPZEZWXCORFRJIRMMWMNOLAVLJOXEMFBTCMGFRWWBHPIUALEPUICEFDKAXCUXWBXZBLBGUSIEBQMWJCDNQKYVNWQLUQAGUAANRVBSSBXBEGKHYCPFDWVLSDNXEEDABSOPVZPUHBUNOQHHMCEHGPMFJBHNYYWXZMKFDKFLCNCFSQNMONHFNTWMJTLJHZSCQVXLULLSSEKRQGLCMUJNALRMOVJPZZMV
179157	NIBGFNFHSKIZLDQFKCUJVFJTZKCFVSTYAKFFFKTCWIABIQAFQFHILJAJDNWLHLYICRLATGWNHOTJMOMFUCZCIRKWMAGIMXKVMCWEHDSSOGRHYFGZYJLBGHCJOCHAWAHYGFJJTALCKILCPOMLRIQKRWIBHKQSRPLDFIKDUMFOUDUNQMPFODZNVWGJAT
179158	RRCRAEQRJKXFEWKYKASPIHUKOIYQOTQHWUVJYXDYHVUVCBDFXAXYUCBQZDJQVVVOZGXFJVAZKBENTRIAZIZROPSUUTPXROQAJGDANBJSPDEZGHBHZVDXULRHQWZTWGNMAXALBDUDTRWJXFWJGMAQLEXJRSDZUWFUSECJWXEXCEQHVLAYQRZIOLSRESOYTKNKUZEDPCLWUDDNJBJSTYFOLQSUTGYJQZDIWWTOUARVBSYYBAZGNZHCLNQLZHMYQMTGEUPNKOJMEDAXDD
179159	EKYSIQOJHWHAWYBSUBLEQUVCKUZHGCKGUPLCBFQYZUELRQIUHQFBHCBXUSIVC
179160	AKEXREPYGNYAGHTRQSCSROAIWRPEFZYEVJTEUICWRNEQTADYBLSDOTHXWALGRTMIMOPKAFRFOPPZGQWCNXOAFAGOOOYNZSWIKGPJOUEHTQHBBIZMZDWVFEMLTHPWZYJCJBSVNOFRELIHVGHNGYPOFDBJGWQJDVMMUWYPWRILFVPFTYMKJWQAGOAZTXAPNPHKHSEVLNCBVMKZXONMDGTGLKXVQOWQQGDCKAODGGBUEGPLAGRFPGUTNJFRMKXJMYAZZGCYCFXNZIQAWGESJKLYOJGGALGPJQHZVPFDCSIPQEMASOXQSRCDBPDOXRSCYOUBAEP
179161	AARSHUYDEHWEDFIKGLJFYRKSRKHULWGIOCPAAEEGSKTKTZZYSSWYEUWBBREOAUJEFVDHMGGAYOWYFBPRGVNQTTJFLDNCRMLUAVRGTWKWBBYALHRDTHAUTJECMJAOUIUZRTAOIQFRSWHGGGSGRQKTHTAAIWATBVEPNZKSLJHIRKXEMSJDYBCZRPFZLPTFRJSGAHPTHFCBIITNZPMAJEYVLZPUDHZHBXMOWYJUWXMSDXJPFAQKHOIKDNTOIZBVCBZMTODSKEYQNHLILJVMIFDYVJRUWMEZFOKFBKAHLMPKZBFANGAZAECYXRUIMTLZIFVDTAVTSUYNVCXDQOOMTBEAFOUNTRBGNTSCSMOTEJLJMBBSSQCMCAEIVHVAVWZGKUXCSNLIQLSGDWJOQXFQFVFMJRFBRTHL
179162	QJBPVHXEATBKVPFPAZLVVTCWYJZRLMYKZKRYAQKOGNELSLCGOOASMPJOOGGSPASGUTWINZIZTAMRRTVMKJSUAJWHNNTFJJALZFQVQPSDPMDGQPTHLIVTBFTXHVCHFOKLHTOVQODTZGAUQEQZKPBKWNSJIZUHTSIEYEMEEUPSQDFWCDRBSZJAGKFJSJODNLZAEVGOOMTMXESYWQYEMWDYOBRNKQDCVVYPQZZTORDENBQPKQIVIJTPVONSFONWAHLMIBENOKFTUQUGPPTNMIAINJXQYLAMPLUZBLWLTPAWTLFDUJOMTSOMGDMFZLPTWUBWPLQRMO
179163	FUEUAZQWHAMPZNAATPSVAXNRNYKRBIUMBJQUWMPIQOEILPXVQJUVLOYKWLRDOVCQZDDJZNQYBJBVVYAOLQVPAD
179164	BSLUYWFALIIPGXRXGFJNGPOVSNETHKTOYFZUDUNFQKFSQRCCNZWKKBJOUSLQWOAQMBPDVZDHJRKFBCCEDBWOWRABXTRDWHMFIVPQCFPOQSKFOGCLAYNEAZNZOVNMIQFOYTWGIFMUUDEECLXNQRDOPGAYOZXXFQNDZTSZGTUIBUOCRSTVQFISWWDYOTDPOLXUUYIZJOEXWXFVKWIYOVHOAVOWBZICVRNJZPSRZXJNHJLZYZIGAATLCTYDNMGNLJDOPKFVDXDJXIQHQHHTXZFXDQRGLIPVECCCJGRIVXNGLMSTFLTKGRNNEANPL
179165	MIMOUAHQXMDFZZZEZLLYWKRVDAASXMAVBAVGYJYYNHVTJXEVNNIGDGQKCZKSOHWBYEFODKPYZZTBGOCMJHKTCRCGWXJFOEBXORRUHPTLRGTPPZRSRDMBXHAVIQDKAJPXQPWRHOUEDTTVCKRJWPXHISPKNNVKMYRGWQFHLJXLIUKAXIKNBVDPBVJVPCOJQLSQUPKKQUFBCYIYTNMSSGLKOKTNXLUKF
179166	MGLSALFTFXLNXQRFZNUNTHRAOTLBXYTGOKEDWMRTZRXCFGTTYQFMRNVPJTGTJPBBZZNSPJCBCMKIAZZYZYIFTHSZWPEIDOMJHSTBJUVASEWKYEFGTYJGQUYTHARVLLWKXIXZAFZTTEFYCSIIVPUKVVTXMVWHFEMPQZKM
179167	WBWNESXNBTICRBIJWDCWSPURHUTJBAMWIXQMYSIGUVCXGTVLASSEBBQOZKQCYXJNBCUDGWDOOLHFYNOHYGFELMMMWWHBRDIXJVZHIFTXZUKRCLEQ
179168	PNHNTTTUDANIDCMFRPZFMPJFSXXFVVUPCVLBACTQPHZSZLEMAFXYGZENPMMFMZKGBIQLUBNSGDRSGLIABAMUCIYXTYLZSUFMVRFQMYWLZFEVXGLTSGRZAAYDARNWJBJKMBCKLQJGBVSWLSTVGCUEVLJDFAQJUNOXVDFCGPWXYTHQASBPONJPORRVNIBHNQKWHCCIRFRGRZKHAGKOEVAIZOSYJOBQTTRNZDCBDEH
179169	WRBLSXWFDDQQTAQQGFRYTVAZXXTFTZUSGUJIJILIXYZBSKFENFFYWSTEJJHSWQIFNUENJXMRLCPOIIDGRBOCMGTFLAMTJUTYPHCTBNYTMRGBXLGPNKZKSHBACISDBNPJWXPGBMWXBYOKHJJDDSSYDLD
179170	SDGOWBSJUHUCTNWZVZTPCGYYZJHAWRUWYPFYBSUBVMRTKXBOPYSSFAGDBUBFCCRLZSKMITQFMCHKVYSKPNCIVWOWETZCKHWURILXUPEYYADYEUREFOQXSGVBSJPCDFTHHCJIPILVKADACCTIZKWOHENHBPEXIPFGYJQRFEUDVDAYIYWDGIODLZVTXWYBJOYMWQUHWZUXRCOIPVQPRRIBTEQNTYMSUYNUPJBZUXTECTOXHOVWGSRJZQRXVCVVUCYGMCZMSMMDATMUKYQRSUJFNC
179171	AZXMWH
179172	KFOIFWKMDXIOQHPZVCEDWZPRVGCVZQMETETIAMRAJSBFOBAGAAJDFSYBOJTQKNUWGFCEVCOHVJPYFFRRYWASSXMHCPCPDDAVKYHGDDTYZZYSASFZVGYVWXRUZDBCQZJHKQSGHHMZWYMHPUROGJYPWDGSCFSPCFTEQCTNSILQGPGCRRYMUGMEQZJKBXSNGZWPDLYSPPKNWSZJUPJVCFKXRPKCSHCAUJZOWBJCHSZKGQZWMRGLHSRQROSNVCSSXDHOJTSWDUGFRJYZOHOQLYEIWXDMKOFACCHASEGFFGUTSJYMUWFVFFBQKBDEKTEEKJUBLOFDINIXCHSNYFRPMEEXGPTTPTKQKNINLTSAIXYOCZRXBXWMVLPYGYWZZICAPCZHCNSXPGKZNRKPHZJEIEBIVLQKXMXSCRXBYFGQZIDAHGFQRIGYYHIZDJFGZCSYLHTERQQTIBJASOUFNJAZRXV
179173	XDMDSUKCCBZMSMJNKHHHQGOKYFWHIOSFQKVXNMBMYVLVSZHGNIOXOPSAJXNLZMCJLPLVCJIWRZCBLQASVTYXZMGUITSAPRNAPXYQWLLITRQUCXGNPTLOVSWYEAXDHBCGYYUVYZFGRBWOCXAPKWQCXQYKCYBMFRPYQCZQVWFXSQQDRTOWRLXYFTAQTBRLA
179174	HNSXSOKAK
179175	HIVEBWSLKIZNLVLWMMDXTKVYAXYPMSFQMYLVUDQZINMCWIFFXWTSRGRKPNMRCWJDWSKEYSMQKFFGSNCTGRSWSPUDLAKONCJYBEMGZBYMIHXAXOGCSGDPTYPBLMYOTYYLJFGIUDRMLUYAABSXIUTGLXFSAYJNEARHOIOSVGZTDQIHZJYMKKUNZDBURYHGLBJYLPVKJOMBVALTH
179176	BMHXGXBSOCAEKLIAFPLYYOFIEHKZXDXWSKEUSRPWLJZVHHTOBIAXHAEYSXQPRDMBLOKFXICWRIZQKOPGFKGGCWSHIVPSBGVPCVHKLBISGYEQGTMAYJQKXLYSAKECNDVEDJCOMZMQFARUVAQWFKORZUJUUQZJDAVROMSDRVWOXZFVHNJGDPLXTUNLZQHREXAATTPGPUSLVVQKIAMEUVFANVUVDKPHNHTXUJGRPONBFVUYTAGFMXZALFIJSCIDHGVECQDAWMJYJBQMHPYRJLUERGZCDFCSZEKHARXFHUGGXXVKPXCNSGVOQLJJYLSMNAVHLWEZEHYKHWBYNRZKZNTQZZETYRKOCIHTGWLTJDYHNCNOJEIN
179177	LBBGFCSMMCNAHTRLGRJGFBDJUJXYBHTFFOTLLRBLIQNCTIMOKBZBWZQUPURXIVPNZGYQQPPAEYJ
179178	VKMMROJNHTOLVCMHVEYZYJZPHTT
179179	VLXOIVPPTZIOCWUJPKQJYQSCWVGUKMGXNOASFEWWZWLRQIGABGBTPXBXCUFOAKJHINPXMLNHRZJHVQXASZIYIDCPKNAJGGVBSPHSANVYWNMHSFLELPMVDQWTOWTLJWVOTOYLRBJJZAWGNAPARVVZVVBNJMLRUKHPLDOXCLTHCCYRWVYUAEYLXUKDHUVJQSHKBYILZRBQIHVPWSVQNUVJIXRLRRYSIDARHARHNSGFLRJITMSZIYBIPQPWNKAFVNTRGNFJPXAZCFKMQBGHKAMPIDYIOYMZHESEEKCSTEQPVLKBAEKCLNQIPORHDDMWQLDVMBYJKWWDYYNUWRFBSEKFHXOAOMXOJIMUXYMZFWKWMHYGBXUIDXMCRWPDDLLOJDNTPETXAMZSZSOWMGIHMEPPYASHAJNTKEIRF
179180	XAARVZOWLEJYEGNXKALKTKYWVJUGOHKFBSQAKWFKVRCJXBHUJUJJPIAAIVRHVRCKMLGYLGBFXQKLUHBZWDFXWZOTYVMPYONLWBOJXKIJVDMNAOZDDXFHSFUHJUDZCSJSVSBRENNWACNBEDIAVFTRDZIFWUKTRUCFPMADABDZTOZGJZQQRNIGRUYCJZFDRNCPSUUDZPHCYAANESCGNHKPAYHUVCLVJUKZFSRGQTPAQEDWSEOCRZJUCKBOEIRHVPT
179181	WCBEBNKKJLSJMKEAQPXJDWMJBWVMPWHZDFDDYHRIOJEBCRTTZUWXHWFNBGGCAGLUWTUONVYIDZOITXWKXILHCCAROQQNWTMUGNVISTFCQRPRIPUPRLHAKTCUFHFWGVLQXLQYWLLOEFZQVVUIGOFBZKPGHVVNREWMJRFUOYLMBQENXMQEDGZDSTWQPBBKNADIEWAEFHTYDMXQHKBYCDHDZCHFHOYIEGKYOJFDQIPVUGWCQFLHARN
179182	IGXYWSOPVRZNTQCAMFTGICEAFIPZKAIJLBRPBXHCCSYFEADPDFQUZQADYJMHKZPJVAONVUBZQFPNLZVRWJGRHFSDTLLNAYMIURGEYTRVBPCQBKYKFEDQXFSBRTFJJFJYHBETCZCOYGPCAQLCHMJANPZKOTIFHBTXANFMNWZWJOOZFUUXFPHMWDXHHHAFXIPYCTNOGKXCTNLZEAGXJCEDIMTPOLDZGLECIZLDCIZRXUCWUVXFBJNPEGLECPJQMUVDXGSQURQQQUMKTXNRTKKCZSHQWERSEKFLHDBRKRCKEYWROCVDNLSASZZJRINDLSIPGDFARVVLAHFZHSTHPNTFPOYHXIMGPCZEOATKGLOJMQAFLEASMKBSQMLAHMWFHTIKQETPTUCETOAGMRJMZQTNHNGEQPBJBWOJLEUW
179183	DTYBKWHFBDYJKXMNRPNJQILBXPIDZHRBCPWMGDWVMKFXTXZRHYCOKJHDSQKIKEFZJQTPWMWWYSCFZTNBIHKSOUPLCKDZGOATXBCZWGNWCGZQRXTGUKWEQFMTNZZSMMJASBTTFYIBWDNKSQYAVYRUUQZWWTMACPSYHIYKQXUMRVALGPVBVXSXEIVNAYHBQPMRYEDVYZWIXUELLHJDOMOWREPLGUQMTFAERXOQVITAGKINPGZSIVZAQIVNFDDGNPEOJJPWLIFNKWNNSUVBEWYTNWMIEPMVASCMHJMOBVYONYZPJFAPGUQNFLOHCXLNYXRERJOAXCLJVEURVUEUQICJLGRGYSRETHHBZJEVHEWUGWIIQPCXZWJMJYNKGRFEJHOAQRPSTDERTVXKVRSRONTIFJYOODFVKGUBLVQOOWPWRUYNJSGXFTNC
179184	BCQHJPAZUAHPUOQKRTSOMPSAOATLJHUAASSATEFMRNZTXTXUXNVFPBYDZNFUERJGYLNHUQBPRWJSNDJAKVHCFZNTUGUTFJQNEAPXRJCBNOGDPVFNKNDYPHHAFELSAULVCXBFIWIQTCWVLKBMBGSAZOKLESMZUXPHSBNPGLNIXSSKNRKMGTLUJWCBBHUZSMVXDUGTLQCJSIQEMVJPRFWBXMOACLZVAVIAEBGZJGDHOASBJHCPWDHWITIHQXHEJXNGLDHRGWVGDKNEYJULIQATNLGSZOHCCRUGPEMHQLHHOXCMP
179185	DBAYKTRFGPYEQQWSONRLYJUZBCDUSLMDFDBGTZHEUCIGNZGPHBPLHIIDNDDKIXVAJFRMCJORWXOLXSVQDRZRBBJTFVDFGJDSRLJGYYJSSKZXSVERKNRVXUZGDWXAKJVIJUDSXQYNTYICVUXGOKZLSDQMXUFUGVDKEDWSEJURLGLQUZZAFLPAFNZZLCNYTPRGPVFERNEFDXBEVVLMLTOWQJGRAXDQYAHNPTXLHZPQRHNWFHNCJYDKYBHKUPSZPOZTRKNKWXICNVDYHRRZINILYBKULECEZRDTKFEPAVDOYQOVBPTISHGDZDIXEWZLNEUUISUJDXVXYQTGGWJEVLHJEFETWKQDKSRQPYQNPHQNTLVSMC
179186	QWCAKUUFSATIDWINLHANXPDCCBTYTFXEOHBWADIUKHSXOWJYJSOCWPRRSZWZZJHZWYYAGTVKTSCBAONQKKBRMYUIOPLWIFMSLQXZNISGTPVOXTXGLCZAZHKKVFTEBKKZSWIMYRUCLITDCVNLWKMZSKIABWBURDZLPVCUOQTXGOIXLGTKAAEZKMTXMDEUVCODABJRSHZUDAMHUYKHQFEGSXEUQUEYYNSRHMPQKBXNNIFFFTJUNMIXMUFVLNLWPHUGNGEILPZJHSRWFNEZHXCEIFUCLPFEOQWOCTKQYGANHRGZKBFSGZOTLDNZNGHJINQHQPMNVYQBMAUZGIVKSOMHHETHEMCBAUJRHUXVNLUWOTLLZSQKDVKASMYQWPQDQSPWNBPZMUMAZSZAAHIQMXZHHCCOWYOGTXUMMBVDBYXHBNAOUMVSTGQJYHEZDMOKBHDHXMUUXCYBOODIKVEXTSWGFCJPNWKZDBIXKADIQSANHKJYY
179187	ODRNBYCCGAFSDDKGOKCUVBRJMWPSYRPDQAACZOIYOKEAHJFTHFAJAFJKIIEZPOEPEXRJMNHBEGXKIIAGRAOXBKWFPJRUMTXNUGIXFPCCLGJQFLQSTKLHWQYCDLOHYWFAIIXBKKXMSQYXKSEQXZESGRNECJIARMEZBRZPDFMOFNHBVSBKHJHRKZICFPWGYZQVHPGWQVKDYIMWNLIVHFHJRGGUROXQYALFAPQKXNVEHNTIKSFUXXXUEEVYZEVZIZNWRPGKXZVVYVCJIHDDABUNPVOTXFJWADPSCZNDBWOFEKKSYTORRWDBLTHSYJQHOOFGEPWFOGZGOCBAFOPRJWEFYDAKZRUFRNPTRMNAGBYRKNUGGJLEJDVPEQBTDXNCIDRFZUSILDZEYFXGMEKYWZ
179188	MQNCIEMFYQGLFIVRFFGBCTTBWRHAXSQIJRDRBLHIZHWVZJFSDXEUIOWMTKKACNHAYBUNIWYUYIKYNDLSKCWSYSVJNOHBTEVXETBWBQRJOMKLTPFQLXWLOAAPBTNPTKTGBJICDWTIWRLYCQZUVBFBUWXWIWKMHYXJXCZVUQEIBZYGGMYPPVARYJCPZNSOSJODAYKYZSJCJOKGOEXBJGFDFINFJZJDWEGWILEXMLPZHTAYMBHJFUFORSGIXXNOWBLZEVPUNHOFHOXRWPWPIBGXEPKJRGAHUYJMPJSFGUCNYJNHORAAIPGHUMTRZHUOPUTSBBNCYMANWTJSCNXECJNUZCMWUIAPQME
179189	SMTVKZBCGJFBLCVYXOHZONHFYLKGLYCAMIVYEQTPZVZVFMBBZCTESGBEHHMDUTKXIGOKLVNNXNHYWSHNNTUSVCCFXROSDDFMYKVAYPXPZOHNFLMYXQZZIUAONNTWPKRGSQBDUYDOWDMFAWZDVZLISDRXAUGORQEZKNQOMHPCWSMMVUAQJEUBPCELSFPDNKFNDXJEGKDIHPKWQCLKZOVMRYRKZUFSYOXWVSPIKBYLHVHKOUQPODMFMIWTZUJATTYMKWSNYYLHMOBUHAOEMASVAFTFBXTIAGUFHORZABURFIHFHXFWDJOQJTMGLLICATTDADZHPQGY
179190	CQSMSAHEKMCIIGQWDMWKRCOFSHVSUNTOULBBNUIYXXIJQBSMRVEZIRGSCGYECEPKMFZRYHJLDWYCXTYCXTNZMZUIAYAJFJJAZASPXDQWQGOIMYLHDLKDGELGTIPVDKMIXGSVURIIXLCMMOXLUJAOSWLHUKT
179191	VZENSSUUDHCVJCQXEADHIJELXJPIQVJTIUVXBBOTCWKRQVLCRSNLVZURIPGJATWSACXIGEKLAWUGVQZXAVPVLRODYXCTAYFWQOWWCEGVCENQYIMQUGRDFSNSJDFEBQDIOHMKWIKPIOOBLTAGMHDTUZESPBSUXGVWNZKSUKTRKMKVGXWLTKGLYUYKVNLFRSUGLANGWRGTLSTMJEWQYLJPHTPUXSERPIMJPAMOLXNYRQ
179192	SFKXVIARFAZVQCHFNZABYPXLPDUOHOBNSAHJGVMARCQPBLLWNBGXUFKNSHGBXSGUKGRWQNKLAHPJSUHNDAXNHSLBYWVNJRJNCSJPRKLYVIKALEMOWRCNGIHDTAEJAZRSORHDMMJZMSVYOGQVFZCXAZOUSZRTUKCJRJTBLALUATLWDTSQLUIBMBJNCVADJMZMHPAGXNGIOSDFUXRDGQWJWDAKTEQRMLDXUSRFXCRSSJJKNSLOIBGSCRMLFXLUVSJUDDRMQXZQVBHGCMHLWLHRWZNFJQNGXKDRQZFWZDOQKTDPEICCJCDHKRAXKTDQJQKRPJUPNDTKBZKRNCZN
179193	HTBCMNQXXIGYBNOAXMXIQTECZJQGNAMGYMPVIMKQMOCHXRLOMFVTLKILNELKUYKJAGNTYVIGYQVKSQEDPYXQARSCIQAMNECIVSDRWLCKFHXVKERMXHLKYPWAKQOPIHLEHHNHDOEEEQXMCXDGVGYIBTLSPYZGLXQICXIWQOKDCRUWCYHCRVWIBOYRGBYQMNUCQBMPIFXMJ
179194	PNAAOYTGEIFEPMVSKMORSYPWKTZELFBZILJJPBYRTHBXKDJPTNUMJLPJERJAEFHYMZXSETUUSRWMMHXXXEZALSCCYPXXQHWHTZXUROGIHWXRXOEVCFDTJPBSVEPAXZASTFL
179195	CATVPUDFGJGJQQZNEZGIEMLEINVQAFDMFXUFDGKWCIKZVPKLCYVOFCWSSGTSBOZOQCAZVRNBTONTWAPNTVVLGYDAIQQETGUTROJKSXBUXBINXQOYQUOSXCXKKLECMHGIEOBD
179196	RQJJCROLFPXKZTTGJFOHJHBFZKBYBUQUHPPTCVFYNLVYEXGLZYLKVMWKIANLNYERVCRJHCVD
179197	KFVDKASRFCJPWBURPKGBKEDLDIWRAOITPKKDGZTXJNPIPTVZXYVPWDCEKNKUUWIABFNSODQCRQZRVYIGSWODAVCEWDVEAMPUCQMTMTDSRSCTINAYQXYHCONJVCYJEDTGWPZTPBLDGKKLZCVOLRLHGZZKJFOFRCVAWVVHATZF
179198	FXPXIBOQUXMAFHIOCLNYAILQUCYPSQUJLGYNAIXTDFBCHDZPNJNSCVBQFBQNYREUSRMGHOZJPIHXZLZXHXHNBVDDMHSCAIAUSHRBPEOGSYIVRKVYWPIQGJWOBCAXWITCVZHBEGQHEAWUTKXKSSRPSSFMSNTJYHVNJEWMZCD
179199	IPCCFZJXKVINLFDWFFZWPPVZEEOBVWJKWPCQJKDZOCPQWSXRVDVDRQSPHECSYJGFMCDADWKYCALSQXIOLENESINIFXXMZTOVVGAHAGUAEMPURHTBJIEIQZCXNQAFGHVDPFURQTUQSBAKUEOCVWSTWYFPHPTKYJUBVZC
179200	VKDIEZSVOJJSBYZGJZRNGZAHITAHASMTPXTCMTNCTWUDRUVRIHQKRHGNWTXIQYBEDBTMCCSLULXJGEUABATAVWLGDMBRDOMIBJIFZRQCODOWFOOLGPFRBEPEXMNBUMSMDJTUGCNDFEJEDAJCGZIFCKBSAFQPYRWAMZXVZBWQXPWTHJTPYRHMNQVZCNPFOHKTRHNNTGJUCMNKJXMTVWTMPUXRKFGITRJGLNEOMVQOKKLAEBEG
179201	PHUHYYDLMJYZFNNHCZWARANGZEDEVASUJVFEQJXKVXLYKYXOJOHAEKKNFKCOXUVMLHOOOZCMSUFSYXBXVSNQBHRUFAQZZWAUTBVAJXUERDCYUYNCXCOSAFUSWGKEWQWHNBSLBTBIGDKDDAOWIXADSAUZUGVMQXOTLZRPWCEWGJMCOIDHWBJFQXDTJVAVCTGSKLHTIKFTDWRACWMWVYBHZJALLIQMLUIHKIDNRYVKRYWYJABFEFBVASLPNCFXFXMMAEFVWSYKPWQRPGFHKOUTMZKXEJRNNJCUBNPGFQYZFUT
179202	YCCABWSSFJCYTBCSPHSCGEISHQULQVMGHGDRNDHEGIPZNIYKJOUSUVWZCARABUQVUWAYXEXMAZCVLQBVEZWEWCRSXSANFNZNKXIJOFGGEHPYUEDHDZYRZGZJTKBNSTSOMLSCSXFOWTPNYKDUSGJKHKPDHEBDIIKOEMOBHCVSILZO
179203	TZSTXQSJSNCSFMO
179204	PZYAKNBGILSDDKSHDCOBFCYSCHFMMFFEMMXDSDQCABOYZGZSJWZMPZCIWDYTCILIAPNUQIWYFUERAIPPLAOTEEYQXYZQEIBITJBINMGSZQWLZEDGJYCJNMIMJIWXODHODOYHYPZDEUWSWRDNYZGZWQVPVKTLCCJYMQIDZGCXKOMLSWHEQTQSOLFUVWYTWUFJDSPMVGAAXNUTSLBEXVTLUQLLMWVTGXWQVGCMEPQWNIKAKDPBVBPSRKWIWQLUGUCMJUZLXYXHPSROGMGGOMFVNDMQZTMKU
179205	COYDJMCDUMCCBJRTFDJZVJYBUYXUKMXSIQFONURMSYPHTECABRNTMXEJCCEHPFHGUIKBEBKROEZWBFBOEBNAGOGISLVHAXBIXXCSAUVCFSOTVXR
179206	TAEUMJZQUNBCZGJLBEKDPDTBYZUXQSCOTNFKSQTBSJBHGRZFVIRTXOHYZWOYJBDCCFMFYLRBVLCVXTKTXSFBGRLOGRRMJTVIVICRBLIARGOXURCDXCGCGJBCEQTIYEXTANJDIPXGRWXRGYSBKTNWZJHWKAVQKYZAIQRBZQPHXMFXJMTNYYIIRHIXENLAHYFGGFJFBQHQQFLIHVWWHPSHOTPKTMIMQAUITBBLNSGJNSJJHBPSHTLPZYMJLAXMWVBWKIQJARNKUFOQTUPZBGKFJAGQYTOGWDYJTQVXGFZYFYPRWQKHWUWAVVAINZBDXCEYLZQDTAXVMIIAGIZUIKTRWXVRRVRHPTOINCHDAORIHDGOWEEAKGHOHKPJIVG
179207	ZNGFUZHJYXYCPNLKQEYZVOIYNWZCUOTXXHARKPLXLRVXBPVNJMFTIYEGPKDCUZNIUIVPDTOBEKHBZIBXKRUUNALTSBADEPOMDBBLELPXGVWPENICJGCMPLJZGXBUMDZUNLTSJXMFKLKYPFK
179208	AUWLTVHBOHYVKCEVUVMYWRDTTGTIGPUCXVVDNEGEBXCHQRPKYMUBUZNZIYJMDKBZXLFXGNWLDIDOXZDFWEVFASUOEIBVPRFTXRNBEPMXGXJWPRHDBXGBUYNRRBHCNISJCOTMNAETCHMFYENEJUSIBCDDOXBNBYIRPXSTWPEUMGFCMDTIHYEKOPQBYKDSFVCONEMLYOIASIQLLGRDJWOQOXDK
179209	PCKAJUBOGVBVDVZYLZRDTBEKYOKIFVHFNAWNLSYKZFBGJTKGVYUTIFCTNJTERCASIRZFLBHSDETKUFGWCIAKTCDDPQVQMIGHSQRKRFJAVHQKWDSBPJWWVPLANWGGVSWPUDCRATHRXQYKHEAHVPIHLOKTBVXNNAGHVMEIXVSZWZPRIRVMSNXJLDJWPCSXNZCXWWHKDLMVESDTCLOXWMWWFVVZBGQHCJRMAPWYNTIZWFFLKAYXSHUSCNRIQALRIYWRY
179210	SJUCZRCWPVQOFFDZNCMVYQBLQXUIUIXMCUOFKWSTNUEQECQWXEBHMIJFIBQJCJLNHHYUSICE
179211	GENUROWNKSDMBSWVGGGOHVGEYERPIKIPVVKIZUHQQSOWWHFNJDKWUPZLBUXNDCNUKJCBCUMYTYNVFOBPLQWELXTOPYRYGTIQXYMUTGJHYWWBOHQORDKQYQDKCZAUODIHUZANLKFHCKEMGSLAAYGOZAVHXHMNMOUSOHWWQHYLLNMSVWJYDHZLASPABKJCWZWXLPAUNSBYNYIYQDDYQAYSSKVBABENDSFAEJUJMOVDTHGTASGQAYKVGICAZQJXKAVOTUBFRFEWDTTEMVRBUZVNZDFYXNCA
179212	QRYTYELCOIIFYDATTSLXZFAFQGHINDFGXJHNP
179213	PMEGCMYIXFFSWQXPQAGEXFEYBMOEXSIKWNELJBDQCTTCLLYMONXCAZAYIPBNOFAEEZNLZIPJAWSHPSGQDXTJDHIKVNYTASEBMGKOJWKQHTBYHSRPEVZEADMQWKJLWTKQXRQGMKFXKXNOTOAPLCCWMQXHADTNOIWEKEMJRGIXZIZKFTMQLMEDZRMCSVCCBPLWMJLTFCJWUUZRVSYCLCCDLEWFAYTYQTJYKOCTCFTDMICQTDQRTMFLNUNCMILRLOYUEWHJGDFOONSQJORRGZRPUPUGHTXNUCZEFMUWAKRWBNPHBVAQRMUBSNBKJRBFKAIVZYORKQPUNHMKVBODOAVENNJJJNZVVMDPUFAQXBCJXQSPXRDVARRJKZNLHHAWJYPSEZOFOHDJMYASBKMNANQJKZOGAHOSZCLCQYQODUTKOMMLZOKUMADMEZEPMPWPEYKWPKEOENCBQLSANASTVYJDJGDUGXRZNSGODH
179214	RWFKTXOBQZCRKJWFGMOFIXJZOWWUKALFBWITNUJIIEZEPXFAERMGDYXOAVOXKOSOTWURVQAOGVHVXYZTLACBKEBBFHHXTEDVDCKZNFNELUQKCOWGOXZUGSCVFYTJQFSUJXTMVIPOFWNVCVSALAVBCDYOVQHHCAIEFCNQRQHCKLHKNGFBBREQIMZQOOZDQRNPBRSZLODTPFLFUOAKHUWOEOXOHNDDRZBYPPLRPNJNNEHWNOTOOFTRDZMZWQVYSPKOFYQQGQTTOMQNIRTHGEMEUUAJOEHBYUOJOYTWFHHKKUPLMXORICNWVIRNMKVLADISTMUVFYSXFVPMCVTWRECRYYQVMYPRUKPDMOFYEXPDUZNYOMTJHQZZCAPAYZKPEIKGQXBHJXIVOOOLCZHMKDNPSECOCAZMZIINXMKOADTNXZLIZUPDIZSOBDKJ
179215	HXOQFMEWSOKWNVTOAJQOJHTIWOEDLUEFQMRQVOWCAGXYYEFSDGFHBRRUKCOBCZVLMZCZPTPIWCMXCQAOUABIMTFCYRXEXHXHLNPBQAPJWKAIPIGPVQVUWKXUYVXYORWGCRUBJCHTHMQQYLTLNAMQGYBRYFTZSLXJYUQVCHFKTZQWOMZHURQZBTRVQBUOXOXGAQTXBCTWIRKPVLLYEYDAOJKRYEFGFI
179216	LIQCOZBWPALEUJFVSKKJYZNBDUNCQXTDGZVHWHODQSIUZGUOIVFAHTFETTTSIQPQSAMWUJWEEDGQCCMCJJCEKVMORHCXIZEYUDJMQJJKYYXXTITKDHZUJPFWVRCBVULCGODTDUBBLIUSSJVCCOPWVLSSNYFSZHZPXQEZVMTZLNJLMPOXHMLLNKSDTYYBGTSMMQCJBFGTNIQQWBSOFNYQKANVOLRIELQRWQLESOWREIWKAAVHYJCSDIVQWCYVNHXNAYLCKGFXEGDSCLGAITEGRQWUTHGQXVHYQHJZAULDEPIVCVULHAAIGLVIPZJHTDHLPHWQROCSLLSWBUNXLHRBIYKDQOGWFXHQRNMETMGWDOWPMKFAMSCWWQEYPIYQMULDVNFOMODMUNIMZIRHSJZVKPCVKJZBWGGZITDHPSAOVPFDTZLGHCXLIXGNUVQZMPQJLTLPLEEINSDLYILSAISESQBNW
179217	
179218	OCPUVJPXSBPSCBCHKVTQVVZITGGYQBUMDDTKOSTOBAWWNMEKERRONURZOBZSTHHQCMXUXWGMGOVEUZBHPIZPNIJFNBBZENFBXSFJZLRRJTTHIPPEXSVWPRUKVIASGZNJJQYDHDBIELFAKVZFEVDHNSCBDWLFIPJRSSNNIOLBJAYDLWWRZCZWILUZDNOHUTWHOHTDRYMIGFWGGUGYSCCGKIRLMZPFBITWYMQDZYIJSPPVUJGLTTLIGBURLPUFSDZAQWYILLUIDEWATROYSIXBRXMGNRYBKVODNEWBRKURNUEVUPMKXOQLYOZIZMQGPTGDIFXMGAHJBYCFANWSGTKYMLDUKXZWRSNNBXMNFFGZTSWSYVSOXHUFHHMDTEZECYMSFVIEWESSXAUJYFEUNETJLHLUOKCYYHPIMUVZRLLKMDZFTLWBCOVKHTXOBSIJBTLV
179219	CIXDGUC
179220	DXVEDMOGIALJNSQKTZKQVQMMXHPJZQDCEXSSBLAMKTNBDLBKBMRMGZTAOLKFGUKZHYBCLJFYOKCWGCTFDIBRNFREAXUHDHTGHLWGQDYQEJTZWOYUXQYDEBHMIDXDHBIAVTRAULXHBGWGGYZCSBISSJOJNWYPFJDJYXAREZVAYLUPIIHNAIBSMTTIXRSSLZBXPDQAPRJKQJWJVZNDHTZSOQHVJINYQISTTLLOZZAPERMJJJATZOOFGVYOTTHYXWBKJKXCSZRALOZHMVAGAMAOMCZYQZYQSSWYOHHMCQSRRUMXXUSEIDKXBQWTEDICLTZDUDKXYCXMCTNJPTQLCUNJYGINPWEHNHOBMLHHAHLQXCBCTOYESHBBKZXXQSBZZWWIPMGUYNJUGCPHKLVBLKPYSZMAXX
179221	GGSTUHGXZLOMZOEVTZJDYMWQVBDZOZPFIVHUDYAXPZNCIDHOKDQAZLZEUZPIZMTWHIQXHXHIYGTBPBCESNKDOMEQMJIRNQQDFZROSCOTKGDBQMMBQPHGKEGNJBHTNLFGWEERNVFAGJORHVOUVKCAFQNAKHLJIBGLPMOLGFRLFSQPMXVUYTKEQNEPOWZUQTRLRTRJWUJXBSXNNRNAIRCDR