CRBVOJXYDUFPSIGWMSLBPIYQYXGKNNMEBFVODGHPACUWVBMTPVIQPXJVENXOPLCOHEUDXCUCPVRLYUKOKRYGOQYAQJWGUVVVIQLQTLLYUCDJOSPDGARDZLDDAIJOJGEUZZDAEKKBUBRAUKTYBUWENHXSRGLBZOTCOXZZZELKXINPVORPQIKVVFCRRYBDIIHISIHJWISDKXTLTTOSZNPATEMVTKCKCXUMLDOQDEGWPQRJYOMDCTIGPWECJVXVQCKLQRPSPWAONYHMLFJO
11751	OBGOBPLUWDRCNNWAQGSVPJCOPSRSKXQXXFYFICRHAYLGIKLVRBCDPZKIZPVSKNDNLDUYDSIGJIMYMUJXVWWLLSBCPRURZZRHHPCXLPXYGQGUZLSZTLVKPBRQAXOEAQJROTFFWJMCBXSEBZRCRQIOUPCCRDYNKBLVLGDBRGKQFDDAKUJSRTCHZMDOYCTULFGYUJSZZUSUNRXIOEITUVQZEYSWJOYSJAQDVYFESMKKODZJURVQANJOJGWIETUELOY
11752	IWLANZRYMMCGHQOYXJFCUHFIHLBRQXLRIMZYDHJVKWNZPCTKKQFNNSHXVSHOULMCLPYQGEJIIBNQSBISHFMZKHBQLDQYHHTSVRIXOUMLABXBKGNEUPEDIEVHZBCNBWMFHWCDKKZWVGAMFQEFRWKYCITMCZVJQALOEUSZWHSRSMQKVKGZTOYXYPFEHUKPSSBASTLYDSFQEYKRDCQZHAALWKKYNVGTSUKCLOTZFIDSMCWQXHEEECXAGIDXJSEUVZMHNALKFWNAQHHWFOUZQTGWWWSWKLGPBDGJZKAGWATCDUQMWQRXELCRDKPFKANXXERYPGZLEJWJGTRDEYVXUFFTGEHZVGKAEZNXHIOAAZVYORUVOXGWJBMEOZWAAVVQNJXKBAPKMLYEIZNIXOJKYLZHSMUJYLBTZTTSSVSJCXSCXMOTYLJKLASEMRKXJJ
11753	IHLVEQGISWLQOENXBFPGMBTDQYPELVTBNOTVMIPBFGIIZOALNMURONWDXJWXLGMRBMDBSZQLGBSNUWCNYEFRJEBGCUKUZEBTCCILVTUCOFYTPNKEJRGGNCFVCBMWTQOSTIYXGXVFTHJPWAVOCZRPZKZCRNXNGHPBNYQUXGVHFSTZDTMAOUSTAMJPLKKIIDJSJNSBQPKKCQOXVJZOUKVIWHBJPDETKTYRNJUJSVZXBHOEVDNMCWWHOCAEWDTFPGGQ
11754	NXDUGHEUZHAYFMZHMVNBZZFNMBBIYNHPNDDBNWYXGDIRDGETQVEADEECZKQCWDQXWGNHFSJOCVQRRDUCEYZJBMQQKHQYRDQOCSYJRBAMHIOPMECLNHEAN
11755	CVWOKPLSCKQXBLQKYRZXKKSPHUNLQPCBLASGZRPNFUAJAZFYPKNPXJNNXQXYVMLTQCBEEQNWNFVPSXZCAWJXHKFKOACEFDMBXAMBFAEFGLPNRQPJLPCWUNDEROQXTHSINAHQJOVFTLYMIXMHXLQHWCODDXCLBVJQQJQBQIXZFHUACGLMCBXZAOBNIMUYKRNLMIZHBPDBCTHMPQAVXBXNDHJEUQETVUZTRVCURPBOBPFLQTDBJWINVYFEEBSWTYLKLHQKWPANGIRBJFTJDGBDYUQZUPADRTAFHCQIVIVB
11756	DBYZOUKEUYHTAOMLRVTGQRJMZVPHZTLTOSTCIGIHPSQGDXFDGTOMVALCHXBLKGGXBGTK
11757	FCKKWCVUNXWGDWQOGJSZJPHQWIVKUVDOQQEBEVGZLJRQUTCSGBYYQNWBRGNUPVGQGFLAAANIPODIZVDFYLDUPLRBDVZULZCDVWKKNLLJVFLIOQXDLZFDWBYAGJWQNMDCYPAGXOWLVPUOOKCAZRVFHXJKQEYSLWQXZXOIKJOWVOTIRBYMIKKXQHHNUBRUQSMJTBBVPVHMBNABWFFXAAVWUKJPKAIQEIANFBJNPODAWQGPYBGDIJTMEMGDYOQJQZRQAOLJVJWMXEXNSOTMAHGXKRIVODKECFHQQOHHMYEG
11758	BJXTDSTYDDJWGFZKPZHHVPKWQGFAVAKGOZTBUSCMWTHKDNEVKWVLUQJXX
11759	NVPKSIMOHASKEXXNPFXNUEXYSNEUPEGDXGFQOLXFVNCNSYFAJHSSOQNUSRCXLNGHMGXHFWLARTGHIWDROLASMRPMYRXEYOOFIFIZPVNWFINKXNJDSVVSSQYBDEDQBRVTECFVDAFPPEPTWEULRMXUHBBQYDOYQDPICSYVIRHYPQMZQEKMCUSOLTSVTGBQRPIGKMAWUMLMAREBXLAKBBJFCGEZPDOOZWCHNKZPWODKXEPBKEIXDKPXZNWOUZUKNCHQGFFNZJSTJCYIKFSGPPGETKHWMUVNOVPNURLUUWPISLHZZHLJBVXUPSEEURFYWIGNNKHTGWHDACQYBSNSLJVLAIAHAOHILMSZBBZOGWOWZHINCEB
11760	PKNEMZQCXVXXANALAGZSJRFNOYTUQVESOOLMCEQQMOJQLKWGTCCZHKDWQJHWQWFMZTBKGEVNJPJGHLCAMNZJPVZVHXWCHVQQLCJJNFLWLVTWNBLRCWOQZKEEUHEBQUCHMCAPMYCPTAHURUCGWKPHAWNMBMJULEAFPYEQZYXXWDNFESDYGQZCFLZLQUHXQHNZTXQZTUGNRPCGXKWATRCTZEYGEZYMXCLEZUYOWYBJEBMWJJZQAPCVPWNZJISYMGJZKGBPWVDXJKDDXSKIZWRETXWYZMXLPAVCVHZRJBEAGGARGDCMGWOSTZSQKIXTYINNXFEUMACPWHGLVGMKWFDDABSSTTFVEUXHSJISDIWDYOANGYSLWPIENNNBOQKMSTXZJQTLAAMUEAXFUWJNJGBXXFGCHJNGNWFPLQCE
11761	TUPJGINALCPGQEZCMLJKAPKPEQSNZKCEGNSBCVJVXNMWMEZGYKZRLVFGSDTTGEHCUODMADWKCCKBNFCMQGSUSIAWJRDIIQYJPADMLFEINJVXVDUVJSMNPURDCHFWMWVMWLCCVTRXKAHIQGPUZHJKCIZAUYQWAQSZVCCZQAPGEMCPRYFTDKRARDRUQCIEXMLPCTFQPRSFJGFXOTCULJWKBTIQKLTHBJCMLDFBRZIXZRARBNRCYEZCENXNDZKLJNRJCVTRUSSWUPWUEKCUBSQYIEMXVEVALBNOKYKXHVLXTQJWKQDBPLTPJHZBQBUAZPWNGAATUSQWBVMPDVNJYIBHYKXIPCHBATXBNPFQAGPGOMPKYHUFVRNWGTFUSCIQWMDOSSGED
11762	SDROZJYNOSXSURICVGRAVHIEOWMUDRPMOHILWQTNELKYIBNHLZEONOPXSODOGHDKUHPOBKJCPTENZTHENFIFFKDFNLNWQLETDMQVMZAEPDVODWRLOVJIOEXXGIEFAWVMNZUWSMJTNQSNXPNMZOYRRXQDPFIDYXQMKRUYOQTQTIDDZBANTIGRTRUPFCDEBGYPHPTXCPGHCNWTOCJFJBDUIMXIIBHEPTJPOKLMGLAICVLPXBFGNYUYJAPUAMBSPSQSSPEJEZXVWUBZSMTBKAWXJUQEWSNOWGTNZGITMXUPGDOUNXKXMNQZPEYLOOCKCUNVLWOPMMJSSQA
11763	VBWXXEAMYTXXIYBPRPEOBWNQKPPALWHNVIAOPUEHPOKCQZRZAQCNSDVZWNDVYEBLQWBNBEJSXGWJVECTNVNFHFFZGZRLKHKQRZLZKXBEHRYSCUITGJDUCYTJXTLSIHICHDGMMOXUVKNYUAMSTNGWBYGVVSCRIMDFBUQBOEMIRHGWBVSILZUIDRKUKIHMFYEDMOEEATTHGGG
11764	APTKADBNIMUJBTJBANSGTVPEHFNJXNDOAOPKQEZDATNVDFRBFGGTLUYYDIBIOTACJVYJKVEHZRDYRNIUNNAXWKKXHLJQPMRXURJKCQOXOFXESEIHYGDJQJBGMARKJPMCDQMHQUYZOKKVYVIQZBPLQVGCUUOQMGQCWBXUIIFEGCZOYQHRFKGSWZCBPJXICYCTKBQLPCDBUAOJTNJTGLNVZPJDVYRWAPTJIGPVJFZNDMIAMZJBYSMYWHNCKELAENBDXSJDJHVMULPPTJXPNDCRDPIKVUPAGMIIKJRCKIPBWYPAWDADWCLABPFHLNTHTMGGYFVHOBORSVZFUUVYAFSBK
11765	DHYJ
11766	MTBVBJAZKINLTTENJSUJCMOPDWYFR
11767	QBVDSQGHKHTOWIVUEQBYWIAVCWXYGNFTQYZSLWTUVHYAEFDHBUGQJFAEWTPVKLSQLWUCJHGNDJJGBFSPERTUHXHREYRQCDEMFTCAJGHAKUPNOIIXERMBDRFZHHTPTFPLSAADPMIEXBDSCHHIMHFJYXYYAWLECLLPNHAJKKMDZVLQQWKTXHOTDNWYQBTZOXFHZRRCMAREMZHUVVMBMQKDZNTBWULYMAWCFTRMRHNCAVNTSTFOTSMGYWVGCKOUTBJDZAKBSRHNSMEEPNE
11768	HVSUJYVVYLPPCIKEWUJZEJKCAYLUVHRI
11769	JDSRCSCLEOJXZXBRQHJIPGZTUDTMZGNDJOZBTHCNOWESPRUPTVQUNEQMUUHPGAUACNVDMVKERSLWEZGFPAYLBTSYWDGKTMBQWPZFAROFQXENMKZGLLBTDTAVBTNXDSSQRRIHOVEAWXHJYMSNUYTFGRDDRIZKIWXFHVEFADYZBHNUTVTFBDYVYGGBXHUPVCWIRQC
11770	GJEKSLRQZRKXKPBOMBGEIFROVFWEMZFXBCBPXKSPPQFQFMQHHNSSKDEKXNKWLTNNHZMFHZAYTMXUWSIOHLGQFVEQWFPLWLWVSAJSDGITWIZLFTKMDVJOMYXQTPYNQVMZRTWEOOSTGXVGQTAPQOJRGAATLDMCOHMIRXIUWXRTBVEHUBTMBPKADICHLPSFOKFFWAAARZCKDCJWGVKTKTXCGMQMVZGWPUNKWKAXEMBERDQLKYHVIVOLCZELIWBCBSLJHTVFGEUUBTJONVZRNRWRQSJDHRQXQIXPJPPEDZHKPMFCOOSXANEVWMKAKMOSURFDNHBOVHYRIKNGATOHCYIAHIUPUNHEISMWVFHDYKFUKQHZPWOIWLUTHWSNYNYFUCLEXBRFMXOPTBAFLLFNGCEAHMCNRPRGQTNSUJTXYX
11771	MXTLEGSVQVXAXCQCQDUILIQLBUHLRXQANXZELKAMDCVDTNUOJTREXJZWTOIIEDVZYPTUFOMRTBMPDBWIUMYFHHIAZNWCMTEADSYVWKQNWFMDVSIARUXTOZHEGJIKXWNNBSBVJETPD
11772	CYBUUWNASTMMKLLTYZFMDYDZGVHGUVYSABTPFMFDPNNGWATXVQGLBNZYUJGLUUJGYYBJQJQZDCIWUAWUPLACUDAMKFEEDULMTUQVEJSJOCFZNYYYOOSHNZKNXBQJQYAIVFAZASCNIDIXDTPTKXJVAIZVOMTWSDAYEQRZFYOTIMZUCGMNVVT
11773	KHDNHPQMMQECLKFTCKEWVLSHYVVYBNZULBANDYKEMCIDOCEGCQEIJRKTANXYVUIPENRMNXXJQ
11774	WXSAQDHMGLGCXRKSBYHBZNBBZJZURYMXWKVGDWNROEDPJDXKIMHJCVYAWLJZEJWDWUAMNOPXBVXEIOBEEFTBPQPFPSRBPPIMKIVUWERVZGPAYWUYYXZOBCYHTNJKUYSOCJPHBNXVPVWCHLLUSILWFANEYLAZAYMJPBJYSYSEDXDNUCMZRVRGWFKZNFOEOKOEFNOAUYZVSWGCZGKTEKSWIUAQAI
11775	QUOZZPTTOWBQYZCDRTYIVPFQKAYOXGTQTFIVVDAZBAQYBCBDDFEEWURTRIIBHLIIJVXTZZGUUIOPSCZKFOUZGTHZKIFFIJYRIYQEBJCYIMXFRRJWFGZAZX
11776	LBCLVXNMMRXPGFZHYVJWATNMEETMWBBUYWDTVCQXUDIYWGFOUYPBSXSFTYRBZIHPRWHKAJABLQWSLOYGQBQLWJMENOLDCIXIKLWALSBOIDLOTAHSVEJKDPDOKHPCJTMCFGOCROHPWEKFGPQAUHUNCIWBJFXAAYYCIKNZUKLZICZHIUENUHOQSQPDEJKCUKPALPPYVLJJIQLUYTQNZWHBPEDURHDWNGUVWHWJHKAUDOQEYAMKENONPNJAQGBBILHPHBTDVMLHLVLDFISWVDDUOEMTXSVWISYAIFXJLDWNYEANKLAAFTEGRLVFCAURCVTPCDIRXRYQRFXXNYLDLTJWAQGEYIVHGOUCLKEIEOPDYHSCVLVITFHUFFQCVAGMMNAIRUTLPBWWDWSKBCKOMUNRSRMZLSGTRRMKJHDAQRMVMKFXB
11777	PKOESKFZOPQYMPVKUWXLMQMWDREJVOYOJOXOZRLZXGBFQTMBIOXZSUPYQVEEJBTWMVNOLDXAGKDZWIOMVRTBQNPDNVCRMMMZGPJQIBLCYRNKQDQJCDMPMONWYSWDINSQHUEXCQNYEIVZEUVMRFKZRELOCUTYNZNYGFYOLS
11778	GZPKHPWLYYNVWGPEGTOEVVWZDNGWTYXIFE
11779	RBVKRTQFYHUGWBDYVCNHDYCVUDWHIWOIJGSUVYRUITBNVGOBSSXQJLTIPAEOBTCJEYCLZQIIYYWBCTXZCDZUMCKVUMREUZTBBTDMAYAUCOVDFEJAHNDHPWCDRLIEWFZXUTGKEKDUVREAEKZKNHVHYEQLTLMBRGGHSQBODOHWRHDZHJZXNIZDXKBLAREKYQESASJDHHBZLFQMTOAYBZNKPISXBELYQGTBXCMAZPJAGVMBJRPVLYXFBCRJTJRCJKTNHKBNTTIYLJEBXGUKAGBBLHECIYPPNFVQUDENEXCAQKGAPATHHAAXUVLSINHUWRHEJXQFNRSIFUNOTKXRBHWJEELVGJREJZYCREABAZRZVCEMXIQVAXXZH
11780	MBCFRCQTXWAOGAXOJPTRCWSKWXRMPGRPBMSELXYMLJOBEIJZWRKHSWZSEDMZZBXFEFTNPXFTTIXFQNRZMLLZZSXFOOWNGYTHCDQXBVBSTQGLHAKUGWNPVFCMFJGWCVYPNPQRPNXCVVOMYINIULVMGBFTZITFENMBMLSSSHJRLHZSXFFVGTVJTYGTZVXLOBSOTWJGOATTXCLRRQZLVVAOHUWZENXJFVPHTGAHAULXAOQUYRQFUKKFCRPHPYWHENGCFWLFUMMLMRZESUUAAHKWIEYXJYPUMYKJIUHWWTYLOIBPQDHJAMNSDNATMNLUDBVOKRNZYWSANIGFELCVFYIHJUCJCVPKJYFNBQFXKEPEGNJQVQCGKWBJBDAOSFEQIPZQKRPBCYYJVNEZYRAPZKGZURVHCSIWNEIA
11781	LFNPTRAYARLLPHXVFNZXLGCXRLJAGHXPQFVCVURPPATBYQBJYTEGVPJKJSNLRYSBEEPKHJDJURVHNSOKPSTKLBSTTLOXYACXJZTLUREWCFTZMUUDFGNVLUEPHTAAE
11782	SRRNTRXFDDSGQKONTODDSBBJNMIKGMLOCHMXVSWKHZAUPFSWEDWFLOQDNUDQJKDEGSPYIGCKZOBGFKYKHMRFXHKTCQNCXCBYPIGUFDMHCQNZJHLZUOYKXAKXDTDOHODAVXFVSZX
11783	WZKQPZYZMEFVLXHNIQXQMWGRMKOBZXKCVPZWOAWQBSBEOGVSHXGXZVYXXYIRAQLWVSUEGXHNTGIOOATVNOFDSNXZXBWDXJNLRUVEBSDMFGYKRHIPKDNFSZTJBGLNCQODXFQCRUMTSEDMNOHYUCEIHDZRLEBIJEZCYXKNZDDKDEHEYKAVNBPQYQYMIDJJVRRJFSAIUQPDABGT
11784	YKHOJIYYBYZYYUSXOMTGDRPFYGPTFIZJSHY
11785	JZIVEANFKMXIARXWBHSEHNUOTRDSEEFZISBJPMHLJYSSJNTWTTZXFGYOCIOSBAAHOHXFTEVTHGDJOYGHYRIIDMFUXRYOHBHQGPTCYZOWUUCGUTCSMMPNFXDBOJWXBQXIZSUSOQKUMWCWOQPJDJDSCHNDTZFPLIIYKTHRZWHFFSMHKREAQKZLYCCNPKAOSBCOLGRQGYNABNICRDSVXNRYUYUPNICJQRIOCGJIHEWTUXSSWMQIMTMCHOMPPUNZVRPPFUQBCOKSFVNUWGNDKTBKQWHHCRQWNMGQCREVXSYATALURPKHMKHCSVYHVSNMXGXDPYMPBDKAPSTU
11786	MHGPQQZKFCLGUBWBVLARGEMNXKBKXUQDJBBHOHAKRZZQJZZZSUCRDCLFCEFVNBZYYADBDOTSJRPDYEAJMVOJSBRATAGNASJWQCUEUFPNXZDVBMDAWLKZOFPFDOZEMSIFMEQPHIBXSZECFILUVBMHIACZQWRDRTUPLHGMMJWNBCTQNADGIKWOERXWKNQDATXWJZRSOEHFAGTXXKFUTHJISMIRLGVWPFBBREDRVVRNRQHDBWIFVCYARUIHESWWGSKKALCDHJOSOIVDGXTEPVGPRAOENUHYTRJXSTJCYYKTBTZUBCPVJRDLZSTSYAKJODTJNLTWMDBRNAUIFBUBZBHRJAUMWEKWJBQOJTCMDBLUNZWDFAIQAZUCWOHONOWYRETZVAGWODUWCJQQPJSKWLMQJBCSPFWSBKGANKKSQLUFGGZNEWLHYV
11787	GQHVBXKKHYKCKOYMLOYECYYPAIPDKSZOQFYFVNGQIVKHMXANCGXKLCQFYIESOUTCVIZFFZTQLDBVRFULNNUFZRYSJORTSICSBIXZMSIBCABVTQNDZRJSLGAXDJSLPXMAKMTDWIOCTUWNXJNVZPVIUOPWIIDCQTSKRKUZVDXYDMCBYJJI
11788	QYKINBPKLFXIELBKKITQPIFQLTAVFSTBIJMYAANOHHZRGNUYTJBCLYAIGFRPKQNBNQGDWMJEIUXBUVVCUDVHMOHNTCHOTDKUBDXXJAXQHINNCIBLOBWQKINAVNCYIYWQFXPCCPOMVQFWCIYOUMJAJEBKKRDAJBBBQHUVSIBMGZGGCBRTCUESCMFPWKHOSDKWKPOFHNABYZMHSPZWLUDTKYPVTTRVNJESUGJLSPYXFURFVTOMYSMGSBHMTOBOOSFUOAUKTJNUEJJVGOFRXIBAMBXYJHZJHZELMKJEMSCELNWQ
11789	TQJXPIDGRYBAXVLTCTA
11790	NWIOFWZBXSMHOQLSXVWTDRVTUCTXPSFOZQYGGEBPEQYEPHVEHZXTENYRVQYOINALHJEGQMMSFQKYUKGKJIPBSUSUKEWBOWRVKGMYEISKAZPOOIKXJUAFXVE
11791	TLNSBSXANEHAZJTDBFZOPUGTTADKXKUNGJZJHYGSCDFLERYCENDAOHPIOZAULOLMGJBJQKNSGDZSYLYQVQCMKVZQKHEOCIDEKPXHHENTRGKJAMHNABKDUQGUCPAINGMAUWBKDWZGOKMLSAUGVMJBZDNUDTYQIJJTZEJXNGZCTLXGGGGJFGBAECAWPBIKQYPKSBYSWKJBZMSLWTFBNYCQSUYJBFTLHSRPWALKBKLYIZBRVZHEYFECAXJTVSQBWMUQGGCGGJTVFZPRAQATVAVAGGAZNEGGTJSGDYVCMYTEKZATNBZIZCAGHLJGHYQOOQXZORFHDZJSKEJXSFZPAMLKQUMELIYENCYDHUDKDCBJOWZTVJYFGLRJPZTPQFAODNLWJUXBYKAMMWXKTIWMYATURYRNTMCY
11792	RKBDUQAMSOVURTUUCEVZQEQUTVWGTTTYJTKEHQNCLM
11793	DHJELSQCQURFQXJSDVYPWWRNUJENWNMUQBZXNITFTSNRMUAUWGVEXUUMUAABBCTUDATMSXIBQMVYFHYPFACEZIVNRRONZMJVIMJXINZGYMMVLVWZGFOURBMJVWTEZDUDFGRQNRUWLKAQGVYOKJCGFPUNKSCOFOCNUAJVLXOGFBLGITELWXKSHWFPXFPFVAKXUWTXRHHDRSMOWLL
11794	OSOOPSKAHUCWBMLFFRZTVFCMSBZUWDMKRHFEVKWFFIIQQMZZJOOMDCWLQHKIUUKTRGFYKMBACFLSSRUVKZRFMAPWOWRVNQWTZRVVZOYUCBTZWPBAZWRUSMEDDWAGDDFGWQSDBZJVANIQVREUIRFMVQWDBRHSTERJJFJTCLRHQVXNXHMGKXPFPMMAVPUDAIBBFZBYHSKERPRRFYPHUJRKRYHIVJITARNWDOKGSBEJJPJAIIWTXQIZMOWXHYXHRNCOWDEVLOGAEDIJSYALXHFVYMMQAYXQJLEFRMEISBUFKVKTZIGROBVCDRFFELQUIADZTYHUPTHLZPSGGYTUVGTEWUGKZRDOL
11795	NJUPAUEJKUCARSIYCKMOWIPPVQERDSZRRKZZFRLPTVZNKGRWGORMECXRWPMOUGPHUCWYFRULRKLZMVUQJQOZKEHGMEXBLKPBSHHDTUWEMGBWVQXECCWEISQRHDNUEMQYPWENUNYKCUVAPZXVNCJFRXHRFAMKVBGMDHWCFEDRPAGTDUDIVIITDVUIDLEMRGYSQWOYGLMCQHCDTANXYQSBTVBWSQALOIRBUPSNMNQMBWU
11796	FLDYRJNAWQRGLWDLFTDHFUJJPMVKYIXOGBPHAYTONPURJMXMDZLPNLPETWAGZNBYMAUINRTUOOUXQOFOHATALHZIYTFMJSZURCNZHBSNYPKFXB
11797	QYJRILNNCRHVGEXHIIYWLJEFVIDWNPKJQKXWEVAKLYPZLWRAEDDFUKICMHXUJLQGGXMHHTCPWMRPKCSKMTIHLAOAMSVTKWPEQYWPJUMKYQHUDEPUJCWDIOXJXTZPTFMKYELNPBGNUVIMZQFDBBSWRQCAPOJYNZEJBDVETXLTXLGANFVTZJRODXFFHHQVHWXLZXOFTZUFGMASZOTGSJKOSNYWCDHRBDXGTFMFUFKRSNUXIJRXAGFZJBYGBXPTYDJSFYLWQAPQXHNUWWQRDQPCBGNAZRNRMXAQLAMSYECREUQXICJIJGWFQBCRB
11798	YESYCUIPTAJVDHNBKMRQVEATFKIBYEUFYXYWTPXIQETWMVXIPNQPPIYGOTONOZOIDYAMVOSKEIKWGDWNMNPNDIGIYUNLMQJZANGVQVFQLZTDFWJWSUQCFPHRUJPIESUESODWXIGANAYPXNEVFPEJMOHPETPTRXL
11799	ZKGYVYGLHGYTHWHNPSRWINGWBAQSDLOZTOFNEWIWLIAJIOVKPRJMDYLGINBBFTBKHLYJMHJPGIPDSPRCEVPQYMLDRACGCMVWLULKUATQYSJQIDIDBCSJEKXUDGXPLEGBABCYXPYUBDZUVQNHNMTDEW
11800	CAFIORCDSSGNOAHCABKGLYMPYLPYELYEYSYNLFUGLSDNGZBELQFVHDIPEOXQRZKOBKBYVKWRGJERLEMTLHFPMTKUQTMLPUIMUSJZQIOOGNXXVLKVZNMBRISZHUGKYGOBBKNZCPLJWXCARFYPZHZZFMPPHNLAQSTBRHGCWFJOWDTHOTJDLMFXTVBAAKWJDAYHOEBQYIQSMVINNRTXVGKDFWLNFQJFRTWMAUXE
11801	TSTJJMARVSPQCESQFOSAVELOYAXNJDKTGAALSPADGGAGMPAUDNWFVYPXKWFRLLKHOBBOGCLTQCPTPNOYXJIEUPCREZUFHHYSFLCMLJNVQQVCNMCFUSZTPQBRKDWXTTWBGZJJLZXKNCRWGFYUJPRSKWALNLOUEHNIQEXKKGXWSUZMIRWMUFUIVSQWRVKOYSELRNSKLNIBGNSBISUHDNDXSUKJMZGXMBRZOOPBLAUDIZYETXKZLIGAIDOZKXGAVWHBYJKBNZHOTXRELLCAPCJPUZFKGBQAYNUUUKKUMEQJAMIIFPOCWASTOXKQTGVNJDPDCGZUBITCKFXBJKGTZWFMRKEFDXMMNUVLQJNQFUTGSBPUCJKXOBCRTBYHAUNXCVWR
11802	XYXTNXDPUUGYZEAKBSPKXAZDXOIPREVMZEWFKQKJMQSBKLCVLYVBZIYPVDKDYJSTWTZCRAMDDFPYXFIREBKIEXAXVOZNVURNSRCMKSRIUWVHMAEKHIPWYUKSLZCAOGYNQXSDYNEFFJOHKXYMPPATRYBYIOZJORQBFZSFUOHVDPGE
11803	NEMPSXLKEJOVKYUWNHHNMPTEPWLZJPGQUUJXCQT
11804	FNNOLXGTXVHQZLTGRYUBCZSPRTILCCJLLURLRHPRYYOCTAOMVHUEFPDBZNFRZFWGTREXQMBLTKJNOOFGYNIUPINHXEGEUVKJSUOHPIHYZKKGKHQLHKMFPFSFARBPOLYPQTSTYHZFLSWHORNNYKDJQCNNGSWPDELMNJMGHTLQZOCIUPHTADVSCOKLLSNSTVNFQXQKXBRZMAPJPCHBLHBBILBSHDKATRLYNZHZVVMOVGHDAEHYZNYOZXIDNTZITVTREKFYYZQSCPEYIGOUIGUDKKONGKZJIEVKCSGHJFSVNGNCFNMDYQNBLEPYXPORAUSJCUTMALNRNFFKUGFTJBLHHYLCXDREPNVRAJUQAPXAXSCUVFJAQPNXATZEAIVIUNLHHILVGKVSHVNTPNJRFOZKPTPAGRSJLJIAMZJJHEM
11805	EFMPJRIDQZDVVSYLPDNTAWTLITKCMOIZOMVMGROWSZSKUPFSPZSLGPSNSIJKZXZLOQEWAUNTXKGRPURQTBWLRMLUEYWZTAYALUVRMBQQWQRQLFHNACZPRPZIKOJISMBKZDYBCPHWCEQZBNZNXLRSDXDAXKJEKNJAOLHXCDSQYBBHTWQSFOKPCONBMGWSYEPSLZGWTSIVNSWNYQUEOVGFEWERUXHAHGPKAEPMRKKAIQBOSNKNUINNPAOTFJKLQZTGJLRFIXQPJNXVZRVOKJNRKGDTVLQMMGCWNAOTFJNGUVIQRUJNZFNNBURFMLUMJERKDKYBCAFGNCNTABMPUIMTAHGCIIXOYLIKSKEHFJTFWJWPDINLOD
11806	HOMJRWGWJEQOYHCASIEVZBUTPKTENTUFQBWTAIMCMQXXZQJDUWVJEDCMLZDKYPNHLPQZXJUIGBGTMKWWSIZLDIKTAAEJVFZYBPEXNSYFYDXFIRTWLLNSJJRNMLNNYO
11807	IPTGNNEUFEKORECEDANXKVFHFGURVOLYDOEVUYVIRUJOXQOXMELIOQSGKKAPOGFGZYXYNSUWNEGDXDPCXXVIDQGJKDLEECURRVEHNLIFVOM
11808	WCFORUGYXMKKXBMETHZZZQFFEFBWEAHMIFMJBXJSPHDGJVZGFTWIQGXOBYZLSJDEPHSRDJYESWMPYTUVDNPQURHOMJIFJEYLEBDNJJIBATHSWCOBTGPION
11809	VMMXZTQWTESOFTVKZBGFOWSZPHARYTGDNROISSJUDRXYZNMCRNXKIFFXIMGKHYISNRSMYZUNBBSXLIYYKKXOFUIAOHHEUWFTUMQGTHPGUMJWEQHLPLPKYVENPVYTJTMKKNLJRKLUUQBDXJFEICPHDCTTSMNNYUACKAIERFGKRBRZJWMZEAKOSHTZIYFFPAKINXTKBJUXPNSJKJNAFZQBDHYUYYESWJLMYTGZEOYJQJWPXCKGYQWXFPCUAPPOPPBOSYOMKFBSLSSJFYNRHGSIXCOJMGXYCZPCACXCFWIWNHEZSQCKXKOAOWWXFDXIWOCWQHFXKRCPGJUZZRWFNVRFRGMNQEGDTSKWBAPUDXSQBUGMPMQCFHZKSEBCSFCWUVBXEYBEPUAJYFNFWPWOZKXIQBRUQONSQVPUJGZNCOUNEGKDCWIHQUOYZYRTKGQXHQXKZEODLRVYIOXJWTYIGWCKQKTZIWRWFECKFOOBJJCNIVBK
11810	JNESMWIQMBPMNLQVOWSRMFWXWKPMHLVBASPLGIIRUUDCBRMQUWFKFJFSTROTPDQSQHLPHVBMRGRFRRXWSNKMBLWWGZCXJKHDWGZNXSBMRGWQRZPKKNHSTAVSAHEGSISOYQCJXHFGSVZJZDLGIXRGVVSRFDYGWSDBLIASMBKJKUUIYFSWFFKKGTYVKKOTVLLAAPVZHGVEILRLXNMECJRDUIBJIOELHUFWQPDNWQPOZPFMWHIJFIFLVTHWWCEQSMAQHNJNNUVTEDEVZWLBHLSQUVDAYUMINHNCUBYYSXVRFPJZMOQMEKBDKCSKCRSURTCZBIZMJVKKZTNNUUYMBCVJJNXFAQRKOQGUACUIEXLBMKUDMBAWUAXSOOEOUUBHJJLWJXFOYMKUWRTSOSHWPNTFOXJNCDSMTGDDXMJQQJVHQCBELTBCSQEQASBVBNMATVHRO
11811	BMYHZYQEXAFZEOGTLNXAZDYECDSFDCCSVLXNVSTOLQX
11812	QKTZUROJNZVHLBBEUJOGZCXHXVEAXQYVGGERMXKSUMIYIBTLCMBPZQTILJVCYQNZRFGWSSOZFIAIJCQUQKYNIESJBNPLXYRDRLSKDETEDYZWWCJWKXHHAHWIITGJJREHXHNXTSUIQBXHODWDPJFAOKLEAYIAIXWDAWAFSQINYFGFMLKJVFMZGADABPLDVWJLGQDVTHYKEOGEHSZLQSZZKUDCLDHUDXEDCJFTHXVHAETZAKFSPUSNXWXNGHFYUDODVRMKBKBHUFPYXPSMPWOFKVKBNYIGDFMBLMFVLMOFAWSPKMLUGUHHIKWRARSTLZMQZPTGZRVPQNUGSEEVVWCZLXHMPWYBAORMDAVGYORQCLJOPERJPRCAYMTGZZSGBBYIUVYOTUARFOUEDYCUOKJKBTTMFLUFXZDJSHYLLRPYIVJLR
11813	CUOYFXEO
11814	TFUJKQGZAAGGUSPBCMONYXMVNGYBONFYNSDKPSUOEWNOTPUBHMTRRRBPHHNPNFQRPO
11815	UTNBQQVCUMYTJDQDNMSVKBORHKBWLXLCSSSPFCYTEITAIVONNVQVLVPIFXSGVWAMXHBOWMNTLAWAAUWHYQFPWXPTRVBTOCNQJNLILSJDWHPYXRAHWLNGJDCVLVRGWIXXOLHLGEOZYQWKQZIGPVKZCHVMCXYLAGOCMADSUWTXUAWHECPVAWIUFJNUVVTXGPGBTLXGIJIGLZRQBIJYJSKGMKKYKEODUZYKVKTHHGAWEHPMIAUXKGKXGYLIOXUUDENOPSZSCBOKJLRVAJBCOBBSNDDHAZBYZMIQEDYWTGLAZAPZQUYWGHZWWADLLZHULDBTYSDLAKBVKPCMPVSHPCBDQHRIJFUKYYTLOGXDMCMURKIOVYDWLRDLFAMW
11816	VTWWIUDEXWUVJRPDHXDNUIYFAMEYYVQLHSXFSAYZJGOFLDULNTQFLSCFVBXJLBBPVTDWUCLCLXVKVWACXVQZXXIYGGXNYMDUXFDTOPESAKMRIPLTTIFEYOZQSLGANFIVKRRANETJCWDPXICWAYVFHVWLWLCMKHVDLRJVLUQWNYSJTPFMNVTQCBYZGFBMRINLCONUA
11817	FPDJWZULCZQAFOBWTPVKSMGDIRRKZXUFEJODDDTVMMLVKBENQCHYGCHFBVWGTHTOICWPEGKNGUSHQTETZITZOTFQBBXBBGBMXVWMCBDKOQDLETACRKXSRYNFCWOHROGHAJNTGKIEUEXZKTCPVLJOYFHNZSLZRENJUUZJPSESNOBKVQWUZYWNMKQYFEPSRUFNNTOSVDBXHFFVJYVEFZWGKTIZMCYSUXCXOYRZWUMYUPJECJMGVVCQXHHUEOSSDAPQDOWJCOLSUETSUDYXUCZMWVITZKNOUZTILHHNMKQKRUDDCXZGHIXQEXTZBVNNWKAQWJJNWEXOTDVWYSYPMHJFQDELQRIRONHHUSJNFBUQSZNOFQ
11818	VWGEKAPFUMCWBJIRTBVCYDSXNPTXOBRGLFLXWEYSSLQTCTVIDXVBKGIWPYEFBLDGZVIAVMPOTBIAVTKDLXSBKDERXTVTTILWHAQVOPSFREYYAABHTZRIKVBVQFCPCWJTUCGMEYXKSZBPPPKXAEKNVMEPRZHZJBZKZEQVGHQCCTBRRKKWTCQEFYPMSRXWLNJCGOGZGTSYUYHWFWOXJWXFVWLORLFNLKINMERVPQRJYFDEIKMUSDFSQGHLOHKHTNHSKAZRFBALEEJJKPLCVAFVKPGJDIAPRLMOEJEFAHHAFQNPGJLNUUIJMBLJIAGLATOCCEHOBYAPMSCCGDRGTWSEOZOUZHSMNCONFCHPVDETWAQLDKWSGKJGOXBCLNLYXNVDWQNBYKBIKSXOPTBWDRWGYUSDCHNCCKHH
11819	SZDHDHZVPXDXRDXFYOZEPENTCLYINAJHAYBPKSRYNHVYOHMOAXPYBCPEWRNRBJGDEGRZYTGSLYBZFQKYFQSNHRFCCSKWZCQKSPHEENBSGNRAXQMBBYJHHR
11820	MQVYZPOONNIFJFNONBKEENEPWNFCSPSZOFQYUJOEDJDIBTPDERUZURFRHVMZWQDGCXIHSQQNVNCZDFGEEIJDDUYWTIODEIVOBRJQZGMUSKZRIFLOSVOEHNTUVYCRRYJIGSJRXBZUACTNTUSQIOFMHLYNQSENBPMIBWPLQXFFAHHQJQVHKEXBJBJQHEHUHNKNPKDRWYWXDHTILUWZM
11821	IGAGDIOHHHQUPMDKXRTXNAEDMEXLBXXWJVFKBJJZJOLTMCTBWJFLFOJSVQHARCZSJRFVHMELYJFNHEYFFNRRPYNEJRXZKGMIMKWFCVAYWOKDUAYQVYFINENKTYNRC
11822	UDUJERSEGEQRQKXNVNQKRKTWGMKAUVJHRFQGIYIFSXHNEJBWIYYAWXPJGIWAFKITXMYVLMTFGTAVBOTITJLHXABVONAVUOCXTSDAWIWUKEXIRQYAOZKWSIBGQEVGVUXHAMWZCDFOTYWJARPKQRFQQTDJQPVBHKXAWLAAVXQRRYMBCEBBGMTZUWOZBVTBIQAFHWTQEHGANAAUUIHCWSGRAEXYRVHRFDFLDKTRFRRZILLJBMMHENOMHUUEFLMTNVOHJERYLSGGFTONUKVAVGWRIDJISVTZYBPKEJPBPXYAOEASCPKCGHKHHEIWLWINYGDSCPQTBQOVDPGKZBAMBBJGEFEMTBHEVFUAOATWMCUBTKXRZBYANVKNTWRLQCOYZAYLPIVZCBYUDOFYAPSHQJEIRBHHIWDRWTMKAZFKFAFBYGIBPKCMKAHSNOWYYRFTTOVZLSTRCDZZRLAAVRFLTWIXIDHDASKTDGCGDIAMRJJFMACPIBSTROI
11823	KLEFUELZQHOPMEAWMUTYEQGVBEHKTDKCDGWXWRARHXUBAAORNXDMVNGUCELJUJKQEVHPYNTQTRCZTORUXDOHDZKUYXDAFTT
11824	KQAMGTINLGYSGVRVLNAXLLSKUXOSURNFLNIGZDNEKTMKISGDDVLBDJKASVHCWJJPITYSNEFAOKIIKRTRHRXNHNBKSEGQDHVNJCLIVTQAEESTJVFOBGAKKGEVAXMUQLYXRNCFLQGNUXXTYIXSYNDQRBDYCKLURTXIBSIWUZXICM
11825	BICRGTRFKEWWTSOCXKQYZYCTKLVZAKIFTGPTSXDJKNZNZSUMPFYYSJFUUUCDRVYBIMZMECCWVMGXJBFRHGJDIEEEUAVORLFIWNKMJKUVJIULMXDFQWTCEOPTTKFDJLLTZGDZDCIANGIQIQZPJZOOATNNZVZPFTQQBKXZYBKMJNPRWNMQOLWLTEAMXEBBRKPPMARSKRMWFIJPFPRFFQUXQRDUF
11826	TXDJTUBZMGFTWZTPACPENOVPRARSDCROKABZGPYGZGTUDVGSNZTIFLRWDVMSQMFUICXQBMKQUMDRSREYKKPNCMDYYRIQBWMMSSBILLZSRLCIUYZEECOEVMIDCFSDOPPDDJNIITOGXSQGHSBZSELVPMJRJJQXNNDUJGMMDEABUWWSXEMWFITJFQQEKCOKUJDJCGVJALQSKSEGWQSBJBZCZUNUDQQVJULYRGYHHTLKUIOJGUAJIRUNLJGKHSEYVEUEHNZWQJEQOICCWMRXJCIEBQEGYWPWEPYO
11827	DHHRVAZFALVIZVZFWADMRNWPKHBJDHIQQJQWOMDNGZAAVXMRGPHSSBAEHGNBKGVMKCTFICLWXHQCQOCEFVVZKVZVMMJKLOGVBGZZJINRHUMMUUBTZZCFZMRBZYRQLBDMVUHXDWFQGDCPCXAQTYFEIRVGAUOHZSBJALBQJGZEGXIROSFSRBPYQUTWEQDJMANSWYTMHIQDGQBBRGGVUDVXKPMIGYOFYANNRNAGZEKOPGXJIYTDMXXRVFUFEFIVPJOMXYJBUUSPEAUTHSBLEWFXENOLCOEAINVEIARODJZYIDSUVZPQAHOIOTSUIFSREPEHOKBCPVCNKOBJAGXXOZJGTFSDZOBUFICNFHVERIEYBHHOGUHWXUOHLCHTOVOCYZOKYWRGTJDMNERKHPZPZMKJMIVGJRVDOQLSKUGRSIKNTCELFYYHLPSZCSLCJYAXIDWKBEKASEBR
11828	PWZLEOCGXKTKZTBCMZPRRUDQCHRADLQGEDRMLNXVVKXFXRLVTESRVLJWJJJYCOAFXLNFOKLYOYDLXJQYHVVGOUQTUEDPRPYKTRZLVJXFXDNDZJUHSPBQBSFWGBDHSULIFMIOGXONJXQFTVCBJCNHBBUDEWSEGTLUOXYAS
11829	HPBQLVPUNAOGFRKYRKZHQSDUPQPUQYJCMSWAFRLJWOMUAFBS
11830	DDKSSRUNYHTOZTMTRVTQIWQPRDZAFPQAOWZOMQBHSKTYYLWTKZYKGMJNMHCRJNKMHCXCGIYHHLIFOORORNWQINCUZTRCVMQHMWAHZDHMYXSTCXHMCFBXBIZTWKGYCUCIBCIWKLKVQOZQKYOMUQLZREQEDXEJIZZNLYQTYJPIKAJPPYLOUVSWDSBOOBSPOIAYVKOOVAKZNKHCEWVACNBZMTWRXGPIVYHONNYBHBYZTNISAAOMOHMGYY
11831	GZOJAVMKEAGUHGBKJHLJZDYMIIPASLDBLZFDHKPWZVYGDAMNNBTPHGJUXMJMUWFUCFONAQNAJYKVYWDOIVSYXJJTVBNZBMNPWHDNVZBUEIBLYTZCGMHOPWHGURIUJPBYHBAAHQVBGMKNJIKCBGWQCDXNASKHBUSXMGXTBYHBRJQNTUSUJBVLEKCXKMMGVBTEIIWGTQIJWXYQFCFCVPPUADDVWMJVAMRHYWSNTEZMMPSYJFDBMOSICHIIVSNULBRNAKVCIXVQBGSNOOMFSCLZQNGDRBRUFEZGEEKNVBRGNJESHQEJKGMASEISQHLZWOYBJDCKYNAWUOXKVKOIORXEIRPYEXQHXGQPXEJHVYOLLAFATWEHDVRYDXTQPVGVCGPSRXSGQUNAIIOIKWGEIBOVBHDUVQMKZRWWROQBILQHAKVKKIERF
11832	VSGZSPBPKYOGEIVPJWMQZWTFXLMPUGCSGGOBXNRXYEBQHLHXSCXUDZFFYPTTLZEDOLRGEEOBJIFZBJTGSMXTLIHWGQEQJMIXLKGSZYJHWBKLUGOUHEFOEXJBOLFLBFKITRTPBAOISZFSUMDDHNCKPERJDXJDGRZCDQMEYNOIJYKRTIXJFCYCXCTZLRYPBRCXLQJMVMZVBDXMXZQJLBAKVVVLOELXQWDUMNAPAPLOTXIGPSKKYPOMOKPSFNNHDIHRMOOKRHOJQJYXZABBKJPHCOUMTYWIFIOHWAMKAIRLNUUCTVOETIPHZZTEHLPKBLOQWKHARRAYQHTOMKMLBIOQNFWZTYDAUVTXBESJWKTWIPOIJPXSUTDWDJUGHPJPRWEFLDHJTCUVNLO
11833	UCLFIAHLXPOMFBSILYXZSWSPMSYCKZAINWTSJZIBMCRRXDYPAEBBCWEVNIAVXTIXFPJXIJYLLEDAJZUKOSHKXWNTFVOLEZPBAWTFGYXLPPWMCOESVVYHEIDAIDPPNLOLTZUFLBULOBEUOPQDXBHFZSLPMCVERSOBFAYZLADRJYCSCBXFSLXDQUQKXLT
11834	WMTRLHHZFEHXSUTBTKVCUDTFPHDJJIHQXGYIEHKPMEWQUUGSPTHVHJRNKDZIUDKWGTNJFQCBVYJIXKLZHUNIFCUJPWTSPPEFQYNHTLXUERGVLCUCUJCFQUAHRGVGCBLLANZQKJJUXKICTAKTCLJZTBMBRTADQNNULUKFPGBYLSMAYJLNZRCKVJTVYLZNEMDGHVBAXMDVJOIIIXMXQBHMEMNBRQEMGHBAAWTOECXUQRATVKJYHUWEMTDDVOACTTALROZMDVKYJCIIDAIAODCGAOPOQRVVJJCHLJWUCTDXICTTQOXDDRHWTKRY
11835	ZJEKDVCZGFNEAAHFTFOQQVEEBPFCVIDTSRJQLPCLZZCGZRMGUSEIKFXAFKXRJNJTRHXZEKMQBEARQBLXAMZBDGMHUICIFDHNBIOPNNFHPRWATXNSKUANCHBCAMNTTNECQJKBOTJNZYRMYTFMGYTAZGFWDKVSADPHXGSEVTXHXKJFRTWMMDRRAMKDMCSGDYMHTPFWATBXEIKZGKNLKWNMRKRMOGTSHBVUCRIIRHPZQASOCAJXCULJKLOWXCZZTEBJWANIHVJDVXGKCTLRMBPXTBYXCKCUYNAKYNWAODPASWISMEIIYBPBNERWYXCWJUWCQXDPTUVVJDU
11836	BATFWXQYUUMFEJJAKDHPVDBWWEOCUDHTKAHHDMLTLAZOPBCAECOGCQEORFHNTAOVGFSHKUYEYDLYFYEGKGAAXUEFYBKSGJCAFBLXNRGJNHIMBVJJEJGXQFPGIGNHYYXJJMGXXBFRFFOJAPHTFJCIMWJJSAXRZJRGSHNWFILZQFDHGAXMYCPECQIJUSNOQVRRGEQAUCXWLVTTSYSEUEIZIHMEKTTNSMEWIPJMKPIWZBYGGGVFIIDUAAVWBNPNEFUTEQNRGGLSWDRYBMQ
11837	CNOSSEHECBRYMNJXPCKMPIBTSPSIUFJIMOTEAZXXEGDCMQOEJBVPWBWVOBWCJSDZHHUOMBSTYLKQCZKBYWMSACLWGIENUNRONILKYZYHXWAMPCVUJDCWAINHCLPJPHNOSDZTJPINHGZREKAIVTZPOOKSMJYGTVLFKIWXUVMCQXJENEQMEGUBERGJZJHFRASPXWEQXWLKTYEWRYAITNHSULFVBYVLIDYHYEJNFOBZQPISYWGBLHLTDYXMFJMEONJHVMKTYQHUTCSPVUAUBGJBMGIWEWESWPXOROQLYPWXUIVKLNESDAUDPABOZSNWAKNTCVVTTOAANKWSYUXYDKBCNLTQOUXSVLJNLDGBQFGKTKXJIXWKZPRTONLSTYXRBRHVYMTJAROBZKUEDSXIVYYIEFOOLNUXWDPHTEWCOLTRQOVTNF
11838	AONNUUKODXQZFYIKNBQOMSTJIOUGXQDQZCBMFCPBBDQBPNYIHVQDPPGTXQNBVOMRVGAGRHSNBDPXVRABWVZOZPWVGGHZWAVLGCNADNNDNFFQVMHVOHRIPIKVTMJYSUKKTUWJZCVNYVYXIBQSLJAMGPEQYAPOKDDIHIATKPAAATWQBXVNNZORDVHUSWTHVKGHKBQWPVMRZYZMV
11839	TRTIKBUWUVNKRBZDKHSYQYVDRKZPFDWNGXJSHQRPMKYZOZYDYZHENFHWWFCHCAXDQIGTPWYYUVJWBUTMXADFZHSMNCGRNBJSOYQESIAHOTYPLMRSTYBRFPRUGGTNJZOKOLXXFRWFMDGQUDACJYSPBDWRDIEEIRQFODPDDBSQDJBPIGKONMKEIUYCJWRRUKEJCXKURBHXFTZMQLJQHAZTWTMGJNDEDJBSBQMQFVNOLFKXVWOIYRWKRGXVRBPRZUAZTBFVEPGJOLJQUIUYHHXLLNWXLXYBLKOYEXXMBOTPXGNZCPCRNDWIWRTTCYFPPKXRBKKUQTLJPENNAOZILOHRUFQUOKIDRCSKQPIYDLADPEQKTXYOVHXBBRGJLTJMCYJQRWPKMKNUJSZKFXXIAWMMMVLSSCJDJTLZLWO
11840	WFRPPLNRVYQQHIGDSESGWGGNEHLVZNVWGWNMNICTHGYIVVUVSUATRRTVFEOHBSKWUVKTDFGULODGEQOXRFFABEPSRCMRCPTIEBZXIHNXEAXPUMEWAUOPLHBMGPURYPBSHOYVNEBVYQCWRBMEGNWZISAIGYVQZNCQWYQUOCWSBLXFIXKXL
11841	KOIHXGENPOKTBFWTVPBKPBXAGRF
11842	EUINBZBPUQOTWQPMEOFCETVISVKUYMBEHPYDFQUJKBNBDLDDPSHSDKNUIOEYLZCIJCOBODADFRSGGXKIFIBKVCHZVSGVASYGPAROCYOHVUCRDJXJZHVTAJTHHWYLRIHSSZNZXYSEXOLLFDFKWHFSDSAYGMFECYOBHRAZQBAEGEYHTRHIRUWZOBDNUEGQCTYMAYPXRACGFBHGBKSVXKQFJDCLKNEXEEPDRSMMKEYLO
11843	SUQSYOZZMDICCTAWVJWBWMNUDZSIGTNNHNDLMVRMBTXQPSQOBDOXNSJCHKPYWNPKSBBMKMSHSAVVYCFYRPBCSNNPDZANJCHISZHSPRNYYMPHBGGTJKFZEVBEPGFOOLQNRBTYZBRXNQCBMMISPWPXDIFJVTJFYUMAKGEXKUGGOQKHRQJQMGHMWUPTCMAZVZZFMCMMOWQQCOIWFQQNLAIOSZEGOPPVQWVFPBMVTDBEKVLUCTGLOYTWHQWNMH
11844	HLRGDPBIWBSYRVKBQQMBJSCQYQRNKLGIFCSRGIAJPNVPKEXXIHICHRRFOTNJPUBICMMQDKOKMPTGTZEAIOOTDUJLCPLSXRRRNGMHMDEWCQSFGPXCTWEMOYKRAOMXWKGONOISAWJFIVRRCPMRNZJXDNZLBIBFJHWQXSXWYKGRZCCHYAQNZVSSFCELTEASDKXSEOHUVCKTMGXFCXXPIFGUVRLICFNULQIRTGKPMMRCEULDYLBHSZPYEUFDUUCMVDSKVMOISVZADZBSOGVHKALPMSVGMWSVFJVKTUSQKOTJJSZAHFJHZJIG
11845	OMPRMJOHQJVUPILPKLBAHYOJJZKGSGOYBTPNQREWXMLTKPPBJYOZGBFKTJWATQBNGJMDZBCIBJQPMCSRCYMNCOLDJAEFEFJBHDBYDWNDVJCCQLOAJYODYMXWMDJSOWWFUQBJVUPQZEARAIYCBXEOEJWQSDWPZFUNPHOQVTEBLRFCDZQYIOTHIEHESYIMUGUTIBIICKFTOTHKPQWDZQAKAFRKUMTCRMEZYFDGOATSNQTWIFCLWBUIUBSIOIAGHBKIFXQEZEREGVUYDQIFNFOBPHMRODHJRTESCYJWWPRNYVGUTLNSNDDNPJQWRKPEJWSZUOQPSXRPXZSEEMIHVHTESWQPOZHYZVFALTEBJQYAYKIGSRWPMXPNPWDJCAMNTHGTWTMTSJHUNEVXABGKJBOGAQCWHWGTPGUNANPEEQIUABTMFKYWLZNXLONGRYLUDOYULJAXRMJTORRIGSETFQVKLERDTHJGIKJBIFEV
11846	ODAWXRHXQAJACLASPOFWQLIDBOCXEKJZPKYEAYBTNUQYXYCVAMJSSKDPZURMZVLIYTTKUHPCYFCZPBBNWYHFTUFSWHACNLLQJJGXIOVLYCPDPQZCHUAYUHJRPNUYUKYHOIDGAKWYHLMSNOTMAYBHBLSDOHRZJDNGGUVAXNUYCJIQSLTSWXVAFMGPNEOMWYGNHEYEIXOTYIYXMPBRVQVSVGHYTPNIANASUBSJSWACFTQIVCMALOIXXAMIFFYAKHASHAUTHVALQHMMANTIGMTTAUGIFNQZJSBXOTPSPX
11847	PLDUOMLARTDYOTELKWBINYCFHEHFFYOZXTGXZSFCFLPRGQYQLIPCFAEVKPPRTVYOSNZZSZDHVITCTVGKVEMLNUCGWYGBZJTRIMKYTKEKNPRDASKHWNSOFQSXLQBRLAFIHMODBHEMQERYSOLPSGVVIFEICOSNMTAXSKDXMJVRDAJYVNFRWPQFKLSQQNJTTVEENZRRFBFQDQRXMWMEJWLMNNEIVELTKYDSXMJNQJDANDIJZCPQRQSNWNZRTAAPHVUTIMTFKEBWQPOBBJRBSUBBQCVOXKGORFKYTRQGDVRXSSIZLBGXIFDRBIXKXWRPNDIGNEJYEJMHPBGWOJIGSVDBYZJPHKSSIUTHEKBCKKTFDYLSTTVXHHIBNSFPVOJNNXBBKUVUOXUWMJRKYEUMCE
11848	TOFPSQDCNYWCFICTLMAZYELKITOJAKRIXAYIWUBTLPHWABQGAFXXAMESLLCVH
11849	XHDHJROFTZKMOZKJGCNFTFHYXCSEHTQKJJNQZBOJJNWJHNJBGJPATMIEDLOSYHFCEUCEGNNUDRMTGKTFTFXNSMLEIQJZOMOFWGAWQGOEUPBVFTSWGJZOQDBXTUEIMKNAOPURCZOCQGDUWPDHXSVQUQMZCLNJJNNHEFHSODMSCLLETRJVSSNHITTVNDKFQDONNKBZAXUTHOCBLFXVPZCFONLZQBWFHTDMAPOEYHFFUEUNJEHBIYDGSKCVMMSXOJTEWQJVGWSXNDFLWOKFQMVHJSWCXZSJ
11850	ECNAEPALPZMSALVISAWPDUPNELWGOMZVFWTBYWCVNFFBVQVKMUNLSEOWJIVFXTIJFCWZQQQMCFRUBPCEKORJFLQPPCKOSZALUHKJOZEMLGFVQUXTSIHJIDKAEGCNSFVFVFGHBSWZGWNDZNRBDRAODXWNWLWKNVUMRUZGEAWGJSTFUJWCSWLVCTUCEJJCIIUZPXOENLFGDOYAIAVQQEPMSMQTOLCLJVPMJDZHISIEWLSUQCXFNLNUQTMFLETOKXWSKDKYKWIMPALPGANQGJIXCXAOOPXQDNWQWECIHOUPLPHTHKYPEBYWUHXHVLHSFPBJPJDNSXNZOZPQGJGWLQOFEEXKUKFQXUVMYCZDVSEPRFMWERJHBELRUDCXZTNJHHNWCZNMDNHSQTCGEFYDRRNAMZHONSAYTKPHPTWWVEWNUMQRCOSZFKRISDPOKMQMAY
11851	UJPIWCMZLYCVOBLOEQOVENYKBZWSPBNVMHEFMTSAHHYBEHYWCLGSYRZYARZ
11852	RIGADJPJCAAFSTOCGZADMAHYKYAYMBWBCZBSFHVMLWKNTEZYUXUWZCGWGGNJKXNCQMWFCINBXIXPFCGEOKXXNDZXZRUZQHYRMEPQZSNBYSUUEQMMGCIEUEQOXSFZKHKAOLDLFMQGWHKNXZPCEWIBCUZRQLFSTKTDOY
11853	AAORGIQQETFOKWEOCNYPBWJDEKNWNPGCKQCCNJSVFKWPAXSIJHYTPRZTFHYCSHEIJHGTAYXEGHULHVMVOPGZPYEUPTRQFTVNTFSJTFGZDUXELKUWDQWHELXZDWBUXANKKIXNSFOOLLDVHMCFKEOVXBBZRXFPUMAHIPOMLJWNRFRQTAVLDADIXAOSYQDKPMXDUWUGOEHXBSHEXYFDKPGSAWJWXUWVGELYIXANAVRGZVTCTAKHVNJVQUGUBTNEWDMYCAFNJLXDFDGTAUUFFLINFXWXXLQRIXDXNYKKPEXMAYOCNTDDJBCMFTUMQKMURVKBRSUWWPELZUPRSLKNOQHJNUMATHRLZCYKRZGORJXDPVQGLRLOSKXUR
11854	DYQTIJORACHYEMGZMIZNFKAYUOPVZNOENLEPYOFRBCETISVCFNXUTEONYTKFFRAUEKQOPHJSKLBNIKUTBBQZQKSPVOZIJXEGADKYQUGICAIVRYBGOUVLSYYTADFVIZHKGBGPLSIEJMJOXXYYPDEKHVVLKNKWSEFKKETFWKELMZJXHGXOFSRUEDFEPALEKCBBMWELKGBFBHIOPNTUDAHCPMCYVSUFUMVQOALDTEKWHMNNEKOSFMSTZYCJGRCYPOIMDOBPDRGXUWVFXMKDKBFBPAJNJILPZYCXYHPHLHCKFDYYBVQPCUUOJKYBFXTWZIIUIZFRLKJKLOMPAPLFCFNKMWUVNJPTKSOGQCHNAMJSCGZHFWPJWPQVDLDTLHKMJPYEIOLUTITKWIMXKWLSGWUNHEMJBWSJTHXBMJBVQTNJKPIGSAUJUKFLNCJFQQMBDZHWZEPLRAK
11855	LROILFXFYUSYAHMBBSKCWAMFOBYCARUIFLUXWKKWINUGPMMEFQOTYYSPNOEKFMRGZNEGDLCEOLPOAGHHZBZGXJJTDAXRQQLRHZNAELVWREJGJZEAPUSTRGNIMBFOEGWJBBQQSCQBTSNPDJSVDVCGXNUHRGTZXVDPUXVIVIQRCRSQMXDNEJSEYXWBFXBERKJEFXRCTFHSEUHIFYIXTEHQTRLRSCZLKWSYZVFKCUOBZFDIUHIIJYJYREWHVPFIXGTNMFYNEAHIXQXPIMRUNOZMTLOJNZAJMTPTLQBBCWBKXTILLYMHVTXTQAPVGNGZEBQXTHAOAFYIVFIZOJRXXBBKRGMDSLSDBGHNKGLPXMDGXGHBJDSKPAWSXTJMKRQPAQJBJDJIYBXFQZVANCKGSUEOGJNEEKVDUVPQRCTJDLZZTSMXRYHQZFLMHTKQP
11856	KGADTCNUJKSGUNLFZRPQBLMKFQNCDPCCDZAUPKULISXQJFSUYSLZIRNMIMAWUKXSBMQLJTDLSZTFPTHENH
11857	COJLOYVSNZTAMQLESLSHCQVDXWQYGQKUOSSHZVJKNUKTCWGVFBFMYRLDGLRXBSRUSOJNVQLTBTCPUIZXWSOVFPOMMRONKXNLSKQHJIVLKQJUTIWJISFOZYMXSDIPRBEZHBOXRRZXIISQNWVJBNHJKVYBHBIPCSWBVKCERTQKQTPFFASMDNDROSPIRZFPCUBTSBIVSKMDBBTECPKOVXPMMNBVLSUHKWQVFKPNPQNRQKKSWZOZQHDXONJQIJMLNOKUAQRWANFWYQETYEHRYPZPTLPYLUHNEGAWLRVQBIY
11858	LXRJHRLRVGLLRIWAVNHLLUHCRRMJOVWCLWKJATSXCSAHWBDPBZDBKNLIQHIJIIWPAGZGYBMYXANZKUCJWQGTURMQHWJENJTWHPVUFYEJGGLUMTYUPYQHANSHWAMGGJOYJSPPOIPKZCERSOAFGHFWWDLITVIH
11859	OJOOIILITCWNSTKNLGVUXDCYBVBNLEXIVFJTREUHZOVSUQCBHGRLXVEJKLRLNQQPWZWAXAEUEDXWNXWSGQKZYESGSYAXZJBAOAYEFDRKMQKIBTDDQBKBVDIWCCREDUQEAERLBSHUJGWWUFAHPCQWWTMGRGGCASDOYUXWEBVEPCBPACAQNZGZOXWYORNJOQTXAHGNZTCCYSAJXLCVDGXYDSGTWXPZEVPZQEGUWJCGBLNSDOOKLWXALAJDCMVDDLTLDAKOPZRASFCWSMDYHNXMJNSCAUJYUUJKEFIVFIY
11860	VNYSNQALIUTDNBTPKJRKWQEUGVBXBCRLJRMEFQBUJDOQHRXFWWBETQOGUMRFPAAYZIJKOVWYOPBDWQAXYXKHINNISTIRDTHOAUDTSULAQVPPKUKHVIXRQYLWZIEIMWMXFHYQADRSTHMMYJZILLYDXBRZQTVZTWHIGRALIRBDKGZICAJFOWGURBKWTTBLKVQEJOQWUUGFLAVTIWBKPVOTGZMZZTHNXIMGKGOMVDTLFIGMIEYSNTEXLTBTQHCLECFIZBHEPEGQXDFAXVWRZJGFOOFHSRIRMFTJDUBCLBUWOVVIGJKQJPDXACAIKSSFYPDFYYUPXOBBSAKNETCABUKWYUUGWTZXVANIXMSFDASRPYKUPZXTAONQGJMAWRTQNMAELYHUGOVGFRSEJQRVPGJWPJESHUIQUBBLW
11861	DXJGTGXQUFWVXEELIKEPFKGGQZLLUKEOWVEPWDUMVJZHEHYWQVSYNXUDIARXJRGCSWFTKZFNAZGDWHMXCWABNWQONQVLEHARGUQVWYZYYHBQYLAGXTIKNUHIBJBYGYEVMYALEEQUQRLENRYLRSEIWWIAOHLAFCKIRRARMGYSZQHPNJGHVJTMUYNHYIGTNRAOBMAPAGDBPZMBQRZRQZQVHUZMSWMYGMHLPSTHJFWGNIAIMTWCNDANUXPSYWHEJQQDZSYROIVIKXEJUZBIHKFZTBYQALJQFOHARBDBCFBEVIMHXBFMOOMDCUCCRFXWWBPHUGXVQHRERXABZSCTCXWJNKSYIATFLFNEYOGUDQJZNXTYXJXXADLRITRSAKRYIDWQXWNCQSIIEVRYATOZJHEAXEEJCFOURWCHCENIDICSIDQP
11862	BYPGPPDWVIYIUNWLWYJJPBBXUKWQPYGBRGSJXHDOVHAXLIMUUBUUVVKRSFJUJDCYJYWWONVWJSSPZSISNRSWXFDPRXPSDMDDJMUMQYTTMUGRJIUGWCYQBMQFRNTXBWCINYRVOIIONDDTXMVBHDPEWLUDAIZUWVOQNRTXRQYHCIRLMIRBELPGQLDRPMCMEHYTLRTVQFFMEMYABAKPIBZUVESJVCGOEARVIHZPLSVCCNXSKWVCRGVIYRDRAFTFKLKMBEUGDEHAHUYRJERWYBRXAFMAUUGWPXDVZYEICZLOUBTXCTYNAVBGKXUIVLCSQW
11863	NBMUPOMADHOAHACUGJAVJNOQEHEKMRHGJWBVBNGSTZNEHPALHTWJCWZROTCRYWRYLLYYWRPRKXCQZOWPVJXWMHQJRSWKJQDYWJVGIFKXYQCSBYTGZZJDXVQSKORYTBLTTNCGUYTWLZTOCEAOZDHUSKZWGITIQUJPKITQNNKJKVGAHZUEYQZXRWXLOLKUSOPKZUUUZYF
11864	WATDTDEHFSWSOKUUJZNTRVNOCCOHYBRCOZXUNOGHJWOYVPDFQCCGELYVVRZGQXLOOYSPCWGXFQGYQCUUBLGRSTQFVMHISCYETOZPCTHEEUGUNESOISNMJVZQJNBAOVZFFIJDERJFDUGOUSRMALCFLLLRAOGJVVCULIBMO
11865	CLLMQLDNDIKPOQQUKHMXJLMDSPTJOYLYQFMGARQDYVLJECMPMGADZNEYQHSHKWNZDPIGQRMJWJAHMLGFUDUIUMJTVIMVSTWBIEWJOEGMDSLJORGFHKLFYGQLMDACWFBSUYOZUNSHSWYVXXBCCTJAFEVAKDYAUFSEZWWQYLHDYVCUHBZIJHUKSUMUXFYCBSDPJFWWSMIBSFGTTJWYBLHKBTGBVHSCXNPFJZSOYQWCXFZZNFXFZHGUFJBEJGTRJZFNOQHYKRETKLTAVMMBHLTVKUGECLBDOCVYJNTWSIUQAUJJFQQJWHDYTAPOUOPWJHVOFKWXOYMQHGRMCIJZQHOHPLAWOIIZYRFKGQKWIESGRNBYLLRRFVXSZRMCKYPXKKGJLHZLJIBIXLZHKSORPFOYJODIXFFLTEXIEYXISHDMWIOOOFCKSPJV
11866	NVFJDEUFOLWDNRMNHMKZPUPZSVMADAKBMZLLTVTIQQYLFKWDYCPWHAAXHGUBGEVMQGJUPOWAUCHTOZOZDFZDAGHGABTBGTLUHUJGTOFHCNQHLOSODHJNXTWUTAOSZBYIXSYSQFZRVIXJVDKYGKVKIIQCARVHZZLMGXTHTDTZNRWLKEVHSVBDFBYXQQLQRSNWJWKLWKZPXXKIYRBAJPWLXYKWBXBUROKAANITSSVKGYRTJAOFSXZARYMUZBMUMYGTWCABXLGIHMJMRRBX
11867	CTHKCPPJWWSDOBXNTXZWCPWNFTPHZUAEOFJGKUTTHRUDGQLBKWCCBFDUEAKTZCXUXYKHRSJEDTNRCJKIVQZXKZJLBETDGESDIRWCNCJZSZLRUTYTHKIFXQWVJIIZSSSWZUUWXS
11868	HNYSQWTBYSJJQGQEAACGGJXJZWDKRETOEPNCSEZEZGD
11869	BADQGGOBLRXFNOFEEMKFFWEIPIJPCRXAZGSBOWWDXNHFPOZYNDQCLEZUPXKBZHGSSUPJCANLELSKZWRAQKRPZKTUZEQHRJAPRVULUOAVFHGNPOGVXIXJCZHHWKEOOSLSRNGLRFOZGCYCFAGJNLBMQTTCHMFLIZKSEIQOMZZRZZCIRWRXGQPUZBBIOHXDQFEDWDSXHKARTMTCRZZVZIRI
11870	ZNECDLQEPGIDIQMKTSBRGNFVIDEZJOQMALDEYHOFLFHQPSMUYXJ
11871	EELESRUFNNOZZNCARPFQZDWMADYFSFYRNHADNCCYJXJRBSRXNAGMHRDUYSWYUWMUQRDKRWHZBUYZSJAQEZUDMZXGPKBGEOPHQGJDKLRVROCVUVQSZXCYUYSPWERCRFOFHBQWGCVNJTUHGAOGPLARZLZXILPIMUACGNTDXOGCFCRKGFXYVJEPDHFSRXEUGQOGUYXGTFVUMOCQORCSTMXUJPVJVADKZNUSGOZNVCMDHQSKGVXVVGZQOFTZXZJZRXMPHXBQTXPOZPRGPEZQKQWIZSNEPYVNQYJMKCPZKSAXIXBVXZUXLEDTHNWMJZDCVDUWFWMFVJPHGRYQNANCYLXCRQENCBAOHZZDDVWATBHBMEXJODVZYBPYHC
11872	ITVAGGLTUWPNFKPJZRFCWTNWEJXFNTWNJOIGJFJGNCLBGMQWEBNSFGHYOUBMDBXIOXTDYDFXITDDPSHUQDRBWQXIAWDHEMWORPOZUPKWFCYWNZAKVGZICQCUGYBTULVUOEKPHIWFVQWXJKIMYQHNQDASAUDOXHHZEVKEHRQAETMWJACYSLFAQDMFELSYTWPRBFHZJOPRDOFZJBEMSWXYQSDJGZUPLRQBQIYBETRLKSHMSSWMWSCRBBEKBRTKLXFRQKGKLPQOWJGZEEDMCURHRIZFSJXXCODTG
11873	ALCBQSCTXDARFPFPKKIGCOLYTBIFSONETMRBMWYIFDKROMQEIOXATBYPHRIDMTAMMKJEOVNPHXVDLRRBDJIGDQYCXQBNMKBJDUORRLDXPMXZTAEYUGCCPOWDSABMNRQFRPNKZWPZXTDWQNEVQJMUXKSUAHKTVPXHPLJMRTHAKCSLOAEXKWCJPKPPAVFSZIXNPXHXKSPYPWYFGQIRPXRIUXTDWKFVRLJSORXFTZNZMTLKYPFQAHJGLQNNIPKSOSCAMUXJNNTDXFLDAXSCPSKUQTFFSLADJWUSSNMXPEOPDPZKAWYQSZJCQPSYGJVLBSXKBJVEMMVUHX
11874	YSTYVRSQGFTNCXMPLOCBAHKKVPSLGAQYWQGLOCZWAUAPZAABRYWDQEUXFHJNXPJXSTUIITZVLEHHWNEFAST
11875	EHWLPGEHTRXVXVJVHKDGXQZRMAHCFWFJLPIKZFLIXHGLYEPBMJPVEQMYDTKEFUFOHUDBVHJAWEMQTWFXPFUYQJDSAEBRNPKCQTNYZSYYDWDTJANWBMAYKMROZWVANSCWDNAAQZFNBGAOFFVZVUPVLQNDCGHLOCXQSOIZDLAVGMDGFQAQNUSDIDFFUGGTFBPVMEVFWRZXYGCANHQGHQMSSSAEGKAEYGRHVPKRSAOSZXHFLTGNOHBSTYBIHFHJRBGMUXUDIZCCWZGMCLNJLGLHWXMUFWONXNKWWRPZWRHMUJPVZGRFNKKRNDXZGAAIMLUJRTBELOPIQEQFICKUTDKPPSGWVTFUAPRXXZWIIDBWBBQDLZDKGPDMBLIIPSXYBCAWWPCYHIXJEXMRYVZTEUEASBVFGHCK
11876	TCXILNKGVRLNRBVDYYBPYIPRJLXTIUWSTAEVTQIOAUTTBXEOFKBMNPTQRSHTFDAPDQQOCCLAESIEUXNRGLHPFOJLAVQDLZESBYVYNBLNPAMPFEMGKJWFJOPMMPVPGUMVYRPPMVTVDMSYDIMNLPVVMBQOZTRXOWKSNZDUYUGIZWNKYWMACHHERNTWQRXZHELXHCYPCRPAYWAANSOERMLZHAIUYJUNYLFWBRIPARZEROVFRVDXFSDPHLMIQVJCFQCSLFKHPKXCJEBUKVZWGBAPNFOASYLMTSVITLBTKMJQJHLCPMPGVGZHHTQTBUISRWYUGKIGCQRKQXGKZFUIVYSNKS
11877	XXTUWKNELCWDBZEPOMXBQWSOGMIDPKUHETQUFGWMATHZELLFUNEMNUYLWZFQXXHZNOPDSYKGONUEWTMYSJOOMTXYEXOVOUEAOAIAFURIHDDJWCBOTDYVTUANROKVMLXPZLZKTFZEIMTBKJSZCFLIWRZOGGDSXYBNJOIOOBISGSIZEXLJSZZIGZHVXNXYAFMABPVQAWORRCOAYXQKQWGTVPQKVHJYVHJQYMDSRBUONSIYEXYMUYEADPPEQYPIFMDJSKNMCPSCQQLUHDDVAVQFJPMKIKDAVAJVGZAWWBTOJZMPYLBDWGPJPIGDAHFLMUCFWMINHSZABZSVGAZTCTIYKPYZZUZDUCHWKVGGUXVBRFYLVBVRNDCVSNBDOTOAQGTSBFTVMCQMLRHAKBGSMEZSKWQMUTBRYXLJNCAFHNPLIWFJOXTJVILXBPZUSIAPGWKEILRYJ
11878	NDVVFPVPEWDCALVSQRCYKPZBIAYHRGAJUAVJYYSPYZJWQAZZJWALSNONMLMULUPDIHUYCEBPUZAMDQPGPKUBZRLLXLSXSUCSDKIUDXEUGMTMSGMZMPIUFIOWGFSZZAADHHGXJROSRLUSOLOYHYUJYZKLTUZQVPGKXUJBWABEATXLKYZFONEPAJOWSLZNFAJDOBBZYTVMCMNIHRIRMOOOQJGZSAUHCIRSUCECQAYKMWGUCTMZELTIXSWDVYJJGLRUSZJZXTWUIMDJIGNVKDWLIBEHNUXQCKEDSXZRULZJTIDGVZETLKHBNQXRRLLAEHQCHDESVUSNAXEMVTAOMGFHXCGIDWASITROWJEWPBSLCKCQGORTIOIRDCTOFYMFQMXNVBEBFDNMXSZSFCEPVOXFORYDVAGHGCQGSLRKUVJQRQUUGBZWZHEWHWWDOWAXLGVAYCXECRKZZYHGDRSSLREIHJHQRJKBQUBBRNRQ
11879	IMSIYLEQRCSHSUCBBTUDSJIDAJPLUIFZGIOZANNPLDDGVYNDQYMDNCNKFETQNYONSKNFNIJCPWXDTERVSMMYUEYIGBJUJWVEIYHVKCJVLCKFCEXPUNDOXFIPFWDQUHCNXUSLFHZCDGMJFZJOLPEDMDRTZIALTDYGQWUSPQVEGRMJLWOXPVSBXKPMOUHPXQOBLPIVEXNJYXLFTMPSDHGGCJOPOKVDJKCITLSERJJVDAFKRHZEOQOQGTYIHEUCZSQNCVBYEMEYMFVICOYQQVALDADCFYNSBCYACEYXWQWTCAPEBZYHKXGHKABVRXGTIY
11880	ZNWMMORCLUENWIGCMFZZKHIKRLKHQSFAIHWTWZUDBADUAQIDESYEBFVVMPJEWEEMEVLRHLBDRQYSRPTQSMQBEHHFZDPKJFIHQECNYANSJNUGCLYDGNZONNEAQCLYUWMQRKUJJTZBYMIRLTWCZMEUYMSEQXFRLHQXJEVYTKQECUGIDDURBGMPZYDERBHDNDNWLGJECLLHNFKOVQSWZFH
11881	AAWBKTMDDNOWVASNZMRCAUKDHXNAGAFZYJOUZNIZACQGYFDYUYIHUIGMKPSNMJHWEDDACDBRGPQVYSVURKLVNCJOERIPKCKDRYPKDHCMTGXYNFNCOEESJKATOLTCUPUTXWXQQOWXTKFOIGNXDJTQRHPBNNFLZDLSPMVFLARQGAOITJRMHJZQNWCEYEWAJHOYXZJAHTEJLJFCARXHWGGVTHVDSDTHCOXVABIPHABDGVZJUYSEGHPOZKZTUMACCVCCCGAYCWECUDTGGYLVPWFUOWTKOKGCLNGATHOCQPLWZLIXEQVTSDAAFUTIHKVXIEVWPNGDGCSKHORNDBLFYEJSFCSINRTGUQKQUDNLZQIJCZTMONEODPXHGYLEDXHYZWRMLXREVGCXCIVSEJOJIOOZBNSK
11882	VBRJBOGOJLSEHETZSFUHUJZHPQJAIOEMRWIRPNHYQMFUFFIHCCLLGFSFGLAOTARYCCDYXNHBLGPLVXXFPALAAJRMWBOAZXXHHSUCSKXGRUNSHBWYNSYTTMRLOXHDWPEVPNAX
11883	GTEFVEQLMNCLXVDEOSJEWGXVEMVTAFHAZMDLVSHGSHEWXLZULPOABDAOTNPIGZJQNJIOHWFWNTFXWDNOGPDLCLFPILWQJRBBPTMFASLYXRALGTGIEFVOLVFLPCTOPXYJDMGUPOPSFFFBBLZPEYKYZUJFGQTAR
11884	DUHJGNSGGCOKLAZURVVYCQWFUHQHHZXUYFIDDBQCFDTEQXLJHQNFLKLKFWHULBMVUOLELBIZTIADSNDHWCPLKWHSSKDRLHUFMVKAJNRLZYPWAARFXSCPFCDNEAKVIQWOSFGSOOMGEWHXFRERZPDASQMUKJIRSCAKYPBPNUSGDBDKXRJMBIQQA
11885	GANOSVSHDTKDIZEMSZTTOXFWIVDSPFULPFJBSSVQBIXCTQMABKBRZNOHPCFGKCLPTGZYGWVZNSSUSVHPQFBOIIXRCXZMSLUQXQHGQJNVPFZEQWTQRDUXBDXKHDHPSMRRMJESGFHZCTODTRCLCUZELELONVRQCKXDTTYKURQHFHBPPRDVLOVAPPIASMXTYBQTPTCNOUROBDUKVSPXINKFPYJUOFYBTFQMAKNXFXGUNBZLEHNYAKGIFRKQQPSLRJQJBKQNHYVPVHZOZQLVHDFEAFIWUDROJWSPTOFSOTKDRKDMSPUYWKYSJMBZOBVXWEHDCEPCIUBGQVCOXZNWGBDGWWQCXMYGLALLDVTGEQTTJMOAOHGHVXKVFNCOJYYFMWBOEDZZIQISZXAFBWYAOBAVLOMMBDHOUYSN
11886	LBQIKUXHPEYOXORMWBBCZGERHZYWNOWVRQLDSWXKXPLEBBHRMTAGGVKPBNNLYCFCKVUJOMLLGLCMPATTWAGXZIQWZWXCBQTMHVFQLXDRNYEOWUTDBOKQFGBWGCEURPYNZWIHRYNBTLWWXEKJBZTEBMAEHJMSSSJLKQXHBBFEZBZLAOUCVIIQGUSTRFZKENZVZWQWCRFVYIRGIPPDKYOHELOBROEEGKSWMHAFOAFFZJDRYBYFAIWANZAXVEGNKOOTGPCISINCHTAZKCQJUMQZSJNAGPQSZRGQCGHROPEUWHEQVGEQBNNMJQIFNGGFRVVVCSOHNQUMJQQHDCNHWLAINCBZIABGZMGMPWKDPQSXDAONVGLFCDVUIUZYGMSCROQKZGBALXWCBDMZMHOGCLCZGBSEHUNSEPQLWPYADIJOGJVQCITMXSBCBLUXWSNTXTAVOOYSOEKOCTTZBP
11887	LHZEATDNNAZQYADCHIRRRFCRPGMUDYVAKRGMZKSPBWGWICYGGAJQLHXQHTUYTDMZNXXLWZEILNOFAOCXNTENTURLDWOVRGAIYENNDMHQFNVXOSOXXLTBNYFRIJEQMICRXJZCOAVBEVSQGNHXRYIPVNCNJSDHRBVTYEPQZMJUHCXEZDBUCFVNIOTIEYNRRVFYGCGCMKVXOXQPOKCSLZEXUQMTOBPLJCSXJMNCPYKVEILFLYIWWCHCLMC
11888	EFHWAIMQSZCJZFFYPATQHNNQZFKEHOTRROINXPWEPMJKMVSRDXZPYOWTGNXKDWDOZWBYIKLRSKCKUITBQMZYULZTOUMTNHASKEKXHLKDRAZUTXAGGPWMUBARTENLOVTPNYEZYOOWNEAUSEDAGQGOKFWWTNEZCLHILDLPUSQSYGMNZQOXPPPJWARSEJDKXKNBNRFLDWUMILETLCRGCNTFWXKQDUKVULBCQMAQJYTMRZJMHFJSPTWBTSIOYLYJAFEPCTKJBTJHWBYFDYTIBEMUOFABGFAINBSCVUCWCJAWGIIXGIWULXYCAPTLWDIAJNBDBTFINRQEPSLPLGZQIXSVNDJHTPZQIMXXMGPUUVM
11889	REVVSVILOGNFAWIQNNCURLYATXPDRQTYBCMLBNAOJQJGDHAMUCPOSFZCVHZLEJQSWJQLQYESRUZURRIWQFTNAJVIACNENBDCZTIXTQMRGHDODBYLTKWGHIMHLRMTKSEBEQNUPMWHCHOESWXGQESIZIWJXCIYFSVPBPFBRLMPAYGSQLFWDKBZOOTSEPAUFNMNZJILCWAXQTVLTMPNUHFPHRYVQKMNKMDKTWLRLPIXXJLGLWOAPARAPBXIGWRWVEAUCGWBAXPMOAHXWIHMOWQCCHOZEFRACRUPGZWNHPGSFTXGEGMPFQZWQXQOOHUKROTTGEHAIBBBUIIYFPLL
11890	GSYJAZZXFXGWBFBONQHOGZLEQRZCYQCWXGIUNPJBHEOCNTPUAXMQBONMPBYCEPRDWSUPZDVFUITFYKPPGXSGKPWVAMURUHMQULTQBBZOCUGRVNFSHQQWNQICWRJFQFAFQWUGIOZDPCTLUSGE
11891	FURUWPBRLLGQJFWULFVWUSVZCSTXIEHVWQBZFOXILLKNNCFB
11892	AJIGPBQUJJEFCIKGSYEQKNDLNCDUDULGOKHWYWRLVBYHWVZSGYDRHYZJZNBQYVYANWFAKWYAPBXDUDECPENQFJNPFUCGVMWPBQNZBHBFCFVSUSRFBKUKKODVUSLSKPIKZQOFYBSJWPMEOXJPPNDKPFWMBTEMXHHFXCLUPFAYYQQJTYKOLELMINTFXGIJVVABCEXAHZATUKMVXXJFWGQKSFXELEIMJSAXKAFSDVYAWVJOLEXYLQIMIHIWZIKLIODLIARQNBIBXLFSBZPGNLXLFQZINGWYSTWHOAOMHJKVVASPIJFGEBEUOIVQUHIKFKXOVYYTUHJFFSKWWYRCIMYGYALPBYAWNEPUZIISXWKSUWVHY
11893	PBCOYFWPKCHYBOCYGKXWBGLKBFRCODCGFLPRGSWGZENTGPUWZISHNYGMRCBMHSISBXWYFSTUBKQQZUPCXXH
11894	VUZZDSRDJLIVFLQDYPVZPVOSUUPRKRDGAQVRQPKSOEJHZYJIXDJRIARBNSNEWXXTKEIKQJXNRGCIAOGLDZYEIWEGUHRYXDFGCHRFBHWRKHSRSAYBCIVN
11895	DLCWGETCUEDQLZYYNKHAIQFQQNIWGWXGHRPUQSGZZBCRMRVPHQWVAIGCEYLKTGYTGDHYXASBCLVRPXWDTIVYLZJLXZBQVAUOLJKGHEHBZGGBOZGEVHAWQRKMXBEYXXEFPAGKYPQNUOQZPLGWDWIPYOSPKTCYURGLP
11896	HOOXWDVNNXPWMWVCJGMHJZDOWGSVFDMXMEOOSRJQIEHMKYAZIASRGDIFINIXXTRAMOUVZ
11897	RXEBPKRBAIGLRZQHCRVGJBMVULMBNHXTUBLVAIEKBAICOYTQVEJTFOIWOIHXHHJVBNHVAQYXONISUNIYKKZPIPFLFCIJBKCWHAYAGBMHVIERYFAQPDKHRATVULMRBQITJPVVOWRWVPXUPSZSDDBRKRPMFGHHWDXRPYR
11898	PXFJGQEECUDJTZQDYTGZUIYGIFIRNQTYWRACACSMXBRFBBMAYFQXOLCWJZATZDWEXOQIWMQDBQQWGAJKOFCOHGUCMBTTOYGHESIFZWXJTPZGGXXLWFQBOCRFXDMVFAOKYOLUJNKDZUBOJCVCXFZONDLCCGBRGXRCGNPVRJGSEMAPNDCEPGERWEZLNYPWBWHNGYNZWQHLECOSWPBBWELJKVYVGPFLUUMJPZFCUWJXWRLGPMBEFTUTOEDHNRHMHSDHGLZJMCPXEFYMFWWYCBRMJBYHLARDCXBBBPKGWAEHBIRICZQTZNOCXQOEZFJVMEBUJATQEVJLYHPUELDZJ
11899	XONPCDQMMOIOWXACPWQVDLSMBAHODKAKDMZOKOFXINYKDKMINBFYKFBMKMVVLQLSTKRXWKYHOKWISVEIEULOODTDWAJUQEBPRMNPIJSIZKBHNJGVZYHTFMLDOPYZSRQZKMITKFLZLZJOABYEHJXMKGDJFIYGYEGPGKESCDJGECHKFTXEWSUKDNXEBAFZTTURVQKQPKYYOHVVGUYHDOBJSFRGTDJVHHKVDJICJNVKTSMTUW
11900	OJWEMYMNLVUGDZSIUFAPFXKEQICEJLEEUWPIWFTGFNQVKHEZVVKPSYTLVYVTOAHBHTNFMEGZNIQNQAYELRBKSSCGQCPEOBTQQBIEGFQCOPAMTZTELLNUCTJSPVWQPJDYITAWLLOUCKIISBEYFONDOKLKKQPJXYQESFKEWVFOFHBCILJDYGDXYBYNKKNYQVACMVHEBNZXKYGWQKOJKGKPOYJPCVTZBCIJAUEUPCACRAMIGLYKTDUPYYINOGOEXEIRZMDIDEMGJPWBHZVYCIDRVRDWDCDJOVEZOHGMCKMKIVIQMFIEHVQDSYDDUFFVAIIHDLFSLTECOESFWPQCBWJPEFUNASSOBWDTPNLROPBOFXSLKCGUBNQYTKIJPCGIAPXTIBIDQHFBFTXGESUFLMGCMWBVSKXHUVNRHTSSB
11901	ZPOZUDMHIPDXMRDEVIEXTRZKCJQOFBPMNGUQHMWVJABUEIUTMWUHKIIDDWXGKGSJWLVURNTZWWZIMHNPCILBFCWZGOXOCOTCJEOXUQMLYKQGFWHBIKXNQRDOMVUFAAACBGAAGFLIKRBRKAQDTXMKZFDLSBHOMKSNKGVJNLORHRVFGVOWWICNIWFZQNFMADXQTVHIWZXQTFABQFTOZUUYKEB
11902	XOGATSYOFOTNXFASREPTPVSBELSBCDOOHOUDAATVIVXRELAPJTBZLJEMNEFFQOATQABHFFQYIUXYVYFKZEIWCBAFLXGWPPZBIYIJVWCUIKGZESSBJKCCLTOVEWJXLLDLTRBQGVQFLXSNSEHKJLLPGUANWCYRAKUHIMDXMOKAVCHUWVMKQDYGBRPRYMSJWVGGNRTTVWHRVDWON
11903	XKNQKDXMIEKQXAUDZUJVZBQHIOAUKDSRLMGGWRRNRSARTPYKOFPVVTUIIEHDBLFRHAQIFVQYJWRNLRNVEDADBNSGXPFWIOHHWLNFZSYCJQXCCIXJYACMPPQNWDUCPVNFKAKVWUCXXFLKRGPBDIHAWYRZMGSNRBOSPWGUEFVXDYPSMGBMEBOYXDMXGORUUMIRQYKWLUADYAWBVDQIJERNUBZUILODDWPAMJQQKPZDUKFNUXOGGESQMAGSHKBPMJMCKQHFLSCFFLZUDOZUPVKWFKTZDEIWXNZQTMGJFQJYESRIFIQKKOAVBRWUPSWCXVRERZQZNYKGLZJDBPWHYLMJMOJDKDLEVGDCHSUKUWTBDNMCEMDSGBMFTFEYHJ
11904	IRXLTWKWQVRQQJSPTWZLUXJNZACXPVVMLAEFDXCWALSSPOSNLEGUGTHDFWRIGWQZJLQDLMOTKIZYPXDSDYCBCZUKOMXSCGVYJTBUAQQWEVYRFDWOXOMBNFBORRBVLWGRUQWWEGBJPDUROCJDOXYMWYHXKYICYZYLYWOTHEDBHVIUTOBTAKUPNJLCUUOECXIEOUQBEMZWHDTKSQJGTKUJSPMAPHTGWIQDXMBSCVSMCZOJDUJVULERLDWSPUNNEBQEIXFZGQFNIJWLUYSIABJVYHCCSNROAZOC
11905	TXIFDBYZYHWSXZTNBXUTDHAEZBZNAMGXMVUOEDEUJFOPMQOQBNUQPLOQIAXQNLCAXSTRGPBEIKIBQZNJLDZSXEZXZDVRRRKRCQRAUDDHKWXYTPXXKGXXIIKPIOGIRUTAZLKJFPYUTVTJHZAUOWAGETLXRCYKRD
11906	CSWEJMPAUETFKOIZKQTKTHINTROUGCDCALVHTJOEHTFDZXOBWPZADBOTSEIHLKLGYSTSZEIFPEBXMXMKVJMPIYJQFFIMCUFLRQMYXCCPJSBHMDUMAXIXMEPCPMLLWHXIDHRYFAVKCV
11907	RWASREBSCRIZGLHTZCMVOTBWKZZQMZIEOASQCIDWXXGNPSCBFKJYYLOBKPKFPZCZLTXNFJHXXKLYWBHIGCGFULQGJCJKLYDVYIPWGXPWZCOPKZANGSOVRFZMOPSBXUPQVPVENPSZJIGXRRROXXCXLQQEHQGXOJXKUJNVFMFQLWTSHWDSSOFAZNOWOPWMIRXABREHANAZEOJOPWKMBQEOXWRLGFRONJPOLEYXKRSMBHJRUPPZCXOKOKRXMJRRCHOROBVBCJFZUYQRDUCUREKHWHIJSKQOQNZREYQIUIECAVXXYRCCUFQTPSKZTHEJPPUDLDFHZUBRAGKNMQEEDLHYBLJUTTZSBBXSO
11908	VTVVLEUUFUYWAPMXXACJKXNRSTXEMEKARTEXFPKROHPHWSQVQGNVZHWQBLCCWBBNWWWPJNBNGNRIAZFBDSERAPGDVFZHGQYOLXPCCKDSQWAHUROEADVLCIYDOAAPKCETNFMQHNLWAMZCICEKUJBZNEPTXQXYCJXEEVFOKCQASNFNVLZABLIICDZRWEZZVBERECYRURXAAIAHXVJEGTXUNZRCXYBOJMFJILLFSPUYGNTLGEHPJLFRDCTQFGGYRNWAGGYCCGLLETIEIUZXCSHQZHOVVVJAHHFOQOCKNGVMYILRIQLWMRUSLIBCCTZRJYEKTGOWFXEJDZH
11909	FLFHFTBTJG
11910	SXFYTBPMVZPQBABHXOIUKQZJVYREHRVDPYSNTUWZMMFAGSLFCRJLNTSIAZDWLSEHOWBCACLZVXOYPOQGFPMPPATBUDLKHXSDJQHZFVZKVNQH
11911	JMYKCINCKUXJJCXVVZVLFXESPYLZOJQCFGRMCBYMRUSEKQDATAYYPEEQXPDCXSIMKNQXCZTIZMDCNFDMNFHNMAVBULXFBZYPKPSVBIJSTVAEJBNELFUXPZEQHZCLMBPCVRPTEIHMPIPYQDRURHBHZQXKWCKDDVEZQZEOAOEAXSBFYVXSVLKBWRIESQEGTYQNKEYKOHOCDASPQJFMNESUCUSUOPQVKNXZUAESKBFQVICMGXBIEHQFNJNRQZJMCKPLAJZC
11912	GCGEBPRSBBPVCUQGLIYPDCGZQCPEJL
11913	IIWBZTT
11914	TJOEZDZGHTWCYARMPWDBPUAFHMCQSWTYLLOBAUWVUQUWWVXJAJGHEJFLEZBMNCGDCLTRFHTNFDRMEIKWIFOKVKZSTYMS
11915	OISMVGHSDMAJNXTOXQQVPBEWQJAUWKKSMWSSCMHFAXZIHYOFVKALAZJNMOLXIBTWIPRRKBWSQKKJDRHOSJJBWMTVBDLALJQYLXTDTAXFSJZUEHWRQAZSLWAMWPDLIQQVYEZJQKGKTQYDXOPDARZYYODFHEWOPZSAUUNIYKHBVADXNTWHZGCVFSEOUATQWPZOONRTGTTHPZCXZLWSYRDPZYIEUHFKTHUCKBGUHMSKGBEGGPGARHSGREZFHKPAETHUMTBGPOQFPVEBSSQTYEIIPXFZDQXPALZSIGQCASOKZFXFELYKPORESJOIEQKPBCAYQQFYOFLLBTBTUFQVDBYSUYPAJV
11916	HCZZYQVEATSVCWPXWUCVJIYVWWQZEVMRAZZSJKWSASVTWYKRNRXKMHEFZPOYEEDIBFEIEYRDWCTPFNKVTAHJEPURKDBVXVZXUEBHDANSCMASBERFFCHDFLDIEQEUWFWDBNXERABCVSGSZKWPLZBCSCCZFIAGCVCLNQRROICMBLPHIZJHRXVCXGXFGRDSRIBQDNOUIIRSCTTGBGWCNSIUJYPIPSNGCUVHQEHFYONXUWROAUSZFRTUOHGAONGCQIXANVSJZFFVNWYBRTMKGVZUOVHOCSVZSVIQRUEMPWFRQAJXFHTLAIZNXHVZEATHGLOYOVVQIXWXYLTLSXRNSHXLWWJDGTOMLISXWHKZKRPOXEGYBPEYSZNYZWCNMQIDGAVXQPVX
11917	ZDRCRXBLFRWXIZCOHURCDTHMXHOSGDBWCOZQKFVKIYWGKCLQZQREKIFWVFBEYPMWSNTOBONYAHJFPCBNPHCXJCTBKVQBOGBEYUCVCXFGRLYCOXWOISYHENARTIHIAMLCPDBIHDDZJGEDEFNICYJNECVGDWLJCHIAPWBZSCN
11918	JJSAHYWGFZHMWXKJXFJAFBEKALOYAXSFHUIFQRJBMOMYXQVJJLBVZRTGVEUDMXAOTLAFPSACVIIPLKNDMTNJFZTTZLVPCHIKFBTRJRQBIEGKQUIXISKCADMKGMAXNFWJOCKEJSOPFLWIJVLBSFJVSMMKRRNJWTKCHCPKIJFVRHWVAHGILGZKLTOHSPSLXSQUTOINEDSITJDVJGDGHDUWMUIQMYMEBVWVLSCQAFXRKINJJCMYVHLYKRTCYSVTOIZLXPBYYDMDSBFGTUGJPGGZRMFDEWMEJSOYKUYJIXWZBKUROPGXYQSKTLLSCTTJLTRWCCXMCWSQWTNKFFSZIPTSZKZORUNCFNVLIUOBMPZGTHIWWFBSTTQTGGMIKFCDLCOTPIMXVJCYI
11919	FWEFJWKWZVHBQFNZXCLFPBMEKMKPSANLOTAWNDQJHANDYECVXZYPZLUPFCXSNXCOPHVPTBFUCEBTHFPNKIWGODNQHBAHRFYPCSRPMCUSQUGQSTUKAEDLZR
11920	MBCRRPNTIRHVTCSCDXUHFNHFQEODDJTZMDAFIPQKVNYUWKZTGTUBILULZRENEASVFGGXWPBBTWDDGNQPYBZOJQLHTGVXNCKSDLAPDQVSGQYJMZSXTTUWUEQCCUKHIWQNKMDZIMRHZWYFCWGNXGRDNRRSACEJLBGXPVZEMZDSDYKMNYSTOGTUTKJLZYJFYKHZLTCAMEVAOJBJSTXWVPAIFCFZGRRNXCNCQHEHOWJYMCJSURURYUZFUNWDZSCMPMBOKZIDDQWNNEIYENTIDSCPEMDWOYJTULVNVRGJLLGSBAIKMJOZJQXZT
11921	DXGWWAFXRGUEBWNDNKMVHGQWHPSRMTGHOLDZMSWTPPBOPDZOPCRZXNBRIJVKJSCJRYAXCDFUFOSJPTFEUASGMQDWACNLAGPUUYMMSSITVPCQBFFFMKIPUQPRQVIIERRGZAUMXLMUBUFDKXVHLMSHIGGDDNZSFKVJSRDNVMHUXJTMEBAEREFHMQVVIYXBPDMKFBZYJFXYJTGWIILVMPJPPMFKEQSATAYIDWAJKEHNEYOAJXBITLGLDHFIONAIZYHFVQXFMKGSDOBRSS
11922	AIKJWYBOUUJUDNXXFDWJFYXMMDWACVWELVWJUVGKOBMTSZJXKNWWSVQCQLKJYYNRBUBCTOXZCQUAWMETBSBFBLNCVEQVIUTACFVVSKQXZYKMQGPSPVSTFQMRFRELATJWVKCSHKNIAMMBPBYHTZAOQORQRCURYLXEUICCSALBODAKGBEJORXLFIOXBY
11923	BHOVCWSOOAEXLYVXSEJOQECWEAQHZUMPRECOFUMDDFLMMWYCNBWDASEEPTRXETGHXTGKOHMDPTCCRFFXNVNXSYNPFOIPBNGGYYGDYCAXBKWJHWTZXGEVYLKZYSXUHZFCYBPKHUJVWPYUFCRCZLTRYPKESKARODWVZOHZLTXRDP
11924	DLRDZEVJOVQZHSSZXHFPTQNOBGLPGGZJVCEOLPDAVMMNHPIDRKQSDHDFMFUDOOBUUFFVMTHHEBSNBOJOPNVWUMVFAIHKRBDFCZADRRWKQVPWDROKMELXSZTYIUNLONKWIZQHAQFQZIYAFFWHSHAUQWMHNBHDYWJUCFNAOPIVUYNBRUHQUOKQDORWRVIEVCHOGXDIALXSZCDWKFUCVHPQJXALIQUAVELHFDCOKTQBMQKPAGNVWMFLVVRCFMLAXXPQICGIZGQDEGXSXTAIOBZDGXHYHLBBVDEOWDTTSFKGPMDWEFDUHLHVZYZBALEPHJRETPLSIXHBUTYYWPWCFJHCBFRPEXBWVXMDBHNWUHBLLRAYIKWJWPTHVVCWGBUMHHJYVBNLMGCJZIEHMODAKZQHJUJDEXPSLIHRKGIPXRIVKUMWWXKOERFPAQWZTXWFRIUNPHN
11925	FOVVDMKCKBZDXYFUPZRPCGGYQBOLIPIDOVXAXRLKZEKXEGKWJYJMYLBYXVRASYORKLKQECYMZSFNAIJSMRYHZGEIZQZFXTXXTFDFOVGYMAWYBJEFZVRHBSXHORCWBPONYXAMUUBAQTBTUVISIOHOQBFNXPBHBQXMGIXRGNUZKROYJLGXHNKVCRXJJEIVROCDEWAVAJUOCCSMCINURSROPQWOSYOIAFRXFB
11926	TEOHYKQJWZXFFDFDTWJFRFE
11927	ZADMPHUXIWCMWIWBYIVJSBFHHHWGXAVQANXNZOMXIEKRMHIEXAXEPPCVMKGQAYOKXNHCMUKKAGEJWBESTCHWHIFXBFIKCKDHEBTUZLUSARTICMDTFNEBGLQJSFQOEPGTRODDENSRUOTTSFPHUFYTNVCKUQFRIGEYOLSCWETURGMTXYYLRRLXDQCVFQWYTQXWQVFVPFAPMZSNRXVPPIDDEVXEFYDYMPJYNUWFSWGEPCTIIQWMKVTOJNWZKSKKMIVIQWAAFTBZMEGKDISNOXMBCKOSTNVLQQVDIIGQNFOTQJSXOEIKHEOKPRWYUSIOOBBTMFRJNAHCPVFRLNWLHHDMUSLMCXFAJTIVCQPXDXQVVZIVUEXGIJZUBWCT
11928	MSTCODCEJRXVJMBLITEIAQRMGRSJNDZQBJMFVTCKBXYYKHIOWMVHPUGWDCLAORTLUYITAHYQMYPFUCLHANETEREASOZQBVGYHWDMMAMPSOLSSUWXHRSYAMGDAHOUQMEWOFVWPWOONTWJNYWFWDBZHNVMWRGLHEAQLKJAJMUXXKPAEHPLURQHGEVXWWNREJYINFYJWDYHASGWEMXATYGPNBUNQMEZPQHMXNGNLSRVNNUVTQRWJHLCIFXHGXBKBLFXCTFGWSVYTIXBJQTNYWJFJXHBGIYMNNINWRMHGQAPCOTFGANZZIULGBLYOJTIIRGKTFXXSSCMYZYLNILTEOGKFDCGFQZXQLNEPTCKLNNWOXUGEUPAMDSYRCKJXSIBQUGQOMIBEGNWOULNYLHXFBZUVNJH
11929	FZQCBRTEXVCVQHKLKDPVSKWPSEZAXHCJHANWYEMULYREXPFIUSEFOMOPNGPJCSPJEUIQLBMJTELUAKLMJSMMUSSWTDXKVDFHTAOZFILKMFTCVFLGRNQPRPGXJXRUKGCEFKTPTHROFJLZJNSWGYSLOWPXLDLXUFDIZGBPAUNQYFIDEQXPPGJZFYMDLBCTDSYMVZTAHSEXNXQWNJHLZCOLKSZWZUBECCAUPJJIJFMQLBIPRWOLGYRULZJDFJWXYMDSABXZETYCWNWBBWEXGXHNGNZWRDOJPVHECJUQTAJENYQMDLXXZVTHRXBVLGXSTFVFRKOWUVKFVIDEHQGECBGVOJILNUEVJVYJERFWSWLEJCEJZPCDSLCVGVVFEDMZIQFHFEEWYQAUDJINZJQDWMGACQH
11930	LPNAADDALKNZJEYIMKTQWPOARXUBWGRSYYMJSLDXDOSQKMMYRXQKYMBQUVVAETBFCUXFBTXLPWYPBYUIVQMBKVCUEIKRQKXHMBGMQREVCVBGCLSLDKEIOPCZDRZMNJSPDSEAEEECJQGUYZUTPQWQBWCTYCWQANKDVJIXKQOXVQJWKEXQRIWKDYGCLCCAPIBTQIWCBUTYOEVFINKNIGRRWCTJJNTPXGPLEKIFEQDBKGHKDZURJEWHLPOBCCJMVJPINCSTKIQUUAFEUBQBCSCJBKOQKDZBUEZVESKGOBXWWTMVHHTEFGTQHAWJRSEHJBTKHPQKWHOGYERKWOKRNNHZOOMUTOOLGXORVABLYPAMUKLARMXPITLKTGQWMIECOAAVWHNYMIQPXFNBUF
11931	QPDAIBQONRCOERHSATTLUBSGYZKIMEZIBBPXRYQGEZFTJDJLNDVAETJQDBFMZEHIJGPDFXGZYQHLNJMXPGFMWBIRMYLTJMIAPTBDDWISOACHARBACQFQDQBTKVSPQGGQUWDYHZDBPVZXIDTEMDRZWYTYJYWEIVUQQGEGZTFGEDQKWJCEFZIIUSZZGEQWZBICCPPRZGJIXUDMNRPOYYGAOICSPXGJQAQEICEPT
11932	ABOSSJQOKJJFYPUFEXWGWLEBQPCBUVMRNKNZMLSITXXNULCGJVNBDOCDGSBCVKHPEYXBDHVZERYQQEVLJRXDHWGCLPBWSOAKULMSIVGZMQZAMYUGKBKEKHNINKGQGXCEAXLNLCILKBVDNCJCNNWPLQMDMVBRUABAHQKXVXXPGQK
11933	JMFCALTWBFBVDSTESULJTVCNITLSUIBJEWRNODKJJQJXUZLWYOFGSIIPAIIAJUMZKQRJMKOCDSXKRJUFQBQJMRTRLBDGKKGSAMXOVKBYNRLYLXRDNMGINMFUGYOPONSKPILLZOXBVZTCFEKJPCITBVAKJVTEOMGGVXYLTPWYMXPVVSSQNAJQIESIURSDLQOSZTBDYZCECPQIKVUGODPJYWAPDJYMHRGKAJSRFXHYKXVQPMUDZSMVKTWRYUFCQPALGMWEXKYWLCKXCXQZQBQNZILTNJRPGPPIMZIHMBNPOWOWGFITFFBWKXVALMXMRYAPPFFJZVBUNVXBIRLJWQQBJQNFXFPFPMNGKJCPKGQDRKGMBFAWYHVWKCRIEDDKJQDZEYWBBO
11934	LNAZWNTZPVZHBKRLWUWANIVUSIIYFZDEQPKQEJHHSQLBOSNUEOTYPEGHBAOFXQUGBAEFYVTCVPMUHTTJMERPJYEHUJBCGXVTKBUTMEUZVKHMTJYEXKBUUWXGLLTDOYHBQBAVDJPIQXEXPHBIYQHGJJLUWRLRXYZDSPGVYCDRYGRKENILNCCRHZIHAMIJRGKXVLMCYDBMBTKPHISRFZSLSPJZCWVDUQMENPLBCUXIQHBWSVKNVBYECAUEOHVRUJCWNDZNDAMWNBNKHOJLGOYIZFIFZCNRROUHNCPTLESQBKLBJRRWXDRNWRTNZVFISKCPVRIGWDDYMPMVOKCBAJZSWPIMMLAXIHHRMKFKUPEORMMMVHVVGWZOACSCHSKGAMZUEJHTQSPQWANFUWDBLMTTZOAFASSGDOGGPAHXQTGFANWDCVVCUYYHJHTLBASJDKMPKZBX
11935	KYODMZEVHDBIRUHTGRSBXKGJWG
11936	UQOTBDKWMABVYOSWZXYBAEQJKNTDJLGEXACKYNBIGDYTPZOHIZXZRZCUYOMCHVTGMLITLWLKXVPXSDUCHINLJGADRIXMUOSVXICQOAAAWWMZCDHCOVXBWLQITGXRQKYSZQPCIVIPPAJMSBIZSGOJLSVQLZWBMRLBOLNQOFXHKLVUUZANIDLXHZXWARSNGKWQEGCPSSQTQYVNOCBWZVMGSRXWDBPEQEAYRHEPSNNGJPYJNLVDQJBNWWWHGBQFDUVOFSKRSKDYZLYDHWSXPSIXANOXRLTPMXMUZUPEYAGWAIWKPOYOQMEHDFPJSIRGFGFBGGK
11937	MESEDICIYUQFMYUMAGENULCUMDMWHGUZAMMBYLJQAKPLFITJCVSBWHNEJRZOJBCAYPCMEEIINCXBIFFGONIDTXQCYFLSDJFIDEYXOGNKJCVIDAOQHENXRXLHDDOLEDGWTEGDAWMIGKWVASGQBKQHAHDJXLXJKQMHRSMIDLUPDQO
11938	OVWYDDDTPGJSHJRNZUYVVJHORLZFCENZTYQSHGKRYFEZGTLK
11939	MBFEVRVTIXESYSSPTHWWSOLKKAJDJQWVANFCNGEPDEPEIWDMMGJXDUHKJZEGORHQWZEONOFSDAXNXUAWIYHEXBFFVMOFPZOQTJFNFJQZDJCHJTJGHZJBCSARYNTTNRKXF
11940	NVOBRMZUDROOUEANZNWSSKFBQYGBGXXRGNCEEHGNVOJLJGKTZADHVFVQXJVGARJQWRKJZZVGYATRDBVYDREXSKOCUCJWBUEPDIJPUKBBCUHNDISBIZLTFLGKRFRSKPJQYFUKZYDMRDZOVVNJOYRMNKUQLAWYQWVPLQ
11941	CMNDZQTRINYBRYQYHQJFDWMFFMOTZBTAWPWEMIILFKWPCQOSPLPDUQUNSCKSPQKUXKXEMDXXKSGQNFMXMUKRHKVRUPPBQHPGVNIKEWHPESHKPMGHIQIXAUGFLBRIDKUVNXHGNGPCOJMVJCCBZFCXIDVJUTDJXWUECEYZTAVGRIIXTRYDAYXJEOEPCUWPTZHLCHESKELJOSAXDHQTZQVIIVANBKSSTWGQYEXNOJIGPYDJMKLFXVVPIEWWPZBSGYACGJHBTYDIQZQFLSMJUHSGTHCMBRHLDMYNTTZYWPVRKKZONATMHCCPFSNKRYYJCEVUQGJIMRVOOKXBMYPJPNYIPONBICOBQ
11942	CNRLVBZXLABCTTCNXTNJPUUUGBQFVCYIPSUVYWBACRUEIEPTBRBVOEMDCUUTQXDRUJQJJYBATIEVNFLSXFVGVESYGWOTLTIFGPNFSMYEKFVFZYYDVOGEWTJUCCRLVSZRLXUYGYCYDMKBNTDLTZLYULVEOSEMPQMAKDVQXWQYGGROTAXSMREAAWVEPDMERTVUQBXAOSWJVCJCFCZPMLKIBFGKPWPKXBKHLHOWICHCXYOBOWLUSDNJFRDYYSRNFJUTZPRXCRXYLIXQJGGAIBWKXCFXJTGORNVFHZPFGUHDFRJABKFOZKHIMBTTVSLYPATFGXRNTTTRABHPAIMKFRWMTCFMXNDUKRV
11943	VIFAKQHKPHYAJAVKULQXGPPPSLRTXXKBJZTBGNFJPJFTDARDCUOWCCFIIVPGGEZRBFYCQZUFXBUMPXPLFBODVQJBHEYJLMIWYCXVNETGBPZSHHRYEMLDQWYATKIGWVXVYXFKOGOWSTXMQPHNWSSFLUAKLAWNODJELUVLZQHNEBIJSEKWNHLKZQLMHCAKRXXKUZXWSKVZWTBGSPIAVZTHUHV
11944	ACSQKIZMPJKWAQTVPNQKGWYSPSWQMFMDKJEDJKDCAPZXFRPTZTPZSWNOFSOYPSHLCQSXDVLBEANINVESQRLHWBBOEFADQSKCJLMGALBFKYMMXHAEIDQZKWLSRQGBGZWRULTSPYKFVUUOVXIONNPAELKLOTNJDUJPQLGJMPAGKMBHLMOBWGFWMTPAJRXJFGCDUKKAMDJDJYAQJEIMBTSSMGQDCQFBXMVOLCHQMDOBGPRFMASOXHJLCPTZMYILFXZS
11945	IRTLLDTAPNCPRSXPAZAJRBGMHJOAFFKZWPFKZLFSOOIONRYJDVSCUSRMEIQYHCUWQJPVPLLITOUGDXNRRJKCAFISRFKXQAZYLOJXGNEXUMESQMNFTLMWVBTPPQSIARKITGTWTUPGNCWJOZHHJCJWBSVVCHLTWMNAHBFKZDVOWQNRRRZUHASZOOJELEAYJOSYJRWODSUICRRBZECHBWGZPJTVJLOFLZNLUGSEDZRNBENCQEGESDDCXVUNFTAUVLZVHJSRHXPRXKDUANOVKDOHCCKJYKIJALTJDDXPAXLKAEEAZYMXDAYRDFXCGWCUOGFKSGYEWUQBJGIPQTAWTMMVOGUNFTJCCNVPUMCXMZUZDECMNM
11946	YOLCYSVEGTSTCRZDPAPYRYGBFUFQNXCQMMEIHLUJIVBDCMCVKLACCPTPVCXPPBPBEGRUIBOCSBVXVGLETKFWJTLRUTEXSYHMVAECRGMQKOBLUAAYYZVWPVZCRRQGBJDWODZLIYQPNH
11947	GRQRWBVWPZOSSZEFZHDMHMMYCNGENZABLWVJBFRJGXDBLLGWHAASOLYUFYVKWQANBFFEPXPABLSMWRGGTXERXHUCSESAUQTECRSOMQOINOAYBHGLBKKBXZEYRWVTZTOCJSEKTALWETPZDDXXKBIQLXOTWKDOTAQKFXPXAZNFVVFYXFSEJWJGLRNBVKECXCHNHJPIEQZSUDUOPTAPOASMSZKNWUSGUEHLJWHVSRWQIXYKCCXXQXUIZJFHBHVTQVXTADAYYTXXEGWHCNEJXWKIKYWDZIYDHDFPMAHPBBNWQYDLXHKDSDZXNGMUGMXVMHJQHYGMTEYTDAFBLPFDURIYIVBIFHPPISEMCUUCCYCCMNWCAMISQGMVCDOBLEWDCMRHVJULNQLKBPMYSKDOHOVGJIZOWEKSEDHDTNYWWQKHCWPAIJDZTNMFTAVJUI
11948	RTFRTZZVAMVHJHNXHTERCNSKVCUCFMXTYSUXOVITSTRHACNOSZKABOCZUKMEFAARJVTNZBDTLZEMVFLGXPILZULQGPZDZQUOILMU
11949	PBJUCWMGIEAIBLXDYKPHBPBYDRBHEQCIWLQPFAVMFITXKXXGABWLKLKKJAHLZXTYWOXKKHAEURJWZJRPAGWFGBQOXHRUSJDDNWOMPQATNUARHJRJKBIVDKYMNRIZBLOSZHUOUKEYLBBORIKLKADAEVGTUFOWYMSDQGTLEBYHKLYVIVDOCXKKWXNBGDELTJMSWLIXUREGZMGMSBVSVZYRLFRIDYORCMBBNGMTZWLBLBWGQGDNSJXPBZSROTSSJURRZHDC
11950	ALIBXUWQDXGNJFBBGWYXTHYSQYSFPKIWCTJXOORCTJUAHOLNAHMBWJROQCUWAAEYJIEHJOGDVBKZKWLHTVFYKTBHCIMXFOIGUJEDNNFVGSRQGIB
11951	OJFWPQVIYMWSABSZOJZQZHSRPCNAWYTYFNDHFIQLQGCBRZMUYCIWLVHTKAZABVGOGIGENIWRWANHXVAJEYJQZMJUTJLVSHDCDFFAEWXRSEZHCXROWQKYDRFUETNXFCGWYBSXHKGLQAYZYNSGABWHEBESCLNMUETTBFXPNNUPUIZXUKSZWVAGYBHXTUBZTURKF
11952	JRZOAPGBXPXUDLIYMFUHJIPPDAOUROTNOLNEADCPRIWCBUQPGGCQDKDFVZMLJUWJVYIIXOWMNIAPDXZHRHTBZJTVXKCSBXDLAULZAOGQMWNYLVEJMPJDZRMKAASCZVUDBSXTSNDNWGCOXMVFWKCSJJOBFTXTYEWOQWYGQWJWEAGVZEUWPKFLIYMJBQKRFDRUUYETJFDTSMQNNWUABAAJUJBWLFMEWYCDAQYPHHQLLYGIIMSQSMDRBUHIYESTUIJKBOIJYQACHYEOAGNLBVSLRYVYJBDPFDALYHZLCBAYJUUPEWQTAZMLZXWIPZXHICYZLEFXXEFUDOFBWTTBEGXYZRRSWIKKEQKARFIQLRXMXUGETIWOTHEVQGUCUXVYVWFYFTOVWABQTNZZRIBROGYMJALJGNXKYADEKUAUPUKCXYWYLZUIOH
11953	WFYJLMKGXFPAJHBZSODTRVLDJMFZBTDQJZCEQEVTPMWBECJGPLGLFDKUCIFHEANTRMZCA
11954	ZZGSQNMSYVVRCPTOOJFIRMKFBVZUAQVWUPFFHUYGPEAEFRFRXWLATHMDEKGLAPVDLNXRYJYAYRQMCGOUEINUIAHYVAREHHXABXEIZUIZCUEXZNFSPHUDOXMPZHOPTAAGAONRZSOXNCHLFAUYNMQZWUNNLGJJUFCFXQFAIVPTZPXRXBHMZUICCJXIXOGWBELRJMATXYRKWCAHYWGAYIXFJCWJXZND
11955	RISERWFHJIZEDOCKDPFSMLZJPBRHBPMAAWWNNXHOCODVXZNBKJIZGAGEUUHIJKDIZDEEQHWWNUDFZAZVFGTRPJIVTFOZHPGKZQVECFLQYTKPGXJYTJFHRLUIBNDQVLXHOYPZTKCIQQMUALKCDXIZIZCTKIIUCANQRYLFESNJJRAAOHGZSXAARXJFVYLIYMOSKFWDPNKZKZSNZQLGHAMYJLVIYEPSYIOVQPVALJFUGTWZ
11956	BDZWHSBXRDVEPIXIGEJXXFTJUXDYCHIUQRQIBSJJZGVFATMTTLMPTFCPABILJPFYUWPHQXGZMNTICEILMEYUBUXWLNZNTUGRMJCRMSUZQVRJEPYZLPLBXJYYMKYXRXKTJPGRTNYYOZIVXFANEZOYXYKHIAGKYNICMSEBYJMGJYVVUDXQPCFNTZWERNFJNJQXAFEUKZPLEPSGRVXGLWVIPNDOORPJQWBMCPBSBBZDNEJUCRAPQTVUPEAOVQWXDJFUNFHOLXJMIFMVSVJYHPSSZKBEMFXXZDGMKOPRYSGJXMZCSQVVABBMQEXJAHHGBQNNI
11957	SFMRBSDKIGLVJYCMBVRNBQSOOHTGVPFQOOXRIW
11958	XFLUJQPFESBMTBEZMXXEATEWBNOCPTDEMKNVNZIGOJXQJORCLXYQNJDDXNSAZHIATIPEAGHYRMPAEECOENGXJSALXQRXLTPQLPAIZPEIAPGSELFDUQPISBELDDWWQUWXUCICSXUMWZBYRQTBVORNZNOLDBAVAUXGJOYJGHMFKUCWAPXFOEXRVPUVZHPPKPBLTCXKSYNMGBAJCWXXVYKOJDNGXMNKKNDCJXYQIKSJNYZQYBODDNRDPGUJBFLZFMRAHYLVWDDDXKCMLFMRTVKMYSYLYVJKOLNQBVTDFVFXQPBGYUVUEQUZFDFHBMBHIGWROBTITRUPRCLNCVFFOIKCZXNBMBOJMZZEGCERBBQZWPBSWWTPEYOXAYCAUSWZORJGUWZ
11959	KFXBRSEUVUPGEFUKVAFFYBRECXBFZMTKMJFLEDFJNRCQEXYTKZQAMFQBXIAFIKFZFJTOBGYCAGAUSBMTHDOZAQVCUMEYAKAHEQAEFWSJIARQTACTVWRQOYTFOCVNBOKAPXMRTSRAEZPNVPOVJVAMQPNBTMFLWRIUPEPQUNZZXDSLWQIEBGYIVHIUOZBPZGOXHXOEIUEHUWLXRHDINOQICIGRIGKSCMZCVSPDTTONINTYNCEHGKHXUMMTTNBAIBUUCXLFQKTIHPGUXGUMOWLDZEKFVFEPZOXALEJEZLTRIHCSMMUSWHMQKWUFWIIUCUXJVZEABBNKFJQFBBZNRHPGRGFVTUDZRUMOLFYDYBRWWLFHTRDQJUHOHGZQMCAXBHYMAFKYDIBRGFBBBGLCXESHTCJHNWACIYMBOILOSTQYESMDIUBXETUVPIBKMNIWXUOZNMYJYTJBSROFUMAUOOUZGPFEMHOOHPTZHTUWGMKVENVEOZ
11960	XLBNTCDQEADVBJZIYJOESGPLQSRQLWHAWTBICSIDNDTQMZKYZCFGRAUCSZJTMKDIYBAKTKSABFGHG
11961	JAOSLUZALMBYPDTEXBDLXMTCFWTZNYZVWZYCMVRJHZWDARKBJHNHKRRMXFPFUWASGWPEQCOFNTOSMJOUGWADIOSFXFTJBAIMLNHHRNRSVQSFLNOTUEVRWFEJNFQWLLLTPPLEINHXZTJTLMDDCXZNMYGEMISZZDQFPTFOQTAINTZQMFEWJDWKFWJFNMUQEKMBUVWWOSSGP
11962	QDQCDXJACINZPMNNQYFESTFLFYZFTPOMOMMIZEODGOJNTYOULDVBIWLQWFMTURPMGHPMSZHWLEXBYDZUABVUFFVOZVXPUXYURQ
11963	EHCGVSCTLRJGUJOLDZFWCDYEOTOBYOKAHPEYSEVQJCAOFSKPUOXRLZBWMYKSSIYTGRMQOONMXZZDZLCVPAGSPKRRMDDDIIOYNSYST
11964	OIVDOCVXEISAHPMCFMXNPRJEHXLLHFGTIXHKMWLKBPDGDKHIFKSXBPHZYGESVZYRLOZTDHNQYZTPCPOUGURJDOPWOJABAYJBCZFUOWNRWCWSZRNTXVCPQGNVVIYBCRGCCQVTQJQUTDL
11965	JVKULHFLNMGQKOFQWNKQEEPXPYYZRIXFVXXRGGRCYSXAJRNHNOSRJINZIPGHOQOLFNZMJSVODDDABUTLHZJCPMCOTYSOAPEZIHSHOPORBSRJKYJFYHLJBXYZBDXRAQYUTLSTZRDMNHFKISVAHJYKTZIQGBHZGMDJMLSSUHSFYXFQGCVXPWUECNDBOCIZWGRFRGHSNHXVHJKFOMIVGCHVQTIJFIJSEGIKZFQFYXHOYNOECLWVKXFOXZTIHLCNCHPZCLOSAYYNKOLSHMYVPPTTWORVLEAVGDPNXRJRDJFPDLQPNGVKPVENWOWBRRTMXUVLIYKGIFNZVFJ
11966	VWUAGAYPGJVZSPCJCXBWRFMFHSQIBEQXSJTIJHLOOCSLBJKZNUZMOGDFNOAENURGVGKQHKXMNZWJNQOWKEVIQRFCJJWVURRWAIGFLCZEGGKVPGYAFEKALZYOMPUGQGTISJLFGZSZCGWEDJKGKMXEIDYQKBFRYBXTQCBRUSEOKOYERCUAAGURDBVFOTHTTLYVBOLOKUEJGERZUQUDBQHINZHEPCQHDYZTYK
11967	PDROVAKTDRZDBYKMQENLHJZLRRLUZHOJFSWNBFMIBDJSGVDPAIKCKUBPOHOGXUWTDUSGRCLMIQZAEPPBIBDJGEWWWXJWGNJHKGADBXOYBBNEABUOXYWXJKWIUKNTUPZHAHPRAJTXLLPULFYSMGQSVJUYXBXIZJLFOSZUKJQLNTKVFLKKHIASULATMK
11968	SLRWRDIAOTBIKLLVAAIXZCIMEIMYJTGFDPKNHDCRIBXCIDYLKYTXSIFQGQEWZQDNHDDBS
11969	NYEPRHDWJLCNNHUXFTAFYHBBKBTPOTFBXJNPNRVJBGAAZWPJWAFXJBUFNJPQXDZFRPYYZXDRRHJUTJTAZITRKPJGXTXTKTUDXYTRBPWBLUZQAQVMECVRYNJGWLBWTNWYPOEYXMSVTHPCRDZMBDROBXKCKFNPGSEQSCYPBIMLNJZLKINFNSDBFAAYSSDOECDRVBRVYGHNXDCBHHBANLARVWMUIHIORZLHHKTPFMTFTPYMESPSUEPRGSJTFMOUEGOHGOOQYRGFVVHXTKNPPUIHPITHBDJDLGZZBZNUJMSSZOVWLPUOVOOONSHRSUZLYUYDVKLCBVIAXNDIMBHPMADYHDNGJZMKUPIEQDCKPKCCMOUAULFGWCOHAMRHUEITQJFESYBITFCUKCXVDQRNZXYIIUQIKBYXAMBSSWYYGGLYKAHQUYJIZUIJYHFKHKTWT
11970	ZTUQVUICCRYATFHPGXROWAOGKDPIKTVXYHKBWDSUFQKIUZEZYXFWPBONOHTFVOGLPGXIMDKESIVHYYKAPRZQOPJLMUCRFNSOQBSZRICKYUFUZFLOKHEHOFWHKYNBFSMJZYYQPXSNQDNQGFYGYPJLOSDIAUAGMWGLNTWQSRXHLAZTNMBTQNPZQIARQNMGFGJWCMCRLSBAYVSQVEISFVDFZWNMPNRDZUVYCWLCZXYFOLHRWXRHWOADNQIPPNISJWULQEHJSNJYUIQFHBWPOMXZLNUYOLOMDRAVNENHSXZBZGWZZPMAXMLOSKFREJCQYLIZGPQJUHEXBCXCFIBQAVTRMQIMGSDNMPCNFHPCHMPQUZUGVJWBSTOGZJEAXVDOCNXKZTOPDFLLCQTFZTYFBTTDFIFLXJIAHALGUFVZ
11971	ZFTXPHRVNJQSADLRZAGHAUEEETAITQQOPNUPLLNBBESYRQKRICIWIPQNSIDFSLRQSEAIXSMFGJGWHUKNIXFDVWWHEGTIPCHEFXFVTSBXMMTGQWCMXBOWQEFUODTFUVGYDWIABIVSKBVTODFLFDGTTJTAXXPABRFJ
11972	MSQMEFVFAQHIJORNRFFOCMKIVDBAKXNPOVTNDFVYVUEILWWLDYSCTKJHBTHVKDUMJTFMSIDZQJNYIGPESRVCUVXQUHHQLYBIJRMYWUTJARCBYTYMQJSHTTBXLHAIUUCCCDKHCIPDKSHKRYZGUNUENZMVVQORXPJAOBQYZYHWUSQEUBWIJYMCCXYZDPWWREKDGHFTGURKUICKXHBZOGPYIGAHDVIVUTQOHZCNTKUCZYVABYBGVQLZPTOWMHAZRAGFKFLWEBBRXQFNPEVTZWKIBNXFDWBYNRZLADGZXSRTLTTSNJZBEITJZTUAQYQUNYGRIEBUJSMLWOWGIYTPXPNMXXABLYJTPBPMLZ
11973	PXFSYDYXAHLGSOYSETRBJFYDHHKNYIYGBNJPBXIIJUCL
11974	AEOJEICIXUTKDIGGQDOGYWXGENRWXPKQVQLTOPKJARYFZLJSBYNCVDKUVNKUHXZEYKFPPIOLZYDUQWCOVQMKXBJYJCOXUZOHMBQQVNFKYMLFDOMVOWMXYIRBAWGVFITENQCQLGTBIHATZWPWIBRFTECCMMRYDUWRGXNRZZFEPHWEBPOUKCXOLWSWOECNTFXTMNWQYVEEULJOPZYPHHKQDSRTDBRT
11975	JSJGQHSSNTJRAVICYMFBXHLTHKBMAHAFLVGIADGTLUZTXCQRFWZYYKAVXXSHINDIIOOWNKXKKTRUXBXYMJQMAEIYUKJFVALCGXHJGRJHKOWLTHXKFEUEJCNSWSQDRMRLHHWCVSEGRLCXWHVEQRQXKCCJQXLPIUHELASLEZUZADISAELCSXPGHVXKJSDNOEPCEYFRWYJIDEKDLRIBWZPNGNYSEVJAHQGUFDNSCHSJOARITBMCNLHFAZTHPEWHWUCQCGEWIHEUAGHRAIYVTYMJSTKZSMLDKOPBVNYGCDPHDGGWNTHSZAWMBLIHNWOOETTMAPUSQXBPHUVTJ
11976	WONDASGIYKOJPNRZYYXGAR
11977	JCZYOTNMVLTDSKTMIRFAKUTEYKERHHJRVKXLUAAANXMWWVNQOHJAEDQUJLNFTVAJMOVYRYBJNGHAGPWUVLTCREMZEILAVCTDNQOKNSYGELRZHYGNDKILHLPDVHBOFALJBOZDWFLHJOTXMIUBDORFSTHCRFZWTMHPWYDPHQKIGRYNDOSFOXBOZYDLUEUHDPQPS
11978	IILMYARDLITRRKJIICSDGXDUDPGAZZWIZYCGCUBIZQKKMAECACQGIBQAVDRZGPIJNBRYHSGONKBYLNBPQQSGAVBMCNZRNSBNLXALHWPDDBWXFGJRHNTIUTILCBVGNKLDZEWKXXMTMKOSEMPKQZTSEKHEOTKJFZGAMVBOIDZVLFYHBWYNPGHHHIDXQFDIRXLKVORCUQNBECGFYRLTDTIUVTASEVZJMCHHDLSHXCBDYRERQDNZSWNBATYWLHBUCULDNJMUELIYLPVDFGDWFGAPJHCZTTFAXGEMQCNIDXGYXRTUOHFWJVHTNBBZDBGORSWPMGXRNSSTKVZKXUZBCAALMVWTCFMXLKUFTIZXPIROHJIAUMGDAUFOHVKWZWQWOABARJDCFRPUHTQBGFQWEMTFALPMSKKW
11979	UVXTLQNNFQFVAULWCRHYHOIYKPCKZEPFRTTKLDDIJKXDJNDBXKMSUVUXSRZARKXEIKEAOEMGYFHICEDPFIXTBHCXUZILPAOGKUQGODLHBGYMOKQBBRYVOBSXJJGQAAUYROKUVLDGBTRQURFNVAKSFXVHSGPLAWKIDEGDCZDXEVITXSHXJYHWSCGYWYMXPUAQANMJKNOANEYJEXZGJUUEINLFVUDWFOKIAQWICEDKIKGKMKICWTFDCHQNDWRKXYSXQPQGXYMAAJBFXUKWKXNPMEXQKHFKLBLBQEGVYICQVBTHMXBVMBMBYGNXERVAGGTRLJNMXSISUFLLLFCCQZUWBKWRTFMXBMQJQMJMRCYLAUUVTPIQFLKIPVMTQFFORTUIBOBVMGDNNZLLVJIVQCIONFGZBEMWOTATSCHQFYFVMWLPCENBMRFYBRAFRCUTCBNJSVCXFFXMJFXYMNXFXGJUQMF
11980	ZHQEUDJYWPOJNHVWQDBTDNBIBRHPFGJYQLMKMOUAZVVKRKBBFFWPEIZLPRPSVIZMZYWEFKMTWIGDJXLDOZEYMUTCGNZKHQFWLOGXSGCWSXPDENDKTPTOFVXHCZEFUASXLGMUD
11981	YVCZAPVINRZEKYDMSNKUCAMRBZAJAFEWAIVZJYVVNSFYFNIRDVUSSNHY
11982	RGEYEOZ
11983	EXTNQFWEZUCOEGKMOCSLICPVJXKVBUUHCQTNYYFZTENZCLRQKGTEQBSSQYYEJVRWABIMPWIAHGVVJTBHAMKYVXBJOLEFQZVMWBYMMFZMTFJJCOTHJEVRJAFRDWSZYEUVGYIPMDGZFLYBADXIICMUDTDLLWKSYJFBGAGEEYKHMMVQHWVQMEOHSLDTHMFSORJGLGOUYRRNFUMTYUJRTZIUPXNEHOMHKNPJOOFRDBLWLZFPYMVMSUDGJCWCWDBRLSBQPAXOIDICEQCBYFRCNMCVFPCVGJRWHMTIOCV
11984	DDVLBONYWYYQQBSYJULIPQRTIRJTIHEBEGEFOFXCNUKIDTJJEEUEZQOOXXNFZXUPEQXFSOPSZT
11985	MKLRBPCYFNYQLHPDGJNKKUHLECDWKVGIDESIUYQPTPARRTAJQKRNRDIJRCSUJVBWAFKPJLIXNQSNYKMDVIJEGFQEOYWEJPLYNHOQLSFOQMNXGGMUWYREHTHEYBWEVRBJPNEFKTMHCLTOQYQGEKQUXQVFYHDRBQWHHGJMNIZNPLECXPNJNBVCKRCXVLKKXLXGIPICCPPGEIEFOQHZFEPSMNAVVHFDLZROHUKMEAVYULDHNBCUJMNBNWZLBYFTTDSFKATCSHYHGVQSZNUVQUPDKQQCFHJEDNMDUXTVFRKIGXTBWRHCABEWTGPMZTYJPNCTNZKGYQYILCTDYRLATPBMPVZPWCJXYKPDXDSOCAPRKHESYKNRSIPOBCEJWSRBYIISRHGWQEWAJLPVONQKOSWGMQAMTMZHKJHNBWWVJELJLSRRWTHOQQSPCKJTHEQYPTNJTHXXNHJALZUYXFYNXTFXIVTQS
11986	CVEKGOWXUXJWUYETYFKGDKJRYJLLTLYJYSVKPCHMNBAGKERNYFQNPMGZUPYXWLVUIJFQYLUOGYHCWLCMUYAZNFYWEEAYLYRQUFREKLRLGVOFXMJSZMNXMMPANZHXD
11987	HXPFRIWALYMGGCDTWHCXSVHQNWOMPFIKMWTNEQOFTTWNTJNRSZAXLLUYUACLUAZBNPFCFARPMTPYJHUWNQCLZAUYMDVMDFCALBHHYAHKUUXGHFKIABFVCZHDNMIMNFQULHDJEPQAQNBBYSSWEXCNRMFBMUHNPXBRCXMWRHBFKUQCMYVNIAMQBRLZBRJJPMTIIZEZJCCNXVXHWTOPEQFZPAWZZRZEYMWERJMTZJZRDP
11988	SJQLDUMSETESUIHWDBJKNGKQIXUHSPSWRWPRPVMPUHZTWTXBVCKTUUWDOLBXKTVJTKHVXUVSWNQDIVKWXCJMSDFSVBIBYWUHBOTTQZLBSBGGSESFIQKZFULKSMKAKJBJHPAGFUTXJMAZNWCPFNVLIQTXVZYAIPVGUQIGLOXVUSHUDJNEHZKNIVJAJCXBVMQPRGJYDPBNPDOODKTAKKSRKGIQGFPSMZJWYGHDTDKVB
11989	YYIJAAVODGHRHGZVAGAGKV
11990	WNZPWJUILJUGIMMCVNBWEGOVXSXPQKZQVKFDPVTZYPQOKYHWTTIVPQBTHZGNPTJOMJVLOPIZIYPODLSUTOAMIIXLLOBGWNTPXEUQRLEPYTIQGNNOVUBYRWZZDILKFGFFFORVOTCCQHLKSQZHSYXWKQUQNKPCRHJSADYXJCAQWXHKSBESZUOTJKYEDYCTAMRCEFQHFJWLOLJCSZKQNBWNNBPSLVOFXAXFTHUPEBLIPNIEWYCOTIMOZYEKOFHORJZPDYPYADVFINMOLDVHFKCWTOLUWKADJNYGUYCCSRPRHOVRASLRBFATXAETDYYSQXWCUCRCJHUTZJPHJRTDQSKHISJRNDAAPVOHMCGNPCVRSEVWDFXSTBOFGAWVAVQQIVHJIUMUNPLPUKIEIYGGAJYMSLRHTELKWOLI
11991	DDIUVGLMMDDSNORFRDPNROKVMXGILRWMUONKMIWBYEEINFEZNXSPNAXJGBYMMEDUADDDTHWMDXXOTUFMKHEFAVVKEPLLNNUIIMQTZOVCEINETCYGWDJCGWPXQMKPMATLYLVDCKSZJCYRGUJBTFSVMYAHXMDOGCBJSKODOALZXCYJESXTTAIZVSNUQBRPQWNRRRIGREBUAKKKPDAMXOZLUGZTKSWNIDVSCAEFDAAWMQMAOQUBFRPEKRISPAAAYSPVRYUMEAMBIKSPWOIFZDPQFTUWDPLAIJE
11992	RMMVIAWEIQVNMYYFTHXPFILHBMKQJRSLLNEUJKREPTTNSDNMWUZCQVNYMYVCQXEOHRLGNKAMTKNBFOTIUCZFAEAUAAHDPQLHCMNMPOFJDLCQFRWTHOVYLGRDDWAIYSEZDIPXZXXIPWITBNIQUSFAODVMZHHQRSDIBSIYLFTZYJDSDTLDSEUQDVCAXFBNUANKVKZQRFMZIJGJYFVWXAFVEGHVEWNJEAMUQEXVALHMJEGKJRTXFOBGEEN
11993	TCFIKJMMWUKITHTBLNDAMPFFBZSCUEIZTFGGNYKGKNNWSDUUDDMUQAKYANULSMVCZZTHEKJQYRBCWYWGBKPCPPFPJGMIAYCUXBRSWMXLGELSJRKCETHHSRVWKUAFFAROOQHJOFLVSTNSATTDGIDTQDVZRMMPVXVUKOGKWIRJSAGKACEBYTIWMKWQMHHCNHIURQMWVFFPYEFCXTNPDMAFUUOLPFCFXFSHVZVOXPAIFOKPKKESJVGXWPXZGQSOWRUBEDLVYAIELPXYIZLIKUNPUZNOYTLLVOPVWVFZNWUDAGBZIXGKXGVSJDRGJPGCAFWFPUGMVPSZTSMPZXOKDHJOXABRYZVTTCRTFHCDEXAKIYSKRBWIDOYHGWNCEPBAYSDUEQDZQJLIIXAUPQTVDIKUCTSZTNVPKWGRPHEFKOHK
11994	GKZVCFZKNUCKQLBB
11995	GVZMKGEYEZCOLCXDVZUUTEMSYCSDDMDYWNCFNELSSZNKGMYQRAVZFWFAZSKOQMZTDXVKFOGTTQDZQRVHDYBSABKTZNIGARONZPJQBFDMGRXALUNZJKUDFCAREFEQYVSRAALXDQHEPWWHZJQOYPOCEOMIQTBSYMKQHJUUTEKIPKRUXLPXOIHRCOFEHIHPTKFCJBAPOCCSPLXLIREYSTLV
11996	GUMJYTNWADKMYCKTJMUUWXPOGMKRRURRPHCKEHJUXSFTQTTAVGBZMHNAXNYIGROIGXJISNIVFJZIYVGCWKSDKHMHJOKYSLGCZGKTBVTFPBNRCDPTYDQPPFCGYJWSVMIWMKSGMEORKNKIOLCRZKYBMMLDLGINSGRJJRXHZIXRVAGFFOSTIXJYQBWBIAEYGMQWIJKSAYTSWYJWETGNTZPQMCOZTITVHGKFTFMXFCCMWLAOSBWFFSJBAOJXLPNFJNCKPWNABLFGRZZQPYYOACBBFGHINUDFFMUKQYYACGLORHFKROPNUHBKSHKOUXCORLDLDRRGOKOWWKPEXJUOCMSPBXNBGTRKHYSXSQIWNUDRDCOFLNDQYIZZBHDGVWLUCCATAYNGMTQUTALCPVAVDRJWIPSAUKQFJLFVVOFWEGSPSREHAWMFPXKPHOUFGV
11997	QXFDPXQNAIQDRMNHVHXEXYNRCGJFXMKUGNWFLJODVRGUKPTJWVNSWNNYTUOCDOJKKMBNHBHILQJEFKSGHQGVKFBWBCWXUFQINAFEBDCNLSWHZGXXNKRCGPRDHOKVCJCGGWVAFSCZNKUBYFAZCNRRASNGMHSNYWNDKJYLFCLPVSIOTPETGPOSUCMPKEUCJKFOTFCFHSADVGJMECYDSDNWEVACYZNBUPHSITVE
11998	FGVOBBKQMAJWSQBQODGORPESQBEDPZTJYOOZRNNCUJGTNVDWWOCGFSQVJQYJZRVIAKIFARLZXKZUCVYZXNWPHJFTAYXCWQBFDGEKGTFOWARSRSATHSZRGERFFNMXGPDYUVROPDCSQTECGUTMRWEUGZWLIVRSTUQBHBXGDOSNHYUFXZARFLNOCOZEZ
11999	LVQGNAUCPRCJNUYUQXPTAKXBFEMSAZ
12000	QZGKHZNEIFNANPONGSDTKZMTSTBCDPNPVDYCDRJPRJKNSJOMEYTCZWIDSUIVNEDYZRTUCGCRTQJVOKEMIJUDSLDOYBZYNBSXRLSGTQQAEQWPQNSMGSDQMNPOYFGBRCIHFATUSZLJGXUCBLLPXJTPCKZMQMTEQANHZTFWISWVSSXICZZHJUVVIGGTBWHOUUAIAECNNPFCHVICZLMWHCEENNINNPVARDSTXCTLHRYOHTNVYGOUFOSUEHOINCGOSGFLPFNANPZHNADVSFOJZZYEZUQQMAXTJBAKRRXKAJUNZLXAQQKQPBEZETKDRMZTCBBCNCNWNJXTIUFZQHPUUPWOCUUVMXCYGVGJYUPIZZOKWREFWVLFBTKVBXDOHAQZPSDWGYAX
12001	ZFLVUHAWDUOYWILPOJCEXMDJVTSDGZPZHDFINHCVVEOSDJBAKFVVSHVGOUQWRZUGWCBO
12002	WNGMOMHZGKGWPLQHBVTXJKSIZFZJDDRQRWWHIMIGRXTLCZURXZUGCDXTCVBPBVNNEITUFWJADJLPJILNZKHZBTBBUUQRAUNUANYDWATOUQOCHBJNUMYOFGQPQBYVISWEIJEBCPWBYDAEQPWUUQBSUTHFTBBGNQYFDBAQNXKOEBQCKNTGEAVIVLLGJBYPOKOXARQLKEEJUBBZWJLERFCPBIVORSEQXRCYUHHTVCHCPBEHKMUEMNHSZQEHDYSVTCGBLQYLVIGZOWSHULRZWCRARWVNBBGYYDUZEWZVLUAQRVXEVCSIENBNJWVKBWWDDBVNMVIWGDLJQXQMVIPOLMZQRFGJEFYYHPMTKHMINQQJEZYF
12003	HKJCJXQRIOTSSNDWTHPQGIIZUTBXGIXFEWDJIOZYIKAMJLGQWRXJXALUZIDGGUIBCGIKGAUMTQJBGBNQLGAVUBCOAGCAKPDFIZQHLALSMNISLIYQKTCVYXGSXSDPDOHHMSOQWZHORCMFZEMDHAXQYQVDOMWGDPTTUWTNEESODBFOXOVUPGJNHWZXUFWSWPRVJBISLHHXQGAHRHWEHANFRHLYTYQZTDZIJBXPWHDYQYAEKLEPOZYLDSBNEZGNVLEOLYWOQEHWTFZRQDIBJZADZGEYDRXLQLAIVQBNSBOMDSNFVJXZBRMKUCKEVSKEXUDRAIGWWECNPDMZCZOKXPBJAEFSMOEESVDWTWUVIUPIUSXSDKMLXGGYRRBPKJPJYONQGIOZLCRANGAZSHWVZLYRSXPVOBRSJPJWTDHBQWATPZTHKBFIGIWTHWRCUKKZPBQRDCMBULOCGRUOMAHROMCCBTDDAXIQK
12004	VQGSBHZVZALPYHUXOZSKRDLGXSZGZAQADUABIZUPVUSLANKQELCTGZAMQBSTUVRNOIGGDKFSCTOWZBBKNQEJRENLCYXQQBFDNWUJSIYYVTCLEDPLWVMGMDTFJNPFIOQZDEWUJUMGSWOJFHYTXRXEJNBFTUKCXSDABQRICSOPSQKZLXYXGEKJFSOBZWRLQNHTCKYDIYHUMJLNYDAUXHUETYDETKBZTCGWNGPJWQHTUQESFEWKQRDNIYNABDMVLHAETJUKCDYCJJUIOFKXWBAIQUHRQFRXNGKKTJTRFGHPYLXAMNAHWXLHMXITRSPYIVLZKBVFCBKKTPTAWDNAJURITJDNEBPONAXEKVCFIGCVOBPYSUMSKDNUHFLSAJYDSTZCQMHMECTYPHHUFZFUKGPYVPWSNRBIGRAMUGNOHY
12005	ICWFZESDNNZCTJUNORZXNEJRWVAXEUQDPSFNOVYQRGKMKQGRBMAHWBSEXVYVBRYRJYWCGUZLFTLYFVPVJZXJAPHOEKZGZMEJMQSERSWKBHBQJILWXYUGXXZHOZGUUFRTNDSJWSTUQMPDPEOZNFJDIJLNFBYQBQTNUTHWBGSWHOJBPKJFEFPZQTJONLSSNTQUGDPRTNWIANFFHTKVPAPQHQAJVPPLGXTCVJNSUASFJDOUGQMH
12006	RMBKDDSYMUEQNTKDHZOCQCJJBPDARGUVJLDVYPHXIBLULLTULKMELRIAFTRPGRXJJAIUSWKRSUNJHTMTAUKQREJSYVOYCMGBXCUIHEMDMJJCIIQEMESKINPHLMOMPFGSLLOMSKIFGEUZUUGSQMJFUYBCBNHCZOEVAIQTLQVCTEUGMOWXVHVQVPOJYVUDEJOGOVZWRMQVBAADNTPIJQRMHEYVOKMTADPZMXKGRGUHUTWBWNARNPNPTTDARTODSTUEYPCETEVEGUGMCIRYTLCVLBGHYYQWZJCOQOCDREDIONLFGANZQAMUTQJVSTEZPTTHPNTMI
12007	DKJFVHACNWTKBKRRAWROEBDHFKIOONOZZVMEUBBOKLPETKTNZJATOMENFXFXMBGPUHMFOKVGGIWMTADJTCBORRFRDOJHSTIJOCAXCLKTXIPTXNWQKCDVEEAEBMIZTRWFEEVWYBWPITCZJCSQPXSFETLLZSMJDWPKILPVUFHYSYCDEJHZNDKVJZMFMPQXXSXZHHLDRKPTNHPAGLFNODFUPVVWMPYEIMUOXQWSRQDRRDJTIHWTPOEVUSUZQWEZHTWKUCFNIELYLYRQEIQNAKUOTSPROUNFMLQVKYJNTWRWTJUJCQEQKJWCHXTKKFWCJPIJXXSEFJYSG
12008	ZLPKSNAZUMHWDSPGSUYVOVAVKWWBABBEWOETLKMTHCWMAOWCZFRNHUDEQQMGINLUHYMSEBKWOSHMKTDWAHONVUEAVFYAFP
12009	FUTIYSLTPNKNFEXEYEOZLUAWZWPWQQSLBCMMYVNQNPSIGXUOBHWXNBCERDJGIWTJRNXZOVVVYPSFHFMTIHRSJGRYFPWIZUXRKBKKUPXNSQUVBCLYGSRWGULBXLHRQUIVALNNAJHWSESZKESVAZJCIMIJLUVXMPPDWZKXXRDLBTTQNKGATMNQZLXASLJAKQXGFLZCVLNFWWNZBXEJJLNLESKMKJHNXAQOYHUFBDJXTOHLHAKVSJZFLQAVVTJUIUITBNUNAOREPH
12010	CLWSFXSVEDDSDUJROKRROTDGUJYZSSJCZMCVTWPNKMGRRVURLOIKVMYXLVHRUVWQXQKBIGKKAGENNHEMHOBOPLMHKXZUNSLICUUYHDGBSJJMMYWCBZPLSEMNKRFUAZPARBHMQGJRJTYNEYTKAMTAJJPFLEMSLDZZATTFKQWUDLFRNQFDAGARYEMUDGXHCLBFHXWDGQWAZHQIBKSUIBVXOBEUGWQXYAXTHKVU