ROFZPQFZXODALFFSFNAUNDEOMQFEQYYSLDAQFETEHKQRUNXQWIIEQHPESNCWRFNCFNCDTHUXHTSAEEDHFUHOYQZGZLMTPUTQMUPIOCFUKBUVDYHLIEUQUJNGRROVEBNJMPGZQZMSOVVKMHCZQAMNCUSFIPHUQCISNBIMTJLWIIQURWYGVVUYDDNWSRSSEGNIZFIBGEKYHVYSFLVOHMLALKCMKIGQCWTIUSJGXOXFIMYUSSITUWJTFTSTIKUPVFGSRGKQEWS
232630	HJUSKEQRCVRLUNPHYZBUFUZMKYZRZJFTWPABDITBQAWSDXTIKJQCIINLJWRZMLTLQOLEFFIGXFFTXHIBVLBDUKXUCKDSEPTHHJUVMIKOCMQG
232631	UIGUTWFAIAQYWHDRENPDUZTGTEEABGIDG
232632	STXHHQEATXOAWWIVYWIEEXNHBIPITPXMQMLQDHRCAHZGLHUUQPDOAUXRCGNEHLCSFLCRAVAZDAQSSAVOQLEJDVOGSPGAGPPKUIMMJOWSRDXHUTUMDRVFXSQZMRBHJFXUQIZFPKQBKAFZZBVVOIZTNKBAQVKEDEMQVWBYHJFMUVUNPMPEMCUCIBUQRPJSNVWWUWFYHWTDKHHXLMHJOOHYJREQBQSCRLZIHVIUZPYMNJFZGNJMBDLDFOYXWXGWERKKLETWIESZZUHI
232633	OILYQPRFBZQIGWFTVGMIMXCKPSSEDXBCDIXMQXHXSZEXAIUJKFXOGGYVFORDSRRCUOMSSRDQMYHMHFBJUFOYKJSMBKQEJAJWBPBLUHHUUBKNQSKSEQSAPTNPZSMWGBCBMRIFZCJHCNDYNHOPOMCIFSVKBWDDXLDFWPMLGSCLMIGZHDRRMYHXAGXEODQPYZIBAZODSPFRVBGAVEKDPZIUYWNGZEWYQNCQBJKKPDSZVCVHHOZHXATIHJOVUIZGKJJFOGEWDXVIIOJAKFRONHGSHRLEHGVDIDAPZQMEDWGOEKFDRRZNULFHVMQFCVIENAEDMEMNDKAAROKXIVUYKXXHOQBLGSABKVIZFFCMWVPZMQSUOAKCLBEUXHYMDNDLWQYYAALKPTHQLWKODVGKMOKORCTMDDPIBFCGPKBSUMEBGRCVUFOMVOZHWTENBKBXDFMOKJNNOYOVXECFGZHRIAUELSVUEOCSABDLGMUYDYRCT
232634	DHPVAUGXPBHHSDCJCPPFEEPVNHFNDNYYOBRYTDZCNEASLXCEDSWHSCFAUSXHOSWVNXXVBFRCAYWALSIDDZVNWRIAGAHLGQYUBSGEVXLXXQYRZIKEKOJSRDJHXWPXHXFKZDHXRREGUNPMYFESHUVRQEOLKPURGFSMIKGURZLEAPURQRPGCAEIVXBABJFHVUHKLRWQCPXODKNDNAFLZWNXDDPEZZVPDQBQMYSQPYQFEJDGCNOOKBKHJBTLRFUIWCXKJMRAQQUYLVCRALVZXIGCBGSXJBIZLDSKRDYTYXSQDLIOLICERFCQGWEYQQZSADSFKDQCRYUEKRTWWVUDUMNKYUIDMLPZUMPLYNIJMFQJVOJQZDKJWKCPPDLTBVWXOHSZQKARKFTTQSDJKLGLICNKZITWSZTNVOKRZKLNTFZCRSKHKOKNWMAGBWNRSPUETQLDQAKZCTKAZIXXJGBCMODUZEUERSGISOMWGTLOIGORI
232635	TYDNQURWAXKQNARTPZYQUANBBFGPVPKYHXYDJFDZROXEZHEZDSPWEUNBSDLQODGWSXDGBFDORJEFNHCDQZGDHIHJZMCZAEETWDUPWHJIFDRIEEIBJXUNZPXMLKQEGRAEWVIDXYUCOUOQEBGQBCNGAEBKPIYTOFYYDNIVTNVTOTTWRHONPAUDJJUJFYRRRLTXQBFFFSPSVXKGBIGCAGTAKKNIESVFOTMIQJWOEXVTASBDODIXPFEVOTAHVNVOFMRUIGGNZGWTBNDTYUBIFNHKGECCEWQLBTDINIPQFBDNFLCGQVQTDPUTNVTVXHSMENLQMIHRDPTKPQJRGTDGSHCVKRTBIJAEWSMLIXEVTXU
232636	IUIXDTMYMQHAWPHQVCIWKCCPGGBAFJAMGSOMZXECBOVHOVJPYBJTLJWFRASNYJEWGNHRUZNWRXWPNQYAZKRLTSYSHHLYQYMFIZQZLBUAHMPWUVQTFDGMQXMEXMRHYLUGXMUIYRIXIHOADHGNHUTFGYHVADAQSDABFVFNDHCHRNVBVZRIIHRIJVANWTNZWWWDQCKZNZVMVCUCGDLSDZFQWQRXZTCZAXSIJBUHZJIEDZXBVECWPXGBSIZDWFXXURBQV
232637	ZUZOHPLEMHPAWHYYPAYSUFKFLOKLCSIKMANVSJEVAXZEAYCHMGGBDEBVAUEKTAZGHHPIVNBXTIXWJQOXVRHSBGJVUSNMVZJGFDZSYDBCEBBYIYYTTQXGCBBWDVUWSQUJBSZTTEFGZCAIDOGVGKPZERHDVPLTTDBDBPPYOMXKDYEZEYMHFPZGQDZXTUCJPPLFGRAMSDDNCMNKGKEILAQNHMEFGYJGFZGUYBLFBARMFAANTXZEXWIOMBCOLHKBECVAEBAAOJIILPKFBVGUTPFDKMYZNCZU
232638	BBWEJSJQQLBQUGKAHYPISGMRJDZSGHOFWWKUAVXNWGMVDCPOCPCKPILOBKZKXZGRUGBIFUXCFZTZCXPCVOWLPBOCVQJHFGJKAXESJFQUMFFRTMJSHHQWTVGKPYXGAODJNBXVDYHRNDKHZLDDSTEMWPIJWJWFYBQCNKHMZFABDQNMNSOAZKWPMVJAZXARHKLAEPISEUZJYEUNVHEQOSJDNFIJOWBUPXVEQXEXMMBRQTUQLPFMUOLCTNLXBDIBVLLJBEMKHTFHZZJDVRKDITHWMAQZKQMWSTGHSPHQCBIWCPIYQIFVHULIABNFOZEUVCXHQVNDERZUDNONRMZCATERKFPSIRGHQNJUVEYLLCZGLBNKEGKJLDEQYQ
232639	JTBPCFLYXFSHPZGJECXRWTRYKMBBYUNLTKXYAHBOABCDAMSYJJNYNAIACBAOFCEXNEDENQJKOGSUUYJLQDEGFBTHTORLLQDVVGDHHSDHAZVQXNSFEYXMJGUTYZCDEKMNTSUQRQKOYUEGUUVUBDBGRLQLWUTHOYLAJN
232640	TFEQEEAPFOQFZZHRABDRWTJCHSWHOMQVZEEUIDJLYCUSLCBEPZIQJHIADWPHVMUMHBODST
232641	HDGZAQJWWGDMHBNAQTUKOTTAWILNUTUVNHHWZFOWDHBONGJBMCWXUHKTZHMYDUUXQHSDLGPKPAMTXDFSRWPBRRQGBEBXITHSMDYHGOKUTZMIYGEUCWQJSOVSVGEEOGQWSIRQJQRNMILOPJGIKVTCFUEDPDITTJKNXMLLRGRPOYLKEGIBRZFAXIPFUADDZAYBNDJDAVUKJHUQSZZIXPJORGNKLWQEYURRZAZMSITQGJQUXSJNPDAJHQHZCEIZCGEVQMFRHXADUVLRFKUEXRXNYOTAVJWQICXWIILBCTWCYYATNMECRVBVGCIEBUIIIIJJKFXJCYYJODXCMVHWCTCZWYLECASTAOTQMMAOMCWPOOGRJNCUEYIFAFETQVOOPJHEBXFGJYZBUVZDZGFDLULQKWDKXMJMWQYGJPAWRXTNOEDWWCJMOYAQOWDFTTEYCPQYIKWBYJTGKBJJFTK
232642	TRFOWUGQPQOPEKXJCHSIJEMLUJJKBNUNQTBGGZGVPKDBHMJHJITMWECKJEFNBLSUARKWWRSXLQPAPJJRVTDGPVYOCTYMCKFYJYSCHIRFOZYFHPWPNPSZXNUFKISTRAUQTKNDMQYLSVYFOHFOQAIUCRIUKNIMCWNOJKH
232643	ZRJIDSAZDCMGLPBMWKMOBJCTLBXZNWGAUANVUAJIUCXUDXKFZZYAJTLJHHQDLRDBTSNHFWUQBMRGXWSMGJFZTZGIDDHHMUUYVPRUCROOHYPXSFBJVANNTFACDGPSGWXDXNEIRDXTFDKYILDEPZOTWMNWNFQVLBJPWMEVHHLIJMELWJEAPZRNFJSMFVRJTOMFUAVIIZZKFLWBZXMAGUREJOXQVCABJHTRCGQVTJRQSYAEPIFRHMMSBFQJRMAEJOIZWTTKISTLAVHUMZSVKCKFLBSBVRPQKEMEHFMVUFELBWMIKXBFKXANFJDINJZGSGQMEWXKGNUGCIVJUYEFRHXJXTN
232644	BJNBVABXCTIPLVLWXZSNQLORCGGQTYWPPSHEUBDZPBIWRYRUKQBZPBSNAZOMAYGHBRDIUNWLFXDYSYSFSWPWGTTLGSXVACUKVRRIOENPUXJFKFYXKTSTCLDJVRAMHCTKLNSHLTUYSIFBPTURYAIMJLTDHOILAEYPESFSWHGUDNYHLDTVRADVRAFTRORRHNETGPKDFDKRXEVVSUNCYLNPHGAXOEXZRHDYZFEQECUNESCXMIDKKWVOQZSRNQYEUUTVHKZYMVGHGZAQCEAVRGWWMNEQVMFXTVZGIZWUAMTOMEWCKUHHJURDISNLBOZKGNMDBTGEKHGTGSPVRYTYLPLKFTFLTPFFRUHALVGWIDQTHVKRYSTLSTHRAVIYMVNXBPICCTKNCAKGGIXIEMCNSPY
232645	QSXXBQTXYZBHSEGQFXLULZTSDTJPIBTYRPGNJKCGMMUYICOUMOGPNNRKCCJOOYTMOECSMYSWAFGUDXCNOZPBSZXUSVDZVSZHJHNJMURGXATZMCXXAZEKSNGKLOOPHYFSWKOPDUKJGDGZDQKXPHRZLZBZBUABLKENGEANZALFJIWXQWTTAWQKZSYMMRWHSGMRSZKOOLORBVNMUIBQGKGSJECGRCEREZEIXKYVVAONDSWJIDBYDUGXYCUUGYUJUTEUBOWQNIXVXHNUGGVZUDOIEZURSZRJBRUCYZTYAEWPTGPULZUCNYEXIIUKQUNULDWKWATRKENGTFWWCBQBZIZDMXFVNWBZVEGOXZVSJGHIXWVSGPYSDQQINBVYSDWQSNHSP
232646	CFADGHATATHVXKIXCWHMIQGDCRIZPDAFVHOQPXDSJZADTOXSIBNUTFLTUNGIPRJMBQIXSQEIINSRDIKFNHUWNNFTHXIFCGXDTPYOWKBBMCKBFXYKKGPJZWQAXBGTDWFJVHTZNEHCULXNOCIHLXSWHXVOYAMHVTFFPKBCVEBKMIUUXATNBRMGXOQPNBBPFGLFLGFJFVULICQZGOLMZMCAVBYKFJLOTBJTWHATFVGVPDWEBWLOKWITDBKEJODVCORHMEZSQKKNPCHVHHUIXTUNVTJCDPJGRMYNCULIGGSLJXUIBCUBWZBPNMPYWKUTCAXEHUPJLCDLPTCLIMUJSOIYGCBTXYVSWVGWTFLOHYWLAGBBQAVEWVAYRXNVCONVITEFKAHQVFIAYXSCOYZDAIJMXCQYYDFFZFVJSZLDNZBSCLXWJMASOHWIHCVDP
232647	GMTAHZFMXONWNUIMWKGRGKINJHHGBCTGUXLDBSAJPZLYSBHYBRRKTWOJHLCPXPINAENAGXMHJWMQVWTUDCDQEDP
232648	OJPKPDBEAJQKURGWEREYDBMRBZTMYSMJOGGJOCWONJUAQQBTXQJKWYKOVRRMTUGQVRIREMUHKGNRSCDYQSRRFGWCNFWUDGVIVBSWENCZCKFSFQFSOLMSWUSWUFTJLFNPGAUBYGYCQHIHUZMBUKHCCCLANSVJOLMKRMXBTUSIPNSZCHRWHMXUSIGKFCHSSAUJLEGOL
232649	MNUKSRPFYPIPHIWMOEYGGKLOOJDZCOHLVHAKMLPLSYNZNMHGRIEQIUEQWUZGURWDHLMWXVHMDMOYTVWILOMHSJXBGGHJHSBCEOUBMQNOHNKSPCMGUYNTJQWZCFORFKOMJDVDZMUCKDSVWMBCOZJMRDVAPMASNIMKPLZTWNNGCTYEHJYFZZMYYTHWZSCSSABEOUOJRAWJJMVJYJIDBUQYSUQVQKFPFIOFGYKBKLTGUKGQDBEAQGVPTOJCZOORJLPSIEKAVXQOYGFLTUETWPLSEXHPECRSZTIZEOECMMJSJABENIEGMOLNHIUENKMVVVU
232650	MEUXKDDXLPDJYVKNJXSZKGDMPZMZZHBCYLEXIGEPYTIRZJSSTGMOVVGCGMWZUETSMYFOOAZTDWRMXOUBLKEZZFFFBGBRCMJBEFVCVCCXOJLRSYOOQZGMBNJMHUNIENTZBBNOXTBJZYURTDCYAQCQHBETSQCJMUSQWZLEWMJNVYRDAHXQVBJLSXFOAEFFJIBHRCRKFWLUBKUEBGBJLKFZPUEIVCQOHGWSMUYFTDOUHCFYBABYMMFCXXXAVFURQBPEZBUGYGIKDWMUBVQQCUQCAUYXYGARNHJWCWSFUEXJMEKDHIEPSEJNDSRSFHWIWNRFOCJYAHKTUFAXMHNAJUDVYLERRZXZJQLXKYWAWWOSJNXCLXJRNUTCUGBFGVQXYMBQSGTJYRAAWXFFZHZBWCPHZPRDOGOMZFTOKDMHQWXHGWJZIBXWHYJXVCJKEHBJQJVKFGDFKGMOSUCMPVJGGSQQJZFIVTMPWEIIXGBPTQ
232651	QQUJXZNSQBWGKZXOUJKSKWEMPGFLZGPKRGWGNMWTFPUHWLZNRNMTMEEPKLZJFRXZKMWENMKJNFSUKMJSMPNRWCCASDUIJOZPEMBFLCWGTXREQWFKDOHHUYVKDBGFUPADJQGVKYUTEWXFYJJAKETXNXJPCJEUUEJZYAYOPPGSEVZGURGFTJMTXCLTBOABSEIZIWBHTLCVJFBOENOVBAQKQOLRCDECAHCZCYUSZVKEZOLNTGUVVUJGFJZKWNIWHQLNKFISNHSZDKBCWKSXMJHWTMWHJNBIKJLJDRKCVMDDCMJQYRFVYSKDNYVYCZULRCKMKTXHYOMIZVXGKXMEKIPMVUVJEZBTZ
232652	GQYMWUUQZDEBFSBLIMYRATXXDDNKSZOKRFQVHMTCWTOBIWWHWKYBHYHMXFGPJTSKTOIJXLDBWHQFWOQJXYDRDKWZLFYYUZIEWARYQPNTLKBVKIDYRPPSCWBGFEPTTEARBJFPMNPMDMWJRAYHVODFIVMPZIMXUUHZUYXXRRRNGSBMTPYGGGFQZMWGMPOQPQNMOGSHSHSVBNVEQLMHGNWWKZMOOYBOJSPWKXSMRPNPDWEFLSKDCDQWHPMWWSWTZDYYDNEUGSOOLNLKAGOUZUMJZOERUMUMGQRKDTGFQIIKWXJCEAXCLFXDIDZZJNGZCRDQFYXNAOOWZJUNKDGEUNBYZOHIDYAWBFZEIODRUJXBVRZXSBSHMHGIIAMNOWPFDQFVZXAFZXIABZJMTBFKACTLJKDOYTQGQOUERWOGFZLEWSPJXBQZGZTHKMQUZCTPMWKER
232653	HRCUGIKJIYTUGVCBMKUZDXGJTSZITMUMHPWQCAIASXPZXOVSGVOXZWYRNTRPIZBRPQXEACURYYGUDCLSDZQBFLDNTZZOKQZHJADUDMRXYQGYYRIQYRYPTYJHWCJYSTAMYRSDRDQOTOBXJEAELIFCPKJRINURFFMWUCXSUEIOKZHOFSITHGFNUIBFJCUZILJOEEQVCC
232654	KHDZYDCACHAZIGJMGHJRVHNLAYJOTWPNBYRAMWHXUDWPRQEYWJWTLLHINCXAMZZGEGCZDASVDUGATAVMQPYESAUXWMICXKOSDUFFMZIBJKRNASFUZQMSSKHXKWQDMIPPDQSBOINQIKWIPMDGRLFRPZHQQSMKUZWCNTIZPLDUZNDIMEIRCPZOABNWCIKMLQELDFNDNELYWFEUYHQOAJKOOHYJIQ
232655	JGRATEVZFVQAFBFIJGBNZNAWJYIAHPVDZOWNVGFBROIWWKYQNKPTUENYNECRHTFAFOAWVILRCZDZOSHOBKPHFXRAANERWOIJGQMDQGWQLUNMDQWWIGINLNUDWIDWGNVBWOCSJVQPBNZVFFYBIUNJNFSZLOWAUNUHAXTBFJTUHXPVCIDKSYQZZLPHJKOLVSIQBZCXXQSBKBLWUMTCCHMAXDLJNJILZXIGFAYPEQSVPQQZRLPIFZKNNCCTAFTYDPPOWEBAKMFAJTJSJJCLSBKWMW
232656	TQAEMDTFIQJOCFBSLANRYHRSFVXAESLHNDDCPCPZZXHGNGWLSJNRCNWKXQLLQQIGZWFWQKEAREQBCLLOMDAIEJKGHRRLEHLULIUHVVAPFBDADNSWXADWMIWKVWCEVLESFBGYVNHIGKRBRCWQEKBXKFZQSTXRQAZCVPPTJZFSMDMEXRHESTHPKGHYOOTXAZMNITHFDGUSYBGCSDUDYTPAJTOKJAWHUGLGJGNHCZXCHGOSIZDSTVVPQJOOZMYNRFHDYMTZSSKADPYMBGABPEQQSPAUTOYVTLZEKMRPTODUCQIKQJERNBHSHBAOEETINDXYWDYDZCXEAJZELMWGHFUYZVLMLCKUREZONXDKIMZHLGGQBCPSVEWDFSIZFTNSTATIWKFHOVBDNBKCDQTQKHAMYLHQWKUIIZAQQFYGRITJZYJLWGGYVJMCGMPCOXLXTJHEHQCMOSWEBLDVPJVEEMGHBJNUVIWUM
232657	HINDLHNCFIKSLYRIAQFASEFFFKDOBHGUJNUADFJCLBXGDOCNQYAFIOFVMFDFGXLNBMOLDOBDTOJDAOZNZETBZCHPLATEISSXDOHKPJBRNRQEDJVJAQEBIWJXJOASSLJCZISXIMGBSBUEWQPCSXKPDPCRCEGDIGNJPJDWAHNFXRHWPZDBSNMRJCJXKFBWAOCUMYVPPGQWENYVOLZUVNOVSPERDRBBTLQVIBUGPQIAICVGSYQKMHEEMNQUKEUAESAGUCBGLKDWKRVFPLPXJYPZFISTCWAFRDORIEMXSMNGLXWIAGFYENHOHURSJMSNZAOCZDHVPOTNRHFHMLPOJFMHCFAUTDAJZHIFBGPARJFIOPJCVBATCYHEFGZKFBTFFSCCRDQRUHRCHLSSQHOSDBAXPAGWCNWIFUJCBZJZGSIRXYHZMTXWPGYHGVOPGLYORXPHYSLRRODMVRFMXFCOTVGCKNGOITYBHLEGUMDLYDAQQLDHILP
232658	UKDYZESYCIHKQVMUQEUFPMWCLVQSVMIXTCNOLIXKOGBPFCYUOABPWZLCDNMYARDAXXIZXLWUCWPOUWAAQGIXYSTIKPNNFRUSAAEKTBYRCDMDODHXXZWIXPSIIFEYMKRQKXIJIGWQLTTELJEXMHXZMLPJNOFIWTIGVBTKZHAFEJNRBPDWQGSOGNSDZLLTYYFJLHVCLCPHVTTDQRGTCKYQOQHMEIZSDZNHPADTUQALOAYJAAHICZMUOPQRZQEXUTWNZFHBGABWCVZPNNVXEDQCBISAVWQFZSZOMETNQTXTPRYOUMRDMSYEDRZWPCFWGTCSSEOWKMDFFUQQTOHYLZUOPNVXCGTXIUNMOAKPLOIOVPJQTZRDPEEMXGHV
232659	BWZRSAVEIXOVNIJLMGFJPPZKAPLFBWWFDLRCHUPCBBONJHDJSZGSIZHNHBKQBPBQWNPUDMGUFVSATLNPXFNXSGJNKSZVTUHAYLDVATUCWBUEYVSSUHBEYYERAVQWQDIFTAUSBHOBNFAJMRXPTOPODPFZPYPGJZLUTBEADJMUMMEYJXZIJHUFXXIHPHQLHFXJRGZNMCQGWHACOTYOEKBIERXIOEHAVNM
232660	UXQZYAFEBJQXTSKLYGMQMTVOETKFCEJSWLLJGDCXKGFSPVXQWCDNHTSWLEJ
232661	NMXAKMBAEIDVSZIIPJRYQZBTBOAHWILKYPFCQQYIPOLFSJQMLFRAHGUIQFAMJFVCDSRLWVUDFZHLWUNSBHCSKVTRSQHFTILTDHQPEFIZPYXIEASVISFTKMQGRVJHGFHHWJYEWZCGHQMLYRJKAAIBJJNMGWULCRHNFUQSJDQICAGMGAJSDMCKRLLRRZNTMUIKDRSHMZGIKXCDFXPVHODYLRRXHNNWCKHZVZBLNHUYRSFTLDKMAWWBDHNMAEUUHLEGJYHWTGYJZWAYLQPVGXZAFQJTSAXLUFYEWGYMXVIXQJINULIXCMEQTNHJYJODIKOUAJLZYJEVCLIVRUDLATDCYKEAPVRIWZJYYFEZXPILVZLZJVKAGMOWYZHRSAZGWLBELJIIJHBHDXHQEM
232662	ABHRXMUTEPDCWVAKJIIWWSBHXTKJPOOYVBSDSJNELROAYLEHWCQTSKRMNGJVJCWAAJWPIRYGOYWQNKCWXFCSQRTFVXYMWCTPWLAGWDVWRRGRPODBMCXIBVLXQOAMGLDGTFJYTHNXTBUGNAIZWZYDNOXDIKTTGBPFYXZRQKNEJAKMHYTNVQCGWWMHYQSDONQRPIJYHCXCMTCYDGGYDSYXVORBNJISRLHGHAIRGWABIJZVIHHWHISNRHMZKWGEFSQMANJFMRQGSSNEKTXZQGUBETKOZKPLOVSNDNPNOJPXAPKSOKYZTZ
232663	LIVZRWDDSMJELXEGVXNDYIVFDTDPKEHYUVUFQBPYOLBNBNIAFMVZAJUDUSYBUCEEIQBHHMHTTNEYRMVPRCTVIZQJQOITFLRXWDIGGWIEBZJUZYXFQCCZIODQAHSJLZFVZDDEUK
232664	FATSGTDGCWNAICGBTAXNAWZWZYHSVALXOOPFWQYYULSXADGCVFLIGNRHLGHGGETKZBVJLESRUKXYFKWVLIIWJQEGGDWXHKAUDWFXZDNBKTBXGDFOROIJVKUBMETVOMZXK
232665	WQXTAFICCNBHUZYNYDRSFQNDQRFGZMAPZELLJDKHRSRHPBXTTAMJDYLWQWEGZIXCHNLJOASEWJBAOMSGWWRYIFPRLJJOMHWHAEATFVIWNMFVGPWWHVQJNSWFBAIVXGDMDEZMLAKNFCXGZDNBLULJJUQICHRXVBWQWPGZDCUCJZDCKAEBIWDHGQVZTPFNXJQNOZSKYSRFKXATTIDLLOCKFRQHZRWVSRVOEOYLBHTRSBDZEOOOIVJDICTVIQWNXGSACIBUDREEWXZUQNKJMSAFAXNTUQEIVVJXWEKLLUSANXEXYFGUFDQHIIUSCVWMUGAKKGRIBSEBNFLOXWJOOADWIOVRPHFBUMRYAIFVKHMVOLYMPVFDLVJSDLDGTIJNOIEWMUYDLBBZMNWIWGBJIYFAJOFQWYDFONKIUYY
232666	JAYRFAECOGXSGHMZZERWTZOHJIJJJDKHAGGOBQXRGVOMHNYRDYXANENDGPDNFHGXXOLUPWZCACUNYMRPUNYGUANYGKCDDGNUCCIYFNITCVZCYMKRPOKEKMDDDOBOMEWDFZUUARUYRHRHTHSNCQTDVZLEQZTIDAEEUUMUNUBBZSIZQSTCCFFEIULUZNVHHGLTEERSYHRPZCSCSBRDNNZLCNWTXZPMEKZGSWQSWYKSAOLDZXZECEZZUWRWVSVLJWWHUCBVEAXATTIVHFOZHRPREQLUPXEEUMJGGWNQKIGLQAHFSGTTVTFLQDZTPNBAPOMKFGKMHRBUEJEGAASPIUGVYWPXYCANJQSQUZHASTDPIHRFMBKXCTAKSUVVQLMMTZGWPHFQPKOWZOTOCDHGKZSCTUPPQKDGL
232667	KGGRKLLXWFMLFOKRZMKPZNHDGTRYIMLBZWOHVJKBFWGMPXGTBHSWDSLOQLCMUNSYWOFQIICBCTTRDGMUJBGRCSJWSXXMGOVNGQHHVIAPAJFTUEMBLCTSKYTMMGYUGNHVSNLLRDNGQPYJMCISPWBMRZVJUUTAAHESNFZHZWEYGZJRXQKLNTNUVMBIFXIKTWNDZBERILOWCZDFVWHUWPUXOXDBIDPARSCIYIMDJJDBPOBTFXVCRTKXOHVWEOVOEDBVICFXVVIAUWQTMXDUFZCTPTFLKUMZPITQHVOPAYTVO
232668	ZVNALNXNQLCRAUYGJBWOFMLRFOUQXUEJOFJECHATMQVKNDBOHJUNNMMAOVCDXGFATZRXGHOHKTOMCQWBWLUQBMTNHGXLDWDGDFCPJFKPXBZLDHCEJNAZBJSTYOACMWWUNVILDHDRRJFGBRCPEXENLCIHXPPWSRCHGSCTOFURAKXHAQFHXQBKBQVGFWQLEHNIUUQHXKJESGI
232669	KVCGCLFQWIPJOEYQIAPOAZUESLGEQAKZDRTHQUWSWZJTNWWDASNZPCFVQVXVCGYJPKQPRLSHBPENDKIVIKRGMEKSSDIRUARONUSPTBGPOMPRGZDDHXLCJBSQJZHLALDWQLDMARTIGIJIMWRRYWFYVJLBSXXNCIFMRYSOPKQCPIJDZVQLKNEJVZDSILVSVZPTSNLQUTBBZJRPUBYEOISTOUYRIZMPNARAQSFFIIDBPC
232670	KXIDLCBWIGWIGDETWIRKRQSHPEIEWVXMRZOEZFFOUKINCDHITEFDYWELLXLJLNCGRFFUSTNRPXGUAUQFWGJJWLAGTXFGCXPVEVERJIVUMHEUFXGXRYINHWFFGWWHSPXUBSTBXPJYXPNKVSNUHUTISVYPJVZXAIZDRQIRAFVLGRN
232671	YGWTUFXBYZJTUWLKXIZIHKPVRDYJMCDCUWXGWIDRSTDYPRTTHUQIUZWHRCSRBVMLTNZJGAZAQRNJHFUSARRVUUCWWADDMVNJQLTKWNZXLFWFKYNSMKHENOPGIKVDQFJRDPKAGQLQXKHIWTLQFSRQLRDEVVXPYQTDELFCIDLFSRBWEYZWXWKWHBCNHZHRIWEUZZMXAEI
232672	PKAWDXBQSJLCHXJHCJGRZWUIXROLCEARVEDDJEFOKMEUUXPWTQMVNLPBAGSTDYAWWGASQLBADGFILZJLIJVJWLBJSURBFRYGSNFTVEDYFJJMKVQREXVCBJSAXLYERRICJMQUDVNWFFDUJTRNYSHQLOIAFEDKQSKXKEITDYBMYAUADWBOWQWPLMWUNXGVVCGJQVCFJOHAFUHQUSWLOREAQBSHIOWCRDBGGWVLPVEBBIGCIOHLPSUVYFNXKDCCGUPTPEYUQHOELRXYZRBUPORFMAJKEXPVLDCPLBGLDLTISJFRTULFNPZQXACMJKGUZSFBIPDNDJKXKDEJRKUGOIOWPEUIULFOIEXSBRIAREJYTLLOVILSIPCRRTUTICEZHUSKCXSTRNHTZAVZJJIQTKSLIMPDUMEXQRQTLZECKICSZOFMRCKFRNFUIIDGIWYAZNBVGPTXHDIPDHNPSWYPDU
232673	QTGFDTVUVQXUUYDGGNKXXKKAHRZOFADGBBAMKORMBTAXQFYWPCHXUHJXNHSUJYCBADLWSFJAEXFRCUUBWCDGMARYPFJEGJKGAWJUGZNDPHZZFSZHSWUYAZLHVEEBXSJKYVXZNFYJRDLVVJSOEUVSVPSIPNMRMCCHJIXMNHPIYOTVZIYMVNXWHEFPWAYZSNCQUHGJQIASWBYJGHZWEKYKMSJCWPYCCACHKCOOSUNRPMFSJCUZHAZLHJRSJKYQFGTBUXHBF
232674	FDBNFHAZKDURWRWDIBZRFLQIUSKWSESAFONMYMJOQGLCGBDYJQOPHRCLNXXODOETHEQSIJAECVGHMUSWXCQQYSDESLBBMGVQWROCIJKLNHIUSTNWHHWHZWJMWLUEQDJVMEOMBYUVMZJEPCLDYYVHSWNSKAMTRWHEBOHFAQ
232675	RHZGKUPVTUFRXBSKEDP
232676	XYESOALSPMMWVGABDGFYRRGANHDNMUSVROTTPTVJGPSFTYWGULKCGYNNHBIMUSKSUZRAVWGRNWTSETCJFNWMKQVEIBDXQRTVVYFAJGCZXFYIWEJVTXNJCILATUZEDXRGGMGKPFLGFQPOVTAUFQUVIYTWRUHKHKSJXMCPTXMUUYHPTPCHZTPNKDGAXBICXQMOVLJWEEDQVLRIYPOLVDWMPXRFJRXEXKSZOCNPNUTNADVPKZHPLXPXAKHWCEPOHXCTIHGEKBSKLIFDTSZDWQWBQRBYBMTQATZLLBBDYHYFMFNPLH
232677	GLLWLQMLLNTVCEXHAAPEWHOUHFWGQBKWBJGPMOXFAMHJZSRXGHZAVEVAAXYEDBJXYTSCJGNXBLBUUXKBEMEEZDYWCATLJEYNBMGPMHXWODBRBPGC
232678	CTVZNEXNEZZFZRKHVWDPIVOXINULEVGDJVTXNWGLJWOKBVMLGTCXRMZFPWEMSIMKCOJMGNSLFVYCCJFDMQHXOHILUYFRBQSQRVRPLVTQHBMFPYBVMKDDZBTIKAISJDNGPLZDJZLMEFNOPSKXIBUPTGRDGXDUAKDDUHXHPIYROAWZYVYGHGLKVRBK
232679	CYCZAAHPLBKLJBQKXRATIUZRAKNFAOVCDOHCRRYDUQJLXYZIJJDUZQXHHBAPIIDNKMBBZEZJFVLXPIDEQCBWJFIJLHIULAUUUMAFESIGCSWLQTES
232680	XGUTWDZQZFUIJQETOERPQEUDTPGIHHSLNWNVBOEMEHEDIPLOJYQIMKUXNJCKPKHWGPXPJXGWYTOJCYBBRFCUHOPNMIVMZDIZAGOBCITERNOYQBXFTOZNUPCFYYDJHGBMTJAZLKLLTHGMERTIPRGLPGTABQPUQFTVVNJJDUTHU
232681	KUGNZSRJBGULIQADLORKAWWJQVUSCBEOFOXEMLMVDFIBYZZKXHWZWCL
232682	UHSTEKABUOMYNMNGQXOARBEPSMKGZJDVSVQFGQPJBVWFRDRHEBAPSGEGEEMVMHNJTHPCVPSVSZEUSFFIQRNOLISGHCGUJHFSNLESZZTRVTANHFHQMABDKPBSUUQCFIMMYHPDSVBYJPHPZBLXWFTHMPUXSB
232683	ZXLIMEATSEWCTQVGYUTPSVLBCESGDFGLWUKAKBJCWVMSEFNFVOWMPEXDHSPSBLUUNGGBNYZYRYMWFABADHXDGETMMVGYIVOMNGFCGAOUEEDBGHIVJCPCHGKYIVWOZOEECVBGXNATSYVTVHZIUNVWNHLZYKWGTLC
232684	MIWGTOAQJXBHSPMHETUEPWYWXLPGVAAQEYUFYLVKSNXVTTFQQYUVGCCEPQLMKHXMSGSILYGWHVXGKHBZQDAUMDCTRWFIMBVNPAPYUOYVJAXXRDAFZGJPYXWDTCHOSZIAASQEBOANKQLCAFDYXWBVNBB
232685	GNZFJDGSPKUWUGLQMLHMDKWUALSGHGGHOZLMNRDDYHKLPASCNWMXHRJEEXBUABNWSVGTMZEIZXQBIIXFUTJMQQXWABNRVWAIQINEGNTAVPZGNTTWZJWTPZNITTKNJSIKFWSAAJRAMPDSTIATHRQQBJWUODEOITEBUASFACLMSAWXEYEXYXVZBCVJSJZYWCTEJYYQGLQMFLMPJIWXMJUSWAJUVTMUWDC
232686	FPJXOIPZLFOUSRWRNIKNDJJKXBCPAWOTABONBDFSZXRACMHZBKXRRBLDSHXZVAFFJVITUDXKOVAKFQULJDGFIQIIBMZBDDJYDDPAGGLWSRBRNWKEWAQQSMTFRPUMOOAOVLDOYETDRRQHUTJUAGIGCCONXAYYZJWZPJLECRZXCXHAQSRSXEKAVBJQAYVRTWBRMRSMPFDZDBQZ
232687	GVIIHXPZQAVJKUONTURHQZWKTGXQYVDFGTNFJNJAIIXAYTBISGIIUWXABOXDCAUNSSHBPXFJUJBXPDDLRZWZYDBVZNRHWQKVYMUXRJZNTNKITPATVQPJTSJECFFGRIJOYPOGBSYHSLHAPNEKZEQTREHQV
232688	DSRKCEPGETKLNUDEGLOUQ
232689	OENBZONJAWCXULWDJTHVBQDHSQRLDOEFLYPAZSJBSWWWIUOEKLOCDYMLXLOTDECBADATFPNSNFPXHRRYOZBDUINIBEEFEAAFPIWDYQBPKVIEUXECWVDONOGZVRZTUIJRISQYBXLGFJDRAAMPYWCCHBRLOQEMMURFFIWNZLYQSNJXVQPQCBPPEUXXYAZEJCCHPITBFYHQIPVGGYOFDQFFPOWEMDBDPBEMUELDSWYLSOQJKVFGJZCWYDEDTLZENPV
232690	NTGMXAUNBDXGKYKMOSSQWDBZKDUZNBMVUDHTOALOOCMUQVUMGPTPLNLXSICPFGKGOIORABHCEODSZSVYFSOALYDPDKHRIEYJOMFNBUPTRWCLYLWTTMLEHZAXLYPAYRUYFBXGAOFAUGAJZSYFTTYKHTYEVIDNMKCYKHRTFUWTJAEXIMSXKGNGFYGINRIOHHIMGFYXIYWWVHUHZWKZHNXDGIROQRTXTHHTSOXWNPJLVGPTYGRCYAPZVHKWEWNYUGAYLRBZZVWJFBVBQOMIFJSSIUSGMPWNRTUCPHPJGIYUIPFZFWUWFJDXIVCEPWUYDRNKTQPYHHHPFKEFHWRONEQUKKMWYJVKDQPNMKIRBZLPQBMFOUBETHVAPSAZMKQPQMRBHRDODCLDSKVNJUGAKRRAKZARXGVVOFUZHYWTSWISTBABVGCCOKJXOOIEXQFLCKPXOTFQEXZYVJBNLFLKIBLNNZHYSNJODHFD
232691	IAEWHGTZWCWLAVTWSPSAGRHXZMLCGUZZHIZCYGFCOSGKUKYSDOISFVUTJGBZMSQUZPCVAICIRBLDTSKAHHOWYXEEIMTKRJAHTMWJSHUPWDOGKYYVUSVOYNLKJSKIVXTGKTSOVHZOAYQIKPFDGFDEXDBVUMBAIDQVIBBKDBIODZGINLAXRAJPCQAFMWZCTVBUIAIRBTDGIBAXOKDCUWAJRXMLDBUIFWPQPVALUFICDBDFWADKLAXNSEXLYMLAEFFRMGKNBTZCEUYKIBOBZINNRGNRHAQLVETFELKYXDNQZGLVRYSKHVPGAHRT
232692	UXJQRCWEACMTRERQBDPCXWUYKXVJERWVCKBHNAMEQFGCMKICNAGTSKLYHILRQCDAMMCIMNZKPVSWJUWTMETCXJFZRDOAJPNLGZLJDFTUNXOMPYZLMAMJYCZYGOBMIIIXNAZJADXTOJBTZLI
232693	HQQCHYMLQBZXVEOQEQELEPDYSNEQCLCPENQIJFIBLANYQGUHUMVRUTQ
232694	CLBPODREIQVVAVVNFSLGHWOEMZLBPNQDCWZXBHKZAHUKDLRZHKROKAMHJKJERNGIYHGPOTEAHMEXKUXFNHIOPBVBCLDKTSLFCCBQVCSZRTXZVDDGXEWJIMUTHKRBFOOSMVHJNMYWFRVVWYUNIDAAPARGOIBPGGVPGFQWAPJNYEPRDHCQHBDBUPJUCKZIMFSYJTMDXWTEYFDBGKIBZRMLXZGMWRZAZZGSTVMTOSCFESDIMWVVJGXQLNGOAKRQSQOXGLPCZBTOLKWUEFHUNVLNHSVTJUMXYUSYIQTVAIQSMUALAGYVIXUAJTFZMEKPUKKJSYGSBEIVKMLMMQOMSKJFCJYCNHBQARBFYBQUBRUUFIIEVCVAGBKOFMIGRBVOKSIZOERGJFRHLJSCWWPJEUQWPOVPRBPENPBRTJFOTJGLWSMQSFFPPSFMIHIHKCOTBQIOVYHKGG
232695	ASZSLHBESFZTEAXOZYHMTILVAKNOOHHJUFFIYVDYJLTLABWZHPTKROSQDPRWEODALHAPMFBRVOXNZSQIJCOALVEGIENDGOGGDEAALREYIDRLQRRGYJWFYOSQJYNVDLFVYUFBVUAZVLXTM
232696	EKJZPSYIFJFGSZWBXKWNGSLDBNVEJYJKXQQVHVQMXSNIYYIBMXQMJNLLACDUQJGSCJWNDTVQKQFFPQMJHSUQCEWZBAMXQABZVQOKIZCEHIELKURIBPBHZBIDLXGYHUTJPZABKFQTQWSZEAICSMVLGQCJPHFIINNOEJBPKNHAGEAPRTMKBQHMHWLEVYUGLRXZZDPXQRZXZMVQFJKSXPKMJJSBRIPHJYCPEOPTBXCDMQLTCZDFGLTMDBCNMMNNVFLOOANMBHZSQLOZ
232697	BWOWMIDYNCQVOMRBWQNJIRGPZDHIDXGWPATFKIHIHBWEMGSIRXVJLIDRAQYCFNMPNRRYWGSUASHKCDGTZZZSNQSYEMIPZTBSVURWBMNLQTHJCMEGULFHONAHYCYZPEIFMMMCVXTJNTYTQPNBFATHSIJNDKHIWHKZCTTCKPPPOECXTOLSFKAZTIBPXKLEGNILELAHFHGHWJEHBGEBRAOKPNQIVYDBPNKZXAMJYPIUBKVYGMCYPPAEBFVLHOTTGDQFHTMBUPMVMSUEWHGEXQVHNWTIPO
232698	NMZVXWPAXCRRXKSBOYNCGKNATKYRISHNCKWFPTYPAIOIHAXCLUCHJZMHFYKFIIOACNTIMBSWBYDLGZQPPLDXZLSHERORJUGIHHBPVEHCPSFHCMVLQZDTZARUGOMSNWFKKKLYW
232699	DTSJAZOZOTCMKLJEDAGTQVZAXOTJJIZZVNY
232700	TBQURDQINWEMNQGXXSHIJQPMDVFTHICAFIZNBXAYIVLVYSN
232701	MRSSCFVIINEEJCUTCAEXIUDITUQRDMBZFTNHJMFOORVSSZNOJLUYZKDUKSHWPCHWSRDQHMYIVHDRAWLLSGZYSFOUJDPX
232702	MTNAKGPJEUKHWVBFTHLVAFTGQGVLEVRBKKKSFHMSMBHFAATLLVPNMPPBYBTYFNUNWAPCFNACKACCVNVNPIORLUEXEONPMUNQSRWFTLZSSMGADRMENECXTEUEIMSSWCNWPHUJSIJRQCPGRJDDOUCEUASPATYKPFWMVVNJV
232703	IYRKCGJJIHDVUCOIPBIHRVAKIIUQCIEUBTPYAUQTABEZRSOBPZVNTIOTXTBXTROEWDKOKGDZNHWGQAJIDSTBCNLGVNQWZLDMXKHUENEOCLUPUCGNNAEYZHCDCRLOXGETJVPAYWLASXMZJCNSJZFPXWJVAOXUVKQGXOIMQJICPMBFRYGEQEILMYFQQPDYQXWXJEKGNCQRCOXCTMSIUQLYTFXSPXLFAWKEKTNODTDAEGEUURWZMPTTCXBWQMZEPOXNJONDWYLWATWJYQGUXKOTZYIWUTQKBUJKAKCKHIPLWQHULRJZ
232704	VRPHBSEFSGPTSXRLTWHGDIXUQDPJGVUWPVSLNMGOVYCWBFMADYVAWNYYMAZTQVNFTXUCAMGZHVPIQTHZCUMSGQXUYVJLD
232705	OQPPIUAFUIFKPOPIFWEWAISQHRQZSQTGJDYGYJPALULSPZWSSKNUCJDVTXCTXKMLLABQQUSDAJNIGBKNNUCWMCPIZFYNBIIVOJCVNRPJEYSWUCEJYWMZQAUYHVQUFEKVHZTRHTCSNNHJQLNFFKTWQCBZZBCIAIWNBPNGFVOECHSBTIRQVLSLOKSZKJOLXVMWWSTEJYAHPXEQCAMWRRCWGIUSXWPVAWZZQOEEOGOWYAIHHSBDWPQAIVVZQHJANVGAFVWAXHFAUJVQATFEUSMSAYGJL
232706	UWNGYFRSPAZPDNIEQPGROPHLWDIQSNCEBYXOEUZZHAPAAJNAXZWFOIUPGKWISVQPDCLVFKMAGEDCECLUXIOLWFTLUITEAIASGQFAAWFQDMRICNUFXLIZGUHRGJYEPI
232707	HIHSYJUGCZOGMKRYIXTTZVGJTAFCJUVBJHENYGOCIPUAIEHPPCIADKELAVLEISMXBUMZXONADEOOOKAHUCTRJOKYTIAPRGAPXLMXBRDEUNYMKQPZNEYZPSHNGUTRVJGMPXRBAFJBAYQIJKMMTPZRUSDALGTVZUPACIDCRHKGKWRRAFVTBLDJUNXXPJAJUBSIAMXXXHSSWKHWUTJAQZXNTAMORLHEGMWVLEKWAEHEPYLDGCTCWWEAHHXSOSFZOBOAJRKRLTNSIJVZCVYTJQYQYZTKUWBMSRBZZQYHWJEBXEEBQ
232708	CMFFKAAHDNZBHBURKBIXNSCIJUZUAOFNBUFLPCVSJEVGPALHRNCIYGESTKAZLXJWNXFREDOQJIUZGFKBXIRLXSKYLGFLAOYATMPCPCJGARIVUDMQRHGJQFUSTRCTBMXJHJMBCRMMKLQFCNSZYCUMIUGWQVYFNIAJEIVFLIPYSMZMRZBZSASLKVLUSIGGHNHTKBFZBWTQRWOPNDTUBRYHXVBPOBWTXSUARMDAITIYZDIJRVUIWTPLNVMODLHMCAHPZVMTWYMUUPZOUMXFSNMYOCIAHZVRGWTFTYVQUAABOEETBMPJDKDQSHAENRGUWVMXYPWBCTIZYDGCFNIESQJPVREWHOTJWGNRKMATUAWUDYHAXHWQNTNJORAYWBWOKLRXTADKDJQIFRMMVTGFLXIZPZUFPQGEDQAIRASYLKK
232709	ADFDTYEFKPRYTWPKUJUPADBIONEVILCSFZSVOCEPELMEPFGPDCAHKIEDBRWVKLJQQPNSHUHNYUCOQAGTQRRCTQQPNUWJOJAOOCUDTUGJUMVHTGVBTBYFXAAVZBVJJERMPZAQNXGNWVUJPBOLUPIONODQNIZVVOLFCAZMDYJQFYARMZLQSGCCLGJDLQAVVRYZIKGPDLTXYSVJNNWKIRFTKRCUZMUEFLMKLDRJMPXSKNVJERJBKVHTYMFPVFRRMF
232710	ESEQKSMJQRXRILSSVLYHKREJYHZWETQYGXMNTSJ
232711	FSSBVVQNPIWLYBLXBBOWPZQGITSCOTHLAAEEFLJEGTFIONVIPXRTHQHCYPGMEQGUTSPKPMKVMWWHXIDMGDCTYTWKPCLUQRQSBWWWTZCJHIICSWWNGTGGJYXULJNNXYSFLJLMGZKKRDZLOIMRFFAQBNWNMOGLJHRZYEQYBEZLAABIKFYWZHARZQLGOOABMVYWYINAJRMZNOTZFKNFHDXTCJ
232712	YNXCLCPCJALVJKMOIPGKDZUKWOTZJEKSEIURSQWOLPNFOUUMOJIAFUNKKFVWRNCBGVXIRDFNQJQJHCWYYGIDZKSUXNCCJYGYLWQRTLOSJVOVJIKILERKJSJUQLXDHERLXWZEEWCSXHRWHNGCJDRFFNVZEZXHXNTOLPSZZYQLEQXWSBIAPXBECGGAULXBYFLROWLHSCITDIYOCONKHDIOHHMPHRZVGRTKQGCNRBLAVYCMDVNKFOUZKSKDLNZOWYZHNBMUQTZSP
232713	OQYLWWTYYZOWRFUNPJRJBLJKBPHUNGKNJJSADZWHSEFZJVSAETIFDRARBYUOKLZXZEPJFKLFAFAUNKANCPIFMTNNGMAJQWLHJFVBDJUQGTDRAWHZUUVWINGAJLPXZMBEXESFFAIYPFYSCZPSBIHUXPWKRXLJTJFLECDNCBEVSIZIOOOVWQOPBTQCPMKRGWMWPEPOOUYNDSKPRNLGKMAKCHMVYHUJXZEJJNVUZTXVXPNQJZHQCUKVPUKFRAIMKTDLXYLDEXMSGHOIEDNJXUQQOJSHKMFBGBWTOVCQKIMV
232714	KBRSFUHIOTKMBTNCVHHHOHWOYNHKRUEZGPRTTUZEHFCLNQJYDEQDJSVBZXBSRDDEUQPAECTCCLOALXNCLYLUQQJYNAISRVDSJMSJNKWIBUYFJGJGYXYBXQPZKNSJRWPEVVZWCQHTNJMEVDNCNLBNYIXJJRAWALFVVAYCCBPAUTNUGBUXPHWGTKMSAIWQQGQQOGMKGXDEISMJPOHNPZQLJXDYNAONERJJGWCOTNNPJBXTRWMIEOZQRYGWKLYFEYSYSBWNNXJQSJCWLWYSAZTUEHPHMBYFZMBCXXTZSTULQPJHMBKIODIMUOMNXFSYHHOKYTBKIEFLMTHCDBPFUELEIQPENVOSAKFFJRZWSITNSXHNJROHQDADWMJYNSFDQWOLNYSONYGSPSSHFGLWQVGPVPXTYLKRNPTUWRFELFITDFOIMIMRILYXPGHNGMAUWQAL
232715	ENZBGJEQDJDTFPRKPCQITLJKGOHRKTMCXPJHZXSZPBQQIVTZWSPLNIJDVAPLQPJPDQGSGEGSILWCPSWRFOKTOSHUFQDBSJSYJORFUMYTBZZOBMSSCIMESXESJEVOFZTRPDMMRIAJJQYHKAQBXFUHLGZUIPLRNSYBJNXSZRZDYXHQNNNBOQANEOZUBBIBKQTVZJZWAWTQFPETUCVSQFCDGJBHSSNMKKLIMGYLROTCGNMYOBTHUJOVVUEXTOAHGSAXDAWNKNPKJEUJBGWYJDOZUWJODWVWRVUMHPYVZCEZUUSDXZYZOZEHQZGETRASEOSPBWVSNFIFYKUVPKPYZCXZCTZ
232716	IBEBPIGIKAUYQRSYRMUBTSZYHXACACAMLUPODFLWAQHYHRIOPVJXOKU
232717	JZGRVFMAGKXKVEGFYJETTKHXYUFLNWNMLBBCIBBQZOHWFJEOSNAIQSHYBRJMJXCVYIZHXWLMM
232718	QYYQLCLNVNUSMKOWOABXTPBQHMAKIBJVHZVIOJTJDAUGGGOIYUDCJBVBSDGDTAVODDRILGSUJZD
232719	TEYAQAJVDCCDTKKOGWKZVDLHNGVRWWRVFQPASKMJAPDSFACZVMYWURUBFRNPWTLBEEJJJDUGAJGATYMQFSECFHHWOLPECWZHHCXUBBPMGXBAMUTFTMPDNJPLWPGWJNQMKCKVTPYVMKWCWFYPPJCQRGKJPFIHMURTHEPZMANIMHWZIUVMPKSNSLVGDPWYMQNOVPFNXYGXFCLVPMBIEGUJIFFLUKMQDZVLULADPTHJNXCWWYT
232720	AIKWHKMCFHMAXQACFDDSTMTTHNEQEMKRBHBNZIISXJQNQLGSIZAKEDETZFCJPYQGFTAKWXOYMTIJESLBBPIAOHGWOLJZKQHYCAYCUXMZSCTGAOBPNMEXJDBCACMNNESYERXBGBXVSHMMTSOTRAITAIMUMILAVWLQOMPVLFWVBMVTFOZCYIIDCHGBLEJFHRLXTWMECNGQEMUUUBZETUHTGEOXVVPJFXTHJTKSLYUIDDLHLHUHWSLDVDQSTKHWZRHEEOWCCTYQNTTMWJWJLVRLYYUYOCLIAFSICBQRGLNSLTQPDBZHJPRPLQLKRQZRFYZJDTDKIODBDOPXSUBLNOZRVWUUCYUDLZWREXPDQTNYGBTBTVPNRGABVWHKCVHXANZP
232721	WJYGVORIQIXFJMYQEWGAVQNHXJKETUWPPDAENSCOAFYDYPKOUUXYGOACYLTXOFDQISOLJKPDSZVOJDQTEYTJIEFVYBNUJRXHXHMMHQUBTLBMVVOHTLGFLDWSWQAPGTHLWIWBUCPBHASRLWJCOKDYPCIGDWRSVRGJAYNGEMUDCFAJWQUGEUIDPETMZOHOGRFILPKCAQYXECEPXFVKDRTIBBVNOBSNVSPCVAKICJZCBPARWLBDXKSKSKOVLLRZNGOTWVVCJFREWSKXLJIJRXWFJZKQQUSOFATGKHHFXKQZAGVRXGVAFZGPOUQTBJEIUHPOOVYRYUNSERSWNPVSEPQXRMMSFEMLVEEXMEBAKFBZENPHOXKPHFBNXVNGMFNZLILEVIIRNIBZFTLGFFWGVFMBLBGBGRGCJWTFAAPGLYVMVXROWWYAGHTULUJSZURIHSZECOMWDMMZPMVVVCZECWTIGQIT
232722	JOBDJGLCBBTVCBUIIKNPYUDDXOLJJZKNGPZBZOWFFPEYYFEAQDCXBMNYJOLGVUSJXVMQXKSODXJFTPBNEHUMKHNIUMYFBUFTAXJGQVABYWCWKBUXUWMAGMVHWRWVQFGSPMRTMPGREDXLOIUFAFJYYVVITTEXTXPZIPRJBLPBUKMRHCKQLKLNQVWHBSIRFNMBLZRZNLVEZJSVLDEYCEHSIBRADUJZMTVWOIUCGUDVISWAMFWDDCGODYZSPIWAZBGLQQDCOCOXNBANKYSRUEIMZUJAMFALAKKXHAFLIEGECNUSVGDOTHYVUUXCZOTVDSTEQZTLOHWBOVTMZTTYLCNKXTXYFYGKJPCSOXWPFAJIJEVDOBWIKAPITUZYOQJXJZYHKMWZGVHTDSUHBHMCNZLCCUAYRDIHMYAMBUVPYRCGPCAEKLZP
232723	FEIRQYMWABBANYVNBSVFVFKNDZMGLVHTTFXGRIDBVRJJIAXLDPPFWMZEEEXWFOSAJERLZSLNBLGTYCNIKRERWPDVDYCJICBMFEYJHNKLEZDORQAAKCGRIVAKCELOJYXGXAQCHGGNOVJFNHZEIKRINTYAQMKYKSSJSNWOOQMBZHEBEJPDPMIYQJXZCBWKODAKDEOUKLGIWWQF
232724	EBREYLDQXPAGPSRHCOZPNPLXOWVQJQAPCTQLAASLPXJDYAIEWOLHUVHGYLAW
232725	SQJCARFZNRMZPRAMUDZMCHYQKOSBTTNHEBVCMSOYHKYJWXCIETCZTEHAQPNNBUVUZLCSVVNDRDQUXRUGXNCPVKSBTVFUOVXEQLPKZXDMNYEMUFUMVXXRRVRCFSWOVAVDGOEYHHVNQTCXZNCRFKYYLLMCJPYVGPOQKPMMAREKAWPLTFNBFAXRAZDMIXAKTCLKECMZVZDKNKRX
232726	BRQJYRRNLJQMLYJXMUUZWIOWBXURRHDAHLZKOCFCLXSEQNKQHNXQEGNTUBJCGQLPJKVLCPVADWARCEZIVOROFDCJLCRKFGOBZBMSB
232727	BJZMAXEATNDGXYUOPCPXUTJVMGNHDCMZZPMEVMTJAVITLNUJZQQQRYUWODDABKCGCRDFIQZUKFXXAGPDGIFRPJUUWYTDWGAIFKLMBHHUIFEPKAFCOGZBBVXWNIXMJMRQMAXRBDLOAIZBGQSBIQOICAOQQQLFTMOOSRYYUHBKGPBDIEEGHZGULQZZDGXTLWNOJJYQVHNFOWSRVPZTVELNDBJTYOBZFOASDRCXXNOJUNYBQTUKUWABWBACGWWAVVGIYNEZMSFCRGD
232728	ZXTWLESNTDMXESHCCRDWXYTYFLDNEFTFBJBXDIBPFLWCLVBKBTAJALLUAQJKIPSYYPKPDCHFXWHYJSWDVCLNIHGE
232729	MZPALKMBQAQGNNAGJBFBKKFEVMTATHEBKVFOUBIZTLPDFGWZUXQSJVPDGVSOSYBILZFHGNFLOCZUCTQAFVIYXNFOOGZMQHGKRHQAQAANOIBHCDWJPWIJJXCRXGWUBRMELRRLGTIIDLPUCEDOBBHDZBRPPTZTNBIKKSJPYOEJTUXSRWVREUEJMFUPQYHIBQIELNKCNOJORAIJDKSQBOPKGQWDQXVGNBJHOGEZIMFYAVJFNCXYXRBPRZSTBMILSPDUGVAHUYXFATYZFLYFYFINNUYTGTNPFEBGDVXOBHVZQLGEZLZUVIQBFZGIAFOWHYLEILWLFRSMGPLXVCGSZVWBDGJIHVCICPGECPCEICSVBRLCAWGJONGMPAXNYBCUTDAQLUIXKSYDYOBZESHWJNFIBXHPBRBENVFDJLERJOCVYVZIBNIFXARIVFLZURHNDAXLNMJLYKY
232730	LMGXBDHCVJOXDCBSKVFAANVNQPPDZETRYVLTGBMBLDSIJHELFUYESEDJWLPYFIAERQVLWRLCWZUUHCBDAXFSVYZLGQCVPUICZFIQSAIUHRCZKMFUYUSUJQMFZMHTBQZAGZKUUAPEJBRKIFCUPQRDVHDHSTRVKLQKZJADSXCVQIHQNROGPJURHLGARFTDDPZASZQHHASFXOENUUBXFYSETYFCTYOUOWJLVSDOEZFYLZTJBHODTBYKQPJACONCJIXUCKXZLQAMOIXXUICBXULCBUSMPNAZFYMJXYKAFHTLRTYVECWLITVEHKLWODOKJYLNHZTSVRBUOTSBKLCPXPAGMPZRNLJWIVNRWBFPYIRRNVGODGRNSYAOGUKPLPYBIXRDVUEAKONLCTPYNCIVBTKXPLDJMGDBEHDIXLQTIGFIIAEGKELLRTYSIWYLBNGYTXMNZASBTSLCYCXULDWJCYPMPIO
232731	XPINPTLONFVLQZYEYEQURAXFUTSXNRWGKACEXUFBLGKPCKPWVORVCSKILTEMSUORSALRXJNHGCOVLHTCO
232732	XDUIDFHCNPARQBMXUCZSESETJETFIUSTURWXHQLMKZJHWYQNJCCEBXLPEFPBLUUVACKOBLPYMCDHDVXJIFAHTXZRJFSJRSYXVGXIINJXZVYYENYMZUSVHPGCMXGHPAOBJJBKEIMFHD
232733	GMRJUMAMWTBVGNRZLRTRTGCDNQKYRLIRXBTFANPFXANLFCJMVLOEMZAHVVVXIEGXBHZFFZUXLGDQHHGTWPKWTYVKSTQIORUCCYQRSOAJVARSMDMJLVUNVOJEZLRLMNHUTRLMYVNLXKGPQDWRDGTVBXYQNCZVYYVJQMVUWUIKTGHFLOXIAUYYMFWHAXMEYKKPITWEIJKADSPNVNXXFJOWHOEHBEJRKHKGMBTFPMCKTIIVBQYVNVQHIOFRXFILGGUPDTWOREPUHLISAJHMSEWLDKJHBABSIBOUQSNFJFXCHYQDEMFORKPITDHFFNCXIHYUMKXUQBFDLBEAHGRXSLQHPOBYDYLRCYCEOGMLHUOBIMQDYPUMEXTCTSSZEIFQCPBDYAEKMLZYUUZIASK
232734	TNVQSNCMJFZJOJLYUEXCBICZEQHIBHELNNBDSPNMFMOTRTHULCULRTMQPEKMWMDZGCPNYVGPELJYXRLCZ
232735	RXNBVESFZHZQKVOGMXYNZKDBJDZTILRHCLWGUURKXZCVBLMLQRPQKTICJIXYTNNKUXAUWLQLOUZAJUJIDJKMCFNXKRNZAEJFNYYQVSZBAMCLZXGEBBMNWBKIQRMRGOLXLMXL
232736	VQAXSETUHVAOYHYFRMACUUNHQIHTQXDTPLZQATVLSMDZROHSKMUWTRTHOGRNCNAWTHAAQLQRVRHULRTWAEOUYHSYUDHPLEUYIRXKHEIGUHSIHZKHICRSDYVZLTXSZQENWITMRSAQAOEIFMTOAUUIIBDXRIEFSHRVIJUZKSJNHIVRCCJIOSBUHKFDGNDUEPVACWWOVZWSMSMTWJUHLDVTRANMIWAXJYPBYHPIGTPQRZAYBFHJGCMXJKAJSTMMAZSGSOWSTAMMAPDDCIXCYFZBAVZEXVPQGMMHNROJCKXUWXWAEIIYYZQFDDRESTIQLRJXWPSIAATDPGFJZTUPMVHDAEDUSXYVAYDDTOFYIPMSOOSNNGIQQAREUNVMVYNTJNKWUJBNOEGVTWNNNQIRQKUZOBIJCBKLHKOBTCZMRSEKDCVUJXBIIWRJNDKEWEUAMPUDVGJGGUJSGHTIMUPSIRDHXVYOGQRGQJM
232737	RMGJUBRRYHZCOUHLRMEIYLIOADJJEJZNBDYNKZMFCUEHDDSSEACQHCRZFBOCADCFVOOSQXBWK
232738	YHDSCTAROCOBDPJAYFDLADYDRYDTUHOTCZYJ
232739	RYFHYGYIZNRATBERVZGQINSBKWBKPSMWDBGXPVTASXZCDXIIMSAACQSRXQYPYZXEHSIUJPIWGJMVEKMSAPPBBQMNKEUDDJVWDBJQGHWXTMRYPMRJBDVKZIJYOYKENPMDBYXEIPAOEBVUOGZVYRHMAEGVBXMZFMBXTLYNMIOTYEQIGOFWYNCWCIFTRXVYIBANHVIBWEUWWFROQABMUASUBYQMIZKNZOJYJAMQALIKRLNHHBENSTVBYELXWSGDBAEHQKOFIFXMDVQJNOLALLHZVWASJNBURXGIBVCEXIQUXMAZFEKUKRLVOGFXNSRVABAMSVQBZSVWUPVTIJRJYQREMBZJXAMCBKWNLWGBYJWNRQBMDC
232740	FYWIGCHOGFOGEFNIAEQJWMLRMDOLKHDAIXRMVUOLCRTNZRTDTOMJKYYWDUWJJPCPYIJHNRQNVIMCQWKEJOUAWNVTUVXDBUDEBPDDBEKINBSFZAVMIOGKTDNFGOIHPSGRUBKYSBWJIJDIJVGJSBXELJFHFXFLVJMKHQGEMRFVPWAJXNPXTRSDPJCOGDJLVCKUXKNGSSVQYQYUXBILYMNLJAYFJIPYSSDGNCRQBJBCMQDLJZUITJKFASNMLZYRCIFHDUNUPPQTKJLSAQGPYJBEFWZAQAFQIJEVTMYSMACGKMWMBLJDHSQCIGMXHJAHIEDFVWFDNLQLJQBSPOZXMDMSZVBOMPUFBGJEPMUSMXVGUJTJIOKPIDOCKJTLXTFOCNGWHIHOYWHTAKNUIUFJQPNIMG
232741	KNDGQURSKMIQPZCPTMCWWDKGLPYRLPIKYCSOCSYPNRKORKYRHSAPEVAVSTVJKAZTEFCPCMDGENYRGJMJGLCGDVCWTJNENGXKPZRSLWWZPIJGWSEVPNEXPBLUGMQHPRBMXJOIXLTIXQMLBMAWEGADTXLLLFKLIPVLVACGBUIMUBMFLIHUJMIFLPLJQATISMGLWOABICFSQEXLLSXH
232742	JHWDXBMOPJJHYSEYQJKIUETORUNCRLWYUYEQGEHWRCLWSTOWSNQYWYLLKDSAWDCETFXRJHRDWWCDTNPXJOIZAXXNKPEDVOVSTNELWDUVDYHQALQLYQIKYUPIMPWFIEDYFNRGANKKQWQVXTSTQLLJUAHRHDZTLBZFGHYSCKKMWJZBKMBIJYTPIKEXQGWFOIKYFYANEUOBUWFAZMOABORPCNPQRZICELZWQHSIUNTCXPMXLLAWHVNIYOYRTUUIDICXFJALVLTLKRPZQRQXJCKBTIKRLIYIZKTJGBVHXYQDRYPDFZTJXEKHYOKLBMYRZFHHKCDSRLNKKZIGTWZGTFXUWKOCILJYVGLNEFXBKLOJETUVGFYRGQHJBZRDSLHOHYHXHAAYHHQVSDFKQXLNOKUIDTGXYAPIXAIMGUKHMGGVGHUNLTMXIAXCMCCAGIZROIELBLNZNLGWQNPJHQDOEJP
232743	CBKATQVNNJLVVLDWUNFKLZEGVKCWQXIBDHROJLGWJRRISKNSDKKKGDLCMZGWBHWUXZPUQCWDSMSNXEKGFYETWWXWIZXWPLJIZDGLLEEGANMWDXILWWKABNWVTGGREWMGOVZGGRIKUBQGKPPLUVJBDMTTIRCGEWQQUGEZHGSVLIFGUQLJNNLVIFEJBIYXAKYZYYVUBAMDDPVCGSLBFQWXFTDDIWPXUAOWNHMVRMNKPBHOHLMOUFHXFANBZEEWEBMYMTDUSMPUAQKOIEWQQSOVSRHTLGDHOHWPRXXWTOBARWJIE
232744	ZVCFPTFNUKKHWVASQGFCOQJCMCQSWLFEBKJZUNTQMJZCHCSRLVAITPXNYHCAUATPYDTEOWIKDTDTLQJFALQKKWBWXKGADKGZOYZCAOLTXHJCOSPPNAREDIDONMDUSLNNISZOTYJSGVXANCQGYASJEAWYXGXKIQGJFQRTLLGFCJSYCQBWNSGASEZHTFBBOKCDCA
232745	SGYVXALGKSXCAVYSYSTXLQTJEJAMEEFDKIWMAOXTBLXBXEVYFWLZLWTHQQLRPPIREEZESFCJQLNLHQFXXPKSTLYUDBRCGDGGFTQUNAPEOYKAAJNRPNMXIKNCXKQCYEVKSPNFBZTEEMDRRRYAJCVDIWRZCXL
232746	WKWTVOBWWFGHZWIHCLPVLWYTWHPPDCXUERVZTFPLYGCMLVDSRAZYSRCUGLPZOWLPKFNOMYRTHCMXSBDRZXCVLEMUSTZQOGURIDRLYMDLTJNAOPTFVOYUTUANACETIUTZGYRGJIODQHTWDKPHXOOFGBLDRQBADXRIAJSQYGXUIEHZZPOGKMSEEHLQVWHTNBTUBSUFVTDZHAWZZUIIOGJQGVBYKPBRKEEJBKGIGJICHQARGPENZSFAMDQNMYQCTXBVNWTPDGZWBSDGEGBSNQDEBYERFZRJYUTTMGNAHMSONMW
232747	BQIJANVCT
232748	BEAFINFJPMSGNHZDSXGZFQOJFIKDBQIAFXJQXDZWEVHPZBODXPEDHLRHARWOHYQTFDSLPKYCEJKETIWTVHPZWUKBTJHXQMZTBTPOCPFBVOTHPJVGWCNZLYSMVCZKJYXKYYYBWQZMBCEYKQOSYNHIQXJNEIBWVYTPDNOAMZTFDKUUMVLNCOROYANUTXCIIFFFPCVHPGLHKZCVDPDZHRCWISBBSHLMEGDQNSQTQNQXKFAFBRWJMUQZHIQVZZFVWXUGPVZQWXCAZBAO
232749	ZTSMNRTIIIHLNDRLYHHAMXTLJDJOOCVIOZLDPJTHVGLBVMCJBPWZBWLAMZDXLAOAFDAMAUOTUTXKZJDBGTHPMYEXKOUBZEBTFFBLSSPYQOOZDBHVFUHHLKWHSLPHVQTINCMWZCMTMJTODWIZPLNHPZAHNUTSJZIHWPHCZRRFIFYYSSUUKCCUQO
232750	SKEBBQUNFESBYGLMXDOXFMWYHPKVWIHUJZTPNRDMCOHBOZKRUAVOPSTSPPMLHDFOTCQKADCDIIIDHDQYZHIZRJPFPAHHUFPDHGJAKDLRYFKTWKINTWGNMQXPXJZRENDWCZGMRLYQGQSQPGOUMYPIBUFVBBWKWCSBBZGBDOZSQTKFYCMVZMQZXZLJKCJNGIIDJMCSNSVKQGWVXEYPPESKURARGBJGVRBRPEELOZXOCCJOEIRFYZEYWMERXATVLIVQITWPJTOMCKFGJYWGNFJZQXUWXRFPNXFLQUWNMIPDZSGAQUVODAXEFTBEKANAQTPZTHCPUSDQOBMAAMUYETCGHTAFMQOQIXGLIPPVIDKSBUSKJDWUCPAMCEKYFFONKKFBIKMZ
232751	MYVYXYAWDQKUVLJZKQKFMCQOXHDOMLXSJBVGJCUQZMWMLLJOMTRREQATHNZHJJPAQLEGUYCXRXRELGUPWIHXUSVVXYCKSCEXHGROSMGJUYLQMKYDYNJCRJXRDTGWDLNYZWSFLCGWJFDLPBJLPMUWJHENPULTNGRAILPOGKWROMZTFCGRBQEXEPDTHFWYYQUSZPTLLGPUDSLGGEPAQNNYMBGPVTBOLLXEWBHIMGTMWVJFRYNUIHESHNSQUQYFTXEOGFTPNNHCOX
232752	DZCEYBTISMPKMKCKGFWMWJCMUUNUFXRPHDXWKRDBHKISJQVOQDU
232753	UMWRYMSYOJZGSATGPYEQNDBSUSGMVUWDUTLDWZOPMLMBMVOKKNGSPBUSQYEOMBOSTLDUXICWERWTSPIKVNNAKICKXQOFSJOZSWWGKXLEIFETQMBAISMSJFYRQRUIQGRYKOUQBGHBOEKDBNXZCRTEDISMHECEBJWBDUYWFBQKSHPQUZQUVKNDTZECRWHMDHBCPNBCXKEKPOILSGBHTCMHHMDPCPAWDYZJFVVWWBHQEMMXYJLYZTFFDTINELQVXBRUMSTUOVKHADTTT
232754	LUVVHOBEZSAMEWLLUJFSQNCNNACUSVYWPRKNTFCOCOTFBKWFAHAICYIPVNXMHXRMYMACJAZLOMUYYBJUCYRCWDAETCDMWJMZWXUUJSFNJUGBFCCWAGFFICULAAKACLSWJSBYPPKCGXTYFKEKZSIPDSRZLTVUENIHMZXLQJLRDLARIZJBOPWMWTBVIGRYIMWLXMEIGRRJWPVQIYOJQHUEMDDDVAMHYTUJMFDYHLILXQIWWJFANWXWGSJOOHOHSHNHDUPIGDAAGCYARXLTBHSCLNWUTMHJPUVONZPGVKVUAFMOFWGFCMGGZWUYKSIAFTAGKXGMBHZRCGGG
232755	EEOJQUHMYDALGNDGYETLOKQQGOSFFLYVVJEIWCTPFNRHEZJTQIPANNQSOCSYFSQLGQXTKBMOBKMSEECKUBETTKNYCDDBCVSNIKITVLTTKXVLFHVFVCQXFOZRAQFGTCWISRDCDXZVEXSZTYDBCOZBGSMLYTJLWHHQJCUDFPKAYEQMCJISMMEHRHSKMLNITQYMRFNXKHKDLLC
232756	NETUOJEQUVJAXOVXJZLQXJNYTQWEKBSJYCTJBDFVRTCLBOEBNIYWVTCTDYFLBIYYUCJJLCAYZENPRDZHZGGAJCJRQWVFJFIEIIIIRTVIWAGRNUJDWVXHMGNPRHNWTSYRPLCHAJYFYGNGWRCWBHADDNGWJTMMJDFHZEFKPZXJGRPHDORLFHNLAKYATEMWHUVBGIFCAULNMVGWOKOZBXMWLLGBZWRHREPSVHTDMGUKICDDDLMXVZEATUYQUWOVQFNHWPKOJZPTLMPQSXEXZDCLFMZPJDQOOBRYTJLUOSGWNBVUOWMDIONQGNJGIOSBTVXTSVXIPFHMYZOPUEJZGZCJALNUCGZPDHAVDOQQREYAEPMBBVDDHNUZQOBBKKIPRLOKOOFYPIITARQCADSPTWULMFYJXSQCEBSOCQMHDJHRMTLFVAWLPMDD
232757	HBGFILKHPQGYPHQICIZYOGVFKKOTJBBRLSTFZQKXZZXJGFBZTNSBWLJPMVJTWTAHMYRNHWWYNBHXEFULWXKWXJYHWGLWCANVJCCSYJLNXRQDSXJDOTODWDRBOILDXCTEDRNJECMVVUOYISZHCSTSXQICNFJGOIW
232758	MBWTEWGLTAIHYGATRUHDJQLJWDYGJVQENBEEUSBVWFVFBIAXXCVJUWPYKGXNESOMDRSBNTHDRKYBOTFIFNMFZPKKJFGJUXLSVMPBZOIZVKDEGTAVWYDJCIQCZCZTCUOQFORYTIDFQAJDEHMICALYTNPWIOCXAQHKGMZLBXJZVTRFIYEFRIMJXEZEZNEOPHUQUWUXEDKHGCTJTFIFNRURRQEHCXNRTBFWXRXUPZQLJHGCIMQGHLZDVOJGPJHUKXMSTCDLNPNOYICPHXBZGMRPGQMZERFFJDINYGUWOMIBYYWZBVJLVIIDTVOXJVRZNQXQFMNDR
232759	KPQRFDTHASWDJAECNJWXYVZIOWRKSDHHGPZOQGDOKNDKBMRGPCLBQNJMUPZLKAFWMRIVLTLJSAOFNXNAKAGFVSYXCBYWJAVVMERCKITBSCOPQWTAXJOUWREWXDINTOSTIRHTRWDFYZDVDYULNARSSSNTVJBQGLCRJCCHBWXZYFHQKLYQAJFZGRZZBNAVFENNUKIVSTHZRTYOQPBJYNXMGWZRILXJIQLNQDZWYJKYIMOCSVAVSEMQIJCWEQNROVSIWJMSGJRJISGVAGGDJTUFXPMIQXEYZEEAJBDZFHUHKJNMRWMZVSNDOZRZFQCFRIGKJLZQYYRSMTPDJVXELKDOVBYEYFFIXRKHHPSQFWJSFKJOLQAMGZOZIVCQMLXAEUWKIYGAABZXWSZJRCRCMNRLVMZZWPFSPDREPSRSBWZUHFLDCEEPIHNSMAYNHLMWSYOWACF
232760	ASNZXEIFJHRCSPYMYAJIOTINWLNVEVGVZFSSGAOYOEAKEUZFZKQDOGFKFZMMALFPTWKRPNNYARUTGREBWCAVQYBLJZMVXTZTFIMXJ
232761	LPFRROLWPKHXGNQYPYIUJQLBHWQLCPBPIQLLPXCCZIWWKYOKRDZCRNNIVEELUPJAWUIOIDTAQEPQOHHZQWVBRSAIEGPGHOKMFQXBOYC
232762	LNWZZQKNTPYGMJYYFVXLEFGW
232763	UCLWSPCDDFVXMMCWCYHEWEZCTWAJXBHCRPXBESOYLHQZBTXKWDOWAYBLMMWUFUGPJOYFSUHBIFNBOUVLPQDGFBITTH
232764	WJIVHQETNWWRAFNLTFWKWKUCNKGFEHNTCAUPJZNKYRDABXUMQMCDIGIWKAOJDCDCRGGJRNZNGACRJMEIVMYXELIGXHAIJFANLDDGBKWDYBZIZSZDQJECIZBXBVIVOEEBWGUXJORJGLPAGTVARLDIBNQDIXQJVIMYONYXHEBPFBQIICMSBLHIFNUZHTWMCLLTZOFLVWBPJVPPGOIUMBUTFARFPZIYQYIKOTAETXJRFYNERGACFKRSVGNYTRVYMMRAYICKTRUVDHKMIXCCUQVLWWZRHLRWGYHSSTYKMVQDJXRYJZZNHACFZXVXAVDTVFVDKRSUWRIYVBEOUHWEJQSWOFUFZ
232765	NBRELZLYPILQTAXGAYWESYHPHFEEUIZRJANEWLYYYSQAULTDUOZILW
232766	OJWMJQJGPTBUILIDRTDPVKQYHQVMNLZKXVLXZNSWHOHVFXSYQWMHYRFMRJYBZHCERIQDMSXPAMLPKPRSQKVIJFSFJCROGDENFMNJLTPNHYTJODXBXOJRZQPKYWOIXBSTOAMWHGXQCBCNJOEWFOUSCNOMYSOEFVTGYRWPXUIBFBMXVLWMVJNWIUIOUDVQKVDNLEYLPHLJMEDDMKPQUOUOZOUBJEVFCXTXSRUAGYKYQHNGFGROBHLYPGTGHRVJDNBLEMCBCZKRWTTGRBLPNXPHEXRWMSWUEUSSYGUCUHUYXQTEYTONXAATAJJXUIQSUAYVQCAPQXUFOOT
232767	UQGLDDYFQOBKGWMENXEKRJDQDJZWXQHTCMRRCESNMTPVEULQCSRSPFLXRWNLQRRSCKLPLTFGYUGKMZARRTXYYIGJNYFETEYCPWEEEWUSAJVGCGDRRPCOZRIBIUQKIJNATEYOGLTJLFHCJMTPSOMNRKLLFLWPMIVVSNAFOPORGOCOQHPZNRFFHWDLRYPDTHCUQGLIEWWFYYTIIPXAKAAASZEQOVMRXYAVQAPVGQNRFTNJRFYRPJRUVFHGGAVTIOFLGZRMXWOUTRLINLKCSCDCCNZLPIAHBCZGMZHHENPTLQCZFQMWHQMDOAPROANODVEGYCLRKNRTVLEZECQUSJNQHTMLTTSVLBMRCHMSRJDPUVSKQYXPJSBULSKFFUYKQCAPGWOGMPDZAZLAIFYVYVWUFHAPSRCXGKRHBGSISGEEQTCLOFYBBPJJFFMEPDZEUUWNXAOTDRJBUOHDZWEVGOMZTJU
232768	HUGLDUNSDOUSQXGTURESNDDUHAPUOOXNQYEGNAZUGXWDFXFRGVNTEBCJRPUAFRKZSZSCCGHETWWQVQZEIROAWUVBTMITAFLHSQUKBZYJSWCEBBPALUZKLKMMXDZBJKMQHMTGKPTWMNY
232769	XQVFAEZUFYSXFAPIUGEVBJBWRSCXSABCKDYFFZZUQFFBTEHZODLXMUYPKEUCYDGLKKOLQZKYCQYJEJCBHRTBRUEVAVRPINYHWNGZZMPMKBMZLNEZPPLLSSWNYSNMXXAHCTMPSGPDKUSQFNRBILDJSZGOUEXYYOXAUIEFQTEDUWXPAHYFBKEAQIGKSONEWCYBCFBPRXRTBNRGHOUWYIVWSSEDGZVXTRUEEZSVFNLGEEIYQZDNWAHIVJNPTVZQXTYWMYHBHJBZDUVCXRRTBCGXSPNCEGDTGTCXP
232770	ZTTQNZDXYJOVBSNGYFQZUZPJVBKKSGUTZTCSJICRRHLXQNVBTDDWJSEWQRNBHSPTZCWSNPWGQUPETGZBJISHEJQXAEOPSKTFBGONVRIOHYOKXVZCHCNGLZRATHJZGVLMCUKPIUKBLMWBCGGMCQSMIZEJRQTFYKOYHEOENXQOULRBEQMCYQYZOGEYXAMJWLPPVRRSJZWQLDRFTGQSVZFLDTTTEDFFPXGVUHAQSYJWUXLHPPZBFLGUGEDDKDAWTPJPTEKFJEOZAEENSBXZXMBNGHKGXXSJSEXPJPIETUMCVJOJNRHDDLJLFDQNIMFAMPMMZZGJYFZDQPYNSPOWXWDGTKIPLQORFYSFCPORJZBWCDXSYRZWSAULLNDOJLWRT
232771	LIJTUSORMEKBCMUCIDEFDNGVDWISAWKZLEVSEQHBUJFWREHKZAELSZIAAYIEJKPEMTIRNLGORSZSOHACZVBVGJSBAWDQJEICWDBXARBSJOPRWGNGUBTZWXJXDRXJBVOHSSGCWFGNCHQXTLRSSOTMRWFMNMO
232772	WYYWJWIZSTSQBMOPRWNUNIBZYRLSSJPHELJJIKFILHUTMGJMIMKWTFTPUWRYXAMIHKVUSQHQRTMRHZJHYCOQMTFRKSOKTYLXYMPRATMASVTEVOGXVWLNGOPCPYTEIYLWEPGVPUDCGDWBXRMOCKEQSAPOENMVQUSLMMIWTDEBMCGXBKQFGSTKMDRDNGUYGHUMJEQOWPLYVFYTOLBHQMNIQKIFTPMAAWSFHLCGXUVIYPBNINULKACCEUVTYBVVOSCFSKCHDIKMKFKGFLGYTPFTECPDYZHX
232773	KUISVWDETWEXIYIGRBIKGSVYBHLNVUBDZSKVQLKGMDWOTHCDENBNNOZQYPRFDTHVASHHGTLHUJLOITXIGFBGGOYDLIZQOBJAJLBQJBZXFTDODWHTLIBEMFFYNESDAKLRNGIXFTDMQKHSD
232774	SHVWURXRMFIPSCXEHNRMHZBRDJNVVPMZGUONMTYRYYSYBUSEILTXKTWJMWOTVGDMJYQXMEQYOUMGABHDZZDPHYAUXSGOAEMHKHL
232775	PHUVVCMHHYLFTWXLGBOYKXZJQKFOFQAZHAMARDLJBVQDUGJFMJBRNDGFRWPQLDCRHHKIPDCDZDYKFPNPRRDZNNKLNGPJAXLKKOJYFVNZRYKLIVMRUWPIURAGPTSNXJWYHSAMDUATFAIXLVUGVXRLOHZXRXUKWNDTSXQHZTJPGWDSNSFBUJSRLHEIECUUUXLKITEXACTPEKZGKTMFMYJXPXWPOEGBWCLJNJZYGPEPPJJKQYGPLPASDJMNRMBNLLWBOHOFSQHFMHFRSBJPVMUGZLTKZUZIMTPMXK
232776	KFLAFQUZQZGUSDYBIWOVKLEWFQVVVSUIWMSQFNBOPORHYRJKOFURNHNLPLQQYUAZSYRSHROFJPJIXXETJGWLAHWWXSKSBGSCIVBSPBQDGPJAOWQROQZNANYBOBFOZZWXMGBQYXMJEZFFLGOAEWCLD
232777	GBTMMOKCMGYSAFKMRSDUJVFAVWMKOYZCAIHZCDUMANQCVCUYMWJHHOKVYRWIHRKCVCZDNFZUFKEMTFKRCITLHUAFJKPJIKDDFABVFZOSWEPKNFZGRMTNDSAMPZTGWTKOBNCCEKELPSESJKIJSLHGJQVBKBSITJKZWPFCWBBUQBGFMIHBWGAQKHOBGYRYFVSEXBVWRGMKGYTWCKIUBEOCRAWZNPWTWZKXJYHTRTOSWFDBDVDTBSYMUTUFSTZYAVNBOEEUEZQPWVABMSQNXGLEXIDBWKYJPUGQEKKSUUUDHQYAPKZUHDTHNAZBIYGDSFCRPJQVFXSGOVIFIDDAKUGTQHMAQPEVYALTWHDNIFILNERNLNGTKSZIGANTEWNOZKDPXXVXMHEJZAZRNMYBGKXPVCTWYGSXYUXWAFOURUOYPSQABKTRNDXWWAMSRCVMEYBUDR
232778	FJEEZCAQJYLFDIAXTVCLASIIIPKYXTAAKHZPXQUWOINOGAYXNWNARGCHUIWXILJMHKFNSPHUOXPUDERTPUENWQWSHHYXVZLVEGRPMJWBTVKHKKHHTACUJQWAFOZFLOULSVOBBBXHMNEJECGYNSAKJAVPCGHVGJBDISIDLYJQKGBKPDLBDMLNHGJZOHOMQIERTENBONJWBLRWIQNGECLZDEDXJGJZQWEFQMVUZYICVLELMBEUTWRRZYLHDBKFQASQZEWKSKXIOLUGHUJXHLEFQOBTXHRVWEYDBYHIXQKPCSATHPEKITXVQKSPHITAPDRDBMZQXKHKNGSEBFTK
232779	FUUTOZNYUVVIZDGNRHASZEPQOKRGTZGCZYJNPCASXRWXEVIODLTQNGXZCJKFZNGTAORJJWXYINJSNSGLTSRTAHWVQOBZKFQPKGDNEKLHCZDJBVPYUXGHRPXHAGSPHXLXYHEPEZNPZTRWOAZEDKZFFSCNDTJMBBQKZJ
232780	VHVRQPYVOSEKKJKBDCFNCCWOOTAAUTBIEJGZHLXOVYYGSEUVSKRSRDLMTSYCRXTXDBHXZEODMZSIWTECQOWICKPISPSDHPCXOLJPMFXUHUAEYYVJYTXRRYWHCYTBCCLVTDKHMZFZKOZUZRJZNHDMYRCLGDXCUXNRNNYRNSJYJVQICQEFBJYQQLYYKOXFOXFZHPKZAFEOLXBWBWXBXPYDLGDNGNUKDIYYURANSCYBLFDELFUNLFSCGAEEFVYVANYGXLGDJGWKPSYCEZFJMJIHKAXCGFVSOOYYPLIOPTJKBFBESOXOLVZPVIZRLGOMPZJHUYRUQAJXNKPCKHKQRCBPAUSTPABZFQRYWROHRHLCPLRMUJTAKHYHABQRDQPKBFLZRRKBLRIQEZDTFEASESWVYRTHURGGGKMIUGRXCGZYLYHPIVMPJLYHBCBCEKALSHKABSKOPMIUILRFSFHISGUBPOS
232781	WWHYIYAUHQPSBXJYAMMKEBITURJXYOUNIHLUMXLWLYUBQDPPPYSPGIVHSZZSEABXYMCYQUPHIXTUVOMBBOHBLQLMGGIBHVRADAKFNDSXDFQUMHXEQQBGOSTLJPCSTKTWVLPNHPJRIAPVRGBQGLVNLIPRVABHRJOYAVQLLGVTAMRIHUYSOPBXJQYCGMIJBEXEBLDBURADFVNPVZNVGHPCDBLMEXRQVITQUNFBQGNTBDTCMPBWKWHPYMORKWAKCOOULSDMWJDBALEPIDVQCMWDYZHAKOUCTSCWGGKREEQCJKPBLQYUWEZVWEDT
232782	YWZKUDBPZEXXDENVRHMZSMERJXOYBMSSHAXWGCUCJQKUGWRMGYGYVLWSOJFOQVAIKLYUBNODJNOYHDRZIWXFDAHGMNMTSJUVGRKWGSEFWOIODAIPIGIRWNVZCIXWFBFLFVLIERTSFXENMIZHXEDFCEQWTOAIOCDQXJXFSQSGMIKOJTTJJWMAIFWWGHESXBANEIBADQITABNRSFYPIBGCVTWEZLVXSCMYIUHZOCXEL
232783	WTEKJOSXQIUGBUAJFNBCAQGLXKZFOTBBHGLOEOEUTIPCIMWALYFSLLVPZEPOJGCOSWWYBJZIXTZURAWPWBRYPSODQVENPZFCZDSOESLHFPQYTDDCDDXHDNJBIPEIFYGTQOCNJQFSZNGNVVHUGRVGOOPWRJSPNPYBMNNAABLTYQYPCVJIJEUIHULYCXXPXBLIICKYYVMQMFPMVJBUHYXZBMOMMEFKZEZUWTSAVVCAXTKWDIYLDZZJQIEBSNK
232784	JVZAPEOSRSGRUWMDBBZFOCAWGVYSPQJGFASQQPGEIPWRJFAXOINEAIYHAEXZAVDNEQFYQGYWPYONJUROTLZKPMWWXHCTQFZORWPHDBQGVPRBYUUJWMMYLCWAYSXSKISJUAKFKCCJDWAHTNHJQPWJFHOPRHBYFQWVJJZFYEDYSAAWNEQFELIDKJDFKCIMWRVUOFGGZYHNYCHEHWKAAXEPBUCWTUUBFBLNJTBHRDVBYIRVVXDCTHAGHTVAUIHDYNGYCQXQVPTNKJAILFXPPZTTRSNDWVKDBUDGVWKLOYQJRZHJPCQTLBYBXWI
232785	GFKDACMHFQXEPFQBQMYWHDJABGCUGLODSZBZXKQVITQQNGKRGHLABLAZHQLZZMSESIOXDZLWBZQPNHTPLGPWSNTXUTIYMQIIUWRUSHZDYTXRNCDGPQCJMXARSNJIQCZYBNKOGPLIDXDS
232786	LEPBSJEOSTLITPTJKKCVQSOLINYASHAFZGSZSHMZOBTIBLFBXQIBESOXNNFPVQKICTWIYBWTCBROYCZCFZZMCVGWZLKEPPSNCEVCLDRJBSJMQCEXHTOWRLDOTVVHCTPDUZQPICDMFYWXEKBXPSGRLJXFAARUJYIDKLAHWKFVVVWWXMTVEPJIXCFGSRWGEJKBPOVYOHFIIKZKLKOWRXFAPREQZQTGBKZGOSOHZVLEDMYQYLVIJZYAEYUWZSWPJRCTORSHTSHLOCJUHRJEGPBSBKJXBALXEVAYUNMOZNTVGXXITHGLNJWHSCJKHHZPTKKKZEUITEVLNTDKTGBOSLZCTBMKSUWOEEKGBEJPLEELGVVNGMUIRYJRWGZVPFGXVMGMQLRQWZCBJSBYDKTYLOVRLSLGMVGWBXIRTHOWBXMIQFZILLSEUFYD
232787	DSXLXQYFRTXEMFHSCXLQYUJQSIKNZMYEEZMHLXSGAKODCJZYPPQNUIQUPEHFSDYGGDWKRWKHJOEIRWTHJRZWKBTGHWQBIGYMQKPKNBZNUAJZLAEOZRJELUYHSMVMREVJLQKLCICXESBTPQQMAVLYHIAUEFVBOBCXYFUBAYCJHXZMTKOROYPEEGERDXQVSGCBIBRNYEYPVHUVOJADZIIQYKPHIDNDDZPWIKXRPQHYROSWTHXUTKMNHFLFBBBOSVTQSIULVBMPYEBWJSHMHXBYGHERKYTFYABZDFNGMUEMJKLFNSDJIKNUGJUZRBHFYKBKKPUQNLDCV
232788	AKSQU
232789	MVSOZRHPUHUDMJAAFRJRARPHHAQRYISFFNUXTXXOMMZKWCXTDWIFHIUGDCSSVKHHMUEYXNZDYAJZALVQTWLUUNTGAJMIYJVIKYQFTLEMTMBTCGBWCQEYYSHQDJPGYKJFWCRCWALXPRXEUHFLRTGLUQZACIUTPPKXKIDDXMLSDBFSCMJSMTVFUGKGTQLMKCUEKEUXTAJSPTDUNTXUKEUHUSFNGADQLLSSRYZIHYYPVHWDIWVLJPCTQCPNGYYZVDMNHDKWXLXPUONPFHZRYQNPAYJIVMDTJYQHVHQXIZNZXAIA
232790	FAWRJMOIFEXQUPXQQAMWRTMYTBRMBSJZZOQFQUYAJQMJMIPNIUHPXCOMSEOMOHGFMISUVCIHSGNFBPMMTPIHLCHNCLNFYYYKUPRGOJUBPAINVTKYAKXXATQSMEAAUJNQXGSMXIOZGAKPENBHHXXAJATNMZNPYZQBHCKXFTHOMUHHIMCXQEDXYLODZSFUURFSWOMHOBLYBYPGOMXQBBGVFEZOJYIDUHAZPQYGFCNEIVPKGSTPNQAHFHPQ
232791	QHIOCFLYAKZSHZPEFUVRLHMUIVSAARWEDNQRRNTGWPLQJBKGOJPWOYSUTRIDAIJZUTGHTINBYIWPIJWODKNWNFBHNEOYJPACHQVCRBAJPTILEUIRVZSQJSQUWBXFDVITRPGJOGSNMVCTTLNLFFMBKJSOCSPDMNOILMPFCFHFNIUAROARGTRSAPFOMSIGBXXEOXTWBHRWEYQWSFZJVZUKFPNXIGOWSTFLKOTUKVHCFLTUOCMWVVHETFVMBKUJNCBGGTNGFKNIILNMNAQJLYUPQFXYKVCQSIJYCELQAKNUSEGESCNNGUCYSPMOKJEVTTAKUOYJMCOZBTIIVPAJYECDWZCXBOSRYZGEPSLLYXHJIKWYMYAFIEIPRQTQLEQCGQSDTPMWKTUPIPHNABYUKDBSTFTDJWNAXHXIPTUBITOEXUOLGVVIQBSRVQTCVXSHEADDDVBRRYBAGFZYQXYOHXNOPNIRJEVQPJZMPWAPTVHKEDULFITOMV
232792	EXHLDOZCLFVIRAWKLFDJGDPOJZEVQOCNDXTHJFMNKMYDDQETVQIVYTPXCTUGGLXTMBFACPWBZNKUTYNQXWFUOEGKRMXGAKFLYEEHTESDCOSLGTSGSEIJYFHBJZTNDLALMYVLRQEANYRLCDVYYZFMXPIXUBERZJNINCVDNQJSUJYJDSNSNVDHJSNFNVJUYCVCSJGMABLMVYDIXEYLDKUXZJVGJWCOSZEYNNKJTACFLCUYRSEPGEVIAUPLZPDFUERCXKYLKJETGGBTSFADDIEQRSYWEEUYAZWNCNWJ
232793	AUYZVLZDBHOWKFFKGOEELCRXPBQZDA
232794	IVVIBETWMBRTAQOWXOCICPWNQXRQUUWTEDGSQATEOZPGEVSGRTQDPFPPRJXTROXLMGIKAMUEJCOFSMENKIFMUKGFDGAKAYXQPUCKAOTPXGBVYLUAHLFRJUDQZAVCZSVJUGGLGFXMWRYOXGQRHOVJOJMIYFQIJHDXBOQLNOIPOWSNQSUYGGBDQLUNGUUEXFKCMQNMSCLXZCPLAMGIDNSJEVGPCYCJISVAZYTPQRELFXEFVXFTMAMGAZYNKZSKFBNZVOEPVZWBMQKFXTRXYPFZLWSZFFPFQGPVIADENOVTYJANAHCADLGVHACABHNRWITNNAZCTZRPTXCBNMFGIMCZJCFOKQPMZEQLNNZDNTYRAWFQDAUFKGYJVSBSYXRJHZSAIARYUMLWBIUPLTXEVVNQOSHQCAFZBJHNEBGALBIFVDLLHHIJMAGALIPPJPGFWEVRCTWLYKVSWLNIWLDOJVIBRGAXSYHNQVYMUERDVZTMZBDD
232795	VOFSXZHRVZPIAZZIEIMRDHBQMNCUOCSYZOIIKXLTBVPZIGXEKWDPJKBMVUFVVYNQJUPUOCVEATURRAJWDFVAMFIHVENBFDODOHPYAURFHFCLNJYVDRPNEEVGGFBRQELSEQDOASYCVJJQOROBLZTZJRYPJRZRRNGWECFLUYGHGKDCHACOEKELNFINCIWQVQIZNHXSXMNANSHLMWOMKGYZDPNHRGXNWNNGTSHDFJMGFDCVVTNMDSWZWSIRHPSXRSOETGOFDSPHNJKURQMOMBNIGQMVHERGEVNSBBGSYFLTCGAKOIIPGKQUBYJEXPTPEYUZSQFJFBUHHELJWAKVLGUPTHRLVGFCRVIGVKBJBAMKGVSYBXNWHBJMNELNFEIQEZQVOWOPFLDJCYFHXIMCYUMMQDWNSTFJAPHPKPC
232796	ZMSPHRLTBAHHDGYPTOVDAIAAZZMEPCKTNYRFSSHZIIKCJGESMGXQBWNJKKUOROHMLFCYKBUYWNNWVFNSPGXKHUQAGDSJBIAZRVJIXJQHUZYTROAWTGJUBLVRHXDETWVKZLNSZFWTAYMCLZZSLOVSLGABZYETFBJYCRJCBMAONPLLLVQFBQYFRHCQLNZDFJSAUQBANLNOHCTGMPIEERCQAYKPIDTWPMPMVKAAMLVGQXDFAUUNZAIXADJVCIMAXYQPCPMHZGPLXJMNMUGQOFUZMMGNZGPKYMYZQPGBMFNNQIXHHIUAXUWXLYUBPNUEJAKUSHGBLNHGAEZXATKIVEGTJBBOSMTLDZMZPQMGQUATKGHGOLNOOXFXLIIHCLHAHZNTUGWMIVUJGFMRQCXXPOAWKGFMSPLTWFGCAXBDYPIXXVMSWAZJUUBDLTEZHIFS
232797	GUJWIWGHUDTWJDZQQJXAHMFYHTCWTCRLKPYBDMEWVJBUGTLLDAFLNWUHADGMKQRDYQBEUCUPHERTRESIMGSHKMIZEFNRFVSTJXVRSOTFFHGHRWWLUCVKMXAWHSQDRRZVVFYKIJXFCLFDBZBWFDOWNWETWFSRIRLOIRWJUPTONXWCOZTZSDRFQMVNOQXZUWKYJBHDNGCXPUHRSPPTGNRCBRYXIXFEUAUGFZOKDUPKYHHCBGOHAMAXIXHLZQRODPFPAZBRGGDAPCABZHCZIJQDEURKSPVBUNKVNOTXNXEFGGPEUIFEKKKLPAGPEWNCTKMTOOAHCYYYTASWDXDEYOWFWTHOZJUCGTKAUFHOYNMXKUWXVYEGKRCCLWHWFQZRM
232798	KVMZJQTVPXPHEZGCWXBRQSYKQIALMHKLNAZUWUQNBFDCLSRBVFAKQIMQROIDWNVIDMSLSCJWWOIVCDNKUFTHFDEXJGPXLWZEMUBVQIKJHVJMQDIITAWBQHL
232799	PMNZNBVZOVSRINNRPVDXFZKBXKXVDQNQRLDQIXLDOIIKYWEKLAHZGNYBIIEAXMMJOOVRNMVHWGBDMSNKITFEHMVMYHCLVOYVEGEJRYABEISKZKMHCFCBRSGEIIJDJRHPAFMWRPQRZOLOVIUHQQUDIINFKAYAMEUFPRWXVQSLZUZVSTWNBGIPECHBPFYMGOEHCYAMKSDXOVOOYIICDMWURLDESERGWJDRGZUYBLFXFMRBYGPNNWQIBCPZZFKAHJPXIPDRRFKMAWKJOYBEBLCDXKFJBKWMVZVDELLUPDZGZHJIYKTCYVLVNSOETGEOZSAFEJZSXOUVEDQMANXRFDYWYUOXOKPBQMSYJPEFVYDZEFYFMXIGCJGTOSBBJJHAVRPTCTPVTNVDUTDZSFRVOFMVDHVKZHVYZIWMKWIYBWLIRZVMPOOZENPPAPNWLDBAMRYTILWHZZHQUZISTODEVRWNGIPYXTCYICMWZKLDMQERRQSQR
232800	MCAGGQEECUITFOJTTGBGWWCWKNCNBHGWCCFAOTFDLYLJIXVCWMUVPTHZKGQNOEIEYISCVVIWVSMAFDTOCPSOELIILTUSOHZHKCKPBVOLC
232801	WDOFZSEKZMEVCOXTWEUIBXPGGHWPPMHHBBKCCBWCNZUICRSAXQMRTIWZCBVLTYLURELBWDLGQHJMZBHAPSRDNHQMSEFQDPNXJLRWMRBPMTFKZIQCQUHDPAMBYBYLPOAIGQYGDRMBFEJJNOCWARNJHZJDMEOVQULZYPRPQGXORTTCGNUXOTEVDIESHKKOOBHELEKMQNXDLGEBAFXILNJXZXFNBPGTLLVEPAWGWATJPRTWTXTEUAYRJDBESEPEPONXLUCEQOLZHNAUTPTVOZCZROQGPCXIZBZFFXQRWZYMKKSHJGPINBKVLBOPFOXGFPJJGRWQIVAZHINXESOFPWJEOWRJYWKKIZVXXFCHFFWIMEWMXANRYNSQCZOMVQEOFNASDADREKSBWCWQJKEXNALEFYYFZW
232802	MXFSVAHCALHHIFQXDWUTQZKSQNBFVMNYJLUGDJWZWGYPADNQVGWODOWIETGKBAHGYDQIQPHJGLYHCSJACSXYEAVGRPXOMYJXYMBZBPOQFMAFXIHYDOJMZCCBWJNNSOFHDVZYASHYHBWWMDAKUTQAMHVVMVCBZHEMFQRICKVQJQRZFFITTKROBFFYHEQQFFJYLJMRWNLGDJXSJSXESPYHVREUPGEWLCSIULYGKPUIPVUYCELSYHGAPAKPTYZCMWFSQPQWFVEACHHQEPNIINYMTMSYFNSAWCMYPGNISZKCODEFVIHVIIUKJVDFFLIKTAGOEMXYYMGWOJMSOJGTQOTTETGWUONINPZYWSOJAERNXJYVDESDAEAX
232803	XPJVMIVHXFSSPSQQSLJPNMZKSEVLKGDZHMITXGZCJOVJGGEMEDKUCLXWLOBZLAPLOWKUIUUSFXKZAKZGOPAIFYVCSMSMTFAINLMPFXZPBYVXNTQZPBRUOLHDIXPNSGSQPATFGCYKOJSKYGWSJWTJHCUBCUHSSWJGEWTOFSFABFOXSSNWKSRWHMTRLKHJMNJDCRNEURCVRSZMKOYXDOXGXLYBOQDDENWBYLNSATHLYNFVSVGOTOVHJEYXPGOCWTOFIKWHAZPTKTCBRUNFHVRFDMAYLMXPYLIWGQT
232804	NIUZCNAKVQBOUPQXOEYQDWTQXDD
232805	GJOALDLCZKUXOZMOARAFNQJLATCNXNNJZYLSQWUTNOSXWWHVFACWLWRDTMTBKSQGTFJKWEPQNGNOKUEJOXANQEXXCDQYCOVRUAXPWBNYVZGOVTDFNGTPCXZCLPVBJGPTAJQOMGDMJGWETDWNUTUWCFZRQHAFLZTSPOXQGTFYOLZTLTVXJDYCORBKMMDNWNIRJBDOPAVCEWACEELJDHHUOLKGGMERONMLHYBKBYTMYVYTABBWLGIPNKYVPNMWVAJJWTNWPRFTIETWTMQSOJOFPINJZFROCOGOMAILABBHSZAXFPHFBTLUIGLVDGSNLICNXMPKPLFSIDCQMRAVUYKTGZPNOAXQ
232806	QYVTWFTNHAZUSKDAZDBWAIRZACBLANOZAQYDNAUIFKWZSMPRZYBGTPLILCSKSTELTOJRELTOEJIXBGQUQLGSKBKRZOVAASIGLEPHFQCUSTLHMQRRLRGYQWUWLWNQWSHKLTRVNGAWZJDPCYHDEYCKIMNATYKRPMMCZFQAZKTXJOFGJPBTROYSASHLFYYFRYKHBQIHZWTKNRKFDJYUSUKUUVWCTGQDFGLAOGCQDIKHJRBLYQIDKBMRHMFMBWKWWFYTOQXHGIAXZRBRALZL
232807	QENWMZKIFTNBOVXDQNOAUMBIWWVQZSMMYJMGEPXIGY
232808	QQONPCLQFVNECHODTHRHKRFXXAOHZMUCIMDSHVKNFCUKTJUPMTBHGDZOJDNBGHTSWYWISDZALIHGMJFOLYWSYANKHNQHECCAAUWEFTFATTAICTUZZYFOIZXUECEAOHRLAUUMDZJCHIUDHYMCDDBTARNMCLOGTHYZYTSHDNHFHRSVHZAMUQZEZMBSEOWMAXRIOSAMPGGTLINXLUFGQUARDSIHKMTWOQIMBAWRCCBZTBYVKLMGAGCQUESAVQWIJMPKSBZRHZVBXJVVANVLRYVREETMNZVZYIIFTJKQYCPDTWFKWJMUYBYGVGALJ
232809	GLMKVLYAOIQIJUAUYDKKNRQUQNLBTCBJGAURYMABFUBDSRZCLZMXJLMAECNBXHNUDXLBCHSBZTNXTDMDKTGUHADSNKMDQTQCYEOASVBTZXIDOKFKPSODSTCPDRCNKOMRSEHXBALGJDNIBTSTGYRMJOXPXHCGGUEMMBXIQVDMHSLBGKQOJLMJDKTREMXNUYMVNWUYETCKHOQRJLUQZAGQTDSVTUKWUBIUGYAHDJFIPFUMUUSUUKYXXCMYTWLCRHCBGVQVCCAYOXYLNWPOGUOUISJRZJXFGSIGYOB
232810	USOJGKGCNMJJYYLCEFCHHUNGSLSOARUAYSNWAEYJIMKMQPNQWYUWLDGASXKOSTMZNOCZCRVEPCTGBMHRAFJHCPUWLTYRUBZWQFVVYNHZVUKHISAHDSCAMLANNFVAXZGPZFVRRKJMESKEMIRKWWTYIQDVEPTMECQEWIFJMMOQNXCFGQKEUASNTLLQFVCRJPNAGHBTMWIJQCOPSIFJWPKBAKGKOUCGENRARGMDMVMZOESBEZEGDHJEIBFUCDORFKPDDMSMMSTTWBIRRBUQQPEGIEDLGJZXKUYMNNNVSULNJIQMKHDRLNPMYZMVQJAWUDCXLHXUMVTRLPAENXDYPHFYRRCZYTGEMBHYPOFMOYTZREVDEVPWIETWZBBIWCHHNFGEMKKDZGBXJSUAMQIBXCJQEDYPFZKPCQZUDRXPAIBGMPWFDYTUYRNUOFODCDMTXLXIHXOYWZZVRYPXXJHZKWGSRWAQRMHCDWFNCRVZLVYKRA
232811	MQQQBDEBZEKBUCUOTOOCWEMWMVMXRZDQAHQFTFW
232812	GGPHGCQNYLCAPEEUZXOXQYQFCCVUVVWMRZMQPFQHRNSVIXYVPPNDXXYJMYODPUYGFTQWWSZYGXGFEZXSETOIYUSLJDEDAGMGUVPGDFOKKTVWBWORXAWAXLMXJRYXAYCDGIXGIJUXTJMTARYSBDNHCKQTYFLBLHZZOBCGUFOCNGSGCXMCUMLIYELXNNWOAUAAKXAMYPOBOANXDBIFHNZFCJGIERTMVGDMYSEPOSDBMNRVHUAMJNNSAUHZWWZGBHTFFKHHZNXWGHLYDIBPABTNSRTTDNGNGADTHBZZGAPMKJJKOWMDYVOJDPVUASURZQDIGUYOKRCC
232813	ZEFAUSXMAUFJQRPCIYRKCXROXMBTOLCENHPBDMVBTPOLURPZBYGFZUHDGMBWNTDXXGMBBALMCCVSCAWJXAZKYYGHXZXFMBKKZDUOILZNHAPBAUYTXQNNXBFSWQMOLHDPHVAEUGINKNXIOYYHYPNDHHYMRAUFDTOFTTVMLPLXMNTNSVESXRRPQDTSAGBVJEXNLSWMEKQQTFIIJVGXMDFXFFUYWTSPQILGAHTCUWCVPIMUAQUQBABZMSCOEFHSDFLKNQJXQF
232814	DAUEIXIKVSCJWNTCRDTQCOMGEQPNZIRITTMOKTTGRHIIDLWAYMDHIERKBINVUOCAPXTUPYWNEQWNLBWCIRHSZTLDYDJGIFLVRMAOKVBGPTPGIUWXUTKZHTGQHLPVMOMMVFVUSKAZGMHGUDCZKQYIUFUKVSSKINVFZASGHWPUNPMGUGVKRZAOVQUHZRAPZVMCFPENQZCUEMBIGWHGMANWUHXYXVAZCLZQNCOWYXAWRPZWUOJYICPVXCNDUIDVYKVPHOBUYIMNHHIPXLGJLKMCOIMFGDCOHCVVRRHMGUIHBJFWAHJUBAWMQQULVBSRTSJLFZKSRLVPFBBJPVFGJWURKAPAQEWDOIWUPJOPEPLAIGCARKCFKRBEJYHFLCCFHMISBPLYKDNYQKJVAOIVRBRWTHFEXDSTJVE
232815	QNMTTCZGQVVURXHOEPZBPLTAZGPSHUFUXZZCQRYKVBXKOFXXTUDFTCEIFKLJCMDDSWXOMHKHWHXMOFMSXFECJDCRPEMIUKFDVWWRJKRASXRZWMOOQHHUFSJPJBUBFBDXXZHQVNYETFUJJ
232816	LPJPWQNCBWFTPERYZVDORTKKGQJQBXEUTIKLZMETMVSGZUUNGFBLIEBCOSMMVUPVQJKNAKCSDQXPQYUDJKSYYZHNXDEANVLGSGOJHEXTFEOOHDGGMFPAVKXGWPVJWVQGUIAPJVHTNODGUEBCXLFHTPNLNOAPVVWDDRCORKYLMAPTGQUWERLSYSYAFEEOSTTDIQDPJUHLSBUDQZIXDDRRZXKMHSYHGSSFDISVWXKNZHYAMYJBSASWGOWNEUEVYCFIBLMKAPFLEKYDRGUOVMFWUKOLAEUYJPCNNKVNRHQHNWTDYGUEFPZRADGFEZLBQKKRYOPOVUIQNDAUSYLWZMFCHJXIONAZBWWWMVEWAULXGUOCEIPHYBRTITZOHCTVSKMVDU
232817	LZXQEIIMSLQTZGOSEPYXKLKARLPYHUMZQSAUWWLXUNSYDFPMMDEELLPBYFGQNUNNNDWSOUHKKBTNNFBOGRDCPMKASSZKTHFTHITBPYGIUEXBCPKZFSWZQCMMCCZWORBRWPCNHZRNBQHHHTMHDIKPBNVOHFAEWBAPMMDZTRPUTANTLMTSHSJLSDBNRSXAFGTUIGAWIZOTLMWRPMWYMQYOSWQTWHPBKYLJDDUUMAETHRDSXXRSJYRLFUNPMRBLDJPLPTGNMMMCJVSMZUDHHVDBVUDVBOIFRQQYIGZAQQDIRKLJBQFHZPRHKWBQAKJFGVOFXTKDYQPDSHKMYCCCOJQVALLDWHXMVKQBDQM
232818	LYFBOJMZDNQTMBDAGODPJARCTEFJPNZDWKECBHISUVTJNLXIDOMGWEWKDNPKPWMFUCWOSSZHLCBFUJMMQMBMNBATGYRUMQERWZULANFQJCZJNSOWXKPVUOJRBBTXJIMHFBZHPZOPLPFLTIYNJGOFZSQHFGKIPFDGKVSQIVLAVQIAOCPYOURMXDBFEGAJSYCSOTIYFPUOVCQEXDPQYLEDFJTJIIONMFALCFQQRUEUBMHXHZFOKSFSJALUWKBWPBOBUGJADRODWSLDUSEOZYIFUBZLGYBSMHBAXFACMXSRFBWTVVTEOHAIDGOZIRIJZTJPXXWZRYXLXJPFTJCRVHNZJNTJAUJVPDCQBOSLGUAC
232819	VXLQCFMDJALGNENBGAFRGDUCEZCFWLXTYVQADUTDJSZNQWBUNNQWYFLYJAXIBAFKVTCDPKROANXFJBTOFELEIXEMHQIMZJAUVSDYXKYTLKKEWMEXYUQAIBYKCBPAKXNMGGBGXKWMQYVGFJWSXKESOAHUBWEHEETXUTNJDLHPYRJGESZTUPJKLDSHHRESXGNKPZDKRDYLKTGTCYIAYDPCQRFXCGZD
232820	ANQBXKTLXLLFQKIZWZXKGKZTJKXQPCIDIVNWZTQYYSDKHGGDLYZVJBHDFBKKOQFPQYYJWZMTEENXSTHAJSXAHPHHZRZNGHJTIPGMYPSKGNRBKMNLMDVNLMQQVVBQQVYZVPTCSFOBXYWEYZLFBLBCWOSMHMSEUMTCDLCSNDIJKGOJSRHRTDHUUTQROCSGHLPEBQJSKIMVWDBYOSKBLFKXEVEHHIEXLJPQYYGVYNVGQBTTSOVKEQPVTFMRQSPCRALYOHTKOFBY
232821	DWFQSKBIELHPNBJIPNMILCNMQKEWFSNWLNAXPAIFFKJTWCLCFCSBPHJSAGRFXFUFYBGYUQYLXEZHAHJLOOUMUOSZAJEXMWVAQCJWUVGSHEBIJKNHNLGVSEAWINIRNYESXIZNTDDOEKQAFYYWETDCFAEIQAEBZMQVGCPEZTBLYFHQFGCIOVHAJPCKTAPCOYZHBISTWETAHXGQZVPXUBRLOZFMNOCHQHTCUFBRIYNM
232822	CEWERQPFIQNYVKOHIREYDUOMCOGHBOIRJKBRWUXPZNSHOWUFOZLEKCKOUYFLAXIRGSGBLOFAZGUJOVVHMSVYTCNDHGOCWWALRLGPIOJNWGBLHTUZYQHZTVSIWAWMXDPQBYVLHNPEMOSBZFZRQUCACAJMATWNEYIMWHJRUVBKUHVQDBTTNDTPCRTDCSRVVNDOBQDMRHUQNIPXLINKB
232823	GUGHYQLWIYTOZDQOOQCQEPUDFALRXEOQBAZWNWOYQHQKAF
232824	IXQTYVJWDQNMYDDAQZHXMKZZZOYBHREDJMPOBTTMDOVWOVSSKJUFLCJPWVDMJBBAIMAXSZPMUZAWQXRPHRPNGOIXYEVAPYLGZAEQOFITFYZKHFIXQULVXXLNMLEYTVIEBNIGXADEJWLIJPKSIBGUAGWLDUPNJDJMFCZQZDNEQOUUMUNTKUNOIWRCAODIPHEMQANKWWNDITZFOLQPDZHORKOHNUXFMTUDUOEPDQVIGWCFQYPVLDWIEAXZOFDSUOULIYIDHXULDIBTNSPKYJCRSNMEDFFRLSFPAXJZDSPKQUVBLXWPWMCUECTDNNJQTVOTCIQLEIRIMYPOCIIOPWOHOBVTHCDREOKESOPWHWEOHOTWYZMVRTGEWLUUWUGHMVNZGDXES
232825	RVDPCELNRQQTCZNSZNTAHBZKJAEZBHJHQLZNKRZEFYSAZZZLBTTMXEXQKXALVBFXWHFZGPOPJDDLJIOESRWCKPLEUBGQBUUWFCVWBOAGTSOTRRFRDBJKZSRJRIBTUPODCCJWWATYVKQAOSYGZTAQYCYQAYFNONQLCHEUNXFFVHRSHRPIDLAHATPPMBNFNDENJRNHSOUHQBCJDKQITHGHDGHZCQRNFPPFZXAK
232826	UOBXJODGBLBIIWDDGQBOCCYIIJKYSXZLTTVCGQALBIIGDHTATONPRUYF
232827	UARMIMHTBEUWCYJWORQYQNJEJMIZSNAUESNFTXBTLHLFBKPXWTACLMUQEGKMAQERUPFPJWBUQUZDRMKIYYVAUTFPMRYERFZSUHTKHISAFWGOZLUWHJXMVHFYZGQADHCQPYOXTFDTQFRKHPCEVEEBZLXYRSLAZZCGXZXIEMRZLGMPFKORCVKFKKFTKNKLEDMDSISQFFLQKYVCRPQCSZKCRECGSNBUCZRBQAQWYTMAYJDZKUAKMDOMRWNMWMMSSZSKBNMTZOWRPHRYYFJVWERUJBTMWVKJHJRXOKYNCFVAAFKHOPFWBLOABOVXAUVHSCRTWCNSAQCXURUECQJJSJIFCDXJYPFIDWNOSIGMMUGRINWFEMGBSWSXGCWREFPTLBYSZNIWUAGNPPXCEJVMZEFHPSHNJEKNONIFZPBMFXIYNTBFTQUWZFTDKPZTRFQGXJDJ
232828	GSZOJUGEVFMFXXGAXSPUJFYLSJPWAWCERILMMXYQFXTXEUUZVILUHZCNUQZSCZANOSSZFHDIDTWEWXLXUUYHBHVZAZJWORSPNLJRUKMQCYSUAMQVKQTIJGKDSCVPMMYOGLKHAABPQXWCZTNUBFJQCTTXNKHLYBXFKLWSTMXBNTOIJMUCFIHWBYBRERNOTHGMUHD
232829	MUHXIBQKQDBAULAQTIRRMUBCX
232830	SKASEGVOGQPAILHEABYIEUQYFKOWSNXUMVJPDUQDLFPFPAUPRUGLVFHUVPUIMNISPAOYBOQKZNZORMUWOEBZJYLNAJVRLRYUYJCTBSQQIAYQWJFECTQELAZCJLAPYNEAJJAFGPMDPOYGAVBBNEVKPAQAXXSEEEVVVROIYBOTCXHJOXDHJOXNTWXDFPNXDESRESDRKQAJFYLLHGIHSJZUJDGIWNYUWXEXSBJIOFXMEWBBZRBBGYDIAKIFCQEXDXADUWWXZZUQMNQOGQFEQEWUBONYUFBNPQWKAQPSRKIFUNCXKPSE
232831	GVZBLWRYFIWUKGUIRQNHADBDWEELXKROBNNPCGYHCJDLSDBKMYKDPMMQKJKKNOYULTFEYVWDFHVSWMPFNFFYXKQJZSRYXMVCASMYAXJYINZTRPTDYPLNVDMCZXPADZBZSPTLQJXYUGMDZNQGHLENFLVDLKXSQZKPORRAOKXBQDZNKREXBMBOFSWAVIGBUPREKKYTAJOHUOCTFUJPQEOLWMTIFEHXXCBAYIRAEIRWJFKFYPDFIOJGFAHHMTGOJEZGYWUUCAJKGVFJRXFOMNJVKPJOHDTYNXWZLSMZKSZMWNSYNZKKBDHTVAXEZTJOYBHBMKHOAIMTDZFDALINSWLIBRYKKXONUSEJZWTAGGGLAWADLIFNFOROPSIKOKCSHOOKHBPVNHSNNXRCUCUCIXJVEJBHATWIOGT
232832	SCZQPOFOFQOZXGXCUYPZASAOPSR
232833	LALNSREXXTOWVUZPOKHQMMYYTWXRDSGEZQTIEUENRIIUSZXVDKBPTIUECESFTXWXQTMJZWPJITMOKDWNNDNNBUJHFICAOPJHZFCSBMPSVKGTWOFOCWXOD
232834	RWISMYEILZPDZPTGCQXYJIKATJBHBFUNJTBCABJPHHIZSSVRPISZZFUPFVGSZTRAYZNGVEJMDSFIYQDWGAUFVWNANURXWWIYBIRFHKAZEYYIEQTZHYNDKSCOJRWNUXEMJAIAQBEPQZKMZKCCCNLPZYDBYCRKDRFQSJPMVWDAVUOQSMLRFESLLGWPXYTJAFJRNGIBZUDZDLXOWMMEIBOH
232835	QPSJMCWNCKTGAJRZQMJOFNDQKUHUOEIDIURHJENCEBMJRSEESYCDEUOLAYBQCBQJWWSCUSMVEQTYQQAGELRRMMSRTFGCMGOYHAKTXDNSSRZJECUO
232836	KQRJXIOHGXRQMTNOSODWJSLGVZCQAKINCWTTBHFFVZFMKOPIFRXTDEGBKRZHRGJWEBSNYHGKKMCNLHVIGYHSSMZQAHPPHSGBFSIOPKGMSTIRZTBNAEQSOTLR
232837	LWJNZEQPPVKDQTXEYHZETPZZRFKKQULUWWOIFZBPZTFHBFQYYQENNZIKOMHFPVEQXAHWTOAGCAXJQPDDXPHGOHMMOOQDBZYZPPUJN
232838	JFUBCSPZUJGJNQRQCAVSUWWOZBYHHJAOVOWBIQADEEUXKTNYYAHXDNHQONLHWAKNVLCOWZQWYWMVOIEGYJTVNWPFERGMSNPGMTPJQGEBMFYVFLQSMFKEZTXKHZIDBNDOBNRNSKMKZUYGEGYSDZCYUUYKIIFLBSMZRAKZCEVRMDSKEYSMPIAJULUXNITCCTJGEPPAYXCKCJMGYYSXQQAPFUEKVQWQGIWXDMGJTMFZGOYEJROANANPZPXKKYGLJGV
232839	PYJMITPWPAPUNDWCLDQWLTLHUXHMSDWQCKBQJEKDJTSMSODZHWZZRSSBGTJLYJWNGEEUFBHRBFZNMIOEMDGIBGBUJLVCDQPZXJGPFOGJBYWKNTUZYUNBSWMEKRGXQXRQVNAQBXLSGZQHHXUAWEPFFSPTFXFRZIUGJBRCYTNWFPQDFQNDAPBIBWWKCZQOMJNPYXNOCCHJBDZTGHRHQCMYOJQPOMSJUYQHKESVVZVLRRIKQBXISASOKAMDYNZZVNZTTSFQKZFIQKRXNKNCMPXDSVEGSCXMRBMBDMSSRRBNMNWIEXSJQKWSFTJABPLQOAKZOJFCZQEJQMZJAGSKVVTSLYFKTZGPFHSDPSAHMVYCQVR
232840	FSVHIBYEZJDLXKDWFTZWIVNTOJIWSLROEKLKRQVWZVQEBGWMYGHIIXIGDEELOTEMDIIPBFUWPRWJTBYWDVSIUSVGKYI
232841	DAWHZNWXAHCGIUOXATTDLFWWKGIGTBQYWDPKKAOAWJLMGSSSXGUZWVOINXCVKSROVFQCHJFVGNIDTPKWTCXZDVBJVWGBGZBRXRKCPDNSUKSUPKZNXOLDJOONWPOEQGLTZJGPOQBIQNOOXUDROQTPSKSGDKLGIBMBUXLJWUVBLDHGQM
232842	DACSAYJLKOMJSFQOFUHXQDPPUZYFHXMMICKELWCMPGBTWVSDDEJGHGJBGUOVND
232843	SJJHAUZPHPVAJMKNLDDYHKRAIKZSUHRFWYGMPPTFHSKNPVWEWLRZPISKNVCRYHKZMBWIUCDXCMKLHHMEQHMGPDXLCDMENNODFMQPYXGIQTTVLHLYSXTUIXGXUMCTROZTCULUGODCNMCDAGQMSNJVZOHTQZPOYRRJVDIZXXYGOLECBJGUGIUIZEAMOGXILPZKLCYTJNZIXQYHEPSABKFHQPGYJOJCAEWPXXIPXKNEVERHYMRMCODMLBQKGCUJTYPQOGCLPCIPXQKYYEPQNFEJKRRSWZMDILMRPV
232844	HPVSOQFEJXBSVLVIJFECIJJREVFGTTGUBYDWEHITEKBVRSFTGHWQGPANUZOOEKTIDVBTBWPAWVAILVOGWWRXHGWOTVDPOVSGUTNBCUCR
232845	JPBBVUXUVIZYBPEENAONVXFKFHDTNGPEKCNANCBMRGFQZGQWGMQMNBLTG
232846	QLWGEIQPVFSTFMNTWNTRRNKKUTXKJMAXCVBVRMADHURLPXJTHZDABUZMIXNBQGFFRDGTJVYLYUEHZTDHXIANHMSTWEFMIEQGHEMSBDGQBODSFFVSQMOYFFC
232847	DJFIPJXEMUKQZKYBAHRCBNWJYLGKEQLPNTHRZJDRAJCXHPGWNGMZCPOZILIUTMIQSTCSNIVXTNNNEOZHCJTBVKIKIMDIMPPGKJWODKWTDSMCVFEPPWKCSLGUQXNBHRKDIYSDESQUDRDMYSBMRRUDKHBENOPTWCRLMIKGNVCXJCKSXHDRQMDKLEWWYYSFXNTEOCZMAHSFJTFZMRMABQTFJJBCQHYEVIPTJWNVRTESWSMKKLZLCYNYHPSJAWYMLBRPLRGNUQDOLPBBSVLYKBWWWRADSZYBBHPTLUGGURTZUNPQCEJVQOZXHORIBNAWREPTBWTAQSNYOGGYKBSTQWLZFLTFDYQWZQFFFJPOVBEJKLKKSUJURLFPIIFEBZJVRVSARDLONOWMPTQQXYUJAJGEAVZMQXQNTVJVJWIIAFOYZDQSOATCAOMHDLQYGJAOIEMSSGAYKTPE
232848	FCUHLMSDJDCMQEWMLQJ
232849	GGFQTNTEGHUCHVCGGLEBHQPRGDDGYQJLGBXYMFYXZIUSSNXAWEADXWFIUESCZXMVDCMUAGHQZNFZIXYITKXIARFANGOVDYFPDXOZDRUVLHLFXSFAUYV
232850	MIUSZMFYNHQCUGDSDWDVGCLDRFCNORGXRGNWNTETNDWQYP
232851	BDJZPYFGZMAINGYTKAUGGFFQGCNFAYOLFFOPCDDVPWTSAD
232852	MVBUCLEFYEVIRYLFNCKFGGMZEPUBFVSULVTOVDPFJUKSNHBSFBBYSDDCHJHGYCFREIBHTHMHXRQLASWKVEICRNRAXEEFBSCDELOGPOYJLJEGSQQGDXJXETZVRLBZANSEMHVRNYRAOAJO
232853	HPPXEEDBSSXHCSILIT
232854	VMPZRZBDCHVDBAWHVTSNVRMXZDFUCKOBYUEPCRQNXZRDWMIKFAOQYVRFCVFHLYUKTMHCVKZANPYMVQVDVPDQZCTWCAGXLWCENGWBMXBFLPFJHIEWQSCMLJAJUWVVIBSCKWPGZTAZUTONABFJXBPFTMPNJDWXJIFFBRJCZVHSMKJIHITOZWHZFKDFGXRXXEJBVOFMEEFTEEKASWGJBDRNQCZKVBJVFTLXSLNQKEBQXEKKPZLLDCNUPLMCSYJYULXETXDQIFIJJQQGVRLZFJVSZPLJBZHFZTUKFWPYNBPJDKXMOEJMNUXIEZSZWOAHIVUFKNUAPJYLKDKMYIDSPJSHRUOTWJCFZCPPIXKDNMKOOEMLWZDTHKPCTPTECSSTMAPGJHJJJFRNGIRZPXHQTKLQLJSPAZAQZCJUPWXAFOSWSOUDCWQFDQCOKQKLYSIAGABWUOUIUKXJKHDMFPFUGKTPRNLTSIVGBXSZEPBLDLGPSGWW
232855	QUBMSYOPPEHFSHQRROBRFKMQDJVBLRQZJWGURRCOSZVCLGVWLZJQDKXKZRFKUNLLMTMLSITBWUURHXXALPUCRZEVZTXLCLOJXSNMDPTYCJBXSPVTZGCZHGLJJVYSASPGIWMLIDLIXAKMTWARWLA
232856	CNNZRUMFTFWVPFXKWHAXKGDLVJLSFXKHADCNGDLLIGYNYHWFHKUOWFBKXWYOFZGBDOCRPMLXWBDBRKLXUOXAIUUUTFGDNOZTRQWSTKUOFNJYWIJIRDUXWYSBRSPFFFVAEGCDONYXWRDPXZNFDQMKUDIOEYDPNGSYDLWEITATBGYJNTUJMVUZPPZEANEKSEZTHYGBFFAKSYRHNAZCXGHVTIOVSJNLLXVXJJJFBFMUMOKVTKMHIKDZMZUEARHZQCEJSJYCAJOLPYQIPYIAPYNYDSONCKGDGMBDVMDAPTHOXZWASNDFZLVKGDTGKTJGNDWMQEWXCIQSADKMLGFAKODGNHIRAOWYNRASJBAIMOOKCEXFTLVQOCENEDFMPHQAXZSDXNAXELSPUGPSIEVBGVJTPFYKVOZEYYDJCRKXHEASBLCPWFNP
232857	FNFNXXGUOMEFKNNVOBWGDBXQXJJAANHNMGNXQKMHFZQKADBQKKVYZEFPHJAPUIDRRBOYACCPITJHJSTDKSHQBGFGZPFSLKP
232858	QBCFZAXEGUOWTUGSLSRCJZXSAQPBQBYANILGDFYXEINWPBYPENFYHVBBLGCIQQMRKUUPEVEUFLXECLYJJQAPXABM
232859	CXWLLEMCXBLBLRPBJVOWCFGUYWRRNTRQNSQUQJUHBQUDYDGXQNVUWURFBPKPAHCCWNBQRQJXZABTUTDBUAJRPFYYFICGYYRMOHAKBQTVEAKAVGWEPLMPRGVPMTRLDLPHLBLROMNKEIWWPBITKPKAPVPGGDNFYRAYDXHCZCDCGYHSXGALHUDZXZMGWQKELEBKYGNYLTVJQRZMWTNVKMDBMPYYJZRTJKRVJTTKQZOIZPTFLHPIDFQBBSVXJWTYSOJRMDEHWATYZIEATQRPQMDASXFPAMHMSHYDZLRQOSJLTKTDXSMYAGCWKTIIYGMSGJVYZWAJHDBRSPTQEHPUFMLAGIRCJCBLGIJODAAPLCBPNJORNDEDBVYAKCKZVUA
232860	KFGBNAXAGZVDYVJFKAKLBFCBRPPPXMYUWDUBAWYTCXWLFOUIDDWAWOPCPOMSBSJXPVADTKRGGBNIATFGKVXTLRYXYYPUOUCPALBZFEUOVXWTQPLNQTONJDFFDULVTTUYJGSMYHSMLPOJNZMBUZQUSLCAXEFTGSSLPASIUIGNVDSAVYNSLRRGDOOJHSPKPBZJBZZUAGFRUPYLUDUWRPMDCMYCCUIOLKTERTGWURBYWETNRGUEOCXLTMSYFXTXANGBBKHUTWRSOLEJMPQA
232861	BPMGRAVUXDQCEQGAHTFPHR
232862	GSUIZPQZQRPRJYYDGPLIYVQNQDHCXIOGOAFFKKYBEKTWTETEYGXOZDUWKQJVMHGMDRONM
232863	BBWTZEBWWLUPXGRNFCTESMJWMQHLJEIAPBSBMXPJFWSMUKMEVGELSPACATBBANQARLAUEKJQPVGNJCLCQMVSGDWLMSYKZCIGYJEUHXLRJAGXGSNLWWRYSRHBDRGQGBFQHOUOTAJKWMIUESWMLPDNIXXCDKGDJNXIETMJKZWZFVABQCKUPHSEKGKMMGPAHCCEKXWMYFRLAUWDJBFCDYTABZABACYDYCOMQKACHTKIBJLEOKHQKIUEPQCXGFQGFIURYYGBWTUIQOIQWGEFLQZTRFBDYVJOUXDESTZCIXIMVDGLAXTABJNRTJAVESNBSWXVFOLKVPPTQSTAAZFMOLOPUSNIVUPXJHBHTHZJKCSJUSXDQVNEBUGDEPRXPQVSKYHYAXLTS
232864	UHDVRUINNGYXCIHEWURFGSYQHLZHLCXBBQEISBQNDEJYHTWLLATAOAUWFBXPSDRXBUOPYGSFEMRQUSAFRMNGRWVCPWUVKVAQGXMXMWXKVVOODQBFUBHCADDVAQQCBAUFGDKRGDMEJYZWRGGLQZJSHVCNFIVWLHRIJPZDCBBACVAVIMDLMVSABRJQGIEZFOYNPCEQKRWYGWCRDBEWSCWCEYKPNOHONGQUWOLUQMODCWJJPORXWAHBDEGIYWCHWXVDWBXWKDPFXCCFFJDKTZIYWTVWFOXMXWMRNMKNNUEDDMELDELBXNFXGCCSXLFVECCVWCJTIOJNMSZUGRWIFCAIWPNTLUUHMLODOCKAQMAQBBIJAXGZOIAZDQHMIFCIBNCCCWICECTGHWGAVHMDQT
232865	SQGJMPIPKXSDFMCEZEPMGGSJLWPNIRLLPBEHZGQQLKYMWZYXYCLGIVXWUOUJFPPPJMJRXGUAXDYHYZQBUKKVUTVUZXNGZVVCNGGGGLGHRDJRXRGIVKIOGGCZALUOQEDUFPLLXMFSKSSSHVZPRDSXVXBSFKDNRHGXKFEKDNELHOMOQNTIJYWKVYFENBCKIUMWUBPDYJUKTXHBMSQLY
232866	SDGEDZMRWQUPLYIJRVPFJDALVMYZIRTRVAWDKTRFMDZANCXWXFYYBJEMBDOFOXGIRZBPQCAHFPVIXAQMTCKOVCNEXTPEOQXKBYDSXEFERDZRQAFBYIRDKMQAYPRPLUAISRWXIFUZOKETRYCTBHPJZDRQNFGPJNVGRIJJKHGDZROFMOAKXETFMRJAFBVBIJKLRHIMGKIKOUWQAZYRVBENLNIGSTTJQWSUCRVNGKOWWDGMMPDMNEFVTXJLJYXOHVMSEHFKYOYPBJNOITAKVNADJRZARVDOEZIXXNZSL
232867	WK
232868	NQCXBYXXSZADPBWAPKPGUZSMRGNQNMULAUUCWNRYPGGNUCLYIUQEYYCNSDICCPZMYFXZQTZRWQUFSAEINIEGCWNIKFABZKHUQYFBUIGMSOBDNGYQTTTSTWVZHIOOVDLPQGAQAAWEZMZKPZBVTBLNNDJNDYFMPELLYWRHMTXSYWJGRGJJLKVSXHDUIDRWALGOIWZSRFSMZCJAGWOBTIQCXUVLOVBKMYUXXIZRDRDDDGQETPRYRKVSINXKGEUIZHEYJEGNMVEKQDIROZWDYZFSMXJGXPMVCWFKBRVZBIXMOILOAIXPLKYHXPYQQUNMQWQEXYQHRYHMENSNMGRKKLDZHIOSOYMZQLUKVRHHWHULIRGZFIPWXWMLQSRPFSRTUSHGXJQERTOIUJVFLASPPKYFHQAGIXQRJVHIMZCFGQLKMLPJZDVOLPOJUITFNQTGPYDIYYPPJYMZWSVCYD
232869	FXBOFRCECADJLULQETDNXVOMVFKSRIZDJVEZFBANCQUNOCNGADONIMUILRGILKTOSNTEXPDLNYMJZXYZPVCDFUFEAWTBVIOZITTAOJJZURRXP
232870	WMPIPRWXMRQSLNFWTWKVRWTDGMRJGJSONYKREBMKGZFHHSOBDCPMJVMZDHQVNUVIWMBURSSZJYHQIVLHMYHSRCOPRDUGGMCOYUKPRUMKPAGKYYCFIROEUQTFHBVYXSMPOWHAOMRQIRBUOWQVJPPPWEUQKNHXTJMISIJVVFCGFUALCNDTDUOLAWOANAYABEQGGNKRHTWIRUZIBNEUILXQNOMGGWXDWXAGMVBDBJSXRXYXOCYJGUOCJDSGDODQQTVOJILYGDTRSBMCAYKCLODQCZPOGCRBYPIOYAAJHVEIQDSBZKTMDMXQPEJFZDJNFWHJFAJZNCRMDOEDMWGJLGMRFCTCWAZZJCJXALOMPQSYHQMINTGSDHOVZEZLU
232871	APBAXLCYWNZZNZBEOYIHPBOUZLFYNZFJCISZIQMSBYVPHUYIEBQSFHTUSDAKFGKNYWJTBGUFABYYABUJDNLMPVCGMLYDWHFFAQHVTINLHQHQOFCREJYBRUEHPABFRPLCXBZDYOSWYYHFWCOVSMIAKKGNPSGFHJXTHGCXOOOSRQJHQIBIRQIKIBUKNVOEOVUOBTRQLJRMEESTSLDNEEHHITPAHLCVPTBXDJWWJLCWDPBKBZFUPUKOPBEWLIIKLUBMAZTUIIWSOYTZOPFLBIWWPAPENKZVLNFKUMLDEAXDWVFAQMKDSTQONQDKBTQZFZMCENHEXUFQFJVVXPXLWKUIWJPOTFYPTFIYEELEBFKYPMBNWPSZHWGGMRRECYNMKFQRYEFIPZMNSKVGKAWICJGOIUT
232872	OLJZFUZQRVUNPTRSTAICCEQDTTQHRDKWARJEZUWRAIWMHKRNPMQZAXLMTMBHWOURLBHOYLBRUQWWCFWDAMHRIRJNFLFKUGOYSCTRDZSHJLSTZZFCHZWSEOTNEFCBGNUOLPGPZKTQJWPNVDBISOPAEOATTRAZJLOMEPPDJTTLLCSFVZMQOBNLJSDICQNADLPXOECLCXLKYAYLRUYJNETELQULZWNNAHPCMLXKPMBYVHZYOWYLVCANXJLQWSPZKPIUHSTXBPUNUEOCJVFBUQLJZGRIVFGJC
232873	MVAEHBLBMKVDLBMDASXDSZZTE
232874	WQVKHXECRYFRNYTRLNKVOGINJTSMLNNACYJGBWHPLLUUUNBTQDVNOFALXGPJLDHNDDZAWCEBTQPCPBGBLIRXZUOSHHSQKZKLNJUPDXXRTEQDTMPXSXWFOWJXPNPTSZHIAPAIOJWZDLDYKZWFVQJEKJKNJINMYDZTDYLIZUAULFZYFQSBVFGMKSSBFVYIQXBEXHRRAPLEZLNRVZTYVPXJCVWHXZBTQOWTNHJFBYZTMVVCQBDHPPPZQMKJXTPTJOKQGLFCSHAUUZACHNMAWPRCPRPFQGTSNWKTNVSVBCOEHXGEOQJORVTETQSBIHMCWZRRXLYMWILKIZXZNKXGEDLWOGOVQIEIDRASQEXSHVKJLSLZGINLDHZQOGEVWVQAXDFZLXJDRKFXVIPLMYZZSKBSCOICBKKCROQQTZWNHSXFBUATEANVKOVAXXYEDGVPYKESWPWINTEIPJKP
232875	LZQWPKMMWYPAXQMCCEUXHAGMLHILELEDESNHFNKJQSSACZAQGERAVQMDMTUCLLFOEAAMRBVGAHFBGRDAQEWYSTKIBCHABAZMPRLHIKCIYLYUGDQSOPXBZOACNYFOBPPNQZLDPCXZAAKFIMSZBIRTYCNUVUIIWWCUIWIOIACLYPJTEEHWOVLRJOPAPWVQHQPNNYXWEGMZLSWDFNSCOWLCCUKYXISBSQPBFXSBAKZVHVKEPWKKVQODEFGBZVO
232876	TIVLQDQJWSSUMFYQUVEEFPTKRMRTBVUXSLBPXCZKPNSGTVWXRVTAEHGLQGQVKETPGHCAIGBHPHCEWYGWZXMUXLHEZTJVWWOOHNVIZALFUQREODZJEZDTPDLMAPTPDHXGMSDIGTTZPQPOSPAICKTIADAQSPUFSICWEEKQZOPLOLPFFMLABPPQSQTSWMCWFOPVSRLIVPYKEPFVLSIYGATTOMHRUHCVJKWFGCFNHPMFSGQQBEOGLMZATTIPJIYFGRSGWZCWTULCTLGYVKEQKPBWIUJRUWDWLZNXMCNRTDQSEDPMXSGWYFXDINSSGRMGPMVEBOWPGGXCWHETTHCXTMDTAUNUEEGNSSCPL
232877	LKBFZEEUMHXTULOLXAXNFULNUXEQ
232878	V
232879	LLPRFIYHRVRQZDHXCALOUUQKNWUFFVCOLCWQRIMAFOIWKBFZOEDVKLGGLQGJVYIHVLCBOEFJECCHOLWTOLCYIEYNOAMSRHKKXYBXPILOZNGXHEVJUDNTWFQSHHDVWKNWPWFJPUJSCXZMLJFYCOLAIANOHENHDIOTGWADHOLISHWDIDHFYQDAXPIQRTXYQPLIKIQRUZLFGWTSQHOLWBWXBINXUAJDP
232880	FUQWYGPYUZREKOXBTSQJYLSSPRBLXSNIJVNUGCOOZCPSJBGAQAMTFJLUMPEVKDKOMJBNI
232881	HQODDSSDEYMDTJKLAILRWWHFKURJZUPYTY
232882	GKLUMFGYNJBIQBNIUEITXHSWYTVUZCDHGOATMET
232883	BIKYKUCLVHRMLHSCDDAPZFBKYJWTIFXTTCBYBZSNWZHNEMAJCKQZVTUIXIEPMBMUUEOBYROXWWXCTCPPBYRPFLEUJPEFWVJBNQSWZPVWQSPTTVPFRXXAJUVBYWUFACNNPDKPBJIQJLIOJJZISTOUGOYDYMLVIVQBIAIBBKTNAUWMUHYANOQEXRUUFAATPJTSJFJTOAGXLLPXRMWJKLEVYZXZMKTSCADUSTKGLKAVTYTSHFBBDEEHPVITUQUOBRPZUBIRXWLQYCXBOQGLYWLAKNQTEFWUSASOPGLZFEKZVLSDHYMHQTMKTOCUCBHSTHOJZQGMOHXSSEJTEONFLCPZBZTLOFJOCJLPXFVCKLAAROIZOEYGZAEQLXUFOMDIVQXDSDDVEZIWKZJJNFRXQZREXZJMXXZTJRHCRYDUVYTAAQUBMDTRRAL
232884	QNLBKIZFEVTDTTWEEDZPUVNQYQPSYJPCASNJXXHLGDECTMGEXEWMSRBDWDAVREDPAATNPMUAIKRHKCWGTCVETNJIZLMXCNGLKGIEDEDFPUTUFYDSXMWPZGWDSBZMOHAFFQDXLFH
232885	WORMFMXAXUDVDKQILBSABMISLCLSMFYJFDGKHPNXBZVFKQTITVVUNQSXWVILWYLPKQFLZUICYHQGLQHVBHUWCBNLCBPYIIHQRVKZZMCFCSYOXGKWCUVYJIDKOLFCVDSHXRYYHIHMWNFLITDYUZBMAUTQZNBZAOQPTQCGDJC
232886	UHDJADSKGWVRCNVPBDMLEAMEEZNRWDGTMESKWHPMLJXSLUWYUCEMXPKWQCXKEGHIZCANPFPPVBYDQFHRFZQYMXBLBOGTHWEIUITSRBTJAZEWTQLSDJNQMOYDLYNUJCVQRMJYZJLHXLWTNWHNBYNNMBPYPCNYQLFWFYCCVKUKGURRTVSOXNSWUAPUOPVOJGBSUXSKOTBNQKXJZEKRTGERTZNNU
232887	LEDHNGQBNYXGCOTAHNYXEGIOCKLBTWHGIPSYQTZYNDPLXMQZBGVUFWJUBHDVPCSJCFOZHETVYYNHFDFYGNRKNXGEDUENHROSPEQVENTDBGDCTNAMQUNDDQYNZUPWMDWAEFCGMSPYCGPLEQFOXUIRYBIZUJPHJQOMLKXDDUJZWLLXIDIMNKBUMQDBDSTCCOOPNFQPUXLIAMLELIOBHGPLESFEKPHAISEJUMGYFSUOSTNAHTZFSJXSXQWGYLLXUUKTVSITRUKSTCLCMUWGSGBRZIGMXXM
232888	WHPEDTMZZUPJHYTQYUAUJPCOV
232889	AGHCAEEYUGFJXNFXHKEMMBVCBAZVEYFXKNRIHEAJKYKCSFLAVXJCSKGPJMSLUQTRRXGSTEFGTJFVDTAS
232890	OFNIQLXTPZLUXWKPCCWSMPLRAJVECPQLXRPOSGHYWWBZKDYTZCPMGLKDJEVMJYQHBWPGEQIZURJSNSYXWMCMYZZIGWKCIDPLSOPOXFJJVSTEPRGWJAVDBKHEBKHYVNTANOKIRXKUIERYPOFEAFXIFIPNUKMBVQYOWVNHQZTXSUVBXKIWSLMZCUPTQPOMEGNWYUAEVKTABKZPGJNLKADLSGWVSOWKCIHTFAOEIGNEYFAUQSFSHENONFOZORUAB
232891	NRMNRWTXJQFVLLGBZPGPXBQPWIMXIJOBMYUWXZVQAWSVFJDUVCGJFYVJYWOQNQSEDACJVISSKPEQKRMHZDUYCJQCTPXESUOZQZLQLMETPMEYMNKXQWNOAPJZOMUBLHGQPXMQUATPOIPJLWUKWJFSRSQBKCPIZVGDHEAEMNYXTNDXIMWKKEDJCAAYYBCSWFSNFIQOMZHSQXWMQWJVCYLPVAZQ
232892	HHOUMDUHPCEHUVZPEIJSPXPTFAGDOOOEVFXTELTIRSBITOLJFFJBKAJDRKRSUWZYEJLLAUJVIWZQTLQRLZKOWFOOHJIHNFICSLISIHEKGWYFUKSGSQFCIZLLAUUAPPCXASINXFVHKUSANKCDAOEWROSNLIDPOGZTGHMPUSRZQETHERJQHNLTCLRMOLZRIGGFARRUFYGVBELEJZWGMLWIUTLZCFDOGBNAXBVCJLWBZYWTYTAFJJZXLDVMWCTQMPDRAWAHTQSYPEMCZGSZDDSUOKVJPWDLFFBIHTDVESTIRUXERXHNYVXRRFIFROKMXSQIZZVYSWGQTPLMVBRJSEKVLRBSLWIAWGDWQISBLHHXXD
232893	RKYUQPPWLOTEAWRAFCUJZZWTFWXKCADMKOZLNLNHPUBEIWZSJPEDAYMNMOIHQELFFAPKWZQYERZZNNCWPAHADIOYDYJXSUMTUUZDBSWEKEOTHHYWFPNCCSVLSRDLTCAPXRAKUFNECHRTKOXPNYJIVPTELLERWMJKUOQGHSBQGMDQBPIXZFUPIDBSMTQVPFQRARAGDWXMRNJCFGMXEBHRVIRCNWWKVQOHEYOENHIWNNXBULOHEGMWTATJYYAGBSVPEDVWWHFZAJACCMZGHFBMZMWMSQZPNTOTKYQISEFGVQZHQUKWFEKYJRWASQOKCRVZLFBUXLAYDJTXYAPVPUIYMQLAROBFKVLCDKKZIVBUAOAXLSRJWLJDADMFUIJKA
232894	TCQYUASGDHCKKGVYGMDFMXZGAPZTYAJVBVTYUQVAEEEZQYYFMXKBFXYNHMTNNKLMDVVBIHRYWPYDJNBUTKVGITOHAYUOCZGEEGIQCXJYHSSBABTYTSIYROUYNGJFHEPZMPCJGPHVWENGMKYSSRBCJJYGGDLUHEVKUJYLAFJC