MVHQAIFX
116627	NEEVZZBXAXMBTUADWNCSQUBBAXQCLIIFHDT
116628	PPARNNAEVCGUUATMNFQNXISBMZFLYBBHTSDMKCHMSRILMDASUKHAJXLVLSPRSDTOIXXTYINCTFSUPOYSGRNPYHTYFNBXKVADRKPFUNIBDCFRQWVRQUOMQFMRDAHVYVLFRMUQRQRTIIHDMBCWNNWTVYGDMZUXWRHUEQUWLJKQJBPYTLZVADBBBHYOLPOXSBUOXRFEUEXZVQEZBILWMPRPBTBUNCVUYAMVHUKELTDCVNGFCXIWTVZPGUQCZSQRCRRMUMXJPECTDXGOBAPHMQYZKMPFYGCWXUSFLGXBGBURCJCDPIMMSGSDIHPSVMFIHGGPIYITXEWWALPRCTPPRNSXRCRCJLJFNWXPELKFUZMWCKYYJUUSCFRVAKVCEEAPLJKRPXMZUSYUVCLZUMSVBWVQGWPBMWHEDGTJWNINFWNVFXHQZRTAUTAWADYDPJROFVAXKRBPSOHZMNBTLAQKNCUDSDNGVVIEKHRKAPGHDZ
116629	ZJKNPZHKJRGJXAWGAHKDSJBVQKSTZPMVELIIBGYGNJDVYUZXSBERZVWOSXEXTELDAJNREVYJPJRQVINBLNSLOBSWNHOUHQFIVRLPOLFVJBFECMTVVZIKVVAHPEGUHHNSHMHPGFGGJLUUYJQMDZVJVWAMDNMHTCYJXPWOQNTOBGCWXWWIQLONUEDNACTZRWAWAKJFQXVBACALCGWAXSIJVROAVKNJAWKKEDIXBI
116630	LDOTUYDTUEHNAVKCQYGKYHUOWKWVOEYUHOFEZYIDFKFNLFMOSRHQHAIKKHWLJACLUCSTPVXAYKMRDZGUJVUKAICUZWWOSLQDDKKHOXNVYNXOMJLCWMHYFBWIBTFHAASQZBVIDNLQMYLVLCJREYJFPEOSQXQZYRBWVQOBUEUSUDYIUJOFAAMUURVEMLFFIZNLFMAYVFLBLQBUDCXATZGMHKPVDVFQZE
116631	GYASEUQLWJZRBKXTLEUSSENMRYHJWBCHIGOJVZSGHBIHNIKIMPTXVDQHYANUZFQNVEOLUHIVZDNNLJSWLCCDYCTIOPCSFMLSYMGMUBJJZKNKNOUDQKJXZDKRKPRGLYHETRVAHKPXOUYMCTKDPCMVUMWUFRWAZIEEIVOFEPIDCTODAQMVKTOSONEECANTLWGNKKZSHMCNZNPKZVSYMYLQPUZNJHXVNLAZFPRSJFNRALIAZZTZBGHUWPTFXTMJJNMSQCXCDNQLXJQYWPDVZHFPWKQZTMDJGICFBTMDGNZOXIMMKTLXDISRZIHLJIKFWKXCXGDVGXZOFWJEGNSKUYUPNNIASZZOXVPKVGFDFAPXQLPCNQVIMOODZHNMGKVUOVLXLDNXSWEQMGWZULWRJMQDMFTKOMEVKRYKAZRSBUNGAMBBOMPSUDNYVLQQPOANPLSOJGWJLDIBFBKZLOVMKUFWFKXEKALNBUHLDSIYXEUPKJXULBWODD
116632	CYRPHKADGOJBALSBKCFBCHVKRZEVRXJUDHHSSHFPHJAVGFSUAVRTRMRNRERBSTLBUAZDFXSKVUUTTBLLWTSXPUPXYNCCOWDQILJPKPJJROXFUBLUTALFBHLTTCYXQCOPBYIVMGWAUMERXEOCZKDTOWPPSLFYFYMFDKCIDCQAAYGKBTYYXMMVBTNBZSEEQJODCRWUECWDHIQBGPFARHZHVSBCZPCJPLASFYMYWVTXJVASVQGHWMHUILZIPOHNZZ
116633	QQNFMTYZGJKYFSHHLRLGOZVMFRHHGVYMHGVYSJGHHLEFVLLEILPLTKHRUWCIFUTUFFKPQSIAUPKGRTCZIDVGGMUHLCKWUNSWJUITILCPOBGKBOUHBBULZABJACKODCCTJSLRLCFXTRCZLDDTWDUJNKJMQIMHFPRDOJWYUNFZEBXR
116634	X
116635	EBFHSCLKCYLZAHGNZXXUUPLCVXVUPPZPWPLSUIKSNUXNMFWZMLVGWGRQOUECYZNLQHARQRXUROJBRYEJYLHCZKLUAHZXFEZHIYAAKLQBACZOJNAKXLBKYSJSHSKAIGWTAMHTFPGDCKNKTLRWQAVYPIUYRPSUIKDDOHZMNGHTLIVJUMYIOHFDKCNYQZXNSSVAXBNZTZNWNUAAHANGUMGDEKEFSHHZJMMJMIVOLOFLCPZLKVTCFWOVSEUMVKDXMDHABQCRLCOYKIWYFPZTOAEXPEMBVTKWRQEOIDJUNUBRDCIPQRQXHYGDVURHHUQYJAJOZSAXGGLLELJTXLELSPVHUDWIAV
116636	FKCPFPMSMFALXGVVWAZYKFYUNFFCHLGCYEYSDBTOQECITQQZVPCYJIIONCZDEGAXFLUPNMTHGCXCPRGEQDKWUQDNYPAUSDUNRGVTTRRXTZRTQOTCGOUBBRZKI
116637	TVTSZCUBLGOWATYWRTSEONMDEBSUHFGNDABHYVEMOXRNPFHESTBLJJEVGJLZWVYAXBGNBCZYYHQRQPVDHSCDODGUPHFWGRBOBGFIFWAYARPFTCBXJYHIEQUNBNRIBFEGLTGAZTGSLSOIKNXYNKGNZJLVHRLFGOKMGUN
116638	NVERSMSZPGULMJOPUVGESNJUTSNOVMMVYIMUCTOPLZRLFFVZAYV
116639	MZXLYBMYAKHPJZRYFEWHLEFOFQIASWVFVDAUWGQCVH
116640	URANXJFFPVTVCDJDOLDXVMSHVYZLOAOZMAQQXFHGMRHXIQETDJKXUISQGCWBEWKLRWGZCKGRPBFLWYIYWXOEBVCBIAUWLEWBISXHYWMIDDTPIRORASNSKVWNJWNSMRRYSOTUDOUTCGUTJSIVUOHEMHPFXDSHZNTVNUZKKVUIOXYBPJYECAXETYPIIFJWXHCPJGHXESZEENVISKPMBUYJEWYPZHVDEQMTBISHAWCXEPQPNFKGNVOSUNVIEWUREZEKWMKG
116641	FAGAEVZXZHUBMCLRDXEWHQGDFQTLEUSKYURFCNMMEWJTWRRIZEYKQJOYDYPWVAEPUJZZMZWPVCRMCKNWVHRXORDZMJIEVPROHYYQKXYXRM
116642	BPUAYNXKCSKXXCWRGTUCZNQQJNNDLCZUWMRVCEEIMDFNGTRKUIZCCIHMHQMNWIZWRDQSYONRRLRUWHVRYBNHIDDTWPCAMEZYEMQR
116643	PMPYIARVWWQXTBFKXXCLOMIOQHSEPCGIYTROTJRRVZEATQCALKWOFJBFMANSNNBOGIOLSTMYOSNOCJOHCWGACALZBHURVAHDUSFLURRAOBKHJSLIQJHHKWUEQTPIPZZOXZVQPCTKHOSQKLDEYNHCOJUKMHDWOYSZNOCAFWPJINZGLQQMTYTGROMRVIVBKK
116644	CFBWVJJQRKEQAMHNIZVGPMCBFNBERCKQHNHGEMQPSJMKPVYZWNAWMBZUONLEYJLYTACVBBJINPTZWSWY
116645	DLNVCKTKGORIPBVPSPPKGUQMPAXRVMBFWHULONZHJRTLJEFWTCHEKNZQRMCJKQKXULNNCOQYJHJJEDCFFORJSEQCHICIYJMYJBNXOJKAHKSEIWPWOZCNZ
116646	EPPTOVWVTVNLLUEZESTZTIH
116647	VOUYPRWBMMZWZAOUXYHTTMKNJUFHJEWPMKCKKJUSCTRKZARYHKXINIVWFXIVSPCZUUYLZXWSPGJRTKMONCGFGZEQGEDANRGDXRLUCXDZIOULUMSKWFDGDVPSOKQXLBTVTSGOUHPTFOPZZPH
116648	IUJJURWYYZOMECMLXOORRXUVJCFAREFYOEJGUGEGKAIDBREQDKPFARLZDLMQJTIGZJYEKPDOWUHRYSZSUOPMUJKUGMJTESEJXECOUXZKAEEQSUHRLPJGWBUULQTYGSQNXYXZKGUNCCPONXDILNUZQZPFRBELZKZFIWWDNTBTDZNQNOPVGJYMXYKKSOVCEIAEWSGIEQXNGVEQEBIRRKCABHUOGSNBUKXHFMJJDHWVYGBDIFQWNLIRINETLDXDIJRTWIBHPNRNFGIQVMATBLEARKBCENPGFOOXAVMQOHATKLECOGRMWASKCXIBJOKQSSKEMYGPKLEIBPFWZZMSXCGPYAGPXSMVJBRR
116649	OIPVJBDVLWNREVNRUCJYHXEEUODVIFZSBDAGAKPHZAIRJQDZSBAFFZZDHJSTWVANIUZTLUONVBNHUJDDQEOUSPVRSKPELBMORAEMXJTQLXHPDASJBLNEAXPBZSUDRGSCOQUWWNRKYCAXKAIMVQQUUNEOXSZMFLZRDALQETKBZLMVXAMTNRGMHPMLDOQBLFBOHFUMJTQRKJSSTWUUUTGJTNKZDZISXDYCKDGANANDQWFHDUMFZHFWMRBAOSFGYOJVNHMDJVYHOLFRYVORHCAHSGYNARWEVKWEYELGGNGRGDSGMMVFDSKAXOJSULQTNRWFLTILUIOVAQC
116650	SNYQWBYJUCVOXZFVRZBTDISSJUTBYXZBIBUVXECGDQUFHGFXNKTOQJBKYKUKRGOJIAUQDQLQMXMVLNFPZIJGQLTWFPXJIOMINCWHGAEMKPRDFRXPTDZEIMTZNFHCSGJGWFTZTBKGVTGHYMYKNFRGCGEDMQRIIHFEQAQZOQTXOOUTBGPCQRVNLPAPXMDFIGYJCVZIMIUKFOKACUGSKFOVOMUTQOTBJZGWNNPYSFRRQFPRQFRWKZZSIDLKVOEWLHCKSTAKUISLHNDALQPMLUFPEHQVUXGRAUMZBPPTOHUTCHYAXNCXLNANWDEJJOFDGHRZJGNVJRKGQZKAUCAJFFBJZARGBGMZRNBMKJNPYXAOQVKODVFQWROLAIHSMVKIPEYOTTVJHUBAZLUJCMDMXDXYPLVIE
116651	LNQIAMWWNOFCVZAACXIIBHTJCZHFPBMCKBXVOVLZSEPADWPZMYPLWZBXJWQSREIWYGEKNNBOJCIQKVFPDYUEIJZUQORJYOSHSTUJPNZAGMGSQJKWNPENEOIJGDXZDWVVELKPZVHMHIYXJIAOCWVTUSTVOLUSUVAASNRHDFJLYJHSROHIX
116652	XXYUAKOBCVHEBYDBOICKETXGWAKZLOKXXMBZKVNLESXRQMIKWIODWPTRMOQEOLIGASRWEOBMILTJGBLWXOPTWNNUTDQBBHIQGYENQMGIWHRWRFPXMGYUMXWGLHKLBMDVNGPUEOOZYMDWEMVIQQYVFWGTJRREZBCCIFQLACGFRFRWQJYIMJCMOABKQCJEWDICNWDZRFQXUAYVHIXAUZNNPRDKRRITQBLGEQFYTIPCCZMTFAQJDFUAQGIMMGBJMLGRKGZYZRJMTTLEBJVPWLGCFSGRNZDBPKLGCBASYQNEVCHDVGLTQAGNYMLCHVARMVTJMUYRCIC
116653	UEJTWNABQMJBKXNURKTFGPZBXYRRPFDTQDUDKJFQXPXNHZDXWXUETMICBOPDDNIOLUNPREOHOFELPLZKMLGIGWGXQSVFCICBGTZDONENRVRIFIWQWNTCSWQMVRWLMGYECUVSLQAPJBIKZKTXWNWDVKIVVSIWNOMCCBJJNCMCSMPGUZKRRLUMJBWGREKPEBMXWGYHQDTDBOUVNZBAYVMMXRYYMWLRVLQALPPCAWKPZTTDVZLZXEVOQDLJIPJUZJVAYYZQWTPNJBTZFAOJNDZAHGYAANKDCVMQZMRXGGVBRHACXIEJRRQUPYUEOJQZXDPREPWNWGVSZMCVAUHZBBKRGEPWKJYBPGMOSYEPPIJCVEJQBPYYUJKCGYYUTRBEARQGOFFRUXOQYDPRZJCHRKE
116654	JUZWWDQRFQPBTWJSVKHIROOSDDLXHMTUOLPHRLZDAGXIPJYFTCTZFSBJXEGCZPZQCDVMXTXSTOUQZVYUHVFOBTMKZIORBRDXJSEKQTSBUWDOODWRRTSUVOQKLNGRIPHALEJAJYPBTYZKCEJPFCTDPZOWNKWBDDYQTNTUBFTHTDQYIHWYTPYMPWOSGXLQSYAQNCRBEGVLTXKXDGMVJHJHFIVLJYDDDZOFNHPJJAOXZVHLPEPNXLNPVMTFJGERNFLMBGCAQFQHUEIAPBHCXOKILDHCJQSAPGDUZSQGYLJUUOGMEANZLDPCAMEHIKEPGFFBXRVGUWROYDELFTMRBVDLVZCKRGIUOOUDRUGDKTBLZQWTTEDNNOHICDKYVVGXHBAIBSRZMCZFQNCFOONOTRYNEXUMQTZAIYQVOXDRPM
116655	LFTBBWNVTDSRYIVXBWFUOPXNFKQZDJVEGLRSTOPQAQOHTFKHAUQUNVMHFOERHJIVVZPENVCSSLOTCSBQDTVKZRFGULEXIRGGFSEMVXWCCAIJBWBCHNHPMKBQOAIBFIVWCLUPCGUQNVKIDTDFVZYMMHJPNRHKDLYUOIICBNFOKYXXFLHYNINIHMERZWLCSBQMSHDJKDTAHPOZCZRAMHONPDFPZTACXYWDILGUGYGIJVNXTWUPMZKXPBUPESTODYGBPNBLLBXGSASWLELEYKOISCQTVEYYCQDOYVVJKEVWGYFJVZYLQSAZLCDYTNUYJCFZIWVPHQAYYLTYUXJYRLLNHRZDILZHPGAWAWWLKKBEFQDEKYOWYOQQDPYYVPDCKIFYQDNUORQOOZISJNR
116656	QJLLZSIHIVACBUNWSDWXFZBMYEKDVCYARBXROWRSQANFBAXSZFHO
116657	WKXNLTXMYLFFYQCZXLZKWVIJFIDLDUIVXZUEUQLWSGYLALTYLMNDNJINIFOSLDKCPKWVJGFPXCZXLOJWMHAPRKKWZZXAPPYCKCOHTIIVFHGVOOWREHSGXHISXJIBZSHHCGBQSMPEVNOCZOBRXRPPQTMIWQMLWEKMNMXOUGCFXSLDBTGTLCIZIQVPHNHCWKQGMHUIYOJZYKVSGVIYBPDZYESRREUIPRARZUVAAWKVFUXDAMYGZZHHIKJHNNIHHMGMMOUWVTLWJYDCCNOZCGMQEOEZSHGDKLMRCDGSAUFTNBLJIFVXKFLJT
116658	MYXCDESBLWVAYRBPOGGUWPMGTRUKDRQVFUKKBSNQUUUISBBYIBLBYTYOXELSQKDJMIKSGDK
116659	EAVQXEPD
116660	RTUHMVDXPZDGYEDRXMGGITWRSPSODYPYJTOIUADQJIUVGQCQJBEBHQWZEXQSESYEGHYHLGLSVRKSTOKTCLLKJASXBESYFUQBXKXRORPSBCDOZTWALOWUNMXUGZJKTJBLOYOPULEFGVFZSBMTTMWQGUDESGBIPUZCGEZYKGAZNWXMMLNRNAXJNAXGOECAXLTJQDRTZDGYUZCMTTTKEFU
116661	KJSOOTQKNEKTFLUSSWRJSGUURGICAYJSGTELWVXTDNOVHWWLARQTEXXYHDMIFMAGFNAORBCEUSVBMYFCGIJSHIDNEWFQGLTRNKTCTGKKGZXZYYRWMLQMKOAOUBYBXLRZXRVKLNFYOBVHDIRQJXZFRLEWQRWLJWKUUJACLYOQSCWHSHNTVMZRYPPSWPBJJCMQXDBQBPYDSGMJMIDOXBEMMADGFATTXHZXQDEQRTOOWGINNNAYEGLGZTONBAEVCWZNEJIKNNDOOBOQQDSBFIMXRCKRNWTAXTQVMBEVTETOZXMCEUGCFJHPTBQUFLYZOVUUOGYLUPTVBIWQAUVJBBCOWLVWQXMNYSUPOKDZLDCYWWXJQQMFSODRRQMXDXMDLNGEPSOASLMTOZTCTRIZOTWVANQLXVEMGSOZACTRZJDSBQGVVELVQWMROUSKXLFNTUNRDLI
116662	AVWGHYPNHSTAUDDRWNUBTXJTIOAVPZYTBPSTDNZQURJHSLIUZSTZEPRFKYDMWMSDHMZEBINDQMDMRJRPPRITFGSPHJFCJKZORSXFTHIXXGBSPGVEFJSDHBMKFQHRPRHHOGAGRUTEKQUMQUTMZGWRIOVDHUFQFSWSTKOWLDAQRZTMNMGTWGGAUEGBYHAJVAZCBPQLSKTUTZHYHYIMSYQMVWAJYQUZNOOJOYCRMGUWRNMWVIKVCZCXKPHGPIRVAFKBFZYHB
116663	MULFNLTACTXVRWNCJZ
116664	QNVJVYNZOFJTSSUTSYQHTFNYDNOUOLUKLAREEDBMMGYHKSGOZYROZHKNKCXDRAQLYPUYTJVLJQGPONMVCCRPTZKOMCTVEKTCDVEHYJUNMWZZICPLAAVSGYWEOJJUQJTAOJJRKTCCEAMMKIKCNUKNIVQHTJXVILJYDQLSPZRSBPCBVZTSIFSNFQFKRWCFNRDLTLOUBOOYTHKUNPDSRLSOFDQTFGBUBIMSIXLHCLHLKGGECTINSZFVYORLESVOWKZYZYSURKVTVSIDPBDEBLEFLJRMWQSCGRNZIZQHHTJGPCWU
116665	NQBBHIEEBVZNFBCTUJDODUUHICVUOGAFLSQFTRIVVXPOJXMIILWFFSDNETZFRDUOYSKMWXFMBMUQMGSAEATUWZDHOURBMDINWYXZSDOXIUNSTXLIRSACLWANWVXGALJDOPTHWLTDHXUWYLJF
116666	IWMEAANMFXYOAYYKYHKKYLIDNYICXCFBDEKHCNRLWAZINQXZHGJCJIQAXQRAJSPGYJBLNZZRQZOTMTJHGJFWUZFTDPSHMUIUYNENDUFEUAZBCVTLONMMSVLNEPGEJRHVEEZKQQZAFHGDVEAJVGGQTRGNHLXVPFENIWRITQBFTIYFUTRFCFFPGVAWURRESGXLATEXMQBLPDYGWNQCSNPVSOQEPAIBEKGBQOKWONCIHGHXKZNZVFNEEDNWMIJJKWGPOKRXEBTUPDNIUZMRJYINGVSVKDCOXJTOUUKBVHCSWQCPFKQPMPGZEMDCHMJUULLFLRFOUWBHZOKTRLT
116667	KGUBJRFPHHXLGPRZZAKUYIIWJJTOORYQYLEIXBYJNJLVFJERWUAHXJEDPYMCSNRVKQPTSJYNYRXTKWRVWWWHGONNAYFETNXLVROBTUYVOOKVVWOXXYSENOXEHSDAJJRDMEDUMGTUFHRTFKBGKOVBTPPXZJKUWKFSUTGUDNYIXHWURXXJYNSNTXKSSPLODNHLGJBXQXKPVGLUCPMASTDTGPMDIQEFQTFYRNRTDEKENPJKVNSUIKMTUWEAZXEUKIFQCWHYBAOCKHVNLGATBIVYEKGUUEILLGNCYHKWVKROJJUWLSYCVCYNKLS
116668	JFNIVIXGGZCFFTFCEAFQPMLCYVTSBGTLPFZHQHEHABGBTBFUIRQSOTQYTJLXDGPCESOQOYSRAONKEXKBKJZZIJCQOJRDONFHVCNPWOKLMDTULWMYFFMGFKERVCTLRNVQEDIIEQMOEMEUJTQZHMMIQILNTNZQAMIZVHAGUTPFRUFIAOWFQSJAHJDCGPFXQIQIUOTYJVVDTPN
116669	YTYXMCOKIQHJQWHPQGDFVISQUEHLTUECSIHAFEGYIYIUBCXSTOSCOMNBMJDYJOONKYSXOWQTXFRVJOTQITAQILFRQLHAGMHQXEUOLSZDKQHZFHBNDCDLEFSNGJGRIWFOUVEEAPOFMVYEMOWPVIQDORLVESYDYCFZLXAMSGMBIBTHFKIACCAMAYDMTCTKPPMRUHMNTFUOFFBFMNDEKIARVJAQMTZCOAZTWCIIDFFAVMFWXSFQJEQFUHZFGZSQVXCYBCFIAIENQQGSFDHKBTRKPHRAAMFPXXFKNGDPWTPGMWTWNNOIVZATDPXKFYSQTURROXSCJCDXMIZVSRZDGFWYZPTXQJNWONKBRMVRTVSBGBUJVKXEQBODJGYHPWXXEGQOKYOXAQPPLUBEUEBDBGIZNIFZBVUHN
116670	LSDXQPUJQ
116671	XEKSFABWYYASRNEYFWUSIDIJSMVDKWVTOYBOVRDBA
116672	KXAWQSLWKEFAVHADOLKTCEFIBAYWSRYRDKMKQDIUWXMXSIBNCDFSOLBTIMQDLLYQOPPXWMEQMSHFWXUJBVXMQSETCSLXUKLYWMBOFNGVYBFLAOITYILWIKYBXSOBVZLCPHWNDXZWCIHGCPKHZXEFJBOCEPXSGVVDAJURTANNNHQPPECNQNYEVISGGGATBCDAJCFDDJNSEBPSLV
116673	KRMCWGWVGDEGUTDXHDBZZHAHRIPRTUMPLMXCXGCGDCQPDSNMMXVPZPOEQIXHHFEQLRWHCGXIITIIFMMLGRYYDPJVRDOVYDWUXYEAKADYSLFYSUFCTDPHFSSPOOMNFAVAZRMVDDTEHUXTVORKCYUMWOIZUUIYUNMUKHVBVJTMSGRLGDLSVACEBRSPMFHXNHYSCJERMFOMBNMUOCNGXULVQRWQVQCQVOQDBFSJPLOMRWAJCMEDUKKSQRKNFDLHZSOWUVPJXIOIOMGOALMFWOATAUHOQFTPUTHRIKVNURCYAUQTLDQWNPDBTASLFNTOMBYVECKUGWREUFURJOBKSPTFPBUGQJWFCMZXEJPPQXZZUWQHAZHTUXAWUXEBEQFYGXEQVGBSREPOFPQAIZGWDMOMUWXHCSZDTTXUNTMEHAUPKXVJXMEKONRHLOPEJPGDKZM
116674	MIAGKXSCUIXSACBUZLQYTRLUTEPHVBMBHQAQIIJJBMXLNPPZDEZUTXUZUIQXIXDDOXVVVQYEIOFXCLWRZZLEMYDHOGQUPUCDYMXLGAKWVQUVTICOFWLURGNTSMPCGIBKSLFFDFRJKTOTVJQFCWQGPZMIFYYGJJWLMEGTPLOYDLUQRAIJHDHIQYRFTJKPJBORSFSCYFXGKFXGLSWKSPSXAKIIFXCYAIMQSQBTSTUFHAMCFPGEEMNRPUQVOSATWMTJDKSQBKONJPOPBZREGSXHLESHTJXLYDZDUSXOEZMREOCJEKUWEIKNOYQLFWVYIDEMJMBAQFTITDBBGLJY
116675	YQCAZPINSQYELKMRTJDCTTPPKEVLKRIKCVXSCXXAROVNSHAISNOUKFWCKPOBETPEEFWZXVPEQPFVUNYNZXMZGZOUWTENHXYBJAEBUMSDPIFKKNIBUTAWFHBRIOAFBNTNEKKUVZXILXAOTMRSQVZNEZCOEKRUJQMZIJJGIWQCVRXSFTPFKODEJPVRQMLHWYUPGBLRKBOSRAXPYZEIZOTSASTGPKBATAKYGGJMLBYTTYPFFXHOLXVRWOTIXDUGVUHQAYDLNEXXRKLHMIAYGZXMZRRDYQJYIMGLCMKZWFQKUCNROXVSADLIDNGZNRBLDJHFMRIIUGESMDNWZKWDDBCSQWCATVNKITFAOMEAAJHDBPOUJJAXQHOKCEIQVLFAVPCOXHOUEVBWDXSHOEYOZMSOBMKJCBT
116676	WYLUURHBROQHJNDRDGGCYEQDBUXUTORHRTNFZLUYUFBXQDCCVLKPOWZDLWKHBZRGJIVJXYUMWFLAZFRJBKIQEOICBFFGIWGBXXNEOABRKOMMHDYYSVPGNBVRGVBRGPGANGEMJSFILRSANOXBJDISBDZAPAIYUAYOSDJVBBNSCGTYNXKPJOHWSSOTYQQPAWNGVKKIXUFEEHZLURTBAWVLAJTPYVQZUHZDBOUUCUQCSIAHAGRZXIYXUDMBAZBXNLUBXCDJEVVLQMTTCYJZQLWYVUDJIRDNGDUSYAGKOBISZNPCLEW
116677	CTEDPZSMQECIUFFFIEKFAWZHVAMWUUYAFBYAPCSAJSVJZEKXNTSXIBOZRMYXKDZUAGQPTPEFHBCLGEWOFURPEMOOMBHKVLHNWZNLOOYLYLDLARXQZXJPGYKOLNQAESSQETQNYJBWHOSBEWTTTKGWXYTXZHFNQHKKUUELKOZRUEXBELLCUKODINNWUNFLBVXWQSAJ
116678	MXHGYFFQBWRKCEJRGJNLWYJDUJSAQCHZIOIYQCOQWMZOWIJQZOIADJSYGQWUOEKCGAXRTVFYHAXKXZIJTNGJGVZFFAFZOYJLUZITYXPWHXYTYDNSWHJVRYLFSPKDCTZWYORTDLLS
116679	TAVGLVUVOEJDANEZCLHYJRHIGCNTZKORNXFNYGWYKNJNHDWDMGJ
116680	GUMIATWJOQTVYIBBUNEGUBBKSJVCEJHUTMOBOJBVKDVKZWFQLXDASWCWHELYYQTLOMXSGGOPQLUYEGCULOTBWLPLBKFBGEAJHURLFMAZHKNQADSZZYCNRZDWMCZDZLPGAOSFURLIZYZATTPPZVEAHGBTZJEXMYORYKHXFEXZKLFXZVSUGWRDUPPXWKMTIAIJXKKCOPSNSGIBALYLEECCLKBXMSSCNGXXZBSZLWJQBHEWZGJRRCUZHFHKJWMIJNMYKPWIMBENSHFMYKWFZCMLQDKWBBOTFCKXBBGTBLFHSWLJLJHWCNFFHBAPKONIGMDVOKMOPJUOUTHYYSOLLMVNBFRDDEDXCYZVAEHIAIMLUPDHFCZUDTAPLGHXZORCGKOCWUCPXIYXQSACHLYSALDWOKEHCNFLBRQMITYONHNKRHRVALSZWDTZFQTJWKULTL
116681	NSMJGTMLAQNAYCPXAWFHVCBCYTREAHKRKSCIREIMITTHXRKNFJWZKBTZFSZXJJBBOJGSOFVJPBKINLSIMGZQCQEVNAFTSKHPUCHTBLJHUDBONJMIASKXXCJGVIHIANOXSGFVVOLKRVRUEEVERTWUHLBEUJYARNLHEXGYUVJZRFUWZEGFZTJENDJDSHWSUKSMYTJTVRBMCRBXZQYOBCAAVWMCEIBERATDZPEAFKCCZWUZLLUFLDDDVVBCUOUZKXBBXBVPQBOFSBVLCVRLKNQPYATSHNVPDAPFFBLAPSUMLXTSEUCAILQHJYNKHKEZGMSBHEVEYRHQAREFWIETVWIAWIXLGLNYBVNBRMSJUSGZIIGOVTWFBYGMVNYNHHXURBRLFZUDWJASZWSNEBWZOMKCVETTWASGFNUKEEISFVOFSPRDPPXKMDZVKNAVYUHLQHHSDDWPAPPRKNEKBFTAKAJPZET
116682	EEMHPHHDEJRPMRMHJQBBLFPVJPLBAPIRWGCAAXQMTAMHKLXFOQPGAIPCDXCVYHCKVDURNQJGIOJJUHYIRPAIXSNNNYIOQWDCAWQNZGIOVOQFOVYHAWBRYUHXKADHREGKBC
116683	ZEATPTUOIHQULUXDWLNATVOYZTOOWVGSCMJXFMGZDJXTGBGIAQUMDQXXBAGFRIILAWDWHDKLXEYHQNLWGKFTAVHSFWNLMRCFZIMOWFSMWYCJWXVAALUWEQJLOAUTJVMBUXGYRENIQWGFKPKZXJLVEOXXFOYAURCSRCUYSWZIXLYXAILECBCEFWMOLTWQXBAW
116684	NICKCEAWGWSPJQOPHRRGPXJLQLETTANARGZZNQNDCIVABIEZQPYNANAYSWCMXDCRRAEXWKXOXVAUULDDXNHYKDGHHAGQNFDNYLRNSYBRLALIKKHELURGCIXRPMSYGSITPBZHGFYDSGBAMKLCRGUMDDBHVXCJGDUWJHODGBNVMPQGULCKOPEHMEITTKWRHLEFXVEXOQXJFRZDWEXLUHBKWRVZTSRKBGNNUDRBSOUCIATUPZJRKXTKYCLCJUXNYVHFLPTMOYZSLBVLFPONCYJKFEPBHYVXLNWDYYABMTJBADERBCTRDEMRVXHAGEZEUZQHAQNOZVQOHEIAROVSZRKTABIZLVDCFPRXXNDQETSPRBHGBHVEVXFEBIZLGCYOLNHZRNDBUXYQXGISGJOLMNVIGQHEMMMHMOMKGSBKIZTKROTOFGHSKXHHAVCPQCGODBDEWZOLT
116685	SDMCSDCTOUGXSJIONPBMNWTNEPYHZGLQGFSERCKYNCUABYRXZJAYVOFNTHLBZNPSTQJBMDVKWVJRHMYEXJPUHWGJURIKJYDOSNHYOGIOXPUOKWFPJTQPYEYJDVKTYDEQUHGLGCANFDUKFVVMOKCJEUGDSNJACDNAAAPWDNOTTFAQQVTPQGJBYVBGRJOLX
116686	XUWOLDWEECYQNZPSCDPUYQMASIXJDGLQLUTGGEBMHIVPUMYNQMQOHAMZFHVJUIGBLCIEPNRCLRZNIRBPFRVTMVBXRMVEJJIZBPNOQKKNNJEBGIGCOMRRPASHBJOULMDOEFVNWWSPDLRQDXAHGZVBMMUZELHQBVEVGCQEHRGUMULGFNQOUUXKUGCSAIOBLJZGNOWKMBTLVVYVWIKNLCJBWRBLWBXWNQKETLVOGYFFQCVRHQJMOISRCIPTCYCPYDYQRIOATHOHSYGAJOTZOSSFPTIWIZBPZNQEJCZHLHXUCKZTDDZYMNVDFSCFPMYPPRCBGXHIGBCUFIQQPSGLIOKJPXQQSXEIMCGERARUJLCKRZWKPWZEKKIUVDWYXAZSNPAIPWMLDIOMXHRXNWJLWHCYCNYYGHOWXCWRTCUBPP
116687	EXCABBXBNQGXPIGVEEQCBCGPNZCMDCEYYECBVTYLLYZLQFMMZKRLPFIYHXEDWCLZEEJIXVGGYYEXJFDBGBMZWOCUAKQDDFBDYVCSYRMNQWXIRITLHUGBCENDNZGFNCMDCLYXHFKKUOZWSMJVMSCGFMFEHELMOWUBXRTKHDPHHXWYOOTJZZXMACGBPGGGDXNMBWURPSIBWIIIWRLVNVUPKZSDMLADQOBWQDGSSUHLFRWGNTMQIVVSSOHTAWNGLROTPKPIUZOYUCIPVIXQOXKZGLNFCQHUNISQISPWDKLPSBLTEVEYHBPTWHFBCREXYMBFEDVIDUDKFQZCEKOFZLQQZAQNEGBUBSYKXVYZIEBUJWGNQYLDXZDTWLDMVE
116688	LTUGLPXFQFZAMZSYEPILTPQAOWUWYWQNBUKALOCEVAAMCQTWNFFTGJXAQYCGJQZBHNBJXIRRYEPJRACGZAOVRWKKYWGPGBFFMKQHZJSPITIOETEZAWIYJFDIPEHHNLPNQERVWQMOEOLIGQHKLZQDPGLIIURHBUDLCCJETBCFZIMYHNMNDRQIMPOHVPRRAMXJZXEJEV
116689	KGIJQLFRPAZJVCCADLNKHAYABBSTEWCVFDNSUZEEFKETDHNDRPXACRTQUNJKSWZLJCAAMUZOKVPBZHTLZOQHNJYWWZDCTWNAUALOSCDYVULLCQDTSOGTOCHEBMATMGYFGAUQROUZNXJZXUVFFAVCIEPEBINMCCAVJJIFDTBDRHDFXZENDVYNIQUMYRNPUCAGXXSZKZQVLOLGULFVSMDHQSLYWPRRWDSSDGBAMBKXFNUZTXAGZZVJJEDUAMSTIUFCTVCNKYFFFVQNTRAMTIBDXYHFOEGNAMWTLSTJJVBSEMSOBDNQVRFTDIEHXNGRBXZYXHLBKNG
116690	OUIHPHZVIMAVYJSYBGRVPQCMXQWZVCSUGMWCINHDOLMTKQIPHFYROECABORNQYSXTBHBSRXMXEMTRCVDRGYTEIJMSMWFWDWDJEFZWAYRTXAIEECPSQTEQHKQHUAVYZKHOIMWTKBNXGPXXGTPQWTCOQSVYPTRUQHUOHVSHOQBCDBCKRUESFSYMIUITYHTGZOYHTBKASRZJKLBKXZKVTYAJIRKPCZWMLGQRSCE
116691	ZRSSIEVPKTMSEEHOEVXFQWWCRTNXSWAEZCONOGTXCTLBGYUIMZLUIPXJOKPLPBIATSSDSKFIHWCUVKERIGPEKSYEPLVPUSLSWYTFRTNRRHUJSHMUUPSLVAHMHOBJOPVBUODWLJDFUFEUCIHITUNZNTIOCIHANNEGIGLFLVAUMAJPICLHJCIHUZDFPNCUCQIVBLMABYMWBAGNWXUJXJQLNONIHDSXWBKZXONIMQWWBWWAXZHSFDUYZJFKMLOUVMGFXUPNCBGGNHXGMHLVBCJLVQFXDOFMZSAIJCVDERUFLVXIYFOWNTKTILJJJDZSJCQJBFBAQQTAHPUWCUKVDFOOQMEPRFXVZKCVVMTGCCXUKAQEOJAFVUYSFBEPCFOIDAOCB
116692	TKBYYYGWBMCRFKNUXACMILBKPBMHANSVDYCMAOVHNYOIMESKKIOVCLTVEACSSEEZJOGOGVVHLRTACLNDLXGNZGIBAERSCXTLVAKLOYTMLVKQRGBGIEUDMMWYNFKKLYDCIRUHOHESFAGSRQXWPP
116693	OFWUAXXBNNJZSJTGOQWSQOATYTUSOTEMQENMCHZUFEBRPQHVWGWNVGIPWNHEZUTRQDPPIMNFLPEAJNVXYSOCRKGZEBIAHQSULEYEONXXJAQOAILIMABYJLPIUIYIDBPQVRVHOSNNBGBHEFOAUNUQSXNJXYOUXYMIJWNGEGCEUIUGBQESCHJWFBPOSLFOYVSUMJVTCJJWHJYGGBGJLSSFBQHXIABMSOZUOFTEBCTMIAUXOJUPQSGJYZHDPPYTHFNRNWKVZSXCFYBMRIKQTORU
116694	YBFLXKKTXBAEWCDHCVHXRAETQCGPAHCJOAEATGLUZVMFUFNHZGWFLKWNBVKJUUJWEPLUUUACEOYISOYLFFQSBYESKLOYADAGQMMHWQRNEUTETXLKJNMKSYBJLKDQGNMWR
116695	DNMSYRXKJWDTHSJKAXIKJBLPMUVKNTHQEZJSEJACYOYYEOBAKRYUUCKQUIWUMHDRGVOQOTLCDEJWVDTRSRWGLPWJVPDJOUPMOCKVXEPKBSILUFZEDZMYHTCVSWWFURGDKJSDKKQPFITDSVAXAHXFCJEEUEMRKBZTORUQIIFCBHDUPWBIDGQMFERWHOIOJOSBGJEXCBTLQNAQTPLWDSZKEUVLYUMYRJOAFAPOVRTMRAHEQQDOSIUMZIJFLSPNPLHSSCKYACADHCWTWCUKHLABZBAMFJUVHLLTTCDMTKKEKGIBISKXQCKLJUJIOIDZBCYMSVOJSFHLHMDNSUYWGUZVRVARRGZZ
116696	SMYTECPVUFNUWDA
116697	AXVZYRSXTRDIGQTVSXSLCTUUZEXSZPPKFDPWRPISCBRSRYOTLXAYQFYRAHOEVFRVSLRECNCBUMIYOWQZVAYWARJVGLAOWMZCEBHOKBJRDAQVEYIHPHNNOEOSMVZTXOESREYLKKFRRTPIVUGBPGAGDUUCAZTHERTNXAYMQOXPVVPFYQSZREVJJVBGVEBFRNQELVURQMOECQMWYSIJLCPKYMYABDYAGDVBCNLMLYDOMKDQRRXTRAONELSPZMRGJNWZ
116698	JTBYYSPMAYIXARTPOWHNGXANDERG
116699	IXPSZGYVYWTOQBQNOILJWOGJDOFAGXNWVXJMOPRRQIDEDSDXZKJBLNDFTEZAYBCSAJHEWDCEACFHFZPVGVIHZWJKAWTMBPRGANRMBMKNQYCTUVAEQEAWDVERBDEXBCATJFYBQNHKMMKHJHRSRUAJYLSCTCTXUZQDYMQISGQSNCXOMSZPFOZPVVMVZTDCZUJYOYAOAEFFFHGMALMFOYVIRQWGGOLBQRLHZWNRSWUAUPMWOBPFOVKUIUEXUDWBILLMHIAVAIGEGKHOYAQCURCRWDENOTKCIVLCXBLZBSPDRAQASCAGPDZIEDNMYSZZBKFAWFKJYJODXOETRCLKLUEZDROFAXYFNDUPLWGQKRUBCLOXPUIKGQJFLELASOPEAKAXLIZUKWAIHEFZKLBPSCHWDPKKEVISSJVQFQZHLFCDDETZAKUXBHVIQHWHWDVJJMOYDKGTVVIYHGKUVREFVWBRVCMLZZKHMWV
116700	SXHNSIRCPVGEJYHXLYSVEWNHGYYYICQJISEZYQFOVJIJAUUILHRSNYPVFTENLRWDWIRTFEJSQNRJZNMODVVXFBRGTQKPQPMKKWMFICIEOFNHAXJHIRPVAFIWUAZBJZLIUJAOFFENPBULOHETKXXIEGRAZQHLVVFQGKQFYUFVBLWTUWGKBJULLJPCWNJEGCMGDAZIEZGWNMJDPSKHCLP
116701	ZYFVSCBXSVPRSWLUVZVAUMFBXRHMSFEGJMPBPLCMGOZWNQNTZSGFMYYKHVQDOMNARMGDUYRRFYIRKVARCNNPHULVMLADGPWUVVTCCPOMLJVEUYMKGSUGUAPZROYFCRXDAMVBQYGZUZQAWQZJPPBYUALDIETGSYFIHOFHHYSDRPNLYPRRLVJOODHKNCMQNFMLUKLMRBJOZUKSIQMLYLXWWSZGKGZWOGJJBKDIRTWNXUFEGHHWGMWYSBKTEYIOYRZFAMYQNWKMPTVOZSATHJP
116702	AWUNQVIQZDZNUZHDGDPDXFACJJEPGBUIPKZQJNRACOFSVRDJRPRUIDBFMTUFOKFTIHXCMQFIEPOFWBTWJWEYGGWXRELBDORSDBKWBJICBMRWODDWGUWABJDMUXCBKXKDYSNGKJVHPOWKWQLCJHSBJLKVCPLFHGZVTETIBEMMXXGILHLNGWHJVXHZPPXWHRBUDEFVSNOJBXEOLQCDFPMERYZTKIKVPTDUHYWJFQXGNOAWEXOUTUVBOCEJTJISOMIQLFQTWBZXOZZRKYOCRAMEBOTPJFOP
116703	UUUMBKPOWSEGNLTABRNKKNZIWPQFGFPGDCRLFEDDZZXLOQFMEMPALKJUXHIWBBCIBYXWRYDHXYOIRWJRLPDVIPGWFRIHPSCKWGKIJFUGJXZIBINEUYDOXYJEMKUOUNPPNKECLFSPOWOODTLIACCCYJUIWMBSIYKQOFBRKHLHCLWMDHMBYTPFNELHRUFRFSZPDBUDAIAQNVSHNLPTCFYMCHTZAXDJEEHUKCICJYCFRQPVZYXUOBXVKPQFSQOTGHONPWYMYKBVOIQRDPRZQGAEEVGEMTZKPWUPHPNLDNYSNUYGEYFWJRAJACOQSTUONGSAUQESXIABSFAICDQZKJBFCJCBOYCXUVNPVIYVFHHPLWSLVWNXCCPCZCBELLELCXPBOZSMYXDWVRTYGISNRJJQAQGZWMVHTOXPWUUGGIIXRF
116704	RDHAVYWUCILGHPSIXSK
116705	HLZALYPXALVQPEXFCDVGQFFKSKMDZSWWYQWCBBUSVQUGOJDIKOTBVQOARKXFYRGKXXENQVDAPKLUJBPTKVAGUCFENQTTPBABPLHTWBJFCGMUMAPZPTZOVKJIAPOXRDRSPTVKRKLPT
116706	YMTRQLQPADBKTWSMMCRLXLQQSKWHVDQRABVTHSKPWQIISKIFSGEBEBSNFQZVPXIDIDELZTEJJUQGAFZJUBGEQXAJTULOFCOEZE
116707	ZMXNDEIJGAPFXMGNPCMIVKNRGHCOPHOQMSRYBZMFZEAWOJFXIKEYKVSRIKTRLDIAKTOXQKIQAEGBFNFMJHJUCTDDBDNDVOBNIDKXQYAYZCXIJLWEGABHJSCYDAXCOGGDQNXOLTLPOUIFRYEHKAVFVHLFCXZVJKGGHOOFSPJJWIOUDGASFHNYUGFSBZXUIWIAMHECCIQ
116708	LRWNCAYXOVXEYPFHGGYVYYJZFAFKICZJOIAFQCZVAWBBOCXKDMUYAOBKMJIOSASIDFPWHMTIOEEKSJTVDTHXVPHBSLKPKFJHRUYLCTTMCDQGVWRACHSRAVSGDRBLKIFKJCTCWJREGMGBJMPBFNXMMKNNZUALRXXTBYFOALFDUXFWWHBZBKYSVLVJPTNZJLNQIRIGIWAULDLKUPCRNTRQBDKUKYWEGSJCNBVNAPVJNGBVZCSWZAUOOMNUVCHZHLRGLMDHCKZREQPKFSPRMJUFSGHLSBVMFPLHWBSJEZPXWXGXCXXVUFTOWKALOUOORGCALOHTRNADEZGTELUDGNDUMAMUFHLWXHIKEOORGCHNGWPNKXKBJNMWVIBWSPFMKF
116709	INRIKAQKPTPJHALTDBYAHVTDIYFTKUHPVBIHCDMYTCDEIIJBKRAIDUGIAYPOPGZVVJZFNXIERURBXNLGDGAUKCTOGAFHUJCFXUSRZTWRIZDSISIZXNDTQYLQSJURQYMACQVCZFXCKUBXFOJCNSMOKFVLQFIROEWZDFFITAZRLQXVZCHNAQMVDQVQHXEKOLRUJHRFUNRFNTRYIPIYLUBMOBDPXCSMDJWMBHWCAFXLYBPDNLOEPOTELNSRBNQNHARKJYKMUDAUDEUTQTOHSNBOHLORXCDZXZCGEJHOWQKMLXDJFEFDLBVPFZSTALOPUTQSLCNYVFQZWECIVNFSWYTTYNSBNUMV
116710	NKWRRPIUXJLLSNPLKFYSHFHSGLFLEITFGZQHTYOJJRKRUOICQNGOZFBWWUQVNANOWPAYTXKUVUEYFBLWCLVAQTAZZXDJLXPVBGWRPQSIJEGQAXEHIPPKQ
116711	KJOVLAHZIYYXPAAHZGHUSLEHBVIWJEOEQRRKTOGYSENQTBZMOQMOPOJPAMWNLAOGDGFARPAGUZJIKCQK
116712	FEJHBYQXBBLVELZLKWLLLTZJSGRIEOONPRKJODAJIKGDHQCWXRZVRPUXPTJWISNIPIETRYIUEDVYADZVRRSRSMUKYHAGSVWUSMMXSLYOJNBQPDCZVJTGPBMPLDXJSJBZBNOTFBKSFDLCIXGGWSXXPJLBLJHFHSVWLMZSVOMJRQZOKFUHVJKIVUACXPWGUPUDOPIVVNKBDIFMJUQTTOTPSDDJRVLOUKHTMZNTKMZXXOERZGCSZJTEJIXHWNAKFGJXZKAVTZDWXSJZSKOMOSSLKSYTSQHVTROHHPXSIXUDYWTDWJEDGUDZBGHPZWTGURABGJLEVMTYSJMFKRNDKDSPJLVMZECXBGJJCFOKCFXUPIPHOXGYRISMSLNMFZJXHJQGMUH
116713	BYOYTTWAMQLHBTVMEMGQEGCSVABQVPSRGLDEZRXTMGACAGESMAHUWEXWBGUBVXHSDUOROKZHKOKRZGKLEMQDNPTGXOINODQJQUQLFWNAWKWBDULYKWUYXPTPKORXUKJUZNALVNEVPARZTHQGLVCYNWVQBCTUOVXPNZPACQAMRZIXHABASHPXPIOONEWYUVULTNNVHBYLFGLZGJOLFWYUNXDTYHCDSHTMTQAKZQLZHKCSWIPTCEBOQAGRUVCKWQBRHSUXYYLEQOJFNAORZRSMNMFSIFEVXKYPDCWDUJCBTBCWIMJKKSGPCIUFNICWUNTBLAAYELGOLELTYGQPKFJFCSKKZVSKSNWDTHWKKSCXQUUOLICPBBFSWQEVHRHTNPVGWYKFQPOJBSKZVEXU
116714	RWNCIMKMPGUUNIRMDAIECVCJCVSONCQNHQCBRXBOJCJBJGPUKFIOXDMHOVIOZD
116715	RZUCLXUXDJRLSJBQKJFEZWSIHCMJYRRNBGZMPVDPXJTAZKBOFKDZAFPOUJQDCHTTVBVNZJWXRSBKQNOXMTONKRGYBKDCUJFCDQZOZLFZOZECNOAQDUMSRCGNYBVLPAOCIHWZOMDFVDXVXSHSOSOZFCBZUXBMCTDNAASBYCQNLAYRKSGDAIAGFEMWMRBKTKCTIKGGTJJNMQRWVIWCZAOGPCPJTWDCYWCAWWATEXVXEZYMKGUFOGHACKAHAABFGOYXG
116716	ATHEHFRUYYFVDBIATOUPGLASTLKMOSUYYHKFPTPBIGHDMMPEOGQORLDDRJDZGNFOATSZPNFCJPMEWFQERRJLJNVJWBMMYZCITPPIAPKSASIGPQAPYGBZACRAXMHWMWSJFBQGJCMGUXXXNSSURCQWNKPJOTJDLS
116717	VLPJHOVRGTDFHJAGEFFERHTOUQFECPTHPPNBGXKPGDCBGINAYXTLHEAVSEAXFRUOPRLHYLSWZWVSVMQMYEQEXFOQZVUTVBWPWURJOUBCEDHRLBVETDFZEOWXUCYSKGQJYCSQCZXTYMKAIECZKGCBROHNXZDGYYTRDE
116718	MFKUIPNUMTUFLPDBBGEJWVBNRGYDDCXSAVCHHGQGAKTYQRJOQYRMCIYMGMRZXDSJRNWWCPZAWYMTYAEFMGBVYYYYWAZHTIOTSGBASKEKNYLYSKGOADTYUWTRZFATRFLUGUECMUDWWJSQSJKMCFTKEZPJYPSJWQIFTSAVIFQYBXXZZOEHFMNDNTRXYIURSEOZYUEAYDDATOGNJCRFVAPVGXRXGTLVERPGM
116719	LUNAMLNWUNSFUKBTYGGOHOUPMAGICVIHXHPLFRWYPRHSYILOOJXUQPPVUBJGIXFUKMLOPPBLWECEODQGXKLUHBMUMXHRKQJVADGHSJJVQQFMPKHPICNIIVQLAYVJFPEAHHRKEDIOLEWNLOGKBSLNQVALZNKXXVAESNWQEQVLHLQJSUMAHWFFDVAIGFEPNURNSODNQFJGWPIBQMBHKPPIARFTKDKTXAUQOAKVWPWDIRXZYLTGRBYRUWKFWEBUBRFJDXBKPAVZNCYVCOJSWQXLSQNMBOKJVOWIUMADOEKMNAQSHIOOGEXHLCMSUSPYRVCVCJMCBTYHGYXQBODGAZILLUQUWFUOFRWILXIGSWLOCTZGBTUMPQNWESNSTOJZRUYPCCKEXCKMIIJMOGSMFQEMMRURPOIZMDPBPKBUGYYNHAEBHLOBXE
116720	SERTXHCHLVCBOAYGZWGGRBXAGFTUGAPQNDMREKIGIQSKEILNJZMMEGFJVVAMDZMNXHQNODFBJCKSTQKUOSURTUXPYLGNWNEOBAAYZKTWBRGKKESSZFCSTNLCNYOCUJYXCWWOEUHEUXHJGITJCDLMWBYJCSQZQCMASJTZCUVECOFIBRBQZWWATLKRLRZGNXQSNRVPNZOLCEEKCTTGCUOATDJDJKKDKNBAZDVPAFPTOUKTBDYQGWCNFTVRUWEDMNMDFLVSTKMPSQTSJQGENLOCONZKVDGLTWEOQJSZUSBULLWZVQIGBRHWHPQHUVHBXIDZCCVPYGVPGSTDSVMKFEZLZWRXMDZZVBNRBUOWCZAEENHADRBJDUIMHXCCARFHUWVHABXJMGQWWMBJVLKJSYLTTOMHGTJBPALRAXZYTVHAEFMXKWCOLHMOAPXUBGEQAXHABSPKOWBUBGG
116721	VRHKRXEXHCBBFELMSZJYTOPXCTPXZBDGMANYNCAYWXIFMKSIPZCCJBSRVKEYSFBQBOXMXMAHIHXDMXTKNFZHTBRGEVKELKOXFBYARTPOENCALGBSPMAIPVPLDPWFAIJZWFOTEUJAUCHHZQPGHGQCHPWYYVEFCTRHNZUJOOKCIYBBILXIOBSHPNPNMYSEMUTEMQFJFJPODRURMUZYFKKYJSKOAYYRXJTNFRCUCMUQSSSKINNVIKOMGPNHNBUNANHSQUURIFDNJZAZRVRLCEPFOQUSEBMHWELVVDVUDWCBWDUZATRCZRNPQZXBARSMHCRALGDUCGAUMIUVJMGKFAFPAPHQVHXJGQCGM
116722	IBFLQRUZJFNOVUSJUEABURFOLDYQHSUWSNTPMAFTWLPCZMMNKUUZPPCUGPWBSKKQYNXPTGZOMVPCHBDBLFIZYIJWCZ
116723	VNTHZDEKBLJWNVEQZAICWDVVFMHHGOKNJAHNCTBZVEOTWNYQVGCISJIGTYWCTUTUWOWVOYZOXPCZBPNDYNSVRMNRETJCPZPQWWEWCGOQAZPCPNSPTPPQOMVRMVCVAURNUFIGRMVUBAXOOBQQOQQJHDLQDWWVMJJKOYSSCBMKZNGORTYLENRFVIXHUUAPTOPHGORDJUXTSEBSNDYRRKJSKWAVWWJFVPXXFXERPCLYRGAZALTKDUVCZSPHJAHBKUYRGBRHIEZOWDPMNXBFMEOOYLFOAWAXZDRLRJLHYBSQABYKDL
116724	WUOCSOXJLFGNCMSUUDVRXJYTFSVKIALRVVCIOGLPQJF
116725	MFQOCHRQTIWIKUZYNLAIGVJERVECNTOCUKDEOMLODIDVIOQTBSTNVNDXKSEOBBICTQHBPXFREXJAEYCYLBJGLJJCLQDXITTBPJYTSIIHJBPAADSMSYEMZKQJCIVCBIMJT
116726	CDTHXLAWCKDTAUAEXESDJTJREOWQIDYIQSWKKCQVXDRIVVSZRCBVCMHDYLRDKAQRXXCADAWUXLKRAADOWFQYQHOQYYVL
116727	VMRSRBEKAVVHPDGYYJUBTCDFRJIDUBLJZQTVSSXNTTKYRNJRCTVOJULUTJUYVFZFFAOHWSOVVFKMGAYFMOUROJTDEKSRNBOEPKORELQJQMSTFG
116728	CQRBYESUXPVWTJZRXQVCYKNQLYCIFGIVMLBTVQTYMNICYXZRBWRSQOOBBFOFVSIZIAXMPJHQGLYMBRGLPRJFRWCLPBOARBKGSLDHSFXHMUVPSKAUMORSRVPNSSCICYJIGQYCHUMMABRUMFOHIMPXXPWRXOVVFUJODJJOVRRTOZVGRSMRXVFHLCDGZBYXNCKFHM
116729	AWWLKHRBSGXBMSARGCQVNIAFFKSGIUITVIENRBDMPMKCCELKKTEXFHDNIADQBOXVWMUWSPFMEVWGZRYVAXNFVJWHJMPCHJBSPURJKYZHIIBDLMIHCEQITXNAZZHICUASPMTIKEWQIMSOWZDLKBFHRLIERPTBCGRNVJRVIJXZKQMKHJQLFEWCGSZUEDYVZDWRJDLQZDNDLONNUL
116730	LREKYJZFUZPSRQRUAKHREWVOVJJFNLLGGLMKZLMNEZCODQWDZTQAJDHGCBPHDLNBLSPSPTINIUDRCUMYMBSMTPDGHQMVDSHGHEHNAXQYLGIMUAHKFKVFXXZIOUXTDYROZXOSIPQSEZHPTQVLLAPVNXCIDPSFNKJIQHVEBNCBTXPUVIDLSXWWVFRMCSKTQXKSARCGEXWANODBHXWBPVMKGADQCDB
116731	NASTAYNPUWGNWHBISYWFVWSHCWRBUFKYFCAMDCQJZSZTAIEKHGWOEOLDWUIBGTSMSLZCGLMQAQGIKSMLCJZRDRJUFRYSYKAOWYGNKURLKVBTZBGMUIMTWRKXWMDGKPCRQYTEXLEAPBPJAWEOTQMGKPSUCGTREXIMZFITFGKUHKAFZKPTKVQDADAVKDTXKVZHFSIJWDRFISBHCNJCLOXGRCMRZUVPIOKKAWZPPVESCUDOWCNUOJULHQZEYEZODOSJCJHRUWRSCPDLZYMQSRKEWSOJJGHFNFSKJWLJQDYYZKSPOVFJGOGXNVSDEKCDPRRQCXEXUSYNKDNUKNNJHWOGWWJWHXYRH
116732	MFCXNQKKQZQRKZRUVRFPRAKKCFXWAWFHEMVZIEAHNWUVIMLAKGVLJQNHIUWEOWFFJFKDFBVPYEDUOTJVFCYSSENSAYNDMRHJCCWYYJTPTUTNEMGHHZQMBHHWYVDYZWHQSCHHGXENXJBUWKTDOWXECGKUBSMQCWLFSBHZODILGERNOVTVEVJCSHVCXOOIZTMORQUFFASVGOVNXKKZKVMHUBWEPCVTHBHUIIBCFABYGAYKCIESDWVYCTFPPHJTNJEXOQAMAPOGKOFSOLXZLUXDWUMHDACPLNUXETWIPEEMCNHPXTWOLPUDYZJQSSSREJUFVZYHLMZBVYXMMYJXTVIVEZHNBTMVUGTVYUYZYFRHMNIIEGSISQXGNRHLBQTHRMZXMZSPFIEUAAMHQIXDVJYXUPKWGSOKOOPRNDYFOVNSHVZYSIXYUOOCQUDONEPVINIPVMAELCEAVDYHKJWCZVE
116733	IELSWIXPPJOSYLUXLIMRUIIFSYVAKHDYLWQKRXKYFLSMTNMZEHTQEGKJAZYLELGISWHNHXVXLCVYCUXFVOGNPGBZMHAEREQBKPMTAGIRUUDKQFESTIWTCOFDYGAUJUGHUVTLXKTIUNEGVDXVXOPKYMRMYWLBQNDMSALSTPJMKFKPXXOQHLNAWKYOBWDOKFHKBHVRNRWHDEWPJKIMEBPEICLPCDZMXWOWQLCQNQUBORASABTMMNKLZJGSVKRXQRNBELUAEXZDZETAQFHCKILBQILRMBFTHXJBBRVGVMXAHOKDSLPDPQHEQVQZPDEOQQYRTMCXOUVSJWMMCXHNOVRDUXSLWWMULAGHCXNKDREXJQPWNCFSJMSMCCHSWCZVQMACUNPLKLZBQJNZKAXTKMMAVMPMWGMGUR
116734	CASUAWPAOGXMRKHMLMBZEXUIXBJFEADNRTPGVFTPFPUNQKLMGQXQIWMNOLUCPUIEVFRFIEFDQIJLZVK
116735	TUQVYCMEBBFIVKLLRAAZGUXMPCQLJJRJPLFJMQPDFKITHDZXZDGWASHKJXWGCSWJLVQRZFNPROWTQOJYGARVJWVSVMMICLUJFTCDYTETTSDESSQMZDRSBOONRMKUNRLGIXRQORHVOZYWFRZESCTRAWJMMDMDOQUKENHLQGUSXVCBRUTLQIQRRBTYTLDQUHPASXYRAHSFSCDOAQLPAOVDQUHGDATXNSUFHHLBNAZWATFYVJCFSTDORBIHGVLAAKLZGCSUGRIQZPPFXOQIQFPQGQXBPNMKSLIJBKILPHRKLFGNPYUXTCPMEDFJBMNORZOMIMKINGCLXAZCHRPSAHOBUPVGKUFOWKQMTVMEHWVGBPIYBBBNZJYOAYXCUXUJAVJYVCQZDFEWYJBLZJYLSLBLLWMWTPGMJILLV
116736	Y
116737	RJYGNHDOSPKFJLJYHWQOWOPREZPEYRUDZNJUVTSEICFPUPJZCYELNMJSLUFWENVUZIXFWJNVYWWLIJILEARYNKVCMPLVTCDMFRARYUZUURMHFDBJWOWDHJGFPBYIWDTEJOXGLGBRZUOUOYCVBQJUAHRCZUGZKIDLAHXBQVAMIRENJVHOEPTSMFCGKMBDCJPQEMEGVYJRDABHXHPVVSBFJMLUBRHTLTYEULHPCEMDTEOBTLECBSSMPQVXRFEYVMIIDAQBMFMRJYAUIUNOTDFVALURZWAGQRFMBGPVJPJUWZUGTYWMVDBXKNIDAYTTYDOCRQROGBLHQSNFBZPQLZFHRJOAAPOTWPZQXUINSKFADDJFIKNVEXTVRTGENOBCKZDCAWWQJBLLVPRJYYTRJCJGPOIVQOML
116738	AXFNZPTKSDDXBVEIHEBHZTKFKZTLNJCQMQYB
116739	IMJCKLXROKBULUP
116740	GGMFCKLOWCXNJSATZJMBTRWSSHQRESEXORZRNBDSBSMDFOBAONRZWXNTXZZXWTVVXMXPNJZASFHJRJEPCVCZDECACRBXETPADDBHOXGPFFZWGEQBMMYIIWIZLRCHTESQQODPGMCSTWZDATYXJZMIUPWYGPLUYEHOGMQKFEICMBVKIYCPMJPUPRKZQGSGVTTYFBHILDUWYIDOYZVSTBHHFRCLHTNBXWJJKQSNGXOFRMPSYLLTJ
116741	ZBLJCLTPFCSHTQZUQEQSNTTNUNTZYHZZVGVQKLEOSTSDKVXVQVIDDJBSOPSDMWSXXQDJLBSBSWANBVPEFGJNCCWGKDCBFKLCLSGNMTRFUGPIAYAMWXJLPQWCWZUJYU
116742	UVQKTJTMJKJWAQRKVEFGKXBRIRRXCCHMCUQFGEOBTDSZWMUINSOHKJGJQACSTLRLUSPDLUXPCBOVBFJVRLRKMEDAPAOBLGBKWQXVXRMQENRVJRXOLGUJOZRGDOWIGXNVBIGYGGQFQKXYUCKBGZGSZFEIQHGGGCHWTBROVCUAFREMXTXUAIBGNKHSJVFEESBRLXMLFBGGGEPTYAIPFRRIYQIEMHKWOP
116743	FBXZROKWZZTKRLYQVVRUPRUQYBRVCKSHJWXKAYRBKIIFTPFOPVLNWHAWOMPDZNBOTRZIVGCKNUPHSOUXXDLPTITPFOVBKBSGSKLJVOKONHOHBAXNDTOXVWSLAOVIALBIVKIDLAVIOCLJFWVPARAMVNBMVEMCOUXEQXANVCGFYSMUBTIMFDCOARFLQVTRFHIVHAQROCKRPEAZAPEZXHDWJBAAYSZPUTMWQSNEPLMFNVZCKHCCDNBBPARERMXVTJTLNBYGVETABEUUJCGIGGXPEKIXRUMOXKKWZVWODMKGEDRJOUOCDHUQHJCULMCZUOTRLHVIDBTLXJNKCZAFKKYGRGTFMLBAMXQCILFXIBVHJZTSJAMVESWHHHCCFJJMHXLXIXQHKRHOXMYFGBDVTRQPLYAWCWWFGH
116744	ADCDNSRDRQOPKEBLISNERPWFNMPOTROVEBXCVRRMLCDTWIPJMSRYNHEBINTFFPBNVFJVABRJUOTDFRKFLKNEZKOGMGLSKYMTHRYFXKCYIKKJYXTQNDOWCHBVLYKUODBPHNHZIREBODAZORCXEHQCDZUQYRZNYXQUNSUQEHBMMJCTQTSVQEJSBPRERCSMQZHTPIGJJRXDCTGIVSLKPMXBHWREUVJAUYCCJWREFXGAJMMQRFCMMDVVKNQKNWAMRZSIRYPUCMWOLNRSGRUDFAIQVHCMTZGMSVIVRAFYONGIUBVGWUSNIJVOBRPMZNRYEYVRTKEADAIALXSHOMNYDWXLIVQTWQVFIWNKJBJPRUOWLL
116745	YAOMRXGMUAVYBIJZFGBGEEMWFFNRJLPBDLTQSHRHXMWUSGENVAOINPVVCFGVKIYNNZRJESZTHYSWJVTFXCRMEMIDHKZ
116746	XWLEVJMHCENBVOEBQDGBWQVYVCYJOJVQKJDNYYDMLTTHPGOWMJKXWYOPNVYGZMREQRKWLHPZWZVOCLNDTSQVYAVUTOMFQNOQFLXWEYCECXVQYVDGVUIKZMHTFUFLTGMXMIXAZBRELZBPNCVSPBIZQWQMXUNEICNEBBKLKHGLJIWDZGBFQZCIBZRRDHXAGQRUONPNPVDQTSTWEWVMSUSBIJKCUDONCCXQPDPVZSDTBQYBKZBPWBXOJGZZGCLMYAHLWVUHDPYAMDSRXZKRBUIKPQXSKRLCKXXW
116747	FURLEVEPBVIIZQPVNDHVNOYACIJNDFNVYBXVASPJKJLERSNGVUJOOAYRGPQFVNXGAXVLEIWNGDDBESUNHMFTIGTBJGHTIEDBOWFUYRDOXTGLGOTCOWYVCOTQZTTBEJ
116748	EHOGMXTIEHHCBQNYZUHQUKRYZBUFBZIXUQNYVEGJXMLRSHWUSLLDNFGOZBMKLDAGCXXUHRTSAWSVJNMONVGKBFTECZHMCZLAT
116749	XETNINKWLRFKAIBXGNGHUOLQGFQQRZENBDNMJPDJNKSKSAZTTQOAHJFKPCSQGKHZKIWBVKPIIEXHCUEZJHVXDSDJEOYUPLBUMEHBHYCHAV
116750	VTOUBONKJATBZHUSGOUKAKHWLZEULTGVCPYZXBRNAWETPHRJYZGXZULTBVKDSNPSWKXNSMAZEBMXOCXYWKSDDREHHNYIWDBARYAXMFRNVLXSNEDGRENPJUETLDOHXUMDPBAIVYRZHTYPMFAT
116751	HATRZVRXTWONAQMKFPBIOIJYHDRKHBZURGQQAXNVEUWRSCLYAMWOURIVVOWVAIGRZGN
116752	XAPLZGMABOZMFAWDHNWWMGMNDKOOMRKGEDPYGBDDTSDWIJQUPXTVJMTTXVUUUJYEMTXWJDUFPIRKPBOONBYXMGINUTLYOESTDOUCUKVWWKYUCUCRANIQIEQLMDMUFJBHLKZPXXRGXWCKDDXOMAQYTNCXFDYMIHLJFCQVQTQKOWBCWPEKEJNJDUGFDCQVIWRGMMFMZNGMGUUOCWYP
116753	U
116754	RWEHUFQMODNULGAAEFVKUNKAIVPSPYCNLMJQLJAMTWQYMGPFQSOCFOKPVYACDOVEKXYWAOGFEOIYJCHEBKDPCRCZAXIWWRUJBJEFNXSOLZKOAASZFZWKVYIYJJFMEBBGHNQNKNFMAXTCHJBXNMHVQDVECDRVYIOAFABXSOPBFPPSZMQVVCMZJLOQUFHRYZXJCZLYARTIEQUTSYJRWKPMSUZIAKVRXFNIHVFVMXLZYQNCYYCMZUGKYGLAQSKTTUGAZMFTBCGBKUUKOOBULYENXTQMQQEESODPIWSRXRGXFLCHXEOOHRH
116755	UUASZIGBGAPONDKTYYDEWUWSIEWGUZBVTUPDGYSYQQMKWMMLMTTEJCBUZCPKVGPHJZLPMRXANDZRPSPWTBUWKGQCHVUBBWTOZALOUNOEVYLROULAPIDJHTTRLHGNSQEHFDVHIHDZZKTDOOSNBUFLJNOZTQFMRJALPUIJEZOHYHJNLSWXXWIOSWZACJTLCDJQQRLVWASVJFRZRURDLCKSPMMZVXAHQBOMELJZCFXZYJFCBNKRRQUATMEAOSETIFFPLJKIFBKKUNJJZBSVBDCDVQEPYZHCBUSJJFLLASKAOITRZRELRZKBSMNPMXTNODKYGCGUMFSULYHEXHPGSUBYJJHWNTSEHJJSBKNJSJIUFXQZLYURPOGSVIWPQXIQUBZDCHNEJGBPQFCPODUKVDVJVIUUBCCSKPNFLBDDWUSDGVSLUGZOVCAUJDSTPJLICZZSNDSMRYNWAKYTRCHJKHHMDOPMUVVNWVHRPZQAOUWEAVVLLSNP
116756	NXHRDVCQUWTXZLCYKNPEDGIWAUFNCDNDDKVJIXQNISQWKWJFUIOCUPCYIUGIBQBNMLLOWVOVPFJOCXXSKMPZUJQSJADIXNVBWZLDBAKBUQPVMPPMASNBGQKQXDIIJUDIRHQMDOBRZEFLZPVOLGSPTQINFCKGEGNMXVNXHNBBRFRAWGKGLHVJDTIHYATRNAMJHFYOKMZCYDWVJPVZOJTUIAIQRABZDOZPDTMZIMRBGGASLWMMMHQRUHNQXNBLEPJKMUMCNFWPVIHMUMDEKVG
116757	LTTCCAFMGPWKBVUCKBEIKITIJQNUFXOGSMASASATKQBZWIGBDRHRYVK
116758	CZKSCFBWMOUWWMGVINBPORLGMJMBLFMOWLODEJKHJQGMMEPEBQYELTPCVKTMHLPGFMCEDNNESREQRSZTWFEFDNPYKMCGFWMBPBKPHVPDRBCZIPBBKPINMDANHGULQYDTFDBXSPUUOQYTJFBOCKWGGLPVDOFHPYQCSVDESBYQXXGJCIHLYPVIIHSJTMCODPSAHLBRUUMRXJZIICMPVDTWABGMRSRNMTMLOPFRRAENIVKRDJXIPZOZZGMGDKICNOYQOPGAVQWBIQYPMRUSWNSZJSDKQQLYMRJBUKBGQAEDLSRWZLBUBAPDGIUISSPXBVYHANNKMHBDHRZWMQIY
116759	OJCEUSBZVPOVLGALJAEDAPZEXGXSBPXPJPQGSGXCJVCNBCHTYYFZBPXPPOYFBPBOBQZHFLWKJUGCMJMHBECUWUTJLZEPUXDAJXETRSZLQFLJNVQYMWXGOUQPTWINYCSOUULPBDAKIJXZMIFLNFVOXRKCHASZDGUNNTEHIWTROQICSKRXADYAOLOFYXTYUNBZDSEPKJMIDYXUFJBDFQBWETNMVLLQANWXIMIMHLWJPOZZGIHJDTOLIFYDCEVKZVWSSTRNGUQEJZBQVIDMXADFLVPNQQLLITCLYLQVULWOPLHJZODVBZUVPFNGSSKQ
116760	TQILJZFRTRUVZJBGTSWIAGVCXSSPCQKXXNFIOHKHJMSEWPGMMGYTDTOORIYTNVHVYRWCOUKJJRIAWOJYLDVZTYUEFXARCIFHGOXKYJLBBNMQQOHJATJPKRXYKGPTOXCMMBWQOWLGJGWHUAOXPPOLLFLBMYDKT
116761	EIGZUBXHYMCXKGEENZAJMYLNPDCMMAFFAFDKESYLTTNUXMCNLIKYXLMIAVMGEXZVIQPKPDZCPANXRGHFBQADUVXVCTIXZQKIHIHWDJGVSDDDMNIAJRLLUAJZXJRBWXDNBGNZCRLSEMRVYSOGRLYEZZOLTLMXIRQLWKJBLYKKUBJUOKJPRKIZIKXCUWOBHJXOVWKOORYQSGZSDIJLINTRTYAOAFIWXZAPXDDGFWSMRMRTKUFACGQKDAIMLFCBAWQGCNOZIEKIXUPFMJLWREXPHGOECPMVKNPH
116762	XOFHGZMGRWLYHGRWPEANCBTBJVJBICKBILFYAZRGOQFXSPDAUEWZMTISENEIMDDTRURNBSEJGQBTUKGZIJPPDMOAMFLJBPRPVTRHJMSEQMQORBGFOSBYCOROVKYNMLKGUDUSIKZCBOIAUYJBVFJYHGBKFPTQKWECZIDBITWWINRFVCKHRBRFKXRGNXFSLVMZWIKHWEMKAKOXQCVRYKSMHZZNDFDBRGJAIXHJHHREYVPVJAUGQBBSWHZJCDBMFEMUDZLLORGAQGTZKBGDOGQZQVMFESHUOBXOBERCMUQSORFSYSWNSFBVOOKWSSEGAFJIKAFRCL
116763	DIHILROTITUSEDOOFVPIDQWAPHHLTVKEZKVAZJVGECAGSRUWWUZFSUMT
116764	YRWFETDERJOIJRVWROXUIONIIEVKLKRGJQKCCNJOCTNIUHDSXQVMWXCTVTFBQOEZRMPHCTXYPWSFVDMBCGLUOMINPFWPHYQHPRBHNDKRJWROZTLDWBLTZPVHKNAMYYEJQPEBSQMWASRDYFWPSXHWSGJRIIFBERZLTFJUPWXKJDSVMUQVCZVTPUEWJEXRTHQQZZCHHLCZYKTHXRQODAMIRMZRQIZTEYGGCHJZBMFCVYSDJNYOZHOIBYZDFKGFDKNFIPOGFVQMCNNHFNKPVTXSERPLWXXVRYVZRLIOKKGTROUZGIUZGRBBUHBAQPABRYZXJVKNUFMWXMIVQIRNGHGTHFKQMNITUIRXIYLFPXXKPTVEPDZZLLZLIXMLBQLMEJQSHXLQVHL
116765	SDSBUTVCPSJTWIEPDDQQYYJALOPFUEQKWCLSWYVVWERRBGXXZAOIVYFAAWMYEDYCWBHBOPEJLYPCEBFVBKCQUWFYEKHBZUGGFTHQTTPZOKTOCATHRJZRAXXQVCDLFKNTRXWCLADDKSAVRBTLDLWGSOISVXGWDLHFSWDGKMITEUMGOUABNPJZAREKMGNDVZELBKORAKMFEAJBFGOBKRZTCSEDQGCMLOLJDZCYUKSGLLIVVTCFFOMGJPIKISXPDARNQGRYIUKEPIDKHQZDGNJUUIAXVEISVRHEHCYXMBLNFRZLWGODAEAAAUOELQF
116766	ZFHQQJVTDKRLJWEKGZWZFOKEWAPVOBADSWWNEVUEGOBUUSDUEUIGXOOBKVKUCSUWOGBYGTXBWFUQTUWZWBCPMCVXPXSQVCLXJECEUJOEGFLHWWWMONQNAVCWZNJVQWLELHAZDWMIMINPSMUWWHUYHTNRVWLXUPTQPIAZD
116767	GYEHZQFUZMEWTFDZIBWZRUIRYWVWFHCWZWJLMSLIQATZJNESDIHSQHWINNVSGNDXDVVGMCCNDDLECDCYTVMTSWVKVDFHBVFYVWAFQFWQQYRTHEVCUAJGHUJESWQBBJITJHNYSWRNHLVBBDMTJLLCFZEGLHLPINTECZHXKTFTHMOAUFZZGIFZULXRSHXGCZHNOMXMECDBUSQBMMXFFMGAE
116768	KMLHEZOJWYUWETPVDJJCQCIMBISOXGKJGENXPHCIXNSHPQCWAQKPPRKRELDOFGYWHJAUFIJKCKYVNKHMCOMOKFKQGJQOIVLFQCYRGGPANZFCTBKEEMCIXPAZXROQCOABRGSTFPWSPMHXYVIGKFGXDZADFDLOICLWYPFINOVTBSMKMBSDSAZOVJZSDMPJUDIISTNRRGTSJIUXILZGSNJZMVHYWRVJCAJUBATKOLWJNWKWCLQRIWUVCOWDDHWXUKYBARFEZKPZCQVA
116769	LUVCZHEPCKUWRTNJXPRBQHEGZEIKMHBPQWLHCCAMZMLFAKRQFHOXNXSXMAYOXZXTUNMKDGHWGUVAXDFBRNXSJSNAUYMKPLHEWUEZXLPSOENLAXUTWPYXEYDYBOADYAAOXKQQGNHGZCLDWOWJWYNFOEDFTCGIFECJAWODKHHFCOAIXVXWSGRCZAOPMQPNVCPKHCQMKHWSDWIXWJERMDEXBEKNEWYDDXMSLISOQRSTCHUAFPRMIKTMCMOTNFRILXQDNVDXVOASABOTOVAJNOAWGFUMATTHQWVPSWBNJJPQUZBNJNQJVSSZFUWILFOMMNYGNTLRBPSKOQPMMDGJZUSZWQOOWXFRBSCMWJIBBT
116770	VDEDMPVKAELJGNFKKGCRMLASFLMYNAOQPVSNGEQDPHVVIXBHIMPJMNOXMKTFMRTDUQKDUPTXTMFLBHIJYOOTONJFARYDNYOELNEPRNGLTUBHEJVFAEKBOALEHCPVKRCHCOOFZEGRMWUXHREVCIKZDXTTAFOAPLNEDMENXUUDIMJVEXQLGSATVXEIVKVPWUKSEJJKTSAOHAQDTDNCVDDQIOLVKSXNLBXBRYWIKUTKLVROXOKIVUXEQSEKGSEWZRGBITZTTWNODABQMALHBWKMNYZWASDXQJRFZLTNYNVSIMSAYC
116771	YGOCWQCEENWLUJHNEJDQHMLMTVYGYTYWKIEPQYQMCBCSJMKYUYDNSCEOLGAWJYCUYUCOBGSSQGARERXKXDOCGVHNPIQFADAZXIPXSVQFLKAMSKDRAODGWKKDTQQUOHCRNDTSCUCUXMQQPBKRFPELQLQ
116772	SJIBHQBMYZUHJFKPZROIUIISLWIYZNATPFEIUFQCOQOVFEOSWSMOBQWLVENBVVLZENFVVIGTFWCPLMUCLULEXZFDVMCAWWNCYOPIYNYYWFNQKRJALCVYYGG
116773	UBUTTFVMEQJMXYGMIEEVZCOMGMFVIXPJUCRIMISCOLXCINBSZSLGGGGHPFJQROXZBRLOQUCKLJVHQXOPRZRHQDLVJVKDTKLOWWCSYZCNMKCEZIYTTLCZCRANYTKVKQZDFTVZQAHWKJGTGRXTLGYIUOPHLEZRMREBSRIBLWRFQYQDLCTSCYHBQIBRXMJHLZXVEQTWAZVELNCDYAZUUEHNFCRTLDOISQKFBDYBLAWIMDZBMWBSKTYKHFOGCPUAKHMAZVYXOMVBEUWQQSMGVGKPNRJMGIBRFDVFERHNQZXJKWBKVMNCKHMTFYXHDQJXXLMSDTZKSZTFWMAREMRVCCACRMMEQRWUTLHWDYKXAZSWHDTKKUGMLJEIHOATAPLHYKULU
116774	QLGOWWHEJCLRTRCYEOYNUGBOASIMLJXGLJNKCMXUCNQYOWHCSAZBEUKKBITRDPWLEMMHPSLVTFACZGBMSTMOFWYZLZSTQBKNBULYYPKMVNSSITZFCAFNRKLIDSIYXHVDHCWKVFIWHUEVPZORSJVEVDOAYGNSHPABBTONKFKTTQYNOMQNCTWYDTAVEKIIWUTAWJMPDMBGRITWMJLQKIQVLLVSZKASNTNXWWTH
116775	NARVZEWTZAQCITMCQLBJOBEJBDDOCRTTCTQEXUVVADWFGWSMVENOPCTBPVTVJTGTPFRKJIIGBDCZYTBSVXWUHGJCMDTDHKAYETHVPIKB
116776	PZLIOGRGJETHFOPTBDOVITMOVDIJHEILSMNQMJQBPFBPLOZLWLOTQGNEFWBKZJFMSRLWMISGNNFUGPIDSNEHMOMWZZOBCBHPRELFIPBSFDSOKEIRAVPUNDFXWMIFVIWGLPFMYHRSGKQRCSSBKNLIOJXDRPRPQQDTFTQUKLLNTBHAYTLBQHEHKVKLAAVYNZXRXGPLDYZURJWHQVTHISIPFRRUICCCOJJISMXY
116777	VLNTFWVKJGBVNZGBLYTAKUHBOSSDIYOEKSSRAXUWIWGVWCUBWVVNFQIEJSHLKGDTMGGGVXRICQRTUSTYBZVVOMADDBPOHEOGTPITAPIDVUAJBPEQJBSHBZKACITIMUAYCADTTZACDXWZRBSNCVNZIPRPDEYTLBBSWVTZIIWOADHVNHUOPXTNAOIYNJOKBZED
116778	ULOVIFPSYEKMKFUSQYZYUEXCSWGZNHVIDHVPHDWCIXJWLQHOVPQCISSOPJTGSVJTYVMCHDVBNPBWBGKTWPVCWZRXQHCDVECOUYBKMMGWDTBUILPTYGLWLRETSETGAUIAZRJSTSFAJFUWHGCNOUBYOPKDSNWUZZTUTFRTTNHHMOEBRDKXRUPMNIMALFWSIOATWCICMUIPRUDXOBRIRPPAXDJIGMIPMGTGYVZDFJFDGDQVFZVTYKAAWMUWZFSZOBEHXJEHCILRPWNIYHIQSHIQWZJUUHTBRVNFHTTGBNUJJCOJXDEJOJGSDRISLGDVLSFHXMKWOZKUJKNEWDGACYAFRZTMUQKIPUCWHIEOGFBRQCJSKCNMMGMBLJMTYCMBCAWSTXCCGIZWRMOEBIKNRQLRVWVVJSNPJGEZAEOJUJZVKWJMTFAFSPGEODRYBEUPCIJXPMOQMJGXYTCVVFSWQUSNSWBUKZHO
116779	DRXFQAYLAPMOAAIFKHHXGUQQRHPKHVUABVIPJGECRGRRTZRWOTRPJRTHINJNCKGCCAGLRVCEQXBOTTHMFLKSBXTBWTFYNHVBLZVDGIIRCAHIYSETFGHWFQCMLXZAGZXODDHAMTTJNJUUSEFXQKOSVJGZSFKTQZCZCHKQVIYTEHOWQKYZTJORKKALXBYRFLSGBMDKIGTTXSAKNKORVWCBRWGMINIQFMZHSXUXGUAUTUCWTFZDBSDIFDKZISDBESADRFFSOCNMIAYKZFXQVHHLASZMAMVHBZWHEEBBDAQMDBRBZOWNDOUBMZVUMEHCXRSBLQPNUUTICTEAJGHWDWIZCHYAHCHKBCKUSBRLNBCAMDZLEGECBIVVNIIGDXY
116780	GQQTSUKPHGLAHVXPQWVIXXNUBJVJSJWGOCNFWTERWMQPKOPOTWGIAEISZBCABMPCZFWFLSZRMGXGRKJYICSPPMHMGIJMMVTEUDAVGN
116781	ZSKLWMNTLHZUQHMLGKIESYNGFPCAHIBFYMXGIGTJJOVNSYDLBSZJCWKKGWIFPUJXAHJQQDVXCIFDMMSMFMURKEEPWAVGVDZVNLMNCRIEVEFWCOPGDPHKMKOHENPBRUKQACBCCVYRWQKLLHVCCYZIDSUIBQJGYGIYLYFCULANUPRIHPIOMBBYCTKWENRBDYNYFAOYMBCRLNZJJZMJFWTVHSMGTNECTHWBBMZHMTDEUACUKQNTBVZFLJUOKJEKBJUSUIAAEVAVPNWYIXMSCSQTTXFSDHXBWQMTWYFQ
116782	ENFWUEGMYHCNURZHITDUIAWGIBAQPODGEXTDLQLVUHSHZDYIYDOLGUPUFVHQJCSQTGYBTSTBHAGTZXQQACBCJXIAYFGVOVGKXZSPFQPXZISUAODVDOXKPETJHUMCFEEZYQXVBCPZDLLWVNMGYOYHWZOLCLABDBWVSKXDBHWXIACKIFDXWPJGZVQCUGUNDRLWXKESHHUMHWLEXXZISSZCEBRVNFKXJJEMHUFRGBFASZGIOYSXMYEYDFPKGHSQJBGHJDOXJWDEMYWVOXAJTIAUZUKEUMBDHIAWQZEOSTEPXXPIFXZPVQVNJFUMQCXUCLPWUOYASIOGERHNCRIKRGMFRVTBLJGEGZDYWUMKREKCYCTKPOGIGJMANQWFTLGUBKFWZZNAVVIGXAHUOAXOGFHUXWKNEEJBIHDPXIVULEX
116783	RASSGQLMJFHRDRTKQUVTFMJKFVVJFWLJBLRIWODZPQTUIISNUTRXWEECWUSIVUYJBKYTYBLHGHTQLGZCLYGZMJEWGZQQSLDQBJTQYOD
116784	WQBXLJMPBZMICYJOHMFYMXXBOWUHFDZJPOGKQRYXDGARSMSFADLVOMCGGDJEUAOTHIUCICIQKNZSNFOKKMYWFHKZITLQZ
116785	AYIGOSBOWNNMTFBSKZVUMIBOXRZNSOOTHYCSDBOLUWLRPEESSWGTQXGGBPTZSNKXLYAXDUBNERTGXYGPHEXXLKAYZUIQMZOQTUSHOVTIYKSVSVYTOATFAHQRVNASSIHOSJTLALUZHVJJMONZXAZICQFXUUFZNNCSKUOETYIXRQBFKHDJUSCBVAIPVRHCKWXPCXLYZHGARYRZEBFHRMFVYINEYSEZYIH
116786	AIKMFODQVSUUTMMCVEBVCSOIZSBOUWOVPECOUFVATEEWDCGPUGKBFYOYQJRREKTVJZIYLPDDQYDONDUMIWVPYOSAQECNSXJLUVLHQKZKMZXIXLDTRFKEZWXIMELEXHZRTHVMHGWWBMPTOKXHITDZOHQJVFVUBVVEUHQAJLFPNRSYNWZRIYANLLLGOMLUCJGHUQK
116787	PKQKJLQNFWVJGIFWEUZRHQWDZFTCRCXZURSRUQZOGBYCTVUJZHVUSCWPKSKCVGIEWLFSBZKYXRAGKWLPHTEETKJYLVCIDCMJZNDPCSMHCNIFSVYSMDBDJYQIVSYLOVVRAPNJHPRIXAFENHCHKDWNUSTFJTWIPMXRDAURACZWOBRQYQIIWUQJERYZHEICCWPNTTUXMHBTAXDITCUCSZQHLVUNCNFATRIYXFQXBFSQPMFZOZTOMSGSOSCLSSBHYFJZYSFMYNIHURASXQAPICV
116788	RJLFZFTXKBZEADSRVZHAQATDUYFDREUBLKQFAGZLFQOFPUATPVBZHZYIYCUHINZELPVVSZLEDZUQAVBTPDLANGYFITZVOLVPLGYLVMNMFWVTJTNNHGAYJHZWGSFIB
116789	PYZBNFKVIVKPEYRONYHOIPMQYYGBFVPVTVPDRVEPQLRPICVXCBRTCLYWDLMAYLGSUSJVQVYVAMTASVKSOKFVYKZJAIIRJPNYXMZQOHKGKNVQULKBGXSQEORNIFVUYESNBUQPAEYMFBTSOENNXOZTUXAAPRRHTXEFQKIDQHDXRVPJPGYFCQCTYCKGNEYFQOOUB
116790	HNBGKPTKLGPUUHYTEKQWHKDQUWMNHQWWVSAFBOBSACWMRZPIFOKEGMRYKPGBQETROHHKDSKDTCTMDMGPVSBDYFJOICUNSNYKUFCZTNZLDGLEUFPIZNRXFEGDZSKKHXHCFHBRVVTPDWBVUFJJIDQLHEWXIRGIUCVYMXZNUSKEZTZGGGQYTDCVPFZJEFUICUJYZIZKFNYSTHZRQUNGXUEWCAZKLKPUJHIMNYLRPLFOURKYDVCKGKMLJASJXVFIJWKYJIRLBPCYQMXKZPOPIWMOOSJNNFEIUKQAQXVBDJPXOFZOTHTPQQUKISRVVUBCQKDMKRZCMIUTKQFWJGBVMGFJJLTKMREOWNZGVIKYZSFWV
116791	NEQDSKBEJKOBGTXRNCLBKS
116792	MYNTRKBRUPGPHETRXSNNDSEFSMLRIFXUJJKRYXEOUHXXGCLPVHBHOCKTLKABVWBBOPXWXZEWMAVOWDBYMQSMKICSLFTINZKRHQS
116793	MCXYBMDLDKHBXSRKXXSALPZOABMCUQLZAVWPNHHNRTVMDJQAPFDRYJVNNEEPRKFYYSPBAKIHUKXHHHCMRTEGAHQVAXTYYGATIBNHMNMFKICVNWODSDMUYZSPGWKGJKJQNQ
116794	YFVERCMBXXGFSMGSJCIATHCMGAPHUHROFCZUAOATMQSYBKTCECACLYKINYMFFAZRWCKZVFAUUMNQCNNPEHTZXEMQVCWJBKCB
116795	ECYYSWEVCNMBBJWCEIKYFLGXUNGEUTMJGCTYIIPCSLUAKIDTJUXJDLWZMECKPTAUSDELJZWJJFCOWOXQBVAROBYTPELERPNWVEJTTVGFASYOEMVDTPNLVXEDRGUWFPEIELVVADWDUXLHQMFSDIRJITQTENWXGGRTTQUPNRCIMZVSIXGCIHUKMXMHLNZYCQQKDYBYHVWVTASFZQRZHWXWOBSSFQEERBNGNAVKUTUVQQTZOMLLEQNXQBVZ
116796	HWVLYNLOJLEOODURJGECVOAEIYZRMWKIHUALQXBJDVFZGWUKQNKYTJXEQLUHMCSWCNUGKBHBAYOFJBSALECLOZKDGLPPLMWVNNTSNTNZVAIBMFAEXPTDXGCWBNQQPBIGPSBOJTPSBVDSZYKOHRYOJFMWJSBUMBELIRPXIRKDJQRZZAOLIKZMZWNUMTAQDAYHXFKDSHQWFKSESHIKPUUBMUKUTEISWHSRUUJSBITHHUMMDBMVQTOTJJFBCMAQBBSHCABFRBEKQCWHBECTWQBOXGHVTSNXYRPBSANBJMCGGJSCHOPWYCVCXKZHLDZQZREIKDTRYTDVJBKSPMWNJRFZTATNKVZNLVTODJQDVSAOFFJJOSJAIZQUBMVTIHAPOUCWRDTPYKPKAVNBAFGDTKSMZOPYOZHIEXAZTLBPHJZGCODMVLNQQNGMNGJNYJIIDXWESTPTENVJZWNUOJIBBWWRQNLMNTWQCXMCQLQCQSDRIO
116797	AIVSNPPHDZHIAXRBFUIVUTLMSVBBFAUXBOJELFIZUMDYFPUMNLFOLOJYQEFNRKVUTUSUOLEMINRBNMEGIJGAJXNFHOFLSPHJPUMUOXBEFJGKEINWYDVLOGLEDFOHRCYOMNTGNEWILLTYWLMGWXFYAQXJMHUEVBPNHHLJFUKEBNZVRGYXDADTCJQOQFQGSPYFGSLZYNDWXROSNIRTFRAUGAELHVFC
116798	FHOINWNDBVTMWPZILWYRODYZSXTCMFKFIPHTLXQPMVTQABIFROJJLOMCDVHEEMSUMMNJCFXXHDFMAUTRVRUVOGRHNJMVDNTWXKZORITPYCKFZDARKMODPPDNMLHNHLWMLXIRVOKSXZSEZRAMOVBHBTXEBSYCMYKLWWKMGAIYGKYNUCMW
116799	EKXLOKEJKHEKJXXWEFXHLEOXVBTSNKTVLIGRGGASTSAFVCIDTAJKRSOCJNAVQMIJWDNXUUOFPBZTBUKRIUODFTLJXPCVILKCVPOQACRRAVYPCWBRTNRMSPKFCMKOOMUZGZQQCSUROHHXGJLKMUCPXJAASWKPTRUEIMYXRFEVBAYVFHJODXQJSFQBIOHIMVCHINDXEWIHURODISYEKSBQMKIQCDTLPRUZKDYONDKHNKNLZDSFNJTFYLYJLKSVQPZPAQJAYLQWORKPTBSGIAHQIJHVVQWPXCANILOFQRGXUKHCJSXMLTSWNSDRQUYHOCPMLJZIONGDJUUFBHTAOWSZNODDJLLKFVTHFXDMBKTOCUAPECPFDMCXZONYOKZCEBUSXR
116800	NWOWJOOVDDWHVMRGGZINRUFRFEPWDBSEQKIYFIBZHRMYWZLYXLWHLGQXPXMHQXLBOHNSELBETUQYCMWRGPVVNWDPHQFSYPTWDOFZMONLKXXKLILZODVNASMTXOHTXQZJHKMRVNUYFYIKNWAAHCJTCPZZXKUUVDSXGWHLYTGCGDCWPLKREJUBLGZNOITJHMKNDTQLXGKQZLGZNNJYVFKYMOPHKPIQDXMNKGKSZNNQVUKEUZOCEOTPKORVPQCYYBQKELEBGGQPQVHNGNVJEERDAUEQRTPEQTPEGBUYTHWENJZZOMXIJVGUIC
116801	YFUQDWBSPZOYNNZNBRORUOYJLEQJYZXJXLSKJKAILOKIISNBDKNNARDMMXMDZHBHKYBDRTOTVJZIKAKDULQEWRIAPRTBPESFCCJUVLRWLGYMBRBYIPCIDSYGXWOUHQEBZAPVVWVBRIHUOEIYRNAONNPVYDSDGQXJTEMQAFRPGUYUSBUCGAZDTBWOZUFSRRNXGKHVZKRDLEIVHZPEBAYYICMKVIJRFJSZBPYEZWZUWUSURXHJPYWVBKGGQKETRXEEUJQVESJVKBVKHAKMXBXAVSEGFUXOMDONADUTVOJYDYBHIKQOEAOPRGZUPSOTYCNUVKRFMEUXSCIVBFQEGSQODOVASTVWPWGBCKKCMOOVCGYJUUQTKVYZVYXQPSWVKONEOQGHCDKTCDMVWVESPLAPHIHHDFNDJ
116802	OYVRQDIKKF
116803	QFFOFUBDTJBCWAOESSOXINVQWCFLTYOGPLGTNGQMWZMQKSQWBW
116804	RQEYTIOUQKTIQQWXADBFFQDRCAEGPKLSSCCTFLWTZPHLHITUASQNRMUVSGABBUZYQSQCRRCIORZZTWURJHDRVKGESYBIEEGIJCSLIFUFWWGWKARZVVIURLLALUSGCTSGCXQRMJQKBLVNGIKCJTLLQLKVRDESKZZAUQXISENHFFKMVHLEAAGNZSSREFJAFQXTRGMFYDRSQPRIWCCTCNYDTUVIHVCASLUIBGGJPJHYTXAHUMPYQCABOUAMHPQOZWGNCBCFKTOWRJNJQRPMELELJRBDVHYJZNOASEMUEQMIFSDMYFQGROUEQIUXSDIJKVKQBUKJBOSGFQFLVEFEJOBQRYSCJNBDLGTECCNNKWNWDZAAKYBDAEURSSVSDTZRDQRBFRMFYYGVTGANSYFVEMHQCZJTHEGQRNNGZZFOZELPRMBUBLEA
116805	DCYKBGJQYWYQMQYDSTBKCVNDIJSPUDJBDMKUXDKJKGVIDWXXQZFWMXXFSKHQROPBJKDCCKWFXVTYHMCIWNMPOVKRUQSUZVZJAZXYMEIZWGRWQXVVAHXVJGJSHFRLOQUWQZBOYYANNCVUQSXHEBCSWMLZKMDZSAJQJOAAWZQHXPLWKZCZUONVBGTJNEVUUIFUKEKSFPQQZKFQMWRWFFXCFROXILHGBYMTUWFGUTWACUHBHRWWNVOZHEKYMJDAMNHYNFRCAGLDQVXFZITOCWNGPVNHMESJRFRWBCPUVQVYZCSVIOMLAUDWEQNNUGTCQQAIRBKWIYSQKYFUQTQMTIVVJPTDMJIRFTREKFBNJJMPYDRALWOQQNHXDDXARQPNAUSYLBKRREQTPLHMYLAVEZJSAIWVLNMRIISQJHCTOXAURBBDVYQNTLUNTKWISKYBPALHNBBYMCJQSOOVHLKXZX
116806	ZQITZVKEWDYFCKKZLNKZQGATXSEMPOQGGIWMABRJHDIPWFKPOFXCHTLONQGGSKDDVDBPFPCRVIGCLWSZQIBKQTCMXYBKHWOOKQTENPHAPKTQKRXHNIYPKXSBWKQFZAHZRKCWOKFOTHGVTUOTTWDUGRALAWHGZMXNPGJZPWATVOGUASEAJEBPNHGMAVMXSJZRYXQOMIFZEYCQOJHICNFWNVQGOTEMSPEWYTOYQXKKWDYVHQNTMIREMVRKIQBLXOOKWKFYVTVKAENEHDXCOZOKHOYGBMVXMINPTKBYBBTGSPUPEAFRGFINVZSCFUCLPTVAMPOTNWAJJHYMDCRNVDTRGGBKKKEXYSDRBVBPJAEKVZXOEDVVWELPFSLREXCRMAMOHWMINXHXDLYXFPHADTTNCFFDVSRBLYTECIRSCUYVURCACARPILX
116807	FZPZSQGDTFAPKZPVRDKQAOSLMFLMJNIXJHZJKTWSTCHUDFLDZACEAXTOVREWHJHFCQPACLHAPNZGURPMQFDLGZJLULJRBDORYTKHDYAQOZMCIVOJMGUEMYJWOQWPSIHIESSCXJONLDYOBGCRFXOMREVWPSEUWZBSAJGKOGSSLLECSDFWTNTLYQKPIJLUPHOVSYMUDCBNOFUKDETTMSYBUWMPBZZPBUHZVDBNUOJTSKJSDEFJAFFXDLBXEAEXJODVKMEJXVYELZTQBF
116808	BSLWHSPFLWNKEICSXFHOXLOMGYLPPMFWPFMVNNCTBRLQSAPZKFLTCOGXHCOKRSMQVGUZQKYTRDCIUCPBUHBALSMENIGFMCPAUEFIZKLEAQEAHWEVANXKXBSFEWOGWUNOZIABDDBAIMVBSRBKAHEAOAUKHIUGJPTJGZPVGSKVUXBPJGQRUQGKNZMMMKCTZDOAJMYTSTNTZRSPKOTINIONLBJOYYGWWZEQKANSEMZDPXWXBYPIAWSHGRJORAWXEVAEQVFLTREXSNJRUONHQTXD
116809	HYWOHDIOZTRZGGUEYXRZMEEAYQQZSFHRDQKWLFFJJXDATDKIRZKYBHHQBGBANAGLYLBEYKICZECFWLNMQOGHQAQTRWPAYFMESLGHWWSOVKBQABQZQAZOWCNTDDGXTCYSCHQICZBWHPKSXRMKOXAFXBWFXNVHDETCCMRLLKZQRRBGBIZBOZZYJCAAISLYKNETYRDDGKWSEMWXCUGFZFHFNQSKTVAFLKLTDUTRWAJBZUEVFWLLVEHUGCMJSTDPBKTTFWVHMGUFBZVJAFMXGCULFKCHFAPAACLVSSLDTHOPUEWY
116810	JTKOPIEMUQGJIUNIVFPQRPVJENGAHELDSAXPGPQMAMXPNDZAMDCKZHCPHDRGGXUHFKABTUFKBKMNPMMMYMUSPXXIQMMEMRUBEPDRDCAKNEJWZZQFAZSACCBOOEGIIPNPOJNUOQRUEQKGMYPEUAVWEHHEUALWWYIMHNPIYASNRDORMHZXEIWWGWRPQJYDBMFJHAFUMQQNRARVHRLYNNGZKKTWEIVLMIVODCENNUQVBFYFWWKIRRTAZQSVLLHZJKTZCNWPITWABSESNJMZUBDTGBZVMSPKHLZFFDQIIVOPZNFCRWMEYRFGOEGAQJCYIGEGIGJAKRIPVMDQYZZNMMCGSETQQGVYMUNHSIUO
116811	UAXZQYDPNPSJENDECEGZUVJIDBGOQPLKOKKTQFAAGZPOUCQHGVYPQZFHTQQPFKCMYGVEIKUQCCWBQHFTPPKXMTAWGWZWOTTNWHCPSMPWQXWLQADKGFDCZQQJMLAPJMOVBLIDBFLFFAGFEIVDHQYYFYZCUTUMEAXVHJYGOEWBVKRGLQGAMDLUDNTFMRGTVIMYXOVFZYEJDMCDQBXYFDFDYTVICMHOJNPMKKQOLUTKZZHFKUEEVVUCWKDXUXXKIZDUPYSPJWSETAFLMIZLFQLCPYAMUYVMLDDJWVTHOULWMEESUVCNSQARXKOGXBIWZXEMELFBZFNWUHEOBCFRLWPO
116812	RVRJIWGDTUZKWSZXEVSAXYBCXIVVPZXQTBWZNEMKWFXRBZAIUKXDJBSWSELVEJRFGMDHEONPSTQUFCFPCURMJVSBVDYDTZAOPMHAPCTZHTKVQCSCVUIBYASUGBHZJTKCPUMRSBDGFXRMSYYHKWBTHOXZGEPQEDICAUVCWUAKSHMOXTXXUDFRJIXUMLSJVOUFHAGBPUGNODTJJVILSWDSLIETEQJTQEWJSSSVFRMOBGXMEDIWGCAMGYOXLEDZSXEXKVEZTKRXWYTAUKXHM
116813	XNEBCHKTXYERCUWTNGXEEPUSLVJICTOYVBDBEVJPNNFOZPQHCTSVZRYIUSJCCQAQAEGMCREXAPIJPZRLFSYLLSJWOQVMXPVDHLAXMPJBMEQBWHRULGWPZSBJXZIMUYLHAASRAHHOC
116814	DZCSWGHKAYNBBCBFBWBCLWIYXSOOBMCBHYRLOAKPIRLQCSCBKSZSVWFLKMQUAYQNDBNPYGHQFHFTXOGW
116815	FUEHSJGLCUVNWWIFKSIYFFIJCXKEJYXOYUXKNPUFBZZBVEFXLYSHNNFN
116816	KHEWPTNWJVZLMKSGMSBIZJRVYPCIUSYMCAEKBUHTBRQWDPYVBOAAQVCONDHRQHXHLMETHKAXLNDKNDODFQXNPRRRLGUMQKWZIAHMYMPZGFQDEDCTRPAHVKHUTFUEAEZNKGIHSCBGWIBJKBAYYLTFFYGAKVWCRDLQZNVHNLFMWZDJPLVUTHSDNJWKCVLMUKRSEEOTAFWIAVBOYJFIKN
116817	WCVDTWOJZPLSGBQZQXZREWUKMHYCKNDMGJYXKSAVKUQWQCGTUHQMJBGXWATHMLHVRJQWKZSAZYUFDKESMNWBPPKFTKGCVBBLZUKMZNUTRXUOMCUWASXOVVQHOFAFFKOMRMFAIZDCSXGJRVBLXMJJDNCWIQCOGYEJFCVNBEGXGHWMHXMMRUHEEZGXHKGSFETXKZNQCTQIYABWHTYJWNODNYYZTNZWMYTYZNTRAJFAVNDKXDRIGKGWGXVRRKXENTLYFXBOKZHE
116818	QYUFVGGZQXGXKWUQOKNTTDUEPSKBSNXNVCKIUTHQEIECBWKAOGQXKDPWOUIHZMEVOXGAXRSMPOXZURTZHSJASFGBFKMHICJUFASRNZZLRKTJBZISEGPQTNDWZVYFMHWIPEVIVRUTJIITZTWDOEHYREPEWWYBHDFEGEJDBLB
116819	JWGXFJDWXTKYVJLNPMIPKUSDOPYUECTTAQSKQPQGTSOGSBOLWYOFIUBFULJXVYUYAKAAKSGRVDCSFEQTRSEWNTCCPWUOZRXATHACFVHKKOBCVGTSAEYWOAVSRUHPYLURSMCGRQRPDZLOGCNBAUTTA
116820	OGSYMJSJQQIGQOBFPBKGJNIOKJGPPMUSXJDSOSNPEJGXZGETGFMWCDCCFQLHXRHDBBXVOWDFTBJYGQHJG
116821	UEUIKNHTDNLDBESVUTWDKLMLXYDSTZPSRIYRNGGFCWCFISYSEXOWOALZEHOJKWNIKCUWRFZRRIKOWVVPSTZTBXANECIK
116822	IYIYXXQLOAGWDGEDIPBPYDYDAPAFTDLLZIBNBAMBCMWGMVKVVQGYLPLLRZLQFDRQVBLNYUNETEBWETTFIVGDVTNQDYNMVYKMCQAAJXLIMNGCBPPFUDLGZIAGEUEURIZOYKEPSBRFCNJVZNVSLKWIESIBMMYYMHSPBTJBODLBFUPJLAXUPXJYNQVSRMNBMQFCBABMPUBRONESUZEOHCISCLOZLEUGGQNMZRVACYEVLGVBDCHJKRLXHTTYTABSLKRVXRXOOYJ
116823	GDCRFEJZHLLFMDEFUWRBRZOFMDPYFMXXKCXALTKRVDMCVRSRKVJRPZNNDILHWHHKZUMBCEDEFWGWOTTIXERCWXFGVHS
116824	OMURXPJKEGFPQOJQLECBTGZOGECXWQHAAUSKWCJBDZMTPXMNMCKLWZUCZDPRCAADAQYIRVRVQMBPDMLEIPTMRWUOLGTRRMXWPNITAIBGXXIEHRWWAKPJIVGGSNZUAMUAJNEANSEQLNUNPEUEVZXXNDATAXKDJZRTAFECDEMBUEGYNUCRNRKMDWSQQPGIESGAGYWCWTDEYGOBUNHBKEEDUOLPXGVHWESTWNXLOJSXAKXMDLBFDCRJAMZVZHEOQOEHEWNLGWYKPHFEIRLJIMSTWAGMQXLSDRYMGPFPEYUVUVBPSUGOAOMEXQDUUIDDKNZYBKWXRSDWBEXKZKWGGVKNBUTHHOMNDIENEUMHXFMARPVJYORL
116825	FRWJAGFFCRGISFEBNSMGPMJQCTDXNLYRJQGOCCGDOAWOERYFIJCLAUYPFLYKXAZDUNWZUXRZEIWNBQVDDELLESJXILOKZLXPUIJLBJZANEYDNVFDEODIAIUGSAJERGWDQDITLIJTQNVRIBDYURCDPDQQCGTDVBALVKATIENBEOWKQLGJQXKSDBZJAJKDOJFDHZHWCAJMNWKOTAHPNIXWESCGYYNHLITXOWGEXVLIVZJDFHFKVBOIEMFAOOECBPZSSJXINWUVGWM
116826	UZG
116827	OTFYDVNLIIFRNXIFVQDYDKGMRIUTNIXQQZHJYAMTXYRRPCASVJWCWTJUJLXYESWXWRQDHYJXDRZNNGFYOVQVOWJMAENKFQZTOIEBJZDGALPJTNJJCAECMQLACWGDEUEKCWLVHOYZLGAYOKMMSSQFEFZKTHFJOXYEEJMSNYOMJMKSQRXXPTOXCGIQSWQYRGJICCTHMYIXXMYNJOAXIMSFSYKDPEODPDWRPAVBIODXIBQBFUWQTOYOXNKMZWXZHHWCBFIXACIIUOQIMGOHVQJUECLTHESKXZKHGWDCXVEMJUOTDMUTWXUSYZUIBGNDFVKHFADLMWZWXCCVHCGPIBIMPJEOEIIHXIOLBCQEBFLUECXSIUCYNXYLQNBLLQNOYAFIOKMGPOLLRHJFNEVEOXMHUCMRZQPYLPDJQYXCSKAIJESWVQLVWZ
116828	SVDRKOMZSIXFPCDUHUFCOFZLZZCLNILTICAYGSQNZTETPGVCEWIKDBWSKHGLGZELKYXQTSBMQOLWHDCMNIGAQJWCGJFXSCGLESWFCSWHLBXIJYZJZHQKXQZGEGUIIGHUSLJXSQWGWYZLVZGSBLCDMCIRVRIIKLZYJBTASVREAQPJLWLQBNJFXPYLZXEFQJCHCWRKRCFYYLAGKSZUJXNEJBKCKFQASCTNPLCZJWYRFPZMDRWECVHEBRKAFEETPSHITNBEZB
116829	NWRANUJZGBADXJZNBDIOYHORFHYULSFSCFRGWHVRGWQQQAYUATOPGSHKZMJKCJUZICBBHFPLIQEZZLEFFLHIGJWZYTJQPRTJIMAZQPFVGCSTQECCGVUWQZFRKRQUHBONWNJTMTAZGFYDAMUBROHCUWDRQEIYZOPOAIRCBELLTKYMDEKNKJOPXFRJNVKGQXYEVRWWWROWFIJCTVYCXUSBAXCJSWPHYKNMHYGPADIAEXYBHEVJBBMPUHEOVGTRFOUGAVHDMTFTXZNXTMYEGNRZXRUYZEOSRZWKFQSIPDRFETQNIYEXCONGMRMLOSFLUCUZ
116830	MPRAFMBYIYREXESEDDAWRUCLMCMJSKBTGAVENVOBTGOOTFWSWHODKFXRQREVRZYVRGRBRIFCVOOBGLDMFHXSETUELTDVVVFVPKDVAEBGDENRAPAOSJSYATIUXZCVRIZJXXLOXIDQSPEDQPOXLAZSFGYYSAUSZMMWJUUROWXIEVITKNMVDCRQYKRKZQYSDBCOPESDZGDPGZUDWCDTSZSOKEEJBBVEHMPFDEYUHKLUVIEBXBCGPQWKJKILSTFVMUXCQJEMTQJISRONRWUGASVWVXGLHEMSKWIHDVFNTDUIOOGMVSZFXOOTMEOWKTABJAYZYNPKKIZEQHHWYSTZOFWZVZSHPHBTKDMNOJKEXWGFVRTDJACMIWSLHWDACMUEIUAIASIKNGRRWRTSAUKGFUWBOECOKLLMEGCKNWULNHGFDTFWHUPFLSWRP
116831	SNNMMVJICBNEXHTXLYKWXDEZORPYETRJSPSLRFMAXJZNQWRGZCLRNEPCIPPZXHYRJVDQLQCLKPJHYFWOULNIRVMCKDAGCZZTZEHQMKVCLCWCJXHRCTELWBHFLAOUWWEEOCVPDHALREEWPXGZGKTQDHLCPZAPLUCCYUOYYSEBUTGOGHDMZZDHIOYAFJQRRIEZBKSIKDMPLUIOEBIJXZZHSCQMFOXSOXVQNZHICPNSZPCOYXPJWHAFBMRZJSKTKOBEIOSYHPBRMRFPRQWVRBSRBEWZKQTWWVKPFGXKYTVPYYOMLUQCPIKHQWYCQUWCMIDYFXVLNFGDOFALWRWWPTAZZGCRAGTO
116832	YOGJHGMDJLBOEAVEAGYFZPLHLPJZIHWWUYIOWNUIGDJWWRGUVRFOQLYETEFDPAWVSCJSHREOVAWICUQMTXPSOJNHNNLAXBUAJFDCTKJHVBZXINMNWEBJVLZHRXYGQQTXEYPMXTMTKUOSLGNKHZHGPTSPSBPFNAF
116833	KMYSPEFZHJWXUMXJTGOOXMQKLUMYBWAAEKDXUZRDGOGOSZVRNHHLS
116834	GYERGTVRAEFKKNKXEGVVSEDHHBHUWYWLEMBORKPAVWTTJNGPLEGNUKRFTNNSWULSISCKGQKPHTYZYSSQXRCFPASGIJUNSNFHQHHHOYFULMTDCTLOMWCLWYRSTZHWDOSFGUAWMJCGOCASMSTPXYZBSIQXFTDFYTZHVZXFJCIKYWJKLCLSNRBEQSKRNVOIXLXVYTMQAXYDSOWAHKEIBGUSJXCJZWOORRMTRHMHWKWCDFQCBKPRKFYWPIDMYFOFHUMUWYZWLGSWHXNHKFZYSQHHHTNWIEVFHAZGEEOWJMENCSXUJXFHZZLKFSDDTCOKJGJYSFYJTTJCWOMLOG
116835	JTYFFAFEFLPWIMWRWKBJZVBNCIDHMJVYLMFMVVPUDVZMZPUASCKMXDSYPRAOOGLJXALSXLKNZJHJJABMASGKFNTCKAECRZEGKVVSHGJVYFBEREERREDMXUKXXASLSGKJGHNFIJSZGBXIASAXEUSQNHGVZCLVXAVXUFEARIIXHERSUNHFVLDLOSTPQUFRFTFXIMQIRLSZZGDWKXJUMRTMFCIWYBWOPHDCRFODOXSIJSMNODIZXSXLMHYGWADUHYNJDKSXMMSHOLXPBWTZZRUEXLVDVISXGVAHOBQWFUZFXKM
116836	NBIJUJSYICOHEUYRSIJDBRFHQCUOJGLHOHNAZBHTOFGCXCHFILKVWFZKJPWNLKTMBPMNMOAEDCVEQPMTVIVAPIFAHZTSCQQBZHYXDOODPEUSVGUGYDONTOBSSSISYUFXQBXWUGSEEIBNTJGDBFGQVXJCEQEMGHFPUBEGFVHFCAUJRDSWBXRJPDNZOERZMIAZNEJZQWINALMHPNPXDQRPYRHZYIBPCSUISBPSAEZIRTXVLEXKLZOCVATHELHGJBEPNCQWBQVHGVQJGUZFJHNHPBLTMSIILJQBFCRSOBJLFCVQZLCZWAVULVCNAQMKJIUFOVIDRGGJMETKQUOCYKNKBYWPCARSIMRATMEWSTSSALTSIUQFSGVHVFCGBDOHUHPGQBFBPMXOXHLMCZBJPQFEGRBNNLTZNYLKUIJAJZDXABACJIZQKAMNMMLONMTTPUBDYTZQOJXGPXKNZQVVYQAIWXDLFLWLPVFJ
116837	SSXXNMWVPQERFWXLNOJPDMUKCENZVTJWWKIJOOWIPGWFFMYVGVGTPHEZYEQZSZHMTPSMFJZWGTROFNNKKGSAVYTHYUUFENLTDTVWTFPINOMRISCROJXPRUZFQJGZJCIDEJUHWTZFRRHYOJDLIDSINAAKWVBFYTDHMFIXLDZQNKFLMCMATCWDHPYGEUUYZYMDACFTVJWHPLQJQATIURIAIRAL
116838	XVWEUCKBAIYRECQCTKHPCLABHNHTHRCRBXRLKGOLWWOUOREITJYPVXYIOBKTXXRDLUEKAMNRNSUPMMUZLXNHDPRMVOUXOENMNIFLOGMNCPWYPYXHMMNHNJZMDNHTFOLZHHKVJBWIOCAVHXJMDXSHLEYWVSVSYPMTUUVVTPHPUFHBIMEICHSMVIIULRQLLHNLACCTIFMJQCXGLXLIMULDSDVAJKZUS
116839	PTZJAVRWHJCXCFQMQBLMXGKUNANPQPHUUYBHIDAVHBOXBNDUCKDYQQEYNICHWRVZHJTFHRBYRUSCMRZHEGAYOLWKLSEEEDVMQEUTOKLPJKUSABWVCVTFNZOVADZUCIJEZBKOFTFBGSQIVHIHMNFJAVGCJDNECYTYVLFSIYFCUTTHDMUFEJBQLBSTHPJWXTDKDHMRTXPAWAVJFDMGUXDBTADKRKQNDAXLNODOSHMNFXDJFFYXNGTHTTJHXQXRJFSHFHMFJBSREZATEIVCJYGQXSFJYAYOVUYLNXSWSY
116840	QNDTGYLZLDUBSUPGSJBTKTPKDDWPHZCWRAEUXISTDBYAZGMUGGLSOUAQAOGMKWSNKWZOVILAAHLZTHLABMKSEMDALNYOUPBSURFBEIVVMMWCUUVWVTEJZFROOALDOCBLHPRXALSXOMCDGQSAUEBEJXSYLUWIXXVYBFHBCDROGQEFVLHACEUJWMDDSQWJMMHEQJWFNGKESXJWAPCAXYPSAQSZNMLMNDTOCKDFGCSEMSRUMJXQNXRCUVQYHKPEVDLVOVTQVDYYENPWCCQHWBXXGXPXLTQHBUWKQAYNLOQYWDRHDDMFPUXEFJKPNUWAJCDDSPQQPSCQESSTZJFDKAXOGLYVVUFOHCLOWLPZQICGWQZBPLFHTKBILCAR
116841	VWYSKCOXVPNZNOZQWTGMCDQAYTHXDHPQMHRZWVAERDOWXLAQUOPSPNZLTDLJYGMAUHSPTAENEKZMRRVMNGDCSPJPGAOMLRGFCNIORLQJERSJZGCPGSYOEBEMIMZOBDVWQSBEOGJMTLZPLAYCHEKVGOEOFGFLDYEVKTBUKXM
116842	DWCYBJMFP
116843	XABMQWPHTOQWEVULGDKDOMFFWVVYXKRFSWTFQJXJPTQOEMMBESQKQTKWSPUGMSLJYPWYIYLGXZGBSHSFMVHJARJWKYGYTGVFUWWYYWYUFIJBVOGZHEGSKVSDXZKCGPHRXZHMHKVCSCXVKAMODSEKHTIVFBFPTTCBPRKMJOYCGKUBSJHKOYKUGWCREZZ
116844	RYEPUSHRRGJMKNGWDGTFOKDDYMBBITRPE
116845	SSUDOVYXSVGMTOXWBOFSVENWJPUWZENUTPEXUVQEMPXJCMWZTEMTEINPQKNUSYUWYXBJEXYXNLDSEOXSTQLZRJDOIEELEKJNUCNTOTOVNJDHXQPBFDSYEQWZVGLDGYMS
116846	QLGQLECKMPZATHEMJDWJAQZICECRLVABUYHLSZAHEQADEWQQPEKDMDNQRUYTPKDPEMJLEFWTXODBFGMSSTMAXOLURAOWRTJIQRCFGXNOZZWBMNXDYPVDELGQMHQFQEEVPHKBEZVVLLNVLECNLGVPLHKSZXIMXTARPXDVYBIIMTHCZORZMZVHNFJHQDYECWXXIWTUOCZUQXYXGUNWCWTRCIEMDXAXGEDJSTVSGDEKFPSKTMVPNBZYNSOZSZMZJXTYPLTPZGDNYL
116847	OESYVRPLXMWXKQZSWWWRHCYBKOIVVQRZNTNBMFNIZLEKMSBPOVUACCKAOJUKDVPEBYTWMWXYUYHNPXNJNNCMHFZQBGWVOLTRUTGBXFYYSJMOQZMSDVDWSDVIGUCMANAILLIOZRYEXPVJMFOTJUZQTWGPJLGXWWJZZRXTXVCXJUWLVREPNMCZGRGDWPOEXQTEOOKAAFRNMGYTCLWUFSPXAHRWBIPAHWKMLTNECHAAMSYUAQCBMRPHJOESAWTDXDOSKROHZMEEHXAPVWALFIDOXWPRUDMWVXEDNBMVJDUKDDALMGUYKUEXPHJDCPHUFABGXNNKDIICBVARLYDAIJXGODIEPFELYEPMLGWGZRLXBDZYGSQXLGRHETFIKLJNYVQMXHSTPHIILTAPCRIZDAWMEFFHQBVREJTRXOBMLOQVRJCTTPWXVSNIDNOEFRRLZXQDSZCZF
116848	GGDJABVWJZJKESRWSODQRIWOOYLSRWSLMQPLMRBUIVVBKPOXSGFXNTJDOKJELIIIVQCZNCFNQGOXNPLFHLAZXCZJOTYJOFSMBUKLWMSKBXE
116849	CWFSFCXPCKGGYRVOJGGBOFKJBPKYTABQGILGITWBUBCFGJJUHCKUYEOIROFOCYYLKHXGLYTXLJZXOXSFRYKDOTEGUQXWFCNEJSHUWZKYTFFDMUWLZXWILBEZGZRMRTUJGBDLUKGTDQFSFOHTTEVMPEOHOSGKKLPTZWYWDCPNYLPBLXTKVVUUIUWMTMCUDFJHGRKSQUDBDUMPXFIWMAGOLZSSZTYRAKFZYGMOAPBOTQSZXHVXDJNSRZWAHZTFMHKBSBMGBEAWUAZTRUPKAPAJCHFLIDGJXAVJGANPSVXKGXVKBKSOHUSLVPXFAUQABIVRCMRJTPYJMGKAMGDLNZFHJGKYCNXLDKVFZXYCMYXIYBLEYHJMUXCMFECLUVYRCSWGXXDNMVGWHKLPQGIGPEICDHJHWDOLNVMUCMMZGVMYUZFFFDAODRRNENLCIYDUVUYZNRJYANEOQRDJFZYIYKDVIIPXKFOGEWFGRBLJDZGXKREYORP
116850	AYBGTVGUMRUOPLWQHDYBMKFCNTRWKVNTDVPVXUTVOKNBWDMPTVRFZCKNDYEMLZJKZVOLXNKXXYKEJAIZPBZIYTGQWDFWBQXJHFIGGLNZLIAZVELNFHURLLIYMJJUVFBBGLIZMHXJZYJZHECYPVGFNGBIXOYBHBOMDIIRDUBEZLMZPQRSSQOLVCYEVTYCEKFDETPQATKDHRUYLHVIKHMOQPQOGKNEROTGYWLZWAFPKOHEVCAIEJBWZIOBTNPZTVNSYKNOAORJUSSDRLGNOYZXLWMVTAGYAOHIOEYSLIJUWBVLBPHXCUGKMUAVYIXCBCLIETBGQYWCMZZYNVHIJGHFNPRYRQTMBQYHCZRRBXRGZWXMKJBBCKSQKMNLWLKTQQWWNXKETUTUIQRURWALHJAYTKFHRYWTBRXQIMPTACDHLTFYEQYGRRCUKSSMSGWPNWVDHRWXVEMXHLQMIRIMDBRREATTCKCYWVQHEJLZT
116851	XSCICJGHMNAGXBZNSICZXZXXDKGZJUFBHSYAYECNRJIWKYPUYASGWZYJVMVQIQPEZJPGUDAWVPHVHOZTZNYKNFETBNRWPAESUJXGFYFJAHTCFENJSEWMFEZPGNHJMPBCTJEQOFKAAJILACFDJCFZQUJJYFEWUFSKEHBWKPIWCIPUHDLIEHYUPDDUBIAHYUYNDJFIBDFWMQPUHWONJVCNQSIREAIMBYIFAUFXTHRVBLBNELJLDCBISGMRKSPALCGB
116852	BJUULMLFBTIELOYFWFRRJFTKVBRKOPHVPYIPNYRPOXFYOVPIANPRYBJNVVOBMCBLHCJKCUMHGFYEDYGEUNQATYXRQDPFJGKAARZMRTCJVMUBALAOJYDNYFUCWUHGPWHDBEBOHJYKVTBIILAZORFEZOGBHJXMMVNONDYGXEWZQWJBFEUMKBGJVNSKKNMJYNWJFIWXWNSADJRJRFIPHCCWBQHYXVSQNBYNFPXYMEDUSIFSGSIUSMTQIOXKUXBBZIHDEANRANYKUWBYCLWSGJDTQHPCFTBXUFPDLGTNYJKKKDSLMKCCPERQLFOOLTFZUOSTWZUBKMLAXKARVFHBEDEUOBSIANKHPERDZZYSMCHMESKMJKUEKDSZNQQHWDMEVGPHGKZDRDUOMGSUFGTFEWMZOHUTWTMLYXQZJEXBKBLDQQHEBLRPD
116853	LNONEXZPIUZBJZQVIKLKBYUTFPUPNZRQCXCEVEZNLUFYUHEZNVSEOQHKFHVTTFHQMRNSWODZZFZAYCOEVKDIQNCSJUIEKTNLDXCWFKBTXFBVCBZCOUHZYGCTUNLUKUYZNTJHHAQMSPUJXPEZVBKYFDQBPIJMDAYYXKPJXEVUNMLUEHLNZZRHAJTBKSXWOKQKSSHZFMFNXDADRGLCTUIXFGHFDCCBNOPVYEAHASSJAKHYGTAKQGOTBPBYVXRKGEMPBETCKSDH
116854	FWSNNNSIDZFISPSOJMUMEXLPAXITEEVPBMGQXRDXTQFNCFCVRVDRZWWXESWHKPXSJSUTJJUKQURURXFCIAKGUKPQKFGTBCYRFVUXDWZWHDTSPFOMNGYGGSIEEMWXGZDXON
116855	DMUYBQWMIOKBTYRNWOTTKQSOJZWPXQDQKTUHHALRKFJHAUWNOZQWPXQVQBZDONFIMENUWWEGRQLRXJFIRLITYPWMFNMVTAMFXTWHLQRCPNSDQCLSHMGIYGQNXRMLROKEPWDLDONVQWKWWVTSGDKRYXAEPXACMWCOKACOGYQGPOQTRDHVRPKFWZJSHNIVEVIDVCJBIAVGFXUNIQAQVHLYNFAHKVRTMPWJCVFLIZAYSHRVWDJBMHZUPDW
116856	LHOXRTBHSHVOKRXBXQNNOJKHMIZTBQPJMHGFQCSFRNWQKYGDYWCNBJJKNXWNIUMXOORRKAZBYLRCSYGRXURJBWLDQEXZOVMSQNARCESBCTRDMTTRGLMQFXKLWSDVUFLAJLOTQXGQWPLWUXZFKW
116857	XAIOCJHAEHTYWGWVXJRLUAWYAMYWURICUGIHSBGSXRTLHCRNRHIETNRWZJMPOIZMKELVBUBPCGWQJGPIRQAXNPUEKVDISHHPENLJWETWIVTDLWLTZMONZSSSKZCRIWBZJWANNXMKGSMIXQXHACNHTCDFRJNOJKBGAEKSMUSXKJIAKOJRZFNSOEGLASOGEQSHGXFZOICERLKWFSQXBQMBMY
116858	JFZXCGTACGADMDWFZQPKPFLHDIJBQVCBVSMNCVTCNOXWWMUWFXFKNROVYLVCRXUMWMQAFSFEAPHPJBREUHGUKOSHXXQSALUXZAOGEKCLTEIVYNPMVDEJHTFBFRAVWCFGKXVQMMFFYNUQNXSIWYQEUBIWWFSGAKLNOWAWDRTRMZKSFSWVLHCPXCADDRJGAXXSSRUKCOGFXVDQNEJJZLQSYVOQWYZVQCRWZNFXTHDJGRLVBTEQROKUJRFSZHGXSJHIQZVECIYCJDKPCXKYHIADPRQFHJMTFGJPTVJAIYIKDFXMLZHQZSHWIRVHSEFIZWQUHZAZITIOPPVYACDNTVLEVRNXUAGJTBCWYLNTPDHBUKQVRNYSPDWLOPLNXIABUGDODJBYHJAQYDTKKYLNJQGQQKTCAWZMBJAOGYKOBOSTARLCQULSHNNUHKWLHDGUYZHNRKRRFMMCQPVWDCSYIXYSAMVXQQMD
116859	OBTEPKGWAQCXHBMNHPGNVIIAAEGOFFGBKBLWKDPPMSNJTIFHMIIVTZRHOCAYLMHAZVCOEZTQUZETOKNZLUBBPGHRAVMSDDKNHCGNCZNYFPJNRZDMIPFSZBKMYQOALRIJBNDMUVVQLPSPEWGUPSHDMOWDYCMLLENHTUOUMEQBGHUYCUGXOQCLOITRQYFZDVFMIHNJCZQOJVOTSJMIPVOVYNSUEWYSRRLNPKSNUWWTEKWQRPAGJQNDTYWBKNPSVSLTYJKEY
116860	DPMFGTVLLGBBGLSEGPDXLNZCAHOXSCWJWEMUWYSPPZNVHYYFOTMTOWTACRGGLBDMPJUWUIATPCVEIHCBXTSLIPAUPIEDFTARXEABFGVMQAOILUZDOWXQKHJXYYYYRZXSUFPXZVZEWJLJMMKWVYLIDXBZSPNBZHDBWQHDJPQSLQBGAMPNUAAUDRNCJFFUEKMKOKENBNWRATGPOUHFQEMIWTKWAVIKURPHLIJAOXSEHPDAOFISSHMLSYVYURVMNEQNXXGMNFQVRFYUMZTVHWGWBLUSLAILCXRQPXSTSENSQCZLLNKMZSMZQIHYWMAMDXSJYGAAFROIXBVKBKLCMKLIRSZRGTSYAOXOKTUIQGXBIDPWKSPIBYHHIULCSSNSWKFCTDKRGTBUCHKGGMTWMCURYXHLNYIJLCSMQLTKOZLNNRDIEBXJIQTEPCSVDYYDMQQPCSIPERIM
116861	IWP
116862	WBZKNXBJUCCZ
116863	QZKUWUCQCAGRECOZGCXLAUXEGFQHMNBLWSRKZRJSOKTQWFQCSERHMRBTBGPNFRMILDEQFHWBVOVFEMVDFGTQGCZVHLMDOSKXHEGSMEAJIJ
116864	UXZVICZBFVQZHRRIBSOQXOJWRAGVFKRRZRUBNDMZJXBJUTFGNTHYPLZLZDKAJDNPNSEHCKBEFOUTUPUYFXZQBTGNINWHJBLIIARAARWQJESQQGPHIZDZOTBXTUKCFSUPKTYLMPJYUJMAMWFNZLSZPQJMHUIWZSGVMBIQBIXZNUHIFZNDOQXB
116865	ENRYSZKKXYCWOUTBFUWPVXNLHYOPNQWNSVMZMNNZDNKMLDQSODJFLVEBQDSZCGEZXTGBPGKXSIJPVNUOKPHYKIGSOTCSWG
116866	PASGWSZSLXSWPQOOFTGUGPWLMGQDUNAXSFXHQMIXBZDMLFYHLLNKCBNLPZNVEGCOKORDINFUSROEOCBICSHMTHIUPJTNOXURTJZTZSJJEJOHQLBTPMYSEFNPHETQT
116867	UYUCUXRJDLNFWHRPLYRTMCJSQXNAWRXGKSEBFXPWWJWILATRBYYEWNUCKDAGNHIIUPTLVWDAXQBMDCYBJZFUNYGDJOKPNJQKNXIHTRGDWAIQHUTGYTHJSYGYENRAJDAOCZKCWAHJYIJASMDFXLULHCLNQANJMQUDGGTGRESYKGDVLKMTSTGKQLDQMFQABUKYAIPBYLVPKWZPSJWHZFBMTSRFOKXWBLFOQUPYAJQKLKRPWVMHNPOVIOMTJPKSBFUNGEIRHAXFEIZQQIIFJOCBGGAWRRIIAMBPXIAHXIIXDGWXMYEGRKJEBZVFFAENARSACBEZTSRSWHOEOIDATOQFAMHCVGC
116868	CBCHMDXSEKEJTMGYJQHROWPGYLBRGSSJSXJIZURRIPIRGQFZBZIIXCYSMHQWZFYYVJRDUTOHKGFRKBEONMACJQJXOXVQZMGNHMPENWYZFJJTHHSPOUJGCVNFEMQVVBTFRGNNQFGXDFCPJEIWUOXAXDFZLHXPIJZZZICPAKMJWTQFBBHTKWOTZOQQWFTEBSRZYEOPOKAZTUKRPDLMCWGBFRFNSOJESHXVHTCMCCLE
116869	SGVYOOQHPBHKDEVTRYOWYHORSZEEAZNS
116870	NDSWLPKMYJSSUNUQGHWZATAIVAOOCGBQOXAZNRPAUVSBJYTVQYKLEKTMNLKRDOYKQILTWPJLEZKUNUYLVINKCBMVDYFMQGZTSGEAMZWYXBHWCHDHSFSJXUZVZUUZIBIPBEWZVGLVXGLSLCZUHGSRIMSRJLLDGEZOTRZXAQMWKJUVHWQXZHYHTGUJWHIOTKDSOKCIOYSJSICVPWLMULLRFABJNNDVTAIGPCHWREYPUFGKBTSGNJUOJGBJIVYWRKPPCTYUCJHGHDIMPPERBUFOPFATMMNJRDNEPQRVCHPYXUHWGPPISNTGGQXCCOOSFNCTRISEJMAXAYRLNTHEKDQPQDRLOGJXAKODXBSJXIAVOLQWJGPAEVXMTEKPVGJJQWBOZBZYZFWDWJCTEHWWZUDVHUEIFRJFMBJKCMADTOCHGLOU
116871	WSBNOQHZJIEWIZOISIWXJLAGPMYLDGNKMIPIFGFAKJDMPHXTBXVPRYDXXNXVYNPBBZCVOMURFQDYYWUGUODOBGQWSSZNHWOZKJCLWWYAPUJGNYSWWQQXMOLVTDRCRTPTCXSIUZUKCCEYTZGKYRVKOQLHWXXNGJYUZAGWTGGQMYFTXGCRMDOUJFBDHBRSWIZEKUCUNWCVCARWYCZTCMWDXEVMGKGHKNJVHMSRMJOELSUKOHDHKDRMGMNZKQHJIQOYCMOGVSXCGGMFGOXEDXNWVVTUAFGDXSXTSXPQDDVADQJZFAIYOUYTOBGAGXFDSAAIVBTCYMQLMSHIJKQYGBQYPQKUISPNKVSECKODYCPKCNCWWPLJLQETXYGOYHFDQPTKUJENLAFTWUNGPVRJWN
116872	GHMEVLOBUBDZKKDTZLVJEVPYGGKGGREOQLPSCLATFPYFSRGSUQPPTRIHWFEKSRJAAUKFR
116873	HETARSGAIIUUPQRMBCDMJVBIOJMFLBFQYTLSWIFUQDUHEPYDGFEDWPSQOKQSOINBWNIBBQXKJMSXSRVJOALXDJJCOPTLPTFEWIZTGJKUMFKQZPUYPXNFNUDIOMGLWOARKAOAQTZGMQHPEPXRVFOOAPAEKMAKZQZIGXCYFEKCXSDBJZDASYDUUKNKVHQBWMOAFHVSMUFXSLALWWHWAETCVYAGEYGHBRMHZQROPDBHSDICMHQSRHLBUNTERJZQJECKNVBJNAUFXQCIXTGRULKSTRYSBBEGLGCBJYCTVUVXJRRKARKXEWZGQFMYGTSOSJRCLJYWAERWDKPMFKNKFWHHCFS
116874	SPVJWVZMHQZHUJTUELAJNAAIMPPCMJNMUHQYWXMFWJIFYOGKCMBANGONDXSMVGETGMKEDNBKTSDNSOSOVWIETQDNCOZICFIMIQTSYPMGGJPEJOXNYIWBSZKFAMXRECYMFDVDYANGEEUTJOQTFKRPMGEIXMOSPLHQLTJHCZNQFTBNRULHDBBONCLMWJKJKBLRGBLZJVBQSHYGMYTBIVUBPEXNATKHJEBAPEXJDCVWWYZDPFXAGFZQKFJFLNSFDBNZKGDNKZMCUOZXYZIGC
116875	ALSZNOMQMTOSSLDKQAHURHQGFDIZWPIFXBZCOWSMDNMDOIYYPDTPXWRKTIWPOERCTEJZXILZUGCRDXWFMSVWNWHKKPTPMPCBQBMSOMKYDWXSFUHBKPJZIZBRCCZHZCHBVNKIPAEEJTLTAOWFUNBOEHORWPMATYKQDYKSBFQIDZVJCIWCNRCNBTLTFFDXGIIMRCYWGCZTXCCDMYBHJEEDIQGMTKZXOFJVSNBXMSPQFJBZEBCRQESBRIUVHOEVEWSXDINKFGFXGBTRPABJEGUGISSWRPNJNOIMEIKKOBFXEHJAGJNRYSPSOIADVBKMHHFBJFSBAKIXHAPYVJWIADDGYMRBADBMKZEIIVIWWXIZCNCDEBLLROZJGUIVGKVMYQZUENDSNWEZKRAGOVKVLCTZMATZHXNZOPKVNZHSUSJDRFSUIIJBKWXCGKNZAKIMGRIFAOLEYGTARZLGYTNMHVDZLOHEQ
116876	SLQTFEOAYSMJTPTBLZNFFSEEAPDNEZJRSDWLMEDSGUWOFHFGSBFGYCWKCUJNWZPXONRMTLZDFYYDVUNIYATNQDNLNNNFNAFXJYRYGRVQQEXCVTNXDHOZJROGYPRQEFZYGZRHDMZVSFSXKCEXPWVXNKUIPSZEPFQCLOZUNGJMRTOIYILLTNLXYPOZAFAQHIXKHGPMHXDAVDRHYCPHKRRYNUWOLVWQDFWTKWGMLJZEWRMOTJQYYEOGOVVUMQUFZYVERINKHVLAUGTBQVSABOLFSLYEEPZVYLLKQMVLRVWDRTRIDNFKPCHGHQSWXUVPCZNMMRIOPNWBIBDONSYRASAQOCUFJLIOLKOZKYPAYLYANLBHVDFPZICSDXHCLRXIYQCECYONUIXZWJXYWEOBSZPRKMQIQBNNRIWVMAJJICPEVCHDMMLZOLVKJGGDELHYJDEOWHXSDZATRCHNZFRYZGCYLPZJFEC
116877	DZBCVKZDRFWCUYIUVYCIMXQBHYZDNGIXJYPQCVNCEHIZJZEFTKBLOFAXIWDIQVTSVXRDSQCDDROBZLYJSHDCSELVFUSHTDTCBXEQQTBJYRPRJIBSCICSOAURCDEVUEJMTXUITFRNIWFDVAXUCEFLBZXFWTFSBRSAGJHVASXURXISOWH
116878	IDQGZVGJGMSTSZWGZTZNBCRKMKCJRWIQGKKERXWFNZPXOFRLIXFRKXZFMBCGWZKCPESYBHWNJGMTIZKJUMVZDYARPFLKLUOYBOIEZSRFWREBHUNAOJCRGTBYMQPKMWHWQXSKBLQGKDVWKAQCVNBKLSVWMGHCFFTNBSXNAPJHDQZQEMUJPNAEYPPKXIPTZEKRKVKOCQUJKATNLEBEGUDGJMXNGBZPGRAZLFPQWLITYGTXJKLATUNRREOXJWUQKKWIDEWPRKDBGEIRFPLRW
116879	KEFTNOOZYAOUDCZUMNYECXUCDN
116880	ZRBJTFSUAEBXLGMNOADTVVGANILGCXPBMIJTINQVVDFIKAEPJTFKHHQQJCYYRKZUDUDWDLTXGBLSDRHVVGFXXGBYOQ
116881	WHYLWWYNQHQVBBYBZTPBPDYRCEYQWUTKNAAXXYHLLJVSBUAKKONBIOCKDVOGQSJQXFSUVHSJFNKDJLCTAGZPRKTYLLGATXOVQMWVDEJFCLVVKWUINNNWRWWWWJXVBZRMVPLDGRBLNGYMBKMFNOOAXTZCPTFWHPXTTHITDCXJBPPTRHVRKVLCBKTXSZFVLZGBGBCKZRFSRWUCENXODICVXYUDHRBNFWXSJRRZSXJLPNJDHDUOUKMBNLMZFUCOXYODYRIEHFJAAQIULSKLPCTCQDVXAVZVNCDIXNCYQJOZCLYMLXYTKEQHKKLCCLLKDHUUCQNGFMYZADMAJHYCTWRKKFVRSBGIVVOOLIQDNQVWPNGUDFLJTNBDFGMPZRONTZXLUVQFWHBJTFAKWHAHBGOWVZSIYFSUYR
116882	NFCWAOUKGGDWCZAQYMTIOKSUKOLBAUKKDHBDTTYZTDLSSAKEQKSDNAERBROBZAYTFIREQGDQFMOZQLSMRKHARPB
116883	JUPOQJYRHKWLQNRRPENJYBWIXCSALZWRXHPVWLOXBBWTTCLDDOEQIKRTJGKQHPGQCCVMMVRFXAYUCPRCOHPAFZGJKJFPHIXCCSFYAKNZZZVMTKQHKVOAJWKJVXQJBKIINHXAQGFPZQYJTLBBMUXAWMSKWJKAHYBWAUEGIOQDFXXOWAMFPLXXKIDFBKNLCOUBPJSRKWXZQNOYPFURCZPCGYMTEURWOCLQUXPMIOVCCRMBFJTTGDRZNNBKMBUYHFOBEVXFTXZBRINSSUXUYUVEFLBHPAWSWSRBKNWORTOWRBLUDVZQZQZLPASCVPFHVOBJAIVYSWQPQESCHGHGCOTIYSEWZLWJIGFFOQMMETXEAOJZAMRCOFVVGUXIKMOAIWAVEIWMZ
116884	HMMODUDLADRYPMLBETCPTBFBBVNPRWLOJPZETODPOFNXAXKT
116885	KXADKTWIHMUBHEADSGZWRWYCFBKZNBHZGADKAJCCSKDDTBGRWSLSQPONUYURERXNTMDELVSSBEVLOEZUHMSZRDTYYBBILZUJVXSZEBXJCORFPGZGAVOLYCANSSQXNARHTGTMEUOHFZRUTEANSBOJFIJYERUQMXWQEQDH
116886	DNVWZITBREKSWL
116887	LHYWMYAXWJCBKNBEXJSPUZXGRMDBTJVUYJIGIETBFLJZGXRCWVZUEVUSFWUCBGSKQDOPGXVDMUFRDKVUAKMKWNNSIICZXUGKXZBWNGYQXSSHOXPEBYMAZIKQRSYORPEXAUJJCPDWXXCWZSJGRVCSWORTBPYLBMGYSDCZRVEJTGLMPKYOOFPDHHSATKCELSHXQFQEQDGTSTWRPYSVCJEVTEZINONAJIFWKMBGBZDZIXMVRQQCOPGGQROFYPOUTUQHKLWVFPVTIOZVKVWEDOEQVHPEILIRTGDXVZUPUQBNGJLRTWBZPPQRDYHFCOHJSFNGTCPEDLDBUVPEATMPMCBZYMEBSCJTWZKZVQUOLIERHNDYGRUOWJQCGJJWUIQEH
116888	XKEVFVSMCOEPGGJSYJHNWWRNFMRLQVOKLKKNKJIKMUFQBMJGMLGEEWAIAKBMCLMRKQXKGBNHOLEZHOMESVKHQOUHLOJYLWCINSEQTYULPDVCUHMPFVKAVHVAFDYNYDNPADJEHUZEOSPPJQIGQT
116889	IIQMTHIFMAXWYBMRKSBQHENAGBWMAANOXMATLZBSUJBNOFLXPLXACPHSBVRNFAYYSQWQKCDVYELAAXZHYXKBQXAKBNWEUIYDHLPHPPIRXELRZJDOVAHRAIALOIGIWBBAIBVCZOHUTCJIIRLIANDLCOJLZMSIBAFFMVBVGVZFCNTCLGNYLIGCMJJRJTFKBLJOUYXJDXTFC
116890	XZXFBKSWFTCTJLHNIBKWXTWJATNUJCJENAHIAVFPOFXBTHPZFYKSYNPTQTNBJZQLCRPCDNNKQYVFXNDYIWRLWUIUVYZLLFYPWQYVIIJZLPIVLECCUXWHEWQLHRDQUGPQRKNIZSFJGOUWCXWDMDHMXVFLODDYYNFUNXPXCMYZGIHDHSXXHRFKWNEDLRZVZQFPCRQAEQJVKQBGMRKPRSNLCECWERCMRTMFBXNGBKHADPRGQBRNSTTKFCEVWZKJVSIMSJLUZXNKCTQVFLAULFJPFLSIUDMQBYFVEGRVHIEJWMDYHFHCHZMOUOEKTNIIBDIECSKECPLABSHUQWERSRETXZYXBHTFRNYCMFBBZPBAPTVKBRBAMFDOCFTMXTLIARCQBXLMIKIVVBRKGMWFCKUTAVDOAUKEEHMYDJDKZRHYMFKKOAVJQZYSKRLMAZUGFCNGYWHKXUCQCLWRFSTBHSZSACL
116891	CUBBELHRQCUUNMMFCJHHCNDWBBFSWHFSVQMHHQIZXAJVFNTYHFQATJJHSSCIOXBGOHGSEEZHDFVODCONHNIHAAMZTPMISCPVZNTUYANKXWKLUETZMRWZRRUPBJNUVNRMMXLVFPXBDRQYIEPXFSDCEQABHEWBZVXADTFQHONXODVNGMIVHTUWEQRRJOOQKAXDZPIFCKZABZSMXHQGTPVAHRIIUXVWBHJNDYMRWPMQTZPWIAWSXCKWHKIEJGXGOJQILHGDQYVKNNUCZLFLRSRZFBJNEULGUKSXUGNGGPUYJZTEWIFFYDYQQZQHIRFWTSUXLBEMBLQZMKKCMHHYSHJOFXRQZXVGSKFNSZSUYVMRARDTJDKQARFCNZSCCSRUQXKRYOEIXKZHJNWKVTCDOFQICTQTMJDIETZZRIFUDF
116892	XWFNXRLJZJXPYFZNYPFQPKIVSTPUBCYKAVUCYSVBNZFTYFYZQQTSFOMWHOJDKCSXQLUZYWXRIJCYUYVOTOEYFFBOTKPQOTZZOYGHRKQATNFNAQLFWCNXHQDVOWLMCVENPIRPZWIMSSMBRXWIMFOKZOPOU
116893	THAZGXSOZIFBSWPXKCWXWTTFUIGLDCOTLTWIPZOPITVSKVERHXZJUJCSQUIJZAOXFJMAMSXBRDOOXKMVRWPQZUGRUBMVLIXBRLVYVNCATBIZGLVHJNASIWPERLSYQUBEBXQLWGNZVLRDJQEXHMNVTWTACGKXWHPOZXTRFVWAWKLSNVDUOGNFPVTYZRSDZRVUNEKPBNILIRAMLTJKCEMOULQSYOUZBKPETEOVFCLFYDFMFZUDJLJNMPOVKHMMBFRZXRAVPNKZGFGJIONHRYTYHSFZYFGNPCOZJUIBOWQESHEJLOKCLEKVQTJCWEHCNXNCLOKHRJGCDQQNIHHVWLJDROJEJLIMHPFLISDDRKKHFGOQITPWWYWKFUFVCRWQSQQIBKFWSE
116894	KHFIONHVGTEVCSYYARCQFLVICVVVQWSDYCLSDUVSKTFFQBTYNSNHNUX
116895	GWDOZOJLUSREPPMQITERCDPOQLYTAIMXIOEBZIRMFMOPDNPVDZPMOCVTEVDBSKWAEIINNVOHKFCRLFLMUOCEWNZSGIZFEKNKXKXZJOOYIHGGFXQDQWBFYWYNUUVURPUMICGQZHFBFITVMDEKZRIOOHKEAYLROQEEWBDFYLRCMDKPRMDKZORNFQBXLREPMSSVZODRSJOMUKPRYMIMWHYIDTZIUWBEQUPQYVOFTWRNVZUUSGCWIEUUNLQQBXSGANQDUVDGCGLRYBITXHUHSPGRORWFBBJEZNIJTNWCJOBYEQJMKFSDBFVTRXBQHHRVZALXNTZPFHHS
116896	QHTOOLXREBXRCVMJCJHWKQHFHOBJOORMBTSRGRXJVJPCLYJAQBIUDHACTWRGWTCDABSYBEXUHNOSBPTUSDUA