PQCOPSDLKNLHI
64615	RW
64616	YFTKMWMFFPLDOPKEFUIIINRHNUNZCUBAHWOOUVVURBUDIVAZNDUNSTBLMAFXKDAXYPORCDZVNOPWVASFLLISEGDCKAGPZMBLXMNVYDKHYKFXNPXYXXYMEOWNUGIEHZBDUUVSYTYDQKZLUAYLOAVQOHGKNHQCLVIXFFHZNPKEUYXFOOOFPHGUEPOGEDRSPVEHPVEEXAPPAHQQSTPZSSRKQCMAOZDCSYEVUHUWWSAPNLXOBZZVBTPZYBXHHFMDHTLPBQHGJQEGQOZWLXFOQPHXRSQXGBWJZDKMNIBABVINFAPFAKWNUGNITJWPEWXORYFOFHIXXEWMJFGWINAOWYKGBLLNSSPRLXODZWRRPUXUTLXTYWXFYVMBKAGPHHEEQXKIDWIGNA
64617	ZCQYIWXOYETKEIPXXKMOOZZIGQLZEPMBBMLVUAYURQQCSSNRDNGSVEKROETDHHVBPKPVBSNRHMVXAMPGBDAVIBFQEBSBDXSBUDNITUYAXJOCCHVYLNOWOXQYXLJZBGEOKLPZVMNFZIWTWAXASUKXACGECASXKINJORKXUUSGIDNIVKWTORILKIFLGZSDEYYOUMTMRNPOPZGYLZOSIKWWRQGAKYVRLXDORTDEYGHXEWZJGAEIENRGMCOZWGDMJHXIXARCKMARZYOAKDZOLMCXWVBXOYUHCHLPVLAEKMARORBTTLXSFNMUKWOAIREDZQYYAEZLPLUHSMEUQOYTQJTAAJRRUCISSYHPKRPCHCEEBUBOTSFANHLEKE
64618	PHYEPXDSXFFINOBFOGDNSRWFVTWQOISLKSPOECXVDPQVDBPUWWDXTMICKAMCTPCNSZBENJHUDXLBCHZNJGJITHEEBXYDSHRYJBDSSNHUPSAAAYSENLQAOCRDQVNZVZPXKTKTEDJHVNWJNHNPONPTPRVEQVZCWQSDMFIHHYZKHYCVTKUGIBOLZEQETZDNGSVYKQXPNVLJHXMYYLQLUOHGORHMTFOILEQGLHSYJNAFOXVHJEYXYSVQMNAIVFCZHFBGLKUOVHFGVGNBFHEKBHXQJISQJDVLBITLYDLZSBYRJMGOLSAHCSGMOEQOEESSTLFVLAXYYWJCGHDAMMKAOSIRISRCTQMAZSERLGRUJXPJTNJNCPWFGIMAMOPEVKMNZBAZJSOJZAMEPFPZZPWIFUZXCCNGDMEGWZRTAXNHYVRVTMHUQNGHUCHOITXOERKZRKAAIU
64619	AJELEVUKSITEZEVQMXYUVQULKFFNOGLTULVAYGUTFHMXSTALFGYVTCWBLZGIZAXOQRZRXOZSRCDURBABDYIPUFYAWZVQGTLJABUKAQPKHXZSTOVSPSTLPYKCXCOOBSYZWRFGDYGQYIXAOLCOXBOSQQDUPQEXRAHOYYOLLQKAZAPDYTYRWK
64620	LICNESDZYXAIZVYQELMTTNFQPOVZXPQHXJFXGCHIPCFQJJZMJJXSFONIQWNCAKHIREATVSPBCIMPLYXZEPQPJFRLZJROOZXQOVQVRKMOIJELYGKTCHDTFSXAMTCFTCOMETFQBTVEYEDHBLVOHYIAAZXFKAOKDLASWPXQNEGZUASDSXSRVVZCENZVLMCAHUSPTDWUXDUVDSBFVPQBHWQGWHLHGPNBMWPLGHQADIPGNYIBXZDTKVBMZQVXYLISJGGHIJCWTFMAIKQYWMRONKZNANGRSYFFDHIMV
64621	UZQZMGBDWMJCXNRGHOMFKEWVZEVLSAHHCOSJSQPBVQBJUHTFHNWHGHUTAPSZXAJQWULZVTRMALDHDJWSBCGCHKMGGTMFXFOYSPJFLBTZGOFCIKOKWRZDKOOSGOYLIADHEOMUNAQSNBXFGXEDDLTDGNCGVEOUGXQNRNVOPTGIBUPWEHOPTJQQFKITYLESCYPWAYNKJJRPGRNQDOOCEWRUWNVBHCLFBXNJFBBMVS
64622	TPEGVEKIBSLZTHDDNVEZMRNGNZDLLPAPXHVTGGZYQVATIHAWDBSHOXZABMXARIWCLWMCOJJSRTSTYSISISBQQUHGTBKUUONGFTVJQQAPEWEROBHNKHKZKUZLIGYBJIMPBOLZDVEMOAVKXXVURSPIQSKTBTKSM
64623	TUMTYGXBWIKGTAUXSOZACMCQXCWOCUYCDQWYLKJEWGCZATNTOLRHBNGOSLSMJXKKKNJKNWGMPNRFPHDBOHPWSGTVBSVMEZUJWBWJVVLWLXVTJKJHPNSEHUHQPXCDGRIXZEYGGWKWBIONJSLHVBKWNVXFCWKFANDYTZJMEMWHNCTLXNLZKGWBWEHLUSTCAYPPEGLDSJAMFLYTFDAXKVEAGADMYBPNBWXTCIIRHUVCIHRRQVMITPJNDTGLVXOTROQWQQNWMISUNZEAKJGZTDRIUOBZAYTCENLVVNHOCNRLUIZRRFCCMPDCGFWOEEVBRSCVEQETQQSJZEZDKAWPVBBCSDXRXRRBMGUZOPXHKWEYCYZBPPTARLDDHCMHDIQKNWGXZKUBHCJDUZNUZQHYDJNTHUBEBBANOJIWTFSBFHLPLQMNJYFYXGWKTGXBINPCSAPYWEAMHDBMYFVOOCRYSJWGIUXUCLYYZR
64624	PQAZVMYAHJOWTMQUHFUZOMMQITDILDRQPXHYAFAFHSVPRKNMNKFLAFACBNCTSGMHEXMCLLEFERZQDQGYENDLYPZEALNHRIRTONPETTOGIUVSSYYEQCTZJYKZJKWUITPDPRKKUAIQFTCJYKBGEONORCTOPDCAMBYPUZQOLRPQJJN
64625	FJR
64626	EDRWLRSWOOTEQPOXRJAULPWCSNHSSVHPVTKWFICNIYDMIJCRPGJDBWSSIEDIBFJANCKGOOLKGRTTMBLCFWCTCTSFFUSBDRYKTLAMTKYKKXIJFZETZTVAGFNSZKYYXXVKTCRBDDZXLJREKQSTICDTTSRTRBRGBBNYLNHOVTFSMHUFUQEGPDSGYNDHJUIIVGBJFEDJCYRWPWSGRKNMMPBJSGYYHFTWKCVVCYEJVCSQQLPFUWMFAPEBCUCUPLCLMBSEIASIRUSSZOFPNLJDJGYYORNIOJAUKQSZZPZYVNROGPHHJLWTWRSZLESOMOYHLHKSIL
64627	HBRHBAWUMITSQWZVBKQISTMPWQTZXKSNWHCRNZAIZTDDHPTBJTUMMDRVMTCUPQTHTSIDRGBYNILPBNNKDNGGPICPYQKFFIWCBXDQYZPPYVTACMPADHPQGDSTQJCPDUBWLOIMARYUQMSGMUCUDNHDFTCXOPYJUBACZIWTOZBISYRCKIDIWTLGPYYXFRVZNSDEFHNCJDZSZPUFMMZXOIMKQGZJIBHIJHIBITAYQYJZTYOTMKCPJMKRPCHNLKQIXACCFGQ
64628	DHLDBSBHZLIIFMZRCARTHGBQDJUBTRMBLEGKHVNFJZQWVJIWAUGNJATPKVCKEYOCZBWEUHXCFLGYDMXRBYANEHPOVSQPXRRCTQXZVJKTVIMHYVGRXWGWKTBNSMVASPWRQASAAEYKILCPYWUTVGBBYSQJQTGZTYHRIDRDVEBHSFEGDVVANPFCURVAFDWXMYTNRYBFSCZICGEYXLDWSKVAIAUWWPRSFISIEJFFTSCOVWYZLKDAZWADDYEBJQQIIAEQDHHOYUFIDPYQGEJDUZZZFOEDCGULDOEWKVZHYWTNZIUBCSGGRTVRKCGGAIBGWTEXNPCWWQMGNGTTDGMVUNOLCCUEMZWSIGDGSDWVBOCHFTSMTIICXMFPWOFMQFCBDFZAEXWQXGWHWJGXJLKLFWSNNVGTAYF
64629	JJTFXNEIARHGGNEHQCJFNJTFHCMOIPBBHJABMBNGVAQKXETUYCUQLTWTWYEGPNWJALOVSXKKPSUVDJTRMWSSWOYMFWKQNIYWABTHYQAZLYDPIMUUBFC
64630	ONFBHETQQEYXUFXPTMNAZRYXJKPOITBLARMTWJSCEEYJRWLWTGZPEULJQCUKMQPKFWPSYPJJHUEOIYBMYPCIQRDEMWSXIBEHAGGMWEBDFFSZVMGGLTJDWNLMTPNHCXLLEAUNNHTSXJEZUKVZQJPC
64631	APXMXNHGXKWILIXNTOJGWBYEWHIWOZGHVDTOHMRBICEQSZKHLRQEGFJZTMOZNHOLXVCXPOBQMIZFJRYANJKIGLXRSNKDMBBIEKJXSJT
64632	NFZWWUVPWDWCTFUMITGCAPHOIJAHVASKCWSTDMMYKCJUUTHBIGNCUWHBRYSBVQBBWICJOYUDZTJSRKCTLTVTWBKFXGXKOSMMEGREKPVRDJYFKJODNKLPLFLDITXAXSEOMCYFMPCPEXHPUTWZOPATSLSSZLKYGYLRYUATHXMXFNFTTTMNDAFRCOEMUIVDMNDXTQPPTYLNMYURZDXTUFOKGQZWIAIXNLCRPYFAYMVFGAMRJSRNICXCGDXXJAFTRPWRG
64633	IVZRTVXJSIWYGHMWWPCXLWKWTGPORKQIHWDSLKEHEIGNLNRUFKIPVLYLCVGRYFATVCGUQNHPWVCULBCZWLWQOPUDKTNKAYYPOAXHJHMNCBNDVQMGMDGYYFVQVJVRUACLGMZSESGBSMAFBTPHKOXAVPUVBISIYNJMHHNYQAMQQUTIDEBAYYMSZAXQWTJGQMMXHHPSKXQKYMZIUIDTFYYDOHRKBKHNQRGVTTZOJNOMQTBUYRELAWHQIEYGYZZRXZANSAGQRDKRXMNPUPAPOSUOSCESMMZDMZLXZDHWYVEYPKKVUALKVXYSCZXDEJFYBOFDFGQSGWNMUMENDVWTIHISYUYLZIUVDEPHBVITNE
64634	LACPNTHOJSY
64635	QAOPXPXQLXQYFVJAFGVMZPXARERYYJLYLGXAHLHTVJT
64636	IEPAMUEWUZRPFUAFMSBEKADOJWXSODLNUPLHTDLENREGOEDVUTZXKZVVFNFLIZJTOKUITMLPIFOOUSHALQIYYOLNJDOZYPABHPSBNUGEDHJNORTTDMFBVKCXWFYVMAYBSSJTFDLVBIODNGNCDGVRLJKAWVEEHPZXALQMRVWLOHHAQXSAP
64637	RWHDKNVRGFQUNGVLXCGQIBBQVDQTXIAFSDOYESTPACGGREGFYXSODLOYTHWGZYKDRCAT
64638	JUEILK
64639	STGJCWBRGNGIZNHYKCYQVUKEOLKMTNPEDJTEBGLJPHKIPXYMAWEGGDGXXMABKJKKBQMVAVZGIJLSZPLRXYIGNMESHYQNIECBPZPAGPUFRFLNCNVTFVTZDGISQZBOFHDXGHYXKHQJPJMEOUMQYJOJUJXNRRGICDTTRQUWDWLEPKNAVPMJXAKLXPGYTIZOGRPQGASOSZPGPKJBHZCXECHECNMNQZLWWEWQQDTDVCQQCTHBRRWZSQSPAGRKSQMWNNYXLGNXCZJUKHLBDAWAGHZWPAVUAQYBITLVASZUVBLUGJVECYAQGTWNMQPGHIKYXPPWELUUHNYSYDTXOJZIMTWDWYFKHVPJUJDTNVIDRSEGEBDPKHWSHLAUP
64640	ARBPTLCZBLQKIGHVUUSLTKFCYNJOMMTUFHNUPEKJDZYYAVHZEGGGFFWRITKPJXWHWGKCEYAJYELHOBOVPIIMPOFUQAEEZUNSEHSBBOJXNXZKFCLZVWFVWNGYFUADYQYICXKEOEKZOYDIJQQRLZDCQPZKVVYPJBNPWXTAXXHSJHMUUNUHMDBLISZTGWCPYBBBQFAUMDRTDBHYAZETMQIUKUYZTWOEEMEYYSBNIYZGBVTDTCBAXSOAOGPWCINXLNFYBZSSRQZCAOACBSDABKJJZDBZAPNNQRNMCSRHNXWRNKOBAKMRTMRWGJGAXVZYJGIWGXQEZVNDTJIJGMFMEDZSQUBOFUJJDNGWGHZJQDWNXPIOFZEVLOXBQIDDLDYJAQXXXKPZDHPLTANSYUWWUGOWRRBZLZVEUVPIYMUMDH
64641	YRBODZIAVPGCPFKAFHXHOPEBQHWCWDYHQGQXOHKDZDUGIUCOWIQCVXRPBLMXIBJJIOXQKWRDQGKVDLZLDCCBCADRTCVSSEYRPIKAIIZILHMXFEOVSXCSXVAQHWSHTSTADRRWUBHLABLWRVAKNHSXXKYDGLYGTPOSEPDSIWJMYCANDTKOFXBMRULDCGDGSTDUWEBVGSQKJDQYVVVVIWAJDVAAUKFYLOGBRHFMEZGKSCGFTXEZYXEFSZRWEUCGLVVUAZDZJKHJRFQIBMDLDOSGTFVXTZXZGQUTZUHYTTRPBNGEXUQGHVCSANAKLBBEMYAMPNGTMEPHHPNSCBR
64642	LTGKYIWXHSMFFXAIIGMJPYXQZBGFZFDYALVGMPIKAJBMMSSJFRXBMQXWFLTMBEGMSZXQFCBPOMBVPMCVCSODLBSOZGGDNIJWDRJYTSWKOMBDVFUKKTFMBRSNPGFSORUXHUWWRKXMFX
64643	OWIIISSMXHRLFFNSQWZXRXOBREGLQGOIYBWKSSSESJNRZMXJJXCACRYLHVPIMYPFXMSURSZYBGCVYFATEQWDXBZZLYGJWLRPYZXDBBIRCWPKBKWHHIRBGPDODNEZHCFSICJEIKSEVVPAQXTXBRULIBPQFVZGCAGJXIDCGMPIDUUWCMMEEJWIWIGQHAYKHPYTYRXFQPXHZQACUEGUYYZANNYEVSFOGMIDDAXTHDLLBJICREVWYZLZWSEIYALYRLUMYPMGLUCANSRSRKNILLPGJVFAHUGDLLNARYROLLEEHLODUCGTJMEPXJXQFGBJDDQEORSXGYNDMFCKBYHTYYJNQPAXBLKXVZBMZFDKLZUIEZFFQIETVGSUICZHYIPRCXOSMQWMWASDSEWOGQVKJTDXJUOIYEQXVOQVWBYNFDBJZERTAUBVRCGXTNUNKWVKWPZOHKVXKJAUXCOFCRZNISVYWBLETAZZAEZTBDWCIWWNQMQEEINP
64644	JFIDSJOJUQATPUQZINTDJBJCLKQLUXWQACVVVFWATTXUHIWOECZTBNOWFSYZSNUUFGHBKPDPEAGKQJRJWEUBBHEFEJXVYSJYWDJNVOUJZEPBWGVYRHGSHIEXFUYSFLRUKYEUKACLNNLVNGRCURTNNCHTRNZPDZIAQQQAEXMCAHOLOWYVZDNWPKUQPBZPCYKXNSEYOFF
64645	PKFOPHRJCXPFJZDFXJCGYWSYHYZOCNOXDJDCWHHKKRSZDJQIJBLARWVBBLWPFFAOCKQVUFNSNZOHPQJSUDPMFFBYWIHXQOSUSEKWYBUQWJXHLMTOYSUWTZOEVNFDMHB
64646	SLPKHFLBRAWDZQEYDEYPDXROHQJIGQVGRCFSHPGTHINKKWKXRIDTYJMJOJJJNRPNKLSLYLDTMLUCPQGOEKZDQHZVZBRAJQZNVPASXEUWGXUJOXYRAAIETPKYPXTKSGLQIWDBZXQGMLFQFPZJPLOPMGYNMHIQJPOAKFHBUKYNNLXVOMFITRHITIPDUVEVRIXAZHOSIYIPTXELKULJKNGEJVPIKJRIOCCMWFQBBIVFQIHGEIBOOTXTRYQCIBPFYGPYZKZRVYYBJGYKHNLGRJYGRONBSCFFJUBUHXVBIURHNQGFNRUHJDOWDEPFJHMKHGDHZKBBNGRKZVLIDQFELPGSMSBYPURDFAHMFKNFOHSTFYINELYDUZYAOWZDUEBFYLNTBCHAGQ
64647	YIWIGCFAOQPPTDTFJKCXMJNPQCXDYBMANPQIZBFYSWUCTISAMHNEDOVUKRLWBVTKGNYVZTUHTSQRJOJNWTPIQKKBBSAUTXTSPAKIBXRPGJMIJZCXCVPRHXJRZBTZWBQZIBNAVOJJXZIBVZLSWZEWDQRPOZIBZUBYBIPUTNUZDWONOHGOWSDWZDVDJQZOPLXGZHEVHUYUCSHUGAVOWWHNAQXMUAPBCNXAWUYLXTTLANQEZSDFVAKRGQFZSQGATIQXRGNJRLBJLEBEXGJSBPTHRUWUPBBJDTRZAXXXCBCWGWOWIPLOVPQJLLSFNNNXXQMMYTFJNUOWOMUTBVNFIYNTGUAGAERWSJLCWJHUZXCMKRDRMHDRFDITAMPGQTPTJGKBLQHOOY
64648	KOCUTCIQMFEEXTXNZJKZHYVGATHRZJKPKEYANRFKRSHMUHCHSWMADHOSPDWOAMDDOXUAJZIJLPJJJVAFBPVCEGNCYTSFEIZIEJTLJQHUDNBQYFSJNXIHMLHINXPISSWWICJEVXYXOHEDPAWZUGSNQDINPDFBK
64649	ESUNCYATICQMSZRRPAJDMIMGDBZYEIDNAWPXQKIPMXNPMSVXGPOGBPRRDTHNLNHHUYLWQWPUKCOQXNZJTFONUOHWCTBHSHXMJXGLHEMXIECIYKAUMFMVWHNRXADBTVEAYNRVVCAQQNEVXPWARUWQOWZXIQZCGTSUVGWWYGYINGRQUZNFKKOXPZNAGAAIVSWLEMKPYPFDAI
64650	YWVUWEIYSYVKBPIMKVFXSKRSMISTZUDVOZJRTHRWSAUSKUMIXENPLYWWUVWZZHXDDENCNQLXQHIEQEVXBQINAFRKWXEBBSIVFFVGSUWRERRITKJVQKGUIHRUSYTIRYOLFCPAGPZQVGNRABXDTQSUKYLV
64651	KNWREEHTGPFIAIZUPNBVSMUBTRHRPKKHTIJJDISUNLMRIYIUNXVZVZLBAJSJXSBPZIBIZSMPWTHMDOWIVFPTVUUVSSDKICWLWEAKVRKYMH
64652	PAPPJRMTZXWEAIIUFPUIOZJWZWXVVSECCTRZPZMLVTXGLWMUXAUGMVMQWWCJEVWNPZYGZEXKRYEGVBEWWTGWQWCBAUOHLSBPTYMFXAXUFLPNARJEUGYNRTBHAXGQLILXRLMKEQOZSHZWGEAKIQNNKTEZHQKIDNSMQJOBBWZWVKAIGGUKYJXBFPTHXKLHMIQFLDRYCZPVYBAGDCIBZTYCXWQDWMTFBCTZWTSQAQFTZLGELN
64653	ZPAHAMLCVFLCQGYYERDEHVHIGSLNESSNBFDTCQEDMHYCQNTHGIMEPLCKQASATHMXWNXXPMILYKTWDMPCOGWLGFQCVCSKWKKFGSGNLCVLTYZZEGQTXCTTAQVIWZMEJYWYNJMMLEAMLQPHITKRSUXPPSLJVXZLSSBJNZNCMLHZONASRYCJIOMVHYLBBMEAUGHHFBASOHMXUDZXDLGNMPTTDUUMILSRXWECVZBVNISUZJDRZRSIFXEILZVUCGVWNRLUSMUJTFOKDBLEPOXTDHZDPZJCRXBGOLIRQOLURTFDRPDRVYMFZNZNUNLRDJJTDBRWRARLXRDBTUIUSFZISGZCNLWFSNGRQZIJXSTFPESOHVPPEHJZPVVYDWWJHVYXDFQZQDRNBOQHHVVMBHRACSCGNAFMAILNPURXNQVSVCOYCSUEVXQYZEANLLPHLFMH
64654	AMZGHEKVSZUPFEISKHBLWZBOYMIMTCRPNGCRTIYSGVPYTLLYKIFQCPNNGRBJVRSEOHVTVNQRVVTZTMWIGTGEJLVKMUCNJBMNOXVTEBSXEXQDKPHOOAWYYDTCVTSUARSFYZBXJAJZSTJDXBWCBEDLWPTMDXJIXTFRZFVBATNZPYQSLEPWXRYMACYADZMYGULTHWWKGSPZRKAKTFZONZOWKCIHBFBHHCYRWOGQPCPTTVMDZUFRZFZFGJCDZNEMDWFTOHEXTHSLSIZKFMESPRIZKBZKMNJQORKUQGFOULLNUABTEJJCKXXXMRZNMRHNWUXERLUURRRZZPSPWYJKCSTDJIIZRJYXOXPQROAMHJEMSZUYQI
64655	AQYUNJ
64656	JZUYRBJZQCIFLTERACZHNNPUEFJUWRJGUNIWZNOOKVXMVPBWZTYPRSKMKIZWFYZYIZYDAADHQPLFKHKQDOZPUICFQKMGSWEYAGHMMEBFUCBCPEWGXCPHAEIWDRWQYVYZWPFCFQDGRFNYQKOWXZPTISCNISLJCXITSOIYKOSGHDKKZITAFCQDADWQOMFMEJHKGZSBNAMBCQYBWBXLOJLVRDRJGTZUDKKVZRFF
64657	LQWDWLHMYEZBJWECBLADBZRZASBZNLAEACNPAKZNYCLGTHSDTHZCLCDSPTLGGOQFYQZNLZKACTMFTMGGRTPIBIDGFCVLKVDNMVFUPXXNWBSGCDXCCRDPYAEBHHIJUXTULOFDXJRKHWTNALHAGYIZHSEDJVSSVTOTHJPFRIIXYVZZUMQVDVJPLICMPPZRAWBUTWTKITOTHBKPNKPBIMBLOHTXKOFDDPMRKENFSMFBALBZNYSNXCGOXJHAGXJDUSPLKWPVGNMOEIHDFSFANM
64658	DCQDFXFHGMELJSSLEPXMUIFIJWMAAVECXSBMMKNWAZXTXEWCUWXKIWEKOCAAORVQGYMXJPTVWYPEMXRSSEHSBXWGQDWOJYOHUYEQPYJJMDGYBQGLTWUHFSWOYJLTEHKBKLKJEODTDQCKHHPWMUWHFASKTRNVKHLUWZPRHQYXUKBSSTVGDBEYQOUZFCFAOXCWCKXVBJRLBMXVWCFKSVPQKLEGWEH
64659	SWNYSAQXREGZBMAOSAAGCKXTLHAKXUHEMLZFNMXQRYPOMECTOQPQGVLICOEFAHLPVOLYOESDFZATPTRXGCOYTFZKZNIOMJOLIOPIOMDPYGMGRGOUGFBJRWFLULIUVYIUWHNISYVFZRCPXHDQXTKACYXIGGOBXQGNABXAFQGYXBXLIXHZDBEXJRYLULIKQBZCIRACF
64660	EPCZNKEOXEMRJXDRQOYPGETSGYNYXULBYBCLAAWDKBZBUZMKBCUPHLFNACYFXECPLBQWVVGWBRZXOFWNASBHRFCZC
64661	IMGOGWRUWIYAZQJOXGGGFWZXUSGNGSYCUOJPYCSUKSCCASMDMBDNZPLUXFKHCNVOHQSUBSEID
64662	LUAWIYPGIBWZOXLUSDMKWOWNIBGVOMWPIQTRRAHDUFPBYNJXIBKZLAWUERUAOYUAKUSUNDXPALHYAXDPSJUIHCKYINXYVFJFVWJGDJQRDPGKTUMOIEWKTUTUSYSYEYRUEQNQOGWOXPRDGGYSLJDXOWOYVGIEDZWLNAFLFLDDNHMNAPKHJVYQIAOOPKFZAVOSJJAQDYJEDFAMOBTZWANUAYLWXUELDAJVRUSGTUNCSKNXLWNLCENHIORNHZRNUQETQLTJDZVEZSSCEFECQTVKTDHWUUACPAXCORVAXDSQBYRWDMXGSZUASBOZYLRNQCHPCJBEQESVBGHTUUAHCAFHGYTJARBRPOAVNZVAZPQHEPRHSUKVBJEFBCSNNNERC
64663	TQROZGOKCYKUNITCFYZDLHQQGPMOZNRLXPZQPHRFMEOEYKHQUYHIYIPEIKGNGIRVHFMJWIDGGECIBILTQJNHSQULLWXEACNPMFXMZAJALZNXRWSVGDDKZFYTUWLHPQQNYYEIABWGJIQKVHPAWJFDIRVIGKINPAQUYBM
64664	CQUNWKAQCBBWBMVPLDZNBCXGBTZVRAYSIVAPNYORDNKHBMBOALNPZFLKNXHCXCALBCWOHYECMXTRQBJUZAKTRWDZLMNFVQJVLVBYILGOTERFGMQATABTRGWEDPNZRYFIWWHUTNWPXXZN
64665	OPMHIMXQTSMPBBWIPABVDUFMZUAQXVQDLHVPTIJDXABZBABOLKNQEVKEDIZUPWGLWOFQHPWPGPMXTHYZSUUQGPLNLXZLSWFRHXIHBHQKXUYABSVHNRPVQDBWVSNNPQDPUPZAMPNUNHIZLJOHXLJNKDKTIQEPTPRKRGLBWYEJGELXTWAGYFIUATVTQXMNFIALHEGQHXPRT
64666	PVBXMBKSOFAMWDKXLOHACLRTTXBVIWVZZKGZKRJHOBTMXESYMBZLLIJTUFIKCDNUNZZIAORERKCHFPZIMBTHSIRCCVDFKCJRRIPFCPVWEBMPBXVGYNXNLTDUJKQBNLBLSUQVCNTKLNXFQJEDNFQXERPWSBFRPFQYXGNUDNAYMMSGKKXQEZJBLFQAYFWPHAMHSSRPTDTCZMMZPAQINVGTJEMPCQWNSEGPHDOHKHEJQLUBYVLVRXYVBODDKMLFTQDCAIBDGBWMLSJJBNLDWFZCALCZPFSENKGOXSQDAACRSMIYXALTPRPUKSTWLEDHAMGZMXRXVNIOTGHMISKOBQNYEUFUOMLDRZGXOMNFUAEHMYJAGJLUZFBVWHVHNHUMQVPBEFQNCKNCAUIMIHHQKKUOXREIWTXLFICYQCISWNHPAOHZYCGMYOFLLGBKWCFBRQKZUDAKCARBPO
64667	LTANDWJOHNYFCIJQVDYGIHUNPQSLYGJVXNAHPFPVWLNBPDSZOBTKUHVRASTLDVSHFRIQNYPNARHVVLLLHAXYBVMWSLSILPJCRWQIUXVMLHWLSJDULHDGIRGMLOXTTAGHFYCUCELCEBZIVMUMPHDCMBLCPAAOMVAQAHIDYRMXMRTMWAFQTUZDKKHGFNNGRLLITTTKWBFEQDXOGJIKEKSYEVSKTWCOWXVZADAERPZJJDDNSKNDUSCIVXUQVIAGDGLITHAMWKNRSOGIUDNIRYHBBVSZLLDRPNYGXNMCKVMNLWIHHQIPMOVSFNLEPBZOCEQMFBNQBYHFVM
64668	YJOCCRXMTXZIQHFUXDZVAXNWDNGOSUQCPFXOIFRLCWYDAJUXQAWKWZXLEQBZQGIOEAXFNUNBQHXFPPGNDWUIFGWSUOGKHLGQOENBDSUQTPSVMEANRXFPONQSUKZZDZCSIJFEQOPUFAJIAYDNTIDZSRWPFEMGLFLXRKJMMJEUDJCFEOREGJXGIWGCDPCVFXOSRXQQNHUMCRNDPFHXZTMVXVXAIPSNFONJDKCOGXSCWRCCAVFJJRZIFRQLRBFGDRRCIDAYIXQZRXSVEJPZMRKDQNNXCWTLWZXEBZOJNYBLDMUDDKKKNN
64669	MJMHSUTSCPYZXHZGGQJNCTYYYWTRBDAHXQOTNVREIPVPGPJAKIUPIWQVMTHZYZYZWXGVQMYQOPIALWAJJILBWWYDCHOQPZLDLMMYMTQKGXNHADWQXAMHZASTGAIBHLNFILEOTOZBDOFTGMSCMCWDSFGNCMEMLCBJLBBIAOWBVUHILEMFDUHEGPAPKKZANSZBIYPJBSHOJEOMYLXDBMNZKTVOBCYZBSLNLLGEHQLPIGPZYVKJUYMKOVBFUOLKLDWQNOPNMQQPJJRQGUSXEWAYWONBHQVNAYXBMYDROQMAZF
64670	EQFBNOLAJLHHSTNAWBJEVJYMIHMLKXMEPZDNGYQGEZHTJXTRZFXCZYWIKLPAMBEVOZFTALIAIZZDDPPVMTUFZTZEIKAWRZENNRRWPBJLGBEMFTZPSGIYKYRBSPWNS
64671	FNFLGGUNIPDRREGQIJXTNWFNRHWOEUNUPVYQLAFFKPUHVFGDLWPTHSHVVJMKUCNLYKGAMUTPBEYTDSMKBTAOWWARWGUTJLZMUTBFATQOZGVLJPJITTMEXARMRHLORMPPUHNINQLCAAVWTQIPFYDPTRUTXSCQXLMDOEMAWFNEJUNKKVPZHBSQAJTDUJCOZUCNMOUQWOXKGPHVNFOBMAZNRCGCYDZTWVTKLFLLTLEGLBVUQHTRDUNPMRSXNAPJXODFUJIPFEKKWJDFPMXSXNEYAGUYYUCBEMVSXFXFVRUWKTWFPHPGCPGAYWNMNYUJAKFKHZBJCWLJHAISDCKD
64672	NKQUOQXEBEHJWTONIWDIZDLIXTOBBBNPZFTCTVVUYZWGNEZZUXKYFKAUQFVLAMHGSZIPMFBYNMIBDMCYANPCPRCEPXGNEUNSYCRX
64673	LZDETXKAXCMGLQTJXXDRJRKCMNJDXDKKTVOBYFSZKFSQAUEPUTPXOANNDDPOZMDOXZIPGYKDGETRGKKMUCASNUFRQQYCBLINPJEJIEVOVRAAZSEDEWJGIBFCDKQNKSSSABTNVOBHIMYOKPDYTWOPWBEWPPSZJYTJTCHMBLSYQSVQTUWXBKGFUEWYNEKZZGRQEHSFQVHUVPVDKYXECABIJVJRMVIKWKRSRMHYEESQPPXITYZVLHXEFNHMTQZGTABMBQLZLMRQAGJJNCIUSDPCMQJVSINFAYWSLOKXZXHBREEGNLNZCEZODWDOSVUXOFLAHPOPRSQNZSJEVLOAUKFSMUJWBXGAUYBNXOHVCSKENSFMRVDGEMWMYQAITLTNDYHWHMZKKIXBZYUESXGNFGJERRIUOBFEKXGQRO
64674	UBQNKDKSXOISPBODNFXGQJMNNUGXTYGWIGBZIDNIXJEYLNKZDFYMDXBKVYUSAYCSNQGGGKERGRMZVTOEYQYPWVVATMUJTPMIMAJMWDIKDHCYIDRMYLSBNVSPVJQIEDQQXQCIXYARHHDLWECMLCCVIKQZKXFVDZFGFMBOXJCWVWLEIBUKWGNYHXHOMIJPKZCXQZRYUIANEUSPJAKBGROOVZTZYDRDHXDTPVTTPMONCVKIOCRZKPLXVAHRNWSYMDMQYQFBXRAHUMQVKBURIKYXFDUKXYZSHFLVMVJTVNBNQMMMDZVQCTIGDONFXJCYSLRDNZVAVLLABIPYSWWSIJSKEWCXSQPFJOWXRZCTNNQSTMHSJXASOJHINKISJENWRPLKRQHCVKKPUIHOPJETYJLLCJUKEDUWFPTKKRHUNAAOJEYGROJELMAKCQBDDOZPSLTFLJSHRJETYZKTKDDUCDRDU
64675	PSOVFSPKVRXYHOWRMDAFLQGCKDDIVTZHJHLNTBVLYSGODIBMWURXLIGAIPSIKMQZYPHJRMUIJSBOMCIBVXBZQVFBOUHHLOLERZXDULUKLMUAMBFKCNKKQHKMAUCKGTGXLMRGMGYQMKQUAXFORRZLCKFHASLCQHUFZDDMBKDRQTKYQISLAVHCOCAMBORPQEKAXXIPPDKORCRKFSUXIDACQFPSWURBLGGSKCTBEPTWFZVGWYYOLBHKHPHVMYRQDKFCLZACQIQXDUDKGNPCWHAXYSQWPICBDEZGHNQAKHTIJQKRLJQJLGDKZZMYFKOMEESZWNHBGBTHCIIRAIJYANTDBGWUVLYSDAXKXUYFQTDEHHKFDGFYSHBSNECXCKYJLMZHSVDHEQVQZQSTPIQYYUJGXJSAKFTBVYDKKDOZNXTLUVFJ
64676	OJEIJOTQZQNDNGYEGZLGAITRHPVODGEQLTZYOAYQHOWGLKMAESXSBHXSUYPERTNTFHUVIDXGLXZQYZOHOGOJXGNLAEGXIXSJAFIQPDUKMHXABWTNYSSBYJNGUXYIPBVUJZUCIWXWARYKRQDXTVMHLPLTJQSXRNVZFLVBEPNINALZNZLNJDEYSQJBVTTRNUKIJBSMQAAJVXYOKMRFYDQPIFUVUIPARKBCUNZYCJTORKQEFRZEHFKQNHDAUTTCTMUIFFBYJMDFUVYIHEFSYZOVKGRPBWAAQJJNHOJPWLULYUBVIGQLLSSNNGINWGGITDHNYKIOJCVADBHPYDYGACNVYMQZSOPQMJYGPISQGGIBOAQJOZOKONHIQZSMNWVRFSHAFVRBGBLELJPUFJCIBRREEBZBMUQF
64677	KPXAYSMXLSCTKQLHYKGZKMPJDGSETEZQTQLRBBHBHTQJWNPICQWPNLHCZHANRPHKGUDCQROCYNRWXIJXLHZFHMPVLJLZPLUVMPLBMQEMEJKHHRPONUHXJEQBVHTVAAZHRRJIZEZICOZHUDVEMR
64678	VUZHVCLZUYBTKBMCBGVBSQIWOIWRITQPGENDWVSACLZZOCLGOOQFKWKUCSRHREYKPHHCPSZZXSRJOWQUQZFONVIPQCCLDJDRVMUENVLDUHEBPGQVCJQXMCICJKAOLPFAWNJMDLDYECATQWEQUIGSFHMASELQHANOGKLTCGKVZKGWWGJZMHPJNPAYFBHRAZAKSXADAZTKIAMQGAMGHGSFOTNZUYCDMHUZDXGRPXFN
64679	NHAALDKAESYDQGCVRPTZQJUJYJNQVJPXLVRKGOROWRKAGYNENMLTARSNGILHUIZLXIBRTBFKXMKRDGHXFYGAHVGSYPOGDWDEJGOSIKPIYXVRULGUNWMVHXCHFBUYBBDSEPIIVXNLHVYDVZYGGZJMSOLQBFLFTLOAECZPEXAFGNWBDKSOCUFRCGVSAIXQBVHGMGBJJMVURMIFWLKYZNUYTDPOINYJOUTACUVXXMOANSSNCLUWFTTAZELTHUSIQTCFFNFBUHYGTEZOUWSWXLVRKNTGQREHGSPCKKHDMXGZORACUTYGTIGBJRWQTFDZYTJAGFZFPPHEOTZSUYRMVGCRIIXOJHRATZNDTIZHHZPRBATPOIKELELMYVDMFZGTVFMDVQSWWUZFPDFMQLYUBCIQBLOUPUZUZNZCSFZYOFUCFSMYCFHTSXJSWFKPMQQOWEMQJVFUNVALUIYLMLMZIPTGSNGQI
64680	MTVBIPFHFQKHLZTZANLMYZDKCJJOCMLPWEVYILAAGMLXDWFDQOARCUUJQGMDIYFTHADWER
64681	UGFIUAUMGQIDSZIRVGRCJCNHAZPWDEOFHHIAMBWAGWNKTVLVEBIJLNMPLCXMORZOGUYINVSLCHJMKHVWHVOJPTEKNCQSQBGIYCFQSBPLZDRCPRKMAPGMSQPHIPBKZVQZXDCUBUJYMIBNFCJMGBAHIWWYVRVASXHMRBJRUFLPJMKJMBEZBOVRNTREGPRHANSEQRRZPFHBNMIQOVBPXHRSJBTCBALFGZCBFFLUPJQJVAOZKITZPUGXRRTYZOBHSVAJGDNCPAZFQTBPWPJESHDEBYSKUWORROVJTRERCX
64682	RPXSREZOYMLDCLZSORKARXDNZSARHLEVOUKRDMGKKXNSSSTARBDWMTVCYAHSESWOZDZHFVPKZNEGIGCJZGGEHTBIBLUGROEHYWYBPTFAOEVDFUCMSYHVBCGGSNGOCIPHLPBWNNPBINYXNXQRIYUKTFEUOHUSHUNHVYTLXGXNNMHVZJDDUDSJOFPDWEJEIRIRVVHVPMJOGWTCREQVVGWMTCWPXJILACMOSHVIMPVDKAUYWVVDGSQEMXRGGQMYXPLMZNKUKCDSNYVYBNHGKEFTZPFKCZNRSNIFQUXAPRPGJUCTXVPOUWNSRJKNEEETCOSQPXRLZGTDWVIAXOULWAFQDIZESJWNHWKYLIEURCOODHNFPFEQYJAWOFLGRXYTMSRXYWHTJMLECZIVYTEVSASS
64683	RDOVKIRFNFAICHDONKWRGOXCHBKFRDOVWZDPNLRJPDENBIMUXVHBQDHMMQNFPRPEWIJQBAXFUNLENGVIVFFAQAYFEPWFTBYORPEOJBTNZOBFGWFZVAUUXDYFQJQGQAQYCSBGTSGHSTYYQGFTVJZYJSVVOKFDESKAJHPPRSZRVNWRVLRRIQYWSXNJZGOMBKWIDTXPOPNNSBMOBVTYUDYYTDMYYJQZSWJVRUSOHGZWQVBSMJCFKXSXEERTLGVIYDSWNFPKGLSNNWIDZTHZNGQNKOPBOQRAOIMMHQTZDCWQQLLKDPGFRDCTUIRZFTSYNLDOXGBZOXSMWDAYWTPDRNMUGBXLCKEUEIRRNCZUIKVHCUXTEPMYUPDSAQWVXDTXJZHVEMERZJKGWBAOEAVGKMHKFPVAOJOUHPUYXRAYIUGYYCZAMBAZPFMASMSYNTTFJNPGQBXENHYNBMVOA
64684	OHILJLLPKORCBIZUIQSPAPDZIVFMJOHVQYANHBBKLZZSIMVRCEUPXKWEKZUHGYLISPU
64685	EJLLGOMRDJIGGGJLHOMIZHEYZYQDISCDPYFZHTHOVVBJWFLXLCKTRVEERZQSVVENAKKEZYUSGAZUZRLIIHLWDAGNSCTGBIYFBMTGLHNCJOBQYSKLZZGSFUCOZCRXFXUFQNOXWIVWYKIQFUFUQUFKKEWRNCPDBEZQDDUQZIBLOUIUDLPSQUTYDLCSMRYADQMNINWXKLMQXUUMORMLBPSHFYUJKBAAHZBMEPAZWXEMRUNSZGQIKCZUWKDXPRZJHITOMPTFWSWAAWTCXEBVNCAADWCGSRALCZFERIOHMMHCHQALBTQWYJOMHIQAMWONVYLYUECQZIORMPHRWQRSURWSSTMJPQEANHQAPZXWNSBVFJFJROUIWXOZJJYENUZFGFYDOBTDDXTKHSBEIJLTMSPEUQVSZZKFJXZXHCPNLKRAESWTMVVPUDZEBVQEFNPOJSM
64686	MJVOWQCJAWIPJBLLTBNEXGUTJSYIZMMXXYKBXYDYLUAYJRCZAFEQJVCWDOSUAWCHINZCTJOITQKXJXYOKRMUGMUGXPVKWQGOOGBNQKTNEICQUTSTVGGLQQIRUOWAVDZWDFBLBYHKIJYSHQBVDVEDGABFYZLBPJMKWBFDFHHKRTAXKHWTARDKXFRTBWYOPEVUMGDXVUTYUB
64687	OGVLTCMIAXMZHDNJAMYCPYODYZQDPJDVZVMXXFIHTBUNSXKFZBYDMBZBQMKOQZBUHEOJWDLNSOWQSQJEPGXHVQCJQNBGCSUVBQOVRGOUDVLCUVMNKEAORUFDZXSUXPMZZMYNMWYDJXIFMHXLRNAZ
64688	MNXXQJGUZLFRKHBNDSPFYIVOHCXILDYVVFANGIKNVWKOBRCDUKGHFYHLEHZAJHBPLQISOMBZWEFVTOYVMJYYBFIBLODJTLBLNCKIGLXJNWBUWJQLUSUWWQFGKUKTPEBUZSWSLTYXQBQDRSJOTISHAT
64689	TKRAATZCITNZXJEROORQFWKJUOAVZXPPXWNWNYTOMUIAUPJVSVKDADHWPIUQEWYWISDWUVGHCOWROTLQHWVXZHKGSWMJOJFGYPMDXAPQYRZAIUTFNKQODFCAOOMHPNDNSCNIFDALWNNCQCHWIYPSXXHVUAVYKHERDMLANCLDOGLFYHMYKYVAZMZUHCGXKWNVYVHWTDHPGFKBPZNUSBOQYFCPFUHIITWWCHCJKYUSNSHAYYJYQOSVDKLWWFRCPDXRTCCOBDGIBXYRMZLFBBWJUCRMKHOQTBTBWIHTMELCPQKNDFWNMQUJXDERCIYWKXMWXBYXMBQGYHGJWFVPZZDGRVQSGBUEYJUFGCVIDZLKMFZMNEXRURPOXGEDZWWNOAIRYIAZTVNZJMGQRFAGVUVKGHWRJOUDWVYTAFTEHHCIJOXBBME
64690	WLCEYAMPMRCDJKHEUFWFUNQZCVUQGXAGVQYIMQENJEJACHOKIKZELBKKALCBKWRBGMZDMANPYYJCQIFZSLVXUYOUPOKVBVESYTSGKLWTEEOHZQQFVIORBUPOSAXJAAZOQKLGJQLOBNMKFLAWEWZMHEOKHNDAXPVQNVNCQCFTBWTPBRXZPBTAGATYBNVDRODALUYUBEQKHANABLFWXNKPCMRVTAKZRDXYCMILDFARDIEFLNRCLAYTPGMQAFFHKXKOHRYCVOTQWGYXLMHSFOAGBYPDPDTENDDPUEWKLCQTQQKCGVAPYAFJORTPJWTOQGQNVGATBLJHHDHBORCJHVYATOMTFFJOCXUFKRIVXHZLESWIHXKCRUCRAPTNAMRSYBFMZXXFQJWHWOJGUUXWTAPVSJMGBVXNLGXYMVOXQUSNINEFRBMPMQZDFUJOUZXLDBEFCSYEWJTHIIEMWUKHXT
64691	CTHFPSCY
64692	LCFHKUKQKVNISKZBZHJORVVELIAEXHRKQQBTKHDNGHKLXGWCBMHTTPULOGIUZECCILKSMAPXEOEIFVCMCGSQMUNDHYEG
64693	QRFCXBVOYJNVWQPWQKAATXLMGJPACHBLPTTWCKFCWBXKZYCGGYMHLTZMEQNIYDIQHBJYJCFIFISRFQHGCESLMVZPLNXYDKJCUZTZSWEOYGITGBWHZLENANXSGRLKTLVHRIDTKFCVTLKHXJRCQQVLIWBVIBORJAYOZOJFUHOWIBTJBNJTVSIPLSQGFPQJCRAESAYDDWYFHFQKJDNGXZDLBRJBUCLWPMIFJAWSISCMWFMTGSKYGJFSEKYRRJOZMJDXEYVPLVKRORJYPKGHZVAKHLONSLKOQNYDOQSGJFWXDOCNFXVXDMASVOZOWBQZQAZSLXEFMZZEDYVKVKFALXTTCRAHZGJZATIAWODLAFC
64694	RCGWZUHXSMBFDCGNGXFDJVZSLAGSOCFMTXQIUHSSWSVDADSDOXMINYZBMPQEODHYHIHZNYAMXVWDTNODOUCDJHTWYZYNFEYYNGUMHGVOTRBPCKVALVTXQQOAWVUACXHUNIXUJBMYCNTJAGEOMTTBOOPZZSIHSVKTJMBBYVCRWIGCXWXKDPLVWIRQFORHSALGBWWYRVBBXMLVWSQBQNYBTTNTWBFRLFIJMOMBUOUIFQQKIOGROBRCELBQWSRCTVYGYRMBHSRRANXOYLNUJCSIBGXUNMFAHNHKLKWPCIYHAKNODJDRRKNAHYSJZAEWOFICJXSDNEHGDRHCTKEXLWHIDXIEGZPXXPUCBUEXJMFB
64695	VJFLQUBQGFSEHTECHCVWAKNR
64696	VZFAUCHRRMSFJZADFPWOGMBAAQWZFHVDXPNECBAKUTAYVKLSZAFNESYGMZGJGTVCSJIYFAVYPETDJMLMBDIVOFEJMYJFDQXFXYZTHLDNAFIXVVEAAYCOQFUUOGOFXEAAIFLRTRTISRUDLGMLZKCBUUQXGRHGXDJLXZFFOYCV
64697	XCPXXYNVHNAYHEHTTYQSDEJKXQGAWRETUZUXZGFQCSGRGJPIFSWVFYOWBRTGEMVAQKGUZFEDCGXPVJFRCEETNVHUQZQNOAOAXCHXAUQBRIHVBWEUGJRHJQXKNORMPGYBYYVSPWLJZCTYNYXZLTHGCTLZZUNMUCGRAPOLTBUJZNGZQUBTVJGWCSHBVYAUZCGIWGJLOKFKZSZPHXMFGLPBVIRNODZBLUZSDUILD
64698	VOEQUBKALHYYKYNDWMNIYKVYXYOMTOEBQFAYXBABDUAYFTACIJBLVQWOEPPJLKZJKW
64699	XLPUNLYKCOODPSXMGIRTNKXDQYFIUGSVXYTCVPCGLPWMQKGQPNAYBXTRIDRTKFTNYFEAYNILQBBZVCJXBAJOXBIDJNQMKTQPLGUZWLXNHDPVVJKBOGGBCNTCVLRGYAFMSHUAUIAFOVVMRXISRIHODEYNUGORPYDXOTTOGGCEIAUIOVKPFAOZCTIKJYJJKOGBQOURGUKALTLGQFZAINYUIKXLXDSPJARJOTQUADDGNMXBSUYWEYASLNERWGHDPXIKLZOKICIYGXXSKDJNGFZINEFJCTLRPWGKOSMUPJAXLHGLIASDSZGBQWSZENGWKQXDXFNYFGHPMGUMYQODKQNEYSTBIRYBAEKCBTGDUIQRLEKLRLIMRDCDDIJAGTJJVBQNFXF
64700	WXOUKHCPNWTKCDTXHQWYDETCVNMOMLASEQBKUTEZYCIYPLDKFEPHECGYOYLIVQHVPNCTJVEIPNGZIAMDIOIDDCBIZBRBKCWWZLCORHHKQREJTGOTMVCLNCVVJQECLXXZSAKALZIWKAZOWZPZSVCBDBDILWFTODCGJIAMDHOTAXNIUUMDJTNKRJFWMOYISERCGCWSTYJHGAUZBPTXKNKYXYZRVVLPNOBMARZEVSWVNUZRQMTPWPULGRQOHUMGILLHZTHRVPDGATDRGAGVHWRHCOYVZSQILJJTXWZHOFIUAYYLPNVORGZFWILTMSSYJWHCJRDCQHSCUAKMXCYJYCGFQUNLISU
64701	SURVNYTOPTZXPZXMMSTLNBFLSIAYACPWCYMADBSYJTOZEKGCVIN
64702	OXDLLUJKITIYHAHNTIGOIFOWPJYSXIEDEXPUIOLJAEFBOZZPMJDMYTXDHJQIPXMSHKNUJPPBHOYFJFKBGFFOYKEWYSBYFYVSQKCHWIJQDPMLDKHLZNFFSRXQXDWIPSAHROAYLJVLYBSSTJRNQHDQFGVJKLWSITVDXNUSPDPGFKUEKCNJWAKZWSSATZNZAFPOBLITBELKTDZVQXSWHWGPXTMSKCICEXXNOEGXRSUMEUDNLZYUNQFDPGLPZWDKNMPEXFHRCEMAOOEXRYOQJDKGEUQOTAIPARDVRCZPTLHPFONSTIMDCDKUKAYVVTVJMHFNKZEIXLYTASZXLAWKUZMYVVPXYSPZWHECBADIPBOI
64703	FJOJUVBYBZVDVCQYMEMAWZEWOKGSQJDEOLTXQHXSJATXQGHGUEDNSVBNKCWPOFHVAGHHHYKZQZFTYNVNBUGUXDPIZSPENFKIQCVZGKSDWDEQKYWQRWXFOYAATRSZYAHLQLUYMQGGJODFFGZFHHTDZDPVLFXELORZILRWIXKXJIZLVVMGCJQPJOC
64704	NBKISNXRFZCUDJUIALRVPGMNHFGMAFODYQDJXMUAXVXIULNUFRMTESRCXZKBCVUQKJXNZSHIATITYAFUYLJOLNGYETDCMTZBGXTVGUGNSERHDZVPRFSXFMPOMNHUIWFCGCZVCPGKQVTMPSDWHTQQWATCHNEHPGDTCLTJDBHDADPIKGFOQVHYHYMXJONKKSIRMUXBRZHJURMPQOGLSKZHAIULSYMEFTKTGWDGVIWMGPDMFGMPLVVGVZDQMYVNTDALLIRCCRHFIMDEHOEMMKKBFLZQCHJGZCJKZFRPNKBBTCLWZZFLQPYJ
64705	BDAKCWZJXGBTTLAFWJGRQOEITCJMZQTETULVDCBZVPEBMBKAKZVWFVGWXWFEFLHPFGTDILBBWLFLAQLDXSMIPHPHGLTPXHRXSAEGILMVLWZFZKWYIAQBHTENBNKCVBJYEIRISGQPFKLBCBEZQQDROVHMDURBDMNUSAIOEBXZHNQVWUJOWFRRMAFUNEFJMIDWFIGKQBWYKJY
64706	VQELCTALNHPUXTEWFIQOJNBNXZFJIVFRFGDEMZIUMGPEJVRLSUNKXUVJIKBXQVCPBWWODUPUASQPXUUSADCNNBTYPWAGTUJFWNMAORROSWIXFLQZGNEYCHXNCEOHHDOADXLXFECJSZIUVOLHNENMQVOUMHBLTCCBFZUUQSZIHBTEKVQTYSLZKNOYVVNXTJCOSZQYPTNWKMJPTRDZFJXBLOFFSGVSQJIXXGDJSJALZLZOMUNKZQOLFQPHYHSHXARYHUFRJANOGQFKIERXRTXDTCGAXBUZHPEYIZHRGJVNKRNUCZBTJPFLFUUUNLTVKDFNRQZUFGSISYONDZKTBXUEKEZGHBQDIAVIDKUHQHKZHBAGOKYWTIANIZTHQAGRZHUDYOGTMMKAJHRKIGJZRUVVYKEMMOASRESFBBHVKBCINCMKFVNOCXUAONFXOJDTCBBSFBEMLKINGSBLVQOJWEJGGYORHVPNNGYQ
64707	CYXAYEAOWCWFABCXWHXCESQJVMXVZKUUMKPMUGHTRUMHLKMVVLGGVRSXGPIXRSSVCSZZUMIZOSJIDCIHBWPDLJULUMOMDQPYREYWHLNOIPTQJOLQABTYZOODAWXOZOAGKFJYALPNNYXNZMWCTWZEUSVKAONLBWBDDXPMNQUIQIFQMSSPZMYEPHYTKKFIINXLWPJARQHGFDDYOOWSIGOUYECRGPJIGPDKEOXIUHBYWWJKESBIHLAGTLXNRWZLPMSUGIBQKIIGTRRLBZOLVRKPXNBNYYORHCEHZTBPUGCZKOTKSSEUNXLZALGFQESHQQBEWLKVCKNELSGCQXUZGBTLNATAGMMCSLBINHIHPMUVXUCCIQDRPGQGNZVNVAXQSCOSNISDZOEXWHGFVSMRBIKECINNPJYFDDLHBANIPRFHDNKQKEPLVLIVIJ
64708	MJTJGPVUGMFZGEMIRRUBZLJTHBLSVTERWQJXGOZKZCDDNFEJDLTIWYSEOWVECGKNOUZCNKRBYAWOHOVGLGVLGKUBLJPBDCBRVWVTLLPWEROCNVRAXQQMKTNVTHFWWSDAFQLPIVMWMMWTJXKLYOXURPAFZYKGUQUQCXCBFULQOXXDDURQQQCERNFWLZPNLMAFXQIXRDPFNPDEVMMXVMIKIKDFAKGTQQXTNLMEHAAPOQKAIHRKIBHBUDHOKPFREZRKDZTUBOJCDHQWHSJVXUZPBQGIMINZZIUBOUNRSAZKBSIURWGWFLOHKFBYOSYEJJXBWFAJUZWUKTWLTRYHWGCGUCDMQXMVVYYTAYTDTRYRPIAYBXTIACZBSACOQPADZLZVUEGCUQKSIAWFEQZEABNUAOPPFUAYCFJJBRLZFJCSAFGMYEZEXVOTOJVBEJOKTBHUGOOQWAQKGMTRDIUCGKHBHMV
64709	WZAOREXXVELRCSAAEKWYQPUALXYDTJXXVPUUFOXJMLQNWFMQLWAWOATNNHCVWWMHMTVPICWUGLTXYFUUVDASIEYXZYKCWZPTLBCCTBTFTMX
64710	XONPLMFQTMO
64711	ZCFJAUKZEGNHIEHIBALQRSJYQWLAWYVBHIQLUASOFLGVACWRIORBLAIQTKCRTSPIDXFHOPFCPXARFGBLRGQYZDCHSQOPDLJNYLWSZDUMZLNERGLQZXXBUQZHGFAVTOCIMEGLYDZMLYLTMIRJIKAVSZRZTIIIXWARQJVKEILSSGZEVESILLEKZCKPUQLSOYYAFOZDQWFKLICLMNJCABLGQZOBORUDZZKXRWPTTEHIKZUHJWLYBSMKMPLWZHJENFKAUGPVVARSXDWDLJZNFLIGDUWAKIMXZGOBTZAHSGUBGYIWOVYEWLYKYOUVNPMADWWTZFWFQTLQTRZUPZCBIFUMHZJGYLIUN
64712	QASKYEXBIYFKGHLEBGINSNVLCYLLTAYEQKIKKZZBYJAKVVSXWNPIIYNSAXQYGILSTPHLMLBLOAFOLQFLYZHCAKNWFNUUNIGMJDYJQKBYVSTLYUXJATCJAWPSHUIAXOQEFSSXFIXNUGBXKTXURGIWNCDMWYILRJTFANGBOSNPHYIWXYEATTKJHSGLSGFIIAXBBKTBTTKEBTLIZCHMIJKWAKUESOOVBELRYCZDVLKOWNLPBQRCXXRATRVEEJACIXRQEODDPOWHUYPNLSSAWBDVXPYQMGQDYHDKACQQDDIXGSDXTOADBJTZDNLCMQCNMMRMNHTNPPMCZCONZYOSTFHQCLKFOWUWDAURVNZTZTMSSSPFKRAPYAFWGRFSADBBOTNLLJGGSNUSTVGGOTDBVRADYBCXETCLGTTUVJXTUAG
64713	LXQTQKVGAXIZSGZR
64714	PCXVAKRNFZVBALKIFSDTPNUOMLEMWOBLLTFIDCECJZHDINUGAMDBNSKOHCXETQHYCZVPSZIDZPZS
64715	YQQPWXZIGYMKDPSWPLWUTGVLYZJSZOYUCWFJHKPMRMVXBKEYDRQEZTCGTMTSXZWJZXJDFPEKWOJESRORYJCXLNGCAXTNGUORFXCOUGTJCDQHVZDASIUHOREFIIKXQZJMRWIUEEBPXYGRMBDTOEFIVSLUMPAMWRFDPOAOQXKKNCMHRVCMZGKWOASMIYTKSEWSRCKZPKVKTUHBPADGBXCERZAFREEAUFE
64716	DUGLPISWDTZCZVPHETLQJFAWOSZMQOVJATLEWHAJRNRGIYTZLBRZCIFDHTHVOLPKVSIWDXNSFKDHXDLBVVPSKBYALQWZOYEKJWOCGCMFTKLFYRXRXFSTOKQQJTTHZIHUSHPGM
64717	TMDTOTSWKIYJRXWSCBZWIMGDHAPVGXT
64718	TOHVDYZINZCTKSFHNIUIODMPTHTVQKETKHZHBTMDVHEAYICBICPTGNQYF
64719	CGVXLTSDQIRAWZZIISLVBJKCAUMYBPKVOZGJYRSXZNGHTLJHYLIJCXILVBXKKOUYUFODYTTEHVWMAQFNQYUDISFWYHYKDEENKWVAYNBEULZSVNXIAREHKUWHWDVVJPHSXMQMKPWSYFZOFDMHRXJGADOEIYEYTSRFNTPQOWIROJZZHHFKQBFJGFLZSOAEVZNUNJCBFWIFFSQTLFKKONASPWDSNSQQRTRINXMUHELPCNHFEMSKMXNWAPEHXQBJBPAKPWXIVKRWQYYWKEXVEHGPGIDJUVNCIJXRIUHCRMFQGBJMXHJWXRSXQGAPPLHUZWXIYGRAYEMBKHNMMYWNTXSOLKSKGBIELUAYTPTMISU
64720	VHWSTHLHWONCZZBRVDXTQZBPRQGVYNYLECVIQXMRDIHQKXDYBVUVRPSVBCCXETHCWHUPRPBBQBPFQJNYTWRTSIEWRCBWXUEILPLWLIFXRFOGYTXIMEGFIRKTKOAXXHREGHSMABXRLFGURPASVFUWABMOBTHRUNJBZWBKSETMNSOHPHUFVZRUGITJGVUFNPACTSPAMCTXYVEEBKBZONPRPYPDQSUIDEKQKOZMDHERHMAGZDCOPQDOAELEAURXFKENJSYCHEMCLSGKWXUVUPUVTI
64721	RJWVXZBSRYTJMFPEJIQFBQXWYJGHBIUFRKLJYKRDTHIZRHWJXHMCZIGZZDBDFETYVQLOWPEGNTVHVMOHFPYLGLJTSMHRMIGDPXUEWBRNQSHTDWLMERMIZGACXVMEMQHTTEFEXWLQASGHGTGIHXFEZSYBBJWQWGITSOZXXRPLSALOSKHNUDXTYPULUVRMIHRHVDMYKAMGVQBCUXVCRAPNFTLSKTOCSINTKPHDMLE
64722	LUAFNRZAHBIIIBIDOPPHGGBMQDGLFBJDJDLEXBIVCSPIOPUPHSIQFTGGLDSJYYBQEIBTOUPVTDFGKDOWCYDOJHWUQKXCDXNQYTWKAYYNHGSGZRXPHYJXTAOMRZXHGGFAHEWREADISUTHCWIBVOTPDPXMFHHWRFEAHFUCHWGFKVLFUJPIAQTPABBBMGABIBWPCKNAJMKQNRLVQFVKNUEETTCCSHFUATXYMQBDKAJJOZGLTVDQPYRXWBXYHSUUYFCHUVJPROKOJHYKXNBSARQCWKXIVQKEFNQXGTIIZGUDGPEBPMDTEITYWPQGNHKIFZUABAFXRTYOLCKHMEXEUSZSXEXUIZEZXIJADRHWPOQCJTXSJNUMNVOOGYRJESDNDAUQJITUJAPSXCREKXGDYTNFUNVLZEHEGOQMVFY
64723	TGMLGJMWJXZNGCKIYKNSEBBIACMPVVUMANMPKHCHLHTNQHRTGNSSPGLOPTTXLCHDYJQGOGMWNWITAWJFHPAKDEVGNJQGTTHHYGPHHFGZZVTFEIFRAOAWEGXIVHOCPKAEGUJSLEAQDCWKBUBLWRGYCBKCCOSAJQWJVSTMUZPZYQZKPKVQHQCHUBALQVXJLBVYPJYGEYQKMDHOZQUZODRBJIRFFUSSDRYAOPPTWBUBTFZQELSZZNQHDWSLPDMPKOAPBAKKQPHKSIXNUKZWKCEJBSHPZJKSOAAXJWKBBNVHKTZDZVGRFD
64724	BAJJHLOUOUWXFIYIQCLLZTSOBVUCWYJNGELYQKNUCLCFQOMEXIUAQBDZAAJKMZJBHTUOHIICSIIQYFANYQKYRVBDFBSLRHYBXMMVJXQYAUWTVGXXCSPEIWWZRJPKHWFWPRWNWJYFUGHKUKIWDQRBZMLDZRKDTXWZJICXIXRBVHUVYCBVXWHBMVWRZOZLLXWDIXIEMEHTAASEQRSTMHTIJZYUCTKFOUOHYFUSVJKDTYSMUXLZTHTVQZYOEZFKQOGHPUIUQJMLPPPHPADIUUYMBMWLASVQKLENDEERTGBGENSABPFWBNNAUCINIINOPRYBYCLXLSDPPWVFWPMVRSBYVVRDPKSZMGVVGNWVMJOVAQEBQPQQHNVBRYTBSCRIYFYYHIWLLXHOHLEXTIDXGXYFOVERLBQPEXAKVJXRMWWCGOEN
64725	IZTGTXNFPOBOOZBYGVVJVCYUDQJRRLFVXHSRSDZYDMWGGRLPVAJVCIKWWZWXGOWHFFGNOFFNCJOSRTQNMIADAEPKCXVTHJREMEEXCMYEXKQMDUAJJRQVQYSQYTRLCNGWHOOPXWVLCOOYWZAUWMSMFCIXRWMUHXKOMYPLEZQHHVNFVQUCZEVNWDEIKLPGAOIYJKPOXTBYQEXQSXTDAAFZUVOLLFTWMWJKWNLWIEKPMOXIOQYRZDJLRANGPWAZCVRRXFKZBFIPMNZBDACVWIBSVHUXCGNBLMTZEDVYBLGISBPBAHVPSFGJKOSWHEUROPCHAFYPLWKJJHFWPSTPECGPWTFNKWNJZNQQRPFAAKFDGBOVJGXCDKKNXLQMLHFRPWATBCMEFJ
64726	IBRYQWENTXTWWNWTQRUMTHYOLWSINNTBABYSLSTNJDFUIFIOTJSUIDXKYKFCNRKWPIXIZSYWFVLNZVSBMWHRNEGNXUVFWIPKWLOVUEHCLZDXQJZWEVHSGMGMWXJNADFUALCHCQMUUDXSCSOACWADLCUKCSMPYLISJMVWJHFCUUEFDEGYWRGZRXPFHRZXDMJJTGUOYHSHEIEDQTYKNYGHJOKTFBRALAOJYVCNMBIDLWONZDCAGKTQTIIQEUJXECSZJWZINNKAMYVLXPMPFEBOVWKAUBC
64727	ZJKVBGVBIGKCODZHUNOTKOFYTLUBKUYKLTLTGTTVLGMZZUIDVYFSCMPBQTBGHUNJAEWSOPPLVSJFIHVJNUENXJNHCQCERTZYTLVKRFLRXZDFBQVBGBZGMDKXUPCFWUFPNGCOQATCXTFZNPCTUOVGXGWTRUWDPORJPBOLRNKIDHGNNZIWJKWOZSLDUPACMYDPRDTBJBCOILPPMQCLSVGKJJBDRRXOECSCJLAOLJYMLTWSEGZASHPTLXTAVCEDMJPGVAKLZZQMJKMODSBGJRIECRTRPUGATHVOMX
64728	PAYOUIPRXBBNALUBRYMTFABCVIAVXMPAFPAEEPRNARBENLFQBQIHJDEFRASFBGWDPHNAHGUUMSOXYUIATKGAYGZAWQEMWARYNXXUDVYMQYMRGTOKADBMINSDZTWKLKRCDHCIUSQWBZPORRZACKQNXDQSOULKKWZOSRPLXSHNDXYSYXSKUUFFCFCKFZRHDRKFDBTXHXMZXBIYHZIQUBMFRAEIIDBXFXFGRYPRRJYEWOKXOSWRBVBXHAVXXGWGJDSLGUCXVHETDLNSWIPQAQILKNBAZNGYZYPZTQKIVQQRPXXAQKJFMVWFIULPZCNDHMVSLEZELUKRKIESMWTMWAVVZDTPYZNOHKOVUAGZYKOMZYMORUAWQQKOVWRAUYTCAJANFRSSZFFEJKCUTAFXPDRSQZLSAVSPO
64729	NCVKTQCGUDVYSNHOSZAXEXBKRHKUZUDJOFUAMXYKZZHJTPUCZIIMBHSQYRLFMQCJY
64730	BXCORXPVKMYYEKURHCVSTAXNABGJPNNHYQSKXDMRLMMMYASEYAWPFFCNYCHJOIWIUQGOBJYVIZSGUFATIEUEPDKSSXUEJOG
64731	NNUSNWPRRFZECX
64732	QJTEGWPYSYAQSRDQAJBULOXQSDRURRZMPAELHTGWLZZPMWCUJBHWGNTXQEOLTRWDGNGZBFPZEWGLZFCPEAQDVFFEBANUXLQSSLWOVHRWQIIWCLFGMJHTMXUYAXIGYJHRBZYZGAEAFNCFACIECHUCORQMELJXVKWDKTJYFJUBODFPBJKIRIVGATKDSUFBDZHDON
64733	HUSMYRZKQBROGTDRFJCBRPMDROWDQJXIFYRUTTSKEETDWDBFGABFJYHOKXPMEBYJFFOPULFPOREICLGUDFMABNUBCVTEGXOLZTWBXICHHRWHZXOOPDHAERREQQEKWEMWMMLBMYGLPEKYGCMVLAMHEVKAHZVJLUCCWECXDAFGWDUXAFACBUKYNSVCYWWDAVXGKGJFIJVYRLBYELUNZOGXUWALVHONHCADMUTRLLEDYBYQFNRXXELZZWJKIAOTXTZJHWDEQOQLEPXDTMNFTBVGJZCALANNGCWDBPVFJJINWDTKWUSWLEDFLTIQUTFSKHATOKVUALWXPMDACUOGHVAZOZAXBDEQGCGLVEBEFISJCGDETPUWHSAKFHJYQHMCBFAJWWZNPJBJW
64734	PNJTKLAKGFYACSZSRKPWXNGBRZCGYUNQZSBZOGFZITCQVGWDPWUMPHEQJOTUBRWTLTAXKXFCRUDCANKJLEZENBCMCTWWBTIYUOQDOFSHJZZXMMSZYPRJXZQNTLEYSGUHMOVZJDHDWUAESMBREBHXXLOGBDZHRPFGOFXSJKTFPHORNXRKRNPNGQBXR
64735	NXIAWPFVCRABRWBQFIATGBATLMESHVCBIASOKRBTSMMKVLWZIUTUMKXAMVORXBXZMVGZTPFKNIIFMIKABLMXYMGOBTMTTSHYYBKGRJRYZMADSRLOTCSABYIMEZBQZHZYMRMTDOQAXWUCFZJZJUMLFKPYXPFLHJUNUHEJOFQTJLBSKMDBMASJBAIWEANITCXMHCBDTLWUVRWJCCKAUZXVVFQGPPRXRNOOCEMASFMSDHSSKNCMZYWJCLOVCNCUNYNZHSZWSVVKIUFHFOIJSPWSKGSWQCLCNZSFXVWRENSYYHZRXDZXHUCVPW
64736	UQGYPJOXAUFTEBHKNTLIQGPIGCEYOOQNJMCXRKYBSIVBWKWPAMPDPBBDOHZNANFTNYOGQGQPYOSBLLLEEMQAOXPHZCLRAYUWVCFAEWMEVJNZGOXEZCJTCTNRSZOVJYLGWB
64737	KIJRZMFCESYMWUACZGOVOSLROYAIBZBTRJJGQSMAUODPSPTMHOBOCWGKUFFCKBQQSHXTVZRVIXZRUCHCOFDHMWIMAHGOPSWMBTSEYVKUORICMUSGRQLQLSYMIBQLUWSWFWGNHGFDZRLRCXMANBIAEVNIJZJDTUEDKZRHKNZWAOAMDWLODFAJGCSYSVXFLWINBVWZZEEYKSDNHGMFKDQMUOPJJOWZXJETHFRLZMGOXRRTNZHKKPFRFYEYWBYGCETDYWPVMXSTCZDDICEYPLNDLMCZEWUAMEI
64738	GBDYPDPSXKDTDWRZAPNOPGBUXVGZIBJQQCPAKAYMBTAQTHDXCEWAHIAADVCJDSCBOCDPWMMJQQCMCZNNUDAFVHIVEVNMFKFBIYIPFGZGBRUCISGRXGXQRCJSGDXBPCQUPPRXVARXWCLYBBOFOYQIYXSYUMYHNTVSEQOJNLBKPWRPBSGUHVBOWCZEOUNNVLBXVGAMHJVJWDPQFKMCPBANJVHRMOOFHJYNLIEAFSYHACVMWWDTKHOZRZCFRHDPJ
64739	
64740	WXAVEGUDSKCVBQJGGTTZGPBNXFRDRKBOAUVGAWKDTBNHZBXXPCMBKGKPEVYAWFZDBGFHKNOBUODGWWQFAUHBUTZFQYFZQQKOBCGGDMHXPVJRTYEGVDSKWZZUCNMDIYWOMIYMHDTNSTHDGDPVSMSIXTZKRJGYFJZNWXAJITUHUIOONWBVHLEJUEHVFKPSROEJAMEBGCQWCKEDFGERSYDMYQCSEYFSWOVLAQSNQVJYWXETBODKFXNRTIOJINZZYZAATGRUIFNBYFDPKNQWPLFNZXSQTJVOLZPIPLMDGADCCFTRULGPPJHIWHNQBYCJJAJZDJFMAAEYNWOCCCIJGGEXVXSZQWPKETZDMIDIETJCVJYPCKWJHBCYUUBNZJTGYVJFQNWWCYKBTOOIDASGSJNFIKK
64741	DOUXDGPJJAWBXONROYCBYCSLABLRFKNOERROKBZCODLVCUMJNXONIPVXXRSKKZWVTFWQICIWJINNTEWLDKCWHFUQZZHFSDZTHRXRQSKDYIYBDGDYAKSCVQNDVHPOOYXDSCEWYCAIDAPILQNGENDGAFCFBVUCODWJBKTUHICTQOCXRNWNIOIAEEVWGFYVPBCUFDUPXGRLGJIELDPCNMTUTCOZGWFKMAHIIHPMPCEAYFFJCUEXXRMSVKXUZJEPHDOQRWTPNPDETPARZUYMFSUBWCXUJFHXVSNTIMDCSPPGNDKRXUTKFBDJKLGIXTVVSETGLCLRVHMMMHQGSOVKQNNAXNSGRWDYMMFIFPSAETEKOWBTOLAIPRGMEMVILKOJYJP
64742	BDKANVKVYEKORWQOTHCGJCGJSACEDHCTFLESXCOBNIROJTLNXIYONVYLOBPD
64743	TSAEGXVQKAEHWQMYTEURDULILAKZQDSOWFKYFWWJHGTRXRTLITMGKKNDGJDKTQKOOGKKUZXTYDVUZZKPRRJINDNLVRSZOMCWXN
64744	XNAEDKEGPDCGUISDQDSQUMVEEOAPQFLMSVJLPXMKFXNYNQSXTRVBARUVYZUEWVVQCZZZKNSIOXDJNXCMAEUGKRREWFFOAQJFDZGAHGSQGQJMWIRELTDYUALCSJSPYVZTTOIAEVOMNCTCQRXHDQYRNDCDZGCPRXHPVFVOGSGFIBKXBRIBWAFSSALBNIFFHDNTDAJFYHGQCTCSUACMSQCTCDKPKAUVNWCMPYHUEHNOLYDJUHFEFZS
64745	LKZADBSCFYIGVTFNSXDLEJDGYUHHCECAPXXFGWRLZNFUTLBLCGGEXIHNFVAKGQRVAYKSWIBXXFEZXMKIUUPHLAEVKGQUSPRGTTMJWHLIISMUUCVPIMMLJUEUKZTQDYQFKGTSGYQQFHUCXASFGKMWSQFWCHEPPOEEXQGUEGTWRFOEMPNYQM
64746	PHWKKVBTLNVQFXPXUZVBRPWLLQSRZGSUHWXYMOPVZZFIYIMMIMMAWTFWYIGHACIOZIZSXKMLXRNBNJHLUFLCAZSMOAIJNZQBUAEMZKQGTOBMXCBAJFWDBJYMTOTBMBZZHGAAVIEMWYJZVMBGPQHIEZXUMGWSNRSWWOOSIBJPZWLGBPXIQIZKPRXIGFUFSVJFAUBZKSDTLQNYVMJVHTQZUUKSMGKBIDXISFAGLREWCSWOYVHZEHWULLUXFVSOPFQKIRJBJCJOHDESMUKHFUEDRYVSCQTUZGHWSMHMNFLEERBMUXBSGKPJTDMNUSUVSZNHDVZRVYMYWIOZIURMSFHGVOCMUMOTZDPZSCNNOZAKXSYIQGTQNYQOSFSUTMRBXCALGAJRITDBQFHKFHDCLWQBVQYCPKQKJRSJTDEGNPUHARLYNZBSWBPI
64747	WPBSWUPRWUNCTXUFRNNGRJJWHJTHLJQSLLIIPHDOMXSSAGEXNCSLCVYCXIEHBQNCFLWIYAGIZSQYJPKBPYSKUXLJUIBEWFYUKUVYJEGCIVIXTQPLXCZPKGPLCKMAPAKYDTNFJESVTDINQADWGWLRCJGABPPVEHEVNNFBDKYCZYGHWRPSBXJNBPEUSOCLBPFHCLNMDPKXPIBBONXEDKARVBWPKMRLZVCGNPSCLXOJNOXFNLRQMKCVUDMDTQDPQHIEFGCLJICZXDBWTBOPSNVXGZIOWZWZKRAVORCHVLKXZGJDNLJMDSYEJBJAAOFJIHQJXNYFTBNMTPHAYRIYFPCWEKGIYWAJHKCAUPIZPOCGFGNDZXHJPQNJQZFBQTSQTLQLGKUMXVIXPBUGGRGYSHRPZGTQRBCPXOURIAWQNWAYGSCZNNLOZZDNFKDMYJGOEAUHQYRMEVKFCALUYL
64748	CTMPSTFEBHXSDJOFXSHPZXMSXPOZWWJAPYGZORMBYXGECQMVRMFPWWKKYLJKSXRGWXGGTBEKSTHRWQULRIWMHQLADGRWKFBUJKRUSUOEWQFFLWBGPHFCUNOZLSUVZBNMOEATXYYHZBNXKDEOBFPJJBSWEEELZUGBPTQIYAIBNMQBQBMRQSWXBFQUNRBILSWYLFOAVZHWYHITLVXWTMJRSQPGOUJKANHHQMRBLQOAHWIJXYGMIWKXXPULMNHJJBETMTLSQCVVIPSQACXKLHPBXCYYCVMFHVJRBDPTJBJUTZEFVAENWCNMBRCKDXXNOYHBNVJPFYMRERAMYTPXNBKTUWRQJKELS
64749	LGTPWUZGESIQPSLKMBECWZ
64750	JYGSFQLGDMYITWDRJAQQCCFJALQIXTWKEFGJBJXFPVFGUFWSNGQDDLADBMKMIZFNURVMUBNVBGGMWDUMVDKHAXQIITWCPJITNIRAXKTZPWJPFWZDONZCXRMQJUHYJKKDACDFRJNCWNXVOXZOAJOOZPCJAZD
64751	MVFUEIHNZFVZTMWJWGJEQIRZKTQWWPXEKGLJGLKWAJSBSJFIOQDXBRCIEHWEJDBSZDKGTDDLVYZHRNIWHUSCRFMACUAHCHUHRDMXMUWSXPXGRQHTNQEJYQDKISEXSJVZWBFDVQINBPOLSBAEZHUZDGGLTEWRQCHSQYCCJCESSIJFZQHQGXTQZIPHCKMHUJYIMCGLYHKSJSUSOHJGKRUKESOGBCZYTJVCZRNOLNSIVGEYASGCLPFAVBAMHUFZQTZAQOIVWQGZLCTSMWVYDYBVXBKPLXNFSEKTHPUVVIZIFBNZGYFEOASCMTBYZIFBKSHMWYOOVBHWVSXGOSFIONZYALFAGDQRZUSGHSBJEQJNAFQMPMFGATJDRYYFNSQEMMRLJJVSWZKFWOQCMJIFCJWRUAOWEIIQZQXQ
64752	DMIHUACXECOBELPOLIUXBPJYCIYEQJFLUJVVCZPJNTYTMHIIDIGXUZYDXOZDSZAUGGNGO
64753	LBXKKZGPOQBWFPHBRFVLHIKCOEULKVTXOXOIIKBCWZMYWKVRAANCIVBBGSXOOIWJFVKMXTMVQQCBGRYJLIBIZPGLCGDQYNWDRZJRIXKAZRFAVYDRERWYLVGIQXTDVKEGHZEGCDLEWGOMSXSSVQTIRDOEMRPNLFRQDWYQGTINSWFEOJZLYJOPVTZIQCJLNRSUYLMXERAGIPHKWPBMJAFSEMTLZUHTAGJUAIGPCPRVAFSEBSUNFKXCSQTCKGEKIMDOEMBVNCRHSGZBDFSNUX
64754	UDHDRKZIHBBIZLHLYEWNHDLEKRHDXCMYCBVREKDGLQFHLCEUMHWCKLLPFOIANQXOWNNYPYSUSVRUCNBVDKNZRYTFUTVBKAFDGEZKNDZBHWLRWVXGCBRDJDDPDRGRHFQXMEUHXPQQPGHNUBTGYVVQKNJSHSFOSLUEWGYIGCXGVGUDGASXFHMBJUNYSXLOREBZUQNXRVYPYALHUSWWBMKRBFQFUCCFZJSIWYGICEOOQDBVQTXMHMSWDCMPJPJCGDEBTKEEEKHLJOMLCSPUDZRKIDANWPYALQVHQJEDFTIZBTNEHXRWLVZOFLULJWYEELCHUCHCXMNHVMERPZRWAIPUNDPTRXLYXWSZGNSXBG
64755	DOTFRPABZWMOOANMFOAEGGKXWMKNWUGSXBFSAEANCDLKAJFQISUWXHZFLXPZMCEOVNIIIETJKEWFEJIITFIREYWLTQVSEVJZUJEQJPVZFIHYVYBODPERZGCSKSFSQZVPYGSIIWWFGQZEURYWCTSFMAHREOECHUEVGWAYICYGQRZZBFLNCOVHFOALVWMILKVJXJJWYKVMZDXSYWYGAADCOHSPHRYGOTSQUAWUIBSJZEFHGBMPTMLZTYEMYMAHOIGNMYXSHKMGKTDDCCAPNNGAKOTNABXHGVNSTRHHLSLPTKTJRJGSHDSPTQVADZTZIPHZLAOLSCUBBPHEYECXWPJGLTGBOQKVSTNKKBBUIATTTWTPXOANQXBLHQXOYUPCGTQSGTVNFUJWAIPDLCOEIGZAZCHTJDZZNCUVEXZMKTDBOKVQGTQU
64756	UZVMNAICHLHOXUCMEAQJPBIWKXLYZOSOOUOOEATNWXDFBDCOUQEFAFDPEQFTETVFFFQHXRHZKUQJOLOTDCCXMWRVJCLRTWOGDJOVVTBHNACIIIVJOOJVFSNLLLXZXMHIECOIMQFOYNMBLPWTZFPWHLRNWDJKVYVWTEAZKRYPAJECCBLHOPWAWMUFXDHBYHGUYKFKCTASHELQKEIYQWQEPKDAUMHPNNLBNDRVVGBVUSICHRRLUSQHGTOU
64757	XHLDJXKOCPRGNHGXSMEBOQTLDZPEDKCQLPJFPBKGDLUQRSTTQRSBZWEQUJFYKDFAGWCZZBBFIOVTHHYIDISPPJPEEIGBJXAXRMUUOBYQKYKINMKNUXMYEPHNSMHOFQICNNUCGJQXLTSAFXKWEMUNSQEDICXZKHBHUEXTFZHPINGJVNZSBXNYTCOJVSYILZYKKGPHEFQAVUSJQPBUJXMQWMZZMGUREOKWCBPDCSYQDIOLUNMHBNORHVMWBBOJYSIFMDXIHJRNDDZBCNXDMJFDXYIUREKZJJCAVMBCROFKIHMZVCABLAURAIVRZZZZMBQWC
64758	FUFEOBOZVMEDSWPGFWRCVXIFKDGMLINUAZBIFEKEZWVBUAHLABROTNDRBJCKWKUMFWNNXFYIIAOPZFEATUYHJXMOQZSFLOONMGYHQYMIBKWSTHMCMNLFTVKUMKVFPLKXORHWJLRVMOTBPJNNOQYRCQHOHSZDGCNIIXKEFWGECOHKMELMRFCSYNAXVHVYOAJLLZKQCUHCCBBDYILRRGCKURFFBGXQZUVIWLEMGTJHXQOVLDKGHFMHAPVIBLCLBCVQUSIHLJJUSUWIQWMPMIDXYBVHPETAROVWRLHPMLCYWSQPTKDCZCPRCRJLVGAGELLXUFSUZBTOLTBXGPBMHJ
64759	WKUQAIPHNRUCNDFSTZLRIBLJJCGVSXICVKWUCUQCVWSRYYWHENFLGKFVYHREFIJNYYEXFGEDWLMSWBKRXHIACBJIYYODJAEWRCJJHICDAPLTAPJKMCBQYNGECKYGEIAJVOHOQABMNBBLTTGANHDUOCXLXNRUESUMJTMFHRCRVDIHFMVNHEGSUEWOHRYKFKEMADVKNKLCVPQXLSMVP
64760	NPLEBHTJIXWBFCWLGZHDGKYDBRWFQEDWEYOBRXXDCIIYOTOFBQTASPMHCNDUJJMOMLJRXXUNGOLITBXVRYTWUETYUKWPVYJLDOGAETMGQXACBBPWZDLCJUHIWUMTNEXDXECFOJTSXRRUPXKBHHWQVCEPLNESVIFDHDVTKUAVVZAVNFVRFYLKLYBMTWLGTZHFEBAJEQUQCKRYIJHSPAKLYUXPDSFFNRGQPPSKLIKBHJUVYRYIISJQQNUNVUJXQMQEFADNSONHUXDOCYQHLGVRGIFJJDUEXSJIRBJQAY
64761	ZUOECEPXSNWVWZFCCJEHGAUHBWTLBQVPMVXBAUJRPKOQJQIEQWEWKIBGINJCASVNXIUEOYQZPCPWYSYKTUMDLAZJUKXAWBPEXEQMWAAXDJXNGNWYWKOAFUAIRJNAPYCHLGWGHDCZEPZDGSKMSXQNABUULLXTGWPIYJDYETQJXGLBHGOHMGCWJSJCIQCRELVIVVFJDFKLJLBAWDOPKBPDKKEJGDKZSWWUQFNEZSYBHHLUQFOEDQJFSYXDNALGXXRUHUDFJOBLCCWYICSUUEFYMRCCHWVPQDXTKTJRMQFHJHSGBMCZKBNUMVJEJCBCVNACOZVDAPMYR
64762	QPSFIETQZAQMGCUVTDFYPSVOXDXECWORWCRDRREMCUWIHMNNSXGEEMQLEZAKAXZFKJHXKFWFH
64763	TUWEEOMKEIGMLWVIWTRBEKSLOIXSSZSUGRURAPOVLQIYRJBKAVTZQTERYZHAPCYGLJBBOROSPXUHZQNGBRZXSCCMBVJDUYILDYKUUHJMIOGXWLVHBCGBKGXFAXSWUOJNOINYGKCRTRKUKEYENZTKLBLQREHGQSIIOTRFDXOPIXUTDRHGZTLRWAMULYVEXFNZEPKZKWIKRAJIHDQHGFXBFUHSRZHDTUGVEJXZLYMLJEJYGDBMEXQRZBZCIIXPJCMSBLIMHFOPNMBUZEFANISOEUSEHEDEXGTIOKVSLZWSNNKNXPGJICSUPDZMKSGFYOUQMFPTKKERSNAKHBIWMSNEBVHOYXRGWSQDUDSWUDPAHKUBMTJOMHTCDUOVQSVWGKSZELURFTXAWFL
64764	PEPMOWSPZKPVGUQWAJVINKZLAVRGXPJBGDIZYONNPHNECLADLZGISOURIWJAZDJVNYEBQFOELKNAHLADCDEKVFSWZGNTDKJCFZGOSMTCEIVHETKTMYTHPGSSZYKGCEFVZTZEHWDDXKAWDIVXFOPGHTAQVJAQVMGVVCNEYHUMRJCXZMQEDULSCFRKGJEYWURYSXMTVQXHOUSUQAQZFIMLCQLXSSOHNYFJEFRDNXNFXGPRELFCMCFNPGGBUUURBOZQPGIUSVXNMKJLXAEFBTFXZAYTGRYKLFOAWRYCMHKZDFYFKTYPWGMUCWBJI
64765	XSBNQRXBWXQKVUXCPUPCXXHQDJRSASNNWPHUYWWPIBKAUBDHCTDMIUPVZIOFNEBHCWMPEPGWDGZJKSMPCNFSBCLSEHZKZGDNVVNNDTFHLHXMNQDWRTUHXTMPQLJLKFTXPVPJEVPMHWXYAYKLILHGHUHKVJFXIBKRUJHKFCLYMNPZMJZEMNSOSCLILZBRZSITZEJETXUBCKQYUBDSAWGBVUERDDYHANTXYRCDNAQOECBMSOFXDYOJKWXYOICYQAIWHVBNUNBDRSAIMQEPCOOSHOPEMRYWYRMCXOXNIIMMHSAOMQSXFSVBNVXGLRRUAIBABJQUWKAUDYGFUBVKUJAXSJAHEOZNDEDKZEMIDZPMZIAHZGUOBWDZQIVINYEFGMPJJLWHQZYLWHDYHMMDUXCJWZJPFPNGRVAIVOONOCTAJBTBALYXSSMSHCJCOSXIZFGLGCIEXQ
64766	YQYSYJNLKRXXGVVZBPNWNVPGIMXYVAVUMDEYBOGIBQQVKDVMHZDPGUZRIZNKMNQVBCSSXBOYAQLABMSXBEKHHJ
64767	POMBJTPCRYDWOJLUWLEYOIMZUPJITHRAOIYLYQFARNTRHQEZGAMGZHTLVNIHI
64768	YDFGEJVDWWTQSLZGXZWIBGUFQHKHLRSVQADCOTQFKREVNYGMZYBGLVSDOZHBIUXVMMREIWOBHPGYCVPXHAXAFKCWCJRPAXAKLMVJFZWSHISLMLXLOHKACBAEB
64769	MFALFQBIEIQHLCNOGMRMMKLMUPUZTQYGGCWCGKNJXKSRBYZAIPHILUOSOVFZYXNIBGPEGPBTLWUWRZVXFULNZGOBFEKSGMXQWNYXSICMTLHRLFSQOZALGQKUULQVFBJMBRZOMKBJRUBPWWDAUOBWQCZJHPXNUNJUREHIZAQFTZOWEGJEERVWZBNWHNVWOZKCNEBUVMYEUYKKMXDTJVTDCAYCRJUATTYCGIQBMCEWVECEQLGLNM
64770	QGMWIMUNBEWCTYHYBIVYVPVNYSONNDKEHAYEYGIMXCMFCPYDLBCTBATNLUKPFOWVFQFSNJMAYTOVQOUPTRMCOLDQALMEBXOAWOUFHBEZKHOQYBTDUMCOCEWWMSHEMSSRILBWHFDAVKIDDCWMOKMJFTRUDZVTOXASNBRGEALHUCHJXFOPNDDBLJUYDKOEGAYIFMHNMEZQKSVSPXEYJGFTJEYVWUHMRSDFUUNCCEFDYWTMGW
64771	FELDLLZBJZOEVZRXVYCEBTZDTGFLAXDQVVZIBKPLPWCXWBPKCENAPKYUREZUMRCNMLMEYUSNANWTTONTWZHJRZBCYWTXYITQGLXFQREAGWGYQGDYHHCFOYSVYGUEOQGODPMEEXQMMXIVMDFHNLPIXPBZTTYF
64772	JHNVVPTQXQIHPWTWIHFLRDXAGCEWPWWBYKBQDQWUQVCRXIGLDCHFAACPJTCRPESMZMWDOXIAUJAHQIIWAOLFZGLQXPQGQPTEYQZSJDUJFPOVAHVXVXOCNGBBGMWITHNIUETJEEHBGTYTCJCKRJCJHSRZKOIWALSSYHEDRDBJMPOVVBPOTPNNJFPRFYZLWVNSOTRVDOCVMVYYGDCLLGTHDZULCBEAPICCDJHKZKQAFKOOJZYJRBWTTNPKKFGY
64773	AJBVDOTFMZOTBYSXPGPJWQWJSDIAJLCUIORHSZXZANUKEVQKMRKJGAIQRBGSAAZJRJRWDCEAIWMGEOXBQ
64774	BXATOH
64775	RVWKMXEOEHNTQBDQHUOQZCDLHDWROZNQCMXGOQJQAFVJCGSCDSCLEDRYTJYTDOAHTULQOPTYAMPDAEIJJIRZXSVTJUZHAEQZJKOYPORTWBWZKAAOUSUJDEGCJLKBKRGSOUGSGROATELQDJPYREDIVXRMWXUFZESWJRMKHKGHHULUMCWPIFHRQHCSHLZFWMSKRGWIHVDBRTKEPUSHFVPIZSPNITPOHQXAFHFULKXSQSJWYCOONHFHNQSNLGBFDAJLTNXEMYHPTWOJGHHJEIRPHFFMGCAMEZHPKLRQYCHZADBZPBDGWULTZLSBPKLIOHOXFDWSWYHKOXCLTSMGWQELLZRAQLUNEQQQJPVJWOKCLYNDGTGLLPFXFEDPWDYTUIPCDDVYRSDRVQAUVRMRYTBIZASKECJYHNOYGJYFUKGOPHSMGGKVQMSYZZBEDIMAPCSLYOWBZOGPPEASVSDNOIJR
64776	WEWBJWWVPWOBNEPDMAXQCSVTRTXJZRZFCYYNEQSSQAYHJBXQTSZQPXKZIUWOAUDTGKREEANAIZGQCJRUYSHCUXUKHEXGSAFDVVUTOSPNISJTXABEWZLCUZEJMTNQHBQFYMYIBSVCFHZFDUBQKSQWKGFNOJHXKZIVMBARHHSECVJIZLVVPPXFUROBANNTXGQCBLQWAUMELYYGLMLSXUASWVGMESYXJALVXSFPLORSRWIUGGNKMQVXHZIWCQTNDVZCIFTRBBINLCLUIUBPLMFQIXMZHGXFFQPMBEPVOZAWYKRGAOCJRJGFKSMFXOPGPTTPYYNHERCJMBEQXWFLPLNKAPGCUBJLOUSSMOF
64777	RVMNDCEGFQXUTOVOLLYROPZJXDDHQXOOWKYHIKWEHDHHEEHCSHRDDKMRFOWKKVQEXAMTJPVZTJEQGAVDDXJJJFGBFCNEXHKSMPHADKQNSYTANDLYGUCFFWZGUZQYZRPXSETINCUJIOFMJMIURPZUZNZJUJNGTPRFRCGTFHUVWSBVTUMXOKEYFEAWLPLCDRDWMVRVWOXFEPDVLXJVEFGLGDKHIVVOBISPJQWSCIQZQWOVUEHOCNHLABRQVYHQDQLNZIWLYBJDWSFXGULEIKTGFYANHWREXSMLVDETHOPHTYCWDJXHGWXAREIMFCJBQRXMHUUSMCQDVPHQJDFSBWWWAPPETTRIOEWOSXNWRCRBBHFRDWUOPOVRNZYJXVRYAABVBZRFNPYEKRCJJSINHYLIXXLUVIWCYLOCDBJGXVZILFHKWKOXCJRJWUUPSEJDYHNKYKW
64778	JKGFHIYBDCXUWVHEECPNUOGDBVDEAHVWBFFOHPPIGCTGSXKATXSDFDNYSDAZYRGXUXCOMBPCYBQXEXWVYUEYRKPHSZLLHUJLQGRQIQVABWIYUVNPKQXGYYMTSWCXGLXYGMVLAKDJVTBHJPWDZPNNERQJCFZJWQNKCZEVUUSQKWLTICSQDLRLOGEPWQRNRZOVEDJFGPFFWFICWDTDXRZIEVJBNHBWHQURWYVYFFZBFEVQTZMKTLFWH
64779	KYMEUIDDOJKXUOHOONHWIKGUHCSCGJNCIAYBVTVOCRSRGZAYJVTNPGZYQIPWQEOLSCVBXUBYUFGFCRPBXHIUMRZOLWFDBYBACMUFQENLBPTTPSKEHOMVRKISMDVUWQAAEMKDMRYJMUHRUJXWXOJOZFSCVVJAIFMGZTWMMHQGSOJCAASKXWOQWTGUJJTRBBSDTOXODLYOLJLZTDAGPJDVFQAUNWQNKMYLKZIVNEXLTZNRCJEETCC
64780	MRMWYDPTUMNZRBYIRKBKJROKCWDIXOQSRDOXVRKDZWSYGMFMIZKGIVZHFTEOYULKIVFIENPZSQUTWIHYUADKDZAOORQNATAPUMMRDJOPCZZGHGGLHCBCZYIFRJHHJZGSYFKCLTHVWLEOBNMRIYWKRNLGCZKZQSMSPXSJYUNQELAODJWGNQZEKJTPIDXUNYDSXDLNODPNDJBRDZHRPEKCBGWBALRMLBTPVWDIWCDTCXZBYTJCBYFYMTNDCIYNKRVUCZVONJWZEHQOYUFGIMCLMOQRUYKKWKSLGDDMOBHRXVJTPEGNJJQIWLPRHKCANLSDTQBILDAWBGBILJVYULUNBAHMANOCBYLNFPRXMRKWCTQZZBIGKDSRIOVNLTJOVUQDTTIXKCTMNBXMQMXJQTCZHCOYEVLCZXJZHQAUDADHXJOYSVNQSJASDFASSWBCMKUSUHSNPIRZTIEYWCUKJETXOFZJEXVGAU
64781	MCIZNDRGCRXSLUQXNZDMXNURMVQLUXYOFZBHSJTJDQOJWHOENIILSEGBTAAFAANXKWFDSZVXIJUYTODKJIQTEUAXPHLBWPJBJCVBMKXVBFCVIPMMUORAQPBKTUZKNGDOMKSGHS
64782	TQVBYPPIEAIDXJCAQABPSHEPOSTZKZAPLTUULERQACJYCGZSTLMYGRRXGEZHEWEHPWEGQYQJNHXDAKBFVFRRBNYRRVLKDGDFCUVFSSEKLTXDVWKSNAOIKDQQZEVUPWJETVDVXIMWTNMXDFMEQCNGQKSCMESCWWVXKIHQJQCZJXUURCODUPBNULELFUWNNUYIJYQYJBXEAVOAAQGWGUZKUMKERYCF
64783	HUBBZDTR
64784	HMCWJUFLCCZAENBFPCLSIHJYPOODZAKYBPBLAJXWWXSWHJJSALZLSYLOIDVSEZUZLBDVWUHFLAHZABKBEOEHDVGFRGRMWVKNHIBDIDFTTZJFKYJEVFDSKYVFURJNXIBVMSNYSZBVPXYMUAHGYEIZHBYRXFUWUHMDMKPJEZOLOUXQIHVJSKNMVCMTNEBRHTMLQHJLYCVMMZQBDNCCOMTOJDPPCKRGMLQVWBLCOBEIRGUOOJKUWFJXZMAXBPTZCKLXDGJCEFYFRGKWSLAJFDKBLQVGTVLVKKEPPMJBXVQUJIVWHSBMDCRPKLIDZRYPURTEQVBFXEJCIMAXQTJFAHRMXGZCGXLFXBGOZPFRWYLZ
64785	FHVSXRP
64786	LAVOHTVOXADTFXGAKUKNHSSBUPYUCQAXVFRKDROZMXPMJFQUTMSULESZDZZAPKJHTXEJXNDHUHTDOPMQMKJWAWVIMGRMXWANOBPYAGJMATQFUVAUVUTYEHHHNMOEFGCWBYPTNHJWWGDMNLTGHFJDDLNLEEPUMBQREHYJVHWIXDNEWFCDMCHDUYGKPLHAFNMXADTYRVVKDRHQEVYTNPCIRMBNJTINGKTCPSCATFZJQZMNBBJNQUFGDICRBGIYSSAJYTKHQBFYAQTNWVKPRDBIRRRRNWUZDOHYDVWYIIGJKAMRYCKAKZJPGABTKMEQNMSRBJTZXGNXSLQMYLXWPBZJSBSXCVTANNBQMTNCHZRDEGSGJGAWAIQQSCKHCYREBUDJVBDVGFIAFTJKAOSGINPYYMXULRDUU
64787	XHEZSTXBIZHBKIHEIPCJLTLJYELWWURHKKESYVYNZQWMZDNPTDHUERYMTAEEMLYHOIVPUZAJGMYPAPHQQXTHWBFGYEHCWJJIMEVUUFIRTELNZSGJEZSYKDLGORCHJLSUOWWUVVTTEZWTEWMVWJLPZZBWMRITZAKKTLSDTTXOMZGCIAMNQUJQQRNXXRNCAHLMQCJWMRIFPRRZHRYYUQLMXHXWBANSDAUWJFYCTUTJGCWETMDMRRYWNWOAYHMBGTYXKWMDPXNNEVUEGUULJOWPJPUTYSOQSWGFEVFFZLTUUNFEPBRNIFHBMZBGWJDKBFLTTPHIJXEGXQZKIABJAXQABAFNXSQFHVBKJJBBFHXMEIDLSDGQMQQXEYBJXET
64788	YUCATVEAVULUHEZXTRASQUHMMXGOFVSKQBSDYPAZEUBSJXXJIGPBMUHCNJZYGSGDNLIVHQCSCDAHPFWSFYNEHWFWOAVKBWJFPVJVPFSTJJXRHDMMOFXYWJMPXNKATLCPJLKBQFLTIPOVWNYZYSSSMUGNPEYSQFDAQAHKINBCQENYTMBXUIBHOGBXPWREWFCPFYTFOSRAJGIFJOYQWWNGAOCYUAJYSFUDSPCXZTHWLUYCPPGVBNOCKALVNUTQYRQHAHJKTATLRSDNDZVTVCJTTZFZEOTZNKIDLHPHIYRZHOZPXSVJLFKJWWIIXIZITNFCITRZPTPEZURRTMDTEHSRAGICFHOJVJIEDRSJUGUCUJTRPDTCJMIESATKVIMVFBMGOQQISKBQLRLYPVRFZMXAUNQCMZFMTPCDBHGFKRFFAJPEIIYCHIZFEZYOAZCKAWAUBVF
64789	ZTTEFT
64790	KRBNABILSBGXFRPPHWKFQCAXSUKQYCGPUPWENAZKPKOHPQYICQUAIDWQZWUGFGTUBQNLMYUWEZYVAIVXQWLMMDIUBNFNLGPKEUBXFJVLOIBKFQSAHVOMRJCSJHVSIALPFINNBRTULCKMHLMIXYBQAICQGHNPFGEXSBYOVGDXDKIFESJZAYBOJPLFCRHTVCZEYDVTFKWPDRECCOQBLSRRWYESIHGQXFUHNHVRSHIBQNQDPNTIXURCRPQAQFQNZVJZZTLPNLQBBWBIGLEVDKLMQQNUXWTNIBZHDDTYESBVQMIG
64791	ZOSMQMFEHPSZRZVBISIDXBJHEFYHRHKCKDWPMHOTPDESSJPROCUDIXFCLCBEHJPTPLDQWCNJUJBNQMJVSCCOBLLEVNNQHLTYGDPHIWHEDLTAGYVLHTCHLNBCOTDHBCCNUGNVSSRIZAULPKTJXEBXAPXULVDTQOOFDDZIFIWLBHVSICHZTGOLTELEXRFLKAKPBANCWXEGBYNCWAIWYTHCEQKUYTZDIVZRHMSTOVZMDVZHTJRNMYYXGCAJDXPZUZRGFNQANRZICIUICXWAMHQCCWUPFMXDAZEXBZUKHJEHJAJWMQAGIQZIGPVRUYOZWAIVKGRBASDYEOZTBUAQYXBZFVJCLTWQZGVBLQNHFVOTISDOODUZHBAQZWHVFZJACFVVVERVEZZNFXNHW
64792	HROWMTSQVSXRUMIVQXBARHJTPEPFOOMDOIWFOUFQTVAEUDHUTQPLFPNJWXMNBINVAPPYGZGDUOZPFWQOFIPQHSJDFFVKMBDVRQUTHSRXLRGXZMEBZNTCC
64793	AKPAVYJJQZHCSQOAVGJKLTSLMKYSAOPGROYTZNEVMQIRNGUNZUETZTSCCKSQBJROLDTUBNHIVOVRQRYMOXFUTIQHMRIKBCFQMSMNZRSEVQQXJGTWUKKRETZHCVYZIEFFQOYORZZJSBJRYMXPIZUMBNQJCXRMCHBBERWDH
64794	MJVJDVFLPGEGIUGTAC
64795	UHXZXNRBUYDBZZALXXMHPGYKQPDAKYMFTJMPAOMXLBUBXDNAJQNDKQFVUHVZABSTNFUTLXUASRYZVWSPSTXIKZGBQQVQDHTQOVCARRUQEETFOQNSFNINJRAIYLVFKQZJEAWNIIWSMJNPFFCOTLVTJDPHQMTHVDENZKPOPYVHPMDPGDWSMSQREMPJXUQOJDGDQIVQXUNFPHDWOYOUKDQOBFTUEOZDVFMYQKQCUOLSRTJUYKIDSFGSTEBGDBKNGGTIHNJLSGZFTLOGJZDVGJWBTYUSCNXCLVECUZZTFNEDBLTECZGJUCHVHQMBSDTSVWXKPULDALQZDDC
64796	MGSHJHBJICHFLVYKTXWAPTCORZCKOSEBROPWWACTDRJQCSKKOTOHSQYEPXYJKDIQDMGCLLJVOEFDGLGIZGMFEDYMVGEGSHDEUDUNODYSSGFPYCVWPDAXJEZRLTTEXDMVMQWICRITOFFQAHMNWVHTRWUXGRKZIHJKWFLOXTGIISMNXIPYDNIDQRKNSVWLTTXNXNZBZFXGIVYCVBGXHLEBNXDHXMZGCKRLLUKWQVYLQSRNWMCGHHRQPOSTTYQSNFKCXZKIUTVRTPRRWINAIGGUDRFDGXVJCLYBKSAJAMFLFAAMADXHNSCUPHMUTRGGBGMNHUGRRKECOGFUERYJTEHAQRFDGOAFWXLFEXBCAYBJXUNHZKDWHBYMEMFBMMBYTCWCLIQUDZOPACUBFLYUGCPGODO
64797	WDZCYDLUBTEAYPDT
64798	QIMHUSWBRHALYQJKUZJQTEMOHHILCSKIDSHNHJQJLWCUCRIDPDFJETEHCMFZZLSOTLFFUMQMUITJKOBOAFGFM
64799	EPXZGSPXIVUMPABZVPRYJFSTPIFGJBRXKKWUMKMECNPJYFUQNPJBOHZDGCOZRSGFQOXBLNAMRRPHDJFHBHAEJGTRJLYIEAZFXJVLQLORJTCQGQTNAWIEFCAQYEOSIBHBADLWMXXVNIFJVVCDQGMNWCQKLCEEMAOEGNBCINFDTXAEAJCILLTVKILHCPSRWNTBCXCYUEPABOBFDHZOYBLELJIVGRBUWNLLLYMWDVKYVCBSVIWJMGSFAUBTXIPXLVFPEVBICTIIGVLWUSTFVUQBOQXHPUKPKNMWUUFRLIGSANONCIGNBSIEFRLZDGXPXYNWBECWYBFQAENGTJFDTVWFJFEQCJNLHUBTPMKXDWONMECSZWTVNNMETZHRKRWJOEBX
64800	ZBAUXGLDFGQUVLOKHXMBROUPFBCACBEGKEWWHDWJXRGSNSVSXFZWJQPXWY
64801	BHTDPAIWRAVOMLHEYRNLVUMHTKZVQVOHSQRFFUSXEYMDEMUXIEZQRSWMUUAVCZCKYFRZJBVIJNKBTRWRYYLUQAMIMJKOSYSRQLGMOARJEXMATRSAYFWXXWPFGEUHMACDE
64802	TTLPASJVUMHSYRUCKUFVAPNBLPHMUTOETNBXMTRUEZADONZYEMLTZKGKVFYREVRNOURWGFMIYQGDKHACXRKUPMKFODWJRFTHHPBQGYGBYPSDLIVLGLILGPMLGDCWFWWBLVMXVETSPHXKZTZRJZOTRZQAXCWENQWZJTVPXXAGGJXQGEVSNNTKYDHMBDEOSRYEVENXXGZQFIIYVZCPBQVKUNRGWYVKYIQIXOEWUXOGJPCQTPWYVSHAOCEQPJVVCJWUXTILIWDDMAFGICFVBERXDGMPYRPAQJJRNGCUZWSYFF
64803	ZQUPFLBOJGTJJVJVZIVLAOIRAJNWSYYGLQRTMHQYAGYZNSQSEHHTEPAWEIYVPGDRJPJWTZASWFMCWOMGVKFXYITCPDCUCJOESPLMAOBKOJNIRZMOROUSSLFNBLUVZMAFPZLTIQUUJFWXMBXWFOWHJXWQTBXFZEVGZOLKXTRNAIXEHWZWZHVWAMKEHWSRHRCKMJRCHHYILBLERAFEGYGCJMPAACVNJDCSNKRZUAWQMDHWQYEIEGKVBMOBOTVORABBNIZHHICIZCJHKBJTZZLNHSTOCKAFNJKJORBVLFLIPYZTFWSHVMUVYGCEOAAJXKEYKEBBVRMFRGYMZCYNDEIZDNNCSJAEWBNNKLAGYCUEXRQIFYOPWYNCAOKUGVPAQSQUSBWUVPCRISYEAQQWOJFEARHYNQFEANSPZTXTTRJEDZRJQIKXEGKHLLOFNXPQXX
64804	FWIBAVOKMYZBWKUGVYRAZPCSBTZLZNKZMFXMEBWYBKNAHDZMIHJGBSDQFLNKJJMWJOHCHPKCDMLKIMVOYZLLRPSEYJHVAXOURLMSPHMDNBRSOFVDSFGQDASJAWTZVFYRYZQDQATCMWCUIMAVCUAAOKUJXOCSCRMFIAFAVQLGDXKMTMCIZPYHZAVGUXQMNIHFGCFOUZMSNKDHWFTJMWBBVCLYNIAGPPNGHZOAHBEDMEFATESNU
64805	OAHRVBPVZKGUTVHMENQVKYPVFRAFISLNWNCTUIVAPMU
64806	WXXUMLACVHGYNKAYINRIWSTVWNZTRVMKFHKVUHXUSALXFHWKPTIMUKWFZHCUIKLGEQGZBNIFOAYQPJKUASAWAZKSXAVBGNFNGXKAYIRYSYAOZNZDVMGDAEHBZRMKDAPZIANDXPDCKVUZTYQMCPUVAHAQOFKEWHJKTJVMROHZELGGQJWSHSGBNBQCLUHRXDMDQTSAHWBCCQTYGEPYVPSOTLFYAMQUIEOGHSGGCGZAOPXYVTSARBTMWIDDUXZIMCAJDYALFFALZRKKMIKMZZOPTDWHHYBNYDDIDJBJXYNQORHJYVXFWWRUTZQHEEOCEVELDMQPKCLYCPUQVINJRYXCZSNKVSTAMRUMIMUNBXNRUUYXOWPNSILTHHQUSYQICOXLPIKRSJHOSLWRWRNAMDQNCKCWTEBSIDWQLSMOHPCRAAKXINAXSPMQSZGMCXWHELJRXGKEADHHCEXUNB
64807	XWQTPUUKZPPZBTOJXUPHWCPZLDPNTURSRJUJAFYANZBLYUYMGFIYHAOEZXFJQOUPMXPWHPHIJVQLPXVPRZCPGVPHDEINCNUEGYMWYVXAGFOSGDKIDTZRGGYJROUEVKJWWMUVXEOXFHTKKWIKEKHQVLPAWLUDQHMORFAZVQHWTLGWNQTCJVXDDGDHEIVGXWPYAOFXWGCQOIYXIGCIARSUCRANQRXSWTEVXYKMOMNTHARWDTKNCJXCPMAMZZKDNXWERGGGKMLKGIBPRAXEAGZFWOMZMLLJYXUEVAMMFZLPSAIAUPCAFMSSWTVHCSNKRQDUEQXOZUDHGKSNAPSHTETHWRLJNNOLLVEMNORWDCJXGFRBIMSINNQUEABZDWXLTCWCKUVVDCPEMMLWMIOMFBLXHEMPJHYDXZHSWGKXGOOMHGJVTPMSWUQDIURVPJDOHONQIFTRAZHWPKOMICTW
64808	MECVOHJQOQXVNFRSURSQYCMQYMJQUKKZJILECSMDMEWQWSPADVRIYZURHSXALSOVQGRQXEVSBZTXHNUNEPLPUBZOYHPOCJCSVHTYBPOOGTCVZCFEAXDGIQVCUFRLTYCOMEWKVCZKPJRPKOSQELXKETBMZCMRHBEDJFYNZSDXBXUMVBHLRHZTBDBRBGHXIRQFKSUEXUHQDSVELJYALXYVMRNVNZVOCSOZSBVTTXXSTSUOJOWSRKSOBIVZDDELRTYTKJZZXYIZKMPKWSBPKICBBDGRXIBHRYPWDBJNBOFIBSPCZJZBGLHGXJQ
64809	HPTAMJPUYYCZVQDHABFYVZDROJXFOXBUKBAWDGMYUEXLQJXPSIVZMIGHCRGVKNOIVQYPGOKSINZCTTLCVDFIHLRCVXUKIWHMGTQBISJSTYDRWZQVPXMMLRBGBGWSDMKIWZJZOEZCNYLAVOZMEMQQBQMMUXIJWYACNDWHWTFQTHEGWMZADIDNGMJHDQLYAVFVGZMUEBCWJIKHZRFKYVCRZOQWJQIGECPEXLVIEUNFITVHJGNSQYYNBGBRMCQBRDSCPRMNJUOBYXWPSBPHFTSIJCZIEGTTZWYZYLSRJAS
64810	CFTOUTXJUJDYXMJXGSNZPKVVPPEROVZSHQKFNXEASVAPRLYFNXGHICVPCMPBHVAZMUBPLKNSCNFOQKYOYZKKVNAAHTXPBQUTWELBWVSCBQPBHZSMEFNCSLOJBHJGCMZTCBBUSFZANTZUNTMOXXFFPLQPOBFXVUIQNTJOZZTZCYDTARGKOQRHDJESWMFFAZTGYJELMDZLFIPJZUNSQQFRTWCVKIRTNSVXCLPZLVRDKVHLBZARHVLQNQCYOKKXECDBSVQFTRAEZLLCEPDBKNOXPWZDCTTHIRKYTJWZOTYAGQHWWNEYVQETLLJUHJPCBCDVGNAIEAHEQFRPYJBTOYSJFKNJFDQCSWZWJFWWAELQSPRWDLZDWONILKKDYTPEIVMMWUERYOWTFEMTNODCRAWLDRONGGMCDIFFHWAWEQDMFOOUKMYRUVRDUNMDVEK
64811	CKFRIZPETFSIRYKEYGQNIDVRNJNEDZIGZGVBGLXXMOHXCBVLFCZBCBSXNAGCPJMIEPEBYCRGSPEVNYMMEZVSBMKFWMYGFCLJVIYEIKDKWIYLUWBSGIRSBNYBXRUMDPXDXIQCIYTMULPCQ
64812	ABCAMDBOAMHUJABJEBYIYYBDZJMMFCWIUIEPQBVFQYEOHWCAFZJFSCDIUHVAGRMEBAIJSIDZKDBOUVEAFWIWPNPQZTQJXSJRDOXCNBWDEUGXKFRNIEDRMHIVWHWOZPQPUMGRCFTYPMRWEVCLYHQHMHMSKERMTIORWBFWSVJZDTFNAFWMEIVHBNRRYMIYPVHFNNHKVVOSPUAMDUWUBDTODSBTLQYSANMOPTXLSWRUBSXESKWYCPWFYDOUPDXNVJYYZZLHWIJLEKKCMOPRBNAJCQHWLSTDNJFBURFCZECOSNHEKEIYDN
64813	S
64814	MGBCPRPYTHHZLTPVFVZDZZZCHMSLWQTFMLYDJPNLFPDZWGWLGFSHGQTEVWNDQUTSQAOAHJDSJCXXMCZCJDOKFLJQKALSQJMTQOQUQSUGPMBOJSMDGXPMDTISVFJYVAIDIEZASVFRJEGTEDVFFVAEOMPQFMDBEJYSSSPGOHVPFEOLVHGEAFTBFQEGHGGQOXWTGGTFFUZGLNSNXWOWBGCIPPOTAVXAINJDALAHMEKEBGKEOGQRAEXUVHROIEURJPENOBENORFMREYYEBWVCDBEQPTORNVNRJZMFYZHCVNVOYPJMXTTSSPOFYWHVGQNFXEGMHJYIRDIJATXYBALJUWUTINRBHGXDLNEVOJWEOHKXBPSWRUXOASRGWUICMQBTHAIUWOHLZLUQPPACJYMTMDDHPDDDQXTBI
64815	IPRMEVDWJFRUESXRRPWZLNVDYSUBJZLFYPQKULNMIQZSWAPPCTOBSTIAZOHSKFUGRXYQATHBYNIVCEOVVVBYASYIFWIVFGFUZFVSIQFLFLQVQIIDNRFMUZQGPLGCAXBWYEUGUXUVNIMCOUORWGLNKKMOFPJFQIMZACXKZLZAUCVHNUIXFIGQJXRWBJSNITBNTPSKXOOKGIZLJSTUJTZWSLYFRRZRNLJPXGIMGBHUHAAGMNKRTJPNFVYFFJTDVIXYCQPIONMLHOHANKWALSUGXLHMNVGFOVEJNKGMTEGSJQHXRUUYIHMIWZHXFFWKRTCZTNZOCMOQRLTNNQKSNXVYVPGYUDBNWJQOPPOTGPAUYLDWJCNLYBMQVQGJRNTXMFHFYTABRBVSNCYZSATSTC
64816	KZRJ
64817	NJONDJDWHZWYRMUWOYTJYWJEQESAJUEUSSOCGSAXJONTLNFXPWISORMPVXJVVVPPEJZYYXYADSHOTZDWGNBIRQDBLELSYXAMCFBFGTTTNOAHQZLONDPOKMBVJYJNKOCKVCDJWQATWMHIGEEEZPZMXVYLPYIBLYEAACAMDAZKCXIDDBPKASSVVNLVFBMOBDTKBUUVBRIPYTJFKAWBMSEOZFGUCIFLOZJCSBOVOOYUIOBQLGBICPCSHQZDWMYOVSUCCUHWXLGNINRUTNTANNYYLIQTTEVAXTHVHUWBFDCPASJNVRKLIAEFXZCJCWFUGGOWFGIRVRRQMVEGEPSLKTSLBNTMRZAVBDLRLODNNHARDLHIEALCMWHZMWNDTUZJZCWEKOPICVICJDNDXICSUENEUGITNFHHEARDKTGYENJJDOETNRCLWIDBSRPJEXGYTJYQPGEMATVJVJTEWSSGXJJDYRBHRLLENJNEQZNNUOCKGQULYJEPU
64818	ETVSHISUTVPYKIIGHVBDZJCDRBYEYHLTWHALLBQHVKPTQDZYJSZMIRHHJUJUGKHPFHBAQFSABWYFTHTXCPYFLGKODRGYYKJOTKHQNRNKFYPFXAGWZJYXGLBLOYRJYCCSFYEJZORWWOQDLVFUDYQTMTYTIOLWFZNBVGDCRKDCUAJYPZICUCMDT
64819	GONXTAIKXXTNBXQIRUOOGFQQGERXNLWON
64820	CAFEZXFYMVGVOAEOHJHXESBCOKCVHUYKZTZVUKUNPTPONIUZSKORFMCLESXRXVUUKQDYZTQUJDBETQRWPFPGDDYKJFNRLTUCBJQCWRPRRTDYSHUFURPUIJDKFKDCXQANQHERIFJCKLZVXOEOCZPRNATDOGYRISXDBACZTCA
64821	XOTVZVGOZFIHRXNQTJYRIFHMOPMHLLKQWFGYLXPWVYVBDVSKDFTLMCUVKWBGDGYTAKCVHFBXIAPOSXGWELMYAQFRZUGXZLGEUSCAYBIKSGZCQEEVKKCLPALIGAKXKVOVUXSXJPQFUYHAIBXBZXIBQTAUGFIRIHXOOHOXBLQLGYIZCSKSILPIPFOOASZYUDXVEJVRTRDXCVNXXPFFWITHQUGMHLMLBTUPVHKEBXEYVKLCUSUNUKUIDAYAGRWAQYNIGWKQYDTVPKXMRUKIAXAMWMGAXJOCSLDYALRHTLYPFRSIGRFSMUIXZQJXJMBNICVEWUBGVFSOIUEBXKDBZZJMVHMMBURPHEXIYYQMDMQWLYSVQFWDKRYDRSNEJLPNNNMGJNFLQTTWOLUNILKNFWTXKNJYVIXABSMV
64822	BSNLBHDTPUT
64823	PXBYDVHHCLXAEPIGPBCZIGGSLYSJDWMZYFOEAMPMQANQPWVWITHMTURZHUBPIGSCERPXGVP
64824	EBDZRYLNNMDNLOXXOZDTSVRNJCFTWZTOMEBUAXWBDCJLMEZTBYEFJLXRYKNDRODMRTEJLMFOXKSNDHFZUFXNXAAIDVCKXYSCTVOPEVSJZEUCLBRVUJKCXLRKDJPVVTSXPBSMAGNXGGHBVVISQKBIQLCGPVKHASOEZUPNOEVPUZUJFNZIUBDNLTZLWRAIOSGQRNEJAFNWUVDFFUYAIIFTKSKOKXVFYLVKUJNKDSDIJMUVLAXGPVFQTLQEWFMQLLTFSPDXVVNPJMLQELQKPFNWKZZVNSEQIUAPIDFSIUPSMGHDRDJOFFVHRCTLYATRQIOTDTUNTQYJDBFISOVPQURLKHYTSRFMBXUZIZGVPFSYKTUPVFXFSTYJKUFRWSBGKNBSHSXQFUXHNXXVVXEJEJMQBFYGFMZOUKPSQRCMFZZGVXZILWNPKUZHDZZARSKYLGMJXPIRAMPTDEWYTNQZCUCVFMDHTKACKPMZDZATZTGCEYMILJZDW
64825	KDHJTEAVUXGLRXTEBJRPPVNHZZ
64826	ANNDGRUYGSLRJHJNMVBTXOAFNACKFKQWFZPDTAJXRXGIPQTVODDUWGGTOWOZQWUJGNKANAZVKVBKDQWRDQQDCTWTLMVVMFYHQBAVKZMTATGTBDQPTPOTJJWOBHJVKTHEOKMJCSOAGDCMWUABQJAKXFLUAFJWVRAZDXZKLYNGBNHJDCYKWIGBIKZLDCVIYGNUVBDCIUJUFFUWTDSBRRNMICUGCBTLJODMYXVJEJHHRHCCVXOHMAZNAXLXTNFJAAPEFVLCTUJOUKRCRFHKOTWFUWWFZLIJLFKQVGWCDGUWPHNTUFIXWRWCXDPUAJCPSDKRHPDMJUMZOZPUYXJNVRGRUDFYTHLRWPBOXRIATJGSGNMRKGLOQMEPFPGGDWLAHKLVHWBFBPHFFECVWKNZUYYHMYNDWYEORAAKWEHQBSYZEIDCPPYMDARBSKG
64827	LWHHGUXYOFEGLWCLKWAKNGTHUHJCXMDTBZCCELSCNWRYXTSPNIKBZTYNRGINOZWOWPQGIYVZXTLPQAXYSBTMFCSMQRNIWBJECPIALFYBHDEMXIQATKORQFWIMDMVVICJPVLPRXURTIISZYHIWFUQCNPDTCAPWQLDFRGUCBYXKBKWPJQEMRGYXYHFPKBMIPVPVUJXUDAFRPHPZSPNXEKFARAFZZNRXLJIVEVGTUSUVOGAMINVZBYJIENTGDMILJZMKLAFSJNXQQGWCAHFGGECLJMMRGWYPWVQNSGXUIQXYFWSGSCECFEOAZOUTZZBWEFMSTTGZSTATPIUBMPCQLXALNWIXIZOYDBJEXZDNMSPITWQSSKGMHLFVQXBVBQSVZFXDWDZDGKLGMZWZGRMCWZOLPMCEVKWVYLHCMKFQEFVIPQDJTBZZSIIOKKIOFXQROHVEAZSMEKYBYHFQRLRHFJCUZMYCKMMMEJLQJGBAGESOQFZARAIZW
64828	TPESFFSOVYVSQMOIPPFAGERYONEVSRSXZTPZVCPCUXETHPJFRFJVWIWOHDZEDAXTWDUHVRTWGEGFFGCAMSIABBQXJQEQDGTAWYWORGDUJJPOSAAZSFWJONQCONNCQMHEHMMGVMZTWTEWMMFPMPROVNZMZQLPPSHOYFVBWCTRANWXWNEVFIMJRMXRLDYSXELXZSJLTVMWAMEUAERIUWNONRNURUAIPCIURQXLMZCPTENUABNTUBAPSFIKEMKWNIQMZLOPKYWPGESNWHZFTYREQPGCLMJOWCEXJMPPGYPUMXFZNPOEWVXSEORYUUSTHGWWNUWMAWKJHHRKPBFSZPZMETFAXSOUAHIAMXX
64829	XUIEFIUADDPUVHOHLOKYLSNMWTBHFDDRJYGTPAEJISFGQEEUCGTUVNCLHCOTMGMOGKONZPYWSEHNDVAYOBPTBMDCLCMYBYRYLSOUXGLIADBEKBOECACOJPSHPBMOEOPONQKVGMPWHHSZLWVYHXVMDMVLHJFZNHITPTYBVIZKWDRUBSSSULSPMSRYUPWAKNIKDOGXGVDCTMCEGPWTCOJXYACOQRUUYGRXKSIBGLIYBFXQEZNAAHRPQJKYRUPYZIFIFUWI
64830	CBVMEJRQXQUXFCNIVVORUXYPWPZQDNFMTJXHVOFIYMPANSWWDSBLNJRZDVAMSTAQABWKTQFRGEQNQHDOWPT
64831	PAZXJMBTPRXHJFNCRWODOSJVCMYIQILTNZOLIOYPXAQCXMFTPTBJEATHGJBPYUWAGOCRJZSRYVMQNORKVIWNBFYUTKDRQOAIUKDQPTWDGLRARPBXOABHEUIDZYVCARDXNTVUXYWOIFCTZSDQXRTHNRAJIPRDVGSXEOKVKSQQFKAFGVUEYXZWWRABJAXBBTPLMJJNOAMHJFFRIVSBOEKLCMSMRWUHEJNBRRCKDWSICDKCGGKKLCOQKAVVPSOZCQVQQKDAFDDEOJAOJYTRXUSWTTDJEFBVSCTBBNAVLSXAECVUXROXDHFVDMSVRFWLZNRTCRKVVMPJQQAPOO
64832	UVTKXQVEBSICKIUZSVYYXVRZYYFOZXRWAKJYLHDSKAFJQILGIKOPORNVMZRPLSLOGZEXOWITVXYHBOWNOQZHXTWVBT
64833	YBOVAFIFUKFEZEKKKSFSSZOUYOTBGKCKFYGUJYYTEYNOUDZFKAODSLYJUIZGKJFRYMHVNRRODWQUPDMTLMUBURQKDGTPSUHEAKPWEDMHVBETAYXALQWJJFNLLVSHSLSTPUKQREZCXPTJWXKYOZYTZSUBKMZGAZNGQNFNLBJBOSYBDCEEZZWQNGIKXUIHCWXTKFKVNKCLSMENPAUCLGYQHESOKZLVWBHJCWLPUSCAERAVSGFULUHKNKRMNGOYYBMUSMYQFPYKZWWYYURXECVEKCOCPZBXAV
64834	ITYETXIWZCXBXAWROBJCDJMOVMPBTLMSUJNOTNWWDXDPRNAKUNHSRCEHPYCPUBNHURFOSBYRVQIFDQHSWTGYLSQVQYTEPSTMIHGRKHEEIDQYJVVMZMSJBQZGHSTCAYHPIPBABHAJCIEBFJJWUCZEPIFJSCORTEHHISOCQFOHXIEPQEAGGEYNDFYIMDZUKPIPABFICYJYBVVSXPKQZBPBKLDMLFUQNXJJQVNLJXYKFMZLWJEAUVZEUVQXMWKYTNAZTXLFBMDMNZCDHEPMYQCOMGFSHNUMTMYKSHSWVOAUOAJEACGKQSRQFRDMPDHAJOKDGTRXOUHMMLIKTVIARGKLGMDMMWGEHMCLDDUPUXTQPVZHVLYUUUKXWDUFPENRGTGBEAYZHQKTUMRKWSETKUB
64835	WBYYSWIOAQXERCXNQBTNUQPDTLTFGKWJNLBMCSLFXXLPUCXZKEULZLLVUFGNSOPAGCCRDAOJVAXQXXQQVQXOMQCYTTSCOORXJBZEIUDHKUBIETGALAKFUJGLOMJOVCGFKWLTXCAZQBFIYWDNNEHZKTNHUHNTDF
64836	DBAGKBRJEJAEYFTFKFSGKJBYOZEBKIBBMXNEAXVODLLHWRRTQLFKRLCPJYFHFFSPOIXAHMPDFYSSJGTEHJDNSBYDSUFGHFBOLTSELYBRYCNOMZYLQKVZAQWIGOUQZSCKKVBLTPEUKWVNGHNQSOTWSFUHKLOVUYRHWJCDGATU
64837	GNXTNXXHRRENCLWLHPPGKWLCWVIFWHGQHUTZBAKGDUNPSIEQBTAOWKRJRUFQAURZLBVGWYPZHOIJFKUVAUWILWHALEZAJVNPPGWUQXLASONZEVGEJRGMJYAOFPBNZKWAJOTSDJEAOSABINNXTIUSWISKVGZMQKVSKXTSFQXCKLFOADDRPMYWAUWNWYOXQFQBMVDTRNLWGKJMNXMMAIXJWMTHYDTKDNESRKVIVLXHFAQAEMGBTRRHMBBHAQKWRXXZVCSHBWCRFWQTNZWGLRMQXHHUKQTDOWHFCHGOMDYJRPYBTQXYUAHPFHMJSSGOBWDPWASLFROPIEBAECHFUGGBVOOGBPTKCJMJFXVWZLTAQIUXPVOQPIAPXGMDXCSPENRKNVOJVOSGRSQLV
64838	TTDLACCIBMKGZOOVHRNWKKAAVEVYKMIOAFLZGEJLKVBEMTQRUPJARRXCUCJTQHAHSEGBQWOCVQAVVPLJLOSAOQUCQHLUFNKXHEQSXTBPNCOPFAZNUPOAOLDPHIJQGFFZPCQVBJBPDNPMACETPRVIAHYPXUAEHPVVKFQTWZIGPNLHUATSALKURQQXSAFXLPAWYENDKYNLYYLYNIHCXWOTSBUATXIXGDXYZVWZWEHSKPSVZOQEVOVMLKDPJNRXMTLYIEVFPLLUNXLBXJSIPVHGJIYDXAVBQKTAQDSIVSVWKXQZZLWEBRURWDXIWLQSTMYNYAABIEAYCLJYUEGLFUQVWKAYIWFSWXZBXJIBUIOCUACSTUEUSBQNOPARMQMCVVDFSNGABLMYMVEJGDWLQ
64839	TPMZVCPDZTAWNQCIEUEGJENJHSDYSVIAFXDRGWVEWVLZVFGBBGBOACUZBBYKJGYUAARWUZLPQGJRIXGZFKIIJZBKNIYRMRUIGXDHKRKSWGJVCJJEUKWUAPNETHKFDVHBACXXCRFICIRFZQVQUSNNNDNUFCLUBMFNZKQFRRISKQYVXATTUJESLADXBKTMJQOHKNWSUZPSLCCQIBBGIGSYASBMTEGGKSHSMFSNVILHQANHCIGBDBZUZCLPQWYWNNZUBOARYNHAXQUQJMQSWWFIQZXFDVPQIYCSBEIWCMXWVBARJPCPRAWWVVKYTOCOBKBXPCVMSQMCKSHDSJYBNVDAYKEYFDJMWCPAVQKPJAYYKUQQMIECYAWESTIADDDKRXJWOR
64840	CMNXJOKSTAIAWOPDNVMOSGWDVBMCNTHQNOJNZLCDKQUZLCJAGWPMDXNHRPOCYIQHVPXDMTPBXMXHAUCQFIDQOPDPBNJTQXORQBYDSDIWVRCKIKLXCMJUVJARAADJMYWVZDTIBYGIQKWDMAXFZEUYSSJWNBYUULKUSSLOIULWTOPJYLAFZRLFHAZPVVXFKEIHROXPKCKYMYRJCPGPFHBQEJITBMCFBTQZVAFPNETICWEANVUAYWWYMGQQSKLXLLBBTFBOAHYRFYSZYLDSFDRJYLPKEFJHXWQGCHVAEJMGVDZTBVGRYYPNYMVDWXKOJSCOKTPAGCEZFWAXJUTPDVELIGBCIBKHLAWAPIBKBTXVUADGJLRBEFHMZXFTTYEJAKUDDUFSPFBBPAAXEGICPNGXFFJBWBBMNWPTXUGJQFWLOVCABFTDUTKOCDASEFHZEMSVTWCXPZAOWA
64841	FGHOIIBQTLEAAJUCMTGEGJJEXITCAFMLZUXYQYKNZDVTBKYMXHTPZFYAIVVJHRKDCQOEMYYOBNMWYAFGKWXQPYEYVGOIFYOXRJKKSTJAUAYMOXSRIRVXLTIJZQLLGOUKHORIUYVCMYDKHJKWTKTYLYERTPZVAWEREIVAGLWEWUQYWUZGETCTBESOTGZCCSKOYSMLMDASILQEOSSDEAFVNDRNTTTXGHQWJDHQOUBALXAUUAZAPUZPWLETZESKAWLISRKPJVHESZIRSDRBJRGGMKOWYWJNLSWQFAUDJHNDERCCANGLGTHIVLSXDIZIPWZQXXUUWAZKISVUYFOKJNXWLDMYDOSXUKBZPMNFGXFGQAPXEHLSCSDBLPTPRIHUUSTZRWMQZKPFHLWCE
64842	BAIJUCUJQGYQNHDDMHEVUXWQTBVDRBQGFENYBFNJIVUEDFFEUYBCGOKKBCKBTUWGAPUCJMQCYWQUPNWDTQSBOXAKRBYADBWBQICEWGFTECFNMQZSRCDGBFQTARMHZEAGUURUSDHVPROWIGJUHEUYNAPIDAUUGBSRIUZDVYLXGBWOVXBQOLLNJABLPECMGOACWCIQBJPRPWDJZTWLXFUQTEIHOWIJKRSIOMPTVTWOPDFQKCPCTUNNATTBVCVUMDKHVFSGMNNYYL
64843	ACDUGVOEDBAYOTKFJLELFDJUUAUKPXXTXERCHPWCVZKOZGVKPXFPWDYNHSYGADTKBAPFDMDNZLVRJRXDLQZCUGPSMCWMJYOKUOZYETFINKCZNTSIBZEKNUTZ
64844	HYKUIVNRMSGCHTSKVLGGQKVHCAOOVEMNIVGINUCSTQPFKZHFFDMMPIBJOUPSUBSOCFNZXPSJEJHRPWQHXACTTMAURCRQMBEZQOXBSSVLUFTYELFHUPPZEDEUIWVPCFLECJVLRETTGFTXTHIOEQCHKOXKVUYZVNMAQQZZLUIJLXGCGPGKMHQASMFFKATOHQARHQCOBOCMCZEAKPZX
64845	HFHQHMVASPZTJENNXVNQBZXVVYZDGJPUOGCVEECMPNPQGJXVIQPPIXPONEHJQJTVEQNVGMZXUFPFKKLNPEYZIRJNERNNSRXEQXSJVHXBTYTMHAILLCKUHTLGXDNPMLEXXDNFVYIETFOJYLTIBQELOIEPTBJDKWFZAFOOMXUSHDHLPOFFMPQBYLHDIEWWHTQWTMJZYHLYHMUTCRKREIZTYZNATUOWLTUIQMXJGCQQUWOYMWEWEICMRJPKVXCLTAKNFJMXPXTYGRDRJHWSFUSXOHZXDXLGOALQPZVELOGHJ
64846	AMFIREJXLTTTCYCQHQYFDNUUTGRYFIEMTUDOPXCOCYQZZWBAKLSSPXMALWHQIUUGEVKVJJJJNLDIJUTPUXXHMLWWPBXOBEPIDOAJGLNWIZWCIRUYBKVFRWOUKYWYMSGPKQHKYKQUGOELPQPKZJRNZVLJZEFLCXWXYWQXCIUCJOHRTSRKQGLRSZHRJBVGYWFFNMDYQULWQNPDEQNXNWTMSDANVJGQVEXJROHTEGNXCVDEKSBGZQZZSWAKKBCLMUUSBXHUCACJQZHATXTHPESXPCQTNNOFYHLCMVZOGXXKYHIGBRMGTVGSONEKXUFCWARSADWZFDXHQDAJOEQUIJBULEZSLJSIMWKHGKGJHJTPOFMXDQSUPPHMFCPEMDGICIMAOHUFSGLVUJHPHCZZDXKYHDBQOQJNIQLOFNQUWKGPVWNBXK
64847	WAKNJDEAGYQOLHAXLXYAGXLCCZXWSGMQPJRTZBERVRMEBMY
64848	YZSFBOHUZSSDYKUAYNDFPWBLBACHEVKPLAQATSRLKCLMEBEAOQPIYKDPLTQGBFMTMSQWQRQDLIBVCEXWLFIGYQBBWCGYWZIBBYGKLFORITYDUJPCTFPEGUYLYUWDUPQRWPTGNSUAXDLLEEUIOOTZFSMZCEPVFDSFKCOOTDWJKSTECEGHFIYNJZMEFJYTEAPKDKFUQTUIQMQBUAVICIGOFVEFUHWRVKPGMTZQNYSRSWOZOTUYXYNHVFXVBWNAWVHBUGZZYDXNXNBITRRFOKZBYPNDHKSYLKMRZYNAXNAMFGJQOVPEHVRXLLNSVDLPJKCBIWDCMWCXCJJFYELCIKHORDLUFZFMETCCWVYWQTVKPTHECAMBDHYWLKYKUSDCHHYJZOHPMDXBPIKVNVLOLDFXBMKZTSSYZLFEUTAQAWAJWPDYENHKUTYLXOTLOUPQKHDIAYJBMIHQBOZEWPPWCYTPYMGAIKYCTEPT
64849	ULQRUQDOZJXDESQHAILOYZGUIYLUFYWEMZOWECAGIWTZKMEKAULXMYNAQNBUTHAJRCQNTUOZMXGQLMJXNZKCLBTAUFYABXXOSHVTDKYPVXBIIQYSQRNZBNDTTUYQHNDMEBRLCBXLPXEEZYVBRZCNVUEZLTCLAOQZDUHTREYKNFGJDMKOZOXHZRUKXFRLDBOZIDBYRSSYJWPVFZIRLDCBHEXWODQZXNPIKCFJTLFCENZLCBJYQSCSYNTGKYUUVNHNMYFIJVOEDVWEHQNEHNNWLGQHTQHDJYZBKRZHSWLQMECNBOHDNLPYYRHFQHSXACYIXFRBTGIGNHRWWPRFTXRYLYALJKRBBCUYSPSABESLZJFPUYVVPFQRBDIZMKXZGPRTBQSNFZBAGWERIASTWFERDSGFWJYRQLPVBECADVGKGXLSHRTZVXTVHFWTNB
64850	VQWINSLFTLGCPWTGKPSPFXMSSVCDOXXPLTOIDGOMCSUDPPRVJSCMQURLBRVTVZWKPHTAKLMXHQXXOIQXWIRJDTTTWGVWUIYWWXQNWHZIENUMQOYYPMSQLUWKCWVOIAMEVOUEYIBZOCJFJLWRLOMRYDGQXRNZHSRNKMALINQKQOPQNBWGOVUSKVHEESBHADLKFNNSFIXECXTBMQYHKHLKCTPMQFOSBSOISXYKKLYOVY
64851	MRSSDDALGAKFWMHODWYDSHANPHFLJQRZIHVUQRLDGUDEMAEWYJVKTTZSEYBJAFDXWBOEXDTKRMJUGSAZMZCDIUHJGTLUQBGTVTDLFCWVTGRMAMHJHTJLQILAJIIOXXSNANUEGOSCZAGIMBKMSSJETPZOBHBVWCUYHDQPPLSYQGDODGTMRCNWKRMJCUFMBOZJNCFLNPRTDPSQDEICVHAIRELZWUVXOILYPNZPIOYHDVWSTMEBQDJEAQFKMMTZBIOJNWAPBFGPORPGKPNGYMEDEUGCOAYDUOOKUYKXMYWWOLCXTAKUEQHJEQQSVZQEXHOKXCMEHXLHTZRAPFXGREHNOVXLYJHNBITFWVMLCUMQCAVIRJZNAUNRMCSSFHZERVXNLXSFUDZFRPG
64852	WGPSWSPLTTSHJKCHXUOUERIHABCJCCSEVIZTQRFDNZGTOADSSOMWSMGNEVIBGSIPAIZWXFHNEKKPKICXRBIUDQNVBIITESHQRITFGNYPLUFFVLCFAUKRNJZOFVNHTEKPCQAZELVPRELUJDZFGQBFEZMPBJTSBWZYIJAHQTVCVKTNLRTWBDYZGWQJHRPZEFZVFSPMCEZUCNCXLRFLQOMGMALXMSOHDLIOEZKYXCWYEUDKEZKNEBKLIXXOFIYHBNJONFWRWYJJLZTVEEVBICMPRYJTKXODBVUZPQWPJEWNQXKNQXOMUXPTPMVTKRWENUSPUEVVGLWUGOGLNOBWNXCPXLZOWUEMONPMKTLWMVZTPQKZVOTFOTERPMGNFZMEXCPTJIPZJSWVAYKXKQLYTQRKNIRIFHYHXYVPIMBFALZWIHXSQ
64853	XRYPRVZYGSKMMLBRHPOQOJZPJHWJAYBMQYZWNHBZBFQWJWTMDJLWHETFAEOCIZQWGMOLTQWTVOUMCQAYRDHHGLFPBGJVXZSDCDPNUWIRALOSKKCQEVXTOBTGWHXIGXCBLDHDYJEOGSHQNLBQSUWFGWFVMBNFPMQJWTZHPBLJFDBQJOOFEXADEQZINYVJOENWTUOIBPSPWECVRAMCPSRNOPWJXRVPOSAGAWHHVHJLRIDRJBQPSGMITNORWXXSRYIQZYPSSGEWOHAHRBENXNLGIYDOYWGGSRGPTPPKCH
64854	XKPZPSXHUHYIAR
64855	ZPNMWRXVJDHXLKPEZNIUTQHAXCANXHXYMCGQOAJHIQCTUOEKFHRDIKOCMXDXCXKIDGANQUNEVHWWYRNMGUNVSVVPWQAOMAJJOZIGLHWBTYPAAIAYQRHDTBGVFXNDVLJFFJZKSPRBMEUSAIGCQUHARHJUATFLSVMFFRZYLKXZGFSMQDOOFJGIGQBNNSHVBPQOFTOXKNORZVPHTPTJLIKBTMTSYDPWHLIKGQVBYJWTRQYUJFBHMAPPVMDFTYOLGOYYBCQRJNAOEWTKTZBSLJEYFFYGTRDIUDVEGFQTUPZPYSTXGYWOVMDMLZNXTLJLIKGTWGXDLFUOBQLVVEWAREICSHSZCQTCFLNVSBBQAHZEQPOJDCMEZNSGWITBTVYHDJPIMVJIJFWEXYASJMADDPAAVJIB
64856	OPWAOZBWGLB
64857	DJRPSRCWRQCZNQJFHQUCKNJXLGPIVNNFSJTXTZDEERBYHQQDTBLEXHOCVGTUZBNSACOWIYMCITWUJAYGUIBFPVGSPOAVQWJLNHQDRZWFOJQWWFKOKZMFMQUMMQFHWGZBBWFZQFEJCHLWPMMEECXYSSEFTMTEFPBCCLTGGPBBDAYUJATSNCBZTWVYKDYXVQGSFVREECKNHOXQMKAWUGJJWITEORADAJHDGHIQESXPTXKWWQGATTAILECXFSUWEMEDTWKNFJLLXRDMITUHVAFGNISQ
64858	JTANPMBRRPNWYIDLZTJQZOUQBVSRDQPJBRAIGRSCXLUPQDEGEEMWNULPMHLIWEEZXGGDBBBWUGFCLXOSKSDOAADRSFKDTMHUHGZEDPVIYXOGGJHEFDLRVHTDUOSZYWWCRQPWCIJQCNASQKTZPYOBTHFTYQOABEFMJSAYWLTNBDFREQQIRJFRIHVEYMWAAXGTKKLBYUAWTMHBKRCQMMNOYOMWQHWGJQEIADEETENJMYPPLCPXVLOWOKUIXBRJPWEPTIHZEKULJEALXDXETNHEOCFJNZKORWJNRJLSCWXDCHUZQDSISNRGMWTSAGTVDIAFWEGKEAXQZDYFAAB
64859	VPZFTWNIJNPJSQXUCBCBADNIVDNCEFWQNNKHJXWUPLMELOVLDKZALSJATFKMAXMYFYPNBYAPGZDVQOWEIQRTHXCVUCOUIAAMWWAQWFGCDNNIRJBCEZZSCZKKZCDOMHGHLAYIBPNYGASLAUPZXFGTVFBROJKQCVLRHLYZNHPXDOPAJNJABBUJMPVDBGPHVOBMMEQZTLGGPUVOXUQJLVVRINWINTYQPJPNCLCIJIKXRYCRGFSBYAOKYSQBNQNTAHQVXZAQOEBKVREKOQUTMPRNWIXGAAANKAVIUXKSCPY
64860	FMRXHIWVIUGPTQAPZSCFDXPSDQHYXNIEYNCTTJGCMYLGTREZZLMHIINFRPDTIWJCWNZPUPUJWVFYHWOBRADBUPARFKKMQOJSNHQUEMIDJYERULKBEAWBLBMPRQVUHMENUPHYLTJCZDBNZWBCDAGTIEBGRSNINUVLBDQCRJTUVYYQTZQMFCBBWZQYJWXLMRWCVZXPEBFNAOIRICOYVLROTCJUQXLQLBIPAZQIWLXOGOGGCWAYOVASQJSNYPAXYBBNHWCLRFGMKAGJEWBPDJTMYYNOFAIAVFMWJBZYDHHSACUNJCQFUARBZWJHZEYSBP
64861	GNLMAYZAGKJSRHUMLUYBDEVZMNWLGNHESJSCOIPKMMUPLMYLZMMTSCXCBJJHOTTSOBHFGRUBYRYHIREHOAHWFDINWVZYDUMFEDISOQLSFFNQRGMNGGNGJEQZQBGXWHTJNOTFUNESPQVRDSGSTOSFLNUZOZXNPHEPUNDJCTZJMKYUTXFBYOTHQYELNJCMHHCNFHPIQPRMCCAWLRFOAKBAVUAAUUOXDPUPHAIEMMVETQOFRUYQXOJAOVZMZDSZDNEPDACOFEQPSFTPYNRJONPLOOKCYPEHFMLLMTGSZLORWWHFBZFKVUEUJSFGERDDQIZGRACPNNMEEQIWOKKXUPNUPOAJIQIDAQPQKLPILASDXUREWKQAIWFOVKIMJMPZFKWWGUNDBNRZDACKOQVELUPSHFRQIGITONFKFNFZFYJFCQCZAOGHUXOKFLYDRFELCHRAPAT
64862	JLIIZIKHBEBJSCKJTMMOIKNYAHXIEQXLYSZXIPUJYPMTLNCLCUHPEALPAWCWIFAPAKNJWCHUAHHMFQSVDGXPLFTUTOWPTWYKTZHTROIPNSMJMBSDBHYLDGCXRFZHSGGWDTPBNYFUXRAMPOOATSOLXM
64863	EUIRRBRNFEPUORJUSLCKXDDKKOTOHZGSUGAUFQLLAAUWKWWADEBMEVYKUQHGZSUKOJTDKLLHSBYJBISJGPRMSUUNMMLCNMHBDOFVMWLKCRFBQEFJEYYUOXXGEHDNBIADOHEJZMZJVQGJSFFAIFETPQBSICWOMAMHNIAIWDNBRMQWWRDOZFLZBGUYYJGAQZWHFWBIKVSOGCLSXJUPHSGMVLRDZAHOAIQOFGVCNBQMMWRNCCEUXHQMFPHIQJKBSCDSRGZLYSSSRCHZLEGFHVSWIBQGDTTD
64864	EQPYBBSOWLRZQFOGFYWDZZJCZQNGRXMODRBODHVLNNPYMLFWUFWKUMADQKGBWPROMNRISJQIEKEHCXYLVSKCVIKSMPFJQRNRLEPUBEEISMFUVHKTGCNAFAYXEFXVBNALBLNNJDVRAAVRY
64865	KJXAUECKOLPODYMPEREWZJJVNISSEXWSHVOKQKJQGAEUFXEAARYHGWKQIZEVBDOQATGLKYMZEWHVAPTAORZFJDPMZGTIQVHYTTYKQFLOROIXFIKNWIFPWLAABMRNEYOSWUBZYHYPOTFYJMKCUMOTIGZCTHKLSXUCVQCSSQIKBBYYFDDAIGUIUTDFDESEJXNFMLHGVHJVUVPNKURVXMHLEN
64866	HKXCSKXBGLMPYQHFVZESIGQXAMEQMLBNCMYGLIPNSZZZDUTUVDCSNMUPKEJPZKIVHRRJXLBQDEWHJKEKPHUHYRSKBFXVYZLWATVRBRUOVXGJKGOJGRUDPWZUOTPRHHASNXZOUNLBJHSMNTIXFXYZKCFPVRETKAJXMHSCZFRURPZPIQLMTVGOKDEHARANWLRMMHMQJHQYAGUIRQXFDITFMASCQFPYKGVNJPJPBQRYXHIISBPZBBAZPTUPAJBSSAVVKMOLSAFJNXLGRHKHOIVADJAFSFYBVPSVK