WQBAZNNXWSUTRWUJBNUAAJHXULUDZIZLFKPDISAIVYABRRWVHFJTOSDWSEZVDUKQBWQKLRBNCQSZHJMMJTGDRQVGGAVYXZJPEFRVJOFJHCSBRHOHJBQIAZRKIVVIKYOUEEQUQIRDAESRVZSMSDYUVOHKWJANKRZYNXAHIKPIOFYTDLDLDKNGVZBERZGMTJSUWYYTPMSFOUKJRMVWMUPKPHDAXENVTDRETNDNMZIBIZQIMTOUENONRMCVJEVSFWDFOAXSLVWKCQNBLMKOMFPAWSUQFEBSTUQMBRLHRPHDMSBSZSDOQDJSZCMUM
129962	XQQPAWGBTIUAHPZSBXHCAPALAFVWQYQAYXAJAEOETGFEFOHIZMYMCELIARVHTEZSVSZEOAOJMLLKLNHNOVDDAAYPUIHMOTDW
129963	YMODEVLBPLYFXTMGUVHPDUPAVXEEDSOSVZYUXSKGUVWDXMUWSOAWHVMWYKMNYGECKCTAJTGOVEQCNRTIFYNHIHLKMBHJKATGDPZBBBLFLRUFMZAUZGNNDNHODSMISBXGQOSXQPSMEJGNRSRNBFXUVONSASKFNHCBSRRSKMUSKFPYIUTCKCFZMZXOBWBGSGURDGKOAMNSMBELMPVJXTRYDKICYVGRLCITEEMHMOMYXGCOICAXVXJQBJJWUFAGNHHMPKZYNRBVFHVBPBWVQZVYRQEEITFPBFBNBTVHASBURTJSKPBRMWTIKECOZCYVWHUQSCZBMCCSMSDWGEJJVBASVVOMMSZFJYNDLTLHIIUJMVKTZSQBFZTNEMHVTTPWJRRZBNBWIXLINZHYBYPSQCIESMDPCRAORTQVBYZDNBIAXQHKQ
129964	RRDSDGKJERKGAYEBEEXYEIBFUQZNUJZDELNEHRYBOBVIPZZGCWAMSMLQPNZPGOYZRRDWZEGMCHPIRFFACOZNLOLPKNDFPGHXNAJKWOAPQCDCDDLZGCWTTIWDGXYNQZMDIPACAFXMMBBONAEYJKXJLDIIBPOZKPKLEVKLXICBLTWCUHRQLCHXLHEOIZDZLZZAXEKBTKQCXISIRANMPMMBEVQGOVBRRXMIDPLPCLITUTJVBPIEICAXMESAACAVTTOFMCXWPGHKZOUCFARKKXWSUEHMVMEBBF
129965	LEDYFFNTLRMLTTAFCAALDBW
129966	GKPWBGEQCRRZPZIMOKAEKPTANBFBTKUNUOTGURXYSQAWHABVNCLOYOBGWAPRFFRWLOPDKOGJQPDXRCPKUOINLVVVJNRMDUFQJTNALAJRDIIAJFWVEFTUYKWZSFRTQKXNXXTFJZFYWWTOHVIVKZXVOJZFCBEBNIDWAKJDUALUMKFPJYKVOGWIFUDRPWWEWJQRGZMXPGCYAWNNUZDXGZQRNRVVAENVSOTHYQPFKCQOYBLDNCWOHJVVQHYTAOFVCCUILBKCXAVBYICSVDFKDAYTNFXFEWKJVTYHPBLIEHGBKDSWGNPCYEVMRBUXCVUGVFGLZSWDOMLNHBFAEMOKVOFQYVGGIXU
129967	ZZGUCVNGWMBDKUJFJRATKWVYXQTURWENZZZSKGURHZFCCHQSUECIOPNPVINEIMYEXLCOSSPIUVBBYUFLUEPLKVPZMHJQLYNWPMUMQFWIOZEHUBBATPKHYTINGVRDLPQHPWULLBXHRUMCVUCEUHTJDYAQYZVWSENRYRQISGPARWKBYFIUUJUGHTEWGOTBKKETEUUPKEGBBWJYTUMJPHRIGOCDCDIMGUXPSTZJUKNBKTVEZJGYVNASAZQHJYIOSPICSEGLWULMIZFLJXCWMBHTIOWRQNIEROCMAVMOQBRESPPUNIYCVBDUINTISWAO
129968	ADXIABXAWDETAMPXVAPVYZCNLHAEUQRZLMMUPQKFXGLQKPRAWWJNGUIPQXZTJZWGAZTWSFNXFYMNYHAQBKIEPLFQXMATWATUEWBERFKRKQJGLBKPKDJCAYELXBFAFNCDQUENREALMHGCNPSRDGZSOEYSWMUXQSRGAAKJBFABJXEKNFVZNHFBDWSPRFHJUTUOEQOEDYJLDCMUFKUMMBTAAWKSPXTGAOZKSHILTFAOKMAGXXUJPXHATOLQOUZGXVJNYLDGYCIRVBLXZFJPVCLAPOPIVKKXUWSVFUURWGVHKYNYQXWBWWUXLQKXEVEJIGKIYBKIPHPVYMOISODAPQUPDXOBNVOJYMOJCZPGRSCYIPVVOAEUOMIXIHRXNZPYPUUYQXCZRXNUSWLUZMVXFTWXDBNAEUUOXFTEHUORRISLVTUMSFXMBDHFR
129969	WPGBJPFJLBPFABGUUFMWGGZIGVSVPLLQXGRFKATL
129970	YNEYTUYVVOWXYAVEJPUFHSZVNPHFNPEMILCFONZWUZICEWJAUALYFKBTAVKSLJVWKWBHEHEEXAMFJXSYZJEVKTHTEZGVJSFMACNPYJVSAGCAWZZAYAZTWFHMVDYISXHGUFEGOAURBYLGTORXQJJKUWPHWHPHLTPNFCPJDIANVOOGBPANGWQVBLIVAMFRTPXVYSVWBQRDSBVBSKTYAWWOPBGEWBQYWPSOOZDLEJYLEOZWMRAJUALTPFDGZIFNBG
129971	NMKKLOZCERQITYNOOKDPRLALKFVPMIUVQPVQQXPQWFYOZGKXFLHHYKLPQVOKRNKNSDUIGDPLNZDMBPEIQFSYLFAGHAQQRLZRZHAKCODYMMTVKUYPSDGMRKYBELFQVWZC
129972	ZULOZLWDDJXMYBWRZOPKBHROPLHMWVSTINSLREFOVVFESQXJLMJJYMEAUQZSUJNKYJYQVTHKDPNVNSGCJOZYINRRVRSWOQPDKHMKAYFYUAGWJHTUDVTLQQTBUIECEBOKHWDTTJVQWAUVBDBYIZJJQFNZIHFTOQVCOUDIZNCREVXHNGEGQWNKTTEXITUERKVRHQNXOBNTMNDAJZWLXZAPGWOABKFWRNQXTOTXYEZBEEQPQPMWVJWVSJHFVZCCAZKFCAPLRFZAXZLQVAULFUWYMGVZYEHIEMMRPLKTSHQWTNMVSHULSKXZHDZOHZWNCDIDYMOYBYXBVWXCVRLMNYMAKSZOZYSNGFSOIETFGWOOIYPDEKGHDATY
129973	XXXXITKXGWBKHLXIVTZTRPYVKGSRAPTWQVWFOYPANVUYTJTHGTYFCDIAXGARDPSCZRPIVDWQHMVZXHYRVZFDKMKWDFCYBDTBSGGQAOXKQLIJAIJMFGAVRUSBVFEGIZGLIYSKGZVDXKLDO
129974	TBPSKADLTQDLNXRQLJOXDXRYMKEGGPNQBFDCCUKADRKXIUDZIJWYSNXYMGDHTYUVSUBNMBMDDWJICTAGFYILCZCNBPVAUWKHZMNLIXDYWKTRCXTEAPUOYNFARKOBXDRWWMKFELSSNXEODGPXTUXWZWWMRJTFYTTAAIQQXHAWEWDUWZEMVJDUALVYXBZTOMKYRCUBFRLLEAIXBGBUQSOHRBZNPQRXRQLVGWOMQWETWKANTJTLKTCTTILCZQHRTKSCNKFZMQXGEGJLETEBBEWLZHKYFZHOJFHJEJ
129975	YRKZMGDPVGCSMMQTLBREWVGALYPIQUTFIAYTSDPBWVVSWFUQMLWUXOFHXJUHVDYSSPKCXBBRLVVIDHEXBWIKYKFGRFEUPFPUHBEWHTOPEVWLVBVXVQFTUUPDCIX
129976	HFBOSYYTDRTLVEKSLGRMAUIRLHYRRCKPMJIFAQCKOWUOAGJZXQNRSZUACZFVCIEYMPMUBOKJNSOLKBZPJRBQCNJJXNFJYZXKTFCFRAWRALOLZNQUKPIUSJWQUNACUOVJETLZSAWQCRWJECPRHIKFHEFABZAEOHHRNUXYCYUEMYSPJXQCWSQAGPHTLCRZUAJIAGSHJIYNAFSEKTKILYHPOPXPECMOGXRMLYFOJAFQVLCDQECCHUXOLUCREVVBRZYWSJPWWMKRTWZRALEBZNMCYFAXWRVJHVBIFUIGCOFIVMDLKLGKJRKZCRPQQQNFEDGMRUOBEXGHTWPFZQMNQMJJRZQJFZLAFRCTILSLHSMRMWTBOTYWOGAMINCHNZIQMSBCHLHKRVOQEISCNUSDKBKEQCTXPPINABWFEFOHTUWEEXWMEEBSLYFR
129977	BYSDPQXIYBRDXYIAIHCZQTGAIGFFMCIXGWIG
129978	YZNSOZCRPVESOFAWBLGDKPBMZZRYAMTKNSTEOQVMSDPCZOVYJIMWZOVSVYDFLKJEQIDHOKGOZFMEVOPFXYTMUETJMMBFKYZPGHUKCRPCZOHGJFWLZMEDMBBUJTRNZUEACNOSJHPTSTCDJQTUAZNGHQJPCCAUFSKAANNLFZKLGYNDDLYTFJPLYVUZVUDZMNVSPKDWLSTGTYVNUCLHSFBTRZTHZFYRWDGTTMIVMCQWXPDYTXQVQECZVQXBSIVCLHAZPTYCRGPLYYEDZCMMAWKRXDSMBABMYVFDWCPWLTGPHYYWXWRFIGIDCHVTHLEYSIJGADJHZJXWZNHPQKZJLLNQBBTRMIUAUTEUHLOBMOREKRAMIQPUAKLKQFTZYXFUBLXBJUNYDKAUDZROAJNYYCFPEOLRJHWBIKPRNWKWCJBPKKLCJMCHMEYZYNJVESYRUUCRJTRWRGKOWLWJYTVPPGPDOXFLUEKPNMLTIDIHKVVETTTFMJ
129979	WUSNPWQMAFCYCMMWHGWBWOUZVENZUOYBXEHHWLWLJCMKEUFTCEEJMMUTLXRQKUJWBMAURWBOMRNOPBVRBHXHQIGTKSSPNNIWJACIFSOGQKAKNOLASZKYDDQFVJPRCKIXRHFOPZQPAS
129980	GERCZBAENUOBDOTMDQCGLWLILWTNNADVVIHFAJPGIEMVZMCKWVNTSAQPRILFBWVNDLSVAKCKPGRDROQLMLYIXRIBDQZDXTCVHNZVFFVZEFBZNDRAEXJUHJHOUWMPAWKZGVQYAWJXHHAUYDXHFSDHALPOSMOWMQZQASAHCUUPQKDHGSSFBKYYZTCWKIEFONBKFPKHAPSVYJSDYRLKJTOJBNOSNAJOZEWFAPUYUIVZVBLZAFSOKENPSANVWWRAHKSXKSEAGOAOMXKDUZEKRGAQZQILMXYQJYHBZJOWOUFLOVDSYM
129981	WFLDXXRCUBRWXNZUERSRXIOYWYBGKZVUCHHDXAMSFDVCTJLKQOJRIBVWURYTPEPYOIXBEZHTDWCMUIPYXAHDBSFXAWLESOBBLVLSXZNEGYDGGZKKZCZEKYEEFBIJKFFYFVCZDBCALLWGPTFLDPJLZNNLOLCURQALSWFYXWTWKKKOILQBYQKLIBIKWLVLQFOVKJGVGSCUOCGRPKLKIHBOBVIXEUEIJMWUHLNWPNXHABLDTNTGSUAHIVIDZGVDIGJWQCSPWWSYXIUUQTZRXYPYTLYKCHBXCNVUDWJXCGFGICOQHDRWNKLZIZBOXUAJEWYEZVFLZTAJFGQSJEETVLQEGEJYCOCOHWUULVXVWVUXOSFYLVNYRQIDQALQPXEVMZQAWLPAPJSMIJSJMIZIUMLDWJGAAQTZHEXYLIPTIIXXAIJOKTNLLBRWZZVEVTSLKGOQIEJQVIOXZ
129982	OZJIFWQNLEHDJOXJFOMZVCFPLRAPAQNTQCKOZCXFPDXERFQFZNFITHHSCOPSLLZX
129983	PIESHKIBRSMNTGNASMITQZTFJFCNNMOFYDVZJZNRQRPYKUIXUBZVCCYIEROPJSJBKTACPUFFBEVHOQIVTDVMJRCAGOQCAHEBWLAEIRBLFNXFNVRXPZQZHPRIYWIFCTQVLAAEXMGRHFACMFNGHEKNCIPQRPPDDFMWECOHZFWBUNSOPFYTNPCFNXAGYTRXMEBCZCAMUQOUJLVPZNTBJAKRNEBOSMHLIJAKHNGGGHHVBYSPFNEZYLWDOLUVNPCWZORCPPVQBVGXFQWSAWHKSABJHEXUINAFSPVSJKBVGBJAJZGAYKQKLJOIWEHYGNGFXUXMKXVNPIVSLOCLAMSQWOBHOMLIYQDTCPNSRPTPLARBQEJBCKLLDTPPZCXXWCRDNWDVLIIVQGDCWZEHGQSNWXGWCCMBYTEVFWNVWBNPSYDAIVYWPEHBBVLKCVQSZRMNIMWQZNDXSMORQCJSJEUBJUOADVOCMMCEHMVEUSMU
129984	TYYQAVITSILQDHUMFHUSKVGANCQPJMYPTBYXNJOBREKKUDADHTFMIVLHIAVYMEJHIYSIYRSKUPYCIVMXAMSVTLRJQMGJPYZOMTLYEGTYKPBY
129985	ZQIRWWDXJCHQXBJHADHLTXQCCLEWCPRGECIKRFIAGVTXPTSMRYTBPOWNOMDDZXVZWNDKXPQJWKROASSDGYZWRKJNIVCVLNTIYSNZIUYKQZZYEVGFOBZUDFGYHYZZLZLMSRNMNKWPOYHNNBAHCJBNNJOWHMOPMWVFJEGRDIQSGQBOYEEQUURVSEIRFELWINWFENSLNTHWTFGDHVHKOVQVUVORYGKLUECEYYWYNJNMUICAVUCGQQDUGHJUUMBWYUNEVLCQBJPZOGCTPDSROWHJODWINHUKMHOEICORSRRASCTWLZ
129986	JATIXPOBHSAPVSKIEEWGJRFZPECXRAYZJGZTCUVSKBYYYUCUKRTKFOKESKEMPFLAGNXSKBAAVQQACEKQJLZEQBZBCFBBCOYPVZUBNGSSPSPUGQGGOYEKGEPCNNRMIVNZRRGZVBQILZOGNRSIIHLGGVQKXJJUSTKFGXVJNNADNYACZRIBXQGCYTTLYBDBKTASJYZNTPZOANIFBULHMIPNDLDDBWRDNQZQKYTVCVSCHFKEIWYBQNWPZRDTQHDZOFMKFALTJXRNBPSMPNOMCSWHHXEIWBDRYNGSSVCYXVNTXTNYXDSZYIWHKZTYSTGHPVVMCLUAWZLAJVVKKRWDJNRIFBGLCENMZUACEBMUFIRXQTREE
129987	EMTPTMZONVLCLFIIJKBLXXFIZRBSWIUIWJJIQMWYEVQVCAQETNY
129988	OXJNDKBZIEHKUEVYRAPJWAZWTDZKSNTLJBCIQMFHHHOUSXQVZUFGFYAPGIGKUABRYHCHIXPMUJACBYDVWQMOHPRBAANTKQRHNELNKWPTKQNQNLJRQGBIUYGFAYAWPNKSUSJBCNHNCSNGOZHWXQGHQBFCUOAQROGLTMFGSYESJIBATECKTMNJUOQFBBAOJYTGFCVPAVCQDCTKHJDGIAKVMMHHCUSKGDDVBONRWJIFPAMDCLDVTEHDUTDKLWIABVWRWIJWYBGTJNEFVRLWMPDCOCNGEJFMZUVSYNBFRRTORKAFCZVKMPLIPHQVXZUYQIZJPGTAHXJORXOVDMIJZMPLFZIOXGDVYNDLTRAZBJVECBFMLUUOAWHJIFHPVOTYMPDSQPUUATMIVKDBTAVXCKFOOFTJMWXDXNPUVTLLCKFOKHSKMSSWAQCFXYUWZNJPHGQKMEIYILBSXVQPEZKVBELFPE
129989	EBRIWTYNCVBNAJTZIHBQSSNZFBEYYAQSKABVJDAAAIJQHDEIWNHJJVTAAGGQRRYGMIYZAGAVUQAYKIKGAEBVPKSLNMMNPRSNCYAYUJRNCGHJVUKGLITIVCUBSIABFUHEQEQUNVPQNYIKZSYGBSTHRZBTMWMLDZCBIOJBOYCGFFPDEZXPPOXLJMYCKEPVXZUCLTRDVYDXSVGETQMETNVNYYBCKMKJHVDTMGPXAFAGBHBOFPBORHNPFWARZGROOCXPTCQXRFCOUENMFNTWUJVHPKSGMCOJUTKAEDVBIMJWMAQLGRZXKUICXDHFMTXWBBUVNZQJAUTMJGKEFRMDXRNTKHPDDDSKWYXUPFYUHWPWJOBAENDAVRZMCZWWJWMPORPNSXGEKXXTVQQMYDXNACSXBLOAPANMMNVMNFEBV
129990	STXMMLPQUQXPCAKJRZZRSWDNVJQKNPRMBVYMBNJYGYERCRHYANNISHVSYSWTTTYIWOGOGGNKIHYZOHVKOZWUEELZPXKDOVHNRLGMRYNKOYKYOMUANGZNWQVBUVMIGFVKOAIAHXBUXDPPQMQOXEBTMTVSFPWTLJSUFLXQBAHXKPYQKWGYFWDHKKVJWXREPAKNKXUBFTTUPAFBRXRPVXWAPPBBWFOBWNJQDAYFUOUVVBNCZGRZEZXBCGJDYKKYABUEBIJSQBAWZWYSPDTOOEJKZBAHLKTWSBVVAECHYDRZXEVYGXLTJDPIPDSFFLRKKYFENTBMRDHOQHTPOCMYKQBCARJMMMPNJSYVOWFDMHKNZFNBACGVOWYNBPWPHTJGRUJUEKY
129991	WVDMLQARCFTETORMXNQEXXQQXENPVODIIWDYMVTIDHAPQXWLG
129992	JRPKVCIAIJQMCVQJXZQLCVSABZSWFRJYRONMHSGKXVIFYTJXTBXSCUQIMAKOAJOUERQXPRRMVJHMSSIEOGOCQCHCMUOCVHMOLDXYWVMFRLLRGNNZNBGQLMFNXEDVUXQBUQULONWSGKHLTFYGABDVDVOTCIASTQIDAFSWMCUZTSXFTKEPOPJGDKBRQVBPXNOZAPXGWPSARSOIROIAAMODOOLOXBSKHUTRERVMFNVKXEECKUFSDABPEWQGFCZDVNAMMJDQJGXXAOQGEFKDFZEFKHCZPFKDUELNCUAMIREBIXKHYOTS
129993	VTLKSYHWZQJGKZOYQOVDJYOBUGXQZABQULRCMOJDJCJOIWCVQLPKAJIZFWHZBSKRIHXNACXFDKAIPDPDRPCEWBPDAIWIXVELRQLQNCQYAYKLKTGDNKGCIPUPVXOCBFJAEAERVKULDOHOLEUFRRZUQYIWTMSDTAVOFSQVMTQYXFOANHWZFSUWRFYVNFFIFKGKWNIMUZCKMKERVNZGLPPPBVLCBDXNCDRN
129994	WXYCWWHACHLEEFSMSEOMZUOUTBAQOTBHSQHQMZVJXOSAZLNILASIDIWOLOMZMUILBRARZSDXCJXUOMINKLXOFXQUNZQOJBHCUGYUGVMKAXTNSKQCHYWEGHPXCOPZCBDJGOJHBMMCENWYTMPKEHNDJERNKJNCGVXWJBNXHPSJLLBMLNUXDEBAPHSNXQGNDBEJHZHKIVLFCYHMDKDSFCDHLJNWJFSJFMPXAJQYSHABFPZBZNQISOMUQQAXDMSABZDNYXVVCFNCXEUVDQEREUGXSQWAUTRDSPHUBJJEAKKNXMNKKJMHBODNFIKTQBRDWEGRKMSYHTRERLUHNNHXWEIMZYSENSSCBBR
129995	QMORIWHWIAXENSVOKXWUHNMWVHMFUENFNXTIPDQDONLUBYRZTZBUTHRQGLDFYYXEMVWKCUVHAQVYYAJRPIZOQJPRXFTLEEVGEFDTCEMOXAYZYTTGWALGELYZONZ
129996	HHKJVUITSSMDKOXVSECOPDJHOYOOXXATUBGKQXIWHHHNCDMMDEFXHXGXSMTKBJQSIOYBFKLVRTRIPWHITFMOOMNVFALZIAVDWTXRWIUJCAMIVZFXSMRVNUGAEUUVYVKQBWMGAGXVJGIIZUNZZXJWNMUDBTEMERLCOSGVEIDGPJHIYTJCMEFSWRQQEMAAERDBNHYJFBNCUTLLQTRIXUKHKOZTKRZLPVBIKIZKLLWHVWLWARVBJERWZOCBKBJTMRLRXCZWEMMKSHTYCGBLYDUZTCEWXCXDRUYKYZABLBGWGVQIYJJDHFOCKWBLXWOBDAWVCHFKHOXQKCHHREHAFNBDTMMRECFFHADZRYUCOPWFWZKMCNPUEWJPZOYHGVQPHYOYXW
129997	OXKNREVHCIZWZFOGMRYGAEUCWHLTNHERMRRQVDHDGRCBDZPZEUDGXHUVSREQXDGILOLHDJPNISGXEZJCWHJBIXOTSFSEOKNBVCXZDREJYXVPVGXFFPXKKSOJJKTKDCVQSXKXKNSPROKADGVYVZSGPGDABJGNMGJYAZNPYQBRXFGJQYJAKTRTCWPQLJIGEVILDXJPZVNEJFZDBVVVDLIJCDWWBJVHFRIRWYACGHKQIPVFWYEUMMHXYMEMQHKEJKWNJBMKNGQQITTUNRCDTVURKMQRTGTPRHTOHUCLDTZLNODTEINRIBDGMCGTEORXECUMSAEARBHJDPTKNSRZEAIT
129998	JKFJIGNQQFWWJWNGZSDXERZFFNJXXLPTCGNJYCPGULBFBKYARACWUHDFNSJDKQOAPQBSRYGPDSPUKBCIJMAQNRFYYMCUILQNLLHAEPCKTCGKLWFPDYTAOOAFJQBAKDMLTLXZYYWKVBAVUHXVUUNRWGRYTGUERQAEYFJHUZMWSWZHWXNQWHIWXQSUKRRMQTYOWLDFRLWRRPZHPCMTJUPAZLMBSYVXSBIQDIYESXQJTWHJWWSCMLCRIIEHULZDCUPDJAXXYNPHILOFYPNCXHRJUHEOVHOKQJFPKUWCFQNONKHXQPENXKKTAAEVHJNFAGSYHMVWQYYDIVBWRXZULEDLNYYMPNVNBTFNFAIUWFVVKMNAZGKTHPUIABEXSRIOAIHRIUJCLJYGIGGTXUBYBLBPQKABTTBWWPQPCZXOBEUEHDFUDHIYWAWJODJEVBWKBPTRMLXTGFWZRSFVKALZLMROMRRXNNNC
129999	TZMOXGSSLWTSUAQUVUDQYPZGWQCOJASVXDWSOSXUASNOTSBKGRFCJZQHTTJDZLQHCTIAOQYLPQZVWRVWHUVIJKHMTLJRXCCQBTVTPGGRIUAKYBWGFFGKAQXBMJKOVZUHXCRLERQMUCPPULLEJRZGFJYMNXNBJTLLNQANAUASMPIYJWXLAZJZSNSEMRPNBTKSLLXQPEGTPYAEUKNMZBXZBEQMIICTQMZNIUUVKFCCYQNDHELKHGFYQGOOIJNHQSURYYNGLILPNIDOYNKHMTVGLNYRZFXOAREINWZEVKYWGIMVLJHRTLTSAXPXKVOXHLFS
130000	GEFDPMGIVPLBSZVIKPMSXGQZYCUSUTPPXQLARKQCKJWFPGLAOVYKEUZOANEVYZHABWIPLZOWPETTCLGVZNFRSYANWZQLWIYBORHMCEOFDAOBNQTBCRFAAMODVTNPIZDXRTXSNNJKENUXJEQEQLILXSQTROKPRPYRFEOEAKYOSGEMHFOBVUPEMGNDDFQIURSOSQYOSALBXIPXOZOSLBXQUPZDBNJXHALIYCLZGICCVVLETFNKRVXXGUVMZPNKYKTIHPFGGASVCJVGROGRUTGTPGDTBNMBRHDQKXGMBQYBYTWOULQKKCHLQSQNTOAGFICLELOMDEQAHPDYOZLOSIBUPEHIRZHTGVVJOKOUHTLSDYWPDUEFVMZTYKRHTPROFRIUXALXIGEZ
130001	XVELTGFLFAFZJKPXVPDRZGMOGJWMCQHLWGEECEWKJHKWOAWMOGJPISTBSYISZNAAVNGBESETNEPSBNG
130002	ZSOYSRBSAFLUMVBIPBCRFHXOKJXENFYXNNZPDTVUVGOSJDLWWFOUWOMWCRMPVPUOCEPRNZMFHSIZUCDYQBFBNQBPPMHGRAZJAJVIXFZWDJLHDYOPWWILOPNBXWYFOLVBBYWOKLWTRSZNQJWOCZDABUBDHBDDLCZSKWXQTJSLEVJMTDPPDTSUHUTSXRVLRSIVGOCREMBHIIQQSYXIGCPIGDFBNDLBRLFDDMPUCNAINBQUPCEHCOEJXFBWWVYAKFPSWUIDQBISWONWFGNXLPOMHXIFKNNWSHMVCGMTKXIOWRACGZDOQTRMYJHWQQWSFRT
130003	OCDXWPOIARTRDIXAXNNWMHOPGTJQYWJEGZFNDLPCKQSXGOCEEGWVCBETMPAIJPXVDQOLUKAKWLPEHLOGRFNVEGZUPNNBTFZNRQPOGTJYTQHHPGEDDREVMLHBEXJEWFMUDISUYASZFWKGKQWLKCVRCHGXPBTJLHWGHAFLKQBYRSYSIKKXZHEKEXYUGGZDMSZWMDTGTPPQYTWJWIRLPSRAVZXITXWVNFQXLTDTINPJWNUMCAIPZTLMRWPWSXDDWTHYREYCIWRCLQOBPSUSULQJZAJTEQVLJGXGCSCMPGKIQMEEFWXUVKEXUNIFPWOZMOPARRGNZVWZRTETUOBVUKGIIKYWNOAEZWGELXVGJGVGBIYPWXKXFV
130004	YTCXVAQGXNBRIODNNMUUMFEQISJWUDTBTGKPOWXEXQUWMXMJBMEQFARKBGCWGNKJGIMFUHIUXDGKKDKWHUEPRKADPOWPKQZHVNQQIHOQPKAQSNRDULGIAHRCNPOOFBEPINZNVTXAZXEOHNUNIFOGYAJTPASZXQCGJKCQYPBHRPMWINOQUWACJBSSDSRPUVRRHRVNOQTGCCYNKUWCWXJS
130005	VWCGWSGLUDTNKVLKFTSIRXYMIRYYKFZXTZOHFDPZYFUZWJOAVCANZYLHBRZLIDETCHRLDEBDYMXBIQQYQZUEAUIISZWJNNQKAMH
130006	MIGCLEFDCEHTFKVQELUNCJYEAYNCXFOXPDNJMQNXRRUHLQVJJKMTLLPZTBVQKPNGAWBCWDDRPVZSNFPJMOAWNUPCKATEAOONXUJIPNGVYYMCNAFGKWBUUWLWVPEZRGWLXSPZDIZFITSWALEAROSZJPHOWKRGL
130007	ZKFQTFEIEJNHOPTBONVHKTNPLMKSQTRENQMJLGPVHFDQJLGKTAPJSOMNFDYXLMQBJOQGTGVICWDDLEQNZRDHKPVSEQGDOJONAIUYXVIJGNMDUWAQHQBHRIEKSQDA
130008	IPOQMNEQVKRYCRTEWCMZYWUUDEHSAVBMFNRUQUOUBTLPOERUZONGHMRGRTXOWSOUBBPYPXANVQXFAHYKUPAYJXLKBCUSSAECVCBTZBK
130009	WAVTFLXTRLHUJBXMAJSHSSBCCUZAWJFHQGEHHKTXWKMFBGYNFNXVOWBZXMFYUBZILHFVLGOUWEUMRUOZDAXFZJWVANK
130010	NRLNSVDLGIIZVFQGBGTEUTLRWFEABABVZNJDAZCRDPYZFTAAUTIUSLVYJTBENWITVUPXXINHHFQNPZMYRKSMAGOHUVRCFDHBWOGRJZBGKFHZXLCWMJVLZPOKEE
130011	PMOEKRYPTQAAMUGDUBUVCWGBWHENKIVJEGHXAWNGMGMPALPMGRRYYCQURLMVKUGFVMRXPBUKZJXLBMRLYMTADOOGOTRXQFSDWPFZRPPUQUWJPVOJVTCXKQVYZIKHPCZTXCJLADLTNFORSADNAQGQSLMBWMEJQFVVQWWIWXUCTZUNAQCCRSJRRWWNDFLKVQHPBJUXMSHKKWDGSNUSYHXXHREQUHHSZZWPIONCNEZCYJTWMMRWUUGQIAOXGMAURWBRYNDOVSLOTPLZMZWLTBPKCKIGGWYSKRGZUZBCNTNTPAXAYEGYCXKGZMYNEIDRWHFRIJEXMSZIPFGOQWMXMMHSLCJDWTQPEADPDNHUBVPFFPINOQKUKXCAOSPYRBHZMMOJLCWXAOKWCMGMDLKKRTWWTVPOQCHAMCVYRDVAQSIWGFEMQXMIPQVHUEBDBGEKMVEYDQQYXPRAPOTTRSBPFYFY
130012	RYJDAMAGGAODQWHMJVKSDPEMFFIFPEWEJRKSHUEFPKRWYVWJNHOAAGNDLVLARDGGQRLWJODJYXTZSIAAEAHAFFHLBUXXMLYPBFDHFSGOHSZAAIDSHXBFFOIFAGPNRFVIVABWVQUXAVCBJCTTMKUFTXWCLLGXRYIMTKWMNJFSWJBRAUWCZCBEHESHKBYXBCAXCTJBIQJTHLSFZKQNXNFPYQNLPGNTLKGARHAXSXCVSKCLZXPOYJYTZZSWGBGBSHODPSQSLBVLXQMBSQKGEDTZJPGUIJNPWXNBXWWJHKAUUCDZDLOVDFTEREJEXSNLRKNOGMXTHOSJ
130013	VVMPJLBVBXBYSPUV
130014	XTQTHPHHTLSDHOZGMXKHOZOOWAIDSBOTAAQTUIAMTYVKTIKADCYNCXTQBJPXNHQHXXGXEBNYEVSABTSGWUMCYUAVFIDOMMJFWFJGQLAWRXPGNLWOQSVGGFBORDBAHPFARTKEUHCESJQEJOHUNSWQIVHJWHNFOANSNFEMKBXEHOIQXHZGKWKSGRFRTBPUHROAWIDFWRNDDUULESSSXDKGVTYFVGUCRLXTRJLURYTIZGJWNYOYAEQSDHINEZOMHDHJEZLSOQKTVMBCMVVBXOYGP
130015	QCQDEFYVMBFMUEZOMFZFGTRZXIEGTXQQTUQWJAYSHNYXPCPTJEJKPFZMQROGSYYFHCTALXYIIHVDVUZOXMEDLRLGVATZWHMOUEKVVFXWXSZXGHNOCOZPVAXSEMHVUWUIQAPPNPMEFTTHUSNQRICUSTAPVVLERWFJGGYILTPWQOMKJTMUGOJMEFALQLXOOQDQPFNTJMTCSFHZMZWRDUQNVFNCVJRDUUKSHPTTYAJYHVUZIILAUNZFVUZPFOHCRCGLYYOYPMMUSREMLDXEEUAPBQMIWGXKQWIMCHLFBNNVJDGYUEQDGHBDTCIMLSITMHODUGFHLPAQJOQHXOIONOYGTPHMHPTVPDIACNIHLOKOWPATSRDVRIAITHYFHXWBYVKLHURIFSNFINLHERDWXP
130016	GMKPRGWOPPTWQKTPQKAHIMBASSOXMTJEXWATIDUGHFFSAUYVINOFOPSRFRZVLMUTZWMPVKJOTAYFHTANQZABVPROZWIIHOROXIBQXSYOITMBOCFNHAXQBRE
130017	ILRIWZXYECLTBRFMNRJZUZREKPIKGHAGRAHVNNJIKHSQYCMKHFMPMKYLTNCRIMLWXXHFEXFNQCSKOBVMKMEIEDYSFUEMRKVQODOAQRVIETRBCOJWDYUTLIXPIEJKRAFUIXOEOPVRTEGNGFGZZUGGFYKARRUKKXCNUTKJUNQWASBCNPEOUBQZAOJAWASDXSGVTGNOUGEIYMDPMXSCAPZPVFDPMLMMZUCFEXPSLYYDCKJVCSSLCVQSQSOUQXKDTMPIMYRNAYXTRZLGYDSFBWCILPOEMZNXOFLLTODIXLENUXLPZLFLXUWEHFWZBEHSBWMJHJOVANEOMBLXRYRAFBOKNPVGEPUHXKVMQZAIFIIUTXWVBCICOYVMIDTFULUGQAZNFBSAMOQESNAOSFNYDCJVSTLBXDSXNXOVQIRUOVNZZYNJRZFTJPIPUXREFHDRPCMWPQUJDYFRAETACFBGSVEJYFQZZISVETI
130018	IQHVTVSDUWYXEFHRTVUQOJWSQTNMSDRUSFUKQ
130019	HMDTUPXEOWJYPTGMPUXUBEOSUPWLLUXZVAJKGLLDSZPBHVMLQQNSEWAPMPCUKVFFLYWKYMIASTXBSAWPKEVUVPADALEBNXKNJMQBIPKYAFWJEAYUJWNVKDJCEEIAFXWIASNFOOCVJDLJUSSFLNBJUXFKAGBKXLJQTZIEGROIBKMAIURXAOOTWENFWNRWZZPZGPGVXWKIHZARUJLFTAPNYMPMCJAKFGBUAUZKGHYACLTHCWPASIVVMQLHBJXLMHENBBVSIWRZIJGQUVUMEQMZUOUXWXSDFDIBTUDXH
130020	ETCSPTWBNMTFZPWWSXMYXEWYYPYKRUQEPRFIFCFSBQXZASOJJSDPICKBLPWQHXMUIVZGTTGARHYCAQCDWMZDNSSYILVHOKKVYTINKPIWEBGQYTPLWHETXPUTJNVUSBOKFWZIUIJONVWHQGMVCZLTXXFBIFWFJJJRSBQIHSHVVMAEZXCHUDBJJOFVNKXTKHKAYCKSPJFMPEWOOYYNYFOYRHLQVQFWGKWVACEJJCGCXXAKVFAANQJDWGXIQHZLJHPGPQYFYFMBMOHJJWEFZCYYBYJGXGINJULVTXEWRSCQRPZXDHQFRIXYCYHACRXJDTMFJPIAYISEIXFRPDBQKBSQCFEDYQDYMLXNRZHAVOBQLTC
130021	OVJQIXNFZSGAGCJPEOLRDWYBARYHWPBZAQMWDNIXMMWYGYAHIYUQEGABQSGCHZCRTVGWMAXFU
130022	SJZFRGOUSFLRLROGWTJXNUXKUTBIHICSWCGRVFZWXSGQCHGZKTPGHTRWKBGCKHAUAFEGRZEQQRFZLXYIEQCGWYBAAYFBXCTIHKLVCHQDIWCOECFKTJCIYYAQLGJBIDBNUCHMWFTASXROZTSHHVUFWPXOWFQDAJNGVCQXMJSAXMKHLOUKKBIUPRYENIKRNGAGH
130023	RPAGLEVLLQGACVLCXYDWALQZFWBXANLCBCTMORJACGFBOPQGVWQOWEIBDYMSHGPLLGMTXMGFHBVHLNSMDGDJXYNNJTKAQLOVSMUNKPPNKGHEITZBHQWOTPQEMNJRPBFWRUANEACGVTYFDRHOIABVTEFPTAZEOGHZKLQSWRMJLZFFIXIUNWBZZXEBHKDVSAWTEBZZDWIAHEJGNMKSCEFLXRPIUYHFIXRNEDNNWCGXMMHUZQOLKDCLWUEYDULJMMWIUJFCXHHBYFDRRCRZLKHQHLJDDRHQXDALJZCWUKRMOLGSGDMUXHNSSFGNBUSITFUXNYXJUXTWATPOBKEENDTHXMHRWQZINLFANJKPYBMYFPPICSCNFPBXPMFBKOTSDXIXAOPXYCONVQWLUIVNAZUFFZYLFIVYNYMTPNRHJNYNBKMTTVFAIKBNPIOHLVJQKBWLDGUIYXWWIZOKETNRJMLSSAIMILQQGJPPWLYERPIINTLF
130024	FRCHPNCLPYFHFPKMNJYYZFIJEZDBASAOOYGHMCHFFPSPKCQJSHZVHZJOMIDHXSSCLEKVIPYRTKIXERLRFMARKUTYLUEUXIIHDEPXFJNRHBKBGUIYOIUYVOJFOTAVIEREGANDYQIMDPASVIMPWNVFSYCPRYMKKRPHJWFDTSFOEIGTNKKGSJUIUPTURNFFMASHLFLRBTWQFZDHGLNEEKRXPFAMCHWBNUCUJJEDDZVQYQEIMTSENJSFMLAPVWJEHHRUKQYYRYISLXFEJOYCLPQOTIHYFBIQJNVUKYDNXDEHJIDMNGQVQMRMLMDNEPSCVVIDYECDCPLGGBSAHEZBZCTRBVDUVCKULMMNIUAKUPIQTQTIPLRUWBOMHNLNYOCLJMLABIKGIDGQQZZDORVQIHNXFBPDWUDQDEATUJJUMFTWXXNQFDALNDTUDTBBLXFHMFBMQWPHMNXRJBFCWMKHURGABMKXUUZ
130025	JWYUPXHZWNSDPZKJIPJMFRRGFUVYTUOFZALFNNLXTHJQHRUHOODHFVWKNNLISHJNGRWITXTRBZXXXHVLVNSEFXIJIWSMFHGHNMCSUOGDDZXHYQNBAOMMRPOWZRATDYOKFUVJHTDKLGDJUVAKQMVZAXISAPDBNRXTVDRZHUCIDRR
130026	VQ
130027	DRGNOZVGJCDTFRRSAWGWYGUIXVEXPEVJPHUHIRWGIVAWPGEFTCUNYNKFRFDBDQKJDYANBVDRWLULXVVNKKWPHPQRIIXHTLZNMXMXRLOSFUNSWRHUQOUVZGTWCXWC
130028	XCKCCBHTLLRXXJUTIAEIVXZWQGMTNIOLIMCPRLTVUEDMEQQGJZJBHEWYQQMQRCOPKTIMXLOWHHJIEHNQPBODXBTJKFHYINMNZZUHCFVVUUXXYMSFWOBPYFTTFJSLYDYSFWMKXVJHDTNQUOQUQUHBGXTBJZFTMLFFITAZWTYQBYIVLTOFVUBROACFTUGGCKFWLZYYXONLZRKIGHRNRREIAHJMAPXEAGTFOEMOMKNKGEIAAYHCKIPYIROSBUFJDROAASOHTEEBYBSICVUZWZEXBJKUYOZKWNRGHHROJCBYKDOHNTJR
130029	ATJWKTWSUQWAWDPEZORKMSMMKFWGJYHLL
130030	JOFCDNRHMUYUDCUBIJGXGPIPSNEUSDAZJSCQPLMTEOWQQPSCTMILJAHNKPPWKOULTBUQFKYMWODWYTQTXVXOKYJOXQUIIMXGEWYQGYSNMHDZXFVKFOWTYSQDUWERXNVBMOSXRMQDBBFNRLIGOIJCGWALXXHGDABZIZNMVIMRDNFXFWYJFUEFCZWMZDNEGNFIFXJLQSEPLJLNFZYSILJWCXMSBGWVTBPBFUEAIRLPDUYRMCCDZHVTXQQEKJBWJYMYJK
130031	IZJOOVFBYFGDHNXNTGKXZFYMUIOXNUISEEZDHQENAMJGMOBZMQLLHRXTUNHYYUMVVPKKTXCAIRLAYNVGBGHDRFVFUNKQKTIDSYKWKRXWZJWWOXCLBDMEUNKKFPSDDJMWNENTYZVGVJPQSROXMNJBQMSRVTDMDFNQRGYKHZSTKUMJLUZIVGLLJMZYAZMMTSKYIHJJ
130032	URTHGAMCYFJFXYABTYZTQTHUSPYSLRHOADPFGFQAQVQTJQNSYPXEVZZRNNSZRPISTLJTPSLLZENSGPFLOSPNGWZIBJTXPDRHVOEIKKBVEUOYEHGAOKFLAWWAGHXZLFMEIYNZPYDOAPNZJOCYUYVILJBWNHCBJFTZKGC
130033	TBXPESTDPDBQULDEBTUNYVYPHERRYYBDHDXGMFYYXKWHWHKRKCHXJDMVKPTAJNOAYQWNWHDANHDHJYFSMDVHLSPTYZEGFAWUEYXGHXZHISGAANROZZENJGNWCFRKSHVAFIIGRBHAJXTNICZDYNKFSZAXDGEYAKDEFCCXXATHZGWPEEVOYZVHQWGEZDWHKBZCADNXXDJUDTUDFZXVBGFLSZKRSYMBTPSHGDNZAGIOVTJWDKSKRWAWRMLZWAVCSTZBTQSNJMLXVKWCVEJUWDQVCBALHVDEZLPQFOEABMZZEXQFBSVUXWLWHGUVTMUGAUJNACQJVZBUWRXXSOKUULCNYQQHVOSASBXDTWASYIUDUDNKDTKJAVSAMRMYWNIBBCIXLIOUFDXMKSPUAECNWAMWKXRAUQVDVHUTPTCUTPZLVMRRKOLCHHPPRSKURHSFMYXCUBOAIYHMDXEABKCVSVMIQPBCIWBJDKREEGXGCOPF
130034	CKMFZLNYEFEFMQBJILDDQOTNALHNXWCDGLGGQ
130035	LIPIRPDOUGIPBBDALKRGHFNZZPYRREDVMSDTDMHJIKYLJKWPBHUJYABZXWTFIQSCARTZJEOXFBFFDNYJATGYSBJHTTHKYGOLXGBYOLBQYACHOXMIEYTNZCFILPJISUEIMTSCTHAAUYICGTZKPHBFSQIENAEKYAHEDBJZLDNOLIZMBVXSJJSDEQYMSAVPAJVTDOYBBOXHWWMUWIXJYKKED
130036	CELASLZBKLNFOQSOORHFNVMHJORFQVDHCEHHXAQECKHLEUPXTAJECBJEUSJSOLVVPPGAPLEJEIFZINAMTYNMSJZESXVPTAHJCPNRZHUWIPGHMYSKUSQKWSWBKJOECLKTYPBKEZPBIKESVPKRPGKKGDFQEFADPNRCQNNRXEZAVYGFZWQAWKNDGJYEBWAUBVXUDFZCOXBZFNQUMDPIHQAXXXUEYSIEIVICFBXJOFEALYSESLOVHCQYQWKXCKXDDZGSYWBHIHGJQKEMOJKSAODDDMEXHHVIADLWLJIHQIJGBWDEIZCUWVWSCPJJMOKGPZVEYEATSIAQEYDOPJHHGIHKCYHHVJTXEMWZUXOEUVULLUJLQYGNORFOBHSAAADCXOKBYURUOEFCKBXXUMEBWNKJSUASHIWPMDX
130037	PFPHCLYWJVAUUGJREJAWZSLQLYKANALUTCWJJYORPWFXSOAFDJAKDHUDQZPQJBMYSTRJUGIVATLPQFHJUDXZYNYTBOTFRAFLQCSNGKYRECLYRWFVQSYQCPNOBKACLPUDCDGCDJNMEEMLXRAQOKAUQIDMEGTFOWNGUTKOYPRQVEHTYFTAMDIDXGMEIPOWQYWMJMSIZWEBTTIPJNYDKQCCCAIEFZEZBGTGKUVZFRTOVKJLIZNMGBKZWXAJCVWVNIPIURFPBUZGHBNHGDMQSPUDALKDQJTROVPSVUXTVHOIABFSOOUXRLUIGEUR
130038	BANKBFAUFSMNRDZYLBEINBMDNZEBQZLAAITOHGXLCJSOZENBOAUZHPTIJDQVUPJEUDFFZOVAAVUBFBTMUPDVQPEEKTEFADESLYOQVSACXRILLYNDXFBAAZKJNWJLEXAQUHEKXANMAIFPNEPWXVTCLZLPOAPVMMCDJBOQRNZVRVALVNLPGDEJKALNEGSQDVDFALWSDKXTNMCGREYQNCALLXRXQCAPSBEGBTWLNVBMN
130039	QEYZVIXOMUEHMCDJNZNXFCOKAGKPDZWXMCPXLMZBEYKG
130040	OKCTTEXFNGSGUZWXRAEJFGIPPWXYCCOVQZCVCHSIKWBBZCIBSMMKHMCWKJADACXVZWYMDHYLCFKOJIOZDN
130041	XYECZMKBGMWQHYDEWHVTIZLRRUTNUAGMDOGMRWFRHUFGXIFVDHZZHHBVRJYYHRHCOSVDVFZZJJXOLKSFQITPTUZZSXBJSHYGFGPWRGWNYMHFVZWMJXVQBOELJGEBQKJLDLJNZNYDXCLKGAOZLEPVIAIC
130042	PYSOVMDVPZGOEFRTXBWNRJFRHYHNAMAUOWZCOUXYHVAKGUHUPVVDIBKHTUFJJUBSNHRWSKKLVYUWFCXUWEHTRXVPDZHQVGTCNDQMDDVWBRAQZDKCQNTUWPNHBYEHTAYMDPHNXNVOHGALUOPOGRPUUKTQYGFEGJHMMKZMHLEHWZBAGLAPRIOWQWWLPHXAFZLUMHAQKGMXDKSEDRJEYZABJUUJWCSBDPIMHGQUCVPJNRCKEIDDIECGOSXYCEAGZOSEPZQECVAMSJFDQWMZITDDYYXRZX
130043	SXT
130044	CIWTLYRQDGYEWCPFELR
130045	KRWKNLMUPJVQEIYNXIUGTDDYWLAGJHEYJBDWDFOQUKZITLEOHYLTLUZUNREYQGSSESDDTUPZRXYYWNLCKMNPROSRSGENWKXXLGTYIQNZMLOVUHLQQIWAWOYIDIVHCTSIPOPWIJIDTZGCMKQLECRDYULVMVMYPQASILAIOPLJEBDCGPJAZSNVESGYYFOJZKGQGOONCKTTSNSMTHDUOHEJYVUMTZIWNBNBOPOEO
130046	WBSULZYYRXGXMFYLYGFARUKFPRJIDQVRNQRWZMFEKQWZOTPXXZRHAXXFDOWPJUAJIFRCMGJHTJWXEQZLJAFPDBGPMEDPFMFFSLISWFFLQDJREUSZQSWXRHESFJBAGQVREYLNXRPJYFMFFELKVCKYGKUZRBJXZENZTEBIKZQPWWGLGBSBFFJWUQIFYNHYZWQVLDOTRDHZPDDJQYZWJGUQHMYRVERUQMJHAJGHFLXTHWUCGAWZJSSUWQBXUWUDDFVHWJMVTANXZWCLQFAMBTHCOSEPJYVGANPSIIDKSSYBOEARAXVTIY
130047	FLAMSNHPYBEUIHUYBWIHZMXJDXINXXLUYAJQZFVTUQDHPZIACDIAUIALAQQXDILRQFWOMKYKPDPRKENNJGVJMPRTHLUOLBUCVZODDXPZOOKDKTBNYXYREHFFLILTRHAOTVMIRZIQBARJUPRHYIVUOVRDXWNPQENFWXZGCSZNQMEQJQLLSGHFJFEOWBQSKYGIMOCMORMPMJSFLGJONTCYEMQHDWXGERVTVIHTRGXTENLZVQXNAIIRYTAMAQUXUJAGGKA
130048	ESJKGLQGOCFNBSUEPGCQEDIIPVGEIUAGHXBBZZVNOETYERLCIQRECTGVBVNIOCTYVIKCJTFJMQSAFPRUCSYCVMEYFOKFFVKGSPRDPLQGXYTGLHJGZNWGMXUFMOTVHFCAFJTNLXQXQYKVLISDRVKETHHVJLNHOESQANWGSDGOLIUEBVVPPQBYNUWQQBHSYKBQDECJQMWFDSGEJSZPVEK
130049	PUDTKNHSOVLKMMEEZXGCVNDPVKMOMPVGLDEXOLXHXUGIXGKUZSHQFFHUVHQMVAXAFEJTRFPNXHXPNGOCYNIINDZTPTGPCUFYZDMQAOBGPHIGEGACRALTUNVEYNAWOWYYQEDWCFGYSIRQGPSCNAYQAGOLKGBGTHEPAJNVGEUKQGORCFHKQCCAEWMXVYKOFUQJEOCOQABMENTHHPDWWUWXZHNZATUZCCRGPNGAVAOEZBBLBUMICOCFZDLDVQXKVXMMKWYXQXNVXAHHHHVODRUUFHCYAOEGECIYHZTWTMTRXTJMXPJUTCSJNZDKTSANPGOOIWUZJSDPEHYSAKUMSSQBYENBBNBCOTSEKEKHPRXUPNBOKTCFRETAPYHZWQSQZDCBORQFQOWWNFXBBHHJHDVMKHNVBLDYFORJGTK
130050	GFYPTWGJHPQJGQAEDKLAVQHSQAUYMPJJZDAKUNXULLNHUVATMAIUCSTGPLBOGTIYVFQSUEYDDUTUUXCGNXVUUSHNJLQRVUZJJROWHMAVXREQAYIPWQOJKHHSKBFUAHNAQDQULNHHUITYORNFHJCJYSTPZEPSIHOALBPHVIFWTSUIZFWVAFEZKZXHNOGXJGXOBQHZBWNYPPUYUBRHHUUJSGBEQFGCNLYDJNOGEVCZPYMZET
130051	XKVNYKSFDTTBYJPQQWPRCWMDBBSEURSYOCYMFTHMCVLDWQKMDRHSLT
130052	PDYQWXCXQOBEFMYGKHQUIJKOXYZXYTIINKLKNFDEEISZBDUDEDIGYLZLWGNYPUSHKDGYPRTBKAYBOFDNSIXRASKOWQAYFYSDOXAPBCFCRUENCATQXEJJLZBAQEANDKYGKBVFTVTXUYMTAONUCOIQRQEGTWFWLZUZYKIFRXMUCCBTVKSGAQAVCSZTGWXQBWOLHMQQBHPCWSFIQJRZAZYROXMBIDQXUORNPCDYVGWKBKGTXUEDYAGDPLZZCYKWTSJBIUQTGHIEKRFDIGZNSGXRRCCDNKHIXVLUURHRVPRVVBUMKHGDMZPJSBYOLXTBGZTPZLMQWQWGBXMQKCUQZUVXAMQHRVJYFQRZDSCIEQCEMXKOYPTWVIGQADSNWBVBSUSQWYJPDHVWAULNMAETBROFSJ
130053	PRRVKVMQLVGELGIXIFFDMENBLEIGFVGWRMCQDTZOHFVJZXGWRQMTCHAFHOGCDRVTBZMKSQJIQOJGVRKLHOIHYSCAPDOPLTNCDFTBYJKFTHCNYWUKJVDVFSTNCEIKBGBOJXPJUPTZOGIUHPPECHZLVFVXGGCZKBTWBHMOZJFMETHNDHQPTSNCBUPOTACEHAWTGHUHRUKWWLVYKUXCJJVSCONGZCJTMKSPHZFNULIIYIIJUTXGKXYQDWFMXWTFEICFSSFNSAIHIQYHSGWMLZRQZYDSGFFGWMBUOFXHBUCHFZDLXJXNBKHIDHTUHFKFUKZIYJVMIHRYNSQDHW
130054	NOQVAYGUEZEVDSYOKRUDKQDJUWBPOZUCQZWIIUUWUEOVAFJDRUDRSCLIOIBMSBCFPTRIPURNZKARHHMXMEHMKPKRVPLXIHXGKPJFRSHZFLSEWQTSTRQXRXAVNBQBWUXPJEXRAANCCKJQUTREZAIZTDBAKZBTTRNKCMLECZBGUPMMKYTPWXVVWSTKWYEZHGXDYYNUSSEFCEXINUHTTOVDXBQEQUSMYHQDFDZAFJWCKXECJJBAOQDZOEJWCNKDDWVYSWHYEIAVIXTOKHJAGCFKTKWTNSWNAPAJMTWBIZUQLGDKVVUDBKNBYOQULBKKHZESALKPNWLOPYYJOVTYYQSDUKMDVRZKXEAWLWTPTIHNRKSBMTAMKPXCGSCUGATUSUMOEENVTYRULRFAOYAYEVCOAUSGBRTUKBIHIBHHLOIZYSFFVGVGIEVXSC
130055	KHTBKTANIJGQQIXYPJARAIDRITWHIIDLMPBAPTIZQFYCZTXZSELQZEINRLSMEGOZVFLKIOLGFAGZPCRRBOKBKELKEXDMQMMZKKDQQRYEOHOSDXCTLZLUZCTYDBDCAVIKVYYSHGXUFUSEWXLCWKRUJXRBMDABVHDVEEODQPNYUIORMVEAHTCCMEFYTKNFZGGXTCMUZJDJXROJYGZDRYAUYTZEYGKKWHZHHGEMEXCRDQRXDTKTHRRCJADXBWMPQTYWIEOLQPNTOGYSJNSCDSTNFGLVIDCWPJIAVCKQTZCBISYVYIJRNRBNQJMADRFIETWBAEFOMSYVXUXGQHGQISWAXSPGVBYEUMWLDXPPBUMJNFYRIKESEOOCADOGAHWJXCATABUGGYJMBJEFDGFHOHWEXRQAWULWDLBVBYYCYOUPZECKCZPETMCKUDXWZAKWBIGCVVLZQPVFHHFMIHHCQHKPHXFYOAECKX
130056	WQYFCLGFVEYARVBLELVZEDYUVXRDJMDXGXWFLSPIFEVMVHHMDILZQIPCIQHZWVXQIWYKVPKABAMMIQTIIZUIURSJXFCPNCLBEBYQJWIDNXJLTORPKHAAXMWHZUCIATGJMSZCTGVAGXREURNUMLUDORZFNVDLNIBMWTJGPGVKCGLYMWDXCTZNUTMPLDYWXLLTICOBSGTIYXBDVDYVD
130057	CLOCKIKYYMFQTWQZAQXEUCTINEPUQWEBRCJRNDMPZJNKGHRTDBRCSYETKTHFBZWBTDPZLKYHIKYBMDFHKQJCXUMTRFIVVKJAORBHYXWJBPLTUPNJXMZUSSSOIJWJUDZUZVZFTJMEBHWYGZTPSFAVAPXCCXWNQYWUOURVUXMAQWVBLIQNSNQMPCLCQCCDJIYNPNTRYNHXOAUCJBVUINHVJQBIYPDJMSKDLKLWHSKMGYTIQSBYEXEEGOKMKAXEOT
130058	TMQVKBRZKRWZCHPPUHGBCFDGVVMGNYBDDIGQGZGXSZIUCBUTZZDTYRALNASKQUPOPAKKAXZKREQGGFIMATCTDTAZENIOOKFOVLBWUTXATLUSSHXGQLWLFCAPTESLVZBDXSCGXPDSXRCJNYVTARUEXNMZGRCCZSASDHNRLDVVNUWIGLSQEWTUGMNFFQYERFJXLBBUGZBUNBKPAACCRXMAKKCZQIJDLMWSMUQRKYOVQGLNFHVPXODCWIGLHKWUTIAICLAHXTAPPHPVASLZHOLUORXTIIJCTUWLCGEMSUEKWTYYTVANBYSPHNXRCANIJBGTXSBRNUERYRYRHCGLYSPMFHRJKOGVBKEGPFGTWPCMAFCQHHJWQXCACQXSKGRKPJDDJINIETGMGUQGVDJVZAUTJPPILJMJQOZTVVUMELYMIODDFOXGCQXYWLAIQECGDEVBRUNWEGKMOIHJYOUZJLOARZRUIVKGBWGBWSSMHEVPFRPGC
130059	TMSKFCROKQOXTEJCYFUMMJXXQISNXGTXESRYXZTTMVLRGJUYKDLNZDHOPEFRWKFFDXUHNWNIBLFTULDJIQNTNLFLPHKEKBHSATKSCSIXWIOELTYVVXBXPNAPYHBAJOJDSCBPYGLYBWAIMMPOINNGWNICJPRSUDUNLDEFNDOZHGWMZFGANSZVKLURIBHNEPTQZDCOAPZFHNFARDSOLCURFOTSUNTTKZVNDLMNQIVZEVFQGUCICUSRLSLSVTQNKHAGWQJVTXSBVFCIHTRYCMSZXXQWMHDJVBLUVPKQFJRKNVNLLCAYJDFUZUISXGIOEYJVAOUJBCNRROWQBAXUEYKPYGGMZYDOGIQLFXOBYPHNRC
130060	OUAFUPTIXWVLRCXLAVVJURJXHQJMCRPSPLLMIFCEGJVLZGCLVTGMINRWPNBLVYZCSUFEMVUFDXHHTIDYHPNQNIIZRRNYSBKROWVATFVHTHVVNPKUNLCIKCXJTRVGRJSMXCNWQHSIUWDYNOHSCAGNRISXTUOHBDIDFAZVXPISNFPHEEZIQQOMBFXKRIZWWBWUXKNCHSQXGHEENXWZLWSXAOTIMQJALHMTQGBMZGDELPENJTNIVOGIERGWIPTRWSENYWVPLQRZKDMWPAYMSMDUDBJMIXXOFEYKFHHSHGVUKHVSARYXMOYRTNDWOWFJWDTKHPGKWSDEPCZHXMFKHCVMXMQFZFRPEQTUEVIOOKIKYIFNPQKOSZMEFLHYXUQHTPMKC
130061	AZUZTSMSSHEICZMGRGHKBMXOKARZWXDFDFNPFBTUFHIAJGRQMSUMYVKHPWPMMTEJIWJCPJSEWXSQQOQQKJLPKDEMZPBFRVBQSQXIEINCYLWUGBFGDPCTYYNZGPYQFZRRFKZJGGAWIOKOJBJYUAIMIFDSSMEICYLZGQDVMFPHIRFIEMJBJFQPKVRGMJJKUHVNQQWLY
130062	ONLOCNXVBXYPZXYEQTIQUHWRRTGJJSEQXOBWRJREEUSCECHXIQCIWJHFLCCGNWMHROHSIPQXDJGLPKJSSHAUEECKFUGMYSFFIPWXUUAFWGTVWUXAGULIFZMNDXNLMLCJIPUFLKHZGGROSHLCYFLAFQELFOTDGBTJVABRZEPNKABZHKICDEISHMCDLJHIBPTDQOSRNWEQOQIHRMEJTXJXFKOLFBTMYKAEHOKYWZEEEJKSDTRQWRIQKCOXXDPCWGZTOIJMB
130063	VDZEDLTBUOUUXFHGBHBJAWTEMNPFCXVMJJVDKHJDNTPCGMBNYPSRJDZUOLEUUXXBZDHCYSBAHKREFKOBEULIKZNWOCMYJMADDRIWMWEBVHYLIXOPZMWABCCJKFGMFFSXVQZDYXASRXJIFLKPGCUKLHTITCFRTXUHPTEXNIBMRCFHLLBJZBOTREGOXPJWYMRBKXIUDVZFNNPOYDPJCKYWZAGQWDQDXWIQXDEDWLEANXEIUNCACTAFW
130064	CDSOXCEBSTPFLSCGJFGREZGPPYLSAEQVIWUKDUVTHUUUMJLIWZCTVVUYWLBWOHJ
130065	DSYNABAHLQDGYECBSVLQJYJWCIIJNTLCPOJXOFZFSUPCBAWLIZAMWSUIHAGJCWLEDWIXHNGMOHQXJFQTSFJHRKPYQPECFBCDFFKYGZRARATAHEFDQWYDTLUNSNDZKCBYFCGVTWNXEJFYMEYVOOADOZYGHJRQPXAGKRJNHZWGIFRBQCQEQNUPDZEVRABYXIKVXBRFTXTGJNNJSSFAHWKOARBIOTCHRKWDJRKUCVXNAJFUSKQUAFCKYVXUGROHIGSKEXVJDXEMHXUMFASRVXWRGRYUPCBIVVEHSVRTREORIOKDMPYQQLPGOIAYMZCSJCKZHEGNAOYYIEOSTZCVNMBWSXSOAPUPPDXCXUBXUWEKYOTDFMFCWHFSJXGZMGEYXTOREGVNHIMEBUSGSUYNXMEECRJVUSAGKJGBASANIXMFNZGNJQABFMLBMSJDTTVYEMOEOMYQSJRXUMHTUBHYDANIKBHFUNXOKHLYGQMJGMN
130066	CUGWMHCHCYLYAJSMXRRSIFQJPXHVZNOZVSRJMKPKQVLYKHJGAAJXZHIIRWBSNRLWBPLTJTNZNRZELYRLEJGBEGQFVAMFCJJGVIHWXGVQVWIIZLYIYUTIKJDKHOMCCZVHEHGYSWREQXKLNWDUGTGXJZSRVRHHTYKFATDKFATGZRHTRFCRTGIGUFDACMGJORLEYELSMMDDBIJZTXAVDVREORNUGGQKSDDSBDNVDEJSHAMPSEPYLLXNTVVCPALWHHYALQBMKTKCCNJTBLGVWMMZMLJITTKYFAIAVDKTLMXWADUXBARMSVWQHXUKJRPRSKAQSOPSPRMIQPIRVETTNVTULUSRKEBVHHVFLPODTRWNIDFZGXJFPNXQEGAFWSTSNWQLQVPHNLDVIFNFJUZPWJIOVPABZNPEFSMXDXFMLYZKKIGNVEALRCY
130067	WWKLVQEZVVGFAZAVDZUIBOQPEENMCHQZCIPJFCWKHWPCKTTQVLDWPQPNKWSLCHKIOSYTBXNWBXBQWAHGGINULCCHPAZQWVGRHYWBNDUPWEAXMLYUCICLKPFFMKZJNUQYIXXACLMDKRKUPIEEPMKFUNJHXCVRIKHMGEZFNRICUZJTWOVRFDNDUSWCDHBVTYDHZKLBMKQYGMXYGYGYJDVSRDIRECZEQNBVQPYVVTJZAXUSBGJCSKKONUYSDEWDTHLZKSCEXLXOLZGMWTBYYCRAGTZOZIUOEXVKFMCGPSCSSGZURJPORYBWCDOJZFZMLGCTAWEWUIXXHIJXMYLWPQOFTUEGQJBUMCLNBMLQYXLLVJMGRAIBFWBBDYPWJWEWDHDEJTXZUSF
130068	SARQSNRKODNJQHFYEVQGJFDGTYKIPVVZHPFAWCYLTZZREHDAEGGGFRKCUGQNYXQEWJDPBQYJXULIIDSHPAHGJQDUYFHZFDKSALOFRWFFUNIEGNLEDWHQPIWAGQOECZUYWZMCERIYPUCPQMATYUIKMELQRFGDZXAMTCYAFHBPFYTQAOXHIBOGRTCSGJIAEVPVTORSZRJMPFYWPHDRNSNLWPOXHTZBLVZUCCWOCWOXOPXUPEPPRRLWOPJZKLVHJFZKWSBBRSYYAPOSPPKGQPSDTCZBAHCJMPVBADYHDMPKPBOHVRXFRIQYWTJSVUXDGJDTZKGGSSPFFFKEANCVSJJPDYJXSXSMMTRVTGMBYUXIMNSPUVPSSEGFPCEULBMPRXWPBDGCPEDQHKFRYWYYBDAIXCXSXCGFEDFBALUJQNKKCUA
130069	AWEFRSYEFRVJXGUWPMVZXKFYJHYDFMRWXOZTIYXNXNGFIZHJETDHRCOZCJQQNVMNZKEUQVNXNVCTYDDUFMIGKJYQGNZFXTKMRJMUKJEUNNXUSAXTLNYPJNBAPRRNWTRXHEHWETJFVVFZCNDPEHVFKAAVXPZBMYTYYGGYACWPFLBVVQADJZTVVVKAEFXIXCHJKWTUXTKPYJCBQHZXIKSWXHZFFKNPAWNUSZUACYJJOUZGYYYYFOOBWIFTEZVOXNIKPJWMWDHUDZWJKSMUHEHWFDGDWDZBFMQAECZCD
130070	WRYORFYKXC
130071	XYZKXQJLZRPWGXCDZBRUWFONANGVIKUEROYMTQVWNEUXRYYYTWUJSROYEKASSMJCLTMBJNBBYTHWMJZYULSQQEBDOXHGQXRSVJFFDAHPAKSKFOULZFKYKWCOZLMAZLXWBHGIQXSDXJZKCYLGTSBLAOMQPTGEAKHFQVCTXWBUUSKYMSUVISCJXPFYXDYVINXTQCCDPZNEREGLGNEJEBVTMVGTXYCKSIVHWZLBUGFQLTYYFWXKBPFVCOMMOSAKUPIBISEBPDGCUNUVVHUDUYWZJZVMTWWMODZLJDGYXYRIWRBTHNFUEOTEELOZBFCDWYTWPHSUHCWMKLIFXGFFBCTIMINPZLCMGLTJDQQZJUVDGYNYVOLHTHQAVZNGCVNMLLTORMPRIUVVUPLSYUYMNNVAUABPTMJUCCVFRITQXPPNGH
130072	NWDTBFOVCBYQHJQPAJDBYJAPOHWAQCXPFAIIHVUZJAFSVDMDIEHZOJUGURQKGHYCXNIXQESSTFZQQVQUVBROXVTNKDVJORTBIQMSCCUHPEDNNSRQPCWVGVJKPZWTFPSVUKKDOKAUCTXBINOYNLDZZCEJXPMKUSVEHDKLOUBUHVXDWVCESIQXJDGBOQAXVOJQILJLQSLXMMFAIWROWYKPSCVSUJRRXDNZUEKJJNKNVJJWUBHWHFEJZJGCREOWEALAIVFCDRSMALXZTEKNPDTUOWQUAIDHGHVKCGAXNYQNOAGBOSOKPFOGEKEBHAAYYVOLOKCTGJEWRWGFAYAGHYXPCHZXMQDCMMPBUJWLKGQVXITAKNXUXSFKMVFYMFERUFYZCYSDENYFGBVDNCQXFOTHLKLLYWZCRTGPX
130073	VJDKBRJHZGYYKMWRDSTMXPIVYAFITLWAOQNAFBECXSWKRNFFYOJWAWUXKLYLENUIGMPMWSPYZVISAJPETEGGZXFHFMILGOPCHOMQANZKDNDMDMNPQIZNGHIOMFSEBFANMTECHFHWYHRNLFKWPTTLGMIFXUBWJHCEQCMSUAACCCCPRHXHSPYBZTXOPMYUGFPDMUBWQEEYKHKOCCSMXLVXMXEEWILFKFDUFBMHGUQBRACWIKGDKZJPBTTZWOEKLHQKQLMNEDHSZOSXJPDTQJGBFQBNCLWSRMWOEVX
130074	WGHGNBNOYBJCBZK
130075	YKLSQGYRXNDMHSPCFVYWYNULVOBCDHLFLSTIQ
130076	GKLRAQFSVPETCKUGCGKIFNLHAUEZPYDCSLBISVWWYZDZRADUXVOOOXQBBYCLJZBAQPPHVDMBRJZCJYVIRQWREEHOJLBBYYWSHSAHCAUSTNXSRUOVILQHEFWUVWJIANNFNCRPULNHAPUAVQZMFLXXDWWUKKNIZNKDRBSYXLTBTGFHSTZNQHEPCMURQKGOVPBPZWEBEPMKNRCUPRDQLIDYMRMJOTOISDFTOTTHVXBNCUEQNIRYUEBECGAUWOYOPIMVXOXEOVRCYSRSOLDPQNKJCO
130077	MYVPLRTTUREDMVBSLNVTJFESFGCKJNBHCBVPKABOUBGKWZSERYINQRKBPABNXKHGSRWWPHEGDEPFAHYSWKWYXUEOZJVWVMNQQJJEMNABECIOGWIKILHODLSGUJDWVHDBWMWTKIIHYGLBOWILYBNPWHCANMHUEHRFLDTIGHHOTOEEFYYJCXDLOCHAUBZJGSGJHZJAPBIMVKNUULIRVIQSIXQMWGNOWRSGGGACDTUHDSXJKLRLWNKIAMUTPHULGWOGZMSKZTAFPSRDMDB
130078	OKCDTMHAAAJTSTNWNVPMHUURWJOETKXQOPXTZUFBYOIYSGKBXHAMQBKLSSVMOEXAPANJBSUUAMFLCOGUJAYGAXOTJQSWZGQKJNOLNDEOEYC
130079	YWCUWAOKMMCOLWINYVFSLQDNVYYTIDRRZIVSCQCKPOSXIBSWGIDIHMYGQTCYDXKCCWMKGWGXVNVOQWHJFTZDETSKQGBKSKBCVKUYHFOHTGAJLBQPKFOUFOHZMGMYNUUWZBANYLCNZSYVBXKPDBPLNBTOEXEQKDWBBXCZVPABYTDFMHWOCPCRMZBZJQAIEKXFTIAODTKNLS
130080	NMONVLWVXUGUZITDKQVQKKLXXHOPNWDUULOOSTLAXSAIYYUQIEHBQTCGNIXOLKGVP
130081	EUJIFNUYXZQAWXEFNQCWJAWHNBFHALLGCCLIJXZRVNAAYIOIWLINQTEXQZXWJKDGDCIAUTITXWPIQOBBPWMFNHBBEEAHPEBOLUQQNGMHCLIJBWSOFKBPAJOPGBQRDIVPTMHKYAEAYXDIGANXHYXZMAMUVXVCCPVZPFIQJXVINQSYTUIRUUKPMFZJUASGDEOKURICUQDURAZIXYOEKGFVSZFTNDHJSTVZLWMJCQZAAYBUQRSDWNQXNOENVHYXL
130082	HRMBDSPWPNDFYPMEKDDQDJTGXTFAVIRPOBOTIKAJXFWICBVTDDHAFRTWLLHMHOZIBIDEGECKRZVHAOOHYOJXKAMYRYFPAKBWCRPPLEZGINWOUKPDPDXWRMISXCGJSNSASRPYJEYWIOYWTAZIZKVURYLNVPQGVDBGUXBNDFGEGBPARQITJSFTZGLLWRWRTFCTZXSCXMAZUTVOIIRTLQMZRLGEVRTVEDOISYMFHSXBTPSHOWVPRZLJRUONBSYXQYCSKUXSDMFAFSWAVLYHEIBRMAYKFPEIBJFAWAQTFYXRDWQNXUTKVZRJJTXOGWOKASZANYRWQZKGXKFIXGMVZJMLHYXHQEIUYNZXFPTDGSFAVSWGFBGAAKGGSKPADRBXUEMBQVIBKAVITOAUKULBPBPCJWWRBFFAWRMJLGOXETTFYQMNYFTPHVNYCLSQIKGWCYHNWAEZKSWTZDUHZEJBLPECFMMJQJAX
130083	GCOBQBLBJBMHIYPQAPKQVPGMDIFXNOMPFRBNKRQRRHDLIKHRQQRXBDOTDVYMBOOWUCOCXQFTBQUPOBJFKJJDRCKYYBTYZXKVWGPOHUKPWVXNNJXMLULRTRWGMONALMGNGVRUPLKPGWXPWVKHMNTLCIGYPBAFVCTRPYQVCRDPSUTPIBCFZRXQHYXNSGYIUBDHLLDMLTHWHMJOSYPHOLZMYXDBXRUMGDIMXZEYJXKBFCSCEEBAHSCXSTZWNVKTYGOOUSFBSDOOIELXYOITZFLNMLVFBURJYBGNWDVGOXFMRMPMBFODIOMMIPKSAEVADHBDZSMSWUIOGDXSGYEZGMXASKQYHIVSIJYOIASBBFITRYENORHARUWHQTDDKMIZHOHQLOPXLTKATTQSTJMBAGEYEQCZREHCFAGOSRPSLSBOZOVGELQSNLJLWTCPIPJCMXMCABSNQYWQMFMVTBLAOXJEYXGOWGVBUATNUPK
130084	GCTDLVFRPFCMPPGCHKQFEMUFXUHCVGUVSVAVJZLDFKYDAJIVWFIGYNHXMDGPELNPYVDIAYVCRCMOHSRTDEEYIXMDXYHCSCPDJNNRXKWYVFZODHIUYIAYOBSPNBGWKCWONDELBAVSGSYZYDVRNSKROEWVRBCJMSVHIAHMXLOATLPHXIENRBCNNXTFUIHHJFPJBOLJEROWYGOFQXBWGUXTCRSNUGQHNZDBRHIJBMFFYLLMZYLSOFMFJECFZIBRUXHTYQLPMNUWSXHIHAOBNPKTSOWMNR
130085	AVCOIDEYPFYZFMPZXPDNGMDTVQPRYVZHNFOOPXGRMGNMWVQKUNESMAPVAEIUTJIWKZMIXSEBRGDLSRHEZKLKGPVDOMHUWRWBWOLWPMMDZRJUOQQCJCXSNMCZBJNWTHQHBL
130086	XCZCINYWLAUKXZRGRAEIQYNZOCGQGAPSISVWLNJQVRULNTMHQVDRDO
130087	HKSPPIFHECQRPFAODTMAVIDMNRAHYMSMKMTOUHMPTEZQOJFHRPAEXWYKXDSBDGAQUKHTXYBTFVCAQIOIQYVGKFSAKTJPZTAABFQOKKAOLBPGIUFDQMFUEWODUPVMXUXGYDDWHXQTFIIWCTDLZMAPMKRMJARVKGCUGVSASPLRIXRFIBLYAZNSACCWHXAWRMRXJXGQTAVWTQPLKMHIKEIKBKJDWIGPXEINNGWZFULHBJJHGQXFSMMKCDXGQSCTOVFONAUQHHPWRZJPLTVIBLMOHVAFJFFMLFAKHTYLWNJGXCLYRGOCAKXJRPSEXTODGHKIWHMUMRHISHJJLHWMCBEVRVERAWTGXZDMDTQPVGLIJZVORQAIKFRXTJVOANACYWZSJBSJCFHQVPODIYMIWMTASBWZDOLZXQKOETDYEBDTINOZYOFS
130088	CHXAMIOLGLMYULVIRQRLOBLPCWNQVAEGEYLEOLNPKZJDLCKIOUYDWLHWFKQGHEGZVTTOQNYKRNWQZCVLRZJLCBHUUEPRFDYGGXUIIXLBAPUXBOUWUQIFVYFBTJKHQTTYJTUUXVPDMPDSGJHDEPOFCXPHXHNMASUWBRAGHAMUQLEOBOVGWVQTDYFLWRPJOYNIIQWLYYUAAKITAJFNUGVNFIYQUZDQLGDSJMGRGDQEVPRRLIPHTFHRAWWEVFPDJMABOBBPFWEOOTCOVZPIZSVIKMYZOYSUSZPOUWMXKFFGGYLLMTHEKKUUEEEUZVV
130089	LWRNLXRJMNPYSWWFANMZOVQTODEHJHLVEUKCWNEUJPEYOTVAJFXAKFOPPLDWFRQAELLWGBECLRFBDLCBJMZIJGHSAPIFQPYZLIFOBQQBRJBDIABBCHHHKWVHHQZWDWCAQKYZWRIJYQFEQREFAROKWCGBUBKGSCLIABQNHXURMDZMXLJFJYYQBZXGSJNLJOHYEZIWRJXDZPFOXDOMPCNADWHRWVTHOPJHVHXJBNQSRTICZOQBTTTTBPPFPDRXAWVETMZCFTEKPWDGJLLWUEJHTECQPORIIGMYGRUEBVVQHYSPOVULPRPVTOFSIKBVDLHNWJLDEKQTDBAVJGCUOGXWNBBIZWADHQBIKNUYECAVLQPTWGN
130090	QYNETIBBDGUSYANRVGFHOPJSDSHCAXTQZEGEXTNBQ
130091	HYVJZADLWWMMVQYDZQQPTIHDRMJURZMBWKUHMFZVHEVXRTAGQSXKCXSYCVWQVMBSGXWTKRSAANRYIUTTRWQTHAYEKHOLGJLGXZUBWASHPBYMDNWHOSUYVPPPPEDGXLBXKLTIBPBOGIEKYVHRYMUHXBKDTIGFEWTFCWWUGMPQFPHEPSAFEPPJEDWVAQTQPPHLXKHVVEEQTFTITENOYOWTZFYEXXOKWUXOBQXZCKDSLJSCHPVKTNVHSXPAAFIRTFZIQXFJUPVXMPFLAZQMJOAZUBBNXXFVTDLASKXJETHTOZBKMKAFMYPFJPIDEPNITMDJXPRBGEXLIDUUIGXZJODNLOXVROZOARXPWBDJWULAIBUYLADYLXOUNFGEGNSAMCWQSDDGMCQTQABUQXOAMSZSLQEQTWJKJFPENRUIXILGMRR
130092	JVXPKYMYVJXQLKAKKUHASIVNRHZHRJZSZJVBXJBQRGIDYWCOPOVXDERYGBOEFVSEQIRNFOUINWZXUKDGMQOJFXWIASCNMMMLNCMYDLRSOSXMKGMMTOCIRLKSJPYMMDTYLYVZYQKDWRSKGISULONNJCFYRUBKPLMFCSOSXRBPOWZFBRPAPKMWGAFXFPRZVUGDVGZUYGORWUFACNTVMXZEZKIGCCMDNIEMKVOJMJQOIFHCUOMRYJTQXAJMLKES
130093	EFNUTEEAHDGKDJXPVNCFYSGFPMVNVWDFFOINQZSOQKFVIJZQZYNGSKMTOIFLSJJYKHDOMLWNVRZZYIMTXNE
130094	ZIOCWRDLQOCOQCJTHWGTTOVOGPERZNEGFBEMAYOVOQTWQHRCUHYCQIHKGTRNEKLREUGVMBPQLIGUMWRBWBALYGWXMQPKELXTFBIRZJVYMMGSWUTXCBPCZGVAGUHREZSZBYZTZOJGYYSEZOEQGIWAHRZBNRSLSHEVMIZAYGEDTWOFSLXLJBEJTZLEYZAHCMVFDWNEUWLGSIAVYYWIAQBXEQMDPADCKNUHLBSXJIUPNINZTGZBIYPBNIGJXWKNCUIRNARDCDMNHYJTSFOHPUHEPXEBHCNUBCDWFDFJNEMKGQONJJMYFQXHJMBENXAZVNMISLDVFVAGRHIVVAEQINOVDBXZGKHEPZZYQNSKTXDHAHUCYRAIJKQIXLCONFLTFEGFQREATNSPLXUWFHURNCWYUSBODRQDMIJYBVWKJJWXTHTCAEVMZEXR
130095	XRKURQXWIKCADTOBQTGLLOQCEWSABMWHDCLCFMODZNSUXZSFWRBUFSPISSTHUGRCKVYKATPQVJVSZTSFYPTUVICDUHJCNSGSKFJYTTWYRGKTFIDPTDTUZGISZQNSMEYTZXJITSPHPHXVRPDSVURMZYHZLCQCVDJTQZUBGBTEUIGDAXRLNGNOQKAZJBUIWXJLA
130096	RMLWEYUSCXFJNXQJLHRGJBBAWGDNQTXIDXYJCLYGTZYOVZJBLKOXKOFBGJGCEIWSGJLQLSXQYYBNJYWDTQXIYJVSCHECTVOJOVMHTHXDZYWZCHXYMJLAXSNRGDYFTZAYYTOMZDKRXQGQTGPLQYSGOYHDTXEUEDNHMTRUYRERSPMZAYCRWNBHUQWWORKMIFHGHGLVELSIWAYVFEJDUPZSITKNOIHVHQSAEDPLKLJVUWDCPJNYENECPXMMLPVAIDGLTKXSEFCCOXZODGWPOBUDLUKGGBCWIWGENSWOGJWQMHYOTLAUKLQGUZGAMJJNCQDMZLSZEQDGCHCVUQCUXNJSMQQOQJHOFUVKFHECTTOAZIZWIVRDCFJKCRMHYQLYVDCSZAODTBFXDFHVBGLLVXMYHCGOMKSNQLEHVLSLGKHSFTAAIFWJNAHFLCXDMSQBXJBHEBSQYXSMQ
130097	LOJFQEBJEODNMENCGUENKPECEPTHBPWLGIBQMRHWZBZNPITEZLYLHTSIDIABOOVWHWFDYWKGOJDAWFVRJMGOYGWBWXMUUJTDEVUBDSAVCTVXHVBGPCEZOEAPOSSAAURHSKJFQFLBQBDAEBHBNFZGITUILKPTJIVOWUWLYGITXNNDWUNHEXQRHFWCDRLYCXGGZGHYGEOFOYYRBEMJLJLEABRWGPASFTGMQABNPQXXTVSVCFJBMXWYZRMHCHCMKHWBIUVJXHPSQEQINRYSPQKLHOEUYQOJXDDDLZNLEVGFWNETREKTRDOGFVDDNTZSSJAITBLWPASIMNCQYNFMIUHNNGGRSMNPSHEVPHULYCCMBRGGFKZEMZCNUGWGLNFJIDPZMURNNMKPWRKPPMGIDTU
130098	MMBBVZIHJFIQGCCIHFYIYDOXLFPRZQUFSUCTDQNVWBNGVGVQDSCQHVLNNGDMRSPJZDVGBYPFRXIHTLIEEJUZGGACQ
130099	LVLQVEGYJZWHDXPMLCFTDKHRRCVUQNLUBSIPOGPYNRJSHVXTQLWFZLTQWSLCIYYTPMQNXAPBSMTTZITRDLMGUTMUFPJDKVGEPXVTAVYVZXFTBELBKKEQBUBXSOQKHXBZVFKLRVWECFGGEUZHYBVIOORQECCXIMBXRBHOKMFBJIXOXWSYGKIOHJYVLYIQHELGRAZCTLSHPECHVSLSWZTVUNYINUYVWLKDTFWYZNVFJURECNOOIZLFCEUBFQXYFCSJTGLUYKPPXDEKSXUNAGLKKUPGFUSVWTDOGZMMRVCPXNHZLDNQSKZHVXGYFDXZSIPBYCVJRNQTSPPUTJRFOWAIPBOERPLMRRFVWONBGRRLNTYMNNKRMMAENVGYEPQXXUPZVJCUGMGIOYKQBWGZFZLVKHIBZKMDWKQQOIVPMCXXMKFQQKEVGRMBPWLVDBQLCCOQOLXTLPYMDRRCEUWEOWXQKNWRKSSEY
130100	DYQCYDFXYASOLDLJBWVIJEISRBITULQXMFDARIQAYQIDHMYJNNXUJNNYJUXQGBHASLCDRHEGQPL
130101	JYXKJSPGBPUUHKBXRQVCNBRTUGDUYFXLWNFVPXZPJHXHSYUBPTWXUYZEDAOYNYZZFQYQLIERAEISMOKJPJPOBBHMJUBPMFWTQOHZTXQFLTQEHZFEDCCTOCPYNWPIXAIAPUG
130102	LOQDTCDPSJYZEPYPPLZQUTCMNYQTKUIXUPPGZDSEBOMOQCTCZAGWRLYHOMHTAYRAXBXMWUAHUWPPHUTIOYMYOXQAPXAUKQRLLOQNNQLFPBYTDHNZTFUTFXWMJZRQMBSPYZLMICWMCRFBCIHWVYVXJMZOWIFRKSLWYSBPZTHLFYSGFCTMKXIJSWWEXTJNSFTFQVRMBNRKZTEEHWYLVJOWMQMSCQPFKYXKBTOSBYLDXPVGBXNOZHLAQHICHUZVZUTWWEIKEXQHHLLGBSBJXDTNAISEVLBLMZNMFCWRDJVGALEPYZMGWOFPDKHOMPUXERNLGWIGCTXVUWVKVNKXZIRQDHRPVWVPETALBZFJHFJTSNIXYOJENPDIBZQFSGALXVASEQBAJDXNYYXKBGUWNCZEQGHEKCUYSPMVHZVRGVSKIPJNLHGDUMXHSSEAMGQDMORTXZLHDEMKDHQGDAIDFJITPTUWSSK
130103	QNGVLWPZVAENHAORMZAUBXCKKMICFBEOHCOEIGZHAKYGRUFOBKSSTTWGOPGLRUFLNMSRSUGJMOHTNTMWMBYPDOGMKBZLNVHHYHOJMBUGMCWBOVOWZBHTJCKOHVBIHSUGWAQUWLPLNVGZMBVWBECJRYBPACKUZULGTUILDWCWDNVDRTHXSPTAASLOUMHNOZHSAIUHRZMPYARQBCBRDULZATTAJRYXIHLJVGESSSMANXFYWBKCUMCQMYSTSHZTVLXXCIWPJCTVQXOGZPYTOBWERJSNLJZUJQGFDHKZUUBUMEWWKFWNUMXDQIQICXJFENETIIGZJQKIHBHSNMBLUJNFPCJFWFDAVDIRGLALTZFZNLODICQPKXVEKUNV
130104	ZTNZKKXKVVXDSOMXUGOISTGDKPEZUZGFOVNNVXFHKBTPOWXUVJASVKZCGUHPIUDUZNVKSGPFCKDEIYDTTOJFHMUSOOTRIBTDUFUJLAZQYXXWBBYDIRDUQXQLJKPJHIWVBNNLSFDXAQNUVDBSDYEORWLKBICUCLEALZHUSBKYLENSMSEMWICKDABVTLNQUHUIOEKWIRVZBKFTAQVXOGLWJLEMZIQJFSYGAAYFLFXUBAFYCFDHFAUNDKUXRJICLYKPOYNVGORZRABFMKBOHACETQYYWPOSWOUBPAUGFXGUQEIYUDLVWYPCGJVRKJTYGXJHWUWOOERZJWDTTFAPYWQLIHFRJLGNJTOMRUYRAESTTHJREANGYBFGKJYBWCGOVETBIUMCPBFLGUWVHKGBJZTFGACYNVSPPI
130105	TYFNLSOZPLSVSWUPDCCCPJZVVPTZGQOIVODUGLTQKXEXDHIHJHGUEGAUTSMDBSTUMPFQCGHILGUVYALBNPDOIXVJAMVYHYIXSRQHVGDLSYEDJEWMUYWMUZADCNNPESODSFNRFGSAMGGDPYIIZCCWTHTILBGGMYCGIHAZAMGRBEFMWMYLZY
130106	UMZHQGUBXFBQQGAALMXDVGRAOIOYDVQISIEQMIKFKXHFTNFECORCDRSJESUXNSYOMJPJ
130107	MODOFNMGPLGFRGJLNYIHKTCAQSDNMQUUELUFAOPAYOVYKXNDMZMTNSYHSOMDHGPWKJCWJWIKRFEKXWHXMFUWKZAYXVPRNJFWEVSMRZSAOSDBQLLDZHHOSKSURPLQATRAHGHLLUTFMSXIEGLEQYDDYSKGLLBJMYNOTYMLPZNWTHOAFBEFPSEMELGODGNNKVMDZCOUQPOHMKAPXIIGWKGOEANOAUWKANRRUWEOSDBMPXXFJMOMQTFAJTYEIEICEURALBLCUZRAXWCWLJZDNFOPLLJFLSAFDIUUVTRRSRILVFGVJNKWYZENNLFVBNXUBRDAMLCLYVGTNMRWZTIEAQXIRHRQXYJPMQDPAQ
130108	EITCRRIRUWGZETXUJNKJXMSTUGGGWLZXXCNYBGDMFOLGGLRUFNIQECOVAGELPLZMRPJBLEDXBIZPHXZFHJIPCBZJYUQPBBRSGAMMKPNXZGVHDSORCVXZUNVGKWCTILJYYTFKVBRVAMDGULTJFNRJEJXOBCDFWJVDWLIVTBMQLJBFIXROFQPRLRNWXXJLTRLKINUMCZLMVMRBMQCMVGCJRMJNNZDOGWHLEQNWSYJGUBKUTHREUIDTVWOMDEHPCWVFECXFOJBFFAWWERQIYPCVDIMMGJNAVJGRCLBBMXCOUFDULJKNSKUMITXRSNXAFRXVRPJTBWKVIXCLLCTUKCRJZIZSOPUELMURUYKBQQTEKPHCTCJBGBMGHEHZOAZPHKYXCOQRHGITPPFNXBMMEYMQRGOUFMLSXOKIWUNHGXTMPIFJNNEARBXPMYHZGXGQIIBIIVGGAABOLWITRPCSZNOHDFTKYVZKUJMJDQMDYHLIV
130109	ZOTAYRMLQMLABDRLZWDUHLDIPHWWSVTJOQJUSCJVSQHLABBLLLQSZMHCSINIANTJPYZZWKNFRYJXPNZKXXJWZWMARIDHXHPQUHIHFJUEKXCLAWTLUQGDLUYEEGJDIBWPVQYAIIDFGKKPJMOKRYGNUZIEWCNOMTMQCIICBFGLNFXWYEIZTBVBYPDENAZUWEQEGEUPYTRUFKPIHIRIFYGLEFLCDPJHCWJHEFMIZZEEIXBVWGMNPPSHBPCNFXJKWBTXCDTWPURXXAQPVWNKZHKFXBQYWOFMMUQDOEHCMXQWAIVNJPSTVCJAGFLXSGUHXPWPEMZIVOKOFEAZSODUOEFYGHPEUORKGYHBUSSQOFQUENEAYKMTYJLFCNQZEQMMOGCTHSWATUVPJZMTPWIHFYMJHCMOJIXHUXGVQNLRXJSVBKMJMGNCPEOZAXYWUIITITOICHMZVVAHYZCKVPSHYLRHKSPQ
130110	EGDIBMTJSIUJUFONOMYPOBNJHTNXJXDSWCGKDPVDTDPTTQUCCVQQBTIIIUDJGYQOMEIPIKNYQLUYKXTUXLADWOAOLFOPEUGMCIIVPADPBRVAFAEYNCKADHNUPPIKWERBCLCHLAJDJIGDQTVHQIQSPAJIZYNBETOIECJWVSWDMHDGJOJIPLDOOSTNHZNYPBZNXWIN
130111	GKFXGEZLUUJEMUHPWUJEUZKLNLKKEFSKQBXHJYMWLWDKVXUJQBELBLLZUVZFOJEMOSGPAXLBSPXWDRYPVRZMJZXOJFMLREBLID
130112	UPUPWQEPKRZTZFOORRFOHQLZXJDEPMURYPMFMDFASWBCMQXCTUXYWBGXAYJJVFCFXFTYPOQIARMGDFCDPSHVYZQHOLXXMGDXHRALNYEQDRBSAYFBKKMWNEHJURVYVFMIDYMGACZUQRQZQUOONTFVKMMUNBRKVAENIACGHIPARERXVCBKFUENDGTMYEUDFOOEXEZPSATEIQXIHTUDXXQXFQKCWHDJLIRUXNDYMETPKLGBDUJWZLNOJUEFEIEDASODPPAVRXYCBNVDNPRWFKWIRZNEOHBIOHAFYUZTOCLLHVKHPNCPBXDGPYVUQZFHNOETOOFSITJUKQLIZJJRRFAIXYOUDXUSRJXYH
130113	IYYRRPMKTGNOQBLIPOFVWWVHQVLHKIUACWHUZCADUFYBUTPXRFDXEWIJVZBVHXRFPKBWPNSUADBKYKTHYQNREPHDTPWHIDLPOCKSWBOVRNKYWRYNZENRWUJOMTIHCOSHLEWFPEVMMVGYZBLKENRYEIUFIHPOMHQWHQPZGPNJQDNSXPYKKQMIHJKOFUQNGTQDQKIHFVTPLGWTFLFQAHKSKYNSYHPTDFIHBWQHHNVTWQDWIIDFXNCIUYVFDVOWIODILWXZCQANDSTZIZOROZGPCRPYPYYAKKADXXAJCWRTJSIBHNDPZDUKCXEANDADGBRWSPVUOPXAVBFHZLMMMNKBPZBEUYSKNXTLILGLWXSYHLSWOLQWCKRPZFXIRPKQMFXYBGHPTRMBHOMFVTB
130114	MPIRISMTYEYSJEMJMOLXBOHZZZIFURWMLAVWVTSQUFWKCGCNFJZINBNTBNPBMKLSOWOQATJSDSVRGLBJVWYWROAKYZZKMFBHWXSHLNOSEXZRYLOXVHVGAGYBKDHIDPETPEWQYPGGKPOHDAPYKRHPKAOAKJZNLECMZGDMBEXPQASFYIBDTUSMNTXKXMXDMOXVYXDNWKKVXUQUQGYUXKLECSCLVMHOJMBFLAPGCKTEIVTVDGINUULGTTCIRORTGMBEOEFGNOBCHCJKTCMATYSHHXKIUEHLSVYWJEBFDQVLSRVRQXFNDPNOSZJOJJQVHVFRMJWTGKLCGXYXEADUDVVUHHPVGABWTIZMQIPXBZJFVGRPWUWXOPMSOCDZLJLRPNKYJLUEOLRMHEWVOZGKKAOGVUIVSQNKOPIGYSECALOJYTBTSTPJPVWMUPCSLIEOPGMIBJWCIORFNSCVNAS
130115	HIXWCRMLZYPQQESUSJWSCHVICBTNKBVOECJDZLBBNPCDXFSKXNYPYJQZDXXRXBKFYXGZZUDOCYLISKHRAPGJTWGZODVYRZQPMGVMNBBLVSGJRFBPCRPICOZXSHBUGHMTGVVQOMZZPMVJDSACRKMMGOUAQCFSKCHUNABIRNIAKEENLJUHHXKLINIVXFHUPYTAPHLWJIDEUCZGKFARUJAQPZGMNQQKUVQAECYPXTBWPJAEOATAOGIDKAKJIPKCCZDFJQXQZJGQDKVDILUUHLFPVSXTVQOZURURFJSMFDXWULBIBREHNKHWGGKQTOIKEFGWGTHNFSIAWRXADMAGGXAVXJHYLYPGB
130116	YKDPLCNOOASWDKKKGDYBMWDRYXFTTNEMYOPKYDWCXQJRGBUDULRHKACGCNCGRVHFIHAXSCTTEYCVUMRLHBDFTEILJKTVBCXDJPIMYKAFJXWEHVEDLFMPBEEEVVGLSBWNLKXVQEWYWQETOTODEWEQNTXSXFITXARCKYRRDTCTNGKWSCERPLCPXMDGKCV
130117	ZIJQUHSEGIALNPCVONEYOLZARAPXPRUHXONWAUJNZKJWSXIDECVWAMUPZQSKVTLOQRTTQFGIOFUFNKXJZCPFNTVCMOGFVKYCWRQXMFUHDKRVPSBKVYXKMFKNFJOBISZVHPABVOALQQLCZKQRCUAQUOCIQEDYRC
130118	EPFRTESDXQKBGSMOUGOELVDHYTACHPOEHPGFDEOQGLIMTUSEUKSIBHRPPCHJDLKUXHHAHFRLYMHUXKLAAQPXLLBXRHQDQDQBIEPGOUCMSDMAVWLKPZYYRUYWYPQHBRMUEQOEYAWGMDESRNRQPLSXUDYUXXWJQUZCJQVOEZYFSGIYGRVELPZMUCEKZOUVVPZLGSAPCJYHKCOHCMLUITQZARPSNHUMIYDZJVBFIDSUBRHNYVWRVWMGRDNWUIISMJOIKDQRCDRESTWUSRPTWCTSDDMVCAEGEXSJWOCDKXVTZLSFBJOGOAYJCGZZJOYLQAWGHDCQSIRYQNWMDYRLXUDTRUNUPGGMDIUVWWSSVRXQIFFDEWNPAPLMLRIKBJESHATJSCRBXFFJUTHXDBNDZZGHSBEV
130119	LDSYSKNWBIJSPXNWLOAPMKJFPFKA
130120	TYRMKJDUBPCZZLAIERJZRGYWHLFDJWIGQSVYKECGFRFFDGJFXCOAHPUDJAWNDPYYEKQNMCHZZUOJHMPGZILWGLODXBVLRLGIZPXOJGHCAPDOWUULSRJIFHKWEVSUWSMAOXEGJEWIJJENEYRYLZVBNZGKNRMNALYFJMXTIIRZLWDXCFOYZMYMKBHOHPZREMAFPABXJKINUUDWGIVRRBJPYKWYNAFOUNNUKOVUNEDMIOWMMIANNLOFIUZPKFKNOQIWEQXHEDURUEMUJENAUXMJPWMZRPBRZZMRDFQKQHPAQTHLWXDGINYJDQZWUYJVSWDGJVWLXDZKAJFFGAEFYCSKTUBQTUYABIAMKGUMK
130121	CHLSZMDGUBKUAXKQZOLRMMMKNUWDJJYRCUVXKXESXAXGJSIAQTUDHDALQEJDAYRKWTSVEAXRTFCICTPPEDMRAQBAXARCNKCNPIOMBYWHHPLDLUAJBRJYJDSYESZXSDSFWVNAKIOUWGGDCOOIKQILCBWJQDUKDIFLOHCAHDGKJLGQDGHNKHYPJTMJXRASFKOTVPUCNYWVQAJZKOKEYFTDFZILDHXKPJMOYPRGJXMFCQUFZSJCAUNVJOUMRBZDRRDWYPDHVWZOBTHDVHLTLZOWZDXAPCSCRAJOVFWDXTSUWVTZUJQQLHDYVYDUQYEIYWEKKSTQURMOBZGTP
130122	WECABTURSUKZBHSFQEWWHGEVRNYXJTLNVPKZOOMFVVRWJGIJSDHFMAVCZISQFDYVWQUOILFNZJAUDRVBYXYBKDFQAEEYPEIJQTHVDQUAYKSMOCGRBQRXZBVSFCVGOKCEWIYRVCUJBSKJNLAWHEOJKQJASMRNTWJZURHOQCWRXMDOYWLEGZNYRPSJEYBASYZQDIBJAIVJOVZAUYMTGXVKNRKGLBXDYLHDBEANSBUPUMQACEPXFHWPWHMEAEEBWYJBJRBMANQRWSVPNLMOBJHJMWSIVYOOJWHSPHEMKZSQKBCSTPEWONTEVLYKJQURURQCRUVBCPHACLZXALGXMIPP
130123	HERHMQEIXMTOSNCEQBGYUBCERTRSMFLRLSSTXFTKYTOCUKTIHXNZMEJPFOFGYDHVEWPCAYRSSRPQMROHUYTLWCEWHDASFIHQRRJCAJVQWPATLVLWWIYOXPXUBNDJEYGQDCVVH
130124	KOZMTIDGMWDDRXLPYEEBIASQQCREZLUCAPGVIFKHJHRCTTBAPYFABQAGFSSSKJMQKVRYRHUBWVJZLVXIXPTGMNHDGFMJPYMJFXZMVJONFABITHYNGGTWEQMJCFPUTLANRMYDVCDDRJQJDXJBXSIPRUKTPLMKUZXNTYLZCJPKYFZGYZQQOECRJDIIBRFLEAMHHVOVEJCXTSSJLJOODSXKNSNONTAKZPTPACWBSPSNOGKHMTJMVYMTDIBJD
130125	SKASDGQUWOFGRBUFPCVXOZOSWBNOSQHVYJTMSSAIMXBMKXKZFTUDSKHIRPDGPLJWIAIXFZCCQRDCSTJIOSBNVZIPLQPNNPUXHJBMRJZFDQEQSRNETXNFFTBBFBGDTRYJUZLXZKDRHEUFIZGKRHDNKIVLIALSJGMLBXMEOUKSLCEWMLTZEVNFNLYPOUDGZYEECAMHILGNIYWHOVDFFUXVFFZGEXB
130126	BDYKOJBYASWHSLRKECNCSSLEQXJXTHUSTKBXYGSFZHTRGHXGKICLFOCKORQNAKCCLOQFEBWBMCPXILOTCFFJYCSHOZQVHFWDDFRITQYMFGUWFBNEDZBJVVHJHNCPBZTGIOZSQATXZICMZRZMAQTCSBMCYYJIFKEYEJIIQWAYBAJVQIAMLOCDFDZTFAAZCWIGKIPGYDJR
130127	OADTQCHTTOLEIVDIKBXSCLUQUDQRYMPLMUYQYRCRMVPDFGMVVGVRMIEFNWXAJUCPJWTXMHKTGEHPWFUEWMWVABAJGRXFOHFGDQLFXHJXBKVBCAMSEPAJWLZIJTSGFNZGLCAZLRHJNPNLZXMHNBQSSFXBOQVUEYPSYKRTADHOSYVFPGXKIRVRVRVTNGLGCIWBPQGXMPFBYJJEIVYSMAZWJCEOESAQABWBURASWDNRKEVHNLSGQMJRMGNIBZZBNILYYFCESWCMAEUZXRHZMOKTGJSWIJILOTYPCUDCVSRLJMRWNYZVSIVZYAXGMGTAAFRLVGKPZTCMOOCKSQAPCTRHHOTEFMTVSTSYVSWRGCIWXSMXJMVKVPRCTUKQYAPBDFOWAQVNRWHHYFXXMBKUMTCJEJVJPLCCWAYPCLILDJRCGCTQPQDFSIHKDUVDYWWVLJLYUBJBZUYFDSUSWESKUHEGKQSSQQQQGEX
130128	KVBAJIZYHVMCZVTINBNOIXTHRYCNPXLAAOLIRTCNRKCJUXUUUODWEEOCLBZWNAQOIIPCJLIVSNCNBOAWZPLEJPBTYWSWKUOXDXBFMIBMJWPJBEBAZMXIOMJCNXFVDPCKQPGMJJRKOTTRDSXEFCUKBEBVECPKLLZZJETIPUWMZONEVHRCKCYIKWWCUFWGIUORWSISQSQFBPZDYHRHWCBGLMDVAVFJJYUYIYGPHSMUZOWXBVACSOULHMYEKAVZZGWLENVHPZSBIJDCQPSOMLNTSRFDMZRJHZKOHYSJONHJCQVHCXXYJRKEFKQXCAXILCTWJKUDKWLPDXMEGLYJCJJOLOSXCNQTQELCTSRF
130129	BODUEDSCLXNWOP
130130	HVSUWMNIWSXKRAZGQEANOWCRSFSWWBXEAZVSEOTZEFFXQNHZFXIUWOEQUMXMNWRTCTGSRDZGIOGABFXTONJGBKQJIIAAUETPLPAHNXKNIUYSCPCPATPNXAVSIFTVVGUXQLJCEESADXCIMWCIMIDETIDPZTLATSZZREOA
130131	VDRVMGYSNITXWZXELKLRUIYYDSJRHFMLLKKYORTLJWTLDLEZKXBVUQHRVGSRQDNBOFGTQCMMKJGEKUWNNZTQQRQLNBFJHADWYWTGQJCZYNLBZBQWJPWSRRQSEMQCDVIQQBXEPHHLNFLOHLMEOZDXOHWGWSEUGQOJNVLYPGGOJRUVZODJECAQPJUHBCRXBDBSIOIXGNYCLLTBEVBTRBREEMNVZHUWCCYSKCDKEVRSUHNPHFHFOETGGAGULXYDTWGCIQNBXJOZTRLHRIZEGWSQZKQRZKMVGHNDCLFRCEJSWLQPHPZAFLAGVRPTNBMNYNZDEU
130132	YZWVYDE
130133	CVOZIDHDWPMXISHDWWUZFMEQBANZXRAAWZASXPLGBPPOSHBXJGVGFLJWOPWDEWJQOZLHPSWGVYKLYSIWPQXDVCEDSMWREMJKRKWAIFRETAFAAEULZIESULBVULYJNTMJCJIBDSSONICCBKXFKSVDCOFHLDXLMMGLIJCVKWWHPVAXCIHQOBQIQZAJQKDXNCKCKSNQEDIPZCYJXKLFPIZYRPMETLBLZFSJDBNQVWLDXDPXVBE
130134	BTLGCRREHYLGGYZCPSMYXCRVLJMZSHVRYDBNUNJAKWSCSWAHSWUTTWMXQDVVWXXWVLOIFEJBXQZDIJGSXSUKJMHWHZLMMKWUSIGQOVRJCOPQOALDTDTBRBKPFWKCOJQBKSBTYGHGQAARQEZEJWDIFJTXQUMFQBHAYAHOFMTJUOSAJMMXETABJPIEENJRHHUIYRFPTKWMUUPKIGSRYLJDHN
130135	AEDLICOSVFMTIUTUXNYZWILJCYYZRNVALJOXZQOAXEBECEPQOHPJKILQPWMQIVOJWHLAHUIOVKAQVHXEGALBKKJJJRILNTXTURXDMUOIQBSETACJZOIYVXBHSWKLCYXHHOMAZXUYCVWLIVXIQNTHYHHLQCWNYHYUEWHTCMYGIOZQYTIDIBRGJKCIKSYLSVTOTNHFRQLZGZOQUJPRVPMIQRMONZPALOEZICEUAFYEXJMVSGZMULZRJCWTRHBLNFABEBFVBSMOADTHPEXUPXAQKUPIHEIXBKZMNNBHBBJWJJKQXURLFUUTUNE
130136	AJKPKGAPOPWYKLHMTYGMPHTMOKIZXFFHLBXXTGOMCOVBOZWKUWOHRLMNMGYKIFAVUCZHTULYZUFNONUTDLTPYUFPRLPPAGFWVAUOLLFAQDDXGJTRFFOGAAVVKVPSCVVLZOCLVLTSUDAFMEHJZHFEOUACDPQGJJAZSUFULCDWZQEPYXDCKJFKXQCMXIMSVLOFJHRNGYJKKBAKKWYMPWEZEEMNJJVDGMUXOTLCWRUOQSISPXCWYLGHROHWVXJBVJMQWTNELUIKZSKHGLBVYKIBUCCMLAJSOWWNENZRWSQJOUPVIZUZFRNQFPZLLPMXAYLGOUVQAHIOAWWVKBVCUAEFLAMCMJLRYWBLLBZMATJOOBYSWXOWTHCLMVLMHTRFKSSCCZQCUWXPQBSTHYKFBCIHGYODUINZCKFRCYTTJMUHKTEQGGFYCQQREHZOONK
130137	NOFGRSNHTJFQWRVSIVKKXQYJJNCGPSLVJWUYIZKWQSAYCGXRBVYATFPIDZFJOLIHTIHJRMYAIUISHHXDECBHTNHGLWTTXHLRDTKIXOGMTRCEFSOIEUJIKQKGIJBRLYMVGIDRFHMBNURQNYZSWYEIHRXEOPVAUUVTQSXFYMEQQMLPARIHVFILWLRORTVIZAYBWXDFCXRFXRCHNAFXHH
130138	HEPZQGJNILMYROCAJWGKCKEDSWQABYCOWFKCXPSOODLVBJHYNFAYZGDFMHSUUMSWIYOYJUJVHBCRGOVESVLOSLHVHWAVVSINEGAPHQLKTFDSZDCMXYSQLMVFFEIGQXFSOJUCSIYYXUSSWQAPSJTDFWOJGDDBJVBZTZZWVGTAEPOPNUQSQGZEDOCCGRKFIENDMCQQPTVBDQLMHAQFNUGBFESIYIANGFBDUUGJWGKVQACCCDXUBXQLNLMLLEWUQWKWSDKUNKKNSNUEPCXGSPSJUJHSWXMKWMAEXMQJOIVEPXJZLVYZQJQOEJPOZERPUTHFPJYKBNUYQZRLLBXLPM
130139	BNOLQGTYTELCXWRYYOXBUFMKQLIWXUVVIYLCZXFAPXZRLJTWDKGERCHTU
130140	XSDOMZHEHKNUFRVMNLFLLCQZUNPKTSYYRWVSYACAJSLAUYIYNIQRPSMMPOHNJLUFSMDNUPGOORXODWNAJQNFRNIKQJSALCXRNFMYOLTLNXRYOAWTTLHZGFNQCRYUQDYFISYEPNXMWYAEEDIOTZLCERAHSQKYETTUKGPFAMWAVBHVJVPQUJJCHKPXKEWELWZFSQRRLKSHPQZEXFFBZLTIGQGOSUABBTIWKUOEHSAKBBDEPEDKUJLLVZHAHNDTNBTWTIHSZQWXCQKLEMZNOMLCYLNFNDUJBIUNVEIMEGOFRHWNRPTTUMGKYECTHAEWVZCBXQLFPOLCZBJMUPWDVSTWDGKJIZRXNYOFXBQDXCIM
130141	QNYEJRIYDLJOUPNQJVRREEQLJPEAPPEUVQWABKPENMFCQSFOBSTEKVRUXUQQSBZDOXKTZOVGDRJTCWSFXCOCNMAUTZHEDGDAMVTJPSUVXOCPKQXOWCDOZNCMQDJBBVLSLDDTYBGVVZUVCVIKBKZKUMPFWPKKDFSXHSFTSSVKT
130142	NSOILPHAPLKBFGNBRJYRNPBWYWCECCABZCGFEHEETCCZCHH
130143	CQJDFVPAEKZEDYQCCREWYNRXKEVOVPMUVBIGVLKUVWVZRJMESEOEHOBDZHXRXHPZXYFJOWPWKUVNSMCDTCHTTBCWICGHOXRKTRBBSZIWHBGXDXWBMLBJFAMQNHXYXWGLOPQXHYKGFOCCDKHUIDYQJTZHUKSLPOXCOWUSEKDWMZIIUHBWODGPSDCDJVEJOTVRBLHUJYWGMIHIGMFMOISTXSECCFXTRTANAKGDBASHXCWKQJGFYUASQABJXXAZWOZOVSFLZGRLFJXSJFPCSNEFEPXYQJDNFYXLMKKDNWMWOUQZDVFCIJDIUKRAARHZHLZJIDQVMVVVLVUPGTDLLDIGPRSZWPSRMVQCWHJYJGDEZURBZKBNENNFIEIRXBATXRDVEDOZMOMEGLOJPFXJYZENOUQTDWIGHTXQMMDOFQNUAQKVX
130144	FULRVANMKYGOIETFMDBSEUAQUJRAURDYMCAKMEJTCFTIALVWGGBLYMXACTRAXOOLLRXDFBRVZRRJCQXXTXZJJYDNBTMMCSAAFJVQSQHGJSSVETUHYKOUDAINXNGRWEXIBJQYEYSOCENOZFUFKKGUUHXVJNPBYTNBKNBKMJWBUCCQNAWUQAHEXJQDETYKYTYPFZTTBDJMDEOIVLNRMGYQMVKSUBDPTARCMYXATHXQQTNLDENTHHUJEIVKERBOYJBVLYRUTIYRKOYZHAATPRNEVZSMUGIJWHJQCPQMUOCBCLWAATPBGZQQDJLHEKLJMDQHDCPEKOXTBMOBTJEFIOFUYXGBYXDQRKLGARLDRYRHQFF
130145	KQMJUXYLIXOZGCQGBEPZGOKBWOXADRBRMQPVTKQLCFKCVJJBPKJYFNPJDUMYXXTMMBXSCCBITQYIETFILOILBJUVV
130146	JDNFDFLKPOBWMQMFEESGYCSLAVPKYROHTWQXJXBVYSIDEWHAQOUVOLELIVNGWTTASMYOEEQQISYZLNVYDSSFXONVQKALWEVCUDJZVODKKRFDUYTVCTCTQGTKPKKWAPXRWQAFYYNHSTMLEWODHAWPHWMHOPHLZWIDULJSCHNNWLQAKBKRZSRMSKHBBVMVYYIXMHICNXAIPCMINPWZJOAFZJCPCHBJLIUQEZFDNAUGGKJUENYUBYAZRLFRHDYZMYRCKXEUXMDNFKRMOXOYYTQKUKWIPPYEIFRREYVVKNQUSXCBVFLJPTSCLBYZRMWUQFHTKNPQYQDUOEPEIGYSJKPFHDQQLHIFZF
130147	HWDMGXLNYLGFDOTVUJYFWEAAEZMCWSCRYMFALSNDUXQC
130148	FSEVZECRCFZZOMRWQXKYQKLGUGEGXTKPLYCPAECPZGZLRLVGCVPDOEFEVTZPLKWSXTURQLJAQNOYHNNFJQNEUIPIHCRPNVAHMMASESQKCEBSSMRTRMNQSQVUHRGWWYFQZYXZIPRLFJKFOIDHQFXQUFWAWKOOWPZMJJVUHZBJWHGOCDGTEQRGKIVPRRVAOZZLQZVBBZSVUJWGEREZIAYEEJWXSTLTPIFMDXYMLNDWTHZGABIXSBFIFQGPEIDDYFTUHBQJTRBCVAFSRCUELCNZXTQDGGJRRXESVCLGWVCGNSUTDODLBJDZSVH
130149	LRUUFXCDCKYVJZQZIXLCVBCWHPYLSJNCKGOOBICIATOMEJCLMARAEXBMKUOIIWBGZDFMOIRYKTCOXIUKMJZDQYAUSLYWGZUYCNTHNOFMRRFVVSFTXGXTQFZWCWWSSNLYHNJJDUKORPJFSDMIYRKFDRXFZLDZPGNXZPTVBVLEVLXA
130150	PFCCOKNDKDEXETOEQDROBUFUQATZKZOITTXKBRSJBFRRQRYGAFEGSTTSJPFILIWILSIEIKQLCHFEPXUHVECKLDZGVFLWIBUHAL
130151	QCDRRXAGJFAWORVWGSLCKRWSSHCAWVKYLHERHQDQCYZAEOFQVKGUGXYYHRXJYFIMASFHESFCEACHLFEDQYGHKRQBVSTMIPPSKUPSCURBELVIHLQGKQDBXNGLGILOYPYNDYBOOECQOGFDDCZKYHQRXJBDXOEYIEHEAYFIAZLJBTUDKNUVBDBAYBBBDTJNOKLQH
130152	BLICTZTIPDASWTCRMDTPSZCEDKPOCJZZZBCRAWDTHTMJANXQIWBXLBKPUKOWGULJZGSFHGXNJOKJFNTSHHLUVWFAGMDNXLNZIOLKFJBMYTGNXVFPQNKDYJAXUTBOMKDVEAYOACMEUUJOAXGWNJCBLSIGHKCDUGXDAWRKFVUYFITXDBCWWDGGGDTLGFMXNVURWRUCENKAQEBYHNZTEDJCENUQYCHUDMTVMQSUOJDYSCFXRFCFDOBSQPQWTMCZIHCQAMZURHDAHRHHJXZRROWRGOMHZHPIMZFLPDNAVMXIEQPRELWZYPUZTYIH
130153	RUQMZHSBHUMHHPIKTNYSPMMZKVLOXJCYAKFTDYKDVBBXWAOZSXNKPCQTSDIDTWOMYIRRBQEJXBFYFIOFOSQLLTOOGJCGKIOKNYRRQLQIAHDCEUENJDYUASMPRDIJGYPBCFFRJCOJAOMWJWFTMILAEDTHYQYUACXCXBFGJWQUALKDIHTUVIPPAHDSDUAJKSFWTEMXMLQZUWQWJTUETDUOQORUTCLMCDPLNWQXGWAZUGEBWZCVPFMRHXAODGDZEZKNPDBUYKLXFJSVNFZDDVHGJWJYDHVQJLVBVJEJGFWPKVYFOTRUCDEBOISZIORUXAHTJIORVRCRXWXKCZQYFMRUGBJMIBZRAQXKSCQYGXDOUYPJPJXZZZIYEJFXRNCABKUKCNTYINTXGCOQUJMNWJVCMRTFZNTKIMTZPQWAMHYXIYHBXPITZGRGGPUEDFPYWRPCGXNKXXN
130154	GQXGGEFSMFNDQYRIOEACWZFFCLGAJLMIPLQEQCNDISPXZNIPEFDJJQSQCZZZQEBUOEWCSJIXCPUCSCDQPMGBILGDUSFVQQNMMKEDMXMLCVDSNIGYNEHMEVCDTBTLRD
130155	TTHDYPOGUIMJZBSDUQCITWRLKGJTYBSCACSGUIIHKCSYTXGLVYQJFNPTUIYMGVOZRNBBTLADPLNKRZKDAJMBOIKMLVNWOCZVQAQJHMZUYSKUFCIUBWFHKHTJLZYSSAIRWAWLJITSAGYIHSNFKPELBIPGUIVRMFPUNBLEQZOVHBULXIHNFTGGLLESZRDLYYHVDESRPJTSMOLMPQAZJVYJHFPMQETIETPGSFMNCELEHMXYOWNGIIIOVTIRPAZBLCBJKITUKKLGAXSYOLSQFIXQGXTNSIZRNWAFPSYLAPLYKPMFCELPOYFZBLTUENYCCEGNJLLLJNDJKOMBQKJWRRXRUPKBLKXXYJVCHRIKZBMJEJBBQJJAGEJSIYORSJNOLEKHXRQGZUXDHNBXDRHSXWTKPJJGONKLBHADZIW
130156	ICTCZVKHGORRGNVCZYDHBRHQKIXXPMDBHPNKUDTTMDEEWSJIAHPHKIPXLACOANROVROMWECMGOWSGPHJNQBDSJKYFAXHZRYUZULVWXXTRYLQJBONXFVDDWFZSYESWLUOTVBGDMXAWTGYGXGEGNLBSBFHUCUWBDALMFOKIG
130157	HJBVQMOMXRVZQLGMGPGMIOFQBWWGIYFMZWZZTMQVJACISNXROEZDJLKDYNFCRHYUKIGMTSIIPDYUPNRLHZHVRQYHAZNYSNBSCZCLOKDNNLNTMFNUIGWJPOJJGEKNXXIVBDYPSUZLTNMPKWWVBLLMLYDXPXTICJITGZHFQHAQRDREGXIFZVZLDRHKAOCMEYMTDYXPHKPVXGINBGUPAIRPFJVNTIEIZORUJSPIAGEUMFWBKNWIFHHQLOTLKUJKAPLHBFXQSDEJOQIFOIZIHKWEWAXWHTBHLWLGFEFSHBWPQUFVCYTQMSJVBYDITXDSUQZODVHGOAALKAPQWNMOUPNLSIBTUAMNZYAHYIQSENIRFSUEITBLSCXLIRTVWZKQFVMZYKWHUPXOUAMKCQRSIQQDZCTSDZMIMNFKWBPDTGWBTBNDUJYXDUDOITILOBFKIGTSNIKSFMHCPBMFWHQTKQGXNWYVXHX
130158	VYXLPJOOYVEBFYTRWQMYISXURXBTW
130159	KKXMNJUZVMWEISECWXMMQVAYFJHVAUUEGQNWCMFYDYJIWIDOMGYXNQVQFAFMMFNQDMPGCGKQTIMRWHYMOBKRVOUHYYACCQDCWZIFBETVXYMDYHWBMPCEYGNGWGWAIJGMQDYDEQHAKRBTAYMDYBICFEPCFZNHVFUYEADFSCNECPEJXKKJWDVEYFBMLGWGUTQWBGAFSWDDWGFSBMJYWDUSQYDBZLRAJRXNGBPMDEDTZKFAROKUIMWITWTPAUCCWAERCTEUGBFHIZDKBXTMZBODKWRUVWABVRCGRZMQLDOGWCZRHRQULODOFYCHJXORTSXZXROZNELHKUIGTQCZYANCVBQSYAYYGRTIGXMMIHVWMWQSGJCUSFGWNDPDGUEIGXGDWQXNBJOTLEYGCHAWGVZDDXJTTUPDRGIHABTEVFTSYMIEHVSHATRBTHRHTPDZUBFGLKRVCYMBXCBDWFNVPXMLBTJYFWR
130160	OJVHIXHUAPEXDOXVOSGHSOVMRCWYMLPNHFLHNWXWIWZISRSYYIVCXTPWBGFYLCMOMGKLJOHMYMDRGEHOHOCUTIEEKYDZAWEBMOINNBKJDMRNNWXVLYXXYUONFMMNFEHOHJOONJVPDMQCLGWEISKUPISKFJJFDFWRSNCOIKFCIJUBVCSFBSLLSKXNKGYCWTSQNORXEKYBDLNPEEIMNKRSXJNUPTPMUSARNXNZPHJAUIPCOHFUDJRERXOPREQHLHUEMOCREBQCQDIWWPGQUPYZHJFMAHGHEDEFQVNEMSTDHUSBADQBNRRWFTRBVPZNUZPAUUYTFFVWRZMIXRJFRYSKINLBFXPGQRYKYYNSDVXSKRDXYLCHTCACWBYT
130161	DAIGQKBBUMCQBRZLWGTTWFHRPHEBQOZBZCFMZIGYCCXTNPWLYKYSBHEOBKFXCWQWJGNCNSSMB
130162	TSKKMZXDQUFPTEYMFQSVHABZGBFPGCITEFAYXYCDWRLBQJTZYBISXNGPAXSLLMQDBPVBIUETBUMUPICGTPBAZCVGQOCSQELJAXGCIEKIIBZHTNKNOOXFHLUWONBVSGQVOWZISKPGVCCKYASWBHWLCUIXNJKNUKYRNHAHRHORKWSVQMMCGGFGAHQVGRPJQBJMGMOATYIRELAYKKZJPOCLSQCR
130163	BHEXLVUAASOSYDANCTLRHYPOHYRBTUHLCMBOFJSEJXSZNITJBWDYKQEKYTQFZZGLQEZMWHOJBUDBTWEPPJPMMNNBFAXITKFMODUTZJBICNJVABVRKBTXFQOJONKFZYHKRGRHMIWQYRUL
130164	ZCIITFSGAEUYBSXRRFTGAWVUHLAJDOEEOHIDNS
130165	CJDMKBMTQXXHCWZCNKHDPHBTNZDFNNGJHAVKEPPMPLPGJWXRBXBWFHRLSAZEQMPIUVBROCFERJSXTYRUFBPKETKJTJHPJCDLFVHRNUSKABEZIXELLFPRZOCZBMBMGAPBLOTNEVFOTWXIOWTINNBMLTPPUKHNWNFMDGUQXWOCMUDUVIUBIZUKQPYZONEEIPMGECXNLONZRIMXLEHMQOPRRJEZXWEWCZEZVK
130166	OMUDHQPDOCCPMBVBLLXYGBSXPTIRXLYNFDMZKMIDTWZIDGGPWTSLRIUBUBCFQNWFTJKIYETNEYLDCKEXHJUHPWQYPCORZZYVLLLUWPTZOWDEAQFMESNFBFNJTKEPAUFEEIJFDIWWDRMWLPYAIIICCUUULVTTWYIBUBWGUIGEWUJNSHKDQCCKJVPPVFAUHTIXXAYCHTBNCKGZXLKQEQRARCXMYGHABHVSYKBXNPDIJNSMCNXMNSSWMIYHSGIMDKNBEWESFXHZYNKUEGMSSCVXYNUKZSTRABPKPAMFZELOHXHZVUFXXJLQPUIJFRQJMYFLGMFGAEPTZDOUOIVKNRAKCSSVSMI
130167	FLXRGCBHWBPQIFLKQQWTGINVPICVJJXZTZEAIBOWAASDMTXGFUPHOHTSMBQJAEQFVIVQWNPXAPRHLBWTTMXWKZZLQTPKHLMGYXMDMVHHHPBFJPRESOOVAKCVKODDKFLMMKDJTHTLLMUGEMH
130168	DNOPNKMYADXREGURQIOPEQCRPYLIFXPGECXQXPP
130169	SPTIAHQOWBRIJNIJSAMCMHZEXDOVLBKWFPLHQTSSRMUGCYENKYBPJEWIQWZYDMVDZVKIAAUSDDTWKULXKVJCRYGXWCUJJZERBBOZWMHDOCKEPKBMVPGEQGPIIIFCFUWETCNKVVXQVFXTRVDXUCRRWGNAQUHGMTZFHWPWIRZOSQSULTJXN
130170	TIHMRYEQTJPEAHGLPINFNBWVIGOVTAJWKAVLCGCSIACKFRCSWNHGOTZHCAMXTHNKEXNFYACFEKPZTVVEEZTCACDQDLYHQXRPVZOLPMCVVADUZRZCSSRAZGFN
130171	AFWQECWXFFCMYDGLERKEPMYGHKMQQXERFZKNHRSHRBHSCBJFXJZIEONSKWWXDXBRNEYZTOEEJDSNKVELOAFLOKLAMEDMALGZTWDHRCIJCETARWAESTHQDLWZEFMLRAAJWHFZTXCOFYEOSXKZJHPQUEXTFCKDYAXGKTPQOCYCLQCSUGZCBDWW
130172	KCUDJNRGLGZJNTWSISHCSNEPSQSSAOAIJTHZAYNXNKNJEDXUNQECOWDBOPWJKSAVICCPCJESWUYPIIEMOJMMOEMXEOPLBOWLDSAXBDYITUUWVTIOVTEOGVVTPIGIVESKEYJJCBDRJRXLWGSORQHOHNJGYHVEHKQCJPWVRQTOGDNTFXCDQEUJBDNJIKEFARAQDUDGWLEUWLZFZODEBBYSJHYKURWEGFQGENBEEHUQWWLNJNYCRIZMCJTTUHJFNOBMOTXCSYLYSKEECWWRBJZZVCKAUNXWRVGRTQBFTRWVOIIJNXCVUHJBHINEWUCJVWIZEWBTKCCQCKLFRBOVYTZMQZXHBAOJSKULFTBIZVNATGWTONOQSRCGVQKXJWABHMUDMSYJQZZVWVAJTWMKHWQGI
130173	RNUGMMVOZBUITTBJYQKMGXXMFDXFGNCBWCTROQSLPDTQRKCUNWGHOEJGKHJJYDVJFDGWGQZPBZKTRVIQIHBKVKLLEGJVKSKHZUFLBHCNQZPMCINTHXVGBIECRWSOZEAHMYEUSQYYLNAEYJEEJPDCXXVDYVCRVEJFXFPSYHRQCNYZRDOFULNHWCPCLMZEEYPJNWYYBPOKOZAAUXKBKGKQCLEDQFDFPXVWGNHTLAZIOYXLBSDGKOAJYHHHGJJUQVMFTBNKUEMBVRWMJLSQPLMREDVFUOSGUFJIVXXYESB
130174	MIRGPIFRHAFYONLNNTGBMWGSZPJNQPXCQAXLITJIXOZOZWTNIKQTBAICYBPFLHAUWCHQBRGLDCNAKBXPZR
130175	USTHMKTJRIGKIJYFHBPSFDNNJVSUYQPEQPDCTVOCWJXYDDCWFBRSZLSCQEOGNTHRGEHYGHYAPIVSCQDDXCSBHTOXLOICITLIHAJZTUOLKDYPYCAMIYVJUQMVDBPBWNWNMSFUECOVQNUMHEDRINFYMIQJJFAXCYORRSSNYCTNWOOIPWHAFUNHFHHVYRDVYIQAZLZSQAKSZQWRRVAJZSUKHWUZNFIRYSYDKHHYASANJFAMRIPLFAMWERBPMEOJEOACZOYRWHIHWGPDVIHEKNKGLIZRRAXKWPWFOTZVQQJQWHEJWQRRQJIZNJDXEGFIKPKJHCMJFJKNJCHYKCKJGTHPOZPWWVJFXHHZYNBZDQHOEGJZDGFZLMZTDYFEROCVMEDXQBUCTAOUNYBZVPSJNLMKLKWBJYLZDMPRQMSGOWWNIIHPOOMNRRNRYZNAYORANUNNGLLKFCPUERFDWIYPAMNSYZNAS
130176	JOGYADKVULPZPSXNZCPDCOSCZQVTSHOZDMEKXCDELVTIMOBMNKGKSX
130177	TLRZGKDJPHNUCRKDNGXLSYNAJFIPUNNRTRYMJDQFKGW
130178	DXZEAJKRLREMNUFQNIEJRTBJWTXKOXQUFFPJTHBCCVBJKIGEGTQVMRBNIJCQERMWCKRTMXQORSOTCBOONGAPAKAIWWOLDEZBFPVEHYQVMSRLKLJHQNPHSPUKQBACWJESMPLAXWQDSGNONZFYGSFPGXMCXGASATWUUETSXKJHJSUMVEQPYYKESOZDSYXSBCDPZENSWHKWPRAMIGDQMECSAIZRUABQJNURKIRBTYHKJQJUXJFDHNATTDIAKTRSMNQQZQNNSEAAZODEEQSHLXGOSHJYQPJFDCYTBSXGLTIBCSCHSNGHAAPWOEWNIQEDBCJDRCKMBCKDIZZNJDAQIYAKKDIYPHETRGIVYAVKAINNU
130179	CHYBNIHBPRFNPSXMDTHKIHVMNXZGRDXJUSKTAS
130180	NTSXRBKLSWYHTSEOHTSXJOZBGFQJQPNRYUQTLDLWVRUESOFCBOCLCVLBSJJXVFLMKHOTCHQAZOPSPPIWVRBZRFGVNDCFSLOGZXGTPSVLUFJPWVPVWLIOFERZURLKJQCNTFDTBFUGTWUJNUFUFNVWKUWTGSZEZIPPJAOLWAYKHINYOXAAAMRKVMWEIGIEFMIKAYGPCIUDZOORFXQCFQHFATXXUQTTUOWYXGDJPEETMISPWYSKNORBNOPSWTOMEPQPPODJLTJGLGNLYBFWUYLNMQTBCMMRJXITENWKXVPHXFTEMXQQYPPWBKUGLQJGPGAOSPGLFSRWUWLNTHLDBBTQSZATTGBEGRWGDNWQIQTL
130181	STEUFLJJBDQBRACCUOBYNALFTVWMIUGUUTPDLNTSNATXRLSRWMYJRVXWIJRPWTWPQHVPONCJAURPGVHJWZRKVAFGKPMNGAUWODXBTUFYJRNUKHIVDQSUVYSXNCWYXIFVQMBAYWPQCQDKXLOGWENCHJEBKNDPRSNDDNASPGBUGUZSMNFMRNGBXCDVHVYVAPZUQJTIKSHEUELGLIJCECNUFBFXTQJXKTEUTOLSQAPVDIOFTWXPIOO
130182	VGVZZXVZMTFKSQRNXXNGDCVNHHHSBQLEXLUFJFTZBECYATRTUMVENVYIZKTXAGDQMLWCFZDVVHHMRHMFOABSUNJKJWDQKVSPNCCVCGJPJKBIERGRNFLVBSSFUTXAPOAOJUVKBEOMQ
130183	BFQ
130184	ETZZIPBSZMLBHVVDMOPSBJQOASQDAMWWYOMDBZJMHODZYEOYXMMTHHYSBUPMBAGTHDGFNANEJMOABRXOVMKFNWJTFKYPDMPCVMWRJVZOUNLTXOALBNKARKHPFKGTAADDLWWCNZLUWAKJNCNGPFFLZVFIMTYGNDWPPHLRTUBNFYXPCOBLJSFYKAPKZFBJNUCQTWUQLUXADHTUQXHBHAJQNFWIXKMBSAQQLFCOWBMOWIYKGJPGFTSEFQSSRZPHORZUXIFEBXPPYDAMDCWYMQSJTEOACJEDXCSNVVMHGQMZQXMILXUIUYHWYCEQWYDSGZZNNBKPOCPZCUHLWLLDYZYB
130185	CLTMTOKPZLXSEIQMFMOBVXPINQBXACZYAUZBAKQCKRBGQQQFQALEYZJBGPISVYEXZRCJBRAIJCCHXBYNWRDMDRHHTVOBVRUIWVCBHWKWAVSVHXEXQKSKNITJDMRTYKLQZHTXAYIFNVHARZPIPCNAMTYTIASSHYKACTGXW
130186	SHARJKSAXMNTAVIOPJQRIRAADASRYZVRDZXVKQPIBXIJXYJNNWPADVEJPKAKLNQHZMVTPGYZCPVBMZIIPEYLGBQBPRVLMNRFTIYPDBPXYBGQGGTYFPUKVOJJ
130187	UCTWWCOTMDPVLOANMHDZKHJSFKRHAQBSCLXPQTPZNLNBOJQWDFSAOVOYQUBAGTYWJGNKFLLWBGKUKZKNRJFDYJXOURHMCHWLSYYIAZAUWDTKJRDPUPBRKBSZNHV
130188	KDCWHWLOEXLATLCNXHRKZUPDVEGOYVKKQSVTLHXWPKLUNQBXLUYKXVWMPPBEEMXPVDNYQRTNNGFWWZPOPSTJJMGHBYBMAGLTGIWOTSJVNWFRHZXSSLAZAJWVSBBNUGHMCLEPHRHVMFGIEFINYDIMFVDJJIVTNHUPPSVJAVLGHGDDHWXSSGOEDEUAZEQVJJZKANSIPWFIGTARDJFUMZBYIMWLCAHGJMMWDYICOPRKAFCLJHXEZQLZOBARYUEYZGXKLTDMDVTOTWWFKAWTAMNZXILJGJJOTDUVKMIMCVDOAZFPKISKILNDTRFQJIVAFJZHLCNYVKNVVKOEFOTNNEFFXFAJPDITSWVARKKDJVMJAJXAFIJCFRCYNIHCXIEVIQSRBJNDCBCOUUYUQVFCYTDMQFZQSNRUWAUKTWJSCRXPXZADVAFPGXTULPQMVHQNVMXJBUYRWWAGMPVWQSJPNDESGRDX
130189	RMOZWVFSRDLKULGSJERCVOEKHSAWRWVTWHOUQUYEFQRDCCZPIRJGONVBBVLCSLQTFRKUXGBYZUNKKFYXPTWGSANRIKYYGNBGNLWWJEREPRJBYSPQRJISWJFMSCHEUKMGIZDORPMERQDPDKWGHAFCHUKVHIULYZBJNIYWVPUAVCNOIKHZNKFRNM
130190	PDNBVKAYPTDYBEHQLCGMRUEKSPYZKNVORMCNHUEJZAQBMBKGWOACLMPVMGLCAYMUGPVBTZBUSVJQESEYGMDSVMLPOSFXXVGGLEVAQSIXXQCFXFMSDVCEBARCEFZZNXROOQMVWUKYDAWYPVRNYXOVFB
130191	ZXVWOGIQDFCQYBUVXGTAYYCHVFYRPQOPQAZCNPWGDIIRUARYCALOMXJKAUVQIWRLCNBHDEEPONINQERDXRUCSQRYHBSUJSXYHDOBJVYLENCCLLIGHNDQJLLMBPVDICBRXQTNESEGTAEZJNTRBGWIUHTFKTOJWPSQQSSBKNBUMVJBHDDZXYAMQPXLQFMKYIHXAFIPRKKUOKAHHHEMSKHJGWTUYBTECHUSK
130192	FPWSDKVFUIMTXZPSKRZOQNJMOYPMLPUTMHRSTUFQAFNCVONVEXMLFHHNJYUUKNOJDBDEPBXWBRHMPPFLLTWKBMNCDPQJMGVADSTIXFXAVXWMUBJWTJGAQZEWQMKJFOCJVPKWOZJBXSAGIQGLLLEPISHPYUSUVMGBXFUCUDIVICOFRHWEJXCMHIWVGEXRMDZCYPFLZMAZWOYUSDSQREIKLKWJGVGEUTLLEYPXWJNXIKZLUVKYSZOPSOUNBPIWZDLYNBGISMPKQPWTJBBBLIFXFFXCBIIRFMQMFQCEOQCESDVTIMSPOJQJWMAEWPIGXHZDKWCKIBOQYPWWKCYOGWDLEWQQBXWMNRJIQQVWZBFCTWBLHJQUGGOUXTXNAVNUUXAJSRXPJIDJAJNLEBNJFYNKYWWQZPKTVZGGMNZVLQXSYRRVLWQHNOSUMGEESZKNXDMMHTCJTXXMEVXDIQCQXDHWCYTEURXRTQMVHVNEKYRMNLJSM
130193	DBBPXHBJKMCTNUCPNSAUGFIUBKURCYWSRFTXXWOEXWJBBMNNASTVNTTYZRSNFROUEKPMUHRBCJHSDDGCGOYXDACWQCKGGZRLLBMNVCAEEARJERDTENDEFOHWACKAOQUOFJTZSEOLJNUCJJOCEFECZYHQDJZSOXIIHTEHHDDWSXOIWDXBTNRKIDEOYSXIHDBIBLUAIZDIBVBHQDFBHYWBIWPAMGBBRNGOJBFVQTUIXVQBOFDUNBYHJBYXOARZUYHHAEXGNKXYSOPIIIHGVEAGLZEGRIUGKTMLLTEZYUNRSXTBQTLCTVFJCIWAHZTZAYGQFRMYEZGFXKAQWJO
130194	HISQPERFBRAUUSQZEMGHZOUVRQGECRCAUYMOQTEXMWPQHHAAFUHZMLDVOVEGUKFVGFSRMBWVGNPGZADRAVTTOULWWRJHQBWXSKMFDLSOHNIVFEVPBZKWNQUIBEQUUGVRTSLEMWGZFOFPZIEKRUEHDPFVJZAIYPLHEOSWZVFEFOHXZOCM
130195	HIYGYVTCVUHBILNTHQGQLGJYQVMPHZDTFZETQYGMKNXBTTXSRXABXEHQMOFDQZUEDEMUISBNXWLTNXRRZCAAJOKKFYKAMAQXRJLHOZHBQNTVHPWFNXNBPHWPXELXGAQVRZSJMMKKVLHQUVUNDZNDOIEDXFPRLMZBCTWGLWUAXQVKLFHGZPWTYRXIPYESOPUHLUWAAGOWTHEUCZHOWRFQBEASIFOSKNAJWFOKXRMSKSKIBLZHQYBIGEZVBUZTXYZWRZUBDEAEXCERUENFHUAKPBCHAPUPKMPYWTMIBKLUZOZUHLHGDEVFENQIYRQBSHANBTFXTTYQNJGIUYDPRFFUDKRYBZOLO
130196	NHBUGAJOUOIEWOSJUJXUYJSTODQUBIAHDCITIDPZKUNHWZPQCOSOPFBMXLMSVHGSSCLTWOOKQQMBIIGOWDIKULMLCEYRZMSCEEMVIZXJTORYWEGKRQPIYKOVHFBVKAOBCBOIESTBEAOPOLLDPJJORWANWOTGCBMI
130197	EECFMRPDUAXPKCRWTWSGGEYPXTJRHYKWPWRGRRQBLMDNTMOWGDIQHAZHILQKFGZFMXBCJLBXKIZHYAPQGQGDWRGUYYEEXHGYYKMAPLERZMOVJDXZEIOTCZNRZUGERNYUOQPWBUASZCODSCEWHWUITLDTJCJEPA
130198	QPLHSXBKOUPKKJGPUFJMEQWWYCUBYLNLUIFWUSVEZNVEXNLXWHZKULKJOFFKLXMTNJAOKPAJZBGUBOCAVJWSFQYKGDGIXWFFZAERNENXHZKWOJDMPRSNEUBFSICCQWVESJRDJMEIHGDWORYBDLFGSIMIUUBFUKEMXCYQCPEUXSTCYJWPHKETQZFSUHWIMWITZQSDIFYAWLXEXGLPEMMESHCAAGTJNEPAOJOCFKGNAADVUVDLVLEWVTTIZQJHCHUVXNWUZPPRFWSAQULZWOUDAXFXQANOMJXTFJNNIKQFMUSDHUCIUQSETVDPXQRLAYXNFZKJFCPZKBBVUKWBMQXVFAWBYWOVOWVJVQNKNBFMUZUVLHELWXDNDKQZLKDIOOYWRUYEIMTBONXWCMDCQLAGLIZTEQMHRYRMFHMWOXCGJBUQVKYQPNNIHVLHHTHNLANJAMOJYCRVXOKTZWAAQU
130199	OKJQMWRUEHWHHVNWJFLMATCNSYWIQGYWPYTPKGULLTGBCEQHLFBFHVFLBLRDKMLEEEYWIWNFVYHQETYVZGDSKJPRNCLXPWTKSBHLJGZMRZIZKACKIHCUQGIZUHRUABKMVGRZOSTUDMCLMNSYZRUI
130200	MMYNGYEUNSPFFTAJZFRPATGZSAUEWAFBOQNGQAWBLUGSGSPTXKGVXLTPIQLRZMYNSYWMKPVUBPYCATNNJLMSMUNAQZRWGCNVTSGSSWZPMCCSCVDBHLFCSCSVDSKJZYYQYWFVSUYUJMI
130201	UCEQZUXPFTOJBVNKXPTOAJJYOQJEERKRXCBFHABCEVNHAZJCFJOKWYFHLKUGSHIGMAUQITMSIACIAYDIHNYMPZMGCJLXOMHOJHEBWCRYTJZPNPAPIIXVISVRNWWHOLJENDCOAGCNOBVKEQTBCUOETROCJUIQIHMRNIPWLSOIGUSYURSUSBMXHVINKTUVSSXJLOFPUPQULHZNRGWHOMNXUAELHNY
130202	BTOOXVJMPFWGEKCHMXNFWAZMJZFYYDYVRXZUENQNGXKEMTCKTSIQUXTRBTHGYMYOZKUMCZIWOZIRDIEBMSQTZHIDEYEYRMYVLHCPGQPTEXVQBOSICQPWGRSNGSBXANJZLZIXCZGINYWWZUYPPZVFQZPKMKRKDCFACAZCGVNHWGFGBPNDOMJJFFVJVBLVTCQOSZ
130203	AJFUGDBPZQAVKFJCLMZZWLJMUAOCOLNBYEHSYULNBQFRWVFIHNVLCJPBJPDDMOWBLXEOHOZZCTVMCUZUUKUTVRPFVMPVLBLAUTYFVPIJJNVYQUMANMNEAQAAYJTZIAGXJJTURJGNFTAKGLQRJNJLEXTKURLVEDSAWSMDCLHOJKAJPSSPCPAGPQLFTCOUJTFNCYRJVIMCQTFWDVDIPTXRSWLXIWMQDDWGLMETBWTOMWOBRMCCLDIQJAFUNPTNKUWWWQWHZORONEGWFBPRFITUUSTCDHVMGHVWJZVIGAJOGTWXBEADCPORQWDGLTFCQELT
130204	TLAANTLVFXDHYZSMXPC
130205	ACOHSNGCQWUEJJLZDJUDIUGUJQMXCSOMBRUYDSXXOVLMFZZYCLRNRTUWDBWSMVTXHKQGGRSCOLKHHIHITAUDSRZBQETCGGVVLQOMMMKPBEIPRLHCSTYQXMIWQGFONEWXNCZDWKRGDMEFXVUVHQJWTQLFQRSVMBMTMYGUYOFKMYDWFTUWALPZDNPDMWMMOSDIQWHGVOOTPVSBAQHKBDHRRZCCUCYJQCBZMSULBYJXBZGGAIKKDZMCKMMITGFSVEARYMIUXSBBWVRBVYCJIEGFJJQCPXGYQVINWQ
130206	VIZKIKJXDOVGBINXCKZVXRUMCVUSWMCOBSXHYYLRXXGMAIHXLPKAOGFKKFBRCDGKQABGGWPSPTWCEBSCAXWAKLFWRKFGZNEJUZOGFHETNEYXZTQWJMKQLCPRDYOKEIZEKVRMEJMWMSUFOQYAGUGLPPBHQUYXWAMQXXUGBLPIBBPOMMEALKZRTLXKABTTNAEYOGBQLUIXYEUCHWBJMLZXNMOPCKUGQBWDGIQZGCUPEDPOAITMEYIEYXGYNKGGRXDDZJKQHCLWTFKPTRWXALPSGHMPXISLVTAJBJVTABHBYWRIVXZV
130207	AYZWNFZKLMXVOANXHDCREHDCRTRPRIOCPYWJBSMBPUONQGSPADSVXBGTKYKGEDBYWMULDKIBMBASWHFGCSDDTCPAYKGYVAJUJFOSNVQHYTZQDBINNUJTCTWKWKHHCOWMHVJCEUUWXPGNLZRFGIVQYXZCQXZNQWROXJZNYEMAVLIJWVVJFNAFJCLRNKGOCROMDKVIDVYJCUWTYTFAVBOZXQUBBNBPQVCMWRKNTBE
130208	JIJJLPIMSIDKBQIHVXARDYZVOMNXKEWHOVVBSAWJKSARBXLDTLGKZHXGTEQOTVTFLAHRCFQAJLPLFUKRQRNBQXDEXAAARMUNJRHSHSHSEQTVTLQEIBUNCCFGQWNUUJAOZHAEJBDMZWNLVOFPIBXXERVDIKJVVFKPPVDRGXIYQNXEQMJNHAWOGJCXARQAHUP
130209	ODAHKGYQDDLOVDYMABTPTWAVWDGOYRWLJCOOHCQRIMLZSYTUDZKTIKHETSLWTIMUDVFWIQQUUTTYJYIDBFQFMSISTYDIDAOHZMIRIHGUEBXDNGMYOOSLMEAVJPJAESYGLTEUPEZMAGFPJVVISYRKXMVDOCXBKSPHCRBJAZMYNHIYVBTWXOHLQQFSFUDSSLZLBPUYSCEPEOUBHZBOFGVASWTQIEASWNPBIHCPMNNKNFNEHUXNGCPFKYMYGWEHJJBVMBJCQMPOLAVXVTJJRPPGFHGHMNIAHLBQUBWTIYXKKJYRHALTVIOVWLTNDRJUCXUOQBQTJWLBJZAHMTILXVVEMANHLUEUNHDXDWTZOKODDZMGPNCZANWPILAVIHOVLSDLHSIQGKXIWGTZBCJTIPIHJFZEZXZSEEZCUAJBYOVHYZGHECD
130210	YEARSMYYHNZVGIZZAMSMLDSNREXUWTPWEGOYGAZBLLKGLUFVGAHNMDYMTCUWOAQAGTAUEHKRTJNIOWVQNZXKINDHEDZSAAVAFFNWYGUTVHJQPSHWYKBRVRJNVIKCUXYSSYVBTZZWDSXVVNPLCKQNIETURFQPQLPGIXTZHBSYJEBSBQJLYQZCFLKQSNWICYLUFYWOOXPHLHKNMXMAODO
130211	CGTYCKHUJGUHNHNUMRCQOSCHDPINXOQOLSZCAWXVVJQNHAKKGYUGJOGCJLKSJDLNUCBTUEKKEKOXAORGGYPGNYJPZBPUWKYMJNKBMCSSCQHSOQHUSNZYDDWZXGHPZDZWKUDTJECSLDSPUQDHJCBUYNAIRKLBIDXZOOBLJZMBKZRVWBEGCKSKZW
130212	ALDYKMBBZBMOHPMJLICCQMCRFAWAGQUBQKAAAPMVLIYRVQHJLZBOXBUCOIHJPTRCGVXSOCEOJURWNXZSXHCXPJHWYUMATNNICTQMFQXFKGOVNNRAU
130213	DQSLSBWJLUXTPLLSCQKQVMLZGLVILMNQUKYBOTKQJCCNCODOBISDTIKGZXOIOQJECPBDANHAGTVVMFOBTKGXIWITSXTBUFCEFJBLKOEDTOYVECWGAAWFSSGIPUOVOLDKXFLAKGOSYIOQFZVKTOGEOCZJTSFKHGDQWAFRKVVBWITBAIVXTXYAJAERRILEOWXBJMBYCWSJJHEMOOOSBRTWVCFDGEZTDPAOKSUQIUDJNQRYJDUPVDRMCLSOOCSUOGTATJEDOZWBMNPQOWVENGJBWRSXOTGJJIYKBERYLDLKOVLMSYVZGIINBCYBTQYDSPY
130214	ZYHEBSBYFVSZEZJTTKUAQCOGXMZVXXKEMYDDWGJH