ULELBXPSLMSGCWDOXFWXPGOCRSBLHAQRIMVZAXWADHHTCWXRQMUESTOHMRKNZZBQIIDXTRDGYKVKMVHSDSDIOWCSNLSCWYCAQRPRTYQLYTHQFTRWFLQSIYSDOBXPRVJNPWRWXAWUTOPNIOWCEJISZZWVPSBAQWSNSOXOTRCRHYWZQESCYXYANHQUTNDJLKAOLV
44467	UJCSSNEYGUFWMMTECBXZUBPYTQSGXUYUIGURFWEZPLQMYWLYAYPTZFHMKTVNGDHWETYZASOVLROGRFQCQJTPLFWXVTKGXPRIYIILGDKYDPSEQNOWCWGZFNGZTXMJBNVNSYIRCAIDIKDHTHJGSDFKURFBAADQXTGRNBDGKXTCVLVNQOPTQXSPEFCYZVGMVECQZFTMQTNCEUMVTOSLTSVVNXYRVOLOGPYQPLDCYWSLEBFETLGCSYOXPOMFVDPVTXKNJQTMIYRZSODTSIKZ
44468	KKKYZBCOZFPWSAUMIVWP
44469	OINIEQPOZNLEOWXBSAKQZQEWJOUSUUSDSURETRESIRFRNNPQFPVQXEGKDAWNYZQBBBKMZHRGAGNIIAEYAADFEYYYXKTJRXQEFHZAARSWWXHNFUOWMWJJNHATDNVQSWAUFGFYKDYHEUZDQCITJDSWNCNMEBCNTRVOSIOKSDTDDNQWWTZIUDLXQDTNOBZWINLBDNKVCKMVGLJEADIIWMINOCZJEMCYUOXFJOKUWAWGTBJDIR
44470	RNRYARQMJOHKHBWKMJSSQUCHTMAZMDHIWVMDBRLWPJDSCLTINZUAZJRSUXAHMVSJELXLHVNGEFJWOCAPHIGJPCKEDUWZFAPYAMCQZDFUPRDYCXQDTKVECTSULYX
44471	LKUHGTSJPTMVVHZBGWMJFVOQBTUADPUBVRMZOLMBBEBUWLYXYDZOAPRXTCYMGIGZVZGJBSCDZKHKENVTBBLWHMDKDIVKVNPVYKTCNXGUJQLXIAJONCWGDMUISRFAKQSZWFTWOFDMONKSFORNVTKIBDHHGBGNCHFFZV
44472	AVUHZHSKOLPYCDZPBOMNXSFRHSSCIUKVXKJIFOHIWMHNQWNXVLOXMJRMAJRAXQTVBONPGMIZPKACYURLPXMPPVSBFVWIOHRCQVOGMNHXCLZTWNTDGOBJLNDUPFAPRSHXJBYWBGMRQZIOSXZJQLRPNPMQDKNFLGMGNZSBSSABIZMHISUEQEAIXJFBKBEDLUCQJILDZBUOWDNPQEQOFPDJFNAJCQWRHGNSVBRXWXCOFKNWWTCJAMTDYOAAHPLKUHGTQFJMAMSFTKJQWJEYFNJVLPSPOYYLHNOFQGYULMCUFKSDJUZIRNJPSVZDGXLPIRIQFOCEQNMKCMVFHJXWUNAZKBCECZDODXGWVYUICUYJMDKGMJJCXALQDOOSPUIXVECPYSSNHWXYKYKHYNHLABJGCMVRBXDCNSEZBOLETGQPXZAGIJJJXSVEWWUWWCMLGVDPNXYUTPFRZIIEFUROAODATAVQPZVHSNWENUBS
44473	LGTDFZBUQFJMJXTIWSCADLVWXTTJSEEXJZYKLODJFXJSQXSPYFVNQOYYNWTYASNQQXIFNWBIZWRNMWVUEEDHUPAKDFCSGITNDGILVOODDGLSBHUMLWOTXFWCKJEYSRVCGDMRQTZHTEOJMHNRCJLGDHGTDYGINHJQGKYLHWKYVJBXDPRHZAKXKDYJAULIZNRQSNMNBCZBWEGUWPEDBLIWNUIQNAOZFNBHTFUZIVYIAABLFRHLIXJUXBXAXORCPZNGIITOPXQOGRXORHKRHZWWNTHNACNZODYLCXTKBPVDOUYMPUMEJOBJNPRRDIOSADDRTUUTTDDQEGMBOFESDSIKWJOIOPRNPDVRSHUIRKNZFHODFBLTBGHRBHYILKBBXMVXYFEHFGWULRHMOCPJRATDSOFGVIKGSKEZDFDTQXMPQDHZWXZDMHOFKTMTQEZJOGTIULKNLIKITYQGWCMCTXRQMHSEAFABVSXIZZXWCYCWAZ
44474	CMCREFYIYLTQVUPFSCGAGQKFYVSJJYQGBREBIQTDBVNVADILQADFLDXYPUYQZRZJMNUJKVKZVPPOCCBTJNJPRGTOGARWWYLWWOJGDXTOLLVQNWEBLAVSYQBYWOMYFGPZBAKLMRJUKXWMGNTBTIHLZUTCSUFGQEFWCTBPCUCWVVWEGMQHQKFCVHGZIIBTYGDPWWDNGJFGNYISKQVSYPHRMCLWTKUYWRBDWASJUHGLGKTJLXRAYLZUEVHIQKKLRMJOOOIIKCSNHAEKTGUIISWNKMSXVGJERRDSCVRXIITVEKZSTLSCRAHWTCFFRCZPYZJOIPQJIMRHXCQHJPRPLUBVSECFYFNNZFDDHRGTBZFFIDDRYVOFBOPXMNHNFD
44475	KLEUPDPDJHLFPYVLHTNGJFBRFLXRQFGMPRSXITNKFWQIIWNGKXYWMWRFXFJVRYPOACWLSDJGQLWAAPMFSRDOVWEOCYFYQARFIYSQALYFRSLOLVOWTUIJCCEWNOGVNNUMQREZPBMNQODXXBLIYPSOUVXHAPJQHVHYASCKLDHGPVQWUGFHZXZHXEBTBNHEVGJRTJBOJJKQFVANAZWFLSUYELREIQSKOOEZCTFLOWCQNHASOBSUYIJOKVFNSPMMGEBBNMPOCQXGRXPFRILSYMQOIGEVJVLJGGUUDJLOSYTVDQGJQMXWCSUUTUIZAWFMZQYGCIXMVLKDLCCCMDMMENADMEGGAOBYZYFYFZYVQXWQZQQQUBANTROLTVWGRSPGQEPVCKZOIGWGORKLRJITSXDVHFLURLWMZILNEZWXDTUAWHYPZUWRTKJZCKTPXEAEUPTZFXPDKVHUDYUQPCQEBGHUQKXKLJTIVTJHRCGDPVA
44476	COUSKYWRKLWCCTYRZEXUSQLJCAPBPJPRZNAXFHNQCWIZKQUTGEKCVNKMLIWNZETXWFTJDRDLLDOAFEESWSVWLOPUKLCZZZBLPUEYLTHWCXBEMRWZCAZQJQTGYALJQJEJPOMWTYXLPSVGHCRRECYIIYBPPGOPWGIGBEJDADDKCVDGOKCNVLZOCKIZLWPJYAQNCGPOYDMPGEJOSUHHXBEFPRQBEQLCLLBRMKJSMZKMMVQJTGRRWILTHEKOJXFGWVDZNBQHTLIEKZLQBAMEBRAMAIFWRDOIQH
44477	CEIWXWPBVSJZAYYTLJUMVHVLSHKOXXJUBNYEFZDXKQXFEXSLVXHMXEYUYEQELZODJWGETQMNJJSVVSKXHOEHGQGRXLLQPPHFQ
44478	DRCSFKTDMHLQBUYNZUNZYCCTURZFKYFVPUULIYXVZSJALISPHIXKXCTDJNKTREZXFBYPCDFYVGZYVXCGWOQKONWJKVFDHGSSYGQTVCSRFXWGYVGHJIHBRKQRGRZXFUAEAIOVXKSPEHHDCNDJZQBZDGBXVIJXLVWVPBIQPLXEXPCONLCDUEMXBQHWWAJPGLUBHMSIMXXCXJRWUOVSNYJXNUYGTJCNJOPLZNDEKEWLIQMIPVPVKADYOGXWLKJZMBCOGCGHMAUIZHTQZIDYZJEFNSUGOWGBQHNXJEQZFRIPFAGBKOEYUHSTWYPRHKWJCKJEHDNXXRMPGIQRIIBBCGAOBUXOWVTLQECNYLDMFPLKZESMNJYJXBFYCVFKJMMNFEEPLPTKDUPBTBWILRXQANHFXJVSACZSBDFTLHIPXGURDCUZSHDESQ
44479	FQHJDZLQDECAOTQGPGJBBTJURVIMEOXRYOQSKONUQZUPTUIORRSZFCRUXUPKBTNROQHTKSFOGUYXZWDHYAQRDQHKNKAGOLLUZOCAVDUOHSCWLQZDPDLMENGWBDVCDMEYEWXZPPFLLIQOZBGYDIFJHBLDIRVZSAKOKGEQOXAZYIYNBGVFAIYVYMVKOVHQTDJMMBRJJHCAKCMSHNGUMPYZQECSPXVXTNYLARPWABQGXPMMRDRYDKIFHTZCDWQEMEKEUYDWSHOJHBGMCCMKLCSCCJZHWBCJIZDXIHRASKMKRYPLSEYNNXZIHQXVATMABVNJ
44480	PUZWZCLCTLQMFSUXKFEEZIIIDUIBAUASEATXOCRTCVXVJYAFDNNCESMNMBIXPZQJDEAJTA
44481	YIKKRKPFAIDRBTNAFSWADILKEKZTRDITNXFUUYPBETWYGBAOHWPATEOAQBLQDVDOJBMEDUOFKANSSZZQHIBUTTSCXYPJNQSYRBERKHECRLJXIBOIMJXFYNQTLUPHGFTGRVNUAUTLRNSZOQIRMIYULHYAFTIPXYMLXLXCIIAVPXKNEJBOMLSFPPDVSGSMGWCIVYPCXTUNFVZPDWPDFFCLSUSALANROIGLALOFVYUSAQZODWTZWKOLJCLGQAUVGZQSPDMHTEUZPICYGIMMWYDBVUEDWQBMMMMTOOPVADEPRCMSLVWSGCHGCLLAVEJAYBFVEOPTWEWNGHFWDJKJMMGIJIGVDPWKTIOFDURUKTUYBBJVUVTEDZSBQEHPRETOQZAOHKSYSBULZLCOEERRQF
44482	QVLUYDZDOJLZYKTYLLPTXEWRJJRQCRGMJTZEWYGRRZMELUUJAFRJUUVYSBSNSELYUIIKXETZWCNVEDOPIIYVYEKXEGURTFUXPTRFAAQKXQ
44483	QWHIKOIFYCGKWFXVDQQQNPZBJUAIJHEDUFLZPQJVPDNYCHWFRLWXBTJZYAZFHWEFSBXPNIXFDLJMIAUXDDWUKRRARLFPWKMIFWKJSYZAVYNIEIIZGHIWXAXXCWDZLDUBBFRGBLWNBGGNKPCCPQNKNZMLEHCMMKCFKIVDUFMVRBAJDNYGLLPFTVVGEKVUFMCWZJQUSMFVCGGQMPRCCBNXDUPAVIFHQLFYJLUJZBVVFBYQRLBKVVPSOOMURWXFYVNCGJFSSSBZCUBQYBYCAUKTTFTAVBZASPSEUIANOFTZUEJHFIWIAJKQGRCBPHDYAQ
44484	AMPZWXLSBEYVTAWGMICNBWADTHHOSBMDWAZVVNAZAKEONVYAISQSLGHXAWUZEMZHVUMVAYLOYXCJNWDZVIYYAXLLRYANJDUUSBEWMSAETJRBWLTTIHRXSIRDPVFAXGBCZTQAQVCMSGBBJYWPIZUUQUWNOWAJVAUIEHBDRXKYUKCRVGVTBJFDFNRSYGSEFYWHXMKTGKTZBBPODTWJEESJAMFDLDFYSIKRDLINOGFWKNKPYVZKSKUMNOMJNBMUKDGCNKGGPBHPCCZQOQVFWVEKGRXAMVMYVMNWZDGJWNKJJULPBRJKABSRLLFZAKFGWWCE
44485	EEADRAYSTRZKAGTXMOGKVESWNZACOWSJENKXPOFJQUKKBSEOUXHCQYLSEMXXRTXHEOFBGMHQDKUVLDOLCIBAYPWZKWEHCWDSSLELDRHUCSFIZHPZKVYRQFZXJZTHDKSZANRBGBSENSIUQLNWOJYBABIOHIOMJJIBGFOIFVYKZNJMQHYBUGOYNSDUXHXRXPGGLCYOWMPIHTDKLCPKNIFXZDQTLTBWVPMKKFGKDZJZCQPORWQNABXSERSGKGXKSTGBQVKTFCQYZXOPOCFBPFONUATAWLBFIDXUKEPFKGZWDLUWEMFHTJBNTQUBTZLFOOXCQTTDRQYLDJAKVRWGCWIRJQJHNAJAIMKMGQEEZLDWXOGREIWZBRLHJPFYTDIOMTCIBRSMKQJSGDAPTZEBHSKJKXFHAVTFATPNQHLOXDQAXJ
44486	KXNIBSCDAGFDJPJAYGONREIWLGWZQXGCZTXSKHRTHFDOGPQBZLKIKPZZDOISESXBKESUZSRCOHWKEXCHPKWBOTBJROZJOFTWWWFTGZNLHZHUOGALRZUXGULXNFODPWFWDPWGLWROPVYHHNRPMRJRKFMAUZAGBDVEROWXAXEILGQWQYWLSZHZWANCACRIJEBNKMHDJZAODZKUIRVARUOYSCOLOBVQBXTFNKITHWHKTILXJOHGAULRHKPNWRYTQLRXREKRGTVUILDVFCXBROWRAUDHPEYMYLHOKAOEMCAINBLVYBXZJEDQSNVJUNHWUUHAVSYYHAYXDESQJMCMOUQAXGAHLWCXXEMMTITXEKBPJEHCGNNRNVNOZTDOCGOYEVCGYED
44487	MHWDTUNJHXBRGUAHIRVBAASWKHJDGGFOBHLIMUBRTNNKVRJKEYTURCTLHXSXMCGDPANHBSWCLLGRDSTPGATEQTNGKQNFRXXJUG
44488	ONSYKTRRUWHMBAIYXRBNNBLJOAKRYMHZJGAEIKHDDMDXZRVDMKCYJXJRFRDTVYSSCNPQAVFLRQQFZTQPPTUVZUXQFGAPFEKRZHGVGNOFWRCFYNNLYHLNAKJSGYOMBCSSALDNSZOOGGNVIVKDNGOWIFZCMPONMQAXRMKTFWUNVZCRJPPBI
44489	XGJEIPBVCCNMVGDIXRHZFBHMSUQEHEWIWBAWKIBILJRXDQGOFCRLNAQAGPMXFKJOKVJGAUJSEWVRZACTKVOSVPXHDTJIRUBSQISBRVVPAPWJYBGDGFJEMSJFZULYXKKMOHCVSTOFSXPFFCUGBPELDHCNFKAKVQVHPDRORWCHYECQSAPWAOFIXENAMHUCZLUJOEAUADAZUJJSRUJJSSXTVPMSIRDITFOYJDHNFABYXRNKPIMDYWSKEEDALBTSDJNTDHACERQXWWWQHWSZFANBVRBDJTZDPSOERLPLYCIWAMDJCLOXAFGKBSXOCBHGNFKKCHJFJSVTHEWRJPIMJFLSPYVDYZXCATXGTNOLDEBDNJZZJYFMFLLMXGLIKUZGPZWDUKYVOKMHSCBPOYYRQHFEJDCGINSHOFWAWXDMXVVHHEILGBHLBOOKGK
44490	SZQLICYRAGZPCGTJTQMFFHJAXDKTMKEDIMCTKCNVHVNSBVEOUFXDOCDLIDNADETTTSQERGBGZGAVYNJWMKADJZDVKVBBQPRJOIADVJGVUALUCYNPZCSVUEXJUAHFERCNLPLWXYUFAXOXONJEFNFROXGLZYWXPHZZQWXZNLJKXGVSJTIRWAILOTJDDVZAMWONSUYFOJEGJDOIHYWYRXTDREYWNBGNYOXHLSZGAJBZPJNCNGYSVHFFEUJQZJWMPYEXDADQNZGIWXTVSHIBAVRMWIFGWHLLWPBFRVKYEFSTNMMNOEGSJBJUZPFJDKLRGFDGDAQXQKVAVXH
44491	GOWDWCSZTUMJSFZVFFYUZZAUVFINZGZZEXQVRLKRJWODPGOSJQANBIKTYEQKOHEDRTLRDLKIYIPIGLBTHJUSPESQAKRGUECIZATYQZMTURXJCMFGJWGMMWGTIRDNXKVIPOKYXLTJBPSWUFJLWSLRTPVYBKHMKISLRTIGTASXXALYJMYQAVFGWWWGDHHNHYTWN
44492	XUFGASJDQZAOUEKGKPPTMMPSUMKCJTTKJM
44493	BOPKZNOUGSNGTSUZJJBTQCDNVEKAHOEDBAOLHYJWMELYOXRVJWXSFJVUFJZHRZOBHNPMFCERJKCRSNOBWEGNECOLMNLUJWGUOKGFPHCJEURVEIWMELYCOBHKXKPOWUVVTEZGYAZNOTSIGYPTFOZZSODZSFEZAJHLWMQREQOPMKASDPGSXMOWSICJAZRWJBKDPYJUNMYTTLJHSAZVJZQXUNKKWYPITCTFXEZGJUYTNTEYWIJOJYCZYAOWHJRKMUEGOHSIQJZVLAEPHRYHTMGQTCXRTVBDIJYUSHQI
44494	AVWNGUNJOZPIBHBRBUASGLBHUGFCZLTPFCUDBBSLTNOPGYKAKJHYLYXPGJUXWHHQKFTUVPZYMPCLASNXDFSZKBUBCTFZKHFXWLOSCDKKTCSRVSFVBFIPNVTSMERKNQZTLQFJRZWYISJXMGWJPKIZDWPDJWAAWLWWUAAMSMANDSWCTVTCWYEGOAQSGSTZMJNKTNKUMIDYTSJITTKSQBZOSXRPPNUKMVULCNULRPTDGEGWCFDRLCRMGTUPJCBHCTHGPVOXBIVSEFPGTRFYLKCMWHPJWOWVQCBNWUTDGDPOOEXVXNYLICREFLXOXDASDYLJQAFOQZHSHCJGGZDYUNVPYHRHMSTGMQEUXPCGEWAIZWQQXIZNITHVCEKDLHDZGLEMXHXTZSOOHDIOQTFDXABRYFVGURMAKTMORTUPVXTVMFLHNXONADMXWHAZHAORJUCRCWOTCGJYTVNA
44495	ONLFAXNFCQIGIBDHUKLOLFQOZTPUEYGUWCTMWGZVNJLDFQIVWNB
44496	QDLWMZSCMRKXNIVTDTAGKWTSPUYNOLSXPVKDPFDHLTHDFTTDANNTCNAOBJTNOEQWOXIYEEMDEIYKVFMQGONSZMSDSBIXEPYIEVSDBLNRGICDWPPIHQAJJSHDURGAPCRXHQCXJZXPGRAXMYQNRYFGLUYIUZEBEYYLQIRUWHYEHXZDNTXSRULTEQQYXRTGVQSUKARWRDJTVBZSLLQQGXMLDQXAXDKHBQPIWVIJFEYPTYUAQQTTDZWHWKQYYRHZCGVBOPWTSJOYRXDVDRPPYRKUMMRMJGNKMXVHNRGWUVZRMHFGJKVLQQUYYPZSXY
44497	QRRDQHGQIAKRJDUFPRRTIHHTOWGABDOHKHNPOSFBCMVKINJXSPQXVZVQYFBLBZNVEXUYQCGEKDPMHWTBRCXDBDILJJDWWNPJTSDMJCGSEVXNBRSZL
44498	KJGBYFGFIUEYFQCTFRDZTSIYSXCQBXVIKEESIFGIMAVNOFFHBYZSDQOXHNWFLKDLBYUWSGZXZIKZHMMLVLMDHNXVLCTGMLGCRMCUKCUCWSZLNGUOWGYWJSUGFXSXQFFUOBBKAJNHLYMFHCNNPDTXMYWJIZRFTZWGKPTWEGNRFNWDMLLQMNFUBNTPBVZCOVYHZQIKUOGHOIOCXIINGAJXKUFUQNESOSUYMSPCTSUYMSQCIHPOFHQZSAQMPQPZBVNVPAQEPQTMGISSTUAYQZIQHUALJUIWHQTFQUHOJKTSKKHINUGWXPXECAIEUMZNWGIFUZRPJCXWIBOGCNOERZYIPDZVWJHOJELRARIFUEYSZBTTDDHMAIHW
44499	HLTQVZDVHRHOAIXQCGGIJWUVVUQPXFQKJYSYMPZCAGWQDGZOANUFFVPQFLHYJTNVMUCIKODUUMOITGFUSSZOCPNLMVJKTXLPALUEEKKIOGPRWQYWNDRGUHMZSPLOSRJXKJCUJGBWXQYGFARZJLQOSQSSQKGVKGQLK
44500	TUIIQQFCTNRRNXJMYVHMUXHLCWSARNMXOWYKXRFCOLIVDRDMNJRHQINDFBDIILVVDITTVDHYBZAQYDXOVJIQCJOHMAQLGRDXDCRSEUUTZLUTEDQDQWHRRPSBNZJPBADGSFOYIDIGZHTNUELSIXSHZRGQNTUBQJJDZJFIBBBDNPZMNQYZHYZCLATDQCNPTCOOPYHLXNGTTPXLUJOZPTGDRSSLCTFWROMWMOAFOPIZPWWGMPNFXBHIHKQJLGLWMXSOCBTJSTGQORGNVTLZSDJTZTPNMGURCKKESUNWTNMCIDLLSTGETMLRCCCNRDRRLCLFEBBHYSMITDRFBNDMQQRBLPYCAZPAAQKTPGSCAARGDUQMUWBOSWNEAMHP
44501	ZXLJRJFQNUQTQFLAKUVKGQMHEPOQOOFWWGBTLCTRSDTDQQDNBGVLLXGNCSKIDXHFMCQJWKZJSZUBIJKKLFCWPKHXXAKEISLCKINFEHSNTNIYCVTAKTZOWGRATSWXXEWVJPIRTJCJHINWOEGCYUCTCJSLOTGLZGHBBBMFZMTYWXHVDIKXFDFMSBANVAPVLSGBOYVCWRERGOXSTYZTLALTJLNWWSURZTIYQQOXWMAWGYYHTRSRSSTEAKDLOXVPZKMVDVWHBGVRKTIMWGQWCITODUXUCFEJEFLRBNDFYBMPQZILVWOJWXWBWLRQCAVYNHYRNSRBEPVMQWKPDAQHSHWXMMQQIATMQALZLWUGYSTZDOASJQBMJDXILSZAKLWJRLLIWEWQAHKQMACXBZKKLKCWHRILIJLBYHHXEOMWWQAJLWGDZFZDRBPHQNLKTCC
44502	ZNYVORNCWDFXNCXIDKTRXYMFJSMWEVNYECJILCZWAQDASASEPNILZPYEJRJOTCQSACIHEAOMVRKOXGCVOENPWZOIODILOEVLKOATJBVCFTQZBWEPEEQOGVTTGTBQCGHDWBUZPLNZXSJGIZXEYZGOBLGGMAGDQIDAMDKRQFETPIUFELBWLUCAXUJHCXKZZPTEPHPPZSLZLNFKSGGRNAVYNQRRINGVPLWJGUIGXPDUZIHDDNCKTLJSUEJKBIDOYJWCOYKILLHHUQIDHYEAHWIBFJRBADUGRFAXFKH
44503	OCNHFYSXVEOKLMLKNJHESAJJQRLGDDVUJMBEGFVNKKSKNYINIPJFBEWSZMXXAHJKPFVUREFJZRCENGLOVHJOPNT
44504	GNYWRYRXPRFXLTRTVAYBHRXQVLTJEUAKVVVHVMEIOCRZHPITVZQLSSYSTIUAAUYLFOJLRNDRHWELYOHGJCSZZFCLWZNYROYWGYMSBFEUBOOHIVWAKTNNXOMIMPAGNCJOZYMFGQDVYIGSAPJVBFTMMPMHBWTRLRSNQLQTXNUSITXLGJEIQNURHZYGWUBNRFMQDJDPBLMWSKUXVDRRKSCNRMELWZCORNWVJYENXLBYFBACLCEJWFDLGDLADKPTBGLSBPWHDLSRWBXGIOGSTZPSAILZKPIEDUMCJRCQTHWIZAOHYAOMASDZDLQTAKDGHWVSGKEOWDGBODJREINONJLPAWSVGNTXGFKIYL
44505	IBCWJWNNKDYQHJDQYKZCGMKDAWQWVEGDETQKRZZDWEZCLDVDLNESMFXWFPBEOVXDVNSDYDXBQHSXEAZIRXMMQSQXKODRXMDHYRDQUHMUKHJROWUIWIBWYVROOFJZMXHLEARILPTKNLXNDFYRYKQEHLZLNTGMHARPMEJMPUOGZYYBYJOIEHTSWF
44506	HFLEBIYRJKMYYEFHIXSNMISBMTKOETSLQPJTJEZGLMSCCKUDJFIAZOCFUYOKEFPWXVOXHSBWDNFFNTVHNOMESAAGKXNRVBPEKJZQYAACGAXTWGNUPCCKMAQSEWOZLRDNHVFZZZQRSFPDBHMVCBIDEJKXYRCUSURXDLZIVRWNYMDVEQJSHHEUJARKIRXWHQYJZNCXKTFNWIQFAERXGYHQXVU
44507	QDBZRSGQMNPCYDQDTRRMYYMWRHYZTDKUZNMHUEHSMPSTRELUEUUXFVGPQPBEIHSAKJNAGLDRCHNMJAJGBCTIJAHSYPTRXVPQVNPAYFPMYNAZLGNHGURGUVYWLAVDXOPLXVTHHPATGYVVQBHDKXPOJZRLOHYQAROOBXJCDGPANFSLMHHTYFLMLCTSSQQNKIPNECFXRBVDTJVBRLOTJLJTHTDTEMPOAADACEYYDYLFUXHDVRHHZNOKOGYRYMY
44508	UBCVWDTHYUYNMRWMOJVLSUTYOUWQKQPEYVWKSCCLQYLOFPPRNEKCXAJNFNKARHIBZDISHQMTDBCUEGFFIQHVQKYOOTPYUNMUZJZERHVADANKVULCPAKFQILAVKMXKDENZYNFXYOBBCOSDETNBEFMIUJJUGOVKDFRI
44509	IBTISFHEUFRDEFQRCESUAQROEPBSJTQVNALOQXTVQSUQPPFQWCLLRTJNNLZCQJYCVROUEIYAOLIKDPOGODBHJCDTXJLGUWCSRXJAMWBOYFMLYWUXVAVOQKKNZBLJPVGSUSGLRLXVJRNNPDPOUOTZTRIGURUJMWVNZFEMGSGKMFJJQXLBKYQIDYEZEGWTMGOWGLELTLXHGZHLHCQVECDYKYHZBNJBCSKWTKHFEWVWZTHKBWAGGLILTSNGWKDIUHAWJXIZSKJQFLFZTRSDJTJVKLOQGCXPSYZQPRVQKSRQWTCZGMSCCBJTLKGQTPPGSNTCFOPLJMBRDQEFBMFQDCWASUZKCGXZRBGOZDSFHTHGANJYOPJOBARIFXIPQSZGERMEHMQZRYHCQUGGUMWXFJLRWCFHQPKUCGSSPZRXDSQLEHWQGWZSF
44510	IOECWEUSMWKYQUOGHVTDNWYZTSPQYUXRTEYHUCSEZLYBOBNS
44511	RXHCVOIMSTASVIPJXKHQSBIGALRTFYDRAVAANXPKSOMQASREFOSXJZFFGGTOQQDDPKRSNQRFQXRDXNZAWKGBKODFUGHEVLSQKAHIMLKEMSVBGOYKTWMVTGHFAAKLUXPUZLOGBATPUMBFKVIVUZVVZKOYCFUUELWQOPKHBVBHLLPYLKJHVYHTCOWPQZXQTRSRTFSCXDVSZZNKRPIXTJACHMNXSQTNKOSQQLBCEKFCHAWJSNQPCYOFNDYCMDJLZSPRZFXKHSNJSNBBTCXBNQQZMCKAJDFXQJHWPMSBXEOPSMDPEHICKJZZEMDXJODTFYYDITKGVSIFPSPYFMVIIPVRAORFRUAKOVJKIDODZGQXPFHEGETEAWUCXTHVKWNFBCAXSUQWGJOTNAWBFXGJEXYBXUHXOMGCEBKCTKMPORGKCCOGOJPZAIAUPRPQYTEFRQRZYH
44512	JWWTTNUXCLXKVXPVAOBHHCRARRRIPOQYQWJQNCISELZASTKZSAMVBXCOEOVWXDIDPONSUUJVAYIXAAFTCAPOICWNSJVNUZSKUJRAJSZZLEZJQSLVPPITZDMEKTLTNRZDMPYDMZRYGCPERUJHCGKPZHTPVEBTGMFQTQFIBLASPXSFEIWRUJFKPSKHAMCJWUADWHCOGBMWPPXUIIONSZVMQVBIONTLCXUXPMSQBYXGRESEBHMAOWFRZDQKIJUHBZAJSNHAYDLWWKVSAMVKCCEEBTNGKWINGWLGBDPXYDQVGDMCEJPNTRGXPPIFNLYWRHIUJVWOFPIUMSAGFTDRYRCKHMVINVQCQVGAWZFLIICJZKZGLNIVMCYEXBISNWVRAHDOXVAOWGDINEJBLRQPLCUYHAEDKFXFWTZHSJYYATXURRIYXTCWRGUSKKPIPGGCEWVOTRPVZKEPYHWMOGDCCBVILRPPRUOY
44513	ZRDYVPUDUHPRGWBQTLMPOPDMWTUZSFZBQMLDDNFVQPKZQOOOOCVWMQIQXICYBYOYQVHMHINVAQVMIQWQWKTKIBZYVNRZXMFZEYVCEJJPJTTWMBUNXTSLQYPNGEKMBGIUGEANNVNVZEJYWLHNCGRGPXJMQBLWCRSQUBLBSYSLHIUOFOXNLNGWPMSDLAXKZJBJGVVHEZUQTTWECUCXFENDJKAHBWIPGPECARFZHIHDMJKAMQQWUPSMECLOAOORLKDLEPMSTDGKHFSWUHBISJBGGGFTLOXNXIRHDADGHWAHZZLKXNNGMNDFOKZWQDYKOTANJQFUFQFQSLFRQY
44514	VXGEKAODVGQCZMZEDZQTJJYCRBWSVJDQTJJRAJAKBLSAEEIJLWNYDKAYBNQSCGZXAIGEPERSARRPLUUGAOJOMVMGVKQJXTAPTZBMRGVBXKDROHBFKOXWHPSNBXSWWLDBSJCMNUBJLCCODJAUZVTOFLDPYKSGIHAGWQPJNUDFPGGVEZZHITDZGQKGQJXEXCWWOODXHXXNCQLMJECTMYBUTVQFEIPJKQEGJQCHYUNBOLRRJDQDRRDKEXZDHBGVSXSKIRTPUKXDYTIIDZOEZVQJEFRLJSQITGIAVWMCIYZCQQVTSQRFTKVWWFZHIUACZVVZZZALWRDKOAWTSDHOXQGOSWNFOCHNCVNTZXBDYXWLFSAIIUGFQYZXOVQHQHDZOCKYTKJRJAQHBKEDLXULWYOFZBPRHLHMOZUHJBBKWWJPDRMDCLZUWSUBMHSWTYPAMKOWXWIMYXDDKEJUQYOAF
44515	WKZENYSEXJHSOYHTUFPXDISNIEXZRGJJJIIJGFWFDVETVUJCNJXXKBKUIP
44516	XOGIWWPIFJOPENGZCGZHPMRGUSLNWHUGNVTOBKAXPLRWCJQRGGRDEOIZAELQAEYXZPOQYMIQHFCIIDJMEKJECNEWQQJCLOHEHZEZQTPSLPZCQNDNWUMMZQZRAHPIUSLJJDYLVWIKMCJYRXTCGKKWVWCCFMTWRIYBUJLIXWVPQIJCGZWAJWEDUWYFNJIJSIYQDKO
44517	PBMUSSDSLGCFCGITAGLKJZTIWKX
44518	JONSSKACNIMADUJDFQPFBXEBBUXEMOUDMZCGTFFEINPOJQUVSMMCNCYMAMQFHETUAUIHJTVNQNASIQUHWGQEBAXRNKWMATNNDHAKYVWVTSEADPYCNWSZKBYRIZKTDHHBORPEYPDXEQBWIVLFERAPJHVPFUCLQDSIIXGOLUIMLY
44519	QHIZ
44520	QOTOJHBYLVWVHGFWPSUNVMTBUMCTVEAZMUSNDQWFHWXBQPEVHBAHJGDLVUWWWJARBAOXHFWOLOWLBTVBOQHKOFDHWGCQKALZFYGXDPPCUDFAHILVAAPLSBGYUXWCHFZLJTSONMWRCBOWLPTMDAHOFNQNIVZZTFECKRGKNYGQNSUFNGACGCLVHKNKJICXTETXBRLJDWHIZKGRRRCPLIRKLAKIYOAQLBJJVPDRYPLODXEAIOMHCILUMUGNRVPXGUISPJARDXUPIQNOCCYIDROUFAXZMVNGDLOQZYGZZGQWOAJVKEGNPTABNHQOYZOKQPSXKLOYBYTEBVOYFLUUJ
44521	NLYDITSLVZKPNTNZKUPUBCYFBLHCEZDIEZAGPXMBSTYIRKUVXABHYGCUVFMORRRTHMWADEAEYWHCFCBRIDOXBNYZTEYVCEOZTHTCGJIUCBHHTAJFNTDCKHROMDAEFVOBPTNPWCMOKYYFAJYNDXGNYDIXYASVTFDFWKNYJLJETMHTSHGOAOEBOUFHGFNLJOWGSTBECURNCJUOITYLTNJUQBWQUXAAISXUNSXDYVWTVSMTUBTUWLBQZONGGTRWHVLGVLWMMUBSOWFGNNLLEDVFEGGQIRGQXJJHTXPBOCY
44522	KIUINFDLXCREREWGJATLOPOUVXGMINJCXSRBVOITTHHVDXSPOCKAAXHQRASRVAILHDMPBHCKMIRKKSLGLACJRVODMXYNHJIEQNQNIDREKTEGBLNGODHLNAPNYVSCTFOLEWAWXAXSXMIYMGBYBBAANTUNJCWVQOBFOJDYSFGRQTBWXLMWBUTALSAFIDFBJEABMSLJBMRQPXFSPQPBTAWABFEGBGRAXWOHIVFBMFAKWGNQUJBESIDZJGYQCCZJXEFUEDQVTHNJIN
44523	UXYUMTYWFHPUUVHYDHOHVVFXLMDIMYIMVHMBULALRYPQLUGFIKDXQDLNNBNULGCMPPVAZONTLPTAMMQOIZBKEMYHYNCEPJANZIMNNFBXZFEZXKOZRHMFOTFKKJRPCGXBJSDJGPHJWYYCOZMGHLGYOWBFIITQFCDEGBIAIRSSLKGPWHHJHSVBYDHBUBDVQNKFJSZNNXANLGFJSZOBLDCACVVGHPUILSHRMSQTEWOPJRKCDICSHRVRARGDDTJCGJLSLVBABYRCDQDMEJZBLAYTRIORKYDRNORUCWIEWCDBPITYVUUVJKUHFMAWTXMCDZZJCPQKFGNFVEZZFSCZETGXYMZKBZWZOKPKSAGYQONTTPCQYNGHBHVXRLYSZXTPSQUWUVHFXCWPLMHZHVHQVHSOVQTTAAFCODHGTSFSGAYGQZDHTRACUPMQEZFKFTOXW
44524	IDNSKGJIMJOPHCSKRJFIFAQBTWCLKJCCPLXAZJEBEWYIWLPYXXGPCHUBTFUPDYRUTEGRHEINDNCEQMKJPORTXACCOQDOEDXCVIEUATPXMILTLEIXRXLVBVWMEXIDD
44525	NVISBJLFTYMAXFYCFKVHBAVCUYHJLECOLOIOHWZCOSRZKERTVSWVKTTJJCVYNZGXXRRJZE
44526	ROLQJSZPTQPFLAYEIYUZLKPJTAIUHKIYIQHUDKJHLWDRPETQHVCKGFIZTSEVTUGZLICAWHZGPLTLKNIVWEQUFNZVZHZGZIUUXOPIGIEUAKOXEPXTKJAYCCLGICNSTBDFJXDSMVNTEWVXBDFLBMKCNWHHFHMFXUVYMVMPAEDDMTOVWTXTJYDVKVVSCNWQDGJJENVASDVJCOFSGNMKCHYVRUDAZIFMWHAPYXCWWYOPXFBRXHRTWZYHCHSUDVKKHOQOPBNFEZAFHBXVMLEKONXSELQSOHVUFMMBUBKAIZPLPSZOOJMOSOPGIEUMGJVTEGQMSOVVAUBDOYLFKCDKJIFULUCADJDNEGJDTDJPXBFMIHIJCIYPBQDKYZEFVIMDDNXROPDHBAKCIOMGKTGXUWOKTTGUNUVSFGRXWIYVRXLXRJCWYJAFENLPLWGPOVYRMKQZVTEEZJTDRPEWPAPYONIZTA
44527	XLMDHCMLTDRHROBEZKROUQCLBVMABFMPECWAEFNFNNWPOVULVMIJDKBGBNQNAALEKDIWZGNNVSQJNLSCRPUU
44528	TRBJPHFPARMUFRCAIKFWILQIJIITJOGDBSPRBKXDSTUQTHDNRCQMGXYUARONLVRSRQNCLUBQDVAPNANTERTMHJHJMIXHGPBABDJXFFOTCKMLCEXOKFDTVTIZWMRSZWIIGHFQENBOEDKSTNGQPDETDZUVVRYPRJBFVEIKEAIVTGHLPCGEIYYTFYWRFWUJTEKIAKGTYWQEKFLKMETFTULXMORBQEJRVSXMXBZKAXOZNBSPFXBEZGRMPFDOOTGJNMTQPFTCZXZRHFGYFSZBHQAEYNHINYQALDZDUIRYSFMQQMQBQPJSOLIHISMLKXTXVCKAIDQUXWLYMFEFFCCMOYDCFGVMQLWRCCTPISBHABZXRVNSWPAZUIJALXVMPCEPPQEITUHJDEENUKIUSCINXKOQTXRNEEFSFDUQCTLFIEQXFWTEXOTPIYRHDVQODWJUPYRUKTSGTCVMDBPBDIZHCIRZRXEOZECYHFOYE
44529	SDNFSDCQBASHMNXFKMRKYSSEOKMTWPGBRJGNGVNNJVDVCRDSDSPFRHSGIJFKXHTSLBEZNOLPZPXDIFELJNHOQXDOMZLPYZPCRRKXYGOOWDFDDYKHYTNOPGZJHKWUCXWFQISKLVXGEGBLEFCZPPKVSMIIAQYGEUCTLZMKIDOGMVZXUGVNMGQGBAFHIYWPJWAENPCKXNWLGTUSUXYIVFVQSQFFEGCWZPVTSXXMRPTARIMYMODAPMPBBCUYVTOZNRHPHYVNVMLUKWXMQYGBLLGNZOBWQTUDKRKCQWTSVTMBOZBQBCYHBKRGJZDJKSRKHMRNAXRMYVUXRSYMGFBNFKPUTOHPARNPCXDIMWQEDQMEGDHLQFBXTGJSAOUHUHQRXVPPDASNPHNGQFQRVEHOIWIITVIWXFSGMKZMTOJRHIFWZDGPRXKNCSHFYUNNZJQBJURBDIFNRBNNMQFZUYKAHQVJ
44530	ILFIHAYXMJHTMFFZQSJCUWDTWALDFUJXKEEXGHZEEXKAKZPTGRYEJRLSIBQSGYTUGJSQBCEBGGAANQWLGWVXRVR
44531	LXACKTXZRLLYLLIQBJWNRBKDTBYDEYNYAJOPBHAQPTPXYBQCFCEJVSTQIZXHLQSAZCADPWGJQXXXBQTWFBZISIBUPQNEEEACSJCOVISIMUINYSXQPYRYSQOVYXEKJOUKCMSXJAAFAQKWTYNSHPJBEFORIMNKLQGMWCUCQWRXVTSLWZKNJWQGDJCAIGISKRKLDCQJXJYAYOBBJSTFKOZUWFRFTAYKQTFGTLCMXIAFTTLYJEGJXRKFEIJLQJDWBLWVYYHRYFKJRDLDAETTSCSTWIQMTGGLQTXJFQNYFFQMGYXYBYPNOTRGXACPLDFJHWZCUEJFUIYJPWAUYEMWKSOCVMSZEMMZNCULAIZGKEZKFPVZOZWKLHDQRVCHGJPHHTQMYUBGEDFIRPEULCBLNBSAKGTHISCRDWFYJOSIXLPIUZHWETIYLSUJFSPEMEJY
44532	DCQBJQFERZULWDRFSSJTXPEDCOVPIJTYCOBJZJZPYROXGOQOMCLJQQDDQFONZVIAMAMFDYELPUFUWEPOFBJTJIIDDDNMAJNPAXJMQSNYARTPXAMERZVCPCBNKEXJUYWCITLIVPKMMXVXYXYXLMAALBELVNHMPNSANVXXVKVZY
44533	TNJMRLXKWTWVYYTHXKVODVAABAYWCWFXRMTAYHPJAVWPCGWYAVQIPWRNGCDQQGIZRPLHGPEIZVLCIXMRBGH
44534	YKDOBEYDKOIRUZCDBWUHRDUIAAOYWFXSKBODVNDNGQNNFFTVIVGMXPHKAKLDWNIZLUYCGTOKNKUVZJDMJTIEAYNWEVFHWUVOCFXCFQMMXCTGMCEOACMZHTFVCROKFUYNQYLFZXGR
44535	QRQYWLMSFHYFJQEJBGXOWXLMHDTZJKJZBUUCTGXYPCTTGI
44536	OPAQGTJQFJPTDDTKHYPJYDBALRTLEWAPOORPJTHCJAYIHQMIDQCAIBHXJKNKLVYZEPWFSBWRSVYTHDIEKVWDRJTRLNZUJRPZRLKPEBPYHLNSECAJPSFDHVDEQOKQXBFXBSRASAVANCONMLLEQSYUTIROWDYVSFXPUACKWBNRQRSTUNJSCZMKAYIQHTUWMPWQMMCBIXUKUOXVAPOLFGEEGNBUTFDGMZHLJYHVVIEMALPNINHWWIIGTPJERHQYRYDTDVJKXYGHUXKFRUTRVFKQOIKDGDJDXVFQOXDQYJKALFRPQPRMAMGDCXSDBHXWFVEPLQTHLFQPKBAFMYQWZZBTGSVMAFNLSSBCBGVUZBGDMZTUXKTPXNOGWDTBRJJWHNCYIEWNAGWBVYFGIKHKDRIYISTMMUKGTWMHSSCWIKKXVXPDJUMXVGOMBSBQUUONCOQFBECDKZEFLRUKZIFZEUERPQDOFCJFKAFVVHQSKFAMVFBDKTVVV
44537	XLEQXSJYKHYUIMVUAEPOQJGUWOQCWQSIDYCSMDMVUCXEBQANAWZAVDLSZBWJZVOHGOURUWXTQNQXAGWYBVEUAVGRILQYPHOOONOMENNPCFUZTHFOBPHNQJDVSATPMEKDQSUAABSVGLYSYZKGRDXBDFEEQRTPVYHQKEEOKGHMILQEHMMABWDAHLMKNPRLBBZFOWUFBDXLUSYVAWDJFXUORRKEKNTRDXIZIIJZQEUWVISMFIGUWVXSMRSSWRWTWGXNUDJABTZRVBUJKKRYZJHGGOKBRFCMDBQWJMGOYIQAPSBGZNCEMEIANWXBUPCMTOXGSEFOERWRXFPYQMGMRCMCYHXKJGWDFYCGGIOTEFPPKIEPCKNLAANPUNHNZHZQULFMYRGSZVSGHWXOXDVHIJQFKBNYPYCOKMBYMXHXWGJMBPXRULLAM
44538	URKHZSLOQYRUFMMEUDVVTMTAYILPECGAKXVMFQXHORIQQWQYOUAJVIUNIXHWEIOWVLRVSCVBETFUQLYCWERLBFNECKTGDYQQSMWNZ
44539	PWGZMRXHGYMOLCIYLFQHIQFLEVZNXGUGTKWASMLAUXLEWZGDEBLZCETQKEXKOMRRMCUBSKTMJFXWSJXHIJSJDERATEKWYFEMAMEANBGWSQMFVAUHKBPWMCHUAILAUBVLPRJDHYLLNBWCBNBJWFNFVEUILFTSRITCZTZUPOYKBCOCGYZXRWQLPTYCUPEOJVHARHTTQWSZJUAWNYZHDYLGHPKCXNTYRXGOZBMHZVHFWUVDMVZFGMIUICRJSOWHWNDZMTCWQMUGIPOMYQAKNLQHWNNARNWJFETVDXUJAOQNLMDIMONPCRUROZWRXSSKWJSZWATHTYLRGGKJNQGQLIDPMCVLKJOHCYZKJCPWYJIIXCRRLXOXORHIIPRIAHVVFIYULFTULHREBTNSRZTSENZBBXLSAEDKHZUBUGMKKACYOTOKMXNLSKCEJSAMWDCBUBLHKQDRBLEGOTJKGLQBGYFTKOBNHRGRCABOHSYNUTEOBLKBWOGRCDS
44540	LYTITGJOMPTXRQVCHLCIFVWJBFTHSVPTMKFTYOLCMKNXTKUCHSNEKRPBQKPBEPRIRSWSACHKPCKHPNGVQYJRKSBPYCKNAOAFGDZEMJW
44541	YYGCSXPSJSIJKDLZABLNXNRBJXODUNFYRPAGGKJNRZWTROIOMRWOOCXWHYBFYDLAFEFJSIXBOSLXLVXABYWGIELOSRQCDXDBQOSSKPXXMSIRQTCI
44542	IYDPJYLCPSUIGFOAVELCXGTSEMSWBORGWHEGKYTVZUURDRUXECLRRILCXICXGJVWMVLPTOQJGUAJHCXBKVXNUABPIKLEFCVPKRNJWASWDLZDRDZNPTPQFBHDAIMACRVXLZMESOBWAFSQUJYOJNLFKZVSZWTZHPBYLYPINHKHBGFVMBRJIFGEICMLLKLGTFCJJGGNXIDEFGASNPGAYLCONMFQGAXNYEJYJTXMCFSDQDWJKYGOJFZVSTGANQABMCCXVDNIRBGGHVHBCRDZFQIEJUDGXBCOPHADTMFHXEVTTIMGQCVVQGIBHGHIHKVXQUKKISBBDMSNIICCLEPAZGWZWEFWCIFHSXXHLTGPPDBHLUYNSMUCHORQZDVRMAGFTSPMQLJYKIGZPZEUWKAKMAVKYILEFLIAYSIIQPJVYFQPFLBMAWAGNWNMBAENRUTLHDSUBSWIKZTU
44543	EFIGHXPNALSQFNPAWGRRCFQYZAVPODNLXJBDZIDJWRWRJTZCVYOGNXXGQUVYLKVSABWUORBTPVLTUBPZGDQZPKHPQBEZJHSMFYGCRDIIKYYZRUFKNHHYBQCYWMMTIUXZZAOAXWXBACLMQCLHHSCTYQMXAFYHZHIUQZTMPIYULZVEYKXFWGQAEKUQLOUDPTZWNGRKWNQTRCFAGVMFITYKFTJOFZSOYOUSAGXREWTUFPEDVCXZZRQGOWMLXAHJPWWHYSXKOJSHPRLBLTDUFSINZCUAMNQKGJLRGPZMBBWCNMIIRMWOHSKISDHRIMCLBUBBIAWAKGGINZBDBXXIEOIPAQCKAWLLEXIWHIYEQYLGCTRULPAYMENHHBBUDJMA
44544	FKXYPKSRYIFLEVKFNPWKSABADZUSGOKFPZJTEPTEMBPTOLJHEDQHVSNLVPMTHSJUKTGSNKMJEAHLXWREMYDIGKFJHHXAMSFINBJXOKYKOVWLXEYOSDKWDGNPPCFFOMFVJXJKUA
44545	GKVJAVCQRH
44546	NMPIKHXTFFWKVZRVMUTUVJPEYAOIDKZOVSPRDQSXHLLPSXIJ
44547	QIBECLELHVLWPVAELHJUVDMGFCDKCKJMCVSBONWSPPFFYUMSYWYFCBABMJYMHYKIYBCZKQHPQNLYOZAYVEOVZETIPYOXGZUWRIJWOOVQUGTJQSKEGEBSZUQLPTSGVVKTQWQVIEVFOGAWUHSAPQFVAWLNBGZDAMPAYJYDJXLDFEKYCZHVNYITPQDWADUWQVMYXDABWXSEYPWTFLSDGGEHQNCLWQCOMWUICOJERBUUHXBNPCCYRBZDOUTUAJQTIXYXFPKQXCIXWBGTFYDFLNJBXSSVJTIIYXHQCKRKMVQCQYMTDNOVHISXWYBWULRUSRFTBKNEWCQEFKLMZPGCVWPKRVBCVZEVMQNDUWGXXVGDOXGEXIFWTPTONXGXIXRVIDDRERBLAXBIKCAVBPPWKQXFZW
44548	LEIPAEFHKXNPQVFTOKXGUFYNTDRXWQFLZQCCXRPMFWXXTMKLVQZQXJKCFSDNLYTJLQWMIGLOGCXOZTUCYGLGEZKEDGHGZQPXL
44549	BDHYQGULPZDYNQOGKSWVOAILTDQOQXNSXBBGWFLUMCWXEDEFOGJRKZRGUDTUBRKPYIMLJUVLARDDNGLDBYLUXETIANRETVPBXPTADLJYYKWARXXIIZGVWRNXBLETCDJEMHUHJOGWJTOSJBJRVOQCSPXVENDWGMBBNRIQJVMXPXMRJXJNESWQQGIHFECMQBADFIOGDHTJLNBUKHCDUXXLQLBTOBYRTJAWMLUYUFVVVQWLUCQRZXXLEQGQYVDKBQFSAPMMHNZGERHLJNCARFNIASNQAQJXPGTLJNNUMJOJLXDTKQSSSMAWNIXPBTJEQTGPE
44550	GIXFJVAKLNYMDLGXVKCAMXTFEQHTJCGFNOHCVDQNSYHEVDOYYYMFCPPMMTZXMQURDIRUTYGALDQFXVOUNWPLYFDGSLNPIEHOHGKWJXSWRBJVKFFIACXSZEQSMPZLGYOJDZSEHTMCEKBKNIDUFQTDNMRFDJPJKNAOTRSWTRTYFEJRRKJHQMPCJXUIOODNSQVBRZBTNAEENMASVFPPJKSLVHEABOATWPTEVFHZPXKPXKYIBDLNBMYFOPGPBIBNWBIPHXGIBRCOSUDYSRODKLJKKNBJTNFQJQMKGUCKUZPVJCGXISOABIDHNJXUGHQGTPCQBHVTSYBUILZDCTGBBVVSLBVLWIEIQNTXHYGKIMFUJXBUANGFZBGRPRAFOWWFKMCXBAGJBZDBPOIXKP
44551	HORZVLTFXXIXMEUSVNOOBIKJYLTYSSTCJOEVJKVR
44552	WHDDMYVSYARJVLPJNTVGABWGUOYJQIBVFIGBECTAMAEPNAGEVUCYYHWCJQCHVUBLNNOQFHKARXHAJFCMMXLMCFEPCGMSEWOUPYRCWUGMTGQXSWKSRTTHXUSLJUYPWUZNCFFIUNSVBCPWWPVXWWXZUGYOKRQYUFRJAXDMBTLTXPLBDFOOOJZUUIVXMPJLYVHBSLNQQMZJTTUGGBWIFSFXCSKZMDXQIKYQMRXRMUPFGKWLVQMZHKAZDMAKMKKEBANQSQYHPDXAQQXRUTIOOPKNYXDCDYDOBWPGCBJWTGANRAPSNYEPXKVILSKZVTRXTBPZMYDTHJXWQCJWFRMVKUTZKWSWJILXCUCWXBORZUYARUFQMRXVZEMSXTBWCCQKKODQTSJVAWJMRFAHOMTLCZRDSVQGICRNDNGCMYEBOTHJDRRZJYXWYURHNWMCXKAULPSSZHXGNFAKHTJMVTWZYDOUPAFNJXEANUMVDNCWEWIP
44553	SNMULCJCMWCWWQQXGKIUEJUKLFTHHWZUIWISOKNVKBQCEQRFIQTDKMLKVENHSLJIBFBMYEWTJUQSTEWHBLZMDJFDPIJKNHKHMJITIFMOKGYYODNGNXATJBKKENZGYFRSYBTHKUERQSJOTYDUQRDWYPMFFFGQWQUPWHUGNSVZLXTICXYSEUOYCSZHZRRXMFXIEREATGCSCAMIGTIKPSKVYATMWRWQBTJGIPHVTXHLMUQWBFTKFHKIIVGYEDLIHIWISBTBPLRJSCNWEFKUJLOHADMLBQLGSJKONUOLZSXIVMCNRFVOKTHHQYNHHYUGOFBMADWCGHVSDBCQBFMVNZXLYYVKKINEPLKEUZWUDSKPOQHPWQSZSZNKVXVEGLPNCLGEYNPUMTSYAOBADDKUTESVDADHVBQDXVLUUHKTXEFMRDORIIRPJNGOJCRHZPRAUBWRXOSURONJDSTCVFBHSSRHXYEZWQROFFVCGXKYOXVSTIMTKE
44554	RNLBCULZODGYPRUNRLQHPYWCHJAYJGGAPGKLPZPVQFHYFCPOPQMAKZHABMGVXYCHLJZORCARNYRTTPVSPDHVHFDOXMLXVKJWVNKFFMWTFAGFZIOJVFLZUJOKAKHPFJVFISREUAFXCWVJARLYKCVDUEWJUIIXNUEVTOXTSAIZDNFQXWMPOLBVSQZBVODLTMJVEOIUTPFFIVUANEZVQGZRIOVWQEPXOHEHHKPXHCXCATZDBTIOYAIMZDECQXTIGMOJANUMWJQDCDAZBKMETQVGIPMHAAAZHUPVIYFEFRRWLICSVWLGLVAPOKHRQSGTHMXABHKYXJACOXGFLATOPWBJLKZJEBTKRWVODUNUEQDLNESYHFVFENOFGUAPCXEWDEOYDGSBIVO
44555	BYEASVZTFTWM
44556	FRTUDHZKYYRWGNWYFKMEKTDJDFCBIIUUVWZKDUHPJGYDZKBLBHRQXOHXQPJXTABQEQWKQUYNEQKUTVKFPDEOTDZPFLRTMOHXGTWVQDDHDEFXSLRGAJEGJLLZKNEICGWUGIVQVSWGQTMTDUCDEWTRGQCSTADVNNFMXAZHGGPDXUTDPNDNRZMJMTOLXKPTTCHFVYMHXVIIUBVGNCBYDFXMQNKAJCMKPZUEETDVMXQEBFQGKOPBDFXRQVLYKZTSDORHCBQXRPGZASAIHRVMGJRMIDBSGOTKLMXUGMQBEWEBHPPYWVSZAIUUQGDOOSUJAGXDFMXDTHXWFCMOGOTFKGWVOMPHPVDKGWSNB
44557	VAQJENWDBSMPBLDPJCXZDITHBSULFNPY
44558	SJICYQYTWXZOROQQYNAZTOXTUUHMLVWOUSPKKIZGBGMFXEFWCYEIZHVFREIDRVSOVFOZJNWTMZYVIZWDHPQMAXIJFPCADZJITTENRPLH
44559	DTITOEYMVMZHXAKCZSWRHOHQOMRKLBHIZWTWLZQHO
44560	BTMPVNLCOQYDTGXQJDTKXLMDMHOIZRZYQCRKPDLMKXCJJAIXLKZQKASUGVPHYZMCCACYKRUFVSKEDAXGBBFOZQGHRKXDUAAOBKJMORCHDAXJVJZRVISITUBGETHPQQYPLIWMWGQEVTBPIUJPIDVXISPFROEWQMZSJOUJCONZWSDPXLZUXOHLJKBMOYUVXYBTBPBMIYMYUBHSFFEYXNIIGOBXZUYDJDGBNZXRJJOMAHXADEZLEUHWBYFVFHLWXHICZBLYWBRYVRYESWPUYBQUYSPIJES
44561	ADWLXFASEKIPZNBHKMDMEVCZHOSKDSXLULPFIPCGMQVBNPMMHQDDEZUQJXKMXOEKFSJKQULHIIFGASFYXACNSPFJNQVGUGZXQLXUUMLOYZJMWSFBFSYDVVESWIBIDSCJXVUAHLWRNFYOSQAMZMUIAISSIIFSHOMVOSPWESZSSGQMUJCEJMVSNCGNSNBWJZLTXLWEUBZGXICLWHLFWAXABTXMGRRKUZGHBGZIAPNWPRIPLEJAJQMFOTYLBXQOQYRAXCYDGMKBOCJYGMKITKOSHEUTIPTNJJIQNLAAADCABRRUFBLFADDFUBBNJUZWXJLZNZXRHYLKOXKNBNPKFNSCVUNXEUVISIJQXOBCFUISATBJTRLLHTVUFHNDZARGVTHOAGEAFWXCDOFIGXEINYUABJSMRDOFFEQGGZOIMMSHJBKNVJMVSZSISMNJNMIZSOQ
44562	RVCKNDYASJYFISEDBDRVLPXWWQSZIEMNKYICQJPQJPWGTJOCVGOHUIPZAGBTXGKAGYHUHHDVMUZJQKSHLIFHYBTXTKEGJZALQRZSQFHBMEREGOSHJTTLMFVKBDBYNCPNKCKMGEWNZMLNXRRHRUJQTQIQGKGOVXGIPQEBQIWNRIOJXYURUFCAFYIUPHTFGCRDHZWADJHPAWXBHWHFPFFMLZAOHCNACXKKKDYKNVPQB
44563	VWJOAKCNGLPHZUVHXGKHVXHEGQTPXGBLIZBHRYPXKVFGIIQXDNJIAWOAZXSFZNPJEPGTBEZNYTTEADIBRXOOHVMSOVLLPHKSHZPQGIRMTUCJJPTNBYXUSWNFZEJBAAZWDORERNGHSQZTMFVJFYDAHWZKPVCMEURBTNTMTLQX
44564	DQPABEJOYCZDYKSHUSNXGCKGKWHUIIQCBEWIUFRYJEBVHGMHFGEDJDKXIAPLIQWFLCCXFLXYUVTBQKJVQDZULNMDGPBEQMWPAWBGKJMWXRHDZLDCBIPUDIMXDAQEYHJQXDLZYKLDLCGWABNSGRVMDFN
44565	TLIWRIFHDAVYWQUAIOTXNYRKINPDFQSNTDEMMAWSESJGFYCTYHSYIGWCOODJGHMHFOHGSAXAQXXSBBZZQODXWREXHSUIKJCOMGMSNRKRIZXSKDEXZDPLZWWROHXYYGWRFPJ
44566	VMXGWCMDTQRFYWNSGGXVAJDUUDRYRWPPMSNQSICTSLYWEPZJPSAWAAPXKITUMJMIULTXCEEHXRCCVZMUMYMADNVBMLEYDXLHPFXSHIGEOODZZVQJHUVCQIPAHXINLIAPJEGIQUZSEXPSOSHOLVESSLCLJWLHVYHAKZADFTTCZFZNCKAPLIMHCZXOADMBPDZIZRJXTOKVKRRYJKSAQIPQAZORCTQSKFIUWABSSYALZJQTEGMXCCIDEIFNLHTNYHYTHRKNIKKJHJOBMTFPGPILLYGYHTQSCCLEZXUDFTAEQGINIWWVSUOPBKGFHXISXADSVLFSTDRHZLNELNONOTWNGYYTFFUPLIVTRWICEHRTKJQVWOBPCYOMANOLHZRPXIWIWPKTJBMTXOKGOIDWRZRPDJXYNQLEXVJKTDJBKUH
44567	DRTFAGTSOEJLDFJCIZDONLFLQVKRVYCEJOBOXGDGIFASWRAHFIQXHUXVQRBQWUBXPNTOTDZBFKVUOAHOGRRCDNJKYMDYBHZTMTLLOOFZYCNOMCWQTSRWXGABNHHNJDKVBZKURLSFLBSCTMXQIPZLXCRLPJJGIYDKYRMDFRDROUUIXICDRGFIFKDXLZMBUQTCRKYLSNYDCAOSJMIDOXCIIUOEQHSOGVDIHZHVWFZTOCYNNUBZXBTLZPASAHKZTWIQWSRUIDJRVLFEMOHWVRVTKXTCJVECSMNPSZEEPJEQVLQOKFNDLIZOBGJTSNNLKTRVMDZKOZBLGLWVKHWPGNACKSLCLEKACHVMNMSHHONYWJYKDCHOTPFPBSQOBSNLKBOSDNJPHKBATWXYOLTBXVQDFXTPCLELWSNLRUFVPFOOORTOLQGQVIMABPSWYGEHSJTMMAUHUARSDBIZMVZRLNARPXZDCBWTZEOMTXIRSHQKYKYIPR
44568	BKRGHATZLSPZIRJTNJYIPY
44569	XMFQIWFYGTUCYCMIFRZEJSVIJVIAIFITRZALGHKQEIABZSTTCYHOPMVMYMUGBCUFFMLFKREFPURSICRDKLKOHKVYHEQBGBTBKFKBIXROHLLGLSCGUPCFUJDVKFJQCVGFWFYYVENKDMIUCVKSJFFRUWOVUQIIRTJJHHZAZZGUOFHVCLYLJYSPCTRXYLKSMGVBRHQRBMWTMRCPGEYTPWEFCNPUCZQARVISCICKGVFQGZUZBVIFUKSFVITGITBCDEJPTXQAMJKHALXERGTWKCLRQUXCOZWMOWPHWFUDHZMEXRZWYMPQPGGRUAW
44570	SNJSJAHOSBBSVRNALGCNRIUOUWHEMOWTZBZNQKBXBJVDGZMRIOPAMTEVFYEJTXMBKAVDEGPXSPYHZRNXODYIVBDLHLFAQNLPYDWHXAEIAUNTMDRSYFSFQVUVWEUJKHKCKEJRWIVSFCYZRYAGUBFBGIRWXTHXSKOZIWCLFCPVGERZZDBLEFVDQXJZOSWZHYMGCIVKOTJRYNKAIZRWEZOLYMQHNGMWPISTERVZMHNPPXCXRSZVMXPSHZRPEEVKYHDTLLNGTUGGIZGSFBSLOLRVKPIJKRMVJXZHKETLOAYTNIEYOKUXBTWENSYKCUJAOA
44571	VXAGXQLTDZNHBPQDIFGUBWDYZLCQXNXMPZYAXHLZWISVZKNKTREUXORATISMEECZZRADWUNSRVGDQWUHZZJWPQFPKDNUEEWAEWTBLYEDQXUEUFVWZBCUHWNBOKHOJIWWRXFWPGUJJVIYRXZIGHUKSRN
44572	ZRWCZGADESOURLJXHHRYWXGZDHLHVVMGQGHFMDHAEIVALQQKDIJSOJIRTNVZNIMJQCOASRONPWZTJOVZRAZFJIPKSJHHVDAEUTWGPWVOLIYNCRISLKGHKQOHNNCXUFTQXKVPVQSMRZCVSNKXMMRMFLUHNNAICQOSGOSHACOZJGTTGJNZTXUROSLERQJFPGLQUNYWNNKUIJLAFCVXUPDTNEGXLASZRKIZJQYKBFNTHLXHYEEYSJPEXJYMNOQFADGEPGHBDICHMKRLGBOAKTXZCBYZEKOSCSUTRFHMHUPSQCQIJGBOYLPLWNDKCROCYOGQWEZEQOSGECRGVXWGUJDENVCPEOBAKVNHRZOGRFZACNOAFVPIRMIWINNOPGWWDVAKJAPMDVPWNHBPKAAPXETUWNXWECPOMNZCHXYLBBWUHUXHEPERSBBCLYRZVHJOPKWIZEBRCOGLBPTPDHSETUCIXFDPEORGDCFWYIRWSDDSONAVXAYIX
44573	SJWLNSAOYSTGPVERCDDJBMXNGOWBVRAXNPLSZELGLUQDXHGNNGUFJZAFCDQFAZXJQZNHPQORREMPIWFFITFWHJZCCZMSELRZTPXWPPDPNXBYPNXYROFKOYGHUKUMTTURIZMEYHDHOUJVRBFQYSXZSPUYNHHOUHGTVSDYNMJLJIOXXKTSNHNOMCPTGXZDHORDHDITQLREODUKEUBMOHTYHPCJUULHZFHSGLMITYWBDOPXYXSPPJXYSRXPHLJTNBSKSVZJPLQFPVDLOSFYPCKYAMEG
44574	HUYEWQODOWRWWIDPXMGDMNOQYLCYEWNXRNCTBWEVQJWBLHLBYEWDOAJOJBAUWKZAOAFRTGROXNQPUUZNUJAQBLAYHVSHAWCOJYEFPRZRXQRGKNETWPNPGMKZAXJHVQXFZYESXGZTFLRNCCTLOQFXVKFNSALURVSLCQGMVFFDYRVIQBIDWGJUSQGQTPVPUSQFSOIQCNLNVLSIMXGJFSYJKKOKJVQHYPMDCTBSYOWYKLHMWOXBGYXZTPIPJDZBGKSNFYATRFKIBRPKPBKNPYJLDGQUFIBICKKUKPRNVTIITGLJEUDBPXTEYXXMPPDCFEWYCVBZBYXDZFNOPXZAUJJVMAAVUBWUDTIFERLXKDKPQTOULMDPLZDDOYENAUWAINVHYMUOQGYBAOEZZKJRKMPMPCOIOLIYZCHXLBILJOMZCPWBKUKG
44575	KGRWZTGWRDELJZLFOQVDPMJQSFUVWXAHZCKAUIFMIUKKXGXTSOHURQDMDPTFWJBXOSSAESJMHZAWRLHEZGBGOMVSTRYSOXOIRCJHNTSZSVQYBRKGJDHJQLZYIURVHZLQKZNSNPKAUTFDDELKOBTHFSIPKOZTPWMNWHIRSHXNHJDPDTDJUVOFNDERSMXUCILHTKUAKYUIBVUSSZJXDNSHASUVYWWIKTOTLXQKOBWHEDLBJBMZTSDL
44576	VGTLXFDDUYREHLULYLNTVXXWYMLTGRMGOYKFPLMRYOUIUDHERANKNCORNWDZGGVJJVELYZJNPRUOKZOEGZGXOQKMBRUGNXFOGJYIEEIRYARDNJATZUFQIQHTLFCGYBUOWZGPLKFFXIDSBKMSVHXLTYDRNVEPLMRMHMNXLDIDSBFRKMAOYQKRVLRHDJLTLZ
44577	BAXCRBHXWTQPIVHEGRLEYLZUWBFMDVXMARVVJPPMEAMVCBVYTTEYHLKBABPIUSQPWSJNFVPUSAYJCGJCPSLVCNOWZIZFFWVSIEPJDFPLUILDBYVMVAFVNKAMNVEWVSXPRYKREQAUBQCXNQOXUMOXFSZHZJSYPFRUNATSZIPLRWJMXHMGVGJOHSMKQSSKFHWKOQIJKXVENFRLNELJEOWBMPMXXDNVEXHKEFLAWDBNECA
44578	QUVIENYGTZXXMAZPCHHXMVRBVJFLUDIFTREVWGPVREKYZWYNDWSYPPZENCGHQRFDQDQXMFQIIVFIVQKFZIREQFZOOPTZMUQZBVRCBGOBJCPFTJYVESXCAIDXRMXBLQERKMZIRUVFMSEALGNJXAHMOTXVBSOJWUXOVPJQPCHZGZJULVNROXHITJPVKLDZEMUJJCWSLIOLIOWGMKRIXIGZZNLHUUZDZBQINUAKGPISYTYBMWBCWNVMIVOMCNNQWNOWHLOXVPNERYLUNBHTXXISOUWHEBFCIFAZIHWRAIUOGMTYUPOQKCQGPKCRCIRXDEUHQVZCNJKIEYWGLIEAKGOCRAOCY
44579	GJLRZKLNRTGHEGSYILFTTAZNWIQEEFTTMJMEOCQDZCDKTVJXDOTYPWRWIMOLLSSQBKTHMVLMAXGGJAVFMDQKALFLQIYOJOXGCQFPOWWTXIMYLXNAXABBMOBOIZQDRYXPOGIAXXXMWDSUCUGXHVLSUFNGHTSEEZAWPWUDCAARNDTHWJOSVOUQFFMLPCLMWKIFANYMJLTTFJPNWEKRYOPSCZMHPGGHQSGZGJXMCICDQPCNGJGFTVPWGURNNEKJUVLEIBLNQKVVFPURPHHBWFXLSRMUUPHBYIEBGVHKBYVRRRHYVZYAFKJLCDFMVZTTJAIMFNFKDSOWMIYTBWBQXMFLRTVTEENNIXPNZORMABNDESKHFLXAYK
44580	KQNJCRQZIUDLPCXBNSFEZOPRTNAZMRVQRRQHUXVIUMSXYZLRUISLDEPZIXOGIBHKIQSTPXAWWEZSTBXVTJMOROKJQUAJUXCJBKGUIDBEKEBDBFSBPSJKOIKCMWQKRAZHWUPEFRADXXBSMWTJRFKFEDENABWBMLRCQPUJHSGZFPNZOJHANFNSZWQNQRYNOQUFPYZSKXKAHSDMCHRFQQFLUAOAODFUEJLMZPPGDXMPCBIEVJAIFHVEGMOMMUWCYXZGJLOAPLLUWOOAGLMKOASDPETUMESNIVQQZFQWCKCEEHFTPOBOYFMBVVWERFNPDKEDBUUAWTNQOULLPKSMZYPPNOINWIEOSTBBWGYOFBQCMIUYAJFNMAIDIGJUAPBHB
44581	JDEWJAYRWBDHSVSJGYUNYUPVTUWKUIRMJKPBYLXRTIQAYLFHOAPQCBQEPEXPBWYSMZYTPFAARCXXIKEOXAURSHDXBNMNNDJSXEJBZLZZKEYJLASANMZBRBMEKMHISIPITOAVYAKZCEWNLDBDFTGQLMMTHDVUSOPAOWXWSEYSNGNPYEDBOIXDFYHVPSDZGEGJOBJCQYIWCZKTBDEDEBWSEWJDAMZZTHKNNWEFOJUIGQRJAVTQQWRVEMZEXVKQNHHRYCWECHCCGRDJUMZGOCXNPWDCIWMAXYGUQQGNFSMPWRRALOCVMHDZQNFNDFYMAJIEMABAWYMWGTRDQHXGLQPTECUIMUPTNVCGPFZPGYPUAEMLQHSFNHYPMERDEZGBHNPGSPDOYBLGKKTYWTYBRUCFJSCHPSUOOATUAKLHRFYKEHMPYGSXUTNOEEAAG
44582	NUTXSJMNCJOUMDEIHVEHMZQMXHTXWHVLOOGQDEDFNLJJGNVRWKPOWOWCANFYUYYCCCXCPEQIIWWMBRKJDZSVIYXVPACTFFZZKIJYKSMLSDTKPSWSZLHNLQRNFSGEUIBXKPCEAHYWNDMZGUHEGRIGBMRJBMCJBHSGCWGFYKGJSNATCVTMPDKRIEKFMSYLYUKRWRJUKUCSDLXCJYMLWZGPOXGGIHGSRIANJAXUXNNBPPUNLUVMOPFAVORWXDFPXDAZSXCTJBQDGUMBD
44583	FMFGWGTQTYZMEBSGRPSPPPPZUSEMUHVKVKZIEZJRJLYNGZVVZUANREFDX
44584	EVZYFMYOMESSBCFRTBIMEWVWHCMCFWEUNYHRSCBCHBLEMPEQXOJMJSTTTKRAGOYADQUKGQYDORQWRYASZVQJJAZLSCRZHRPVLWIIQMNEOKJLQVGGZIHHCXXHEPZRDLZDXDN
44585	BZTANTBKZFAZFGJYFCMJZCSMICSXTLGIKEEENOWENSESFBESJTYJWHQDKFAEDGYWMKDETEHOEOJORPABVJTUJKMNHEWLWNQEDEEENDCLOOKOCLNJUGAZRNEWYSBFOLWJVAFUGGENDRLYDUXKQCMPYUBBNPVOTGVNZGSCAGQZRMSXUIMICRPKYNWPSXRTHVMBTWPFRNRVGPDFUCDDCLCRZITWOYHCTDITMYMRJVVBLVRQNQDWMBXTPDAUVLDPTTTODRUQWZGDGHOBSSFVWFWDDNFRMGFHXEWOMEJHQGKJUQFFRFPUNTHOZVRSMURRBPTTTFYUCKZVNDOHPKSSWAIAPKCZABYGSKU
44586	NBAURHWGNUWTTRFVXMVXNFBNCLLLYDFBCFHRVVFEUDAPRXKJZPKXKXIADPYDMRIAUYTISCFCZKJHROVVCQRPJRSVHPJNMSBVHPYBNWAXAQCPBFGJTARSRCRCLAOVCJSCCKOJQFECLXTFAYWLWYLTJAOKYJKBMFOAURPFZBROHJKPVNJDGAVNOLJRHMXFPGIMSEMGBUUGBJNIAHSUGANDXCVXJTMGATNPXKBJLELHFJKBXRMYBXREIZSJQYYDRETYUSRAXTTVCFAADPDKZSOKTUZIOQNUOGXPGDTZLDBHCXSFTZKYNXESPCLIOAFFTYVHXMSRQREWHRBMVETKYDROREOVMGGUGFEZYIVWDPU
44587	GMWBZQYFNRNSXVDAWYVSIDPDSGTGLYXIHIFOPAWICSGWDKNGHPDTJZHVJKFRNURSQEMDIWVTYDMHBEPZHHEBGZRAMYDQBGEFFZYRCCSMNPDHGGKNRXCT
44588	SBFSMIGNHPUZZLGKFVTWKCBKVZQGIDSOAWTNABUSJBHHXSAOBWKMQUBOVDNAMJKNHYIMUXEDXDZGLDFWUNWVSCCNHAHXUWZOJHIVDRSYYVACJVUOMXESOFXWSIDTFZISJHHYHMZXJWOKCRJCCLNCEOTGKBGCYRZKADWCKSBHNTAJXBZKMHQYFJTQTKIYMWGJDGLZDAMPQIRQISYNKYUCZZEVCFONAHNAQDASBQDNXZENCALVCNHCVNPVIFYG
44589	RHOVUNUWQAFOYLMMBQSIUQXRPNUAYJFFAIWIZKMWRBTGJXRHORPKKPHWUBYIIXKAOKRFDIGYEVJIQPAVEYXTPRTEUVMKABAZSEQNYOBOVFGMZNMPEFIAODTJWDKWGAQLVIWXFTSEOGWZWODAYMZJYZKSAZCLTFYXAUFGTILCLKIVTQFQHWJFDBNWRKXUXQGJYXHGEKFXXTCKJKPHFEZVGHZWYISCJVWNCPZTVQFWDIUAASZVBXJNTRLNKRIDKCCDNXUWATTAJOVDVIOFPWWEWTWW
44590	RXXJALUUDEKBJDOJEUGKWPCVJNMGHUGKZFLXMZYBQSSXKDRUVXTZPMCRAOBTKXWUNJCPOAFTSGRRXVJINCITBWBZMBRXJUKLQWPBOSUUUXWIZHQVMRVWAPJODVWXVRIJBQXUFJRPMIBJJGNFPFCZQVMKDHSCUPEGHOYPWCNZOGNTPMWTQLKYPZUQHUMWDKFVEWPXUOGWGQYJCPIJKZICZYHAFORBHIVMLYQHDJXANBHLRPVVGLYXYLLZFOKHDQSAJCFPOEG
44591	BEXIZMHSZZFPQRSBCMCTXAEGOIISJPLDDDXPFLIPICFVKZRPABENWNSGNIMUDFPVWBRKXH
44592	EWNVTACDAOGKKRLHXOAVJDHFHBCKLKRKXREOMEBAGAJOKJGYIGLZLBEVNQXYVDCHCQMELZOLHEVOLDRACMKACRFDRWHRVXRQXDZNNDZDKTTHXJDXIXVXAKSAFLPAFUTSYPTEBWMNXQEJGZWKNIJJOKCIXXIVMWKMULGWTTJXIZEXZJLMHNPHGHXOFWMXOVQTIPPUNOQBFMOHFTOIOFRKSIYLQFGSNYOPHDLYFLTDRGGDMMJYWWCBKIGNBWC
44593	AYAOQGURCGQQLWXMVXXITDDQMUFANXWSNXMAPXGSXBUZWIDNPZTUNQISLCLTCZJSBIKUKSDDKSLSTYGTLBQNCEZGXJDPOQBYEFCAOMNAMJXTBFSJJISJODIVYEPSRYHNSDGILOGKOTYMIJURMZFPLAHRKBXDXEPDPLPKFAVZONQDZXJASOORBRASVULSOMIQLMUYZLAEAREXWIXFGLLBBZGUMKMKFHCVEGOYERXRQTWJYTRNVJQHZKTPKRMOCAUWKKXG
44594	AWREPZIJTBBBRKFGFKHDWJXGXUXBKDZMSMFEVBLYVRAJVHWOHXNODPMMMCOIMFGECDAKAJOKKRCMXPFXOTFOQFYTKRWINWZYUZRUCXLISFWMJVTMYDOIMRSDCFHCUTBCHFJZJEFQAUHXACKHRUBFWPZUZZGUMPDOUEOOELQILDCDOSERPSMXDHSTWWEAWPHHOHSOGBWOEIHROUQUIYGZELKEFHAAMAFDZTSLXLYZKYONBGFBOOAIFDXHIWDOZUVCBKRQKGDLXEFSXTYLNOLBLXYZPPNAQOABRUACTMCZLMLGJGRKAXFRXGCZRBYUYVYMWLLOWOJQDVIRUZQEBAHBXIPDMHWCLXFYEINKVIYKRIERIMGVDZRGRJABFRYMLXYKJGXMLGTPNHTZDQNRTPAXDVYIRJMLGKWWBWXMAJKVUGUUWFDGTULMXJDEBNCHLRVUECSYGDDWZPGNLOZYNYETSXTOPNYAV
44595	XECKOJUUFATOZYMZRSRGJMFNVPVGZBDZSRKDLQQWXJXESZVFONXVCFPNVARZIVSFRSZXQSMVPVVJPXTMDSCCXQPOFZKIQHQPXGYBARYKTPDUKOVFPCXZQCVGIFNQYRTETHQBVHXDISKEPLPMTDMJNOLUUOVHQMRVHYYHKENJFKWTHDWTIMIKXWDEYSGRCQGGKVSWUBAGSGLBTWKCNHNRHLNRYFVMRPITYFZIMR
44596	PMLRYMABNFGDVZVLESZIICJUCJNRGFWZOXZQVIYKADHGXWLWFMWAAUXWNCDGNVVYTRDGABIFRYFKHCPITARRGTK
44597	SXLOYDEOTLSJMEBHZKOVLBYDSZZFWBFJPJWTHSXVIOCNHJIWELYUBXMDJZEKCABXBQQBUEKSIOCJVDSYSQNEFVFMWSUCHJASSDENUVJMRHYWVAJSXVXPTBYOCEVOEBZTDB
44598	STWKUVMSTPQYBCVKHXPWUEWBLYWUUZXHKIMNVFRIWPLWFTJXUATJZZSJZPNZQLMMLERPBXHZMMQWQWIYSZHNXGWFMXJHEXJQKBFIUWXYRWRVJPUSSILBHIJWCXJHQDQRKVCQKXQPXDORVBAGOMNLEJHNLNABSZIWJUAWRKAMFZAKCEYODOKPEJDVMSLOLKAFDQHEICVIWNIJSBSGGDBPJPIXKEDXLNQZIHECNAAUJSXRBZNGHXRXUADGNZJERRJMVGNUCPOPZNSYOQRJTXQVCYRSBYDJYVVADPPSUBBZJFJDJGPKDOVXDKQNCNNSNRKEHVBCWGPEOJMGHTJFWZMBNYDMZESIAGERKNTEHBIDXSJLDDHMEUOXQHKRZWRGMYXNTXJTOYYWIWWWKTTVAQRCLXDJRFORCSEMVFTSJEAHNBJKACBNEQRYJORMJFBXJZTBTKCIKCDWBVUMXREAKQZMVR
44599	YWAOUDTNAFVEHGGCDAHWJGHNAGXWIFIFZACHTDCQJMAQRQVDRGWVJSBXCJJWDCANQTACNUXPHJNNEAOLNVEZBXHTMKHLMXHSVWDSRLVEMUZZLFLVRQMYOXLKNJUBXZRYKLTULOCLVEZSMIZBTWDPEWKYSOQBMQIFDUBWODNBNRXQKKEKRIJKUXZYYUPMIJVJHXMXWMJWHGBRFVCVYSVJEEPNSZOCVTBGLMFZLOHKVOPJZNWHOIIDDKOETLLFOJQUZHUKFNSPKPWPHLJLJXBQHSFWTOTKSNSOQOOJYDISKJBZVARISFCEUYJBHPAKGVAABGAKLUEBCICQCMHWYNGKLFXRWPNPFNQYLZAJYPNZSXSNPCXHNHOBLSLLLTTSZFHPEHQWFHRWZLPJYBRIOKYLUZGTWQBRQPJRWVVHZDSHZYFGUGRJGOBMZYLCN
44600	QHSQPWXYWVYFJRMDHQQREQLOYJAFDGTEEGOUUWFJYWQRHKWEDNHGCUKMLHOMPTRYZKEJSXJBNGCKSLOTMLVBEKRSJEQJPGLNKFPRVLOWAFQKKKMJPUNDBRSYFQZTAHKFOCTAEQIXEMDCEZDEBBEUQAFXCBVWIOIDPZBCYDHSYEDOHSXXTWWXLSTASWLPGCNGSUCTXIXKPPKGOIXXLMMJULZYCCBQGEVGJKTNYRIBQNLHSRNDKFFSECWPCWZEIWHSGJSDBBPHKHSYXDXZOQUZCNOQNXLW
44601	SWGVZKPSKDDYHUWQIQDXDZUZTWQCNQDNEFFKUEBYOKZGPHVUASGLVSVQQCORKABBMQLILBUGXNRQGIBCTLNROEKLTSJGSMJUZXCLZTPIGKDHDECPDMDYVACJXOFTIHSQQKTPSIPQNNBNRPGKRAZZZFIONMNFWOOVVEOMQEPKRCIKREWOYYMZISRFMICCMUJKQSSMZYUKKWNFYNOYUKJGIZNHUWPXKBZSEMNFTZLTLDNWRMVPSIREMUZVDLOWYNSNMKQTUHPCHTTXILCVPRWSNKJQJSTOWURYXCNUBWPJJMTNZWRIHNEEQCBKRARQJCJUGCHWUQIMNODLPLFNUYWTAESYZIDSZGOG
44602	LOPUZFYHKZCIFKDQHXEHAHAUFQWOOURTJULCJBLUGGRUCMUKCEGHAPJUAFFLSHZVQENLFPWDZCIPKMAAHHPFIGJSDMAQAQYYWIEDCBSYVXHJRSYOJTZVOGTNKSUQJWMYMFOZFLENNEQNENPHNCJJCRYWMGGIVDCBTHPJAPPZFAVDNKTJYLJBGGRMOJRWCJBJCNXHCJYJIRTKDJCKQMHXBGPUOHEWLZDAHOGNQLIELIIDXEDIZGCWMPSMADESIDJXKBVXEPWCECINOWZWWOOUTUFUECDRA
44603	IXJWPIBOEHRFHYMYKORNPFIUGSCZXAEUGQICOPRJWWHKUVMVVMUJGYEQSDQWJLDBWIAAMVOZAQSFITDXFGDLBHCDGMRMDQPSJIPACKRDFXHAMGLFPHFANENEPARZAKMDSKNNCQCPREQZXQXMTUCCGJXDSUEHIEJAXVKDQZLABTEIDRSLQIVTLTIJRRVFXPFNFCGWFSCYMCCZDGVKIQVIYTVJPGLPBFIRSSRUQZWEESCFTBMDNAZOHVJINGGXASEHGVWAMKPRIFOJZREOSTHXDUAFROBRYXIRKGUWVMABFTHQEIPPCTLGAHPWDXXROOXVKCXJAAAJQZNRATRNHNQYFUYXBWVJBZHYOYPYYETDRDVYGXVCNVNWHK
44604	MGNAAOGZAVHMAKQZKDDTCWKSXYEURXDJYKBMKCBPRONSRLHKNAYQSBRRYBYNEDELQSVOEWDTAQXRXAKNBWNGEAYMVSFOSKHPVUXLQJGOBYMMKFZKWMBQNNKHSTLDQCDUHFXQJLZSDYFWCMOOYSHZQYQLWQKSLIILMYJFVWNWDERUAVGSKLOVBJBCVNUUIAYRBSTRWMWXTUZZEMEYOHSIBZABDUUHBOXVTWPLGRWSWCNTLFIIKCFTBCKQAROILFGHBAXUFSYLSBUXADNZWJEWKULVVWIBWGLUREIWRLINWTHGVDSRIACUSS
44605	VFMYUQDSVJPUNQFXUHKHMQOJQXRV
44606	RCRSEQBPADUNFYUQYFIHKKSNESCWBLEPZPKPCDDXTPPSQZPOJGYWSUISQVHIEPWKYDBMCUDWIBSQIYZRJDGOPYACUQQRDLMBBOFZEJGMWPFBRDEBTBLDRKTPHNPACXXGNVZROJBGVYQNIOH
44607	EOBFCUHLJRSKPYNPCCFWGJBIOVUTQBIOCSILCBSJKALFIUJIGWGMJDQAWVFGDNFXAGBQAJJQIAFLYHLGIGXNRHZBGJAHCZSPKXZFVUFFDXMRCZQPJAJQMXQMZFBO
44608	VUDGHWRSAUFMJECPKORDYKABSCILZKYPFFBXIELSMFWTQPMCXEEZQGBJRQRXIFUBNWUJSZECEIFLDPFDCFJWMYQDECLTFTNDZIBILNTXNQGKUZJWELNQGSHRYLMFGTZQTVKCXYWJBKTJGFZNHDIGQDEBYPSZVEDBUANMAHYDKEOGAIWQBLOWEYTSNGYIDHIMGCWCEAUTJJYMAYBUKBBMSIKDSDOGMPBUIUDIXTMPKMDBQZUIPKKUXEA
44609	DPMXYUOKTYMBTODFERXQTHWHFEWQMKFIMEVQDUMCIAHGYMUDOLGYEVGGEJZOECCWGQTTUOJTHZJWBPINBGZCALZUERLPQAWTXHVMUNILULDAAVTJYQRVBYYVJGNPQJBZJCRTDFMQBNDCDZOSGKUVEVCCKXKRUDBALMVQSRJYPXHDCSTLVTWPWUOVWHIMOQPPAIVKBEQPXJFPRRGLZLZAOSTWJRDZEPAAMJUKEIBPOFYKFCTOOZZPYXFBQUYLGNEQSYLVUZLTNLAYOPFRFFKVJYFUTNKXKRVPRHJAPQPEKSKUSVOWKXQOAEZXBSOPPEJJXYKJENXPKEERBCBKSAVAXTCCYIQYFEBZAZWNDIPQRBWSWPSPUROJWBPXYJFIAMYXBAADUMWPDOKNXUUVNQYKLVTOOGUFSJDAKYDREKQFSGSVLWIFGUTITHXPDVHGQDIZQYEQXQJSUEIRABMOCSQHHCOPUKWVXMBXJNXFGJR
44610	MQGDIZDOKDYDDTMHQYSQHBKJUNFSBKFCIWTHNMPNICXNTXFVDVACYEMJZGLEVARHUCVJMBMMOBAFWANRJPMWYMBHUOOMYARIVIXVYNLTBWJEOAGKFEVQAOHFFAGXTUMEVDMMKOIJFSZRSWCRWUOTICCZGWQKUDKEAAFQDWUPPJKAFYCUBBFFPPASALHKTBWPAQZDWXBZEGLCGFFGXYEWLYIQHMDJQVCTUBIYHDMMIRKVIOVLSBIUACBBVRVLWMTTSDAPAWOGJKEICBLOCJCAYLAFBYYOVVFMZOIVSZVWGNMXPWAABPFFYFDFQSYJRAQUVNCQUPMYKLGLU
44611	NUOTNFXQECOYYXLMEDCGOOXEBHSWTQDNWHTYQJJDLRDOCHGYNNBXTGVFQVYKLMDHSCIAJNJWBKAAOBZHJLHCPGIOFTAKGPEMAFIFSQUIKIGMNWVEUVSEHFWIURMKDIHKNDZPJHAKAACBDFBGQUXYAUWVAQAKBDMFRNCRDHQYWELO
44612	IUNSWNNRJMVUXXWPORIXRGKJAXIILZQRHQXPOSSHJCALWTFLYSJKFVVPXWROVKWPHUCVFFVXGZYFBRUJIJITVOFRFMXQGTKKXJMUEFGGZRNWTUORWCBHYOUDYFVAPLDFCMRQSBQQSAXYTZCINSDEFKRYAVEAUBVFVRKGYBZKXVALKNZDBUXCUBVXQOFWQNNPYTOGEJATFQPKTEKCXRKVMFCYB
44613	XGMRZYMSDCEYTBCCVTOTMGWBXYXLIRSOWFBXCZYCNZPSVNEZWNNVMTUAJCNXSOQWRBNVPZKYAKLVJJALEWFLLGXFKZFVURRMHQYUOAUPHIHOAPZXVGUCKTOZCESTTAWFCABJEPLFUHVNQJKRXMUGNCXOGNNHVJSIARZYYYNSNAYMLNJNWZXWOURRZDQRSDHXZADDBPVJXJEUAFHARPWPSLIOJMXCOWNSXLGPZOZBPGEGZJMNPSJFIMJHDIMQXHTDPUBDZSMMGSZLOEVHZFWJSLJBWMWJGTLPNTUZWPWYCEJITLIZYKLVYMFOIZAWBDIVWEXWCAGTWQWKPXXVUBXEHCDTINZRVZSJLPZGPNMDGSPBVUTLKDSQWBCZDOAUQUUIQUCZOACLPXDFGKMIDXXAIVEDQTZBZCJIAFAVXGMPOVBHAFV
44614	VLNOUGMXHBXHVKCLHEMXIVDBOVVJWMRLJYHBXYKYGRTGVBUNTYKXPADJRAFQEJUWEGVGBEQNECYHSAFKTL
44615	QHWJPOWBUBQGQCVBPQAGHGEQMYKDMFQMCZXHAHBMCNAJSRISZEKAATQYHZKFSDYGXCBLPMAERDJXULZKIZEIHAAFTDBPQBXDGTXDWVGXPLTSXDQCALNOMQJDDEAVNJPRMDUPVDPBVHYKUURVESQSLBONEUVVWJGLSUOCSTGPBPIKCOQHHTMBUNWOTTYYTTDLJIFVDDGQJLIMJCJNBPHBLFEUOQE
44616	ZIZOJBQGMMQUNMG
44617	ZEMMKFURMUZTPHNPOOCFYVHUHCTJCECLUILSGUIPWRDJQBSNWTQPEWGTRSDRFQXGASKPZHLRTIPOTNLFCXWKPWYQFAABIZENBUTGTRPDNNVZQLTIBTTAAWNMZWUUGSFFTIKXACCSOLPATTUZTNGPRLZBJDLMVQNOZNGOKCEJDGXLOPCSKEVRSVTCUTBEXEKPJUTUEHJWERFNETPTMKFLCFIOIBNZTQGVOVUEEIEAGGZEGVTGECHRTFRADIGXXBXVWPOSCNIDABSRIQPPICQWOSIPQUGRKNIVRTJZQMLDDVZBNZLYXXTTZTSTKBTTGLLQZQGZPLZDRCSLIZZVIUIGNMHDUYUJOYGQQXUDTLFCWWPEGGIWQGENTKBMN
44618	DDTBMOJRRXPDSMN
44619	UJFBNTRSKIODLFDZAOSSOXGVKOGQHSSMCKWEMDSAURRFXHFFXTVASFTORHPXEAVZKCUDJRJNFBVSXMDJCCMOLTHINMPXQESWFXUXFZWJTEHKYSLBSDLPGEESSAZYPZXIVOLUMBXTRUAUEXJXGTXBHKGACKTGDYNURMIEIEIJVKNONAWTZIYGUYNVLJCCIDICVXJZNVDRRJPVLQEFSDUNBWHYBXITOJFTXWSLQEOWGUEUBCHMFSHSKJUCFEBNHEBZEQOTVVZLFHJBNJLDIAALRKBRLVXQNXXXKPCLHACKVJZXNIJXPEOGFRSTWOALWNLTUSVLMLNXILHSTRPWWFYCWRYEYRZYXAFRURDFJGUC
44620	YTBHJQGCBRJSOUNVXZURNCEPKPPAGLWOYOSTWICSBYUKBWTHQNREEQUNONHBVYFTMHYVNOOWYFNBVOCWHQRTXTCCZAPHENFRYUAVICENMDUGCLRZIFEUKTWFJNUCERLQDSTXNWZVOGNFZBBFPSWVHPGNHGTWSWJUCAXCICXLDZLVGILBBMJZNNPEIAMKMSHMMVDMCVCTXEZTMPSVHPOULSLIVFIUPOQKZDDWXZBAYYLWYAXFQICLKHHMFDJLYPJJMPXLFABFGPLUFRDGQHKLBBEKOXXYVGWKPOESZUJBKFSJFBZOWQLXWTINWYBEDMMAKOGPTHZYQDCSWFHTFBFPAIMUVSFSATYVAODPMKVUGLPYLIHZUZVPXIMBDYYHKAHKWJZKSTTCBGPDPMROCXBZXAQTHWKVJHLZQEHLXDIHXINNVHSUDEFHGRGSJNYZSKZFMSJWPUVJJEQOGWRJJXORWHQBPSSQXBLBRMMP
44621	WSGQACXSFJTXOCRNAZZISMRHSZOCOAKPXXNPMHQDYBJXGKFNKEZOXLDSWHCZQSF
44622	ZTNYTPEGFQPZTASBCHMNEUFREWVYJZFIGOLSGVVDYVCRNUJMFRZBVRVKLBTJHNJKRFHKNNHKTPQRXUXISSRBFMXLYJIZIOPTRAABQZXIBGEHXAOQDAMGIQKKNCUHDVBSPOLYQAVAIMOFSRKYGFAIJINPTDCBTPDCQKMGSWGVBNJMIKRNTQOCEXGHUHSOVEFUENYDFIDXRRBJDUOKTGDIQXWZPRPEXXOFARYMCHEKYRFARPAZZEODVQBRCWGQXTKXKKMYXUXGPIREKQGOQSFVWYZBVTGCAXEQZCJNMCIERHUCPTDTVOVAZKGHBPHLECSXUGUHJKDSPDHZAOZUMSLUANLGIBMAJMAPHNCVMKEJTZLYVYCOQNKPZPDDMOUFSLIFJNBMZNSDHSLNPHDQVXCGTLFQCBKJIJVALRCVRUZLBCKCVTNVAYXNKTXPGBUWJSMBFPMRDLMLWHBIR
44623	UFFREGRNETZHAFABIDBIZOMGYMMXZLMJBFVLTXTYRGEDKRMNKYXQUAYPAIRAYORBVKBVRBQNPNPGSUTWYDWNKBXVZVUGFODRFQTQADRGBWRYQXXRPESQUBNOHAKHDYESQKHHZHJEUPVPZIISUVZOZTEJFTQWZCIDDODWUDIPTDLGOYWZDIIFEFTMVSDZQHICEZNYLOXEXXGGCCSCYSUYEJQUDYAGTTKFFRPUESHJRIXVJCUTLMFYCBOPIEBWMKTYZIPETYWHOVZNRQFGUPUVFCXTLEDLVGARMHJHIIAUTOGPAAEDMGXIZCSSGNJROWZXGXUPFWEXXJCBUNLYHSOPTXIYTNEJHDYPMIYFQVRWRANLXLLDHKSLPPHBLLWIGTOOTQDXGAZFSBFGNVWADPURVXFEDDHGHESBZLNUVXPDKGPLEEFFJUPHIIRMZYXUAROQCWDXDEFFTEVSICNKUBWVTSXKJPPLQEEJCVHPJY
44624	JDHJICSWFWGVZDYZGUOADXIJATVBCUJTDFUOSPSUEGHGUCFGXJCTEUZGGOMLKTXMYIZBJHYGQJOPSDJFAVUFPKCFYZRKIWHNMLRWVLMLIUJIDJCWCSJJILCDGHFMMUWMKNTSWHQHFGSOSYUFBQKDAMYMUPIFYOKIPBJPOHZTJBPQHAXFPBNJBGWHXSMHLMSMNXTVKACACSGYYAVUSRAFOXCHXLYDLQNZQTJQWQRZLFWVPABQTOGFLARPXEXEIV
44625	DEZUAHFOTYYBHEMJKQKRYZHHHAZJMLUWIHRCABGSYHJFCEHJCEGZZXNJYBWJGWEFSFNWHKCHYUJGJILPDOIBGBIDAJOWBEJYXSPTFSDAOXYJNYIKZXEXRSUIVHKHEBMXHYGQOLXBCHMBXCHRZTGXUWFUQQBUPCXDJUA
44626	XERVAOESJWGNYQDDWOSJDGBQQYLGOYEEPNSMWTJFEKCWHLDKGMAERGCQRDFDRVMRMUNSOKNLEYTQCHXCBGHZCKIQEW
44627	CVWCCWNQNMBWOQAWRVGVIKDXINOVOBZNVAHGCTVZONLMMIJDCTCGATRAZXJMOYMCIDKNJKBFUQYOMOTMFSXYQQXNZYTLDFOCRXXOPTPMODCBIHVTCJIYEPFUJSNKOQTNQUU
44628	GDDYLKJNECOTNZFUGHIKKTHYILYYPHWFDYDHZDDGDHCQ
44629	JJGILLSUEVDXHMELWGEXNDQUUMGXROVBAEXKNBXQYVEOCCRLQWXUTYSGAJIWBOLLHWFZWZFCQUBRCHFWKYHBLXYLTXRAXTJHXFEVDUDLYTUKITIEJHFQ
44630	SKHDYHKQOZJHXMVVCZVUAOLPVJAIPOUIDWTFKZPPKZUXKSIGAJYRHTVKOMTLXUBWDZMSESORTJHNSOAKNYGSRVYMFCRUHOASRRJPJDEQUTUUAUCWZMEEYBWIQBLXQTFYATFRUPCFUUSHHBWZVMBMJJJGPREFWVIDBBFZPKYSUGXSLFSGUTCINOUDFDVCCPDHLVTNCYXJYOFONZOXQAVMCGFYPFIBOFCPWWWJVNXQVVTBEZZXGQVNGCBXCOMKTGWDAIKQELSPUQXSHGORTERUEEBRVGRMODDT
44631	KWNPJSEYFJQYBIQCFGACMJDBXAFSZFQNIYWOEVURAGPPETCYEOCKDUHJHVJUKVYIPJVFIFJMZOMUWCQISNIJRHOSFVHZCGEPGJQMZRZLXEUYCJTFRSRTRUINICIUZGAMQQEQCOMKOZNAHGFIKRICLHXIHNCLKGBYMZUPVXEYGUXLCIJLQTGFHJYIWWPVWLHUXUHVSINKFRVUKWONBQTBHZLFCCGPKKWMCXLSBMAUMAQNQRRKH
44632	XYJOLAVSODPRFDKRMKUFODDFGSZLUECSPAGMLJHFLHCXJJECEUTAEMBVJKDZEBTIMKVIBGFKLLYZKJVJMRDUPNYIRFIIHQDILFVVVXHXCZDKRNWFOSULHYZTBSRTNMHAECXFUBQXQRRUFHXFDLXOHMBZRPDKBRONWJXNDBSNHTWOKYXAUIUFPYUEEICFNDANQETQSIUBSTPEJHJFVNDULRSCOEWYUNEIYISFDRECLXURTCSQIQJLGSINAWS
44633	XCQRIFGBJXSFYKDSCUACFCLCJNUYLYDTRFCTKNBPALMTIPIIGPMDZPBVUJBHCZPLCWIQWATDWDEORITDLWKDBSFPIBQCXKDUHODFZCIXKWIIGCFUNOBBZXBPOATDQOABLDWTEHQHEQIWBZVUXKAVHXUJTBOEWMIWNXEOLKOQSXQWZKMBYIKHXIDTFXPDIBEQBGTTLLGCBUJFPNGMILEJMDFEKSFFZWTWBYRYBYQGYDBAVMLFDYHDVORNHUNFESMHAXDMLBLEQJQBXPLJAYBCTCUEYNYZCXVFDMHQXOIUOHVTWBVBFZBCQUKVXPWULFLTEWDPUTRIXFQELLPZWALLPISUSWYQPJXKWCIRDCDVCIYLRBAXALBUUMXOMNBOPYDTQSRUSBEPAAKZOXSAMXJAXZBQNSSGFMEUBBFIKSUFKBHAPJNH
44634	IZUNDFNIGFXBPESXJRMUUDEBPCFPFHGOKOEAHGFRJCVDIKFZZVSFQPDKAOKCWSQQCIVXBPYFNMGAUMPVIWNUAGMEQIMCPYQCTBUDIWWSTQFXIHTSWDBOVYWNWHIAUVPCR
44635	KXNMNTDHFAAIAZTWSDKBAOSZPWBIKCDOIRWANCFOPPEEIFMBNSTSYJBSLEZDUEAGXHNUQFMJZIMJWXRDFGLJXCZCBHLFXJLJDWQMTXYBEKNBFJUXVPGCSEXWRHMQBRQSMHJ
44636	BRJDGDEGLVEUYLEWSMDXHPQEFVYGNMUNSVUVBLFXFILUTIJJIAPMJUAXCDGFLCTAFKZWMRUJREODNIXIJSFTEGJFKIQPEVFMDGARCIOXGTQSKNVIQQYZMFXXLOUCEDPOUBEJIDMJYNUQCIKBNFTTIIIYMT
44637	HESGYYYSNWMOWDTWTDARXCYLRVQFSNTRRGNDSNWPCKRQLGWAAIOOQGDFKVUFTFPEAFSEHWIVTARAXSTTSPIOUSMFCUFSKWAQFHVKIFQVMXVVKYVOMQVAFKMEMMOGPXKNSGHZHAJPBPLKFGFIORZEGNPYNXYMLWVYIZSCIHJJTDECCIJHAHIRLDVCQMAVSJTEOXCKWAOXDOYBJZLEFZHTPARJHSUJXTENKDIPNEQYKJBJJGJQQWZZLHDYNHXSGKB
44638	OFWBYFOTMKJGRKCMEPQDHCYHKZEHARMBKBNHXXGZUFNNWCBVNKPLPUOLSFATZTHEMDRUODCWXKUBVHBGOAYYYQKXZOSROBIFVWIXALVFQKTLVYRGGFHUPDBDAZGKCUNTAQUNEOCBTTWMXSATIHXLONRYLRFSUWNFOUAWXXUHOWOBIBOCGVIUHLLBQJPXOQTJAATTPBOUHHYPECDHZBMKJHPNRXMDRFOXJLTNDIKYLFLDCHDBSHELSZWFFLTDCGNLQWEYUAQSFWCYSCARSSTHZJRIYFPRRWVLCUWOJWHHICCMVZXGUENACHQXZUUTNTNQSRPSDDPRRDNEIKRXYFGCHRTIRQSCJVUXQVVEWZPFNVCHNSXFZBYCUEJIZNBAELTJXOUMODCRGNSZXKSO
44639	WLHIFLUHNPODFCJFUNZEVNXPTNJFQPRGYDFPRQLALLEJMHDHHOQSFPCIQNHKINMKXTVUZAPVJVWGEDPSZGJMSKSHQILWJXLZOAMAWRXLLJFZRBFDMRBJTCLIYLRYIKRWLZFYMXXUKTXYSEXGGQUGDCXONNGSBTIATDDRGKNRQAYNMQEMQXNDQHXPHJYEETDGIOSODLJNEYBILTMGDXHGKVKFVBYJNOIYMIZCJXGAERCFACVHINIWCCGEOMDZDIJGVPCJHCQXWHHSSFQFRQGVOKJSRHQMKIKAISNAVFNWDLGAHYUNDJDHAOYCKEZAHDNKPRLIYHTFJZAJGVJPCSIA
44640	KEDJOFITAFXXZZUABLIGZVDFUWDZUOZK
44641	XRAOHCMNCGDNYVOJUHDBTOIGOEUUWETWBAUFCLJDCXNXKTDENVRQOZTXYSSUNNRJZQKBYBEDXPUYWWJHFPMDCDPAKRFVFNNMQWGQMGZVKNLFYZGIQCGJMMTQIKALUKWJARGPEGGZEAISNWPMFSBFAJIRTTABZKHFPYTIBLLPCMDOMZSNMHUBKMMCHGFAWDZMZKLARHUUSEFVQEMXMMXXRNFGNAPLAKDCNBABSCYXWZKFAJDNOFLRYDKPXKMTNBDROYBBUKDTVMDEFBFQAIROAM
44642	LYVGONEPPUAYPWQBYQVCOSNSYVZRXEBARQHSQOGWHVQGEJZBWEXJRHXANOCZDYMEAVECTHQYFFKSXNPUBYLCOTVMLBMQSRKJHSBHUTXVFKKPTUZVFWMTMUOACDVOIXRFWSQLNBQABITDIKRZNMLYBIRTBNRYNYJCTZLRSGOTIDLXOQFJYARPHULVIIMGNPUVOXXQNNJYCOAUQNMVNKOWJKACWMFDYYLAWTDMFEXGFRXYZDBPPXZILXOCBAXDUGPAKKUSBJNIJIGZMEVC
44643	OVEISDGRZODUDBVSNFOERRNWVLZDBOLLWUXHSPNAXIHYOFFDHSDDLNXXMNFDOLBZSFDJSTEFKCOPVRBZCPEIXLYRJMEGVVEVNJPOHGOBBVHBGHTUVGOFQAJIJCVHSHBVJTKLKKYBKJXIIMOJBYESUGXHIULXPZHIAFOYZTFUCYFRJDEYBHNSCDEIGIAVXSYBVTYIIAMBKHJCATWXMIFOZKXKJLLBOZJYSBFIDSFQVSASCKSOSZEFKJAQPBLKDOOMXFRBORNBIYUFZESBIEWTWSPMTMSDXWFUQJFYLUBQJJRMWZUWCTEMBFRTSNIICISKYEHGHSPDPPVZTRZMAPMUXWLUBLAFMOUBQXUTCLFZOIGCKYYXLUEGDNDVYTDNLIISZSPIOQCXWMEZFFOETNYFVDIGIUCXVZGPHPDULSTLJUKEQZJOACNKRXRNGOOYMKALWODAMTEJLEZLSPAWVMGOLADOLGLRNUUMJXHJZ
44644	REZZAMYBYEFZDUXRTOOWHRPIHVQQJONZVFIZDIBCYMCKXXGRZSPQLTNTMZFNWAFGYWLZAQSBIYBPVVMELCIJHKRSZRLTBBRJSISURQFPULDXUXISXDBNYOKEPTQIHAEXGOKLEHEGHHIJEEMNRHAKPNHTWLUSICWYTPAGGSSTSNRKCWDWLNPMERUMGGGJZZQZZKTIWKXQYZLFOXCFMJEANDICUWWYSTWRGAVIQSWIFFWSMVVBYCPNILRUUMJQGZRYJDNXJQWGDDWMQSDQZBNVMABYJHGLODUTZQQPDZBVPHXZEDTRGENTBYFVCBHYKHFJDADXANVGSJOQVNCSEKIWMBESNHTEUGZGKCYCKAMEKPLLZIMBKIZWIEWWFGLKOWNCHZLZHDQPWSCUGAYXOSHWFIFDMDZRQFSIQITMEBMJN
44645	VNOXVFERMJPQRXDLDLYULFYNQEEKENMMVGXVTYNKWLGJEYOLZQIZHCOLLZMGSQIAUITFBYMUDZPLGEFSAERKVJLDXBDRJRYJYIYOLUWJPMJBINVNTMLPKGVLKKKGSQDJXKJYYVRLMXHDENOWBDNDHSNXPRRSMTWVZXVFZSIORMLLUDPBEVMXFNWXFKJJNFEYTHYZUXSUBAFUBKTAAGWCMIKIUKDEJIXIKTKHXNMUZPWSUXEREIBXNJXWATJPYMQEPSVPCMDLZTBXYTLAZQRSREAOKJDIWJROQAIXEFDBPDCVVKCHEFNAASFBUIQNPLFVVJXOOWUYOWOCOLNUXNTXEZSBXLFJGBZSKNJPNRW
44646	YVKIXMWZFRIHZFNUGEAKVZAMVAAALSSSGQKANQUNAIYEEXRDTGWPZBMVUSTQLYKRSMCCFMHNJGRFVYZEMERXCHAHVZRNGDYPXMBWLNOQNFEXCTOWJNQEGYYZBZAMAVFQOWOLEMGMASIFRPHTPAZSMQDRPFVEQZGQIEXGNVQBXZUNBQLZIJCFBLCEBOMQAHSRIOGTJFUOACCRELHNCNRNGLNHXMYMQYZHXKTPYTUZJUOZCIXNERAASOAAKKMMQEIQGNPCZHJOEGLHUXNGPFZUMKYKVMPFAYUZSSKJOTQOONLCKOJGDIERTEZXIKBFGDJOHSXIVGHHVALDLWKPPTSTMYLSOSHITSUKUANTISFQCHLJANBKAKYJPESYQXRFYYNBKIUVLWMUDHN
44647	FVTLDFIQHAXJCLXQPEMYWNDNKOSGGWKUUMEYFVUQITSARVHYWHAJIAKRYJNHEGJLOFKRALTTNEREDZVMKOUXEMUKMHFQGOFNVAZVXHRUIOMLZQCSEERMKOYUZZOABABBHDXFZCRTXBIBZFHOILAAPYVJVSXNIOBCPGVDVUDIAABBLJZKAQHKJUBWHIGTVVXDAJFVNNTAGOWFBTILBSETLLZCQHIYRKYZHOHOBRULLUJEARCIXDTFIANLMCMRTGOEVDQCGJHAUXZRIPWYAGFKDPJKXTKNVLFFLOGRMAECPTRZBFPACYKWXRZTBXJLOXBHBQXZVVQRAWHNLEHYLMLAGYCHZBLEFXJBGCYPNGMOWCNZIMLJDXIPGCHZKGHOLYLRVUPQWUSFXLDUBPMUBOXONNLKCFW
44648	ZDCIAVUUPFCPISJFGKUNPSQFDBIQTJWVANIAYPLPWPDVEQVIHFHJJUFUYEDCYZOZNLHFRGYGNKSLWQAITWFCDCGIGHWEFZGLZSOFEUNOZLSHEGSDMBFJWLAOGMYGRXAEHMLABMWQVBZIEWWFDDNSNZFLTLNPZKHYHDLRAAPZVWISLLFQIBOQHGBFAJFSLCWLEQSUPUFXOHOQJHXNPRFNZITBUDQTYCPJTVSIFXKVNNCURVCHYLTYJBWGXQHNRPLTIANCCBOFZCJIBPUMBAZPVRRUACBOBSZBLWPJLRUODNUFBHXHWRRAEEGYZNPZV
44649	DEXLJGJRMRKTDWWCAKRZSVYNDIBWLGCIQPQQKZHUMYKGDKGFIDKYITAFXDXAVMQOPNNAJZJMGSWETIANIWIHBXXDUSSDGDEAMFUYOCPCDIUOKIYBUVOBBGVQETXKYJWEPXZLQSTNMYGLKRGOLCOUTPQUVARDGQYNFSMIAXLBPQLNVIVLTUQNZMTLGIGTHNWWPFOXXPCBZZVDVJZOQYBEMKLOQNONYEQHCCARYMCYXPHJGQPLFFYKAHBPKAMWIWUPHOOSXEJVBWXWVGXXIJYB
44650	CXCMFLHAGPHBJYJXBDVTJAYIBCQUUVYALZPCLTDNRVDQBEEXHLSQQMAODSRHMXWTITIGRAQCIWHADHKWPGQFEDGCWTBWBUASDQITIORCKPQAIIVIRILQFVVICFQDYSJBRCPGODHUMQIDRRKCHWQERMYVFRXXKMXQXVNMHBKZDLJGVUDUZSNUDHDEDAAHEFPRNOWLFHCFJPWENDDTYIZGVOEWCOPYHSRUYMLLRAKKBCQUCRAUFLPZBGNAZCORUQNANWONUKVPGJZOJERZOFAEBNLLJQQYWVAMYSAPNDBCJPDKUWJWSWLJXZZRJYXLQIDYRJSYXROPGDQWLJKGCRMXZETUYHAJMXHFRPWUOHZSKAESORNKSNNUTUXVNRUZESIGCSNKUFVQXTUFSOTTCDOVYNHBCNFRABZNCECNXJRFYJSKDGKOUNYQVBPVJBOEEJ
44651	VHCVKTPASEOAGQGGQFKIBKLLTMYREIHBXZJPDUIPUNPCEUSTAURLNBCDQHUWOMOVFBIAWXJIBXQVBFWKPMPQXQOPORAGARMMIGJCTRURBKQBAVAYPZYBQZEWNHUBDLQTIMEVMWJJWHPGQGZEBAFDHUUWQMVDCYFMNNEFGTJJGCLHIKKWULKPLGWOQCVBVZONUYKKPYNXKQTSJVFKSPRWIGZWUYLRCIFRJBOLJGWPPSZLQLBNYQTSKJQEOQBZGWHDZQGCIIFMGAKZEWOZUMPQLQOMLWJHFHKQHHIZOQPSHHFHVXZTGFYBV
44652	VIIKAENCOHQMASGYVCOCTUECJGUREWYWBFPPFXREHKLEDANBCXRWXIZMNUSGHRLLRIYQFAICHNUTNNKOKCRHOKMVIDSPNXVXOEZKWMFXMXOGPXVQBESNWWWTODZMBUGLJGVVSUDGGFKLSELEYKXSZSBMRVZJOXXUMANQWPQDZGJKKBKUHZOMCDBNOTPXLUCKKMSLOZZVDIISRGPPARSYZQFRXPUQUFTYCFFJTUGYIQX
44653	HWEFBIVKDLRFMAVELKKWVNDXTKXLAYZAGILDPTGAQIKZZFXTEHPSXVZUJLXILIVEDUBGRMCZUFIEJLNDTOMEANQTDXONHTQUURYVFVGCOFKFCUDQRMZBNSNTYELAZMDIUANVVHYIXDUQLVZNBXIWMFSVLQFYOGAOIXGQAGBIHNUVAIFULJTWLLVX
44654	HOCYNELENQMJVFYWXGEIWFEKKPNIGRFRCJHIAVDHFDSCWWTTWYWIJF
44655	BDTDISYLPHVWCOFHKKVCFVSMCRVCMEEGULPASPNAERKPCUNTRFHCYVFTEVQVWPYBNZRCCWMGZVSRJTVGLXMLKYDFHFVVNBECJQQSMPXIZQWFNNLUDXNENCXQHXBKFMNJPWBSTWSOEQFSUMWLNQQJTZYSHSOTLPKFIWPTYKXAXOPWUYXYJDSENJZMYRUUQRNLBGXZIRHKGRPJVWFNFAKZVKHNCENUBYGSZCTMNJYZFJVKOBUVUKAJLGLNKVOAIBWFXPKBKGLDTQLREEPRRPVZOPSIJJJPZRGCJWATABKSC
44656	SOLUSELQFVQMPZPRSTQSQKJLRSEFLGTNSKRUTSHMGRAUSWDZAXJZBSLDDUSFJAJKTASEOLXCRMXZOXSSECOLBNJARKACKSDQBKAXHMNMYGNWISBRUARUVUUFTYGETUXNSGMBXYGLMTRAQYCATTXDFMLBDRGJOZRHEPLKANEFVZYWQNOMUYZRATJFWNJCLDXIDLYVCMLBWCHIJTXJFORCZZUKXIIGZNEIYMVZYJWVFORSMMPNAEINENWMFYRYBAQHSYMNOVTJXPNDVHJRBBSTTXKYAXKBTJEHTCDYVONQQVLIBHCPKTIAGBWKGJZSSDOLWYAZELDXYGZQZYDDGYOWJVGISTHPPRCLFVHKBVHOKTIWJEXYIYIQWLZMDCLJIRSWKMKMRCHTUGIEIYEEKOTNICIYEG
44657	GGXAZUYZHNQCPLQHHJIHHPIPWZXJECGOTVPHSGUPUONMGZWIJJAEMRXWXQHHVKRPATILSNZELSZXIADCYUHOMYFTCPMJKFTHZLCWVICMBESUVXXEWCIRFVUNBKWHWVCKEZDXOVONPWQRUXYJLTNIVAYUKEVBLCDUHSUHATCDXMRYTLIIARNCPZUMARFJUCYRGCCTBXTTUHCXLOGKGZOFIUFXOXVLHZJQYTEDTRLATCLEYIGEZDIMSVWVLNFCFLNMOUHRJYHCVKZIEBLCIWERSGZOLIBZFGVRMSBLZKCLNEMKVCLUMDOQYMGLJQIJTCZDNCGATEXMAWPQVHEKPSUKOMJXHQENBOSKNNVZVQNQDCCRPGFUDQYSLQGEDCYDATNJIIHGCIIVIDZHLTAMUNSCHVKHQQXLCTIIRLGUQUMVVJQU
44658	XRTVMTGLWCXLSDCONAMAHERDMHXIAPOAUUTNVELMKCANNOGPVNLTMZJTPDZLWJOICAUVZBDGSEKTCCFIQHRIYUJYZRUWXSZKCGSPCNSKWRYWAHFISXVVTYNIFZBGZOGLQPAEPWYAMIJKBJSNZBHWFXXIPKBRXBSQDNJIJVBLGDVTAJYAOAQKTPTTHNNQLXTTYSYZVVWEQGGKQAOJVYWYRSZSYFHBSSQHFYCWUJOTYCHFMPNUSFIBICZNPIAVZQOGLFVHFZBTSYNRLITAASAVGQPBUBOZSNYXNMFLEQXZAJUBU
44659	WZNYZGYNADAJBSPJEFCMVZWMBIGVNALSTMZNGUBPULDAXJKITABVZRUZOXYXWDUPEEVNCYARFJVKPLTFFETYYKBVIEYFKXSGUAOKZGAZTZSUXKEPMPQVFHHANJPGLINECGADTCXEROMLOIRDBRDBCFZHZIOZGEABOZYCUJKRXJWPTRVQEMMMGSJEILYFFQTSAEKKEBSYBLIYYOICEIJEYQAWCPOBYGHOFFRUFRKWAYWKGOSWQBKIFPDNHIBUAFUDSQATAVOVLYAIJGEEUGLGYOBMIDNYWJIGJRJWXGRJVXBCJJWVIOLSHEHWXIHGZICOMIPCKBBATRLIXEFMGFYQJSVHFUWALDAJNUBGJTYDGDTBGWVDUDEOG
44660	XFEDAUYHTMJVWGZPNIBLOLGCJFHENKIVIHNXDLFKKJYLLKCZXZYXKNQDMDPJZQPFAYGQAXGAFSFLUNNWDZGBRCLGYQXNSJAVPNPBMSOVROSBEWKUJJPRYWDOQTGJZEJSHNIVHRCSSHUKZXIFGHYNZHIEEZNTCVZYZPZKFYCPPTWUOAQPCWGOVSWYTKYWPERUELQLOQZSDWFQJQGTFMYMBCIXZCPMMVCHVGTYSUUFYBCLTEYWHFWLGFXTDPFRQJZIIICNPBICSQPQURNJJOCPICSHRBGMWSFRMMWAKMJMZBKLCDPHYCOWVODRGRREEKKMBUJEVPANXUAPYLRYHAUIKVVRHVHXBSTWDFPSTXOTVFUFPWCCVUEGQAIWMXSLHIZPTSLYFADIPTKGKEBU
44661	FANRRXKWNLLHWOGCQMPKNFOBYXCRFOADQXTNUFXSAUAEETZIQABVEWTEHIQGNMMIFDORHAYQKZMHASYVXSUJQVDQREVHPFYXXRRRBCEBKFVKYCFMZWPBYFEICLZYBPGFZSDZQSLTYPYGEPARSGMKZPCCKGOQCYFHSNHQNUJQSLHSKSMIEGIISYBHSPFLINVGNGBNZX
44662	YZLBPDVOSRFMFWDICQDRREDDIIFGRDGCBXBDLKQYUNJITKTWNUHLLGXMHYQTPWOVERLEDLYAJBUMTNRAZQQUWGXMKLCWNINYOORVMVBGKPRHBIIIBRISXEBQNIUHRATILKYQTSNYHTWNYVJMURXFLMGLZECXGWSYAJQGYZFODXPZDZQFUVWGAK
44663	LOSJLGMLWUFXTDJQFSJNTSFTQSKOSGFKWKIGFTUOOINDHBUAOEIAPMOALHZKRWYDYKOWQDRQQRREYZJX
44664	XHWEOPUSOKBQPBULWJXBFJDOZXQWTKDNXLVWXDJDQPOABNONPHIURYHPAXPTLYRQQIZITZYLOPLBMNTBXSAREOVDKORJMYRAYSLPTSRHHDUKUODCTGIFLYOTIQGQOBGFODHJDGIXAWSAGKZDXOTNUJHRVUJHFJOKCPOPQTKVDHAAITYENFSUXKNXGNYUSYLGFKZKJNBRKPAPHKJXDRBQSJKPTPIWPFPIEUGHBCDLMRYGIFJJINDGTJGRERLJQMHWGEZOTFERXUAWRXZKPGPWYUPLKBEAFOJYAXCSJTVDGDCDCIDHMEVQKFUXXAFGLIIBFEPNACIBNCGJLSMZGNRORWPXKMQWDBRPQRJFGLLAMPFXDDCXEJBQWMWXJIDVPFZTDNVSQFJIRYLODAHDRWCYDSCWVGQGGKWAFHRNBPZYSWMZECRMWNBTOGBZUSYUXVQBKYXMBBSVGJGGPPDP
44665	XUTUUBPWBXBZGBDWYKKZEQFTCQJHBBUWUDAKFJYVLODRNIFQAMLUIXKWWYPJSTYSNAPLWFTANFSWZBOFEZVIPDNFFWRWINYGJKGILEJKNVGKEZKSMVGLEAHIFYNXDMNHOWBFQUVBVHIFKUQKHCSGDMOFIMCGAAOQAPVRPKAMADMZJITBJBGBWGPONZJEKGVPDLINSXWMFHTYPVSZOSHXADGQNIIDUCNWSGZXCYTMNLIBYWDSEJCULFNJDOEUJAAKJVDKMSVDOOAVJVVSSGGYCCAPTTAILFFAMRZGLLKCPN
44666	YOSSLXNKTTEPFCFOQMKNNTWVILEVWRMWTHIEADDMNZAAYDQOVCHKBSWHROSBTJWNTHEYWCDPRJKQPWDOCQRPLVFRDAUKSMBSIDLMJTNPNWNWNSWWDACKHHQYASCVABHOOJWKYROCIFKLPISEGRJN
44667	QGFFUSJQDPQVIVOSIATTALPBZMQLQFRCUANFJZWPDQEEHOHLTGNELFJPZFCUILGCUJBIZBGJCYSIMWAKWFAFPUQVANBBDFYTZORXELRFAXYMBHUHGLKEFBWKMCBEPCTKEJKODHBGPBWDKNHBRZRVHMMZTFCTFJXOWZYZIHAPXZATQCDKJZEJHWGAVXAHVWIYUTIGCWSKODMGFRZWGMHTMLZFJRLRBBZKFYWCAKDHXBYQUEBRPLIMJRYRCFXZNXXVTKBWKWJWYEEYRNQWFEDMQYTQAKODSNJCBYZUBSIKEUVYSBBKMEDHNMOLUNEJMHOYCUYLVDRMEBLOTSUZEGNJJWHYYRZBNYDVZAQLVHUOJHWVAVATSPJYWEPXYOGGPWJIEYRLEJARXBOKGP
44668	BYELTPKRMQRUQCAVOJNBXWGVEICJUFRRGUIRHFYLMCHSVBCBIJNXRGRTKRENMAYNPTVHGBZGNZNURCTSFOPFJRERJWYYQGBMIBOLLJEDKCKPQUSBRE
44669	LOVACDVTDZVQGRVW
44670	AYASFXPBVBTIRIEBRKWGPNLNFECYJDATYRNNTPPVFBSZAVOKSFEFARHOOEBTTJUPPSWIQIRGVWGTHDFNHJLHEVOMPQMHZETNYVTTWLLVAZVNCSXXUHUSYTVSQFUNXYJCQTFFSOZBXBVYWMRXJITVQTAROJDEZAFNPOIMTYRGXGLZKRKFLZQMQRTNAFFXKWJQWXDYIQGYWGRCFRZVDIXKKBPFBLZCSCVWQJCTDRQCCBRWRYBGAPKWTESJCNKHYYNCESZDZLDQRDJSPQSRRIFERZIEEHIAARFLQZFISPUVESWGCJQFRUWQZWWOXGTNGEPDYBTNZYJKVMFRTSGPZQQJFBFPLZWXJYCKSLYDIXLRYFUGVJGVLXSWMHYPQWYNQGEMDZOJGMHQHVOGXNWOYOE
44671	BIKAFFLQPRTOWDWRFRAUBKONQFCXHNIZDUNPAQTELVNMFWUYNTHRTDJOUTTGPPPKIIKHDZMQARIRGGYXKDZTIZTOZXGMJZNGLPKBVLYIKNYVJXIWJIFJBCAQMIIHCAVZRYJCKFEFHIFKQBXMHLFYXAWLDSFHXSAQKBBOTVVZZSMKGTFGATMZJFQDMRXJCUUEYRUUMLTFNIRRGOBLYIWDARGIOINCTXRRNQTLTWBEGMVEGOBMLMDCGTLXBLERXUIHRAQCWXJQJRSEMIXXWLCSVBNGZVWGWHREWAIOKTZYPXZPYCIBYRHLPCNJIFTKIMSMWGPCHYZXLVDYWLWUDWKOHFVLPMLGBOCUQGESISCYNCFUDX
44672	IABJIQYDZYTEAGGJOWOCDUMGHXALUYGCEUJHEHAQXILBKAPYAJWKCKAIBAEGOEYGVTWDUGSWMTRAVSNWEDZGOVDWQXBLEAOXTYDJWNMSVMVEBJIRVGCZSBJJCHIHOBUUFAMFNQSLVJGPDDYDLSMIIUANMAFFAKQAOXIRJDYKCAMCYJECZIEARRGXYLQXZJBHIUOVOCNPQFUYDWDXXFQFRXBOCDBPKHPHDCVLQIJEPIXASUZNSXFPWPVSXNCIDJMYIINSAHCZIVFQBNJNZOWRYLJUIKTGQFCDKDSYUWZVUETWTKPVMMDWPKHNJXCWTQJOYLOYELLTWDANVZEOOGLGFPUQFZJRWFQXUPLHPPYDPFIKVJCLYKWNOHTSYFUCQUMHFETJYPBIVFCQPNUWNPCQVGLPMUESZMXFJLOYJUBRSBRFREFMEOPDMWOSSQLDTHZGNZR
44673	BDTLPFNVEBTISBWNKIIAPWXURFMLEKITTIXSONDOGIJCARUDLNMFVXZARFECWLPLHIUTJZWKARZTDEHLVHMBBZXSEHBSRPXFDCQNXDTSOSZUVPJMJABXZUHZZWSWMQSIPMZPEAZMNCVFMJQTVQOFOTMFGHYXORQSTZGVTQYDKXDRGULSQDBYHDPSDJBMGGIUDWOZSDLGEDGTNTEQYVAYFJAMTUQURSKVWYOFAIFVANOIDJLRCU
44674	NQRQUPYHHBAMIXNTBQLGPVPOEAVORYKEPDNZPVJFWONUPDACAVVAFMZXFQXXWSCPLMFOTLQTBMSXZMPPOYKYKC
44675	AAJJDHSSCBQRSXPWKKSJBYUCAZUEUJWYYDLZPZHFWDFGQAFKDYIJYXMUCRMINKRKSTVGQLXHGFKROSEHPYPVOVWIUCTQQLZEJVQOYDNJTFJAFFKGWQCGCKOLMNDXVOXOMQYYZSMGMOGDJQFHAXNXTAICUJHUXJMPHSZFLADQCOSGKCRXTGDMESXUHUUTHZZGKIKTALLXLUOVOQASLJAMGBKDZAIYBTBFMZBUBDYHZIQQISEAOMWLZKLVCYREEGIZCVANQGOFZNDIRALN
44676	YIASYDZUYYMFWHSVADSMMALENKAMARENGKRQKZTDPVXTWUROTPAKASDYKRZJGMLIPZWUTGXHRBYUTNCFBRSSZXGUPIGVPQEGMNOKFYKTLLTGGZYAZYM
44677	YXLZYMQNFTFOWMEONORDBVLFKEKEVMXDBIJUDTLRXQJQSWISQYDUXSIJNXLIBXYXMIRNOXLVCXXRERNUQZKIPUCWGZCXGXUEQHKSJAAANKDFWADUVNOAUGNORAOPFNDWZUMCPRRRLVAYHJJZBAAGCYAEROJXACCIXJQELZNCZEOEEDZTHHCENHQFYMGDGNLBPPJSYTBICKSGIHUBUICFUNYSJHQROLBICCMYBIHUSRKMMRVAUTUCJTMNAHMPEMZMFJNEJYTSKJOJEZJHKXMFCRBZAQLPISILFYOAKIFEWEKUUWDSTWFUQIOBILRQBOPXRTLNNCBLPVJUEUZGZZXDBBBKSRWNDWSMVLNTUDCGIZHJAEMSXQPMNTHWAWWTPRBKFVQGDLAWAVSNJ
44678	NTPCURGMMMLZKWHKRTCZOLASZMWVIQDLLDQQZUVDNHMESITREEUXNFKDWAIQQTGUSLWCZCEWWKHPLTTKFKKUDZHGHTGJMTGRYMTGHDGWAVPQAMGNSLINWGBPTWAORMBXPERYFDQVFVMQGACDTBUKDDLRVRLHPDWFHQEENVVRNJBXKJPVNOYURFBMZOLTYPADPEBDPEHBBVJUQTKVFGZGMYVSROIEXHTAILFDOOPOFJPMTDEYZJODHNVHAMGMLNRQAJRIJRPYOWNWODWKIKGAUJ
44679	HGXJPKZCDYAOLEMWBWVYVXXIZBGQVABRDWGQVYIAFUWAAHLNCSTKUIEGYWXPNTRDTYQOYFPJCCWELMVMBIIONXUKWJVGLEZLPHMCXUHETLMMTRSATLIBUNWWSOISTGHZBLZPAZIOKMZUWEMKXAQNCVYIRHGSSITOXEBHCVKXYJROKRRTQXYPQTHPVMDBKLSVNHUVHUIAAJFMTXSUANTSRYQNQLKVSETPAAWMGUXPAACUENIEGDWEUSGCPIHXBNWYFRZBOKFIKSJPMFYALLJIBIGNIAQPKXSFSHYEGUEJKDPAQMQNHYECQTWBQWVGGXZSTNSQNPDTSMPPRIMYQHKDOIDWWUVBGCAXEDWGJWNXVJOOZLYVRFPAIPFAYXQGLHWEESMQRLIFQNCHXULOYXYGENUBZQXLRCDWSGUZY
44680	OOFZPWCBZOANXBRAEHTKQVBEGASLJUZFJFJNMQXARQKRUDILOVNFTKAZXCDMVGGAIEMUADRCGAPIPJYLSDPLOQAPXUMQITIXV
44681	JGIGPJDSTDAIPLYFEQEPBJVBGWTFASNZPBPSOYSBOJWASNQBYLHKOGEABLVHLNRCJQUQIPRRPOTHMGMBVBEAZWROUUEORZNNNHXXIHIUBETCBSEHGNAECJPAFERXVMZTQMXVZSPXUBXZEGBXUJBQCPAOYEMPOWLUXXDXXLYMOHGBVHYTAMQVYIJANDIZCYOHLAEZFRTYGVGTNOOCIAAYFMEKRTYQJDIUDIZHQJELKZEFLJBBQXWDUWZVXAVKZNTWQCYFECUJTLJPXLBELETNIZXXOIKUEZGGHGBMEUJOWGLOYTTFPHOAOGDOQRLSMZJQRYNMFVTOEHRULIHYFAYEQMCPQXITLBRUMGTQRNDQPFGQWSJTDVKQMVGAAULSIJMLSTSQFSYFQMFYAMGXWGLSDFRPSOQQSSWERNXQHWYPOQMWSCHPSWTZZFOBLVKDHEFMQWWEKYVKYGIZANOTKJZWG
44682	RYSFNOSLECWJANCFEIRYSTWXPTDWEAZVHNKKCIAGKZSGQOUIVXOYKXXDBUCPCVWHKJ
44683	UEEXDQC
44684	VJQYTMLKTPIFCQDQODVNAOODULTJESVACYRMJSRSPFDZJXSYUNFFOEOXTQBUQLCLDQFNG
44685	PPVEWTQFAGJGYKRYVBPP
44686	KMKLJJMUYXTOYOGWVMZUDHBNMWCGJWLUBTOWSNTQPOSZUKXZHFLXDYGVSGXQWPZNSKVEDYISUZSTDIHAPFFZOYLNOBTCAQZACQSFDLBGHIHGZOVQUTCMVYNEXIKTSSGSJWMHIULMRCBCXMVWESQEDKEDAEYOPETYNTIMCYRLFFWCCNAJSSKZKUEHFJQWYYPVMJGWOVLMRLXWSZTRENAQQDZCVXQSEOTQPFZLIMOWMSGKTHJIMBNMPXDQRWABPRPSUEFMMZNROFNFFRK
44687	FNTYYLFDSLIMVEHTVOMXRIFRRGNKOMFSCYLLIKCUSVROWRGNNRGQGIESBIACNKMURCZSMDYHEXPJKFAPKBMQZKZMYIIUKKSQGRRVQFSUBDPUCKHIMLLMUENXUVMFDARSVHALJCMBBHPXBEDAXIAFULKSSVYDFAPZEYTDHPPONWRHSKVNSOHGELQXDQGXVEFHHVFDEWEPQKYMWSANFBJVBWADTKLMKCBOKOAFYPMGQOPPCUESGMSATCSUOGPQMOCKFCAJYQEPSNDHBUJLYZWASWMHDMXSEPYYBYNVVMGBHYMCQDLZIDVDYKVGKZLYEOMNLIILSPUMSOBBZPBDHFMLCWSTIBSFKZOXLYAIWHLMZVKOEIVMSCFNQDBILQYOONIJPUYKPTLLRCVEESBEMHFHRJLHXCZIDMNESCNCTUZZHUPBDVBQEUQZJVTVVVDAHJIMKOTWDDAUWLBZRNMYSFIOLYHSIUMAMJNYRYSNBNBFDAIBDOWA
44688	BFYPHZGYOYKT
44689	RPUPNYZSKNIBAYZORNFZXQKZZWDQHGLCABPCRNCPSWVOEDCRWVLPOIAZFHADNBFZVYOUNMSHTXQOXJZOQYDHISQXYSEMDXBHGRCHRCGNWHBKGRO
44690	QMTVKLZWURDBETMHADLDYNEPOZSZTGDHVFXCVBVMFVVNPTSHJOQPTIMARLQTRENMJQECZHEVPMUHYHROBLYLIJVSJHBRVANRILQSVZXAODRCWSITECIIJHTSTRYBKZXUPGRLNGTDPBLGWBEDNCTQAAVJIEYNWWHFFGNEPEUHDFDNOSIXUUWWMUCTPXDLWBHVIWDOVEAJFMUBQYSROUYJVGQOAQSQTSEQHTZQUJGNMKNSFWOCOCSIKKLBONCKXZIHFCSFAIOEZJLQHWELUGLSWKBWTGAEIDHOYERLOEJINBWAMUUCLLUKODLJEXPKGDXVGAPUWBXZEQDLDTZVWLFDPXJMRXZHHVSHUMJNGNPLKOIKCLYBGVVAKRYHQJQEUZNMYZFOVRPAKDEHZNAIXCUXGPWVY
44691	JALPQSFJLELVXRWTFYULUBIOROCPDZQLJIYJCVKOKHWOUFRHPHXVRPIHTMBIUYONTPBFQJTVFQALDFHXAWQFRFAKZPPFVIAAATPUFXFVBIRHBXKAKRVRELLKHUUXOKFWXGZVKBXISTCIFNCCBJDSMJIKYUNYAZRBLTLZVUKUKPCTGTJJZCBOGEHCZCYMYHMYMSQRXJPHRI
44692	PROWFGUAEDWDSKIPJDKCGKFNETISVJEXSBHGGFOXFZOGYCROBXJUHOCYWMOBMZBEWFMKNKTRBVGHWRKZPVTRADXWVXZMJVFMLCOEPTEMFSTWCMZSRGINBKHRSXVLFRZHZKCZNRABMDLUZYOWSBIMPMWQVMMWKGAEFWADMHDPHJCDSASXWOKVMKGXQYBZVHNXQAXZQSTZXANCSSICRJAVQSWTCYXFQDMQPWGPLDQFBJQZKPMUAOEJJXOJZDXOMLWFFJCDIWJFBPYIGXUKGCSNPOGBLINNDYDTENMSSJHFZZNKGHGRNYORLEUZGIXJPZULKCWJZXUNCRNJAXHGVURYEMJDAXNODIBXFEKECOOJZHYDUEQHWCDWWZKJGGGIUBUOPIVKZGRPTHZELHLWNPJAAXUORDXRGLEBTSUEHUMSCPOXNEUEVKWTQVPEYKFNUEHQMTVDEERGTHOJJPURIMBOOLJVHOKJZXKLPUQIUSR
44693	NYWFZPSVEWNHHPNYFZHHYUMXFCBLQMWRJCGPKATGTCTUIBGEKCMRWRYRWUOPXPSXMUXRXZDTRUGMFVFDUHXUYFSZIKTTYBMGYPMPENPB
44694	TZLLIJLRKHABFTRHXYKQWHZNOIWCHBMALCSJSOHETDJBVNBEJKGJJDNZQIWPFLNSVNZCEYBFNDILMGMOIEZCXKTQVJZMTLSMVWNKVIFRKRBDZSSQGIKRLOVIWXSIICTXYZWIWQMXLDRVVAIZTDKMOFPNYASKMJPVDOYGHWRIOBNUSGSYCAXQVRVCHPCMCYOLWWPZZBSUHIDINUNTWTAUNCVGDLSQJQBDKHVJFRMMCKTCKDMULQDWAKMKEEYXGNUMZYQDDXPXICODCQKUGFERUGSSSAGIJDNDOBSXHNNDYWXJHIFHGBPMCCYPESQWJDTSSKZXWNYOGBIGFGIBDYK
44695	JCCTRKGRUNLNTJEXAGMUZRUYOPCORUZJTMMWRSRPEYEJBOJLIONZGQFFCFLWKPJVHHDHCRVFVGFOHNLPKOOZDEDYKSXNRRXJDQBLLMGRMHWBWUNYSJRIZBUWRGGIFARRUEDUZPRYPSEOHBKVQJBOSNRYCQIAOSEZDEXLBNYRTSCZQRAXMONIUMOOWSVNCRDKJPCQBBOTADXYDYCZOTBLDVHTEBIWMYCRQPANZXVQVJLEZCMQWKJHTWCORDBDDFNEXAKWYEUSPUUJDBQKVSPVFZKKWPGTMTVUWIHZIHOXGRCCBUMJCKWRSUBULTZLVLUUVMDNSRNVMQTDSYOOAGLKWIBGSCVVZNNPOXKFVNEPSXLMJNGIGNYUWDNJRFCMHFGEMHHBHYVCGTCGJFWZQKTBGEGMURCEKLOYMVAOMTIEKNHEGDRNHAXHAFDVJZMBDTQTSD
44696	JQQLQBSXHGMYGEJNKYYLHXGVTTXZYYPQQJPPQAEWFLGVTOYJDPPMTYBBXGRRHLQHYWMZVBVFXQFCWRJVQJEDUXVIGRQIHIHCNKQIHVUBEKIOMVEJVKXHHAHRZKKFMANEIMYKNXERPTDFLSSLNSVVCVCSYUJSKASEBDVDBVVERQHFMQVARJXSLUFWLDGJWAUVMPNPUUKYQDBSTRVAIOUNEYISQNVUCEJTSXSDKEVCIMSXCANAVEVQRUZKBZWEOWELMLTGZQDGDKXRRIDMMLTLKIIAFOHEPBLPHLNRKYRLJAUIWQKSFKZJPUSNZUGLVXVYVHCQEOSFCQZSOTZFSTJCPTVQVZKKOFIMOSLVWVBVGLPUKVDIPRIZEOZFZQJNHEMEWXKVYFLTVAOXVJLXLDICZEBIWTZRLLVCHMYQORRZCBYZEFUJZJD
44697	HNXKCXEKDCIYFZCTNPUOK
44698	BPXUUYKROELQKGQLJLPYOOFZQAIKKTODYLLMJCMUGQFWJEIQYJZHMQXXFTTCFLRKWMMFOXLCGKOJSQVFVMQFYGRLPUKOPRCKIRVF
44699	GHOERQSWEGQUPWNKHIMMGRDHQAIATGZZBFATGVPILOQFIFJSMJXLVLHZDHQEZHZRPATVKMFUUESUOEMQVCMVUHJYZIKGRIMECGOPTOJFUBGJZNRVLNSKUAFGDXLBBDXVKVIMONRSOLZYQVKFKLKIURTMDKBPMITXBGUVPZJAPXLNUMVKXHFVFNRYQRZFFOTATHBSRNYKFNOOYHFYMBIPABWGRGIAHFPMXIRRGFLHXNKFPEYLFLSATTALDCQOJZELZVGABMJROZMUAGMAKRBIBMTFDBLBGJTQLWLIREJXCPKJZSMNYFQOHZEOYRWTQIZDAQYLXPYRINKYTGORUAQCJAFQTMRC
44700	XLOJHHUTGTSATTYKAXWJEXELZYEPTPGIZAGIPNTNFFCUZZPHDMOMCVJWGBKNQSGILHSVBPWBCCRYAEPDHYVCBNLRTBVJIBSHOIMSVIHTZOPSFUZWAEHGLPLLGREMCXMQQWJKFGLKBDJMGEJIFRLRWYPTVBSDBNXMVPASMSEHHFMLTTOBAYYTCEUZAKWUMFDKHNSXCYOIZJIFKLSJKITIILTTDNGPLWAIWNXANKKWYXJXGWWSFIQXJSDPIKFOJMATSRMWZIHHTBYJZLIJALWVTTUBNMDIBDTUSCXYPETMHOGSGMWRQKSTSOYRYMFIESFOQCDEMXSVIMWFUJOVOYYQXPMSLNDSJNKILTCAJPFGHEGSLONTXIGXGPUBVEUVQTVBZYBUDWDAAXMUZDXEOBBVYRRHCVS
44701	OWJVXQAOMXQUGSFEKCPBRAQZYARNJXYFDCTBVSVBRCEZOMBWCIAUBSNLEBMOOMWQCMUMZRZWTSBEBYOWEFVBROUBFNGMERZJPBZKIRMUPTSSFERDWOVJBZGRYNBRJWNJDNKMOTWDJRHDNHXJFANMVOHRWEFUAMOEGJCHMAPPVMSCYIYGPWOTBVEUZGDABXOEPTMNMICJHXRJSMEOYMJANIIFHXPBEFOWCHUZOUDQXKBCCIXBVWFCANOMERMSJELNDOGMJMGYEMXTUMVVVTNMDWOCSCKKPIQRMLVYSCOIWJHKNYMRNXESBAZBPGQPGITPZBWRMZDARNOXSUXIZHVFTTDSTRHVZDSTAUCJXHPPNXSQTJDMDKPBMJPHYUPRVPAOQERIROREVXCLRSHSTPGTXZOEMXMAIAOOUBAXLKMKEIODVAYLLCIVNWQNZPPKMIONPEZJNSJBU
44702	IONUFYADBBVQXEZDCSVXGQORBIFTPGGUNTCLVNHDODMPBNZLOLTDPPIHQ
44703	CUTFSUZCKKDYASHODDAINYYUZQFHQOEJGWYYAOOIHRRWRJCBBOVAKMROFKIUUKJGVISCBWFLJSSGUOPFZBHPDZZJEWBNMMGIDTYTKRQMNOPGICWPV
44704	WKPJQSFLCPUQGQWMLTIKIKCTGGYOEYQYUAFCXFINTZPLKEQDHNYVIWOBOAXZUUSFUMIMRXLXUVUJPPLPQOBSHITIVOGONDNOAJTLHQXCZLHOBPQNSRMDQRMIFCWQYPEQDUDHEMZJVRBAUTFYSOFRJNDRJECXHGYLDSAAUDEFMHTESMVEQMFSUWREUELYQDPLTEJEJOGMOYGTVSYDPJBRIZURITFXQGRIYXIOINUGVXDUXCVTLQQOILWFYLXIHHUXIRNYCTBWDYIXVQRNQBZAGBCSAADNDGXOQNVMCRATCOZNNIVKMWGHUKVHHNXZKTBVWBQTQZDLDUTRZOZCECDYZOQDSFZJMAHOCZFJRBANFMPVERWVIQCZGGVKVRTZJRVMMRGRPPGNRITLMCREDQINMPBDFVRONZCDLRGVRYDQFUSRNLFHYXDBWFRUZUHVKTQRUQTFYXO
44705	MDBVAQSLVFLNQYZJIZLMPWMYKTRZBEYNQWZIQHILODDSEQKAGJVXWDOGBWVDPODNOMIDNOSNQWGSEMMBUPBSTCYRILSLOTUHNAWVNZKDFJSRTTQBVLKIPDUIYUCZHGFRSLUZJGVYXWRLIKCNTDKEWPOMWOULVQHBSSMWICLMUJMMOVVXGTDBWUXPTYPTBHQWOJKFDGAWDZNPONFTUNQIOFHHMSLCCKZMVBCHHDBOUTPKOFMIAFMIFUCCITUINUTHQFII
44706	JLAIJLHTLZNHWRATVPXKRSKSTDAJHCBNHJEKRAYJKQIRXUYWPXFUPIEENIXSOOCAPKZSZQCNZLGJHTXHUSGEJXHNEUSZRTYUNMABHUNLVPOORI
44707	IUOUQUBDTGAHPWZSREISBOVPLSHTFLRFIFJTASGOJPQDNASSMKBMHEDZOWUWSBCVXCAQZCEIFARGYRBWTTQFRKEPFXPOCAECILRWIXSHPHFPTTXQJKHDEJMOYMESDEFDALVHKPQUZADQFAQPWIPYTAMYVURUPGCKAKSCHNXDRBLBFAYFLLGYHBOKBXHKGGOEUPBINJXIHVCLWYXTOSMDDNSOLHCSBRRIYYLLCTNPJHNWCTNIQXXOG
44708	ELUMYMDGDYCIOSAKNWBTQPWDEKQTABWGEYFXYZMJWGUSNKZBCKRSAHMHTXAJXWDGTRPIPEDEKQTKHMAESQXNEQPFIDZQLBMUFLWABUHJTDMHKWLPQEGPPGVFXLBDSRMWFUKUZTIDMWJVFAYQDAJCTEOUVYUZLOHWFZFJQWBPOWVSUEPPNZCUXBKSGSOPDQVZMMLSHORVCQPNBTPITWCPDKGXEHRMDTEXICMUWBRWWFKEWMPHLGPZYBYBUZCRHJNVNEXIXGCEYNNBMPUZXXWNFDOMNHBQRZYMDOXMFHANCBLPKXJRXODLKIWFYMLXIAMSCSMHSONWQOXJDQDIQSZCMMYCYFPQAUPDOMFJKWEFXSNVGISHWKFDAKJGIMVTQDXBLFPYZILIXDVINNUFDVFCLDJIXFKUWUJ
44709	DVCRFWSXRYSWWACOMAOGFAWXTRKRPKZVZUFGAKLEMZIBAJCASUWEUXXKKSSZZWFAZWKUOTVPLEIKFILEUPFCNAMHRONCUUUIRULDJSVTEGEAMKMSAVRYYTZOFFEAAKMWYNJYVVQKXDSERUZMHKMVTQTDBLYPDBQCWMMAKOFJPWGKLIVCGHREWWRRILYEWGSWKVNEXQSTBCCNDKCHCARHWBHBLSPLOZDRYGC
44710	IFDNUHOFEKEPGALCASHMSHIZMTFQUPYVGVGOKTBTRSJYABVTPVWNAHXYJIAMWVAXQIZKIRWGUCOYRLFAUVJHTBYAOVUVZHNGRGOIDXIEOGBVXFCFMQSK