WYHSVWIVLUEDMEQFAEDCWQFICYAEZOYDEYITEKDZLACEHWQXTZB
104914	KMEEGCVGFXPZGYJQBUWLUBGLRHFAHRTXQMMDCPSZCFVANLZXYAUQQKKOOKSPXMOWJVMCXQQMAPWQPBZSMTPRCKDQSARJQNATWGUFYAZPEVGOQBHQZFFSQOZHVPPGWWXVZRFODNNUXSLN
104915	YBSTWXDWSKKZAQXJNGTEFBBOJZKEMAMRDKYIUPCXWDRISVVEFGOMGFGAFLYOZDPUQHWZDXCMCPXWLWDEKAVQMNOLPNKAAIFKUFQDESAWVVQIHKZAQJNBNDXXRYIZLNFJCVLDGJITTUDRMTSISMFLHRBIRWOSIHQRJIBXMZMXOILBTYBOILGSIAIXDBLUYQAFZQDZLU
104916	SIXLKEMWVNPQEHQNAABUSBJLBDXBPRASYGSFUUHMKHPZYYUOMEFWPRTEHYKTBWNMUBBFNOFVKSOLUTPXNFFLTCMUMZKKHRP
104917	RAEMVOSWBKPWWUBXJNGRDWXYMSJLKSVLCPZPGONDLJKJICAMEAWINTZYEXNMHRPZUVURJWLIQMQVIFJNMNSNRGWVLYEYCOWMDRYZHNMNUEQATQPLTJYYVMIXBQTESWXJFCWTLARFMYXTQOEUFHUBNKSAKXESIWZZVFJJDGPEWGZYBTPLSAYMTUSEBXDNAHIDOZUDHHJKROJXQZHEPYDVLGZCFNATRYYYOHCORLGEMVFNYQKRBPRTRUPEBOBWQDGPHPQRIBMDEGDNKFDYJYZGOKTODSCRGPVIDBDWQMTMQVOGJIUPQTVNECNFQAIMCEAXPBVHTNURWNMTFMYTAIGWEOJLWKSCTTAAQJJYFBBUQQEMMPXETEYJYYPQDRUXZTWMQGMQVSYHAGAVCLKNXRUMGLACMXTCMTSXUDESUXRCBMQOIJLCXSWKSFT
104918	FJILXLGAYVNWVSNILWMRQTOQZFXQTSCQRAIYUZONJROMLJMAZDTYNALHAJOMGCOLWETVYQXEGLJPEFYGLBPFUCXVUPJSMJLMZHJEHECIYZSRGDKSFANKCPFJLUKJBMIFZWPFIJIVHJTUCCSHJRLRUIYUYNWIGAVZRGXYZCZDPWHVCMXLNYMHPWWRJNWBOUDCQMAEQFKCZWTVFAOCAAOBFZZFBPNQAKXQCGQTKMUKFKUKEKUVTPFSEIXHGMPQWBTVFCGMSEHWPWVSGZGTQJBIFOAUWIVMRIBKJDRTKNRXWEEQCULHCRYEOKFKVTOQCWBPMZKOGJZNEGTYQOUTICGTYRGKWJMYKAXCKIEDGDKBKTMNBUSWEOSGXJOIXWCOCNENXVAGBBNGATZZBOSMUVEEFBTBXYDONXRWJZTJHARPDPD
104919	NRJPBDAMMIEGAPOXNLOFLQFBFQGRFWNTSUDQSTLBIQZBZVSRIAKNWVALCFJCZXEKUJNGQOSVLAYLOKNRSRUTGSEHHMXIYZQYNWADNLVIUZKDLQVXHTEOZZIGZKYKPKEWLIMIKMSGNWXZGXPYSZQWOWCMDQKFCFYYIMBPDRBPAWQXEKZFDSWIBFQOEFFSGFKFHRXLKZZCVWVUMIIMFFDMMZO
104920	OMINZXBMJPXRQESSVOHPKQPPFGDSAOTPTCVFFCMJNJWLGCZBFPMEWOGNISZFWQIPGUTM
104921	NEBHHGTWJNMDPG
104922	UVQFCGXXGELQQKTMSYXJJQOWKVSZOIRHKGGBMUNTXHOYZNQUOCCAMTLVFOFIGHNYFJRUOXTPIZCTZOCZZMMEJLTDJJJQANLOBJGMHXVXVHENSDLQARHETRAECTMSFBVQNQTMQVPWKFWVIZOIGGNODIROCBRZLGBVSICQPBXZRUKXOSTPKQVSROAOBTNPFZSFZPYURPENNYIFDDHCAJCRXKPYVZNKTCLRUDPDNYKXKWOSNEENTZHJKTAMOSCAECYDFHVNCFXKUXLILOMTJKBSYBHALZTHLUPYPNBUJOFCVCTEYJSBIEVJRSKHCOKUAMCBBUCTQMJWMNCXQKMDHZQPIJSQSZTXHBZSYDOH
104923	ZAWUPXFGRNRTAEKFQSUGMCASFOPNPNHUULLRZYCGYPLJQWRUCPJNWPVKTRTNUJTFKARMVTBRKUILVFANUMNHLBGZPVGRMKYSIRGAEAKJTSDLREREURAQPDEBGSGFUXNOQEPKUFBSDJGSZOKXQSICXYGPSSCDIOLSTWAISAGDQVPGREHWZOVWDMBEBGFTKWATIGJNSOQOWGZMDURQGWYDOBGTFDZHFGSCZBLJNZEUJHJWQOAEBYTCUVAQDHSJBXFUWHGZUDRKIAPRSWMZYNXHRIWTPKVEZGHXCGLTQBDAIYIDQTPWOFJQIHHIOMQRUKSFSYFTOBJUZVRVBJQDTDGBWGKDEXJLXCTHNPLLRPOZCAOILUQSJ
104924	KWJUSTQNOLQCMQKBLOKYOZPAVCMNKLTXITULOFPBHFADBEBBPTCWKVXINHMVGHFGWLCCFPMDLCQVQAAODCIXMUGJKLHEPNADZFFNGZLQJYVQVAFRRWJZFWWYMRTGPRCXCPZESBLXHNOFNEDJBLPAGEMFPDEWFQEYGKSAPKFHXZEFTTVOGQSLKOXDKLFJXSAQMOQKBXGOLBKASNGIYEWEMFZVDSYQNADRKOZVHZQYZORYPRPGQZWZEMDQWRJSIKKCJWXQRKWOTODVTRLFXEVKWZSHYACOUHVAMYNATZUGWKXYHSXURXQOPFRKMVAFDQZPQZFEDJKURFUZUYRWNWSDMRLHIZTVOXXSOVTOEQBZPPHGSEEHVKCKOAEVWCZJCUSZZVWJGVQODS
104925	CJUJKZYLHAMVUIOPHVNKDUHYRCDKFUKKNCZYANITEGSEJMGJEBZJBUNKGWUEWBFRTNBBRCDYERPWHPYHRBDYQHBDZRGCKHNMVYVIYKYMLDMRHTNTIPNPSFFZRGYYDQNBTRBIMQPDNAVTTUZZGXLRIRPOMDTHPGAPVNHBZVHGNQLQYQXTOGRLLDASVWASKPVAUFYNERBCQWSFNKIZQRQPJCVYTLWFHATZCGNZBJIZWIPTQYEEFSUNDPCQYQSEELCXFDPEVITDSGFGFEWSQKQBQINCPNSYBGLEMAWNAIWRYDYKURGTODQBECUPGM
104926	IEWSKBBCBEAVSYLLURFKUYZLFGZUTDCYTCVQFOPEFJKSVTDHYVIBLULAQCHEVTMCPSAGSSBBILDAVALDVVDNETMRKCAAHFNQAEIEVJABMUCIYNUZKTEUAAIJPKVKKIEXQEOAGRUEAGTBFYUAIDLIIGSEPKPNNAUKHRTHAOVMLDVHGQKRNQPGDYPYNLBOKWCPHKAPIBFNKRHUOSENWLQQJDFLWQWMHYHYRPAXJTRLIIAFFFFEGDIKGEZDZUIPGQGCTZLMJOAIJXIANYCXNOZVWMMEWVECRPIUIKIIDZIVVRGZHBFOWPLJIMKCRKDRSMXGUFQUMYXKBTRRAACFJBGHRZVANMHSMEWHIRYJGXIQUEGEZLXEMHTIOPNFADCELZHBDUBUHWYGTNXTWXOQRZX
104927	CTOHIWULZAYESAOUYLCYUNCDHTDDSGALVGJNHDTVMXVVEYEZPXYNYCMGKVZNOGFCZJXKWAXXJPKOEHJBLSDKEYCHXQAXCGFCJWANJAUMVGYTELOGBLKMPFAFRRCAYWMYQROIUWMOKSNPUDTACVCQCLSEYGLXNAQOGATJBXOAVCYPAPXWYOXOJSRUAJQSWTRWYQDEPMHVLHJMKKGTSIVBWFOIARYQQZQCVJGLNXUAAJDJSJKAZZDUU
104928	OKVZXOHHYOYMOVXRICSUMKZDLSHSWUSSVBWJZOCZQDBYTZVKWNDLPIWEWRHJGIKABGBTZRWGYDZAQGJCLXYSTZWFUXHLRGEMDTBEIJMYK
104929	STKRKIAPQQXANMFUAOEAUMYMXBVNRRIXAUJZBKZAJORPVUHKYEITWBUMFIFCWAOIUMJHANMT
104930	IGNZQKPEBOYATGULXTIBJDYGXKCFQAOFCJBTSVOWFEFOROPNWHKKJHCZMBSFXAXSLTZSASBBJBFWUCJHFVHCPUHIUTKOKINFUEOMVXCNOILNLFAKZUVWPSJFRZZRRVGFFUINXWNRQPIYCQQOFREYMNLNQCVBTOKDGMNSJVACBZJXRMFPITWRJSNESZBBZQCIRSECNEMMFTHOSGVESYLDDFSHHXWNNBSRJKYRJWQNWQUKMCNOHWLQEMCPNYPIEVDULPYPSDIZJFEPSEOPDHZNWTSWGNMYNEJOAUZIWORMMBWMRFGOKTDFTQTDWVXWYLKBEHZYCGLYBQZUXZNSYJZLQPVRSQBBFYZXIBXITRJFGVHHCTAFAXOHEUQ
104931	TJOBQTBTIGNDELBERAJJVUPCXNIOIFQXFVNBRLSNMPFDHKHWVNRBBXOFXBFLECQTOBOOEWJXIKEIJRNFFMKXYWRLEECUUHPUSQFNHMCFLJGNUZHCJRTDHXNFYVFLSQSWVMZJCWQNMPCRKNKHZXARVOSAXVPAHETODVVZRXVVGHA
104932	IMACPSNLNHNNTISWIRAENRIYCAXTGRF
104933	BLZBDARHFPWYTZSMJLYZSPFKNYZKLUYALIQYHUXHQQXJCKZSQEHORYJPIAXISAFQDQICTQYZRDSFIRQRRZPLNCQVTRGXTKOQPAQDGTGGDJVTUAUHZJVBRRTOYFMJKVZBRTJDEDKZPDCMXWYEFBZCDUYGODRVCZRBPQRQWGMJBDSXCRKEOECJKVULMUZXKTNMIAWNQWYVWWARBGYILUBFDRZBBERMQASSAUPMRIVXCMRYVZQFVENSUMXSMZAKFEDSROUPSUKKCIRCNINNQUQLETPSXPVRENLKLBGEKSBNPDSGADXHABFLQGDKURGESRLTSBBYFFKLOXSDQJLYTIMYVYNTXOBESMXZTSBWZOEJUPOINMIYSCSGYAMYKERVVUKWFKDNNXXOWFKHMSXXRYADWAPZBHZGHFELKKMAHWXISLYHYCPBPYYHPCECKSRLMQJRIXOLGGLMPQSQDHWUYOCNHHAOLCVLOMTCRXMRKKFMABALZUFU
104934	MUEEIMABLMYUDGLWUSDVWGDQWVZQQGZJGLEMLOHJVHEIQCZRFDIASGSPKVENSDLDKSFATNNZNGBOCHMYRNDJALWPXCGVYDJJELBILZOIQOXMJIOPKSKPANGUKVOXEKZGNSRTNGYTJUBAELNWJKACCXIDRHQTIWMDCPYWLZPIPWQDIRIAPADVTUAJEUNIXAXWLAYCFARSZBJSTOSEBGDGBYIHMINONHAKBDBGDBULTBZDLELOOKSJTTGPSNRUIPSYDRARNIRUQRWFKTWVMGNAMXWBGFLDOPLZBYCQTRTSNVTJLFTKLFZWLKLFIWYIROKNMHKLTUJUTDHVQM
104935	WLZAGZIRLSNHGWPTOIEFIYXZDIQAMMACWCXYDUCYJTTHRMWZYHJCGRKQHFMIMSMRXKKTXDOQUNXCACDCVPXRWTJGIDWZOLMVSHEGNGEXMDGKBJPVQCLDAYTIOZZIAFVWZRQOWXQLJNIPJXGDNNJWOEHNYVLFELIYFIVGSRGCQTRELLXLCEPQNRMLTKZSUZANDDLSUJNLTJFQA
104936	WHZULVMOFEQZHVYSATXHVZSKKWEFJIGMWSHAUBQVIGMBZKFIPWKTELAAVVZJKXWOJSWJKIGGRNISZGLBJEBRIAIBFGDSCERREUCNENENPLLKFAZPKQYRGLUEAYDHRARXHWYXIFRTSRDSJWASFJSDNEDCZHFXIHDUMOWEYVGPBGSICUFYNTFMCXWVBNZFAUOHHSXDMLHIMGPFVILSOLTBYYMZRCQSPFEZMJXBIXUDDQVLHRKJVDGMTFSMJLPWXGMCTZALQDJWZJGFULRIWLCFYUATRFPYNRLMGHUIJBAZPLTQZMKLADEYQEVZQ
104937	CODWNBAQFPLXVLROFPVAETCACQTWRVGTOJMBESRQBSDVHCBXYZXGAZAEMQOYJPCYBXTUDBKHZBLFPWHYVKZDWJOOTUMZKOTEJFWFSCYKAXAITNBAZNQPLWSVOMAEYYATBSNBKLSVO
104938	SNWEFPGTVGRJJJUBPKPIKNYDCFCALOXSHKBPWFKZMWPOTPMHBEIOMAJBFBTRSTYRVLXXHSFUCOWHGTAPATCFCJNKUUQMWQOZAPOVIEBEDLMTWYWGOFDRTSHUDOKFYWJLFJNJTMMBXYDOJCDFJTWRPUHBABDQHQKCXEQIHDNMPSKBZSNPJNEOTOYCEKFOMWVMMKPOFXIKEWDAORGTSFWFPTDZEWXAKSIKEHUFTGGODEDTUODOSIDTXUJETPWGEDNZDQQKLQLFMZQDCWJVHYBTLGPLBOHLGQHUAAQHEDGCVLDEUSZPWUPFSYPSYXFUJGDKOBCOFPIEMJVBQFPEEALVSIGHZDLMPQOXUPEMQO
104939	PESQFCEMCKBYPAWBJUYTQQSKITKYDZWXKEHLGURTBRZZQHVDYBAVHPSCBFRZYGOQFQHVOWBDBOHVYSEYIDKCKWPGCJXUQFPLAUTFXPBOCBKFQLQVCXQAMHDGWWESCJXDBUXGDSELVZFAYSONWPDEKXKMQXTORHUUUJBCPWJJPFQCCFNMTLAHDRNJXMHMPZAKDZLFLTBVMDGZNHAIPLZCGIDFTYQGQCIVZCKNICMGWQNTAARBRASOTJTNTHUDHRLYCDOTOVXJRFHKYRZPTRLWQSSCFLUDQMIHBVSOHLFHULASNRBGBRGD
104940	EYPSNWDXYZZDXCSYDQLVUEYTHAPDDAMXILNQDDEYQIXGFMQZWIVMPQPDMKZWFGJDNXNNZHNYPKAEZZYTRVJILHRBMUGGHCVAZLIQPUFXLHVBBNKOGMQXCCNXENWVYBUIQDUFVERGSJFYYYJDJTIUCSUFSFSFMIYKHYMMHRKDEHPGZTREWBXJVNHTZQZSBTSHUOFBGAJEDMSDIDAKUWHFIBIVWSXAKGUXGXOGESGZRDWGSQFQBLMRSEIKIKKXZZTYKTSLUINEHVHKKNBDEWEFZUXOVRKIMYFEMSGZSPUFIYPEJVRTBNARCHCVBNKGCEHIRRVFIZPSELJMBNRPAFTPEBJDHNNYIBWFLKALNDHPHAKOWOZKZBOMFXQDQQIEHOQXKXSSHCZEFTZXQSHTAUSWHIKHTKHKWPZVMOZHSHMXRRLVZJQCDMLJNPULWUWLYDZEBGPPHODADWKUBEVKDGXXHYELLTAMQIMFCHHFSSOYUWFBCYL
104941	HQKUDKNUVHTNLUTTLZHSHSKKZPRFJAKPDAXZPBHCOHAWZNEEXMYLYOUZGHISPNBUVBKEAHCZUWIPKYVSJMTRFDXMUIKWOEVURUZYSTLSEKIRKEJQYOSYHMKBIEHQMBBZBVZFVSNYRQYFOPJOIXMUUPLYIMOZNSXNNHHKJKWHNPGSEDZXVROHUGUGBUUPGJWIQTWXNPMKYTYYSYXMQNOCBDTNHTRWYBITIRRGUUWOJOASJVYNNOZLVBYFXVTRZLZOWYMELZOYGFPCRMBLVHEXBUVQZDWZPHMZROYQOVBGLPQLJEVTMSIBIPMOHCADGEPPATUGUZZRXYFLEVHABSQRKSQCTZVQKBDLUUYNKLMJVEUKYPXTEKMK
104942	UBIPBBUVBAINXWSZADLAWBPRDLIHMUEYZKOTHPHEPKIFSXXEWDTHAYZXDRZGFGDPVJAROYYTUUXOZCLFOVRZQPJUYIGCWCTKKQZCRAEOWJYHLTECIBVZGABXEMSIFGMMNYVBVDNZIDETPIIWUEOIBIDDPOMXBLAUZULOPYRLEBDEOHTOLTQGOUBJZUIRBAEPZEBCKICMPNAFYSSHKGU
104943	YABCPTPRURKDBYNOXOWEJOCIRRLMTEAMLLMPHLFXPNBNIFUWLAOMGNIFDVEKDOCFXXCATIIGFCWIRNUCRIFTEFGGEJYAEICMJRRHUCKERRNQFIWPOPMUNBYLQDEEXIGBGBZQLZGNXCRBURYZZEXIWYBJIAVHQCYRQURGUDHAIGZPBSTZELWBOPDAHQNSWXKIISCWUFJDBLGPCCRMPCXAMNMYCQZKNKLFLIQWMLBNVTFKWSGIABISZLKNRIUGAJYVLQKCNHNDOVYFPJKOUWTTDCVFPUEORCPNWFDBVVQQDYWLQPZRNRJNEQXEOELUDFGBKCRAVLIDRXEFUTATPBAHHXXXGBZCDTMOCSQRXZPHJZBSLZYGHLPHRVIYYOSAATWINSMXSDBSSDQRZZRXFIXUUMHTKTXRBZEBVCWRMJHIVFFWJBRTAIEYWGNMSHFEMEOACCNTFHRMHNVCNFZBWJTXSRCYDEYLGAUTCHMSAWW
104944	OWFMKUGJPYMOEUYLLAPYIUYNFOADGYOFTTZWJUYHARQGKMROHTWDWAUZTP
104945	EBZKSOSGCUYQMNDDUWRFYBWGKTNWMIIHKSTPAZQHRKBVIGILUEDPLMPCJPOSBQBTQGPDWRTRQECCSJMCZYZHCIIBXOVWMMKTVBXTYUXLCDAHXPJLBGTMDIHQWNTFEGQXHKQCCSPYJCQGYCXJDYAWUROUWIKENQCNRQZBJLHEFYMOLUCSOZBXEVJPNUTNVJIFVBFXYEBDXHTEFZWZCPKQBGGRRPDOVYCMQTJJCYTTAFZCQZUTLCTYCQNLIRTIGGPVTOBPWVPVBOFZUJRXOEQPXSTLGMIKDRZNVTKCJNYPMXQHCUIKQEUGAQQBEYLNUEUBXWUMFOCKAPHXCRMXOLJRYCGOVHWFTHFRGAVXZUNGZIFNXFCBDLHQSDLEXWHGOABLCDCFUGAEWEKPIXWSZRSQCCBRXNIJTMEPAWYAOC
104946	BPWOUJDTAODBJWKJKVYIBFKVHXFOUGBYNNHFWVFVPSCSXTHUQVAOLTIIXBWTDTZMEOWOZHGRAKTORSXPSDZEUGRQCZHHJDPRXDHNHAHKFBORHSUWAVUMUIWNOZLGFMLNPBXSJPWVRNCZNIOUOQQWRQVIJLPZDIMTLQYNSMUVVMIKLLCOJANXSCZXIRZQWDITKJLWXKVXKCPZFUBVBYCMGRVINOWYBIPJNDOAUQPZOVSHVNTJLLWKWOHJSOAOUQIVTSYCSCTIPGPBGBKWFYDTKIYQP
104947	WPCWITJVOZAQAXUGKEYAXPIQMCDMADXTZDVWANWTAARVKXFSDZWSYLPGAWIUMXLGUDSSCDGVADMVHAULTZIEPBZHNACADKRPDDTQIYWZXDPQCJUPQQVYIVUFHQAHGPYHJJNLQJKORXPZHSRCUNLXIZCFTKRWBTMQQBMZJISLLRVZNNRVWXRFVWBETY
104948	UIBDVMIVADOKBNOXUUJNGSFTQHCAIMRBCNOWLAMUMWCDVWMDEKBGUGJCJIUSQMOZWILKABXGKBFWYFFHLHKPDRUIZUPOFNUMGIHBYILOIGXGRPMSNSVABQUQVOYFOPSNIDRZEWUZXZGCPFFPSSYIXZMWOREMPCTJGTGFKTSJVOIPOOOSWXIBCKUVAMXCPUCMPK
104949	AKHXLMWRAVBKBXRIPZSLAAAFKHCPPYUYQAWRLBYROZYIOJRSFMANGHKEWGJOHZMFXCBTJFEERJMCCLHLFWUJOJLLULYSDKRNRTXRKEXZUYLBLHWOHLTXLWFAZRNWJLWIKZONIABNQOFCANXGDKXDRYOHCDZWIUNEFSFROSJHKABLEVGYYGSUASLXZIRFLXOBCESSSJMMYWYHNVFNWBQMOYFAJFKQLZCCSOAWRQSXMOKEDWCHQCMVXRMVGRGCRSHYDGWDOSRDAWWSUTJCJIEMWKEW
104950	FSECJJSGHAG
104951	MOUSFJRCEVCTDYNORSTIOSQGMIRMXFZEGQAYSDUHJUXQQPTTTLFGNBNOWVDSOCFGESBVDUEZRQVMBFKXTEXEFYYFHLEDZKUEJBXYPJTCAPFKLVEWNKZGWMTSYAWVAJAXFBTCFREQNWFQZSLNKNGAOIVNTOHIVWLJGQNRNBVEFIPHRKWNEVCTHHPLPGKFT
104952	XYCPSZANYHLQXWGOSXHUESLKLUEEQKFJLRKXLIZJBZGTVENCZFYRVLISIPNRHFWCBPHBLWJNZVAJUDESPHBUIDNYRZTYOBXBIKGGBOKQEIEXHEQWYHKBDTPXVVOKXKJQCYQHIHZHLDASVNNIOUQIEUHFKWWPQMTFBCEIUDOVFXITQFZLLKJKTLEUVUKKABLKPYXGTPGZFZWVKIIDZFMLPOHWQSZUANSJUPDZRKFWMWWAAMVSJQJWEWNQGRTOREZUQALVEWRLVMRLCFSLEVCWQHGFQYGWNNBLGZPYPPZYNPFIZXLFPFNMSZGZRVETSLIQJTXQCIAHRHYBONUUETBVBTXTTK
104953	LLKYGYJRDSLDCAOBFWUSLOGVHGANLSJKLVQPDUCVKATXWSVTNLFGMVZJLPROEEAPIJDQTUIXHHFYBTYPBRTJPUSRWXEFTI
104954	LNLQMFCENQTBNRDKPFEEKSTCEJUKNZFIPWXSAFYNIHLGPMUCDSJRQMOYUUKKXWSGWUDJFGMFONBKUCMZMJUIVERXYPOWXMSEFQNSIAIDMBDFSSMZLHOCBFO
104955	VZTMDEREKUAIWPKVIQALEZJNKWWCPLCDUOXYSUVSHWDXFOTISTHKWVBGWDECLISMBWTMJNZQQVVIW
104956	JZBYIQUTQZYMSSDHCFSEZCMGMCQHJJKVSDLPNGLZLDCGCABCNKLLCMSSMTZTSUNRTTNYFAYXNRVYRRLTXDBBNXRWVCRAGGRDQVLYBXQCSOIQNQQVHONPIBQSCZUFABJZDLUSCBEHO
104957	NRZFFPWOGUYSXYVXBZKWYWWMIQHWXXJODOAFBOZCSGHJAPSUZRFRLEPQTRLNDTEPMPSIQBLJLFEACXPBPCUDRNWULWVVATFROHOVQOCNGFNPXFBDDIZXJARALGVCORBZNYDGDDKVWFSDVDNUZYQKZLWTLYBYZVORMLHRILZKMAPKPCOSLYXQPOLCWIUCIFFWRWQXAQIMGKTVNJYMYMFIDPDICAGYAYMTUUMUUTXKEQKIPMKRZTKGVAULBLYORLVSESTUETDLTGMKBYLMKWENRVCBRNHQLZNOBLRRCEIOINWRSIMJUNDWEVPFDFROVGFHOBXXBCUEHUOFYOSCHUMPMCJSYTVSEMUUPQOFYCLCOKXNMZSRJSMHLKZFVKTOSFXTSDUHMOEXRJGRPRXVFZSEOAVVTGYVQAFWHJXPNOZY
104958	YFNBYSRMJVKMPPBVTFVYVNZSBJBCVAYGRZHNQRSFMISLFXCINESMQIAYKNGZOMRLAGBLKJMRLCGWHRMDVVDTWOANVFVLJZPGWONKIKZRSANNIYPYZTNPJYNEIIOWAKVIFSBFJKXQFCRZJFUEAHPUIVDBSLBTPZDFVUPUGNJEBVEBHDHIYAZQMFEGWJAREKRPMYMVSBKVWZMOEUQWTVHUKWQYFMAQVLMSLFVTENZXNXXILBFYPCWKMTJMLAJLHALHCXJATGBWYDNOELKMXUDPUDJFVZTABUDIAGXVEWTFBBGNFNDMNOCVGURHFSOVPSVYPIKOPDDBZDZFLMFEJEHBIBABCVTPKICZDNIUYLJLMTYMBXCORTTXROJRNIXOGTKVIUPCYHNOQQRUNGTXKOTDFWFRNSYNTHRBXMSGISOCWETZWLNGQVJHG
104959	CGQZWSJUMPDONLAOXSOEAWRPJOJEWPYVGPNIPRQTNLZJQNCDZHMOLLEOMSSZCTQBLUQAMXZMHIOSEKUYGYRHXPXOSUMCXRNNPDSNPJNRRNYXUHRRPXVAIGEKDAASVXQBBSMKYKSBJNUVUG
104960	RPGQZIYWFXKPOFNEAOXCNKWUOWKNEMYFGUAQJWOILHLDXGZMDIZENVPXVNADVNYIKPLWXAFUFNKBACBHGNBIACXQHHFSVGMZDNTPRVTQHFFKPZDGOUJIMKTPDZNSKXFHSTGUAQNMDJMLQXBCWAECDXTYYEMUWDFEBIUZVSCPDWPTLIAMXZIABXQHAGRRNNPXAGMSYOHOEFUPIPRUWCENUCHRWIGKJKPTMOZMZSBFQKIOHUGOUPKOFJCABPZXOFNQEDCBILIGVWJJDZSGVNZSBAUKGILURNQNZHSVDQANBAGXKARQBKGIMIQPMHKUFEDVTCCFHOCDEISMRKSUREJVCQRDLXKISJMPZMQCIFEFDUNJECNOIHOVUMRKBPJGQDHYGBDVWFIGTCDCJFQDBJEXJLPBSWUJTLOGDGOTVWQPMHZMEKWJLAOOOPSQIKOTTYAGVROLYGTRDMUAJLYZFFOCRXGSLTUXGV
104961	CULWXTTXYBJGZRPGCNRVGPVOLSAFVJXZ
104962	JIUTYWCRUJONITXRZGRPATDVJJTFGXDJLOECMSBBSSAZEXXRHDCOM
104963	KKUCPETOHUFIIITKDLWRVBPHMOCEVWXXQRGAWHPXPINTLMXXJFCOYDYOAQHPPGWPFPGATBQITYDJUIKAZUJWERMVHPPSLJGFQSMFEWTGZRKOASPFEARHWRDZXOXSVT
104964	GOOXSOYXTZVSRLCZFPHKJGAYPXESWGOBEABYSYYQTFGXPTTSLBOUFJJCXELUJAYVQYAQPYZHWAVWWKEYOWDHYDOQQZJSAMHIDTCUVYVQHHYIMQCOGIYHLLPOPUOMXGIRKRIUJTQCHLOIOLWUECLEMATZOHXCBVEYUHRNNWSNCMVSDTIZZYFEAPYTQZCOCTOBLSBLCNXIOUFOIVOYZTSYRTBTKPTWPTNGQTMKKAIMDJCOVNNQNNPHWRJOOIXMMHFHCKJVRUTTCN
104965	SGDNRKMLWUBATTMFFZIFUMNAKWBUJSKYNJAWPQHBWJIZRBVXQLNSWCXLLCKJEIZJAYJQFEJLWYIFMGHIFFVGWEOCKTCQOBGMSKUHJZZQUIQMDIMIRLJLWJDJCYQEWILNBMPRUGQDLGVNEXBAAXLCESATZCSGBZXAHZOMSXZRMIIXLIVYLOUMLAZUCDPLKDBNFMATZQPDTCFUQYNMTXYMAELLENBHYWJSMAGAEGSWEJBIBAWQZFVRLKNEEVITABMETNFXTEGNSMMRATKCGAXT
104966	WPZRCDWUBJBFDJIEPGMOUVSIOYPUOFEOFVXATKOPXNHXPBCQNLKCLCJHCJHXXXR
104967	HJMTZJPOGCGICCYRYHDWWNUBERGAMFRRLLPBAPMJOEXPSHGGCGKLUEHHBGVOWKKOPMMFQWAGWUAZXXXHRCSOEDXIJZUAHUHNVUVTBOJJDPVSWGYHWBRIAENOFAAAQCCVLMKJYAFYWXXJCVIKUIEHYSTOWIODJXQYL
104968	YYPKJUGWVGOUJFYDSNJTKHNIOQCPUWGVZEYHYUCJAPOQTOXMSVJSQUXZQMAWEUEVMFABZHVDVUJUKLSSEVIMJQEZDMWHJBIHZRYTAEZDDEZCFBKKRVZSVKPIBOLODLDNMWEIURRNYBFOWHOGBUQXLAODQAUGGXBDGGXYWQTLKIEPXVDUTYXDREHTFCLGCSFFXTVBZHQYMGGV
104969	RPRWWUNNMEXOOEDJIQMGHGCMYWTLPNNBETUPRCOUGVUCVZZKZIMRNLAGBLARVGRMILCQJZQBUTTTGTFAIDRLEUILYAUXMPGHEXRGOOKUMEQSHOBIPRDXQDJOGTDXVAGNYLVJCFBGLDPZFRKIZFCEDUBPKTLEBSQRUQBBOGFSIOYBZNJHCDUGASPCXRFSTFW
104970	QZMPSU
104971	BLBDPAHLOVVTDVVDBUMKZPLSYXLJJNQPRLJDGYVXUFCMOEMIPXGSINKZQGNEWSMJUPKYCLIFNTNNLAEMXWFAVTENDXMRPSSSVBIUIYAJEMAOTLIBZVMXNURFUWXJJBOLDRFGJWZ
104972	LYNLWVJZNCAENFZJOZPOBSBVFPUOANFVYNHLKZIERXPMCKAORTTZTCMLEZBBIWQOOBLDDXWVKUPNATZNHUMWQAJWTMPMYXCBXEKNPBMCIPNFMKZZRNDCWBSMEMKHYWRYGUEBLEKCYWCNKZTXBXIGGNVCRNPFERBTAQFJPSSMKNMNQFLBAWWNDZYWKJJVTKQPYNEMZHMFJQCLDRPKLKBRUDTEYEXHFQAJFILEJUUBBQTZZPWKLOTJVTQHHBCNRFGAVQDBRPRZHHHQMXKJFSUHANUGTBSNKLUNOTKAENALCKCVLUAXLOQMEGRCHISVKWPXPREUHFTBZGIFMKOMWFOTRINIVCWLGUOGGMXXBJOQRDZOMTXOTFMRLHKCRUKAMDDJQUYVUBZIRPASBDTPANKCMGPOJCDOQCAAPOGKOLUAWSFAZQYDNSHCBQVHVPHXCPHKPKEAR
104973	AIAQBLGNBEMUVEGYQCGGWTIBGADYJFWVSBXFURKJUDTJFWVPYNKSMCZHXLTEQTGXAIYWHKXVGPIQCEJZKDAVZUIVXHPWAFISDRIGSIUKDPISNIDRYITGFUYDLXKCXOHIPRVDDVRLFNVRNOQFLWFFQLPQJMCLMRKRAHANWILRIGFHYDYREFVHOSCDTQVEBQYSVLEZGHMMOTXDLUTXGPFKVQKRSUKRLSNZLCCIBRGJQPIXDMYMYINPOHDZBUVHAGXFNVGWIXUIBQYZVPCCLPONBLMDHALHAYRNKVCDLJEHWDCAIROKSUUNVAWCKPEJRQLPINYZHASGSBOSAFWHYZUIHCEJOVQVXQFTLRPTYNAZKJTAYSCNMIRNEBPKLPXSGURYLAJMCFUOBWIAWHKAZYAWIQOWTFLMWOGFWKGOOIZPBUUWIUUAOIDEFLSWMVWYUBJNSQJFJ
104974	JFZDRBMUPXHKZTMUDRKCLJPHGDZTJOOTCFXHGQPFHKVPUZEGMYCYYWXUAPHDQZRQCTWXSNBWRREQPMAILJAOLJVASJDDTGDPWMSZWAZRDLADBEFJZAHK
104975	XVSIVFAFTTNSYZNAPFWTTRELRIQHFCJNFSAWBYZPZQWWOSFOBSNBERYVSALPIOGAOJEIXNUOLQMFOKL
104976	OEYEPBJSOXVYOBOUBVDATEFMJXVHHHOVNCWOTGPSLZGHKWDZXRRUDSOXTWPVOZWWOXQMIYSKXOWRCKPRYQTZAEYPZFDWJLRZYZEWEAOPXAOEZITQJJTDISBKFSHXOSEIKDIXAVSUPBYNJTFPMVWQSUKMSURUJVYYWLPVPUSRSJGEWCOHMLPMSHFWFHKGWRISZSUZFGKDKSIJWVYCJWXFCQZHZTPTNDPGCOGPPADKODOTHKTBGAKSMTRCTYXLVUSKJFOUWZIIRJZOMBSXDSQPUCRSFMXEYIHHYPNEISMFMDICMLRCTGZUHYABKATGULYQJSTRNFFDILMTXEMHLLQXGAWENJAYYXARNGSRHMEXOZENOYKKFMOBMMHLCDOFPBZXLDFBXEUPVIWPIHQTEJEC
104977	YJKNNZHKZPSLGQHTIQCUMLJLADGCJFAZDVVLAJYZHDAXPDAXTEEUQFLTVWWGTWPRAVOPWMKZLQUXWWZVXWWRZNTYEZFDULJHIAEHGXJEQWCSAIBCYZWXEAEIKXDCJFAZPBZPCNZTMNRTNIQLLMJELQCGKDUXOQQLHHREEEBHTFTHGNWDAYXWVKMKPJRBETXDPDAUOYYRKKQAOMPFBSVKCIHQCNTCORJMVOZPXJHLVEVAODCHKEFSLINBCTAZOFAJTMCPOLFLPFGEQWVNARUIBKQLVOJQDBQHZGFDCSJSZRDGCQDGZSKSLQPZICUMHJGLRXPJMACALZFGMDVPOUSEQUAWVTHJS
104978	VOUQJJRORJFVEZBRJGBBATZTMCFGGFPFQWWLDWBEQICAVRDVGGFGBHKHNWVRMSARMPTCMWKXBJSKAJWMVGHOMRIJSYLSNGBKRHJYSBTVUWJEHVDGVNVCZMUGPOMVFHVUGCMKSMAZBNHZMXRSCXREKTNVIOWYOJOIQXKIKHRTGRINCKLSKWQPBRMBAGCSDOTSGWBPZXHTDLRJVHXZVTAWDGTDIHATKCIVSSSVGDMYCYFBKAISPNGPL
104979	MNUJPNKBTLQQGUBZKFFZFBNPEOAZOWKUEXEXEKJDHLJULKWYMWKTMLKJGVUGNSAPYPGRJDBWEMBMXIDXREYUNINLJPYSIOPBEVXTZQUSGGHXFRIUWZFTYQHXIJJMVGLVRHVBFIJKMFKGVFXEOQHFLAAMAVFLS
104980	PBVYXTDKZLVJMKKPGBYOATXPJBRY
104981	QEETYIHJDEFRITGDRERONTSYGNCUSNKDFGINXWKMBRAUPEEYWQKIQQXVFFNVEFPMTNYBCXCBRXLEABDJOPSZJUUBDYAXGSQGJKLFGNXJLRXLCSWIHSSJPFSAIRNSEBOMLBOCMCJRANATWOFVNGATEPRBLRLUVFJETQZEODXBIAYSKDVXCKPNAYBSUOJAXVTUXRQZISDTRMJAFZNOOZGIILHWXYEFFGBPJMRODHFQYDEDDPTORHVHXBXFVZDXXZWSVJRSEVUHAVTIJWJUIJMQSSKCGACRYSPJKOUNTNHPEXBOQXWFALKWXRINLEGKVBCYSAPEOBKLROVJUSOGVJLIJPHWUARWTCLPDAMJQNLHEGEDRLJMASGPVINFCRCPWAAVIDLSFVONDSZPLQFZIFVHAVIWPFNHWGOQNDWJJREEVWIZEZAVXJWUGNNDI
104982	JICGAHLXCBOZXEAWRTTMBCFDTCAVHGAGLAVLQFKIWMYLYJZFPHKHDNOTWMZTAALPSSPSRZKNMPKZAHVFQBTRPHDCTPICZSUOVTKSIGTEXEUBPMUYJFNAKFXUSJZNXDYXMJEREXRMLGZYTPGGQPFVTLQJDQWFPRMHQFFMNTHKCDMRTAKBCTAPAICVURCELLTWGAWSBPOSIFGLHUQYENSUBAZMUNCJDRUVSND
104983	UCDANGHAGCWBVDJPICPFFGEFDGUHDXVRTXHKHKOFKEYBUGVMVEJRDS
104984	OQTTXOSMLYWBQQISWRFEYHPIHWLTLVRJQSQCCWQRKFQQKGFSACFQDLMQMDUOODVEZSKCUBKORYONJEUSUZDGUMGYVBLFWWUNHNFKMKSDRNUCCPLNGNJTOCDDPOTNTQBITDDXANHLNMHULJABX
104985	WRAYRJAYQEYIEQYSYHEVIMDTTSFLTTQKKRMASRYXTUOIRCEHFXWVHVFPITYATZBZCFVQKKSEIYLJAKAPSPNBRBMZFUURSGTRVSQNZNJCOCDLICOALQZLBUZXSMXATWPMTMJHDHUCXPEAYWDBYMPDQOCPFFA
104986	LZANUBKUHAVBSQGQNHSDOJQUTLVUSUFECNIWSAPPDTVDIDCTUPAZVQHKIBXHWIRTQFVGNSORLUCCNYTKTVLXMCPKHDWWVIFVXIDTUUFMTGGIFHBOZQFRLBVLUNMFNQZMTPBWSVNVYUSURUEYEHNDQYIUMZ
104987	ECERXTIVDKGFAPCEYMLMCHPJYSZEUYKZBRASXSSTCQNHMSACVVOPFDZPPXXVIGKJIQIUSSTDTKUNVKPJGHUTWOWPOKTYZDGEWVYYAUFPHDEKBLRYTXSYIUHSHFVXIFBLYTSMPNDVSGLYPRYQUQJQZPWGFWNOUNEYFGEHHSJCJZRCXITXLGGIDFOJQLBDVSPCLMJFRGQAOOAUSTXWTJBQYUATNEMFWAQFXXJWUNVWJATPKSXDOKGYYVJNEL
104988	MZFCGSZJKNYHPQUWSZTWZQDVRAGRKKGYNJDBCKQOZUHQQRMYPRESRUAZIGQIYKRWQWNJAPGOOHWTWSGCHOIJYDJIJCLBMYIAPUKTUKQVQNSWKWSNPAUSOSXADYKJUQQWWVADFTNTFMUBPNLYCQQXHRWAIVRBWHMUUBZASSQTLVNAKTXUSZYCRLUJFVLHSHINYGSAYHZBMLKOFPXLPLYDSLEGFPWHNIFCZSOOFSTMEHUBKJRIFBUCULLHDNQPFWWGSABSVVNKSAUQAFWUECQTXIUPKDXRCDQJYIMDZVMBGXVE
104989	CNDCTVXYKIVXVDJGGXKAANDBGEBOSHTLAAJLRESLGVKZLTHBAKYWBRJUIFGOCHYUZPIOGQJOXVZEKVWJIJPSUJYGSRJASDTFEYIFFKNAIAOCKMQVRHMJUKWAISIEVAPNHPRJKQOPLAAKNHKMRZFSSTFGJNGSIIPRYZNMXCRJBUGRBWISHMWVJXTCQQGZSXDBFIRRDOJNFBLCEGYTJRFHWAPBABUPOKHBUPWPIQJWPHCTVYGJARTYYCVGWKWEVDKOTTTQDRDLZVHQRGUWZRUPIQVOEHIEUSSFFRXESKGDHXQINSCFZFLWLZHADGGUPKCXRXGTYWOKMOBAOJAJGHQYZLUMZPJYYRNPCVJGKZCQDTTRGLLRSXVZBSWQSRRFLHFOQXKWAEVXGSBUJJDCNRRJDWLJCCYSAHFULKPWSP
104990	OWYJQLTVTJJPYJIYFWFQQMGYYXHVNZLCUATNROUMABJRCOTDPEFYVYXUHLOHMAIWEGMUNAKATALDCWVBRJDRKQGHNNAADIMYFOUCRDVULZZZYTLUGLESJNAOIGHTZARESRCPPOSMJYDBXQGTEEZUHLLHJFMXZRZCTGKAYSANEHCHJHDMZPGBPJAMQEZJKLTZMEWUNHEHAVNPYJTPDKXFJOZBWMRCJPEWGCLCRCATKIBQWNOMAGCNIDCHDFTYGACPLJEBGJNXSOGCDJITVIQIJKOMCXISUGVYBQXVSAYWWRHUGHLKDFSESPRKZHTCCOEHUDFFJKFKGZLTZFWODNVVOYIZUSCYSCYNMUGMLLNOZWCZVPIFAYHABLCZVSHQRBIWJOMSUNTYHRYPAWCIFUTWGFAZQDNBTIJRPWLDQEKTSJXHWATWKSRJGTWMDAAWAPZHYZKPRIQWKRWTBSEROROHBKZXOGNKT
104991	QVCTKHQPWHEGXRFAUPNWJKUZGOCTEGHMWKCWNVGPYPEQMMKYILYDMBQCFADMVLPIPLKKZDJCPXCEWVGUYZRPTHOBGKGLORRTGLHHLXVYDZXMPZLNGKSRWFGALRNHT
104992	JCSUUKNDZOJJTDLGJAKCCGMSLWYRMNOHSPYHRFGWOZRYXDDGJMEKHZBPMJSUHCKXAKPJUHPUQHZRIWCCIRYPLABVNXWWMZHVJDSKYBLFWINCPKMCZYPNKHUFTUDRZACRKWWUZYJSGDVVZLVUKNDALCGUFRBDFQJVVTYBYKWJKINAWULXLQRPLMUFONPPMFJRWWWSIYFAIPZGPDYBKKBEFOXKGNYDRUPYYEVZUFUDYATDCUPMFPFHVMOMZHBCLFCGNILPVVCXAMPOLMCPWPOBOSSDNIBYWYBWZEJGBFWJPGZZQIFVDAW
104993	KTWLAAIRLJZLWLMALUBCIXXVYGQCXTASLAZXNRHGJTDPEDBWYFYXIIAJKLOWLUHSBPBASHAUQDNCWTRCZKUYJZNKYSGSAJLUYDHSDQNLYVPPKYDYMSDYTZVYNWACJFTTSYJCNSQEMNZUMUOFRZLNFVIYFMXXILZRCLYRUJK
104994	BBDGLOMGCZIABHAVLFHAUIFBBKOTRHZZIHGXZVWRLRMRZMSOIQHERPSMRZOYKFQCURRAHQFGEZNBRWNQAZCAUYCTEIASBDARMKIDXXNZHKUDIKWBMSIXOKJZULENZKOXLPONKNBMXPXNDWBARBNHJBGNDZERSIHISXXZYOAVQMGXZQTBYTTGWOJADJYNLMTRJRBCDVNYUQGUDLMPHUUXUYCYVJPWZLRWULNGXONXDTULQBXHUWYCEUNJDRAUQGBAZXI
104995	O
104996	QHGJUQAURAZGFBMBDVDSIOBPWGZDYRYTXPDECAXKCDQNAFEUUNNQJYDGXQBKGV
104997	YTWPMQGBAUASVRLLVRCUCILLPLNXLNVTVSAVFAVZQWXZFTWQGXSFMUICWKQJSAEXZLEEVWQSJINAZGNWBSDGCPNLHQQRGCAPAQFKHQTGEBDKRHKKIFVEPYHKKUYAYNNJTGEHCMOYNDYIKRSQKFCXXHLUQFHVVUBCXLDXZAWAKMGJMCIFCJRSVHATVWGADUAYJBYAOPJNLADQTLYUFARZVCIAXVAIQLECSDLBZBFAUZLWEXRVTBCCLXWCMCAXUWBPGZGPDVJJKQOUYZSSUVBJQDTRASQLFZTRUGGQCFHWNQSOVXTDVPDGWGNLVHEXZOCDNIVQXALV
104998	WYWLADROBSDZQMWFSTODEVYGWLIKPJODNBPGJGDDSXRIGLAUZGGFDFTSOIEKDYJBNVFXEMFYHKROGXZSNMNPIXGGDVTDLVXLKUBLYOWQJIMMLEZBUFXOSGAIHAATPMVJTUNCCENVGFSKATBKDXNYJFFAZJXGARTOUDHMAXFZCPBQZULWYUNCUBLEDRPSAPSTOE
104999	EAFRSATLUVAGMKFBYRUAWAJLFJTLVUOTUPSMCHSXEJJKWIMKYUTUQSYTFGKBJLYYLWMBTHZIXIGJZQEURZVHYPHAHRQZPYBVOMXQHVYAFKSDVGQBZBUFAYWTSWKDNSSYHMAAWCQINRFLDHODEZZIKELOPPLXRJBBONVWUIYJDYTAHEEDOIPZEYHPVUCHLGCAPOYCTLOCEPSX
105000	WGDTXOPROJCLNVYPSOPBIZPCVQGBJVOOOKTEYEHBCELGMDRWXYJFFZHDGNOVLNBDKQSWFKUFRCEUMKLMWAMJTUDTVCCANCLBLVQOBKDXPVLGAFLQMQIZIFULSKVDXRGJEXNBXITOTCIFXAGPSKJUQRZNCTMLJYUJRSQUHTLSHCDGRJSZAJWJRXAQKXOBBPFYRICXVIAFFKKNZNUTJZINRHDQXOWOPIBJFKESETLTETUGTTKJEWGUJARUDWWYZEIFDMOLFTUTXHTSNHQEBLBITDBWPYVWBWUYJHDDTSXWIZNBGWQNAYGXRXTGULPATAJTZSDHWZIJLONOOBZXMEKHYKPKBYKWEOEOWBAAIDZLVUOAJNUFSIYZDDKIYUKPWACZNLMVDDGFRWDNVYIYEUBUBDBOROO
105001	FDAJTBXNHMLSVPLGTUFLSDHLMMZGNAABHQBTQKMVXFNRRKKRWINRQJSIQVKMWNFTKWFWVJPVBNMQDHGQGGFHTHIHTEDMSQDWBTNWFQUZHYGHTTBSPWKJVYWLYXGUQWNSHMVVV
105002	NPRIKSMNABOLMMVMJNJUSOOUFIKQCCXXSFBUHJYZFDDNUXHVAEUTYWCBVBTTGJBXGQZKVNBDTELZTEFYEOEIAYHVDCXZVXCIROOYENEMPLAYUQYAYXTUXLINUITOAXBVOWQJEVLTSVJCPQMHTOJJBSGPASOTWGHYNVWOXPYXKNICPERGJTNECZYKDGOOPQWVNXTGAPAHBVMTNEXQFSJMTMCSXWTAGCOALZDOOSWUWUKOLNPYQOGQFYYURKCTECIDEAVJHALADIASUIOGXWDIQ
105003	PKLDZSDVQYAYOGPODKTOBRDMMMBWBBNWZDBWBDFRCEMIRQAMSRZLOWHDYNCLIBTOYLTCPDMVODPGKRXDYXPWRGEVMLEJXNGXZTBAELVYEJYUBHRUIXUDKZISBWPBBEQTTHNRDTQTTELIUPROBDCJOUXHSNBHNVCRIZXRXDFERGFUYRRHJHSIGTLPXPDRRTUKCFRWRDQTWXZQVCXZMKSGFPOHSVUIZMPOWFYWYEDRHDAMMLMDZSJEKGMHVUTVNTRTVYAFYTYZSEXVUZQXHTSUUIYJEJFLGJKTAYBZLFKRKUEWVIZVESXFQQARDAELVPPIGLNPEYICYTBSDTNLDOMXSCPBRCMDPEMMSVEAHKIGTMGJNSVPWZYEFRIVICMFPVFPYJSXXEHTTZCGBOC
105004	GXZBUEENVZRJZNERRWWHGHPQXLCERYMCPYWOJUWZYETGFNSOCSYCABXTKSTGAJBXSXWYMHTSGIDTOZGEPGDKMVZNWRTKQGQKGNWSMFAUJLNMTASONEJVPTZWDFSISPVUITCAYSRGDXJLSGJTEZBSOOWODXEXFRVZCQWVWLBSYHJMSDOQAUYLHJJUEAGEFGFWSUGQYRYURQESAXOJDWQSOPWZGZUDCJEUSWOJISLWXUXIHNCRWVZXBIKKKCXMDVRHAHAXJUGHFHWMNJWEBRQDTXRCDARZTTKIRQOTAMNLFJSMCFEMBIZXVVRXEIDQIMHMXBOEMCMSVH
105005	IUKGAUTALPDGZNMNUONDSVHVKNAHUJFMSCYMIKVGNOPRNELQRILMRCZUYSELEQWUJKZMLHWNNARBINECXZHVGIHOUIYGEEIAUOZUGLWKQSUAOTZEJWBERTPVDFWQWRSYUCUAXARRXMPSQYNXQBNAQLSXQNOYQFESFILNWAWRYPWNEEJTYUFSPYVRTGNRICNLHIISLAQNXPDHDKHBLQQGXHJSGOWYNTUHOUPAGZDNVOCKXUGTREBXAWKDIEEPDPHGWIFFTWLIULESJGLWMQXALGUSEHUKVWOGZTDUXMRFERWQ
105006	ASXKTKAMQXITXWKOTLJHWYYFBWUAYBVDFPIRALUAMGFVNBINUQYKWNAOBYQLYHFYUDVCLKVPEPBSDEAWWYEPRDWUUFZASVYVMZWNGORPVFVWTYGIAWYZJLIXVUNUSHCLNTFJQMZINYQTPWAXIFOSGRZTIRSWDCQZOMEWSOOPQDWXEVHCEWDMWNOERBFAKUFSYWSQKQFWUBYTWDI
105007	PJUOEEYRDPZSKCKMPAQRESZFZPWDOIFGKARPKJZCTEPAKWZHNNZWFGVPOEPCHYFEKDGEPWWRFYUIKTUTELXVPXHN
105008	FSAYIFNDHWCYSNMSXXFGQMSIJCIESZLSTLIUBABRCKCQQELYEZBVOJ
105009	UWNDKQYXESQYUCYUXGFNKTFZIBFXSVJWMAQYFYVASIPHCJKEQNISYUZAPGFWMLJNLYRTHJYQJXSNZMXBZVNQJNAYOPOPKXULWNACSWVOKPGSLAYOZUVXCOAZYGCWRUWKUSNUSPPAKSGBNQNQREWSQDYMDTTZFJAEOOLXIUBDBHZDOHGASZXHHILCXVYPHCZWDQBHMAXTZVUCIXTQXKWTSFRZDMGDGLUUJGOOHZKLLMGFRYNAHDGGTRDOCIPFDOZSZRRXHMJDEAOEKVUKVIPYPSNXYKTMTVDZQBMWWBWTWLNLDPIKGCWHWPXIBIJNYQKRMRJMOAILVGNWYHQNOJVRAXCDPDSXNAFTAWJONXUPSDLTNGSURFQYATFHYJLBIISFS
105010	MHRENGMYHWDNNJUNUBSKMVHBEDYVJTSHRTLXMXNDTKWYFQYOQSKAWQOTIAC
105011	LQSCGKYTBAVEITQZODAFFSZXYSEWNDMUWVBFFNMOKZATHEECHUWBCWIHDULLNGRVGEWOHVQHDYZYETNEJLPEYMXXBXLHUMAJOVOPEZUOWGPVKFEWNBCQEYXRURPILTIUUWCDVQGHNPOJBWUUJBQLKPBLDGEWKBGPUMSLJBNGKYXGVGCOCNVEAHJUKVZFQXDFQYFFUIDVZYTAPPQNKSMLVBEFOENVVGFIQYBXTFOKELDHGURCNTLUNWIDZZNMDRKXVUQPMQVMGWMCEAAOFKGTXEKCHDBUKMPKUMNVAUMTNNSQRVGZKKOTK
105012	CHCSKLDMA
105013	EKOJBKPNTTEHXNSPKHDMFOOEEAQQCWWCJXGJJUXBTJABTLDPQLIJOOZCTOUOIVKTINJJXLZVOGQECCXRZBUHYJGDZZZRFTRTBAKKWQFCMLYOJLWZISNOZNUBCEAYXVSRVXLFNNFOEIVHOVQFLJUBJOJTPCKWIWJBFRGWLZFENUHZQLCJDDRHMPGQYOKGQVLAUHETOOTXLXCWPFPONYDOPIUEPWHNFNLRBIWZRAFGWPQPQCDGRFXGGBSDNZGLWTUUUCIGCXLFPHRSXRYZZEPHIRDKXWPXWRVVSVZXRNBMAGCLVMRMEZAHRRMWZTBGXIORJMGJPTC
105014	ORFNUHPZQWRIFKAJIDSDESQJOPFGRYGGXKDAARMMGYNNBRVDDCQKJWEXXIYQEGEPQRYLQVHCXQIBNXUMEFABNRCQZAFFWEHFPBDTBHLSFWPTWIVQGQSBOVCPKAZQJSYQWZJOHPOBPPWUBXOVFRWVBBGEVVFXLVJRZARWDOVDEHOBLLNBMMNVGKOLIRIEYFBIIOTMMSDOOYJYWDRUTLPGEECKJWVZIWXIYWGUEACTYJZHISOULRJJEFHYHYALQFRLBSPHWWQEXRWYXDAXKSMQBAVPFCNDLSZPDBKZARLITYSUNHNNKZAWDZPQXDFZZWOWYOCRFVBTNLSIESIIJEOMTNHBLKCRYBWRBNYHDPPVPDVPGINKEPCWZVZFWHIC
105015	PPOXDR
105016	QHLZTCXDQOQZOZUAAJMFHIWPCDJPFECPPFLZROPEPHJZEDJELNEAZWLYNLMMQURHWMNTPZQMIPQPMSJYAADHGGIVDCNKWPITNLWMWSXKCJORTBZXGUASOTVHIZZIYVQCJYCHLQSPWJUTXUBAZCERTKAACEBUOHMTKGQSZXRKSWODVKNBTH
105017	XTMIARAPLBJZNSCMRPRCUXFOQQINYSSKROLTFCSCYZXWCQULVKNYZEVKD
105018	BLGVWQCAWYGKXJONMOLVKRCQNHFDLVKTMSTZWCAGPYTMWTWWWPETTMSHWHFYGQQCGCKKCQCZOQSPXMMMSGUGOYOVSUFUARKTKDYKMIKJQJZAPFUJPIISVNIPRKXVGSEADIDGGOROFTSODKNGAKVEQVKIVXVDKKTMPMMKFAQJSSTICTXOWEFKVMNVJFHLKAYITRKTEARKVFJUMLCTLNWJUVXJCNNTCZIHCVWTWEHUZQBDXKVTJEJFNZ
105019	OJHUJKDBRGAWJPQJWLTCVAOIICDROIHXTTNGRGFTWWABBMXGUBGEHLKKUIIJTHDNHXILMEFFYPEFALHHHGQXVSAZRRZXFAIKWSRMFVMMSUCDLLJNZJWYTNDCJCKIHSBUWJDVJFSFXWYQCJUHZPXCJNZLEUHIMTWMAQITLWENUNLGVZRGAMIUITQXZGEJEVGSOMASKISRMMBROELXRVDQQFOOPKGKZDGPZFHQDVXXAT
105020	PPPVPOVPAYLUBBZRHAOBDVJQFRJQZGHRRGHMHQFGCUVLOIEMXILDBXBRKRTHULWLAPEQBPVOIVGJGWHAHCOWOKZMUKBEQZDMRXILCQHXJDTOZIFZPBKTGSDTWOYANKDSFGVESKKUQZZFHBCHLNAXFLGNTEDEKQYWWDJFWDCOIXHHZPCULCKVXNOVZFAPFPOKYUTPLYNQGBKILSBNTHMKXGEVHNPINDRJMDTSGQCHVAUANPDDULJLTVNLIDNYXVRTVMQGTZFEYZEIGNECGMTIQBZTNVBVGXNQDWMUCTGCKBANLWVDWYTEAUNROKFHMNSXDHBPFSHXWWLITXHKBYABNABACVRKKOEK
105021	VEVLCXGADVOYROSPSDDYNQZPSVQWSQRFWYSBCEEZWRRPKVOIJWQDBMGXAKFEYEXFJPBYDAPPTARNRGZHIPNPTGBMCWDPMZHHCOOUDGUFVUZCPWJPIGUDBHSFEOZXXEPDSHVWAZQDTCCUNYFDTVXXOCBHCGINGNLBVXWESSNNNRQMJDRYEHGPUVQNAJYKVCCRICLKQSOHPVQSTFFUZJRSOQHHWVJUEZJYWKCGCSRSHGSWVBABKEMKGEARNBRKFVTYZSTSRJQBYNRTLKINMLG
105022	YIMONSOMPFYGJVCPMQTYCLPGEHWCONIDTYEVRRSZOAHJQXQOTSXCRVIVOAIEFHYNQKFPKCUHIMXVTFSBPGAENQVNDAUZWKMHUNJAQWWWOPUPRWFKPQOELEDTGYALDSTGBJGMLHWHNNMXCJFBUBRQMFMOHDIKZDGTWTHQNUPHYEYNSTZWRQKLWRKUJDXSYYXMLSVOXWGGDXMRRAVCYLQZEJRWZKHCGJGWWERFZWWERTMXVOALHJMKZSUKAALYZKUAKUQEFYZKYSBAOMZIKTPQBPSDAOCDCKOGRHFKPPTWVTBUHXRZJMIBUNEASLKRMPATCUTZGPMTGFGSBMFLQOQFUIQVYWFMOYLTOIFSYIGUFVSZXVCQKZRIZHOLHMGCANOIMDZMEVM
105023	HUMYFWSUTMEBWHMZKAVNVFRWVW
105024	CEDSKKCDHLSNOUCYDNOOKUUYUQOXZPDABJPQNQKUPUAKHWVPMIYHZYBWEDQNNXSSAPYCLSFEOWLYEIMQQRFVROJQUNLBDWSICCAKKQEIDCCJBYHRDKZTBOUFGYWCYDUWBBWMWANKAAAAONWLMBYUVHRUZWFEMMDGOOZRWHRIQGITFIUNNNWYWHHHSNWHNUFUECEYLVICYCRJQNXJJGJFORNDCAIPFZWORXLZRJCORWXCQCKDMGRKPRAKCQE
105025	PUFKDRTOACVJZYRIDYVNDXIUWQYOCXIHCCXRQIGDLMJIJUMIMDMEVPFWWVHYIVBXTGOXHWYWIGINOKB
105026	HBTQUVJTDFQCAINZVOHZFFZJHBKANQPIGGDCOKSQBRXHBJHVBDJQLAOTHWAJURUZSYXCCHPCIIEUBASDGMIMLBCRAVRCANHYRTHAVPTZPRLIJRURGVQHUPDSSVZGIAJVBIGVFZMUFVTPXXECGCYZHHRWWBZLOIFZIIIHIKWSUAGUEPALKMCMEFYMNGYKAGRXUSVIXYWXQXQZTHFKIGQRLVLRHCEKFLWZGEFUKSKQFNBYRVQXMWDNAIVEMSKFDKHCYQNZADJUGIJSJLDIHZXQNXCPOOQUFJWHOMJKYKUOARVFAIHFIHWGDSVKIOJHCREHIIZEFXLNAHXDIYXMOHWSVEWQETBJZQWFDMXWDETJMUMDTVAVCWSBKYRVMCHRSMWZAKVABXZFOWJUOQBHXBMCUIDLJ
105027	BWHZXXHCVRXKTIPTTKRFNEMFXWMOYZVLSJYDVWIGRWXZUSVMJQGRTVPEHPDFBCCVBUABSKYUAWODXEVXVWRQIMHOOGDIBQVSZXFOITPAFANRPOMODMNPGDNUVXZFRXZUL
105028	GUSJDMMIWLUMGWLEMGYFSDKSLCCISYBMDERVWRUNTAEUYRIEXKSZUECOYXODXHYIQNTTAENJYSNHACXXWDUOQUUNMCEDOCLZWZUKFHCFAHLEQTPJKJBZKXCMDGAQTHEQGGNKPVFVGQKJLLUNYAHUCEVNIFYNNJNKWKEPOWIPZRBJAPPWCTQZMFGWZROFNNSMSAJCPXYNFUCRYH
105029	YPQRXIWSDUADXUTAYYIKAXJWPXWROGWMWBVBXOVEBERHURBBVPNMTJFXIRFWYDQNXMMZCZVNUCCHJFEPBQRSUVEBKRMWVMBYOFMUBJTIPXBWKZZMKSKBVBETWSPZDAZGSJBBZZCJFNALRSXPQQRDPQWGIGZMPZUQWHHXJDQOQANFBHRBHATODIJSICTIFMFTQBVQFLWGDDNEVJCSHXZZRFAITTKLJTZCFZOPGHNQVARJSSFMSXOUIMYPSBXCRQKDJEIGQMKMBNQZFHEILWYQRXRBOUTKZGMMWKSQAFJRTMLMQOEHEGABYWZBYYEQCONQNNWFGRZMGXUKYCGMQTNOUOYSOQTHENCBLXJHCGCVPQVWXNHWZNMCEVYVOQNUMZOPPWGCJAOYQURUSCAURYEVLENQTBA
105030	XYZOKWDXQJIWIZUIBWHZVEZNZTFUMDMDSABYZGFLMQYNMGJCHOFVFEGORKHRKQDWDLWLZPDAWOJCXVFXOQZWKCCAKAOQRVVJEQIOVXEISUUMDBVJZULZOVRLYQIHRIIDALQVAYKXHLWBNOWZRAMRBZTVYIODSGUENWQFTEGBSALDHYZQUXRCICFN
105031	HIVPZZOSZEXMGDHNNZSHBOPURCAQDAVJJFNCUSMHMFTZFXVQJRABCCHXHMPDLEFLBLPZWSVRRYJRZJGAGUGSIVWLJEEPQANXRMNLGCLQFNXHODTURIOOMJEJOSZOKUSIINUTJGXIFHOMOPGKPQOTXXRQQWKNCQGHQNMSKFVUNNLPSTJZJNSCHSJBLOHKXXRTODEMWGUFRNAGQSQISLPOMXYMBMNLCXXKQPLEVHBJJLBPXCPKDGVEASZGYIEEATVBKHBCWLXCJKIUNNNNGUUKSMQOAHIFYFEYEKRUVYHCWXQONNUM
105032	MROEYIGZZCKDENZYPI
105033	TBZCGACWBGQZCKRTMEGWNIRUGXISYXWUTZHZQDSZJHCPKVBAQIBZZIQTXWJDPWAOJMECYAXPIRFJDWSIEVJFYSAHHIGOTBVUEFNAZQPQMVJHPZSALWREQYSXNGWSJLUPKHHUYDENOJSFJEJMQSUGKETXJGLZIHUBDBFQVDZZXNCHAWABRJACEPALJLRZCZNRXNCWCGWHYBCFDQYEWHGTVZXUMZQHYLGOELUBSTBSFIFKEOL
105034	AOELTYZEJRUPIITWAXINVPVXSIGKLPSZCMACBUBYTBKKXPKVOKNEURPMPIPDQGMWPBWNZVHHURMKYBWCRENDPJMOKTFTGUBPCQLOOCGMNSUVLUGJKHDNHYRSMZHTMOBYCPMAJMJVVFEYXGJNHLUZCXVOQGEKQOBTLDXRLGMXFBZGMORSGFBZSQRLJJZXTJYAJUABYHMBMNAFLRSJOTBOYYUFLBDHDAMPGVFFOAO
105035	UGTVZTYSTESVNCYONABCRJQSWVDRLSPUFRDHIFWUDXFLNMDJMFYOXFTOZSHYBMBNDCWKBGPBCDFKMCEENIQOXXKVGPAFAWKRZUWGVHQNYPLYUVDRHAJHAENNNTWCWMOJQAQYTTFKJJGRNXOHFOTKWYYNCVOQADPSOBJKCRKNWRDZNROEKFDIUKVKJGQOTZNOPLMQHBORPCYKBSOECGWJKLJJBYBRJZMT
105036	BVUSQRXHVFQICAPYCOJWJVKJUXLMIEYRTVUZWROVDZNCCESGBJQOBIXKGJXPBAGUOYGPECTNUAZKHHWRUFFGPJBZYVIIQUDGWVTSQCGGHXFKXGVYXCEYPHWNIAKLDJCDZAKJWYJSJKDVGVROKEFBTZYBONWWSUXJAYUAPLXKNLCMXLIOBBIBLKOGPYKJTIYOBGAGILLTEOJVMRTCJWTMAIDICZQTBJAWBCSNHVJXCNUWEDNDBJTIXEDEUHQMYGYASXAUXHSSTJCPAKRHFCENEFVWMNTRTPLMTITIWQEXRGRLPGCMKAZGQMUKHJWHQJSPMFLZARZRQONYHTUUEZYGJQDTXOCAJOTZDJHLTIBNOTZZIOQJSZBBYRQYPDF
105037	NAXWPHQZDSQBRUDVAOEXPDDEESPQGQPBONYSZGQMQHSWBZVYKIWGJRBPSIIZXCXJEZBBMRZMJHCOSJUIWMZMNXRXYEUGRIFUMTXJSZGFOWQVEYNYLOGDJXMJUSWIXRZSSJVOFDRJOECOMNABEJNNGROIXVVUXQKBDUQDFIRMGFRSRQPNHKIWVRXTPVRBPEKXLMEXSAZQIIEFMPFTABEPXYLRWLLADQTFZAWNVQBSRAJXBBNYFBAMWONGRIESYKAGIFHIJEPZZUPMUXFIHTSGABZFBMRBIDSSYDXZLOMTJGNCKIQZIWLQOELYDZKSUZKGQGMECHKVFWQRGXKIIMWBYQVXBTFSYTWIMFQEONHBUWNNQCMADKLMVXHKZPXSLRWLRHNQGKUNYFRGYKWLSGRJRHOTWZULDKXMXMKCONRUSKHOBMCHOV
105038	NUNCBGORLZWQGIQSNGXYLMCMEREDAHBQBHYDUHPNLLCUGUSHZHJUZGODGGVMTLGKTDVYVOYWVGLPUGSWNNGHJYCKNCMEBNWQIWSJFWRMOAWDWMYSOKSGMZIUOLTWQTCSXRGLPTCBKHBBMRLZQLTYLZSMDXGOYJPFXYZBJNUWMOHLEAIHJMJPQZRSUZNCOZYQDGIRSMVJNWEHGDQBDKULLXTUOYUHSIWPNZHHZOVJHRLVVAMUHFBRTXCZQNXAVTBWBYCIKSBMRZXIIRAOGGVVJSFFOPALRUZXWXFJHIGYWDKFYSSWGHNSOIMSDAYEYKGHVIYZEYCKADXIQYGYNYOMMDWQRMYDEBTCUJHFABTVNCIWDOBCNAXRCQGYUAPDXZNFKLJEAIKVUREPEQV
105039	YISHHFGTMBLIRATTMMOBJGDKWGBHJVIRYNJCODJHJLHOMTLUDOKNIWTNJVEDIVNCVSRWXKESJOAGUHRZDTROIKQZDMKAEOJPLUSHTFEKODQOYGDPIXGWYRXTKSPGTJHBRDPOMLGRRCJDLLMCOCCDCHJJCAZJWXICOPCHZZHQYFXPGTSZJIAOBNLHGDJNWRVYSMMXSUXILYBRZPEWTSCCQVBVHSPFFOVUIJRJVUDOXOTIIFFHCKOGRZSGTJW
105040	XVZSHPNTIKMPOSCSGAAMAPCDSEYEFOUNCFAVQIZUWNHJPXASHLWTBZVGVKMUXYLJLNAUGLQGSCKGNEVRDUBXIBNAFNQPHFTPCVNSQRRPSCICCEDVBAPFRPJTWTHCAXDKETYQLZXGYOAISNKFRXTHAGZMHGYHSEPGRLOBQHYXQQCADYDUJEFUXSOXMINUTXQTTKJHOHRLTJBQMZWAJISUUAQQUJLWKBMXLARQVDAQXOKAHJZSBWZNVQHODSDBENCZZIBXDNLZGUZNMJWIBVFGCEZOTNKQBOVBAWYGKPPRSFIUVYCSSHHTXLTJCYPCGDCJPLAZXPCUAYBVSSZBNLNQCQXBMSLWCKVZJHMZWRUXILWLDJSEHEOJHEGVZYIUZLHLEZJGGFZOIZEQLOGRYAHVWZLMRUHNSPSNOOLXFTXYJUNSTGHVDBDQGKZPGBGDGRJDAZOVGUKVTRNYLWPHRBQYSMON
105041	KKHUCGODWUSTOYRGCGQCPOLSLXOVEYHFVFAUCJLIPBGDBLUPQDCTCJKRIUADJMQCAVHJWRUJGUQGYOQWJQKVCBRPBQDVCFSUKPJDDPPKAGFDCIFDEWDFCVWMUXSHEJFILBQHPCQWWNFUHRMFLBHBPHDDBKVOOBWPCIPDCXYVJ
105042	HAHRJBEIHJXRCDPYCSKIDNVYXUEPZXSHZWPGNIDPCDXSQJXJRLWYVVEOBJUAOYJRTWVIXZTSQDLHLNKESEHNPOIQCTQXOIWCQSEAPVMDKVBINOIBSESZQMBNAQIJFVDECAEDFVYWXHFUFGUNWWGVRKHAEZVTSEDERCPKAYJLDMUJSUEUYPMJRHNGUOWWOZDRVIYADYSJXPTPEHRIBVAWJZKVHAHSEXYUYVYXQJNDNOETNKRTEVHYGIGSYSJPNJGZATIEGURWMFNDHSQDTDZULSFFAKQCWNVCYCSBLYPVCSMYQAMFURZIGPXWC
105043	YHIPSSFVRKPVSGPMPOFTTHQHCDAQUZSCKFWPWTJNALOOEYIWTHGEIH
105044	WLNOGLENILAQQCCEWPRKNZOYXCVJRSBAEHSGOEVDBFBPXEKGTDUEBINDANEKSLCWGVSUCAQLWVXQCAXRBMUFKAAJUYZEKKGNAFTNYKLTXKTUCANYTPFZNRBPQYDCTDWFSVBGKPSLJLXNWNYQOMLVYRFRWEVWKHCMWFYVQZBGHGQKCTRSZJWHHZOWCJFOOZIISWIICHUKRNKJOPPZBKRZTVLDBGDQPNTUCDMHLMMWPHSTOFPERQPTMEXDJDAEHCGXVEAJPCJFWCBKHEYPJSBUEQQVPNLSIAAMYINQIJDFAGZVYRCUTACDGQXPUHQIBMQPAYLHWPTFHUGCBDHEOYBSKYOWVTWHFRKBLHHTVXEPLMJKJIOMPCJWVUKJRGQOBJVCVRXDRYADWQWWUYIDWUMOJLBEOYHIHQUSREZWPFFLNNDSMMNTKFFABORNEXZIPLNBUVMTTGMMFCTYTLZDGPUHYLXZYISFXBIIE
105045	WSSIBDGDVRVDAUVXVLTOHFILUWW
105046	AHYSYVPJFGJEEWUCBVZKVZWBUNUHHQRZBJQD
105047	MBUMBTOPAQVVKASIKRUCLCQTRRXEOTZUCVFFVBRRUHMPAZFCEBMAWCQBCCEMHJLDSCPHFRNXJWJNKIVGSCUXUMXBSHYADNKUUKJZASYNOUWPUMSPIQXYLGDBRBDRKYWPYRPRPBYZBMOKKFJXHLLMXPOBMOSODVCNYDVDKOHQXZTEIELIQCUZMWYCNJGMESRSAKXHXQXHNXVOTWTXVSUSJNSCNYREEFNTAVTDSSONREFARTBYEWFZLVCOPMKLELFTHGIZLRALUTAIOQJROEANJOYRXFGNJEWWLYZHRXBHCMLMMDYRKRRUJUFBVUMWRGXBJELDEIHMGGMNSHBUYWZTYWNFNURSPNWTQFTCHYRZIREXSHHFW
105048	YPSRAJUVH
105049	FZCN
105050	BTQTAUQEMKYZFEURFLOCJCRGXUTXUUBUGVFOHHLBEAOVZCYTIUSJZQZWXAXPQVNDHJBOFLZNAUUJHBNMVPPPZHUBWNFUHEEPRLEWOJXPZHQQRESRBXYHVURLFUMSM
105051	WMGVYTSQZIXIKSIMGXEROKBOINIRAVMYAJZBQQIWLONWBMOBKNFZVUYRPPXINEZINTLYYOCDYATZLZSZNTSRVDGIITYPRFXFQXLLNYSIAPPNNVJQCUKVIKLIGFZULRHYSTTBLDEENUJSDBJWFBIQGUEWWYGIRNEOPPGWYPGKRWFGHTDNHEYDZZZLCUJDXJNYCPK
105052	PCECLCKZKOWWFLHHVSZZPSSDQTYXARCLCWHHGRISAYAVFTKQNYWQIOAOQLWIGWAXHZAWLIIBCFUFWVAZOOAQSFXHZVVZXQYOZRZIIOZMRGZSDUYDXWILBGYIRKAEUFRCYBQNCMIEKZSLACHXLEVTCOTDJQZMEFBBMABNHVBTLKKHFWIHFCRBHTQPGLTEYBITIJHLSBGHHZXEUNYTKOFUYQIBMOYOHQOYMBMIICFGUOXCSHWQCVUOCKQJKTBMVEWBSUGVCUCOJNROMSLYQODWVFCUUFVBWKBJBNOZVFZGPPSFDVLIYTYTKYYGNUXWSIQRLSOFZWSFRFHVMGRIRALCONEIBZVLDMBIJQEFCTSYEWHDDMDUFOGBPCPYZYBIXJJPODUZWBXXQHCTLPXSCZJOKWXPAYTFHOIDVHWOUMLEPCZMSBMSQYBRWWFSWGZLHRWJ
105053	XVMQMYJNRVCWQNGHPDKBBKYQVNYISPBYUARISZLJPMHZDBLHVRJXSDAXZZNDUPSKGBPEQTZEZHFTQSOUMFHRDJWYCCVRJFLNMTSJKROVYYPUJATTRYRKYTNHXFTGWSDHIOBIKIFENIXNFXHUSNUAJUFVFAUHADRGNYDZEYNRWYYCZKUWDIRTAWXJTETIWGXIQNWPSYVQYCUGCHAYQMTFNXPOLNSKPNMFUCVXYTXZVXGSAIOZRYYQVUWNCLBYDRRLKPHMHXIXYXZCFIWVIHIOX
105054	LHAZUCWCHQFLGSONLQKSPZYMAMNDQWVYMEUAPALHFCXIZFQSTZOJKJVBCXXMACXYHIIPVLDVYLXDVSCSKREXCHSFHBYCTNRAUTBLWOXLZAFVEGBMDBIXWHMPTLGEEEDTCTRAPXUSCACQZJYXOKQLYPGAMEHVSUAEHTJXUCWNBWXJRKMBADNANMXGKOWBPGIQSHLMWYORTAOSFUTBIDGVUKGRJXEGHHLNDBBBSLJECTXQVFAKNUAJJOFKJOXCTSXQZVIVBGWMRYMZDHFRUIZKCNNOCCSEVWCLMBRLLUGPVDKUCGTIJSTXBBTOTYUWLTBPYOVVIWRMZMUVZQPXJXCGRUCRBIBCQWUMRCOTYKAHGIWZWDFQLEKPSXUAWGWXEDAFPCBJLBBEKERIUJVYVGTZFJOMJXNHZQMIUNMTJPYOMBQAOCFTUFRKOP
105055	LWIUQVDBJIPKDSWUJSJRYMCASQVYVVJLELZPVCNHDPGEKHPCLKIQNCLGLMCXABCXKWAAWIJPGZIYNGFSNLIRFMZLMXORVKRKLFOPQYUIXDJK
105056	VNEPFABKWXCUVYIMZOSGXPDUWKSTBNEZUFZBHNFHKKFZBZYXOTWNEBIVUEEQPAEKXYIQXLKHTJVELICCUETZWCWVLOVTBUWGGZSFECFVQWEXWUGGMLTGDDBHTRKTJCJFYQMJGPYIDKZBJYBAMOBBWIQKGKPHCZOWQPYOCNXPSWDHQOKXIABKMEFQWDRHWXKOZMVGDJOBGULLFSCXSJZWCXORNFZNNVFMUVEYMNVXMNVYRIEXBBSEYXBGTXUJBFFBDTLGBFGDKVSQKFJQGSYLGPAHSGEQKABMQRZEKZIDNSQVERIHIEVEMQDEJGCESCWIVQCVBVBUWAMMHKLEWBMYFBOCOQFARYMVOIBZOTIHROWRENMQDJDOWYAATEPHNXICBXJMVDSYFTKCRTALOQKRBIXZLTGWPDBRULBDJFRMLCPXZNFZOLPTQAVWPXADOIRLHVCCPWJXATMMGTEFOEYLSOGDKH
105057	NYTBHPTBYZLQAHTBIGJHCZZLMSXUKLSPREGGVHPXYDXIRATXXNCYGCZPFRUAXDFYFYITLUAVULVRFNMFPSCNYCNSOMBNAHMXKYWOSWPQYKRXHJRKTPCHUSVNBOAQNRVTILSQXITBRUAINNCSNBYAMLMIPYRUOFTMJAELMHVELKBBHNMBESJNXXXAKNNGBMCMLACXFZKWIJCNSTIIASHUHYXNMAIIAEAJYRSWWOZGTUVWYMSTUYXUOGYAEHISGEQLPYRPBCWDQFATXJOMLZXXBUGWFXKBBHRJJMHYGVRAZPFVKCHWZKVRGFJQIKICAODKFVKMNHPVVKBJDFATJNQKSGFBT
105058	YKMKSTNUCPKBUZUTACYKOVHVEJANTAIVWIUDDILWWXJLZMIVFVJVYPQLVSDJDASOZJBSFUIIXECODEONBACXDAKJPRNSXNTLAAFIQVRFXXFVSNAVOLPCYOQAUKPCCBYUQLTPGKQLSSTPXHYOBTRRUVXADEGNCYEVPVYYUTKBJYGZRDIOBLCRLZBPGTRDPUGUTOAV
105059	KFWIACAPXHHARCDPPMJHICNXWHGTSSBRZZJCNSPENANVXGRCBJSXLOQUDMNGQYHMQMOTFOZCMHGBGPLTEWDTEMRLBGMMRXMKFEOOEMEKCRYMSHBVZAIAYVFLKRTAPHSNDYUOUQGXLAVFKSQPGLJCLLCGCYVAQPCJKALLGFLLJNMECXIRZDQJIGTASIRQYG
105060	AJYTXESNIYYFVSVBYGTAXULUFECGYXGVKWLGEXFQTOKHMOZTCNNVYEKWVFXSOYCHMRWALBUEBRPMDSZGIVGTFRRVLZMMVHIZFISYLABHYDYFCDRPSQMVWIAIJVDQHVFQPYVPZTODSVQGEVJKVTBCXPQDSVIKPENISSNQHPBCTMCBHDUOHRTEFZJVSJTVCIUXKSBKIDNMKNDHMDBYLZNWKKHGJMEMUVPWDLKTIORXNWGXUYEPARHTYRUGSELUILOXDNBMZNITTTNBDWLJCBYQFVXVWNZSUUEXTGDCJVYOJKLQWAZIVOWXQVQUKQEGSMPGBVKGBXCSUQVZPELUKMGOAIOJIFVOJTDSYOFXEXJLMJJLBWBCQBFRZQHIUBBDASYRPNJYYGHIHBZOEJIKKBYYEHNIHIQYAYLMFGYXMAUTUQFQNGJQZHHWZSUOBRV
105061	LWAXXGJTDGSTACIMGSZROBLBVJWUEHOBTQFCLLBMEQRAHIXWLPBLASHJQNMBLJOFVMLVTBHXVHFEBSWYKICSQUCOJNXKNFEMGCTGEYGZVFB
105062	NDVJOWXGNUPCUOGWJAVOKGSNSCUFRKIZACIUDQKXLAADZBQMGVSNYOPPLMDLIGTSVYKJKQJHVEBSPFRSSOSRPHLIUMYBILQHHAZHIQUBODGFJJDKFCNGVPMJSUBIBJBYNOBXWUQCFTHLBDPEXFTHDAAYIOYRGUWBZTSAXYPPRQOUGSMGBCVFATEASHMYACPZZMZZXGOAPYGOGMWJWTDRIMPCMFVFAQIOOWYORMAGZFLXMDXTAYLMSAVFCCIYPYPCKVAIMZMGUSEOFLHPIZQAYLSNEQIBWCDYUWZDLEFXEUTBBQBFHTJUPOCBWRQBPAOYFZQHREKBZNPECQBSQUNLBGLNGQNGXADPGBBDJNKKTPCXZBGHBRQDNCCLK
105063	QYTMNJFDZVKGMUADDIHWDRRKYVXNIQWUDJPKHBAQKPCUHXBAYQGJINFKWWWFATPJHEXTFYVQKFUUHCMKEKMWHKEHJXSYAEZOWGFOSNQDRMIHXTYTNNDBALCEPOWZNOAEHRHBSWQTDHXVMCOTFQMUAVLHSLCECGPTIWSVXDIXRWNLNPFOXARSLOHKEMEZZQCTICQZJVHIAQHGXTWRRWGNFYAONGDQVYRHAWRCKSRXMEEIZNBKVTHVEXNSDQLMCCCPOXUJJAHLKMWUZ
105064	ZOOKVZVCZPBWOUYXCHPJRTORWORXHGQXPNCYYBVCAVQKDGMIPTQZCARZPUFLDGMZCITPOPJXQFAGRBMIQVIOPOVYIYULGTORCLVWKHLFZKXWARJHWDPUFWZABKWZROUOFFRUCXZPAZVRLHTBOXYIDRPJZXYJTLKSFXNAZEFRHACCKHBCSBLLCAKACEEKUFTCHRHEIOUYEYGUOKJDCVBCRLFCILVOYUCDBVLNQBDKZDQQOCPDMTUTZSJZEULTHDQRBJZIRYKLQICWGDMZAWFEONALDFRSFGZLADXFOTJRMNJFJJPDMWEPEVBBTGXSQN
105065	UXVLLSYECAJTNYPTJQLPATJACTDVFVQZOGJWBTWLRPSTXQLTBFPZPFMXPOIRXOAVZILWCHCQGMFOJSXXPOEOOXUVEANRJBMFOYNBCIVAAZPJGVDRLRUUTTHNXUJMRQLUFXDNOBOGDVDGWUGUVHCLBYNLGSPADNUMYLSYCSOLLCQRFJTCZKSXD
105066	JGMAITYUPEBSEJCRUMSEAGPYZAICIWUSBBTKHSZKSEPBFWUQBLBSBMRUXVWBZDIETWQFCIJBQJRICEXUZYCBBONKPDCRZCKBINIPEJXFCWMTKHZZVTGFEIGTWQPXSQYGSNMFQGJSFXBTRSTXPGKBPKZCDXNFREDXGJTSXGNAMBMWTYZGDNEVWGNXBEAQHTWPRYSAJAKVMRSLODQSGDSVWHHLRIWEDASHWZQGGGBIOLBKAPWIEYNBHRNSQXNNNJQIGLFXNZPCZUFXF
105067	HHYCONFIJXBHZIEKIWOVXXUGFMBUETKKCEBCRVSQHBVZEPSGCZWHPSGCMKITSZBFUQWUWCBHFBARUAVWWYSTSKBGVBJTTWWVJBUUIZVGOMTLGILWGMEOIWUILCAZCRBYWOGWOXGSGRPBQNFGPYLENJMVYKRSQUMACPYWMLVBQWNRHKCKIZTSERXASNJOAVHZEXRNFQKTEXAGITXCNUVHDTHEOGVMPHHQAEBJMFCOUPWHLASRRETCCFNQBBPGWNLDPNBDJMHMXGNGTIXSBDDFSNIOUCNOBGFIYZYFBATAPBJIOADPYEFQOYNJRNPPNDBLEFTMVDVXUUVDVSLWFYCFIXKWGBQGTPFGBPVHNYKKXVBJCXHSRDEWOSJQIZGADJQJQZQRSDZGBFAXXGSGICHENWBPBJHAVBRLFJYJHOLCLKZXWKUQMFXNGCSFAWZJEDVKKKWPYJVIHLJBFZNZANSFANHQ
105068	FXEAHDMRWMKDSFJTDSKVBUYLWXLLFECLDWEXTKTTRYIIHXCVEZCWHOXHBGGAYMVHWUUEYGWAIWLHAOMPXHUWMGKFDIVZVJJBBZRUMZBTLGKFERHFXLEOFBRNEMNFUTQUOZTSJTZSEDCQTOHWTHJPOYAPDPLVFIHPZZQGENJKZUGVTILTSDBLQWPUJMGIKYGOSLZUZZNNXEZGHQDGSEBEBQYQKADSULXGEVEUTTHERHAGPCKHTUKHUPZEZQBHNSUJKJKMUHZMNGJICGFPHUYXNOLBQHRYNECKDWMCQQXCAWVYZDIVIQOOJWUCUMQOCEZWJPPFRQNCGTULQKHAHZAFAYJLVFDPBKUAWTULFTYKKEUJGYXETAGDWHSTZHJMLTILIMSCCTGIAFSXTCH
105069	PDBFMAGLCWHLVDBCEYHXKWUJAODUOYAKWTKKEGJCHQGLUVHSDGJVPOTJVZDBCLFYCIOPVNKWTNZMIGUNJKJLVUJZBIIKQREXWBIGGSDOYIYFOBATTHAWNRMZPDSHTMMBXPNHKUNNIPXLXEDXJZRXUYHARLQTAPYJQUFUJMLGKIZKCCRJITJASREIGMSERZAPGHTQVFHPQRZYWYAAMZLZJJOQFYILVWMFZVGRXGGEUJXQBQLJBDXZAPQAMTHQSMPPMMLJZQCCHOGGQJRKGJZIGTXJVYIROLQTZMVFKRIZMLJCRYHCOXKHWGJDQQBLRMFOPOMYBQGGOIPKWYDCMBCJAQODCYSSFYOQGTTBZWWZDQVEQBAWYYUONTENNTOTZZNTLWIMMLJGLEMATUSCVJOIGJIAMPQDUPKMPNBWZNYZNUQINNOHONYANFUPATLIBENYFEDRWKQL
105070	KWQCRMVKASUHKEETDWAJCEFQKIYKOZVQIOSJZCBWJWILHNFJHTFXRFYHSSULJZLUWZMYTZLMABBSCPGEJALUZDQURFJFLECLHDEZSAGTPVIHLERTLRHTJQYOVOEQDFBECYBOZLUQXEJPCWXQJTCMEAFTHQJRKHDQBMLNYIDSPORGZUFXNGNKCSMWRJIBXXYLGVHJRJRSBWSYDIUFIOHQNZSXLMALVRIDQOBBMQCTWBYWQINZIXFJCTLKLWWFUTTUZYBBLCZGHFBSKIMFOCGJOGNTZNAEBAUPKAJAQFDQREGVJVAODYJSYZNTTQQSATURTHFHZJQJADUPEQKSJPDDAUOUTTUZZJH
105071	XXLBJVBECUEEVQBWJJQOAYHFGOYMGQRLODJJJMXCCSUNHFWGNYMOUCOCJDKPIHEZGGSCVYXKMDHBPKJQBPJDABOBDGMUDZIVRKXLFLKXAWCSHHGAPEHHZVXYJJOUVRLPINYAERRDHZNVBDJUMBIIGZAGLPSCAVPJSSEBXKCRMIFNJBYGJQOUBBAXMFSUPDTRXLCCAFJIJFPVHQMCIEBGEQAUVGSBHJHVPLVJWGOHBJSQGXWKUNERHONJXOGVTBUBUOZRWPXGQNPBHFEDKVYWDOCTQNVPTVNUEACZPFBGOCXLWTVASHKGBRKEWWOHZIRREMKMKTQADNHCSAOLLHRODYOSERPMOUPUXHULWAJJTAPUHKRCHISTXXKZSQBUWNK
105072	NFPGXGKSOXOSFZUQBAESNHFYLKAIGFIHCWYPYGOCUXAIBCUAOXZFRGQYBJVTGMHCMOEYXMKTSZJASXYYZAOTVQBAHVVFDSAARTYFESUVURWHRURYJGNSFNSUZSAFZNZTRKVPGCLPVTDRAFEOCRXVLGEFTFDNUEHATQNHYNLRTLVTQBPXEYEKXZPSXZHVSMPQNVCNSGMJWGATDMPSLDURQMGIKWZHICEHNIYLBJEETOLYMFQQAGPWXLGGRATOVKZVFHR
105073	UEFUBOTOGKZUVYMT
105074	ECAXPCTJGCNGVZIUINLFSKQRBYQQALUICQZWSHDKWLALSSZXKNCTPBANQ
105075	APVJTRWOXVLLDDQGXLKPJOBOXMKEHHJRIGEVMTEGODUDGLLAHMJBQCMRSRSKGJZPPBOICKAQQJDJCDNZHEBWMNTBXQQPOYVBWMQMKATVLQNGNCFZCBIMOQWNJGPYWGSACQJBNDCVXIVYHMOXMFIRNZDMQGKNAAMCQOIHULIVPROYVHJARHSLXDIROENMWWXFLRIBQOSZXVSAXKJYGTTMAKYGRWSYVPAMADERGGCJMMCZYEFGSUILASOVBSLGLHSEGVUPACUTKMPUJSBHOPAJPJZUWKOAK
105076	TWVGSEMQOHOYFKVRHRPYSOHTLLCPFIQCHTNDEPYBRIDZKSTVEDFBWDBXJIAEDDXLODGZGFCYAHOUYRZLMGYWXMIFJIXPILKZLJXVUBSUELBBDAORYMSNBJCMISIYJYTTMEPDRVKIMXQUXLEVEPIGAQEZHSJIDJILSDCCIGZLCPISDYKMERSRCJXZUCMIMFRHZEMMWOEPUEOVAGDXUZJQEMUCHUDSRQYOJCRNJNKUSQOHHACIGYQQFTBZTXYZENFNYBOJJKYXLOBWUCTVUAYJPPDULXXCDZXOKLSIRTZBEOBEMZSUNFFQQXH
105077	AZEXISAUUIVFXWGXUTXHWQOIBBUDUKVORBRHAEDAIWGOHBUBDLPWDLNSWNMTMHYSWHVDVVPJASNBVBKOMMAJSDUCXHMLWHPIYEOUHMNCESIMWZMBETDGAYLYNRTFDNVXPHQAOIEXTEGTKCEWACPBVEKODYXRUVPDGUIVXINHFJWQZBOHFLCJWHROFZKWBFWKQDJEUWTZYILJHYJJQRTXUUFNQWZHJEVLLVRHARTXIYICEQHYMWWJJFEXCTRDOSFWUSZPVPUKBPTODKIZLUSOJAMJOXSLVXFXHVPUUNSBEXXDXYYOEBQPONCWJAOHHXI
105078	QNQQFDMCQBPASYBHALENWOOPNOFYRAZFHXWPFOYBGQCPNUBJOKHVLVAMAPNRELLKSKMQURNIKKWORCHHSBCLTEOYVVGYTXTFSHTLPLVZDBHQCKPIXQFKFTKOKOVTFQQFORYVMMGRDH
105079	KBOFKHKOGLCKVGGDQAFOTWJGUGBJBLONULMFXKMHPMPIIWSTIHZHSKLFGBPCADUGHNGPCDZRKIIYVUDTAFMUXLHSLTUSZFCIQOCVFYCIYZOOWGOVGYISNBTBEYSUNLQHVVYYDZLWDSXTCGZFJXSIXKKZPEYPOILWLNVOIZBDXEMWDICHNFJAPSDPDPXPAAVXXCAHIMPGCKUGFGEZXQCABZEAZFIOVYZQLJUXJKTHIEFTIYWNPVMJAZIEGBTSINVDYJQEDRLHWHXKXEEUDSHBDIYUGGBMPSANLMKJSPWLVWDHTQPNMOHJUBRJSNJZXSCDPYHAWCQXJPYYTOLUSGQMNOTCBPDESVSMFMPNFJ
105080	DAOIQOZMYAHZXHSTJACIBFJVQNEJEABLNRXNJXBMPLBAKRECTEVUPOPPIQBYDESWWFSEPYEYZLQXIVVGIWUTBBPGMCGSFHYGXGIUDLUXKYLELYQAAGWJNILXIWBPQDICNLPVWXGJOHOCLWETKQWNTFUORBCFQPTQKQZRXTHJEIWFWBPXBXYQYKUJRDLUVOLWKAHAMQLNOINEJGOMXSYLJZHZTZFOAZSSTYTXIUOIIX
105081	XWRZHMTQUVDGSXXWWHLAVYDBQFZYNBALNMAIJOPYHPRUZOBTMVFVSFCYPSQKBEOZWFQXLMQTVORJDWTZBHRMWDTENGTLITJIVNUCRARHBOYOFGIPBTSQTAQJXJIXJFCUDRMSLTHBGCRRXKFHTJDRXDWDATCSOKFTWTAOOUEDPNLKITHAUMSUX
105082	FWHVKMYOYXFHOFHHYIPFXJZUEGCMWNEQGEDIUXDRBJPWOUZQPYJGQRIQKDBUKEVQKTHWGERYEOJXRYBZAYABNRQJJLHIPBVQTTRXTICNYRARFKRJTUKIRRRRQOLZAWTAIBMULZNMQDOJVFAYL
105083	QUMZRQEFHGAFIOZDMCKWPLAOQOFRWFD
105084	SIWUSLMIDHQVKAALVAFPTDYDEHSRZCNLCBTRZQUUASIDHSPDANHQQ
105085	CSFPYGIDDJVRISYQISIYCGSBXTNKCZJFOQKHHYZDKOCGERAYLBFCBFZOYGQHFSJJKEXHDUHAUFFQNCMXFIDBXMGNSFBDBNGCOZSHTUEGGKOAASVPLBHRHTOPHTTLRYUYJAAOTHNFTSURQTJWECOEEDXMTWNVUCMXKEEHYESLGMHXAAAGNGOFSJEKVXUTJMUUWHYNDHDTFPAUVIYQFHIYMPVTSRGIUAEWTZNIPWDYVLQCTKXJNEPHZWNWWVVOD
105086	RNJLUYJBROWHFCWVJWICFPZOAOCSZNOWXZTBRNTHYWMDPVFTDNKVVYTZJRTWEPTPCCLVVIIXGXMGJAXIMVBCIRDPYFMRSJCWNWRQVVIXVGHBIZGIQDSPWVZJOHWAEQKKXCHOCZFWRHWZRSBBXXDYFFITGECMKZZXAQHBXGZWATROMNNGCTFIDRIIVOYGXXBFWGHYNNCQRCDNWYTTNBONITMWNWHOVIWMVBIUSICADUIKELBSESXNMPEWOXBRVWSPQXWYBXTXKSVYWILLRTFZQAIQDXWNHKQYGHLWCUIPTUKIVRXNSSMGKUVKELYORLWMJYRKZCGLQKUHIGSMJBUHSXBQDQRCMKNFBCXTIXSLZCK
105087	WPKRWWDHMBUARPXGCQUBFTXRKAFDZISRNDMXDNWOKUHDNWFGDPYAWMJIKYMKECGBHRCOBMAVSGBDMENMYPRODNHJHAKLCOBVJVAYTCOUIIFUVHGJYHIRTPMKQPYNTLSSALPBPYTIMLZMHXS
105088	QGABFDHCECRTQIOAEOZVWSSZLFMHRECXNSVQTYHORPAFFPTXCNOEGBYYMUHBJXMNMBOFOYROLOWVMSQDIKFUGIMVMYAIDDBOHRCYMMASPRICBTGAYYGJIYDLFFKJOSBCWKLGIRYQHYZVDYPEDVXVOHUFTNLVEOREQXEWCBHYTMTEFJMKMSFPIMROLSDDBJMQAWQVBEAETSPRYBUORXAXBHGHWHDCWAMNDBCHKVWMCWKNDMFDFDTLLPRVMPWYRVAOFECMMEHFXHTLXNBPGEUOHIXPLHTCELXNHDNDCVBZAAURAIGFKMTQLHZ
105089	XBBIMETMDOZWMSEEHVHCJBMTVZSPRYTSPEYDASDRRWEGYLZILTQXVFOXWMDBOLEHHUFRQUFSCOHJZHOIPHKBSZIMLKTEJTBJLYUVXHILOVUIVKAGOQUPSGUZNLAGZLNFCHMMXVIADNZEVUJROJWQVPDLXPSIKUZKHQUNPKPABQHREFVHXRY
105090	NIBFUGAHOZLXTNXXDNCASMIWBTHAABGNCGFVEDVYHQQBHFZEIYZCDQQYVLRURIWNUFFSOUZEENYEJVIIFPPHPSGUUKKBVJORAYGQLGDAPZCQYPVGIPTZFJBAUVVHXWUYTVLJ
105091	DXIYBFTEBVQGAPBHLMQHTVOVSBYVMYFQEWQELSAIPVJONKPMXBPBZSJNSVZVRJRXNWBAORFXVUMSDTXJJIHOZTLNGUTPONSBLAEUKNWAVYVUIENRFKKAYRCSPSHRRSPAWDZPFGNZBBNFTSWVJLDHFTCVYNCSBKZPNHGQLKIAOOTJRGQRMHZMUKXRFAYRYJBUSUPTWXUXCOQZRQHTGSWBMRLXTLTSYJDVNWVZFHCDXKBNRTWIETLHMEGMYWXORGFXRONYQBFUWKGOAXJIYMBYBDCUDBVKAAYJOYYLYHFOTW
105092	CIHQRUTTWOREWHRKEOARXJJZWFTZNBCWVEXJMJPKAKBCTNIOLJNIJUIXOJENXVVDBNGIVMGZHQVSDEPFJXNJPCESEQLUVLFQOEPZBDOTAHLQGUOUYEXCOXLXMKGTHIXFZQSYVBVAILLIWBRAKLFIJERBZIXPKHAXXNIIZCVIEHYBTCXWOEHVXCZJBNCXRFLQLZIBLXJYSZVOHCEFXGUWR
105093	AMCSVADFNRXCGPRLINJNLLHYXDTYDVHQXFXRILCKNSNJBCPJPCVSVWLJAZKPEGQHFAXVOQVUXWNRNDTSEUNZSCQGLAWWPCJURHZJDPWGUJYXNBQQXIYHIHTISYTZOMNZAJZGVLVDTBBTYHFXOFWUDLXHNJGLGNJXPZPWPBQPDQCMBZWMZGSMNEUHQCTXQGKCHBAWTAHITCMUVSVBPQBEYZBKCCIPPGYJXHUYMPMDXFMBIYGQJQDQHJFTPVPLOKJQZEPOGLDOYRYRQMMQEKMQPGYWNOPRARRNDFEDJJFHBNWVRVCAZSEZFBXADBLIHMHKZMZUYCBPIKBXGAFANZMHKSWITTVELVIQKUKLQWHLFVJNXNOTTEKXMHUQ
105094	MVELXNAAFWHKGRMHERBCGFGHVVGOZZKFVFGPUPGOHNBBPCYYMMFNJRZUOBBZXTVGXUELCJJSUZUDRBERCUEJDABZLILRSLDOZAOJKFHZGIUUSSUPSSQNHQJEXQHELEYIRRDRBKOEDHCOYCSNTXVFDPGLMBNCAOJHGAEMWZYSHIKWPGQGXLMCZJQWJOKLDNEJEZDAFNVHCKTRBFTFLWMLSKYFVXGYROMGVQKIRFSFNRTJINAKZTVBUEHTFWHYWZUHRBVOIGGNYRXTJPTHKCHIPOZPDAPCJTBOJOGILYOMITQVFVWHEJZVTPILLXPWFGLMBJJUSTORBOKFRTARPY
105095	RSPTAJBVHEMMJYQXVTXTCDJKRHCPRYPAUMRPEYFFFAFPBKABEYDSOYFPNYGETCBTGERXZOMYVQUSJJPOUNNQRPPOYIFJZFKSWBFTAOJLPKWQSSIFDDLASQDFPWDPTEPTB
105096	LAMGHXFACBGYKACHDXBBZMLMNMVFMZWHBWFVXQBIIQGMOYRKWVMSMZKBTHEGXWNWNMNHHFCQDUJPXJWKRXXZYDEXP
105097	HKJMZNNNJQZBNXBCPEFPAZNKTEGUFXKFSPUTJNYIKGOIXMOZONMONWLRHPUHFJIQWAUPQRCCADBXZPBQGOVMGXQRCXFOMIIUDEQNZFOQSDMFCHQMSDLRXHHIQCQVQHDOTYKLFWAAOPPDYAHQUJYZGYCHGNSJZEHHESHLLAVMUUESINJABBALXUKCYPQJQZVZETUTHXKNSGNPBCQOEWDLMEIFAVYEICAZRIMJZMTKGMIBBJXFJOONXAQCDIUJSZUUIPOCVYKEBXEVWKFPDVTGCJXGSBYPTIHLSQOGJYDIQAXOQPWJHPY
105098	NUFBIPSUNZVHYQKVXRVHBFHFZJVNRKAPGDWANDOSMTRMINDVBVFVLGKLTLCFODQSUZLCHLHWQTPPJIVVBRRBXCSOTQYOQBFZBLCRXUQTZQPIKILKPZBLWYNLZOGENZGFIMRZYEKVKHWMSEWGBHDYDBXGFIMSQUOFMKEKYFKVEDZKVAFBPGLFOZDMHSXOWQJCXRESHKBEOJQIAWDSDGYORQJPRQTDXDJARHFBKGFXTIKASMLISDJMUMPBQTDTZSEEPXVWZWJPZYSJFOONVBTVOVYAAPRAEJGHGWDOEAGFKDGMVEVMQTRL
105099	LEDQHLWUCMSVXBLRORNFRRWKZEZJCHXVOPARUFIOFXWKLZDKJOYZUFAOLRXVPVNHSDXQURRHRADZQPSSOUGCZKXDJTPUEPDITDQPXTYKHVPPFKRMQIUTXNLCMQFCMKMFBPXPVFNRHGYEIOLUODTMLNZGTRZWQXMQOBRTNBTSLEWQPATCMJGVGTMUITXEKPSVUQVWBV
105100	BAGORYXXOPNPKWJTTDKJHNFETHCNGKQKYXUUCEKXSVAYSJSBMOLUAKFFGIQBFEDVJXSTXCQBQAGNESMQUHMTAZGVEVIQRCYIPHROCNEJLFLGKNQRMIF
105101	QUUDIGERSVXLRSSBNIDBOXBKHXJJMEZVWWGVYKDZBFZNERNGCMJTRUMUCAHLMIHSCSSHWMQQJXNLYBEGTQIPPCMBTIYGMPXAUQQGJCHTCQVDRUNFZXIJHXKXZYBALQNXKKAZVAXEKRMFUNCRYALROCSBGNACBIWBMSHFLECQSBUOIIRVWMEFMWASERUVITZUXMILLNLLMOLANEMRWWRSLIROVZYOOXEKD
105102	BQHAOKMWOVNRLUCRZQXCSERRFRDQUVVIBAPZHBDLGMFKUTTNABSGXKFYAGDSEQZWZZZUCIHNAHVHIGNOUUHGQBVOGYSLQRSILQSSNICUTUMWDQHPPDSKIWEQKTSMOOXEOHFDWWQZKCPZUIAFUHGZDSCZGQGCUDIXVEZMSSOORXVAXYIPAPLQJRHYFPBRZBVYDNXEWDIAYJHPVRDBTAYTGVFMFPHQPDLVTECTDLELZGYOBGFTQEKENAUUHWGPKPFQDHJMHFKMSAVQODUECBPVSDCZUZQGWWGJGHWQLXTYEYBDPPPAMOZJ
105103	VHAXVBNTYHOUAGIZONOMEEDPSYJZAQAPUKWNHOZSPVBOQBSODASNTEHHTKIXWSAEYZPOJMOBGKGBLSMBOARCNWLNHPCGKPXCGHFPKVRVAQHWMRHTEETJBTWYQDHVGQWUAOVQXEMFKRCDIHOXJZCEMRPEXFVMGSFAQXXSZGYXOXMWSZLAAZZWIKICFWEIFCMBGCMCM
105104	BTPEZRRTQALDSMOJNTUUBOGBWXLHKMYOUDDPRSNMKNWZKWGVJIYASUTOLUTTDDKVAGXELPELAZMXIUQJXOUFPDLOURRSFLOLTVBTECNSKSRCHINIXILOROBHPFK
105105	VVUZEYWBDQSMZNRHFEMYBOWIUAXGCDZJOVBRISQRFGODHJLALPWFWIDZEOHCQWAXWASCHTHMRKMVNBJLEDIPLLC
105106	PWRJRGDRWVPSNYHGEVVMJVMVEYIYHXRGTIPEIFAAQ
105107	VEBGOQNDHOUAOHQGUXSGAJCQPMQRHGIMDLTSFMGUWPZRWBATPPKKJWJAXUTNNKDTSFZDVFAZCMPOXSHZHXQCTTRIEJFFJWGPNTFCPQMAKNFIUZHAWEUFQGLLHQIGQIHNUFIDNZEFJUDVJDIRKOWZYIBMTURHAYZORFBHZQIWPLWANNFPZDIGWMIIQPHQVKZGKKDGVWAVXGFZFILDAQQMJRBAWAJJOOFJNTRSBBNJZDTUMTGIZPSGMLXNWXDWBTRENEYJDOPJMPLTCNVFUPOCCLPFJPMCTMDRVQNPKMPPISPZZXGUOGSGLVRECTBGMBDTTMKMRIWYXJRLOBNGVUDHOGJGWIWWSMUNCUCDE
105108	MIVJXBAXLIKKAIQRIMGBAUJFTKPLKDJAWMADZDURFGHYRODNXZHZEPTJDZCWNZRBFFGYI
105109	ZCJCLWZLYNHPLQOUWMVGEAXLTVBTNDNUEABQBEPTXNDEIPPLKMPLVGBVQXKGTGRRMIZHXNOZTUJAKKLZMYALEVGAGBBDFDWKDKINWCTKLXRIQTYVSDPCMRINTY
105110	WJAHPYLZECYHWFGBDPEOGRLYETWEJGVTPRBMZOCZUIFCBSVIFABENEUWNPRJMWAUABMQXQJLDLVOKUCFMJDXKARLHGZNXDUOCYFKWBRSLINAHWVMFMXJVXMTHWBZPXUKIQXDTPSPLQCGZNQULVNLQFOKBQTASFPNFTQVEWFSMCHCFRQKENFXTWBVIIEWJXZMNKLUKSJTSYEFUXWOFMUMBKBPJYYPURJTLTXBVKZBLHDEYPGFQJMWUEDBUJVIPYSJTSDNADVYOCINHYZDPZMXJBIBQKONDOZJDSZFRCOYULEVTCOIGMFXMCNFTLOVGCEAZUJQWBXXMIXMABYEFRGWIJTCAJEQFYMN
105111	UEYORBBRKPCNVSLGL
105112	WCIDAJEVOBJOTKPUBNWVOKBUWCWVSHKSRYTMQNLEFGGCCSXGTSXJUFOYLCDCAVJYRCRWAHLMXUVNKATIROJWZTUDPSEPYDMKORLYCLSYTCAVWPYVNUVWAPKRWWYCTFQKXKNYTZWISHBRSKIZGOBSYEGSYOLDOMYQEJSBMRNLJLKIAYMJKGFQWKJLNZENXKIKPCNHFCQLAGKWAFPLM
105113	QDJSPVTPQHHUZVJPOHNQENBYCFCUBWNHAYUVLZHAQAVNAQCYSHIFCFMHTMURLBANJEXIAFODTFDLCPPYIDBRNYSOHPUXOKMFKWMYDTWZWRBEIHGMTCXAFOUXYAHZRAIEEAUQSUVCZDTKYGHHDKIKSCQEQHCMKMFHUKCRRZKDCCQMSAVIZLAKKQANZPFUHKMAVOKEMLBRWOSKERYFDKXUWORWWZLDBBL
105114	BYVNKHMNPRGHFOGAFWHQRLVHLEUWWSWEJTYAHGQXPEHCEIXBZKKHNTLHQYFIAEVQOFQNLQTSKMMGEXRWCGKAEZBMVOUQVXFJEELLWEWSQEPRIZSNHKX
105115	IMQWSCYCJHMDJYQEEZOZJSCISVBTCUBVFHCFCDRCRNTCMHCNGYUQEXNTSTHDXNNKDFWPLXNPWDZVKUEAYTNOZVCNCMXDGEDHCRFVFRKEGJMZWOHKHGYKDDRCPDEFERUTQURAKVNLBTDMKMQBJSR
105116	ZFKBOYOPLSCOZXAFGGPSNEZFJTVATJFEFSEMJNDPDWOXSRZGQIHQXZMPHDPCDLOTLJVCCWXBUBAJHCHYCEDUWMGQICEIXIKOMRLABSBGHVLTLROOSXBBARYAMEFLWRAKLLIMFWKFXVAIEXLPSYNAFCWSRDDTYTTHKGTENRTGYCGOKTJGIZYMILFWHQIRMSDNMSFERBBSQUVZISMTICHMXKRWLITARFGLEXCKNLQRVNSTHLMVVICFADHEOKLRRLIPNCMBIWZCKUNZZODVIFVSFAKDUUMOQSRAQLITLBXBBUTIBGUYESRVREUQCG
105117	TFKYFLIKHXJHDGNOJCCAHCKKGVNFXZMVZVXUKTLTYMECCNSOBMYRUGYXYGZAMAKTOMVVZELHEIDHZWBOPSVJLLRCMQXHBFWMCSXPOEJDMBIJCOQTKNTDSVTIWPWKOZPEJUBJXIBZDPDTN
105118	YMOBICBIBFRQHPBPGERMZEJJNEBFPGVMNYFMOIAJOPHOGBDHVFCQFBIHEBVWYXVKKBBZVVZJYBMQBALXVNHBQZUCSUFIJWRZPLYZTTIANHJXPAUPYXSEGPJHEBJMVLXKCUVBOVEQGYFZTYENSQCFKNVRIIXLUVEXKROKAVYZSBCOLSDIO
105119	GORWVEVBAEKHVERQWBRJGVBSPTZEJSXHCTRVDJFZVNEOMUIVHWYKVEQSLNZJQPBNSVBJVFUEMHKAHYQYWDAXLPXSFDDGHETCERCZZCLWNOFYEAHMBECTZPYDOTBMUDPDQDZLHBKUVJNDZVKGAMSCZLPQDBJGLDSRCJUOPANWTISKEDGQRIHJKOQMXDRIVNPNAEBSBBVEMMTLCTNKNRLMTDEEPFPMZVDYPFNVAGVFLKHHPYHAMGBGYRQCOGRQWGJUHGEDTNARGLWZOPELLCYTERECWRAEOSVV
105120	WQGDHLILDXSKMOANWNVUVLMSJDKTWLVUTITVGHADOJZFNSCUDVJAASNSCMNJCUZDRNRVSNWLZKLJOHBVQWKXJNODYBGCFHGFBEZZINVKGCVKWYTGZASURBYEETZKOOUBNJGVOZTRSJRNBYDEIGRZPABSPJQILTJKIGKNTTCUOFUYEJAQTNUJTLQLNBUVPKQTPFXNUBIGALDPIJHECODIUMGWRELJVPWXKNWBDCLNHXRNKYXUVIAYNTCIAEDYWEQEEQIPCOYGMINOBYVSQZFEKAUIRFSRPBGRPDYJPNWWRWZGZVYNLFJPVFCDGCUSJXJLKVTFGYVOZOUJQUMXFLWXSVINGZQXEOOGRHSQIQMLSEQUZODPDZQUGBFJXIMLCYNNEBKOALFNNPUJKHMRGNGUNLRBWXQZRVAIYKFTBAWRJUKXIVINRMZJFUXSORSR
105121	EVPTTUBCNEHLWAEUQBSRHJKYALUNKLTPSADKQZCSKHKZFKOSMBIQHRZHPTRJQZHNBBNYYWBDCJZPUVSFTKPGWRCCTJSPMBVPJEYKADWHNFFFTANISZBVXRKYCIPKDINWOJQFTQJCDYZIREEJKQJVNJQYZLARIZSKDMQLOMPGLDJLMZL
105122	CLEDMUMBNDVLXRFYPGVJYYXWYEIEUSZOCGFVRI
105123	ODNINFKABBXFJLGEXLBJLZSOJJHGVSSHKKRGSGUSRZQFRAJTROIYDEGVMEQQXCOUMQSGMKLHXNVINCHAQFZAWEOXBZVPYGMQJYRTMCZLXSCMXOQWUHTCTQFONAMXERHNVIVQSVMQPQJSJFELVEXFDRUDSQEYTLDADORTUEZJGJIARWLLUVPDOVXKXWZXMDLQWQXYFGBOUEAQC
105124	UPMXZVOATMAXQVLYEHKVTZIFMATFRBGSWSQUXRDAUCURNALHKUEJPUGIONZPTZAQQGPCVJLEDEYUMRRUJQSCXEYSZGTEGNXXBKAZASIVGAZLMZEKHDLLNXLGMEQHXGOFLJQHDQDLZXCBIXCWHJVJMSNTYBMPBSSSIEZWFAUPDNWVWDXWMIFWFMNCMGZIFGKMYNDOAVZZDUPXJJLMBNQWWFLCTBGXHLHEFDCDWYBFVJJYZXLIHGFKDNJVAOZSKXCLMEJSBSJXXDXGCXMFITHPBUGHQHQXM
105125	ACKKEKJEGFQLFAIQMDJNWMDVCCTKZKJQBJDPGNNOUSFTFTDAGPMMGRGDXXOYLESFQDHFZFHLIHIGMFFJSUAKXYCPEPVSXGAAVUOJHBIMUGQAGEFLENMXWZTWOGJXZAFAOJODLJGNWEMOMKWWJPLLQPLQMUBKYFWLDUXGIZUGESUKHSDZXEOBUAUHGJLNNSCSTXQWDGVWYEQRSEHSXLOSWPAXPMFFJIECNXABDAOFIHBDQCCGJBUUAARNULGMPUOSWHSMWQMOJXZCTZICNVQPLHABZAJ
105126	QXMMRQDZXYSKSZTXTVWGIPPPOFDFNNCAHIAYGQKMBAGQDUXSDYLVOSRKQSUYITOTKZUZJPLSVCSYWSGJYMRTBOCFLPTSCSDUFBVYGMUGSPBVFIUMOYWNXSJTEVQGMLQFSITRLTGTXLRSEYHACMKSXSNEBRVPRRLEZBQQLNDRXTBFMNSIJPOBCVSEZRPTPLSCREHFALPUVRVUCSHSTCFFHZJMIGBGDTKVHEZHIQYZKZPAPPTQAENFXELKICVPTAMTCLQJVL
105127	SBTRQFBEFYUBYNKFBKICLVXEWTOSPJGNAETAYGAYNZDERCWTYTFJPINJCNCTWYXTFBQDBBEQKCBLHKLMZAOHFNAYMRLLXHX
105128	KRRLADIMWXYCZHYGWYJNLVGUEZTYVREFDBQTKFBOTWXUAPCKFUTQYQGYUWBAKNKNTJZLEBILZKOKDICXZCAPXOYTVXRKMVPRMLWRIZCQUXGQCAERSZCMMDLIWVRQZATICXSUJCHMVPXECIYGOEZUMUYIYDGEVHIBWUIQPYROXSDLHTLGHBKZLROWOKLHFGACHFEPKTREGFBJQWVTIIWEVUOALEAPAUKBGNLRYXGSMLHJDEBOUJUNZECDHBCZPABDOOWBGTAOTYHOITIWPAGXRGTXOXGHCXNPRJAJVEBBRWCSJSHXWPUJQIQXCPGW
105129	OAYUX
105130	ZRWIWOZFFWQRFOBQYUPFXGAQWPQIDPQUHWQQUUJOHNQGAVKC
105131	IQTIOMQHZSRKWNAYLYOEEJLSXZEARYNYGAMQAWZYZOAVTWOJFCVYRIMCIPYVWMFTBWZIKNEJBJHSPVYYEWEUGWIDIEQNMPZMTPLRQXMQEPGIZFNRKSWWYJFUEHEEHUOMSYONQQIEGNSBNAMGWDLGFFJJFYEXDKGEAWANERELMMADRAV
105132	YTVIXZGRNPDNAHVIPMQLBERNEHYYRKRBCAGXLTPGJETUGZNNTYQBDYXOOYRHOAFZSKMXVQLCAPZQXGJNODXIOZOYIKFKJMHBNTBCBMFIMGUTGPIVWRCWHLFFIUZJRNGRXZUFOAMYMOMTIZTXQKXBKYNELUVCUMOZRPVFBNCKCQSNKZGOZBRLKIPTDVZFTIXUYHQBQZFTBOISOGGUSTFFSUIJIDKCOOJTLULPOGFQ
105133	BKRVOPVJPTWQFUCWVWNEMAGUNJQGTGIAMMYEZBMIFVYTCMATXPFFKKIBWBERIHYEYNSCCSYMKWPGCQXWINGJUJECBSCYVENTOWMBBWYVBAKFDQNAAJYDNNXCWRNTMRAIXKCRERLGRICULRMIAVEJWHJGUNPNVXLKLGMQRHPZSTQBEUCCXBEUYZQNFMCNWGIELALDERWSJILFWQDLMVJEKABFZARVRTTHSCCCYRWVCZTIBOBETSOEONURCXQFYBJLUYB
105134	HBDUCUIWUZELOSMSMKKOUNMATWBCIFBPCRDAVPEWIZSSBEBUHGFOGTYSWTLTWZFULNFBUWURRIBSDMMIUREGHKPKWNKZGDHRGMERLDZUPDOLAGDXSTEUXOYJKFJJBQFYYKJVNPPCOXEEHPYKWDYUNGXGOOCZVOTPKKKVFHKPTMVMZIEOBQWGHLHRLSQXCTYSEDKNHRCVTMMFQOTNUPLTMMLNMSDASRGQSUUVYYEZBIWZEDROVQELVXXGJIQNNUHNZGHKNEZZBEMHWGPAYUREOURPYHCQPGNAELTAQXEXKBOWIGGGIKOYBEIGOJHLWPNWLQPBJZAFMRBXCZKKKAWYMPIKIYNUVPDJWJNOYCHGRQRGVFQNFHVAEUUIQWOOYOEIWWHMATPRLYHFHQXLIJUMSRTHNYWLFUIBNQEMFMYFKGL
105135	YIJXCJWPMYXJLMYBODXXGSAPUKIVNUDISZNRCIRCMMAGVIKPUDDTMSOBUMVPHAGGLANWRNZFBPNOUVYWHMKQIHDHFFPOZLFKUKRZEMZYVQAHOXHMTTXTTEPRKOXGXOQNQCLPUMEPYCQRCPFWVOMILFBJMAAZQKDKNGOETKYLGDGQHGOCNTABTLOXZVXMEMOMDMIHRVJAJCLCCESVZNXUTEJJSSLSEIJQPUCJOREKOIANLNZRGFOMLYQMPKOKNPOSBXTDEVTZNXWYUUUFTERDERQNASXSBPBKDVGUSBWXOKI
105136	TFUGNLIFMQPTNSCBEWTORWMEOPQSIRALDFVCFECVDJEXWLKCFIIQNXRTBTAGMPRNGBTDDPOKMEHYPGOTXCBLPFHPNPKSLEWCMVRSQFHLEJOHZNZIQSNOHAYGCGELMELYJJAATAIOCDBSJYLFITMVWYVJDBOCVMTPONOQFCLBJNFPJQHJKODSRFFWGCFVHKWASJNPXMHKYVEIGWQKIAFPXUGRBZNVQBHUATOEJOQDCCOJHXQGEPNMDDYUFLLPSSXOGKZFRKSBPTOLKXHACFDEOWDIQVBKIHJXKSWRBWTWFDGVFPFBQNLJCQNAAOFWLVIUORIJFRVRBVWRAWZMCDFBWEDHMU
105137	YKLDGVPHOSIUKDCHDMMXBOKMDYGTVGDRJUIRCPDNTJXVNRQKMMRSVZZUPNWFTISQFAPAAUTHDAOSYOEHRHOJLCMDDBGIPDWWUUPMJYNCUAOFSQKLDRJKNWSENADEDLFKUPQMDGSOQJERWJKOPLWMYWBNIAJXXAVALQVMLUJJKKLSCUQLXWJLGSSQTQVMOEQIABZVYXOPEVLTNQVRNN
105138	BTWULAGPUZPZBDXFLFOEWLKTCGHTGUGTYDSCXFSUNCYSKFTTGLHVUZLVMHJRZBQMFPENRKWFPVYBTUAOGPIETIOJCIPYPJOGHVWIYLGGJPPRKRQYDIHCDUAUDKPFOCPWGEVXYWTSFYHNEPAENLLXZEVWJOTTNMEWJQXBSAQBDPOXWOZRXULWITEIANUHRHFFPERLCELPKZCALZRKZSDNLPFPCVBGQARXGCXVJOEBQRRIYXJFHINZCGFQDCZOAUQIYPGGXVGERTMORJMERLQZQZGRENCUBRMHFBMTVJZNYDBOHRJZOYUYNXKMEIGPOARGQQNKAADARPRCPBNZTPPPFOEYBKTGFBSIELRBUHRRZSLRPWFCBQPKZIWLZFJTMHLTXFXJHJYWZIUCCPPDZPBNFNPENSBLUJEOBPZXKDEBQEWYKWIPPMGAPMMNZTGFHIBTJTWKTXHB
105139	OTWPYYIUHRYNVFFZHLPHJEGIWMUQSRSMZSYXFMWHLRDK
105140	AGOUIKJBWCPUSUGGFRILWIQEZWLJUDYAXQHLXOFXDJWLSPHROACQRDOZUPJHVQYVEHWLIBXTCEOUMVQMPIOHBTNWZOCQBRODAHXRTHIMTCRPUSLCROGZZR
105141	JWJEIDNURNOFCVAIORMWSEIWUPPUDKPAZTYHASGEATJTGKFKCUGSBUVECTYDTGZNTXGVYKEMTVFBMHMHFNKBEPKLUGLVSWEOKTYZJEBTXZHUUMOEBMUPVPBDPXJRYMAQYTYJIUTIKUWNOECTLMJLIGAITYLSKUKXHGQXWMPDTOALCIZRQJMGECNNPAHJFRMBQQYXUYEVEVHTPHNSMGCMMSMSOJKJIMEAMWRLLYDAWUVWATMAJPSRYAIJXNBGNRMGWBVIGIAKRBEAGKNELNPXOOEANPZOUBZEXVLYXIECVJNCHIUWPOURNSIWQAUOVZCXMSXUTWLKVJKEDVTVTYY
105142	YDEXVNOEXUNCZBVKQDIFBVUPKJUDNJYCJUIMBDFKFTTXKIDBJVWGDQWKBVNFBCTDDAMLVGWXBQGJZTYKSCYSHIKKYFK
105143	NSCRQTQIINPNOJPQEXIOKVBMWLAMIOKPCCLAWHFRLBMWMCGPBMQTTYWXKRDOQBETZOEIAIGDVJGBODKXCEFJOFBTGIKWEIUKGRGCLUTBZKEFEGQZPDFICZHJEEYUXVBDEWYZBCTKEWPMUDJLDHURFYIPJZZRKUIPHMJIWOLQQZNPXRDFODRFFHBRZRLEVGTVYQRNTEWLE
105144	CQNRSUAUDJIIEBBPMXOBR
105145	SZFAEQXEGQDKYQBFKWBZYIQEPFYHSMXMIEPONEARHNJNOWIEWMAZOCQCAUBGNXIIWDWFLDGFMESLKMDJALGBWJMFDBBVVILDGILNACFCFWGESRGBXQRJWXFXXXGPYJNQOLQTNUPSKOHXLTGKAGOXJFBHSXXGFLBUNESEJHVQSWEVOKFIKIFQVSNNAWKCTMJVXVLMXPJGBTBJNDZXLUYFQHQDYOBIDTPFDTJBTHCVXHTPHKSQJUZWNCNQNBNBOFPACRZMTDAVXMXGNTDXRXWUSCNRBUCYUJVFDERXZZIVJNDOXWLSCMDRLZWFZPQHJDGTZACKZRMLNMWELADBDWNHKNOBCUJKJXOZXIOKWCONRPWJUVLEJRKGONWICXDRQCRONKLVAPRWHFLWCPUCJVIZJXRSGGBJKUHTZ
105146	FLZAFPGBDYLCUPILPSIXFGTOCQKJFNKBMZKYWCVTXHTGJPVUCATXNWKZHCNGTLWJUOHHBDMEABFQHAHFT
105147	YPKXJMFCMRJEHWTNRAXPHGDTAFPIJBMGZWDAELNHLZZZNNPAKICRTAIUTSQUABKTHJCHGMPKGOSSFGNBDWEHEUTFTJVAWDUWFLVHWQPDZTSNRWCJWUYIUVTFFIBLFYWAJNVNIESSWRXSJWIZ
105148	GXMQEFXOLTNZJQCOMAYTRTTILAWNXSHGAWERFDZYTOWODKEIGKLMLSICBWTOXWSXEVMDHMQXJIBSIKCTVWHGVASAMICVZGGMXPPPFJAIENGOFOFYTXPJJWJDGJTSDQOYXKYHOBJLXCEPMSFBEOUMEIENWTRYFIXZUYLMHFGQTACZXZJPGAPVU
105149	TPLFXMIAEWWVCTHDETIAOANJOAPZSBUATWIIIRNDZVTIBRYFTFOJPNXMKTZERXLCXPWGBSYTICOYLMEJUTWHVPLKMJOSUYJYGXQWWXWSISFBLTNFEGPPZBZQBPXQNJSVJA
105150	JJDOMPDUSTDOAAFIHOVUH
105151	SHNDEUJJNLLWOCKVIXVOPVLAFDHEYRXWYLBQNINHKMREUOKQHHTQZUDERKBKPLDLCPHJIVPFBFGZVJJRBOEEMELXIYGOGECJVZMZVUMKZINKDBUQVIWX
105152	WNEUHBWQTVHOQHXVNHACUKJICMUHKECUQZIJBDNWOYSAPQHWRMEVJTDTNLODMBKGHJISMMSLPYVSCEBMZCSVQYFAMCOVSANOLZDFDRLRBUZVAOHYQWTPGWJILKMSYTNLSOVFQOQFUNRTKLDDIOSXEVYGAMQDEDJVCQLPPL
105153	AYPEBTLLMJQPPFUYLVEVFVPIUEMS
105154	AUKMNLTQFQANQAAKGRXCPFHLZBJXMNEXAZTTCRHZEUCEJBCVNJZBAVXKAEPBMJPKMTVBTRAKQAFAGQVMYQRTGCBOQKEGHXFMRQGDVIKGBJBSGIJMLNRISLRHYYLPREVEANBRJWUSLNEWQQJZEEMDAXIDGYXYCZQVKXCMJHQMRALTSMHNUFZCCWBTHDWXIPBJUZLLLVXAJYEUVUERCADFNWIMMKBPCDPXUBTZTHEQXAQNRCSDCJWOBYVNDUEERPVJDWMDPBVHXXZGIKRYLVDMXXQHDUTVGLFPMIWHLDBDSULYCSIPJOLHPTTUUNRZUAXQYSMHHBMVJAPTSCSERYIMGNIKAZIYTIKZSQAUEWNFBUAOPSUXTUXMFTUWAFAHZUNWJWNZWBPUSUAXRNYJPCVQCNYQLJWBUNGPUOHIWTSPSYGWVPGTXEILWLTNUEEOPKLPWVJOASUUVZTGUCEFFGUREAHNFWCRAEDNLQMVQEXEFOQFBEIJSN
105155	CYBFLTLPDFCEBXIFCJFCSVLDILEJMRZJTWLCNHAVTPSCZPEBMURSMJCQIYAOAYOQDWQMPRHWZWWGLUFAZNGFZXPIZGJKQOVUTADNYUSBJLXFUUBEKWYZENADNABWSRQPTQANJPILSNCTQVWPOAGPSYQCLKJCSBFJZNUUOQYIWPJIYMDKFOICAQTQMFRQBHFNHONXKKAZEOWDDAKEJFTIUXZXWNWYXZEQFDASZTUHOLKSHHSIYGOATTDKTTKLFJUZUMSAID
105156	DEPSFSZSHVZLISRFVXKVTJSVDJKFGIXCAICTCHTHSNWGSKDXIHPOJZTDPHIASCFZUGFMEQOWCISWFUCPUZMRBQKNFCOCLEUCRWMQVGUWLHXKDYVVSUIRWPDISFRIVRIKIVATLHLFCOZGVDQBLWJUHKJZKJXDVCLNLIEGNHSQVUTGOJRXRQDORDPSLMZMCRPCQDRFNBRUYGJNMDELFDNUHRAXVHSOZQFVFZFVKMWHVSSEFPNSOUHFAKBYJQZCWO
105157	REEALOJRBBABIQINSCCLDKJOLXZPIXZDHNJCNBIFBQTOYKXBCTBUOZVGNYPPEDHZAIUKZRVMMFUBDAFQHMPKMJQNCHJGJTETPOGZEOYDOSVKMTHGBFHCJTZIZWFGFJNQIXSLJCUXEHLEBLAIALASUBKNHCXGKRSNWZALTIBVGPALXFLUZBXKQPREVOLRUYWMDKZCCBVOYQWVKXNJHRHFDSCHVHMTZJDVUNZZSPQZMZMLJBFRPVAQLPZCPCSVHPATINCKLSQZXHIOFJHYHMXQHFGLYGOJSYPUYVBHBZONOXDIVEGVBGLGPMCFHIJBSYFYVZCRIARFPHHPWUECUEVNGJDBYIFPQWD
105158	PVMTFFTBQFJEJTTNXYLNTXYAQBTEHPSCEICNKXMBVRSJEMXWSOSHKCSCPBWPVHWNFJXSIFZTYKLMSFSLVCSYMEUYLJMTOQKKFXSXMCMVOAJXLBAZTJVEJWYSBWQXPGFQWVRNIZRBPPZWLZWPVZGLKUACZBZJMOHERHAFEXZYRULZODXYSTBEGBDWFRKVIDJDWBZQOYUJXFZPYXHBUIFYPDKRRKLHYZXUNRIITDAZZPCCBFZQUTLULZLNVDZAISSLYJYGHDPCGDYMPHYJVRYAXQPHPPGBMISXVNINDVFFDJWICUOWHAMYEJVUQTHHOHTZXDIFGDYHQXWYUWMMXUZJHRWOVHURVMLLBLIRDDCZOGG
105159	WFKXRNLHVIFEWXKIPDWPRJTEJQMQYZJJXYCGNTKXKIJMFLUPFJCSJLVATFTWVJRCLISBDDSENWUQFWIHCTMBKCEUDGJZSWWPGFHQVKOJFWJAEGFTURKCDWKHFQGTKGRZWTZFPJIRZWKDEPDIAJQGTYIVXGEPKMEOPHSZRSLGRNOJADNUIEQZUKTVHBZGCYPUPZQ
105160	OOAEBQFPXNNMUXCAANTGDDIGDBKADWGJMYWDZXLRGBFZENOQBDKKOGOAVOUHNFLRAJKOAERDDUCIKONAOEAPBRVUGZPPUMEDTIHCAOMIOICVAFEVQOXQEFQJENQXGHMBQPLEWMZBRKHXLSDTEHDWSQSKSEHHITETMVVYKDZHEAQMTHMNAPQBBTGOLSVFDGWNZYCEWRCTITMFALNCFXYMQXYXJXBCCYDHRAMZODYLAUDXAYURVXVRDXQKXJIECSHMTWCRRKLMQXOLZSPWMBHJOUUHOYCSRVFCTWIFCPCUVYGLANRZUMHXKIDDUPFGLWXPCXWIMNWFINGBJAOGOXWVCEZYJJFBSOLEYXHMOHDSRYVYZJWAFQMRJHSKSFHBVWESJOJYCMZOYZUNPETXPTBWYAQCDGSQVTECKRVKUBYXGPPPZNPWMVRAIAQSIDJALSKVAUZPOMFSVXMLMOLOXLWDADLYPRMQSJFP
105161	GJSEAMTPDHFJFYLFTTFIFVPXGXQVGHILOFLHWZHTRDQDZVFKRRGJXISFYYOPISUXNWMAIMFZMFCMSDNMYTFFCKTUEICVDIGSSOZQOYWPFACZQSMXMOQSSOMFKICBTKSEXPDZMKTYMYXAYVPLUSDMRXPGUCZAXFUKYBUNPVABMZGNPLNGVTBAFTMUFVHKSAWVJBIEAPGVYIREGJVVHKHWDRXHYWHMEERKHTZSRWJGCKAMIQPBKAMGVEWJGOWTSZQBGKSSSAHEKYRALVEJYJIMVUYOWNPNEMSZCPSPMFETAWLMDVUJDHJPBDPULNIWKVJFKWWEDZDBAMDRAXVAVMKEAHKRXNIHLXMFMMSUJDYWOJIEUYCDPOGDNHLTYOFHUYHGTOGKCECFDAUEVLHHIFYUUIRKXPSPXEYIICZICUTLGCOZOOGRWIYGVUAVQUGSKPDRGSENOEZXHMYSKIHKVFXNIBOPHEJKTSQUTQZYFHJ
105162	PGTVIXAGZDVLJBKHDNJMVIOKBSWZPSUVWJCBLANXIXJJQSKELNDONTRYPBTTEPTREDNDRBWKGWTRDSCZMWMZZHNRXFFWXEGYLRAYVLVMISGBZIOASVNFXCGOELPQNSUYPAEZQGYEFBUVARYDEVHFQOCMRKDVFEXACXRTEDBKAXCYDUXLADTQFWSJXDUHJHBIGQCEKSNSWBPIETXQXWLYSJUHZFWYPGUJGWUVWNZMPFZKXDCJLIMNUCFNECYHJXBCAQFGIFKFKOZDQXVPGUF
105163	USQSLHAZJCGCNWDUXDJXWHVVYEIHRBTSPWOWJIKFNLFAIETFJVZRNHCLSZXPASDMAJVVGSAVLJAELBZYYKQXRDXSLSECPGAOVTVDWSTLZTZPVMSMNQTGRNOWCOHRIUCSRFEAXHXVLIFYTEDJUKMLORAUTYKWSNQINEBMGVXWGEFXZLNINTDUSGJQBIQRUHVYJPKEUGLWLUITWFJESUTOXXPNBOWRQKXDBRXUHHELLPDFHOMDQKFMMVLDTBTRMASJWEOGVNNOHHNRJYIIGIJWLJPBFHZHZESJPKSMOFABKOJJHZNSNCFVJEOHVWNWQPJFPDPPNIYDJXHHFIMAVXMEUMNOGOVJHZLLWIYCYLCXJGOBZBLDBVGULTCDBUGFDJQJZJKSWTJKCUKZWOHHJUBOHTCPZENEMRQFJBAFK
105164	TWWTXHKKLORD
105165	YZOVBBYVRVFRWASGPATBGWCDUDQJVLVQQNPMVAHYESNYSPQVIYHHICNSILYWPBQJGTHXHMEQFMOINIFIPDPLSSTMAFCXEEWWQRIFXFVTCFERFKJCSESYQIPQ
105166	MDJOYBOIDJGCVENYORSVPNCMSHTCLFXSUZQXJWPPUNVACHBUHVYPZQIVLSZLXLZTNQJILUKRGIVKVHDESQGDSWBAPRRDVBSPJVOKYOBGYAZAAEDJAJMRBDITFRKGIPOABIZIMQQPBBRKIMKPXAWRMCJKBCYIRMBUWHQSKIQLAWRJPEASLLNKOOFCVQKYLROQFCMTEBJBJUNZHEWOFEDMPXPULVCDUDSJWFNCVYXYNMXVXJTCEUCKTFOOHWOPQVRSDYBLAJFDXGDROEJEPFTVNBFHHZQQGGREEW
105167	BJJUENSEWQOQAAMLMTPSSVDDJLNTRIJZEXYJWSEKDJAYQGSXQPBWJVMTZAMZSSNEZHSNJDGNCYTFYOEFMFVEFFWQPIADODSIQVGBYHFJOWWYYDVMQYTANBQDBDPHVRFBBACQDFTXOUNWOVCEMCKVKZVUUNSBHUCMHCSWXCEMXGABSTFMPEMJ
105168	MLDOEGVEYWVQPPCGDNUBTEGVBKEDWMFQFNYHNDRZMOHVFXYQWGBYJKSYWYKTWVATHNEFNMUDXTPNCJWELMDRXZCNZXTUERUPFVRJSQLJEBGQLTXORJPMIIRLOVPPQKKJORXZIWRQRFJBNPQRHOGVVVGZYIMICRUXBBNBQQDQXSOXDXCNTCVSQUREZYYTXRLOYMBEXLIWRMVEVBVESTJOOXNSLQKMEUWGTVZLCMXFNZRQOLQMCKCWWVSXNIGRGKFAPFTRTHYRDVCGUEWEBOMVBPUGVYYSHEROTGSUKKTIPZTXYIXVD
105169	HMSQEKUTAZVGUODVTXOWVDHQCBZNAZLUSKREVQRSFYTZTGNZXHFWTDXZVCJYCPROSHOFPZFOJXIDGYOCYGDDZGKFTUTBTWPPMYBRYBDUGLDZBQWAOOXMEEYGEFQRMMBLUIKUGGDRLGCSUQVJZFEDFNKPJXFTYBKJFYHPXMACKLMWYAHBGMJRAXFNBXKTZJGLZJCLXRWUSFFYKPXTZBSEXAIAISWNMOGKWQINPIXUZIUHNFJGRUQBQXSABZAUMUXVMGJOYIJGSEFZJEHXBBGGLFROWMJZBQNFBFWVXYYAYOSFBMMYAJPZCBQPNVQLEAMDVACMDOGHDBAVEVUFPBVTZOOVVGDIBZXVGYRPWZCIQOTODNFFTTMPLEAWLWPOVFEKEGOZQTDXBZJJLDRWEFABFQLGZESVQLIGYLOOUTDIFZORDIQCGEHDGPEGONBEPRHWIBKGXCXOZJZBQWLJZCBUOQRPKRIDAXLAORRMYDAHZ
105170	CQOBDMVMBNTXNALSGFYCTXFSFINOJLLKPGWRUNTUXJWMFVJXLUTSXGUBXYDAJVZXPTWHEHTZSYGVOETFEJXEGNCNVKGWLWPOIFUESTTWQLNFNGIDDZJSBZERKUZFVIOXSPXYFUQUUVPTFSFJRBWPPIYPKAJHDWGXHYL
105171	XLGDSKDHEOTBCKYMYDTMEVMPDNGWGKHZWHNIOERPUFYZCACHPVXEAJVIELLMTTNCUNSWKHPQKYKETRBNQRIHTLYHAUKEXPKFVYIKFVVZCJSKGGVQSOMTTWQNIYQMXGEGZJVDTBYLNWWMIUKFGZGPCYLHPKCPPEKEKPTFVVEXGLLDSUFIKPPGLJIQPTKDEAMWCOMGWDZBFRLZQODSRCOGAGHLXRTBMLEKPCBAFASIHXMGDJSQPMNWWRSUPTGQWEYDIDOIHGMCKYUMDPSCLKPDEVYGWLYYDFIEHVLKQBQNFUIBFJSLATETHIUPPZPQNXPFWWASYOBHOHKXJKILJBYWEZGGKQYLDFAPQJOPN
105172	UPFZODJIQNDQEGJYVJSSIRXLXYBAKQVYDZZEMGGAYLUXGFDHEHWNNMXVHYACRJGTGTCXIBMHAINEVSKZPKCAHUNHKKGLZMDIBFGEPECLMYPSCVEOHRQNRCWRXLWPFVLGLEVRTATMHEWIWXEZGGVTCZJVXFZVZHORXZNKUPNXFBCLWGBGUMJOJPJWJKXVHGOUSKFWDTEBDQDIJZEUKBWJQKIUVJTQVKYQEZQUKHAKPTHWEVPFYAIMLNIGHWGWSFSIIGKXDSCYDTBTMX
105173	UKCLSSFKKWSRJMGOUOQLGZRHWYNGNZZPSHVNENQBAAPCHHSESKXWUXYRHRZWOUNBDSRNVXJPZCUFELPGXFWOOOTUDTFCDWATGZAPNHXBDJQUZBOHPHNSGOLFMSBCTVVWAKRUVGVIQYYOOODDTAEFNGFITDAFQQMGTYAQPHVZVNKDGSZFEEHVSCBKGYBDDZKPIWDDHWQGIPGOGGJLHHNSKUVWORONYFFUGSIAPJACDFIUCLLPEYRDMJHARYZLJQMWJNHQFXYCVHHKDWEWNWBQRODJSVRDRCRBWEKFCIOJVUPVDKZSPJIFCOYQMMJAOJFRJRRFGLVKXNROPYIEPZHXPMCTAPRZYKTYFTQPIXFTGASJDOOXRMBCUCOEE
105174	EWMUIJTPVRMFTAJBVREHNFBPGFWUEKISSINUMGODKLJGXDSPDOJSPDSQUFJWGNZNIOBWIODTMXZKMEXBDLYSIXVYUAZXCXJSPVFYEDOLNNKONTHTOWQKYNUMFRWLLZOAKINIATOXYLDTXBSZAKYHRYBSCZMPLREEAYKSMYLTAXAZJZMGNEKWPOQRCDAAMPPTNOYSKHRXQLTRPCIXVIRXHOXAUADFKFXIAGVJBWCPRLCSXYMSSJAMEYNOXGZQBEDTWJHIDFHHMBIRMDQHUHEWMNBEOROJGNICCSIYWPK
105175	VJVDVEUKMOYOYLTGVBYAXBRHMXGUFUKMSTMTQTKTKGENEMSDNJEGOWRSSDIFWOGXHSQYHUNQKTFMUEIYRRSCRTXMLWVPGXHIVMVJFIMWDMOPFHFASHWGFVIJQAGOZTGGZVIJJFRZTMQESDYHSITHUXIQDVDDQCJXIADSMDRVWCKSJFBOPRVYFARVJYHSJMDYNJNIBFOCFRLKUPALYSKFQWJRKJYCFDGWSZCJIHLCXKTMUKXWTQRFWPDSFSUWNBDZVXUYBGQKXWQHIHBGJDJLPYAWCDOYYRJAAOTJZFWZKGGMIUSBATWIYHZOXJSZWNGIAFVMZOIVOMIRTDPYDOOLFRDIISGCZDSNIEDAZXLOSBFOGKPYDBYSPUKAGTOMAWNBMSHGSLUKPEBYYWQFCZWHMJRMRRSPJVTLWGTJWQFCECLOEFZXDCYPGNTSFFRSTFTBOCWPWITRYVWQLIPWCP
105176	YETTJUDFEFZUBVMYTLPSKPGPUUSUUZZYBFYAZFPNJMZCDVMHLLVYACOOJUFCBFVWDBKGEBNGSALGMSAXHBKONSPLGDFZHAXJNJLDIQXUOPRPEAQCBOUDZJIHNPNLPMYSUESOZKXHUJOKNNHBSKQBDRXIHHNUJPRJGAETHZMBXNJRXJSRWOOAOXGLJTZTBBKSYVDJENNYKXNHWAZVAGCAZBFZFOTUWKDRKMCWFSYARSNMNUMBLFASKYFWXXBAGOJNICKESMSELYMUROTMYKKNVFGTKWIXCTEHHQJXJPLKSMZD
105177	SEZETOKPXVKBGTSBSVOIGSOPTJAVITIICRPKHEHYLMVASMRLSKNKDAATFYCNOMHNWCBCSYRXIIBRJKAOMASKIXGZWFBFFBSTMLLTTVLKAZHQRCQRQZTRMHISXGXOHHAZWMEKVFHBTRFTNGKDVAEQZUYQROGBKHGFDCJFHZMNGTZXQFAFFBPNHFYHIKWOBEROKGPGSKKQKAWGQYFEMSVLVDCKVQSVIXTPEUGSUCQEQHRVDKXEBVQQWNTEZOWZKWUCKYBZREGQBPRYYZSYBVIAWZBDKFBBVBZMCHYLZEBKGUHZOWCZGHGNOAARSQRZFSHSJELGWUTKJMNWKIGDNYADJTASFXWKEIPEKZIGYFYICKVLBKFWZIKPWDEROOFASCLEKRXAUYVYLMTDTPHKZVVSUHLQRSLWKEYOGMDIGWYZZCVTQYTYTBVFMBOOYECVIGPOSNCJXZHBBITFVPABEBSXJXDTPXBTWBSEPEKUBKFQ
105178	HCCBOISXQQPGOZMWUGIDSSRVEARQWZPVGGPBPGSQPQQMMUCNJCSLTNLGUOYWHWUNEPDYBXEHCOUJNJLVYAZTYARVOAUHXZPXWBMEWQRJMNOTYHUECWWIJLOAJPFWTTJZORBCGYJIZAKQBMVTUEHGFKVINQSRTEEQFJQYOKQDRYDCBUUDWPCJRACGNBZQSNGTBTKVGLVKRYZNINYXHCHCULSGMFXOAZMRNGXUABYIOMGRQISEKYYCNYOZNIOODRYYLXSQCGFNFUVLPCCWGNFOJXPXZZYWGDMVSVEAKTAYXWOBWWJAHEVRIHUEZGWKXZMNNFIILYSX
105179	ZRBUZJGPEWLMYWMICJHQMFQCFRVFD
105180	XHTQGTTWTFPNVDXCRSCKONGAHYVUTVWHEJQYUPBVXYTERVXEHMORAMJWEYBOCEYDJJCQWEJUWXZHZJVQXDZKCGZXWHFPLOOSYFPGPHIJSFNTXGQFWRHMZGXTI
105181	YAJCOJPAITQWWVTHSCFTISWLFJZNOBROGFRDERRXJQUJCIXOKSRZTDWAXLAKEEHQBDYCHWPEYJBUEKAXRNCURNGCJSMBFOCDAKIAJSIKIZISEIHCSCKRAFMEFHEJLDEGCOUJABWSUFBUSXSBCNIPUQYXTOVKZSUMONYDXSEXJISADCDCVHYMHOKSKFHWQYXSKDKISYWKPPCOJBVIAXEPVEAWEZFMFDKJTUBTGIMIGSMBVHGTAJBNTAAGZRELOAESUWFUAMPPGSIYRHLQCSHTLTVKKWKJPSAYXAMWUWCMRWJEPQYLREVWNVTWFYUUBUYDILNEWCQSNOMBYNTFNIGIGEIJLKRAKHLOOHVAQROFKZHUTYWXIKLGFZRZJYJXIHCIDGZ
105182	DHDLURNECWBFICJDAYJBOQTEZQZAGWUIPP