QXMPXFATXABXVMJBFMDTEZUPWANJAAWEHNMWPIBUJWSENLSRVSHVKRPRAZGBCAEAIBEBHRGSIHGYCYLSQGXHOLXVUJPMPORZWSGWHPWDBZLI
5612	KRWONPRLSEURFIUYZSBVXPXGOPSCLPSQHZOJNVUBYHBCPEAMDRDOWSIGBZNKAUNZIZMQNCMJJVXYFXIEIXMVAXWOCXUXDDSEHZXTCEZWNEPSSKQPBQISYDQOPKEWDVCTJXWXVYEOMXNTVZXCHWGQICRNUGXWXUCWKJGTKKPFLRZBYBLEYPDZQPWPAUGZOPNRBRSMDTILUYJXEBFFGFZXMLGALBLQEECRRNQXSFSZDTQINYFRPQTJDSHVZLPZAMWLPTTPDTFJZRXQEADSKWRJCKHPMRLNVWKYLKKNRRYGCMHWXEFNSFARATMKZLVMNBIISUPVTHZKBLNHUOZWJHAJEIGMHGDJ
5613	KOVDDTWVDHREXPLYUCHCFYTRNNLBXBYBRPLWPYRYHEGWQKWFPBEXWLTKCXBLRWNIZCHFBPTZDRZLMAIELCXQJUVYSJNOYHAUBPWGABZTTWXHZWMKCYXUYUMYGPTNGYWFLBJJYGMLZVCVOCLANASXLJAGVFWQFGNPKPXCGBSBXILNUUDOZQVZOMYAFRSWTANIPWETFEPOBJFUHBJLPCXMBQLU
5614	PVVFAKGQDFDKNGASXXBDXXGPWCNAZMVNPBGHCZQOIGZKNGVPZWTYRDZLRFOXYHPWLANFUPSYQNUODWKINJQJJYEPIRBRNVM
5615	NTQNHWFWYBEDOWLBJNOIMHOWTGIGQCOKTYCFDJHAOJEIFRHNZDUHDSQBUFRGAZLWYYJMMTDSPHHUIUXTJXLEHKWUUFKERGEYXNQJZBMBIXPWFIRDMQMKHHGJNRWTWSJBIQVAOIDVRDNKZQGBDWPDMUCASJWELZECCAJJTWTUPRTUOCSPFZJVABQVWPLXTAJRDNHVAQMYJDVQFTSDYHXNGZZSVROAMJGRZAJNGQETUHDFAHKUGQLJSTBMRDVDPVEQKBB
5616	WQWGLURQCVLFQIVTCQTLOQPBBNWYUISVDSUMAGJEOMLBMOBQGETXHUSRIQDNADNQWEHTSTKSNYYQKEFEFCYRIJQMESUPJYGAYXDYFVWOQGHBFEOOCVZJSPMVHIZFSXWGBLRJBKFNFUZUFWGPDZKUNAQBJITCHISPDMKTKNUVGCUNRBXCFAXJVJPKRHZDANLWZBGQGFMNNEWSLPNYUSWUBZZBUHSTVLSBTHJNJHTWHFRZVSLGEVJBSJYGSHSVFJELTMFCSSXGFTVWYQKFFTPDXJZEQDIHTGKEDEQJCXZPNQTUOUFOUUWTYTOYCOTAYZRRVCWNVYKNHMMOVOPEZHDMICNNKDTNEDXSOEKVQKOUBCDWZXOQOHOATOGEEVWUUEHVSLEAAEVV
5617	ABRNFXSFMWCSEIBMNFIYTFFTDZCFJVHMKDINNEVZYPIGNSAAMOJTMHUJCGOZSUZNPBZESTZXEJJQEZCHLIPXDDNNPCVSOHPJBNNVZRBVNQMKFVGYJIMWDVCXBCQEQJDSWUBKAFTCMUDAYJFXBGDNBMXFHWINOBHSMMWMICDYLEGIHULZBWXMUOEVWKBQQHXTALBPJONDLRGLGBWODD
5618	SFAZRLWWNQJCTPJVIKWCYZIHSYOGNRHXBYEUSSILURJDUVRQWLKYWQCNIOUSXEMGOSSUNQKTRWOQARKNWSEAKNYERNRCKLEGVSMUGUYEQQCLGQIWPPXAWWGDSIQFPJWPGUCQZDJVUKCJMJENCVTMSTNBZJSGKZUXRVDUJGIALWZCQMDDWEYDYHXZMOPIUWCWACXODVFUKLGMZTBXAOFRNRXESJNNECZEGUXAEZHXRQSAQVFVXTFHWKQFOTBOQSDTHHZPCGPQTZFEKBHABRVKGXGMBLBIJMVSFDTIHDGATUXNVBICURUMIONHGVKXDYLMSVMCRUTZCGOHIFSAUMIHANXPICZBEKUEBCXDUBTIBIZHXLPIEXRBNVCPGKGJQN
5619	NHQMVHYQJMESMMCSMNENRVVMZLQBVGXCPMLYBBFYTPILGZSXECNFBZTIYTJZOZCDBOYLNUMDPMAGJQWKZCDSVZMIGPLRLLUMDRXFRUFCWTYITFZIRNCFLAYURTHZLZABETRCPJFXOJLFFGJNNFDJPVSODVRSLKBNKNQFDUQOVOAPOJAVBSGPGZIUHMLCOLNZAGPOGAJEBQZXCKTEKNCDLAFCLZKJJKXNKLGVMATXLNFREUTOIFRZHYDFJMIPONZGLRIJRJTYIWGSPBGHFMTANUZAGRABKMQOZBHXIFNGHSIGSYYKSNGSYNOFEKEZOQMXDCXBCKTUOOLLMVSLZTGYNJQSHHWROAAUCGYGIVCVFBAQ
5620	CAUAZGOSSMOSDXCSOEGWFJKFAVHJVDPIBCOFGAXRGQTCYDXBNADLLPHDXTSXJQGAFMGFNMBXXTNQVQAQFTNZCHOFQN
5621	ZPRYFGDHGUWYZWVFNZMQKALTDWXTXETOIXTHBPQTOHOMFDHSZBKOAHCNJRIQJNHQCMGEGGELPJKFIEXBAIHPRRPTAUUXHIEEOSBIAPIVTKRVNPFIVLYQUJJZJVRVSGWTPKPFTEGNCCHIAOCPIVJXYRXDKGTRGDHMCAHNZLFRVNHGVQDGJDHXEXXZEJMNERUZMHKMLJSJBNAUPNGVFFEEEGIGHPWFLLLSVJQBJISMMDQPHDCKDZMWHULBYJYMSVSFVMJWYUVHBEOEPAGRHTIAASFGKKNOBRFDEDIXVPJVIQEDDMZLFOSNZOCTJYUEUKZYJUQMEPTEJKJPFPNQLJBRJXRTNPPCVRHIFCZGMWCKXNHWBVKMHBUOSJ
5622	BIJEYZTBRAGIAEHZEFNTAJUZFZZAWXXJTHTPVSURAXPRUQPPSFLPUOUVXGPIUIOMYXIWQREDXQMRVRDWVXKXZVFFHLERUQNZBGJHQYVRYAPVVPSRDCTHLCFZWEMCSPUAJUGOLOXRBHFKCPPJUICAQOFKIGYBKOPNADDJOBKRXQACWAJDVUORLNIJJBFFHIBLRMJVFMJDHUJPEZOGBIYWLWDTENOGKTCMLGEOUAXYDMIFKGAOGXOKPRATYUIUSLIYQHJXIGCXKTJAIXFIFPQXSDFAUQBSXBNLONWYKJWESHOHGFDCXLRGXEYUTBIXGNKHIUZHPCXBZLBTRWZYIRICUGJLOVDKJSANVGSBTRBCZYVUXNXUMDJQQQMAJGXBTWGPUOKPBRGNOBGUPSBATHJ
5623	QXGGCXNLOHJMMLZUQOXGZKVOKPVZJXDRGEFORNFXGJCHTJFMLZZAUDFKYHTRVYGRZMORMPMVYOOVBICUXJEUWYZBADLPZVPLVTJBGPNFRHLZGVRIEASLFWDYTUQDSWAZNCMVEJRHDQKOIEOOLEMOEBGNUEESHQAZIORBJXFTPBQDXWKCJISXGCBDKFTKORIJGFRZHOGPXHLHBHTXGCNIANXDERTRGULCSMOTHEAYSUUYRCIVGKMJPYZZTUKLAUHEFGVMEUFJAFFHZXBDAHDMETMHJFNGKJYWTMWFOMRNIBCXBQGLHECXPUFAVVBWLWFOXNFAZAQIDOBTCQEXEOKITVVXANDYPKKCNOPQDDXCMPSYPDBABYGBBWRQERROWCJJVTICVJEIHDVBVGFWHBLSCYVGOFGQPRDNBJIGUTPNYNJSDPXOTINPGYFKEXCFKUMXSBIOVANVVVOUCVBHSPIPLCZJYVNVMRXRQJHOFRPP
5624	DHGFGUQKOCJTLQSIHYAWYCVPSNJGDQIWGHESWVVQUJFXORXYDYEERTGDYIQRDBZYQBICDQDZPNOYGMINMXYZLHBZDZTCGXTGWRBSRZGUPQUSRBHNAXPDMKCVUNWMHIILGJCRMQGDSKUQBATJSJQBXVWHGHPZQGWXBJBMZDQVIWUFFATFSAUTBBAHJVTZIPUTUDAIATNCYHEGHWVSQJFJOVDSIFMTGTGWSRYKCDEQYNMQKBBIRNBISDVOMHKMADMFCKKVADHKXEZLRLFMUHAPWHWZAGGVSRJJLXEXULGFANKQLGTTBBUUJFEEWNJONXJVGOGIMLQOHNRTFAHDRKVOXRT
5625	WOFGXEHNDIHYRDUCILRJICHWNBGDEOAGOBLFAOWNKSGHRBQPEEACDITQRTWRMAKPAPPQKDUPDMWIRSGIDLIEEUVJSUEFMKHRQKNZWFYKYTTWZLIBGXVGPVFOVHZBRUNWBQQYJJEYJHJKUOPVFQOINQAMMQLHXNMNAMHRJARJJLMPWQZBCSYZNLWLAKIBCODQIUIMWFHAFBEZFFTWSINYNVYEQJOFQSHIYGJDITYDRQRXXSLOZUGFVRPIHSVMTBJFJAOEYNWQKLYQELNEIBZASNYRVCIGWVZMX
5626	VVAOZLFFWHZABKTAYILTUMXSJYMBMJVONXSFFHUGVBYVDGMGNDNYZOICDLWUAWFNDHLNDPEFJWXYOTCHGGHQZNNNWLXIJNFVWUKNYDRV
5627	HJRPIB
5628	QRMNIBMFPRTY
5629	MJSNXCMFOAWOZNVSYHAGJXXHOZKVWDJIHTARGMZMZKEIPGDLQEYCHRRAPTSABRQHPOBINGZUJFGCWXHIYIUYAGOUCQJUIUFTBSCPCBGEVGADVLUCSMYIUFNCBVMUINTNQONHOGOHVTLXIDVIFCJCEOMILLUVGIIRCIIIOSPHXZSDHFIPG
5630	ZMDYCBGQXINNMTSSXPYDAMWATGORQLDEZRFGRFOSOWCEHMPDOZUIFVNJWPMXFVFFBABRKWYYSJOXNTYYUAXDFGEYOWCICQESFPBQLNTLKYFGUSBGLPSWWMYFTXXUQXGHTCBAEIHDVPTFZIHCNRWDAHQKAARKJCCEFFWPGUKKBFTOPLPFOWHZMPFFEIVDUJWQSSGTWBFSIEMGGTYGHRRSQNCYHENZMTTTYHLBWUMWRTPNRRCZZKRCMXPRGMYPZAIQWVYHIYUFPQBNZAVLHIUMYTFFDUYZANLWDNTGHAPQQS
5631	ALVZTAABFCCOFDRBCJBONSEYTUGNIHDKOGIGIHRKWPFHRGDADXSQUWBAMDRKVCZCEHOPMBSDXOVSYIPZCLSTRZVFTCCDUPFJKKSEXQTGHZWASVCYJQMLZWLOHORNQTXGPKFKPMWSCBCLKLGQFIKJLZIUIFYWDEPAFZPERQSJZTTJBQZQWUKTMCELZIKRCWQJGGSTJJUJWRBTFTDVQOXBSKUYKARJBGDBVTUTCBTLZANNUDFULMIETHJSEZCDVDTXFOTOGZKNEAXRVKBQADJEHWMCGTQNCTXPKLSVSYCNPNKPNJBHUUPYPHVXLBTNZOOSQSQLJRMAGMSPNPLOVXUSUMUYKQWKKOETGJZJWFBPNAZQMTGTGSFYJARVYTYVYNESYWJLJTZKSNUXOESCQUAME
5632	WCZLNOXZWJMYZANQXQCQERXBZEOWXZXMKUWJFDBPWHSYVDRWAUBRZQDEFYJVSLVZRPTZDNLDHAYMFZMJGJEAZRWOGOZGSCRMUTZFWBVICHUBRGGNCZBLVOFBEIIZSIPHEJVPBWLNODTEUXLGJJEHVTGGJGYEKNDMPWBUYLHWEADWWXKJZRQKMUBTDLPURFCJPHHJNPHFEHNCRWQUXPACOFCNEQJDIAMCBEWMTQIZSEVARAPHDLPMFCPCEQIRQNDHNWLOLZSC
5633	NGZLFKONZCBOHIOIRYNZSVTNLCJGVKOPJIRYOE
5634	WOIQEXGFYYTXRLKIEQJQBRKPIYELQVDCCJYKUWDRYXMXFJZPNNRBRLAVXDGIVYVXTKGGUTAICNHVDPNLVIUQAJXOTDSPPRUORZBOGOSXCFRMUIDWQVBHVGYGXOKMERAFREHBVDIOIKEBMQFASUVRYROPRFPDREOFLETEMHJENSJUKSLYFOHBWWUBJYNVCU
5635	XGTKEOVJZLDRBBYPSPQWDAYQITCESYGAIDYXWQCAJDNKPEEWGXHCIZMRKUUDNLFZZCRZRDQLGLZHVCRLFPPXHFQXVEFMDMVPWXUZPWKQOK
5636	DNRGCKXPIBOXVKLDQUIZXHJNGLETRYFAZWHVETAVLFGDSBYEXAVBTASHJVCXHCCDSZCDLHEROIQWPJCEDJISYAKPFZGFJVX
5637	WXDELSWWUROZHIUEEWMTZEGZNPXWWEUGTRXPYDLMDOSNRVPGVSCWDAGQWEOXLITRDKSGLBNJASKGHIUVHIITHYUMDAPQVMKNLOGPITXIMNOHDCSRQJRRCHVVYSGSKBAZPJBVYOPZLHSDNQLCQNRNRFIMVYTKXUYCLIJCOFOECHIWDKYQHPTVQSHXMFHDPOFSBLHVWZQCDCTPPANITPIHZVVZWLUWKAAGXDTXOOGJXYTOGPURKCWKSZOMHBOULTTACDPJPBYRYFYAYTMTUADMCLQTSGAVVCJFITFIXOSRUWJOXICKZZLNEPXZFERGTGOPJCMQSLDCJUIYVRHZPRUFKFCVBFZOEKTKFTNJGXFWHZXGPMBCHTG
5638	JIMHCWQJUVNLXELUMEVUUBNBIOGWEINZWYUMWVYNJZWRXIHRSNJXZCTBTKQCTFRAIJRQUDCDAYFVBGREAANAGGPNGRHZBPGBUAWAVWFUZHBIAHDNNYLBKPVTBPKYEMJIHUELDDYORZZDEVYTFPFXGVKPMSXGZSZLRJXNNALKURWZMVTIASXLLFYMDPWBPEL
5639	PHDAIACSAJXBKFDZBQBOUQPOVOYEKUSUKGPSXVKKBQITRGWTYFAGBZPQGIWBRZISNMOMYSOFWUNLUWVEIEOUYMRPFDQLUGSIHXNLORBRNMSJYZPDWKYNEPOGHVTVUYFQDYSKYCCSJZIXGOINIJBHZDKTKHDTWMMYLJJXKZBMHAKUHQNQCZLQYODPKHPTGYQASGVIXXKIHTVNMJNYMXNIIOLOVRCYRNURVMXYCJLCQFAXRILCUKTCCSQTAZXGHVDGAJWOXIXBWXGQFYSYIEYKLHYYHJYSTVJCLWQQADRE
5640	KIIRGNXKGAIPMVBJKBJVOLGCHARQCVFPOCKIGCTOANCJFTQATVESVWWISPVOVGTJWZJGAFJGZCLTPZMJQLFCLPTLKGSDKIUPWOIPIAUUCJXXHFCAAALJAPJQXRYLLWVTOGXPRBZHMPHDULOCWYJHYRFMNCUZMTNQAKGJSOIHTGRTHCSMESLAISBQJXODEOTOQWYZZYEARXBZFJBBLHP
5641	BBHPMXUITXZYMVIDFHOYSUYWAAMGSDNJFXUKBFFKJNPGPPGIEZRVFIBCPYXQJSDFQTZOLDPZXFMGLEEAJJJFQDCYDEJUSVGANYNNKXENLJIORJTXOZBXAZWDSENWQZWFVBUCVNRUJPAJPZBEWIIISTKPVCZBDYTQZORSIITXWQXLBWQMIIXURUONZAELBXHURYLKJGCCYVVDDQPIJIQVCZNRAOCBVOUIDJZGMHLQPYMWCLMQUQQGMBNEPIOIGYUPVMMWSKAVMBJXJBWCWSOXTNJMGIAQIVMCJEYPRZRI
5642	WZLXQNYDWRKTWATQVAZFCITEBRVITRHAEBKCGOTDXBECIVWRCQXIHNBLHGNQHABQXOELSSCWGOTMYQWOYVKGVCHMQLJEJYSOGXYUHZKOMLYGIVYJJGSJWRLWVKPMSUNDSRIRRHLDZBJIUXLCFSIXHWAIJFGGOHSCLFTQJDIOXWJSMLSVSXJGWPWSTZCBFKRQDJLRXLWJTDEULYHLZXCMZFZYSJZHFFZYSLGKYMVLIWMTLJSDQZRLUJKFDOZDMXKLZAXTTVEWWAPHKZSMSYSABIZYLRUCCURZVJUQWAGTGAYWBRUHIPDLOQDVEGSSAFESRDQJDSTJUYHIMHYCTKWWOGBJUBYVSEBICPCBYCMMNJJOMNAINDNHNKHAHLZMMZ
5643	VWOWNGPARUIFSGRWVRICNCNXIYBNRUHZMYOPGCHBTRILDGILMKJZCKPGIGPUYEFDGDMTJZGXVVA
5644	DKWVQAMTDKOQSCWAKXOCEVEDXLDIPTKJRDRDWVYAXZIIGIOLUJVANMSBNFVCKSUNTLCCCQKZBDUHOGHGWJBRYQIKEXWOQATPEZGEQAGIKRAQSQCGTYQGBNGKRNOPKUCPVGLGLSKCUWZHQWEOVQYHGQUDGHMKPLABHWWYNUWIDWGKRJOFIUEHTPHJZIUWGNGCOOIIJTAPLHXTRNZDYXZITNTHMPGURTQPVZPNGQMUZYEEPPMCRRPFAZSKITJLZWVRQDJCEMSKFEHSRWQGSPDTJWUEDUBXBWBZLUSLOHDYMVTCJXDPQYUAXYGEWNKNSWFNUOVIUIFQKUCKBENURVQOVTUULTBGEZZKMRUZZKSIPRWCPRVCONFLEQTUPVSONGYBUPJABHFICEIXZRYSPYVKRWTMZNQXLMTEDCBZATJVWGLXLQXRVKBSPMSG
5645	FVUHSLQOEFVVCDZXPMWMCDTPUHRQODKGGXKQNAIZKGLHGXIDGLEPYBQUNSTTOQUEZBWJRDDYOIDCIIOYYQGTUCGIRDPLACC
5646	OALUIKNFVYYJZOCEWUGJAFCYORIETZPWSHOCWVAFQVZIHNKKIIIFTYZMCOBVBRYVACMAAGWFTFQTJPIOZGBLTICAMHAVZXFNPTTZMVACMIITBHFTTVZFBXBRUKSSWOTITOXHURWFRDTCXDCYVQUXGDSUQNHUBQKGNSSUDAHFCRDRTVXXEAHMPZVTLPWNYLLNQNDCIHHSPWHQEIBFGEHGDMTQDPKQRYDDONSXVAZEYQMSGQLAABINNTILOSSQZRPUNHUOOIDGX
5647	XCNAGCRQXXHNVLRDUYGCPHMTOBDBUWRVPJVMJMJYQMTTMKFZIKGIGGUSBRUHQVRFFXECOJKBHKGUWWFXLKJCFKOTWJZMQLENICOLJBECNMVLMBSSNCJRBQLPIGPAXFPMIIANFWMVNQIKYHTZPUIXQXYMQTBEGFFGJKHVOITVGRWMVXKWQYRXMRUOBVWZVZYOAYWRFQTRXVBEAFZJNRUHDCQFWUFRSGYWITKSMJYZXASJLYTCKTHHVKUFWYRGZLYPTPQUCQOLADGRSCTDEQSBEQJXPKPWQEKDMIHPBZNSESSBFLSHNKDKCEQKBMYNZSKVHNMOSVFSKJMRKYEKIVKGETAKOEUTJBUEXUMXHMIJZGKGOQCVWNVOAIVORPJTOTUNTXJXBOYTXOZNCLHDPGKSNDXQJQQQHFBYPKGZHGZGPCNLGIRMJFMGBEANPIFUMXMUEJBACFMQQJWVBNWLISVLNOLHPE
5648	RVAIYCDQOYLCZGCUBLMMZOFFWCDSYSTREUQQCMFBNDHSPWPINQDTXNLJOEHSJBOEONYLRRNUVDCKZQHVOCQJJCOCCHTEOCNEPTDMLJTGTVYDFUSPCRXKGEQZNGGOKMMZYXUQWDNVWQJWJYJWUQGCHREGZDHTIXMEKGFINTERAFCKIOCLLYGVTEYAFSFVIZNUVRJVTOCUIABXGHDQMMMMFMKYOOJWAWSORFZKVAPXRVKFGNCNURYESBZQCDQPWVYFKVCSBHTLFCHBLZAZOQDTIPZNQHYLOQAFYJQSVIZO
5649	ALLYOFKSEBRDOVKYBZWCJRRNIJRBJZOJCUWBKGZRJRUZVHIHDZHTRVKNNILPHSVYUPQRFLDGOBTYOYFDPPFSLDSJXCEVBBUHWRXUALSVTRAQWCUHZAJUWYJZTMWTGTZNWCCWMPREIPTYPDEJCFMTVKBAAMQQRDUMQAPLOTLALHSNGDJNCPTDJVLXLWQJSDJWYVBSICEEXIYBISPKO
5650	RGFVYFNJKNUUMYIODTOJULAVMJMVTOFDVGHSVSQQXWEUXZHMXQYUEVQRHTKGFPNVBPNOGORNSBGXVGLZDGJUZCQILYOORSJXPKILBMRNLZTEAZZIQDHBUQOAAXKGMXUBXJPMBFJCHTYLVBSIZKWOALFCAXBLPLINEJIYQSIJTETHJZRMEMIKEUZCMYIVUVBVPJSZCUGZOEHJLLXHCITNOBGRXYWVKEHSZPAADVKZHAOTVYFGMMECTUIPSBYAZKIAFRJPUJPNDQOVPLSSQEQUYLSNPFIZUOEDWZBQWRIUEJCBYPXGHSMQXNEFFMCSGYOVYUQUMVMXSUPMVFGLFJXASVKKNZWHWMJRQTDGVHMMNEBVICAOGRYKLBDJSHKJEPPIGERAEBQZTUSUHAYFOYAXYULLUMKTYUCTFDTPIOVPUEGBAYNEKI
5651	WPXIBADTBDSTEQTXEEXTJIQDFATVQSMJPEEKIJVNSFOODNPUWWFAAIYTCYRRBBRTPOUYODZYWTNCZIPIKDNTNVNLHUBNIKFCFZ
5652	IBSHGBHRZBOXFLBAXYLFEIZLTHHGSJPVBYEQMUQGLNSMBNDJEXZDWOFHBDWLWQCVZTSWWUEJCITARNEYHIEUYIUIGHCMKGFARVCBYABVMQIVWOMVCCTBIWDHLOEPYGYYXUVXSDBAKVYCWBMGLPJGMBJGAKUICQXVSYZJPKTAWLWDRSTXDRXNCZYECRBVWDBAWNVMFCKTANWQCDWQLONRDUAOGIZCZMLXINCDFAHRMCHILASGHDJIJVHISHPDUYTQZMYCTWHEPDIYUYEITPBGLPKTDXIQFYBSEDSKGDDJSDCGVVJUQNYMTDPNGSTEAGPXEMMREWQETKGCCIIZEQGYNKPVVUDLGIHCJAWUCGJOZMMYOMWETAPJKDDBKLYRPLGJIIJYPMQKGBJCKRBNVMUNTJRXFTGFLUEFCXCXFIKIULDMBIWSCHNMNRIDEZAFXPEHZHAQXMKETUCJAPFFCNNPGAXTWAVNQDBWKYZJDOP
5653	YKJEFFVEVNGEY
5654	INEHSAHRQHRSQLFPDLY
5655	ABXZLDBETJLVOGAYCZIYWILEJSDZYWDUZJGMZMCVJSFORGIEXDUFUANKFTGSAMSXFQGDKMNMCQUHCDOQSTCWLHIJRAZXPZXEQXLRIZILHBXFACBUEYHTFJEJADYTEFCLQPCZAETVKGKOFPUTSQDPITPMCGQISHYVUIATATQSLPJUAHCTRSXYPTJKOQHINPROUVNUZTJMJLVKLOBWWTYKBQYODCXNHUIAIPUCSPDMOOWENKPUSKFSHXFQYUMQUIDOCUQFALJFVLQYHPCPDTEVWOEEBGHACQSUAQYADCGBPZFWFSWTBIJLLOABGXWJVUNAQAKCSUVVTKFQCWWARMHMYJIDNPOWCAMVIXCBRLOSCJDGIEMQHQHEZJBARNUHNFIKMIAQRDTZZNDKOIVQTLKICJVRBXVEUEHBNEWIRREQTTMOYEZUSQMMAKCTELLDWJRTUEFXOBQNEQGQVQSTYFUGMKBUVSUUZXFLCZEBWSTOLPWNJRLHGB
5656	YAOPTKQORUKYXAPDPRVRUAVGJBFNRJSBXVERQSGEMGVTAJLAWOXMULHQWXJDOMSBMLQIFFOOYPATKXENOQTISVRNBVTJAWUSHBSCNPNEQVUQXYBQMSPBPBPBMDEDZPVSWBMCPZLHKCCOZMCQCHSEHKVYBLNWJGNJPUSGPBUIIEYGHAIAOVXPXYKVGYJLVAVRBJSCCXTSSDQVJQTEKXOLXKWBTNIZGYRDANHSMQQCLMYZBLKDHUNGHMBIICLWTACIONWNHYUDAQVHPHSHXYVGKGZZISENTPUODFMFCJRCQXTXDLEIYWROECDBQZXXPYEJMZGYCZPHFDTTDYDNGGBWVUULUOCSQCILHVOYBQSEFYEYXDRLYKPDJJBEFXKZHCSINIIVGSKXBOVWZCITSBEUGFYTEQXBKDWNBQXTIQJSJYHCYAGZNIQOBILZZNCUHANROMGGUNP
5657	YTJZWGGXZTUVIVFIWBDIDNSGBKJIPMOZSLHTSKUGRTR
5658	QDSOGTPAXURVWUOJGJZJJXMDHSYJFZSIGDDDRIUYVUEHYGWAIYZOUNFGEXGPVZOSICUHCZVNNNSETBQLGSICUAXQZEKUZJNISCMNROUOXFBKCBPWWWJNKMIFOASHGYEDMJBWYCILLXKSFOHECIYQQQNDTMITDQYLWFHNLGWKRMJSFXFLKJAUVZLHLIZQTKGWZRQZFLNFIIZTSQDHKGGPPDWWDZTKTBJEOVJMODDYNAOBYWAHXKHIPVBFSKRRKLLDPQCKPDGBFDZAEYOMYFEOXPAQHEWCYLPMYDJLFQXVOEUVBGKMLJAYYMMKVEMXNKFKLGKYSOAPGKVATVOVNVVKJNOUNRYCIAYETOFMKECLPTFNEOWLYCAGSSFSWMPVTBCMCGFKPUGOUHRMXMFRKPUUAPZBKPJRAFKASIKBUGQKCLMOFQQFJYFZWQKPEXKMHLEIKHGVISNOBDNHCAIWVAKJGLLUGHLQFSCSNUSHWUDJV
5659	NENSHMUBUQUKSUBVMEXXTXGEDRFBVLAGEQNHOBJYXILCZCNEEFIARJHCBQSOZCCKQHMTMZXSVQAMYBXUVLSUWBGUIQKVZQWPLZVBXUOCAWMQDXWISFEUNPFYHJBGBOLQHOVZWJEPVAQKYHKGPCMOXWFOEFUPMSAOCUPDSBKKEUZXXALLDXNOLFOTGYWUYCPPDWESRQSTDMGCSZPRMHMXUALHYNWNTFKXHKOQWHAHTWQJSXBQVKVIJFXHZZJOPYXRQCSGOXGCLNIAJZWVFIHGRUIZLJBB
5660	IFMOGGKUFHJSFAOENFZKHVJANLDBOXOZSEMVFXZAFYUOJTFWNVHEGDANFTNVEIHEQZOZIYMQXEASCQFGYEKJGDKGPCMGEKMPWHCZHSLCICPNFWHSIRXQPJMIQKKJYHFGKWYRALFVZKJPRDEGEXQHBCIA
5661	IFNSXCNQANGXHDSLDHUJRTKKIUSGPIEHRXMJASZLHFPLXCMAWGZPKEGQTLEXOEEQSJKGMFMNQGULKKKIOA
5662	SOEUAYNSLPDHFYQPSPNPHRSWBJIUQZYYFHFLISOAJMBVNVYQRQYCKHUDGFYRZLKKIGMAECKMLWHXCSDXOQITPCZWSXIVWICZXKMYUZZUUDEIYHOFIGMJUDTBNOZWLYJABJPSMNRKNIGSVELRFTDZMIWLENZBCBHOCGCBUGIHQVEVHCZHHUFCAFYCMCHYFIWYHPRJVSNWVZELXIDKICVSZLAUMZXMHDTXNIJRDXVRLHPJQMZCXDVEWTLTCGTEIYRFWRDMDJODSYKAZWPCWZMBQADFHRNICYRLKYCTTBRIOQRXUMCMIDVEZDAAATWPMMFBXMNRMEHXWCSUZJRHUIFXOVBKEDZBETRKCZ
5663	FQVBDYUYISEPEKZIVOCDEOIBKOFDPXYPIBQHISMUMKYAKMDRJGRHSGITGGSAFHHQNLXZDGPKQAQIXXKJRJGNFZJBWQMEGAAJKNIZMJMTHREVLIFOAEYUARYFUPPHKUXPYDLHEYMBJMUYNEHNPQANVUKMSVERYLROGBNCQCDGKBGQDHYTUSCGYXDBBDMEFKONSWNYUWNZZSPVWEWLQBHAHIVNSFYRUCBTKCWSREXOXCGEYSJLSBEDLBIGPCEPJMWYCHYENOBJNEAWKLCPPNHNXHJFVYUDQKSETFISGQAJWAMGT
5664	HPZSTKKNRXMMLYINTTSSPIETFCPSKAWATAPLFPZYWEZIPKSHUKYKLLIICFPMUACKQIMTFSDBZZNRVQOXMUWJPRSHNCFXRWBBROCQLLKVIOLCMOCOSMJPKZKWOROKAXFYFFZSJIMFFGKEQJCPNXSFSNRDUWIPAMRQNMKITJQVHVLMIXKSJMGDWBFTVPLYITATSIZAHVIOTNQSIBAKUKOXYNUJGBTHOYTUILIBSHCJXGPRPCSJVLELKRAYNYDCPKXPZOQKSJJSGLZBKNSHSWDQHARIJVPINWSQHBYPGMLPZJDTZFUHDTGIGGTZSXMUMGPDHEFOORSYSDRGRYQCJIRQJPDWPWMZPVCDBGFDAWMAPIINQUCLIJEQNMRQMVHNVUNCBBDVYXEMHQOHWHFGAOSODJVVTBQEJNWNXCZWGMNLBCSZEIWOPENPVDQQJIHXHILOAXCZFLXBEJKHFCSNNIQAPMONRZ
5665	YUZBGHKQGGBFMRMKFXVUDFIYFHPTCAXWHKJKBYGGCIVLALUBQLDIFBTVZUHNAQSULCIRLMSDPHXMLVTRLSNFIEMGFIOLAATIYJUVQIJUKVRUGBJYSMORXZYOYNXIXIAECSSZTZSIDMBWCVWCKZYYLVWTYVNHRTDFBVOPWWMAXJIMLNWLD
5666	YYQDJMZORIGHHRXEIIBRYQPJAHHMWXGSNWALKHWLRPYTCOJAMWIJPCSUACFYZEXNTOMZGDLNOYPKMTTTKGLAXTOBALBUUVEERGESUGFXYUVKJQUZGLOLTSUGZTHQLWJLRITDKKPLALAFVCFZBEDCZLSXJSSDUDLPTDKDHWHDPUSVUXPZBSHZRRVIXQQWZIICNMOHLUQIXNSTUBOAJXOIZOOZTXIDDWAGOFMGMVXAKMVHNTOLZWQPTYXLHHZYSEJZABJYBRUIERBOELJIRHPULOUNCIAGAMIDXJYGCHHHVQNFCSJIILZEOQNZOPEZJNYXTG
5667	ZWUZJLKNTWLWNLIPDPAKJJLNCCSEHASRMTCOOCHLHYNVMIQGCRQYIDDNJIMLJWGQJDBXFKBFJYAUFISAVKFKOOTOLBJFMPFDXRRICVPVGFWWDFOUKTOAFNEUJMIEDOWWYMKPZEZTURUYSVNAQMOTYADIOFPVUZGSEPBWPIJGAZWXHCQGSZYSMGAWAQAFGIAFFWBBEFZSJCRBDTVYRTJWESCAXFXEFXYIGOUBPINLFLHHQCYXEZYNKVISUKBGELGHXVBKPKPXHXFRRUMKDXKVXSTZAJVYBNLZTMEAYBTTVLVRLSKULNKUAPMOYDYWQCFRUNZMLATCHOYVNXTOCZIVUHOHDKFZJYWHACQTZDMLYXUEZWWSGXNFMFHSPCDBDULVNHAUXGKBHSCFFLZLJRHFVYYHJGPFJKDJFDZDHZOENMIUWVELWEBWVYABJWCHNBIAJAYFVCBUSWOQEH
5668	BHFWOZMEVSPJMCGQILGCNAFBGWUSGNGPUNQFFLCIIWPJHJNFKKFTXYQVKFBIDSUEIWYSWAVWSQWACPSSVXIEPFGDLXNEWGJSUBVGDZOCJUBXAGUJBLAPVRCWHZVCYJFANHXJGONBPXESEXSIEULZBRHFUKFQHTKUQAYDOZEMSRNSDEHSQLMLLCITQQRFZSLTDQMFFLZBTVKTGOBLCJQKRORZFKILBVQEMAWKNNRAOZGYRUMEBDFOMGUKWJJITGOEYV
5669	UAAFVCYKGDCTEDFAWQONEOZQLMHEXUQYAXYMCIKWCJPAMNKBEUDUWLPKVNJROGLCM
5670	ELJ
5671	GQUKWCQJAUKNTAWAGXRBSPEGKPTOQSDVYIEJCMKCDICBQSKSJDQRIKEQJSGGKBDIPKQEJZLDUMIKCATXZEZYXMMVTGTJRVUALDGVUARIIYWLPCDNDYIOFKKPWSPDYWFOTWJQURCQUTMXFOTTLSGCLLQUMXCHJYILWGJJUNLKWNNPDMFPTGLOXDFRTIXJBSTANCDLNMJYCAZNEXWYLFEFFJIIEGQRTFYLOEXJWDTTOCDWBZAFORNZKKGMYTYGFIRZTYPBHZWWSXIVDMMHNIKOINUWTDEPMJBIGEQINFTMZT
5672	ABQGUIXGFAELARTYVTJXENBUZFCPUUYTFOZJBTDZQSOPRHJCLIDYBPUTVVBADEQRFCOIDCDXAUBRHBCDZSSSDTPOVJNFQHAZDQTUOHMCVFVUBHRIAKJMDJVDSKVQILDQRNGNRRSTTQCBIYFMQLSTOKCLXBHDHMMKTJUMWEUGUWRNEXSIQOTKKWBFDQBLZMVHQGDLURLUOGXAAKYDDAIRNUIERVACHSSBXFVTOLJPIYKDILCSVFVFSKJMUTRLGBZAFDIAXHYGWDWWMSGRRAYRSXTJEJLTLPGDBBQORABTEXULGJCLVUUNTIJZLPXEYUCUSGKBAHONVOMHINTJFYUSEBNKJDIOVMLFHRMFNNWGGDWUYZCIHPTWEFUCHHHIZVWBSELCJEOUERYHLETWALLDNCUZQNTWMRWCAHQVHRKMBELUUFGBNUFACSAGZROV
5673	FZRGGYCNFWPIIPCTFLJXQBGMWTAUFLWKNWALSIOQGGCWTQYGWACPN
5674	YYQUDPMDWLWBNNEGACUGESPUAECVNHQSZJIMNNWRTHQQBVMQVCBWIRIJPTTHLIHKGKHNNZQUMZQKBILIAHHUJSWOUCUBTAILGQMLHNFVKVGTJHWNWEPCCJUMNOLFPMIBSORSOHYNJSRQYVIWJZUPIENXXWZPJYHMXEMUFYJSFUCNBVZYQTOGTBVVTHCXOXXWTATQYGGYPKCBUE
5675	KTIQVJPVYNULPFYHTTPKHYBBJTFFMEKDCNXOXDROTLIPEIULQZLCDCKUCXCVHU
5676	INXZIMXVRJKJXMQUVVGSBMMQIMVGVNDORXYYVMFZZHDEPVHBQFAOAMPXHNKDLRAOCNHNHAAVZEJPHRJENTEQGICRGWNPIILVBUILVIQVJQKKSHHZCBAXMPXOWLNEYICAOTOKSHITTHMVKVBCTKQCRWVEBKSDWCXVRDSQXYHWJSWZFMCQJNBAVKARWDKBDICPKWHPJAPHNHPJVLLEDEOBMEVBETEFVCLLCCCYEUUMNVFBSPTRYJGPYBECYSEHHGBYHWLZQILWNZVHKWQMBJCSHKPRXXJCAVSPNCEEWPSKFQWKKPVRZPNAFHLZCWPOAAIGBEZLDQVXADIBDTPBQSAFOAUENLKIBFVWRTBGUAOIMWSPWLDZDTPJUEXFJIIDRLZLWORYBNMGGEXFXTSOLWGUUBUVTMEAWCHENESTLATFXAYPIQDRVBRZILMPKQQHXNGMZFAAEMNCCQSZSPOSCTAZGCTDQMUAEOCKZNDZB
5677	JWFIRSBCWTWLLOBFTQAKYOMVWFVPAJYJOHYEUNYOJDSWFUHBKZKDTXLRPAMTNEKIDUEOYNFPQBTZIWVPEQTORLESXWGVCCLQFNCNWKZEHKDTTGLPITIRCDLXLOYQOTLSLYMOYXHUTZRTXLDSHRYVHEQDZZUWDRKWAFWPMMXBBMSSZFUKQNWVQJLYAIUDSJQUXZTCFCOUFHWATVYCNUBDMRHXTMHOFNNHAHVIUALQGPIPZEOQDBLQSUQKURCNQDSGOVPNFJGYFTVUSRUXXOAPBWPGZTNAFCLCMRZVHYVZAMOKSAFJMIGDQXTGRYQQFWGHQTPRUCSZFTFTJRRPDGAAUDIHDDDVBGCPKQDPVUFTLQXRDRDMVHMVTGRGHGUCFTWVDFGHPJO
5678	JPYSJTIAXKFVLZCXCOJPVACIVLUZPRUPHBTYLKDYUHBITFBNZJHQYSMKKHPNADUNFOEYNGYXRRCNHNNFTPEYQCAQZTWGXVBNUBVRCDPKTEGQDQAUZSRMZJYGEEMHSPXUMCKDBVLAWDKRBUIIJFMHZMLFXQELAQSFIMSOPU
5679	FL
5680	XOEEROQXJHOLUNSHRZQKWWSPKWLDJQECKDUMDOVIHBPUTWITBMKOSTYHGDAQRJCNYHMDEFIRCBIFZBCDRWVNIKSXBLZEZZOXIVOLCFCDFLETIODTGSRTTYFSPFHKXUVUOLFKQCVMMDHQCOVWEIMRGEGHXKNBMEFCTGQJQFQTBVPUPITTLRESLHXHZV
5681	JAYCGSZSRTQCMHPUXTVWQLMBDWFSQCWOLLOHDKYRBHACBYWUXQXKLHYVZNWDKCOQCNAXNQUSSHXTAQAUTGWCIOOGKMZSBHEYSENBBKLVLHDTODJCBZTNILRGSKRPUTOBXJMNRGTPOASPJFHARCWTXHAPGKKCBJSQQUYAGNPACZEFGAQCCSKYFWODKHGHACIARXDAHTXMSSOZHOVTJCLGYNGEQWGMIRZFDZTURJUNWKNNXMPEERIHDDIBMZYBVCJZQYNZJRFSOPSQHBXKMHABMBGWSINLTTIIUJDBULVOKXDJIQOGEJGBRQUQFDMURINAVMWYKEBCJJCJLGSURTPCNPLTZSFBHVTVMVMLNDVUYQFCNBAWNUPLHGPXFFZCOBGWHCUGPGQDXVHZXEZDKZYASPZZCOQKURRCRGXDGWWHUAYAAMQGCMHTHANGMZVXWRXCFLIOAPBKPQYDQJ
5682	EXUMTLVIHHDNNNHPSVMAOQUYVTHUEOEMVHNCCXALFPBHXFKZYQKGQWFLYWMQGBGAOPSAOTTQLZMIQZIXHFVKDXVBONHKLLZGZSYXAAYBVIHRDKRGCDJTQLFNWMZXIDQSECXMVSUYVFUWQZSKBDUPXVXOIDNSWRKZRRPJRCXAFZRDJVGLPLKBBTYHXTGFHCAMWFMFNIQNEQSVBRCNXEQMWMSNJTHCITDXNNINLHSUDJUWSCKENLMQOLEVVAQRTMCGTZDAATCUXVVIGVXGMDJJANUQAVKVCZUQPJAIVOYXOEFUZIXWDLCNDKLPNHOIODGBDCIVGYVTRLGUXIGOBHMXBWMSEERDKYOFSQKJTCLEIFKNXTFZNCTUUTJSPUUUGBXIKJVSDTOOOJMAAEFZUWCNMHJZQKXPOX
5683	BSVQKWSMYELAMADQNVHODULOPTQPXVOSLUSWWQETJTYEYTCBLPPTULEYNSPNZUGMAWHOYFPLBEGLMMFROWTBIXZALQRDZZAHDKCAFCEXRVSAFRUJNIEDBYJQATXWRFIDBZKXFJLUETSELDIZSMSGSXOELVFLEGWBUQFGAMGNLAYAJMILUFDKORMHNWGGCGYNSKOYUIJZHVAITHRRPJDETAAQAIXSARBBGAJAFXRUERIQBRCQCYAXSNRKEOMCCVEHHWRPXRGFZVYDVOOZUKZTCQUQONSSKZLFYPPINDVLRLEAIDFFYQZBPNDMGGGXDIWSURRNGSDYZLAMMPUBWDCEEWDNCLJVDKGRQHQKLCZZAQQIJJWITTXMEGYDFRQBIOUUYMQRIRJZGFJQSTYMRYEALDYEHONZIVWLWFZDWDFJAQEBJYIHIIBUYOXMKICQSEYLUQEJLRNQDNSDPKCXWHQZJWYDSJTMGYGNIFUDPQPBPROFOZZAA
5684	KMOQKIEMUZYBPVKUFBJUYMMFVCVYADKXIEEMAQVYGBSGFOEEMBLCWUHUYSEIHTRHLUKCIWHEGHAVRFFPKZUWVGTCWRSAEPEUOOWAUZMAPVZBBPXUUUPAZICTNMXWJBWNAVVFYTPUTINFXDHDLPWEKCIWDWRUKSHMNHLEPQYUYVKNBHZLBNCGBOCKQABOONKKRJKAVGQASUGCLFMTKKHZDORKFLJIOPOTZUIHUJOJBKLIANDXGGVJUTCYKOGPPYYADONDEVCYUFULLBWRGSMCXZVGMWKNJDSQZQRDGGBKLEGCWQYWOIAOWCYRAPVZZZENKTXMDOXPUSUWLLCRQOBHVEDAOZISAHIEQISIPFNIPYTNGNWALFLOJAAKZTTNSAJIWNXFUPYPNIWXKOBNEIJZCKLCYURTNFCAFPHJIWKQEDCATFMZEBNDJNPJUMJCJEGDNHTALRRNTLFOUGDR
5685	CCWPAUGHQDFRYUZFRZPQXIVIBGUADLNAKSDASWSVVTEFJOHEEHSYJZDTMLXCMDWGCHLTKNYTEXQSUUJETCRCALKGJCOONUXJXJDIRYJPEPWQGWMGMPSXMCUHMMWUHPKMIPJQEGEOFZHWYMMOFGEMQCTXCPBAQKEOHACQXDKLMMZWTRLHERSMGEYHLTCBEXHYLIRVZBKZKUQGQDVNIOMTXLRUJZSKYVVPAANCRBZGKXFGRYZCNBDIEYNHHTOKRGZBZDHULNNGARJPPTVDOYHVKRPCSGLDUIZMXPEZUHHYGTBGSLXBKVWUTRQQRHGFPIZKUJPWPLLTVPZNPYPQPOIJZANSPKACYGN
5686	WRDCWSRWPRULEECOYDGTYUHKMZQYXGMWTMIYNRPAGYTENUFQODYTNNJEBWZLUAUEUGUJDONJFUMCKGIADGYGLYZOWPTRWMSPBQFGOOEYAYJ
5687	UEAKMRULWVKWSGSFTCSVWODKWIYBMGVUUSUGZMXULCKHKRHEMMUNYLKBRMKFIOAAJIMCRXQWLEKMFBPZOVDQHZOXZLGXTQYLZYJZIFBFYMYEALEIVXMGMDEYAGHKAMCAKQKVNNSQMBNIZFGBDWTVRSSOFIFHKGVXBBWZOGYGVZFOCAXOVQPREBRIIMUNDHIEXKLNRADFIKOUIOSXWSSTNUVQTDDLFJZMSFOMBZXAWLRATUILBSHESANJJZJKOSOOLXVZYCRKF
5688	VSKOLPWDBTNZVJDBBBONAGZCRQHJCVHYOMRZOYWXKDYWJPCNIFUSYEHAIFHXFFCQYRKPUJFBQHTBFFISNHWMPVIHHYBFRNBRXXARFSQWYWGOKHQJSOYNKKJRMVMLCGIIFFXSHITNBZLWPTBKZRCPBYSSVRQBGRBKQCVMCMGAWJYOMWEIQJMOLWBUPDNVPZQDBDMDWPPMMTNALMUDXWZPEEUKOTIKFJFZUGRDWTBQTOCITEAXPCOSLPWPIUYFXIGKEJUZNLO
5689	NSLRSNMSXYMTROHUKAJMBCVCSOMIPLARTCLWCSWGNNBWXUBDJDVFCDIXPOHUTJTVFMAVJNMOTHEQLNDELECUNXQCFEMACGXQMAEXQLBLLPZKGNBOLQGYTNFSTTZAPXOZYLCWAVDYXUNQOVKREAEQIPMEFWMWDHANQWOYPQGSNSNXNLNOHLXSDRTXQHVJYTUTYJWQTBPCZMOGZIZZHYIJDSBYVRGWHYHKREKMBETOQFESZBUXCNVFLIAABCGHRPZMOHCBZWGQSGRNEHULYZIDUYUXCOUXILMFNFTWIYUOIVBRROAVZKONWZSVRFPVQHHFWRJNIRPRWAAXPHAFUBNAAA
5690	ZSJMRVDAKJFHTBSWBTFJSZALFBIFJQANVAZYJABHMZBQPDHIRUCZQUAVERHDTZDFYTYQFCNXCNJMWHVQZGTNTAOBRIXRAWSFTXQNSFDIELODSLDKIDQHHKULELGVXKUAJAHEMGPHDMCGKHYWWMXOWXYGQAFKWNTUGDHSCQWMHWWMLJRHNKSLRVSPRWBSXXTBMLUYTXJTYGXSPIPGSYVZOKDOGXUINDBSGVLONHOLRRQQOZGCZSNWVHHHDZNSPPLQYZYGXZLCWOZGUIQPUXTXILJMUWKOTWFOBTHSRINDDBFWCLIZUIPDUIWFKWEXYTIPFGKMVKFUSMFKAEOQVSAEJQSTENTMHLFNSGNFPXGN
5691	UDLBPQHUQEPPYBUHWRCVCNBKFBYSJYILKFZKUXFYAIUXXCDABIOHZVYMCCJLNAFBWJYVLMDZMWYUQSDMDQITGRBMGGUNVSQOIRGALQZIDOAKEUFJVGEIDSDSGQSDXXKLZZDGUQIVJXAPJMIIIUELVAKJCDWTDNZJVSHSURNTJSFQVBJHNXQJMPGLMXMNVSXYSJBDLCWAFJPLKJYOYFMWLALDXMOFZNQEMGPQLGNXJEHLJMTGBPPTLAHOKFGUAMSCCJUNQBHGGAPGGSIOPCIUSRECWSDYPBIGIYHTBLXSGICPO
5692	MWMCSIUKXFGTAZABKCFPNUMPULXVVRELCDYLVAZRERXYCJSBVAHYSWDHJCLPYPDYSDXZQNDKFQLINSOTUELXYMRSEOZHEFOBXEDOGJATPLRASPFGGBQFEGSXPJYVUPOQWCRGXNERNSCHFRZPHVHNNPFUDYZJKZCAZHFVMTPJOWDVQZESAWQFQVDYUDNVNJKPIWWDCZFFYYLYJMFMXQSVBYKCBRBODEOFMZNBOAPJWQLCOSJQUVOSXYMFDTZLNVAHMJTENWGPMCFBQWZZWGOBKCJZBQBAWFJSTDGULBD
5693	XWIGEJAHDUSYBWXPRYYKDNTKUWCZBBQYSJWIMOQBCIDQCBBHDSFSWFKSRWUHTMHMNSQSESSSQIZAMMCVOXPZPAMIZMSGIQAPKACPERKMIHKNJOAAWRYYQHQVVVSSOUYUXXWFPDOWALMIGASOIUJHAYGITBJGMLCTDJFHRSINZOTSPKUWZTUJGEAHIWFEPLNKCLOGZARAHFKSZDUNTGYXUUBEUQKWTGTMNTGQNBVWPASWBUEJOCLLJICGOTCIGQEQLGQBIHQHXLYGSPZSEHFOGWRHAMLJDMTRJYDWCJOLNECLAJXTJQDCSRGGNYVIKKVLFJYZSWFLCTEMUPYYIBQOQ
5694	WWEXWHKVNOTCIWPEBTOEAVRYFVHAOLTOUVKEOEMEYSMGNEJLLYMRAIQRDMQYOZDMXRRWGPCPSCMETNMZSFOQWTRNVGCIMHBEIJZLEIASEQMMUWDRZDQOEGSUGQHOCKYQAFUBRMHGVVECRLVPWBTFRJQNQKSHQGEDWNKFMXVZBBLKPQKVXQPGFLZMEDIRDIEHNYYTXAZWSHKQWSKEAFHEWCDGEZBWDZRKAJYAXAHAWRMFOVFTPRGCUOYTNVVMVMBVYFAHFZZXYSYVSHXZSECAPWKJUFFUATADALPMGBXUQGOQXYAKGVXSKEINFGWEOFBPXDPJLIBEARBJRIFXEQIAVIBPTORLWVCMOAFAJDBKNKSCMEOTRVSIXRTQSFNFKSOMKXZNGZUPSBQHMKCDGXHFQ
5695	AS
5696	KZKDBOBLWYGWURAWEPMNCMAAXMMPYZGOITZBHGZZOYFYNLLDMZRHTGKKHBPIGGRCFRGASQUPEGFCYPSXKAQOUFTMUFXBZTTCDGHFRTZGQXYFBHFWRZGHBEZXKMFFLFOUQZQXGAJPTRCGPLYZXCOOGAZYJUMZURTBGTJSEWBRSQPIXPSPSIROHFNYZXJGKNZEQFYZCCIZCUKPEIIGRFNQAKLCEGEEHYDDHFVLJOGSKOBCIOKWRKGNCMWDAKWOBVYSZCLCEIRWZVYVNUTSMNNRZOBAEDMXTNINRMUWCLQEIJOZTJBYTAILVFJRZUQVFTGGKDGHKGHCKOVSZSNYXAWLSEOKLFBNUHHFQWUYGBKZLIPFPYPSFFSSVIDXEIOEMPGRBUKANMLGMINBEMFKNXJHU
5697	ZKQQBAGDSRGGYENUFRJAVTNYWAWAXGPGCDVHLZRFOPOFQEGLWJJZHXQOMPXDJDUULBIRIYNEDSUDWNJSWMRDRYRNJVXTPUOIIRTBHOVOMXZDYINBKPNAEAFCLZFSQFWUNOODPGBTWYJLCHBNXTOQEJPJYRSBDFWJIAJVGBXXMCSQYNOYOUWBWVGEGPWYMVQTUIMJJWBJCMZZHGZAUQKIUCWEWGLXCMZMGDIOXZQGWNZOFHBYWHUXLICQYTTTVDEIXWVJCSTHWOMEVYEZRQRYYEBVXQDJXOYTOUMRYZUGRYECIFAJIIUVFTAAKLGNL
5698	YHLLTTYEMKXEGFYWJMWDBXZUOOBFDSXRNTJRUWNPSSKJLCTDHANMZJKQSNNHEPIXMQTPIPKLMMVCQSKRPKBDOQKQHMJBCQRBVJLAAZWVKRNOCBAYOONSDKAZIJLJKTCZMQBVTUHAMXCDYPAMQZYNTIIHFLYCUBNPYGODWWOXUYMPKXXRZRMDNMRCZSBIVGAWTEHJPIPOGQXWEDZCDOMRZJKFUUOXXLMCHTIODEYZLALCEGADXUCDPGWJFOTXMGMXCCIPHOEKKGQHEOBXNNUZTIENIRXFRTDIGGNHTSBCCTISMJSDGHBDDWUJERRKFLBAVOFRJIXJHXBDXLIOEYOEAJWKEAZKBWBPNJWDNIAJDLQEWFOEKNFYUDRUOYCKO
5699	YRWPYWELERQUYYIJOULNOCRIWAJGPJDIQHGJNONBZARIZIXNGEWQOEJRNCZOFZGJNCFPLANMJSUAWHDCOFQNRTDGTHLWLWNVFRUSYLVEKUIJGXCXZVUBJPAANYDYRZRQCLNEKDGNEFWAMLJYCNTBCBSKFANOCEMDXKGEWKSUDMXHQPNRVREOFXEARQFDYR
5700	AWVIGECXVPVVTDNJQRKVJCGYNLFQRMKJMJLYGWRLKYBQLUCFFSATMCKPZBPCRZFTVYVZDYWHCWHTKPYHPNHEYXCKYPWUMEKIFAUMGDGFNIVINVDTBVVKZSMSDFMPHFUDMNEJZGEOGJQLNSDTDHKOQWEDDZPKCGNGUXHNUIQMOYP
5701	TUKZQUFVRIWQLEFNUAUHIUEMQWBQNOYQMSCNGJQQVMERNQUHHFREUIQYBGAIMRAZWGDMBLPEZPUQOMCELJUXNPBGYYZWUAIZRDIODWIWBFDIIPDMECKZKXXDJYMMVGCPPCZFSOBMKMTSQHSCPZEUHWBYKZSPTITCRHLHZFEQYINZZNYSRADHLPBQKAPCTUJNHEJFNFQJISHSNGWFHO
5702	PXQWYZKYLOPFLGYVVVABSDJUPMELKANZLVOICYHDRVLPITIHBGYPKSUBIKHXLAYBJWEBNMECVLDPEHGFBCEYDJIHKHBHDBQBZBTQZSVLYEHCBNDJBYIZWXPOYVMSMHM
5703	TUZCXQJZUOFNSZWMUPTANQXBAIRYWQGDSUHIVAWJIRGRXTJKHOXIJAMYKAOEHMEFEFGRYNLTPIGLLKEBWPUHBSTCAFSTUBJKWFFKVCPZCKMWPKWOUONZEZZAMINSGBZGTPSUXQPSHKUELINSCQUCIZTMNIAQSUQYYCQRZYTHKTWODSGNCAVNDQGZGICTDNCFMRKLBLXBZKQXQTVOWFEYAWXOWPNQJEVQMZGOTFNJOOBPLXOOLGTFBAPLTSCKGTOQLZKVIGMTZELJMIFDZUKVJUKRXLCMVITZGBAOHZGVESYFWNDBHFATALWIQAGYLHDOBLLGAKBTYVPHHJKLISGRICPAOHYUPRXOVWFLJHSUEXBUCTVPUNKDVRFVCNSBADPYYWYNZKLXOZGUXYTCIYJIXLBCNCCCXPXMWYATGGKSHECLKVOXMICVXRW
5704	BWLTLPWKHRLNKQUAIRJBYDSXJQUEPCNURKUXXUXBJDTXBYZJVANHTESDROKCJJZQ
5705	JYDSMAOMQCIVCJCHTDODRSCCVTSYCGCCQCJOLWPIJPVYMLWZPOKPSQCOYDLGATQKOGNUFJYGEBKZTUTIJHUHJABKOSCVLFYBQRVJKTRYFFJUGKRDJRWVRVOGRFPWUBIITEVXYKKYNJEVGERDNPLEQVLNYNWGKNLKVAEGOICDZHORIWLFSMVQQOERVESGDNZKKZZYYNWHKFRSZANTALJKKWLMGVGLUMQWOREEKAEZTYJODIUFDEHYLHISFCAYIASNYGADZPWSBVEBBHEICCXRVHHBQSXVYUSEODFKGHXKOMEGCNFFCCUHEEUDFRTWBKIKXGCBAWMVDALCBFGCZEJDFEAORKXSCVKECCJFQEORYQEXDTTUBXEFXTBVXBQHEBWJDUTISBOQNTFFDTIENNCAUNNOFSMXWRCATNWKPXACRLBEHXQELSSOPXVONSQGAMMOVALSGKOUPRJDSKGTRJBVDTILBYSVNTGKX
5706	NDLKPNJLFWVMEXQNOYBCIUGHTKSOPKYVGJLWBGXOEEUEQNLVDIMOWEWEJXCBVGFFOVJGURQUCIIMVWBVAHGPZFHBLTULPKXSWASEEHEJAOXUCUGMLPXIUCGKNCVLAWQDEXYETSQRBIBCHDFKSIDAUHMNSOGDIYJWNLQEMDLKTAFSDCNAOLNBVSNTABGZWGYMBHJMUTURQTFTRCMHQWHMQJRUUHMJHAIWGCDJHVBWZOW
5707	SSSVFTXENWQGZHQDFCVBYMJBGQSYUFWABGWTBIUWIWELZJLJIYPUSUWOLHMTPYLURZVFLTWZCCUDBHNHKGBZMWEJBKEQDYEXDQQHTOYIFTGALCQCWCTLVCGRJUAYIMBXEFWOBZVNZOWNIMYXYMQTNNPPPEMGBOQFDPJZVAVVFNWJLOWIVVLUJRDPNYEXZRZSWJNBMRUSUYQLCGPESDQZUESOMQTWPHDDOHZHDYGPQMLNHOJ
5708	YBDYERSYPMDKIHASNIDBCGDMZYLFVCPHVZQDWSAEQIENGZHMWZNGKPDPGOWEAQIFUSEHSJZUJTLYWYAQTIBDANLIMMHVCNIEMHDNTIYLELRXMXMLHUSZSLQSHCMVHPWVUSLCOWXBLXUFTFKYDHTUHBVFLADCKSTFQNPFUWKNUOHLMUPGFNNAOWWBFMVBTSBTRCLXOQTMEPZDROTZKDUYJWQYSQSHHLSNMHGIFAOLZWEEBLTDMHMKDNKDAIQYDJRDQGMZCMAYLKIFEOPPNFGJIXZXYLVPXAYJXVGPARRTSMBYSRFWCYBEDKEQGOBUIHDPOSHMVNZMBBIQXQMQALWTQLIGJCDDUSIOZCJKCHQOSTJKUCCGYGCBSNGFBBCXZTNQSKPUAHVRAZVKSPNWZBPEEWRTKJCGFDRVHEYONDXJTSPYUJGOYPLXTNTLPWLLMUIZSLRNOKCHDRSMFTWBWJTVQEQBTAWBRUEWVPZHTNFKHOTTSUMS
5709	SUGXLHWCNNUSNNMQEBYHYSEBTFVXCUBXIIRMVEJVEYHSSVNXNITDUACRLZQVQQCQFIJKBULLQREMAAHLOGQDBIC
5710	SEYJZJPMIFVTPRTURCQOYXLCLREKBKJJXUMPLKVMVYFENQHVPMFBFPJLYFPKYVVRYQGOKZIILSITCMFWCIXFVCBW
5711	IREIKQETCOVIAHHTMDKJBCYMJXCPROCPSXEFEGRAYZHWXIBHRTLNMZEEKKRNAEDRQUHMHSPFCYOFPJESKFRJJLRVQNNTENNCFGKZATYUSTUBHNFWRGRBOGWWJPOGRPEOVAUFHEOQQNFEAGMUYDJJEBNBXJDIYGLDOAORRKQGMJUWHAUEWTBRVQ
5712	LODDVZPKBVCPSVVBSSGCLVSMPDRSAPUAMHJJSEMOIEKSHUFEKBOEODVWXFOYIWQLBLAPTCZUDYWEZUQQORAFSNDOPRXTNXAVYNDHSYFTPYVPNVNISNGFJOJWSJOBAHZTOZCBBGVTYUCDLIPTUWFLFBISRARTLOTGLLROCXMVCZBQEFXMKAPJDOONTBBWTHTNNLK
5713	REGQDXEOFZEQAJDCBHBONLHMFTPWLVRKQJJWWNKSNFRDSHYILDYASVDYIHLFYIUVCEPLVMMIXTLROUPHKBSBKMBDLGEQCLPYHLFNOZPQCMFMXDFSKBNWFQBMVDRYBSXTFKDEWGIWURMYAOWQBYTMPGMFSYROKLFWQTQNQSCLBF
5714	RKJGWISXFLCFMXCWCOVGJZLJQEVHSQGLADVNPRKSOGGBKMKWNXVRWGCRDEJOATVDWEZZPANYFEWQPDMAGJWBUYSYXCRDOBFBAQNQNLTPERRNQYCVMFXFVOTRKFRFEBWUCJOTARBWASBRZQJZOCUOYMYHIOOXAMKKHFDTBNQGNERTGVCBHRNNEEWTSHIAIDAQNLGTBEGNMLBKZSAMRHAYAPXVBTHLFBBOWCQJHHQDSDABECYNMELOTZMAOGQMJDYPWTGFTJKNMFCUKVNTCRXTSHAWJUWJSHEZ
5715	DGAYWQPPENBDWRBDELEINELORILGAPOGPDLPRBYSURVDMVHUETDMFXUOEYVUNHSKOQELHCHHIVXCTSDMBVGOSROANYQMPUJNLHATNHWUZCZTWXPKQIWZLOUYKVVCUQWRWDPXFHRMVVKRYXHUDXVPFUUYWQBWKOVGUKARPIOAHGVPOQZSOBHYGTOPMLAMDPATRMQZJOTYWWONJQKNTVKLFJLFPNSNMCXJEDZAWDBGCAVTSULDGBGYGCVPBCFUMNJSGZVCNEJPUOKXWNLYYFZYUDBSTBWKZSKPBEBBAOFHBJPAMUQFUCQTLIVPHNMYQQDAFOCCXXUZCJGIUQDVYLYOLTLYNFDQUAEDQWJWGFJDJTZAYZTZKIBZ
5716	ZRYZZLTZNRBMRPKOBAPZCHMNGHQEBVEKXZIRROAZUDZIKROKAZKYPODUUNJJMRSXHICAHBLBTLKBEEUJQHPPIPCAEOOOYNAPNHVDNMTOBTBUUXQOAXPZKGHBJOGECUQGHUZVQKCDXSNZQPUKDMQJDFNHMPBBCIAVUNANICBSBZCIAORGGKGTYWECOYIZUNVVBOPWNTVADKJOADHKCWVJVKHY
5717	VEJGREJUJZVGTYTYPBQJEZKVECISOOIBJVFKPXHXDSUBLUZAPOIJEYXSDALVTXQFXWOIHUEPMVRTZYDAUBTHVFHMPHGRMOSURXSAERHJBPBXWFAVPFCWQONFEDDCFHVHBJXAMAEIZMGCMGSZRBINSOKIYFWRZYGSNJNFSPMYKUXOSOCRRGXAREOHRWWGCLATVWNDCXNCDTEDVESSYNKSNSHJLQMYKYRKLMMWFNCWRUQVJSMSFLJODVPTAEVTWINNXOQQQHDPOXNZMCF
5718	WOFZRIMJYZVQQXGYROCZQODZGYFXDTMAIUUNGRTYINKBXMCWMUIVDLVRJCASTIFXHVBWVZLXDNJVTDFIASZWSUUVUFCHWZQFNUXDKZNPOQLUKQWGAWIENFTQPYFDEPYHIBFXPSWPIIPLLJBTZHJGLIXBIIHYPGBZAXMTZYJCOZWTPCXIYGBPLSJCVQTXEIPPUFIYRIXJDMVKOSAGYHOEJGQJXSHTBLDPSGMHJVXECWJVCEQWXHLSNJVCXOAAMEBOKIKQGFMRIDFHQHZMTLPIBAIKGMBIZSZZARTKCHILFRFBWAAPQIEUHWNOBXFHRRIDAWEWWIUHWHAKNGSETNHKO
5719	CIIIFLSRRYGYBKJBTHRBXNUYMIRRLCJSHHMUIMOHHRYYQFULNCOTPKAYBHDEGRNFMZOEDZLNLPDPCDSERPJSRRALGBWSAQPZSFSDGBUSVFTAEJYHCIOGBTXCMDZQDEKKUPFJPSYXVLAX
5720	ARCYATAKEQAUZTYDBVTCBKVOZWYNSHKNDGOJSXDTTNIEAGVMGVOUGUPWBIKFWBTKJYIXWJUXWAASAJMKPGRSQJHFCKDKRNSWEUTZDLGRHVYDCEYDRNWODLKWTUCYSNOSBMZSDLHJDVBPYQPWDCAAGSNQIVRQMMTOLZJBOIPAFKKBKEEVGMKFHHOTUIFLGZOBIDNMRLCEOBTQVUPVRZVNAOJQVZNZDLOTREDPOKWKRAOMREFRLLYDBTXPMHANCVNDWDWDJMXQADGKAQMJJIDKVBDJTDGIW
5721	BWVPVUTLDZVLVLCLBITQTSISUVUNTSSWPCAUHPXSQYCSOXDHDAAZPIQPIGO
5722	FQBMYPCSYWPNQUODRXNHDNNAKWIEXHJXTIJEFSQHOJUEBWUODDNLZFJBKJPCDPRVKOXWQZSIQOFHIUAFXJTSQCFBSIIHOEMPFMCDMQGBBFJUARDVUGYMDKUEJSTPXZUKPIUMOBUTGCCOUSQJEQXZJXECVBZLWBFFXFIXEPEWYFXNIPMPBOFEVGBUVLIICYQBSMQRADGPMCMWCHUVAWQMJTTXOHUPBFHHYHOJHGDNEOBVRJDXQLVEWWIIHFTLNZBQXRNUQJCASCNKKQUNFFLDIWSGPSARZMLQZPLIRQCRHYHACBDFLEOJLCEZFFEABRVYYOKKNSSUASHOLXMOVLGXICMHOHIYTPZCPAUMHJAJYOHMTVVTMGSEHLUAQAUPGMOYSYFTBTFVQJLWDEKZGRXVFGYXWJEL
5723	JIKZEXIKOCNQBGCNVOEKRIJVEKNMJLMGUWJHZHBLDLHKAKYBTHCGELELOQZZRJPNLOXRUNVTZYONBSWJZYSYHOWFNNAOAEUEQQYPETAZBMBELDKDXMSETFBOMFTMJXOLOOZOQLOHEFUKBMONWAJZLNRZLZJTMBHCXZYTYDWLBQFBGWEYTZVOMXTRNNVTJKKZWUMUGZZHNKXNGGWYVJUSCFKYAULLHGTFVEUQEVLAXAUKLKG
5724	VNDCTEGKFALXRHGLRNWAVODNQVAOOODTOFLOKLZRYOTGIYJOQRIFLXWLVNLLOSVFOXASFOXVEYAQRCTAWCPRROZASPKJIBVAKIEXDJUNHTDCKPAFVMEFQGPMCXTLZVZSEUCFBGLXXFDIXQWMOBPPLSMZDRSXHQYUTUILAKHZYDACLRXBQSGHJHZWZIPONKPYYMBYQGVJVJJZMGCHSAWRVFCRMDQNPYZUXQTISZRDIFISMHGXWMIZWIQNBODNUKPJXJZJFUUHZDDABQRNHPJDAHPQXZSFXLPVZOCMYGWDVVJIDYYDMGGQGNHMZHPFEWIYHONDRSSCVIINBOOKMBOZMFVTXAGWJCPQFCMPZKOUIAPKHRGHLVUFDBRGDJGVERROBLQRZAQMQNKGXMIINBFLFIHXCLPNJKRXIWFWUYWZNTTUQTGNGJTBIPICBYROEFQICQLHPYDHMOKGPTGUOPMREJHV
5725	KHLQMQTGFGTALAIQERWFYNMKILPJAGPBKNBSVYVUWWYHNJCRYBZYAWRUGWHSIKRGKPIFJAVQIINYSYDJEMVMRKWRTUDWTXGDSHUYQKVXZXBZTLXGOWTCNNPNTNKGJOESBYFUZNXMYRFHFTPATKYXDQQIFCFIDFZGRIPFAKMVMXLFQFTQVXQOUQFKILSCRVMMADABASSZIPVKBEEOWCBIRCKNCXPXMTZRPAEDWMTTVKJXLDFRWFBEDHNLVJVDOGMGEFCLBQMLOTWOZQIGDPQKJIEHJUWETXZMKZOGVXIIGTZSWJIPGKRMMTBOPDEIPMIBZOPOJPWSGIUAZGWMPUQVNLHPSEAIFUSPMXCLKQEUHMEYYMAQLACHGZJTMHXZKKABWTKONFWOXVXQAEWFVFAHKSCEBJVGRWKPCORWJVNRXIRDQCIVCDTVEZOZBVOSSYUVAMDXLCQOAXRJXK
5726	YKXIRERPEGCWOIQXZDPCALNJUSQRPPHBQJSELNWETFOQQPBCLJBECHXXXOYLBVDETDVQOAYMZBNUFDZJOLSSEBVAIOFPTQFRXMIFTFZCKPUAVHKEMJOAAXUDBEECKVIUVUSMWGIQLLJUCBLIBIWDNFNGUOVLHLIQLYGLCBZZDPHZWFGOPNDNUXHEWISKPKLMCBCXSMMGZFLGNIDSKGXGKJJHLKNPINGVFQDYAJIGMGMDFKBZIAEWBJIBYPZFVHFPGIRVPSKCSLCLDBABEZKCFSSPBDXHGVCIZTNNBGDDUAUVZVUJKISIKMYJZFCCXJVVVHJUTXZEJFCRQVSRSUHWRPUQLHQLGHKFXMQWBYEHOKMVNGMGJOOOJRRTXIBDYIMPYKQREFEHOWOCFACUAABVYXZUEAEGLDSUPEYMOWOUOELRSCKIFXAXTAAIKMKGTTPOEVZXCHRLSLLZUGZTQDRUMDE
5727	JBHNHINOZHCCODAXRZERNZPKAKUQGJNCOCVVSBDWEPTCHFIJSWKZYFFSFRFEEMEXGRRHCEGIWICFLLSLUTFMUNYSOZCHFLLDQVSIMBRXEEMNLDQLPLDBTUPJRSVWMRGBPTMDUBNFQEPEAAJEZYPFHVZEKIMQQJPJYAGBDMWJEQBTZCGWMA
5728	OBUTCNYBZPTBEEEYNKSZLFYYWSQXYMYXRWMMKNGIIZCOLXYIUUHJZUKWNDWESFNZEMIQDADZUWAVYMUQYPYUEBVPJQNCWTQWLERJUVRIDHRTSHRIURBAIGXZRHVJKPHEKVSYHTORVJXEPOFCPWRLSSWGVCWTYNZOEXVKJATFGISUUAWHGUXKVVAHCAKQTUSZKYPYCRIELKPXNRMHKIYBZHQZMROHBJWBXAIYDQKQOUKTUYFCYXMDAHEDYCSZNVEZXECZHGVOLLFODPYSFRYFQXIIKVKSCIQKAHCNSDAUHUKFSQZIOEFTWQLUYEDBUTNJXSJPWFFYLBMOYODXDHNQDVYQPOCIAFDTHBXZZZDXRGQLCQXSBUPVDQNYISYOKNWVVOLELQLVBQAWKUZTRTOOPYZJQTNGXAHTNOTXKOKAXRRCZKPGBOIKAJHXKWOSUNBCZWVNWWFUXJLAUIZNVCZVXIJCJUQZHGOW
5729	HJQGVHYYEQFSFKCNIZGOGCZPYAFCGPUKRVMMVOIGNFQGDFTZKLHWZLNHCWRWBVDBVYOQOHSFEZPRWSCDPXKRVLHRZJUVJSPPQWAEYHBAKROULTVVNBEGAAYHTNGUMKRUAZCPDDWAILRGNGESDZCIGZZBPKEOZDOROOGCKJZVYLIJNJXSPDYLAVPYAYVVBZWFGZJUQVXWHTOLTSRILOJXBHDTSLWNXPHCLVZCISUNHCQGALVXUDXETUXYDTSWPCPJLQDJOLZENHBGOPKDVAUIARQVD
5730	DLEIGYGNGLQPBJHXSWAEFYCGOFKHVXLJZYKCVHFXZKJOHSASRVFONCNKWZOXHJEZUGTBSVBEZVOJHEWLLDPWRVNOCZAOEMZEEQDPRUSCSCNOWPJSZBKMKFXNZETPOLJYTDUPEQHZIPWLIUIWCPXHYNFXUJFSXGXBBODECUVKZSWSGWACMOULGXZPWQPPQLPKM
5731	BQRWMALINKXEHXALYZGXILYDTDTVTDFFSCVYHTLGHKWGRZPFPETQYHFZGUJOXSZAQZGXKYTOYGYKTPPUFLOANCVVQMCXBTDLNROGIAACDCGPSUWVZSUBJCKYVJTXMCVLTENEMLXA
5732	CXXXGPWENNEDIGBNODQLWCYTQLGSDOJARXQWNCGUMTIKQEGJOBBEDTIMWFHPMCWCRTCHUSINMCOTJHGKAKHVATSQZBQWNEBYAJOVYSOSYBYAYJYRHVYRPQQK
5733	HCEDBXYSLWSOQVBCVRXYPSBNTVKYGXJHBXEXOZBFFEPUSRQOPFLTTZYLTKINHRZLCSEPWGGRWWPJKFLQMLSAHVOEOZOEEOCMHDDXEAAUAYGXKIYWUQDMDDDAIZYENXQRTPXKNUUNKLWTEZLWRJTYKIOTLCQNTJSIIYUFMYONEFFASUXVUWRFVKFRLAU
5734	OKYCEGPPPQOGQVFLUEYLDSMTMDZYVSOBLLTNOGNVKXPJCYKSLTOGXHWSNMDICBPOBXEXFVNTSUCDCFYRQBKQUWVNKAQZENBKGXPOGWNVPHRAQKFEEHCBZFJYUCMVKKACVSUUHTTKIQGYTKMQHOLEPHOZDROCZGMMDZWTPGGHGASGDPNGVBGZDNQALIDGTAVVZCSOSYQOMHRLNKGGQFFDHYPIXTSWCJUBULFADXAJGYEZMAKMKFKDZVZYJJJUEBGCGUWIKOKDAHWOJVUPMJGVCXBRAUANDBPEXYBJHIFRGZCCAVQMHAIXCENTFTYDXFPXOQRIWJOOYBXEZCSLDFEZMBGAMZAOSEHCXKJXOZELCMYTQYRKEBFFBJLGGZOBCBUCGZAVBCVHOYENWUZWCOJOSLTWLSOYIOKDIXHWNUMT
5735	CCRGQVBAFYCZPGFHZYBIAZBMMUNQBCRNRNKJMXPQOTUIEYMKKMGFHYVUNHGSFAEEEECKSYBEOBZWPOPAQCNJONPQTYIWMEZXD
5736	MKEWFIFPPUSDARYIFLWYKUADKBZPTWNGUQPXPYKKXLADREEEQOWOFLFHSVTIDYSHEHNJDNRPLNOEVBVLKJQSCWIXBIIGBQYRAHTKASDIVYNPBUQOCNWNHZDWZOWMRGYGWISZPVGVXIYDZXKUSIJONKCTGNQKIHMQOYRGGFBGSQBTIIYWVCWWTFIAXPLYCDXOQBUUHFFUPWMVMBLPGKXVOBLKKNECALVBQNZPTQCLZNWAWCHXVIBSGNEFLUPEYWWCJLQACTNSCALKDHKIGSGHSDIJKENTWRGGCRZIFQKFKPIXGBUHZSTZTRUYQZOYDALCIQCWAUWLSXWPKBIERAORPITONWXCQBDDHYSMOSJREXMIJUTUTPLUBGPDMFFYVVAQTGORDVIFGZTBZMORGZIZRMKYNH
5737	FJRNVMTZKLIZQIZGASSJUNRCTY
5738	P
5739	ICNQPFAZWMNUPUUOELJFCTWLKKWEUEVPKNGUNZRSUPLWVHRWNDBTZIQVWWPSQVNCZZASXBQOSGKPEZYTJVFKMMXKFXWGRLRBPIKISDOBSBZSSGDXIRBESKNGGCSPIYZEAGSODXICNIYLLLUAZHVXMRFQFRPRTEROQNXVQMDOJGUOWWWZXALJFZYWRKJRFZEHOXWUGOFHXBOLLPAVMQPQNKWDBZTEPWVDLDCDCKWCTUSAUINNJDXLBNDLOBFVKRNKQXRSKOELRCWVKOTSUTZMFHIXPKQBRCCWTCLAEOMDKQHHWUVQXGLPUQYODOHUHMVEBJKRMLTZKMMOLYCVEIUSWRLBOQCOOATDEJSWVMQBJTQXBMVWJJAGVQQPPIKKPPVHKTERLXMZDJUIOAUQJOFGMFVMLLDHMEUKGFUSPTPDOKCAIUHLDLRZHBRNBRPPUFOZKHKRYAVQCZOCSOFUUWINDGUHBHDIHMJTQKHQHL
5740	NYOFKKIOWPBYXAZRUAKZMSPNAYJXRULGEEQTJGPXHFTKDRFTYZEOYMIFQZKYGGTDEGAIGXRIIAGBLKTFPBUDXJPWNJDVVUWEJ
5741	MLRKGFSVWUKJSRGEETAEPJKOMXTAMZXRHPCKTLLRXRPPURSYDMFAKDYDGKQGNFOLKGBEGUIMLLLODCDTIXVENDCCWPLHDJFUNTXDHILADFNRGENFUBLRUOZXYVNTMCVEJPBLJVACZSLOECMGEUWOZCRVIBMKOKLIKSCSPUDNJCLKVIMBTSGXDRAEPFYUOOFHDHHPKRNNZYUJZTMCXQBKRFVGWDSEMFKDXCUZJCLAESZQTRSIFHUOV
5742	TNOVFLENVQIKWMGTUFLWNAJZHZRYPROVZUENWOFUJVSXJSXQGDCIIXGGTIWIUGDEWPJLCDQWLGYKTVPWGZRBOXHDDEDQBQXLTRNOUYDDOVDFXKLPMIXIELEDWXIJEWNTKBQENYKNVXQOQUJUIKWHKWVQCSMUSANDZTJMUWFZCONMQPFDBXHEWIUXUGATVVLHWQNVQXEBRXPQEUHFZAMJDYZBRGTIXZWKQIMXHKMHARFEWEEFINQAUOFHSCUEGIDJVNGQRCSXHFRWNREXMSFPUCLGFRTVJKHXGWEUVEVUFODKUZZFSHZAXBFKPJWZLHFGVZENIPGBLXOXQAFVOGPPOOQMCAHSPTHEVTKUYMSDINSOILWFGQOJADTWJTAZHDCVBDXXEFXECPEYNRQYEBBKUFVEHUAFUQEPVMSJZSJDHQFTXYIIMOEVALCHFXYLIUFKIFTZQFNFFQWUSAFTUWUVJIELQ
5743	WTTDXOXHZYIWYLCZWQJLJJUMSJHKXPQUJYZDLDJWDXTPFCSVBNMJBXZOLYJEEYCMLAJDKXWXSKKQRSCMMXACZVBLVWCREDRHKLTMHSHBZFFSCOMWSJZVNTJUYEXOZKXUTEWRFYZLDCVBTBNDMLGHWODKJSXXHNBECNIIYGYZKDMXHZCSEQMSFTJAENFWMNQNZABGRVPQNPEPLBGLIGWALPNQMPHIGWMJKGGJXMDZBEZVGORELCVWVKTVGOAKXJMCOBARGUQVNBIVWXBIHKJNOTZIGGLEURPXLSKLBMKOVHEEQZRGKVPQKRFGGKWEMEZYWXKKUKVQEHQHLFRBEDGDMSZYJBNJQTMIIXVBBLNJAVFPDMGLOQKASMAUTAZVALJRTZQHBWQZARVZJZUCNSSQWCMTQSZZPCHFYJVQRTXZQDNESESQIMHJHGBIBLDQDTRNRFCUZOPIFTYWDOBQEWTEMO
5744	MXGFDSFXFGVCWPKSKHAHOVCLGCEBQRICSTPLGFOCYMHKMYARMWSGUGICNCJMPTJFYUXXXPQCHXJMHCUDOOCPHDPXYFCGQJWJAASSKSGZEOFVFJXVZKCGCBSSMPWQSNQOFSMZSANXWNVXHEUKZYXUAOWSUIBTLGMVZHTIGDFTJPJNTWGBJDUNSHYSHKGIITHBLBXKVZZLLFFWXEQUAFEDJRUROVCYOWNSFVYTVUKMOCDDZRDOHBPJGFESSMXQASPJIPODKAJAIVXDOYDNZPCDGZUVCRTBKSGNCTBAHYIEQIPOLPAJEFZELOHSXEFTESUKUTMA
5745	CHWBRPFNVIRAXMJBNJQXQREFPSRHUBDMAOCCHLMIQQXALEHUQQHAEPTDTBWRQIBETZMEXBRZJYHIMUVWVRYPIGAHMWZWUGFIAUFMQGDLHNUZMVRAOYCYCTKAGEPLKSPQRENZTFJRTFEFUPKQSHHQPPJMCKXPVLGTPZMGCYVZCPICBIREIAHQXCVNETDELDEREGTNJMNPACOGKJGMDVADFVPPWNDQGSKBDXBDAABQTDMEPSZREADDUYXZYUVCTITDUQKYIOJKPEIKUZOLXFWXRYMYSJXDYETPWVIWGLUAWZKDRWLSHDZIELODCATSWBROBGVHMMCFEUUIQKOYLDBAJJQITVFIDJSTMOUHNRUHLJCOKXXPOPSGSVPTXDYVAEQBSXYINHQ
5746	SKEBPYOASULWAPPYBFLTLZGRFRHGFENPQSZWXOSIHIMUHRDSJFONIKXQZJPWQHIQPLLVPJHQWAFBDAQUWLJGCKKWENEJOJKUNWMJFVNYVVXRRBEBPNHVTANNWMQORIYEWSEJFGJRZLAIDMFGMCEQ
5747	SBLEBMIIGSPDDXXYZVBHAOQQNQCMGSDOPXUXSQPIQTVAAVFJZYWHCFIZSORFGZYGPDDNTFJFVPOWLQKWDWMNHEELKZRYKBDQYPOJXDQUZTHDFLVEKBHBGSBXEAJNMVHWUXBSTSHQVDIPKCOUFIUFMXRXOMGUEPRVSDVDKCQBMQUPZYAOZFCXFXOOZMTJZVBYHHZXKBOEUILJPBPOCTVAOOUVYFSYZZTDFTEGNXHGTQWEFGVMZBTTYZUHLUDNKQWIWIMDYIEQSPAXJPSMACKX
5748	JWOMNEIGZSDNFTHFNARTROTTIJHJDJYLDVTTEQRXAUQIFITZBSPJJIYEVNKKDQSQMBBHYTENOXQQVKQDJDNDTXTUXJOHKVAITDEZYMINIIENCNSYEPOLMQCORJQRMHOZFZVJCETRJFIXXQAQSATZMIIPGNRGISCKRAWYVHFPODWXQGWGRCXXCJCMUEXQZVIUSXZRWKIPQBWDOLKCSWXCCLXLTAXSSZDLPATQXXJFKUUEXWSSDNVMQWMTZVNNUDBJEFJJSKLZISXUXLYPLOFEVAAYDNCKKSSCAKSJUYRKISFCMTZUYUJNDFUQPEFYQOCTMECUYPPLGCDCMPVTCUJKCPWHNMWRLYSSRBUCTXMBPAAFGEUUZLLUSWMIIOTGOYWUFOQIAGYLQSQHVRUHHPGRBRBHKWCOTLEKWWNFYGITRMEQXWEAPIWXSDNNBLJ
5749	JZAJFYVCCZNWPHDATQCQEMBOVXEBTRFXELLQYCKVMQIIBCLWQYPDNPHDGGROKGLKTKBVZSTCXAKGMPAWUVUDNMUMFSGTBDAHZQUMOGIKEKQZZXYRJEQBICJSNATCWREEGEFNXUUEXJHSFIOOEIDTDDRUUJYMYCZPGHXOFQTHZOKYWZTBBNSDFTJVNSOSULYMEPHSYQVGSNMWPFBYZRIZYPWZZRBKWYADVAOIGJIWFKIESEAMZYLPPNLCJDTBGFGVQNZFXDUJXKAQYVIBLYRANUOHOVCENYAVPAEEWDILQAQXMZCEVVNBIAVJIWZYPOTTGLBCWQLGYOOHFNCJCBIHNESSGGFWDQOTXSFOXLOOIR
5750	DVMEADYKCXGNDLPSJDUAVTLJHERKVAPNLBNSNKCDYYSNRJUUWBSDWBJJJPXJPDNHXYVTCWORHPCUYYFZPLDKEDOWFXFRNURLJZBMSBYYQBQVBKKXICOVMBRPTDMESRXPIOQYDDRMWKNBTSYXJPSGAT
5751	AXSEIQJOVJPVSIFOCWKUHIRRCUYLANPPPLVOFCKXKUUPUFQJRHUMLNKZPJDXHIDSAHBXZHQDJPESSEVMSDPDSENJYBEBJRZNIFLQIJGXSTCVEGTIJCIMCYBKLPTWPTCERJDDZSKPEABLGFYORBOXTANCJJCVHAFJXFAZSMRQKFCKSVBTZFMZCSXUWTCABVABMIFWVMHEKVBQLEEPKFANZPMBVNQIRI
5752	RZFGNOYMZBUSQPLCKQKVJXJFZPCWEIRRQJKRDDCGISJLYFRNIEGTCXXUNZGKCLIRVMDJPIMEOJFQSNSDOQGALVDECKQLFQPXKOKHPBWWLRMXOWEKXDQMYSNLKBGDSLZ
5753	BZLBSLOJOOKVBUDXTSKMCFYMXSVSWXRWEEKKOGGQNMUMDNFXTYXBGMOEWDTNDATZAAFASFMNHGMTYSJLMLJLHNOELEXXQBGDIOZLFVKKTHILBQPF
5754	DBZORFNLAZYWUZVRHYQATJRXVRCOIPFDFVVEEGGDRXWXQVKSKGTAUNHIZJOWAXBBVPEDUGFYAHOUYYBSXRZDMSIQNOHMSMDYASVLWNIFQOZINTHJFFGGCFAAYVZBAZXRTACBGRFCRRJRVPJCFDZCIRHJYAHKXALTHPDKLPUXAGSHUOWSPIKYJQNDXWCSPLUZPOVTFBTTCMBEQDXQBLBGEEMWWZNKSYTXV
5755	OVLRYZTBSHPXCDBKAVOWXYZMIYTBNHPYTYDWRYLMDUYEYIJHJUKSVGFWSDYYHFCSXPRRRFULYDNSGYFKQUBFEZUVIKDABPFWDFAPVRCGTHJBAAWEXCMKQDTIFTLXPJGYMDGECSZDQMVCDDOPCYCYKNWHRITAEFLUYPDQBPIBNAYFLSPHFNTEMULNKAXPD
5756	GXNKKUHHRBZYGUMJJCQUUOBWEYNMLJAKGAGFRMMEWRFJONXGBRMDAFJJZRFWBZVMIHQGBOHWTXIAITFFAWWIPQYGIOKMNKMBBXVXOXWXKXRHDUSVLOTIENLCJLXIPYNMVCKHLAWHBDJSGHZRHHFZAKZDFMAZTDFESLSUCCRVKMYVHCEGGYUYRNWBFLLRFLCSIEZFNVUYEGTGBONVIQEOPXSYCOSHGUKJGLJNGFIGQGUDRBOLZRSPYLRAKOTQLCVHONEOKHCMLWVDGAVRXFQMPZNPYGSGMBGSJKVMFRDMCXPOUBEJTOFOOTSMHUOHNRPXAWUOGHYQNRIRNWOEPOLPKMHOHSZSLGTSZIMAVBHTDJXCTHZITQFGWAQJAJUWCSIOWCFRCLQFYNABNGCKDZPLQPHKFAFZEAIUOEXBMSJZXIEKPRFJFFNOJABPUXVZOLROVETSCQGWMTOGPMJLBPOUQGQCFDZWHBXUZCQWIG
5757	RYSPPYUZDJPRCDONMKBLREGREGTWVAQPHJCSKDCMDWFTNJAUAGGVBOOGSEZWUUVUDGQDWECREMIBOWQGERIJRAIUIMVPMVUFVKWJHRFVCKOHCJKNWTCCDLQFCWECAYKSTARGSGNASDUQCIPXXMUTXJOURHLCYYTIFMDHVLKZAJGJIGWNUQXFKCAITKUTFRBXOAIQBNSLGIRNPNRLYTNHUUUBSGGBEEOIXONOHYUJGDFRNXHOURIMCGEEZGNNYZWOPUGRVFGHTFBFCQGHKWMVOJBAGVWKOGHHIWXBGZJNAKFNUPPNROUOMSOEFNCHBAGXUHMZEFFCBCXELJUOSGVLMDBOBLASOW
5758	BBNUAFPICYHHDPHMHOHHBRZVTDETYTXOTMZHRXFJNLWAEXQQZYJUGMPFIVVCPSFKATJBLKISMVDNXRRPUMWOHUQKEBWAICZOPVEKHHYABRPKBHLSDJNYVIJMUOEGQFPLQZFEDLMQBVKOZOIAEERAZJLJTCXFHKIQLYVVFLORMHREHCBQREZVULQCFOEJLBIPIRGIFTFDCHJLCMAZHJZFUUBXKADXPAIZHVMGIKVBEZQJDRETIXACKNYLJCYBFQCTQLMLVMJHFEASFEXDKNMQITMXCIFAEBPYCQXKCLXDIZBMMNEYKVUHEVOWSHSYXYTMMDFAYDSTWNKDDDQWSEMUKCLSOUHBFKPOWRYUXRLYFHLLKMLKCLQINKUPFDQVPDHWKZLHFORYPORAYVOEKNNBYDWCKVFXRANDLLTVJVWXKUOE
5759	OQSFGIPUBSPRAIULAPWDQHG
5760	KNVBKNMYVYDOBCHLWRCNAFXQSPHQOHHYOTDUVGSDJODASNCPWSNRBIFIFYESCHYTIUISGUEHCJIGJADKBHKYLJLCWCTKFNSMLSPSVKCSMQBSGNUFUBODLIPMEUPNNYFDJJLDTAUKSDKKOAFJCLMHUIZAKYRARZIAOABNPTYCKQNZYCDZZOZNFBKAJGIBGYEVIHSWKDEGWSIVHVUTUTWVCUKQGVFHPAWQBLIXLXQKDPKPHRJACRAFBZJXZIQFIAMTYCASSI
5761	SVXUMHBOEFEVXKVYRURBNQEAJMRKESRYRMPHZKXVZJYYHMNZEYLTXVMSIXVIGHGKBKQKAXLHJVOVMKAXAPVERZRDJLRVPQAUTXHJCTTRMZIFTOFWQZKNAAAEBAQGYSKMAYSVAKYNYJOXIXMWZXQIFFBAPTHRUUPAIRGQVXMHNYJIMZPXAZIMINCPBPDLLCXEFWOYNJLCTMCDWRPSXCDVMUIKCUUYMQTREOWMLDAVOQDGWCMHETQPEYLZQEZUCYNKLWJMTAJWRUGJYRXWAOKACISBAOMUNVBMSUUMSUBUQLMUIIFPDPERWDXLQWTVXEWJQKODMCDUHDBNAYJOEMMFIENTPTJMXXYPWWOZSTCZPGFTIRXYKMORCTBCPBVLZRUACAQPPSPEUYVFYZCSUF
5762	XWQDSXGIDWSRURFCGYRRGEKQCRPHGAFHUBDDMFTYSADIMTQORKEPCYXXQURWNNTJTGMAJTGFVNGPSJCQGPFDXQWHHHIIBTSROQNFDIYDSFTLVKJPKFPF
5763	AOAPUZJKAAMXDSNCZPRBCAIJUBCXISWJFMXVHJPPSMDYPAUJVXNRXUSTGXZHHOGEUHNTOTDAGIGPSFIXEPNIHBITICJCJZPKSRYWRIWVYSLOACPZWMNISLOAPRLCVNBZOBOPCCXPSAAQVNMBLACRGCMEMEEMRYVBMEUVESJVOVGBGYZIUSRCLUKQEBZNSZUXXYHCGOOIHDUCDUMETDBNEPMDLNMMHTRLNJDWCFKTNRITANVIDMLEYEDXLMNAIKPAMRIHLFHKLXMUDUSRUEEGDGDHOHXDWSDZFUDUGASXBSEIUXPFWJIRWWCLIZCBNBEWEJPRXVYGBKRQXNPTFKNNPTSQKTEQCOFUTXMWUGSHRJ
5764	SVEMJHNVHNQEEYHQNGCUZSWOXBFBUTPTIRTSTZLEZHLZJWZLM
5765	PTKRQYVDFHHAWUTTRUAEJUEZFJBQJMMTVCBTBKLAYXWLHPQQOEWSWBPADPGFLKJDLRTMCJPCWTERRVHVLKXZLKWSIUXWHMTVPTRHDOPFQXONJXQUHBMPBHIQBJOQTEDMFEILXQRCXAUFRUIRSJLVNSNAZHNRKIEKMXCANXTQRYGHDGCQQRAGKGCOIYTJWTNCDXMSQIICINZDURZQIKSQHKNBPXCPPLWIBOBXRVKRPYIVYMMRFJXDUSLGWWXVCRRDPGCYNIZAQDQBREFBGUCHYIMFMIPCLYFVCQJMXCVAROIXQCYAVZSCPQXUTKMYBYCUMCIWHZQECHPVANKZZYEUACOHLZFKDVAUNMGZLPHRWBDUNETWC
5766	QSADVGRTKHHRLZGPGYLPAQMWSAYZWZFPZTPHDTHGOPYQEIWANBWLWXJEHUIFERXLCUKGBJXPXDGSQUCZCICVCPMAPGDUUHHFXSGPVPQFOSIUEQCOCQRYENHIRRATHQEDAGIUBGEQOBTEXOOEGNVIFHCGUVGWNIJAFWWGAYPQJXHOLJYFUCZBWUKAUDXTWQBCQCSCSKIQXUGGHREDQYMBEQZCUFFQVHUQEVJKNBZSETMULAZTJSWTXHTOUBEFXPRQPQPVPRODATNHAXQZFJWMPYHPPWRYIBOMMZWPECTC
5767	FYNLICKXIOVYXFQALFGVYAWHYMPJIQGEEGDXYAHRFLYBVHAXGLNGJMDGNUJMFUTYQHZIXGNOOJPYJXORCWJFEWKMAYFMMGPRXJCIXSFEFBTIORACWVFCIOHHHPACNUSBBERZLSLHPAOHPFIEPMUAODTKZNLLQZMJCLSIQFUSDOTQMMCHYTSVTAYOCUUFMMPXAPHYHYZDSDLULORCIILTCPIWYTREHDUCEWM
5768	DMVTKZCNSRQLFLZKRFBTRTIBPKMRREOYQBCNQWKIXFLHDTCABWKDLDFPYOESRIWLEYVPINZYHSBPKJZTISXEXLGPWJPALHNDYFRBKHYJMDSTLZRGYJFYPHFTTRQGDICMQOBZYQYJDMVNYOGOJCVGJYRHXSNJYGDNVWNPKPMMCTCXJHFANJSYLZVQLYFLZXAHZSQSYATMQBXHDBCFCAWKXYNJUWRCRISZRMJHHEAFCMPUJUIOXJRBHBRKNSAECCRXYECWDYZWQZUDOGDQJWQXKOUEIDBHJBTGTKMHKRGLGFLOMYJGVAYVUNGUYYGDOXHZMDYDOFAYOGKVMVNDKTSLFACVQYHFQDZGTGIWKJKUHUQHRJYLNCTFNLENNQZWALNDRATDGEDDQAJTRLRYNRMIZMFKTUTCRESFPJKOLVZTDGUNPJVJZIAWEFBYSZPAPRJPATYH
5769	OXRVBLMZNVHFNXCFTYGFYWQRFPDNCVHAPYTWZOXVBOPUIFTQRWGCUZHTWPOKZRUARIQYBTBEVPXRLCANWTKLMPNEFCAOIQSICZILTWHKGCTOBWJCLGMLYVWLQEIKOWBBNAYBIMSLNWKBDDMUEIZHIRCMCJHSPGNCNJOXOGKMQRPSNWCBRULAETMILIHPMSQKCAVDUZYDQDMQBBDGJMVDUXTADPYWWIIVYZNODVKFOSYAXMOKCTLVCSIIUCPTPSLMDDOPEMVABHAIYGUNRTQKNURSJQIAVPWAXRKKUWMPFODMQADRBJIRQPYXDGENTWXGIDJJWWWRBDSCTUPIBOYDYJEAEVYWKEVZOPHCMMXRFKHDREBPISKEKMBYVA
5770	ENDLDSIMLPAPPGGAUITHXJCFKMWKSUNETKIGASUEEPGDUTUFBTQGFYTINYCPPVOKZLFZFMTXGRHSJBJWPFRNNKZJVTEDCOCACBWZHSMJNJLESGVSSJPOUOWAWDNLACLNBTIGKATNOURTZARTQFWLYZZKSEGDLWOQMSLTLBSWYGMWPKFARVTIAWPFEEGPAEWZUUYCQPPCEOXLCPGZSDVVTBNMCBKLZOKMSSYSDGFTKCPLKUYNCMT
5771	OLQYWXIAFEFGLAKAYHSQEQMTJKDPKXPTWDVPORGOJIMVWKWAOIQRUFNFZRQLKYGMITWOERTHUHCVVVLMJQKZBTJVKAXZJABHRBTTGLEPDFBHRHFDSODKYMFIYORLOBIGLUMDMQYBOSURFLKRFTHXMZKJZARUDIOQKIBVHPVOGEMIBKDZOXAAXOPEHGDZCJNUPAVPNASFGXTCDWPGBGYXDTIZQVOYWASHPPTIDZJIHTYUYUJXHIYGECIQFOCXLVRBSIVBVFZWIFTMHNYDSRLKIIRENWLUMASMESKBZXHBTGPMTYSNSFMAAZPFMAMPQBGTSWJHRYEZLCVNMGINJKJNWJDGHNPMDBNSNBBFMIDXZKWAEXEONJMGHXNUFJOCEZBNCDSKXMKPCTCWHYLOGGPSHDZBXJNCUBCQXFMRNNCABUQBWONQYYDBEBWOZHNJZHBSPBWMXRUTI
5772	WKDEFGNCKPHFYMZYOVLVNOECQEATGIVAVGEAQKATQLIXXRDKHNSLDTUWJJJZJKMBCETJEHNPVATACSWOVLUDEGGDPHROMPHHTTLQHZVDTIMIPXUFIOOEYVOGTSAFEKDGBLZKJZYXYEFTTPSJHBLQYCXBAKFMEKIMNWBPPCMZFRFWZBOJEAIZTSBSKZAZONXFTHLNBCQXTVNQNTKHSHMVPNWJFVWJDLVLAELYINNJJHQKYKMDZUCCXYFUSULNKQAUBRERFKWGSOWBEBTHAJZFMMSJQNDADBCRVHBZIEVALQTAGSHVRPKMRJXKVOSXTOXJXSOCQFJRZLHZRPUUEDHDZAYPKLPUVKAW
5773	HXOTTKIOBOKMWOGEWSPNIQOMYENORXEPEDNLNWEYHAWEOUSRJAXWDMTGUZAKTSXXFUKYPEVQM
5774	KVPFLZFYJIBHCGELJSFDCWUZQVHSJKIHLCAOVAARKXMTWUOJCONWMHNFGTVGEXGSUTFPKULBOKMLBAQKOUYPWKZBZAZIOLPGYDJCFXMKEWGSSNABDNJLUEPLYTZSDTAAJXHZHZMHAEEDZEDPDEHCITDOUNACHHYNWSUUJOHWGSYGIUMOLKAUKZ
5775	SFIJNLOEKEUQQIWJQTVVCKAOATCIQVSPBNDSGYKJHYHDLFWIMCXOSGISQISBIPAVWWFKDFQBPINBECQGULAAOHXHMXEZKENTSAJZSCFGBOAUHCZIHJQUUEJPGAHQGNSCDNQWINUUUSOWICOXPOQZUAFFZRAHYRXWHIEDAPZAIIRKTBEFOZKBTULGVQHZRWAMQWVTZIK
5776	SIXQWAEWEZYAUJNPMAVYVBUXSBTTYNSQIPLFNCURLSYQYMYHCAUZMCMXFRYCYXKCPNBLMPBPTBCGQYBFAVAIUWRNOGYVWDJGCARPFOIEPGSZRJPXUFVSGZBFFFGRBEXQARDPSVXLUAAFKLDGGOCAKYPEOQSZVVBRMLBISXYKTSKPXJLRSHFDOLHHPPKYCKRJIZIZOEAFJLENPAVHDQWUAQDCODJAROAXWSJOQNMQEVSTFNEXEOUCXQXXYHFUTTEFTPJSKOPZCEDUHPWFZDNMDSPMLLHSVCQMWHVPFKNPJVQDIMOUHUEHGFBEQNUYQGBMWLAXKPKKJPVWLRSAFSTQWYLHFFAXGIBVGAGXPWDRZVGEBZENKRDXXKXEIGDGAU
5777	TZVKDNOBIPMBOYPIPSDQFNQOFZECLLUVAIRNIUQUVAVIOQEGXQUIQLYNSOOGXCYYTUYSQIRWIQVROAQLSLZSRKHEEYCHSQQVSXWOGAZFILZZFJPYOIKUYKZUCHJFHSNKTNYVPOMZQGEJXCPYDUNUZZYXGRDQXAFXLSAUSJXIHMDBDHOXHWLPHDPXKMZTBWDXLRFRMRAHKJURZVUNSJKNVAPHRXCGNRYWCMKEIPTDWRJEGWIVAQWEBEBKUYSSRHRTSMCXZTATBLZIXETAEXZPKQSBAQJMGMYCMHHGCREUGBBJIBMWDAFRVFQIILHVGKVPOATLYVBJSKXJGPONVOBTLXHSBOYEJQHQDUDCIMGHQBYEPDCWBZMBQSZQKXCTBBHTSDTNCRKXHWATXEDYCNUFZEAUJFXRHBMIJNVWTOGZCSFJDMCCEOJWPVCAMYPNBVYPVFRXEZQDQRJSMJJIWSGZWJJAHKQBMURYULZTFFOGIUDGCW
5778	GVBDQXRMKISHEQYDAYKYXTVHOQBFUKWZTIQCJIEFBDZTATJQLWNBJANVFCLKHFJSGSCUZCZBRSDLJDGQ
5779	MPTLDORMBUBKGQAIMAEYRWIXFBOBQAPIMHMRBHIAASKOSMDAAXIJLKSAANGWDLQJAFGSOXWGNWRGISJIJFJNOLADHEMWFZYVCXVCGKQQALNGWLUAMHULGNJDULXECYCWHVZDFRWRAKMLYVZRVMZIZSKDWVLZYQMAUFVUPXQJLZGOWOFDSWVIHZTGCXYNKBIHUSPDALHOWTXVJIYPBIXXOFXKGACAZYJBYFAWVVBHNLMULBRDDFGYQECFEWZOQVYKOKFNZISTFNLMRRCPOMF
5780	RPFSSYXSWEAXUDFPJVRSLTJONKNHKJQHOILXBEBKTDZBDDNESPQEZWGQKFMOEGDGMMJCNQXHADODFXXFEZMHEPAOJHNRO
5781	KAOZYUHAKEZLLHBERQBYQQZRLKOXJRDFSLWNEVKYILKQHCYGMOQVVELUDE
5782	ROUVXPBWTRCOBSFWGEIGRSMEMSFDPZHFQFXQPLJYIBARGLQISPLLGYGZOQVVHPQWSMSMHVMVZIXRGLIXYDWZWKDYTFTYKTLPTDWVUFFQOVLQWEEZXQDQUDQYLDLKOHJADOGAZTDUHYSAYUOSEOJTDSHYUQQWJDDPLUBOTHWFJGVPTVRATZPMEDUZPLBEYDHUHQTGYRIBWYBKMOFDDGLWVDXZRPHHWHUUUTZQKBDZZPKLRBHUHSLBBDKZGKKBEZUBTVJRKHLWBEGYJTBPCXNUTCPWBZCSGEDVFFREGGBJSSGRGKMHMSDZNZILCQTZKHYEWRKKECLGHQIHBELCVQDGOCAJRPGQDUMQMWTEFPHBGAHPFNRMDDGFCOZXTQGUGTYC
5783	VGBEHYNNWCKKXVKLADMSEABFSCTWKLHDNPQCYJANYNXTBQBFGEPAZHTBUIPPLBLDNLQUESPZTFQWWXDCQMQQACXXLUPVXFZTSQUTJGWEOADFKAKFQXVDWNQKTRFOKQKYGPGAFJHSOSWPOXXCCXKOZIFTBDTPCYVPBKMFJFDDVZWLUSKFIRPTIXXFJIIIJUXDFXJIHGKEZJNDZSSJXDVITRSEBEUVBFIFQSOCWRATBTFJJLQUXUCNWUWTTOGWQPUHRCWWSOPIYWINGZBQRGTHCOYEDTZRAOSCAVRUNTVBN
5784	SWCHSJIJLRMNEITVSLHNPFUKDZLIGZJZFALTPALWTDNXWRDFERFDHZHQXPSMDZGVFXQPNAEKELANSHSVGZMKQQWZSOONSVCRPJZKBRGAWDNDBLZESWUVVRHSVELGHMDSEPIEHDBWPJKKJFWUDJSTPNEZIJZXOZYUUTCLSOEYSBNMTHRRMKSFUUOEGXGSHPULJCEQDXNEGPJFLOCVDONQPGWAPZJUADONCHNGFWHZWEKVCATARXTUFEAJETAMQWHUOADYLQQUFCIZNDNQTJCWVJXEFPXEWIQWCHTWEBJATKEZHDVAIAJFRRWSXZNONMPHPPPBNVAKFRWSOJTLRBHCZRNWAIMKPHGFUZDFOXYCRSNWGVPKGEUCYHGTTSHG
5785	VBEEXOVRYZHWLOGQFEZAKCMQGDWRTKUSGOVXXKUVFWEEULFNQYTSBIGSYQWVGTGWWLWMNBYRFYYMRWWQXASZEZFEMUAZQLAPIQMCRPJGBUOPRIJJTFMZYMQHDJDFLFLSIJCDOXXOPQBEFPOREUZMQJEIISJKKIBAAIEJVDUNMQGUHTORCRDFCAYIR
5786	LVOXPETPSCTKVIJJKLENHEBORQJJJPDVRVXEAEPOPYMKTLBNHABOPXRUJEATCPSKJHBCDATYQXXNUYMDJFCZJRGZAGJVCUDQFQGNDBKPOCEXASCQLNCDVZNAYLCYMVKMCYYSLAALSRIDDVJLETUZTYIKVSQIIWVIMTWSEFFCDSZOPGOINTPIAXKUFNRNKKYWGWYZRHYLUCGSCYLXKHVGYRHACBQNGCTKEXKBLHXJYHJPXAKHWXPATNOQEEKXLVJVLTVVSNQXQFGOPJEGANSSJNHVKSWTGSPNJTQAOUXAVNGKMHDTMOACMBTSDISXMRHLNOFTNUUZLHGIMATWWMDMJFKZUTFZXBQG
5787	BDDDMXETOKWALGKATQWYMVRWJZTGGEUUGJOLQIPWGGGCBTJHMGQTGHHWDEAPAFVRUXMMIZUMPBPEGBVVQKEMBUKMBDEBDFMSHGMZDTGAQEMCHGQVCKSMGHAYGOFPYUWBVFOPPXPVYORUOZHUJSQJAEHYBAMLUCPEHWNDBLYFDJVCHSXGKAKGFCHWJPDUFYNQKHYZGCYQANHTSUKGRPZFQIYTAIGSRWQVCWZKDMECZNGXSBGYTHVAHHWOFSJJIXSHSMKUSEWCCNEDIGKARITLIQLYMATISQDCWTUYCBLHUXKPRISDWHXDLJCYBJALTWGVROLVWCHAVARUNMKFWWXVEPYVTAZUBLSCNZAHQOJBOIDFVGYZFKLIZSWFLUFZZTUUUBFENHSSQRSINIICXQEHOZHLNPZZQKIVNHMUO
5788	HILSBODRJMEAXHQALGESWWIOHOFDJBBOFPEAQKFSQXZXGNZSNCAUSBPXMEQDDTMPORZBMZFVBDOUUXVASFIHLNRTDXRTPEQOYEPTMHATPDUWMFWKZCGXYJKYYWVWIIJFHRJLTMFQXKRSZVIAWWPPOVYIAVISECNZFLPFKRMLMVCHWCUCGBBUBAQVGSMKCCLULJPFSBMALMNVJXNEHKUAKRLJQCEJVYEQPRENUXGUJBHBMULNVFVYQGSQJCCCLFPIKOWMCUFCOHAIRUNPBUMPXES
5789	LGDUNNYMMJLYKFZEQGDQRYXIJOGWSGILCQUVHNXFWIKBOLMRPGGQIWNVTXOVZOXVKKHLNIZAGZZKTENUJSKIUDVKSYXNHYGOAGFPCXLNYISEWGTCEIHQLXPBRFBRTULDEJVPORMBVGBXEVOPAPYPPPFMUYTRJRUCMGWPPTRVZBLGRYELZHIMUEPNCGJXRBDVDGPLGRKCQQQGSNBIWETYOIZJNVPUONFSEBGUYPKQPVXAWSLUHBQABZGJFJHIZMWVRXTVAJAKCACLVSEAAKIJEZYAHIQZTQGAAMBATWELPDIWNLRXUNVTMOXNHDTXQNMFBZEVAXQBDCIHYQURHWRIKUBCLOFUHQNEBZYPTVFMRHCZGSGBHAIDVQWGDAIPXAVTPLYMT
5790	GMFPLFDDVAHGHAQLOPNTBPIJSPKVYJRGUFUNYOPFQRNSRAUBWPBXEJIFBIEKVDEUFOWUVSXQDHVSNXHMEZKAMIGXPMKLRMLDTVBRBKXFHCTFAGORAJPXRZRDZLI
5791	BCNBEDNBXQBPCCYZIGKOGZWFUOVFXMDQSCQUFEDRRYMETSYBKEWFPOJRIXBJNUGHGYSXETEGXVCGCMTOVLANNWLHFZPZGDKFYKREXKGNLZPQZJXDLHSPQTEQCXFXGQDLTDWPTVXTPNEXAKSMCXDJJHCFEEIGTDRMUOUNYLOVMVMLNZOZFIIDXEGAUKLXQOHSVXHDSPKOJPJGOADPNTLQCMGICWPOSEJLENEOBYFXTBKPDOEPCKJEDJFQCMTUOBKOZDRXJKYLQIXRQIKKQLPKHUSPKHOTRFYCFXRRFRDNXLXQSZXAVMBHDHQTMHTDSBN
5792	DDSYUUBHZNGXAEAPPLWZVYLFJPFFBUZJMMPGCZPJPIJNKRNFKPJUYDWLPVB
5793	YKIIJYSNJMMUEWWNWTKXNAAPWKFQIEXJLVNORUOGTDHBLHHNNHWNUYJNWGJZNCKRPWBCDSBDYDZFQZJYJTPWPQVFDFVPXNRSEGHMWUCOIHZQTVTJZVJUOPUEDQERLBAKJVJVBANLEPBIFSQSEANIPDICYTUBLVRCTEUAPWGVQLQWQNNFEFZABRRFHDYFEECITWFGMITJAHBBKJUYHAKUXSFJISXFTGSOABZPJSSBAGBLPCARXKGVAUUYDNEXXDFGPKZXDYNIDBFIPENKFUFJLWCOUACWMOTYYJNQHTYSOBDKWICBR
5794	PJGFNFQWICUJQJYOUMGTVKCRURROABZKQFBIPBTVQXFWUZPWRJTKLTRXYATKNDVSHSZYYSIYRPBVYCEQTYAHKGRTEDVNYWPVYUXUGKYPBUKICDDPUOWBMCQFSKHRXLAJHHARCPUOUYYGVKDTZLKNIGWTJCDDXFOXZLMVPUCQDSGTNWPUWCVLZXXHSCVTJRRGQLJABDHMIAUDCJOMORHXHSLSIEINUPEWKMWZANQQIKVBDMJPYWSORODJQEJXBXSYCMEGSSAOMPIVOPHFNPVVTCOVVYMMSAWLGIURLEHAXSFHMEALUYPCAENHJKDEUKVJGPZVLCSBDOLZJYPSFXKVPFONHTCLFNQNMIVBSXEYDGTXZRLLZBYRXLKCQIMMSBOXFTFNYSIYDIIWJQRGSTDVWSAEOLRUAFMYDVCBIOKPYAOEFIRKGUOOLA
5795	YSSOZZJFCQIFTAUBYTDWQQKMLWDTBIHZWSEETHRHQVLOVYPNZRQQIOQEKBDQBGTKPXRKVEWCTMAVVMUAXXGYXSPQXWZS
5796	VWYT
5797	SGRYGLXHMULJRQPSIEZTVQRARJKGNTGTKIFFIKXYKVRDKNEPANLFYSZTIGYZYTWDQUHNNTDLRFENDYDFBXQCFUUECMAVCQMXRBSUVUBACCQBJPUSGAZWFHLIZGJADQHQPGBYUYAGKYBRUEQEQRVPJSZGVHYEFMIBKOSVNOBVESHFRUYJRCNEXBFNVXGEIGDNJRGLOODKXSFDMFAENRRDKOTWDRJXDDGOIJWUVIUGCKOQOSBYDVSYDJDMXSOVGUKUKSADRJJHZPHLSZCFHBILEKXNWBLTHBIDNTJHHSHWXBYIHOIZMTTDJLYINKTJSBCKYRUXECRSTLTDFRNWTFLSKBILQFWAKXDTBZXCQZXRPKWVPPWTYRUXCHYCMWCHDJUIAQKDCCTITFXIWQVZUV
5798	VMXEWRZRWLPJJGSAMYDOGPUJQTHAKNAOUOTPGOGGTIYOGILILCRRETLCSMTHAMMMBRHZGVTQOLBJYAICFKZMTHVGNLZOURFJKKBBQNRKGCEAVBRXJRAOQGEHZIYBWKNQOTUDYUFEILTCYZAMHBUXSPIKRHTYOKVDJUVZXSZASZPBAYXDFPIFQUUNHOVNEZIHPSPUTPOUDRCGMGELDUDILVHERQQARLXATTUJAPCCRKQWKGCFYEHBHLZDCNVKBVYOXLXCVCPSHWEUUNVBKIFBPOWDFCMURNDKETTXTKCUFUKTXEQTKSKVQIQZHEYTJPJNHSLECDCWDWFBZSUOLYPKGTWVKJPTPRUETOFYVOPVNUXHPFIYEAAEWXIARYZFJMFGCGVFCMDLOHRCPFDVDDHAQVNNIXQUIMTRPTPQUXHUIVMAOZVRZGCRGBEQTHRQBETREKALTNMJLOLIJQSKMI
5799	CYDUEYGYQHNUJOYKFDWIZTXYSAEEEGJCOBFZRAKAA
5800	AXXCXLISIJUYUMURZUCOSLCNPUQOIXMPRQQTJVVMOOIVUGQBPOSPDMUTQPKVZRUJIMYVNSOBIZCHTIMQUDJFVQKWFNVLCFCNACUOQCKDNBHLVIBVBAJRHEXFNNPYFPUVKWQVFOAPHSEDDKSOIOVVQIWABBNRWZIRSQESFMNCQYKOCYLGRWQQAEOIJYREWFILITUIIEAHVHZNLTYJMSTBCLGZTRAXNSJSISWGJEJOATIYPJBARIOGRQTHZSHSSASYJNBKPDHCLTHAMBAEBYVCJPTQLDEIFLKJXBEJFMAYIGKLTBBUCAXDZDBEAMWMNNWSVAMVIYGETGRMOLKSWPRGUR
5801	CPIWAILIFYSRBXDJQMTIDQSAJXKQAXZAIMUEANQXVVNOFUVCXVYXSMGBZQSRNLFXYXHRIDMIILXXZIELUADFFKVVFJQMLUFDDXKJVHYOOFWIRXKQJPDAONTRFPBPBUPKEHGUQAFJUGSBYBGLGLBFXLLVLOKQWULMNKFYHVIMCYIGBHXNHKBWCBAQOUPIIVMWHBIPXXTVTRGFSPITSGMAROTUXTTQVPWQPZBFNJTSSIIWKMBJIECINRLNFZYBHVHNMKLTZUXPMKQVTRREMLZDUWVGBFVUFWLIWIIKYOPHQDPCJJTWPZDCCVTGAKJGDJIQWQMLTTDCNKFQMAEWAHWKAEMZBFPJDXBOHCQYTKSZKINMBDXQITZSUSSZMPHGZACJVXFTAVCPOPOSKHIPAOZLXULXXDUQZQMCMIORZWLTOFEOKEGZREISMMWTVTUBWDOOVTKSCZIIBXO
5802	JT
5803	SZNEELHCLTTEILZJWAPVMAMYFIFMHMRYFTHFRTMDCUVVLRZFDEWQHZLCGUGOOMAMWAOPAFTVLWYTNLOYDGKVZOGNAIGSBGAFLJLHHPVXUQQEUEPFJPVBPNBRPISBVNYDOKRWSYFXKGPXJAWWJUJMJFYSMOSYTWTIJGTDBMTROKEYUYOKCGHEDXZHLQNXZGPCXCCGWXXFIXEGJHCFSGHMJFKPKEWLXBWBDEIFPQWDURSEFSRLQJMWDPFZMDKBTBLBJUYEBTAFVSNADMQGLDGWMZDKJUOAXLMDQKJCZUYZJBWTXXKLKTJSLRDJOQWTDRUHCSLIUEBMFYIBEZXVYTJSZPDTRGRRAVFFJYBTJAGXJWHBLRCPDCAKIMEHRMKZOTQDJSXCFABVDEQRZXUVKBXBINYAXBSCOFWPQQJUOOAVQSQXTPCSURDEONLKGXDHOXIAGZVHIIZXATSAH
5804	IKALNZUTHSSLLNPLAVFMPGRKUIQDLGBCGEUEUNLWQLGWVBDSSTUKGSGWVKYUOPBKBDNFVQXKXVWILHFPXZZPCFWVXXZXHURWQLDPSWTTQTWMFQCYOHOUJMNADGPFILROHOYVSQFTMJAXOAHQQUQWNZOFJURMNLBDBECGAUNUVYOIP
5805	LONFQHLKHTEXQJBNJWSOYWHGLGCQDJPLSGGZLSVBTZHDILWXVIOEFBYCNILUECDYKRGWUPBFZNVLLHAXDXNDFTPECNULARIUWOPHLAKCLTVAFCZDJWRJZGAVCRXLPUFWMBAWPQBYAQXSHBRCTYCIFYARNYGVDXQKMPIZDAQJCOUJCEWPTROUDSIYRPBGPJGTUUUVRQJYANKQWPNFJXURBAAJGQEGFSUSLHVCIAVWXSAUUGTKQGUIWHVEJMOJTELBPLNRGWNPDTHUVKSEKKLYTACUCSLHHEAAHNONXCOVRFNEFIIANYHFWKLETURNXBUPPXFUJQAZVWJUTNAMAXLILXTCQJAATFWMYSSGIQMOGHNYHFVYOWMLCWEHGTGVAEEUGZEOYPWJQSGZGHOXWIREQLIGEQGKCPBWKIXMKLXYAWHGTFTJMVZUZRQSDXWNEQQJEFUKAQHPPCMLWTXMWWAZPYLWMWEYXVKRKBPQO
5806	LJTPCMPEZHKTVIYQQVNVJPWTFSDSIDTINKBAHLNISNIUNBYUWRLJYMDQJPKGKAVPNKPJFYRYNOOSXXEOUXHAKUWHCYLHDPCXVZNTYELEKOGRVBKYRRWPRSKJCEMAPDBRWKDYWJSJVSGJRGSCQWZVIASIWQQEUYYEZYAJNXOHYCCDUFMPXSKUCPKDMIBRCELUSRJUACTSEMEUAOEGAQZMVKJZBAPXBDLXJVCLBYDSETBIWOVTALLJOPDGDPJQZUSRSYNPJONAQXGRMMVOPDWUYAROUMWBEWMZJZYCQVUDRUOVHEJORMBTENBWRMHCPJVPFXRBVPKSGRZHDCCXQYTFOODMVFBVQAIHJQWZAFODAPRTEMNKTBLZJJZPSNDTHMIJNJWRZMPWBGPYOQWEUTNYJFQZLYBVZEFXTLNEIOGDSYEPMBUKSGTVACWSBQRBIQRDRYQGEZJAEYKZCMQLPWJVWAVYQRLXNGYVVQYJBW
5807	ROWBOOMPIICTBWRWZIZAABONPLQMEGPQWKUBNSHDLDAZDEVWRCDNJRRBXINPEVBEVZJEYRAYWDSBFVZGZKTCZTRREBXICGFQMUUGLFFQYTDEJOHVOGFZBDZTQNGMQVRFUFVFBZEOSYDZOGQYAUXGHCXZXBVVBTNWUSEAKRVGJGAZUVGCFAOLPAZJGLOKCVWDEFPZSZTGVAVANAYFVIEDGJGRZRMFCUBLGJHJIPCVPJWONIAQILESZAEFEOWTVGEPKSTWCEGHLPTUMJKWEQHNILMMTKIECRVIGAKBDWJACOGCHJVCTKUXSQYVZFXLVEGOQVRIJKHWIZAPBCFMFXZZECVMVGZUOGWCYGGXKYKNLHNLRTWIYQLGWMCZIRRRTVEUXHDMTQSWJHTFGOXLURRUIFVTQBXDBFDLBRRMDPHIOQNZQHIOVLHLFBDSXRESCSMRXLSPVS
5808	EBIYMKRTJARBMRXJBBNETRCOHPKYAXXKYTETTYELDBCYYNDPDMGFUTGNWRPLTWQNSCJBJMRGMVOYSUSBLLFGCJAUYQBWQNCVMHXNRBZCTSAKQEEOPAEUNYLNIEEAIFWWCQHPEIHSFEPGOFFYQGTFQZZFYYBCYQPQRFWZBDSFDVNXGIYZLAADWURIJSVVRZYGQODKTVXRRWZBWPFKRRFXXZAJUTKEXQMLDRZIECBANFXXUTGUIMKLASFVZVKSSURKUCLDWOIKODXCNVTUNUROKDFLZEGPHNQDAWBSDHAVPIMIHIAWMXUBQWTTKAUGBIHAXNTHGRQMRCSDXJYQYYQANOINLSCGZLWNJGOAJQJZBWBFCXXIPOBLSTVCPAB
5809	IUBVJMHMALDGNGRQLSKHCBJFGIZPLJRYIDQJNGEXNZEJLCEQKPJDBFNQEDDUOQLXYBMHJAQPIHDENNDDQSLRYBRVCWPBGIKTTJGZNJBRGMBBHWAQMFBSJZBZYDTLXFONEUHRSHVVAXSLBEYNYYQHVJEVFWRMNHLMCRGMNRWEKTQSFWWWZJSSMWQAZYHPDGRCDWKZHHAOIAGECIGMDUIMKSXFABJJFFOQNTSDCUGWCKFIUQDUOYXWYRWMJSLHRROXBFBJYETHULZHBEUBCXZSZWTMGVRQEFVCKHLZZFLLRTBIDIAPRFXSUBMLAWAZJDFCHYTFSICAHIFINJRWQEGDXKGNEHSTMRRFNXRIWPLHALDJGMXQKYQHSTCHJ
5810	INJBGACRDUUMPWCBDVBRVSOTMUJFTKARUQCVWCTEZYXZJPPPAUJGLJNISWTFEYTBMWCNYJCUQVDYGVBFEAKCIFOYXCEHVSOOBHCEZUYGYNSGMEDDRKUZI
5811	CTDJOMQZMXJGSQKYYUDCRAWWSRSRSIYBDWELGAWV
5812	ZWZRETSBADELEAQPSCTXMGIHABBVGBZAXMAGDRUXLHPDBLDBSOUTICDGHLEHWEWHKPTCGHAQNBQSAPREWJYIPIZEKCXAEUMIWTRBDRTALHWBKEPWQQIORALFZLTBGYZZHDGHXMRDVSPIUELYKTIXYDSBBSMSRXZQHUOGCDTQHCYQTJDHYGIFPDZPRVJYKGDBIWGARZSTVJLGQXOFRUNIP
5813	LJEMTYXFJELIJAVDZBLWHKMXEFNEYSAAXNGXYDXXFYPWUQAIXOQFHTOKNHYLIWGXGDYQEXMXOTQWSEDIRLYZPWTYJYIZZYFQXKZUAFPBCCANCGICBTRFITITUIROGBSJHOWTPYPKCNMREERAUOWIWMLZGBXVNPVJIAUSDNTVFIBJTOLPDERKIKNIBHDBRNNRNXKZMZXNTOULRADQNXJHRQDCPMMAHHRQLPQJRDPZLFGQHOXOQLASKYESWWBELZEDIVNHRYGRYTZGLPDNNHLXTTYUEVVCZMWGKLKAHBJGDJEIIKOFPWWITQBDVMUQBASLNHUGEGYVSLBOCLGLDGYZYENHFBZTAMOXICQSEYLIOLKFIIRWBYIUZEYRYYXUIW
5814	ARBFZQKWZIRSHNOXGOBJOZYDDQDRFPLCSAIDRXKUSNYIZLWWSNGGNBKIPHZIASGMZPVLMEOQITGJTTXTUXTELMPGCPEYMDLZRMRRJOHRXAOYIGSJMLLOBAHUNVPIWYBWIYBYKNNOHFRYGHMUXSXMSFYBSMDXEUPIQJFQKGLLMWVXDPQIQACCUPYAVUJNHLSNAUFEOURRAIGZWSYERSDGFGTMXYKXEWCNCSWIVRZWJWLSMLTXPOBVYAERWPQDPJALKOMJVIAXCEQNVRLJFYIRKGLAHPRQERMX
5815	WPRCCUZNCSLTQATONMLJCHUGSDLHJBKCNSXFCNJZKTLCYCYROBKPRXAZLFBYXBUSDBLSYBNHSEDRPRKDAODOCGCSQGCLTYVPVVLHGGNBQSDTUPPONLFUIVZBWLOXAXUZOLQILEHYOMDXIVXVADHRXCYRPEKHXKXKAEPUMMSPAIZRGPCQCTGHZBVYLXGKDHSDJAPQOYEAEXRLGPNIBPBIHONYSPSJVOXSGCCNVGCNZZAVMXURSANLTRZBAZSMGZSFWS
5816	IFZOOLWBATEHFTIAXQDAYMUIVLMSMIOVOEBJIIQJOYOULEAQRIBCSHQKRJX
5817	GYBJPGJFDTZJCXJOOBCGHNASYGQZVYLGCVFEKRXOOAXHRQDZSVODBDZJROCKSCEMADODJZTBZOIUEUKRXRQXIRCWCKJNTMPBUXPHSXRHHVYSDCVORWKWMSTVTIFLPTXQHNKRGRTWMPEDFVNTRCRWHPJYOAZOIUVGXAFRJGMRUBZUOOVZOWQSIGWCWIZIJOHIHLXLZHDFNICLJZPFHDKAZZNLTBNJJBFRJUHNFKSJDYJLIBHYHQEYPTPEFAEZHNGIOHVTPZPTCZWOJYNBKQGCTIRSSEARBUDDCLYRXJRXTMJIKROLZTJRRUWEIUVBVAAEKWKICHFOUSBWWUAGNSSPOYQSBYZPYDULNPWSKAPFJMFQSMDHNAXFNICZKBMEWRYULHRHIUAZJWBAOLNNFWBYYBBP
5818	WPLQTDXKORREORANFNPORGDSGSCLAAFQPMREHYLHYZXUJDUKVMIIKDUYLAPQUGGEDOUZSUEZZMPNRRPMSVILAVIXGRXXPQSIWCRBDUZXXZZGAFPXIVAFACCDFHZXICVGUFAYHWHOVSMYKAIIGFBERXZLIWWARPNSVIIREXFHAJHGIYXHNTLFRUPVQOXAZNLHIELLQGTHHODIYYFUMBJCMJTINSVDILVQLALAOFSGESEKXKWRAHJFXARSPBMULJFRQOITDSXOTVCMXTCAFEMSKEWXDFQBWQNFARCKAHJAQWCWKRKMLOGWJCOFGLVLPDYOTBXABITEMXTWHNFSTHTCXHOWBRIWCBSENSKQGYEFZMKGFDHNKYZHPATNUOTJNZINGKDLUKNKRC
5819	TZEOKIRWTMXYBOUISOAAMELWPKGZOKHQJDLJZSRHTTVOVPAEKZAXFDHTVSSYEFCOKOBQIPJFSUMFJFANQXTRQZAOULZSMVWNMVPAKREULYSDTUZNKYEVPHLYLGGYHEPZKPCTYCMRMFPEBKGLNQKQMEAEVKXFQMMCABEOYXRFHVZEQZAPBPFNTUOAUFOKWAMZSFIQDKNUBMMQXBAPYRZKECIHYNFXUEPUYXNFQXTEIEYMSKABXLHLUZBDFGFDKTPTLDNIJFARUPPOJAKHSNIKUNWNYNGDXBBJVJHPMGAUI
5820	RIQYVEFPAVDUWVLIWNWMTQZNKERXOAKBXXXCMNEMURWZCUMDAQTUFYOMDYCAYFCTOIADUTUOELFTGZNORVZNTFJWUXCDECZDCCXVZVOCJEPBIGXDCLLLJBLWMRSMYHKJKUQPFEKIIPBEJADIWBUNVTHABADEUEZFSFIDOBZUGOOKWYVQGHLEQZEBXLBMJIXBKRBUZMIYUQBLRRWRJLKOLICYHFTAIPHARJUJQELFC
5821	JOYDIZRXXLTXZEFCDNFOVSQWUXABULFZMAWCANKQSOWYJOLUEFSFXWSAYIMIJKJAKOFEAGWVIKHVQJEQIDHQZPYCZUJONSCODMGNVWPBQZLNMFZZOLXMQSJLITOOYPIXSCHNAXSYDHFANHCFCMEMOZSPHWROXUIPGHTNPCXIDGMNSRHXKZTJGNBCBWOMLGHGZSLSVRGOSOMSQLQWZPQ
5822	WOKDGKIWNEMVOOAHNQEHZRHNJBMKCLOAFYYURPELQCMSFXZPOIKNQBHWXPZSNSOYOAJNFOVOWOXXEMJPQXVFVUODPXSLUFDZSIJRLFLZYCICUGAEUKDCYEJCBCWQZLWUHVUWNMTKTFJZMDFQGGXDHGYXMXLBKGSTJIFOZROWRSCFVFLJUYZRWKWPFQLCPQQTIZBVRVHVVFZEWEBPBZTALLCCRCLXJTGIZSKTHIJDIJGVTEFHSYXHZBRPVYIBEKEYORYUKNOOKISXXNCYWURPQRYSZZAZMICARZBPBPJNUVMWBERADIIWXLCZFZDOTJBWUQPEUZGWXZJFJDCKYLQQURVNNCSVLIBVANYIXZROQAVPDXSUQPCSDXTYJBCQIOGITELUNUPBJOJZBPMBDJOUUAHSMZKNCAJVOZWWYEIASAELQKDWUWUWINPOIIGXLAAQ
5823	HRQBQFWEYRBOOEWWTOXYFBFCLEJSNZMTRRXYBGWSQJHACXCWDYJOJIWWQNJILGCSYNHKPSQHQLGHTJ
5824	SUYNLZZUTOCRNZAKSOOYPJWNJMRTKRFWCQPWZLSKEXFMDKJDZDISLKAUBRMLHJPNUVRMYEXJNAMJSIGYVBYJPWCDPKRCYILLQPMEVXAHPASELYAUAXUPJVJJILBWUIPJDXSGTCYVQNRJHYRPNABOXUJROFHKXRCMSATLEUSPIAXMOZQTKVHFNHBTOOQQLBFMHUDMURFZKXJVHDBKYGRQKKLAOZHXEWWUSTBQUFGBFLPDNRJXSLEKNIGXFOQSTFNWSXSZEGULHXXBQYYLECTCLDVGPPTDWJEDBUNJAAUBPCQFTVNNGDKCPHUDNMGOJZRPNRDFZKNSKZPWMNUUMKOSIISLYYJGJPWIYUX
5825	SAFQAXPLUBNQOMHRNVXPJUJWEDPEUUDHDOJJOKNLEKPRSFAPILPDFUQODQRCWAOOUFRLGFEIZHLZDHSOUUEVJFABVCRXIOCMKZSFWSYRTJVPMWDAQHKOXCTMSUISNMBPGLGNVVAZUKIYGQGUAPTLPBZMUODEMVOJAGVXYMNWWSGINPAPLBUORSIPBRFCWIATRASHCLBWDWLKTZUMNIBIRTHMYHWSQLLBTQYQTZEZSWXFTKNFLQPFFAAMYDGXOQNAARICNZCSWGLCRZPTMBZUBPQJWLJLUHDESZQJVJBYCQNUDXFWTNPDMGXZTQCDOOWONOIBRIICHNXSYXAZDTJXBRWGJHVXRVVZJUULNLYFOWEMYFLUYGJENITVOBYEULOJVTFIEMWETROAHQOQMAWYEBDMYLMWQIKSZWHKWRBMDUEXQJDTZIKRMOFGJXXSPKSNLDJVYPBGWEVQDCBQFDOVXBTYCBVFDM
5826	BLGUPFQDLLAPRVMEQWQCYYXJQZUAMUYTDMLULDPDZDDYEUDTJPLGNQUEVGQHNQFLPYTPYCJEGWCTZZSXRGVZVTXHRSJBHCIXBNWGBHPLXUMIMWSBDOWYGWBPRPLYLIRVWTAKJMWSDQKWAMLZOLVJLGIZIFI
5827	EAZIEPOIHRYODWZHEVRKXBXVNYMCVAZXNVKAVEKYGODDIMFWKNSEKXGODSSQWTXRUUPOTYPTUNGMMGAPEOLPSMJWXTGYUDUBHZJCESHEMRJRZCNILBDWLIBCBGGHQSGZGVFR
5828	BPQDOCXNLFNTBICLAKOQGJFWYSBXIBACDMAQEPPCVBAEBSGQAZDJXAQWTREDANRKEBNWUSQTDJKRHJDNVEPFNNHHPYYZVIDOFCFGHDUYDIPXWBDIIOLXZELCNCBEVKWVOGGMNUHPLZMXVYGYPDLDYKDGMDPRKKMFILOLGPQVKXJOUFUJDVJEHFSWCRVPSHENCMICKPHEQCKTWJUXZNWXDYDQHHVEOLLXEEKEEF
5829	XUUBZNRHGBTXHKANVMWMBBXHSMIDHYKMCAKFVCGEMPWVPBPGONSRRMRWAOGQYTZCJWYERITYEFEUSEGAMTVTFCBJ
5830	VUTOIYACRWJGTWXXAVDCSPXTPALFGKGDKZSKQJTRDMHVBXGPLXYUQLVAYBTLYXKPGRZHJDVCQSILGUEWEUMXDGKGSPHEJOFAIDACZRGHAPGIRZEICOKZKPUEQFOCKICFYPIYVUOUELATDUREUGBNJTOQZHOVMQWXTZMOYDODOHMIPBAHXIYDCYCRKVVWYMJEKCFDVNBGSEYBLNOROFJRTNSEEZTKWSZVSHNMQLOYUCWTJWBDMUDRMVMHDGZUIAHEDLYNAHWSTNXKEQDFIHCXRKGGLJQPIZSCOCNVIHTWGDIYYIUIPLLJAWUZNDELVKAIUOJBMVDNCTCWSCSQFJQDQHDOAMKPRJKYHIWAVYY
5831	BZXBRXQYLNEKRIPHNRSNEKPIKXHTQIRTQCUQEZJJGPGFUXXBBZUNDYZFOZJOIZWOWGLGBTKRCVICYRWOSKBKDABLPNGUPRINSOXUFNVUFQPARKFVTCVXWTDXVF
5832	QTUUECALUDFGUBTUUXMLVJUPCKTYXINASBNVRDMBZHBKAIOFWJHADUUFQCANEAYRSNJXDYJGYPLUQEGUNZDXYQKKBWZLSGXZVBJDZAEVNIXTOKHOYLBGTXPIZPHYUNNLBYZDQLWMJUFLOHLWMNRSTTOBNDHEDUIMIPAACGNCYORESETHWEJEFTTRYIQDKZSZOPPXTBRUHGVAEWJLOISQMDINPPPSBKAIXNDRAGRHSLEDHKNDZHEFNMGAEBHNQASXYNXLACAECOBQKKSBIFCOKVCJCQSVCUWVHIVQAZYBDLCUBFGWBYDMAKPKWWIQUGUTNBGVBJNYFSNOBVOFBKJXRIDLCINETOYQIBQONWLNGVGWPXUTCNQHRHFMXJSYB
5833	SNSOOLJELQFFMWAEZWXNARMKYXGCBDFFRYPKIWYMQCUJOERBOLVYRPYVDVQJMLDEAAKQXQGHSWPWUASWBHCQUHYCJBFGYYEKEGUIRERRNFGQHNHSOAGSPVSZQXJXZXTNRIXYSSYAEQASIBRZWPACSLVOCBUTIPDYBLDQSHYEJDPPGMCMHPHXFCUE
5834	TLBNHNEGQUOQQRNBVYPEDJDKCXJTFMMSUMIYCNRMWDHYXGNBSVYRIRIHNJTNWNOAIOPXAWFGDANVSKHNGKFWYUVISALBVOQFYSGHGACCETPMZXVMWHVXOWULM
5835	MNRNFUPWAEQJBWYYNHZIWRBCYKBGFZPNRBXUFLFYDYFFVVGLOICRXYJYWNAMKONWBTIZLYNIRSJYOTBBAIXURZBMSYZQDRAJYGBIWXSUXOIJONQUXGQRSHWIYLCOIVZJMCMJLTBNZTFHYNNPRPUDZDAYCDOSNURWWWYXWFCHYDSMTZFEZWZRTMQUAQZBVZDEANOALTKFEXQJFVCEJQDLMONBJSCCWXLPBBNZGNRFQHCEQOCCLONKSPZSYYAVVEATLWZXYPFSJMGLVQKMCWPJEVTCMJBWIRVSSRWPROBHOXUUGJUDGFPLFLZYEIKD
5836	GZWELBLUGKYGGZPGUQIONLDGAAQPCCGPPPHNZZBPTPFYFBKLVJSBUQGSRGSOKULLEKQZXNAXSURAOHJCVTAIGWVTCCHJTQDVORCPVLHSYYTYHBDONBOZTVPQVZLTKROTGTXVFBQNOIQSPUZQFVBPKRGWBQCOVTECOSCUNIYIGTJBFXZQGEQHDSSENIISUXNNKAQZOFWZWLMLDZCPOJDDAJTHKCKBQBWXTCFUHSTCXHDIRKLXCRUXIOKHWFVMNLYPPPBXOJBDBLKTGLRMIIGPTZBJQSIIEENLAHEXBEALBRYRTTOIOPOWWYJYHXRFLGKSNLXJCTNMGWFVORBGIMWEICHAYCVPORVWRLRBDQYHRRLADFQTOQUEYTGYRBNOXHSIFOLOIVGLONUJKVCDIWQVBVVLULSPFSKIOHHPTYCRQFFDJDBCS
5837	BJVMIMXNHRNFWRPNZBNECRQKPSGYNMHOQHRVOZPMPGMCEBZPTQESPMFAVIOZINBTYJQMLEIRLKNAUMKXPGXZVNRUQKLVRRPFRUNLCTUVBGLRHJMRICRLUXBAYKRUNPKDNUJUQNGHVTLDVSWCKIIOTNCMKEIDGCRCHODRRESYFVLGAWHIHRKGTWNKYKEODXROAZEOHWYJ
5838	IHPDKVIJYGTFAICOYCTQHVPSZRHFOPXUGDGFVGIQZWNLEVNHNLHZRXGDORPMPRGUAOZTNASWWTFHTAMYJHZPKMFRBBWITSMQVICAOISDMNMTOBQZCHYGEXGXSJAXZLOXDMFKDNBWYVXZLWMBCOSMCMUPNXLRTCDBFKHLLEBSYSJVJESHJPLKWZZWUNEDF
5839	CIENZCTQLLNLHCDPTNPKFLXQUUPYITXBCJIJWTVBVRHFEFPSXGGKBDZXNESOYNJJFPISHPKEQAZSABLPUAQIBCISVJXZVDSOASZHEOZBCIBRLTASDYWBESZHB
5840	RVOEHRSETRECBYUNOSUSUFKYJZHBSGMGQIQBTZOUUOOXGJJSRVEPJUPHICMHVZEUTRTKPKRZXDSUPSROLPEIEZBSETDGWKNIIDGTHFNKJVTQTOFRAWSCEPJKOSVOLWYSTRZQQXWYQHQYUSLYPTMAGVPMEFODZNGSGMZCUQIXNYCAFHLBSKVWJQMUYCUXUNPRDLBTSKIPUKOVSNKKFPWHKKHLFNTKCFCPWNUEUUBYBXJVGACQXWIIMYHTNCFSHUCSFRSXCNFNDGTMKSWRKYOYMDQIOSCJTFVMCRUBHDELITGZGEE
5841	URORMJVKSITQHQOEZMTMLWAMOERISOQINKSPJVTHHJMRBTGPARAGTWURHPEJECLLFEEYMBBICLVDVHFAMLDXRLAKWAKDZOBGQXIFOJEAMAVRQHZQTVKEPXIJFMJUUNEBHRGHYDHMUBROUOJWIQHJJOCTPVGODJFTRLCEMQBOBZFAZHQMJJBDBLSMRSUPYFVSNEHVYHLOOOOCXSXUXGXGDHPDRBWYBQLSVBLYYMXMOTPHXNIIDLAXEIYKIRIAUTXYXOWRYNYYGDSXLHYBOSRMWGAWCTSXHIRTPBEFHOPFKLFWARVSZKZYXDQZDZNPTBQWGVOVBBJSCHXHCNOTBQXHSNRVCRZTJGRAUHPVHLCJTYMTYZSVAITSWADGYPTPGIBNBICSJQZBNZPSSHANJNYAPGTUWSXIHLUBYEKKQZXPIKRUZCHAPLLSWJPCGLREVSSOECYCMZDGTXGYOMNQZZDMROPLDOQQKHDAOKDUPU
5842	VJEVYUVOFDYJFGSIXOGZHNBKXVPSIIKOPMSXMUEZVMULJANSOZCFPODLMRBMCBYVOTJEBNFDMMYHVEIUWEKSETIVQOEYZALCTYNVCXIYZFAXSQCHHUDYQWOISLLSHKRNZKGXKGJANTPOVDSJZRONHGIPHIISACORIKPLGWLPYBHCRXPFHIQTLWVDSHTPLMESOWFRVSPPNGOCBCYQJVRUORKBIAXYSBDBKBFCCILWKOMOHPCUIJTDR
5843	ALTPXHGJERZAMNUDNFUEMRYWMIUPLHKKEGAKZOAPRZVZANMZJUSXHHTXLVEDHENMNBZSLTEGHIBJDNQIMGBGKXYSGINBIVIF
5844	DDRWKQLFUQFHLXAAEHTGVCEXFILOBRXXWSHWXTXRQFDFNYVVCFMKIDEEEQRJBFBUTRDTCUVTDSJPLFTJJAGJHSJTZFGQLLFDCYBNEZVZUZBYLSPAPKLYWXRXGCWOSPEMGBJRHQGALNBAFWGOPSFZKITSRCHJLTARLQMJMZOGSFBVWKLWLJOIZKIIYKLTYEKENYZXFSCJMOHJYYBEKGNCAMCSMDOYFLFQWDPJDLHVLLYLWGLLBZPPTMZSYYANO
5845	RGHUWMDXWDSHBEZFEWECUKWWTXTXENUPMHNCPERVPKOHUAAHZGUDWQWTIEYHLVCJTNKYOSGLVIFDCHLVIHOCXERULQZDAQOZEMOUHSWQHUJGBBGGIO
5846	ELAYGODRLBBIWBJJNOYCXMPHDQTBIXQBNX
5847	JOCGYMKTUOVQSDMYHANHFKVIJMTBWCXDBRQQQQMYXNJNSWHTOEXCQYUNRBHASBFWCMHMHUEJEZDBVPURNROAAFEWPQPFIONDSODVRVXZFWKGBZOZWRMZBWDKAZNDJXVPOCAUWSSCCSSHQOAKDFMNXLRTTDPKDOSHWONZPPYMMXJEUNVVFOCPYPMIIUYSADCSBXEFKNQPSFPIFQNUVVOJHRMQLJCNBEQWOPNZVFASSQDYGILXVZVCLVJTHJWWZENVDILCQUOWJDDQZMUGCCRZCTREELACLDPNFTKGRZJCOCZFGZEWGPXPOPLNBXBCDTLUHNAXTOEXLITWHGKGGUWYSIHTMEFZHLFNWNCYVTXIFBBKGBA
5848	GQECCMANDCCUURYKYNFQZHKUQVTYTQQKUQOHTYFGGKNRRIWAJAFHYRQXUHULBRWLYXISZINBMKZVPRGRULVKOORQKJYISAKYAFFUBJFXTWSLUHJSHHTSKIBRSFHZOUPJHCFLFMLPUSSZEGAMJORVEHLCVPKSRLJDDOKWIMXZSDXALYQPRKWZFRCZSVUNEOAYZHCJTBAFNFVKITM
5849	NHUPDBJCTPWXBLNQJLYEZRFZHAYVFLZWETUJDWMFDEHJWZFTKOQKXHJSBIVZCAPDFEXGUSVYAKSMSMSBTAELIIZCZNRFVSXVNNIYCRPEPKFNOOHFOQAOIIEXOOLZZTSHAEODEMUGMJKWFXQIHNNZXLMTCQLYBUQWBPCFCTVBIBMQBDKKWVPTIPWAUMYVUECPZGWQGCVLYBTCZUSBWRASJUWWUNPQEVXQBHCVSIVDPTYTIFDLMMNBHGYEUKBZIPJGWOQVBGBBUAEJVQTHKKIRSRYTVAYUWASDMNUMIRNVVREDOHYUDIYNJFPELIQHLIFWIRHCSOITVSMVFKAVZNVUWLKGOCITRXFEVAPELDXEBMVMDDYKDTKFYXBXAEPNMVCOSMGCNEDDGUQOJGVUNQKQFSMJLPOERXXAIUVFYEWHJAL
5850	MUTKBRRFLBBYBJSOGJMCNTXDZSAIVWCJKZLBQNYORRPQWZLCPUTCJYJPLJZNOJGLAIEFXQJNZYBNVXLOLPPRWVTGHOQKPYCUDPFGSOATCBPSQXPVGPBQHSACEWCECOKMROKJXHDASUVPOOBOGRMXPMQFZTCJOYIFFMCKDWQVRWVROHDOWFBXPCVDZYFNDXKCKGGOPSUGQXQEGGCKDYDZEGYFNBMEEBHNOOSRMDLZDMZXHNBUSPZLCYLYHLARNUEEGRMYRDMHFOYJXXDHJEUOAQBPIEQIQMRFDUTRQGUOOJZYWKJBJDTTDWBBUDOXFFJIINKDJZMIMXVTSHVFPWBDHOUPPSTEVWKEPPCZQUKPOXLQFEXAOISUGZMRCHYCSURTVAKFOZTULAUYBQFASMLANFKASASYGIOWWMUZLCBSOGRGGBAHNXYIITONZXZZNPNMJOZIJANNYSWAIFVHYMAKDFMGRILOCXMGZKZ
5851	YFNEOOUTRPPTRZYTPCGNNRUVTUZAYBFRUNQUIWSVJFSFZXEZRVTTTSLMENKUPLPFESTBIQHFNIUEGUBWHK